<?xml version="1.0" encoding="UTF-8"?>
<testsuites name="Сверка дашбордов из разных блоков" time="3000.919" tests="5" failures="4" errors="0">
   <testsuite name="Сверка дашбордов из разных блоков" tests="5" failures="4" errors="0" time="3000.919" skipped="0" timestamp="15-01-2025T09:19:52" hostname="liazgina-di - UVV-WS904-D.ot.ru" id="Test Suites/Пн-Ср-Пт/Сверка дашбордов из разных блоков">
      <properties>
         <property name="deviceName" value=""/>
         <property name="devicePlatform"/>
         <property name="logFolder" value="C:\\Users\\LIAZGINA-DI\\git\\SPORU\\Reports\\20250115_091948\\\u041F\u043D-\u0421\u0440-\u041F\u0442\\\u0421\u0432\u0435\u0440\u043A\u0430 \u0434\u0430\u0448\u0431\u043E\u0440\u0434\u043E\u0432 \u0438\u0437 \u0440\u0430\u0437\u043D\u044B\u0445 \u0431\u043B\u043E\u043A\u043E\u0432\\20250115_091948"/>
         <property name="logFiles" value="C:\\Users\\LIAZGINA-DI\\git\\SPORU\\Reports\\20250115_091948\\\u041F\u043D-\u0421\u0440-\u041F\u0442\\\u0421\u0432\u0435\u0440\u043A\u0430 \u0434\u0430\u0448\u0431\u043E\u0440\u0434\u043E\u0432 \u0438\u0437 \u0440\u0430\u0437\u043D\u044B\u0445 \u0431\u043B\u043E\u043A\u043E\u0432\\20250115_091948\\execution0.log"/>
         <property name="attachments" value="C:\\Users\\LIAZGINA-DI\\git\\SPORU\\Reports\\20250115_091948\\\u041F\u043D-\u0421\u0440-\u041F\u0442\\\u0421\u0432\u0435\u0440\u043A\u0430 \u0434\u0430\u0448\u0431\u043E\u0440\u0434\u043E\u0432 \u0438\u0437 \u0440\u0430\u0437\u043D\u044B\u0445 \u0431\u043B\u043E\u043A\u043E\u0432\\20250115_091948\\1736922625460.png, C:\\Users\\LIAZGINA-DI\\git\\SPORU\\Reports\\20250115_091948\\\u041F\u043D-\u0421\u0440-\u041F\u0442\\\u0421\u0432\u0435\u0440\u043A\u0430 \u0434\u0430\u0448\u0431\u043E\u0440\u0434\u043E\u0432 \u0438\u0437 \u0440\u0430\u0437\u043D\u044B\u0445 \u0431\u043B\u043E\u043A\u043E\u0432\\20250115_091948\\1736922658376.png, C:\\Users\\LIAZGINA-DI\\git\\SPORU\\Reports\\20250115_091948\\\u041F\u043D-\u0421\u0440-\u041F\u0442\\\u0421\u0432\u0435\u0440\u043A\u0430 \u0434\u0430\u0448\u0431\u043E\u0440\u0434\u043E\u0432 \u0438\u0437 \u0440\u0430\u0437\u043D\u044B\u0445 \u0431\u043B\u043E\u043A\u043E\u0432\\20250115_091948\\1736922689659.png, C:\\Users\\LIAZGINA-DI\\git\\SPORU\\Reports\\20250115_091948\\\u041F\u043D-\u0421\u0440-\u041F\u0442\\\u0421\u0432\u0435\u0440\u043A\u0430 \u0434\u0430\u0448\u0431\u043E\u0440\u0434\u043E\u0432 \u0438\u0437 \u0440\u0430\u0437\u043D\u044B\u0445 \u0431\u043B\u043E\u043A\u043E\u0432\\20250115_091948\\1736922819096.png, C:\\Users\\LIAZGINA-DI\\git\\SPORU\\Reports\\20250115_091948\\\u041F\u043D-\u0421\u0440-\u041F\u0442\\\u0421\u0432\u0435\u0440\u043A\u0430 \u0434\u0430\u0448\u0431\u043E\u0440\u0434\u043E\u0432 \u0438\u0437 \u0440\u0430\u0437\u043D\u044B\u0445 \u0431\u043B\u043E\u043A\u043E\u0432\\20250115_091948\\1736922852196.png, C:\\Users\\LIAZGINA-DI\\git\\SPORU\\Reports\\20250115_091948\\\u041F\u043D-\u0421\u0440-\u041F\u0442\\\u0421\u0432\u0435\u0440\u043A\u0430 \u0434\u0430\u0448\u0431\u043E\u0440\u0434\u043E\u0432 \u0438\u0437 \u0440\u0430\u0437\u043D\u044B\u0445 \u0431\u043B\u043E\u043A\u043E\u0432\\20250115_091948\\1736922883484.png, C:\\Users\\LIAZGINA-DI\\git\\SPORU\\Reports\\20250115_091948\\\u041F\u043D-\u0421\u0440-\u041F\u0442\\\u0421\u0432\u0435\u0440\u043A\u0430 \u0434\u0430\u0448\u0431\u043E\u0440\u0434\u043E\u0432 \u0438\u0437 \u0440\u0430\u0437\u043D\u044B\u0445 \u0431\u043B\u043E\u043A\u043E\u0432\\20250115_091948\\1736922914706.png, C:\\Users\\LIAZGINA-DI\\git\\SPORU\\Reports\\20250115_091948\\\u041F\u043D-\u0421\u0440-\u041F\u0442\\\u0421\u0432\u0435\u0440\u043A\u0430 \u0434\u0430\u0448\u0431\u043E\u0440\u0434\u043E\u0432 \u0438\u0437 \u0440\u0430\u0437\u043D\u044B\u0445 \u0431\u043B\u043E\u043A\u043E\u0432\\20250115_091948\\1736922976009.png, C:\\Users\\LIAZGINA-DI\\git\\SPORU\\Reports\\20250115_091948\\\u041F\u043D-\u0421\u0440-\u041F\u0442\\\u0421\u0432\u0435\u0440\u043A\u0430 \u0434\u0430\u0448\u0431\u043E\u0440\u0434\u043E\u0432 \u0438\u0437 \u0440\u0430\u0437\u043D\u044B\u0445 \u0431\u043B\u043E\u043A\u043E\u0432\\20250115_091948\\1736923007141.png, C:\\Users\\LIAZGINA-DI\\git\\SPORU\\Reports\\20250115_091948\\\u041F\u043D-\u0421\u0440-\u041F\u0442\\\u0421\u0432\u0435\u0440\u043A\u0430 \u0434\u0430\u0448\u0431\u043E\u0440\u0434\u043E\u0432 \u0438\u0437 \u0440\u0430\u0437\u043D\u044B\u0445 \u0431\u043B\u043E\u043A\u043E\u0432\\20250115_091948\\1736923038228.png, C:\\Users\\LIAZGINA-DI\\git\\SPORU\\Reports\\20250115_091948\\\u041F\u043D-\u0421\u0440-\u041F\u0442\\\u0421\u0432\u0435\u0440\u043A\u0430 \u0434\u0430\u0448\u0431\u043E\u0440\u0434\u043E\u0432 \u0438\u0437 \u0440\u0430\u0437\u043D\u044B\u0445 \u0431\u043B\u043E\u043A\u043E\u0432\\20250115_091948\\1736923069535.png, C:\\Users\\LIAZGINA-DI\\git\\SPORU\\Reports\\20250115_091948\\\u041F\u043D-\u0421\u0440-\u041F\u0442\\\u0421\u0432\u0435\u0440\u043A\u0430 \u0434\u0430\u0448\u0431\u043E\u0440\u0434\u043E\u0432 \u0438\u0437 \u0440\u0430\u0437\u043D\u044B\u0445 \u0431\u043B\u043E\u043A\u043E\u0432\\20250115_091948\\1736923100630.png, C:\\Users\\LIAZGINA-DI\\git\\SPORU\\Reports\\20250115_091948\\\u041F\u043D-\u0421\u0440-\u041F\u0442\\\u0421\u0432\u0435\u0440\u043A\u0430 \u0434\u0430\u0448\u0431\u043E\u0440\u0434\u043E\u0432 \u0438\u0437 \u0440\u0430\u0437\u043D\u044B\u0445 \u0431\u043B\u043E\u043A\u043E\u0432\\20250115_091948\\1736923131847.png, C:\\Users\\LIAZGINA-DI\\git\\SPORU\\Reports\\20250115_091948\\\u041F\u043D-\u0421\u0440-\u041F\u0442\\\u0421\u0432\u0435\u0440\u043A\u0430 \u0434\u0430\u0448\u0431\u043E\u0440\u0434\u043E\u0432 \u0438\u0437 \u0440\u0430\u0437\u043D\u044B\u0445 \u0431\u043B\u043E\u043A\u043E\u0432\\20250115_091948\\1736923163009.png, C:\\Users\\LIAZGINA-DI\\git\\SPORU\\Reports\\20250115_091948\\\u041F\u043D-\u0421\u0440-\u041F\u0442\\\u0421\u0432\u0435\u0440\u043A\u0430 \u0434\u0430\u0448\u0431\u043E\u0440\u0434\u043E\u0432 \u0438\u0437 \u0440\u0430\u0437\u043D\u044B\u0445 \u0431\u043B\u043E\u043A\u043E\u0432\\20250115_091948\\1736923194203.png, C:\\Users\\LIAZGINA-DI\\git\\SPORU\\Reports\\20250115_091948\\\u041F\u043D-\u0421\u0440-\u041F\u0442\\\u0421\u0432\u0435\u0440\u043A\u0430 \u0434\u0430\u0448\u0431\u043E\u0440\u0434\u043E\u0432 \u0438\u0437 \u0440\u0430\u0437\u043D\u044B\u0445 \u0431\u043B\u043E\u043A\u043E\u0432\\20250115_091948\\1736923225533.png, C:\\Users\\LIAZGINA-DI\\git\\SPORU\\Reports\\20250115_091948\\\u041F\u043D-\u0421\u0440-\u041F\u0442\\\u0421\u0432\u0435\u0440\u043A\u0430 \u0434\u0430\u0448\u0431\u043E\u0440\u0434\u043E\u0432 \u0438\u0437 \u0440\u0430\u0437\u043D\u044B\u0445 \u0431\u043B\u043E\u043A\u043E\u0432\\20250115_091948\\1736923256670.png, C:\\Users\\LIAZGINA-DI\\git\\SPORU\\Reports\\20250115_091948\\\u041F\u043D-\u0421\u0440-\u041F\u0442\\\u0421\u0432\u0435\u0440\u043A\u0430 \u0434\u0430\u0448\u0431\u043E\u0440\u0434\u043E\u0432 \u0438\u0437 \u0440\u0430\u0437\u043D\u044B\u0445 \u0431\u043B\u043E\u043A\u043E\u0432\\20250115_091948\\1736923287973.png, C:\\Users\\LIAZGINA-DI\\git\\SPORU\\Reports\\20250115_091948\\\u041F\u043D-\u0421\u0440-\u041F\u0442\\\u0421\u0432\u0435\u0440\u043A\u0430 \u0434\u0430\u0448\u0431\u043E\u0440\u0434\u043E\u0432 \u0438\u0437 \u0440\u0430\u0437\u043D\u044B\u0445 \u0431\u043B\u043E\u043A\u043E\u0432\\20250115_091948\\1736923319062.png, C:\\Users\\LIAZGINA-DI\\git\\SPORU\\Reports\\20250115_091948\\\u041F\u043D-\u0421\u0440-\u041F\u0442\\\u0421\u0432\u0435\u0440\u043A\u0430 \u0434\u0430\u0448\u0431\u043E\u0440\u0434\u043E\u0432 \u0438\u0437 \u0440\u0430\u0437\u043D\u044B\u0445 \u0431\u043B\u043E\u043A\u043E\u0432\\20250115_091948\\1736923350154.png, C:\\Users\\LIAZGINA-DI\\git\\SPORU\\Reports\\20250115_091948\\\u041F\u043D-\u0421\u0440-\u041F\u0442\\\u0421\u0432\u0435\u0440\u043A\u0430 \u0434\u0430\u0448\u0431\u043E\u0440\u0434\u043E\u0432 \u0438\u0437 \u0440\u0430\u0437\u043D\u044B\u0445 \u0431\u043B\u043E\u043A\u043E\u0432\\20250115_091948\\1736923381264.png, C:\\Users\\LIAZGINA-DI\\git\\SPORU\\Reports\\20250115_091948\\\u041F\u043D-\u0421\u0440-\u041F\u0442\\\u0421\u0432\u0435\u0440\u043A\u0430 \u0434\u0430\u0448\u0431\u043E\u0440\u0434\u043E\u0432 \u0438\u0437 \u0440\u0430\u0437\u043D\u044B\u0445 \u0431\u043B\u043E\u043A\u043E\u0432\\20250115_091948\\1736923412402.png, C:\\Users\\LIAZGINA-DI\\git\\SPORU\\Reports\\20250115_091948\\\u041F\u043D-\u0421\u0440-\u041F\u0442\\\u0421\u0432\u0435\u0440\u043A\u0430 \u0434\u0430\u0448\u0431\u043E\u0440\u0434\u043E\u0432 \u0438\u0437 \u0440\u0430\u0437\u043D\u044B\u0445 \u0431\u043B\u043E\u043A\u043E\u0432\\20250115_091948\\1736923443559.png, C:\\Users\\LIAZGINA-DI\\git\\SPORU\\Reports\\20250115_091948\\\u041F\u043D-\u0421\u0440-\u041F\u0442\\\u0421\u0432\u0435\u0440\u043A\u0430 \u0434\u0430\u0448\u0431\u043E\u0440\u0434\u043E\u0432 \u0438\u0437 \u0440\u0430\u0437\u043D\u044B\u0445 \u0431\u043B\u043E\u043A\u043E\u0432\\20250115_091948\\1736923474855.png, C:\\Users\\LIAZGINA-DI\\git\\SPORU\\Reports\\20250115_091948\\\u041F\u043D-\u0421\u0440-\u041F\u0442\\\u0421\u0432\u0435\u0440\u043A\u0430 \u0434\u0430\u0448\u0431\u043E\u0440\u0434\u043E\u0432 \u0438\u0437 \u0440\u0430\u0437\u043D\u044B\u0445 \u0431\u043B\u043E\u043A\u043E\u0432\\20250115_091948\\1736923506157.png, C:\\Users\\LIAZGINA-DI\\git\\SPORU\\Reports\\20250115_091948\\\u041F\u043D-\u0421\u0440-\u041F\u0442\\\u0421\u0432\u0435\u0440\u043A\u0430 \u0434\u0430\u0448\u0431\u043E\u0440\u0434\u043E\u0432 \u0438\u0437 \u0440\u0430\u0437\u043D\u044B\u0445 \u0431\u043B\u043E\u043A\u043E\u0432\\20250115_091948\\1736923537350.png, C:\\Users\\LIAZGINA-DI\\git\\SPORU\\Reports\\20250115_091948\\\u041F\u043D-\u0421\u0440-\u041F\u0442\\\u0421\u0432\u0435\u0440\u043A\u0430 \u0434\u0430\u0448\u0431\u043E\u0440\u0434\u043E\u0432 \u0438\u0437 \u0440\u0430\u0437\u043D\u044B\u0445 \u0431\u043B\u043E\u043A\u043E\u0432\\20250115_091948\\1736923568555.png, C:\\Users\\LIAZGINA-DI\\git\\SPORU\\Reports\\20250115_091948\\\u041F\u043D-\u0421\u0440-\u041F\u0442\\\u0421\u0432\u0435\u0440\u043A\u0430 \u0434\u0430\u0448\u0431\u043E\u0440\u0434\u043E\u0432 \u0438\u0437 \u0440\u0430\u0437\u043D\u044B\u0445 \u0431\u043B\u043E\u043A\u043E\u0432\\20250115_091948\\1736923629717.png"/>
         <property name="hostName" value="liazgina-di - UVV-WS904-D.ot.ru"/>
         <property name="os" value="Windows 10 64bit"/>
         <property name="katalonVersion" value="9.5.0.217"/>
         <property name="browser" value="Chrome 131.0.0.0"/>
         <property name="hostAddress" value="192.168.0.19"/>
         <property name="sessionId" value="a33769f168390fea211837867e40b426"/>
         <property name="seleniumVersion" value="3.141.59"/>
         <property name="proxyInformation" value="ProxyInformation { proxyOption=NO_PROXY, proxyServerType=HTTP, username=, password=********, proxyServerAddress=, proxyServerPort=0, executionList=&quot;&quot;, isApplyToDesiredCapabilities=true }"/>
         <property name="platform" value="Windows 10"/>
      </properties>
      <testcase name="Test Cases/Сверки дашбордов/Выполнение бизнес-плана сверка дашбордов" time="696.856" classname="Test Cases/Сверки дашбордов/Выполнение бизнес-плана сверка дашбордов" status="FAILED">
         <failure type="FAILED" message="Test Cases/Сверки дашбордов/Выполнение бизнес-плана сверка дашбордов FAILED.&#xa;Reason:&#xa;com.kms.katalon.core.exception.StepFailedException: Unable to get text of object 'Object Repository/Выполнение бизнес-плана/Просьба обратить внимание' (Root cause: com.kms.katalon.core.exception.StepFailedException: Unable to get text of object 'Object Repository/Выполнение бизнес-плана/Просьба обратить внимание'&#xa;	at com.kms.katalon.core.webui.keyword.internal.WebUIKeywordMain.stepFailed(WebUIKeywordMain.groovy:64)&#xa;	at com.kms.katalon.core.webui.keyword.internal.WebUIKeywordMain.runKeyword(WebUIKeywordMain.groovy:26)&#xa;	at com.kms.katalon.core.webui.keyword.builtin.GetTextKeyword.getText(GetTextKeyword.groovy:88)&#xa;	at com.kms.katalon.core.webui.keyword.builtin.GetTextKeyword.execute(GetTextKeyword.groovy:67)&#xa;	at com.kms.katalon.core.keyword.internal.KeywordExecutor.executeKeywordForPlatform(KeywordExecutor.groovy:74)&#xa;	at com.kms.katalon.core.webui.keyword.WebUiBuiltInKeywords.getText(WebUiBuiltInKeywords.groovy:957)&#xa;	at Выполнение бизнес-плана сверка дашбордов.ZakrytOpoveshenie(Выполнение бизнес-плана сверка дашбордов:1802)&#xa;	at Выполнение бизнес-плана сверка дашбордов.Presettings(Выполнение бизнес-плана сверка дашбордов:1784)&#xa;	at Выполнение бизнес-плана сверка дашбордов.run(Выполнение бизнес-плана сверка дашбордов:359)&#xa;	at com.kms.katalon.core.main.ScriptEngine.run(ScriptEngine.java:194)&#xa;	at com.kms.katalon.core.main.ScriptEngine.runScriptAsRawText(ScriptEngine.java:119)&#xa;	at com.kms.katalon.core.main.TestCaseExecutor.runScript(TestCaseExecutor.java:448)&#xa;	at com.kms.katalon.core.main.TestCaseExecutor.doExecute(TestCaseExecutor.java:439)&#xa;	at com.kms.katalon.core.main.TestCaseExecutor.processExecutionPhase(TestCaseExecutor.java:418)&#xa;	at com.kms.katalon.core.main.TestCaseExecutor.accessMainPhase(TestCaseExecutor.java:410)&#xa;	at com.kms.katalon.core.main.TestCaseExecutor.execute(TestCaseExecutor.java:285)&#xa;	at com.kms.katalon.core.common.CommonExecutor.accessTestCaseMainPhase(CommonExecutor.java:65)&#xa;	at com.kms.katalon.core.main.TestSuiteExecutor.accessTestSuiteMainPhase(TestSuiteExecutor.java:150)&#xa;	at com.kms.katalon.core.main.TestSuiteExecutor.execute(TestSuiteExecutor.java:106)&#xa;	at com.kms.katalon.core.main.TestCaseMain.startTestSuite(TestCaseMain.java:180)&#xa;	at TempTestSuite1736921988279.run(TempTestSuite1736921988279.groovy:35)&#xa;	at java.base/jdk.internal.reflect.NativeMethodAccessorImpl.invoke0(Native Method)&#xa;	at java.base/jdk.internal.reflect.NativeMethodAccessorImpl.invoke(NativeMethodAccessorImpl.java:77)&#xa;	at java.base/jdk.internal.reflect.DelegatingMethodAccessorImpl.invoke(DelegatingMethodAccessorImpl.java:43)&#xa;Caused by: com.kms.katalon.core.webui.exception.WebElementNotFoundException: Web element with id: 'Object Repository/Выполнение бизнес-плана/Просьба обратить внимание' located by '//*/text()[normalize-space(.)='Просьба обратить внимание']/parent::*' not found&#xa;	at com.kms.katalon.core.webui.common.WebUiCommonHelper.findWebElement(WebUiCommonHelper.java:1426)&#xa;	at com.kms.katalon.core.webui.keyword.internal.WebUIAbstractKeyword.findWebElement(WebUIAbstractKeyword.groovy:27)&#xa;	at com.kms.katalon.core.webui.keyword.internal.WebUIAbstractKeyword.findWebElement(WebUIAbstractKeyword.groovy:26)&#xa;	at com.kms.katalon.core.webui.keyword.builtin.GetTextKeyword$_getText_closure1.doCall(GetTextKeyword.groovy:78)&#xa;	at com.kms.katalon.core.webui.keyword.builtin.GetTextKeyword$_getText_closure1.call(GetTextKeyword.groovy)&#xa;	at com.kms.katalon.core.webui.keyword.internal.WebUIKeywordMain.runKeyword(WebUIKeywordMain.groovy:20)&#xa;	at com.kms.katalon.core.webui.keyword.builtin.GetTextKeyword.getText(GetTextKeyword.groovy:88)&#xa;	at com.kms.katalon.core.webui.keyword.builtin.GetTextKeyword.execute(GetTextKeyword.groovy:67)&#xa;	at com.kms.katalon.core.keyword.internal.KeywordExecutor.executeKeywordForPlatform(KeywordExecutor.groovy:74)&#xa;	at com.kms.katalon.core.webui.keyword.WebUiBuiltInKeywords.getText(WebUiBuiltInKeywords.groovy:957)&#xa;	at Script1719299571342.ZakrytOpoveshenie(Script1719299571342.groovy:1802)&#xa;	at Script1719299571342.Presettings(Script1719299571342.groovy:1784)&#xa;	at Script1719299571342.run(Script1719299571342.groovy:359)&#xa;	... 15 more&#xa;)&#xa;	at com.kms.katalon.core.keyword.internal.KeywordMain.stepFailed(KeywordMain.groovy:39)&#xa;	at com.kms.katalon.core.webui.keyword.internal.WebUIKeywordMain.stepFailed(WebUIKeywordMain.groovy:64)&#xa;	at com.kms.katalon.core.webui.keyword.internal.WebUIKeywordMain.runKeyword(WebUIKeywordMain.groovy:26)&#xa;	at com.kms.katalon.core.webui.keyword.builtin.GetTextKeyword.getText(GetTextKeyword.groovy:88)&#xa;	at com.kms.katalon.core.webui.keyword.builtin.GetTextKeyword.execute(GetTextKeyword.groovy:67)&#xa;	at com.kms.katalon.core.keyword.internal.KeywordExecutor.executeKeywordForPlatform(KeywordExecutor.groovy:74)&#xa;	at com.kms.katalon.core.webui.keyword.WebUiBuiltInKeywords.getText(WebUiBuiltInKeywords.groovy:957)&#xa;	at Выполнение бизнес-плана сверка дашбордов.ZakrytOpoveshenie(Выполнение бизнес-плана сверка дашбордов:1802)&#xa;	at Выполнение бизнес-плана сверка дашбордов.Presettings(Выполнение бизнес-плана сверка дашбордов:1784)&#xa;	at Выполнение бизнес-плана сверка дашбордов.run(Выполнение бизнес-плана сверка дашбордов:359)&#xa;	at com.kms.katalon.core.main.ScriptEngine.run(ScriptEngine.java:194)&#xa;	at com.kms.katalon.core.main.ScriptEngine.runScriptAsRawText(ScriptEngine.java:119)&#xa;	at com.kms.katalon.core.main.TestCaseExecutor.runScript(TestCaseExecutor.java:448)&#xa;	at com.kms.katalon.core.main.TestCaseExecutor.doExecute(TestCaseExecutor.java:439)&#xa;	at com.kms.katalon.core.main.TestCaseExecutor.processExecutionPhase(TestCaseExecutor.java:418)&#xa;	at com.kms.katalon.core.main.TestCaseExecutor.accessMainPhase(TestCaseExecutor.java:410)&#xa;	at com.kms.katalon.core.main.TestCaseExecutor.execute(TestCaseExecutor.java:285)&#xa;	at com.kms.katalon.core.common.CommonExecutor.accessTestCaseMainPhase(CommonExecutor.java:65)&#xa;	at com.kms.katalon.core.main.TestSuiteExecutor.accessTestSuiteMainPhase(TestSuiteExecutor.java:150)&#xa;	at com.kms.katalon.core.main.TestSuiteExecutor.execute(TestSuiteExecutor.java:106)&#xa;	at com.kms.katalon.core.main.TestCaseMain.startTestSuite(TestCaseMain.java:180)&#xa;	at TempTestSuite1736921988279.run(TempTestSuite1736921988279.groovy:35)&#xa;	at java.base/jdk.internal.reflect.NativeMethodAccessorImpl.invoke0(Native Method)&#xa;	at java.base/jdk.internal.reflect.NativeMethodAccessorImpl.invoke(NativeMethodAccessorImpl.java:77)&#xa;	at java.base/jdk.internal.reflect.DelegatingMethodAccessorImpl.invoke(DelegatingMethodAccessorImpl.java:43)&#xa;Caused by: com.kms.katalon.core.exception.StepFailedException: Unable to get text of object 'Object Repository/Выполнение бизнес-плана/Просьба обратить внимание'&#xa;	... 24 more&#xa;Caused by: com.kms.katalon.core.webui.exception.WebElementNotFoundException: Web element with id: 'Object Repository/Выполнение бизнес-плана/Просьба обратить внимание' located by '//*/text()[normalize-space(.)='Просьба обратить внимание']/parent::*' not found&#xa;	at com.kms.katalon.core.webui.common.WebUiCommonHelper.findWebElement(WebUiCommonHelper.java:1426)&#xa;	at com.kms.katalon.core.webui.keyword.internal.WebUIAbstractKeyword.findWebElement(WebUIAbstractKeyword.groovy:27)&#xa;	at com.kms.katalon.core.webui.keyword.internal.WebUIAbstractKeyword.findWebElement(WebUIAbstractKeyword.groovy:26)&#xa;	at com.kms.katalon.core.webui.keyword.builtin.GetTextKeyword$_getText_closure1.doCall(GetTextKeyword.groovy:78)&#xa;	at com.kms.katalon.core.webui.keyword.builtin.GetTextKeyword$_getText_closure1.call(GetTextKeyword.groovy)&#xa;	at com.kms.katalon.core.webui.keyword.internal.WebUIKeywordMain.runKeyword(WebUIKeywordMain.groovy:20)&#xa;	... 22 more&#xa;"/>
         <system-out><![CDATA[15-01-2025T09:19:52 - [TEST_CASE][FAILED] - Test Cases/Сверки дашбордов/Выполнение бизнес-плана сверка дашбордов: Test Cases/Сверки дашбордов/Выполнение бизнес-плана сверка дашбордов FAILED.
Reason:
com.kms.katalon.core.exception.StepFailedException: Unable to get text of object 'Object Repository/Выполнение бизнес-плана/Просьба обратить внимание' (Root cause: com.kms.katalon.core.exception.StepFailedException: Unable to get text of object 'Object Repository/Выполнение бизнес-плана/Просьба обратить внимание'
	at com.kms.katalon.core.webui.keyword.internal.WebUIKeywordMain.stepFailed(WebUIKeywordMain.groovy:64)
	at com.kms.katalon.core.webui.keyword.internal.WebUIKeywordMain.runKeyword(WebUIKeywordMain.groovy:26)
	at com.kms.katalon.core.webui.keyword.builtin.GetTextKeyword.getText(GetTextKeyword.groovy:88)
	at com.kms.katalon.core.webui.keyword.builtin.GetTextKeyword.execute(GetTextKeyword.groovy:67)
	at com.kms.katalon.core.keyword.internal.KeywordExecutor.executeKeywordForPlatform(KeywordExecutor.groovy:74)
	at com.kms.katalon.core.webui.keyword.WebUiBuiltInKeywords.getText(WebUiBuiltInKeywords.groovy:957)
	at Выполнение бизнес-плана сверка дашбордов.ZakrytOpoveshenie(Выполнение бизнес-плана сверка дашбордов:1802)
	at Выполнение бизнес-плана сверка дашбордов.Presettings(Выполнение бизнес-плана сверка дашбордов:1784)
	at Выполнение бизнес-плана сверка дашбордов.run(Выполнение бизнес-плана сверка дашбордов:359)
	at com.kms.katalon.core.main.ScriptEngine.run(ScriptEngine.java:194)
	at com.kms.katalon.core.main.ScriptEngine.runScriptAsRawText(ScriptEngine.java:119)
	at com.kms.katalon.core.main.TestCaseExecutor.runScript(TestCaseExecutor.java:448)
	at com.kms.katalon.core.main.TestCaseExecutor.doExecute(TestCaseExecutor.java:439)
	at com.kms.katalon.core.main.TestCaseExecutor.processExecutionPhase(TestCaseExecutor.java:418)
	at com.kms.katalon.core.main.TestCaseExecutor.accessMainPhase(TestCaseExecutor.java:410)
	at com.kms.katalon.core.main.TestCaseExecutor.execute(TestCaseExecutor.java:285)
	at com.kms.katalon.core.common.CommonExecutor.accessTestCaseMainPhase(CommonExecutor.java:65)
	at com.kms.katalon.core.main.TestSuiteExecutor.accessTestSuiteMainPhase(TestSuiteExecutor.java:150)
	at com.kms.katalon.core.main.TestSuiteExecutor.execute(TestSuiteExecutor.java:106)
	at com.kms.katalon.core.main.TestCaseMain.startTestSuite(TestCaseMain.java:180)
	at TempTestSuite1736921988279.run(TempTestSuite1736921988279.groovy:35)
	at java.base/jdk.internal.reflect.NativeMethodAccessorImpl.invoke0(Native Method)
	at java.base/jdk.internal.reflect.NativeMethodAccessorImpl.invoke(NativeMethodAccessorImpl.java:77)
	at java.base/jdk.internal.reflect.DelegatingMethodAccessorImpl.invoke(DelegatingMethodAccessorImpl.java:43)
Caused by: com.kms.katalon.core.webui.exception.WebElementNotFoundException: Web element with id: 'Object Repository/Выполнение бизнес-плана/Просьба обратить внимание' located by '//*/text()[normalize-space(.)='Просьба обратить внимание']/parent::*' not found
	at com.kms.katalon.core.webui.common.WebUiCommonHelper.findWebElement(WebUiCommonHelper.java:1426)
	at com.kms.katalon.core.webui.keyword.internal.WebUIAbstractKeyword.findWebElement(WebUIAbstractKeyword.groovy:27)
	at com.kms.katalon.core.webui.keyword.internal.WebUIAbstractKeyword.findWebElement(WebUIAbstractKeyword.groovy:26)
	at com.kms.katalon.core.webui.keyword.builtin.GetTextKeyword$_getText_closure1.doCall(GetTextKeyword.groovy:78)
	at com.kms.katalon.core.webui.keyword.builtin.GetTextKeyword$_getText_closure1.call(GetTextKeyword.groovy)
	at com.kms.katalon.core.webui.keyword.internal.WebUIKeywordMain.runKeyword(WebUIKeywordMain.groovy:20)
	at com.kms.katalon.core.webui.keyword.builtin.GetTextKeyword.getText(GetTextKeyword.groovy:88)
	at com.kms.katalon.core.webui.keyword.builtin.GetTextKeyword.execute(GetTextKeyword.groovy:67)
	at com.kms.katalon.core.keyword.internal.KeywordExecutor.executeKeywordForPlatform(KeywordExecutor.groovy:74)
	at com.kms.katalon.core.webui.keyword.WebUiBuiltInKeywords.getText(WebUiBuiltInKeywords.groovy:957)
	at Script1719299571342.ZakrytOpoveshenie(Script1719299571342.groovy:1802)
	at Script1719299571342.Presettings(Script1719299571342.groovy:1784)
	at Script1719299571342.run(Script1719299571342.groovy:359)
	... 15 more
)
	at com.kms.katalon.core.keyword.internal.KeywordMain.stepFailed(KeywordMain.groovy:39)
	at com.kms.katalon.core.webui.keyword.internal.WebUIKeywordMain.stepFailed(WebUIKeywordMain.groovy:64)
	at com.kms.katalon.core.webui.keyword.internal.WebUIKeywordMain.runKeyword(WebUIKeywordMain.groovy:26)
	at com.kms.katalon.core.webui.keyword.builtin.GetTextKeyword.getText(GetTextKeyword.groovy:88)
	at com.kms.katalon.core.webui.keyword.builtin.GetTextKeyword.execute(GetTextKeyword.groovy:67)
	at com.kms.katalon.core.keyword.internal.KeywordExecutor.executeKeywordForPlatform(KeywordExecutor.groovy:74)
	at com.kms.katalon.core.webui.keyword.WebUiBuiltInKeywords.getText(WebUiBuiltInKeywords.groovy:957)
	at Выполнение бизнес-плана сверка дашбордов.ZakrytOpoveshenie(Выполнение бизнес-плана сверка дашбордов:1802)
	at Выполнение бизнес-плана сверка дашбордов.Presettings(Выполнение бизнес-плана сверка дашбордов:1784)
	at Выполнение бизнес-плана сверка дашбордов.run(Выполнение бизнес-плана сверка дашбордов:359)
	at com.kms.katalon.core.main.ScriptEngine.run(ScriptEngine.java:194)
	at com.kms.katalon.core.main.ScriptEngine.runScriptAsRawText(ScriptEngine.java:119)
	at com.kms.katalon.core.main.TestCaseExecutor.runScript(TestCaseExecutor.java:448)
	at com.kms.katalon.core.main.TestCaseExecutor.doExecute(TestCaseExecutor.java:439)
	at com.kms.katalon.core.main.TestCaseExecutor.processExecutionPhase(TestCaseExecutor.java:418)
	at com.kms.katalon.core.main.TestCaseExecutor.accessMainPhase(TestCaseExecutor.java:410)
	at com.kms.katalon.core.main.TestCaseExecutor.execute(TestCaseExecutor.java:285)
	at com.kms.katalon.core.common.CommonExecutor.accessTestCaseMainPhase(CommonExecutor.java:65)
	at com.kms.katalon.core.main.TestSuiteExecutor.accessTestSuiteMainPhase(TestSuiteExecutor.java:150)
	at com.kms.katalon.core.main.TestSuiteExecutor.execute(TestSuiteExecutor.java:106)
	at com.kms.katalon.core.main.TestCaseMain.startTestSuite(TestCaseMain.java:180)
	at TempTestSuite1736921988279.run(TempTestSuite1736921988279.groovy:35)
	at java.base/jdk.internal.reflect.NativeMethodAccessorImpl.invoke0(Native Method)
	at java.base/jdk.internal.reflect.NativeMethodAccessorImpl.invoke(NativeMethodAccessorImpl.java:77)
	at java.base/jdk.internal.reflect.DelegatingMethodAccessorImpl.invoke(DelegatingMethodAccessorImpl.java:43)
Caused by: com.kms.katalon.core.exception.StepFailedException: Unable to get text of object 'Object Repository/Выполнение бизнес-плана/Просьба обратить внимание'
	... 24 more
Caused by: com.kms.katalon.core.webui.exception.WebElementNotFoundException: Web element with id: 'Object Repository/Выполнение бизнес-плана/Просьба обратить внимание' located by '//*/text()[normalize-space(.)='Просьба обратить внимание']/parent::*' not found
	at com.kms.katalon.core.webui.common.WebUiCommonHelper.findWebElement(WebUiCommonHelper.java:1426)
	at com.kms.katalon.core.webui.keyword.internal.WebUIAbstractKeyword.findWebElement(WebUIAbstractKeyword.groovy:27)
	at com.kms.katalon.core.webui.keyword.internal.WebUIAbstractKeyword.findWebElement(WebUIAbstractKeyword.groovy:26)
	at com.kms.katalon.core.webui.keyword.builtin.GetTextKeyword$_getText_closure1.doCall(GetTextKeyword.groovy:78)
	at com.kms.katalon.core.webui.keyword.builtin.GetTextKeyword$_getText_closure1.call(GetTextKeyword.groovy)
	at com.kms.katalon.core.webui.keyword.internal.WebUIKeywordMain.runKeyword(WebUIKeywordMain.groovy:20)
	... 22 more


15-01-2025T09:19:54 - [TEST_STEP][PASSED] - date = new java.util.Date(): null

15-01-2025T09:19:54 - [TEST_STEP][PASSED] - todaysDate = date.format("dd.MM.yyyy"): null

15-01-2025T09:19:54 - [TEST_STEP][PASSED] - blockNum = <not implemented yet for class: org.codehaus.groovy.ast.expr.EmptyExpression>: null

15-01-2025T09:19:54 - [TEST_STEP][PASSED] - path = <not implemented yet for class: org.codehaus.groovy.ast.expr.EmptyExpression>: null

15-01-2025T09:19:54 - [TEST_STEP][PASSED] - typeOfData = <not implemented yet for class: org.codehaus.groovy.ast.expr.EmptyExpression>: null

15-01-2025T09:19:54 - [TEST_STEP][PASSED] - i = <not implemented yet for class: org.codehaus.groovy.ast.expr.EmptyExpression>: null

15-01-2025T09:19:54 - [TEST_STEP][PASSED] - dZO = <not implemented yet for class: org.codehaus.groovy.ast.expr.EmptyExpression>: null

15-01-2025T09:19:54 - [TEST_STEP][PASSED] - vidget = <not implemented yet for class: org.codehaus.groovy.ast.expr.EmptyExpression>: null

15-01-2025T09:19:54 - [TEST_STEP][PASSED] - tabR = <not implemented yet for class: org.codehaus.groovy.ast.expr.EmptyExpression>: null

15-01-2025T09:19:54 - [TEST_STEP][PASSED] - tabB = <not implemented yet for class: org.codehaus.groovy.ast.expr.EmptyExpression>: null

15-01-2025T09:19:54 - [TEST_STEP][PASSED] - o1R = <not implemented yet for class: org.codehaus.groovy.ast.expr.EmptyExpression>: null

15-01-2025T09:19:54 - [TEST_STEP][PASSED] - o1B = <not implemented yet for class: org.codehaus.groovy.ast.expr.EmptyExpression>: null

15-01-2025T09:19:54 - [TEST_STEP][PASSED] - PercPlanR = <not implemented yet for class: org.codehaus.groovy.ast.expr.EmptyExpression>: null

15-01-2025T09:19:54 - [TEST_STEP][PASSED] - PercPlanB = <not implemented yet for class: org.codehaus.groovy.ast.expr.EmptyExpression>: null

15-01-2025T09:19:54 - [TEST_STEP][PASSED] - PercFactR = <not implemented yet for class: org.codehaus.groovy.ast.expr.EmptyExpression>: null

15-01-2025T09:19:54 - [TEST_STEP][PASSED] - PercFactB = <not implemented yet for class: org.codehaus.groovy.ast.expr.EmptyExpression>: null

15-01-2025T09:19:54 - [TEST_STEP][PASSED] - pRR = "ПАО Россети/": null

15-01-2025T09:19:54 - [TEST_STEP][PASSED] - fR = "Россети ФСК ЕЭС/": null

15-01-2025T09:19:54 - [TEST_STEP][PASSED] - tyR = "АО "Тываэнерго"/": null

15-01-2025T09:19:54 - [TEST_STEP][PASSED] - chR = "Чеченэнерго": null

15-01-2025T09:19:54 - [TEST_STEP][PASSED] - vR = "Россети Волга/": null

15-01-2025T09:19:54 - [TEST_STEP][PASSED] - kR = "Россети Кубань/": null

15-01-2025T09:19:54 - [TEST_STEP][PASSED] - lR = "Россети Ленэнерго (ГК)/": null

15-01-2025T09:19:54 - [TEST_STEP][PASSED] - mR = "Россети Московский регион/": null

15-01-2025T09:19:54 - [TEST_STEP][PASSED] - sKR = "Россети Северный Кавказ (ГК)/": null

15-01-2025T09:19:54 - [TEST_STEP][PASSED] - sZR = "Россети Северо-Запад/": null

15-01-2025T09:19:54 - [TEST_STEP][PASSED] - siR = "Россети Сибирь (ГК)/": null

15-01-2025T09:19:54 - [TEST_STEP][PASSED] - tomR = "Россети Томск/": null

15-01-2025T09:19:54 - [TEST_STEP][PASSED] - tyumR = "Россети Тюмень/": null

15-01-2025T09:19:54 - [TEST_STEP][PASSED] - urR = "Россети Урал (ГК)/": null

15-01-2025T09:19:54 - [TEST_STEP][PASSED] - cenR = "Россети Центр (ГК)/": null

15-01-2025T09:19:54 - [TEST_STEP][PASSED] - cIPR = "Россети Центр и Приволжье (ГК)/": null

15-01-2025T09:19:54 - [TEST_STEP][PASSED] - ugR = "Россети Юг (ГК)/": null

15-01-2025T09:19:54 - [TEST_STEP][PASSED] - yR = "Россети Янтарь/": null

15-01-2025T09:19:54 - [TEST_STEP][PASSED] - pRB = "ПАО Россети/": null

15-01-2025T09:19:54 - [TEST_STEP][PASSED] - fB = "Россети ФСК ЕЭС/": null

15-01-2025T09:19:54 - [TEST_STEP][PASSED] - tyB = "АО "Тываэнерго"/": null

15-01-2025T09:19:54 - [TEST_STEP][PASSED] - chB = "Чеченэнерго": null

15-01-2025T09:19:54 - [TEST_STEP][PASSED] - vB = "Россети Волга/": null

15-01-2025T09:19:54 - [TEST_STEP][PASSED] - kB = "Россети Кубань/": null

15-01-2025T09:19:54 - [TEST_STEP][PASSED] - lB = "Россети Ленэнерго (ГК)/": null

15-01-2025T09:19:54 - [TEST_STEP][PASSED] - mB = "Россети Московский регион/": null

15-01-2025T09:19:54 - [TEST_STEP][PASSED] - sKB = "Россети Северный Кавказ (ГК)/": null

15-01-2025T09:19:54 - [TEST_STEP][PASSED] - sZB = "Россети Северо-Запад/": null

15-01-2025T09:19:54 - [TEST_STEP][PASSED] - siB = "Россети Сибирь (ГК)/": null

15-01-2025T09:19:54 - [TEST_STEP][PASSED] - tomB = "Россети Томск/": null

15-01-2025T09:19:54 - [TEST_STEP][PASSED] - tyumB = "Россети Тюмень/": null

15-01-2025T09:19:54 - [TEST_STEP][PASSED] - urB = "Россети Урал (ГК)/": null

15-01-2025T09:19:54 - [TEST_STEP][PASSED] - cenB = "Россети Центр (ГК)/": null

15-01-2025T09:19:54 - [TEST_STEP][PASSED] - cIPB = "Россети Центр и Приволжье (ГК)/": null

15-01-2025T09:19:54 - [TEST_STEP][PASSED] - ugB = "Россети Юг (ГК)/": null

15-01-2025T09:19:54 - [TEST_STEP][PASSED] - yB = "Россети Янтарь/": null

15-01-2025T09:19:54 - [TEST_STEP][PASSED] - VseDZO = <not implemented yet for class: org.codehaus.groovy.ast.expr.EmptyExpression>: null

15-01-2025T09:19:54 - [TEST_STEP][PASSED] - a = <not implemented yet for class: org.codehaus.groovy.ast.expr.EmptyExpression>: null

15-01-2025T09:19:54 - [TEST_STEP][PASSED] - b = <not implemented yet for class: org.codehaus.groovy.ast.expr.EmptyExpression>: null

15-01-2025T09:19:54 - [TEST_STEP][PASSED] - dZONum = 0: null

15-01-2025T09:19:54 - [TEST_STEP][PASSED] - x = <not implemented yet for class: org.codehaus.groovy.ast.expr.EmptyExpression>: null

15-01-2025T09:19:54 - [TEST_STEP][PASSED] - blockNum = 1: null

15-01-2025T09:19:54 - [TEST_STEP][PASSED] - path = "Object Repository/Выполнение бизнес-плана/": null

15-01-2025T09:19:54 - [TEST_STEP][PASSED] - Script1719299571342.Presettings(blockNum, path): null

15-01-2025T09:19:54 - [TEST_STEP][PASSED] - blockNumber = <not implemented yet for class: org.codehaus.groovy.ast.expr.EmptyExpression>: null

15-01-2025T09:19:54 - [TEST_STEP][PASSED] - urlText = <not implemented yet for class: org.codehaus.groovy.ast.expr.EmptyExpression>: null

15-01-2025T09:19:54 - [TEST_STEP][PASSED] - searchWord = <not implemented yet for class: org.codehaus.groovy.ast.expr.EmptyExpression>: null

15-01-2025T09:19:54 - [TEST_STEP][PASSED] - i = <not implemented yet for class: org.codehaus.groovy.ast.expr.EmptyExpression>: null

15-01-2025T09:19:54 - [TEST_STEP][PASSED] - ii = <not implemented yet for class: org.codehaus.groovy.ast.expr.EmptyExpression>: null

15-01-2025T09:19:54 - [TEST_STEP][PASSED] - openBrowser(""): Browser is opened with url: ''

15-01-2025T09:19:55 - [MESSAGE][INFO] - Starting 'Chrome' driver

15-01-2025T09:19:55 - [MESSAGE][INFO] - Action delay is set to 0 milliseconds

15-01-2025T09:19:56 - [MESSAGE][PASSED] - Browser is opened with url: ''

15-01-2025T09:19:56 - [TEST_STEP][PASSED] - if (blockNum == 1): null

15-01-2025T09:19:56 - [TEST_STEP][PASSED] - path = "Object Repository/Выполнение бизнес-плана/": null

15-01-2025T09:19:56 - [TEST_STEP][PASSED] - blockNumber = 1: null

15-01-2025T09:19:56 - [TEST_STEP][PASSED] - navigateToUrl(findTestData("PlanFact").getValue(10, blockNumber)): Navigate to 'https://bi.rosseti.digital/viewer?dashboardGuid=d154a8eaf6824e2b9de1bb04dd061c18&sheetGuid=1305e8ce744049e1abdacea1ea397a26&fit=true' successfully

15-01-2025T09:20:04 - [MESSAGE][PASSED] - Navigate to 'https://bi.rosseti.digital/viewer?dashboardGuid=d154a8eaf6824e2b9de1bb04dd061c18&sheetGuid=1305e8ce744049e1abdacea1ea397a26&fit=true' successfully

15-01-2025T09:20:04 - [TEST_STEP][PASSED] - urlText = getText(findTestObject("Страница авторизации/Text")): Text of object 'Object Repository/Страница авторизации/Text' is: 'Вход'

15-01-2025T09:20:06 - [MESSAGE][PASSED] - Text of object 'Object Repository/Страница авторизации/Text' is: 'Вход'

15-01-2025T09:20:06 - [TEST_STEP][PASSED] - delay(10): Delayed 10 second(s)

15-01-2025T09:20:16 - [MESSAGE][PASSED] - Delayed 10 second(s)

15-01-2025T09:20:16 - [TEST_STEP][PASSED] - searchWord = "Вход": null

15-01-2025T09:20:16 - [TEST_STEP][PASSED] - if (urlText.contains(searchWord) == false): null

15-01-2025T09:20:16 - [TEST_STEP][PASSED] - setText(findTestObject("Страница авторизации/input__username"), findTestData("PlanFact").getValue(8, 1)): Text 'liazgina-di' is set on object 'Object Repository/Страница авторизации/input__username'

15-01-2025T09:20:17 - [MESSAGE][PASSED] - Text 'liazgina-di' is set on object 'Object Repository/Страница авторизации/input__username'

15-01-2025T09:20:17 - [TEST_STEP][PASSED] - setText(findTestObject("Страница авторизации/input__password"), findTestData("PlanFact").getValue(9, 1)): Text ')$%5srZ8o688Dm#q' is set on object 'Object Repository/Страница авторизации/input__password'

15-01-2025T09:20:18 - [MESSAGE][PASSED] - Text ')$%5srZ8o688Dm#q' is set on object 'Object Repository/Страница авторизации/input__password'

15-01-2025T09:20:18 - [TEST_STEP][PASSED] - click(findTestObject("Страница авторизации/button_")): Object: 'Object Repository/Страница авторизации/button_' is clicked on

15-01-2025T09:20:19 - [MESSAGE][PASSED] - Object: 'Object Repository/Страница авторизации/button_' is clicked on

15-01-2025T09:20:19 - [TEST_STEP][PASSED] - delay(50): Delayed 50 second(s)

15-01-2025T09:21:09 - [MESSAGE][PASSED] - Delayed 50 second(s)

15-01-2025T09:21:09 - [TEST_STEP][PASSED] - searchWord = "ДЗО": null

15-01-2025T09:21:09 - [TEST_STEP][PASSED] - urlText = getText(findTestObject("Страница авторизации/Text")): Text of object 'Object Repository/Страница авторизации/Text' is: 'ДЗО 
Все
Период
1, 2, 3 кв., Октябрь, Ноябрь 2024 года
Отклонения фактического уровня потерь от бизнес-плана, п.п.
-0.07
3.10
3.73
-0.05
0.16
-0.52
-0.27
АО «Тываэнерго»
АО «Чеченэнерго»
Россети Северный Кавказ
Россети Сибирь
Россети Тюмень
Россети Центр (ГК)
Россети Центр и Приволжье (ГК)
-1
0
1
2
3
4
5
6
7

Уровень потерь электроэнергии
АО «Тываэнерго»
АО «Чеченэнерго»
Россети Северный Кавказ
Россети Сибирь
Россети Тюмень
Россети Центр (ГК)
Россети Центр и Приволжье (ГК)
0
10
20
30
40
50
60
70
21.24
|
33.23
23.32
7.14
|
2.54
10.32
|
7.17
|
21.17
36.33
|
27.05
|
7.09
2.70
|
9.80
6.90
п.п.
0.04
Итого
0
0.02
0.04
0.06
%
5.56 5.56
5.52 5.52
План
Факт
1
100


Статус данных
Просьба обратить внимание
— все данные не занесены
Факт
План
Итого – Факт
Отпуск в сеть 230 146 370
Отпуск из сети 209 300 970
Потери 20 845 400
Итого – План
Отпуск в сеть 225 220 588
Отпуск из сети 205 622 267
Потери 19 598 321
Выполнение бизнес-плана в части показателя «Уровень потерь электроэнергии»
Показатели баланса электроэнергии по ДЗО – Факт 
642 168 3 631 955 20 651 499 52 412 668 47 865 721 55 088 893 50 521 486
506 218 2 312 442 15 078 002 48 697 705 46 573 769 49 682 043 47 031 337
135 950 1 319 513 5 573 496 3 714 964 1 291 953 5 406 850 3 490 149
Показатели баланса электроэнергии по ДЗО – План'

15-01-2025T09:21:41 - [MESSAGE][PASSED] - Text of object 'Object Repository/Страница авторизации/Text' is: 'ДЗО 
Все
Период
1, 2, 3 кв., Октябрь, Ноябрь 2024 года
Отклонения фактического уровня потерь от бизнес-плана, п.п.
-0.07
3.10
3.73
-0.05
0.16
-0.52
-0.27
АО «Тываэнерго»
АО «Чеченэнерго»
Россети Северный Кавказ
Россети Сибирь
Россети Тюмень
Россети Центр (ГК)
Россети Центр и Приволжье (ГК)
-1
0
1
2
3
4
5
6
7

Уровень потерь электроэнергии
АО «Тываэнерго»
АО «Чеченэнерго»
Россети Северный Кавказ
Россети Сибирь
Россети Тюмень
Россети Центр (ГК)
Россети Центр и Приволжье (ГК)
0
10
20
30
40
50
60
70
21.24
|
33.23
23.32
7.14
|
2.54
10.32
|
7.17
|
21.17
36.33
|
27.05
|
7.09
2.70
|
9.80
6.90
п.п.
0.04
Итого
0
0.02
0.04
0.06
%
5.56 5.56
5.52 5.52
План
Факт
1
100


Статус данных
Просьба обратить внимание
— все данные не занесены
Факт
План
Итого – Факт
Отпуск в сеть 230 146 370
Отпуск из сети 209 300 970
Потери 20 845 400
Итого – План
Отпуск в сеть 225 220 588
Отпуск из сети 205 622 267
Потери 19 598 321
Выполнение бизнес-плана в части показателя «Уровень потерь электроэнергии»
Показатели баланса электроэнергии по ДЗО – Факт 
642 168 3 631 955 20 651 499 52 412 668 47 865 721 55 088 893 50 521 486
506 218 2 312 442 15 078 002 48 697 705 46 573 769 49 682 043 47 031 337
135 950 1 319 513 5 573 496 3 714 964 1 291 953 5 406 850 3 490 149
Показатели баланса электроэнергии по ДЗО – План'

15-01-2025T09:21:41 - [TEST_STEP][PASSED] - if (urlText.contains("ошибка") || urlText.contains(searchWord) == false): null

15-01-2025T09:21:41 - [TEST_STEP][PASSED] - Script1719299571342.ZakrytOpoveshenie(): null

15-01-2025T09:21:41 - [TEST_STEP][PASSED] - opoveshenie = getText(findTestObject("Выполнение бизнес-плана/Просьба обратить внимание")): Text of object 'Object Repository/Выполнение бизнес-плана/Просьба обратить внимание' is: 'Просьба обратить внимание'

15-01-2025T09:22:11 - [MESSAGE][PASSED] - Text of object 'Object Repository/Выполнение бизнес-плана/Просьба обратить внимание' is: 'Просьба обратить внимание'

15-01-2025T09:22:11 - [TEST_STEP][PASSED] - if (opoveshenie == "Просьба обратить внимание"): Object: 'Object Repository/Выполнение бизнес-плана/Закрыть оповещение' is clicked on

15-01-2025T09:22:11 - [TEST_STEP][PASSED] - click(findTestObject("Выполнение бизнес-плана/Закрыть оповещение")): Object: 'Object Repository/Выполнение бизнес-плана/Закрыть оповещение' is clicked on

15-01-2025T09:22:17 - [MESSAGE][PASSED] - Object: 'Object Repository/Выполнение бизнес-плана/Закрыть оповещение' is clicked on

15-01-2025T09:22:17 - [TEST_STEP][PASSED] - click(findTestObject(path + "Фильтр Дата")): Object: 'Object Repository/Выполнение бизнес-плана/Фильтр Дата' is clicked on

15-01-2025T09:22:17 - [MESSAGE][PASSED] - Object: 'Object Repository/Выполнение бизнес-плана/Фильтр Дата' is clicked on

15-01-2025T09:22:17 - [TEST_STEP][PASSED] - click(findTestObject(path + "Снять выделение в фильтре Дата")): Object: 'Object Repository/Выполнение бизнес-плана/Снять выделение в фильтре Дата' is clicked on

15-01-2025T09:22:18 - [MESSAGE][PASSED] - Object: 'Object Repository/Выполнение бизнес-плана/Снять выделение в фильтре Дата' is clicked on

15-01-2025T09:22:18 - [TEST_STEP][PASSED] - click(findTestObject(path + "Применить в фильтре Дата")): Object: 'Object Repository/Выполнение бизнес-плана/Применить в фильтре Дата' is clicked on

15-01-2025T09:22:19 - [MESSAGE][PASSED] - Object: 'Object Repository/Выполнение бизнес-плана/Применить в фильтре Дата' is clicked on

15-01-2025T09:22:19 - [TEST_STEP][PASSED] - delay(50): Delayed 50 second(s)

15-01-2025T09:23:09 - [MESSAGE][PASSED] - Delayed 50 second(s)

15-01-2025T09:23:09 - [TEST_STEP][PASSED] - Script1719299571342.ZakrytOpoveshenie(): null

15-01-2025T09:23:09 - [TEST_STEP][PASSED] - opoveshenie = getText(findTestObject("Выполнение бизнес-плана/Просьба обратить внимание")): Text of object 'Object Repository/Выполнение бизнес-плана/Просьба обратить внимание' is: 'Просьба обратить внимание'

15-01-2025T09:23:09 - [MESSAGE][PASSED] - Text of object 'Object Repository/Выполнение бизнес-плана/Просьба обратить внимание' is: 'Просьба обратить внимание'

15-01-2025T09:23:09 - [TEST_STEP][PASSED] - if (opoveshenie == "Просьба обратить внимание"): Object: 'Object Repository/Выполнение бизнес-плана/Закрыть оповещение' is clicked on

15-01-2025T09:23:09 - [TEST_STEP][PASSED] - click(findTestObject("Выполнение бизнес-плана/Закрыть оповещение")): Object: 'Object Repository/Выполнение бизнес-плана/Закрыть оповещение' is clicked on

15-01-2025T09:23:09 - [MESSAGE][PASSED] - Object: 'Object Repository/Выполнение бизнес-плана/Закрыть оповещение' is clicked on

15-01-2025T09:23:09 - [TEST_STEP][PASSED] - click(findTestObject(path + "Фильтр Дата")): Object: 'Object Repository/Выполнение бизнес-плана/Фильтр Дата' is clicked on

15-01-2025T09:23:10 - [MESSAGE][PASSED] - Object: 'Object Repository/Выполнение бизнес-плана/Фильтр Дата' is clicked on

15-01-2025T09:23:10 - [TEST_STEP][PASSED] - scrollToElement(findTestObject(path + "2024 список"), 30): Scroll to object 'Object Repository/Выполнение бизнес-плана/2024 список' successfully

15-01-2025T09:23:10 - [MESSAGE][PASSED] - Scroll to object 'Object Repository/Выполнение бизнес-плана/2024 список' successfully

15-01-2025T09:23:10 - [TEST_STEP][PASSED] - click(findTestObject(path + "2024 список")): Object: 'Object Repository/Выполнение бизнес-плана/2024 список' is clicked on

15-01-2025T09:23:11 - [MESSAGE][PASSED] - Object: 'Object Repository/Выполнение бизнес-плана/2024 список' is clicked on

15-01-2025T09:23:11 - [TEST_STEP][PASSED] - scrollToElement(findTestObject(path + "1 квартал 2024 список"), 30): Scroll to object 'Object Repository/Выполнение бизнес-плана/1 квартал 2024 список' successfully

15-01-2025T09:23:11 - [MESSAGE][PASSED] - Scroll to object 'Object Repository/Выполнение бизнес-плана/1 квартал 2024 список' successfully

15-01-2025T09:23:11 - [TEST_STEP][PASSED] - click(findTestObject(path + "1 квартал 2024 список")): Object: 'Object Repository/Выполнение бизнес-плана/1 квартал 2024 список' is clicked on

15-01-2025T09:23:11 - [MESSAGE][PASSED] - Object: 'Object Repository/Выполнение бизнес-плана/1 квартал 2024 список' is clicked on

15-01-2025T09:23:11 - [TEST_STEP][PASSED] - click(findTestObject(path + "Январь 2024")): Object: 'Object Repository/Выполнение бизнес-плана/Январь 2024' is clicked on

15-01-2025T09:23:12 - [MESSAGE][PASSED] - Object: 'Object Repository/Выполнение бизнес-плана/Январь 2024' is clicked on

15-01-2025T09:23:12 - [TEST_STEP][PASSED] - click(findTestObject(path + "Февраль 2024")): Object: 'Object Repository/Выполнение бизнес-плана/Февраль 2024' is clicked on

15-01-2025T09:23:12 - [MESSAGE][PASSED] - Object: 'Object Repository/Выполнение бизнес-плана/Февраль 2024' is clicked on

15-01-2025T09:23:12 - [TEST_STEP][PASSED] - click(findTestObject(path + "Март 2024")): Object: 'Object Repository/Выполнение бизнес-плана/Март 2024' is clicked on

15-01-2025T09:23:13 - [MESSAGE][PASSED] - Object: 'Object Repository/Выполнение бизнес-плана/Март 2024' is clicked on

15-01-2025T09:23:13 - [TEST_STEP][PASSED] - scrollToElement(findTestObject(path + "2 квартал 2024"), 30): Scroll to object 'Object Repository/Выполнение бизнес-плана/2 квартал 2024' successfully

15-01-2025T09:23:13 - [MESSAGE][PASSED] - Scroll to object 'Object Repository/Выполнение бизнес-плана/2 квартал 2024' successfully

15-01-2025T09:23:13 - [TEST_STEP][PASSED] - click(findTestObject(path + "2 квартал 2024")): Object: 'Object Repository/Выполнение бизнес-плана/2 квартал 2024' is clicked on

15-01-2025T09:23:14 - [MESSAGE][PASSED] - Object: 'Object Repository/Выполнение бизнес-плана/2 квартал 2024' is clicked on

15-01-2025T09:23:14 - [TEST_STEP][PASSED] - scrollToElement(findTestObject(path + "3 квартал 2024 список"), 30): Scroll to object 'Object Repository/Выполнение бизнес-плана/3 квартал 2024 список' successfully

15-01-2025T09:23:14 - [MESSAGE][PASSED] - Scroll to object 'Object Repository/Выполнение бизнес-плана/3 квартал 2024 список' successfully

15-01-2025T09:23:14 - [TEST_STEP][PASSED] - click(findTestObject(path + "3 квартал 2024")): Object: 'Object Repository/Выполнение бизнес-плана/3 квартал 2024' is clicked on

15-01-2025T09:23:15 - [MESSAGE][PASSED] - Object: 'Object Repository/Выполнение бизнес-плана/3 квартал 2024' is clicked on

15-01-2025T09:23:15 - [TEST_STEP][PASSED] - scrollToElement(findTestObject(path + "4 квартал 2024 список"), 30): Scroll to object 'Object Repository/Выполнение бизнес-плана/4 квартал 2024 список' successfully

15-01-2025T09:23:15 - [MESSAGE][PASSED] - Scroll to object 'Object Repository/Выполнение бизнес-плана/4 квартал 2024 список' successfully

15-01-2025T09:23:15 - [TEST_STEP][PASSED] - click(findTestObject(path + "4 квартал 2024 список")): Object: 'Object Repository/Выполнение бизнес-плана/4 квартал 2024 список' is clicked on

15-01-2025T09:23:15 - [MESSAGE][PASSED] - Object: 'Object Repository/Выполнение бизнес-плана/4 квартал 2024 список' is clicked on

15-01-2025T09:23:15 - [TEST_STEP][PASSED] - scrollToElement(findTestObject(path + "Октябрь 2024"), 30): Scroll to object 'Object Repository/Выполнение бизнес-плана/Октябрь 2024' successfully

15-01-2025T09:23:16 - [MESSAGE][PASSED] - Scroll to object 'Object Repository/Выполнение бизнес-плана/Октябрь 2024' successfully

15-01-2025T09:23:16 - [TEST_STEP][PASSED] - click(findTestObject(path + "Октябрь 2024")): Object: 'Object Repository/Выполнение бизнес-плана/Октябрь 2024' is clicked on

15-01-2025T09:23:16 - [MESSAGE][PASSED] - Object: 'Object Repository/Выполнение бизнес-плана/Октябрь 2024' is clicked on

15-01-2025T09:23:16 - [TEST_STEP][PASSED] - scrollToElement(findTestObject(path + "Ноябрь 2024"), 30): Scroll to object 'Object Repository/Выполнение бизнес-плана/Ноябрь 2024' successfully

15-01-2025T09:23:17 - [MESSAGE][PASSED] - Scroll to object 'Object Repository/Выполнение бизнес-плана/Ноябрь 2024' successfully

15-01-2025T09:23:17 - [TEST_STEP][PASSED] - click(findTestObject(path + "Ноябрь 2024")): Object: 'Object Repository/Выполнение бизнес-плана/Ноябрь 2024' is clicked on

15-01-2025T09:23:17 - [MESSAGE][PASSED] - Object: 'Object Repository/Выполнение бизнес-плана/Ноябрь 2024' is clicked on

15-01-2025T09:23:17 - [TEST_STEP][PASSED] - scrollToElement(findTestObject(path + "Заголовок дашборда"), 30): Scroll to object 'Object Repository/Выполнение бизнес-плана/Заголовок дашборда' successfully

15-01-2025T09:23:18 - [MESSAGE][PASSED] - Scroll to object 'Object Repository/Выполнение бизнес-плана/Заголовок дашборда' successfully

15-01-2025T09:23:18 - [TEST_STEP][PASSED] - click(findTestObject(path + "Применить в фильтре Дата")): Object: 'Object Repository/Выполнение бизнес-плана/Применить в фильтре Дата' is clicked on

15-01-2025T09:23:18 - [MESSAGE][PASSED] - Object: 'Object Repository/Выполнение бизнес-плана/Применить в фильтре Дата' is clicked on

15-01-2025T09:23:18 - [TEST_STEP][PASSED] - delay(30): Delayed 30 second(s)

15-01-2025T09:23:48 - [MESSAGE][PASSED] - Delayed 30 second(s)

15-01-2025T09:23:48 - [TEST_STEP][PASSED] - Script1719299571342.ZakrytOpoveshenie(): null

15-01-2025T09:23:48 - [TEST_STEP][PASSED] - opoveshenie = getText(findTestObject("Выполнение бизнес-плана/Просьба обратить внимание")): Text of object 'Object Repository/Выполнение бизнес-плана/Просьба обратить внимание' is: 'Просьба обратить внимание'

15-01-2025T09:24:04 - [MESSAGE][PASSED] - Text of object 'Object Repository/Выполнение бизнес-плана/Просьба обратить внимание' is: 'Просьба обратить внимание'

15-01-2025T09:24:04 - [TEST_STEP][PASSED] - if (opoveshenie == "Просьба обратить внимание"): Object: 'Object Repository/Выполнение бизнес-плана/Закрыть оповещение' is clicked on

15-01-2025T09:24:04 - [TEST_STEP][PASSED] - click(findTestObject("Выполнение бизнес-плана/Закрыть оповещение")): Object: 'Object Repository/Выполнение бизнес-плана/Закрыть оповещение' is clicked on

15-01-2025T09:24:04 - [MESSAGE][PASSED] - Object: 'Object Repository/Выполнение бизнес-плана/Закрыть оповещение' is clicked on

15-01-2025T09:24:04 - [TEST_STEP][PASSED] - click(findTestObject(path + "Фильтр ДЗО")): Object: 'Object Repository/Выполнение бизнес-плана/Фильтр ДЗО' is clicked on

15-01-2025T09:24:04 - [MESSAGE][PASSED] - Object: 'Object Repository/Выполнение бизнес-плана/Фильтр ДЗО' is clicked on

15-01-2025T09:24:04 - [TEST_STEP][PASSED] - click(findTestObject(path + "Снять выделение в фильтре ДЗО")): Object: 'Object Repository/Выполнение бизнес-плана/Снять выделение в фильтре ДЗО' is clicked on

15-01-2025T09:24:05 - [MESSAGE][PASSED] - Object: 'Object Repository/Выполнение бизнес-плана/Снять выделение в фильтре ДЗО' is clicked on

15-01-2025T09:24:05 - [TEST_STEP][PASSED] - click(findTestObject(path + "ПАО Россети")): Object: 'Object Repository/Выполнение бизнес-плана/ПАО Россети' is clicked on

15-01-2025T09:24:05 - [MESSAGE][PASSED] - Object: 'Object Repository/Выполнение бизнес-плана/ПАО Россети' is clicked on

15-01-2025T09:24:05 - [TEST_STEP][PASSED] - click(findTestObject(path + "Применить в фильтре ДЗО")): Object: 'Object Repository/Выполнение бизнес-плана/Применить в фильтре ДЗО' is clicked on

15-01-2025T09:24:06 - [MESSAGE][PASSED] - Object: 'Object Repository/Выполнение бизнес-плана/Применить в фильтре ДЗО' is clicked on

15-01-2025T09:24:06 - [TEST_STEP][PASSED] - delay(30): Delayed 30 second(s)

15-01-2025T09:24:36 - [MESSAGE][PASSED] - Delayed 30 second(s)

15-01-2025T09:24:36 - [TEST_STEP][PASSED] - VseDZO = getText(findTestObject(path + "Список ДЗО")): Text of object 'Object Repository/Выполнение бизнес-плана/Список ДЗО' is: '-0.07
3.10
3.73
-0.05
0.16
-0.52
-0.27
АО «Тываэнерго»
АО «Чеченэнерго»
Россети Северный Кавказ
Россети Сибирь
Россети Тюмень
Россети Центр (ГК)
Россети Центр и Приволжье (ГК)
-1
0
1
2
3
4
5
6
7'

15-01-2025T09:25:06 - [MESSAGE][PASSED] - Text of object 'Object Repository/Выполнение бизнес-плана/Список ДЗО' is: '-0.07
3.10
3.73
-0.05
0.16
-0.52
-0.27
АО «Тываэнерго»
АО «Чеченэнерго»
Россети Северный Кавказ
Россети Сибирь
Россети Тюмень
Россети Центр (ГК)
Россети Центр и Приволжье (ГК)
-1
0
1
2
3
4
5
6
7'

15-01-2025T09:25:06 - [TEST_STEP][PASSED] - pRR = GetAllPAOData(path, dZONum, VseDZO, z = "ПАО Россети/"): null

15-01-2025T09:25:06 - [TEST_STEP][PASSED] - path2 = "Значения со страницы Выполнение бизнес-плана/Table Data/": null

15-01-2025T09:25:06 - [TEST_STEP][PASSED] - ii = <not implemented yet for class: org.codehaus.groovy.ast.expr.EmptyExpression>: null

15-01-2025T09:25:06 - [TEST_STEP][PASSED] - i1 = <not implemented yet for class: org.codehaus.groovy.ast.expr.EmptyExpression>: null

15-01-2025T09:25:06 - [TEST_STEP][PASSED] - z = <not implemented yet for class: org.codehaus.groovy.ast.expr.EmptyExpression>: null

15-01-2025T09:25:06 - [TEST_STEP][PASSED] - z1 = <not implemented yet for class: org.codehaus.groovy.ast.expr.EmptyExpression>: null

15-01-2025T09:25:06 - [TEST_STEP][PASSED] - println("path: " + path): null

15-01-2025T09:25:06 - [TEST_STEP][PASSED] - z = getText(findTestObject(path + "Итого")).replaceAll("[\r?
|
]", "/"): Text of object 'Object Repository/Выполнение бизнес-плана/Итого' is: '%
5.56 5.56
5.52 5.52
План
Факт
1
100'

15-01-2025T09:25:08 - [MESSAGE][PASSED] - Text of object 'Object Repository/Выполнение бизнес-плана/Итого' is: '%
5.56 5.56
5.52 5.52
План
Факт
1
100'

15-01-2025T09:25:08 - [TEST_STEP][PASSED] - ii = z.indexOf("%") + 2: null

15-01-2025T09:25:08 - [TEST_STEP][PASSED] - if (ii > -1): null

15-01-2025T09:25:08 - [TEST_STEP][PASSED] - z = z.substring(ii, z.length()): null

15-01-2025T09:25:08 - [TEST_STEP][PASSED] - println(z): null

15-01-2025T09:25:08 - [TEST_STEP][PASSED] - ii = z.indexOf("/1/100") - 1: null

15-01-2025T09:25:08 - [TEST_STEP][PASSED] - if (ii > -1): null

15-01-2025T09:25:08 - [TEST_STEP][PASSED] - z = z.substring(0, ii): null

15-01-2025T09:25:08 - [TEST_STEP][PASSED] - println(z): null

15-01-2025T09:25:08 - [TEST_STEP][PASSED] - ii = z.indexOf("План"): null

15-01-2025T09:25:08 - [TEST_STEP][PASSED] - if (ii > -1): null

15-01-2025T09:25:08 - [TEST_STEP][PASSED] - z = z.substring(0, ii): null

15-01-2025T09:25:08 - [TEST_STEP][PASSED] - println(z): null

15-01-2025T09:25:08 - [TEST_STEP][PASSED] - ii = z.indexOf("/") + 1: null

15-01-2025T09:25:08 - [TEST_STEP][PASSED] - z1 = z.substring(0, ii): null

15-01-2025T09:25:08 - [TEST_STEP][PASSED] - println(z1): null

15-01-2025T09:25:08 - [TEST_STEP][PASSED] - z = z.substring(ii, z.length()): null

15-01-2025T09:25:08 - [TEST_STEP][PASSED] - println(z): null

15-01-2025T09:25:08 - [TEST_STEP][PASSED] - ii = z1.length() / 2: null

15-01-2025T09:25:08 - [TEST_STEP][PASSED] - z1 = replaceAll("[\r?
|
]", "/").trim(): null

15-01-2025T09:25:08 - [TEST_STEP][PASSED] - println(z1): null

15-01-2025T09:25:08 - [TEST_STEP][PASSED] - ii = z.length() / 2: null

15-01-2025T09:25:08 - [TEST_STEP][PASSED] - z = replace("/", "").trim(): null

15-01-2025T09:25:08 - [TEST_STEP][PASSED] - println(z): null

15-01-2025T09:25:08 - [TEST_STEP][PASSED] - x = x + z1 + "/" + z: null

15-01-2025T09:25:08 - [TEST_STEP][PASSED] - println(x): null

15-01-2025T09:25:08 - [TEST_STEP][PASSED] - if (verifyElementPresent(findTestObject(path + "Таблица Итого-Факт"), 30)): null

15-01-2025T09:25:08 - [MESSAGE][PASSED] - Object 'Object Repository/Выполнение бизнес-плана/Таблица Итого-Факт' is present

15-01-2025T09:25:08 - [TEST_STEP][PASSED] - z = replaceAll("\s+", "").replaceAll("[а-яА-Я]", ""): Text of object 'Object Repository/Выполнение бизнес-плана/Таблица Итого-Факт' is: 'Отпуск в сеть 230 146 370
Отпуск из сети 209 300 970
Потери 20 845 400'

15-01-2025T09:25:08 - [MESSAGE][PASSED] - Text of object 'Object Repository/Выполнение бизнес-плана/Таблица Итого-Факт' is: 'Отпуск в сеть 230 146 370
Отпуск из сети 209 300 970
Потери 20 845 400'

15-01-2025T09:25:08 - [TEST_STEP][PASSED] - println(z): null

15-01-2025T09:25:08 - [TEST_STEP][PASSED] - x = x + "/" + z: null

15-01-2025T09:25:08 - [TEST_STEP][PASSED] - println(x): null

15-01-2025T09:25:08 - [TEST_STEP][PASSED] - click(findTestObject(path + "Кнопка План")): Object: 'Object Repository/Выполнение бизнес-плана/Кнопка План' is clicked on

15-01-2025T09:25:09 - [MESSAGE][PASSED] - Object: 'Object Repository/Выполнение бизнес-плана/Кнопка План' is clicked on

15-01-2025T09:25:09 - [TEST_STEP][PASSED] - z = replaceAll("\s+", "").replaceAll("[а-яА-Я]", ""): Text of object 'Object Repository/Выполнение бизнес-плана/Таблица Итого-План' is: 'Отпуск в сеть 225 220 588
Отпуск из сети 205 622 267
Потери 19 598 321'

15-01-2025T09:25:09 - [MESSAGE][PASSED] - Text of object 'Object Repository/Выполнение бизнес-плана/Таблица Итого-План' is: 'Отпуск в сеть 225 220 588
Отпуск из сети 205 622 267
Потери 19 598 321'

15-01-2025T09:25:09 - [TEST_STEP][PASSED] - x = x + "/" + z: null

15-01-2025T09:25:09 - [TEST_STEP][PASSED] - println(x): null

15-01-2025T09:25:09 - [TEST_STEP][PASSED] - click(findTestObject(path + "Кнопка Факт")): Object: 'Object Repository/Выполнение бизнес-плана/Кнопка Факт' is clicked on

15-01-2025T09:25:09 - [MESSAGE][PASSED] - Object: 'Object Repository/Выполнение бизнес-плана/Кнопка Факт' is clicked on

15-01-2025T09:25:09 - [TEST_STEP][PASSED] - return x: null

15-01-2025T09:25:09 - [TEST_STEP][PASSED] - println("pRR: " + pRR): null

15-01-2025T09:25:09 - [TEST_STEP][PASSED] - i = VseDZO.indexOf("ЕЭС"): null

15-01-2025T09:25:09 - [TEST_STEP][PASSED] - if (i > -1): null

15-01-2025T09:25:09 - [TEST_STEP][PASSED] - else: null

15-01-2025T09:25:09 - [TEST_STEP][PASSED] - fR = fR + "нет данных/нет данных/нет данных/нет данных/нет данных/нет данных/нет данных/нет данных/нет данных": null

15-01-2025T09:25:09 - [TEST_STEP][PASSED] - println("fR: " + fR): null

15-01-2025T09:25:09 - [TEST_STEP][PASSED] - i = VseDZO.indexOf("Тываэнерго"): null

15-01-2025T09:25:09 - [TEST_STEP][PASSED] - if (i > -1): null

15-01-2025T09:25:09 - [TEST_STEP][PASSED] - dZONum = dZONum + 1: null

15-01-2025T09:25:09 - [TEST_STEP][PASSED] - tyR = GetAllData(path, dZONum, VseDZO, x = "АО "Тываэнерго"/"): null

15-01-2025T09:25:09 - [TEST_STEP][PASSED] - ii = <not implemented yet for class: org.codehaus.groovy.ast.expr.EmptyExpression>: null

15-01-2025T09:25:09 - [TEST_STEP][PASSED] - i1 = <not implemented yet for class: org.codehaus.groovy.ast.expr.EmptyExpression>: null

15-01-2025T09:25:09 - [TEST_STEP][PASSED] - z = <not implemented yet for class: org.codehaus.groovy.ast.expr.EmptyExpression>: null

15-01-2025T09:25:09 - [TEST_STEP][PASSED] - path2 = "Значения со страницы Выполнение бизнес-плана/Table Data/": null

15-01-2025T09:25:09 - [TEST_STEP][PASSED] - println("path: " + path): null

15-01-2025T09:25:09 - [TEST_STEP][PASSED] - println("dZONum: " + dZONum): null

15-01-2025T09:25:09 - [TEST_STEP][PASSED] - z = getText(findTestObject(path + "spanPlan" + dZONum)): Text of object 'Object Repository/Выполнение бизнес-плана/spanPlan1' is: '21.24
|'

15-01-2025T09:25:10 - [MESSAGE][PASSED] - Text of object 'Object Repository/Выполнение бизнес-плана/spanPlan1' is: '21.24
|'

15-01-2025T09:25:10 - [TEST_STEP][PASSED] - println(z): null

15-01-2025T09:25:10 - [TEST_STEP][PASSED] - ii = z.indexOf("|"): null

15-01-2025T09:25:10 - [TEST_STEP][PASSED] - if (ii > -1): null

15-01-2025T09:25:10 - [TEST_STEP][PASSED] - z = z.substring(0, z.length() - 1): null

15-01-2025T09:25:10 - [TEST_STEP][PASSED] - println(z): null

15-01-2025T09:25:10 - [TEST_STEP][PASSED] - z = z.replaceAll("\s+", ""): null

15-01-2025T09:25:10 - [TEST_STEP][PASSED] - z = z.replace("[\r?
|
]", "/"): null

15-01-2025T09:25:10 - [TEST_STEP][PASSED] - println(z): null

15-01-2025T09:25:10 - [TEST_STEP][PASSED] - x = x + z: null

15-01-2025T09:25:10 - [TEST_STEP][PASSED] - z = getText(findTestObject(path + "spanFact" + dZONum)): Text of object 'Object Repository/Выполнение бизнес-плана/spanFact1' is: '21.17'

15-01-2025T09:25:10 - [MESSAGE][PASSED] - Text of object 'Object Repository/Выполнение бизнес-плана/spanFact1' is: '21.17'

15-01-2025T09:25:10 - [TEST_STEP][PASSED] - ii = z.indexOf("|"): null

15-01-2025T09:25:10 - [TEST_STEP][PASSED] - if (ii > -1): null

15-01-2025T09:25:10 - [TEST_STEP][PASSED] - x = x + "/" + z: null

15-01-2025T09:25:10 - [TEST_STEP][PASSED] - z = getText(findTestObject(path + path2 + "Факт Отпуск в сеть за отчётный период " + dZONum)).replaceAll("\s+", ""): Text of object 'Object Repository/Выполнение бизнес-плана/Значения со страницы Выполнение бизнес-плана/Table Data/Факт Отпуск в сеть за отчётный период 1' is: '642 168'

15-01-2025T09:25:10 - [MESSAGE][PASSED] - Text of object 'Object Repository/Выполнение бизнес-плана/Значения со страницы Выполнение бизнес-плана/Table Data/Факт Отпуск в сеть за отчётный период 1' is: '642 168'

15-01-2025T09:25:10 - [TEST_STEP][PASSED] - x = x + "/" + z: null

15-01-2025T09:25:10 - [TEST_STEP][PASSED] - z = getText(findTestObject(path + path2 + "Факт Отпуск из сети за отчётный период " + dZONum)).replaceAll("\s+", ""): Text of object 'Object Repository/Выполнение бизнес-плана/Значения со страницы Выполнение бизнес-плана/Table Data/Факт Отпуск из сети за отчётный период 1' is: '506 218'

15-01-2025T09:25:10 - [MESSAGE][PASSED] - Text of object 'Object Repository/Выполнение бизнес-плана/Значения со страницы Выполнение бизнес-плана/Table Data/Факт Отпуск из сети за отчётный период 1' is: '506 218'

15-01-2025T09:25:10 - [TEST_STEP][PASSED] - x = x + "/" + z: null

15-01-2025T09:25:10 - [TEST_STEP][PASSED] - z = getText(findTestObject(path + path2 + "Факт Потери за отчётный период " + dZONum)).replaceAll("\s+", ""): Text of object 'Object Repository/Выполнение бизнес-плана/Значения со страницы Выполнение бизнес-плана/Table Data/Факт Потери за отчётный период 1' is: '135 950'

15-01-2025T09:25:11 - [MESSAGE][PASSED] - Text of object 'Object Repository/Выполнение бизнес-плана/Значения со страницы Выполнение бизнес-плана/Table Data/Факт Потери за отчётный период 1' is: '135 950'

15-01-2025T09:25:11 - [TEST_STEP][PASSED] - x = x + "/" + z: null

15-01-2025T09:25:11 - [TEST_STEP][PASSED] - z = getText(findTestObject(path + path2 + "План Отпуск в сеть за отчётный период " + dZONum)).replaceAll("\s+", ""): Text of object 'Object Repository/Выполнение бизнес-плана/Значения со страницы Выполнение бизнес-плана/Table Data/План Отпуск в сеть за отчётный период 1' is: '608 287'

15-01-2025T09:25:11 - [MESSAGE][PASSED] - Text of object 'Object Repository/Выполнение бизнес-плана/Значения со страницы Выполнение бизнес-плана/Table Data/План Отпуск в сеть за отчётный период 1' is: '608 287'

15-01-2025T09:25:11 - [TEST_STEP][PASSED] - x = x + "/" + z: null

15-01-2025T09:25:11 - [TEST_STEP][PASSED] - z = getText(findTestObject(path + path2 + "План Отпуск из сети за отчётный период " + dZONum)).replaceAll("\s+", ""): Text of object 'Object Repository/Выполнение бизнес-плана/Значения со страницы Выполнение бизнес-плана/Table Data/План Отпуск из сети за отчётный период 1' is: '479 095'

15-01-2025T09:25:11 - [MESSAGE][PASSED] - Text of object 'Object Repository/Выполнение бизнес-плана/Значения со страницы Выполнение бизнес-плана/Table Data/План Отпуск из сети за отчётный период 1' is: '479 095'

15-01-2025T09:25:11 - [TEST_STEP][PASSED] - x = x + "/" + z: null

15-01-2025T09:25:11 - [TEST_STEP][PASSED] - z = getText(findTestObject(path + path2 + "План Потери за отчётный период " + dZONum)).replaceAll("\s+", ""): Text of object 'Object Repository/Выполнение бизнес-плана/Значения со страницы Выполнение бизнес-плана/Table Data/План Потери за отчётный период 1' is: '129 192'

15-01-2025T09:25:12 - [MESSAGE][PASSED] - Text of object 'Object Repository/Выполнение бизнес-плана/Значения со страницы Выполнение бизнес-плана/Table Data/План Потери за отчётный период 1' is: '129 192'

15-01-2025T09:25:12 - [TEST_STEP][PASSED] - x = x + "/" + z: null

15-01-2025T09:25:12 - [TEST_STEP][PASSED] - z = getText(findTestObject(path + "Список ДЗО")).replaceAll("[\r?
|
]", "/"): Text of object 'Object Repository/Выполнение бизнес-плана/Список ДЗО' is: '-0.07
3.10
3.73
-0.05
0.16
-0.52
-0.27
АО «Тываэнерго»
АО «Чеченэнерго»
Россети Северный Кавказ
Россети Сибирь
Россети Тюмень
Россети Центр (ГК)
Россети Центр и Приволжье (ГК)
-1
0
1
2
3
4
5
6
7'

15-01-2025T09:25:12 - [MESSAGE][PASSED] - Text of object 'Object Repository/Выполнение бизнес-плана/Список ДЗО' is: '-0.07
3.10
3.73
-0.05
0.16
-0.52
-0.27
АО «Тываэнерго»
АО «Чеченэнерго»
Россети Северный Кавказ
Россети Сибирь
Россети Тюмень
Россети Центр (ГК)
Россети Центр и Приволжье (ГК)
-1
0
1
2
3
4
5
6
7'

15-01-2025T09:25:12 - [TEST_STEP][PASSED] - for ([ii = 1, ii < dZONum, (ii++)]): null

15-01-2025T09:25:12 - [TEST_STEP][PASSED] - i1 = z.indexOf("/"): null

15-01-2025T09:25:12 - [TEST_STEP][PASSED] - if (i1 > -1): null

15-01-2025T09:25:12 - [TEST_STEP][PASSED] - z = z.substring(0, i1): null

15-01-2025T09:25:12 - [TEST_STEP][PASSED] - z = z.replace(",", "."): null

15-01-2025T09:25:12 - [TEST_STEP][PASSED] - println(z): null

15-01-2025T09:25:12 - [TEST_STEP][PASSED] - x = x + "/" + z: null

15-01-2025T09:25:12 - [TEST_STEP][PASSED] - x = x.replaceAll("[\r?
|
]", ""): null

15-01-2025T09:25:12 - [TEST_STEP][PASSED] - println(x): null

15-01-2025T09:25:12 - [TEST_STEP][PASSED] - return x: null

15-01-2025T09:25:12 - [TEST_STEP][PASSED] - println("tyR: " + tyR): null

15-01-2025T09:25:12 - [TEST_STEP][PASSED] - i = VseDZO.indexOf("Чеченэнерго"): null

15-01-2025T09:25:12 - [TEST_STEP][PASSED] - if (i > -1): null

15-01-2025T09:25:12 - [TEST_STEP][PASSED] - dZONum = dZONum + 1: null

15-01-2025T09:25:12 - [TEST_STEP][PASSED] - chR = GetAllData(path, dZONum, VseDZO, x = "АО "Чеченэнерго"/"): null

15-01-2025T09:25:12 - [TEST_STEP][PASSED] - ii = <not implemented yet for class: org.codehaus.groovy.ast.expr.EmptyExpression>: null

15-01-2025T09:25:12 - [TEST_STEP][PASSED] - i1 = <not implemented yet for class: org.codehaus.groovy.ast.expr.EmptyExpression>: null

15-01-2025T09:25:12 - [TEST_STEP][PASSED] - z = <not implemented yet for class: org.codehaus.groovy.ast.expr.EmptyExpression>: null

15-01-2025T09:25:12 - [TEST_STEP][PASSED] - path2 = "Значения со страницы Выполнение бизнес-плана/Table Data/": null

15-01-2025T09:25:12 - [TEST_STEP][PASSED] - println("path: " + path): null

15-01-2025T09:25:12 - [TEST_STEP][PASSED] - println("dZONum: " + dZONum): null

15-01-2025T09:25:12 - [TEST_STEP][PASSED] - z = getText(findTestObject(path + "spanPlan" + dZONum)): Text of object 'Object Repository/Выполнение бизнес-плана/spanPlan2' is: '33.23'

15-01-2025T09:25:12 - [MESSAGE][PASSED] - Text of object 'Object Repository/Выполнение бизнес-плана/spanPlan2' is: '33.23'

15-01-2025T09:25:12 - [TEST_STEP][PASSED] - println(z): null

15-01-2025T09:25:12 - [TEST_STEP][PASSED] - ii = z.indexOf("|"): null

15-01-2025T09:25:12 - [TEST_STEP][PASSED] - if (ii > -1): null

15-01-2025T09:25:12 - [TEST_STEP][PASSED] - z = z.replaceAll("\s+", ""): null

15-01-2025T09:25:12 - [TEST_STEP][PASSED] - z = z.replace("[\r?
|
]", "/"): null

15-01-2025T09:25:12 - [TEST_STEP][PASSED] - println(z): null

15-01-2025T09:25:12 - [TEST_STEP][PASSED] - x = x + z: null

15-01-2025T09:25:12 - [TEST_STEP][PASSED] - z = getText(findTestObject(path + "spanFact" + dZONum)): Text of object 'Object Repository/Выполнение бизнес-плана/spanFact2' is: '36.33
|'

15-01-2025T09:25:13 - [MESSAGE][PASSED] - Text of object 'Object Repository/Выполнение бизнес-плана/spanFact2' is: '36.33
|'

15-01-2025T09:25:13 - [TEST_STEP][PASSED] - ii = z.indexOf("|"): null

15-01-2025T09:25:13 - [TEST_STEP][PASSED] - if (ii > -1): null

15-01-2025T09:25:13 - [TEST_STEP][PASSED] - z = length() - 1).replace("[\r?
|
]", "/"): null

15-01-2025T09:25:13 - [TEST_STEP][PASSED] - x = x + "/" + z: null

15-01-2025T09:25:13 - [TEST_STEP][PASSED] - z = getText(findTestObject(path + path2 + "Факт Отпуск в сеть за отчётный период " + dZONum)).replaceAll("\s+", ""): Text of object 'Object Repository/Выполнение бизнес-плана/Значения со страницы Выполнение бизнес-плана/Table Data/Факт Отпуск в сеть за отчётный период 2' is: '3 631 955'

15-01-2025T09:25:13 - [MESSAGE][PASSED] - Text of object 'Object Repository/Выполнение бизнес-плана/Значения со страницы Выполнение бизнес-плана/Table Data/Факт Отпуск в сеть за отчётный период 2' is: '3 631 955'

15-01-2025T09:25:13 - [TEST_STEP][PASSED] - x = x + "/" + z: null

15-01-2025T09:25:13 - [TEST_STEP][PASSED] - z = getText(findTestObject(path + path2 + "Факт Отпуск из сети за отчётный период " + dZONum)).replaceAll("\s+", ""): Text of object 'Object Repository/Выполнение бизнес-плана/Значения со страницы Выполнение бизнес-плана/Table Data/Факт Отпуск из сети за отчётный период 2' is: '2 312 442'

15-01-2025T09:25:13 - [MESSAGE][PASSED] - Text of object 'Object Repository/Выполнение бизнес-плана/Значения со страницы Выполнение бизнес-плана/Table Data/Факт Отпуск из сети за отчётный период 2' is: '2 312 442'

15-01-2025T09:25:13 - [TEST_STEP][PASSED] - x = x + "/" + z: null

15-01-2025T09:25:13 - [TEST_STEP][PASSED] - z = getText(findTestObject(path + path2 + "Факт Потери за отчётный период " + dZONum)).replaceAll("\s+", ""): Text of object 'Object Repository/Выполнение бизнес-плана/Значения со страницы Выполнение бизнес-плана/Table Data/Факт Потери за отчётный период 2' is: '1 319 513'

15-01-2025T09:25:14 - [MESSAGE][PASSED] - Text of object 'Object Repository/Выполнение бизнес-плана/Значения со страницы Выполнение бизнес-плана/Table Data/Факт Потери за отчётный период 2' is: '1 319 513'

15-01-2025T09:25:14 - [TEST_STEP][PASSED] - x = x + "/" + z: null

15-01-2025T09:25:14 - [TEST_STEP][PASSED] - z = getText(findTestObject(path + path2 + "План Отпуск в сеть за отчётный период " + dZONum)).replaceAll("\s+", ""): Text of object 'Object Repository/Выполнение бизнес-плана/Значения со страницы Выполнение бизнес-плана/Table Data/План Отпуск в сеть за отчётный период 2' is: '3 403 997'

15-01-2025T09:25:14 - [MESSAGE][PASSED] - Text of object 'Object Repository/Выполнение бизнес-плана/Значения со страницы Выполнение бизнес-плана/Table Data/План Отпуск в сеть за отчётный период 2' is: '3 403 997'

15-01-2025T09:25:14 - [TEST_STEP][PASSED] - x = x + "/" + z: null

15-01-2025T09:25:14 - [TEST_STEP][PASSED] - z = getText(findTestObject(path + path2 + "План Отпуск из сети за отчётный период " + dZONum)).replaceAll("\s+", ""): Text of object 'Object Repository/Выполнение бизнес-плана/Значения со страницы Выполнение бизнес-плана/Table Data/План Отпуск из сети за отчётный период 2' is: '2 272 993'

15-01-2025T09:25:14 - [MESSAGE][PASSED] - Text of object 'Object Repository/Выполнение бизнес-плана/Значения со страницы Выполнение бизнес-плана/Table Data/План Отпуск из сети за отчётный период 2' is: '2 272 993'

15-01-2025T09:25:14 - [TEST_STEP][PASSED] - x = x + "/" + z: null

15-01-2025T09:25:14 - [TEST_STEP][PASSED] - z = getText(findTestObject(path + path2 + "План Потери за отчётный период " + dZONum)).replaceAll("\s+", ""): Text of object 'Object Repository/Выполнение бизнес-плана/Значения со страницы Выполнение бизнес-плана/Table Data/План Потери за отчётный период 2' is: '1 131 004'

15-01-2025T09:25:14 - [MESSAGE][PASSED] - Text of object 'Object Repository/Выполнение бизнес-плана/Значения со страницы Выполнение бизнес-плана/Table Data/План Потери за отчётный период 2' is: '1 131 004'

15-01-2025T09:25:14 - [TEST_STEP][PASSED] - x = x + "/" + z: null

15-01-2025T09:25:14 - [TEST_STEP][PASSED] - z = getText(findTestObject(path + "Список ДЗО")).replaceAll("[\r?
|
]", "/"): Text of object 'Object Repository/Выполнение бизнес-плана/Список ДЗО' is: '-0.07
3.10
3.73
-0.05
0.16
-0.52
-0.27
АО «Тываэнерго»
АО «Чеченэнерго»
Россети Северный Кавказ
Россети Сибирь
Россети Тюмень
Россети Центр (ГК)
Россети Центр и Приволжье (ГК)
-1
0
1
2
3
4
5
6
7'

15-01-2025T09:25:15 - [MESSAGE][PASSED] - Text of object 'Object Repository/Выполнение бизнес-плана/Список ДЗО' is: '-0.07
3.10
3.73
-0.05
0.16
-0.52
-0.27
АО «Тываэнерго»
АО «Чеченэнерго»
Россети Северный Кавказ
Россети Сибирь
Россети Тюмень
Россети Центр (ГК)
Россети Центр и Приволжье (ГК)
-1
0
1
2
3
4
5
6
7'

15-01-2025T09:25:15 - [TEST_STEP][PASSED] - for ([ii = 1, ii < dZONum, (ii++)]): null

15-01-2025T09:25:15 - [TEST_STEP][PASSED] - i1 = z.indexOf("/") + 1: null

15-01-2025T09:25:15 - [TEST_STEP][PASSED] - if (i1 > -1): null

15-01-2025T09:25:15 - [TEST_STEP][PASSED] - z = z.substring(i1, z.length()): null

15-01-2025T09:25:15 - [TEST_STEP][PASSED] - i1 = z.indexOf("/"): null

15-01-2025T09:25:15 - [TEST_STEP][PASSED] - i1 = z.indexOf("/"): null

15-01-2025T09:25:15 - [TEST_STEP][PASSED] - if (i1 > -1): null

15-01-2025T09:25:15 - [TEST_STEP][PASSED] - z = z.substring(0, i1): null

15-01-2025T09:25:15 - [TEST_STEP][PASSED] - z = z.replace(",", "."): null

15-01-2025T09:25:15 - [TEST_STEP][PASSED] - println(z): null

15-01-2025T09:25:15 - [TEST_STEP][PASSED] - x = x + "/" + z: null

15-01-2025T09:25:15 - [TEST_STEP][PASSED] - x = x.replaceAll("[\r?
|
]", ""): null

15-01-2025T09:25:15 - [TEST_STEP][PASSED] - println(x): null

15-01-2025T09:25:15 - [TEST_STEP][PASSED] - return x: null

15-01-2025T09:25:15 - [TEST_STEP][PASSED] - println("chR: " + chR): null

15-01-2025T09:25:15 - [TEST_STEP][PASSED] - i = VseDZO.indexOf("Волга"): null

15-01-2025T09:25:15 - [TEST_STEP][PASSED] - if (i > -1): null

15-01-2025T09:25:15 - [TEST_STEP][PASSED] - else: null

15-01-2025T09:25:15 - [TEST_STEP][PASSED] - vR = vR + "нет данных/нет данных/нет данных/нет данных/нет данных/нет данных/нет данных/нет данных/нет данных": null

15-01-2025T09:25:15 - [TEST_STEP][PASSED] - println("vR: " + vR): null

15-01-2025T09:25:15 - [TEST_STEP][PASSED] - i = VseDZO.indexOf("Кубань"): null

15-01-2025T09:25:15 - [TEST_STEP][PASSED] - if (i > -1): null

15-01-2025T09:25:15 - [TEST_STEP][PASSED] - else: null

15-01-2025T09:25:15 - [TEST_STEP][PASSED] - kR = kR + "нет данных/нет данных/нет данных/нет данных/нет данных/нет данных/нет данных/нет данных/нет данных": null

15-01-2025T09:25:15 - [TEST_STEP][PASSED] - println("kR: " + kR): null

15-01-2025T09:25:15 - [TEST_STEP][PASSED] - i = VseDZO.indexOf("Ленэнерго"): null

15-01-2025T09:25:15 - [TEST_STEP][PASSED] - if (i > -1): null

15-01-2025T09:25:15 - [TEST_STEP][PASSED] - else: null

15-01-2025T09:25:15 - [TEST_STEP][PASSED] - lR = lR + "нет данных/нет данных/нет данных/нет данных/нет данных/нет данных/нет данных/нет данных/нет данных": null

15-01-2025T09:25:15 - [TEST_STEP][PASSED] - println("lR: " + lR): null

15-01-2025T09:25:15 - [TEST_STEP][PASSED] - i = VseDZO.indexOf("Московский"): null

15-01-2025T09:25:15 - [TEST_STEP][PASSED] - if (i > -1): null

15-01-2025T09:25:15 - [TEST_STEP][PASSED] - else: null

15-01-2025T09:25:15 - [TEST_STEP][PASSED] - mR = mR + "нет данных/нет данных/нет данных/нет данных/нет данных/нет данных/нет данных/нет данных/нет данных": null

15-01-2025T09:25:15 - [TEST_STEP][PASSED] - println("mR: " + mR): null

15-01-2025T09:25:15 - [TEST_STEP][PASSED] - i = VseDZO.indexOf("Кавказ"): null

15-01-2025T09:25:15 - [TEST_STEP][PASSED] - if (i > -1): null

15-01-2025T09:25:15 - [TEST_STEP][PASSED] - dZONum = dZONum + 1: null

15-01-2025T09:25:15 - [TEST_STEP][PASSED] - sKR = GetAllData(path, dZONum, VseDZO, x = "Россети Северный Кавказ (ГК)/"): null

15-01-2025T09:25:15 - [TEST_STEP][PASSED] - ii = <not implemented yet for class: org.codehaus.groovy.ast.expr.EmptyExpression>: null

15-01-2025T09:25:15 - [TEST_STEP][PASSED] - i1 = <not implemented yet for class: org.codehaus.groovy.ast.expr.EmptyExpression>: null

15-01-2025T09:25:15 - [TEST_STEP][PASSED] - z = <not implemented yet for class: org.codehaus.groovy.ast.expr.EmptyExpression>: null

15-01-2025T09:25:15 - [TEST_STEP][PASSED] - path2 = "Значения со страницы Выполнение бизнес-плана/Table Data/": null

15-01-2025T09:25:15 - [TEST_STEP][PASSED] - println("path: " + path): null

15-01-2025T09:25:15 - [TEST_STEP][PASSED] - println("dZONum: " + dZONum): null

15-01-2025T09:25:15 - [TEST_STEP][PASSED] - z = getText(findTestObject(path + "spanPlan" + dZONum)): Text of object 'Object Repository/Выполнение бизнес-плана/spanPlan3' is: '23.32'

15-01-2025T09:25:15 - [MESSAGE][PASSED] - Text of object 'Object Repository/Выполнение бизнес-плана/spanPlan3' is: '23.32'

15-01-2025T09:25:15 - [TEST_STEP][PASSED] - println(z): null

15-01-2025T09:25:15 - [TEST_STEP][PASSED] - ii = z.indexOf("|"): null

15-01-2025T09:25:15 - [TEST_STEP][PASSED] - if (ii > -1): null

15-01-2025T09:25:15 - [TEST_STEP][PASSED] - z = z.replaceAll("\s+", ""): null

15-01-2025T09:25:15 - [TEST_STEP][PASSED] - z = z.replace("[\r?
|
]", "/"): null

15-01-2025T09:25:15 - [TEST_STEP][PASSED] - println(z): null

15-01-2025T09:25:15 - [TEST_STEP][PASSED] - x = x + z: null

15-01-2025T09:25:15 - [TEST_STEP][PASSED] - z = getText(findTestObject(path + "spanFact" + dZONum)): Text of object 'Object Repository/Выполнение бизнес-плана/spanFact3' is: '27.05
|'

15-01-2025T09:25:15 - [MESSAGE][PASSED] - Text of object 'Object Repository/Выполнение бизнес-плана/spanFact3' is: '27.05
|'

15-01-2025T09:25:15 - [TEST_STEP][PASSED] - ii = z.indexOf("|"): null

15-01-2025T09:25:15 - [TEST_STEP][PASSED] - if (ii > -1): null

15-01-2025T09:25:15 - [TEST_STEP][PASSED] - z = length() - 1).replace("[\r?
|
]", "/"): null

15-01-2025T09:25:15 - [TEST_STEP][PASSED] - x = x + "/" + z: null

15-01-2025T09:25:15 - [TEST_STEP][PASSED] - z = getText(findTestObject(path + path2 + "Факт Отпуск в сеть за отчётный период " + dZONum)).replaceAll("\s+", ""): Text of object 'Object Repository/Выполнение бизнес-плана/Значения со страницы Выполнение бизнес-плана/Table Data/Факт Отпуск в сеть за отчётный период 3' is: '20 651 499'

15-01-2025T09:25:16 - [MESSAGE][PASSED] - Text of object 'Object Repository/Выполнение бизнес-плана/Значения со страницы Выполнение бизнес-плана/Table Data/Факт Отпуск в сеть за отчётный период 3' is: '20 651 499'

15-01-2025T09:25:16 - [TEST_STEP][PASSED] - x = x + "/" + z: null

15-01-2025T09:25:16 - [TEST_STEP][PASSED] - z = getText(findTestObject(path + path2 + "Факт Отпуск из сети за отчётный период " + dZONum)).replaceAll("\s+", ""): Text of object 'Object Repository/Выполнение бизнес-плана/Значения со страницы Выполнение бизнес-плана/Table Data/Факт Отпуск из сети за отчётный период 3' is: '15 078 002'

15-01-2025T09:25:16 - [MESSAGE][PASSED] - Text of object 'Object Repository/Выполнение бизнес-плана/Значения со страницы Выполнение бизнес-плана/Table Data/Факт Отпуск из сети за отчётный период 3' is: '15 078 002'

15-01-2025T09:25:16 - [TEST_STEP][PASSED] - x = x + "/" + z: null

15-01-2025T09:25:16 - [TEST_STEP][PASSED] - z = getText(findTestObject(path + path2 + "Факт Потери за отчётный период " + dZONum)).replaceAll("\s+", ""): Text of object 'Object Repository/Выполнение бизнес-плана/Значения со страницы Выполнение бизнес-плана/Table Data/Факт Потери за отчётный период 3' is: '5 573 496'

15-01-2025T09:25:16 - [MESSAGE][PASSED] - Text of object 'Object Repository/Выполнение бизнес-плана/Значения со страницы Выполнение бизнес-плана/Table Data/Факт Потери за отчётный период 3' is: '5 573 496'

15-01-2025T09:25:16 - [TEST_STEP][PASSED] - x = x + "/" + z: null

15-01-2025T09:25:16 - [TEST_STEP][PASSED] - z = getText(findTestObject(path + path2 + "План Отпуск в сеть за отчётный период " + dZONum)).replaceAll("\s+", ""): Text of object 'Object Repository/Выполнение бизнес-плана/Значения со страницы Выполнение бизнес-плана/Table Data/План Отпуск в сеть за отчётный период 3' is: '19 485 633'

15-01-2025T09:25:17 - [MESSAGE][PASSED] - Text of object 'Object Repository/Выполнение бизнес-плана/Значения со страницы Выполнение бизнес-плана/Table Data/План Отпуск в сеть за отчётный период 3' is: '19 485 633'

15-01-2025T09:25:17 - [TEST_STEP][PASSED] - x = x + "/" + z: null

15-01-2025T09:25:17 - [TEST_STEP][PASSED] - z = getText(findTestObject(path + path2 + "План Отпуск из сети за отчётный период " + dZONum)).replaceAll("\s+", ""): Text of object 'Object Repository/Выполнение бизнес-плана/Значения со страницы Выполнение бизнес-плана/Table Data/План Отпуск из сети за отчётный период 3' is: '14 949 980'

15-01-2025T09:25:17 - [MESSAGE][PASSED] - Text of object 'Object Repository/Выполнение бизнес-плана/Значения со страницы Выполнение бизнес-плана/Table Data/План Отпуск из сети за отчётный период 3' is: '14 949 980'

15-01-2025T09:25:17 - [TEST_STEP][PASSED] - x = x + "/" + z: null

15-01-2025T09:25:17 - [TEST_STEP][PASSED] - z = getText(findTestObject(path + path2 + "План Потери за отчётный период " + dZONum)).replaceAll("\s+", ""): Text of object 'Object Repository/Выполнение бизнес-плана/Значения со страницы Выполнение бизнес-плана/Table Data/План Потери за отчётный период 3' is: '4 535 653'

15-01-2025T09:25:17 - [MESSAGE][PASSED] - Text of object 'Object Repository/Выполнение бизнес-плана/Значения со страницы Выполнение бизнес-плана/Table Data/План Потери за отчётный период 3' is: '4 535 653'

15-01-2025T09:25:17 - [TEST_STEP][PASSED] - x = x + "/" + z: null

15-01-2025T09:25:17 - [TEST_STEP][PASSED] - z = getText(findTestObject(path + "Список ДЗО")).replaceAll("[\r?
|
]", "/"): Text of object 'Object Repository/Выполнение бизнес-плана/Список ДЗО' is: '-0.07
3.10
3.73
-0.05
0.16
-0.52
-0.27
АО «Тываэнерго»
АО «Чеченэнерго»
Россети Северный Кавказ
Россети Сибирь
Россети Тюмень
Россети Центр (ГК)
Россети Центр и Приволжье (ГК)
-1
0
1
2
3
4
5
6
7'

15-01-2025T09:25:18 - [MESSAGE][PASSED] - Text of object 'Object Repository/Выполнение бизнес-плана/Список ДЗО' is: '-0.07
3.10
3.73
-0.05
0.16
-0.52
-0.27
АО «Тываэнерго»
АО «Чеченэнерго»
Россети Северный Кавказ
Россети Сибирь
Россети Тюмень
Россети Центр (ГК)
Россети Центр и Приволжье (ГК)
-1
0
1
2
3
4
5
6
7'

15-01-2025T09:25:18 - [TEST_STEP][PASSED] - for ([ii = 1, ii < dZONum, (ii++)]): null

15-01-2025T09:25:18 - [TEST_STEP][PASSED] - i1 = z.indexOf("/") + 1: null

15-01-2025T09:25:18 - [TEST_STEP][PASSED] - if (i1 > -1): null

15-01-2025T09:25:18 - [TEST_STEP][PASSED] - z = z.substring(i1, z.length()): null

15-01-2025T09:25:18 - [TEST_STEP][PASSED] - i1 = z.indexOf("/"): null

15-01-2025T09:25:18 - [TEST_STEP][PASSED] - i1 = z.indexOf("/") + 1: null

15-01-2025T09:25:18 - [TEST_STEP][PASSED] - if (i1 > -1): null

15-01-2025T09:25:18 - [TEST_STEP][PASSED] - z = z.substring(i1, z.length()): null

15-01-2025T09:25:18 - [TEST_STEP][PASSED] - i1 = z.indexOf("/"): null

15-01-2025T09:25:18 - [TEST_STEP][PASSED] - i1 = z.indexOf("/"): null

15-01-2025T09:25:18 - [TEST_STEP][PASSED] - if (i1 > -1): null

15-01-2025T09:25:18 - [TEST_STEP][PASSED] - z = z.substring(0, i1): null

15-01-2025T09:25:18 - [TEST_STEP][PASSED] - z = z.replace(",", "."): null

15-01-2025T09:25:18 - [TEST_STEP][PASSED] - println(z): null

15-01-2025T09:25:18 - [TEST_STEP][PASSED] - x = x + "/" + z: null

15-01-2025T09:25:18 - [TEST_STEP][PASSED] - x = x.replaceAll("[\r?
|
]", ""): null

15-01-2025T09:25:18 - [TEST_STEP][PASSED] - println(x): null

15-01-2025T09:25:18 - [TEST_STEP][PASSED] - return x: null

15-01-2025T09:25:18 - [TEST_STEP][PASSED] - println("sKR: " + sKR): null

15-01-2025T09:25:18 - [TEST_STEP][PASSED] - i = VseDZO.indexOf("Запад"): null

15-01-2025T09:25:18 - [TEST_STEP][PASSED] - if (i > -1): null

15-01-2025T09:25:18 - [TEST_STEP][PASSED] - else: null

15-01-2025T09:25:18 - [TEST_STEP][PASSED] - sZR = sZR + "нет данных/нет данных/нет данных/нет данных/нет данных/нет данных/нет данных/нет данных/нет данных": null

15-01-2025T09:25:18 - [TEST_STEP][PASSED] - println("sZR: " + sZR): null

15-01-2025T09:25:18 - [TEST_STEP][PASSED] - i = VseDZO.indexOf("Сибирь"): null

15-01-2025T09:25:18 - [TEST_STEP][PASSED] - if (i > -1): null

15-01-2025T09:25:18 - [TEST_STEP][PASSED] - dZONum = dZONum + 1: null

15-01-2025T09:25:18 - [TEST_STEP][PASSED] - siR = GetAllData(path, dZONum, VseDZO, x = "Россети Сибирь (ГК)/"): null

15-01-2025T09:25:18 - [TEST_STEP][PASSED] - ii = <not implemented yet for class: org.codehaus.groovy.ast.expr.EmptyExpression>: null

15-01-2025T09:25:18 - [TEST_STEP][PASSED] - i1 = <not implemented yet for class: org.codehaus.groovy.ast.expr.EmptyExpression>: null

15-01-2025T09:25:18 - [TEST_STEP][PASSED] - z = <not implemented yet for class: org.codehaus.groovy.ast.expr.EmptyExpression>: null

15-01-2025T09:25:18 - [TEST_STEP][PASSED] - path2 = "Значения со страницы Выполнение бизнес-плана/Table Data/": null

15-01-2025T09:25:18 - [TEST_STEP][PASSED] - println("path: " + path): null

15-01-2025T09:25:18 - [TEST_STEP][PASSED] - println("dZONum: " + dZONum): null

15-01-2025T09:25:18 - [TEST_STEP][PASSED] - z = getText(findTestObject(path + "spanPlan" + dZONum)): Text of object 'Object Repository/Выполнение бизнес-плана/spanPlan4' is: '7.14
|'

15-01-2025T09:25:18 - [MESSAGE][PASSED] - Text of object 'Object Repository/Выполнение бизнес-плана/spanPlan4' is: '7.14
|'

15-01-2025T09:25:18 - [TEST_STEP][PASSED] - println(z): null

15-01-2025T09:25:18 - [TEST_STEP][PASSED] - ii = z.indexOf("|"): null

15-01-2025T09:25:18 - [TEST_STEP][PASSED] - if (ii > -1): null

15-01-2025T09:25:18 - [TEST_STEP][PASSED] - z = z.substring(0, z.length() - 1): null

15-01-2025T09:25:18 - [TEST_STEP][PASSED] - println(z): null

15-01-2025T09:25:18 - [TEST_STEP][PASSED] - z = z.replaceAll("\s+", ""): null

15-01-2025T09:25:18 - [TEST_STEP][PASSED] - z = z.replace("[\r?
|
]", "/"): null

15-01-2025T09:25:18 - [TEST_STEP][PASSED] - println(z): null

15-01-2025T09:25:18 - [TEST_STEP][PASSED] - x = x + z: null

15-01-2025T09:25:18 - [TEST_STEP][PASSED] - z = getText(findTestObject(path + "spanFact" + dZONum)): Text of object 'Object Repository/Выполнение бизнес-плана/spanFact4' is: '7.09'

15-01-2025T09:25:18 - [MESSAGE][PASSED] - Text of object 'Object Repository/Выполнение бизнес-плана/spanFact4' is: '7.09'

15-01-2025T09:25:18 - [TEST_STEP][PASSED] - ii = z.indexOf("|"): null

15-01-2025T09:25:18 - [TEST_STEP][PASSED] - if (ii > -1): null

15-01-2025T09:25:18 - [TEST_STEP][PASSED] - x = x + "/" + z: null

15-01-2025T09:25:18 - [TEST_STEP][PASSED] - z = getText(findTestObject(path + path2 + "Факт Отпуск в сеть за отчётный период " + dZONum)).replaceAll("\s+", ""): Text of object 'Object Repository/Выполнение бизнес-плана/Значения со страницы Выполнение бизнес-плана/Table Data/Факт Отпуск в сеть за отчётный период 4' is: '52 412 668'

15-01-2025T09:25:18 - [MESSAGE][PASSED] - Text of object 'Object Repository/Выполнение бизнес-плана/Значения со страницы Выполнение бизнес-плана/Table Data/Факт Отпуск в сеть за отчётный период 4' is: '52 412 668'

15-01-2025T09:25:18 - [TEST_STEP][PASSED] - x = x + "/" + z: null

15-01-2025T09:25:18 - [TEST_STEP][PASSED] - z = getText(findTestObject(path + path2 + "Факт Отпуск из сети за отчётный период " + dZONum)).replaceAll("\s+", ""): Text of object 'Object Repository/Выполнение бизнес-плана/Значения со страницы Выполнение бизнес-плана/Table Data/Факт Отпуск из сети за отчётный период 4' is: '48 697 705'

15-01-2025T09:25:19 - [MESSAGE][PASSED] - Text of object 'Object Repository/Выполнение бизнес-плана/Значения со страницы Выполнение бизнес-плана/Table Data/Факт Отпуск из сети за отчётный период 4' is: '48 697 705'

15-01-2025T09:25:19 - [TEST_STEP][PASSED] - x = x + "/" + z: null

15-01-2025T09:25:19 - [TEST_STEP][PASSED] - z = getText(findTestObject(path + path2 + "Факт Потери за отчётный период " + dZONum)).replaceAll("\s+", ""): Text of object 'Object Repository/Выполнение бизнес-плана/Значения со страницы Выполнение бизнес-плана/Table Data/Факт Потери за отчётный период 4' is: '3 714 964'

15-01-2025T09:25:19 - [MESSAGE][PASSED] - Text of object 'Object Repository/Выполнение бизнес-плана/Значения со страницы Выполнение бизнес-плана/Table Data/Факт Потери за отчётный период 4' is: '3 714 964'

15-01-2025T09:25:19 - [TEST_STEP][PASSED] - x = x + "/" + z: null

15-01-2025T09:25:19 - [TEST_STEP][PASSED] - z = getText(findTestObject(path + path2 + "План Отпуск в сеть за отчётный период " + dZONum)).replaceAll("\s+", ""): Text of object 'Object Repository/Выполнение бизнес-плана/Значения со страницы Выполнение бизнес-плана/Table Data/План Отпуск в сеть за отчётный период 4' is: '50 003 068'

15-01-2025T09:25:19 - [MESSAGE][PASSED] - Text of object 'Object Repository/Выполнение бизнес-плана/Значения со страницы Выполнение бизнес-плана/Table Data/План Отпуск в сеть за отчётный период 4' is: '50 003 068'

15-01-2025T09:25:19 - [TEST_STEP][PASSED] - x = x + "/" + z: null

15-01-2025T09:25:19 - [TEST_STEP][PASSED] - z = getText(findTestObject(path + path2 + "План Отпуск из сети за отчётный период " + dZONum)).replaceAll("\s+", ""): Text of object 'Object Repository/Выполнение бизнес-плана/Значения со страницы Выполнение бизнес-плана/Table Data/План Отпуск из сети за отчётный период 4' is: '46 434 624'

15-01-2025T09:25:20 - [MESSAGE][PASSED] - Text of object 'Object Repository/Выполнение бизнес-плана/Значения со страницы Выполнение бизнес-плана/Table Data/План Отпуск из сети за отчётный период 4' is: '46 434 624'

15-01-2025T09:25:20 - [TEST_STEP][PASSED] - x = x + "/" + z: null

15-01-2025T09:25:20 - [TEST_STEP][PASSED] - z = getText(findTestObject(path + path2 + "План Потери за отчётный период " + dZONum)).replaceAll("\s+", ""): Text of object 'Object Repository/Выполнение бизнес-плана/Значения со страницы Выполнение бизнес-плана/Table Data/План Потери за отчётный период 4' is: '3 568 444'

15-01-2025T09:25:20 - [MESSAGE][PASSED] - Text of object 'Object Repository/Выполнение бизнес-плана/Значения со страницы Выполнение бизнес-плана/Table Data/План Потери за отчётный период 4' is: '3 568 444'

15-01-2025T09:25:20 - [TEST_STEP][PASSED] - x = x + "/" + z: null

15-01-2025T09:25:20 - [TEST_STEP][PASSED] - z = getText(findTestObject(path + "Список ДЗО")).replaceAll("[\r?
|
]", "/"): Text of object 'Object Repository/Выполнение бизнес-плана/Список ДЗО' is: '-0.07
3.10
3.73
-0.05
0.16
-0.52
-0.27
АО «Тываэнерго»
АО «Чеченэнерго»
Россети Северный Кавказ
Россети Сибирь
Россети Тюмень
Россети Центр (ГК)
Россети Центр и Приволжье (ГК)
-1
0
1
2
3
4
5
6
7'

15-01-2025T09:25:20 - [MESSAGE][PASSED] - Text of object 'Object Repository/Выполнение бизнес-плана/Список ДЗО' is: '-0.07
3.10
3.73
-0.05
0.16
-0.52
-0.27
АО «Тываэнерго»
АО «Чеченэнерго»
Россети Северный Кавказ
Россети Сибирь
Россети Тюмень
Россети Центр (ГК)
Россети Центр и Приволжье (ГК)
-1
0
1
2
3
4
5
6
7'

15-01-2025T09:25:20 - [TEST_STEP][PASSED] - for ([ii = 1, ii < dZONum, (ii++)]): null

15-01-2025T09:25:20 - [TEST_STEP][PASSED] - i1 = z.indexOf("/") + 1: null

15-01-2025T09:25:20 - [TEST_STEP][PASSED] - if (i1 > -1): null

15-01-2025T09:25:20 - [TEST_STEP][PASSED] - z = z.substring(i1, z.length()): null

15-01-2025T09:25:20 - [TEST_STEP][PASSED] - i1 = z.indexOf("/"): null

15-01-2025T09:25:20 - [TEST_STEP][PASSED] - i1 = z.indexOf("/") + 1: null

15-01-2025T09:25:20 - [TEST_STEP][PASSED] - if (i1 > -1): null

15-01-2025T09:25:20 - [TEST_STEP][PASSED] - z = z.substring(i1, z.length()): null

15-01-2025T09:25:20 - [TEST_STEP][PASSED] - i1 = z.indexOf("/"): null

15-01-2025T09:25:20 - [TEST_STEP][PASSED] - i1 = z.indexOf("/") + 1: null

15-01-2025T09:25:20 - [TEST_STEP][PASSED] - if (i1 > -1): null

15-01-2025T09:25:20 - [TEST_STEP][PASSED] - z = z.substring(i1, z.length()): null

15-01-2025T09:25:20 - [TEST_STEP][PASSED] - i1 = z.indexOf("/"): null

15-01-2025T09:25:20 - [TEST_STEP][PASSED] - i1 = z.indexOf("/"): null

15-01-2025T09:25:20 - [TEST_STEP][PASSED] - if (i1 > -1): null

15-01-2025T09:25:20 - [TEST_STEP][PASSED] - z = z.substring(0, i1): null

15-01-2025T09:25:20 - [TEST_STEP][PASSED] - z = z.replace(",", "."): null

15-01-2025T09:25:20 - [TEST_STEP][PASSED] - println(z): null

15-01-2025T09:25:20 - [TEST_STEP][PASSED] - x = x + "/" + z: null

15-01-2025T09:25:20 - [TEST_STEP][PASSED] - x = x.replaceAll("[\r?
|
]", ""): null

15-01-2025T09:25:20 - [TEST_STEP][PASSED] - println(x): null

15-01-2025T09:25:20 - [TEST_STEP][PASSED] - return x: null

15-01-2025T09:25:20 - [TEST_STEP][PASSED] - println("siR: " + siR): null

15-01-2025T09:25:20 - [TEST_STEP][PASSED] - i = VseDZO.indexOf("Томск"): null

15-01-2025T09:25:20 - [TEST_STEP][PASSED] - if (i > -1): null

15-01-2025T09:25:20 - [TEST_STEP][PASSED] - else: null

15-01-2025T09:25:20 - [TEST_STEP][PASSED] - tomR = tomR + "нет данных/нет данных/нет данных/нет данных/нет данных/нет данных/нет данных/нет данных/нет данных": null

15-01-2025T09:25:20 - [TEST_STEP][PASSED] - println("tomR: " + tomR): null

15-01-2025T09:25:20 - [TEST_STEP][PASSED] - i = VseDZO.indexOf("Тюмень"): null

15-01-2025T09:25:20 - [TEST_STEP][PASSED] - if (i > -1): null

15-01-2025T09:25:20 - [TEST_STEP][PASSED] - dZONum = dZONum + 1: null

15-01-2025T09:25:20 - [TEST_STEP][PASSED] - tyumR = GetAllData(path, dZONum, VseDZO, x = "Россети Тюмень/"): null

15-01-2025T09:25:20 - [TEST_STEP][PASSED] - ii = <not implemented yet for class: org.codehaus.groovy.ast.expr.EmptyExpression>: null

15-01-2025T09:25:20 - [TEST_STEP][PASSED] - i1 = <not implemented yet for class: org.codehaus.groovy.ast.expr.EmptyExpression>: null

15-01-2025T09:25:20 - [TEST_STEP][PASSED] - z = <not implemented yet for class: org.codehaus.groovy.ast.expr.EmptyExpression>: null

15-01-2025T09:25:20 - [TEST_STEP][PASSED] - path2 = "Значения со страницы Выполнение бизнес-плана/Table Data/": null

15-01-2025T09:25:20 - [TEST_STEP][PASSED] - println("path: " + path): null

15-01-2025T09:25:20 - [TEST_STEP][PASSED] - println("dZONum: " + dZONum): null

15-01-2025T09:25:20 - [TEST_STEP][PASSED] - z = getText(findTestObject(path + "spanPlan" + dZONum)): Text of object 'Object Repository/Выполнение бизнес-плана/spanPlan5' is: '2.54'

15-01-2025T09:25:21 - [MESSAGE][PASSED] - Text of object 'Object Repository/Выполнение бизнес-плана/spanPlan5' is: '2.54'

15-01-2025T09:25:21 - [TEST_STEP][PASSED] - println(z): null

15-01-2025T09:25:21 - [TEST_STEP][PASSED] - ii = z.indexOf("|"): null

15-01-2025T09:25:21 - [TEST_STEP][PASSED] - if (ii > -1): null

15-01-2025T09:25:21 - [TEST_STEP][PASSED] - z = z.replaceAll("\s+", ""): null

15-01-2025T09:25:21 - [TEST_STEP][PASSED] - z = z.replace("[\r?
|
]", "/"): null

15-01-2025T09:25:21 - [TEST_STEP][PASSED] - println(z): null

15-01-2025T09:25:21 - [TEST_STEP][PASSED] - x = x + z: null

15-01-2025T09:25:21 - [TEST_STEP][PASSED] - z = getText(findTestObject(path + "spanFact" + dZONum)): Text of object 'Object Repository/Выполнение бизнес-плана/spanFact5' is: '2.70
|'

15-01-2025T09:25:21 - [MESSAGE][PASSED] - Text of object 'Object Repository/Выполнение бизнес-плана/spanFact5' is: '2.70
|'

15-01-2025T09:25:21 - [TEST_STEP][PASSED] - ii = z.indexOf("|"): null

15-01-2025T09:25:21 - [TEST_STEP][PASSED] - if (ii > -1): null

15-01-2025T09:25:21 - [TEST_STEP][PASSED] - z = length() - 1).replace("[\r?
|
]", "/"): null

15-01-2025T09:25:21 - [TEST_STEP][PASSED] - x = x + "/" + z: null

15-01-2025T09:25:21 - [TEST_STEP][PASSED] - z = getText(findTestObject(path + path2 + "Факт Отпуск в сеть за отчётный период " + dZONum)).replaceAll("\s+", ""): Text of object 'Object Repository/Выполнение бизнес-плана/Значения со страницы Выполнение бизнес-плана/Table Data/Факт Отпуск в сеть за отчётный период 5' is: '47 865 721'

15-01-2025T09:25:21 - [MESSAGE][PASSED] - Text of object 'Object Repository/Выполнение бизнес-плана/Значения со страницы Выполнение бизнес-плана/Table Data/Факт Отпуск в сеть за отчётный период 5' is: '47 865 721'

15-01-2025T09:25:21 - [TEST_STEP][PASSED] - x = x + "/" + z: null

15-01-2025T09:25:21 - [TEST_STEP][PASSED] - z = getText(findTestObject(path + path2 + "Факт Отпуск из сети за отчётный период " + dZONum)).replaceAll("\s+", ""): Text of object 'Object Repository/Выполнение бизнес-плана/Значения со страницы Выполнение бизнес-плана/Table Data/Факт Отпуск из сети за отчётный период 5' is: '46 573 769'

15-01-2025T09:25:21 - [MESSAGE][PASSED] - Text of object 'Object Repository/Выполнение бизнес-плана/Значения со страницы Выполнение бизнес-плана/Table Data/Факт Отпуск из сети за отчётный период 5' is: '46 573 769'

15-01-2025T09:25:21 - [TEST_STEP][PASSED] - x = x + "/" + z: null

15-01-2025T09:25:21 - [TEST_STEP][PASSED] - z = getText(findTestObject(path + path2 + "Факт Потери за отчётный период " + dZONum)).replaceAll("\s+", ""): Text of object 'Object Repository/Выполнение бизнес-плана/Значения со страницы Выполнение бизнес-плана/Table Data/Факт Потери за отчётный период 5' is: '1 291 953'

15-01-2025T09:25:22 - [MESSAGE][PASSED] - Text of object 'Object Repository/Выполнение бизнес-плана/Значения со страницы Выполнение бизнес-плана/Table Data/Факт Потери за отчётный период 5' is: '1 291 953'

15-01-2025T09:25:22 - [TEST_STEP][PASSED] - x = x + "/" + z: null

15-01-2025T09:25:22 - [TEST_STEP][PASSED] - z = getText(findTestObject(path + path2 + "План Отпуск в сеть за отчётный период " + dZONum)).replaceAll("\s+", ""): Text of object 'Object Repository/Выполнение бизнес-плана/Значения со страницы Выполнение бизнес-плана/Table Data/План Отпуск в сеть за отчётный период 5' is: '49 871 651'

15-01-2025T09:25:22 - [MESSAGE][PASSED] - Text of object 'Object Repository/Выполнение бизнес-плана/Значения со страницы Выполнение бизнес-плана/Table Data/План Отпуск в сеть за отчётный период 5' is: '49 871 651'

15-01-2025T09:25:22 - [TEST_STEP][PASSED] - x = x + "/" + z: null

15-01-2025T09:25:22 - [TEST_STEP][PASSED] - z = getText(findTestObject(path + path2 + "План Отпуск из сети за отчётный период " + dZONum)).replaceAll("\s+", ""): Text of object 'Object Repository/Выполнение бизнес-плана/Значения со страницы Выполнение бизнес-плана/Table Data/План Отпуск из сети за отчётный период 5' is: '48 605 475'

15-01-2025T09:25:22 - [MESSAGE][PASSED] - Text of object 'Object Repository/Выполнение бизнес-плана/Значения со страницы Выполнение бизнес-плана/Table Data/План Отпуск из сети за отчётный период 5' is: '48 605 475'

15-01-2025T09:25:22 - [TEST_STEP][PASSED] - x = x + "/" + z: null

15-01-2025T09:25:22 - [TEST_STEP][PASSED] - z = getText(findTestObject(path + path2 + "План Потери за отчётный период " + dZONum)).replaceAll("\s+", ""): Text of object 'Object Repository/Выполнение бизнес-плана/Значения со страницы Выполнение бизнес-плана/Table Data/План Потери за отчётный период 5' is: '1 266 176'

15-01-2025T09:25:23 - [MESSAGE][PASSED] - Text of object 'Object Repository/Выполнение бизнес-плана/Значения со страницы Выполнение бизнес-плана/Table Data/План Потери за отчётный период 5' is: '1 266 176'

15-01-2025T09:25:23 - [TEST_STEP][PASSED] - x = x + "/" + z: null

15-01-2025T09:25:23 - [TEST_STEP][PASSED] - z = getText(findTestObject(path + "Список ДЗО")).replaceAll("[\r?
|
]", "/"): Text of object 'Object Repository/Выполнение бизнес-плана/Список ДЗО' is: '-0.07
3.10
3.73
-0.05
0.16
-0.52
-0.27
АО «Тываэнерго»
АО «Чеченэнерго»
Россети Северный Кавказ
Россети Сибирь
Россети Тюмень
Россети Центр (ГК)
Россети Центр и Приволжье (ГК)
-1
0
1
2
3
4
5
6
7'

15-01-2025T09:25:23 - [MESSAGE][PASSED] - Text of object 'Object Repository/Выполнение бизнес-плана/Список ДЗО' is: '-0.07
3.10
3.73
-0.05
0.16
-0.52
-0.27
АО «Тываэнерго»
АО «Чеченэнерго»
Россети Северный Кавказ
Россети Сибирь
Россети Тюмень
Россети Центр (ГК)
Россети Центр и Приволжье (ГК)
-1
0
1
2
3
4
5
6
7'

15-01-2025T09:25:23 - [TEST_STEP][PASSED] - for ([ii = 1, ii < dZONum, (ii++)]): null

15-01-2025T09:25:23 - [TEST_STEP][PASSED] - i1 = z.indexOf("/") + 1: null

15-01-2025T09:25:23 - [TEST_STEP][PASSED] - if (i1 > -1): null

15-01-2025T09:25:23 - [TEST_STEP][PASSED] - z = z.substring(i1, z.length()): null

15-01-2025T09:25:23 - [TEST_STEP][PASSED] - i1 = z.indexOf("/"): null

15-01-2025T09:25:23 - [TEST_STEP][PASSED] - i1 = z.indexOf("/") + 1: null

15-01-2025T09:25:23 - [TEST_STEP][PASSED] - if (i1 > -1): null

15-01-2025T09:25:23 - [TEST_STEP][PASSED] - z = z.substring(i1, z.length()): null

15-01-2025T09:25:23 - [TEST_STEP][PASSED] - i1 = z.indexOf("/"): null

15-01-2025T09:25:23 - [TEST_STEP][PASSED] - i1 = z.indexOf("/") + 1: null

15-01-2025T09:25:23 - [TEST_STEP][PASSED] - if (i1 > -1): null

15-01-2025T09:25:23 - [TEST_STEP][PASSED] - z = z.substring(i1, z.length()): null

15-01-2025T09:25:23 - [TEST_STEP][PASSED] - i1 = z.indexOf("/"): null

15-01-2025T09:25:23 - [TEST_STEP][PASSED] - i1 = z.indexOf("/") + 1: null

15-01-2025T09:25:23 - [TEST_STEP][PASSED] - if (i1 > -1): null

15-01-2025T09:25:23 - [TEST_STEP][PASSED] - z = z.substring(i1, z.length()): null

15-01-2025T09:25:23 - [TEST_STEP][PASSED] - i1 = z.indexOf("/"): null

15-01-2025T09:25:23 - [TEST_STEP][PASSED] - i1 = z.indexOf("/"): null

15-01-2025T09:25:23 - [TEST_STEP][PASSED] - if (i1 > -1): null

15-01-2025T09:25:23 - [TEST_STEP][PASSED] - z = z.substring(0, i1): null

15-01-2025T09:25:23 - [TEST_STEP][PASSED] - z = z.replace(",", "."): null

15-01-2025T09:25:23 - [TEST_STEP][PASSED] - println(z): null

15-01-2025T09:25:23 - [TEST_STEP][PASSED] - x = x + "/" + z: null

15-01-2025T09:25:23 - [TEST_STEP][PASSED] - x = x.replaceAll("[\r?
|
]", ""): null

15-01-2025T09:25:23 - [TEST_STEP][PASSED] - println(x): null

15-01-2025T09:25:23 - [TEST_STEP][PASSED] - return x: null

15-01-2025T09:25:23 - [TEST_STEP][PASSED] - println("tyumR: " + tyumR): null

15-01-2025T09:25:23 - [TEST_STEP][PASSED] - i = VseDZO.indexOf("Урал"): null

15-01-2025T09:25:23 - [TEST_STEP][PASSED] - if (i > -1): null

15-01-2025T09:25:23 - [TEST_STEP][PASSED] - else: null

15-01-2025T09:25:23 - [TEST_STEP][PASSED] - urR = urR + "нет данных/нет данных/нет данных/нет данных/нет данных/нет данных/нет данных/нет данных/нет данных": null

15-01-2025T09:25:23 - [TEST_STEP][PASSED] - println("urR: " + urR): null

15-01-2025T09:25:23 - [TEST_STEP][PASSED] - i = VseDZO.indexOf("Центр"): null

15-01-2025T09:25:23 - [TEST_STEP][PASSED] - if (i > -1): null

15-01-2025T09:25:23 - [TEST_STEP][PASSED] - dZONum = dZONum + 1: null

15-01-2025T09:25:23 - [TEST_STEP][PASSED] - cenR = GetAllData(path, dZONum, VseDZO, x = "Россети Центр (ГК)/"): null

15-01-2025T09:25:23 - [TEST_STEP][PASSED] - ii = <not implemented yet for class: org.codehaus.groovy.ast.expr.EmptyExpression>: null

15-01-2025T09:25:23 - [TEST_STEP][PASSED] - i1 = <not implemented yet for class: org.codehaus.groovy.ast.expr.EmptyExpression>: null

15-01-2025T09:25:23 - [TEST_STEP][PASSED] - z = <not implemented yet for class: org.codehaus.groovy.ast.expr.EmptyExpression>: null

15-01-2025T09:25:23 - [TEST_STEP][PASSED] - path2 = "Значения со страницы Выполнение бизнес-плана/Table Data/": null

15-01-2025T09:25:23 - [TEST_STEP][PASSED] - println("path: " + path): null

15-01-2025T09:25:23 - [TEST_STEP][PASSED] - println("dZONum: " + dZONum): null

15-01-2025T09:25:23 - [TEST_STEP][PASSED] - z = getText(findTestObject(path + "spanPlan" + dZONum)): Text of object 'Object Repository/Выполнение бизнес-плана/spanPlan6' is: '10.32
|'

15-01-2025T09:25:23 - [MESSAGE][PASSED] - Text of object 'Object Repository/Выполнение бизнес-плана/spanPlan6' is: '10.32
|'

15-01-2025T09:25:23 - [TEST_STEP][PASSED] - println(z): null

15-01-2025T09:25:23 - [TEST_STEP][PASSED] - ii = z.indexOf("|"): null

15-01-2025T09:25:23 - [TEST_STEP][PASSED] - if (ii > -1): null

15-01-2025T09:25:23 - [TEST_STEP][PASSED] - z = z.substring(0, z.length() - 1): null

15-01-2025T09:25:23 - [TEST_STEP][PASSED] - println(z): null

15-01-2025T09:25:23 - [TEST_STEP][PASSED] - z = z.replaceAll("\s+", ""): null

15-01-2025T09:25:23 - [TEST_STEP][PASSED] - z = z.replace("[\r?
|
]", "/"): null

15-01-2025T09:25:23 - [TEST_STEP][PASSED] - println(z): null

15-01-2025T09:25:23 - [TEST_STEP][PASSED] - x = x + z: null

15-01-2025T09:25:23 - [TEST_STEP][PASSED] - z = getText(findTestObject(path + "spanFact" + dZONum)): Text of object 'Object Repository/Выполнение бизнес-плана/spanFact6' is: '9.80'

15-01-2025T09:25:24 - [MESSAGE][PASSED] - Text of object 'Object Repository/Выполнение бизнес-плана/spanFact6' is: '9.80'

15-01-2025T09:25:24 - [TEST_STEP][PASSED] - ii = z.indexOf("|"): null

15-01-2025T09:25:24 - [TEST_STEP][PASSED] - if (ii > -1): null

15-01-2025T09:25:24 - [TEST_STEP][PASSED] - x = x + "/" + z: null

15-01-2025T09:25:24 - [TEST_STEP][PASSED] - z = getText(findTestObject(path + path2 + "Факт Отпуск в сеть за отчётный период " + dZONum)).replaceAll("\s+", ""): Text of object 'Object Repository/Выполнение бизнес-плана/Значения со страницы Выполнение бизнес-плана/Table Data/Факт Отпуск в сеть за отчётный период 6' is: '55 088 893'

15-01-2025T09:25:24 - [MESSAGE][PASSED] - Text of object 'Object Repository/Выполнение бизнес-плана/Значения со страницы Выполнение бизнес-плана/Table Data/Факт Отпуск в сеть за отчётный период 6' is: '55 088 893'

15-01-2025T09:25:24 - [TEST_STEP][PASSED] - x = x + "/" + z: null

15-01-2025T09:25:24 - [TEST_STEP][PASSED] - z = getText(findTestObject(path + path2 + "Факт Отпуск из сети за отчётный период " + dZONum)).replaceAll("\s+", ""): Text of object 'Object Repository/Выполнение бизнес-плана/Значения со страницы Выполнение бизнес-плана/Table Data/Факт Отпуск из сети за отчётный период 6' is: '49 682 043'

15-01-2025T09:25:24 - [MESSAGE][PASSED] - Text of object 'Object Repository/Выполнение бизнес-плана/Значения со страницы Выполнение бизнес-плана/Table Data/Факт Отпуск из сети за отчётный период 6' is: '49 682 043'

15-01-2025T09:25:24 - [TEST_STEP][PASSED] - x = x + "/" + z: null

15-01-2025T09:25:24 - [TEST_STEP][PASSED] - z = getText(findTestObject(path + path2 + "Факт Потери за отчётный период " + dZONum)).replaceAll("\s+", ""): Text of object 'Object Repository/Выполнение бизнес-плана/Значения со страницы Выполнение бизнес-плана/Table Data/Факт Потери за отчётный период 6' is: '5 406 850'

15-01-2025T09:25:24 - [MESSAGE][PASSED] - Text of object 'Object Repository/Выполнение бизнес-плана/Значения со страницы Выполнение бизнес-плана/Table Data/Факт Потери за отчётный период 6' is: '5 406 850'

15-01-2025T09:25:24 - [TEST_STEP][PASSED] - x = x + "/" + z: null

15-01-2025T09:25:24 - [TEST_STEP][PASSED] - z = getText(findTestObject(path + path2 + "План Отпуск в сеть за отчётный период " + dZONum)).replaceAll("\s+", ""): Text of object 'Object Repository/Выполнение бизнес-плана/Значения со страницы Выполнение бизнес-плана/Table Data/План Отпуск в сеть за отчётный период 6' is: '53 713 338'

15-01-2025T09:25:25 - [MESSAGE][PASSED] - Text of object 'Object Repository/Выполнение бизнес-плана/Значения со страницы Выполнение бизнес-плана/Table Data/План Отпуск в сеть за отчётный период 6' is: '53 713 338'

15-01-2025T09:25:25 - [TEST_STEP][PASSED] - x = x + "/" + z: null

15-01-2025T09:25:25 - [TEST_STEP][PASSED] - z = getText(findTestObject(path + path2 + "План Отпуск из сети за отчётный период " + dZONum)).replaceAll("\s+", ""): Text of object 'Object Repository/Выполнение бизнес-плана/Значения со страницы Выполнение бизнес-плана/Table Data/План Отпуск из сети за отчётный период 6' is: '48 149 456'

15-01-2025T09:25:25 - [MESSAGE][PASSED] - Text of object 'Object Repository/Выполнение бизнес-плана/Значения со страницы Выполнение бизнес-плана/Table Data/План Отпуск из сети за отчётный период 6' is: '48 149 456'

15-01-2025T09:25:25 - [TEST_STEP][PASSED] - x = x + "/" + z: null

15-01-2025T09:25:25 - [TEST_STEP][PASSED] - z = getText(findTestObject(path + path2 + "План Потери за отчётный период " + dZONum)).replaceAll("\s+", ""): Text of object 'Object Repository/Выполнение бизнес-плана/Значения со страницы Выполнение бизнес-плана/Table Data/План Потери за отчётный период 6' is: '5 563 882'

15-01-2025T09:25:25 - [MESSAGE][PASSED] - Text of object 'Object Repository/Выполнение бизнес-плана/Значения со страницы Выполнение бизнес-плана/Table Data/План Потери за отчётный период 6' is: '5 563 882'

15-01-2025T09:25:25 - [TEST_STEP][PASSED] - x = x + "/" + z: null

15-01-2025T09:25:25 - [TEST_STEP][PASSED] - z = getText(findTestObject(path + "Список ДЗО")).replaceAll("[\r?
|
]", "/"): Text of object 'Object Repository/Выполнение бизнес-плана/Список ДЗО' is: '-0.07
3.10
3.73
-0.05
0.16
-0.52
-0.27
АО «Тываэнерго»
АО «Чеченэнерго»
Россети Северный Кавказ
Россети Сибирь
Россети Тюмень
Россети Центр (ГК)
Россети Центр и Приволжье (ГК)
-1
0
1
2
3
4
5
6
7'

15-01-2025T09:25:26 - [MESSAGE][PASSED] - Text of object 'Object Repository/Выполнение бизнес-плана/Список ДЗО' is: '-0.07
3.10
3.73
-0.05
0.16
-0.52
-0.27
АО «Тываэнерго»
АО «Чеченэнерго»
Россети Северный Кавказ
Россети Сибирь
Россети Тюмень
Россети Центр (ГК)
Россети Центр и Приволжье (ГК)
-1
0
1
2
3
4
5
6
7'

15-01-2025T09:25:26 - [TEST_STEP][PASSED] - for ([ii = 1, ii < dZONum, (ii++)]): null

15-01-2025T09:25:26 - [TEST_STEP][PASSED] - i1 = z.indexOf("/") + 1: null

15-01-2025T09:25:26 - [TEST_STEP][PASSED] - if (i1 > -1): null

15-01-2025T09:25:26 - [TEST_STEP][PASSED] - z = z.substring(i1, z.length()): null

15-01-2025T09:25:26 - [TEST_STEP][PASSED] - i1 = z.indexOf("/"): null

15-01-2025T09:25:26 - [TEST_STEP][PASSED] - i1 = z.indexOf("/") + 1: null

15-01-2025T09:25:26 - [TEST_STEP][PASSED] - if (i1 > -1): null

15-01-2025T09:25:26 - [TEST_STEP][PASSED] - z = z.substring(i1, z.length()): null

15-01-2025T09:25:26 - [TEST_STEP][PASSED] - i1 = z.indexOf("/"): null

15-01-2025T09:25:26 - [TEST_STEP][PASSED] - i1 = z.indexOf("/") + 1: null

15-01-2025T09:25:26 - [TEST_STEP][PASSED] - if (i1 > -1): null

15-01-2025T09:25:26 - [TEST_STEP][PASSED] - z = z.substring(i1, z.length()): null

15-01-2025T09:25:26 - [TEST_STEP][PASSED] - i1 = z.indexOf("/"): null

15-01-2025T09:25:26 - [TEST_STEP][PASSED] - i1 = z.indexOf("/") + 1: null

15-01-2025T09:25:26 - [TEST_STEP][PASSED] - if (i1 > -1): null

15-01-2025T09:25:26 - [TEST_STEP][PASSED] - z = z.substring(i1, z.length()): null

15-01-2025T09:25:26 - [TEST_STEP][PASSED] - i1 = z.indexOf("/"): null

15-01-2025T09:25:26 - [TEST_STEP][PASSED] - i1 = z.indexOf("/") + 1: null

15-01-2025T09:25:26 - [TEST_STEP][PASSED] - if (i1 > -1): null

15-01-2025T09:25:26 - [TEST_STEP][PASSED] - z = z.substring(i1, z.length()): null

15-01-2025T09:25:26 - [TEST_STEP][PASSED] - i1 = z.indexOf("/"): null

15-01-2025T09:25:26 - [TEST_STEP][PASSED] - i1 = z.indexOf("/"): null

15-01-2025T09:25:26 - [TEST_STEP][PASSED] - if (i1 > -1): null

15-01-2025T09:25:26 - [TEST_STEP][PASSED] - z = z.substring(0, i1): null

15-01-2025T09:25:26 - [TEST_STEP][PASSED] - z = z.replace(",", "."): null

15-01-2025T09:25:26 - [TEST_STEP][PASSED] - println(z): null

15-01-2025T09:25:26 - [TEST_STEP][PASSED] - x = x + "/" + z: null

15-01-2025T09:25:26 - [TEST_STEP][PASSED] - x = x.replaceAll("[\r?
|
]", ""): null

15-01-2025T09:25:26 - [TEST_STEP][PASSED] - println(x): null

15-01-2025T09:25:26 - [TEST_STEP][PASSED] - return x: null

15-01-2025T09:25:26 - [TEST_STEP][PASSED] - println("cenR: " + cenR): null

15-01-2025T09:25:26 - [TEST_STEP][PASSED] - i = VseDZO.indexOf("Приволжье"): null

15-01-2025T09:25:26 - [TEST_STEP][PASSED] - if (i > -1): null

15-01-2025T09:25:26 - [TEST_STEP][PASSED] - dZONum = dZONum + 1: null

15-01-2025T09:25:26 - [TEST_STEP][PASSED] - cIPR = GetAllData(path, dZONum, VseDZO, x = "Россети Центр и Приволжье (ГК)/"): null

15-01-2025T09:25:26 - [TEST_STEP][PASSED] - ii = <not implemented yet for class: org.codehaus.groovy.ast.expr.EmptyExpression>: null

15-01-2025T09:25:26 - [TEST_STEP][PASSED] - i1 = <not implemented yet for class: org.codehaus.groovy.ast.expr.EmptyExpression>: null

15-01-2025T09:25:26 - [TEST_STEP][PASSED] - z = <not implemented yet for class: org.codehaus.groovy.ast.expr.EmptyExpression>: null

15-01-2025T09:25:26 - [TEST_STEP][PASSED] - path2 = "Значения со страницы Выполнение бизнес-плана/Table Data/": null

15-01-2025T09:25:26 - [TEST_STEP][PASSED] - println("path: " + path): null

15-01-2025T09:25:26 - [TEST_STEP][PASSED] - println("dZONum: " + dZONum): null

15-01-2025T09:25:26 - [TEST_STEP][PASSED] - z = getText(findTestObject(path + "spanPlan" + dZONum)): Text of object 'Object Repository/Выполнение бизнес-плана/spanPlan7' is: '7.17
|'

15-01-2025T09:25:26 - [MESSAGE][PASSED] - Text of object 'Object Repository/Выполнение бизнес-плана/spanPlan7' is: '7.17
|'

15-01-2025T09:25:26 - [TEST_STEP][PASSED] - println(z): null

15-01-2025T09:25:26 - [TEST_STEP][PASSED] - ii = z.indexOf("|"): null

15-01-2025T09:25:26 - [TEST_STEP][PASSED] - if (ii > -1): null

15-01-2025T09:25:26 - [TEST_STEP][PASSED] - z = z.substring(0, z.length() - 1): null

15-01-2025T09:25:26 - [TEST_STEP][PASSED] - println(z): null

15-01-2025T09:25:26 - [TEST_STEP][PASSED] - z = z.replaceAll("\s+", ""): null

15-01-2025T09:25:26 - [TEST_STEP][PASSED] - z = z.replace("[\r?
|
]", "/"): null

15-01-2025T09:25:26 - [TEST_STEP][PASSED] - println(z): null

15-01-2025T09:25:26 - [TEST_STEP][PASSED] - x = x + z: null

15-01-2025T09:25:26 - [TEST_STEP][PASSED] - z = getText(findTestObject(path + "spanFact" + dZONum)): Text of object 'Object Repository/Выполнение бизнес-плана/spanFact7' is: '6.90'

15-01-2025T09:25:26 - [MESSAGE][PASSED] - Text of object 'Object Repository/Выполнение бизнес-плана/spanFact7' is: '6.90'

15-01-2025T09:25:26 - [TEST_STEP][PASSED] - ii = z.indexOf("|"): null

15-01-2025T09:25:26 - [TEST_STEP][PASSED] - if (ii > -1): null

15-01-2025T09:25:26 - [TEST_STEP][PASSED] - x = x + "/" + z: null

15-01-2025T09:25:26 - [TEST_STEP][PASSED] - z = getText(findTestObject(path + path2 + "Факт Отпуск в сеть за отчётный период " + dZONum)).replaceAll("\s+", ""): Text of object 'Object Repository/Выполнение бизнес-плана/Значения со страницы Выполнение бизнес-плана/Table Data/Факт Отпуск в сеть за отчётный период 7' is: '50 521 486'

15-01-2025T09:25:27 - [MESSAGE][PASSED] - Text of object 'Object Repository/Выполнение бизнес-плана/Значения со страницы Выполнение бизнес-плана/Table Data/Факт Отпуск в сеть за отчётный период 7' is: '50 521 486'

15-01-2025T09:25:27 - [TEST_STEP][PASSED] - x = x + "/" + z: null

15-01-2025T09:25:27 - [TEST_STEP][PASSED] - z = getText(findTestObject(path + path2 + "Факт Отпуск из сети за отчётный период " + dZONum)).replaceAll("\s+", ""): Text of object 'Object Repository/Выполнение бизнес-плана/Значения со страницы Выполнение бизнес-плана/Table Data/Факт Отпуск из сети за отчётный период 7' is: '47 031 337'

15-01-2025T09:25:27 - [MESSAGE][PASSED] - Text of object 'Object Repository/Выполнение бизнес-плана/Значения со страницы Выполнение бизнес-плана/Table Data/Факт Отпуск из сети за отчётный период 7' is: '47 031 337'

15-01-2025T09:25:27 - [TEST_STEP][PASSED] - x = x + "/" + z: null

15-01-2025T09:25:27 - [TEST_STEP][PASSED] - z = getText(findTestObject(path + path2 + "Факт Потери за отчётный период " + dZONum)).replaceAll("\s+", ""): Text of object 'Object Repository/Выполнение бизнес-плана/Значения со страницы Выполнение бизнес-плана/Table Data/Факт Потери за отчётный период 7' is: '3 490 149'

15-01-2025T09:25:27 - [MESSAGE][PASSED] - Text of object 'Object Repository/Выполнение бизнес-плана/Значения со страницы Выполнение бизнес-плана/Table Data/Факт Потери за отчётный период 7' is: '3 490 149'

15-01-2025T09:25:27 - [TEST_STEP][PASSED] - x = x + "/" + z: null

15-01-2025T09:25:27 - [TEST_STEP][PASSED] - z = getText(findTestObject(path + path2 + "План Отпуск в сеть за отчётный период " + dZONum)).replaceAll("\s+", ""): Text of object 'Object Repository/Выполнение бизнес-плана/Значения со страницы Выполнение бизнес-плана/Table Data/План Отпуск в сеть за отчётный период 7' is: '48 819 116'

15-01-2025T09:25:28 - [MESSAGE][PASSED] - Text of object 'Object Repository/Выполнение бизнес-плана/Значения со страницы Выполнение бизнес-плана/Table Data/План Отпуск в сеть за отчётный период 7' is: '48 819 116'

15-01-2025T09:25:28 - [TEST_STEP][PASSED] - x = x + "/" + z: null

15-01-2025T09:25:28 - [TEST_STEP][PASSED] - z = getText(findTestObject(path + path2 + "План Отпуск из сети за отчётный период " + dZONum)).replaceAll("\s+", ""): Text of object 'Object Repository/Выполнение бизнес-плана/Значения со страницы Выполнение бизнес-плана/Table Data/План Отпуск из сети за отчётный период 7' is: '45 313 619'

15-01-2025T09:25:28 - [MESSAGE][PASSED] - Text of object 'Object Repository/Выполнение бизнес-плана/Значения со страницы Выполнение бизнес-плана/Table Data/План Отпуск из сети за отчётный период 7' is: '45 313 619'

15-01-2025T09:25:28 - [TEST_STEP][PASSED] - x = x + "/" + z: null

15-01-2025T09:25:28 - [TEST_STEP][PASSED] - z = getText(findTestObject(path + path2 + "План Потери за отчётный период " + dZONum)).replaceAll("\s+", ""): Text of object 'Object Repository/Выполнение бизнес-плана/Значения со страницы Выполнение бизнес-плана/Table Data/План Потери за отчётный период 7' is: '3 505 497'

15-01-2025T09:25:28 - [MESSAGE][PASSED] - Text of object 'Object Repository/Выполнение бизнес-плана/Значения со страницы Выполнение бизнес-плана/Table Data/План Потери за отчётный период 7' is: '3 505 497'

15-01-2025T09:25:28 - [TEST_STEP][PASSED] - x = x + "/" + z: null

15-01-2025T09:25:28 - [TEST_STEP][PASSED] - z = getText(findTestObject(path + "Список ДЗО")).replaceAll("[\r?
|
]", "/"): Text of object 'Object Repository/Выполнение бизнес-плана/Список ДЗО' is: '-0.07
3.10
3.73
-0.05
0.16
-0.52
-0.27
АО «Тываэнерго»
АО «Чеченэнерго»
Россети Северный Кавказ
Россети Сибирь
Россети Тюмень
Россети Центр (ГК)
Россети Центр и Приволжье (ГК)
-1
0
1
2
3
4
5
6
7'

15-01-2025T09:25:28 - [MESSAGE][PASSED] - Text of object 'Object Repository/Выполнение бизнес-плана/Список ДЗО' is: '-0.07
3.10
3.73
-0.05
0.16
-0.52
-0.27
АО «Тываэнерго»
АО «Чеченэнерго»
Россети Северный Кавказ
Россети Сибирь
Россети Тюмень
Россети Центр (ГК)
Россети Центр и Приволжье (ГК)
-1
0
1
2
3
4
5
6
7'

15-01-2025T09:25:28 - [TEST_STEP][PASSED] - for ([ii = 1, ii < dZONum, (ii++)]): null

15-01-2025T09:25:28 - [TEST_STEP][PASSED] - i1 = z.indexOf("/") + 1: null

15-01-2025T09:25:28 - [TEST_STEP][PASSED] - if (i1 > -1): null

15-01-2025T09:25:28 - [TEST_STEP][PASSED] - z = z.substring(i1, z.length()): null

15-01-2025T09:25:28 - [TEST_STEP][PASSED] - i1 = z.indexOf("/"): null

15-01-2025T09:25:28 - [TEST_STEP][PASSED] - i1 = z.indexOf("/") + 1: null

15-01-2025T09:25:28 - [TEST_STEP][PASSED] - if (i1 > -1): null

15-01-2025T09:25:28 - [TEST_STEP][PASSED] - z = z.substring(i1, z.length()): null

15-01-2025T09:25:28 - [TEST_STEP][PASSED] - i1 = z.indexOf("/"): null

15-01-2025T09:25:28 - [TEST_STEP][PASSED] - i1 = z.indexOf("/") + 1: null

15-01-2025T09:25:28 - [TEST_STEP][PASSED] - if (i1 > -1): null

15-01-2025T09:25:28 - [TEST_STEP][PASSED] - z = z.substring(i1, z.length()): null

15-01-2025T09:25:28 - [TEST_STEP][PASSED] - i1 = z.indexOf("/"): null

15-01-2025T09:25:28 - [TEST_STEP][PASSED] - i1 = z.indexOf("/") + 1: null

15-01-2025T09:25:28 - [TEST_STEP][PASSED] - if (i1 > -1): null

15-01-2025T09:25:28 - [TEST_STEP][PASSED] - z = z.substring(i1, z.length()): null

15-01-2025T09:25:28 - [TEST_STEP][PASSED] - i1 = z.indexOf("/"): null

15-01-2025T09:25:28 - [TEST_STEP][PASSED] - i1 = z.indexOf("/") + 1: null

15-01-2025T09:25:28 - [TEST_STEP][PASSED] - if (i1 > -1): null

15-01-2025T09:25:28 - [TEST_STEP][PASSED] - z = z.substring(i1, z.length()): null

15-01-2025T09:25:28 - [TEST_STEP][PASSED] - i1 = z.indexOf("/"): null

15-01-2025T09:25:28 - [TEST_STEP][PASSED] - i1 = z.indexOf("/") + 1: null

15-01-2025T09:25:28 - [TEST_STEP][PASSED] - if (i1 > -1): null

15-01-2025T09:25:28 - [TEST_STEP][PASSED] - z = z.substring(i1, z.length()): null

15-01-2025T09:25:28 - [TEST_STEP][PASSED] - i1 = z.indexOf("/"): null

15-01-2025T09:25:28 - [TEST_STEP][PASSED] - i1 = z.indexOf("/"): null

15-01-2025T09:25:28 - [TEST_STEP][PASSED] - if (i1 > -1): null

15-01-2025T09:25:28 - [TEST_STEP][PASSED] - z = z.substring(0, i1): null

15-01-2025T09:25:28 - [TEST_STEP][PASSED] - z = z.replace(",", "."): null

15-01-2025T09:25:28 - [TEST_STEP][PASSED] - println(z): null

15-01-2025T09:25:28 - [TEST_STEP][PASSED] - x = x + "/" + z: null

15-01-2025T09:25:28 - [TEST_STEP][PASSED] - x = x.replaceAll("[\r?
|
]", ""): null

15-01-2025T09:25:28 - [TEST_STEP][PASSED] - println(x): null

15-01-2025T09:25:28 - [TEST_STEP][PASSED] - return x: null

15-01-2025T09:25:28 - [TEST_STEP][PASSED] - println("cIPR: " + cIPR): null

15-01-2025T09:25:28 - [TEST_STEP][PASSED] - i = VseDZO.indexOf("Юг"): null

15-01-2025T09:25:28 - [TEST_STEP][PASSED] - if (i > -1): null

15-01-2025T09:25:28 - [TEST_STEP][PASSED] - else: null

15-01-2025T09:25:28 - [TEST_STEP][PASSED] - ugR = ugR + "нет данных/нет данных/нет данных/нет данных/нет данных/нет данных/нет данных/нет данных/нет данных": null

15-01-2025T09:25:28 - [TEST_STEP][PASSED] - println("ugR: " + ugR): null

15-01-2025T09:25:28 - [TEST_STEP][PASSED] - i = VseDZO.indexOf("Янтарь"): null

15-01-2025T09:25:28 - [TEST_STEP][PASSED] - if (i > -1): null

15-01-2025T09:25:28 - [TEST_STEP][PASSED] - else: null

15-01-2025T09:25:28 - [TEST_STEP][PASSED] - yR = yR + "нет данных/нет данных/нет данных/нет данных/нет данных/нет данных/нет данных/нет данных/нет данных": null

15-01-2025T09:25:28 - [TEST_STEP][PASSED] - println("yR: " + yR): null

15-01-2025T09:25:28 - [TEST_STEP][PASSED] - blockNum = 2: null

15-01-2025T09:25:28 - [TEST_STEP][PASSED] - path = "Object Repository/Выполнение бизнес-плана/Выполнение бизнес-плана Балансы/": null

15-01-2025T09:25:28 - [TEST_STEP][PASSED] - Script1719299571342.Presettings(blockNum, path): null

15-01-2025T09:25:28 - [TEST_STEP][PASSED] - blockNumber = <not implemented yet for class: org.codehaus.groovy.ast.expr.EmptyExpression>: null

15-01-2025T09:25:28 - [TEST_STEP][PASSED] - urlText = <not implemented yet for class: org.codehaus.groovy.ast.expr.EmptyExpression>: null

15-01-2025T09:25:28 - [TEST_STEP][PASSED] - searchWord = <not implemented yet for class: org.codehaus.groovy.ast.expr.EmptyExpression>: null

15-01-2025T09:25:28 - [TEST_STEP][PASSED] - i = <not implemented yet for class: org.codehaus.groovy.ast.expr.EmptyExpression>: null

15-01-2025T09:25:28 - [TEST_STEP][PASSED] - ii = <not implemented yet for class: org.codehaus.groovy.ast.expr.EmptyExpression>: null

15-01-2025T09:25:28 - [TEST_STEP][PASSED] - openBrowser(""): Browser is opened with url: ''

15-01-2025T09:25:28 - [MESSAGE][WARNING] - A browser is already opened. Closing browser and opening a new one

15-01-2025T09:25:29 - [MESSAGE][INFO] - Starting 'Chrome' driver

15-01-2025T09:25:29 - [MESSAGE][INFO] - Action delay is set to 0 milliseconds

15-01-2025T09:25:30 - [MESSAGE][PASSED] - Browser is opened with url: ''

15-01-2025T09:25:30 - [TEST_STEP][PASSED] - if (blockNum == 1): null

15-01-2025T09:25:30 - [TEST_STEP][PASSED] - else: null

15-01-2025T09:25:30 - [TEST_STEP][PASSED] - path = "Object Repository/Выполнение бизнес-плана/Выполнение бизнес-плана Балансы/": null

15-01-2025T09:25:30 - [TEST_STEP][PASSED] - blockNumber = 4: null

15-01-2025T09:25:30 - [TEST_STEP][PASSED] - navigateToUrl(findTestData("PlanFact").getValue(10, blockNumber)): Navigate to 'https://bi.rosseti.digital/viewer?dashboardGuid=5ed11b2f4eb2434fa5c5ff1537a71532&sheetGuid=0d90a67b6f664f58b2e6cf8ff5d9a66c&fit=true' successfully

15-01-2025T09:25:58 - [MESSAGE][PASSED] - Navigate to 'https://bi.rosseti.digital/viewer?dashboardGuid=5ed11b2f4eb2434fa5c5ff1537a71532&sheetGuid=0d90a67b6f664f58b2e6cf8ff5d9a66c&fit=true' successfully

15-01-2025T09:25:58 - [TEST_STEP][PASSED] - urlText = getText(findTestObject("Страница авторизации/Text")): Text of object 'Object Repository/Страница авторизации/Text' is: 'Вход'

15-01-2025T09:25:58 - [MESSAGE][PASSED] - Text of object 'Object Repository/Страница авторизации/Text' is: 'Вход'

15-01-2025T09:25:58 - [TEST_STEP][PASSED] - delay(10): Delayed 10 second(s)

15-01-2025T09:26:08 - [MESSAGE][PASSED] - Delayed 10 second(s)

15-01-2025T09:26:08 - [TEST_STEP][PASSED] - searchWord = "Вход": null

15-01-2025T09:26:08 - [TEST_STEP][PASSED] - if (urlText.contains(searchWord) == false): null

15-01-2025T09:26:08 - [TEST_STEP][PASSED] - setText(findTestObject("Страница авторизации/input__username"), findTestData("PlanFact").getValue(8, 1)): Text 'liazgina-di' is set on object 'Object Repository/Страница авторизации/input__username'

15-01-2025T09:26:09 - [MESSAGE][PASSED] - Text 'liazgina-di' is set on object 'Object Repository/Страница авторизации/input__username'

15-01-2025T09:26:09 - [TEST_STEP][PASSED] - setText(findTestObject("Страница авторизации/input__password"), findTestData("PlanFact").getValue(9, 1)): Text ')$%5srZ8o688Dm#q' is set on object 'Object Repository/Страница авторизации/input__password'

15-01-2025T09:26:10 - [MESSAGE][PASSED] - Text ')$%5srZ8o688Dm#q' is set on object 'Object Repository/Страница авторизации/input__password'

15-01-2025T09:26:10 - [TEST_STEP][PASSED] - click(findTestObject("Страница авторизации/button_")): Object: 'Object Repository/Страница авторизации/button_' is clicked on

15-01-2025T09:26:12 - [MESSAGE][PASSED] - Object: 'Object Repository/Страница авторизации/button_' is clicked on

15-01-2025T09:26:12 - [TEST_STEP][PASSED] - delay(50): Delayed 50 second(s)

15-01-2025T09:27:02 - [MESSAGE][PASSED] - Delayed 50 second(s)

15-01-2025T09:27:02 - [TEST_STEP][PASSED] - searchWord = "ДЗО": null

15-01-2025T09:27:02 - [TEST_STEP][PASSED] - urlText = getText(findTestObject("Страница авторизации/Text")): Text of object 'Object Repository/Страница авторизации/Text' is: 'ДЗО 
ПАО Россети
Период
1, 2, 3 кв., Октябрь, Ноябрь 2024 года

Показатели баланса электроэнергии по ДЗО – Факт
569 816 774 642 168 3 631 955 48 927 820 23 489 307 34 954 264 93 807 453 20 498 248 30 027 512 52 412 668 4 685 132 47 865 721 66 742 094 50 348 815 27 351 234 4 181 934
549 615 412 506 218 2 312 442 46 410 515 21 501 911 31 148 311 86 700 170 14 954 088 28 409 686 48 697 705 4 283 226 46 573 769 62 801 450 46 874 698 24 964 441 3 807 771
20 201 362 135 950 1 319 513 2 517 305 1 987 396 3 805 953 7 107 284 5 544 160 1 617 826 3 714 964 401 906 1 291 953 3 940 644 3 474 117 2 386 793 376 375
Итого
п.п.
2.19
0
1
2
3
Итого
%
5.97 5.97
8.12 8.12
1
100

Выполнение бизнес-плана в части показателя «Уровень потерь электроэнергии»
Итого – Факт
Статус данных
Просьба обратить внимание
— данные занесены не полностью
Показатели баланса электроэнергии по ДЗО – План
Факт
План
Итого – План
Отклонения фактического уровня потерь от бизнес-плана, п.п. 
Уровень потерь электроэнергии '

15-01-2025T09:27:33 - [MESSAGE][PASSED] - Text of object 'Object Repository/Страница авторизации/Text' is: 'ДЗО 
ПАО Россети
Период
1, 2, 3 кв., Октябрь, Ноябрь 2024 года

Показатели баланса электроэнергии по ДЗО – Факт
569 816 774 642 168 3 631 955 48 927 820 23 489 307 34 954 264 93 807 453 20 498 248 30 027 512 52 412 668 4 685 132 47 865 721 66 742 094 50 348 815 27 351 234 4 181 934
549 615 412 506 218 2 312 442 46 410 515 21 501 911 31 148 311 86 700 170 14 954 088 28 409 686 48 697 705 4 283 226 46 573 769 62 801 450 46 874 698 24 964 441 3 807 771
20 201 362 135 950 1 319 513 2 517 305 1 987 396 3 805 953 7 107 284 5 544 160 1 617 826 3 714 964 401 906 1 291 953 3 940 644 3 474 117 2 386 793 376 375
Итого
п.п.
2.19
0
1
2
3
Итого
%
5.97 5.97
8.12 8.12
1
100

Выполнение бизнес-плана в части показателя «Уровень потерь электроэнергии»
Итого – Факт
Статус данных
Просьба обратить внимание
— данные занесены не полностью
Показатели баланса электроэнергии по ДЗО – План
Факт
План
Итого – План
Отклонения фактического уровня потерь от бизнес-плана, п.п. 
Уровень потерь электроэнергии '

15-01-2025T09:27:33 - [TEST_STEP][PASSED] - if (urlText.contains("ошибка") || urlText.contains(searchWord) == false): null

15-01-2025T09:27:33 - [TEST_STEP][PASSED] - Script1719299571342.ZakrytOpoveshenie(): null

15-01-2025T09:27:33 - [TEST_STEP][PASSED] - opoveshenie = getText(findTestObject("Выполнение бизнес-плана/Просьба обратить внимание")): Text of object 'Object Repository/Выполнение бизнес-плана/Просьба обратить внимание' is: 'Просьба обратить внимание'

15-01-2025T09:28:03 - [MESSAGE][PASSED] - Text of object 'Object Repository/Выполнение бизнес-плана/Просьба обратить внимание' is: 'Просьба обратить внимание'

15-01-2025T09:28:03 - [TEST_STEP][PASSED] - if (opoveshenie == "Просьба обратить внимание"): Object: 'Object Repository/Выполнение бизнес-плана/Закрыть оповещение' is clicked on

15-01-2025T09:28:03 - [TEST_STEP][PASSED] - click(findTestObject("Выполнение бизнес-плана/Закрыть оповещение")): Object: 'Object Repository/Выполнение бизнес-плана/Закрыть оповещение' is clicked on

15-01-2025T09:28:22 - [MESSAGE][PASSED] - Object: 'Object Repository/Выполнение бизнес-плана/Закрыть оповещение' is clicked on

15-01-2025T09:28:22 - [TEST_STEP][PASSED] - click(findTestObject(path + "Фильтр Дата")): Object: 'Object Repository/Выполнение бизнес-плана/Выполнение бизнес-плана Балансы/Фильтр Дата' is clicked on

15-01-2025T09:28:23 - [MESSAGE][PASSED] - Object: 'Object Repository/Выполнение бизнес-плана/Выполнение бизнес-плана Балансы/Фильтр Дата' is clicked on

15-01-2025T09:28:23 - [TEST_STEP][PASSED] - click(findTestObject(path + "Снять выделение в фильтре Дата")): Object: 'Object Repository/Выполнение бизнес-плана/Выполнение бизнес-плана Балансы/Снять выделение в фильтре Дата' is clicked on

15-01-2025T09:28:23 - [MESSAGE][PASSED] - Object: 'Object Repository/Выполнение бизнес-плана/Выполнение бизнес-плана Балансы/Снять выделение в фильтре Дата' is clicked on

15-01-2025T09:28:23 - [TEST_STEP][PASSED] - click(findTestObject(path + "Применить в фильтре Дата")): Object: 'Object Repository/Выполнение бизнес-плана/Выполнение бизнес-плана Балансы/Применить в фильтре Дата' is clicked on

15-01-2025T09:28:24 - [MESSAGE][PASSED] - Object: 'Object Repository/Выполнение бизнес-плана/Выполнение бизнес-плана Балансы/Применить в фильтре Дата' is clicked on

15-01-2025T09:28:24 - [TEST_STEP][PASSED] - delay(50): Delayed 50 second(s)

15-01-2025T09:29:14 - [MESSAGE][PASSED] - Delayed 50 second(s)

15-01-2025T09:29:14 - [TEST_STEP][PASSED] - Script1719299571342.ZakrytOpoveshenie(): null

15-01-2025T09:29:14 - [TEST_STEP][PASSED] - opoveshenie = getText(findTestObject("Выполнение бизнес-плана/Просьба обратить внимание")): Text of object 'Object Repository/Выполнение бизнес-плана/Просьба обратить внимание' is: 'Просьба обратить внимание'

15-01-2025T09:29:14 - [MESSAGE][PASSED] - Text of object 'Object Repository/Выполнение бизнес-плана/Просьба обратить внимание' is: 'Просьба обратить внимание'

15-01-2025T09:29:14 - [TEST_STEP][PASSED] - if (opoveshenie == "Просьба обратить внимание"): Object: 'Object Repository/Выполнение бизнес-плана/Закрыть оповещение' is clicked on

15-01-2025T09:29:14 - [TEST_STEP][PASSED] - click(findTestObject("Выполнение бизнес-плана/Закрыть оповещение")): Object: 'Object Repository/Выполнение бизнес-плана/Закрыть оповещение' is clicked on

15-01-2025T09:29:15 - [MESSAGE][PASSED] - Object: 'Object Repository/Выполнение бизнес-плана/Закрыть оповещение' is clicked on

15-01-2025T09:29:15 - [TEST_STEP][PASSED] - click(findTestObject(path + "Фильтр Дата")): Object: 'Object Repository/Выполнение бизнес-плана/Выполнение бизнес-плана Балансы/Фильтр Дата' is clicked on

15-01-2025T09:29:15 - [MESSAGE][PASSED] - Object: 'Object Repository/Выполнение бизнес-плана/Выполнение бизнес-плана Балансы/Фильтр Дата' is clicked on

15-01-2025T09:29:15 - [TEST_STEP][PASSED] - scrollToElement(findTestObject(path + "2024 список"), 30): Scroll to object 'Object Repository/Выполнение бизнес-плана/Выполнение бизнес-плана Балансы/2024 список' successfully

15-01-2025T09:29:16 - [MESSAGE][PASSED] - Scroll to object 'Object Repository/Выполнение бизнес-плана/Выполнение бизнес-плана Балансы/2024 список' successfully

15-01-2025T09:29:16 - [TEST_STEP][PASSED] - click(findTestObject(path + "2024 список")): Object: 'Object Repository/Выполнение бизнес-плана/Выполнение бизнес-плана Балансы/2024 список' is clicked on

15-01-2025T09:29:16 - [MESSAGE][PASSED] - Object: 'Object Repository/Выполнение бизнес-плана/Выполнение бизнес-плана Балансы/2024 список' is clicked on

15-01-2025T09:29:16 - [TEST_STEP][PASSED] - scrollToElement(findTestObject(path + "1 квартал 2024 список"), 30): Scroll to object 'Object Repository/Выполнение бизнес-плана/Выполнение бизнес-плана Балансы/1 квартал 2024 список' successfully

15-01-2025T09:29:16 - [MESSAGE][PASSED] - Scroll to object 'Object Repository/Выполнение бизнес-плана/Выполнение бизнес-плана Балансы/1 квартал 2024 список' successfully

15-01-2025T09:29:16 - [TEST_STEP][PASSED] - click(findTestObject(path + "1 квартал 2024 список")): Object: 'Object Repository/Выполнение бизнес-плана/Выполнение бизнес-плана Балансы/1 квартал 2024 список' is clicked on

15-01-2025T09:29:17 - [MESSAGE][PASSED] - Object: 'Object Repository/Выполнение бизнес-плана/Выполнение бизнес-плана Балансы/1 квартал 2024 список' is clicked on

15-01-2025T09:29:17 - [TEST_STEP][PASSED] - click(findTestObject(path + "Январь 2024")): Object: 'Object Repository/Выполнение бизнес-плана/Выполнение бизнес-плана Балансы/Январь 2024' is clicked on

15-01-2025T09:29:17 - [MESSAGE][PASSED] - Object: 'Object Repository/Выполнение бизнес-плана/Выполнение бизнес-плана Балансы/Январь 2024' is clicked on

15-01-2025T09:29:17 - [TEST_STEP][PASSED] - click(findTestObject(path + "Февраль 2024")): Object: 'Object Repository/Выполнение бизнес-плана/Выполнение бизнес-плана Балансы/Февраль 2024' is clicked on

15-01-2025T09:29:18 - [MESSAGE][PASSED] - Object: 'Object Repository/Выполнение бизнес-плана/Выполнение бизнес-плана Балансы/Февраль 2024' is clicked on

15-01-2025T09:29:18 - [TEST_STEP][PASSED] - click(findTestObject(path + "Март 2024")): Object: 'Object Repository/Выполнение бизнес-плана/Выполнение бизнес-плана Балансы/Март 2024' is clicked on

15-01-2025T09:29:18 - [MESSAGE][PASSED] - Object: 'Object Repository/Выполнение бизнес-плана/Выполнение бизнес-плана Балансы/Март 2024' is clicked on

15-01-2025T09:29:18 - [TEST_STEP][PASSED] - scrollToElement(findTestObject(path + "2 квартал 2024"), 30): Scroll to object 'Object Repository/Выполнение бизнес-плана/Выполнение бизнес-плана Балансы/2 квартал 2024' successfully

15-01-2025T09:29:19 - [MESSAGE][PASSED] - Scroll to object 'Object Repository/Выполнение бизнес-плана/Выполнение бизнес-плана Балансы/2 квартал 2024' successfully

15-01-2025T09:29:19 - [TEST_STEP][PASSED] - click(findTestObject(path + "2 квартал 2024")): Object: 'Object Repository/Выполнение бизнес-плана/Выполнение бизнес-плана Балансы/2 квартал 2024' is clicked on

15-01-2025T09:29:19 - [MESSAGE][PASSED] - Object: 'Object Repository/Выполнение бизнес-плана/Выполнение бизнес-плана Балансы/2 квартал 2024' is clicked on

15-01-2025T09:29:19 - [TEST_STEP][PASSED] - scrollToElement(findTestObject(path + "3 квартал 2024 список"), 30): Scroll to object 'Object Repository/Выполнение бизнес-плана/Выполнение бизнес-плана Балансы/3 квартал 2024 список' successfully

15-01-2025T09:29:20 - [MESSAGE][PASSED] - Scroll to object 'Object Repository/Выполнение бизнес-плана/Выполнение бизнес-плана Балансы/3 квартал 2024 список' successfully

15-01-2025T09:29:20 - [TEST_STEP][PASSED] - click(findTestObject(path + "3 квартал 2024")): Object: 'Object Repository/Выполнение бизнес-плана/Выполнение бизнес-плана Балансы/3 квартал 2024' is clicked on

15-01-2025T09:29:20 - [MESSAGE][PASSED] - Object: 'Object Repository/Выполнение бизнес-плана/Выполнение бизнес-плана Балансы/3 квартал 2024' is clicked on

15-01-2025T09:29:20 - [TEST_STEP][PASSED] - scrollToElement(findTestObject(path + "4 квартал 2024 список"), 30): Scroll to object 'Object Repository/Выполнение бизнес-плана/Выполнение бизнес-плана Балансы/4 квартал 2024 список' successfully

15-01-2025T09:29:20 - [MESSAGE][PASSED] - Scroll to object 'Object Repository/Выполнение бизнес-плана/Выполнение бизнес-плана Балансы/4 квартал 2024 список' successfully

15-01-2025T09:29:20 - [TEST_STEP][PASSED] - click(findTestObject(path + "4 квартал 2024 список")): Object: 'Object Repository/Выполнение бизнес-плана/Выполнение бизнес-плана Балансы/4 квартал 2024 список' is clicked on

15-01-2025T09:29:21 - [MESSAGE][PASSED] - Object: 'Object Repository/Выполнение бизнес-плана/Выполнение бизнес-плана Балансы/4 квартал 2024 список' is clicked on

15-01-2025T09:29:21 - [TEST_STEP][PASSED] - scrollToElement(findTestObject(path + "Октябрь 2024"), 30): Scroll to object 'Object Repository/Выполнение бизнес-плана/Выполнение бизнес-плана Балансы/Октябрь 2024' successfully

15-01-2025T09:29:21 - [MESSAGE][PASSED] - Scroll to object 'Object Repository/Выполнение бизнес-плана/Выполнение бизнес-плана Балансы/Октябрь 2024' successfully

15-01-2025T09:29:21 - [TEST_STEP][PASSED] - click(findTestObject(path + "Октябрь 2024")): Object: 'Object Repository/Выполнение бизнес-плана/Выполнение бизнес-плана Балансы/Октябрь 2024' is clicked on

15-01-2025T09:29:21 - [MESSAGE][PASSED] - Object: 'Object Repository/Выполнение бизнес-плана/Выполнение бизнес-плана Балансы/Октябрь 2024' is clicked on

15-01-2025T09:29:21 - [TEST_STEP][PASSED] - scrollToElement(findTestObject(path + "Ноябрь 2024"), 30): Scroll to object 'Object Repository/Выполнение бизнес-плана/Выполнение бизнес-плана Балансы/Ноябрь 2024' successfully

15-01-2025T09:29:22 - [MESSAGE][PASSED] - Scroll to object 'Object Repository/Выполнение бизнес-плана/Выполнение бизнес-плана Балансы/Ноябрь 2024' successfully

15-01-2025T09:29:22 - [TEST_STEP][PASSED] - click(findTestObject(path + "Ноябрь 2024")): Object: 'Object Repository/Выполнение бизнес-плана/Выполнение бизнес-плана Балансы/Ноябрь 2024' is clicked on

15-01-2025T09:29:22 - [MESSAGE][PASSED] - Object: 'Object Repository/Выполнение бизнес-плана/Выполнение бизнес-плана Балансы/Ноябрь 2024' is clicked on

15-01-2025T09:29:22 - [TEST_STEP][PASSED] - scrollToElement(findTestObject(path + "Заголовок дашборда"), 30): Scroll to object 'Object Repository/Выполнение бизнес-плана/Выполнение бизнес-плана Балансы/Заголовок дашборда' successfully

15-01-2025T09:29:23 - [MESSAGE][PASSED] - Scroll to object 'Object Repository/Выполнение бизнес-плана/Выполнение бизнес-плана Балансы/Заголовок дашборда' successfully

15-01-2025T09:29:23 - [TEST_STEP][PASSED] - click(findTestObject(path + "Применить в фильтре Дата")): Object: 'Object Repository/Выполнение бизнес-плана/Выполнение бизнес-плана Балансы/Применить в фильтре Дата' is clicked on

15-01-2025T09:29:24 - [MESSAGE][PASSED] - Object: 'Object Repository/Выполнение бизнес-плана/Выполнение бизнес-плана Балансы/Применить в фильтре Дата' is clicked on

15-01-2025T09:29:24 - [TEST_STEP][PASSED] - delay(30): Delayed 30 second(s)

15-01-2025T09:29:54 - [MESSAGE][PASSED] - Delayed 30 second(s)

15-01-2025T09:29:54 - [TEST_STEP][PASSED] - Script1719299571342.ZakrytOpoveshenie(): null

15-01-2025T09:29:54 - [TEST_STEP][FAILED] - opoveshenie = getText(findTestObject("Выполнение бизнес-плана/Просьба обратить внимание")): Unable to get text of object 'Object Repository/Выполнение бизнес-плана/Просьба обратить внимание' (Root cause: com.kms.katalon.core.exception.StepFailedException: Unable to get text of object 'Object Repository/Выполнение бизнес-плана/Просьба обратить внимание'
	at com.kms.katalon.core.webui.keyword.internal.WebUIKeywordMain.stepFailed(WebUIKeywordMain.groovy:64)
	at com.kms.katalon.core.webui.keyword.internal.WebUIKeywordMain.runKeyword(WebUIKeywordMain.groovy:26)
	at com.kms.katalon.core.webui.keyword.builtin.GetTextKeyword.getText(GetTextKeyword.groovy:88)
	at com.kms.katalon.core.webui.keyword.builtin.GetTextKeyword.execute(GetTextKeyword.groovy:67)
	at com.kms.katalon.core.keyword.internal.KeywordExecutor.executeKeywordForPlatform(KeywordExecutor.groovy:74)
	at com.kms.katalon.core.webui.keyword.WebUiBuiltInKeywords.getText(WebUiBuiltInKeywords.groovy:957)
	at Выполнение бизнес-плана сверка дашбордов.ZakrytOpoveshenie(Выполнение бизнес-плана сверка дашбордов:1802)
	at Выполнение бизнес-плана сверка дашбордов.Presettings(Выполнение бизнес-плана сверка дашбордов:1784)
	at Выполнение бизнес-плана сверка дашбордов.run(Выполнение бизнес-плана сверка дашбордов:359)
	at com.kms.katalon.core.main.ScriptEngine.run(ScriptEngine.java:194)
	at com.kms.katalon.core.main.ScriptEngine.runScriptAsRawText(ScriptEngine.java:119)
	at com.kms.katalon.core.main.TestCaseExecutor.runScript(TestCaseExecutor.java:448)
	at com.kms.katalon.core.main.TestCaseExecutor.doExecute(TestCaseExecutor.java:439)
	at com.kms.katalon.core.main.TestCaseExecutor.processExecutionPhase(TestCaseExecutor.java:418)
	at com.kms.katalon.core.main.TestCaseExecutor.accessMainPhase(TestCaseExecutor.java:410)
	at com.kms.katalon.core.main.TestCaseExecutor.execute(TestCaseExecutor.java:285)
	at com.kms.katalon.core.common.CommonExecutor.accessTestCaseMainPhase(CommonExecutor.java:65)
	at com.kms.katalon.core.main.TestSuiteExecutor.accessTestSuiteMainPhase(TestSuiteExecutor.java:150)
	at com.kms.katalon.core.main.TestSuiteExecutor.execute(TestSuiteExecutor.java:106)
	at com.kms.katalon.core.main.TestCaseMain.startTestSuite(TestCaseMain.java:180)
	at TempTestSuite1736921988279.run(TempTestSuite1736921988279.groovy:35)
	at java.base/jdk.internal.reflect.NativeMethodAccessorImpl.invoke0(Native Method)
	at java.base/jdk.internal.reflect.NativeMethodAccessorImpl.invoke(NativeMethodAccessorImpl.java:77)
	at java.base/jdk.internal.reflect.DelegatingMethodAccessorImpl.invoke(DelegatingMethodAccessorImpl.java:43)
Caused by: com.kms.katalon.core.webui.exception.WebElementNotFoundException: Web element with id: 'Object Repository/Выполнение бизнес-плана/Просьба обратить внимание' located by '//*/text()[normalize-space(.)='Просьба обратить внимание']/parent::*' not found
	at com.kms.katalon.core.webui.common.WebUiCommonHelper.findWebElement(WebUiCommonHelper.java:1426)
	at com.kms.katalon.core.webui.keyword.internal.WebUIAbstractKeyword.findWebElement(WebUIAbstractKeyword.groovy:27)
	at com.kms.katalon.core.webui.keyword.internal.WebUIAbstractKeyword.findWebElement(WebUIAbstractKeyword.groovy:26)
	at com.kms.katalon.core.webui.keyword.builtin.GetTextKeyword$_getText_closure1.doCall(GetTextKeyword.groovy:78)
	at com.kms.katalon.core.webui.keyword.builtin.GetTextKeyword$_getText_closure1.call(GetTextKeyword.groovy)
	at com.kms.katalon.core.webui.keyword.internal.WebUIKeywordMain.runKeyword(WebUIKeywordMain.groovy:20)
	at com.kms.katalon.core.webui.keyword.builtin.GetTextKeyword.getText(GetTextKeyword.groovy:88)
	at com.kms.katalon.core.webui.keyword.builtin.GetTextKeyword.execute(GetTextKeyword.groovy:67)
	at com.kms.katalon.core.keyword.internal.KeywordExecutor.executeKeywordForPlatform(KeywordExecutor.groovy:74)
	at com.kms.katalon.core.webui.keyword.WebUiBuiltInKeywords.getText(WebUiBuiltInKeywords.groovy:957)
	at Script1719299571342.ZakrytOpoveshenie(Script1719299571342.groovy:1802)
	at Script1719299571342.Presettings(Script1719299571342.groovy:1784)
	at Script1719299571342.run(Script1719299571342.groovy:359)
	... 15 more
)

15-01-2025T09:30:25 - [MESSAGE][INFO] - Unable to find the element located by 'By.xpath: //*/text()[normalize-space(.)='Просьба обратить внимание']/parent::*'. Please recheck the objects properties to make sure the desired element is located. 

15-01-2025T09:30:25 - [MESSAGE][FAILED] - Unable to get text of object 'Object Repository/Выполнение бизнес-плана/Просьба обратить внимание' (Root cause: com.kms.katalon.core.exception.StepFailedException: Unable to get text of object 'Object Repository/Выполнение бизнес-плана/Просьба обратить внимание'
	at com.kms.katalon.core.webui.keyword.internal.WebUIKeywordMain.stepFailed(WebUIKeywordMain.groovy:64)
	at com.kms.katalon.core.webui.keyword.internal.WebUIKeywordMain.runKeyword(WebUIKeywordMain.groovy:26)
	at com.kms.katalon.core.webui.keyword.builtin.GetTextKeyword.getText(GetTextKeyword.groovy:88)
	at com.kms.katalon.core.webui.keyword.builtin.GetTextKeyword.execute(GetTextKeyword.groovy:67)
	at com.kms.katalon.core.keyword.internal.KeywordExecutor.executeKeywordForPlatform(KeywordExecutor.groovy:74)
	at com.kms.katalon.core.webui.keyword.WebUiBuiltInKeywords.getText(WebUiBuiltInKeywords.groovy:957)
	at Выполнение бизнес-плана сверка дашбордов.ZakrytOpoveshenie(Выполнение бизнес-плана сверка дашбордов:1802)
	at Выполнение бизнес-плана сверка дашбордов.Presettings(Выполнение бизнес-плана сверка дашбордов:1784)
	at Выполнение бизнес-плана сверка дашбордов.run(Выполнение бизнес-плана сверка дашбордов:359)
	at com.kms.katalon.core.main.ScriptEngine.run(ScriptEngine.java:194)
	at com.kms.katalon.core.main.ScriptEngine.runScriptAsRawText(ScriptEngine.java:119)
	at com.kms.katalon.core.main.TestCaseExecutor.runScript(TestCaseExecutor.java:448)
	at com.kms.katalon.core.main.TestCaseExecutor.doExecute(TestCaseExecutor.java:439)
	at com.kms.katalon.core.main.TestCaseExecutor.processExecutionPhase(TestCaseExecutor.java:418)
	at com.kms.katalon.core.main.TestCaseExecutor.accessMainPhase(TestCaseExecutor.java:410)
	at com.kms.katalon.core.main.TestCaseExecutor.execute(TestCaseExecutor.java:285)
	at com.kms.katalon.core.common.CommonExecutor.accessTestCaseMainPhase(CommonExecutor.java:65)
	at com.kms.katalon.core.main.TestSuiteExecutor.accessTestSuiteMainPhase(TestSuiteExecutor.java:150)
	at com.kms.katalon.core.main.TestSuiteExecutor.execute(TestSuiteExecutor.java:106)
	at com.kms.katalon.core.main.TestCaseMain.startTestSuite(TestCaseMain.java:180)
	at TempTestSuite1736921988279.run(TempTestSuite1736921988279.groovy:35)
	at java.base/jdk.internal.reflect.NativeMethodAccessorImpl.invoke0(Native Method)
	at java.base/jdk.internal.reflect.NativeMethodAccessorImpl.invoke(NativeMethodAccessorImpl.java:77)
	at java.base/jdk.internal.reflect.DelegatingMethodAccessorImpl.invoke(DelegatingMethodAccessorImpl.java:43)
Caused by: com.kms.katalon.core.webui.exception.WebElementNotFoundException: Web element with id: 'Object Repository/Выполнение бизнес-плана/Просьба обратить внимание' located by '//*/text()[normalize-space(.)='Просьба обратить внимание']/parent::*' not found
	at com.kms.katalon.core.webui.common.WebUiCommonHelper.findWebElement(WebUiCommonHelper.java:1426)
	at com.kms.katalon.core.webui.keyword.internal.WebUIAbstractKeyword.findWebElement(WebUIAbstractKeyword.groovy:27)
	at com.kms.katalon.core.webui.keyword.internal.WebUIAbstractKeyword.findWebElement(WebUIAbstractKeyword.groovy:26)
	at com.kms.katalon.core.webui.keyword.builtin.GetTextKeyword$_getText_closure1.doCall(GetTextKeyword.groovy:78)
	at com.kms.katalon.core.webui.keyword.builtin.GetTextKeyword$_getText_closure1.call(GetTextKeyword.groovy)
	at com.kms.katalon.core.webui.keyword.internal.WebUIKeywordMain.runKeyword(WebUIKeywordMain.groovy:20)
	at com.kms.katalon.core.webui.keyword.builtin.GetTextKeyword.getText(GetTextKeyword.groovy:88)
	at com.kms.katalon.core.webui.keyword.builtin.GetTextKeyword.execute(GetTextKeyword.groovy:67)
	at com.kms.katalon.core.keyword.internal.KeywordExecutor.executeKeywordForPlatform(KeywordExecutor.groovy:74)
	at com.kms.katalon.core.webui.keyword.WebUiBuiltInKeywords.getText(WebUiBuiltInKeywords.groovy:957)
	at Script1719299571342.ZakrytOpoveshenie(Script1719299571342.groovy:1802)
	at Script1719299571342.Presettings(Script1719299571342.groovy:1784)
	at Script1719299571342.run(Script1719299571342.groovy:359)
	... 15 more
)
[[ATTACHMENT|C:\\Users\\LIAZGINA-DI\\git\\SPORU\\Reports\\20250115_091948\\\u041F\u043D-\u0421\u0440-\u041F\u0442\\\u0421\u0432\u0435\u0440\u043A\u0430 \u0434\u0430\u0448\u0431\u043E\u0440\u0434\u043E\u0432 \u0438\u0437 \u0440\u0430\u0437\u043D\u044B\u0445 \u0431\u043B\u043E\u043A\u043E\u0432\\20250115_091948\\1736922625460.png]]

15-01-2025T09:30:25 - [TEST_STEP][PASSED] - if (opoveshenie == "Просьба обратить внимание"): null

15-01-2025T09:30:25 - [TEST_STEP][PASSED] - click(findTestObject(path + "Фильтр ДЗО")): Object: 'Object Repository/Выполнение бизнес-плана/Выполнение бизнес-плана Балансы/Фильтр ДЗО' is clicked on

15-01-2025T09:30:25 - [MESSAGE][PASSED] - Object: 'Object Repository/Выполнение бизнес-плана/Выполнение бизнес-плана Балансы/Фильтр ДЗО' is clicked on

15-01-2025T09:30:25 - [TEST_STEP][PASSED] - click(findTestObject(path + "Снять выделение в фильтре ДЗО")): Object: 'Object Repository/Выполнение бизнес-плана/Выполнение бизнес-плана Балансы/Снять выделение в фильтре ДЗО' is clicked on

15-01-2025T09:30:26 - [MESSAGE][PASSED] - Object: 'Object Repository/Выполнение бизнес-плана/Выполнение бизнес-плана Балансы/Снять выделение в фильтре ДЗО' is clicked on

15-01-2025T09:30:26 - [TEST_STEP][PASSED] - click(findTestObject(path + "ПАО Россети")): Object: 'Object Repository/Выполнение бизнес-плана/Выполнение бизнес-плана Балансы/ПАО Россети' is clicked on

15-01-2025T09:30:26 - [MESSAGE][PASSED] - Object: 'Object Repository/Выполнение бизнес-плана/Выполнение бизнес-плана Балансы/ПАО Россети' is clicked on

15-01-2025T09:30:26 - [TEST_STEP][PASSED] - click(findTestObject(path + "Применить в фильтре ДЗО")): Object: 'Object Repository/Выполнение бизнес-плана/Выполнение бизнес-плана Балансы/Применить в фильтре ДЗО' is clicked on

15-01-2025T09:30:28 - [MESSAGE][PASSED] - Object: 'Object Repository/Выполнение бизнес-плана/Выполнение бизнес-плана Балансы/Применить в фильтре ДЗО' is clicked on

15-01-2025T09:30:28 - [TEST_STEP][PASSED] - delay(30): Delayed 30 second(s)

15-01-2025T09:30:58 - [MESSAGE][PASSED] - Delayed 30 second(s)

15-01-2025T09:30:58 - [TEST_STEP][PASSED] - pRB = GetAllPAOData(path, dZONum, VseDZO, z = "ПАО Россети/"): null

15-01-2025T09:30:58 - [TEST_STEP][PASSED] - path2 = "Значения со страницы Выполнение бизнес-плана/Table Data/": null

15-01-2025T09:30:58 - [TEST_STEP][PASSED] - ii = <not implemented yet for class: org.codehaus.groovy.ast.expr.EmptyExpression>: null

15-01-2025T09:30:58 - [TEST_STEP][PASSED] - i1 = <not implemented yet for class: org.codehaus.groovy.ast.expr.EmptyExpression>: null

15-01-2025T09:30:58 - [TEST_STEP][PASSED] - z = <not implemented yet for class: org.codehaus.groovy.ast.expr.EmptyExpression>: null

15-01-2025T09:30:58 - [TEST_STEP][PASSED] - z1 = <not implemented yet for class: org.codehaus.groovy.ast.expr.EmptyExpression>: null

15-01-2025T09:30:58 - [TEST_STEP][PASSED] - println("path: " + path): null

15-01-2025T09:30:58 - [TEST_STEP][PASSED] - z = getText(findTestObject(path + "Итого")).replaceAll("[\r?
|
]", "/"): Text of object 'Object Repository/Выполнение бизнес-плана/Выполнение бизнес-плана Балансы/Итого' is: 'Итого
Ошибка запроса данных'

15-01-2025T09:30:58 - [MESSAGE][PASSED] - Text of object 'Object Repository/Выполнение бизнес-плана/Выполнение бизнес-плана Балансы/Итого' is: 'Итого
Ошибка запроса данных'

15-01-2025T09:30:58 - [TEST_STEP][PASSED] - ii = z.indexOf("%") + 2: null

15-01-2025T09:30:58 - [TEST_STEP][PASSED] - if (ii > -1): null

15-01-2025T09:30:58 - [TEST_STEP][PASSED] - z = z.substring(ii, z.length()): null

15-01-2025T09:30:58 - [TEST_STEP][PASSED] - println(z): null

15-01-2025T09:30:58 - [TEST_STEP][PASSED] - ii = z.indexOf("/1/100") - 1: null

15-01-2025T09:30:58 - [TEST_STEP][PASSED] - if (ii > -1): null

15-01-2025T09:30:58 - [TEST_STEP][PASSED] - ii = z.indexOf("План"): null

15-01-2025T09:30:58 - [TEST_STEP][PASSED] - if (ii > -1): null

15-01-2025T09:30:58 - [TEST_STEP][PASSED] - ii = z.indexOf("/") + 1: null

15-01-2025T09:30:58 - [TEST_STEP][PASSED] - z1 = z.substring(0, ii): null

15-01-2025T09:30:58 - [TEST_STEP][PASSED] - println(z1): null

15-01-2025T09:30:58 - [TEST_STEP][PASSED] - z = z.substring(ii, z.length()): null

15-01-2025T09:30:58 - [TEST_STEP][PASSED] - println(z): null

15-01-2025T09:30:58 - [TEST_STEP][PASSED] - ii = z1.length() / 2: null

15-01-2025T09:30:58 - [TEST_STEP][PASSED] - z1 = replaceAll("[\r?
|
]", "/").trim(): null

15-01-2025T09:30:58 - [TEST_STEP][PASSED] - println(z1): null

15-01-2025T09:30:58 - [TEST_STEP][PASSED] - ii = z.length() / 2: null

15-01-2025T09:30:58 - [TEST_STEP][PASSED] - z = replace("/", "").trim(): null

15-01-2025T09:30:58 - [TEST_STEP][PASSED] - println(z): null

15-01-2025T09:30:58 - [TEST_STEP][PASSED] - x = x + z1 + "/" + z: null

15-01-2025T09:30:58 - [TEST_STEP][PASSED] - println(x): null

15-01-2025T09:30:58 - [TEST_STEP][FAILED] - if (verifyElementPresent(findTestObject(path + "Таблица Итого-Факт"), 30)): Unable to verify object is present (Root cause: com.kms.katalon.core.exception.StepFailedException: Unable to verify object is present
	at com.kms.katalon.core.webui.keyword.internal.WebUIKeywordMain.stepFailed(WebUIKeywordMain.groovy:64)
	at com.kms.katalon.core.webui.keyword.internal.WebUIKeywordMain.runKeyword(WebUIKeywordMain.groovy:26)
	at com.kms.katalon.core.webui.keyword.builtin.VerifyElementPresentKeyword.verifyElementPresent(VerifyElementPresentKeyword.groovy:92)
	at com.kms.katalon.core.webui.keyword.builtin.VerifyElementPresentKeyword.execute(VerifyElementPresentKeyword.groovy:68)
	at com.kms.katalon.core.keyword.internal.KeywordExecutor.executeKeywordForPlatform(KeywordExecutor.groovy:74)
	at com.kms.katalon.core.webui.keyword.WebUiBuiltInKeywords.verifyElementPresent(WebUiBuiltInKeywords.groovy:1503)
	at Выполнение бизнес-плана сверка дашбордов.GetAllPAOData(Выполнение бизнес-плана сверка дашбордов:862)
	at Выполнение бизнес-плана сверка дашбордов.run(Выполнение бизнес-плана сверка дашбордов:362)
	at com.kms.katalon.core.main.ScriptEngine.run(ScriptEngine.java:194)
	at com.kms.katalon.core.main.ScriptEngine.runScriptAsRawText(ScriptEngine.java:119)
	at com.kms.katalon.core.main.TestCaseExecutor.runScript(TestCaseExecutor.java:448)
	at com.kms.katalon.core.main.TestCaseExecutor.doExecute(TestCaseExecutor.java:439)
	at com.kms.katalon.core.main.TestCaseExecutor.processExecutionPhase(TestCaseExecutor.java:418)
	at com.kms.katalon.core.main.TestCaseExecutor.accessMainPhase(TestCaseExecutor.java:410)
	at com.kms.katalon.core.main.TestCaseExecutor.execute(TestCaseExecutor.java:285)
	at com.kms.katalon.core.common.CommonExecutor.accessTestCaseMainPhase(CommonExecutor.java:65)
	at com.kms.katalon.core.main.TestSuiteExecutor.accessTestSuiteMainPhase(TestSuiteExecutor.java:150)
	at com.kms.katalon.core.main.TestSuiteExecutor.execute(TestSuiteExecutor.java:106)
	at com.kms.katalon.core.main.TestCaseMain.startTestSuite(TestCaseMain.java:180)
	at TempTestSuite1736921988279.run(TempTestSuite1736921988279.groovy:35)
	at java.base/jdk.internal.reflect.NativeMethodAccessorImpl.invoke0(Native Method)
	at java.base/jdk.internal.reflect.NativeMethodAccessorImpl.invoke(NativeMethodAccessorImpl.java:77)
	at java.base/jdk.internal.reflect.DelegatingMethodAccessorImpl.invoke(DelegatingMethodAccessorImpl.java:43)
Caused by: java.lang.IllegalArgumentException: Object is null
	at com.kms.katalon.core.helper.KeywordHelper.checkTestObjectParameter(KeywordHelper.java:33)
	at com.kms.katalon.core.webui.keyword.builtin.VerifyElementPresentKeyword$_verifyElementPresent_closure1.doCall(VerifyElementPresentKeyword.groovy:76)
	at com.kms.katalon.core.webui.keyword.builtin.VerifyElementPresentKeyword$_verifyElementPresent_closure1.call(VerifyElementPresentKeyword.groovy)
	at com.kms.katalon.core.webui.keyword.internal.WebUIKeywordMain.runKeyword(WebUIKeywordMain.groovy:20)
	at com.kms.katalon.core.webui.keyword.builtin.VerifyElementPresentKeyword.verifyElementPresent(VerifyElementPresentKeyword.groovy:92)
	at com.kms.katalon.core.webui.keyword.builtin.VerifyElementPresentKeyword.execute(VerifyElementPresentKeyword.groovy:68)
	at com.kms.katalon.core.keyword.internal.KeywordExecutor.executeKeywordForPlatform(KeywordExecutor.groovy:74)
	at com.kms.katalon.core.webui.keyword.WebUiBuiltInKeywords.verifyElementPresent(WebUiBuiltInKeywords.groovy:1503)
	at Script1719299571342.GetAllPAOData(Script1719299571342.groovy:862)
	at Script1719299571342.run(Script1719299571342.groovy:362)
	... 15 more
)

15-01-2025T09:30:58 - [MESSAGE][WARNING] - Test object with id 'Object Repository/Выполнение бизнес-плана/Выполнение бизнес-плана Балансы/Таблица Итого-Факт' does not exist

15-01-2025T09:30:58 - [MESSAGE][WARNING] - Test object with id 'Object Repository/' does not exist

15-01-2025T09:30:58 - [MESSAGE][FAILED] - Unable to verify object is present (Root cause: com.kms.katalon.core.exception.StepFailedException: Unable to verify object is present
	at com.kms.katalon.core.webui.keyword.internal.WebUIKeywordMain.stepFailed(WebUIKeywordMain.groovy:64)
	at com.kms.katalon.core.webui.keyword.internal.WebUIKeywordMain.runKeyword(WebUIKeywordMain.groovy:26)
	at com.kms.katalon.core.webui.keyword.builtin.VerifyElementPresentKeyword.verifyElementPresent(VerifyElementPresentKeyword.groovy:92)
	at com.kms.katalon.core.webui.keyword.builtin.VerifyElementPresentKeyword.execute(VerifyElementPresentKeyword.groovy:68)
	at com.kms.katalon.core.keyword.internal.KeywordExecutor.executeKeywordForPlatform(KeywordExecutor.groovy:74)
	at com.kms.katalon.core.webui.keyword.WebUiBuiltInKeywords.verifyElementPresent(WebUiBuiltInKeywords.groovy:1503)
	at Выполнение бизнес-плана сверка дашбордов.GetAllPAOData(Выполнение бизнес-плана сверка дашбордов:862)
	at Выполнение бизнес-плана сверка дашбордов.run(Выполнение бизнес-плана сверка дашбордов:362)
	at com.kms.katalon.core.main.ScriptEngine.run(ScriptEngine.java:194)
	at com.kms.katalon.core.main.ScriptEngine.runScriptAsRawText(ScriptEngine.java:119)
	at com.kms.katalon.core.main.TestCaseExecutor.runScript(TestCaseExecutor.java:448)
	at com.kms.katalon.core.main.TestCaseExecutor.doExecute(TestCaseExecutor.java:439)
	at com.kms.katalon.core.main.TestCaseExecutor.processExecutionPhase(TestCaseExecutor.java:418)
	at com.kms.katalon.core.main.TestCaseExecutor.accessMainPhase(TestCaseExecutor.java:410)
	at com.kms.katalon.core.main.TestCaseExecutor.execute(TestCaseExecutor.java:285)
	at com.kms.katalon.core.common.CommonExecutor.accessTestCaseMainPhase(CommonExecutor.java:65)
	at com.kms.katalon.core.main.TestSuiteExecutor.accessTestSuiteMainPhase(TestSuiteExecutor.java:150)
	at com.kms.katalon.core.main.TestSuiteExecutor.execute(TestSuiteExecutor.java:106)
	at com.kms.katalon.core.main.TestCaseMain.startTestSuite(TestCaseMain.java:180)
	at TempTestSuite1736921988279.run(TempTestSuite1736921988279.groovy:35)
	at java.base/jdk.internal.reflect.NativeMethodAccessorImpl.invoke0(Native Method)
	at java.base/jdk.internal.reflect.NativeMethodAccessorImpl.invoke(NativeMethodAccessorImpl.java:77)
	at java.base/jdk.internal.reflect.DelegatingMethodAccessorImpl.invoke(DelegatingMethodAccessorImpl.java:43)
Caused by: java.lang.IllegalArgumentException: Object is null
	at com.kms.katalon.core.helper.KeywordHelper.checkTestObjectParameter(KeywordHelper.java:33)
	at com.kms.katalon.core.webui.keyword.builtin.VerifyElementPresentKeyword$_verifyElementPresent_closure1.doCall(VerifyElementPresentKeyword.groovy:76)
	at com.kms.katalon.core.webui.keyword.builtin.VerifyElementPresentKeyword$_verifyElementPresent_closure1.call(VerifyElementPresentKeyword.groovy)
	at com.kms.katalon.core.webui.keyword.internal.WebUIKeywordMain.runKeyword(WebUIKeywordMain.groovy:20)
	at com.kms.katalon.core.webui.keyword.builtin.VerifyElementPresentKeyword.verifyElementPresent(VerifyElementPresentKeyword.groovy:92)
	at com.kms.katalon.core.webui.keyword.builtin.VerifyElementPresentKeyword.execute(VerifyElementPresentKeyword.groovy:68)
	at com.kms.katalon.core.keyword.internal.KeywordExecutor.executeKeywordForPlatform(KeywordExecutor.groovy:74)
	at com.kms.katalon.core.webui.keyword.WebUiBuiltInKeywords.verifyElementPresent(WebUiBuiltInKeywords.groovy:1503)
	at Script1719299571342.GetAllPAOData(Script1719299571342.groovy:862)
	at Script1719299571342.run(Script1719299571342.groovy:362)
	... 15 more
)
[[ATTACHMENT|C:\\Users\\LIAZGINA-DI\\git\\SPORU\\Reports\\20250115_091948\\\u041F\u043D-\u0421\u0440-\u041F\u0442\\\u0421\u0432\u0435\u0440\u043A\u0430 \u0434\u0430\u0448\u0431\u043E\u0440\u0434\u043E\u0432 \u0438\u0437 \u0440\u0430\u0437\u043D\u044B\u0445 \u0431\u043B\u043E\u043A\u043E\u0432\\20250115_091948\\1736922658376.png]]

15-01-2025T09:30:58 - [TEST_STEP][ERROR] - else: Test Cases/Сверки дашбордов/Выполнение бизнес-плана сверка дашбордов FAILED.
Reason:
java.lang.NullPointerException: Cannot invoke method replaceAll() on null object
	at Выполнение бизнес-плана сверка дашбордов.GetAllPAOData(Выполнение бизнес-плана сверка дашбордов:883)
	at Выполнение бизнес-плана сверка дашбордов.run(Выполнение бизнес-плана сверка дашбордов:362)
	at com.kms.katalon.core.main.ScriptEngine.run(ScriptEngine.java:194)
	at com.kms.katalon.core.main.ScriptEngine.runScriptAsRawText(ScriptEngine.java:119)
	at com.kms.katalon.core.main.TestCaseExecutor.runScript(TestCaseExecutor.java:448)
	at com.kms.katalon.core.main.TestCaseExecutor.doExecute(TestCaseExecutor.java:439)
	at com.kms.katalon.core.main.TestCaseExecutor.processExecutionPhase(TestCaseExecutor.java:418)
	at com.kms.katalon.core.main.TestCaseExecutor.accessMainPhase(TestCaseExecutor.java:410)
	at com.kms.katalon.core.main.TestCaseExecutor.execute(TestCaseExecutor.java:285)
	at com.kms.katalon.core.common.CommonExecutor.accessTestCaseMainPhase(CommonExecutor.java:65)
	at com.kms.katalon.core.main.TestSuiteExecutor.accessTestSuiteMainPhase(TestSuiteExecutor.java:150)
	at com.kms.katalon.core.main.TestSuiteExecutor.execute(TestSuiteExecutor.java:106)
	at com.kms.katalon.core.main.TestCaseMain.startTestSuite(TestCaseMain.java:180)
	at TempTestSuite1736921988279.run(TempTestSuite1736921988279.groovy:35)
	at java.base/jdk.internal.reflect.NativeMethodAccessorImpl.invoke0(Native Method)
	at java.base/jdk.internal.reflect.NativeMethodAccessorImpl.invoke(NativeMethodAccessorImpl.java:77)
	at java.base/jdk.internal.reflect.DelegatingMethodAccessorImpl.invoke(DelegatingMethodAccessorImpl.java:43)


15-01-2025T09:30:58 - [TEST_STEP][ERROR] - z = getText(findTestObject(path + "Факт Отпуск в сеть за отчётный период ПАО Россети")).replaceAll("\s+", ""): Test Cases/Сверки дашбордов/Выполнение бизнес-плана сверка дашбордов FAILED.
Reason:
java.lang.NullPointerException: Cannot invoke method replaceAll() on null object
	at Выполнение бизнес-плана сверка дашбордов.GetAllPAOData(Выполнение бизнес-плана сверка дашбордов:883)
	at Выполнение бизнес-плана сверка дашбордов.run(Выполнение бизнес-плана сверка дашбордов:362)
	at com.kms.katalon.core.main.ScriptEngine.run(ScriptEngine.java:194)
	at com.kms.katalon.core.main.ScriptEngine.runScriptAsRawText(ScriptEngine.java:119)
	at com.kms.katalon.core.main.TestCaseExecutor.runScript(TestCaseExecutor.java:448)
	at com.kms.katalon.core.main.TestCaseExecutor.doExecute(TestCaseExecutor.java:439)
	at com.kms.katalon.core.main.TestCaseExecutor.processExecutionPhase(TestCaseExecutor.java:418)
	at com.kms.katalon.core.main.TestCaseExecutor.accessMainPhase(TestCaseExecutor.java:410)
	at com.kms.katalon.core.main.TestCaseExecutor.execute(TestCaseExecutor.java:285)
	at com.kms.katalon.core.common.CommonExecutor.accessTestCaseMainPhase(CommonExecutor.java:65)
	at com.kms.katalon.core.main.TestSuiteExecutor.accessTestSuiteMainPhase(TestSuiteExecutor.java:150)
	at com.kms.katalon.core.main.TestSuiteExecutor.execute(TestSuiteExecutor.java:106)
	at com.kms.katalon.core.main.TestCaseMain.startTestSuite(TestCaseMain.java:180)
	at TempTestSuite1736921988279.run(TempTestSuite1736921988279.groovy:35)
	at java.base/jdk.internal.reflect.NativeMethodAccessorImpl.invoke0(Native Method)
	at java.base/jdk.internal.reflect.NativeMethodAccessorImpl.invoke(NativeMethodAccessorImpl.java:77)
	at java.base/jdk.internal.reflect.DelegatingMethodAccessorImpl.invoke(DelegatingMethodAccessorImpl.java:43)


15-01-2025T09:31:29 - [MESSAGE][INFO] - Unable to find the element located by 'By.xpath: //div[122]/div[2]/div/div/table/tbody/tr/td[2]'. Please recheck the objects properties to make sure the desired element is located. 

15-01-2025T09:31:29 - [MESSAGE][FAILED] - Unable to get text of object 'Object Repository/Выполнение бизнес-плана/Выполнение бизнес-плана Балансы/Факт Отпуск в сеть за отчётный период ПАО Россети' (Root cause: com.kms.katalon.core.exception.StepFailedException: Unable to get text of object 'Object Repository/Выполнение бизнес-плана/Выполнение бизнес-плана Балансы/Факт Отпуск в сеть за отчётный период ПАО Россети'
	at com.kms.katalon.core.webui.keyword.internal.WebUIKeywordMain.stepFailed(WebUIKeywordMain.groovy:64)
	at com.kms.katalon.core.webui.keyword.internal.WebUIKeywordMain.runKeyword(WebUIKeywordMain.groovy:26)
	at com.kms.katalon.core.webui.keyword.builtin.GetTextKeyword.getText(GetTextKeyword.groovy:88)
	at com.kms.katalon.core.webui.keyword.builtin.GetTextKeyword.execute(GetTextKeyword.groovy:67)
	at com.kms.katalon.core.keyword.internal.KeywordExecutor.executeKeywordForPlatform(KeywordExecutor.groovy:74)
	at com.kms.katalon.core.webui.keyword.WebUiBuiltInKeywords.getText(WebUiBuiltInKeywords.groovy:957)
	at Выполнение бизнес-плана сверка дашбордов.GetAllPAOData(Выполнение бизнес-плана сверка дашбордов:883)
	at Выполнение бизнес-плана сверка дашбордов.run(Выполнение бизнес-плана сверка дашбордов:362)
	at com.kms.katalon.core.main.ScriptEngine.run(ScriptEngine.java:194)
	at com.kms.katalon.core.main.ScriptEngine.runScriptAsRawText(ScriptEngine.java:119)
	at com.kms.katalon.core.main.TestCaseExecutor.runScript(TestCaseExecutor.java:448)
	at com.kms.katalon.core.main.TestCaseExecutor.doExecute(TestCaseExecutor.java:439)
	at com.kms.katalon.core.main.TestCaseExecutor.processExecutionPhase(TestCaseExecutor.java:418)
	at com.kms.katalon.core.main.TestCaseExecutor.accessMainPhase(TestCaseExecutor.java:410)
	at com.kms.katalon.core.main.TestCaseExecutor.execute(TestCaseExecutor.java:285)
	at com.kms.katalon.core.common.CommonExecutor.accessTestCaseMainPhase(CommonExecutor.java:65)
	at com.kms.katalon.core.main.TestSuiteExecutor.accessTestSuiteMainPhase(TestSuiteExecutor.java:150)
	at com.kms.katalon.core.main.TestSuiteExecutor.execute(TestSuiteExecutor.java:106)
	at com.kms.katalon.core.main.TestCaseMain.startTestSuite(TestCaseMain.java:180)
	at TempTestSuite1736921988279.run(TempTestSuite1736921988279.groovy:35)
	at java.base/jdk.internal.reflect.NativeMethodAccessorImpl.invoke0(Native Method)
	at java.base/jdk.internal.reflect.NativeMethodAccessorImpl.invoke(NativeMethodAccessorImpl.java:77)
	at java.base/jdk.internal.reflect.DelegatingMethodAccessorImpl.invoke(DelegatingMethodAccessorImpl.java:43)
Caused by: com.kms.katalon.core.webui.exception.WebElementNotFoundException: Web element with id: 'Object Repository/Выполнение бизнес-плана/Выполнение бизнес-плана Балансы/Факт Отпуск в сеть за отчётный период ПАО Россети' located by '//div[122]/div[2]/div/div/table/tbody/tr/td[2]' not found
	at com.kms.katalon.core.webui.common.WebUiCommonHelper.findWebElement(WebUiCommonHelper.java:1426)
	at com.kms.katalon.core.webui.keyword.internal.WebUIAbstractKeyword.findWebElement(WebUIAbstractKeyword.groovy:27)
	at com.kms.katalon.core.webui.keyword.internal.WebUIAbstractKeyword.findWebElement(WebUIAbstractKeyword.groovy:26)
	at com.kms.katalon.core.webui.keyword.builtin.GetTextKeyword$_getText_closure1.doCall(GetTextKeyword.groovy:78)
	at com.kms.katalon.core.webui.keyword.builtin.GetTextKeyword$_getText_closure1.call(GetTextKeyword.groovy)
	at com.kms.katalon.core.webui.keyword.internal.WebUIKeywordMain.runKeyword(WebUIKeywordMain.groovy:20)
	at com.kms.katalon.core.webui.keyword.builtin.GetTextKeyword.getText(GetTextKeyword.groovy:88)
	at com.kms.katalon.core.webui.keyword.builtin.GetTextKeyword.execute(GetTextKeyword.groovy:67)
	at com.kms.katalon.core.keyword.internal.KeywordExecutor.executeKeywordForPlatform(KeywordExecutor.groovy:74)
	at com.kms.katalon.core.webui.keyword.WebUiBuiltInKeywords.getText(WebUiBuiltInKeywords.groovy:957)
	at Script1719299571342.GetAllPAOData(Script1719299571342.groovy:883)
	at Script1719299571342.run(Script1719299571342.groovy:362)
	... 15 more
)
[[ATTACHMENT|C:\\Users\\LIAZGINA-DI\\git\\SPORU\\Reports\\20250115_091948\\\u041F\u043D-\u0421\u0440-\u041F\u0442\\\u0421\u0432\u0435\u0440\u043A\u0430 \u0434\u0430\u0448\u0431\u043E\u0440\u0434\u043E\u0432 \u0438\u0437 \u0440\u0430\u0437\u043D\u044B\u0445 \u0431\u043B\u043E\u043A\u043E\u0432\\20250115_091948\\1736922689659.png]]

15-01-2025T09:31:29 - [MESSAGE][ERROR] - Test Cases/Сверки дашбордов/Выполнение бизнес-плана сверка дашбордов FAILED.
Reason:
java.lang.NullPointerException: Cannot invoke method replaceAll() on null object
	at Выполнение бизнес-плана сверка дашбордов.GetAllPAOData(Выполнение бизнес-плана сверка дашбордов:883)
	at Выполнение бизнес-плана сверка дашбордов.run(Выполнение бизнес-плана сверка дашбордов:362)
	at com.kms.katalon.core.main.ScriptEngine.run(ScriptEngine.java:194)
	at com.kms.katalon.core.main.ScriptEngine.runScriptAsRawText(ScriptEngine.java:119)
	at com.kms.katalon.core.main.TestCaseExecutor.runScript(TestCaseExecutor.java:448)
	at com.kms.katalon.core.main.TestCaseExecutor.doExecute(TestCaseExecutor.java:439)
	at com.kms.katalon.core.main.TestCaseExecutor.processExecutionPhase(TestCaseExecutor.java:418)
	at com.kms.katalon.core.main.TestCaseExecutor.accessMainPhase(TestCaseExecutor.java:410)
	at com.kms.katalon.core.main.TestCaseExecutor.execute(TestCaseExecutor.java:285)
	at com.kms.katalon.core.common.CommonExecutor.accessTestCaseMainPhase(CommonExecutor.java:65)
	at com.kms.katalon.core.main.TestSuiteExecutor.accessTestSuiteMainPhase(TestSuiteExecutor.java:150)
	at com.kms.katalon.core.main.TestSuiteExecutor.execute(TestSuiteExecutor.java:106)
	at com.kms.katalon.core.main.TestCaseMain.startTestSuite(TestCaseMain.java:180)
	at TempTestSuite1736921988279.run(TempTestSuite1736921988279.groovy:35)
	at java.base/jdk.internal.reflect.NativeMethodAccessorImpl.invoke0(Native Method)
	at java.base/jdk.internal.reflect.NativeMethodAccessorImpl.invoke(NativeMethodAccessorImpl.java:77)
	at java.base/jdk.internal.reflect.DelegatingMethodAccessorImpl.invoke(DelegatingMethodAccessorImpl.java:43)]]></system-out>
         <system-err><![CDATA[15-01-2025T09:19:52 - [TEST_CASE][FAILED] - Test Cases/Сверки дашбордов/Выполнение бизнес-плана сверка дашбордов: Test Cases/Сверки дашбордов/Выполнение бизнес-плана сверка дашбордов FAILED.
Reason:
com.kms.katalon.core.exception.StepFailedException: Unable to get text of object 'Object Repository/Выполнение бизнес-плана/Просьба обратить внимание' (Root cause: com.kms.katalon.core.exception.StepFailedException: Unable to get text of object 'Object Repository/Выполнение бизнес-плана/Просьба обратить внимание'
	at com.kms.katalon.core.webui.keyword.internal.WebUIKeywordMain.stepFailed(WebUIKeywordMain.groovy:64)
	at com.kms.katalon.core.webui.keyword.internal.WebUIKeywordMain.runKeyword(WebUIKeywordMain.groovy:26)
	at com.kms.katalon.core.webui.keyword.builtin.GetTextKeyword.getText(GetTextKeyword.groovy:88)
	at com.kms.katalon.core.webui.keyword.builtin.GetTextKeyword.execute(GetTextKeyword.groovy:67)
	at com.kms.katalon.core.keyword.internal.KeywordExecutor.executeKeywordForPlatform(KeywordExecutor.groovy:74)
	at com.kms.katalon.core.webui.keyword.WebUiBuiltInKeywords.getText(WebUiBuiltInKeywords.groovy:957)
	at Выполнение бизнес-плана сверка дашбордов.ZakrytOpoveshenie(Выполнение бизнес-плана сверка дашбордов:1802)
	at Выполнение бизнес-плана сверка дашбордов.Presettings(Выполнение бизнес-плана сверка дашбордов:1784)
	at Выполнение бизнес-плана сверка дашбордов.run(Выполнение бизнес-плана сверка дашбордов:359)
	at com.kms.katalon.core.main.ScriptEngine.run(ScriptEngine.java:194)
	at com.kms.katalon.core.main.ScriptEngine.runScriptAsRawText(ScriptEngine.java:119)
	at com.kms.katalon.core.main.TestCaseExecutor.runScript(TestCaseExecutor.java:448)
	at com.kms.katalon.core.main.TestCaseExecutor.doExecute(TestCaseExecutor.java:439)
	at com.kms.katalon.core.main.TestCaseExecutor.processExecutionPhase(TestCaseExecutor.java:418)
	at com.kms.katalon.core.main.TestCaseExecutor.accessMainPhase(TestCaseExecutor.java:410)
	at com.kms.katalon.core.main.TestCaseExecutor.execute(TestCaseExecutor.java:285)
	at com.kms.katalon.core.common.CommonExecutor.accessTestCaseMainPhase(CommonExecutor.java:65)
	at com.kms.katalon.core.main.TestSuiteExecutor.accessTestSuiteMainPhase(TestSuiteExecutor.java:150)
	at com.kms.katalon.core.main.TestSuiteExecutor.execute(TestSuiteExecutor.java:106)
	at com.kms.katalon.core.main.TestCaseMain.startTestSuite(TestCaseMain.java:180)
	at TempTestSuite1736921988279.run(TempTestSuite1736921988279.groovy:35)
	at java.base/jdk.internal.reflect.NativeMethodAccessorImpl.invoke0(Native Method)
	at java.base/jdk.internal.reflect.NativeMethodAccessorImpl.invoke(NativeMethodAccessorImpl.java:77)
	at java.base/jdk.internal.reflect.DelegatingMethodAccessorImpl.invoke(DelegatingMethodAccessorImpl.java:43)
Caused by: com.kms.katalon.core.webui.exception.WebElementNotFoundException: Web element with id: 'Object Repository/Выполнение бизнес-плана/Просьба обратить внимание' located by '//*/text()[normalize-space(.)='Просьба обратить внимание']/parent::*' not found
	at com.kms.katalon.core.webui.common.WebUiCommonHelper.findWebElement(WebUiCommonHelper.java:1426)
	at com.kms.katalon.core.webui.keyword.internal.WebUIAbstractKeyword.findWebElement(WebUIAbstractKeyword.groovy:27)
	at com.kms.katalon.core.webui.keyword.internal.WebUIAbstractKeyword.findWebElement(WebUIAbstractKeyword.groovy:26)
	at com.kms.katalon.core.webui.keyword.builtin.GetTextKeyword$_getText_closure1.doCall(GetTextKeyword.groovy:78)
	at com.kms.katalon.core.webui.keyword.builtin.GetTextKeyword$_getText_closure1.call(GetTextKeyword.groovy)
	at com.kms.katalon.core.webui.keyword.internal.WebUIKeywordMain.runKeyword(WebUIKeywordMain.groovy:20)
	at com.kms.katalon.core.webui.keyword.builtin.GetTextKeyword.getText(GetTextKeyword.groovy:88)
	at com.kms.katalon.core.webui.keyword.builtin.GetTextKeyword.execute(GetTextKeyword.groovy:67)
	at com.kms.katalon.core.keyword.internal.KeywordExecutor.executeKeywordForPlatform(KeywordExecutor.groovy:74)
	at com.kms.katalon.core.webui.keyword.WebUiBuiltInKeywords.getText(WebUiBuiltInKeywords.groovy:957)
	at Script1719299571342.ZakrytOpoveshenie(Script1719299571342.groovy:1802)
	at Script1719299571342.Presettings(Script1719299571342.groovy:1784)
	at Script1719299571342.run(Script1719299571342.groovy:359)
	... 15 more
)
	at com.kms.katalon.core.keyword.internal.KeywordMain.stepFailed(KeywordMain.groovy:39)
	at com.kms.katalon.core.webui.keyword.internal.WebUIKeywordMain.stepFailed(WebUIKeywordMain.groovy:64)
	at com.kms.katalon.core.webui.keyword.internal.WebUIKeywordMain.runKeyword(WebUIKeywordMain.groovy:26)
	at com.kms.katalon.core.webui.keyword.builtin.GetTextKeyword.getText(GetTextKeyword.groovy:88)
	at com.kms.katalon.core.webui.keyword.builtin.GetTextKeyword.execute(GetTextKeyword.groovy:67)
	at com.kms.katalon.core.keyword.internal.KeywordExecutor.executeKeywordForPlatform(KeywordExecutor.groovy:74)
	at com.kms.katalon.core.webui.keyword.WebUiBuiltInKeywords.getText(WebUiBuiltInKeywords.groovy:957)
	at Выполнение бизнес-плана сверка дашбордов.ZakrytOpoveshenie(Выполнение бизнес-плана сверка дашбордов:1802)
	at Выполнение бизнес-плана сверка дашбордов.Presettings(Выполнение бизнес-плана сверка дашбордов:1784)
	at Выполнение бизнес-плана сверка дашбордов.run(Выполнение бизнес-плана сверка дашбордов:359)
	at com.kms.katalon.core.main.ScriptEngine.run(ScriptEngine.java:194)
	at com.kms.katalon.core.main.ScriptEngine.runScriptAsRawText(ScriptEngine.java:119)
	at com.kms.katalon.core.main.TestCaseExecutor.runScript(TestCaseExecutor.java:448)
	at com.kms.katalon.core.main.TestCaseExecutor.doExecute(TestCaseExecutor.java:439)
	at com.kms.katalon.core.main.TestCaseExecutor.processExecutionPhase(TestCaseExecutor.java:418)
	at com.kms.katalon.core.main.TestCaseExecutor.accessMainPhase(TestCaseExecutor.java:410)
	at com.kms.katalon.core.main.TestCaseExecutor.execute(TestCaseExecutor.java:285)
	at com.kms.katalon.core.common.CommonExecutor.accessTestCaseMainPhase(CommonExecutor.java:65)
	at com.kms.katalon.core.main.TestSuiteExecutor.accessTestSuiteMainPhase(TestSuiteExecutor.java:150)
	at com.kms.katalon.core.main.TestSuiteExecutor.execute(TestSuiteExecutor.java:106)
	at com.kms.katalon.core.main.TestCaseMain.startTestSuite(TestCaseMain.java:180)
	at TempTestSuite1736921988279.run(TempTestSuite1736921988279.groovy:35)
	at java.base/jdk.internal.reflect.NativeMethodAccessorImpl.invoke0(Native Method)
	at java.base/jdk.internal.reflect.NativeMethodAccessorImpl.invoke(NativeMethodAccessorImpl.java:77)
	at java.base/jdk.internal.reflect.DelegatingMethodAccessorImpl.invoke(DelegatingMethodAccessorImpl.java:43)
Caused by: com.kms.katalon.core.exception.StepFailedException: Unable to get text of object 'Object Repository/Выполнение бизнес-плана/Просьба обратить внимание'
	... 24 more
Caused by: com.kms.katalon.core.webui.exception.WebElementNotFoundException: Web element with id: 'Object Repository/Выполнение бизнес-плана/Просьба обратить внимание' located by '//*/text()[normalize-space(.)='Просьба обратить внимание']/parent::*' not found
	at com.kms.katalon.core.webui.common.WebUiCommonHelper.findWebElement(WebUiCommonHelper.java:1426)
	at com.kms.katalon.core.webui.keyword.internal.WebUIAbstractKeyword.findWebElement(WebUIAbstractKeyword.groovy:27)
	at com.kms.katalon.core.webui.keyword.internal.WebUIAbstractKeyword.findWebElement(WebUIAbstractKeyword.groovy:26)
	at com.kms.katalon.core.webui.keyword.builtin.GetTextKeyword$_getText_closure1.doCall(GetTextKeyword.groovy:78)
	at com.kms.katalon.core.webui.keyword.builtin.GetTextKeyword$_getText_closure1.call(GetTextKeyword.groovy)
	at com.kms.katalon.core.webui.keyword.internal.WebUIKeywordMain.runKeyword(WebUIKeywordMain.groovy:20)
	... 22 more]]></system-err>
      </testcase>
      <testcase name="Test Cases/Сверки дашбордов/Выручка в рублях сверка дашбордов ПАО Россети" time="129.42" classname="Test Cases/Сверки дашбордов/Выручка в рублях сверка дашбордов ПАО Россети" status="FAILED">
         <failure type="FAILED" message="Test Cases/Сверки дашбордов/Выручка в рублях сверка дашбордов ПАО Россети FAILED.&#xa;Reason:&#xa;com.kms.katalon.core.exception.StepFailedException: Unable to get text of object 'Object Repository/Страница авторизации/Text' (Root cause: com.kms.katalon.core.exception.StepFailedException: Unable to get text of object 'Object Repository/Страница авторизации/Text'&#xa;	at com.kms.katalon.core.webui.keyword.internal.WebUIKeywordMain.stepFailed(WebUIKeywordMain.groovy:64)&#xa;	at com.kms.katalon.core.webui.keyword.internal.WebUIKeywordMain.runKeyword(WebUIKeywordMain.groovy:26)&#xa;	at com.kms.katalon.core.webui.keyword.builtin.GetTextKeyword.getText(GetTextKeyword.groovy:88)&#xa;	at com.kms.katalon.core.webui.keyword.builtin.GetTextKeyword.execute(GetTextKeyword.groovy:67)&#xa;	at com.kms.katalon.core.keyword.internal.KeywordExecutor.executeKeywordForPlatform(KeywordExecutor.groovy:74)&#xa;	at com.kms.katalon.core.webui.keyword.WebUiBuiltInKeywords.getText(WebUiBuiltInKeywords.groovy:957)&#xa;	at Выручка в рублях сверка дашбордов ПАО Россети.Autorization(Выручка в рублях сверка дашбордов ПАО Россети:680)&#xa;	at Выручка в рублях сверка дашбордов ПАО Россети.PreSettings(Выручка в рублях сверка дашбордов ПАО Россети:573)&#xa;	at Выручка в рублях сверка дашбордов ПАО Россети.Blocks(Выручка в рублях сверка дашбордов ПАО Россети:153)&#xa;	at Выручка в рублях сверка дашбордов ПАО Россети.ViruchkaChange(Выручка в рублях сверка дашбордов ПАО Россети:60)&#xa;	at Выручка в рублях сверка дашбордов ПАО Россети.run(Выручка в рублях сверка дашбордов ПАО Россети:55)&#xa;	at com.kms.katalon.core.main.ScriptEngine.run(ScriptEngine.java:194)&#xa;	at com.kms.katalon.core.main.ScriptEngine.runScriptAsRawText(ScriptEngine.java:119)&#xa;	at com.kms.katalon.core.main.TestCaseExecutor.runScript(TestCaseExecutor.java:448)&#xa;	at com.kms.katalon.core.main.TestCaseExecutor.doExecute(TestCaseExecutor.java:439)&#xa;	at com.kms.katalon.core.main.TestCaseExecutor.processExecutionPhase(TestCaseExecutor.java:418)&#xa;	at com.kms.katalon.core.main.TestCaseExecutor.accessMainPhase(TestCaseExecutor.java:410)&#xa;	at com.kms.katalon.core.main.TestCaseExecutor.execute(TestCaseExecutor.java:285)&#xa;	at com.kms.katalon.core.common.CommonExecutor.accessTestCaseMainPhase(CommonExecutor.java:65)&#xa;	at com.kms.katalon.core.main.TestSuiteExecutor.accessTestSuiteMainPhase(TestSuiteExecutor.java:150)&#xa;	at com.kms.katalon.core.main.TestSuiteExecutor.execute(TestSuiteExecutor.java:106)&#xa;	at com.kms.katalon.core.main.TestCaseMain.startTestSuite(TestCaseMain.java:180)&#xa;	at TempTestSuite1736921988279.run(TempTestSuite1736921988279.groovy:35)&#xa;	at java.base/jdk.internal.reflect.NativeMethodAccessorImpl.invoke0(Native Method)&#xa;	at java.base/jdk.internal.reflect.NativeMethodAccessorImpl.invoke(NativeMethodAccessorImpl.java:77)&#xa;	at java.base/jdk.internal.reflect.DelegatingMethodAccessorImpl.invoke(DelegatingMethodAccessorImpl.java:43)&#xa;Caused by: com.kms.katalon.core.webui.exception.WebElementNotFoundException: Web element with id: 'Object Repository/Страница авторизации/Text' located by '//div' not found&#xa;	at com.kms.katalon.core.webui.common.WebUiCommonHelper.findWebElement(WebUiCommonHelper.java:1426)&#xa;	at com.kms.katalon.core.webui.keyword.internal.WebUIAbstractKeyword.findWebElement(WebUIAbstractKeyword.groovy:27)&#xa;	at com.kms.katalon.core.webui.keyword.internal.WebUIAbstractKeyword.findWebElement(WebUIAbstractKeyword.groovy:26)&#xa;	at com.kms.katalon.core.webui.keyword.builtin.GetTextKeyword$_getText_closure1.doCall(GetTextKeyword.groovy:78)&#xa;	at com.kms.katalon.core.webui.keyword.builtin.GetTextKeyword$_getText_closure1.call(GetTextKeyword.groovy)&#xa;	at com.kms.katalon.core.webui.keyword.internal.WebUIKeywordMain.runKeyword(WebUIKeywordMain.groovy:20)&#xa;	at com.kms.katalon.core.webui.keyword.builtin.GetTextKeyword.getText(GetTextKeyword.groovy:88)&#xa;	at com.kms.katalon.core.webui.keyword.builtin.GetTextKeyword.execute(GetTextKeyword.groovy:67)&#xa;	at com.kms.katalon.core.keyword.internal.KeywordExecutor.executeKeywordForPlatform(KeywordExecutor.groovy:74)&#xa;	at com.kms.katalon.core.webui.keyword.WebUiBuiltInKeywords.getText(WebUiBuiltInKeywords.groovy:957)&#xa;	at Script1710234207206.Autorization(Script1710234207206.groovy:680)&#xa;	at Script1710234207206.PreSettings(Script1710234207206.groovy:573)&#xa;	at Script1710234207206.Blocks(Script1710234207206.groovy:153)&#xa;	at Script1710234207206.ViruchkaChange(Script1710234207206.groovy:60)&#xa;	at Script1710234207206.run(Script1710234207206.groovy:55)&#xa;	... 15 more&#xa;)&#xa;	at com.kms.katalon.core.keyword.internal.KeywordMain.stepFailed(KeywordMain.groovy:39)&#xa;	at com.kms.katalon.core.webui.keyword.internal.WebUIKeywordMain.stepFailed(WebUIKeywordMain.groovy:64)&#xa;	at com.kms.katalon.core.webui.keyword.internal.WebUIKeywordMain.runKeyword(WebUIKeywordMain.groovy:26)&#xa;	at com.kms.katalon.core.webui.keyword.builtin.GetTextKeyword.getText(GetTextKeyword.groovy:88)&#xa;	at com.kms.katalon.core.webui.keyword.builtin.GetTextKeyword.execute(GetTextKeyword.groovy:67)&#xa;	at com.kms.katalon.core.keyword.internal.KeywordExecutor.executeKeywordForPlatform(KeywordExecutor.groovy:74)&#xa;	at com.kms.katalon.core.webui.keyword.WebUiBuiltInKeywords.getText(WebUiBuiltInKeywords.groovy:957)&#xa;	at Выручка в рублях сверка дашбордов ПАО Россети.Autorization(Выручка в рублях сверка дашбордов ПАО Россети:680)&#xa;	at Выручка в рублях сверка дашбордов ПАО Россети.PreSettings(Выручка в рублях сверка дашбордов ПАО Россети:573)&#xa;	at Выручка в рублях сверка дашбордов ПАО Россети.Blocks(Выручка в рублях сверка дашбордов ПАО Россети:153)&#xa;	at Выручка в рублях сверка дашбордов ПАО Россети.ViruchkaChange(Выручка в рублях сверка дашбордов ПАО Россети:60)&#xa;	at Выручка в рублях сверка дашбордов ПАО Россети.run(Выручка в рублях сверка дашбордов ПАО Россети:55)&#xa;	at com.kms.katalon.core.main.ScriptEngine.run(ScriptEngine.java:194)&#xa;	at com.kms.katalon.core.main.ScriptEngine.runScriptAsRawText(ScriptEngine.java:119)&#xa;	at com.kms.katalon.core.main.TestCaseExecutor.runScript(TestCaseExecutor.java:448)&#xa;	at com.kms.katalon.core.main.TestCaseExecutor.doExecute(TestCaseExecutor.java:439)&#xa;	at com.kms.katalon.core.main.TestCaseExecutor.processExecutionPhase(TestCaseExecutor.java:418)&#xa;	at com.kms.katalon.core.main.TestCaseExecutor.accessMainPhase(TestCaseExecutor.java:410)&#xa;	at com.kms.katalon.core.main.TestCaseExecutor.execute(TestCaseExecutor.java:285)&#xa;	at com.kms.katalon.core.common.CommonExecutor.accessTestCaseMainPhase(CommonExecutor.java:65)&#xa;	at com.kms.katalon.core.main.TestSuiteExecutor.accessTestSuiteMainPhase(TestSuiteExecutor.java:150)&#xa;	at com.kms.katalon.core.main.TestSuiteExecutor.execute(TestSuiteExecutor.java:106)&#xa;	at com.kms.katalon.core.main.TestCaseMain.startTestSuite(TestCaseMain.java:180)&#xa;	at TempTestSuite1736921988279.run(TempTestSuite1736921988279.groovy:35)&#xa;	at java.base/jdk.internal.reflect.NativeMethodAccessorImpl.invoke0(Native Method)&#xa;	at java.base/jdk.internal.reflect.NativeMethodAccessorImpl.invoke(NativeMethodAccessorImpl.java:77)&#xa;	at java.base/jdk.internal.reflect.DelegatingMethodAccessorImpl.invoke(DelegatingMethodAccessorImpl.java:43)&#xa;Caused by: com.kms.katalon.core.exception.StepFailedException: Unable to get text of object 'Object Repository/Страница авторизации/Text'&#xa;	... 26 more&#xa;Caused by: com.kms.katalon.core.webui.exception.WebElementNotFoundException: Web element with id: 'Object Repository/Страница авторизации/Text' located by '//div' not found&#xa;	at com.kms.katalon.core.webui.common.WebUiCommonHelper.findWebElement(WebUiCommonHelper.java:1426)&#xa;	at com.kms.katalon.core.webui.keyword.internal.WebUIAbstractKeyword.findWebElement(WebUIAbstractKeyword.groovy:27)&#xa;	at com.kms.katalon.core.webui.keyword.internal.WebUIAbstractKeyword.findWebElement(WebUIAbstractKeyword.groovy:26)&#xa;	at com.kms.katalon.core.webui.keyword.builtin.GetTextKeyword$_getText_closure1.doCall(GetTextKeyword.groovy:78)&#xa;	at com.kms.katalon.core.webui.keyword.builtin.GetTextKeyword$_getText_closure1.call(GetTextKeyword.groovy)&#xa;	at com.kms.katalon.core.webui.keyword.internal.WebUIKeywordMain.runKeyword(WebUIKeywordMain.groovy:20)&#xa;	... 24 more&#xa;"/>
         <system-out><![CDATA[15-01-2025T09:31:29 - [TEST_CASE][FAILED] - Test Cases/Сверки дашбордов/Выручка в рублях сверка дашбордов ПАО Россети: Test Cases/Сверки дашбордов/Выручка в рублях сверка дашбордов ПАО Россети FAILED.
Reason:
com.kms.katalon.core.exception.StepFailedException: Unable to get text of object 'Object Repository/Страница авторизации/Text' (Root cause: com.kms.katalon.core.exception.StepFailedException: Unable to get text of object 'Object Repository/Страница авторизации/Text'
	at com.kms.katalon.core.webui.keyword.internal.WebUIKeywordMain.stepFailed(WebUIKeywordMain.groovy:64)
	at com.kms.katalon.core.webui.keyword.internal.WebUIKeywordMain.runKeyword(WebUIKeywordMain.groovy:26)
	at com.kms.katalon.core.webui.keyword.builtin.GetTextKeyword.getText(GetTextKeyword.groovy:88)
	at com.kms.katalon.core.webui.keyword.builtin.GetTextKeyword.execute(GetTextKeyword.groovy:67)
	at com.kms.katalon.core.keyword.internal.KeywordExecutor.executeKeywordForPlatform(KeywordExecutor.groovy:74)
	at com.kms.katalon.core.webui.keyword.WebUiBuiltInKeywords.getText(WebUiBuiltInKeywords.groovy:957)
	at Выручка в рублях сверка дашбордов ПАО Россети.Autorization(Выручка в рублях сверка дашбордов ПАО Россети:680)
	at Выручка в рублях сверка дашбордов ПАО Россети.PreSettings(Выручка в рублях сверка дашбордов ПАО Россети:573)
	at Выручка в рублях сверка дашбордов ПАО Россети.Blocks(Выручка в рублях сверка дашбордов ПАО Россети:153)
	at Выручка в рублях сверка дашбордов ПАО Россети.ViruchkaChange(Выручка в рублях сверка дашбордов ПАО Россети:60)
	at Выручка в рублях сверка дашбордов ПАО Россети.run(Выручка в рублях сверка дашбордов ПАО Россети:55)
	at com.kms.katalon.core.main.ScriptEngine.run(ScriptEngine.java:194)
	at com.kms.katalon.core.main.ScriptEngine.runScriptAsRawText(ScriptEngine.java:119)
	at com.kms.katalon.core.main.TestCaseExecutor.runScript(TestCaseExecutor.java:448)
	at com.kms.katalon.core.main.TestCaseExecutor.doExecute(TestCaseExecutor.java:439)
	at com.kms.katalon.core.main.TestCaseExecutor.processExecutionPhase(TestCaseExecutor.java:418)
	at com.kms.katalon.core.main.TestCaseExecutor.accessMainPhase(TestCaseExecutor.java:410)
	at com.kms.katalon.core.main.TestCaseExecutor.execute(TestCaseExecutor.java:285)
	at com.kms.katalon.core.common.CommonExecutor.accessTestCaseMainPhase(CommonExecutor.java:65)
	at com.kms.katalon.core.main.TestSuiteExecutor.accessTestSuiteMainPhase(TestSuiteExecutor.java:150)
	at com.kms.katalon.core.main.TestSuiteExecutor.execute(TestSuiteExecutor.java:106)
	at com.kms.katalon.core.main.TestCaseMain.startTestSuite(TestCaseMain.java:180)
	at TempTestSuite1736921988279.run(TempTestSuite1736921988279.groovy:35)
	at java.base/jdk.internal.reflect.NativeMethodAccessorImpl.invoke0(Native Method)
	at java.base/jdk.internal.reflect.NativeMethodAccessorImpl.invoke(NativeMethodAccessorImpl.java:77)
	at java.base/jdk.internal.reflect.DelegatingMethodAccessorImpl.invoke(DelegatingMethodAccessorImpl.java:43)
Caused by: com.kms.katalon.core.webui.exception.WebElementNotFoundException: Web element with id: 'Object Repository/Страница авторизации/Text' located by '//div' not found
	at com.kms.katalon.core.webui.common.WebUiCommonHelper.findWebElement(WebUiCommonHelper.java:1426)
	at com.kms.katalon.core.webui.keyword.internal.WebUIAbstractKeyword.findWebElement(WebUIAbstractKeyword.groovy:27)
	at com.kms.katalon.core.webui.keyword.internal.WebUIAbstractKeyword.findWebElement(WebUIAbstractKeyword.groovy:26)
	at com.kms.katalon.core.webui.keyword.builtin.GetTextKeyword$_getText_closure1.doCall(GetTextKeyword.groovy:78)
	at com.kms.katalon.core.webui.keyword.builtin.GetTextKeyword$_getText_closure1.call(GetTextKeyword.groovy)
	at com.kms.katalon.core.webui.keyword.internal.WebUIKeywordMain.runKeyword(WebUIKeywordMain.groovy:20)
	at com.kms.katalon.core.webui.keyword.builtin.GetTextKeyword.getText(GetTextKeyword.groovy:88)
	at com.kms.katalon.core.webui.keyword.builtin.GetTextKeyword.execute(GetTextKeyword.groovy:67)
	at com.kms.katalon.core.keyword.internal.KeywordExecutor.executeKeywordForPlatform(KeywordExecutor.groovy:74)
	at com.kms.katalon.core.webui.keyword.WebUiBuiltInKeywords.getText(WebUiBuiltInKeywords.groovy:957)
	at Script1710234207206.Autorization(Script1710234207206.groovy:680)
	at Script1710234207206.PreSettings(Script1710234207206.groovy:573)
	at Script1710234207206.Blocks(Script1710234207206.groovy:153)
	at Script1710234207206.ViruchkaChange(Script1710234207206.groovy:60)
	at Script1710234207206.run(Script1710234207206.groovy:55)
	... 15 more
)
	at com.kms.katalon.core.keyword.internal.KeywordMain.stepFailed(KeywordMain.groovy:39)
	at com.kms.katalon.core.webui.keyword.internal.WebUIKeywordMain.stepFailed(WebUIKeywordMain.groovy:64)
	at com.kms.katalon.core.webui.keyword.internal.WebUIKeywordMain.runKeyword(WebUIKeywordMain.groovy:26)
	at com.kms.katalon.core.webui.keyword.builtin.GetTextKeyword.getText(GetTextKeyword.groovy:88)
	at com.kms.katalon.core.webui.keyword.builtin.GetTextKeyword.execute(GetTextKeyword.groovy:67)
	at com.kms.katalon.core.keyword.internal.KeywordExecutor.executeKeywordForPlatform(KeywordExecutor.groovy:74)
	at com.kms.katalon.core.webui.keyword.WebUiBuiltInKeywords.getText(WebUiBuiltInKeywords.groovy:957)
	at Выручка в рублях сверка дашбордов ПАО Россети.Autorization(Выручка в рублях сверка дашбордов ПАО Россети:680)
	at Выручка в рублях сверка дашбордов ПАО Россети.PreSettings(Выручка в рублях сверка дашбордов ПАО Россети:573)
	at Выручка в рублях сверка дашбордов ПАО Россети.Blocks(Выручка в рублях сверка дашбордов ПАО Россети:153)
	at Выручка в рублях сверка дашбордов ПАО Россети.ViruchkaChange(Выручка в рублях сверка дашбордов ПАО Россети:60)
	at Выручка в рублях сверка дашбордов ПАО Россети.run(Выручка в рублях сверка дашбордов ПАО Россети:55)
	at com.kms.katalon.core.main.ScriptEngine.run(ScriptEngine.java:194)
	at com.kms.katalon.core.main.ScriptEngine.runScriptAsRawText(ScriptEngine.java:119)
	at com.kms.katalon.core.main.TestCaseExecutor.runScript(TestCaseExecutor.java:448)
	at com.kms.katalon.core.main.TestCaseExecutor.doExecute(TestCaseExecutor.java:439)
	at com.kms.katalon.core.main.TestCaseExecutor.processExecutionPhase(TestCaseExecutor.java:418)
	at com.kms.katalon.core.main.TestCaseExecutor.accessMainPhase(TestCaseExecutor.java:410)
	at com.kms.katalon.core.main.TestCaseExecutor.execute(TestCaseExecutor.java:285)
	at com.kms.katalon.core.common.CommonExecutor.accessTestCaseMainPhase(CommonExecutor.java:65)
	at com.kms.katalon.core.main.TestSuiteExecutor.accessTestSuiteMainPhase(TestSuiteExecutor.java:150)
	at com.kms.katalon.core.main.TestSuiteExecutor.execute(TestSuiteExecutor.java:106)
	at com.kms.katalon.core.main.TestCaseMain.startTestSuite(TestCaseMain.java:180)
	at TempTestSuite1736921988279.run(TempTestSuite1736921988279.groovy:35)
	at java.base/jdk.internal.reflect.NativeMethodAccessorImpl.invoke0(Native Method)
	at java.base/jdk.internal.reflect.NativeMethodAccessorImpl.invoke(NativeMethodAccessorImpl.java:77)
	at java.base/jdk.internal.reflect.DelegatingMethodAccessorImpl.invoke(DelegatingMethodAccessorImpl.java:43)
Caused by: com.kms.katalon.core.exception.StepFailedException: Unable to get text of object 'Object Repository/Страница авторизации/Text'
	... 26 more
Caused by: com.kms.katalon.core.webui.exception.WebElementNotFoundException: Web element with id: 'Object Repository/Страница авторизации/Text' located by '//div' not found
	at com.kms.katalon.core.webui.common.WebUiCommonHelper.findWebElement(WebUiCommonHelper.java:1426)
	at com.kms.katalon.core.webui.keyword.internal.WebUIAbstractKeyword.findWebElement(WebUIAbstractKeyword.groovy:27)
	at com.kms.katalon.core.webui.keyword.internal.WebUIAbstractKeyword.findWebElement(WebUIAbstractKeyword.groovy:26)
	at com.kms.katalon.core.webui.keyword.builtin.GetTextKeyword$_getText_closure1.doCall(GetTextKeyword.groovy:78)
	at com.kms.katalon.core.webui.keyword.builtin.GetTextKeyword$_getText_closure1.call(GetTextKeyword.groovy)
	at com.kms.katalon.core.webui.keyword.internal.WebUIKeywordMain.runKeyword(WebUIKeywordMain.groovy:20)
	... 24 more


15-01-2025T09:31:30 - [TEST_STEP][PASSED] - date = new java.util.Date(): null

15-01-2025T09:31:30 - [TEST_STEP][PASSED] - todaysDate = date.format("dd.MM.yyyy"): null

15-01-2025T09:31:30 - [TEST_STEP][PASSED] - println(todaysDate): null

15-01-2025T09:31:30 - [TEST_STEP][PASSED] - run = 1: null

15-01-2025T09:31:30 - [TEST_STEP][PASSED] - vir = 1: null

15-01-2025T09:31:30 - [TEST_STEP][PASSED] - block = 1: null

15-01-2025T09:31:30 - [TEST_STEP][PASSED] - vidget = <not implemented yet for class: org.codehaus.groovy.ast.expr.EmptyExpression>: null

15-01-2025T09:31:30 - [TEST_STEP][PASSED] - nameOfBlock = <not implemented yet for class: org.codehaus.groovy.ast.expr.EmptyExpression>: null

15-01-2025T09:31:30 - [TEST_STEP][PASSED] - typeOfData = <not implemented yet for class: org.codehaus.groovy.ast.expr.EmptyExpression>: null

15-01-2025T09:31:30 - [TEST_STEP][PASSED] - viruchka = <not implemented yet for class: org.codehaus.groovy.ast.expr.EmptyExpression>: null

15-01-2025T09:31:30 - [TEST_STEP][PASSED] - a = <not implemented yet for class: org.codehaus.groovy.ast.expr.EmptyExpression>: null

15-01-2025T09:31:30 - [TEST_STEP][PASSED] - b = <not implemented yet for class: org.codehaus.groovy.ast.expr.EmptyExpression>: null

15-01-2025T09:31:30 - [TEST_STEP][PASSED] - x = <not implemented yet for class: org.codehaus.groovy.ast.expr.EmptyExpression>: null

15-01-2025T09:31:30 - [TEST_STEP][PASSED] - y = <not implemented yet for class: org.codehaus.groovy.ast.expr.EmptyExpression>: null

15-01-2025T09:31:30 - [TEST_STEP][PASSED] - dZO = "ПАО Россети": null

15-01-2025T09:31:30 - [TEST_STEP][PASSED] - for ([run = 1, run < 3, (run++)]): null

15-01-2025T09:31:30 - [TEST_STEP][PASSED] - Script1710234207206.ViruchkaChange(run, vir, block, nameOfBlock, typeOfData, viruchka, vidget, todaysDate, a, b, dZO, x, y): null

15-01-2025T09:31:30 - [TEST_STEP][PASSED] - for ([vir = 1, vir < 4, (vir++)]): null

15-01-2025T09:31:30 - [TEST_STEP][PASSED] - Script1710234207206.Blocks(run, vir, block, nameOfBlock, typeOfData, viruchka, vidget, todaysDate, a, b, dZO, x, y): null

15-01-2025T09:31:30 - [TEST_STEP][PASSED] - i = <not implemented yet for class: org.codehaus.groovy.ast.expr.EmptyExpression>: null

15-01-2025T09:31:30 - [TEST_STEP][PASSED] - perc = "": null

15-01-2025T09:31:30 - [TEST_STEP][PASSED] - a1 = <not implemented yet for class: org.codehaus.groovy.ast.expr.EmptyExpression>: null

15-01-2025T09:31:30 - [TEST_STEP][PASSED] - a2 = <not implemented yet for class: org.codehaus.groovy.ast.expr.EmptyExpression>: null

15-01-2025T09:31:30 - [TEST_STEP][PASSED] - a30 = <not implemented yet for class: org.codehaus.groovy.ast.expr.EmptyExpression>: null

15-01-2025T09:31:30 - [TEST_STEP][PASSED] - a31 = <not implemented yet for class: org.codehaus.groovy.ast.expr.EmptyExpression>: null

15-01-2025T09:31:30 - [TEST_STEP][PASSED] - a32 = <not implemented yet for class: org.codehaus.groovy.ast.expr.EmptyExpression>: null

15-01-2025T09:31:30 - [TEST_STEP][PASSED] - a33 = <not implemented yet for class: org.codehaus.groovy.ast.expr.EmptyExpression>: null

15-01-2025T09:31:30 - [TEST_STEP][PASSED] - a34 = <not implemented yet for class: org.codehaus.groovy.ast.expr.EmptyExpression>: null

15-01-2025T09:31:30 - [TEST_STEP][PASSED] - a35 = <not implemented yet for class: org.codehaus.groovy.ast.expr.EmptyExpression>: null

15-01-2025T09:31:30 - [TEST_STEP][PASSED] - a36 = <not implemented yet for class: org.codehaus.groovy.ast.expr.EmptyExpression>: null

15-01-2025T09:31:30 - [TEST_STEP][PASSED] - a37 = <not implemented yet for class: org.codehaus.groovy.ast.expr.EmptyExpression>: null

15-01-2025T09:31:30 - [TEST_STEP][PASSED] - a38 = <not implemented yet for class: org.codehaus.groovy.ast.expr.EmptyExpression>: null

15-01-2025T09:31:30 - [TEST_STEP][PASSED] - a39 = <not implemented yet for class: org.codehaus.groovy.ast.expr.EmptyExpression>: null

15-01-2025T09:31:30 - [TEST_STEP][PASSED] - a310 = <not implemented yet for class: org.codehaus.groovy.ast.expr.EmptyExpression>: null

15-01-2025T09:31:30 - [TEST_STEP][PASSED] - a311 = <not implemented yet for class: org.codehaus.groovy.ast.expr.EmptyExpression>: null

15-01-2025T09:31:30 - [TEST_STEP][PASSED] - a312 = <not implemented yet for class: org.codehaus.groovy.ast.expr.EmptyExpression>: null

15-01-2025T09:31:30 - [TEST_STEP][PASSED] - a313 = <not implemented yet for class: org.codehaus.groovy.ast.expr.EmptyExpression>: null

15-01-2025T09:31:30 - [TEST_STEP][PASSED] - a314 = <not implemented yet for class: org.codehaus.groovy.ast.expr.EmptyExpression>: null

15-01-2025T09:31:30 - [TEST_STEP][PASSED] - a315 = <not implemented yet for class: org.codehaus.groovy.ast.expr.EmptyExpression>: null

15-01-2025T09:31:30 - [TEST_STEP][PASSED] - a316 = <not implemented yet for class: org.codehaus.groovy.ast.expr.EmptyExpression>: null

15-01-2025T09:31:30 - [TEST_STEP][PASSED] - a317 = <not implemented yet for class: org.codehaus.groovy.ast.expr.EmptyExpression>: null

15-01-2025T09:31:30 - [TEST_STEP][PASSED] - b1 = <not implemented yet for class: org.codehaus.groovy.ast.expr.EmptyExpression>: null

15-01-2025T09:31:30 - [TEST_STEP][PASSED] - b2 = <not implemented yet for class: org.codehaus.groovy.ast.expr.EmptyExpression>: null

15-01-2025T09:31:30 - [TEST_STEP][PASSED] - b30 = <not implemented yet for class: org.codehaus.groovy.ast.expr.EmptyExpression>: null

15-01-2025T09:31:30 - [TEST_STEP][PASSED] - b31 = <not implemented yet for class: org.codehaus.groovy.ast.expr.EmptyExpression>: null

15-01-2025T09:31:30 - [TEST_STEP][PASSED] - b32 = <not implemented yet for class: org.codehaus.groovy.ast.expr.EmptyExpression>: null

15-01-2025T09:31:30 - [TEST_STEP][PASSED] - b33 = <not implemented yet for class: org.codehaus.groovy.ast.expr.EmptyExpression>: null

15-01-2025T09:31:30 - [TEST_STEP][PASSED] - b34 = <not implemented yet for class: org.codehaus.groovy.ast.expr.EmptyExpression>: null

15-01-2025T09:31:30 - [TEST_STEP][PASSED] - b35 = <not implemented yet for class: org.codehaus.groovy.ast.expr.EmptyExpression>: null

15-01-2025T09:31:30 - [TEST_STEP][PASSED] - b36 = <not implemented yet for class: org.codehaus.groovy.ast.expr.EmptyExpression>: null

15-01-2025T09:31:30 - [TEST_STEP][PASSED] - b37 = <not implemented yet for class: org.codehaus.groovy.ast.expr.EmptyExpression>: null

15-01-2025T09:31:30 - [TEST_STEP][PASSED] - b38 = <not implemented yet for class: org.codehaus.groovy.ast.expr.EmptyExpression>: null

15-01-2025T09:31:30 - [TEST_STEP][PASSED] - b39 = <not implemented yet for class: org.codehaus.groovy.ast.expr.EmptyExpression>: null

15-01-2025T09:31:30 - [TEST_STEP][PASSED] - b310 = <not implemented yet for class: org.codehaus.groovy.ast.expr.EmptyExpression>: null

15-01-2025T09:31:30 - [TEST_STEP][PASSED] - b311 = <not implemented yet for class: org.codehaus.groovy.ast.expr.EmptyExpression>: null

15-01-2025T09:31:30 - [TEST_STEP][PASSED] - b312 = <not implemented yet for class: org.codehaus.groovy.ast.expr.EmptyExpression>: null

15-01-2025T09:31:30 - [TEST_STEP][PASSED] - b313 = <not implemented yet for class: org.codehaus.groovy.ast.expr.EmptyExpression>: null

15-01-2025T09:31:30 - [TEST_STEP][PASSED] - b314 = <not implemented yet for class: org.codehaus.groovy.ast.expr.EmptyExpression>: null

15-01-2025T09:31:30 - [TEST_STEP][PASSED] - b315 = <not implemented yet for class: org.codehaus.groovy.ast.expr.EmptyExpression>: null

15-01-2025T09:31:30 - [TEST_STEP][PASSED] - b316 = <not implemented yet for class: org.codehaus.groovy.ast.expr.EmptyExpression>: null

15-01-2025T09:31:30 - [TEST_STEP][PASSED] - b317 = <not implemented yet for class: org.codehaus.groovy.ast.expr.EmptyExpression>: null

15-01-2025T09:31:30 - [TEST_STEP][PASSED] - block = 1: null

15-01-2025T09:31:30 - [TEST_STEP][PASSED] - nameOfBlock = "": null

15-01-2025T09:31:30 - [TEST_STEP][PASSED] - Script1710234207206.PreSettings(run, vir, block, nameOfBlock, typeOfData, todaysDate): null

15-01-2025T09:31:30 - [TEST_STEP][PASSED] - openBrowser(""): Browser is opened with url: ''

15-01-2025T09:31:30 - [MESSAGE][WARNING] - A browser is already opened. Closing browser and opening a new one

15-01-2025T09:31:30 - [MESSAGE][INFO] - Starting 'Chrome' driver

15-01-2025T09:31:30 - [MESSAGE][INFO] - Action delay is set to 0 milliseconds

15-01-2025T09:31:31 - [MESSAGE][PASSED] - Browser is opened with url: ''

15-01-2025T09:31:31 - [TEST_STEP][PASSED] - refresh(): Refresh successfully

15-01-2025T09:31:31 - [MESSAGE][PASSED] - Refresh successfully

15-01-2025T09:31:31 - [TEST_STEP][PASSED] - delay(50): Delayed 50 second(s)

15-01-2025T09:32:21 - [MESSAGE][PASSED] - Delayed 50 second(s)

15-01-2025T09:32:21 - [TEST_STEP][PASSED] - println("run:" + run): null

15-01-2025T09:32:21 - [TEST_STEP][PASSED] - println("vir:" + vir): null

15-01-2025T09:32:21 - [TEST_STEP][PASSED] - println("block:" + block): null

15-01-2025T09:32:21 - [TEST_STEP][PASSED] - if (block == 1): null

15-01-2025T09:32:21 - [TEST_STEP][PASSED] - nameOfBlock = "": null

15-01-2025T09:32:21 - [TEST_STEP][PASSED] - println("nameOfBlock:" + nameOfBlock): null

15-01-2025T09:32:21 - [TEST_STEP][PASSED] - println("typeOfData:" + typeOfData): null

15-01-2025T09:32:21 - [TEST_STEP][PASSED] - println("todaysDate:" + todaysDate): null

15-01-2025T09:32:21 - [TEST_STEP][PASSED] - Script1710234207206.Autorization(block, nameOfBlock): null

15-01-2025T09:32:21 - [TEST_STEP][PASSED] - i = <not implemented yet for class: org.codehaus.groovy.ast.expr.EmptyExpression>: null

15-01-2025T09:32:21 - [TEST_STEP][PASSED] - ii = <not implemented yet for class: org.codehaus.groovy.ast.expr.EmptyExpression>: null

15-01-2025T09:32:21 - [TEST_STEP][PASSED] - urlData = <not implemented yet for class: org.codehaus.groovy.ast.expr.EmptyExpression>: null

15-01-2025T09:32:21 - [TEST_STEP][PASSED] - searchWord = <not implemented yet for class: org.codehaus.groovy.ast.expr.EmptyExpression>: null

15-01-2025T09:32:21 - [TEST_STEP][PASSED] - urlText = <not implemented yet for class: org.codehaus.groovy.ast.expr.EmptyExpression>: null

15-01-2025T09:32:21 - [TEST_STEP][PASSED] - println("block:" + block): null

15-01-2025T09:32:21 - [TEST_STEP][PASSED] - if (block == 1): null

15-01-2025T09:32:21 - [TEST_STEP][PASSED] - nameOfBlock = "": null

15-01-2025T09:32:21 - [TEST_STEP][PASSED] - println("nameOfBlock:" + nameOfBlock): null

15-01-2025T09:32:21 - [TEST_STEP][PASSED] - if (block == 1): Delayed 45 second(s)

15-01-2025T09:32:21 - [TEST_STEP][PASSED] - urlData = 2: null

15-01-2025T09:32:21 - [TEST_STEP][PASSED] - delay(45): Delayed 45 second(s)

15-01-2025T09:33:06 - [MESSAGE][PASSED] - Delayed 45 second(s)

15-01-2025T09:33:06 - [TEST_STEP][PASSED] - navigateToUrl(findTestData("PlanFact").getValue(10, urlData)): Navigate to 'https://bi.rosseti.digital/viewer?dashboardGuid=2301950b23be4ed89c1df75f2020051e&sheetGuid=b723206f698544fb87299f3095c00435&fit=true' successfully

15-01-2025T09:33:07 - [MESSAGE][PASSED] - Navigate to 'https://bi.rosseti.digital/viewer?dashboardGuid=2301950b23be4ed89c1df75f2020051e&sheetGuid=b723206f698544fb87299f3095c00435&fit=true' successfully

15-01-2025T09:33:07 - [TEST_STEP][FAILED] - urlText = getText(findTestObject("Страница авторизации/Text")): Unable to get text of object 'Object Repository/Страница авторизации/Text' (Root cause: com.kms.katalon.core.exception.StepFailedException: Unable to get text of object 'Object Repository/Страница авторизации/Text'
	at com.kms.katalon.core.webui.keyword.internal.WebUIKeywordMain.stepFailed(WebUIKeywordMain.groovy:64)
	at com.kms.katalon.core.webui.keyword.internal.WebUIKeywordMain.runKeyword(WebUIKeywordMain.groovy:26)
	at com.kms.katalon.core.webui.keyword.builtin.GetTextKeyword.getText(GetTextKeyword.groovy:88)
	at com.kms.katalon.core.webui.keyword.builtin.GetTextKeyword.execute(GetTextKeyword.groovy:67)
	at com.kms.katalon.core.keyword.internal.KeywordExecutor.executeKeywordForPlatform(KeywordExecutor.groovy:74)
	at com.kms.katalon.core.webui.keyword.WebUiBuiltInKeywords.getText(WebUiBuiltInKeywords.groovy:957)
	at Выручка в рублях сверка дашбордов ПАО Россети.Autorization(Выручка в рублях сверка дашбордов ПАО Россети:680)
	at Выручка в рублях сверка дашбордов ПАО Россети.PreSettings(Выручка в рублях сверка дашбордов ПАО Россети:573)
	at Выручка в рублях сверка дашбордов ПАО Россети.Blocks(Выручка в рублях сверка дашбордов ПАО Россети:153)
	at Выручка в рублях сверка дашбордов ПАО Россети.ViruchkaChange(Выручка в рублях сверка дашбордов ПАО Россети:60)
	at Выручка в рублях сверка дашбордов ПАО Россети.run(Выручка в рублях сверка дашбордов ПАО Россети:55)
	at com.kms.katalon.core.main.ScriptEngine.run(ScriptEngine.java:194)
	at com.kms.katalon.core.main.ScriptEngine.runScriptAsRawText(ScriptEngine.java:119)
	at com.kms.katalon.core.main.TestCaseExecutor.runScript(TestCaseExecutor.java:448)
	at com.kms.katalon.core.main.TestCaseExecutor.doExecute(TestCaseExecutor.java:439)
	at com.kms.katalon.core.main.TestCaseExecutor.processExecutionPhase(TestCaseExecutor.java:418)
	at com.kms.katalon.core.main.TestCaseExecutor.accessMainPhase(TestCaseExecutor.java:410)
	at com.kms.katalon.core.main.TestCaseExecutor.execute(TestCaseExecutor.java:285)
	at com.kms.katalon.core.common.CommonExecutor.accessTestCaseMainPhase(CommonExecutor.java:65)
	at com.kms.katalon.core.main.TestSuiteExecutor.accessTestSuiteMainPhase(TestSuiteExecutor.java:150)
	at com.kms.katalon.core.main.TestSuiteExecutor.execute(TestSuiteExecutor.java:106)
	at com.kms.katalon.core.main.TestCaseMain.startTestSuite(TestCaseMain.java:180)
	at TempTestSuite1736921988279.run(TempTestSuite1736921988279.groovy:35)
	at java.base/jdk.internal.reflect.NativeMethodAccessorImpl.invoke0(Native Method)
	at java.base/jdk.internal.reflect.NativeMethodAccessorImpl.invoke(NativeMethodAccessorImpl.java:77)
	at java.base/jdk.internal.reflect.DelegatingMethodAccessorImpl.invoke(DelegatingMethodAccessorImpl.java:43)
Caused by: com.kms.katalon.core.webui.exception.WebElementNotFoundException: Web element with id: 'Object Repository/Страница авторизации/Text' located by '//div' not found
	at com.kms.katalon.core.webui.common.WebUiCommonHelper.findWebElement(WebUiCommonHelper.java:1426)
	at com.kms.katalon.core.webui.keyword.internal.WebUIAbstractKeyword.findWebElement(WebUIAbstractKeyword.groovy:27)
	at com.kms.katalon.core.webui.keyword.internal.WebUIAbstractKeyword.findWebElement(WebUIAbstractKeyword.groovy:26)
	at com.kms.katalon.core.webui.keyword.builtin.GetTextKeyword$_getText_closure1.doCall(GetTextKeyword.groovy:78)
	at com.kms.katalon.core.webui.keyword.builtin.GetTextKeyword$_getText_closure1.call(GetTextKeyword.groovy)
	at com.kms.katalon.core.webui.keyword.internal.WebUIKeywordMain.runKeyword(WebUIKeywordMain.groovy:20)
	at com.kms.katalon.core.webui.keyword.builtin.GetTextKeyword.getText(GetTextKeyword.groovy:88)
	at com.kms.katalon.core.webui.keyword.builtin.GetTextKeyword.execute(GetTextKeyword.groovy:67)
	at com.kms.katalon.core.keyword.internal.KeywordExecutor.executeKeywordForPlatform(KeywordExecutor.groovy:74)
	at com.kms.katalon.core.webui.keyword.WebUiBuiltInKeywords.getText(WebUiBuiltInKeywords.groovy:957)
	at Script1710234207206.Autorization(Script1710234207206.groovy:680)
	at Script1710234207206.PreSettings(Script1710234207206.groovy:573)
	at Script1710234207206.Blocks(Script1710234207206.groovy:153)
	at Script1710234207206.ViruchkaChange(Script1710234207206.groovy:60)
	at Script1710234207206.run(Script1710234207206.groovy:55)
	... 15 more
)

15-01-2025T09:33:39 - [MESSAGE][INFO] - Unable to find the element located by 'By.xpath: //div'. Please recheck the objects properties to make sure the desired element is located. 

15-01-2025T09:33:39 - [MESSAGE][FAILED] - Unable to get text of object 'Object Repository/Страница авторизации/Text' (Root cause: com.kms.katalon.core.exception.StepFailedException: Unable to get text of object 'Object Repository/Страница авторизации/Text'
	at com.kms.katalon.core.webui.keyword.internal.WebUIKeywordMain.stepFailed(WebUIKeywordMain.groovy:64)
	at com.kms.katalon.core.webui.keyword.internal.WebUIKeywordMain.runKeyword(WebUIKeywordMain.groovy:26)
	at com.kms.katalon.core.webui.keyword.builtin.GetTextKeyword.getText(GetTextKeyword.groovy:88)
	at com.kms.katalon.core.webui.keyword.builtin.GetTextKeyword.execute(GetTextKeyword.groovy:67)
	at com.kms.katalon.core.keyword.internal.KeywordExecutor.executeKeywordForPlatform(KeywordExecutor.groovy:74)
	at com.kms.katalon.core.webui.keyword.WebUiBuiltInKeywords.getText(WebUiBuiltInKeywords.groovy:957)
	at Выручка в рублях сверка дашбордов ПАО Россети.Autorization(Выручка в рублях сверка дашбордов ПАО Россети:680)
	at Выручка в рублях сверка дашбордов ПАО Россети.PreSettings(Выручка в рублях сверка дашбордов ПАО Россети:573)
	at Выручка в рублях сверка дашбордов ПАО Россети.Blocks(Выручка в рублях сверка дашбордов ПАО Россети:153)
	at Выручка в рублях сверка дашбордов ПАО Россети.ViruchkaChange(Выручка в рублях сверка дашбордов ПАО Россети:60)
	at Выручка в рублях сверка дашбордов ПАО Россети.run(Выручка в рублях сверка дашбордов ПАО Россети:55)
	at com.kms.katalon.core.main.ScriptEngine.run(ScriptEngine.java:194)
	at com.kms.katalon.core.main.ScriptEngine.runScriptAsRawText(ScriptEngine.java:119)
	at com.kms.katalon.core.main.TestCaseExecutor.runScript(TestCaseExecutor.java:448)
	at com.kms.katalon.core.main.TestCaseExecutor.doExecute(TestCaseExecutor.java:439)
	at com.kms.katalon.core.main.TestCaseExecutor.processExecutionPhase(TestCaseExecutor.java:418)
	at com.kms.katalon.core.main.TestCaseExecutor.accessMainPhase(TestCaseExecutor.java:410)
	at com.kms.katalon.core.main.TestCaseExecutor.execute(TestCaseExecutor.java:285)
	at com.kms.katalon.core.common.CommonExecutor.accessTestCaseMainPhase(CommonExecutor.java:65)
	at com.kms.katalon.core.main.TestSuiteExecutor.accessTestSuiteMainPhase(TestSuiteExecutor.java:150)
	at com.kms.katalon.core.main.TestSuiteExecutor.execute(TestSuiteExecutor.java:106)
	at com.kms.katalon.core.main.TestCaseMain.startTestSuite(TestCaseMain.java:180)
	at TempTestSuite1736921988279.run(TempTestSuite1736921988279.groovy:35)
	at java.base/jdk.internal.reflect.NativeMethodAccessorImpl.invoke0(Native Method)
	at java.base/jdk.internal.reflect.NativeMethodAccessorImpl.invoke(NativeMethodAccessorImpl.java:77)
	at java.base/jdk.internal.reflect.DelegatingMethodAccessorImpl.invoke(DelegatingMethodAccessorImpl.java:43)
Caused by: com.kms.katalon.core.webui.exception.WebElementNotFoundException: Web element with id: 'Object Repository/Страница авторизации/Text' located by '//div' not found
	at com.kms.katalon.core.webui.common.WebUiCommonHelper.findWebElement(WebUiCommonHelper.java:1426)
	at com.kms.katalon.core.webui.keyword.internal.WebUIAbstractKeyword.findWebElement(WebUIAbstractKeyword.groovy:27)
	at com.kms.katalon.core.webui.keyword.internal.WebUIAbstractKeyword.findWebElement(WebUIAbstractKeyword.groovy:26)
	at com.kms.katalon.core.webui.keyword.builtin.GetTextKeyword$_getText_closure1.doCall(GetTextKeyword.groovy:78)
	at com.kms.katalon.core.webui.keyword.builtin.GetTextKeyword$_getText_closure1.call(GetTextKeyword.groovy)
	at com.kms.katalon.core.webui.keyword.internal.WebUIKeywordMain.runKeyword(WebUIKeywordMain.groovy:20)
	at com.kms.katalon.core.webui.keyword.builtin.GetTextKeyword.getText(GetTextKeyword.groovy:88)
	at com.kms.katalon.core.webui.keyword.builtin.GetTextKeyword.execute(GetTextKeyword.groovy:67)
	at com.kms.katalon.core.keyword.internal.KeywordExecutor.executeKeywordForPlatform(KeywordExecutor.groovy:74)
	at com.kms.katalon.core.webui.keyword.WebUiBuiltInKeywords.getText(WebUiBuiltInKeywords.groovy:957)
	at Script1710234207206.Autorization(Script1710234207206.groovy:680)
	at Script1710234207206.PreSettings(Script1710234207206.groovy:573)
	at Script1710234207206.Blocks(Script1710234207206.groovy:153)
	at Script1710234207206.ViruchkaChange(Script1710234207206.groovy:60)
	at Script1710234207206.run(Script1710234207206.groovy:55)
	... 15 more
)
[[ATTACHMENT|C:\\Users\\LIAZGINA-DI\\git\\SPORU\\Reports\\20250115_091948\\\u041F\u043D-\u0421\u0440-\u041F\u0442\\\u0421\u0432\u0435\u0440\u043A\u0430 \u0434\u0430\u0448\u0431\u043E\u0440\u0434\u043E\u0432 \u0438\u0437 \u0440\u0430\u0437\u043D\u044B\u0445 \u0431\u043B\u043E\u043A\u043E\u0432\\20250115_091948\\1736922819096.png]]

15-01-2025T09:33:39 - [TEST_STEP][PASSED] - searchWord = "Вход": null

15-01-2025T09:33:39 - [TEST_STEP][ERROR] - if (urlText == null || urlText.contains("ошибка") || urlText.contains(searchWord) == false): Test Cases/Сверки дашбордов/Выручка в рублях сверка дашбордов ПАО Россети FAILED.
Reason:
java.lang.NullPointerException: Cannot invoke method contains() on null object
	at Выручка в рублях сверка дашбордов ПАО Россети.Autorization(Выручка в рублях сверка дашбордов ПАО Россети:685)
	at Выручка в рублях сверка дашбордов ПАО Россети.PreSettings(Выручка в рублях сверка дашбордов ПАО Россети:573)
	at Выручка в рублях сверка дашбордов ПАО Россети.Blocks(Выручка в рублях сверка дашбордов ПАО Россети:153)
	at Выручка в рублях сверка дашбордов ПАО Россети.ViruchkaChange(Выручка в рублях сверка дашбордов ПАО Россети:60)
	at Выручка в рублях сверка дашбордов ПАО Россети.run(Выручка в рублях сверка дашбордов ПАО Россети:55)
	at com.kms.katalon.core.main.ScriptEngine.run(ScriptEngine.java:194)
	at com.kms.katalon.core.main.ScriptEngine.runScriptAsRawText(ScriptEngine.java:119)
	at com.kms.katalon.core.main.TestCaseExecutor.runScript(TestCaseExecutor.java:448)
	at com.kms.katalon.core.main.TestCaseExecutor.doExecute(TestCaseExecutor.java:439)
	at com.kms.katalon.core.main.TestCaseExecutor.processExecutionPhase(TestCaseExecutor.java:418)
	at com.kms.katalon.core.main.TestCaseExecutor.accessMainPhase(TestCaseExecutor.java:410)
	at com.kms.katalon.core.main.TestCaseExecutor.execute(TestCaseExecutor.java:285)
	at com.kms.katalon.core.common.CommonExecutor.accessTestCaseMainPhase(CommonExecutor.java:65)
	at com.kms.katalon.core.main.TestSuiteExecutor.accessTestSuiteMainPhase(TestSuiteExecutor.java:150)
	at com.kms.katalon.core.main.TestSuiteExecutor.execute(TestSuiteExecutor.java:106)
	at com.kms.katalon.core.main.TestCaseMain.startTestSuite(TestCaseMain.java:180)
	at TempTestSuite1736921988279.run(TempTestSuite1736921988279.groovy:35)
	at java.base/jdk.internal.reflect.NativeMethodAccessorImpl.invoke0(Native Method)
	at java.base/jdk.internal.reflect.NativeMethodAccessorImpl.invoke(NativeMethodAccessorImpl.java:77)
	at java.base/jdk.internal.reflect.DelegatingMethodAccessorImpl.invoke(DelegatingMethodAccessorImpl.java:43)


15-01-2025T09:33:39 - [TEST_STEP][ERROR] - for ([urlText.contains(searchWord) == false, i < 10, (ii++)]): Test Cases/Сверки дашбордов/Выручка в рублях сверка дашбордов ПАО Россети FAILED.
Reason:
java.lang.NullPointerException: Cannot invoke method contains() on null object
	at Выручка в рублях сверка дашбордов ПАО Россети.Autorization(Выручка в рублях сверка дашбордов ПАО Россети:685)
	at Выручка в рублях сверка дашбордов ПАО Россети.PreSettings(Выручка в рублях сверка дашбордов ПАО Россети:573)
	at Выручка в рублях сверка дашбордов ПАО Россети.Blocks(Выручка в рублях сверка дашбордов ПАО Россети:153)
	at Выручка в рублях сверка дашбордов ПАО Россети.ViruchkaChange(Выручка в рублях сверка дашбордов ПАО Россети:60)
	at Выручка в рублях сверка дашбордов ПАО Россети.run(Выручка в рублях сверка дашбордов ПАО Россети:55)
	at com.kms.katalon.core.main.ScriptEngine.run(ScriptEngine.java:194)
	at com.kms.katalon.core.main.ScriptEngine.runScriptAsRawText(ScriptEngine.java:119)
	at com.kms.katalon.core.main.TestCaseExecutor.runScript(TestCaseExecutor.java:448)
	at com.kms.katalon.core.main.TestCaseExecutor.doExecute(TestCaseExecutor.java:439)
	at com.kms.katalon.core.main.TestCaseExecutor.processExecutionPhase(TestCaseExecutor.java:418)
	at com.kms.katalon.core.main.TestCaseExecutor.accessMainPhase(TestCaseExecutor.java:410)
	at com.kms.katalon.core.main.TestCaseExecutor.execute(TestCaseExecutor.java:285)
	at com.kms.katalon.core.common.CommonExecutor.accessTestCaseMainPhase(CommonExecutor.java:65)
	at com.kms.katalon.core.main.TestSuiteExecutor.accessTestSuiteMainPhase(TestSuiteExecutor.java:150)
	at com.kms.katalon.core.main.TestSuiteExecutor.execute(TestSuiteExecutor.java:106)
	at com.kms.katalon.core.main.TestCaseMain.startTestSuite(TestCaseMain.java:180)
	at TempTestSuite1736921988279.run(TempTestSuite1736921988279.groovy:35)
	at java.base/jdk.internal.reflect.NativeMethodAccessorImpl.invoke0(Native Method)
	at java.base/jdk.internal.reflect.NativeMethodAccessorImpl.invoke(NativeMethodAccessorImpl.java:77)
	at java.base/jdk.internal.reflect.DelegatingMethodAccessorImpl.invoke(DelegatingMethodAccessorImpl.java:43)


15-01-2025T09:33:39 - [MESSAGE][ERROR] - Test Cases/Сверки дашбордов/Выручка в рублях сверка дашбордов ПАО Россети FAILED.
Reason:
java.lang.NullPointerException: Cannot invoke method contains() on null object
	at Выручка в рублях сверка дашбордов ПАО Россети.Autorization(Выручка в рублях сверка дашбордов ПАО Россети:685)
	at Выручка в рублях сверка дашбордов ПАО Россети.PreSettings(Выручка в рублях сверка дашбордов ПАО Россети:573)
	at Выручка в рублях сверка дашбордов ПАО Россети.Blocks(Выручка в рублях сверка дашбордов ПАО Россети:153)
	at Выручка в рублях сверка дашбордов ПАО Россети.ViruchkaChange(Выручка в рублях сверка дашбордов ПАО Россети:60)
	at Выручка в рублях сверка дашбордов ПАО Россети.run(Выручка в рублях сверка дашбордов ПАО Россети:55)
	at com.kms.katalon.core.main.ScriptEngine.run(ScriptEngine.java:194)
	at com.kms.katalon.core.main.ScriptEngine.runScriptAsRawText(ScriptEngine.java:119)
	at com.kms.katalon.core.main.TestCaseExecutor.runScript(TestCaseExecutor.java:448)
	at com.kms.katalon.core.main.TestCaseExecutor.doExecute(TestCaseExecutor.java:439)
	at com.kms.katalon.core.main.TestCaseExecutor.processExecutionPhase(TestCaseExecutor.java:418)
	at com.kms.katalon.core.main.TestCaseExecutor.accessMainPhase(TestCaseExecutor.java:410)
	at com.kms.katalon.core.main.TestCaseExecutor.execute(TestCaseExecutor.java:285)
	at com.kms.katalon.core.common.CommonExecutor.accessTestCaseMainPhase(CommonExecutor.java:65)
	at com.kms.katalon.core.main.TestSuiteExecutor.accessTestSuiteMainPhase(TestSuiteExecutor.java:150)
	at com.kms.katalon.core.main.TestSuiteExecutor.execute(TestSuiteExecutor.java:106)
	at com.kms.katalon.core.main.TestCaseMain.startTestSuite(TestCaseMain.java:180)
	at TempTestSuite1736921988279.run(TempTestSuite1736921988279.groovy:35)
	at java.base/jdk.internal.reflect.NativeMethodAccessorImpl.invoke0(Native Method)
	at java.base/jdk.internal.reflect.NativeMethodAccessorImpl.invoke(NativeMethodAccessorImpl.java:77)
	at java.base/jdk.internal.reflect.DelegatingMethodAccessorImpl.invoke(DelegatingMethodAccessorImpl.java:43)]]></system-out>
         <system-err><![CDATA[15-01-2025T09:31:29 - [TEST_CASE][FAILED] - Test Cases/Сверки дашбордов/Выручка в рублях сверка дашбордов ПАО Россети: Test Cases/Сверки дашбордов/Выручка в рублях сверка дашбордов ПАО Россети FAILED.
Reason:
com.kms.katalon.core.exception.StepFailedException: Unable to get text of object 'Object Repository/Страница авторизации/Text' (Root cause: com.kms.katalon.core.exception.StepFailedException: Unable to get text of object 'Object Repository/Страница авторизации/Text'
	at com.kms.katalon.core.webui.keyword.internal.WebUIKeywordMain.stepFailed(WebUIKeywordMain.groovy:64)
	at com.kms.katalon.core.webui.keyword.internal.WebUIKeywordMain.runKeyword(WebUIKeywordMain.groovy:26)
	at com.kms.katalon.core.webui.keyword.builtin.GetTextKeyword.getText(GetTextKeyword.groovy:88)
	at com.kms.katalon.core.webui.keyword.builtin.GetTextKeyword.execute(GetTextKeyword.groovy:67)
	at com.kms.katalon.core.keyword.internal.KeywordExecutor.executeKeywordForPlatform(KeywordExecutor.groovy:74)
	at com.kms.katalon.core.webui.keyword.WebUiBuiltInKeywords.getText(WebUiBuiltInKeywords.groovy:957)
	at Выручка в рублях сверка дашбордов ПАО Россети.Autorization(Выручка в рублях сверка дашбордов ПАО Россети:680)
	at Выручка в рублях сверка дашбордов ПАО Россети.PreSettings(Выручка в рублях сверка дашбордов ПАО Россети:573)
	at Выручка в рублях сверка дашбордов ПАО Россети.Blocks(Выручка в рублях сверка дашбордов ПАО Россети:153)
	at Выручка в рублях сверка дашбордов ПАО Россети.ViruchkaChange(Выручка в рублях сверка дашбордов ПАО Россети:60)
	at Выручка в рублях сверка дашбордов ПАО Россети.run(Выручка в рублях сверка дашбордов ПАО Россети:55)
	at com.kms.katalon.core.main.ScriptEngine.run(ScriptEngine.java:194)
	at com.kms.katalon.core.main.ScriptEngine.runScriptAsRawText(ScriptEngine.java:119)
	at com.kms.katalon.core.main.TestCaseExecutor.runScript(TestCaseExecutor.java:448)
	at com.kms.katalon.core.main.TestCaseExecutor.doExecute(TestCaseExecutor.java:439)
	at com.kms.katalon.core.main.TestCaseExecutor.processExecutionPhase(TestCaseExecutor.java:418)
	at com.kms.katalon.core.main.TestCaseExecutor.accessMainPhase(TestCaseExecutor.java:410)
	at com.kms.katalon.core.main.TestCaseExecutor.execute(TestCaseExecutor.java:285)
	at com.kms.katalon.core.common.CommonExecutor.accessTestCaseMainPhase(CommonExecutor.java:65)
	at com.kms.katalon.core.main.TestSuiteExecutor.accessTestSuiteMainPhase(TestSuiteExecutor.java:150)
	at com.kms.katalon.core.main.TestSuiteExecutor.execute(TestSuiteExecutor.java:106)
	at com.kms.katalon.core.main.TestCaseMain.startTestSuite(TestCaseMain.java:180)
	at TempTestSuite1736921988279.run(TempTestSuite1736921988279.groovy:35)
	at java.base/jdk.internal.reflect.NativeMethodAccessorImpl.invoke0(Native Method)
	at java.base/jdk.internal.reflect.NativeMethodAccessorImpl.invoke(NativeMethodAccessorImpl.java:77)
	at java.base/jdk.internal.reflect.DelegatingMethodAccessorImpl.invoke(DelegatingMethodAccessorImpl.java:43)
Caused by: com.kms.katalon.core.webui.exception.WebElementNotFoundException: Web element with id: 'Object Repository/Страница авторизации/Text' located by '//div' not found
	at com.kms.katalon.core.webui.common.WebUiCommonHelper.findWebElement(WebUiCommonHelper.java:1426)
	at com.kms.katalon.core.webui.keyword.internal.WebUIAbstractKeyword.findWebElement(WebUIAbstractKeyword.groovy:27)
	at com.kms.katalon.core.webui.keyword.internal.WebUIAbstractKeyword.findWebElement(WebUIAbstractKeyword.groovy:26)
	at com.kms.katalon.core.webui.keyword.builtin.GetTextKeyword$_getText_closure1.doCall(GetTextKeyword.groovy:78)
	at com.kms.katalon.core.webui.keyword.builtin.GetTextKeyword$_getText_closure1.call(GetTextKeyword.groovy)
	at com.kms.katalon.core.webui.keyword.internal.WebUIKeywordMain.runKeyword(WebUIKeywordMain.groovy:20)
	at com.kms.katalon.core.webui.keyword.builtin.GetTextKeyword.getText(GetTextKeyword.groovy:88)
	at com.kms.katalon.core.webui.keyword.builtin.GetTextKeyword.execute(GetTextKeyword.groovy:67)
	at com.kms.katalon.core.keyword.internal.KeywordExecutor.executeKeywordForPlatform(KeywordExecutor.groovy:74)
	at com.kms.katalon.core.webui.keyword.WebUiBuiltInKeywords.getText(WebUiBuiltInKeywords.groovy:957)
	at Script1710234207206.Autorization(Script1710234207206.groovy:680)
	at Script1710234207206.PreSettings(Script1710234207206.groovy:573)
	at Script1710234207206.Blocks(Script1710234207206.groovy:153)
	at Script1710234207206.ViruchkaChange(Script1710234207206.groovy:60)
	at Script1710234207206.run(Script1710234207206.groovy:55)
	... 15 more
)
	at com.kms.katalon.core.keyword.internal.KeywordMain.stepFailed(KeywordMain.groovy:39)
	at com.kms.katalon.core.webui.keyword.internal.WebUIKeywordMain.stepFailed(WebUIKeywordMain.groovy:64)
	at com.kms.katalon.core.webui.keyword.internal.WebUIKeywordMain.runKeyword(WebUIKeywordMain.groovy:26)
	at com.kms.katalon.core.webui.keyword.builtin.GetTextKeyword.getText(GetTextKeyword.groovy:88)
	at com.kms.katalon.core.webui.keyword.builtin.GetTextKeyword.execute(GetTextKeyword.groovy:67)
	at com.kms.katalon.core.keyword.internal.KeywordExecutor.executeKeywordForPlatform(KeywordExecutor.groovy:74)
	at com.kms.katalon.core.webui.keyword.WebUiBuiltInKeywords.getText(WebUiBuiltInKeywords.groovy:957)
	at Выручка в рублях сверка дашбордов ПАО Россети.Autorization(Выручка в рублях сверка дашбордов ПАО Россети:680)
	at Выручка в рублях сверка дашбордов ПАО Россети.PreSettings(Выручка в рублях сверка дашбордов ПАО Россети:573)
	at Выручка в рублях сверка дашбордов ПАО Россети.Blocks(Выручка в рублях сверка дашбордов ПАО Россети:153)
	at Выручка в рублях сверка дашбордов ПАО Россети.ViruchkaChange(Выручка в рублях сверка дашбордов ПАО Россети:60)
	at Выручка в рублях сверка дашбордов ПАО Россети.run(Выручка в рублях сверка дашбордов ПАО Россети:55)
	at com.kms.katalon.core.main.ScriptEngine.run(ScriptEngine.java:194)
	at com.kms.katalon.core.main.ScriptEngine.runScriptAsRawText(ScriptEngine.java:119)
	at com.kms.katalon.core.main.TestCaseExecutor.runScript(TestCaseExecutor.java:448)
	at com.kms.katalon.core.main.TestCaseExecutor.doExecute(TestCaseExecutor.java:439)
	at com.kms.katalon.core.main.TestCaseExecutor.processExecutionPhase(TestCaseExecutor.java:418)
	at com.kms.katalon.core.main.TestCaseExecutor.accessMainPhase(TestCaseExecutor.java:410)
	at com.kms.katalon.core.main.TestCaseExecutor.execute(TestCaseExecutor.java:285)
	at com.kms.katalon.core.common.CommonExecutor.accessTestCaseMainPhase(CommonExecutor.java:65)
	at com.kms.katalon.core.main.TestSuiteExecutor.accessTestSuiteMainPhase(TestSuiteExecutor.java:150)
	at com.kms.katalon.core.main.TestSuiteExecutor.execute(TestSuiteExecutor.java:106)
	at com.kms.katalon.core.main.TestCaseMain.startTestSuite(TestCaseMain.java:180)
	at TempTestSuite1736921988279.run(TempTestSuite1736921988279.groovy:35)
	at java.base/jdk.internal.reflect.NativeMethodAccessorImpl.invoke0(Native Method)
	at java.base/jdk.internal.reflect.NativeMethodAccessorImpl.invoke(NativeMethodAccessorImpl.java:77)
	at java.base/jdk.internal.reflect.DelegatingMethodAccessorImpl.invoke(DelegatingMethodAccessorImpl.java:43)
Caused by: com.kms.katalon.core.exception.StepFailedException: Unable to get text of object 'Object Repository/Страница авторизации/Text'
	... 26 more
Caused by: com.kms.katalon.core.webui.exception.WebElementNotFoundException: Web element with id: 'Object Repository/Страница авторизации/Text' located by '//div' not found
	at com.kms.katalon.core.webui.common.WebUiCommonHelper.findWebElement(WebUiCommonHelper.java:1426)
	at com.kms.katalon.core.webui.keyword.internal.WebUIAbstractKeyword.findWebElement(WebUIAbstractKeyword.groovy:27)
	at com.kms.katalon.core.webui.keyword.internal.WebUIAbstractKeyword.findWebElement(WebUIAbstractKeyword.groovy:26)
	at com.kms.katalon.core.webui.keyword.builtin.GetTextKeyword$_getText_closure1.doCall(GetTextKeyword.groovy:78)
	at com.kms.katalon.core.webui.keyword.builtin.GetTextKeyword$_getText_closure1.call(GetTextKeyword.groovy)
	at com.kms.katalon.core.webui.keyword.internal.WebUIKeywordMain.runKeyword(WebUIKeywordMain.groovy:20)
	... 24 more]]></system-err>
      </testcase>
      <testcase name="Test Cases/Сверки дашбордов/Выручка по ДЗО сверка дашбордов" time="810.607" classname="Test Cases/Сверки дашбордов/Выручка по ДЗО сверка дашбордов" status="FAILED">
         <failure type="FAILED" message="Test Cases/Сверки дашбордов/Выручка по ДЗО сверка дашбордов FAILED.&#xa;Reason:&#xa;com.kms.katalon.core.exception.StepFailedException: Unable to set text 'liazgina-di' of object 'Object Repository/Страница авторизации/input__username' (Root cause: com.kms.katalon.core.exception.StepFailedException: Unable to set text 'liazgina-di' of object 'Object Repository/Страница авторизации/input__username'&#xa;	at com.kms.katalon.core.webui.keyword.internal.WebUIKeywordMain.stepFailed(WebUIKeywordMain.groovy:64)&#xa;	at com.kms.katalon.core.webui.keyword.internal.WebUIKeywordMain.runKeyword(WebUIKeywordMain.groovy:26)&#xa;	at com.kms.katalon.core.webui.keyword.builtin.SetTextKeyword.setText(SetTextKeyword.groovy:85)&#xa;	at com.kms.katalon.core.webui.keyword.builtin.SetTextKeyword.execute(SetTextKeyword.groovy:39)&#xa;	at com.kms.katalon.core.keyword.internal.KeywordExecutor.executeKeywordForPlatform(KeywordExecutor.groovy:74)&#xa;	at com.kms.katalon.core.webui.keyword.WebUiBuiltInKeywords.setText(WebUiBuiltInKeywords.groovy:1019)&#xa;	at Выручка по ДЗО сверка дашбордов.run(Выручка по ДЗО сверка дашбордов:31)&#xa;	at com.kms.katalon.core.main.ScriptEngine.run(ScriptEngine.java:194)&#xa;	at com.kms.katalon.core.main.ScriptEngine.runScriptAsRawText(ScriptEngine.java:119)&#xa;	at com.kms.katalon.core.main.TestCaseExecutor.runScript(TestCaseExecutor.java:448)&#xa;	at com.kms.katalon.core.main.TestCaseExecutor.doExecute(TestCaseExecutor.java:439)&#xa;	at com.kms.katalon.core.main.TestCaseExecutor.processExecutionPhase(TestCaseExecutor.java:418)&#xa;	at com.kms.katalon.core.main.TestCaseExecutor.accessMainPhase(TestCaseExecutor.java:410)&#xa;	at com.kms.katalon.core.main.TestCaseExecutor.execute(TestCaseExecutor.java:285)&#xa;	at com.kms.katalon.core.common.CommonExecutor.accessTestCaseMainPhase(CommonExecutor.java:65)&#xa;	at com.kms.katalon.core.main.TestSuiteExecutor.accessTestSuiteMainPhase(TestSuiteExecutor.java:150)&#xa;	at com.kms.katalon.core.main.TestSuiteExecutor.execute(TestSuiteExecutor.java:106)&#xa;	at com.kms.katalon.core.main.TestCaseMain.startTestSuite(TestCaseMain.java:180)&#xa;	at TempTestSuite1736921988279.run(TempTestSuite1736921988279.groovy:35)&#xa;	at java.base/jdk.internal.reflect.NativeMethodAccessorImpl.invoke0(Native Method)&#xa;	at java.base/jdk.internal.reflect.NativeMethodAccessorImpl.invoke(NativeMethodAccessorImpl.java:77)&#xa;	at java.base/jdk.internal.reflect.DelegatingMethodAccessorImpl.invoke(DelegatingMethodAccessorImpl.java:43)&#xa;Caused by: com.kms.katalon.core.webui.exception.WebElementNotFoundException: Web element with id: 'Object Repository/Страница авторизации/input__username' located by '//input[@id='username']' not found&#xa;	at com.kms.katalon.core.webui.common.WebUiCommonHelper.findWebElement(WebUiCommonHelper.java:1426)&#xa;	at com.kms.katalon.core.webui.keyword.internal.WebUIAbstractKeyword.findWebElement(WebUIAbstractKeyword.groovy:27)&#xa;	at com.kms.katalon.core.webui.keyword.internal.WebUIAbstractKeyword.findWebElement(WebUIAbstractKeyword.groovy:26)&#xa;	at com.kms.katalon.core.webui.keyword.builtin.SetTextKeyword$_setText_closure1.doCall(SetTextKeyword.groovy:53)&#xa;	at com.kms.katalon.core.webui.keyword.builtin.SetTextKeyword$_setText_closure1.call(SetTextKeyword.groovy)&#xa;	at com.kms.katalon.core.webui.keyword.internal.WebUIKeywordMain.runKeyword(WebUIKeywordMain.groovy:20)&#xa;	at com.kms.katalon.core.webui.keyword.builtin.SetTextKeyword.setText(SetTextKeyword.groovy:85)&#xa;	at com.kms.katalon.core.webui.keyword.builtin.SetTextKeyword.execute(SetTextKeyword.groovy:39)&#xa;	at com.kms.katalon.core.keyword.internal.KeywordExecutor.executeKeywordForPlatform(KeywordExecutor.groovy:74)&#xa;	at com.kms.katalon.core.webui.keyword.WebUiBuiltInKeywords.setText(WebUiBuiltInKeywords.groovy:1019)&#xa;	at Script1679562813597.run(Script1679562813597.groovy:31)&#xa;	... 15 more&#xa;)&#xa;	at com.kms.katalon.core.keyword.internal.KeywordMain.stepFailed(KeywordMain.groovy:39)&#xa;	at com.kms.katalon.core.webui.keyword.internal.WebUIKeywordMain.stepFailed(WebUIKeywordMain.groovy:64)&#xa;	at com.kms.katalon.core.webui.keyword.internal.WebUIKeywordMain.runKeyword(WebUIKeywordMain.groovy:26)&#xa;	at com.kms.katalon.core.webui.keyword.builtin.SetTextKeyword.setText(SetTextKeyword.groovy:85)&#xa;	at com.kms.katalon.core.webui.keyword.builtin.SetTextKeyword.execute(SetTextKeyword.groovy:39)&#xa;	at com.kms.katalon.core.keyword.internal.KeywordExecutor.executeKeywordForPlatform(KeywordExecutor.groovy:74)&#xa;	at com.kms.katalon.core.webui.keyword.WebUiBuiltInKeywords.setText(WebUiBuiltInKeywords.groovy:1019)&#xa;	at Выручка по ДЗО сверка дашбордов.run(Выручка по ДЗО сверка дашбордов:31)&#xa;	at com.kms.katalon.core.main.ScriptEngine.run(ScriptEngine.java:194)&#xa;	at com.kms.katalon.core.main.ScriptEngine.runScriptAsRawText(ScriptEngine.java:119)&#xa;	at com.kms.katalon.core.main.TestCaseExecutor.runScript(TestCaseExecutor.java:448)&#xa;	at com.kms.katalon.core.main.TestCaseExecutor.doExecute(TestCaseExecutor.java:439)&#xa;	at com.kms.katalon.core.main.TestCaseExecutor.processExecutionPhase(TestCaseExecutor.java:418)&#xa;	at com.kms.katalon.core.main.TestCaseExecutor.accessMainPhase(TestCaseExecutor.java:410)&#xa;	at com.kms.katalon.core.main.TestCaseExecutor.execute(TestCaseExecutor.java:285)&#xa;	at com.kms.katalon.core.common.CommonExecutor.accessTestCaseMainPhase(CommonExecutor.java:65)&#xa;	at com.kms.katalon.core.main.TestSuiteExecutor.accessTestSuiteMainPhase(TestSuiteExecutor.java:150)&#xa;	at com.kms.katalon.core.main.TestSuiteExecutor.execute(TestSuiteExecutor.java:106)&#xa;	at com.kms.katalon.core.main.TestCaseMain.startTestSuite(TestCaseMain.java:180)&#xa;	at TempTestSuite1736921988279.run(TempTestSuite1736921988279.groovy:35)&#xa;	at java.base/jdk.internal.reflect.NativeMethodAccessorImpl.invoke0(Native Method)&#xa;	at java.base/jdk.internal.reflect.NativeMethodAccessorImpl.invoke(NativeMethodAccessorImpl.java:77)&#xa;	at java.base/jdk.internal.reflect.DelegatingMethodAccessorImpl.invoke(DelegatingMethodAccessorImpl.java:43)&#xa;Caused by: com.kms.katalon.core.exception.StepFailedException: Unable to set text 'liazgina-di' of object 'Object Repository/Страница авторизации/input__username'&#xa;	... 22 more&#xa;Caused by: com.kms.katalon.core.webui.exception.WebElementNotFoundException: Web element with id: 'Object Repository/Страница авторизации/input__username' located by '//input[@id='username']' not found&#xa;	at com.kms.katalon.core.webui.common.WebUiCommonHelper.findWebElement(WebUiCommonHelper.java:1426)&#xa;	at com.kms.katalon.core.webui.keyword.internal.WebUIAbstractKeyword.findWebElement(WebUIAbstractKeyword.groovy:27)&#xa;	at com.kms.katalon.core.webui.keyword.internal.WebUIAbstractKeyword.findWebElement(WebUIAbstractKeyword.groovy:26)&#xa;	at com.kms.katalon.core.webui.keyword.builtin.SetTextKeyword$_setText_closure1.doCall(SetTextKeyword.groovy:53)&#xa;	at com.kms.katalon.core.webui.keyword.builtin.SetTextKeyword$_setText_closure1.call(SetTextKeyword.groovy)&#xa;	at com.kms.katalon.core.webui.keyword.internal.WebUIKeywordMain.runKeyword(WebUIKeywordMain.groovy:20)&#xa;	... 20 more&#xa;"/>
         <system-out><![CDATA[15-01-2025T09:33:39 - [TEST_CASE][FAILED] - Test Cases/Сверки дашбордов/Выручка по ДЗО сверка дашбордов: Test Cases/Сверки дашбордов/Выручка по ДЗО сверка дашбордов FAILED.
Reason:
com.kms.katalon.core.exception.StepFailedException: Unable to set text 'liazgina-di' of object 'Object Repository/Страница авторизации/input__username' (Root cause: com.kms.katalon.core.exception.StepFailedException: Unable to set text 'liazgina-di' of object 'Object Repository/Страница авторизации/input__username'
	at com.kms.katalon.core.webui.keyword.internal.WebUIKeywordMain.stepFailed(WebUIKeywordMain.groovy:64)
	at com.kms.katalon.core.webui.keyword.internal.WebUIKeywordMain.runKeyword(WebUIKeywordMain.groovy:26)
	at com.kms.katalon.core.webui.keyword.builtin.SetTextKeyword.setText(SetTextKeyword.groovy:85)
	at com.kms.katalon.core.webui.keyword.builtin.SetTextKeyword.execute(SetTextKeyword.groovy:39)
	at com.kms.katalon.core.keyword.internal.KeywordExecutor.executeKeywordForPlatform(KeywordExecutor.groovy:74)
	at com.kms.katalon.core.webui.keyword.WebUiBuiltInKeywords.setText(WebUiBuiltInKeywords.groovy:1019)
	at Выручка по ДЗО сверка дашбордов.run(Выручка по ДЗО сверка дашбордов:31)
	at com.kms.katalon.core.main.ScriptEngine.run(ScriptEngine.java:194)
	at com.kms.katalon.core.main.ScriptEngine.runScriptAsRawText(ScriptEngine.java:119)
	at com.kms.katalon.core.main.TestCaseExecutor.runScript(TestCaseExecutor.java:448)
	at com.kms.katalon.core.main.TestCaseExecutor.doExecute(TestCaseExecutor.java:439)
	at com.kms.katalon.core.main.TestCaseExecutor.processExecutionPhase(TestCaseExecutor.java:418)
	at com.kms.katalon.core.main.TestCaseExecutor.accessMainPhase(TestCaseExecutor.java:410)
	at com.kms.katalon.core.main.TestCaseExecutor.execute(TestCaseExecutor.java:285)
	at com.kms.katalon.core.common.CommonExecutor.accessTestCaseMainPhase(CommonExecutor.java:65)
	at com.kms.katalon.core.main.TestSuiteExecutor.accessTestSuiteMainPhase(TestSuiteExecutor.java:150)
	at com.kms.katalon.core.main.TestSuiteExecutor.execute(TestSuiteExecutor.java:106)
	at com.kms.katalon.core.main.TestCaseMain.startTestSuite(TestCaseMain.java:180)
	at TempTestSuite1736921988279.run(TempTestSuite1736921988279.groovy:35)
	at java.base/jdk.internal.reflect.NativeMethodAccessorImpl.invoke0(Native Method)
	at java.base/jdk.internal.reflect.NativeMethodAccessorImpl.invoke(NativeMethodAccessorImpl.java:77)
	at java.base/jdk.internal.reflect.DelegatingMethodAccessorImpl.invoke(DelegatingMethodAccessorImpl.java:43)
Caused by: com.kms.katalon.core.webui.exception.WebElementNotFoundException: Web element with id: 'Object Repository/Страница авторизации/input__username' located by '//input[@id='username']' not found
	at com.kms.katalon.core.webui.common.WebUiCommonHelper.findWebElement(WebUiCommonHelper.java:1426)
	at com.kms.katalon.core.webui.keyword.internal.WebUIAbstractKeyword.findWebElement(WebUIAbstractKeyword.groovy:27)
	at com.kms.katalon.core.webui.keyword.internal.WebUIAbstractKeyword.findWebElement(WebUIAbstractKeyword.groovy:26)
	at com.kms.katalon.core.webui.keyword.builtin.SetTextKeyword$_setText_closure1.doCall(SetTextKeyword.groovy:53)
	at com.kms.katalon.core.webui.keyword.builtin.SetTextKeyword$_setText_closure1.call(SetTextKeyword.groovy)
	at com.kms.katalon.core.webui.keyword.internal.WebUIKeywordMain.runKeyword(WebUIKeywordMain.groovy:20)
	at com.kms.katalon.core.webui.keyword.builtin.SetTextKeyword.setText(SetTextKeyword.groovy:85)
	at com.kms.katalon.core.webui.keyword.builtin.SetTextKeyword.execute(SetTextKeyword.groovy:39)
	at com.kms.katalon.core.keyword.internal.KeywordExecutor.executeKeywordForPlatform(KeywordExecutor.groovy:74)
	at com.kms.katalon.core.webui.keyword.WebUiBuiltInKeywords.setText(WebUiBuiltInKeywords.groovy:1019)
	at Script1679562813597.run(Script1679562813597.groovy:31)
	... 15 more
)
	at com.kms.katalon.core.keyword.internal.KeywordMain.stepFailed(KeywordMain.groovy:39)
	at com.kms.katalon.core.webui.keyword.internal.WebUIKeywordMain.stepFailed(WebUIKeywordMain.groovy:64)
	at com.kms.katalon.core.webui.keyword.internal.WebUIKeywordMain.runKeyword(WebUIKeywordMain.groovy:26)
	at com.kms.katalon.core.webui.keyword.builtin.SetTextKeyword.setText(SetTextKeyword.groovy:85)
	at com.kms.katalon.core.webui.keyword.builtin.SetTextKeyword.execute(SetTextKeyword.groovy:39)
	at com.kms.katalon.core.keyword.internal.KeywordExecutor.executeKeywordForPlatform(KeywordExecutor.groovy:74)
	at com.kms.katalon.core.webui.keyword.WebUiBuiltInKeywords.setText(WebUiBuiltInKeywords.groovy:1019)
	at Выручка по ДЗО сверка дашбордов.run(Выручка по ДЗО сверка дашбордов:31)
	at com.kms.katalon.core.main.ScriptEngine.run(ScriptEngine.java:194)
	at com.kms.katalon.core.main.ScriptEngine.runScriptAsRawText(ScriptEngine.java:119)
	at com.kms.katalon.core.main.TestCaseExecutor.runScript(TestCaseExecutor.java:448)
	at com.kms.katalon.core.main.TestCaseExecutor.doExecute(TestCaseExecutor.java:439)
	at com.kms.katalon.core.main.TestCaseExecutor.processExecutionPhase(TestCaseExecutor.java:418)
	at com.kms.katalon.core.main.TestCaseExecutor.accessMainPhase(TestCaseExecutor.java:410)
	at com.kms.katalon.core.main.TestCaseExecutor.execute(TestCaseExecutor.java:285)
	at com.kms.katalon.core.common.CommonExecutor.accessTestCaseMainPhase(CommonExecutor.java:65)
	at com.kms.katalon.core.main.TestSuiteExecutor.accessTestSuiteMainPhase(TestSuiteExecutor.java:150)
	at com.kms.katalon.core.main.TestSuiteExecutor.execute(TestSuiteExecutor.java:106)
	at com.kms.katalon.core.main.TestCaseMain.startTestSuite(TestCaseMain.java:180)
	at TempTestSuite1736921988279.run(TempTestSuite1736921988279.groovy:35)
	at java.base/jdk.internal.reflect.NativeMethodAccessorImpl.invoke0(Native Method)
	at java.base/jdk.internal.reflect.NativeMethodAccessorImpl.invoke(NativeMethodAccessorImpl.java:77)
	at java.base/jdk.internal.reflect.DelegatingMethodAccessorImpl.invoke(DelegatingMethodAccessorImpl.java:43)
Caused by: com.kms.katalon.core.exception.StepFailedException: Unable to set text 'liazgina-di' of object 'Object Repository/Страница авторизации/input__username'
	... 22 more
Caused by: com.kms.katalon.core.webui.exception.WebElementNotFoundException: Web element with id: 'Object Repository/Страница авторизации/input__username' located by '//input[@id='username']' not found
	at com.kms.katalon.core.webui.common.WebUiCommonHelper.findWebElement(WebUiCommonHelper.java:1426)
	at com.kms.katalon.core.webui.keyword.internal.WebUIAbstractKeyword.findWebElement(WebUIAbstractKeyword.groovy:27)
	at com.kms.katalon.core.webui.keyword.internal.WebUIAbstractKeyword.findWebElement(WebUIAbstractKeyword.groovy:26)
	at com.kms.katalon.core.webui.keyword.builtin.SetTextKeyword$_setText_closure1.doCall(SetTextKeyword.groovy:53)
	at com.kms.katalon.core.webui.keyword.builtin.SetTextKeyword$_setText_closure1.call(SetTextKeyword.groovy)
	at com.kms.katalon.core.webui.keyword.internal.WebUIKeywordMain.runKeyword(WebUIKeywordMain.groovy:20)
	... 20 more


15-01-2025T09:33:39 - [TEST_STEP][PASSED] - date = new java.util.Date(): null

15-01-2025T09:33:39 - [TEST_STEP][PASSED] - todaysDate = date.format("dd.MM.yyyy"): null

15-01-2025T09:33:39 - [TEST_STEP][PASSED] - println(todaysDate): null

15-01-2025T09:33:39 - [TEST_STEP][PASSED] - openBrowser(""): Browser is opened with url: ''

15-01-2025T09:33:39 - [MESSAGE][WARNING] - A browser is already opened. Closing browser and opening a new one

15-01-2025T09:33:39 - [MESSAGE][INFO] - Starting 'Chrome' driver

15-01-2025T09:33:39 - [MESSAGE][INFO] - Action delay is set to 0 milliseconds

15-01-2025T09:33:40 - [MESSAGE][PASSED] - Browser is opened with url: ''

15-01-2025T09:33:40 - [TEST_STEP][PASSED] - navigateToUrl(findTestData("PlanFact").getValue(10, 5)): Navigate to 'https://bi.rosseti.digital/viewer?dashboardGuid=2301950b23be4ed89c1df75f2020051e&sheetGuid=31530aa0b6664c09b016b7f2ab9d853e&fit=true' successfully

15-01-2025T09:33:40 - [MESSAGE][PASSED] - Navigate to 'https://bi.rosseti.digital/viewer?dashboardGuid=2301950b23be4ed89c1df75f2020051e&sheetGuid=31530aa0b6664c09b016b7f2ab9d853e&fit=true' successfully

15-01-2025T09:33:40 - [TEST_STEP][FAILED] - setText(findTestObject("Страница авторизации/input__username"), findTestData("PlanFact").getValue(8, 1)): Unable to set text 'liazgina-di' of object 'Object Repository/Страница авторизации/input__username' (Root cause: com.kms.katalon.core.exception.StepFailedException: Unable to set text 'liazgina-di' of object 'Object Repository/Страница авторизации/input__username'
	at com.kms.katalon.core.webui.keyword.internal.WebUIKeywordMain.stepFailed(WebUIKeywordMain.groovy:64)
	at com.kms.katalon.core.webui.keyword.internal.WebUIKeywordMain.runKeyword(WebUIKeywordMain.groovy:26)
	at com.kms.katalon.core.webui.keyword.builtin.SetTextKeyword.setText(SetTextKeyword.groovy:85)
	at com.kms.katalon.core.webui.keyword.builtin.SetTextKeyword.execute(SetTextKeyword.groovy:39)
	at com.kms.katalon.core.keyword.internal.KeywordExecutor.executeKeywordForPlatform(KeywordExecutor.groovy:74)
	at com.kms.katalon.core.webui.keyword.WebUiBuiltInKeywords.setText(WebUiBuiltInKeywords.groovy:1019)
	at Выручка по ДЗО сверка дашбордов.run(Выручка по ДЗО сверка дашбордов:31)
	at com.kms.katalon.core.main.ScriptEngine.run(ScriptEngine.java:194)
	at com.kms.katalon.core.main.ScriptEngine.runScriptAsRawText(ScriptEngine.java:119)
	at com.kms.katalon.core.main.TestCaseExecutor.runScript(TestCaseExecutor.java:448)
	at com.kms.katalon.core.main.TestCaseExecutor.doExecute(TestCaseExecutor.java:439)
	at com.kms.katalon.core.main.TestCaseExecutor.processExecutionPhase(TestCaseExecutor.java:418)
	at com.kms.katalon.core.main.TestCaseExecutor.accessMainPhase(TestCaseExecutor.java:410)
	at com.kms.katalon.core.main.TestCaseExecutor.execute(TestCaseExecutor.java:285)
	at com.kms.katalon.core.common.CommonExecutor.accessTestCaseMainPhase(CommonExecutor.java:65)
	at com.kms.katalon.core.main.TestSuiteExecutor.accessTestSuiteMainPhase(TestSuiteExecutor.java:150)
	at com.kms.katalon.core.main.TestSuiteExecutor.execute(TestSuiteExecutor.java:106)
	at com.kms.katalon.core.main.TestCaseMain.startTestSuite(TestCaseMain.java:180)
	at TempTestSuite1736921988279.run(TempTestSuite1736921988279.groovy:35)
	at java.base/jdk.internal.reflect.NativeMethodAccessorImpl.invoke0(Native Method)
	at java.base/jdk.internal.reflect.NativeMethodAccessorImpl.invoke(NativeMethodAccessorImpl.java:77)
	at java.base/jdk.internal.reflect.DelegatingMethodAccessorImpl.invoke(DelegatingMethodAccessorImpl.java:43)
Caused by: com.kms.katalon.core.webui.exception.WebElementNotFoundException: Web element with id: 'Object Repository/Страница авторизации/input__username' located by '//input[@id='username']' not found
	at com.kms.katalon.core.webui.common.WebUiCommonHelper.findWebElement(WebUiCommonHelper.java:1426)
	at com.kms.katalon.core.webui.keyword.internal.WebUIAbstractKeyword.findWebElement(WebUIAbstractKeyword.groovy:27)
	at com.kms.katalon.core.webui.keyword.internal.WebUIAbstractKeyword.findWebElement(WebUIAbstractKeyword.groovy:26)
	at com.kms.katalon.core.webui.keyword.builtin.SetTextKeyword$_setText_closure1.doCall(SetTextKeyword.groovy:53)
	at com.kms.katalon.core.webui.keyword.builtin.SetTextKeyword$_setText_closure1.call(SetTextKeyword.groovy)
	at com.kms.katalon.core.webui.keyword.internal.WebUIKeywordMain.runKeyword(WebUIKeywordMain.groovy:20)
	at com.kms.katalon.core.webui.keyword.builtin.SetTextKeyword.setText(SetTextKeyword.groovy:85)
	at com.kms.katalon.core.webui.keyword.builtin.SetTextKeyword.execute(SetTextKeyword.groovy:39)
	at com.kms.katalon.core.keyword.internal.KeywordExecutor.executeKeywordForPlatform(KeywordExecutor.groovy:74)
	at com.kms.katalon.core.webui.keyword.WebUiBuiltInKeywords.setText(WebUiBuiltInKeywords.groovy:1019)
	at Script1679562813597.run(Script1679562813597.groovy:31)
	... 15 more
)

15-01-2025T09:34:12 - [MESSAGE][INFO] - Unable to find the element located by 'By.xpath: //input[@id='username']'. Please recheck the objects properties to make sure the desired element is located. 

15-01-2025T09:34:12 - [MESSAGE][FAILED] - Unable to set text 'liazgina-di' of object 'Object Repository/Страница авторизации/input__username' (Root cause: com.kms.katalon.core.exception.StepFailedException: Unable to set text 'liazgina-di' of object 'Object Repository/Страница авторизации/input__username'
	at com.kms.katalon.core.webui.keyword.internal.WebUIKeywordMain.stepFailed(WebUIKeywordMain.groovy:64)
	at com.kms.katalon.core.webui.keyword.internal.WebUIKeywordMain.runKeyword(WebUIKeywordMain.groovy:26)
	at com.kms.katalon.core.webui.keyword.builtin.SetTextKeyword.setText(SetTextKeyword.groovy:85)
	at com.kms.katalon.core.webui.keyword.builtin.SetTextKeyword.execute(SetTextKeyword.groovy:39)
	at com.kms.katalon.core.keyword.internal.KeywordExecutor.executeKeywordForPlatform(KeywordExecutor.groovy:74)
	at com.kms.katalon.core.webui.keyword.WebUiBuiltInKeywords.setText(WebUiBuiltInKeywords.groovy:1019)
	at Выручка по ДЗО сверка дашбордов.run(Выручка по ДЗО сверка дашбордов:31)
	at com.kms.katalon.core.main.ScriptEngine.run(ScriptEngine.java:194)
	at com.kms.katalon.core.main.ScriptEngine.runScriptAsRawText(ScriptEngine.java:119)
	at com.kms.katalon.core.main.TestCaseExecutor.runScript(TestCaseExecutor.java:448)
	at com.kms.katalon.core.main.TestCaseExecutor.doExecute(TestCaseExecutor.java:439)
	at com.kms.katalon.core.main.TestCaseExecutor.processExecutionPhase(TestCaseExecutor.java:418)
	at com.kms.katalon.core.main.TestCaseExecutor.accessMainPhase(TestCaseExecutor.java:410)
	at com.kms.katalon.core.main.TestCaseExecutor.execute(TestCaseExecutor.java:285)
	at com.kms.katalon.core.common.CommonExecutor.accessTestCaseMainPhase(CommonExecutor.java:65)
	at com.kms.katalon.core.main.TestSuiteExecutor.accessTestSuiteMainPhase(TestSuiteExecutor.java:150)
	at com.kms.katalon.core.main.TestSuiteExecutor.execute(TestSuiteExecutor.java:106)
	at com.kms.katalon.core.main.TestCaseMain.startTestSuite(TestCaseMain.java:180)
	at TempTestSuite1736921988279.run(TempTestSuite1736921988279.groovy:35)
	at java.base/jdk.internal.reflect.NativeMethodAccessorImpl.invoke0(Native Method)
	at java.base/jdk.internal.reflect.NativeMethodAccessorImpl.invoke(NativeMethodAccessorImpl.java:77)
	at java.base/jdk.internal.reflect.DelegatingMethodAccessorImpl.invoke(DelegatingMethodAccessorImpl.java:43)
Caused by: com.kms.katalon.core.webui.exception.WebElementNotFoundException: Web element with id: 'Object Repository/Страница авторизации/input__username' located by '//input[@id='username']' not found
	at com.kms.katalon.core.webui.common.WebUiCommonHelper.findWebElement(WebUiCommonHelper.java:1426)
	at com.kms.katalon.core.webui.keyword.internal.WebUIAbstractKeyword.findWebElement(WebUIAbstractKeyword.groovy:27)
	at com.kms.katalon.core.webui.keyword.internal.WebUIAbstractKeyword.findWebElement(WebUIAbstractKeyword.groovy:26)
	at com.kms.katalon.core.webui.keyword.builtin.SetTextKeyword$_setText_closure1.doCall(SetTextKeyword.groovy:53)
	at com.kms.katalon.core.webui.keyword.builtin.SetTextKeyword$_setText_closure1.call(SetTextKeyword.groovy)
	at com.kms.katalon.core.webui.keyword.internal.WebUIKeywordMain.runKeyword(WebUIKeywordMain.groovy:20)
	at com.kms.katalon.core.webui.keyword.builtin.SetTextKeyword.setText(SetTextKeyword.groovy:85)
	at com.kms.katalon.core.webui.keyword.builtin.SetTextKeyword.execute(SetTextKeyword.groovy:39)
	at com.kms.katalon.core.keyword.internal.KeywordExecutor.executeKeywordForPlatform(KeywordExecutor.groovy:74)
	at com.kms.katalon.core.webui.keyword.WebUiBuiltInKeywords.setText(WebUiBuiltInKeywords.groovy:1019)
	at Script1679562813597.run(Script1679562813597.groovy:31)
	... 15 more
)
[[ATTACHMENT|C:\\Users\\LIAZGINA-DI\\git\\SPORU\\Reports\\20250115_091948\\\u041F\u043D-\u0421\u0440-\u041F\u0442\\\u0421\u0432\u0435\u0440\u043A\u0430 \u0434\u0430\u0448\u0431\u043E\u0440\u0434\u043E\u0432 \u0438\u0437 \u0440\u0430\u0437\u043D\u044B\u0445 \u0431\u043B\u043E\u043A\u043E\u0432\\20250115_091948\\1736922852196.png]]

15-01-2025T09:34:12 - [TEST_STEP][FAILED] - setText(findTestObject("Страница авторизации/input__password"), findTestData("PlanFact").getValue(9, 1)): Unable to set text ')$%5srZ8o688Dm#q' of object 'Object Repository/Страница авторизации/input__password' (Root cause: com.kms.katalon.core.exception.StepFailedException: Unable to set text ')$%5srZ8o688Dm#q' of object 'Object Repository/Страница авторизации/input__password'
	at com.kms.katalon.core.webui.keyword.internal.WebUIKeywordMain.stepFailed(WebUIKeywordMain.groovy:64)
	at com.kms.katalon.core.webui.keyword.internal.WebUIKeywordMain.runKeyword(WebUIKeywordMain.groovy:26)
	at com.kms.katalon.core.webui.keyword.builtin.SetTextKeyword.setText(SetTextKeyword.groovy:85)
	at com.kms.katalon.core.webui.keyword.builtin.SetTextKeyword.execute(SetTextKeyword.groovy:39)
	at com.kms.katalon.core.keyword.internal.KeywordExecutor.executeKeywordForPlatform(KeywordExecutor.groovy:74)
	at com.kms.katalon.core.webui.keyword.WebUiBuiltInKeywords.setText(WebUiBuiltInKeywords.groovy:1019)
	at Выручка по ДЗО сверка дашбордов.run(Выручка по ДЗО сверка дашбордов:33)
	at com.kms.katalon.core.main.ScriptEngine.run(ScriptEngine.java:194)
	at com.kms.katalon.core.main.ScriptEngine.runScriptAsRawText(ScriptEngine.java:119)
	at com.kms.katalon.core.main.TestCaseExecutor.runScript(TestCaseExecutor.java:448)
	at com.kms.katalon.core.main.TestCaseExecutor.doExecute(TestCaseExecutor.java:439)
	at com.kms.katalon.core.main.TestCaseExecutor.processExecutionPhase(TestCaseExecutor.java:418)
	at com.kms.katalon.core.main.TestCaseExecutor.accessMainPhase(TestCaseExecutor.java:410)
	at com.kms.katalon.core.main.TestCaseExecutor.execute(TestCaseExecutor.java:285)
	at com.kms.katalon.core.common.CommonExecutor.accessTestCaseMainPhase(CommonExecutor.java:65)
	at com.kms.katalon.core.main.TestSuiteExecutor.accessTestSuiteMainPhase(TestSuiteExecutor.java:150)
	at com.kms.katalon.core.main.TestSuiteExecutor.execute(TestSuiteExecutor.java:106)
	at com.kms.katalon.core.main.TestCaseMain.startTestSuite(TestCaseMain.java:180)
	at TempTestSuite1736921988279.run(TempTestSuite1736921988279.groovy:35)
	at java.base/jdk.internal.reflect.NativeMethodAccessorImpl.invoke0(Native Method)
	at java.base/jdk.internal.reflect.NativeMethodAccessorImpl.invoke(NativeMethodAccessorImpl.java:77)
	at java.base/jdk.internal.reflect.DelegatingMethodAccessorImpl.invoke(DelegatingMethodAccessorImpl.java:43)
Caused by: com.kms.katalon.core.webui.exception.WebElementNotFoundException: Web element with id: 'Object Repository/Страница авторизации/input__password' located by '//input[@id='password']' not found
	at com.kms.katalon.core.webui.common.WebUiCommonHelper.findWebElement(WebUiCommonHelper.java:1426)
	at com.kms.katalon.core.webui.keyword.internal.WebUIAbstractKeyword.findWebElement(WebUIAbstractKeyword.groovy:27)
	at com.kms.katalon.core.webui.keyword.internal.WebUIAbstractKeyword.findWebElement(WebUIAbstractKeyword.groovy:26)
	at com.kms.katalon.core.webui.keyword.builtin.SetTextKeyword$_setText_closure1.doCall(SetTextKeyword.groovy:53)
	at com.kms.katalon.core.webui.keyword.builtin.SetTextKeyword$_setText_closure1.call(SetTextKeyword.groovy)
	at com.kms.katalon.core.webui.keyword.internal.WebUIKeywordMain.runKeyword(WebUIKeywordMain.groovy:20)
	at com.kms.katalon.core.webui.keyword.builtin.SetTextKeyword.setText(SetTextKeyword.groovy:85)
	at com.kms.katalon.core.webui.keyword.builtin.SetTextKeyword.execute(SetTextKeyword.groovy:39)
	at com.kms.katalon.core.keyword.internal.KeywordExecutor.executeKeywordForPlatform(KeywordExecutor.groovy:74)
	at com.kms.katalon.core.webui.keyword.WebUiBuiltInKeywords.setText(WebUiBuiltInKeywords.groovy:1019)
	at Script1679562813597.run(Script1679562813597.groovy:33)
	... 15 more
)

15-01-2025T09:34:43 - [MESSAGE][INFO] - Unable to find the element located by 'By.xpath: //input[@id='password']'. Please recheck the objects properties to make sure the desired element is located. 

15-01-2025T09:34:43 - [MESSAGE][FAILED] - Unable to set text ')$%5srZ8o688Dm#q' of object 'Object Repository/Страница авторизации/input__password' (Root cause: com.kms.katalon.core.exception.StepFailedException: Unable to set text ')$%5srZ8o688Dm#q' of object 'Object Repository/Страница авторизации/input__password'
	at com.kms.katalon.core.webui.keyword.internal.WebUIKeywordMain.stepFailed(WebUIKeywordMain.groovy:64)
	at com.kms.katalon.core.webui.keyword.internal.WebUIKeywordMain.runKeyword(WebUIKeywordMain.groovy:26)
	at com.kms.katalon.core.webui.keyword.builtin.SetTextKeyword.setText(SetTextKeyword.groovy:85)
	at com.kms.katalon.core.webui.keyword.builtin.SetTextKeyword.execute(SetTextKeyword.groovy:39)
	at com.kms.katalon.core.keyword.internal.KeywordExecutor.executeKeywordForPlatform(KeywordExecutor.groovy:74)
	at com.kms.katalon.core.webui.keyword.WebUiBuiltInKeywords.setText(WebUiBuiltInKeywords.groovy:1019)
	at Выручка по ДЗО сверка дашбордов.run(Выручка по ДЗО сверка дашбордов:33)
	at com.kms.katalon.core.main.ScriptEngine.run(ScriptEngine.java:194)
	at com.kms.katalon.core.main.ScriptEngine.runScriptAsRawText(ScriptEngine.java:119)
	at com.kms.katalon.core.main.TestCaseExecutor.runScript(TestCaseExecutor.java:448)
	at com.kms.katalon.core.main.TestCaseExecutor.doExecute(TestCaseExecutor.java:439)
	at com.kms.katalon.core.main.TestCaseExecutor.processExecutionPhase(TestCaseExecutor.java:418)
	at com.kms.katalon.core.main.TestCaseExecutor.accessMainPhase(TestCaseExecutor.java:410)
	at com.kms.katalon.core.main.TestCaseExecutor.execute(TestCaseExecutor.java:285)
	at com.kms.katalon.core.common.CommonExecutor.accessTestCaseMainPhase(CommonExecutor.java:65)
	at com.kms.katalon.core.main.TestSuiteExecutor.accessTestSuiteMainPhase(TestSuiteExecutor.java:150)
	at com.kms.katalon.core.main.TestSuiteExecutor.execute(TestSuiteExecutor.java:106)
	at com.kms.katalon.core.main.TestCaseMain.startTestSuite(TestCaseMain.java:180)
	at TempTestSuite1736921988279.run(TempTestSuite1736921988279.groovy:35)
	at java.base/jdk.internal.reflect.NativeMethodAccessorImpl.invoke0(Native Method)
	at java.base/jdk.internal.reflect.NativeMethodAccessorImpl.invoke(NativeMethodAccessorImpl.java:77)
	at java.base/jdk.internal.reflect.DelegatingMethodAccessorImpl.invoke(DelegatingMethodAccessorImpl.java:43)
Caused by: com.kms.katalon.core.webui.exception.WebElementNotFoundException: Web element with id: 'Object Repository/Страница авторизации/input__password' located by '//input[@id='password']' not found
	at com.kms.katalon.core.webui.common.WebUiCommonHelper.findWebElement(WebUiCommonHelper.java:1426)
	at com.kms.katalon.core.webui.keyword.internal.WebUIAbstractKeyword.findWebElement(WebUIAbstractKeyword.groovy:27)
	at com.kms.katalon.core.webui.keyword.internal.WebUIAbstractKeyword.findWebElement(WebUIAbstractKeyword.groovy:26)
	at com.kms.katalon.core.webui.keyword.builtin.SetTextKeyword$_setText_closure1.doCall(SetTextKeyword.groovy:53)
	at com.kms.katalon.core.webui.keyword.builtin.SetTextKeyword$_setText_closure1.call(SetTextKeyword.groovy)
	at com.kms.katalon.core.webui.keyword.internal.WebUIKeywordMain.runKeyword(WebUIKeywordMain.groovy:20)
	at com.kms.katalon.core.webui.keyword.builtin.SetTextKeyword.setText(SetTextKeyword.groovy:85)
	at com.kms.katalon.core.webui.keyword.builtin.SetTextKeyword.execute(SetTextKeyword.groovy:39)
	at com.kms.katalon.core.keyword.internal.KeywordExecutor.executeKeywordForPlatform(KeywordExecutor.groovy:74)
	at com.kms.katalon.core.webui.keyword.WebUiBuiltInKeywords.setText(WebUiBuiltInKeywords.groovy:1019)
	at Script1679562813597.run(Script1679562813597.groovy:33)
	... 15 more
)
[[ATTACHMENT|C:\\Users\\LIAZGINA-DI\\git\\SPORU\\Reports\\20250115_091948\\\u041F\u043D-\u0421\u0440-\u041F\u0442\\\u0421\u0432\u0435\u0440\u043A\u0430 \u0434\u0430\u0448\u0431\u043E\u0440\u0434\u043E\u0432 \u0438\u0437 \u0440\u0430\u0437\u043D\u044B\u0445 \u0431\u043B\u043E\u043A\u043E\u0432\\20250115_091948\\1736922883484.png]]

15-01-2025T09:34:43 - [TEST_STEP][FAILED] - click(findTestObject("Страница авторизации/button_")): Unable to click on object 'Object Repository/Страница авторизации/button_' (Root cause: com.kms.katalon.core.exception.StepFailedException: Unable to click on object 'Object Repository/Страница авторизации/button_'
	at com.kms.katalon.core.webui.keyword.internal.WebUIKeywordMain.stepFailed(WebUIKeywordMain.groovy:64)
	at com.kms.katalon.core.webui.keyword.internal.WebUIKeywordMain.runKeyword(WebUIKeywordMain.groovy:26)
	at com.kms.katalon.core.webui.keyword.builtin.ClickKeyword.click(ClickKeyword.groovy:74)
	at com.kms.katalon.core.webui.keyword.builtin.ClickKeyword.execute(ClickKeyword.groovy:40)
	at com.kms.katalon.core.keyword.internal.KeywordExecutor.executeKeywordForPlatform(KeywordExecutor.groovy:74)
	at com.kms.katalon.core.webui.keyword.WebUiBuiltInKeywords.click(WebUiBuiltInKeywords.groovy:659)
	at Выручка по ДЗО сверка дашбордов.run(Выручка по ДЗО сверка дашбордов:35)
	at com.kms.katalon.core.main.ScriptEngine.run(ScriptEngine.java:194)
	at com.kms.katalon.core.main.ScriptEngine.runScriptAsRawText(ScriptEngine.java:119)
	at com.kms.katalon.core.main.TestCaseExecutor.runScript(TestCaseExecutor.java:448)
	at com.kms.katalon.core.main.TestCaseExecutor.doExecute(TestCaseExecutor.java:439)
	at com.kms.katalon.core.main.TestCaseExecutor.processExecutionPhase(TestCaseExecutor.java:418)
	at com.kms.katalon.core.main.TestCaseExecutor.accessMainPhase(TestCaseExecutor.java:410)
	at com.kms.katalon.core.main.TestCaseExecutor.execute(TestCaseExecutor.java:285)
	at com.kms.katalon.core.common.CommonExecutor.accessTestCaseMainPhase(CommonExecutor.java:65)
	at com.kms.katalon.core.main.TestSuiteExecutor.accessTestSuiteMainPhase(TestSuiteExecutor.java:150)
	at com.kms.katalon.core.main.TestSuiteExecutor.execute(TestSuiteExecutor.java:106)
	at com.kms.katalon.core.main.TestCaseMain.startTestSuite(TestCaseMain.java:180)
	at TempTestSuite1736921988279.run(TempTestSuite1736921988279.groovy:35)
	at java.base/jdk.internal.reflect.NativeMethodAccessorImpl.invoke0(Native Method)
	at java.base/jdk.internal.reflect.NativeMethodAccessorImpl.invoke(NativeMethodAccessorImpl.java:77)
	at java.base/jdk.internal.reflect.DelegatingMethodAccessorImpl.invoke(DelegatingMethodAccessorImpl.java:43)
Caused by: com.kms.katalon.core.webui.exception.WebElementNotFoundException: Web element with id: 'Object Repository/Страница авторизации/button_' located by '//button[@name='button']' not found
	at com.kms.katalon.core.webui.common.WebUiCommonHelper.findWebElement(WebUiCommonHelper.java:1426)
	at com.kms.katalon.core.webui.keyword.internal.WebUIAbstractKeyword.findWebElement(WebUIAbstractKeyword.groovy:27)
	at com.kms.katalon.core.webui.keyword.builtin.ClickKeyword$_click_closure1.doCall(ClickKeyword.groovy:65)
	at com.kms.katalon.core.webui.keyword.builtin.ClickKeyword$_click_closure1.call(ClickKeyword.groovy)
	at com.kms.katalon.core.webui.keyword.internal.WebUIKeywordMain.runKeyword(WebUIKeywordMain.groovy:20)
	at com.kms.katalon.core.webui.keyword.builtin.ClickKeyword.click(ClickKeyword.groovy:74)
	at com.kms.katalon.core.webui.keyword.builtin.ClickKeyword.execute(ClickKeyword.groovy:40)
	at com.kms.katalon.core.keyword.internal.KeywordExecutor.executeKeywordForPlatform(KeywordExecutor.groovy:74)
	at com.kms.katalon.core.webui.keyword.WebUiBuiltInKeywords.click(WebUiBuiltInKeywords.groovy:659)
	at Script1679562813597.run(Script1679562813597.groovy:35)
	... 15 more
)

15-01-2025T09:35:14 - [MESSAGE][INFO] - Unable to find the element located by 'By.xpath: //button[@name='button']'. Please recheck the objects properties to make sure the desired element is located. 

15-01-2025T09:35:14 - [MESSAGE][FAILED] - Unable to click on object 'Object Repository/Страница авторизации/button_' (Root cause: com.kms.katalon.core.exception.StepFailedException: Unable to click on object 'Object Repository/Страница авторизации/button_'
	at com.kms.katalon.core.webui.keyword.internal.WebUIKeywordMain.stepFailed(WebUIKeywordMain.groovy:64)
	at com.kms.katalon.core.webui.keyword.internal.WebUIKeywordMain.runKeyword(WebUIKeywordMain.groovy:26)
	at com.kms.katalon.core.webui.keyword.builtin.ClickKeyword.click(ClickKeyword.groovy:74)
	at com.kms.katalon.core.webui.keyword.builtin.ClickKeyword.execute(ClickKeyword.groovy:40)
	at com.kms.katalon.core.keyword.internal.KeywordExecutor.executeKeywordForPlatform(KeywordExecutor.groovy:74)
	at com.kms.katalon.core.webui.keyword.WebUiBuiltInKeywords.click(WebUiBuiltInKeywords.groovy:659)
	at Выручка по ДЗО сверка дашбордов.run(Выручка по ДЗО сверка дашбордов:35)
	at com.kms.katalon.core.main.ScriptEngine.run(ScriptEngine.java:194)
	at com.kms.katalon.core.main.ScriptEngine.runScriptAsRawText(ScriptEngine.java:119)
	at com.kms.katalon.core.main.TestCaseExecutor.runScript(TestCaseExecutor.java:448)
	at com.kms.katalon.core.main.TestCaseExecutor.doExecute(TestCaseExecutor.java:439)
	at com.kms.katalon.core.main.TestCaseExecutor.processExecutionPhase(TestCaseExecutor.java:418)
	at com.kms.katalon.core.main.TestCaseExecutor.accessMainPhase(TestCaseExecutor.java:410)
	at com.kms.katalon.core.main.TestCaseExecutor.execute(TestCaseExecutor.java:285)
	at com.kms.katalon.core.common.CommonExecutor.accessTestCaseMainPhase(CommonExecutor.java:65)
	at com.kms.katalon.core.main.TestSuiteExecutor.accessTestSuiteMainPhase(TestSuiteExecutor.java:150)
	at com.kms.katalon.core.main.TestSuiteExecutor.execute(TestSuiteExecutor.java:106)
	at com.kms.katalon.core.main.TestCaseMain.startTestSuite(TestCaseMain.java:180)
	at TempTestSuite1736921988279.run(TempTestSuite1736921988279.groovy:35)
	at java.base/jdk.internal.reflect.NativeMethodAccessorImpl.invoke0(Native Method)
	at java.base/jdk.internal.reflect.NativeMethodAccessorImpl.invoke(NativeMethodAccessorImpl.java:77)
	at java.base/jdk.internal.reflect.DelegatingMethodAccessorImpl.invoke(DelegatingMethodAccessorImpl.java:43)
Caused by: com.kms.katalon.core.webui.exception.WebElementNotFoundException: Web element with id: 'Object Repository/Страница авторизации/button_' located by '//button[@name='button']' not found
	at com.kms.katalon.core.webui.common.WebUiCommonHelper.findWebElement(WebUiCommonHelper.java:1426)
	at com.kms.katalon.core.webui.keyword.internal.WebUIAbstractKeyword.findWebElement(WebUIAbstractKeyword.groovy:27)
	at com.kms.katalon.core.webui.keyword.builtin.ClickKeyword$_click_closure1.doCall(ClickKeyword.groovy:65)
	at com.kms.katalon.core.webui.keyword.builtin.ClickKeyword$_click_closure1.call(ClickKeyword.groovy)
	at com.kms.katalon.core.webui.keyword.internal.WebUIKeywordMain.runKeyword(WebUIKeywordMain.groovy:20)
	at com.kms.katalon.core.webui.keyword.builtin.ClickKeyword.click(ClickKeyword.groovy:74)
	at com.kms.katalon.core.webui.keyword.builtin.ClickKeyword.execute(ClickKeyword.groovy:40)
	at com.kms.katalon.core.keyword.internal.KeywordExecutor.executeKeywordForPlatform(KeywordExecutor.groovy:74)
	at com.kms.katalon.core.webui.keyword.WebUiBuiltInKeywords.click(WebUiBuiltInKeywords.groovy:659)
	at Script1679562813597.run(Script1679562813597.groovy:35)
	... 15 more
)
[[ATTACHMENT|C:\\Users\\LIAZGINA-DI\\git\\SPORU\\Reports\\20250115_091948\\\u041F\u043D-\u0421\u0440-\u041F\u0442\\\u0421\u0432\u0435\u0440\u043A\u0430 \u0434\u0430\u0448\u0431\u043E\u0440\u0434\u043E\u0432 \u0438\u0437 \u0440\u0430\u0437\u043D\u044B\u0445 \u0431\u043B\u043E\u043A\u043E\u0432\\20250115_091948\\1736922914706.png]]

15-01-2025T09:35:14 - [TEST_STEP][PASSED] - delay(30): Delayed 30 second(s)

15-01-2025T09:35:44 - [MESSAGE][PASSED] - Delayed 30 second(s)

15-01-2025T09:35:44 - [TEST_STEP][FAILED] - click(findTestObject("Выручка по ДЗО/Фильтр Дата")): Unable to click on object 'Object Repository/Выручка по ДЗО/Фильтр Дата' (Root cause: com.kms.katalon.core.exception.StepFailedException: Unable to click on object 'Object Repository/Выручка по ДЗО/Фильтр Дата'
	at com.kms.katalon.core.webui.keyword.internal.WebUIKeywordMain.stepFailed(WebUIKeywordMain.groovy:64)
	at com.kms.katalon.core.webui.keyword.internal.WebUIKeywordMain.runKeyword(WebUIKeywordMain.groovy:26)
	at com.kms.katalon.core.webui.keyword.builtin.ClickKeyword.click(ClickKeyword.groovy:74)
	at com.kms.katalon.core.webui.keyword.builtin.ClickKeyword.execute(ClickKeyword.groovy:40)
	at com.kms.katalon.core.keyword.internal.KeywordExecutor.executeKeywordForPlatform(KeywordExecutor.groovy:74)
	at com.kms.katalon.core.webui.keyword.WebUiBuiltInKeywords.click(WebUiBuiltInKeywords.groovy:659)
	at Выручка по ДЗО сверка дашбордов.run(Выручка по ДЗО сверка дашбордов:40)
	at com.kms.katalon.core.main.ScriptEngine.run(ScriptEngine.java:194)
	at com.kms.katalon.core.main.ScriptEngine.runScriptAsRawText(ScriptEngine.java:119)
	at com.kms.katalon.core.main.TestCaseExecutor.runScript(TestCaseExecutor.java:448)
	at com.kms.katalon.core.main.TestCaseExecutor.doExecute(TestCaseExecutor.java:439)
	at com.kms.katalon.core.main.TestCaseExecutor.processExecutionPhase(TestCaseExecutor.java:418)
	at com.kms.katalon.core.main.TestCaseExecutor.accessMainPhase(TestCaseExecutor.java:410)
	at com.kms.katalon.core.main.TestCaseExecutor.execute(TestCaseExecutor.java:285)
	at com.kms.katalon.core.common.CommonExecutor.accessTestCaseMainPhase(CommonExecutor.java:65)
	at com.kms.katalon.core.main.TestSuiteExecutor.accessTestSuiteMainPhase(TestSuiteExecutor.java:150)
	at com.kms.katalon.core.main.TestSuiteExecutor.execute(TestSuiteExecutor.java:106)
	at com.kms.katalon.core.main.TestCaseMain.startTestSuite(TestCaseMain.java:180)
	at TempTestSuite1736921988279.run(TempTestSuite1736921988279.groovy:35)
	at java.base/jdk.internal.reflect.NativeMethodAccessorImpl.invoke0(Native Method)
	at java.base/jdk.internal.reflect.NativeMethodAccessorImpl.invoke(NativeMethodAccessorImpl.java:77)
	at java.base/jdk.internal.reflect.DelegatingMethodAccessorImpl.invoke(DelegatingMethodAccessorImpl.java:43)
Caused by: com.kms.katalon.core.webui.exception.WebElementNotFoundException: Web element with id: 'Object Repository/Выручка по ДЗО/Фильтр Дата' located by '(.//*[normalize-space(text()) and normalize-space(.)='Период'])[1]/following::div[5]' not found
	at com.kms.katalon.core.webui.common.WebUiCommonHelper.findWebElement(WebUiCommonHelper.java:1426)
	at com.kms.katalon.core.webui.keyword.internal.WebUIAbstractKeyword.findWebElement(WebUIAbstractKeyword.groovy:27)
	at com.kms.katalon.core.webui.keyword.builtin.ClickKeyword$_click_closure1.doCall(ClickKeyword.groovy:65)
	at com.kms.katalon.core.webui.keyword.builtin.ClickKeyword$_click_closure1.call(ClickKeyword.groovy)
	at com.kms.katalon.core.webui.keyword.internal.WebUIKeywordMain.runKeyword(WebUIKeywordMain.groovy:20)
	at com.kms.katalon.core.webui.keyword.builtin.ClickKeyword.click(ClickKeyword.groovy:74)
	at com.kms.katalon.core.webui.keyword.builtin.ClickKeyword.execute(ClickKeyword.groovy:40)
	at com.kms.katalon.core.keyword.internal.KeywordExecutor.executeKeywordForPlatform(KeywordExecutor.groovy:74)
	at com.kms.katalon.core.webui.keyword.WebUiBuiltInKeywords.click(WebUiBuiltInKeywords.groovy:659)
	at Script1679562813597.run(Script1679562813597.groovy:40)
	... 15 more
)

15-01-2025T09:36:16 - [MESSAGE][INFO] - Unable to find the element located by 'By.xpath: (.//*[normalize-space(text()) and normalize-space(.)='Период'])[1]/following::div[5]'. Please recheck the objects properties to make sure the desired element is located. 

15-01-2025T09:36:16 - [MESSAGE][FAILED] - Unable to click on object 'Object Repository/Выручка по ДЗО/Фильтр Дата' (Root cause: com.kms.katalon.core.exception.StepFailedException: Unable to click on object 'Object Repository/Выручка по ДЗО/Фильтр Дата'
	at com.kms.katalon.core.webui.keyword.internal.WebUIKeywordMain.stepFailed(WebUIKeywordMain.groovy:64)
	at com.kms.katalon.core.webui.keyword.internal.WebUIKeywordMain.runKeyword(WebUIKeywordMain.groovy:26)
	at com.kms.katalon.core.webui.keyword.builtin.ClickKeyword.click(ClickKeyword.groovy:74)
	at com.kms.katalon.core.webui.keyword.builtin.ClickKeyword.execute(ClickKeyword.groovy:40)
	at com.kms.katalon.core.keyword.internal.KeywordExecutor.executeKeywordForPlatform(KeywordExecutor.groovy:74)
	at com.kms.katalon.core.webui.keyword.WebUiBuiltInKeywords.click(WebUiBuiltInKeywords.groovy:659)
	at Выручка по ДЗО сверка дашбордов.run(Выручка по ДЗО сверка дашбордов:40)
	at com.kms.katalon.core.main.ScriptEngine.run(ScriptEngine.java:194)
	at com.kms.katalon.core.main.ScriptEngine.runScriptAsRawText(ScriptEngine.java:119)
	at com.kms.katalon.core.main.TestCaseExecutor.runScript(TestCaseExecutor.java:448)
	at com.kms.katalon.core.main.TestCaseExecutor.doExecute(TestCaseExecutor.java:439)
	at com.kms.katalon.core.main.TestCaseExecutor.processExecutionPhase(TestCaseExecutor.java:418)
	at com.kms.katalon.core.main.TestCaseExecutor.accessMainPhase(TestCaseExecutor.java:410)
	at com.kms.katalon.core.main.TestCaseExecutor.execute(TestCaseExecutor.java:285)
	at com.kms.katalon.core.common.CommonExecutor.accessTestCaseMainPhase(CommonExecutor.java:65)
	at com.kms.katalon.core.main.TestSuiteExecutor.accessTestSuiteMainPhase(TestSuiteExecutor.java:150)
	at com.kms.katalon.core.main.TestSuiteExecutor.execute(TestSuiteExecutor.java:106)
	at com.kms.katalon.core.main.TestCaseMain.startTestSuite(TestCaseMain.java:180)
	at TempTestSuite1736921988279.run(TempTestSuite1736921988279.groovy:35)
	at java.base/jdk.internal.reflect.NativeMethodAccessorImpl.invoke0(Native Method)
	at java.base/jdk.internal.reflect.NativeMethodAccessorImpl.invoke(NativeMethodAccessorImpl.java:77)
	at java.base/jdk.internal.reflect.DelegatingMethodAccessorImpl.invoke(DelegatingMethodAccessorImpl.java:43)
Caused by: com.kms.katalon.core.webui.exception.WebElementNotFoundException: Web element with id: 'Object Repository/Выручка по ДЗО/Фильтр Дата' located by '(.//*[normalize-space(text()) and normalize-space(.)='Период'])[1]/following::div[5]' not found
	at com.kms.katalon.core.webui.common.WebUiCommonHelper.findWebElement(WebUiCommonHelper.java:1426)
	at com.kms.katalon.core.webui.keyword.internal.WebUIAbstractKeyword.findWebElement(WebUIAbstractKeyword.groovy:27)
	at com.kms.katalon.core.webui.keyword.builtin.ClickKeyword$_click_closure1.doCall(ClickKeyword.groovy:65)
	at com.kms.katalon.core.webui.keyword.builtin.ClickKeyword$_click_closure1.call(ClickKeyword.groovy)
	at com.kms.katalon.core.webui.keyword.internal.WebUIKeywordMain.runKeyword(WebUIKeywordMain.groovy:20)
	at com.kms.katalon.core.webui.keyword.builtin.ClickKeyword.click(ClickKeyword.groovy:74)
	at com.kms.katalon.core.webui.keyword.builtin.ClickKeyword.execute(ClickKeyword.groovy:40)
	at com.kms.katalon.core.keyword.internal.KeywordExecutor.executeKeywordForPlatform(KeywordExecutor.groovy:74)
	at com.kms.katalon.core.webui.keyword.WebUiBuiltInKeywords.click(WebUiBuiltInKeywords.groovy:659)
	at Script1679562813597.run(Script1679562813597.groovy:40)
	... 15 more
)
[[ATTACHMENT|C:\\Users\\LIAZGINA-DI\\git\\SPORU\\Reports\\20250115_091948\\\u041F\u043D-\u0421\u0440-\u041F\u0442\\\u0421\u0432\u0435\u0440\u043A\u0430 \u0434\u0430\u0448\u0431\u043E\u0440\u0434\u043E\u0432 \u0438\u0437 \u0440\u0430\u0437\u043D\u044B\u0445 \u0431\u043B\u043E\u043A\u043E\u0432\\20250115_091948\\1736922976009.png]]

15-01-2025T09:36:16 - [TEST_STEP][FAILED] - click(findTestObject("Выручка по ДЗО/Снять выделение в фильтре Дата")): Unable to click on object 'Object Repository/Выручка по ДЗО/Снять выделение в фильтре Дата' (Root cause: com.kms.katalon.core.exception.StepFailedException: Unable to click on object 'Object Repository/Выручка по ДЗО/Снять выделение в фильтре Дата'
	at com.kms.katalon.core.webui.keyword.internal.WebUIKeywordMain.stepFailed(WebUIKeywordMain.groovy:64)
	at com.kms.katalon.core.webui.keyword.internal.WebUIKeywordMain.runKeyword(WebUIKeywordMain.groovy:26)
	at com.kms.katalon.core.webui.keyword.builtin.ClickKeyword.click(ClickKeyword.groovy:74)
	at com.kms.katalon.core.webui.keyword.builtin.ClickKeyword.execute(ClickKeyword.groovy:40)
	at com.kms.katalon.core.keyword.internal.KeywordExecutor.executeKeywordForPlatform(KeywordExecutor.groovy:74)
	at com.kms.katalon.core.webui.keyword.WebUiBuiltInKeywords.click(WebUiBuiltInKeywords.groovy:659)
	at Выручка по ДЗО сверка дашбордов.run(Выручка по ДЗО сверка дашбордов:43)
	at com.kms.katalon.core.main.ScriptEngine.run(ScriptEngine.java:194)
	at com.kms.katalon.core.main.ScriptEngine.runScriptAsRawText(ScriptEngine.java:119)
	at com.kms.katalon.core.main.TestCaseExecutor.runScript(TestCaseExecutor.java:448)
	at com.kms.katalon.core.main.TestCaseExecutor.doExecute(TestCaseExecutor.java:439)
	at com.kms.katalon.core.main.TestCaseExecutor.processExecutionPhase(TestCaseExecutor.java:418)
	at com.kms.katalon.core.main.TestCaseExecutor.accessMainPhase(TestCaseExecutor.java:410)
	at com.kms.katalon.core.main.TestCaseExecutor.execute(TestCaseExecutor.java:285)
	at com.kms.katalon.core.common.CommonExecutor.accessTestCaseMainPhase(CommonExecutor.java:65)
	at com.kms.katalon.core.main.TestSuiteExecutor.accessTestSuiteMainPhase(TestSuiteExecutor.java:150)
	at com.kms.katalon.core.main.TestSuiteExecutor.execute(TestSuiteExecutor.java:106)
	at com.kms.katalon.core.main.TestCaseMain.startTestSuite(TestCaseMain.java:180)
	at TempTestSuite1736921988279.run(TempTestSuite1736921988279.groovy:35)
	at java.base/jdk.internal.reflect.NativeMethodAccessorImpl.invoke0(Native Method)
	at java.base/jdk.internal.reflect.NativeMethodAccessorImpl.invoke(NativeMethodAccessorImpl.java:77)
	at java.base/jdk.internal.reflect.DelegatingMethodAccessorImpl.invoke(DelegatingMethodAccessorImpl.java:43)
Caused by: com.kms.katalon.core.webui.exception.WebElementNotFoundException: Web element with id: 'Object Repository/Выручка по ДЗО/Снять выделение в фильтре Дата' located by '//*/text()[normalize-space(.)='Снять выделение']/parent::*' not found
	at com.kms.katalon.core.webui.common.WebUiCommonHelper.findWebElement(WebUiCommonHelper.java:1426)
	at com.kms.katalon.core.webui.keyword.internal.WebUIAbstractKeyword.findWebElement(WebUIAbstractKeyword.groovy:27)
	at com.kms.katalon.core.webui.keyword.builtin.ClickKeyword$_click_closure1.doCall(ClickKeyword.groovy:65)
	at com.kms.katalon.core.webui.keyword.builtin.ClickKeyword$_click_closure1.call(ClickKeyword.groovy)
	at com.kms.katalon.core.webui.keyword.internal.WebUIKeywordMain.runKeyword(WebUIKeywordMain.groovy:20)
	at com.kms.katalon.core.webui.keyword.builtin.ClickKeyword.click(ClickKeyword.groovy:74)
	at com.kms.katalon.core.webui.keyword.builtin.ClickKeyword.execute(ClickKeyword.groovy:40)
	at com.kms.katalon.core.keyword.internal.KeywordExecutor.executeKeywordForPlatform(KeywordExecutor.groovy:74)
	at com.kms.katalon.core.webui.keyword.WebUiBuiltInKeywords.click(WebUiBuiltInKeywords.groovy:659)
	at Script1679562813597.run(Script1679562813597.groovy:43)
	... 15 more
)

15-01-2025T09:36:47 - [MESSAGE][INFO] - Unable to find the element located by 'By.xpath: //*/text()[normalize-space(.)='Снять выделение']/parent::*'. Please recheck the objects properties to make sure the desired element is located. 

15-01-2025T09:36:47 - [MESSAGE][FAILED] - Unable to click on object 'Object Repository/Выручка по ДЗО/Снять выделение в фильтре Дата' (Root cause: com.kms.katalon.core.exception.StepFailedException: Unable to click on object 'Object Repository/Выручка по ДЗО/Снять выделение в фильтре Дата'
	at com.kms.katalon.core.webui.keyword.internal.WebUIKeywordMain.stepFailed(WebUIKeywordMain.groovy:64)
	at com.kms.katalon.core.webui.keyword.internal.WebUIKeywordMain.runKeyword(WebUIKeywordMain.groovy:26)
	at com.kms.katalon.core.webui.keyword.builtin.ClickKeyword.click(ClickKeyword.groovy:74)
	at com.kms.katalon.core.webui.keyword.builtin.ClickKeyword.execute(ClickKeyword.groovy:40)
	at com.kms.katalon.core.keyword.internal.KeywordExecutor.executeKeywordForPlatform(KeywordExecutor.groovy:74)
	at com.kms.katalon.core.webui.keyword.WebUiBuiltInKeywords.click(WebUiBuiltInKeywords.groovy:659)
	at Выручка по ДЗО сверка дашбордов.run(Выручка по ДЗО сверка дашбордов:43)
	at com.kms.katalon.core.main.ScriptEngine.run(ScriptEngine.java:194)
	at com.kms.katalon.core.main.ScriptEngine.runScriptAsRawText(ScriptEngine.java:119)
	at com.kms.katalon.core.main.TestCaseExecutor.runScript(TestCaseExecutor.java:448)
	at com.kms.katalon.core.main.TestCaseExecutor.doExecute(TestCaseExecutor.java:439)
	at com.kms.katalon.core.main.TestCaseExecutor.processExecutionPhase(TestCaseExecutor.java:418)
	at com.kms.katalon.core.main.TestCaseExecutor.accessMainPhase(TestCaseExecutor.java:410)
	at com.kms.katalon.core.main.TestCaseExecutor.execute(TestCaseExecutor.java:285)
	at com.kms.katalon.core.common.CommonExecutor.accessTestCaseMainPhase(CommonExecutor.java:65)
	at com.kms.katalon.core.main.TestSuiteExecutor.accessTestSuiteMainPhase(TestSuiteExecutor.java:150)
	at com.kms.katalon.core.main.TestSuiteExecutor.execute(TestSuiteExecutor.java:106)
	at com.kms.katalon.core.main.TestCaseMain.startTestSuite(TestCaseMain.java:180)
	at TempTestSuite1736921988279.run(TempTestSuite1736921988279.groovy:35)
	at java.base/jdk.internal.reflect.NativeMethodAccessorImpl.invoke0(Native Method)
	at java.base/jdk.internal.reflect.NativeMethodAccessorImpl.invoke(NativeMethodAccessorImpl.java:77)
	at java.base/jdk.internal.reflect.DelegatingMethodAccessorImpl.invoke(DelegatingMethodAccessorImpl.java:43)
Caused by: com.kms.katalon.core.webui.exception.WebElementNotFoundException: Web element with id: 'Object Repository/Выручка по ДЗО/Снять выделение в фильтре Дата' located by '//*/text()[normalize-space(.)='Снять выделение']/parent::*' not found
	at com.kms.katalon.core.webui.common.WebUiCommonHelper.findWebElement(WebUiCommonHelper.java:1426)
	at com.kms.katalon.core.webui.keyword.internal.WebUIAbstractKeyword.findWebElement(WebUIAbstractKeyword.groovy:27)
	at com.kms.katalon.core.webui.keyword.builtin.ClickKeyword$_click_closure1.doCall(ClickKeyword.groovy:65)
	at com.kms.katalon.core.webui.keyword.builtin.ClickKeyword$_click_closure1.call(ClickKeyword.groovy)
	at com.kms.katalon.core.webui.keyword.internal.WebUIKeywordMain.runKeyword(WebUIKeywordMain.groovy:20)
	at com.kms.katalon.core.webui.keyword.builtin.ClickKeyword.click(ClickKeyword.groovy:74)
	at com.kms.katalon.core.webui.keyword.builtin.ClickKeyword.execute(ClickKeyword.groovy:40)
	at com.kms.katalon.core.keyword.internal.KeywordExecutor.executeKeywordForPlatform(KeywordExecutor.groovy:74)
	at com.kms.katalon.core.webui.keyword.WebUiBuiltInKeywords.click(WebUiBuiltInKeywords.groovy:659)
	at Script1679562813597.run(Script1679562813597.groovy:43)
	... 15 more
)
[[ATTACHMENT|C:\\Users\\LIAZGINA-DI\\git\\SPORU\\Reports\\20250115_091948\\\u041F\u043D-\u0421\u0440-\u041F\u0442\\\u0421\u0432\u0435\u0440\u043A\u0430 \u0434\u0430\u0448\u0431\u043E\u0440\u0434\u043E\u0432 \u0438\u0437 \u0440\u0430\u0437\u043D\u044B\u0445 \u0431\u043B\u043E\u043A\u043E\u0432\\20250115_091948\\1736923007141.png]]

15-01-2025T09:36:47 - [TEST_STEP][FAILED] - click(findTestObject("Выручка по ДЗО/Применить в фильтре Дата")): Unable to click on object 'Object Repository/Выручка по ДЗО/Применить в фильтре Дата' (Root cause: com.kms.katalon.core.exception.StepFailedException: Unable to click on object 'Object Repository/Выручка по ДЗО/Применить в фильтре Дата'
	at com.kms.katalon.core.webui.keyword.internal.WebUIKeywordMain.stepFailed(WebUIKeywordMain.groovy:64)
	at com.kms.katalon.core.webui.keyword.internal.WebUIKeywordMain.runKeyword(WebUIKeywordMain.groovy:26)
	at com.kms.katalon.core.webui.keyword.builtin.ClickKeyword.click(ClickKeyword.groovy:74)
	at com.kms.katalon.core.webui.keyword.builtin.ClickKeyword.execute(ClickKeyword.groovy:40)
	at com.kms.katalon.core.keyword.internal.KeywordExecutor.executeKeywordForPlatform(KeywordExecutor.groovy:74)
	at com.kms.katalon.core.webui.keyword.WebUiBuiltInKeywords.click(WebUiBuiltInKeywords.groovy:659)
	at Выручка по ДЗО сверка дашбордов.run(Выручка по ДЗО сверка дашбордов:46)
	at com.kms.katalon.core.main.ScriptEngine.run(ScriptEngine.java:194)
	at com.kms.katalon.core.main.ScriptEngine.runScriptAsRawText(ScriptEngine.java:119)
	at com.kms.katalon.core.main.TestCaseExecutor.runScript(TestCaseExecutor.java:448)
	at com.kms.katalon.core.main.TestCaseExecutor.doExecute(TestCaseExecutor.java:439)
	at com.kms.katalon.core.main.TestCaseExecutor.processExecutionPhase(TestCaseExecutor.java:418)
	at com.kms.katalon.core.main.TestCaseExecutor.accessMainPhase(TestCaseExecutor.java:410)
	at com.kms.katalon.core.main.TestCaseExecutor.execute(TestCaseExecutor.java:285)
	at com.kms.katalon.core.common.CommonExecutor.accessTestCaseMainPhase(CommonExecutor.java:65)
	at com.kms.katalon.core.main.TestSuiteExecutor.accessTestSuiteMainPhase(TestSuiteExecutor.java:150)
	at com.kms.katalon.core.main.TestSuiteExecutor.execute(TestSuiteExecutor.java:106)
	at com.kms.katalon.core.main.TestCaseMain.startTestSuite(TestCaseMain.java:180)
	at TempTestSuite1736921988279.run(TempTestSuite1736921988279.groovy:35)
	at java.base/jdk.internal.reflect.NativeMethodAccessorImpl.invoke0(Native Method)
	at java.base/jdk.internal.reflect.NativeMethodAccessorImpl.invoke(NativeMethodAccessorImpl.java:77)
	at java.base/jdk.internal.reflect.DelegatingMethodAccessorImpl.invoke(DelegatingMethodAccessorImpl.java:43)
Caused by: com.kms.katalon.core.webui.exception.WebElementNotFoundException: Web element with id: 'Object Repository/Выручка по ДЗО/Применить в фильтре Дата' located by '//*/text()[normalize-space(.)='Применить']/parent::*' not found
	at com.kms.katalon.core.webui.common.WebUiCommonHelper.findWebElement(WebUiCommonHelper.java:1426)
	at com.kms.katalon.core.webui.keyword.internal.WebUIAbstractKeyword.findWebElement(WebUIAbstractKeyword.groovy:27)
	at com.kms.katalon.core.webui.keyword.builtin.ClickKeyword$_click_closure1.doCall(ClickKeyword.groovy:65)
	at com.kms.katalon.core.webui.keyword.builtin.ClickKeyword$_click_closure1.call(ClickKeyword.groovy)
	at com.kms.katalon.core.webui.keyword.internal.WebUIKeywordMain.runKeyword(WebUIKeywordMain.groovy:20)
	at com.kms.katalon.core.webui.keyword.builtin.ClickKeyword.click(ClickKeyword.groovy:74)
	at com.kms.katalon.core.webui.keyword.builtin.ClickKeyword.execute(ClickKeyword.groovy:40)
	at com.kms.katalon.core.keyword.internal.KeywordExecutor.executeKeywordForPlatform(KeywordExecutor.groovy:74)
	at com.kms.katalon.core.webui.keyword.WebUiBuiltInKeywords.click(WebUiBuiltInKeywords.groovy:659)
	at Script1679562813597.run(Script1679562813597.groovy:46)
	... 15 more
)

15-01-2025T09:37:18 - [MESSAGE][INFO] - Unable to find the element located by 'By.xpath: //*/text()[normalize-space(.)='Применить']/parent::*'. Please recheck the objects properties to make sure the desired element is located. 

15-01-2025T09:37:18 - [MESSAGE][FAILED] - Unable to click on object 'Object Repository/Выручка по ДЗО/Применить в фильтре Дата' (Root cause: com.kms.katalon.core.exception.StepFailedException: Unable to click on object 'Object Repository/Выручка по ДЗО/Применить в фильтре Дата'
	at com.kms.katalon.core.webui.keyword.internal.WebUIKeywordMain.stepFailed(WebUIKeywordMain.groovy:64)
	at com.kms.katalon.core.webui.keyword.internal.WebUIKeywordMain.runKeyword(WebUIKeywordMain.groovy:26)
	at com.kms.katalon.core.webui.keyword.builtin.ClickKeyword.click(ClickKeyword.groovy:74)
	at com.kms.katalon.core.webui.keyword.builtin.ClickKeyword.execute(ClickKeyword.groovy:40)
	at com.kms.katalon.core.keyword.internal.KeywordExecutor.executeKeywordForPlatform(KeywordExecutor.groovy:74)
	at com.kms.katalon.core.webui.keyword.WebUiBuiltInKeywords.click(WebUiBuiltInKeywords.groovy:659)
	at Выручка по ДЗО сверка дашбордов.run(Выручка по ДЗО сверка дашбордов:46)
	at com.kms.katalon.core.main.ScriptEngine.run(ScriptEngine.java:194)
	at com.kms.katalon.core.main.ScriptEngine.runScriptAsRawText(ScriptEngine.java:119)
	at com.kms.katalon.core.main.TestCaseExecutor.runScript(TestCaseExecutor.java:448)
	at com.kms.katalon.core.main.TestCaseExecutor.doExecute(TestCaseExecutor.java:439)
	at com.kms.katalon.core.main.TestCaseExecutor.processExecutionPhase(TestCaseExecutor.java:418)
	at com.kms.katalon.core.main.TestCaseExecutor.accessMainPhase(TestCaseExecutor.java:410)
	at com.kms.katalon.core.main.TestCaseExecutor.execute(TestCaseExecutor.java:285)
	at com.kms.katalon.core.common.CommonExecutor.accessTestCaseMainPhase(CommonExecutor.java:65)
	at com.kms.katalon.core.main.TestSuiteExecutor.accessTestSuiteMainPhase(TestSuiteExecutor.java:150)
	at com.kms.katalon.core.main.TestSuiteExecutor.execute(TestSuiteExecutor.java:106)
	at com.kms.katalon.core.main.TestCaseMain.startTestSuite(TestCaseMain.java:180)
	at TempTestSuite1736921988279.run(TempTestSuite1736921988279.groovy:35)
	at java.base/jdk.internal.reflect.NativeMethodAccessorImpl.invoke0(Native Method)
	at java.base/jdk.internal.reflect.NativeMethodAccessorImpl.invoke(NativeMethodAccessorImpl.java:77)
	at java.base/jdk.internal.reflect.DelegatingMethodAccessorImpl.invoke(DelegatingMethodAccessorImpl.java:43)
Caused by: com.kms.katalon.core.webui.exception.WebElementNotFoundException: Web element with id: 'Object Repository/Выручка по ДЗО/Применить в фильтре Дата' located by '//*/text()[normalize-space(.)='Применить']/parent::*' not found
	at com.kms.katalon.core.webui.common.WebUiCommonHelper.findWebElement(WebUiCommonHelper.java:1426)
	at com.kms.katalon.core.webui.keyword.internal.WebUIAbstractKeyword.findWebElement(WebUIAbstractKeyword.groovy:27)
	at com.kms.katalon.core.webui.keyword.builtin.ClickKeyword$_click_closure1.doCall(ClickKeyword.groovy:65)
	at com.kms.katalon.core.webui.keyword.builtin.ClickKeyword$_click_closure1.call(ClickKeyword.groovy)
	at com.kms.katalon.core.webui.keyword.internal.WebUIKeywordMain.runKeyword(WebUIKeywordMain.groovy:20)
	at com.kms.katalon.core.webui.keyword.builtin.ClickKeyword.click(ClickKeyword.groovy:74)
	at com.kms.katalon.core.webui.keyword.builtin.ClickKeyword.execute(ClickKeyword.groovy:40)
	at com.kms.katalon.core.keyword.internal.KeywordExecutor.executeKeywordForPlatform(KeywordExecutor.groovy:74)
	at com.kms.katalon.core.webui.keyword.WebUiBuiltInKeywords.click(WebUiBuiltInKeywords.groovy:659)
	at Script1679562813597.run(Script1679562813597.groovy:46)
	... 15 more
)
[[ATTACHMENT|C:\\Users\\LIAZGINA-DI\\git\\SPORU\\Reports\\20250115_091948\\\u041F\u043D-\u0421\u0440-\u041F\u0442\\\u0421\u0432\u0435\u0440\u043A\u0430 \u0434\u0430\u0448\u0431\u043E\u0440\u0434\u043E\u0432 \u0438\u0437 \u0440\u0430\u0437\u043D\u044B\u0445 \u0431\u043B\u043E\u043A\u043E\u0432\\20250115_091948\\1736923038228.png]]

15-01-2025T09:37:18 - [TEST_STEP][FAILED] - click(findTestObject("Выручка по ДЗО/Фильтр Дата")): Unable to click on object 'Object Repository/Выручка по ДЗО/Фильтр Дата' (Root cause: com.kms.katalon.core.exception.StepFailedException: Unable to click on object 'Object Repository/Выручка по ДЗО/Фильтр Дата'
	at com.kms.katalon.core.webui.keyword.internal.WebUIKeywordMain.stepFailed(WebUIKeywordMain.groovy:64)
	at com.kms.katalon.core.webui.keyword.internal.WebUIKeywordMain.runKeyword(WebUIKeywordMain.groovy:26)
	at com.kms.katalon.core.webui.keyword.builtin.ClickKeyword.click(ClickKeyword.groovy:74)
	at com.kms.katalon.core.webui.keyword.builtin.ClickKeyword.execute(ClickKeyword.groovy:40)
	at com.kms.katalon.core.keyword.internal.KeywordExecutor.executeKeywordForPlatform(KeywordExecutor.groovy:74)
	at com.kms.katalon.core.webui.keyword.WebUiBuiltInKeywords.click(WebUiBuiltInKeywords.groovy:659)
	at Выручка по ДЗО сверка дашбордов.run(Выручка по ДЗО сверка дашбордов:49)
	at com.kms.katalon.core.main.ScriptEngine.run(ScriptEngine.java:194)
	at com.kms.katalon.core.main.ScriptEngine.runScriptAsRawText(ScriptEngine.java:119)
	at com.kms.katalon.core.main.TestCaseExecutor.runScript(TestCaseExecutor.java:448)
	at com.kms.katalon.core.main.TestCaseExecutor.doExecute(TestCaseExecutor.java:439)
	at com.kms.katalon.core.main.TestCaseExecutor.processExecutionPhase(TestCaseExecutor.java:418)
	at com.kms.katalon.core.main.TestCaseExecutor.accessMainPhase(TestCaseExecutor.java:410)
	at com.kms.katalon.core.main.TestCaseExecutor.execute(TestCaseExecutor.java:285)
	at com.kms.katalon.core.common.CommonExecutor.accessTestCaseMainPhase(CommonExecutor.java:65)
	at com.kms.katalon.core.main.TestSuiteExecutor.accessTestSuiteMainPhase(TestSuiteExecutor.java:150)
	at com.kms.katalon.core.main.TestSuiteExecutor.execute(TestSuiteExecutor.java:106)
	at com.kms.katalon.core.main.TestCaseMain.startTestSuite(TestCaseMain.java:180)
	at TempTestSuite1736921988279.run(TempTestSuite1736921988279.groovy:35)
	at java.base/jdk.internal.reflect.NativeMethodAccessorImpl.invoke0(Native Method)
	at java.base/jdk.internal.reflect.NativeMethodAccessorImpl.invoke(NativeMethodAccessorImpl.java:77)
	at java.base/jdk.internal.reflect.DelegatingMethodAccessorImpl.invoke(DelegatingMethodAccessorImpl.java:43)
Caused by: com.kms.katalon.core.webui.exception.WebElementNotFoundException: Web element with id: 'Object Repository/Выручка по ДЗО/Фильтр Дата' located by '(.//*[normalize-space(text()) and normalize-space(.)='Период'])[1]/following::div[5]' not found
	at com.kms.katalon.core.webui.common.WebUiCommonHelper.findWebElement(WebUiCommonHelper.java:1426)
	at com.kms.katalon.core.webui.keyword.internal.WebUIAbstractKeyword.findWebElement(WebUIAbstractKeyword.groovy:27)
	at com.kms.katalon.core.webui.keyword.builtin.ClickKeyword$_click_closure1.doCall(ClickKeyword.groovy:65)
	at com.kms.katalon.core.webui.keyword.builtin.ClickKeyword$_click_closure1.call(ClickKeyword.groovy)
	at com.kms.katalon.core.webui.keyword.internal.WebUIKeywordMain.runKeyword(WebUIKeywordMain.groovy:20)
	at com.kms.katalon.core.webui.keyword.builtin.ClickKeyword.click(ClickKeyword.groovy:74)
	at com.kms.katalon.core.webui.keyword.builtin.ClickKeyword.execute(ClickKeyword.groovy:40)
	at com.kms.katalon.core.keyword.internal.KeywordExecutor.executeKeywordForPlatform(KeywordExecutor.groovy:74)
	at com.kms.katalon.core.webui.keyword.WebUiBuiltInKeywords.click(WebUiBuiltInKeywords.groovy:659)
	at Script1679562813597.run(Script1679562813597.groovy:49)
	... 15 more
)

15-01-2025T09:37:49 - [MESSAGE][INFO] - Unable to find the element located by 'By.xpath: (.//*[normalize-space(text()) and normalize-space(.)='Период'])[1]/following::div[5]'. Please recheck the objects properties to make sure the desired element is located. 

15-01-2025T09:37:49 - [MESSAGE][FAILED] - Unable to click on object 'Object Repository/Выручка по ДЗО/Фильтр Дата' (Root cause: com.kms.katalon.core.exception.StepFailedException: Unable to click on object 'Object Repository/Выручка по ДЗО/Фильтр Дата'
	at com.kms.katalon.core.webui.keyword.internal.WebUIKeywordMain.stepFailed(WebUIKeywordMain.groovy:64)
	at com.kms.katalon.core.webui.keyword.internal.WebUIKeywordMain.runKeyword(WebUIKeywordMain.groovy:26)
	at com.kms.katalon.core.webui.keyword.builtin.ClickKeyword.click(ClickKeyword.groovy:74)
	at com.kms.katalon.core.webui.keyword.builtin.ClickKeyword.execute(ClickKeyword.groovy:40)
	at com.kms.katalon.core.keyword.internal.KeywordExecutor.executeKeywordForPlatform(KeywordExecutor.groovy:74)
	at com.kms.katalon.core.webui.keyword.WebUiBuiltInKeywords.click(WebUiBuiltInKeywords.groovy:659)
	at Выручка по ДЗО сверка дашбордов.run(Выручка по ДЗО сверка дашбордов:49)
	at com.kms.katalon.core.main.ScriptEngine.run(ScriptEngine.java:194)
	at com.kms.katalon.core.main.ScriptEngine.runScriptAsRawText(ScriptEngine.java:119)
	at com.kms.katalon.core.main.TestCaseExecutor.runScript(TestCaseExecutor.java:448)
	at com.kms.katalon.core.main.TestCaseExecutor.doExecute(TestCaseExecutor.java:439)
	at com.kms.katalon.core.main.TestCaseExecutor.processExecutionPhase(TestCaseExecutor.java:418)
	at com.kms.katalon.core.main.TestCaseExecutor.accessMainPhase(TestCaseExecutor.java:410)
	at com.kms.katalon.core.main.TestCaseExecutor.execute(TestCaseExecutor.java:285)
	at com.kms.katalon.core.common.CommonExecutor.accessTestCaseMainPhase(CommonExecutor.java:65)
	at com.kms.katalon.core.main.TestSuiteExecutor.accessTestSuiteMainPhase(TestSuiteExecutor.java:150)
	at com.kms.katalon.core.main.TestSuiteExecutor.execute(TestSuiteExecutor.java:106)
	at com.kms.katalon.core.main.TestCaseMain.startTestSuite(TestCaseMain.java:180)
	at TempTestSuite1736921988279.run(TempTestSuite1736921988279.groovy:35)
	at java.base/jdk.internal.reflect.NativeMethodAccessorImpl.invoke0(Native Method)
	at java.base/jdk.internal.reflect.NativeMethodAccessorImpl.invoke(NativeMethodAccessorImpl.java:77)
	at java.base/jdk.internal.reflect.DelegatingMethodAccessorImpl.invoke(DelegatingMethodAccessorImpl.java:43)
Caused by: com.kms.katalon.core.webui.exception.WebElementNotFoundException: Web element with id: 'Object Repository/Выручка по ДЗО/Фильтр Дата' located by '(.//*[normalize-space(text()) and normalize-space(.)='Период'])[1]/following::div[5]' not found
	at com.kms.katalon.core.webui.common.WebUiCommonHelper.findWebElement(WebUiCommonHelper.java:1426)
	at com.kms.katalon.core.webui.keyword.internal.WebUIAbstractKeyword.findWebElement(WebUIAbstractKeyword.groovy:27)
	at com.kms.katalon.core.webui.keyword.builtin.ClickKeyword$_click_closure1.doCall(ClickKeyword.groovy:65)
	at com.kms.katalon.core.webui.keyword.builtin.ClickKeyword$_click_closure1.call(ClickKeyword.groovy)
	at com.kms.katalon.core.webui.keyword.internal.WebUIKeywordMain.runKeyword(WebUIKeywordMain.groovy:20)
	at com.kms.katalon.core.webui.keyword.builtin.ClickKeyword.click(ClickKeyword.groovy:74)
	at com.kms.katalon.core.webui.keyword.builtin.ClickKeyword.execute(ClickKeyword.groovy:40)
	at com.kms.katalon.core.keyword.internal.KeywordExecutor.executeKeywordForPlatform(KeywordExecutor.groovy:74)
	at com.kms.katalon.core.webui.keyword.WebUiBuiltInKeywords.click(WebUiBuiltInKeywords.groovy:659)
	at Script1679562813597.run(Script1679562813597.groovy:49)
	... 15 more
)
[[ATTACHMENT|C:\\Users\\LIAZGINA-DI\\git\\SPORU\\Reports\\20250115_091948\\\u041F\u043D-\u0421\u0440-\u041F\u0442\\\u0421\u0432\u0435\u0440\u043A\u0430 \u0434\u0430\u0448\u0431\u043E\u0440\u0434\u043E\u0432 \u0438\u0437 \u0440\u0430\u0437\u043D\u044B\u0445 \u0431\u043B\u043E\u043A\u043E\u0432\\20250115_091948\\1736923069535.png]]

15-01-2025T09:37:49 - [TEST_STEP][FAILED] - click(findTestObject("Выручка по ДЗО/Снять выделение в фильтре Дата")): Unable to click on object 'Object Repository/Выручка по ДЗО/Снять выделение в фильтре Дата' (Root cause: com.kms.katalon.core.exception.StepFailedException: Unable to click on object 'Object Repository/Выручка по ДЗО/Снять выделение в фильтре Дата'
	at com.kms.katalon.core.webui.keyword.internal.WebUIKeywordMain.stepFailed(WebUIKeywordMain.groovy:64)
	at com.kms.katalon.core.webui.keyword.internal.WebUIKeywordMain.runKeyword(WebUIKeywordMain.groovy:26)
	at com.kms.katalon.core.webui.keyword.builtin.ClickKeyword.click(ClickKeyword.groovy:74)
	at com.kms.katalon.core.webui.keyword.builtin.ClickKeyword.execute(ClickKeyword.groovy:40)
	at com.kms.katalon.core.keyword.internal.KeywordExecutor.executeKeywordForPlatform(KeywordExecutor.groovy:74)
	at com.kms.katalon.core.webui.keyword.WebUiBuiltInKeywords.click(WebUiBuiltInKeywords.groovy:659)
	at Выручка по ДЗО сверка дашбордов.run(Выручка по ДЗО сверка дашбордов:52)
	at com.kms.katalon.core.main.ScriptEngine.run(ScriptEngine.java:194)
	at com.kms.katalon.core.main.ScriptEngine.runScriptAsRawText(ScriptEngine.java:119)
	at com.kms.katalon.core.main.TestCaseExecutor.runScript(TestCaseExecutor.java:448)
	at com.kms.katalon.core.main.TestCaseExecutor.doExecute(TestCaseExecutor.java:439)
	at com.kms.katalon.core.main.TestCaseExecutor.processExecutionPhase(TestCaseExecutor.java:418)
	at com.kms.katalon.core.main.TestCaseExecutor.accessMainPhase(TestCaseExecutor.java:410)
	at com.kms.katalon.core.main.TestCaseExecutor.execute(TestCaseExecutor.java:285)
	at com.kms.katalon.core.common.CommonExecutor.accessTestCaseMainPhase(CommonExecutor.java:65)
	at com.kms.katalon.core.main.TestSuiteExecutor.accessTestSuiteMainPhase(TestSuiteExecutor.java:150)
	at com.kms.katalon.core.main.TestSuiteExecutor.execute(TestSuiteExecutor.java:106)
	at com.kms.katalon.core.main.TestCaseMain.startTestSuite(TestCaseMain.java:180)
	at TempTestSuite1736921988279.run(TempTestSuite1736921988279.groovy:35)
	at java.base/jdk.internal.reflect.NativeMethodAccessorImpl.invoke0(Native Method)
	at java.base/jdk.internal.reflect.NativeMethodAccessorImpl.invoke(NativeMethodAccessorImpl.java:77)
	at java.base/jdk.internal.reflect.DelegatingMethodAccessorImpl.invoke(DelegatingMethodAccessorImpl.java:43)
Caused by: com.kms.katalon.core.webui.exception.WebElementNotFoundException: Web element with id: 'Object Repository/Выручка по ДЗО/Снять выделение в фильтре Дата' located by '//*/text()[normalize-space(.)='Снять выделение']/parent::*' not found
	at com.kms.katalon.core.webui.common.WebUiCommonHelper.findWebElement(WebUiCommonHelper.java:1426)
	at com.kms.katalon.core.webui.keyword.internal.WebUIAbstractKeyword.findWebElement(WebUIAbstractKeyword.groovy:27)
	at com.kms.katalon.core.webui.keyword.builtin.ClickKeyword$_click_closure1.doCall(ClickKeyword.groovy:65)
	at com.kms.katalon.core.webui.keyword.builtin.ClickKeyword$_click_closure1.call(ClickKeyword.groovy)
	at com.kms.katalon.core.webui.keyword.internal.WebUIKeywordMain.runKeyword(WebUIKeywordMain.groovy:20)
	at com.kms.katalon.core.webui.keyword.builtin.ClickKeyword.click(ClickKeyword.groovy:74)
	at com.kms.katalon.core.webui.keyword.builtin.ClickKeyword.execute(ClickKeyword.groovy:40)
	at com.kms.katalon.core.keyword.internal.KeywordExecutor.executeKeywordForPlatform(KeywordExecutor.groovy:74)
	at com.kms.katalon.core.webui.keyword.WebUiBuiltInKeywords.click(WebUiBuiltInKeywords.groovy:659)
	at Script1679562813597.run(Script1679562813597.groovy:52)
	... 15 more
)

15-01-2025T09:38:20 - [MESSAGE][INFO] - Unable to find the element located by 'By.xpath: //*/text()[normalize-space(.)='Снять выделение']/parent::*'. Please recheck the objects properties to make sure the desired element is located. 

15-01-2025T09:38:20 - [MESSAGE][FAILED] - Unable to click on object 'Object Repository/Выручка по ДЗО/Снять выделение в фильтре Дата' (Root cause: com.kms.katalon.core.exception.StepFailedException: Unable to click on object 'Object Repository/Выручка по ДЗО/Снять выделение в фильтре Дата'
	at com.kms.katalon.core.webui.keyword.internal.WebUIKeywordMain.stepFailed(WebUIKeywordMain.groovy:64)
	at com.kms.katalon.core.webui.keyword.internal.WebUIKeywordMain.runKeyword(WebUIKeywordMain.groovy:26)
	at com.kms.katalon.core.webui.keyword.builtin.ClickKeyword.click(ClickKeyword.groovy:74)
	at com.kms.katalon.core.webui.keyword.builtin.ClickKeyword.execute(ClickKeyword.groovy:40)
	at com.kms.katalon.core.keyword.internal.KeywordExecutor.executeKeywordForPlatform(KeywordExecutor.groovy:74)
	at com.kms.katalon.core.webui.keyword.WebUiBuiltInKeywords.click(WebUiBuiltInKeywords.groovy:659)
	at Выручка по ДЗО сверка дашбордов.run(Выручка по ДЗО сверка дашбордов:52)
	at com.kms.katalon.core.main.ScriptEngine.run(ScriptEngine.java:194)
	at com.kms.katalon.core.main.ScriptEngine.runScriptAsRawText(ScriptEngine.java:119)
	at com.kms.katalon.core.main.TestCaseExecutor.runScript(TestCaseExecutor.java:448)
	at com.kms.katalon.core.main.TestCaseExecutor.doExecute(TestCaseExecutor.java:439)
	at com.kms.katalon.core.main.TestCaseExecutor.processExecutionPhase(TestCaseExecutor.java:418)
	at com.kms.katalon.core.main.TestCaseExecutor.accessMainPhase(TestCaseExecutor.java:410)
	at com.kms.katalon.core.main.TestCaseExecutor.execute(TestCaseExecutor.java:285)
	at com.kms.katalon.core.common.CommonExecutor.accessTestCaseMainPhase(CommonExecutor.java:65)
	at com.kms.katalon.core.main.TestSuiteExecutor.accessTestSuiteMainPhase(TestSuiteExecutor.java:150)
	at com.kms.katalon.core.main.TestSuiteExecutor.execute(TestSuiteExecutor.java:106)
	at com.kms.katalon.core.main.TestCaseMain.startTestSuite(TestCaseMain.java:180)
	at TempTestSuite1736921988279.run(TempTestSuite1736921988279.groovy:35)
	at java.base/jdk.internal.reflect.NativeMethodAccessorImpl.invoke0(Native Method)
	at java.base/jdk.internal.reflect.NativeMethodAccessorImpl.invoke(NativeMethodAccessorImpl.java:77)
	at java.base/jdk.internal.reflect.DelegatingMethodAccessorImpl.invoke(DelegatingMethodAccessorImpl.java:43)
Caused by: com.kms.katalon.core.webui.exception.WebElementNotFoundException: Web element with id: 'Object Repository/Выручка по ДЗО/Снять выделение в фильтре Дата' located by '//*/text()[normalize-space(.)='Снять выделение']/parent::*' not found
	at com.kms.katalon.core.webui.common.WebUiCommonHelper.findWebElement(WebUiCommonHelper.java:1426)
	at com.kms.katalon.core.webui.keyword.internal.WebUIAbstractKeyword.findWebElement(WebUIAbstractKeyword.groovy:27)
	at com.kms.katalon.core.webui.keyword.builtin.ClickKeyword$_click_closure1.doCall(ClickKeyword.groovy:65)
	at com.kms.katalon.core.webui.keyword.builtin.ClickKeyword$_click_closure1.call(ClickKeyword.groovy)
	at com.kms.katalon.core.webui.keyword.internal.WebUIKeywordMain.runKeyword(WebUIKeywordMain.groovy:20)
	at com.kms.katalon.core.webui.keyword.builtin.ClickKeyword.click(ClickKeyword.groovy:74)
	at com.kms.katalon.core.webui.keyword.builtin.ClickKeyword.execute(ClickKeyword.groovy:40)
	at com.kms.katalon.core.keyword.internal.KeywordExecutor.executeKeywordForPlatform(KeywordExecutor.groovy:74)
	at com.kms.katalon.core.webui.keyword.WebUiBuiltInKeywords.click(WebUiBuiltInKeywords.groovy:659)
	at Script1679562813597.run(Script1679562813597.groovy:52)
	... 15 more
)
[[ATTACHMENT|C:\\Users\\LIAZGINA-DI\\git\\SPORU\\Reports\\20250115_091948\\\u041F\u043D-\u0421\u0440-\u041F\u0442\\\u0421\u0432\u0435\u0440\u043A\u0430 \u0434\u0430\u0448\u0431\u043E\u0440\u0434\u043E\u0432 \u0438\u0437 \u0440\u0430\u0437\u043D\u044B\u0445 \u0431\u043B\u043E\u043A\u043E\u0432\\20250115_091948\\1736923100630.png]]

15-01-2025T09:38:20 - [TEST_STEP][FAILED] - scrollToElement(findTestObject("Выручка по ДЗО/2024 список"), 30): Unable to scroll to object 'Object Repository/Выручка по ДЗО/2024 список' (Root cause: com.kms.katalon.core.exception.StepFailedException: Unable to scroll to object 'Object Repository/Выручка по ДЗО/2024 список'
	at com.kms.katalon.core.webui.keyword.internal.WebUIKeywordMain.stepFailed(WebUIKeywordMain.groovy:64)
	at com.kms.katalon.core.webui.keyword.internal.WebUIKeywordMain.runKeyword(WebUIKeywordMain.groovy:26)
	at com.kms.katalon.core.webui.keyword.builtin.ScrollToElementKeyword.scrollToElement(ScrollToElementKeyword.groovy:88)
	at com.kms.katalon.core.webui.keyword.builtin.ScrollToElementKeyword.execute(ScrollToElementKeyword.groovy:68)
	at com.kms.katalon.core.keyword.internal.KeywordExecutor.executeKeywordForPlatform(KeywordExecutor.groovy:74)
	at com.kms.katalon.core.webui.keyword.WebUiBuiltInKeywords.scrollToElement(WebUiBuiltInKeywords.groovy:4147)
	at Выручка по ДЗО сверка дашбордов.run(Выручка по ДЗО сверка дашбордов:54)
	at com.kms.katalon.core.main.ScriptEngine.run(ScriptEngine.java:194)
	at com.kms.katalon.core.main.ScriptEngine.runScriptAsRawText(ScriptEngine.java:119)
	at com.kms.katalon.core.main.TestCaseExecutor.runScript(TestCaseExecutor.java:448)
	at com.kms.katalon.core.main.TestCaseExecutor.doExecute(TestCaseExecutor.java:439)
	at com.kms.katalon.core.main.TestCaseExecutor.processExecutionPhase(TestCaseExecutor.java:418)
	at com.kms.katalon.core.main.TestCaseExecutor.accessMainPhase(TestCaseExecutor.java:410)
	at com.kms.katalon.core.main.TestCaseExecutor.execute(TestCaseExecutor.java:285)
	at com.kms.katalon.core.common.CommonExecutor.accessTestCaseMainPhase(CommonExecutor.java:65)
	at com.kms.katalon.core.main.TestSuiteExecutor.accessTestSuiteMainPhase(TestSuiteExecutor.java:150)
	at com.kms.katalon.core.main.TestSuiteExecutor.execute(TestSuiteExecutor.java:106)
	at com.kms.katalon.core.main.TestCaseMain.startTestSuite(TestCaseMain.java:180)
	at TempTestSuite1736921988279.run(TempTestSuite1736921988279.groovy:35)
	at java.base/jdk.internal.reflect.NativeMethodAccessorImpl.invoke0(Native Method)
	at java.base/jdk.internal.reflect.NativeMethodAccessorImpl.invoke(NativeMethodAccessorImpl.java:77)
	at java.base/jdk.internal.reflect.DelegatingMethodAccessorImpl.invoke(DelegatingMethodAccessorImpl.java:43)
Caused by: com.kms.katalon.core.webui.exception.WebElementNotFoundException: Web element with id: 'Object Repository/Выручка по ДЗО/2024 список' located by '//li[10]/div/div' not found
	at com.kms.katalon.core.webui.common.WebUiCommonHelper.findWebElement(WebUiCommonHelper.java:1426)
	at com.kms.katalon.core.webui.keyword.internal.WebUIAbstractKeyword.findWebElement(WebUIAbstractKeyword.groovy:27)
	at com.kms.katalon.core.webui.keyword.internal.WebUIAbstractKeyword.findWebElement(WebUIAbstractKeyword.groovy:26)
	at com.kms.katalon.core.webui.keyword.builtin.ScrollToElementKeyword$_scrollToElement_closure1.doCall(ScrollToElementKeyword.groovy:79)
	at com.kms.katalon.core.webui.keyword.builtin.ScrollToElementKeyword$_scrollToElement_closure1.call(ScrollToElementKeyword.groovy)
	at com.kms.katalon.core.webui.keyword.internal.WebUIKeywordMain.runKeyword(WebUIKeywordMain.groovy:20)
	at com.kms.katalon.core.webui.keyword.builtin.ScrollToElementKeyword.scrollToElement(ScrollToElementKeyword.groovy:88)
	at com.kms.katalon.core.webui.keyword.builtin.ScrollToElementKeyword.execute(ScrollToElementKeyword.groovy:68)
	at com.kms.katalon.core.keyword.internal.KeywordExecutor.executeKeywordForPlatform(KeywordExecutor.groovy:74)
	at com.kms.katalon.core.webui.keyword.WebUiBuiltInKeywords.scrollToElement(WebUiBuiltInKeywords.groovy:4147)
	at Script1679562813597.run(Script1679562813597.groovy:54)
	... 15 more
)

15-01-2025T09:38:51 - [MESSAGE][INFO] - Unable to find the element located by 'By.xpath: //li[10]/div/div'. Please recheck the objects properties to make sure the desired element is located. 

15-01-2025T09:38:51 - [MESSAGE][FAILED] - Unable to scroll to object 'Object Repository/Выручка по ДЗО/2024 список' (Root cause: com.kms.katalon.core.exception.StepFailedException: Unable to scroll to object 'Object Repository/Выручка по ДЗО/2024 список'
	at com.kms.katalon.core.webui.keyword.internal.WebUIKeywordMain.stepFailed(WebUIKeywordMain.groovy:64)
	at com.kms.katalon.core.webui.keyword.internal.WebUIKeywordMain.runKeyword(WebUIKeywordMain.groovy:26)
	at com.kms.katalon.core.webui.keyword.builtin.ScrollToElementKeyword.scrollToElement(ScrollToElementKeyword.groovy:88)
	at com.kms.katalon.core.webui.keyword.builtin.ScrollToElementKeyword.execute(ScrollToElementKeyword.groovy:68)
	at com.kms.katalon.core.keyword.internal.KeywordExecutor.executeKeywordForPlatform(KeywordExecutor.groovy:74)
	at com.kms.katalon.core.webui.keyword.WebUiBuiltInKeywords.scrollToElement(WebUiBuiltInKeywords.groovy:4147)
	at Выручка по ДЗО сверка дашбордов.run(Выручка по ДЗО сверка дашбордов:54)
	at com.kms.katalon.core.main.ScriptEngine.run(ScriptEngine.java:194)
	at com.kms.katalon.core.main.ScriptEngine.runScriptAsRawText(ScriptEngine.java:119)
	at com.kms.katalon.core.main.TestCaseExecutor.runScript(TestCaseExecutor.java:448)
	at com.kms.katalon.core.main.TestCaseExecutor.doExecute(TestCaseExecutor.java:439)
	at com.kms.katalon.core.main.TestCaseExecutor.processExecutionPhase(TestCaseExecutor.java:418)
	at com.kms.katalon.core.main.TestCaseExecutor.accessMainPhase(TestCaseExecutor.java:410)
	at com.kms.katalon.core.main.TestCaseExecutor.execute(TestCaseExecutor.java:285)
	at com.kms.katalon.core.common.CommonExecutor.accessTestCaseMainPhase(CommonExecutor.java:65)
	at com.kms.katalon.core.main.TestSuiteExecutor.accessTestSuiteMainPhase(TestSuiteExecutor.java:150)
	at com.kms.katalon.core.main.TestSuiteExecutor.execute(TestSuiteExecutor.java:106)
	at com.kms.katalon.core.main.TestCaseMain.startTestSuite(TestCaseMain.java:180)
	at TempTestSuite1736921988279.run(TempTestSuite1736921988279.groovy:35)
	at java.base/jdk.internal.reflect.NativeMethodAccessorImpl.invoke0(Native Method)
	at java.base/jdk.internal.reflect.NativeMethodAccessorImpl.invoke(NativeMethodAccessorImpl.java:77)
	at java.base/jdk.internal.reflect.DelegatingMethodAccessorImpl.invoke(DelegatingMethodAccessorImpl.java:43)
Caused by: com.kms.katalon.core.webui.exception.WebElementNotFoundException: Web element with id: 'Object Repository/Выручка по ДЗО/2024 список' located by '//li[10]/div/div' not found
	at com.kms.katalon.core.webui.common.WebUiCommonHelper.findWebElement(WebUiCommonHelper.java:1426)
	at com.kms.katalon.core.webui.keyword.internal.WebUIAbstractKeyword.findWebElement(WebUIAbstractKeyword.groovy:27)
	at com.kms.katalon.core.webui.keyword.internal.WebUIAbstractKeyword.findWebElement(WebUIAbstractKeyword.groovy:26)
	at com.kms.katalon.core.webui.keyword.builtin.ScrollToElementKeyword$_scrollToElement_closure1.doCall(ScrollToElementKeyword.groovy:79)
	at com.kms.katalon.core.webui.keyword.builtin.ScrollToElementKeyword$_scrollToElement_closure1.call(ScrollToElementKeyword.groovy)
	at com.kms.katalon.core.webui.keyword.internal.WebUIKeywordMain.runKeyword(WebUIKeywordMain.groovy:20)
	at com.kms.katalon.core.webui.keyword.builtin.ScrollToElementKeyword.scrollToElement(ScrollToElementKeyword.groovy:88)
	at com.kms.katalon.core.webui.keyword.builtin.ScrollToElementKeyword.execute(ScrollToElementKeyword.groovy:68)
	at com.kms.katalon.core.keyword.internal.KeywordExecutor.executeKeywordForPlatform(KeywordExecutor.groovy:74)
	at com.kms.katalon.core.webui.keyword.WebUiBuiltInKeywords.scrollToElement(WebUiBuiltInKeywords.groovy:4147)
	at Script1679562813597.run(Script1679562813597.groovy:54)
	... 15 more
)
[[ATTACHMENT|C:\\Users\\LIAZGINA-DI\\git\\SPORU\\Reports\\20250115_091948\\\u041F\u043D-\u0421\u0440-\u041F\u0442\\\u0421\u0432\u0435\u0440\u043A\u0430 \u0434\u0430\u0448\u0431\u043E\u0440\u0434\u043E\u0432 \u0438\u0437 \u0440\u0430\u0437\u043D\u044B\u0445 \u0431\u043B\u043E\u043A\u043E\u0432\\20250115_091948\\1736923131847.png]]

15-01-2025T09:38:51 - [TEST_STEP][FAILED] - click(findTestObject("Выручка по ДЗО/2024 список")): Unable to click on object 'Object Repository/Выручка по ДЗО/2024 список' (Root cause: com.kms.katalon.core.exception.StepFailedException: Unable to click on object 'Object Repository/Выручка по ДЗО/2024 список'
	at com.kms.katalon.core.webui.keyword.internal.WebUIKeywordMain.stepFailed(WebUIKeywordMain.groovy:64)
	at com.kms.katalon.core.webui.keyword.internal.WebUIKeywordMain.runKeyword(WebUIKeywordMain.groovy:26)
	at com.kms.katalon.core.webui.keyword.builtin.ClickKeyword.click(ClickKeyword.groovy:74)
	at com.kms.katalon.core.webui.keyword.builtin.ClickKeyword.execute(ClickKeyword.groovy:40)
	at com.kms.katalon.core.keyword.internal.KeywordExecutor.executeKeywordForPlatform(KeywordExecutor.groovy:74)
	at com.kms.katalon.core.webui.keyword.WebUiBuiltInKeywords.click(WebUiBuiltInKeywords.groovy:659)
	at Выручка по ДЗО сверка дашбордов.run(Выручка по ДЗО сверка дашбордов:56)
	at com.kms.katalon.core.main.ScriptEngine.run(ScriptEngine.java:194)
	at com.kms.katalon.core.main.ScriptEngine.runScriptAsRawText(ScriptEngine.java:119)
	at com.kms.katalon.core.main.TestCaseExecutor.runScript(TestCaseExecutor.java:448)
	at com.kms.katalon.core.main.TestCaseExecutor.doExecute(TestCaseExecutor.java:439)
	at com.kms.katalon.core.main.TestCaseExecutor.processExecutionPhase(TestCaseExecutor.java:418)
	at com.kms.katalon.core.main.TestCaseExecutor.accessMainPhase(TestCaseExecutor.java:410)
	at com.kms.katalon.core.main.TestCaseExecutor.execute(TestCaseExecutor.java:285)
	at com.kms.katalon.core.common.CommonExecutor.accessTestCaseMainPhase(CommonExecutor.java:65)
	at com.kms.katalon.core.main.TestSuiteExecutor.accessTestSuiteMainPhase(TestSuiteExecutor.java:150)
	at com.kms.katalon.core.main.TestSuiteExecutor.execute(TestSuiteExecutor.java:106)
	at com.kms.katalon.core.main.TestCaseMain.startTestSuite(TestCaseMain.java:180)
	at TempTestSuite1736921988279.run(TempTestSuite1736921988279.groovy:35)
	at java.base/jdk.internal.reflect.NativeMethodAccessorImpl.invoke0(Native Method)
	at java.base/jdk.internal.reflect.NativeMethodAccessorImpl.invoke(NativeMethodAccessorImpl.java:77)
	at java.base/jdk.internal.reflect.DelegatingMethodAccessorImpl.invoke(DelegatingMethodAccessorImpl.java:43)
Caused by: com.kms.katalon.core.webui.exception.WebElementNotFoundException: Web element with id: 'Object Repository/Выручка по ДЗО/2024 список' located by '//li[10]/div/div' not found
	at com.kms.katalon.core.webui.common.WebUiCommonHelper.findWebElement(WebUiCommonHelper.java:1426)
	at com.kms.katalon.core.webui.keyword.internal.WebUIAbstractKeyword.findWebElement(WebUIAbstractKeyword.groovy:27)
	at com.kms.katalon.core.webui.keyword.builtin.ClickKeyword$_click_closure1.doCall(ClickKeyword.groovy:65)
	at com.kms.katalon.core.webui.keyword.builtin.ClickKeyword$_click_closure1.call(ClickKeyword.groovy)
	at com.kms.katalon.core.webui.keyword.internal.WebUIKeywordMain.runKeyword(WebUIKeywordMain.groovy:20)
	at com.kms.katalon.core.webui.keyword.builtin.ClickKeyword.click(ClickKeyword.groovy:74)
	at com.kms.katalon.core.webui.keyword.builtin.ClickKeyword.execute(ClickKeyword.groovy:40)
	at com.kms.katalon.core.keyword.internal.KeywordExecutor.executeKeywordForPlatform(KeywordExecutor.groovy:74)
	at com.kms.katalon.core.webui.keyword.WebUiBuiltInKeywords.click(WebUiBuiltInKeywords.groovy:659)
	at Script1679562813597.run(Script1679562813597.groovy:56)
	... 15 more
)

15-01-2025T09:39:23 - [MESSAGE][INFO] - Unable to find the element located by 'By.xpath: //li[10]/div/div'. Please recheck the objects properties to make sure the desired element is located. 

15-01-2025T09:39:23 - [MESSAGE][FAILED] - Unable to click on object 'Object Repository/Выручка по ДЗО/2024 список' (Root cause: com.kms.katalon.core.exception.StepFailedException: Unable to click on object 'Object Repository/Выручка по ДЗО/2024 список'
	at com.kms.katalon.core.webui.keyword.internal.WebUIKeywordMain.stepFailed(WebUIKeywordMain.groovy:64)
	at com.kms.katalon.core.webui.keyword.internal.WebUIKeywordMain.runKeyword(WebUIKeywordMain.groovy:26)
	at com.kms.katalon.core.webui.keyword.builtin.ClickKeyword.click(ClickKeyword.groovy:74)
	at com.kms.katalon.core.webui.keyword.builtin.ClickKeyword.execute(ClickKeyword.groovy:40)
	at com.kms.katalon.core.keyword.internal.KeywordExecutor.executeKeywordForPlatform(KeywordExecutor.groovy:74)
	at com.kms.katalon.core.webui.keyword.WebUiBuiltInKeywords.click(WebUiBuiltInKeywords.groovy:659)
	at Выручка по ДЗО сверка дашбордов.run(Выручка по ДЗО сверка дашбордов:56)
	at com.kms.katalon.core.main.ScriptEngine.run(ScriptEngine.java:194)
	at com.kms.katalon.core.main.ScriptEngine.runScriptAsRawText(ScriptEngine.java:119)
	at com.kms.katalon.core.main.TestCaseExecutor.runScript(TestCaseExecutor.java:448)
	at com.kms.katalon.core.main.TestCaseExecutor.doExecute(TestCaseExecutor.java:439)
	at com.kms.katalon.core.main.TestCaseExecutor.processExecutionPhase(TestCaseExecutor.java:418)
	at com.kms.katalon.core.main.TestCaseExecutor.accessMainPhase(TestCaseExecutor.java:410)
	at com.kms.katalon.core.main.TestCaseExecutor.execute(TestCaseExecutor.java:285)
	at com.kms.katalon.core.common.CommonExecutor.accessTestCaseMainPhase(CommonExecutor.java:65)
	at com.kms.katalon.core.main.TestSuiteExecutor.accessTestSuiteMainPhase(TestSuiteExecutor.java:150)
	at com.kms.katalon.core.main.TestSuiteExecutor.execute(TestSuiteExecutor.java:106)
	at com.kms.katalon.core.main.TestCaseMain.startTestSuite(TestCaseMain.java:180)
	at TempTestSuite1736921988279.run(TempTestSuite1736921988279.groovy:35)
	at java.base/jdk.internal.reflect.NativeMethodAccessorImpl.invoke0(Native Method)
	at java.base/jdk.internal.reflect.NativeMethodAccessorImpl.invoke(NativeMethodAccessorImpl.java:77)
	at java.base/jdk.internal.reflect.DelegatingMethodAccessorImpl.invoke(DelegatingMethodAccessorImpl.java:43)
Caused by: com.kms.katalon.core.webui.exception.WebElementNotFoundException: Web element with id: 'Object Repository/Выручка по ДЗО/2024 список' located by '//li[10]/div/div' not found
	at com.kms.katalon.core.webui.common.WebUiCommonHelper.findWebElement(WebUiCommonHelper.java:1426)
	at com.kms.katalon.core.webui.keyword.internal.WebUIAbstractKeyword.findWebElement(WebUIAbstractKeyword.groovy:27)
	at com.kms.katalon.core.webui.keyword.builtin.ClickKeyword$_click_closure1.doCall(ClickKeyword.groovy:65)
	at com.kms.katalon.core.webui.keyword.builtin.ClickKeyword$_click_closure1.call(ClickKeyword.groovy)
	at com.kms.katalon.core.webui.keyword.internal.WebUIKeywordMain.runKeyword(WebUIKeywordMain.groovy:20)
	at com.kms.katalon.core.webui.keyword.builtin.ClickKeyword.click(ClickKeyword.groovy:74)
	at com.kms.katalon.core.webui.keyword.builtin.ClickKeyword.execute(ClickKeyword.groovy:40)
	at com.kms.katalon.core.keyword.internal.KeywordExecutor.executeKeywordForPlatform(KeywordExecutor.groovy:74)
	at com.kms.katalon.core.webui.keyword.WebUiBuiltInKeywords.click(WebUiBuiltInKeywords.groovy:659)
	at Script1679562813597.run(Script1679562813597.groovy:56)
	... 15 more
)
[[ATTACHMENT|C:\\Users\\LIAZGINA-DI\\git\\SPORU\\Reports\\20250115_091948\\\u041F\u043D-\u0421\u0440-\u041F\u0442\\\u0421\u0432\u0435\u0440\u043A\u0430 \u0434\u0430\u0448\u0431\u043E\u0440\u0434\u043E\u0432 \u0438\u0437 \u0440\u0430\u0437\u043D\u044B\u0445 \u0431\u043B\u043E\u043A\u043E\u0432\\20250115_091948\\1736923163009.png]]

15-01-2025T09:39:23 - [TEST_STEP][FAILED] - scrollToElement(findTestObject("Выручка по ДЗО/1 квартал 2024 выбрать"), 30): Unable to scroll to object 'Object Repository/Выручка по ДЗО/1 квартал 2024 выбрать' (Root cause: com.kms.katalon.core.exception.StepFailedException: Unable to scroll to object 'Object Repository/Выручка по ДЗО/1 квартал 2024 выбрать'
	at com.kms.katalon.core.webui.keyword.internal.WebUIKeywordMain.stepFailed(WebUIKeywordMain.groovy:64)
	at com.kms.katalon.core.webui.keyword.internal.WebUIKeywordMain.runKeyword(WebUIKeywordMain.groovy:26)
	at com.kms.katalon.core.webui.keyword.builtin.ScrollToElementKeyword.scrollToElement(ScrollToElementKeyword.groovy:88)
	at com.kms.katalon.core.webui.keyword.builtin.ScrollToElementKeyword.execute(ScrollToElementKeyword.groovy:68)
	at com.kms.katalon.core.keyword.internal.KeywordExecutor.executeKeywordForPlatform(KeywordExecutor.groovy:74)
	at com.kms.katalon.core.webui.keyword.WebUiBuiltInKeywords.scrollToElement(WebUiBuiltInKeywords.groovy:4147)
	at Выручка по ДЗО сверка дашбордов.run(Выручка по ДЗО сверка дашбордов:58)
	at com.kms.katalon.core.main.ScriptEngine.run(ScriptEngine.java:194)
	at com.kms.katalon.core.main.ScriptEngine.runScriptAsRawText(ScriptEngine.java:119)
	at com.kms.katalon.core.main.TestCaseExecutor.runScript(TestCaseExecutor.java:448)
	at com.kms.katalon.core.main.TestCaseExecutor.doExecute(TestCaseExecutor.java:439)
	at com.kms.katalon.core.main.TestCaseExecutor.processExecutionPhase(TestCaseExecutor.java:418)
	at com.kms.katalon.core.main.TestCaseExecutor.accessMainPhase(TestCaseExecutor.java:410)
	at com.kms.katalon.core.main.TestCaseExecutor.execute(TestCaseExecutor.java:285)
	at com.kms.katalon.core.common.CommonExecutor.accessTestCaseMainPhase(CommonExecutor.java:65)
	at com.kms.katalon.core.main.TestSuiteExecutor.accessTestSuiteMainPhase(TestSuiteExecutor.java:150)
	at com.kms.katalon.core.main.TestSuiteExecutor.execute(TestSuiteExecutor.java:106)
	at com.kms.katalon.core.main.TestCaseMain.startTestSuite(TestCaseMain.java:180)
	at TempTestSuite1736921988279.run(TempTestSuite1736921988279.groovy:35)
	at java.base/jdk.internal.reflect.NativeMethodAccessorImpl.invoke0(Native Method)
	at java.base/jdk.internal.reflect.NativeMethodAccessorImpl.invoke(NativeMethodAccessorImpl.java:77)
	at java.base/jdk.internal.reflect.DelegatingMethodAccessorImpl.invoke(DelegatingMethodAccessorImpl.java:43)
Caused by: com.kms.katalon.core.webui.exception.WebElementNotFoundException: Web element with id: 'Object Repository/Выручка по ДЗО/1 квартал 2024 выбрать' located by '//li[10]/ul/li/div/i' not found
	at com.kms.katalon.core.webui.common.WebUiCommonHelper.findWebElement(WebUiCommonHelper.java:1426)
	at com.kms.katalon.core.webui.keyword.internal.WebUIAbstractKeyword.findWebElement(WebUIAbstractKeyword.groovy:27)
	at com.kms.katalon.core.webui.keyword.internal.WebUIAbstractKeyword.findWebElement(WebUIAbstractKeyword.groovy:26)
	at com.kms.katalon.core.webui.keyword.builtin.ScrollToElementKeyword$_scrollToElement_closure1.doCall(ScrollToElementKeyword.groovy:79)
	at com.kms.katalon.core.webui.keyword.builtin.ScrollToElementKeyword$_scrollToElement_closure1.call(ScrollToElementKeyword.groovy)
	at com.kms.katalon.core.webui.keyword.internal.WebUIKeywordMain.runKeyword(WebUIKeywordMain.groovy:20)
	at com.kms.katalon.core.webui.keyword.builtin.ScrollToElementKeyword.scrollToElement(ScrollToElementKeyword.groovy:88)
	at com.kms.katalon.core.webui.keyword.builtin.ScrollToElementKeyword.execute(ScrollToElementKeyword.groovy:68)
	at com.kms.katalon.core.keyword.internal.KeywordExecutor.executeKeywordForPlatform(KeywordExecutor.groovy:74)
	at com.kms.katalon.core.webui.keyword.WebUiBuiltInKeywords.scrollToElement(WebUiBuiltInKeywords.groovy:4147)
	at Script1679562813597.run(Script1679562813597.groovy:58)
	... 15 more
)

15-01-2025T09:39:54 - [MESSAGE][INFO] - Unable to find the element located by 'By.xpath: //li[10]/ul/li/div/i'. Please recheck the objects properties to make sure the desired element is located. 

15-01-2025T09:39:54 - [MESSAGE][FAILED] - Unable to scroll to object 'Object Repository/Выручка по ДЗО/1 квартал 2024 выбрать' (Root cause: com.kms.katalon.core.exception.StepFailedException: Unable to scroll to object 'Object Repository/Выручка по ДЗО/1 квартал 2024 выбрать'
	at com.kms.katalon.core.webui.keyword.internal.WebUIKeywordMain.stepFailed(WebUIKeywordMain.groovy:64)
	at com.kms.katalon.core.webui.keyword.internal.WebUIKeywordMain.runKeyword(WebUIKeywordMain.groovy:26)
	at com.kms.katalon.core.webui.keyword.builtin.ScrollToElementKeyword.scrollToElement(ScrollToElementKeyword.groovy:88)
	at com.kms.katalon.core.webui.keyword.builtin.ScrollToElementKeyword.execute(ScrollToElementKeyword.groovy:68)
	at com.kms.katalon.core.keyword.internal.KeywordExecutor.executeKeywordForPlatform(KeywordExecutor.groovy:74)
	at com.kms.katalon.core.webui.keyword.WebUiBuiltInKeywords.scrollToElement(WebUiBuiltInKeywords.groovy:4147)
	at Выручка по ДЗО сверка дашбордов.run(Выручка по ДЗО сверка дашбордов:58)
	at com.kms.katalon.core.main.ScriptEngine.run(ScriptEngine.java:194)
	at com.kms.katalon.core.main.ScriptEngine.runScriptAsRawText(ScriptEngine.java:119)
	at com.kms.katalon.core.main.TestCaseExecutor.runScript(TestCaseExecutor.java:448)
	at com.kms.katalon.core.main.TestCaseExecutor.doExecute(TestCaseExecutor.java:439)
	at com.kms.katalon.core.main.TestCaseExecutor.processExecutionPhase(TestCaseExecutor.java:418)
	at com.kms.katalon.core.main.TestCaseExecutor.accessMainPhase(TestCaseExecutor.java:410)
	at com.kms.katalon.core.main.TestCaseExecutor.execute(TestCaseExecutor.java:285)
	at com.kms.katalon.core.common.CommonExecutor.accessTestCaseMainPhase(CommonExecutor.java:65)
	at com.kms.katalon.core.main.TestSuiteExecutor.accessTestSuiteMainPhase(TestSuiteExecutor.java:150)
	at com.kms.katalon.core.main.TestSuiteExecutor.execute(TestSuiteExecutor.java:106)
	at com.kms.katalon.core.main.TestCaseMain.startTestSuite(TestCaseMain.java:180)
	at TempTestSuite1736921988279.run(TempTestSuite1736921988279.groovy:35)
	at java.base/jdk.internal.reflect.NativeMethodAccessorImpl.invoke0(Native Method)
	at java.base/jdk.internal.reflect.NativeMethodAccessorImpl.invoke(NativeMethodAccessorImpl.java:77)
	at java.base/jdk.internal.reflect.DelegatingMethodAccessorImpl.invoke(DelegatingMethodAccessorImpl.java:43)
Caused by: com.kms.katalon.core.webui.exception.WebElementNotFoundException: Web element with id: 'Object Repository/Выручка по ДЗО/1 квартал 2024 выбрать' located by '//li[10]/ul/li/div/i' not found
	at com.kms.katalon.core.webui.common.WebUiCommonHelper.findWebElement(WebUiCommonHelper.java:1426)
	at com.kms.katalon.core.webui.keyword.internal.WebUIAbstractKeyword.findWebElement(WebUIAbstractKeyword.groovy:27)
	at com.kms.katalon.core.webui.keyword.internal.WebUIAbstractKeyword.findWebElement(WebUIAbstractKeyword.groovy:26)
	at com.kms.katalon.core.webui.keyword.builtin.ScrollToElementKeyword$_scrollToElement_closure1.doCall(ScrollToElementKeyword.groovy:79)
	at com.kms.katalon.core.webui.keyword.builtin.ScrollToElementKeyword$_scrollToElement_closure1.call(ScrollToElementKeyword.groovy)
	at com.kms.katalon.core.webui.keyword.internal.WebUIKeywordMain.runKeyword(WebUIKeywordMain.groovy:20)
	at com.kms.katalon.core.webui.keyword.builtin.ScrollToElementKeyword.scrollToElement(ScrollToElementKeyword.groovy:88)
	at com.kms.katalon.core.webui.keyword.builtin.ScrollToElementKeyword.execute(ScrollToElementKeyword.groovy:68)
	at com.kms.katalon.core.keyword.internal.KeywordExecutor.executeKeywordForPlatform(KeywordExecutor.groovy:74)
	at com.kms.katalon.core.webui.keyword.WebUiBuiltInKeywords.scrollToElement(WebUiBuiltInKeywords.groovy:4147)
	at Script1679562813597.run(Script1679562813597.groovy:58)
	... 15 more
)
[[ATTACHMENT|C:\\Users\\LIAZGINA-DI\\git\\SPORU\\Reports\\20250115_091948\\\u041F\u043D-\u0421\u0440-\u041F\u0442\\\u0421\u0432\u0435\u0440\u043A\u0430 \u0434\u0430\u0448\u0431\u043E\u0440\u0434\u043E\u0432 \u0438\u0437 \u0440\u0430\u0437\u043D\u044B\u0445 \u0431\u043B\u043E\u043A\u043E\u0432\\20250115_091948\\1736923194203.png]]

15-01-2025T09:39:54 - [TEST_STEP][FAILED] - click(findTestObject("Выручка по ДЗО/1 квартал 2024 выбрать")): Unable to click on object 'Object Repository/Выручка по ДЗО/1 квартал 2024 выбрать' (Root cause: com.kms.katalon.core.exception.StepFailedException: Unable to click on object 'Object Repository/Выручка по ДЗО/1 квартал 2024 выбрать'
	at com.kms.katalon.core.webui.keyword.internal.WebUIKeywordMain.stepFailed(WebUIKeywordMain.groovy:64)
	at com.kms.katalon.core.webui.keyword.internal.WebUIKeywordMain.runKeyword(WebUIKeywordMain.groovy:26)
	at com.kms.katalon.core.webui.keyword.builtin.ClickKeyword.click(ClickKeyword.groovy:74)
	at com.kms.katalon.core.webui.keyword.builtin.ClickKeyword.execute(ClickKeyword.groovy:40)
	at com.kms.katalon.core.keyword.internal.KeywordExecutor.executeKeywordForPlatform(KeywordExecutor.groovy:74)
	at com.kms.katalon.core.webui.keyword.WebUiBuiltInKeywords.click(WebUiBuiltInKeywords.groovy:659)
	at Выручка по ДЗО сверка дашбордов.run(Выручка по ДЗО сверка дашбордов:60)
	at com.kms.katalon.core.main.ScriptEngine.run(ScriptEngine.java:194)
	at com.kms.katalon.core.main.ScriptEngine.runScriptAsRawText(ScriptEngine.java:119)
	at com.kms.katalon.core.main.TestCaseExecutor.runScript(TestCaseExecutor.java:448)
	at com.kms.katalon.core.main.TestCaseExecutor.doExecute(TestCaseExecutor.java:439)
	at com.kms.katalon.core.main.TestCaseExecutor.processExecutionPhase(TestCaseExecutor.java:418)
	at com.kms.katalon.core.main.TestCaseExecutor.accessMainPhase(TestCaseExecutor.java:410)
	at com.kms.katalon.core.main.TestCaseExecutor.execute(TestCaseExecutor.java:285)
	at com.kms.katalon.core.common.CommonExecutor.accessTestCaseMainPhase(CommonExecutor.java:65)
	at com.kms.katalon.core.main.TestSuiteExecutor.accessTestSuiteMainPhase(TestSuiteExecutor.java:150)
	at com.kms.katalon.core.main.TestSuiteExecutor.execute(TestSuiteExecutor.java:106)
	at com.kms.katalon.core.main.TestCaseMain.startTestSuite(TestCaseMain.java:180)
	at TempTestSuite1736921988279.run(TempTestSuite1736921988279.groovy:35)
	at java.base/jdk.internal.reflect.NativeMethodAccessorImpl.invoke0(Native Method)
	at java.base/jdk.internal.reflect.NativeMethodAccessorImpl.invoke(NativeMethodAccessorImpl.java:77)
	at java.base/jdk.internal.reflect.DelegatingMethodAccessorImpl.invoke(DelegatingMethodAccessorImpl.java:43)
Caused by: com.kms.katalon.core.webui.exception.WebElementNotFoundException: Web element with id: 'Object Repository/Выручка по ДЗО/1 квартал 2024 выбрать' located by '//li[10]/ul/li/div/i' not found
	at com.kms.katalon.core.webui.common.WebUiCommonHelper.findWebElement(WebUiCommonHelper.java:1426)
	at com.kms.katalon.core.webui.keyword.internal.WebUIAbstractKeyword.findWebElement(WebUIAbstractKeyword.groovy:27)
	at com.kms.katalon.core.webui.keyword.builtin.ClickKeyword$_click_closure1.doCall(ClickKeyword.groovy:65)
	at com.kms.katalon.core.webui.keyword.builtin.ClickKeyword$_click_closure1.call(ClickKeyword.groovy)
	at com.kms.katalon.core.webui.keyword.internal.WebUIKeywordMain.runKeyword(WebUIKeywordMain.groovy:20)
	at com.kms.katalon.core.webui.keyword.builtin.ClickKeyword.click(ClickKeyword.groovy:74)
	at com.kms.katalon.core.webui.keyword.builtin.ClickKeyword.execute(ClickKeyword.groovy:40)
	at com.kms.katalon.core.keyword.internal.KeywordExecutor.executeKeywordForPlatform(KeywordExecutor.groovy:74)
	at com.kms.katalon.core.webui.keyword.WebUiBuiltInKeywords.click(WebUiBuiltInKeywords.groovy:659)
	at Script1679562813597.run(Script1679562813597.groovy:60)
	... 15 more
)

15-01-2025T09:40:25 - [MESSAGE][INFO] - Unable to find the element located by 'By.xpath: //li[10]/ul/li/div/i'. Please recheck the objects properties to make sure the desired element is located. 

15-01-2025T09:40:25 - [MESSAGE][FAILED] - Unable to click on object 'Object Repository/Выручка по ДЗО/1 квартал 2024 выбрать' (Root cause: com.kms.katalon.core.exception.StepFailedException: Unable to click on object 'Object Repository/Выручка по ДЗО/1 квартал 2024 выбрать'
	at com.kms.katalon.core.webui.keyword.internal.WebUIKeywordMain.stepFailed(WebUIKeywordMain.groovy:64)
	at com.kms.katalon.core.webui.keyword.internal.WebUIKeywordMain.runKeyword(WebUIKeywordMain.groovy:26)
	at com.kms.katalon.core.webui.keyword.builtin.ClickKeyword.click(ClickKeyword.groovy:74)
	at com.kms.katalon.core.webui.keyword.builtin.ClickKeyword.execute(ClickKeyword.groovy:40)
	at com.kms.katalon.core.keyword.internal.KeywordExecutor.executeKeywordForPlatform(KeywordExecutor.groovy:74)
	at com.kms.katalon.core.webui.keyword.WebUiBuiltInKeywords.click(WebUiBuiltInKeywords.groovy:659)
	at Выручка по ДЗО сверка дашбордов.run(Выручка по ДЗО сверка дашбордов:60)
	at com.kms.katalon.core.main.ScriptEngine.run(ScriptEngine.java:194)
	at com.kms.katalon.core.main.ScriptEngine.runScriptAsRawText(ScriptEngine.java:119)
	at com.kms.katalon.core.main.TestCaseExecutor.runScript(TestCaseExecutor.java:448)
	at com.kms.katalon.core.main.TestCaseExecutor.doExecute(TestCaseExecutor.java:439)
	at com.kms.katalon.core.main.TestCaseExecutor.processExecutionPhase(TestCaseExecutor.java:418)
	at com.kms.katalon.core.main.TestCaseExecutor.accessMainPhase(TestCaseExecutor.java:410)
	at com.kms.katalon.core.main.TestCaseExecutor.execute(TestCaseExecutor.java:285)
	at com.kms.katalon.core.common.CommonExecutor.accessTestCaseMainPhase(CommonExecutor.java:65)
	at com.kms.katalon.core.main.TestSuiteExecutor.accessTestSuiteMainPhase(TestSuiteExecutor.java:150)
	at com.kms.katalon.core.main.TestSuiteExecutor.execute(TestSuiteExecutor.java:106)
	at com.kms.katalon.core.main.TestCaseMain.startTestSuite(TestCaseMain.java:180)
	at TempTestSuite1736921988279.run(TempTestSuite1736921988279.groovy:35)
	at java.base/jdk.internal.reflect.NativeMethodAccessorImpl.invoke0(Native Method)
	at java.base/jdk.internal.reflect.NativeMethodAccessorImpl.invoke(NativeMethodAccessorImpl.java:77)
	at java.base/jdk.internal.reflect.DelegatingMethodAccessorImpl.invoke(DelegatingMethodAccessorImpl.java:43)
Caused by: com.kms.katalon.core.webui.exception.WebElementNotFoundException: Web element with id: 'Object Repository/Выручка по ДЗО/1 квартал 2024 выбрать' located by '//li[10]/ul/li/div/i' not found
	at com.kms.katalon.core.webui.common.WebUiCommonHelper.findWebElement(WebUiCommonHelper.java:1426)
	at com.kms.katalon.core.webui.keyword.internal.WebUIAbstractKeyword.findWebElement(WebUIAbstractKeyword.groovy:27)
	at com.kms.katalon.core.webui.keyword.builtin.ClickKeyword$_click_closure1.doCall(ClickKeyword.groovy:65)
	at com.kms.katalon.core.webui.keyword.builtin.ClickKeyword$_click_closure1.call(ClickKeyword.groovy)
	at com.kms.katalon.core.webui.keyword.internal.WebUIKeywordMain.runKeyword(WebUIKeywordMain.groovy:20)
	at com.kms.katalon.core.webui.keyword.builtin.ClickKeyword.click(ClickKeyword.groovy:74)
	at com.kms.katalon.core.webui.keyword.builtin.ClickKeyword.execute(ClickKeyword.groovy:40)
	at com.kms.katalon.core.keyword.internal.KeywordExecutor.executeKeywordForPlatform(KeywordExecutor.groovy:74)
	at com.kms.katalon.core.webui.keyword.WebUiBuiltInKeywords.click(WebUiBuiltInKeywords.groovy:659)
	at Script1679562813597.run(Script1679562813597.groovy:60)
	... 15 more
)
[[ATTACHMENT|C:\\Users\\LIAZGINA-DI\\git\\SPORU\\Reports\\20250115_091948\\\u041F\u043D-\u0421\u0440-\u041F\u0442\\\u0421\u0432\u0435\u0440\u043A\u0430 \u0434\u0430\u0448\u0431\u043E\u0440\u0434\u043E\u0432 \u0438\u0437 \u0440\u0430\u0437\u043D\u044B\u0445 \u0431\u043B\u043E\u043A\u043E\u0432\\20250115_091948\\1736923225533.png]]

15-01-2025T09:40:25 - [TEST_STEP][FAILED] - scrollToElement(findTestObject("Выручка по ДЗО/2 квартал 2024 выбрать"), 30): Unable to scroll to object 'Object Repository/Выручка по ДЗО/2 квартал 2024 выбрать' (Root cause: com.kms.katalon.core.exception.StepFailedException: Unable to scroll to object 'Object Repository/Выручка по ДЗО/2 квартал 2024 выбрать'
	at com.kms.katalon.core.webui.keyword.internal.WebUIKeywordMain.stepFailed(WebUIKeywordMain.groovy:64)
	at com.kms.katalon.core.webui.keyword.internal.WebUIKeywordMain.runKeyword(WebUIKeywordMain.groovy:26)
	at com.kms.katalon.core.webui.keyword.builtin.ScrollToElementKeyword.scrollToElement(ScrollToElementKeyword.groovy:88)
	at com.kms.katalon.core.webui.keyword.builtin.ScrollToElementKeyword.execute(ScrollToElementKeyword.groovy:68)
	at com.kms.katalon.core.keyword.internal.KeywordExecutor.executeKeywordForPlatform(KeywordExecutor.groovy:74)
	at com.kms.katalon.core.webui.keyword.WebUiBuiltInKeywords.scrollToElement(WebUiBuiltInKeywords.groovy:4147)
	at Выручка по ДЗО сверка дашбордов.run(Выручка по ДЗО сверка дашбордов:62)
	at com.kms.katalon.core.main.ScriptEngine.run(ScriptEngine.java:194)
	at com.kms.katalon.core.main.ScriptEngine.runScriptAsRawText(ScriptEngine.java:119)
	at com.kms.katalon.core.main.TestCaseExecutor.runScript(TestCaseExecutor.java:448)
	at com.kms.katalon.core.main.TestCaseExecutor.doExecute(TestCaseExecutor.java:439)
	at com.kms.katalon.core.main.TestCaseExecutor.processExecutionPhase(TestCaseExecutor.java:418)
	at com.kms.katalon.core.main.TestCaseExecutor.accessMainPhase(TestCaseExecutor.java:410)
	at com.kms.katalon.core.main.TestCaseExecutor.execute(TestCaseExecutor.java:285)
	at com.kms.katalon.core.common.CommonExecutor.accessTestCaseMainPhase(CommonExecutor.java:65)
	at com.kms.katalon.core.main.TestSuiteExecutor.accessTestSuiteMainPhase(TestSuiteExecutor.java:150)
	at com.kms.katalon.core.main.TestSuiteExecutor.execute(TestSuiteExecutor.java:106)
	at com.kms.katalon.core.main.TestCaseMain.startTestSuite(TestCaseMain.java:180)
	at TempTestSuite1736921988279.run(TempTestSuite1736921988279.groovy:35)
	at java.base/jdk.internal.reflect.NativeMethodAccessorImpl.invoke0(Native Method)
	at java.base/jdk.internal.reflect.NativeMethodAccessorImpl.invoke(NativeMethodAccessorImpl.java:77)
	at java.base/jdk.internal.reflect.DelegatingMethodAccessorImpl.invoke(DelegatingMethodAccessorImpl.java:43)
Caused by: com.kms.katalon.core.webui.exception.WebElementNotFoundException: Web element with id: 'Object Repository/Выручка по ДЗО/2 квартал 2024 выбрать' located by '//li[10]/ul/li[2]/div/i' not found
	at com.kms.katalon.core.webui.common.WebUiCommonHelper.findWebElement(WebUiCommonHelper.java:1426)
	at com.kms.katalon.core.webui.keyword.internal.WebUIAbstractKeyword.findWebElement(WebUIAbstractKeyword.groovy:27)
	at com.kms.katalon.core.webui.keyword.internal.WebUIAbstractKeyword.findWebElement(WebUIAbstractKeyword.groovy:26)
	at com.kms.katalon.core.webui.keyword.builtin.ScrollToElementKeyword$_scrollToElement_closure1.doCall(ScrollToElementKeyword.groovy:79)
	at com.kms.katalon.core.webui.keyword.builtin.ScrollToElementKeyword$_scrollToElement_closure1.call(ScrollToElementKeyword.groovy)
	at com.kms.katalon.core.webui.keyword.internal.WebUIKeywordMain.runKeyword(WebUIKeywordMain.groovy:20)
	at com.kms.katalon.core.webui.keyword.builtin.ScrollToElementKeyword.scrollToElement(ScrollToElementKeyword.groovy:88)
	at com.kms.katalon.core.webui.keyword.builtin.ScrollToElementKeyword.execute(ScrollToElementKeyword.groovy:68)
	at com.kms.katalon.core.keyword.internal.KeywordExecutor.executeKeywordForPlatform(KeywordExecutor.groovy:74)
	at com.kms.katalon.core.webui.keyword.WebUiBuiltInKeywords.scrollToElement(WebUiBuiltInKeywords.groovy:4147)
	at Script1679562813597.run(Script1679562813597.groovy:62)
	... 15 more
)

15-01-2025T09:40:56 - [MESSAGE][INFO] - Unable to find the element located by 'By.xpath: //li[10]/ul/li[2]/div/i'. Please recheck the objects properties to make sure the desired element is located. 

15-01-2025T09:40:56 - [MESSAGE][FAILED] - Unable to scroll to object 'Object Repository/Выручка по ДЗО/2 квартал 2024 выбрать' (Root cause: com.kms.katalon.core.exception.StepFailedException: Unable to scroll to object 'Object Repository/Выручка по ДЗО/2 квартал 2024 выбрать'
	at com.kms.katalon.core.webui.keyword.internal.WebUIKeywordMain.stepFailed(WebUIKeywordMain.groovy:64)
	at com.kms.katalon.core.webui.keyword.internal.WebUIKeywordMain.runKeyword(WebUIKeywordMain.groovy:26)
	at com.kms.katalon.core.webui.keyword.builtin.ScrollToElementKeyword.scrollToElement(ScrollToElementKeyword.groovy:88)
	at com.kms.katalon.core.webui.keyword.builtin.ScrollToElementKeyword.execute(ScrollToElementKeyword.groovy:68)
	at com.kms.katalon.core.keyword.internal.KeywordExecutor.executeKeywordForPlatform(KeywordExecutor.groovy:74)
	at com.kms.katalon.core.webui.keyword.WebUiBuiltInKeywords.scrollToElement(WebUiBuiltInKeywords.groovy:4147)
	at Выручка по ДЗО сверка дашбордов.run(Выручка по ДЗО сверка дашбордов:62)
	at com.kms.katalon.core.main.ScriptEngine.run(ScriptEngine.java:194)
	at com.kms.katalon.core.main.ScriptEngine.runScriptAsRawText(ScriptEngine.java:119)
	at com.kms.katalon.core.main.TestCaseExecutor.runScript(TestCaseExecutor.java:448)
	at com.kms.katalon.core.main.TestCaseExecutor.doExecute(TestCaseExecutor.java:439)
	at com.kms.katalon.core.main.TestCaseExecutor.processExecutionPhase(TestCaseExecutor.java:418)
	at com.kms.katalon.core.main.TestCaseExecutor.accessMainPhase(TestCaseExecutor.java:410)
	at com.kms.katalon.core.main.TestCaseExecutor.execute(TestCaseExecutor.java:285)
	at com.kms.katalon.core.common.CommonExecutor.accessTestCaseMainPhase(CommonExecutor.java:65)
	at com.kms.katalon.core.main.TestSuiteExecutor.accessTestSuiteMainPhase(TestSuiteExecutor.java:150)
	at com.kms.katalon.core.main.TestSuiteExecutor.execute(TestSuiteExecutor.java:106)
	at com.kms.katalon.core.main.TestCaseMain.startTestSuite(TestCaseMain.java:180)
	at TempTestSuite1736921988279.run(TempTestSuite1736921988279.groovy:35)
	at java.base/jdk.internal.reflect.NativeMethodAccessorImpl.invoke0(Native Method)
	at java.base/jdk.internal.reflect.NativeMethodAccessorImpl.invoke(NativeMethodAccessorImpl.java:77)
	at java.base/jdk.internal.reflect.DelegatingMethodAccessorImpl.invoke(DelegatingMethodAccessorImpl.java:43)
Caused by: com.kms.katalon.core.webui.exception.WebElementNotFoundException: Web element with id: 'Object Repository/Выручка по ДЗО/2 квартал 2024 выбрать' located by '//li[10]/ul/li[2]/div/i' not found
	at com.kms.katalon.core.webui.common.WebUiCommonHelper.findWebElement(WebUiCommonHelper.java:1426)
	at com.kms.katalon.core.webui.keyword.internal.WebUIAbstractKeyword.findWebElement(WebUIAbstractKeyword.groovy:27)
	at com.kms.katalon.core.webui.keyword.internal.WebUIAbstractKeyword.findWebElement(WebUIAbstractKeyword.groovy:26)
	at com.kms.katalon.core.webui.keyword.builtin.ScrollToElementKeyword$_scrollToElement_closure1.doCall(ScrollToElementKeyword.groovy:79)
	at com.kms.katalon.core.webui.keyword.builtin.ScrollToElementKeyword$_scrollToElement_closure1.call(ScrollToElementKeyword.groovy)
	at com.kms.katalon.core.webui.keyword.internal.WebUIKeywordMain.runKeyword(WebUIKeywordMain.groovy:20)
	at com.kms.katalon.core.webui.keyword.builtin.ScrollToElementKeyword.scrollToElement(ScrollToElementKeyword.groovy:88)
	at com.kms.katalon.core.webui.keyword.builtin.ScrollToElementKeyword.execute(ScrollToElementKeyword.groovy:68)
	at com.kms.katalon.core.keyword.internal.KeywordExecutor.executeKeywordForPlatform(KeywordExecutor.groovy:74)
	at com.kms.katalon.core.webui.keyword.WebUiBuiltInKeywords.scrollToElement(WebUiBuiltInKeywords.groovy:4147)
	at Script1679562813597.run(Script1679562813597.groovy:62)
	... 15 more
)
[[ATTACHMENT|C:\\Users\\LIAZGINA-DI\\git\\SPORU\\Reports\\20250115_091948\\\u041F\u043D-\u0421\u0440-\u041F\u0442\\\u0421\u0432\u0435\u0440\u043A\u0430 \u0434\u0430\u0448\u0431\u043E\u0440\u0434\u043E\u0432 \u0438\u0437 \u0440\u0430\u0437\u043D\u044B\u0445 \u0431\u043B\u043E\u043A\u043E\u0432\\20250115_091948\\1736923256670.png]]

15-01-2025T09:40:56 - [TEST_STEP][FAILED] - click(findTestObject("Выручка по ДЗО/2 квартал 2024 выбрать"), CONTINUE_ON_FAILURE): Unable to click on object 'Object Repository/Выручка по ДЗО/2 квартал 2024 выбрать' (Root cause: com.kms.katalon.core.exception.StepFailedException: Unable to click on object 'Object Repository/Выручка по ДЗО/2 квартал 2024 выбрать'
	at com.kms.katalon.core.webui.keyword.internal.WebUIKeywordMain.stepFailed(WebUIKeywordMain.groovy:64)
	at com.kms.katalon.core.webui.keyword.internal.WebUIKeywordMain.runKeyword(WebUIKeywordMain.groovy:26)
	at com.kms.katalon.core.webui.keyword.builtin.ClickKeyword.click(ClickKeyword.groovy:74)
	at com.kms.katalon.core.webui.keyword.builtin.ClickKeyword.execute(ClickKeyword.groovy:40)
	at com.kms.katalon.core.keyword.internal.KeywordExecutor.executeKeywordForPlatform(KeywordExecutor.groovy:74)
	at com.kms.katalon.core.webui.keyword.WebUiBuiltInKeywords.click(WebUiBuiltInKeywords.groovy:647)
	at Выручка по ДЗО сверка дашбордов.run(Выручка по ДЗО сверка дашбордов:64)
	at com.kms.katalon.core.main.ScriptEngine.run(ScriptEngine.java:194)
	at com.kms.katalon.core.main.ScriptEngine.runScriptAsRawText(ScriptEngine.java:119)
	at com.kms.katalon.core.main.TestCaseExecutor.runScript(TestCaseExecutor.java:448)
	at com.kms.katalon.core.main.TestCaseExecutor.doExecute(TestCaseExecutor.java:439)
	at com.kms.katalon.core.main.TestCaseExecutor.processExecutionPhase(TestCaseExecutor.java:418)
	at com.kms.katalon.core.main.TestCaseExecutor.accessMainPhase(TestCaseExecutor.java:410)
	at com.kms.katalon.core.main.TestCaseExecutor.execute(TestCaseExecutor.java:285)
	at com.kms.katalon.core.common.CommonExecutor.accessTestCaseMainPhase(CommonExecutor.java:65)
	at com.kms.katalon.core.main.TestSuiteExecutor.accessTestSuiteMainPhase(TestSuiteExecutor.java:150)
	at com.kms.katalon.core.main.TestSuiteExecutor.execute(TestSuiteExecutor.java:106)
	at com.kms.katalon.core.main.TestCaseMain.startTestSuite(TestCaseMain.java:180)
	at TempTestSuite1736921988279.run(TempTestSuite1736921988279.groovy:35)
	at java.base/jdk.internal.reflect.NativeMethodAccessorImpl.invoke0(Native Method)
	at java.base/jdk.internal.reflect.NativeMethodAccessorImpl.invoke(NativeMethodAccessorImpl.java:77)
	at java.base/jdk.internal.reflect.DelegatingMethodAccessorImpl.invoke(DelegatingMethodAccessorImpl.java:43)
Caused by: com.kms.katalon.core.webui.exception.WebElementNotFoundException: Web element with id: 'Object Repository/Выручка по ДЗО/2 квартал 2024 выбрать' located by '//li[10]/ul/li[2]/div/i' not found
	at com.kms.katalon.core.webui.common.WebUiCommonHelper.findWebElement(WebUiCommonHelper.java:1426)
	at com.kms.katalon.core.webui.keyword.internal.WebUIAbstractKeyword.findWebElement(WebUIAbstractKeyword.groovy:27)
	at com.kms.katalon.core.webui.keyword.builtin.ClickKeyword$_click_closure1.doCall(ClickKeyword.groovy:65)
	at com.kms.katalon.core.webui.keyword.builtin.ClickKeyword$_click_closure1.call(ClickKeyword.groovy)
	at com.kms.katalon.core.webui.keyword.internal.WebUIKeywordMain.runKeyword(WebUIKeywordMain.groovy:20)
	at com.kms.katalon.core.webui.keyword.builtin.ClickKeyword.click(ClickKeyword.groovy:74)
	at com.kms.katalon.core.webui.keyword.builtin.ClickKeyword.execute(ClickKeyword.groovy:40)
	at com.kms.katalon.core.keyword.internal.KeywordExecutor.executeKeywordForPlatform(KeywordExecutor.groovy:74)
	at com.kms.katalon.core.webui.keyword.WebUiBuiltInKeywords.click(WebUiBuiltInKeywords.groovy:647)
	at Script1679562813597.run(Script1679562813597.groovy:64)
	... 15 more
)

15-01-2025T09:41:27 - [MESSAGE][INFO] - Unable to find the element located by 'By.xpath: //li[10]/ul/li[2]/div/i'. Please recheck the objects properties to make sure the desired element is located. 

15-01-2025T09:41:28 - [MESSAGE][FAILED] - Unable to click on object 'Object Repository/Выручка по ДЗО/2 квартал 2024 выбрать' (Root cause: com.kms.katalon.core.exception.StepFailedException: Unable to click on object 'Object Repository/Выручка по ДЗО/2 квартал 2024 выбрать'
	at com.kms.katalon.core.webui.keyword.internal.WebUIKeywordMain.stepFailed(WebUIKeywordMain.groovy:64)
	at com.kms.katalon.core.webui.keyword.internal.WebUIKeywordMain.runKeyword(WebUIKeywordMain.groovy:26)
	at com.kms.katalon.core.webui.keyword.builtin.ClickKeyword.click(ClickKeyword.groovy:74)
	at com.kms.katalon.core.webui.keyword.builtin.ClickKeyword.execute(ClickKeyword.groovy:40)
	at com.kms.katalon.core.keyword.internal.KeywordExecutor.executeKeywordForPlatform(KeywordExecutor.groovy:74)
	at com.kms.katalon.core.webui.keyword.WebUiBuiltInKeywords.click(WebUiBuiltInKeywords.groovy:647)
	at Выручка по ДЗО сверка дашбордов.run(Выручка по ДЗО сверка дашбордов:64)
	at com.kms.katalon.core.main.ScriptEngine.run(ScriptEngine.java:194)
	at com.kms.katalon.core.main.ScriptEngine.runScriptAsRawText(ScriptEngine.java:119)
	at com.kms.katalon.core.main.TestCaseExecutor.runScript(TestCaseExecutor.java:448)
	at com.kms.katalon.core.main.TestCaseExecutor.doExecute(TestCaseExecutor.java:439)
	at com.kms.katalon.core.main.TestCaseExecutor.processExecutionPhase(TestCaseExecutor.java:418)
	at com.kms.katalon.core.main.TestCaseExecutor.accessMainPhase(TestCaseExecutor.java:410)
	at com.kms.katalon.core.main.TestCaseExecutor.execute(TestCaseExecutor.java:285)
	at com.kms.katalon.core.common.CommonExecutor.accessTestCaseMainPhase(CommonExecutor.java:65)
	at com.kms.katalon.core.main.TestSuiteExecutor.accessTestSuiteMainPhase(TestSuiteExecutor.java:150)
	at com.kms.katalon.core.main.TestSuiteExecutor.execute(TestSuiteExecutor.java:106)
	at com.kms.katalon.core.main.TestCaseMain.startTestSuite(TestCaseMain.java:180)
	at TempTestSuite1736921988279.run(TempTestSuite1736921988279.groovy:35)
	at java.base/jdk.internal.reflect.NativeMethodAccessorImpl.invoke0(Native Method)
	at java.base/jdk.internal.reflect.NativeMethodAccessorImpl.invoke(NativeMethodAccessorImpl.java:77)
	at java.base/jdk.internal.reflect.DelegatingMethodAccessorImpl.invoke(DelegatingMethodAccessorImpl.java:43)
Caused by: com.kms.katalon.core.webui.exception.WebElementNotFoundException: Web element with id: 'Object Repository/Выручка по ДЗО/2 квартал 2024 выбрать' located by '//li[10]/ul/li[2]/div/i' not found
	at com.kms.katalon.core.webui.common.WebUiCommonHelper.findWebElement(WebUiCommonHelper.java:1426)
	at com.kms.katalon.core.webui.keyword.internal.WebUIAbstractKeyword.findWebElement(WebUIAbstractKeyword.groovy:27)
	at com.kms.katalon.core.webui.keyword.builtin.ClickKeyword$_click_closure1.doCall(ClickKeyword.groovy:65)
	at com.kms.katalon.core.webui.keyword.builtin.ClickKeyword$_click_closure1.call(ClickKeyword.groovy)
	at com.kms.katalon.core.webui.keyword.internal.WebUIKeywordMain.runKeyword(WebUIKeywordMain.groovy:20)
	at com.kms.katalon.core.webui.keyword.builtin.ClickKeyword.click(ClickKeyword.groovy:74)
	at com.kms.katalon.core.webui.keyword.builtin.ClickKeyword.execute(ClickKeyword.groovy:40)
	at com.kms.katalon.core.keyword.internal.KeywordExecutor.executeKeywordForPlatform(KeywordExecutor.groovy:74)
	at com.kms.katalon.core.webui.keyword.WebUiBuiltInKeywords.click(WebUiBuiltInKeywords.groovy:647)
	at Script1679562813597.run(Script1679562813597.groovy:64)
	... 15 more
)
[[ATTACHMENT|C:\\Users\\LIAZGINA-DI\\git\\SPORU\\Reports\\20250115_091948\\\u041F\u043D-\u0421\u0440-\u041F\u0442\\\u0421\u0432\u0435\u0440\u043A\u0430 \u0434\u0430\u0448\u0431\u043E\u0440\u0434\u043E\u0432 \u0438\u0437 \u0440\u0430\u0437\u043D\u044B\u0445 \u0431\u043B\u043E\u043A\u043E\u0432\\20250115_091948\\1736923287973.png]]

15-01-2025T09:41:28 - [TEST_STEP][FAILED] - scrollToElement(findTestObject("Выручка по ДЗО/Заголовок дашборда"), 30): Unable to scroll to object 'Object Repository/Выручка по ДЗО/Заголовок дашборда' (Root cause: com.kms.katalon.core.exception.StepFailedException: Unable to scroll to object 'Object Repository/Выручка по ДЗО/Заголовок дашборда'
	at com.kms.katalon.core.webui.keyword.internal.WebUIKeywordMain.stepFailed(WebUIKeywordMain.groovy:64)
	at com.kms.katalon.core.webui.keyword.internal.WebUIKeywordMain.runKeyword(WebUIKeywordMain.groovy:26)
	at com.kms.katalon.core.webui.keyword.builtin.ScrollToElementKeyword.scrollToElement(ScrollToElementKeyword.groovy:88)
	at com.kms.katalon.core.webui.keyword.builtin.ScrollToElementKeyword.execute(ScrollToElementKeyword.groovy:68)
	at com.kms.katalon.core.keyword.internal.KeywordExecutor.executeKeywordForPlatform(KeywordExecutor.groovy:74)
	at com.kms.katalon.core.webui.keyword.WebUiBuiltInKeywords.scrollToElement(WebUiBuiltInKeywords.groovy:4147)
	at Выручка по ДЗО сверка дашбордов.run(Выручка по ДЗО сверка дашбордов:67)
	at com.kms.katalon.core.main.ScriptEngine.run(ScriptEngine.java:194)
	at com.kms.katalon.core.main.ScriptEngine.runScriptAsRawText(ScriptEngine.java:119)
	at com.kms.katalon.core.main.TestCaseExecutor.runScript(TestCaseExecutor.java:448)
	at com.kms.katalon.core.main.TestCaseExecutor.doExecute(TestCaseExecutor.java:439)
	at com.kms.katalon.core.main.TestCaseExecutor.processExecutionPhase(TestCaseExecutor.java:418)
	at com.kms.katalon.core.main.TestCaseExecutor.accessMainPhase(TestCaseExecutor.java:410)
	at com.kms.katalon.core.main.TestCaseExecutor.execute(TestCaseExecutor.java:285)
	at com.kms.katalon.core.common.CommonExecutor.accessTestCaseMainPhase(CommonExecutor.java:65)
	at com.kms.katalon.core.main.TestSuiteExecutor.accessTestSuiteMainPhase(TestSuiteExecutor.java:150)
	at com.kms.katalon.core.main.TestSuiteExecutor.execute(TestSuiteExecutor.java:106)
	at com.kms.katalon.core.main.TestCaseMain.startTestSuite(TestCaseMain.java:180)
	at TempTestSuite1736921988279.run(TempTestSuite1736921988279.groovy:35)
	at java.base/jdk.internal.reflect.NativeMethodAccessorImpl.invoke0(Native Method)
	at java.base/jdk.internal.reflect.NativeMethodAccessorImpl.invoke(NativeMethodAccessorImpl.java:77)
	at java.base/jdk.internal.reflect.DelegatingMethodAccessorImpl.invoke(DelegatingMethodAccessorImpl.java:43)
Caused by: com.kms.katalon.core.webui.exception.WebElementNotFoundException: Web element with id: 'Object Repository/Выручка по ДЗО/Заголовок дашборда' located by '//div[@id='e402d45b67084653a43a0c3bc77e26f3']/div' not found
	at com.kms.katalon.core.webui.common.WebUiCommonHelper.findWebElement(WebUiCommonHelper.java:1426)
	at com.kms.katalon.core.webui.keyword.internal.WebUIAbstractKeyword.findWebElement(WebUIAbstractKeyword.groovy:27)
	at com.kms.katalon.core.webui.keyword.internal.WebUIAbstractKeyword.findWebElement(WebUIAbstractKeyword.groovy:26)
	at com.kms.katalon.core.webui.keyword.builtin.ScrollToElementKeyword$_scrollToElement_closure1.doCall(ScrollToElementKeyword.groovy:79)
	at com.kms.katalon.core.webui.keyword.builtin.ScrollToElementKeyword$_scrollToElement_closure1.call(ScrollToElementKeyword.groovy)
	at com.kms.katalon.core.webui.keyword.internal.WebUIKeywordMain.runKeyword(WebUIKeywordMain.groovy:20)
	at com.kms.katalon.core.webui.keyword.builtin.ScrollToElementKeyword.scrollToElement(ScrollToElementKeyword.groovy:88)
	at com.kms.katalon.core.webui.keyword.builtin.ScrollToElementKeyword.execute(ScrollToElementKeyword.groovy:68)
	at com.kms.katalon.core.keyword.internal.KeywordExecutor.executeKeywordForPlatform(KeywordExecutor.groovy:74)
	at com.kms.katalon.core.webui.keyword.WebUiBuiltInKeywords.scrollToElement(WebUiBuiltInKeywords.groovy:4147)
	at Script1679562813597.run(Script1679562813597.groovy:67)
	... 15 more
)

15-01-2025T09:41:59 - [MESSAGE][INFO] - Unable to find the element located by 'By.xpath: //div[@id='e402d45b67084653a43a0c3bc77e26f3']/div'. Please recheck the objects properties to make sure the desired element is located. 

15-01-2025T09:41:59 - [MESSAGE][FAILED] - Unable to scroll to object 'Object Repository/Выручка по ДЗО/Заголовок дашборда' (Root cause: com.kms.katalon.core.exception.StepFailedException: Unable to scroll to object 'Object Repository/Выручка по ДЗО/Заголовок дашборда'
	at com.kms.katalon.core.webui.keyword.internal.WebUIKeywordMain.stepFailed(WebUIKeywordMain.groovy:64)
	at com.kms.katalon.core.webui.keyword.internal.WebUIKeywordMain.runKeyword(WebUIKeywordMain.groovy:26)
	at com.kms.katalon.core.webui.keyword.builtin.ScrollToElementKeyword.scrollToElement(ScrollToElementKeyword.groovy:88)
	at com.kms.katalon.core.webui.keyword.builtin.ScrollToElementKeyword.execute(ScrollToElementKeyword.groovy:68)
	at com.kms.katalon.core.keyword.internal.KeywordExecutor.executeKeywordForPlatform(KeywordExecutor.groovy:74)
	at com.kms.katalon.core.webui.keyword.WebUiBuiltInKeywords.scrollToElement(WebUiBuiltInKeywords.groovy:4147)
	at Выручка по ДЗО сверка дашбордов.run(Выручка по ДЗО сверка дашбордов:67)
	at com.kms.katalon.core.main.ScriptEngine.run(ScriptEngine.java:194)
	at com.kms.katalon.core.main.ScriptEngine.runScriptAsRawText(ScriptEngine.java:119)
	at com.kms.katalon.core.main.TestCaseExecutor.runScript(TestCaseExecutor.java:448)
	at com.kms.katalon.core.main.TestCaseExecutor.doExecute(TestCaseExecutor.java:439)
	at com.kms.katalon.core.main.TestCaseExecutor.processExecutionPhase(TestCaseExecutor.java:418)
	at com.kms.katalon.core.main.TestCaseExecutor.accessMainPhase(TestCaseExecutor.java:410)
	at com.kms.katalon.core.main.TestCaseExecutor.execute(TestCaseExecutor.java:285)
	at com.kms.katalon.core.common.CommonExecutor.accessTestCaseMainPhase(CommonExecutor.java:65)
	at com.kms.katalon.core.main.TestSuiteExecutor.accessTestSuiteMainPhase(TestSuiteExecutor.java:150)
	at com.kms.katalon.core.main.TestSuiteExecutor.execute(TestSuiteExecutor.java:106)
	at com.kms.katalon.core.main.TestCaseMain.startTestSuite(TestCaseMain.java:180)
	at TempTestSuite1736921988279.run(TempTestSuite1736921988279.groovy:35)
	at java.base/jdk.internal.reflect.NativeMethodAccessorImpl.invoke0(Native Method)
	at java.base/jdk.internal.reflect.NativeMethodAccessorImpl.invoke(NativeMethodAccessorImpl.java:77)
	at java.base/jdk.internal.reflect.DelegatingMethodAccessorImpl.invoke(DelegatingMethodAccessorImpl.java:43)
Caused by: com.kms.katalon.core.webui.exception.WebElementNotFoundException: Web element with id: 'Object Repository/Выручка по ДЗО/Заголовок дашборда' located by '//div[@id='e402d45b67084653a43a0c3bc77e26f3']/div' not found
	at com.kms.katalon.core.webui.common.WebUiCommonHelper.findWebElement(WebUiCommonHelper.java:1426)
	at com.kms.katalon.core.webui.keyword.internal.WebUIAbstractKeyword.findWebElement(WebUIAbstractKeyword.groovy:27)
	at com.kms.katalon.core.webui.keyword.internal.WebUIAbstractKeyword.findWebElement(WebUIAbstractKeyword.groovy:26)
	at com.kms.katalon.core.webui.keyword.builtin.ScrollToElementKeyword$_scrollToElement_closure1.doCall(ScrollToElementKeyword.groovy:79)
	at com.kms.katalon.core.webui.keyword.builtin.ScrollToElementKeyword$_scrollToElement_closure1.call(ScrollToElementKeyword.groovy)
	at com.kms.katalon.core.webui.keyword.internal.WebUIKeywordMain.runKeyword(WebUIKeywordMain.groovy:20)
	at com.kms.katalon.core.webui.keyword.builtin.ScrollToElementKeyword.scrollToElement(ScrollToElementKeyword.groovy:88)
	at com.kms.katalon.core.webui.keyword.builtin.ScrollToElementKeyword.execute(ScrollToElementKeyword.groovy:68)
	at com.kms.katalon.core.keyword.internal.KeywordExecutor.executeKeywordForPlatform(KeywordExecutor.groovy:74)
	at com.kms.katalon.core.webui.keyword.WebUiBuiltInKeywords.scrollToElement(WebUiBuiltInKeywords.groovy:4147)
	at Script1679562813597.run(Script1679562813597.groovy:67)
	... 15 more
)
[[ATTACHMENT|C:\\Users\\LIAZGINA-DI\\git\\SPORU\\Reports\\20250115_091948\\\u041F\u043D-\u0421\u0440-\u041F\u0442\\\u0421\u0432\u0435\u0440\u043A\u0430 \u0434\u0430\u0448\u0431\u043E\u0440\u0434\u043E\u0432 \u0438\u0437 \u0440\u0430\u0437\u043D\u044B\u0445 \u0431\u043B\u043E\u043A\u043E\u0432\\20250115_091948\\1736923319062.png]]

15-01-2025T09:41:59 - [TEST_STEP][FAILED] - click(findTestObject("Выручка по ДЗО/3 квартал 2024 выбрать"), CONTINUE_ON_FAILURE): Unable to click on object 'Object Repository/Выручка по ДЗО/3 квартал 2024 выбрать' (Root cause: com.kms.katalon.core.exception.StepFailedException: Unable to click on object 'Object Repository/Выручка по ДЗО/3 квартал 2024 выбрать'
	at com.kms.katalon.core.webui.keyword.internal.WebUIKeywordMain.stepFailed(WebUIKeywordMain.groovy:64)
	at com.kms.katalon.core.webui.keyword.internal.WebUIKeywordMain.runKeyword(WebUIKeywordMain.groovy:26)
	at com.kms.katalon.core.webui.keyword.builtin.ClickKeyword.click(ClickKeyword.groovy:74)
	at com.kms.katalon.core.webui.keyword.builtin.ClickKeyword.execute(ClickKeyword.groovy:40)
	at com.kms.katalon.core.keyword.internal.KeywordExecutor.executeKeywordForPlatform(KeywordExecutor.groovy:74)
	at com.kms.katalon.core.webui.keyword.WebUiBuiltInKeywords.click(WebUiBuiltInKeywords.groovy:647)
	at Выручка по ДЗО сверка дашбордов.run(Выручка по ДЗО сверка дашбордов:69)
	at com.kms.katalon.core.main.ScriptEngine.run(ScriptEngine.java:194)
	at com.kms.katalon.core.main.ScriptEngine.runScriptAsRawText(ScriptEngine.java:119)
	at com.kms.katalon.core.main.TestCaseExecutor.runScript(TestCaseExecutor.java:448)
	at com.kms.katalon.core.main.TestCaseExecutor.doExecute(TestCaseExecutor.java:439)
	at com.kms.katalon.core.main.TestCaseExecutor.processExecutionPhase(TestCaseExecutor.java:418)
	at com.kms.katalon.core.main.TestCaseExecutor.accessMainPhase(TestCaseExecutor.java:410)
	at com.kms.katalon.core.main.TestCaseExecutor.execute(TestCaseExecutor.java:285)
	at com.kms.katalon.core.common.CommonExecutor.accessTestCaseMainPhase(CommonExecutor.java:65)
	at com.kms.katalon.core.main.TestSuiteExecutor.accessTestSuiteMainPhase(TestSuiteExecutor.java:150)
	at com.kms.katalon.core.main.TestSuiteExecutor.execute(TestSuiteExecutor.java:106)
	at com.kms.katalon.core.main.TestCaseMain.startTestSuite(TestCaseMain.java:180)
	at TempTestSuite1736921988279.run(TempTestSuite1736921988279.groovy:35)
	at java.base/jdk.internal.reflect.NativeMethodAccessorImpl.invoke0(Native Method)
	at java.base/jdk.internal.reflect.NativeMethodAccessorImpl.invoke(NativeMethodAccessorImpl.java:77)
	at java.base/jdk.internal.reflect.DelegatingMethodAccessorImpl.invoke(DelegatingMethodAccessorImpl.java:43)
Caused by: com.kms.katalon.core.webui.exception.WebElementNotFoundException: Web element with id: 'Object Repository/Выручка по ДЗО/3 квартал 2024 выбрать' located by '//li[10]/ul/li[3]/div/i' not found
	at com.kms.katalon.core.webui.common.WebUiCommonHelper.findWebElement(WebUiCommonHelper.java:1426)
	at com.kms.katalon.core.webui.keyword.internal.WebUIAbstractKeyword.findWebElement(WebUIAbstractKeyword.groovy:27)
	at com.kms.katalon.core.webui.keyword.builtin.ClickKeyword$_click_closure1.doCall(ClickKeyword.groovy:65)
	at com.kms.katalon.core.webui.keyword.builtin.ClickKeyword$_click_closure1.call(ClickKeyword.groovy)
	at com.kms.katalon.core.webui.keyword.internal.WebUIKeywordMain.runKeyword(WebUIKeywordMain.groovy:20)
	at com.kms.katalon.core.webui.keyword.builtin.ClickKeyword.click(ClickKeyword.groovy:74)
	at com.kms.katalon.core.webui.keyword.builtin.ClickKeyword.execute(ClickKeyword.groovy:40)
	at com.kms.katalon.core.keyword.internal.KeywordExecutor.executeKeywordForPlatform(KeywordExecutor.groovy:74)
	at com.kms.katalon.core.webui.keyword.WebUiBuiltInKeywords.click(WebUiBuiltInKeywords.groovy:647)
	at Script1679562813597.run(Script1679562813597.groovy:69)
	... 15 more
)

15-01-2025T09:42:30 - [MESSAGE][INFO] - Unable to find the element located by 'By.xpath: //li[10]/ul/li[3]/div/i'. Please recheck the objects properties to make sure the desired element is located. 

15-01-2025T09:42:30 - [MESSAGE][FAILED] - Unable to click on object 'Object Repository/Выручка по ДЗО/3 квартал 2024 выбрать' (Root cause: com.kms.katalon.core.exception.StepFailedException: Unable to click on object 'Object Repository/Выручка по ДЗО/3 квартал 2024 выбрать'
	at com.kms.katalon.core.webui.keyword.internal.WebUIKeywordMain.stepFailed(WebUIKeywordMain.groovy:64)
	at com.kms.katalon.core.webui.keyword.internal.WebUIKeywordMain.runKeyword(WebUIKeywordMain.groovy:26)
	at com.kms.katalon.core.webui.keyword.builtin.ClickKeyword.click(ClickKeyword.groovy:74)
	at com.kms.katalon.core.webui.keyword.builtin.ClickKeyword.execute(ClickKeyword.groovy:40)
	at com.kms.katalon.core.keyword.internal.KeywordExecutor.executeKeywordForPlatform(KeywordExecutor.groovy:74)
	at com.kms.katalon.core.webui.keyword.WebUiBuiltInKeywords.click(WebUiBuiltInKeywords.groovy:647)
	at Выручка по ДЗО сверка дашбордов.run(Выручка по ДЗО сверка дашбордов:69)
	at com.kms.katalon.core.main.ScriptEngine.run(ScriptEngine.java:194)
	at com.kms.katalon.core.main.ScriptEngine.runScriptAsRawText(ScriptEngine.java:119)
	at com.kms.katalon.core.main.TestCaseExecutor.runScript(TestCaseExecutor.java:448)
	at com.kms.katalon.core.main.TestCaseExecutor.doExecute(TestCaseExecutor.java:439)
	at com.kms.katalon.core.main.TestCaseExecutor.processExecutionPhase(TestCaseExecutor.java:418)
	at com.kms.katalon.core.main.TestCaseExecutor.accessMainPhase(TestCaseExecutor.java:410)
	at com.kms.katalon.core.main.TestCaseExecutor.execute(TestCaseExecutor.java:285)
	at com.kms.katalon.core.common.CommonExecutor.accessTestCaseMainPhase(CommonExecutor.java:65)
	at com.kms.katalon.core.main.TestSuiteExecutor.accessTestSuiteMainPhase(TestSuiteExecutor.java:150)
	at com.kms.katalon.core.main.TestSuiteExecutor.execute(TestSuiteExecutor.java:106)
	at com.kms.katalon.core.main.TestCaseMain.startTestSuite(TestCaseMain.java:180)
	at TempTestSuite1736921988279.run(TempTestSuite1736921988279.groovy:35)
	at java.base/jdk.internal.reflect.NativeMethodAccessorImpl.invoke0(Native Method)
	at java.base/jdk.internal.reflect.NativeMethodAccessorImpl.invoke(NativeMethodAccessorImpl.java:77)
	at java.base/jdk.internal.reflect.DelegatingMethodAccessorImpl.invoke(DelegatingMethodAccessorImpl.java:43)
Caused by: com.kms.katalon.core.webui.exception.WebElementNotFoundException: Web element with id: 'Object Repository/Выручка по ДЗО/3 квартал 2024 выбрать' located by '//li[10]/ul/li[3]/div/i' not found
	at com.kms.katalon.core.webui.common.WebUiCommonHelper.findWebElement(WebUiCommonHelper.java:1426)
	at com.kms.katalon.core.webui.keyword.internal.WebUIAbstractKeyword.findWebElement(WebUIAbstractKeyword.groovy:27)
	at com.kms.katalon.core.webui.keyword.builtin.ClickKeyword$_click_closure1.doCall(ClickKeyword.groovy:65)
	at com.kms.katalon.core.webui.keyword.builtin.ClickKeyword$_click_closure1.call(ClickKeyword.groovy)
	at com.kms.katalon.core.webui.keyword.internal.WebUIKeywordMain.runKeyword(WebUIKeywordMain.groovy:20)
	at com.kms.katalon.core.webui.keyword.builtin.ClickKeyword.click(ClickKeyword.groovy:74)
	at com.kms.katalon.core.webui.keyword.builtin.ClickKeyword.execute(ClickKeyword.groovy:40)
	at com.kms.katalon.core.keyword.internal.KeywordExecutor.executeKeywordForPlatform(KeywordExecutor.groovy:74)
	at com.kms.katalon.core.webui.keyword.WebUiBuiltInKeywords.click(WebUiBuiltInKeywords.groovy:647)
	at Script1679562813597.run(Script1679562813597.groovy:69)
	... 15 more
)
[[ATTACHMENT|C:\\Users\\LIAZGINA-DI\\git\\SPORU\\Reports\\20250115_091948\\\u041F\u043D-\u0421\u0440-\u041F\u0442\\\u0421\u0432\u0435\u0440\u043A\u0430 \u0434\u0430\u0448\u0431\u043E\u0440\u0434\u043E\u0432 \u0438\u0437 \u0440\u0430\u0437\u043D\u044B\u0445 \u0431\u043B\u043E\u043A\u043E\u0432\\20250115_091948\\1736923350154.png]]

15-01-2025T09:42:30 - [TEST_STEP][FAILED] - scrollToElement(findTestObject("Выручка по ДЗО/4 квартал 2024 список"), 30): Unable to scroll to object 'Object Repository/Выручка по ДЗО/4 квартал 2024 список' (Root cause: com.kms.katalon.core.exception.StepFailedException: Unable to scroll to object 'Object Repository/Выручка по ДЗО/4 квартал 2024 список'
	at com.kms.katalon.core.webui.keyword.internal.WebUIKeywordMain.stepFailed(WebUIKeywordMain.groovy:64)
	at com.kms.katalon.core.webui.keyword.internal.WebUIKeywordMain.runKeyword(WebUIKeywordMain.groovy:26)
	at com.kms.katalon.core.webui.keyword.builtin.ScrollToElementKeyword.scrollToElement(ScrollToElementKeyword.groovy:88)
	at com.kms.katalon.core.webui.keyword.builtin.ScrollToElementKeyword.execute(ScrollToElementKeyword.groovy:68)
	at com.kms.katalon.core.keyword.internal.KeywordExecutor.executeKeywordForPlatform(KeywordExecutor.groovy:74)
	at com.kms.katalon.core.webui.keyword.WebUiBuiltInKeywords.scrollToElement(WebUiBuiltInKeywords.groovy:4147)
	at Выручка по ДЗО сверка дашбордов.run(Выручка по ДЗО сверка дашбордов:71)
	at com.kms.katalon.core.main.ScriptEngine.run(ScriptEngine.java:194)
	at com.kms.katalon.core.main.ScriptEngine.runScriptAsRawText(ScriptEngine.java:119)
	at com.kms.katalon.core.main.TestCaseExecutor.runScript(TestCaseExecutor.java:448)
	at com.kms.katalon.core.main.TestCaseExecutor.doExecute(TestCaseExecutor.java:439)
	at com.kms.katalon.core.main.TestCaseExecutor.processExecutionPhase(TestCaseExecutor.java:418)
	at com.kms.katalon.core.main.TestCaseExecutor.accessMainPhase(TestCaseExecutor.java:410)
	at com.kms.katalon.core.main.TestCaseExecutor.execute(TestCaseExecutor.java:285)
	at com.kms.katalon.core.common.CommonExecutor.accessTestCaseMainPhase(CommonExecutor.java:65)
	at com.kms.katalon.core.main.TestSuiteExecutor.accessTestSuiteMainPhase(TestSuiteExecutor.java:150)
	at com.kms.katalon.core.main.TestSuiteExecutor.execute(TestSuiteExecutor.java:106)
	at com.kms.katalon.core.main.TestCaseMain.startTestSuite(TestCaseMain.java:180)
	at TempTestSuite1736921988279.run(TempTestSuite1736921988279.groovy:35)
	at java.base/jdk.internal.reflect.NativeMethodAccessorImpl.invoke0(Native Method)
	at java.base/jdk.internal.reflect.NativeMethodAccessorImpl.invoke(NativeMethodAccessorImpl.java:77)
	at java.base/jdk.internal.reflect.DelegatingMethodAccessorImpl.invoke(DelegatingMethodAccessorImpl.java:43)
Caused by: com.kms.katalon.core.webui.exception.WebElementNotFoundException: Web element with id: 'Object Repository/Выручка по ДЗО/4 квартал 2024 список' located by '//li[10]/ul/li[4]/div/div' not found
	at com.kms.katalon.core.webui.common.WebUiCommonHelper.findWebElement(WebUiCommonHelper.java:1426)
	at com.kms.katalon.core.webui.keyword.internal.WebUIAbstractKeyword.findWebElement(WebUIAbstractKeyword.groovy:27)
	at com.kms.katalon.core.webui.keyword.internal.WebUIAbstractKeyword.findWebElement(WebUIAbstractKeyword.groovy:26)
	at com.kms.katalon.core.webui.keyword.builtin.ScrollToElementKeyword$_scrollToElement_closure1.doCall(ScrollToElementKeyword.groovy:79)
	at com.kms.katalon.core.webui.keyword.builtin.ScrollToElementKeyword$_scrollToElement_closure1.call(ScrollToElementKeyword.groovy)
	at com.kms.katalon.core.webui.keyword.internal.WebUIKeywordMain.runKeyword(WebUIKeywordMain.groovy:20)
	at com.kms.katalon.core.webui.keyword.builtin.ScrollToElementKeyword.scrollToElement(ScrollToElementKeyword.groovy:88)
	at com.kms.katalon.core.webui.keyword.builtin.ScrollToElementKeyword.execute(ScrollToElementKeyword.groovy:68)
	at com.kms.katalon.core.keyword.internal.KeywordExecutor.executeKeywordForPlatform(KeywordExecutor.groovy:74)
	at com.kms.katalon.core.webui.keyword.WebUiBuiltInKeywords.scrollToElement(WebUiBuiltInKeywords.groovy:4147)
	at Script1679562813597.run(Script1679562813597.groovy:71)
	... 15 more
)

15-01-2025T09:43:01 - [MESSAGE][INFO] - Unable to find the element located by 'By.xpath: //li[10]/ul/li[4]/div/div'. Please recheck the objects properties to make sure the desired element is located. 

15-01-2025T09:43:01 - [MESSAGE][FAILED] - Unable to scroll to object 'Object Repository/Выручка по ДЗО/4 квартал 2024 список' (Root cause: com.kms.katalon.core.exception.StepFailedException: Unable to scroll to object 'Object Repository/Выручка по ДЗО/4 квартал 2024 список'
	at com.kms.katalon.core.webui.keyword.internal.WebUIKeywordMain.stepFailed(WebUIKeywordMain.groovy:64)
	at com.kms.katalon.core.webui.keyword.internal.WebUIKeywordMain.runKeyword(WebUIKeywordMain.groovy:26)
	at com.kms.katalon.core.webui.keyword.builtin.ScrollToElementKeyword.scrollToElement(ScrollToElementKeyword.groovy:88)
	at com.kms.katalon.core.webui.keyword.builtin.ScrollToElementKeyword.execute(ScrollToElementKeyword.groovy:68)
	at com.kms.katalon.core.keyword.internal.KeywordExecutor.executeKeywordForPlatform(KeywordExecutor.groovy:74)
	at com.kms.katalon.core.webui.keyword.WebUiBuiltInKeywords.scrollToElement(WebUiBuiltInKeywords.groovy:4147)
	at Выручка по ДЗО сверка дашбордов.run(Выручка по ДЗО сверка дашбордов:71)
	at com.kms.katalon.core.main.ScriptEngine.run(ScriptEngine.java:194)
	at com.kms.katalon.core.main.ScriptEngine.runScriptAsRawText(ScriptEngine.java:119)
	at com.kms.katalon.core.main.TestCaseExecutor.runScript(TestCaseExecutor.java:448)
	at com.kms.katalon.core.main.TestCaseExecutor.doExecute(TestCaseExecutor.java:439)
	at com.kms.katalon.core.main.TestCaseExecutor.processExecutionPhase(TestCaseExecutor.java:418)
	at com.kms.katalon.core.main.TestCaseExecutor.accessMainPhase(TestCaseExecutor.java:410)
	at com.kms.katalon.core.main.TestCaseExecutor.execute(TestCaseExecutor.java:285)
	at com.kms.katalon.core.common.CommonExecutor.accessTestCaseMainPhase(CommonExecutor.java:65)
	at com.kms.katalon.core.main.TestSuiteExecutor.accessTestSuiteMainPhase(TestSuiteExecutor.java:150)
	at com.kms.katalon.core.main.TestSuiteExecutor.execute(TestSuiteExecutor.java:106)
	at com.kms.katalon.core.main.TestCaseMain.startTestSuite(TestCaseMain.java:180)
	at TempTestSuite1736921988279.run(TempTestSuite1736921988279.groovy:35)
	at java.base/jdk.internal.reflect.NativeMethodAccessorImpl.invoke0(Native Method)
	at java.base/jdk.internal.reflect.NativeMethodAccessorImpl.invoke(NativeMethodAccessorImpl.java:77)
	at java.base/jdk.internal.reflect.DelegatingMethodAccessorImpl.invoke(DelegatingMethodAccessorImpl.java:43)
Caused by: com.kms.katalon.core.webui.exception.WebElementNotFoundException: Web element with id: 'Object Repository/Выручка по ДЗО/4 квартал 2024 список' located by '//li[10]/ul/li[4]/div/div' not found
	at com.kms.katalon.core.webui.common.WebUiCommonHelper.findWebElement(WebUiCommonHelper.java:1426)
	at com.kms.katalon.core.webui.keyword.internal.WebUIAbstractKeyword.findWebElement(WebUIAbstractKeyword.groovy:27)
	at com.kms.katalon.core.webui.keyword.internal.WebUIAbstractKeyword.findWebElement(WebUIAbstractKeyword.groovy:26)
	at com.kms.katalon.core.webui.keyword.builtin.ScrollToElementKeyword$_scrollToElement_closure1.doCall(ScrollToElementKeyword.groovy:79)
	at com.kms.katalon.core.webui.keyword.builtin.ScrollToElementKeyword$_scrollToElement_closure1.call(ScrollToElementKeyword.groovy)
	at com.kms.katalon.core.webui.keyword.internal.WebUIKeywordMain.runKeyword(WebUIKeywordMain.groovy:20)
	at com.kms.katalon.core.webui.keyword.builtin.ScrollToElementKeyword.scrollToElement(ScrollToElementKeyword.groovy:88)
	at com.kms.katalon.core.webui.keyword.builtin.ScrollToElementKeyword.execute(ScrollToElementKeyword.groovy:68)
	at com.kms.katalon.core.keyword.internal.KeywordExecutor.executeKeywordForPlatform(KeywordExecutor.groovy:74)
	at com.kms.katalon.core.webui.keyword.WebUiBuiltInKeywords.scrollToElement(WebUiBuiltInKeywords.groovy:4147)
	at Script1679562813597.run(Script1679562813597.groovy:71)
	... 15 more
)
[[ATTACHMENT|C:\\Users\\LIAZGINA-DI\\git\\SPORU\\Reports\\20250115_091948\\\u041F\u043D-\u0421\u0440-\u041F\u0442\\\u0421\u0432\u0435\u0440\u043A\u0430 \u0434\u0430\u0448\u0431\u043E\u0440\u0434\u043E\u0432 \u0438\u0437 \u0440\u0430\u0437\u043D\u044B\u0445 \u0431\u043B\u043E\u043A\u043E\u0432\\20250115_091948\\1736923381264.png]]

15-01-2025T09:43:01 - [TEST_STEP][FAILED] - click(findTestObject("Выручка по ДЗО/4 квартал 2024 список"), CONTINUE_ON_FAILURE): Unable to click on object 'Object Repository/Выручка по ДЗО/4 квартал 2024 список' (Root cause: com.kms.katalon.core.exception.StepFailedException: Unable to click on object 'Object Repository/Выручка по ДЗО/4 квартал 2024 список'
	at com.kms.katalon.core.webui.keyword.internal.WebUIKeywordMain.stepFailed(WebUIKeywordMain.groovy:64)
	at com.kms.katalon.core.webui.keyword.internal.WebUIKeywordMain.runKeyword(WebUIKeywordMain.groovy:26)
	at com.kms.katalon.core.webui.keyword.builtin.ClickKeyword.click(ClickKeyword.groovy:74)
	at com.kms.katalon.core.webui.keyword.builtin.ClickKeyword.execute(ClickKeyword.groovy:40)
	at com.kms.katalon.core.keyword.internal.KeywordExecutor.executeKeywordForPlatform(KeywordExecutor.groovy:74)
	at com.kms.katalon.core.webui.keyword.WebUiBuiltInKeywords.click(WebUiBuiltInKeywords.groovy:647)
	at Выручка по ДЗО сверка дашбордов.run(Выручка по ДЗО сверка дашбордов:73)
	at com.kms.katalon.core.main.ScriptEngine.run(ScriptEngine.java:194)
	at com.kms.katalon.core.main.ScriptEngine.runScriptAsRawText(ScriptEngine.java:119)
	at com.kms.katalon.core.main.TestCaseExecutor.runScript(TestCaseExecutor.java:448)
	at com.kms.katalon.core.main.TestCaseExecutor.doExecute(TestCaseExecutor.java:439)
	at com.kms.katalon.core.main.TestCaseExecutor.processExecutionPhase(TestCaseExecutor.java:418)
	at com.kms.katalon.core.main.TestCaseExecutor.accessMainPhase(TestCaseExecutor.java:410)
	at com.kms.katalon.core.main.TestCaseExecutor.execute(TestCaseExecutor.java:285)
	at com.kms.katalon.core.common.CommonExecutor.accessTestCaseMainPhase(CommonExecutor.java:65)
	at com.kms.katalon.core.main.TestSuiteExecutor.accessTestSuiteMainPhase(TestSuiteExecutor.java:150)
	at com.kms.katalon.core.main.TestSuiteExecutor.execute(TestSuiteExecutor.java:106)
	at com.kms.katalon.core.main.TestCaseMain.startTestSuite(TestCaseMain.java:180)
	at TempTestSuite1736921988279.run(TempTestSuite1736921988279.groovy:35)
	at java.base/jdk.internal.reflect.NativeMethodAccessorImpl.invoke0(Native Method)
	at java.base/jdk.internal.reflect.NativeMethodAccessorImpl.invoke(NativeMethodAccessorImpl.java:77)
	at java.base/jdk.internal.reflect.DelegatingMethodAccessorImpl.invoke(DelegatingMethodAccessorImpl.java:43)
Caused by: com.kms.katalon.core.webui.exception.WebElementNotFoundException: Web element with id: 'Object Repository/Выручка по ДЗО/4 квартал 2024 список' located by '//li[10]/ul/li[4]/div/div' not found
	at com.kms.katalon.core.webui.common.WebUiCommonHelper.findWebElement(WebUiCommonHelper.java:1426)
	at com.kms.katalon.core.webui.keyword.internal.WebUIAbstractKeyword.findWebElement(WebUIAbstractKeyword.groovy:27)
	at com.kms.katalon.core.webui.keyword.builtin.ClickKeyword$_click_closure1.doCall(ClickKeyword.groovy:65)
	at com.kms.katalon.core.webui.keyword.builtin.ClickKeyword$_click_closure1.call(ClickKeyword.groovy)
	at com.kms.katalon.core.webui.keyword.internal.WebUIKeywordMain.runKeyword(WebUIKeywordMain.groovy:20)
	at com.kms.katalon.core.webui.keyword.builtin.ClickKeyword.click(ClickKeyword.groovy:74)
	at com.kms.katalon.core.webui.keyword.builtin.ClickKeyword.execute(ClickKeyword.groovy:40)
	at com.kms.katalon.core.keyword.internal.KeywordExecutor.executeKeywordForPlatform(KeywordExecutor.groovy:74)
	at com.kms.katalon.core.webui.keyword.WebUiBuiltInKeywords.click(WebUiBuiltInKeywords.groovy:647)
	at Script1679562813597.run(Script1679562813597.groovy:73)
	... 15 more
)

15-01-2025T09:43:32 - [MESSAGE][INFO] - Unable to find the element located by 'By.xpath: //li[10]/ul/li[4]/div/div'. Please recheck the objects properties to make sure the desired element is located. 

15-01-2025T09:43:32 - [MESSAGE][FAILED] - Unable to click on object 'Object Repository/Выручка по ДЗО/4 квартал 2024 список' (Root cause: com.kms.katalon.core.exception.StepFailedException: Unable to click on object 'Object Repository/Выручка по ДЗО/4 квартал 2024 список'
	at com.kms.katalon.core.webui.keyword.internal.WebUIKeywordMain.stepFailed(WebUIKeywordMain.groovy:64)
	at com.kms.katalon.core.webui.keyword.internal.WebUIKeywordMain.runKeyword(WebUIKeywordMain.groovy:26)
	at com.kms.katalon.core.webui.keyword.builtin.ClickKeyword.click(ClickKeyword.groovy:74)
	at com.kms.katalon.core.webui.keyword.builtin.ClickKeyword.execute(ClickKeyword.groovy:40)
	at com.kms.katalon.core.keyword.internal.KeywordExecutor.executeKeywordForPlatform(KeywordExecutor.groovy:74)
	at com.kms.katalon.core.webui.keyword.WebUiBuiltInKeywords.click(WebUiBuiltInKeywords.groovy:647)
	at Выручка по ДЗО сверка дашбордов.run(Выручка по ДЗО сверка дашбордов:73)
	at com.kms.katalon.core.main.ScriptEngine.run(ScriptEngine.java:194)
	at com.kms.katalon.core.main.ScriptEngine.runScriptAsRawText(ScriptEngine.java:119)
	at com.kms.katalon.core.main.TestCaseExecutor.runScript(TestCaseExecutor.java:448)
	at com.kms.katalon.core.main.TestCaseExecutor.doExecute(TestCaseExecutor.java:439)
	at com.kms.katalon.core.main.TestCaseExecutor.processExecutionPhase(TestCaseExecutor.java:418)
	at com.kms.katalon.core.main.TestCaseExecutor.accessMainPhase(TestCaseExecutor.java:410)
	at com.kms.katalon.core.main.TestCaseExecutor.execute(TestCaseExecutor.java:285)
	at com.kms.katalon.core.common.CommonExecutor.accessTestCaseMainPhase(CommonExecutor.java:65)
	at com.kms.katalon.core.main.TestSuiteExecutor.accessTestSuiteMainPhase(TestSuiteExecutor.java:150)
	at com.kms.katalon.core.main.TestSuiteExecutor.execute(TestSuiteExecutor.java:106)
	at com.kms.katalon.core.main.TestCaseMain.startTestSuite(TestCaseMain.java:180)
	at TempTestSuite1736921988279.run(TempTestSuite1736921988279.groovy:35)
	at java.base/jdk.internal.reflect.NativeMethodAccessorImpl.invoke0(Native Method)
	at java.base/jdk.internal.reflect.NativeMethodAccessorImpl.invoke(NativeMethodAccessorImpl.java:77)
	at java.base/jdk.internal.reflect.DelegatingMethodAccessorImpl.invoke(DelegatingMethodAccessorImpl.java:43)
Caused by: com.kms.katalon.core.webui.exception.WebElementNotFoundException: Web element with id: 'Object Repository/Выручка по ДЗО/4 квартал 2024 список' located by '//li[10]/ul/li[4]/div/div' not found
	at com.kms.katalon.core.webui.common.WebUiCommonHelper.findWebElement(WebUiCommonHelper.java:1426)
	at com.kms.katalon.core.webui.keyword.internal.WebUIAbstractKeyword.findWebElement(WebUIAbstractKeyword.groovy:27)
	at com.kms.katalon.core.webui.keyword.builtin.ClickKeyword$_click_closure1.doCall(ClickKeyword.groovy:65)
	at com.kms.katalon.core.webui.keyword.builtin.ClickKeyword$_click_closure1.call(ClickKeyword.groovy)
	at com.kms.katalon.core.webui.keyword.internal.WebUIKeywordMain.runKeyword(WebUIKeywordMain.groovy:20)
	at com.kms.katalon.core.webui.keyword.builtin.ClickKeyword.click(ClickKeyword.groovy:74)
	at com.kms.katalon.core.webui.keyword.builtin.ClickKeyword.execute(ClickKeyword.groovy:40)
	at com.kms.katalon.core.keyword.internal.KeywordExecutor.executeKeywordForPlatform(KeywordExecutor.groovy:74)
	at com.kms.katalon.core.webui.keyword.WebUiBuiltInKeywords.click(WebUiBuiltInKeywords.groovy:647)
	at Script1679562813597.run(Script1679562813597.groovy:73)
	... 15 more
)
[[ATTACHMENT|C:\\Users\\LIAZGINA-DI\\git\\SPORU\\Reports\\20250115_091948\\\u041F\u043D-\u0421\u0440-\u041F\u0442\\\u0421\u0432\u0435\u0440\u043A\u0430 \u0434\u0430\u0448\u0431\u043E\u0440\u0434\u043E\u0432 \u0438\u0437 \u0440\u0430\u0437\u043D\u044B\u0445 \u0431\u043B\u043E\u043A\u043E\u0432\\20250115_091948\\1736923412402.png]]

15-01-2025T09:43:32 - [TEST_STEP][FAILED] - scrollToElement(findTestObject("Выручка по ДЗО/Октябрь 2024"), 30): Unable to scroll to object 'Object Repository/Выручка по ДЗО/Октябрь 2024' (Root cause: com.kms.katalon.core.exception.StepFailedException: Unable to scroll to object 'Object Repository/Выручка по ДЗО/Октябрь 2024'
	at com.kms.katalon.core.webui.keyword.internal.WebUIKeywordMain.stepFailed(WebUIKeywordMain.groovy:64)
	at com.kms.katalon.core.webui.keyword.internal.WebUIKeywordMain.runKeyword(WebUIKeywordMain.groovy:26)
	at com.kms.katalon.core.webui.keyword.builtin.ScrollToElementKeyword.scrollToElement(ScrollToElementKeyword.groovy:88)
	at com.kms.katalon.core.webui.keyword.builtin.ScrollToElementKeyword.execute(ScrollToElementKeyword.groovy:68)
	at com.kms.katalon.core.keyword.internal.KeywordExecutor.executeKeywordForPlatform(KeywordExecutor.groovy:74)
	at com.kms.katalon.core.webui.keyword.WebUiBuiltInKeywords.scrollToElement(WebUiBuiltInKeywords.groovy:4147)
	at Выручка по ДЗО сверка дашбордов.run(Выручка по ДЗО сверка дашбордов:75)
	at com.kms.katalon.core.main.ScriptEngine.run(ScriptEngine.java:194)
	at com.kms.katalon.core.main.ScriptEngine.runScriptAsRawText(ScriptEngine.java:119)
	at com.kms.katalon.core.main.TestCaseExecutor.runScript(TestCaseExecutor.java:448)
	at com.kms.katalon.core.main.TestCaseExecutor.doExecute(TestCaseExecutor.java:439)
	at com.kms.katalon.core.main.TestCaseExecutor.processExecutionPhase(TestCaseExecutor.java:418)
	at com.kms.katalon.core.main.TestCaseExecutor.accessMainPhase(TestCaseExecutor.java:410)
	at com.kms.katalon.core.main.TestCaseExecutor.execute(TestCaseExecutor.java:285)
	at com.kms.katalon.core.common.CommonExecutor.accessTestCaseMainPhase(CommonExecutor.java:65)
	at com.kms.katalon.core.main.TestSuiteExecutor.accessTestSuiteMainPhase(TestSuiteExecutor.java:150)
	at com.kms.katalon.core.main.TestSuiteExecutor.execute(TestSuiteExecutor.java:106)
	at com.kms.katalon.core.main.TestCaseMain.startTestSuite(TestCaseMain.java:180)
	at TempTestSuite1736921988279.run(TempTestSuite1736921988279.groovy:35)
	at java.base/jdk.internal.reflect.NativeMethodAccessorImpl.invoke0(Native Method)
	at java.base/jdk.internal.reflect.NativeMethodAccessorImpl.invoke(NativeMethodAccessorImpl.java:77)
	at java.base/jdk.internal.reflect.DelegatingMethodAccessorImpl.invoke(DelegatingMethodAccessorImpl.java:43)
Caused by: com.kms.katalon.core.webui.exception.WebElementNotFoundException: Web element with id: 'Object Repository/Выручка по ДЗО/Октябрь 2024' located by '//li[10]/ul/li[4]/ul/li/div/div' not found
	at com.kms.katalon.core.webui.common.WebUiCommonHelper.findWebElement(WebUiCommonHelper.java:1426)
	at com.kms.katalon.core.webui.keyword.internal.WebUIAbstractKeyword.findWebElement(WebUIAbstractKeyword.groovy:27)
	at com.kms.katalon.core.webui.keyword.internal.WebUIAbstractKeyword.findWebElement(WebUIAbstractKeyword.groovy:26)
	at com.kms.katalon.core.webui.keyword.builtin.ScrollToElementKeyword$_scrollToElement_closure1.doCall(ScrollToElementKeyword.groovy:79)
	at com.kms.katalon.core.webui.keyword.builtin.ScrollToElementKeyword$_scrollToElement_closure1.call(ScrollToElementKeyword.groovy)
	at com.kms.katalon.core.webui.keyword.internal.WebUIKeywordMain.runKeyword(WebUIKeywordMain.groovy:20)
	at com.kms.katalon.core.webui.keyword.builtin.ScrollToElementKeyword.scrollToElement(ScrollToElementKeyword.groovy:88)
	at com.kms.katalon.core.webui.keyword.builtin.ScrollToElementKeyword.execute(ScrollToElementKeyword.groovy:68)
	at com.kms.katalon.core.keyword.internal.KeywordExecutor.executeKeywordForPlatform(KeywordExecutor.groovy:74)
	at com.kms.katalon.core.webui.keyword.WebUiBuiltInKeywords.scrollToElement(WebUiBuiltInKeywords.groovy:4147)
	at Script1679562813597.run(Script1679562813597.groovy:75)
	... 15 more
)

15-01-2025T09:44:03 - [MESSAGE][INFO] - Unable to find the element located by 'By.xpath: //li[10]/ul/li[4]/ul/li/div/div'. Please recheck the objects properties to make sure the desired element is located. 

15-01-2025T09:44:03 - [MESSAGE][FAILED] - Unable to scroll to object 'Object Repository/Выручка по ДЗО/Октябрь 2024' (Root cause: com.kms.katalon.core.exception.StepFailedException: Unable to scroll to object 'Object Repository/Выручка по ДЗО/Октябрь 2024'
	at com.kms.katalon.core.webui.keyword.internal.WebUIKeywordMain.stepFailed(WebUIKeywordMain.groovy:64)
	at com.kms.katalon.core.webui.keyword.internal.WebUIKeywordMain.runKeyword(WebUIKeywordMain.groovy:26)
	at com.kms.katalon.core.webui.keyword.builtin.ScrollToElementKeyword.scrollToElement(ScrollToElementKeyword.groovy:88)
	at com.kms.katalon.core.webui.keyword.builtin.ScrollToElementKeyword.execute(ScrollToElementKeyword.groovy:68)
	at com.kms.katalon.core.keyword.internal.KeywordExecutor.executeKeywordForPlatform(KeywordExecutor.groovy:74)
	at com.kms.katalon.core.webui.keyword.WebUiBuiltInKeywords.scrollToElement(WebUiBuiltInKeywords.groovy:4147)
	at Выручка по ДЗО сверка дашбордов.run(Выручка по ДЗО сверка дашбордов:75)
	at com.kms.katalon.core.main.ScriptEngine.run(ScriptEngine.java:194)
	at com.kms.katalon.core.main.ScriptEngine.runScriptAsRawText(ScriptEngine.java:119)
	at com.kms.katalon.core.main.TestCaseExecutor.runScript(TestCaseExecutor.java:448)
	at com.kms.katalon.core.main.TestCaseExecutor.doExecute(TestCaseExecutor.java:439)
	at com.kms.katalon.core.main.TestCaseExecutor.processExecutionPhase(TestCaseExecutor.java:418)
	at com.kms.katalon.core.main.TestCaseExecutor.accessMainPhase(TestCaseExecutor.java:410)
	at com.kms.katalon.core.main.TestCaseExecutor.execute(TestCaseExecutor.java:285)
	at com.kms.katalon.core.common.CommonExecutor.accessTestCaseMainPhase(CommonExecutor.java:65)
	at com.kms.katalon.core.main.TestSuiteExecutor.accessTestSuiteMainPhase(TestSuiteExecutor.java:150)
	at com.kms.katalon.core.main.TestSuiteExecutor.execute(TestSuiteExecutor.java:106)
	at com.kms.katalon.core.main.TestCaseMain.startTestSuite(TestCaseMain.java:180)
	at TempTestSuite1736921988279.run(TempTestSuite1736921988279.groovy:35)
	at java.base/jdk.internal.reflect.NativeMethodAccessorImpl.invoke0(Native Method)
	at java.base/jdk.internal.reflect.NativeMethodAccessorImpl.invoke(NativeMethodAccessorImpl.java:77)
	at java.base/jdk.internal.reflect.DelegatingMethodAccessorImpl.invoke(DelegatingMethodAccessorImpl.java:43)
Caused by: com.kms.katalon.core.webui.exception.WebElementNotFoundException: Web element with id: 'Object Repository/Выручка по ДЗО/Октябрь 2024' located by '//li[10]/ul/li[4]/ul/li/div/div' not found
	at com.kms.katalon.core.webui.common.WebUiCommonHelper.findWebElement(WebUiCommonHelper.java:1426)
	at com.kms.katalon.core.webui.keyword.internal.WebUIAbstractKeyword.findWebElement(WebUIAbstractKeyword.groovy:27)
	at com.kms.katalon.core.webui.keyword.internal.WebUIAbstractKeyword.findWebElement(WebUIAbstractKeyword.groovy:26)
	at com.kms.katalon.core.webui.keyword.builtin.ScrollToElementKeyword$_scrollToElement_closure1.doCall(ScrollToElementKeyword.groovy:79)
	at com.kms.katalon.core.webui.keyword.builtin.ScrollToElementKeyword$_scrollToElement_closure1.call(ScrollToElementKeyword.groovy)
	at com.kms.katalon.core.webui.keyword.internal.WebUIKeywordMain.runKeyword(WebUIKeywordMain.groovy:20)
	at com.kms.katalon.core.webui.keyword.builtin.ScrollToElementKeyword.scrollToElement(ScrollToElementKeyword.groovy:88)
	at com.kms.katalon.core.webui.keyword.builtin.ScrollToElementKeyword.execute(ScrollToElementKeyword.groovy:68)
	at com.kms.katalon.core.keyword.internal.KeywordExecutor.executeKeywordForPlatform(KeywordExecutor.groovy:74)
	at com.kms.katalon.core.webui.keyword.WebUiBuiltInKeywords.scrollToElement(WebUiBuiltInKeywords.groovy:4147)
	at Script1679562813597.run(Script1679562813597.groovy:75)
	... 15 more
)
[[ATTACHMENT|C:\\Users\\LIAZGINA-DI\\git\\SPORU\\Reports\\20250115_091948\\\u041F\u043D-\u0421\u0440-\u041F\u0442\\\u0421\u0432\u0435\u0440\u043A\u0430 \u0434\u0430\u0448\u0431\u043E\u0440\u0434\u043E\u0432 \u0438\u0437 \u0440\u0430\u0437\u043D\u044B\u0445 \u0431\u043B\u043E\u043A\u043E\u0432\\20250115_091948\\1736923443559.png]]

15-01-2025T09:44:03 - [TEST_STEP][FAILED] - click(findTestObject("Выручка по ДЗО/Октябрь 2024"), CONTINUE_ON_FAILURE): Unable to click on object 'Object Repository/Выручка по ДЗО/Октябрь 2024' (Root cause: com.kms.katalon.core.exception.StepFailedException: Unable to click on object 'Object Repository/Выручка по ДЗО/Октябрь 2024'
	at com.kms.katalon.core.webui.keyword.internal.WebUIKeywordMain.stepFailed(WebUIKeywordMain.groovy:64)
	at com.kms.katalon.core.webui.keyword.internal.WebUIKeywordMain.runKeyword(WebUIKeywordMain.groovy:26)
	at com.kms.katalon.core.webui.keyword.builtin.ClickKeyword.click(ClickKeyword.groovy:74)
	at com.kms.katalon.core.webui.keyword.builtin.ClickKeyword.execute(ClickKeyword.groovy:40)
	at com.kms.katalon.core.keyword.internal.KeywordExecutor.executeKeywordForPlatform(KeywordExecutor.groovy:74)
	at com.kms.katalon.core.webui.keyword.WebUiBuiltInKeywords.click(WebUiBuiltInKeywords.groovy:647)
	at Выручка по ДЗО сверка дашбордов.run(Выручка по ДЗО сверка дашбордов:77)
	at com.kms.katalon.core.main.ScriptEngine.run(ScriptEngine.java:194)
	at com.kms.katalon.core.main.ScriptEngine.runScriptAsRawText(ScriptEngine.java:119)
	at com.kms.katalon.core.main.TestCaseExecutor.runScript(TestCaseExecutor.java:448)
	at com.kms.katalon.core.main.TestCaseExecutor.doExecute(TestCaseExecutor.java:439)
	at com.kms.katalon.core.main.TestCaseExecutor.processExecutionPhase(TestCaseExecutor.java:418)
	at com.kms.katalon.core.main.TestCaseExecutor.accessMainPhase(TestCaseExecutor.java:410)
	at com.kms.katalon.core.main.TestCaseExecutor.execute(TestCaseExecutor.java:285)
	at com.kms.katalon.core.common.CommonExecutor.accessTestCaseMainPhase(CommonExecutor.java:65)
	at com.kms.katalon.core.main.TestSuiteExecutor.accessTestSuiteMainPhase(TestSuiteExecutor.java:150)
	at com.kms.katalon.core.main.TestSuiteExecutor.execute(TestSuiteExecutor.java:106)
	at com.kms.katalon.core.main.TestCaseMain.startTestSuite(TestCaseMain.java:180)
	at TempTestSuite1736921988279.run(TempTestSuite1736921988279.groovy:35)
	at java.base/jdk.internal.reflect.NativeMethodAccessorImpl.invoke0(Native Method)
	at java.base/jdk.internal.reflect.NativeMethodAccessorImpl.invoke(NativeMethodAccessorImpl.java:77)
	at java.base/jdk.internal.reflect.DelegatingMethodAccessorImpl.invoke(DelegatingMethodAccessorImpl.java:43)
Caused by: com.kms.katalon.core.webui.exception.WebElementNotFoundException: Web element with id: 'Object Repository/Выручка по ДЗО/Октябрь 2024' located by '//li[10]/ul/li[4]/ul/li/div/div' not found
	at com.kms.katalon.core.webui.common.WebUiCommonHelper.findWebElement(WebUiCommonHelper.java:1426)
	at com.kms.katalon.core.webui.keyword.internal.WebUIAbstractKeyword.findWebElement(WebUIAbstractKeyword.groovy:27)
	at com.kms.katalon.core.webui.keyword.builtin.ClickKeyword$_click_closure1.doCall(ClickKeyword.groovy:65)
	at com.kms.katalon.core.webui.keyword.builtin.ClickKeyword$_click_closure1.call(ClickKeyword.groovy)
	at com.kms.katalon.core.webui.keyword.internal.WebUIKeywordMain.runKeyword(WebUIKeywordMain.groovy:20)
	at com.kms.katalon.core.webui.keyword.builtin.ClickKeyword.click(ClickKeyword.groovy:74)
	at com.kms.katalon.core.webui.keyword.builtin.ClickKeyword.execute(ClickKeyword.groovy:40)
	at com.kms.katalon.core.keyword.internal.KeywordExecutor.executeKeywordForPlatform(KeywordExecutor.groovy:74)
	at com.kms.katalon.core.webui.keyword.WebUiBuiltInKeywords.click(WebUiBuiltInKeywords.groovy:647)
	at Script1679562813597.run(Script1679562813597.groovy:77)
	... 15 more
)

15-01-2025T09:44:34 - [MESSAGE][INFO] - Unable to find the element located by 'By.xpath: //li[10]/ul/li[4]/ul/li/div/div'. Please recheck the objects properties to make sure the desired element is located. 

15-01-2025T09:44:34 - [MESSAGE][FAILED] - Unable to click on object 'Object Repository/Выручка по ДЗО/Октябрь 2024' (Root cause: com.kms.katalon.core.exception.StepFailedException: Unable to click on object 'Object Repository/Выручка по ДЗО/Октябрь 2024'
	at com.kms.katalon.core.webui.keyword.internal.WebUIKeywordMain.stepFailed(WebUIKeywordMain.groovy:64)
	at com.kms.katalon.core.webui.keyword.internal.WebUIKeywordMain.runKeyword(WebUIKeywordMain.groovy:26)
	at com.kms.katalon.core.webui.keyword.builtin.ClickKeyword.click(ClickKeyword.groovy:74)
	at com.kms.katalon.core.webui.keyword.builtin.ClickKeyword.execute(ClickKeyword.groovy:40)
	at com.kms.katalon.core.keyword.internal.KeywordExecutor.executeKeywordForPlatform(KeywordExecutor.groovy:74)
	at com.kms.katalon.core.webui.keyword.WebUiBuiltInKeywords.click(WebUiBuiltInKeywords.groovy:647)
	at Выручка по ДЗО сверка дашбордов.run(Выручка по ДЗО сверка дашбордов:77)
	at com.kms.katalon.core.main.ScriptEngine.run(ScriptEngine.java:194)
	at com.kms.katalon.core.main.ScriptEngine.runScriptAsRawText(ScriptEngine.java:119)
	at com.kms.katalon.core.main.TestCaseExecutor.runScript(TestCaseExecutor.java:448)
	at com.kms.katalon.core.main.TestCaseExecutor.doExecute(TestCaseExecutor.java:439)
	at com.kms.katalon.core.main.TestCaseExecutor.processExecutionPhase(TestCaseExecutor.java:418)
	at com.kms.katalon.core.main.TestCaseExecutor.accessMainPhase(TestCaseExecutor.java:410)
	at com.kms.katalon.core.main.TestCaseExecutor.execute(TestCaseExecutor.java:285)
	at com.kms.katalon.core.common.CommonExecutor.accessTestCaseMainPhase(CommonExecutor.java:65)
	at com.kms.katalon.core.main.TestSuiteExecutor.accessTestSuiteMainPhase(TestSuiteExecutor.java:150)
	at com.kms.katalon.core.main.TestSuiteExecutor.execute(TestSuiteExecutor.java:106)
	at com.kms.katalon.core.main.TestCaseMain.startTestSuite(TestCaseMain.java:180)
	at TempTestSuite1736921988279.run(TempTestSuite1736921988279.groovy:35)
	at java.base/jdk.internal.reflect.NativeMethodAccessorImpl.invoke0(Native Method)
	at java.base/jdk.internal.reflect.NativeMethodAccessorImpl.invoke(NativeMethodAccessorImpl.java:77)
	at java.base/jdk.internal.reflect.DelegatingMethodAccessorImpl.invoke(DelegatingMethodAccessorImpl.java:43)
Caused by: com.kms.katalon.core.webui.exception.WebElementNotFoundException: Web element with id: 'Object Repository/Выручка по ДЗО/Октябрь 2024' located by '//li[10]/ul/li[4]/ul/li/div/div' not found
	at com.kms.katalon.core.webui.common.WebUiCommonHelper.findWebElement(WebUiCommonHelper.java:1426)
	at com.kms.katalon.core.webui.keyword.internal.WebUIAbstractKeyword.findWebElement(WebUIAbstractKeyword.groovy:27)
	at com.kms.katalon.core.webui.keyword.builtin.ClickKeyword$_click_closure1.doCall(ClickKeyword.groovy:65)
	at com.kms.katalon.core.webui.keyword.builtin.ClickKeyword$_click_closure1.call(ClickKeyword.groovy)
	at com.kms.katalon.core.webui.keyword.internal.WebUIKeywordMain.runKeyword(WebUIKeywordMain.groovy:20)
	at com.kms.katalon.core.webui.keyword.builtin.ClickKeyword.click(ClickKeyword.groovy:74)
	at com.kms.katalon.core.webui.keyword.builtin.ClickKeyword.execute(ClickKeyword.groovy:40)
	at com.kms.katalon.core.keyword.internal.KeywordExecutor.executeKeywordForPlatform(KeywordExecutor.groovy:74)
	at com.kms.katalon.core.webui.keyword.WebUiBuiltInKeywords.click(WebUiBuiltInKeywords.groovy:647)
	at Script1679562813597.run(Script1679562813597.groovy:77)
	... 15 more
)
[[ATTACHMENT|C:\\Users\\LIAZGINA-DI\\git\\SPORU\\Reports\\20250115_091948\\\u041F\u043D-\u0421\u0440-\u041F\u0442\\\u0421\u0432\u0435\u0440\u043A\u0430 \u0434\u0430\u0448\u0431\u043E\u0440\u0434\u043E\u0432 \u0438\u0437 \u0440\u0430\u0437\u043D\u044B\u0445 \u0431\u043B\u043E\u043A\u043E\u0432\\20250115_091948\\1736923474855.png]]

15-01-2025T09:44:34 - [TEST_STEP][FAILED] - scrollToElement(findTestObject("Выручка по ДЗО/Ноябрь 2024"), 30): Unable to scroll to object 'Object Repository/Выручка по ДЗО/Ноябрь 2024' (Root cause: com.kms.katalon.core.exception.StepFailedException: Unable to scroll to object 'Object Repository/Выручка по ДЗО/Ноябрь 2024'
	at com.kms.katalon.core.webui.keyword.internal.WebUIKeywordMain.stepFailed(WebUIKeywordMain.groovy:64)
	at com.kms.katalon.core.webui.keyword.internal.WebUIKeywordMain.runKeyword(WebUIKeywordMain.groovy:26)
	at com.kms.katalon.core.webui.keyword.builtin.ScrollToElementKeyword.scrollToElement(ScrollToElementKeyword.groovy:88)
	at com.kms.katalon.core.webui.keyword.builtin.ScrollToElementKeyword.execute(ScrollToElementKeyword.groovy:68)
	at com.kms.katalon.core.keyword.internal.KeywordExecutor.executeKeywordForPlatform(KeywordExecutor.groovy:74)
	at com.kms.katalon.core.webui.keyword.WebUiBuiltInKeywords.scrollToElement(WebUiBuiltInKeywords.groovy:4147)
	at Выручка по ДЗО сверка дашбордов.run(Выручка по ДЗО сверка дашбордов:79)
	at com.kms.katalon.core.main.ScriptEngine.run(ScriptEngine.java:194)
	at com.kms.katalon.core.main.ScriptEngine.runScriptAsRawText(ScriptEngine.java:119)
	at com.kms.katalon.core.main.TestCaseExecutor.runScript(TestCaseExecutor.java:448)
	at com.kms.katalon.core.main.TestCaseExecutor.doExecute(TestCaseExecutor.java:439)
	at com.kms.katalon.core.main.TestCaseExecutor.processExecutionPhase(TestCaseExecutor.java:418)
	at com.kms.katalon.core.main.TestCaseExecutor.accessMainPhase(TestCaseExecutor.java:410)
	at com.kms.katalon.core.main.TestCaseExecutor.execute(TestCaseExecutor.java:285)
	at com.kms.katalon.core.common.CommonExecutor.accessTestCaseMainPhase(CommonExecutor.java:65)
	at com.kms.katalon.core.main.TestSuiteExecutor.accessTestSuiteMainPhase(TestSuiteExecutor.java:150)
	at com.kms.katalon.core.main.TestSuiteExecutor.execute(TestSuiteExecutor.java:106)
	at com.kms.katalon.core.main.TestCaseMain.startTestSuite(TestCaseMain.java:180)
	at TempTestSuite1736921988279.run(TempTestSuite1736921988279.groovy:35)
	at java.base/jdk.internal.reflect.NativeMethodAccessorImpl.invoke0(Native Method)
	at java.base/jdk.internal.reflect.NativeMethodAccessorImpl.invoke(NativeMethodAccessorImpl.java:77)
	at java.base/jdk.internal.reflect.DelegatingMethodAccessorImpl.invoke(DelegatingMethodAccessorImpl.java:43)
Caused by: com.kms.katalon.core.webui.exception.WebElementNotFoundException: Web element with id: 'Object Repository/Выручка по ДЗО/Ноябрь 2024' located by '//li[10]/ul/li[4]/ul/li[2]/div/div' not found
	at com.kms.katalon.core.webui.common.WebUiCommonHelper.findWebElement(WebUiCommonHelper.java:1426)
	at com.kms.katalon.core.webui.keyword.internal.WebUIAbstractKeyword.findWebElement(WebUIAbstractKeyword.groovy:27)
	at com.kms.katalon.core.webui.keyword.internal.WebUIAbstractKeyword.findWebElement(WebUIAbstractKeyword.groovy:26)
	at com.kms.katalon.core.webui.keyword.builtin.ScrollToElementKeyword$_scrollToElement_closure1.doCall(ScrollToElementKeyword.groovy:79)
	at com.kms.katalon.core.webui.keyword.builtin.ScrollToElementKeyword$_scrollToElement_closure1.call(ScrollToElementKeyword.groovy)
	at com.kms.katalon.core.webui.keyword.internal.WebUIKeywordMain.runKeyword(WebUIKeywordMain.groovy:20)
	at com.kms.katalon.core.webui.keyword.builtin.ScrollToElementKeyword.scrollToElement(ScrollToElementKeyword.groovy:88)
	at com.kms.katalon.core.webui.keyword.builtin.ScrollToElementKeyword.execute(ScrollToElementKeyword.groovy:68)
	at com.kms.katalon.core.keyword.internal.KeywordExecutor.executeKeywordForPlatform(KeywordExecutor.groovy:74)
	at com.kms.katalon.core.webui.keyword.WebUiBuiltInKeywords.scrollToElement(WebUiBuiltInKeywords.groovy:4147)
	at Script1679562813597.run(Script1679562813597.groovy:79)
	... 15 more
)

15-01-2025T09:45:06 - [MESSAGE][INFO] - Unable to find the element located by 'By.xpath: //li[10]/ul/li[4]/ul/li[2]/div/div'. Please recheck the objects properties to make sure the desired element is located. 

15-01-2025T09:45:06 - [MESSAGE][FAILED] - Unable to scroll to object 'Object Repository/Выручка по ДЗО/Ноябрь 2024' (Root cause: com.kms.katalon.core.exception.StepFailedException: Unable to scroll to object 'Object Repository/Выручка по ДЗО/Ноябрь 2024'
	at com.kms.katalon.core.webui.keyword.internal.WebUIKeywordMain.stepFailed(WebUIKeywordMain.groovy:64)
	at com.kms.katalon.core.webui.keyword.internal.WebUIKeywordMain.runKeyword(WebUIKeywordMain.groovy:26)
	at com.kms.katalon.core.webui.keyword.builtin.ScrollToElementKeyword.scrollToElement(ScrollToElementKeyword.groovy:88)
	at com.kms.katalon.core.webui.keyword.builtin.ScrollToElementKeyword.execute(ScrollToElementKeyword.groovy:68)
	at com.kms.katalon.core.keyword.internal.KeywordExecutor.executeKeywordForPlatform(KeywordExecutor.groovy:74)
	at com.kms.katalon.core.webui.keyword.WebUiBuiltInKeywords.scrollToElement(WebUiBuiltInKeywords.groovy:4147)
	at Выручка по ДЗО сверка дашбордов.run(Выручка по ДЗО сверка дашбордов:79)
	at com.kms.katalon.core.main.ScriptEngine.run(ScriptEngine.java:194)
	at com.kms.katalon.core.main.ScriptEngine.runScriptAsRawText(ScriptEngine.java:119)
	at com.kms.katalon.core.main.TestCaseExecutor.runScript(TestCaseExecutor.java:448)
	at com.kms.katalon.core.main.TestCaseExecutor.doExecute(TestCaseExecutor.java:439)
	at com.kms.katalon.core.main.TestCaseExecutor.processExecutionPhase(TestCaseExecutor.java:418)
	at com.kms.katalon.core.main.TestCaseExecutor.accessMainPhase(TestCaseExecutor.java:410)
	at com.kms.katalon.core.main.TestCaseExecutor.execute(TestCaseExecutor.java:285)
	at com.kms.katalon.core.common.CommonExecutor.accessTestCaseMainPhase(CommonExecutor.java:65)
	at com.kms.katalon.core.main.TestSuiteExecutor.accessTestSuiteMainPhase(TestSuiteExecutor.java:150)
	at com.kms.katalon.core.main.TestSuiteExecutor.execute(TestSuiteExecutor.java:106)
	at com.kms.katalon.core.main.TestCaseMain.startTestSuite(TestCaseMain.java:180)
	at TempTestSuite1736921988279.run(TempTestSuite1736921988279.groovy:35)
	at java.base/jdk.internal.reflect.NativeMethodAccessorImpl.invoke0(Native Method)
	at java.base/jdk.internal.reflect.NativeMethodAccessorImpl.invoke(NativeMethodAccessorImpl.java:77)
	at java.base/jdk.internal.reflect.DelegatingMethodAccessorImpl.invoke(DelegatingMethodAccessorImpl.java:43)
Caused by: com.kms.katalon.core.webui.exception.WebElementNotFoundException: Web element with id: 'Object Repository/Выручка по ДЗО/Ноябрь 2024' located by '//li[10]/ul/li[4]/ul/li[2]/div/div' not found
	at com.kms.katalon.core.webui.common.WebUiCommonHelper.findWebElement(WebUiCommonHelper.java:1426)
	at com.kms.katalon.core.webui.keyword.internal.WebUIAbstractKeyword.findWebElement(WebUIAbstractKeyword.groovy:27)
	at com.kms.katalon.core.webui.keyword.internal.WebUIAbstractKeyword.findWebElement(WebUIAbstractKeyword.groovy:26)
	at com.kms.katalon.core.webui.keyword.builtin.ScrollToElementKeyword$_scrollToElement_closure1.doCall(ScrollToElementKeyword.groovy:79)
	at com.kms.katalon.core.webui.keyword.builtin.ScrollToElementKeyword$_scrollToElement_closure1.call(ScrollToElementKeyword.groovy)
	at com.kms.katalon.core.webui.keyword.internal.WebUIKeywordMain.runKeyword(WebUIKeywordMain.groovy:20)
	at com.kms.katalon.core.webui.keyword.builtin.ScrollToElementKeyword.scrollToElement(ScrollToElementKeyword.groovy:88)
	at com.kms.katalon.core.webui.keyword.builtin.ScrollToElementKeyword.execute(ScrollToElementKeyword.groovy:68)
	at com.kms.katalon.core.keyword.internal.KeywordExecutor.executeKeywordForPlatform(KeywordExecutor.groovy:74)
	at com.kms.katalon.core.webui.keyword.WebUiBuiltInKeywords.scrollToElement(WebUiBuiltInKeywords.groovy:4147)
	at Script1679562813597.run(Script1679562813597.groovy:79)
	... 15 more
)
[[ATTACHMENT|C:\\Users\\LIAZGINA-DI\\git\\SPORU\\Reports\\20250115_091948\\\u041F\u043D-\u0421\u0440-\u041F\u0442\\\u0421\u0432\u0435\u0440\u043A\u0430 \u0434\u0430\u0448\u0431\u043E\u0440\u0434\u043E\u0432 \u0438\u0437 \u0440\u0430\u0437\u043D\u044B\u0445 \u0431\u043B\u043E\u043A\u043E\u0432\\20250115_091948\\1736923506157.png]]

15-01-2025T09:45:06 - [TEST_STEP][FAILED] - click(findTestObject("Выручка по ДЗО/Ноябрь 2024"), CONTINUE_ON_FAILURE): Unable to click on object 'Object Repository/Выручка по ДЗО/Ноябрь 2024' (Root cause: com.kms.katalon.core.exception.StepFailedException: Unable to click on object 'Object Repository/Выручка по ДЗО/Ноябрь 2024'
	at com.kms.katalon.core.webui.keyword.internal.WebUIKeywordMain.stepFailed(WebUIKeywordMain.groovy:64)
	at com.kms.katalon.core.webui.keyword.internal.WebUIKeywordMain.runKeyword(WebUIKeywordMain.groovy:26)
	at com.kms.katalon.core.webui.keyword.builtin.ClickKeyword.click(ClickKeyword.groovy:74)
	at com.kms.katalon.core.webui.keyword.builtin.ClickKeyword.execute(ClickKeyword.groovy:40)
	at com.kms.katalon.core.keyword.internal.KeywordExecutor.executeKeywordForPlatform(KeywordExecutor.groovy:74)
	at com.kms.katalon.core.webui.keyword.WebUiBuiltInKeywords.click(WebUiBuiltInKeywords.groovy:647)
	at Выручка по ДЗО сверка дашбордов.run(Выручка по ДЗО сверка дашбордов:81)
	at com.kms.katalon.core.main.ScriptEngine.run(ScriptEngine.java:194)
	at com.kms.katalon.core.main.ScriptEngine.runScriptAsRawText(ScriptEngine.java:119)
	at com.kms.katalon.core.main.TestCaseExecutor.runScript(TestCaseExecutor.java:448)
	at com.kms.katalon.core.main.TestCaseExecutor.doExecute(TestCaseExecutor.java:439)
	at com.kms.katalon.core.main.TestCaseExecutor.processExecutionPhase(TestCaseExecutor.java:418)
	at com.kms.katalon.core.main.TestCaseExecutor.accessMainPhase(TestCaseExecutor.java:410)
	at com.kms.katalon.core.main.TestCaseExecutor.execute(TestCaseExecutor.java:285)
	at com.kms.katalon.core.common.CommonExecutor.accessTestCaseMainPhase(CommonExecutor.java:65)
	at com.kms.katalon.core.main.TestSuiteExecutor.accessTestSuiteMainPhase(TestSuiteExecutor.java:150)
	at com.kms.katalon.core.main.TestSuiteExecutor.execute(TestSuiteExecutor.java:106)
	at com.kms.katalon.core.main.TestCaseMain.startTestSuite(TestCaseMain.java:180)
	at TempTestSuite1736921988279.run(TempTestSuite1736921988279.groovy:35)
	at java.base/jdk.internal.reflect.NativeMethodAccessorImpl.invoke0(Native Method)
	at java.base/jdk.internal.reflect.NativeMethodAccessorImpl.invoke(NativeMethodAccessorImpl.java:77)
	at java.base/jdk.internal.reflect.DelegatingMethodAccessorImpl.invoke(DelegatingMethodAccessorImpl.java:43)
Caused by: com.kms.katalon.core.webui.exception.WebElementNotFoundException: Web element with id: 'Object Repository/Выручка по ДЗО/Ноябрь 2024' located by '//li[10]/ul/li[4]/ul/li[2]/div/div' not found
	at com.kms.katalon.core.webui.common.WebUiCommonHelper.findWebElement(WebUiCommonHelper.java:1426)
	at com.kms.katalon.core.webui.keyword.internal.WebUIAbstractKeyword.findWebElement(WebUIAbstractKeyword.groovy:27)
	at com.kms.katalon.core.webui.keyword.builtin.ClickKeyword$_click_closure1.doCall(ClickKeyword.groovy:65)
	at com.kms.katalon.core.webui.keyword.builtin.ClickKeyword$_click_closure1.call(ClickKeyword.groovy)
	at com.kms.katalon.core.webui.keyword.internal.WebUIKeywordMain.runKeyword(WebUIKeywordMain.groovy:20)
	at com.kms.katalon.core.webui.keyword.builtin.ClickKeyword.click(ClickKeyword.groovy:74)
	at com.kms.katalon.core.webui.keyword.builtin.ClickKeyword.execute(ClickKeyword.groovy:40)
	at com.kms.katalon.core.keyword.internal.KeywordExecutor.executeKeywordForPlatform(KeywordExecutor.groovy:74)
	at com.kms.katalon.core.webui.keyword.WebUiBuiltInKeywords.click(WebUiBuiltInKeywords.groovy:647)
	at Script1679562813597.run(Script1679562813597.groovy:81)
	... 15 more
)

15-01-2025T09:45:37 - [MESSAGE][INFO] - Unable to find the element located by 'By.xpath: //li[10]/ul/li[4]/ul/li[2]/div/div'. Please recheck the objects properties to make sure the desired element is located. 

15-01-2025T09:45:37 - [MESSAGE][FAILED] - Unable to click on object 'Object Repository/Выручка по ДЗО/Ноябрь 2024' (Root cause: com.kms.katalon.core.exception.StepFailedException: Unable to click on object 'Object Repository/Выручка по ДЗО/Ноябрь 2024'
	at com.kms.katalon.core.webui.keyword.internal.WebUIKeywordMain.stepFailed(WebUIKeywordMain.groovy:64)
	at com.kms.katalon.core.webui.keyword.internal.WebUIKeywordMain.runKeyword(WebUIKeywordMain.groovy:26)
	at com.kms.katalon.core.webui.keyword.builtin.ClickKeyword.click(ClickKeyword.groovy:74)
	at com.kms.katalon.core.webui.keyword.builtin.ClickKeyword.execute(ClickKeyword.groovy:40)
	at com.kms.katalon.core.keyword.internal.KeywordExecutor.executeKeywordForPlatform(KeywordExecutor.groovy:74)
	at com.kms.katalon.core.webui.keyword.WebUiBuiltInKeywords.click(WebUiBuiltInKeywords.groovy:647)
	at Выручка по ДЗО сверка дашбордов.run(Выручка по ДЗО сверка дашбордов:81)
	at com.kms.katalon.core.main.ScriptEngine.run(ScriptEngine.java:194)
	at com.kms.katalon.core.main.ScriptEngine.runScriptAsRawText(ScriptEngine.java:119)
	at com.kms.katalon.core.main.TestCaseExecutor.runScript(TestCaseExecutor.java:448)
	at com.kms.katalon.core.main.TestCaseExecutor.doExecute(TestCaseExecutor.java:439)
	at com.kms.katalon.core.main.TestCaseExecutor.processExecutionPhase(TestCaseExecutor.java:418)
	at com.kms.katalon.core.main.TestCaseExecutor.accessMainPhase(TestCaseExecutor.java:410)
	at com.kms.katalon.core.main.TestCaseExecutor.execute(TestCaseExecutor.java:285)
	at com.kms.katalon.core.common.CommonExecutor.accessTestCaseMainPhase(CommonExecutor.java:65)
	at com.kms.katalon.core.main.TestSuiteExecutor.accessTestSuiteMainPhase(TestSuiteExecutor.java:150)
	at com.kms.katalon.core.main.TestSuiteExecutor.execute(TestSuiteExecutor.java:106)
	at com.kms.katalon.core.main.TestCaseMain.startTestSuite(TestCaseMain.java:180)
	at TempTestSuite1736921988279.run(TempTestSuite1736921988279.groovy:35)
	at java.base/jdk.internal.reflect.NativeMethodAccessorImpl.invoke0(Native Method)
	at java.base/jdk.internal.reflect.NativeMethodAccessorImpl.invoke(NativeMethodAccessorImpl.java:77)
	at java.base/jdk.internal.reflect.DelegatingMethodAccessorImpl.invoke(DelegatingMethodAccessorImpl.java:43)
Caused by: com.kms.katalon.core.webui.exception.WebElementNotFoundException: Web element with id: 'Object Repository/Выручка по ДЗО/Ноябрь 2024' located by '//li[10]/ul/li[4]/ul/li[2]/div/div' not found
	at com.kms.katalon.core.webui.common.WebUiCommonHelper.findWebElement(WebUiCommonHelper.java:1426)
	at com.kms.katalon.core.webui.keyword.internal.WebUIAbstractKeyword.findWebElement(WebUIAbstractKeyword.groovy:27)
	at com.kms.katalon.core.webui.keyword.builtin.ClickKeyword$_click_closure1.doCall(ClickKeyword.groovy:65)
	at com.kms.katalon.core.webui.keyword.builtin.ClickKeyword$_click_closure1.call(ClickKeyword.groovy)
	at com.kms.katalon.core.webui.keyword.internal.WebUIKeywordMain.runKeyword(WebUIKeywordMain.groovy:20)
	at com.kms.katalon.core.webui.keyword.builtin.ClickKeyword.click(ClickKeyword.groovy:74)
	at com.kms.katalon.core.webui.keyword.builtin.ClickKeyword.execute(ClickKeyword.groovy:40)
	at com.kms.katalon.core.keyword.internal.KeywordExecutor.executeKeywordForPlatform(KeywordExecutor.groovy:74)
	at com.kms.katalon.core.webui.keyword.WebUiBuiltInKeywords.click(WebUiBuiltInKeywords.groovy:647)
	at Script1679562813597.run(Script1679562813597.groovy:81)
	... 15 more
)
[[ATTACHMENT|C:\\Users\\LIAZGINA-DI\\git\\SPORU\\Reports\\20250115_091948\\\u041F\u043D-\u0421\u0440-\u041F\u0442\\\u0421\u0432\u0435\u0440\u043A\u0430 \u0434\u0430\u0448\u0431\u043E\u0440\u0434\u043E\u0432 \u0438\u0437 \u0440\u0430\u0437\u043D\u044B\u0445 \u0431\u043B\u043E\u043A\u043E\u0432\\20250115_091948\\1736923537350.png]]

15-01-2025T09:45:37 - [TEST_STEP][FAILED] - click(findTestObject("Выручка по ДЗО/Применить в фильтре Дата")): Unable to click on object 'Object Repository/Выручка по ДЗО/Применить в фильтре Дата' (Root cause: com.kms.katalon.core.exception.StepFailedException: Unable to click on object 'Object Repository/Выручка по ДЗО/Применить в фильтре Дата'
	at com.kms.katalon.core.webui.keyword.internal.WebUIKeywordMain.stepFailed(WebUIKeywordMain.groovy:64)
	at com.kms.katalon.core.webui.keyword.internal.WebUIKeywordMain.runKeyword(WebUIKeywordMain.groovy:26)
	at com.kms.katalon.core.webui.keyword.builtin.ClickKeyword.click(ClickKeyword.groovy:74)
	at com.kms.katalon.core.webui.keyword.builtin.ClickKeyword.execute(ClickKeyword.groovy:40)
	at com.kms.katalon.core.keyword.internal.KeywordExecutor.executeKeywordForPlatform(KeywordExecutor.groovy:74)
	at com.kms.katalon.core.webui.keyword.WebUiBuiltInKeywords.click(WebUiBuiltInKeywords.groovy:659)
	at Выручка по ДЗО сверка дашбордов.run(Выручка по ДЗО сверка дашбордов:84)
	at com.kms.katalon.core.main.ScriptEngine.run(ScriptEngine.java:194)
	at com.kms.katalon.core.main.ScriptEngine.runScriptAsRawText(ScriptEngine.java:119)
	at com.kms.katalon.core.main.TestCaseExecutor.runScript(TestCaseExecutor.java:448)
	at com.kms.katalon.core.main.TestCaseExecutor.doExecute(TestCaseExecutor.java:439)
	at com.kms.katalon.core.main.TestCaseExecutor.processExecutionPhase(TestCaseExecutor.java:418)
	at com.kms.katalon.core.main.TestCaseExecutor.accessMainPhase(TestCaseExecutor.java:410)
	at com.kms.katalon.core.main.TestCaseExecutor.execute(TestCaseExecutor.java:285)
	at com.kms.katalon.core.common.CommonExecutor.accessTestCaseMainPhase(CommonExecutor.java:65)
	at com.kms.katalon.core.main.TestSuiteExecutor.accessTestSuiteMainPhase(TestSuiteExecutor.java:150)
	at com.kms.katalon.core.main.TestSuiteExecutor.execute(TestSuiteExecutor.java:106)
	at com.kms.katalon.core.main.TestCaseMain.startTestSuite(TestCaseMain.java:180)
	at TempTestSuite1736921988279.run(TempTestSuite1736921988279.groovy:35)
	at java.base/jdk.internal.reflect.NativeMethodAccessorImpl.invoke0(Native Method)
	at java.base/jdk.internal.reflect.NativeMethodAccessorImpl.invoke(NativeMethodAccessorImpl.java:77)
	at java.base/jdk.internal.reflect.DelegatingMethodAccessorImpl.invoke(DelegatingMethodAccessorImpl.java:43)
Caused by: com.kms.katalon.core.webui.exception.WebElementNotFoundException: Web element with id: 'Object Repository/Выручка по ДЗО/Применить в фильтре Дата' located by '//*/text()[normalize-space(.)='Применить']/parent::*' not found
	at com.kms.katalon.core.webui.common.WebUiCommonHelper.findWebElement(WebUiCommonHelper.java:1426)
	at com.kms.katalon.core.webui.keyword.internal.WebUIAbstractKeyword.findWebElement(WebUIAbstractKeyword.groovy:27)
	at com.kms.katalon.core.webui.keyword.builtin.ClickKeyword$_click_closure1.doCall(ClickKeyword.groovy:65)
	at com.kms.katalon.core.webui.keyword.builtin.ClickKeyword$_click_closure1.call(ClickKeyword.groovy)
	at com.kms.katalon.core.webui.keyword.internal.WebUIKeywordMain.runKeyword(WebUIKeywordMain.groovy:20)
	at com.kms.katalon.core.webui.keyword.builtin.ClickKeyword.click(ClickKeyword.groovy:74)
	at com.kms.katalon.core.webui.keyword.builtin.ClickKeyword.execute(ClickKeyword.groovy:40)
	at com.kms.katalon.core.keyword.internal.KeywordExecutor.executeKeywordForPlatform(KeywordExecutor.groovy:74)
	at com.kms.katalon.core.webui.keyword.WebUiBuiltInKeywords.click(WebUiBuiltInKeywords.groovy:659)
	at Script1679562813597.run(Script1679562813597.groovy:84)
	... 15 more
)

15-01-2025T09:46:08 - [MESSAGE][INFO] - Unable to find the element located by 'By.xpath: //*/text()[normalize-space(.)='Применить']/parent::*'. Please recheck the objects properties to make sure the desired element is located. 

15-01-2025T09:46:08 - [MESSAGE][FAILED] - Unable to click on object 'Object Repository/Выручка по ДЗО/Применить в фильтре Дата' (Root cause: com.kms.katalon.core.exception.StepFailedException: Unable to click on object 'Object Repository/Выручка по ДЗО/Применить в фильтре Дата'
	at com.kms.katalon.core.webui.keyword.internal.WebUIKeywordMain.stepFailed(WebUIKeywordMain.groovy:64)
	at com.kms.katalon.core.webui.keyword.internal.WebUIKeywordMain.runKeyword(WebUIKeywordMain.groovy:26)
	at com.kms.katalon.core.webui.keyword.builtin.ClickKeyword.click(ClickKeyword.groovy:74)
	at com.kms.katalon.core.webui.keyword.builtin.ClickKeyword.execute(ClickKeyword.groovy:40)
	at com.kms.katalon.core.keyword.internal.KeywordExecutor.executeKeywordForPlatform(KeywordExecutor.groovy:74)
	at com.kms.katalon.core.webui.keyword.WebUiBuiltInKeywords.click(WebUiBuiltInKeywords.groovy:659)
	at Выручка по ДЗО сверка дашбордов.run(Выручка по ДЗО сверка дашбордов:84)
	at com.kms.katalon.core.main.ScriptEngine.run(ScriptEngine.java:194)
	at com.kms.katalon.core.main.ScriptEngine.runScriptAsRawText(ScriptEngine.java:119)
	at com.kms.katalon.core.main.TestCaseExecutor.runScript(TestCaseExecutor.java:448)
	at com.kms.katalon.core.main.TestCaseExecutor.doExecute(TestCaseExecutor.java:439)
	at com.kms.katalon.core.main.TestCaseExecutor.processExecutionPhase(TestCaseExecutor.java:418)
	at com.kms.katalon.core.main.TestCaseExecutor.accessMainPhase(TestCaseExecutor.java:410)
	at com.kms.katalon.core.main.TestCaseExecutor.execute(TestCaseExecutor.java:285)
	at com.kms.katalon.core.common.CommonExecutor.accessTestCaseMainPhase(CommonExecutor.java:65)
	at com.kms.katalon.core.main.TestSuiteExecutor.accessTestSuiteMainPhase(TestSuiteExecutor.java:150)
	at com.kms.katalon.core.main.TestSuiteExecutor.execute(TestSuiteExecutor.java:106)
	at com.kms.katalon.core.main.TestCaseMain.startTestSuite(TestCaseMain.java:180)
	at TempTestSuite1736921988279.run(TempTestSuite1736921988279.groovy:35)
	at java.base/jdk.internal.reflect.NativeMethodAccessorImpl.invoke0(Native Method)
	at java.base/jdk.internal.reflect.NativeMethodAccessorImpl.invoke(NativeMethodAccessorImpl.java:77)
	at java.base/jdk.internal.reflect.DelegatingMethodAccessorImpl.invoke(DelegatingMethodAccessorImpl.java:43)
Caused by: com.kms.katalon.core.webui.exception.WebElementNotFoundException: Web element with id: 'Object Repository/Выручка по ДЗО/Применить в фильтре Дата' located by '//*/text()[normalize-space(.)='Применить']/parent::*' not found
	at com.kms.katalon.core.webui.common.WebUiCommonHelper.findWebElement(WebUiCommonHelper.java:1426)
	at com.kms.katalon.core.webui.keyword.internal.WebUIAbstractKeyword.findWebElement(WebUIAbstractKeyword.groovy:27)
	at com.kms.katalon.core.webui.keyword.builtin.ClickKeyword$_click_closure1.doCall(ClickKeyword.groovy:65)
	at com.kms.katalon.core.webui.keyword.builtin.ClickKeyword$_click_closure1.call(ClickKeyword.groovy)
	at com.kms.katalon.core.webui.keyword.internal.WebUIKeywordMain.runKeyword(WebUIKeywordMain.groovy:20)
	at com.kms.katalon.core.webui.keyword.builtin.ClickKeyword.click(ClickKeyword.groovy:74)
	at com.kms.katalon.core.webui.keyword.builtin.ClickKeyword.execute(ClickKeyword.groovy:40)
	at com.kms.katalon.core.keyword.internal.KeywordExecutor.executeKeywordForPlatform(KeywordExecutor.groovy:74)
	at com.kms.katalon.core.webui.keyword.WebUiBuiltInKeywords.click(WebUiBuiltInKeywords.groovy:659)
	at Script1679562813597.run(Script1679562813597.groovy:84)
	... 15 more
)
[[ATTACHMENT|C:\\Users\\LIAZGINA-DI\\git\\SPORU\\Reports\\20250115_091948\\\u041F\u043D-\u0421\u0440-\u041F\u0442\\\u0421\u0432\u0435\u0440\u043A\u0430 \u0434\u0430\u0448\u0431\u043E\u0440\u0434\u043E\u0432 \u0438\u0437 \u0440\u0430\u0437\u043D\u044B\u0445 \u0431\u043B\u043E\u043A\u043E\u0432\\20250115_091948\\1736923568555.png]]

15-01-2025T09:46:08 - [TEST_STEP][PASSED] - delay(30): Delayed 30 second(s)

15-01-2025T09:46:38 - [MESSAGE][PASSED] - Delayed 30 second(s)

15-01-2025T09:46:38 - [TEST_STEP][FAILED] - a1 = getText(findTestObject("Выручка по ДЗО/График1 Выполнение плановых показателей Блок руководителя")): Unable to get text of object 'Object Repository/Выручка по ДЗО/График1 Выполнение плановых показателей Блок руководителя' (Root cause: com.kms.katalon.core.exception.StepFailedException: Unable to get text of object 'Object Repository/Выручка по ДЗО/График1 Выполнение плановых показателей Блок руководителя'
	at com.kms.katalon.core.webui.keyword.internal.WebUIKeywordMain.stepFailed(WebUIKeywordMain.groovy:64)
	at com.kms.katalon.core.webui.keyword.internal.WebUIKeywordMain.runKeyword(WebUIKeywordMain.groovy:26)
	at com.kms.katalon.core.webui.keyword.builtin.GetTextKeyword.getText(GetTextKeyword.groovy:88)
	at com.kms.katalon.core.webui.keyword.builtin.GetTextKeyword.execute(GetTextKeyword.groovy:67)
	at com.kms.katalon.core.keyword.internal.KeywordExecutor.executeKeywordForPlatform(KeywordExecutor.groovy:74)
	at com.kms.katalon.core.webui.keyword.WebUiBuiltInKeywords.getText(WebUiBuiltInKeywords.groovy:957)
	at Выручка по ДЗО сверка дашбордов.run(Выручка по ДЗО сверка дашбордов:88)
	at com.kms.katalon.core.main.ScriptEngine.run(ScriptEngine.java:194)
	at com.kms.katalon.core.main.ScriptEngine.runScriptAsRawText(ScriptEngine.java:119)
	at com.kms.katalon.core.main.TestCaseExecutor.runScript(TestCaseExecutor.java:448)
	at com.kms.katalon.core.main.TestCaseExecutor.doExecute(TestCaseExecutor.java:439)
	at com.kms.katalon.core.main.TestCaseExecutor.processExecutionPhase(TestCaseExecutor.java:418)
	at com.kms.katalon.core.main.TestCaseExecutor.accessMainPhase(TestCaseExecutor.java:410)
	at com.kms.katalon.core.main.TestCaseExecutor.execute(TestCaseExecutor.java:285)
	at com.kms.katalon.core.common.CommonExecutor.accessTestCaseMainPhase(CommonExecutor.java:65)
	at com.kms.katalon.core.main.TestSuiteExecutor.accessTestSuiteMainPhase(TestSuiteExecutor.java:150)
	at com.kms.katalon.core.main.TestSuiteExecutor.execute(TestSuiteExecutor.java:106)
	at com.kms.katalon.core.main.TestCaseMain.startTestSuite(TestCaseMain.java:180)
	at TempTestSuite1736921988279.run(TempTestSuite1736921988279.groovy:35)
	at java.base/jdk.internal.reflect.NativeMethodAccessorImpl.invoke0(Native Method)
	at java.base/jdk.internal.reflect.NativeMethodAccessorImpl.invoke(NativeMethodAccessorImpl.java:77)
	at java.base/jdk.internal.reflect.DelegatingMethodAccessorImpl.invoke(DelegatingMethodAccessorImpl.java:43)
Caused by: com.kms.katalon.core.webui.exception.WebElementNotFoundException: Web element with id: 'Object Repository/Выручка по ДЗО/График1 Выполнение плановых показателей Блок руководителя' located by '(.//*[normalize-space(text()) and normalize-space(.)='В начало'])[9]/following::*[name()='svg'][1]' not found
	at com.kms.katalon.core.webui.common.WebUiCommonHelper.findWebElement(WebUiCommonHelper.java:1426)
	at com.kms.katalon.core.webui.keyword.internal.WebUIAbstractKeyword.findWebElement(WebUIAbstractKeyword.groovy:27)
	at com.kms.katalon.core.webui.keyword.internal.WebUIAbstractKeyword.findWebElement(WebUIAbstractKeyword.groovy:26)
	at com.kms.katalon.core.webui.keyword.builtin.GetTextKeyword$_getText_closure1.doCall(GetTextKeyword.groovy:78)
	at com.kms.katalon.core.webui.keyword.builtin.GetTextKeyword$_getText_closure1.call(GetTextKeyword.groovy)
	at com.kms.katalon.core.webui.keyword.internal.WebUIKeywordMain.runKeyword(WebUIKeywordMain.groovy:20)
	at com.kms.katalon.core.webui.keyword.builtin.GetTextKeyword.getText(GetTextKeyword.groovy:88)
	at com.kms.katalon.core.webui.keyword.builtin.GetTextKeyword.execute(GetTextKeyword.groovy:67)
	at com.kms.katalon.core.keyword.internal.KeywordExecutor.executeKeywordForPlatform(KeywordExecutor.groovy:74)
	at com.kms.katalon.core.webui.keyword.WebUiBuiltInKeywords.getText(WebUiBuiltInKeywords.groovy:957)
	at Script1679562813597.run(Script1679562813597.groovy:88)
	... 15 more
)

15-01-2025T09:47:09 - [MESSAGE][INFO] - Unable to find the element located by 'By.xpath: (.//*[normalize-space(text()) and normalize-space(.)='В начало'])[9]/following::*[name()='svg'][1]'. Please recheck the objects properties to make sure the desired element is located. 

15-01-2025T09:47:09 - [MESSAGE][FAILED] - Unable to get text of object 'Object Repository/Выручка по ДЗО/График1 Выполнение плановых показателей Блок руководителя' (Root cause: com.kms.katalon.core.exception.StepFailedException: Unable to get text of object 'Object Repository/Выручка по ДЗО/График1 Выполнение плановых показателей Блок руководителя'
	at com.kms.katalon.core.webui.keyword.internal.WebUIKeywordMain.stepFailed(WebUIKeywordMain.groovy:64)
	at com.kms.katalon.core.webui.keyword.internal.WebUIKeywordMain.runKeyword(WebUIKeywordMain.groovy:26)
	at com.kms.katalon.core.webui.keyword.builtin.GetTextKeyword.getText(GetTextKeyword.groovy:88)
	at com.kms.katalon.core.webui.keyword.builtin.GetTextKeyword.execute(GetTextKeyword.groovy:67)
	at com.kms.katalon.core.keyword.internal.KeywordExecutor.executeKeywordForPlatform(KeywordExecutor.groovy:74)
	at com.kms.katalon.core.webui.keyword.WebUiBuiltInKeywords.getText(WebUiBuiltInKeywords.groovy:957)
	at Выручка по ДЗО сверка дашбордов.run(Выручка по ДЗО сверка дашбордов:88)
	at com.kms.katalon.core.main.ScriptEngine.run(ScriptEngine.java:194)
	at com.kms.katalon.core.main.ScriptEngine.runScriptAsRawText(ScriptEngine.java:119)
	at com.kms.katalon.core.main.TestCaseExecutor.runScript(TestCaseExecutor.java:448)
	at com.kms.katalon.core.main.TestCaseExecutor.doExecute(TestCaseExecutor.java:439)
	at com.kms.katalon.core.main.TestCaseExecutor.processExecutionPhase(TestCaseExecutor.java:418)
	at com.kms.katalon.core.main.TestCaseExecutor.accessMainPhase(TestCaseExecutor.java:410)
	at com.kms.katalon.core.main.TestCaseExecutor.execute(TestCaseExecutor.java:285)
	at com.kms.katalon.core.common.CommonExecutor.accessTestCaseMainPhase(CommonExecutor.java:65)
	at com.kms.katalon.core.main.TestSuiteExecutor.accessTestSuiteMainPhase(TestSuiteExecutor.java:150)
	at com.kms.katalon.core.main.TestSuiteExecutor.execute(TestSuiteExecutor.java:106)
	at com.kms.katalon.core.main.TestCaseMain.startTestSuite(TestCaseMain.java:180)
	at TempTestSuite1736921988279.run(TempTestSuite1736921988279.groovy:35)
	at java.base/jdk.internal.reflect.NativeMethodAccessorImpl.invoke0(Native Method)
	at java.base/jdk.internal.reflect.NativeMethodAccessorImpl.invoke(NativeMethodAccessorImpl.java:77)
	at java.base/jdk.internal.reflect.DelegatingMethodAccessorImpl.invoke(DelegatingMethodAccessorImpl.java:43)
Caused by: com.kms.katalon.core.webui.exception.WebElementNotFoundException: Web element with id: 'Object Repository/Выручка по ДЗО/График1 Выполнение плановых показателей Блок руководителя' located by '(.//*[normalize-space(text()) and normalize-space(.)='В начало'])[9]/following::*[name()='svg'][1]' not found
	at com.kms.katalon.core.webui.common.WebUiCommonHelper.findWebElement(WebUiCommonHelper.java:1426)
	at com.kms.katalon.core.webui.keyword.internal.WebUIAbstractKeyword.findWebElement(WebUIAbstractKeyword.groovy:27)
	at com.kms.katalon.core.webui.keyword.internal.WebUIAbstractKeyword.findWebElement(WebUIAbstractKeyword.groovy:26)
	at com.kms.katalon.core.webui.keyword.builtin.GetTextKeyword$_getText_closure1.doCall(GetTextKeyword.groovy:78)
	at com.kms.katalon.core.webui.keyword.builtin.GetTextKeyword$_getText_closure1.call(GetTextKeyword.groovy)
	at com.kms.katalon.core.webui.keyword.internal.WebUIKeywordMain.runKeyword(WebUIKeywordMain.groovy:20)
	at com.kms.katalon.core.webui.keyword.builtin.GetTextKeyword.getText(GetTextKeyword.groovy:88)
	at com.kms.katalon.core.webui.keyword.builtin.GetTextKeyword.execute(GetTextKeyword.groovy:67)
	at com.kms.katalon.core.keyword.internal.KeywordExecutor.executeKeywordForPlatform(KeywordExecutor.groovy:74)
	at com.kms.katalon.core.webui.keyword.WebUiBuiltInKeywords.getText(WebUiBuiltInKeywords.groovy:957)
	at Script1679562813597.run(Script1679562813597.groovy:88)
	... 15 more
)
[[ATTACHMENT|C:\\Users\\LIAZGINA-DI\\git\\SPORU\\Reports\\20250115_091948\\\u041F\u043D-\u0421\u0440-\u041F\u0442\\\u0421\u0432\u0435\u0440\u043A\u0430 \u0434\u0430\u0448\u0431\u043E\u0440\u0434\u043E\u0432 \u0438\u0437 \u0440\u0430\u0437\u043D\u044B\u0445 \u0431\u043B\u043E\u043A\u043E\u0432\\20250115_091948\\1736923629717.png]]

15-01-2025T09:47:09 - [TEST_STEP][PASSED] - println("a1: " + a1): null

15-01-2025T09:47:09 - [TEST_STEP][ERROR] - i = a1.indexOf("План"): Test Cases/Сверки дашбордов/Выручка по ДЗО сверка дашбордов FAILED.
Reason:
java.lang.NullPointerException: Cannot invoke method indexOf() on null object
	at Выручка по ДЗО сверка дашбордов.run(Выручка по ДЗО сверка дашбордов:92)
	at com.kms.katalon.core.main.ScriptEngine.run(ScriptEngine.java:194)
	at com.kms.katalon.core.main.ScriptEngine.runScriptAsRawText(ScriptEngine.java:119)
	at com.kms.katalon.core.main.TestCaseExecutor.runScript(TestCaseExecutor.java:448)
	at com.kms.katalon.core.main.TestCaseExecutor.doExecute(TestCaseExecutor.java:439)
	at com.kms.katalon.core.main.TestCaseExecutor.processExecutionPhase(TestCaseExecutor.java:418)
	at com.kms.katalon.core.main.TestCaseExecutor.accessMainPhase(TestCaseExecutor.java:410)
	at com.kms.katalon.core.main.TestCaseExecutor.execute(TestCaseExecutor.java:285)
	at com.kms.katalon.core.common.CommonExecutor.accessTestCaseMainPhase(CommonExecutor.java:65)
	at com.kms.katalon.core.main.TestSuiteExecutor.accessTestSuiteMainPhase(TestSuiteExecutor.java:150)
	at com.kms.katalon.core.main.TestSuiteExecutor.execute(TestSuiteExecutor.java:106)
	at com.kms.katalon.core.main.TestCaseMain.startTestSuite(TestCaseMain.java:180)
	at TempTestSuite1736921988279.run(TempTestSuite1736921988279.groovy:35)
	at java.base/jdk.internal.reflect.NativeMethodAccessorImpl.invoke0(Native Method)
	at java.base/jdk.internal.reflect.NativeMethodAccessorImpl.invoke(NativeMethodAccessorImpl.java:77)
	at java.base/jdk.internal.reflect.DelegatingMethodAccessorImpl.invoke(DelegatingMethodAccessorImpl.java:43)


15-01-2025T09:47:09 - [MESSAGE][ERROR] - Test Cases/Сверки дашбордов/Выручка по ДЗО сверка дашбордов FAILED.
Reason:
java.lang.NullPointerException: Cannot invoke method indexOf() on null object
	at Выручка по ДЗО сверка дашбордов.run(Выручка по ДЗО сверка дашбордов:92)
	at com.kms.katalon.core.main.ScriptEngine.run(ScriptEngine.java:194)
	at com.kms.katalon.core.main.ScriptEngine.runScriptAsRawText(ScriptEngine.java:119)
	at com.kms.katalon.core.main.TestCaseExecutor.runScript(TestCaseExecutor.java:448)
	at com.kms.katalon.core.main.TestCaseExecutor.doExecute(TestCaseExecutor.java:439)
	at com.kms.katalon.core.main.TestCaseExecutor.processExecutionPhase(TestCaseExecutor.java:418)
	at com.kms.katalon.core.main.TestCaseExecutor.accessMainPhase(TestCaseExecutor.java:410)
	at com.kms.katalon.core.main.TestCaseExecutor.execute(TestCaseExecutor.java:285)
	at com.kms.katalon.core.common.CommonExecutor.accessTestCaseMainPhase(CommonExecutor.java:65)
	at com.kms.katalon.core.main.TestSuiteExecutor.accessTestSuiteMainPhase(TestSuiteExecutor.java:150)
	at com.kms.katalon.core.main.TestSuiteExecutor.execute(TestSuiteExecutor.java:106)
	at com.kms.katalon.core.main.TestCaseMain.startTestSuite(TestCaseMain.java:180)
	at TempTestSuite1736921988279.run(TempTestSuite1736921988279.groovy:35)
	at java.base/jdk.internal.reflect.NativeMethodAccessorImpl.invoke0(Native Method)
	at java.base/jdk.internal.reflect.NativeMethodAccessorImpl.invoke(NativeMethodAccessorImpl.java:77)
	at java.base/jdk.internal.reflect.DelegatingMethodAccessorImpl.invoke(DelegatingMethodAccessorImpl.java:43)]]></system-out>
         <system-err><![CDATA[15-01-2025T09:33:39 - [TEST_CASE][FAILED] - Test Cases/Сверки дашбордов/Выручка по ДЗО сверка дашбордов: Test Cases/Сверки дашбордов/Выручка по ДЗО сверка дашбордов FAILED.
Reason:
com.kms.katalon.core.exception.StepFailedException: Unable to set text 'liazgina-di' of object 'Object Repository/Страница авторизации/input__username' (Root cause: com.kms.katalon.core.exception.StepFailedException: Unable to set text 'liazgina-di' of object 'Object Repository/Страница авторизации/input__username'
	at com.kms.katalon.core.webui.keyword.internal.WebUIKeywordMain.stepFailed(WebUIKeywordMain.groovy:64)
	at com.kms.katalon.core.webui.keyword.internal.WebUIKeywordMain.runKeyword(WebUIKeywordMain.groovy:26)
	at com.kms.katalon.core.webui.keyword.builtin.SetTextKeyword.setText(SetTextKeyword.groovy:85)
	at com.kms.katalon.core.webui.keyword.builtin.SetTextKeyword.execute(SetTextKeyword.groovy:39)
	at com.kms.katalon.core.keyword.internal.KeywordExecutor.executeKeywordForPlatform(KeywordExecutor.groovy:74)
	at com.kms.katalon.core.webui.keyword.WebUiBuiltInKeywords.setText(WebUiBuiltInKeywords.groovy:1019)
	at Выручка по ДЗО сверка дашбордов.run(Выручка по ДЗО сверка дашбордов:31)
	at com.kms.katalon.core.main.ScriptEngine.run(ScriptEngine.java:194)
	at com.kms.katalon.core.main.ScriptEngine.runScriptAsRawText(ScriptEngine.java:119)
	at com.kms.katalon.core.main.TestCaseExecutor.runScript(TestCaseExecutor.java:448)
	at com.kms.katalon.core.main.TestCaseExecutor.doExecute(TestCaseExecutor.java:439)
	at com.kms.katalon.core.main.TestCaseExecutor.processExecutionPhase(TestCaseExecutor.java:418)
	at com.kms.katalon.core.main.TestCaseExecutor.accessMainPhase(TestCaseExecutor.java:410)
	at com.kms.katalon.core.main.TestCaseExecutor.execute(TestCaseExecutor.java:285)
	at com.kms.katalon.core.common.CommonExecutor.accessTestCaseMainPhase(CommonExecutor.java:65)
	at com.kms.katalon.core.main.TestSuiteExecutor.accessTestSuiteMainPhase(TestSuiteExecutor.java:150)
	at com.kms.katalon.core.main.TestSuiteExecutor.execute(TestSuiteExecutor.java:106)
	at com.kms.katalon.core.main.TestCaseMain.startTestSuite(TestCaseMain.java:180)
	at TempTestSuite1736921988279.run(TempTestSuite1736921988279.groovy:35)
	at java.base/jdk.internal.reflect.NativeMethodAccessorImpl.invoke0(Native Method)
	at java.base/jdk.internal.reflect.NativeMethodAccessorImpl.invoke(NativeMethodAccessorImpl.java:77)
	at java.base/jdk.internal.reflect.DelegatingMethodAccessorImpl.invoke(DelegatingMethodAccessorImpl.java:43)
Caused by: com.kms.katalon.core.webui.exception.WebElementNotFoundException: Web element with id: 'Object Repository/Страница авторизации/input__username' located by '//input[@id='username']' not found
	at com.kms.katalon.core.webui.common.WebUiCommonHelper.findWebElement(WebUiCommonHelper.java:1426)
	at com.kms.katalon.core.webui.keyword.internal.WebUIAbstractKeyword.findWebElement(WebUIAbstractKeyword.groovy:27)
	at com.kms.katalon.core.webui.keyword.internal.WebUIAbstractKeyword.findWebElement(WebUIAbstractKeyword.groovy:26)
	at com.kms.katalon.core.webui.keyword.builtin.SetTextKeyword$_setText_closure1.doCall(SetTextKeyword.groovy:53)
	at com.kms.katalon.core.webui.keyword.builtin.SetTextKeyword$_setText_closure1.call(SetTextKeyword.groovy)
	at com.kms.katalon.core.webui.keyword.internal.WebUIKeywordMain.runKeyword(WebUIKeywordMain.groovy:20)
	at com.kms.katalon.core.webui.keyword.builtin.SetTextKeyword.setText(SetTextKeyword.groovy:85)
	at com.kms.katalon.core.webui.keyword.builtin.SetTextKeyword.execute(SetTextKeyword.groovy:39)
	at com.kms.katalon.core.keyword.internal.KeywordExecutor.executeKeywordForPlatform(KeywordExecutor.groovy:74)
	at com.kms.katalon.core.webui.keyword.WebUiBuiltInKeywords.setText(WebUiBuiltInKeywords.groovy:1019)
	at Script1679562813597.run(Script1679562813597.groovy:31)
	... 15 more
)
	at com.kms.katalon.core.keyword.internal.KeywordMain.stepFailed(KeywordMain.groovy:39)
	at com.kms.katalon.core.webui.keyword.internal.WebUIKeywordMain.stepFailed(WebUIKeywordMain.groovy:64)
	at com.kms.katalon.core.webui.keyword.internal.WebUIKeywordMain.runKeyword(WebUIKeywordMain.groovy:26)
	at com.kms.katalon.core.webui.keyword.builtin.SetTextKeyword.setText(SetTextKeyword.groovy:85)
	at com.kms.katalon.core.webui.keyword.builtin.SetTextKeyword.execute(SetTextKeyword.groovy:39)
	at com.kms.katalon.core.keyword.internal.KeywordExecutor.executeKeywordForPlatform(KeywordExecutor.groovy:74)
	at com.kms.katalon.core.webui.keyword.WebUiBuiltInKeywords.setText(WebUiBuiltInKeywords.groovy:1019)
	at Выручка по ДЗО сверка дашбордов.run(Выручка по ДЗО сверка дашбордов:31)
	at com.kms.katalon.core.main.ScriptEngine.run(ScriptEngine.java:194)
	at com.kms.katalon.core.main.ScriptEngine.runScriptAsRawText(ScriptEngine.java:119)
	at com.kms.katalon.core.main.TestCaseExecutor.runScript(TestCaseExecutor.java:448)
	at com.kms.katalon.core.main.TestCaseExecutor.doExecute(TestCaseExecutor.java:439)
	at com.kms.katalon.core.main.TestCaseExecutor.processExecutionPhase(TestCaseExecutor.java:418)
	at com.kms.katalon.core.main.TestCaseExecutor.accessMainPhase(TestCaseExecutor.java:410)
	at com.kms.katalon.core.main.TestCaseExecutor.execute(TestCaseExecutor.java:285)
	at com.kms.katalon.core.common.CommonExecutor.accessTestCaseMainPhase(CommonExecutor.java:65)
	at com.kms.katalon.core.main.TestSuiteExecutor.accessTestSuiteMainPhase(TestSuiteExecutor.java:150)
	at com.kms.katalon.core.main.TestSuiteExecutor.execute(TestSuiteExecutor.java:106)
	at com.kms.katalon.core.main.TestCaseMain.startTestSuite(TestCaseMain.java:180)
	at TempTestSuite1736921988279.run(TempTestSuite1736921988279.groovy:35)
	at java.base/jdk.internal.reflect.NativeMethodAccessorImpl.invoke0(Native Method)
	at java.base/jdk.internal.reflect.NativeMethodAccessorImpl.invoke(NativeMethodAccessorImpl.java:77)
	at java.base/jdk.internal.reflect.DelegatingMethodAccessorImpl.invoke(DelegatingMethodAccessorImpl.java:43)
Caused by: com.kms.katalon.core.exception.StepFailedException: Unable to set text 'liazgina-di' of object 'Object Repository/Страница авторизации/input__username'
	... 22 more
Caused by: com.kms.katalon.core.webui.exception.WebElementNotFoundException: Web element with id: 'Object Repository/Страница авторизации/input__username' located by '//input[@id='username']' not found
	at com.kms.katalon.core.webui.common.WebUiCommonHelper.findWebElement(WebUiCommonHelper.java:1426)
	at com.kms.katalon.core.webui.keyword.internal.WebUIAbstractKeyword.findWebElement(WebUIAbstractKeyword.groovy:27)
	at com.kms.katalon.core.webui.keyword.internal.WebUIAbstractKeyword.findWebElement(WebUIAbstractKeyword.groovy:26)
	at com.kms.katalon.core.webui.keyword.builtin.SetTextKeyword$_setText_closure1.doCall(SetTextKeyword.groovy:53)
	at com.kms.katalon.core.webui.keyword.builtin.SetTextKeyword$_setText_closure1.call(SetTextKeyword.groovy)
	at com.kms.katalon.core.webui.keyword.internal.WebUIKeywordMain.runKeyword(WebUIKeywordMain.groovy:20)
	... 20 more]]></system-err>
      </testcase>
      <testcase name="Test Cases/Сверки дашбордов/Прогноз по отраслям сверка дашбордов" time="1162.517" classname="Test Cases/Сверки дашбордов/Прогноз по отраслям сверка дашбордов" status="PASSED">
         <system-out><![CDATA[15-01-2025T09:47:09 - [TEST_CASE][PASSED] - Test Cases/Сверки дашбордов/Прогноз по отраслям сверка дашбордов: Test Cases/Сверки дашбордов/Прогноз по отраслям сверка дашбордов

15-01-2025T09:47:10 - [TEST_STEP][PASSED] - date = new java.util.Date(): null

15-01-2025T09:47:10 - [TEST_STEP][PASSED] - todaysDate = date.format("dd.MM.yyyy"): null

15-01-2025T09:47:10 - [TEST_STEP][PASSED] - println(todaysDate): null

15-01-2025T09:47:10 - [TEST_STEP][PASSED] - typeOfData = <not implemented yet for class: org.codehaus.groovy.ast.expr.EmptyExpression>: null

15-01-2025T09:47:10 - [TEST_STEP][PASSED] - filterSravnenie = <not implemented yet for class: org.codehaus.groovy.ast.expr.EmptyExpression>: null

15-01-2025T09:47:10 - [TEST_STEP][PASSED] - kpoOtpusk = <not implemented yet for class: org.codehaus.groovy.ast.expr.EmptyExpression>: null

15-01-2025T09:47:10 - [TEST_STEP][PASSED] - openBrowser(""): Browser is opened with url: ''

15-01-2025T09:47:10 - [MESSAGE][WARNING] - A browser is already opened. Closing browser and opening a new one

15-01-2025T09:47:10 - [MESSAGE][INFO] - Starting 'Chrome' driver

15-01-2025T09:47:10 - [MESSAGE][INFO] - Action delay is set to 0 milliseconds

15-01-2025T09:47:11 - [MESSAGE][PASSED] - Browser is opened with url: ''

15-01-2025T09:47:11 - [TEST_STEP][PASSED] - navigateToUrl(findTestData("PlanFact").getValue(10, 6)): Navigate to 'https://bi.rosseti.digital/viewer?dashboardGuid=d6acb5b1a7114a9791b34de39263106e&sheetGuid=0b6d261d7f7b4424a967aa8f3a724189&fit=true' successfully

15-01-2025T09:47:19 - [MESSAGE][PASSED] - Navigate to 'https://bi.rosseti.digital/viewer?dashboardGuid=d6acb5b1a7114a9791b34de39263106e&sheetGuid=0b6d261d7f7b4424a967aa8f3a724189&fit=true' successfully

15-01-2025T09:47:19 - [TEST_STEP][PASSED] - setText(findTestObject("Страница авторизации/input__username"), findTestData("PlanFact").getValue(8, 1)): Text 'liazgina-di' is set on object 'Object Repository/Страница авторизации/input__username'

15-01-2025T09:47:22 - [MESSAGE][PASSED] - Text 'liazgina-di' is set on object 'Object Repository/Страница авторизации/input__username'

15-01-2025T09:47:22 - [TEST_STEP][PASSED] - setText(findTestObject("Страница авторизации/input__password"), findTestData("PlanFact").getValue(9, 1)): Text ')$%5srZ8o688Dm#q' is set on object 'Object Repository/Страница авторизации/input__password'

15-01-2025T09:47:22 - [MESSAGE][PASSED] - Text ')$%5srZ8o688Dm#q' is set on object 'Object Repository/Страница авторизации/input__password'

15-01-2025T09:47:22 - [TEST_STEP][PASSED] - click(findTestObject("Страница авторизации/button_")): Object: 'Object Repository/Страница авторизации/button_' is clicked on

15-01-2025T09:47:24 - [MESSAGE][PASSED] - Object: 'Object Repository/Страница авторизации/button_' is clicked on

15-01-2025T09:47:24 - [TEST_STEP][PASSED] - delay(50): Delayed 50 second(s)

15-01-2025T09:48:14 - [MESSAGE][PASSED] - Delayed 50 second(s)

15-01-2025T09:48:14 - [TEST_STEP][PASSED] - click(findTestObject("Прогноз по отраслям/Фильтр Месяц")): Object: 'Object Repository/Прогноз по отраслям/Фильтр Месяц' is clicked on

15-01-2025T09:48:15 - [MESSAGE][PASSED] - Object: 'Object Repository/Прогноз по отраслям/Фильтр Месяц' is clicked on

15-01-2025T09:48:15 - [TEST_STEP][PASSED] - scrollToElement(findTestObject("Прогноз по отраслям/Ноябрь"), 30): Scroll to object 'Object Repository/Прогноз по отраслям/Ноябрь' successfully

15-01-2025T09:48:15 - [MESSAGE][PASSED] - Scroll to object 'Object Repository/Прогноз по отраслям/Ноябрь' successfully

15-01-2025T09:48:15 - [TEST_STEP][PASSED] - click(findTestObject("Прогноз по отраслям/Ноябрь"), CONTINUE_ON_FAILURE): Object: 'Object Repository/Прогноз по отраслям/Ноябрь' is clicked on

15-01-2025T09:48:16 - [MESSAGE][PASSED] - Object: 'Object Repository/Прогноз по отраслям/Ноябрь' is clicked on

15-01-2025T09:48:16 - [TEST_STEP][PASSED] - scrollToElement(findTestObject("Прогноз по отраслям/Заголовок дашборда"), 30): Scroll to object 'Object Repository/Прогноз по отраслям/Заголовок дашборда' successfully

15-01-2025T09:48:18 - [MESSAGE][PASSED] - Scroll to object 'Object Repository/Прогноз по отраслям/Заголовок дашборда' successfully

15-01-2025T09:48:18 - [TEST_STEP][PASSED] - click(findTestObject("Прогноз по отраслям/Фильтр Сравнение с")): Object: 'Object Repository/Прогноз по отраслям/Фильтр Сравнение с' is clicked on

15-01-2025T09:48:19 - [MESSAGE][PASSED] - Object: 'Object Repository/Прогноз по отраслям/Фильтр Сравнение с' is clicked on

15-01-2025T09:48:19 - [TEST_STEP][PASSED] - click(findTestObject("Прогноз по отраслям/Факт прошлого года")): Object: 'Object Repository/Прогноз по отраслям/Факт прошлого года' is clicked on

15-01-2025T09:48:20 - [MESSAGE][PASSED] - Object: 'Object Repository/Прогноз по отраслям/Факт прошлого года' is clicked on

15-01-2025T09:48:20 - [TEST_STEP][PASSED] - click(findTestObject("Прогноз по отраслям/Фильтр КПО-Отпуск")): Object: 'Object Repository/Прогноз по отраслям/Фильтр КПО-Отпуск' is clicked on

15-01-2025T09:48:23 - [MESSAGE][PASSED] - Object: 'Object Repository/Прогноз по отраслям/Фильтр КПО-Отпуск' is clicked on

15-01-2025T09:48:23 - [TEST_STEP][PASSED] - click(findTestObject("Прогноз по отраслям/Отпуск")): Object: 'Object Repository/Прогноз по отраслям/Отпуск' is clicked on

15-01-2025T09:48:24 - [MESSAGE][PASSED] - Object: 'Object Repository/Прогноз по отраслям/Отпуск' is clicked on

15-01-2025T09:48:24 - [TEST_STEP][PASSED] - delay(40): Delayed 40 second(s)

15-01-2025T09:49:04 - [MESSAGE][PASSED] - Delayed 40 second(s)

15-01-2025T09:49:04 - [TEST_STEP][PASSED] - a1 = getText(findTestObject("Прогноз по отраслям/Виджеты дашборда")): Text of object 'Object Repository/Прогноз по отраслям/Виджеты дашборда' is: 'Год 
2023 год
Сравнение с 
Факт прошлого года
Динамика электропотребления, млрд. кВт.ч. по ПАО Россети на 2023 год
12 12
186 186
36 36
50 50
10 10
19 19
0 0
17 17
85 85
19 19
82 82
604 604
10 10
197 197
37 37
48 48
10 10
15 15
4 4
18 18
80 80
19 19
82 82
608 608
Факт прошлого года
Ожидаемое (прогноз по конца года)
Интер РАО (дляФСК)
Промышленныепотребители
Транспорт
Нефтедобыча
Нефтепереработка
Нефтепроводы
Газопроводы
Сельскоехозяйство ипищеваяпромышленность
Непромышленныепотребители
Государственные(муниципальные)организации ипрочиебюджетныепотребители
Население иприравненныегруппыпотребителей
Территориальныесетевыеорганизации
Выручка по ПАО Россети на 2023 год
5 5
285 285
72 72
72 72
18 18
22 22
0 0
50 50
201 201
61 61
190 190
227 227
6 6
331 331
82 82
77 77
20 20
20 20
3 3
57 57
220 220
68 68
214 214
258 258
Факт прошлого года
Ожидаемое (прогноз по конца года)
Интер РАО (дляФСК)
Промышленныепотребители
Транспорт
Нефтедобыча
Нефтепереработка
Нефтепроводы
Газопроводы
Сельскоехозяйство ипищеваяпромышленность
Непромышленныепотребители
Государственные(муниципальные)организации ипрочиебюджетныепотребители
Население иприравненныегруппыпотребителей
Территориальныесетевыеорганизации
Отклонения по ПАО Россети на 2023 год
-18.5% -18.5%
5.9% 5.9%
3.6% 3.6%
-3.9% -3.9%
0.9% 0.9%
-20.7% -20.7%
3 313.2% 3 313.2%
3.8% 3.8%
-5.6% -5.6%
1.3% 1.3%
-0.9% -0.9%
0.7% 0.7%
⬤ Отклонение, %
Интер РАО (для ФСК)
Промышленные потребители
Транспорт
Нефтедобыча
Нефтепереработка
Нефтепроводы
Газопроводы
Сельское хозяйство и пищевая пр…
Непромышленные потребители
Государственные (муниципальные…
Население и приравненные групп…
Территориальные сетевые органи…
Выручка отклонения по ПАО Россети на 2023 год
7.7% 7.7%
16.0% 16.0%
13.2% 13.2%
6.7% 6.7%
13.3% 13.3%
-7.7% -7.7%
1 331.5% 1 331.5%
14.2% 14.2%
9.9% 9.9%
12.0% 12.0%
12.4% 12.4%
13.7% 13.7%
⬤ Отклонение, %
Интер РАО (для ФСК)
Промышленные потребители
Транспорт
Нефтедобыча
Нефтепереработка
Нефтепроводы
Газопроводы
Сельское хозяйство и пищевая пр…
Непромышленные потребители
Государственные (муниципальные…
Население и приравненные групп…
Территориальные сетевые органи…
абс.
%
Прогноз на месяц 
Ноябрь
КПО/Отпуск из сети 
Отпуск из сети, млн. кВт.ч
Организация 
Все
Прогноз электропотребления и выручки за услуги по передаче в разрезе отраслей'

15-01-2025T09:49:05 - [MESSAGE][PASSED] - Text of object 'Object Repository/Прогноз по отраслям/Виджеты дашборда' is: 'Год 
2023 год
Сравнение с 
Факт прошлого года
Динамика электропотребления, млрд. кВт.ч. по ПАО Россети на 2023 год
12 12
186 186
36 36
50 50
10 10
19 19
0 0
17 17
85 85
19 19
82 82
604 604
10 10
197 197
37 37
48 48
10 10
15 15
4 4
18 18
80 80
19 19
82 82
608 608
Факт прошлого года
Ожидаемое (прогноз по конца года)
Интер РАО (дляФСК)
Промышленныепотребители
Транспорт
Нефтедобыча
Нефтепереработка
Нефтепроводы
Газопроводы
Сельскоехозяйство ипищеваяпромышленность
Непромышленныепотребители
Государственные(муниципальные)организации ипрочиебюджетныепотребители
Население иприравненныегруппыпотребителей
Территориальныесетевыеорганизации
Выручка по ПАО Россети на 2023 год
5 5
285 285
72 72
72 72
18 18
22 22
0 0
50 50
201 201
61 61
190 190
227 227
6 6
331 331
82 82
77 77
20 20
20 20
3 3
57 57
220 220
68 68
214 214
258 258
Факт прошлого года
Ожидаемое (прогноз по конца года)
Интер РАО (дляФСК)
Промышленныепотребители
Транспорт
Нефтедобыча
Нефтепереработка
Нефтепроводы
Газопроводы
Сельскоехозяйство ипищеваяпромышленность
Непромышленныепотребители
Государственные(муниципальные)организации ипрочиебюджетныепотребители
Население иприравненныегруппыпотребителей
Территориальныесетевыеорганизации
Отклонения по ПАО Россети на 2023 год
-18.5% -18.5%
5.9% 5.9%
3.6% 3.6%
-3.9% -3.9%
0.9% 0.9%
-20.7% -20.7%
3 313.2% 3 313.2%
3.8% 3.8%
-5.6% -5.6%
1.3% 1.3%
-0.9% -0.9%
0.7% 0.7%
⬤ Отклонение, %
Интер РАО (для ФСК)
Промышленные потребители
Транспорт
Нефтедобыча
Нефтепереработка
Нефтепроводы
Газопроводы
Сельское хозяйство и пищевая пр…
Непромышленные потребители
Государственные (муниципальные…
Население и приравненные групп…
Территориальные сетевые органи…
Выручка отклонения по ПАО Россети на 2023 год
7.7% 7.7%
16.0% 16.0%
13.2% 13.2%
6.7% 6.7%
13.3% 13.3%
-7.7% -7.7%
1 331.5% 1 331.5%
14.2% 14.2%
9.9% 9.9%
12.0% 12.0%
12.4% 12.4%
13.7% 13.7%
⬤ Отклонение, %
Интер РАО (для ФСК)
Промышленные потребители
Транспорт
Нефтедобыча
Нефтепереработка
Нефтепроводы
Газопроводы
Сельское хозяйство и пищевая пр…
Непромышленные потребители
Государственные (муниципальные…
Население и приравненные групп…
Территориальные сетевые органи…
абс.
%
Прогноз на месяц 
Ноябрь
КПО/Отпуск из сети 
Отпуск из сети, млн. кВт.ч
Организация 
Все
Прогноз электропотребления и выручки за услуги по передаче в разрезе отраслей'

15-01-2025T09:49:05 - [TEST_STEP][PASSED] - a1 = a1.replaceAll("[^0-9]", ""): null

15-01-2025T09:49:05 - [TEST_STEP][PASSED] - println("a1:" + a1): null

15-01-2025T09:49:05 - [TEST_STEP][PASSED] - click(findTestObject("Прогноз по отраслям/Фильтр Сравнение с")): Object: 'Object Repository/Прогноз по отраслям/Фильтр Сравнение с' is clicked on

15-01-2025T09:49:05 - [MESSAGE][PASSED] - Object: 'Object Repository/Прогноз по отраслям/Фильтр Сравнение с' is clicked on

15-01-2025T09:49:05 - [TEST_STEP][PASSED] - click(findTestObject("Прогноз по отраслям/План")): Object: 'Object Repository/Прогноз по отраслям/План' is clicked on

15-01-2025T09:49:06 - [MESSAGE][PASSED] - Object: 'Object Repository/Прогноз по отраслям/План' is clicked on

15-01-2025T09:49:06 - [TEST_STEP][PASSED] - delay(40): Delayed 40 second(s)

15-01-2025T09:49:46 - [MESSAGE][PASSED] - Delayed 40 second(s)

15-01-2025T09:49:46 - [TEST_STEP][PASSED] - a2 = getText(findTestObject("Прогноз по отраслям/Виджеты дашборда")): Text of object 'Object Repository/Прогноз по отраслям/Виджеты дашборда' is: 'Год 
2023 год
Сравнение с 
План
Динамика электропотребления, млрд. кВт.ч. по ПАО Россети на 2023 год
10 10
190 190
36 36
14 14
9 9
14 14
4 4
17 17
80 80
19 19
82 82
588 588
10 10
197 197
37 37
48 48
10 10
15 15
4 4
18 18
80 80
19 19
82 82
608 608
План
Ожидаемое (прогноз по конца года)
Интер РАО (дляФСК)
Промышленныепотребители
Транспорт
Нефтедобыча
Нефтепереработка
Нефтепроводы
Газопроводы
Сельскоехозяйство ипищеваяпромышленность
Непромышленныепотребители
Государственные(муниципальные)организации ипрочиебюджетныепотребители
Население иприравненныегруппыпотребителей
Территориальныесетевыеорганизации
Выручка по ПАО Россети на 2023 год
5 5
319 319
81 81
16 16
16 16
20 20
2 2
56 56
215 215
67 67
218 218
239 239
6 6
331 331
82 82
77 77
20 20
20 20
3 3
57 57
220 220
68 68
214 214
258 258
План
Ожидаемое (прогноз по конца года)
Интер РАО (дляФСК)
Промышленныепотребители
Транспорт
Нефтедобыча
Нефтепереработка
Нефтепроводы
Газопроводы
Сельскоехозяйство ипищеваяпромышленность
Непромышленныепотребители
Государственные(муниципальные)организации ипрочиебюджетныепотребители
Население иприравненныегруппыпотребителей
Территориальныесетевыеорганизации
Отклонения по ПАО Россети на 2023 год
-4.7% -4.7%
3.8% 3.8%
1.9% 1.9%
230.3% 230.3%
10.9% 10.9%
4.2% 4.2%
21.7% 21.7%
3.9% 3.9%
-0.6% -0.6%
1.6% 1.6%
-1.0% -1.0%
3.3% 3.3%
⬤ Отклонение, %
Интер РАО (для ФСК)
Промышленные потребители
Транспорт
Нефтедобыча
Нефтепереработка
Нефтепроводы
Газопроводы
Сельское хозяйство и пищевая пр…
Непромышленные потребители
Государственные (муниципальные…
Население и приравненные групп…
Территориальные сетевые органи…
Выручка отклонения по ПАО Россети на 2023 год
15.6% 15.6%
3.8% 3.8%
1.2% 1.2%
398.2% 398.2%
26.9% 26.9%
-0.6% -0.6%
26.9% 26.9%
1.5% 1.5%
2.7% 2.7%
2.0% 2.0%
-2.0% -2.0%
7.9% 7.9%
⬤ Отклонение, %
Интер РАО (для ФСК)
Промышленные потребители
Транспорт
Нефтедобыча
Нефтепереработка
Нефтепроводы
Газопроводы
Сельское хозяйство и пищевая пр…
Непромышленные потребители
Государственные (муниципальные…
Население и приравненные групп…
Территориальные сетевые органи…
абс.
%
Прогноз на месяц 
Ноябрь
КПО/Отпуск из сети 
Отпуск из сети, млн. кВт.ч
Организация 
Все
Прогноз электропотребления и выручки за услуги по передаче в разрезе отраслей'

15-01-2025T09:49:47 - [MESSAGE][PASSED] - Text of object 'Object Repository/Прогноз по отраслям/Виджеты дашборда' is: 'Год 
2023 год
Сравнение с 
План
Динамика электропотребления, млрд. кВт.ч. по ПАО Россети на 2023 год
10 10
190 190
36 36
14 14
9 9
14 14
4 4
17 17
80 80
19 19
82 82
588 588
10 10
197 197
37 37
48 48
10 10
15 15
4 4
18 18
80 80
19 19
82 82
608 608
План
Ожидаемое (прогноз по конца года)
Интер РАО (дляФСК)
Промышленныепотребители
Транспорт
Нефтедобыча
Нефтепереработка
Нефтепроводы
Газопроводы
Сельскоехозяйство ипищеваяпромышленность
Непромышленныепотребители
Государственные(муниципальные)организации ипрочиебюджетныепотребители
Население иприравненныегруппыпотребителей
Территориальныесетевыеорганизации
Выручка по ПАО Россети на 2023 год
5 5
319 319
81 81
16 16
16 16
20 20
2 2
56 56
215 215
67 67
218 218
239 239
6 6
331 331
82 82
77 77
20 20
20 20
3 3
57 57
220 220
68 68
214 214
258 258
План
Ожидаемое (прогноз по конца года)
Интер РАО (дляФСК)
Промышленныепотребители
Транспорт
Нефтедобыча
Нефтепереработка
Нефтепроводы
Газопроводы
Сельскоехозяйство ипищеваяпромышленность
Непромышленныепотребители
Государственные(муниципальные)организации ипрочиебюджетныепотребители
Население иприравненныегруппыпотребителей
Территориальныесетевыеорганизации
Отклонения по ПАО Россети на 2023 год
-4.7% -4.7%
3.8% 3.8%
1.9% 1.9%
230.3% 230.3%
10.9% 10.9%
4.2% 4.2%
21.7% 21.7%
3.9% 3.9%
-0.6% -0.6%
1.6% 1.6%
-1.0% -1.0%
3.3% 3.3%
⬤ Отклонение, %
Интер РАО (для ФСК)
Промышленные потребители
Транспорт
Нефтедобыча
Нефтепереработка
Нефтепроводы
Газопроводы
Сельское хозяйство и пищевая пр…
Непромышленные потребители
Государственные (муниципальные…
Население и приравненные групп…
Территориальные сетевые органи…
Выручка отклонения по ПАО Россети на 2023 год
15.6% 15.6%
3.8% 3.8%
1.2% 1.2%
398.2% 398.2%
26.9% 26.9%
-0.6% -0.6%
26.9% 26.9%
1.5% 1.5%
2.7% 2.7%
2.0% 2.0%
-2.0% -2.0%
7.9% 7.9%
⬤ Отклонение, %
Интер РАО (для ФСК)
Промышленные потребители
Транспорт
Нефтедобыча
Нефтепереработка
Нефтепроводы
Газопроводы
Сельское хозяйство и пищевая пр…
Непромышленные потребители
Государственные (муниципальные…
Население и приравненные групп…
Территориальные сетевые органи…
абс.
%
Прогноз на месяц 
Ноябрь
КПО/Отпуск из сети 
Отпуск из сети, млн. кВт.ч
Организация 
Все
Прогноз электропотребления и выручки за услуги по передаче в разрезе отраслей'

15-01-2025T09:49:47 - [TEST_STEP][PASSED] - a2 = a2.replaceAll("[^0-9]", ""): null

15-01-2025T09:49:47 - [TEST_STEP][PASSED] - println("a2:" + a2): null

15-01-2025T09:49:47 - [TEST_STEP][PASSED] - click(findTestObject("Прогноз по отраслям/Фильтр Сравнение с")): Object: 'Object Repository/Прогноз по отраслям/Фильтр Сравнение с' is clicked on

15-01-2025T09:49:47 - [MESSAGE][PASSED] - Object: 'Object Repository/Прогноз по отраслям/Фильтр Сравнение с' is clicked on

15-01-2025T09:49:47 - [TEST_STEP][PASSED] - click(findTestObject("Прогноз по отраслям/План СУ")): Object: 'Object Repository/Прогноз по отраслям/План СУ' is clicked on

15-01-2025T09:49:48 - [MESSAGE][PASSED] - Object: 'Object Repository/Прогноз по отраслям/План СУ' is clicked on

15-01-2025T09:49:48 - [TEST_STEP][PASSED] - delay(40): Delayed 40 second(s)

15-01-2025T09:50:28 - [MESSAGE][PASSED] - Delayed 40 second(s)

15-01-2025T09:50:28 - [TEST_STEP][PASSED] - a3 = getText(findTestObject("Прогноз по отраслям/Виджеты дашборда")): Text of object 'Object Repository/Прогноз по отраслям/Виджеты дашборда' is: 'Год 
2023 год
Сравнение с 
План/СУ
Динамика электропотребления, млрд. кВт.ч. по ПАО Россети на 2023 год
10 10
186 186
36 36
15 15
9 9
14 14
4 4
17 17
88 88
19 19
83 83
597 597
10 10
197 197
37 37
48 48
10 10
15 15
4 4
18 18
80 80
19 19
82 82
608 608
СУ
Ожидаемое (прогноз по конца года)
Интер РАО (дляФСК)
Промышленныепотребители
Транспорт
Нефтедобыча
Нефтепереработка
Нефтепроводы
Газопроводы
Сельскоехозяйство ипищеваяпромышленность
Непромышленныепотребители
Государственные(муниципальные)организации ипрочиебюджетныепотребители
Население иприравненныегруппыпотребителей
Территориальныесетевыеорганизации
Выручка по ПАО Россети на 2023 год
6 6
331 331
82 82
77 77
20 20
20 20
3 3
57 57
220 220
68 68
214 214
258 258
Ожидаемое (прогноз по конца года)
Интер РАО (дляФСК)
Промышленныепотребители
Транспорт
Нефтедобыча
Нефтепереработка
Нефтепроводы
Газопроводы
Сельскоехозяйство ипищеваяпромышленность
Непромышленныепотребители
Государственные(муниципальные)организации ипрочиебюджетныепотребители
Население иприравненныегруппыпотребителей
Территориальныесетевыеорганизации
Отклонения по ПАО Россети на 2023 год
2.5% 2.5%
5.9% 5.9%
1.9% 1.9%
219.1% 219.1%
11.7% 11.7%
1.9% 1.9%
13.1% 13.1%
3.5% 3.5%
-8.7% -8.7%
0.2% 0.2%
-1.6% -1.6%
1.8% 1.8%
⬤ Отклонение, %
Интер РАО (для ФСК)
Промышленные потребители
Транспорт
Нефтедобыча
Нефтепереработка
Нефтепроводы
Газопроводы
Сельское хозяйство и пищевая пр…
Непромышленные потребители
Государственные (муниципальные…
Население и приравненные групп…
Территориальные сетевые органи…
Выручка отклонения по ПАО Россети на 2023 год
⬤ Отклонение, %
Интер РАО (для ФСК)
Промышленные потребители
Транспорт
Нефтедобыча
Нефтепереработка
Нефтепроводы
Газопроводы
Сельское хозяйство и пищевая пр…
Непромышленные потребители
Государственные (муниципальные…
Население и приравненные групп…
Территориальные сетевые органи…
абс.
%
Прогноз на месяц 
Ноябрь
КПО/Отпуск из сети 
Отпуск из сети, млн. кВт.ч
Организация 
Все
Прогноз электропотребления и выручки за услуги по передаче в разрезе отраслей'

15-01-2025T09:50:28 - [MESSAGE][PASSED] - Text of object 'Object Repository/Прогноз по отраслям/Виджеты дашборда' is: 'Год 
2023 год
Сравнение с 
План/СУ
Динамика электропотребления, млрд. кВт.ч. по ПАО Россети на 2023 год
10 10
186 186
36 36
15 15
9 9
14 14
4 4
17 17
88 88
19 19
83 83
597 597
10 10
197 197
37 37
48 48
10 10
15 15
4 4
18 18
80 80
19 19
82 82
608 608
СУ
Ожидаемое (прогноз по конца года)
Интер РАО (дляФСК)
Промышленныепотребители
Транспорт
Нефтедобыча
Нефтепереработка
Нефтепроводы
Газопроводы
Сельскоехозяйство ипищеваяпромышленность
Непромышленныепотребители
Государственные(муниципальные)организации ипрочиебюджетныепотребители
Население иприравненныегруппыпотребителей
Территориальныесетевыеорганизации
Выручка по ПАО Россети на 2023 год
6 6
331 331
82 82
77 77
20 20
20 20
3 3
57 57
220 220
68 68
214 214
258 258
Ожидаемое (прогноз по конца года)
Интер РАО (дляФСК)
Промышленныепотребители
Транспорт
Нефтедобыча
Нефтепереработка
Нефтепроводы
Газопроводы
Сельскоехозяйство ипищеваяпромышленность
Непромышленныепотребители
Государственные(муниципальные)организации ипрочиебюджетныепотребители
Население иприравненныегруппыпотребителей
Территориальныесетевыеорганизации
Отклонения по ПАО Россети на 2023 год
2.5% 2.5%
5.9% 5.9%
1.9% 1.9%
219.1% 219.1%
11.7% 11.7%
1.9% 1.9%
13.1% 13.1%
3.5% 3.5%
-8.7% -8.7%
0.2% 0.2%
-1.6% -1.6%
1.8% 1.8%
⬤ Отклонение, %
Интер РАО (для ФСК)
Промышленные потребители
Транспорт
Нефтедобыча
Нефтепереработка
Нефтепроводы
Газопроводы
Сельское хозяйство и пищевая пр…
Непромышленные потребители
Государственные (муниципальные…
Население и приравненные групп…
Территориальные сетевые органи…
Выручка отклонения по ПАО Россети на 2023 год
⬤ Отклонение, %
Интер РАО (для ФСК)
Промышленные потребители
Транспорт
Нефтедобыча
Нефтепереработка
Нефтепроводы
Газопроводы
Сельское хозяйство и пищевая пр…
Непромышленные потребители
Государственные (муниципальные…
Население и приравненные групп…
Территориальные сетевые органи…
абс.
%
Прогноз на месяц 
Ноябрь
КПО/Отпуск из сети 
Отпуск из сети, млн. кВт.ч
Организация 
Все
Прогноз электропотребления и выручки за услуги по передаче в разрезе отраслей'

15-01-2025T09:50:28 - [TEST_STEP][PASSED] - a3 = a3.replaceAll("[^0-9]", ""): null

15-01-2025T09:50:28 - [TEST_STEP][PASSED] - println("a3:" + a3): null

15-01-2025T09:50:28 - [TEST_STEP][PASSED] - click(findTestObject("Прогноз по отраслям/Фильтр Сравнение с")): Object: 'Object Repository/Прогноз по отраслям/Фильтр Сравнение с' is clicked on

15-01-2025T09:50:29 - [MESSAGE][PASSED] - Object: 'Object Repository/Прогноз по отраслям/Фильтр Сравнение с' is clicked on

15-01-2025T09:50:29 - [TEST_STEP][PASSED] - click(findTestObject("Прогноз по отраслям/Факт прошлого года")): Object: 'Object Repository/Прогноз по отраслям/Факт прошлого года' is clicked on

15-01-2025T09:50:30 - [MESSAGE][PASSED] - Object: 'Object Repository/Прогноз по отраслям/Факт прошлого года' is clicked on

15-01-2025T09:50:30 - [TEST_STEP][PASSED] - click(findTestObject("Прогноз по отраслям/Фильтр КПО-Отпуск")): Object: 'Object Repository/Прогноз по отраслям/Фильтр КПО-Отпуск' is clicked on

15-01-2025T09:50:32 - [MESSAGE][PASSED] - Object: 'Object Repository/Прогноз по отраслям/Фильтр КПО-Отпуск' is clicked on

15-01-2025T09:50:32 - [TEST_STEP][PASSED] - click(findTestObject("Прогноз по отраслям/КПО")): Object: 'Object Repository/Прогноз по отраслям/КПО' is clicked on

15-01-2025T09:50:33 - [MESSAGE][PASSED] - Object: 'Object Repository/Прогноз по отраслям/КПО' is clicked on

15-01-2025T09:50:33 - [TEST_STEP][PASSED] - delay(40): Delayed 40 second(s)

15-01-2025T09:51:13 - [MESSAGE][PASSED] - Delayed 40 second(s)

15-01-2025T09:51:13 - [TEST_STEP][PASSED] - a4 = getText(findTestObject("Прогноз по отраслям/Виджеты дашборда")): Text of object 'Object Repository/Прогноз по отраслям/Виджеты дашборда' is: 'Год 
2023 год
Сравнение с 
Факт прошлого года
Динамика электропотребления, млрд. кВт.ч. по ПАО Россети на 2023 год
0 0
120 120
38 38
41 41
8 8
10 10
0 0
19 19
77 77
25 25
122 122
61 61
0 0
120 120
39 39
39 39
8 8
8 8
1 1
20 20
78 78
26 26
121 121
60 60
Факт прошлого года
Ожидаемое (прогноз по конца года)
Интер РАО (дляФСК)
Промышленныепотребители
Транспорт
Нефтедобыча
Нефтепереработка
Нефтепроводы
Газопроводы
Сельскоехозяйство ипищеваяпромышленность
Непромышленныепотребители
Государственные(муниципальные)организации ипрочиебюджетныепотребители
Население иприравненныегруппыпотребителей
Территориальныесетевыеорганизации
Выручка по ПАО Россети на 2023 год
5 5
285 285
72 72
72 72
18 18
22 22
0 0
50 50
201 201
61 61
190 190
227 227
6 6
331 331
82 82
77 77
20 20
20 20
3 3
57 57
220 220
68 68
214 214
258 258
Факт прошлого года
Ожидаемое (прогноз по конца года)
Интер РАО (дляФСК)
Промышленныепотребители
Транспорт
Нефтедобыча
Нефтепереработка
Нефтепроводы
Газопроводы
Сельскоехозяйство ипищеваяпромышленность
Непромышленныепотребители
Государственные(муниципальные)организации ипрочиебюджетныепотребители
Население иприравненныегруппыпотребителей
Территориальныесетевыеорганизации
Отклонения по ПАО Россети на 2023 год
0.5% 0.5%
0.9% 0.9%
-5.9% -5.9%
3.1% 3.1%
-17.9% -17.9%
578.4% 578.4%
2.3% 2.3%
1.8% 1.8%
2.1% 2.1%
-0.9% -0.9%
-0.2% -0.2%
⬤ Отклонение, %
Интер РАО (для ФСК)
Промышленные потребители
Транспорт
Нефтедобыча
Нефтепереработка
Нефтепроводы
Газопроводы
Сельское хозяйство и пищевая пр…
Непромышленные потребители
Государственные (муниципальные…
Население и приравненные групп…
Территориальные сетевые органи…
Выручка отклонения по ПАО Россети на 2023 год
7.7% 7.7%
16.0% 16.0%
13.2% 13.2%
6.7% 6.7%
13.3% 13.3%
-7.7% -7.7%
1 331.5% 1 331.5%
14.2% 14.2%
9.9% 9.9%
12.0% 12.0%
12.4% 12.4%
13.7% 13.7%
⬤ Отклонение, %
Интер РАО (для ФСК)
Промышленные потребители
Транспорт
Нефтедобыча
Нефтепереработка
Нефтепроводы
Газопроводы
Сельское хозяйство и пищевая пр…
Непромышленные потребители
Государственные (муниципальные…
Население и приравненные групп…
Территориальные сетевые органи…
абс.
%
Прогноз на месяц 
Ноябрь
КПО/Отпуск из сети 
Котловой полезный отпуск, млн. кВт.ч
Организация 
Все
Прогноз электропотребления и выручки за услуги по передаче в разрезе отраслей'

15-01-2025T09:51:13 - [MESSAGE][PASSED] - Text of object 'Object Repository/Прогноз по отраслям/Виджеты дашборда' is: 'Год 
2023 год
Сравнение с 
Факт прошлого года
Динамика электропотребления, млрд. кВт.ч. по ПАО Россети на 2023 год
0 0
120 120
38 38
41 41
8 8
10 10
0 0
19 19
77 77
25 25
122 122
61 61
0 0
120 120
39 39
39 39
8 8
8 8
1 1
20 20
78 78
26 26
121 121
60 60
Факт прошлого года
Ожидаемое (прогноз по конца года)
Интер РАО (дляФСК)
Промышленныепотребители
Транспорт
Нефтедобыча
Нефтепереработка
Нефтепроводы
Газопроводы
Сельскоехозяйство ипищеваяпромышленность
Непромышленныепотребители
Государственные(муниципальные)организации ипрочиебюджетныепотребители
Население иприравненныегруппыпотребителей
Территориальныесетевыеорганизации
Выручка по ПАО Россети на 2023 год
5 5
285 285
72 72
72 72
18 18
22 22
0 0
50 50
201 201
61 61
190 190
227 227
6 6
331 331
82 82
77 77
20 20
20 20
3 3
57 57
220 220
68 68
214 214
258 258
Факт прошлого года
Ожидаемое (прогноз по конца года)
Интер РАО (дляФСК)
Промышленныепотребители
Транспорт
Нефтедобыча
Нефтепереработка
Нефтепроводы
Газопроводы
Сельскоехозяйство ипищеваяпромышленность
Непромышленныепотребители
Государственные(муниципальные)организации ипрочиебюджетныепотребители
Население иприравненныегруппыпотребителей
Территориальныесетевыеорганизации
Отклонения по ПАО Россети на 2023 год
0.5% 0.5%
0.9% 0.9%
-5.9% -5.9%
3.1% 3.1%
-17.9% -17.9%
578.4% 578.4%
2.3% 2.3%
1.8% 1.8%
2.1% 2.1%
-0.9% -0.9%
-0.2% -0.2%
⬤ Отклонение, %
Интер РАО (для ФСК)
Промышленные потребители
Транспорт
Нефтедобыча
Нефтепереработка
Нефтепроводы
Газопроводы
Сельское хозяйство и пищевая пр…
Непромышленные потребители
Государственные (муниципальные…
Население и приравненные групп…
Территориальные сетевые органи…
Выручка отклонения по ПАО Россети на 2023 год
7.7% 7.7%
16.0% 16.0%
13.2% 13.2%
6.7% 6.7%
13.3% 13.3%
-7.7% -7.7%
1 331.5% 1 331.5%
14.2% 14.2%
9.9% 9.9%
12.0% 12.0%
12.4% 12.4%
13.7% 13.7%
⬤ Отклонение, %
Интер РАО (для ФСК)
Промышленные потребители
Транспорт
Нефтедобыча
Нефтепереработка
Нефтепроводы
Газопроводы
Сельское хозяйство и пищевая пр…
Непромышленные потребители
Государственные (муниципальные…
Население и приравненные групп…
Территориальные сетевые органи…
абс.
%
Прогноз на месяц 
Ноябрь
КПО/Отпуск из сети 
Котловой полезный отпуск, млн. кВт.ч
Организация 
Все
Прогноз электропотребления и выручки за услуги по передаче в разрезе отраслей'

15-01-2025T09:51:13 - [TEST_STEP][PASSED] - a4 = a4.replaceAll("[^0-9]", ""): null

15-01-2025T09:51:13 - [TEST_STEP][PASSED] - println("a4:" + a4): null

15-01-2025T09:51:13 - [TEST_STEP][PASSED] - click(findTestObject("Прогноз по отраслям/Фильтр Сравнение с")): Object: 'Object Repository/Прогноз по отраслям/Фильтр Сравнение с' is clicked on

15-01-2025T09:51:14 - [MESSAGE][PASSED] - Object: 'Object Repository/Прогноз по отраслям/Фильтр Сравнение с' is clicked on

15-01-2025T09:51:14 - [TEST_STEP][PASSED] - click(findTestObject("Прогноз по отраслям/План")): Object: 'Object Repository/Прогноз по отраслям/План' is clicked on

15-01-2025T09:51:14 - [MESSAGE][PASSED] - Object: 'Object Repository/Прогноз по отраслям/План' is clicked on

15-01-2025T09:51:14 - [TEST_STEP][PASSED] - delay(40): Delayed 40 second(s)

15-01-2025T09:51:54 - [MESSAGE][PASSED] - Delayed 40 second(s)

15-01-2025T09:51:54 - [TEST_STEP][PASSED] - a5 = getText(findTestObject("Прогноз по отраслям/Виджеты дашборда")): Text of object 'Object Repository/Прогноз по отраслям/Виджеты дашборда' is: 'Год 
2023 год
Сравнение с 
План
Динамика электропотребления, млрд. кВт.ч. по ПАО Россети на 2023 год
0 0
119 119
37 37
7 7
7 7
8 8
1 1
19 19
75 75
25 25
123 123
55 55
0 0
120 120
39 39
39 39
8 8
8 8
1 1
20 20
78 78
26 26
121 121
60 60
План
Ожидаемое (прогноз по конца года)
Интер РАО (дляФСК)
Промышленныепотребители
Транспорт
Нефтедобыча
Нефтепереработка
Нефтепроводы
Газопроводы
Сельскоехозяйство ипищеваяпромышленность
Непромышленныепотребители
Государственные(муниципальные)организации ипрочиебюджетныепотребители
Население иприравненныегруппыпотребителей
Территориальныесетевыеорганизации
Выручка по ПАО Россети на 2023 год
5 5
319 319
81 81
16 16
16 16
20 20
2 2
56 56
215 215
67 67
218 218
239 239
6 6
331 331
82 82
77 77
20 20
20 20
3 3
57 57
220 220
68 68
214 214
258 258
План
Ожидаемое (прогноз по конца года)
Интер РАО (дляФСК)
Промышленныепотребители
Транспорт
Нефтедобыча
Нефтепереработка
Нефтепроводы
Газопроводы
Сельскоехозяйство ипищеваяпромышленность
Непромышленныепотребители
Государственные(муниципальные)организации ипрочиебюджетныепотребители
Население иприравненныегруппыпотребителей
Территориальныесетевыеорганизации
Отклонения по ПАО Россети на 2023 год
1.2% 1.2%
3.2% 3.2%
492.1% 492.1%
18.1% 18.1%
4.4% 4.4%
11.9% 11.9%
1.2% 1.2%
4.1% 4.1%
2.4% 2.4%
-1.4% -1.4%
9.7% 9.7%
⬤ Отклонение, %
Интер РАО (для ФСК)
Промышленные потребители
Транспорт
Нефтедобыча
Нефтепереработка
Нефтепроводы
Газопроводы
Сельское хозяйство и пищевая пр…
Непромышленные потребители
Государственные (муниципальные…
Население и приравненные групп…
Территориальные сетевые органи…
Выручка отклонения по ПАО Россети на 2023 год
15.6% 15.6%
3.8% 3.8%
1.2% 1.2%
398.2% 398.2%
26.9% 26.9%
-0.6% -0.6%
26.9% 26.9%
1.5% 1.5%
2.7% 2.7%
2.0% 2.0%
-2.0% -2.0%
7.9% 7.9%
⬤ Отклонение, %
Интер РАО (для ФСК)
Промышленные потребители
Транспорт
Нефтедобыча
Нефтепереработка
Нефтепроводы
Газопроводы
Сельское хозяйство и пищевая пр…
Непромышленные потребители
Государственные (муниципальные…
Население и приравненные групп…
Территориальные сетевые органи…
абс.
%
Прогноз на месяц 
Ноябрь
КПО/Отпуск из сети 
Котловой полезный отпуск, млн. кВт.ч
Организация 
Все
Прогноз электропотребления и выручки за услуги по передаче в разрезе отраслей'

15-01-2025T09:51:55 - [MESSAGE][PASSED] - Text of object 'Object Repository/Прогноз по отраслям/Виджеты дашборда' is: 'Год 
2023 год
Сравнение с 
План
Динамика электропотребления, млрд. кВт.ч. по ПАО Россети на 2023 год
0 0
119 119
37 37
7 7
7 7
8 8
1 1
19 19
75 75
25 25
123 123
55 55
0 0
120 120
39 39
39 39
8 8
8 8
1 1
20 20
78 78
26 26
121 121
60 60
План
Ожидаемое (прогноз по конца года)
Интер РАО (дляФСК)
Промышленныепотребители
Транспорт
Нефтедобыча
Нефтепереработка
Нефтепроводы
Газопроводы
Сельскоехозяйство ипищеваяпромышленность
Непромышленныепотребители
Государственные(муниципальные)организации ипрочиебюджетныепотребители
Население иприравненныегруппыпотребителей
Территориальныесетевыеорганизации
Выручка по ПАО Россети на 2023 год
5 5
319 319
81 81
16 16
16 16
20 20
2 2
56 56
215 215
67 67
218 218
239 239
6 6
331 331
82 82
77 77
20 20
20 20
3 3
57 57
220 220
68 68
214 214
258 258
План
Ожидаемое (прогноз по конца года)
Интер РАО (дляФСК)
Промышленныепотребители
Транспорт
Нефтедобыча
Нефтепереработка
Нефтепроводы
Газопроводы
Сельскоехозяйство ипищеваяпромышленность
Непромышленныепотребители
Государственные(муниципальные)организации ипрочиебюджетныепотребители
Население иприравненныегруппыпотребителей
Территориальныесетевыеорганизации
Отклонения по ПАО Россети на 2023 год
1.2% 1.2%
3.2% 3.2%
492.1% 492.1%
18.1% 18.1%
4.4% 4.4%
11.9% 11.9%
1.2% 1.2%
4.1% 4.1%
2.4% 2.4%
-1.4% -1.4%
9.7% 9.7%
⬤ Отклонение, %
Интер РАО (для ФСК)
Промышленные потребители
Транспорт
Нефтедобыча
Нефтепереработка
Нефтепроводы
Газопроводы
Сельское хозяйство и пищевая пр…
Непромышленные потребители
Государственные (муниципальные…
Население и приравненные групп…
Территориальные сетевые органи…
Выручка отклонения по ПАО Россети на 2023 год
15.6% 15.6%
3.8% 3.8%
1.2% 1.2%
398.2% 398.2%
26.9% 26.9%
-0.6% -0.6%
26.9% 26.9%
1.5% 1.5%
2.7% 2.7%
2.0% 2.0%
-2.0% -2.0%
7.9% 7.9%
⬤ Отклонение, %
Интер РАО (для ФСК)
Промышленные потребители
Транспорт
Нефтедобыча
Нефтепереработка
Нефтепроводы
Газопроводы
Сельское хозяйство и пищевая пр…
Непромышленные потребители
Государственные (муниципальные…
Население и приравненные групп…
Территориальные сетевые органи…
абс.
%
Прогноз на месяц 
Ноябрь
КПО/Отпуск из сети 
Котловой полезный отпуск, млн. кВт.ч
Организация 
Все
Прогноз электропотребления и выручки за услуги по передаче в разрезе отраслей'

15-01-2025T09:51:55 - [TEST_STEP][PASSED] - println("a5:" + a5): null

15-01-2025T09:51:55 - [TEST_STEP][PASSED] - a5 = a5.replaceAll("[^0-9]", ""): null

15-01-2025T09:51:55 - [TEST_STEP][PASSED] - println("a5:" + a5): null

15-01-2025T09:51:55 - [TEST_STEP][PASSED] - click(findTestObject("Прогноз по отраслям/Фильтр Сравнение с")): Object: 'Object Repository/Прогноз по отраслям/Фильтр Сравнение с' is clicked on

15-01-2025T09:51:55 - [MESSAGE][PASSED] - Object: 'Object Repository/Прогноз по отраслям/Фильтр Сравнение с' is clicked on

15-01-2025T09:51:55 - [TEST_STEP][PASSED] - click(findTestObject("Прогноз по отраслям/План СУ")): Object: 'Object Repository/Прогноз по отраслям/План СУ' is clicked on

15-01-2025T09:51:56 - [MESSAGE][PASSED] - Object: 'Object Repository/Прогноз по отраслям/План СУ' is clicked on

15-01-2025T09:51:56 - [TEST_STEP][PASSED] - delay(40): Delayed 40 second(s)

15-01-2025T09:52:36 - [MESSAGE][PASSED] - Delayed 40 second(s)

15-01-2025T09:52:36 - [TEST_STEP][PASSED] - a6 = getText(findTestObject("Прогноз по отраслям/Виджеты дашборда")): Text of object 'Object Repository/Прогноз по отраслям/Виджеты дашборда' is: 'Год 
2023 год
Сравнение с 
План/СУ
Динамика электропотребления, млрд. кВт.ч. по ПАО Россети на 2023 год
0 0
0 0
0 0
0 0
0 0
0 0
0 0
0 0
0 0
0 0
0 0
0 0
0 0
120 120
39 39
39 39
8 8
8 8
1 1
20 20
78 78
26 26
121 121
60 60
СУ
Ожидаемое (прогноз по конца года)
Интер РАО (дляФСК)
Промышленныепотребители
Транспорт
Нефтедобыча
Нефтепереработка
Нефтепроводы
Газопроводы
Сельскоехозяйство ипищеваяпромышленность
Непромышленныепотребители
Государственные(муниципальные)организации ипрочиебюджетныепотребители
Население иприравненныегруппыпотребителей
Территориальныесетевыеорганизации
Выручка по ПАО Россети на 2023 год
6 6
331 331
82 82
77 77
20 20
20 20
3 3
57 57
220 220
68 68
214 214
258 258
Ожидаемое (прогноз по конца года)
Интер РАО (дляФСК)
Промышленныепотребители
Транспорт
Нефтедобыча
Нефтепереработка
Нефтепроводы
Газопроводы
Сельскоехозяйство ипищеваяпромышленность
Непромышленныепотребители
Государственные(муниципальные)организации ипрочиебюджетныепотребители
Население иприравненныегруппыпотребителей
Территориальныесетевыеорганизации
Отклонения по ПАО Россети на 2023 год
⬤ Отклонение, %
Интер РАО (для ФСК)
Промышленные потребители
Транспорт
Нефтедобыча
Нефтепереработка
Нефтепроводы
Газопроводы
Сельское хозяйство и пищевая пр…
Непромышленные потребители
Государственные (муниципальные…
Население и приравненные групп…
Территориальные сетевые органи…
Выручка отклонения по ПАО Россети на 2023 год
⬤ Отклонение, %
Интер РАО (для ФСК)
Промышленные потребители
Транспорт
Нефтедобыча
Нефтепереработка
Нефтепроводы
Газопроводы
Сельское хозяйство и пищевая пр…
Непромышленные потребители
Государственные (муниципальные…
Население и приравненные групп…
Территориальные сетевые органи…
абс.
%
Прогноз на месяц 
Ноябрь
КПО/Отпуск из сети 
Котловой полезный отпуск, млн. кВт.ч
Организация 
Все
Прогноз электропотребления и выручки за услуги по передаче в разрезе отраслей'

15-01-2025T09:52:37 - [MESSAGE][PASSED] - Text of object 'Object Repository/Прогноз по отраслям/Виджеты дашборда' is: 'Год 
2023 год
Сравнение с 
План/СУ
Динамика электропотребления, млрд. кВт.ч. по ПАО Россети на 2023 год
0 0
0 0
0 0
0 0
0 0
0 0
0 0
0 0
0 0
0 0
0 0
0 0
0 0
120 120
39 39
39 39
8 8
8 8
1 1
20 20
78 78
26 26
121 121
60 60
СУ
Ожидаемое (прогноз по конца года)
Интер РАО (дляФСК)
Промышленныепотребители
Транспорт
Нефтедобыча
Нефтепереработка
Нефтепроводы
Газопроводы
Сельскоехозяйство ипищеваяпромышленность
Непромышленныепотребители
Государственные(муниципальные)организации ипрочиебюджетныепотребители
Население иприравненныегруппыпотребителей
Территориальныесетевыеорганизации
Выручка по ПАО Россети на 2023 год
6 6
331 331
82 82
77 77
20 20
20 20
3 3
57 57
220 220
68 68
214 214
258 258
Ожидаемое (прогноз по конца года)
Интер РАО (дляФСК)
Промышленныепотребители
Транспорт
Нефтедобыча
Нефтепереработка
Нефтепроводы
Газопроводы
Сельскоехозяйство ипищеваяпромышленность
Непромышленныепотребители
Государственные(муниципальные)организации ипрочиебюджетныепотребители
Население иприравненныегруппыпотребителей
Территориальныесетевыеорганизации
Отклонения по ПАО Россети на 2023 год
⬤ Отклонение, %
Интер РАО (для ФСК)
Промышленные потребители
Транспорт
Нефтедобыча
Нефтепереработка
Нефтепроводы
Газопроводы
Сельское хозяйство и пищевая пр…
Непромышленные потребители
Государственные (муниципальные…
Население и приравненные групп…
Территориальные сетевые органи…
Выручка отклонения по ПАО Россети на 2023 год
⬤ Отклонение, %
Интер РАО (для ФСК)
Промышленные потребители
Транспорт
Нефтедобыча
Нефтепереработка
Нефтепроводы
Газопроводы
Сельское хозяйство и пищевая пр…
Непромышленные потребители
Государственные (муниципальные…
Население и приравненные групп…
Территориальные сетевые органи…
абс.
%
Прогноз на месяц 
Ноябрь
КПО/Отпуск из сети 
Котловой полезный отпуск, млн. кВт.ч
Организация 
Все
Прогноз электропотребления и выручки за услуги по передаче в разрезе отраслей'

15-01-2025T09:52:37 - [TEST_STEP][PASSED] - a6 = a6.replaceAll("[^0-9]", ""): null

15-01-2025T09:52:37 - [TEST_STEP][PASSED] - println("a6:" + a6): null

15-01-2025T09:52:37 - [TEST_STEP][PASSED] - click(findTestObject("Прогноз по отраслям/Переключить отображение с процентов на абс Блок руководителя")): Object: 'Object Repository/Прогноз по отраслям/Переключить отображение с процентов на абс Блок руководителя' is clicked on

15-01-2025T09:52:37 - [MESSAGE][PASSED] - Object: 'Object Repository/Прогноз по отраслям/Переключить отображение с процентов на абс Блок руководителя' is clicked on

15-01-2025T09:52:37 - [TEST_STEP][PASSED] - click(findTestObject("Прогноз по отраслям/Фильтр Сравнение с")): Object: 'Object Repository/Прогноз по отраслям/Фильтр Сравнение с' is clicked on

15-01-2025T09:52:37 - [MESSAGE][PASSED] - Object: 'Object Repository/Прогноз по отраслям/Фильтр Сравнение с' is clicked on

15-01-2025T09:52:37 - [TEST_STEP][PASSED] - click(findTestObject("Прогноз по отраслям/Факт прошлого года")): Object: 'Object Repository/Прогноз по отраслям/Факт прошлого года' is clicked on

15-01-2025T09:52:38 - [MESSAGE][PASSED] - Object: 'Object Repository/Прогноз по отраслям/Факт прошлого года' is clicked on

15-01-2025T09:52:38 - [TEST_STEP][PASSED] - click(findTestObject("Прогноз по отраслям/Фильтр КПО-Отпуск")): Object: 'Object Repository/Прогноз по отраслям/Фильтр КПО-Отпуск' is clicked on

15-01-2025T09:52:40 - [MESSAGE][PASSED] - Object: 'Object Repository/Прогноз по отраслям/Фильтр КПО-Отпуск' is clicked on

15-01-2025T09:52:40 - [TEST_STEP][PASSED] - click(findTestObject("Прогноз по отраслям/Отпуск")): Object: 'Object Repository/Прогноз по отраслям/Отпуск' is clicked on

15-01-2025T09:52:41 - [MESSAGE][PASSED] - Object: 'Object Repository/Прогноз по отраслям/Отпуск' is clicked on

15-01-2025T09:52:41 - [TEST_STEP][PASSED] - delay(40): Delayed 40 second(s)

15-01-2025T09:53:21 - [MESSAGE][PASSED] - Delayed 40 second(s)

15-01-2025T09:53:21 - [TEST_STEP][PASSED] - a7 = getText(findTestObject("Прогноз по отраслям/Виджеты дашборда")): Text of object 'Object Repository/Прогноз по отраслям/Виджеты дашборда' is: 'Год 
2023 год
Сравнение с 
Факт прошлого года
Отклонения по ПАО Россети на 2023 год
-2 263.5 -2 263.5
11 054.6 11 054.6
1 280.2 1 280.2
-1 947.5 -1 947.5
90.9 90.9
-3 845.0 -3 845.0
4 162.1 4 162.1
651.7 651.7
-4 727.7 -4 727.7
256.5 256.5
-723.9 -723.9
4 292.3 4 292.3
⬤ Отклонение, млн. кВт.ч
Интер РАО (для ФСК)
Промышленные потребители
Транспорт
Нефтедобыча
Нефтепереработка
Нефтепроводы
Газопроводы
Сельское хозяйство и пищевая пр…
Непромышленные потребители
Государственные (муниципальные…
Население и приравненные групп…
Территориальные сетевые органи…
Выручка отклонения по ПАО Россети на 2023 год
421.3 421.3
45 574.9 45 574.9
9 547.5 9 547.5
4 889.3 4 889.3
2 337.4 2 337.4
-1 682.6 -1 682.6
2 919.4 2 919.4
7 110.2 7 110.2
19 840.8 19 840.8
7 289.5 7 289.5
23 664.8 23 664.8
31 028.3 31 028.3
⬤ Отклонение, млн. руб.
Интер РАО (для ФСК)
Промышленные потребители
Транспорт
Нефтедобыча
Нефтепереработка
Нефтепроводы
Газопроводы
Сельское хозяйство и пищевая пр…
Непромышленные потребители
Государственные (муниципальные…
Население и приравненные групп…
Территориальные сетевые органи…
Динамика электропотребления, млрд. кВт.ч. по ПАО Россети на 2023 год
12 12
186 186
36 36
50 50
10 10
19 19
0 0
17 17
85 85
19 19
82 82
604 604
10 10
197 197
37 37
48 48
10 10
15 15
4 4
18 18
80 80
19 19
82 82
608 608
Факт прошлого года
Ожидаемое (прогноз по конца года)
Интер РАО (дляФСК)
Промышленныепотребители
Транспорт
Нефтедобыча
Нефтепереработка
Нефтепроводы
Газопроводы
Сельскоехозяйство ипищеваяпромышленность
Непромышленныепотребители
Государственные(муниципальные)организации ипрочиебюджетныепотребители
Население иприравненныегруппыпотребителей
Территориальныесетевыеорганизации
Выручка по ПАО Россети на 2023 год
5 5
285 285
72 72
72 72
18 18
22 22
0 0
50 50
201 201
61 61
190 190
227 227
6 6
331 331
82 82
77 77
20 20
20 20
3 3
57 57
220 220
68 68
214 214
258 258
Факт прошлого года
Ожидаемое (прогноз по конца года)
Интер РАО (дляФСК)
Промышленныепотребители
Транспорт
Нефтедобыча
Нефтепереработка
Нефтепроводы
Газопроводы
Сельскоехозяйство ипищеваяпромышленность
Непромышленныепотребители
Государственные(муниципальные)организации ипрочиебюджетныепотребители
Население иприравненныегруппыпотребителей
Территориальныесетевыеорганизации
абс.
%
Прогноз на месяц 
Ноябрь
КПО/Отпуск из сети 
Отпуск из сети, млн. кВт.ч
Организация 
Все
Прогноз электропотребления и выручки за услуги по передаче в разрезе отраслей'

15-01-2025T09:53:22 - [MESSAGE][PASSED] - Text of object 'Object Repository/Прогноз по отраслям/Виджеты дашборда' is: 'Год 
2023 год
Сравнение с 
Факт прошлого года
Отклонения по ПАО Россети на 2023 год
-2 263.5 -2 263.5
11 054.6 11 054.6
1 280.2 1 280.2
-1 947.5 -1 947.5
90.9 90.9
-3 845.0 -3 845.0
4 162.1 4 162.1
651.7 651.7
-4 727.7 -4 727.7
256.5 256.5
-723.9 -723.9
4 292.3 4 292.3
⬤ Отклонение, млн. кВт.ч
Интер РАО (для ФСК)
Промышленные потребители
Транспорт
Нефтедобыча
Нефтепереработка
Нефтепроводы
Газопроводы
Сельское хозяйство и пищевая пр…
Непромышленные потребители
Государственные (муниципальные…
Население и приравненные групп…
Территориальные сетевые органи…
Выручка отклонения по ПАО Россети на 2023 год
421.3 421.3
45 574.9 45 574.9
9 547.5 9 547.5
4 889.3 4 889.3
2 337.4 2 337.4
-1 682.6 -1 682.6
2 919.4 2 919.4
7 110.2 7 110.2
19 840.8 19 840.8
7 289.5 7 289.5
23 664.8 23 664.8
31 028.3 31 028.3
⬤ Отклонение, млн. руб.
Интер РАО (для ФСК)
Промышленные потребители
Транспорт
Нефтедобыча
Нефтепереработка
Нефтепроводы
Газопроводы
Сельское хозяйство и пищевая пр…
Непромышленные потребители
Государственные (муниципальные…
Население и приравненные групп…
Территориальные сетевые органи…
Динамика электропотребления, млрд. кВт.ч. по ПАО Россети на 2023 год
12 12
186 186
36 36
50 50
10 10
19 19
0 0
17 17
85 85
19 19
82 82
604 604
10 10
197 197
37 37
48 48
10 10
15 15
4 4
18 18
80 80
19 19
82 82
608 608
Факт прошлого года
Ожидаемое (прогноз по конца года)
Интер РАО (дляФСК)
Промышленныепотребители
Транспорт
Нефтедобыча
Нефтепереработка
Нефтепроводы
Газопроводы
Сельскоехозяйство ипищеваяпромышленность
Непромышленныепотребители
Государственные(муниципальные)организации ипрочиебюджетныепотребители
Население иприравненныегруппыпотребителей
Территориальныесетевыеорганизации
Выручка по ПАО Россети на 2023 год
5 5
285 285
72 72
72 72
18 18
22 22
0 0
50 50
201 201
61 61
190 190
227 227
6 6
331 331
82 82
77 77
20 20
20 20
3 3
57 57
220 220
68 68
214 214
258 258
Факт прошлого года
Ожидаемое (прогноз по конца года)
Интер РАО (дляФСК)
Промышленныепотребители
Транспорт
Нефтедобыча
Нефтепереработка
Нефтепроводы
Газопроводы
Сельскоехозяйство ипищеваяпромышленность
Непромышленныепотребители
Государственные(муниципальные)организации ипрочиебюджетныепотребители
Население иприравненныегруппыпотребителей
Территориальныесетевыеорганизации
абс.
%
Прогноз на месяц 
Ноябрь
КПО/Отпуск из сети 
Отпуск из сети, млн. кВт.ч
Организация 
Все
Прогноз электропотребления и выручки за услуги по передаче в разрезе отраслей'

15-01-2025T09:53:22 - [TEST_STEP][PASSED] - a7 = a7.replaceAll("[^0-9]", ""): null

15-01-2025T09:53:22 - [TEST_STEP][PASSED] - println("a7:" + a7): null

15-01-2025T09:53:22 - [TEST_STEP][PASSED] - click(findTestObject("Прогноз по отраслям/Фильтр Сравнение с")): Object: 'Object Repository/Прогноз по отраслям/Фильтр Сравнение с' is clicked on

15-01-2025T09:53:22 - [MESSAGE][PASSED] - Object: 'Object Repository/Прогноз по отраслям/Фильтр Сравнение с' is clicked on

15-01-2025T09:53:22 - [TEST_STEP][PASSED] - click(findTestObject("Прогноз по отраслям/План")): Object: 'Object Repository/Прогноз по отраслям/План' is clicked on

15-01-2025T09:53:23 - [MESSAGE][PASSED] - Object: 'Object Repository/Прогноз по отраслям/План' is clicked on

15-01-2025T09:53:23 - [TEST_STEP][PASSED] - delay(40): Delayed 40 second(s)

15-01-2025T09:54:03 - [MESSAGE][PASSED] - Delayed 40 second(s)

15-01-2025T09:54:03 - [TEST_STEP][PASSED] - a8 = getText(findTestObject("Прогноз по отраслям/Виджеты дашборда")): Text of object 'Object Repository/Прогноз по отраслям/Виджеты дашборда' is: 'Год 
2023 год
Сравнение с 
План
Отклонения по ПАО Россети на 2023 год
-492.2 -492.2
7 165.1 7 165.1
689.3 689.3
33 271.7 33 271.7
986.4 986.4
593.8 593.8
764.0 764.0
670.4 670.4
-592.4 -592.4
308.8 308.8
-940.9 -940.9
19 604.1 19 604.1
⬤ Отклонение, млн. кВт.ч
Интер РАО (для ФСК)
Промышленные потребители
Транспорт
Нефтедобыча
Нефтепереработка
Нефтепроводы
Газопроводы
Сельское хозяйство и пищевая пр…
Непромышленные потребители
Государственные (муниципальные…
Население и приравненные групп…
Территориальные сетевые органи…
Выручка отклонения по ПАО Россети на 2023 год
794.9 794.9
12 195.0 12 195.0
972.7 972.7
61 803.9 61 803.9
4 222.3 4 222.3
-121.8 -121.8
666.2 666.2
873.2 873.2
5 809.6 5 809.6
1 342.6 1 342.6
-4 463.2 -4 463.2
18 375.5 18 375.5
⬤ Отклонение, млн. руб.
Интер РАО (для ФСК)
Промышленные потребители
Транспорт
Нефтедобыча
Нефтепереработка
Нефтепроводы
Газопроводы
Сельское хозяйство и пищевая пр…
Непромышленные потребители
Государственные (муниципальные…
Население и приравненные групп…
Территориальные сетевые органи…
Динамика электропотребления, млрд. кВт.ч. по ПАО Россети на 2023 год
10 10
190 190
36 36
14 14
9 9
14 14
4 4
17 17
80 80
19 19
82 82
588 588
10 10
197 197
37 37
48 48
10 10
15 15
4 4
18 18
80 80
19 19
82 82
608 608
План
Ожидаемое (прогноз по конца года)
Интер РАО (дляФСК)
Промышленныепотребители
Транспорт
Нефтедобыча
Нефтепереработка
Нефтепроводы
Газопроводы
Сельскоехозяйство ипищеваяпромышленность
Непромышленныепотребители
Государственные(муниципальные)организации ипрочиебюджетныепотребители
Население иприравненныегруппыпотребителей
Территориальныесетевыеорганизации
Выручка по ПАО Россети на 2023 год
5 5
319 319
81 81
16 16
16 16
20 20
2 2
56 56
215 215
67 67
218 218
239 239
6 6
331 331
82 82
77 77
20 20
20 20
3 3
57 57
220 220
68 68
214 214
258 258
План
Ожидаемое (прогноз по конца года)
Интер РАО (дляФСК)
Промышленныепотребители
Транспорт
Нефтедобыча
Нефтепереработка
Нефтепроводы
Газопроводы
Сельскоехозяйство ипищеваяпромышленность
Непромышленныепотребители
Государственные(муниципальные)организации ипрочиебюджетныепотребители
Население иприравненныегруппыпотребителей
Территориальныесетевыеорганизации
абс.
%
Прогноз на месяц 
Ноябрь
КПО/Отпуск из сети 
Отпуск из сети, млн. кВт.ч
Организация 
Все
Прогноз электропотребления и выручки за услуги по передаче в разрезе отраслей'

15-01-2025T09:54:04 - [MESSAGE][PASSED] - Text of object 'Object Repository/Прогноз по отраслям/Виджеты дашборда' is: 'Год 
2023 год
Сравнение с 
План
Отклонения по ПАО Россети на 2023 год
-492.2 -492.2
7 165.1 7 165.1
689.3 689.3
33 271.7 33 271.7
986.4 986.4
593.8 593.8
764.0 764.0
670.4 670.4
-592.4 -592.4
308.8 308.8
-940.9 -940.9
19 604.1 19 604.1
⬤ Отклонение, млн. кВт.ч
Интер РАО (для ФСК)
Промышленные потребители
Транспорт
Нефтедобыча
Нефтепереработка
Нефтепроводы
Газопроводы
Сельское хозяйство и пищевая пр…
Непромышленные потребители
Государственные (муниципальные…
Население и приравненные групп…
Территориальные сетевые органи…
Выручка отклонения по ПАО Россети на 2023 год
794.9 794.9
12 195.0 12 195.0
972.7 972.7
61 803.9 61 803.9
4 222.3 4 222.3
-121.8 -121.8
666.2 666.2
873.2 873.2
5 809.6 5 809.6
1 342.6 1 342.6
-4 463.2 -4 463.2
18 375.5 18 375.5
⬤ Отклонение, млн. руб.
Интер РАО (для ФСК)
Промышленные потребители
Транспорт
Нефтедобыча
Нефтепереработка
Нефтепроводы
Газопроводы
Сельское хозяйство и пищевая пр…
Непромышленные потребители
Государственные (муниципальные…
Население и приравненные групп…
Территориальные сетевые органи…
Динамика электропотребления, млрд. кВт.ч. по ПАО Россети на 2023 год
10 10
190 190
36 36
14 14
9 9
14 14
4 4
17 17
80 80
19 19
82 82
588 588
10 10
197 197
37 37
48 48
10 10
15 15
4 4
18 18
80 80
19 19
82 82
608 608
План
Ожидаемое (прогноз по конца года)
Интер РАО (дляФСК)
Промышленныепотребители
Транспорт
Нефтедобыча
Нефтепереработка
Нефтепроводы
Газопроводы
Сельскоехозяйство ипищеваяпромышленность
Непромышленныепотребители
Государственные(муниципальные)организации ипрочиебюджетныепотребители
Население иприравненныегруппыпотребителей
Территориальныесетевыеорганизации
Выручка по ПАО Россети на 2023 год
5 5
319 319
81 81
16 16
16 16
20 20
2 2
56 56
215 215
67 67
218 218
239 239
6 6
331 331
82 82
77 77
20 20
20 20
3 3
57 57
220 220
68 68
214 214
258 258
План
Ожидаемое (прогноз по конца года)
Интер РАО (дляФСК)
Промышленныепотребители
Транспорт
Нефтедобыча
Нефтепереработка
Нефтепроводы
Газопроводы
Сельскоехозяйство ипищеваяпромышленность
Непромышленныепотребители
Государственные(муниципальные)организации ипрочиебюджетныепотребители
Население иприравненныегруппыпотребителей
Территориальныесетевыеорганизации
абс.
%
Прогноз на месяц 
Ноябрь
КПО/Отпуск из сети 
Отпуск из сети, млн. кВт.ч
Организация 
Все
Прогноз электропотребления и выручки за услуги по передаче в разрезе отраслей'

15-01-2025T09:54:04 - [TEST_STEP][PASSED] - a8 = a8.replaceAll("[^0-9]", ""): null

15-01-2025T09:54:04 - [TEST_STEP][PASSED] - println("a8:" + a8): null

15-01-2025T09:54:04 - [TEST_STEP][PASSED] - click(findTestObject("Прогноз по отраслям/Фильтр Сравнение с")): Object: 'Object Repository/Прогноз по отраслям/Фильтр Сравнение с' is clicked on

15-01-2025T09:54:04 - [MESSAGE][PASSED] - Object: 'Object Repository/Прогноз по отраслям/Фильтр Сравнение с' is clicked on

15-01-2025T09:54:04 - [TEST_STEP][PASSED] - click(findTestObject("Прогноз по отраслям/План СУ")): Object: 'Object Repository/Прогноз по отраслям/План СУ' is clicked on

15-01-2025T09:54:05 - [MESSAGE][PASSED] - Object: 'Object Repository/Прогноз по отраслям/План СУ' is clicked on

15-01-2025T09:54:05 - [TEST_STEP][PASSED] - delay(40): Delayed 40 second(s)

15-01-2025T09:54:45 - [MESSAGE][PASSED] - Delayed 40 second(s)

15-01-2025T09:54:45 - [TEST_STEP][PASSED] - a9 = getText(findTestObject("Прогноз по отраслям/Виджеты дашборда")): Text of object 'Object Repository/Прогноз по отраслям/Виджеты дашборда' is: 'Год 
2023 год
Сравнение с 
План/СУ
Отклонения по ПАО Россети на 2023 год
243.5 243.5
11 013.5 11 013.5
674.8 674.8
32 765.3 32 765.3
1 049.4 1 049.4
271.8 271.8
495.2 495.2
588.7 588.7
-7 607.7 -7 607.7
31.9 31.9
-1 318.1 -1 318.1
10 906.5 10 906.5
⬤ Отклонение, млн. кВт.ч
Интер РАО (для ФСК)
Промышленные потребители
Транспорт
Нефтедобыча
Нефтепереработка
Нефтепроводы
Газопроводы
Сельское хозяйство и пищевая пр…
Непромышленные потребители
Государственные (муниципальные…
Население и приравненные групп…
Территориальные сетевые органи…
Выручка отклонения по ПАО Россети на 2023 год
⬤ Отклонение, млн. руб.
Интер РАО (для ФСК)
Промышленные потребители
Транспорт
Нефтедобыча
Нефтепереработка
Нефтепроводы
Газопроводы
Сельское хозяйство и пищевая пр…
Непромышленные потребители
Государственные (муниципальные…
Население и приравненные групп…
Территориальные сетевые органи…
Динамика электропотребления, млрд. кВт.ч. по ПАО Россети на 2023 год
10 10
186 186
36 36
15 15
9 9
14 14
4 4
17 17
88 88
19 19
83 83
597 597
10 10
197 197
37 37
48 48
10 10
15 15
4 4
18 18
80 80
19 19
82 82
608 608
СУ
Ожидаемое (прогноз по конца года)
Интер РАО (дляФСК)
Промышленныепотребители
Транспорт
Нефтедобыча
Нефтепереработка
Нефтепроводы
Газопроводы
Сельскоехозяйство ипищеваяпромышленность
Непромышленныепотребители
Государственные(муниципальные)организации ипрочиебюджетныепотребители
Население иприравненныегруппыпотребителей
Территориальныесетевыеорганизации
Выручка по ПАО Россети на 2023 год
6 6
331 331
82 82
77 77
20 20
20 20
3 3
57 57
220 220
68 68
214 214
258 258
Ожидаемое (прогноз по конца года)
Интер РАО (дляФСК)
Промышленныепотребители
Транспорт
Нефтедобыча
Нефтепереработка
Нефтепроводы
Газопроводы
Сельскоехозяйство ипищеваяпромышленность
Непромышленныепотребители
Государственные(муниципальные)организации ипрочиебюджетныепотребители
Население иприравненныегруппыпотребителей
Территориальныесетевыеорганизации
абс.
%
Прогноз на месяц 
Ноябрь
КПО/Отпуск из сети 
Отпуск из сети, млн. кВт.ч
Организация 
Все
Прогноз электропотребления и выручки за услуги по передаче в разрезе отраслей'

15-01-2025T09:54:45 - [MESSAGE][PASSED] - Text of object 'Object Repository/Прогноз по отраслям/Виджеты дашборда' is: 'Год 
2023 год
Сравнение с 
План/СУ
Отклонения по ПАО Россети на 2023 год
243.5 243.5
11 013.5 11 013.5
674.8 674.8
32 765.3 32 765.3
1 049.4 1 049.4
271.8 271.8
495.2 495.2
588.7 588.7
-7 607.7 -7 607.7
31.9 31.9
-1 318.1 -1 318.1
10 906.5 10 906.5
⬤ Отклонение, млн. кВт.ч
Интер РАО (для ФСК)
Промышленные потребители
Транспорт
Нефтедобыча
Нефтепереработка
Нефтепроводы
Газопроводы
Сельское хозяйство и пищевая пр…
Непромышленные потребители
Государственные (муниципальные…
Население и приравненные групп…
Территориальные сетевые органи…
Выручка отклонения по ПАО Россети на 2023 год
⬤ Отклонение, млн. руб.
Интер РАО (для ФСК)
Промышленные потребители
Транспорт
Нефтедобыча
Нефтепереработка
Нефтепроводы
Газопроводы
Сельское хозяйство и пищевая пр…
Непромышленные потребители
Государственные (муниципальные…
Население и приравненные групп…
Территориальные сетевые органи…
Динамика электропотребления, млрд. кВт.ч. по ПАО Россети на 2023 год
10 10
186 186
36 36
15 15
9 9
14 14
4 4
17 17
88 88
19 19
83 83
597 597
10 10
197 197
37 37
48 48
10 10
15 15
4 4
18 18
80 80
19 19
82 82
608 608
СУ
Ожидаемое (прогноз по конца года)
Интер РАО (дляФСК)
Промышленныепотребители
Транспорт
Нефтедобыча
Нефтепереработка
Нефтепроводы
Газопроводы
Сельскоехозяйство ипищеваяпромышленность
Непромышленныепотребители
Государственные(муниципальные)организации ипрочиебюджетныепотребители
Население иприравненныегруппыпотребителей
Территориальныесетевыеорганизации
Выручка по ПАО Россети на 2023 год
6 6
331 331
82 82
77 77
20 20
20 20
3 3
57 57
220 220
68 68
214 214
258 258
Ожидаемое (прогноз по конца года)
Интер РАО (дляФСК)
Промышленныепотребители
Транспорт
Нефтедобыча
Нефтепереработка
Нефтепроводы
Газопроводы
Сельскоехозяйство ипищеваяпромышленность
Непромышленныепотребители
Государственные(муниципальные)организации ипрочиебюджетныепотребители
Население иприравненныегруппыпотребителей
Территориальныесетевыеорганизации
абс.
%
Прогноз на месяц 
Ноябрь
КПО/Отпуск из сети 
Отпуск из сети, млн. кВт.ч
Организация 
Все
Прогноз электропотребления и выручки за услуги по передаче в разрезе отраслей'

15-01-2025T09:54:45 - [TEST_STEP][PASSED] - a9 = a9.replaceAll("[^0-9]", ""): null

15-01-2025T09:54:45 - [TEST_STEP][PASSED] - println("a9:" + a9): null

15-01-2025T09:54:45 - [TEST_STEP][PASSED] - click(findTestObject("Прогноз по отраслям/Фильтр Сравнение с")): Object: 'Object Repository/Прогноз по отраслям/Фильтр Сравнение с' is clicked on

15-01-2025T09:54:46 - [MESSAGE][PASSED] - Object: 'Object Repository/Прогноз по отраслям/Фильтр Сравнение с' is clicked on

15-01-2025T09:54:46 - [TEST_STEP][PASSED] - click(findTestObject("Прогноз по отраслям/Факт прошлого года")): Object: 'Object Repository/Прогноз по отраслям/Факт прошлого года' is clicked on

15-01-2025T09:54:47 - [MESSAGE][PASSED] - Object: 'Object Repository/Прогноз по отраслям/Факт прошлого года' is clicked on

15-01-2025T09:54:47 - [TEST_STEP][PASSED] - click(findTestObject("Прогноз по отраслям/Фильтр КПО-Отпуск")): Object: 'Object Repository/Прогноз по отраслям/Фильтр КПО-Отпуск' is clicked on

15-01-2025T09:54:49 - [MESSAGE][PASSED] - Object: 'Object Repository/Прогноз по отраслям/Фильтр КПО-Отпуск' is clicked on

15-01-2025T09:54:49 - [TEST_STEP][PASSED] - click(findTestObject("Прогноз по отраслям/КПО")): Object: 'Object Repository/Прогноз по отраслям/КПО' is clicked on

15-01-2025T09:54:50 - [MESSAGE][PASSED] - Object: 'Object Repository/Прогноз по отраслям/КПО' is clicked on

15-01-2025T09:54:50 - [TEST_STEP][PASSED] - delay(40): Delayed 40 second(s)

15-01-2025T09:55:30 - [MESSAGE][PASSED] - Delayed 40 second(s)

15-01-2025T09:55:30 - [TEST_STEP][PASSED] - a10 = getText(findTestObject("Прогноз по отраслям/Виджеты дашборда")): Text of object 'Object Repository/Прогноз по отраслям/Виджеты дашборда' is: 'Год 
2023 год
Сравнение с 
Факт прошлого года
Отклонения по ПАО Россети на 2023 год
0.0 0.0
646.5 646.5
341.1 341.1
-2 455.6 -2 455.6
245.6 245.6
-1 796.0 -1 796.0
676.2 676.2
452.4 452.4
1 386.2 1 386.2
527.5 527.5
-1 130.4 -1 130.4
-128.7 -128.7
⬤ Отклонение, млн. кВт.ч
Интер РАО (для ФСК)
Промышленные потребители
Транспорт
Нефтедобыча
Нефтепереработка
Нефтепроводы
Газопроводы
Сельское хозяйство и пищевая пр…
Непромышленные потребители
Государственные (муниципальные…
Население и приравненные групп…
Территориальные сетевые органи…
Выручка отклонения по ПАО Россети на 2023 год
421.3 421.3
45 574.9 45 574.9
9 547.5 9 547.5
4 889.3 4 889.3
2 337.4 2 337.4
-1 682.6 -1 682.6
2 919.4 2 919.4
7 110.2 7 110.2
19 840.8 19 840.8
7 289.5 7 289.5
23 664.8 23 664.8
31 028.3 31 028.3
⬤ Отклонение, млн. руб.
Интер РАО (для ФСК)
Промышленные потребители
Транспорт
Нефтедобыча
Нефтепереработка
Нефтепроводы
Газопроводы
Сельское хозяйство и пищевая пр…
Непромышленные потребители
Государственные (муниципальные…
Население и приравненные групп…
Территориальные сетевые органи…
Динамика электропотребления, млрд. кВт.ч. по ПАО Россети на 2023 год
0 0
120 120
38 38
41 41
8 8
10 10
0 0
19 19
77 77
25 25
122 122
61 61
0 0
120 120
39 39
39 39
8 8
8 8
1 1
20 20
78 78
26 26
121 121
60 60
Факт прошлого года
Ожидаемое (прогноз по конца года)
Интер РАО (дляФСК)
Промышленныепотребители
Транспорт
Нефтедобыча
Нефтепереработка
Нефтепроводы
Газопроводы
Сельскоехозяйство ипищеваяпромышленность
Непромышленныепотребители
Государственные(муниципальные)организации ипрочиебюджетныепотребители
Население иприравненныегруппыпотребителей
Территориальныесетевыеорганизации
Выручка по ПАО Россети на 2023 год
5 5
285 285
72 72
72 72
18 18
22 22
0 0
50 50
201 201
61 61
190 190
227 227
6 6
331 331
82 82
77 77
20 20
20 20
3 3
57 57
220 220
68 68
214 214
258 258
Факт прошлого года
Ожидаемое (прогноз по конца года)
Интер РАО (дляФСК)
Промышленныепотребители
Транспорт
Нефтедобыча
Нефтепереработка
Нефтепроводы
Газопроводы
Сельскоехозяйство ипищеваяпромышленность
Непромышленныепотребители
Государственные(муниципальные)организации ипрочиебюджетныепотребители
Население иприравненныегруппыпотребителей
Территориальныесетевыеорганизации
абс.
%
Прогноз на месяц 
Ноябрь
КПО/Отпуск из сети 
Котловой полезный отпуск, млн. кВт.ч
Организация 
Все
Прогноз электропотребления и выручки за услуги по передаче в разрезе отраслей'

15-01-2025T09:55:30 - [MESSAGE][PASSED] - Text of object 'Object Repository/Прогноз по отраслям/Виджеты дашборда' is: 'Год 
2023 год
Сравнение с 
Факт прошлого года
Отклонения по ПАО Россети на 2023 год
0.0 0.0
646.5 646.5
341.1 341.1
-2 455.6 -2 455.6
245.6 245.6
-1 796.0 -1 796.0
676.2 676.2
452.4 452.4
1 386.2 1 386.2
527.5 527.5
-1 130.4 -1 130.4
-128.7 -128.7
⬤ Отклонение, млн. кВт.ч
Интер РАО (для ФСК)
Промышленные потребители
Транспорт
Нефтедобыча
Нефтепереработка
Нефтепроводы
Газопроводы
Сельское хозяйство и пищевая пр…
Непромышленные потребители
Государственные (муниципальные…
Население и приравненные групп…
Территориальные сетевые органи…
Выручка отклонения по ПАО Россети на 2023 год
421.3 421.3
45 574.9 45 574.9
9 547.5 9 547.5
4 889.3 4 889.3
2 337.4 2 337.4
-1 682.6 -1 682.6
2 919.4 2 919.4
7 110.2 7 110.2
19 840.8 19 840.8
7 289.5 7 289.5
23 664.8 23 664.8
31 028.3 31 028.3
⬤ Отклонение, млн. руб.
Интер РАО (для ФСК)
Промышленные потребители
Транспорт
Нефтедобыча
Нефтепереработка
Нефтепроводы
Газопроводы
Сельское хозяйство и пищевая пр…
Непромышленные потребители
Государственные (муниципальные…
Население и приравненные групп…
Территориальные сетевые органи…
Динамика электропотребления, млрд. кВт.ч. по ПАО Россети на 2023 год
0 0
120 120
38 38
41 41
8 8
10 10
0 0
19 19
77 77
25 25
122 122
61 61
0 0
120 120
39 39
39 39
8 8
8 8
1 1
20 20
78 78
26 26
121 121
60 60
Факт прошлого года
Ожидаемое (прогноз по конца года)
Интер РАО (дляФСК)
Промышленныепотребители
Транспорт
Нефтедобыча
Нефтепереработка
Нефтепроводы
Газопроводы
Сельскоехозяйство ипищеваяпромышленность
Непромышленныепотребители
Государственные(муниципальные)организации ипрочиебюджетныепотребители
Население иприравненныегруппыпотребителей
Территориальныесетевыеорганизации
Выручка по ПАО Россети на 2023 год
5 5
285 285
72 72
72 72
18 18
22 22
0 0
50 50
201 201
61 61
190 190
227 227
6 6
331 331
82 82
77 77
20 20
20 20
3 3
57 57
220 220
68 68
214 214
258 258
Факт прошлого года
Ожидаемое (прогноз по конца года)
Интер РАО (дляФСК)
Промышленныепотребители
Транспорт
Нефтедобыча
Нефтепереработка
Нефтепроводы
Газопроводы
Сельскоехозяйство ипищеваяпромышленность
Непромышленныепотребители
Государственные(муниципальные)организации ипрочиебюджетныепотребители
Население иприравненныегруппыпотребителей
Территориальныесетевыеорганизации
абс.
%
Прогноз на месяц 
Ноябрь
КПО/Отпуск из сети 
Котловой полезный отпуск, млн. кВт.ч
Организация 
Все
Прогноз электропотребления и выручки за услуги по передаче в разрезе отраслей'

15-01-2025T09:55:30 - [TEST_STEP][PASSED] - a10 = a10.replaceAll("[^0-9]", ""): null

15-01-2025T09:55:30 - [TEST_STEP][PASSED] - println("a10:" + a10): null

15-01-2025T09:55:30 - [TEST_STEP][PASSED] - click(findTestObject("Прогноз по отраслям/Фильтр Сравнение с")): Object: 'Object Repository/Прогноз по отраслям/Фильтр Сравнение с' is clicked on

15-01-2025T09:55:30 - [MESSAGE][PASSED] - Object: 'Object Repository/Прогноз по отраслям/Фильтр Сравнение с' is clicked on

15-01-2025T09:55:30 - [TEST_STEP][PASSED] - click(findTestObject("Прогноз по отраслям/План")): Object: 'Object Repository/Прогноз по отраслям/План' is clicked on

15-01-2025T09:55:31 - [MESSAGE][PASSED] - Object: 'Object Repository/Прогноз по отраслям/План' is clicked on

15-01-2025T09:55:31 - [TEST_STEP][PASSED] - delay(40): Delayed 40 second(s)

15-01-2025T09:56:11 - [MESSAGE][PASSED] - Delayed 40 second(s)

15-01-2025T09:56:11 - [TEST_STEP][PASSED] - a11 = getText(findTestObject("Прогноз по отраслям/Виджеты дашборда")): Text of object 'Object Repository/Прогноз по отраслям/Виджеты дашборда' is: 'Год 
2023 год
Сравнение с 
План
Отклонения по ПАО Россети на 2023 год
0.0 0.0
1 471.7 1 471.7
1 186.5 1 186.5
32 445.2 32 445.2
1 268.3 1 268.3
349.4 349.4
84.3 84.3
239.8 239.8
2 969.4 2 969.4
589.2 589.2
-1 798.4 -1 798.4
5 359.3 5 359.3
⬤ Отклонение, млн. кВт.ч
Интер РАО (для ФСК)
Промышленные потребители
Транспорт
Нефтедобыча
Нефтепереработка
Нефтепроводы
Газопроводы
Сельское хозяйство и пищевая пр…
Непромышленные потребители
Государственные (муниципальные…
Население и приравненные групп…
Территориальные сетевые органи…
Выручка отклонения по ПАО Россети на 2023 год
794.9 794.9
12 195.0 12 195.0
972.7 972.7
61 803.9 61 803.9
4 222.3 4 222.3
-121.8 -121.8
666.2 666.2
873.2 873.2
5 809.6 5 809.6
1 342.6 1 342.6
-4 463.2 -4 463.2
18 375.5 18 375.5
⬤ Отклонение, млн. руб.
Интер РАО (для ФСК)
Промышленные потребители
Транспорт
Нефтедобыча
Нефтепереработка
Нефтепроводы
Газопроводы
Сельское хозяйство и пищевая пр…
Непромышленные потребители
Государственные (муниципальные…
Население и приравненные групп…
Территориальные сетевые органи…
Динамика электропотребления, млрд. кВт.ч. по ПАО Россети на 2023 год
0 0
119 119
37 37
7 7
7 7
8 8
1 1
19 19
75 75
25 25
123 123
55 55
0 0
120 120
39 39
39 39
8 8
8 8
1 1
20 20
78 78
26 26
121 121
60 60
План
Ожидаемое (прогноз по конца года)
Интер РАО (дляФСК)
Промышленныепотребители
Транспорт
Нефтедобыча
Нефтепереработка
Нефтепроводы
Газопроводы
Сельскоехозяйство ипищеваяпромышленность
Непромышленныепотребители
Государственные(муниципальные)организации ипрочиебюджетныепотребители
Население иприравненныегруппыпотребителей
Территориальныесетевыеорганизации
Выручка по ПАО Россети на 2023 год
5 5
319 319
81 81
16 16
16 16
20 20
2 2
56 56
215 215
67 67
218 218
239 239
6 6
331 331
82 82
77 77
20 20
20 20
3 3
57 57
220 220
68 68
214 214
258 258
План
Ожидаемое (прогноз по конца года)
Интер РАО (дляФСК)
Промышленныепотребители
Транспорт
Нефтедобыча
Нефтепереработка
Нефтепроводы
Газопроводы
Сельскоехозяйство ипищеваяпромышленность
Непромышленныепотребители
Государственные(муниципальные)организации ипрочиебюджетныепотребители
Население иприравненныегруппыпотребителей
Территориальныесетевыеорганизации
абс.
%
Прогноз на месяц 
Ноябрь
КПО/Отпуск из сети 
Котловой полезный отпуск, млн. кВт.ч
Организация 
Все
Прогноз электропотребления и выручки за услуги по передаче в разрезе отраслей'

15-01-2025T09:56:12 - [MESSAGE][PASSED] - Text of object 'Object Repository/Прогноз по отраслям/Виджеты дашборда' is: 'Год 
2023 год
Сравнение с 
План
Отклонения по ПАО Россети на 2023 год
0.0 0.0
1 471.7 1 471.7
1 186.5 1 186.5
32 445.2 32 445.2
1 268.3 1 268.3
349.4 349.4
84.3 84.3
239.8 239.8
2 969.4 2 969.4
589.2 589.2
-1 798.4 -1 798.4
5 359.3 5 359.3
⬤ Отклонение, млн. кВт.ч
Интер РАО (для ФСК)
Промышленные потребители
Транспорт
Нефтедобыча
Нефтепереработка
Нефтепроводы
Газопроводы
Сельское хозяйство и пищевая пр…
Непромышленные потребители
Государственные (муниципальные…
Население и приравненные групп…
Территориальные сетевые органи…
Выручка отклонения по ПАО Россети на 2023 год
794.9 794.9
12 195.0 12 195.0
972.7 972.7
61 803.9 61 803.9
4 222.3 4 222.3
-121.8 -121.8
666.2 666.2
873.2 873.2
5 809.6 5 809.6
1 342.6 1 342.6
-4 463.2 -4 463.2
18 375.5 18 375.5
⬤ Отклонение, млн. руб.
Интер РАО (для ФСК)
Промышленные потребители
Транспорт
Нефтедобыча
Нефтепереработка
Нефтепроводы
Газопроводы
Сельское хозяйство и пищевая пр…
Непромышленные потребители
Государственные (муниципальные…
Население и приравненные групп…
Территориальные сетевые органи…
Динамика электропотребления, млрд. кВт.ч. по ПАО Россети на 2023 год
0 0
119 119
37 37
7 7
7 7
8 8
1 1
19 19
75 75
25 25
123 123
55 55
0 0
120 120
39 39
39 39
8 8
8 8
1 1
20 20
78 78
26 26
121 121
60 60
План
Ожидаемое (прогноз по конца года)
Интер РАО (дляФСК)
Промышленныепотребители
Транспорт
Нефтедобыча
Нефтепереработка
Нефтепроводы
Газопроводы
Сельскоехозяйство ипищеваяпромышленность
Непромышленныепотребители
Государственные(муниципальные)организации ипрочиебюджетныепотребители
Население иприравненныегруппыпотребителей
Территориальныесетевыеорганизации
Выручка по ПАО Россети на 2023 год
5 5
319 319
81 81
16 16
16 16
20 20
2 2
56 56
215 215
67 67
218 218
239 239
6 6
331 331
82 82
77 77
20 20
20 20
3 3
57 57
220 220
68 68
214 214
258 258
План
Ожидаемое (прогноз по конца года)
Интер РАО (дляФСК)
Промышленныепотребители
Транспорт
Нефтедобыча
Нефтепереработка
Нефтепроводы
Газопроводы
Сельскоехозяйство ипищеваяпромышленность
Непромышленныепотребители
Государственные(муниципальные)организации ипрочиебюджетныепотребители
Население иприравненныегруппыпотребителей
Территориальныесетевыеорганизации
абс.
%
Прогноз на месяц 
Ноябрь
КПО/Отпуск из сети 
Котловой полезный отпуск, млн. кВт.ч
Организация 
Все
Прогноз электропотребления и выручки за услуги по передаче в разрезе отраслей'

15-01-2025T09:56:12 - [TEST_STEP][PASSED] - println("a11:" + a11): null

15-01-2025T09:56:12 - [TEST_STEP][PASSED] - a11 = a11.replaceAll("[^0-9]", ""): null

15-01-2025T09:56:12 - [TEST_STEP][PASSED] - println("a11:" + a11): null

15-01-2025T09:56:12 - [TEST_STEP][PASSED] - click(findTestObject("Прогноз по отраслям/Фильтр Сравнение с")): Object: 'Object Repository/Прогноз по отраслям/Фильтр Сравнение с' is clicked on

15-01-2025T09:56:12 - [MESSAGE][PASSED] - Object: 'Object Repository/Прогноз по отраслям/Фильтр Сравнение с' is clicked on

15-01-2025T09:56:12 - [TEST_STEP][PASSED] - click(findTestObject("Прогноз по отраслям/План СУ")): Object: 'Object Repository/Прогноз по отраслям/План СУ' is clicked on

15-01-2025T09:56:13 - [MESSAGE][PASSED] - Object: 'Object Repository/Прогноз по отраслям/План СУ' is clicked on

15-01-2025T09:56:13 - [TEST_STEP][PASSED] - delay(40): Delayed 40 second(s)

15-01-2025T09:56:53 - [MESSAGE][PASSED] - Delayed 40 second(s)

15-01-2025T09:56:53 - [TEST_STEP][PASSED] - a12 = getText(findTestObject("Прогноз по отраслям/Виджеты дашборда")): Text of object 'Object Repository/Прогноз по отраслям/Виджеты дашборда' is: 'Год 
2023 год
Сравнение с 
План/СУ
Отклонения по ПАО Россети на 2023 год
0.0 0.0
120 322.6 120 322.6
38 655.4 38 655.4
39 037.8 39 037.8
8 291.7 8 291.7
8 259.5 8 259.5
793.1 793.1
19 706.6 19 706.6
78 310.2 78 310.2
25 579.5 25 579.5
121 219.7 121 219.7
60 414.9 60 414.9
⬤ Отклонение, млн. кВт.ч
Интер РАО (для ФСК)
Промышленные потребители
Транспорт
Нефтедобыча
Нефтепереработка
Нефтепроводы
Газопроводы
Сельское хозяйство и пищевая пр…
Непромышленные потребители
Государственные (муниципальные…
Население и приравненные групп…
Территориальные сетевые органи…
Выручка отклонения по ПАО Россети на 2023 год
⬤ Отклонение, млн. руб.
Интер РАО (для ФСК)
Промышленные потребители
Транспорт
Нефтедобыча
Нефтепереработка
Нефтепроводы
Газопроводы
Сельское хозяйство и пищевая пр…
Непромышленные потребители
Государственные (муниципальные…
Население и приравненные групп…
Территориальные сетевые органи…
Динамика электропотребления, млрд. кВт.ч. по ПАО Россети на 2023 год
0 0
0 0
0 0
0 0
0 0
0 0
0 0
0 0
0 0
0 0
0 0
0 0
0 0
120 120
39 39
39 39
8 8
8 8
1 1
20 20
78 78
26 26
121 121
60 60
СУ
Ожидаемое (прогноз по конца года)
Интер РАО (дляФСК)
Промышленныепотребители
Транспорт
Нефтедобыча
Нефтепереработка
Нефтепроводы
Газопроводы
Сельскоехозяйство ипищеваяпромышленность
Непромышленныепотребители
Государственные(муниципальные)организации ипрочиебюджетныепотребители
Население иприравненныегруппыпотребителей
Территориальныесетевыеорганизации
Выручка по ПАО Россети на 2023 год
6 6
331 331
82 82
77 77
20 20
20 20
3 3
57 57
220 220
68 68
214 214
258 258
Ожидаемое (прогноз по конца года)
Интер РАО (дляФСК)
Промышленныепотребители
Транспорт
Нефтедобыча
Нефтепереработка
Нефтепроводы
Газопроводы
Сельскоехозяйство ипищеваяпромышленность
Непромышленныепотребители
Государственные(муниципальные)организации ипрочиебюджетныепотребители
Население иприравненныегруппыпотребителей
Территориальныесетевыеорганизации
абс.
%
Прогноз на месяц 
Ноябрь
КПО/Отпуск из сети 
Котловой полезный отпуск, млн. кВт.ч
Организация 
Все
Прогноз электропотребления и выручки за услуги по передаче в разрезе отраслей'

15-01-2025T09:56:54 - [MESSAGE][PASSED] - Text of object 'Object Repository/Прогноз по отраслям/Виджеты дашборда' is: 'Год 
2023 год
Сравнение с 
План/СУ
Отклонения по ПАО Россети на 2023 год
0.0 0.0
120 322.6 120 322.6
38 655.4 38 655.4
39 037.8 39 037.8
8 291.7 8 291.7
8 259.5 8 259.5
793.1 793.1
19 706.6 19 706.6
78 310.2 78 310.2
25 579.5 25 579.5
121 219.7 121 219.7
60 414.9 60 414.9
⬤ Отклонение, млн. кВт.ч
Интер РАО (для ФСК)
Промышленные потребители
Транспорт
Нефтедобыча
Нефтепереработка
Нефтепроводы
Газопроводы
Сельское хозяйство и пищевая пр…
Непромышленные потребители
Государственные (муниципальные…
Население и приравненные групп…
Территориальные сетевые органи…
Выручка отклонения по ПАО Россети на 2023 год
⬤ Отклонение, млн. руб.
Интер РАО (для ФСК)
Промышленные потребители
Транспорт
Нефтедобыча
Нефтепереработка
Нефтепроводы
Газопроводы
Сельское хозяйство и пищевая пр…
Непромышленные потребители
Государственные (муниципальные…
Население и приравненные групп…
Территориальные сетевые органи…
Динамика электропотребления, млрд. кВт.ч. по ПАО Россети на 2023 год
0 0
0 0
0 0
0 0
0 0
0 0
0 0
0 0
0 0
0 0
0 0
0 0
0 0
120 120
39 39
39 39
8 8
8 8
1 1
20 20
78 78
26 26
121 121
60 60
СУ
Ожидаемое (прогноз по конца года)
Интер РАО (дляФСК)
Промышленныепотребители
Транспорт
Нефтедобыча
Нефтепереработка
Нефтепроводы
Газопроводы
Сельскоехозяйство ипищеваяпромышленность
Непромышленныепотребители
Государственные(муниципальные)организации ипрочиебюджетныепотребители
Население иприравненныегруппыпотребителей
Территориальныесетевыеорганизации
Выручка по ПАО Россети на 2023 год
6 6
331 331
82 82
77 77
20 20
20 20
3 3
57 57
220 220
68 68
214 214
258 258
Ожидаемое (прогноз по конца года)
Интер РАО (дляФСК)
Промышленныепотребители
Транспорт
Нефтедобыча
Нефтепереработка
Нефтепроводы
Газопроводы
Сельскоехозяйство ипищеваяпромышленность
Непромышленныепотребители
Государственные(муниципальные)организации ипрочиебюджетныепотребители
Население иприравненныегруппыпотребителей
Территориальныесетевыеорганизации
абс.
%
Прогноз на месяц 
Ноябрь
КПО/Отпуск из сети 
Котловой полезный отпуск, млн. кВт.ч
Организация 
Все
Прогноз электропотребления и выручки за услуги по передаче в разрезе отраслей'

15-01-2025T09:56:54 - [TEST_STEP][PASSED] - a12 = a12.replaceAll("[^0-9]", ""): null

15-01-2025T09:56:54 - [TEST_STEP][PASSED] - println("a12:" + a12): null

15-01-2025T09:56:54 - [TEST_STEP][PASSED] - navigateToUrl(findTestData("PlanFact").getValue(10, 12)): Navigate to 'https://bi.rosseti.digital/viewer?dashboardGuid=d218b6eb1b7845df8f1994d6a65c072b&sheetGuid=3059d1e0f28043ee8c80901707e9c246&fit=true' successfully

15-01-2025T09:56:54 - [MESSAGE][PASSED] - Navigate to 'https://bi.rosseti.digital/viewer?dashboardGuid=d218b6eb1b7845df8f1994d6a65c072b&sheetGuid=3059d1e0f28043ee8c80901707e9c246&fit=true' successfully

15-01-2025T09:56:54 - [TEST_STEP][PASSED] - delay(50): Delayed 50 second(s)

15-01-2025T09:57:44 - [MESSAGE][PASSED] - Delayed 50 second(s)

15-01-2025T09:57:44 - [TEST_STEP][PASSED] - click(findTestObject("Прогноз по отраслям/Фильтр месяц Стресс")): Object: 'Object Repository/Прогноз по отраслям/Фильтр месяц Стресс' is clicked on

15-01-2025T09:57:45 - [MESSAGE][PASSED] - Object: 'Object Repository/Прогноз по отраслям/Фильтр месяц Стресс' is clicked on

15-01-2025T09:57:45 - [TEST_STEP][PASSED] - scrollToElement(findTestObject("Прогноз по отраслям/Ноябрь Стресс"), 30): Scroll to object 'Object Repository/Прогноз по отраслям/Ноябрь Стресс' successfully

15-01-2025T09:57:45 - [MESSAGE][PASSED] - Scroll to object 'Object Repository/Прогноз по отраслям/Ноябрь Стресс' successfully

15-01-2025T09:57:45 - [TEST_STEP][PASSED] - click(findTestObject("Прогноз по отраслям/Ноябрь Стресс")): Object: 'Object Repository/Прогноз по отраслям/Ноябрь Стресс' is clicked on

15-01-2025T09:57:46 - [MESSAGE][PASSED] - Object: 'Object Repository/Прогноз по отраслям/Ноябрь Стресс' is clicked on

15-01-2025T09:57:46 - [TEST_STEP][PASSED] - scrollToElement(findTestObject("Прогноз по отраслям/Заголовок дашборда Стресс"), 30): Scroll to object 'Object Repository/Прогноз по отраслям/Заголовок дашборда Стресс' successfully

15-01-2025T09:57:47 - [MESSAGE][PASSED] - Scroll to object 'Object Repository/Прогноз по отраслям/Заголовок дашборда Стресс' successfully

15-01-2025T09:57:47 - [TEST_STEP][PASSED] - click(findTestObject("Прогноз по отраслям/Фильтр Сравнение с Стресс")): Object: 'Object Repository/Прогноз по отраслям/Фильтр Сравнение с Стресс' is clicked on

15-01-2025T09:57:48 - [MESSAGE][PASSED] - Object: 'Object Repository/Прогноз по отраслям/Фильтр Сравнение с Стресс' is clicked on

15-01-2025T09:57:48 - [TEST_STEP][PASSED] - click(findTestObject("Прогноз по отраслям/Факт прошлого года Стресс")): Object: 'Object Repository/Прогноз по отраслям/Факт прошлого года Стресс' is clicked on

15-01-2025T09:57:49 - [MESSAGE][PASSED] - Object: 'Object Repository/Прогноз по отраслям/Факт прошлого года Стресс' is clicked on

15-01-2025T09:57:49 - [TEST_STEP][PASSED] - click(findTestObject("Прогноз по отраслям/Фильтр КПО-Отпуск Стресс")): Object: 'Object Repository/Прогноз по отраслям/Фильтр КПО-Отпуск Стресс' is clicked on

15-01-2025T09:57:52 - [MESSAGE][PASSED] - Object: 'Object Repository/Прогноз по отраслям/Фильтр КПО-Отпуск Стресс' is clicked on

15-01-2025T09:57:52 - [TEST_STEP][PASSED] - click(findTestObject("Прогноз по отраслям/Отпуск Стресс")): Object: 'Object Repository/Прогноз по отраслям/Отпуск Стресс' is clicked on

15-01-2025T09:57:53 - [MESSAGE][PASSED] - Object: 'Object Repository/Прогноз по отраслям/Отпуск Стресс' is clicked on

15-01-2025T09:57:53 - [TEST_STEP][PASSED] - delay(40): Delayed 40 second(s)

15-01-2025T09:58:33 - [MESSAGE][PASSED] - Delayed 40 second(s)

15-01-2025T09:58:33 - [TEST_STEP][PASSED] - b1 = getText(findTestObject("Прогноз по отраслям/Виджеты дашборда")): Text of object 'Object Repository/Прогноз по отраслям/Виджеты дашборда' is: 'Год 
2023 год
Сравнение с 
Факт прошлого года
Динамика электропотребления, млрд. кВт.ч., по ПАО Россети на 2023 год
12 12
186 186
36 36
50 50
10 10
19 19
0 0
17 17
85 85
19 19
82 82
604 604
10 10
197 197
37 37
48 48
10 10
15 15
4 4
18 18
80 80
19 19
82 82
608 608
Факт прошлого года
Ожидаемое (прогноз до конца года)
Интер РАО(для ФСК)
Промышленныепотребители
Транспорт
Нефтедобыча
Нефтеперераб…
Нефтепроводы
Газопроводы
Сельское хозя…
Непромышлен…
Государственн…
Население иприравненныегруппыпотребителей
Территориальн…
Выручка, млрд. руб, по ПАО Россети на 2023 год
5 5
285 285
72 72
72 72
18 18
22 22
0 0
50 50
201 201
61 61
190 190
227 227
6 6
331 331
82 82
77 77
20 20
20 20
3 3
57 57
220 220
68 68
214 214
258 258
Факт прошлого года
Ожидаемое (прогноз до конца года)
Интер РАО(для ФСК)
Промышленныепотребители
Транспорт
Нефтедобыча
Нефтеперераб…
Нефтепроводы
Газопроводы
Сельское хозя…
Непромышлен…
Государственн…
Население иприравненныегруппыпотребителей
Территориальн…
Отклонения по ПАО Россети на 2023 год
-18.5% -18.5%
5.9% 5.9%
3.6% 3.6%
-3.9% -3.9%
0.9% 0.9%
-20.7% -20.7%
3 313.2% 3 313.2%
3.8% 3.8%
-5.6% -5.6%
1.3% 1.3%
-0.9% -0.9%
0.7% 0.7%
⬤ Отклонение, %
Интер РАО (для ФСК)
Промышленные потребители
Транспорт
Нефтедобыча
Нефтепереработка
Нефтепроводы
Газопроводы
Сельское хозяйство и пищевая про…
Непромышленные потребители
Государственные (муниципальные)…
Население и приравненные группы…
Территориальные сетевые организ…
Выручка отклонения по ПАО Россети на 2023 год
7.7% 7.7%
16.0% 16.0%
13.2% 13.2%
6.7% 6.7%
13.3% 13.3%
-7.7% -7.7%
1 331.5% 1 331.5%
14.2% 14.2%
9.9% 9.9%
12.0% 12.0%
12.4% 12.4%
13.7% 13.7%
⬤ Отклонение, %
Интер РАО (для ФСК)
Промышленные потребители
Транспорт
Нефтедобыча
Нефтепереработка
Нефтепроводы
Газопроводы
Сельское хозяйство и пищевая про…
Непромышленные потребители
Государственные (муниципальные)…
Население и приравненные группы…
Территориальные сетевые организ…
абс.
%
Прогноз на месяц 
Ноябрь
КПО/Отпуск из сети 
Отпуск из сети, млн. кВт.ч
Организация 
Все
Прогноз электропотребления и выручки за услуги по передаче в разрезе отраслей'

15-01-2025T09:58:34 - [MESSAGE][PASSED] - Text of object 'Object Repository/Прогноз по отраслям/Виджеты дашборда' is: 'Год 
2023 год
Сравнение с 
Факт прошлого года
Динамика электропотребления, млрд. кВт.ч., по ПАО Россети на 2023 год
12 12
186 186
36 36
50 50
10 10
19 19
0 0
17 17
85 85
19 19
82 82
604 604
10 10
197 197
37 37
48 48
10 10
15 15
4 4
18 18
80 80
19 19
82 82
608 608
Факт прошлого года
Ожидаемое (прогноз до конца года)
Интер РАО(для ФСК)
Промышленныепотребители
Транспорт
Нефтедобыча
Нефтеперераб…
Нефтепроводы
Газопроводы
Сельское хозя…
Непромышлен…
Государственн…
Население иприравненныегруппыпотребителей
Территориальн…
Выручка, млрд. руб, по ПАО Россети на 2023 год
5 5
285 285
72 72
72 72
18 18
22 22
0 0
50 50
201 201
61 61
190 190
227 227
6 6
331 331
82 82
77 77
20 20
20 20
3 3
57 57
220 220
68 68
214 214
258 258
Факт прошлого года
Ожидаемое (прогноз до конца года)
Интер РАО(для ФСК)
Промышленныепотребители
Транспорт
Нефтедобыча
Нефтеперераб…
Нефтепроводы
Газопроводы
Сельское хозя…
Непромышлен…
Государственн…
Население иприравненныегруппыпотребителей
Территориальн…
Отклонения по ПАО Россети на 2023 год
-18.5% -18.5%
5.9% 5.9%
3.6% 3.6%
-3.9% -3.9%
0.9% 0.9%
-20.7% -20.7%
3 313.2% 3 313.2%
3.8% 3.8%
-5.6% -5.6%
1.3% 1.3%
-0.9% -0.9%
0.7% 0.7%
⬤ Отклонение, %
Интер РАО (для ФСК)
Промышленные потребители
Транспорт
Нефтедобыча
Нефтепереработка
Нефтепроводы
Газопроводы
Сельское хозяйство и пищевая про…
Непромышленные потребители
Государственные (муниципальные)…
Население и приравненные группы…
Территориальные сетевые организ…
Выручка отклонения по ПАО Россети на 2023 год
7.7% 7.7%
16.0% 16.0%
13.2% 13.2%
6.7% 6.7%
13.3% 13.3%
-7.7% -7.7%
1 331.5% 1 331.5%
14.2% 14.2%
9.9% 9.9%
12.0% 12.0%
12.4% 12.4%
13.7% 13.7%
⬤ Отклонение, %
Интер РАО (для ФСК)
Промышленные потребители
Транспорт
Нефтедобыча
Нефтепереработка
Нефтепроводы
Газопроводы
Сельское хозяйство и пищевая про…
Непромышленные потребители
Государственные (муниципальные)…
Население и приравненные группы…
Территориальные сетевые организ…
абс.
%
Прогноз на месяц 
Ноябрь
КПО/Отпуск из сети 
Отпуск из сети, млн. кВт.ч
Организация 
Все
Прогноз электропотребления и выручки за услуги по передаче в разрезе отраслей'

15-01-2025T09:58:34 - [TEST_STEP][PASSED] - b1 = b1.replaceAll("[^0-9]", ""): null

15-01-2025T09:58:34 - [TEST_STEP][PASSED] - println("b1:" + b1): null

15-01-2025T09:58:34 - [TEST_STEP][PASSED] - click(findTestObject("Прогноз по отраслям/Фильтр Сравнение с Стресс")): Object: 'Object Repository/Прогноз по отраслям/Фильтр Сравнение с Стресс' is clicked on

15-01-2025T09:58:34 - [MESSAGE][PASSED] - Object: 'Object Repository/Прогноз по отраслям/Фильтр Сравнение с Стресс' is clicked on

15-01-2025T09:58:34 - [TEST_STEP][PASSED] - click(findTestObject("Прогноз по отраслям/План Стресс")): Object: 'Object Repository/Прогноз по отраслям/План Стресс' is clicked on

15-01-2025T09:58:35 - [MESSAGE][PASSED] - Object: 'Object Repository/Прогноз по отраслям/План Стресс' is clicked on

15-01-2025T09:58:35 - [TEST_STEP][PASSED] - delay(40): Delayed 40 second(s)

15-01-2025T09:59:15 - [MESSAGE][PASSED] - Delayed 40 second(s)

15-01-2025T09:59:15 - [TEST_STEP][PASSED] - b2 = getText(findTestObject("Прогноз по отраслям/Виджеты дашборда")): Text of object 'Object Repository/Прогноз по отраслям/Виджеты дашборда' is: 'Год 
2023 год
Сравнение с 
План
Динамика электропотребления, млрд. кВт.ч., по ПАО Россети на 2023 год
10 10
190 190
36 36
14 14
9 9
14 14
4 4
17 17
80 80
19 19
82 82
588 588
10 10
197 197
37 37
48 48
10 10
15 15
4 4
18 18
80 80
19 19
82 82
608 608
План
Ожидаемое (прогноз до конца года)
Интер РАО(для ФСК)
Промышленныепотребители
Транспорт
Нефтедобыча
Нефтеперераб…
Нефтепроводы
Газопроводы
Сельское хозя…
Непромышлен…
Государственн…
Население иприравненныегруппыпотребителей
Территориальн…
Выручка, млрд. руб, по ПАО Россети на 2023 год
5 5
319 319
81 81
16 16
16 16
20 20
2 2
56 56
215 215
67 67
218 218
239 239
6 6
331 331
82 82
77 77
20 20
20 20
3 3
57 57
220 220
68 68
214 214
258 258
План
Ожидаемое (прогноз до конца года)
Интер РАО(для ФСК)
Промышленныепотребители
Транспорт
Нефтедобыча
Нефтеперераб…
Нефтепроводы
Газопроводы
Сельское хозя…
Непромышлен…
Государственн…
Население иприравненныегруппыпотребителей
Территориальн…
Отклонения по ПАО Россети на 2023 год
-4.7% -4.7%
3.8% 3.8%
1.9% 1.9%
230.3% 230.3%
10.9% 10.9%
4.2% 4.2%
21.7% 21.7%
3.9% 3.9%
-0.6% -0.6%
1.6% 1.6%
-1.0% -1.0%
3.3% 3.3%
⬤ Отклонение, %
Интер РАО (для ФСК)
Промышленные потребители
Транспорт
Нефтедобыча
Нефтепереработка
Нефтепроводы
Газопроводы
Сельское хозяйство и пищевая про…
Непромышленные потребители
Государственные (муниципальные)…
Население и приравненные группы…
Территориальные сетевые организ…
Выручка отклонения по ПАО Россети на 2023 год
15.6% 15.6%
3.8% 3.8%
1.2% 1.2%
398.2% 398.2%
26.9% 26.9%
-0.6% -0.6%
26.9% 26.9%
1.5% 1.5%
2.7% 2.7%
2.0% 2.0%
-2.0% -2.0%
7.9% 7.9%
⬤ Отклонение, %
Интер РАО (для ФСК)
Промышленные потребители
Транспорт
Нефтедобыча
Нефтепереработка
Нефтепроводы
Газопроводы
Сельское хозяйство и пищевая про…
Непромышленные потребители
Государственные (муниципальные)…
Население и приравненные группы…
Территориальные сетевые организ…
абс.
%
Прогноз на месяц 
Ноябрь
КПО/Отпуск из сети 
Отпуск из сети, млн. кВт.ч
Организация 
Все
Прогноз электропотребления и выручки за услуги по передаче в разрезе отраслей'

15-01-2025T09:59:16 - [MESSAGE][PASSED] - Text of object 'Object Repository/Прогноз по отраслям/Виджеты дашборда' is: 'Год 
2023 год
Сравнение с 
План
Динамика электропотребления, млрд. кВт.ч., по ПАО Россети на 2023 год
10 10
190 190
36 36
14 14
9 9
14 14
4 4
17 17
80 80
19 19
82 82
588 588
10 10
197 197
37 37
48 48
10 10
15 15
4 4
18 18
80 80
19 19
82 82
608 608
План
Ожидаемое (прогноз до конца года)
Интер РАО(для ФСК)
Промышленныепотребители
Транспорт
Нефтедобыча
Нефтеперераб…
Нефтепроводы
Газопроводы
Сельское хозя…
Непромышлен…
Государственн…
Население иприравненныегруппыпотребителей
Территориальн…
Выручка, млрд. руб, по ПАО Россети на 2023 год
5 5
319 319
81 81
16 16
16 16
20 20
2 2
56 56
215 215
67 67
218 218
239 239
6 6
331 331
82 82
77 77
20 20
20 20
3 3
57 57
220 220
68 68
214 214
258 258
План
Ожидаемое (прогноз до конца года)
Интер РАО(для ФСК)
Промышленныепотребители
Транспорт
Нефтедобыча
Нефтеперераб…
Нефтепроводы
Газопроводы
Сельское хозя…
Непромышлен…
Государственн…
Население иприравненныегруппыпотребителей
Территориальн…
Отклонения по ПАО Россети на 2023 год
-4.7% -4.7%
3.8% 3.8%
1.9% 1.9%
230.3% 230.3%
10.9% 10.9%
4.2% 4.2%
21.7% 21.7%
3.9% 3.9%
-0.6% -0.6%
1.6% 1.6%
-1.0% -1.0%
3.3% 3.3%
⬤ Отклонение, %
Интер РАО (для ФСК)
Промышленные потребители
Транспорт
Нефтедобыча
Нефтепереработка
Нефтепроводы
Газопроводы
Сельское хозяйство и пищевая про…
Непромышленные потребители
Государственные (муниципальные)…
Население и приравненные группы…
Территориальные сетевые организ…
Выручка отклонения по ПАО Россети на 2023 год
15.6% 15.6%
3.8% 3.8%
1.2% 1.2%
398.2% 398.2%
26.9% 26.9%
-0.6% -0.6%
26.9% 26.9%
1.5% 1.5%
2.7% 2.7%
2.0% 2.0%
-2.0% -2.0%
7.9% 7.9%
⬤ Отклонение, %
Интер РАО (для ФСК)
Промышленные потребители
Транспорт
Нефтедобыча
Нефтепереработка
Нефтепроводы
Газопроводы
Сельское хозяйство и пищевая про…
Непромышленные потребители
Государственные (муниципальные)…
Население и приравненные группы…
Территориальные сетевые организ…
абс.
%
Прогноз на месяц 
Ноябрь
КПО/Отпуск из сети 
Отпуск из сети, млн. кВт.ч
Организация 
Все
Прогноз электропотребления и выручки за услуги по передаче в разрезе отраслей'

15-01-2025T09:59:16 - [TEST_STEP][PASSED] - b2 = b2.replaceAll("[^0-9]", ""): null

15-01-2025T09:59:16 - [TEST_STEP][PASSED] - println("b2:" + b2): null

15-01-2025T09:59:16 - [TEST_STEP][PASSED] - click(findTestObject("Прогноз по отраслям/Фильтр Сравнение с Стресс")): Object: 'Object Repository/Прогноз по отраслям/Фильтр Сравнение с Стресс' is clicked on

15-01-2025T09:59:16 - [MESSAGE][PASSED] - Object: 'Object Repository/Прогноз по отраслям/Фильтр Сравнение с Стресс' is clicked on

15-01-2025T09:59:16 - [TEST_STEP][PASSED] - click(findTestObject("Прогноз по отраслям/План СУ Стресс")): Object: 'Object Repository/Прогноз по отраслям/План СУ Стресс' is clicked on

15-01-2025T09:59:18 - [MESSAGE][PASSED] - Object: 'Object Repository/Прогноз по отраслям/План СУ Стресс' is clicked on

15-01-2025T09:59:18 - [TEST_STEP][PASSED] - delay(40): Delayed 40 second(s)

15-01-2025T09:59:58 - [MESSAGE][PASSED] - Delayed 40 second(s)

15-01-2025T09:59:58 - [TEST_STEP][PASSED] - b3 = getText(findTestObject("Прогноз по отраслям/Виджеты дашборда")): Text of object 'Object Repository/Прогноз по отраслям/Виджеты дашборда' is: 'Год 
2023 год
Сравнение с 
План/СУ
Динамика электропотребления, млрд. кВт.ч., по ПАО Россети на 2023 год
10 10
186 186
36 36
15 15
9 9
14 14
4 4
17 17
88 88
19 19
83 83
597 597
10 10
197 197
37 37
48 48
10 10
15 15
4 4
18 18
80 80
19 19
82 82
608 608
СУ
Ожидаемое (прогноз до конца года)
Интер РАО(для ФСК)
Промышленныепотребители
Транспорт
Нефтедобыча
Нефтеперераб…
Нефтепроводы
Газопроводы
Сельское хозя…
Непромышлен…
Государственн…
Население иприравненныегруппыпотребителей
Территориальн…
Выручка, млрд. руб, по ПАО Россети на 2023 год
6 6
331 331
82 82
77 77
20 20
20 20
3 3
57 57
220 220
68 68
214 214
258 258
Ожидаемое (прогноз до конца года)
Интер РАО(для ФСК)
Промышленныепотребители
Транспорт
Нефтедобыча
Нефтеперераб…
Нефтепроводы
Газопроводы
Сельское хозя…
Непромышлен…
Государственн…
Население иприравненныегруппыпотребителей
Территориальн…
Отклонения по ПАО Россети на 2023 год
2.5% 2.5%
5.9% 5.9%
1.9% 1.9%
219.1% 219.1%
11.7% 11.7%
1.9% 1.9%
13.1% 13.1%
3.5% 3.5%
-8.7% -8.7%
0.2% 0.2%
-1.6% -1.6%
1.8% 1.8%
⬤ Отклонение, %
Интер РАО (для ФСК)
Промышленные потребители
Транспорт
Нефтедобыча
Нефтепереработка
Нефтепроводы
Газопроводы
Сельское хозяйство и пищевая про…
Непромышленные потребители
Государственные (муниципальные)…
Население и приравненные группы…
Территориальные сетевые организ…
Выручка отклонения по ПАО Россети на 2023 год
⬤ Отклонение, %
Интер РАО (для ФСК)
Промышленные потребители
Транспорт
Нефтедобыча
Нефтепереработка
Нефтепроводы
Газопроводы
Сельское хозяйство и пищевая про…
Непромышленные потребители
Государственные (муниципальные)…
Население и приравненные группы…
Территориальные сетевые организ…
абс.
%
Прогноз на месяц 
Ноябрь
КПО/Отпуск из сети 
Отпуск из сети, млн. кВт.ч
Организация 
Все
Прогноз электропотребления и выручки за услуги по передаче в разрезе отраслей'

15-01-2025T09:59:58 - [MESSAGE][PASSED] - Text of object 'Object Repository/Прогноз по отраслям/Виджеты дашборда' is: 'Год 
2023 год
Сравнение с 
План/СУ
Динамика электропотребления, млрд. кВт.ч., по ПАО Россети на 2023 год
10 10
186 186
36 36
15 15
9 9
14 14
4 4
17 17
88 88
19 19
83 83
597 597
10 10
197 197
37 37
48 48
10 10
15 15
4 4
18 18
80 80
19 19
82 82
608 608
СУ
Ожидаемое (прогноз до конца года)
Интер РАО(для ФСК)
Промышленныепотребители
Транспорт
Нефтедобыча
Нефтеперераб…
Нефтепроводы
Газопроводы
Сельское хозя…
Непромышлен…
Государственн…
Население иприравненныегруппыпотребителей
Территориальн…
Выручка, млрд. руб, по ПАО Россети на 2023 год
6 6
331 331
82 82
77 77
20 20
20 20
3 3
57 57
220 220
68 68
214 214
258 258
Ожидаемое (прогноз до конца года)
Интер РАО(для ФСК)
Промышленныепотребители
Транспорт
Нефтедобыча
Нефтеперераб…
Нефтепроводы
Газопроводы
Сельское хозя…
Непромышлен…
Государственн…
Население иприравненныегруппыпотребителей
Территориальн…
Отклонения по ПАО Россети на 2023 год
2.5% 2.5%
5.9% 5.9%
1.9% 1.9%
219.1% 219.1%
11.7% 11.7%
1.9% 1.9%
13.1% 13.1%
3.5% 3.5%
-8.7% -8.7%
0.2% 0.2%
-1.6% -1.6%
1.8% 1.8%
⬤ Отклонение, %
Интер РАО (для ФСК)
Промышленные потребители
Транспорт
Нефтедобыча
Нефтепереработка
Нефтепроводы
Газопроводы
Сельское хозяйство и пищевая про…
Непромышленные потребители
Государственные (муниципальные)…
Население и приравненные группы…
Территориальные сетевые организ…
Выручка отклонения по ПАО Россети на 2023 год
⬤ Отклонение, %
Интер РАО (для ФСК)
Промышленные потребители
Транспорт
Нефтедобыча
Нефтепереработка
Нефтепроводы
Газопроводы
Сельское хозяйство и пищевая про…
Непромышленные потребители
Государственные (муниципальные)…
Население и приравненные группы…
Территориальные сетевые организ…
абс.
%
Прогноз на месяц 
Ноябрь
КПО/Отпуск из сети 
Отпуск из сети, млн. кВт.ч
Организация 
Все
Прогноз электропотребления и выручки за услуги по передаче в разрезе отраслей'

15-01-2025T09:59:58 - [TEST_STEP][PASSED] - b3 = b3.replaceAll("[^0-9]", ""): null

15-01-2025T09:59:58 - [TEST_STEP][PASSED] - println("b3:" + b3): null

15-01-2025T09:59:58 - [TEST_STEP][PASSED] - click(findTestObject("Прогноз по отраслям/Фильтр Сравнение с Стресс")): Object: 'Object Repository/Прогноз по отраслям/Фильтр Сравнение с Стресс' is clicked on

15-01-2025T09:59:59 - [MESSAGE][PASSED] - Object: 'Object Repository/Прогноз по отраслям/Фильтр Сравнение с Стресс' is clicked on

15-01-2025T09:59:59 - [TEST_STEP][PASSED] - click(findTestObject("Прогноз по отраслям/Факт прошлого года Стресс")): Object: 'Object Repository/Прогноз по отраслям/Факт прошлого года Стресс' is clicked on

15-01-2025T10:00:00 - [MESSAGE][PASSED] - Object: 'Object Repository/Прогноз по отраслям/Факт прошлого года Стресс' is clicked on

15-01-2025T10:00:00 - [TEST_STEP][PASSED] - click(findTestObject("Прогноз по отраслям/Фильтр КПО-Отпуск Стресс")): Object: 'Object Repository/Прогноз по отраслям/Фильтр КПО-Отпуск Стресс' is clicked on

15-01-2025T10:00:03 - [MESSAGE][PASSED] - Object: 'Object Repository/Прогноз по отраслям/Фильтр КПО-Отпуск Стресс' is clicked on

15-01-2025T10:00:03 - [TEST_STEP][PASSED] - click(findTestObject("Прогноз по отраслям/КПО Стресс")): Object: 'Object Repository/Прогноз по отраслям/КПО Стресс' is clicked on

15-01-2025T10:00:04 - [MESSAGE][PASSED] - Object: 'Object Repository/Прогноз по отраслям/КПО Стресс' is clicked on

15-01-2025T10:00:04 - [TEST_STEP][PASSED] - delay(40): Delayed 40 second(s)

15-01-2025T10:00:44 - [MESSAGE][PASSED] - Delayed 40 second(s)

15-01-2025T10:00:44 - [TEST_STEP][PASSED] - b4 = getText(findTestObject("Прогноз по отраслям/Виджеты дашборда")): Text of object 'Object Repository/Прогноз по отраслям/Виджеты дашборда' is: 'Год 
2023 год
Сравнение с 
Факт прошлого года
Динамика электропотребления, млрд. кВт.ч., по ПАО Россети на 2023 год
0 0
120 120
38 38
41 41
8 8
10 10
0 0
19 19
77 77
25 25
122 122
61 61
0 0
120 120
39 39
39 39
8 8
8 8
1 1
20 20
78 78
26 26
121 121
60 60
Факт прошлого года
Ожидаемое (прогноз до конца года)
Интер РАО(для ФСК)
Промышленныепотребители
Транспорт
Нефтедобыча
Нефтеперераб…
Нефтепроводы
Газопроводы
Сельское хозя…
Непромышлен…
Государственн…
Население иприравненныегруппыпотребителей
Территориальн…
Выручка, млрд. руб, по ПАО Россети на 2023 год
5 5
285 285
72 72
72 72
18 18
22 22
0 0
50 50
201 201
61 61
190 190
227 227
6 6
331 331
82 82
77 77
20 20
20 20
3 3
57 57
220 220
68 68
214 214
258 258
Факт прошлого года
Ожидаемое (прогноз до конца года)
Интер РАО(для ФСК)
Промышленныепотребители
Транспорт
Нефтедобыча
Нефтеперераб…
Нефтепроводы
Газопроводы
Сельское хозя…
Непромышлен…
Государственн…
Население иприравненныегруппыпотребителей
Территориальн…
Отклонения по ПАО Россети на 2023 год
0.5% 0.5%
0.9% 0.9%
-5.9% -5.9%
3.1% 3.1%
-17.9% -17.9%
578.4% 578.4%
2.3% 2.3%
1.8% 1.8%
2.1% 2.1%
-0.9% -0.9%
-0.2% -0.2%
⬤ Отклонение, %
Интер РАО (для ФСК)
Промышленные потребители
Транспорт
Нефтедобыча
Нефтепереработка
Нефтепроводы
Газопроводы
Сельское хозяйство и пищевая про…
Непромышленные потребители
Государственные (муниципальные)…
Население и приравненные группы…
Территориальные сетевые организ…
Выручка отклонения по ПАО Россети на 2023 год
7.7% 7.7%
16.0% 16.0%
13.2% 13.2%
6.7% 6.7%
13.3% 13.3%
-7.7% -7.7%
1 331.5% 1 331.5%
14.2% 14.2%
9.9% 9.9%
12.0% 12.0%
12.4% 12.4%
13.7% 13.7%
⬤ Отклонение, %
Интер РАО (для ФСК)
Промышленные потребители
Транспорт
Нефтедобыча
Нефтепереработка
Нефтепроводы
Газопроводы
Сельское хозяйство и пищевая про…
Непромышленные потребители
Государственные (муниципальные)…
Население и приравненные группы…
Территориальные сетевые организ…
абс.
%
Прогноз на месяц 
Ноябрь
КПО/Отпуск из сети 
Котловой полезный отпуск, млн. кВт.ч
Организация 
Все
Прогноз электропотребления и выручки за услуги по передаче в разрезе отраслей'

15-01-2025T10:00:44 - [MESSAGE][PASSED] - Text of object 'Object Repository/Прогноз по отраслям/Виджеты дашборда' is: 'Год 
2023 год
Сравнение с 
Факт прошлого года
Динамика электропотребления, млрд. кВт.ч., по ПАО Россети на 2023 год
0 0
120 120
38 38
41 41
8 8
10 10
0 0
19 19
77 77
25 25
122 122
61 61
0 0
120 120
39 39
39 39
8 8
8 8
1 1
20 20
78 78
26 26
121 121
60 60
Факт прошлого года
Ожидаемое (прогноз до конца года)
Интер РАО(для ФСК)
Промышленныепотребители
Транспорт
Нефтедобыча
Нефтеперераб…
Нефтепроводы
Газопроводы
Сельское хозя…
Непромышлен…
Государственн…
Население иприравненныегруппыпотребителей
Территориальн…
Выручка, млрд. руб, по ПАО Россети на 2023 год
5 5
285 285
72 72
72 72
18 18
22 22
0 0
50 50
201 201
61 61
190 190
227 227
6 6
331 331
82 82
77 77
20 20
20 20
3 3
57 57
220 220
68 68
214 214
258 258
Факт прошлого года
Ожидаемое (прогноз до конца года)
Интер РАО(для ФСК)
Промышленныепотребители
Транспорт
Нефтедобыча
Нефтеперераб…
Нефтепроводы
Газопроводы
Сельское хозя…
Непромышлен…
Государственн…
Население иприравненныегруппыпотребителей
Территориальн…
Отклонения по ПАО Россети на 2023 год
0.5% 0.5%
0.9% 0.9%
-5.9% -5.9%
3.1% 3.1%
-17.9% -17.9%
578.4% 578.4%
2.3% 2.3%
1.8% 1.8%
2.1% 2.1%
-0.9% -0.9%
-0.2% -0.2%
⬤ Отклонение, %
Интер РАО (для ФСК)
Промышленные потребители
Транспорт
Нефтедобыча
Нефтепереработка
Нефтепроводы
Газопроводы
Сельское хозяйство и пищевая про…
Непромышленные потребители
Государственные (муниципальные)…
Население и приравненные группы…
Территориальные сетевые организ…
Выручка отклонения по ПАО Россети на 2023 год
7.7% 7.7%
16.0% 16.0%
13.2% 13.2%
6.7% 6.7%
13.3% 13.3%
-7.7% -7.7%
1 331.5% 1 331.5%
14.2% 14.2%
9.9% 9.9%
12.0% 12.0%
12.4% 12.4%
13.7% 13.7%
⬤ Отклонение, %
Интер РАО (для ФСК)
Промышленные потребители
Транспорт
Нефтедобыча
Нефтепереработка
Нефтепроводы
Газопроводы
Сельское хозяйство и пищевая про…
Непромышленные потребители
Государственные (муниципальные)…
Население и приравненные группы…
Территориальные сетевые организ…
абс.
%
Прогноз на месяц 
Ноябрь
КПО/Отпуск из сети 
Котловой полезный отпуск, млн. кВт.ч
Организация 
Все
Прогноз электропотребления и выручки за услуги по передаче в разрезе отраслей'

15-01-2025T10:00:44 - [TEST_STEP][PASSED] - b4 = b4.replaceAll("[^0-9]", ""): null

15-01-2025T10:00:44 - [TEST_STEP][PASSED] - println("b4:" + b4): null

15-01-2025T10:00:44 - [TEST_STEP][PASSED] - click(findTestObject("Прогноз по отраслям/Фильтр Сравнение с Стресс")): Object: 'Object Repository/Прогноз по отраслям/Фильтр Сравнение с Стресс' is clicked on

15-01-2025T10:00:45 - [MESSAGE][PASSED] - Object: 'Object Repository/Прогноз по отраслям/Фильтр Сравнение с Стресс' is clicked on

15-01-2025T10:00:45 - [TEST_STEP][PASSED] - click(findTestObject("Прогноз по отраслям/План Стресс")): Object: 'Object Repository/Прогноз по отраслям/План Стресс' is clicked on

15-01-2025T10:00:46 - [MESSAGE][PASSED] - Object: 'Object Repository/Прогноз по отраслям/План Стресс' is clicked on

15-01-2025T10:00:46 - [TEST_STEP][PASSED] - delay(40): Delayed 40 second(s)

15-01-2025T10:01:26 - [MESSAGE][PASSED] - Delayed 40 second(s)

15-01-2025T10:01:26 - [TEST_STEP][PASSED] - b5 = getText(findTestObject("Прогноз по отраслям/Виджеты дашборда")): Text of object 'Object Repository/Прогноз по отраслям/Виджеты дашборда' is: 'Год 
2023 год
Сравнение с 
План
Динамика электропотребления, млрд. кВт.ч., по ПАО Россети на 2023 год
0 0
119 119
37 37
7 7
7 7
8 8
1 1
19 19
75 75
25 25
123 123
55 55
0 0
120 120
39 39
39 39
8 8
8 8
1 1
20 20
78 78
26 26
121 121
60 60
План
Ожидаемое (прогноз до конца года)
Интер РАО(для ФСК)
Промышленныепотребители
Транспорт
Нефтедобыча
Нефтеперераб…
Нефтепроводы
Газопроводы
Сельское хозя…
Непромышлен…
Государственн…
Население иприравненныегруппыпотребителей
Территориальн…
Выручка, млрд. руб, по ПАО Россети на 2023 год
5 5
319 319
81 81
16 16
16 16
20 20
2 2
56 56
215 215
67 67
218 218
239 239
6 6
331 331
82 82
77 77
20 20
20 20
3 3
57 57
220 220
68 68
214 214
258 258
План
Ожидаемое (прогноз до конца года)
Интер РАО(для ФСК)
Промышленныепотребители
Транспорт
Нефтедобыча
Нефтеперераб…
Нефтепроводы
Газопроводы
Сельское хозя…
Непромышлен…
Государственн…
Население иприравненныегруппыпотребителей
Территориальн…
Отклонения по ПАО Россети на 2023 год
1.2% 1.2%
3.2% 3.2%
492.1% 492.1%
18.1% 18.1%
4.4% 4.4%
11.9% 11.9%
1.2% 1.2%
4.1% 4.1%
2.4% 2.4%
-1.4% -1.4%
9.7% 9.7%
⬤ Отклонение, %
Интер РАО (для ФСК)
Промышленные потребители
Транспорт
Нефтедобыча
Нефтепереработка
Нефтепроводы
Газопроводы
Сельское хозяйство и пищевая про…
Непромышленные потребители
Государственные (муниципальные)…
Население и приравненные группы…
Территориальные сетевые организ…
Выручка отклонения по ПАО Россети на 2023 год
15.6% 15.6%
3.8% 3.8%
1.2% 1.2%
398.2% 398.2%
26.9% 26.9%
-0.6% -0.6%
26.9% 26.9%
1.5% 1.5%
2.7% 2.7%
2.0% 2.0%
-2.0% -2.0%
7.9% 7.9%
⬤ Отклонение, %
Интер РАО (для ФСК)
Промышленные потребители
Транспорт
Нефтедобыча
Нефтепереработка
Нефтепроводы
Газопроводы
Сельское хозяйство и пищевая про…
Непромышленные потребители
Государственные (муниципальные)…
Население и приравненные группы…
Территориальные сетевые организ…
абс.
%
Прогноз на месяц 
Ноябрь
КПО/Отпуск из сети 
Котловой полезный отпуск, млн. кВт.ч
Организация 
Все
Прогноз электропотребления и выручки за услуги по передаче в разрезе отраслей'

15-01-2025T10:01:27 - [MESSAGE][PASSED] - Text of object 'Object Repository/Прогноз по отраслям/Виджеты дашборда' is: 'Год 
2023 год
Сравнение с 
План
Динамика электропотребления, млрд. кВт.ч., по ПАО Россети на 2023 год
0 0
119 119
37 37
7 7
7 7
8 8
1 1
19 19
75 75
25 25
123 123
55 55
0 0
120 120
39 39
39 39
8 8
8 8
1 1
20 20
78 78
26 26
121 121
60 60
План
Ожидаемое (прогноз до конца года)
Интер РАО(для ФСК)
Промышленныепотребители
Транспорт
Нефтедобыча
Нефтеперераб…
Нефтепроводы
Газопроводы
Сельское хозя…
Непромышлен…
Государственн…
Население иприравненныегруппыпотребителей
Территориальн…
Выручка, млрд. руб, по ПАО Россети на 2023 год
5 5
319 319
81 81
16 16
16 16
20 20
2 2
56 56
215 215
67 67
218 218
239 239
6 6
331 331
82 82
77 77
20 20
20 20
3 3
57 57
220 220
68 68
214 214
258 258
План
Ожидаемое (прогноз до конца года)
Интер РАО(для ФСК)
Промышленныепотребители
Транспорт
Нефтедобыча
Нефтеперераб…
Нефтепроводы
Газопроводы
Сельское хозя…
Непромышлен…
Государственн…
Население иприравненныегруппыпотребителей
Территориальн…
Отклонения по ПАО Россети на 2023 год
1.2% 1.2%
3.2% 3.2%
492.1% 492.1%
18.1% 18.1%
4.4% 4.4%
11.9% 11.9%
1.2% 1.2%
4.1% 4.1%
2.4% 2.4%
-1.4% -1.4%
9.7% 9.7%
⬤ Отклонение, %
Интер РАО (для ФСК)
Промышленные потребители
Транспорт
Нефтедобыча
Нефтепереработка
Нефтепроводы
Газопроводы
Сельское хозяйство и пищевая про…
Непромышленные потребители
Государственные (муниципальные)…
Население и приравненные группы…
Территориальные сетевые организ…
Выручка отклонения по ПАО Россети на 2023 год
15.6% 15.6%
3.8% 3.8%
1.2% 1.2%
398.2% 398.2%
26.9% 26.9%
-0.6% -0.6%
26.9% 26.9%
1.5% 1.5%
2.7% 2.7%
2.0% 2.0%
-2.0% -2.0%
7.9% 7.9%
⬤ Отклонение, %
Интер РАО (для ФСК)
Промышленные потребители
Транспорт
Нефтедобыча
Нефтепереработка
Нефтепроводы
Газопроводы
Сельское хозяйство и пищевая про…
Непромышленные потребители
Государственные (муниципальные)…
Население и приравненные группы…
Территориальные сетевые организ…
абс.
%
Прогноз на месяц 
Ноябрь
КПО/Отпуск из сети 
Котловой полезный отпуск, млн. кВт.ч
Организация 
Все
Прогноз электропотребления и выручки за услуги по передаче в разрезе отраслей'

15-01-2025T10:01:27 - [TEST_STEP][PASSED] - println("b5:" + b5): null

15-01-2025T10:01:27 - [TEST_STEP][PASSED] - b5 = b5.replaceAll("[^0-9]", ""): null

15-01-2025T10:01:27 - [TEST_STEP][PASSED] - println("b5:" + b5): null

15-01-2025T10:01:27 - [TEST_STEP][PASSED] - click(findTestObject("Прогноз по отраслям/Фильтр Сравнение с Стресс")): Object: 'Object Repository/Прогноз по отраслям/Фильтр Сравнение с Стресс' is clicked on

15-01-2025T10:01:27 - [MESSAGE][PASSED] - Object: 'Object Repository/Прогноз по отраслям/Фильтр Сравнение с Стресс' is clicked on

15-01-2025T10:01:27 - [TEST_STEP][PASSED] - click(findTestObject("Прогноз по отраслям/План СУ Стресс")): Object: 'Object Repository/Прогноз по отраслям/План СУ Стресс' is clicked on

15-01-2025T10:01:28 - [MESSAGE][PASSED] - Object: 'Object Repository/Прогноз по отраслям/План СУ Стресс' is clicked on

15-01-2025T10:01:28 - [TEST_STEP][PASSED] - delay(40): Delayed 40 second(s)

15-01-2025T10:02:09 - [MESSAGE][PASSED] - Delayed 40 second(s)

15-01-2025T10:02:09 - [TEST_STEP][PASSED] - b6 = getText(findTestObject("Прогноз по отраслям/Виджеты дашборда")): Text of object 'Object Repository/Прогноз по отраслям/Виджеты дашборда' is: 'Год 
2023 год
Сравнение с 
План/СУ
Динамика электропотребления, млрд. кВт.ч., по ПАО Россети на 2023 год
0 0
0 0
0 0
0 0
0 0
0 0
0 0
0 0
0 0
0 0
0 0
0 0
0 0
120 120
39 39
39 39
8 8
8 8
1 1
20 20
78 78
26 26
121 121
60 60
СУ
Ожидаемое (прогноз до конца года)
Интер РАО(для ФСК)
Промышленныепотребители
Транспорт
Нефтедобыча
Нефтеперераб…
Нефтепроводы
Газопроводы
Сельское хозя…
Непромышлен…
Государственн…
Население иприравненныегруппыпотребителей
Территориальн…
Выручка, млрд. руб, по ПАО Россети на 2023 год
6 6
331 331
82 82
77 77
20 20
20 20
3 3
57 57
220 220
68 68
214 214
258 258
Ожидаемое (прогноз до конца года)
Интер РАО(для ФСК)
Промышленныепотребители
Транспорт
Нефтедобыча
Нефтеперераб…
Нефтепроводы
Газопроводы
Сельское хозя…
Непромышлен…
Государственн…
Население иприравненныегруппыпотребителей
Территориальн…
Отклонения по ПАО Россети на 2023 год
⬤ Отклонение, %
Интер РАО (для ФСК)
Промышленные потребители
Транспорт
Нефтедобыча
Нефтепереработка
Нефтепроводы
Газопроводы
Сельское хозяйство и пищевая про…
Непромышленные потребители
Государственные (муниципальные)…
Население и приравненные группы…
Территориальные сетевые организ…
Выручка отклонения по ПАО Россети на 2023 год
⬤ Отклонение, %
Интер РАО (для ФСК)
Промышленные потребители
Транспорт
Нефтедобыча
Нефтепереработка
Нефтепроводы
Газопроводы
Сельское хозяйство и пищевая про…
Непромышленные потребители
Государственные (муниципальные)…
Население и приравненные группы…
Территориальные сетевые организ…
абс.
%
Прогноз на месяц 
Ноябрь
КПО/Отпуск из сети 
Котловой полезный отпуск, млн. кВт.ч
Организация 
Все
Прогноз электропотребления и выручки за услуги по передаче в разрезе отраслей'

15-01-2025T10:02:09 - [MESSAGE][PASSED] - Text of object 'Object Repository/Прогноз по отраслям/Виджеты дашборда' is: 'Год 
2023 год
Сравнение с 
План/СУ
Динамика электропотребления, млрд. кВт.ч., по ПАО Россети на 2023 год
0 0
0 0
0 0
0 0
0 0
0 0
0 0
0 0
0 0
0 0
0 0
0 0
0 0
120 120
39 39
39 39
8 8
8 8
1 1
20 20
78 78
26 26
121 121
60 60
СУ
Ожидаемое (прогноз до конца года)
Интер РАО(для ФСК)
Промышленныепотребители
Транспорт
Нефтедобыча
Нефтеперераб…
Нефтепроводы
Газопроводы
Сельское хозя…
Непромышлен…
Государственн…
Население иприравненныегруппыпотребителей
Территориальн…
Выручка, млрд. руб, по ПАО Россети на 2023 год
6 6
331 331
82 82
77 77
20 20
20 20
3 3
57 57
220 220
68 68
214 214
258 258
Ожидаемое (прогноз до конца года)
Интер РАО(для ФСК)
Промышленныепотребители
Транспорт
Нефтедобыча
Нефтеперераб…
Нефтепроводы
Газопроводы
Сельское хозя…
Непромышлен…
Государственн…
Население иприравненныегруппыпотребителей
Территориальн…
Отклонения по ПАО Россети на 2023 год
⬤ Отклонение, %
Интер РАО (для ФСК)
Промышленные потребители
Транспорт
Нефтедобыча
Нефтепереработка
Нефтепроводы
Газопроводы
Сельское хозяйство и пищевая про…
Непромышленные потребители
Государственные (муниципальные)…
Население и приравненные группы…
Территориальные сетевые организ…
Выручка отклонения по ПАО Россети на 2023 год
⬤ Отклонение, %
Интер РАО (для ФСК)
Промышленные потребители
Транспорт
Нефтедобыча
Нефтепереработка
Нефтепроводы
Газопроводы
Сельское хозяйство и пищевая про…
Непромышленные потребители
Государственные (муниципальные)…
Население и приравненные группы…
Территориальные сетевые организ…
абс.
%
Прогноз на месяц 
Ноябрь
КПО/Отпуск из сети 
Котловой полезный отпуск, млн. кВт.ч
Организация 
Все
Прогноз электропотребления и выручки за услуги по передаче в разрезе отраслей'

15-01-2025T10:02:09 - [TEST_STEP][PASSED] - b6 = b6.replaceAll("[^0-9]", ""): null

15-01-2025T10:02:09 - [TEST_STEP][PASSED] - println("b6:" + b6): null

15-01-2025T10:02:09 - [TEST_STEP][PASSED] - click(findTestObject("Прогноз по отраслям/Переключить отображение с процентов на абс Стресс-сценарий")): Object: 'Object Repository/Прогноз по отраслям/Переключить отображение с процентов на абс Стресс-сценарий' is clicked on

15-01-2025T10:02:10 - [MESSAGE][PASSED] - Object: 'Object Repository/Прогноз по отраслям/Переключить отображение с процентов на абс Стресс-сценарий' is clicked on

15-01-2025T10:02:10 - [TEST_STEP][PASSED] - click(findTestObject("Прогноз по отраслям/Фильтр Сравнение с Стресс")): Object: 'Object Repository/Прогноз по отраслям/Фильтр Сравнение с Стресс' is clicked on

15-01-2025T10:02:10 - [MESSAGE][PASSED] - Object: 'Object Repository/Прогноз по отраслям/Фильтр Сравнение с Стресс' is clicked on

15-01-2025T10:02:10 - [TEST_STEP][PASSED] - click(findTestObject("Прогноз по отраслям/Факт прошлого года Стресс")): Object: 'Object Repository/Прогноз по отраслям/Факт прошлого года Стресс' is clicked on

15-01-2025T10:02:11 - [MESSAGE][PASSED] - Object: 'Object Repository/Прогноз по отраслям/Факт прошлого года Стресс' is clicked on

15-01-2025T10:02:11 - [TEST_STEP][PASSED] - click(findTestObject("Прогноз по отраслям/Фильтр КПО-Отпуск Стресс")): Object: 'Object Repository/Прогноз по отраслям/Фильтр КПО-Отпуск Стресс' is clicked on

15-01-2025T10:02:14 - [MESSAGE][PASSED] - Object: 'Object Repository/Прогноз по отраслям/Фильтр КПО-Отпуск Стресс' is clicked on

15-01-2025T10:02:14 - [TEST_STEP][PASSED] - click(findTestObject("Прогноз по отраслям/Отпуск Стресс")): Object: 'Object Repository/Прогноз по отраслям/Отпуск Стресс' is clicked on

15-01-2025T10:02:15 - [MESSAGE][PASSED] - Object: 'Object Repository/Прогноз по отраслям/Отпуск Стресс' is clicked on

15-01-2025T10:02:15 - [TEST_STEP][PASSED] - delay(40): Delayed 40 second(s)

15-01-2025T10:02:55 - [MESSAGE][PASSED] - Delayed 40 second(s)

15-01-2025T10:02:55 - [TEST_STEP][PASSED] - b7 = getText(findTestObject("Прогноз по отраслям/Виджеты дашборда")): Text of object 'Object Repository/Прогноз по отраслям/Виджеты дашборда' is: 'Год 
2023 год
Сравнение с 
Факт прошлого года
Отклонения по ПАО Россети на 2023 год
-2 263.5 -2 263.5
11 054.6 11 054.6
1 280.2 1 280.2
-1 947.5 -1 947.5
90.9 90.9
-3 845.0 -3 845.0
4 162.1 4 162.1
651.7 651.7
-4 727.7 -4 727.7
256.5 256.5
-723.9 -723.9
4 292.3 4 292.3
⬤ Отклонение, млн. кВт.ч
Интер РАО (для ФСК)
Промышленные потребители
Транспорт
Нефтедобыча
Нефтепереработка
Нефтепроводы
Газопроводы
Сельское хозяйство и пищевая про…
Непромышленные потребители
Государственные (муниципальные…
Население и приравненные группы…
Территориальные сетевые организ…
Выручка отклонения по ПАО Россети на 2023 год
421.3 421.3
45 574.9 45 574.9
9 547.5 9 547.5
4 889.3 4 889.3
2 337.4 2 337.4
-1 682.6 -1 682.6
2 919.4 2 919.4
7 110.2 7 110.2
19 840.8 19 840.8
7 289.5 7 289.5
23 664.8 23 664.8
31 028.3 31 028.3
⬤ Отклонение, млн. руб
Интер РАО (для ФСК)
Промышленные потребители
Транспорт
Нефтедобыча
Нефтепереработка
Нефтепроводы
Газопроводы
Сельское хозяйство и пищевая про…
Непромышленные потребители
Государственные (муниципальные…
Население и приравненные группы…
Территориальные сетевые организ…
Динамика электропотребления, млрд. кВт.ч., по ПАО Россети на 2023 год
12 12
186 186
36 36
50 50
10 10
19 19
0 0
17 17
85 85
19 19
82 82
604 604
10 10
197 197
37 37
48 48
10 10
15 15
4 4
18 18
80 80
19 19
82 82
608 608
Факт прошлого года
Ожидаемое (прогноз до конца года)
Интер РАО(для ФСК)
Промышленныепотребители
Транспорт
Нефтедобыча
Нефтеперераб…
Нефтепроводы
Газопроводы
Сельское хозя…
Непромышлен…
Государственн…
Население иприравненныегруппыпотребителей
Территориальн…
Выручка, млрд. руб, по ПАО Россети на 2023 год
5 5
285 285
72 72
72 72
18 18
22 22
0 0
50 50
201 201
61 61
190 190
227 227
6 6
331 331
82 82
77 77
20 20
20 20
3 3
57 57
220 220
68 68
214 214
258 258
Факт прошлого года
Ожидаемое (прогноз до конца года)
Интер РАО(для ФСК)
Промышленныепотребители
Транспорт
Нефтедобыча
Нефтеперераб…
Нефтепроводы
Газопроводы
Сельское хозя…
Непромышлен…
Государственн…
Население иприравненныегруппыпотребителей
Территориальн…
абс.
%
Прогноз на месяц 
Ноябрь
КПО/Отпуск из сети 
Отпуск из сети, млн. кВт.ч
Организация 
Все
Прогноз электропотребления и выручки за услуги по передаче в разрезе отраслей'

15-01-2025T10:02:56 - [MESSAGE][PASSED] - Text of object 'Object Repository/Прогноз по отраслям/Виджеты дашборда' is: 'Год 
2023 год
Сравнение с 
Факт прошлого года
Отклонения по ПАО Россети на 2023 год
-2 263.5 -2 263.5
11 054.6 11 054.6
1 280.2 1 280.2
-1 947.5 -1 947.5
90.9 90.9
-3 845.0 -3 845.0
4 162.1 4 162.1
651.7 651.7
-4 727.7 -4 727.7
256.5 256.5
-723.9 -723.9
4 292.3 4 292.3
⬤ Отклонение, млн. кВт.ч
Интер РАО (для ФСК)
Промышленные потребители
Транспорт
Нефтедобыча
Нефтепереработка
Нефтепроводы
Газопроводы
Сельское хозяйство и пищевая про…
Непромышленные потребители
Государственные (муниципальные…
Население и приравненные группы…
Территориальные сетевые организ…
Выручка отклонения по ПАО Россети на 2023 год
421.3 421.3
45 574.9 45 574.9
9 547.5 9 547.5
4 889.3 4 889.3
2 337.4 2 337.4
-1 682.6 -1 682.6
2 919.4 2 919.4
7 110.2 7 110.2
19 840.8 19 840.8
7 289.5 7 289.5
23 664.8 23 664.8
31 028.3 31 028.3
⬤ Отклонение, млн. руб
Интер РАО (для ФСК)
Промышленные потребители
Транспорт
Нефтедобыча
Нефтепереработка
Нефтепроводы
Газопроводы
Сельское хозяйство и пищевая про…
Непромышленные потребители
Государственные (муниципальные…
Население и приравненные группы…
Территориальные сетевые организ…
Динамика электропотребления, млрд. кВт.ч., по ПАО Россети на 2023 год
12 12
186 186
36 36
50 50
10 10
19 19
0 0
17 17
85 85
19 19
82 82
604 604
10 10
197 197
37 37
48 48
10 10
15 15
4 4
18 18
80 80
19 19
82 82
608 608
Факт прошлого года
Ожидаемое (прогноз до конца года)
Интер РАО(для ФСК)
Промышленныепотребители
Транспорт
Нефтедобыча
Нефтеперераб…
Нефтепроводы
Газопроводы
Сельское хозя…
Непромышлен…
Государственн…
Население иприравненныегруппыпотребителей
Территориальн…
Выручка, млрд. руб, по ПАО Россети на 2023 год
5 5
285 285
72 72
72 72
18 18
22 22
0 0
50 50
201 201
61 61
190 190
227 227
6 6
331 331
82 82
77 77
20 20
20 20
3 3
57 57
220 220
68 68
214 214
258 258
Факт прошлого года
Ожидаемое (прогноз до конца года)
Интер РАО(для ФСК)
Промышленныепотребители
Транспорт
Нефтедобыча
Нефтеперераб…
Нефтепроводы
Газопроводы
Сельское хозя…
Непромышлен…
Государственн…
Население иприравненныегруппыпотребителей
Территориальн…
абс.
%
Прогноз на месяц 
Ноябрь
КПО/Отпуск из сети 
Отпуск из сети, млн. кВт.ч
Организация 
Все
Прогноз электропотребления и выручки за услуги по передаче в разрезе отраслей'

15-01-2025T10:02:56 - [TEST_STEP][PASSED] - b7 = b7.replaceAll("[^0-9]", ""): null

15-01-2025T10:02:56 - [TEST_STEP][PASSED] - println("b7:" + b7): null

15-01-2025T10:02:56 - [TEST_STEP][PASSED] - click(findTestObject("Прогноз по отраслям/Фильтр Сравнение с Стресс")): Object: 'Object Repository/Прогноз по отраслям/Фильтр Сравнение с Стресс' is clicked on

15-01-2025T10:02:56 - [MESSAGE][PASSED] - Object: 'Object Repository/Прогноз по отраслям/Фильтр Сравнение с Стресс' is clicked on

15-01-2025T10:02:56 - [TEST_STEP][PASSED] - click(findTestObject("Прогноз по отраслям/План Стресс")): Object: 'Object Repository/Прогноз по отраслям/План Стресс' is clicked on

15-01-2025T10:02:58 - [MESSAGE][PASSED] - Object: 'Object Repository/Прогноз по отраслям/План Стресс' is clicked on

15-01-2025T10:02:58 - [TEST_STEP][PASSED] - delay(40): Delayed 40 second(s)

15-01-2025T10:03:38 - [MESSAGE][PASSED] - Delayed 40 second(s)

15-01-2025T10:03:38 - [TEST_STEP][PASSED] - b8 = getText(findTestObject("Прогноз по отраслям/Виджеты дашборда")): Text of object 'Object Repository/Прогноз по отраслям/Виджеты дашборда' is: 'Год 
2023 год
Сравнение с 
План
Отклонения по ПАО Россети на 2023 год
-492.2 -492.2
7 165.1 7 165.1
689.3 689.3
33 271.7 33 271.7
986.4 986.4
593.8 593.8
764.0 764.0
670.4 670.4
-592.4 -592.4
308.8 308.8
-940.9 -940.9
19 604.1 19 604.1
⬤ Отклонение, млн. кВт.ч
Интер РАО (для ФСК)
Промышленные потребители
Транспорт
Нефтедобыча
Нефтепереработка
Нефтепроводы
Газопроводы
Сельское хозяйство и пищевая про…
Непромышленные потребители
Государственные (муниципальные…
Население и приравненные группы…
Территориальные сетевые организ…
Выручка отклонения по ПАО Россети на 2023 год
794.9 794.9
12 195.0 12 195.0
972.7 972.7
61 803.9 61 803.9
4 222.3 4 222.3
-121.8 -121.8
666.2 666.2
873.2 873.2
5 809.6 5 809.6
1 342.6 1 342.6
-4 463.2 -4 463.2
18 375.5 18 375.5
⬤ Отклонение, млн. руб
Интер РАО (для ФСК)
Промышленные потребители
Транспорт
Нефтедобыча
Нефтепереработка
Нефтепроводы
Газопроводы
Сельское хозяйство и пищевая про…
Непромышленные потребители
Государственные (муниципальные…
Население и приравненные группы…
Территориальные сетевые организ…
Динамика электропотребления, млрд. кВт.ч., по ПАО Россети на 2023 год
10 10
190 190
36 36
14 14
9 9
14 14
4 4
17 17
80 80
19 19
82 82
588 588
10 10
197 197
37 37
48 48
10 10
15 15
4 4
18 18
80 80
19 19
82 82
608 608
План
Ожидаемое (прогноз до конца года)
Интер РАО(для ФСК)
Промышленныепотребители
Транспорт
Нефтедобыча
Нефтеперераб…
Нефтепроводы
Газопроводы
Сельское хозя…
Непромышлен…
Государственн…
Население иприравненныегруппыпотребителей
Территориальн…
Выручка, млрд. руб, по ПАО Россети на 2023 год
5 5
319 319
81 81
16 16
16 16
20 20
2 2
56 56
215 215
67 67
218 218
239 239
6 6
331 331
82 82
77 77
20 20
20 20
3 3
57 57
220 220
68 68
214 214
258 258
План
Ожидаемое (прогноз до конца года)
Интер РАО(для ФСК)
Промышленныепотребители
Транспорт
Нефтедобыча
Нефтеперераб…
Нефтепроводы
Газопроводы
Сельское хозя…
Непромышлен…
Государственн…
Население иприравненныегруппыпотребителей
Территориальн…
абс.
%
Прогноз на месяц 
Ноябрь
КПО/Отпуск из сети 
Отпуск из сети, млн. кВт.ч
Организация 
Все
Прогноз электропотребления и выручки за услуги по передаче в разрезе отраслей'

15-01-2025T10:03:38 - [MESSAGE][PASSED] - Text of object 'Object Repository/Прогноз по отраслям/Виджеты дашборда' is: 'Год 
2023 год
Сравнение с 
План
Отклонения по ПАО Россети на 2023 год
-492.2 -492.2
7 165.1 7 165.1
689.3 689.3
33 271.7 33 271.7
986.4 986.4
593.8 593.8
764.0 764.0
670.4 670.4
-592.4 -592.4
308.8 308.8
-940.9 -940.9
19 604.1 19 604.1
⬤ Отклонение, млн. кВт.ч
Интер РАО (для ФСК)
Промышленные потребители
Транспорт
Нефтедобыча
Нефтепереработка
Нефтепроводы
Газопроводы
Сельское хозяйство и пищевая про…
Непромышленные потребители
Государственные (муниципальные…
Население и приравненные группы…
Территориальные сетевые организ…
Выручка отклонения по ПАО Россети на 2023 год
794.9 794.9
12 195.0 12 195.0
972.7 972.7
61 803.9 61 803.9
4 222.3 4 222.3
-121.8 -121.8
666.2 666.2
873.2 873.2
5 809.6 5 809.6
1 342.6 1 342.6
-4 463.2 -4 463.2
18 375.5 18 375.5
⬤ Отклонение, млн. руб
Интер РАО (для ФСК)
Промышленные потребители
Транспорт
Нефтедобыча
Нефтепереработка
Нефтепроводы
Газопроводы
Сельское хозяйство и пищевая про…
Непромышленные потребители
Государственные (муниципальные…
Население и приравненные группы…
Территориальные сетевые организ…
Динамика электропотребления, млрд. кВт.ч., по ПАО Россети на 2023 год
10 10
190 190
36 36
14 14
9 9
14 14
4 4
17 17
80 80
19 19
82 82
588 588
10 10
197 197
37 37
48 48
10 10
15 15
4 4
18 18
80 80
19 19
82 82
608 608
План
Ожидаемое (прогноз до конца года)
Интер РАО(для ФСК)
Промышленныепотребители
Транспорт
Нефтедобыча
Нефтеперераб…
Нефтепроводы
Газопроводы
Сельское хозя…
Непромышлен…
Государственн…
Население иприравненныегруппыпотребителей
Территориальн…
Выручка, млрд. руб, по ПАО Россети на 2023 год
5 5
319 319
81 81
16 16
16 16
20 20
2 2
56 56
215 215
67 67
218 218
239 239
6 6
331 331
82 82
77 77
20 20
20 20
3 3
57 57
220 220
68 68
214 214
258 258
План
Ожидаемое (прогноз до конца года)
Интер РАО(для ФСК)
Промышленныепотребители
Транспорт
Нефтедобыча
Нефтеперераб…
Нефтепроводы
Газопроводы
Сельское хозя…
Непромышлен…
Государственн…
Население иприравненныегруппыпотребителей
Территориальн…
абс.
%
Прогноз на месяц 
Ноябрь
КПО/Отпуск из сети 
Отпуск из сети, млн. кВт.ч
Организация 
Все
Прогноз электропотребления и выручки за услуги по передаче в разрезе отраслей'

15-01-2025T10:03:38 - [TEST_STEP][PASSED] - b8 = b8.replaceAll("[^0-9]", ""): null

15-01-2025T10:03:38 - [TEST_STEP][PASSED] - println("b8:" + b8): null

15-01-2025T10:03:38 - [TEST_STEP][PASSED] - click(findTestObject("Прогноз по отраслям/Фильтр Сравнение с Стресс")): Object: 'Object Repository/Прогноз по отраслям/Фильтр Сравнение с Стресс' is clicked on

15-01-2025T10:03:39 - [MESSAGE][PASSED] - Object: 'Object Repository/Прогноз по отраслям/Фильтр Сравнение с Стресс' is clicked on

15-01-2025T10:03:39 - [TEST_STEP][PASSED] - click(findTestObject("Прогноз по отраслям/План СУ Стресс")): Object: 'Object Repository/Прогноз по отраслям/План СУ Стресс' is clicked on

15-01-2025T10:03:40 - [MESSAGE][PASSED] - Object: 'Object Repository/Прогноз по отраслям/План СУ Стресс' is clicked on

15-01-2025T10:03:40 - [TEST_STEP][PASSED] - delay(40): Delayed 40 second(s)

15-01-2025T10:04:20 - [MESSAGE][PASSED] - Delayed 40 second(s)

15-01-2025T10:04:20 - [TEST_STEP][PASSED] - b9 = getText(findTestObject("Прогноз по отраслям/Виджеты дашборда")): Text of object 'Object Repository/Прогноз по отраслям/Виджеты дашборда' is: 'Год 
2023 год
Сравнение с 
План/СУ
Отклонения по ПАО Россети на 2023 год
243.5 243.5
11 013.5 11 013.5
674.8 674.8
32 765.3 32 765.3
1 049.4 1 049.4
271.8 271.8
495.2 495.2
588.7 588.7
-7 607.7 -7 607.7
31.9 31.9
-1 318.1 -1 318.1
10 906.5 10 906.5
⬤ Отклонение, млн. кВт.ч
Интер РАО (для ФСК)
Промышленные потребители
Транспорт
Нефтедобыча
Нефтепереработка
Нефтепроводы
Газопроводы
Сельское хозяйство и пищевая про…
Непромышленные потребители
Государственные (муниципальные…
Население и приравненные группы…
Территориальные сетевые организ…
Выручка отклонения по ПАО Россети на 2023 год
⬤ Отклонение, млн. руб
Интер РАО (для ФСК)
Промышленные потребители
Транспорт
Нефтедобыча
Нефтепереработка
Нефтепроводы
Газопроводы
Сельское хозяйство и пищевая про…
Непромышленные потребители
Государственные (муниципальные…
Население и приравненные группы…
Территориальные сетевые организ…
Динамика электропотребления, млрд. кВт.ч., по ПАО Россети на 2023 год
10 10
186 186
36 36
15 15
9 9
14 14
4 4
17 17
88 88
19 19
83 83
597 597
10 10
197 197
37 37
48 48
10 10
15 15
4 4
18 18
80 80
19 19
82 82
608 608
СУ
Ожидаемое (прогноз до конца года)
Интер РАО(для ФСК)
Промышленныепотребители
Транспорт
Нефтедобыча
Нефтеперераб…
Нефтепроводы
Газопроводы
Сельское хозя…
Непромышлен…
Государственн…
Население иприравненныегруппыпотребителей
Территориальн…
Выручка, млрд. руб, по ПАО Россети на 2023 год
6 6
331 331
82 82
77 77
20 20
20 20
3 3
57 57
220 220
68 68
214 214
258 258
Ожидаемое (прогноз до конца года)
Интер РАО(для ФСК)
Промышленныепотребители
Транспорт
Нефтедобыча
Нефтеперераб…
Нефтепроводы
Газопроводы
Сельское хозя…
Непромышлен…
Государственн…
Население иприравненныегруппыпотребителей
Территориальн…
абс.
%
Прогноз на месяц 
Ноябрь
КПО/Отпуск из сети 
Отпуск из сети, млн. кВт.ч
Организация 
Все
Прогноз электропотребления и выручки за услуги по передаче в разрезе отраслей'

15-01-2025T10:04:21 - [MESSAGE][PASSED] - Text of object 'Object Repository/Прогноз по отраслям/Виджеты дашборда' is: 'Год 
2023 год
Сравнение с 
План/СУ
Отклонения по ПАО Россети на 2023 год
243.5 243.5
11 013.5 11 013.5
674.8 674.8
32 765.3 32 765.3
1 049.4 1 049.4
271.8 271.8
495.2 495.2
588.7 588.7
-7 607.7 -7 607.7
31.9 31.9
-1 318.1 -1 318.1
10 906.5 10 906.5
⬤ Отклонение, млн. кВт.ч
Интер РАО (для ФСК)
Промышленные потребители
Транспорт
Нефтедобыча
Нефтепереработка
Нефтепроводы
Газопроводы
Сельское хозяйство и пищевая про…
Непромышленные потребители
Государственные (муниципальные…
Население и приравненные группы…
Территориальные сетевые организ…
Выручка отклонения по ПАО Россети на 2023 год
⬤ Отклонение, млн. руб
Интер РАО (для ФСК)
Промышленные потребители
Транспорт
Нефтедобыча
Нефтепереработка
Нефтепроводы
Газопроводы
Сельское хозяйство и пищевая про…
Непромышленные потребители
Государственные (муниципальные…
Население и приравненные группы…
Территориальные сетевые организ…
Динамика электропотребления, млрд. кВт.ч., по ПАО Россети на 2023 год
10 10
186 186
36 36
15 15
9 9
14 14
4 4
17 17
88 88
19 19
83 83
597 597
10 10
197 197
37 37
48 48
10 10
15 15
4 4
18 18
80 80
19 19
82 82
608 608
СУ
Ожидаемое (прогноз до конца года)
Интер РАО(для ФСК)
Промышленныепотребители
Транспорт
Нефтедобыча
Нефтеперераб…
Нефтепроводы
Газопроводы
Сельское хозя…
Непромышлен…
Государственн…
Население иприравненныегруппыпотребителей
Территориальн…
Выручка, млрд. руб, по ПАО Россети на 2023 год
6 6
331 331
82 82
77 77
20 20
20 20
3 3
57 57
220 220
68 68
214 214
258 258
Ожидаемое (прогноз до конца года)
Интер РАО(для ФСК)
Промышленныепотребители
Транспорт
Нефтедобыча
Нефтеперераб…
Нефтепроводы
Газопроводы
Сельское хозя…
Непромышлен…
Государственн…
Население иприравненныегруппыпотребителей
Территориальн…
абс.
%
Прогноз на месяц 
Ноябрь
КПО/Отпуск из сети 
Отпуск из сети, млн. кВт.ч
Организация 
Все
Прогноз электропотребления и выручки за услуги по передаче в разрезе отраслей'

15-01-2025T10:04:21 - [TEST_STEP][PASSED] - b9 = b9.replaceAll("[^0-9]", ""): null

15-01-2025T10:04:21 - [TEST_STEP][PASSED] - println("b9:" + b9): null

15-01-2025T10:04:21 - [TEST_STEP][PASSED] - click(findTestObject("Прогноз по отраслям/Фильтр Сравнение с Стресс")): Object: 'Object Repository/Прогноз по отраслям/Фильтр Сравнение с Стресс' is clicked on

15-01-2025T10:04:21 - [MESSAGE][PASSED] - Object: 'Object Repository/Прогноз по отраслям/Фильтр Сравнение с Стресс' is clicked on

15-01-2025T10:04:21 - [TEST_STEP][PASSED] - click(findTestObject("Прогноз по отраслям/Факт прошлого года Стресс")): Object: 'Object Repository/Прогноз по отраслям/Факт прошлого года Стресс' is clicked on

15-01-2025T10:04:23 - [MESSAGE][PASSED] - Object: 'Object Repository/Прогноз по отраслям/Факт прошлого года Стресс' is clicked on

15-01-2025T10:04:23 - [TEST_STEP][PASSED] - click(findTestObject("Прогноз по отраслям/Фильтр КПО-Отпуск Стресс")): Object: 'Object Repository/Прогноз по отраслям/Фильтр КПО-Отпуск Стресс' is clicked on

15-01-2025T10:04:25 - [MESSAGE][PASSED] - Object: 'Object Repository/Прогноз по отраслям/Фильтр КПО-Отпуск Стресс' is clicked on

15-01-2025T10:04:25 - [TEST_STEP][PASSED] - click(findTestObject("Прогноз по отраслям/КПО Стресс")): Object: 'Object Repository/Прогноз по отраслям/КПО Стресс' is clicked on

15-01-2025T10:04:26 - [MESSAGE][PASSED] - Object: 'Object Repository/Прогноз по отраслям/КПО Стресс' is clicked on

15-01-2025T10:04:26 - [TEST_STEP][PASSED] - delay(40): Delayed 40 second(s)

15-01-2025T10:05:06 - [MESSAGE][PASSED] - Delayed 40 second(s)

15-01-2025T10:05:06 - [TEST_STEP][PASSED] - b10 = getText(findTestObject("Прогноз по отраслям/Виджеты дашборда")): Text of object 'Object Repository/Прогноз по отраслям/Виджеты дашборда' is: 'Год 
2023 год
Сравнение с 
Факт прошлого года
Отклонения по ПАО Россети на 2023 год
0.0 0.0
646.5 646.5
341.1 341.1
-2 455.6 -2 455.6
245.6 245.6
-1 796.0 -1 796.0
676.2 676.2
452.4 452.4
1 386.2 1 386.2
527.5 527.5
-1 130.4 -1 130.4
-128.7 -128.7
⬤ Отклонение, млн. кВт.ч
Интер РАО (для ФСК)
Промышленные потребители
Транспорт
Нефтедобыча
Нефтепереработка
Нефтепроводы
Газопроводы
Сельское хозяйство и пищевая про…
Непромышленные потребители
Государственные (муниципальные…
Население и приравненные группы…
Территориальные сетевые организ…
Выручка отклонения по ПАО Россети на 2023 год
421.3 421.3
45 574.9 45 574.9
9 547.5 9 547.5
4 889.3 4 889.3
2 337.4 2 337.4
-1 682.6 -1 682.6
2 919.4 2 919.4
7 110.2 7 110.2
19 840.8 19 840.8
7 289.5 7 289.5
23 664.8 23 664.8
31 028.3 31 028.3
⬤ Отклонение, млн. руб
Интер РАО (для ФСК)
Промышленные потребители
Транспорт
Нефтедобыча
Нефтепереработка
Нефтепроводы
Газопроводы
Сельское хозяйство и пищевая про…
Непромышленные потребители
Государственные (муниципальные…
Население и приравненные группы…
Территориальные сетевые организ…
Динамика электропотребления, млрд. кВт.ч., по ПАО Россети на 2023 год
0 0
120 120
38 38
41 41
8 8
10 10
0 0
19 19
77 77
25 25
122 122
61 61
0 0
120 120
39 39
39 39
8 8
8 8
1 1
20 20
78 78
26 26
121 121
60 60
Факт прошлого года
Ожидаемое (прогноз до конца года)
Интер РАО(для ФСК)
Промышленныепотребители
Транспорт
Нефтедобыча
Нефтеперераб…
Нефтепроводы
Газопроводы
Сельское хозя…
Непромышлен…
Государственн…
Население иприравненныегруппыпотребителей
Территориальн…
Выручка, млрд. руб, по ПАО Россети на 2023 год
5 5
285 285
72 72
72 72
18 18
22 22
0 0
50 50
201 201
61 61
190 190
227 227
6 6
331 331
82 82
77 77
20 20
20 20
3 3
57 57
220 220
68 68
214 214
258 258
Факт прошлого года
Ожидаемое (прогноз до конца года)
Интер РАО(для ФСК)
Промышленныепотребители
Транспорт
Нефтедобыча
Нефтеперераб…
Нефтепроводы
Газопроводы
Сельское хозя…
Непромышлен…
Государственн…
Население иприравненныегруппыпотребителей
Территориальн…
абс.
%
Прогноз на месяц 
Ноябрь
КПО/Отпуск из сети 
Котловой полезный отпуск, млн. кВт.ч
Организация 
Все
Прогноз электропотребления и выручки за услуги по передаче в разрезе отраслей'

15-01-2025T10:05:07 - [MESSAGE][PASSED] - Text of object 'Object Repository/Прогноз по отраслям/Виджеты дашборда' is: 'Год 
2023 год
Сравнение с 
Факт прошлого года
Отклонения по ПАО Россети на 2023 год
0.0 0.0
646.5 646.5
341.1 341.1
-2 455.6 -2 455.6
245.6 245.6
-1 796.0 -1 796.0
676.2 676.2
452.4 452.4
1 386.2 1 386.2
527.5 527.5
-1 130.4 -1 130.4
-128.7 -128.7
⬤ Отклонение, млн. кВт.ч
Интер РАО (для ФСК)
Промышленные потребители
Транспорт
Нефтедобыча
Нефтепереработка
Нефтепроводы
Газопроводы
Сельское хозяйство и пищевая про…
Непромышленные потребители
Государственные (муниципальные…
Население и приравненные группы…
Территориальные сетевые организ…
Выручка отклонения по ПАО Россети на 2023 год
421.3 421.3
45 574.9 45 574.9
9 547.5 9 547.5
4 889.3 4 889.3
2 337.4 2 337.4
-1 682.6 -1 682.6
2 919.4 2 919.4
7 110.2 7 110.2
19 840.8 19 840.8
7 289.5 7 289.5
23 664.8 23 664.8
31 028.3 31 028.3
⬤ Отклонение, млн. руб
Интер РАО (для ФСК)
Промышленные потребители
Транспорт
Нефтедобыча
Нефтепереработка
Нефтепроводы
Газопроводы
Сельское хозяйство и пищевая про…
Непромышленные потребители
Государственные (муниципальные…
Население и приравненные группы…
Территориальные сетевые организ…
Динамика электропотребления, млрд. кВт.ч., по ПАО Россети на 2023 год
0 0
120 120
38 38
41 41
8 8
10 10
0 0
19 19
77 77
25 25
122 122
61 61
0 0
120 120
39 39
39 39
8 8
8 8
1 1
20 20
78 78
26 26
121 121
60 60
Факт прошлого года
Ожидаемое (прогноз до конца года)
Интер РАО(для ФСК)
Промышленныепотребители
Транспорт
Нефтедобыча
Нефтеперераб…
Нефтепроводы
Газопроводы
Сельское хозя…
Непромышлен…
Государственн…
Население иприравненныегруппыпотребителей
Территориальн…
Выручка, млрд. руб, по ПАО Россети на 2023 год
5 5
285 285
72 72
72 72
18 18
22 22
0 0
50 50
201 201
61 61
190 190
227 227
6 6
331 331
82 82
77 77
20 20
20 20
3 3
57 57
220 220
68 68
214 214
258 258
Факт прошлого года
Ожидаемое (прогноз до конца года)
Интер РАО(для ФСК)
Промышленныепотребители
Транспорт
Нефтедобыча
Нефтеперераб…
Нефтепроводы
Газопроводы
Сельское хозя…
Непромышлен…
Государственн…
Население иприравненныегруппыпотребителей
Территориальн…
абс.
%
Прогноз на месяц 
Ноябрь
КПО/Отпуск из сети 
Котловой полезный отпуск, млн. кВт.ч
Организация 
Все
Прогноз электропотребления и выручки за услуги по передаче в разрезе отраслей'

15-01-2025T10:05:07 - [TEST_STEP][PASSED] - b10 = b10.replaceAll("[^0-9]", ""): null

15-01-2025T10:05:07 - [TEST_STEP][PASSED] - println("b10:" + b10): null

15-01-2025T10:05:07 - [TEST_STEP][PASSED] - click(findTestObject("Прогноз по отраслям/Фильтр Сравнение с Стресс")): Object: 'Object Repository/Прогноз по отраслям/Фильтр Сравнение с Стресс' is clicked on

15-01-2025T10:05:07 - [MESSAGE][PASSED] - Object: 'Object Repository/Прогноз по отраслям/Фильтр Сравнение с Стресс' is clicked on

15-01-2025T10:05:07 - [TEST_STEP][PASSED] - click(findTestObject("Прогноз по отраслям/План Стресс")): Object: 'Object Repository/Прогноз по отраслям/План Стресс' is clicked on

15-01-2025T10:05:08 - [MESSAGE][PASSED] - Object: 'Object Repository/Прогноз по отраслям/План Стресс' is clicked on

15-01-2025T10:05:08 - [TEST_STEP][PASSED] - delay(40): Delayed 40 second(s)

15-01-2025T10:05:48 - [MESSAGE][PASSED] - Delayed 40 second(s)

15-01-2025T10:05:48 - [TEST_STEP][PASSED] - b11 = getText(findTestObject("Прогноз по отраслям/Виджеты дашборда")): Text of object 'Object Repository/Прогноз по отраслям/Виджеты дашборда' is: 'Год 
2023 год
Сравнение с 
План
Отклонения по ПАО Россети на 2023 год
0.0 0.0
1 471.7 1 471.7
1 186.5 1 186.5
32 445.2 32 445.2
1 268.3 1 268.3
349.4 349.4
84.3 84.3
239.8 239.8
2 969.4 2 969.4
589.2 589.2
-1 798.4 -1 798.4
5 359.3 5 359.3
⬤ Отклонение, млн. кВт.ч
Интер РАО (для ФСК)
Промышленные потребители
Транспорт
Нефтедобыча
Нефтепереработка
Нефтепроводы
Газопроводы
Сельское хозяйство и пищевая про…
Непромышленные потребители
Государственные (муниципальные…
Население и приравненные группы…
Территориальные сетевые организ…
Выручка отклонения по ПАО Россети на 2023 год
794.9 794.9
12 195.0 12 195.0
972.7 972.7
61 803.9 61 803.9
4 222.3 4 222.3
-121.8 -121.8
666.2 666.2
873.2 873.2
5 809.6 5 809.6
1 342.6 1 342.6
-4 463.2 -4 463.2
18 375.5 18 375.5
⬤ Отклонение, млн. руб
Интер РАО (для ФСК)
Промышленные потребители
Транспорт
Нефтедобыча
Нефтепереработка
Нефтепроводы
Газопроводы
Сельское хозяйство и пищевая про…
Непромышленные потребители
Государственные (муниципальные…
Население и приравненные группы…
Территориальные сетевые организ…
Динамика электропотребления, млрд. кВт.ч., по ПАО Россети на 2023 год
0 0
119 119
37 37
7 7
7 7
8 8
1 1
19 19
75 75
25 25
123 123
55 55
0 0
120 120
39 39
39 39
8 8
8 8
1 1
20 20
78 78
26 26
121 121
60 60
План
Ожидаемое (прогноз до конца года)
Интер РАО(для ФСК)
Промышленныепотребители
Транспорт
Нефтедобыча
Нефтеперераб…
Нефтепроводы
Газопроводы
Сельское хозя…
Непромышлен…
Государственн…
Население иприравненныегруппыпотребителей
Территориальн…
Выручка, млрд. руб, по ПАО Россети на 2023 год
5 5
319 319
81 81
16 16
16 16
20 20
2 2
56 56
215 215
67 67
218 218
239 239
6 6
331 331
82 82
77 77
20 20
20 20
3 3
57 57
220 220
68 68
214 214
258 258
План
Ожидаемое (прогноз до конца года)
Интер РАО(для ФСК)
Промышленныепотребители
Транспорт
Нефтедобыча
Нефтеперераб…
Нефтепроводы
Газопроводы
Сельское хозя…
Непромышлен…
Государственн…
Население иприравненныегруппыпотребителей
Территориальн…
абс.
%
Прогноз на месяц 
Ноябрь
КПО/Отпуск из сети 
Котловой полезный отпуск, млн. кВт.ч
Организация 
Все
Прогноз электропотребления и выручки за услуги по передаче в разрезе отраслей'

15-01-2025T10:05:49 - [MESSAGE][PASSED] - Text of object 'Object Repository/Прогноз по отраслям/Виджеты дашборда' is: 'Год 
2023 год
Сравнение с 
План
Отклонения по ПАО Россети на 2023 год
0.0 0.0
1 471.7 1 471.7
1 186.5 1 186.5
32 445.2 32 445.2
1 268.3 1 268.3
349.4 349.4
84.3 84.3
239.8 239.8
2 969.4 2 969.4
589.2 589.2
-1 798.4 -1 798.4
5 359.3 5 359.3
⬤ Отклонение, млн. кВт.ч
Интер РАО (для ФСК)
Промышленные потребители
Транспорт
Нефтедобыча
Нефтепереработка
Нефтепроводы
Газопроводы
Сельское хозяйство и пищевая про…
Непромышленные потребители
Государственные (муниципальные…
Население и приравненные группы…
Территориальные сетевые организ…
Выручка отклонения по ПАО Россети на 2023 год
794.9 794.9
12 195.0 12 195.0
972.7 972.7
61 803.9 61 803.9
4 222.3 4 222.3
-121.8 -121.8
666.2 666.2
873.2 873.2
5 809.6 5 809.6
1 342.6 1 342.6
-4 463.2 -4 463.2
18 375.5 18 375.5
⬤ Отклонение, млн. руб
Интер РАО (для ФСК)
Промышленные потребители
Транспорт
Нефтедобыча
Нефтепереработка
Нефтепроводы
Газопроводы
Сельское хозяйство и пищевая про…
Непромышленные потребители
Государственные (муниципальные…
Население и приравненные группы…
Территориальные сетевые организ…
Динамика электропотребления, млрд. кВт.ч., по ПАО Россети на 2023 год
0 0
119 119
37 37
7 7
7 7
8 8
1 1
19 19
75 75
25 25
123 123
55 55
0 0
120 120
39 39
39 39
8 8
8 8
1 1
20 20
78 78
26 26
121 121
60 60
План
Ожидаемое (прогноз до конца года)
Интер РАО(для ФСК)
Промышленныепотребители
Транспорт
Нефтедобыча
Нефтеперераб…
Нефтепроводы
Газопроводы
Сельское хозя…
Непромышлен…
Государственн…
Население иприравненныегруппыпотребителей
Территориальн…
Выручка, млрд. руб, по ПАО Россети на 2023 год
5 5
319 319
81 81
16 16
16 16
20 20
2 2
56 56
215 215
67 67
218 218
239 239
6 6
331 331
82 82
77 77
20 20
20 20
3 3
57 57
220 220
68 68
214 214
258 258
План
Ожидаемое (прогноз до конца года)
Интер РАО(для ФСК)
Промышленныепотребители
Транспорт
Нефтедобыча
Нефтеперераб…
Нефтепроводы
Газопроводы
Сельское хозя…
Непромышлен…
Государственн…
Население иприравненныегруппыпотребителей
Территориальн…
абс.
%
Прогноз на месяц 
Ноябрь
КПО/Отпуск из сети 
Котловой полезный отпуск, млн. кВт.ч
Организация 
Все
Прогноз электропотребления и выручки за услуги по передаче в разрезе отраслей'

15-01-2025T10:05:49 - [TEST_STEP][PASSED] - println("b11:" + b11): null

15-01-2025T10:05:49 - [TEST_STEP][PASSED] - b11 = b11.replaceAll("[^0-9]", ""): null

15-01-2025T10:05:49 - [TEST_STEP][PASSED] - println("b11:" + b11): null

15-01-2025T10:05:49 - [TEST_STEP][PASSED] - click(findTestObject("Прогноз по отраслям/Фильтр Сравнение с Стресс")): Object: 'Object Repository/Прогноз по отраслям/Фильтр Сравнение с Стресс' is clicked on

15-01-2025T10:05:49 - [MESSAGE][PASSED] - Object: 'Object Repository/Прогноз по отраслям/Фильтр Сравнение с Стресс' is clicked on

15-01-2025T10:05:49 - [TEST_STEP][PASSED] - click(findTestObject("Прогноз по отраслям/План СУ Стресс")): Object: 'Object Repository/Прогноз по отраслям/План СУ Стресс' is clicked on

15-01-2025T10:05:51 - [MESSAGE][PASSED] - Object: 'Object Repository/Прогноз по отраслям/План СУ Стресс' is clicked on

15-01-2025T10:05:51 - [TEST_STEP][PASSED] - delay(40): Delayed 40 second(s)

15-01-2025T10:06:31 - [MESSAGE][PASSED] - Delayed 40 second(s)

15-01-2025T10:06:31 - [TEST_STEP][PASSED] - b12 = getText(findTestObject("Прогноз по отраслям/Виджеты дашборда")): Text of object 'Object Repository/Прогноз по отраслям/Виджеты дашборда' is: 'Год 
2023 год
Сравнение с 
План/СУ
Отклонения по ПАО Россети на 2023 год
0.0 0.0
120 322.6 120 322.6
38 655.4 38 655.4
39 037.8 39 037.8
8 291.7 8 291.7
8 259.5 8 259.5
793.1 793.1
19 706.6 19 706.6
78 310.2 78 310.2
25 579.5 25 579.5
121 219.7 121 219.7
60 414.9 60 414.9
⬤ Отклонение, млн. кВт.ч
Интер РАО (для ФСК)
Промышленные потребители
Транспорт
Нефтедобыча
Нефтепереработка
Нефтепроводы
Газопроводы
Сельское хозяйство и пищевая про…
Непромышленные потребители
Государственные (муниципальные…
Население и приравненные группы…
Территориальные сетевые организ…
Выручка отклонения по ПАО Россети на 2023 год
⬤ Отклонение, млн. руб
Интер РАО (для ФСК)
Промышленные потребители
Транспорт
Нефтедобыча
Нефтепереработка
Нефтепроводы
Газопроводы
Сельское хозяйство и пищевая про…
Непромышленные потребители
Государственные (муниципальные…
Население и приравненные группы…
Территориальные сетевые организ…
Динамика электропотребления, млрд. кВт.ч., по ПАО Россети на 2023 год
0 0
0 0
0 0
0 0
0 0
0 0
0 0
0 0
0 0
0 0
0 0
0 0
0 0
120 120
39 39
39 39
8 8
8 8
1 1
20 20
78 78
26 26
121 121
60 60
СУ
Ожидаемое (прогноз до конца года)
Интер РАО(для ФСК)
Промышленныепотребители
Транспорт
Нефтедобыча
Нефтеперераб…
Нефтепроводы
Газопроводы
Сельское хозя…
Непромышлен…
Государственн…
Население иприравненныегруппыпотребителей
Территориальн…
Выручка, млрд. руб, по ПАО Россети на 2023 год
6 6
331 331
82 82
77 77
20 20
20 20
3 3
57 57
220 220
68 68
214 214
258 258
Ожидаемое (прогноз до конца года)
Интер РАО(для ФСК)
Промышленныепотребители
Транспорт
Нефтедобыча
Нефтеперераб…
Нефтепроводы
Газопроводы
Сельское хозя…
Непромышлен…
Государственн…
Население иприравненныегруппыпотребителей
Территориальн…
абс.
%
Прогноз на месяц 
Ноябрь
КПО/Отпуск из сети 
Котловой полезный отпуск, млн. кВт.ч
Организация 
Все
Прогноз электропотребления и выручки за услуги по передаче в разрезе отраслей'

15-01-2025T10:06:32 - [MESSAGE][PASSED] - Text of object 'Object Repository/Прогноз по отраслям/Виджеты дашборда' is: 'Год 
2023 год
Сравнение с 
План/СУ
Отклонения по ПАО Россети на 2023 год
0.0 0.0
120 322.6 120 322.6
38 655.4 38 655.4
39 037.8 39 037.8
8 291.7 8 291.7
8 259.5 8 259.5
793.1 793.1
19 706.6 19 706.6
78 310.2 78 310.2
25 579.5 25 579.5
121 219.7 121 219.7
60 414.9 60 414.9
⬤ Отклонение, млн. кВт.ч
Интер РАО (для ФСК)
Промышленные потребители
Транспорт
Нефтедобыча
Нефтепереработка
Нефтепроводы
Газопроводы
Сельское хозяйство и пищевая про…
Непромышленные потребители
Государственные (муниципальные…
Население и приравненные группы…
Территориальные сетевые организ…
Выручка отклонения по ПАО Россети на 2023 год
⬤ Отклонение, млн. руб
Интер РАО (для ФСК)
Промышленные потребители
Транспорт
Нефтедобыча
Нефтепереработка
Нефтепроводы
Газопроводы
Сельское хозяйство и пищевая про…
Непромышленные потребители
Государственные (муниципальные…
Население и приравненные группы…
Территориальные сетевые организ…
Динамика электропотребления, млрд. кВт.ч., по ПАО Россети на 2023 год
0 0
0 0
0 0
0 0
0 0
0 0
0 0
0 0
0 0
0 0
0 0
0 0
0 0
120 120
39 39
39 39
8 8
8 8
1 1
20 20
78 78
26 26
121 121
60 60
СУ
Ожидаемое (прогноз до конца года)
Интер РАО(для ФСК)
Промышленныепотребители
Транспорт
Нефтедобыча
Нефтеперераб…
Нефтепроводы
Газопроводы
Сельское хозя…
Непромышлен…
Государственн…
Население иприравненныегруппыпотребителей
Территориальн…
Выручка, млрд. руб, по ПАО Россети на 2023 год
6 6
331 331
82 82
77 77
20 20
20 20
3 3
57 57
220 220
68 68
214 214
258 258
Ожидаемое (прогноз до конца года)
Интер РАО(для ФСК)
Промышленныепотребители
Транспорт
Нефтедобыча
Нефтеперераб…
Нефтепроводы
Газопроводы
Сельское хозя…
Непромышлен…
Государственн…
Население иприравненныегруппыпотребителей
Территориальн…
абс.
%
Прогноз на месяц 
Ноябрь
КПО/Отпуск из сети 
Котловой полезный отпуск, млн. кВт.ч
Организация 
Все
Прогноз электропотребления и выручки за услуги по передаче в разрезе отраслей'

15-01-2025T10:06:32 - [TEST_STEP][PASSED] - b12 = b12.replaceAll("[^0-9]", ""): null

15-01-2025T10:06:32 - [TEST_STEP][PASSED] - println("b12:" + b12): null

15-01-2025T10:06:32 - [TEST_STEP][PASSED] - if (verifyEqual(a1, b1) == true): Actual object '20232023121218618636365050101019190017178585191982826046041010197197373748481010151544181880801919828260860820235528528572727272181822220050502012016161190190227227663313318282777720202020335757220220686821421425825820231851855959363639390909207207331323313238385656131309090707202377771601601321326767133133777713315133151421429999120120124124137137' and expected object '20232023121218618636365050101019190017178585191982826046041010197197373748481010151544181880801919828260860820235528528572727272181822220050502012016161190190227227663313318282777720202020335757220220686821421425825820231851855959363639390909207207331323313238385656131309090707202377771601601321326767133133777713315133151421429999120120124124137137' are equal

15-01-2025T10:06:32 - [MESSAGE][PASSED] - Actual object '20232023121218618636365050101019190017178585191982826046041010197197373748481010151544181880801919828260860820235528528572727272181822220050502012016161190190227227663313318282777720202020335757220220686821421425825820231851855959363639390909207207331323313238385656131309090707202377771601601321326767133133777713315133151421429999120120124124137137' and expected object '20232023121218618636365050101019190017178585191982826046041010197197373748481010151544181880801919828260860820235528528572727272181822220050502012016161190190227227663313318282777720202020335757220220686821421425825820231851855959363639390909207207331323313238385656131309090707202377771601601321326767133133777713315133151421429999120120124124137137' are equal

15-01-2025T10:06:32 - [TEST_STEP][PASSED] - if (verifyEqual(a2, b2) == true): Actual object '202320231010190190363614149914144417178080191982825885881010197197373748481010151544181880801919828260860820235531931981811616161620202256562152156767218218239239663313318282777720202020335757220220686821421425825820234747383819192303230310910942422172173939060616161010333320231561563838121239823982269269060626926915152727202020207979' and expected object '202320231010190190363614149914144417178080191982825885881010197197373748481010151544181880801919828260860820235531931981811616161620202256562152156767218218239239663313318282777720202020335757220220686821421425825820234747383819192303230310910942422172173939060616161010333320231561563838121239823982269269060626926915152727202020207979' are equal

15-01-2025T10:06:32 - [MESSAGE][PASSED] - Actual object '202320231010190190363614149914144417178080191982825885881010197197373748481010151544181880801919828260860820235531931981811616161620202256562152156767218218239239663313318282777720202020335757220220686821421425825820234747383819192303230310910942422172173939060616161010333320231561563838121239823982269269060626926915152727202020207979' and expected object '202320231010190190363614149914144417178080191982825885881010197197373748481010151544181880801919828260860820235531931981811616161620202256562152156767218218239239663313318282777720202020335757220220686821421425825820234747383819192303230310910942422172173939060616161010333320231561563838121239823982269269060626926915152727202020207979' are equal

15-01-2025T10:06:32 - [TEST_STEP][PASSED] - if (verifyEqual(a3, b3) == true): Actual object '2023202310101861863636151599141444171788881919838359759710101971973737484810101515441818808019198282608608202366331331828277772020202033575722022068682142142582582023252559591919219121911171171919131131353587870202161618182023' and expected object '2023202310101861863636151599141444171788881919838359759710101971973737484810101515441818808019198282608608202366331331828277772020202033575722022068682142142582582023252559591919219121911171171919131131353587870202161618182023' are equal

15-01-2025T10:06:32 - [MESSAGE][PASSED] - Actual object '2023202310101861863636151599141444171788881919838359759710101971973737484810101515441818808019198282608608202366331331828277772020202033575722022068682142142582582023252559591919219121911171171919131131353587870202161618182023' and expected object '2023202310101861863636151599141444171788881919838359759710101971973737484810101515441818808019198282608608202366331331828277772020202033575722022068682142142582582023252559591919219121911171171919131131353587870202161618182023' are equal

15-01-2025T10:06:32 - [TEST_STEP][PASSED] - if (verifyEqual(a4, b4) == true): Actual object '20232023001201203838414188101000191977772525122122616100120120393939398888112020787826261211216060202355285285727272721818222200505020120161611901902272276633133182827777202020203357572202206868214214258258202305050909595931311791795784578423231818212109090202202377771601601321326767133133777713315133151421429999120120124124137137' and expected object '20232023001201203838414188101000191977772525122122616100120120393939398888112020787826261211216060202355285285727272721818222200505020120161611901902272276633133182827777202020203357572202206868214214258258202305050909595931311791795784578423231818212109090202202377771601601321326767133133777713315133151421429999120120124124137137' are equal

15-01-2025T10:06:32 - [MESSAGE][PASSED] - Actual object '20232023001201203838414188101000191977772525122122616100120120393939398888112020787826261211216060202355285285727272721818222200505020120161611901902272276633133182827777202020203357572202206868214214258258202305050909595931311791795784578423231818212109090202202377771601601321326767133133777713315133151421429999120120124124137137' and expected object '20232023001201203838414188101000191977772525122122616100120120393939398888112020787826261211216060202355285285727272721818222200505020120161611901902272276633133182827777202020203357572202206868214214258258202305050909595931311791795784578423231818212109090202202377771601601321326767133133777713315133151421429999120120124124137137' are equal

15-01-2025T10:06:32 - [TEST_STEP][PASSED] - if (verifyEqual(a5, b5) == true): Actual object '20232023001191193737777788111919757525251231235555001201203939393988881120207878262612112160602023553193198181161616162020225656215215676721821823923966331331828277772020202033575722022068682142142582582023121232324921492118118144441191191212414124241414979720231561563838121239823982269269060626926915152727202020207979' and expected object '20232023001191193737777788111919757525251231235555001201203939393988881120207878262612112160602023553193198181161616162020225656215215676721821823923966331331828277772020202033575722022068682142142582582023121232324921492118118144441191191212414124241414979720231561563838121239823982269269060626926915152727202020207979' are equal

15-01-2025T10:06:32 - [MESSAGE][PASSED] - Actual object '20232023001191193737777788111919757525251231235555001201203939393988881120207878262612112160602023553193198181161616162020225656215215676721821823923966331331828277772020202033575722022068682142142582582023121232324921492118118144441191191212414124241414979720231561563838121239823982269269060626926915152727202020207979' and expected object '20232023001191193737777788111919757525251231235555001201203939393988881120207878262612112160602023553193198181161616162020225656215215676721821823923966331331828277772020202033575722022068682142142582582023121232324921492118118144441191191212414124241414979720231561563838121239823982269269060626926915152727202020207979' are equal

15-01-2025T10:06:32 - [TEST_STEP][PASSED] - if (verifyEqual(a6, b6) == true): Actual object '20232023000000000000000000000000001201203939393988881120207878262612112160602023663313318282777720202020335757220220686821421425825820232023' and expected object '20232023000000000000000000000000001201203939393988881120207878262612112160602023663313318282777720202020335757220220686821421425825820232023' are equal

15-01-2025T10:06:32 - [MESSAGE][PASSED] - Actual object '20232023000000000000000000000000001201203939393988881120207878262612112160602023663313318282777720202020335757220220686821421425825820232023' and expected object '20232023000000000000000000000000001201203939393988881120207878262612112160602023663313318282777720202020335757220220686821421425825820232023' are equal

15-01-2025T10:06:32 - [TEST_STEP][PASSED] - if (verifyEqual(a7, b7) == true): Actual object '202320232263522635110546110546128021280219475194759099093845038450416214162165176517472774727725652565723972394292342923202342134213455749455749954759547548893488932337423374168261682629194291947110271102198408198408728957289523664823664831028331028320231212186186363650501010191900171785851919828260460410101971973737484810101515441818808019198282608608202355285285727272721818222200505020120161611901902272276633133182827777202020203357572202206868214214258258' and expected object '202320232263522635110546110546128021280219475194759099093845038450416214162165176517472774727725652565723972394292342923202342134213455749455749954759547548893488932337423374168261682629194291947110271102198408198408728957289523664823664831028331028320231212186186363650501010191900171785851919828260460410101971973737484810101515441818808019198282608608202355285285727272721818222200505020120161611901902272276633133182827777202020203357572202206868214214258258' are equal

15-01-2025T10:06:32 - [MESSAGE][PASSED] - Actual object '202320232263522635110546110546128021280219475194759099093845038450416214162165176517472774727725652565723972394292342923202342134213455749455749954759547548893488932337423374168261682629194291947110271102198408198408728957289523664823664831028331028320231212186186363650501010191900171785851919828260460410101971973737484810101515441818808019198282608608202355285285727272721818222200505020120161611901902272276633133182827777202020203357572202206868214214258258' and expected object '202320232263522635110546110546128021280219475194759099093845038450416214162165176517472774727725652565723972394292342923202342134213455749455749954759547548893488932337423374168261682629194291947110271102198408198408728957289523664823664831028331028320231212186186363650501010191900171785851919828260460410101971973737484810101515441818808019198282608608202355285285727272721818222200505020120161611901902272276633133182827777202020203357572202206868214214258258' are equal

15-01-2025T10:06:32 - [TEST_STEP][PASSED] - if (verifyEqual(a8, b8) == true): Actual object '202320234922492271651716516893689333271733271798649864593859387640764067046704592459243088308894099409196041196041202379497949121950121950972797276180396180394222342223121812186662666287328732580965809613426134264463244632183755183755202310101901903636141499141444171780801919828258858810101971973737484810101515441818808019198282608608202355319319818116161616202022565621521567672182182392396633133182827777202020203357572202206868214214258258' and expected object '202320234922492271651716516893689333271733271798649864593859387640764067046704592459243088308894099409196041196041202379497949121950121950972797276180396180394222342223121812186662666287328732580965809613426134264463244632183755183755202310101901903636141499141444171780801919828258858810101971973737484810101515441818808019198282608608202355319319818116161616202022565621521567672182182392396633133182827777202020203357572202206868214214258258' are equal

15-01-2025T10:06:32 - [MESSAGE][PASSED] - Actual object '202320234922492271651716516893689333271733271798649864593859387640764067046704592459243088308894099409196041196041202379497949121950121950972797276180396180394222342223121812186662666287328732580965809613426134264463244632183755183755202310101901903636141499141444171780801919828258858810101971973737484810101515441818808019198282608608202355319319818116161616202022565621521567672182182392396633133182827777202020203357572202206868214214258258' and expected object '202320234922492271651716516893689333271733271798649864593859387640764067046704592459243088308894099409196041196041202379497949121950121950972797276180396180394222342223121812186662666287328732580965809613426134264463244632183755183755202310101901903636141499141444171780801919828258858810101971973737484810101515441818808019198282608608202355319319818116161616202022565621521567672182182392396633133182827777202020203357572202206868214214258258' are equal

15-01-2025T10:06:32 - [TEST_STEP][PASSED] - if (verifyEqual(a9, b9) == true): Actual object '202320232435243511013511013567486748327653327653104941049427182718495249525887588776077760773193191318113181109065109065202320231010186186363615159914144417178888191983835975971010197197373748481010151544181880801919828260860820236633133182827777202020203357572202206868214214258258' and expected object '202320232435243511013511013567486748327653327653104941049427182718495249525887588776077760773193191318113181109065109065202320231010186186363615159914144417178888191983835975971010197197373748481010151544181880801919828260860820236633133182827777202020203357572202206868214214258258' are equal

15-01-2025T10:06:32 - [MESSAGE][PASSED] - Actual object '202320232435243511013511013567486748327653327653104941049427182718495249525887588776077760773193191318113181109065109065202320231010186186363615159914144417178888191983835975971010197197373748481010151544181880801919828260860820236633133182827777202020203357572202206868214214258258' and expected object '202320232435243511013511013567486748327653327653104941049427182718495249525887588776077760773193191318113181109065109065202320231010186186363615159914144417178888191983835975971010197197373748481010151544181880801919828260860820236633133182827777202020203357572202206868214214258258' are equal

15-01-2025T10:06:32 - [TEST_STEP][PASSED] - if (verifyEqual(a10, b10) == true): Actual object '20232023000064656465341134112455624556245624561796017960676267624524452413862138625275527511304113041287128720234213421345574945574995475954754889348893233742337416826168262919429194711027110219840819840872895728952366482366483102833102832023001201203838414188101000191977772525122122616100120120393939398888112020787826261211216060202355285285727272721818222200505020120161611901902272276633133182827777202020203357572202206868214214258258' and expected object '20232023000064656465341134112455624556245624561796017960676267624524452413862138625275527511304113041287128720234213421345574945574995475954754889348893233742337416826168262919429194711027110219840819840872895728952366482366483102833102832023001201203838414188101000191977772525122122616100120120393939398888112020787826261211216060202355285285727272721818222200505020120161611901902272276633133182827777202020203357572202206868214214258258' are equal

15-01-2025T10:06:32 - [MESSAGE][PASSED] - Actual object '20232023000064656465341134112455624556245624561796017960676267624524452413862138625275527511304113041287128720234213421345574945574995475954754889348893233742337416826168262919429194711027110219840819840872895728952366482366483102833102832023001201203838414188101000191977772525122122616100120120393939398888112020787826261211216060202355285285727272721818222200505020120161611901902272276633133182827777202020203357572202206868214214258258' and expected object '20232023000064656465341134112455624556245624561796017960676267624524452413862138625275527511304113041287128720234213421345574945574995475954754889348893233742337416826168262919429194711027110219840819840872895728952366482366483102833102832023001201203838414188101000191977772525122122616100120120393939398888112020787826261211216060202355285285727272721818222200505020120161611901902272276633133182827777202020203357572202206868214214258258' are equal

15-01-2025T10:06:32 - [TEST_STEP][PASSED] - if (verifyEqual(a11, b11) == true): Actual object '202320230000147171471711865118653244523244521268312683349434948438432398239829694296945892589217984179845359353593202379497949121950121950972797276180396180394222342223121812186662666287328732580965809613426134264463244632183755183755202300119119373777778811191975752525123123555500120120393939398888112020787826261211216060202355319319818116161616202022565621521567672182182392396633133182827777202020203357572202206868214214258258' and expected object '202320230000147171471711865118653244523244521268312683349434948438432398239829694296945892589217984179845359353593202379497949121950121950972797276180396180394222342223121812186662666287328732580965809613426134264463244632183755183755202300119119373777778811191975752525123123555500120120393939398888112020787826261211216060202355319319818116161616202022565621521567672182182392396633133182827777202020203357572202206868214214258258' are equal

15-01-2025T10:06:32 - [MESSAGE][PASSED] - Actual object '202320230000147171471711865118653244523244521268312683349434948438432398239829694296945892589217984179845359353593202379497949121950121950972797276180396180394222342223121812186662666287328732580965809613426134264463244632183755183755202300119119373777778811191975752525123123555500120120393939398888112020787826261211216060202355319319818116161616202022565621521567672182182392396633133182827777202020203357572202206868214214258258' and expected object '202320230000147171471711865118653244523244521268312683349434948438432398239829694296945892589217984179845359353593202379497949121950121950972797276180396180394222342223121812186662666287328732580965809613426134264463244632183755183755202300119119373777778811191975752525123123555500120120393939398888112020787826261211216060202355319319818116161616202022565621521567672182182392396633133182827777202020203357572202206868214214258258' are equal

15-01-2025T10:06:32 - [TEST_STEP][PASSED] - if (verifyEqual(a12, b12) == true): Actual object '20232023000012032261203226386554386554390378390378829178291782595825957931793119706619706678310278310225579525579512121971212197604149604149202320230000000000000000000000000012012039393939888811202078782626121121606020236633133182827777202020203357572202206868214214258258' and expected object '20232023000012032261203226386554386554390378390378829178291782595825957931793119706619706678310278310225579525579512121971212197604149604149202320230000000000000000000000000012012039393939888811202078782626121121606020236633133182827777202020203357572202206868214214258258' are equal

15-01-2025T10:06:32 - [MESSAGE][PASSED] - Actual object '20232023000012032261203226386554386554390378390378829178291782595825957931793119706619706678310278310225579525579512121971212197604149604149202320230000000000000000000000000012012039393939888811202078782626121121606020236633133182827777202020203357572202206868214214258258' and expected object '20232023000012032261203226386554386554390378390378829178291782595825957931793119706619706678310278310225579525579512121971212197604149604149202320230000000000000000000000000012012039393939888811202078782626121121606020236633133182827777202020203357572202206868214214258258' are equal

15-01-2025T10:06:32 - [TEST_STEP][PASSED] - closeBrowser(): Browser is closed

15-01-2025T10:06:32 - [MESSAGE][PASSED] - Browser is closed]]></system-out>
         <system-err><![CDATA[]]></system-err>
      </testcase>
      <testcase name="Test Cases/Сверки дашбордов/Факторный анализ сверка дашбордов" time="201.32" classname="Test Cases/Сверки дашбордов/Факторный анализ сверка дашбордов" status="FAILED">
         <failure type="FAILED" message="Test Cases/Сверки дашбордов/Факторный анализ сверка дашбордов FAILED.&#xa;Reason:&#xa;com.kms.katalon.core.exception.StepFailedException: Unable to verify equal between actual object '-1263324' and expected object '-1224131' (Root cause: com.kms.katalon.core.exception.StepFailedException: Actual object '-1263324' and expected object '-1224131' are not equal&#xa;	at com.kms.katalon.core.keyword.builtin.VerifyEqualKeyword$_verifyEqual_closure1.doCall(VerifyEqualKeyword.groovy:58)&#xa;	at com.kms.katalon.core.keyword.builtin.VerifyEqualKeyword$_verifyEqual_closure1.call(VerifyEqualKeyword.groovy)&#xa;	at com.kms.katalon.core.keyword.internal.KeywordMain.runKeyword(KeywordMain.groovy:75)&#xa;	at com.kms.katalon.core.keyword.builtin.VerifyEqualKeyword.verifyEqual(VerifyEqualKeyword.groovy:63)&#xa;	at com.kms.katalon.core.keyword.builtin.VerifyEqualKeyword.execute(VerifyEqualKeyword.groovy:44)&#xa;	at com.kms.katalon.core.keyword.internal.KeywordExecutor.executeKeywordForPlatform(KeywordExecutor.groovy:74)&#xa;	at com.kms.katalon.core.keyword.BuiltinKeywords.verifyEqual(BuiltinKeywords.groovy:146)&#xa;	at java.base/jdk.internal.reflect.NativeMethodAccessorImpl.invoke0(Native Method)&#xa;	at java.base/jdk.internal.reflect.NativeMethodAccessorImpl.invoke(NativeMethodAccessorImpl.java:77)&#xa;	at java.base/jdk.internal.reflect.DelegatingMethodAccessorImpl.invoke(DelegatingMethodAccessorImpl.java:43)&#xa;	at Факторный анализ сверка дашбордов.Compare(Факторный анализ сверка дашбордов:682)&#xa;	at Факторный анализ сверка дашбордов.Test(Факторный анализ сверка дашбордов:446)&#xa;	at Факторный анализ сверка дашбордов.run(Факторный анализ сверка дашбордов:44)&#xa;	at com.kms.katalon.core.main.ScriptEngine.run(ScriptEngine.java:194)&#xa;	at com.kms.katalon.core.main.ScriptEngine.runScriptAsRawText(ScriptEngine.java:119)&#xa;	at com.kms.katalon.core.main.TestCaseExecutor.runScript(TestCaseExecutor.java:448)&#xa;	at com.kms.katalon.core.main.TestCaseExecutor.doExecute(TestCaseExecutor.java:439)&#xa;	at com.kms.katalon.core.main.TestCaseExecutor.processExecutionPhase(TestCaseExecutor.java:418)&#xa;	at com.kms.katalon.core.main.TestCaseExecutor.accessMainPhase(TestCaseExecutor.java:410)&#xa;	at com.kms.katalon.core.main.TestCaseExecutor.execute(TestCaseExecutor.java:285)&#xa;	at com.kms.katalon.core.common.CommonExecutor.accessTestCaseMainPhase(CommonExecutor.java:65)&#xa;	at com.kms.katalon.core.main.TestSuiteExecutor.accessTestSuiteMainPhase(TestSuiteExecutor.java:150)&#xa;	at com.kms.katalon.core.main.TestSuiteExecutor.execute(TestSuiteExecutor.java:106)&#xa;	at com.kms.katalon.core.main.TestCaseMain.startTestSuite(TestCaseMain.java:180)&#xa;	at TempTestSuite1736921988279.run(TempTestSuite1736921988279.groovy:35)&#xa;	at java.base/jdk.internal.reflect.NativeMethodAccessorImpl.invoke0(Native Method)&#xa;	at java.base/jdk.internal.reflect.NativeMethodAccessorImpl.invoke(NativeMethodAccessorImpl.java:77)&#xa;	at java.base/jdk.internal.reflect.DelegatingMethodAccessorImpl.invoke(DelegatingMethodAccessorImpl.java:43)&#xa;)&#xa;	at com.kms.katalon.core.keyword.internal.KeywordMain.stepFailed(KeywordMain.groovy:39)&#xa;	at com.kms.katalon.core.keyword.internal.KeywordMain.stepFailed(KeywordMain.groovy)&#xa;	at com.kms.katalon.core.keyword.internal.KeywordMain.runKeyword(KeywordMain.groovy:77)&#xa;	at com.kms.katalon.core.keyword.builtin.VerifyEqualKeyword.verifyEqual(VerifyEqualKeyword.groovy:63)&#xa;	at com.kms.katalon.core.keyword.builtin.VerifyEqualKeyword.execute(VerifyEqualKeyword.groovy:44)&#xa;	at com.kms.katalon.core.keyword.internal.KeywordExecutor.executeKeywordForPlatform(KeywordExecutor.groovy:74)&#xa;	at com.kms.katalon.core.keyword.BuiltinKeywords.verifyEqual(BuiltinKeywords.groovy:146)&#xa;	at java.base/jdk.internal.reflect.NativeMethodAccessorImpl.invoke0(Native Method)&#xa;	at java.base/jdk.internal.reflect.NativeMethodAccessorImpl.invoke(NativeMethodAccessorImpl.java:77)&#xa;	at java.base/jdk.internal.reflect.DelegatingMethodAccessorImpl.invoke(DelegatingMethodAccessorImpl.java:43)&#xa;	at Факторный анализ сверка дашбордов.Compare(Факторный анализ сверка дашбордов:682)&#xa;	at Факторный анализ сверка дашбордов.Test(Факторный анализ сверка дашбордов:446)&#xa;	at Факторный анализ сверка дашбордов.run(Факторный анализ сверка дашбордов:44)&#xa;	at com.kms.katalon.core.main.ScriptEngine.run(ScriptEngine.java:194)&#xa;	at com.kms.katalon.core.main.ScriptEngine.runScriptAsRawText(ScriptEngine.java:119)&#xa;	at com.kms.katalon.core.main.TestCaseExecutor.runScript(TestCaseExecutor.java:448)&#xa;	at com.kms.katalon.core.main.TestCaseExecutor.doExecute(TestCaseExecutor.java:439)&#xa;	at com.kms.katalon.core.main.TestCaseExecutor.processExecutionPhase(TestCaseExecutor.java:418)&#xa;	at com.kms.katalon.core.main.TestCaseExecutor.accessMainPhase(TestCaseExecutor.java:410)&#xa;	at com.kms.katalon.core.main.TestCaseExecutor.execute(TestCaseExecutor.java:285)&#xa;	at com.kms.katalon.core.common.CommonExecutor.accessTestCaseMainPhase(CommonExecutor.java:65)&#xa;	at com.kms.katalon.core.main.TestSuiteExecutor.accessTestSuiteMainPhase(TestSuiteExecutor.java:150)&#xa;	at com.kms.katalon.core.main.TestSuiteExecutor.execute(TestSuiteExecutor.java:106)&#xa;	at com.kms.katalon.core.main.TestCaseMain.startTestSuite(TestCaseMain.java:180)&#xa;	at TempTestSuite1736921988279.run(TempTestSuite1736921988279.groovy:35)&#xa;	at java.base/jdk.internal.reflect.NativeMethodAccessorImpl.invoke0(Native Method)&#xa;	at java.base/jdk.internal.reflect.NativeMethodAccessorImpl.invoke(NativeMethodAccessorImpl.java:77)&#xa;	at java.base/jdk.internal.reflect.DelegatingMethodAccessorImpl.invoke(DelegatingMethodAccessorImpl.java:43)&#xa;Caused by: com.kms.katalon.core.exception.StepFailedException: Actual object '-1263324' and expected object '-1224131' are not equal&#xa;	at com.kms.katalon.core.keyword.builtin.VerifyEqualKeyword$_verifyEqual_closure1.doCall(VerifyEqualKeyword.groovy:58)&#xa;	at com.kms.katalon.core.keyword.builtin.VerifyEqualKeyword$_verifyEqual_closure1.call(VerifyEqualKeyword.groovy)&#xa;	at com.kms.katalon.core.keyword.internal.KeywordMain.runKeyword(KeywordMain.groovy:75)&#xa;	... 25 more&#xa;"/>
         <system-out><![CDATA[15-01-2025T10:06:32 - [TEST_CASE][FAILED] - Test Cases/Сверки дашбордов/Факторный анализ сверка дашбордов: Test Cases/Сверки дашбордов/Факторный анализ сверка дашбордов FAILED.
Reason:
com.kms.katalon.core.exception.StepFailedException: Unable to verify equal between actual object '-1263324' and expected object '-1224131' (Root cause: com.kms.katalon.core.exception.StepFailedException: Actual object '-1263324' and expected object '-1224131' are not equal
	at com.kms.katalon.core.keyword.builtin.VerifyEqualKeyword$_verifyEqual_closure1.doCall(VerifyEqualKeyword.groovy:58)
	at com.kms.katalon.core.keyword.builtin.VerifyEqualKeyword$_verifyEqual_closure1.call(VerifyEqualKeyword.groovy)
	at com.kms.katalon.core.keyword.internal.KeywordMain.runKeyword(KeywordMain.groovy:75)
	at com.kms.katalon.core.keyword.builtin.VerifyEqualKeyword.verifyEqual(VerifyEqualKeyword.groovy:63)
	at com.kms.katalon.core.keyword.builtin.VerifyEqualKeyword.execute(VerifyEqualKeyword.groovy:44)
	at com.kms.katalon.core.keyword.internal.KeywordExecutor.executeKeywordForPlatform(KeywordExecutor.groovy:74)
	at com.kms.katalon.core.keyword.BuiltinKeywords.verifyEqual(BuiltinKeywords.groovy:146)
	at java.base/jdk.internal.reflect.NativeMethodAccessorImpl.invoke0(Native Method)
	at java.base/jdk.internal.reflect.NativeMethodAccessorImpl.invoke(NativeMethodAccessorImpl.java:77)
	at java.base/jdk.internal.reflect.DelegatingMethodAccessorImpl.invoke(DelegatingMethodAccessorImpl.java:43)
	at Факторный анализ сверка дашбордов.Compare(Факторный анализ сверка дашбордов:682)
	at Факторный анализ сверка дашбордов.Test(Факторный анализ сверка дашбордов:446)
	at Факторный анализ сверка дашбордов.run(Факторный анализ сверка дашбордов:44)
	at com.kms.katalon.core.main.ScriptEngine.run(ScriptEngine.java:194)
	at com.kms.katalon.core.main.ScriptEngine.runScriptAsRawText(ScriptEngine.java:119)
	at com.kms.katalon.core.main.TestCaseExecutor.runScript(TestCaseExecutor.java:448)
	at com.kms.katalon.core.main.TestCaseExecutor.doExecute(TestCaseExecutor.java:439)
	at com.kms.katalon.core.main.TestCaseExecutor.processExecutionPhase(TestCaseExecutor.java:418)
	at com.kms.katalon.core.main.TestCaseExecutor.accessMainPhase(TestCaseExecutor.java:410)
	at com.kms.katalon.core.main.TestCaseExecutor.execute(TestCaseExecutor.java:285)
	at com.kms.katalon.core.common.CommonExecutor.accessTestCaseMainPhase(CommonExecutor.java:65)
	at com.kms.katalon.core.main.TestSuiteExecutor.accessTestSuiteMainPhase(TestSuiteExecutor.java:150)
	at com.kms.katalon.core.main.TestSuiteExecutor.execute(TestSuiteExecutor.java:106)
	at com.kms.katalon.core.main.TestCaseMain.startTestSuite(TestCaseMain.java:180)
	at TempTestSuite1736921988279.run(TempTestSuite1736921988279.groovy:35)
	at java.base/jdk.internal.reflect.NativeMethodAccessorImpl.invoke0(Native Method)
	at java.base/jdk.internal.reflect.NativeMethodAccessorImpl.invoke(NativeMethodAccessorImpl.java:77)
	at java.base/jdk.internal.reflect.DelegatingMethodAccessorImpl.invoke(DelegatingMethodAccessorImpl.java:43)
)
	at com.kms.katalon.core.keyword.internal.KeywordMain.stepFailed(KeywordMain.groovy:39)
	at com.kms.katalon.core.keyword.internal.KeywordMain.stepFailed(KeywordMain.groovy)
	at com.kms.katalon.core.keyword.internal.KeywordMain.runKeyword(KeywordMain.groovy:77)
	at com.kms.katalon.core.keyword.builtin.VerifyEqualKeyword.verifyEqual(VerifyEqualKeyword.groovy:63)
	at com.kms.katalon.core.keyword.builtin.VerifyEqualKeyword.execute(VerifyEqualKeyword.groovy:44)
	at com.kms.katalon.core.keyword.internal.KeywordExecutor.executeKeywordForPlatform(KeywordExecutor.groovy:74)
	at com.kms.katalon.core.keyword.BuiltinKeywords.verifyEqual(BuiltinKeywords.groovy:146)
	at java.base/jdk.internal.reflect.NativeMethodAccessorImpl.invoke0(Native Method)
	at java.base/jdk.internal.reflect.NativeMethodAccessorImpl.invoke(NativeMethodAccessorImpl.java:77)
	at java.base/jdk.internal.reflect.DelegatingMethodAccessorImpl.invoke(DelegatingMethodAccessorImpl.java:43)
	at Факторный анализ сверка дашбордов.Compare(Факторный анализ сверка дашбордов:682)
	at Факторный анализ сверка дашбордов.Test(Факторный анализ сверка дашбордов:446)
	at Факторный анализ сверка дашбордов.run(Факторный анализ сверка дашбордов:44)
	at com.kms.katalon.core.main.ScriptEngine.run(ScriptEngine.java:194)
	at com.kms.katalon.core.main.ScriptEngine.runScriptAsRawText(ScriptEngine.java:119)
	at com.kms.katalon.core.main.TestCaseExecutor.runScript(TestCaseExecutor.java:448)
	at com.kms.katalon.core.main.TestCaseExecutor.doExecute(TestCaseExecutor.java:439)
	at com.kms.katalon.core.main.TestCaseExecutor.processExecutionPhase(TestCaseExecutor.java:418)
	at com.kms.katalon.core.main.TestCaseExecutor.accessMainPhase(TestCaseExecutor.java:410)
	at com.kms.katalon.core.main.TestCaseExecutor.execute(TestCaseExecutor.java:285)
	at com.kms.katalon.core.common.CommonExecutor.accessTestCaseMainPhase(CommonExecutor.java:65)
	at com.kms.katalon.core.main.TestSuiteExecutor.accessTestSuiteMainPhase(TestSuiteExecutor.java:150)
	at com.kms.katalon.core.main.TestSuiteExecutor.execute(TestSuiteExecutor.java:106)
	at com.kms.katalon.core.main.TestCaseMain.startTestSuite(TestCaseMain.java:180)
	at TempTestSuite1736921988279.run(TempTestSuite1736921988279.groovy:35)
	at java.base/jdk.internal.reflect.NativeMethodAccessorImpl.invoke0(Native Method)
	at java.base/jdk.internal.reflect.NativeMethodAccessorImpl.invoke(NativeMethodAccessorImpl.java:77)
	at java.base/jdk.internal.reflect.DelegatingMethodAccessorImpl.invoke(DelegatingMethodAccessorImpl.java:43)
Caused by: com.kms.katalon.core.exception.StepFailedException: Actual object '-1263324' and expected object '-1224131' are not equal
	at com.kms.katalon.core.keyword.builtin.VerifyEqualKeyword$_verifyEqual_closure1.doCall(VerifyEqualKeyword.groovy:58)
	at com.kms.katalon.core.keyword.builtin.VerifyEqualKeyword$_verifyEqual_closure1.call(VerifyEqualKeyword.groovy)
	at com.kms.katalon.core.keyword.internal.KeywordMain.runKeyword(KeywordMain.groovy:75)
	... 25 more


15-01-2025T10:06:32 - [TEST_STEP][PASSED] - date = new java.util.Date(): null

15-01-2025T10:06:32 - [TEST_STEP][PASSED] - todaysDate = date.format("dd.MM.yyyy"): null

15-01-2025T10:06:32 - [TEST_STEP][PASSED] - typeOfData = <not implemented yet for class: org.codehaus.groovy.ast.expr.EmptyExpression>: null

15-01-2025T10:06:32 - [TEST_STEP][PASSED] - otobrajeniyeDannyh = <not implemented yet for class: org.codehaus.groovy.ast.expr.EmptyExpression>: null

15-01-2025T10:06:32 - [TEST_STEP][PASSED] - println(todaysDate): null

15-01-2025T10:06:32 - [TEST_STEP][PASSED] - vidget = <not implemented yet for class: org.codehaus.groovy.ast.expr.EmptyExpression>: null

15-01-2025T10:06:32 - [TEST_STEP][PASSED] - x = <not implemented yet for class: org.codehaus.groovy.ast.expr.EmptyExpression>: null

15-01-2025T10:06:32 - [TEST_STEP][PASSED] - y = <not implemented yet for class: org.codehaus.groovy.ast.expr.EmptyExpression>: null

15-01-2025T10:06:32 - [TEST_STEP][PASSED] - DZO = <not implemented yet for class: org.codehaus.groovy.ast.expr.EmptyExpression>: null

15-01-2025T10:06:32 - [TEST_STEP][PASSED] - openBrowser(""): Browser is opened with url: ''

15-01-2025T10:06:32 - [MESSAGE][INFO] - Starting 'Chrome' driver

15-01-2025T10:06:32 - [MESSAGE][INFO] - Action delay is set to 0 milliseconds

15-01-2025T10:06:34 - [MESSAGE][PASSED] - Browser is opened with url: ''

15-01-2025T10:06:34 - [TEST_STEP][PASSED] - run = 1: null

15-01-2025T10:06:34 - [TEST_STEP][PASSED] - for ([run = 1, run < 3, (run++)]): null

15-01-2025T10:06:34 - [TEST_STEP][PASSED] - Script1719551244403.Test(run, todaysDate, typeOfData, otobrajeniyeDannyh, x, y, vidget, DZO): null

15-01-2025T10:06:34 - [TEST_STEP][PASSED] - navigateToUrl(findTestData("PlanFact").getValue(10, 3)): Navigate to 'https://bi.rosseti.digital/viewer?dashboardGuid=2301950b23be4ed89c1df75f2020051e&sheetGuid=ccd7d7486b3d4e6fa0ee9b1eaebed46c&fit=true' successfully

15-01-2025T10:06:41 - [MESSAGE][PASSED] - Navigate to 'https://bi.rosseti.digital/viewer?dashboardGuid=2301950b23be4ed89c1df75f2020051e&sheetGuid=ccd7d7486b3d4e6fa0ee9b1eaebed46c&fit=true' successfully

15-01-2025T10:06:41 - [TEST_STEP][PASSED] - Script1719551244403.Autorization(run): null

15-01-2025T10:06:41 - [TEST_STEP][PASSED] - delay(10): Delayed 10 second(s)

15-01-2025T10:06:51 - [MESSAGE][PASSED] - Delayed 10 second(s)

15-01-2025T10:06:51 - [TEST_STEP][PASSED] - if (run == 1): Delayed 10 second(s)

15-01-2025T10:06:51 - [TEST_STEP][PASSED] - setText(findTestObject("Страница авторизации/input__username"), findTestData("PlanFact").getValue(8, 1)): Text 'liazgina-di' is set on object 'Object Repository/Страница авторизации/input__username'

15-01-2025T10:06:51 - [MESSAGE][PASSED] - Text 'liazgina-di' is set on object 'Object Repository/Страница авторизации/input__username'

15-01-2025T10:06:51 - [TEST_STEP][PASSED] - setText(findTestObject("Страница авторизации/input__password"), findTestData("PlanFact").getValue(9, 1)): Text ')$%5srZ8o688Dm#q' is set on object 'Object Repository/Страница авторизации/input__password'

15-01-2025T10:06:52 - [MESSAGE][PASSED] - Text ')$%5srZ8o688Dm#q' is set on object 'Object Repository/Страница авторизации/input__password'

15-01-2025T10:06:52 - [TEST_STEP][PASSED] - click(findTestObject("Страница авторизации/button_")): Object: 'Object Repository/Страница авторизации/button_' is clicked on

15-01-2025T10:06:54 - [MESSAGE][PASSED] - Object: 'Object Repository/Страница авторизации/button_' is clicked on

15-01-2025T10:06:54 - [TEST_STEP][PASSED] - delay(10): Delayed 10 second(s)

15-01-2025T10:07:04 - [MESSAGE][PASSED] - Delayed 10 second(s)

15-01-2025T10:07:04 - [TEST_STEP][PASSED] - i = <not implemented yet for class: org.codehaus.groovy.ast.expr.EmptyExpression>: null

15-01-2025T10:07:04 - [TEST_STEP][PASSED] - ii = <not implemented yet for class: org.codehaus.groovy.ast.expr.EmptyExpression>: null

15-01-2025T10:07:04 - [TEST_STEP][PASSED] - a = <not implemented yet for class: org.codehaus.groovy.ast.expr.EmptyExpression>: null

15-01-2025T10:07:04 - [TEST_STEP][PASSED] - a1 = <not implemented yet for class: org.codehaus.groovy.ast.expr.EmptyExpression>: null

15-01-2025T10:07:04 - [TEST_STEP][PASSED] - a2 = <not implemented yet for class: org.codehaus.groovy.ast.expr.EmptyExpression>: null

15-01-2025T10:07:04 - [TEST_STEP][PASSED] - click(findTestObject("Факторный анализ/Фильтр Период")): Object: 'Object Repository/Факторный анализ/Фильтр Период' is clicked on

15-01-2025T10:07:09 - [MESSAGE][PASSED] - Object: 'Object Repository/Факторный анализ/Фильтр Период' is clicked on

15-01-2025T10:07:09 - [TEST_STEP][PASSED] - click(findTestObject("Факторный анализ/Снять выделение в фильтре Дата")): Object: 'Object Repository/Факторный анализ/Снять выделение в фильтре Дата' is clicked on

15-01-2025T10:07:09 - [MESSAGE][PASSED] - Object: 'Object Repository/Факторный анализ/Снять выделение в фильтре Дата' is clicked on

15-01-2025T10:07:09 - [TEST_STEP][PASSED] - click(findTestObject("Факторный анализ/Применить в фильтре Дата")): Object: 'Object Repository/Факторный анализ/Применить в фильтре Дата' is clicked on

15-01-2025T10:07:10 - [MESSAGE][PASSED] - Object: 'Object Repository/Факторный анализ/Применить в фильтре Дата' is clicked on

15-01-2025T10:07:10 - [TEST_STEP][PASSED] - delay(10): Delayed 10 second(s)

15-01-2025T10:07:20 - [MESSAGE][PASSED] - Delayed 10 second(s)

15-01-2025T10:07:20 - [TEST_STEP][PASSED] - click(findTestObject("Факторный анализ/Фильтр Период")): Object: 'Object Repository/Факторный анализ/Фильтр Период' is clicked on

15-01-2025T10:07:20 - [MESSAGE][PASSED] - Object: 'Object Repository/Факторный анализ/Фильтр Период' is clicked on

15-01-2025T10:07:20 - [TEST_STEP][PASSED] - click(findTestObject("Факторный анализ/Снять выделение в фильтре Дата")): Object: 'Object Repository/Факторный анализ/Снять выделение в фильтре Дата' is clicked on

15-01-2025T10:07:21 - [MESSAGE][PASSED] - Object: 'Object Repository/Факторный анализ/Снять выделение в фильтре Дата' is clicked on

15-01-2025T10:07:21 - [TEST_STEP][PASSED] - scrollToElement(findTestObject("Факторный анализ/2024 список"), 30): Scroll to object 'Object Repository/Факторный анализ/2024 список' successfully

15-01-2025T10:07:21 - [MESSAGE][PASSED] - Scroll to object 'Object Repository/Факторный анализ/2024 список' successfully

15-01-2025T10:07:21 - [TEST_STEP][PASSED] - click(findTestObject("Факторный анализ/2024 список")): Object: 'Object Repository/Факторный анализ/2024 список' is clicked on

15-01-2025T10:07:21 - [MESSAGE][PASSED] - Object: 'Object Repository/Факторный анализ/2024 список' is clicked on

15-01-2025T10:07:21 - [TEST_STEP][PASSED] - scrollToElement(findTestObject("Факторный анализ/1 квартал 2024 выбрать"), 30): Scroll to object 'Object Repository/Факторный анализ/1 квартал 2024 выбрать' successfully

15-01-2025T10:07:22 - [MESSAGE][PASSED] - Scroll to object 'Object Repository/Факторный анализ/1 квартал 2024 выбрать' successfully

15-01-2025T10:07:22 - [TEST_STEP][PASSED] - click(findTestObject("Факторный анализ/1 квартал 2024 выбрать")): Object: 'Object Repository/Факторный анализ/1 квартал 2024 выбрать' is clicked on

15-01-2025T10:07:22 - [MESSAGE][PASSED] - Object: 'Object Repository/Факторный анализ/1 квартал 2024 выбрать' is clicked on

15-01-2025T10:07:22 - [TEST_STEP][PASSED] - scrollToElement(findTestObject("Факторный анализ/1 квартал 2024 выбрать"), 30): Scroll to object 'Object Repository/Факторный анализ/1 квартал 2024 выбрать' successfully

15-01-2025T10:07:23 - [MESSAGE][PASSED] - Scroll to object 'Object Repository/Факторный анализ/1 квартал 2024 выбрать' successfully

15-01-2025T10:07:23 - [TEST_STEP][PASSED] - click(findTestObject("Факторный анализ/2 квартал 2024 выбрать"), CONTINUE_ON_FAILURE): Object: 'Object Repository/Факторный анализ/2 квартал 2024 выбрать' is clicked on

15-01-2025T10:07:23 - [MESSAGE][PASSED] - Object: 'Object Repository/Факторный анализ/2 квартал 2024 выбрать' is clicked on

15-01-2025T10:07:23 - [TEST_STEP][PASSED] - click(findTestObject("Факторный анализ/3 квартал 2024 выбрать"), CONTINUE_ON_FAILURE): Object: 'Object Repository/Факторный анализ/3 квартал 2024 выбрать' is clicked on

15-01-2025T10:07:24 - [MESSAGE][PASSED] - Object: 'Object Repository/Факторный анализ/3 квартал 2024 выбрать' is clicked on

15-01-2025T10:07:24 - [TEST_STEP][PASSED] - scrollToElement(findTestObject("Факторный анализ/4 квартал 2024 список"), 30): Scroll to object 'Object Repository/Факторный анализ/4 квартал 2024 список' successfully

15-01-2025T10:07:24 - [MESSAGE][PASSED] - Scroll to object 'Object Repository/Факторный анализ/4 квартал 2024 список' successfully

15-01-2025T10:07:24 - [TEST_STEP][PASSED] - click(findTestObject("Факторный анализ/4 квартал 2024 список"), CONTINUE_ON_FAILURE): Object: 'Object Repository/Факторный анализ/4 квартал 2024 список' is clicked on

15-01-2025T10:07:25 - [MESSAGE][PASSED] - Object: 'Object Repository/Факторный анализ/4 квартал 2024 список' is clicked on

15-01-2025T10:07:25 - [TEST_STEP][PASSED] - scrollToElement(findTestObject("Факторный анализ/Октябрь 2024"), 30): Scroll to object 'Object Repository/Факторный анализ/Октябрь 2024' successfully

15-01-2025T10:07:25 - [MESSAGE][PASSED] - Scroll to object 'Object Repository/Факторный анализ/Октябрь 2024' successfully

15-01-2025T10:07:25 - [TEST_STEP][PASSED] - click(findTestObject("Факторный анализ/Октябрь 2024"), CONTINUE_ON_FAILURE): Object: 'Object Repository/Факторный анализ/Октябрь 2024' is clicked on

15-01-2025T10:07:25 - [MESSAGE][PASSED] - Object: 'Object Repository/Факторный анализ/Октябрь 2024' is clicked on

15-01-2025T10:07:25 - [TEST_STEP][PASSED] - scrollToElement(findTestObject("Факторный анализ/Ноябрь 2024"), 30): Scroll to object 'Object Repository/Факторный анализ/Ноябрь 2024' successfully

15-01-2025T10:07:26 - [MESSAGE][PASSED] - Scroll to object 'Object Repository/Факторный анализ/Ноябрь 2024' successfully

15-01-2025T10:07:26 - [TEST_STEP][PASSED] - click(findTestObject("Факторный анализ/Ноябрь 2024"), CONTINUE_ON_FAILURE): Object: 'Object Repository/Факторный анализ/Ноябрь 2024' is clicked on

15-01-2025T10:07:26 - [MESSAGE][PASSED] - Object: 'Object Repository/Факторный анализ/Ноябрь 2024' is clicked on

15-01-2025T10:07:26 - [TEST_STEP][PASSED] - scrollToElement(findTestObject("Факторный анализ/Заголовок дашборда"), 30): Scroll to object 'Object Repository/Факторный анализ/Заголовок дашборда' successfully

15-01-2025T10:07:27 - [MESSAGE][PASSED] - Scroll to object 'Object Repository/Факторный анализ/Заголовок дашборда' successfully

15-01-2025T10:07:27 - [TEST_STEP][PASSED] - click(findTestObject("Факторный анализ/Применить в фильтре Дата")): Object: 'Object Repository/Факторный анализ/Применить в фильтре Дата' is clicked on

15-01-2025T10:07:27 - [MESSAGE][PASSED] - Object: 'Object Repository/Факторный анализ/Применить в фильтре Дата' is clicked on

15-01-2025T10:07:27 - [TEST_STEP][PASSED] - if (run == 1): null

15-01-2025T10:07:27 - [TEST_STEP][PASSED] - a = getText(findTestObject("Факторный анализ/Отклонения выручки по факторам Блок руководителя")): Text of object 'Object Repository/Факторный анализ/Отклонения выручки по факторам Блок руководителя' is: '-1 263 324-1 263 324
53 86253 862
Отклонение (объём услуг)
Отклонение (средний тариф)
ПАО Россети'

15-01-2025T10:07:28 - [MESSAGE][PASSED] - Text of object 'Object Repository/Факторный анализ/Отклонения выручки по факторам Блок руководителя' is: '-1 263 324-1 263 324
53 86253 862
Отклонение (объём услуг)
Отклонение (средний тариф)
ПАО Россети'

15-01-2025T10:07:28 - [TEST_STEP][PASSED] - a = a.replaceAll("[\r?
|
]", "/"): null

15-01-2025T10:07:28 - [TEST_STEP][PASSED] - i = a.indexOf("Отклонение"): null

15-01-2025T10:07:28 - [TEST_STEP][PASSED] - if (i > -1): null

15-01-2025T10:07:28 - [TEST_STEP][PASSED] - i = i: null

15-01-2025T10:07:28 - [TEST_STEP][PASSED] - a = substring(0, i).trim(): null

15-01-2025T10:07:28 - [TEST_STEP][PASSED] - println("a: " + a): null

15-01-2025T10:07:28 - [TEST_STEP][PASSED] - i = a.indexOf("/"): null

15-01-2025T10:07:28 - [TEST_STEP][PASSED] - if (i > -1): null

15-01-2025T10:07:28 - [TEST_STEP][PASSED] - a1 = a.substring(0, i): null

15-01-2025T10:07:28 - [TEST_STEP][PASSED] - println("a1: " + a1): null

15-01-2025T10:07:28 - [TEST_STEP][PASSED] - a2 = a.substring(a1.length() + 1, a.length()): null

15-01-2025T10:07:28 - [TEST_STEP][PASSED] - println("a2: " + a2): null

15-01-2025T10:07:28 - [TEST_STEP][PASSED] - i = a1.length() / 2: null

15-01-2025T10:07:28 - [TEST_STEP][PASSED] - if (i > -1): null

15-01-2025T10:07:28 - [TEST_STEP][PASSED] - a1 = replaceAll("\s+", "").trim(): null

15-01-2025T10:07:28 - [TEST_STEP][PASSED] - println("a1: " + a1): null

15-01-2025T10:07:28 - [TEST_STEP][PASSED] - i = a2.length() / 2: null

15-01-2025T10:07:28 - [TEST_STEP][PASSED] - if (i > -1): null

15-01-2025T10:07:28 - [TEST_STEP][PASSED] - a2 = replaceAll("\s+", "").trim(): null

15-01-2025T10:07:28 - [TEST_STEP][PASSED] - println("a2: " + a2): null

15-01-2025T10:07:28 - [TEST_STEP][PASSED] - tableA = getText(findTestObject("Факторный анализ/AllTable1")).replaceAll("[\r?
|
]", "/"): Text of object 'Object Repository/Факторный анализ/AllTable1' is: 'ДЗО
Филиал
Отклонение (объём услуг)
Отклонение (средний тариф)
АО «Тываэнерго» АО "Тываэнерго" 486 - 128
АО «Чеченэнерго» АО «Чеченэнерго» -4 079 47
Россети Волга Мордовэнерго -3 530 -93
Оренбургэнерго -13 669 - 135
Пензаэнерго -8 434 -67
Самарские РС -16 427 -1 202
Саратовские РС -16 583 - 569
Ульяновские РС -6 101 - 216
Чувашэнерго -5 275 152
Россети Кубань Кубаньэнерго -64 770 599
Россети Ленэнерго (ГК) Ленинградская область -36 803 1 111
г. Санкт-Петербург -51 373 - 108
Россети Московский регион Московская область 5 429 - 877
г. Москва 4 012 10
Россети Северный Кавказ (ГК) Дагестанская энергосбытовая компания - 111 69
Дагэнерго -8 053 589
Ингушэнерго -1 797 137
Каббалкэнерго -3 286 70
Карачаево-Черкесскэнерго -2 129 13
Севкавказэнерго -3 775 172
Ставропольэнерго -10 373 - 198
Россети Северо-Запад Архангельский филиал 74 - 112
Вологодский филиал 277 8
Карельский филиал -91 186
Мурманский филиал 102 46
Новгородский филиал 227 -48
Псковский филиал 151 -15
филиал в Республике Коми -63 41
Россети Сибирь (ГК) Алтайэнерго 332 333
Бурятэнерго - 119 329
ГАЭС 153 -21
Красноярскэнерго 1 368 - 676
Кузбассэнерго-РЭС - 461 932
Омскэнерго 188 -70
Хакасэнерго 422 - 442
Читаэнерго -77 206
Россети Томск Томская распределительная компания -8 299 - 146
Россети Тюмень Россети Тюмень -82 026 - 638
Россети Урал (ГК) Пермэнерго 669 - 246
Свердловэнерго 964 315
Челябэнерго 1 045 - 720
Россети ФСК ЕЭС Итого по ФСК ЕЭС 10 513 -6 868
Россети Центр Белгородэнерго 347 138
Брянскэнерго -5 765 17
Воронежэнерго -15 652 167
Костромаэнерго 127 -11
Курскэнерго -2 510 157
Липецкэнерго 853 - 381
Орелэнерго -4 613 -57
Смоленскэнерго -8 540 48
Тамбовэнерго -6 716 -12
Тверьэнерго 376 192
Ярэнерго -6 276 95
Россети Центр и Приволжье (ГК) Владимирэнерго 574 64
Ивэнерго 201 62
Калугаэнерго 706 -61
Кировэнерго 511 30
Мариэнерго 189 23
Нижновэнерго 849 359
Рязаньэнерго 229 70
Тулэнерго 877 - 292
Удмуртэнерго 401 20
Россети Юг (ГК) АО «ВМЭС» -4 225 59
Астраханьэнерго -6 426 68
Волгоградэнерго -11 043 - 400
Калмэнерго -1 859 -2
Ростовэнерго -22 464 75
Россети Янтарь Россети Янтарь 419 -47'

15-01-2025T10:07:29 - [MESSAGE][PASSED] - Text of object 'Object Repository/Факторный анализ/AllTable1' is: 'ДЗО
Филиал
Отклонение (объём услуг)
Отклонение (средний тариф)
АО «Тываэнерго» АО "Тываэнерго" 486 - 128
АО «Чеченэнерго» АО «Чеченэнерго» -4 079 47
Россети Волга Мордовэнерго -3 530 -93
Оренбургэнерго -13 669 - 135
Пензаэнерго -8 434 -67
Самарские РС -16 427 -1 202
Саратовские РС -16 583 - 569
Ульяновские РС -6 101 - 216
Чувашэнерго -5 275 152
Россети Кубань Кубаньэнерго -64 770 599
Россети Ленэнерго (ГК) Ленинградская область -36 803 1 111
г. Санкт-Петербург -51 373 - 108
Россети Московский регион Московская область 5 429 - 877
г. Москва 4 012 10
Россети Северный Кавказ (ГК) Дагестанская энергосбытовая компания - 111 69
Дагэнерго -8 053 589
Ингушэнерго -1 797 137
Каббалкэнерго -3 286 70
Карачаево-Черкесскэнерго -2 129 13
Севкавказэнерго -3 775 172
Ставропольэнерго -10 373 - 198
Россети Северо-Запад Архангельский филиал 74 - 112
Вологодский филиал 277 8
Карельский филиал -91 186
Мурманский филиал 102 46
Новгородский филиал 227 -48
Псковский филиал 151 -15
филиал в Республике Коми -63 41
Россети Сибирь (ГК) Алтайэнерго 332 333
Бурятэнерго - 119 329
ГАЭС 153 -21
Красноярскэнерго 1 368 - 676
Кузбассэнерго-РЭС - 461 932
Омскэнерго 188 -70
Хакасэнерго 422 - 442
Читаэнерго -77 206
Россети Томск Томская распределительная компания -8 299 - 146
Россети Тюмень Россети Тюмень -82 026 - 638
Россети Урал (ГК) Пермэнерго 669 - 246
Свердловэнерго 964 315
Челябэнерго 1 045 - 720
Россети ФСК ЕЭС Итого по ФСК ЕЭС 10 513 -6 868
Россети Центр Белгородэнерго 347 138
Брянскэнерго -5 765 17
Воронежэнерго -15 652 167
Костромаэнерго 127 -11
Курскэнерго -2 510 157
Липецкэнерго 853 - 381
Орелэнерго -4 613 -57
Смоленскэнерго -8 540 48
Тамбовэнерго -6 716 -12
Тверьэнерго 376 192
Ярэнерго -6 276 95
Россети Центр и Приволжье (ГК) Владимирэнерго 574 64
Ивэнерго 201 62
Калугаэнерго 706 -61
Кировэнерго 511 30
Мариэнерго 189 23
Нижновэнерго 849 359
Рязаньэнерго 229 70
Тулэнерго 877 - 292
Удмуртэнерго 401 20
Россети Юг (ГК) АО «ВМЭС» -4 225 59
Астраханьэнерго -6 426 68
Волгоградэнерго -11 043 - 400
Калмэнерго -1 859 -2
Ростовэнерго -22 464 75
Россети Янтарь Россети Янтарь 419 -47'

15-01-2025T10:07:29 - [TEST_STEP][PASSED] - println("tableA: " + tableA): null

15-01-2025T10:07:29 - [TEST_STEP][PASSED] - for ([i = 1, i < 5, (i++)]): null

15-01-2025T10:07:29 - [TEST_STEP][PASSED] - ii = tableA.indexOf("/") + 1: null

15-01-2025T10:07:29 - [TEST_STEP][PASSED] - tableA = tableA.substring(ii, tableA.length()): null

15-01-2025T10:07:29 - [TEST_STEP][PASSED] - ii = tableA.indexOf("/") + 1: null

15-01-2025T10:07:29 - [TEST_STEP][PASSED] - tableA = tableA.substring(ii, tableA.length()): null

15-01-2025T10:07:29 - [TEST_STEP][PASSED] - ii = tableA.indexOf("/") + 1: null

15-01-2025T10:07:29 - [TEST_STEP][PASSED] - tableA = tableA.substring(ii, tableA.length()): null

15-01-2025T10:07:29 - [TEST_STEP][PASSED] - ii = tableA.indexOf("/") + 1: null

15-01-2025T10:07:29 - [TEST_STEP][PASSED] - tableA = tableA.substring(ii, tableA.length()): null

15-01-2025T10:07:29 - [TEST_STEP][PASSED] - println("tableA: " + tableA): null

15-01-2025T10:07:29 - [TEST_STEP][PASSED] - TyA = Script1719551244403.GetData(x = tableA): null

15-01-2025T10:07:29 - [TEST_STEP][PASSED] - i2 = <not implemented yet for class: org.codehaus.groovy.ast.expr.EmptyExpression>: null

15-01-2025T10:07:29 - [TEST_STEP][PASSED] - i2 = x.indexOf("/") + 1: null

15-01-2025T10:07:29 - [TEST_STEP][PASSED] - x = replaceAll("\p{P}", "").trim(): null

15-01-2025T10:07:29 - [TEST_STEP][PASSED] - return x: null

15-01-2025T10:07:29 - [TEST_STEP][PASSED] - println("TyA: " + TyA): null

15-01-2025T10:07:29 - [TEST_STEP][PASSED] - tableA = Script1719551244403.NewDZO(x = tableA): null

15-01-2025T10:07:29 - [TEST_STEP][PASSED] - i3 = <not implemented yet for class: org.codehaus.groovy.ast.expr.EmptyExpression>: null

15-01-2025T10:07:29 - [TEST_STEP][PASSED] - i3 = x.indexOf("/") + 1: null

15-01-2025T10:07:29 - [TEST_STEP][PASSED] - x = x.substring(i3, x.length()): null

15-01-2025T10:07:29 - [TEST_STEP][PASSED] - return x: null

15-01-2025T10:07:29 - [TEST_STEP][PASSED] - ChA = Script1719551244403.GetData(x = tableA): null

15-01-2025T10:07:29 - [TEST_STEP][PASSED] - i2 = <not implemented yet for class: org.codehaus.groovy.ast.expr.EmptyExpression>: null

15-01-2025T10:07:29 - [TEST_STEP][PASSED] - i2 = x.indexOf("/") + 1: null

15-01-2025T10:07:29 - [TEST_STEP][PASSED] - x = replaceAll("\p{P}", "").trim(): null

15-01-2025T10:07:29 - [TEST_STEP][PASSED] - return x: null

15-01-2025T10:07:29 - [TEST_STEP][PASSED] - println("ChA: " + ChA): null

15-01-2025T10:07:29 - [TEST_STEP][PASSED] - tableA = Script1719551244403.NewDZO(x = tableA): null

15-01-2025T10:07:29 - [TEST_STEP][PASSED] - i3 = <not implemented yet for class: org.codehaus.groovy.ast.expr.EmptyExpression>: null

15-01-2025T10:07:29 - [TEST_STEP][PASSED] - i3 = x.indexOf("/") + 1: null

15-01-2025T10:07:29 - [TEST_STEP][PASSED] - x = x.substring(i3, x.length()): null

15-01-2025T10:07:29 - [TEST_STEP][PASSED] - return x: null

15-01-2025T10:07:29 - [TEST_STEP][PASSED] - i = tableA.indexOf("Кубань"): null

15-01-2025T10:07:29 - [TEST_STEP][PASSED] - VA = replaceAll("\p{P}", "").trim(): null

15-01-2025T10:07:29 - [TEST_STEP][PASSED] - println("VA: " + VA): null

15-01-2025T10:07:29 - [TEST_STEP][PASSED] - for ([i = 1, i < 8, (i++)]): null

15-01-2025T10:07:29 - [TEST_STEP][PASSED] - tableA = Script1719551244403.NewDZO(x = tableA): null

15-01-2025T10:07:29 - [TEST_STEP][PASSED] - i3 = <not implemented yet for class: org.codehaus.groovy.ast.expr.EmptyExpression>: null

15-01-2025T10:07:29 - [TEST_STEP][PASSED] - i3 = x.indexOf("/") + 1: null

15-01-2025T10:07:29 - [TEST_STEP][PASSED] - x = x.substring(i3, x.length()): null

15-01-2025T10:07:29 - [TEST_STEP][PASSED] - return x: null

15-01-2025T10:07:29 - [TEST_STEP][PASSED] - tableA = Script1719551244403.NewDZO(x = tableA): null

15-01-2025T10:07:29 - [TEST_STEP][PASSED] - i3 = <not implemented yet for class: org.codehaus.groovy.ast.expr.EmptyExpression>: null

15-01-2025T10:07:29 - [TEST_STEP][PASSED] - i3 = x.indexOf("/") + 1: null

15-01-2025T10:07:29 - [TEST_STEP][PASSED] - x = x.substring(i3, x.length()): null

15-01-2025T10:07:29 - [TEST_STEP][PASSED] - return x: null

15-01-2025T10:07:29 - [TEST_STEP][PASSED] - tableA = Script1719551244403.NewDZO(x = tableA): null

15-01-2025T10:07:29 - [TEST_STEP][PASSED] - i3 = <not implemented yet for class: org.codehaus.groovy.ast.expr.EmptyExpression>: null

15-01-2025T10:07:29 - [TEST_STEP][PASSED] - i3 = x.indexOf("/") + 1: null

15-01-2025T10:07:29 - [TEST_STEP][PASSED] - x = x.substring(i3, x.length()): null

15-01-2025T10:07:29 - [TEST_STEP][PASSED] - return x: null

15-01-2025T10:07:29 - [TEST_STEP][PASSED] - tableA = Script1719551244403.NewDZO(x = tableA): null

15-01-2025T10:07:29 - [TEST_STEP][PASSED] - i3 = <not implemented yet for class: org.codehaus.groovy.ast.expr.EmptyExpression>: null

15-01-2025T10:07:29 - [TEST_STEP][PASSED] - i3 = x.indexOf("/") + 1: null

15-01-2025T10:07:29 - [TEST_STEP][PASSED] - x = x.substring(i3, x.length()): null

15-01-2025T10:07:29 - [TEST_STEP][PASSED] - return x: null

15-01-2025T10:07:29 - [TEST_STEP][PASSED] - tableA = Script1719551244403.NewDZO(x = tableA): null

15-01-2025T10:07:29 - [TEST_STEP][PASSED] - i3 = <not implemented yet for class: org.codehaus.groovy.ast.expr.EmptyExpression>: null

15-01-2025T10:07:29 - [TEST_STEP][PASSED] - i3 = x.indexOf("/") + 1: null

15-01-2025T10:07:29 - [TEST_STEP][PASSED] - x = x.substring(i3, x.length()): null

15-01-2025T10:07:29 - [TEST_STEP][PASSED] - return x: null

15-01-2025T10:07:29 - [TEST_STEP][PASSED] - tableA = Script1719551244403.NewDZO(x = tableA): null

15-01-2025T10:07:29 - [TEST_STEP][PASSED] - i3 = <not implemented yet for class: org.codehaus.groovy.ast.expr.EmptyExpression>: null

15-01-2025T10:07:29 - [TEST_STEP][PASSED] - i3 = x.indexOf("/") + 1: null

15-01-2025T10:07:29 - [TEST_STEP][PASSED] - x = x.substring(i3, x.length()): null

15-01-2025T10:07:29 - [TEST_STEP][PASSED] - return x: null

15-01-2025T10:07:29 - [TEST_STEP][PASSED] - tableA = Script1719551244403.NewDZO(x = tableA): null

15-01-2025T10:07:29 - [TEST_STEP][PASSED] - i3 = <not implemented yet for class: org.codehaus.groovy.ast.expr.EmptyExpression>: null

15-01-2025T10:07:29 - [TEST_STEP][PASSED] - i3 = x.indexOf("/") + 1: null

15-01-2025T10:07:29 - [TEST_STEP][PASSED] - x = x.substring(i3, x.length()): null

15-01-2025T10:07:29 - [TEST_STEP][PASSED] - return x: null

15-01-2025T10:07:29 - [TEST_STEP][PASSED] - i = tableA.indexOf("Ленэнерго"): null

15-01-2025T10:07:29 - [TEST_STEP][PASSED] - KuA = Script1719551244403.GetData(x = tableA): null

15-01-2025T10:07:29 - [TEST_STEP][PASSED] - i2 = <not implemented yet for class: org.codehaus.groovy.ast.expr.EmptyExpression>: null

15-01-2025T10:07:29 - [TEST_STEP][PASSED] - i2 = x.indexOf("/") + 1: null

15-01-2025T10:07:29 - [TEST_STEP][PASSED] - x = replaceAll("\p{P}", "").trim(): null

15-01-2025T10:07:29 - [TEST_STEP][PASSED] - return x: null

15-01-2025T10:07:29 - [TEST_STEP][PASSED] - println("KuA: " + KuA): null

15-01-2025T10:07:29 - [TEST_STEP][PASSED] - tableA = Script1719551244403.NewDZO(x = tableA): null

15-01-2025T10:07:29 - [TEST_STEP][PASSED] - i3 = <not implemented yet for class: org.codehaus.groovy.ast.expr.EmptyExpression>: null

15-01-2025T10:07:29 - [TEST_STEP][PASSED] - i3 = x.indexOf("/") + 1: null

15-01-2025T10:07:29 - [TEST_STEP][PASSED] - x = x.substring(i3, x.length()): null

15-01-2025T10:07:29 - [TEST_STEP][PASSED] - return x: null

15-01-2025T10:07:29 - [TEST_STEP][PASSED] - i = tableA.indexOf("Московский"): null

15-01-2025T10:07:29 - [TEST_STEP][PASSED] - LenA = replaceAll("\p{P}", "").trim(): null

15-01-2025T10:07:29 - [TEST_STEP][PASSED] - println("LenA: " + LenA): null

15-01-2025T10:07:29 - [TEST_STEP][PASSED] - tableA = Script1719551244403.NewDZO(x = tableA): null

15-01-2025T10:07:29 - [TEST_STEP][PASSED] - i3 = <not implemented yet for class: org.codehaus.groovy.ast.expr.EmptyExpression>: null

15-01-2025T10:07:29 - [TEST_STEP][PASSED] - i3 = x.indexOf("/") + 1: null

15-01-2025T10:07:29 - [TEST_STEP][PASSED] - x = x.substring(i3, x.length()): null

15-01-2025T10:07:29 - [TEST_STEP][PASSED] - return x: null

15-01-2025T10:07:29 - [TEST_STEP][PASSED] - tableA = Script1719551244403.NewDZO(x = tableA): null

15-01-2025T10:07:29 - [TEST_STEP][PASSED] - i3 = <not implemented yet for class: org.codehaus.groovy.ast.expr.EmptyExpression>: null

15-01-2025T10:07:29 - [TEST_STEP][PASSED] - i3 = x.indexOf("/") + 1: null

15-01-2025T10:07:29 - [TEST_STEP][PASSED] - x = x.substring(i3, x.length()): null

15-01-2025T10:07:29 - [TEST_STEP][PASSED] - return x: null

15-01-2025T10:07:29 - [TEST_STEP][PASSED] - i = tableA.indexOf("Кавказ"): null

15-01-2025T10:07:29 - [TEST_STEP][PASSED] - MosA = replaceAll("\p{P}", "").trim(): null

15-01-2025T10:07:29 - [TEST_STEP][PASSED] - println("MosA: " + MosA): null

15-01-2025T10:07:29 - [TEST_STEP][PASSED] - for ([i = 1, i < 3, (i++)]): null

15-01-2025T10:07:29 - [TEST_STEP][PASSED] - tableA = Script1719551244403.NewDZO(x = tableA): null

15-01-2025T10:07:29 - [TEST_STEP][PASSED] - i3 = <not implemented yet for class: org.codehaus.groovy.ast.expr.EmptyExpression>: null

15-01-2025T10:07:29 - [TEST_STEP][PASSED] - i3 = x.indexOf("/") + 1: null

15-01-2025T10:07:29 - [TEST_STEP][PASSED] - x = x.substring(i3, x.length()): null

15-01-2025T10:07:29 - [TEST_STEP][PASSED] - return x: null

15-01-2025T10:07:29 - [TEST_STEP][PASSED] - tableA = Script1719551244403.NewDZO(x = tableA): null

15-01-2025T10:07:29 - [TEST_STEP][PASSED] - i3 = <not implemented yet for class: org.codehaus.groovy.ast.expr.EmptyExpression>: null

15-01-2025T10:07:29 - [TEST_STEP][PASSED] - i3 = x.indexOf("/") + 1: null

15-01-2025T10:07:29 - [TEST_STEP][PASSED] - x = x.substring(i3, x.length()): null

15-01-2025T10:07:29 - [TEST_STEP][PASSED] - return x: null

15-01-2025T10:07:29 - [TEST_STEP][PASSED] - i = tableA.indexOf("Запад"): null

15-01-2025T10:07:29 - [TEST_STEP][PASSED] - SKA = replaceAll("\p{P}", "").trim(): null

15-01-2025T10:07:29 - [TEST_STEP][PASSED] - println("SKA: " + SKA): null

15-01-2025T10:07:29 - [TEST_STEP][PASSED] - for ([i = 1, i < 7, (i++)]): null

15-01-2025T10:07:29 - [TEST_STEP][PASSED] - tableA = Script1719551244403.NewDZO(x = tableA): null

15-01-2025T10:07:29 - [TEST_STEP][PASSED] - i3 = <not implemented yet for class: org.codehaus.groovy.ast.expr.EmptyExpression>: null

15-01-2025T10:07:29 - [TEST_STEP][PASSED] - i3 = x.indexOf("/") + 1: null

15-01-2025T10:07:29 - [TEST_STEP][PASSED] - x = x.substring(i3, x.length()): null

15-01-2025T10:07:29 - [TEST_STEP][PASSED] - return x: null

15-01-2025T10:07:29 - [TEST_STEP][PASSED] - tableA = Script1719551244403.NewDZO(x = tableA): null

15-01-2025T10:07:29 - [TEST_STEP][PASSED] - i3 = <not implemented yet for class: org.codehaus.groovy.ast.expr.EmptyExpression>: null

15-01-2025T10:07:29 - [TEST_STEP][PASSED] - i3 = x.indexOf("/") + 1: null

15-01-2025T10:07:29 - [TEST_STEP][PASSED] - x = x.substring(i3, x.length()): null

15-01-2025T10:07:29 - [TEST_STEP][PASSED] - return x: null

15-01-2025T10:07:29 - [TEST_STEP][PASSED] - tableA = Script1719551244403.NewDZO(x = tableA): null

15-01-2025T10:07:29 - [TEST_STEP][PASSED] - i3 = <not implemented yet for class: org.codehaus.groovy.ast.expr.EmptyExpression>: null

15-01-2025T10:07:29 - [TEST_STEP][PASSED] - i3 = x.indexOf("/") + 1: null

15-01-2025T10:07:29 - [TEST_STEP][PASSED] - x = x.substring(i3, x.length()): null

15-01-2025T10:07:29 - [TEST_STEP][PASSED] - return x: null

15-01-2025T10:07:29 - [TEST_STEP][PASSED] - tableA = Script1719551244403.NewDZO(x = tableA): null

15-01-2025T10:07:29 - [TEST_STEP][PASSED] - i3 = <not implemented yet for class: org.codehaus.groovy.ast.expr.EmptyExpression>: null

15-01-2025T10:07:29 - [TEST_STEP][PASSED] - i3 = x.indexOf("/") + 1: null

15-01-2025T10:07:29 - [TEST_STEP][PASSED] - x = x.substring(i3, x.length()): null

15-01-2025T10:07:29 - [TEST_STEP][PASSED] - return x: null

15-01-2025T10:07:29 - [TEST_STEP][PASSED] - tableA = Script1719551244403.NewDZO(x = tableA): null

15-01-2025T10:07:29 - [TEST_STEP][PASSED] - i3 = <not implemented yet for class: org.codehaus.groovy.ast.expr.EmptyExpression>: null

15-01-2025T10:07:29 - [TEST_STEP][PASSED] - i3 = x.indexOf("/") + 1: null

15-01-2025T10:07:29 - [TEST_STEP][PASSED] - x = x.substring(i3, x.length()): null

15-01-2025T10:07:29 - [TEST_STEP][PASSED] - return x: null

15-01-2025T10:07:29 - [TEST_STEP][PASSED] - tableA = Script1719551244403.NewDZO(x = tableA): null

15-01-2025T10:07:29 - [TEST_STEP][PASSED] - i3 = <not implemented yet for class: org.codehaus.groovy.ast.expr.EmptyExpression>: null

15-01-2025T10:07:29 - [TEST_STEP][PASSED] - i3 = x.indexOf("/") + 1: null

15-01-2025T10:07:29 - [TEST_STEP][PASSED] - x = x.substring(i3, x.length()): null

15-01-2025T10:07:29 - [TEST_STEP][PASSED] - return x: null

15-01-2025T10:07:29 - [TEST_STEP][PASSED] - i = tableA.indexOf("Сибирь"): null

15-01-2025T10:07:29 - [TEST_STEP][PASSED] - SZA = replaceAll("\p{P}", "").trim(): null

15-01-2025T10:07:29 - [TEST_STEP][PASSED] - println("SZA: " + SZA): null

15-01-2025T10:07:29 - [TEST_STEP][PASSED] - for ([i = 1, i < 8, (i++)]): null

15-01-2025T10:07:29 - [TEST_STEP][PASSED] - tableA = Script1719551244403.NewDZO(x = tableA): null

15-01-2025T10:07:29 - [TEST_STEP][PASSED] - i3 = <not implemented yet for class: org.codehaus.groovy.ast.expr.EmptyExpression>: null

15-01-2025T10:07:29 - [TEST_STEP][PASSED] - i3 = x.indexOf("/") + 1: null

15-01-2025T10:07:29 - [TEST_STEP][PASSED] - x = x.substring(i3, x.length()): null

15-01-2025T10:07:29 - [TEST_STEP][PASSED] - return x: null

15-01-2025T10:07:29 - [TEST_STEP][PASSED] - tableA = Script1719551244403.NewDZO(x = tableA): null

15-01-2025T10:07:29 - [TEST_STEP][PASSED] - i3 = <not implemented yet for class: org.codehaus.groovy.ast.expr.EmptyExpression>: null

15-01-2025T10:07:29 - [TEST_STEP][PASSED] - i3 = x.indexOf("/") + 1: null

15-01-2025T10:07:29 - [TEST_STEP][PASSED] - x = x.substring(i3, x.length()): null

15-01-2025T10:07:29 - [TEST_STEP][PASSED] - return x: null

15-01-2025T10:07:29 - [TEST_STEP][PASSED] - tableA = Script1719551244403.NewDZO(x = tableA): null

15-01-2025T10:07:29 - [TEST_STEP][PASSED] - i3 = <not implemented yet for class: org.codehaus.groovy.ast.expr.EmptyExpression>: null

15-01-2025T10:07:29 - [TEST_STEP][PASSED] - i3 = x.indexOf("/") + 1: null

15-01-2025T10:07:29 - [TEST_STEP][PASSED] - x = x.substring(i3, x.length()): null

15-01-2025T10:07:29 - [TEST_STEP][PASSED] - return x: null

15-01-2025T10:07:29 - [TEST_STEP][PASSED] - tableA = Script1719551244403.NewDZO(x = tableA): null

15-01-2025T10:07:29 - [TEST_STEP][PASSED] - i3 = <not implemented yet for class: org.codehaus.groovy.ast.expr.EmptyExpression>: null

15-01-2025T10:07:29 - [TEST_STEP][PASSED] - i3 = x.indexOf("/") + 1: null

15-01-2025T10:07:29 - [TEST_STEP][PASSED] - x = x.substring(i3, x.length()): null

15-01-2025T10:07:29 - [TEST_STEP][PASSED] - return x: null

15-01-2025T10:07:29 - [TEST_STEP][PASSED] - tableA = Script1719551244403.NewDZO(x = tableA): null

15-01-2025T10:07:29 - [TEST_STEP][PASSED] - i3 = <not implemented yet for class: org.codehaus.groovy.ast.expr.EmptyExpression>: null

15-01-2025T10:07:29 - [TEST_STEP][PASSED] - i3 = x.indexOf("/") + 1: null

15-01-2025T10:07:29 - [TEST_STEP][PASSED] - x = x.substring(i3, x.length()): null

15-01-2025T10:07:29 - [TEST_STEP][PASSED] - return x: null

15-01-2025T10:07:29 - [TEST_STEP][PASSED] - tableA = Script1719551244403.NewDZO(x = tableA): null

15-01-2025T10:07:29 - [TEST_STEP][PASSED] - i3 = <not implemented yet for class: org.codehaus.groovy.ast.expr.EmptyExpression>: null

15-01-2025T10:07:29 - [TEST_STEP][PASSED] - i3 = x.indexOf("/") + 1: null

15-01-2025T10:07:29 - [TEST_STEP][PASSED] - x = x.substring(i3, x.length()): null

15-01-2025T10:07:29 - [TEST_STEP][PASSED] - return x: null

15-01-2025T10:07:29 - [TEST_STEP][PASSED] - tableA = Script1719551244403.NewDZO(x = tableA): null

15-01-2025T10:07:29 - [TEST_STEP][PASSED] - i3 = <not implemented yet for class: org.codehaus.groovy.ast.expr.EmptyExpression>: null

15-01-2025T10:07:29 - [TEST_STEP][PASSED] - i3 = x.indexOf("/") + 1: null

15-01-2025T10:07:29 - [TEST_STEP][PASSED] - x = x.substring(i3, x.length()): null

15-01-2025T10:07:29 - [TEST_STEP][PASSED] - return x: null

15-01-2025T10:07:29 - [TEST_STEP][PASSED] - i = tableA.indexOf("Томск"): null

15-01-2025T10:07:29 - [TEST_STEP][PASSED] - SiA = replaceAll("\p{P}", "").trim(): null

15-01-2025T10:07:29 - [TEST_STEP][PASSED] - println("SiA: " + SiA): null

15-01-2025T10:07:29 - [TEST_STEP][PASSED] - for ([i = 1, i < 9, (i++)]): null

15-01-2025T10:07:29 - [TEST_STEP][PASSED] - tableA = Script1719551244403.NewDZO(x = tableA): null

15-01-2025T10:07:29 - [TEST_STEP][PASSED] - i3 = <not implemented yet for class: org.codehaus.groovy.ast.expr.EmptyExpression>: null

15-01-2025T10:07:29 - [TEST_STEP][PASSED] - i3 = x.indexOf("/") + 1: null

15-01-2025T10:07:29 - [TEST_STEP][PASSED] - x = x.substring(i3, x.length()): null

15-01-2025T10:07:29 - [TEST_STEP][PASSED] - return x: null

15-01-2025T10:07:29 - [TEST_STEP][PASSED] - tableA = Script1719551244403.NewDZO(x = tableA): null

15-01-2025T10:07:29 - [TEST_STEP][PASSED] - i3 = <not implemented yet for class: org.codehaus.groovy.ast.expr.EmptyExpression>: null

15-01-2025T10:07:29 - [TEST_STEP][PASSED] - i3 = x.indexOf("/") + 1: null

15-01-2025T10:07:29 - [TEST_STEP][PASSED] - x = x.substring(i3, x.length()): null

15-01-2025T10:07:29 - [TEST_STEP][PASSED] - return x: null

15-01-2025T10:07:29 - [TEST_STEP][PASSED] - tableA = Script1719551244403.NewDZO(x = tableA): null

15-01-2025T10:07:29 - [TEST_STEP][PASSED] - i3 = <not implemented yet for class: org.codehaus.groovy.ast.expr.EmptyExpression>: null

15-01-2025T10:07:29 - [TEST_STEP][PASSED] - i3 = x.indexOf("/") + 1: null

15-01-2025T10:07:29 - [TEST_STEP][PASSED] - x = x.substring(i3, x.length()): null

15-01-2025T10:07:29 - [TEST_STEP][PASSED] - return x: null

15-01-2025T10:07:29 - [TEST_STEP][PASSED] - tableA = Script1719551244403.NewDZO(x = tableA): null

15-01-2025T10:07:29 - [TEST_STEP][PASSED] - i3 = <not implemented yet for class: org.codehaus.groovy.ast.expr.EmptyExpression>: null

15-01-2025T10:07:29 - [TEST_STEP][PASSED] - i3 = x.indexOf("/") + 1: null

15-01-2025T10:07:29 - [TEST_STEP][PASSED] - x = x.substring(i3, x.length()): null

15-01-2025T10:07:29 - [TEST_STEP][PASSED] - return x: null

15-01-2025T10:07:29 - [TEST_STEP][PASSED] - tableA = Script1719551244403.NewDZO(x = tableA): null

15-01-2025T10:07:29 - [TEST_STEP][PASSED] - i3 = <not implemented yet for class: org.codehaus.groovy.ast.expr.EmptyExpression>: null

15-01-2025T10:07:29 - [TEST_STEP][PASSED] - i3 = x.indexOf("/") + 1: null

15-01-2025T10:07:29 - [TEST_STEP][PASSED] - x = x.substring(i3, x.length()): null

15-01-2025T10:07:29 - [TEST_STEP][PASSED] - return x: null

15-01-2025T10:07:29 - [TEST_STEP][PASSED] - tableA = Script1719551244403.NewDZO(x = tableA): null

15-01-2025T10:07:29 - [TEST_STEP][PASSED] - i3 = <not implemented yet for class: org.codehaus.groovy.ast.expr.EmptyExpression>: null

15-01-2025T10:07:29 - [TEST_STEP][PASSED] - i3 = x.indexOf("/") + 1: null

15-01-2025T10:07:29 - [TEST_STEP][PASSED] - x = x.substring(i3, x.length()): null

15-01-2025T10:07:29 - [TEST_STEP][PASSED] - return x: null

15-01-2025T10:07:29 - [TEST_STEP][PASSED] - tableA = Script1719551244403.NewDZO(x = tableA): null

15-01-2025T10:07:29 - [TEST_STEP][PASSED] - i3 = <not implemented yet for class: org.codehaus.groovy.ast.expr.EmptyExpression>: null

15-01-2025T10:07:29 - [TEST_STEP][PASSED] - i3 = x.indexOf("/") + 1: null

15-01-2025T10:07:29 - [TEST_STEP][PASSED] - x = x.substring(i3, x.length()): null

15-01-2025T10:07:29 - [TEST_STEP][PASSED] - return x: null

15-01-2025T10:07:29 - [TEST_STEP][PASSED] - tableA = Script1719551244403.NewDZO(x = tableA): null

15-01-2025T10:07:29 - [TEST_STEP][PASSED] - i3 = <not implemented yet for class: org.codehaus.groovy.ast.expr.EmptyExpression>: null

15-01-2025T10:07:29 - [TEST_STEP][PASSED] - i3 = x.indexOf("/") + 1: null

15-01-2025T10:07:29 - [TEST_STEP][PASSED] - x = x.substring(i3, x.length()): null

15-01-2025T10:07:29 - [TEST_STEP][PASSED] - return x: null

15-01-2025T10:07:29 - [TEST_STEP][PASSED] - i = tableA.indexOf("Тюмень"): null

15-01-2025T10:07:29 - [TEST_STEP][PASSED] - ToA = replaceAll("\p{P}", "").trim(): null

15-01-2025T10:07:29 - [TEST_STEP][PASSED] - println("ToA: " + ToA): null

15-01-2025T10:07:29 - [TEST_STEP][PASSED] - tableA = Script1719551244403.NewDZO(x = tableA): null

15-01-2025T10:07:29 - [TEST_STEP][PASSED] - i3 = <not implemented yet for class: org.codehaus.groovy.ast.expr.EmptyExpression>: null

15-01-2025T10:07:29 - [TEST_STEP][PASSED] - i3 = x.indexOf("/") + 1: null

15-01-2025T10:07:29 - [TEST_STEP][PASSED] - x = x.substring(i3, x.length()): null

15-01-2025T10:07:29 - [TEST_STEP][PASSED] - return x: null

15-01-2025T10:07:29 - [TEST_STEP][PASSED] - TyuA = replaceAll("\p{P}", "").trim(): null

15-01-2025T10:07:29 - [TEST_STEP][PASSED] - println("TyuA: " + TyuA): null

15-01-2025T10:07:29 - [TEST_STEP][PASSED] - tableA = Script1719551244403.NewDZO(x = tableA): null

15-01-2025T10:07:29 - [TEST_STEP][PASSED] - i3 = <not implemented yet for class: org.codehaus.groovy.ast.expr.EmptyExpression>: null

15-01-2025T10:07:29 - [TEST_STEP][PASSED] - i3 = x.indexOf("/") + 1: null

15-01-2025T10:07:29 - [TEST_STEP][PASSED] - x = x.substring(i3, x.length()): null

15-01-2025T10:07:29 - [TEST_STEP][PASSED] - return x: null

15-01-2025T10:07:29 - [TEST_STEP][PASSED] - i = tableA.indexOf("ЕЭС"): null

15-01-2025T10:07:29 - [TEST_STEP][PASSED] - UrA = replaceAll("\p{P}", "").trim(): null

15-01-2025T10:07:29 - [TEST_STEP][PASSED] - println("UrA: " + UrA): null

15-01-2025T10:07:29 - [TEST_STEP][PASSED] - for ([i = 1, i < 4, (i++)]): null

15-01-2025T10:07:29 - [TEST_STEP][PASSED] - tableA = Script1719551244403.NewDZO(x = tableA): null

15-01-2025T10:07:29 - [TEST_STEP][PASSED] - i3 = <not implemented yet for class: org.codehaus.groovy.ast.expr.EmptyExpression>: null

15-01-2025T10:07:29 - [TEST_STEP][PASSED] - i3 = x.indexOf("/") + 1: null

15-01-2025T10:07:29 - [TEST_STEP][PASSED] - x = x.substring(i3, x.length()): null

15-01-2025T10:07:29 - [TEST_STEP][PASSED] - return x: null

15-01-2025T10:07:29 - [TEST_STEP][PASSED] - tableA = Script1719551244403.NewDZO(x = tableA): null

15-01-2025T10:07:29 - [TEST_STEP][PASSED] - i3 = <not implemented yet for class: org.codehaus.groovy.ast.expr.EmptyExpression>: null

15-01-2025T10:07:29 - [TEST_STEP][PASSED] - i3 = x.indexOf("/") + 1: null

15-01-2025T10:07:29 - [TEST_STEP][PASSED] - x = x.substring(i3, x.length()): null

15-01-2025T10:07:29 - [TEST_STEP][PASSED] - return x: null

15-01-2025T10:07:29 - [TEST_STEP][PASSED] - tableA = Script1719551244403.NewDZO(x = tableA): null

15-01-2025T10:07:29 - [TEST_STEP][PASSED] - i3 = <not implemented yet for class: org.codehaus.groovy.ast.expr.EmptyExpression>: null

15-01-2025T10:07:29 - [TEST_STEP][PASSED] - i3 = x.indexOf("/") + 1: null

15-01-2025T10:07:29 - [TEST_STEP][PASSED] - x = x.substring(i3, x.length()): null

15-01-2025T10:07:29 - [TEST_STEP][PASSED] - return x: null

15-01-2025T10:07:29 - [TEST_STEP][PASSED] - i = tableA.indexOf("Центр"): null

15-01-2025T10:07:29 - [TEST_STEP][PASSED] - FSKA = replaceAll("\p{P}", "").trim(): null

15-01-2025T10:07:29 - [TEST_STEP][PASSED] - println("FSKA: " + FSKA): null

15-01-2025T10:07:29 - [TEST_STEP][PASSED] - tableA = Script1719551244403.NewDZO(x = tableA): null

15-01-2025T10:07:29 - [TEST_STEP][PASSED] - i3 = <not implemented yet for class: org.codehaus.groovy.ast.expr.EmptyExpression>: null

15-01-2025T10:07:29 - [TEST_STEP][PASSED] - i3 = x.indexOf("/") + 1: null

15-01-2025T10:07:29 - [TEST_STEP][PASSED] - x = x.substring(i3, x.length()): null

15-01-2025T10:07:29 - [TEST_STEP][PASSED] - return x: null

15-01-2025T10:07:29 - [TEST_STEP][PASSED] - i = tableA.indexOf("Приволжье"): null

15-01-2025T10:07:29 - [TEST_STEP][PASSED] - CenA = replaceAll("\p{P}", "").trim(): null

15-01-2025T10:07:29 - [TEST_STEP][PASSED] - println("CenA: " + CenA): null

15-01-2025T10:07:29 - [TEST_STEP][PASSED] - for ([i = 1, i < 12, (i++)]): null

15-01-2025T10:07:29 - [TEST_STEP][PASSED] - tableA = Script1719551244403.NewDZO(x = tableA): null

15-01-2025T10:07:29 - [TEST_STEP][PASSED] - i3 = <not implemented yet for class: org.codehaus.groovy.ast.expr.EmptyExpression>: null

15-01-2025T10:07:29 - [TEST_STEP][PASSED] - i3 = x.indexOf("/") + 1: null

15-01-2025T10:07:29 - [TEST_STEP][PASSED] - x = x.substring(i3, x.length()): null

15-01-2025T10:07:29 - [TEST_STEP][PASSED] - return x: null

15-01-2025T10:07:29 - [TEST_STEP][PASSED] - tableA = Script1719551244403.NewDZO(x = tableA): null

15-01-2025T10:07:29 - [TEST_STEP][PASSED] - i3 = <not implemented yet for class: org.codehaus.groovy.ast.expr.EmptyExpression>: null

15-01-2025T10:07:29 - [TEST_STEP][PASSED] - i3 = x.indexOf("/") + 1: null

15-01-2025T10:07:29 - [TEST_STEP][PASSED] - x = x.substring(i3, x.length()): null

15-01-2025T10:07:29 - [TEST_STEP][PASSED] - return x: null

15-01-2025T10:07:29 - [TEST_STEP][PASSED] - tableA = Script1719551244403.NewDZO(x = tableA): null

15-01-2025T10:07:29 - [TEST_STEP][PASSED] - i3 = <not implemented yet for class: org.codehaus.groovy.ast.expr.EmptyExpression>: null

15-01-2025T10:07:29 - [TEST_STEP][PASSED] - i3 = x.indexOf("/") + 1: null

15-01-2025T10:07:29 - [TEST_STEP][PASSED] - x = x.substring(i3, x.length()): null

15-01-2025T10:07:29 - [TEST_STEP][PASSED] - return x: null

15-01-2025T10:07:29 - [TEST_STEP][PASSED] - tableA = Script1719551244403.NewDZO(x = tableA): null

15-01-2025T10:07:29 - [TEST_STEP][PASSED] - i3 = <not implemented yet for class: org.codehaus.groovy.ast.expr.EmptyExpression>: null

15-01-2025T10:07:29 - [TEST_STEP][PASSED] - i3 = x.indexOf("/") + 1: null

15-01-2025T10:07:29 - [TEST_STEP][PASSED] - x = x.substring(i3, x.length()): null

15-01-2025T10:07:29 - [TEST_STEP][PASSED] - return x: null

15-01-2025T10:07:29 - [TEST_STEP][PASSED] - tableA = Script1719551244403.NewDZO(x = tableA): null

15-01-2025T10:07:29 - [TEST_STEP][PASSED] - i3 = <not implemented yet for class: org.codehaus.groovy.ast.expr.EmptyExpression>: null

15-01-2025T10:07:29 - [TEST_STEP][PASSED] - i3 = x.indexOf("/") + 1: null

15-01-2025T10:07:29 - [TEST_STEP][PASSED] - x = x.substring(i3, x.length()): null

15-01-2025T10:07:29 - [TEST_STEP][PASSED] - return x: null

15-01-2025T10:07:29 - [TEST_STEP][PASSED] - tableA = Script1719551244403.NewDZO(x = tableA): null

15-01-2025T10:07:29 - [TEST_STEP][PASSED] - i3 = <not implemented yet for class: org.codehaus.groovy.ast.expr.EmptyExpression>: null

15-01-2025T10:07:29 - [TEST_STEP][PASSED] - i3 = x.indexOf("/") + 1: null

15-01-2025T10:07:29 - [TEST_STEP][PASSED] - x = x.substring(i3, x.length()): null

15-01-2025T10:07:29 - [TEST_STEP][PASSED] - return x: null

15-01-2025T10:07:29 - [TEST_STEP][PASSED] - tableA = Script1719551244403.NewDZO(x = tableA): null

15-01-2025T10:07:29 - [TEST_STEP][PASSED] - i3 = <not implemented yet for class: org.codehaus.groovy.ast.expr.EmptyExpression>: null

15-01-2025T10:07:29 - [TEST_STEP][PASSED] - i3 = x.indexOf("/") + 1: null

15-01-2025T10:07:29 - [TEST_STEP][PASSED] - x = x.substring(i3, x.length()): null

15-01-2025T10:07:29 - [TEST_STEP][PASSED] - return x: null

15-01-2025T10:07:29 - [TEST_STEP][PASSED] - tableA = Script1719551244403.NewDZO(x = tableA): null

15-01-2025T10:07:29 - [TEST_STEP][PASSED] - i3 = <not implemented yet for class: org.codehaus.groovy.ast.expr.EmptyExpression>: null

15-01-2025T10:07:29 - [TEST_STEP][PASSED] - i3 = x.indexOf("/") + 1: null

15-01-2025T10:07:29 - [TEST_STEP][PASSED] - x = x.substring(i3, x.length()): null

15-01-2025T10:07:29 - [TEST_STEP][PASSED] - return x: null

15-01-2025T10:07:29 - [TEST_STEP][PASSED] - tableA = Script1719551244403.NewDZO(x = tableA): null

15-01-2025T10:07:29 - [TEST_STEP][PASSED] - i3 = <not implemented yet for class: org.codehaus.groovy.ast.expr.EmptyExpression>: null

15-01-2025T10:07:29 - [TEST_STEP][PASSED] - i3 = x.indexOf("/") + 1: null

15-01-2025T10:07:29 - [TEST_STEP][PASSED] - x = x.substring(i3, x.length()): null

15-01-2025T10:07:29 - [TEST_STEP][PASSED] - return x: null

15-01-2025T10:07:29 - [TEST_STEP][PASSED] - tableA = Script1719551244403.NewDZO(x = tableA): null

15-01-2025T10:07:29 - [TEST_STEP][PASSED] - i3 = <not implemented yet for class: org.codehaus.groovy.ast.expr.EmptyExpression>: null

15-01-2025T10:07:29 - [TEST_STEP][PASSED] - i3 = x.indexOf("/") + 1: null

15-01-2025T10:07:29 - [TEST_STEP][PASSED] - x = x.substring(i3, x.length()): null

15-01-2025T10:07:29 - [TEST_STEP][PASSED] - return x: null

15-01-2025T10:07:29 - [TEST_STEP][PASSED] - tableA = Script1719551244403.NewDZO(x = tableA): null

15-01-2025T10:07:29 - [TEST_STEP][PASSED] - i3 = <not implemented yet for class: org.codehaus.groovy.ast.expr.EmptyExpression>: null

15-01-2025T10:07:29 - [TEST_STEP][PASSED] - i3 = x.indexOf("/") + 1: null

15-01-2025T10:07:29 - [TEST_STEP][PASSED] - x = x.substring(i3, x.length()): null

15-01-2025T10:07:29 - [TEST_STEP][PASSED] - return x: null

15-01-2025T10:07:29 - [TEST_STEP][PASSED] - i = tableA.indexOf("Юг"): null

15-01-2025T10:07:29 - [TEST_STEP][PASSED] - CiPA = replaceAll("\p{P}", "").trim(): null

15-01-2025T10:07:29 - [TEST_STEP][PASSED] - println("CiPA: " + CiPA): null

15-01-2025T10:07:29 - [TEST_STEP][PASSED] - for ([i = 1, i < 10, (i++)]): null

15-01-2025T10:07:29 - [TEST_STEP][PASSED] - tableA = Script1719551244403.NewDZO(x = tableA): null

15-01-2025T10:07:29 - [TEST_STEP][PASSED] - i3 = <not implemented yet for class: org.codehaus.groovy.ast.expr.EmptyExpression>: null

15-01-2025T10:07:29 - [TEST_STEP][PASSED] - i3 = x.indexOf("/") + 1: null

15-01-2025T10:07:29 - [TEST_STEP][PASSED] - x = x.substring(i3, x.length()): null

15-01-2025T10:07:29 - [TEST_STEP][PASSED] - return x: null

15-01-2025T10:07:29 - [TEST_STEP][PASSED] - tableA = Script1719551244403.NewDZO(x = tableA): null

15-01-2025T10:07:29 - [TEST_STEP][PASSED] - i3 = <not implemented yet for class: org.codehaus.groovy.ast.expr.EmptyExpression>: null

15-01-2025T10:07:29 - [TEST_STEP][PASSED] - i3 = x.indexOf("/") + 1: null

15-01-2025T10:07:29 - [TEST_STEP][PASSED] - x = x.substring(i3, x.length()): null

15-01-2025T10:07:29 - [TEST_STEP][PASSED] - return x: null

15-01-2025T10:07:29 - [TEST_STEP][PASSED] - tableA = Script1719551244403.NewDZO(x = tableA): null

15-01-2025T10:07:29 - [TEST_STEP][PASSED] - i3 = <not implemented yet for class: org.codehaus.groovy.ast.expr.EmptyExpression>: null

15-01-2025T10:07:29 - [TEST_STEP][PASSED] - i3 = x.indexOf("/") + 1: null

15-01-2025T10:07:29 - [TEST_STEP][PASSED] - x = x.substring(i3, x.length()): null

15-01-2025T10:07:29 - [TEST_STEP][PASSED] - return x: null

15-01-2025T10:07:29 - [TEST_STEP][PASSED] - tableA = Script1719551244403.NewDZO(x = tableA): null

15-01-2025T10:07:29 - [TEST_STEP][PASSED] - i3 = <not implemented yet for class: org.codehaus.groovy.ast.expr.EmptyExpression>: null

15-01-2025T10:07:29 - [TEST_STEP][PASSED] - i3 = x.indexOf("/") + 1: null

15-01-2025T10:07:29 - [TEST_STEP][PASSED] - x = x.substring(i3, x.length()): null

15-01-2025T10:07:29 - [TEST_STEP][PASSED] - return x: null

15-01-2025T10:07:29 - [TEST_STEP][PASSED] - tableA = Script1719551244403.NewDZO(x = tableA): null

15-01-2025T10:07:29 - [TEST_STEP][PASSED] - i3 = <not implemented yet for class: org.codehaus.groovy.ast.expr.EmptyExpression>: null

15-01-2025T10:07:29 - [TEST_STEP][PASSED] - i3 = x.indexOf("/") + 1: null

15-01-2025T10:07:29 - [TEST_STEP][PASSED] - x = x.substring(i3, x.length()): null

15-01-2025T10:07:29 - [TEST_STEP][PASSED] - return x: null

15-01-2025T10:07:29 - [TEST_STEP][PASSED] - tableA = Script1719551244403.NewDZO(x = tableA): null

15-01-2025T10:07:29 - [TEST_STEP][PASSED] - i3 = <not implemented yet for class: org.codehaus.groovy.ast.expr.EmptyExpression>: null

15-01-2025T10:07:29 - [TEST_STEP][PASSED] - i3 = x.indexOf("/") + 1: null

15-01-2025T10:07:29 - [TEST_STEP][PASSED] - x = x.substring(i3, x.length()): null

15-01-2025T10:07:29 - [TEST_STEP][PASSED] - return x: null

15-01-2025T10:07:29 - [TEST_STEP][PASSED] - tableA = Script1719551244403.NewDZO(x = tableA): null

15-01-2025T10:07:29 - [TEST_STEP][PASSED] - i3 = <not implemented yet for class: org.codehaus.groovy.ast.expr.EmptyExpression>: null

15-01-2025T10:07:29 - [TEST_STEP][PASSED] - i3 = x.indexOf("/") + 1: null

15-01-2025T10:07:29 - [TEST_STEP][PASSED] - x = x.substring(i3, x.length()): null

15-01-2025T10:07:29 - [TEST_STEP][PASSED] - return x: null

15-01-2025T10:07:29 - [TEST_STEP][PASSED] - tableA = Script1719551244403.NewDZO(x = tableA): null

15-01-2025T10:07:29 - [TEST_STEP][PASSED] - i3 = <not implemented yet for class: org.codehaus.groovy.ast.expr.EmptyExpression>: null

15-01-2025T10:07:29 - [TEST_STEP][PASSED] - i3 = x.indexOf("/") + 1: null

15-01-2025T10:07:29 - [TEST_STEP][PASSED] - x = x.substring(i3, x.length()): null

15-01-2025T10:07:29 - [TEST_STEP][PASSED] - return x: null

15-01-2025T10:07:29 - [TEST_STEP][PASSED] - tableA = Script1719551244403.NewDZO(x = tableA): null

15-01-2025T10:07:29 - [TEST_STEP][PASSED] - i3 = <not implemented yet for class: org.codehaus.groovy.ast.expr.EmptyExpression>: null

15-01-2025T10:07:29 - [TEST_STEP][PASSED] - i3 = x.indexOf("/") + 1: null

15-01-2025T10:07:29 - [TEST_STEP][PASSED] - x = x.substring(i3, x.length()): null

15-01-2025T10:07:29 - [TEST_STEP][PASSED] - return x: null

15-01-2025T10:07:29 - [TEST_STEP][PASSED] - i = tableA.indexOf("Янтарь"): null

15-01-2025T10:07:29 - [TEST_STEP][PASSED] - UgA = replaceAll("\p{P}", "").trim(): null

15-01-2025T10:07:29 - [TEST_STEP][PASSED] - println("UgA: " + UgA): null

15-01-2025T10:07:29 - [TEST_STEP][PASSED] - i = tableA.lastIndexOf("/"): null

15-01-2025T10:07:29 - [TEST_STEP][PASSED] - YaA = replaceAll("\p{P}", "").trim(): null

15-01-2025T10:07:29 - [TEST_STEP][PASSED] - println("YaA: " + YaA): null

15-01-2025T10:07:29 - [TEST_STEP][PASSED] - delay(10): Delayed 10 second(s)

15-01-2025T10:07:39 - [MESSAGE][PASSED] - Delayed 10 second(s)

15-01-2025T10:07:39 - [TEST_STEP][PASSED] - navigateToUrl(findTestData("PlanFact").getValue(10, 11)): Navigate to 'https://bi.rosseti.digital/viewer?dashboardGuid=a1fd28b3785d443cbc4d7690a1d78e31&sheetGuid=d3a0ddec2e914cb380b20dca74903099&fit=true' successfully

15-01-2025T10:07:39 - [MESSAGE][PASSED] - Navigate to 'https://bi.rosseti.digital/viewer?dashboardGuid=a1fd28b3785d443cbc4d7690a1d78e31&sheetGuid=d3a0ddec2e914cb380b20dca74903099&fit=true' successfully

15-01-2025T10:07:39 - [TEST_STEP][PASSED] - b = <not implemented yet for class: org.codehaus.groovy.ast.expr.EmptyExpression>: null

15-01-2025T10:07:39 - [TEST_STEP][PASSED] - b1 = <not implemented yet for class: org.codehaus.groovy.ast.expr.EmptyExpression>: null

15-01-2025T10:07:39 - [TEST_STEP][PASSED] - b2 = <not implemented yet for class: org.codehaus.groovy.ast.expr.EmptyExpression>: null

15-01-2025T10:07:39 - [TEST_STEP][PASSED] - click(findTestObject("Факторный анализ/Фильтр Дата Выручка")): Object: 'Object Repository/Факторный анализ/Фильтр Дата Выручка' is clicked on

15-01-2025T10:07:57 - [MESSAGE][PASSED] - Object: 'Object Repository/Факторный анализ/Фильтр Дата Выручка' is clicked on

15-01-2025T10:07:57 - [TEST_STEP][PASSED] - click(findTestObject("Факторный анализ/Снять выделение в фильтре Дата Выручка")): Object: 'Object Repository/Факторный анализ/Снять выделение в фильтре Дата Выручка' is clicked on

15-01-2025T10:07:57 - [MESSAGE][PASSED] - Object: 'Object Repository/Факторный анализ/Снять выделение в фильтре Дата Выручка' is clicked on

15-01-2025T10:07:57 - [TEST_STEP][PASSED] - click(findTestObject("Факторный анализ/Применить в фильтре Дата Выручка")): Object: 'Object Repository/Факторный анализ/Применить в фильтре Дата Выручка' is clicked on

15-01-2025T10:07:58 - [MESSAGE][PASSED] - Object: 'Object Repository/Факторный анализ/Применить в фильтре Дата Выручка' is clicked on

15-01-2025T10:07:58 - [TEST_STEP][PASSED] - delay(10): Delayed 10 second(s)

15-01-2025T10:08:08 - [MESSAGE][PASSED] - Delayed 10 second(s)

15-01-2025T10:08:08 - [TEST_STEP][PASSED] - click(findTestObject("Факторный анализ/Фильтр Дата Выручка")): Object: 'Object Repository/Факторный анализ/Фильтр Дата Выручка' is clicked on

15-01-2025T10:08:08 - [MESSAGE][PASSED] - Object: 'Object Repository/Факторный анализ/Фильтр Дата Выручка' is clicked on

15-01-2025T10:08:08 - [TEST_STEP][PASSED] - click(findTestObject("Факторный анализ/Снять выделение в фильтре Дата Выручка")): Object: 'Object Repository/Факторный анализ/Снять выделение в фильтре Дата Выручка' is clicked on

15-01-2025T10:08:09 - [MESSAGE][PASSED] - Object: 'Object Repository/Факторный анализ/Снять выделение в фильтре Дата Выручка' is clicked on

15-01-2025T10:08:09 - [TEST_STEP][PASSED] - scrollToElement(findTestObject("Факторный анализ/2024 список Выручка"), 30): Scroll to object 'Object Repository/Факторный анализ/2024 список Выручка' successfully

15-01-2025T10:08:09 - [MESSAGE][PASSED] - Scroll to object 'Object Repository/Факторный анализ/2024 список Выручка' successfully

15-01-2025T10:08:09 - [TEST_STEP][PASSED] - click(findTestObject("Факторный анализ/2024 список Выручка")): Object: 'Object Repository/Факторный анализ/2024 список Выручка' is clicked on

15-01-2025T10:08:09 - [MESSAGE][PASSED] - Object: 'Object Repository/Факторный анализ/2024 список Выручка' is clicked on

15-01-2025T10:08:09 - [TEST_STEP][PASSED] - scrollToElement(findTestObject("Факторный анализ/1 квартал 2024 выбрать Выручка"), 30): Scroll to object 'Object Repository/Факторный анализ/1 квартал 2024 выбрать Выручка' successfully

15-01-2025T10:08:10 - [MESSAGE][PASSED] - Scroll to object 'Object Repository/Факторный анализ/1 квартал 2024 выбрать Выручка' successfully

15-01-2025T10:08:10 - [TEST_STEP][PASSED] - click(findTestObject("Факторный анализ/1 квартал 2024 выбрать Выручка")): Object: 'Object Repository/Факторный анализ/1 квартал 2024 выбрать Выручка' is clicked on

15-01-2025T10:08:10 - [MESSAGE][PASSED] - Object: 'Object Repository/Факторный анализ/1 квартал 2024 выбрать Выручка' is clicked on

15-01-2025T10:08:10 - [TEST_STEP][PASSED] - scrollToElement(findTestObject("Факторный анализ/2 квартал 2024 выбрать Выручка"), 30): Scroll to object 'Object Repository/Факторный анализ/2 квартал 2024 выбрать Выручка' successfully

15-01-2025T10:08:11 - [MESSAGE][PASSED] - Scroll to object 'Object Repository/Факторный анализ/2 квартал 2024 выбрать Выручка' successfully

15-01-2025T10:08:11 - [TEST_STEP][PASSED] - click(findTestObject("Факторный анализ/2 квартал 2024 выбрать Выручка"), CONTINUE_ON_FAILURE): Object: 'Object Repository/Факторный анализ/2 квартал 2024 выбрать Выручка' is clicked on

15-01-2025T10:08:11 - [MESSAGE][PASSED] - Object: 'Object Repository/Факторный анализ/2 квартал 2024 выбрать Выручка' is clicked on

15-01-2025T10:08:11 - [TEST_STEP][PASSED] - click(findTestObject("Факторный анализ/3 квартал 2024 выбрать Выручка"), CONTINUE_ON_FAILURE): Object: 'Object Repository/Факторный анализ/3 квартал 2024 выбрать Выручка' is clicked on

15-01-2025T10:08:12 - [MESSAGE][PASSED] - Object: 'Object Repository/Факторный анализ/3 квартал 2024 выбрать Выручка' is clicked on

15-01-2025T10:08:12 - [TEST_STEP][PASSED] - scrollToElement(findTestObject("Факторный анализ/4 квартал 2024 список Выручка"), 30): Scroll to object 'Object Repository/Факторный анализ/4 квартал 2024 список Выручка' successfully

15-01-2025T10:08:12 - [MESSAGE][PASSED] - Scroll to object 'Object Repository/Факторный анализ/4 квартал 2024 список Выручка' successfully

15-01-2025T10:08:12 - [TEST_STEP][PASSED] - click(findTestObject("Факторный анализ/4 квартал 2024 список Выручка"), CONTINUE_ON_FAILURE): Object: 'Object Repository/Факторный анализ/4 квартал 2024 список Выручка' is clicked on

15-01-2025T10:08:12 - [MESSAGE][PASSED] - Object: 'Object Repository/Факторный анализ/4 квартал 2024 список Выручка' is clicked on

15-01-2025T10:08:12 - [TEST_STEP][PASSED] - scrollToElement(findTestObject("Факторный анализ/Октябрь 2024 Выручка"), 30): Scroll to object 'Object Repository/Факторный анализ/Октябрь 2024 Выручка' successfully

15-01-2025T10:08:13 - [MESSAGE][PASSED] - Scroll to object 'Object Repository/Факторный анализ/Октябрь 2024 Выручка' successfully

15-01-2025T10:08:13 - [TEST_STEP][PASSED] - click(findTestObject("Факторный анализ/Октябрь 2024 Выручка"), CONTINUE_ON_FAILURE): Object: 'Object Repository/Факторный анализ/Октябрь 2024 Выручка' is clicked on

15-01-2025T10:08:13 - [MESSAGE][PASSED] - Object: 'Object Repository/Факторный анализ/Октябрь 2024 Выручка' is clicked on

15-01-2025T10:08:13 - [TEST_STEP][PASSED] - scrollToElement(findTestObject("Факторный анализ/Ноябрь 2024 Выручка"), 30): Scroll to object 'Object Repository/Факторный анализ/Ноябрь 2024 Выручка' successfully

15-01-2025T10:08:14 - [MESSAGE][PASSED] - Scroll to object 'Object Repository/Факторный анализ/Ноябрь 2024 Выручка' successfully

15-01-2025T10:08:14 - [TEST_STEP][PASSED] - click(findTestObject("Факторный анализ/Ноябрь 2024 Выручка"), CONTINUE_ON_FAILURE): Object: 'Object Repository/Факторный анализ/Ноябрь 2024 Выручка' is clicked on

15-01-2025T10:08:14 - [MESSAGE][PASSED] - Object: 'Object Repository/Факторный анализ/Ноябрь 2024 Выручка' is clicked on

15-01-2025T10:08:14 - [TEST_STEP][PASSED] - scrollToElement(findTestObject("Факторный анализ/Заголовок дашборда Выручка"), 30): Scroll to object 'Object Repository/Факторный анализ/Заголовок дашборда Выручка' successfully

15-01-2025T10:08:14 - [MESSAGE][PASSED] - Scroll to object 'Object Repository/Факторный анализ/Заголовок дашборда Выручка' successfully

15-01-2025T10:08:14 - [TEST_STEP][PASSED] - click(findTestObject("Факторный анализ/Применить в фильтре Дата Выручка")): Object: 'Object Repository/Факторный анализ/Применить в фильтре Дата Выручка' is clicked on

15-01-2025T10:08:15 - [MESSAGE][PASSED] - Object: 'Object Repository/Факторный анализ/Применить в фильтре Дата Выручка' is clicked on

15-01-2025T10:08:15 - [TEST_STEP][PASSED] - if (run == 1): null

15-01-2025T10:08:15 - [TEST_STEP][PASSED] - b = getText(findTestObject("Факторный анализ/Отклонения выручки по факторам Выручка")): Text of object 'Object Repository/Факторный анализ/Отклонения выручки по факторам Выручка' is: '-1 224 131-1 224 131
2 8952 895
Отклонение (объём услуг) филиал без Nan
Отклонение (средний тариф) филиал без Nan
ПАО Россети'

15-01-2025T10:08:19 - [MESSAGE][PASSED] - Text of object 'Object Repository/Факторный анализ/Отклонения выручки по факторам Выручка' is: '-1 224 131-1 224 131
2 8952 895
Отклонение (объём услуг) филиал без Nan
Отклонение (средний тариф) филиал без Nan
ПАО Россети'

15-01-2025T10:08:19 - [TEST_STEP][PASSED] - b = b.replaceAll("[\r?
|
]", "/"): null

15-01-2025T10:08:19 - [TEST_STEP][PASSED] - println("b: " + b): null

15-01-2025T10:08:19 - [TEST_STEP][PASSED] - i = b.indexOf("Отклонение"): null

15-01-2025T10:08:19 - [TEST_STEP][PASSED] - if (i > -1): null

15-01-2025T10:08:19 - [TEST_STEP][PASSED] - i = i: null

15-01-2025T10:08:19 - [TEST_STEP][PASSED] - b = substring(0, i).trim(): null

15-01-2025T10:08:19 - [TEST_STEP][PASSED] - println("b: " + b): null

15-01-2025T10:08:19 - [TEST_STEP][PASSED] - i = b.indexOf("/"): null

15-01-2025T10:08:19 - [TEST_STEP][PASSED] - if (i > -1): null

15-01-2025T10:08:19 - [TEST_STEP][PASSED] - b1 = b.substring(0, i): null

15-01-2025T10:08:19 - [TEST_STEP][PASSED] - println("b1: " + b1): null

15-01-2025T10:08:19 - [TEST_STEP][PASSED] - b2 = b.substring(b1.length() + 1, b.length()): null

15-01-2025T10:08:19 - [TEST_STEP][PASSED] - println("b2: " + b2): null

15-01-2025T10:08:19 - [TEST_STEP][PASSED] - i = b1.length() / 2: null

15-01-2025T10:08:19 - [TEST_STEP][PASSED] - if (i > -1): null

15-01-2025T10:08:19 - [TEST_STEP][PASSED] - b1 = replaceAll("\s+", "").trim(): null

15-01-2025T10:08:19 - [TEST_STEP][PASSED] - println("b1: " + b1): null

15-01-2025T10:08:19 - [TEST_STEP][PASSED] - i = b2.length() / 2: null

15-01-2025T10:08:19 - [TEST_STEP][PASSED] - if (i > -1): null

15-01-2025T10:08:19 - [TEST_STEP][PASSED] - b2 = replaceAll("\s+", "").trim(): null

15-01-2025T10:08:19 - [TEST_STEP][PASSED] - println("b2: " + b2): null

15-01-2025T10:08:19 - [TEST_STEP][PASSED] - vidget = "Отклонения выручки по факторам": null

15-01-2025T10:08:19 - [TEST_STEP][PASSED] - DZO = "ПАО Россети": null

15-01-2025T10:08:19 - [TEST_STEP][PASSED] - typeOfData = "Отклонение (объём услуг)": null

15-01-2025T10:08:19 - [TEST_STEP][PASSED] - Script1719551244403.Compare(x = a1, y = b1, run, typeOfData, otobrajeniyeDannyh, todaysDate, vidget, DZO): null

15-01-2025T10:08:19 - [TEST_STEP][FAILED] - if (verifyEqual(x, y) == true): Unable to verify equal between actual object '-1263324' and expected object '-1224131' (Root cause: com.kms.katalon.core.exception.StepFailedException: Actual object '-1263324' and expected object '-1224131' are not equal
	at com.kms.katalon.core.keyword.builtin.VerifyEqualKeyword$_verifyEqual_closure1.doCall(VerifyEqualKeyword.groovy:58)
	at com.kms.katalon.core.keyword.builtin.VerifyEqualKeyword$_verifyEqual_closure1.call(VerifyEqualKeyword.groovy)
	at com.kms.katalon.core.keyword.internal.KeywordMain.runKeyword(KeywordMain.groovy:75)
	at com.kms.katalon.core.keyword.builtin.VerifyEqualKeyword.verifyEqual(VerifyEqualKeyword.groovy:63)
	at com.kms.katalon.core.keyword.builtin.VerifyEqualKeyword.execute(VerifyEqualKeyword.groovy:44)
	at com.kms.katalon.core.keyword.internal.KeywordExecutor.executeKeywordForPlatform(KeywordExecutor.groovy:74)
	at com.kms.katalon.core.keyword.BuiltinKeywords.verifyEqual(BuiltinKeywords.groovy:146)
	at java.base/jdk.internal.reflect.NativeMethodAccessorImpl.invoke0(Native Method)
	at java.base/jdk.internal.reflect.NativeMethodAccessorImpl.invoke(NativeMethodAccessorImpl.java:77)
	at java.base/jdk.internal.reflect.DelegatingMethodAccessorImpl.invoke(DelegatingMethodAccessorImpl.java:43)
	at Факторный анализ сверка дашбордов.Compare(Факторный анализ сверка дашбордов:682)
	at Факторный анализ сверка дашбордов.Test(Факторный анализ сверка дашбордов:446)
	at Факторный анализ сверка дашбордов.run(Факторный анализ сверка дашбордов:44)
	at com.kms.katalon.core.main.ScriptEngine.run(ScriptEngine.java:194)
	at com.kms.katalon.core.main.ScriptEngine.runScriptAsRawText(ScriptEngine.java:119)
	at com.kms.katalon.core.main.TestCaseExecutor.runScript(TestCaseExecutor.java:448)
	at com.kms.katalon.core.main.TestCaseExecutor.doExecute(TestCaseExecutor.java:439)
	at com.kms.katalon.core.main.TestCaseExecutor.processExecutionPhase(TestCaseExecutor.java:418)
	at com.kms.katalon.core.main.TestCaseExecutor.accessMainPhase(TestCaseExecutor.java:410)
	at com.kms.katalon.core.main.TestCaseExecutor.execute(TestCaseExecutor.java:285)
	at com.kms.katalon.core.common.CommonExecutor.accessTestCaseMainPhase(CommonExecutor.java:65)
	at com.kms.katalon.core.main.TestSuiteExecutor.accessTestSuiteMainPhase(TestSuiteExecutor.java:150)
	at com.kms.katalon.core.main.TestSuiteExecutor.execute(TestSuiteExecutor.java:106)
	at com.kms.katalon.core.main.TestCaseMain.startTestSuite(TestCaseMain.java:180)
	at TempTestSuite1736921988279.run(TempTestSuite1736921988279.groovy:35)
	at java.base/jdk.internal.reflect.NativeMethodAccessorImpl.invoke0(Native Method)
	at java.base/jdk.internal.reflect.NativeMethodAccessorImpl.invoke(NativeMethodAccessorImpl.java:77)
	at java.base/jdk.internal.reflect.DelegatingMethodAccessorImpl.invoke(DelegatingMethodAccessorImpl.java:43)
)

15-01-2025T10:08:19 - [MESSAGE][FAILED] - Unable to verify equal between actual object '-1263324' and expected object '-1224131' (Root cause: com.kms.katalon.core.exception.StepFailedException: Actual object '-1263324' and expected object '-1224131' are not equal
	at com.kms.katalon.core.keyword.builtin.VerifyEqualKeyword$_verifyEqual_closure1.doCall(VerifyEqualKeyword.groovy:58)
	at com.kms.katalon.core.keyword.builtin.VerifyEqualKeyword$_verifyEqual_closure1.call(VerifyEqualKeyword.groovy)
	at com.kms.katalon.core.keyword.internal.KeywordMain.runKeyword(KeywordMain.groovy:75)
	at com.kms.katalon.core.keyword.builtin.VerifyEqualKeyword.verifyEqual(VerifyEqualKeyword.groovy:63)
	at com.kms.katalon.core.keyword.builtin.VerifyEqualKeyword.execute(VerifyEqualKeyword.groovy:44)
	at com.kms.katalon.core.keyword.internal.KeywordExecutor.executeKeywordForPlatform(KeywordExecutor.groovy:74)
	at com.kms.katalon.core.keyword.BuiltinKeywords.verifyEqual(BuiltinKeywords.groovy:146)
	at java.base/jdk.internal.reflect.NativeMethodAccessorImpl.invoke0(Native Method)
	at java.base/jdk.internal.reflect.NativeMethodAccessorImpl.invoke(NativeMethodAccessorImpl.java:77)
	at java.base/jdk.internal.reflect.DelegatingMethodAccessorImpl.invoke(DelegatingMethodAccessorImpl.java:43)
	at Факторный анализ сверка дашбордов.Compare(Факторный анализ сверка дашбордов:682)
	at Факторный анализ сверка дашбордов.Test(Факторный анализ сверка дашбордов:446)
	at Факторный анализ сверка дашбордов.run(Факторный анализ сверка дашбордов:44)
	at com.kms.katalon.core.main.ScriptEngine.run(ScriptEngine.java:194)
	at com.kms.katalon.core.main.ScriptEngine.runScriptAsRawText(ScriptEngine.java:119)
	at com.kms.katalon.core.main.TestCaseExecutor.runScript(TestCaseExecutor.java:448)
	at com.kms.katalon.core.main.TestCaseExecutor.doExecute(TestCaseExecutor.java:439)
	at com.kms.katalon.core.main.TestCaseExecutor.processExecutionPhase(TestCaseExecutor.java:418)
	at com.kms.katalon.core.main.TestCaseExecutor.accessMainPhase(TestCaseExecutor.java:410)
	at com.kms.katalon.core.main.TestCaseExecutor.execute(TestCaseExecutor.java:285)
	at com.kms.katalon.core.common.CommonExecutor.accessTestCaseMainPhase(CommonExecutor.java:65)
	at com.kms.katalon.core.main.TestSuiteExecutor.accessTestSuiteMainPhase(TestSuiteExecutor.java:150)
	at com.kms.katalon.core.main.TestSuiteExecutor.execute(TestSuiteExecutor.java:106)
	at com.kms.katalon.core.main.TestCaseMain.startTestSuite(TestCaseMain.java:180)
	at TempTestSuite1736921988279.run(TempTestSuite1736921988279.groovy:35)
	at java.base/jdk.internal.reflect.NativeMethodAccessorImpl.invoke0(Native Method)
	at java.base/jdk.internal.reflect.NativeMethodAccessorImpl.invoke(NativeMethodAccessorImpl.java:77)
	at java.base/jdk.internal.reflect.DelegatingMethodAccessorImpl.invoke(DelegatingMethodAccessorImpl.java:43)
)

15-01-2025T10:08:19 - [TEST_STEP][PASSED] - else: null

15-01-2025T10:08:19 - [TEST_STEP][PASSED] - if (run == 1): null

15-01-2025T10:08:19 - [TEST_STEP][PASSED] - otobrajeniyeDannyh = "Филиал": null

15-01-2025T10:08:19 - [TEST_STEP][PASSED] - Script1719551244403.WriteToExcel(todaysDate, typeOfData, otobrajeniyeDannyh, x, y, vidget, DZO): null

15-01-2025T10:08:19 - [TEST_STEP][PASSED] - sheetName = "Sheet1": null

15-01-2025T10:08:19 - [TEST_STEP][PASSED] - data = findTestData("PlanFact"): null

15-01-2025T10:08:19 - [TEST_STEP][PASSED] - n = data.getRowNumbers() + 1: null

15-01-2025T10:08:19 - [TEST_STEP][PASSED] - period = getText(findTestObject("Факторный анализ/Фильтр Период")): Text of object 'Object Repository/Факторный анализ/Фильтр Период' is: 'Октябрь, Ноябрь и 1, 2, 3 кв. 2024 года'

15-01-2025T10:08:19 - [MESSAGE][PASSED] - Text of object 'Object Repository/Факторный анализ/Фильтр Период' is: 'Октябрь, Ноябрь и 1, 2, 3 кв. 2024 года'

15-01-2025T10:08:19 - [TEST_STEP][PASSED] - println(period): null

15-01-2025T10:08:19 - [TEST_STEP][PASSED] - dashboardName = "Факторный анализ": null

15-01-2025T10:08:19 - [TEST_STEP][PASSED] - workbook01 = getWorkbook(excelFilePath): null

15-01-2025T10:08:19 - [TEST_STEP][PASSED] - sheet01 = getExcelSheet(workbook01, sheetName): null

15-01-2025T10:08:19 - [TEST_STEP][PASSED] - setValueToCellByIndex(sheet01, n, 0, dashboardName): null

15-01-2025T10:08:19 - [TEST_STEP][PASSED] - setValueToCellByIndex(sheet01, n, 1, DZO): null

15-01-2025T10:08:19 - [TEST_STEP][PASSED] - setValueToCellByIndex(sheet01, n, 2, vidget): null

15-01-2025T10:08:19 - [TEST_STEP][PASSED] - setValueToCellByIndex(sheet01, n, 3, typeOfData): null

15-01-2025T10:08:19 - [TEST_STEP][PASSED] - setValueToCellByIndex(sheet01, n, 4, otobrajeniyeDannyh): null

15-01-2025T10:08:19 - [TEST_STEP][PASSED] - setValueToCellByIndex(sheet01, n, 5, period): null

15-01-2025T10:08:19 - [TEST_STEP][PASSED] - setValueToCellByIndex(sheet01, n, 6, todaysDate): null

15-01-2025T10:08:19 - [TEST_STEP][PASSED] - n = n + 1: null

15-01-2025T10:08:19 - [TEST_STEP][PASSED] - saveWorkbook(excelFilePath, workbook01): null

15-01-2025T10:08:20 - [TEST_STEP][PASSED] - typeOfData = "Отклонение (средний тариф)": null

15-01-2025T10:08:20 - [TEST_STEP][PASSED] - Script1719551244403.Compare(x = a2, y = b2, run, typeOfData, otobrajeniyeDannyh, todaysDate, vidget, DZO): null

15-01-2025T10:08:20 - [TEST_STEP][FAILED] - if (verifyEqual(x, y) == true): Unable to verify equal between actual object '53862' and expected object '2895' (Root cause: com.kms.katalon.core.exception.StepFailedException: Actual object '53862' and expected object '2895' are not equal
	at com.kms.katalon.core.keyword.builtin.VerifyEqualKeyword$_verifyEqual_closure1.doCall(VerifyEqualKeyword.groovy:58)
	at com.kms.katalon.core.keyword.builtin.VerifyEqualKeyword$_verifyEqual_closure1.call(VerifyEqualKeyword.groovy)
	at com.kms.katalon.core.keyword.internal.KeywordMain.runKeyword(KeywordMain.groovy:75)
	at com.kms.katalon.core.keyword.builtin.VerifyEqualKeyword.verifyEqual(VerifyEqualKeyword.groovy:63)
	at com.kms.katalon.core.keyword.builtin.VerifyEqualKeyword.execute(VerifyEqualKeyword.groovy:44)
	at com.kms.katalon.core.keyword.internal.KeywordExecutor.executeKeywordForPlatform(KeywordExecutor.groovy:74)
	at com.kms.katalon.core.keyword.BuiltinKeywords.verifyEqual(BuiltinKeywords.groovy:146)
	at java.base/jdk.internal.reflect.NativeMethodAccessorImpl.invoke0(Native Method)
	at java.base/jdk.internal.reflect.NativeMethodAccessorImpl.invoke(NativeMethodAccessorImpl.java:77)
	at java.base/jdk.internal.reflect.DelegatingMethodAccessorImpl.invoke(DelegatingMethodAccessorImpl.java:43)
	at Факторный анализ сверка дашбордов.Compare(Факторный анализ сверка дашбордов:682)
	at Факторный анализ сверка дашбордов.Test(Факторный анализ сверка дашбордов:450)
	at Факторный анализ сверка дашбордов.run(Факторный анализ сверка дашбордов:44)
	at com.kms.katalon.core.main.ScriptEngine.run(ScriptEngine.java:194)
	at com.kms.katalon.core.main.ScriptEngine.runScriptAsRawText(ScriptEngine.java:119)
	at com.kms.katalon.core.main.TestCaseExecutor.runScript(TestCaseExecutor.java:448)
	at com.kms.katalon.core.main.TestCaseExecutor.doExecute(TestCaseExecutor.java:439)
	at com.kms.katalon.core.main.TestCaseExecutor.processExecutionPhase(TestCaseExecutor.java:418)
	at com.kms.katalon.core.main.TestCaseExecutor.accessMainPhase(TestCaseExecutor.java:410)
	at com.kms.katalon.core.main.TestCaseExecutor.execute(TestCaseExecutor.java:285)
	at com.kms.katalon.core.common.CommonExecutor.accessTestCaseMainPhase(CommonExecutor.java:65)
	at com.kms.katalon.core.main.TestSuiteExecutor.accessTestSuiteMainPhase(TestSuiteExecutor.java:150)
	at com.kms.katalon.core.main.TestSuiteExecutor.execute(TestSuiteExecutor.java:106)
	at com.kms.katalon.core.main.TestCaseMain.startTestSuite(TestCaseMain.java:180)
	at TempTestSuite1736921988279.run(TempTestSuite1736921988279.groovy:35)
	at java.base/jdk.internal.reflect.NativeMethodAccessorImpl.invoke0(Native Method)
	at java.base/jdk.internal.reflect.NativeMethodAccessorImpl.invoke(NativeMethodAccessorImpl.java:77)
	at java.base/jdk.internal.reflect.DelegatingMethodAccessorImpl.invoke(DelegatingMethodAccessorImpl.java:43)
)

15-01-2025T10:08:20 - [MESSAGE][FAILED] - Unable to verify equal between actual object '53862' and expected object '2895' (Root cause: com.kms.katalon.core.exception.StepFailedException: Actual object '53862' and expected object '2895' are not equal
	at com.kms.katalon.core.keyword.builtin.VerifyEqualKeyword$_verifyEqual_closure1.doCall(VerifyEqualKeyword.groovy:58)
	at com.kms.katalon.core.keyword.builtin.VerifyEqualKeyword$_verifyEqual_closure1.call(VerifyEqualKeyword.groovy)
	at com.kms.katalon.core.keyword.internal.KeywordMain.runKeyword(KeywordMain.groovy:75)
	at com.kms.katalon.core.keyword.builtin.VerifyEqualKeyword.verifyEqual(VerifyEqualKeyword.groovy:63)
	at com.kms.katalon.core.keyword.builtin.VerifyEqualKeyword.execute(VerifyEqualKeyword.groovy:44)
	at com.kms.katalon.core.keyword.internal.KeywordExecutor.executeKeywordForPlatform(KeywordExecutor.groovy:74)
	at com.kms.katalon.core.keyword.BuiltinKeywords.verifyEqual(BuiltinKeywords.groovy:146)
	at java.base/jdk.internal.reflect.NativeMethodAccessorImpl.invoke0(Native Method)
	at java.base/jdk.internal.reflect.NativeMethodAccessorImpl.invoke(NativeMethodAccessorImpl.java:77)
	at java.base/jdk.internal.reflect.DelegatingMethodAccessorImpl.invoke(DelegatingMethodAccessorImpl.java:43)
	at Факторный анализ сверка дашбордов.Compare(Факторный анализ сверка дашбордов:682)
	at Факторный анализ сверка дашбордов.Test(Факторный анализ сверка дашбордов:450)
	at Факторный анализ сверка дашбордов.run(Факторный анализ сверка дашбордов:44)
	at com.kms.katalon.core.main.ScriptEngine.run(ScriptEngine.java:194)
	at com.kms.katalon.core.main.ScriptEngine.runScriptAsRawText(ScriptEngine.java:119)
	at com.kms.katalon.core.main.TestCaseExecutor.runScript(TestCaseExecutor.java:448)
	at com.kms.katalon.core.main.TestCaseExecutor.doExecute(TestCaseExecutor.java:439)
	at com.kms.katalon.core.main.TestCaseExecutor.processExecutionPhase(TestCaseExecutor.java:418)
	at com.kms.katalon.core.main.TestCaseExecutor.accessMainPhase(TestCaseExecutor.java:410)
	at com.kms.katalon.core.main.TestCaseExecutor.execute(TestCaseExecutor.java:285)
	at com.kms.katalon.core.common.CommonExecutor.accessTestCaseMainPhase(CommonExecutor.java:65)
	at com.kms.katalon.core.main.TestSuiteExecutor.accessTestSuiteMainPhase(TestSuiteExecutor.java:150)
	at com.kms.katalon.core.main.TestSuiteExecutor.execute(TestSuiteExecutor.java:106)
	at com.kms.katalon.core.main.TestCaseMain.startTestSuite(TestCaseMain.java:180)
	at TempTestSuite1736921988279.run(TempTestSuite1736921988279.groovy:35)
	at java.base/jdk.internal.reflect.NativeMethodAccessorImpl.invoke0(Native Method)
	at java.base/jdk.internal.reflect.NativeMethodAccessorImpl.invoke(NativeMethodAccessorImpl.java:77)
	at java.base/jdk.internal.reflect.DelegatingMethodAccessorImpl.invoke(DelegatingMethodAccessorImpl.java:43)
)

15-01-2025T10:08:20 - [TEST_STEP][PASSED] - else: null

15-01-2025T10:08:20 - [TEST_STEP][PASSED] - if (run == 1): null

15-01-2025T10:08:20 - [TEST_STEP][PASSED] - otobrajeniyeDannyh = "Филиал": null

15-01-2025T10:08:20 - [TEST_STEP][PASSED] - Script1719551244403.WriteToExcel(todaysDate, typeOfData, otobrajeniyeDannyh, x, y, vidget, DZO): null

15-01-2025T10:08:20 - [TEST_STEP][PASSED] - sheetName = "Sheet1": null

15-01-2025T10:08:20 - [TEST_STEP][PASSED] - data = findTestData("PlanFact"): null

15-01-2025T10:08:20 - [TEST_STEP][PASSED] - n = data.getRowNumbers() + 1: null

15-01-2025T10:08:20 - [TEST_STEP][PASSED] - period = getText(findTestObject("Факторный анализ/Фильтр Период")): Text of object 'Object Repository/Факторный анализ/Фильтр Период' is: 'Октябрь, Ноябрь и 1, 2, 3 кв. 2024 года'

15-01-2025T10:08:20 - [MESSAGE][PASSED] - Text of object 'Object Repository/Факторный анализ/Фильтр Период' is: 'Октябрь, Ноябрь и 1, 2, 3 кв. 2024 года'

15-01-2025T10:08:20 - [TEST_STEP][PASSED] - println(period): null

15-01-2025T10:08:20 - [TEST_STEP][PASSED] - dashboardName = "Факторный анализ": null

15-01-2025T10:08:20 - [TEST_STEP][PASSED] - workbook01 = getWorkbook(excelFilePath): null

15-01-2025T10:08:20 - [TEST_STEP][PASSED] - sheet01 = getExcelSheet(workbook01, sheetName): null

15-01-2025T10:08:20 - [TEST_STEP][PASSED] - setValueToCellByIndex(sheet01, n, 0, dashboardName): null

15-01-2025T10:08:20 - [TEST_STEP][PASSED] - setValueToCellByIndex(sheet01, n, 1, DZO): null

15-01-2025T10:08:20 - [TEST_STEP][PASSED] - setValueToCellByIndex(sheet01, n, 2, vidget): null

15-01-2025T10:08:20 - [TEST_STEP][PASSED] - setValueToCellByIndex(sheet01, n, 3, typeOfData): null

15-01-2025T10:08:20 - [TEST_STEP][PASSED] - setValueToCellByIndex(sheet01, n, 4, otobrajeniyeDannyh): null

15-01-2025T10:08:20 - [TEST_STEP][PASSED] - setValueToCellByIndex(sheet01, n, 5, period): null

15-01-2025T10:08:20 - [TEST_STEP][PASSED] - setValueToCellByIndex(sheet01, n, 6, todaysDate): null

15-01-2025T10:08:20 - [TEST_STEP][PASSED] - n = n + 1: null

15-01-2025T10:08:20 - [TEST_STEP][PASSED] - saveWorkbook(excelFilePath, workbook01): null

15-01-2025T10:08:20 - [TEST_STEP][PASSED] - tableB = getText(findTestObject("Факторный анализ/AllTable1 Выручка")).replaceAll("[\r?
|
]", "/"): Text of object 'Object Repository/Факторный анализ/AllTable1 Выручка' is: 'ДЗО
Филиал
Отклонение (объём услуг) филиал без Nan
Отклонение (средний тариф) филиал без Nan
АО «Тываэнерго» АО "Тываэнерго" 486 - 128
АО «Чеченэнерго» АО «Чеченэнерго» 73 47
Россети Волга Мордовэнерго 224 -93
Оренбургэнерго 833 - 135
Пензаэнерго 340 -67
Самарские РС 380 -1 202
Саратовские РС 471 - 569
Ульяновские РС 276 - 216
Чувашэнерго - 156 152
Россети Кубань Кубаньэнерго 3 908 599
Россети Ленэнерго (ГК) Ленинградская область 1 472 1 111
г. Санкт-Петербург 2 698 - 108
Россети Московский регион Московская область 5 429 - 877
г. Москва 4 012 10
Россети Северный Кавказ (ГК) Дагестанская энергосбытовая компания 0 0
Дагэнерго - 635 589
Ингушэнерго - 207 154
Каббалкэнерго 286 70
Карачаево-Черкесскэнерго 155 13
Севкавказэнерго - 404 172
Ставропольэнерго 281 - 198
Россети Северо-Запад Архангельский филиал 74 - 112
Вологодский филиал 277 8
Карельский филиал -91 186
Мурманский филиал 102 46
Новгородский филиал 227 -48
Псковский филиал 151 -15
филиал в Республике Коми -63 41
Россети Сибирь (ГК) Алтайэнерго 332 333
Бурятэнерго - 119 329
ГАЭС 153 -21
Красноярскэнерго 1 368 - 676
Кузбассэнерго-РЭС - 461 932
Омскэнерго 188 -70
Хакасэнерго 422 - 442
Читаэнерго -77 206
Россети Томск Томская распределительная компания 387 - 146
Россети Тюмень Россети Тюмень -5 414 - 638
Россети Урал (ГК) Пермэнерго 669 - 246
Свердловэнерго 964 315
Челябэнерго 1 045 - 720
Россети ФСК ЕЭС Итого по ФСК ЕЭС 10 513 -6 868
Россети Центр Белгородэнерго 347 138
Брянскэнерго 78 9
Воронежэнерго 667 130
Костромаэнерго 127 -11
Курскэнерго -6 84
Липецкэнерго 853 - 381
Орелэнерго 158 -52
Смоленскэнерго 34 48
Тамбовэнерго 307 -12
Тверьэнерго 376 192
Ярэнерго 630 15
Россети Центр и Приволжье (ГК) Владимирэнерго 574 64
Ивэнерго 201 62
Калугаэнерго 706 -61
Кировэнерго 511 30
Мариэнерго 189 23
Нижновэнерго 849 359
Рязаньэнерго 229 70
Тулэнерго 877 - 292
Удмуртэнерго 401 20
Россети Юг (ГК) АО «ВМЭС» 151 59
Астраханьэнерго 38 68
Волгоградэнерго 447 - 400
Калмэнерго 25 -2
Ростовэнерго 868 75
Россети Янтарь Россети Янтарь 419 -47'

15-01-2025T10:08:21 - [MESSAGE][PASSED] - Text of object 'Object Repository/Факторный анализ/AllTable1 Выручка' is: 'ДЗО
Филиал
Отклонение (объём услуг) филиал без Nan
Отклонение (средний тариф) филиал без Nan
АО «Тываэнерго» АО "Тываэнерго" 486 - 128
АО «Чеченэнерго» АО «Чеченэнерго» 73 47
Россети Волга Мордовэнерго 224 -93
Оренбургэнерго 833 - 135
Пензаэнерго 340 -67
Самарские РС 380 -1 202
Саратовские РС 471 - 569
Ульяновские РС 276 - 216
Чувашэнерго - 156 152
Россети Кубань Кубаньэнерго 3 908 599
Россети Ленэнерго (ГК) Ленинградская область 1 472 1 111
г. Санкт-Петербург 2 698 - 108
Россети Московский регион Московская область 5 429 - 877
г. Москва 4 012 10
Россети Северный Кавказ (ГК) Дагестанская энергосбытовая компания 0 0
Дагэнерго - 635 589
Ингушэнерго - 207 154
Каббалкэнерго 286 70
Карачаево-Черкесскэнерго 155 13
Севкавказэнерго - 404 172
Ставропольэнерго 281 - 198
Россети Северо-Запад Архангельский филиал 74 - 112
Вологодский филиал 277 8
Карельский филиал -91 186
Мурманский филиал 102 46
Новгородский филиал 227 -48
Псковский филиал 151 -15
филиал в Республике Коми -63 41
Россети Сибирь (ГК) Алтайэнерго 332 333
Бурятэнерго - 119 329
ГАЭС 153 -21
Красноярскэнерго 1 368 - 676
Кузбассэнерго-РЭС - 461 932
Омскэнерго 188 -70
Хакасэнерго 422 - 442
Читаэнерго -77 206
Россети Томск Томская распределительная компания 387 - 146
Россети Тюмень Россети Тюмень -5 414 - 638
Россети Урал (ГК) Пермэнерго 669 - 246
Свердловэнерго 964 315
Челябэнерго 1 045 - 720
Россети ФСК ЕЭС Итого по ФСК ЕЭС 10 513 -6 868
Россети Центр Белгородэнерго 347 138
Брянскэнерго 78 9
Воронежэнерго 667 130
Костромаэнерго 127 -11
Курскэнерго -6 84
Липецкэнерго 853 - 381
Орелэнерго 158 -52
Смоленскэнерго 34 48
Тамбовэнерго 307 -12
Тверьэнерго 376 192
Ярэнерго 630 15
Россети Центр и Приволжье (ГК) Владимирэнерго 574 64
Ивэнерго 201 62
Калугаэнерго 706 -61
Кировэнерго 511 30
Мариэнерго 189 23
Нижновэнерго 849 359
Рязаньэнерго 229 70
Тулэнерго 877 - 292
Удмуртэнерго 401 20
Россети Юг (ГК) АО «ВМЭС» 151 59
Астраханьэнерго 38 68
Волгоградэнерго 447 - 400
Калмэнерго 25 -2
Ростовэнерго 868 75
Россети Янтарь Россети Янтарь 419 -47'

15-01-2025T10:08:21 - [TEST_STEP][PASSED] - println("tableB: " + tableB): null

15-01-2025T10:08:21 - [TEST_STEP][PASSED] - for ([i = 1, i < 5, (i++)]): null

15-01-2025T10:08:21 - [TEST_STEP][PASSED] - ii = tableB.indexOf("/") + 1: null

15-01-2025T10:08:21 - [TEST_STEP][PASSED] - tableB = tableB.substring(ii, tableB.length()): null

15-01-2025T10:08:21 - [TEST_STEP][PASSED] - ii = tableB.indexOf("/") + 1: null

15-01-2025T10:08:21 - [TEST_STEP][PASSED] - tableB = tableB.substring(ii, tableB.length()): null

15-01-2025T10:08:21 - [TEST_STEP][PASSED] - ii = tableB.indexOf("/") + 1: null

15-01-2025T10:08:21 - [TEST_STEP][PASSED] - tableB = tableB.substring(ii, tableB.length()): null

15-01-2025T10:08:21 - [TEST_STEP][PASSED] - ii = tableB.indexOf("/") + 1: null

15-01-2025T10:08:21 - [TEST_STEP][PASSED] - tableB = tableB.substring(ii, tableB.length()): null

15-01-2025T10:08:21 - [TEST_STEP][PASSED] - println("tableB: " + tableB): null

15-01-2025T10:08:21 - [TEST_STEP][PASSED] - TyB = Script1719551244403.GetData(x = tableB): null

15-01-2025T10:08:21 - [TEST_STEP][PASSED] - i2 = <not implemented yet for class: org.codehaus.groovy.ast.expr.EmptyExpression>: null

15-01-2025T10:08:21 - [TEST_STEP][PASSED] - i2 = x.indexOf("/") + 1: null

15-01-2025T10:08:21 - [TEST_STEP][PASSED] - x = replaceAll("\p{P}", "").trim(): null

15-01-2025T10:08:21 - [TEST_STEP][PASSED] - return x: null

15-01-2025T10:08:21 - [TEST_STEP][PASSED] - println("TyB: " + TyB): null

15-01-2025T10:08:21 - [TEST_STEP][PASSED] - tableB = Script1719551244403.NewDZO(x = tableB): null

15-01-2025T10:08:21 - [TEST_STEP][PASSED] - i3 = <not implemented yet for class: org.codehaus.groovy.ast.expr.EmptyExpression>: null

15-01-2025T10:08:21 - [TEST_STEP][PASSED] - i3 = x.indexOf("/") + 1: null

15-01-2025T10:08:21 - [TEST_STEP][PASSED] - x = x.substring(i3, x.length()): null

15-01-2025T10:08:21 - [TEST_STEP][PASSED] - return x: null

15-01-2025T10:08:21 - [TEST_STEP][PASSED] - ChB = Script1719551244403.GetData(x = tableB): null

15-01-2025T10:08:21 - [TEST_STEP][PASSED] - i2 = <not implemented yet for class: org.codehaus.groovy.ast.expr.EmptyExpression>: null

15-01-2025T10:08:21 - [TEST_STEP][PASSED] - i2 = x.indexOf("/") + 1: null

15-01-2025T10:08:21 - [TEST_STEP][PASSED] - x = replaceAll("\p{P}", "").trim(): null

15-01-2025T10:08:21 - [TEST_STEP][PASSED] - return x: null

15-01-2025T10:08:21 - [TEST_STEP][PASSED] - println("ChB: " + ChB): null

15-01-2025T10:08:21 - [TEST_STEP][PASSED] - tableB = Script1719551244403.NewDZO(x = tableB): null

15-01-2025T10:08:21 - [TEST_STEP][PASSED] - i3 = <not implemented yet for class: org.codehaus.groovy.ast.expr.EmptyExpression>: null

15-01-2025T10:08:21 - [TEST_STEP][PASSED] - i3 = x.indexOf("/") + 1: null

15-01-2025T10:08:21 - [TEST_STEP][PASSED] - x = x.substring(i3, x.length()): null

15-01-2025T10:08:21 - [TEST_STEP][PASSED] - return x: null

15-01-2025T10:08:21 - [TEST_STEP][PASSED] - i = tableB.indexOf("Кубань"): null

15-01-2025T10:08:21 - [TEST_STEP][PASSED] - VB = replaceAll("\p{P}", "").trim(): null

15-01-2025T10:08:21 - [TEST_STEP][PASSED] - println("VB: " + VB): null

15-01-2025T10:08:21 - [TEST_STEP][PASSED] - for ([i = 1, i < 8, (i++)]): null

15-01-2025T10:08:21 - [TEST_STEP][PASSED] - tableB = Script1719551244403.NewDZO(x = tableB): null

15-01-2025T10:08:21 - [TEST_STEP][PASSED] - i3 = <not implemented yet for class: org.codehaus.groovy.ast.expr.EmptyExpression>: null

15-01-2025T10:08:21 - [TEST_STEP][PASSED] - i3 = x.indexOf("/") + 1: null

15-01-2025T10:08:21 - [TEST_STEP][PASSED] - x = x.substring(i3, x.length()): null

15-01-2025T10:08:21 - [TEST_STEP][PASSED] - return x: null

15-01-2025T10:08:21 - [TEST_STEP][PASSED] - tableB = Script1719551244403.NewDZO(x = tableB): null

15-01-2025T10:08:21 - [TEST_STEP][PASSED] - i3 = <not implemented yet for class: org.codehaus.groovy.ast.expr.EmptyExpression>: null

15-01-2025T10:08:21 - [TEST_STEP][PASSED] - i3 = x.indexOf("/") + 1: null

15-01-2025T10:08:21 - [TEST_STEP][PASSED] - x = x.substring(i3, x.length()): null

15-01-2025T10:08:21 - [TEST_STEP][PASSED] - return x: null

15-01-2025T10:08:21 - [TEST_STEP][PASSED] - tableB = Script1719551244403.NewDZO(x = tableB): null

15-01-2025T10:08:21 - [TEST_STEP][PASSED] - i3 = <not implemented yet for class: org.codehaus.groovy.ast.expr.EmptyExpression>: null

15-01-2025T10:08:21 - [TEST_STEP][PASSED] - i3 = x.indexOf("/") + 1: null

15-01-2025T10:08:21 - [TEST_STEP][PASSED] - x = x.substring(i3, x.length()): null

15-01-2025T10:08:21 - [TEST_STEP][PASSED] - return x: null

15-01-2025T10:08:21 - [TEST_STEP][PASSED] - tableB = Script1719551244403.NewDZO(x = tableB): null

15-01-2025T10:08:21 - [TEST_STEP][PASSED] - i3 = <not implemented yet for class: org.codehaus.groovy.ast.expr.EmptyExpression>: null

15-01-2025T10:08:21 - [TEST_STEP][PASSED] - i3 = x.indexOf("/") + 1: null

15-01-2025T10:08:21 - [TEST_STEP][PASSED] - x = x.substring(i3, x.length()): null

15-01-2025T10:08:21 - [TEST_STEP][PASSED] - return x: null

15-01-2025T10:08:21 - [TEST_STEP][PASSED] - tableB = Script1719551244403.NewDZO(x = tableB): null

15-01-2025T10:08:21 - [TEST_STEP][PASSED] - i3 = <not implemented yet for class: org.codehaus.groovy.ast.expr.EmptyExpression>: null

15-01-2025T10:08:21 - [TEST_STEP][PASSED] - i3 = x.indexOf("/") + 1: null

15-01-2025T10:08:21 - [TEST_STEP][PASSED] - x = x.substring(i3, x.length()): null

15-01-2025T10:08:21 - [TEST_STEP][PASSED] - return x: null

15-01-2025T10:08:21 - [TEST_STEP][PASSED] - tableB = Script1719551244403.NewDZO(x = tableB): null

15-01-2025T10:08:21 - [TEST_STEP][PASSED] - i3 = <not implemented yet for class: org.codehaus.groovy.ast.expr.EmptyExpression>: null

15-01-2025T10:08:21 - [TEST_STEP][PASSED] - i3 = x.indexOf("/") + 1: null

15-01-2025T10:08:21 - [TEST_STEP][PASSED] - x = x.substring(i3, x.length()): null

15-01-2025T10:08:21 - [TEST_STEP][PASSED] - return x: null

15-01-2025T10:08:21 - [TEST_STEP][PASSED] - tableB = Script1719551244403.NewDZO(x = tableB): null

15-01-2025T10:08:21 - [TEST_STEP][PASSED] - i3 = <not implemented yet for class: org.codehaus.groovy.ast.expr.EmptyExpression>: null

15-01-2025T10:08:21 - [TEST_STEP][PASSED] - i3 = x.indexOf("/") + 1: null

15-01-2025T10:08:21 - [TEST_STEP][PASSED] - x = x.substring(i3, x.length()): null

15-01-2025T10:08:21 - [TEST_STEP][PASSED] - return x: null

15-01-2025T10:08:21 - [TEST_STEP][PASSED] - i = tableB.indexOf("Ленэнерго"): null

15-01-2025T10:08:21 - [TEST_STEP][PASSED] - KuB = Script1719551244403.GetData(x = tableB): null

15-01-2025T10:08:21 - [TEST_STEP][PASSED] - i2 = <not implemented yet for class: org.codehaus.groovy.ast.expr.EmptyExpression>: null

15-01-2025T10:08:21 - [TEST_STEP][PASSED] - i2 = x.indexOf("/") + 1: null

15-01-2025T10:08:21 - [TEST_STEP][PASSED] - x = replaceAll("\p{P}", "").trim(): null

15-01-2025T10:08:21 - [TEST_STEP][PASSED] - return x: null

15-01-2025T10:08:21 - [TEST_STEP][PASSED] - println("KuB: " + KuB): null

15-01-2025T10:08:21 - [TEST_STEP][PASSED] - tableB = Script1719551244403.NewDZO(x = tableB): null

15-01-2025T10:08:21 - [TEST_STEP][PASSED] - i3 = <not implemented yet for class: org.codehaus.groovy.ast.expr.EmptyExpression>: null

15-01-2025T10:08:21 - [TEST_STEP][PASSED] - i3 = x.indexOf("/") + 1: null

15-01-2025T10:08:21 - [TEST_STEP][PASSED] - x = x.substring(i3, x.length()): null

15-01-2025T10:08:21 - [TEST_STEP][PASSED] - return x: null

15-01-2025T10:08:21 - [TEST_STEP][PASSED] - i = tableB.indexOf("Московский"): null

15-01-2025T10:08:21 - [TEST_STEP][PASSED] - LenB = replaceAll("\p{P}", "").trim(): null

15-01-2025T10:08:21 - [TEST_STEP][PASSED] - println("LenB: " + LenB): null

15-01-2025T10:08:21 - [TEST_STEP][PASSED] - tableB = Script1719551244403.NewDZO(x = tableB): null

15-01-2025T10:08:21 - [TEST_STEP][PASSED] - i3 = <not implemented yet for class: org.codehaus.groovy.ast.expr.EmptyExpression>: null

15-01-2025T10:08:21 - [TEST_STEP][PASSED] - i3 = x.indexOf("/") + 1: null

15-01-2025T10:08:21 - [TEST_STEP][PASSED] - x = x.substring(i3, x.length()): null

15-01-2025T10:08:21 - [TEST_STEP][PASSED] - return x: null

15-01-2025T10:08:21 - [TEST_STEP][PASSED] - tableB = Script1719551244403.NewDZO(x = tableB): null

15-01-2025T10:08:21 - [TEST_STEP][PASSED] - i3 = <not implemented yet for class: org.codehaus.groovy.ast.expr.EmptyExpression>: null

15-01-2025T10:08:21 - [TEST_STEP][PASSED] - i3 = x.indexOf("/") + 1: null

15-01-2025T10:08:21 - [TEST_STEP][PASSED] - x = x.substring(i3, x.length()): null

15-01-2025T10:08:21 - [TEST_STEP][PASSED] - return x: null

15-01-2025T10:08:21 - [TEST_STEP][PASSED] - i = tableB.indexOf("Кавказ"): null

15-01-2025T10:08:21 - [TEST_STEP][PASSED] - MosB = replaceAll("\p{P}", "").trim(): null

15-01-2025T10:08:21 - [TEST_STEP][PASSED] - println("MosB: " + MosB): null

15-01-2025T10:08:21 - [TEST_STEP][PASSED] - for ([i = 1, i < 3, (i++)]): null

15-01-2025T10:08:21 - [TEST_STEP][PASSED] - tableB = Script1719551244403.NewDZO(x = tableB): null

15-01-2025T10:08:21 - [TEST_STEP][PASSED] - i3 = <not implemented yet for class: org.codehaus.groovy.ast.expr.EmptyExpression>: null

15-01-2025T10:08:21 - [TEST_STEP][PASSED] - i3 = x.indexOf("/") + 1: null

15-01-2025T10:08:21 - [TEST_STEP][PASSED] - x = x.substring(i3, x.length()): null

15-01-2025T10:08:21 - [TEST_STEP][PASSED] - return x: null

15-01-2025T10:08:21 - [TEST_STEP][PASSED] - tableB = Script1719551244403.NewDZO(x = tableB): null

15-01-2025T10:08:21 - [TEST_STEP][PASSED] - i3 = <not implemented yet for class: org.codehaus.groovy.ast.expr.EmptyExpression>: null

15-01-2025T10:08:21 - [TEST_STEP][PASSED] - i3 = x.indexOf("/") + 1: null

15-01-2025T10:08:21 - [TEST_STEP][PASSED] - x = x.substring(i3, x.length()): null

15-01-2025T10:08:21 - [TEST_STEP][PASSED] - return x: null

15-01-2025T10:08:21 - [TEST_STEP][PASSED] - i = tableB.indexOf("Запад"): null

15-01-2025T10:08:21 - [TEST_STEP][PASSED] - SKB = replaceAll("\p{P}", "").trim(): null

15-01-2025T10:08:21 - [TEST_STEP][PASSED] - println("SKB: " + SKB): null

15-01-2025T10:08:21 - [TEST_STEP][PASSED] - for ([i = 1, i < 7, (i++)]): null

15-01-2025T10:08:21 - [TEST_STEP][PASSED] - tableB = Script1719551244403.NewDZO(x = tableB): null

15-01-2025T10:08:21 - [TEST_STEP][PASSED] - i3 = <not implemented yet for class: org.codehaus.groovy.ast.expr.EmptyExpression>: null

15-01-2025T10:08:21 - [TEST_STEP][PASSED] - i3 = x.indexOf("/") + 1: null

15-01-2025T10:08:21 - [TEST_STEP][PASSED] - x = x.substring(i3, x.length()): null

15-01-2025T10:08:21 - [TEST_STEP][PASSED] - return x: null

15-01-2025T10:08:21 - [TEST_STEP][PASSED] - tableB = Script1719551244403.NewDZO(x = tableB): null

15-01-2025T10:08:21 - [TEST_STEP][PASSED] - i3 = <not implemented yet for class: org.codehaus.groovy.ast.expr.EmptyExpression>: null

15-01-2025T10:08:21 - [TEST_STEP][PASSED] - i3 = x.indexOf("/") + 1: null

15-01-2025T10:08:21 - [TEST_STEP][PASSED] - x = x.substring(i3, x.length()): null

15-01-2025T10:08:21 - [TEST_STEP][PASSED] - return x: null

15-01-2025T10:08:21 - [TEST_STEP][PASSED] - tableB = Script1719551244403.NewDZO(x = tableB): null

15-01-2025T10:08:21 - [TEST_STEP][PASSED] - i3 = <not implemented yet for class: org.codehaus.groovy.ast.expr.EmptyExpression>: null

15-01-2025T10:08:21 - [TEST_STEP][PASSED] - i3 = x.indexOf("/") + 1: null

15-01-2025T10:08:21 - [TEST_STEP][PASSED] - x = x.substring(i3, x.length()): null

15-01-2025T10:08:21 - [TEST_STEP][PASSED] - return x: null

15-01-2025T10:08:21 - [TEST_STEP][PASSED] - tableB = Script1719551244403.NewDZO(x = tableB): null

15-01-2025T10:08:21 - [TEST_STEP][PASSED] - i3 = <not implemented yet for class: org.codehaus.groovy.ast.expr.EmptyExpression>: null

15-01-2025T10:08:21 - [TEST_STEP][PASSED] - i3 = x.indexOf("/") + 1: null

15-01-2025T10:08:21 - [TEST_STEP][PASSED] - x = x.substring(i3, x.length()): null

15-01-2025T10:08:21 - [TEST_STEP][PASSED] - return x: null

15-01-2025T10:08:21 - [TEST_STEP][PASSED] - tableB = Script1719551244403.NewDZO(x = tableB): null

15-01-2025T10:08:21 - [TEST_STEP][PASSED] - i3 = <not implemented yet for class: org.codehaus.groovy.ast.expr.EmptyExpression>: null

15-01-2025T10:08:21 - [TEST_STEP][PASSED] - i3 = x.indexOf("/") + 1: null

15-01-2025T10:08:21 - [TEST_STEP][PASSED] - x = x.substring(i3, x.length()): null

15-01-2025T10:08:21 - [TEST_STEP][PASSED] - return x: null

15-01-2025T10:08:21 - [TEST_STEP][PASSED] - tableB = Script1719551244403.NewDZO(x = tableB): null

15-01-2025T10:08:21 - [TEST_STEP][PASSED] - i3 = <not implemented yet for class: org.codehaus.groovy.ast.expr.EmptyExpression>: null

15-01-2025T10:08:21 - [TEST_STEP][PASSED] - i3 = x.indexOf("/") + 1: null

15-01-2025T10:08:21 - [TEST_STEP][PASSED] - x = x.substring(i3, x.length()): null

15-01-2025T10:08:21 - [TEST_STEP][PASSED] - return x: null

15-01-2025T10:08:21 - [TEST_STEP][PASSED] - i = tableB.indexOf("Сибирь"): null

15-01-2025T10:08:21 - [TEST_STEP][PASSED] - SZB = replaceAll("\p{P}", "").trim(): null

15-01-2025T10:08:21 - [TEST_STEP][PASSED] - println("SZB: " + SZB): null

15-01-2025T10:08:21 - [TEST_STEP][PASSED] - for ([i = 1, i < 8, (i++)]): null

15-01-2025T10:08:21 - [TEST_STEP][PASSED] - tableB = Script1719551244403.NewDZO(x = tableB): null

15-01-2025T10:08:21 - [TEST_STEP][PASSED] - i3 = <not implemented yet for class: org.codehaus.groovy.ast.expr.EmptyExpression>: null

15-01-2025T10:08:21 - [TEST_STEP][PASSED] - i3 = x.indexOf("/") + 1: null

15-01-2025T10:08:21 - [TEST_STEP][PASSED] - x = x.substring(i3, x.length()): null

15-01-2025T10:08:21 - [TEST_STEP][PASSED] - return x: null

15-01-2025T10:08:21 - [TEST_STEP][PASSED] - tableB = Script1719551244403.NewDZO(x = tableB): null

15-01-2025T10:08:21 - [TEST_STEP][PASSED] - i3 = <not implemented yet for class: org.codehaus.groovy.ast.expr.EmptyExpression>: null

15-01-2025T10:08:21 - [TEST_STEP][PASSED] - i3 = x.indexOf("/") + 1: null

15-01-2025T10:08:21 - [TEST_STEP][PASSED] - x = x.substring(i3, x.length()): null

15-01-2025T10:08:21 - [TEST_STEP][PASSED] - return x: null

15-01-2025T10:08:21 - [TEST_STEP][PASSED] - tableB = Script1719551244403.NewDZO(x = tableB): null

15-01-2025T10:08:21 - [TEST_STEP][PASSED] - i3 = <not implemented yet for class: org.codehaus.groovy.ast.expr.EmptyExpression>: null

15-01-2025T10:08:21 - [TEST_STEP][PASSED] - i3 = x.indexOf("/") + 1: null

15-01-2025T10:08:21 - [TEST_STEP][PASSED] - x = x.substring(i3, x.length()): null

15-01-2025T10:08:21 - [TEST_STEP][PASSED] - return x: null

15-01-2025T10:08:21 - [TEST_STEP][PASSED] - tableB = Script1719551244403.NewDZO(x = tableB): null

15-01-2025T10:08:21 - [TEST_STEP][PASSED] - i3 = <not implemented yet for class: org.codehaus.groovy.ast.expr.EmptyExpression>: null

15-01-2025T10:08:21 - [TEST_STEP][PASSED] - i3 = x.indexOf("/") + 1: null

15-01-2025T10:08:21 - [TEST_STEP][PASSED] - x = x.substring(i3, x.length()): null

15-01-2025T10:08:21 - [TEST_STEP][PASSED] - return x: null

15-01-2025T10:08:21 - [TEST_STEP][PASSED] - tableB = Script1719551244403.NewDZO(x = tableB): null

15-01-2025T10:08:21 - [TEST_STEP][PASSED] - i3 = <not implemented yet for class: org.codehaus.groovy.ast.expr.EmptyExpression>: null

15-01-2025T10:08:21 - [TEST_STEP][PASSED] - i3 = x.indexOf("/") + 1: null

15-01-2025T10:08:21 - [TEST_STEP][PASSED] - x = x.substring(i3, x.length()): null

15-01-2025T10:08:21 - [TEST_STEP][PASSED] - return x: null

15-01-2025T10:08:21 - [TEST_STEP][PASSED] - tableB = Script1719551244403.NewDZO(x = tableB): null

15-01-2025T10:08:21 - [TEST_STEP][PASSED] - i3 = <not implemented yet for class: org.codehaus.groovy.ast.expr.EmptyExpression>: null

15-01-2025T10:08:21 - [TEST_STEP][PASSED] - i3 = x.indexOf("/") + 1: null

15-01-2025T10:08:21 - [TEST_STEP][PASSED] - x = x.substring(i3, x.length()): null

15-01-2025T10:08:21 - [TEST_STEP][PASSED] - return x: null

15-01-2025T10:08:21 - [TEST_STEP][PASSED] - tableB = Script1719551244403.NewDZO(x = tableB): null

15-01-2025T10:08:21 - [TEST_STEP][PASSED] - i3 = <not implemented yet for class: org.codehaus.groovy.ast.expr.EmptyExpression>: null

15-01-2025T10:08:21 - [TEST_STEP][PASSED] - i3 = x.indexOf("/") + 1: null

15-01-2025T10:08:21 - [TEST_STEP][PASSED] - x = x.substring(i3, x.length()): null

15-01-2025T10:08:21 - [TEST_STEP][PASSED] - return x: null

15-01-2025T10:08:21 - [TEST_STEP][PASSED] - i = tableB.indexOf("Томск"): null

15-01-2025T10:08:21 - [TEST_STEP][PASSED] - SiB = replaceAll("\p{P}", "").trim(): null

15-01-2025T10:08:21 - [TEST_STEP][PASSED] - println("SiB: " + SiB): null

15-01-2025T10:08:21 - [TEST_STEP][PASSED] - for ([i = 1, i < 9, (i++)]): null

15-01-2025T10:08:21 - [TEST_STEP][PASSED] - tableB = Script1719551244403.NewDZO(x = tableB): null

15-01-2025T10:08:21 - [TEST_STEP][PASSED] - i3 = <not implemented yet for class: org.codehaus.groovy.ast.expr.EmptyExpression>: null

15-01-2025T10:08:21 - [TEST_STEP][PASSED] - i3 = x.indexOf("/") + 1: null

15-01-2025T10:08:21 - [TEST_STEP][PASSED] - x = x.substring(i3, x.length()): null

15-01-2025T10:08:21 - [TEST_STEP][PASSED] - return x: null

15-01-2025T10:08:21 - [TEST_STEP][PASSED] - tableB = Script1719551244403.NewDZO(x = tableB): null

15-01-2025T10:08:21 - [TEST_STEP][PASSED] - i3 = <not implemented yet for class: org.codehaus.groovy.ast.expr.EmptyExpression>: null

15-01-2025T10:08:21 - [TEST_STEP][PASSED] - i3 = x.indexOf("/") + 1: null

15-01-2025T10:08:21 - [TEST_STEP][PASSED] - x = x.substring(i3, x.length()): null

15-01-2025T10:08:21 - [TEST_STEP][PASSED] - return x: null

15-01-2025T10:08:21 - [TEST_STEP][PASSED] - tableB = Script1719551244403.NewDZO(x = tableB): null

15-01-2025T10:08:21 - [TEST_STEP][PASSED] - i3 = <not implemented yet for class: org.codehaus.groovy.ast.expr.EmptyExpression>: null

15-01-2025T10:08:21 - [TEST_STEP][PASSED] - i3 = x.indexOf("/") + 1: null

15-01-2025T10:08:21 - [TEST_STEP][PASSED] - x = x.substring(i3, x.length()): null

15-01-2025T10:08:21 - [TEST_STEP][PASSED] - return x: null

15-01-2025T10:08:21 - [TEST_STEP][PASSED] - tableB = Script1719551244403.NewDZO(x = tableB): null

15-01-2025T10:08:21 - [TEST_STEP][PASSED] - i3 = <not implemented yet for class: org.codehaus.groovy.ast.expr.EmptyExpression>: null

15-01-2025T10:08:21 - [TEST_STEP][PASSED] - i3 = x.indexOf("/") + 1: null

15-01-2025T10:08:21 - [TEST_STEP][PASSED] - x = x.substring(i3, x.length()): null

15-01-2025T10:08:21 - [TEST_STEP][PASSED] - return x: null

15-01-2025T10:08:21 - [TEST_STEP][PASSED] - tableB = Script1719551244403.NewDZO(x = tableB): null

15-01-2025T10:08:21 - [TEST_STEP][PASSED] - i3 = <not implemented yet for class: org.codehaus.groovy.ast.expr.EmptyExpression>: null

15-01-2025T10:08:21 - [TEST_STEP][PASSED] - i3 = x.indexOf("/") + 1: null

15-01-2025T10:08:21 - [TEST_STEP][PASSED] - x = x.substring(i3, x.length()): null

15-01-2025T10:08:21 - [TEST_STEP][PASSED] - return x: null

15-01-2025T10:08:21 - [TEST_STEP][PASSED] - tableB = Script1719551244403.NewDZO(x = tableB): null

15-01-2025T10:08:21 - [TEST_STEP][PASSED] - i3 = <not implemented yet for class: org.codehaus.groovy.ast.expr.EmptyExpression>: null

15-01-2025T10:08:21 - [TEST_STEP][PASSED] - i3 = x.indexOf("/") + 1: null

15-01-2025T10:08:21 - [TEST_STEP][PASSED] - x = x.substring(i3, x.length()): null

15-01-2025T10:08:21 - [TEST_STEP][PASSED] - return x: null

15-01-2025T10:08:21 - [TEST_STEP][PASSED] - tableB = Script1719551244403.NewDZO(x = tableB): null

15-01-2025T10:08:21 - [TEST_STEP][PASSED] - i3 = <not implemented yet for class: org.codehaus.groovy.ast.expr.EmptyExpression>: null

15-01-2025T10:08:21 - [TEST_STEP][PASSED] - i3 = x.indexOf("/") + 1: null

15-01-2025T10:08:21 - [TEST_STEP][PASSED] - x = x.substring(i3, x.length()): null

15-01-2025T10:08:21 - [TEST_STEP][PASSED] - return x: null

15-01-2025T10:08:21 - [TEST_STEP][PASSED] - tableB = Script1719551244403.NewDZO(x = tableB): null

15-01-2025T10:08:21 - [TEST_STEP][PASSED] - i3 = <not implemented yet for class: org.codehaus.groovy.ast.expr.EmptyExpression>: null

15-01-2025T10:08:21 - [TEST_STEP][PASSED] - i3 = x.indexOf("/") + 1: null

15-01-2025T10:08:21 - [TEST_STEP][PASSED] - x = x.substring(i3, x.length()): null

15-01-2025T10:08:21 - [TEST_STEP][PASSED] - return x: null

15-01-2025T10:08:21 - [TEST_STEP][PASSED] - i = tableB.indexOf("Тюмень"): null

15-01-2025T10:08:21 - [TEST_STEP][PASSED] - ToB = replaceAll("\p{P}", "").trim(): null

15-01-2025T10:08:21 - [TEST_STEP][PASSED] - println("ToB: " + ToB): null

15-01-2025T10:08:21 - [TEST_STEP][PASSED] - tableB = Script1719551244403.NewDZO(x = tableB): null

15-01-2025T10:08:21 - [TEST_STEP][PASSED] - i3 = <not implemented yet for class: org.codehaus.groovy.ast.expr.EmptyExpression>: null

15-01-2025T10:08:21 - [TEST_STEP][PASSED] - i3 = x.indexOf("/") + 1: null

15-01-2025T10:08:21 - [TEST_STEP][PASSED] - x = x.substring(i3, x.length()): null

15-01-2025T10:08:21 - [TEST_STEP][PASSED] - return x: null

15-01-2025T10:08:21 - [TEST_STEP][PASSED] - TyuB = replaceAll("\p{P}", "").trim(): null

15-01-2025T10:08:21 - [TEST_STEP][PASSED] - println("TyuB: " + TyuB): null

15-01-2025T10:08:21 - [TEST_STEP][PASSED] - tableB = Script1719551244403.NewDZO(x = tableB): null

15-01-2025T10:08:21 - [TEST_STEP][PASSED] - i3 = <not implemented yet for class: org.codehaus.groovy.ast.expr.EmptyExpression>: null

15-01-2025T10:08:21 - [TEST_STEP][PASSED] - i3 = x.indexOf("/") + 1: null

15-01-2025T10:08:21 - [TEST_STEP][PASSED] - x = x.substring(i3, x.length()): null

15-01-2025T10:08:21 - [TEST_STEP][PASSED] - return x: null

15-01-2025T10:08:21 - [TEST_STEP][PASSED] - i = tableB.indexOf("ЕЭС"): null

15-01-2025T10:08:21 - [TEST_STEP][PASSED] - UrB = replaceAll("\p{P}", "").trim(): null

15-01-2025T10:08:21 - [TEST_STEP][PASSED] - println("UrB: " + UrB): null

15-01-2025T10:08:21 - [TEST_STEP][PASSED] - for ([i = 1, i < 4, (i++)]): null

15-01-2025T10:08:21 - [TEST_STEP][PASSED] - tableB = Script1719551244403.NewDZO(x = tableB): null

15-01-2025T10:08:21 - [TEST_STEP][PASSED] - i3 = <not implemented yet for class: org.codehaus.groovy.ast.expr.EmptyExpression>: null

15-01-2025T10:08:21 - [TEST_STEP][PASSED] - i3 = x.indexOf("/") + 1: null

15-01-2025T10:08:21 - [TEST_STEP][PASSED] - x = x.substring(i3, x.length()): null

15-01-2025T10:08:21 - [TEST_STEP][PASSED] - return x: null

15-01-2025T10:08:21 - [TEST_STEP][PASSED] - tableB = Script1719551244403.NewDZO(x = tableB): null

15-01-2025T10:08:21 - [TEST_STEP][PASSED] - i3 = <not implemented yet for class: org.codehaus.groovy.ast.expr.EmptyExpression>: null

15-01-2025T10:08:21 - [TEST_STEP][PASSED] - i3 = x.indexOf("/") + 1: null

15-01-2025T10:08:21 - [TEST_STEP][PASSED] - x = x.substring(i3, x.length()): null

15-01-2025T10:08:21 - [TEST_STEP][PASSED] - return x: null

15-01-2025T10:08:21 - [TEST_STEP][PASSED] - tableB = Script1719551244403.NewDZO(x = tableB): null

15-01-2025T10:08:21 - [TEST_STEP][PASSED] - i3 = <not implemented yet for class: org.codehaus.groovy.ast.expr.EmptyExpression>: null

15-01-2025T10:08:21 - [TEST_STEP][PASSED] - i3 = x.indexOf("/") + 1: null

15-01-2025T10:08:21 - [TEST_STEP][PASSED] - x = x.substring(i3, x.length()): null

15-01-2025T10:08:21 - [TEST_STEP][PASSED] - return x: null

15-01-2025T10:08:21 - [TEST_STEP][PASSED] - i = tableB.indexOf("Центр"): null

15-01-2025T10:08:21 - [TEST_STEP][PASSED] - FSKB = replaceAll("\p{P}", "").trim(): null

15-01-2025T10:08:21 - [TEST_STEP][PASSED] - println("FSKB: " + FSKB): null

15-01-2025T10:08:21 - [TEST_STEP][PASSED] - tableB = Script1719551244403.NewDZO(x = tableB): null

15-01-2025T10:08:21 - [TEST_STEP][PASSED] - i3 = <not implemented yet for class: org.codehaus.groovy.ast.expr.EmptyExpression>: null

15-01-2025T10:08:21 - [TEST_STEP][PASSED] - i3 = x.indexOf("/") + 1: null

15-01-2025T10:08:21 - [TEST_STEP][PASSED] - x = x.substring(i3, x.length()): null

15-01-2025T10:08:21 - [TEST_STEP][PASSED] - return x: null

15-01-2025T10:08:21 - [TEST_STEP][PASSED] - i = tableB.indexOf("Приволжье"): null

15-01-2025T10:08:21 - [TEST_STEP][PASSED] - CenB = replaceAll("\p{P}", "").trim(): null

15-01-2025T10:08:21 - [TEST_STEP][PASSED] - println("CenB: " + CenB): null

15-01-2025T10:08:21 - [TEST_STEP][PASSED] - for ([i = 1, i < 12, (i++)]): null

15-01-2025T10:08:21 - [TEST_STEP][PASSED] - tableB = Script1719551244403.NewDZO(x = tableB): null

15-01-2025T10:08:21 - [TEST_STEP][PASSED] - i3 = <not implemented yet for class: org.codehaus.groovy.ast.expr.EmptyExpression>: null

15-01-2025T10:08:21 - [TEST_STEP][PASSED] - i3 = x.indexOf("/") + 1: null

15-01-2025T10:08:21 - [TEST_STEP][PASSED] - x = x.substring(i3, x.length()): null

15-01-2025T10:08:21 - [TEST_STEP][PASSED] - return x: null

15-01-2025T10:08:21 - [TEST_STEP][PASSED] - tableB = Script1719551244403.NewDZO(x = tableB): null

15-01-2025T10:08:21 - [TEST_STEP][PASSED] - i3 = <not implemented yet for class: org.codehaus.groovy.ast.expr.EmptyExpression>: null

15-01-2025T10:08:21 - [TEST_STEP][PASSED] - i3 = x.indexOf("/") + 1: null

15-01-2025T10:08:21 - [TEST_STEP][PASSED] - x = x.substring(i3, x.length()): null

15-01-2025T10:08:21 - [TEST_STEP][PASSED] - return x: null

15-01-2025T10:08:21 - [TEST_STEP][PASSED] - tableB = Script1719551244403.NewDZO(x = tableB): null

15-01-2025T10:08:21 - [TEST_STEP][PASSED] - i3 = <not implemented yet for class: org.codehaus.groovy.ast.expr.EmptyExpression>: null

15-01-2025T10:08:21 - [TEST_STEP][PASSED] - i3 = x.indexOf("/") + 1: null

15-01-2025T10:08:21 - [TEST_STEP][PASSED] - x = x.substring(i3, x.length()): null

15-01-2025T10:08:21 - [TEST_STEP][PASSED] - return x: null

15-01-2025T10:08:21 - [TEST_STEP][PASSED] - tableB = Script1719551244403.NewDZO(x = tableB): null

15-01-2025T10:08:21 - [TEST_STEP][PASSED] - i3 = <not implemented yet for class: org.codehaus.groovy.ast.expr.EmptyExpression>: null

15-01-2025T10:08:21 - [TEST_STEP][PASSED] - i3 = x.indexOf("/") + 1: null

15-01-2025T10:08:21 - [TEST_STEP][PASSED] - x = x.substring(i3, x.length()): null

15-01-2025T10:08:21 - [TEST_STEP][PASSED] - return x: null

15-01-2025T10:08:21 - [TEST_STEP][PASSED] - tableB = Script1719551244403.NewDZO(x = tableB): null

15-01-2025T10:08:21 - [TEST_STEP][PASSED] - i3 = <not implemented yet for class: org.codehaus.groovy.ast.expr.EmptyExpression>: null

15-01-2025T10:08:21 - [TEST_STEP][PASSED] - i3 = x.indexOf("/") + 1: null

15-01-2025T10:08:21 - [TEST_STEP][PASSED] - x = x.substring(i3, x.length()): null

15-01-2025T10:08:21 - [TEST_STEP][PASSED] - return x: null

15-01-2025T10:08:21 - [TEST_STEP][PASSED] - tableB = Script1719551244403.NewDZO(x = tableB): null

15-01-2025T10:08:21 - [TEST_STEP][PASSED] - i3 = <not implemented yet for class: org.codehaus.groovy.ast.expr.EmptyExpression>: null

15-01-2025T10:08:21 - [TEST_STEP][PASSED] - i3 = x.indexOf("/") + 1: null

15-01-2025T10:08:21 - [TEST_STEP][PASSED] - x = x.substring(i3, x.length()): null

15-01-2025T10:08:21 - [TEST_STEP][PASSED] - return x: null

15-01-2025T10:08:21 - [TEST_STEP][PASSED] - tableB = Script1719551244403.NewDZO(x = tableB): null

15-01-2025T10:08:21 - [TEST_STEP][PASSED] - i3 = <not implemented yet for class: org.codehaus.groovy.ast.expr.EmptyExpression>: null

15-01-2025T10:08:21 - [TEST_STEP][PASSED] - i3 = x.indexOf("/") + 1: null

15-01-2025T10:08:21 - [TEST_STEP][PASSED] - x = x.substring(i3, x.length()): null

15-01-2025T10:08:21 - [TEST_STEP][PASSED] - return x: null

15-01-2025T10:08:21 - [TEST_STEP][PASSED] - tableB = Script1719551244403.NewDZO(x = tableB): null

15-01-2025T10:08:21 - [TEST_STEP][PASSED] - i3 = <not implemented yet for class: org.codehaus.groovy.ast.expr.EmptyExpression>: null

15-01-2025T10:08:21 - [TEST_STEP][PASSED] - i3 = x.indexOf("/") + 1: null

15-01-2025T10:08:21 - [TEST_STEP][PASSED] - x = x.substring(i3, x.length()): null

15-01-2025T10:08:21 - [TEST_STEP][PASSED] - return x: null

15-01-2025T10:08:21 - [TEST_STEP][PASSED] - tableB = Script1719551244403.NewDZO(x = tableB): null

15-01-2025T10:08:21 - [TEST_STEP][PASSED] - i3 = <not implemented yet for class: org.codehaus.groovy.ast.expr.EmptyExpression>: null

15-01-2025T10:08:21 - [TEST_STEP][PASSED] - i3 = x.indexOf("/") + 1: null

15-01-2025T10:08:21 - [TEST_STEP][PASSED] - x = x.substring(i3, x.length()): null

15-01-2025T10:08:21 - [TEST_STEP][PASSED] - return x: null

15-01-2025T10:08:21 - [TEST_STEP][PASSED] - tableB = Script1719551244403.NewDZO(x = tableB): null

15-01-2025T10:08:21 - [TEST_STEP][PASSED] - i3 = <not implemented yet for class: org.codehaus.groovy.ast.expr.EmptyExpression>: null

15-01-2025T10:08:21 - [TEST_STEP][PASSED] - i3 = x.indexOf("/") + 1: null

15-01-2025T10:08:21 - [TEST_STEP][PASSED] - x = x.substring(i3, x.length()): null

15-01-2025T10:08:21 - [TEST_STEP][PASSED] - return x: null

15-01-2025T10:08:21 - [TEST_STEP][PASSED] - tableB = Script1719551244403.NewDZO(x = tableB): null

15-01-2025T10:08:21 - [TEST_STEP][PASSED] - i3 = <not implemented yet for class: org.codehaus.groovy.ast.expr.EmptyExpression>: null

15-01-2025T10:08:21 - [TEST_STEP][PASSED] - i3 = x.indexOf("/") + 1: null

15-01-2025T10:08:21 - [TEST_STEP][PASSED] - x = x.substring(i3, x.length()): null

15-01-2025T10:08:21 - [TEST_STEP][PASSED] - return x: null

15-01-2025T10:08:21 - [TEST_STEP][PASSED] - i = tableB.indexOf("Юг"): null

15-01-2025T10:08:21 - [TEST_STEP][PASSED] - CiPB = replaceAll("\p{P}", "").trim(): null

15-01-2025T10:08:21 - [TEST_STEP][PASSED] - println("CiPB: " + CiPB): null

15-01-2025T10:08:21 - [TEST_STEP][PASSED] - for ([i = 1, i < 10, (i++)]): null

15-01-2025T10:08:21 - [TEST_STEP][PASSED] - tableB = Script1719551244403.NewDZO(x = tableB): null

15-01-2025T10:08:21 - [TEST_STEP][PASSED] - i3 = <not implemented yet for class: org.codehaus.groovy.ast.expr.EmptyExpression>: null

15-01-2025T10:08:21 - [TEST_STEP][PASSED] - i3 = x.indexOf("/") + 1: null

15-01-2025T10:08:21 - [TEST_STEP][PASSED] - x = x.substring(i3, x.length()): null

15-01-2025T10:08:21 - [TEST_STEP][PASSED] - return x: null

15-01-2025T10:08:21 - [TEST_STEP][PASSED] - tableB = Script1719551244403.NewDZO(x = tableB): null

15-01-2025T10:08:21 - [TEST_STEP][PASSED] - i3 = <not implemented yet for class: org.codehaus.groovy.ast.expr.EmptyExpression>: null

15-01-2025T10:08:21 - [TEST_STEP][PASSED] - i3 = x.indexOf("/") + 1: null

15-01-2025T10:08:21 - [TEST_STEP][PASSED] - x = x.substring(i3, x.length()): null

15-01-2025T10:08:21 - [TEST_STEP][PASSED] - return x: null

15-01-2025T10:08:21 - [TEST_STEP][PASSED] - tableB = Script1719551244403.NewDZO(x = tableB): null

15-01-2025T10:08:21 - [TEST_STEP][PASSED] - i3 = <not implemented yet for class: org.codehaus.groovy.ast.expr.EmptyExpression>: null

15-01-2025T10:08:21 - [TEST_STEP][PASSED] - i3 = x.indexOf("/") + 1: null

15-01-2025T10:08:21 - [TEST_STEP][PASSED] - x = x.substring(i3, x.length()): null

15-01-2025T10:08:21 - [TEST_STEP][PASSED] - return x: null

15-01-2025T10:08:21 - [TEST_STEP][PASSED] - tableB = Script1719551244403.NewDZO(x = tableB): null

15-01-2025T10:08:21 - [TEST_STEP][PASSED] - i3 = <not implemented yet for class: org.codehaus.groovy.ast.expr.EmptyExpression>: null

15-01-2025T10:08:21 - [TEST_STEP][PASSED] - i3 = x.indexOf("/") + 1: null

15-01-2025T10:08:21 - [TEST_STEP][PASSED] - x = x.substring(i3, x.length()): null

15-01-2025T10:08:21 - [TEST_STEP][PASSED] - return x: null

15-01-2025T10:08:21 - [TEST_STEP][PASSED] - tableB = Script1719551244403.NewDZO(x = tableB): null

15-01-2025T10:08:21 - [TEST_STEP][PASSED] - i3 = <not implemented yet for class: org.codehaus.groovy.ast.expr.EmptyExpression>: null

15-01-2025T10:08:21 - [TEST_STEP][PASSED] - i3 = x.indexOf("/") + 1: null

15-01-2025T10:08:21 - [TEST_STEP][PASSED] - x = x.substring(i3, x.length()): null

15-01-2025T10:08:21 - [TEST_STEP][PASSED] - return x: null

15-01-2025T10:08:21 - [TEST_STEP][PASSED] - tableB = Script1719551244403.NewDZO(x = tableB): null

15-01-2025T10:08:21 - [TEST_STEP][PASSED] - i3 = <not implemented yet for class: org.codehaus.groovy.ast.expr.EmptyExpression>: null

15-01-2025T10:08:21 - [TEST_STEP][PASSED] - i3 = x.indexOf("/") + 1: null

15-01-2025T10:08:21 - [TEST_STEP][PASSED] - x = x.substring(i3, x.length()): null

15-01-2025T10:08:21 - [TEST_STEP][PASSED] - return x: null

15-01-2025T10:08:21 - [TEST_STEP][PASSED] - tableB = Script1719551244403.NewDZO(x = tableB): null

15-01-2025T10:08:21 - [TEST_STEP][PASSED] - i3 = <not implemented yet for class: org.codehaus.groovy.ast.expr.EmptyExpression>: null

15-01-2025T10:08:21 - [TEST_STEP][PASSED] - i3 = x.indexOf("/") + 1: null

15-01-2025T10:08:21 - [TEST_STEP][PASSED] - x = x.substring(i3, x.length()): null

15-01-2025T10:08:21 - [TEST_STEP][PASSED] - return x: null

15-01-2025T10:08:21 - [TEST_STEP][PASSED] - tableB = Script1719551244403.NewDZO(x = tableB): null

15-01-2025T10:08:21 - [TEST_STEP][PASSED] - i3 = <not implemented yet for class: org.codehaus.groovy.ast.expr.EmptyExpression>: null

15-01-2025T10:08:21 - [TEST_STEP][PASSED] - i3 = x.indexOf("/") + 1: null

15-01-2025T10:08:21 - [TEST_STEP][PASSED] - x = x.substring(i3, x.length()): null

15-01-2025T10:08:21 - [TEST_STEP][PASSED] - return x: null

15-01-2025T10:08:21 - [TEST_STEP][PASSED] - tableB = Script1719551244403.NewDZO(x = tableB): null

15-01-2025T10:08:21 - [TEST_STEP][PASSED] - i3 = <not implemented yet for class: org.codehaus.groovy.ast.expr.EmptyExpression>: null

15-01-2025T10:08:21 - [TEST_STEP][PASSED] - i3 = x.indexOf("/") + 1: null

15-01-2025T10:08:21 - [TEST_STEP][PASSED] - x = x.substring(i3, x.length()): null

15-01-2025T10:08:21 - [TEST_STEP][PASSED] - return x: null

15-01-2025T10:08:21 - [TEST_STEP][PASSED] - i = tableB.indexOf("Янтарь"): null

15-01-2025T10:08:21 - [TEST_STEP][PASSED] - UgB = replaceAll("\p{P}", "").trim(): null

15-01-2025T10:08:21 - [TEST_STEP][PASSED] - println("UgB: " + UgB): null

15-01-2025T10:08:21 - [TEST_STEP][PASSED] - i = tableB.lastIndexOf("/"): null

15-01-2025T10:08:21 - [TEST_STEP][PASSED] - YaB = replaceAll("\p{P}", "").trim(): null

15-01-2025T10:08:21 - [TEST_STEP][PASSED] - println("YaB: " + YaB): null

15-01-2025T10:08:21 - [TEST_STEP][PASSED] - vidget = "Отклонения выручки по факторам": null

15-01-2025T10:08:21 - [TEST_STEP][PASSED] - if (run == 2): null

15-01-2025T10:08:21 - [TEST_STEP][PASSED] - Script1719551244403.Test(run, todaysDate, typeOfData, otobrajeniyeDannyh, x, y, vidget, DZO): null

15-01-2025T10:08:21 - [TEST_STEP][PASSED] - navigateToUrl(findTestData("PlanFact").getValue(10, 3)): Navigate to 'https://bi.rosseti.digital/viewer?dashboardGuid=2301950b23be4ed89c1df75f2020051e&sheetGuid=ccd7d7486b3d4e6fa0ee9b1eaebed46c&fit=true' successfully

15-01-2025T10:08:21 - [MESSAGE][PASSED] - Navigate to 'https://bi.rosseti.digital/viewer?dashboardGuid=2301950b23be4ed89c1df75f2020051e&sheetGuid=ccd7d7486b3d4e6fa0ee9b1eaebed46c&fit=true' successfully

15-01-2025T10:08:21 - [TEST_STEP][PASSED] - Script1719551244403.Autorization(run): null

15-01-2025T10:08:21 - [TEST_STEP][PASSED] - delay(10): Delayed 10 second(s)

15-01-2025T10:08:31 - [MESSAGE][PASSED] - Delayed 10 second(s)

15-01-2025T10:08:31 - [TEST_STEP][PASSED] - if (run == 1): null

15-01-2025T10:08:31 - [TEST_STEP][PASSED] - i = <not implemented yet for class: org.codehaus.groovy.ast.expr.EmptyExpression>: null

15-01-2025T10:08:31 - [TEST_STEP][PASSED] - ii = <not implemented yet for class: org.codehaus.groovy.ast.expr.EmptyExpression>: null

15-01-2025T10:08:31 - [TEST_STEP][PASSED] - a = <not implemented yet for class: org.codehaus.groovy.ast.expr.EmptyExpression>: null

15-01-2025T10:08:31 - [TEST_STEP][PASSED] - a1 = <not implemented yet for class: org.codehaus.groovy.ast.expr.EmptyExpression>: null

15-01-2025T10:08:31 - [TEST_STEP][PASSED] - a2 = <not implemented yet for class: org.codehaus.groovy.ast.expr.EmptyExpression>: null

15-01-2025T10:08:31 - [TEST_STEP][PASSED] - click(findTestObject("Факторный анализ/Фильтр Период")): Object: 'Object Repository/Факторный анализ/Фильтр Период' is clicked on

15-01-2025T10:08:35 - [MESSAGE][PASSED] - Object: 'Object Repository/Факторный анализ/Фильтр Период' is clicked on

15-01-2025T10:08:35 - [TEST_STEP][PASSED] - click(findTestObject("Факторный анализ/Снять выделение в фильтре Дата")): Object: 'Object Repository/Факторный анализ/Снять выделение в фильтре Дата' is clicked on

15-01-2025T10:08:35 - [MESSAGE][PASSED] - Object: 'Object Repository/Факторный анализ/Снять выделение в фильтре Дата' is clicked on

15-01-2025T10:08:35 - [TEST_STEP][PASSED] - click(findTestObject("Факторный анализ/Применить в фильтре Дата")): Object: 'Object Repository/Факторный анализ/Применить в фильтре Дата' is clicked on

15-01-2025T10:08:36 - [MESSAGE][PASSED] - Object: 'Object Repository/Факторный анализ/Применить в фильтре Дата' is clicked on

15-01-2025T10:08:36 - [TEST_STEP][PASSED] - delay(10): Delayed 10 second(s)

15-01-2025T10:08:46 - [MESSAGE][PASSED] - Delayed 10 second(s)

15-01-2025T10:08:46 - [TEST_STEP][PASSED] - click(findTestObject("Факторный анализ/Фильтр Период")): Object: 'Object Repository/Факторный анализ/Фильтр Период' is clicked on

15-01-2025T10:08:46 - [MESSAGE][PASSED] - Object: 'Object Repository/Факторный анализ/Фильтр Период' is clicked on

15-01-2025T10:08:46 - [TEST_STEP][PASSED] - click(findTestObject("Факторный анализ/Снять выделение в фильтре Дата")): Object: 'Object Repository/Факторный анализ/Снять выделение в фильтре Дата' is clicked on

15-01-2025T10:08:47 - [MESSAGE][PASSED] - Object: 'Object Repository/Факторный анализ/Снять выделение в фильтре Дата' is clicked on

15-01-2025T10:08:47 - [TEST_STEP][PASSED] - scrollToElement(findTestObject("Факторный анализ/2024 список"), 30): Scroll to object 'Object Repository/Факторный анализ/2024 список' successfully

15-01-2025T10:08:47 - [MESSAGE][PASSED] - Scroll to object 'Object Repository/Факторный анализ/2024 список' successfully

15-01-2025T10:08:47 - [TEST_STEP][PASSED] - click(findTestObject("Факторный анализ/2024 список")): Object: 'Object Repository/Факторный анализ/2024 список' is clicked on

15-01-2025T10:08:47 - [MESSAGE][PASSED] - Object: 'Object Repository/Факторный анализ/2024 список' is clicked on

15-01-2025T10:08:47 - [TEST_STEP][PASSED] - scrollToElement(findTestObject("Факторный анализ/1 квартал 2024 выбрать"), 30): Scroll to object 'Object Repository/Факторный анализ/1 квартал 2024 выбрать' successfully

15-01-2025T10:08:48 - [MESSAGE][PASSED] - Scroll to object 'Object Repository/Факторный анализ/1 квартал 2024 выбрать' successfully

15-01-2025T10:08:48 - [TEST_STEP][PASSED] - click(findTestObject("Факторный анализ/1 квартал 2024 выбрать")): Object: 'Object Repository/Факторный анализ/1 квартал 2024 выбрать' is clicked on

15-01-2025T10:08:48 - [MESSAGE][PASSED] - Object: 'Object Repository/Факторный анализ/1 квартал 2024 выбрать' is clicked on

15-01-2025T10:08:48 - [TEST_STEP][PASSED] - scrollToElement(findTestObject("Факторный анализ/1 квартал 2024 выбрать"), 30): Scroll to object 'Object Repository/Факторный анализ/1 квартал 2024 выбрать' successfully

15-01-2025T10:08:49 - [MESSAGE][PASSED] - Scroll to object 'Object Repository/Факторный анализ/1 квартал 2024 выбрать' successfully

15-01-2025T10:08:49 - [TEST_STEP][PASSED] - click(findTestObject("Факторный анализ/2 квартал 2024 выбрать"), CONTINUE_ON_FAILURE): Object: 'Object Repository/Факторный анализ/2 квартал 2024 выбрать' is clicked on

15-01-2025T10:08:49 - [MESSAGE][PASSED] - Object: 'Object Repository/Факторный анализ/2 квартал 2024 выбрать' is clicked on

15-01-2025T10:08:49 - [TEST_STEP][PASSED] - click(findTestObject("Факторный анализ/3 квартал 2024 выбрать"), CONTINUE_ON_FAILURE): Object: 'Object Repository/Факторный анализ/3 квартал 2024 выбрать' is clicked on

15-01-2025T10:08:49 - [MESSAGE][PASSED] - Object: 'Object Repository/Факторный анализ/3 квартал 2024 выбрать' is clicked on

15-01-2025T10:08:49 - [TEST_STEP][PASSED] - scrollToElement(findTestObject("Факторный анализ/4 квартал 2024 список"), 30): Scroll to object 'Object Repository/Факторный анализ/4 квартал 2024 список' successfully

15-01-2025T10:08:50 - [MESSAGE][PASSED] - Scroll to object 'Object Repository/Факторный анализ/4 квартал 2024 список' successfully

15-01-2025T10:08:50 - [TEST_STEP][PASSED] - click(findTestObject("Факторный анализ/4 квартал 2024 список"), CONTINUE_ON_FAILURE): Object: 'Object Repository/Факторный анализ/4 квартал 2024 список' is clicked on

15-01-2025T10:08:50 - [MESSAGE][PASSED] - Object: 'Object Repository/Факторный анализ/4 квартал 2024 список' is clicked on

15-01-2025T10:08:50 - [TEST_STEP][PASSED] - scrollToElement(findTestObject("Факторный анализ/Октябрь 2024"), 30): Scroll to object 'Object Repository/Факторный анализ/Октябрь 2024' successfully

15-01-2025T10:08:51 - [MESSAGE][PASSED] - Scroll to object 'Object Repository/Факторный анализ/Октябрь 2024' successfully

15-01-2025T10:08:51 - [TEST_STEP][PASSED] - click(findTestObject("Факторный анализ/Октябрь 2024"), CONTINUE_ON_FAILURE): Object: 'Object Repository/Факторный анализ/Октябрь 2024' is clicked on

15-01-2025T10:08:51 - [MESSAGE][PASSED] - Object: 'Object Repository/Факторный анализ/Октябрь 2024' is clicked on

15-01-2025T10:08:51 - [TEST_STEP][PASSED] - scrollToElement(findTestObject("Факторный анализ/Ноябрь 2024"), 30): Scroll to object 'Object Repository/Факторный анализ/Ноябрь 2024' successfully

15-01-2025T10:08:51 - [MESSAGE][PASSED] - Scroll to object 'Object Repository/Факторный анализ/Ноябрь 2024' successfully

15-01-2025T10:08:51 - [TEST_STEP][PASSED] - click(findTestObject("Факторный анализ/Ноябрь 2024"), CONTINUE_ON_FAILURE): Object: 'Object Repository/Факторный анализ/Ноябрь 2024' is clicked on

15-01-2025T10:08:52 - [MESSAGE][PASSED] - Object: 'Object Repository/Факторный анализ/Ноябрь 2024' is clicked on

15-01-2025T10:08:52 - [TEST_STEP][PASSED] - scrollToElement(findTestObject("Факторный анализ/Заголовок дашборда"), 30): Scroll to object 'Object Repository/Факторный анализ/Заголовок дашборда' successfully

15-01-2025T10:08:52 - [MESSAGE][PASSED] - Scroll to object 'Object Repository/Факторный анализ/Заголовок дашборда' successfully

15-01-2025T10:08:52 - [TEST_STEP][PASSED] - click(findTestObject("Факторный анализ/Применить в фильтре Дата")): Object: 'Object Repository/Факторный анализ/Применить в фильтре Дата' is clicked on

15-01-2025T10:08:53 - [MESSAGE][PASSED] - Object: 'Object Repository/Факторный анализ/Применить в фильтре Дата' is clicked on

15-01-2025T10:08:53 - [TEST_STEP][PASSED] - if (run == 1): null

15-01-2025T10:08:53 - [TEST_STEP][PASSED] - else: null

15-01-2025T10:08:53 - [TEST_STEP][PASSED] - click(findTestObject("Факторный анализ/Переключить отображение с филиала на месяц")): Object: 'Object Repository/Факторный анализ/Переключить отображение с филиала на месяц' is clicked on

15-01-2025T10:08:56 - [MESSAGE][PASSED] - Object: 'Object Repository/Факторный анализ/Переключить отображение с филиала на месяц' is clicked on

15-01-2025T10:08:56 - [TEST_STEP][PASSED] - a1 = replaceAll("\s+", "").trim(): Text of object 'Object Repository/Факторный анализ/span1 Блок руководителя' is: '-1 273 592'

15-01-2025T10:08:56 - [MESSAGE][PASSED] - Text of object 'Object Repository/Факторный анализ/span1 Блок руководителя' is: '-1 273 592'

15-01-2025T10:08:56 - [TEST_STEP][PASSED] - a2 = replaceAll("\s+", "").trim(): Text of object 'Object Repository/Факторный анализ/span2 Блок руководителя' is: '12 577'

15-01-2025T10:08:56 - [MESSAGE][PASSED] - Text of object 'Object Repository/Факторный анализ/span2 Блок руководителя' is: '12 577'

15-01-2025T10:08:56 - [TEST_STEP][PASSED] - println("a1: " + a1): null

15-01-2025T10:08:56 - [TEST_STEP][PASSED] - println("a2: " + a2): null

15-01-2025T10:08:56 - [TEST_STEP][PASSED] - tableA = getText(findTestObject("Факторный анализ/AllTable1")).replaceAll("[\r?
|
]", "/"): Text of object 'Object Repository/Факторный анализ/AllTable1' is: 'ДЗО
Филиал
Отклонение (объём услуг)
Отклонение (средний тариф)
АО «Тываэнерго» АО "Тываэнерго" 486 - 128
АО «Чеченэнерго» АО «Чеченэнерго» -4 079 47
Россети Волга Мордовэнерго -3 530 -93
Оренбургэнерго -13 669 - 135
Пензаэнерго -8 434 -67
Самарские РС -16 427 -1 202
Саратовские РС -16 583 - 569
Ульяновские РС -6 101 - 216
Чувашэнерго -5 275 152
Россети Кубань Кубаньэнерго -64 770 599
Россети Ленэнерго (ГК) Ленинградская область -36 803 1 111
г. Санкт-Петербург -51 373 - 108
Россети Московский регион Московская область 5 429 - 877
г. Москва 4 012 10
Россети Северный Кавказ (ГК) Дагестанская энергосбытовая компания - 111 69
Дагэнерго -8 053 589
Ингушэнерго -1 797 137
Каббалкэнерго -3 286 70
Карачаево-Черкесскэнерго -2 129 13
Севкавказэнерго -3 775 172
Ставропольэнерго -10 373 - 198
Россети Северо-Запад Архангельский филиал 74 - 112
Вологодский филиал 277 8
Карельский филиал -91 186
Мурманский филиал 102 46
Новгородский филиал 227 -48
Псковский филиал 151 -15
филиал в Республике Коми -63 41
Россети Сибирь (ГК) Алтайэнерго 332 333
Бурятэнерго - 119 329
ГАЭС 153 -21
Красноярскэнерго 1 368 - 676
Кузбассэнерго-РЭС - 461 932
Омскэнерго 188 -70
Хакасэнерго 422 - 442
Читаэнерго -77 206
Россети Томск Томская распределительная компания -8 299 - 146
Россети Тюмень Россети Тюмень -82 026 - 638
Россети Урал (ГК) Пермэнерго 669 - 246
Свердловэнерго 964 315
Челябэнерго 1 045 - 720
Россети ФСК ЕЭС Итого по ФСК ЕЭС 10 513 -6 868
Россети Центр Белгородэнерго 347 138
Брянскэнерго -5 765 17
Воронежэнерго -15 652 167
Костромаэнерго 127 -11
Курскэнерго -2 510 157
Липецкэнерго 853 - 381
Орелэнерго -4 613 -57
Смоленскэнерго -8 540 48
Тамбовэнерго -6 716 -12
Тверьэнерго 376 192
Ярэнерго -6 276 95
Россети Центр и Приволжье (ГК) Владимирэнерго 574 64
Ивэнерго 201 62
Калугаэнерго 706 -61
Кировэнерго 511 30
Мариэнерго 189 23
Нижновэнерго 849 359
Рязаньэнерго 229 70
Тулэнерго 877 - 292
Удмуртэнерго 401 20
Россети Юг (ГК) АО «ВМЭС» -4 225 59
Астраханьэнерго -6 426 68
Волгоградэнерго -11 043 - 400
Калмэнерго -1 859 -2
Ростовэнерго -22 464 75
Россети Янтарь Россети Янтарь 419 -47'

15-01-2025T10:08:57 - [MESSAGE][PASSED] - Text of object 'Object Repository/Факторный анализ/AllTable1' is: 'ДЗО
Филиал
Отклонение (объём услуг)
Отклонение (средний тариф)
АО «Тываэнерго» АО "Тываэнерго" 486 - 128
АО «Чеченэнерго» АО «Чеченэнерго» -4 079 47
Россети Волга Мордовэнерго -3 530 -93
Оренбургэнерго -13 669 - 135
Пензаэнерго -8 434 -67
Самарские РС -16 427 -1 202
Саратовские РС -16 583 - 569
Ульяновские РС -6 101 - 216
Чувашэнерго -5 275 152
Россети Кубань Кубаньэнерго -64 770 599
Россети Ленэнерго (ГК) Ленинградская область -36 803 1 111
г. Санкт-Петербург -51 373 - 108
Россети Московский регион Московская область 5 429 - 877
г. Москва 4 012 10
Россети Северный Кавказ (ГК) Дагестанская энергосбытовая компания - 111 69
Дагэнерго -8 053 589
Ингушэнерго -1 797 137
Каббалкэнерго -3 286 70
Карачаево-Черкесскэнерго -2 129 13
Севкавказэнерго -3 775 172
Ставропольэнерго -10 373 - 198
Россети Северо-Запад Архангельский филиал 74 - 112
Вологодский филиал 277 8
Карельский филиал -91 186
Мурманский филиал 102 46
Новгородский филиал 227 -48
Псковский филиал 151 -15
филиал в Республике Коми -63 41
Россети Сибирь (ГК) Алтайэнерго 332 333
Бурятэнерго - 119 329
ГАЭС 153 -21
Красноярскэнерго 1 368 - 676
Кузбассэнерго-РЭС - 461 932
Омскэнерго 188 -70
Хакасэнерго 422 - 442
Читаэнерго -77 206
Россети Томск Томская распределительная компания -8 299 - 146
Россети Тюмень Россети Тюмень -82 026 - 638
Россети Урал (ГК) Пермэнерго 669 - 246
Свердловэнерго 964 315
Челябэнерго 1 045 - 720
Россети ФСК ЕЭС Итого по ФСК ЕЭС 10 513 -6 868
Россети Центр Белгородэнерго 347 138
Брянскэнерго -5 765 17
Воронежэнерго -15 652 167
Костромаэнерго 127 -11
Курскэнерго -2 510 157
Липецкэнерго 853 - 381
Орелэнерго -4 613 -57
Смоленскэнерго -8 540 48
Тамбовэнерго -6 716 -12
Тверьэнерго 376 192
Ярэнерго -6 276 95
Россети Центр и Приволжье (ГК) Владимирэнерго 574 64
Ивэнерго 201 62
Калугаэнерго 706 -61
Кировэнерго 511 30
Мариэнерго 189 23
Нижновэнерго 849 359
Рязаньэнерго 229 70
Тулэнерго 877 - 292
Удмуртэнерго 401 20
Россети Юг (ГК) АО «ВМЭС» -4 225 59
Астраханьэнерго -6 426 68
Волгоградэнерго -11 043 - 400
Калмэнерго -1 859 -2
Ростовэнерго -22 464 75
Россети Янтарь Россети Янтарь 419 -47'

15-01-2025T10:08:57 - [TEST_STEP][PASSED] - println("tableA: " + tableA): null

15-01-2025T10:08:57 - [TEST_STEP][PASSED] - for ([i = 1, i < 5, (i++)]): null

15-01-2025T10:08:57 - [TEST_STEP][PASSED] - ii = tableA.indexOf("/") + 1: null

15-01-2025T10:08:57 - [TEST_STEP][PASSED] - tableA = tableA.substring(ii, tableA.length()): null

15-01-2025T10:08:57 - [TEST_STEP][PASSED] - ii = tableA.indexOf("/") + 1: null

15-01-2025T10:08:57 - [TEST_STEP][PASSED] - tableA = tableA.substring(ii, tableA.length()): null

15-01-2025T10:08:57 - [TEST_STEP][PASSED] - ii = tableA.indexOf("/") + 1: null

15-01-2025T10:08:57 - [TEST_STEP][PASSED] - tableA = tableA.substring(ii, tableA.length()): null

15-01-2025T10:08:57 - [TEST_STEP][PASSED] - ii = tableA.indexOf("/") + 1: null

15-01-2025T10:08:57 - [TEST_STEP][PASSED] - tableA = tableA.substring(ii, tableA.length()): null

15-01-2025T10:08:57 - [TEST_STEP][PASSED] - println("tableA: " + tableA): null

15-01-2025T10:08:57 - [TEST_STEP][PASSED] - TyA = Script1719551244403.GetData(x = tableA): null

15-01-2025T10:08:57 - [TEST_STEP][PASSED] - i2 = <not implemented yet for class: org.codehaus.groovy.ast.expr.EmptyExpression>: null

15-01-2025T10:08:57 - [TEST_STEP][PASSED] - i2 = x.indexOf("/") + 1: null

15-01-2025T10:08:57 - [TEST_STEP][PASSED] - x = replaceAll("\p{P}", "").trim(): null

15-01-2025T10:08:57 - [TEST_STEP][PASSED] - return x: null

15-01-2025T10:08:57 - [TEST_STEP][PASSED] - println("TyA: " + TyA): null

15-01-2025T10:08:57 - [TEST_STEP][PASSED] - tableA = Script1719551244403.NewDZO(x = tableA): null

15-01-2025T10:08:57 - [TEST_STEP][PASSED] - i3 = <not implemented yet for class: org.codehaus.groovy.ast.expr.EmptyExpression>: null

15-01-2025T10:08:57 - [TEST_STEP][PASSED] - i3 = x.indexOf("/") + 1: null

15-01-2025T10:08:57 - [TEST_STEP][PASSED] - x = x.substring(i3, x.length()): null

15-01-2025T10:08:57 - [TEST_STEP][PASSED] - return x: null

15-01-2025T10:08:57 - [TEST_STEP][PASSED] - ChA = Script1719551244403.GetData(x = tableA): null

15-01-2025T10:08:57 - [TEST_STEP][PASSED] - i2 = <not implemented yet for class: org.codehaus.groovy.ast.expr.EmptyExpression>: null

15-01-2025T10:08:57 - [TEST_STEP][PASSED] - i2 = x.indexOf("/") + 1: null

15-01-2025T10:08:57 - [TEST_STEP][PASSED] - x = replaceAll("\p{P}", "").trim(): null

15-01-2025T10:08:57 - [TEST_STEP][PASSED] - return x: null

15-01-2025T10:08:57 - [TEST_STEP][PASSED] - println("ChA: " + ChA): null

15-01-2025T10:08:57 - [TEST_STEP][PASSED] - tableA = Script1719551244403.NewDZO(x = tableA): null

15-01-2025T10:08:57 - [TEST_STEP][PASSED] - i3 = <not implemented yet for class: org.codehaus.groovy.ast.expr.EmptyExpression>: null

15-01-2025T10:08:57 - [TEST_STEP][PASSED] - i3 = x.indexOf("/") + 1: null

15-01-2025T10:08:57 - [TEST_STEP][PASSED] - x = x.substring(i3, x.length()): null

15-01-2025T10:08:57 - [TEST_STEP][PASSED] - return x: null

15-01-2025T10:08:57 - [TEST_STEP][PASSED] - i = tableA.indexOf("Кубань"): null

15-01-2025T10:08:57 - [TEST_STEP][PASSED] - VA = replaceAll("\p{P}", "").trim(): null

15-01-2025T10:08:57 - [TEST_STEP][PASSED] - println("VA: " + VA): null

15-01-2025T10:08:57 - [TEST_STEP][PASSED] - for ([i = 1, i < 8, (i++)]): null

15-01-2025T10:08:57 - [TEST_STEP][PASSED] - tableA = Script1719551244403.NewDZO(x = tableA): null

15-01-2025T10:08:57 - [TEST_STEP][PASSED] - i3 = <not implemented yet for class: org.codehaus.groovy.ast.expr.EmptyExpression>: null

15-01-2025T10:08:57 - [TEST_STEP][PASSED] - i3 = x.indexOf("/") + 1: null

15-01-2025T10:08:57 - [TEST_STEP][PASSED] - x = x.substring(i3, x.length()): null

15-01-2025T10:08:57 - [TEST_STEP][PASSED] - return x: null

15-01-2025T10:08:57 - [TEST_STEP][PASSED] - tableA = Script1719551244403.NewDZO(x = tableA): null

15-01-2025T10:08:57 - [TEST_STEP][PASSED] - i3 = <not implemented yet for class: org.codehaus.groovy.ast.expr.EmptyExpression>: null

15-01-2025T10:08:57 - [TEST_STEP][PASSED] - i3 = x.indexOf("/") + 1: null

15-01-2025T10:08:57 - [TEST_STEP][PASSED] - x = x.substring(i3, x.length()): null

15-01-2025T10:08:57 - [TEST_STEP][PASSED] - return x: null

15-01-2025T10:08:57 - [TEST_STEP][PASSED] - tableA = Script1719551244403.NewDZO(x = tableA): null

15-01-2025T10:08:57 - [TEST_STEP][PASSED] - i3 = <not implemented yet for class: org.codehaus.groovy.ast.expr.EmptyExpression>: null

15-01-2025T10:08:57 - [TEST_STEP][PASSED] - i3 = x.indexOf("/") + 1: null

15-01-2025T10:08:57 - [TEST_STEP][PASSED] - x = x.substring(i3, x.length()): null

15-01-2025T10:08:57 - [TEST_STEP][PASSED] - return x: null

15-01-2025T10:08:57 - [TEST_STEP][PASSED] - tableA = Script1719551244403.NewDZO(x = tableA): null

15-01-2025T10:08:57 - [TEST_STEP][PASSED] - i3 = <not implemented yet for class: org.codehaus.groovy.ast.expr.EmptyExpression>: null

15-01-2025T10:08:57 - [TEST_STEP][PASSED] - i3 = x.indexOf("/") + 1: null

15-01-2025T10:08:57 - [TEST_STEP][PASSED] - x = x.substring(i3, x.length()): null

15-01-2025T10:08:57 - [TEST_STEP][PASSED] - return x: null

15-01-2025T10:08:57 - [TEST_STEP][PASSED] - tableA = Script1719551244403.NewDZO(x = tableA): null

15-01-2025T10:08:57 - [TEST_STEP][PASSED] - i3 = <not implemented yet for class: org.codehaus.groovy.ast.expr.EmptyExpression>: null

15-01-2025T10:08:57 - [TEST_STEP][PASSED] - i3 = x.indexOf("/") + 1: null

15-01-2025T10:08:57 - [TEST_STEP][PASSED] - x = x.substring(i3, x.length()): null

15-01-2025T10:08:57 - [TEST_STEP][PASSED] - return x: null

15-01-2025T10:08:57 - [TEST_STEP][PASSED] - tableA = Script1719551244403.NewDZO(x = tableA): null

15-01-2025T10:08:57 - [TEST_STEP][PASSED] - i3 = <not implemented yet for class: org.codehaus.groovy.ast.expr.EmptyExpression>: null

15-01-2025T10:08:57 - [TEST_STEP][PASSED] - i3 = x.indexOf("/") + 1: null

15-01-2025T10:08:57 - [TEST_STEP][PASSED] - x = x.substring(i3, x.length()): null

15-01-2025T10:08:57 - [TEST_STEP][PASSED] - return x: null

15-01-2025T10:08:57 - [TEST_STEP][PASSED] - tableA = Script1719551244403.NewDZO(x = tableA): null

15-01-2025T10:08:57 - [TEST_STEP][PASSED] - i3 = <not implemented yet for class: org.codehaus.groovy.ast.expr.EmptyExpression>: null

15-01-2025T10:08:57 - [TEST_STEP][PASSED] - i3 = x.indexOf("/") + 1: null

15-01-2025T10:08:57 - [TEST_STEP][PASSED] - x = x.substring(i3, x.length()): null

15-01-2025T10:08:57 - [TEST_STEP][PASSED] - return x: null

15-01-2025T10:08:57 - [TEST_STEP][PASSED] - i = tableA.indexOf("Ленэнерго"): null

15-01-2025T10:08:57 - [TEST_STEP][PASSED] - KuA = Script1719551244403.GetData(x = tableA): null

15-01-2025T10:08:57 - [TEST_STEP][PASSED] - i2 = <not implemented yet for class: org.codehaus.groovy.ast.expr.EmptyExpression>: null

15-01-2025T10:08:57 - [TEST_STEP][PASSED] - i2 = x.indexOf("/") + 1: null

15-01-2025T10:08:57 - [TEST_STEP][PASSED] - x = replaceAll("\p{P}", "").trim(): null

15-01-2025T10:08:57 - [TEST_STEP][PASSED] - return x: null

15-01-2025T10:08:57 - [TEST_STEP][PASSED] - println("KuA: " + KuA): null

15-01-2025T10:08:57 - [TEST_STEP][PASSED] - tableA = Script1719551244403.NewDZO(x = tableA): null

15-01-2025T10:08:57 - [TEST_STEP][PASSED] - i3 = <not implemented yet for class: org.codehaus.groovy.ast.expr.EmptyExpression>: null

15-01-2025T10:08:57 - [TEST_STEP][PASSED] - i3 = x.indexOf("/") + 1: null

15-01-2025T10:08:57 - [TEST_STEP][PASSED] - x = x.substring(i3, x.length()): null

15-01-2025T10:08:57 - [TEST_STEP][PASSED] - return x: null

15-01-2025T10:08:57 - [TEST_STEP][PASSED] - i = tableA.indexOf("Московский"): null

15-01-2025T10:08:57 - [TEST_STEP][PASSED] - LenA = replaceAll("\p{P}", "").trim(): null

15-01-2025T10:08:57 - [TEST_STEP][PASSED] - println("LenA: " + LenA): null

15-01-2025T10:08:57 - [TEST_STEP][PASSED] - tableA = Script1719551244403.NewDZO(x = tableA): null

15-01-2025T10:08:57 - [TEST_STEP][PASSED] - i3 = <not implemented yet for class: org.codehaus.groovy.ast.expr.EmptyExpression>: null

15-01-2025T10:08:57 - [TEST_STEP][PASSED] - i3 = x.indexOf("/") + 1: null

15-01-2025T10:08:57 - [TEST_STEP][PASSED] - x = x.substring(i3, x.length()): null

15-01-2025T10:08:57 - [TEST_STEP][PASSED] - return x: null

15-01-2025T10:08:57 - [TEST_STEP][PASSED] - tableA = Script1719551244403.NewDZO(x = tableA): null

15-01-2025T10:08:57 - [TEST_STEP][PASSED] - i3 = <not implemented yet for class: org.codehaus.groovy.ast.expr.EmptyExpression>: null

15-01-2025T10:08:57 - [TEST_STEP][PASSED] - i3 = x.indexOf("/") + 1: null

15-01-2025T10:08:57 - [TEST_STEP][PASSED] - x = x.substring(i3, x.length()): null

15-01-2025T10:08:57 - [TEST_STEP][PASSED] - return x: null

15-01-2025T10:08:57 - [TEST_STEP][PASSED] - i = tableA.indexOf("Кавказ"): null

15-01-2025T10:08:57 - [TEST_STEP][PASSED] - MosA = replaceAll("\p{P}", "").trim(): null

15-01-2025T10:08:57 - [TEST_STEP][PASSED] - println("MosA: " + MosA): null

15-01-2025T10:08:57 - [TEST_STEP][PASSED] - for ([i = 1, i < 3, (i++)]): null

15-01-2025T10:08:57 - [TEST_STEP][PASSED] - tableA = Script1719551244403.NewDZO(x = tableA): null

15-01-2025T10:08:57 - [TEST_STEP][PASSED] - i3 = <not implemented yet for class: org.codehaus.groovy.ast.expr.EmptyExpression>: null

15-01-2025T10:08:57 - [TEST_STEP][PASSED] - i3 = x.indexOf("/") + 1: null

15-01-2025T10:08:57 - [TEST_STEP][PASSED] - x = x.substring(i3, x.length()): null

15-01-2025T10:08:57 - [TEST_STEP][PASSED] - return x: null

15-01-2025T10:08:57 - [TEST_STEP][PASSED] - tableA = Script1719551244403.NewDZO(x = tableA): null

15-01-2025T10:08:57 - [TEST_STEP][PASSED] - i3 = <not implemented yet for class: org.codehaus.groovy.ast.expr.EmptyExpression>: null

15-01-2025T10:08:57 - [TEST_STEP][PASSED] - i3 = x.indexOf("/") + 1: null

15-01-2025T10:08:57 - [TEST_STEP][PASSED] - x = x.substring(i3, x.length()): null

15-01-2025T10:08:57 - [TEST_STEP][PASSED] - return x: null

15-01-2025T10:08:57 - [TEST_STEP][PASSED] - i = tableA.indexOf("Запад"): null

15-01-2025T10:08:57 - [TEST_STEP][PASSED] - SKA = replaceAll("\p{P}", "").trim(): null

15-01-2025T10:08:57 - [TEST_STEP][PASSED] - println("SKA: " + SKA): null

15-01-2025T10:08:57 - [TEST_STEP][PASSED] - for ([i = 1, i < 7, (i++)]): null

15-01-2025T10:08:57 - [TEST_STEP][PASSED] - tableA = Script1719551244403.NewDZO(x = tableA): null

15-01-2025T10:08:57 - [TEST_STEP][PASSED] - i3 = <not implemented yet for class: org.codehaus.groovy.ast.expr.EmptyExpression>: null

15-01-2025T10:08:57 - [TEST_STEP][PASSED] - i3 = x.indexOf("/") + 1: null

15-01-2025T10:08:57 - [TEST_STEP][PASSED] - x = x.substring(i3, x.length()): null

15-01-2025T10:08:57 - [TEST_STEP][PASSED] - return x: null

15-01-2025T10:08:57 - [TEST_STEP][PASSED] - tableA = Script1719551244403.NewDZO(x = tableA): null

15-01-2025T10:08:57 - [TEST_STEP][PASSED] - i3 = <not implemented yet for class: org.codehaus.groovy.ast.expr.EmptyExpression>: null

15-01-2025T10:08:57 - [TEST_STEP][PASSED] - i3 = x.indexOf("/") + 1: null

15-01-2025T10:08:57 - [TEST_STEP][PASSED] - x = x.substring(i3, x.length()): null

15-01-2025T10:08:57 - [TEST_STEP][PASSED] - return x: null

15-01-2025T10:08:57 - [TEST_STEP][PASSED] - tableA = Script1719551244403.NewDZO(x = tableA): null

15-01-2025T10:08:57 - [TEST_STEP][PASSED] - i3 = <not implemented yet for class: org.codehaus.groovy.ast.expr.EmptyExpression>: null

15-01-2025T10:08:57 - [TEST_STEP][PASSED] - i3 = x.indexOf("/") + 1: null

15-01-2025T10:08:57 - [TEST_STEP][PASSED] - x = x.substring(i3, x.length()): null

15-01-2025T10:08:57 - [TEST_STEP][PASSED] - return x: null

15-01-2025T10:08:57 - [TEST_STEP][PASSED] - tableA = Script1719551244403.NewDZO(x = tableA): null

15-01-2025T10:08:57 - [TEST_STEP][PASSED] - i3 = <not implemented yet for class: org.codehaus.groovy.ast.expr.EmptyExpression>: null

15-01-2025T10:08:57 - [TEST_STEP][PASSED] - i3 = x.indexOf("/") + 1: null

15-01-2025T10:08:57 - [TEST_STEP][PASSED] - x = x.substring(i3, x.length()): null

15-01-2025T10:08:57 - [TEST_STEP][PASSED] - return x: null

15-01-2025T10:08:57 - [TEST_STEP][PASSED] - tableA = Script1719551244403.NewDZO(x = tableA): null

15-01-2025T10:08:57 - [TEST_STEP][PASSED] - i3 = <not implemented yet for class: org.codehaus.groovy.ast.expr.EmptyExpression>: null

15-01-2025T10:08:57 - [TEST_STEP][PASSED] - i3 = x.indexOf("/") + 1: null

15-01-2025T10:08:57 - [TEST_STEP][PASSED] - x = x.substring(i3, x.length()): null

15-01-2025T10:08:57 - [TEST_STEP][PASSED] - return x: null

15-01-2025T10:08:57 - [TEST_STEP][PASSED] - tableA = Script1719551244403.NewDZO(x = tableA): null

15-01-2025T10:08:57 - [TEST_STEP][PASSED] - i3 = <not implemented yet for class: org.codehaus.groovy.ast.expr.EmptyExpression>: null

15-01-2025T10:08:57 - [TEST_STEP][PASSED] - i3 = x.indexOf("/") + 1: null

15-01-2025T10:08:57 - [TEST_STEP][PASSED] - x = x.substring(i3, x.length()): null

15-01-2025T10:08:57 - [TEST_STEP][PASSED] - return x: null

15-01-2025T10:08:57 - [TEST_STEP][PASSED] - i = tableA.indexOf("Сибирь"): null

15-01-2025T10:08:57 - [TEST_STEP][PASSED] - SZA = replaceAll("\p{P}", "").trim(): null

15-01-2025T10:08:57 - [TEST_STEP][PASSED] - println("SZA: " + SZA): null

15-01-2025T10:08:57 - [TEST_STEP][PASSED] - for ([i = 1, i < 8, (i++)]): null

15-01-2025T10:08:57 - [TEST_STEP][PASSED] - tableA = Script1719551244403.NewDZO(x = tableA): null

15-01-2025T10:08:57 - [TEST_STEP][PASSED] - i3 = <not implemented yet for class: org.codehaus.groovy.ast.expr.EmptyExpression>: null

15-01-2025T10:08:57 - [TEST_STEP][PASSED] - i3 = x.indexOf("/") + 1: null

15-01-2025T10:08:57 - [TEST_STEP][PASSED] - x = x.substring(i3, x.length()): null

15-01-2025T10:08:57 - [TEST_STEP][PASSED] - return x: null

15-01-2025T10:08:57 - [TEST_STEP][PASSED] - tableA = Script1719551244403.NewDZO(x = tableA): null

15-01-2025T10:08:57 - [TEST_STEP][PASSED] - i3 = <not implemented yet for class: org.codehaus.groovy.ast.expr.EmptyExpression>: null

15-01-2025T10:08:57 - [TEST_STEP][PASSED] - i3 = x.indexOf("/") + 1: null

15-01-2025T10:08:57 - [TEST_STEP][PASSED] - x = x.substring(i3, x.length()): null

15-01-2025T10:08:57 - [TEST_STEP][PASSED] - return x: null

15-01-2025T10:08:57 - [TEST_STEP][PASSED] - tableA = Script1719551244403.NewDZO(x = tableA): null

15-01-2025T10:08:57 - [TEST_STEP][PASSED] - i3 = <not implemented yet for class: org.codehaus.groovy.ast.expr.EmptyExpression>: null

15-01-2025T10:08:57 - [TEST_STEP][PASSED] - i3 = x.indexOf("/") + 1: null

15-01-2025T10:08:57 - [TEST_STEP][PASSED] - x = x.substring(i3, x.length()): null

15-01-2025T10:08:57 - [TEST_STEP][PASSED] - return x: null

15-01-2025T10:08:57 - [TEST_STEP][PASSED] - tableA = Script1719551244403.NewDZO(x = tableA): null

15-01-2025T10:08:57 - [TEST_STEP][PASSED] - i3 = <not implemented yet for class: org.codehaus.groovy.ast.expr.EmptyExpression>: null

15-01-2025T10:08:57 - [TEST_STEP][PASSED] - i3 = x.indexOf("/") + 1: null

15-01-2025T10:08:57 - [TEST_STEP][PASSED] - x = x.substring(i3, x.length()): null

15-01-2025T10:08:57 - [TEST_STEP][PASSED] - return x: null

15-01-2025T10:08:57 - [TEST_STEP][PASSED] - tableA = Script1719551244403.NewDZO(x = tableA): null

15-01-2025T10:08:57 - [TEST_STEP][PASSED] - i3 = <not implemented yet for class: org.codehaus.groovy.ast.expr.EmptyExpression>: null

15-01-2025T10:08:57 - [TEST_STEP][PASSED] - i3 = x.indexOf("/") + 1: null

15-01-2025T10:08:57 - [TEST_STEP][PASSED] - x = x.substring(i3, x.length()): null

15-01-2025T10:08:57 - [TEST_STEP][PASSED] - return x: null

15-01-2025T10:08:57 - [TEST_STEP][PASSED] - tableA = Script1719551244403.NewDZO(x = tableA): null

15-01-2025T10:08:57 - [TEST_STEP][PASSED] - i3 = <not implemented yet for class: org.codehaus.groovy.ast.expr.EmptyExpression>: null

15-01-2025T10:08:57 - [TEST_STEP][PASSED] - i3 = x.indexOf("/") + 1: null

15-01-2025T10:08:57 - [TEST_STEP][PASSED] - x = x.substring(i3, x.length()): null

15-01-2025T10:08:57 - [TEST_STEP][PASSED] - return x: null

15-01-2025T10:08:57 - [TEST_STEP][PASSED] - tableA = Script1719551244403.NewDZO(x = tableA): null

15-01-2025T10:08:57 - [TEST_STEP][PASSED] - i3 = <not implemented yet for class: org.codehaus.groovy.ast.expr.EmptyExpression>: null

15-01-2025T10:08:57 - [TEST_STEP][PASSED] - i3 = x.indexOf("/") + 1: null

15-01-2025T10:08:57 - [TEST_STEP][PASSED] - x = x.substring(i3, x.length()): null

15-01-2025T10:08:57 - [TEST_STEP][PASSED] - return x: null

15-01-2025T10:08:57 - [TEST_STEP][PASSED] - i = tableA.indexOf("Томск"): null

15-01-2025T10:08:57 - [TEST_STEP][PASSED] - SiA = replaceAll("\p{P}", "").trim(): null

15-01-2025T10:08:57 - [TEST_STEP][PASSED] - println("SiA: " + SiA): null

15-01-2025T10:08:57 - [TEST_STEP][PASSED] - for ([i = 1, i < 9, (i++)]): null

15-01-2025T10:08:57 - [TEST_STEP][PASSED] - tableA = Script1719551244403.NewDZO(x = tableA): null

15-01-2025T10:08:57 - [TEST_STEP][PASSED] - i3 = <not implemented yet for class: org.codehaus.groovy.ast.expr.EmptyExpression>: null

15-01-2025T10:08:57 - [TEST_STEP][PASSED] - i3 = x.indexOf("/") + 1: null

15-01-2025T10:08:57 - [TEST_STEP][PASSED] - x = x.substring(i3, x.length()): null

15-01-2025T10:08:57 - [TEST_STEP][PASSED] - return x: null

15-01-2025T10:08:57 - [TEST_STEP][PASSED] - tableA = Script1719551244403.NewDZO(x = tableA): null

15-01-2025T10:08:57 - [TEST_STEP][PASSED] - i3 = <not implemented yet for class: org.codehaus.groovy.ast.expr.EmptyExpression>: null

15-01-2025T10:08:57 - [TEST_STEP][PASSED] - i3 = x.indexOf("/") + 1: null

15-01-2025T10:08:57 - [TEST_STEP][PASSED] - x = x.substring(i3, x.length()): null

15-01-2025T10:08:57 - [TEST_STEP][PASSED] - return x: null

15-01-2025T10:08:57 - [TEST_STEP][PASSED] - tableA = Script1719551244403.NewDZO(x = tableA): null

15-01-2025T10:08:57 - [TEST_STEP][PASSED] - i3 = <not implemented yet for class: org.codehaus.groovy.ast.expr.EmptyExpression>: null

15-01-2025T10:08:57 - [TEST_STEP][PASSED] - i3 = x.indexOf("/") + 1: null

15-01-2025T10:08:57 - [TEST_STEP][PASSED] - x = x.substring(i3, x.length()): null

15-01-2025T10:08:57 - [TEST_STEP][PASSED] - return x: null

15-01-2025T10:08:57 - [TEST_STEP][PASSED] - tableA = Script1719551244403.NewDZO(x = tableA): null

15-01-2025T10:08:57 - [TEST_STEP][PASSED] - i3 = <not implemented yet for class: org.codehaus.groovy.ast.expr.EmptyExpression>: null

15-01-2025T10:08:57 - [TEST_STEP][PASSED] - i3 = x.indexOf("/") + 1: null

15-01-2025T10:08:57 - [TEST_STEP][PASSED] - x = x.substring(i3, x.length()): null

15-01-2025T10:08:57 - [TEST_STEP][PASSED] - return x: null

15-01-2025T10:08:57 - [TEST_STEP][PASSED] - tableA = Script1719551244403.NewDZO(x = tableA): null

15-01-2025T10:08:57 - [TEST_STEP][PASSED] - i3 = <not implemented yet for class: org.codehaus.groovy.ast.expr.EmptyExpression>: null

15-01-2025T10:08:57 - [TEST_STEP][PASSED] - i3 = x.indexOf("/") + 1: null

15-01-2025T10:08:57 - [TEST_STEP][PASSED] - x = x.substring(i3, x.length()): null

15-01-2025T10:08:57 - [TEST_STEP][PASSED] - return x: null

15-01-2025T10:08:57 - [TEST_STEP][PASSED] - tableA = Script1719551244403.NewDZO(x = tableA): null

15-01-2025T10:08:57 - [TEST_STEP][PASSED] - i3 = <not implemented yet for class: org.codehaus.groovy.ast.expr.EmptyExpression>: null

15-01-2025T10:08:57 - [TEST_STEP][PASSED] - i3 = x.indexOf("/") + 1: null

15-01-2025T10:08:57 - [TEST_STEP][PASSED] - x = x.substring(i3, x.length()): null

15-01-2025T10:08:57 - [TEST_STEP][PASSED] - return x: null

15-01-2025T10:08:57 - [TEST_STEP][PASSED] - tableA = Script1719551244403.NewDZO(x = tableA): null

15-01-2025T10:08:57 - [TEST_STEP][PASSED] - i3 = <not implemented yet for class: org.codehaus.groovy.ast.expr.EmptyExpression>: null

15-01-2025T10:08:57 - [TEST_STEP][PASSED] - i3 = x.indexOf("/") + 1: null

15-01-2025T10:08:57 - [TEST_STEP][PASSED] - x = x.substring(i3, x.length()): null

15-01-2025T10:08:57 - [TEST_STEP][PASSED] - return x: null

15-01-2025T10:08:57 - [TEST_STEP][PASSED] - tableA = Script1719551244403.NewDZO(x = tableA): null

15-01-2025T10:08:57 - [TEST_STEP][PASSED] - i3 = <not implemented yet for class: org.codehaus.groovy.ast.expr.EmptyExpression>: null

15-01-2025T10:08:57 - [TEST_STEP][PASSED] - i3 = x.indexOf("/") + 1: null

15-01-2025T10:08:57 - [TEST_STEP][PASSED] - x = x.substring(i3, x.length()): null

15-01-2025T10:08:57 - [TEST_STEP][PASSED] - return x: null

15-01-2025T10:08:57 - [TEST_STEP][PASSED] - i = tableA.indexOf("Тюмень"): null

15-01-2025T10:08:57 - [TEST_STEP][PASSED] - ToA = replaceAll("\p{P}", "").trim(): null

15-01-2025T10:08:57 - [TEST_STEP][PASSED] - println("ToA: " + ToA): null

15-01-2025T10:08:57 - [TEST_STEP][PASSED] - tableA = Script1719551244403.NewDZO(x = tableA): null

15-01-2025T10:08:57 - [TEST_STEP][PASSED] - i3 = <not implemented yet for class: org.codehaus.groovy.ast.expr.EmptyExpression>: null

15-01-2025T10:08:57 - [TEST_STEP][PASSED] - i3 = x.indexOf("/") + 1: null

15-01-2025T10:08:57 - [TEST_STEP][PASSED] - x = x.substring(i3, x.length()): null

15-01-2025T10:08:57 - [TEST_STEP][PASSED] - return x: null

15-01-2025T10:08:57 - [TEST_STEP][PASSED] - TyuA = replaceAll("\p{P}", "").trim(): null

15-01-2025T10:08:57 - [TEST_STEP][PASSED] - println("TyuA: " + TyuA): null

15-01-2025T10:08:57 - [TEST_STEP][PASSED] - tableA = Script1719551244403.NewDZO(x = tableA): null

15-01-2025T10:08:57 - [TEST_STEP][PASSED] - i3 = <not implemented yet for class: org.codehaus.groovy.ast.expr.EmptyExpression>: null

15-01-2025T10:08:57 - [TEST_STEP][PASSED] - i3 = x.indexOf("/") + 1: null

15-01-2025T10:08:57 - [TEST_STEP][PASSED] - x = x.substring(i3, x.length()): null

15-01-2025T10:08:57 - [TEST_STEP][PASSED] - return x: null

15-01-2025T10:08:57 - [TEST_STEP][PASSED] - i = tableA.indexOf("ЕЭС"): null

15-01-2025T10:08:57 - [TEST_STEP][PASSED] - UrA = replaceAll("\p{P}", "").trim(): null

15-01-2025T10:08:57 - [TEST_STEP][PASSED] - println("UrA: " + UrA): null

15-01-2025T10:08:57 - [TEST_STEP][PASSED] - for ([i = 1, i < 4, (i++)]): null

15-01-2025T10:08:57 - [TEST_STEP][PASSED] - tableA = Script1719551244403.NewDZO(x = tableA): null

15-01-2025T10:08:57 - [TEST_STEP][PASSED] - i3 = <not implemented yet for class: org.codehaus.groovy.ast.expr.EmptyExpression>: null

15-01-2025T10:08:57 - [TEST_STEP][PASSED] - i3 = x.indexOf("/") + 1: null

15-01-2025T10:08:57 - [TEST_STEP][PASSED] - x = x.substring(i3, x.length()): null

15-01-2025T10:08:57 - [TEST_STEP][PASSED] - return x: null

15-01-2025T10:08:57 - [TEST_STEP][PASSED] - tableA = Script1719551244403.NewDZO(x = tableA): null

15-01-2025T10:08:57 - [TEST_STEP][PASSED] - i3 = <not implemented yet for class: org.codehaus.groovy.ast.expr.EmptyExpression>: null

15-01-2025T10:08:57 - [TEST_STEP][PASSED] - i3 = x.indexOf("/") + 1: null

15-01-2025T10:08:57 - [TEST_STEP][PASSED] - x = x.substring(i3, x.length()): null

15-01-2025T10:08:57 - [TEST_STEP][PASSED] - return x: null

15-01-2025T10:08:57 - [TEST_STEP][PASSED] - tableA = Script1719551244403.NewDZO(x = tableA): null

15-01-2025T10:08:57 - [TEST_STEP][PASSED] - i3 = <not implemented yet for class: org.codehaus.groovy.ast.expr.EmptyExpression>: null

15-01-2025T10:08:57 - [TEST_STEP][PASSED] - i3 = x.indexOf("/") + 1: null

15-01-2025T10:08:57 - [TEST_STEP][PASSED] - x = x.substring(i3, x.length()): null

15-01-2025T10:08:57 - [TEST_STEP][PASSED] - return x: null

15-01-2025T10:08:57 - [TEST_STEP][PASSED] - i = tableA.indexOf("Центр"): null

15-01-2025T10:08:57 - [TEST_STEP][PASSED] - FSKA = replaceAll("\p{P}", "").trim(): null

15-01-2025T10:08:57 - [TEST_STEP][PASSED] - println("FSKA: " + FSKA): null

15-01-2025T10:08:57 - [TEST_STEP][PASSED] - tableA = Script1719551244403.NewDZO(x = tableA): null

15-01-2025T10:08:57 - [TEST_STEP][PASSED] - i3 = <not implemented yet for class: org.codehaus.groovy.ast.expr.EmptyExpression>: null

15-01-2025T10:08:57 - [TEST_STEP][PASSED] - i3 = x.indexOf("/") + 1: null

15-01-2025T10:08:57 - [TEST_STEP][PASSED] - x = x.substring(i3, x.length()): null

15-01-2025T10:08:57 - [TEST_STEP][PASSED] - return x: null

15-01-2025T10:08:57 - [TEST_STEP][PASSED] - i = tableA.indexOf("Приволжье"): null

15-01-2025T10:08:57 - [TEST_STEP][PASSED] - CenA = replaceAll("\p{P}", "").trim(): null

15-01-2025T10:08:57 - [TEST_STEP][PASSED] - println("CenA: " + CenA): null

15-01-2025T10:08:57 - [TEST_STEP][PASSED] - for ([i = 1, i < 12, (i++)]): null

15-01-2025T10:08:57 - [TEST_STEP][PASSED] - tableA = Script1719551244403.NewDZO(x = tableA): null

15-01-2025T10:08:57 - [TEST_STEP][PASSED] - i3 = <not implemented yet for class: org.codehaus.groovy.ast.expr.EmptyExpression>: null

15-01-2025T10:08:57 - [TEST_STEP][PASSED] - i3 = x.indexOf("/") + 1: null

15-01-2025T10:08:57 - [TEST_STEP][PASSED] - x = x.substring(i3, x.length()): null

15-01-2025T10:08:57 - [TEST_STEP][PASSED] - return x: null

15-01-2025T10:08:57 - [TEST_STEP][PASSED] - tableA = Script1719551244403.NewDZO(x = tableA): null

15-01-2025T10:08:57 - [TEST_STEP][PASSED] - i3 = <not implemented yet for class: org.codehaus.groovy.ast.expr.EmptyExpression>: null

15-01-2025T10:08:57 - [TEST_STEP][PASSED] - i3 = x.indexOf("/") + 1: null

15-01-2025T10:08:57 - [TEST_STEP][PASSED] - x = x.substring(i3, x.length()): null

15-01-2025T10:08:57 - [TEST_STEP][PASSED] - return x: null

15-01-2025T10:08:57 - [TEST_STEP][PASSED] - tableA = Script1719551244403.NewDZO(x = tableA): null

15-01-2025T10:08:57 - [TEST_STEP][PASSED] - i3 = <not implemented yet for class: org.codehaus.groovy.ast.expr.EmptyExpression>: null

15-01-2025T10:08:57 - [TEST_STEP][PASSED] - i3 = x.indexOf("/") + 1: null

15-01-2025T10:08:57 - [TEST_STEP][PASSED] - x = x.substring(i3, x.length()): null

15-01-2025T10:08:57 - [TEST_STEP][PASSED] - return x: null

15-01-2025T10:08:57 - [TEST_STEP][PASSED] - tableA = Script1719551244403.NewDZO(x = tableA): null

15-01-2025T10:08:57 - [TEST_STEP][PASSED] - i3 = <not implemented yet for class: org.codehaus.groovy.ast.expr.EmptyExpression>: null

15-01-2025T10:08:57 - [TEST_STEP][PASSED] - i3 = x.indexOf("/") + 1: null

15-01-2025T10:08:57 - [TEST_STEP][PASSED] - x = x.substring(i3, x.length()): null

15-01-2025T10:08:57 - [TEST_STEP][PASSED] - return x: null

15-01-2025T10:08:57 - [TEST_STEP][PASSED] - tableA = Script1719551244403.NewDZO(x = tableA): null

15-01-2025T10:08:57 - [TEST_STEP][PASSED] - i3 = <not implemented yet for class: org.codehaus.groovy.ast.expr.EmptyExpression>: null

15-01-2025T10:08:57 - [TEST_STEP][PASSED] - i3 = x.indexOf("/") + 1: null

15-01-2025T10:08:57 - [TEST_STEP][PASSED] - x = x.substring(i3, x.length()): null

15-01-2025T10:08:57 - [TEST_STEP][PASSED] - return x: null

15-01-2025T10:08:57 - [TEST_STEP][PASSED] - tableA = Script1719551244403.NewDZO(x = tableA): null

15-01-2025T10:08:57 - [TEST_STEP][PASSED] - i3 = <not implemented yet for class: org.codehaus.groovy.ast.expr.EmptyExpression>: null

15-01-2025T10:08:57 - [TEST_STEP][PASSED] - i3 = x.indexOf("/") + 1: null

15-01-2025T10:08:57 - [TEST_STEP][PASSED] - x = x.substring(i3, x.length()): null

15-01-2025T10:08:57 - [TEST_STEP][PASSED] - return x: null

15-01-2025T10:08:57 - [TEST_STEP][PASSED] - tableA = Script1719551244403.NewDZO(x = tableA): null

15-01-2025T10:08:57 - [TEST_STEP][PASSED] - i3 = <not implemented yet for class: org.codehaus.groovy.ast.expr.EmptyExpression>: null

15-01-2025T10:08:57 - [TEST_STEP][PASSED] - i3 = x.indexOf("/") + 1: null

15-01-2025T10:08:57 - [TEST_STEP][PASSED] - x = x.substring(i3, x.length()): null

15-01-2025T10:08:57 - [TEST_STEP][PASSED] - return x: null

15-01-2025T10:08:57 - [TEST_STEP][PASSED] - tableA = Script1719551244403.NewDZO(x = tableA): null

15-01-2025T10:08:57 - [TEST_STEP][PASSED] - i3 = <not implemented yet for class: org.codehaus.groovy.ast.expr.EmptyExpression>: null

15-01-2025T10:08:57 - [TEST_STEP][PASSED] - i3 = x.indexOf("/") + 1: null

15-01-2025T10:08:57 - [TEST_STEP][PASSED] - x = x.substring(i3, x.length()): null

15-01-2025T10:08:57 - [TEST_STEP][PASSED] - return x: null

15-01-2025T10:08:57 - [TEST_STEP][PASSED] - tableA = Script1719551244403.NewDZO(x = tableA): null

15-01-2025T10:08:57 - [TEST_STEP][PASSED] - i3 = <not implemented yet for class: org.codehaus.groovy.ast.expr.EmptyExpression>: null

15-01-2025T10:08:57 - [TEST_STEP][PASSED] - i3 = x.indexOf("/") + 1: null

15-01-2025T10:08:57 - [TEST_STEP][PASSED] - x = x.substring(i3, x.length()): null

15-01-2025T10:08:57 - [TEST_STEP][PASSED] - return x: null

15-01-2025T10:08:57 - [TEST_STEP][PASSED] - tableA = Script1719551244403.NewDZO(x = tableA): null

15-01-2025T10:08:57 - [TEST_STEP][PASSED] - i3 = <not implemented yet for class: org.codehaus.groovy.ast.expr.EmptyExpression>: null

15-01-2025T10:08:57 - [TEST_STEP][PASSED] - i3 = x.indexOf("/") + 1: null

15-01-2025T10:08:57 - [TEST_STEP][PASSED] - x = x.substring(i3, x.length()): null

15-01-2025T10:08:57 - [TEST_STEP][PASSED] - return x: null

15-01-2025T10:08:57 - [TEST_STEP][PASSED] - tableA = Script1719551244403.NewDZO(x = tableA): null

15-01-2025T10:08:57 - [TEST_STEP][PASSED] - i3 = <not implemented yet for class: org.codehaus.groovy.ast.expr.EmptyExpression>: null

15-01-2025T10:08:57 - [TEST_STEP][PASSED] - i3 = x.indexOf("/") + 1: null

15-01-2025T10:08:57 - [TEST_STEP][PASSED] - x = x.substring(i3, x.length()): null

15-01-2025T10:08:57 - [TEST_STEP][PASSED] - return x: null

15-01-2025T10:08:57 - [TEST_STEP][PASSED] - i = tableA.indexOf("Юг"): null

15-01-2025T10:08:57 - [TEST_STEP][PASSED] - CiPA = replaceAll("\p{P}", "").trim(): null

15-01-2025T10:08:57 - [TEST_STEP][PASSED] - println("CiPA: " + CiPA): null

15-01-2025T10:08:57 - [TEST_STEP][PASSED] - for ([i = 1, i < 10, (i++)]): null

15-01-2025T10:08:57 - [TEST_STEP][PASSED] - tableA = Script1719551244403.NewDZO(x = tableA): null

15-01-2025T10:08:57 - [TEST_STEP][PASSED] - i3 = <not implemented yet for class: org.codehaus.groovy.ast.expr.EmptyExpression>: null

15-01-2025T10:08:57 - [TEST_STEP][PASSED] - i3 = x.indexOf("/") + 1: null

15-01-2025T10:08:57 - [TEST_STEP][PASSED] - x = x.substring(i3, x.length()): null

15-01-2025T10:08:57 - [TEST_STEP][PASSED] - return x: null

15-01-2025T10:08:57 - [TEST_STEP][PASSED] - tableA = Script1719551244403.NewDZO(x = tableA): null

15-01-2025T10:08:57 - [TEST_STEP][PASSED] - i3 = <not implemented yet for class: org.codehaus.groovy.ast.expr.EmptyExpression>: null

15-01-2025T10:08:57 - [TEST_STEP][PASSED] - i3 = x.indexOf("/") + 1: null

15-01-2025T10:08:57 - [TEST_STEP][PASSED] - x = x.substring(i3, x.length()): null

15-01-2025T10:08:57 - [TEST_STEP][PASSED] - return x: null

15-01-2025T10:08:57 - [TEST_STEP][PASSED] - tableA = Script1719551244403.NewDZO(x = tableA): null

15-01-2025T10:08:57 - [TEST_STEP][PASSED] - i3 = <not implemented yet for class: org.codehaus.groovy.ast.expr.EmptyExpression>: null

15-01-2025T10:08:57 - [TEST_STEP][PASSED] - i3 = x.indexOf("/") + 1: null

15-01-2025T10:08:57 - [TEST_STEP][PASSED] - x = x.substring(i3, x.length()): null

15-01-2025T10:08:57 - [TEST_STEP][PASSED] - return x: null

15-01-2025T10:08:57 - [TEST_STEP][PASSED] - tableA = Script1719551244403.NewDZO(x = tableA): null

15-01-2025T10:08:57 - [TEST_STEP][PASSED] - i3 = <not implemented yet for class: org.codehaus.groovy.ast.expr.EmptyExpression>: null

15-01-2025T10:08:57 - [TEST_STEP][PASSED] - i3 = x.indexOf("/") + 1: null

15-01-2025T10:08:57 - [TEST_STEP][PASSED] - x = x.substring(i3, x.length()): null

15-01-2025T10:08:57 - [TEST_STEP][PASSED] - return x: null

15-01-2025T10:08:57 - [TEST_STEP][PASSED] - tableA = Script1719551244403.NewDZO(x = tableA): null

15-01-2025T10:08:57 - [TEST_STEP][PASSED] - i3 = <not implemented yet for class: org.codehaus.groovy.ast.expr.EmptyExpression>: null

15-01-2025T10:08:57 - [TEST_STEP][PASSED] - i3 = x.indexOf("/") + 1: null

15-01-2025T10:08:57 - [TEST_STEP][PASSED] - x = x.substring(i3, x.length()): null

15-01-2025T10:08:57 - [TEST_STEP][PASSED] - return x: null

15-01-2025T10:08:57 - [TEST_STEP][PASSED] - tableA = Script1719551244403.NewDZO(x = tableA): null

15-01-2025T10:08:57 - [TEST_STEP][PASSED] - i3 = <not implemented yet for class: org.codehaus.groovy.ast.expr.EmptyExpression>: null

15-01-2025T10:08:57 - [TEST_STEP][PASSED] - i3 = x.indexOf("/") + 1: null

15-01-2025T10:08:57 - [TEST_STEP][PASSED] - x = x.substring(i3, x.length()): null

15-01-2025T10:08:57 - [TEST_STEP][PASSED] - return x: null

15-01-2025T10:08:57 - [TEST_STEP][PASSED] - tableA = Script1719551244403.NewDZO(x = tableA): null

15-01-2025T10:08:57 - [TEST_STEP][PASSED] - i3 = <not implemented yet for class: org.codehaus.groovy.ast.expr.EmptyExpression>: null

15-01-2025T10:08:57 - [TEST_STEP][PASSED] - i3 = x.indexOf("/") + 1: null

15-01-2025T10:08:57 - [TEST_STEP][PASSED] - x = x.substring(i3, x.length()): null

15-01-2025T10:08:57 - [TEST_STEP][PASSED] - return x: null

15-01-2025T10:08:57 - [TEST_STEP][PASSED] - tableA = Script1719551244403.NewDZO(x = tableA): null

15-01-2025T10:08:57 - [TEST_STEP][PASSED] - i3 = <not implemented yet for class: org.codehaus.groovy.ast.expr.EmptyExpression>: null

15-01-2025T10:08:57 - [TEST_STEP][PASSED] - i3 = x.indexOf("/") + 1: null

15-01-2025T10:08:57 - [TEST_STEP][PASSED] - x = x.substring(i3, x.length()): null

15-01-2025T10:08:57 - [TEST_STEP][PASSED] - return x: null

15-01-2025T10:08:57 - [TEST_STEP][PASSED] - tableA = Script1719551244403.NewDZO(x = tableA): null

15-01-2025T10:08:57 - [TEST_STEP][PASSED] - i3 = <not implemented yet for class: org.codehaus.groovy.ast.expr.EmptyExpression>: null

15-01-2025T10:08:57 - [TEST_STEP][PASSED] - i3 = x.indexOf("/") + 1: null

15-01-2025T10:08:57 - [TEST_STEP][PASSED] - x = x.substring(i3, x.length()): null

15-01-2025T10:08:57 - [TEST_STEP][PASSED] - return x: null

15-01-2025T10:08:57 - [TEST_STEP][PASSED] - i = tableA.indexOf("Янтарь"): null

15-01-2025T10:08:57 - [TEST_STEP][PASSED] - UgA = replaceAll("\p{P}", "").trim(): null

15-01-2025T10:08:57 - [TEST_STEP][PASSED] - println("UgA: " + UgA): null

15-01-2025T10:08:57 - [TEST_STEP][PASSED] - i = tableA.lastIndexOf("/"): null

15-01-2025T10:08:57 - [TEST_STEP][PASSED] - YaA = replaceAll("\p{P}", "").trim(): null

15-01-2025T10:08:57 - [TEST_STEP][PASSED] - println("YaA: " + YaA): null

15-01-2025T10:08:57 - [TEST_STEP][PASSED] - delay(10): Delayed 10 second(s)

15-01-2025T10:09:07 - [MESSAGE][PASSED] - Delayed 10 second(s)

15-01-2025T10:09:07 - [TEST_STEP][PASSED] - navigateToUrl(findTestData("PlanFact").getValue(10, 11)): Navigate to 'https://bi.rosseti.digital/viewer?dashboardGuid=a1fd28b3785d443cbc4d7690a1d78e31&sheetGuid=d3a0ddec2e914cb380b20dca74903099&fit=true' successfully

15-01-2025T10:09:07 - [MESSAGE][PASSED] - Navigate to 'https://bi.rosseti.digital/viewer?dashboardGuid=a1fd28b3785d443cbc4d7690a1d78e31&sheetGuid=d3a0ddec2e914cb380b20dca74903099&fit=true' successfully

15-01-2025T10:09:07 - [TEST_STEP][PASSED] - b = <not implemented yet for class: org.codehaus.groovy.ast.expr.EmptyExpression>: null

15-01-2025T10:09:07 - [TEST_STEP][PASSED] - b1 = <not implemented yet for class: org.codehaus.groovy.ast.expr.EmptyExpression>: null

15-01-2025T10:09:07 - [TEST_STEP][PASSED] - b2 = <not implemented yet for class: org.codehaus.groovy.ast.expr.EmptyExpression>: null

15-01-2025T10:09:07 - [TEST_STEP][PASSED] - click(findTestObject("Факторный анализ/Фильтр Дата Выручка")): Object: 'Object Repository/Факторный анализ/Фильтр Дата Выручка' is clicked on

15-01-2025T10:09:23 - [MESSAGE][PASSED] - Object: 'Object Repository/Факторный анализ/Фильтр Дата Выручка' is clicked on

15-01-2025T10:09:23 - [TEST_STEP][PASSED] - click(findTestObject("Факторный анализ/Снять выделение в фильтре Дата Выручка")): Object: 'Object Repository/Факторный анализ/Снять выделение в фильтре Дата Выручка' is clicked on

15-01-2025T10:09:24 - [MESSAGE][PASSED] - Object: 'Object Repository/Факторный анализ/Снять выделение в фильтре Дата Выручка' is clicked on

15-01-2025T10:09:24 - [TEST_STEP][PASSED] - click(findTestObject("Факторный анализ/Применить в фильтре Дата Выручка")): Object: 'Object Repository/Факторный анализ/Применить в фильтре Дата Выручка' is clicked on

15-01-2025T10:09:24 - [MESSAGE][PASSED] - Object: 'Object Repository/Факторный анализ/Применить в фильтре Дата Выручка' is clicked on

15-01-2025T10:09:24 - [TEST_STEP][PASSED] - delay(10): Delayed 10 second(s)

15-01-2025T10:09:34 - [MESSAGE][PASSED] - Delayed 10 second(s)

15-01-2025T10:09:34 - [TEST_STEP][PASSED] - click(findTestObject("Факторный анализ/Фильтр Дата Выручка")): Object: 'Object Repository/Факторный анализ/Фильтр Дата Выручка' is clicked on

15-01-2025T10:09:35 - [MESSAGE][PASSED] - Object: 'Object Repository/Факторный анализ/Фильтр Дата Выручка' is clicked on

15-01-2025T10:09:35 - [TEST_STEP][PASSED] - click(findTestObject("Факторный анализ/Снять выделение в фильтре Дата Выручка")): Object: 'Object Repository/Факторный анализ/Снять выделение в фильтре Дата Выручка' is clicked on

15-01-2025T10:09:35 - [MESSAGE][PASSED] - Object: 'Object Repository/Факторный анализ/Снять выделение в фильтре Дата Выручка' is clicked on

15-01-2025T10:09:35 - [TEST_STEP][PASSED] - scrollToElement(findTestObject("Факторный анализ/2024 список Выручка"), 30): Scroll to object 'Object Repository/Факторный анализ/2024 список Выручка' successfully

15-01-2025T10:09:36 - [MESSAGE][PASSED] - Scroll to object 'Object Repository/Факторный анализ/2024 список Выручка' successfully

15-01-2025T10:09:36 - [TEST_STEP][PASSED] - click(findTestObject("Факторный анализ/2024 список Выручка")): Object: 'Object Repository/Факторный анализ/2024 список Выручка' is clicked on

15-01-2025T10:09:36 - [MESSAGE][PASSED] - Object: 'Object Repository/Факторный анализ/2024 список Выручка' is clicked on

15-01-2025T10:09:36 - [TEST_STEP][PASSED] - scrollToElement(findTestObject("Факторный анализ/1 квартал 2024 выбрать Выручка"), 30): Scroll to object 'Object Repository/Факторный анализ/1 квартал 2024 выбрать Выручка' successfully

15-01-2025T10:09:36 - [MESSAGE][PASSED] - Scroll to object 'Object Repository/Факторный анализ/1 квартал 2024 выбрать Выручка' successfully

15-01-2025T10:09:36 - [TEST_STEP][PASSED] - click(findTestObject("Факторный анализ/1 квартал 2024 выбрать Выручка")): Object: 'Object Repository/Факторный анализ/1 квартал 2024 выбрать Выручка' is clicked on

15-01-2025T10:09:37 - [MESSAGE][PASSED] - Object: 'Object Repository/Факторный анализ/1 квартал 2024 выбрать Выручка' is clicked on

15-01-2025T10:09:37 - [TEST_STEP][PASSED] - scrollToElement(findTestObject("Факторный анализ/2 квартал 2024 выбрать Выручка"), 30): Scroll to object 'Object Repository/Факторный анализ/2 квартал 2024 выбрать Выручка' successfully

15-01-2025T10:09:37 - [MESSAGE][PASSED] - Scroll to object 'Object Repository/Факторный анализ/2 квартал 2024 выбрать Выручка' successfully

15-01-2025T10:09:37 - [TEST_STEP][PASSED] - click(findTestObject("Факторный анализ/2 квартал 2024 выбрать Выручка"), CONTINUE_ON_FAILURE): Object: 'Object Repository/Факторный анализ/2 квартал 2024 выбрать Выручка' is clicked on

15-01-2025T10:09:38 - [MESSAGE][PASSED] - Object: 'Object Repository/Факторный анализ/2 квартал 2024 выбрать Выручка' is clicked on

15-01-2025T10:09:38 - [TEST_STEP][PASSED] - click(findTestObject("Факторный анализ/3 квартал 2024 выбрать Выручка"), CONTINUE_ON_FAILURE): Object: 'Object Repository/Факторный анализ/3 квартал 2024 выбрать Выручка' is clicked on

15-01-2025T10:09:38 - [MESSAGE][PASSED] - Object: 'Object Repository/Факторный анализ/3 квартал 2024 выбрать Выручка' is clicked on

15-01-2025T10:09:38 - [TEST_STEP][PASSED] - scrollToElement(findTestObject("Факторный анализ/4 квартал 2024 список Выручка"), 30): Scroll to object 'Object Repository/Факторный анализ/4 квартал 2024 список Выручка' successfully

15-01-2025T10:09:39 - [MESSAGE][PASSED] - Scroll to object 'Object Repository/Факторный анализ/4 квартал 2024 список Выручка' successfully

15-01-2025T10:09:39 - [TEST_STEP][PASSED] - click(findTestObject("Факторный анализ/4 квартал 2024 список Выручка"), CONTINUE_ON_FAILURE): Object: 'Object Repository/Факторный анализ/4 квартал 2024 список Выручка' is clicked on

15-01-2025T10:09:39 - [MESSAGE][PASSED] - Object: 'Object Repository/Факторный анализ/4 квартал 2024 список Выручка' is clicked on

15-01-2025T10:09:39 - [TEST_STEP][PASSED] - scrollToElement(findTestObject("Факторный анализ/Октябрь 2024 Выручка"), 30): Scroll to object 'Object Repository/Факторный анализ/Октябрь 2024 Выручка' successfully

15-01-2025T10:09:39 - [MESSAGE][PASSED] - Scroll to object 'Object Repository/Факторный анализ/Октябрь 2024 Выручка' successfully

15-01-2025T10:09:39 - [TEST_STEP][PASSED] - click(findTestObject("Факторный анализ/Октябрь 2024 Выручка"), CONTINUE_ON_FAILURE): Object: 'Object Repository/Факторный анализ/Октябрь 2024 Выручка' is clicked on

15-01-2025T10:09:40 - [MESSAGE][PASSED] - Object: 'Object Repository/Факторный анализ/Октябрь 2024 Выручка' is clicked on

15-01-2025T10:09:40 - [TEST_STEP][PASSED] - scrollToElement(findTestObject("Факторный анализ/Ноябрь 2024 Выручка"), 30): Scroll to object 'Object Repository/Факторный анализ/Ноябрь 2024 Выручка' successfully

15-01-2025T10:09:40 - [MESSAGE][PASSED] - Scroll to object 'Object Repository/Факторный анализ/Ноябрь 2024 Выручка' successfully

15-01-2025T10:09:40 - [TEST_STEP][PASSED] - click(findTestObject("Факторный анализ/Ноябрь 2024 Выручка"), CONTINUE_ON_FAILURE): Object: 'Object Repository/Факторный анализ/Ноябрь 2024 Выручка' is clicked on

15-01-2025T10:09:40 - [MESSAGE][PASSED] - Object: 'Object Repository/Факторный анализ/Ноябрь 2024 Выручка' is clicked on

15-01-2025T10:09:40 - [TEST_STEP][PASSED] - scrollToElement(findTestObject("Факторный анализ/Заголовок дашборда Выручка"), 30): Scroll to object 'Object Repository/Факторный анализ/Заголовок дашборда Выручка' successfully

15-01-2025T10:09:41 - [MESSAGE][PASSED] - Scroll to object 'Object Repository/Факторный анализ/Заголовок дашборда Выручка' successfully

15-01-2025T10:09:41 - [TEST_STEP][PASSED] - click(findTestObject("Факторный анализ/Применить в фильтре Дата Выручка")): Object: 'Object Repository/Факторный анализ/Применить в фильтре Дата Выручка' is clicked on

15-01-2025T10:09:42 - [MESSAGE][PASSED] - Object: 'Object Repository/Факторный анализ/Применить в фильтре Дата Выручка' is clicked on

15-01-2025T10:09:42 - [TEST_STEP][PASSED] - if (run == 1): null

15-01-2025T10:09:42 - [TEST_STEP][PASSED] - else: null

15-01-2025T10:09:42 - [TEST_STEP][PASSED] - click(findTestObject("Факторный анализ/Переключить отображение с филиала на месяц")): Object: 'Object Repository/Факторный анализ/Переключить отображение с филиала на месяц' is clicked on

15-01-2025T10:09:44 - [MESSAGE][PASSED] - Object: 'Object Repository/Факторный анализ/Переключить отображение с филиала на месяц' is clicked on

15-01-2025T10:09:44 - [TEST_STEP][PASSED] - b1 = replaceAll("\s+", "").trim(): Text of object 'Object Repository/Факторный анализ/span1 Выручка' is: '-1 273 592'

15-01-2025T10:09:44 - [MESSAGE][PASSED] - Text of object 'Object Repository/Факторный анализ/span1 Выручка' is: '-1 273 592'

15-01-2025T10:09:44 - [TEST_STEP][PASSED] - b2 = replaceAll("\s+", "").trim(): Text of object 'Object Repository/Факторный анализ/span2 Выручка' is: '12 577'

15-01-2025T10:09:45 - [MESSAGE][PASSED] - Text of object 'Object Repository/Факторный анализ/span2 Выручка' is: '12 577'

15-01-2025T10:09:45 - [TEST_STEP][PASSED] - println("b1: " + b1): null

15-01-2025T10:09:45 - [TEST_STEP][PASSED] - println("b2: " + b2): null

15-01-2025T10:09:45 - [TEST_STEP][PASSED] - vidget = "Отклонения выручки по факторам": null

15-01-2025T10:09:45 - [TEST_STEP][PASSED] - DZO = "ПАО Россети": null

15-01-2025T10:09:45 - [TEST_STEP][PASSED] - typeOfData = "Отклонение (объём услуг)": null

15-01-2025T10:09:45 - [TEST_STEP][PASSED] - Script1719551244403.Compare(x = a1, y = b1, run, typeOfData, otobrajeniyeDannyh, todaysDate, vidget, DZO): null

15-01-2025T10:09:45 - [TEST_STEP][PASSED] - if (verifyEqual(x, y) == true): Actual object '-1273592' and expected object '-1273592' are equal

15-01-2025T10:09:45 - [MESSAGE][PASSED] - Actual object '-1273592' and expected object '-1273592' are equal

15-01-2025T10:09:45 - [TEST_STEP][PASSED] - typeOfData = "Отклонение (средний тариф)": null

15-01-2025T10:09:45 - [TEST_STEP][PASSED] - Script1719551244403.Compare(x = a2, y = b2, run, typeOfData, otobrajeniyeDannyh, todaysDate, vidget, DZO): null

15-01-2025T10:09:45 - [TEST_STEP][PASSED] - if (verifyEqual(x, y) == true): Actual object '12577' and expected object '12577' are equal

15-01-2025T10:09:45 - [MESSAGE][PASSED] - Actual object '12577' and expected object '12577' are equal

15-01-2025T10:09:45 - [TEST_STEP][PASSED] - tableB = getText(findTestObject("Факторный анализ/AllTable1 Выручка")).replaceAll("[\r?
|
]", "/"): Text of object 'Object Repository/Факторный анализ/AllTable1 Выручка' is: 'ДЗО
Филиал
Отклонение (объём услуг) филиал без Nan
Отклонение (средний тариф) филиал без Nan
АО «Тываэнерго» АО "Тываэнерго" 486 - 128
АО «Чеченэнерго» АО «Чеченэнерго» 73 47
Россети Волга Мордовэнерго 224 -93
Оренбургэнерго 833 - 135
Пензаэнерго 340 -67
Самарские РС 380 -1 202
Саратовские РС 471 - 569
Ульяновские РС 276 - 216
Чувашэнерго - 156 152
Россети Кубань Кубаньэнерго 3 908 599
Россети Ленэнерго (ГК) Ленинградская область 1 472 1 111
г. Санкт-Петербург 2 698 - 108
Россети Московский регион Московская область 5 429 - 877
г. Москва 4 012 10
Россети Северный Кавказ (ГК) Дагестанская энергосбытовая компания 0 0
Дагэнерго - 635 589
Ингушэнерго - 207 154
Каббалкэнерго 286 70
Карачаево-Черкесскэнерго 155 13
Севкавказэнерго - 404 172
Ставропольэнерго 281 - 198
Россети Северо-Запад Архангельский филиал 74 - 112
Вологодский филиал 277 8
Карельский филиал -91 186
Мурманский филиал 102 46
Новгородский филиал 227 -48
Псковский филиал 151 -15
филиал в Республике Коми -63 41
Россети Сибирь (ГК) Алтайэнерго 332 333
Бурятэнерго - 119 329
ГАЭС 153 -21
Красноярскэнерго 1 368 - 676
Кузбассэнерго-РЭС - 461 932
Омскэнерго 188 -70
Хакасэнерго 422 - 442
Читаэнерго -77 206
Россети Томск Томская распределительная компания 387 - 146
Россети Тюмень Россети Тюмень -5 414 - 638
Россети Урал (ГК) Пермэнерго 669 - 246
Свердловэнерго 964 315
Челябэнерго 1 045 - 720
Россети ФСК ЕЭС Итого по ФСК ЕЭС 10 513 -6 868
Россети Центр Белгородэнерго 347 138
Брянскэнерго 78 9
Воронежэнерго 667 130
Костромаэнерго 127 -11
Курскэнерго -6 84
Липецкэнерго 853 - 381
Орелэнерго 158 -52
Смоленскэнерго 34 48
Тамбовэнерго 307 -12
Тверьэнерго 376 192
Ярэнерго 630 15
Россети Центр и Приволжье (ГК) Владимирэнерго 574 64
Ивэнерго 201 62
Калугаэнерго 706 -61
Кировэнерго 511 30
Мариэнерго 189 23
Нижновэнерго 849 359
Рязаньэнерго 229 70
Тулэнерго 877 - 292
Удмуртэнерго 401 20
Россети Юг (ГК) АО «ВМЭС» 151 59
Астраханьэнерго 38 68
Волгоградэнерго 447 - 400
Калмэнерго 25 -2
Ростовэнерго 868 75
Россети Янтарь Россети Янтарь 419 -47'

15-01-2025T10:09:45 - [MESSAGE][PASSED] - Text of object 'Object Repository/Факторный анализ/AllTable1 Выручка' is: 'ДЗО
Филиал
Отклонение (объём услуг) филиал без Nan
Отклонение (средний тариф) филиал без Nan
АО «Тываэнерго» АО "Тываэнерго" 486 - 128
АО «Чеченэнерго» АО «Чеченэнерго» 73 47
Россети Волга Мордовэнерго 224 -93
Оренбургэнерго 833 - 135
Пензаэнерго 340 -67
Самарские РС 380 -1 202
Саратовские РС 471 - 569
Ульяновские РС 276 - 216
Чувашэнерго - 156 152
Россети Кубань Кубаньэнерго 3 908 599
Россети Ленэнерго (ГК) Ленинградская область 1 472 1 111
г. Санкт-Петербург 2 698 - 108
Россети Московский регион Московская область 5 429 - 877
г. Москва 4 012 10
Россети Северный Кавказ (ГК) Дагестанская энергосбытовая компания 0 0
Дагэнерго - 635 589
Ингушэнерго - 207 154
Каббалкэнерго 286 70
Карачаево-Черкесскэнерго 155 13
Севкавказэнерго - 404 172
Ставропольэнерго 281 - 198
Россети Северо-Запад Архангельский филиал 74 - 112
Вологодский филиал 277 8
Карельский филиал -91 186
Мурманский филиал 102 46
Новгородский филиал 227 -48
Псковский филиал 151 -15
филиал в Республике Коми -63 41
Россети Сибирь (ГК) Алтайэнерго 332 333
Бурятэнерго - 119 329
ГАЭС 153 -21
Красноярскэнерго 1 368 - 676
Кузбассэнерго-РЭС - 461 932
Омскэнерго 188 -70
Хакасэнерго 422 - 442
Читаэнерго -77 206
Россети Томск Томская распределительная компания 387 - 146
Россети Тюмень Россети Тюмень -5 414 - 638
Россети Урал (ГК) Пермэнерго 669 - 246
Свердловэнерго 964 315
Челябэнерго 1 045 - 720
Россети ФСК ЕЭС Итого по ФСК ЕЭС 10 513 -6 868
Россети Центр Белгородэнерго 347 138
Брянскэнерго 78 9
Воронежэнерго 667 130
Костромаэнерго 127 -11
Курскэнерго -6 84
Липецкэнерго 853 - 381
Орелэнерго 158 -52
Смоленскэнерго 34 48
Тамбовэнерго 307 -12
Тверьэнерго 376 192
Ярэнерго 630 15
Россети Центр и Приволжье (ГК) Владимирэнерго 574 64
Ивэнерго 201 62
Калугаэнерго 706 -61
Кировэнерго 511 30
Мариэнерго 189 23
Нижновэнерго 849 359
Рязаньэнерго 229 70
Тулэнерго 877 - 292
Удмуртэнерго 401 20
Россети Юг (ГК) АО «ВМЭС» 151 59
Астраханьэнерго 38 68
Волгоградэнерго 447 - 400
Калмэнерго 25 -2
Ростовэнерго 868 75
Россети Янтарь Россети Янтарь 419 -47'

15-01-2025T10:09:45 - [TEST_STEP][PASSED] - println("tableB: " + tableB): null

15-01-2025T10:09:45 - [TEST_STEP][PASSED] - for ([i = 1, i < 5, (i++)]): null

15-01-2025T10:09:45 - [TEST_STEP][PASSED] - ii = tableB.indexOf("/") + 1: null

15-01-2025T10:09:45 - [TEST_STEP][PASSED] - tableB = tableB.substring(ii, tableB.length()): null

15-01-2025T10:09:45 - [TEST_STEP][PASSED] - ii = tableB.indexOf("/") + 1: null

15-01-2025T10:09:45 - [TEST_STEP][PASSED] - tableB = tableB.substring(ii, tableB.length()): null

15-01-2025T10:09:45 - [TEST_STEP][PASSED] - ii = tableB.indexOf("/") + 1: null

15-01-2025T10:09:45 - [TEST_STEP][PASSED] - tableB = tableB.substring(ii, tableB.length()): null

15-01-2025T10:09:45 - [TEST_STEP][PASSED] - ii = tableB.indexOf("/") + 1: null

15-01-2025T10:09:45 - [TEST_STEP][PASSED] - tableB = tableB.substring(ii, tableB.length()): null

15-01-2025T10:09:45 - [TEST_STEP][PASSED] - println("tableB: " + tableB): null

15-01-2025T10:09:45 - [TEST_STEP][PASSED] - TyB = Script1719551244403.GetData(x = tableB): null

15-01-2025T10:09:45 - [TEST_STEP][PASSED] - i2 = <not implemented yet for class: org.codehaus.groovy.ast.expr.EmptyExpression>: null

15-01-2025T10:09:45 - [TEST_STEP][PASSED] - i2 = x.indexOf("/") + 1: null

15-01-2025T10:09:45 - [TEST_STEP][PASSED] - x = replaceAll("\p{P}", "").trim(): null

15-01-2025T10:09:45 - [TEST_STEP][PASSED] - return x: null

15-01-2025T10:09:45 - [TEST_STEP][PASSED] - println("TyB: " + TyB): null

15-01-2025T10:09:45 - [TEST_STEP][PASSED] - tableB = Script1719551244403.NewDZO(x = tableB): null

15-01-2025T10:09:45 - [TEST_STEP][PASSED] - i3 = <not implemented yet for class: org.codehaus.groovy.ast.expr.EmptyExpression>: null

15-01-2025T10:09:45 - [TEST_STEP][PASSED] - i3 = x.indexOf("/") + 1: null

15-01-2025T10:09:45 - [TEST_STEP][PASSED] - x = x.substring(i3, x.length()): null

15-01-2025T10:09:45 - [TEST_STEP][PASSED] - return x: null

15-01-2025T10:09:45 - [TEST_STEP][PASSED] - ChB = Script1719551244403.GetData(x = tableB): null

15-01-2025T10:09:45 - [TEST_STEP][PASSED] - i2 = <not implemented yet for class: org.codehaus.groovy.ast.expr.EmptyExpression>: null

15-01-2025T10:09:45 - [TEST_STEP][PASSED] - i2 = x.indexOf("/") + 1: null

15-01-2025T10:09:45 - [TEST_STEP][PASSED] - x = replaceAll("\p{P}", "").trim(): null

15-01-2025T10:09:45 - [TEST_STEP][PASSED] - return x: null

15-01-2025T10:09:45 - [TEST_STEP][PASSED] - println("ChB: " + ChB): null

15-01-2025T10:09:45 - [TEST_STEP][PASSED] - tableB = Script1719551244403.NewDZO(x = tableB): null

15-01-2025T10:09:45 - [TEST_STEP][PASSED] - i3 = <not implemented yet for class: org.codehaus.groovy.ast.expr.EmptyExpression>: null

15-01-2025T10:09:45 - [TEST_STEP][PASSED] - i3 = x.indexOf("/") + 1: null

15-01-2025T10:09:45 - [TEST_STEP][PASSED] - x = x.substring(i3, x.length()): null

15-01-2025T10:09:45 - [TEST_STEP][PASSED] - return x: null

15-01-2025T10:09:45 - [TEST_STEP][PASSED] - i = tableB.indexOf("Кубань"): null

15-01-2025T10:09:45 - [TEST_STEP][PASSED] - VB = replaceAll("\p{P}", "").trim(): null

15-01-2025T10:09:45 - [TEST_STEP][PASSED] - println("VB: " + VB): null

15-01-2025T10:09:45 - [TEST_STEP][PASSED] - for ([i = 1, i < 8, (i++)]): null

15-01-2025T10:09:45 - [TEST_STEP][PASSED] - tableB = Script1719551244403.NewDZO(x = tableB): null

15-01-2025T10:09:45 - [TEST_STEP][PASSED] - i3 = <not implemented yet for class: org.codehaus.groovy.ast.expr.EmptyExpression>: null

15-01-2025T10:09:45 - [TEST_STEP][PASSED] - i3 = x.indexOf("/") + 1: null

15-01-2025T10:09:45 - [TEST_STEP][PASSED] - x = x.substring(i3, x.length()): null

15-01-2025T10:09:45 - [TEST_STEP][PASSED] - return x: null

15-01-2025T10:09:45 - [TEST_STEP][PASSED] - tableB = Script1719551244403.NewDZO(x = tableB): null

15-01-2025T10:09:45 - [TEST_STEP][PASSED] - i3 = <not implemented yet for class: org.codehaus.groovy.ast.expr.EmptyExpression>: null

15-01-2025T10:09:45 - [TEST_STEP][PASSED] - i3 = x.indexOf("/") + 1: null

15-01-2025T10:09:45 - [TEST_STEP][PASSED] - x = x.substring(i3, x.length()): null

15-01-2025T10:09:45 - [TEST_STEP][PASSED] - return x: null

15-01-2025T10:09:45 - [TEST_STEP][PASSED] - tableB = Script1719551244403.NewDZO(x = tableB): null

15-01-2025T10:09:45 - [TEST_STEP][PASSED] - i3 = <not implemented yet for class: org.codehaus.groovy.ast.expr.EmptyExpression>: null

15-01-2025T10:09:45 - [TEST_STEP][PASSED] - i3 = x.indexOf("/") + 1: null

15-01-2025T10:09:45 - [TEST_STEP][PASSED] - x = x.substring(i3, x.length()): null

15-01-2025T10:09:45 - [TEST_STEP][PASSED] - return x: null

15-01-2025T10:09:45 - [TEST_STEP][PASSED] - tableB = Script1719551244403.NewDZO(x = tableB): null

15-01-2025T10:09:45 - [TEST_STEP][PASSED] - i3 = <not implemented yet for class: org.codehaus.groovy.ast.expr.EmptyExpression>: null

15-01-2025T10:09:45 - [TEST_STEP][PASSED] - i3 = x.indexOf("/") + 1: null

15-01-2025T10:09:45 - [TEST_STEP][PASSED] - x = x.substring(i3, x.length()): null

15-01-2025T10:09:45 - [TEST_STEP][PASSED] - return x: null

15-01-2025T10:09:45 - [TEST_STEP][PASSED] - tableB = Script1719551244403.NewDZO(x = tableB): null

15-01-2025T10:09:45 - [TEST_STEP][PASSED] - i3 = <not implemented yet for class: org.codehaus.groovy.ast.expr.EmptyExpression>: null

15-01-2025T10:09:45 - [TEST_STEP][PASSED] - i3 = x.indexOf("/") + 1: null

15-01-2025T10:09:45 - [TEST_STEP][PASSED] - x = x.substring(i3, x.length()): null

15-01-2025T10:09:45 - [TEST_STEP][PASSED] - return x: null

15-01-2025T10:09:45 - [TEST_STEP][PASSED] - tableB = Script1719551244403.NewDZO(x = tableB): null

15-01-2025T10:09:45 - [TEST_STEP][PASSED] - i3 = <not implemented yet for class: org.codehaus.groovy.ast.expr.EmptyExpression>: null

15-01-2025T10:09:45 - [TEST_STEP][PASSED] - i3 = x.indexOf("/") + 1: null

15-01-2025T10:09:45 - [TEST_STEP][PASSED] - x = x.substring(i3, x.length()): null

15-01-2025T10:09:45 - [TEST_STEP][PASSED] - return x: null

15-01-2025T10:09:45 - [TEST_STEP][PASSED] - tableB = Script1719551244403.NewDZO(x = tableB): null

15-01-2025T10:09:45 - [TEST_STEP][PASSED] - i3 = <not implemented yet for class: org.codehaus.groovy.ast.expr.EmptyExpression>: null

15-01-2025T10:09:45 - [TEST_STEP][PASSED] - i3 = x.indexOf("/") + 1: null

15-01-2025T10:09:45 - [TEST_STEP][PASSED] - x = x.substring(i3, x.length()): null

15-01-2025T10:09:45 - [TEST_STEP][PASSED] - return x: null

15-01-2025T10:09:45 - [TEST_STEP][PASSED] - i = tableB.indexOf("Ленэнерго"): null

15-01-2025T10:09:45 - [TEST_STEP][PASSED] - KuB = Script1719551244403.GetData(x = tableB): null

15-01-2025T10:09:45 - [TEST_STEP][PASSED] - i2 = <not implemented yet for class: org.codehaus.groovy.ast.expr.EmptyExpression>: null

15-01-2025T10:09:45 - [TEST_STEP][PASSED] - i2 = x.indexOf("/") + 1: null

15-01-2025T10:09:45 - [TEST_STEP][PASSED] - x = replaceAll("\p{P}", "").trim(): null

15-01-2025T10:09:45 - [TEST_STEP][PASSED] - return x: null

15-01-2025T10:09:45 - [TEST_STEP][PASSED] - println("KuB: " + KuB): null

15-01-2025T10:09:45 - [TEST_STEP][PASSED] - tableB = Script1719551244403.NewDZO(x = tableB): null

15-01-2025T10:09:45 - [TEST_STEP][PASSED] - i3 = <not implemented yet for class: org.codehaus.groovy.ast.expr.EmptyExpression>: null

15-01-2025T10:09:45 - [TEST_STEP][PASSED] - i3 = x.indexOf("/") + 1: null

15-01-2025T10:09:45 - [TEST_STEP][PASSED] - x = x.substring(i3, x.length()): null

15-01-2025T10:09:45 - [TEST_STEP][PASSED] - return x: null

15-01-2025T10:09:45 - [TEST_STEP][PASSED] - i = tableB.indexOf("Московский"): null

15-01-2025T10:09:45 - [TEST_STEP][PASSED] - LenB = replaceAll("\p{P}", "").trim(): null

15-01-2025T10:09:45 - [TEST_STEP][PASSED] - println("LenB: " + LenB): null

15-01-2025T10:09:45 - [TEST_STEP][PASSED] - tableB = Script1719551244403.NewDZO(x = tableB): null

15-01-2025T10:09:45 - [TEST_STEP][PASSED] - i3 = <not implemented yet for class: org.codehaus.groovy.ast.expr.EmptyExpression>: null

15-01-2025T10:09:45 - [TEST_STEP][PASSED] - i3 = x.indexOf("/") + 1: null

15-01-2025T10:09:45 - [TEST_STEP][PASSED] - x = x.substring(i3, x.length()): null

15-01-2025T10:09:45 - [TEST_STEP][PASSED] - return x: null

15-01-2025T10:09:45 - [TEST_STEP][PASSED] - tableB = Script1719551244403.NewDZO(x = tableB): null

15-01-2025T10:09:45 - [TEST_STEP][PASSED] - i3 = <not implemented yet for class: org.codehaus.groovy.ast.expr.EmptyExpression>: null

15-01-2025T10:09:45 - [TEST_STEP][PASSED] - i3 = x.indexOf("/") + 1: null

15-01-2025T10:09:45 - [TEST_STEP][PASSED] - x = x.substring(i3, x.length()): null

15-01-2025T10:09:45 - [TEST_STEP][PASSED] - return x: null

15-01-2025T10:09:45 - [TEST_STEP][PASSED] - i = tableB.indexOf("Кавказ"): null

15-01-2025T10:09:45 - [TEST_STEP][PASSED] - MosB = replaceAll("\p{P}", "").trim(): null

15-01-2025T10:09:45 - [TEST_STEP][PASSED] - println("MosB: " + MosB): null

15-01-2025T10:09:45 - [TEST_STEP][PASSED] - for ([i = 1, i < 3, (i++)]): null

15-01-2025T10:09:45 - [TEST_STEP][PASSED] - tableB = Script1719551244403.NewDZO(x = tableB): null

15-01-2025T10:09:45 - [TEST_STEP][PASSED] - i3 = <not implemented yet for class: org.codehaus.groovy.ast.expr.EmptyExpression>: null

15-01-2025T10:09:45 - [TEST_STEP][PASSED] - i3 = x.indexOf("/") + 1: null

15-01-2025T10:09:45 - [TEST_STEP][PASSED] - x = x.substring(i3, x.length()): null

15-01-2025T10:09:45 - [TEST_STEP][PASSED] - return x: null

15-01-2025T10:09:45 - [TEST_STEP][PASSED] - tableB = Script1719551244403.NewDZO(x = tableB): null

15-01-2025T10:09:45 - [TEST_STEP][PASSED] - i3 = <not implemented yet for class: org.codehaus.groovy.ast.expr.EmptyExpression>: null

15-01-2025T10:09:45 - [TEST_STEP][PASSED] - i3 = x.indexOf("/") + 1: null

15-01-2025T10:09:45 - [TEST_STEP][PASSED] - x = x.substring(i3, x.length()): null

15-01-2025T10:09:45 - [TEST_STEP][PASSED] - return x: null

15-01-2025T10:09:45 - [TEST_STEP][PASSED] - i = tableB.indexOf("Запад"): null

15-01-2025T10:09:45 - [TEST_STEP][PASSED] - SKB = replaceAll("\p{P}", "").trim(): null

15-01-2025T10:09:45 - [TEST_STEP][PASSED] - println("SKB: " + SKB): null

15-01-2025T10:09:45 - [TEST_STEP][PASSED] - for ([i = 1, i < 7, (i++)]): null

15-01-2025T10:09:45 - [TEST_STEP][PASSED] - tableB = Script1719551244403.NewDZO(x = tableB): null

15-01-2025T10:09:45 - [TEST_STEP][PASSED] - i3 = <not implemented yet for class: org.codehaus.groovy.ast.expr.EmptyExpression>: null

15-01-2025T10:09:45 - [TEST_STEP][PASSED] - i3 = x.indexOf("/") + 1: null

15-01-2025T10:09:45 - [TEST_STEP][PASSED] - x = x.substring(i3, x.length()): null

15-01-2025T10:09:45 - [TEST_STEP][PASSED] - return x: null

15-01-2025T10:09:45 - [TEST_STEP][PASSED] - tableB = Script1719551244403.NewDZO(x = tableB): null

15-01-2025T10:09:45 - [TEST_STEP][PASSED] - i3 = <not implemented yet for class: org.codehaus.groovy.ast.expr.EmptyExpression>: null

15-01-2025T10:09:45 - [TEST_STEP][PASSED] - i3 = x.indexOf("/") + 1: null

15-01-2025T10:09:45 - [TEST_STEP][PASSED] - x = x.substring(i3, x.length()): null

15-01-2025T10:09:45 - [TEST_STEP][PASSED] - return x: null

15-01-2025T10:09:45 - [TEST_STEP][PASSED] - tableB = Script1719551244403.NewDZO(x = tableB): null

15-01-2025T10:09:45 - [TEST_STEP][PASSED] - i3 = <not implemented yet for class: org.codehaus.groovy.ast.expr.EmptyExpression>: null

15-01-2025T10:09:45 - [TEST_STEP][PASSED] - i3 = x.indexOf("/") + 1: null

15-01-2025T10:09:45 - [TEST_STEP][PASSED] - x = x.substring(i3, x.length()): null

15-01-2025T10:09:45 - [TEST_STEP][PASSED] - return x: null

15-01-2025T10:09:45 - [TEST_STEP][PASSED] - tableB = Script1719551244403.NewDZO(x = tableB): null

15-01-2025T10:09:45 - [TEST_STEP][PASSED] - i3 = <not implemented yet for class: org.codehaus.groovy.ast.expr.EmptyExpression>: null

15-01-2025T10:09:45 - [TEST_STEP][PASSED] - i3 = x.indexOf("/") + 1: null

15-01-2025T10:09:45 - [TEST_STEP][PASSED] - x = x.substring(i3, x.length()): null

15-01-2025T10:09:45 - [TEST_STEP][PASSED] - return x: null

15-01-2025T10:09:45 - [TEST_STEP][PASSED] - tableB = Script1719551244403.NewDZO(x = tableB): null

15-01-2025T10:09:45 - [TEST_STEP][PASSED] - i3 = <not implemented yet for class: org.codehaus.groovy.ast.expr.EmptyExpression>: null

15-01-2025T10:09:45 - [TEST_STEP][PASSED] - i3 = x.indexOf("/") + 1: null

15-01-2025T10:09:45 - [TEST_STEP][PASSED] - x = x.substring(i3, x.length()): null

15-01-2025T10:09:45 - [TEST_STEP][PASSED] - return x: null

15-01-2025T10:09:45 - [TEST_STEP][PASSED] - tableB = Script1719551244403.NewDZO(x = tableB): null

15-01-2025T10:09:45 - [TEST_STEP][PASSED] - i3 = <not implemented yet for class: org.codehaus.groovy.ast.expr.EmptyExpression>: null

15-01-2025T10:09:45 - [TEST_STEP][PASSED] - i3 = x.indexOf("/") + 1: null

15-01-2025T10:09:45 - [TEST_STEP][PASSED] - x = x.substring(i3, x.length()): null

15-01-2025T10:09:45 - [TEST_STEP][PASSED] - return x: null

15-01-2025T10:09:45 - [TEST_STEP][PASSED] - i = tableB.indexOf("Сибирь"): null

15-01-2025T10:09:45 - [TEST_STEP][PASSED] - SZB = replaceAll("\p{P}", "").trim(): null

15-01-2025T10:09:45 - [TEST_STEP][PASSED] - println("SZB: " + SZB): null

15-01-2025T10:09:45 - [TEST_STEP][PASSED] - for ([i = 1, i < 8, (i++)]): null

15-01-2025T10:09:45 - [TEST_STEP][PASSED] - tableB = Script1719551244403.NewDZO(x = tableB): null

15-01-2025T10:09:45 - [TEST_STEP][PASSED] - i3 = <not implemented yet for class: org.codehaus.groovy.ast.expr.EmptyExpression>: null

15-01-2025T10:09:45 - [TEST_STEP][PASSED] - i3 = x.indexOf("/") + 1: null

15-01-2025T10:09:45 - [TEST_STEP][PASSED] - x = x.substring(i3, x.length()): null

15-01-2025T10:09:45 - [TEST_STEP][PASSED] - return x: null

15-01-2025T10:09:45 - [TEST_STEP][PASSED] - tableB = Script1719551244403.NewDZO(x = tableB): null

15-01-2025T10:09:45 - [TEST_STEP][PASSED] - i3 = <not implemented yet for class: org.codehaus.groovy.ast.expr.EmptyExpression>: null

15-01-2025T10:09:45 - [TEST_STEP][PASSED] - i3 = x.indexOf("/") + 1: null

15-01-2025T10:09:45 - [TEST_STEP][PASSED] - x = x.substring(i3, x.length()): null

15-01-2025T10:09:45 - [TEST_STEP][PASSED] - return x: null

15-01-2025T10:09:45 - [TEST_STEP][PASSED] - tableB = Script1719551244403.NewDZO(x = tableB): null

15-01-2025T10:09:45 - [TEST_STEP][PASSED] - i3 = <not implemented yet for class: org.codehaus.groovy.ast.expr.EmptyExpression>: null

15-01-2025T10:09:45 - [TEST_STEP][PASSED] - i3 = x.indexOf("/") + 1: null

15-01-2025T10:09:45 - [TEST_STEP][PASSED] - x = x.substring(i3, x.length()): null

15-01-2025T10:09:45 - [TEST_STEP][PASSED] - return x: null

15-01-2025T10:09:45 - [TEST_STEP][PASSED] - tableB = Script1719551244403.NewDZO(x = tableB): null

15-01-2025T10:09:45 - [TEST_STEP][PASSED] - i3 = <not implemented yet for class: org.codehaus.groovy.ast.expr.EmptyExpression>: null

15-01-2025T10:09:45 - [TEST_STEP][PASSED] - i3 = x.indexOf("/") + 1: null

15-01-2025T10:09:45 - [TEST_STEP][PASSED] - x = x.substring(i3, x.length()): null

15-01-2025T10:09:45 - [TEST_STEP][PASSED] - return x: null

15-01-2025T10:09:45 - [TEST_STEP][PASSED] - tableB = Script1719551244403.NewDZO(x = tableB): null

15-01-2025T10:09:45 - [TEST_STEP][PASSED] - i3 = <not implemented yet for class: org.codehaus.groovy.ast.expr.EmptyExpression>: null

15-01-2025T10:09:45 - [TEST_STEP][PASSED] - i3 = x.indexOf("/") + 1: null

15-01-2025T10:09:45 - [TEST_STEP][PASSED] - x = x.substring(i3, x.length()): null

15-01-2025T10:09:45 - [TEST_STEP][PASSED] - return x: null

15-01-2025T10:09:45 - [TEST_STEP][PASSED] - tableB = Script1719551244403.NewDZO(x = tableB): null

15-01-2025T10:09:45 - [TEST_STEP][PASSED] - i3 = <not implemented yet for class: org.codehaus.groovy.ast.expr.EmptyExpression>: null

15-01-2025T10:09:45 - [TEST_STEP][PASSED] - i3 = x.indexOf("/") + 1: null

15-01-2025T10:09:45 - [TEST_STEP][PASSED] - x = x.substring(i3, x.length()): null

15-01-2025T10:09:45 - [TEST_STEP][PASSED] - return x: null

15-01-2025T10:09:45 - [TEST_STEP][PASSED] - tableB = Script1719551244403.NewDZO(x = tableB): null

15-01-2025T10:09:45 - [TEST_STEP][PASSED] - i3 = <not implemented yet for class: org.codehaus.groovy.ast.expr.EmptyExpression>: null

15-01-2025T10:09:45 - [TEST_STEP][PASSED] - i3 = x.indexOf("/") + 1: null

15-01-2025T10:09:45 - [TEST_STEP][PASSED] - x = x.substring(i3, x.length()): null

15-01-2025T10:09:45 - [TEST_STEP][PASSED] - return x: null

15-01-2025T10:09:45 - [TEST_STEP][PASSED] - i = tableB.indexOf("Томск"): null

15-01-2025T10:09:45 - [TEST_STEP][PASSED] - SiB = replaceAll("\p{P}", "").trim(): null

15-01-2025T10:09:45 - [TEST_STEP][PASSED] - println("SiB: " + SiB): null

15-01-2025T10:09:45 - [TEST_STEP][PASSED] - for ([i = 1, i < 9, (i++)]): null

15-01-2025T10:09:45 - [TEST_STEP][PASSED] - tableB = Script1719551244403.NewDZO(x = tableB): null

15-01-2025T10:09:45 - [TEST_STEP][PASSED] - i3 = <not implemented yet for class: org.codehaus.groovy.ast.expr.EmptyExpression>: null

15-01-2025T10:09:45 - [TEST_STEP][PASSED] - i3 = x.indexOf("/") + 1: null

15-01-2025T10:09:45 - [TEST_STEP][PASSED] - x = x.substring(i3, x.length()): null

15-01-2025T10:09:45 - [TEST_STEP][PASSED] - return x: null

15-01-2025T10:09:45 - [TEST_STEP][PASSED] - tableB = Script1719551244403.NewDZO(x = tableB): null

15-01-2025T10:09:45 - [TEST_STEP][PASSED] - i3 = <not implemented yet for class: org.codehaus.groovy.ast.expr.EmptyExpression>: null

15-01-2025T10:09:45 - [TEST_STEP][PASSED] - i3 = x.indexOf("/") + 1: null

15-01-2025T10:09:45 - [TEST_STEP][PASSED] - x = x.substring(i3, x.length()): null

15-01-2025T10:09:45 - [TEST_STEP][PASSED] - return x: null

15-01-2025T10:09:45 - [TEST_STEP][PASSED] - tableB = Script1719551244403.NewDZO(x = tableB): null

15-01-2025T10:09:45 - [TEST_STEP][PASSED] - i3 = <not implemented yet for class: org.codehaus.groovy.ast.expr.EmptyExpression>: null

15-01-2025T10:09:45 - [TEST_STEP][PASSED] - i3 = x.indexOf("/") + 1: null

15-01-2025T10:09:45 - [TEST_STEP][PASSED] - x = x.substring(i3, x.length()): null

15-01-2025T10:09:45 - [TEST_STEP][PASSED] - return x: null

15-01-2025T10:09:45 - [TEST_STEP][PASSED] - tableB = Script1719551244403.NewDZO(x = tableB): null

15-01-2025T10:09:45 - [TEST_STEP][PASSED] - i3 = <not implemented yet for class: org.codehaus.groovy.ast.expr.EmptyExpression>: null

15-01-2025T10:09:45 - [TEST_STEP][PASSED] - i3 = x.indexOf("/") + 1: null

15-01-2025T10:09:45 - [TEST_STEP][PASSED] - x = x.substring(i3, x.length()): null

15-01-2025T10:09:45 - [TEST_STEP][PASSED] - return x: null

15-01-2025T10:09:45 - [TEST_STEP][PASSED] - tableB = Script1719551244403.NewDZO(x = tableB): null

15-01-2025T10:09:45 - [TEST_STEP][PASSED] - i3 = <not implemented yet for class: org.codehaus.groovy.ast.expr.EmptyExpression>: null

15-01-2025T10:09:45 - [TEST_STEP][PASSED] - i3 = x.indexOf("/") + 1: null

15-01-2025T10:09:45 - [TEST_STEP][PASSED] - x = x.substring(i3, x.length()): null

15-01-2025T10:09:45 - [TEST_STEP][PASSED] - return x: null

15-01-2025T10:09:45 - [TEST_STEP][PASSED] - tableB = Script1719551244403.NewDZO(x = tableB): null

15-01-2025T10:09:45 - [TEST_STEP][PASSED] - i3 = <not implemented yet for class: org.codehaus.groovy.ast.expr.EmptyExpression>: null

15-01-2025T10:09:45 - [TEST_STEP][PASSED] - i3 = x.indexOf("/") + 1: null

15-01-2025T10:09:45 - [TEST_STEP][PASSED] - x = x.substring(i3, x.length()): null

15-01-2025T10:09:45 - [TEST_STEP][PASSED] - return x: null

15-01-2025T10:09:45 - [TEST_STEP][PASSED] - tableB = Script1719551244403.NewDZO(x = tableB): null

15-01-2025T10:09:45 - [TEST_STEP][PASSED] - i3 = <not implemented yet for class: org.codehaus.groovy.ast.expr.EmptyExpression>: null

15-01-2025T10:09:45 - [TEST_STEP][PASSED] - i3 = x.indexOf("/") + 1: null

15-01-2025T10:09:45 - [TEST_STEP][PASSED] - x = x.substring(i3, x.length()): null

15-01-2025T10:09:45 - [TEST_STEP][PASSED] - return x: null

15-01-2025T10:09:45 - [TEST_STEP][PASSED] - tableB = Script1719551244403.NewDZO(x = tableB): null

15-01-2025T10:09:45 - [TEST_STEP][PASSED] - i3 = <not implemented yet for class: org.codehaus.groovy.ast.expr.EmptyExpression>: null

15-01-2025T10:09:45 - [TEST_STEP][PASSED] - i3 = x.indexOf("/") + 1: null

15-01-2025T10:09:45 - [TEST_STEP][PASSED] - x = x.substring(i3, x.length()): null

15-01-2025T10:09:45 - [TEST_STEP][PASSED] - return x: null

15-01-2025T10:09:45 - [TEST_STEP][PASSED] - i = tableB.indexOf("Тюмень"): null

15-01-2025T10:09:45 - [TEST_STEP][PASSED] - ToB = replaceAll("\p{P}", "").trim(): null

15-01-2025T10:09:45 - [TEST_STEP][PASSED] - println("ToB: " + ToB): null

15-01-2025T10:09:45 - [TEST_STEP][PASSED] - tableB = Script1719551244403.NewDZO(x = tableB): null

15-01-2025T10:09:45 - [TEST_STEP][PASSED] - i3 = <not implemented yet for class: org.codehaus.groovy.ast.expr.EmptyExpression>: null

15-01-2025T10:09:45 - [TEST_STEP][PASSED] - i3 = x.indexOf("/") + 1: null

15-01-2025T10:09:45 - [TEST_STEP][PASSED] - x = x.substring(i3, x.length()): null

15-01-2025T10:09:45 - [TEST_STEP][PASSED] - return x: null

15-01-2025T10:09:45 - [TEST_STEP][PASSED] - TyuB = replaceAll("\p{P}", "").trim(): null

15-01-2025T10:09:45 - [TEST_STEP][PASSED] - println("TyuB: " + TyuB): null

15-01-2025T10:09:45 - [TEST_STEP][PASSED] - tableB = Script1719551244403.NewDZO(x = tableB): null

15-01-2025T10:09:45 - [TEST_STEP][PASSED] - i3 = <not implemented yet for class: org.codehaus.groovy.ast.expr.EmptyExpression>: null

15-01-2025T10:09:45 - [TEST_STEP][PASSED] - i3 = x.indexOf("/") + 1: null

15-01-2025T10:09:45 - [TEST_STEP][PASSED] - x = x.substring(i3, x.length()): null

15-01-2025T10:09:45 - [TEST_STEP][PASSED] - return x: null

15-01-2025T10:09:45 - [TEST_STEP][PASSED] - i = tableB.indexOf("ЕЭС"): null

15-01-2025T10:09:45 - [TEST_STEP][PASSED] - UrB = replaceAll("\p{P}", "").trim(): null

15-01-2025T10:09:45 - [TEST_STEP][PASSED] - println("UrB: " + UrB): null

15-01-2025T10:09:45 - [TEST_STEP][PASSED] - for ([i = 1, i < 4, (i++)]): null

15-01-2025T10:09:45 - [TEST_STEP][PASSED] - tableB = Script1719551244403.NewDZO(x = tableB): null

15-01-2025T10:09:45 - [TEST_STEP][PASSED] - i3 = <not implemented yet for class: org.codehaus.groovy.ast.expr.EmptyExpression>: null

15-01-2025T10:09:45 - [TEST_STEP][PASSED] - i3 = x.indexOf("/") + 1: null

15-01-2025T10:09:45 - [TEST_STEP][PASSED] - x = x.substring(i3, x.length()): null

15-01-2025T10:09:45 - [TEST_STEP][PASSED] - return x: null

15-01-2025T10:09:45 - [TEST_STEP][PASSED] - tableB = Script1719551244403.NewDZO(x = tableB): null

15-01-2025T10:09:45 - [TEST_STEP][PASSED] - i3 = <not implemented yet for class: org.codehaus.groovy.ast.expr.EmptyExpression>: null

15-01-2025T10:09:45 - [TEST_STEP][PASSED] - i3 = x.indexOf("/") + 1: null

15-01-2025T10:09:45 - [TEST_STEP][PASSED] - x = x.substring(i3, x.length()): null

15-01-2025T10:09:45 - [TEST_STEP][PASSED] - return x: null

15-01-2025T10:09:45 - [TEST_STEP][PASSED] - tableB = Script1719551244403.NewDZO(x = tableB): null

15-01-2025T10:09:45 - [TEST_STEP][PASSED] - i3 = <not implemented yet for class: org.codehaus.groovy.ast.expr.EmptyExpression>: null

15-01-2025T10:09:45 - [TEST_STEP][PASSED] - i3 = x.indexOf("/") + 1: null

15-01-2025T10:09:45 - [TEST_STEP][PASSED] - x = x.substring(i3, x.length()): null

15-01-2025T10:09:45 - [TEST_STEP][PASSED] - return x: null

15-01-2025T10:09:45 - [TEST_STEP][PASSED] - i = tableB.indexOf("Центр"): null

15-01-2025T10:09:45 - [TEST_STEP][PASSED] - FSKB = replaceAll("\p{P}", "").trim(): null

15-01-2025T10:09:45 - [TEST_STEP][PASSED] - println("FSKB: " + FSKB): null

15-01-2025T10:09:45 - [TEST_STEP][PASSED] - tableB = Script1719551244403.NewDZO(x = tableB): null

15-01-2025T10:09:45 - [TEST_STEP][PASSED] - i3 = <not implemented yet for class: org.codehaus.groovy.ast.expr.EmptyExpression>: null

15-01-2025T10:09:45 - [TEST_STEP][PASSED] - i3 = x.indexOf("/") + 1: null

15-01-2025T10:09:45 - [TEST_STEP][PASSED] - x = x.substring(i3, x.length()): null

15-01-2025T10:09:45 - [TEST_STEP][PASSED] - return x: null

15-01-2025T10:09:45 - [TEST_STEP][PASSED] - i = tableB.indexOf("Приволжье"): null

15-01-2025T10:09:45 - [TEST_STEP][PASSED] - CenB = replaceAll("\p{P}", "").trim(): null

15-01-2025T10:09:45 - [TEST_STEP][PASSED] - println("CenB: " + CenB): null

15-01-2025T10:09:45 - [TEST_STEP][PASSED] - for ([i = 1, i < 12, (i++)]): null

15-01-2025T10:09:45 - [TEST_STEP][PASSED] - tableB = Script1719551244403.NewDZO(x = tableB): null

15-01-2025T10:09:45 - [TEST_STEP][PASSED] - i3 = <not implemented yet for class: org.codehaus.groovy.ast.expr.EmptyExpression>: null

15-01-2025T10:09:45 - [TEST_STEP][PASSED] - i3 = x.indexOf("/") + 1: null

15-01-2025T10:09:45 - [TEST_STEP][PASSED] - x = x.substring(i3, x.length()): null

15-01-2025T10:09:45 - [TEST_STEP][PASSED] - return x: null

15-01-2025T10:09:45 - [TEST_STEP][PASSED] - tableB = Script1719551244403.NewDZO(x = tableB): null

15-01-2025T10:09:45 - [TEST_STEP][PASSED] - i3 = <not implemented yet for class: org.codehaus.groovy.ast.expr.EmptyExpression>: null

15-01-2025T10:09:45 - [TEST_STEP][PASSED] - i3 = x.indexOf("/") + 1: null

15-01-2025T10:09:45 - [TEST_STEP][PASSED] - x = x.substring(i3, x.length()): null

15-01-2025T10:09:45 - [TEST_STEP][PASSED] - return x: null

15-01-2025T10:09:45 - [TEST_STEP][PASSED] - tableB = Script1719551244403.NewDZO(x = tableB): null

15-01-2025T10:09:45 - [TEST_STEP][PASSED] - i3 = <not implemented yet for class: org.codehaus.groovy.ast.expr.EmptyExpression>: null

15-01-2025T10:09:45 - [TEST_STEP][PASSED] - i3 = x.indexOf("/") + 1: null

15-01-2025T10:09:45 - [TEST_STEP][PASSED] - x = x.substring(i3, x.length()): null

15-01-2025T10:09:45 - [TEST_STEP][PASSED] - return x: null

15-01-2025T10:09:45 - [TEST_STEP][PASSED] - tableB = Script1719551244403.NewDZO(x = tableB): null

15-01-2025T10:09:45 - [TEST_STEP][PASSED] - i3 = <not implemented yet for class: org.codehaus.groovy.ast.expr.EmptyExpression>: null

15-01-2025T10:09:45 - [TEST_STEP][PASSED] - i3 = x.indexOf("/") + 1: null

15-01-2025T10:09:45 - [TEST_STEP][PASSED] - x = x.substring(i3, x.length()): null

15-01-2025T10:09:45 - [TEST_STEP][PASSED] - return x: null

15-01-2025T10:09:45 - [TEST_STEP][PASSED] - tableB = Script1719551244403.NewDZO(x = tableB): null

15-01-2025T10:09:45 - [TEST_STEP][PASSED] - i3 = <not implemented yet for class: org.codehaus.groovy.ast.expr.EmptyExpression>: null

15-01-2025T10:09:45 - [TEST_STEP][PASSED] - i3 = x.indexOf("/") + 1: null

15-01-2025T10:09:45 - [TEST_STEP][PASSED] - x = x.substring(i3, x.length()): null

15-01-2025T10:09:45 - [TEST_STEP][PASSED] - return x: null

15-01-2025T10:09:45 - [TEST_STEP][PASSED] - tableB = Script1719551244403.NewDZO(x = tableB): null

15-01-2025T10:09:45 - [TEST_STEP][PASSED] - i3 = <not implemented yet for class: org.codehaus.groovy.ast.expr.EmptyExpression>: null

15-01-2025T10:09:45 - [TEST_STEP][PASSED] - i3 = x.indexOf("/") + 1: null

15-01-2025T10:09:45 - [TEST_STEP][PASSED] - x = x.substring(i3, x.length()): null

15-01-2025T10:09:45 - [TEST_STEP][PASSED] - return x: null

15-01-2025T10:09:45 - [TEST_STEP][PASSED] - tableB = Script1719551244403.NewDZO(x = tableB): null

15-01-2025T10:09:45 - [TEST_STEP][PASSED] - i3 = <not implemented yet for class: org.codehaus.groovy.ast.expr.EmptyExpression>: null

15-01-2025T10:09:45 - [TEST_STEP][PASSED] - i3 = x.indexOf("/") + 1: null

15-01-2025T10:09:45 - [TEST_STEP][PASSED] - x = x.substring(i3, x.length()): null

15-01-2025T10:09:45 - [TEST_STEP][PASSED] - return x: null

15-01-2025T10:09:45 - [TEST_STEP][PASSED] - tableB = Script1719551244403.NewDZO(x = tableB): null

15-01-2025T10:09:45 - [TEST_STEP][PASSED] - i3 = <not implemented yet for class: org.codehaus.groovy.ast.expr.EmptyExpression>: null

15-01-2025T10:09:45 - [TEST_STEP][PASSED] - i3 = x.indexOf("/") + 1: null

15-01-2025T10:09:45 - [TEST_STEP][PASSED] - x = x.substring(i3, x.length()): null

15-01-2025T10:09:45 - [TEST_STEP][PASSED] - return x: null

15-01-2025T10:09:45 - [TEST_STEP][PASSED] - tableB = Script1719551244403.NewDZO(x = tableB): null

15-01-2025T10:09:45 - [TEST_STEP][PASSED] - i3 = <not implemented yet for class: org.codehaus.groovy.ast.expr.EmptyExpression>: null

15-01-2025T10:09:45 - [TEST_STEP][PASSED] - i3 = x.indexOf("/") + 1: null

15-01-2025T10:09:45 - [TEST_STEP][PASSED] - x = x.substring(i3, x.length()): null

15-01-2025T10:09:45 - [TEST_STEP][PASSED] - return x: null

15-01-2025T10:09:45 - [TEST_STEP][PASSED] - tableB = Script1719551244403.NewDZO(x = tableB): null

15-01-2025T10:09:45 - [TEST_STEP][PASSED] - i3 = <not implemented yet for class: org.codehaus.groovy.ast.expr.EmptyExpression>: null

15-01-2025T10:09:45 - [TEST_STEP][PASSED] - i3 = x.indexOf("/") + 1: null

15-01-2025T10:09:45 - [TEST_STEP][PASSED] - x = x.substring(i3, x.length()): null

15-01-2025T10:09:45 - [TEST_STEP][PASSED] - return x: null

15-01-2025T10:09:45 - [TEST_STEP][PASSED] - tableB = Script1719551244403.NewDZO(x = tableB): null

15-01-2025T10:09:45 - [TEST_STEP][PASSED] - i3 = <not implemented yet for class: org.codehaus.groovy.ast.expr.EmptyExpression>: null

15-01-2025T10:09:45 - [TEST_STEP][PASSED] - i3 = x.indexOf("/") + 1: null

15-01-2025T10:09:45 - [TEST_STEP][PASSED] - x = x.substring(i3, x.length()): null

15-01-2025T10:09:45 - [TEST_STEP][PASSED] - return x: null

15-01-2025T10:09:45 - [TEST_STEP][PASSED] - i = tableB.indexOf("Юг"): null

15-01-2025T10:09:45 - [TEST_STEP][PASSED] - CiPB = replaceAll("\p{P}", "").trim(): null

15-01-2025T10:09:45 - [TEST_STEP][PASSED] - println("CiPB: " + CiPB): null

15-01-2025T10:09:45 - [TEST_STEP][PASSED] - for ([i = 1, i < 10, (i++)]): null

15-01-2025T10:09:45 - [TEST_STEP][PASSED] - tableB = Script1719551244403.NewDZO(x = tableB): null

15-01-2025T10:09:45 - [TEST_STEP][PASSED] - i3 = <not implemented yet for class: org.codehaus.groovy.ast.expr.EmptyExpression>: null

15-01-2025T10:09:45 - [TEST_STEP][PASSED] - i3 = x.indexOf("/") + 1: null

15-01-2025T10:09:45 - [TEST_STEP][PASSED] - x = x.substring(i3, x.length()): null

15-01-2025T10:09:45 - [TEST_STEP][PASSED] - return x: null

15-01-2025T10:09:45 - [TEST_STEP][PASSED] - tableB = Script1719551244403.NewDZO(x = tableB): null

15-01-2025T10:09:45 - [TEST_STEP][PASSED] - i3 = <not implemented yet for class: org.codehaus.groovy.ast.expr.EmptyExpression>: null

15-01-2025T10:09:45 - [TEST_STEP][PASSED] - i3 = x.indexOf("/") + 1: null

15-01-2025T10:09:45 - [TEST_STEP][PASSED] - x = x.substring(i3, x.length()): null

15-01-2025T10:09:45 - [TEST_STEP][PASSED] - return x: null

15-01-2025T10:09:45 - [TEST_STEP][PASSED] - tableB = Script1719551244403.NewDZO(x = tableB): null

15-01-2025T10:09:45 - [TEST_STEP][PASSED] - i3 = <not implemented yet for class: org.codehaus.groovy.ast.expr.EmptyExpression>: null

15-01-2025T10:09:45 - [TEST_STEP][PASSED] - i3 = x.indexOf("/") + 1: null

15-01-2025T10:09:45 - [TEST_STEP][PASSED] - x = x.substring(i3, x.length()): null

15-01-2025T10:09:45 - [TEST_STEP][PASSED] - return x: null

15-01-2025T10:09:45 - [TEST_STEP][PASSED] - tableB = Script1719551244403.NewDZO(x = tableB): null

15-01-2025T10:09:45 - [TEST_STEP][PASSED] - i3 = <not implemented yet for class: org.codehaus.groovy.ast.expr.EmptyExpression>: null

15-01-2025T10:09:45 - [TEST_STEP][PASSED] - i3 = x.indexOf("/") + 1: null

15-01-2025T10:09:45 - [TEST_STEP][PASSED] - x = x.substring(i3, x.length()): null

15-01-2025T10:09:45 - [TEST_STEP][PASSED] - return x: null

15-01-2025T10:09:45 - [TEST_STEP][PASSED] - tableB = Script1719551244403.NewDZO(x = tableB): null

15-01-2025T10:09:45 - [TEST_STEP][PASSED] - i3 = <not implemented yet for class: org.codehaus.groovy.ast.expr.EmptyExpression>: null

15-01-2025T10:09:45 - [TEST_STEP][PASSED] - i3 = x.indexOf("/") + 1: null

15-01-2025T10:09:45 - [TEST_STEP][PASSED] - x = x.substring(i3, x.length()): null

15-01-2025T10:09:45 - [TEST_STEP][PASSED] - return x: null

15-01-2025T10:09:45 - [TEST_STEP][PASSED] - tableB = Script1719551244403.NewDZO(x = tableB): null

15-01-2025T10:09:45 - [TEST_STEP][PASSED] - i3 = <not implemented yet for class: org.codehaus.groovy.ast.expr.EmptyExpression>: null

15-01-2025T10:09:45 - [TEST_STEP][PASSED] - i3 = x.indexOf("/") + 1: null

15-01-2025T10:09:45 - [TEST_STEP][PASSED] - x = x.substring(i3, x.length()): null

15-01-2025T10:09:45 - [TEST_STEP][PASSED] - return x: null

15-01-2025T10:09:45 - [TEST_STEP][PASSED] - tableB = Script1719551244403.NewDZO(x = tableB): null

15-01-2025T10:09:45 - [TEST_STEP][PASSED] - i3 = <not implemented yet for class: org.codehaus.groovy.ast.expr.EmptyExpression>: null

15-01-2025T10:09:45 - [TEST_STEP][PASSED] - i3 = x.indexOf("/") + 1: null

15-01-2025T10:09:45 - [TEST_STEP][PASSED] - x = x.substring(i3, x.length()): null

15-01-2025T10:09:45 - [TEST_STEP][PASSED] - return x: null

15-01-2025T10:09:45 - [TEST_STEP][PASSED] - tableB = Script1719551244403.NewDZO(x = tableB): null

15-01-2025T10:09:45 - [TEST_STEP][PASSED] - i3 = <not implemented yet for class: org.codehaus.groovy.ast.expr.EmptyExpression>: null

15-01-2025T10:09:45 - [TEST_STEP][PASSED] - i3 = x.indexOf("/") + 1: null

15-01-2025T10:09:45 - [TEST_STEP][PASSED] - x = x.substring(i3, x.length()): null

15-01-2025T10:09:45 - [TEST_STEP][PASSED] - return x: null

15-01-2025T10:09:45 - [TEST_STEP][PASSED] - tableB = Script1719551244403.NewDZO(x = tableB): null

15-01-2025T10:09:45 - [TEST_STEP][PASSED] - i3 = <not implemented yet for class: org.codehaus.groovy.ast.expr.EmptyExpression>: null

15-01-2025T10:09:45 - [TEST_STEP][PASSED] - i3 = x.indexOf("/") + 1: null

15-01-2025T10:09:45 - [TEST_STEP][PASSED] - x = x.substring(i3, x.length()): null

15-01-2025T10:09:45 - [TEST_STEP][PASSED] - return x: null

15-01-2025T10:09:45 - [TEST_STEP][PASSED] - i = tableB.indexOf("Янтарь"): null

15-01-2025T10:09:45 - [TEST_STEP][PASSED] - UgB = replaceAll("\p{P}", "").trim(): null

15-01-2025T10:09:45 - [TEST_STEP][PASSED] - println("UgB: " + UgB): null

15-01-2025T10:09:45 - [TEST_STEP][PASSED] - i = tableB.lastIndexOf("/"): null

15-01-2025T10:09:45 - [TEST_STEP][PASSED] - YaB = replaceAll("\p{P}", "").trim(): null

15-01-2025T10:09:45 - [TEST_STEP][PASSED] - println("YaB: " + YaB): null

15-01-2025T10:09:45 - [TEST_STEP][PASSED] - vidget = "Отклонения выручки по факторам": null

15-01-2025T10:09:45 - [TEST_STEP][PASSED] - if (run == 2): null

15-01-2025T10:09:45 - [TEST_STEP][PASSED] - DZO = "АО «Тываэнерго»": null

15-01-2025T10:09:45 - [TEST_STEP][PASSED] - Script1719551244403.CompareDZO(x = TyA, y = TyB, run, typeOfData, otobrajeniyeDannyh, todaysDate, vidget, DZO): null

15-01-2025T10:09:45 - [TEST_STEP][PASSED] - x1 = x: null

15-01-2025T10:09:45 - [TEST_STEP][PASSED] - y1 = y: null

15-01-2025T10:09:45 - [TEST_STEP][PASSED] - i1 = <not implemented yet for class: org.codehaus.groovy.ast.expr.EmptyExpression>: null

15-01-2025T10:09:45 - [TEST_STEP][PASSED] - if (verifyEqual(x, y) == true): null

15-01-2025T10:09:45 - [MESSAGE][PASSED] - Actual object '486  128' and expected object '486  128' are equal

15-01-2025T10:09:45 - [TEST_STEP][PASSED] - DZO = "АО «Чеченэнерго»": null

15-01-2025T10:09:45 - [TEST_STEP][PASSED] - Script1719551244403.CompareDZO(x = ChA, y = ChB, run, typeOfData, otobrajeniyeDannyh, todaysDate, vidget, DZO): null

15-01-2025T10:09:45 - [TEST_STEP][PASSED] - x1 = x: null

15-01-2025T10:09:45 - [TEST_STEP][PASSED] - y1 = y: null

15-01-2025T10:09:45 - [TEST_STEP][PASSED] - i1 = <not implemented yet for class: org.codehaus.groovy.ast.expr.EmptyExpression>: null

15-01-2025T10:09:45 - [TEST_STEP][FAILED] - if (verifyEqual(x, y) == true): Unable to verify equal between actual object '4 079 47' and expected object '73 47' (Root cause: com.kms.katalon.core.exception.StepFailedException: Actual object '4 079 47' and expected object '73 47' are not equal
	at com.kms.katalon.core.keyword.builtin.VerifyEqualKeyword$_verifyEqual_closure1.doCall(VerifyEqualKeyword.groovy:58)
	at com.kms.katalon.core.keyword.builtin.VerifyEqualKeyword$_verifyEqual_closure1.call(VerifyEqualKeyword.groovy)
	at com.kms.katalon.core.keyword.internal.KeywordMain.runKeyword(KeywordMain.groovy:75)
	at com.kms.katalon.core.keyword.builtin.VerifyEqualKeyword.verifyEqual(VerifyEqualKeyword.groovy:63)
	at com.kms.katalon.core.keyword.builtin.VerifyEqualKeyword.execute(VerifyEqualKeyword.groovy:44)
	at com.kms.katalon.core.keyword.internal.KeywordExecutor.executeKeywordForPlatform(KeywordExecutor.groovy:74)
	at com.kms.katalon.core.keyword.BuiltinKeywords.verifyEqual(BuiltinKeywords.groovy:146)
	at jdk.internal.reflect.GeneratedMethodAccessor32.invoke(Unknown Source)
	at java.base/jdk.internal.reflect.DelegatingMethodAccessorImpl.invoke(DelegatingMethodAccessorImpl.java:43)
	at Факторный анализ сверка дашбордов.CompareDZO(Факторный анализ сверка дашбордов:703)
	at Факторный анализ сверка дашбордов.Test(Факторный анализ сверка дашбордов:617)
	at Факторный анализ сверка дашбордов.run(Факторный анализ сверка дашбордов:44)
	at com.kms.katalon.core.main.ScriptEngine.run(ScriptEngine.java:194)
	at com.kms.katalon.core.main.ScriptEngine.runScriptAsRawText(ScriptEngine.java:119)
	at com.kms.katalon.core.main.TestCaseExecutor.runScript(TestCaseExecutor.java:448)
	at com.kms.katalon.core.main.TestCaseExecutor.doExecute(TestCaseExecutor.java:439)
	at com.kms.katalon.core.main.TestCaseExecutor.processExecutionPhase(TestCaseExecutor.java:418)
	at com.kms.katalon.core.main.TestCaseExecutor.accessMainPhase(TestCaseExecutor.java:410)
	at com.kms.katalon.core.main.TestCaseExecutor.execute(TestCaseExecutor.java:285)
	at com.kms.katalon.core.common.CommonExecutor.accessTestCaseMainPhase(CommonExecutor.java:65)
	at com.kms.katalon.core.main.TestSuiteExecutor.accessTestSuiteMainPhase(TestSuiteExecutor.java:150)
	at com.kms.katalon.core.main.TestSuiteExecutor.execute(TestSuiteExecutor.java:106)
	at com.kms.katalon.core.main.TestCaseMain.startTestSuite(TestCaseMain.java:180)
	at TempTestSuite1736921988279.run(TempTestSuite1736921988279.groovy:35)
	at java.base/jdk.internal.reflect.NativeMethodAccessorImpl.invoke0(Native Method)
	at java.base/jdk.internal.reflect.NativeMethodAccessorImpl.invoke(NativeMethodAccessorImpl.java:77)
	at java.base/jdk.internal.reflect.DelegatingMethodAccessorImpl.invoke(DelegatingMethodAccessorImpl.java:43)
)

15-01-2025T10:09:45 - [MESSAGE][FAILED] - Unable to verify equal between actual object '4 079 47' and expected object '73 47' (Root cause: com.kms.katalon.core.exception.StepFailedException: Actual object '4 079 47' and expected object '73 47' are not equal
	at com.kms.katalon.core.keyword.builtin.VerifyEqualKeyword$_verifyEqual_closure1.doCall(VerifyEqualKeyword.groovy:58)
	at com.kms.katalon.core.keyword.builtin.VerifyEqualKeyword$_verifyEqual_closure1.call(VerifyEqualKeyword.groovy)
	at com.kms.katalon.core.keyword.internal.KeywordMain.runKeyword(KeywordMain.groovy:75)
	at com.kms.katalon.core.keyword.builtin.VerifyEqualKeyword.verifyEqual(VerifyEqualKeyword.groovy:63)
	at com.kms.katalon.core.keyword.builtin.VerifyEqualKeyword.execute(VerifyEqualKeyword.groovy:44)
	at com.kms.katalon.core.keyword.internal.KeywordExecutor.executeKeywordForPlatform(KeywordExecutor.groovy:74)
	at com.kms.katalon.core.keyword.BuiltinKeywords.verifyEqual(BuiltinKeywords.groovy:146)
	at jdk.internal.reflect.GeneratedMethodAccessor32.invoke(Unknown Source)
	at java.base/jdk.internal.reflect.DelegatingMethodAccessorImpl.invoke(DelegatingMethodAccessorImpl.java:43)
	at Факторный анализ сверка дашбордов.CompareDZO(Факторный анализ сверка дашбордов:703)
	at Факторный анализ сверка дашбордов.Test(Факторный анализ сверка дашбордов:617)
	at Факторный анализ сверка дашбордов.run(Факторный анализ сверка дашбордов:44)
	at com.kms.katalon.core.main.ScriptEngine.run(ScriptEngine.java:194)
	at com.kms.katalon.core.main.ScriptEngine.runScriptAsRawText(ScriptEngine.java:119)
	at com.kms.katalon.core.main.TestCaseExecutor.runScript(TestCaseExecutor.java:448)
	at com.kms.katalon.core.main.TestCaseExecutor.doExecute(TestCaseExecutor.java:439)
	at com.kms.katalon.core.main.TestCaseExecutor.processExecutionPhase(TestCaseExecutor.java:418)
	at com.kms.katalon.core.main.TestCaseExecutor.accessMainPhase(TestCaseExecutor.java:410)
	at com.kms.katalon.core.main.TestCaseExecutor.execute(TestCaseExecutor.java:285)
	at com.kms.katalon.core.common.CommonExecutor.accessTestCaseMainPhase(CommonExecutor.java:65)
	at com.kms.katalon.core.main.TestSuiteExecutor.accessTestSuiteMainPhase(TestSuiteExecutor.java:150)
	at com.kms.katalon.core.main.TestSuiteExecutor.execute(TestSuiteExecutor.java:106)
	at com.kms.katalon.core.main.TestCaseMain.startTestSuite(TestCaseMain.java:180)
	at TempTestSuite1736921988279.run(TempTestSuite1736921988279.groovy:35)
	at java.base/jdk.internal.reflect.NativeMethodAccessorImpl.invoke0(Native Method)
	at java.base/jdk.internal.reflect.NativeMethodAccessorImpl.invoke(NativeMethodAccessorImpl.java:77)
	at java.base/jdk.internal.reflect.DelegatingMethodAccessorImpl.invoke(DelegatingMethodAccessorImpl.java:43)
)

15-01-2025T10:09:45 - [TEST_STEP][PASSED] - else: null

15-01-2025T10:09:45 - [TEST_STEP][PASSED] - otobrajeniyeDannyh = "Все": null

15-01-2025T10:09:45 - [TEST_STEP][PASSED] - vidget = "Всего отклонения по факторам": null

15-01-2025T10:09:45 - [TEST_STEP][PASSED] - Script1719551244403.WriteToExcel(todaysDate, typeOfData, otobrajeniyeDannyh, x, y, vidget, DZO): null

15-01-2025T10:09:45 - [TEST_STEP][PASSED] - sheetName = "Sheet1": null

15-01-2025T10:09:45 - [TEST_STEP][PASSED] - data = findTestData("PlanFact"): null

15-01-2025T10:09:45 - [TEST_STEP][PASSED] - n = data.getRowNumbers() + 1: null

15-01-2025T10:09:45 - [TEST_STEP][PASSED] - period = getText(findTestObject("Факторный анализ/Фильтр Период")): Text of object 'Object Repository/Факторный анализ/Фильтр Период' is: 'Октябрь, Ноябрь и 1, 2, 3 кв. 2024 года'

15-01-2025T10:09:45 - [MESSAGE][PASSED] - Text of object 'Object Repository/Факторный анализ/Фильтр Период' is: 'Октябрь, Ноябрь и 1, 2, 3 кв. 2024 года'

15-01-2025T10:09:45 - [TEST_STEP][PASSED] - println(period): null

15-01-2025T10:09:45 - [TEST_STEP][PASSED] - dashboardName = "Факторный анализ": null

15-01-2025T10:09:45 - [TEST_STEP][PASSED] - workbook01 = getWorkbook(excelFilePath): null

15-01-2025T10:09:46 - [TEST_STEP][PASSED] - sheet01 = getExcelSheet(workbook01, sheetName): null

15-01-2025T10:09:46 - [TEST_STEP][PASSED] - setValueToCellByIndex(sheet01, n, 0, dashboardName): null

15-01-2025T10:09:46 - [TEST_STEP][PASSED] - setValueToCellByIndex(sheet01, n, 1, DZO): null

15-01-2025T10:09:46 - [TEST_STEP][PASSED] - setValueToCellByIndex(sheet01, n, 2, vidget): null

15-01-2025T10:09:46 - [TEST_STEP][PASSED] - setValueToCellByIndex(sheet01, n, 3, typeOfData): null

15-01-2025T10:09:46 - [TEST_STEP][PASSED] - setValueToCellByIndex(sheet01, n, 4, otobrajeniyeDannyh): null

15-01-2025T10:09:46 - [TEST_STEP][PASSED] - setValueToCellByIndex(sheet01, n, 5, period): null

15-01-2025T10:09:46 - [TEST_STEP][PASSED] - setValueToCellByIndex(sheet01, n, 6, todaysDate): null

15-01-2025T10:09:46 - [TEST_STEP][PASSED] - n = n + 1: null

15-01-2025T10:09:46 - [TEST_STEP][PASSED] - saveWorkbook(excelFilePath, workbook01): null

15-01-2025T10:09:46 - [TEST_STEP][PASSED] - DZO = "Россети Волга": null

15-01-2025T10:09:46 - [TEST_STEP][PASSED] - Script1719551244403.CompareDZO(x = VA, y = VB, run, typeOfData, otobrajeniyeDannyh, todaysDate, vidget, DZO): null

15-01-2025T10:09:46 - [TEST_STEP][PASSED] - x1 = x: null

15-01-2025T10:09:46 - [TEST_STEP][PASSED] - y1 = y: null

15-01-2025T10:09:46 - [TEST_STEP][PASSED] - i1 = <not implemented yet for class: org.codehaus.groovy.ast.expr.EmptyExpression>: null

15-01-2025T10:09:46 - [TEST_STEP][FAILED] - if (verifyEqual(x, y) == true): Unable to verify equal between actual object '3 530 93 13 669  135 8 434 67  16 427 1 202  16 583  569  6 101  216 5 275 152' and expected object '224 93 833  135 340 67  380 1 202  471  569  276  216  156 152' (Root cause: com.kms.katalon.core.exception.StepFailedException: Actual object '3 530 93 13 669  135 8 434 67  16 427 1 202  16 583  569  6 101  216 5 275 152' and expected object '224 93 833  135 340 67  380 1 202  471  569  276  216  156 152' are not equal
	at com.kms.katalon.core.keyword.builtin.VerifyEqualKeyword$_verifyEqual_closure1.doCall(VerifyEqualKeyword.groovy:58)
	at com.kms.katalon.core.keyword.builtin.VerifyEqualKeyword$_verifyEqual_closure1.call(VerifyEqualKeyword.groovy)
	at com.kms.katalon.core.keyword.internal.KeywordMain.runKeyword(KeywordMain.groovy:75)
	at com.kms.katalon.core.keyword.builtin.VerifyEqualKeyword.verifyEqual(VerifyEqualKeyword.groovy:63)
	at com.kms.katalon.core.keyword.builtin.VerifyEqualKeyword.execute(VerifyEqualKeyword.groovy:44)
	at com.kms.katalon.core.keyword.internal.KeywordExecutor.executeKeywordForPlatform(KeywordExecutor.groovy:74)
	at com.kms.katalon.core.keyword.BuiltinKeywords.verifyEqual(BuiltinKeywords.groovy:146)
	at jdk.internal.reflect.GeneratedMethodAccessor32.invoke(Unknown Source)
	at java.base/jdk.internal.reflect.DelegatingMethodAccessorImpl.invoke(DelegatingMethodAccessorImpl.java:43)
	at Факторный анализ сверка дашбордов.CompareDZO(Факторный анализ сверка дашбордов:703)
	at Факторный анализ сверка дашбордов.Test(Факторный анализ сверка дашбордов:621)
	at Факторный анализ сверка дашбордов.run(Факторный анализ сверка дашбордов:44)
	at com.kms.katalon.core.main.ScriptEngine.run(ScriptEngine.java:194)
	at com.kms.katalon.core.main.ScriptEngine.runScriptAsRawText(ScriptEngine.java:119)
	at com.kms.katalon.core.main.TestCaseExecutor.runScript(TestCaseExecutor.java:448)
	at com.kms.katalon.core.main.TestCaseExecutor.doExecute(TestCaseExecutor.java:439)
	at com.kms.katalon.core.main.TestCaseExecutor.processExecutionPhase(TestCaseExecutor.java:418)
	at com.kms.katalon.core.main.TestCaseExecutor.accessMainPhase(TestCaseExecutor.java:410)
	at com.kms.katalon.core.main.TestCaseExecutor.execute(TestCaseExecutor.java:285)
	at com.kms.katalon.core.common.CommonExecutor.accessTestCaseMainPhase(CommonExecutor.java:65)
	at com.kms.katalon.core.main.TestSuiteExecutor.accessTestSuiteMainPhase(TestSuiteExecutor.java:150)
	at com.kms.katalon.core.main.TestSuiteExecutor.execute(TestSuiteExecutor.java:106)
	at com.kms.katalon.core.main.TestCaseMain.startTestSuite(TestCaseMain.java:180)
	at TempTestSuite1736921988279.run(TempTestSuite1736921988279.groovy:35)
	at java.base/jdk.internal.reflect.NativeMethodAccessorImpl.invoke0(Native Method)
	at java.base/jdk.internal.reflect.NativeMethodAccessorImpl.invoke(NativeMethodAccessorImpl.java:77)
	at java.base/jdk.internal.reflect.DelegatingMethodAccessorImpl.invoke(DelegatingMethodAccessorImpl.java:43)
)

15-01-2025T10:09:46 - [MESSAGE][FAILED] - Unable to verify equal between actual object '3 530 93 13 669  135 8 434 67  16 427 1 202  16 583  569  6 101  216 5 275 152' and expected object '224 93 833  135 340 67  380 1 202  471  569  276  216  156 152' (Root cause: com.kms.katalon.core.exception.StepFailedException: Actual object '3 530 93 13 669  135 8 434 67  16 427 1 202  16 583  569  6 101  216 5 275 152' and expected object '224 93 833  135 340 67  380 1 202  471  569  276  216  156 152' are not equal
	at com.kms.katalon.core.keyword.builtin.VerifyEqualKeyword$_verifyEqual_closure1.doCall(VerifyEqualKeyword.groovy:58)
	at com.kms.katalon.core.keyword.builtin.VerifyEqualKeyword$_verifyEqual_closure1.call(VerifyEqualKeyword.groovy)
	at com.kms.katalon.core.keyword.internal.KeywordMain.runKeyword(KeywordMain.groovy:75)
	at com.kms.katalon.core.keyword.builtin.VerifyEqualKeyword.verifyEqual(VerifyEqualKeyword.groovy:63)
	at com.kms.katalon.core.keyword.builtin.VerifyEqualKeyword.execute(VerifyEqualKeyword.groovy:44)
	at com.kms.katalon.core.keyword.internal.KeywordExecutor.executeKeywordForPlatform(KeywordExecutor.groovy:74)
	at com.kms.katalon.core.keyword.BuiltinKeywords.verifyEqual(BuiltinKeywords.groovy:146)
	at jdk.internal.reflect.GeneratedMethodAccessor32.invoke(Unknown Source)
	at java.base/jdk.internal.reflect.DelegatingMethodAccessorImpl.invoke(DelegatingMethodAccessorImpl.java:43)
	at Факторный анализ сверка дашбордов.CompareDZO(Факторный анализ сверка дашбордов:703)
	at Факторный анализ сверка дашбордов.Test(Факторный анализ сверка дашбордов:621)
	at Факторный анализ сверка дашбордов.run(Факторный анализ сверка дашбордов:44)
	at com.kms.katalon.core.main.ScriptEngine.run(ScriptEngine.java:194)
	at com.kms.katalon.core.main.ScriptEngine.runScriptAsRawText(ScriptEngine.java:119)
	at com.kms.katalon.core.main.TestCaseExecutor.runScript(TestCaseExecutor.java:448)
	at com.kms.katalon.core.main.TestCaseExecutor.doExecute(TestCaseExecutor.java:439)
	at com.kms.katalon.core.main.TestCaseExecutor.processExecutionPhase(TestCaseExecutor.java:418)
	at com.kms.katalon.core.main.TestCaseExecutor.accessMainPhase(TestCaseExecutor.java:410)
	at com.kms.katalon.core.main.TestCaseExecutor.execute(TestCaseExecutor.java:285)
	at com.kms.katalon.core.common.CommonExecutor.accessTestCaseMainPhase(CommonExecutor.java:65)
	at com.kms.katalon.core.main.TestSuiteExecutor.accessTestSuiteMainPhase(TestSuiteExecutor.java:150)
	at com.kms.katalon.core.main.TestSuiteExecutor.execute(TestSuiteExecutor.java:106)
	at com.kms.katalon.core.main.TestCaseMain.startTestSuite(TestCaseMain.java:180)
	at TempTestSuite1736921988279.run(TempTestSuite1736921988279.groovy:35)
	at java.base/jdk.internal.reflect.NativeMethodAccessorImpl.invoke0(Native Method)
	at java.base/jdk.internal.reflect.NativeMethodAccessorImpl.invoke(NativeMethodAccessorImpl.java:77)
	at java.base/jdk.internal.reflect.DelegatingMethodAccessorImpl.invoke(DelegatingMethodAccessorImpl.java:43)
)

15-01-2025T10:09:46 - [TEST_STEP][PASSED] - else: null

15-01-2025T10:09:46 - [TEST_STEP][PASSED] - otobrajeniyeDannyh = "Все": null

15-01-2025T10:09:46 - [TEST_STEP][PASSED] - vidget = "Всего отклонения по факторам": null

15-01-2025T10:09:46 - [TEST_STEP][PASSED] - Script1719551244403.WriteToExcel(todaysDate, typeOfData, otobrajeniyeDannyh, x, y, vidget, DZO): null

15-01-2025T10:09:46 - [TEST_STEP][PASSED] - sheetName = "Sheet1": null

15-01-2025T10:09:46 - [TEST_STEP][PASSED] - data = findTestData("PlanFact"): null

15-01-2025T10:09:46 - [TEST_STEP][PASSED] - n = data.getRowNumbers() + 1: null

15-01-2025T10:09:46 - [TEST_STEP][PASSED] - period = getText(findTestObject("Факторный анализ/Фильтр Период")): Text of object 'Object Repository/Факторный анализ/Фильтр Период' is: 'Октябрь, Ноябрь и 1, 2, 3 кв. 2024 года'

15-01-2025T10:09:46 - [MESSAGE][PASSED] - Text of object 'Object Repository/Факторный анализ/Фильтр Период' is: 'Октябрь, Ноябрь и 1, 2, 3 кв. 2024 года'

15-01-2025T10:09:46 - [TEST_STEP][PASSED] - println(period): null

15-01-2025T10:09:46 - [TEST_STEP][PASSED] - dashboardName = "Факторный анализ": null

15-01-2025T10:09:46 - [TEST_STEP][PASSED] - workbook01 = getWorkbook(excelFilePath): null

15-01-2025T10:09:46 - [TEST_STEP][PASSED] - sheet01 = getExcelSheet(workbook01, sheetName): null

15-01-2025T10:09:46 - [TEST_STEP][PASSED] - setValueToCellByIndex(sheet01, n, 0, dashboardName): null

15-01-2025T10:09:46 - [TEST_STEP][PASSED] - setValueToCellByIndex(sheet01, n, 1, DZO): null

15-01-2025T10:09:46 - [TEST_STEP][PASSED] - setValueToCellByIndex(sheet01, n, 2, vidget): null

15-01-2025T10:09:46 - [TEST_STEP][PASSED] - setValueToCellByIndex(sheet01, n, 3, typeOfData): null

15-01-2025T10:09:46 - [TEST_STEP][PASSED] - setValueToCellByIndex(sheet01, n, 4, otobrajeniyeDannyh): null

15-01-2025T10:09:46 - [TEST_STEP][PASSED] - setValueToCellByIndex(sheet01, n, 5, period): null

15-01-2025T10:09:46 - [TEST_STEP][PASSED] - setValueToCellByIndex(sheet01, n, 6, todaysDate): null

15-01-2025T10:09:46 - [TEST_STEP][PASSED] - n = n + 1: null

15-01-2025T10:09:46 - [TEST_STEP][PASSED] - saveWorkbook(excelFilePath, workbook01): null

15-01-2025T10:09:46 - [TEST_STEP][PASSED] - DZO = "Россети Кубань": null

15-01-2025T10:09:46 - [TEST_STEP][PASSED] - Script1719551244403.CompareDZO(x = KuA, y = KuB, run, typeOfData, otobrajeniyeDannyh, todaysDate, vidget, DZO): null

15-01-2025T10:09:46 - [TEST_STEP][PASSED] - x1 = x: null

15-01-2025T10:09:46 - [TEST_STEP][PASSED] - y1 = y: null

15-01-2025T10:09:46 - [TEST_STEP][PASSED] - i1 = <not implemented yet for class: org.codehaus.groovy.ast.expr.EmptyExpression>: null

15-01-2025T10:09:46 - [TEST_STEP][FAILED] - if (verifyEqual(x, y) == true): Unable to verify equal between actual object '64 770 599' and expected object '3 908 599' (Root cause: com.kms.katalon.core.exception.StepFailedException: Actual object '64 770 599' and expected object '3 908 599' are not equal
	at com.kms.katalon.core.keyword.builtin.VerifyEqualKeyword$_verifyEqual_closure1.doCall(VerifyEqualKeyword.groovy:58)
	at com.kms.katalon.core.keyword.builtin.VerifyEqualKeyword$_verifyEqual_closure1.call(VerifyEqualKeyword.groovy)
	at com.kms.katalon.core.keyword.internal.KeywordMain.runKeyword(KeywordMain.groovy:75)
	at com.kms.katalon.core.keyword.builtin.VerifyEqualKeyword.verifyEqual(VerifyEqualKeyword.groovy:63)
	at com.kms.katalon.core.keyword.builtin.VerifyEqualKeyword.execute(VerifyEqualKeyword.groovy:44)
	at com.kms.katalon.core.keyword.internal.KeywordExecutor.executeKeywordForPlatform(KeywordExecutor.groovy:74)
	at com.kms.katalon.core.keyword.BuiltinKeywords.verifyEqual(BuiltinKeywords.groovy:146)
	at jdk.internal.reflect.GeneratedMethodAccessor32.invoke(Unknown Source)
	at java.base/jdk.internal.reflect.DelegatingMethodAccessorImpl.invoke(DelegatingMethodAccessorImpl.java:43)
	at Факторный анализ сверка дашбордов.CompareDZO(Факторный анализ сверка дашбордов:703)
	at Факторный анализ сверка дашбордов.Test(Факторный анализ сверка дашбордов:625)
	at Факторный анализ сверка дашбордов.run(Факторный анализ сверка дашбордов:44)
	at com.kms.katalon.core.main.ScriptEngine.run(ScriptEngine.java:194)
	at com.kms.katalon.core.main.ScriptEngine.runScriptAsRawText(ScriptEngine.java:119)
	at com.kms.katalon.core.main.TestCaseExecutor.runScript(TestCaseExecutor.java:448)
	at com.kms.katalon.core.main.TestCaseExecutor.doExecute(TestCaseExecutor.java:439)
	at com.kms.katalon.core.main.TestCaseExecutor.processExecutionPhase(TestCaseExecutor.java:418)
	at com.kms.katalon.core.main.TestCaseExecutor.accessMainPhase(TestCaseExecutor.java:410)
	at com.kms.katalon.core.main.TestCaseExecutor.execute(TestCaseExecutor.java:285)
	at com.kms.katalon.core.common.CommonExecutor.accessTestCaseMainPhase(CommonExecutor.java:65)
	at com.kms.katalon.core.main.TestSuiteExecutor.accessTestSuiteMainPhase(TestSuiteExecutor.java:150)
	at com.kms.katalon.core.main.TestSuiteExecutor.execute(TestSuiteExecutor.java:106)
	at com.kms.katalon.core.main.TestCaseMain.startTestSuite(TestCaseMain.java:180)
	at TempTestSuite1736921988279.run(TempTestSuite1736921988279.groovy:35)
	at java.base/jdk.internal.reflect.NativeMethodAccessorImpl.invoke0(Native Method)
	at java.base/jdk.internal.reflect.NativeMethodAccessorImpl.invoke(NativeMethodAccessorImpl.java:77)
	at java.base/jdk.internal.reflect.DelegatingMethodAccessorImpl.invoke(DelegatingMethodAccessorImpl.java:43)
)

15-01-2025T10:09:46 - [MESSAGE][FAILED] - Unable to verify equal between actual object '64 770 599' and expected object '3 908 599' (Root cause: com.kms.katalon.core.exception.StepFailedException: Actual object '64 770 599' and expected object '3 908 599' are not equal
	at com.kms.katalon.core.keyword.builtin.VerifyEqualKeyword$_verifyEqual_closure1.doCall(VerifyEqualKeyword.groovy:58)
	at com.kms.katalon.core.keyword.builtin.VerifyEqualKeyword$_verifyEqual_closure1.call(VerifyEqualKeyword.groovy)
	at com.kms.katalon.core.keyword.internal.KeywordMain.runKeyword(KeywordMain.groovy:75)
	at com.kms.katalon.core.keyword.builtin.VerifyEqualKeyword.verifyEqual(VerifyEqualKeyword.groovy:63)
	at com.kms.katalon.core.keyword.builtin.VerifyEqualKeyword.execute(VerifyEqualKeyword.groovy:44)
	at com.kms.katalon.core.keyword.internal.KeywordExecutor.executeKeywordForPlatform(KeywordExecutor.groovy:74)
	at com.kms.katalon.core.keyword.BuiltinKeywords.verifyEqual(BuiltinKeywords.groovy:146)
	at jdk.internal.reflect.GeneratedMethodAccessor32.invoke(Unknown Source)
	at java.base/jdk.internal.reflect.DelegatingMethodAccessorImpl.invoke(DelegatingMethodAccessorImpl.java:43)
	at Факторный анализ сверка дашбордов.CompareDZO(Факторный анализ сверка дашбордов:703)
	at Факторный анализ сверка дашбордов.Test(Факторный анализ сверка дашбордов:625)
	at Факторный анализ сверка дашбордов.run(Факторный анализ сверка дашбордов:44)
	at com.kms.katalon.core.main.ScriptEngine.run(ScriptEngine.java:194)
	at com.kms.katalon.core.main.ScriptEngine.runScriptAsRawText(ScriptEngine.java:119)
	at com.kms.katalon.core.main.TestCaseExecutor.runScript(TestCaseExecutor.java:448)
	at com.kms.katalon.core.main.TestCaseExecutor.doExecute(TestCaseExecutor.java:439)
	at com.kms.katalon.core.main.TestCaseExecutor.processExecutionPhase(TestCaseExecutor.java:418)
	at com.kms.katalon.core.main.TestCaseExecutor.accessMainPhase(TestCaseExecutor.java:410)
	at com.kms.katalon.core.main.TestCaseExecutor.execute(TestCaseExecutor.java:285)
	at com.kms.katalon.core.common.CommonExecutor.accessTestCaseMainPhase(CommonExecutor.java:65)
	at com.kms.katalon.core.main.TestSuiteExecutor.accessTestSuiteMainPhase(TestSuiteExecutor.java:150)
	at com.kms.katalon.core.main.TestSuiteExecutor.execute(TestSuiteExecutor.java:106)
	at com.kms.katalon.core.main.TestCaseMain.startTestSuite(TestCaseMain.java:180)
	at TempTestSuite1736921988279.run(TempTestSuite1736921988279.groovy:35)
	at java.base/jdk.internal.reflect.NativeMethodAccessorImpl.invoke0(Native Method)
	at java.base/jdk.internal.reflect.NativeMethodAccessorImpl.invoke(NativeMethodAccessorImpl.java:77)
	at java.base/jdk.internal.reflect.DelegatingMethodAccessorImpl.invoke(DelegatingMethodAccessorImpl.java:43)
)

15-01-2025T10:09:46 - [TEST_STEP][PASSED] - else: null

15-01-2025T10:09:46 - [TEST_STEP][PASSED] - otobrajeniyeDannyh = "Все": null

15-01-2025T10:09:46 - [TEST_STEP][PASSED] - vidget = "Всего отклонения по факторам": null

15-01-2025T10:09:46 - [TEST_STEP][PASSED] - Script1719551244403.WriteToExcel(todaysDate, typeOfData, otobrajeniyeDannyh, x, y, vidget, DZO): null

15-01-2025T10:09:46 - [TEST_STEP][PASSED] - sheetName = "Sheet1": null

15-01-2025T10:09:46 - [TEST_STEP][PASSED] - data = findTestData("PlanFact"): null

15-01-2025T10:09:46 - [TEST_STEP][PASSED] - n = data.getRowNumbers() + 1: null

15-01-2025T10:09:46 - [TEST_STEP][PASSED] - period = getText(findTestObject("Факторный анализ/Фильтр Период")): Text of object 'Object Repository/Факторный анализ/Фильтр Период' is: 'Октябрь, Ноябрь и 1, 2, 3 кв. 2024 года'

15-01-2025T10:09:47 - [MESSAGE][PASSED] - Text of object 'Object Repository/Факторный анализ/Фильтр Период' is: 'Октябрь, Ноябрь и 1, 2, 3 кв. 2024 года'

15-01-2025T10:09:47 - [TEST_STEP][PASSED] - println(period): null

15-01-2025T10:09:47 - [TEST_STEP][PASSED] - dashboardName = "Факторный анализ": null

15-01-2025T10:09:47 - [TEST_STEP][PASSED] - workbook01 = getWorkbook(excelFilePath): null

15-01-2025T10:09:47 - [TEST_STEP][PASSED] - sheet01 = getExcelSheet(workbook01, sheetName): null

15-01-2025T10:09:47 - [TEST_STEP][PASSED] - setValueToCellByIndex(sheet01, n, 0, dashboardName): null

15-01-2025T10:09:47 - [TEST_STEP][PASSED] - setValueToCellByIndex(sheet01, n, 1, DZO): null

15-01-2025T10:09:47 - [TEST_STEP][PASSED] - setValueToCellByIndex(sheet01, n, 2, vidget): null

15-01-2025T10:09:47 - [TEST_STEP][PASSED] - setValueToCellByIndex(sheet01, n, 3, typeOfData): null

15-01-2025T10:09:47 - [TEST_STEP][PASSED] - setValueToCellByIndex(sheet01, n, 4, otobrajeniyeDannyh): null

15-01-2025T10:09:47 - [TEST_STEP][PASSED] - setValueToCellByIndex(sheet01, n, 5, period): null

15-01-2025T10:09:47 - [TEST_STEP][PASSED] - setValueToCellByIndex(sheet01, n, 6, todaysDate): null

15-01-2025T10:09:47 - [TEST_STEP][PASSED] - n = n + 1: null

15-01-2025T10:09:47 - [TEST_STEP][PASSED] - saveWorkbook(excelFilePath, workbook01): null

15-01-2025T10:09:47 - [TEST_STEP][PASSED] - DZO = "Московский регион": null

15-01-2025T10:09:47 - [TEST_STEP][PASSED] - Script1719551244403.CompareDZO(x = MosA, y = MosB, run, typeOfData, otobrajeniyeDannyh, todaysDate, vidget, DZO): null

15-01-2025T10:09:47 - [TEST_STEP][PASSED] - x1 = x: null

15-01-2025T10:09:47 - [TEST_STEP][PASSED] - y1 = y: null

15-01-2025T10:09:47 - [TEST_STEP][PASSED] - i1 = <not implemented yet for class: org.codehaus.groovy.ast.expr.EmptyExpression>: null

15-01-2025T10:09:47 - [TEST_STEP][PASSED] - if (verifyEqual(x, y) == true): null

15-01-2025T10:09:47 - [MESSAGE][PASSED] - Actual object '5 429  877  4 012 10' and expected object '5 429  877  4 012 10' are equal

15-01-2025T10:09:47 - [TEST_STEP][PASSED] - DZO = "Россети Ленэнерго (ГК)": null

15-01-2025T10:09:47 - [TEST_STEP][PASSED] - Script1719551244403.CompareDZO(x = LenA, y = LenB, run, typeOfData, otobrajeniyeDannyh, todaysDate, vidget, DZO): null

15-01-2025T10:09:47 - [TEST_STEP][PASSED] - x1 = x: null

15-01-2025T10:09:47 - [TEST_STEP][PASSED] - y1 = y: null

15-01-2025T10:09:47 - [TEST_STEP][PASSED] - i1 = <not implemented yet for class: org.codehaus.groovy.ast.expr.EmptyExpression>: null

15-01-2025T10:09:47 - [TEST_STEP][FAILED] - if (verifyEqual(x, y) == true): Unable to verify equal between actual object '36 803 1 111  51 373  108' and expected object '1 472 1 111  2 698  108' (Root cause: com.kms.katalon.core.exception.StepFailedException: Actual object '36 803 1 111  51 373  108' and expected object '1 472 1 111  2 698  108' are not equal
	at com.kms.katalon.core.keyword.builtin.VerifyEqualKeyword$_verifyEqual_closure1.doCall(VerifyEqualKeyword.groovy:58)
	at com.kms.katalon.core.keyword.builtin.VerifyEqualKeyword$_verifyEqual_closure1.call(VerifyEqualKeyword.groovy)
	at com.kms.katalon.core.keyword.internal.KeywordMain.runKeyword(KeywordMain.groovy:75)
	at com.kms.katalon.core.keyword.builtin.VerifyEqualKeyword.verifyEqual(VerifyEqualKeyword.groovy:63)
	at com.kms.katalon.core.keyword.builtin.VerifyEqualKeyword.execute(VerifyEqualKeyword.groovy:44)
	at com.kms.katalon.core.keyword.internal.KeywordExecutor.executeKeywordForPlatform(KeywordExecutor.groovy:74)
	at com.kms.katalon.core.keyword.BuiltinKeywords.verifyEqual(BuiltinKeywords.groovy:146)
	at jdk.internal.reflect.GeneratedMethodAccessor32.invoke(Unknown Source)
	at java.base/jdk.internal.reflect.DelegatingMethodAccessorImpl.invoke(DelegatingMethodAccessorImpl.java:43)
	at Факторный анализ сверка дашбордов.CompareDZO(Факторный анализ сверка дашбордов:703)
	at Факторный анализ сверка дашбордов.Test(Факторный анализ сверка дашбордов:633)
	at Факторный анализ сверка дашбордов.run(Факторный анализ сверка дашбордов:44)
	at com.kms.katalon.core.main.ScriptEngine.run(ScriptEngine.java:194)
	at com.kms.katalon.core.main.ScriptEngine.runScriptAsRawText(ScriptEngine.java:119)
	at com.kms.katalon.core.main.TestCaseExecutor.runScript(TestCaseExecutor.java:448)
	at com.kms.katalon.core.main.TestCaseExecutor.doExecute(TestCaseExecutor.java:439)
	at com.kms.katalon.core.main.TestCaseExecutor.processExecutionPhase(TestCaseExecutor.java:418)
	at com.kms.katalon.core.main.TestCaseExecutor.accessMainPhase(TestCaseExecutor.java:410)
	at com.kms.katalon.core.main.TestCaseExecutor.execute(TestCaseExecutor.java:285)
	at com.kms.katalon.core.common.CommonExecutor.accessTestCaseMainPhase(CommonExecutor.java:65)
	at com.kms.katalon.core.main.TestSuiteExecutor.accessTestSuiteMainPhase(TestSuiteExecutor.java:150)
	at com.kms.katalon.core.main.TestSuiteExecutor.execute(TestSuiteExecutor.java:106)
	at com.kms.katalon.core.main.TestCaseMain.startTestSuite(TestCaseMain.java:180)
	at TempTestSuite1736921988279.run(TempTestSuite1736921988279.groovy:35)
	at java.base/jdk.internal.reflect.NativeMethodAccessorImpl.invoke0(Native Method)
	at java.base/jdk.internal.reflect.NativeMethodAccessorImpl.invoke(NativeMethodAccessorImpl.java:77)
	at java.base/jdk.internal.reflect.DelegatingMethodAccessorImpl.invoke(DelegatingMethodAccessorImpl.java:43)
)

15-01-2025T10:09:47 - [MESSAGE][FAILED] - Unable to verify equal between actual object '36 803 1 111  51 373  108' and expected object '1 472 1 111  2 698  108' (Root cause: com.kms.katalon.core.exception.StepFailedException: Actual object '36 803 1 111  51 373  108' and expected object '1 472 1 111  2 698  108' are not equal
	at com.kms.katalon.core.keyword.builtin.VerifyEqualKeyword$_verifyEqual_closure1.doCall(VerifyEqualKeyword.groovy:58)
	at com.kms.katalon.core.keyword.builtin.VerifyEqualKeyword$_verifyEqual_closure1.call(VerifyEqualKeyword.groovy)
	at com.kms.katalon.core.keyword.internal.KeywordMain.runKeyword(KeywordMain.groovy:75)
	at com.kms.katalon.core.keyword.builtin.VerifyEqualKeyword.verifyEqual(VerifyEqualKeyword.groovy:63)
	at com.kms.katalon.core.keyword.builtin.VerifyEqualKeyword.execute(VerifyEqualKeyword.groovy:44)
	at com.kms.katalon.core.keyword.internal.KeywordExecutor.executeKeywordForPlatform(KeywordExecutor.groovy:74)
	at com.kms.katalon.core.keyword.BuiltinKeywords.verifyEqual(BuiltinKeywords.groovy:146)
	at jdk.internal.reflect.GeneratedMethodAccessor32.invoke(Unknown Source)
	at java.base/jdk.internal.reflect.DelegatingMethodAccessorImpl.invoke(DelegatingMethodAccessorImpl.java:43)
	at Факторный анализ сверка дашбордов.CompareDZO(Факторный анализ сверка дашбордов:703)
	at Факторный анализ сверка дашбордов.Test(Факторный анализ сверка дашбордов:633)
	at Факторный анализ сверка дашбордов.run(Факторный анализ сверка дашбордов:44)
	at com.kms.katalon.core.main.ScriptEngine.run(ScriptEngine.java:194)
	at com.kms.katalon.core.main.ScriptEngine.runScriptAsRawText(ScriptEngine.java:119)
	at com.kms.katalon.core.main.TestCaseExecutor.runScript(TestCaseExecutor.java:448)
	at com.kms.katalon.core.main.TestCaseExecutor.doExecute(TestCaseExecutor.java:439)
	at com.kms.katalon.core.main.TestCaseExecutor.processExecutionPhase(TestCaseExecutor.java:418)
	at com.kms.katalon.core.main.TestCaseExecutor.accessMainPhase(TestCaseExecutor.java:410)
	at com.kms.katalon.core.main.TestCaseExecutor.execute(TestCaseExecutor.java:285)
	at com.kms.katalon.core.common.CommonExecutor.accessTestCaseMainPhase(CommonExecutor.java:65)
	at com.kms.katalon.core.main.TestSuiteExecutor.accessTestSuiteMainPhase(TestSuiteExecutor.java:150)
	at com.kms.katalon.core.main.TestSuiteExecutor.execute(TestSuiteExecutor.java:106)
	at com.kms.katalon.core.main.TestCaseMain.startTestSuite(TestCaseMain.java:180)
	at TempTestSuite1736921988279.run(TempTestSuite1736921988279.groovy:35)
	at java.base/jdk.internal.reflect.NativeMethodAccessorImpl.invoke0(Native Method)
	at java.base/jdk.internal.reflect.NativeMethodAccessorImpl.invoke(NativeMethodAccessorImpl.java:77)
	at java.base/jdk.internal.reflect.DelegatingMethodAccessorImpl.invoke(DelegatingMethodAccessorImpl.java:43)
)

15-01-2025T10:09:47 - [TEST_STEP][PASSED] - else: null

15-01-2025T10:09:47 - [TEST_STEP][PASSED] - otobrajeniyeDannyh = "Все": null

15-01-2025T10:09:47 - [TEST_STEP][PASSED] - vidget = "Всего отклонения по факторам": null

15-01-2025T10:09:47 - [TEST_STEP][PASSED] - Script1719551244403.WriteToExcel(todaysDate, typeOfData, otobrajeniyeDannyh, x, y, vidget, DZO): null

15-01-2025T10:09:47 - [TEST_STEP][PASSED] - sheetName = "Sheet1": null

15-01-2025T10:09:47 - [TEST_STEP][PASSED] - data = findTestData("PlanFact"): null

15-01-2025T10:09:47 - [TEST_STEP][PASSED] - n = data.getRowNumbers() + 1: null

15-01-2025T10:09:47 - [TEST_STEP][PASSED] - period = getText(findTestObject("Факторный анализ/Фильтр Период")): Text of object 'Object Repository/Факторный анализ/Фильтр Период' is: 'Октябрь, Ноябрь и 1, 2, 3 кв. 2024 года'

15-01-2025T10:09:47 - [MESSAGE][PASSED] - Text of object 'Object Repository/Факторный анализ/Фильтр Период' is: 'Октябрь, Ноябрь и 1, 2, 3 кв. 2024 года'

15-01-2025T10:09:47 - [TEST_STEP][PASSED] - println(period): null

15-01-2025T10:09:47 - [TEST_STEP][PASSED] - dashboardName = "Факторный анализ": null

15-01-2025T10:09:47 - [TEST_STEP][PASSED] - workbook01 = getWorkbook(excelFilePath): null

15-01-2025T10:09:47 - [TEST_STEP][PASSED] - sheet01 = getExcelSheet(workbook01, sheetName): null

15-01-2025T10:09:47 - [TEST_STEP][PASSED] - setValueToCellByIndex(sheet01, n, 0, dashboardName): null

15-01-2025T10:09:47 - [TEST_STEP][PASSED] - setValueToCellByIndex(sheet01, n, 1, DZO): null

15-01-2025T10:09:47 - [TEST_STEP][PASSED] - setValueToCellByIndex(sheet01, n, 2, vidget): null

15-01-2025T10:09:47 - [TEST_STEP][PASSED] - setValueToCellByIndex(sheet01, n, 3, typeOfData): null

15-01-2025T10:09:47 - [TEST_STEP][PASSED] - setValueToCellByIndex(sheet01, n, 4, otobrajeniyeDannyh): null

15-01-2025T10:09:47 - [TEST_STEP][PASSED] - setValueToCellByIndex(sheet01, n, 5, period): null

15-01-2025T10:09:47 - [TEST_STEP][PASSED] - setValueToCellByIndex(sheet01, n, 6, todaysDate): null

15-01-2025T10:09:47 - [TEST_STEP][PASSED] - n = n + 1: null

15-01-2025T10:09:47 - [TEST_STEP][PASSED] - saveWorkbook(excelFilePath, workbook01): null

15-01-2025T10:09:48 - [TEST_STEP][PASSED] - DZO = "Россети Северный Кавказ (ГК)": null

15-01-2025T10:09:48 - [TEST_STEP][PASSED] - Script1719551244403.CompareDZO(x = SKA, y = SKB, run, typeOfData, otobrajeniyeDannyh, todaysDate, vidget, DZO): null

15-01-2025T10:09:48 - [TEST_STEP][PASSED] - x1 = x: null

15-01-2025T10:09:48 - [TEST_STEP][PASSED] - y1 = y: null

15-01-2025T10:09:48 - [TEST_STEP][PASSED] - i1 = <not implemented yet for class: org.codehaus.groovy.ast.expr.EmptyExpression>: null

15-01-2025T10:09:48 - [TEST_STEP][FAILED] - if (verifyEqual(x, y) == true): Unable to verify equal between actual object '111 69 8 053 589 1 797 137 3 286 70 2 129 13 3 775 172 10 373  198' and expected object '0 0  635 589  207 154 286 70 155 13  404 172 281  198' (Root cause: com.kms.katalon.core.exception.StepFailedException: Actual object '111 69 8 053 589 1 797 137 3 286 70 2 129 13 3 775 172 10 373  198' and expected object '0 0  635 589  207 154 286 70 155 13  404 172 281  198' are not equal
	at com.kms.katalon.core.keyword.builtin.VerifyEqualKeyword$_verifyEqual_closure1.doCall(VerifyEqualKeyword.groovy:58)
	at com.kms.katalon.core.keyword.builtin.VerifyEqualKeyword$_verifyEqual_closure1.call(VerifyEqualKeyword.groovy)
	at com.kms.katalon.core.keyword.internal.KeywordMain.runKeyword(KeywordMain.groovy:75)
	at com.kms.katalon.core.keyword.builtin.VerifyEqualKeyword.verifyEqual(VerifyEqualKeyword.groovy:63)
	at com.kms.katalon.core.keyword.builtin.VerifyEqualKeyword.execute(VerifyEqualKeyword.groovy:44)
	at com.kms.katalon.core.keyword.internal.KeywordExecutor.executeKeywordForPlatform(KeywordExecutor.groovy:74)
	at com.kms.katalon.core.keyword.BuiltinKeywords.verifyEqual(BuiltinKeywords.groovy:146)
	at jdk.internal.reflect.GeneratedMethodAccessor32.invoke(Unknown Source)
	at java.base/jdk.internal.reflect.DelegatingMethodAccessorImpl.invoke(DelegatingMethodAccessorImpl.java:43)
	at Факторный анализ сверка дашбордов.CompareDZO(Факторный анализ сверка дашбордов:703)
	at Факторный анализ сверка дашбордов.Test(Факторный анализ сверка дашбордов:637)
	at Факторный анализ сверка дашбордов.run(Факторный анализ сверка дашбордов:44)
	at com.kms.katalon.core.main.ScriptEngine.run(ScriptEngine.java:194)
	at com.kms.katalon.core.main.ScriptEngine.runScriptAsRawText(ScriptEngine.java:119)
	at com.kms.katalon.core.main.TestCaseExecutor.runScript(TestCaseExecutor.java:448)
	at com.kms.katalon.core.main.TestCaseExecutor.doExecute(TestCaseExecutor.java:439)
	at com.kms.katalon.core.main.TestCaseExecutor.processExecutionPhase(TestCaseExecutor.java:418)
	at com.kms.katalon.core.main.TestCaseExecutor.accessMainPhase(TestCaseExecutor.java:410)
	at com.kms.katalon.core.main.TestCaseExecutor.execute(TestCaseExecutor.java:285)
	at com.kms.katalon.core.common.CommonExecutor.accessTestCaseMainPhase(CommonExecutor.java:65)
	at com.kms.katalon.core.main.TestSuiteExecutor.accessTestSuiteMainPhase(TestSuiteExecutor.java:150)
	at com.kms.katalon.core.main.TestSuiteExecutor.execute(TestSuiteExecutor.java:106)
	at com.kms.katalon.core.main.TestCaseMain.startTestSuite(TestCaseMain.java:180)
	at TempTestSuite1736921988279.run(TempTestSuite1736921988279.groovy:35)
	at java.base/jdk.internal.reflect.NativeMethodAccessorImpl.invoke0(Native Method)
	at java.base/jdk.internal.reflect.NativeMethodAccessorImpl.invoke(NativeMethodAccessorImpl.java:77)
	at java.base/jdk.internal.reflect.DelegatingMethodAccessorImpl.invoke(DelegatingMethodAccessorImpl.java:43)
)

15-01-2025T10:09:48 - [MESSAGE][FAILED] - Unable to verify equal between actual object '111 69 8 053 589 1 797 137 3 286 70 2 129 13 3 775 172 10 373  198' and expected object '0 0  635 589  207 154 286 70 155 13  404 172 281  198' (Root cause: com.kms.katalon.core.exception.StepFailedException: Actual object '111 69 8 053 589 1 797 137 3 286 70 2 129 13 3 775 172 10 373  198' and expected object '0 0  635 589  207 154 286 70 155 13  404 172 281  198' are not equal
	at com.kms.katalon.core.keyword.builtin.VerifyEqualKeyword$_verifyEqual_closure1.doCall(VerifyEqualKeyword.groovy:58)
	at com.kms.katalon.core.keyword.builtin.VerifyEqualKeyword$_verifyEqual_closure1.call(VerifyEqualKeyword.groovy)
	at com.kms.katalon.core.keyword.internal.KeywordMain.runKeyword(KeywordMain.groovy:75)
	at com.kms.katalon.core.keyword.builtin.VerifyEqualKeyword.verifyEqual(VerifyEqualKeyword.groovy:63)
	at com.kms.katalon.core.keyword.builtin.VerifyEqualKeyword.execute(VerifyEqualKeyword.groovy:44)
	at com.kms.katalon.core.keyword.internal.KeywordExecutor.executeKeywordForPlatform(KeywordExecutor.groovy:74)
	at com.kms.katalon.core.keyword.BuiltinKeywords.verifyEqual(BuiltinKeywords.groovy:146)
	at jdk.internal.reflect.GeneratedMethodAccessor32.invoke(Unknown Source)
	at java.base/jdk.internal.reflect.DelegatingMethodAccessorImpl.invoke(DelegatingMethodAccessorImpl.java:43)
	at Факторный анализ сверка дашбордов.CompareDZO(Факторный анализ сверка дашбордов:703)
	at Факторный анализ сверка дашбордов.Test(Факторный анализ сверка дашбордов:637)
	at Факторный анализ сверка дашбордов.run(Факторный анализ сверка дашбордов:44)
	at com.kms.katalon.core.main.ScriptEngine.run(ScriptEngine.java:194)
	at com.kms.katalon.core.main.ScriptEngine.runScriptAsRawText(ScriptEngine.java:119)
	at com.kms.katalon.core.main.TestCaseExecutor.runScript(TestCaseExecutor.java:448)
	at com.kms.katalon.core.main.TestCaseExecutor.doExecute(TestCaseExecutor.java:439)
	at com.kms.katalon.core.main.TestCaseExecutor.processExecutionPhase(TestCaseExecutor.java:418)
	at com.kms.katalon.core.main.TestCaseExecutor.accessMainPhase(TestCaseExecutor.java:410)
	at com.kms.katalon.core.main.TestCaseExecutor.execute(TestCaseExecutor.java:285)
	at com.kms.katalon.core.common.CommonExecutor.accessTestCaseMainPhase(CommonExecutor.java:65)
	at com.kms.katalon.core.main.TestSuiteExecutor.accessTestSuiteMainPhase(TestSuiteExecutor.java:150)
	at com.kms.katalon.core.main.TestSuiteExecutor.execute(TestSuiteExecutor.java:106)
	at com.kms.katalon.core.main.TestCaseMain.startTestSuite(TestCaseMain.java:180)
	at TempTestSuite1736921988279.run(TempTestSuite1736921988279.groovy:35)
	at java.base/jdk.internal.reflect.NativeMethodAccessorImpl.invoke0(Native Method)
	at java.base/jdk.internal.reflect.NativeMethodAccessorImpl.invoke(NativeMethodAccessorImpl.java:77)
	at java.base/jdk.internal.reflect.DelegatingMethodAccessorImpl.invoke(DelegatingMethodAccessorImpl.java:43)
)

15-01-2025T10:09:48 - [TEST_STEP][PASSED] - else: null

15-01-2025T10:09:48 - [TEST_STEP][PASSED] - otobrajeniyeDannyh = "Все": null

15-01-2025T10:09:48 - [TEST_STEP][PASSED] - vidget = "Всего отклонения по факторам": null

15-01-2025T10:09:48 - [TEST_STEP][PASSED] - Script1719551244403.WriteToExcel(todaysDate, typeOfData, otobrajeniyeDannyh, x, y, vidget, DZO): null

15-01-2025T10:09:48 - [TEST_STEP][PASSED] - sheetName = "Sheet1": null

15-01-2025T10:09:48 - [TEST_STEP][PASSED] - data = findTestData("PlanFact"): null

15-01-2025T10:09:48 - [TEST_STEP][PASSED] - n = data.getRowNumbers() + 1: null

15-01-2025T10:09:48 - [TEST_STEP][PASSED] - period = getText(findTestObject("Факторный анализ/Фильтр Период")): Text of object 'Object Repository/Факторный анализ/Фильтр Период' is: 'Октябрь, Ноябрь и 1, 2, 3 кв. 2024 года'

15-01-2025T10:09:48 - [MESSAGE][PASSED] - Text of object 'Object Repository/Факторный анализ/Фильтр Период' is: 'Октябрь, Ноябрь и 1, 2, 3 кв. 2024 года'

15-01-2025T10:09:48 - [TEST_STEP][PASSED] - println(period): null

15-01-2025T10:09:48 - [TEST_STEP][PASSED] - dashboardName = "Факторный анализ": null

15-01-2025T10:09:48 - [TEST_STEP][PASSED] - workbook01 = getWorkbook(excelFilePath): null

15-01-2025T10:09:48 - [TEST_STEP][PASSED] - sheet01 = getExcelSheet(workbook01, sheetName): null

15-01-2025T10:09:48 - [TEST_STEP][PASSED] - setValueToCellByIndex(sheet01, n, 0, dashboardName): null

15-01-2025T10:09:48 - [TEST_STEP][PASSED] - setValueToCellByIndex(sheet01, n, 1, DZO): null

15-01-2025T10:09:48 - [TEST_STEP][PASSED] - setValueToCellByIndex(sheet01, n, 2, vidget): null

15-01-2025T10:09:48 - [TEST_STEP][PASSED] - setValueToCellByIndex(sheet01, n, 3, typeOfData): null

15-01-2025T10:09:48 - [TEST_STEP][PASSED] - setValueToCellByIndex(sheet01, n, 4, otobrajeniyeDannyh): null

15-01-2025T10:09:48 - [TEST_STEP][PASSED] - setValueToCellByIndex(sheet01, n, 5, period): null

15-01-2025T10:09:48 - [TEST_STEP][PASSED] - setValueToCellByIndex(sheet01, n, 6, todaysDate): null

15-01-2025T10:09:48 - [TEST_STEP][PASSED] - n = n + 1: null

15-01-2025T10:09:48 - [TEST_STEP][PASSED] - saveWorkbook(excelFilePath, workbook01): null

15-01-2025T10:09:48 - [TEST_STEP][PASSED] - DZO = "Россети Северо-Запад": null

15-01-2025T10:09:48 - [TEST_STEP][PASSED] - Script1719551244403.CompareDZO(x = SZA, y = SZB, run, typeOfData, otobrajeniyeDannyh, todaysDate, vidget, DZO): null

15-01-2025T10:09:48 - [TEST_STEP][PASSED] - x1 = x: null

15-01-2025T10:09:48 - [TEST_STEP][PASSED] - y1 = y: null

15-01-2025T10:09:48 - [TEST_STEP][PASSED] - i1 = <not implemented yet for class: org.codehaus.groovy.ast.expr.EmptyExpression>: null

15-01-2025T10:09:48 - [TEST_STEP][FAILED] - if (verifyEqual(x, y) == true): Unable to verify equal between actual object '10 373  198    74  112  277 8  91 186  102 46  227 48  151 15    63 41' and expected object '281  198    74  112  277 8  91 186  102 46  227 48  151 15    63 41' (Root cause: com.kms.katalon.core.exception.StepFailedException: Actual object '10 373  198    74  112  277 8  91 186  102 46  227 48  151 15    63 41' and expected object '281  198    74  112  277 8  91 186  102 46  227 48  151 15    63 41' are not equal
	at com.kms.katalon.core.keyword.builtin.VerifyEqualKeyword$_verifyEqual_closure1.doCall(VerifyEqualKeyword.groovy:58)
	at com.kms.katalon.core.keyword.builtin.VerifyEqualKeyword$_verifyEqual_closure1.call(VerifyEqualKeyword.groovy)
	at com.kms.katalon.core.keyword.internal.KeywordMain.runKeyword(KeywordMain.groovy:75)
	at com.kms.katalon.core.keyword.builtin.VerifyEqualKeyword.verifyEqual(VerifyEqualKeyword.groovy:63)
	at com.kms.katalon.core.keyword.builtin.VerifyEqualKeyword.execute(VerifyEqualKeyword.groovy:44)
	at com.kms.katalon.core.keyword.internal.KeywordExecutor.executeKeywordForPlatform(KeywordExecutor.groovy:74)
	at com.kms.katalon.core.keyword.BuiltinKeywords.verifyEqual(BuiltinKeywords.groovy:146)
	at jdk.internal.reflect.GeneratedMethodAccessor32.invoke(Unknown Source)
	at java.base/jdk.internal.reflect.DelegatingMethodAccessorImpl.invoke(DelegatingMethodAccessorImpl.java:43)
	at Факторный анализ сверка дашбордов.CompareDZO(Факторный анализ сверка дашбордов:703)
	at Факторный анализ сверка дашбордов.Test(Факторный анализ сверка дашбордов:641)
	at Факторный анализ сверка дашбордов.run(Факторный анализ сверка дашбордов:44)
	at com.kms.katalon.core.main.ScriptEngine.run(ScriptEngine.java:194)
	at com.kms.katalon.core.main.ScriptEngine.runScriptAsRawText(ScriptEngine.java:119)
	at com.kms.katalon.core.main.TestCaseExecutor.runScript(TestCaseExecutor.java:448)
	at com.kms.katalon.core.main.TestCaseExecutor.doExecute(TestCaseExecutor.java:439)
	at com.kms.katalon.core.main.TestCaseExecutor.processExecutionPhase(TestCaseExecutor.java:418)
	at com.kms.katalon.core.main.TestCaseExecutor.accessMainPhase(TestCaseExecutor.java:410)
	at com.kms.katalon.core.main.TestCaseExecutor.execute(TestCaseExecutor.java:285)
	at com.kms.katalon.core.common.CommonExecutor.accessTestCaseMainPhase(CommonExecutor.java:65)
	at com.kms.katalon.core.main.TestSuiteExecutor.accessTestSuiteMainPhase(TestSuiteExecutor.java:150)
	at com.kms.katalon.core.main.TestSuiteExecutor.execute(TestSuiteExecutor.java:106)
	at com.kms.katalon.core.main.TestCaseMain.startTestSuite(TestCaseMain.java:180)
	at TempTestSuite1736921988279.run(TempTestSuite1736921988279.groovy:35)
	at java.base/jdk.internal.reflect.NativeMethodAccessorImpl.invoke0(Native Method)
	at java.base/jdk.internal.reflect.NativeMethodAccessorImpl.invoke(NativeMethodAccessorImpl.java:77)
	at java.base/jdk.internal.reflect.DelegatingMethodAccessorImpl.invoke(DelegatingMethodAccessorImpl.java:43)
)

15-01-2025T10:09:48 - [MESSAGE][FAILED] - Unable to verify equal between actual object '10 373  198    74  112  277 8  91 186  102 46  227 48  151 15    63 41' and expected object '281  198    74  112  277 8  91 186  102 46  227 48  151 15    63 41' (Root cause: com.kms.katalon.core.exception.StepFailedException: Actual object '10 373  198    74  112  277 8  91 186  102 46  227 48  151 15    63 41' and expected object '281  198    74  112  277 8  91 186  102 46  227 48  151 15    63 41' are not equal
	at com.kms.katalon.core.keyword.builtin.VerifyEqualKeyword$_verifyEqual_closure1.doCall(VerifyEqualKeyword.groovy:58)
	at com.kms.katalon.core.keyword.builtin.VerifyEqualKeyword$_verifyEqual_closure1.call(VerifyEqualKeyword.groovy)
	at com.kms.katalon.core.keyword.internal.KeywordMain.runKeyword(KeywordMain.groovy:75)
	at com.kms.katalon.core.keyword.builtin.VerifyEqualKeyword.verifyEqual(VerifyEqualKeyword.groovy:63)
	at com.kms.katalon.core.keyword.builtin.VerifyEqualKeyword.execute(VerifyEqualKeyword.groovy:44)
	at com.kms.katalon.core.keyword.internal.KeywordExecutor.executeKeywordForPlatform(KeywordExecutor.groovy:74)
	at com.kms.katalon.core.keyword.BuiltinKeywords.verifyEqual(BuiltinKeywords.groovy:146)
	at jdk.internal.reflect.GeneratedMethodAccessor32.invoke(Unknown Source)
	at java.base/jdk.internal.reflect.DelegatingMethodAccessorImpl.invoke(DelegatingMethodAccessorImpl.java:43)
	at Факторный анализ сверка дашбордов.CompareDZO(Факторный анализ сверка дашбордов:703)
	at Факторный анализ сверка дашбордов.Test(Факторный анализ сверка дашбордов:641)
	at Факторный анализ сверка дашбордов.run(Факторный анализ сверка дашбордов:44)
	at com.kms.katalon.core.main.ScriptEngine.run(ScriptEngine.java:194)
	at com.kms.katalon.core.main.ScriptEngine.runScriptAsRawText(ScriptEngine.java:119)
	at com.kms.katalon.core.main.TestCaseExecutor.runScript(TestCaseExecutor.java:448)
	at com.kms.katalon.core.main.TestCaseExecutor.doExecute(TestCaseExecutor.java:439)
	at com.kms.katalon.core.main.TestCaseExecutor.processExecutionPhase(TestCaseExecutor.java:418)
	at com.kms.katalon.core.main.TestCaseExecutor.accessMainPhase(TestCaseExecutor.java:410)
	at com.kms.katalon.core.main.TestCaseExecutor.execute(TestCaseExecutor.java:285)
	at com.kms.katalon.core.common.CommonExecutor.accessTestCaseMainPhase(CommonExecutor.java:65)
	at com.kms.katalon.core.main.TestSuiteExecutor.accessTestSuiteMainPhase(TestSuiteExecutor.java:150)
	at com.kms.katalon.core.main.TestSuiteExecutor.execute(TestSuiteExecutor.java:106)
	at com.kms.katalon.core.main.TestCaseMain.startTestSuite(TestCaseMain.java:180)
	at TempTestSuite1736921988279.run(TempTestSuite1736921988279.groovy:35)
	at java.base/jdk.internal.reflect.NativeMethodAccessorImpl.invoke0(Native Method)
	at java.base/jdk.internal.reflect.NativeMethodAccessorImpl.invoke(NativeMethodAccessorImpl.java:77)
	at java.base/jdk.internal.reflect.DelegatingMethodAccessorImpl.invoke(DelegatingMethodAccessorImpl.java:43)
)

15-01-2025T10:09:48 - [TEST_STEP][PASSED] - else: null

15-01-2025T10:09:48 - [TEST_STEP][PASSED] - otobrajeniyeDannyh = "Все": null

15-01-2025T10:09:48 - [TEST_STEP][PASSED] - vidget = "Всего отклонения по факторам": null

15-01-2025T10:09:48 - [TEST_STEP][PASSED] - Script1719551244403.WriteToExcel(todaysDate, typeOfData, otobrajeniyeDannyh, x, y, vidget, DZO): null

15-01-2025T10:09:48 - [TEST_STEP][PASSED] - sheetName = "Sheet1": null

15-01-2025T10:09:48 - [TEST_STEP][PASSED] - data = findTestData("PlanFact"): null

15-01-2025T10:09:48 - [TEST_STEP][PASSED] - n = data.getRowNumbers() + 1: null

15-01-2025T10:09:48 - [TEST_STEP][PASSED] - period = getText(findTestObject("Факторный анализ/Фильтр Период")): Text of object 'Object Repository/Факторный анализ/Фильтр Период' is: 'Октябрь, Ноябрь и 1, 2, 3 кв. 2024 года'

15-01-2025T10:09:49 - [MESSAGE][PASSED] - Text of object 'Object Repository/Факторный анализ/Фильтр Период' is: 'Октябрь, Ноябрь и 1, 2, 3 кв. 2024 года'

15-01-2025T10:09:49 - [TEST_STEP][PASSED] - println(period): null

15-01-2025T10:09:49 - [TEST_STEP][PASSED] - dashboardName = "Факторный анализ": null

15-01-2025T10:09:49 - [TEST_STEP][PASSED] - workbook01 = getWorkbook(excelFilePath): null

15-01-2025T10:09:49 - [TEST_STEP][PASSED] - sheet01 = getExcelSheet(workbook01, sheetName): null

15-01-2025T10:09:49 - [TEST_STEP][PASSED] - setValueToCellByIndex(sheet01, n, 0, dashboardName): null

15-01-2025T10:09:49 - [TEST_STEP][PASSED] - setValueToCellByIndex(sheet01, n, 1, DZO): null

15-01-2025T10:09:49 - [TEST_STEP][PASSED] - setValueToCellByIndex(sheet01, n, 2, vidget): null

15-01-2025T10:09:49 - [TEST_STEP][PASSED] - setValueToCellByIndex(sheet01, n, 3, typeOfData): null

15-01-2025T10:09:49 - [TEST_STEP][PASSED] - setValueToCellByIndex(sheet01, n, 4, otobrajeniyeDannyh): null

15-01-2025T10:09:49 - [TEST_STEP][PASSED] - setValueToCellByIndex(sheet01, n, 5, period): null

15-01-2025T10:09:49 - [TEST_STEP][PASSED] - setValueToCellByIndex(sheet01, n, 6, todaysDate): null

15-01-2025T10:09:49 - [TEST_STEP][PASSED] - n = n + 1: null

15-01-2025T10:09:49 - [TEST_STEP][PASSED] - saveWorkbook(excelFilePath, workbook01): null

15-01-2025T10:09:49 - [TEST_STEP][PASSED] - DZO = "Россети Сибирь (ГК)": null

15-01-2025T10:09:49 - [TEST_STEP][PASSED] - Script1719551244403.CompareDZO(x = SiA, y = SiB, run, typeOfData, otobrajeniyeDannyh, todaysDate, vidget, DZO): null

15-01-2025T10:09:49 - [TEST_STEP][PASSED] - x1 = x: null

15-01-2025T10:09:49 - [TEST_STEP][PASSED] - y1 = y: null

15-01-2025T10:09:49 - [TEST_STEP][PASSED] - i1 = <not implemented yet for class: org.codehaus.groovy.ast.expr.EmptyExpression>: null

15-01-2025T10:09:49 - [TEST_STEP][PASSED] - if (verifyEqual(x, y) == true): null

15-01-2025T10:09:49 - [MESSAGE][PASSED] - Actual object '63 41    332 333  119 329 153 21 1 368  676  461 932 188 70 422  442 77 206' and expected object '63 41    332 333  119 329 153 21 1 368  676  461 932 188 70 422  442 77 206' are equal

15-01-2025T10:09:49 - [TEST_STEP][PASSED] - DZO = "Россети Томск": null

15-01-2025T10:09:49 - [TEST_STEP][PASSED] - Script1719551244403.CompareDZO(x = ToA, y = ToB, run, typeOfData, otobrajeniyeDannyh, todaysDate, vidget, DZO): null

15-01-2025T10:09:49 - [TEST_STEP][PASSED] - x1 = x: null

15-01-2025T10:09:49 - [TEST_STEP][PASSED] - y1 = y: null

15-01-2025T10:09:49 - [TEST_STEP][PASSED] - i1 = <not implemented yet for class: org.codehaus.groovy.ast.expr.EmptyExpression>: null

15-01-2025T10:09:49 - [TEST_STEP][FAILED] - if (verifyEqual(x, y) == true): Unable to verify equal between actual object '77 206     8 299  146' and expected object '77 206     387  146' (Root cause: com.kms.katalon.core.exception.StepFailedException: Actual object '77 206     8 299  146' and expected object '77 206     387  146' are not equal
	at com.kms.katalon.core.keyword.builtin.VerifyEqualKeyword$_verifyEqual_closure1.doCall(VerifyEqualKeyword.groovy:58)
	at com.kms.katalon.core.keyword.builtin.VerifyEqualKeyword$_verifyEqual_closure1.call(VerifyEqualKeyword.groovy)
	at com.kms.katalon.core.keyword.internal.KeywordMain.runKeyword(KeywordMain.groovy:75)
	at com.kms.katalon.core.keyword.builtin.VerifyEqualKeyword.verifyEqual(VerifyEqualKeyword.groovy:63)
	at com.kms.katalon.core.keyword.builtin.VerifyEqualKeyword.execute(VerifyEqualKeyword.groovy:44)
	at com.kms.katalon.core.keyword.internal.KeywordExecutor.executeKeywordForPlatform(KeywordExecutor.groovy:74)
	at com.kms.katalon.core.keyword.BuiltinKeywords.verifyEqual(BuiltinKeywords.groovy:146)
	at jdk.internal.reflect.GeneratedMethodAccessor32.invoke(Unknown Source)
	at java.base/jdk.internal.reflect.DelegatingMethodAccessorImpl.invoke(DelegatingMethodAccessorImpl.java:43)
	at Факторный анализ сверка дашбордов.CompareDZO(Факторный анализ сверка дашбордов:703)
	at Факторный анализ сверка дашбордов.Test(Факторный анализ сверка дашбордов:649)
	at Факторный анализ сверка дашбордов.run(Факторный анализ сверка дашбордов:44)
	at com.kms.katalon.core.main.ScriptEngine.run(ScriptEngine.java:194)
	at com.kms.katalon.core.main.ScriptEngine.runScriptAsRawText(ScriptEngine.java:119)
	at com.kms.katalon.core.main.TestCaseExecutor.runScript(TestCaseExecutor.java:448)
	at com.kms.katalon.core.main.TestCaseExecutor.doExecute(TestCaseExecutor.java:439)
	at com.kms.katalon.core.main.TestCaseExecutor.processExecutionPhase(TestCaseExecutor.java:418)
	at com.kms.katalon.core.main.TestCaseExecutor.accessMainPhase(TestCaseExecutor.java:410)
	at com.kms.katalon.core.main.TestCaseExecutor.execute(TestCaseExecutor.java:285)
	at com.kms.katalon.core.common.CommonExecutor.accessTestCaseMainPhase(CommonExecutor.java:65)
	at com.kms.katalon.core.main.TestSuiteExecutor.accessTestSuiteMainPhase(TestSuiteExecutor.java:150)
	at com.kms.katalon.core.main.TestSuiteExecutor.execute(TestSuiteExecutor.java:106)
	at com.kms.katalon.core.main.TestCaseMain.startTestSuite(TestCaseMain.java:180)
	at TempTestSuite1736921988279.run(TempTestSuite1736921988279.groovy:35)
	at java.base/jdk.internal.reflect.NativeMethodAccessorImpl.invoke0(Native Method)
	at java.base/jdk.internal.reflect.NativeMethodAccessorImpl.invoke(NativeMethodAccessorImpl.java:77)
	at java.base/jdk.internal.reflect.DelegatingMethodAccessorImpl.invoke(DelegatingMethodAccessorImpl.java:43)
)

15-01-2025T10:09:49 - [MESSAGE][FAILED] - Unable to verify equal between actual object '77 206     8 299  146' and expected object '77 206     387  146' (Root cause: com.kms.katalon.core.exception.StepFailedException: Actual object '77 206     8 299  146' and expected object '77 206     387  146' are not equal
	at com.kms.katalon.core.keyword.builtin.VerifyEqualKeyword$_verifyEqual_closure1.doCall(VerifyEqualKeyword.groovy:58)
	at com.kms.katalon.core.keyword.builtin.VerifyEqualKeyword$_verifyEqual_closure1.call(VerifyEqualKeyword.groovy)
	at com.kms.katalon.core.keyword.internal.KeywordMain.runKeyword(KeywordMain.groovy:75)
	at com.kms.katalon.core.keyword.builtin.VerifyEqualKeyword.verifyEqual(VerifyEqualKeyword.groovy:63)
	at com.kms.katalon.core.keyword.builtin.VerifyEqualKeyword.execute(VerifyEqualKeyword.groovy:44)
	at com.kms.katalon.core.keyword.internal.KeywordExecutor.executeKeywordForPlatform(KeywordExecutor.groovy:74)
	at com.kms.katalon.core.keyword.BuiltinKeywords.verifyEqual(BuiltinKeywords.groovy:146)
	at jdk.internal.reflect.GeneratedMethodAccessor32.invoke(Unknown Source)
	at java.base/jdk.internal.reflect.DelegatingMethodAccessorImpl.invoke(DelegatingMethodAccessorImpl.java:43)
	at Факторный анализ сверка дашбордов.CompareDZO(Факторный анализ сверка дашбордов:703)
	at Факторный анализ сверка дашбордов.Test(Факторный анализ сверка дашбордов:649)
	at Факторный анализ сверка дашбордов.run(Факторный анализ сверка дашбордов:44)
	at com.kms.katalon.core.main.ScriptEngine.run(ScriptEngine.java:194)
	at com.kms.katalon.core.main.ScriptEngine.runScriptAsRawText(ScriptEngine.java:119)
	at com.kms.katalon.core.main.TestCaseExecutor.runScript(TestCaseExecutor.java:448)
	at com.kms.katalon.core.main.TestCaseExecutor.doExecute(TestCaseExecutor.java:439)
	at com.kms.katalon.core.main.TestCaseExecutor.processExecutionPhase(TestCaseExecutor.java:418)
	at com.kms.katalon.core.main.TestCaseExecutor.accessMainPhase(TestCaseExecutor.java:410)
	at com.kms.katalon.core.main.TestCaseExecutor.execute(TestCaseExecutor.java:285)
	at com.kms.katalon.core.common.CommonExecutor.accessTestCaseMainPhase(CommonExecutor.java:65)
	at com.kms.katalon.core.main.TestSuiteExecutor.accessTestSuiteMainPhase(TestSuiteExecutor.java:150)
	at com.kms.katalon.core.main.TestSuiteExecutor.execute(TestSuiteExecutor.java:106)
	at com.kms.katalon.core.main.TestCaseMain.startTestSuite(TestCaseMain.java:180)
	at TempTestSuite1736921988279.run(TempTestSuite1736921988279.groovy:35)
	at java.base/jdk.internal.reflect.NativeMethodAccessorImpl.invoke0(Native Method)
	at java.base/jdk.internal.reflect.NativeMethodAccessorImpl.invoke(NativeMethodAccessorImpl.java:77)
	at java.base/jdk.internal.reflect.DelegatingMethodAccessorImpl.invoke(DelegatingMethodAccessorImpl.java:43)
)

15-01-2025T10:09:49 - [TEST_STEP][PASSED] - else: null

15-01-2025T10:09:49 - [TEST_STEP][PASSED] - otobrajeniyeDannyh = "Все": null

15-01-2025T10:09:49 - [TEST_STEP][PASSED] - vidget = "Всего отклонения по факторам": null

15-01-2025T10:09:49 - [TEST_STEP][PASSED] - Script1719551244403.WriteToExcel(todaysDate, typeOfData, otobrajeniyeDannyh, x, y, vidget, DZO): null

15-01-2025T10:09:49 - [TEST_STEP][PASSED] - sheetName = "Sheet1": null

15-01-2025T10:09:49 - [TEST_STEP][PASSED] - data = findTestData("PlanFact"): null

15-01-2025T10:09:49 - [TEST_STEP][PASSED] - n = data.getRowNumbers() + 1: null

15-01-2025T10:09:49 - [TEST_STEP][PASSED] - period = getText(findTestObject("Факторный анализ/Фильтр Период")): Text of object 'Object Repository/Факторный анализ/Фильтр Период' is: 'Октябрь, Ноябрь и 1, 2, 3 кв. 2024 года'

15-01-2025T10:09:49 - [MESSAGE][PASSED] - Text of object 'Object Repository/Факторный анализ/Фильтр Период' is: 'Октябрь, Ноябрь и 1, 2, 3 кв. 2024 года'

15-01-2025T10:09:49 - [TEST_STEP][PASSED] - println(period): null

15-01-2025T10:09:49 - [TEST_STEP][PASSED] - dashboardName = "Факторный анализ": null

15-01-2025T10:09:49 - [TEST_STEP][PASSED] - workbook01 = getWorkbook(excelFilePath): null

15-01-2025T10:09:49 - [TEST_STEP][PASSED] - sheet01 = getExcelSheet(workbook01, sheetName): null

15-01-2025T10:09:49 - [TEST_STEP][PASSED] - setValueToCellByIndex(sheet01, n, 0, dashboardName): null

15-01-2025T10:09:49 - [TEST_STEP][PASSED] - setValueToCellByIndex(sheet01, n, 1, DZO): null

15-01-2025T10:09:49 - [TEST_STEP][PASSED] - setValueToCellByIndex(sheet01, n, 2, vidget): null

15-01-2025T10:09:49 - [TEST_STEP][PASSED] - setValueToCellByIndex(sheet01, n, 3, typeOfData): null

15-01-2025T10:09:49 - [TEST_STEP][PASSED] - setValueToCellByIndex(sheet01, n, 4, otobrajeniyeDannyh): null

15-01-2025T10:09:49 - [TEST_STEP][PASSED] - setValueToCellByIndex(sheet01, n, 5, period): null

15-01-2025T10:09:49 - [TEST_STEP][PASSED] - setValueToCellByIndex(sheet01, n, 6, todaysDate): null

15-01-2025T10:09:49 - [TEST_STEP][PASSED] - n = n + 1: null

15-01-2025T10:09:49 - [TEST_STEP][PASSED] - saveWorkbook(excelFilePath, workbook01): null

15-01-2025T10:09:50 - [TEST_STEP][PASSED] - DZO = "Россети Тюмень": null

15-01-2025T10:09:50 - [TEST_STEP][PASSED] - Script1719551244403.CompareDZO(x = TyuA, y = TyuB, run, typeOfData, otobrajeniyeDannyh, todaysDate, vidget, DZO): null

15-01-2025T10:09:50 - [TEST_STEP][PASSED] - x1 = x: null

15-01-2025T10:09:50 - [TEST_STEP][PASSED] - y1 = y: null

15-01-2025T10:09:50 - [TEST_STEP][PASSED] - i1 = <not implemented yet for class: org.codehaus.groovy.ast.expr.EmptyExpression>: null

15-01-2025T10:09:50 - [TEST_STEP][FAILED] - if (verifyEqual(x, y) == true): Unable to verify equal between actual object '8 299  146' and expected object '387  146' (Root cause: com.kms.katalon.core.exception.StepFailedException: Actual object '8 299  146' and expected object '387  146' are not equal
	at com.kms.katalon.core.keyword.builtin.VerifyEqualKeyword$_verifyEqual_closure1.doCall(VerifyEqualKeyword.groovy:58)
	at com.kms.katalon.core.keyword.builtin.VerifyEqualKeyword$_verifyEqual_closure1.call(VerifyEqualKeyword.groovy)
	at com.kms.katalon.core.keyword.internal.KeywordMain.runKeyword(KeywordMain.groovy:75)
	at com.kms.katalon.core.keyword.builtin.VerifyEqualKeyword.verifyEqual(VerifyEqualKeyword.groovy:63)
	at com.kms.katalon.core.keyword.builtin.VerifyEqualKeyword.execute(VerifyEqualKeyword.groovy:44)
	at com.kms.katalon.core.keyword.internal.KeywordExecutor.executeKeywordForPlatform(KeywordExecutor.groovy:74)
	at com.kms.katalon.core.keyword.BuiltinKeywords.verifyEqual(BuiltinKeywords.groovy:146)
	at jdk.internal.reflect.GeneratedMethodAccessor32.invoke(Unknown Source)
	at java.base/jdk.internal.reflect.DelegatingMethodAccessorImpl.invoke(DelegatingMethodAccessorImpl.java:43)
	at Факторный анализ сверка дашбордов.CompareDZO(Факторный анализ сверка дашбордов:703)
	at Факторный анализ сверка дашбордов.Test(Факторный анализ сверка дашбордов:653)
	at Факторный анализ сверка дашбордов.run(Факторный анализ сверка дашбордов:44)
	at com.kms.katalon.core.main.ScriptEngine.run(ScriptEngine.java:194)
	at com.kms.katalon.core.main.ScriptEngine.runScriptAsRawText(ScriptEngine.java:119)
	at com.kms.katalon.core.main.TestCaseExecutor.runScript(TestCaseExecutor.java:448)
	at com.kms.katalon.core.main.TestCaseExecutor.doExecute(TestCaseExecutor.java:439)
	at com.kms.katalon.core.main.TestCaseExecutor.processExecutionPhase(TestCaseExecutor.java:418)
	at com.kms.katalon.core.main.TestCaseExecutor.accessMainPhase(TestCaseExecutor.java:410)
	at com.kms.katalon.core.main.TestCaseExecutor.execute(TestCaseExecutor.java:285)
	at com.kms.katalon.core.common.CommonExecutor.accessTestCaseMainPhase(CommonExecutor.java:65)
	at com.kms.katalon.core.main.TestSuiteExecutor.accessTestSuiteMainPhase(TestSuiteExecutor.java:150)
	at com.kms.katalon.core.main.TestSuiteExecutor.execute(TestSuiteExecutor.java:106)
	at com.kms.katalon.core.main.TestCaseMain.startTestSuite(TestCaseMain.java:180)
	at TempTestSuite1736921988279.run(TempTestSuite1736921988279.groovy:35)
	at java.base/jdk.internal.reflect.NativeMethodAccessorImpl.invoke0(Native Method)
	at java.base/jdk.internal.reflect.NativeMethodAccessorImpl.invoke(NativeMethodAccessorImpl.java:77)
	at java.base/jdk.internal.reflect.DelegatingMethodAccessorImpl.invoke(DelegatingMethodAccessorImpl.java:43)
)

15-01-2025T10:09:50 - [MESSAGE][FAILED] - Unable to verify equal between actual object '8 299  146' and expected object '387  146' (Root cause: com.kms.katalon.core.exception.StepFailedException: Actual object '8 299  146' and expected object '387  146' are not equal
	at com.kms.katalon.core.keyword.builtin.VerifyEqualKeyword$_verifyEqual_closure1.doCall(VerifyEqualKeyword.groovy:58)
	at com.kms.katalon.core.keyword.builtin.VerifyEqualKeyword$_verifyEqual_closure1.call(VerifyEqualKeyword.groovy)
	at com.kms.katalon.core.keyword.internal.KeywordMain.runKeyword(KeywordMain.groovy:75)
	at com.kms.katalon.core.keyword.builtin.VerifyEqualKeyword.verifyEqual(VerifyEqualKeyword.groovy:63)
	at com.kms.katalon.core.keyword.builtin.VerifyEqualKeyword.execute(VerifyEqualKeyword.groovy:44)
	at com.kms.katalon.core.keyword.internal.KeywordExecutor.executeKeywordForPlatform(KeywordExecutor.groovy:74)
	at com.kms.katalon.core.keyword.BuiltinKeywords.verifyEqual(BuiltinKeywords.groovy:146)
	at jdk.internal.reflect.GeneratedMethodAccessor32.invoke(Unknown Source)
	at java.base/jdk.internal.reflect.DelegatingMethodAccessorImpl.invoke(DelegatingMethodAccessorImpl.java:43)
	at Факторный анализ сверка дашбордов.CompareDZO(Факторный анализ сверка дашбордов:703)
	at Факторный анализ сверка дашбордов.Test(Факторный анализ сверка дашбордов:653)
	at Факторный анализ сверка дашбордов.run(Факторный анализ сверка дашбордов:44)
	at com.kms.katalon.core.main.ScriptEngine.run(ScriptEngine.java:194)
	at com.kms.katalon.core.main.ScriptEngine.runScriptAsRawText(ScriptEngine.java:119)
	at com.kms.katalon.core.main.TestCaseExecutor.runScript(TestCaseExecutor.java:448)
	at com.kms.katalon.core.main.TestCaseExecutor.doExecute(TestCaseExecutor.java:439)
	at com.kms.katalon.core.main.TestCaseExecutor.processExecutionPhase(TestCaseExecutor.java:418)
	at com.kms.katalon.core.main.TestCaseExecutor.accessMainPhase(TestCaseExecutor.java:410)
	at com.kms.katalon.core.main.TestCaseExecutor.execute(TestCaseExecutor.java:285)
	at com.kms.katalon.core.common.CommonExecutor.accessTestCaseMainPhase(CommonExecutor.java:65)
	at com.kms.katalon.core.main.TestSuiteExecutor.accessTestSuiteMainPhase(TestSuiteExecutor.java:150)
	at com.kms.katalon.core.main.TestSuiteExecutor.execute(TestSuiteExecutor.java:106)
	at com.kms.katalon.core.main.TestCaseMain.startTestSuite(TestCaseMain.java:180)
	at TempTestSuite1736921988279.run(TempTestSuite1736921988279.groovy:35)
	at java.base/jdk.internal.reflect.NativeMethodAccessorImpl.invoke0(Native Method)
	at java.base/jdk.internal.reflect.NativeMethodAccessorImpl.invoke(NativeMethodAccessorImpl.java:77)
	at java.base/jdk.internal.reflect.DelegatingMethodAccessorImpl.invoke(DelegatingMethodAccessorImpl.java:43)
)

15-01-2025T10:09:50 - [TEST_STEP][PASSED] - else: null

15-01-2025T10:09:50 - [TEST_STEP][PASSED] - otobrajeniyeDannyh = "Все": null

15-01-2025T10:09:50 - [TEST_STEP][PASSED] - vidget = "Всего отклонения по факторам": null

15-01-2025T10:09:50 - [TEST_STEP][PASSED] - Script1719551244403.WriteToExcel(todaysDate, typeOfData, otobrajeniyeDannyh, x, y, vidget, DZO): null

15-01-2025T10:09:50 - [TEST_STEP][PASSED] - sheetName = "Sheet1": null

15-01-2025T10:09:50 - [TEST_STEP][PASSED] - data = findTestData("PlanFact"): null

15-01-2025T10:09:50 - [TEST_STEP][PASSED] - n = data.getRowNumbers() + 1: null

15-01-2025T10:09:50 - [TEST_STEP][PASSED] - period = getText(findTestObject("Факторный анализ/Фильтр Период")): Text of object 'Object Repository/Факторный анализ/Фильтр Период' is: 'Октябрь, Ноябрь и 1, 2, 3 кв. 2024 года'

15-01-2025T10:09:50 - [MESSAGE][PASSED] - Text of object 'Object Repository/Факторный анализ/Фильтр Период' is: 'Октябрь, Ноябрь и 1, 2, 3 кв. 2024 года'

15-01-2025T10:09:50 - [TEST_STEP][PASSED] - println(period): null

15-01-2025T10:09:50 - [TEST_STEP][PASSED] - dashboardName = "Факторный анализ": null

15-01-2025T10:09:50 - [TEST_STEP][PASSED] - workbook01 = getWorkbook(excelFilePath): null

15-01-2025T10:09:50 - [TEST_STEP][PASSED] - sheet01 = getExcelSheet(workbook01, sheetName): null

15-01-2025T10:09:50 - [TEST_STEP][PASSED] - setValueToCellByIndex(sheet01, n, 0, dashboardName): null

15-01-2025T10:09:50 - [TEST_STEP][PASSED] - setValueToCellByIndex(sheet01, n, 1, DZO): null

15-01-2025T10:09:50 - [TEST_STEP][PASSED] - setValueToCellByIndex(sheet01, n, 2, vidget): null

15-01-2025T10:09:50 - [TEST_STEP][PASSED] - setValueToCellByIndex(sheet01, n, 3, typeOfData): null

15-01-2025T10:09:50 - [TEST_STEP][PASSED] - setValueToCellByIndex(sheet01, n, 4, otobrajeniyeDannyh): null

15-01-2025T10:09:50 - [TEST_STEP][PASSED] - setValueToCellByIndex(sheet01, n, 5, period): null

15-01-2025T10:09:50 - [TEST_STEP][PASSED] - setValueToCellByIndex(sheet01, n, 6, todaysDate): null

15-01-2025T10:09:50 - [TEST_STEP][PASSED] - n = n + 1: null

15-01-2025T10:09:50 - [TEST_STEP][PASSED] - saveWorkbook(excelFilePath, workbook01): null

15-01-2025T10:09:50 - [TEST_STEP][PASSED] - DZO = "Россети Урал (ГК)": null

15-01-2025T10:09:50 - [TEST_STEP][PASSED] - Script1719551244403.CompareDZO(x = UrA, y = UrB, run, typeOfData, otobrajeniyeDannyh, todaysDate, vidget, DZO): null

15-01-2025T10:09:50 - [TEST_STEP][PASSED] - x1 = x: null

15-01-2025T10:09:50 - [TEST_STEP][PASSED] - y1 = y: null

15-01-2025T10:09:50 - [TEST_STEP][PASSED] - i1 = <not implemented yet for class: org.codehaus.groovy.ast.expr.EmptyExpression>: null

15-01-2025T10:09:50 - [TEST_STEP][FAILED] - if (verifyEqual(x, y) == true): Unable to verify equal between actual object '82 026  638    669  246 964 315 1 045  720' and expected object '5 414  638    669  246 964 315 1 045  720' (Root cause: com.kms.katalon.core.exception.StepFailedException: Actual object '82 026  638    669  246 964 315 1 045  720' and expected object '5 414  638    669  246 964 315 1 045  720' are not equal
	at com.kms.katalon.core.keyword.builtin.VerifyEqualKeyword$_verifyEqual_closure1.doCall(VerifyEqualKeyword.groovy:58)
	at com.kms.katalon.core.keyword.builtin.VerifyEqualKeyword$_verifyEqual_closure1.call(VerifyEqualKeyword.groovy)
	at com.kms.katalon.core.keyword.internal.KeywordMain.runKeyword(KeywordMain.groovy:75)
	at com.kms.katalon.core.keyword.builtin.VerifyEqualKeyword.verifyEqual(VerifyEqualKeyword.groovy:63)
	at com.kms.katalon.core.keyword.builtin.VerifyEqualKeyword.execute(VerifyEqualKeyword.groovy:44)
	at com.kms.katalon.core.keyword.internal.KeywordExecutor.executeKeywordForPlatform(KeywordExecutor.groovy:74)
	at com.kms.katalon.core.keyword.BuiltinKeywords.verifyEqual(BuiltinKeywords.groovy:146)
	at jdk.internal.reflect.GeneratedMethodAccessor32.invoke(Unknown Source)
	at java.base/jdk.internal.reflect.DelegatingMethodAccessorImpl.invoke(DelegatingMethodAccessorImpl.java:43)
	at Факторный анализ сверка дашбордов.CompareDZO(Факторный анализ сверка дашбордов:703)
	at Факторный анализ сверка дашбордов.Test(Факторный анализ сверка дашбордов:657)
	at Факторный анализ сверка дашбордов.run(Факторный анализ сверка дашбордов:44)
	at com.kms.katalon.core.main.ScriptEngine.run(ScriptEngine.java:194)
	at com.kms.katalon.core.main.ScriptEngine.runScriptAsRawText(ScriptEngine.java:119)
	at com.kms.katalon.core.main.TestCaseExecutor.runScript(TestCaseExecutor.java:448)
	at com.kms.katalon.core.main.TestCaseExecutor.doExecute(TestCaseExecutor.java:439)
	at com.kms.katalon.core.main.TestCaseExecutor.processExecutionPhase(TestCaseExecutor.java:418)
	at com.kms.katalon.core.main.TestCaseExecutor.accessMainPhase(TestCaseExecutor.java:410)
	at com.kms.katalon.core.main.TestCaseExecutor.execute(TestCaseExecutor.java:285)
	at com.kms.katalon.core.common.CommonExecutor.accessTestCaseMainPhase(CommonExecutor.java:65)
	at com.kms.katalon.core.main.TestSuiteExecutor.accessTestSuiteMainPhase(TestSuiteExecutor.java:150)
	at com.kms.katalon.core.main.TestSuiteExecutor.execute(TestSuiteExecutor.java:106)
	at com.kms.katalon.core.main.TestCaseMain.startTestSuite(TestCaseMain.java:180)
	at TempTestSuite1736921988279.run(TempTestSuite1736921988279.groovy:35)
	at java.base/jdk.internal.reflect.NativeMethodAccessorImpl.invoke0(Native Method)
	at java.base/jdk.internal.reflect.NativeMethodAccessorImpl.invoke(NativeMethodAccessorImpl.java:77)
	at java.base/jdk.internal.reflect.DelegatingMethodAccessorImpl.invoke(DelegatingMethodAccessorImpl.java:43)
)

15-01-2025T10:09:50 - [MESSAGE][FAILED] - Unable to verify equal between actual object '82 026  638    669  246 964 315 1 045  720' and expected object '5 414  638    669  246 964 315 1 045  720' (Root cause: com.kms.katalon.core.exception.StepFailedException: Actual object '82 026  638    669  246 964 315 1 045  720' and expected object '5 414  638    669  246 964 315 1 045  720' are not equal
	at com.kms.katalon.core.keyword.builtin.VerifyEqualKeyword$_verifyEqual_closure1.doCall(VerifyEqualKeyword.groovy:58)
	at com.kms.katalon.core.keyword.builtin.VerifyEqualKeyword$_verifyEqual_closure1.call(VerifyEqualKeyword.groovy)
	at com.kms.katalon.core.keyword.internal.KeywordMain.runKeyword(KeywordMain.groovy:75)
	at com.kms.katalon.core.keyword.builtin.VerifyEqualKeyword.verifyEqual(VerifyEqualKeyword.groovy:63)
	at com.kms.katalon.core.keyword.builtin.VerifyEqualKeyword.execute(VerifyEqualKeyword.groovy:44)
	at com.kms.katalon.core.keyword.internal.KeywordExecutor.executeKeywordForPlatform(KeywordExecutor.groovy:74)
	at com.kms.katalon.core.keyword.BuiltinKeywords.verifyEqual(BuiltinKeywords.groovy:146)
	at jdk.internal.reflect.GeneratedMethodAccessor32.invoke(Unknown Source)
	at java.base/jdk.internal.reflect.DelegatingMethodAccessorImpl.invoke(DelegatingMethodAccessorImpl.java:43)
	at Факторный анализ сверка дашбордов.CompareDZO(Факторный анализ сверка дашбордов:703)
	at Факторный анализ сверка дашбордов.Test(Факторный анализ сверка дашбордов:657)
	at Факторный анализ сверка дашбордов.run(Факторный анализ сверка дашбордов:44)
	at com.kms.katalon.core.main.ScriptEngine.run(ScriptEngine.java:194)
	at com.kms.katalon.core.main.ScriptEngine.runScriptAsRawText(ScriptEngine.java:119)
	at com.kms.katalon.core.main.TestCaseExecutor.runScript(TestCaseExecutor.java:448)
	at com.kms.katalon.core.main.TestCaseExecutor.doExecute(TestCaseExecutor.java:439)
	at com.kms.katalon.core.main.TestCaseExecutor.processExecutionPhase(TestCaseExecutor.java:418)
	at com.kms.katalon.core.main.TestCaseExecutor.accessMainPhase(TestCaseExecutor.java:410)
	at com.kms.katalon.core.main.TestCaseExecutor.execute(TestCaseExecutor.java:285)
	at com.kms.katalon.core.common.CommonExecutor.accessTestCaseMainPhase(CommonExecutor.java:65)
	at com.kms.katalon.core.main.TestSuiteExecutor.accessTestSuiteMainPhase(TestSuiteExecutor.java:150)
	at com.kms.katalon.core.main.TestSuiteExecutor.execute(TestSuiteExecutor.java:106)
	at com.kms.katalon.core.main.TestCaseMain.startTestSuite(TestCaseMain.java:180)
	at TempTestSuite1736921988279.run(TempTestSuite1736921988279.groovy:35)
	at java.base/jdk.internal.reflect.NativeMethodAccessorImpl.invoke0(Native Method)
	at java.base/jdk.internal.reflect.NativeMethodAccessorImpl.invoke(NativeMethodAccessorImpl.java:77)
	at java.base/jdk.internal.reflect.DelegatingMethodAccessorImpl.invoke(DelegatingMethodAccessorImpl.java:43)
)

15-01-2025T10:09:50 - [TEST_STEP][PASSED] - else: null

15-01-2025T10:09:50 - [TEST_STEP][PASSED] - otobrajeniyeDannyh = "Все": null

15-01-2025T10:09:50 - [TEST_STEP][PASSED] - vidget = "Всего отклонения по факторам": null

15-01-2025T10:09:50 - [TEST_STEP][PASSED] - Script1719551244403.WriteToExcel(todaysDate, typeOfData, otobrajeniyeDannyh, x, y, vidget, DZO): null

15-01-2025T10:09:50 - [TEST_STEP][PASSED] - sheetName = "Sheet1": null

15-01-2025T10:09:50 - [TEST_STEP][PASSED] - data = findTestData("PlanFact"): null

15-01-2025T10:09:50 - [TEST_STEP][PASSED] - n = data.getRowNumbers() + 1: null

15-01-2025T10:09:50 - [TEST_STEP][PASSED] - period = getText(findTestObject("Факторный анализ/Фильтр Период")): Text of object 'Object Repository/Факторный анализ/Фильтр Период' is: 'Октябрь, Ноябрь и 1, 2, 3 кв. 2024 года'

15-01-2025T10:09:51 - [MESSAGE][PASSED] - Text of object 'Object Repository/Факторный анализ/Фильтр Период' is: 'Октябрь, Ноябрь и 1, 2, 3 кв. 2024 года'

15-01-2025T10:09:51 - [TEST_STEP][PASSED] - println(period): null

15-01-2025T10:09:51 - [TEST_STEP][PASSED] - dashboardName = "Факторный анализ": null

15-01-2025T10:09:51 - [TEST_STEP][PASSED] - workbook01 = getWorkbook(excelFilePath): null

15-01-2025T10:09:51 - [TEST_STEP][PASSED] - sheet01 = getExcelSheet(workbook01, sheetName): null

15-01-2025T10:09:51 - [TEST_STEP][PASSED] - setValueToCellByIndex(sheet01, n, 0, dashboardName): null

15-01-2025T10:09:51 - [TEST_STEP][PASSED] - setValueToCellByIndex(sheet01, n, 1, DZO): null

15-01-2025T10:09:51 - [TEST_STEP][PASSED] - setValueToCellByIndex(sheet01, n, 2, vidget): null

15-01-2025T10:09:51 - [TEST_STEP][PASSED] - setValueToCellByIndex(sheet01, n, 3, typeOfData): null

15-01-2025T10:09:51 - [TEST_STEP][PASSED] - setValueToCellByIndex(sheet01, n, 4, otobrajeniyeDannyh): null

15-01-2025T10:09:51 - [TEST_STEP][PASSED] - setValueToCellByIndex(sheet01, n, 5, period): null

15-01-2025T10:09:51 - [TEST_STEP][PASSED] - setValueToCellByIndex(sheet01, n, 6, todaysDate): null

15-01-2025T10:09:51 - [TEST_STEP][PASSED] - n = n + 1: null

15-01-2025T10:09:51 - [TEST_STEP][PASSED] - saveWorkbook(excelFilePath, workbook01): null

15-01-2025T10:09:51 - [TEST_STEP][PASSED] - DZO = "Россети ФСК ЕЭС": null

15-01-2025T10:09:51 - [TEST_STEP][PASSED] - Script1719551244403.CompareDZO(x = FSKA, y = FSKB, run, typeOfData, otobrajeniyeDannyh, todaysDate, vidget, DZO): null

15-01-2025T10:09:51 - [TEST_STEP][PASSED] - x1 = x: null

15-01-2025T10:09:51 - [TEST_STEP][PASSED] - y1 = y: null

15-01-2025T10:09:51 - [TEST_STEP][PASSED] - i1 = <not implemented yet for class: org.codehaus.groovy.ast.expr.EmptyExpression>: null

15-01-2025T10:09:51 - [TEST_STEP][PASSED] - if (verifyEqual(x, y) == true): null

15-01-2025T10:09:51 - [MESSAGE][PASSED] - Actual object '1 045  720       10 513 6 868' and expected object '1 045  720       10 513 6 868' are equal

15-01-2025T10:09:51 - [TEST_STEP][PASSED] - DZO = "Центр": null

15-01-2025T10:09:51 - [TEST_STEP][PASSED] - Script1719551244403.CompareDZO(x = CenA, y = CenB, run, typeOfData, otobrajeniyeDannyh, todaysDate, vidget, DZO): null

15-01-2025T10:09:51 - [TEST_STEP][PASSED] - x1 = x: null

15-01-2025T10:09:51 - [TEST_STEP][PASSED] - y1 = y: null

15-01-2025T10:09:51 - [TEST_STEP][PASSED] - i1 = <not implemented yet for class: org.codehaus.groovy.ast.expr.EmptyExpression>: null

15-01-2025T10:09:51 - [TEST_STEP][FAILED] - if (verifyEqual(x, y) == true): Unable to verify equal between actual object '10 513 6 868   347 138 5 765 17 15 652 167 127 11 2 510 157 853  381 4 613 57 8 540 48 6 716 12 376 192 6 276 95' and expected object '10 513 6 868   347 138 78 9 667 130 127 11 6 84 853  381 158 52 34 48 307 12 376 192 630 15' (Root cause: com.kms.katalon.core.exception.StepFailedException: Actual object '10 513 6 868   347 138 5 765 17 15 652 167 127 11 2 510 157 853  381 4 613 57 8 540 48 6 716 12 376 192 6 276 95' and expected object '10 513 6 868   347 138 78 9 667 130 127 11 6 84 853  381 158 52 34 48 307 12 376 192 630 15' are not equal
	at com.kms.katalon.core.keyword.builtin.VerifyEqualKeyword$_verifyEqual_closure1.doCall(VerifyEqualKeyword.groovy:58)
	at com.kms.katalon.core.keyword.builtin.VerifyEqualKeyword$_verifyEqual_closure1.call(VerifyEqualKeyword.groovy)
	at com.kms.katalon.core.keyword.internal.KeywordMain.runKeyword(KeywordMain.groovy:75)
	at com.kms.katalon.core.keyword.builtin.VerifyEqualKeyword.verifyEqual(VerifyEqualKeyword.groovy:63)
	at com.kms.katalon.core.keyword.builtin.VerifyEqualKeyword.execute(VerifyEqualKeyword.groovy:44)
	at com.kms.katalon.core.keyword.internal.KeywordExecutor.executeKeywordForPlatform(KeywordExecutor.groovy:74)
	at com.kms.katalon.core.keyword.BuiltinKeywords.verifyEqual(BuiltinKeywords.groovy:146)
	at jdk.internal.reflect.GeneratedMethodAccessor32.invoke(Unknown Source)
	at java.base/jdk.internal.reflect.DelegatingMethodAccessorImpl.invoke(DelegatingMethodAccessorImpl.java:43)
	at Факторный анализ сверка дашбордов.CompareDZO(Факторный анализ сверка дашбордов:703)
	at Факторный анализ сверка дашбордов.Test(Факторный анализ сверка дашбордов:665)
	at Факторный анализ сверка дашбордов.run(Факторный анализ сверка дашбордов:44)
	at com.kms.katalon.core.main.ScriptEngine.run(ScriptEngine.java:194)
	at com.kms.katalon.core.main.ScriptEngine.runScriptAsRawText(ScriptEngine.java:119)
	at com.kms.katalon.core.main.TestCaseExecutor.runScript(TestCaseExecutor.java:448)
	at com.kms.katalon.core.main.TestCaseExecutor.doExecute(TestCaseExecutor.java:439)
	at com.kms.katalon.core.main.TestCaseExecutor.processExecutionPhase(TestCaseExecutor.java:418)
	at com.kms.katalon.core.main.TestCaseExecutor.accessMainPhase(TestCaseExecutor.java:410)
	at com.kms.katalon.core.main.TestCaseExecutor.execute(TestCaseExecutor.java:285)
	at com.kms.katalon.core.common.CommonExecutor.accessTestCaseMainPhase(CommonExecutor.java:65)
	at com.kms.katalon.core.main.TestSuiteExecutor.accessTestSuiteMainPhase(TestSuiteExecutor.java:150)
	at com.kms.katalon.core.main.TestSuiteExecutor.execute(TestSuiteExecutor.java:106)
	at com.kms.katalon.core.main.TestCaseMain.startTestSuite(TestCaseMain.java:180)
	at TempTestSuite1736921988279.run(TempTestSuite1736921988279.groovy:35)
	at java.base/jdk.internal.reflect.NativeMethodAccessorImpl.invoke0(Native Method)
	at java.base/jdk.internal.reflect.NativeMethodAccessorImpl.invoke(NativeMethodAccessorImpl.java:77)
	at java.base/jdk.internal.reflect.DelegatingMethodAccessorImpl.invoke(DelegatingMethodAccessorImpl.java:43)
)

15-01-2025T10:09:51 - [MESSAGE][FAILED] - Unable to verify equal between actual object '10 513 6 868   347 138 5 765 17 15 652 167 127 11 2 510 157 853  381 4 613 57 8 540 48 6 716 12 376 192 6 276 95' and expected object '10 513 6 868   347 138 78 9 667 130 127 11 6 84 853  381 158 52 34 48 307 12 376 192 630 15' (Root cause: com.kms.katalon.core.exception.StepFailedException: Actual object '10 513 6 868   347 138 5 765 17 15 652 167 127 11 2 510 157 853  381 4 613 57 8 540 48 6 716 12 376 192 6 276 95' and expected object '10 513 6 868   347 138 78 9 667 130 127 11 6 84 853  381 158 52 34 48 307 12 376 192 630 15' are not equal
	at com.kms.katalon.core.keyword.builtin.VerifyEqualKeyword$_verifyEqual_closure1.doCall(VerifyEqualKeyword.groovy:58)
	at com.kms.katalon.core.keyword.builtin.VerifyEqualKeyword$_verifyEqual_closure1.call(VerifyEqualKeyword.groovy)
	at com.kms.katalon.core.keyword.internal.KeywordMain.runKeyword(KeywordMain.groovy:75)
	at com.kms.katalon.core.keyword.builtin.VerifyEqualKeyword.verifyEqual(VerifyEqualKeyword.groovy:63)
	at com.kms.katalon.core.keyword.builtin.VerifyEqualKeyword.execute(VerifyEqualKeyword.groovy:44)
	at com.kms.katalon.core.keyword.internal.KeywordExecutor.executeKeywordForPlatform(KeywordExecutor.groovy:74)
	at com.kms.katalon.core.keyword.BuiltinKeywords.verifyEqual(BuiltinKeywords.groovy:146)
	at jdk.internal.reflect.GeneratedMethodAccessor32.invoke(Unknown Source)
	at java.base/jdk.internal.reflect.DelegatingMethodAccessorImpl.invoke(DelegatingMethodAccessorImpl.java:43)
	at Факторный анализ сверка дашбордов.CompareDZO(Факторный анализ сверка дашбордов:703)
	at Факторный анализ сверка дашбордов.Test(Факторный анализ сверка дашбордов:665)
	at Факторный анализ сверка дашбордов.run(Факторный анализ сверка дашбордов:44)
	at com.kms.katalon.core.main.ScriptEngine.run(ScriptEngine.java:194)
	at com.kms.katalon.core.main.ScriptEngine.runScriptAsRawText(ScriptEngine.java:119)
	at com.kms.katalon.core.main.TestCaseExecutor.runScript(TestCaseExecutor.java:448)
	at com.kms.katalon.core.main.TestCaseExecutor.doExecute(TestCaseExecutor.java:439)
	at com.kms.katalon.core.main.TestCaseExecutor.processExecutionPhase(TestCaseExecutor.java:418)
	at com.kms.katalon.core.main.TestCaseExecutor.accessMainPhase(TestCaseExecutor.java:410)
	at com.kms.katalon.core.main.TestCaseExecutor.execute(TestCaseExecutor.java:285)
	at com.kms.katalon.core.common.CommonExecutor.accessTestCaseMainPhase(CommonExecutor.java:65)
	at com.kms.katalon.core.main.TestSuiteExecutor.accessTestSuiteMainPhase(TestSuiteExecutor.java:150)
	at com.kms.katalon.core.main.TestSuiteExecutor.execute(TestSuiteExecutor.java:106)
	at com.kms.katalon.core.main.TestCaseMain.startTestSuite(TestCaseMain.java:180)
	at TempTestSuite1736921988279.run(TempTestSuite1736921988279.groovy:35)
	at java.base/jdk.internal.reflect.NativeMethodAccessorImpl.invoke0(Native Method)
	at java.base/jdk.internal.reflect.NativeMethodAccessorImpl.invoke(NativeMethodAccessorImpl.java:77)
	at java.base/jdk.internal.reflect.DelegatingMethodAccessorImpl.invoke(DelegatingMethodAccessorImpl.java:43)
)

15-01-2025T10:09:51 - [TEST_STEP][PASSED] - else: null

15-01-2025T10:09:51 - [TEST_STEP][PASSED] - otobrajeniyeDannyh = "Все": null

15-01-2025T10:09:51 - [TEST_STEP][PASSED] - vidget = "Всего отклонения по факторам": null

15-01-2025T10:09:51 - [TEST_STEP][PASSED] - Script1719551244403.WriteToExcel(todaysDate, typeOfData, otobrajeniyeDannyh, x, y, vidget, DZO): null

15-01-2025T10:09:51 - [TEST_STEP][PASSED] - sheetName = "Sheet1": null

15-01-2025T10:09:51 - [TEST_STEP][PASSED] - data = findTestData("PlanFact"): null

15-01-2025T10:09:51 - [TEST_STEP][PASSED] - n = data.getRowNumbers() + 1: null

15-01-2025T10:09:51 - [TEST_STEP][PASSED] - period = getText(findTestObject("Факторный анализ/Фильтр Период")): Text of object 'Object Repository/Факторный анализ/Фильтр Период' is: 'Октябрь, Ноябрь и 1, 2, 3 кв. 2024 года'

15-01-2025T10:09:51 - [MESSAGE][PASSED] - Text of object 'Object Repository/Факторный анализ/Фильтр Период' is: 'Октябрь, Ноябрь и 1, 2, 3 кв. 2024 года'

15-01-2025T10:09:51 - [TEST_STEP][PASSED] - println(period): null

15-01-2025T10:09:51 - [TEST_STEP][PASSED] - dashboardName = "Факторный анализ": null

15-01-2025T10:09:51 - [TEST_STEP][PASSED] - workbook01 = getWorkbook(excelFilePath): null

15-01-2025T10:09:51 - [TEST_STEP][PASSED] - sheet01 = getExcelSheet(workbook01, sheetName): null

15-01-2025T10:09:51 - [TEST_STEP][PASSED] - setValueToCellByIndex(sheet01, n, 0, dashboardName): null

15-01-2025T10:09:51 - [TEST_STEP][PASSED] - setValueToCellByIndex(sheet01, n, 1, DZO): null

15-01-2025T10:09:51 - [TEST_STEP][PASSED] - setValueToCellByIndex(sheet01, n, 2, vidget): null

15-01-2025T10:09:51 - [TEST_STEP][PASSED] - setValueToCellByIndex(sheet01, n, 3, typeOfData): null

15-01-2025T10:09:51 - [TEST_STEP][PASSED] - setValueToCellByIndex(sheet01, n, 4, otobrajeniyeDannyh): null

15-01-2025T10:09:51 - [TEST_STEP][PASSED] - setValueToCellByIndex(sheet01, n, 5, period): null

15-01-2025T10:09:51 - [TEST_STEP][PASSED] - setValueToCellByIndex(sheet01, n, 6, todaysDate): null

15-01-2025T10:09:51 - [TEST_STEP][PASSED] - n = n + 1: null

15-01-2025T10:09:51 - [TEST_STEP][PASSED] - saveWorkbook(excelFilePath, workbook01): null

15-01-2025T10:09:52 - [TEST_STEP][PASSED] - DZO = "Центр и Приволжье (ГК)": null

15-01-2025T10:09:52 - [TEST_STEP][PASSED] - Script1719551244403.CompareDZO(x = CiPA, y = CiPB, run, typeOfData, otobrajeniyeDannyh, todaysDate, vidget, DZO): null

15-01-2025T10:09:52 - [TEST_STEP][PASSED] - x1 = x: null

15-01-2025T10:09:52 - [TEST_STEP][PASSED] - y1 = y: null

15-01-2025T10:09:52 - [TEST_STEP][PASSED] - i1 = <not implemented yet for class: org.codehaus.groovy.ast.expr.EmptyExpression>: null

15-01-2025T10:09:52 - [TEST_STEP][FAILED] - if (verifyEqual(x, y) == true): Unable to verify equal between actual object '6 276 95      574 64 201 62 706 61 511 30 189 23 849 359 229 70 877  292 401 20' and expected object '630 15      574 64 201 62 706 61 511 30 189 23 849 359 229 70 877  292 401 20' (Root cause: com.kms.katalon.core.exception.StepFailedException: Actual object '6 276 95      574 64 201 62 706 61 511 30 189 23 849 359 229 70 877  292 401 20' and expected object '630 15      574 64 201 62 706 61 511 30 189 23 849 359 229 70 877  292 401 20' are not equal
	at com.kms.katalon.core.keyword.builtin.VerifyEqualKeyword$_verifyEqual_closure1.doCall(VerifyEqualKeyword.groovy:58)
	at com.kms.katalon.core.keyword.builtin.VerifyEqualKeyword$_verifyEqual_closure1.call(VerifyEqualKeyword.groovy)
	at com.kms.katalon.core.keyword.internal.KeywordMain.runKeyword(KeywordMain.groovy:75)
	at com.kms.katalon.core.keyword.builtin.VerifyEqualKeyword.verifyEqual(VerifyEqualKeyword.groovy:63)
	at com.kms.katalon.core.keyword.builtin.VerifyEqualKeyword.execute(VerifyEqualKeyword.groovy:44)
	at com.kms.katalon.core.keyword.internal.KeywordExecutor.executeKeywordForPlatform(KeywordExecutor.groovy:74)
	at com.kms.katalon.core.keyword.BuiltinKeywords.verifyEqual(BuiltinKeywords.groovy:146)
	at jdk.internal.reflect.GeneratedMethodAccessor32.invoke(Unknown Source)
	at java.base/jdk.internal.reflect.DelegatingMethodAccessorImpl.invoke(DelegatingMethodAccessorImpl.java:43)
	at Факторный анализ сверка дашбордов.CompareDZO(Факторный анализ сверка дашбордов:703)
	at Факторный анализ сверка дашбордов.Test(Факторный анализ сверка дашбордов:669)
	at Факторный анализ сверка дашбордов.run(Факторный анализ сверка дашбордов:44)
	at com.kms.katalon.core.main.ScriptEngine.run(ScriptEngine.java:194)
	at com.kms.katalon.core.main.ScriptEngine.runScriptAsRawText(ScriptEngine.java:119)
	at com.kms.katalon.core.main.TestCaseExecutor.runScript(TestCaseExecutor.java:448)
	at com.kms.katalon.core.main.TestCaseExecutor.doExecute(TestCaseExecutor.java:439)
	at com.kms.katalon.core.main.TestCaseExecutor.processExecutionPhase(TestCaseExecutor.java:418)
	at com.kms.katalon.core.main.TestCaseExecutor.accessMainPhase(TestCaseExecutor.java:410)
	at com.kms.katalon.core.main.TestCaseExecutor.execute(TestCaseExecutor.java:285)
	at com.kms.katalon.core.common.CommonExecutor.accessTestCaseMainPhase(CommonExecutor.java:65)
	at com.kms.katalon.core.main.TestSuiteExecutor.accessTestSuiteMainPhase(TestSuiteExecutor.java:150)
	at com.kms.katalon.core.main.TestSuiteExecutor.execute(TestSuiteExecutor.java:106)
	at com.kms.katalon.core.main.TestCaseMain.startTestSuite(TestCaseMain.java:180)
	at TempTestSuite1736921988279.run(TempTestSuite1736921988279.groovy:35)
	at java.base/jdk.internal.reflect.NativeMethodAccessorImpl.invoke0(Native Method)
	at java.base/jdk.internal.reflect.NativeMethodAccessorImpl.invoke(NativeMethodAccessorImpl.java:77)
	at java.base/jdk.internal.reflect.DelegatingMethodAccessorImpl.invoke(DelegatingMethodAccessorImpl.java:43)
)

15-01-2025T10:09:52 - [MESSAGE][FAILED] - Unable to verify equal between actual object '6 276 95      574 64 201 62 706 61 511 30 189 23 849 359 229 70 877  292 401 20' and expected object '630 15      574 64 201 62 706 61 511 30 189 23 849 359 229 70 877  292 401 20' (Root cause: com.kms.katalon.core.exception.StepFailedException: Actual object '6 276 95      574 64 201 62 706 61 511 30 189 23 849 359 229 70 877  292 401 20' and expected object '630 15      574 64 201 62 706 61 511 30 189 23 849 359 229 70 877  292 401 20' are not equal
	at com.kms.katalon.core.keyword.builtin.VerifyEqualKeyword$_verifyEqual_closure1.doCall(VerifyEqualKeyword.groovy:58)
	at com.kms.katalon.core.keyword.builtin.VerifyEqualKeyword$_verifyEqual_closure1.call(VerifyEqualKeyword.groovy)
	at com.kms.katalon.core.keyword.internal.KeywordMain.runKeyword(KeywordMain.groovy:75)
	at com.kms.katalon.core.keyword.builtin.VerifyEqualKeyword.verifyEqual(VerifyEqualKeyword.groovy:63)
	at com.kms.katalon.core.keyword.builtin.VerifyEqualKeyword.execute(VerifyEqualKeyword.groovy:44)
	at com.kms.katalon.core.keyword.internal.KeywordExecutor.executeKeywordForPlatform(KeywordExecutor.groovy:74)
	at com.kms.katalon.core.keyword.BuiltinKeywords.verifyEqual(BuiltinKeywords.groovy:146)
	at jdk.internal.reflect.GeneratedMethodAccessor32.invoke(Unknown Source)
	at java.base/jdk.internal.reflect.DelegatingMethodAccessorImpl.invoke(DelegatingMethodAccessorImpl.java:43)
	at Факторный анализ сверка дашбордов.CompareDZO(Факторный анализ сверка дашбордов:703)
	at Факторный анализ сверка дашбордов.Test(Факторный анализ сверка дашбордов:669)
	at Факторный анализ сверка дашбордов.run(Факторный анализ сверка дашбордов:44)
	at com.kms.katalon.core.main.ScriptEngine.run(ScriptEngine.java:194)
	at com.kms.katalon.core.main.ScriptEngine.runScriptAsRawText(ScriptEngine.java:119)
	at com.kms.katalon.core.main.TestCaseExecutor.runScript(TestCaseExecutor.java:448)
	at com.kms.katalon.core.main.TestCaseExecutor.doExecute(TestCaseExecutor.java:439)
	at com.kms.katalon.core.main.TestCaseExecutor.processExecutionPhase(TestCaseExecutor.java:418)
	at com.kms.katalon.core.main.TestCaseExecutor.accessMainPhase(TestCaseExecutor.java:410)
	at com.kms.katalon.core.main.TestCaseExecutor.execute(TestCaseExecutor.java:285)
	at com.kms.katalon.core.common.CommonExecutor.accessTestCaseMainPhase(CommonExecutor.java:65)
	at com.kms.katalon.core.main.TestSuiteExecutor.accessTestSuiteMainPhase(TestSuiteExecutor.java:150)
	at com.kms.katalon.core.main.TestSuiteExecutor.execute(TestSuiteExecutor.java:106)
	at com.kms.katalon.core.main.TestCaseMain.startTestSuite(TestCaseMain.java:180)
	at TempTestSuite1736921988279.run(TempTestSuite1736921988279.groovy:35)
	at java.base/jdk.internal.reflect.NativeMethodAccessorImpl.invoke0(Native Method)
	at java.base/jdk.internal.reflect.NativeMethodAccessorImpl.invoke(NativeMethodAccessorImpl.java:77)
	at java.base/jdk.internal.reflect.DelegatingMethodAccessorImpl.invoke(DelegatingMethodAccessorImpl.java:43)
)

15-01-2025T10:09:52 - [TEST_STEP][PASSED] - else: null

15-01-2025T10:09:52 - [TEST_STEP][PASSED] - otobrajeniyeDannyh = "Все": null

15-01-2025T10:09:52 - [TEST_STEP][PASSED] - vidget = "Всего отклонения по факторам": null

15-01-2025T10:09:52 - [TEST_STEP][PASSED] - Script1719551244403.WriteToExcel(todaysDate, typeOfData, otobrajeniyeDannyh, x, y, vidget, DZO): null

15-01-2025T10:09:52 - [TEST_STEP][PASSED] - sheetName = "Sheet1": null

15-01-2025T10:09:52 - [TEST_STEP][PASSED] - data = findTestData("PlanFact"): null

15-01-2025T10:09:52 - [TEST_STEP][PASSED] - n = data.getRowNumbers() + 1: null

15-01-2025T10:09:52 - [TEST_STEP][PASSED] - period = getText(findTestObject("Факторный анализ/Фильтр Период")): Text of object 'Object Repository/Факторный анализ/Фильтр Период' is: 'Октябрь, Ноябрь и 1, 2, 3 кв. 2024 года'

15-01-2025T10:09:52 - [MESSAGE][PASSED] - Text of object 'Object Repository/Факторный анализ/Фильтр Период' is: 'Октябрь, Ноябрь и 1, 2, 3 кв. 2024 года'

15-01-2025T10:09:52 - [TEST_STEP][PASSED] - println(period): null

15-01-2025T10:09:52 - [TEST_STEP][PASSED] - dashboardName = "Факторный анализ": null

15-01-2025T10:09:52 - [TEST_STEP][PASSED] - workbook01 = getWorkbook(excelFilePath): null

15-01-2025T10:09:52 - [TEST_STEP][PASSED] - sheet01 = getExcelSheet(workbook01, sheetName): null

15-01-2025T10:09:52 - [TEST_STEP][PASSED] - setValueToCellByIndex(sheet01, n, 0, dashboardName): null

15-01-2025T10:09:52 - [TEST_STEP][PASSED] - setValueToCellByIndex(sheet01, n, 1, DZO): null

15-01-2025T10:09:52 - [TEST_STEP][PASSED] - setValueToCellByIndex(sheet01, n, 2, vidget): null

15-01-2025T10:09:52 - [TEST_STEP][PASSED] - setValueToCellByIndex(sheet01, n, 3, typeOfData): null

15-01-2025T10:09:52 - [TEST_STEP][PASSED] - setValueToCellByIndex(sheet01, n, 4, otobrajeniyeDannyh): null

15-01-2025T10:09:52 - [TEST_STEP][PASSED] - setValueToCellByIndex(sheet01, n, 5, period): null

15-01-2025T10:09:52 - [TEST_STEP][PASSED] - setValueToCellByIndex(sheet01, n, 6, todaysDate): null

15-01-2025T10:09:52 - [TEST_STEP][PASSED] - n = n + 1: null

15-01-2025T10:09:52 - [TEST_STEP][PASSED] - saveWorkbook(excelFilePath, workbook01): null

15-01-2025T10:09:52 - [TEST_STEP][PASSED] - DZO = "Россети Юг (ГК)": null

15-01-2025T10:09:52 - [TEST_STEP][PASSED] - Script1719551244403.CompareDZO(x = UgA, y = UgB, run, typeOfData, otobrajeniyeDannyh, todaysDate, vidget, DZO): null

15-01-2025T10:09:52 - [TEST_STEP][PASSED] - x1 = x: null

15-01-2025T10:09:52 - [TEST_STEP][PASSED] - y1 = y: null

15-01-2025T10:09:52 - [TEST_STEP][PASSED] - i1 = <not implemented yet for class: org.codehaus.groovy.ast.expr.EmptyExpression>: null

15-01-2025T10:09:52 - [TEST_STEP][FAILED] - if (verifyEqual(x, y) == true): Unable to verify equal between actual object '401 20     4 225 59 6 426 68 11 043  400 1 859 2 22 464 75' and expected object '401 20     151 59 38 68 447  400 25 2 868 75' (Root cause: com.kms.katalon.core.exception.StepFailedException: Actual object '401 20     4 225 59 6 426 68 11 043  400 1 859 2 22 464 75' and expected object '401 20     151 59 38 68 447  400 25 2 868 75' are not equal
	at com.kms.katalon.core.keyword.builtin.VerifyEqualKeyword$_verifyEqual_closure1.doCall(VerifyEqualKeyword.groovy:58)
	at com.kms.katalon.core.keyword.builtin.VerifyEqualKeyword$_verifyEqual_closure1.call(VerifyEqualKeyword.groovy)
	at com.kms.katalon.core.keyword.internal.KeywordMain.runKeyword(KeywordMain.groovy:75)
	at com.kms.katalon.core.keyword.builtin.VerifyEqualKeyword.verifyEqual(VerifyEqualKeyword.groovy:63)
	at com.kms.katalon.core.keyword.builtin.VerifyEqualKeyword.execute(VerifyEqualKeyword.groovy:44)
	at com.kms.katalon.core.keyword.internal.KeywordExecutor.executeKeywordForPlatform(KeywordExecutor.groovy:74)
	at com.kms.katalon.core.keyword.BuiltinKeywords.verifyEqual(BuiltinKeywords.groovy:146)
	at jdk.internal.reflect.GeneratedMethodAccessor32.invoke(Unknown Source)
	at java.base/jdk.internal.reflect.DelegatingMethodAccessorImpl.invoke(DelegatingMethodAccessorImpl.java:43)
	at Факторный анализ сверка дашбордов.CompareDZO(Факторный анализ сверка дашбордов:703)
	at Факторный анализ сверка дашбордов.Test(Факторный анализ сверка дашбордов:673)
	at Факторный анализ сверка дашбордов.run(Факторный анализ сверка дашбордов:44)
	at com.kms.katalon.core.main.ScriptEngine.run(ScriptEngine.java:194)
	at com.kms.katalon.core.main.ScriptEngine.runScriptAsRawText(ScriptEngine.java:119)
	at com.kms.katalon.core.main.TestCaseExecutor.runScript(TestCaseExecutor.java:448)
	at com.kms.katalon.core.main.TestCaseExecutor.doExecute(TestCaseExecutor.java:439)
	at com.kms.katalon.core.main.TestCaseExecutor.processExecutionPhase(TestCaseExecutor.java:418)
	at com.kms.katalon.core.main.TestCaseExecutor.accessMainPhase(TestCaseExecutor.java:410)
	at com.kms.katalon.core.main.TestCaseExecutor.execute(TestCaseExecutor.java:285)
	at com.kms.katalon.core.common.CommonExecutor.accessTestCaseMainPhase(CommonExecutor.java:65)
	at com.kms.katalon.core.main.TestSuiteExecutor.accessTestSuiteMainPhase(TestSuiteExecutor.java:150)
	at com.kms.katalon.core.main.TestSuiteExecutor.execute(TestSuiteExecutor.java:106)
	at com.kms.katalon.core.main.TestCaseMain.startTestSuite(TestCaseMain.java:180)
	at TempTestSuite1736921988279.run(TempTestSuite1736921988279.groovy:35)
	at java.base/jdk.internal.reflect.NativeMethodAccessorImpl.invoke0(Native Method)
	at java.base/jdk.internal.reflect.NativeMethodAccessorImpl.invoke(NativeMethodAccessorImpl.java:77)
	at java.base/jdk.internal.reflect.DelegatingMethodAccessorImpl.invoke(DelegatingMethodAccessorImpl.java:43)
)

15-01-2025T10:09:52 - [MESSAGE][FAILED] - Unable to verify equal between actual object '401 20     4 225 59 6 426 68 11 043  400 1 859 2 22 464 75' and expected object '401 20     151 59 38 68 447  400 25 2 868 75' (Root cause: com.kms.katalon.core.exception.StepFailedException: Actual object '401 20     4 225 59 6 426 68 11 043  400 1 859 2 22 464 75' and expected object '401 20     151 59 38 68 447  400 25 2 868 75' are not equal
	at com.kms.katalon.core.keyword.builtin.VerifyEqualKeyword$_verifyEqual_closure1.doCall(VerifyEqualKeyword.groovy:58)
	at com.kms.katalon.core.keyword.builtin.VerifyEqualKeyword$_verifyEqual_closure1.call(VerifyEqualKeyword.groovy)
	at com.kms.katalon.core.keyword.internal.KeywordMain.runKeyword(KeywordMain.groovy:75)
	at com.kms.katalon.core.keyword.builtin.VerifyEqualKeyword.verifyEqual(VerifyEqualKeyword.groovy:63)
	at com.kms.katalon.core.keyword.builtin.VerifyEqualKeyword.execute(VerifyEqualKeyword.groovy:44)
	at com.kms.katalon.core.keyword.internal.KeywordExecutor.executeKeywordForPlatform(KeywordExecutor.groovy:74)
	at com.kms.katalon.core.keyword.BuiltinKeywords.verifyEqual(BuiltinKeywords.groovy:146)
	at jdk.internal.reflect.GeneratedMethodAccessor32.invoke(Unknown Source)
	at java.base/jdk.internal.reflect.DelegatingMethodAccessorImpl.invoke(DelegatingMethodAccessorImpl.java:43)
	at Факторный анализ сверка дашбордов.CompareDZO(Факторный анализ сверка дашбордов:703)
	at Факторный анализ сверка дашбордов.Test(Факторный анализ сверка дашбордов:673)
	at Факторный анализ сверка дашбордов.run(Факторный анализ сверка дашбордов:44)
	at com.kms.katalon.core.main.ScriptEngine.run(ScriptEngine.java:194)
	at com.kms.katalon.core.main.ScriptEngine.runScriptAsRawText(ScriptEngine.java:119)
	at com.kms.katalon.core.main.TestCaseExecutor.runScript(TestCaseExecutor.java:448)
	at com.kms.katalon.core.main.TestCaseExecutor.doExecute(TestCaseExecutor.java:439)
	at com.kms.katalon.core.main.TestCaseExecutor.processExecutionPhase(TestCaseExecutor.java:418)
	at com.kms.katalon.core.main.TestCaseExecutor.accessMainPhase(TestCaseExecutor.java:410)
	at com.kms.katalon.core.main.TestCaseExecutor.execute(TestCaseExecutor.java:285)
	at com.kms.katalon.core.common.CommonExecutor.accessTestCaseMainPhase(CommonExecutor.java:65)
	at com.kms.katalon.core.main.TestSuiteExecutor.accessTestSuiteMainPhase(TestSuiteExecutor.java:150)
	at com.kms.katalon.core.main.TestSuiteExecutor.execute(TestSuiteExecutor.java:106)
	at com.kms.katalon.core.main.TestCaseMain.startTestSuite(TestCaseMain.java:180)
	at TempTestSuite1736921988279.run(TempTestSuite1736921988279.groovy:35)
	at java.base/jdk.internal.reflect.NativeMethodAccessorImpl.invoke0(Native Method)
	at java.base/jdk.internal.reflect.NativeMethodAccessorImpl.invoke(NativeMethodAccessorImpl.java:77)
	at java.base/jdk.internal.reflect.DelegatingMethodAccessorImpl.invoke(DelegatingMethodAccessorImpl.java:43)
)

15-01-2025T10:09:52 - [TEST_STEP][PASSED] - else: null

15-01-2025T10:09:52 - [TEST_STEP][PASSED] - otobrajeniyeDannyh = "Все": null

15-01-2025T10:09:52 - [TEST_STEP][PASSED] - vidget = "Всего отклонения по факторам": null

15-01-2025T10:09:52 - [TEST_STEP][PASSED] - Script1719551244403.WriteToExcel(todaysDate, typeOfData, otobrajeniyeDannyh, x, y, vidget, DZO): null

15-01-2025T10:09:52 - [TEST_STEP][PASSED] - sheetName = "Sheet1": null

15-01-2025T10:09:52 - [TEST_STEP][PASSED] - data = findTestData("PlanFact"): null

15-01-2025T10:09:52 - [TEST_STEP][PASSED] - n = data.getRowNumbers() + 1: null

15-01-2025T10:09:52 - [TEST_STEP][PASSED] - period = getText(findTestObject("Факторный анализ/Фильтр Период")): Text of object 'Object Repository/Факторный анализ/Фильтр Период' is: 'Октябрь, Ноябрь и 1, 2, 3 кв. 2024 года'

15-01-2025T10:09:53 - [MESSAGE][PASSED] - Text of object 'Object Repository/Факторный анализ/Фильтр Период' is: 'Октябрь, Ноябрь и 1, 2, 3 кв. 2024 года'

15-01-2025T10:09:53 - [TEST_STEP][PASSED] - println(period): null

15-01-2025T10:09:53 - [TEST_STEP][PASSED] - dashboardName = "Факторный анализ": null

15-01-2025T10:09:53 - [TEST_STEP][PASSED] - workbook01 = getWorkbook(excelFilePath): null

15-01-2025T10:09:53 - [TEST_STEP][PASSED] - sheet01 = getExcelSheet(workbook01, sheetName): null

15-01-2025T10:09:53 - [TEST_STEP][PASSED] - setValueToCellByIndex(sheet01, n, 0, dashboardName): null

15-01-2025T10:09:53 - [TEST_STEP][PASSED] - setValueToCellByIndex(sheet01, n, 1, DZO): null

15-01-2025T10:09:53 - [TEST_STEP][PASSED] - setValueToCellByIndex(sheet01, n, 2, vidget): null

15-01-2025T10:09:53 - [TEST_STEP][PASSED] - setValueToCellByIndex(sheet01, n, 3, typeOfData): null

15-01-2025T10:09:53 - [TEST_STEP][PASSED] - setValueToCellByIndex(sheet01, n, 4, otobrajeniyeDannyh): null

15-01-2025T10:09:53 - [TEST_STEP][PASSED] - setValueToCellByIndex(sheet01, n, 5, period): null

15-01-2025T10:09:53 - [TEST_STEP][PASSED] - setValueToCellByIndex(sheet01, n, 6, todaysDate): null

15-01-2025T10:09:53 - [TEST_STEP][PASSED] - n = n + 1: null

15-01-2025T10:09:53 - [TEST_STEP][PASSED] - saveWorkbook(excelFilePath, workbook01): null

15-01-2025T10:09:53 - [TEST_STEP][PASSED] - DZO = "Россети Янтарь": null

15-01-2025T10:09:53 - [TEST_STEP][PASSED] - Script1719551244403.CompareDZO(x = YaA, y = YaB, run, typeOfData, otobrajeniyeDannyh, todaysDate, vidget, DZO): null

15-01-2025T10:09:53 - [TEST_STEP][PASSED] - x1 = x: null

15-01-2025T10:09:53 - [TEST_STEP][PASSED] - y1 = y: null

15-01-2025T10:09:53 - [TEST_STEP][PASSED] - i1 = <not implemented yet for class: org.codehaus.groovy.ast.expr.EmptyExpression>: null

15-01-2025T10:09:53 - [TEST_STEP][PASSED] - if (verifyEqual(x, y) == true): Actual object '419 47' and expected object '419 47' are equal

15-01-2025T10:09:53 - [MESSAGE][PASSED] - Actual object '419 47' and expected object '419 47' are equal

15-01-2025T10:09:53 - [TEST_STEP][PASSED] - closeBrowser(): Browser is closed

15-01-2025T10:09:53 - [MESSAGE][PASSED] - Browser is closed]]></system-out>
         <system-err><![CDATA[15-01-2025T10:06:32 - [TEST_CASE][FAILED] - Test Cases/Сверки дашбордов/Факторный анализ сверка дашбордов: Test Cases/Сверки дашбордов/Факторный анализ сверка дашбордов FAILED.
Reason:
com.kms.katalon.core.exception.StepFailedException: Unable to verify equal between actual object '-1263324' and expected object '-1224131' (Root cause: com.kms.katalon.core.exception.StepFailedException: Actual object '-1263324' and expected object '-1224131' are not equal
	at com.kms.katalon.core.keyword.builtin.VerifyEqualKeyword$_verifyEqual_closure1.doCall(VerifyEqualKeyword.groovy:58)
	at com.kms.katalon.core.keyword.builtin.VerifyEqualKeyword$_verifyEqual_closure1.call(VerifyEqualKeyword.groovy)
	at com.kms.katalon.core.keyword.internal.KeywordMain.runKeyword(KeywordMain.groovy:75)
	at com.kms.katalon.core.keyword.builtin.VerifyEqualKeyword.verifyEqual(VerifyEqualKeyword.groovy:63)
	at com.kms.katalon.core.keyword.builtin.VerifyEqualKeyword.execute(VerifyEqualKeyword.groovy:44)
	at com.kms.katalon.core.keyword.internal.KeywordExecutor.executeKeywordForPlatform(KeywordExecutor.groovy:74)
	at com.kms.katalon.core.keyword.BuiltinKeywords.verifyEqual(BuiltinKeywords.groovy:146)
	at java.base/jdk.internal.reflect.NativeMethodAccessorImpl.invoke0(Native Method)
	at java.base/jdk.internal.reflect.NativeMethodAccessorImpl.invoke(NativeMethodAccessorImpl.java:77)
	at java.base/jdk.internal.reflect.DelegatingMethodAccessorImpl.invoke(DelegatingMethodAccessorImpl.java:43)
	at Факторный анализ сверка дашбордов.Compare(Факторный анализ сверка дашбордов:682)
	at Факторный анализ сверка дашбордов.Test(Факторный анализ сверка дашбордов:446)
	at Факторный анализ сверка дашбордов.run(Факторный анализ сверка дашбордов:44)
	at com.kms.katalon.core.main.ScriptEngine.run(ScriptEngine.java:194)
	at com.kms.katalon.core.main.ScriptEngine.runScriptAsRawText(ScriptEngine.java:119)
	at com.kms.katalon.core.main.TestCaseExecutor.runScript(TestCaseExecutor.java:448)
	at com.kms.katalon.core.main.TestCaseExecutor.doExecute(TestCaseExecutor.java:439)
	at com.kms.katalon.core.main.TestCaseExecutor.processExecutionPhase(TestCaseExecutor.java:418)
	at com.kms.katalon.core.main.TestCaseExecutor.accessMainPhase(TestCaseExecutor.java:410)
	at com.kms.katalon.core.main.TestCaseExecutor.execute(TestCaseExecutor.java:285)
	at com.kms.katalon.core.common.CommonExecutor.accessTestCaseMainPhase(CommonExecutor.java:65)
	at com.kms.katalon.core.main.TestSuiteExecutor.accessTestSuiteMainPhase(TestSuiteExecutor.java:150)
	at com.kms.katalon.core.main.TestSuiteExecutor.execute(TestSuiteExecutor.java:106)
	at com.kms.katalon.core.main.TestCaseMain.startTestSuite(TestCaseMain.java:180)
	at TempTestSuite1736921988279.run(TempTestSuite1736921988279.groovy:35)
	at java.base/jdk.internal.reflect.NativeMethodAccessorImpl.invoke0(Native Method)
	at java.base/jdk.internal.reflect.NativeMethodAccessorImpl.invoke(NativeMethodAccessorImpl.java:77)
	at java.base/jdk.internal.reflect.DelegatingMethodAccessorImpl.invoke(DelegatingMethodAccessorImpl.java:43)
)
	at com.kms.katalon.core.keyword.internal.KeywordMain.stepFailed(KeywordMain.groovy:39)
	at com.kms.katalon.core.keyword.internal.KeywordMain.stepFailed(KeywordMain.groovy)
	at com.kms.katalon.core.keyword.internal.KeywordMain.runKeyword(KeywordMain.groovy:77)
	at com.kms.katalon.core.keyword.builtin.VerifyEqualKeyword.verifyEqual(VerifyEqualKeyword.groovy:63)
	at com.kms.katalon.core.keyword.builtin.VerifyEqualKeyword.execute(VerifyEqualKeyword.groovy:44)
	at com.kms.katalon.core.keyword.internal.KeywordExecutor.executeKeywordForPlatform(KeywordExecutor.groovy:74)
	at com.kms.katalon.core.keyword.BuiltinKeywords.verifyEqual(BuiltinKeywords.groovy:146)
	at java.base/jdk.internal.reflect.NativeMethodAccessorImpl.invoke0(Native Method)
	at java.base/jdk.internal.reflect.NativeMethodAccessorImpl.invoke(NativeMethodAccessorImpl.java:77)
	at java.base/jdk.internal.reflect.DelegatingMethodAccessorImpl.invoke(DelegatingMethodAccessorImpl.java:43)
	at Факторный анализ сверка дашбордов.Compare(Факторный анализ сверка дашбордов:682)
	at Факторный анализ сверка дашбордов.Test(Факторный анализ сверка дашбордов:446)
	at Факторный анализ сверка дашбордов.run(Факторный анализ сверка дашбордов:44)
	at com.kms.katalon.core.main.ScriptEngine.run(ScriptEngine.java:194)
	at com.kms.katalon.core.main.ScriptEngine.runScriptAsRawText(ScriptEngine.java:119)
	at com.kms.katalon.core.main.TestCaseExecutor.runScript(TestCaseExecutor.java:448)
	at com.kms.katalon.core.main.TestCaseExecutor.doExecute(TestCaseExecutor.java:439)
	at com.kms.katalon.core.main.TestCaseExecutor.processExecutionPhase(TestCaseExecutor.java:418)
	at com.kms.katalon.core.main.TestCaseExecutor.accessMainPhase(TestCaseExecutor.java:410)
	at com.kms.katalon.core.main.TestCaseExecutor.execute(TestCaseExecutor.java:285)
	at com.kms.katalon.core.common.CommonExecutor.accessTestCaseMainPhase(CommonExecutor.java:65)
	at com.kms.katalon.core.main.TestSuiteExecutor.accessTestSuiteMainPhase(TestSuiteExecutor.java:150)
	at com.kms.katalon.core.main.TestSuiteExecutor.execute(TestSuiteExecutor.java:106)
	at com.kms.katalon.core.main.TestCaseMain.startTestSuite(TestCaseMain.java:180)
	at TempTestSuite1736921988279.run(TempTestSuite1736921988279.groovy:35)
	at java.base/jdk.internal.reflect.NativeMethodAccessorImpl.invoke0(Native Method)
	at java.base/jdk.internal.reflect.NativeMethodAccessorImpl.invoke(NativeMethodAccessorImpl.java:77)
	at java.base/jdk.internal.reflect.DelegatingMethodAccessorImpl.invoke(DelegatingMethodAccessorImpl.java:43)
Caused by: com.kms.katalon.core.exception.StepFailedException: Actual object '-1263324' and expected object '-1224131' are not equal
	at com.kms.katalon.core.keyword.builtin.VerifyEqualKeyword$_verifyEqual_closure1.doCall(VerifyEqualKeyword.groovy:58)
	at com.kms.katalon.core.keyword.builtin.VerifyEqualKeyword$_verifyEqual_closure1.call(VerifyEqualKeyword.groovy)
	at com.kms.katalon.core.keyword.internal.KeywordMain.runKeyword(KeywordMain.groovy:75)
	... 25 more]]></system-err>
      </testcase>
      <system-out><![CDATA[15-01-2025T09:19:52 - [TEST_SUITE][FAILED] - Сверка дашбордов из разных блоков: Test Cases/Сверки дашбордов/Выполнение бизнес-плана сверка дашбордов FAILED.
Reason:
com.kms.katalon.core.exception.StepFailedException: Unable to get text of object 'Object Repository/Выполнение бизнес-плана/Просьба обратить внимание' (Root cause: com.kms.katalon.core.exception.StepFailedException: Unable to get text of object 'Object Repository/Выполнение бизнес-плана/Просьба обратить внимание'
	at com.kms.katalon.core.webui.keyword.internal.WebUIKeywordMain.stepFailed(WebUIKeywordMain.groovy:64)
	at com.kms.katalon.core.webui.keyword.internal.WebUIKeywordMain.runKeyword(WebUIKeywordMain.groovy:26)
	at com.kms.katalon.core.webui.keyword.builtin.GetTextKeyword.getText(GetTextKeyword.groovy:88)
	at com.kms.katalon.core.webui.keyword.builtin.GetTextKeyword.execute(GetTextKeyword.groovy:67)
	at com.kms.katalon.core.keyword.internal.KeywordExecutor.executeKeywordForPlatform(KeywordExecutor.groovy:74)
	at com.kms.katalon.core.webui.keyword.WebUiBuiltInKeywords.getText(WebUiBuiltInKeywords.groovy:957)
	at Выполнение бизнес-плана сверка дашбордов.ZakrytOpoveshenie(Выполнение бизнес-плана сверка дашбордов:1802)
	at Выполнение бизнес-плана сверка дашбордов.Presettings(Выполнение бизнес-плана сверка дашбордов:1784)
	at Выполнение бизнес-плана сверка дашбордов.run(Выполнение бизнес-плана сверка дашбордов:359)
	at com.kms.katalon.core.main.ScriptEngine.run(ScriptEngine.java:194)
	at com.kms.katalon.core.main.ScriptEngine.runScriptAsRawText(ScriptEngine.java:119)
	at com.kms.katalon.core.main.TestCaseExecutor.runScript(TestCaseExecutor.java:448)
	at com.kms.katalon.core.main.TestCaseExecutor.doExecute(TestCaseExecutor.java:439)
	at com.kms.katalon.core.main.TestCaseExecutor.processExecutionPhase(TestCaseExecutor.java:418)
	at com.kms.katalon.core.main.TestCaseExecutor.accessMainPhase(TestCaseExecutor.java:410)
	at com.kms.katalon.core.main.TestCaseExecutor.execute(TestCaseExecutor.java:285)
	at com.kms.katalon.core.common.CommonExecutor.accessTestCaseMainPhase(CommonExecutor.java:65)
	at com.kms.katalon.core.main.TestSuiteExecutor.accessTestSuiteMainPhase(TestSuiteExecutor.java:150)
	at com.kms.katalon.core.main.TestSuiteExecutor.execute(TestSuiteExecutor.java:106)
	at com.kms.katalon.core.main.TestCaseMain.startTestSuite(TestCaseMain.java:180)
	at TempTestSuite1736921988279.run(TempTestSuite1736921988279.groovy:35)
	at java.base/jdk.internal.reflect.NativeMethodAccessorImpl.invoke0(Native Method)
	at java.base/jdk.internal.reflect.NativeMethodAccessorImpl.invoke(NativeMethodAccessorImpl.java:77)
	at java.base/jdk.internal.reflect.DelegatingMethodAccessorImpl.invoke(DelegatingMethodAccessorImpl.java:43)
Caused by: com.kms.katalon.core.webui.exception.WebElementNotFoundException: Web element with id: 'Object Repository/Выполнение бизнес-плана/Просьба обратить внимание' located by '//*/text()[normalize-space(.)='Просьба обратить внимание']/parent::*' not found
	at com.kms.katalon.core.webui.common.WebUiCommonHelper.findWebElement(WebUiCommonHelper.java:1426)
	at com.kms.katalon.core.webui.keyword.internal.WebUIAbstractKeyword.findWebElement(WebUIAbstractKeyword.groovy:27)
	at com.kms.katalon.core.webui.keyword.internal.WebUIAbstractKeyword.findWebElement(WebUIAbstractKeyword.groovy:26)
	at com.kms.katalon.core.webui.keyword.builtin.GetTextKeyword$_getText_closure1.doCall(GetTextKeyword.groovy:78)
	at com.kms.katalon.core.webui.keyword.builtin.GetTextKeyword$_getText_closure1.call(GetTextKeyword.groovy)
	at com.kms.katalon.core.webui.keyword.internal.WebUIKeywordMain.runKeyword(WebUIKeywordMain.groovy:20)
	at com.kms.katalon.core.webui.keyword.builtin.GetTextKeyword.getText(GetTextKeyword.groovy:88)
	at com.kms.katalon.core.webui.keyword.builtin.GetTextKeyword.execute(GetTextKeyword.groovy:67)
	at com.kms.katalon.core.keyword.internal.KeywordExecutor.executeKeywordForPlatform(KeywordExecutor.groovy:74)
	at com.kms.katalon.core.webui.keyword.WebUiBuiltInKeywords.getText(WebUiBuiltInKeywords.groovy:957)
	at Script1719299571342.ZakrytOpoveshenie(Script1719299571342.groovy:1802)
	at Script1719299571342.Presettings(Script1719299571342.groovy:1784)
	at Script1719299571342.run(Script1719299571342.groovy:359)
	... 15 more
)
	at com.kms.katalon.core.keyword.internal.KeywordMain.stepFailed(KeywordMain.groovy:39)
	at com.kms.katalon.core.webui.keyword.internal.WebUIKeywordMain.stepFailed(WebUIKeywordMain.groovy:64)
	at com.kms.katalon.core.webui.keyword.internal.WebUIKeywordMain.runKeyword(WebUIKeywordMain.groovy:26)
	at com.kms.katalon.core.webui.keyword.builtin.GetTextKeyword.getText(GetTextKeyword.groovy:88)
	at com.kms.katalon.core.webui.keyword.builtin.GetTextKeyword.execute(GetTextKeyword.groovy:67)
	at com.kms.katalon.core.keyword.internal.KeywordExecutor.executeKeywordForPlatform(KeywordExecutor.groovy:74)
	at com.kms.katalon.core.webui.keyword.WebUiBuiltInKeywords.getText(WebUiBuiltInKeywords.groovy:957)
	at Выполнение бизнес-плана сверка дашбордов.ZakrytOpoveshenie(Выполнение бизнес-плана сверка дашбордов:1802)
	at Выполнение бизнес-плана сверка дашбордов.Presettings(Выполнение бизнес-плана сверка дашбордов:1784)
	at Выполнение бизнес-плана сверка дашбордов.run(Выполнение бизнес-плана сверка дашбордов:359)
	at com.kms.katalon.core.main.ScriptEngine.run(ScriptEngine.java:194)
	at com.kms.katalon.core.main.ScriptEngine.runScriptAsRawText(ScriptEngine.java:119)
	at com.kms.katalon.core.main.TestCaseExecutor.runScript(TestCaseExecutor.java:448)
	at com.kms.katalon.core.main.TestCaseExecutor.doExecute(TestCaseExecutor.java:439)
	at com.kms.katalon.core.main.TestCaseExecutor.processExecutionPhase(TestCaseExecutor.java:418)
	at com.kms.katalon.core.main.TestCaseExecutor.accessMainPhase(TestCaseExecutor.java:410)
	at com.kms.katalon.core.main.TestCaseExecutor.execute(TestCaseExecutor.java:285)
	at com.kms.katalon.core.common.CommonExecutor.accessTestCaseMainPhase(CommonExecutor.java:65)
	at com.kms.katalon.core.main.TestSuiteExecutor.accessTestSuiteMainPhase(TestSuiteExecutor.java:150)
	at com.kms.katalon.core.main.TestSuiteExecutor.execute(TestSuiteExecutor.java:106)
	at com.kms.katalon.core.main.TestCaseMain.startTestSuite(TestCaseMain.java:180)
	at TempTestSuite1736921988279.run(TempTestSuite1736921988279.groovy:35)
	at java.base/jdk.internal.reflect.NativeMethodAccessorImpl.invoke0(Native Method)
	at java.base/jdk.internal.reflect.NativeMethodAccessorImpl.invoke(NativeMethodAccessorImpl.java:77)
	at java.base/jdk.internal.reflect.DelegatingMethodAccessorImpl.invoke(DelegatingMethodAccessorImpl.java:43)
Caused by: com.kms.katalon.core.exception.StepFailedException: Unable to get text of object 'Object Repository/Выполнение бизнес-плана/Просьба обратить внимание'
	... 24 more
Caused by: com.kms.katalon.core.webui.exception.WebElementNotFoundException: Web element with id: 'Object Repository/Выполнение бизнес-плана/Просьба обратить внимание' located by '//*/text()[normalize-space(.)='Просьба обратить внимание']/parent::*' not found
	at com.kms.katalon.core.webui.common.WebUiCommonHelper.findWebElement(WebUiCommonHelper.java:1426)
	at com.kms.katalon.core.webui.keyword.internal.WebUIAbstractKeyword.findWebElement(WebUIAbstractKeyword.groovy:27)
	at com.kms.katalon.core.webui.keyword.internal.WebUIAbstractKeyword.findWebElement(WebUIAbstractKeyword.groovy:26)
	at com.kms.katalon.core.webui.keyword.builtin.GetTextKeyword$_getText_closure1.doCall(GetTextKeyword.groovy:78)
	at com.kms.katalon.core.webui.keyword.builtin.GetTextKeyword$_getText_closure1.call(GetTextKeyword.groovy)
	at com.kms.katalon.core.webui.keyword.internal.WebUIKeywordMain.runKeyword(WebUIKeywordMain.groovy:20)
	... 22 more]]></system-out>
      <system-err><![CDATA[15-01-2025T09:19:52 - [TEST_SUITE][FAILED] - Сверка дашбордов из разных блоков: Test Cases/Сверки дашбордов/Выполнение бизнес-плана сверка дашбордов FAILED.
Reason:
com.kms.katalon.core.exception.StepFailedException: Unable to get text of object 'Object Repository/Выполнение бизнес-плана/Просьба обратить внимание' (Root cause: com.kms.katalon.core.exception.StepFailedException: Unable to get text of object 'Object Repository/Выполнение бизнес-плана/Просьба обратить внимание'
	at com.kms.katalon.core.webui.keyword.internal.WebUIKeywordMain.stepFailed(WebUIKeywordMain.groovy:64)
	at com.kms.katalon.core.webui.keyword.internal.WebUIKeywordMain.runKeyword(WebUIKeywordMain.groovy:26)
	at com.kms.katalon.core.webui.keyword.builtin.GetTextKeyword.getText(GetTextKeyword.groovy:88)
	at com.kms.katalon.core.webui.keyword.builtin.GetTextKeyword.execute(GetTextKeyword.groovy:67)
	at com.kms.katalon.core.keyword.internal.KeywordExecutor.executeKeywordForPlatform(KeywordExecutor.groovy:74)
	at com.kms.katalon.core.webui.keyword.WebUiBuiltInKeywords.getText(WebUiBuiltInKeywords.groovy:957)
	at Выполнение бизнес-плана сверка дашбордов.ZakrytOpoveshenie(Выполнение бизнес-плана сверка дашбордов:1802)
	at Выполнение бизнес-плана сверка дашбордов.Presettings(Выполнение бизнес-плана сверка дашбордов:1784)
	at Выполнение бизнес-плана сверка дашбордов.run(Выполнение бизнес-плана сверка дашбордов:359)
	at com.kms.katalon.core.main.ScriptEngine.run(ScriptEngine.java:194)
	at com.kms.katalon.core.main.ScriptEngine.runScriptAsRawText(ScriptEngine.java:119)
	at com.kms.katalon.core.main.TestCaseExecutor.runScript(TestCaseExecutor.java:448)
	at com.kms.katalon.core.main.TestCaseExecutor.doExecute(TestCaseExecutor.java:439)
	at com.kms.katalon.core.main.TestCaseExecutor.processExecutionPhase(TestCaseExecutor.java:418)
	at com.kms.katalon.core.main.TestCaseExecutor.accessMainPhase(TestCaseExecutor.java:410)
	at com.kms.katalon.core.main.TestCaseExecutor.execute(TestCaseExecutor.java:285)
	at com.kms.katalon.core.common.CommonExecutor.accessTestCaseMainPhase(CommonExecutor.java:65)
	at com.kms.katalon.core.main.TestSuiteExecutor.accessTestSuiteMainPhase(TestSuiteExecutor.java:150)
	at com.kms.katalon.core.main.TestSuiteExecutor.execute(TestSuiteExecutor.java:106)
	at com.kms.katalon.core.main.TestCaseMain.startTestSuite(TestCaseMain.java:180)
	at TempTestSuite1736921988279.run(TempTestSuite1736921988279.groovy:35)
	at java.base/jdk.internal.reflect.NativeMethodAccessorImpl.invoke0(Native Method)
	at java.base/jdk.internal.reflect.NativeMethodAccessorImpl.invoke(NativeMethodAccessorImpl.java:77)
	at java.base/jdk.internal.reflect.DelegatingMethodAccessorImpl.invoke(DelegatingMethodAccessorImpl.java:43)
Caused by: com.kms.katalon.core.webui.exception.WebElementNotFoundException: Web element with id: 'Object Repository/Выполнение бизнес-плана/Просьба обратить внимание' located by '//*/text()[normalize-space(.)='Просьба обратить внимание']/parent::*' not found
	at com.kms.katalon.core.webui.common.WebUiCommonHelper.findWebElement(WebUiCommonHelper.java:1426)
	at com.kms.katalon.core.webui.keyword.internal.WebUIAbstractKeyword.findWebElement(WebUIAbstractKeyword.groovy:27)
	at com.kms.katalon.core.webui.keyword.internal.WebUIAbstractKeyword.findWebElement(WebUIAbstractKeyword.groovy:26)
	at com.kms.katalon.core.webui.keyword.builtin.GetTextKeyword$_getText_closure1.doCall(GetTextKeyword.groovy:78)
	at com.kms.katalon.core.webui.keyword.builtin.GetTextKeyword$_getText_closure1.call(GetTextKeyword.groovy)
	at com.kms.katalon.core.webui.keyword.internal.WebUIKeywordMain.runKeyword(WebUIKeywordMain.groovy:20)
	at com.kms.katalon.core.webui.keyword.builtin.GetTextKeyword.getText(GetTextKeyword.groovy:88)
	at com.kms.katalon.core.webui.keyword.builtin.GetTextKeyword.execute(GetTextKeyword.groovy:67)
	at com.kms.katalon.core.keyword.internal.KeywordExecutor.executeKeywordForPlatform(KeywordExecutor.groovy:74)
	at com.kms.katalon.core.webui.keyword.WebUiBuiltInKeywords.getText(WebUiBuiltInKeywords.groovy:957)
	at Script1719299571342.ZakrytOpoveshenie(Script1719299571342.groovy:1802)
	at Script1719299571342.Presettings(Script1719299571342.groovy:1784)
	at Script1719299571342.run(Script1719299571342.groovy:359)
	... 15 more
)
	at com.kms.katalon.core.keyword.internal.KeywordMain.stepFailed(KeywordMain.groovy:39)
	at com.kms.katalon.core.webui.keyword.internal.WebUIKeywordMain.stepFailed(WebUIKeywordMain.groovy:64)
	at com.kms.katalon.core.webui.keyword.internal.WebUIKeywordMain.runKeyword(WebUIKeywordMain.groovy:26)
	at com.kms.katalon.core.webui.keyword.builtin.GetTextKeyword.getText(GetTextKeyword.groovy:88)
	at com.kms.katalon.core.webui.keyword.builtin.GetTextKeyword.execute(GetTextKeyword.groovy:67)
	at com.kms.katalon.core.keyword.internal.KeywordExecutor.executeKeywordForPlatform(KeywordExecutor.groovy:74)
	at com.kms.katalon.core.webui.keyword.WebUiBuiltInKeywords.getText(WebUiBuiltInKeywords.groovy:957)
	at Выполнение бизнес-плана сверка дашбордов.ZakrytOpoveshenie(Выполнение бизнес-плана сверка дашбордов:1802)
	at Выполнение бизнес-плана сверка дашбордов.Presettings(Выполнение бизнес-плана сверка дашбордов:1784)
	at Выполнение бизнес-плана сверка дашбордов.run(Выполнение бизнес-плана сверка дашбордов:359)
	at com.kms.katalon.core.main.ScriptEngine.run(ScriptEngine.java:194)
	at com.kms.katalon.core.main.ScriptEngine.runScriptAsRawText(ScriptEngine.java:119)
	at com.kms.katalon.core.main.TestCaseExecutor.runScript(TestCaseExecutor.java:448)
	at com.kms.katalon.core.main.TestCaseExecutor.doExecute(TestCaseExecutor.java:439)
	at com.kms.katalon.core.main.TestCaseExecutor.processExecutionPhase(TestCaseExecutor.java:418)
	at com.kms.katalon.core.main.TestCaseExecutor.accessMainPhase(TestCaseExecutor.java:410)
	at com.kms.katalon.core.main.TestCaseExecutor.execute(TestCaseExecutor.java:285)
	at com.kms.katalon.core.common.CommonExecutor.accessTestCaseMainPhase(CommonExecutor.java:65)
	at com.kms.katalon.core.main.TestSuiteExecutor.accessTestSuiteMainPhase(TestSuiteExecutor.java:150)
	at com.kms.katalon.core.main.TestSuiteExecutor.execute(TestSuiteExecutor.java:106)
	at com.kms.katalon.core.main.TestCaseMain.startTestSuite(TestCaseMain.java:180)
	at TempTestSuite1736921988279.run(TempTestSuite1736921988279.groovy:35)
	at java.base/jdk.internal.reflect.NativeMethodAccessorImpl.invoke0(Native Method)
	at java.base/jdk.internal.reflect.NativeMethodAccessorImpl.invoke(NativeMethodAccessorImpl.java:77)
	at java.base/jdk.internal.reflect.DelegatingMethodAccessorImpl.invoke(DelegatingMethodAccessorImpl.java:43)
Caused by: com.kms.katalon.core.exception.StepFailedException: Unable to get text of object 'Object Repository/Выполнение бизнес-плана/Просьба обратить внимание'
	... 24 more
Caused by: com.kms.katalon.core.webui.exception.WebElementNotFoundException: Web element with id: 'Object Repository/Выполнение бизнес-плана/Просьба обратить внимание' located by '//*/text()[normalize-space(.)='Просьба обратить внимание']/parent::*' not found
	at com.kms.katalon.core.webui.common.WebUiCommonHelper.findWebElement(WebUiCommonHelper.java:1426)
	at com.kms.katalon.core.webui.keyword.internal.WebUIAbstractKeyword.findWebElement(WebUIAbstractKeyword.groovy:27)
	at com.kms.katalon.core.webui.keyword.internal.WebUIAbstractKeyword.findWebElement(WebUIAbstractKeyword.groovy:26)
	at com.kms.katalon.core.webui.keyword.builtin.GetTextKeyword$_getText_closure1.doCall(GetTextKeyword.groovy:78)
	at com.kms.katalon.core.webui.keyword.builtin.GetTextKeyword$_getText_closure1.call(GetTextKeyword.groovy)
	at com.kms.katalon.core.webui.keyword.internal.WebUIKeywordMain.runKeyword(WebUIKeywordMain.groovy:20)
	... 22 more]]></system-err>
   </testsuite>
</testsuites>
