<?xml version="1.0" encoding="UTF-8"?>
<testsuites name="Сверка дашбордов из разных блоков" time="13612.186" tests="5" failures="4" errors="0">
   <testsuite name="Сверка дашбордов из разных блоков" tests="5" failures="4" errors="0" time="13612.186" skipped="0" timestamp="22-11-2024T02:48:54" hostname="liazgina-di - UVV-WS904-D.ot.ru" id="Test Suites/Пн-Ср-Пт/Сверка дашбордов из разных блоков">
      <properties>
         <property name="deviceName" value=""/>
         <property name="devicePlatform"/>
         <property name="logFolder" value="C:\\Users\\LIAZGINA-DI\\git\\SPORU\\Reports\\20241122_024849\\\u041F\u043D-\u0421\u0440-\u041F\u0442\\\u0421\u0432\u0435\u0440\u043A\u0430 \u0434\u0430\u0448\u0431\u043E\u0440\u0434\u043E\u0432 \u0438\u0437 \u0440\u0430\u0437\u043D\u044B\u0445 \u0431\u043B\u043E\u043A\u043E\u0432\\20241122_024849"/>
         <property name="logFiles" value="C:\\Users\\LIAZGINA-DI\\git\\SPORU\\Reports\\20241122_024849\\\u041F\u043D-\u0421\u0440-\u041F\u0442\\\u0421\u0432\u0435\u0440\u043A\u0430 \u0434\u0430\u0448\u0431\u043E\u0440\u0434\u043E\u0432 \u0438\u0437 \u0440\u0430\u0437\u043D\u044B\u0445 \u0431\u043B\u043E\u043A\u043E\u0432\\20241122_024849\\execution0.log, C:\\Users\\LIAZGINA-DI\\git\\SPORU\\Reports\\20241122_024849\\\u041F\u043D-\u0421\u0440-\u041F\u0442\\\u0421\u0432\u0435\u0440\u043A\u0430 \u0434\u0430\u0448\u0431\u043E\u0440\u0434\u043E\u0432 \u0438\u0437 \u0440\u0430\u0437\u043D\u044B\u0445 \u0431\u043B\u043E\u043A\u043E\u0432\\20241122_024849\\execution1.log"/>
         <property name="attachments" value="C:\\Users\\LIAZGINA-DI\\git\\SPORU\\Reports\\20241122_024849\\\u041F\u043D-\u0421\u0440-\u041F\u0442\\\u0421\u0432\u0435\u0440\u043A\u0430 \u0434\u0430\u0448\u0431\u043E\u0440\u0434\u043E\u0432 \u0438\u0437 \u0440\u0430\u0437\u043D\u044B\u0445 \u0431\u043B\u043E\u043A\u043E\u0432\\20241122_024849\\1732233412744.png, C:\\Users\\LIAZGINA-DI\\git\\SPORU\\Reports\\20241122_024849\\\u041F\u043D-\u0421\u0440-\u041F\u0442\\\u0421\u0432\u0435\u0440\u043A\u0430 \u0434\u0430\u0448\u0431\u043E\u0440\u0434\u043E\u0432 \u0438\u0437 \u0440\u0430\u0437\u043D\u044B\u0445 \u0431\u043B\u043E\u043A\u043E\u0432\\20241122_024849\\1732234473286.png, C:\\Users\\LIAZGINA-DI\\git\\SPORU\\Reports\\20241122_024849\\\u041F\u043D-\u0421\u0440-\u041F\u0442\\\u0421\u0432\u0435\u0440\u043A\u0430 \u0434\u0430\u0448\u0431\u043E\u0440\u0434\u043E\u0432 \u0438\u0437 \u0440\u0430\u0437\u043D\u044B\u0445 \u0431\u043B\u043E\u043A\u043E\u0432\\20241122_024849\\1732242226802.png, C:\\Users\\LIAZGINA-DI\\git\\SPORU\\Reports\\20241122_024849\\\u041F\u043D-\u0421\u0440-\u041F\u0442\\\u0421\u0432\u0435\u0440\u043A\u0430 \u0434\u0430\u0448\u0431\u043E\u0440\u0434\u043E\u0432 \u0438\u0437 \u0440\u0430\u0437\u043D\u044B\u0445 \u0431\u043B\u043E\u043A\u043E\u0432\\20241122_024849\\1732242287063.png, C:\\Users\\LIAZGINA-DI\\git\\SPORU\\Reports\\20241122_024849\\\u041F\u043D-\u0421\u0440-\u041F\u0442\\\u0421\u0432\u0435\u0440\u043A\u0430 \u0434\u0430\u0448\u0431\u043E\u0440\u0434\u043E\u0432 \u0438\u0437 \u0440\u0430\u0437\u043D\u044B\u0445 \u0431\u043B\u043E\u043A\u043E\u0432\\20241122_024849\\1732242377334.png, C:\\Users\\LIAZGINA-DI\\git\\SPORU\\Reports\\20241122_024849\\\u041F\u043D-\u0421\u0440-\u041F\u0442\\\u0421\u0432\u0435\u0440\u043A\u0430 \u0434\u0430\u0448\u0431\u043E\u0440\u0434\u043E\u0432 \u0438\u0437 \u0440\u0430\u0437\u043D\u044B\u0445 \u0431\u043B\u043E\u043A\u043E\u0432\\20241122_024849\\1732242437545.png, C:\\Users\\LIAZGINA-DI\\git\\SPORU\\Reports\\20241122_024849\\\u041F\u043D-\u0421\u0440-\u041F\u0442\\\u0421\u0432\u0435\u0440\u043A\u0430 \u0434\u0430\u0448\u0431\u043E\u0440\u0434\u043E\u0432 \u0438\u0437 \u0440\u0430\u0437\u043D\u044B\u0445 \u0431\u043B\u043E\u043A\u043E\u0432\\20241122_024849\\1732242497757.png, C:\\Users\\LIAZGINA-DI\\git\\SPORU\\Reports\\20241122_024849\\\u041F\u043D-\u0421\u0440-\u041F\u0442\\\u0421\u0432\u0435\u0440\u043A\u0430 \u0434\u0430\u0448\u0431\u043E\u0440\u0434\u043E\u0432 \u0438\u0437 \u0440\u0430\u0437\u043D\u044B\u0445 \u0431\u043B\u043E\u043A\u043E\u0432\\20241122_024849\\1732242557967.png, C:\\Users\\LIAZGINA-DI\\git\\SPORU\\Reports\\20241122_024849\\\u041F\u043D-\u0421\u0440-\u041F\u0442\\\u0421\u0432\u0435\u0440\u043A\u0430 \u0434\u0430\u0448\u0431\u043E\u0440\u0434\u043E\u0432 \u0438\u0437 \u0440\u0430\u0437\u043D\u044B\u0445 \u0431\u043B\u043E\u043A\u043E\u0432\\20241122_024849\\1732242688702.png, C:\\Users\\LIAZGINA-DI\\git\\SPORU\\Reports\\20241122_024849\\\u041F\u043D-\u0421\u0440-\u041F\u0442\\\u0421\u0432\u0435\u0440\u043A\u0430 \u0434\u0430\u0448\u0431\u043E\u0440\u0434\u043E\u0432 \u0438\u0437 \u0440\u0430\u0437\u043D\u044B\u0445 \u0431\u043B\u043E\u043A\u043E\u0432\\20241122_024849\\1732242748911.png, C:\\Users\\LIAZGINA-DI\\git\\SPORU\\Reports\\20241122_024849\\\u041F\u043D-\u0421\u0440-\u041F\u0442\\\u0421\u0432\u0435\u0440\u043A\u0430 \u0434\u0430\u0448\u0431\u043E\u0440\u0434\u043E\u0432 \u0438\u0437 \u0440\u0430\u0437\u043D\u044B\u0445 \u0431\u043B\u043E\u043A\u043E\u0432\\20241122_024849\\1732242879586.png, C:\\Users\\LIAZGINA-DI\\git\\SPORU\\Reports\\20241122_024849\\\u041F\u043D-\u0421\u0440-\u041F\u0442\\\u0421\u0432\u0435\u0440\u043A\u0430 \u0434\u0430\u0448\u0431\u043E\u0440\u0434\u043E\u0432 \u0438\u0437 \u0440\u0430\u0437\u043D\u044B\u0445 \u0431\u043B\u043E\u043A\u043E\u0432\\20241122_024849\\1732242939781.png, C:\\Users\\LIAZGINA-DI\\git\\SPORU\\Reports\\20241122_024849\\\u041F\u043D-\u0421\u0440-\u041F\u0442\\\u0421\u0432\u0435\u0440\u043A\u0430 \u0434\u0430\u0448\u0431\u043E\u0440\u0434\u043E\u0432 \u0438\u0437 \u0440\u0430\u0437\u043D\u044B\u0445 \u0431\u043B\u043E\u043A\u043E\u0432\\20241122_024849\\1732243070481.png, C:\\Users\\LIAZGINA-DI\\git\\SPORU\\Reports\\20241122_024849\\\u041F\u043D-\u0421\u0440-\u041F\u0442\\\u0421\u0432\u0435\u0440\u043A\u0430 \u0434\u0430\u0448\u0431\u043E\u0440\u0434\u043E\u0432 \u0438\u0437 \u0440\u0430\u0437\u043D\u044B\u0445 \u0431\u043B\u043E\u043A\u043E\u0432\\20241122_024849\\1732243130686.png, C:\\Users\\LIAZGINA-DI\\git\\SPORU\\Reports\\20241122_024849\\\u041F\u043D-\u0421\u0440-\u041F\u0442\\\u0421\u0432\u0435\u0440\u043A\u0430 \u0434\u0430\u0448\u0431\u043E\u0440\u0434\u043E\u0432 \u0438\u0437 \u0440\u0430\u0437\u043D\u044B\u0445 \u0431\u043B\u043E\u043A\u043E\u0432\\20241122_024849\\1732243190903.png, C:\\Users\\LIAZGINA-DI\\git\\SPORU\\Reports\\20241122_024849\\\u041F\u043D-\u0421\u0440-\u041F\u0442\\\u0421\u0432\u0435\u0440\u043A\u0430 \u0434\u0430\u0448\u0431\u043E\u0440\u0434\u043E\u0432 \u0438\u0437 \u0440\u0430\u0437\u043D\u044B\u0445 \u0431\u043B\u043E\u043A\u043E\u0432\\20241122_024849\\1732243251115.png, C:\\Users\\LIAZGINA-DI\\git\\SPORU\\Reports\\20241122_024849\\\u041F\u043D-\u0421\u0440-\u041F\u0442\\\u0421\u0432\u0435\u0440\u043A\u0430 \u0434\u0430\u0448\u0431\u043E\u0440\u0434\u043E\u0432 \u0438\u0437 \u0440\u0430\u0437\u043D\u044B\u0445 \u0431\u043B\u043E\u043A\u043E\u0432\\20241122_024849\\1732243381810.png, C:\\Users\\LIAZGINA-DI\\git\\SPORU\\Reports\\20241122_024849\\\u041F\u043D-\u0421\u0440-\u041F\u0442\\\u0421\u0432\u0435\u0440\u043A\u0430 \u0434\u0430\u0448\u0431\u043E\u0440\u0434\u043E\u0432 \u0438\u0437 \u0440\u0430\u0437\u043D\u044B\u0445 \u0431\u043B\u043E\u043A\u043E\u0432\\20241122_024849\\1732243442014.png, C:\\Users\\LIAZGINA-DI\\git\\SPORU\\Reports\\20241122_024849\\\u041F\u043D-\u0421\u0440-\u041F\u0442\\\u0421\u0432\u0435\u0440\u043A\u0430 \u0434\u0430\u0448\u0431\u043E\u0440\u0434\u043E\u0432 \u0438\u0437 \u0440\u0430\u0437\u043D\u044B\u0445 \u0431\u043B\u043E\u043A\u043E\u0432\\20241122_024849\\1732243572697.png, C:\\Users\\LIAZGINA-DI\\git\\SPORU\\Reports\\20241122_024849\\\u041F\u043D-\u0421\u0440-\u041F\u0442\\\u0421\u0432\u0435\u0440\u043A\u0430 \u0434\u0430\u0448\u0431\u043E\u0440\u0434\u043E\u0432 \u0438\u0437 \u0440\u0430\u0437\u043D\u044B\u0445 \u0431\u043B\u043E\u043A\u043E\u0432\\20241122_024849\\1732243632907.png, C:\\Users\\LIAZGINA-DI\\git\\SPORU\\Reports\\20241122_024849\\\u041F\u043D-\u0421\u0440-\u041F\u0442\\\u0421\u0432\u0435\u0440\u043A\u0430 \u0434\u0430\u0448\u0431\u043E\u0440\u0434\u043E\u0432 \u0438\u0437 \u0440\u0430\u0437\u043D\u044B\u0445 \u0431\u043B\u043E\u043A\u043E\u0432\\20241122_024849\\1732243763574.png, C:\\Users\\LIAZGINA-DI\\git\\SPORU\\Reports\\20241122_024849\\\u041F\u043D-\u0421\u0440-\u041F\u0442\\\u0421\u0432\u0435\u0440\u043A\u0430 \u0434\u0430\u0448\u0431\u043E\u0440\u0434\u043E\u0432 \u0438\u0437 \u0440\u0430\u0437\u043D\u044B\u0445 \u0431\u043B\u043E\u043A\u043E\u0432\\20241122_024849\\1732243823770.png, C:\\Users\\LIAZGINA-DI\\git\\SPORU\\Reports\\20241122_024849\\\u041F\u043D-\u0421\u0440-\u041F\u0442\\\u0421\u0432\u0435\u0440\u043A\u0430 \u0434\u0430\u0448\u0431\u043E\u0440\u0434\u043E\u0432 \u0438\u0437 \u0440\u0430\u0437\u043D\u044B\u0445 \u0431\u043B\u043E\u043A\u043E\u0432\\20241122_024849\\1732243883984.png, C:\\Users\\LIAZGINA-DI\\git\\SPORU\\Reports\\20241122_024849\\\u041F\u043D-\u0421\u0440-\u041F\u0442\\\u0421\u0432\u0435\u0440\u043A\u0430 \u0434\u0430\u0448\u0431\u043E\u0440\u0434\u043E\u0432 \u0438\u0437 \u0440\u0430\u0437\u043D\u044B\u0445 \u0431\u043B\u043E\u043A\u043E\u0432\\20241122_024849\\1732243944201.png, C:\\Users\\LIAZGINA-DI\\git\\SPORU\\Reports\\20241122_024849\\\u041F\u043D-\u0421\u0440-\u041F\u0442\\\u0421\u0432\u0435\u0440\u043A\u0430 \u0434\u0430\u0448\u0431\u043E\u0440\u0434\u043E\u0432 \u0438\u0437 \u0440\u0430\u0437\u043D\u044B\u0445 \u0431\u043B\u043E\u043A\u043E\u0432\\20241122_024849\\1732244004422.png, C:\\Users\\LIAZGINA-DI\\git\\SPORU\\Reports\\20241122_024849\\\u041F\u043D-\u0421\u0440-\u041F\u0442\\\u0421\u0432\u0435\u0440\u043A\u0430 \u0434\u0430\u0448\u0431\u043E\u0440\u0434\u043E\u0432 \u0438\u0437 \u0440\u0430\u0437\u043D\u044B\u0445 \u0431\u043B\u043E\u043A\u043E\u0432\\20241122_024849\\1732244135085.png, C:\\Users\\LIAZGINA-DI\\git\\SPORU\\Reports\\20241122_024849\\\u041F\u043D-\u0421\u0440-\u041F\u0442\\\u0421\u0432\u0435\u0440\u043A\u0430 \u0434\u0430\u0448\u0431\u043E\u0440\u0434\u043E\u0432 \u0438\u0437 \u0440\u0430\u0437\u043D\u044B\u0445 \u0431\u043B\u043E\u043A\u043E\u0432\\20241122_024849\\1732244195271.png, C:\\Users\\LIAZGINA-DI\\git\\SPORU\\Reports\\20241122_024849\\\u041F\u043D-\u0421\u0440-\u041F\u0442\\\u0421\u0432\u0435\u0440\u043A\u0430 \u0434\u0430\u0448\u0431\u043E\u0440\u0434\u043E\u0432 \u0438\u0437 \u0440\u0430\u0437\u043D\u044B\u0445 \u0431\u043B\u043E\u043A\u043E\u0432\\20241122_024849\\1732244325959.png, C:\\Users\\LIAZGINA-DI\\git\\SPORU\\Reports\\20241122_024849\\\u041F\u043D-\u0421\u0440-\u041F\u0442\\\u0421\u0432\u0435\u0440\u043A\u0430 \u0434\u0430\u0448\u0431\u043E\u0440\u0434\u043E\u0432 \u0438\u0437 \u0440\u0430\u0437\u043D\u044B\u0445 \u0431\u043B\u043E\u043A\u043E\u0432\\20241122_024849\\1732244386155.png, C:\\Users\\LIAZGINA-DI\\git\\SPORU\\Reports\\20241122_024849\\\u041F\u043D-\u0421\u0440-\u041F\u0442\\\u0421\u0432\u0435\u0440\u043A\u0430 \u0434\u0430\u0448\u0431\u043E\u0440\u0434\u043E\u0432 \u0438\u0437 \u0440\u0430\u0437\u043D\u044B\u0445 \u0431\u043B\u043E\u043A\u043E\u0432\\20241122_024849\\1732244516856.png, C:\\Users\\LIAZGINA-DI\\git\\SPORU\\Reports\\20241122_024849\\\u041F\u043D-\u0421\u0440-\u041F\u0442\\\u0421\u0432\u0435\u0440\u043A\u0430 \u0434\u0430\u0448\u0431\u043E\u0440\u0434\u043E\u0432 \u0438\u0437 \u0440\u0430\u0437\u043D\u044B\u0445 \u0431\u043B\u043E\u043A\u043E\u0432\\20241122_024849\\1732244577072.png, C:\\Users\\LIAZGINA-DI\\git\\SPORU\\Reports\\20241122_024849\\\u041F\u043D-\u0421\u0440-\u041F\u0442\\\u0421\u0432\u0435\u0440\u043A\u0430 \u0434\u0430\u0448\u0431\u043E\u0440\u0434\u043E\u0432 \u0438\u0437 \u0440\u0430\u0437\u043D\u044B\u0445 \u0431\u043B\u043E\u043A\u043E\u0432\\20241122_024849\\1732244637262.png, C:\\Users\\LIAZGINA-DI\\git\\SPORU\\Reports\\20241122_024849\\\u041F\u043D-\u0421\u0440-\u041F\u0442\\\u0421\u0432\u0435\u0440\u043A\u0430 \u0434\u0430\u0448\u0431\u043E\u0440\u0434\u043E\u0432 \u0438\u0437 \u0440\u0430\u0437\u043D\u044B\u0445 \u0431\u043B\u043E\u043A\u043E\u0432\\20241122_024849\\1732244697455.png, C:\\Users\\LIAZGINA-DI\\git\\SPORU\\Reports\\20241122_024849\\\u041F\u043D-\u0421\u0440-\u041F\u0442\\\u0421\u0432\u0435\u0440\u043A\u0430 \u0434\u0430\u0448\u0431\u043E\u0440\u0434\u043E\u0432 \u0438\u0437 \u0440\u0430\u0437\u043D\u044B\u0445 \u0431\u043B\u043E\u043A\u043E\u0432\\20241122_024849\\1732244828138.png, C:\\Users\\LIAZGINA-DI\\git\\SPORU\\Reports\\20241122_024849\\\u041F\u043D-\u0421\u0440-\u041F\u0442\\\u0421\u0432\u0435\u0440\u043A\u0430 \u0434\u0430\u0448\u0431\u043E\u0440\u0434\u043E\u0432 \u0438\u0437 \u0440\u0430\u0437\u043D\u044B\u0445 \u0431\u043B\u043E\u043A\u043E\u0432\\20241122_024849\\1732244888350.png, C:\\Users\\LIAZGINA-DI\\git\\SPORU\\Reports\\20241122_024849\\\u041F\u043D-\u0421\u0440-\u041F\u0442\\\u0421\u0432\u0435\u0440\u043A\u0430 \u0434\u0430\u0448\u0431\u043E\u0440\u0434\u043E\u0432 \u0438\u0437 \u0440\u0430\u0437\u043D\u044B\u0445 \u0431\u043B\u043E\u043A\u043E\u0432\\20241122_024849\\1732245019023.png, C:\\Users\\LIAZGINA-DI\\git\\SPORU\\Reports\\20241122_024849\\\u041F\u043D-\u0421\u0440-\u041F\u0442\\\u0421\u0432\u0435\u0440\u043A\u0430 \u0434\u0430\u0448\u0431\u043E\u0440\u0434\u043E\u0432 \u0438\u0437 \u0440\u0430\u0437\u043D\u044B\u0445 \u0431\u043B\u043E\u043A\u043E\u0432\\20241122_024849\\1732245079217.png, C:\\Users\\LIAZGINA-DI\\git\\SPORU\\Reports\\20241122_024849\\\u041F\u043D-\u0421\u0440-\u041F\u0442\\\u0421\u0432\u0435\u0440\u043A\u0430 \u0434\u0430\u0448\u0431\u043E\u0440\u0434\u043E\u0432 \u0438\u0437 \u0440\u0430\u0437\u043D\u044B\u0445 \u0431\u043B\u043E\u043A\u043E\u0432\\20241122_024849\\1732245240069.png, C:\\Users\\LIAZGINA-DI\\git\\SPORU\\Reports\\20241122_024849\\\u041F\u043D-\u0421\u0440-\u041F\u0442\\\u0421\u0432\u0435\u0440\u043A\u0430 \u0434\u0430\u0448\u0431\u043E\u0440\u0434\u043E\u0432 \u0438\u0437 \u0440\u0430\u0437\u043D\u044B\u0445 \u0431\u043B\u043E\u043A\u043E\u0432\\20241122_024849\\1732245330664.png, C:\\Users\\LIAZGINA-DI\\git\\SPORU\\Reports\\20241122_024849\\\u041F\u043D-\u0421\u0440-\u041F\u0442\\\u0421\u0432\u0435\u0440\u043A\u0430 \u0434\u0430\u0448\u0431\u043E\u0440\u0434\u043E\u0432 \u0438\u0437 \u0440\u0430\u0437\u043D\u044B\u0445 \u0431\u043B\u043E\u043A\u043E\u0432\\20241122_024849\\1732245421259.png, C:\\Users\\LIAZGINA-DI\\git\\SPORU\\Reports\\20241122_024849\\\u041F\u043D-\u0421\u0440-\u041F\u0442\\\u0421\u0432\u0435\u0440\u043A\u0430 \u0434\u0430\u0448\u0431\u043E\u0440\u0434\u043E\u0432 \u0438\u0437 \u0440\u0430\u0437\u043D\u044B\u0445 \u0431\u043B\u043E\u043A\u043E\u0432\\20241122_024849\\1732245511839.png, C:\\Users\\LIAZGINA-DI\\git\\SPORU\\Reports\\20241122_024849\\\u041F\u043D-\u0421\u0440-\u041F\u0442\\\u0421\u0432\u0435\u0440\u043A\u0430 \u0434\u0430\u0448\u0431\u043E\u0440\u0434\u043E\u0432 \u0438\u0437 \u0440\u0430\u0437\u043D\u044B\u0445 \u0431\u043B\u043E\u043A\u043E\u0432\\20241122_024849\\1732245602392.png, C:\\Users\\LIAZGINA-DI\\git\\SPORU\\Reports\\20241122_024849\\\u041F\u043D-\u0421\u0440-\u041F\u0442\\\u0421\u0432\u0435\u0440\u043A\u0430 \u0434\u0430\u0448\u0431\u043E\u0440\u0434\u043E\u0432 \u0438\u0437 \u0440\u0430\u0437\u043D\u044B\u0445 \u0431\u043B\u043E\u043A\u043E\u0432\\20241122_024849\\1732245692975.png, C:\\Users\\LIAZGINA-DI\\git\\SPORU\\Reports\\20241122_024849\\\u041F\u043D-\u0421\u0440-\u041F\u0442\\\u0421\u0432\u0435\u0440\u043A\u0430 \u0434\u0430\u0448\u0431\u043E\u0440\u0434\u043E\u0432 \u0438\u0437 \u0440\u0430\u0437\u043D\u044B\u0445 \u0431\u043B\u043E\u043A\u043E\u0432\\20241122_024849\\1732245754624.png, C:\\Users\\LIAZGINA-DI\\git\\SPORU\\Reports\\20241122_024849\\\u041F\u043D-\u0421\u0440-\u041F\u0442\\\u0421\u0432\u0435\u0440\u043A\u0430 \u0434\u0430\u0448\u0431\u043E\u0440\u0434\u043E\u0432 \u0438\u0437 \u0440\u0430\u0437\u043D\u044B\u0445 \u0431\u043B\u043E\u043A\u043E\u0432\\20241122_024849\\1732245786409.png, C:\\Users\\LIAZGINA-DI\\git\\SPORU\\Reports\\20241122_024849\\\u041F\u043D-\u0421\u0440-\u041F\u0442\\\u0421\u0432\u0435\u0440\u043A\u0430 \u0434\u0430\u0448\u0431\u043E\u0440\u0434\u043E\u0432 \u0438\u0437 \u0440\u0430\u0437\u043D\u044B\u0445 \u0431\u043B\u043E\u043A\u043E\u0432\\20241122_024849\\1732245818175.png, C:\\Users\\LIAZGINA-DI\\git\\SPORU\\Reports\\20241122_024849\\\u041F\u043D-\u0421\u0440-\u041F\u0442\\\u0421\u0432\u0435\u0440\u043A\u0430 \u0434\u0430\u0448\u0431\u043E\u0440\u0434\u043E\u0432 \u0438\u0437 \u0440\u0430\u0437\u043D\u044B\u0445 \u0431\u043B\u043E\u043A\u043E\u0432\\20241122_024849\\1732245849981.png, C:\\Users\\LIAZGINA-DI\\git\\SPORU\\Reports\\20241122_024849\\\u041F\u043D-\u0421\u0440-\u041F\u0442\\\u0421\u0432\u0435\u0440\u043A\u0430 \u0434\u0430\u0448\u0431\u043E\u0440\u0434\u043E\u0432 \u0438\u0437 \u0440\u0430\u0437\u043D\u044B\u0445 \u0431\u043B\u043E\u043A\u043E\u0432\\20241122_024849\\1732245881798.png"/>
         <property name="hostName" value="liazgina-di - UVV-WS904-D.ot.ru"/>
         <property name="os" value="Windows 10 64bit"/>
         <property name="katalonVersion" value="9.5.0.217"/>
         <property name="browser" value="Chrome 131.0.0.0"/>
         <property name="hostAddress" value="192.168.0.19"/>
         <property name="sessionId" value="8603c8d6908f9178f7a910ed849551d4"/>
         <property name="seleniumVersion" value="3.141.59"/>
         <property name="proxyInformation" value="ProxyInformation { proxyOption=NO_PROXY, proxyServerType=HTTP, username=, password=********, proxyServerAddress=, proxyServerPort=0, executionList=&quot;&quot;, isApplyToDesiredCapabilities=true }"/>
         <property name="platform" value="Windows 10"/>
      </properties>
      <testcase name="Test Cases/Сверки дашбордов/Выполнение бизнес-плана сверка дашбордов" time="714.505" classname="Test Cases/Сверки дашбордов/Выполнение бизнес-плана сверка дашбордов" status="FAILED">
         <failure type="FAILED" message="Test Cases/Сверки дашбордов/Выполнение бизнес-плана сверка дашбордов FAILED.&#xa;Reason:&#xa;com.kms.katalon.core.exception.StepFailedException: Unable to verify object is present (Root cause: com.kms.katalon.core.exception.StepFailedException: Unable to verify object is present&#xa;	at com.kms.katalon.core.webui.keyword.internal.WebUIKeywordMain.stepFailed(WebUIKeywordMain.groovy:64)&#xa;	at com.kms.katalon.core.webui.keyword.internal.WebUIKeywordMain.runKeyword(WebUIKeywordMain.groovy:26)&#xa;	at com.kms.katalon.core.webui.keyword.builtin.VerifyElementPresentKeyword.verifyElementPresent(VerifyElementPresentKeyword.groovy:92)&#xa;	at com.kms.katalon.core.webui.keyword.builtin.VerifyElementPresentKeyword.execute(VerifyElementPresentKeyword.groovy:68)&#xa;	at com.kms.katalon.core.keyword.internal.KeywordExecutor.executeKeywordForPlatform(KeywordExecutor.groovy:74)&#xa;	at com.kms.katalon.core.webui.keyword.WebUiBuiltInKeywords.verifyElementPresent(WebUiBuiltInKeywords.groovy:1503)&#xa;	at Выполнение бизнес-плана сверка дашбордов.GetAllPAOData(Выполнение бизнес-плана сверка дашбордов:862)&#xa;	at Выполнение бизнес-плана сверка дашбордов.run(Выполнение бизнес-плана сверка дашбордов:362)&#xa;	at com.kms.katalon.core.main.ScriptEngine.run(ScriptEngine.java:194)&#xa;	at com.kms.katalon.core.main.ScriptEngine.runScriptAsRawText(ScriptEngine.java:119)&#xa;	at com.kms.katalon.core.main.TestCaseExecutor.runScript(TestCaseExecutor.java:448)&#xa;	at com.kms.katalon.core.main.TestCaseExecutor.doExecute(TestCaseExecutor.java:439)&#xa;	at com.kms.katalon.core.main.TestCaseExecutor.processExecutionPhase(TestCaseExecutor.java:418)&#xa;	at com.kms.katalon.core.main.TestCaseExecutor.accessMainPhase(TestCaseExecutor.java:410)&#xa;	at com.kms.katalon.core.main.TestCaseExecutor.execute(TestCaseExecutor.java:285)&#xa;	at com.kms.katalon.core.common.CommonExecutor.accessTestCaseMainPhase(CommonExecutor.java:65)&#xa;	at com.kms.katalon.core.main.TestSuiteExecutor.accessTestSuiteMainPhase(TestSuiteExecutor.java:150)&#xa;	at com.kms.katalon.core.main.TestSuiteExecutor.execute(TestSuiteExecutor.java:106)&#xa;	at com.kms.katalon.core.main.TestCaseMain.startTestSuite(TestCaseMain.java:180)&#xa;	at TempTestSuite1732232929817.run(TempTestSuite1732232929817.groovy:35)&#xa;	at java.base/jdk.internal.reflect.NativeMethodAccessorImpl.invoke0(Native Method)&#xa;	at java.base/jdk.internal.reflect.NativeMethodAccessorImpl.invoke(NativeMethodAccessorImpl.java:77)&#xa;	at java.base/jdk.internal.reflect.DelegatingMethodAccessorImpl.invoke(DelegatingMethodAccessorImpl.java:43)&#xa;Caused by: java.lang.IllegalArgumentException: Object is null&#xa;	at com.kms.katalon.core.helper.KeywordHelper.checkTestObjectParameter(KeywordHelper.java:33)&#xa;	at com.kms.katalon.core.webui.keyword.builtin.VerifyElementPresentKeyword$_verifyElementPresent_closure1.doCall(VerifyElementPresentKeyword.groovy:76)&#xa;	at com.kms.katalon.core.webui.keyword.builtin.VerifyElementPresentKeyword$_verifyElementPresent_closure1.call(VerifyElementPresentKeyword.groovy)&#xa;	at com.kms.katalon.core.webui.keyword.internal.WebUIKeywordMain.runKeyword(WebUIKeywordMain.groovy:20)&#xa;	at com.kms.katalon.core.webui.keyword.builtin.VerifyElementPresentKeyword.verifyElementPresent(VerifyElementPresentKeyword.groovy:92)&#xa;	at com.kms.katalon.core.webui.keyword.builtin.VerifyElementPresentKeyword.execute(VerifyElementPresentKeyword.groovy:68)&#xa;	at com.kms.katalon.core.keyword.internal.KeywordExecutor.executeKeywordForPlatform(KeywordExecutor.groovy:74)&#xa;	at com.kms.katalon.core.webui.keyword.WebUiBuiltInKeywords.verifyElementPresent(WebUiBuiltInKeywords.groovy:1503)&#xa;	at Script1719299571342.GetAllPAOData(Script1719299571342.groovy:862)&#xa;	at Script1719299571342.run(Script1719299571342.groovy:362)&#xa;	... 15 more&#xa;)&#xa;	at com.kms.katalon.core.keyword.internal.KeywordMain.stepFailed(KeywordMain.groovy:39)&#xa;	at com.kms.katalon.core.webui.keyword.internal.WebUIKeywordMain.stepFailed(WebUIKeywordMain.groovy:64)&#xa;	at com.kms.katalon.core.webui.keyword.internal.WebUIKeywordMain.runKeyword(WebUIKeywordMain.groovy:26)&#xa;	at com.kms.katalon.core.webui.keyword.builtin.VerifyElementPresentKeyword.verifyElementPresent(VerifyElementPresentKeyword.groovy:92)&#xa;	at com.kms.katalon.core.webui.keyword.builtin.VerifyElementPresentKeyword.execute(VerifyElementPresentKeyword.groovy:68)&#xa;	at com.kms.katalon.core.keyword.internal.KeywordExecutor.executeKeywordForPlatform(KeywordExecutor.groovy:74)&#xa;	at com.kms.katalon.core.webui.keyword.WebUiBuiltInKeywords.verifyElementPresent(WebUiBuiltInKeywords.groovy:1503)&#xa;	at Выполнение бизнес-плана сверка дашбордов.GetAllPAOData(Выполнение бизнес-плана сверка дашбордов:862)&#xa;	at Выполнение бизнес-плана сверка дашбордов.run(Выполнение бизнес-плана сверка дашбордов:362)&#xa;	at com.kms.katalon.core.main.ScriptEngine.run(ScriptEngine.java:194)&#xa;	at com.kms.katalon.core.main.ScriptEngine.runScriptAsRawText(ScriptEngine.java:119)&#xa;	at com.kms.katalon.core.main.TestCaseExecutor.runScript(TestCaseExecutor.java:448)&#xa;	at com.kms.katalon.core.main.TestCaseExecutor.doExecute(TestCaseExecutor.java:439)&#xa;	at com.kms.katalon.core.main.TestCaseExecutor.processExecutionPhase(TestCaseExecutor.java:418)&#xa;	at com.kms.katalon.core.main.TestCaseExecutor.accessMainPhase(TestCaseExecutor.java:410)&#xa;	at com.kms.katalon.core.main.TestCaseExecutor.execute(TestCaseExecutor.java:285)&#xa;	at com.kms.katalon.core.common.CommonExecutor.accessTestCaseMainPhase(CommonExecutor.java:65)&#xa;	at com.kms.katalon.core.main.TestSuiteExecutor.accessTestSuiteMainPhase(TestSuiteExecutor.java:150)&#xa;	at com.kms.katalon.core.main.TestSuiteExecutor.execute(TestSuiteExecutor.java:106)&#xa;	at com.kms.katalon.core.main.TestCaseMain.startTestSuite(TestCaseMain.java:180)&#xa;	at TempTestSuite1732232929817.run(TempTestSuite1732232929817.groovy:35)&#xa;	at java.base/jdk.internal.reflect.NativeMethodAccessorImpl.invoke0(Native Method)&#xa;	at java.base/jdk.internal.reflect.NativeMethodAccessorImpl.invoke(NativeMethodAccessorImpl.java:77)&#xa;	at java.base/jdk.internal.reflect.DelegatingMethodAccessorImpl.invoke(DelegatingMethodAccessorImpl.java:43)&#xa;Caused by: com.kms.katalon.core.exception.StepFailedException: Unable to verify object is present&#xa;	... 23 more&#xa;Caused by: java.lang.IllegalArgumentException: Object is null&#xa;	at com.kms.katalon.core.helper.KeywordHelper.checkTestObjectParameter(KeywordHelper.java:33)&#xa;	at com.kms.katalon.core.webui.keyword.builtin.VerifyElementPresentKeyword$_verifyElementPresent_closure1.doCall(VerifyElementPresentKeyword.groovy:76)&#xa;	at com.kms.katalon.core.webui.keyword.builtin.VerifyElementPresentKeyword$_verifyElementPresent_closure1.call(VerifyElementPresentKeyword.groovy)&#xa;	at com.kms.katalon.core.webui.keyword.internal.WebUIKeywordMain.runKeyword(WebUIKeywordMain.groovy:20)&#xa;	... 21 more&#xa;"/>
         <system-out><![CDATA[22-11-2024T02:48:54 - [TEST_CASE][FAILED] - Test Cases/Сверки дашбордов/Выполнение бизнес-плана сверка дашбордов: Test Cases/Сверки дашбордов/Выполнение бизнес-плана сверка дашбордов FAILED.
Reason:
com.kms.katalon.core.exception.StepFailedException: Unable to verify object is present (Root cause: com.kms.katalon.core.exception.StepFailedException: Unable to verify object is present
	at com.kms.katalon.core.webui.keyword.internal.WebUIKeywordMain.stepFailed(WebUIKeywordMain.groovy:64)
	at com.kms.katalon.core.webui.keyword.internal.WebUIKeywordMain.runKeyword(WebUIKeywordMain.groovy:26)
	at com.kms.katalon.core.webui.keyword.builtin.VerifyElementPresentKeyword.verifyElementPresent(VerifyElementPresentKeyword.groovy:92)
	at com.kms.katalon.core.webui.keyword.builtin.VerifyElementPresentKeyword.execute(VerifyElementPresentKeyword.groovy:68)
	at com.kms.katalon.core.keyword.internal.KeywordExecutor.executeKeywordForPlatform(KeywordExecutor.groovy:74)
	at com.kms.katalon.core.webui.keyword.WebUiBuiltInKeywords.verifyElementPresent(WebUiBuiltInKeywords.groovy:1503)
	at Выполнение бизнес-плана сверка дашбордов.GetAllPAOData(Выполнение бизнес-плана сверка дашбордов:862)
	at Выполнение бизнес-плана сверка дашбордов.run(Выполнение бизнес-плана сверка дашбордов:362)
	at com.kms.katalon.core.main.ScriptEngine.run(ScriptEngine.java:194)
	at com.kms.katalon.core.main.ScriptEngine.runScriptAsRawText(ScriptEngine.java:119)
	at com.kms.katalon.core.main.TestCaseExecutor.runScript(TestCaseExecutor.java:448)
	at com.kms.katalon.core.main.TestCaseExecutor.doExecute(TestCaseExecutor.java:439)
	at com.kms.katalon.core.main.TestCaseExecutor.processExecutionPhase(TestCaseExecutor.java:418)
	at com.kms.katalon.core.main.TestCaseExecutor.accessMainPhase(TestCaseExecutor.java:410)
	at com.kms.katalon.core.main.TestCaseExecutor.execute(TestCaseExecutor.java:285)
	at com.kms.katalon.core.common.CommonExecutor.accessTestCaseMainPhase(CommonExecutor.java:65)
	at com.kms.katalon.core.main.TestSuiteExecutor.accessTestSuiteMainPhase(TestSuiteExecutor.java:150)
	at com.kms.katalon.core.main.TestSuiteExecutor.execute(TestSuiteExecutor.java:106)
	at com.kms.katalon.core.main.TestCaseMain.startTestSuite(TestCaseMain.java:180)
	at TempTestSuite1732232929817.run(TempTestSuite1732232929817.groovy:35)
	at java.base/jdk.internal.reflect.NativeMethodAccessorImpl.invoke0(Native Method)
	at java.base/jdk.internal.reflect.NativeMethodAccessorImpl.invoke(NativeMethodAccessorImpl.java:77)
	at java.base/jdk.internal.reflect.DelegatingMethodAccessorImpl.invoke(DelegatingMethodAccessorImpl.java:43)
Caused by: java.lang.IllegalArgumentException: Object is null
	at com.kms.katalon.core.helper.KeywordHelper.checkTestObjectParameter(KeywordHelper.java:33)
	at com.kms.katalon.core.webui.keyword.builtin.VerifyElementPresentKeyword$_verifyElementPresent_closure1.doCall(VerifyElementPresentKeyword.groovy:76)
	at com.kms.katalon.core.webui.keyword.builtin.VerifyElementPresentKeyword$_verifyElementPresent_closure1.call(VerifyElementPresentKeyword.groovy)
	at com.kms.katalon.core.webui.keyword.internal.WebUIKeywordMain.runKeyword(WebUIKeywordMain.groovy:20)
	at com.kms.katalon.core.webui.keyword.builtin.VerifyElementPresentKeyword.verifyElementPresent(VerifyElementPresentKeyword.groovy:92)
	at com.kms.katalon.core.webui.keyword.builtin.VerifyElementPresentKeyword.execute(VerifyElementPresentKeyword.groovy:68)
	at com.kms.katalon.core.keyword.internal.KeywordExecutor.executeKeywordForPlatform(KeywordExecutor.groovy:74)
	at com.kms.katalon.core.webui.keyword.WebUiBuiltInKeywords.verifyElementPresent(WebUiBuiltInKeywords.groovy:1503)
	at Script1719299571342.GetAllPAOData(Script1719299571342.groovy:862)
	at Script1719299571342.run(Script1719299571342.groovy:362)
	... 15 more
)
	at com.kms.katalon.core.keyword.internal.KeywordMain.stepFailed(KeywordMain.groovy:39)
	at com.kms.katalon.core.webui.keyword.internal.WebUIKeywordMain.stepFailed(WebUIKeywordMain.groovy:64)
	at com.kms.katalon.core.webui.keyword.internal.WebUIKeywordMain.runKeyword(WebUIKeywordMain.groovy:26)
	at com.kms.katalon.core.webui.keyword.builtin.VerifyElementPresentKeyword.verifyElementPresent(VerifyElementPresentKeyword.groovy:92)
	at com.kms.katalon.core.webui.keyword.builtin.VerifyElementPresentKeyword.execute(VerifyElementPresentKeyword.groovy:68)
	at com.kms.katalon.core.keyword.internal.KeywordExecutor.executeKeywordForPlatform(KeywordExecutor.groovy:74)
	at com.kms.katalon.core.webui.keyword.WebUiBuiltInKeywords.verifyElementPresent(WebUiBuiltInKeywords.groovy:1503)
	at Выполнение бизнес-плана сверка дашбордов.GetAllPAOData(Выполнение бизнес-плана сверка дашбордов:862)
	at Выполнение бизнес-плана сверка дашбордов.run(Выполнение бизнес-плана сверка дашбордов:362)
	at com.kms.katalon.core.main.ScriptEngine.run(ScriptEngine.java:194)
	at com.kms.katalon.core.main.ScriptEngine.runScriptAsRawText(ScriptEngine.java:119)
	at com.kms.katalon.core.main.TestCaseExecutor.runScript(TestCaseExecutor.java:448)
	at com.kms.katalon.core.main.TestCaseExecutor.doExecute(TestCaseExecutor.java:439)
	at com.kms.katalon.core.main.TestCaseExecutor.processExecutionPhase(TestCaseExecutor.java:418)
	at com.kms.katalon.core.main.TestCaseExecutor.accessMainPhase(TestCaseExecutor.java:410)
	at com.kms.katalon.core.main.TestCaseExecutor.execute(TestCaseExecutor.java:285)
	at com.kms.katalon.core.common.CommonExecutor.accessTestCaseMainPhase(CommonExecutor.java:65)
	at com.kms.katalon.core.main.TestSuiteExecutor.accessTestSuiteMainPhase(TestSuiteExecutor.java:150)
	at com.kms.katalon.core.main.TestSuiteExecutor.execute(TestSuiteExecutor.java:106)
	at com.kms.katalon.core.main.TestCaseMain.startTestSuite(TestCaseMain.java:180)
	at TempTestSuite1732232929817.run(TempTestSuite1732232929817.groovy:35)
	at java.base/jdk.internal.reflect.NativeMethodAccessorImpl.invoke0(Native Method)
	at java.base/jdk.internal.reflect.NativeMethodAccessorImpl.invoke(NativeMethodAccessorImpl.java:77)
	at java.base/jdk.internal.reflect.DelegatingMethodAccessorImpl.invoke(DelegatingMethodAccessorImpl.java:43)
Caused by: com.kms.katalon.core.exception.StepFailedException: Unable to verify object is present
	... 23 more
Caused by: java.lang.IllegalArgumentException: Object is null
	at com.kms.katalon.core.helper.KeywordHelper.checkTestObjectParameter(KeywordHelper.java:33)
	at com.kms.katalon.core.webui.keyword.builtin.VerifyElementPresentKeyword$_verifyElementPresent_closure1.doCall(VerifyElementPresentKeyword.groovy:76)
	at com.kms.katalon.core.webui.keyword.builtin.VerifyElementPresentKeyword$_verifyElementPresent_closure1.call(VerifyElementPresentKeyword.groovy)
	at com.kms.katalon.core.webui.keyword.internal.WebUIKeywordMain.runKeyword(WebUIKeywordMain.groovy:20)
	... 21 more


22-11-2024T02:48:56 - [TEST_STEP][PASSED] - date = new java.util.Date(): null

22-11-2024T02:48:56 - [TEST_STEP][PASSED] - todaysDate = date.format("dd.MM.yyyy"): null

22-11-2024T02:48:56 - [TEST_STEP][PASSED] - blockNum = <not implemented yet for class: org.codehaus.groovy.ast.expr.EmptyExpression>: null

22-11-2024T02:48:56 - [TEST_STEP][PASSED] - path = <not implemented yet for class: org.codehaus.groovy.ast.expr.EmptyExpression>: null

22-11-2024T02:48:56 - [TEST_STEP][PASSED] - typeOfData = <not implemented yet for class: org.codehaus.groovy.ast.expr.EmptyExpression>: null

22-11-2024T02:48:56 - [TEST_STEP][PASSED] - i = <not implemented yet for class: org.codehaus.groovy.ast.expr.EmptyExpression>: null

22-11-2024T02:48:56 - [TEST_STEP][PASSED] - dZO = <not implemented yet for class: org.codehaus.groovy.ast.expr.EmptyExpression>: null

22-11-2024T02:48:56 - [TEST_STEP][PASSED] - vidget = <not implemented yet for class: org.codehaus.groovy.ast.expr.EmptyExpression>: null

22-11-2024T02:48:56 - [TEST_STEP][PASSED] - tabR = <not implemented yet for class: org.codehaus.groovy.ast.expr.EmptyExpression>: null

22-11-2024T02:48:56 - [TEST_STEP][PASSED] - tabB = <not implemented yet for class: org.codehaus.groovy.ast.expr.EmptyExpression>: null

22-11-2024T02:48:56 - [TEST_STEP][PASSED] - o1R = <not implemented yet for class: org.codehaus.groovy.ast.expr.EmptyExpression>: null

22-11-2024T02:48:56 - [TEST_STEP][PASSED] - o1B = <not implemented yet for class: org.codehaus.groovy.ast.expr.EmptyExpression>: null

22-11-2024T02:48:56 - [TEST_STEP][PASSED] - PercPlanR = <not implemented yet for class: org.codehaus.groovy.ast.expr.EmptyExpression>: null

22-11-2024T02:48:56 - [TEST_STEP][PASSED] - PercPlanB = <not implemented yet for class: org.codehaus.groovy.ast.expr.EmptyExpression>: null

22-11-2024T02:48:56 - [TEST_STEP][PASSED] - PercFactR = <not implemented yet for class: org.codehaus.groovy.ast.expr.EmptyExpression>: null

22-11-2024T02:48:56 - [TEST_STEP][PASSED] - PercFactB = <not implemented yet for class: org.codehaus.groovy.ast.expr.EmptyExpression>: null

22-11-2024T02:48:56 - [TEST_STEP][PASSED] - pRR = "ПАО Россети/": null

22-11-2024T02:48:56 - [TEST_STEP][PASSED] - fR = "Россети ФСК ЕЭС/": null

22-11-2024T02:48:56 - [TEST_STEP][PASSED] - tyR = "АО "Тываэнерго"/": null

22-11-2024T02:48:56 - [TEST_STEP][PASSED] - chR = "Чеченэнерго": null

22-11-2024T02:48:56 - [TEST_STEP][PASSED] - vR = "Россети Волга/": null

22-11-2024T02:48:56 - [TEST_STEP][PASSED] - kR = "Россети Кубань/": null

22-11-2024T02:48:56 - [TEST_STEP][PASSED] - lR = "Россети Ленэнерго (ГК)/": null

22-11-2024T02:48:56 - [TEST_STEP][PASSED] - mR = "Россети Московский регион/": null

22-11-2024T02:48:56 - [TEST_STEP][PASSED] - sKR = "Россети Северный Кавказ (ГК)/": null

22-11-2024T02:48:56 - [TEST_STEP][PASSED] - sZR = "Россети Северо-Запад/": null

22-11-2024T02:48:56 - [TEST_STEP][PASSED] - siR = "Россети Сибирь (ГК)/": null

22-11-2024T02:48:56 - [TEST_STEP][PASSED] - tomR = "Россети Томск/": null

22-11-2024T02:48:56 - [TEST_STEP][PASSED] - tyumR = "Россети Тюмень/": null

22-11-2024T02:48:56 - [TEST_STEP][PASSED] - urR = "Россети Урал (ГК)/": null

22-11-2024T02:48:56 - [TEST_STEP][PASSED] - cenR = "Россети Центр (ГК)/": null

22-11-2024T02:48:56 - [TEST_STEP][PASSED] - cIPR = "Россети Центр и Приволжье (ГК)/": null

22-11-2024T02:48:56 - [TEST_STEP][PASSED] - ugR = "Россети Юг (ГК)/": null

22-11-2024T02:48:56 - [TEST_STEP][PASSED] - yR = "Россети Янтарь/": null

22-11-2024T02:48:56 - [TEST_STEP][PASSED] - pRB = "ПАО Россети/": null

22-11-2024T02:48:56 - [TEST_STEP][PASSED] - fB = "Россети ФСК ЕЭС/": null

22-11-2024T02:48:56 - [TEST_STEP][PASSED] - tyB = "АО "Тываэнерго"/": null

22-11-2024T02:48:56 - [TEST_STEP][PASSED] - chB = "Чеченэнерго": null

22-11-2024T02:48:56 - [TEST_STEP][PASSED] - vB = "Россети Волга/": null

22-11-2024T02:48:56 - [TEST_STEP][PASSED] - kB = "Россети Кубань/": null

22-11-2024T02:48:56 - [TEST_STEP][PASSED] - lB = "Россети Ленэнерго (ГК)/": null

22-11-2024T02:48:56 - [TEST_STEP][PASSED] - mB = "Россети Московский регион/": null

22-11-2024T02:48:56 - [TEST_STEP][PASSED] - sKB = "Россети Северный Кавказ (ГК)/": null

22-11-2024T02:48:56 - [TEST_STEP][PASSED] - sZB = "Россети Северо-Запад/": null

22-11-2024T02:48:56 - [TEST_STEP][PASSED] - siB = "Россети Сибирь (ГК)/": null

22-11-2024T02:48:56 - [TEST_STEP][PASSED] - tomB = "Россети Томск/": null

22-11-2024T02:48:56 - [TEST_STEP][PASSED] - tyumB = "Россети Тюмень/": null

22-11-2024T02:48:56 - [TEST_STEP][PASSED] - urB = "Россети Урал (ГК)/": null

22-11-2024T02:48:56 - [TEST_STEP][PASSED] - cenB = "Россети Центр (ГК)/": null

22-11-2024T02:48:56 - [TEST_STEP][PASSED] - cIPB = "Россети Центр и Приволжье (ГК)/": null

22-11-2024T02:48:56 - [TEST_STEP][PASSED] - ugB = "Россети Юг (ГК)/": null

22-11-2024T02:48:56 - [TEST_STEP][PASSED] - yB = "Россети Янтарь/": null

22-11-2024T02:48:56 - [TEST_STEP][PASSED] - VseDZO = <not implemented yet for class: org.codehaus.groovy.ast.expr.EmptyExpression>: null

22-11-2024T02:48:56 - [TEST_STEP][PASSED] - a = <not implemented yet for class: org.codehaus.groovy.ast.expr.EmptyExpression>: null

22-11-2024T02:48:56 - [TEST_STEP][PASSED] - b = <not implemented yet for class: org.codehaus.groovy.ast.expr.EmptyExpression>: null

22-11-2024T02:48:56 - [TEST_STEP][PASSED] - dZONum = 0: null

22-11-2024T02:48:56 - [TEST_STEP][PASSED] - x = <not implemented yet for class: org.codehaus.groovy.ast.expr.EmptyExpression>: null

22-11-2024T02:48:56 - [TEST_STEP][PASSED] - blockNum = 1: null

22-11-2024T02:48:56 - [TEST_STEP][PASSED] - path = "Object Repository/Выполнение бизнес-плана/": null

22-11-2024T02:48:56 - [TEST_STEP][PASSED] - Script1719299571342.Presettings(blockNum, path): null

22-11-2024T02:48:56 - [TEST_STEP][PASSED] - blockNumber = <not implemented yet for class: org.codehaus.groovy.ast.expr.EmptyExpression>: null

22-11-2024T02:48:56 - [TEST_STEP][PASSED] - urlText = <not implemented yet for class: org.codehaus.groovy.ast.expr.EmptyExpression>: null

22-11-2024T02:48:56 - [TEST_STEP][PASSED] - searchWord = <not implemented yet for class: org.codehaus.groovy.ast.expr.EmptyExpression>: null

22-11-2024T02:48:56 - [TEST_STEP][PASSED] - i = <not implemented yet for class: org.codehaus.groovy.ast.expr.EmptyExpression>: null

22-11-2024T02:48:56 - [TEST_STEP][PASSED] - ii = <not implemented yet for class: org.codehaus.groovy.ast.expr.EmptyExpression>: null

22-11-2024T02:48:56 - [TEST_STEP][PASSED] - openBrowser(""): Browser is opened with url: ''

22-11-2024T02:48:57 - [MESSAGE][INFO] - Starting 'Chrome' driver

22-11-2024T02:48:57 - [MESSAGE][INFO] - Action delay is set to 0 milliseconds

22-11-2024T02:49:00 - [MESSAGE][PASSED] - Browser is opened with url: ''

22-11-2024T02:49:00 - [TEST_STEP][PASSED] - if (blockNum == 1): null

22-11-2024T02:49:00 - [TEST_STEP][PASSED] - path = "Object Repository/Выполнение бизнес-плана/": null

22-11-2024T02:49:00 - [TEST_STEP][PASSED] - blockNumber = 1: null

22-11-2024T02:49:00 - [TEST_STEP][PASSED] - navigateToUrl(findTestData("PlanFact").getValue(10, blockNumber)): Navigate to 'https://bi.rosseti.digital/viewer?dashboardGuid=d154a8eaf6824e2b9de1bb04dd061c18&sheetGuid=1305e8ce744049e1abdacea1ea397a26&fit=true' successfully

22-11-2024T02:49:09 - [MESSAGE][PASSED] - Navigate to 'https://bi.rosseti.digital/viewer?dashboardGuid=d154a8eaf6824e2b9de1bb04dd061c18&sheetGuid=1305e8ce744049e1abdacea1ea397a26&fit=true' successfully

22-11-2024T02:49:09 - [TEST_STEP][PASSED] - urlText = getText(findTestObject("Страница авторизации/Text")): Text of object 'Object Repository/Страница авторизации/Text' is: 'Вход'

22-11-2024T02:49:10 - [MESSAGE][PASSED] - Text of object 'Object Repository/Страница авторизации/Text' is: 'Вход'

22-11-2024T02:49:10 - [TEST_STEP][PASSED] - delay(10): Delayed 10 second(s)

22-11-2024T02:49:20 - [MESSAGE][PASSED] - Delayed 10 second(s)

22-11-2024T02:49:20 - [TEST_STEP][PASSED] - searchWord = "Вход": null

22-11-2024T02:49:20 - [TEST_STEP][PASSED] - if (urlText.contains(searchWord) == false): null

22-11-2024T02:49:20 - [TEST_STEP][PASSED] - setText(findTestObject("Страница авторизации/input__username"), findTestData("PlanFact").getValue(8, 1)): Text 'liazgina-di' is set on object 'Object Repository/Страница авторизации/input__username'

22-11-2024T02:49:21 - [MESSAGE][PASSED] - Text 'liazgina-di' is set on object 'Object Repository/Страница авторизации/input__username'

22-11-2024T02:49:21 - [TEST_STEP][PASSED] - setText(findTestObject("Страница авторизации/input__password"), findTestData("PlanFact").getValue(9, 1)): Text ')$%5srZ8o688Dm#q' is set on object 'Object Repository/Страница авторизации/input__password'

22-11-2024T02:49:21 - [MESSAGE][PASSED] - Text ')$%5srZ8o688Dm#q' is set on object 'Object Repository/Страница авторизации/input__password'

22-11-2024T02:49:21 - [TEST_STEP][PASSED] - click(findTestObject("Страница авторизации/button_")): Object: 'Object Repository/Страница авторизации/button_' is clicked on

22-11-2024T02:49:24 - [MESSAGE][PASSED] - Object: 'Object Repository/Страница авторизации/button_' is clicked on

22-11-2024T02:49:24 - [TEST_STEP][PASSED] - delay(50): Delayed 50 second(s)

22-11-2024T02:50:14 - [MESSAGE][PASSED] - Delayed 50 second(s)

22-11-2024T02:50:14 - [TEST_STEP][PASSED] - searchWord = "ДЗО": null

22-11-2024T02:50:14 - [TEST_STEP][PASSED] - urlText = getText(findTestObject("Страница авторизации/Text")): Text of object 'Object Repository/Страница авторизации/Text' is: 'ДЗО 
Все
Период
1, 2, 3 кв. 2024 года
Отклонения фактического уровня потерь от бизнес-плана, п.п.
-0.07
3.72
3.84
-0.05
0.09
-0.51
-0.25
АО «Тываэнерго»
АО «Чеченэнерго»
Россети Северный Кавказ
Россети Сибирь
Россети Тюмень
Россети Центр (ГК)
Россети Центр и Приволжье (ГК)
-1
0
1
2
3
4
5
6
7

Уровень потерь электроэнергии
АО «Тываэнерго»
АО «Чеченэнерго»
Россети Северный Кавказ
Россети Сибирь
Россети Тюмень
Россети Центр (ГК)
Россети Центр и Приволжье (ГК)
0
10
20
30
40
50
60
70
21.03
|
32.87
23.70
6.97
|
2.51
9.98
|
6.88
|
20.96
36.59
|
27.54
|
6.92
2.60
|
9.48
6.63
п.п.
0.05
Итого
0
0.02
0.04
0.06
%
5.29 5.29
5.26 5.26
План
Факт
1
100


Статус данных
Просьба обратить внимание
— все данные не занесены
Факт
План
Итого – Факт
Отпуск в сеть 192 247 697
Отпуск из сети 175 051 868
Потери 17 195 829
Итого – План
Отпуск в сеть 187 501 364
Отпуск из сети 171 438 674
Потери 16 062 691
Выполнение бизнес-плана в части показателя «Уровень потерь электроэнергии»
Показатели баланса электроэнергии по ДЗО – Факт 
572 217 3 034 612 17 367 779 46 928 172 39 079 081 44 371 600 40 894 236
452 291 1 924 288 12 584 601 43 678 766 38 062 639 40 166 359 38 182 923
119 926 1 110 325 4 783 177 3 249 406 1 016 442 4 205 240 2 711 313
Показатели баланса электроэнергии по ДЗО – План
544 127 2 822 152 16 300 204 44 875 501 40 452 567 43 055 315 39 451 497
429 681 1 894 447 12 437 092 41 746 891 39 436 282 38 756 246 36 738 034
114 446 927 705 3 863 112 3 128 610 1 016 285 4 299 069 2 713 463'

22-11-2024T02:50:45 - [MESSAGE][PASSED] - Text of object 'Object Repository/Страница авторизации/Text' is: 'ДЗО 
Все
Период
1, 2, 3 кв. 2024 года
Отклонения фактического уровня потерь от бизнес-плана, п.п.
-0.07
3.72
3.84
-0.05
0.09
-0.51
-0.25
АО «Тываэнерго»
АО «Чеченэнерго»
Россети Северный Кавказ
Россети Сибирь
Россети Тюмень
Россети Центр (ГК)
Россети Центр и Приволжье (ГК)
-1
0
1
2
3
4
5
6
7

Уровень потерь электроэнергии
АО «Тываэнерго»
АО «Чеченэнерго»
Россети Северный Кавказ
Россети Сибирь
Россети Тюмень
Россети Центр (ГК)
Россети Центр и Приволжье (ГК)
0
10
20
30
40
50
60
70
21.03
|
32.87
23.70
6.97
|
2.51
9.98
|
6.88
|
20.96
36.59
|
27.54
|
6.92
2.60
|
9.48
6.63
п.п.
0.05
Итого
0
0.02
0.04
0.06
%
5.29 5.29
5.26 5.26
План
Факт
1
100


Статус данных
Просьба обратить внимание
— все данные не занесены
Факт
План
Итого – Факт
Отпуск в сеть 192 247 697
Отпуск из сети 175 051 868
Потери 17 195 829
Итого – План
Отпуск в сеть 187 501 364
Отпуск из сети 171 438 674
Потери 16 062 691
Выполнение бизнес-плана в части показателя «Уровень потерь электроэнергии»
Показатели баланса электроэнергии по ДЗО – Факт 
572 217 3 034 612 17 367 779 46 928 172 39 079 081 44 371 600 40 894 236
452 291 1 924 288 12 584 601 43 678 766 38 062 639 40 166 359 38 182 923
119 926 1 110 325 4 783 177 3 249 406 1 016 442 4 205 240 2 711 313
Показатели баланса электроэнергии по ДЗО – План
544 127 2 822 152 16 300 204 44 875 501 40 452 567 43 055 315 39 451 497
429 681 1 894 447 12 437 092 41 746 891 39 436 282 38 756 246 36 738 034
114 446 927 705 3 863 112 3 128 610 1 016 285 4 299 069 2 713 463'

22-11-2024T02:50:45 - [TEST_STEP][PASSED] - if (urlText.contains("ошибка") || urlText.contains(searchWord) == false): null

22-11-2024T02:50:45 - [TEST_STEP][PASSED] - Script1719299571342.ZakrytOpoveshenie(): null

22-11-2024T02:50:45 - [TEST_STEP][PASSED] - opoveshenie = getText(findTestObject("Выполнение бизнес-плана/Просьба обратить внимание")): Text of object 'Object Repository/Выполнение бизнес-плана/Просьба обратить внимание' is: 'Просьба обратить внимание'

22-11-2024T02:50:57 - [MESSAGE][PASSED] - Text of object 'Object Repository/Выполнение бизнес-плана/Просьба обратить внимание' is: 'Просьба обратить внимание'

22-11-2024T02:50:57 - [TEST_STEP][PASSED] - if (opoveshenie == "Просьба обратить внимание"): Object: 'Object Repository/Выполнение бизнес-плана/Закрыть оповещение' is clicked on

22-11-2024T02:50:57 - [TEST_STEP][PASSED] - click(findTestObject("Выполнение бизнес-плана/Закрыть оповещение")): Object: 'Object Repository/Выполнение бизнес-плана/Закрыть оповещение' is clicked on

22-11-2024T02:50:57 - [MESSAGE][PASSED] - Object: 'Object Repository/Выполнение бизнес-плана/Закрыть оповещение' is clicked on

22-11-2024T02:50:57 - [TEST_STEP][PASSED] - click(findTestObject(path + "Фильтр Дата")): Object: 'Object Repository/Выполнение бизнес-плана/Фильтр Дата' is clicked on

22-11-2024T02:50:58 - [MESSAGE][PASSED] - Object: 'Object Repository/Выполнение бизнес-плана/Фильтр Дата' is clicked on

22-11-2024T02:50:58 - [TEST_STEP][PASSED] - click(findTestObject(path + "Снять выделение в фильтре Дата")): Object: 'Object Repository/Выполнение бизнес-плана/Снять выделение в фильтре Дата' is clicked on

22-11-2024T02:50:58 - [MESSAGE][PASSED] - Object: 'Object Repository/Выполнение бизнес-плана/Снять выделение в фильтре Дата' is clicked on

22-11-2024T02:50:58 - [TEST_STEP][PASSED] - click(findTestObject(path + "Применить в фильтре Дата")): Object: 'Object Repository/Выполнение бизнес-плана/Применить в фильтре Дата' is clicked on

22-11-2024T02:50:59 - [MESSAGE][PASSED] - Object: 'Object Repository/Выполнение бизнес-плана/Применить в фильтре Дата' is clicked on

22-11-2024T02:50:59 - [TEST_STEP][PASSED] - delay(50): Delayed 50 second(s)

22-11-2024T02:51:49 - [MESSAGE][PASSED] - Delayed 50 second(s)

22-11-2024T02:51:49 - [TEST_STEP][PASSED] - Script1719299571342.ZakrytOpoveshenie(): null

22-11-2024T02:51:49 - [TEST_STEP][PASSED] - opoveshenie = getText(findTestObject("Выполнение бизнес-плана/Просьба обратить внимание")): Text of object 'Object Repository/Выполнение бизнес-плана/Просьба обратить внимание' is: 'Просьба обратить внимание'

22-11-2024T02:51:49 - [MESSAGE][PASSED] - Text of object 'Object Repository/Выполнение бизнес-плана/Просьба обратить внимание' is: 'Просьба обратить внимание'

22-11-2024T02:51:49 - [TEST_STEP][PASSED] - if (opoveshenie == "Просьба обратить внимание"): Object: 'Object Repository/Выполнение бизнес-плана/Закрыть оповещение' is clicked on

22-11-2024T02:51:49 - [TEST_STEP][PASSED] - click(findTestObject("Выполнение бизнес-плана/Закрыть оповещение")): Object: 'Object Repository/Выполнение бизнес-плана/Закрыть оповещение' is clicked on

22-11-2024T02:51:50 - [MESSAGE][PASSED] - Object: 'Object Repository/Выполнение бизнес-плана/Закрыть оповещение' is clicked on

22-11-2024T02:51:50 - [TEST_STEP][PASSED] - click(findTestObject(path + "Фильтр Дата")): Object: 'Object Repository/Выполнение бизнес-плана/Фильтр Дата' is clicked on

22-11-2024T02:51:50 - [MESSAGE][PASSED] - Object: 'Object Repository/Выполнение бизнес-плана/Фильтр Дата' is clicked on

22-11-2024T02:51:50 - [TEST_STEP][PASSED] - scrollToElement(findTestObject(path + "2024 список"), 30): Scroll to object 'Object Repository/Выполнение бизнес-плана/2024 список' successfully

22-11-2024T02:51:51 - [MESSAGE][PASSED] - Scroll to object 'Object Repository/Выполнение бизнес-плана/2024 список' successfully

22-11-2024T02:51:51 - [TEST_STEP][PASSED] - click(findTestObject(path + "2024 список")): Object: 'Object Repository/Выполнение бизнес-плана/2024 список' is clicked on

22-11-2024T02:51:51 - [MESSAGE][PASSED] - Object: 'Object Repository/Выполнение бизнес-плана/2024 список' is clicked on

22-11-2024T02:51:51 - [TEST_STEP][PASSED] - scrollToElement(findTestObject(path + "1 квартал 2024 список"), 30): Scroll to object 'Object Repository/Выполнение бизнес-плана/1 квартал 2024 список' successfully

22-11-2024T02:51:51 - [MESSAGE][PASSED] - Scroll to object 'Object Repository/Выполнение бизнес-плана/1 квартал 2024 список' successfully

22-11-2024T02:51:51 - [TEST_STEP][PASSED] - click(findTestObject(path + "1 квартал 2024 список")): Object: 'Object Repository/Выполнение бизнес-плана/1 квартал 2024 список' is clicked on

22-11-2024T02:51:52 - [MESSAGE][PASSED] - Object: 'Object Repository/Выполнение бизнес-плана/1 квартал 2024 список' is clicked on

22-11-2024T02:51:52 - [TEST_STEP][PASSED] - click(findTestObject(path + "Январь 2024")): Object: 'Object Repository/Выполнение бизнес-плана/Январь 2024' is clicked on

22-11-2024T02:51:52 - [MESSAGE][PASSED] - Object: 'Object Repository/Выполнение бизнес-плана/Январь 2024' is clicked on

22-11-2024T02:51:52 - [TEST_STEP][PASSED] - click(findTestObject(path + "Февраль 2024")): Object: 'Object Repository/Выполнение бизнес-плана/Февраль 2024' is clicked on

22-11-2024T02:51:53 - [MESSAGE][PASSED] - Object: 'Object Repository/Выполнение бизнес-плана/Февраль 2024' is clicked on

22-11-2024T02:51:53 - [TEST_STEP][PASSED] - click(findTestObject(path + "Март 2024")): Object: 'Object Repository/Выполнение бизнес-плана/Март 2024' is clicked on

22-11-2024T02:51:53 - [MESSAGE][PASSED] - Object: 'Object Repository/Выполнение бизнес-плана/Март 2024' is clicked on

22-11-2024T02:51:53 - [TEST_STEP][PASSED] - scrollToElement(findTestObject(path + "2 квартал 2024"), 30): Scroll to object 'Object Repository/Выполнение бизнес-плана/2 квартал 2024' successfully

22-11-2024T02:51:54 - [MESSAGE][PASSED] - Scroll to object 'Object Repository/Выполнение бизнес-плана/2 квартал 2024' successfully

22-11-2024T02:51:54 - [TEST_STEP][PASSED] - click(findTestObject(path + "2 квартал 2024")): Object: 'Object Repository/Выполнение бизнес-плана/2 квартал 2024' is clicked on

22-11-2024T02:51:54 - [MESSAGE][PASSED] - Object: 'Object Repository/Выполнение бизнес-плана/2 квартал 2024' is clicked on

22-11-2024T02:51:54 - [TEST_STEP][PASSED] - scrollToElement(findTestObject(path + "3 квартал 2024 список"), 30): Scroll to object 'Object Repository/Выполнение бизнес-плана/3 квартал 2024 список' successfully

22-11-2024T02:51:55 - [MESSAGE][PASSED] - Scroll to object 'Object Repository/Выполнение бизнес-плана/3 квартал 2024 список' successfully

22-11-2024T02:51:55 - [TEST_STEP][PASSED] - click(findTestObject(path + "3 квартал 2024")): Object: 'Object Repository/Выполнение бизнес-плана/3 квартал 2024' is clicked on

22-11-2024T02:51:55 - [MESSAGE][PASSED] - Object: 'Object Repository/Выполнение бизнес-плана/3 квартал 2024' is clicked on

22-11-2024T02:51:55 - [TEST_STEP][PASSED] - scrollToElement(findTestObject(path + "Заголовок дашборда"), 30): Scroll to object 'Object Repository/Выполнение бизнес-плана/Заголовок дашборда' successfully

22-11-2024T02:51:56 - [MESSAGE][PASSED] - Scroll to object 'Object Repository/Выполнение бизнес-плана/Заголовок дашборда' successfully

22-11-2024T02:51:56 - [TEST_STEP][PASSED] - click(findTestObject(path + "Применить в фильтре Дата")): Object: 'Object Repository/Выполнение бизнес-плана/Применить в фильтре Дата' is clicked on

22-11-2024T02:51:56 - [MESSAGE][PASSED] - Object: 'Object Repository/Выполнение бизнес-плана/Применить в фильтре Дата' is clicked on

22-11-2024T02:51:56 - [TEST_STEP][PASSED] - delay(30): Delayed 30 second(s)

22-11-2024T02:52:26 - [MESSAGE][PASSED] - Delayed 30 second(s)

22-11-2024T02:52:26 - [TEST_STEP][PASSED] - Script1719299571342.ZakrytOpoveshenie(): null

22-11-2024T02:52:26 - [TEST_STEP][PASSED] - opoveshenie = getText(findTestObject("Выполнение бизнес-плана/Просьба обратить внимание")): Text of object 'Object Repository/Выполнение бизнес-плана/Просьба обратить внимание' is: 'Просьба обратить внимание'

22-11-2024T02:52:27 - [MESSAGE][PASSED] - Text of object 'Object Repository/Выполнение бизнес-плана/Просьба обратить внимание' is: 'Просьба обратить внимание'

22-11-2024T02:52:27 - [TEST_STEP][PASSED] - if (opoveshenie == "Просьба обратить внимание"): Object: 'Object Repository/Выполнение бизнес-плана/Закрыть оповещение' is clicked on

22-11-2024T02:52:27 - [TEST_STEP][PASSED] - click(findTestObject("Выполнение бизнес-плана/Закрыть оповещение")): Object: 'Object Repository/Выполнение бизнес-плана/Закрыть оповещение' is clicked on

22-11-2024T02:52:27 - [MESSAGE][PASSED] - Object: 'Object Repository/Выполнение бизнес-плана/Закрыть оповещение' is clicked on

22-11-2024T02:52:27 - [TEST_STEP][PASSED] - click(findTestObject(path + "Фильтр ДЗО")): Object: 'Object Repository/Выполнение бизнес-плана/Фильтр ДЗО' is clicked on

22-11-2024T02:52:27 - [MESSAGE][PASSED] - Object: 'Object Repository/Выполнение бизнес-плана/Фильтр ДЗО' is clicked on

22-11-2024T02:52:27 - [TEST_STEP][PASSED] - click(findTestObject(path + "Снять выделение в фильтре ДЗО")): Object: 'Object Repository/Выполнение бизнес-плана/Снять выделение в фильтре ДЗО' is clicked on

22-11-2024T02:52:28 - [MESSAGE][PASSED] - Object: 'Object Repository/Выполнение бизнес-плана/Снять выделение в фильтре ДЗО' is clicked on

22-11-2024T02:52:28 - [TEST_STEP][PASSED] - click(findTestObject(path + "ПАО Россети")): Object: 'Object Repository/Выполнение бизнес-плана/ПАО Россети' is clicked on

22-11-2024T02:52:28 - [MESSAGE][PASSED] - Object: 'Object Repository/Выполнение бизнес-плана/ПАО Россети' is clicked on

22-11-2024T02:52:28 - [TEST_STEP][PASSED] - click(findTestObject(path + "Применить в фильтре ДЗО")): Object: 'Object Repository/Выполнение бизнес-плана/Применить в фильтре ДЗО' is clicked on

22-11-2024T02:52:29 - [MESSAGE][PASSED] - Object: 'Object Repository/Выполнение бизнес-плана/Применить в фильтре ДЗО' is clicked on

22-11-2024T02:52:29 - [TEST_STEP][PASSED] - delay(30): Delayed 30 second(s)

22-11-2024T02:52:59 - [MESSAGE][PASSED] - Delayed 30 second(s)

22-11-2024T02:52:59 - [TEST_STEP][PASSED] - VseDZO = getText(findTestObject(path + "Список ДЗО")): Text of object 'Object Repository/Выполнение бизнес-плана/Список ДЗО' is: '-0.07
3.72
3.84
-0.05
0.09
-0.51
-0.25
АО «Тываэнерго»
АО «Чеченэнерго»
Россети Северный Кавказ
Россети Сибирь
Россети Тюмень
Россети Центр (ГК)
Россети Центр и Приволжье (ГК)
-1
0
1
2
3
4
5
6
7'

22-11-2024T02:53:00 - [MESSAGE][PASSED] - Text of object 'Object Repository/Выполнение бизнес-плана/Список ДЗО' is: '-0.07
3.72
3.84
-0.05
0.09
-0.51
-0.25
АО «Тываэнерго»
АО «Чеченэнерго»
Россети Северный Кавказ
Россети Сибирь
Россети Тюмень
Россети Центр (ГК)
Россети Центр и Приволжье (ГК)
-1
0
1
2
3
4
5
6
7'

22-11-2024T02:53:00 - [TEST_STEP][PASSED] - pRR = GetAllPAOData(path, dZONum, VseDZO, z = "ПАО Россети/"): null

22-11-2024T02:53:00 - [TEST_STEP][PASSED] - path2 = "Значения со страницы Выполнение бизнес-плана/Table Data/": null

22-11-2024T02:53:00 - [TEST_STEP][PASSED] - ii = <not implemented yet for class: org.codehaus.groovy.ast.expr.EmptyExpression>: null

22-11-2024T02:53:00 - [TEST_STEP][PASSED] - i1 = <not implemented yet for class: org.codehaus.groovy.ast.expr.EmptyExpression>: null

22-11-2024T02:53:00 - [TEST_STEP][PASSED] - z = <not implemented yet for class: org.codehaus.groovy.ast.expr.EmptyExpression>: null

22-11-2024T02:53:00 - [TEST_STEP][PASSED] - z1 = <not implemented yet for class: org.codehaus.groovy.ast.expr.EmptyExpression>: null

22-11-2024T02:53:00 - [TEST_STEP][PASSED] - println("path: " + path): null

22-11-2024T02:53:00 - [TEST_STEP][PASSED] - z = getText(findTestObject(path + "Итого")).replaceAll("[\r?
|
]", "/"): Text of object 'Object Repository/Выполнение бизнес-плана/Итого' is: '%
5.29 5.29
5.26 5.26
План
Факт
1
100'

22-11-2024T02:53:00 - [MESSAGE][PASSED] - Text of object 'Object Repository/Выполнение бизнес-плана/Итого' is: '%
5.29 5.29
5.26 5.26
План
Факт
1
100'

22-11-2024T02:53:00 - [TEST_STEP][PASSED] - ii = z.indexOf("%") + 2: null

22-11-2024T02:53:00 - [TEST_STEP][PASSED] - if (ii > -1): null

22-11-2024T02:53:00 - [TEST_STEP][PASSED] - z = z.substring(ii, z.length()): null

22-11-2024T02:53:00 - [TEST_STEP][PASSED] - println(z): null

22-11-2024T02:53:00 - [TEST_STEP][PASSED] - ii = z.indexOf("/1/100") - 1: null

22-11-2024T02:53:00 - [TEST_STEP][PASSED] - if (ii > -1): null

22-11-2024T02:53:00 - [TEST_STEP][PASSED] - z = z.substring(0, ii): null

22-11-2024T02:53:00 - [TEST_STEP][PASSED] - println(z): null

22-11-2024T02:53:00 - [TEST_STEP][PASSED] - ii = z.indexOf("План"): null

22-11-2024T02:53:00 - [TEST_STEP][PASSED] - if (ii > -1): null

22-11-2024T02:53:00 - [TEST_STEP][PASSED] - z = z.substring(0, ii): null

22-11-2024T02:53:00 - [TEST_STEP][PASSED] - println(z): null

22-11-2024T02:53:00 - [TEST_STEP][PASSED] - ii = z.indexOf("/") + 1: null

22-11-2024T02:53:00 - [TEST_STEP][PASSED] - z1 = z.substring(0, ii): null

22-11-2024T02:53:00 - [TEST_STEP][PASSED] - println(z1): null

22-11-2024T02:53:00 - [TEST_STEP][PASSED] - z = z.substring(ii, z.length()): null

22-11-2024T02:53:00 - [TEST_STEP][PASSED] - println(z): null

22-11-2024T02:53:00 - [TEST_STEP][PASSED] - ii = z1.length() / 2: null

22-11-2024T02:53:00 - [TEST_STEP][PASSED] - z1 = replaceAll("[\r?
|
]", "/").trim(): null

22-11-2024T02:53:00 - [TEST_STEP][PASSED] - println(z1): null

22-11-2024T02:53:00 - [TEST_STEP][PASSED] - ii = z.length() / 2: null

22-11-2024T02:53:00 - [TEST_STEP][PASSED] - z = replace("/", "").trim(): null

22-11-2024T02:53:00 - [TEST_STEP][PASSED] - println(z): null

22-11-2024T02:53:00 - [TEST_STEP][PASSED] - x = x + z1 + "/" + z: null

22-11-2024T02:53:00 - [TEST_STEP][PASSED] - println(x): null

22-11-2024T02:53:00 - [TEST_STEP][PASSED] - if (verifyElementPresent(findTestObject(path + "Таблица Итого-Факт"), 30)): null

22-11-2024T02:53:01 - [MESSAGE][PASSED] - Object 'Object Repository/Выполнение бизнес-плана/Таблица Итого-Факт' is present

22-11-2024T02:53:01 - [TEST_STEP][PASSED] - z = replaceAll("\s+", "").replaceAll("[а-яА-Я]", ""): Text of object 'Object Repository/Выполнение бизнес-плана/Таблица Итого-Факт' is: 'Отпуск в сеть 192 247 697
Отпуск из сети 175 051 868
Потери 17 195 829'

22-11-2024T02:53:01 - [MESSAGE][PASSED] - Text of object 'Object Repository/Выполнение бизнес-плана/Таблица Итого-Факт' is: 'Отпуск в сеть 192 247 697
Отпуск из сети 175 051 868
Потери 17 195 829'

22-11-2024T02:53:01 - [TEST_STEP][PASSED] - println(z): null

22-11-2024T02:53:01 - [TEST_STEP][PASSED] - x = x + "/" + z: null

22-11-2024T02:53:01 - [TEST_STEP][PASSED] - println(x): null

22-11-2024T02:53:01 - [TEST_STEP][PASSED] - click(findTestObject(path + "Кнопка План")): Object: 'Object Repository/Выполнение бизнес-плана/Кнопка План' is clicked on

22-11-2024T02:53:01 - [MESSAGE][PASSED] - Object: 'Object Repository/Выполнение бизнес-плана/Кнопка План' is clicked on

22-11-2024T02:53:01 - [TEST_STEP][PASSED] - z = replaceAll("\s+", "").replaceAll("[а-яА-Я]", ""): Text of object 'Object Repository/Выполнение бизнес-плана/Таблица Итого-План' is: 'Отпуск в сеть 187 501 364
Отпуск из сети 171 438 674
Потери 16 062 691'

22-11-2024T02:53:02 - [MESSAGE][PASSED] - Text of object 'Object Repository/Выполнение бизнес-плана/Таблица Итого-План' is: 'Отпуск в сеть 187 501 364
Отпуск из сети 171 438 674
Потери 16 062 691'

22-11-2024T02:53:02 - [TEST_STEP][PASSED] - x = x + "/" + z: null

22-11-2024T02:53:02 - [TEST_STEP][PASSED] - println(x): null

22-11-2024T02:53:02 - [TEST_STEP][PASSED] - click(findTestObject(path + "Кнопка Факт")): Object: 'Object Repository/Выполнение бизнес-плана/Кнопка Факт' is clicked on

22-11-2024T02:53:02 - [MESSAGE][PASSED] - Object: 'Object Repository/Выполнение бизнес-плана/Кнопка Факт' is clicked on

22-11-2024T02:53:02 - [TEST_STEP][PASSED] - return x: null

22-11-2024T02:53:02 - [TEST_STEP][PASSED] - println("pRR: " + pRR): null

22-11-2024T02:53:02 - [TEST_STEP][PASSED] - i = VseDZO.indexOf("ЕЭС"): null

22-11-2024T02:53:02 - [TEST_STEP][PASSED] - if (i > -1): null

22-11-2024T02:53:02 - [TEST_STEP][PASSED] - else: null

22-11-2024T02:53:02 - [TEST_STEP][PASSED] - fR = fR + "нет данных/нет данных/нет данных/нет данных/нет данных/нет данных/нет данных/нет данных/нет данных": null

22-11-2024T02:53:02 - [TEST_STEP][PASSED] - println("fR: " + fR): null

22-11-2024T02:53:02 - [TEST_STEP][PASSED] - i = VseDZO.indexOf("Тываэнерго"): null

22-11-2024T02:53:02 - [TEST_STEP][PASSED] - if (i > -1): null

22-11-2024T02:53:02 - [TEST_STEP][PASSED] - dZONum = dZONum + 1: null

22-11-2024T02:53:02 - [TEST_STEP][PASSED] - tyR = GetAllData(path, dZONum, VseDZO, x = "АО "Тываэнерго"/"): null

22-11-2024T02:53:02 - [TEST_STEP][PASSED] - ii = <not implemented yet for class: org.codehaus.groovy.ast.expr.EmptyExpression>: null

22-11-2024T02:53:02 - [TEST_STEP][PASSED] - i1 = <not implemented yet for class: org.codehaus.groovy.ast.expr.EmptyExpression>: null

22-11-2024T02:53:02 - [TEST_STEP][PASSED] - z = <not implemented yet for class: org.codehaus.groovy.ast.expr.EmptyExpression>: null

22-11-2024T02:53:02 - [TEST_STEP][PASSED] - path2 = "Значения со страницы Выполнение бизнес-плана/Table Data/": null

22-11-2024T02:53:02 - [TEST_STEP][PASSED] - println("path: " + path): null

22-11-2024T02:53:02 - [TEST_STEP][PASSED] - println("dZONum: " + dZONum): null

22-11-2024T02:53:02 - [TEST_STEP][PASSED] - z = getText(findTestObject(path + "spanPlan" + dZONum)): Text of object 'Object Repository/Выполнение бизнес-плана/spanPlan1' is: '21.03
|'

22-11-2024T02:53:02 - [MESSAGE][PASSED] - Text of object 'Object Repository/Выполнение бизнес-плана/spanPlan1' is: '21.03
|'

22-11-2024T02:53:02 - [TEST_STEP][PASSED] - println(z): null

22-11-2024T02:53:02 - [TEST_STEP][PASSED] - ii = z.indexOf("|"): null

22-11-2024T02:53:02 - [TEST_STEP][PASSED] - if (ii > -1): null

22-11-2024T02:53:02 - [TEST_STEP][PASSED] - z = z.substring(0, z.length() - 1): null

22-11-2024T02:53:02 - [TEST_STEP][PASSED] - println(z): null

22-11-2024T02:53:02 - [TEST_STEP][PASSED] - z = z.replaceAll("\s+", ""): null

22-11-2024T02:53:02 - [TEST_STEP][PASSED] - z = z.replace("[\r?
|
]", "/"): null

22-11-2024T02:53:02 - [TEST_STEP][PASSED] - println(z): null

22-11-2024T02:53:02 - [TEST_STEP][PASSED] - x = x + z: null

22-11-2024T02:53:02 - [TEST_STEP][PASSED] - z = getText(findTestObject(path + "spanFact" + dZONum)): Text of object 'Object Repository/Выполнение бизнес-плана/spanFact1' is: '20.96'

22-11-2024T02:53:02 - [MESSAGE][PASSED] - Text of object 'Object Repository/Выполнение бизнес-плана/spanFact1' is: '20.96'

22-11-2024T02:53:02 - [TEST_STEP][PASSED] - ii = z.indexOf("|"): null

22-11-2024T02:53:02 - [TEST_STEP][PASSED] - if (ii > -1): null

22-11-2024T02:53:02 - [TEST_STEP][PASSED] - x = x + "/" + z: null

22-11-2024T02:53:02 - [TEST_STEP][PASSED] - z = getText(findTestObject(path + path2 + "Факт Отпуск в сеть за отчётный период " + dZONum)).replaceAll("\s+", ""): Text of object 'Object Repository/Выполнение бизнес-плана/Значения со страницы Выполнение бизнес-плана/Table Data/Факт Отпуск в сеть за отчётный период 1' is: '572 217'

22-11-2024T02:53:03 - [MESSAGE][PASSED] - Text of object 'Object Repository/Выполнение бизнес-плана/Значения со страницы Выполнение бизнес-плана/Table Data/Факт Отпуск в сеть за отчётный период 1' is: '572 217'

22-11-2024T02:53:03 - [TEST_STEP][PASSED] - x = x + "/" + z: null

22-11-2024T02:53:03 - [TEST_STEP][PASSED] - z = getText(findTestObject(path + path2 + "Факт Отпуск из сети за отчётный период " + dZONum)).replaceAll("\s+", ""): Text of object 'Object Repository/Выполнение бизнес-плана/Значения со страницы Выполнение бизнес-плана/Table Data/Факт Отпуск из сети за отчётный период 1' is: '452 291'

22-11-2024T02:53:03 - [MESSAGE][PASSED] - Text of object 'Object Repository/Выполнение бизнес-плана/Значения со страницы Выполнение бизнес-плана/Table Data/Факт Отпуск из сети за отчётный период 1' is: '452 291'

22-11-2024T02:53:03 - [TEST_STEP][PASSED] - x = x + "/" + z: null

22-11-2024T02:53:03 - [TEST_STEP][PASSED] - z = getText(findTestObject(path + path2 + "Факт Потери за отчётный период " + dZONum)).replaceAll("\s+", ""): Text of object 'Object Repository/Выполнение бизнес-плана/Значения со страницы Выполнение бизнес-плана/Table Data/Факт Потери за отчётный период 1' is: '119 926'

22-11-2024T02:53:03 - [MESSAGE][PASSED] - Text of object 'Object Repository/Выполнение бизнес-плана/Значения со страницы Выполнение бизнес-плана/Table Data/Факт Потери за отчётный период 1' is: '119 926'

22-11-2024T02:53:03 - [TEST_STEP][PASSED] - x = x + "/" + z: null

22-11-2024T02:53:03 - [TEST_STEP][PASSED] - z = getText(findTestObject(path + path2 + "План Отпуск в сеть за отчётный период " + dZONum)).replaceAll("\s+", ""): Text of object 'Object Repository/Выполнение бизнес-плана/Значения со страницы Выполнение бизнес-плана/Table Data/План Отпуск в сеть за отчётный период 1' is: '544 127'

22-11-2024T02:53:04 - [MESSAGE][PASSED] - Text of object 'Object Repository/Выполнение бизнес-плана/Значения со страницы Выполнение бизнес-плана/Table Data/План Отпуск в сеть за отчётный период 1' is: '544 127'

22-11-2024T02:53:04 - [TEST_STEP][PASSED] - x = x + "/" + z: null

22-11-2024T02:53:04 - [TEST_STEP][PASSED] - z = getText(findTestObject(path + path2 + "План Отпуск из сети за отчётный период " + dZONum)).replaceAll("\s+", ""): Text of object 'Object Repository/Выполнение бизнес-плана/Значения со страницы Выполнение бизнес-плана/Table Data/План Отпуск из сети за отчётный период 1' is: '429 681'

22-11-2024T02:53:04 - [MESSAGE][PASSED] - Text of object 'Object Repository/Выполнение бизнес-плана/Значения со страницы Выполнение бизнес-плана/Table Data/План Отпуск из сети за отчётный период 1' is: '429 681'

22-11-2024T02:53:04 - [TEST_STEP][PASSED] - x = x + "/" + z: null

22-11-2024T02:53:04 - [TEST_STEP][PASSED] - z = getText(findTestObject(path + path2 + "План Потери за отчётный период " + dZONum)).replaceAll("\s+", ""): Text of object 'Object Repository/Выполнение бизнес-плана/Значения со страницы Выполнение бизнес-плана/Table Data/План Потери за отчётный период 1' is: '114 446'

22-11-2024T02:53:04 - [MESSAGE][PASSED] - Text of object 'Object Repository/Выполнение бизнес-плана/Значения со страницы Выполнение бизнес-плана/Table Data/План Потери за отчётный период 1' is: '114 446'

22-11-2024T02:53:04 - [TEST_STEP][PASSED] - x = x + "/" + z: null

22-11-2024T02:53:04 - [TEST_STEP][PASSED] - z = getText(findTestObject(path + "Список ДЗО")).replaceAll("[\r?
|
]", "/"): Text of object 'Object Repository/Выполнение бизнес-плана/Список ДЗО' is: '-0.07
3.72
3.84
-0.05
0.09
-0.51
-0.25
АО «Тываэнерго»
АО «Чеченэнерго»
Россети Северный Кавказ
Россети Сибирь
Россети Тюмень
Россети Центр (ГК)
Россети Центр и Приволжье (ГК)
-1
0
1
2
3
4
5
6
7'

22-11-2024T02:53:05 - [MESSAGE][PASSED] - Text of object 'Object Repository/Выполнение бизнес-плана/Список ДЗО' is: '-0.07
3.72
3.84
-0.05
0.09
-0.51
-0.25
АО «Тываэнерго»
АО «Чеченэнерго»
Россети Северный Кавказ
Россети Сибирь
Россети Тюмень
Россети Центр (ГК)
Россети Центр и Приволжье (ГК)
-1
0
1
2
3
4
5
6
7'

22-11-2024T02:53:05 - [TEST_STEP][PASSED] - for ([ii = 1, ii < dZONum, (ii++)]): null

22-11-2024T02:53:05 - [TEST_STEP][PASSED] - i1 = z.indexOf("/"): null

22-11-2024T02:53:05 - [TEST_STEP][PASSED] - if (i1 > -1): null

22-11-2024T02:53:05 - [TEST_STEP][PASSED] - z = z.substring(0, i1): null

22-11-2024T02:53:05 - [TEST_STEP][PASSED] - z = z.replace(",", "."): null

22-11-2024T02:53:05 - [TEST_STEP][PASSED] - println(z): null

22-11-2024T02:53:05 - [TEST_STEP][PASSED] - x = x + "/" + z: null

22-11-2024T02:53:05 - [TEST_STEP][PASSED] - x = x.replaceAll("[\r?
|
]", ""): null

22-11-2024T02:53:05 - [TEST_STEP][PASSED] - println(x): null

22-11-2024T02:53:05 - [TEST_STEP][PASSED] - return x: null

22-11-2024T02:53:05 - [TEST_STEP][PASSED] - println("tyR: " + tyR): null

22-11-2024T02:53:05 - [TEST_STEP][PASSED] - i = VseDZO.indexOf("Чеченэнерго"): null

22-11-2024T02:53:05 - [TEST_STEP][PASSED] - if (i > -1): null

22-11-2024T02:53:05 - [TEST_STEP][PASSED] - dZONum = dZONum + 1: null

22-11-2024T02:53:05 - [TEST_STEP][PASSED] - chR = GetAllData(path, dZONum, VseDZO, x = "АО "Чеченэнерго"/"): null

22-11-2024T02:53:05 - [TEST_STEP][PASSED] - ii = <not implemented yet for class: org.codehaus.groovy.ast.expr.EmptyExpression>: null

22-11-2024T02:53:05 - [TEST_STEP][PASSED] - i1 = <not implemented yet for class: org.codehaus.groovy.ast.expr.EmptyExpression>: null

22-11-2024T02:53:05 - [TEST_STEP][PASSED] - z = <not implemented yet for class: org.codehaus.groovy.ast.expr.EmptyExpression>: null

22-11-2024T02:53:05 - [TEST_STEP][PASSED] - path2 = "Значения со страницы Выполнение бизнес-плана/Table Data/": null

22-11-2024T02:53:05 - [TEST_STEP][PASSED] - println("path: " + path): null

22-11-2024T02:53:05 - [TEST_STEP][PASSED] - println("dZONum: " + dZONum): null

22-11-2024T02:53:05 - [TEST_STEP][PASSED] - z = getText(findTestObject(path + "spanPlan" + dZONum)): Text of object 'Object Repository/Выполнение бизнес-плана/spanPlan2' is: '32.87'

22-11-2024T02:53:05 - [MESSAGE][PASSED] - Text of object 'Object Repository/Выполнение бизнес-плана/spanPlan2' is: '32.87'

22-11-2024T02:53:05 - [TEST_STEP][PASSED] - println(z): null

22-11-2024T02:53:05 - [TEST_STEP][PASSED] - ii = z.indexOf("|"): null

22-11-2024T02:53:05 - [TEST_STEP][PASSED] - if (ii > -1): null

22-11-2024T02:53:05 - [TEST_STEP][PASSED] - z = z.replaceAll("\s+", ""): null

22-11-2024T02:53:05 - [TEST_STEP][PASSED] - z = z.replace("[\r?
|
]", "/"): null

22-11-2024T02:53:05 - [TEST_STEP][PASSED] - println(z): null

22-11-2024T02:53:05 - [TEST_STEP][PASSED] - x = x + z: null

22-11-2024T02:53:05 - [TEST_STEP][PASSED] - z = getText(findTestObject(path + "spanFact" + dZONum)): Text of object 'Object Repository/Выполнение бизнес-плана/spanFact2' is: '36.59
|'

22-11-2024T02:53:05 - [MESSAGE][PASSED] - Text of object 'Object Repository/Выполнение бизнес-плана/spanFact2' is: '36.59
|'

22-11-2024T02:53:05 - [TEST_STEP][PASSED] - ii = z.indexOf("|"): null

22-11-2024T02:53:05 - [TEST_STEP][PASSED] - if (ii > -1): null

22-11-2024T02:53:05 - [TEST_STEP][PASSED] - z = length() - 1).replace("[\r?
|
]", "/"): null

22-11-2024T02:53:05 - [TEST_STEP][PASSED] - x = x + "/" + z: null

22-11-2024T02:53:05 - [TEST_STEP][PASSED] - z = getText(findTestObject(path + path2 + "Факт Отпуск в сеть за отчётный период " + dZONum)).replaceAll("\s+", ""): Text of object 'Object Repository/Выполнение бизнес-плана/Значения со страницы Выполнение бизнес-плана/Table Data/Факт Отпуск в сеть за отчётный период 2' is: '3 034 612'

22-11-2024T02:53:06 - [MESSAGE][PASSED] - Text of object 'Object Repository/Выполнение бизнес-плана/Значения со страницы Выполнение бизнес-плана/Table Data/Факт Отпуск в сеть за отчётный период 2' is: '3 034 612'

22-11-2024T02:53:06 - [TEST_STEP][PASSED] - x = x + "/" + z: null

22-11-2024T02:53:06 - [TEST_STEP][PASSED] - z = getText(findTestObject(path + path2 + "Факт Отпуск из сети за отчётный период " + dZONum)).replaceAll("\s+", ""): Text of object 'Object Repository/Выполнение бизнес-плана/Значения со страницы Выполнение бизнес-плана/Table Data/Факт Отпуск из сети за отчётный период 2' is: '1 924 288'

22-11-2024T02:53:06 - [MESSAGE][PASSED] - Text of object 'Object Repository/Выполнение бизнес-плана/Значения со страницы Выполнение бизнес-плана/Table Data/Факт Отпуск из сети за отчётный период 2' is: '1 924 288'

22-11-2024T02:53:06 - [TEST_STEP][PASSED] - x = x + "/" + z: null

22-11-2024T02:53:06 - [TEST_STEP][PASSED] - z = getText(findTestObject(path + path2 + "Факт Потери за отчётный период " + dZONum)).replaceAll("\s+", ""): Text of object 'Object Repository/Выполнение бизнес-плана/Значения со страницы Выполнение бизнес-плана/Table Data/Факт Потери за отчётный период 2' is: '1 110 325'

22-11-2024T02:53:06 - [MESSAGE][PASSED] - Text of object 'Object Repository/Выполнение бизнес-плана/Значения со страницы Выполнение бизнес-плана/Table Data/Факт Потери за отчётный период 2' is: '1 110 325'

22-11-2024T02:53:06 - [TEST_STEP][PASSED] - x = x + "/" + z: null

22-11-2024T02:53:06 - [TEST_STEP][PASSED] - z = getText(findTestObject(path + path2 + "План Отпуск в сеть за отчётный период " + dZONum)).replaceAll("\s+", ""): Text of object 'Object Repository/Выполнение бизнес-плана/Значения со страницы Выполнение бизнес-плана/Table Data/План Отпуск в сеть за отчётный период 2' is: '2 822 152'

22-11-2024T02:53:07 - [MESSAGE][PASSED] - Text of object 'Object Repository/Выполнение бизнес-плана/Значения со страницы Выполнение бизнес-плана/Table Data/План Отпуск в сеть за отчётный период 2' is: '2 822 152'

22-11-2024T02:53:07 - [TEST_STEP][PASSED] - x = x + "/" + z: null

22-11-2024T02:53:07 - [TEST_STEP][PASSED] - z = getText(findTestObject(path + path2 + "План Отпуск из сети за отчётный период " + dZONum)).replaceAll("\s+", ""): Text of object 'Object Repository/Выполнение бизнес-плана/Значения со страницы Выполнение бизнес-плана/Table Data/План Отпуск из сети за отчётный период 2' is: '1 894 447'

22-11-2024T02:53:07 - [MESSAGE][PASSED] - Text of object 'Object Repository/Выполнение бизнес-плана/Значения со страницы Выполнение бизнес-плана/Table Data/План Отпуск из сети за отчётный период 2' is: '1 894 447'

22-11-2024T02:53:07 - [TEST_STEP][PASSED] - x = x + "/" + z: null

22-11-2024T02:53:07 - [TEST_STEP][PASSED] - z = getText(findTestObject(path + path2 + "План Потери за отчётный период " + dZONum)).replaceAll("\s+", ""): Text of object 'Object Repository/Выполнение бизнес-плана/Значения со страницы Выполнение бизнес-плана/Table Data/План Потери за отчётный период 2' is: '927 705'

22-11-2024T02:53:07 - [MESSAGE][PASSED] - Text of object 'Object Repository/Выполнение бизнес-плана/Значения со страницы Выполнение бизнес-плана/Table Data/План Потери за отчётный период 2' is: '927 705'

22-11-2024T02:53:07 - [TEST_STEP][PASSED] - x = x + "/" + z: null

22-11-2024T02:53:07 - [TEST_STEP][PASSED] - z = getText(findTestObject(path + "Список ДЗО")).replaceAll("[\r?
|
]", "/"): Text of object 'Object Repository/Выполнение бизнес-плана/Список ДЗО' is: '-0.07
3.72
3.84
-0.05
0.09
-0.51
-0.25
АО «Тываэнерго»
АО «Чеченэнерго»
Россети Северный Кавказ
Россети Сибирь
Россети Тюмень
Россети Центр (ГК)
Россети Центр и Приволжье (ГК)
-1
0
1
2
3
4
5
6
7'

22-11-2024T02:53:07 - [MESSAGE][PASSED] - Text of object 'Object Repository/Выполнение бизнес-плана/Список ДЗО' is: '-0.07
3.72
3.84
-0.05
0.09
-0.51
-0.25
АО «Тываэнерго»
АО «Чеченэнерго»
Россети Северный Кавказ
Россети Сибирь
Россети Тюмень
Россети Центр (ГК)
Россети Центр и Приволжье (ГК)
-1
0
1
2
3
4
5
6
7'

22-11-2024T02:53:07 - [TEST_STEP][PASSED] - for ([ii = 1, ii < dZONum, (ii++)]): null

22-11-2024T02:53:07 - [TEST_STEP][PASSED] - i1 = z.indexOf("/") + 1: null

22-11-2024T02:53:07 - [TEST_STEP][PASSED] - if (i1 > -1): null

22-11-2024T02:53:07 - [TEST_STEP][PASSED] - z = z.substring(i1, z.length()): null

22-11-2024T02:53:07 - [TEST_STEP][PASSED] - i1 = z.indexOf("/"): null

22-11-2024T02:53:07 - [TEST_STEP][PASSED] - i1 = z.indexOf("/"): null

22-11-2024T02:53:07 - [TEST_STEP][PASSED] - if (i1 > -1): null

22-11-2024T02:53:07 - [TEST_STEP][PASSED] - z = z.substring(0, i1): null

22-11-2024T02:53:07 - [TEST_STEP][PASSED] - z = z.replace(",", "."): null

22-11-2024T02:53:07 - [TEST_STEP][PASSED] - println(z): null

22-11-2024T02:53:07 - [TEST_STEP][PASSED] - x = x + "/" + z: null

22-11-2024T02:53:07 - [TEST_STEP][PASSED] - x = x.replaceAll("[\r?
|
]", ""): null

22-11-2024T02:53:07 - [TEST_STEP][PASSED] - println(x): null

22-11-2024T02:53:07 - [TEST_STEP][PASSED] - return x: null

22-11-2024T02:53:07 - [TEST_STEP][PASSED] - println("chR: " + chR): null

22-11-2024T02:53:07 - [TEST_STEP][PASSED] - i = VseDZO.indexOf("Волга"): null

22-11-2024T02:53:07 - [TEST_STEP][PASSED] - if (i > -1): null

22-11-2024T02:53:07 - [TEST_STEP][PASSED] - else: null

22-11-2024T02:53:07 - [TEST_STEP][PASSED] - vR = vR + "нет данных/нет данных/нет данных/нет данных/нет данных/нет данных/нет данных/нет данных/нет данных": null

22-11-2024T02:53:07 - [TEST_STEP][PASSED] - println("vR: " + vR): null

22-11-2024T02:53:07 - [TEST_STEP][PASSED] - i = VseDZO.indexOf("Кубань"): null

22-11-2024T02:53:07 - [TEST_STEP][PASSED] - if (i > -1): null

22-11-2024T02:53:07 - [TEST_STEP][PASSED] - else: null

22-11-2024T02:53:07 - [TEST_STEP][PASSED] - kR = kR + "нет данных/нет данных/нет данных/нет данных/нет данных/нет данных/нет данных/нет данных/нет данных": null

22-11-2024T02:53:07 - [TEST_STEP][PASSED] - println("kR: " + kR): null

22-11-2024T02:53:07 - [TEST_STEP][PASSED] - i = VseDZO.indexOf("Ленэнерго"): null

22-11-2024T02:53:07 - [TEST_STEP][PASSED] - if (i > -1): null

22-11-2024T02:53:07 - [TEST_STEP][PASSED] - else: null

22-11-2024T02:53:07 - [TEST_STEP][PASSED] - lR = lR + "нет данных/нет данных/нет данных/нет данных/нет данных/нет данных/нет данных/нет данных/нет данных": null

22-11-2024T02:53:07 - [TEST_STEP][PASSED] - println("lR: " + lR): null

22-11-2024T02:53:07 - [TEST_STEP][PASSED] - i = VseDZO.indexOf("Московский"): null

22-11-2024T02:53:07 - [TEST_STEP][PASSED] - if (i > -1): null

22-11-2024T02:53:07 - [TEST_STEP][PASSED] - else: null

22-11-2024T02:53:07 - [TEST_STEP][PASSED] - mR = mR + "нет данных/нет данных/нет данных/нет данных/нет данных/нет данных/нет данных/нет данных/нет данных": null

22-11-2024T02:53:07 - [TEST_STEP][PASSED] - println("mR: " + mR): null

22-11-2024T02:53:07 - [TEST_STEP][PASSED] - i = VseDZO.indexOf("Кавказ"): null

22-11-2024T02:53:07 - [TEST_STEP][PASSED] - if (i > -1): null

22-11-2024T02:53:07 - [TEST_STEP][PASSED] - dZONum = dZONum + 1: null

22-11-2024T02:53:08 - [TEST_STEP][PASSED] - sKR = GetAllData(path, dZONum, VseDZO, x = "Россети Северный Кавказ (ГК)/"): null

22-11-2024T02:53:08 - [TEST_STEP][PASSED] - ii = <not implemented yet for class: org.codehaus.groovy.ast.expr.EmptyExpression>: null

22-11-2024T02:53:08 - [TEST_STEP][PASSED] - i1 = <not implemented yet for class: org.codehaus.groovy.ast.expr.EmptyExpression>: null

22-11-2024T02:53:08 - [TEST_STEP][PASSED] - z = <not implemented yet for class: org.codehaus.groovy.ast.expr.EmptyExpression>: null

22-11-2024T02:53:08 - [TEST_STEP][PASSED] - path2 = "Значения со страницы Выполнение бизнес-плана/Table Data/": null

22-11-2024T02:53:08 - [TEST_STEP][PASSED] - println("path: " + path): null

22-11-2024T02:53:08 - [TEST_STEP][PASSED] - println("dZONum: " + dZONum): null

22-11-2024T02:53:08 - [TEST_STEP][PASSED] - z = getText(findTestObject(path + "spanPlan" + dZONum)): Text of object 'Object Repository/Выполнение бизнес-плана/spanPlan3' is: '23.70'

22-11-2024T02:53:08 - [MESSAGE][PASSED] - Text of object 'Object Repository/Выполнение бизнес-плана/spanPlan3' is: '23.70'

22-11-2024T02:53:08 - [TEST_STEP][PASSED] - println(z): null

22-11-2024T02:53:08 - [TEST_STEP][PASSED] - ii = z.indexOf("|"): null

22-11-2024T02:53:08 - [TEST_STEP][PASSED] - if (ii > -1): null

22-11-2024T02:53:08 - [TEST_STEP][PASSED] - z = z.replaceAll("\s+", ""): null

22-11-2024T02:53:08 - [TEST_STEP][PASSED] - z = z.replace("[\r?
|
]", "/"): null

22-11-2024T02:53:08 - [TEST_STEP][PASSED] - println(z): null

22-11-2024T02:53:08 - [TEST_STEP][PASSED] - x = x + z: null

22-11-2024T02:53:08 - [TEST_STEP][PASSED] - z = getText(findTestObject(path + "spanFact" + dZONum)): Text of object 'Object Repository/Выполнение бизнес-плана/spanFact3' is: '27.54
|'

22-11-2024T02:53:08 - [MESSAGE][PASSED] - Text of object 'Object Repository/Выполнение бизнес-плана/spanFact3' is: '27.54
|'

22-11-2024T02:53:08 - [TEST_STEP][PASSED] - ii = z.indexOf("|"): null

22-11-2024T02:53:08 - [TEST_STEP][PASSED] - if (ii > -1): null

22-11-2024T02:53:08 - [TEST_STEP][PASSED] - z = length() - 1).replace("[\r?
|
]", "/"): null

22-11-2024T02:53:08 - [TEST_STEP][PASSED] - x = x + "/" + z: null

22-11-2024T02:53:08 - [TEST_STEP][PASSED] - z = getText(findTestObject(path + path2 + "Факт Отпуск в сеть за отчётный период " + dZONum)).replaceAll("\s+", ""): Text of object 'Object Repository/Выполнение бизнес-плана/Значения со страницы Выполнение бизнес-плана/Table Data/Факт Отпуск в сеть за отчётный период 3' is: '17 367 779'

22-11-2024T02:53:08 - [MESSAGE][PASSED] - Text of object 'Object Repository/Выполнение бизнес-плана/Значения со страницы Выполнение бизнес-плана/Table Data/Факт Отпуск в сеть за отчётный период 3' is: '17 367 779'

22-11-2024T02:53:08 - [TEST_STEP][PASSED] - x = x + "/" + z: null

22-11-2024T02:53:08 - [TEST_STEP][PASSED] - z = getText(findTestObject(path + path2 + "Факт Отпуск из сети за отчётный период " + dZONum)).replaceAll("\s+", ""): Text of object 'Object Repository/Выполнение бизнес-плана/Значения со страницы Выполнение бизнес-плана/Table Data/Факт Отпуск из сети за отчётный период 3' is: '12 584 601'

22-11-2024T02:53:09 - [MESSAGE][PASSED] - Text of object 'Object Repository/Выполнение бизнес-плана/Значения со страницы Выполнение бизнес-плана/Table Data/Факт Отпуск из сети за отчётный период 3' is: '12 584 601'

22-11-2024T02:53:09 - [TEST_STEP][PASSED] - x = x + "/" + z: null

22-11-2024T02:53:09 - [TEST_STEP][PASSED] - z = getText(findTestObject(path + path2 + "Факт Потери за отчётный период " + dZONum)).replaceAll("\s+", ""): Text of object 'Object Repository/Выполнение бизнес-плана/Значения со страницы Выполнение бизнес-плана/Table Data/Факт Потери за отчётный период 3' is: '4 783 177'

22-11-2024T02:53:09 - [MESSAGE][PASSED] - Text of object 'Object Repository/Выполнение бизнес-плана/Значения со страницы Выполнение бизнес-плана/Table Data/Факт Потери за отчётный период 3' is: '4 783 177'

22-11-2024T02:53:09 - [TEST_STEP][PASSED] - x = x + "/" + z: null

22-11-2024T02:53:09 - [TEST_STEP][PASSED] - z = getText(findTestObject(path + path2 + "План Отпуск в сеть за отчётный период " + dZONum)).replaceAll("\s+", ""): Text of object 'Object Repository/Выполнение бизнес-плана/Значения со страницы Выполнение бизнес-плана/Table Data/План Отпуск в сеть за отчётный период 3' is: '16 300 204'

22-11-2024T02:53:09 - [MESSAGE][PASSED] - Text of object 'Object Repository/Выполнение бизнес-плана/Значения со страницы Выполнение бизнес-плана/Table Data/План Отпуск в сеть за отчётный период 3' is: '16 300 204'

22-11-2024T02:53:09 - [TEST_STEP][PASSED] - x = x + "/" + z: null

22-11-2024T02:53:09 - [TEST_STEP][PASSED] - z = getText(findTestObject(path + path2 + "План Отпуск из сети за отчётный период " + dZONum)).replaceAll("\s+", ""): Text of object 'Object Repository/Выполнение бизнес-плана/Значения со страницы Выполнение бизнес-плана/Table Data/План Отпуск из сети за отчётный период 3' is: '12 437 092'

22-11-2024T02:53:10 - [MESSAGE][PASSED] - Text of object 'Object Repository/Выполнение бизнес-плана/Значения со страницы Выполнение бизнес-плана/Table Data/План Отпуск из сети за отчётный период 3' is: '12 437 092'

22-11-2024T02:53:10 - [TEST_STEP][PASSED] - x = x + "/" + z: null

22-11-2024T02:53:10 - [TEST_STEP][PASSED] - z = getText(findTestObject(path + path2 + "План Потери за отчётный период " + dZONum)).replaceAll("\s+", ""): Text of object 'Object Repository/Выполнение бизнес-плана/Значения со страницы Выполнение бизнес-плана/Table Data/План Потери за отчётный период 3' is: '3 863 112'

22-11-2024T02:53:10 - [MESSAGE][PASSED] - Text of object 'Object Repository/Выполнение бизнес-плана/Значения со страницы Выполнение бизнес-плана/Table Data/План Потери за отчётный период 3' is: '3 863 112'

22-11-2024T02:53:10 - [TEST_STEP][PASSED] - x = x + "/" + z: null

22-11-2024T02:53:10 - [TEST_STEP][PASSED] - z = getText(findTestObject(path + "Список ДЗО")).replaceAll("[\r?
|
]", "/"): Text of object 'Object Repository/Выполнение бизнес-плана/Список ДЗО' is: '-0.07
3.72
3.84
-0.05
0.09
-0.51
-0.25
АО «Тываэнерго»
АО «Чеченэнерго»
Россети Северный Кавказ
Россети Сибирь
Россети Тюмень
Россети Центр (ГК)
Россети Центр и Приволжье (ГК)
-1
0
1
2
3
4
5
6
7'

22-11-2024T02:53:10 - [MESSAGE][PASSED] - Text of object 'Object Repository/Выполнение бизнес-плана/Список ДЗО' is: '-0.07
3.72
3.84
-0.05
0.09
-0.51
-0.25
АО «Тываэнерго»
АО «Чеченэнерго»
Россети Северный Кавказ
Россети Сибирь
Россети Тюмень
Россети Центр (ГК)
Россети Центр и Приволжье (ГК)
-1
0
1
2
3
4
5
6
7'

22-11-2024T02:53:10 - [TEST_STEP][PASSED] - for ([ii = 1, ii < dZONum, (ii++)]): null

22-11-2024T02:53:10 - [TEST_STEP][PASSED] - i1 = z.indexOf("/") + 1: null

22-11-2024T02:53:10 - [TEST_STEP][PASSED] - if (i1 > -1): null

22-11-2024T02:53:10 - [TEST_STEP][PASSED] - z = z.substring(i1, z.length()): null

22-11-2024T02:53:10 - [TEST_STEP][PASSED] - i1 = z.indexOf("/"): null

22-11-2024T02:53:10 - [TEST_STEP][PASSED] - i1 = z.indexOf("/") + 1: null

22-11-2024T02:53:10 - [TEST_STEP][PASSED] - if (i1 > -1): null

22-11-2024T02:53:10 - [TEST_STEP][PASSED] - z = z.substring(i1, z.length()): null

22-11-2024T02:53:10 - [TEST_STEP][PASSED] - i1 = z.indexOf("/"): null

22-11-2024T02:53:10 - [TEST_STEP][PASSED] - i1 = z.indexOf("/"): null

22-11-2024T02:53:10 - [TEST_STEP][PASSED] - if (i1 > -1): null

22-11-2024T02:53:10 - [TEST_STEP][PASSED] - z = z.substring(0, i1): null

22-11-2024T02:53:10 - [TEST_STEP][PASSED] - z = z.replace(",", "."): null

22-11-2024T02:53:10 - [TEST_STEP][PASSED] - println(z): null

22-11-2024T02:53:10 - [TEST_STEP][PASSED] - x = x + "/" + z: null

22-11-2024T02:53:10 - [TEST_STEP][PASSED] - x = x.replaceAll("[\r?
|
]", ""): null

22-11-2024T02:53:10 - [TEST_STEP][PASSED] - println(x): null

22-11-2024T02:53:10 - [TEST_STEP][PASSED] - return x: null

22-11-2024T02:53:10 - [TEST_STEP][PASSED] - println("sKR: " + sKR): null

22-11-2024T02:53:10 - [TEST_STEP][PASSED] - i = VseDZO.indexOf("Запад"): null

22-11-2024T02:53:10 - [TEST_STEP][PASSED] - if (i > -1): null

22-11-2024T02:53:10 - [TEST_STEP][PASSED] - else: null

22-11-2024T02:53:10 - [TEST_STEP][PASSED] - sZR = sZR + "нет данных/нет данных/нет данных/нет данных/нет данных/нет данных/нет данных/нет данных/нет данных": null

22-11-2024T02:53:10 - [TEST_STEP][PASSED] - println("sZR: " + sZR): null

22-11-2024T02:53:10 - [TEST_STEP][PASSED] - i = VseDZO.indexOf("Сибирь"): null

22-11-2024T02:53:10 - [TEST_STEP][PASSED] - if (i > -1): null

22-11-2024T02:53:10 - [TEST_STEP][PASSED] - dZONum = dZONum + 1: null

22-11-2024T02:53:10 - [TEST_STEP][PASSED] - siR = GetAllData(path, dZONum, VseDZO, x = "Россети Сибирь (ГК)/"): null

22-11-2024T02:53:10 - [TEST_STEP][PASSED] - ii = <not implemented yet for class: org.codehaus.groovy.ast.expr.EmptyExpression>: null

22-11-2024T02:53:10 - [TEST_STEP][PASSED] - i1 = <not implemented yet for class: org.codehaus.groovy.ast.expr.EmptyExpression>: null

22-11-2024T02:53:10 - [TEST_STEP][PASSED] - z = <not implemented yet for class: org.codehaus.groovy.ast.expr.EmptyExpression>: null

22-11-2024T02:53:10 - [TEST_STEP][PASSED] - path2 = "Значения со страницы Выполнение бизнес-плана/Table Data/": null

22-11-2024T02:53:10 - [TEST_STEP][PASSED] - println("path: " + path): null

22-11-2024T02:53:10 - [TEST_STEP][PASSED] - println("dZONum: " + dZONum): null

22-11-2024T02:53:10 - [TEST_STEP][PASSED] - z = getText(findTestObject(path + "spanPlan" + dZONum)): Text of object 'Object Repository/Выполнение бизнес-плана/spanPlan4' is: '6.97
|'

22-11-2024T02:53:11 - [MESSAGE][PASSED] - Text of object 'Object Repository/Выполнение бизнес-плана/spanPlan4' is: '6.97
|'

22-11-2024T02:53:11 - [TEST_STEP][PASSED] - println(z): null

22-11-2024T02:53:11 - [TEST_STEP][PASSED] - ii = z.indexOf("|"): null

22-11-2024T02:53:11 - [TEST_STEP][PASSED] - if (ii > -1): null

22-11-2024T02:53:11 - [TEST_STEP][PASSED] - z = z.substring(0, z.length() - 1): null

22-11-2024T02:53:11 - [TEST_STEP][PASSED] - println(z): null

22-11-2024T02:53:11 - [TEST_STEP][PASSED] - z = z.replaceAll("\s+", ""): null

22-11-2024T02:53:11 - [TEST_STEP][PASSED] - z = z.replace("[\r?
|
]", "/"): null

22-11-2024T02:53:11 - [TEST_STEP][PASSED] - println(z): null

22-11-2024T02:53:11 - [TEST_STEP][PASSED] - x = x + z: null

22-11-2024T02:53:11 - [TEST_STEP][PASSED] - z = getText(findTestObject(path + "spanFact" + dZONum)): Text of object 'Object Repository/Выполнение бизнес-плана/spanFact4' is: '6.92'

22-11-2024T02:53:11 - [MESSAGE][PASSED] - Text of object 'Object Repository/Выполнение бизнес-плана/spanFact4' is: '6.92'

22-11-2024T02:53:11 - [TEST_STEP][PASSED] - ii = z.indexOf("|"): null

22-11-2024T02:53:11 - [TEST_STEP][PASSED] - if (ii > -1): null

22-11-2024T02:53:11 - [TEST_STEP][PASSED] - x = x + "/" + z: null

22-11-2024T02:53:11 - [TEST_STEP][PASSED] - z = getText(findTestObject(path + path2 + "Факт Отпуск в сеть за отчётный период " + dZONum)).replaceAll("\s+", ""): Text of object 'Object Repository/Выполнение бизнес-плана/Значения со страницы Выполнение бизнес-плана/Table Data/Факт Отпуск в сеть за отчётный период 4' is: '46 928 172'

22-11-2024T02:53:11 - [MESSAGE][PASSED] - Text of object 'Object Repository/Выполнение бизнес-плана/Значения со страницы Выполнение бизнес-плана/Table Data/Факт Отпуск в сеть за отчётный период 4' is: '46 928 172'

22-11-2024T02:53:11 - [TEST_STEP][PASSED] - x = x + "/" + z: null

22-11-2024T02:53:11 - [TEST_STEP][PASSED] - z = getText(findTestObject(path + path2 + "Факт Отпуск из сети за отчётный период " + dZONum)).replaceAll("\s+", ""): Text of object 'Object Repository/Выполнение бизнес-плана/Значения со страницы Выполнение бизнес-плана/Table Data/Факт Отпуск из сети за отчётный период 4' is: '43 678 766'

22-11-2024T02:53:12 - [MESSAGE][PASSED] - Text of object 'Object Repository/Выполнение бизнес-плана/Значения со страницы Выполнение бизнес-плана/Table Data/Факт Отпуск из сети за отчётный период 4' is: '43 678 766'

22-11-2024T02:53:12 - [TEST_STEP][PASSED] - x = x + "/" + z: null

22-11-2024T02:53:12 - [TEST_STEP][PASSED] - z = getText(findTestObject(path + path2 + "Факт Потери за отчётный период " + dZONum)).replaceAll("\s+", ""): Text of object 'Object Repository/Выполнение бизнес-плана/Значения со страницы Выполнение бизнес-плана/Table Data/Факт Потери за отчётный период 4' is: '3 249 406'

22-11-2024T02:53:12 - [MESSAGE][PASSED] - Text of object 'Object Repository/Выполнение бизнес-плана/Значения со страницы Выполнение бизнес-плана/Table Data/Факт Потери за отчётный период 4' is: '3 249 406'

22-11-2024T02:53:12 - [TEST_STEP][PASSED] - x = x + "/" + z: null

22-11-2024T02:53:12 - [TEST_STEP][PASSED] - z = getText(findTestObject(path + path2 + "План Отпуск в сеть за отчётный период " + dZONum)).replaceAll("\s+", ""): Text of object 'Object Repository/Выполнение бизнес-плана/Значения со страницы Выполнение бизнес-плана/Table Data/План Отпуск в сеть за отчётный период 4' is: '44 875 501'

22-11-2024T02:53:12 - [MESSAGE][PASSED] - Text of object 'Object Repository/Выполнение бизнес-плана/Значения со страницы Выполнение бизнес-плана/Table Data/План Отпуск в сеть за отчётный период 4' is: '44 875 501'

22-11-2024T02:53:12 - [TEST_STEP][PASSED] - x = x + "/" + z: null

22-11-2024T02:53:12 - [TEST_STEP][PASSED] - z = getText(findTestObject(path + path2 + "План Отпуск из сети за отчётный период " + dZONum)).replaceAll("\s+", ""): Text of object 'Object Repository/Выполнение бизнес-плана/Значения со страницы Выполнение бизнес-плана/Table Data/План Отпуск из сети за отчётный период 4' is: '41 746 891'

22-11-2024T02:53:12 - [MESSAGE][PASSED] - Text of object 'Object Repository/Выполнение бизнес-плана/Значения со страницы Выполнение бизнес-плана/Table Data/План Отпуск из сети за отчётный период 4' is: '41 746 891'

22-11-2024T02:53:12 - [TEST_STEP][PASSED] - x = x + "/" + z: null

22-11-2024T02:53:12 - [TEST_STEP][PASSED] - z = getText(findTestObject(path + path2 + "План Потери за отчётный период " + dZONum)).replaceAll("\s+", ""): Text of object 'Object Repository/Выполнение бизнес-плана/Значения со страницы Выполнение бизнес-плана/Table Data/План Потери за отчётный период 4' is: '3 128 610'

22-11-2024T02:53:13 - [MESSAGE][PASSED] - Text of object 'Object Repository/Выполнение бизнес-плана/Значения со страницы Выполнение бизнес-плана/Table Data/План Потери за отчётный период 4' is: '3 128 610'

22-11-2024T02:53:13 - [TEST_STEP][PASSED] - x = x + "/" + z: null

22-11-2024T02:53:13 - [TEST_STEP][PASSED] - z = getText(findTestObject(path + "Список ДЗО")).replaceAll("[\r?
|
]", "/"): Text of object 'Object Repository/Выполнение бизнес-плана/Список ДЗО' is: '-0.07
3.72
3.84
-0.05
0.09
-0.51
-0.25
АО «Тываэнерго»
АО «Чеченэнерго»
Россети Северный Кавказ
Россети Сибирь
Россети Тюмень
Россети Центр (ГК)
Россети Центр и Приволжье (ГК)
-1
0
1
2
3
4
5
6
7'

22-11-2024T02:53:13 - [MESSAGE][PASSED] - Text of object 'Object Repository/Выполнение бизнес-плана/Список ДЗО' is: '-0.07
3.72
3.84
-0.05
0.09
-0.51
-0.25
АО «Тываэнерго»
АО «Чеченэнерго»
Россети Северный Кавказ
Россети Сибирь
Россети Тюмень
Россети Центр (ГК)
Россети Центр и Приволжье (ГК)
-1
0
1
2
3
4
5
6
7'

22-11-2024T02:53:13 - [TEST_STEP][PASSED] - for ([ii = 1, ii < dZONum, (ii++)]): null

22-11-2024T02:53:13 - [TEST_STEP][PASSED] - i1 = z.indexOf("/") + 1: null

22-11-2024T02:53:13 - [TEST_STEP][PASSED] - if (i1 > -1): null

22-11-2024T02:53:13 - [TEST_STEP][PASSED] - z = z.substring(i1, z.length()): null

22-11-2024T02:53:13 - [TEST_STEP][PASSED] - i1 = z.indexOf("/"): null

22-11-2024T02:53:13 - [TEST_STEP][PASSED] - i1 = z.indexOf("/") + 1: null

22-11-2024T02:53:13 - [TEST_STEP][PASSED] - if (i1 > -1): null

22-11-2024T02:53:13 - [TEST_STEP][PASSED] - z = z.substring(i1, z.length()): null

22-11-2024T02:53:13 - [TEST_STEP][PASSED] - i1 = z.indexOf("/"): null

22-11-2024T02:53:13 - [TEST_STEP][PASSED] - i1 = z.indexOf("/") + 1: null

22-11-2024T02:53:13 - [TEST_STEP][PASSED] - if (i1 > -1): null

22-11-2024T02:53:13 - [TEST_STEP][PASSED] - z = z.substring(i1, z.length()): null

22-11-2024T02:53:13 - [TEST_STEP][PASSED] - i1 = z.indexOf("/"): null

22-11-2024T02:53:13 - [TEST_STEP][PASSED] - i1 = z.indexOf("/"): null

22-11-2024T02:53:13 - [TEST_STEP][PASSED] - if (i1 > -1): null

22-11-2024T02:53:13 - [TEST_STEP][PASSED] - z = z.substring(0, i1): null

22-11-2024T02:53:13 - [TEST_STEP][PASSED] - z = z.replace(",", "."): null

22-11-2024T02:53:13 - [TEST_STEP][PASSED] - println(z): null

22-11-2024T02:53:13 - [TEST_STEP][PASSED] - x = x + "/" + z: null

22-11-2024T02:53:13 - [TEST_STEP][PASSED] - x = x.replaceAll("[\r?
|
]", ""): null

22-11-2024T02:53:13 - [TEST_STEP][PASSED] - println(x): null

22-11-2024T02:53:13 - [TEST_STEP][PASSED] - return x: null

22-11-2024T02:53:13 - [TEST_STEP][PASSED] - println("siR: " + siR): null

22-11-2024T02:53:13 - [TEST_STEP][PASSED] - i = VseDZO.indexOf("Томск"): null

22-11-2024T02:53:13 - [TEST_STEP][PASSED] - if (i > -1): null

22-11-2024T02:53:13 - [TEST_STEP][PASSED] - else: null

22-11-2024T02:53:13 - [TEST_STEP][PASSED] - tomR = tomR + "нет данных/нет данных/нет данных/нет данных/нет данных/нет данных/нет данных/нет данных/нет данных": null

22-11-2024T02:53:13 - [TEST_STEP][PASSED] - println("tomR: " + tomR): null

22-11-2024T02:53:13 - [TEST_STEP][PASSED] - i = VseDZO.indexOf("Тюмень"): null

22-11-2024T02:53:13 - [TEST_STEP][PASSED] - if (i > -1): null

22-11-2024T02:53:13 - [TEST_STEP][PASSED] - dZONum = dZONum + 1: null

22-11-2024T02:53:13 - [TEST_STEP][PASSED] - tyumR = GetAllData(path, dZONum, VseDZO, x = "Россети Тюмень/"): null

22-11-2024T02:53:13 - [TEST_STEP][PASSED] - ii = <not implemented yet for class: org.codehaus.groovy.ast.expr.EmptyExpression>: null

22-11-2024T02:53:13 - [TEST_STEP][PASSED] - i1 = <not implemented yet for class: org.codehaus.groovy.ast.expr.EmptyExpression>: null

22-11-2024T02:53:13 - [TEST_STEP][PASSED] - z = <not implemented yet for class: org.codehaus.groovy.ast.expr.EmptyExpression>: null

22-11-2024T02:53:13 - [TEST_STEP][PASSED] - path2 = "Значения со страницы Выполнение бизнес-плана/Table Data/": null

22-11-2024T02:53:13 - [TEST_STEP][PASSED] - println("path: " + path): null

22-11-2024T02:53:13 - [TEST_STEP][PASSED] - println("dZONum: " + dZONum): null

22-11-2024T02:53:13 - [TEST_STEP][PASSED] - z = getText(findTestObject(path + "spanPlan" + dZONum)): Text of object 'Object Repository/Выполнение бизнес-плана/spanPlan5' is: '2.51'

22-11-2024T02:53:13 - [MESSAGE][PASSED] - Text of object 'Object Repository/Выполнение бизнес-плана/spanPlan5' is: '2.51'

22-11-2024T02:53:13 - [TEST_STEP][PASSED] - println(z): null

22-11-2024T02:53:13 - [TEST_STEP][PASSED] - ii = z.indexOf("|"): null

22-11-2024T02:53:13 - [TEST_STEP][PASSED] - if (ii > -1): null

22-11-2024T02:53:13 - [TEST_STEP][PASSED] - z = z.replaceAll("\s+", ""): null

22-11-2024T02:53:13 - [TEST_STEP][PASSED] - z = z.replace("[\r?
|
]", "/"): null

22-11-2024T02:53:13 - [TEST_STEP][PASSED] - println(z): null

22-11-2024T02:53:13 - [TEST_STEP][PASSED] - x = x + z: null

22-11-2024T02:53:13 - [TEST_STEP][PASSED] - z = getText(findTestObject(path + "spanFact" + dZONum)): Text of object 'Object Repository/Выполнение бизнес-плана/spanFact5' is: '2.60
|'

22-11-2024T02:53:14 - [MESSAGE][PASSED] - Text of object 'Object Repository/Выполнение бизнес-плана/spanFact5' is: '2.60
|'

22-11-2024T02:53:14 - [TEST_STEP][PASSED] - ii = z.indexOf("|"): null

22-11-2024T02:53:14 - [TEST_STEP][PASSED] - if (ii > -1): null

22-11-2024T02:53:14 - [TEST_STEP][PASSED] - z = length() - 1).replace("[\r?
|
]", "/"): null

22-11-2024T02:53:14 - [TEST_STEP][PASSED] - x = x + "/" + z: null

22-11-2024T02:53:14 - [TEST_STEP][PASSED] - z = getText(findTestObject(path + path2 + "Факт Отпуск в сеть за отчётный период " + dZONum)).replaceAll("\s+", ""): Text of object 'Object Repository/Выполнение бизнес-плана/Значения со страницы Выполнение бизнес-плана/Table Data/Факт Отпуск в сеть за отчётный период 5' is: '39 079 081'

22-11-2024T02:53:14 - [MESSAGE][PASSED] - Text of object 'Object Repository/Выполнение бизнес-плана/Значения со страницы Выполнение бизнес-плана/Table Data/Факт Отпуск в сеть за отчётный период 5' is: '39 079 081'

22-11-2024T02:53:14 - [TEST_STEP][PASSED] - x = x + "/" + z: null

22-11-2024T02:53:14 - [TEST_STEP][PASSED] - z = getText(findTestObject(path + path2 + "Факт Отпуск из сети за отчётный период " + dZONum)).replaceAll("\s+", ""): Text of object 'Object Repository/Выполнение бизнес-плана/Значения со страницы Выполнение бизнес-плана/Table Data/Факт Отпуск из сети за отчётный период 5' is: '38 062 639'

22-11-2024T02:53:14 - [MESSAGE][PASSED] - Text of object 'Object Repository/Выполнение бизнес-плана/Значения со страницы Выполнение бизнес-плана/Table Data/Факт Отпуск из сети за отчётный период 5' is: '38 062 639'

22-11-2024T02:53:14 - [TEST_STEP][PASSED] - x = x + "/" + z: null

22-11-2024T02:53:14 - [TEST_STEP][PASSED] - z = getText(findTestObject(path + path2 + "Факт Потери за отчётный период " + dZONum)).replaceAll("\s+", ""): Text of object 'Object Repository/Выполнение бизнес-плана/Значения со страницы Выполнение бизнес-плана/Table Data/Факт Потери за отчётный период 5' is: '1 016 442'

22-11-2024T02:53:15 - [MESSAGE][PASSED] - Text of object 'Object Repository/Выполнение бизнес-плана/Значения со страницы Выполнение бизнес-плана/Table Data/Факт Потери за отчётный период 5' is: '1 016 442'

22-11-2024T02:53:15 - [TEST_STEP][PASSED] - x = x + "/" + z: null

22-11-2024T02:53:15 - [TEST_STEP][PASSED] - z = getText(findTestObject(path + path2 + "План Отпуск в сеть за отчётный период " + dZONum)).replaceAll("\s+", ""): Text of object 'Object Repository/Выполнение бизнес-плана/Значения со страницы Выполнение бизнес-плана/Table Data/План Отпуск в сеть за отчётный период 5' is: '40 452 567'

22-11-2024T02:53:15 - [MESSAGE][PASSED] - Text of object 'Object Repository/Выполнение бизнес-плана/Значения со страницы Выполнение бизнес-плана/Table Data/План Отпуск в сеть за отчётный период 5' is: '40 452 567'

22-11-2024T02:53:15 - [TEST_STEP][PASSED] - x = x + "/" + z: null

22-11-2024T02:53:15 - [TEST_STEP][PASSED] - z = getText(findTestObject(path + path2 + "План Отпуск из сети за отчётный период " + dZONum)).replaceAll("\s+", ""): Text of object 'Object Repository/Выполнение бизнес-плана/Значения со страницы Выполнение бизнес-плана/Table Data/План Отпуск из сети за отчётный период 5' is: '39 436 282'

22-11-2024T02:53:15 - [MESSAGE][PASSED] - Text of object 'Object Repository/Выполнение бизнес-плана/Значения со страницы Выполнение бизнес-плана/Table Data/План Отпуск из сети за отчётный период 5' is: '39 436 282'

22-11-2024T02:53:15 - [TEST_STEP][PASSED] - x = x + "/" + z: null

22-11-2024T02:53:15 - [TEST_STEP][PASSED] - z = getText(findTestObject(path + path2 + "План Потери за отчётный период " + dZONum)).replaceAll("\s+", ""): Text of object 'Object Repository/Выполнение бизнес-плана/Значения со страницы Выполнение бизнес-плана/Table Data/План Потери за отчётный период 5' is: '1 016 285'

22-11-2024T02:53:16 - [MESSAGE][PASSED] - Text of object 'Object Repository/Выполнение бизнес-плана/Значения со страницы Выполнение бизнес-плана/Table Data/План Потери за отчётный период 5' is: '1 016 285'

22-11-2024T02:53:16 - [TEST_STEP][PASSED] - x = x + "/" + z: null

22-11-2024T02:53:16 - [TEST_STEP][PASSED] - z = getText(findTestObject(path + "Список ДЗО")).replaceAll("[\r?
|
]", "/"): Text of object 'Object Repository/Выполнение бизнес-плана/Список ДЗО' is: '-0.07
3.72
3.84
-0.05
0.09
-0.51
-0.25
АО «Тываэнерго»
АО «Чеченэнерго»
Россети Северный Кавказ
Россети Сибирь
Россети Тюмень
Россети Центр (ГК)
Россети Центр и Приволжье (ГК)
-1
0
1
2
3
4
5
6
7'

22-11-2024T02:53:16 - [MESSAGE][PASSED] - Text of object 'Object Repository/Выполнение бизнес-плана/Список ДЗО' is: '-0.07
3.72
3.84
-0.05
0.09
-0.51
-0.25
АО «Тываэнерго»
АО «Чеченэнерго»
Россети Северный Кавказ
Россети Сибирь
Россети Тюмень
Россети Центр (ГК)
Россети Центр и Приволжье (ГК)
-1
0
1
2
3
4
5
6
7'

22-11-2024T02:53:16 - [TEST_STEP][PASSED] - for ([ii = 1, ii < dZONum, (ii++)]): null

22-11-2024T02:53:16 - [TEST_STEP][PASSED] - i1 = z.indexOf("/") + 1: null

22-11-2024T02:53:16 - [TEST_STEP][PASSED] - if (i1 > -1): null

22-11-2024T02:53:16 - [TEST_STEP][PASSED] - z = z.substring(i1, z.length()): null

22-11-2024T02:53:16 - [TEST_STEP][PASSED] - i1 = z.indexOf("/"): null

22-11-2024T02:53:16 - [TEST_STEP][PASSED] - i1 = z.indexOf("/") + 1: null

22-11-2024T02:53:16 - [TEST_STEP][PASSED] - if (i1 > -1): null

22-11-2024T02:53:16 - [TEST_STEP][PASSED] - z = z.substring(i1, z.length()): null

22-11-2024T02:53:16 - [TEST_STEP][PASSED] - i1 = z.indexOf("/"): null

22-11-2024T02:53:16 - [TEST_STEP][PASSED] - i1 = z.indexOf("/") + 1: null

22-11-2024T02:53:16 - [TEST_STEP][PASSED] - if (i1 > -1): null

22-11-2024T02:53:16 - [TEST_STEP][PASSED] - z = z.substring(i1, z.length()): null

22-11-2024T02:53:16 - [TEST_STEP][PASSED] - i1 = z.indexOf("/"): null

22-11-2024T02:53:16 - [TEST_STEP][PASSED] - i1 = z.indexOf("/") + 1: null

22-11-2024T02:53:16 - [TEST_STEP][PASSED] - if (i1 > -1): null

22-11-2024T02:53:16 - [TEST_STEP][PASSED] - z = z.substring(i1, z.length()): null

22-11-2024T02:53:16 - [TEST_STEP][PASSED] - i1 = z.indexOf("/"): null

22-11-2024T02:53:16 - [TEST_STEP][PASSED] - i1 = z.indexOf("/"): null

22-11-2024T02:53:16 - [TEST_STEP][PASSED] - if (i1 > -1): null

22-11-2024T02:53:16 - [TEST_STEP][PASSED] - z = z.substring(0, i1): null

22-11-2024T02:53:16 - [TEST_STEP][PASSED] - z = z.replace(",", "."): null

22-11-2024T02:53:16 - [TEST_STEP][PASSED] - println(z): null

22-11-2024T02:53:16 - [TEST_STEP][PASSED] - x = x + "/" + z: null

22-11-2024T02:53:16 - [TEST_STEP][PASSED] - x = x.replaceAll("[\r?
|
]", ""): null

22-11-2024T02:53:16 - [TEST_STEP][PASSED] - println(x): null

22-11-2024T02:53:16 - [TEST_STEP][PASSED] - return x: null

22-11-2024T02:53:16 - [TEST_STEP][PASSED] - println("tyumR: " + tyumR): null

22-11-2024T02:53:16 - [TEST_STEP][PASSED] - i = VseDZO.indexOf("Урал"): null

22-11-2024T02:53:16 - [TEST_STEP][PASSED] - if (i > -1): null

22-11-2024T02:53:16 - [TEST_STEP][PASSED] - else: null

22-11-2024T02:53:16 - [TEST_STEP][PASSED] - urR = urR + "нет данных/нет данных/нет данных/нет данных/нет данных/нет данных/нет данных/нет данных/нет данных": null

22-11-2024T02:53:16 - [TEST_STEP][PASSED] - println("urR: " + urR): null

22-11-2024T02:53:16 - [TEST_STEP][PASSED] - i = VseDZO.indexOf("Центр"): null

22-11-2024T02:53:16 - [TEST_STEP][PASSED] - if (i > -1): null

22-11-2024T02:53:16 - [TEST_STEP][PASSED] - dZONum = dZONum + 1: null

22-11-2024T02:53:16 - [TEST_STEP][PASSED] - cenR = GetAllData(path, dZONum, VseDZO, x = "Россети Центр (ГК)/"): null

22-11-2024T02:53:16 - [TEST_STEP][PASSED] - ii = <not implemented yet for class: org.codehaus.groovy.ast.expr.EmptyExpression>: null

22-11-2024T02:53:16 - [TEST_STEP][PASSED] - i1 = <not implemented yet for class: org.codehaus.groovy.ast.expr.EmptyExpression>: null

22-11-2024T02:53:16 - [TEST_STEP][PASSED] - z = <not implemented yet for class: org.codehaus.groovy.ast.expr.EmptyExpression>: null

22-11-2024T02:53:16 - [TEST_STEP][PASSED] - path2 = "Значения со страницы Выполнение бизнес-плана/Table Data/": null

22-11-2024T02:53:16 - [TEST_STEP][PASSED] - println("path: " + path): null

22-11-2024T02:53:16 - [TEST_STEP][PASSED] - println("dZONum: " + dZONum): null

22-11-2024T02:53:16 - [TEST_STEP][PASSED] - z = getText(findTestObject(path + "spanPlan" + dZONum)): Text of object 'Object Repository/Выполнение бизнес-плана/spanPlan6' is: '9.98
|'

22-11-2024T02:53:16 - [MESSAGE][PASSED] - Text of object 'Object Repository/Выполнение бизнес-плана/spanPlan6' is: '9.98
|'

22-11-2024T02:53:16 - [TEST_STEP][PASSED] - println(z): null

22-11-2024T02:53:16 - [TEST_STEP][PASSED] - ii = z.indexOf("|"): null

22-11-2024T02:53:16 - [TEST_STEP][PASSED] - if (ii > -1): null

22-11-2024T02:53:16 - [TEST_STEP][PASSED] - z = z.substring(0, z.length() - 1): null

22-11-2024T02:53:16 - [TEST_STEP][PASSED] - println(z): null

22-11-2024T02:53:16 - [TEST_STEP][PASSED] - z = z.replaceAll("\s+", ""): null

22-11-2024T02:53:16 - [TEST_STEP][PASSED] - z = z.replace("[\r?
|
]", "/"): null

22-11-2024T02:53:16 - [TEST_STEP][PASSED] - println(z): null

22-11-2024T02:53:16 - [TEST_STEP][PASSED] - x = x + z: null

22-11-2024T02:53:16 - [TEST_STEP][PASSED] - z = getText(findTestObject(path + "spanFact" + dZONum)): Text of object 'Object Repository/Выполнение бизнес-плана/spanFact6' is: '9.48'

22-11-2024T02:53:16 - [MESSAGE][PASSED] - Text of object 'Object Repository/Выполнение бизнес-плана/spanFact6' is: '9.48'

22-11-2024T02:53:16 - [TEST_STEP][PASSED] - ii = z.indexOf("|"): null

22-11-2024T02:53:16 - [TEST_STEP][PASSED] - if (ii > -1): null

22-11-2024T02:53:16 - [TEST_STEP][PASSED] - x = x + "/" + z: null

22-11-2024T02:53:16 - [TEST_STEP][PASSED] - z = getText(findTestObject(path + path2 + "Факт Отпуск в сеть за отчётный период " + dZONum)).replaceAll("\s+", ""): Text of object 'Object Repository/Выполнение бизнес-плана/Значения со страницы Выполнение бизнес-плана/Table Data/Факт Отпуск в сеть за отчётный период 6' is: '44 371 600'

22-11-2024T02:53:17 - [MESSAGE][PASSED] - Text of object 'Object Repository/Выполнение бизнес-плана/Значения со страницы Выполнение бизнес-плана/Table Data/Факт Отпуск в сеть за отчётный период 6' is: '44 371 600'

22-11-2024T02:53:17 - [TEST_STEP][PASSED] - x = x + "/" + z: null

22-11-2024T02:53:17 - [TEST_STEP][PASSED] - z = getText(findTestObject(path + path2 + "Факт Отпуск из сети за отчётный период " + dZONum)).replaceAll("\s+", ""): Text of object 'Object Repository/Выполнение бизнес-плана/Значения со страницы Выполнение бизнес-плана/Table Data/Факт Отпуск из сети за отчётный период 6' is: '40 166 359'

22-11-2024T02:53:17 - [MESSAGE][PASSED] - Text of object 'Object Repository/Выполнение бизнес-плана/Значения со страницы Выполнение бизнес-плана/Table Data/Факт Отпуск из сети за отчётный период 6' is: '40 166 359'

22-11-2024T02:53:17 - [TEST_STEP][PASSED] - x = x + "/" + z: null

22-11-2024T02:53:17 - [TEST_STEP][PASSED] - z = getText(findTestObject(path + path2 + "Факт Потери за отчётный период " + dZONum)).replaceAll("\s+", ""): Text of object 'Object Repository/Выполнение бизнес-плана/Значения со страницы Выполнение бизнес-плана/Table Data/Факт Потери за отчётный период 6' is: '4 205 240'

22-11-2024T02:53:17 - [MESSAGE][PASSED] - Text of object 'Object Repository/Выполнение бизнес-плана/Значения со страницы Выполнение бизнес-плана/Table Data/Факт Потери за отчётный период 6' is: '4 205 240'

22-11-2024T02:53:17 - [TEST_STEP][PASSED] - x = x + "/" + z: null

22-11-2024T02:53:17 - [TEST_STEP][PASSED] - z = getText(findTestObject(path + path2 + "План Отпуск в сеть за отчётный период " + dZONum)).replaceAll("\s+", ""): Text of object 'Object Repository/Выполнение бизнес-плана/Значения со страницы Выполнение бизнес-плана/Table Data/План Отпуск в сеть за отчётный период 6' is: '43 055 315'

22-11-2024T02:53:18 - [MESSAGE][PASSED] - Text of object 'Object Repository/Выполнение бизнес-плана/Значения со страницы Выполнение бизнес-плана/Table Data/План Отпуск в сеть за отчётный период 6' is: '43 055 315'

22-11-2024T02:53:18 - [TEST_STEP][PASSED] - x = x + "/" + z: null

22-11-2024T02:53:18 - [TEST_STEP][PASSED] - z = getText(findTestObject(path + path2 + "План Отпуск из сети за отчётный период " + dZONum)).replaceAll("\s+", ""): Text of object 'Object Repository/Выполнение бизнес-плана/Значения со страницы Выполнение бизнес-плана/Table Data/План Отпуск из сети за отчётный период 6' is: '38 756 246'

22-11-2024T02:53:18 - [MESSAGE][PASSED] - Text of object 'Object Repository/Выполнение бизнес-плана/Значения со страницы Выполнение бизнес-плана/Table Data/План Отпуск из сети за отчётный период 6' is: '38 756 246'

22-11-2024T02:53:18 - [TEST_STEP][PASSED] - x = x + "/" + z: null

22-11-2024T02:53:18 - [TEST_STEP][PASSED] - z = getText(findTestObject(path + path2 + "План Потери за отчётный период " + dZONum)).replaceAll("\s+", ""): Text of object 'Object Repository/Выполнение бизнес-плана/Значения со страницы Выполнение бизнес-плана/Table Data/План Потери за отчётный период 6' is: '4 299 069'

22-11-2024T02:53:18 - [MESSAGE][PASSED] - Text of object 'Object Repository/Выполнение бизнес-плана/Значения со страницы Выполнение бизнес-плана/Table Data/План Потери за отчётный период 6' is: '4 299 069'

22-11-2024T02:53:18 - [TEST_STEP][PASSED] - x = x + "/" + z: null

22-11-2024T02:53:18 - [TEST_STEP][PASSED] - z = getText(findTestObject(path + "Список ДЗО")).replaceAll("[\r?
|
]", "/"): Text of object 'Object Repository/Выполнение бизнес-плана/Список ДЗО' is: '-0.07
3.72
3.84
-0.05
0.09
-0.51
-0.25
АО «Тываэнерго»
АО «Чеченэнерго»
Россети Северный Кавказ
Россети Сибирь
Россети Тюмень
Россети Центр (ГК)
Россети Центр и Приволжье (ГК)
-1
0
1
2
3
4
5
6
7'

22-11-2024T02:53:19 - [MESSAGE][PASSED] - Text of object 'Object Repository/Выполнение бизнес-плана/Список ДЗО' is: '-0.07
3.72
3.84
-0.05
0.09
-0.51
-0.25
АО «Тываэнерго»
АО «Чеченэнерго»
Россети Северный Кавказ
Россети Сибирь
Россети Тюмень
Россети Центр (ГК)
Россети Центр и Приволжье (ГК)
-1
0
1
2
3
4
5
6
7'

22-11-2024T02:53:19 - [TEST_STEP][PASSED] - for ([ii = 1, ii < dZONum, (ii++)]): null

22-11-2024T02:53:19 - [TEST_STEP][PASSED] - i1 = z.indexOf("/") + 1: null

22-11-2024T02:53:19 - [TEST_STEP][PASSED] - if (i1 > -1): null

22-11-2024T02:53:19 - [TEST_STEP][PASSED] - z = z.substring(i1, z.length()): null

22-11-2024T02:53:19 - [TEST_STEP][PASSED] - i1 = z.indexOf("/"): null

22-11-2024T02:53:19 - [TEST_STEP][PASSED] - i1 = z.indexOf("/") + 1: null

22-11-2024T02:53:19 - [TEST_STEP][PASSED] - if (i1 > -1): null

22-11-2024T02:53:19 - [TEST_STEP][PASSED] - z = z.substring(i1, z.length()): null

22-11-2024T02:53:19 - [TEST_STEP][PASSED] - i1 = z.indexOf("/"): null

22-11-2024T02:53:19 - [TEST_STEP][PASSED] - i1 = z.indexOf("/") + 1: null

22-11-2024T02:53:19 - [TEST_STEP][PASSED] - if (i1 > -1): null

22-11-2024T02:53:19 - [TEST_STEP][PASSED] - z = z.substring(i1, z.length()): null

22-11-2024T02:53:19 - [TEST_STEP][PASSED] - i1 = z.indexOf("/"): null

22-11-2024T02:53:19 - [TEST_STEP][PASSED] - i1 = z.indexOf("/") + 1: null

22-11-2024T02:53:19 - [TEST_STEP][PASSED] - if (i1 > -1): null

22-11-2024T02:53:19 - [TEST_STEP][PASSED] - z = z.substring(i1, z.length()): null

22-11-2024T02:53:19 - [TEST_STEP][PASSED] - i1 = z.indexOf("/"): null

22-11-2024T02:53:19 - [TEST_STEP][PASSED] - i1 = z.indexOf("/") + 1: null

22-11-2024T02:53:19 - [TEST_STEP][PASSED] - if (i1 > -1): null

22-11-2024T02:53:19 - [TEST_STEP][PASSED] - z = z.substring(i1, z.length()): null

22-11-2024T02:53:19 - [TEST_STEP][PASSED] - i1 = z.indexOf("/"): null

22-11-2024T02:53:19 - [TEST_STEP][PASSED] - i1 = z.indexOf("/"): null

22-11-2024T02:53:19 - [TEST_STEP][PASSED] - if (i1 > -1): null

22-11-2024T02:53:19 - [TEST_STEP][PASSED] - z = z.substring(0, i1): null

22-11-2024T02:53:19 - [TEST_STEP][PASSED] - z = z.replace(",", "."): null

22-11-2024T02:53:19 - [TEST_STEP][PASSED] - println(z): null

22-11-2024T02:53:19 - [TEST_STEP][PASSED] - x = x + "/" + z: null

22-11-2024T02:53:19 - [TEST_STEP][PASSED] - x = x.replaceAll("[\r?
|
]", ""): null

22-11-2024T02:53:19 - [TEST_STEP][PASSED] - println(x): null

22-11-2024T02:53:19 - [TEST_STEP][PASSED] - return x: null

22-11-2024T02:53:19 - [TEST_STEP][PASSED] - println("cenR: " + cenR): null

22-11-2024T02:53:19 - [TEST_STEP][PASSED] - i = VseDZO.indexOf("Приволжье"): null

22-11-2024T02:53:19 - [TEST_STEP][PASSED] - if (i > -1): null

22-11-2024T02:53:19 - [TEST_STEP][PASSED] - dZONum = dZONum + 1: null

22-11-2024T02:53:19 - [TEST_STEP][PASSED] - cIPR = GetAllData(path, dZONum, VseDZO, x = "Россети Центр и Приволжье (ГК)/"): null

22-11-2024T02:53:19 - [TEST_STEP][PASSED] - ii = <not implemented yet for class: org.codehaus.groovy.ast.expr.EmptyExpression>: null

22-11-2024T02:53:19 - [TEST_STEP][PASSED] - i1 = <not implemented yet for class: org.codehaus.groovy.ast.expr.EmptyExpression>: null

22-11-2024T02:53:19 - [TEST_STEP][PASSED] - z = <not implemented yet for class: org.codehaus.groovy.ast.expr.EmptyExpression>: null

22-11-2024T02:53:19 - [TEST_STEP][PASSED] - path2 = "Значения со страницы Выполнение бизнес-плана/Table Data/": null

22-11-2024T02:53:19 - [TEST_STEP][PASSED] - println("path: " + path): null

22-11-2024T02:53:19 - [TEST_STEP][PASSED] - println("dZONum: " + dZONum): null

22-11-2024T02:53:19 - [TEST_STEP][PASSED] - z = getText(findTestObject(path + "spanPlan" + dZONum)): Text of object 'Object Repository/Выполнение бизнес-плана/spanPlan7' is: '6.88
|'

22-11-2024T02:53:19 - [MESSAGE][PASSED] - Text of object 'Object Repository/Выполнение бизнес-плана/spanPlan7' is: '6.88
|'

22-11-2024T02:53:19 - [TEST_STEP][PASSED] - println(z): null

22-11-2024T02:53:19 - [TEST_STEP][PASSED] - ii = z.indexOf("|"): null

22-11-2024T02:53:19 - [TEST_STEP][PASSED] - if (ii > -1): null

22-11-2024T02:53:19 - [TEST_STEP][PASSED] - z = z.substring(0, z.length() - 1): null

22-11-2024T02:53:19 - [TEST_STEP][PASSED] - println(z): null

22-11-2024T02:53:19 - [TEST_STEP][PASSED] - z = z.replaceAll("\s+", ""): null

22-11-2024T02:53:19 - [TEST_STEP][PASSED] - z = z.replace("[\r?
|
]", "/"): null

22-11-2024T02:53:19 - [TEST_STEP][PASSED] - println(z): null

22-11-2024T02:53:19 - [TEST_STEP][PASSED] - x = x + z: null

22-11-2024T02:53:19 - [TEST_STEP][PASSED] - z = getText(findTestObject(path + "spanFact" + dZONum)): Text of object 'Object Repository/Выполнение бизнес-плана/spanFact7' is: '6.63'

22-11-2024T02:53:19 - [MESSAGE][PASSED] - Text of object 'Object Repository/Выполнение бизнес-плана/spanFact7' is: '6.63'

22-11-2024T02:53:19 - [TEST_STEP][PASSED] - ii = z.indexOf("|"): null

22-11-2024T02:53:19 - [TEST_STEP][PASSED] - if (ii > -1): null

22-11-2024T02:53:19 - [TEST_STEP][PASSED] - x = x + "/" + z: null

22-11-2024T02:53:19 - [TEST_STEP][PASSED] - z = getText(findTestObject(path + path2 + "Факт Отпуск в сеть за отчётный период " + dZONum)).replaceAll("\s+", ""): Text of object 'Object Repository/Выполнение бизнес-плана/Значения со страницы Выполнение бизнес-плана/Table Data/Факт Отпуск в сеть за отчётный период 7' is: '40 894 236'

22-11-2024T02:53:20 - [MESSAGE][PASSED] - Text of object 'Object Repository/Выполнение бизнес-плана/Значения со страницы Выполнение бизнес-плана/Table Data/Факт Отпуск в сеть за отчётный период 7' is: '40 894 236'

22-11-2024T02:53:20 - [TEST_STEP][PASSED] - x = x + "/" + z: null

22-11-2024T02:53:20 - [TEST_STEP][PASSED] - z = getText(findTestObject(path + path2 + "Факт Отпуск из сети за отчётный период " + dZONum)).replaceAll("\s+", ""): Text of object 'Object Repository/Выполнение бизнес-плана/Значения со страницы Выполнение бизнес-плана/Table Data/Факт Отпуск из сети за отчётный период 7' is: '38 182 923'

22-11-2024T02:53:20 - [MESSAGE][PASSED] - Text of object 'Object Repository/Выполнение бизнес-плана/Значения со страницы Выполнение бизнес-плана/Table Data/Факт Отпуск из сети за отчётный период 7' is: '38 182 923'

22-11-2024T02:53:20 - [TEST_STEP][PASSED] - x = x + "/" + z: null

22-11-2024T02:53:20 - [TEST_STEP][PASSED] - z = getText(findTestObject(path + path2 + "Факт Потери за отчётный период " + dZONum)).replaceAll("\s+", ""): Text of object 'Object Repository/Выполнение бизнес-плана/Значения со страницы Выполнение бизнес-плана/Table Data/Факт Потери за отчётный период 7' is: '2 711 313'

22-11-2024T02:53:20 - [MESSAGE][PASSED] - Text of object 'Object Repository/Выполнение бизнес-плана/Значения со страницы Выполнение бизнес-плана/Table Data/Факт Потери за отчётный период 7' is: '2 711 313'

22-11-2024T02:53:20 - [TEST_STEP][PASSED] - x = x + "/" + z: null

22-11-2024T02:53:20 - [TEST_STEP][PASSED] - z = getText(findTestObject(path + path2 + "План Отпуск в сеть за отчётный период " + dZONum)).replaceAll("\s+", ""): Text of object 'Object Repository/Выполнение бизнес-плана/Значения со страницы Выполнение бизнес-плана/Table Data/План Отпуск в сеть за отчётный период 7' is: '39 451 497'

22-11-2024T02:53:20 - [MESSAGE][PASSED] - Text of object 'Object Repository/Выполнение бизнес-плана/Значения со страницы Выполнение бизнес-плана/Table Data/План Отпуск в сеть за отчётный период 7' is: '39 451 497'

22-11-2024T02:53:20 - [TEST_STEP][PASSED] - x = x + "/" + z: null

22-11-2024T02:53:20 - [TEST_STEP][PASSED] - z = getText(findTestObject(path + path2 + "План Отпуск из сети за отчётный период " + dZONum)).replaceAll("\s+", ""): Text of object 'Object Repository/Выполнение бизнес-плана/Значения со страницы Выполнение бизнес-плана/Table Data/План Отпуск из сети за отчётный период 7' is: '36 738 034'

22-11-2024T02:53:21 - [MESSAGE][PASSED] - Text of object 'Object Repository/Выполнение бизнес-плана/Значения со страницы Выполнение бизнес-плана/Table Data/План Отпуск из сети за отчётный период 7' is: '36 738 034'

22-11-2024T02:53:21 - [TEST_STEP][PASSED] - x = x + "/" + z: null

22-11-2024T02:53:21 - [TEST_STEP][PASSED] - z = getText(findTestObject(path + path2 + "План Потери за отчётный период " + dZONum)).replaceAll("\s+", ""): Text of object 'Object Repository/Выполнение бизнес-плана/Значения со страницы Выполнение бизнес-плана/Table Data/План Потери за отчётный период 7' is: '2 713 463'

22-11-2024T02:53:21 - [MESSAGE][PASSED] - Text of object 'Object Repository/Выполнение бизнес-плана/Значения со страницы Выполнение бизнес-плана/Table Data/План Потери за отчётный период 7' is: '2 713 463'

22-11-2024T02:53:21 - [TEST_STEP][PASSED] - x = x + "/" + z: null

22-11-2024T02:53:21 - [TEST_STEP][PASSED] - z = getText(findTestObject(path + "Список ДЗО")).replaceAll("[\r?
|
]", "/"): Text of object 'Object Repository/Выполнение бизнес-плана/Список ДЗО' is: '-0.07
3.72
3.84
-0.05
0.09
-0.51
-0.25
АО «Тываэнерго»
АО «Чеченэнерго»
Россети Северный Кавказ
Россети Сибирь
Россети Тюмень
Россети Центр (ГК)
Россети Центр и Приволжье (ГК)
-1
0
1
2
3
4
5
6
7'

22-11-2024T02:53:21 - [MESSAGE][PASSED] - Text of object 'Object Repository/Выполнение бизнес-плана/Список ДЗО' is: '-0.07
3.72
3.84
-0.05
0.09
-0.51
-0.25
АО «Тываэнерго»
АО «Чеченэнерго»
Россети Северный Кавказ
Россети Сибирь
Россети Тюмень
Россети Центр (ГК)
Россети Центр и Приволжье (ГК)
-1
0
1
2
3
4
5
6
7'

22-11-2024T02:53:21 - [TEST_STEP][PASSED] - for ([ii = 1, ii < dZONum, (ii++)]): null

22-11-2024T02:53:21 - [TEST_STEP][PASSED] - i1 = z.indexOf("/") + 1: null

22-11-2024T02:53:21 - [TEST_STEP][PASSED] - if (i1 > -1): null

22-11-2024T02:53:21 - [TEST_STEP][PASSED] - z = z.substring(i1, z.length()): null

22-11-2024T02:53:21 - [TEST_STEP][PASSED] - i1 = z.indexOf("/"): null

22-11-2024T02:53:21 - [TEST_STEP][PASSED] - i1 = z.indexOf("/") + 1: null

22-11-2024T02:53:21 - [TEST_STEP][PASSED] - if (i1 > -1): null

22-11-2024T02:53:21 - [TEST_STEP][PASSED] - z = z.substring(i1, z.length()): null

22-11-2024T02:53:21 - [TEST_STEP][PASSED] - i1 = z.indexOf("/"): null

22-11-2024T02:53:21 - [TEST_STEP][PASSED] - i1 = z.indexOf("/") + 1: null

22-11-2024T02:53:21 - [TEST_STEP][PASSED] - if (i1 > -1): null

22-11-2024T02:53:21 - [TEST_STEP][PASSED] - z = z.substring(i1, z.length()): null

22-11-2024T02:53:21 - [TEST_STEP][PASSED] - i1 = z.indexOf("/"): null

22-11-2024T02:53:21 - [TEST_STEP][PASSED] - i1 = z.indexOf("/") + 1: null

22-11-2024T02:53:21 - [TEST_STEP][PASSED] - if (i1 > -1): null

22-11-2024T02:53:21 - [TEST_STEP][PASSED] - z = z.substring(i1, z.length()): null

22-11-2024T02:53:21 - [TEST_STEP][PASSED] - i1 = z.indexOf("/"): null

22-11-2024T02:53:21 - [TEST_STEP][PASSED] - i1 = z.indexOf("/") + 1: null

22-11-2024T02:53:21 - [TEST_STEP][PASSED] - if (i1 > -1): null

22-11-2024T02:53:21 - [TEST_STEP][PASSED] - z = z.substring(i1, z.length()): null

22-11-2024T02:53:21 - [TEST_STEP][PASSED] - i1 = z.indexOf("/"): null

22-11-2024T02:53:21 - [TEST_STEP][PASSED] - i1 = z.indexOf("/") + 1: null

22-11-2024T02:53:21 - [TEST_STEP][PASSED] - if (i1 > -1): null

22-11-2024T02:53:21 - [TEST_STEP][PASSED] - z = z.substring(i1, z.length()): null

22-11-2024T02:53:21 - [TEST_STEP][PASSED] - i1 = z.indexOf("/"): null

22-11-2024T02:53:21 - [TEST_STEP][PASSED] - i1 = z.indexOf("/"): null

22-11-2024T02:53:21 - [TEST_STEP][PASSED] - if (i1 > -1): null

22-11-2024T02:53:21 - [TEST_STEP][PASSED] - z = z.substring(0, i1): null

22-11-2024T02:53:21 - [TEST_STEP][PASSED] - z = z.replace(",", "."): null

22-11-2024T02:53:21 - [TEST_STEP][PASSED] - println(z): null

22-11-2024T02:53:21 - [TEST_STEP][PASSED] - x = x + "/" + z: null

22-11-2024T02:53:21 - [TEST_STEP][PASSED] - x = x.replaceAll("[\r?
|
]", ""): null

22-11-2024T02:53:21 - [TEST_STEP][PASSED] - println(x): null

22-11-2024T02:53:21 - [TEST_STEP][PASSED] - return x: null

22-11-2024T02:53:21 - [TEST_STEP][PASSED] - println("cIPR: " + cIPR): null

22-11-2024T02:53:21 - [TEST_STEP][PASSED] - i = VseDZO.indexOf("Юг"): null

22-11-2024T02:53:21 - [TEST_STEP][PASSED] - if (i > -1): null

22-11-2024T02:53:21 - [TEST_STEP][PASSED] - else: null

22-11-2024T02:53:21 - [TEST_STEP][PASSED] - ugR = ugR + "нет данных/нет данных/нет данных/нет данных/нет данных/нет данных/нет данных/нет данных/нет данных": null

22-11-2024T02:53:21 - [TEST_STEP][PASSED] - println("ugR: " + ugR): null

22-11-2024T02:53:21 - [TEST_STEP][PASSED] - i = VseDZO.indexOf("Янтарь"): null

22-11-2024T02:53:21 - [TEST_STEP][PASSED] - if (i > -1): null

22-11-2024T02:53:21 - [TEST_STEP][PASSED] - else: null

22-11-2024T02:53:21 - [TEST_STEP][PASSED] - yR = yR + "нет данных/нет данных/нет данных/нет данных/нет данных/нет данных/нет данных/нет данных/нет данных": null

22-11-2024T02:53:21 - [TEST_STEP][PASSED] - println("yR: " + yR): null

22-11-2024T02:53:21 - [TEST_STEP][PASSED] - blockNum = 2: null

22-11-2024T02:53:21 - [TEST_STEP][PASSED] - path = "Object Repository/Выполнение бизнес-плана/Выполнение бизнес-плана Балансы/": null

22-11-2024T02:53:21 - [TEST_STEP][PASSED] - Script1719299571342.Presettings(blockNum, path): null

22-11-2024T02:53:21 - [TEST_STEP][PASSED] - blockNumber = <not implemented yet for class: org.codehaus.groovy.ast.expr.EmptyExpression>: null

22-11-2024T02:53:21 - [TEST_STEP][PASSED] - urlText = <not implemented yet for class: org.codehaus.groovy.ast.expr.EmptyExpression>: null

22-11-2024T02:53:21 - [TEST_STEP][PASSED] - searchWord = <not implemented yet for class: org.codehaus.groovy.ast.expr.EmptyExpression>: null

22-11-2024T02:53:21 - [TEST_STEP][PASSED] - i = <not implemented yet for class: org.codehaus.groovy.ast.expr.EmptyExpression>: null

22-11-2024T02:53:21 - [TEST_STEP][PASSED] - ii = <not implemented yet for class: org.codehaus.groovy.ast.expr.EmptyExpression>: null

22-11-2024T02:53:21 - [TEST_STEP][PASSED] - openBrowser(""): Browser is opened with url: ''

22-11-2024T02:53:21 - [MESSAGE][WARNING] - A browser is already opened. Closing browser and opening a new one

22-11-2024T02:53:22 - [MESSAGE][INFO] - Starting 'Chrome' driver

22-11-2024T02:53:22 - [MESSAGE][INFO] - Action delay is set to 0 milliseconds

22-11-2024T02:53:23 - [MESSAGE][PASSED] - Browser is opened with url: ''

22-11-2024T02:53:23 - [TEST_STEP][PASSED] - if (blockNum == 1): null

22-11-2024T02:53:23 - [TEST_STEP][PASSED] - else: null

22-11-2024T02:53:23 - [TEST_STEP][PASSED] - path = "Object Repository/Выполнение бизнес-плана/Выполнение бизнес-плана Балансы/": null

22-11-2024T02:53:23 - [TEST_STEP][PASSED] - blockNumber = 4: null

22-11-2024T02:53:23 - [TEST_STEP][PASSED] - navigateToUrl(findTestData("PlanFact").getValue(10, blockNumber)): Navigate to 'https://bi.rosseti.digital/viewer?dashboardGuid=5ed11b2f4eb2434fa5c5ff1537a71532&sheetGuid=0d90a67b6f664f58b2e6cf8ff5d9a66c&fit=true' successfully

22-11-2024T02:53:28 - [MESSAGE][PASSED] - Navigate to 'https://bi.rosseti.digital/viewer?dashboardGuid=5ed11b2f4eb2434fa5c5ff1537a71532&sheetGuid=0d90a67b6f664f58b2e6cf8ff5d9a66c&fit=true' successfully

22-11-2024T02:53:28 - [TEST_STEP][PASSED] - urlText = getText(findTestObject("Страница авторизации/Text")): Text of object 'Object Repository/Страница авторизации/Text' is: 'Вход'

22-11-2024T02:53:30 - [MESSAGE][PASSED] - Text of object 'Object Repository/Страница авторизации/Text' is: 'Вход'

22-11-2024T02:53:30 - [TEST_STEP][PASSED] - delay(10): Delayed 10 second(s)

22-11-2024T02:53:40 - [MESSAGE][PASSED] - Delayed 10 second(s)

22-11-2024T02:53:40 - [TEST_STEP][PASSED] - searchWord = "Вход": null

22-11-2024T02:53:40 - [TEST_STEP][PASSED] - if (urlText.contains(searchWord) == false): null

22-11-2024T02:53:40 - [TEST_STEP][PASSED] - setText(findTestObject("Страница авторизации/input__username"), findTestData("PlanFact").getValue(8, 1)): Text 'liazgina-di' is set on object 'Object Repository/Страница авторизации/input__username'

22-11-2024T02:53:41 - [MESSAGE][PASSED] - Text 'liazgina-di' is set on object 'Object Repository/Страница авторизации/input__username'

22-11-2024T02:53:41 - [TEST_STEP][PASSED] - setText(findTestObject("Страница авторизации/input__password"), findTestData("PlanFact").getValue(9, 1)): Text ')$%5srZ8o688Dm#q' is set on object 'Object Repository/Страница авторизации/input__password'

22-11-2024T02:53:42 - [MESSAGE][PASSED] - Text ')$%5srZ8o688Dm#q' is set on object 'Object Repository/Страница авторизации/input__password'

22-11-2024T02:53:42 - [TEST_STEP][PASSED] - click(findTestObject("Страница авторизации/button_")): Object: 'Object Repository/Страница авторизации/button_' is clicked on

22-11-2024T02:53:45 - [MESSAGE][PASSED] - Object: 'Object Repository/Страница авторизации/button_' is clicked on

22-11-2024T02:53:45 - [TEST_STEP][PASSED] - delay(50): Delayed 50 second(s)

22-11-2024T02:54:35 - [MESSAGE][PASSED] - Delayed 50 second(s)

22-11-2024T02:54:35 - [TEST_STEP][PASSED] - searchWord = "ДЗО": null

22-11-2024T02:54:35 - [TEST_STEP][PASSED] - urlText = getText(findTestObject("Страница авторизации/Text")): Text of object 'Object Repository/Страница авторизации/Text' is: 'ДЗО 
ПАО Россети - РаспредКомплекс - Россети Урал (ГК) - Свердловэнерго
Период
1, 2, 3 кв. 2024 года

Показатели баланса электроэнергии по ДЗО – Факт
22 177 492 0
21 340 893 0
836 598 0
Итого
п.п.
-0.09
-0.1
-0.075
-0.05
-0.025
0
Итого
%
3.92 3.92
3.77 3.77
1
100

Выполнение бизнес-плана в части показателя «Уровень потерь электроэнергии»
Итого – Факт
Отпуск в сеть 22 177 492
Отпуск из сети 21 340 893
Потери 836 598
Статус данных
Просьба обратить внимание
— данные занесены не полностью
Показатели баланса электроэнергии по ДЗО – План
26 816 122 0
25 718 454 0
1 097 668 0
Факт
План
Итого – План
Отпуск в сеть 21 661 737
Отпуск из сети 20 812 747
Потери 848 990
● Бизнес-план выполнен● ●● Превышение бизнес-плана
Отклонения фактического уровня потерь от бизнес-плана за 3 месяца (нарастающим итогом), п.п.
-0.2-0.2
0.10.1
3.73.7
-0.2-0.2
-0.2-0.2
0.10.1
-0.0-0.0
3.83.8
-0.3-0.3
-0.1-0.1
-0.0-0.0
0.10.1
-0.2-0.2
-0.5-0.5
-0.2-0.2
-0.2-0.2
0.30.3
-0.2-0.2
-0.0-0.0
4.14.1
-0.2-0.2
-0.5-0.5
0.10.1
-0.0-0.0
4.04.0
-0.3-0.3
-0.1-0.1
-0.0-0.0
0.10.1
-0.2-0.2
-0.4-0.4
-0.2-0.2
-0.4-0.4
-0.0-0.0
-0.1-0.1
-0.1-0.1
3.73.7
-0.4-0.4
-0.0-0.0
-0.0-0.0
3.83.8
-0.4-0.4
-0.0-0.0
-0.0-0.0
0.10.1
-0.1-0.1
-0.5-0.5
-0.2-0.2
-0.2-0.2
Россети ФСКЕЭС
АО«Тываэнерго»
АО«Чеченэнерго»
Россети Волга
Россети Кубань
РоссетиЛенэнерго (ГК)
РоссетиМосковскийрегион
РоссетиСеверныйКавказ (ГК)
Россети Севе…
Россети Сибирь(ГК)
Россети Томск
Россети Тюмень
Россети Урал(ГК)
Россети Центр
Россети Центри Приволжье(ГК)
Россети Юг(ГК)
Россети Янтарь
0
-5
5
Отклонения фактического уровня потерь от бизнес-плана, п.п. 
-0.15
Россети Урал (ГК)
-1
0
1
2
3
4
5
6
7
Уровень потерь электроэнергии 
Россети Урал (ГК)
0
10
20
30
40
50
60
70
3.92
|
3.77
● Отрицательные/нулевые отклонения● ● ● ● Положительные отклонения
п.п.
Отклонения фактического уровня потерь от бизнес-плана за 3 месяца (нарастающим итогом)
Свердловэнерго'

22-11-2024T02:54:44 - [MESSAGE][PASSED] - Text of object 'Object Repository/Страница авторизации/Text' is: 'ДЗО 
ПАО Россети - РаспредКомплекс - Россети Урал (ГК) - Свердловэнерго
Период
1, 2, 3 кв. 2024 года

Показатели баланса электроэнергии по ДЗО – Факт
22 177 492 0
21 340 893 0
836 598 0
Итого
п.п.
-0.09
-0.1
-0.075
-0.05
-0.025
0
Итого
%
3.92 3.92
3.77 3.77
1
100

Выполнение бизнес-плана в части показателя «Уровень потерь электроэнергии»
Итого – Факт
Отпуск в сеть 22 177 492
Отпуск из сети 21 340 893
Потери 836 598
Статус данных
Просьба обратить внимание
— данные занесены не полностью
Показатели баланса электроэнергии по ДЗО – План
26 816 122 0
25 718 454 0
1 097 668 0
Факт
План
Итого – План
Отпуск в сеть 21 661 737
Отпуск из сети 20 812 747
Потери 848 990
● Бизнес-план выполнен● ●● Превышение бизнес-плана
Отклонения фактического уровня потерь от бизнес-плана за 3 месяца (нарастающим итогом), п.п.
-0.2-0.2
0.10.1
3.73.7
-0.2-0.2
-0.2-0.2
0.10.1
-0.0-0.0
3.83.8
-0.3-0.3
-0.1-0.1
-0.0-0.0
0.10.1
-0.2-0.2
-0.5-0.5
-0.2-0.2
-0.2-0.2
0.30.3
-0.2-0.2
-0.0-0.0
4.14.1
-0.2-0.2
-0.5-0.5
0.10.1
-0.0-0.0
4.04.0
-0.3-0.3
-0.1-0.1
-0.0-0.0
0.10.1
-0.2-0.2
-0.4-0.4
-0.2-0.2
-0.4-0.4
-0.0-0.0
-0.1-0.1
-0.1-0.1
3.73.7
-0.4-0.4
-0.0-0.0
-0.0-0.0
3.83.8
-0.4-0.4
-0.0-0.0
-0.0-0.0
0.10.1
-0.1-0.1
-0.5-0.5
-0.2-0.2
-0.2-0.2
Россети ФСКЕЭС
АО«Тываэнерго»
АО«Чеченэнерго»
Россети Волга
Россети Кубань
РоссетиЛенэнерго (ГК)
РоссетиМосковскийрегион
РоссетиСеверныйКавказ (ГК)
Россети Севе…
Россети Сибирь(ГК)
Россети Томск
Россети Тюмень
Россети Урал(ГК)
Россети Центр
Россети Центри Приволжье(ГК)
Россети Юг(ГК)
Россети Янтарь
0
-5
5
Отклонения фактического уровня потерь от бизнес-плана, п.п. 
-0.15
Россети Урал (ГК)
-1
0
1
2
3
4
5
6
7
Уровень потерь электроэнергии 
Россети Урал (ГК)
0
10
20
30
40
50
60
70
3.92
|
3.77
● Отрицательные/нулевые отклонения● ● ● ● Положительные отклонения
п.п.
Отклонения фактического уровня потерь от бизнес-плана за 3 месяца (нарастающим итогом)
Свердловэнерго'

22-11-2024T02:54:44 - [TEST_STEP][PASSED] - if (urlText.contains("ошибка") || urlText.contains(searchWord) == false): null

22-11-2024T02:54:44 - [TEST_STEP][PASSED] - Script1719299571342.ZakrytOpoveshenie(): null

22-11-2024T02:54:44 - [TEST_STEP][PASSED] - opoveshenie = getText(findTestObject("Выполнение бизнес-плана/Просьба обратить внимание")): Text of object 'Object Repository/Выполнение бизнес-плана/Просьба обратить внимание' is: 'Просьба обратить внимание'

22-11-2024T02:54:44 - [MESSAGE][PASSED] - Text of object 'Object Repository/Выполнение бизнес-плана/Просьба обратить внимание' is: 'Просьба обратить внимание'

22-11-2024T02:54:44 - [TEST_STEP][PASSED] - if (opoveshenie == "Просьба обратить внимание"): Object: 'Object Repository/Выполнение бизнес-плана/Закрыть оповещение' is clicked on

22-11-2024T02:54:44 - [TEST_STEP][PASSED] - click(findTestObject("Выполнение бизнес-плана/Закрыть оповещение")): Object: 'Object Repository/Выполнение бизнес-плана/Закрыть оповещение' is clicked on

22-11-2024T02:54:45 - [MESSAGE][PASSED] - Object: 'Object Repository/Выполнение бизнес-плана/Закрыть оповещение' is clicked on

22-11-2024T02:54:45 - [TEST_STEP][PASSED] - click(findTestObject(path + "Фильтр Дата")): Object: 'Object Repository/Выполнение бизнес-плана/Выполнение бизнес-плана Балансы/Фильтр Дата' is clicked on

22-11-2024T02:54:45 - [MESSAGE][PASSED] - Object: 'Object Repository/Выполнение бизнес-плана/Выполнение бизнес-плана Балансы/Фильтр Дата' is clicked on

22-11-2024T02:54:45 - [TEST_STEP][PASSED] - click(findTestObject(path + "Снять выделение в фильтре Дата")): Object: 'Object Repository/Выполнение бизнес-плана/Выполнение бизнес-плана Балансы/Снять выделение в фильтре Дата' is clicked on

22-11-2024T02:54:46 - [MESSAGE][PASSED] - Object: 'Object Repository/Выполнение бизнес-плана/Выполнение бизнес-плана Балансы/Снять выделение в фильтре Дата' is clicked on

22-11-2024T02:54:46 - [TEST_STEP][PASSED] - click(findTestObject(path + "Применить в фильтре Дата")): Object: 'Object Repository/Выполнение бизнес-плана/Выполнение бизнес-плана Балансы/Применить в фильтре Дата' is clicked on

22-11-2024T02:54:46 - [MESSAGE][PASSED] - Object: 'Object Repository/Выполнение бизнес-плана/Выполнение бизнес-плана Балансы/Применить в фильтре Дата' is clicked on

22-11-2024T02:54:46 - [TEST_STEP][PASSED] - delay(50): Delayed 50 second(s)

22-11-2024T02:55:36 - [MESSAGE][PASSED] - Delayed 50 second(s)

22-11-2024T02:55:36 - [TEST_STEP][PASSED] - Script1719299571342.ZakrytOpoveshenie(): null

22-11-2024T02:55:36 - [TEST_STEP][PASSED] - opoveshenie = getText(findTestObject("Выполнение бизнес-плана/Просьба обратить внимание")): Text of object 'Object Repository/Выполнение бизнес-плана/Просьба обратить внимание' is: 'Просьба обратить внимание'

22-11-2024T02:55:37 - [MESSAGE][PASSED] - Text of object 'Object Repository/Выполнение бизнес-плана/Просьба обратить внимание' is: 'Просьба обратить внимание'

22-11-2024T02:55:37 - [TEST_STEP][PASSED] - if (opoveshenie == "Просьба обратить внимание"): Object: 'Object Repository/Выполнение бизнес-плана/Закрыть оповещение' is clicked on

22-11-2024T02:55:37 - [TEST_STEP][PASSED] - click(findTestObject("Выполнение бизнес-плана/Закрыть оповещение")): Object: 'Object Repository/Выполнение бизнес-плана/Закрыть оповещение' is clicked on

22-11-2024T02:55:37 - [MESSAGE][PASSED] - Object: 'Object Repository/Выполнение бизнес-плана/Закрыть оповещение' is clicked on

22-11-2024T02:55:37 - [TEST_STEP][PASSED] - click(findTestObject(path + "Фильтр Дата")): Object: 'Object Repository/Выполнение бизнес-плана/Выполнение бизнес-плана Балансы/Фильтр Дата' is clicked on

22-11-2024T02:55:37 - [MESSAGE][PASSED] - Object: 'Object Repository/Выполнение бизнес-плана/Выполнение бизнес-плана Балансы/Фильтр Дата' is clicked on

22-11-2024T02:55:37 - [TEST_STEP][PASSED] - scrollToElement(findTestObject(path + "2024 список"), 30): Scroll to object 'Object Repository/Выполнение бизнес-плана/Выполнение бизнес-плана Балансы/2024 список' successfully

22-11-2024T02:55:38 - [MESSAGE][PASSED] - Scroll to object 'Object Repository/Выполнение бизнес-плана/Выполнение бизнес-плана Балансы/2024 список' successfully

22-11-2024T02:55:38 - [TEST_STEP][PASSED] - click(findTestObject(path + "2024 список")): Object: 'Object Repository/Выполнение бизнес-плана/Выполнение бизнес-плана Балансы/2024 список' is clicked on

22-11-2024T02:55:38 - [MESSAGE][PASSED] - Object: 'Object Repository/Выполнение бизнес-плана/Выполнение бизнес-плана Балансы/2024 список' is clicked on

22-11-2024T02:55:38 - [TEST_STEP][PASSED] - scrollToElement(findTestObject(path + "1 квартал 2024 список"), 30): Scroll to object 'Object Repository/Выполнение бизнес-плана/Выполнение бизнес-плана Балансы/1 квартал 2024 список' successfully

22-11-2024T02:55:39 - [MESSAGE][PASSED] - Scroll to object 'Object Repository/Выполнение бизнес-плана/Выполнение бизнес-плана Балансы/1 квартал 2024 список' successfully

22-11-2024T02:55:39 - [TEST_STEP][PASSED] - click(findTestObject(path + "1 квартал 2024 список")): Object: 'Object Repository/Выполнение бизнес-плана/Выполнение бизнес-плана Балансы/1 квартал 2024 список' is clicked on

22-11-2024T02:55:39 - [MESSAGE][PASSED] - Object: 'Object Repository/Выполнение бизнес-плана/Выполнение бизнес-плана Балансы/1 квартал 2024 список' is clicked on

22-11-2024T02:55:39 - [TEST_STEP][PASSED] - click(findTestObject(path + "Январь 2024")): Object: 'Object Repository/Выполнение бизнес-плана/Выполнение бизнес-плана Балансы/Январь 2024' is clicked on

22-11-2024T02:55:40 - [MESSAGE][PASSED] - Object: 'Object Repository/Выполнение бизнес-плана/Выполнение бизнес-плана Балансы/Январь 2024' is clicked on

22-11-2024T02:55:40 - [TEST_STEP][PASSED] - click(findTestObject(path + "Февраль 2024")): Object: 'Object Repository/Выполнение бизнес-плана/Выполнение бизнес-плана Балансы/Февраль 2024' is clicked on

22-11-2024T02:55:40 - [MESSAGE][PASSED] - Object: 'Object Repository/Выполнение бизнес-плана/Выполнение бизнес-плана Балансы/Февраль 2024' is clicked on

22-11-2024T02:55:40 - [TEST_STEP][PASSED] - click(findTestObject(path + "Март 2024")): Object: 'Object Repository/Выполнение бизнес-плана/Выполнение бизнес-плана Балансы/Март 2024' is clicked on

22-11-2024T02:55:41 - [MESSAGE][PASSED] - Object: 'Object Repository/Выполнение бизнес-плана/Выполнение бизнес-плана Балансы/Март 2024' is clicked on

22-11-2024T02:55:41 - [TEST_STEP][PASSED] - scrollToElement(findTestObject(path + "2 квартал 2024"), 30): Scroll to object 'Object Repository/Выполнение бизнес-плана/Выполнение бизнес-плана Балансы/2 квартал 2024' successfully

22-11-2024T02:55:41 - [MESSAGE][PASSED] - Scroll to object 'Object Repository/Выполнение бизнес-плана/Выполнение бизнес-плана Балансы/2 квартал 2024' successfully

22-11-2024T02:55:41 - [TEST_STEP][PASSED] - click(findTestObject(path + "2 квартал 2024")): Object: 'Object Repository/Выполнение бизнес-плана/Выполнение бизнес-плана Балансы/2 квартал 2024' is clicked on

22-11-2024T02:55:41 - [MESSAGE][PASSED] - Object: 'Object Repository/Выполнение бизнес-плана/Выполнение бизнес-плана Балансы/2 квартал 2024' is clicked on

22-11-2024T02:55:41 - [TEST_STEP][PASSED] - scrollToElement(findTestObject(path + "3 квартал 2024 список"), 30): Scroll to object 'Object Repository/Выполнение бизнес-плана/Выполнение бизнес-плана Балансы/3 квартал 2024 список' successfully

22-11-2024T02:55:42 - [MESSAGE][PASSED] - Scroll to object 'Object Repository/Выполнение бизнес-плана/Выполнение бизнес-плана Балансы/3 квартал 2024 список' successfully

22-11-2024T02:55:42 - [TEST_STEP][PASSED] - click(findTestObject(path + "3 квартал 2024")): Object: 'Object Repository/Выполнение бизнес-плана/Выполнение бизнес-плана Балансы/3 квартал 2024' is clicked on

22-11-2024T02:55:42 - [MESSAGE][PASSED] - Object: 'Object Repository/Выполнение бизнес-плана/Выполнение бизнес-плана Балансы/3 квартал 2024' is clicked on

22-11-2024T02:55:42 - [TEST_STEP][PASSED] - scrollToElement(findTestObject(path + "Заголовок дашборда"), 30): Scroll to object 'Object Repository/Выполнение бизнес-плана/Выполнение бизнес-плана Балансы/Заголовок дашборда' successfully

22-11-2024T02:55:43 - [MESSAGE][PASSED] - Scroll to object 'Object Repository/Выполнение бизнес-плана/Выполнение бизнес-плана Балансы/Заголовок дашборда' successfully

22-11-2024T02:55:43 - [TEST_STEP][PASSED] - click(findTestObject(path + "Применить в фильтре Дата")): Object: 'Object Repository/Выполнение бизнес-плана/Выполнение бизнес-плана Балансы/Применить в фильтре Дата' is clicked on

22-11-2024T02:55:44 - [MESSAGE][PASSED] - Object: 'Object Repository/Выполнение бизнес-плана/Выполнение бизнес-плана Балансы/Применить в фильтре Дата' is clicked on

22-11-2024T02:55:44 - [TEST_STEP][PASSED] - delay(30): Delayed 30 second(s)

22-11-2024T02:56:14 - [MESSAGE][PASSED] - Delayed 30 second(s)

22-11-2024T02:56:14 - [TEST_STEP][PASSED] - Script1719299571342.ZakrytOpoveshenie(): null

22-11-2024T02:56:14 - [TEST_STEP][PASSED] - opoveshenie = getText(findTestObject("Выполнение бизнес-плана/Просьба обратить внимание")): Text of object 'Object Repository/Выполнение бизнес-плана/Просьба обратить внимание' is: 'Просьба обратить внимание'

22-11-2024T02:56:19 - [MESSAGE][PASSED] - Text of object 'Object Repository/Выполнение бизнес-плана/Просьба обратить внимание' is: 'Просьба обратить внимание'

22-11-2024T02:56:19 - [TEST_STEP][PASSED] - if (opoveshenie == "Просьба обратить внимание"): Object: 'Object Repository/Выполнение бизнес-плана/Закрыть оповещение' is clicked on

22-11-2024T02:56:19 - [TEST_STEP][PASSED] - click(findTestObject("Выполнение бизнес-плана/Закрыть оповещение")): Object: 'Object Repository/Выполнение бизнес-плана/Закрыть оповещение' is clicked on

22-11-2024T02:56:19 - [MESSAGE][PASSED] - Object: 'Object Repository/Выполнение бизнес-плана/Закрыть оповещение' is clicked on

22-11-2024T02:56:19 - [TEST_STEP][PASSED] - click(findTestObject(path + "Фильтр ДЗО")): Object: 'Object Repository/Выполнение бизнес-плана/Выполнение бизнес-плана Балансы/Фильтр ДЗО' is clicked on

22-11-2024T02:56:20 - [MESSAGE][PASSED] - Object: 'Object Repository/Выполнение бизнес-плана/Выполнение бизнес-плана Балансы/Фильтр ДЗО' is clicked on

22-11-2024T02:56:20 - [TEST_STEP][PASSED] - click(findTestObject(path + "Снять выделение в фильтре ДЗО")): Object: 'Object Repository/Выполнение бизнес-плана/Выполнение бизнес-плана Балансы/Снять выделение в фильтре ДЗО' is clicked on

22-11-2024T02:56:20 - [MESSAGE][PASSED] - Object: 'Object Repository/Выполнение бизнес-плана/Выполнение бизнес-плана Балансы/Снять выделение в фильтре ДЗО' is clicked on

22-11-2024T02:56:20 - [TEST_STEP][PASSED] - click(findTestObject(path + "ПАО Россети")): Object: 'Object Repository/Выполнение бизнес-плана/Выполнение бизнес-плана Балансы/ПАО Россети' is clicked on

22-11-2024T02:56:21 - [MESSAGE][PASSED] - Object: 'Object Repository/Выполнение бизнес-плана/Выполнение бизнес-плана Балансы/ПАО Россети' is clicked on

22-11-2024T02:56:21 - [TEST_STEP][PASSED] - click(findTestObject(path + "Применить в фильтре ДЗО")): Object: 'Object Repository/Выполнение бизнес-плана/Выполнение бизнес-плана Балансы/Применить в фильтре ДЗО' is clicked on

22-11-2024T02:56:22 - [MESSAGE][PASSED] - Object: 'Object Repository/Выполнение бизнес-плана/Выполнение бизнес-плана Балансы/Применить в фильтре ДЗО' is clicked on

22-11-2024T02:56:22 - [TEST_STEP][PASSED] - delay(30): Delayed 30 second(s)

22-11-2024T02:56:52 - [MESSAGE][PASSED] - Delayed 30 second(s)

22-11-2024T02:56:52 - [TEST_STEP][PASSED] - pRB = GetAllPAOData(path, dZONum, VseDZO, z = "ПАО Россети/"): null

22-11-2024T02:56:52 - [TEST_STEP][PASSED] - path2 = "Значения со страницы Выполнение бизнес-плана/Table Data/": null

22-11-2024T02:56:52 - [TEST_STEP][PASSED] - ii = <not implemented yet for class: org.codehaus.groovy.ast.expr.EmptyExpression>: null

22-11-2024T02:56:52 - [TEST_STEP][PASSED] - i1 = <not implemented yet for class: org.codehaus.groovy.ast.expr.EmptyExpression>: null

22-11-2024T02:56:52 - [TEST_STEP][PASSED] - z = <not implemented yet for class: org.codehaus.groovy.ast.expr.EmptyExpression>: null

22-11-2024T02:56:52 - [TEST_STEP][PASSED] - z1 = <not implemented yet for class: org.codehaus.groovy.ast.expr.EmptyExpression>: null

22-11-2024T02:56:52 - [TEST_STEP][PASSED] - println("path: " + path): null

22-11-2024T02:56:52 - [TEST_STEP][PASSED] - z = getText(findTestObject(path + "Итого")).replaceAll("[\r?
|
]", "/"): Text of object 'Object Repository/Выполнение бизнес-плана/Выполнение бизнес-плана Балансы/Итого' is: 'Итого
%
5.72 5.72
7.94 7.94
1
100'

22-11-2024T02:56:52 - [MESSAGE][PASSED] - Text of object 'Object Repository/Выполнение бизнес-плана/Выполнение бизнес-плана Балансы/Итого' is: 'Итого
%
5.72 5.72
7.94 7.94
1
100'

22-11-2024T02:56:52 - [TEST_STEP][PASSED] - ii = z.indexOf("%") + 2: null

22-11-2024T02:56:52 - [TEST_STEP][PASSED] - if (ii > -1): null

22-11-2024T02:56:52 - [TEST_STEP][PASSED] - z = z.substring(ii, z.length()): null

22-11-2024T02:56:52 - [TEST_STEP][PASSED] - println(z): null

22-11-2024T02:56:52 - [TEST_STEP][PASSED] - ii = z.indexOf("/1/100") - 1: null

22-11-2024T02:56:52 - [TEST_STEP][PASSED] - if (ii > -1): null

22-11-2024T02:56:52 - [TEST_STEP][PASSED] - z = z.substring(0, ii): null

22-11-2024T02:56:52 - [TEST_STEP][PASSED] - println(z): null

22-11-2024T02:56:52 - [TEST_STEP][PASSED] - ii = z.indexOf("План"): null

22-11-2024T02:56:52 - [TEST_STEP][PASSED] - if (ii > -1): null

22-11-2024T02:56:52 - [TEST_STEP][PASSED] - ii = z.indexOf("/") + 1: null

22-11-2024T02:56:52 - [TEST_STEP][PASSED] - z1 = z.substring(0, ii): null

22-11-2024T02:56:52 - [TEST_STEP][PASSED] - println(z1): null

22-11-2024T02:56:52 - [TEST_STEP][PASSED] - z = z.substring(ii, z.length()): null

22-11-2024T02:56:52 - [TEST_STEP][PASSED] - println(z): null

22-11-2024T02:56:52 - [TEST_STEP][PASSED] - ii = z1.length() / 2: null

22-11-2024T02:56:52 - [TEST_STEP][PASSED] - z1 = replaceAll("[\r?
|
]", "/").trim(): null

22-11-2024T02:56:52 - [TEST_STEP][PASSED] - println(z1): null

22-11-2024T02:56:52 - [TEST_STEP][PASSED] - ii = z.length() / 2: null

22-11-2024T02:56:52 - [TEST_STEP][PASSED] - z = replace("/", "").trim(): null

22-11-2024T02:56:52 - [TEST_STEP][PASSED] - println(z): null

22-11-2024T02:56:52 - [TEST_STEP][PASSED] - x = x + z1 + "/" + z: null

22-11-2024T02:56:52 - [TEST_STEP][PASSED] - println(x): null

22-11-2024T02:56:52 - [TEST_STEP][FAILED] - if (verifyElementPresent(findTestObject(path + "Таблица Итого-Факт"), 30)): Unable to verify object is present (Root cause: com.kms.katalon.core.exception.StepFailedException: Unable to verify object is present
	at com.kms.katalon.core.webui.keyword.internal.WebUIKeywordMain.stepFailed(WebUIKeywordMain.groovy:64)
	at com.kms.katalon.core.webui.keyword.internal.WebUIKeywordMain.runKeyword(WebUIKeywordMain.groovy:26)
	at com.kms.katalon.core.webui.keyword.builtin.VerifyElementPresentKeyword.verifyElementPresent(VerifyElementPresentKeyword.groovy:92)
	at com.kms.katalon.core.webui.keyword.builtin.VerifyElementPresentKeyword.execute(VerifyElementPresentKeyword.groovy:68)
	at com.kms.katalon.core.keyword.internal.KeywordExecutor.executeKeywordForPlatform(KeywordExecutor.groovy:74)
	at com.kms.katalon.core.webui.keyword.WebUiBuiltInKeywords.verifyElementPresent(WebUiBuiltInKeywords.groovy:1503)
	at Выполнение бизнес-плана сверка дашбордов.GetAllPAOData(Выполнение бизнес-плана сверка дашбордов:862)
	at Выполнение бизнес-плана сверка дашбордов.run(Выполнение бизнес-плана сверка дашбордов:362)
	at com.kms.katalon.core.main.ScriptEngine.run(ScriptEngine.java:194)
	at com.kms.katalon.core.main.ScriptEngine.runScriptAsRawText(ScriptEngine.java:119)
	at com.kms.katalon.core.main.TestCaseExecutor.runScript(TestCaseExecutor.java:448)
	at com.kms.katalon.core.main.TestCaseExecutor.doExecute(TestCaseExecutor.java:439)
	at com.kms.katalon.core.main.TestCaseExecutor.processExecutionPhase(TestCaseExecutor.java:418)
	at com.kms.katalon.core.main.TestCaseExecutor.accessMainPhase(TestCaseExecutor.java:410)
	at com.kms.katalon.core.main.TestCaseExecutor.execute(TestCaseExecutor.java:285)
	at com.kms.katalon.core.common.CommonExecutor.accessTestCaseMainPhase(CommonExecutor.java:65)
	at com.kms.katalon.core.main.TestSuiteExecutor.accessTestSuiteMainPhase(TestSuiteExecutor.java:150)
	at com.kms.katalon.core.main.TestSuiteExecutor.execute(TestSuiteExecutor.java:106)
	at com.kms.katalon.core.main.TestCaseMain.startTestSuite(TestCaseMain.java:180)
	at TempTestSuite1732232929817.run(TempTestSuite1732232929817.groovy:35)
	at java.base/jdk.internal.reflect.NativeMethodAccessorImpl.invoke0(Native Method)
	at java.base/jdk.internal.reflect.NativeMethodAccessorImpl.invoke(NativeMethodAccessorImpl.java:77)
	at java.base/jdk.internal.reflect.DelegatingMethodAccessorImpl.invoke(DelegatingMethodAccessorImpl.java:43)
Caused by: java.lang.IllegalArgumentException: Object is null
	at com.kms.katalon.core.helper.KeywordHelper.checkTestObjectParameter(KeywordHelper.java:33)
	at com.kms.katalon.core.webui.keyword.builtin.VerifyElementPresentKeyword$_verifyElementPresent_closure1.doCall(VerifyElementPresentKeyword.groovy:76)
	at com.kms.katalon.core.webui.keyword.builtin.VerifyElementPresentKeyword$_verifyElementPresent_closure1.call(VerifyElementPresentKeyword.groovy)
	at com.kms.katalon.core.webui.keyword.internal.WebUIKeywordMain.runKeyword(WebUIKeywordMain.groovy:20)
	at com.kms.katalon.core.webui.keyword.builtin.VerifyElementPresentKeyword.verifyElementPresent(VerifyElementPresentKeyword.groovy:92)
	at com.kms.katalon.core.webui.keyword.builtin.VerifyElementPresentKeyword.execute(VerifyElementPresentKeyword.groovy:68)
	at com.kms.katalon.core.keyword.internal.KeywordExecutor.executeKeywordForPlatform(KeywordExecutor.groovy:74)
	at com.kms.katalon.core.webui.keyword.WebUiBuiltInKeywords.verifyElementPresent(WebUiBuiltInKeywords.groovy:1503)
	at Script1719299571342.GetAllPAOData(Script1719299571342.groovy:862)
	at Script1719299571342.run(Script1719299571342.groovy:362)
	... 15 more
)

22-11-2024T02:56:52 - [MESSAGE][WARNING] - Test object with id 'Object Repository/Выполнение бизнес-плана/Выполнение бизнес-плана Балансы/Таблица Итого-Факт' does not exist

22-11-2024T02:56:52 - [MESSAGE][WARNING] - Test object with id 'Object Repository/' does not exist

22-11-2024T02:56:52 - [MESSAGE][FAILED] - Unable to verify object is present (Root cause: com.kms.katalon.core.exception.StepFailedException: Unable to verify object is present
	at com.kms.katalon.core.webui.keyword.internal.WebUIKeywordMain.stepFailed(WebUIKeywordMain.groovy:64)
	at com.kms.katalon.core.webui.keyword.internal.WebUIKeywordMain.runKeyword(WebUIKeywordMain.groovy:26)
	at com.kms.katalon.core.webui.keyword.builtin.VerifyElementPresentKeyword.verifyElementPresent(VerifyElementPresentKeyword.groovy:92)
	at com.kms.katalon.core.webui.keyword.builtin.VerifyElementPresentKeyword.execute(VerifyElementPresentKeyword.groovy:68)
	at com.kms.katalon.core.keyword.internal.KeywordExecutor.executeKeywordForPlatform(KeywordExecutor.groovy:74)
	at com.kms.katalon.core.webui.keyword.WebUiBuiltInKeywords.verifyElementPresent(WebUiBuiltInKeywords.groovy:1503)
	at Выполнение бизнес-плана сверка дашбордов.GetAllPAOData(Выполнение бизнес-плана сверка дашбордов:862)
	at Выполнение бизнес-плана сверка дашбордов.run(Выполнение бизнес-плана сверка дашбордов:362)
	at com.kms.katalon.core.main.ScriptEngine.run(ScriptEngine.java:194)
	at com.kms.katalon.core.main.ScriptEngine.runScriptAsRawText(ScriptEngine.java:119)
	at com.kms.katalon.core.main.TestCaseExecutor.runScript(TestCaseExecutor.java:448)
	at com.kms.katalon.core.main.TestCaseExecutor.doExecute(TestCaseExecutor.java:439)
	at com.kms.katalon.core.main.TestCaseExecutor.processExecutionPhase(TestCaseExecutor.java:418)
	at com.kms.katalon.core.main.TestCaseExecutor.accessMainPhase(TestCaseExecutor.java:410)
	at com.kms.katalon.core.main.TestCaseExecutor.execute(TestCaseExecutor.java:285)
	at com.kms.katalon.core.common.CommonExecutor.accessTestCaseMainPhase(CommonExecutor.java:65)
	at com.kms.katalon.core.main.TestSuiteExecutor.accessTestSuiteMainPhase(TestSuiteExecutor.java:150)
	at com.kms.katalon.core.main.TestSuiteExecutor.execute(TestSuiteExecutor.java:106)
	at com.kms.katalon.core.main.TestCaseMain.startTestSuite(TestCaseMain.java:180)
	at TempTestSuite1732232929817.run(TempTestSuite1732232929817.groovy:35)
	at java.base/jdk.internal.reflect.NativeMethodAccessorImpl.invoke0(Native Method)
	at java.base/jdk.internal.reflect.NativeMethodAccessorImpl.invoke(NativeMethodAccessorImpl.java:77)
	at java.base/jdk.internal.reflect.DelegatingMethodAccessorImpl.invoke(DelegatingMethodAccessorImpl.java:43)
Caused by: java.lang.IllegalArgumentException: Object is null
	at com.kms.katalon.core.helper.KeywordHelper.checkTestObjectParameter(KeywordHelper.java:33)
	at com.kms.katalon.core.webui.keyword.builtin.VerifyElementPresentKeyword$_verifyElementPresent_closure1.doCall(VerifyElementPresentKeyword.groovy:76)
	at com.kms.katalon.core.webui.keyword.builtin.VerifyElementPresentKeyword$_verifyElementPresent_closure1.call(VerifyElementPresentKeyword.groovy)
	at com.kms.katalon.core.webui.keyword.internal.WebUIKeywordMain.runKeyword(WebUIKeywordMain.groovy:20)
	at com.kms.katalon.core.webui.keyword.builtin.VerifyElementPresentKeyword.verifyElementPresent(VerifyElementPresentKeyword.groovy:92)
	at com.kms.katalon.core.webui.keyword.builtin.VerifyElementPresentKeyword.execute(VerifyElementPresentKeyword.groovy:68)
	at com.kms.katalon.core.keyword.internal.KeywordExecutor.executeKeywordForPlatform(KeywordExecutor.groovy:74)
	at com.kms.katalon.core.webui.keyword.WebUiBuiltInKeywords.verifyElementPresent(WebUiBuiltInKeywords.groovy:1503)
	at Script1719299571342.GetAllPAOData(Script1719299571342.groovy:862)
	at Script1719299571342.run(Script1719299571342.groovy:362)
	... 15 more
)
[[ATTACHMENT|C:\\Users\\LIAZGINA-DI\\git\\SPORU\\Reports\\20241122_024849\\\u041F\u043D-\u0421\u0440-\u041F\u0442\\\u0421\u0432\u0435\u0440\u043A\u0430 \u0434\u0430\u0448\u0431\u043E\u0440\u0434\u043E\u0432 \u0438\u0437 \u0440\u0430\u0437\u043D\u044B\u0445 \u0431\u043B\u043E\u043A\u043E\u0432\\20241122_024849\\1732233412744.png]]

22-11-2024T02:56:52 - [TEST_STEP][PASSED] - else: null

22-11-2024T02:56:52 - [TEST_STEP][PASSED] - z = getText(findTestObject(path + "Факт Отпуск в сеть за отчётный период ПАО Россети")).replaceAll("\s+", ""): Text of object 'Object Repository/Выполнение бизнес-плана/Выполнение бизнес-плана Балансы/Факт Отпуск в сеть за отчётный период ПАО Россети' is: '461 243 796'

22-11-2024T02:56:53 - [MESSAGE][PASSED] - Text of object 'Object Repository/Выполнение бизнес-плана/Выполнение бизнес-плана Балансы/Факт Отпуск в сеть за отчётный период ПАО Россети' is: '461 243 796'

22-11-2024T02:56:53 - [TEST_STEP][PASSED] - x = x + "/" + z: null

22-11-2024T02:56:53 - [TEST_STEP][PASSED] - z = getText(findTestObject(path + "Факт Отпуск из сети за отчётный период ПАО Россети")).replaceAll("\s+", ""): Text of object 'Object Repository/Выполнение бизнес-плана/Выполнение бизнес-плана Балансы/Факт Отпуск из сети за отчётный период ПАО Россети' is: '425 411 506'

22-11-2024T02:56:53 - [MESSAGE][PASSED] - Text of object 'Object Repository/Выполнение бизнес-плана/Выполнение бизнес-плана Балансы/Факт Отпуск из сети за отчётный период ПАО Россети' is: '425 411 506'

22-11-2024T02:56:53 - [TEST_STEP][PASSED] - x = x + "/" + z: null

22-11-2024T02:56:53 - [TEST_STEP][PASSED] - z = getText(findTestObject(path + "Факт Потери за отчётный период ПАО Россети")).replaceAll("\s+", ""): Text of object 'Object Repository/Выполнение бизнес-плана/Выполнение бизнес-плана Балансы/Факт Потери за отчётный период ПАО Россети' is: '35 832 290'

22-11-2024T02:56:53 - [MESSAGE][PASSED] - Text of object 'Object Repository/Выполнение бизнес-плана/Выполнение бизнес-плана Балансы/Факт Потери за отчётный период ПАО Россети' is: '35 832 290'

22-11-2024T02:56:53 - [TEST_STEP][PASSED] - x = x + "/" + z: null

22-11-2024T02:56:53 - [TEST_STEP][PASSED] - z = getText(findTestObject(path + "План Отпуск в сеть за отчётный период ПАО Россети")).replaceAll("\s+", ""): Text of object 'Object Repository/Выполнение бизнес-плана/Выполнение бизнес-плана Балансы/План Отпуск в сеть за отчётный период ПАО Россети' is: '896 031 825'

22-11-2024T02:56:54 - [MESSAGE][PASSED] - Text of object 'Object Repository/Выполнение бизнес-плана/Выполнение бизнес-плана Балансы/План Отпуск в сеть за отчётный период ПАО Россети' is: '896 031 825'

22-11-2024T02:56:54 - [TEST_STEP][PASSED] - x = x + "/" + z: null

22-11-2024T02:56:54 - [TEST_STEP][PASSED] - z = getText(findTestObject(path + "План Отпуск из сети за отчётный период ПАО Россети")).replaceAll("\s+", ""): Text of object 'Object Repository/Выполнение бизнес-плана/Выполнение бизнес-плана Балансы/План Отпуск из сети за отчётный период ПАО Россети' is: '844 819 838'

22-11-2024T02:56:54 - [MESSAGE][PASSED] - Text of object 'Object Repository/Выполнение бизнес-плана/Выполнение бизнес-плана Балансы/План Отпуск из сети за отчётный период ПАО Россети' is: '844 819 838'

22-11-2024T02:56:54 - [TEST_STEP][PASSED] - x = x + "/" + z: null

22-11-2024T02:56:54 - [TEST_STEP][PASSED] - z = getText(findTestObject(path + "План Потери за отчётный период ПАО Россети")).replaceAll("\s+", ""): Text of object 'Object Repository/Выполнение бизнес-плана/Выполнение бизнес-плана Балансы/План Потери за отчётный период ПАО Россети' is: '51 211 987'

22-11-2024T02:56:54 - [MESSAGE][PASSED] - Text of object 'Object Repository/Выполнение бизнес-плана/Выполнение бизнес-плана Балансы/План Потери за отчётный период ПАО Россети' is: '51 211 987'

22-11-2024T02:56:54 - [TEST_STEP][PASSED] - x = x + "/" + z: null

22-11-2024T02:56:54 - [TEST_STEP][PASSED] - return x: null

22-11-2024T02:56:54 - [TEST_STEP][PASSED] - println("pRB: " + pRB): null

22-11-2024T02:56:54 - [TEST_STEP][PASSED] - VseDZO = getText(findTestObject(path + "Список ДЗО")): Text of object 'Object Repository/Выполнение бизнес-плана/Выполнение бизнес-плана Балансы/Список ДЗО' is: '-0.20
-0.07
3.72
-0.35
-0.53
-0.04
-0.01
3.84
-0.35
-0.05
-0.00
0.09
-0.15
-0.51
-0.25
-0.39
-0.20
Россети ФСКЕЭС
АО«Тываэнерго»
АО«Чеченэнерго»
РоссетиВолга
РоссетиКубань
РоссетиЛенэнерго(ГК)
РоссетиМосковскийрегион
РоссетиСеверныйКавказ
РоссетиСеверо-Запад
РоссетиСибирь
РоссетиТомск
РоссетиТюмень
Россети Урал(ГК)
РоссетиЦентр (ГК)
РоссетиЦентр иПриволжье(ГК)
Россети Юг(ГК)
РоссетиЯнтарь
0
2
4
6
-2
8'

22-11-2024T02:56:55 - [MESSAGE][PASSED] - Text of object 'Object Repository/Выполнение бизнес-плана/Выполнение бизнес-плана Балансы/Список ДЗО' is: '-0.20
-0.07
3.72
-0.35
-0.53
-0.04
-0.01
3.84
-0.35
-0.05
-0.00
0.09
-0.15
-0.51
-0.25
-0.39
-0.20
Россети ФСКЕЭС
АО«Тываэнерго»
АО«Чеченэнерго»
РоссетиВолга
РоссетиКубань
РоссетиЛенэнерго(ГК)
РоссетиМосковскийрегион
РоссетиСеверныйКавказ
РоссетиСеверо-Запад
РоссетиСибирь
РоссетиТомск
РоссетиТюмень
Россети Урал(ГК)
РоссетиЦентр (ГК)
РоссетиЦентр иПриволжье(ГК)
Россети Юг(ГК)
РоссетиЯнтарь
0
2
4
6
-2
8'

22-11-2024T02:56:55 - [TEST_STEP][PASSED] - dZONum = 0: null

22-11-2024T02:56:55 - [TEST_STEP][PASSED] - i = VseDZO.indexOf("ЕЭС"): null

22-11-2024T02:56:55 - [TEST_STEP][PASSED] - if (i > -1): null

22-11-2024T02:56:55 - [TEST_STEP][PASSED] - dZONum = dZONum + 1: null

22-11-2024T02:56:55 - [TEST_STEP][PASSED] - fB = GetAllData(path, dZONum, VseDZO, x = "Россети ФСК ЕЭС/"): null

22-11-2024T02:56:55 - [TEST_STEP][PASSED] - ii = <not implemented yet for class: org.codehaus.groovy.ast.expr.EmptyExpression>: null

22-11-2024T02:56:55 - [TEST_STEP][PASSED] - i1 = <not implemented yet for class: org.codehaus.groovy.ast.expr.EmptyExpression>: null

22-11-2024T02:56:55 - [TEST_STEP][PASSED] - z = <not implemented yet for class: org.codehaus.groovy.ast.expr.EmptyExpression>: null

22-11-2024T02:56:55 - [TEST_STEP][PASSED] - path2 = "Значения со страницы Выполнение бизнес-плана/Table Data/": null

22-11-2024T02:56:55 - [TEST_STEP][PASSED] - println("path: " + path): null

22-11-2024T02:56:55 - [TEST_STEP][PASSED] - println("dZONum: " + dZONum): null

22-11-2024T02:56:55 - [TEST_STEP][PASSED] - z = getText(findTestObject(path + "spanPlan" + dZONum)): Text of object 'Object Repository/Выполнение бизнес-плана/Выполнение бизнес-плана Балансы/spanPlan1' is: '3.86
|'

22-11-2024T02:56:55 - [MESSAGE][PASSED] - Text of object 'Object Repository/Выполнение бизнес-плана/Выполнение бизнес-плана Балансы/spanPlan1' is: '3.86
|'

22-11-2024T02:56:55 - [TEST_STEP][PASSED] - println(z): null

22-11-2024T02:56:55 - [TEST_STEP][PASSED] - ii = z.indexOf("|"): null

22-11-2024T02:56:55 - [TEST_STEP][PASSED] - if (ii > -1): null

22-11-2024T02:56:55 - [TEST_STEP][PASSED] - z = z.substring(0, z.length() - 1): null

22-11-2024T02:56:55 - [TEST_STEP][PASSED] - println(z): null

22-11-2024T02:56:55 - [TEST_STEP][PASSED] - z = z.replaceAll("\s+", ""): null

22-11-2024T02:56:55 - [TEST_STEP][PASSED] - z = z.replace("[\r?
|
]", "/"): null

22-11-2024T02:56:55 - [TEST_STEP][PASSED] - println(z): null

22-11-2024T02:56:55 - [TEST_STEP][PASSED] - x = x + z: null

22-11-2024T02:56:55 - [TEST_STEP][PASSED] - z = getText(findTestObject(path + "spanFact" + dZONum)): Text of object 'Object Repository/Выполнение бизнес-плана/Выполнение бизнес-плана Балансы/spanFact1' is: '3.67'

22-11-2024T02:56:55 - [MESSAGE][PASSED] - Text of object 'Object Repository/Выполнение бизнес-плана/Выполнение бизнес-плана Балансы/spanFact1' is: '3.67'

22-11-2024T02:56:55 - [TEST_STEP][PASSED] - ii = z.indexOf("|"): null

22-11-2024T02:56:55 - [TEST_STEP][PASSED] - if (ii > -1): null

22-11-2024T02:56:55 - [TEST_STEP][PASSED] - x = x + "/" + z: null

22-11-2024T02:56:55 - [TEST_STEP][PASSED] - z = getText(findTestObject(path + path2 + "Факт Отпуск в сеть за отчётный период " + dZONum)).replaceAll("\s+", ""): Text of object 'Object Repository/Выполнение бизнес-плана/Выполнение бизнес-плана Балансы/Значения со страницы Выполнение бизнес-плана/Table Data/Факт Отпуск в сеть за отчётный период 1' is: '462 835 148'

22-11-2024T02:56:55 - [MESSAGE][PASSED] - Text of object 'Object Repository/Выполнение бизнес-плана/Выполнение бизнес-плана Балансы/Значения со страницы Выполнение бизнес-плана/Table Data/Факт Отпуск в сеть за отчётный период 1' is: '462 835 148'

22-11-2024T02:56:55 - [TEST_STEP][PASSED] - x = x + "/" + z: null

22-11-2024T02:56:55 - [TEST_STEP][PASSED] - z = getText(findTestObject(path + path2 + "Факт Отпуск из сети за отчётный период " + dZONum)).replaceAll("\s+", ""): Text of object 'Object Repository/Выполнение бизнес-плана/Выполнение бизнес-плана Балансы/Значения со страницы Выполнение бизнес-плана/Table Data/Факт Отпуск из сети за отчётный период 1' is: '446 457 790'

22-11-2024T02:56:56 - [MESSAGE][PASSED] - Text of object 'Object Repository/Выполнение бизнес-плана/Выполнение бизнес-плана Балансы/Значения со страницы Выполнение бизнес-плана/Table Data/Факт Отпуск из сети за отчётный период 1' is: '446 457 790'

22-11-2024T02:56:56 - [TEST_STEP][PASSED] - x = x + "/" + z: null

22-11-2024T02:56:56 - [TEST_STEP][PASSED] - z = getText(findTestObject(path + path2 + "Факт Потери за отчётный период " + dZONum)).replaceAll("\s+", ""): Text of object 'Object Repository/Выполнение бизнес-плана/Выполнение бизнес-плана Балансы/Значения со страницы Выполнение бизнес-плана/Table Data/Факт Потери за отчётный период 1' is: '16 377 359'

22-11-2024T02:56:56 - [MESSAGE][PASSED] - Text of object 'Object Repository/Выполнение бизнес-плана/Выполнение бизнес-плана Балансы/Значения со страницы Выполнение бизнес-плана/Table Data/Факт Потери за отчётный период 1' is: '16 377 359'

22-11-2024T02:56:56 - [TEST_STEP][PASSED] - x = x + "/" + z: null

22-11-2024T02:56:56 - [TEST_STEP][PASSED] - z = getText(findTestObject(path + path2 + "План Отпуск в сеть за отчётный период " + dZONum)).replaceAll("\s+", ""): Text of object 'Object Repository/Выполнение бизнес-плана/Выполнение бизнес-плана Балансы/Значения со страницы Выполнение бизнес-плана/Table Data/План Отпуск в сеть за отчётный период 1' is: '449 486 116'

22-11-2024T02:56:56 - [MESSAGE][PASSED] - Text of object 'Object Repository/Выполнение бизнес-плана/Выполнение бизнес-плана Балансы/Значения со страницы Выполнение бизнес-плана/Table Data/План Отпуск в сеть за отчётный период 1' is: '449 486 116'

22-11-2024T02:56:56 - [TEST_STEP][PASSED] - x = x + "/" + z: null

22-11-2024T02:56:56 - [TEST_STEP][PASSED] - z = getText(findTestObject(path + path2 + "План Отпуск из сети за отчётный период " + dZONum)).replaceAll("\s+", ""): Text of object 'Object Repository/Выполнение бизнес-плана/Выполнение бизнес-плана Балансы/Значения со страницы Выполнение бизнес-плана/Table Data/План Отпуск из сети за отчётный период 1' is: '432 761 211'

22-11-2024T02:56:57 - [MESSAGE][PASSED] - Text of object 'Object Repository/Выполнение бизнес-плана/Выполнение бизнес-плана Балансы/Значения со страницы Выполнение бизнес-плана/Table Data/План Отпуск из сети за отчётный период 1' is: '432 761 211'

22-11-2024T02:56:57 - [TEST_STEP][PASSED] - x = x + "/" + z: null

22-11-2024T02:56:57 - [TEST_STEP][PASSED] - z = getText(findTestObject(path + path2 + "План Потери за отчётный период " + dZONum)).replaceAll("\s+", ""): Text of object 'Object Repository/Выполнение бизнес-плана/Выполнение бизнес-плана Балансы/Значения со страницы Выполнение бизнес-плана/Table Data/План Потери за отчётный период 1' is: '16 724 905'

22-11-2024T02:56:57 - [MESSAGE][PASSED] - Text of object 'Object Repository/Выполнение бизнес-плана/Выполнение бизнес-плана Балансы/Значения со страницы Выполнение бизнес-плана/Table Data/План Потери за отчётный период 1' is: '16 724 905'

22-11-2024T02:56:57 - [TEST_STEP][PASSED] - x = x + "/" + z: null

22-11-2024T02:56:57 - [TEST_STEP][PASSED] - z = getText(findTestObject(path + "Список ДЗО")).replaceAll("[\r?
|
]", "/"): Text of object 'Object Repository/Выполнение бизнес-плана/Выполнение бизнес-плана Балансы/Список ДЗО' is: '-0.20
-0.07
3.72
-0.35
-0.53
-0.04
-0.01
3.84
-0.35
-0.05
-0.00
0.09
-0.15
-0.51
-0.25
-0.39
-0.20
Россети ФСКЕЭС
АО«Тываэнерго»
АО«Чеченэнерго»
РоссетиВолга
РоссетиКубань
РоссетиЛенэнерго(ГК)
РоссетиМосковскийрегион
РоссетиСеверныйКавказ
РоссетиСеверо-Запад
РоссетиСибирь
РоссетиТомск
РоссетиТюмень
Россети Урал(ГК)
РоссетиЦентр (ГК)
РоссетиЦентр иПриволжье(ГК)
Россети Юг(ГК)
РоссетиЯнтарь
0
2
4
6
-2
8'

22-11-2024T02:56:57 - [MESSAGE][PASSED] - Text of object 'Object Repository/Выполнение бизнес-плана/Выполнение бизнес-плана Балансы/Список ДЗО' is: '-0.20
-0.07
3.72
-0.35
-0.53
-0.04
-0.01
3.84
-0.35
-0.05
-0.00
0.09
-0.15
-0.51
-0.25
-0.39
-0.20
Россети ФСКЕЭС
АО«Тываэнерго»
АО«Чеченэнерго»
РоссетиВолга
РоссетиКубань
РоссетиЛенэнерго(ГК)
РоссетиМосковскийрегион
РоссетиСеверныйКавказ
РоссетиСеверо-Запад
РоссетиСибирь
РоссетиТомск
РоссетиТюмень
Россети Урал(ГК)
РоссетиЦентр (ГК)
РоссетиЦентр иПриволжье(ГК)
Россети Юг(ГК)
РоссетиЯнтарь
0
2
4
6
-2
8'

22-11-2024T02:56:57 - [TEST_STEP][PASSED] - for ([ii = 1, ii < dZONum, (ii++)]): null

22-11-2024T02:56:57 - [TEST_STEP][PASSED] - i1 = z.indexOf("/"): null

22-11-2024T02:56:57 - [TEST_STEP][PASSED] - if (i1 > -1): null

22-11-2024T02:56:57 - [TEST_STEP][PASSED] - z = z.substring(0, i1): null

22-11-2024T02:56:57 - [TEST_STEP][PASSED] - z = z.replace(",", "."): null

22-11-2024T02:56:57 - [TEST_STEP][PASSED] - println(z): null

22-11-2024T02:56:57 - [TEST_STEP][PASSED] - x = x + "/" + z: null

22-11-2024T02:56:57 - [TEST_STEP][PASSED] - x = x.replaceAll("[\r?
|
]", ""): null

22-11-2024T02:56:57 - [TEST_STEP][PASSED] - println(x): null

22-11-2024T02:56:57 - [TEST_STEP][PASSED] - return x: null

22-11-2024T02:56:57 - [TEST_STEP][PASSED] - println("fB: " + fB): null

22-11-2024T02:56:57 - [TEST_STEP][PASSED] - i = VseDZO.indexOf("Тываэнерго"): null

22-11-2024T02:56:57 - [TEST_STEP][PASSED] - if (i > -1): null

22-11-2024T02:56:57 - [TEST_STEP][PASSED] - dZONum = dZONum + 1: null

22-11-2024T02:56:57 - [TEST_STEP][PASSED] - tyB = GetAllData(path, dZONum, VseDZO, x = "АО "Тываэнерго"/"): null

22-11-2024T02:56:57 - [TEST_STEP][PASSED] - ii = <not implemented yet for class: org.codehaus.groovy.ast.expr.EmptyExpression>: null

22-11-2024T02:56:57 - [TEST_STEP][PASSED] - i1 = <not implemented yet for class: org.codehaus.groovy.ast.expr.EmptyExpression>: null

22-11-2024T02:56:57 - [TEST_STEP][PASSED] - z = <not implemented yet for class: org.codehaus.groovy.ast.expr.EmptyExpression>: null

22-11-2024T02:56:57 - [TEST_STEP][PASSED] - path2 = "Значения со страницы Выполнение бизнес-плана/Table Data/": null

22-11-2024T02:56:57 - [TEST_STEP][PASSED] - println("path: " + path): null

22-11-2024T02:56:57 - [TEST_STEP][PASSED] - println("dZONum: " + dZONum): null

22-11-2024T02:56:57 - [TEST_STEP][PASSED] - z = getText(findTestObject(path + "spanPlan" + dZONum)): Text of object 'Object Repository/Выполнение бизнес-плана/Выполнение бизнес-плана Балансы/spanPlan2' is: '21.03
|'

22-11-2024T02:56:58 - [MESSAGE][PASSED] - Text of object 'Object Repository/Выполнение бизнес-плана/Выполнение бизнес-плана Балансы/spanPlan2' is: '21.03
|'

22-11-2024T02:56:58 - [TEST_STEP][PASSED] - println(z): null

22-11-2024T02:56:58 - [TEST_STEP][PASSED] - ii = z.indexOf("|"): null

22-11-2024T02:56:58 - [TEST_STEP][PASSED] - if (ii > -1): null

22-11-2024T02:56:58 - [TEST_STEP][PASSED] - z = z.substring(0, z.length() - 1): null

22-11-2024T02:56:58 - [TEST_STEP][PASSED] - println(z): null

22-11-2024T02:56:58 - [TEST_STEP][PASSED] - z = z.replaceAll("\s+", ""): null

22-11-2024T02:56:58 - [TEST_STEP][PASSED] - z = z.replace("[\r?
|
]", "/"): null

22-11-2024T02:56:58 - [TEST_STEP][PASSED] - println(z): null

22-11-2024T02:56:58 - [TEST_STEP][PASSED] - x = x + z: null

22-11-2024T02:56:58 - [TEST_STEP][PASSED] - z = getText(findTestObject(path + "spanFact" + dZONum)): Text of object 'Object Repository/Выполнение бизнес-плана/Выполнение бизнес-плана Балансы/spanFact2' is: '20.96'

22-11-2024T02:56:58 - [MESSAGE][PASSED] - Text of object 'Object Repository/Выполнение бизнес-плана/Выполнение бизнес-плана Балансы/spanFact2' is: '20.96'

22-11-2024T02:56:58 - [TEST_STEP][PASSED] - ii = z.indexOf("|"): null

22-11-2024T02:56:58 - [TEST_STEP][PASSED] - if (ii > -1): null

22-11-2024T02:56:58 - [TEST_STEP][PASSED] - x = x + "/" + z: null

22-11-2024T02:56:58 - [TEST_STEP][PASSED] - z = getText(findTestObject(path + path2 + "Факт Отпуск в сеть за отчётный период " + dZONum)).replaceAll("\s+", ""): Text of object 'Object Repository/Выполнение бизнес-плана/Выполнение бизнес-плана Балансы/Значения со страницы Выполнение бизнес-плана/Table Data/Факт Отпуск в сеть за отчётный период 2' is: '572 217'

22-11-2024T02:56:58 - [MESSAGE][PASSED] - Text of object 'Object Repository/Выполнение бизнес-плана/Выполнение бизнес-плана Балансы/Значения со страницы Выполнение бизнес-плана/Table Data/Факт Отпуск в сеть за отчётный период 2' is: '572 217'

22-11-2024T02:56:58 - [TEST_STEP][PASSED] - x = x + "/" + z: null

22-11-2024T02:56:58 - [TEST_STEP][PASSED] - z = getText(findTestObject(path + path2 + "Факт Отпуск из сети за отчётный период " + dZONum)).replaceAll("\s+", ""): Text of object 'Object Repository/Выполнение бизнес-плана/Выполнение бизнес-плана Балансы/Значения со страницы Выполнение бизнес-плана/Table Data/Факт Отпуск из сети за отчётный период 2' is: '452 291'

22-11-2024T02:56:59 - [MESSAGE][PASSED] - Text of object 'Object Repository/Выполнение бизнес-плана/Выполнение бизнес-плана Балансы/Значения со страницы Выполнение бизнес-плана/Table Data/Факт Отпуск из сети за отчётный период 2' is: '452 291'

22-11-2024T02:56:59 - [TEST_STEP][PASSED] - x = x + "/" + z: null

22-11-2024T02:56:59 - [TEST_STEP][PASSED] - z = getText(findTestObject(path + path2 + "Факт Потери за отчётный период " + dZONum)).replaceAll("\s+", ""): Text of object 'Object Repository/Выполнение бизнес-плана/Выполнение бизнес-плана Балансы/Значения со страницы Выполнение бизнес-плана/Table Data/Факт Потери за отчётный период 2' is: '119 926'

22-11-2024T02:56:59 - [MESSAGE][PASSED] - Text of object 'Object Repository/Выполнение бизнес-плана/Выполнение бизнес-плана Балансы/Значения со страницы Выполнение бизнес-плана/Table Data/Факт Потери за отчётный период 2' is: '119 926'

22-11-2024T02:56:59 - [TEST_STEP][PASSED] - x = x + "/" + z: null

22-11-2024T02:56:59 - [TEST_STEP][PASSED] - z = getText(findTestObject(path + path2 + "План Отпуск в сеть за отчётный период " + dZONum)).replaceAll("\s+", ""): Text of object 'Object Repository/Выполнение бизнес-плана/Выполнение бизнес-плана Балансы/Значения со страницы Выполнение бизнес-плана/Table Data/План Отпуск в сеть за отчётный период 2' is: '544 127'

22-11-2024T02:56:59 - [MESSAGE][PASSED] - Text of object 'Object Repository/Выполнение бизнес-плана/Выполнение бизнес-плана Балансы/Значения со страницы Выполнение бизнес-плана/Table Data/План Отпуск в сеть за отчётный период 2' is: '544 127'

22-11-2024T02:56:59 - [TEST_STEP][PASSED] - x = x + "/" + z: null

22-11-2024T02:56:59 - [TEST_STEP][PASSED] - z = getText(findTestObject(path + path2 + "План Отпуск из сети за отчётный период " + dZONum)).replaceAll("\s+", ""): Text of object 'Object Repository/Выполнение бизнес-плана/Выполнение бизнес-плана Балансы/Значения со страницы Выполнение бизнес-плана/Table Data/План Отпуск из сети за отчётный период 2' is: '429 681'

22-11-2024T02:56:59 - [MESSAGE][PASSED] - Text of object 'Object Repository/Выполнение бизнес-плана/Выполнение бизнес-плана Балансы/Значения со страницы Выполнение бизнес-плана/Table Data/План Отпуск из сети за отчётный период 2' is: '429 681'

22-11-2024T02:56:59 - [TEST_STEP][PASSED] - x = x + "/" + z: null

22-11-2024T02:56:59 - [TEST_STEP][PASSED] - z = getText(findTestObject(path + path2 + "План Потери за отчётный период " + dZONum)).replaceAll("\s+", ""): Text of object 'Object Repository/Выполнение бизнес-плана/Выполнение бизнес-плана Балансы/Значения со страницы Выполнение бизнес-плана/Table Data/План Потери за отчётный период 2' is: '114 446'

22-11-2024T02:57:00 - [MESSAGE][PASSED] - Text of object 'Object Repository/Выполнение бизнес-плана/Выполнение бизнес-плана Балансы/Значения со страницы Выполнение бизнес-плана/Table Data/План Потери за отчётный период 2' is: '114 446'

22-11-2024T02:57:00 - [TEST_STEP][PASSED] - x = x + "/" + z: null

22-11-2024T02:57:00 - [TEST_STEP][PASSED] - z = getText(findTestObject(path + "Список ДЗО")).replaceAll("[\r?
|
]", "/"): Text of object 'Object Repository/Выполнение бизнес-плана/Выполнение бизнес-плана Балансы/Список ДЗО' is: '-0.20
-0.07
3.72
-0.35
-0.53
-0.04
-0.01
3.84
-0.35
-0.05
-0.00
0.09
-0.15
-0.51
-0.25
-0.39
-0.20
Россети ФСКЕЭС
АО«Тываэнерго»
АО«Чеченэнерго»
РоссетиВолга
РоссетиКубань
РоссетиЛенэнерго(ГК)
РоссетиМосковскийрегион
РоссетиСеверныйКавказ
РоссетиСеверо-Запад
РоссетиСибирь
РоссетиТомск
РоссетиТюмень
Россети Урал(ГК)
РоссетиЦентр (ГК)
РоссетиЦентр иПриволжье(ГК)
Россети Юг(ГК)
РоссетиЯнтарь
0
2
4
6
-2
8'

22-11-2024T02:57:00 - [MESSAGE][PASSED] - Text of object 'Object Repository/Выполнение бизнес-плана/Выполнение бизнес-плана Балансы/Список ДЗО' is: '-0.20
-0.07
3.72
-0.35
-0.53
-0.04
-0.01
3.84
-0.35
-0.05
-0.00
0.09
-0.15
-0.51
-0.25
-0.39
-0.20
Россети ФСКЕЭС
АО«Тываэнерго»
АО«Чеченэнерго»
РоссетиВолга
РоссетиКубань
РоссетиЛенэнерго(ГК)
РоссетиМосковскийрегион
РоссетиСеверныйКавказ
РоссетиСеверо-Запад
РоссетиСибирь
РоссетиТомск
РоссетиТюмень
Россети Урал(ГК)
РоссетиЦентр (ГК)
РоссетиЦентр иПриволжье(ГК)
Россети Юг(ГК)
РоссетиЯнтарь
0
2
4
6
-2
8'

22-11-2024T02:57:00 - [TEST_STEP][PASSED] - for ([ii = 1, ii < dZONum, (ii++)]): null

22-11-2024T02:57:00 - [TEST_STEP][PASSED] - i1 = z.indexOf("/") + 1: null

22-11-2024T02:57:00 - [TEST_STEP][PASSED] - if (i1 > -1): null

22-11-2024T02:57:00 - [TEST_STEP][PASSED] - z = z.substring(i1, z.length()): null

22-11-2024T02:57:00 - [TEST_STEP][PASSED] - i1 = z.indexOf("/"): null

22-11-2024T02:57:00 - [TEST_STEP][PASSED] - i1 = z.indexOf("/"): null

22-11-2024T02:57:00 - [TEST_STEP][PASSED] - if (i1 > -1): null

22-11-2024T02:57:00 - [TEST_STEP][PASSED] - z = z.substring(0, i1): null

22-11-2024T02:57:00 - [TEST_STEP][PASSED] - z = z.replace(",", "."): null

22-11-2024T02:57:00 - [TEST_STEP][PASSED] - println(z): null

22-11-2024T02:57:00 - [TEST_STEP][PASSED] - x = x + "/" + z: null

22-11-2024T02:57:00 - [TEST_STEP][PASSED] - x = x.replaceAll("[\r?
|
]", ""): null

22-11-2024T02:57:00 - [TEST_STEP][PASSED] - println(x): null

22-11-2024T02:57:00 - [TEST_STEP][PASSED] - return x: null

22-11-2024T02:57:00 - [TEST_STEP][PASSED] - println("tyB: " + tyB): null

22-11-2024T02:57:00 - [TEST_STEP][PASSED] - i = VseDZO.indexOf("Чеченэнерго"): null

22-11-2024T02:57:00 - [TEST_STEP][PASSED] - if (i > -1): null

22-11-2024T02:57:00 - [TEST_STEP][PASSED] - dZONum = dZONum + 1: null

22-11-2024T02:57:00 - [TEST_STEP][PASSED] - chB = GetAllData(path, dZONum, VseDZO, x = "АО "Чеченэнерго"/"): null

22-11-2024T02:57:00 - [TEST_STEP][PASSED] - ii = <not implemented yet for class: org.codehaus.groovy.ast.expr.EmptyExpression>: null

22-11-2024T02:57:00 - [TEST_STEP][PASSED] - i1 = <not implemented yet for class: org.codehaus.groovy.ast.expr.EmptyExpression>: null

22-11-2024T02:57:00 - [TEST_STEP][PASSED] - z = <not implemented yet for class: org.codehaus.groovy.ast.expr.EmptyExpression>: null

22-11-2024T02:57:00 - [TEST_STEP][PASSED] - path2 = "Значения со страницы Выполнение бизнес-плана/Table Data/": null

22-11-2024T02:57:00 - [TEST_STEP][PASSED] - println("path: " + path): null

22-11-2024T02:57:00 - [TEST_STEP][PASSED] - println("dZONum: " + dZONum): null

22-11-2024T02:57:00 - [TEST_STEP][PASSED] - z = getText(findTestObject(path + "spanPlan" + dZONum)): Text of object 'Object Repository/Выполнение бизнес-плана/Выполнение бизнес-плана Балансы/spanPlan3' is: '32.87'

22-11-2024T02:57:00 - [MESSAGE][PASSED] - Text of object 'Object Repository/Выполнение бизнес-плана/Выполнение бизнес-плана Балансы/spanPlan3' is: '32.87'

22-11-2024T02:57:00 - [TEST_STEP][PASSED] - println(z): null

22-11-2024T02:57:00 - [TEST_STEP][PASSED] - ii = z.indexOf("|"): null

22-11-2024T02:57:00 - [TEST_STEP][PASSED] - if (ii > -1): null

22-11-2024T02:57:00 - [TEST_STEP][PASSED] - z = z.replaceAll("\s+", ""): null

22-11-2024T02:57:00 - [TEST_STEP][PASSED] - z = z.replace("[\r?
|
]", "/"): null

22-11-2024T02:57:00 - [TEST_STEP][PASSED] - println(z): null

22-11-2024T02:57:00 - [TEST_STEP][PASSED] - x = x + z: null

22-11-2024T02:57:00 - [TEST_STEP][PASSED] - z = getText(findTestObject(path + "spanFact" + dZONum)): Text of object 'Object Repository/Выполнение бизнес-плана/Выполнение бизнес-плана Балансы/spanFact3' is: '36.59
|'

22-11-2024T02:57:01 - [MESSAGE][PASSED] - Text of object 'Object Repository/Выполнение бизнес-плана/Выполнение бизнес-плана Балансы/spanFact3' is: '36.59
|'

22-11-2024T02:57:01 - [TEST_STEP][PASSED] - ii = z.indexOf("|"): null

22-11-2024T02:57:01 - [TEST_STEP][PASSED] - if (ii > -1): null

22-11-2024T02:57:01 - [TEST_STEP][PASSED] - z = length() - 1).replace("[\r?
|
]", "/"): null

22-11-2024T02:57:01 - [TEST_STEP][PASSED] - x = x + "/" + z: null

22-11-2024T02:57:01 - [TEST_STEP][PASSED] - z = getText(findTestObject(path + path2 + "Факт Отпуск в сеть за отчётный период " + dZONum)).replaceAll("\s+", ""): Text of object 'Object Repository/Выполнение бизнес-плана/Выполнение бизнес-плана Балансы/Значения со страницы Выполнение бизнес-плана/Table Data/Факт Отпуск в сеть за отчётный период 3' is: '3 034 612'

22-11-2024T02:57:01 - [MESSAGE][PASSED] - Text of object 'Object Repository/Выполнение бизнес-плана/Выполнение бизнес-плана Балансы/Значения со страницы Выполнение бизнес-плана/Table Data/Факт Отпуск в сеть за отчётный период 3' is: '3 034 612'

22-11-2024T02:57:01 - [TEST_STEP][PASSED] - x = x + "/" + z: null

22-11-2024T02:57:01 - [TEST_STEP][PASSED] - z = getText(findTestObject(path + path2 + "Факт Отпуск из сети за отчётный период " + dZONum)).replaceAll("\s+", ""): Text of object 'Object Repository/Выполнение бизнес-плана/Выполнение бизнес-плана Балансы/Значения со страницы Выполнение бизнес-плана/Table Data/Факт Отпуск из сети за отчётный период 3' is: '1 924 288'

22-11-2024T02:57:01 - [MESSAGE][PASSED] - Text of object 'Object Repository/Выполнение бизнес-плана/Выполнение бизнес-плана Балансы/Значения со страницы Выполнение бизнес-плана/Table Data/Факт Отпуск из сети за отчётный период 3' is: '1 924 288'

22-11-2024T02:57:01 - [TEST_STEP][PASSED] - x = x + "/" + z: null

22-11-2024T02:57:01 - [TEST_STEP][PASSED] - z = getText(findTestObject(path + path2 + "Факт Потери за отчётный период " + dZONum)).replaceAll("\s+", ""): Text of object 'Object Repository/Выполнение бизнес-плана/Выполнение бизнес-плана Балансы/Значения со страницы Выполнение бизнес-плана/Table Data/Факт Потери за отчётный период 3' is: '1 110 325'

22-11-2024T02:57:02 - [MESSAGE][PASSED] - Text of object 'Object Repository/Выполнение бизнес-плана/Выполнение бизнес-плана Балансы/Значения со страницы Выполнение бизнес-плана/Table Data/Факт Потери за отчётный период 3' is: '1 110 325'

22-11-2024T02:57:02 - [TEST_STEP][PASSED] - x = x + "/" + z: null

22-11-2024T02:57:02 - [TEST_STEP][PASSED] - z = getText(findTestObject(path + path2 + "План Отпуск в сеть за отчётный период " + dZONum)).replaceAll("\s+", ""): Text of object 'Object Repository/Выполнение бизнес-плана/Выполнение бизнес-плана Балансы/Значения со страницы Выполнение бизнес-плана/Table Data/План Отпуск в сеть за отчётный период 3' is: '2 822 152'

22-11-2024T02:57:02 - [MESSAGE][PASSED] - Text of object 'Object Repository/Выполнение бизнес-плана/Выполнение бизнес-плана Балансы/Значения со страницы Выполнение бизнес-плана/Table Data/План Отпуск в сеть за отчётный период 3' is: '2 822 152'

22-11-2024T02:57:02 - [TEST_STEP][PASSED] - x = x + "/" + z: null

22-11-2024T02:57:02 - [TEST_STEP][PASSED] - z = getText(findTestObject(path + path2 + "План Отпуск из сети за отчётный период " + dZONum)).replaceAll("\s+", ""): Text of object 'Object Repository/Выполнение бизнес-плана/Выполнение бизнес-плана Балансы/Значения со страницы Выполнение бизнес-плана/Table Data/План Отпуск из сети за отчётный период 3' is: '1 894 447'

22-11-2024T02:57:02 - [MESSAGE][PASSED] - Text of object 'Object Repository/Выполнение бизнес-плана/Выполнение бизнес-плана Балансы/Значения со страницы Выполнение бизнес-плана/Table Data/План Отпуск из сети за отчётный период 3' is: '1 894 447'

22-11-2024T02:57:02 - [TEST_STEP][PASSED] - x = x + "/" + z: null

22-11-2024T02:57:02 - [TEST_STEP][PASSED] - z = getText(findTestObject(path + path2 + "План Потери за отчётный период " + dZONum)).replaceAll("\s+", ""): Text of object 'Object Repository/Выполнение бизнес-плана/Выполнение бизнес-плана Балансы/Значения со страницы Выполнение бизнес-плана/Table Data/План Потери за отчётный период 3' is: '927 705'

22-11-2024T02:57:02 - [MESSAGE][PASSED] - Text of object 'Object Repository/Выполнение бизнес-плана/Выполнение бизнес-плана Балансы/Значения со страницы Выполнение бизнес-плана/Table Data/План Потери за отчётный период 3' is: '927 705'

22-11-2024T02:57:02 - [TEST_STEP][PASSED] - x = x + "/" + z: null

22-11-2024T02:57:02 - [TEST_STEP][PASSED] - z = getText(findTestObject(path + "Список ДЗО")).replaceAll("[\r?
|
]", "/"): Text of object 'Object Repository/Выполнение бизнес-плана/Выполнение бизнес-плана Балансы/Список ДЗО' is: '-0.20
-0.07
3.72
-0.35
-0.53
-0.04
-0.01
3.84
-0.35
-0.05
-0.00
0.09
-0.15
-0.51
-0.25
-0.39
-0.20
Россети ФСКЕЭС
АО«Тываэнерго»
АО«Чеченэнерго»
РоссетиВолга
РоссетиКубань
РоссетиЛенэнерго(ГК)
РоссетиМосковскийрегион
РоссетиСеверныйКавказ
РоссетиСеверо-Запад
РоссетиСибирь
РоссетиТомск
РоссетиТюмень
Россети Урал(ГК)
РоссетиЦентр (ГК)
РоссетиЦентр иПриволжье(ГК)
Россети Юг(ГК)
РоссетиЯнтарь
0
2
4
6
-2
8'

22-11-2024T02:57:03 - [MESSAGE][PASSED] - Text of object 'Object Repository/Выполнение бизнес-плана/Выполнение бизнес-плана Балансы/Список ДЗО' is: '-0.20
-0.07
3.72
-0.35
-0.53
-0.04
-0.01
3.84
-0.35
-0.05
-0.00
0.09
-0.15
-0.51
-0.25
-0.39
-0.20
Россети ФСКЕЭС
АО«Тываэнерго»
АО«Чеченэнерго»
РоссетиВолга
РоссетиКубань
РоссетиЛенэнерго(ГК)
РоссетиМосковскийрегион
РоссетиСеверныйКавказ
РоссетиСеверо-Запад
РоссетиСибирь
РоссетиТомск
РоссетиТюмень
Россети Урал(ГК)
РоссетиЦентр (ГК)
РоссетиЦентр иПриволжье(ГК)
Россети Юг(ГК)
РоссетиЯнтарь
0
2
4
6
-2
8'

22-11-2024T02:57:03 - [TEST_STEP][PASSED] - for ([ii = 1, ii < dZONum, (ii++)]): null

22-11-2024T02:57:03 - [TEST_STEP][PASSED] - i1 = z.indexOf("/") + 1: null

22-11-2024T02:57:03 - [TEST_STEP][PASSED] - if (i1 > -1): null

22-11-2024T02:57:03 - [TEST_STEP][PASSED] - z = z.substring(i1, z.length()): null

22-11-2024T02:57:03 - [TEST_STEP][PASSED] - i1 = z.indexOf("/"): null

22-11-2024T02:57:03 - [TEST_STEP][PASSED] - i1 = z.indexOf("/") + 1: null

22-11-2024T02:57:03 - [TEST_STEP][PASSED] - if (i1 > -1): null

22-11-2024T02:57:03 - [TEST_STEP][PASSED] - z = z.substring(i1, z.length()): null

22-11-2024T02:57:03 - [TEST_STEP][PASSED] - i1 = z.indexOf("/"): null

22-11-2024T02:57:03 - [TEST_STEP][PASSED] - i1 = z.indexOf("/"): null

22-11-2024T02:57:03 - [TEST_STEP][PASSED] - if (i1 > -1): null

22-11-2024T02:57:03 - [TEST_STEP][PASSED] - z = z.substring(0, i1): null

22-11-2024T02:57:03 - [TEST_STEP][PASSED] - z = z.replace(",", "."): null

22-11-2024T02:57:03 - [TEST_STEP][PASSED] - println(z): null

22-11-2024T02:57:03 - [TEST_STEP][PASSED] - x = x + "/" + z: null

22-11-2024T02:57:03 - [TEST_STEP][PASSED] - x = x.replaceAll("[\r?
|
]", ""): null

22-11-2024T02:57:03 - [TEST_STEP][PASSED] - println(x): null

22-11-2024T02:57:03 - [TEST_STEP][PASSED] - return x: null

22-11-2024T02:57:03 - [TEST_STEP][PASSED] - println("chB: " + chB): null

22-11-2024T02:57:03 - [TEST_STEP][PASSED] - i = VseDZO.indexOf("Волга"): null

22-11-2024T02:57:03 - [TEST_STEP][PASSED] - if (i > -1): null

22-11-2024T02:57:03 - [TEST_STEP][PASSED] - dZONum = dZONum + 1: null

22-11-2024T02:57:03 - [TEST_STEP][PASSED] - vB = GetAllData(path, dZONum, VseDZO, x = "Россети Волга/"): null

22-11-2024T02:57:03 - [TEST_STEP][PASSED] - ii = <not implemented yet for class: org.codehaus.groovy.ast.expr.EmptyExpression>: null

22-11-2024T02:57:03 - [TEST_STEP][PASSED] - i1 = <not implemented yet for class: org.codehaus.groovy.ast.expr.EmptyExpression>: null

22-11-2024T02:57:03 - [TEST_STEP][PASSED] - z = <not implemented yet for class: org.codehaus.groovy.ast.expr.EmptyExpression>: null

22-11-2024T02:57:03 - [TEST_STEP][PASSED] - path2 = "Значения со страницы Выполнение бизнес-плана/Table Data/": null

22-11-2024T02:57:03 - [TEST_STEP][PASSED] - println("path: " + path): null

22-11-2024T02:57:03 - [TEST_STEP][PASSED] - println("dZONum: " + dZONum): null

22-11-2024T02:57:03 - [TEST_STEP][PASSED] - z = getText(findTestObject(path + "spanPlan" + dZONum)): Text of object 'Object Repository/Выполнение бизнес-плана/Выполнение бизнес-плана Балансы/spanPlan4' is: '5.30
|'

22-11-2024T02:57:03 - [MESSAGE][PASSED] - Text of object 'Object Repository/Выполнение бизнес-плана/Выполнение бизнес-плана Балансы/spanPlan4' is: '5.30
|'

22-11-2024T02:57:03 - [TEST_STEP][PASSED] - println(z): null

22-11-2024T02:57:03 - [TEST_STEP][PASSED] - ii = z.indexOf("|"): null

22-11-2024T02:57:03 - [TEST_STEP][PASSED] - if (ii > -1): null

22-11-2024T02:57:03 - [TEST_STEP][PASSED] - z = z.substring(0, z.length() - 1): null

22-11-2024T02:57:03 - [TEST_STEP][PASSED] - println(z): null

22-11-2024T02:57:03 - [TEST_STEP][PASSED] - z = z.replaceAll("\s+", ""): null

22-11-2024T02:57:03 - [TEST_STEP][PASSED] - z = z.replace("[\r?
|
]", "/"): null

22-11-2024T02:57:03 - [TEST_STEP][PASSED] - println(z): null

22-11-2024T02:57:03 - [TEST_STEP][PASSED] - x = x + z: null

22-11-2024T02:57:03 - [TEST_STEP][PASSED] - z = getText(findTestObject(path + "spanFact" + dZONum)): Text of object 'Object Repository/Выполнение бизнес-плана/Выполнение бизнес-плана Балансы/spanFact4' is: '4.94'

22-11-2024T02:57:03 - [MESSAGE][PASSED] - Text of object 'Object Repository/Выполнение бизнес-плана/Выполнение бизнес-плана Балансы/spanFact4' is: '4.94'

22-11-2024T02:57:03 - [TEST_STEP][PASSED] - ii = z.indexOf("|"): null

22-11-2024T02:57:03 - [TEST_STEP][PASSED] - if (ii > -1): null

22-11-2024T02:57:03 - [TEST_STEP][PASSED] - x = x + "/" + z: null

22-11-2024T02:57:03 - [TEST_STEP][PASSED] - z = getText(findTestObject(path + path2 + "Факт Отпуск в сеть за отчётный период " + dZONum)).replaceAll("\s+", ""): Text of object 'Object Repository/Выполнение бизнес-плана/Выполнение бизнес-плана Балансы/Значения со страницы Выполнение бизнес-плана/Table Data/Факт Отпуск в сеть за отчётный период 4' is: '39 713 494'

22-11-2024T02:57:04 - [MESSAGE][PASSED] - Text of object 'Object Repository/Выполнение бизнес-плана/Выполнение бизнес-плана Балансы/Значения со страницы Выполнение бизнес-плана/Table Data/Факт Отпуск в сеть за отчётный период 4' is: '39 713 494'

22-11-2024T02:57:04 - [TEST_STEP][PASSED] - x = x + "/" + z: null

22-11-2024T02:57:04 - [TEST_STEP][PASSED] - z = getText(findTestObject(path + path2 + "Факт Отпуск из сети за отчётный период " + dZONum)).replaceAll("\s+", ""): Text of object 'Object Repository/Выполнение бизнес-плана/Выполнение бизнес-плана Балансы/Значения со страницы Выполнение бизнес-плана/Table Data/Факт Отпуск из сети за отчётный период 4' is: '37 749 852'

22-11-2024T02:57:04 - [MESSAGE][PASSED] - Text of object 'Object Repository/Выполнение бизнес-плана/Выполнение бизнес-плана Балансы/Значения со страницы Выполнение бизнес-плана/Table Data/Факт Отпуск из сети за отчётный период 4' is: '37 749 852'

22-11-2024T02:57:04 - [TEST_STEP][PASSED] - x = x + "/" + z: null

22-11-2024T02:57:04 - [TEST_STEP][PASSED] - z = getText(findTestObject(path + path2 + "Факт Потери за отчётный период " + dZONum)).replaceAll("\s+", ""): Text of object 'Object Repository/Выполнение бизнес-плана/Выполнение бизнес-плана Балансы/Значения со страницы Выполнение бизнес-плана/Table Data/Факт Потери за отчётный период 4' is: '1 963 642'

22-11-2024T02:57:04 - [MESSAGE][PASSED] - Text of object 'Object Repository/Выполнение бизнес-плана/Выполнение бизнес-плана Балансы/Значения со страницы Выполнение бизнес-плана/Table Data/Факт Потери за отчётный период 4' is: '1 963 642'

22-11-2024T02:57:04 - [TEST_STEP][PASSED] - x = x + "/" + z: null

22-11-2024T02:57:04 - [TEST_STEP][PASSED] - z = getText(findTestObject(path + path2 + "План Отпуск в сеть за отчётный период " + dZONum)).replaceAll("\s+", ""): Text of object 'Object Repository/Выполнение бизнес-плана/Выполнение бизнес-плана Балансы/Значения со страницы Выполнение бизнес-плана/Table Data/План Отпуск в сеть за отчётный период 4' is: '39 342 452'

22-11-2024T02:57:05 - [MESSAGE][PASSED] - Text of object 'Object Repository/Выполнение бизнес-плана/Выполнение бизнес-плана Балансы/Значения со страницы Выполнение бизнес-плана/Table Data/План Отпуск в сеть за отчётный период 4' is: '39 342 452'

22-11-2024T02:57:05 - [TEST_STEP][PASSED] - x = x + "/" + z: null

22-11-2024T02:57:05 - [TEST_STEP][PASSED] - z = getText(findTestObject(path + path2 + "План Отпуск из сети за отчётный период " + dZONum)).replaceAll("\s+", ""): Text of object 'Object Repository/Выполнение бизнес-плана/Выполнение бизнес-плана Балансы/Значения со страницы Выполнение бизнес-плана/Table Data/План Отпуск из сети за отчётный период 4' is: '37 241 048'

22-11-2024T02:57:05 - [MESSAGE][PASSED] - Text of object 'Object Repository/Выполнение бизнес-плана/Выполнение бизнес-плана Балансы/Значения со страницы Выполнение бизнес-плана/Table Data/План Отпуск из сети за отчётный период 4' is: '37 241 048'

22-11-2024T02:57:05 - [TEST_STEP][PASSED] - x = x + "/" + z: null

22-11-2024T02:57:05 - [TEST_STEP][PASSED] - z = getText(findTestObject(path + path2 + "План Потери за отчётный период " + dZONum)).replaceAll("\s+", ""): Text of object 'Object Repository/Выполнение бизнес-плана/Выполнение бизнес-плана Балансы/Значения со страницы Выполнение бизнес-плана/Table Data/План Потери за отчётный период 4' is: '2 101 404'

22-11-2024T02:57:05 - [MESSAGE][PASSED] - Text of object 'Object Repository/Выполнение бизнес-плана/Выполнение бизнес-плана Балансы/Значения со страницы Выполнение бизнес-плана/Table Data/План Потери за отчётный период 4' is: '2 101 404'

22-11-2024T02:57:05 - [TEST_STEP][PASSED] - x = x + "/" + z: null

22-11-2024T02:57:05 - [TEST_STEP][PASSED] - z = getText(findTestObject(path + "Список ДЗО")).replaceAll("[\r?
|
]", "/"): Text of object 'Object Repository/Выполнение бизнес-плана/Выполнение бизнес-плана Балансы/Список ДЗО' is: '-0.20
-0.07
3.72
-0.35
-0.53
-0.04
-0.01
3.84
-0.35
-0.05
-0.00
0.09
-0.15
-0.51
-0.25
-0.39
-0.20
Россети ФСКЕЭС
АО«Тываэнерго»
АО«Чеченэнерго»
РоссетиВолга
РоссетиКубань
РоссетиЛенэнерго(ГК)
РоссетиМосковскийрегион
РоссетиСеверныйКавказ
РоссетиСеверо-Запад
РоссетиСибирь
РоссетиТомск
РоссетиТюмень
Россети Урал(ГК)
РоссетиЦентр (ГК)
РоссетиЦентр иПриволжье(ГК)
Россети Юг(ГК)
РоссетиЯнтарь
0
2
4
6
-2
8'

22-11-2024T02:57:06 - [MESSAGE][PASSED] - Text of object 'Object Repository/Выполнение бизнес-плана/Выполнение бизнес-плана Балансы/Список ДЗО' is: '-0.20
-0.07
3.72
-0.35
-0.53
-0.04
-0.01
3.84
-0.35
-0.05
-0.00
0.09
-0.15
-0.51
-0.25
-0.39
-0.20
Россети ФСКЕЭС
АО«Тываэнерго»
АО«Чеченэнерго»
РоссетиВолга
РоссетиКубань
РоссетиЛенэнерго(ГК)
РоссетиМосковскийрегион
РоссетиСеверныйКавказ
РоссетиСеверо-Запад
РоссетиСибирь
РоссетиТомск
РоссетиТюмень
Россети Урал(ГК)
РоссетиЦентр (ГК)
РоссетиЦентр иПриволжье(ГК)
Россети Юг(ГК)
РоссетиЯнтарь
0
2
4
6
-2
8'

22-11-2024T02:57:06 - [TEST_STEP][PASSED] - for ([ii = 1, ii < dZONum, (ii++)]): null

22-11-2024T02:57:06 - [TEST_STEP][PASSED] - i1 = z.indexOf("/") + 1: null

22-11-2024T02:57:06 - [TEST_STEP][PASSED] - if (i1 > -1): null

22-11-2024T02:57:06 - [TEST_STEP][PASSED] - z = z.substring(i1, z.length()): null

22-11-2024T02:57:06 - [TEST_STEP][PASSED] - i1 = z.indexOf("/"): null

22-11-2024T02:57:06 - [TEST_STEP][PASSED] - i1 = z.indexOf("/") + 1: null

22-11-2024T02:57:06 - [TEST_STEP][PASSED] - if (i1 > -1): null

22-11-2024T02:57:06 - [TEST_STEP][PASSED] - z = z.substring(i1, z.length()): null

22-11-2024T02:57:06 - [TEST_STEP][PASSED] - i1 = z.indexOf("/"): null

22-11-2024T02:57:06 - [TEST_STEP][PASSED] - i1 = z.indexOf("/") + 1: null

22-11-2024T02:57:06 - [TEST_STEP][PASSED] - if (i1 > -1): null

22-11-2024T02:57:06 - [TEST_STEP][PASSED] - z = z.substring(i1, z.length()): null

22-11-2024T02:57:06 - [TEST_STEP][PASSED] - i1 = z.indexOf("/"): null

22-11-2024T02:57:06 - [TEST_STEP][PASSED] - i1 = z.indexOf("/"): null

22-11-2024T02:57:06 - [TEST_STEP][PASSED] - if (i1 > -1): null

22-11-2024T02:57:06 - [TEST_STEP][PASSED] - z = z.substring(0, i1): null

22-11-2024T02:57:06 - [TEST_STEP][PASSED] - z = z.replace(",", "."): null

22-11-2024T02:57:06 - [TEST_STEP][PASSED] - println(z): null

22-11-2024T02:57:06 - [TEST_STEP][PASSED] - x = x + "/" + z: null

22-11-2024T02:57:06 - [TEST_STEP][PASSED] - x = x.replaceAll("[\r?
|
]", ""): null

22-11-2024T02:57:06 - [TEST_STEP][PASSED] - println(x): null

22-11-2024T02:57:06 - [TEST_STEP][PASSED] - return x: null

22-11-2024T02:57:06 - [TEST_STEP][PASSED] - println("vB: " + vB): null

22-11-2024T02:57:06 - [TEST_STEP][PASSED] - i = VseDZO.indexOf("Кубань"): null

22-11-2024T02:57:06 - [TEST_STEP][PASSED] - if (i > -1): null

22-11-2024T02:57:06 - [TEST_STEP][PASSED] - dZONum = dZONum + 1: null

22-11-2024T02:57:06 - [TEST_STEP][PASSED] - kB = GetAllData(path, dZONum, VseDZO, x = "Россети Кубань/"): null

22-11-2024T02:57:06 - [TEST_STEP][PASSED] - ii = <not implemented yet for class: org.codehaus.groovy.ast.expr.EmptyExpression>: null

22-11-2024T02:57:06 - [TEST_STEP][PASSED] - i1 = <not implemented yet for class: org.codehaus.groovy.ast.expr.EmptyExpression>: null

22-11-2024T02:57:06 - [TEST_STEP][PASSED] - z = <not implemented yet for class: org.codehaus.groovy.ast.expr.EmptyExpression>: null

22-11-2024T02:57:06 - [TEST_STEP][PASSED] - path2 = "Значения со страницы Выполнение бизнес-плана/Table Data/": null

22-11-2024T02:57:06 - [TEST_STEP][PASSED] - println("path: " + path): null

22-11-2024T02:57:06 - [TEST_STEP][PASSED] - println("dZONum: " + dZONum): null

22-11-2024T02:57:06 - [TEST_STEP][PASSED] - z = getText(findTestObject(path + "spanPlan" + dZONum)): Text of object 'Object Repository/Выполнение бизнес-плана/Выполнение бизнес-плана Балансы/spanPlan5' is: '9.22
|'

22-11-2024T02:57:06 - [MESSAGE][PASSED] - Text of object 'Object Repository/Выполнение бизнес-плана/Выполнение бизнес-плана Балансы/spanPlan5' is: '9.22
|'

22-11-2024T02:57:06 - [TEST_STEP][PASSED] - println(z): null

22-11-2024T02:57:06 - [TEST_STEP][PASSED] - ii = z.indexOf("|"): null

22-11-2024T02:57:06 - [TEST_STEP][PASSED] - if (ii > -1): null

22-11-2024T02:57:06 - [TEST_STEP][PASSED] - z = z.substring(0, z.length() - 1): null

22-11-2024T02:57:06 - [TEST_STEP][PASSED] - println(z): null

22-11-2024T02:57:06 - [TEST_STEP][PASSED] - z = z.replaceAll("\s+", ""): null

22-11-2024T02:57:06 - [TEST_STEP][PASSED] - z = z.replace("[\r?
|
]", "/"): null

22-11-2024T02:57:06 - [TEST_STEP][PASSED] - println(z): null

22-11-2024T02:57:06 - [TEST_STEP][PASSED] - x = x + z: null

22-11-2024T02:57:06 - [TEST_STEP][PASSED] - z = getText(findTestObject(path + "spanFact" + dZONum)): Text of object 'Object Repository/Выполнение бизнес-плана/Выполнение бизнес-плана Балансы/spanFact5' is: '8.68'

22-11-2024T02:57:06 - [MESSAGE][PASSED] - Text of object 'Object Repository/Выполнение бизнес-плана/Выполнение бизнес-плана Балансы/spanFact5' is: '8.68'

22-11-2024T02:57:06 - [TEST_STEP][PASSED] - ii = z.indexOf("|"): null

22-11-2024T02:57:06 - [TEST_STEP][PASSED] - if (ii > -1): null

22-11-2024T02:57:06 - [TEST_STEP][PASSED] - x = x + "/" + z: null

22-11-2024T02:57:06 - [TEST_STEP][PASSED] - z = getText(findTestObject(path + path2 + "Факт Отпуск в сеть за отчётный период " + dZONum)).replaceAll("\s+", ""): Text of object 'Object Repository/Выполнение бизнес-плана/Выполнение бизнес-плана Балансы/Значения со страницы Выполнение бизнес-плана/Table Data/Факт Отпуск в сеть за отчётный период 5' is: '19 209 232'

22-11-2024T02:57:06 - [MESSAGE][PASSED] - Text of object 'Object Repository/Выполнение бизнес-плана/Выполнение бизнес-плана Балансы/Значения со страницы Выполнение бизнес-плана/Table Data/Факт Отпуск в сеть за отчётный период 5' is: '19 209 232'

22-11-2024T02:57:06 - [TEST_STEP][PASSED] - x = x + "/" + z: null

22-11-2024T02:57:06 - [TEST_STEP][PASSED] - z = getText(findTestObject(path + path2 + "Факт Отпуск из сети за отчётный период " + dZONum)).replaceAll("\s+", ""): Text of object 'Object Repository/Выполнение бизнес-плана/Выполнение бизнес-плана Балансы/Значения со страницы Выполнение бизнес-плана/Table Data/Факт Отпуск из сети за отчётный период 5' is: '17 541 196'

22-11-2024T02:57:07 - [MESSAGE][PASSED] - Text of object 'Object Repository/Выполнение бизнес-плана/Выполнение бизнес-плана Балансы/Значения со страницы Выполнение бизнес-плана/Table Data/Факт Отпуск из сети за отчётный период 5' is: '17 541 196'

22-11-2024T02:57:07 - [TEST_STEP][PASSED] - x = x + "/" + z: null

22-11-2024T02:57:07 - [TEST_STEP][PASSED] - z = getText(findTestObject(path + path2 + "Факт Потери за отчётный период " + dZONum)).replaceAll("\s+", ""): Text of object 'Object Repository/Выполнение бизнес-плана/Выполнение бизнес-плана Балансы/Значения со страницы Выполнение бизнес-плана/Table Data/Факт Потери за отчётный период 5' is: '1 668 036'

22-11-2024T02:57:07 - [MESSAGE][PASSED] - Text of object 'Object Repository/Выполнение бизнес-плана/Выполнение бизнес-плана Балансы/Значения со страницы Выполнение бизнес-плана/Table Data/Факт Потери за отчётный период 5' is: '1 668 036'

22-11-2024T02:57:07 - [TEST_STEP][PASSED] - x = x + "/" + z: null

22-11-2024T02:57:07 - [TEST_STEP][PASSED] - z = getText(findTestObject(path + path2 + "План Отпуск в сеть за отчётный период " + dZONum)).replaceAll("\s+", ""): Text of object 'Object Repository/Выполнение бизнес-плана/Выполнение бизнес-плана Балансы/Значения со страницы Выполнение бизнес-плана/Table Data/План Отпуск в сеть за отчётный период 5' is: '18 442 019'

22-11-2024T02:57:07 - [MESSAGE][PASSED] - Text of object 'Object Repository/Выполнение бизнес-плана/Выполнение бизнес-плана Балансы/Значения со страницы Выполнение бизнес-плана/Table Data/План Отпуск в сеть за отчётный период 5' is: '18 442 019'

22-11-2024T02:57:07 - [TEST_STEP][PASSED] - x = x + "/" + z: null

22-11-2024T02:57:07 - [TEST_STEP][PASSED] - z = getText(findTestObject(path + path2 + "План Отпуск из сети за отчётный период " + dZONum)).replaceAll("\s+", ""): Text of object 'Object Repository/Выполнение бизнес-плана/Выполнение бизнес-плана Балансы/Значения со страницы Выполнение бизнес-плана/Table Data/План Отпуск из сети за отчётный период 5' is: '16 742 025'

22-11-2024T02:57:08 - [MESSAGE][PASSED] - Text of object 'Object Repository/Выполнение бизнес-плана/Выполнение бизнес-плана Балансы/Значения со страницы Выполнение бизнес-плана/Table Data/План Отпуск из сети за отчётный период 5' is: '16 742 025'

22-11-2024T02:57:08 - [TEST_STEP][PASSED] - x = x + "/" + z: null

22-11-2024T02:57:08 - [TEST_STEP][PASSED] - z = getText(findTestObject(path + path2 + "План Потери за отчётный период " + dZONum)).replaceAll("\s+", ""): Text of object 'Object Repository/Выполнение бизнес-плана/Выполнение бизнес-плана Балансы/Значения со страницы Выполнение бизнес-плана/Table Data/План Потери за отчётный период 5' is: '1 699 994'

22-11-2024T02:57:08 - [MESSAGE][PASSED] - Text of object 'Object Repository/Выполнение бизнес-плана/Выполнение бизнес-плана Балансы/Значения со страницы Выполнение бизнес-плана/Table Data/План Потери за отчётный период 5' is: '1 699 994'

22-11-2024T02:57:08 - [TEST_STEP][PASSED] - x = x + "/" + z: null

22-11-2024T02:57:08 - [TEST_STEP][PASSED] - z = getText(findTestObject(path + "Список ДЗО")).replaceAll("[\r?
|
]", "/"): Text of object 'Object Repository/Выполнение бизнес-плана/Выполнение бизнес-плана Балансы/Список ДЗО' is: '-0.20
-0.07
3.72
-0.35
-0.53
-0.04
-0.01
3.84
-0.35
-0.05
-0.00
0.09
-0.15
-0.51
-0.25
-0.39
-0.20
Россети ФСКЕЭС
АО«Тываэнерго»
АО«Чеченэнерго»
РоссетиВолга
РоссетиКубань
РоссетиЛенэнерго(ГК)
РоссетиМосковскийрегион
РоссетиСеверныйКавказ
РоссетиСеверо-Запад
РоссетиСибирь
РоссетиТомск
РоссетиТюмень
Россети Урал(ГК)
РоссетиЦентр (ГК)
РоссетиЦентр иПриволжье(ГК)
Россети Юг(ГК)
РоссетиЯнтарь
0
2
4
6
-2
8'

22-11-2024T02:57:08 - [MESSAGE][PASSED] - Text of object 'Object Repository/Выполнение бизнес-плана/Выполнение бизнес-плана Балансы/Список ДЗО' is: '-0.20
-0.07
3.72
-0.35
-0.53
-0.04
-0.01
3.84
-0.35
-0.05
-0.00
0.09
-0.15
-0.51
-0.25
-0.39
-0.20
Россети ФСКЕЭС
АО«Тываэнерго»
АО«Чеченэнерго»
РоссетиВолга
РоссетиКубань
РоссетиЛенэнерго(ГК)
РоссетиМосковскийрегион
РоссетиСеверныйКавказ
РоссетиСеверо-Запад
РоссетиСибирь
РоссетиТомск
РоссетиТюмень
Россети Урал(ГК)
РоссетиЦентр (ГК)
РоссетиЦентр иПриволжье(ГК)
Россети Юг(ГК)
РоссетиЯнтарь
0
2
4
6
-2
8'

22-11-2024T02:57:08 - [TEST_STEP][PASSED] - for ([ii = 1, ii < dZONum, (ii++)]): null

22-11-2024T02:57:08 - [TEST_STEP][PASSED] - i1 = z.indexOf("/") + 1: null

22-11-2024T02:57:08 - [TEST_STEP][PASSED] - if (i1 > -1): null

22-11-2024T02:57:08 - [TEST_STEP][PASSED] - z = z.substring(i1, z.length()): null

22-11-2024T02:57:08 - [TEST_STEP][PASSED] - i1 = z.indexOf("/"): null

22-11-2024T02:57:08 - [TEST_STEP][PASSED] - i1 = z.indexOf("/") + 1: null

22-11-2024T02:57:08 - [TEST_STEP][PASSED] - if (i1 > -1): null

22-11-2024T02:57:08 - [TEST_STEP][PASSED] - z = z.substring(i1, z.length()): null

22-11-2024T02:57:08 - [TEST_STEP][PASSED] - i1 = z.indexOf("/"): null

22-11-2024T02:57:08 - [TEST_STEP][PASSED] - i1 = z.indexOf("/") + 1: null

22-11-2024T02:57:08 - [TEST_STEP][PASSED] - if (i1 > -1): null

22-11-2024T02:57:08 - [TEST_STEP][PASSED] - z = z.substring(i1, z.length()): null

22-11-2024T02:57:08 - [TEST_STEP][PASSED] - i1 = z.indexOf("/"): null

22-11-2024T02:57:08 - [TEST_STEP][PASSED] - i1 = z.indexOf("/") + 1: null

22-11-2024T02:57:08 - [TEST_STEP][PASSED] - if (i1 > -1): null

22-11-2024T02:57:08 - [TEST_STEP][PASSED] - z = z.substring(i1, z.length()): null

22-11-2024T02:57:08 - [TEST_STEP][PASSED] - i1 = z.indexOf("/"): null

22-11-2024T02:57:08 - [TEST_STEP][PASSED] - i1 = z.indexOf("/"): null

22-11-2024T02:57:08 - [TEST_STEP][PASSED] - if (i1 > -1): null

22-11-2024T02:57:08 - [TEST_STEP][PASSED] - z = z.substring(0, i1): null

22-11-2024T02:57:08 - [TEST_STEP][PASSED] - z = z.replace(",", "."): null

22-11-2024T02:57:08 - [TEST_STEP][PASSED] - println(z): null

22-11-2024T02:57:08 - [TEST_STEP][PASSED] - x = x + "/" + z: null

22-11-2024T02:57:08 - [TEST_STEP][PASSED] - x = x.replaceAll("[\r?
|
]", ""): null

22-11-2024T02:57:08 - [TEST_STEP][PASSED] - println(x): null

22-11-2024T02:57:08 - [TEST_STEP][PASSED] - return x: null

22-11-2024T02:57:08 - [TEST_STEP][PASSED] - println("kB: " + kB): null

22-11-2024T02:57:08 - [TEST_STEP][PASSED] - i = VseDZO.indexOf("Ленэнерго"): null

22-11-2024T02:57:08 - [TEST_STEP][PASSED] - if (i > -1): null

22-11-2024T02:57:08 - [TEST_STEP][PASSED] - dZONum = dZONum + 1: null

22-11-2024T02:57:08 - [TEST_STEP][PASSED] - lB = GetAllData(path, dZONum, VseDZO, x = "Россети Ленэнерго (ГК)/"): null

22-11-2024T02:57:08 - [TEST_STEP][PASSED] - ii = <not implemented yet for class: org.codehaus.groovy.ast.expr.EmptyExpression>: null

22-11-2024T02:57:08 - [TEST_STEP][PASSED] - i1 = <not implemented yet for class: org.codehaus.groovy.ast.expr.EmptyExpression>: null

22-11-2024T02:57:08 - [TEST_STEP][PASSED] - z = <not implemented yet for class: org.codehaus.groovy.ast.expr.EmptyExpression>: null

22-11-2024T02:57:08 - [TEST_STEP][PASSED] - path2 = "Значения со страницы Выполнение бизнес-плана/Table Data/": null

22-11-2024T02:57:08 - [TEST_STEP][PASSED] - println("path: " + path): null

22-11-2024T02:57:08 - [TEST_STEP][PASSED] - println("dZONum: " + dZONum): null

22-11-2024T02:57:08 - [TEST_STEP][PASSED] - z = getText(findTestObject(path + "spanPlan" + dZONum)): Text of object 'Object Repository/Выполнение бизнес-плана/Выполнение бизнес-плана Балансы/spanPlan6' is: '10.52
|'

22-11-2024T02:57:09 - [MESSAGE][PASSED] - Text of object 'Object Repository/Выполнение бизнес-плана/Выполнение бизнес-плана Балансы/spanPlan6' is: '10.52
|'

22-11-2024T02:57:09 - [TEST_STEP][PASSED] - println(z): null

22-11-2024T02:57:09 - [TEST_STEP][PASSED] - ii = z.indexOf("|"): null

22-11-2024T02:57:09 - [TEST_STEP][PASSED] - if (ii > -1): null

22-11-2024T02:57:09 - [TEST_STEP][PASSED] - z = z.substring(0, z.length() - 1): null

22-11-2024T02:57:09 - [TEST_STEP][PASSED] - println(z): null

22-11-2024T02:57:09 - [TEST_STEP][PASSED] - z = z.replaceAll("\s+", ""): null

22-11-2024T02:57:09 - [TEST_STEP][PASSED] - z = z.replace("[\r?
|
]", "/"): null

22-11-2024T02:57:09 - [TEST_STEP][PASSED] - println(z): null

22-11-2024T02:57:09 - [TEST_STEP][PASSED] - x = x + z: null

22-11-2024T02:57:09 - [TEST_STEP][PASSED] - z = getText(findTestObject(path + "spanFact" + dZONum)): Text of object 'Object Repository/Выполнение бизнес-плана/Выполнение бизнес-плана Балансы/spanFact6' is: '10.48'

22-11-2024T02:57:09 - [MESSAGE][PASSED] - Text of object 'Object Repository/Выполнение бизнес-плана/Выполнение бизнес-плана Балансы/spanFact6' is: '10.48'

22-11-2024T02:57:09 - [TEST_STEP][PASSED] - ii = z.indexOf("|"): null

22-11-2024T02:57:09 - [TEST_STEP][PASSED] - if (ii > -1): null

22-11-2024T02:57:09 - [TEST_STEP][PASSED] - x = x + "/" + z: null

22-11-2024T02:57:09 - [TEST_STEP][PASSED] - z = getText(findTestObject(path + path2 + "Факт Отпуск в сеть за отчётный период " + dZONum)).replaceAll("\s+", ""): Text of object 'Object Repository/Выполнение бизнес-плана/Выполнение бизнес-плана Балансы/Значения со страницы Выполнение бизнес-плана/Table Data/Факт Отпуск в сеть за отчётный период 6' is: '28 182 585'

22-11-2024T02:57:09 - [MESSAGE][PASSED] - Text of object 'Object Repository/Выполнение бизнес-плана/Выполнение бизнес-плана Балансы/Значения со страницы Выполнение бизнес-плана/Table Data/Факт Отпуск в сеть за отчётный период 6' is: '28 182 585'

22-11-2024T02:57:09 - [TEST_STEP][PASSED] - x = x + "/" + z: null

22-11-2024T02:57:09 - [TEST_STEP][PASSED] - z = getText(findTestObject(path + path2 + "Факт Отпуск из сети за отчётный период " + dZONum)).replaceAll("\s+", ""): Text of object 'Object Repository/Выполнение бизнес-плана/Выполнение бизнес-плана Балансы/Значения со страницы Выполнение бизнес-плана/Table Data/Факт Отпуск из сети за отчётный период 6' is: '25 230 190'

22-11-2024T02:57:10 - [MESSAGE][PASSED] - Text of object 'Object Repository/Выполнение бизнес-плана/Выполнение бизнес-плана Балансы/Значения со страницы Выполнение бизнес-плана/Table Data/Факт Отпуск из сети за отчётный период 6' is: '25 230 190'

22-11-2024T02:57:10 - [TEST_STEP][PASSED] - x = x + "/" + z: null

22-11-2024T02:57:10 - [TEST_STEP][PASSED] - z = getText(findTestObject(path + path2 + "Факт Потери за отчётный период " + dZONum)).replaceAll("\s+", ""): Text of object 'Object Repository/Выполнение бизнес-плана/Выполнение бизнес-плана Балансы/Значения со страницы Выполнение бизнес-плана/Table Data/Факт Потери за отчётный период 6' is: '2 952 395'

22-11-2024T02:57:10 - [MESSAGE][PASSED] - Text of object 'Object Repository/Выполнение бизнес-плана/Выполнение бизнес-плана Балансы/Значения со страницы Выполнение бизнес-плана/Table Data/Факт Потери за отчётный период 6' is: '2 952 395'

22-11-2024T02:57:10 - [TEST_STEP][PASSED] - x = x + "/" + z: null

22-11-2024T02:57:10 - [TEST_STEP][PASSED] - z = getText(findTestObject(path + path2 + "План Отпуск в сеть за отчётный период " + dZONum)).replaceAll("\s+", ""): Text of object 'Object Repository/Выполнение бизнес-плана/Выполнение бизнес-плана Балансы/Значения со страницы Выполнение бизнес-плана/Table Data/План Отпуск в сеть за отчётный период 6' is: '26 975 010'

22-11-2024T02:57:10 - [MESSAGE][PASSED] - Text of object 'Object Repository/Выполнение бизнес-плана/Выполнение бизнес-плана Балансы/Значения со страницы Выполнение бизнес-плана/Table Data/План Отпуск в сеть за отчётный период 6' is: '26 975 010'

22-11-2024T02:57:10 - [TEST_STEP][PASSED] - x = x + "/" + z: null

22-11-2024T02:57:10 - [TEST_STEP][PASSED] - z = getText(findTestObject(path + path2 + "План Отпуск из сети за отчётный период " + dZONum)).replaceAll("\s+", ""): Text of object 'Object Repository/Выполнение бизнес-плана/Выполнение бизнес-плана Балансы/Значения со страницы Выполнение бизнес-плана/Table Data/План Отпуск из сети за отчётный период 6' is: '24 137 531'

22-11-2024T02:57:10 - [MESSAGE][PASSED] - Text of object 'Object Repository/Выполнение бизнес-плана/Выполнение бизнес-плана Балансы/Значения со страницы Выполнение бизнес-плана/Table Data/План Отпуск из сети за отчётный период 6' is: '24 137 531'

22-11-2024T02:57:10 - [TEST_STEP][PASSED] - x = x + "/" + z: null

22-11-2024T02:57:10 - [TEST_STEP][PASSED] - z = getText(findTestObject(path + path2 + "План Потери за отчётный период " + dZONum)).replaceAll("\s+", ""): Text of object 'Object Repository/Выполнение бизнес-плана/Выполнение бизнес-плана Балансы/Значения со страницы Выполнение бизнес-плана/Table Data/План Потери за отчётный период 6' is: '2 837 479'

22-11-2024T02:57:11 - [MESSAGE][PASSED] - Text of object 'Object Repository/Выполнение бизнес-плана/Выполнение бизнес-плана Балансы/Значения со страницы Выполнение бизнес-плана/Table Data/План Потери за отчётный период 6' is: '2 837 479'

22-11-2024T02:57:11 - [TEST_STEP][PASSED] - x = x + "/" + z: null

22-11-2024T02:57:11 - [TEST_STEP][PASSED] - z = getText(findTestObject(path + "Список ДЗО")).replaceAll("[\r?
|
]", "/"): Text of object 'Object Repository/Выполнение бизнес-плана/Выполнение бизнес-плана Балансы/Список ДЗО' is: '-0.20
-0.07
3.72
-0.35
-0.53
-0.04
-0.01
3.84
-0.35
-0.05
-0.00
0.09
-0.15
-0.51
-0.25
-0.39
-0.20
Россети ФСКЕЭС
АО«Тываэнерго»
АО«Чеченэнерго»
РоссетиВолга
РоссетиКубань
РоссетиЛенэнерго(ГК)
РоссетиМосковскийрегион
РоссетиСеверныйКавказ
РоссетиСеверо-Запад
РоссетиСибирь
РоссетиТомск
РоссетиТюмень
Россети Урал(ГК)
РоссетиЦентр (ГК)
РоссетиЦентр иПриволжье(ГК)
Россети Юг(ГК)
РоссетиЯнтарь
0
2
4
6
-2
8'

22-11-2024T02:57:11 - [MESSAGE][PASSED] - Text of object 'Object Repository/Выполнение бизнес-плана/Выполнение бизнес-плана Балансы/Список ДЗО' is: '-0.20
-0.07
3.72
-0.35
-0.53
-0.04
-0.01
3.84
-0.35
-0.05
-0.00
0.09
-0.15
-0.51
-0.25
-0.39
-0.20
Россети ФСКЕЭС
АО«Тываэнерго»
АО«Чеченэнерго»
РоссетиВолга
РоссетиКубань
РоссетиЛенэнерго(ГК)
РоссетиМосковскийрегион
РоссетиСеверныйКавказ
РоссетиСеверо-Запад
РоссетиСибирь
РоссетиТомск
РоссетиТюмень
Россети Урал(ГК)
РоссетиЦентр (ГК)
РоссетиЦентр иПриволжье(ГК)
Россети Юг(ГК)
РоссетиЯнтарь
0
2
4
6
-2
8'

22-11-2024T02:57:11 - [TEST_STEP][PASSED] - for ([ii = 1, ii < dZONum, (ii++)]): null

22-11-2024T02:57:11 - [TEST_STEP][PASSED] - i1 = z.indexOf("/") + 1: null

22-11-2024T02:57:11 - [TEST_STEP][PASSED] - if (i1 > -1): null

22-11-2024T02:57:11 - [TEST_STEP][PASSED] - z = z.substring(i1, z.length()): null

22-11-2024T02:57:11 - [TEST_STEP][PASSED] - i1 = z.indexOf("/"): null

22-11-2024T02:57:11 - [TEST_STEP][PASSED] - i1 = z.indexOf("/") + 1: null

22-11-2024T02:57:11 - [TEST_STEP][PASSED] - if (i1 > -1): null

22-11-2024T02:57:11 - [TEST_STEP][PASSED] - z = z.substring(i1, z.length()): null

22-11-2024T02:57:11 - [TEST_STEP][PASSED] - i1 = z.indexOf("/"): null

22-11-2024T02:57:11 - [TEST_STEP][PASSED] - i1 = z.indexOf("/") + 1: null

22-11-2024T02:57:11 - [TEST_STEP][PASSED] - if (i1 > -1): null

22-11-2024T02:57:11 - [TEST_STEP][PASSED] - z = z.substring(i1, z.length()): null

22-11-2024T02:57:11 - [TEST_STEP][PASSED] - i1 = z.indexOf("/"): null

22-11-2024T02:57:11 - [TEST_STEP][PASSED] - i1 = z.indexOf("/") + 1: null

22-11-2024T02:57:11 - [TEST_STEP][PASSED] - if (i1 > -1): null

22-11-2024T02:57:11 - [TEST_STEP][PASSED] - z = z.substring(i1, z.length()): null

22-11-2024T02:57:11 - [TEST_STEP][PASSED] - i1 = z.indexOf("/"): null

22-11-2024T02:57:11 - [TEST_STEP][PASSED] - i1 = z.indexOf("/") + 1: null

22-11-2024T02:57:11 - [TEST_STEP][PASSED] - if (i1 > -1): null

22-11-2024T02:57:11 - [TEST_STEP][PASSED] - z = z.substring(i1, z.length()): null

22-11-2024T02:57:11 - [TEST_STEP][PASSED] - i1 = z.indexOf("/"): null

22-11-2024T02:57:11 - [TEST_STEP][PASSED] - i1 = z.indexOf("/"): null

22-11-2024T02:57:11 - [TEST_STEP][PASSED] - if (i1 > -1): null

22-11-2024T02:57:11 - [TEST_STEP][PASSED] - z = z.substring(0, i1): null

22-11-2024T02:57:11 - [TEST_STEP][PASSED] - z = z.replace(",", "."): null

22-11-2024T02:57:11 - [TEST_STEP][PASSED] - println(z): null

22-11-2024T02:57:11 - [TEST_STEP][PASSED] - x = x + "/" + z: null

22-11-2024T02:57:11 - [TEST_STEP][PASSED] - x = x.replaceAll("[\r?
|
]", ""): null

22-11-2024T02:57:11 - [TEST_STEP][PASSED] - println(x): null

22-11-2024T02:57:11 - [TEST_STEP][PASSED] - return x: null

22-11-2024T02:57:11 - [TEST_STEP][PASSED] - println("lB: " + lB): null

22-11-2024T02:57:11 - [TEST_STEP][PASSED] - i = VseDZO.indexOf("Московский"): null

22-11-2024T02:57:11 - [TEST_STEP][PASSED] - if (i > -1): null

22-11-2024T02:57:11 - [TEST_STEP][PASSED] - dZONum = dZONum + 1: null

22-11-2024T02:57:11 - [TEST_STEP][PASSED] - mB = GetAllData(path, dZONum, VseDZO, x = "Россети Московский регион/"): null

22-11-2024T02:57:11 - [TEST_STEP][PASSED] - ii = <not implemented yet for class: org.codehaus.groovy.ast.expr.EmptyExpression>: null

22-11-2024T02:57:11 - [TEST_STEP][PASSED] - i1 = <not implemented yet for class: org.codehaus.groovy.ast.expr.EmptyExpression>: null

22-11-2024T02:57:11 - [TEST_STEP][PASSED] - z = <not implemented yet for class: org.codehaus.groovy.ast.expr.EmptyExpression>: null

22-11-2024T02:57:11 - [TEST_STEP][PASSED] - path2 = "Значения со страницы Выполнение бизнес-плана/Table Data/": null

22-11-2024T02:57:11 - [TEST_STEP][PASSED] - println("path: " + path): null

22-11-2024T02:57:11 - [TEST_STEP][PASSED] - println("dZONum: " + dZONum): null

22-11-2024T02:57:11 - [TEST_STEP][PASSED] - z = getText(findTestObject(path + "spanPlan" + dZONum)): Text of object 'Object Repository/Выполнение бизнес-плана/Выполнение бизнес-плана Балансы/spanPlan7' is: '7.12
|'

22-11-2024T02:57:11 - [MESSAGE][PASSED] - Text of object 'Object Repository/Выполнение бизнес-плана/Выполнение бизнес-плана Балансы/spanPlan7' is: '7.12
|'

22-11-2024T02:57:11 - [TEST_STEP][PASSED] - println(z): null

22-11-2024T02:57:11 - [TEST_STEP][PASSED] - ii = z.indexOf("|"): null

22-11-2024T02:57:11 - [TEST_STEP][PASSED] - if (ii > -1): null

22-11-2024T02:57:11 - [TEST_STEP][PASSED] - z = z.substring(0, z.length() - 1): null

22-11-2024T02:57:11 - [TEST_STEP][PASSED] - println(z): null

22-11-2024T02:57:11 - [TEST_STEP][PASSED] - z = z.replaceAll("\s+", ""): null

22-11-2024T02:57:11 - [TEST_STEP][PASSED] - z = z.replace("[\r?
|
]", "/"): null

22-11-2024T02:57:11 - [TEST_STEP][PASSED] - println(z): null

22-11-2024T02:57:11 - [TEST_STEP][PASSED] - x = x + z: null

22-11-2024T02:57:11 - [TEST_STEP][PASSED] - z = getText(findTestObject(path + "spanFact" + dZONum)): Text of object 'Object Repository/Выполнение бизнес-плана/Выполнение бизнес-плана Балансы/spanFact7' is: '7.11'

22-11-2024T02:57:12 - [MESSAGE][PASSED] - Text of object 'Object Repository/Выполнение бизнес-плана/Выполнение бизнес-плана Балансы/spanFact7' is: '7.11'

22-11-2024T02:57:12 - [TEST_STEP][PASSED] - ii = z.indexOf("|"): null

22-11-2024T02:57:12 - [TEST_STEP][PASSED] - if (ii > -1): null

22-11-2024T02:57:12 - [TEST_STEP][PASSED] - x = x + "/" + z: null

22-11-2024T02:57:12 - [TEST_STEP][PASSED] - z = getText(findTestObject(path + path2 + "Факт Отпуск в сеть за отчётный период " + dZONum)).replaceAll("\s+", ""): Text of object 'Object Repository/Выполнение бизнес-плана/Выполнение бизнес-плана Балансы/Значения со страницы Выполнение бизнес-плана/Table Data/Факт Отпуск в сеть за отчётный период 7' is: '75 719 728'

22-11-2024T02:57:12 - [MESSAGE][PASSED] - Text of object 'Object Repository/Выполнение бизнес-плана/Выполнение бизнес-плана Балансы/Значения со страницы Выполнение бизнес-плана/Table Data/Факт Отпуск в сеть за отчётный период 7' is: '75 719 728'

22-11-2024T02:57:12 - [TEST_STEP][PASSED] - x = x + "/" + z: null

22-11-2024T02:57:12 - [TEST_STEP][PASSED] - z = getText(findTestObject(path + path2 + "Факт Отпуск из сети за отчётный период " + dZONum)).replaceAll("\s+", ""): Text of object 'Object Repository/Выполнение бизнес-плана/Выполнение бизнес-плана Балансы/Значения со страницы Выполнение бизнес-плана/Table Data/Факт Отпуск из сети за отчётный период 7' is: '70 334 816'

22-11-2024T02:57:12 - [MESSAGE][PASSED] - Text of object 'Object Repository/Выполнение бизнес-плана/Выполнение бизнес-плана Балансы/Значения со страницы Выполнение бизнес-плана/Table Data/Факт Отпуск из сети за отчётный период 7' is: '70 334 816'

22-11-2024T02:57:12 - [TEST_STEP][PASSED] - x = x + "/" + z: null

22-11-2024T02:57:12 - [TEST_STEP][PASSED] - z = getText(findTestObject(path + path2 + "Факт Потери за отчётный период " + dZONum)).replaceAll("\s+", ""): Text of object 'Object Repository/Выполнение бизнес-плана/Выполнение бизнес-плана Балансы/Значения со страницы Выполнение бизнес-плана/Table Data/Факт Потери за отчётный период 7' is: '5 384 911'

22-11-2024T02:57:13 - [MESSAGE][PASSED] - Text of object 'Object Repository/Выполнение бизнес-плана/Выполнение бизнес-плана Балансы/Значения со страницы Выполнение бизнес-плана/Table Data/Факт Потери за отчётный период 7' is: '5 384 911'

22-11-2024T02:57:13 - [TEST_STEP][PASSED] - x = x + "/" + z: null

22-11-2024T02:57:13 - [TEST_STEP][PASSED] - z = getText(findTestObject(path + path2 + "План Отпуск в сеть за отчётный период " + dZONum)).replaceAll("\s+", ""): Text of object 'Object Repository/Выполнение бизнес-плана/Выполнение бизнес-плана Балансы/Значения со страницы Выполнение бизнес-плана/Table Data/План Отпуск в сеть за отчётный период 7' is: '72 365 637'

22-11-2024T02:57:13 - [MESSAGE][PASSED] - Text of object 'Object Repository/Выполнение бизнес-плана/Выполнение бизнес-плана Балансы/Значения со страницы Выполнение бизнес-плана/Table Data/План Отпуск в сеть за отчётный период 7' is: '72 365 637'

22-11-2024T02:57:13 - [TEST_STEP][PASSED] - x = x + "/" + z: null

22-11-2024T02:57:13 - [TEST_STEP][PASSED] - z = getText(findTestObject(path + path2 + "План Отпуск из сети за отчётный период " + dZONum)).replaceAll("\s+", ""): Text of object 'Object Repository/Выполнение бизнес-плана/Выполнение бизнес-плана Балансы/Значения со страницы Выполнение бизнес-плана/Table Data/План Отпуск из сети за отчётный период 7' is: '67 212 373'

22-11-2024T02:57:13 - [MESSAGE][PASSED] - Text of object 'Object Repository/Выполнение бизнес-плана/Выполнение бизнес-плана Балансы/Значения со страницы Выполнение бизнес-плана/Table Data/План Отпуск из сети за отчётный период 7' is: '67 212 373'

22-11-2024T02:57:13 - [TEST_STEP][PASSED] - x = x + "/" + z: null

22-11-2024T02:57:13 - [TEST_STEP][PASSED] - z = getText(findTestObject(path + path2 + "План Потери за отчётный период " + dZONum)).replaceAll("\s+", ""): Text of object 'Object Repository/Выполнение бизнес-плана/Выполнение бизнес-плана Балансы/Значения со страницы Выполнение бизнес-плана/Table Data/План Потери за отчётный период 7' is: '5 153 264'

22-11-2024T02:57:14 - [MESSAGE][PASSED] - Text of object 'Object Repository/Выполнение бизнес-плана/Выполнение бизнес-плана Балансы/Значения со страницы Выполнение бизнес-плана/Table Data/План Потери за отчётный период 7' is: '5 153 264'

22-11-2024T02:57:14 - [TEST_STEP][PASSED] - x = x + "/" + z: null

22-11-2024T02:57:14 - [TEST_STEP][PASSED] - z = getText(findTestObject(path + "Список ДЗО")).replaceAll("[\r?
|
]", "/"): Text of object 'Object Repository/Выполнение бизнес-плана/Выполнение бизнес-плана Балансы/Список ДЗО' is: '-0.20
-0.07
3.72
-0.35
-0.53
-0.04
-0.01
3.84
-0.35
-0.05
-0.00
0.09
-0.15
-0.51
-0.25
-0.39
-0.20
Россети ФСКЕЭС
АО«Тываэнерго»
АО«Чеченэнерго»
РоссетиВолга
РоссетиКубань
РоссетиЛенэнерго(ГК)
РоссетиМосковскийрегион
РоссетиСеверныйКавказ
РоссетиСеверо-Запад
РоссетиСибирь
РоссетиТомск
РоссетиТюмень
Россети Урал(ГК)
РоссетиЦентр (ГК)
РоссетиЦентр иПриволжье(ГК)
Россети Юг(ГК)
РоссетиЯнтарь
0
2
4
6
-2
8'

22-11-2024T02:57:14 - [MESSAGE][PASSED] - Text of object 'Object Repository/Выполнение бизнес-плана/Выполнение бизнес-плана Балансы/Список ДЗО' is: '-0.20
-0.07
3.72
-0.35
-0.53
-0.04
-0.01
3.84
-0.35
-0.05
-0.00
0.09
-0.15
-0.51
-0.25
-0.39
-0.20
Россети ФСКЕЭС
АО«Тываэнерго»
АО«Чеченэнерго»
РоссетиВолга
РоссетиКубань
РоссетиЛенэнерго(ГК)
РоссетиМосковскийрегион
РоссетиСеверныйКавказ
РоссетиСеверо-Запад
РоссетиСибирь
РоссетиТомск
РоссетиТюмень
Россети Урал(ГК)
РоссетиЦентр (ГК)
РоссетиЦентр иПриволжье(ГК)
Россети Юг(ГК)
РоссетиЯнтарь
0
2
4
6
-2
8'

22-11-2024T02:57:14 - [TEST_STEP][PASSED] - for ([ii = 1, ii < dZONum, (ii++)]): null

22-11-2024T02:57:14 - [TEST_STEP][PASSED] - i1 = z.indexOf("/") + 1: null

22-11-2024T02:57:14 - [TEST_STEP][PASSED] - if (i1 > -1): null

22-11-2024T02:57:14 - [TEST_STEP][PASSED] - z = z.substring(i1, z.length()): null

22-11-2024T02:57:14 - [TEST_STEP][PASSED] - i1 = z.indexOf("/"): null

22-11-2024T02:57:14 - [TEST_STEP][PASSED] - i1 = z.indexOf("/") + 1: null

22-11-2024T02:57:14 - [TEST_STEP][PASSED] - if (i1 > -1): null

22-11-2024T02:57:14 - [TEST_STEP][PASSED] - z = z.substring(i1, z.length()): null

22-11-2024T02:57:14 - [TEST_STEP][PASSED] - i1 = z.indexOf("/"): null

22-11-2024T02:57:14 - [TEST_STEP][PASSED] - i1 = z.indexOf("/") + 1: null

22-11-2024T02:57:14 - [TEST_STEP][PASSED] - if (i1 > -1): null

22-11-2024T02:57:14 - [TEST_STEP][PASSED] - z = z.substring(i1, z.length()): null

22-11-2024T02:57:14 - [TEST_STEP][PASSED] - i1 = z.indexOf("/"): null

22-11-2024T02:57:14 - [TEST_STEP][PASSED] - i1 = z.indexOf("/") + 1: null

22-11-2024T02:57:14 - [TEST_STEP][PASSED] - if (i1 > -1): null

22-11-2024T02:57:14 - [TEST_STEP][PASSED] - z = z.substring(i1, z.length()): null

22-11-2024T02:57:14 - [TEST_STEP][PASSED] - i1 = z.indexOf("/"): null

22-11-2024T02:57:14 - [TEST_STEP][PASSED] - i1 = z.indexOf("/") + 1: null

22-11-2024T02:57:14 - [TEST_STEP][PASSED] - if (i1 > -1): null

22-11-2024T02:57:14 - [TEST_STEP][PASSED] - z = z.substring(i1, z.length()): null

22-11-2024T02:57:14 - [TEST_STEP][PASSED] - i1 = z.indexOf("/"): null

22-11-2024T02:57:14 - [TEST_STEP][PASSED] - i1 = z.indexOf("/") + 1: null

22-11-2024T02:57:14 - [TEST_STEP][PASSED] - if (i1 > -1): null

22-11-2024T02:57:14 - [TEST_STEP][PASSED] - z = z.substring(i1, z.length()): null

22-11-2024T02:57:14 - [TEST_STEP][PASSED] - i1 = z.indexOf("/"): null

22-11-2024T02:57:14 - [TEST_STEP][PASSED] - i1 = z.indexOf("/"): null

22-11-2024T02:57:14 - [TEST_STEP][PASSED] - if (i1 > -1): null

22-11-2024T02:57:14 - [TEST_STEP][PASSED] - z = z.substring(0, i1): null

22-11-2024T02:57:14 - [TEST_STEP][PASSED] - z = z.replace(",", "."): null

22-11-2024T02:57:14 - [TEST_STEP][PASSED] - println(z): null

22-11-2024T02:57:14 - [TEST_STEP][PASSED] - x = x + "/" + z: null

22-11-2024T02:57:14 - [TEST_STEP][PASSED] - x = x.replaceAll("[\r?
|
]", ""): null

22-11-2024T02:57:14 - [TEST_STEP][PASSED] - println(x): null

22-11-2024T02:57:14 - [TEST_STEP][PASSED] - return x: null

22-11-2024T02:57:14 - [TEST_STEP][PASSED] - println("mB: " + mB): null

22-11-2024T02:57:14 - [TEST_STEP][PASSED] - i = VseDZO.indexOf("Кавказ"): null

22-11-2024T02:57:14 - [TEST_STEP][PASSED] - if (i > -1): null

22-11-2024T02:57:14 - [TEST_STEP][PASSED] - dZONum = dZONum + 1: null

22-11-2024T02:57:14 - [TEST_STEP][PASSED] - sKB = GetAllData(path, dZONum, VseDZO, x = "Россети Северный Кавказ (ГК)/"): null

22-11-2024T02:57:14 - [TEST_STEP][PASSED] - ii = <not implemented yet for class: org.codehaus.groovy.ast.expr.EmptyExpression>: null

22-11-2024T02:57:14 - [TEST_STEP][PASSED] - i1 = <not implemented yet for class: org.codehaus.groovy.ast.expr.EmptyExpression>: null

22-11-2024T02:57:14 - [TEST_STEP][PASSED] - z = <not implemented yet for class: org.codehaus.groovy.ast.expr.EmptyExpression>: null

22-11-2024T02:57:14 - [TEST_STEP][PASSED] - path2 = "Значения со страницы Выполнение бизнес-плана/Table Data/": null

22-11-2024T02:57:14 - [TEST_STEP][PASSED] - println("path: " + path): null

22-11-2024T02:57:14 - [TEST_STEP][PASSED] - println("dZONum: " + dZONum): null

22-11-2024T02:57:14 - [TEST_STEP][PASSED] - z = getText(findTestObject(path + "spanPlan" + dZONum)): Text of object 'Object Repository/Выполнение бизнес-плана/Выполнение бизнес-плана Балансы/spanPlan8' is: '23.70'

22-11-2024T02:57:14 - [MESSAGE][PASSED] - Text of object 'Object Repository/Выполнение бизнес-плана/Выполнение бизнес-плана Балансы/spanPlan8' is: '23.70'

22-11-2024T02:57:14 - [TEST_STEP][PASSED] - println(z): null

22-11-2024T02:57:14 - [TEST_STEP][PASSED] - ii = z.indexOf("|"): null

22-11-2024T02:57:14 - [TEST_STEP][PASSED] - if (ii > -1): null

22-11-2024T02:57:14 - [TEST_STEP][PASSED] - z = z.replaceAll("\s+", ""): null

22-11-2024T02:57:14 - [TEST_STEP][PASSED] - z = z.replace("[\r?
|
]", "/"): null

22-11-2024T02:57:14 - [TEST_STEP][PASSED] - println(z): null

22-11-2024T02:57:14 - [TEST_STEP][PASSED] - x = x + z: null

22-11-2024T02:57:14 - [TEST_STEP][PASSED] - z = getText(findTestObject(path + "spanFact" + dZONum)): Text of object 'Object Repository/Выполнение бизнес-плана/Выполнение бизнес-плана Балансы/spanFact8' is: '27.54
|'

22-11-2024T02:57:14 - [MESSAGE][PASSED] - Text of object 'Object Repository/Выполнение бизнес-плана/Выполнение бизнес-плана Балансы/spanFact8' is: '27.54
|'

22-11-2024T02:57:14 - [TEST_STEP][PASSED] - ii = z.indexOf("|"): null

22-11-2024T02:57:14 - [TEST_STEP][PASSED] - if (ii > -1): null

22-11-2024T02:57:14 - [TEST_STEP][PASSED] - z = length() - 1).replace("[\r?
|
]", "/"): null

22-11-2024T02:57:14 - [TEST_STEP][PASSED] - x = x + "/" + z: null

22-11-2024T02:57:14 - [TEST_STEP][PASSED] - z = getText(findTestObject(path + path2 + "Факт Отпуск в сеть за отчётный период " + dZONum)).replaceAll("\s+", ""): Text of object 'Object Repository/Выполнение бизнес-плана/Выполнение бизнес-плана Балансы/Значения со страницы Выполнение бизнес-плана/Table Data/Факт Отпуск в сеть за отчётный период 8' is: '17 367 779'

22-11-2024T02:57:15 - [MESSAGE][PASSED] - Text of object 'Object Repository/Выполнение бизнес-плана/Выполнение бизнес-плана Балансы/Значения со страницы Выполнение бизнес-плана/Table Data/Факт Отпуск в сеть за отчётный период 8' is: '17 367 779'

22-11-2024T02:57:15 - [TEST_STEP][PASSED] - x = x + "/" + z: null

22-11-2024T02:57:15 - [TEST_STEP][PASSED] - z = getText(findTestObject(path + path2 + "Факт Отпуск из сети за отчётный период " + dZONum)).replaceAll("\s+", ""): Text of object 'Object Repository/Выполнение бизнес-плана/Выполнение бизнес-плана Балансы/Значения со страницы Выполнение бизнес-плана/Table Data/Факт Отпуск из сети за отчётный период 8' is: '12 584 601'

22-11-2024T02:57:15 - [MESSAGE][PASSED] - Text of object 'Object Repository/Выполнение бизнес-плана/Выполнение бизнес-плана Балансы/Значения со страницы Выполнение бизнес-плана/Table Data/Факт Отпуск из сети за отчётный период 8' is: '12 584 601'

22-11-2024T02:57:15 - [TEST_STEP][PASSED] - x = x + "/" + z: null

22-11-2024T02:57:15 - [TEST_STEP][PASSED] - z = getText(findTestObject(path + path2 + "Факт Потери за отчётный период " + dZONum)).replaceAll("\s+", ""): Text of object 'Object Repository/Выполнение бизнес-плана/Выполнение бизнес-плана Балансы/Значения со страницы Выполнение бизнес-плана/Table Data/Факт Потери за отчётный период 8' is: '4 783 177'

22-11-2024T02:57:15 - [MESSAGE][PASSED] - Text of object 'Object Repository/Выполнение бизнес-плана/Выполнение бизнес-плана Балансы/Значения со страницы Выполнение бизнес-плана/Table Data/Факт Потери за отчётный период 8' is: '4 783 177'

22-11-2024T02:57:15 - [TEST_STEP][PASSED] - x = x + "/" + z: null

22-11-2024T02:57:15 - [TEST_STEP][PASSED] - z = getText(findTestObject(path + path2 + "План Отпуск в сеть за отчётный период " + dZONum)).replaceAll("\s+", ""): Text of object 'Object Repository/Выполнение бизнес-плана/Выполнение бизнес-плана Балансы/Значения со страницы Выполнение бизнес-плана/Table Data/План Отпуск в сеть за отчётный период 8' is: '16 300 204'

22-11-2024T02:57:16 - [MESSAGE][PASSED] - Text of object 'Object Repository/Выполнение бизнес-плана/Выполнение бизнес-плана Балансы/Значения со страницы Выполнение бизнес-плана/Table Data/План Отпуск в сеть за отчётный период 8' is: '16 300 204'

22-11-2024T02:57:16 - [TEST_STEP][PASSED] - x = x + "/" + z: null

22-11-2024T02:57:16 - [TEST_STEP][PASSED] - z = getText(findTestObject(path + path2 + "План Отпуск из сети за отчётный период " + dZONum)).replaceAll("\s+", ""): Text of object 'Object Repository/Выполнение бизнес-плана/Выполнение бизнес-плана Балансы/Значения со страницы Выполнение бизнес-плана/Table Data/План Отпуск из сети за отчётный период 8' is: '12 437 092'

22-11-2024T02:57:16 - [MESSAGE][PASSED] - Text of object 'Object Repository/Выполнение бизнес-плана/Выполнение бизнес-плана Балансы/Значения со страницы Выполнение бизнес-плана/Table Data/План Отпуск из сети за отчётный период 8' is: '12 437 092'

22-11-2024T02:57:16 - [TEST_STEP][PASSED] - x = x + "/" + z: null

22-11-2024T02:57:16 - [TEST_STEP][PASSED] - z = getText(findTestObject(path + path2 + "План Потери за отчётный период " + dZONum)).replaceAll("\s+", ""): Text of object 'Object Repository/Выполнение бизнес-плана/Выполнение бизнес-плана Балансы/Значения со страницы Выполнение бизнес-плана/Table Data/План Потери за отчётный период 8' is: '3 863 112'

22-11-2024T02:57:16 - [MESSAGE][PASSED] - Text of object 'Object Repository/Выполнение бизнес-плана/Выполнение бизнес-плана Балансы/Значения со страницы Выполнение бизнес-плана/Table Data/План Потери за отчётный период 8' is: '3 863 112'

22-11-2024T02:57:16 - [TEST_STEP][PASSED] - x = x + "/" + z: null

22-11-2024T02:57:16 - [TEST_STEP][PASSED] - z = getText(findTestObject(path + "Список ДЗО")).replaceAll("[\r?
|
]", "/"): Text of object 'Object Repository/Выполнение бизнес-плана/Выполнение бизнес-плана Балансы/Список ДЗО' is: '-0.20
-0.07
3.72
-0.35
-0.53
-0.04
-0.01
3.84
-0.35
-0.05
-0.00
0.09
-0.15
-0.51
-0.25
-0.39
-0.20
Россети ФСКЕЭС
АО«Тываэнерго»
АО«Чеченэнерго»
РоссетиВолга
РоссетиКубань
РоссетиЛенэнерго(ГК)
РоссетиМосковскийрегион
РоссетиСеверныйКавказ
РоссетиСеверо-Запад
РоссетиСибирь
РоссетиТомск
РоссетиТюмень
Россети Урал(ГК)
РоссетиЦентр (ГК)
РоссетиЦентр иПриволжье(ГК)
Россети Юг(ГК)
РоссетиЯнтарь
0
2
4
6
-2
8'

22-11-2024T02:57:17 - [MESSAGE][PASSED] - Text of object 'Object Repository/Выполнение бизнес-плана/Выполнение бизнес-плана Балансы/Список ДЗО' is: '-0.20
-0.07
3.72
-0.35
-0.53
-0.04
-0.01
3.84
-0.35
-0.05
-0.00
0.09
-0.15
-0.51
-0.25
-0.39
-0.20
Россети ФСКЕЭС
АО«Тываэнерго»
АО«Чеченэнерго»
РоссетиВолга
РоссетиКубань
РоссетиЛенэнерго(ГК)
РоссетиМосковскийрегион
РоссетиСеверныйКавказ
РоссетиСеверо-Запад
РоссетиСибирь
РоссетиТомск
РоссетиТюмень
Россети Урал(ГК)
РоссетиЦентр (ГК)
РоссетиЦентр иПриволжье(ГК)
Россети Юг(ГК)
РоссетиЯнтарь
0
2
4
6
-2
8'

22-11-2024T02:57:17 - [TEST_STEP][PASSED] - for ([ii = 1, ii < dZONum, (ii++)]): null

22-11-2024T02:57:17 - [TEST_STEP][PASSED] - i1 = z.indexOf("/") + 1: null

22-11-2024T02:57:17 - [TEST_STEP][PASSED] - if (i1 > -1): null

22-11-2024T02:57:17 - [TEST_STEP][PASSED] - z = z.substring(i1, z.length()): null

22-11-2024T02:57:17 - [TEST_STEP][PASSED] - i1 = z.indexOf("/"): null

22-11-2024T02:57:17 - [TEST_STEP][PASSED] - i1 = z.indexOf("/") + 1: null

22-11-2024T02:57:17 - [TEST_STEP][PASSED] - if (i1 > -1): null

22-11-2024T02:57:17 - [TEST_STEP][PASSED] - z = z.substring(i1, z.length()): null

22-11-2024T02:57:17 - [TEST_STEP][PASSED] - i1 = z.indexOf("/"): null

22-11-2024T02:57:17 - [TEST_STEP][PASSED] - i1 = z.indexOf("/") + 1: null

22-11-2024T02:57:17 - [TEST_STEP][PASSED] - if (i1 > -1): null

22-11-2024T02:57:17 - [TEST_STEP][PASSED] - z = z.substring(i1, z.length()): null

22-11-2024T02:57:17 - [TEST_STEP][PASSED] - i1 = z.indexOf("/"): null

22-11-2024T02:57:17 - [TEST_STEP][PASSED] - i1 = z.indexOf("/") + 1: null

22-11-2024T02:57:17 - [TEST_STEP][PASSED] - if (i1 > -1): null

22-11-2024T02:57:17 - [TEST_STEP][PASSED] - z = z.substring(i1, z.length()): null

22-11-2024T02:57:17 - [TEST_STEP][PASSED] - i1 = z.indexOf("/"): null

22-11-2024T02:57:17 - [TEST_STEP][PASSED] - i1 = z.indexOf("/") + 1: null

22-11-2024T02:57:17 - [TEST_STEP][PASSED] - if (i1 > -1): null

22-11-2024T02:57:17 - [TEST_STEP][PASSED] - z = z.substring(i1, z.length()): null

22-11-2024T02:57:17 - [TEST_STEP][PASSED] - i1 = z.indexOf("/"): null

22-11-2024T02:57:17 - [TEST_STEP][PASSED] - i1 = z.indexOf("/") + 1: null

22-11-2024T02:57:17 - [TEST_STEP][PASSED] - if (i1 > -1): null

22-11-2024T02:57:17 - [TEST_STEP][PASSED] - z = z.substring(i1, z.length()): null

22-11-2024T02:57:17 - [TEST_STEP][PASSED] - i1 = z.indexOf("/"): null

22-11-2024T02:57:17 - [TEST_STEP][PASSED] - i1 = z.indexOf("/") + 1: null

22-11-2024T02:57:17 - [TEST_STEP][PASSED] - if (i1 > -1): null

22-11-2024T02:57:17 - [TEST_STEP][PASSED] - z = z.substring(i1, z.length()): null

22-11-2024T02:57:17 - [TEST_STEP][PASSED] - i1 = z.indexOf("/"): null

22-11-2024T02:57:17 - [TEST_STEP][PASSED] - i1 = z.indexOf("/"): null

22-11-2024T02:57:17 - [TEST_STEP][PASSED] - if (i1 > -1): null

22-11-2024T02:57:17 - [TEST_STEP][PASSED] - z = z.substring(0, i1): null

22-11-2024T02:57:17 - [TEST_STEP][PASSED] - z = z.replace(",", "."): null

22-11-2024T02:57:17 - [TEST_STEP][PASSED] - println(z): null

22-11-2024T02:57:17 - [TEST_STEP][PASSED] - x = x + "/" + z: null

22-11-2024T02:57:17 - [TEST_STEP][PASSED] - x = x.replaceAll("[\r?
|
]", ""): null

22-11-2024T02:57:17 - [TEST_STEP][PASSED] - println(x): null

22-11-2024T02:57:17 - [TEST_STEP][PASSED] - return x: null

22-11-2024T02:57:17 - [TEST_STEP][PASSED] - println("sKB: " + sKB): null

22-11-2024T02:57:17 - [TEST_STEP][PASSED] - i = VseDZO.indexOf("Запад"): null

22-11-2024T02:57:17 - [TEST_STEP][PASSED] - if (i > -1): null

22-11-2024T02:57:17 - [TEST_STEP][PASSED] - dZONum = dZONum + 1: null

22-11-2024T02:57:17 - [TEST_STEP][PASSED] - sZB = GetAllData(path, dZONum, VseDZO, x = "Россети Северо-Запад/"): null

22-11-2024T02:57:17 - [TEST_STEP][PASSED] - ii = <not implemented yet for class: org.codehaus.groovy.ast.expr.EmptyExpression>: null

22-11-2024T02:57:17 - [TEST_STEP][PASSED] - i1 = <not implemented yet for class: org.codehaus.groovy.ast.expr.EmptyExpression>: null

22-11-2024T02:57:17 - [TEST_STEP][PASSED] - z = <not implemented yet for class: org.codehaus.groovy.ast.expr.EmptyExpression>: null

22-11-2024T02:57:17 - [TEST_STEP][PASSED] - path2 = "Значения со страницы Выполнение бизнес-плана/Table Data/": null

22-11-2024T02:57:17 - [TEST_STEP][PASSED] - println("path: " + path): null

22-11-2024T02:57:17 - [TEST_STEP][PASSED] - println("dZONum: " + dZONum): null

22-11-2024T02:57:17 - [TEST_STEP][PASSED] - z = getText(findTestObject(path + "spanPlan" + dZONum)): Text of object 'Object Repository/Выполнение бизнес-плана/Выполнение бизнес-плана Балансы/spanPlan9' is: '5.51
|'

22-11-2024T02:57:17 - [MESSAGE][PASSED] - Text of object 'Object Repository/Выполнение бизнес-плана/Выполнение бизнес-плана Балансы/spanPlan9' is: '5.51
|'

22-11-2024T02:57:17 - [TEST_STEP][PASSED] - println(z): null

22-11-2024T02:57:17 - [TEST_STEP][PASSED] - ii = z.indexOf("|"): null

22-11-2024T02:57:17 - [TEST_STEP][PASSED] - if (ii > -1): null

22-11-2024T02:57:17 - [TEST_STEP][PASSED] - z = z.substring(0, z.length() - 1): null

22-11-2024T02:57:17 - [TEST_STEP][PASSED] - println(z): null

22-11-2024T02:57:17 - [TEST_STEP][PASSED] - z = z.replaceAll("\s+", ""): null

22-11-2024T02:57:17 - [TEST_STEP][PASSED] - z = z.replace("[\r?
|
]", "/"): null

22-11-2024T02:57:17 - [TEST_STEP][PASSED] - println(z): null

22-11-2024T02:57:17 - [TEST_STEP][PASSED] - x = x + z: null

22-11-2024T02:57:17 - [TEST_STEP][PASSED] - z = getText(findTestObject(path + "spanFact" + dZONum)): Text of object 'Object Repository/Выполнение бизнес-плана/Выполнение бизнес-плана Балансы/spanFact9' is: '5.16'

22-11-2024T02:57:17 - [MESSAGE][PASSED] - Text of object 'Object Repository/Выполнение бизнес-плана/Выполнение бизнес-плана Балансы/spanFact9' is: '5.16'

22-11-2024T02:57:17 - [TEST_STEP][PASSED] - ii = z.indexOf("|"): null

22-11-2024T02:57:17 - [TEST_STEP][PASSED] - if (ii > -1): null

22-11-2024T02:57:17 - [TEST_STEP][PASSED] - x = x + "/" + z: null

22-11-2024T02:57:17 - [TEST_STEP][PASSED] - z = getText(findTestObject(path + path2 + "Факт Отпуск в сеть за отчётный период " + dZONum)).replaceAll("\s+", ""): Text of object 'Object Repository/Выполнение бизнес-плана/Выполнение бизнес-плана Балансы/Значения со страницы Выполнение бизнес-плана/Table Data/Факт Отпуск в сеть за отчётный период 9' is: '24 700 231'

22-11-2024T02:57:17 - [MESSAGE][PASSED] - Text of object 'Object Repository/Выполнение бизнес-плана/Выполнение бизнес-плана Балансы/Значения со страницы Выполнение бизнес-плана/Table Data/Факт Отпуск в сеть за отчётный период 9' is: '24 700 231'

22-11-2024T02:57:17 - [TEST_STEP][PASSED] - x = x + "/" + z: null

22-11-2024T02:57:17 - [TEST_STEP][PASSED] - z = getText(findTestObject(path + path2 + "Факт Отпуск из сети за отчётный период " + dZONum)).replaceAll("\s+", ""): Text of object 'Object Repository/Выполнение бизнес-плана/Выполнение бизнес-плана Балансы/Значения со страницы Выполнение бизнес-плана/Table Data/Факт Отпуск из сети за отчётный период 9' is: '23 426 892'

22-11-2024T02:57:18 - [MESSAGE][PASSED] - Text of object 'Object Repository/Выполнение бизнес-плана/Выполнение бизнес-плана Балансы/Значения со страницы Выполнение бизнес-плана/Table Data/Факт Отпуск из сети за отчётный период 9' is: '23 426 892'

22-11-2024T02:57:18 - [TEST_STEP][PASSED] - x = x + "/" + z: null

22-11-2024T02:57:18 - [TEST_STEP][PASSED] - z = getText(findTestObject(path + path2 + "Факт Потери за отчётный период " + dZONum)).replaceAll("\s+", ""): Text of object 'Object Repository/Выполнение бизнес-плана/Выполнение бизнес-плана Балансы/Значения со страницы Выполнение бизнес-плана/Table Data/Факт Потери за отчётный период 9' is: '1 273 339'

22-11-2024T02:57:18 - [MESSAGE][PASSED] - Text of object 'Object Repository/Выполнение бизнес-плана/Выполнение бизнес-плана Балансы/Значения со страницы Выполнение бизнес-плана/Table Data/Факт Потери за отчётный период 9' is: '1 273 339'

22-11-2024T02:57:18 - [TEST_STEP][PASSED] - x = x + "/" + z: null

22-11-2024T02:57:18 - [TEST_STEP][PASSED] - z = getText(findTestObject(path + path2 + "План Отпуск в сеть за отчётный период " + dZONum)).replaceAll("\s+", ""): Text of object 'Object Repository/Выполнение бизнес-плана/Выполнение бизнес-плана Балансы/Значения со страницы Выполнение бизнес-плана/Table Data/План Отпуск в сеть за отчётный период 9' is: '24 254 952'

22-11-2024T02:57:18 - [MESSAGE][PASSED] - Text of object 'Object Repository/Выполнение бизнес-плана/Выполнение бизнес-плана Балансы/Значения со страницы Выполнение бизнес-плана/Table Data/План Отпуск в сеть за отчётный период 9' is: '24 254 952'

22-11-2024T02:57:18 - [TEST_STEP][PASSED] - x = x + "/" + z: null

22-11-2024T02:57:18 - [TEST_STEP][PASSED] - z = getText(findTestObject(path + path2 + "План Отпуск из сети за отчётный период " + dZONum)).replaceAll("\s+", ""): Text of object 'Object Repository/Выполнение бизнес-плана/Выполнение бизнес-плана Балансы/Значения со страницы Выполнение бизнес-плана/Table Data/План Отпуск из сети за отчётный период 9' is: '22 919 434'

22-11-2024T02:57:19 - [MESSAGE][PASSED] - Text of object 'Object Repository/Выполнение бизнес-плана/Выполнение бизнес-плана Балансы/Значения со страницы Выполнение бизнес-плана/Table Data/План Отпуск из сети за отчётный период 9' is: '22 919 434'

22-11-2024T02:57:19 - [TEST_STEP][PASSED] - x = x + "/" + z: null

22-11-2024T02:57:19 - [TEST_STEP][PASSED] - z = getText(findTestObject(path + path2 + "План Потери за отчётный период " + dZONum)).replaceAll("\s+", ""): Text of object 'Object Repository/Выполнение бизнес-плана/Выполнение бизнес-плана Балансы/Значения со страницы Выполнение бизнес-плана/Table Data/План Потери за отчётный период 9' is: '1 335 518'

22-11-2024T02:57:19 - [MESSAGE][PASSED] - Text of object 'Object Repository/Выполнение бизнес-плана/Выполнение бизнес-плана Балансы/Значения со страницы Выполнение бизнес-плана/Table Data/План Потери за отчётный период 9' is: '1 335 518'

22-11-2024T02:57:19 - [TEST_STEP][PASSED] - x = x + "/" + z: null

22-11-2024T02:57:19 - [TEST_STEP][PASSED] - z = getText(findTestObject(path + "Список ДЗО")).replaceAll("[\r?
|
]", "/"): Text of object 'Object Repository/Выполнение бизнес-плана/Выполнение бизнес-плана Балансы/Список ДЗО' is: '-0.20
-0.07
3.72
-0.35
-0.53
-0.04
-0.01
3.84
-0.35
-0.05
-0.00
0.09
-0.15
-0.51
-0.25
-0.39
-0.20
Россети ФСКЕЭС
АО«Тываэнерго»
АО«Чеченэнерго»
РоссетиВолга
РоссетиКубань
РоссетиЛенэнерго(ГК)
РоссетиМосковскийрегион
РоссетиСеверныйКавказ
РоссетиСеверо-Запад
РоссетиСибирь
РоссетиТомск
РоссетиТюмень
Россети Урал(ГК)
РоссетиЦентр (ГК)
РоссетиЦентр иПриволжье(ГК)
Россети Юг(ГК)
РоссетиЯнтарь
0
2
4
6
-2
8'

22-11-2024T02:57:19 - [MESSAGE][PASSED] - Text of object 'Object Repository/Выполнение бизнес-плана/Выполнение бизнес-плана Балансы/Список ДЗО' is: '-0.20
-0.07
3.72
-0.35
-0.53
-0.04
-0.01
3.84
-0.35
-0.05
-0.00
0.09
-0.15
-0.51
-0.25
-0.39
-0.20
Россети ФСКЕЭС
АО«Тываэнерго»
АО«Чеченэнерго»
РоссетиВолга
РоссетиКубань
РоссетиЛенэнерго(ГК)
РоссетиМосковскийрегион
РоссетиСеверныйКавказ
РоссетиСеверо-Запад
РоссетиСибирь
РоссетиТомск
РоссетиТюмень
Россети Урал(ГК)
РоссетиЦентр (ГК)
РоссетиЦентр иПриволжье(ГК)
Россети Юг(ГК)
РоссетиЯнтарь
0
2
4
6
-2
8'

22-11-2024T02:57:19 - [TEST_STEP][PASSED] - for ([ii = 1, ii < dZONum, (ii++)]): null

22-11-2024T02:57:19 - [TEST_STEP][PASSED] - i1 = z.indexOf("/") + 1: null

22-11-2024T02:57:19 - [TEST_STEP][PASSED] - if (i1 > -1): null

22-11-2024T02:57:19 - [TEST_STEP][PASSED] - z = z.substring(i1, z.length()): null

22-11-2024T02:57:19 - [TEST_STEP][PASSED] - i1 = z.indexOf("/"): null

22-11-2024T02:57:19 - [TEST_STEP][PASSED] - i1 = z.indexOf("/") + 1: null

22-11-2024T02:57:19 - [TEST_STEP][PASSED] - if (i1 > -1): null

22-11-2024T02:57:19 - [TEST_STEP][PASSED] - z = z.substring(i1, z.length()): null

22-11-2024T02:57:19 - [TEST_STEP][PASSED] - i1 = z.indexOf("/"): null

22-11-2024T02:57:19 - [TEST_STEP][PASSED] - i1 = z.indexOf("/") + 1: null

22-11-2024T02:57:19 - [TEST_STEP][PASSED] - if (i1 > -1): null

22-11-2024T02:57:19 - [TEST_STEP][PASSED] - z = z.substring(i1, z.length()): null

22-11-2024T02:57:19 - [TEST_STEP][PASSED] - i1 = z.indexOf("/"): null

22-11-2024T02:57:19 - [TEST_STEP][PASSED] - i1 = z.indexOf("/") + 1: null

22-11-2024T02:57:19 - [TEST_STEP][PASSED] - if (i1 > -1): null

22-11-2024T02:57:19 - [TEST_STEP][PASSED] - z = z.substring(i1, z.length()): null

22-11-2024T02:57:19 - [TEST_STEP][PASSED] - i1 = z.indexOf("/"): null

22-11-2024T02:57:19 - [TEST_STEP][PASSED] - i1 = z.indexOf("/") + 1: null

22-11-2024T02:57:19 - [TEST_STEP][PASSED] - if (i1 > -1): null

22-11-2024T02:57:19 - [TEST_STEP][PASSED] - z = z.substring(i1, z.length()): null

22-11-2024T02:57:19 - [TEST_STEP][PASSED] - i1 = z.indexOf("/"): null

22-11-2024T02:57:19 - [TEST_STEP][PASSED] - i1 = z.indexOf("/") + 1: null

22-11-2024T02:57:19 - [TEST_STEP][PASSED] - if (i1 > -1): null

22-11-2024T02:57:19 - [TEST_STEP][PASSED] - z = z.substring(i1, z.length()): null

22-11-2024T02:57:19 - [TEST_STEP][PASSED] - i1 = z.indexOf("/"): null

22-11-2024T02:57:19 - [TEST_STEP][PASSED] - i1 = z.indexOf("/") + 1: null

22-11-2024T02:57:19 - [TEST_STEP][PASSED] - if (i1 > -1): null

22-11-2024T02:57:19 - [TEST_STEP][PASSED] - z = z.substring(i1, z.length()): null

22-11-2024T02:57:19 - [TEST_STEP][PASSED] - i1 = z.indexOf("/"): null

22-11-2024T02:57:19 - [TEST_STEP][PASSED] - i1 = z.indexOf("/") + 1: null

22-11-2024T02:57:19 - [TEST_STEP][PASSED] - if (i1 > -1): null

22-11-2024T02:57:19 - [TEST_STEP][PASSED] - z = z.substring(i1, z.length()): null

22-11-2024T02:57:19 - [TEST_STEP][PASSED] - i1 = z.indexOf("/"): null

22-11-2024T02:57:19 - [TEST_STEP][PASSED] - i1 = z.indexOf("/"): null

22-11-2024T02:57:19 - [TEST_STEP][PASSED] - if (i1 > -1): null

22-11-2024T02:57:19 - [TEST_STEP][PASSED] - z = z.substring(0, i1): null

22-11-2024T02:57:19 - [TEST_STEP][PASSED] - z = z.replace(",", "."): null

22-11-2024T02:57:19 - [TEST_STEP][PASSED] - println(z): null

22-11-2024T02:57:19 - [TEST_STEP][PASSED] - x = x + "/" + z: null

22-11-2024T02:57:19 - [TEST_STEP][PASSED] - x = x.replaceAll("[\r?
|
]", ""): null

22-11-2024T02:57:19 - [TEST_STEP][PASSED] - println(x): null

22-11-2024T02:57:19 - [TEST_STEP][PASSED] - return x: null

22-11-2024T02:57:19 - [TEST_STEP][PASSED] - println("sZB: " + sZB): null

22-11-2024T02:57:19 - [TEST_STEP][PASSED] - i = VseDZO.indexOf("Сибирь"): null

22-11-2024T02:57:19 - [TEST_STEP][PASSED] - if (i > -1): null

22-11-2024T02:57:19 - [TEST_STEP][PASSED] - dZONum = dZONum + 1: null

22-11-2024T02:57:19 - [TEST_STEP][PASSED] - siB = GetAllData(path, dZONum, VseDZO, x = "Россети Сибирь (ГК)/"): null

22-11-2024T02:57:19 - [TEST_STEP][PASSED] - ii = <not implemented yet for class: org.codehaus.groovy.ast.expr.EmptyExpression>: null

22-11-2024T02:57:19 - [TEST_STEP][PASSED] - i1 = <not implemented yet for class: org.codehaus.groovy.ast.expr.EmptyExpression>: null

22-11-2024T02:57:19 - [TEST_STEP][PASSED] - z = <not implemented yet for class: org.codehaus.groovy.ast.expr.EmptyExpression>: null

22-11-2024T02:57:19 - [TEST_STEP][PASSED] - path2 = "Значения со страницы Выполнение бизнес-плана/Table Data/": null

22-11-2024T02:57:19 - [TEST_STEP][PASSED] - println("path: " + path): null

22-11-2024T02:57:19 - [TEST_STEP][PASSED] - println("dZONum: " + dZONum): null

22-11-2024T02:57:19 - [TEST_STEP][PASSED] - z = getText(findTestObject(path + "spanPlan" + dZONum)): Text of object 'Object Repository/Выполнение бизнес-плана/Выполнение бизнес-плана Балансы/spanPlan10' is: '6.97
|'

22-11-2024T02:57:20 - [MESSAGE][PASSED] - Text of object 'Object Repository/Выполнение бизнес-плана/Выполнение бизнес-плана Балансы/spanPlan10' is: '6.97
|'

22-11-2024T02:57:20 - [TEST_STEP][PASSED] - println(z): null

22-11-2024T02:57:20 - [TEST_STEP][PASSED] - ii = z.indexOf("|"): null

22-11-2024T02:57:20 - [TEST_STEP][PASSED] - if (ii > -1): null

22-11-2024T02:57:20 - [TEST_STEP][PASSED] - z = z.substring(0, z.length() - 1): null

22-11-2024T02:57:20 - [TEST_STEP][PASSED] - println(z): null

22-11-2024T02:57:20 - [TEST_STEP][PASSED] - z = z.replaceAll("\s+", ""): null

22-11-2024T02:57:20 - [TEST_STEP][PASSED] - z = z.replace("[\r?
|
]", "/"): null

22-11-2024T02:57:20 - [TEST_STEP][PASSED] - println(z): null

22-11-2024T02:57:20 - [TEST_STEP][PASSED] - x = x + z: null

22-11-2024T02:57:20 - [TEST_STEP][PASSED] - z = getText(findTestObject(path + "spanFact" + dZONum)): Text of object 'Object Repository/Выполнение бизнес-плана/Выполнение бизнес-плана Балансы/spanFact10' is: '6.92'

22-11-2024T02:57:20 - [MESSAGE][PASSED] - Text of object 'Object Repository/Выполнение бизнес-плана/Выполнение бизнес-плана Балансы/spanFact10' is: '6.92'

22-11-2024T02:57:20 - [TEST_STEP][PASSED] - ii = z.indexOf("|"): null

22-11-2024T02:57:20 - [TEST_STEP][PASSED] - if (ii > -1): null

22-11-2024T02:57:20 - [TEST_STEP][PASSED] - x = x + "/" + z: null

22-11-2024T02:57:20 - [TEST_STEP][PASSED] - z = getText(findTestObject(path + path2 + "Факт Отпуск в сеть за отчётный период " + dZONum)).replaceAll("\s+", ""): Text of object 'Object Repository/Выполнение бизнес-плана/Выполнение бизнес-плана Балансы/Значения со страницы Выполнение бизнес-плана/Table Data/Факт Отпуск в сеть за отчётный период 10' is: '46 928 172'

22-11-2024T02:57:20 - [MESSAGE][PASSED] - Text of object 'Object Repository/Выполнение бизнес-плана/Выполнение бизнес-плана Балансы/Значения со страницы Выполнение бизнес-плана/Table Data/Факт Отпуск в сеть за отчётный период 10' is: '46 928 172'

22-11-2024T02:57:20 - [TEST_STEP][PASSED] - x = x + "/" + z: null

22-11-2024T02:57:20 - [TEST_STEP][PASSED] - z = getText(findTestObject(path + path2 + "Факт Отпуск из сети за отчётный период " + dZONum)).replaceAll("\s+", ""): Text of object 'Object Repository/Выполнение бизнес-плана/Выполнение бизнес-плана Балансы/Значения со страницы Выполнение бизнес-плана/Table Data/Факт Отпуск из сети за отчётный период 10' is: '43 678 766'

22-11-2024T02:57:20 - [MESSAGE][PASSED] - Text of object 'Object Repository/Выполнение бизнес-плана/Выполнение бизнес-плана Балансы/Значения со страницы Выполнение бизнес-плана/Table Data/Факт Отпуск из сети за отчётный период 10' is: '43 678 766'

22-11-2024T02:57:20 - [TEST_STEP][PASSED] - x = x + "/" + z: null

22-11-2024T02:57:20 - [TEST_STEP][PASSED] - z = getText(findTestObject(path + path2 + "Факт Потери за отчётный период " + dZONum)).replaceAll("\s+", ""): Text of object 'Object Repository/Выполнение бизнес-плана/Выполнение бизнес-плана Балансы/Значения со страницы Выполнение бизнес-плана/Table Data/Факт Потери за отчётный период 10' is: '3 249 406'

22-11-2024T02:57:21 - [MESSAGE][PASSED] - Text of object 'Object Repository/Выполнение бизнес-плана/Выполнение бизнес-плана Балансы/Значения со страницы Выполнение бизнес-плана/Table Data/Факт Потери за отчётный период 10' is: '3 249 406'

22-11-2024T02:57:21 - [TEST_STEP][PASSED] - x = x + "/" + z: null

22-11-2024T02:57:21 - [TEST_STEP][PASSED] - z = getText(findTestObject(path + path2 + "План Отпуск в сеть за отчётный период " + dZONum)).replaceAll("\s+", ""): Text of object 'Object Repository/Выполнение бизнес-плана/Выполнение бизнес-плана Балансы/Значения со страницы Выполнение бизнес-плана/Table Data/План Отпуск в сеть за отчётный период 10' is: '44 875 501'

22-11-2024T02:57:21 - [MESSAGE][PASSED] - Text of object 'Object Repository/Выполнение бизнес-плана/Выполнение бизнес-плана Балансы/Значения со страницы Выполнение бизнес-плана/Table Data/План Отпуск в сеть за отчётный период 10' is: '44 875 501'

22-11-2024T02:57:21 - [TEST_STEP][PASSED] - x = x + "/" + z: null

22-11-2024T02:57:21 - [TEST_STEP][PASSED] - z = getText(findTestObject(path + path2 + "План Отпуск из сети за отчётный период " + dZONum)).replaceAll("\s+", ""): Text of object 'Object Repository/Выполнение бизнес-плана/Выполнение бизнес-плана Балансы/Значения со страницы Выполнение бизнес-плана/Table Data/План Отпуск из сети за отчётный период 10' is: '41 746 891'

22-11-2024T02:57:21 - [MESSAGE][PASSED] - Text of object 'Object Repository/Выполнение бизнес-плана/Выполнение бизнес-плана Балансы/Значения со страницы Выполнение бизнес-плана/Table Data/План Отпуск из сети за отчётный период 10' is: '41 746 891'

22-11-2024T02:57:21 - [TEST_STEP][PASSED] - x = x + "/" + z: null

22-11-2024T02:57:21 - [TEST_STEP][PASSED] - z = getText(findTestObject(path + path2 + "План Потери за отчётный период " + dZONum)).replaceAll("\s+", ""): Text of object 'Object Repository/Выполнение бизнес-плана/Выполнение бизнес-плана Балансы/Значения со страницы Выполнение бизнес-плана/Table Data/План Потери за отчётный период 10' is: '3 128 610'

22-11-2024T02:57:22 - [MESSAGE][PASSED] - Text of object 'Object Repository/Выполнение бизнес-плана/Выполнение бизнес-плана Балансы/Значения со страницы Выполнение бизнес-плана/Table Data/План Потери за отчётный период 10' is: '3 128 610'

22-11-2024T02:57:22 - [TEST_STEP][PASSED] - x = x + "/" + z: null

22-11-2024T02:57:22 - [TEST_STEP][PASSED] - z = getText(findTestObject(path + "Список ДЗО")).replaceAll("[\r?
|
]", "/"): Text of object 'Object Repository/Выполнение бизнес-плана/Выполнение бизнес-плана Балансы/Список ДЗО' is: '-0.20
-0.07
3.72
-0.35
-0.53
-0.04
-0.01
3.84
-0.35
-0.05
-0.00
0.09
-0.15
-0.51
-0.25
-0.39
-0.20
Россети ФСКЕЭС
АО«Тываэнерго»
АО«Чеченэнерго»
РоссетиВолга
РоссетиКубань
РоссетиЛенэнерго(ГК)
РоссетиМосковскийрегион
РоссетиСеверныйКавказ
РоссетиСеверо-Запад
РоссетиСибирь
РоссетиТомск
РоссетиТюмень
Россети Урал(ГК)
РоссетиЦентр (ГК)
РоссетиЦентр иПриволжье(ГК)
Россети Юг(ГК)
РоссетиЯнтарь
0
2
4
6
-2
8'

22-11-2024T02:57:22 - [MESSAGE][PASSED] - Text of object 'Object Repository/Выполнение бизнес-плана/Выполнение бизнес-плана Балансы/Список ДЗО' is: '-0.20
-0.07
3.72
-0.35
-0.53
-0.04
-0.01
3.84
-0.35
-0.05
-0.00
0.09
-0.15
-0.51
-0.25
-0.39
-0.20
Россети ФСКЕЭС
АО«Тываэнерго»
АО«Чеченэнерго»
РоссетиВолга
РоссетиКубань
РоссетиЛенэнерго(ГК)
РоссетиМосковскийрегион
РоссетиСеверныйКавказ
РоссетиСеверо-Запад
РоссетиСибирь
РоссетиТомск
РоссетиТюмень
Россети Урал(ГК)
РоссетиЦентр (ГК)
РоссетиЦентр иПриволжье(ГК)
Россети Юг(ГК)
РоссетиЯнтарь
0
2
4
6
-2
8'

22-11-2024T02:57:22 - [TEST_STEP][PASSED] - for ([ii = 1, ii < dZONum, (ii++)]): null

22-11-2024T02:57:22 - [TEST_STEP][PASSED] - i1 = z.indexOf("/") + 1: null

22-11-2024T02:57:22 - [TEST_STEP][PASSED] - if (i1 > -1): null

22-11-2024T02:57:22 - [TEST_STEP][PASSED] - z = z.substring(i1, z.length()): null

22-11-2024T02:57:22 - [TEST_STEP][PASSED] - i1 = z.indexOf("/"): null

22-11-2024T02:57:22 - [TEST_STEP][PASSED] - i1 = z.indexOf("/") + 1: null

22-11-2024T02:57:22 - [TEST_STEP][PASSED] - if (i1 > -1): null

22-11-2024T02:57:22 - [TEST_STEP][PASSED] - z = z.substring(i1, z.length()): null

22-11-2024T02:57:22 - [TEST_STEP][PASSED] - i1 = z.indexOf("/"): null

22-11-2024T02:57:22 - [TEST_STEP][PASSED] - i1 = z.indexOf("/") + 1: null

22-11-2024T02:57:22 - [TEST_STEP][PASSED] - if (i1 > -1): null

22-11-2024T02:57:22 - [TEST_STEP][PASSED] - z = z.substring(i1, z.length()): null

22-11-2024T02:57:22 - [TEST_STEP][PASSED] - i1 = z.indexOf("/"): null

22-11-2024T02:57:22 - [TEST_STEP][PASSED] - i1 = z.indexOf("/") + 1: null

22-11-2024T02:57:22 - [TEST_STEP][PASSED] - if (i1 > -1): null

22-11-2024T02:57:22 - [TEST_STEP][PASSED] - z = z.substring(i1, z.length()): null

22-11-2024T02:57:22 - [TEST_STEP][PASSED] - i1 = z.indexOf("/"): null

22-11-2024T02:57:22 - [TEST_STEP][PASSED] - i1 = z.indexOf("/") + 1: null

22-11-2024T02:57:22 - [TEST_STEP][PASSED] - if (i1 > -1): null

22-11-2024T02:57:22 - [TEST_STEP][PASSED] - z = z.substring(i1, z.length()): null

22-11-2024T02:57:22 - [TEST_STEP][PASSED] - i1 = z.indexOf("/"): null

22-11-2024T02:57:22 - [TEST_STEP][PASSED] - i1 = z.indexOf("/") + 1: null

22-11-2024T02:57:22 - [TEST_STEP][PASSED] - if (i1 > -1): null

22-11-2024T02:57:22 - [TEST_STEP][PASSED] - z = z.substring(i1, z.length()): null

22-11-2024T02:57:22 - [TEST_STEP][PASSED] - i1 = z.indexOf("/"): null

22-11-2024T02:57:22 - [TEST_STEP][PASSED] - i1 = z.indexOf("/") + 1: null

22-11-2024T02:57:22 - [TEST_STEP][PASSED] - if (i1 > -1): null

22-11-2024T02:57:22 - [TEST_STEP][PASSED] - z = z.substring(i1, z.length()): null

22-11-2024T02:57:22 - [TEST_STEP][PASSED] - i1 = z.indexOf("/"): null

22-11-2024T02:57:22 - [TEST_STEP][PASSED] - i1 = z.indexOf("/") + 1: null

22-11-2024T02:57:22 - [TEST_STEP][PASSED] - if (i1 > -1): null

22-11-2024T02:57:22 - [TEST_STEP][PASSED] - z = z.substring(i1, z.length()): null

22-11-2024T02:57:22 - [TEST_STEP][PASSED] - i1 = z.indexOf("/"): null

22-11-2024T02:57:22 - [TEST_STEP][PASSED] - i1 = z.indexOf("/") + 1: null

22-11-2024T02:57:22 - [TEST_STEP][PASSED] - if (i1 > -1): null

22-11-2024T02:57:22 - [TEST_STEP][PASSED] - z = z.substring(i1, z.length()): null

22-11-2024T02:57:22 - [TEST_STEP][PASSED] - i1 = z.indexOf("/"): null

22-11-2024T02:57:22 - [TEST_STEP][PASSED] - i1 = z.indexOf("/"): null

22-11-2024T02:57:22 - [TEST_STEP][PASSED] - if (i1 > -1): null

22-11-2024T02:57:22 - [TEST_STEP][PASSED] - z = z.substring(0, i1): null

22-11-2024T02:57:22 - [TEST_STEP][PASSED] - z = z.replace(",", "."): null

22-11-2024T02:57:22 - [TEST_STEP][PASSED] - println(z): null

22-11-2024T02:57:22 - [TEST_STEP][PASSED] - x = x + "/" + z: null

22-11-2024T02:57:22 - [TEST_STEP][PASSED] - x = x.replaceAll("[\r?
|
]", ""): null

22-11-2024T02:57:22 - [TEST_STEP][PASSED] - println(x): null

22-11-2024T02:57:22 - [TEST_STEP][PASSED] - return x: null

22-11-2024T02:57:22 - [TEST_STEP][PASSED] - println("siB: " + siB): null

22-11-2024T02:57:22 - [TEST_STEP][PASSED] - i = VseDZO.indexOf("Томск"): null

22-11-2024T02:57:22 - [TEST_STEP][PASSED] - if (i > -1): null

22-11-2024T02:57:22 - [TEST_STEP][PASSED] - dZONum = dZONum + 1: null

22-11-2024T02:57:22 - [TEST_STEP][PASSED] - tomB = GetAllData(path, dZONum, VseDZO, x = "Россети Томск/"): null

22-11-2024T02:57:22 - [TEST_STEP][PASSED] - ii = <not implemented yet for class: org.codehaus.groovy.ast.expr.EmptyExpression>: null

22-11-2024T02:57:22 - [TEST_STEP][PASSED] - i1 = <not implemented yet for class: org.codehaus.groovy.ast.expr.EmptyExpression>: null

22-11-2024T02:57:22 - [TEST_STEP][PASSED] - z = <not implemented yet for class: org.codehaus.groovy.ast.expr.EmptyExpression>: null

22-11-2024T02:57:22 - [TEST_STEP][PASSED] - path2 = "Значения со страницы Выполнение бизнес-плана/Table Data/": null

22-11-2024T02:57:22 - [TEST_STEP][PASSED] - println("path: " + path): null

22-11-2024T02:57:22 - [TEST_STEP][PASSED] - println("dZONum: " + dZONum): null

22-11-2024T02:57:22 - [TEST_STEP][PASSED] - z = getText(findTestObject(path + "spanPlan" + dZONum)): Text of object 'Object Repository/Выполнение бизнес-плана/Выполнение бизнес-плана Балансы/spanPlan11' is: '8.06
|'

22-11-2024T02:57:22 - [MESSAGE][PASSED] - Text of object 'Object Repository/Выполнение бизнес-плана/Выполнение бизнес-плана Балансы/spanPlan11' is: '8.06
|'

22-11-2024T02:57:22 - [TEST_STEP][PASSED] - println(z): null

22-11-2024T02:57:22 - [TEST_STEP][PASSED] - ii = z.indexOf("|"): null

22-11-2024T02:57:22 - [TEST_STEP][PASSED] - if (ii > -1): null

22-11-2024T02:57:22 - [TEST_STEP][PASSED] - z = z.substring(0, z.length() - 1): null

22-11-2024T02:57:22 - [TEST_STEP][PASSED] - println(z): null

22-11-2024T02:57:22 - [TEST_STEP][PASSED] - z = z.replaceAll("\s+", ""): null

22-11-2024T02:57:22 - [TEST_STEP][PASSED] - z = z.replace("[\r?
|
]", "/"): null

22-11-2024T02:57:22 - [TEST_STEP][PASSED] - println(z): null

22-11-2024T02:57:22 - [TEST_STEP][PASSED] - x = x + z: null

22-11-2024T02:57:22 - [TEST_STEP][PASSED] - z = getText(findTestObject(path + "spanFact" + dZONum)): Text of object 'Object Repository/Выполнение бизнес-плана/Выполнение бизнес-плана Балансы/spanFact11' is: '8.06'

22-11-2024T02:57:23 - [MESSAGE][PASSED] - Text of object 'Object Repository/Выполнение бизнес-плана/Выполнение бизнес-плана Балансы/spanFact11' is: '8.06'

22-11-2024T02:57:23 - [TEST_STEP][PASSED] - ii = z.indexOf("|"): null

22-11-2024T02:57:23 - [TEST_STEP][PASSED] - if (ii > -1): null

22-11-2024T02:57:23 - [TEST_STEP][PASSED] - x = x + "/" + z: null

22-11-2024T02:57:23 - [TEST_STEP][PASSED] - z = getText(findTestObject(path + path2 + "Факт Отпуск в сеть за отчётный период " + dZONum)).replaceAll("\s+", ""): Text of object 'Object Repository/Выполнение бизнес-плана/Выполнение бизнес-плана Балансы/Значения со страницы Выполнение бизнес-плана/Table Data/Факт Отпуск в сеть за отчётный период 11' is: '3 805 253'

22-11-2024T02:57:23 - [MESSAGE][PASSED] - Text of object 'Object Repository/Выполнение бизнес-плана/Выполнение бизнес-плана Балансы/Значения со страницы Выполнение бизнес-плана/Table Data/Факт Отпуск в сеть за отчётный период 11' is: '3 805 253'

22-11-2024T02:57:23 - [TEST_STEP][PASSED] - x = x + "/" + z: null

22-11-2024T02:57:23 - [TEST_STEP][PASSED] - z = getText(findTestObject(path + path2 + "Факт Отпуск из сети за отчётный период " + dZONum)).replaceAll("\s+", ""): Text of object 'Object Repository/Выполнение бизнес-плана/Выполнение бизнес-плана Балансы/Значения со страницы Выполнение бизнес-плана/Table Data/Факт Отпуск из сети за отчётный период 11' is: '3 498 634'

22-11-2024T02:57:23 - [MESSAGE][PASSED] - Text of object 'Object Repository/Выполнение бизнес-плана/Выполнение бизнес-плана Балансы/Значения со страницы Выполнение бизнес-плана/Table Data/Факт Отпуск из сети за отчётный период 11' is: '3 498 634'

22-11-2024T02:57:23 - [TEST_STEP][PASSED] - x = x + "/" + z: null

22-11-2024T02:57:23 - [TEST_STEP][PASSED] - z = getText(findTestObject(path + path2 + "Факт Потери за отчётный период " + dZONum)).replaceAll("\s+", ""): Text of object 'Object Repository/Выполнение бизнес-плана/Выполнение бизнес-плана Балансы/Значения со страницы Выполнение бизнес-плана/Table Data/Факт Потери за отчётный период 11' is: '306 619'

22-11-2024T02:57:24 - [MESSAGE][PASSED] - Text of object 'Object Repository/Выполнение бизнес-плана/Выполнение бизнес-плана Балансы/Значения со страницы Выполнение бизнес-плана/Table Data/Факт Потери за отчётный период 11' is: '306 619'

22-11-2024T02:57:24 - [TEST_STEP][PASSED] - x = x + "/" + z: null

22-11-2024T02:57:24 - [TEST_STEP][PASSED] - z = getText(findTestObject(path + path2 + "План Отпуск в сеть за отчётный период " + dZONum)).replaceAll("\s+", ""): Text of object 'Object Repository/Выполнение бизнес-плана/Выполнение бизнес-плана Балансы/Значения со страницы Выполнение бизнес-плана/Table Data/План Отпуск в сеть за отчётный период 11' is: '3 642 056'

22-11-2024T02:57:24 - [MESSAGE][PASSED] - Text of object 'Object Repository/Выполнение бизнес-плана/Выполнение бизнес-плана Балансы/Значения со страницы Выполнение бизнес-плана/Table Data/План Отпуск в сеть за отчётный период 11' is: '3 642 056'

22-11-2024T02:57:24 - [TEST_STEP][PASSED] - x = x + "/" + z: null

22-11-2024T02:57:24 - [TEST_STEP][PASSED] - z = getText(findTestObject(path + path2 + "План Отпуск из сети за отчётный период " + dZONum)).replaceAll("\s+", ""): Text of object 'Object Repository/Выполнение бизнес-плана/Выполнение бизнес-плана Балансы/Значения со страницы Выполнение бизнес-плана/Table Data/План Отпуск из сети за отчётный период 11' is: '3 348 547'

22-11-2024T02:57:24 - [MESSAGE][PASSED] - Text of object 'Object Repository/Выполнение бизнес-плана/Выполнение бизнес-плана Балансы/Значения со страницы Выполнение бизнес-плана/Table Data/План Отпуск из сети за отчётный период 11' is: '3 348 547'

22-11-2024T02:57:24 - [TEST_STEP][PASSED] - x = x + "/" + z: null

22-11-2024T02:57:24 - [TEST_STEP][PASSED] - z = getText(findTestObject(path + path2 + "План Потери за отчётный период " + dZONum)).replaceAll("\s+", ""): Text of object 'Object Repository/Выполнение бизнес-плана/Выполнение бизнес-плана Балансы/Значения со страницы Выполнение бизнес-плана/Table Data/План Потери за отчётный период 11' is: '293 509'

22-11-2024T02:57:24 - [MESSAGE][PASSED] - Text of object 'Object Repository/Выполнение бизнес-плана/Выполнение бизнес-плана Балансы/Значения со страницы Выполнение бизнес-плана/Table Data/План Потери за отчётный период 11' is: '293 509'

22-11-2024T02:57:24 - [TEST_STEP][PASSED] - x = x + "/" + z: null

22-11-2024T02:57:24 - [TEST_STEP][PASSED] - z = getText(findTestObject(path + "Список ДЗО")).replaceAll("[\r?
|
]", "/"): Text of object 'Object Repository/Выполнение бизнес-плана/Выполнение бизнес-плана Балансы/Список ДЗО' is: '-0.20
-0.07
3.72
-0.35
-0.53
-0.04
-0.01
3.84
-0.35
-0.05
-0.00
0.09
-0.15
-0.51
-0.25
-0.39
-0.20
Россети ФСКЕЭС
АО«Тываэнерго»
АО«Чеченэнерго»
РоссетиВолга
РоссетиКубань
РоссетиЛенэнерго(ГК)
РоссетиМосковскийрегион
РоссетиСеверныйКавказ
РоссетиСеверо-Запад
РоссетиСибирь
РоссетиТомск
РоссетиТюмень
Россети Урал(ГК)
РоссетиЦентр (ГК)
РоссетиЦентр иПриволжье(ГК)
Россети Юг(ГК)
РоссетиЯнтарь
0
2
4
6
-2
8'

22-11-2024T02:57:25 - [MESSAGE][PASSED] - Text of object 'Object Repository/Выполнение бизнес-плана/Выполнение бизнес-плана Балансы/Список ДЗО' is: '-0.20
-0.07
3.72
-0.35
-0.53
-0.04
-0.01
3.84
-0.35
-0.05
-0.00
0.09
-0.15
-0.51
-0.25
-0.39
-0.20
Россети ФСКЕЭС
АО«Тываэнерго»
АО«Чеченэнерго»
РоссетиВолга
РоссетиКубань
РоссетиЛенэнерго(ГК)
РоссетиМосковскийрегион
РоссетиСеверныйКавказ
РоссетиСеверо-Запад
РоссетиСибирь
РоссетиТомск
РоссетиТюмень
Россети Урал(ГК)
РоссетиЦентр (ГК)
РоссетиЦентр иПриволжье(ГК)
Россети Юг(ГК)
РоссетиЯнтарь
0
2
4
6
-2
8'

22-11-2024T02:57:25 - [TEST_STEP][PASSED] - for ([ii = 1, ii < dZONum, (ii++)]): null

22-11-2024T02:57:25 - [TEST_STEP][PASSED] - i1 = z.indexOf("/") + 1: null

22-11-2024T02:57:25 - [TEST_STEP][PASSED] - if (i1 > -1): null

22-11-2024T02:57:25 - [TEST_STEP][PASSED] - z = z.substring(i1, z.length()): null

22-11-2024T02:57:25 - [TEST_STEP][PASSED] - i1 = z.indexOf("/"): null

22-11-2024T02:57:25 - [TEST_STEP][PASSED] - i1 = z.indexOf("/") + 1: null

22-11-2024T02:57:25 - [TEST_STEP][PASSED] - if (i1 > -1): null

22-11-2024T02:57:25 - [TEST_STEP][PASSED] - z = z.substring(i1, z.length()): null

22-11-2024T02:57:25 - [TEST_STEP][PASSED] - i1 = z.indexOf("/"): null

22-11-2024T02:57:25 - [TEST_STEP][PASSED] - i1 = z.indexOf("/") + 1: null

22-11-2024T02:57:25 - [TEST_STEP][PASSED] - if (i1 > -1): null

22-11-2024T02:57:25 - [TEST_STEP][PASSED] - z = z.substring(i1, z.length()): null

22-11-2024T02:57:25 - [TEST_STEP][PASSED] - i1 = z.indexOf("/"): null

22-11-2024T02:57:25 - [TEST_STEP][PASSED] - i1 = z.indexOf("/") + 1: null

22-11-2024T02:57:25 - [TEST_STEP][PASSED] - if (i1 > -1): null

22-11-2024T02:57:25 - [TEST_STEP][PASSED] - z = z.substring(i1, z.length()): null

22-11-2024T02:57:25 - [TEST_STEP][PASSED] - i1 = z.indexOf("/"): null

22-11-2024T02:57:25 - [TEST_STEP][PASSED] - i1 = z.indexOf("/") + 1: null

22-11-2024T02:57:25 - [TEST_STEP][PASSED] - if (i1 > -1): null

22-11-2024T02:57:25 - [TEST_STEP][PASSED] - z = z.substring(i1, z.length()): null

22-11-2024T02:57:25 - [TEST_STEP][PASSED] - i1 = z.indexOf("/"): null

22-11-2024T02:57:25 - [TEST_STEP][PASSED] - i1 = z.indexOf("/") + 1: null

22-11-2024T02:57:25 - [TEST_STEP][PASSED] - if (i1 > -1): null

22-11-2024T02:57:25 - [TEST_STEP][PASSED] - z = z.substring(i1, z.length()): null

22-11-2024T02:57:25 - [TEST_STEP][PASSED] - i1 = z.indexOf("/"): null

22-11-2024T02:57:25 - [TEST_STEP][PASSED] - i1 = z.indexOf("/") + 1: null

22-11-2024T02:57:25 - [TEST_STEP][PASSED] - if (i1 > -1): null

22-11-2024T02:57:25 - [TEST_STEP][PASSED] - z = z.substring(i1, z.length()): null

22-11-2024T02:57:25 - [TEST_STEP][PASSED] - i1 = z.indexOf("/"): null

22-11-2024T02:57:25 - [TEST_STEP][PASSED] - i1 = z.indexOf("/") + 1: null

22-11-2024T02:57:25 - [TEST_STEP][PASSED] - if (i1 > -1): null

22-11-2024T02:57:25 - [TEST_STEP][PASSED] - z = z.substring(i1, z.length()): null

22-11-2024T02:57:25 - [TEST_STEP][PASSED] - i1 = z.indexOf("/"): null

22-11-2024T02:57:25 - [TEST_STEP][PASSED] - i1 = z.indexOf("/") + 1: null

22-11-2024T02:57:25 - [TEST_STEP][PASSED] - if (i1 > -1): null

22-11-2024T02:57:25 - [TEST_STEP][PASSED] - z = z.substring(i1, z.length()): null

22-11-2024T02:57:25 - [TEST_STEP][PASSED] - i1 = z.indexOf("/"): null

22-11-2024T02:57:25 - [TEST_STEP][PASSED] - i1 = z.indexOf("/") + 1: null

22-11-2024T02:57:25 - [TEST_STEP][PASSED] - if (i1 > -1): null

22-11-2024T02:57:25 - [TEST_STEP][PASSED] - z = z.substring(i1, z.length()): null

22-11-2024T02:57:25 - [TEST_STEP][PASSED] - i1 = z.indexOf("/"): null

22-11-2024T02:57:25 - [TEST_STEP][PASSED] - i1 = z.indexOf("/"): null

22-11-2024T02:57:25 - [TEST_STEP][PASSED] - if (i1 > -1): null

22-11-2024T02:57:25 - [TEST_STEP][PASSED] - z = z.substring(0, i1): null

22-11-2024T02:57:25 - [TEST_STEP][PASSED] - z = z.replace(",", "."): null

22-11-2024T02:57:25 - [TEST_STEP][PASSED] - println(z): null

22-11-2024T02:57:25 - [TEST_STEP][PASSED] - x = x + "/" + z: null

22-11-2024T02:57:25 - [TEST_STEP][PASSED] - x = x.replaceAll("[\r?
|
]", ""): null

22-11-2024T02:57:25 - [TEST_STEP][PASSED] - println(x): null

22-11-2024T02:57:25 - [TEST_STEP][PASSED] - return x: null

22-11-2024T02:57:25 - [TEST_STEP][PASSED] - println("tomB: " + tomB): null

22-11-2024T02:57:25 - [TEST_STEP][PASSED] - i = VseDZO.indexOf("Тюмень"): null

22-11-2024T02:57:25 - [TEST_STEP][PASSED] - if (i > -1): null

22-11-2024T02:57:25 - [TEST_STEP][PASSED] - dZONum = dZONum + 1: null

22-11-2024T02:57:25 - [TEST_STEP][PASSED] - tyumB = GetAllData(path, dZONum, VseDZO, x = "Россети Тюмень/"): null

22-11-2024T02:57:25 - [TEST_STEP][PASSED] - ii = <not implemented yet for class: org.codehaus.groovy.ast.expr.EmptyExpression>: null

22-11-2024T02:57:25 - [TEST_STEP][PASSED] - i1 = <not implemented yet for class: org.codehaus.groovy.ast.expr.EmptyExpression>: null

22-11-2024T02:57:25 - [TEST_STEP][PASSED] - z = <not implemented yet for class: org.codehaus.groovy.ast.expr.EmptyExpression>: null

22-11-2024T02:57:25 - [TEST_STEP][PASSED] - path2 = "Значения со страницы Выполнение бизнес-плана/Table Data/": null

22-11-2024T02:57:25 - [TEST_STEP][PASSED] - println("path: " + path): null

22-11-2024T02:57:25 - [TEST_STEP][PASSED] - println("dZONum: " + dZONum): null

22-11-2024T02:57:25 - [TEST_STEP][PASSED] - z = getText(findTestObject(path + "spanPlan" + dZONum)): Text of object 'Object Repository/Выполнение бизнес-плана/Выполнение бизнес-плана Балансы/spanPlan12' is: '2.51'

22-11-2024T02:57:25 - [MESSAGE][PASSED] - Text of object 'Object Repository/Выполнение бизнес-плана/Выполнение бизнес-плана Балансы/spanPlan12' is: '2.51'

22-11-2024T02:57:25 - [TEST_STEP][PASSED] - println(z): null

22-11-2024T02:57:25 - [TEST_STEP][PASSED] - ii = z.indexOf("|"): null

22-11-2024T02:57:25 - [TEST_STEP][PASSED] - if (ii > -1): null

22-11-2024T02:57:25 - [TEST_STEP][PASSED] - z = z.replaceAll("\s+", ""): null

22-11-2024T02:57:25 - [TEST_STEP][PASSED] - z = z.replace("[\r?
|
]", "/"): null

22-11-2024T02:57:25 - [TEST_STEP][PASSED] - println(z): null

22-11-2024T02:57:25 - [TEST_STEP][PASSED] - x = x + z: null

22-11-2024T02:57:25 - [TEST_STEP][PASSED] - z = getText(findTestObject(path + "spanFact" + dZONum)): Text of object 'Object Repository/Выполнение бизнес-плана/Выполнение бизнес-плана Балансы/spanFact12' is: '2.60
|'

22-11-2024T02:57:25 - [MESSAGE][PASSED] - Text of object 'Object Repository/Выполнение бизнес-плана/Выполнение бизнес-плана Балансы/spanFact12' is: '2.60
|'

22-11-2024T02:57:25 - [TEST_STEP][PASSED] - ii = z.indexOf("|"): null

22-11-2024T02:57:25 - [TEST_STEP][PASSED] - if (ii > -1): null

22-11-2024T02:57:25 - [TEST_STEP][PASSED] - z = length() - 1).replace("[\r?
|
]", "/"): null

22-11-2024T02:57:25 - [TEST_STEP][PASSED] - x = x + "/" + z: null

22-11-2024T02:57:25 - [TEST_STEP][PASSED] - z = getText(findTestObject(path + path2 + "Факт Отпуск в сеть за отчётный период " + dZONum)).replaceAll("\s+", ""): Text of object 'Object Repository/Выполнение бизнес-плана/Выполнение бизнес-плана Балансы/Значения со страницы Выполнение бизнес-плана/Table Data/Факт Отпуск в сеть за отчётный период 12' is: '39 079 081'

22-11-2024T02:57:26 - [MESSAGE][PASSED] - Text of object 'Object Repository/Выполнение бизнес-плана/Выполнение бизнес-плана Балансы/Значения со страницы Выполнение бизнес-плана/Table Data/Факт Отпуск в сеть за отчётный период 12' is: '39 079 081'

22-11-2024T02:57:26 - [TEST_STEP][PASSED] - x = x + "/" + z: null

22-11-2024T02:57:26 - [TEST_STEP][PASSED] - z = getText(findTestObject(path + path2 + "Факт Отпуск из сети за отчётный период " + dZONum)).replaceAll("\s+", ""): Text of object 'Object Repository/Выполнение бизнес-плана/Выполнение бизнес-плана Балансы/Значения со страницы Выполнение бизнес-плана/Table Data/Факт Отпуск из сети за отчётный период 12' is: '38 062 639'

22-11-2024T02:57:26 - [MESSAGE][PASSED] - Text of object 'Object Repository/Выполнение бизнес-плана/Выполнение бизнес-плана Балансы/Значения со страницы Выполнение бизнес-плана/Table Data/Факт Отпуск из сети за отчётный период 12' is: '38 062 639'

22-11-2024T02:57:26 - [TEST_STEP][PASSED] - x = x + "/" + z: null

22-11-2024T02:57:26 - [TEST_STEP][PASSED] - z = getText(findTestObject(path + path2 + "Факт Потери за отчётный период " + dZONum)).replaceAll("\s+", ""): Text of object 'Object Repository/Выполнение бизнес-плана/Выполнение бизнес-плана Балансы/Значения со страницы Выполнение бизнес-плана/Table Data/Факт Потери за отчётный период 12' is: '1 016 442'

22-11-2024T02:57:26 - [MESSAGE][PASSED] - Text of object 'Object Repository/Выполнение бизнес-плана/Выполнение бизнес-плана Балансы/Значения со страницы Выполнение бизнес-плана/Table Data/Факт Потери за отчётный период 12' is: '1 016 442'

22-11-2024T02:57:26 - [TEST_STEP][PASSED] - x = x + "/" + z: null

22-11-2024T02:57:26 - [TEST_STEP][PASSED] - z = getText(findTestObject(path + path2 + "План Отпуск в сеть за отчётный период " + dZONum)).replaceAll("\s+", ""): Text of object 'Object Repository/Выполнение бизнес-плана/Выполнение бизнес-плана Балансы/Значения со страницы Выполнение бизнес-плана/Table Data/План Отпуск в сеть за отчётный период 12' is: '40 452 567'

22-11-2024T02:57:27 - [MESSAGE][PASSED] - Text of object 'Object Repository/Выполнение бизнес-плана/Выполнение бизнес-плана Балансы/Значения со страницы Выполнение бизнес-плана/Table Data/План Отпуск в сеть за отчётный период 12' is: '40 452 567'

22-11-2024T02:57:27 - [TEST_STEP][PASSED] - x = x + "/" + z: null

22-11-2024T02:57:27 - [TEST_STEP][PASSED] - z = getText(findTestObject(path + path2 + "План Отпуск из сети за отчётный период " + dZONum)).replaceAll("\s+", ""): Text of object 'Object Repository/Выполнение бизнес-плана/Выполнение бизнес-плана Балансы/Значения со страницы Выполнение бизнес-плана/Table Data/План Отпуск из сети за отчётный период 12' is: '39 436 282'

22-11-2024T02:57:27 - [MESSAGE][PASSED] - Text of object 'Object Repository/Выполнение бизнес-плана/Выполнение бизнес-плана Балансы/Значения со страницы Выполнение бизнес-плана/Table Data/План Отпуск из сети за отчётный период 12' is: '39 436 282'

22-11-2024T02:57:27 - [TEST_STEP][PASSED] - x = x + "/" + z: null

22-11-2024T02:57:27 - [TEST_STEP][PASSED] - z = getText(findTestObject(path + path2 + "План Потери за отчётный период " + dZONum)).replaceAll("\s+", ""): Text of object 'Object Repository/Выполнение бизнес-плана/Выполнение бизнес-плана Балансы/Значения со страницы Выполнение бизнес-плана/Table Data/План Потери за отчётный период 12' is: '1 016 285'

22-11-2024T02:57:27 - [MESSAGE][PASSED] - Text of object 'Object Repository/Выполнение бизнес-плана/Выполнение бизнес-плана Балансы/Значения со страницы Выполнение бизнес-плана/Table Data/План Потери за отчётный период 12' is: '1 016 285'

22-11-2024T02:57:27 - [TEST_STEP][PASSED] - x = x + "/" + z: null

22-11-2024T02:57:27 - [TEST_STEP][PASSED] - z = getText(findTestObject(path + "Список ДЗО")).replaceAll("[\r?
|
]", "/"): Text of object 'Object Repository/Выполнение бизнес-плана/Выполнение бизнес-плана Балансы/Список ДЗО' is: '-0.20
-0.07
3.72
-0.35
-0.53
-0.04
-0.01
3.84
-0.35
-0.05
-0.00
0.09
-0.15
-0.51
-0.25
-0.39
-0.20
Россети ФСКЕЭС
АО«Тываэнерго»
АО«Чеченэнерго»
РоссетиВолга
РоссетиКубань
РоссетиЛенэнерго(ГК)
РоссетиМосковскийрегион
РоссетиСеверныйКавказ
РоссетиСеверо-Запад
РоссетиСибирь
РоссетиТомск
РоссетиТюмень
Россети Урал(ГК)
РоссетиЦентр (ГК)
РоссетиЦентр иПриволжье(ГК)
Россети Юг(ГК)
РоссетиЯнтарь
0
2
4
6
-2
8'

22-11-2024T02:57:28 - [MESSAGE][PASSED] - Text of object 'Object Repository/Выполнение бизнес-плана/Выполнение бизнес-плана Балансы/Список ДЗО' is: '-0.20
-0.07
3.72
-0.35
-0.53
-0.04
-0.01
3.84
-0.35
-0.05
-0.00
0.09
-0.15
-0.51
-0.25
-0.39
-0.20
Россети ФСКЕЭС
АО«Тываэнерго»
АО«Чеченэнерго»
РоссетиВолга
РоссетиКубань
РоссетиЛенэнерго(ГК)
РоссетиМосковскийрегион
РоссетиСеверныйКавказ
РоссетиСеверо-Запад
РоссетиСибирь
РоссетиТомск
РоссетиТюмень
Россети Урал(ГК)
РоссетиЦентр (ГК)
РоссетиЦентр иПриволжье(ГК)
Россети Юг(ГК)
РоссетиЯнтарь
0
2
4
6
-2
8'

22-11-2024T02:57:28 - [TEST_STEP][PASSED] - for ([ii = 1, ii < dZONum, (ii++)]): null

22-11-2024T02:57:28 - [TEST_STEP][PASSED] - i1 = z.indexOf("/") + 1: null

22-11-2024T02:57:28 - [TEST_STEP][PASSED] - if (i1 > -1): null

22-11-2024T02:57:28 - [TEST_STEP][PASSED] - z = z.substring(i1, z.length()): null

22-11-2024T02:57:28 - [TEST_STEP][PASSED] - i1 = z.indexOf("/"): null

22-11-2024T02:57:28 - [TEST_STEP][PASSED] - i1 = z.indexOf("/") + 1: null

22-11-2024T02:57:28 - [TEST_STEP][PASSED] - if (i1 > -1): null

22-11-2024T02:57:28 - [TEST_STEP][PASSED] - z = z.substring(i1, z.length()): null

22-11-2024T02:57:28 - [TEST_STEP][PASSED] - i1 = z.indexOf("/"): null

22-11-2024T02:57:28 - [TEST_STEP][PASSED] - i1 = z.indexOf("/") + 1: null

22-11-2024T02:57:28 - [TEST_STEP][PASSED] - if (i1 > -1): null

22-11-2024T02:57:28 - [TEST_STEP][PASSED] - z = z.substring(i1, z.length()): null

22-11-2024T02:57:28 - [TEST_STEP][PASSED] - i1 = z.indexOf("/"): null

22-11-2024T02:57:28 - [TEST_STEP][PASSED] - i1 = z.indexOf("/") + 1: null

22-11-2024T02:57:28 - [TEST_STEP][PASSED] - if (i1 > -1): null

22-11-2024T02:57:28 - [TEST_STEP][PASSED] - z = z.substring(i1, z.length()): null

22-11-2024T02:57:28 - [TEST_STEP][PASSED] - i1 = z.indexOf("/"): null

22-11-2024T02:57:28 - [TEST_STEP][PASSED] - i1 = z.indexOf("/") + 1: null

22-11-2024T02:57:28 - [TEST_STEP][PASSED] - if (i1 > -1): null

22-11-2024T02:57:28 - [TEST_STEP][PASSED] - z = z.substring(i1, z.length()): null

22-11-2024T02:57:28 - [TEST_STEP][PASSED] - i1 = z.indexOf("/"): null

22-11-2024T02:57:28 - [TEST_STEP][PASSED] - i1 = z.indexOf("/") + 1: null

22-11-2024T02:57:28 - [TEST_STEP][PASSED] - if (i1 > -1): null

22-11-2024T02:57:28 - [TEST_STEP][PASSED] - z = z.substring(i1, z.length()): null

22-11-2024T02:57:28 - [TEST_STEP][PASSED] - i1 = z.indexOf("/"): null

22-11-2024T02:57:28 - [TEST_STEP][PASSED] - i1 = z.indexOf("/") + 1: null

22-11-2024T02:57:28 - [TEST_STEP][PASSED] - if (i1 > -1): null

22-11-2024T02:57:28 - [TEST_STEP][PASSED] - z = z.substring(i1, z.length()): null

22-11-2024T02:57:28 - [TEST_STEP][PASSED] - i1 = z.indexOf("/"): null

22-11-2024T02:57:28 - [TEST_STEP][PASSED] - i1 = z.indexOf("/") + 1: null

22-11-2024T02:57:28 - [TEST_STEP][PASSED] - if (i1 > -1): null

22-11-2024T02:57:28 - [TEST_STEP][PASSED] - z = z.substring(i1, z.length()): null

22-11-2024T02:57:28 - [TEST_STEP][PASSED] - i1 = z.indexOf("/"): null

22-11-2024T02:57:28 - [TEST_STEP][PASSED] - i1 = z.indexOf("/") + 1: null

22-11-2024T02:57:28 - [TEST_STEP][PASSED] - if (i1 > -1): null

22-11-2024T02:57:28 - [TEST_STEP][PASSED] - z = z.substring(i1, z.length()): null

22-11-2024T02:57:28 - [TEST_STEP][PASSED] - i1 = z.indexOf("/"): null

22-11-2024T02:57:28 - [TEST_STEP][PASSED] - i1 = z.indexOf("/") + 1: null

22-11-2024T02:57:28 - [TEST_STEP][PASSED] - if (i1 > -1): null

22-11-2024T02:57:28 - [TEST_STEP][PASSED] - z = z.substring(i1, z.length()): null

22-11-2024T02:57:28 - [TEST_STEP][PASSED] - i1 = z.indexOf("/"): null

22-11-2024T02:57:28 - [TEST_STEP][PASSED] - i1 = z.indexOf("/") + 1: null

22-11-2024T02:57:28 - [TEST_STEP][PASSED] - if (i1 > -1): null

22-11-2024T02:57:28 - [TEST_STEP][PASSED] - z = z.substring(i1, z.length()): null

22-11-2024T02:57:28 - [TEST_STEP][PASSED] - i1 = z.indexOf("/"): null

22-11-2024T02:57:28 - [TEST_STEP][PASSED] - i1 = z.indexOf("/"): null

22-11-2024T02:57:28 - [TEST_STEP][PASSED] - if (i1 > -1): null

22-11-2024T02:57:28 - [TEST_STEP][PASSED] - z = z.substring(0, i1): null

22-11-2024T02:57:28 - [TEST_STEP][PASSED] - z = z.replace(",", "."): null

22-11-2024T02:57:28 - [TEST_STEP][PASSED] - println(z): null

22-11-2024T02:57:28 - [TEST_STEP][PASSED] - x = x + "/" + z: null

22-11-2024T02:57:28 - [TEST_STEP][PASSED] - x = x.replaceAll("[\r?
|
]", ""): null

22-11-2024T02:57:28 - [TEST_STEP][PASSED] - println(x): null

22-11-2024T02:57:28 - [TEST_STEP][PASSED] - return x: null

22-11-2024T02:57:28 - [TEST_STEP][PASSED] - println("tyumB: " + tyumB): null

22-11-2024T02:57:28 - [TEST_STEP][PASSED] - i = VseDZO.indexOf("Урал"): null

22-11-2024T02:57:28 - [TEST_STEP][PASSED] - if (i > -1): null

22-11-2024T02:57:28 - [TEST_STEP][PASSED] - dZONum = dZONum + 1: null

22-11-2024T02:57:28 - [TEST_STEP][PASSED] - urB = GetAllData(path, dZONum, VseDZO, x = "Россети Урал (ГК)/"): null

22-11-2024T02:57:28 - [TEST_STEP][PASSED] - ii = <not implemented yet for class: org.codehaus.groovy.ast.expr.EmptyExpression>: null

22-11-2024T02:57:28 - [TEST_STEP][PASSED] - i1 = <not implemented yet for class: org.codehaus.groovy.ast.expr.EmptyExpression>: null

22-11-2024T02:57:28 - [TEST_STEP][PASSED] - z = <not implemented yet for class: org.codehaus.groovy.ast.expr.EmptyExpression>: null

22-11-2024T02:57:28 - [TEST_STEP][PASSED] - path2 = "Значения со страницы Выполнение бизнес-плана/Table Data/": null

22-11-2024T02:57:28 - [TEST_STEP][PASSED] - println("path: " + path): null

22-11-2024T02:57:28 - [TEST_STEP][PASSED] - println("dZONum: " + dZONum): null

22-11-2024T02:57:28 - [TEST_STEP][PASSED] - z = getText(findTestObject(path + "spanPlan" + dZONum)): Text of object 'Object Repository/Выполнение бизнес-плана/Выполнение бизнес-плана Балансы/spanPlan13' is: '5.70
|'

22-11-2024T02:57:28 - [MESSAGE][PASSED] - Text of object 'Object Repository/Выполнение бизнес-плана/Выполнение бизнес-плана Балансы/spanPlan13' is: '5.70
|'

22-11-2024T02:57:28 - [TEST_STEP][PASSED] - println(z): null

22-11-2024T02:57:28 - [TEST_STEP][PASSED] - ii = z.indexOf("|"): null

22-11-2024T02:57:28 - [TEST_STEP][PASSED] - if (ii > -1): null

22-11-2024T02:57:28 - [TEST_STEP][PASSED] - z = z.substring(0, z.length() - 1): null

22-11-2024T02:57:28 - [TEST_STEP][PASSED] - println(z): null

22-11-2024T02:57:28 - [TEST_STEP][PASSED] - z = z.replaceAll("\s+", ""): null

22-11-2024T02:57:28 - [TEST_STEP][PASSED] - z = z.replace("[\r?
|
]", "/"): null

22-11-2024T02:57:28 - [TEST_STEP][PASSED] - println(z): null

22-11-2024T02:57:28 - [TEST_STEP][PASSED] - x = x + z: null

22-11-2024T02:57:28 - [TEST_STEP][PASSED] - z = getText(findTestObject(path + "spanFact" + dZONum)): Text of object 'Object Repository/Выполнение бизнес-плана/Выполнение бизнес-плана Балансы/spanFact13' is: '5.56'

22-11-2024T02:57:28 - [MESSAGE][PASSED] - Text of object 'Object Repository/Выполнение бизнес-плана/Выполнение бизнес-плана Балансы/spanFact13' is: '5.56'

22-11-2024T02:57:28 - [TEST_STEP][PASSED] - ii = z.indexOf("|"): null

22-11-2024T02:57:28 - [TEST_STEP][PASSED] - if (ii > -1): null

22-11-2024T02:57:28 - [TEST_STEP][PASSED] - x = x + "/" + z: null

22-11-2024T02:57:28 - [TEST_STEP][PASSED] - z = getText(findTestObject(path + path2 + "Факт Отпуск в сеть за отчётный период " + dZONum)).replaceAll("\s+", ""): Text of object 'Object Repository/Выполнение бизнес-плана/Выполнение бизнес-плана Балансы/Значения со страницы Выполнение бизнес-плана/Table Data/Факт Отпуск в сеть за отчётный период 13' is: '53 993 193'

22-11-2024T02:57:29 - [MESSAGE][PASSED] - Text of object 'Object Repository/Выполнение бизнес-плана/Выполнение бизнес-плана Балансы/Значения со страницы Выполнение бизнес-плана/Table Data/Факт Отпуск в сеть за отчётный период 13' is: '53 993 193'

22-11-2024T02:57:29 - [TEST_STEP][PASSED] - x = x + "/" + z: null

22-11-2024T02:57:29 - [TEST_STEP][PASSED] - z = getText(findTestObject(path + path2 + "Факт Отпуск из сети за отчётный период " + dZONum)).replaceAll("\s+", ""): Text of object 'Object Repository/Выполнение бизнес-плана/Выполнение бизнес-плана Балансы/Значения со страницы Выполнение бизнес-плана/Table Data/Факт Отпуск из сети за отчётный период 13' is: '50 992 089'

22-11-2024T02:57:29 - [MESSAGE][PASSED] - Text of object 'Object Repository/Выполнение бизнес-плана/Выполнение бизнес-плана Балансы/Значения со страницы Выполнение бизнес-плана/Table Data/Факт Отпуск из сети за отчётный период 13' is: '50 992 089'

22-11-2024T02:57:29 - [TEST_STEP][PASSED] - x = x + "/" + z: null

22-11-2024T02:57:29 - [TEST_STEP][PASSED] - z = getText(findTestObject(path + path2 + "Факт Потери за отчётный период " + dZONum)).replaceAll("\s+", ""): Text of object 'Object Repository/Выполнение бизнес-плана/Выполнение бизнес-плана Балансы/Значения со страницы Выполнение бизнес-плана/Table Data/Факт Потери за отчётный период 13' is: '3 001 103'

22-11-2024T02:57:29 - [MESSAGE][PASSED] - Text of object 'Object Repository/Выполнение бизнес-плана/Выполнение бизнес-плана Балансы/Значения со страницы Выполнение бизнес-плана/Table Data/Факт Потери за отчётный период 13' is: '3 001 103'

22-11-2024T02:57:29 - [TEST_STEP][PASSED] - x = x + "/" + z: null

22-11-2024T02:57:29 - [TEST_STEP][PASSED] - z = getText(findTestObject(path + path2 + "План Отпуск в сеть за отчётный период " + dZONum)).replaceAll("\s+", ""): Text of object 'Object Repository/Выполнение бизнес-плана/Выполнение бизнес-плана Балансы/Значения со страницы Выполнение бизнес-плана/Table Data/План Отпуск в сеть за отчётный период 13' is: '60 264 543'

22-11-2024T02:57:29 - [MESSAGE][PASSED] - Text of object 'Object Repository/Выполнение бизнес-плана/Выполнение бизнес-плана Балансы/Значения со страницы Выполнение бизнес-плана/Table Data/План Отпуск в сеть за отчётный период 13' is: '60 264 543'

22-11-2024T02:57:29 - [TEST_STEP][PASSED] - x = x + "/" + z: null

22-11-2024T02:57:29 - [TEST_STEP][PASSED] - z = getText(findTestObject(path + path2 + "План Отпуск из сети за отчётный период " + dZONum)).replaceAll("\s+", ""): Text of object 'Object Repository/Выполнение бизнес-плана/Выполнение бизнес-плана Балансы/Значения со страницы Выполнение бизнес-плана/Table Data/План Отпуск из сети за отчётный период 13' is: '56 779 989'

22-11-2024T02:57:30 - [MESSAGE][PASSED] - Text of object 'Object Repository/Выполнение бизнес-плана/Выполнение бизнес-плана Балансы/Значения со страницы Выполнение бизнес-плана/Table Data/План Отпуск из сети за отчётный период 13' is: '56 779 989'

22-11-2024T02:57:30 - [TEST_STEP][PASSED] - x = x + "/" + z: null

22-11-2024T02:57:30 - [TEST_STEP][PASSED] - z = getText(findTestObject(path + path2 + "План Потери за отчётный период " + dZONum)).replaceAll("\s+", ""): Text of object 'Object Repository/Выполнение бизнес-плана/Выполнение бизнес-плана Балансы/Значения со страницы Выполнение бизнес-плана/Table Data/План Потери за отчётный период 13' is: '3 484 554'

22-11-2024T02:57:30 - [MESSAGE][PASSED] - Text of object 'Object Repository/Выполнение бизнес-плана/Выполнение бизнес-плана Балансы/Значения со страницы Выполнение бизнес-плана/Table Data/План Потери за отчётный период 13' is: '3 484 554'

22-11-2024T02:57:30 - [TEST_STEP][PASSED] - x = x + "/" + z: null

22-11-2024T02:57:30 - [TEST_STEP][PASSED] - z = getText(findTestObject(path + "Список ДЗО")).replaceAll("[\r?
|
]", "/"): Text of object 'Object Repository/Выполнение бизнес-плана/Выполнение бизнес-плана Балансы/Список ДЗО' is: '-0.20
-0.07
3.72
-0.35
-0.53
-0.04
-0.01
3.84
-0.35
-0.05
-0.00
0.09
-0.15
-0.51
-0.25
-0.39
-0.20
Россети ФСКЕЭС
АО«Тываэнерго»
АО«Чеченэнерго»
РоссетиВолга
РоссетиКубань
РоссетиЛенэнерго(ГК)
РоссетиМосковскийрегион
РоссетиСеверныйКавказ
РоссетиСеверо-Запад
РоссетиСибирь
РоссетиТомск
РоссетиТюмень
Россети Урал(ГК)
РоссетиЦентр (ГК)
РоссетиЦентр иПриволжье(ГК)
Россети Юг(ГК)
РоссетиЯнтарь
0
2
4
6
-2
8'

22-11-2024T02:57:30 - [MESSAGE][PASSED] - Text of object 'Object Repository/Выполнение бизнес-плана/Выполнение бизнес-плана Балансы/Список ДЗО' is: '-0.20
-0.07
3.72
-0.35
-0.53
-0.04
-0.01
3.84
-0.35
-0.05
-0.00
0.09
-0.15
-0.51
-0.25
-0.39
-0.20
Россети ФСКЕЭС
АО«Тываэнерго»
АО«Чеченэнерго»
РоссетиВолга
РоссетиКубань
РоссетиЛенэнерго(ГК)
РоссетиМосковскийрегион
РоссетиСеверныйКавказ
РоссетиСеверо-Запад
РоссетиСибирь
РоссетиТомск
РоссетиТюмень
Россети Урал(ГК)
РоссетиЦентр (ГК)
РоссетиЦентр иПриволжье(ГК)
Россети Юг(ГК)
РоссетиЯнтарь
0
2
4
6
-2
8'

22-11-2024T02:57:30 - [TEST_STEP][PASSED] - for ([ii = 1, ii < dZONum, (ii++)]): null

22-11-2024T02:57:30 - [TEST_STEP][PASSED] - i1 = z.indexOf("/") + 1: null

22-11-2024T02:57:30 - [TEST_STEP][PASSED] - if (i1 > -1): null

22-11-2024T02:57:30 - [TEST_STEP][PASSED] - z = z.substring(i1, z.length()): null

22-11-2024T02:57:30 - [TEST_STEP][PASSED] - i1 = z.indexOf("/"): null

22-11-2024T02:57:30 - [TEST_STEP][PASSED] - i1 = z.indexOf("/") + 1: null

22-11-2024T02:57:30 - [TEST_STEP][PASSED] - if (i1 > -1): null

22-11-2024T02:57:30 - [TEST_STEP][PASSED] - z = z.substring(i1, z.length()): null

22-11-2024T02:57:30 - [TEST_STEP][PASSED] - i1 = z.indexOf("/"): null

22-11-2024T02:57:30 - [TEST_STEP][PASSED] - i1 = z.indexOf("/") + 1: null

22-11-2024T02:57:30 - [TEST_STEP][PASSED] - if (i1 > -1): null

22-11-2024T02:57:30 - [TEST_STEP][PASSED] - z = z.substring(i1, z.length()): null

22-11-2024T02:57:30 - [TEST_STEP][PASSED] - i1 = z.indexOf("/"): null

22-11-2024T02:57:30 - [TEST_STEP][PASSED] - i1 = z.indexOf("/") + 1: null

22-11-2024T02:57:30 - [TEST_STEP][PASSED] - if (i1 > -1): null

22-11-2024T02:57:30 - [TEST_STEP][PASSED] - z = z.substring(i1, z.length()): null

22-11-2024T02:57:30 - [TEST_STEP][PASSED] - i1 = z.indexOf("/"): null

22-11-2024T02:57:30 - [TEST_STEP][PASSED] - i1 = z.indexOf("/") + 1: null

22-11-2024T02:57:30 - [TEST_STEP][PASSED] - if (i1 > -1): null

22-11-2024T02:57:30 - [TEST_STEP][PASSED] - z = z.substring(i1, z.length()): null

22-11-2024T02:57:30 - [TEST_STEP][PASSED] - i1 = z.indexOf("/"): null

22-11-2024T02:57:30 - [TEST_STEP][PASSED] - i1 = z.indexOf("/") + 1: null

22-11-2024T02:57:30 - [TEST_STEP][PASSED] - if (i1 > -1): null

22-11-2024T02:57:30 - [TEST_STEP][PASSED] - z = z.substring(i1, z.length()): null

22-11-2024T02:57:30 - [TEST_STEP][PASSED] - i1 = z.indexOf("/"): null

22-11-2024T02:57:30 - [TEST_STEP][PASSED] - i1 = z.indexOf("/") + 1: null

22-11-2024T02:57:30 - [TEST_STEP][PASSED] - if (i1 > -1): null

22-11-2024T02:57:30 - [TEST_STEP][PASSED] - z = z.substring(i1, z.length()): null

22-11-2024T02:57:30 - [TEST_STEP][PASSED] - i1 = z.indexOf("/"): null

22-11-2024T02:57:30 - [TEST_STEP][PASSED] - i1 = z.indexOf("/") + 1: null

22-11-2024T02:57:30 - [TEST_STEP][PASSED] - if (i1 > -1): null

22-11-2024T02:57:30 - [TEST_STEP][PASSED] - z = z.substring(i1, z.length()): null

22-11-2024T02:57:30 - [TEST_STEP][PASSED] - i1 = z.indexOf("/"): null

22-11-2024T02:57:30 - [TEST_STEP][PASSED] - i1 = z.indexOf("/") + 1: null

22-11-2024T02:57:30 - [TEST_STEP][PASSED] - if (i1 > -1): null

22-11-2024T02:57:30 - [TEST_STEP][PASSED] - z = z.substring(i1, z.length()): null

22-11-2024T02:57:30 - [TEST_STEP][PASSED] - i1 = z.indexOf("/"): null

22-11-2024T02:57:30 - [TEST_STEP][PASSED] - i1 = z.indexOf("/") + 1: null

22-11-2024T02:57:30 - [TEST_STEP][PASSED] - if (i1 > -1): null

22-11-2024T02:57:30 - [TEST_STEP][PASSED] - z = z.substring(i1, z.length()): null

22-11-2024T02:57:30 - [TEST_STEP][PASSED] - i1 = z.indexOf("/"): null

22-11-2024T02:57:30 - [TEST_STEP][PASSED] - i1 = z.indexOf("/") + 1: null

22-11-2024T02:57:30 - [TEST_STEP][PASSED] - if (i1 > -1): null

22-11-2024T02:57:30 - [TEST_STEP][PASSED] - z = z.substring(i1, z.length()): null

22-11-2024T02:57:30 - [TEST_STEP][PASSED] - i1 = z.indexOf("/"): null

22-11-2024T02:57:30 - [TEST_STEP][PASSED] - i1 = z.indexOf("/") + 1: null

22-11-2024T02:57:30 - [TEST_STEP][PASSED] - if (i1 > -1): null

22-11-2024T02:57:30 - [TEST_STEP][PASSED] - z = z.substring(i1, z.length()): null

22-11-2024T02:57:30 - [TEST_STEP][PASSED] - i1 = z.indexOf("/"): null

22-11-2024T02:57:30 - [TEST_STEP][PASSED] - i1 = z.indexOf("/"): null

22-11-2024T02:57:30 - [TEST_STEP][PASSED] - if (i1 > -1): null

22-11-2024T02:57:30 - [TEST_STEP][PASSED] - z = z.substring(0, i1): null

22-11-2024T02:57:30 - [TEST_STEP][PASSED] - z = z.replace(",", "."): null

22-11-2024T02:57:30 - [TEST_STEP][PASSED] - println(z): null

22-11-2024T02:57:30 - [TEST_STEP][PASSED] - x = x + "/" + z: null

22-11-2024T02:57:30 - [TEST_STEP][PASSED] - x = x.replaceAll("[\r?
|
]", ""): null

22-11-2024T02:57:30 - [TEST_STEP][PASSED] - println(x): null

22-11-2024T02:57:30 - [TEST_STEP][PASSED] - return x: null

22-11-2024T02:57:30 - [TEST_STEP][PASSED] - println("urB: " + urB): null

22-11-2024T02:57:30 - [TEST_STEP][PASSED] - i = VseDZO.indexOf("Центр"): null

22-11-2024T02:57:30 - [TEST_STEP][PASSED] - if (i > -1): null

22-11-2024T02:57:30 - [TEST_STEP][PASSED] - dZONum = dZONum + 1: null

22-11-2024T02:57:30 - [TEST_STEP][PASSED] - cenB = GetAllData(path, dZONum, VseDZO, x = "Россети Центр (ГК)/"): null

22-11-2024T02:57:30 - [TEST_STEP][PASSED] - ii = <not implemented yet for class: org.codehaus.groovy.ast.expr.EmptyExpression>: null

22-11-2024T02:57:30 - [TEST_STEP][PASSED] - i1 = <not implemented yet for class: org.codehaus.groovy.ast.expr.EmptyExpression>: null

22-11-2024T02:57:30 - [TEST_STEP][PASSED] - z = <not implemented yet for class: org.codehaus.groovy.ast.expr.EmptyExpression>: null

22-11-2024T02:57:30 - [TEST_STEP][PASSED] - path2 = "Значения со страницы Выполнение бизнес-плана/Table Data/": null

22-11-2024T02:57:30 - [TEST_STEP][PASSED] - println("path: " + path): null

22-11-2024T02:57:30 - [TEST_STEP][PASSED] - println("dZONum: " + dZONum): null

22-11-2024T02:57:30 - [TEST_STEP][PASSED] - z = getText(findTestObject(path + "spanPlan" + dZONum)): Text of object 'Object Repository/Выполнение бизнес-плана/Выполнение бизнес-плана Балансы/spanPlan14' is: '9.98
|'

22-11-2024T02:57:31 - [MESSAGE][PASSED] - Text of object 'Object Repository/Выполнение бизнес-плана/Выполнение бизнес-плана Балансы/spanPlan14' is: '9.98
|'

22-11-2024T02:57:31 - [TEST_STEP][PASSED] - println(z): null

22-11-2024T02:57:31 - [TEST_STEP][PASSED] - ii = z.indexOf("|"): null

22-11-2024T02:57:31 - [TEST_STEP][PASSED] - if (ii > -1): null

22-11-2024T02:57:31 - [TEST_STEP][PASSED] - z = z.substring(0, z.length() - 1): null

22-11-2024T02:57:31 - [TEST_STEP][PASSED] - println(z): null

22-11-2024T02:57:31 - [TEST_STEP][PASSED] - z = z.replaceAll("\s+", ""): null

22-11-2024T02:57:31 - [TEST_STEP][PASSED] - z = z.replace("[\r?
|
]", "/"): null

22-11-2024T02:57:31 - [TEST_STEP][PASSED] - println(z): null

22-11-2024T02:57:31 - [TEST_STEP][PASSED] - x = x + z: null

22-11-2024T02:57:31 - [TEST_STEP][PASSED] - z = getText(findTestObject(path + "spanFact" + dZONum)): Text of object 'Object Repository/Выполнение бизнес-плана/Выполнение бизнес-плана Балансы/spanFact14' is: '9.48'

22-11-2024T02:57:31 - [MESSAGE][PASSED] - Text of object 'Object Repository/Выполнение бизнес-плана/Выполнение бизнес-плана Балансы/spanFact14' is: '9.48'

22-11-2024T02:57:31 - [TEST_STEP][PASSED] - ii = z.indexOf("|"): null

22-11-2024T02:57:31 - [TEST_STEP][PASSED] - if (ii > -1): null

22-11-2024T02:57:31 - [TEST_STEP][PASSED] - x = x + "/" + z: null

22-11-2024T02:57:31 - [TEST_STEP][PASSED] - z = getText(findTestObject(path + path2 + "Факт Отпуск в сеть за отчётный период " + dZONum)).replaceAll("\s+", ""): Text of object 'Object Repository/Выполнение бизнес-плана/Выполнение бизнес-плана Балансы/Значения со страницы Выполнение бизнес-плана/Table Data/Факт Отпуск в сеть за отчётный период 14' is: '44 371 600'

22-11-2024T02:57:31 - [MESSAGE][PASSED] - Text of object 'Object Repository/Выполнение бизнес-плана/Выполнение бизнес-плана Балансы/Значения со страницы Выполнение бизнес-плана/Table Data/Факт Отпуск в сеть за отчётный период 14' is: '44 371 600'

22-11-2024T02:57:31 - [TEST_STEP][PASSED] - x = x + "/" + z: null

22-11-2024T02:57:31 - [TEST_STEP][PASSED] - z = getText(findTestObject(path + path2 + "Факт Отпуск из сети за отчётный период " + dZONum)).replaceAll("\s+", ""): Text of object 'Object Repository/Выполнение бизнес-плана/Выполнение бизнес-плана Балансы/Значения со страницы Выполнение бизнес-плана/Table Data/Факт Отпуск из сети за отчётный период 14' is: '40 166 359'

22-11-2024T02:57:32 - [MESSAGE][PASSED] - Text of object 'Object Repository/Выполнение бизнес-плана/Выполнение бизнес-плана Балансы/Значения со страницы Выполнение бизнес-плана/Table Data/Факт Отпуск из сети за отчётный период 14' is: '40 166 359'

22-11-2024T02:57:32 - [TEST_STEP][PASSED] - x = x + "/" + z: null

22-11-2024T02:57:32 - [TEST_STEP][PASSED] - z = getText(findTestObject(path + path2 + "Факт Потери за отчётный период " + dZONum)).replaceAll("\s+", ""): Text of object 'Object Repository/Выполнение бизнес-плана/Выполнение бизнес-плана Балансы/Значения со страницы Выполнение бизнес-плана/Table Data/Факт Потери за отчётный период 14' is: '4 205 240'

22-11-2024T02:57:32 - [MESSAGE][PASSED] - Text of object 'Object Repository/Выполнение бизнес-плана/Выполнение бизнес-плана Балансы/Значения со страницы Выполнение бизнес-плана/Table Data/Факт Потери за отчётный период 14' is: '4 205 240'

22-11-2024T02:57:32 - [TEST_STEP][PASSED] - x = x + "/" + z: null

22-11-2024T02:57:32 - [TEST_STEP][PASSED] - z = getText(findTestObject(path + path2 + "План Отпуск в сеть за отчётный период " + dZONum)).replaceAll("\s+", ""): Text of object 'Object Repository/Выполнение бизнес-плана/Выполнение бизнес-плана Балансы/Значения со страницы Выполнение бизнес-плана/Table Data/План Отпуск в сеть за отчётный период 14' is: '43 055 315'

22-11-2024T02:57:32 - [MESSAGE][PASSED] - Text of object 'Object Repository/Выполнение бизнес-плана/Выполнение бизнес-плана Балансы/Значения со страницы Выполнение бизнес-плана/Table Data/План Отпуск в сеть за отчётный период 14' is: '43 055 315'

22-11-2024T02:57:32 - [TEST_STEP][PASSED] - x = x + "/" + z: null

22-11-2024T02:57:32 - [TEST_STEP][PASSED] - z = getText(findTestObject(path + path2 + "План Отпуск из сети за отчётный период " + dZONum)).replaceAll("\s+", ""): Text of object 'Object Repository/Выполнение бизнес-плана/Выполнение бизнес-плана Балансы/Значения со страницы Выполнение бизнес-плана/Table Data/План Отпуск из сети за отчётный период 14' is: '38 756 246'

22-11-2024T02:57:32 - [MESSAGE][PASSED] - Text of object 'Object Repository/Выполнение бизнес-плана/Выполнение бизнес-плана Балансы/Значения со страницы Выполнение бизнес-плана/Table Data/План Отпуск из сети за отчётный период 14' is: '38 756 246'

22-11-2024T02:57:32 - [TEST_STEP][PASSED] - x = x + "/" + z: null

22-11-2024T02:57:32 - [TEST_STEP][PASSED] - z = getText(findTestObject(path + path2 + "План Потери за отчётный период " + dZONum)).replaceAll("\s+", ""): Text of object 'Object Repository/Выполнение бизнес-плана/Выполнение бизнес-плана Балансы/Значения со страницы Выполнение бизнес-плана/Table Data/План Потери за отчётный период 14' is: '4 299 069'

22-11-2024T02:57:33 - [MESSAGE][PASSED] - Text of object 'Object Repository/Выполнение бизнес-плана/Выполнение бизнес-плана Балансы/Значения со страницы Выполнение бизнес-плана/Table Data/План Потери за отчётный период 14' is: '4 299 069'

22-11-2024T02:57:33 - [TEST_STEP][PASSED] - x = x + "/" + z: null

22-11-2024T02:57:33 - [TEST_STEP][PASSED] - z = getText(findTestObject(path + "Список ДЗО")).replaceAll("[\r?
|
]", "/"): Text of object 'Object Repository/Выполнение бизнес-плана/Выполнение бизнес-плана Балансы/Список ДЗО' is: '-0.20
-0.07
3.72
-0.35
-0.53
-0.04
-0.01
3.84
-0.35
-0.05
-0.00
0.09
-0.15
-0.51
-0.25
-0.39
-0.20
Россети ФСКЕЭС
АО«Тываэнерго»
АО«Чеченэнерго»
РоссетиВолга
РоссетиКубань
РоссетиЛенэнерго(ГК)
РоссетиМосковскийрегион
РоссетиСеверныйКавказ
РоссетиСеверо-Запад
РоссетиСибирь
РоссетиТомск
РоссетиТюмень
Россети Урал(ГК)
РоссетиЦентр (ГК)
РоссетиЦентр иПриволжье(ГК)
Россети Юг(ГК)
РоссетиЯнтарь
0
2
4
6
-2
8'

22-11-2024T02:57:33 - [MESSAGE][PASSED] - Text of object 'Object Repository/Выполнение бизнес-плана/Выполнение бизнес-плана Балансы/Список ДЗО' is: '-0.20
-0.07
3.72
-0.35
-0.53
-0.04
-0.01
3.84
-0.35
-0.05
-0.00
0.09
-0.15
-0.51
-0.25
-0.39
-0.20
Россети ФСКЕЭС
АО«Тываэнерго»
АО«Чеченэнерго»
РоссетиВолга
РоссетиКубань
РоссетиЛенэнерго(ГК)
РоссетиМосковскийрегион
РоссетиСеверныйКавказ
РоссетиСеверо-Запад
РоссетиСибирь
РоссетиТомск
РоссетиТюмень
Россети Урал(ГК)
РоссетиЦентр (ГК)
РоссетиЦентр иПриволжье(ГК)
Россети Юг(ГК)
РоссетиЯнтарь
0
2
4
6
-2
8'

22-11-2024T02:57:33 - [TEST_STEP][PASSED] - for ([ii = 1, ii < dZONum, (ii++)]): null

22-11-2024T02:57:33 - [TEST_STEP][PASSED] - i1 = z.indexOf("/") + 1: null

22-11-2024T02:57:33 - [TEST_STEP][PASSED] - if (i1 > -1): null

22-11-2024T02:57:33 - [TEST_STEP][PASSED] - z = z.substring(i1, z.length()): null

22-11-2024T02:57:33 - [TEST_STEP][PASSED] - i1 = z.indexOf("/"): null

22-11-2024T02:57:33 - [TEST_STEP][PASSED] - i1 = z.indexOf("/") + 1: null

22-11-2024T02:57:33 - [TEST_STEP][PASSED] - if (i1 > -1): null

22-11-2024T02:57:33 - [TEST_STEP][PASSED] - z = z.substring(i1, z.length()): null

22-11-2024T02:57:33 - [TEST_STEP][PASSED] - i1 = z.indexOf("/"): null

22-11-2024T02:57:33 - [TEST_STEP][PASSED] - i1 = z.indexOf("/") + 1: null

22-11-2024T02:57:33 - [TEST_STEP][PASSED] - if (i1 > -1): null

22-11-2024T02:57:33 - [TEST_STEP][PASSED] - z = z.substring(i1, z.length()): null

22-11-2024T02:57:33 - [TEST_STEP][PASSED] - i1 = z.indexOf("/"): null

22-11-2024T02:57:33 - [TEST_STEP][PASSED] - i1 = z.indexOf("/") + 1: null

22-11-2024T02:57:33 - [TEST_STEP][PASSED] - if (i1 > -1): null

22-11-2024T02:57:33 - [TEST_STEP][PASSED] - z = z.substring(i1, z.length()): null

22-11-2024T02:57:33 - [TEST_STEP][PASSED] - i1 = z.indexOf("/"): null

22-11-2024T02:57:33 - [TEST_STEP][PASSED] - i1 = z.indexOf("/") + 1: null

22-11-2024T02:57:33 - [TEST_STEP][PASSED] - if (i1 > -1): null

22-11-2024T02:57:33 - [TEST_STEP][PASSED] - z = z.substring(i1, z.length()): null

22-11-2024T02:57:33 - [TEST_STEP][PASSED] - i1 = z.indexOf("/"): null

22-11-2024T02:57:33 - [TEST_STEP][PASSED] - i1 = z.indexOf("/") + 1: null

22-11-2024T02:57:33 - [TEST_STEP][PASSED] - if (i1 > -1): null

22-11-2024T02:57:33 - [TEST_STEP][PASSED] - z = z.substring(i1, z.length()): null

22-11-2024T02:57:33 - [TEST_STEP][PASSED] - i1 = z.indexOf("/"): null

22-11-2024T02:57:33 - [TEST_STEP][PASSED] - i1 = z.indexOf("/") + 1: null

22-11-2024T02:57:33 - [TEST_STEP][PASSED] - if (i1 > -1): null

22-11-2024T02:57:33 - [TEST_STEP][PASSED] - z = z.substring(i1, z.length()): null

22-11-2024T02:57:33 - [TEST_STEP][PASSED] - i1 = z.indexOf("/"): null

22-11-2024T02:57:33 - [TEST_STEP][PASSED] - i1 = z.indexOf("/") + 1: null

22-11-2024T02:57:33 - [TEST_STEP][PASSED] - if (i1 > -1): null

22-11-2024T02:57:33 - [TEST_STEP][PASSED] - z = z.substring(i1, z.length()): null

22-11-2024T02:57:33 - [TEST_STEP][PASSED] - i1 = z.indexOf("/"): null

22-11-2024T02:57:33 - [TEST_STEP][PASSED] - i1 = z.indexOf("/") + 1: null

22-11-2024T02:57:33 - [TEST_STEP][PASSED] - if (i1 > -1): null

22-11-2024T02:57:33 - [TEST_STEP][PASSED] - z = z.substring(i1, z.length()): null

22-11-2024T02:57:33 - [TEST_STEP][PASSED] - i1 = z.indexOf("/"): null

22-11-2024T02:57:33 - [TEST_STEP][PASSED] - i1 = z.indexOf("/") + 1: null

22-11-2024T02:57:33 - [TEST_STEP][PASSED] - if (i1 > -1): null

22-11-2024T02:57:33 - [TEST_STEP][PASSED] - z = z.substring(i1, z.length()): null

22-11-2024T02:57:33 - [TEST_STEP][PASSED] - i1 = z.indexOf("/"): null

22-11-2024T02:57:33 - [TEST_STEP][PASSED] - i1 = z.indexOf("/") + 1: null

22-11-2024T02:57:33 - [TEST_STEP][PASSED] - if (i1 > -1): null

22-11-2024T02:57:33 - [TEST_STEP][PASSED] - z = z.substring(i1, z.length()): null

22-11-2024T02:57:33 - [TEST_STEP][PASSED] - i1 = z.indexOf("/"): null

22-11-2024T02:57:33 - [TEST_STEP][PASSED] - i1 = z.indexOf("/") + 1: null

22-11-2024T02:57:33 - [TEST_STEP][PASSED] - if (i1 > -1): null

22-11-2024T02:57:33 - [TEST_STEP][PASSED] - z = z.substring(i1, z.length()): null

22-11-2024T02:57:33 - [TEST_STEP][PASSED] - i1 = z.indexOf("/"): null

22-11-2024T02:57:33 - [TEST_STEP][PASSED] - i1 = z.indexOf("/") + 1: null

22-11-2024T02:57:33 - [TEST_STEP][PASSED] - if (i1 > -1): null

22-11-2024T02:57:33 - [TEST_STEP][PASSED] - z = z.substring(i1, z.length()): null

22-11-2024T02:57:33 - [TEST_STEP][PASSED] - i1 = z.indexOf("/"): null

22-11-2024T02:57:33 - [TEST_STEP][PASSED] - i1 = z.indexOf("/"): null

22-11-2024T02:57:33 - [TEST_STEP][PASSED] - if (i1 > -1): null

22-11-2024T02:57:33 - [TEST_STEP][PASSED] - z = z.substring(0, i1): null

22-11-2024T02:57:33 - [TEST_STEP][PASSED] - z = z.replace(",", "."): null

22-11-2024T02:57:33 - [TEST_STEP][PASSED] - println(z): null

22-11-2024T02:57:33 - [TEST_STEP][PASSED] - x = x + "/" + z: null

22-11-2024T02:57:33 - [TEST_STEP][PASSED] - x = x.replaceAll("[\r?
|
]", ""): null

22-11-2024T02:57:33 - [TEST_STEP][PASSED] - println(x): null

22-11-2024T02:57:33 - [TEST_STEP][PASSED] - return x: null

22-11-2024T02:57:33 - [TEST_STEP][PASSED] - println("cenB: " + cenB): null

22-11-2024T02:57:33 - [TEST_STEP][PASSED] - i = VseDZO.indexOf("Приволжье"): null

22-11-2024T02:57:33 - [TEST_STEP][PASSED] - if (i > -1): null

22-11-2024T02:57:33 - [TEST_STEP][PASSED] - dZONum = dZONum + 1: null

22-11-2024T02:57:33 - [TEST_STEP][PASSED] - cIPB = GetAllData(path, dZONum, VseDZO, x = "Россети Центр и Приволжье (ГК)/"): null

22-11-2024T02:57:33 - [TEST_STEP][PASSED] - ii = <not implemented yet for class: org.codehaus.groovy.ast.expr.EmptyExpression>: null

22-11-2024T02:57:33 - [TEST_STEP][PASSED] - i1 = <not implemented yet for class: org.codehaus.groovy.ast.expr.EmptyExpression>: null

22-11-2024T02:57:33 - [TEST_STEP][PASSED] - z = <not implemented yet for class: org.codehaus.groovy.ast.expr.EmptyExpression>: null

22-11-2024T02:57:33 - [TEST_STEP][PASSED] - path2 = "Значения со страницы Выполнение бизнес-плана/Table Data/": null

22-11-2024T02:57:33 - [TEST_STEP][PASSED] - println("path: " + path): null

22-11-2024T02:57:33 - [TEST_STEP][PASSED] - println("dZONum: " + dZONum): null

22-11-2024T02:57:33 - [TEST_STEP][PASSED] - z = getText(findTestObject(path + "spanPlan" + dZONum)): Text of object 'Object Repository/Выполнение бизнес-плана/Выполнение бизнес-плана Балансы/spanPlan15' is: '6.88
|'

22-11-2024T02:57:33 - [MESSAGE][PASSED] - Text of object 'Object Repository/Выполнение бизнес-плана/Выполнение бизнес-плана Балансы/spanPlan15' is: '6.88
|'

22-11-2024T02:57:33 - [TEST_STEP][PASSED] - println(z): null

22-11-2024T02:57:33 - [TEST_STEP][PASSED] - ii = z.indexOf("|"): null

22-11-2024T02:57:33 - [TEST_STEP][PASSED] - if (ii > -1): null

22-11-2024T02:57:33 - [TEST_STEP][PASSED] - z = z.substring(0, z.length() - 1): null

22-11-2024T02:57:33 - [TEST_STEP][PASSED] - println(z): null

22-11-2024T02:57:33 - [TEST_STEP][PASSED] - z = z.replaceAll("\s+", ""): null

22-11-2024T02:57:33 - [TEST_STEP][PASSED] - z = z.replace("[\r?
|
]", "/"): null

22-11-2024T02:57:33 - [TEST_STEP][PASSED] - println(z): null

22-11-2024T02:57:33 - [TEST_STEP][PASSED] - x = x + z: null

22-11-2024T02:57:33 - [TEST_STEP][PASSED] - z = getText(findTestObject(path + "spanFact" + dZONum)): Text of object 'Object Repository/Выполнение бизнес-плана/Выполнение бизнес-плана Балансы/spanFact15' is: '6.63'

22-11-2024T02:57:34 - [MESSAGE][PASSED] - Text of object 'Object Repository/Выполнение бизнес-плана/Выполнение бизнес-плана Балансы/spanFact15' is: '6.63'

22-11-2024T02:57:34 - [TEST_STEP][PASSED] - ii = z.indexOf("|"): null

22-11-2024T02:57:34 - [TEST_STEP][PASSED] - if (ii > -1): null

22-11-2024T02:57:34 - [TEST_STEP][PASSED] - x = x + "/" + z: null

22-11-2024T02:57:34 - [TEST_STEP][PASSED] - z = getText(findTestObject(path + path2 + "Факт Отпуск в сеть за отчётный период " + dZONum)).replaceAll("\s+", ""): Text of object 'Object Repository/Выполнение бизнес-плана/Выполнение бизнес-плана Балансы/Значения со страницы Выполнение бизнес-плана/Table Data/Факт Отпуск в сеть за отчётный период 15' is: '40 894 236'

22-11-2024T02:57:34 - [MESSAGE][PASSED] - Text of object 'Object Repository/Выполнение бизнес-плана/Выполнение бизнес-плана Балансы/Значения со страницы Выполнение бизнес-плана/Table Data/Факт Отпуск в сеть за отчётный период 15' is: '40 894 236'

22-11-2024T02:57:34 - [TEST_STEP][PASSED] - x = x + "/" + z: null

22-11-2024T02:57:34 - [TEST_STEP][PASSED] - z = getText(findTestObject(path + path2 + "Факт Отпуск из сети за отчётный период " + dZONum)).replaceAll("\s+", ""): Text of object 'Object Repository/Выполнение бизнес-плана/Выполнение бизнес-плана Балансы/Значения со страницы Выполнение бизнес-плана/Table Data/Факт Отпуск из сети за отчётный период 15' is: '38 182 923'

22-11-2024T02:57:34 - [MESSAGE][PASSED] - Text of object 'Object Repository/Выполнение бизнес-плана/Выполнение бизнес-плана Балансы/Значения со страницы Выполнение бизнес-плана/Table Data/Факт Отпуск из сети за отчётный период 15' is: '38 182 923'

22-11-2024T02:57:34 - [TEST_STEP][PASSED] - x = x + "/" + z: null

22-11-2024T02:57:34 - [TEST_STEP][PASSED] - z = getText(findTestObject(path + path2 + "Факт Потери за отчётный период " + dZONum)).replaceAll("\s+", ""): Text of object 'Object Repository/Выполнение бизнес-плана/Выполнение бизнес-плана Балансы/Значения со страницы Выполнение бизнес-плана/Table Data/Факт Потери за отчётный период 15' is: '2 711 313'

22-11-2024T02:57:35 - [MESSAGE][PASSED] - Text of object 'Object Repository/Выполнение бизнес-плана/Выполнение бизнес-плана Балансы/Значения со страницы Выполнение бизнес-плана/Table Data/Факт Потери за отчётный период 15' is: '2 711 313'

22-11-2024T02:57:35 - [TEST_STEP][PASSED] - x = x + "/" + z: null

22-11-2024T02:57:35 - [TEST_STEP][PASSED] - z = getText(findTestObject(path + path2 + "План Отпуск в сеть за отчётный период " + dZONum)).replaceAll("\s+", ""): Text of object 'Object Repository/Выполнение бизнес-плана/Выполнение бизнес-плана Балансы/Значения со страницы Выполнение бизнес-плана/Table Data/План Отпуск в сеть за отчётный период 15' is: '39 451 497'

22-11-2024T02:57:35 - [MESSAGE][PASSED] - Text of object 'Object Repository/Выполнение бизнес-плана/Выполнение бизнес-плана Балансы/Значения со страницы Выполнение бизнес-плана/Table Data/План Отпуск в сеть за отчётный период 15' is: '39 451 497'

22-11-2024T02:57:35 - [TEST_STEP][PASSED] - x = x + "/" + z: null

22-11-2024T02:57:35 - [TEST_STEP][PASSED] - z = getText(findTestObject(path + path2 + "План Отпуск из сети за отчётный период " + dZONum)).replaceAll("\s+", ""): Text of object 'Object Repository/Выполнение бизнес-плана/Выполнение бизнес-плана Балансы/Значения со страницы Выполнение бизнес-плана/Table Data/План Отпуск из сети за отчётный период 15' is: '36 738 034'

22-11-2024T02:57:35 - [MESSAGE][PASSED] - Text of object 'Object Repository/Выполнение бизнес-плана/Выполнение бизнес-плана Балансы/Значения со страницы Выполнение бизнес-плана/Table Data/План Отпуск из сети за отчётный период 15' is: '36 738 034'

22-11-2024T02:57:35 - [TEST_STEP][PASSED] - x = x + "/" + z: null

22-11-2024T02:57:35 - [TEST_STEP][PASSED] - z = getText(findTestObject(path + path2 + "План Потери за отчётный период " + dZONum)).replaceAll("\s+", ""): Text of object 'Object Repository/Выполнение бизнес-плана/Выполнение бизнес-плана Балансы/Значения со страницы Выполнение бизнес-плана/Table Data/План Потери за отчётный период 15' is: '2 713 463'

22-11-2024T02:57:35 - [MESSAGE][PASSED] - Text of object 'Object Repository/Выполнение бизнес-плана/Выполнение бизнес-плана Балансы/Значения со страницы Выполнение бизнес-плана/Table Data/План Потери за отчётный период 15' is: '2 713 463'

22-11-2024T02:57:35 - [TEST_STEP][PASSED] - x = x + "/" + z: null

22-11-2024T02:57:35 - [TEST_STEP][PASSED] - z = getText(findTestObject(path + "Список ДЗО")).replaceAll("[\r?
|
]", "/"): Text of object 'Object Repository/Выполнение бизнес-плана/Выполнение бизнес-плана Балансы/Список ДЗО' is: '-0.20
-0.07
3.72
-0.35
-0.53
-0.04
-0.01
3.84
-0.35
-0.05
-0.00
0.09
-0.15
-0.51
-0.25
-0.39
-0.20
Россети ФСКЕЭС
АО«Тываэнерго»
АО«Чеченэнерго»
РоссетиВолга
РоссетиКубань
РоссетиЛенэнерго(ГК)
РоссетиМосковскийрегион
РоссетиСеверныйКавказ
РоссетиСеверо-Запад
РоссетиСибирь
РоссетиТомск
РоссетиТюмень
Россети Урал(ГК)
РоссетиЦентр (ГК)
РоссетиЦентр иПриволжье(ГК)
Россети Юг(ГК)
РоссетиЯнтарь
0
2
4
6
-2
8'

22-11-2024T02:57:36 - [MESSAGE][PASSED] - Text of object 'Object Repository/Выполнение бизнес-плана/Выполнение бизнес-плана Балансы/Список ДЗО' is: '-0.20
-0.07
3.72
-0.35
-0.53
-0.04
-0.01
3.84
-0.35
-0.05
-0.00
0.09
-0.15
-0.51
-0.25
-0.39
-0.20
Россети ФСКЕЭС
АО«Тываэнерго»
АО«Чеченэнерго»
РоссетиВолга
РоссетиКубань
РоссетиЛенэнерго(ГК)
РоссетиМосковскийрегион
РоссетиСеверныйКавказ
РоссетиСеверо-Запад
РоссетиСибирь
РоссетиТомск
РоссетиТюмень
Россети Урал(ГК)
РоссетиЦентр (ГК)
РоссетиЦентр иПриволжье(ГК)
Россети Юг(ГК)
РоссетиЯнтарь
0
2
4
6
-2
8'

22-11-2024T02:57:36 - [TEST_STEP][PASSED] - for ([ii = 1, ii < dZONum, (ii++)]): null

22-11-2024T02:57:36 - [TEST_STEP][PASSED] - i1 = z.indexOf("/") + 1: null

22-11-2024T02:57:36 - [TEST_STEP][PASSED] - if (i1 > -1): null

22-11-2024T02:57:36 - [TEST_STEP][PASSED] - z = z.substring(i1, z.length()): null

22-11-2024T02:57:36 - [TEST_STEP][PASSED] - i1 = z.indexOf("/"): null

22-11-2024T02:57:36 - [TEST_STEP][PASSED] - i1 = z.indexOf("/") + 1: null

22-11-2024T02:57:36 - [TEST_STEP][PASSED] - if (i1 > -1): null

22-11-2024T02:57:36 - [TEST_STEP][PASSED] - z = z.substring(i1, z.length()): null

22-11-2024T02:57:36 - [TEST_STEP][PASSED] - i1 = z.indexOf("/"): null

22-11-2024T02:57:36 - [TEST_STEP][PASSED] - i1 = z.indexOf("/") + 1: null

22-11-2024T02:57:36 - [TEST_STEP][PASSED] - if (i1 > -1): null

22-11-2024T02:57:36 - [TEST_STEP][PASSED] - z = z.substring(i1, z.length()): null

22-11-2024T02:57:36 - [TEST_STEP][PASSED] - i1 = z.indexOf("/"): null

22-11-2024T02:57:36 - [TEST_STEP][PASSED] - i1 = z.indexOf("/") + 1: null

22-11-2024T02:57:36 - [TEST_STEP][PASSED] - if (i1 > -1): null

22-11-2024T02:57:36 - [TEST_STEP][PASSED] - z = z.substring(i1, z.length()): null

22-11-2024T02:57:36 - [TEST_STEP][PASSED] - i1 = z.indexOf("/"): null

22-11-2024T02:57:36 - [TEST_STEP][PASSED] - i1 = z.indexOf("/") + 1: null

22-11-2024T02:57:36 - [TEST_STEP][PASSED] - if (i1 > -1): null

22-11-2024T02:57:36 - [TEST_STEP][PASSED] - z = z.substring(i1, z.length()): null

22-11-2024T02:57:36 - [TEST_STEP][PASSED] - i1 = z.indexOf("/"): null

22-11-2024T02:57:36 - [TEST_STEP][PASSED] - i1 = z.indexOf("/") + 1: null

22-11-2024T02:57:36 - [TEST_STEP][PASSED] - if (i1 > -1): null

22-11-2024T02:57:36 - [TEST_STEP][PASSED] - z = z.substring(i1, z.length()): null

22-11-2024T02:57:36 - [TEST_STEP][PASSED] - i1 = z.indexOf("/"): null

22-11-2024T02:57:36 - [TEST_STEP][PASSED] - i1 = z.indexOf("/") + 1: null

22-11-2024T02:57:36 - [TEST_STEP][PASSED] - if (i1 > -1): null

22-11-2024T02:57:36 - [TEST_STEP][PASSED] - z = z.substring(i1, z.length()): null

22-11-2024T02:57:36 - [TEST_STEP][PASSED] - i1 = z.indexOf("/"): null

22-11-2024T02:57:36 - [TEST_STEP][PASSED] - i1 = z.indexOf("/") + 1: null

22-11-2024T02:57:36 - [TEST_STEP][PASSED] - if (i1 > -1): null

22-11-2024T02:57:36 - [TEST_STEP][PASSED] - z = z.substring(i1, z.length()): null

22-11-2024T02:57:36 - [TEST_STEP][PASSED] - i1 = z.indexOf("/"): null

22-11-2024T02:57:36 - [TEST_STEP][PASSED] - i1 = z.indexOf("/") + 1: null

22-11-2024T02:57:36 - [TEST_STEP][PASSED] - if (i1 > -1): null

22-11-2024T02:57:36 - [TEST_STEP][PASSED] - z = z.substring(i1, z.length()): null

22-11-2024T02:57:36 - [TEST_STEP][PASSED] - i1 = z.indexOf("/"): null

22-11-2024T02:57:36 - [TEST_STEP][PASSED] - i1 = z.indexOf("/") + 1: null

22-11-2024T02:57:36 - [TEST_STEP][PASSED] - if (i1 > -1): null

22-11-2024T02:57:36 - [TEST_STEP][PASSED] - z = z.substring(i1, z.length()): null

22-11-2024T02:57:36 - [TEST_STEP][PASSED] - i1 = z.indexOf("/"): null

22-11-2024T02:57:36 - [TEST_STEP][PASSED] - i1 = z.indexOf("/") + 1: null

22-11-2024T02:57:36 - [TEST_STEP][PASSED] - if (i1 > -1): null

22-11-2024T02:57:36 - [TEST_STEP][PASSED] - z = z.substring(i1, z.length()): null

22-11-2024T02:57:36 - [TEST_STEP][PASSED] - i1 = z.indexOf("/"): null

22-11-2024T02:57:36 - [TEST_STEP][PASSED] - i1 = z.indexOf("/") + 1: null

22-11-2024T02:57:36 - [TEST_STEP][PASSED] - if (i1 > -1): null

22-11-2024T02:57:36 - [TEST_STEP][PASSED] - z = z.substring(i1, z.length()): null

22-11-2024T02:57:36 - [TEST_STEP][PASSED] - i1 = z.indexOf("/"): null

22-11-2024T02:57:36 - [TEST_STEP][PASSED] - i1 = z.indexOf("/") + 1: null

22-11-2024T02:57:36 - [TEST_STEP][PASSED] - if (i1 > -1): null

22-11-2024T02:57:36 - [TEST_STEP][PASSED] - z = z.substring(i1, z.length()): null

22-11-2024T02:57:36 - [TEST_STEP][PASSED] - i1 = z.indexOf("/"): null

22-11-2024T02:57:36 - [TEST_STEP][PASSED] - i1 = z.indexOf("/") + 1: null

22-11-2024T02:57:36 - [TEST_STEP][PASSED] - if (i1 > -1): null

22-11-2024T02:57:36 - [TEST_STEP][PASSED] - z = z.substring(i1, z.length()): null

22-11-2024T02:57:36 - [TEST_STEP][PASSED] - i1 = z.indexOf("/"): null

22-11-2024T02:57:36 - [TEST_STEP][PASSED] - i1 = z.indexOf("/"): null

22-11-2024T02:57:36 - [TEST_STEP][PASSED] - if (i1 > -1): null

22-11-2024T02:57:36 - [TEST_STEP][PASSED] - z = z.substring(0, i1): null

22-11-2024T02:57:36 - [TEST_STEP][PASSED] - z = z.replace(",", "."): null

22-11-2024T02:57:36 - [TEST_STEP][PASSED] - println(z): null

22-11-2024T02:57:36 - [TEST_STEP][PASSED] - x = x + "/" + z: null

22-11-2024T02:57:36 - [TEST_STEP][PASSED] - x = x.replaceAll("[\r?
|
]", ""): null

22-11-2024T02:57:36 - [TEST_STEP][PASSED] - println(x): null

22-11-2024T02:57:36 - [TEST_STEP][PASSED] - return x: null

22-11-2024T02:57:36 - [TEST_STEP][PASSED] - println("cIPB: " + cIPB): null

22-11-2024T02:57:36 - [TEST_STEP][PASSED] - i = VseDZO.indexOf("Юг"): null

22-11-2024T02:57:36 - [TEST_STEP][PASSED] - if (i > -1): null

22-11-2024T02:57:36 - [TEST_STEP][PASSED] - dZONum = dZONum + 1: null

22-11-2024T02:57:36 - [TEST_STEP][PASSED] - ugB = GetAllData(path, dZONum, VseDZO, x = "Россети Юг (ГК)/"): null

22-11-2024T02:57:36 - [TEST_STEP][PASSED] - ii = <not implemented yet for class: org.codehaus.groovy.ast.expr.EmptyExpression>: null

22-11-2024T02:57:36 - [TEST_STEP][PASSED] - i1 = <not implemented yet for class: org.codehaus.groovy.ast.expr.EmptyExpression>: null

22-11-2024T02:57:36 - [TEST_STEP][PASSED] - z = <not implemented yet for class: org.codehaus.groovy.ast.expr.EmptyExpression>: null

22-11-2024T02:57:36 - [TEST_STEP][PASSED] - path2 = "Значения со страницы Выполнение бизнес-плана/Table Data/": null

22-11-2024T02:57:36 - [TEST_STEP][PASSED] - println("path: " + path): null

22-11-2024T02:57:36 - [TEST_STEP][PASSED] - println("dZONum: " + dZONum): null

22-11-2024T02:57:36 - [TEST_STEP][PASSED] - z = getText(findTestObject(path + "spanPlan" + dZONum)): Text of object 'Object Repository/Выполнение бизнес-плана/Выполнение бизнес-плана Балансы/spanPlan16' is: '9.28
|'

22-11-2024T02:57:36 - [MESSAGE][PASSED] - Text of object 'Object Repository/Выполнение бизнес-плана/Выполнение бизнес-плана Балансы/spanPlan16' is: '9.28
|'

22-11-2024T02:57:36 - [TEST_STEP][PASSED] - println(z): null

22-11-2024T02:57:36 - [TEST_STEP][PASSED] - ii = z.indexOf("|"): null

22-11-2024T02:57:36 - [TEST_STEP][PASSED] - if (ii > -1): null

22-11-2024T02:57:36 - [TEST_STEP][PASSED] - z = z.substring(0, z.length() - 1): null

22-11-2024T02:57:36 - [TEST_STEP][PASSED] - println(z): null

22-11-2024T02:57:36 - [TEST_STEP][PASSED] - z = z.replaceAll("\s+", ""): null

22-11-2024T02:57:36 - [TEST_STEP][PASSED] - z = z.replace("[\r?
|
]", "/"): null

22-11-2024T02:57:36 - [TEST_STEP][PASSED] - println(z): null

22-11-2024T02:57:36 - [TEST_STEP][PASSED] - x = x + z: null

22-11-2024T02:57:36 - [TEST_STEP][PASSED] - z = getText(findTestObject(path + "spanFact" + dZONum)): Text of object 'Object Repository/Выполнение бизнес-плана/Выполнение бизнес-плана Балансы/spanFact16' is: '8.88'

22-11-2024T02:57:36 - [MESSAGE][PASSED] - Text of object 'Object Repository/Выполнение бизнес-плана/Выполнение бизнес-плана Балансы/spanFact16' is: '8.88'

22-11-2024T02:57:36 - [TEST_STEP][PASSED] - ii = z.indexOf("|"): null

22-11-2024T02:57:36 - [TEST_STEP][PASSED] - if (ii > -1): null

22-11-2024T02:57:36 - [TEST_STEP][PASSED] - x = x + "/" + z: null

22-11-2024T02:57:36 - [TEST_STEP][PASSED] - z = getText(findTestObject(path + path2 + "Факт Отпуск в сеть за отчётный период " + dZONum)).replaceAll("\s+", ""): Text of object 'Object Repository/Выполнение бизнес-плана/Выполнение бизнес-плана Балансы/Значения со страницы Выполнение бизнес-плана/Table Data/Факт Отпуск в сеть за отчётный период 16' is: '20 309 528'

22-11-2024T02:57:37 - [MESSAGE][PASSED] - Text of object 'Object Repository/Выполнение бизнес-плана/Выполнение бизнес-плана Балансы/Значения со страницы Выполнение бизнес-плана/Table Data/Факт Отпуск в сеть за отчётный период 16' is: '20 309 528'

22-11-2024T02:57:37 - [TEST_STEP][PASSED] - x = x + "/" + z: null

22-11-2024T02:57:37 - [TEST_STEP][PASSED] - z = getText(findTestObject(path + path2 + "Факт Отпуск из сети за отчётный период " + dZONum)).replaceAll("\s+", ""): Text of object 'Object Repository/Выполнение бизнес-плана/Выполнение бизнес-плана Балансы/Значения со страницы Выполнение бизнес-плана/Table Data/Факт Отпуск из сети за отчётный период 16' is: '18 505 161'

22-11-2024T02:57:37 - [MESSAGE][PASSED] - Text of object 'Object Repository/Выполнение бизнес-плана/Выполнение бизнес-плана Балансы/Значения со страницы Выполнение бизнес-плана/Table Data/Факт Отпуск из сети за отчётный период 16' is: '18 505 161'

22-11-2024T02:57:37 - [TEST_STEP][PASSED] - x = x + "/" + z: null

22-11-2024T02:57:37 - [TEST_STEP][PASSED] - z = getText(findTestObject(path + path2 + "Факт Потери за отчётный период " + dZONum)).replaceAll("\s+", ""): Text of object 'Object Repository/Выполнение бизнес-плана/Выполнение бизнес-плана Балансы/Значения со страницы Выполнение бизнес-плана/Table Data/Факт Потери за отчётный период 16' is: '1 804 367'

22-11-2024T02:57:37 - [MESSAGE][PASSED] - Text of object 'Object Repository/Выполнение бизнес-плана/Выполнение бизнес-плана Балансы/Значения со страницы Выполнение бизнес-плана/Table Data/Факт Потери за отчётный период 16' is: '1 804 367'

22-11-2024T02:57:37 - [TEST_STEP][PASSED] - x = x + "/" + z: null

22-11-2024T02:57:37 - [TEST_STEP][PASSED] - z = getText(findTestObject(path + path2 + "План Отпуск в сеть за отчётный период " + dZONum)).replaceAll("\s+", ""): Text of object 'Object Repository/Выполнение бизнес-плана/Выполнение бизнес-плана Балансы/Значения со страницы Выполнение бизнес-плана/Table Data/План Отпуск в сеть за отчётный период 16' is: '19 634 178'

22-11-2024T02:57:38 - [MESSAGE][PASSED] - Text of object 'Object Repository/Выполнение бизнес-плана/Выполнение бизнес-плана Балансы/Значения со страницы Выполнение бизнес-плана/Table Data/План Отпуск в сеть за отчётный период 16' is: '19 634 178'

22-11-2024T02:57:38 - [TEST_STEP][PASSED] - x = x + "/" + z: null

22-11-2024T02:57:38 - [TEST_STEP][PASSED] - z = getText(findTestObject(path + path2 + "План Отпуск из сети за отчётный период " + dZONum)).replaceAll("\s+", ""): Text of object 'Object Repository/Выполнение бизнес-плана/Выполнение бизнес-плана Балансы/Значения со страницы Выполнение бизнес-плана/Table Data/План Отпуск из сети за отчётный период 16' is: '17 812 520'

22-11-2024T02:57:38 - [MESSAGE][PASSED] - Text of object 'Object Repository/Выполнение бизнес-плана/Выполнение бизнес-плана Балансы/Значения со страницы Выполнение бизнес-плана/Table Data/План Отпуск из сети за отчётный период 16' is: '17 812 520'

22-11-2024T02:57:38 - [TEST_STEP][PASSED] - x = x + "/" + z: null

22-11-2024T02:57:38 - [TEST_STEP][PASSED] - z = getText(findTestObject(path + path2 + "План Потери за отчётный период " + dZONum)).replaceAll("\s+", ""): Text of object 'Object Repository/Выполнение бизнес-плана/Выполнение бизнес-плана Балансы/Значения со страницы Выполнение бизнес-плана/Table Data/План Потери за отчётный период 16' is: '1 821 658'

22-11-2024T02:57:38 - [MESSAGE][PASSED] - Text of object 'Object Repository/Выполнение бизнес-плана/Выполнение бизнес-плана Балансы/Значения со страницы Выполнение бизнес-плана/Table Data/План Потери за отчётный период 16' is: '1 821 658'

22-11-2024T02:57:38 - [TEST_STEP][PASSED] - x = x + "/" + z: null

22-11-2024T02:57:38 - [TEST_STEP][PASSED] - z = getText(findTestObject(path + "Список ДЗО")).replaceAll("[\r?
|
]", "/"): Text of object 'Object Repository/Выполнение бизнес-плана/Выполнение бизнес-плана Балансы/Список ДЗО' is: '-0.20
-0.07
3.72
-0.35
-0.53
-0.04
-0.01
3.84
-0.35
-0.05
-0.00
0.09
-0.15
-0.51
-0.25
-0.39
-0.20
Россети ФСКЕЭС
АО«Тываэнерго»
АО«Чеченэнерго»
РоссетиВолга
РоссетиКубань
РоссетиЛенэнерго(ГК)
РоссетиМосковскийрегион
РоссетиСеверныйКавказ
РоссетиСеверо-Запад
РоссетиСибирь
РоссетиТомск
РоссетиТюмень
Россети Урал(ГК)
РоссетиЦентр (ГК)
РоссетиЦентр иПриволжье(ГК)
Россети Юг(ГК)
РоссетиЯнтарь
0
2
4
6
-2
8'

22-11-2024T02:57:39 - [MESSAGE][PASSED] - Text of object 'Object Repository/Выполнение бизнес-плана/Выполнение бизнес-плана Балансы/Список ДЗО' is: '-0.20
-0.07
3.72
-0.35
-0.53
-0.04
-0.01
3.84
-0.35
-0.05
-0.00
0.09
-0.15
-0.51
-0.25
-0.39
-0.20
Россети ФСКЕЭС
АО«Тываэнерго»
АО«Чеченэнерго»
РоссетиВолга
РоссетиКубань
РоссетиЛенэнерго(ГК)
РоссетиМосковскийрегион
РоссетиСеверныйКавказ
РоссетиСеверо-Запад
РоссетиСибирь
РоссетиТомск
РоссетиТюмень
Россети Урал(ГК)
РоссетиЦентр (ГК)
РоссетиЦентр иПриволжье(ГК)
Россети Юг(ГК)
РоссетиЯнтарь
0
2
4
6
-2
8'

22-11-2024T02:57:39 - [TEST_STEP][PASSED] - for ([ii = 1, ii < dZONum, (ii++)]): null

22-11-2024T02:57:39 - [TEST_STEP][PASSED] - i1 = z.indexOf("/") + 1: null

22-11-2024T02:57:39 - [TEST_STEP][PASSED] - if (i1 > -1): null

22-11-2024T02:57:39 - [TEST_STEP][PASSED] - z = z.substring(i1, z.length()): null

22-11-2024T02:57:39 - [TEST_STEP][PASSED] - i1 = z.indexOf("/"): null

22-11-2024T02:57:39 - [TEST_STEP][PASSED] - i1 = z.indexOf("/") + 1: null

22-11-2024T02:57:39 - [TEST_STEP][PASSED] - if (i1 > -1): null

22-11-2024T02:57:39 - [TEST_STEP][PASSED] - z = z.substring(i1, z.length()): null

22-11-2024T02:57:39 - [TEST_STEP][PASSED] - i1 = z.indexOf("/"): null

22-11-2024T02:57:39 - [TEST_STEP][PASSED] - i1 = z.indexOf("/") + 1: null

22-11-2024T02:57:39 - [TEST_STEP][PASSED] - if (i1 > -1): null

22-11-2024T02:57:39 - [TEST_STEP][PASSED] - z = z.substring(i1, z.length()): null

22-11-2024T02:57:39 - [TEST_STEP][PASSED] - i1 = z.indexOf("/"): null

22-11-2024T02:57:39 - [TEST_STEP][PASSED] - i1 = z.indexOf("/") + 1: null

22-11-2024T02:57:39 - [TEST_STEP][PASSED] - if (i1 > -1): null

22-11-2024T02:57:39 - [TEST_STEP][PASSED] - z = z.substring(i1, z.length()): null

22-11-2024T02:57:39 - [TEST_STEP][PASSED] - i1 = z.indexOf("/"): null

22-11-2024T02:57:39 - [TEST_STEP][PASSED] - i1 = z.indexOf("/") + 1: null

22-11-2024T02:57:39 - [TEST_STEP][PASSED] - if (i1 > -1): null

22-11-2024T02:57:39 - [TEST_STEP][PASSED] - z = z.substring(i1, z.length()): null

22-11-2024T02:57:39 - [TEST_STEP][PASSED] - i1 = z.indexOf("/"): null

22-11-2024T02:57:39 - [TEST_STEP][PASSED] - i1 = z.indexOf("/") + 1: null

22-11-2024T02:57:39 - [TEST_STEP][PASSED] - if (i1 > -1): null

22-11-2024T02:57:39 - [TEST_STEP][PASSED] - z = z.substring(i1, z.length()): null

22-11-2024T02:57:39 - [TEST_STEP][PASSED] - i1 = z.indexOf("/"): null

22-11-2024T02:57:39 - [TEST_STEP][PASSED] - i1 = z.indexOf("/") + 1: null

22-11-2024T02:57:39 - [TEST_STEP][PASSED] - if (i1 > -1): null

22-11-2024T02:57:39 - [TEST_STEP][PASSED] - z = z.substring(i1, z.length()): null

22-11-2024T02:57:39 - [TEST_STEP][PASSED] - i1 = z.indexOf("/"): null

22-11-2024T02:57:39 - [TEST_STEP][PASSED] - i1 = z.indexOf("/") + 1: null

22-11-2024T02:57:39 - [TEST_STEP][PASSED] - if (i1 > -1): null

22-11-2024T02:57:39 - [TEST_STEP][PASSED] - z = z.substring(i1, z.length()): null

22-11-2024T02:57:39 - [TEST_STEP][PASSED] - i1 = z.indexOf("/"): null

22-11-2024T02:57:39 - [TEST_STEP][PASSED] - i1 = z.indexOf("/") + 1: null

22-11-2024T02:57:39 - [TEST_STEP][PASSED] - if (i1 > -1): null

22-11-2024T02:57:39 - [TEST_STEP][PASSED] - z = z.substring(i1, z.length()): null

22-11-2024T02:57:39 - [TEST_STEP][PASSED] - i1 = z.indexOf("/"): null

22-11-2024T02:57:39 - [TEST_STEP][PASSED] - i1 = z.indexOf("/") + 1: null

22-11-2024T02:57:39 - [TEST_STEP][PASSED] - if (i1 > -1): null

22-11-2024T02:57:39 - [TEST_STEP][PASSED] - z = z.substring(i1, z.length()): null

22-11-2024T02:57:39 - [TEST_STEP][PASSED] - i1 = z.indexOf("/"): null

22-11-2024T02:57:39 - [TEST_STEP][PASSED] - i1 = z.indexOf("/") + 1: null

22-11-2024T02:57:39 - [TEST_STEP][PASSED] - if (i1 > -1): null

22-11-2024T02:57:39 - [TEST_STEP][PASSED] - z = z.substring(i1, z.length()): null

22-11-2024T02:57:39 - [TEST_STEP][PASSED] - i1 = z.indexOf("/"): null

22-11-2024T02:57:39 - [TEST_STEP][PASSED] - i1 = z.indexOf("/") + 1: null

22-11-2024T02:57:39 - [TEST_STEP][PASSED] - if (i1 > -1): null

22-11-2024T02:57:39 - [TEST_STEP][PASSED] - z = z.substring(i1, z.length()): null

22-11-2024T02:57:39 - [TEST_STEP][PASSED] - i1 = z.indexOf("/"): null

22-11-2024T02:57:39 - [TEST_STEP][PASSED] - i1 = z.indexOf("/") + 1: null

22-11-2024T02:57:39 - [TEST_STEP][PASSED] - if (i1 > -1): null

22-11-2024T02:57:39 - [TEST_STEP][PASSED] - z = z.substring(i1, z.length()): null

22-11-2024T02:57:39 - [TEST_STEP][PASSED] - i1 = z.indexOf("/"): null

22-11-2024T02:57:39 - [TEST_STEP][PASSED] - i1 = z.indexOf("/") + 1: null

22-11-2024T02:57:39 - [TEST_STEP][PASSED] - if (i1 > -1): null

22-11-2024T02:57:39 - [TEST_STEP][PASSED] - z = z.substring(i1, z.length()): null

22-11-2024T02:57:39 - [TEST_STEP][PASSED] - i1 = z.indexOf("/"): null

22-11-2024T02:57:39 - [TEST_STEP][PASSED] - i1 = z.indexOf("/") + 1: null

22-11-2024T02:57:39 - [TEST_STEP][PASSED] - if (i1 > -1): null

22-11-2024T02:57:39 - [TEST_STEP][PASSED] - z = z.substring(i1, z.length()): null

22-11-2024T02:57:39 - [TEST_STEP][PASSED] - i1 = z.indexOf("/"): null

22-11-2024T02:57:39 - [TEST_STEP][PASSED] - i1 = z.indexOf("/"): null

22-11-2024T02:57:39 - [TEST_STEP][PASSED] - if (i1 > -1): null

22-11-2024T02:57:39 - [TEST_STEP][PASSED] - z = z.substring(0, i1): null

22-11-2024T02:57:39 - [TEST_STEP][PASSED] - z = z.replace(",", "."): null

22-11-2024T02:57:39 - [TEST_STEP][PASSED] - println(z): null

22-11-2024T02:57:39 - [TEST_STEP][PASSED] - x = x + "/" + z: null

22-11-2024T02:57:39 - [TEST_STEP][PASSED] - x = x.replaceAll("[\r?
|
]", ""): null

22-11-2024T02:57:39 - [TEST_STEP][PASSED] - println(x): null

22-11-2024T02:57:39 - [TEST_STEP][PASSED] - return x: null

22-11-2024T02:57:39 - [TEST_STEP][PASSED] - println("ugB: " + ugB): null

22-11-2024T02:57:39 - [TEST_STEP][PASSED] - i = VseDZO.indexOf("Янтарь"): null

22-11-2024T02:57:39 - [TEST_STEP][PASSED] - if (i > -1): null

22-11-2024T02:57:39 - [TEST_STEP][PASSED] - dZONum = dZONum + 1: null

22-11-2024T02:57:39 - [TEST_STEP][PASSED] - yB = GetAllData(path, dZONum, VseDZO, x = "Россети Янтарь/"): null

22-11-2024T02:57:39 - [TEST_STEP][PASSED] - ii = <not implemented yet for class: org.codehaus.groovy.ast.expr.EmptyExpression>: null

22-11-2024T02:57:39 - [TEST_STEP][PASSED] - i1 = <not implemented yet for class: org.codehaus.groovy.ast.expr.EmptyExpression>: null

22-11-2024T02:57:39 - [TEST_STEP][PASSED] - z = <not implemented yet for class: org.codehaus.groovy.ast.expr.EmptyExpression>: null

22-11-2024T02:57:39 - [TEST_STEP][PASSED] - path2 = "Значения со страницы Выполнение бизнес-плана/Table Data/": null

22-11-2024T02:57:39 - [TEST_STEP][PASSED] - println("path: " + path): null

22-11-2024T02:57:39 - [TEST_STEP][PASSED] - println("dZONum: " + dZONum): null

22-11-2024T02:57:39 - [TEST_STEP][PASSED] - z = getText(findTestObject(path + "spanPlan" + dZONum)): Text of object 'Object Repository/Выполнение бизнес-плана/Выполнение бизнес-плана Балансы/spanPlan17' is: '8.59
|'

22-11-2024T02:57:39 - [MESSAGE][PASSED] - Text of object 'Object Repository/Выполнение бизнес-плана/Выполнение бизнес-плана Балансы/spanPlan17' is: '8.59
|'

22-11-2024T02:57:39 - [TEST_STEP][PASSED] - println(z): null

22-11-2024T02:57:39 - [TEST_STEP][PASSED] - ii = z.indexOf("|"): null

22-11-2024T02:57:39 - [TEST_STEP][PASSED] - if (ii > -1): null

22-11-2024T02:57:39 - [TEST_STEP][PASSED] - z = z.substring(0, z.length() - 1): null

22-11-2024T02:57:39 - [TEST_STEP][PASSED] - println(z): null

22-11-2024T02:57:39 - [TEST_STEP][PASSED] - z = z.replaceAll("\s+", ""): null

22-11-2024T02:57:39 - [TEST_STEP][PASSED] - z = z.replace("[\r?
|
]", "/"): null

22-11-2024T02:57:39 - [TEST_STEP][PASSED] - println(z): null

22-11-2024T02:57:39 - [TEST_STEP][PASSED] - x = x + z: null

22-11-2024T02:57:39 - [TEST_STEP][PASSED] - z = getText(findTestObject(path + "spanFact" + dZONum)): Text of object 'Object Repository/Выполнение бизнес-плана/Выполнение бизнес-плана Балансы/spanFact17' is: '8.39'

22-11-2024T02:57:39 - [MESSAGE][PASSED] - Text of object 'Object Repository/Выполнение бизнес-плана/Выполнение бизнес-плана Балансы/spanFact17' is: '8.39'

22-11-2024T02:57:39 - [TEST_STEP][PASSED] - ii = z.indexOf("|"): null

22-11-2024T02:57:39 - [TEST_STEP][PASSED] - if (ii > -1): null

22-11-2024T02:57:39 - [TEST_STEP][PASSED] - x = x + "/" + z: null

22-11-2024T02:57:39 - [TEST_STEP][PASSED] - z = getText(findTestObject(path + path2 + "Факт Отпуск в сеть за отчётный период " + dZONum)).replaceAll("\s+", ""): Text of object 'Object Repository/Выполнение бизнес-плана/Выполнение бизнес-плана Балансы/Значения со страницы Выполнение бизнес-плана/Table Data/Факт Отпуск в сеть за отчётный период 17' is: '3 362 855'

22-11-2024T02:57:39 - [MESSAGE][PASSED] - Text of object 'Object Repository/Выполнение бизнес-плана/Выполнение бизнес-плана Балансы/Значения со страницы Выполнение бизнес-плана/Table Data/Факт Отпуск в сеть за отчётный период 17' is: '3 362 855'

22-11-2024T02:57:39 - [TEST_STEP][PASSED] - x = x + "/" + z: null

22-11-2024T02:57:39 - [TEST_STEP][PASSED] - z = getText(findTestObject(path + path2 + "Факт Отпуск из сети за отчётный период " + dZONum)).replaceAll("\s+", ""): Text of object 'Object Repository/Выполнение бизнес-плана/Выполнение бизнес-плана Балансы/Значения со страницы Выполнение бизнес-плана/Table Data/Факт Отпуск из сети за отчётный период 17' is: '3 080 808'

22-11-2024T02:57:40 - [MESSAGE][PASSED] - Text of object 'Object Repository/Выполнение бизнес-плана/Выполнение бизнес-плана Балансы/Значения со страницы Выполнение бизнес-плана/Table Data/Факт Отпуск из сети за отчётный период 17' is: '3 080 808'

22-11-2024T02:57:40 - [TEST_STEP][PASSED] - x = x + "/" + z: null

22-11-2024T02:57:40 - [TEST_STEP][PASSED] - z = getText(findTestObject(path + path2 + "Факт Потери за отчётный период " + dZONum)).replaceAll("\s+", ""): Text of object 'Object Repository/Выполнение бизнес-плана/Выполнение бизнес-плана Балансы/Значения со страницы Выполнение бизнес-плана/Table Data/Факт Потери за отчётный период 17' is: '282 047'

22-11-2024T02:57:40 - [MESSAGE][PASSED] - Text of object 'Object Repository/Выполнение бизнес-плана/Выполнение бизнес-плана Балансы/Значения со страницы Выполнение бизнес-плана/Table Data/Факт Потери за отчётный период 17' is: '282 047'

22-11-2024T02:57:40 - [TEST_STEP][PASSED] - x = x + "/" + z: null

22-11-2024T02:57:40 - [TEST_STEP][PASSED] - z = getText(findTestObject(path + path2 + "План Отпуск в сеть за отчётный период " + dZONum)).replaceAll("\s+", ""): Text of object 'Object Repository/Выполнение бизнес-плана/Выполнение бизнес-плана Балансы/Значения со страницы Выполнение бизнес-плана/Table Data/План Отпуск в сеть за отчётный период 17' is: '3 237 462'

22-11-2024T02:57:40 - [MESSAGE][PASSED] - Text of object 'Object Repository/Выполнение бизнес-плана/Выполнение бизнес-плана Балансы/Значения со страницы Выполнение бизнес-плана/Table Data/План Отпуск в сеть за отчётный период 17' is: '3 237 462'

22-11-2024T02:57:40 - [TEST_STEP][PASSED] - x = x + "/" + z: null

22-11-2024T02:57:40 - [TEST_STEP][PASSED] - z = getText(findTestObject(path + path2 + "План Отпуск из сети за отчётный период " + dZONum)).replaceAll("\s+", ""): Text of object 'Object Repository/Выполнение бизнес-плана/Выполнение бизнес-плана Балансы/Значения со страницы Выполнение бизнес-плана/Table Data/План Отпуск из сети за отчётный период 17' is: '2 959 400'

22-11-2024T02:57:41 - [MESSAGE][PASSED] - Text of object 'Object Repository/Выполнение бизнес-плана/Выполнение бизнес-плана Балансы/Значения со страницы Выполнение бизнес-плана/Table Data/План Отпуск из сети за отчётный период 17' is: '2 959 400'

22-11-2024T02:57:41 - [TEST_STEP][PASSED] - x = x + "/" + z: null

22-11-2024T02:57:41 - [TEST_STEP][PASSED] - z = getText(findTestObject(path + path2 + "План Потери за отчётный период " + dZONum)).replaceAll("\s+", ""): Text of object 'Object Repository/Выполнение бизнес-плана/Выполнение бизнес-плана Балансы/Значения со страницы Выполнение бизнес-плана/Table Data/План Потери за отчётный период 17' is: '278 062'

22-11-2024T02:57:41 - [MESSAGE][PASSED] - Text of object 'Object Repository/Выполнение бизнес-плана/Выполнение бизнес-плана Балансы/Значения со страницы Выполнение бизнес-плана/Table Data/План Потери за отчётный период 17' is: '278 062'

22-11-2024T02:57:41 - [TEST_STEP][PASSED] - x = x + "/" + z: null

22-11-2024T02:57:41 - [TEST_STEP][PASSED] - z = getText(findTestObject(path + "Список ДЗО")).replaceAll("[\r?
|
]", "/"): Text of object 'Object Repository/Выполнение бизнес-плана/Выполнение бизнес-плана Балансы/Список ДЗО' is: '-0.20
-0.07
3.72
-0.35
-0.53
-0.04
-0.01
3.84
-0.35
-0.05
-0.00
0.09
-0.15
-0.51
-0.25
-0.39
-0.20
Россети ФСКЕЭС
АО«Тываэнерго»
АО«Чеченэнерго»
РоссетиВолга
РоссетиКубань
РоссетиЛенэнерго(ГК)
РоссетиМосковскийрегион
РоссетиСеверныйКавказ
РоссетиСеверо-Запад
РоссетиСибирь
РоссетиТомск
РоссетиТюмень
Россети Урал(ГК)
РоссетиЦентр (ГК)
РоссетиЦентр иПриволжье(ГК)
Россети Юг(ГК)
РоссетиЯнтарь
0
2
4
6
-2
8'

22-11-2024T02:57:41 - [MESSAGE][PASSED] - Text of object 'Object Repository/Выполнение бизнес-плана/Выполнение бизнес-плана Балансы/Список ДЗО' is: '-0.20
-0.07
3.72
-0.35
-0.53
-0.04
-0.01
3.84
-0.35
-0.05
-0.00
0.09
-0.15
-0.51
-0.25
-0.39
-0.20
Россети ФСКЕЭС
АО«Тываэнерго»
АО«Чеченэнерго»
РоссетиВолга
РоссетиКубань
РоссетиЛенэнерго(ГК)
РоссетиМосковскийрегион
РоссетиСеверныйКавказ
РоссетиСеверо-Запад
РоссетиСибирь
РоссетиТомск
РоссетиТюмень
Россети Урал(ГК)
РоссетиЦентр (ГК)
РоссетиЦентр иПриволжье(ГК)
Россети Юг(ГК)
РоссетиЯнтарь
0
2
4
6
-2
8'

22-11-2024T02:57:41 - [TEST_STEP][PASSED] - for ([ii = 1, ii < dZONum, (ii++)]): null

22-11-2024T02:57:41 - [TEST_STEP][PASSED] - i1 = z.indexOf("/") + 1: null

22-11-2024T02:57:41 - [TEST_STEP][PASSED] - if (i1 > -1): null

22-11-2024T02:57:41 - [TEST_STEP][PASSED] - z = z.substring(i1, z.length()): null

22-11-2024T02:57:41 - [TEST_STEP][PASSED] - i1 = z.indexOf("/"): null

22-11-2024T02:57:41 - [TEST_STEP][PASSED] - i1 = z.indexOf("/") + 1: null

22-11-2024T02:57:41 - [TEST_STEP][PASSED] - if (i1 > -1): null

22-11-2024T02:57:41 - [TEST_STEP][PASSED] - z = z.substring(i1, z.length()): null

22-11-2024T02:57:41 - [TEST_STEP][PASSED] - i1 = z.indexOf("/"): null

22-11-2024T02:57:41 - [TEST_STEP][PASSED] - i1 = z.indexOf("/") + 1: null

22-11-2024T02:57:41 - [TEST_STEP][PASSED] - if (i1 > -1): null

22-11-2024T02:57:41 - [TEST_STEP][PASSED] - z = z.substring(i1, z.length()): null

22-11-2024T02:57:41 - [TEST_STEP][PASSED] - i1 = z.indexOf("/"): null

22-11-2024T02:57:41 - [TEST_STEP][PASSED] - i1 = z.indexOf("/") + 1: null

22-11-2024T02:57:41 - [TEST_STEP][PASSED] - if (i1 > -1): null

22-11-2024T02:57:41 - [TEST_STEP][PASSED] - z = z.substring(i1, z.length()): null

22-11-2024T02:57:41 - [TEST_STEP][PASSED] - i1 = z.indexOf("/"): null

22-11-2024T02:57:41 - [TEST_STEP][PASSED] - i1 = z.indexOf("/") + 1: null

22-11-2024T02:57:41 - [TEST_STEP][PASSED] - if (i1 > -1): null

22-11-2024T02:57:41 - [TEST_STEP][PASSED] - z = z.substring(i1, z.length()): null

22-11-2024T02:57:41 - [TEST_STEP][PASSED] - i1 = z.indexOf("/"): null

22-11-2024T02:57:41 - [TEST_STEP][PASSED] - i1 = z.indexOf("/") + 1: null

22-11-2024T02:57:41 - [TEST_STEP][PASSED] - if (i1 > -1): null

22-11-2024T02:57:41 - [TEST_STEP][PASSED] - z = z.substring(i1, z.length()): null

22-11-2024T02:57:41 - [TEST_STEP][PASSED] - i1 = z.indexOf("/"): null

22-11-2024T02:57:41 - [TEST_STEP][PASSED] - i1 = z.indexOf("/") + 1: null

22-11-2024T02:57:41 - [TEST_STEP][PASSED] - if (i1 > -1): null

22-11-2024T02:57:41 - [TEST_STEP][PASSED] - z = z.substring(i1, z.length()): null

22-11-2024T02:57:41 - [TEST_STEP][PASSED] - i1 = z.indexOf("/"): null

22-11-2024T02:57:41 - [TEST_STEP][PASSED] - i1 = z.indexOf("/") + 1: null

22-11-2024T02:57:41 - [TEST_STEP][PASSED] - if (i1 > -1): null

22-11-2024T02:57:41 - [TEST_STEP][PASSED] - z = z.substring(i1, z.length()): null

22-11-2024T02:57:41 - [TEST_STEP][PASSED] - i1 = z.indexOf("/"): null

22-11-2024T02:57:41 - [TEST_STEP][PASSED] - i1 = z.indexOf("/") + 1: null

22-11-2024T02:57:41 - [TEST_STEP][PASSED] - if (i1 > -1): null

22-11-2024T02:57:41 - [TEST_STEP][PASSED] - z = z.substring(i1, z.length()): null

22-11-2024T02:57:41 - [TEST_STEP][PASSED] - i1 = z.indexOf("/"): null

22-11-2024T02:57:41 - [TEST_STEP][PASSED] - i1 = z.indexOf("/") + 1: null

22-11-2024T02:57:41 - [TEST_STEP][PASSED] - if (i1 > -1): null

22-11-2024T02:57:41 - [TEST_STEP][PASSED] - z = z.substring(i1, z.length()): null

22-11-2024T02:57:41 - [TEST_STEP][PASSED] - i1 = z.indexOf("/"): null

22-11-2024T02:57:41 - [TEST_STEP][PASSED] - i1 = z.indexOf("/") + 1: null

22-11-2024T02:57:41 - [TEST_STEP][PASSED] - if (i1 > -1): null

22-11-2024T02:57:41 - [TEST_STEP][PASSED] - z = z.substring(i1, z.length()): null

22-11-2024T02:57:41 - [TEST_STEP][PASSED] - i1 = z.indexOf("/"): null

22-11-2024T02:57:41 - [TEST_STEP][PASSED] - i1 = z.indexOf("/") + 1: null

22-11-2024T02:57:41 - [TEST_STEP][PASSED] - if (i1 > -1): null

22-11-2024T02:57:41 - [TEST_STEP][PASSED] - z = z.substring(i1, z.length()): null

22-11-2024T02:57:41 - [TEST_STEP][PASSED] - i1 = z.indexOf("/"): null

22-11-2024T02:57:41 - [TEST_STEP][PASSED] - i1 = z.indexOf("/") + 1: null

22-11-2024T02:57:41 - [TEST_STEP][PASSED] - if (i1 > -1): null

22-11-2024T02:57:41 - [TEST_STEP][PASSED] - z = z.substring(i1, z.length()): null

22-11-2024T02:57:41 - [TEST_STEP][PASSED] - i1 = z.indexOf("/"): null

22-11-2024T02:57:41 - [TEST_STEP][PASSED] - i1 = z.indexOf("/") + 1: null

22-11-2024T02:57:41 - [TEST_STEP][PASSED] - if (i1 > -1): null

22-11-2024T02:57:41 - [TEST_STEP][PASSED] - z = z.substring(i1, z.length()): null

22-11-2024T02:57:41 - [TEST_STEP][PASSED] - i1 = z.indexOf("/"): null

22-11-2024T02:57:41 - [TEST_STEP][PASSED] - i1 = z.indexOf("/") + 1: null

22-11-2024T02:57:41 - [TEST_STEP][PASSED] - if (i1 > -1): null

22-11-2024T02:57:41 - [TEST_STEP][PASSED] - z = z.substring(i1, z.length()): null

22-11-2024T02:57:41 - [TEST_STEP][PASSED] - i1 = z.indexOf("/"): null

22-11-2024T02:57:41 - [TEST_STEP][PASSED] - i1 = z.indexOf("/") + 1: null

22-11-2024T02:57:41 - [TEST_STEP][PASSED] - if (i1 > -1): null

22-11-2024T02:57:41 - [TEST_STEP][PASSED] - z = z.substring(i1, z.length()): null

22-11-2024T02:57:41 - [TEST_STEP][PASSED] - i1 = z.indexOf("/"): null

22-11-2024T02:57:41 - [TEST_STEP][PASSED] - i1 = z.indexOf("/"): null

22-11-2024T02:57:41 - [TEST_STEP][PASSED] - if (i1 > -1): null

22-11-2024T02:57:41 - [TEST_STEP][PASSED] - z = z.substring(0, i1): null

22-11-2024T02:57:41 - [TEST_STEP][PASSED] - z = z.replace(",", "."): null

22-11-2024T02:57:41 - [TEST_STEP][PASSED] - println(z): null

22-11-2024T02:57:41 - [TEST_STEP][PASSED] - x = x + "/" + z: null

22-11-2024T02:57:41 - [TEST_STEP][PASSED] - x = x.replaceAll("[\r?
|
]", ""): null

22-11-2024T02:57:41 - [TEST_STEP][PASSED] - println(x): null

22-11-2024T02:57:41 - [TEST_STEP][PASSED] - return x: null

22-11-2024T02:57:41 - [TEST_STEP][PASSED] - println("yB: " + yB): null

22-11-2024T02:57:41 - [TEST_STEP][PASSED] - VseDZO = getText(findTestObject(path + "Список ДЗО")): Text of object 'Object Repository/Выполнение бизнес-плана/Выполнение бизнес-плана Балансы/Список ДЗО' is: '-0.20
-0.07
3.72
-0.35
-0.53
-0.04
-0.01
3.84
-0.35
-0.05
-0.00
0.09
-0.15
-0.51
-0.25
-0.39
-0.20
Россети ФСКЕЭС
АО«Тываэнерго»
АО«Чеченэнерго»
РоссетиВолга
РоссетиКубань
РоссетиЛенэнерго(ГК)
РоссетиМосковскийрегион
РоссетиСеверныйКавказ
РоссетиСеверо-Запад
РоссетиСибирь
РоссетиТомск
РоссетиТюмень
Россети Урал(ГК)
РоссетиЦентр (ГК)
РоссетиЦентр иПриволжье(ГК)
Россети Юг(ГК)
РоссетиЯнтарь
0
2
4
6
-2
8'

22-11-2024T02:57:42 - [MESSAGE][PASSED] - Text of object 'Object Repository/Выполнение бизнес-плана/Выполнение бизнес-плана Балансы/Список ДЗО' is: '-0.20
-0.07
3.72
-0.35
-0.53
-0.04
-0.01
3.84
-0.35
-0.05
-0.00
0.09
-0.15
-0.51
-0.25
-0.39
-0.20
Россети ФСКЕЭС
АО«Тываэнерго»
АО«Чеченэнерго»
РоссетиВолга
РоссетиКубань
РоссетиЛенэнерго(ГК)
РоссетиМосковскийрегион
РоссетиСеверныйКавказ
РоссетиСеверо-Запад
РоссетиСибирь
РоссетиТомск
РоссетиТюмень
Россети Урал(ГК)
РоссетиЦентр (ГК)
РоссетиЦентр иПриволжье(ГК)
Россети Юг(ГК)
РоссетиЯнтарь
0
2
4
6
-2
8'

22-11-2024T02:57:42 - [TEST_STEP][FAILED] - if (blockNum == 2): null

22-11-2024T02:57:42 - [TEST_STEP][FAILED] - if (verifyEqual(pRR, pRB) == false): null

22-11-2024T02:57:42 - [MESSAGE][FAILED] - Unable to verify equal between actual object 'ПАО Россети/5.29/5.26/192247697/175051868/17195829/187501364/171438674/16062691' and expected object 'ПАО Россети/5.72/7.94/461243796/425411506/35832290/896031825/844819838/51211987' (Root cause: com.kms.katalon.core.exception.StepFailedException: Actual object 'ПАО Россети/5.29/5.26/192247697/175051868/17195829/187501364/171438674/16062691' and expected object 'ПАО Россети/5.72/7.94/461243796/425411506/35832290/896031825/844819838/51211987' are not equal
	at com.kms.katalon.core.keyword.builtin.VerifyEqualKeyword$_verifyEqual_closure1.doCall(VerifyEqualKeyword.groovy:58)
	at com.kms.katalon.core.keyword.builtin.VerifyEqualKeyword$_verifyEqual_closure1.call(VerifyEqualKeyword.groovy)
	at com.kms.katalon.core.keyword.internal.KeywordMain.runKeyword(KeywordMain.groovy:75)
	at com.kms.katalon.core.keyword.builtin.VerifyEqualKeyword.verifyEqual(VerifyEqualKeyword.groovy:63)
	at com.kms.katalon.core.keyword.builtin.VerifyEqualKeyword.execute(VerifyEqualKeyword.groovy:44)
	at com.kms.katalon.core.keyword.internal.KeywordExecutor.executeKeywordForPlatform(KeywordExecutor.groovy:74)
	at com.kms.katalon.core.keyword.BuiltinKeywords.verifyEqual(BuiltinKeywords.groovy:146)
	at java.base/jdk.internal.reflect.NativeMethodAccessorImpl.invoke0(Native Method)
	at java.base/jdk.internal.reflect.NativeMethodAccessorImpl.invoke(NativeMethodAccessorImpl.java:77)
	at java.base/jdk.internal.reflect.DelegatingMethodAccessorImpl.invoke(DelegatingMethodAccessorImpl.java:43)
	at Выполнение бизнес-плана сверка дашбордов.run(Выполнение бизнес-плана сверка дашбордов:577)
	at com.kms.katalon.core.main.ScriptEngine.run(ScriptEngine.java:194)
	at com.kms.katalon.core.main.ScriptEngine.runScriptAsRawText(ScriptEngine.java:119)
	at com.kms.katalon.core.main.TestCaseExecutor.runScript(TestCaseExecutor.java:448)
	at com.kms.katalon.core.main.TestCaseExecutor.doExecute(TestCaseExecutor.java:439)
	at com.kms.katalon.core.main.TestCaseExecutor.processExecutionPhase(TestCaseExecutor.java:418)
	at com.kms.katalon.core.main.TestCaseExecutor.accessMainPhase(TestCaseExecutor.java:410)
	at com.kms.katalon.core.main.TestCaseExecutor.execute(TestCaseExecutor.java:285)
	at com.kms.katalon.core.common.CommonExecutor.accessTestCaseMainPhase(CommonExecutor.java:65)
	at com.kms.katalon.core.main.TestSuiteExecutor.accessTestSuiteMainPhase(TestSuiteExecutor.java:150)
	at com.kms.katalon.core.main.TestSuiteExecutor.execute(TestSuiteExecutor.java:106)
	at com.kms.katalon.core.main.TestCaseMain.startTestSuite(TestCaseMain.java:180)
	at TempTestSuite1732232929817.run(TempTestSuite1732232929817.groovy:35)
	at java.base/jdk.internal.reflect.NativeMethodAccessorImpl.invoke0(Native Method)
	at java.base/jdk.internal.reflect.NativeMethodAccessorImpl.invoke(NativeMethodAccessorImpl.java:77)
	at java.base/jdk.internal.reflect.DelegatingMethodAccessorImpl.invoke(DelegatingMethodAccessorImpl.java:43)
)

22-11-2024T02:57:42 - [TEST_STEP][PASSED] - result = CompareDZOData(a = pRR, b = pRB, dZO, typeOfData, PercPlanR, PercPlanB, PercFactR, PercFactB, todaysDate, x, vidget, tabR, tabB, o1R, o1B): null

22-11-2024T02:57:42 - [TEST_STEP][PASSED] - ii2 = <not implemented yet for class: org.codehaus.groovy.ast.expr.EmptyExpression>: null

22-11-2024T02:57:42 - [TEST_STEP][FAILED] - if (verifyEqual(a, b) == false): null

22-11-2024T02:57:42 - [MESSAGE][FAILED] - Unable to verify equal between actual object 'ПАО Россети/5.29/5.26/192247697/175051868/17195829/187501364/171438674/16062691' and expected object 'ПАО Россети/5.72/7.94/461243796/425411506/35832290/896031825/844819838/51211987' (Root cause: com.kms.katalon.core.exception.StepFailedException: Actual object 'ПАО Россети/5.29/5.26/192247697/175051868/17195829/187501364/171438674/16062691' and expected object 'ПАО Россети/5.72/7.94/461243796/425411506/35832290/896031825/844819838/51211987' are not equal
	at com.kms.katalon.core.keyword.builtin.VerifyEqualKeyword$_verifyEqual_closure1.doCall(VerifyEqualKeyword.groovy:58)
	at com.kms.katalon.core.keyword.builtin.VerifyEqualKeyword$_verifyEqual_closure1.call(VerifyEqualKeyword.groovy)
	at com.kms.katalon.core.keyword.internal.KeywordMain.runKeyword(KeywordMain.groovy:75)
	at com.kms.katalon.core.keyword.builtin.VerifyEqualKeyword.verifyEqual(VerifyEqualKeyword.groovy:63)
	at com.kms.katalon.core.keyword.builtin.VerifyEqualKeyword.execute(VerifyEqualKeyword.groovy:44)
	at com.kms.katalon.core.keyword.internal.KeywordExecutor.executeKeywordForPlatform(KeywordExecutor.groovy:74)
	at com.kms.katalon.core.keyword.BuiltinKeywords.verifyEqual(BuiltinKeywords.groovy:146)
	at java.base/jdk.internal.reflect.NativeMethodAccessorImpl.invoke0(Native Method)
	at java.base/jdk.internal.reflect.NativeMethodAccessorImpl.invoke(NativeMethodAccessorImpl.java:77)
	at java.base/jdk.internal.reflect.DelegatingMethodAccessorImpl.invoke(DelegatingMethodAccessorImpl.java:43)
	at Выполнение бизнес-плана сверка дашбордов.CompareDZOData(Выполнение бизнес-плана сверка дашбордов:673)
	at Выполнение бизнес-плана сверка дашбордов.run(Выполнение бизнес-плана сверка дашбордов:578)
	at com.kms.katalon.core.main.ScriptEngine.run(ScriptEngine.java:194)
	at com.kms.katalon.core.main.ScriptEngine.runScriptAsRawText(ScriptEngine.java:119)
	at com.kms.katalon.core.main.TestCaseExecutor.runScript(TestCaseExecutor.java:448)
	at com.kms.katalon.core.main.TestCaseExecutor.doExecute(TestCaseExecutor.java:439)
	at com.kms.katalon.core.main.TestCaseExecutor.processExecutionPhase(TestCaseExecutor.java:418)
	at com.kms.katalon.core.main.TestCaseExecutor.accessMainPhase(TestCaseExecutor.java:410)
	at com.kms.katalon.core.main.TestCaseExecutor.execute(TestCaseExecutor.java:285)
	at com.kms.katalon.core.common.CommonExecutor.accessTestCaseMainPhase(CommonExecutor.java:65)
	at com.kms.katalon.core.main.TestSuiteExecutor.accessTestSuiteMainPhase(TestSuiteExecutor.java:150)
	at com.kms.katalon.core.main.TestSuiteExecutor.execute(TestSuiteExecutor.java:106)
	at com.kms.katalon.core.main.TestCaseMain.startTestSuite(TestCaseMain.java:180)
	at TempTestSuite1732232929817.run(TempTestSuite1732232929817.groovy:35)
	at java.base/jdk.internal.reflect.NativeMethodAccessorImpl.invoke0(Native Method)
	at java.base/jdk.internal.reflect.NativeMethodAccessorImpl.invoke(NativeMethodAccessorImpl.java:77)
	at java.base/jdk.internal.reflect.DelegatingMethodAccessorImpl.invoke(DelegatingMethodAccessorImpl.java:43)
)

22-11-2024T02:57:42 - [TEST_STEP][PASSED] - vidget = "Уровень потерь электроэнергии": null

22-11-2024T02:57:42 - [TEST_STEP][PASSED] - typeOfData = "План": null

22-11-2024T02:57:42 - [TEST_STEP][PASSED] - PercPlanR = GetPercPlanR(x = a): null

22-11-2024T02:57:42 - [TEST_STEP][PASSED] - i1 = <not implemented yet for class: org.codehaus.groovy.ast.expr.EmptyExpression>: null

22-11-2024T02:57:42 - [TEST_STEP][PASSED] - i1 = x.indexOf("/") + 1: null

22-11-2024T02:57:42 - [TEST_STEP][PASSED] - if (i1 > -1): null

22-11-2024T02:57:42 - [TEST_STEP][PASSED] - x = x.substring(i1, x.length()): null

22-11-2024T02:57:42 - [TEST_STEP][PASSED] - i1 = x.indexOf("/"): null

22-11-2024T02:57:42 - [TEST_STEP][PASSED] - if (i1 > -1): null

22-11-2024T02:57:42 - [TEST_STEP][PASSED] - x = x.substring(0, i1): null

22-11-2024T02:57:42 - [TEST_STEP][PASSED] - return x: null

22-11-2024T02:57:42 - [TEST_STEP][PASSED] - PercPlanB = GetPercPlanB(x = b): null

22-11-2024T02:57:42 - [TEST_STEP][PASSED] - i1 = <not implemented yet for class: org.codehaus.groovy.ast.expr.EmptyExpression>: null

22-11-2024T02:57:42 - [TEST_STEP][PASSED] - i1 = x.indexOf("/") + 1: null

22-11-2024T02:57:42 - [TEST_STEP][PASSED] - if (i1 > -1): null

22-11-2024T02:57:42 - [TEST_STEP][PASSED] - x = x.substring(i1, x.length()): null

22-11-2024T02:57:42 - [TEST_STEP][PASSED] - i1 = x.indexOf("/"): null

22-11-2024T02:57:42 - [TEST_STEP][PASSED] - if (i1 > -1): null

22-11-2024T02:57:42 - [TEST_STEP][PASSED] - x = x.substring(0, i1): null

22-11-2024T02:57:42 - [TEST_STEP][FAILED] - return x: null

22-11-2024T02:57:42 - [TEST_STEP][FAILED] - if (verifyEqual(PercPlanR, PercPlanB) == false): null

22-11-2024T02:57:42 - [MESSAGE][FAILED] - Unable to verify equal between actual object '5.29' and expected object '5.72' (Root cause: com.kms.katalon.core.exception.StepFailedException: Actual object '5.29' and expected object '5.72' are not equal
	at com.kms.katalon.core.keyword.builtin.VerifyEqualKeyword$_verifyEqual_closure1.doCall(VerifyEqualKeyword.groovy:58)
	at com.kms.katalon.core.keyword.builtin.VerifyEqualKeyword$_verifyEqual_closure1.call(VerifyEqualKeyword.groovy)
	at com.kms.katalon.core.keyword.internal.KeywordMain.runKeyword(KeywordMain.groovy:75)
	at com.kms.katalon.core.keyword.builtin.VerifyEqualKeyword.verifyEqual(VerifyEqualKeyword.groovy:63)
	at com.kms.katalon.core.keyword.builtin.VerifyEqualKeyword.execute(VerifyEqualKeyword.groovy:44)
	at com.kms.katalon.core.keyword.internal.KeywordExecutor.executeKeywordForPlatform(KeywordExecutor.groovy:74)
	at com.kms.katalon.core.keyword.BuiltinKeywords.verifyEqual(BuiltinKeywords.groovy:146)
	at java.base/jdk.internal.reflect.NativeMethodAccessorImpl.invoke0(Native Method)
	at java.base/jdk.internal.reflect.NativeMethodAccessorImpl.invoke(NativeMethodAccessorImpl.java:77)
	at java.base/jdk.internal.reflect.DelegatingMethodAccessorImpl.invoke(DelegatingMethodAccessorImpl.java:43)
	at Выполнение бизнес-плана сверка дашбордов.CompareDZOData(Выполнение бизнес-плана сверка дашбордов:682)
	at Выполнение бизнес-плана сверка дашбордов.run(Выполнение бизнес-плана сверка дашбордов:578)
	at com.kms.katalon.core.main.ScriptEngine.run(ScriptEngine.java:194)
	at com.kms.katalon.core.main.ScriptEngine.runScriptAsRawText(ScriptEngine.java:119)
	at com.kms.katalon.core.main.TestCaseExecutor.runScript(TestCaseExecutor.java:448)
	at com.kms.katalon.core.main.TestCaseExecutor.doExecute(TestCaseExecutor.java:439)
	at com.kms.katalon.core.main.TestCaseExecutor.processExecutionPhase(TestCaseExecutor.java:418)
	at com.kms.katalon.core.main.TestCaseExecutor.accessMainPhase(TestCaseExecutor.java:410)
	at com.kms.katalon.core.main.TestCaseExecutor.execute(TestCaseExecutor.java:285)
	at com.kms.katalon.core.common.CommonExecutor.accessTestCaseMainPhase(CommonExecutor.java:65)
	at com.kms.katalon.core.main.TestSuiteExecutor.accessTestSuiteMainPhase(TestSuiteExecutor.java:150)
	at com.kms.katalon.core.main.TestSuiteExecutor.execute(TestSuiteExecutor.java:106)
	at com.kms.katalon.core.main.TestCaseMain.startTestSuite(TestCaseMain.java:180)
	at TempTestSuite1732232929817.run(TempTestSuite1732232929817.groovy:35)
	at java.base/jdk.internal.reflect.NativeMethodAccessorImpl.invoke0(Native Method)
	at java.base/jdk.internal.reflect.NativeMethodAccessorImpl.invoke(NativeMethodAccessorImpl.java:77)
	at java.base/jdk.internal.reflect.DelegatingMethodAccessorImpl.invoke(DelegatingMethodAccessorImpl.java:43)
)

22-11-2024T02:57:42 - [TEST_STEP][PASSED] - result = WriteToExcel(typeOfData, todaysDate, PercPlanR, PercPlanB, PercFactR, PercFactB, x, tabR, tabB, o1R, o1B, vidget): null

22-11-2024T02:57:42 - [TEST_STEP][PASSED] - iii = dZO.indexOf("/"): null

22-11-2024T02:57:42 - [TEST_STEP][PASSED] - println(iii): null

22-11-2024T02:57:42 - [TEST_STEP][PASSED] - dZO = dZO.substring(0, iii): null

22-11-2024T02:57:42 - [TEST_STEP][PASSED] - println(dZO): null

22-11-2024T02:57:42 - [TEST_STEP][PASSED] - println(PercPlanR): null

22-11-2024T02:57:42 - [TEST_STEP][PASSED] - println(PercPlanB): null

22-11-2024T02:57:42 - [TEST_STEP][PASSED] - println(PercFactR): null

22-11-2024T02:57:42 - [TEST_STEP][PASSED] - println(PercFactB): null

22-11-2024T02:57:42 - [TEST_STEP][PASSED] - println(tabR): null

22-11-2024T02:57:42 - [TEST_STEP][PASSED] - println(tabB): null

22-11-2024T02:57:42 - [TEST_STEP][PASSED] - println(o1R): null

22-11-2024T02:57:42 - [TEST_STEP][PASSED] - println(o1B): null

22-11-2024T02:57:42 - [TEST_STEP][PASSED] - PR = <not implemented yet for class: org.codehaus.groovy.ast.expr.EmptyExpression>: null

22-11-2024T02:57:42 - [TEST_STEP][PASSED] - FR = <not implemented yet for class: org.codehaus.groovy.ast.expr.EmptyExpression>: null

22-11-2024T02:57:42 - [TEST_STEP][PASSED] - PB = <not implemented yet for class: org.codehaus.groovy.ast.expr.EmptyExpression>: null

22-11-2024T02:57:42 - [TEST_STEP][PASSED] - FB = <not implemented yet for class: org.codehaus.groovy.ast.expr.EmptyExpression>: null

22-11-2024T02:57:42 - [TEST_STEP][PASSED] - TR = <not implemented yet for class: org.codehaus.groovy.ast.expr.EmptyExpression>: null

22-11-2024T02:57:42 - [TEST_STEP][PASSED] - TB = <not implemented yet for class: org.codehaus.groovy.ast.expr.EmptyExpression>: null

22-11-2024T02:57:42 - [TEST_STEP][PASSED] - sheetName = "Sheet1": null

22-11-2024T02:57:42 - [TEST_STEP][PASSED] - data = findTestData("PlanFact"): null

22-11-2024T02:57:42 - [TEST_STEP][PASSED] - n = data.getRowNumbers() + 1: null

22-11-2024T02:57:42 - [TEST_STEP][PASSED] - year = todaysDate.substring(todaysDate.length() - 4, todaysDate.length()): null

22-11-2024T02:57:42 - [TEST_STEP][PASSED] - y = year.toInteger(): null

22-11-2024T02:57:42 - [TEST_STEP][PASSED] - m = getText(findTestObject("Выполнение бизнес-плана/Выполнение бизнес-плана Балансы/Фильтр Дата")): Text of object 'Object Repository/Выполнение бизнес-плана/Выполнение бизнес-плана Балансы/Фильтр Дата' is: '1, 2, 3 кв. 2024 года'

22-11-2024T02:57:42 - [MESSAGE][PASSED] - Text of object 'Object Repository/Выполнение бизнес-плана/Выполнение бизнес-плана Балансы/Фильтр Дата' is: '1, 2, 3 кв. 2024 года'

22-11-2024T02:57:42 - [TEST_STEP][PASSED] - m = m.substring(0, m.indexOf("2024")): null

22-11-2024T02:57:42 - [TEST_STEP][PASSED] - m = m.trim(): null

22-11-2024T02:57:42 - [TEST_STEP][PASSED] - dashboardName = "Выполнение бизнес-плана": null

22-11-2024T02:57:42 - [TEST_STEP][PASSED] - workbook01 = getWorkbook(excelFilePath): null

22-11-2024T02:57:42 - [TEST_STEP][PASSED] - sheet01 = getExcelSheet(workbook01, sheetName): null

22-11-2024T02:57:42 - [TEST_STEP][PASSED] - setValueToCellByIndex(sheet01, n, 0, dashboardName): null

22-11-2024T02:57:42 - [TEST_STEP][PASSED] - setValueToCellByIndex(sheet01, n, 1, dZO): null

22-11-2024T02:57:42 - [TEST_STEP][PASSED] - setValueToCellByIndex(sheet01, n, 2, typeOfData): null

22-11-2024T02:57:42 - [TEST_STEP][PASSED] - setValueToCellByIndex(sheet01, n, 3, typeOfData): null

22-11-2024T02:57:42 - [TEST_STEP][PASSED] - if (typeOfData == "План"): null

22-11-2024T02:57:42 - [TEST_STEP][PASSED] - if (PercPlanR == null): null

22-11-2024T02:57:42 - [TEST_STEP][PASSED] - else: null

22-11-2024T02:57:42 - [TEST_STEP][PASSED] - if (PercPlanR == "нет данных"): null

22-11-2024T02:57:42 - [TEST_STEP][PASSED] - else: null

22-11-2024T02:57:42 - [TEST_STEP][PASSED] - PR = PercPlanR.toDouble(): null

22-11-2024T02:57:42 - [TEST_STEP][PASSED] - setValueToCellByIndex(sheet01, n, 4, PR): null

22-11-2024T02:57:42 - [TEST_STEP][PASSED] - if (PercPlanB == null): null

22-11-2024T02:57:42 - [TEST_STEP][PASSED] - else: null

22-11-2024T02:57:42 - [TEST_STEP][PASSED] - if (PercPlanB == "нет данных"): null

22-11-2024T02:57:42 - [TEST_STEP][PASSED] - else: null

22-11-2024T02:57:42 - [TEST_STEP][PASSED] - PB = PercPlanB.toDouble(): null

22-11-2024T02:57:42 - [TEST_STEP][PASSED] - setValueToCellByIndex(sheet01, n, 5, PB): null

22-11-2024T02:57:42 - [TEST_STEP][PASSED] - setValueToCellByIndex(sheet01, n, 6, m): null

22-11-2024T02:57:42 - [TEST_STEP][PASSED] - setValueToCellByIndex(sheet01, n, 7, y): null

22-11-2024T02:57:42 - [TEST_STEP][PASSED] - setValueToCellByIndex(sheet01, n, 8, todaysDate): null

22-11-2024T02:57:42 - [TEST_STEP][PASSED] - n = n + 1: null

22-11-2024T02:57:42 - [TEST_STEP][PASSED] - saveWorkbook(excelFilePath, workbook01): null

22-11-2024T02:57:43 - [TEST_STEP][PASSED] - typeOfData = "Факт": null

22-11-2024T02:57:43 - [TEST_STEP][PASSED] - PercFactR = GetPercFactR(x = a): null

22-11-2024T02:57:43 - [TEST_STEP][PASSED] - i1 = <not implemented yet for class: org.codehaus.groovy.ast.expr.EmptyExpression>: null

22-11-2024T02:57:43 - [TEST_STEP][PASSED] - ii = <not implemented yet for class: org.codehaus.groovy.ast.expr.EmptyExpression>: null

22-11-2024T02:57:43 - [TEST_STEP][PASSED] - for ([ii = 1, ii < 3, (ii++)]): null

22-11-2024T02:57:43 - [TEST_STEP][PASSED] - i1 = x.indexOf("/") + 1: null

22-11-2024T02:57:43 - [TEST_STEP][PASSED] - if (i1 > -1): null

22-11-2024T02:57:43 - [TEST_STEP][PASSED] - x = x.substring(i1, x.length()): null

22-11-2024T02:57:43 - [TEST_STEP][PASSED] - println(x): null

22-11-2024T02:57:43 - [TEST_STEP][PASSED] - i1 = x.indexOf("/") + 1: null

22-11-2024T02:57:43 - [TEST_STEP][PASSED] - if (i1 > -1): null

22-11-2024T02:57:43 - [TEST_STEP][PASSED] - x = x.substring(i1, x.length()): null

22-11-2024T02:57:43 - [TEST_STEP][PASSED] - println(x): null

22-11-2024T02:57:43 - [TEST_STEP][PASSED] - i1 = x.indexOf("/"): null

22-11-2024T02:57:43 - [TEST_STEP][PASSED] - if (i1 > -1): null

22-11-2024T02:57:43 - [TEST_STEP][PASSED] - x = x.substring(0, i1): null

22-11-2024T02:57:43 - [TEST_STEP][PASSED] - println(x): null

22-11-2024T02:57:43 - [TEST_STEP][PASSED] - return x: null

22-11-2024T02:57:43 - [TEST_STEP][PASSED] - PercFactB = GetPercFactB(x = b): null

22-11-2024T02:57:43 - [TEST_STEP][PASSED] - i1 = <not implemented yet for class: org.codehaus.groovy.ast.expr.EmptyExpression>: null

22-11-2024T02:57:43 - [TEST_STEP][PASSED] - ii = <not implemented yet for class: org.codehaus.groovy.ast.expr.EmptyExpression>: null

22-11-2024T02:57:43 - [TEST_STEP][PASSED] - for ([ii = 1, ii < 3, (ii++)]): null

22-11-2024T02:57:43 - [TEST_STEP][PASSED] - i1 = x.indexOf("/") + 1: null

22-11-2024T02:57:43 - [TEST_STEP][PASSED] - if (i1 > -1): null

22-11-2024T02:57:43 - [TEST_STEP][PASSED] - x = x.substring(i1, x.length()): null

22-11-2024T02:57:43 - [TEST_STEP][PASSED] - println(x): null

22-11-2024T02:57:43 - [TEST_STEP][PASSED] - i1 = x.indexOf("/") + 1: null

22-11-2024T02:57:43 - [TEST_STEP][PASSED] - if (i1 > -1): null

22-11-2024T02:57:43 - [TEST_STEP][PASSED] - x = x.substring(i1, x.length()): null

22-11-2024T02:57:43 - [TEST_STEP][PASSED] - println(x): null

22-11-2024T02:57:43 - [TEST_STEP][PASSED] - i1 = x.indexOf("/"): null

22-11-2024T02:57:43 - [TEST_STEP][PASSED] - if (i1 > -1): null

22-11-2024T02:57:43 - [TEST_STEP][PASSED] - x = x.substring(0, i1): null

22-11-2024T02:57:43 - [TEST_STEP][PASSED] - println(x): null

22-11-2024T02:57:43 - [TEST_STEP][FAILED] - return x: null

22-11-2024T02:57:43 - [TEST_STEP][FAILED] - if (verifyEqual(PercFactR, PercFactB) == false): null

22-11-2024T02:57:43 - [MESSAGE][FAILED] - Unable to verify equal between actual object '5.26' and expected object '7.94' (Root cause: com.kms.katalon.core.exception.StepFailedException: Actual object '5.26' and expected object '7.94' are not equal
	at com.kms.katalon.core.keyword.builtin.VerifyEqualKeyword$_verifyEqual_closure1.doCall(VerifyEqualKeyword.groovy:58)
	at com.kms.katalon.core.keyword.builtin.VerifyEqualKeyword$_verifyEqual_closure1.call(VerifyEqualKeyword.groovy)
	at com.kms.katalon.core.keyword.internal.KeywordMain.runKeyword(KeywordMain.groovy:75)
	at com.kms.katalon.core.keyword.builtin.VerifyEqualKeyword.verifyEqual(VerifyEqualKeyword.groovy:63)
	at com.kms.katalon.core.keyword.builtin.VerifyEqualKeyword.execute(VerifyEqualKeyword.groovy:44)
	at com.kms.katalon.core.keyword.internal.KeywordExecutor.executeKeywordForPlatform(KeywordExecutor.groovy:74)
	at com.kms.katalon.core.keyword.BuiltinKeywords.verifyEqual(BuiltinKeywords.groovy:146)
	at java.base/jdk.internal.reflect.NativeMethodAccessorImpl.invoke0(Native Method)
	at java.base/jdk.internal.reflect.NativeMethodAccessorImpl.invoke(NativeMethodAccessorImpl.java:77)
	at java.base/jdk.internal.reflect.DelegatingMethodAccessorImpl.invoke(DelegatingMethodAccessorImpl.java:43)
	at Выполнение бизнес-плана сверка дашбордов.CompareDZOData(Выполнение бизнес-плана сверка дашбордов:693)
	at Выполнение бизнес-плана сверка дашбордов.run(Выполнение бизнес-плана сверка дашбордов:578)
	at com.kms.katalon.core.main.ScriptEngine.run(ScriptEngine.java:194)
	at com.kms.katalon.core.main.ScriptEngine.runScriptAsRawText(ScriptEngine.java:119)
	at com.kms.katalon.core.main.TestCaseExecutor.runScript(TestCaseExecutor.java:448)
	at com.kms.katalon.core.main.TestCaseExecutor.doExecute(TestCaseExecutor.java:439)
	at com.kms.katalon.core.main.TestCaseExecutor.processExecutionPhase(TestCaseExecutor.java:418)
	at com.kms.katalon.core.main.TestCaseExecutor.accessMainPhase(TestCaseExecutor.java:410)
	at com.kms.katalon.core.main.TestCaseExecutor.execute(TestCaseExecutor.java:285)
	at com.kms.katalon.core.common.CommonExecutor.accessTestCaseMainPhase(CommonExecutor.java:65)
	at com.kms.katalon.core.main.TestSuiteExecutor.accessTestSuiteMainPhase(TestSuiteExecutor.java:150)
	at com.kms.katalon.core.main.TestSuiteExecutor.execute(TestSuiteExecutor.java:106)
	at com.kms.katalon.core.main.TestCaseMain.startTestSuite(TestCaseMain.java:180)
	at TempTestSuite1732232929817.run(TempTestSuite1732232929817.groovy:35)
	at java.base/jdk.internal.reflect.NativeMethodAccessorImpl.invoke0(Native Method)
	at java.base/jdk.internal.reflect.NativeMethodAccessorImpl.invoke(NativeMethodAccessorImpl.java:77)
	at java.base/jdk.internal.reflect.DelegatingMethodAccessorImpl.invoke(DelegatingMethodAccessorImpl.java:43)
)

22-11-2024T02:57:43 - [TEST_STEP][PASSED] - result = WriteToExcel(typeOfData, todaysDate, PercPlanR, PercPlanB, PercFactR, PercFactB, x, tabR, tabB, o1R, o1B, vidget): null

22-11-2024T02:57:43 - [TEST_STEP][PASSED] - iii = dZO.indexOf("/"): null

22-11-2024T02:57:43 - [TEST_STEP][PASSED] - println(iii): null

22-11-2024T02:57:43 - [TEST_STEP][PASSED] - dZO = dZO.substring(0, iii): null

22-11-2024T02:57:43 - [TEST_STEP][PASSED] - println(dZO): null

22-11-2024T02:57:43 - [TEST_STEP][PASSED] - println(PercPlanR): null

22-11-2024T02:57:43 - [TEST_STEP][PASSED] - println(PercPlanB): null

22-11-2024T02:57:43 - [TEST_STEP][PASSED] - println(PercFactR): null

22-11-2024T02:57:43 - [TEST_STEP][PASSED] - println(PercFactB): null

22-11-2024T02:57:43 - [TEST_STEP][PASSED] - println(tabR): null

22-11-2024T02:57:43 - [TEST_STEP][PASSED] - println(tabB): null

22-11-2024T02:57:43 - [TEST_STEP][PASSED] - println(o1R): null

22-11-2024T02:57:43 - [TEST_STEP][PASSED] - println(o1B): null

22-11-2024T02:57:43 - [TEST_STEP][PASSED] - PR = <not implemented yet for class: org.codehaus.groovy.ast.expr.EmptyExpression>: null

22-11-2024T02:57:43 - [TEST_STEP][PASSED] - FR = <not implemented yet for class: org.codehaus.groovy.ast.expr.EmptyExpression>: null

22-11-2024T02:57:43 - [TEST_STEP][PASSED] - PB = <not implemented yet for class: org.codehaus.groovy.ast.expr.EmptyExpression>: null

22-11-2024T02:57:43 - [TEST_STEP][PASSED] - FB = <not implemented yet for class: org.codehaus.groovy.ast.expr.EmptyExpression>: null

22-11-2024T02:57:43 - [TEST_STEP][PASSED] - TR = <not implemented yet for class: org.codehaus.groovy.ast.expr.EmptyExpression>: null

22-11-2024T02:57:43 - [TEST_STEP][PASSED] - TB = <not implemented yet for class: org.codehaus.groovy.ast.expr.EmptyExpression>: null

22-11-2024T02:57:43 - [TEST_STEP][PASSED] - sheetName = "Sheet1": null

22-11-2024T02:57:43 - [TEST_STEP][PASSED] - data = findTestData("PlanFact"): null

22-11-2024T02:57:43 - [TEST_STEP][PASSED] - n = data.getRowNumbers() + 1: null

22-11-2024T02:57:43 - [TEST_STEP][PASSED] - year = todaysDate.substring(todaysDate.length() - 4, todaysDate.length()): null

22-11-2024T02:57:43 - [TEST_STEP][PASSED] - y = year.toInteger(): null

22-11-2024T02:57:43 - [TEST_STEP][PASSED] - m = getText(findTestObject("Выполнение бизнес-плана/Выполнение бизнес-плана Балансы/Фильтр Дата")): Text of object 'Object Repository/Выполнение бизнес-плана/Выполнение бизнес-плана Балансы/Фильтр Дата' is: '1, 2, 3 кв. 2024 года'

22-11-2024T02:57:43 - [MESSAGE][PASSED] - Text of object 'Object Repository/Выполнение бизнес-плана/Выполнение бизнес-плана Балансы/Фильтр Дата' is: '1, 2, 3 кв. 2024 года'

22-11-2024T02:57:43 - [TEST_STEP][PASSED] - m = m.substring(0, m.indexOf("2024")): null

22-11-2024T02:57:43 - [TEST_STEP][PASSED] - m = m.trim(): null

22-11-2024T02:57:43 - [TEST_STEP][PASSED] - dashboardName = "Выполнение бизнес-плана": null

22-11-2024T02:57:43 - [TEST_STEP][PASSED] - workbook01 = getWorkbook(excelFilePath): null

22-11-2024T02:57:43 - [TEST_STEP][PASSED] - sheet01 = getExcelSheet(workbook01, sheetName): null

22-11-2024T02:57:43 - [TEST_STEP][PASSED] - setValueToCellByIndex(sheet01, n, 0, dashboardName): null

22-11-2024T02:57:43 - [TEST_STEP][PASSED] - setValueToCellByIndex(sheet01, n, 1, dZO): null

22-11-2024T02:57:43 - [TEST_STEP][PASSED] - setValueToCellByIndex(sheet01, n, 2, typeOfData): null

22-11-2024T02:57:43 - [TEST_STEP][PASSED] - setValueToCellByIndex(sheet01, n, 3, typeOfData): null

22-11-2024T02:57:43 - [TEST_STEP][PASSED] - if (typeOfData == "План"): null

22-11-2024T02:57:43 - [TEST_STEP][PASSED] - else if (typeOfData == "Факт"): null

22-11-2024T02:57:43 - [TEST_STEP][PASSED] - if (PercFactR == null): null

22-11-2024T02:57:43 - [TEST_STEP][PASSED] - else: null

22-11-2024T02:57:43 - [TEST_STEP][PASSED] - if (PercFactR == "нет данных"): null

22-11-2024T02:57:43 - [TEST_STEP][PASSED] - else: null

22-11-2024T02:57:43 - [TEST_STEP][PASSED] - FR = PercFactR.toDouble(): null

22-11-2024T02:57:43 - [TEST_STEP][PASSED] - setValueToCellByIndex(sheet01, n, 4, FR): null

22-11-2024T02:57:43 - [TEST_STEP][PASSED] - if (PercFactB == null): null

22-11-2024T02:57:43 - [TEST_STEP][PASSED] - else: null

22-11-2024T02:57:43 - [TEST_STEP][PASSED] - if (PercFactB == "нет данных"): null

22-11-2024T02:57:43 - [TEST_STEP][PASSED] - else: null

22-11-2024T02:57:43 - [TEST_STEP][PASSED] - FB = PercFactB.toDouble(): null

22-11-2024T02:57:43 - [TEST_STEP][PASSED] - setValueToCellByIndex(sheet01, n, 5, FB): null

22-11-2024T02:57:43 - [TEST_STEP][PASSED] - setValueToCellByIndex(sheet01, n, 6, m): null

22-11-2024T02:57:43 - [TEST_STEP][PASSED] - setValueToCellByIndex(sheet01, n, 7, y): null

22-11-2024T02:57:43 - [TEST_STEP][PASSED] - setValueToCellByIndex(sheet01, n, 8, todaysDate): null

22-11-2024T02:57:43 - [TEST_STEP][PASSED] - n = n + 1: null

22-11-2024T02:57:43 - [TEST_STEP][PASSED] - saveWorkbook(excelFilePath, workbook01): null

22-11-2024T02:57:44 - [TEST_STEP][PASSED] - vidget = "Показатели баланса электроэнергии по ДЗО – Факт": null

22-11-2024T02:57:44 - [TEST_STEP][PASSED] - typeOfData = "Факт Отпуск в сеть": null

22-11-2024T02:57:44 - [TEST_STEP][PASSED] - tabR = GetOvSFactR(x = a): null

22-11-2024T02:57:44 - [TEST_STEP][PASSED] - i1 = <not implemented yet for class: org.codehaus.groovy.ast.expr.EmptyExpression>: null

22-11-2024T02:57:44 - [TEST_STEP][PASSED] - ii = <not implemented yet for class: org.codehaus.groovy.ast.expr.EmptyExpression>: null

22-11-2024T02:57:44 - [TEST_STEP][PASSED] - for ([ii = 1, ii < 4, (ii++)]): null

22-11-2024T02:57:44 - [TEST_STEP][PASSED] - i1 = x.indexOf("/") + 1: null

22-11-2024T02:57:44 - [TEST_STEP][PASSED] - if (i1 > -1): null

22-11-2024T02:57:44 - [TEST_STEP][PASSED] - x = x.substring(i1, x.length()): null

22-11-2024T02:57:44 - [TEST_STEP][PASSED] - println(x): null

22-11-2024T02:57:44 - [TEST_STEP][PASSED] - i1 = x.indexOf("/") + 1: null

22-11-2024T02:57:44 - [TEST_STEP][PASSED] - if (i1 > -1): null

22-11-2024T02:57:44 - [TEST_STEP][PASSED] - x = x.substring(i1, x.length()): null

22-11-2024T02:57:44 - [TEST_STEP][PASSED] - println(x): null

22-11-2024T02:57:44 - [TEST_STEP][PASSED] - i1 = x.indexOf("/") + 1: null

22-11-2024T02:57:44 - [TEST_STEP][PASSED] - if (i1 > -1): null

22-11-2024T02:57:44 - [TEST_STEP][PASSED] - x = x.substring(i1, x.length()): null

22-11-2024T02:57:44 - [TEST_STEP][PASSED] - println(x): null

22-11-2024T02:57:44 - [TEST_STEP][PASSED] - i1 = x.indexOf("/"): null

22-11-2024T02:57:44 - [TEST_STEP][PASSED] - if (i1 > -1): null

22-11-2024T02:57:44 - [TEST_STEP][PASSED] - x = x.substring(0, i1): null

22-11-2024T02:57:44 - [TEST_STEP][PASSED] - println(x): null

22-11-2024T02:57:44 - [TEST_STEP][PASSED] - return x: null

22-11-2024T02:57:44 - [TEST_STEP][PASSED] - tabB = GetOvSFactB(x = b): null

22-11-2024T02:57:44 - [TEST_STEP][PASSED] - i1 = <not implemented yet for class: org.codehaus.groovy.ast.expr.EmptyExpression>: null

22-11-2024T02:57:44 - [TEST_STEP][PASSED] - ii = <not implemented yet for class: org.codehaus.groovy.ast.expr.EmptyExpression>: null

22-11-2024T02:57:44 - [TEST_STEP][PASSED] - for ([ii = 1, ii < 4, (ii++)]): null

22-11-2024T02:57:44 - [TEST_STEP][PASSED] - i1 = x.indexOf("/") + 1: null

22-11-2024T02:57:44 - [TEST_STEP][PASSED] - if (i1 > -1): null

22-11-2024T02:57:44 - [TEST_STEP][PASSED] - x = x.substring(i1, x.length()): null

22-11-2024T02:57:44 - [TEST_STEP][PASSED] - println(x): null

22-11-2024T02:57:44 - [TEST_STEP][PASSED] - i1 = x.indexOf("/") + 1: null

22-11-2024T02:57:44 - [TEST_STEP][PASSED] - if (i1 > -1): null

22-11-2024T02:57:44 - [TEST_STEP][PASSED] - x = x.substring(i1, x.length()): null

22-11-2024T02:57:44 - [TEST_STEP][PASSED] - println(x): null

22-11-2024T02:57:44 - [TEST_STEP][PASSED] - i1 = x.indexOf("/") + 1: null

22-11-2024T02:57:44 - [TEST_STEP][PASSED] - if (i1 > -1): null

22-11-2024T02:57:44 - [TEST_STEP][PASSED] - x = x.substring(i1, x.length()): null

22-11-2024T02:57:44 - [TEST_STEP][PASSED] - println(x): null

22-11-2024T02:57:44 - [TEST_STEP][PASSED] - i1 = x.indexOf("/"): null

22-11-2024T02:57:44 - [TEST_STEP][PASSED] - if (i1 > -1): null

22-11-2024T02:57:44 - [TEST_STEP][PASSED] - x = x.substring(0, i1): null

22-11-2024T02:57:44 - [TEST_STEP][PASSED] - println(x): null

22-11-2024T02:57:44 - [TEST_STEP][FAILED] - return x: null

22-11-2024T02:57:44 - [TEST_STEP][FAILED] - if (verifyEqual(tabR, tabB) == false): null

22-11-2024T02:57:44 - [MESSAGE][FAILED] - Unable to verify equal between actual object '192247697' and expected object '461243796' (Root cause: com.kms.katalon.core.exception.StepFailedException: Actual object '192247697' and expected object '461243796' are not equal
	at com.kms.katalon.core.keyword.builtin.VerifyEqualKeyword$_verifyEqual_closure1.doCall(VerifyEqualKeyword.groovy:58)
	at com.kms.katalon.core.keyword.builtin.VerifyEqualKeyword$_verifyEqual_closure1.call(VerifyEqualKeyword.groovy)
	at com.kms.katalon.core.keyword.internal.KeywordMain.runKeyword(KeywordMain.groovy:75)
	at com.kms.katalon.core.keyword.builtin.VerifyEqualKeyword.verifyEqual(VerifyEqualKeyword.groovy:63)
	at com.kms.katalon.core.keyword.builtin.VerifyEqualKeyword.execute(VerifyEqualKeyword.groovy:44)
	at com.kms.katalon.core.keyword.internal.KeywordExecutor.executeKeywordForPlatform(KeywordExecutor.groovy:74)
	at com.kms.katalon.core.keyword.BuiltinKeywords.verifyEqual(BuiltinKeywords.groovy:146)
	at java.base/jdk.internal.reflect.NativeMethodAccessorImpl.invoke0(Native Method)
	at java.base/jdk.internal.reflect.NativeMethodAccessorImpl.invoke(NativeMethodAccessorImpl.java:77)
	at java.base/jdk.internal.reflect.DelegatingMethodAccessorImpl.invoke(DelegatingMethodAccessorImpl.java:43)
	at Выполнение бизнес-плана сверка дашбордов.CompareDZOData(Выполнение бизнес-плана сверка дашбордов:706)
	at Выполнение бизнес-плана сверка дашбордов.run(Выполнение бизнес-плана сверка дашбордов:578)
	at com.kms.katalon.core.main.ScriptEngine.run(ScriptEngine.java:194)
	at com.kms.katalon.core.main.ScriptEngine.runScriptAsRawText(ScriptEngine.java:119)
	at com.kms.katalon.core.main.TestCaseExecutor.runScript(TestCaseExecutor.java:448)
	at com.kms.katalon.core.main.TestCaseExecutor.doExecute(TestCaseExecutor.java:439)
	at com.kms.katalon.core.main.TestCaseExecutor.processExecutionPhase(TestCaseExecutor.java:418)
	at com.kms.katalon.core.main.TestCaseExecutor.accessMainPhase(TestCaseExecutor.java:410)
	at com.kms.katalon.core.main.TestCaseExecutor.execute(TestCaseExecutor.java:285)
	at com.kms.katalon.core.common.CommonExecutor.accessTestCaseMainPhase(CommonExecutor.java:65)
	at com.kms.katalon.core.main.TestSuiteExecutor.accessTestSuiteMainPhase(TestSuiteExecutor.java:150)
	at com.kms.katalon.core.main.TestSuiteExecutor.execute(TestSuiteExecutor.java:106)
	at com.kms.katalon.core.main.TestCaseMain.startTestSuite(TestCaseMain.java:180)
	at TempTestSuite1732232929817.run(TempTestSuite1732232929817.groovy:35)
	at java.base/jdk.internal.reflect.NativeMethodAccessorImpl.invoke0(Native Method)
	at java.base/jdk.internal.reflect.NativeMethodAccessorImpl.invoke(NativeMethodAccessorImpl.java:77)
	at java.base/jdk.internal.reflect.DelegatingMethodAccessorImpl.invoke(DelegatingMethodAccessorImpl.java:43)
)

22-11-2024T02:57:44 - [TEST_STEP][PASSED] - result = WriteToExcel(typeOfData, todaysDate, PercPlanR, PercPlanB, PercFactR, PercFactB, x, tabR, tabB, o1R, o1B, vidget): null

22-11-2024T02:57:44 - [TEST_STEP][PASSED] - iii = dZO.indexOf("/"): null

22-11-2024T02:57:44 - [TEST_STEP][PASSED] - println(iii): null

22-11-2024T02:57:44 - [TEST_STEP][PASSED] - dZO = dZO.substring(0, iii): null

22-11-2024T02:57:44 - [TEST_STEP][PASSED] - println(dZO): null

22-11-2024T02:57:44 - [TEST_STEP][PASSED] - println(PercPlanR): null

22-11-2024T02:57:44 - [TEST_STEP][PASSED] - println(PercPlanB): null

22-11-2024T02:57:44 - [TEST_STEP][PASSED] - println(PercFactR): null

22-11-2024T02:57:44 - [TEST_STEP][PASSED] - println(PercFactB): null

22-11-2024T02:57:44 - [TEST_STEP][PASSED] - println(tabR): null

22-11-2024T02:57:44 - [TEST_STEP][PASSED] - println(tabB): null

22-11-2024T02:57:44 - [TEST_STEP][PASSED] - println(o1R): null

22-11-2024T02:57:44 - [TEST_STEP][PASSED] - println(o1B): null

22-11-2024T02:57:44 - [TEST_STEP][PASSED] - PR = <not implemented yet for class: org.codehaus.groovy.ast.expr.EmptyExpression>: null

22-11-2024T02:57:44 - [TEST_STEP][PASSED] - FR = <not implemented yet for class: org.codehaus.groovy.ast.expr.EmptyExpression>: null

22-11-2024T02:57:44 - [TEST_STEP][PASSED] - PB = <not implemented yet for class: org.codehaus.groovy.ast.expr.EmptyExpression>: null

22-11-2024T02:57:44 - [TEST_STEP][PASSED] - FB = <not implemented yet for class: org.codehaus.groovy.ast.expr.EmptyExpression>: null

22-11-2024T02:57:44 - [TEST_STEP][PASSED] - TR = <not implemented yet for class: org.codehaus.groovy.ast.expr.EmptyExpression>: null

22-11-2024T02:57:44 - [TEST_STEP][PASSED] - TB = <not implemented yet for class: org.codehaus.groovy.ast.expr.EmptyExpression>: null

22-11-2024T02:57:44 - [TEST_STEP][PASSED] - sheetName = "Sheet1": null

22-11-2024T02:57:44 - [TEST_STEP][PASSED] - data = findTestData("PlanFact"): null

22-11-2024T02:57:44 - [TEST_STEP][PASSED] - n = data.getRowNumbers() + 1: null

22-11-2024T02:57:44 - [TEST_STEP][PASSED] - year = todaysDate.substring(todaysDate.length() - 4, todaysDate.length()): null

22-11-2024T02:57:44 - [TEST_STEP][PASSED] - y = year.toInteger(): null

22-11-2024T02:57:44 - [TEST_STEP][PASSED] - m = getText(findTestObject("Выполнение бизнес-плана/Выполнение бизнес-плана Балансы/Фильтр Дата")): Text of object 'Object Repository/Выполнение бизнес-плана/Выполнение бизнес-плана Балансы/Фильтр Дата' is: '1, 2, 3 кв. 2024 года'

22-11-2024T02:57:44 - [MESSAGE][PASSED] - Text of object 'Object Repository/Выполнение бизнес-плана/Выполнение бизнес-плана Балансы/Фильтр Дата' is: '1, 2, 3 кв. 2024 года'

22-11-2024T02:57:44 - [TEST_STEP][PASSED] - m = m.substring(0, m.indexOf("2024")): null

22-11-2024T02:57:44 - [TEST_STEP][PASSED] - m = m.trim(): null

22-11-2024T02:57:44 - [TEST_STEP][PASSED] - dashboardName = "Выполнение бизнес-плана": null

22-11-2024T02:57:44 - [TEST_STEP][PASSED] - workbook01 = getWorkbook(excelFilePath): null

22-11-2024T02:57:44 - [TEST_STEP][PASSED] - sheet01 = getExcelSheet(workbook01, sheetName): null

22-11-2024T02:57:44 - [TEST_STEP][PASSED] - setValueToCellByIndex(sheet01, n, 0, dashboardName): null

22-11-2024T02:57:44 - [TEST_STEP][PASSED] - setValueToCellByIndex(sheet01, n, 1, dZO): null

22-11-2024T02:57:44 - [TEST_STEP][PASSED] - setValueToCellByIndex(sheet01, n, 2, typeOfData): null

22-11-2024T02:57:44 - [TEST_STEP][PASSED] - setValueToCellByIndex(sheet01, n, 3, typeOfData): null

22-11-2024T02:57:44 - [TEST_STEP][PASSED] - if (typeOfData == "План"): null

22-11-2024T02:57:44 - [TEST_STEP][PASSED] - else if (typeOfData == "Факт"): null

22-11-2024T02:57:44 - [TEST_STEP][PASSED] - else if (vidget.contains("электроэнергии") == true): null

22-11-2024T02:57:44 - [TEST_STEP][PASSED] - if (tabR == null): null

22-11-2024T02:57:44 - [TEST_STEP][PASSED] - else: null

22-11-2024T02:57:44 - [TEST_STEP][PASSED] - if (tabR == "нет данных"): null

22-11-2024T02:57:44 - [TEST_STEP][PASSED] - else: null

22-11-2024T02:57:44 - [TEST_STEP][PASSED] - TR = tabR.toInteger(): null

22-11-2024T02:57:44 - [TEST_STEP][PASSED] - setValueToCellByIndex(sheet01, n, 4, TR): null

22-11-2024T02:57:44 - [TEST_STEP][PASSED] - if (tabB == null): null

22-11-2024T02:57:44 - [TEST_STEP][PASSED] - else: null

22-11-2024T02:57:44 - [TEST_STEP][PASSED] - if (tabB == "нет данных"): null

22-11-2024T02:57:44 - [TEST_STEP][PASSED] - else: null

22-11-2024T02:57:44 - [TEST_STEP][PASSED] - TB = tabB.toInteger(): null

22-11-2024T02:57:44 - [TEST_STEP][PASSED] - setValueToCellByIndex(sheet01, n, 5, TB): null

22-11-2024T02:57:44 - [TEST_STEP][PASSED] - setValueToCellByIndex(sheet01, n, 6, m): null

22-11-2024T02:57:44 - [TEST_STEP][PASSED] - setValueToCellByIndex(sheet01, n, 7, y): null

22-11-2024T02:57:44 - [TEST_STEP][PASSED] - setValueToCellByIndex(sheet01, n, 8, todaysDate): null

22-11-2024T02:57:44 - [TEST_STEP][PASSED] - n = n + 1: null

22-11-2024T02:57:44 - [TEST_STEP][PASSED] - saveWorkbook(excelFilePath, workbook01): null

22-11-2024T02:57:44 - [TEST_STEP][PASSED] - typeOfData = "Факт Отпуск из сети": null

22-11-2024T02:57:44 - [TEST_STEP][PASSED] - tabR = GetOiSFactR(x = a): null

22-11-2024T02:57:44 - [TEST_STEP][PASSED] - i1 = <not implemented yet for class: org.codehaus.groovy.ast.expr.EmptyExpression>: null

22-11-2024T02:57:44 - [TEST_STEP][PASSED] - ii = <not implemented yet for class: org.codehaus.groovy.ast.expr.EmptyExpression>: null

22-11-2024T02:57:44 - [TEST_STEP][PASSED] - for ([ii = 1, ii < 5, (ii++)]): null

22-11-2024T02:57:44 - [TEST_STEP][PASSED] - i1 = x.indexOf("/") + 1: null

22-11-2024T02:57:44 - [TEST_STEP][PASSED] - if (i1 > -1): null

22-11-2024T02:57:44 - [TEST_STEP][PASSED] - x = x.substring(i1, x.length()): null

22-11-2024T02:57:44 - [TEST_STEP][PASSED] - println(x): null

22-11-2024T02:57:44 - [TEST_STEP][PASSED] - i1 = x.indexOf("/") + 1: null

22-11-2024T02:57:44 - [TEST_STEP][PASSED] - if (i1 > -1): null

22-11-2024T02:57:44 - [TEST_STEP][PASSED] - x = x.substring(i1, x.length()): null

22-11-2024T02:57:44 - [TEST_STEP][PASSED] - println(x): null

22-11-2024T02:57:44 - [TEST_STEP][PASSED] - i1 = x.indexOf("/") + 1: null

22-11-2024T02:57:44 - [TEST_STEP][PASSED] - if (i1 > -1): null

22-11-2024T02:57:44 - [TEST_STEP][PASSED] - x = x.substring(i1, x.length()): null

22-11-2024T02:57:44 - [TEST_STEP][PASSED] - println(x): null

22-11-2024T02:57:44 - [TEST_STEP][PASSED] - i1 = x.indexOf("/") + 1: null

22-11-2024T02:57:44 - [TEST_STEP][PASSED] - if (i1 > -1): null

22-11-2024T02:57:44 - [TEST_STEP][PASSED] - x = x.substring(i1, x.length()): null

22-11-2024T02:57:44 - [TEST_STEP][PASSED] - println(x): null

22-11-2024T02:57:44 - [TEST_STEP][PASSED] - i1 = x.indexOf("/"): null

22-11-2024T02:57:44 - [TEST_STEP][PASSED] - if (i1 > -1): null

22-11-2024T02:57:44 - [TEST_STEP][PASSED] - x = x.substring(0, i1): null

22-11-2024T02:57:44 - [TEST_STEP][PASSED] - println(x): null

22-11-2024T02:57:44 - [TEST_STEP][PASSED] - return x: null

22-11-2024T02:57:44 - [TEST_STEP][PASSED] - tabB = GetOiSFactB(x = b): null

22-11-2024T02:57:44 - [TEST_STEP][PASSED] - i1 = <not implemented yet for class: org.codehaus.groovy.ast.expr.EmptyExpression>: null

22-11-2024T02:57:44 - [TEST_STEP][PASSED] - ii = <not implemented yet for class: org.codehaus.groovy.ast.expr.EmptyExpression>: null

22-11-2024T02:57:44 - [TEST_STEP][PASSED] - for ([ii = 1, ii < 5, (ii++)]): null

22-11-2024T02:57:44 - [TEST_STEP][PASSED] - i1 = x.indexOf("/") + 1: null

22-11-2024T02:57:44 - [TEST_STEP][PASSED] - if (i1 > -1): null

22-11-2024T02:57:44 - [TEST_STEP][PASSED] - x = x.substring(i1, x.length()): null

22-11-2024T02:57:44 - [TEST_STEP][PASSED] - println(x): null

22-11-2024T02:57:44 - [TEST_STEP][PASSED] - i1 = x.indexOf("/") + 1: null

22-11-2024T02:57:44 - [TEST_STEP][PASSED] - if (i1 > -1): null

22-11-2024T02:57:44 - [TEST_STEP][PASSED] - x = x.substring(i1, x.length()): null

22-11-2024T02:57:44 - [TEST_STEP][PASSED] - println(x): null

22-11-2024T02:57:44 - [TEST_STEP][PASSED] - i1 = x.indexOf("/") + 1: null

22-11-2024T02:57:44 - [TEST_STEP][PASSED] - if (i1 > -1): null

22-11-2024T02:57:44 - [TEST_STEP][PASSED] - x = x.substring(i1, x.length()): null

22-11-2024T02:57:44 - [TEST_STEP][PASSED] - println(x): null

22-11-2024T02:57:44 - [TEST_STEP][PASSED] - i1 = x.indexOf("/") + 1: null

22-11-2024T02:57:44 - [TEST_STEP][PASSED] - if (i1 > -1): null

22-11-2024T02:57:44 - [TEST_STEP][PASSED] - x = x.substring(i1, x.length()): null

22-11-2024T02:57:44 - [TEST_STEP][PASSED] - println(x): null

22-11-2024T02:57:44 - [TEST_STEP][PASSED] - i1 = x.indexOf("/"): null

22-11-2024T02:57:44 - [TEST_STEP][PASSED] - if (i1 > -1): null

22-11-2024T02:57:44 - [TEST_STEP][PASSED] - x = x.substring(0, i1): null

22-11-2024T02:57:44 - [TEST_STEP][PASSED] - println(x): null

22-11-2024T02:57:44 - [TEST_STEP][FAILED] - return x: null

22-11-2024T02:57:44 - [TEST_STEP][FAILED] - if (verifyEqual(tabR, tabB) == false): null

22-11-2024T02:57:44 - [MESSAGE][FAILED] - Unable to verify equal between actual object '175051868' and expected object '425411506' (Root cause: com.kms.katalon.core.exception.StepFailedException: Actual object '175051868' and expected object '425411506' are not equal
	at com.kms.katalon.core.keyword.builtin.VerifyEqualKeyword$_verifyEqual_closure1.doCall(VerifyEqualKeyword.groovy:58)
	at com.kms.katalon.core.keyword.builtin.VerifyEqualKeyword$_verifyEqual_closure1.call(VerifyEqualKeyword.groovy)
	at com.kms.katalon.core.keyword.internal.KeywordMain.runKeyword(KeywordMain.groovy:75)
	at com.kms.katalon.core.keyword.builtin.VerifyEqualKeyword.verifyEqual(VerifyEqualKeyword.groovy:63)
	at com.kms.katalon.core.keyword.builtin.VerifyEqualKeyword.execute(VerifyEqualKeyword.groovy:44)
	at com.kms.katalon.core.keyword.internal.KeywordExecutor.executeKeywordForPlatform(KeywordExecutor.groovy:74)
	at com.kms.katalon.core.keyword.BuiltinKeywords.verifyEqual(BuiltinKeywords.groovy:146)
	at java.base/jdk.internal.reflect.NativeMethodAccessorImpl.invoke0(Native Method)
	at java.base/jdk.internal.reflect.NativeMethodAccessorImpl.invoke(NativeMethodAccessorImpl.java:77)
	at java.base/jdk.internal.reflect.DelegatingMethodAccessorImpl.invoke(DelegatingMethodAccessorImpl.java:43)
	at Выполнение бизнес-плана сверка дашбордов.CompareDZOData(Выполнение бизнес-плана сверка дашбордов:717)
	at Выполнение бизнес-плана сверка дашбордов.run(Выполнение бизнес-плана сверка дашбордов:578)
	at com.kms.katalon.core.main.ScriptEngine.run(ScriptEngine.java:194)
	at com.kms.katalon.core.main.ScriptEngine.runScriptAsRawText(ScriptEngine.java:119)
	at com.kms.katalon.core.main.TestCaseExecutor.runScript(TestCaseExecutor.java:448)
	at com.kms.katalon.core.main.TestCaseExecutor.doExecute(TestCaseExecutor.java:439)
	at com.kms.katalon.core.main.TestCaseExecutor.processExecutionPhase(TestCaseExecutor.java:418)
	at com.kms.katalon.core.main.TestCaseExecutor.accessMainPhase(TestCaseExecutor.java:410)
	at com.kms.katalon.core.main.TestCaseExecutor.execute(TestCaseExecutor.java:285)
	at com.kms.katalon.core.common.CommonExecutor.accessTestCaseMainPhase(CommonExecutor.java:65)
	at com.kms.katalon.core.main.TestSuiteExecutor.accessTestSuiteMainPhase(TestSuiteExecutor.java:150)
	at com.kms.katalon.core.main.TestSuiteExecutor.execute(TestSuiteExecutor.java:106)
	at com.kms.katalon.core.main.TestCaseMain.startTestSuite(TestCaseMain.java:180)
	at TempTestSuite1732232929817.run(TempTestSuite1732232929817.groovy:35)
	at java.base/jdk.internal.reflect.NativeMethodAccessorImpl.invoke0(Native Method)
	at java.base/jdk.internal.reflect.NativeMethodAccessorImpl.invoke(NativeMethodAccessorImpl.java:77)
	at java.base/jdk.internal.reflect.DelegatingMethodAccessorImpl.invoke(DelegatingMethodAccessorImpl.java:43)
)

22-11-2024T02:57:44 - [TEST_STEP][PASSED] - result = WriteToExcel(typeOfData, todaysDate, PercPlanR, PercPlanB, PercFactR, PercFactB, x, tabR, tabB, o1R, o1B, vidget): null

22-11-2024T02:57:44 - [TEST_STEP][PASSED] - iii = dZO.indexOf("/"): null

22-11-2024T02:57:44 - [TEST_STEP][PASSED] - println(iii): null

22-11-2024T02:57:44 - [TEST_STEP][PASSED] - dZO = dZO.substring(0, iii): null

22-11-2024T02:57:44 - [TEST_STEP][PASSED] - println(dZO): null

22-11-2024T02:57:44 - [TEST_STEP][PASSED] - println(PercPlanR): null

22-11-2024T02:57:44 - [TEST_STEP][PASSED] - println(PercPlanB): null

22-11-2024T02:57:44 - [TEST_STEP][PASSED] - println(PercFactR): null

22-11-2024T02:57:44 - [TEST_STEP][PASSED] - println(PercFactB): null

22-11-2024T02:57:44 - [TEST_STEP][PASSED] - println(tabR): null

22-11-2024T02:57:44 - [TEST_STEP][PASSED] - println(tabB): null

22-11-2024T02:57:44 - [TEST_STEP][PASSED] - println(o1R): null

22-11-2024T02:57:44 - [TEST_STEP][PASSED] - println(o1B): null

22-11-2024T02:57:44 - [TEST_STEP][PASSED] - PR = <not implemented yet for class: org.codehaus.groovy.ast.expr.EmptyExpression>: null

22-11-2024T02:57:44 - [TEST_STEP][PASSED] - FR = <not implemented yet for class: org.codehaus.groovy.ast.expr.EmptyExpression>: null

22-11-2024T02:57:44 - [TEST_STEP][PASSED] - PB = <not implemented yet for class: org.codehaus.groovy.ast.expr.EmptyExpression>: null

22-11-2024T02:57:44 - [TEST_STEP][PASSED] - FB = <not implemented yet for class: org.codehaus.groovy.ast.expr.EmptyExpression>: null

22-11-2024T02:57:44 - [TEST_STEP][PASSED] - TR = <not implemented yet for class: org.codehaus.groovy.ast.expr.EmptyExpression>: null

22-11-2024T02:57:44 - [TEST_STEP][PASSED] - TB = <not implemented yet for class: org.codehaus.groovy.ast.expr.EmptyExpression>: null

22-11-2024T02:57:44 - [TEST_STEP][PASSED] - sheetName = "Sheet1": null

22-11-2024T02:57:44 - [TEST_STEP][PASSED] - data = findTestData("PlanFact"): null

22-11-2024T02:57:44 - [TEST_STEP][PASSED] - n = data.getRowNumbers() + 1: null

22-11-2024T02:57:44 - [TEST_STEP][PASSED] - year = todaysDate.substring(todaysDate.length() - 4, todaysDate.length()): null

22-11-2024T02:57:44 - [TEST_STEP][PASSED] - y = year.toInteger(): null

22-11-2024T02:57:44 - [TEST_STEP][PASSED] - m = getText(findTestObject("Выполнение бизнес-плана/Выполнение бизнес-плана Балансы/Фильтр Дата")): Text of object 'Object Repository/Выполнение бизнес-плана/Выполнение бизнес-плана Балансы/Фильтр Дата' is: '1, 2, 3 кв. 2024 года'

22-11-2024T02:57:45 - [MESSAGE][PASSED] - Text of object 'Object Repository/Выполнение бизнес-плана/Выполнение бизнес-плана Балансы/Фильтр Дата' is: '1, 2, 3 кв. 2024 года'

22-11-2024T02:57:45 - [TEST_STEP][PASSED] - m = m.substring(0, m.indexOf("2024")): null

22-11-2024T02:57:45 - [TEST_STEP][PASSED] - m = m.trim(): null

22-11-2024T02:57:45 - [TEST_STEP][PASSED] - dashboardName = "Выполнение бизнес-плана": null

22-11-2024T02:57:45 - [TEST_STEP][PASSED] - workbook01 = getWorkbook(excelFilePath): null

22-11-2024T02:57:45 - [TEST_STEP][PASSED] - sheet01 = getExcelSheet(workbook01, sheetName): null

22-11-2024T02:57:45 - [TEST_STEP][PASSED] - setValueToCellByIndex(sheet01, n, 0, dashboardName): null

22-11-2024T02:57:45 - [TEST_STEP][PASSED] - setValueToCellByIndex(sheet01, n, 1, dZO): null

22-11-2024T02:57:45 - [TEST_STEP][PASSED] - setValueToCellByIndex(sheet01, n, 2, typeOfData): null

22-11-2024T02:57:45 - [TEST_STEP][PASSED] - setValueToCellByIndex(sheet01, n, 3, typeOfData): null

22-11-2024T02:57:45 - [TEST_STEP][PASSED] - if (typeOfData == "План"): null

22-11-2024T02:57:45 - [TEST_STEP][PASSED] - else if (typeOfData == "Факт"): null

22-11-2024T02:57:45 - [TEST_STEP][PASSED] - else if (vidget.contains("электроэнергии") == true): null

22-11-2024T02:57:45 - [TEST_STEP][PASSED] - if (tabR == null): null

22-11-2024T02:57:45 - [TEST_STEP][PASSED] - else: null

22-11-2024T02:57:45 - [TEST_STEP][PASSED] - if (tabR == "нет данных"): null

22-11-2024T02:57:45 - [TEST_STEP][PASSED] - else: null

22-11-2024T02:57:45 - [TEST_STEP][PASSED] - TR = tabR.toInteger(): null

22-11-2024T02:57:45 - [TEST_STEP][PASSED] - setValueToCellByIndex(sheet01, n, 4, TR): null

22-11-2024T02:57:45 - [TEST_STEP][PASSED] - if (tabB == null): null

22-11-2024T02:57:45 - [TEST_STEP][PASSED] - else: null

22-11-2024T02:57:45 - [TEST_STEP][PASSED] - if (tabB == "нет данных"): null

22-11-2024T02:57:45 - [TEST_STEP][PASSED] - else: null

22-11-2024T02:57:45 - [TEST_STEP][PASSED] - TB = tabB.toInteger(): null

22-11-2024T02:57:45 - [TEST_STEP][PASSED] - setValueToCellByIndex(sheet01, n, 5, TB): null

22-11-2024T02:57:45 - [TEST_STEP][PASSED] - setValueToCellByIndex(sheet01, n, 6, m): null

22-11-2024T02:57:45 - [TEST_STEP][PASSED] - setValueToCellByIndex(sheet01, n, 7, y): null

22-11-2024T02:57:45 - [TEST_STEP][PASSED] - setValueToCellByIndex(sheet01, n, 8, todaysDate): null

22-11-2024T02:57:45 - [TEST_STEP][PASSED] - n = n + 1: null

22-11-2024T02:57:45 - [TEST_STEP][PASSED] - saveWorkbook(excelFilePath, workbook01): null

22-11-2024T02:57:45 - [TEST_STEP][PASSED] - typeOfData = "Факт Потери": null

22-11-2024T02:57:45 - [TEST_STEP][PASSED] - tabR = GetPFactR(x = a): null

22-11-2024T02:57:45 - [TEST_STEP][PASSED] - i1 = <not implemented yet for class: org.codehaus.groovy.ast.expr.EmptyExpression>: null

22-11-2024T02:57:45 - [TEST_STEP][PASSED] - ii = <not implemented yet for class: org.codehaus.groovy.ast.expr.EmptyExpression>: null

22-11-2024T02:57:45 - [TEST_STEP][PASSED] - for ([ii = 1, ii < 6, (ii++)]): null

22-11-2024T02:57:45 - [TEST_STEP][PASSED] - i1 = x.indexOf("/") + 1: null

22-11-2024T02:57:45 - [TEST_STEP][PASSED] - if (i1 > -1): null

22-11-2024T02:57:45 - [TEST_STEP][PASSED] - x = x.substring(i1, x.length()): null

22-11-2024T02:57:45 - [TEST_STEP][PASSED] - println(x): null

22-11-2024T02:57:45 - [TEST_STEP][PASSED] - i1 = x.indexOf("/") + 1: null

22-11-2024T02:57:45 - [TEST_STEP][PASSED] - if (i1 > -1): null

22-11-2024T02:57:45 - [TEST_STEP][PASSED] - x = x.substring(i1, x.length()): null

22-11-2024T02:57:45 - [TEST_STEP][PASSED] - println(x): null

22-11-2024T02:57:45 - [TEST_STEP][PASSED] - i1 = x.indexOf("/") + 1: null

22-11-2024T02:57:45 - [TEST_STEP][PASSED] - if (i1 > -1): null

22-11-2024T02:57:45 - [TEST_STEP][PASSED] - x = x.substring(i1, x.length()): null

22-11-2024T02:57:45 - [TEST_STEP][PASSED] - println(x): null

22-11-2024T02:57:45 - [TEST_STEP][PASSED] - i1 = x.indexOf("/") + 1: null

22-11-2024T02:57:45 - [TEST_STEP][PASSED] - if (i1 > -1): null

22-11-2024T02:57:45 - [TEST_STEP][PASSED] - x = x.substring(i1, x.length()): null

22-11-2024T02:57:45 - [TEST_STEP][PASSED] - println(x): null

22-11-2024T02:57:45 - [TEST_STEP][PASSED] - i1 = x.indexOf("/") + 1: null

22-11-2024T02:57:45 - [TEST_STEP][PASSED] - if (i1 > -1): null

22-11-2024T02:57:45 - [TEST_STEP][PASSED] - x = x.substring(i1, x.length()): null

22-11-2024T02:57:45 - [TEST_STEP][PASSED] - println(x): null

22-11-2024T02:57:45 - [TEST_STEP][PASSED] - i1 = x.indexOf("/"): null

22-11-2024T02:57:45 - [TEST_STEP][PASSED] - if (i1 > -1): null

22-11-2024T02:57:45 - [TEST_STEP][PASSED] - x = x.substring(0, i1): null

22-11-2024T02:57:45 - [TEST_STEP][PASSED] - println(x): null

22-11-2024T02:57:45 - [TEST_STEP][PASSED] - return x: null

22-11-2024T02:57:45 - [TEST_STEP][PASSED] - tabB = GetPFactB(x = b): null

22-11-2024T02:57:45 - [TEST_STEP][PASSED] - i1 = <not implemented yet for class: org.codehaus.groovy.ast.expr.EmptyExpression>: null

22-11-2024T02:57:45 - [TEST_STEP][PASSED] - ii = <not implemented yet for class: org.codehaus.groovy.ast.expr.EmptyExpression>: null

22-11-2024T02:57:45 - [TEST_STEP][PASSED] - for ([ii = 1, ii < 6, (ii++)]): null

22-11-2024T02:57:45 - [TEST_STEP][PASSED] - i1 = x.indexOf("/") + 1: null

22-11-2024T02:57:45 - [TEST_STEP][PASSED] - if (i1 > -1): null

22-11-2024T02:57:45 - [TEST_STEP][PASSED] - x = x.substring(i1, x.length()): null

22-11-2024T02:57:45 - [TEST_STEP][PASSED] - println(x): null

22-11-2024T02:57:45 - [TEST_STEP][PASSED] - i1 = x.indexOf("/") + 1: null

22-11-2024T02:57:45 - [TEST_STEP][PASSED] - if (i1 > -1): null

22-11-2024T02:57:45 - [TEST_STEP][PASSED] - x = x.substring(i1, x.length()): null

22-11-2024T02:57:45 - [TEST_STEP][PASSED] - println(x): null

22-11-2024T02:57:45 - [TEST_STEP][PASSED] - i1 = x.indexOf("/") + 1: null

22-11-2024T02:57:45 - [TEST_STEP][PASSED] - if (i1 > -1): null

22-11-2024T02:57:45 - [TEST_STEP][PASSED] - x = x.substring(i1, x.length()): null

22-11-2024T02:57:45 - [TEST_STEP][PASSED] - println(x): null

22-11-2024T02:57:45 - [TEST_STEP][PASSED] - i1 = x.indexOf("/") + 1: null

22-11-2024T02:57:45 - [TEST_STEP][PASSED] - if (i1 > -1): null

22-11-2024T02:57:45 - [TEST_STEP][PASSED] - x = x.substring(i1, x.length()): null

22-11-2024T02:57:45 - [TEST_STEP][PASSED] - println(x): null

22-11-2024T02:57:45 - [TEST_STEP][PASSED] - i1 = x.indexOf("/") + 1: null

22-11-2024T02:57:45 - [TEST_STEP][PASSED] - if (i1 > -1): null

22-11-2024T02:57:45 - [TEST_STEP][PASSED] - x = x.substring(i1, x.length()): null

22-11-2024T02:57:45 - [TEST_STEP][PASSED] - println(x): null

22-11-2024T02:57:45 - [TEST_STEP][PASSED] - i1 = x.indexOf("/"): null

22-11-2024T02:57:45 - [TEST_STEP][PASSED] - if (i1 > -1): null

22-11-2024T02:57:45 - [TEST_STEP][PASSED] - x = x.substring(0, i1): null

22-11-2024T02:57:45 - [TEST_STEP][PASSED] - println(x): null

22-11-2024T02:57:45 - [TEST_STEP][FAILED] - return x: null

22-11-2024T02:57:45 - [TEST_STEP][PASSED] - println(tabR + "/" + tabB): null

22-11-2024T02:57:45 - [TEST_STEP][FAILED] - if (verifyEqual(tabR, tabB) == false): null

22-11-2024T02:57:45 - [MESSAGE][FAILED] - Unable to verify equal between actual object '17195829' and expected object '35832290' (Root cause: com.kms.katalon.core.exception.StepFailedException: Actual object '17195829' and expected object '35832290' are not equal
	at com.kms.katalon.core.keyword.builtin.VerifyEqualKeyword$_verifyEqual_closure1.doCall(VerifyEqualKeyword.groovy:58)
	at com.kms.katalon.core.keyword.builtin.VerifyEqualKeyword$_verifyEqual_closure1.call(VerifyEqualKeyword.groovy)
	at com.kms.katalon.core.keyword.internal.KeywordMain.runKeyword(KeywordMain.groovy:75)
	at com.kms.katalon.core.keyword.builtin.VerifyEqualKeyword.verifyEqual(VerifyEqualKeyword.groovy:63)
	at com.kms.katalon.core.keyword.builtin.VerifyEqualKeyword.execute(VerifyEqualKeyword.groovy:44)
	at com.kms.katalon.core.keyword.internal.KeywordExecutor.executeKeywordForPlatform(KeywordExecutor.groovy:74)
	at com.kms.katalon.core.keyword.BuiltinKeywords.verifyEqual(BuiltinKeywords.groovy:146)
	at java.base/jdk.internal.reflect.NativeMethodAccessorImpl.invoke0(Native Method)
	at java.base/jdk.internal.reflect.NativeMethodAccessorImpl.invoke(NativeMethodAccessorImpl.java:77)
	at java.base/jdk.internal.reflect.DelegatingMethodAccessorImpl.invoke(DelegatingMethodAccessorImpl.java:43)
	at Выполнение бизнес-плана сверка дашбордов.CompareDZOData(Выполнение бизнес-плана сверка дашбордов:730)
	at Выполнение бизнес-плана сверка дашбордов.run(Выполнение бизнес-плана сверка дашбордов:578)
	at com.kms.katalon.core.main.ScriptEngine.run(ScriptEngine.java:194)
	at com.kms.katalon.core.main.ScriptEngine.runScriptAsRawText(ScriptEngine.java:119)
	at com.kms.katalon.core.main.TestCaseExecutor.runScript(TestCaseExecutor.java:448)
	at com.kms.katalon.core.main.TestCaseExecutor.doExecute(TestCaseExecutor.java:439)
	at com.kms.katalon.core.main.TestCaseExecutor.processExecutionPhase(TestCaseExecutor.java:418)
	at com.kms.katalon.core.main.TestCaseExecutor.accessMainPhase(TestCaseExecutor.java:410)
	at com.kms.katalon.core.main.TestCaseExecutor.execute(TestCaseExecutor.java:285)
	at com.kms.katalon.core.common.CommonExecutor.accessTestCaseMainPhase(CommonExecutor.java:65)
	at com.kms.katalon.core.main.TestSuiteExecutor.accessTestSuiteMainPhase(TestSuiteExecutor.java:150)
	at com.kms.katalon.core.main.TestSuiteExecutor.execute(TestSuiteExecutor.java:106)
	at com.kms.katalon.core.main.TestCaseMain.startTestSuite(TestCaseMain.java:180)
	at TempTestSuite1732232929817.run(TempTestSuite1732232929817.groovy:35)
	at java.base/jdk.internal.reflect.NativeMethodAccessorImpl.invoke0(Native Method)
	at java.base/jdk.internal.reflect.NativeMethodAccessorImpl.invoke(NativeMethodAccessorImpl.java:77)
	at java.base/jdk.internal.reflect.DelegatingMethodAccessorImpl.invoke(DelegatingMethodAccessorImpl.java:43)
)

22-11-2024T02:57:45 - [TEST_STEP][PASSED] - result = WriteToExcel(typeOfData, todaysDate, PercPlanR, PercPlanB, PercFactR, PercFactB, x, tabR, tabB, o1R, o1B, vidget): null

22-11-2024T02:57:45 - [TEST_STEP][PASSED] - iii = dZO.indexOf("/"): null

22-11-2024T02:57:45 - [TEST_STEP][PASSED] - println(iii): null

22-11-2024T02:57:45 - [TEST_STEP][PASSED] - dZO = dZO.substring(0, iii): null

22-11-2024T02:57:45 - [TEST_STEP][PASSED] - println(dZO): null

22-11-2024T02:57:45 - [TEST_STEP][PASSED] - println(PercPlanR): null

22-11-2024T02:57:45 - [TEST_STEP][PASSED] - println(PercPlanB): null

22-11-2024T02:57:45 - [TEST_STEP][PASSED] - println(PercFactR): null

22-11-2024T02:57:45 - [TEST_STEP][PASSED] - println(PercFactB): null

22-11-2024T02:57:45 - [TEST_STEP][PASSED] - println(tabR): null

22-11-2024T02:57:45 - [TEST_STEP][PASSED] - println(tabB): null

22-11-2024T02:57:45 - [TEST_STEP][PASSED] - println(o1R): null

22-11-2024T02:57:45 - [TEST_STEP][PASSED] - println(o1B): null

22-11-2024T02:57:45 - [TEST_STEP][PASSED] - PR = <not implemented yet for class: org.codehaus.groovy.ast.expr.EmptyExpression>: null

22-11-2024T02:57:45 - [TEST_STEP][PASSED] - FR = <not implemented yet for class: org.codehaus.groovy.ast.expr.EmptyExpression>: null

22-11-2024T02:57:45 - [TEST_STEP][PASSED] - PB = <not implemented yet for class: org.codehaus.groovy.ast.expr.EmptyExpression>: null

22-11-2024T02:57:45 - [TEST_STEP][PASSED] - FB = <not implemented yet for class: org.codehaus.groovy.ast.expr.EmptyExpression>: null

22-11-2024T02:57:45 - [TEST_STEP][PASSED] - TR = <not implemented yet for class: org.codehaus.groovy.ast.expr.EmptyExpression>: null

22-11-2024T02:57:45 - [TEST_STEP][PASSED] - TB = <not implemented yet for class: org.codehaus.groovy.ast.expr.EmptyExpression>: null

22-11-2024T02:57:45 - [TEST_STEP][PASSED] - sheetName = "Sheet1": null

22-11-2024T02:57:45 - [TEST_STEP][PASSED] - data = findTestData("PlanFact"): null

22-11-2024T02:57:45 - [TEST_STEP][PASSED] - n = data.getRowNumbers() + 1: null

22-11-2024T02:57:45 - [TEST_STEP][PASSED] - year = todaysDate.substring(todaysDate.length() - 4, todaysDate.length()): null

22-11-2024T02:57:45 - [TEST_STEP][PASSED] - y = year.toInteger(): null

22-11-2024T02:57:45 - [TEST_STEP][PASSED] - m = getText(findTestObject("Выполнение бизнес-плана/Выполнение бизнес-плана Балансы/Фильтр Дата")): Text of object 'Object Repository/Выполнение бизнес-плана/Выполнение бизнес-плана Балансы/Фильтр Дата' is: '1, 2, 3 кв. 2024 года'

22-11-2024T02:57:45 - [MESSAGE][PASSED] - Text of object 'Object Repository/Выполнение бизнес-плана/Выполнение бизнес-плана Балансы/Фильтр Дата' is: '1, 2, 3 кв. 2024 года'

22-11-2024T02:57:45 - [TEST_STEP][PASSED] - m = m.substring(0, m.indexOf("2024")): null

22-11-2024T02:57:45 - [TEST_STEP][PASSED] - m = m.trim(): null

22-11-2024T02:57:45 - [TEST_STEP][PASSED] - dashboardName = "Выполнение бизнес-плана": null

22-11-2024T02:57:45 - [TEST_STEP][PASSED] - workbook01 = getWorkbook(excelFilePath): null

22-11-2024T02:57:45 - [TEST_STEP][PASSED] - sheet01 = getExcelSheet(workbook01, sheetName): null

22-11-2024T02:57:45 - [TEST_STEP][PASSED] - setValueToCellByIndex(sheet01, n, 0, dashboardName): null

22-11-2024T02:57:45 - [TEST_STEP][PASSED] - setValueToCellByIndex(sheet01, n, 1, dZO): null

22-11-2024T02:57:45 - [TEST_STEP][PASSED] - setValueToCellByIndex(sheet01, n, 2, typeOfData): null

22-11-2024T02:57:45 - [TEST_STEP][PASSED] - setValueToCellByIndex(sheet01, n, 3, typeOfData): null

22-11-2024T02:57:45 - [TEST_STEP][PASSED] - if (typeOfData == "План"): null

22-11-2024T02:57:45 - [TEST_STEP][PASSED] - else if (typeOfData == "Факт"): null

22-11-2024T02:57:45 - [TEST_STEP][PASSED] - else if (vidget.contains("электроэнергии") == true): null

22-11-2024T02:57:45 - [TEST_STEP][PASSED] - if (tabR == null): null

22-11-2024T02:57:45 - [TEST_STEP][PASSED] - else: null

22-11-2024T02:57:45 - [TEST_STEP][PASSED] - if (tabR == "нет данных"): null

22-11-2024T02:57:45 - [TEST_STEP][PASSED] - else: null

22-11-2024T02:57:45 - [TEST_STEP][PASSED] - TR = tabR.toInteger(): null

22-11-2024T02:57:45 - [TEST_STEP][PASSED] - setValueToCellByIndex(sheet01, n, 4, TR): null

22-11-2024T02:57:45 - [TEST_STEP][PASSED] - if (tabB == null): null

22-11-2024T02:57:45 - [TEST_STEP][PASSED] - else: null

22-11-2024T02:57:45 - [TEST_STEP][PASSED] - if (tabB == "нет данных"): null

22-11-2024T02:57:45 - [TEST_STEP][PASSED] - else: null

22-11-2024T02:57:45 - [TEST_STEP][PASSED] - TB = tabB.toInteger(): null

22-11-2024T02:57:45 - [TEST_STEP][PASSED] - setValueToCellByIndex(sheet01, n, 5, TB): null

22-11-2024T02:57:45 - [TEST_STEP][PASSED] - setValueToCellByIndex(sheet01, n, 6, m): null

22-11-2024T02:57:45 - [TEST_STEP][PASSED] - setValueToCellByIndex(sheet01, n, 7, y): null

22-11-2024T02:57:45 - [TEST_STEP][PASSED] - setValueToCellByIndex(sheet01, n, 8, todaysDate): null

22-11-2024T02:57:45 - [TEST_STEP][PASSED] - n = n + 1: null

22-11-2024T02:57:45 - [TEST_STEP][PASSED] - saveWorkbook(excelFilePath, workbook01): null

22-11-2024T02:57:46 - [TEST_STEP][PASSED] - vidget = "Показатели баланса электроэнергии по ДЗО – План": null

22-11-2024T02:57:46 - [TEST_STEP][PASSED] - typeOfData = "План Отпуск в сеть": null

22-11-2024T02:57:46 - [TEST_STEP][PASSED] - tabR = GetOvSPlanR(x = a): null

22-11-2024T02:57:46 - [TEST_STEP][PASSED] - i1 = <not implemented yet for class: org.codehaus.groovy.ast.expr.EmptyExpression>: null

22-11-2024T02:57:46 - [TEST_STEP][PASSED] - ii = <not implemented yet for class: org.codehaus.groovy.ast.expr.EmptyExpression>: null

22-11-2024T02:57:46 - [TEST_STEP][PASSED] - for ([ii = 1, ii < 7, (ii++)]): null

22-11-2024T02:57:46 - [TEST_STEP][PASSED] - i1 = x.indexOf("/") + 1: null

22-11-2024T02:57:46 - [TEST_STEP][PASSED] - if (i1 > -1): null

22-11-2024T02:57:46 - [TEST_STEP][PASSED] - x = x.substring(i1, x.length()): null

22-11-2024T02:57:46 - [TEST_STEP][PASSED] - println(x): null

22-11-2024T02:57:46 - [TEST_STEP][PASSED] - i1 = x.indexOf("/") + 1: null

22-11-2024T02:57:46 - [TEST_STEP][PASSED] - if (i1 > -1): null

22-11-2024T02:57:46 - [TEST_STEP][PASSED] - x = x.substring(i1, x.length()): null

22-11-2024T02:57:46 - [TEST_STEP][PASSED] - println(x): null

22-11-2024T02:57:46 - [TEST_STEP][PASSED] - i1 = x.indexOf("/") + 1: null

22-11-2024T02:57:46 - [TEST_STEP][PASSED] - if (i1 > -1): null

22-11-2024T02:57:46 - [TEST_STEP][PASSED] - x = x.substring(i1, x.length()): null

22-11-2024T02:57:46 - [TEST_STEP][PASSED] - println(x): null

22-11-2024T02:57:46 - [TEST_STEP][PASSED] - i1 = x.indexOf("/") + 1: null

22-11-2024T02:57:46 - [TEST_STEP][PASSED] - if (i1 > -1): null

22-11-2024T02:57:46 - [TEST_STEP][PASSED] - x = x.substring(i1, x.length()): null

22-11-2024T02:57:46 - [TEST_STEP][PASSED] - println(x): null

22-11-2024T02:57:46 - [TEST_STEP][PASSED] - i1 = x.indexOf("/") + 1: null

22-11-2024T02:57:46 - [TEST_STEP][PASSED] - if (i1 > -1): null

22-11-2024T02:57:46 - [TEST_STEP][PASSED] - x = x.substring(i1, x.length()): null

22-11-2024T02:57:46 - [TEST_STEP][PASSED] - println(x): null

22-11-2024T02:57:46 - [TEST_STEP][PASSED] - i1 = x.indexOf("/") + 1: null

22-11-2024T02:57:46 - [TEST_STEP][PASSED] - if (i1 > -1): null

22-11-2024T02:57:46 - [TEST_STEP][PASSED] - x = x.substring(i1, x.length()): null

22-11-2024T02:57:46 - [TEST_STEP][PASSED] - println(x): null

22-11-2024T02:57:46 - [TEST_STEP][PASSED] - i1 = x.indexOf("/"): null

22-11-2024T02:57:46 - [TEST_STEP][PASSED] - if (i1 > -1): null

22-11-2024T02:57:46 - [TEST_STEP][PASSED] - x = x.substring(0, i1): null

22-11-2024T02:57:46 - [TEST_STEP][PASSED] - println(x): null

22-11-2024T02:57:46 - [TEST_STEP][PASSED] - return x: null

22-11-2024T02:57:46 - [TEST_STEP][PASSED] - tabB = GetOvSPlanB(x = b): null

22-11-2024T02:57:46 - [TEST_STEP][PASSED] - i1 = <not implemented yet for class: org.codehaus.groovy.ast.expr.EmptyExpression>: null

22-11-2024T02:57:46 - [TEST_STEP][PASSED] - ii = <not implemented yet for class: org.codehaus.groovy.ast.expr.EmptyExpression>: null

22-11-2024T02:57:46 - [TEST_STEP][PASSED] - for ([ii = 1, ii < 7, (ii++)]): null

22-11-2024T02:57:46 - [TEST_STEP][PASSED] - i1 = x.indexOf("/") + 1: null

22-11-2024T02:57:46 - [TEST_STEP][PASSED] - if (i1 > -1): null

22-11-2024T02:57:46 - [TEST_STEP][PASSED] - x = x.substring(i1, x.length()): null

22-11-2024T02:57:46 - [TEST_STEP][PASSED] - println(x): null

22-11-2024T02:57:46 - [TEST_STEP][PASSED] - i1 = x.indexOf("/") + 1: null

22-11-2024T02:57:46 - [TEST_STEP][PASSED] - if (i1 > -1): null

22-11-2024T02:57:46 - [TEST_STEP][PASSED] - x = x.substring(i1, x.length()): null

22-11-2024T02:57:46 - [TEST_STEP][PASSED] - println(x): null

22-11-2024T02:57:46 - [TEST_STEP][PASSED] - i1 = x.indexOf("/") + 1: null

22-11-2024T02:57:46 - [TEST_STEP][PASSED] - if (i1 > -1): null

22-11-2024T02:57:46 - [TEST_STEP][PASSED] - x = x.substring(i1, x.length()): null

22-11-2024T02:57:46 - [TEST_STEP][PASSED] - println(x): null

22-11-2024T02:57:46 - [TEST_STEP][PASSED] - i1 = x.indexOf("/") + 1: null

22-11-2024T02:57:46 - [TEST_STEP][PASSED] - if (i1 > -1): null

22-11-2024T02:57:46 - [TEST_STEP][PASSED] - x = x.substring(i1, x.length()): null

22-11-2024T02:57:46 - [TEST_STEP][PASSED] - println(x): null

22-11-2024T02:57:46 - [TEST_STEP][PASSED] - i1 = x.indexOf("/") + 1: null

22-11-2024T02:57:46 - [TEST_STEP][PASSED] - if (i1 > -1): null

22-11-2024T02:57:46 - [TEST_STEP][PASSED] - x = x.substring(i1, x.length()): null

22-11-2024T02:57:46 - [TEST_STEP][PASSED] - println(x): null

22-11-2024T02:57:46 - [TEST_STEP][PASSED] - i1 = x.indexOf("/") + 1: null

22-11-2024T02:57:46 - [TEST_STEP][PASSED] - if (i1 > -1): null

22-11-2024T02:57:46 - [TEST_STEP][PASSED] - x = x.substring(i1, x.length()): null

22-11-2024T02:57:46 - [TEST_STEP][PASSED] - println(x): null

22-11-2024T02:57:46 - [TEST_STEP][PASSED] - i1 = x.indexOf("/"): null

22-11-2024T02:57:46 - [TEST_STEP][PASSED] - if (i1 > -1): null

22-11-2024T02:57:46 - [TEST_STEP][PASSED] - x = x.substring(0, i1): null

22-11-2024T02:57:46 - [TEST_STEP][PASSED] - println(x): null

22-11-2024T02:57:46 - [TEST_STEP][FAILED] - return x: null

22-11-2024T02:57:46 - [TEST_STEP][PASSED] - println(tabR + "/" + tabB): null

22-11-2024T02:57:46 - [TEST_STEP][FAILED] - if (verifyEqual(PercFactR, PercFactB) == false): null

22-11-2024T02:57:46 - [MESSAGE][FAILED] - Unable to verify equal between actual object '5.26' and expected object '7.94' (Root cause: com.kms.katalon.core.exception.StepFailedException: Actual object '5.26' and expected object '7.94' are not equal
	at com.kms.katalon.core.keyword.builtin.VerifyEqualKeyword$_verifyEqual_closure1.doCall(VerifyEqualKeyword.groovy:58)
	at com.kms.katalon.core.keyword.builtin.VerifyEqualKeyword$_verifyEqual_closure1.call(VerifyEqualKeyword.groovy)
	at com.kms.katalon.core.keyword.internal.KeywordMain.runKeyword(KeywordMain.groovy:75)
	at com.kms.katalon.core.keyword.builtin.VerifyEqualKeyword.verifyEqual(VerifyEqualKeyword.groovy:63)
	at com.kms.katalon.core.keyword.builtin.VerifyEqualKeyword.execute(VerifyEqualKeyword.groovy:44)
	at com.kms.katalon.core.keyword.internal.KeywordExecutor.executeKeywordForPlatform(KeywordExecutor.groovy:74)
	at com.kms.katalon.core.keyword.BuiltinKeywords.verifyEqual(BuiltinKeywords.groovy:146)
	at java.base/jdk.internal.reflect.NativeMethodAccessorImpl.invoke0(Native Method)
	at java.base/jdk.internal.reflect.NativeMethodAccessorImpl.invoke(NativeMethodAccessorImpl.java:77)
	at java.base/jdk.internal.reflect.DelegatingMethodAccessorImpl.invoke(DelegatingMethodAccessorImpl.java:43)
	at Выполнение бизнес-плана сверка дашбордов.CompareDZOData(Выполнение бизнес-плана сверка дашбордов:745)
	at Выполнение бизнес-плана сверка дашбордов.run(Выполнение бизнес-плана сверка дашбордов:578)
	at com.kms.katalon.core.main.ScriptEngine.run(ScriptEngine.java:194)
	at com.kms.katalon.core.main.ScriptEngine.runScriptAsRawText(ScriptEngine.java:119)
	at com.kms.katalon.core.main.TestCaseExecutor.runScript(TestCaseExecutor.java:448)
	at com.kms.katalon.core.main.TestCaseExecutor.doExecute(TestCaseExecutor.java:439)
	at com.kms.katalon.core.main.TestCaseExecutor.processExecutionPhase(TestCaseExecutor.java:418)
	at com.kms.katalon.core.main.TestCaseExecutor.accessMainPhase(TestCaseExecutor.java:410)
	at com.kms.katalon.core.main.TestCaseExecutor.execute(TestCaseExecutor.java:285)
	at com.kms.katalon.core.common.CommonExecutor.accessTestCaseMainPhase(CommonExecutor.java:65)
	at com.kms.katalon.core.main.TestSuiteExecutor.accessTestSuiteMainPhase(TestSuiteExecutor.java:150)
	at com.kms.katalon.core.main.TestSuiteExecutor.execute(TestSuiteExecutor.java:106)
	at com.kms.katalon.core.main.TestCaseMain.startTestSuite(TestCaseMain.java:180)
	at TempTestSuite1732232929817.run(TempTestSuite1732232929817.groovy:35)
	at java.base/jdk.internal.reflect.NativeMethodAccessorImpl.invoke0(Native Method)
	at java.base/jdk.internal.reflect.NativeMethodAccessorImpl.invoke(NativeMethodAccessorImpl.java:77)
	at java.base/jdk.internal.reflect.DelegatingMethodAccessorImpl.invoke(DelegatingMethodAccessorImpl.java:43)
)

22-11-2024T02:57:46 - [TEST_STEP][PASSED] - result = WriteToExcel(typeOfData, todaysDate, PercPlanR, PercPlanB, PercFactR, PercFactB, x, tabR, tabB, o1R, o1B, vidget): null

22-11-2024T02:57:46 - [TEST_STEP][PASSED] - iii = dZO.indexOf("/"): null

22-11-2024T02:57:46 - [TEST_STEP][PASSED] - println(iii): null

22-11-2024T02:57:46 - [TEST_STEP][PASSED] - dZO = dZO.substring(0, iii): null

22-11-2024T02:57:46 - [TEST_STEP][PASSED] - println(dZO): null

22-11-2024T02:57:46 - [TEST_STEP][PASSED] - println(PercPlanR): null

22-11-2024T02:57:46 - [TEST_STEP][PASSED] - println(PercPlanB): null

22-11-2024T02:57:46 - [TEST_STEP][PASSED] - println(PercFactR): null

22-11-2024T02:57:46 - [TEST_STEP][PASSED] - println(PercFactB): null

22-11-2024T02:57:46 - [TEST_STEP][PASSED] - println(tabR): null

22-11-2024T02:57:46 - [TEST_STEP][PASSED] - println(tabB): null

22-11-2024T02:57:46 - [TEST_STEP][PASSED] - println(o1R): null

22-11-2024T02:57:46 - [TEST_STEP][PASSED] - println(o1B): null

22-11-2024T02:57:46 - [TEST_STEP][PASSED] - PR = <not implemented yet for class: org.codehaus.groovy.ast.expr.EmptyExpression>: null

22-11-2024T02:57:46 - [TEST_STEP][PASSED] - FR = <not implemented yet for class: org.codehaus.groovy.ast.expr.EmptyExpression>: null

22-11-2024T02:57:46 - [TEST_STEP][PASSED] - PB = <not implemented yet for class: org.codehaus.groovy.ast.expr.EmptyExpression>: null

22-11-2024T02:57:46 - [TEST_STEP][PASSED] - FB = <not implemented yet for class: org.codehaus.groovy.ast.expr.EmptyExpression>: null

22-11-2024T02:57:46 - [TEST_STEP][PASSED] - TR = <not implemented yet for class: org.codehaus.groovy.ast.expr.EmptyExpression>: null

22-11-2024T02:57:46 - [TEST_STEP][PASSED] - TB = <not implemented yet for class: org.codehaus.groovy.ast.expr.EmptyExpression>: null

22-11-2024T02:57:46 - [TEST_STEP][PASSED] - sheetName = "Sheet1": null

22-11-2024T02:57:46 - [TEST_STEP][PASSED] - data = findTestData("PlanFact"): null

22-11-2024T02:57:46 - [TEST_STEP][PASSED] - n = data.getRowNumbers() + 1: null

22-11-2024T02:57:46 - [TEST_STEP][PASSED] - year = todaysDate.substring(todaysDate.length() - 4, todaysDate.length()): null

22-11-2024T02:57:46 - [TEST_STEP][PASSED] - y = year.toInteger(): null

22-11-2024T02:57:46 - [TEST_STEP][PASSED] - m = getText(findTestObject("Выполнение бизнес-плана/Выполнение бизнес-плана Балансы/Фильтр Дата")): Text of object 'Object Repository/Выполнение бизнес-плана/Выполнение бизнес-плана Балансы/Фильтр Дата' is: '1, 2, 3 кв. 2024 года'

22-11-2024T02:57:46 - [MESSAGE][PASSED] - Text of object 'Object Repository/Выполнение бизнес-плана/Выполнение бизнес-плана Балансы/Фильтр Дата' is: '1, 2, 3 кв. 2024 года'

22-11-2024T02:57:46 - [TEST_STEP][PASSED] - m = m.substring(0, m.indexOf("2024")): null

22-11-2024T02:57:46 - [TEST_STEP][PASSED] - m = m.trim(): null

22-11-2024T02:57:46 - [TEST_STEP][PASSED] - dashboardName = "Выполнение бизнес-плана": null

22-11-2024T02:57:46 - [TEST_STEP][PASSED] - workbook01 = getWorkbook(excelFilePath): null

22-11-2024T02:57:46 - [TEST_STEP][PASSED] - sheet01 = getExcelSheet(workbook01, sheetName): null

22-11-2024T02:57:46 - [TEST_STEP][PASSED] - setValueToCellByIndex(sheet01, n, 0, dashboardName): null

22-11-2024T02:57:46 - [TEST_STEP][PASSED] - setValueToCellByIndex(sheet01, n, 1, dZO): null

22-11-2024T02:57:46 - [TEST_STEP][PASSED] - setValueToCellByIndex(sheet01, n, 2, typeOfData): null

22-11-2024T02:57:46 - [TEST_STEP][PASSED] - setValueToCellByIndex(sheet01, n, 3, typeOfData): null

22-11-2024T02:57:46 - [TEST_STEP][PASSED] - if (typeOfData == "План"): null

22-11-2024T02:57:46 - [TEST_STEP][PASSED] - else if (typeOfData == "Факт"): null

22-11-2024T02:57:46 - [TEST_STEP][PASSED] - else if (vidget.contains("электроэнергии") == true): null

22-11-2024T02:57:46 - [TEST_STEP][PASSED] - if (tabR == null): null

22-11-2024T02:57:46 - [TEST_STEP][PASSED] - else: null

22-11-2024T02:57:46 - [TEST_STEP][PASSED] - if (tabR == "нет данных"): null

22-11-2024T02:57:46 - [TEST_STEP][PASSED] - else: null

22-11-2024T02:57:46 - [TEST_STEP][PASSED] - TR = tabR.toInteger(): null

22-11-2024T02:57:46 - [TEST_STEP][PASSED] - setValueToCellByIndex(sheet01, n, 4, TR): null

22-11-2024T02:57:46 - [TEST_STEP][PASSED] - if (tabB == null): null

22-11-2024T02:57:46 - [TEST_STEP][PASSED] - else: null

22-11-2024T02:57:46 - [TEST_STEP][PASSED] - if (tabB == "нет данных"): null

22-11-2024T02:57:46 - [TEST_STEP][PASSED] - else: null

22-11-2024T02:57:46 - [TEST_STEP][PASSED] - TB = tabB.toInteger(): null

22-11-2024T02:57:46 - [TEST_STEP][PASSED] - setValueToCellByIndex(sheet01, n, 5, TB): null

22-11-2024T02:57:46 - [TEST_STEP][PASSED] - setValueToCellByIndex(sheet01, n, 6, m): null

22-11-2024T02:57:46 - [TEST_STEP][PASSED] - setValueToCellByIndex(sheet01, n, 7, y): null

22-11-2024T02:57:46 - [TEST_STEP][PASSED] - setValueToCellByIndex(sheet01, n, 8, todaysDate): null

22-11-2024T02:57:46 - [TEST_STEP][PASSED] - n = n + 1: null

22-11-2024T02:57:46 - [TEST_STEP][PASSED] - saveWorkbook(excelFilePath, workbook01): null

22-11-2024T02:57:46 - [TEST_STEP][PASSED] - typeOfData = "План Отпуск из сети": null

22-11-2024T02:57:46 - [TEST_STEP][PASSED] - tabR = GetOiSPlanR(x = a): null

22-11-2024T02:57:46 - [TEST_STEP][PASSED] - i1 = <not implemented yet for class: org.codehaus.groovy.ast.expr.EmptyExpression>: null

22-11-2024T02:57:46 - [TEST_STEP][PASSED] - ii = <not implemented yet for class: org.codehaus.groovy.ast.expr.EmptyExpression>: null

22-11-2024T02:57:46 - [TEST_STEP][PASSED] - for ([ii = 1, ii < 8, (ii++)]): null

22-11-2024T02:57:46 - [TEST_STEP][PASSED] - i1 = x.indexOf("/") + 1: null

22-11-2024T02:57:46 - [TEST_STEP][PASSED] - if (i1 > -1): null

22-11-2024T02:57:46 - [TEST_STEP][PASSED] - x = x.substring(i1, x.length()): null

22-11-2024T02:57:46 - [TEST_STEP][PASSED] - println(x): null

22-11-2024T02:57:46 - [TEST_STEP][PASSED] - i1 = x.indexOf("/") + 1: null

22-11-2024T02:57:46 - [TEST_STEP][PASSED] - if (i1 > -1): null

22-11-2024T02:57:46 - [TEST_STEP][PASSED] - x = x.substring(i1, x.length()): null

22-11-2024T02:57:46 - [TEST_STEP][PASSED] - println(x): null

22-11-2024T02:57:46 - [TEST_STEP][PASSED] - i1 = x.indexOf("/") + 1: null

22-11-2024T02:57:46 - [TEST_STEP][PASSED] - if (i1 > -1): null

22-11-2024T02:57:46 - [TEST_STEP][PASSED] - x = x.substring(i1, x.length()): null

22-11-2024T02:57:46 - [TEST_STEP][PASSED] - println(x): null

22-11-2024T02:57:46 - [TEST_STEP][PASSED] - i1 = x.indexOf("/") + 1: null

22-11-2024T02:57:46 - [TEST_STEP][PASSED] - if (i1 > -1): null

22-11-2024T02:57:46 - [TEST_STEP][PASSED] - x = x.substring(i1, x.length()): null

22-11-2024T02:57:46 - [TEST_STEP][PASSED] - println(x): null

22-11-2024T02:57:46 - [TEST_STEP][PASSED] - i1 = x.indexOf("/") + 1: null

22-11-2024T02:57:46 - [TEST_STEP][PASSED] - if (i1 > -1): null

22-11-2024T02:57:46 - [TEST_STEP][PASSED] - x = x.substring(i1, x.length()): null

22-11-2024T02:57:46 - [TEST_STEP][PASSED] - println(x): null

22-11-2024T02:57:46 - [TEST_STEP][PASSED] - i1 = x.indexOf("/") + 1: null

22-11-2024T02:57:46 - [TEST_STEP][PASSED] - if (i1 > -1): null

22-11-2024T02:57:46 - [TEST_STEP][PASSED] - x = x.substring(i1, x.length()): null

22-11-2024T02:57:46 - [TEST_STEP][PASSED] - println(x): null

22-11-2024T02:57:46 - [TEST_STEP][PASSED] - i1 = x.indexOf("/") + 1: null

22-11-2024T02:57:46 - [TEST_STEP][PASSED] - if (i1 > -1): null

22-11-2024T02:57:46 - [TEST_STEP][PASSED] - x = x.substring(i1, x.length()): null

22-11-2024T02:57:46 - [TEST_STEP][PASSED] - println(x): null

22-11-2024T02:57:46 - [TEST_STEP][PASSED] - i1 = x.indexOf("/"): null

22-11-2024T02:57:46 - [TEST_STEP][PASSED] - if (i1 > -1): null

22-11-2024T02:57:46 - [TEST_STEP][PASSED] - x = x.substring(0, i1): null

22-11-2024T02:57:46 - [TEST_STEP][PASSED] - println(x): null

22-11-2024T02:57:46 - [TEST_STEP][PASSED] - return x: null

22-11-2024T02:57:46 - [TEST_STEP][PASSED] - tabB = GetOiSPlanB(x = b): null

22-11-2024T02:57:46 - [TEST_STEP][PASSED] - i1 = <not implemented yet for class: org.codehaus.groovy.ast.expr.EmptyExpression>: null

22-11-2024T02:57:46 - [TEST_STEP][PASSED] - ii = <not implemented yet for class: org.codehaus.groovy.ast.expr.EmptyExpression>: null

22-11-2024T02:57:46 - [TEST_STEP][PASSED] - for ([ii = 1, ii < 8, (ii++)]): null

22-11-2024T02:57:46 - [TEST_STEP][PASSED] - i1 = x.indexOf("/") + 1: null

22-11-2024T02:57:46 - [TEST_STEP][PASSED] - if (i1 > -1): null

22-11-2024T02:57:46 - [TEST_STEP][PASSED] - x = x.substring(i1, x.length()): null

22-11-2024T02:57:46 - [TEST_STEP][PASSED] - println(x): null

22-11-2024T02:57:46 - [TEST_STEP][PASSED] - i1 = x.indexOf("/") + 1: null

22-11-2024T02:57:46 - [TEST_STEP][PASSED] - if (i1 > -1): null

22-11-2024T02:57:46 - [TEST_STEP][PASSED] - x = x.substring(i1, x.length()): null

22-11-2024T02:57:46 - [TEST_STEP][PASSED] - println(x): null

22-11-2024T02:57:46 - [TEST_STEP][PASSED] - i1 = x.indexOf("/") + 1: null

22-11-2024T02:57:46 - [TEST_STEP][PASSED] - if (i1 > -1): null

22-11-2024T02:57:46 - [TEST_STEP][PASSED] - x = x.substring(i1, x.length()): null

22-11-2024T02:57:46 - [TEST_STEP][PASSED] - println(x): null

22-11-2024T02:57:46 - [TEST_STEP][PASSED] - i1 = x.indexOf("/") + 1: null

22-11-2024T02:57:46 - [TEST_STEP][PASSED] - if (i1 > -1): null

22-11-2024T02:57:46 - [TEST_STEP][PASSED] - x = x.substring(i1, x.length()): null

22-11-2024T02:57:46 - [TEST_STEP][PASSED] - println(x): null

22-11-2024T02:57:46 - [TEST_STEP][PASSED] - i1 = x.indexOf("/") + 1: null

22-11-2024T02:57:46 - [TEST_STEP][PASSED] - if (i1 > -1): null

22-11-2024T02:57:46 - [TEST_STEP][PASSED] - x = x.substring(i1, x.length()): null

22-11-2024T02:57:46 - [TEST_STEP][PASSED] - println(x): null

22-11-2024T02:57:46 - [TEST_STEP][PASSED] - i1 = x.indexOf("/") + 1: null

22-11-2024T02:57:46 - [TEST_STEP][PASSED] - if (i1 > -1): null

22-11-2024T02:57:46 - [TEST_STEP][PASSED] - x = x.substring(i1, x.length()): null

22-11-2024T02:57:46 - [TEST_STEP][PASSED] - println(x): null

22-11-2024T02:57:46 - [TEST_STEP][PASSED] - i1 = x.indexOf("/") + 1: null

22-11-2024T02:57:46 - [TEST_STEP][PASSED] - if (i1 > -1): null

22-11-2024T02:57:46 - [TEST_STEP][PASSED] - x = x.substring(i1, x.length()): null

22-11-2024T02:57:46 - [TEST_STEP][PASSED] - println(x): null

22-11-2024T02:57:46 - [TEST_STEP][PASSED] - i1 = x.indexOf("/"): null

22-11-2024T02:57:46 - [TEST_STEP][PASSED] - if (i1 > -1): null

22-11-2024T02:57:46 - [TEST_STEP][PASSED] - x = x.substring(0, i1): null

22-11-2024T02:57:46 - [TEST_STEP][PASSED] - println(x): null

22-11-2024T02:57:46 - [TEST_STEP][FAILED] - return x: null

22-11-2024T02:57:46 - [TEST_STEP][PASSED] - println(tabR + "/" + tabB): null

22-11-2024T02:57:46 - [TEST_STEP][FAILED] - if (verifyEqual(PercFactR, PercFactB) == false): null

22-11-2024T02:57:46 - [MESSAGE][FAILED] - Unable to verify equal between actual object '5.26' and expected object '7.94' (Root cause: com.kms.katalon.core.exception.StepFailedException: Actual object '5.26' and expected object '7.94' are not equal
	at com.kms.katalon.core.keyword.builtin.VerifyEqualKeyword$_verifyEqual_closure1.doCall(VerifyEqualKeyword.groovy:58)
	at com.kms.katalon.core.keyword.builtin.VerifyEqualKeyword$_verifyEqual_closure1.call(VerifyEqualKeyword.groovy)
	at com.kms.katalon.core.keyword.internal.KeywordMain.runKeyword(KeywordMain.groovy:75)
	at com.kms.katalon.core.keyword.builtin.VerifyEqualKeyword.verifyEqual(VerifyEqualKeyword.groovy:63)
	at com.kms.katalon.core.keyword.builtin.VerifyEqualKeyword.execute(VerifyEqualKeyword.groovy:44)
	at com.kms.katalon.core.keyword.internal.KeywordExecutor.executeKeywordForPlatform(KeywordExecutor.groovy:74)
	at com.kms.katalon.core.keyword.BuiltinKeywords.verifyEqual(BuiltinKeywords.groovy:146)
	at java.base/jdk.internal.reflect.NativeMethodAccessorImpl.invoke0(Native Method)
	at java.base/jdk.internal.reflect.NativeMethodAccessorImpl.invoke(NativeMethodAccessorImpl.java:77)
	at java.base/jdk.internal.reflect.DelegatingMethodAccessorImpl.invoke(DelegatingMethodAccessorImpl.java:43)
	at Выполнение бизнес-плана сверка дашбордов.CompareDZOData(Выполнение бизнес-плана сверка дашбордов:758)
	at Выполнение бизнес-плана сверка дашбордов.run(Выполнение бизнес-плана сверка дашбордов:578)
	at com.kms.katalon.core.main.ScriptEngine.run(ScriptEngine.java:194)
	at com.kms.katalon.core.main.ScriptEngine.runScriptAsRawText(ScriptEngine.java:119)
	at com.kms.katalon.core.main.TestCaseExecutor.runScript(TestCaseExecutor.java:448)
	at com.kms.katalon.core.main.TestCaseExecutor.doExecute(TestCaseExecutor.java:439)
	at com.kms.katalon.core.main.TestCaseExecutor.processExecutionPhase(TestCaseExecutor.java:418)
	at com.kms.katalon.core.main.TestCaseExecutor.accessMainPhase(TestCaseExecutor.java:410)
	at com.kms.katalon.core.main.TestCaseExecutor.execute(TestCaseExecutor.java:285)
	at com.kms.katalon.core.common.CommonExecutor.accessTestCaseMainPhase(CommonExecutor.java:65)
	at com.kms.katalon.core.main.TestSuiteExecutor.accessTestSuiteMainPhase(TestSuiteExecutor.java:150)
	at com.kms.katalon.core.main.TestSuiteExecutor.execute(TestSuiteExecutor.java:106)
	at com.kms.katalon.core.main.TestCaseMain.startTestSuite(TestCaseMain.java:180)
	at TempTestSuite1732232929817.run(TempTestSuite1732232929817.groovy:35)
	at java.base/jdk.internal.reflect.NativeMethodAccessorImpl.invoke0(Native Method)
	at java.base/jdk.internal.reflect.NativeMethodAccessorImpl.invoke(NativeMethodAccessorImpl.java:77)
	at java.base/jdk.internal.reflect.DelegatingMethodAccessorImpl.invoke(DelegatingMethodAccessorImpl.java:43)
)

22-11-2024T02:57:46 - [TEST_STEP][PASSED] - result = WriteToExcel(typeOfData, todaysDate, PercPlanR, PercPlanB, PercFactR, PercFactB, x, tabR, tabB, o1R, o1B, vidget): null

22-11-2024T02:57:46 - [TEST_STEP][PASSED] - iii = dZO.indexOf("/"): null

22-11-2024T02:57:46 - [TEST_STEP][PASSED] - println(iii): null

22-11-2024T02:57:46 - [TEST_STEP][PASSED] - dZO = dZO.substring(0, iii): null

22-11-2024T02:57:46 - [TEST_STEP][PASSED] - println(dZO): null

22-11-2024T02:57:46 - [TEST_STEP][PASSED] - println(PercPlanR): null

22-11-2024T02:57:46 - [TEST_STEP][PASSED] - println(PercPlanB): null

22-11-2024T02:57:46 - [TEST_STEP][PASSED] - println(PercFactR): null

22-11-2024T02:57:46 - [TEST_STEP][PASSED] - println(PercFactB): null

22-11-2024T02:57:46 - [TEST_STEP][PASSED] - println(tabR): null

22-11-2024T02:57:46 - [TEST_STEP][PASSED] - println(tabB): null

22-11-2024T02:57:46 - [TEST_STEP][PASSED] - println(o1R): null

22-11-2024T02:57:46 - [TEST_STEP][PASSED] - println(o1B): null

22-11-2024T02:57:46 - [TEST_STEP][PASSED] - PR = <not implemented yet for class: org.codehaus.groovy.ast.expr.EmptyExpression>: null

22-11-2024T02:57:46 - [TEST_STEP][PASSED] - FR = <not implemented yet for class: org.codehaus.groovy.ast.expr.EmptyExpression>: null

22-11-2024T02:57:46 - [TEST_STEP][PASSED] - PB = <not implemented yet for class: org.codehaus.groovy.ast.expr.EmptyExpression>: null

22-11-2024T02:57:46 - [TEST_STEP][PASSED] - FB = <not implemented yet for class: org.codehaus.groovy.ast.expr.EmptyExpression>: null

22-11-2024T02:57:46 - [TEST_STEP][PASSED] - TR = <not implemented yet for class: org.codehaus.groovy.ast.expr.EmptyExpression>: null

22-11-2024T02:57:46 - [TEST_STEP][PASSED] - TB = <not implemented yet for class: org.codehaus.groovy.ast.expr.EmptyExpression>: null

22-11-2024T02:57:46 - [TEST_STEP][PASSED] - sheetName = "Sheet1": null

22-11-2024T02:57:46 - [TEST_STEP][PASSED] - data = findTestData("PlanFact"): null

22-11-2024T02:57:46 - [TEST_STEP][PASSED] - n = data.getRowNumbers() + 1: null

22-11-2024T02:57:46 - [TEST_STEP][PASSED] - year = todaysDate.substring(todaysDate.length() - 4, todaysDate.length()): null

22-11-2024T02:57:46 - [TEST_STEP][PASSED] - y = year.toInteger(): null

22-11-2024T02:57:46 - [TEST_STEP][PASSED] - m = getText(findTestObject("Выполнение бизнес-плана/Выполнение бизнес-плана Балансы/Фильтр Дата")): Text of object 'Object Repository/Выполнение бизнес-плана/Выполнение бизнес-плана Балансы/Фильтр Дата' is: '1, 2, 3 кв. 2024 года'

22-11-2024T02:57:47 - [MESSAGE][PASSED] - Text of object 'Object Repository/Выполнение бизнес-плана/Выполнение бизнес-плана Балансы/Фильтр Дата' is: '1, 2, 3 кв. 2024 года'

22-11-2024T02:57:47 - [TEST_STEP][PASSED] - m = m.substring(0, m.indexOf("2024")): null

22-11-2024T02:57:47 - [TEST_STEP][PASSED] - m = m.trim(): null

22-11-2024T02:57:47 - [TEST_STEP][PASSED] - dashboardName = "Выполнение бизнес-плана": null

22-11-2024T02:57:47 - [TEST_STEP][PASSED] - workbook01 = getWorkbook(excelFilePath): null

22-11-2024T02:57:47 - [TEST_STEP][PASSED] - sheet01 = getExcelSheet(workbook01, sheetName): null

22-11-2024T02:57:47 - [TEST_STEP][PASSED] - setValueToCellByIndex(sheet01, n, 0, dashboardName): null

22-11-2024T02:57:47 - [TEST_STEP][PASSED] - setValueToCellByIndex(sheet01, n, 1, dZO): null

22-11-2024T02:57:47 - [TEST_STEP][PASSED] - setValueToCellByIndex(sheet01, n, 2, typeOfData): null

22-11-2024T02:57:47 - [TEST_STEP][PASSED] - setValueToCellByIndex(sheet01, n, 3, typeOfData): null

22-11-2024T02:57:47 - [TEST_STEP][PASSED] - if (typeOfData == "План"): null

22-11-2024T02:57:47 - [TEST_STEP][PASSED] - else if (typeOfData == "Факт"): null

22-11-2024T02:57:47 - [TEST_STEP][PASSED] - else if (vidget.contains("электроэнергии") == true): null

22-11-2024T02:57:47 - [TEST_STEP][PASSED] - if (tabR == null): null

22-11-2024T02:57:47 - [TEST_STEP][PASSED] - else: null

22-11-2024T02:57:47 - [TEST_STEP][PASSED] - if (tabR == "нет данных"): null

22-11-2024T02:57:47 - [TEST_STEP][PASSED] - else: null

22-11-2024T02:57:47 - [TEST_STEP][PASSED] - TR = tabR.toInteger(): null

22-11-2024T02:57:47 - [TEST_STEP][PASSED] - setValueToCellByIndex(sheet01, n, 4, TR): null

22-11-2024T02:57:47 - [TEST_STEP][PASSED] - if (tabB == null): null

22-11-2024T02:57:47 - [TEST_STEP][PASSED] - else: null

22-11-2024T02:57:47 - [TEST_STEP][PASSED] - if (tabB == "нет данных"): null

22-11-2024T02:57:47 - [TEST_STEP][PASSED] - else: null

22-11-2024T02:57:47 - [TEST_STEP][PASSED] - TB = tabB.toInteger(): null

22-11-2024T02:57:47 - [TEST_STEP][PASSED] - setValueToCellByIndex(sheet01, n, 5, TB): null

22-11-2024T02:57:47 - [TEST_STEP][PASSED] - setValueToCellByIndex(sheet01, n, 6, m): null

22-11-2024T02:57:47 - [TEST_STEP][PASSED] - setValueToCellByIndex(sheet01, n, 7, y): null

22-11-2024T02:57:47 - [TEST_STEP][PASSED] - setValueToCellByIndex(sheet01, n, 8, todaysDate): null

22-11-2024T02:57:47 - [TEST_STEP][PASSED] - n = n + 1: null

22-11-2024T02:57:47 - [TEST_STEP][PASSED] - saveWorkbook(excelFilePath, workbook01): null

22-11-2024T02:57:47 - [TEST_STEP][PASSED] - typeOfData = "План Потери": null

22-11-2024T02:57:47 - [TEST_STEP][PASSED] - tabR = GetPPlanR(x = a): null

22-11-2024T02:57:47 - [TEST_STEP][PASSED] - i1 = <not implemented yet for class: org.codehaus.groovy.ast.expr.EmptyExpression>: null

22-11-2024T02:57:47 - [TEST_STEP][PASSED] - ii = <not implemented yet for class: org.codehaus.groovy.ast.expr.EmptyExpression>: null

22-11-2024T02:57:47 - [TEST_STEP][PASSED] - for ([ii = 1, ii < 9, (ii++)]): null

22-11-2024T02:57:47 - [TEST_STEP][PASSED] - i1 = x.indexOf("/") + 1: null

22-11-2024T02:57:47 - [TEST_STEP][PASSED] - if (i1 > -1): null

22-11-2024T02:57:47 - [TEST_STEP][PASSED] - x = x.substring(i1, x.length()): null

22-11-2024T02:57:47 - [TEST_STEP][PASSED] - println(x): null

22-11-2024T02:57:47 - [TEST_STEP][PASSED] - i1 = x.indexOf("/") + 1: null

22-11-2024T02:57:47 - [TEST_STEP][PASSED] - if (i1 > -1): null

22-11-2024T02:57:47 - [TEST_STEP][PASSED] - x = x.substring(i1, x.length()): null

22-11-2024T02:57:47 - [TEST_STEP][PASSED] - println(x): null

22-11-2024T02:57:47 - [TEST_STEP][PASSED] - i1 = x.indexOf("/") + 1: null

22-11-2024T02:57:47 - [TEST_STEP][PASSED] - if (i1 > -1): null

22-11-2024T02:57:47 - [TEST_STEP][PASSED] - x = x.substring(i1, x.length()): null

22-11-2024T02:57:47 - [TEST_STEP][PASSED] - println(x): null

22-11-2024T02:57:47 - [TEST_STEP][PASSED] - i1 = x.indexOf("/") + 1: null

22-11-2024T02:57:47 - [TEST_STEP][PASSED] - if (i1 > -1): null

22-11-2024T02:57:47 - [TEST_STEP][PASSED] - x = x.substring(i1, x.length()): null

22-11-2024T02:57:47 - [TEST_STEP][PASSED] - println(x): null

22-11-2024T02:57:47 - [TEST_STEP][PASSED] - i1 = x.indexOf("/") + 1: null

22-11-2024T02:57:47 - [TEST_STEP][PASSED] - if (i1 > -1): null

22-11-2024T02:57:47 - [TEST_STEP][PASSED] - x = x.substring(i1, x.length()): null

22-11-2024T02:57:47 - [TEST_STEP][PASSED] - println(x): null

22-11-2024T02:57:47 - [TEST_STEP][PASSED] - i1 = x.indexOf("/") + 1: null

22-11-2024T02:57:47 - [TEST_STEP][PASSED] - if (i1 > -1): null

22-11-2024T02:57:47 - [TEST_STEP][PASSED] - x = x.substring(i1, x.length()): null

22-11-2024T02:57:47 - [TEST_STEP][PASSED] - println(x): null

22-11-2024T02:57:47 - [TEST_STEP][PASSED] - i1 = x.indexOf("/") + 1: null

22-11-2024T02:57:47 - [TEST_STEP][PASSED] - if (i1 > -1): null

22-11-2024T02:57:47 - [TEST_STEP][PASSED] - x = x.substring(i1, x.length()): null

22-11-2024T02:57:47 - [TEST_STEP][PASSED] - println(x): null

22-11-2024T02:57:47 - [TEST_STEP][PASSED] - i1 = x.indexOf("/") + 1: null

22-11-2024T02:57:47 - [TEST_STEP][PASSED] - if (i1 > -1): null

22-11-2024T02:57:47 - [TEST_STEP][PASSED] - x = x.substring(i1, x.length()): null

22-11-2024T02:57:47 - [TEST_STEP][PASSED] - println(x): null

22-11-2024T02:57:47 - [TEST_STEP][PASSED] - i1 = x.indexOf("/"): null

22-11-2024T02:57:47 - [TEST_STEP][PASSED] - if (i1 > -1): null

22-11-2024T02:57:47 - [TEST_STEP][PASSED] - println(x): null

22-11-2024T02:57:47 - [TEST_STEP][PASSED] - return x: null

22-11-2024T02:57:47 - [TEST_STEP][PASSED] - tabB = GetPPlanB(x = b): null

22-11-2024T02:57:47 - [TEST_STEP][PASSED] - i1 = <not implemented yet for class: org.codehaus.groovy.ast.expr.EmptyExpression>: null

22-11-2024T02:57:47 - [TEST_STEP][PASSED] - ii = <not implemented yet for class: org.codehaus.groovy.ast.expr.EmptyExpression>: null

22-11-2024T02:57:47 - [TEST_STEP][PASSED] - for ([ii = 1, ii < 9, (ii++)]): null

22-11-2024T02:57:47 - [TEST_STEP][PASSED] - i1 = x.indexOf("/") + 1: null

22-11-2024T02:57:47 - [TEST_STEP][PASSED] - if (i1 > -1): null

22-11-2024T02:57:47 - [TEST_STEP][PASSED] - x = x.substring(i1, x.length()): null

22-11-2024T02:57:47 - [TEST_STEP][PASSED] - println(x): null

22-11-2024T02:57:47 - [TEST_STEP][PASSED] - i1 = x.indexOf("/") + 1: null

22-11-2024T02:57:47 - [TEST_STEP][PASSED] - if (i1 > -1): null

22-11-2024T02:57:47 - [TEST_STEP][PASSED] - x = x.substring(i1, x.length()): null

22-11-2024T02:57:47 - [TEST_STEP][PASSED] - println(x): null

22-11-2024T02:57:47 - [TEST_STEP][PASSED] - i1 = x.indexOf("/") + 1: null

22-11-2024T02:57:47 - [TEST_STEP][PASSED] - if (i1 > -1): null

22-11-2024T02:57:47 - [TEST_STEP][PASSED] - x = x.substring(i1, x.length()): null

22-11-2024T02:57:47 - [TEST_STEP][PASSED] - println(x): null

22-11-2024T02:57:47 - [TEST_STEP][PASSED] - i1 = x.indexOf("/") + 1: null

22-11-2024T02:57:47 - [TEST_STEP][PASSED] - if (i1 > -1): null

22-11-2024T02:57:47 - [TEST_STEP][PASSED] - x = x.substring(i1, x.length()): null

22-11-2024T02:57:47 - [TEST_STEP][PASSED] - println(x): null

22-11-2024T02:57:47 - [TEST_STEP][PASSED] - i1 = x.indexOf("/") + 1: null

22-11-2024T02:57:47 - [TEST_STEP][PASSED] - if (i1 > -1): null

22-11-2024T02:57:47 - [TEST_STEP][PASSED] - x = x.substring(i1, x.length()): null

22-11-2024T02:57:47 - [TEST_STEP][PASSED] - println(x): null

22-11-2024T02:57:47 - [TEST_STEP][PASSED] - i1 = x.indexOf("/") + 1: null

22-11-2024T02:57:47 - [TEST_STEP][PASSED] - if (i1 > -1): null

22-11-2024T02:57:47 - [TEST_STEP][PASSED] - x = x.substring(i1, x.length()): null

22-11-2024T02:57:47 - [TEST_STEP][PASSED] - println(x): null

22-11-2024T02:57:47 - [TEST_STEP][PASSED] - i1 = x.indexOf("/") + 1: null

22-11-2024T02:57:47 - [TEST_STEP][PASSED] - if (i1 > -1): null

22-11-2024T02:57:47 - [TEST_STEP][PASSED] - x = x.substring(i1, x.length()): null

22-11-2024T02:57:47 - [TEST_STEP][PASSED] - println(x): null

22-11-2024T02:57:47 - [TEST_STEP][PASSED] - i1 = x.indexOf("/") + 1: null

22-11-2024T02:57:47 - [TEST_STEP][PASSED] - if (i1 > -1): null

22-11-2024T02:57:47 - [TEST_STEP][PASSED] - x = x.substring(i1, x.length()): null

22-11-2024T02:57:47 - [TEST_STEP][PASSED] - println(x): null

22-11-2024T02:57:47 - [TEST_STEP][PASSED] - i1 = x.indexOf("/"): null

22-11-2024T02:57:47 - [TEST_STEP][PASSED] - if (i1 > -1): null

22-11-2024T02:57:47 - [TEST_STEP][PASSED] - println(x): null

22-11-2024T02:57:47 - [TEST_STEP][FAILED] - return x: null

22-11-2024T02:57:47 - [TEST_STEP][PASSED] - println(tabR + "/" + tabB): null

22-11-2024T02:57:47 - [TEST_STEP][FAILED] - if (verifyEqual(PercFactR, PercFactB) == false): null

22-11-2024T02:57:47 - [MESSAGE][FAILED] - Unable to verify equal between actual object '5.26' and expected object '7.94' (Root cause: com.kms.katalon.core.exception.StepFailedException: Actual object '5.26' and expected object '7.94' are not equal
	at com.kms.katalon.core.keyword.builtin.VerifyEqualKeyword$_verifyEqual_closure1.doCall(VerifyEqualKeyword.groovy:58)
	at com.kms.katalon.core.keyword.builtin.VerifyEqualKeyword$_verifyEqual_closure1.call(VerifyEqualKeyword.groovy)
	at com.kms.katalon.core.keyword.internal.KeywordMain.runKeyword(KeywordMain.groovy:75)
	at com.kms.katalon.core.keyword.builtin.VerifyEqualKeyword.verifyEqual(VerifyEqualKeyword.groovy:63)
	at com.kms.katalon.core.keyword.builtin.VerifyEqualKeyword.execute(VerifyEqualKeyword.groovy:44)
	at com.kms.katalon.core.keyword.internal.KeywordExecutor.executeKeywordForPlatform(KeywordExecutor.groovy:74)
	at com.kms.katalon.core.keyword.BuiltinKeywords.verifyEqual(BuiltinKeywords.groovy:146)
	at java.base/jdk.internal.reflect.NativeMethodAccessorImpl.invoke0(Native Method)
	at java.base/jdk.internal.reflect.NativeMethodAccessorImpl.invoke(NativeMethodAccessorImpl.java:77)
	at java.base/jdk.internal.reflect.DelegatingMethodAccessorImpl.invoke(DelegatingMethodAccessorImpl.java:43)
	at Выполнение бизнес-плана сверка дашбордов.CompareDZOData(Выполнение бизнес-плана сверка дашбордов:771)
	at Выполнение бизнес-плана сверка дашбордов.run(Выполнение бизнес-плана сверка дашбордов:578)
	at com.kms.katalon.core.main.ScriptEngine.run(ScriptEngine.java:194)
	at com.kms.katalon.core.main.ScriptEngine.runScriptAsRawText(ScriptEngine.java:119)
	at com.kms.katalon.core.main.TestCaseExecutor.runScript(TestCaseExecutor.java:448)
	at com.kms.katalon.core.main.TestCaseExecutor.doExecute(TestCaseExecutor.java:439)
	at com.kms.katalon.core.main.TestCaseExecutor.processExecutionPhase(TestCaseExecutor.java:418)
	at com.kms.katalon.core.main.TestCaseExecutor.accessMainPhase(TestCaseExecutor.java:410)
	at com.kms.katalon.core.main.TestCaseExecutor.execute(TestCaseExecutor.java:285)
	at com.kms.katalon.core.common.CommonExecutor.accessTestCaseMainPhase(CommonExecutor.java:65)
	at com.kms.katalon.core.main.TestSuiteExecutor.accessTestSuiteMainPhase(TestSuiteExecutor.java:150)
	at com.kms.katalon.core.main.TestSuiteExecutor.execute(TestSuiteExecutor.java:106)
	at com.kms.katalon.core.main.TestCaseMain.startTestSuite(TestCaseMain.java:180)
	at TempTestSuite1732232929817.run(TempTestSuite1732232929817.groovy:35)
	at java.base/jdk.internal.reflect.NativeMethodAccessorImpl.invoke0(Native Method)
	at java.base/jdk.internal.reflect.NativeMethodAccessorImpl.invoke(NativeMethodAccessorImpl.java:77)
	at java.base/jdk.internal.reflect.DelegatingMethodAccessorImpl.invoke(DelegatingMethodAccessorImpl.java:43)
)

22-11-2024T02:57:47 - [TEST_STEP][PASSED] - result = WriteToExcel(typeOfData, todaysDate, PercPlanR, PercPlanB, PercFactR, PercFactB, x, tabR, tabB, o1R, o1B, vidget): null

22-11-2024T02:57:47 - [TEST_STEP][PASSED] - iii = dZO.indexOf("/"): null

22-11-2024T02:57:47 - [TEST_STEP][PASSED] - println(iii): null

22-11-2024T02:57:47 - [TEST_STEP][PASSED] - dZO = dZO.substring(0, iii): null

22-11-2024T02:57:47 - [TEST_STEP][PASSED] - println(dZO): null

22-11-2024T02:57:47 - [TEST_STEP][PASSED] - println(PercPlanR): null

22-11-2024T02:57:47 - [TEST_STEP][PASSED] - println(PercPlanB): null

22-11-2024T02:57:47 - [TEST_STEP][PASSED] - println(PercFactR): null

22-11-2024T02:57:47 - [TEST_STEP][PASSED] - println(PercFactB): null

22-11-2024T02:57:47 - [TEST_STEP][PASSED] - println(tabR): null

22-11-2024T02:57:47 - [TEST_STEP][PASSED] - println(tabB): null

22-11-2024T02:57:47 - [TEST_STEP][PASSED] - println(o1R): null

22-11-2024T02:57:47 - [TEST_STEP][PASSED] - println(o1B): null

22-11-2024T02:57:47 - [TEST_STEP][PASSED] - PR = <not implemented yet for class: org.codehaus.groovy.ast.expr.EmptyExpression>: null

22-11-2024T02:57:47 - [TEST_STEP][PASSED] - FR = <not implemented yet for class: org.codehaus.groovy.ast.expr.EmptyExpression>: null

22-11-2024T02:57:47 - [TEST_STEP][PASSED] - PB = <not implemented yet for class: org.codehaus.groovy.ast.expr.EmptyExpression>: null

22-11-2024T02:57:47 - [TEST_STEP][PASSED] - FB = <not implemented yet for class: org.codehaus.groovy.ast.expr.EmptyExpression>: null

22-11-2024T02:57:47 - [TEST_STEP][PASSED] - TR = <not implemented yet for class: org.codehaus.groovy.ast.expr.EmptyExpression>: null

22-11-2024T02:57:47 - [TEST_STEP][PASSED] - TB = <not implemented yet for class: org.codehaus.groovy.ast.expr.EmptyExpression>: null

22-11-2024T02:57:47 - [TEST_STEP][PASSED] - sheetName = "Sheet1": null

22-11-2024T02:57:47 - [TEST_STEP][PASSED] - data = findTestData("PlanFact"): null

22-11-2024T02:57:47 - [TEST_STEP][PASSED] - n = data.getRowNumbers() + 1: null

22-11-2024T02:57:47 - [TEST_STEP][PASSED] - year = todaysDate.substring(todaysDate.length() - 4, todaysDate.length()): null

22-11-2024T02:57:47 - [TEST_STEP][PASSED] - y = year.toInteger(): null

22-11-2024T02:57:47 - [TEST_STEP][PASSED] - m = getText(findTestObject("Выполнение бизнес-плана/Выполнение бизнес-плана Балансы/Фильтр Дата")): Text of object 'Object Repository/Выполнение бизнес-плана/Выполнение бизнес-плана Балансы/Фильтр Дата' is: '1, 2, 3 кв. 2024 года'

22-11-2024T02:57:47 - [MESSAGE][PASSED] - Text of object 'Object Repository/Выполнение бизнес-плана/Выполнение бизнес-плана Балансы/Фильтр Дата' is: '1, 2, 3 кв. 2024 года'

22-11-2024T02:57:47 - [TEST_STEP][PASSED] - m = m.substring(0, m.indexOf("2024")): null

22-11-2024T02:57:47 - [TEST_STEP][PASSED] - m = m.trim(): null

22-11-2024T02:57:47 - [TEST_STEP][PASSED] - dashboardName = "Выполнение бизнес-плана": null

22-11-2024T02:57:47 - [TEST_STEP][PASSED] - workbook01 = getWorkbook(excelFilePath): null

22-11-2024T02:57:47 - [TEST_STEP][PASSED] - sheet01 = getExcelSheet(workbook01, sheetName): null

22-11-2024T02:57:47 - [TEST_STEP][PASSED] - setValueToCellByIndex(sheet01, n, 0, dashboardName): null

22-11-2024T02:57:47 - [TEST_STEP][PASSED] - setValueToCellByIndex(sheet01, n, 1, dZO): null

22-11-2024T02:57:47 - [TEST_STEP][PASSED] - setValueToCellByIndex(sheet01, n, 2, typeOfData): null

22-11-2024T02:57:47 - [TEST_STEP][PASSED] - setValueToCellByIndex(sheet01, n, 3, typeOfData): null

22-11-2024T02:57:47 - [TEST_STEP][PASSED] - if (typeOfData == "План"): null

22-11-2024T02:57:47 - [TEST_STEP][PASSED] - else if (typeOfData == "Факт"): null

22-11-2024T02:57:47 - [TEST_STEP][PASSED] - else if (vidget.contains("электроэнергии") == true): null

22-11-2024T02:57:47 - [TEST_STEP][PASSED] - if (tabR == null): null

22-11-2024T02:57:47 - [TEST_STEP][PASSED] - else: null

22-11-2024T02:57:47 - [TEST_STEP][PASSED] - if (tabR == "нет данных"): null

22-11-2024T02:57:47 - [TEST_STEP][PASSED] - else: null

22-11-2024T02:57:47 - [TEST_STEP][PASSED] - TR = tabR.toInteger(): null

22-11-2024T02:57:47 - [TEST_STEP][PASSED] - setValueToCellByIndex(sheet01, n, 4, TR): null

22-11-2024T02:57:47 - [TEST_STEP][PASSED] - if (tabB == null): null

22-11-2024T02:57:47 - [TEST_STEP][PASSED] - else: null

22-11-2024T02:57:47 - [TEST_STEP][PASSED] - if (tabB == "нет данных"): null

22-11-2024T02:57:47 - [TEST_STEP][PASSED] - else: null

22-11-2024T02:57:47 - [TEST_STEP][PASSED] - TB = tabB.toInteger(): null

22-11-2024T02:57:47 - [TEST_STEP][PASSED] - setValueToCellByIndex(sheet01, n, 5, TB): null

22-11-2024T02:57:47 - [TEST_STEP][PASSED] - setValueToCellByIndex(sheet01, n, 6, m): null

22-11-2024T02:57:47 - [TEST_STEP][PASSED] - setValueToCellByIndex(sheet01, n, 7, y): null

22-11-2024T02:57:47 - [TEST_STEP][PASSED] - setValueToCellByIndex(sheet01, n, 8, todaysDate): null

22-11-2024T02:57:47 - [TEST_STEP][PASSED] - n = n + 1: null

22-11-2024T02:57:47 - [TEST_STEP][FAILED] - saveWorkbook(excelFilePath, workbook01): null

22-11-2024T02:57:48 - [TEST_STEP][PASSED] - ii2 = a.indexOf("ПАО"): null

22-11-2024T02:57:48 - [TEST_STEP][PASSED] - if (ii2 == -1): null

22-11-2024T02:57:48 - [TEST_STEP][FAILED] - if (verifyEqual(fR, fB) == false): null

22-11-2024T02:57:48 - [MESSAGE][FAILED] - Unable to verify equal between actual object 'Россети ФСК ЕЭС/нет данных/нет данных/нет данных/нет данных/нет данных/нет данных/нет данных/нет данных/нет данных' and expected object 'Россети ФСК ЕЭС/3.86/3.67/462835148/446457790/16377359/449486116/432761211/16724905/-0.20' (Root cause: com.kms.katalon.core.exception.StepFailedException: Actual object 'Россети ФСК ЕЭС/нет данных/нет данных/нет данных/нет данных/нет данных/нет данных/нет данных/нет данных/нет данных' and expected object 'Россети ФСК ЕЭС/3.86/3.67/462835148/446457790/16377359/449486116/432761211/16724905/-0.20' are not equal
	at com.kms.katalon.core.keyword.builtin.VerifyEqualKeyword$_verifyEqual_closure1.doCall(VerifyEqualKeyword.groovy:58)
	at com.kms.katalon.core.keyword.builtin.VerifyEqualKeyword$_verifyEqual_closure1.call(VerifyEqualKeyword.groovy)
	at com.kms.katalon.core.keyword.internal.KeywordMain.runKeyword(KeywordMain.groovy:75)
	at com.kms.katalon.core.keyword.builtin.VerifyEqualKeyword.verifyEqual(VerifyEqualKeyword.groovy:63)
	at com.kms.katalon.core.keyword.builtin.VerifyEqualKeyword.execute(VerifyEqualKeyword.groovy:44)
	at com.kms.katalon.core.keyword.internal.KeywordExecutor.executeKeywordForPlatform(KeywordExecutor.groovy:74)
	at com.kms.katalon.core.keyword.BuiltinKeywords.verifyEqual(BuiltinKeywords.groovy:146)
	at java.base/jdk.internal.reflect.NativeMethodAccessorImpl.invoke0(Native Method)
	at java.base/jdk.internal.reflect.NativeMethodAccessorImpl.invoke(NativeMethodAccessorImpl.java:77)
	at java.base/jdk.internal.reflect.DelegatingMethodAccessorImpl.invoke(DelegatingMethodAccessorImpl.java:43)
	at Выполнение бизнес-плана сверка дашбордов.run(Выполнение бизнес-плана сверка дашбордов:582)
	at com.kms.katalon.core.main.ScriptEngine.run(ScriptEngine.java:194)
	at com.kms.katalon.core.main.ScriptEngine.runScriptAsRawText(ScriptEngine.java:119)
	at com.kms.katalon.core.main.TestCaseExecutor.runScript(TestCaseExecutor.java:448)
	at com.kms.katalon.core.main.TestCaseExecutor.doExecute(TestCaseExecutor.java:439)
	at com.kms.katalon.core.main.TestCaseExecutor.processExecutionPhase(TestCaseExecutor.java:418)
	at com.kms.katalon.core.main.TestCaseExecutor.accessMainPhase(TestCaseExecutor.java:410)
	at com.kms.katalon.core.main.TestCaseExecutor.execute(TestCaseExecutor.java:285)
	at com.kms.katalon.core.common.CommonExecutor.accessTestCaseMainPhase(CommonExecutor.java:65)
	at com.kms.katalon.core.main.TestSuiteExecutor.accessTestSuiteMainPhase(TestSuiteExecutor.java:150)
	at com.kms.katalon.core.main.TestSuiteExecutor.execute(TestSuiteExecutor.java:106)
	at com.kms.katalon.core.main.TestCaseMain.startTestSuite(TestCaseMain.java:180)
	at TempTestSuite1732232929817.run(TempTestSuite1732232929817.groovy:35)
	at java.base/jdk.internal.reflect.NativeMethodAccessorImpl.invoke0(Native Method)
	at java.base/jdk.internal.reflect.NativeMethodAccessorImpl.invoke(NativeMethodAccessorImpl.java:77)
	at java.base/jdk.internal.reflect.DelegatingMethodAccessorImpl.invoke(DelegatingMethodAccessorImpl.java:43)
)

22-11-2024T02:57:48 - [TEST_STEP][PASSED] - result = CompareDZOData(a = fR, b = fB, dZO, typeOfData, PercPlanR, PercPlanB, PercFactR, PercFactB, todaysDate, x, vidget, tabR, tabB, o1R, o1B): null

22-11-2024T02:57:48 - [TEST_STEP][PASSED] - ii2 = <not implemented yet for class: org.codehaus.groovy.ast.expr.EmptyExpression>: null

22-11-2024T02:57:48 - [TEST_STEP][FAILED] - if (verifyEqual(a, b) == false): null

22-11-2024T02:57:48 - [MESSAGE][FAILED] - Unable to verify equal between actual object 'Россети ФСК ЕЭС/нет данных/нет данных/нет данных/нет данных/нет данных/нет данных/нет данных/нет данных/нет данных' and expected object 'Россети ФСК ЕЭС/3.86/3.67/462835148/446457790/16377359/449486116/432761211/16724905/-0.20' (Root cause: com.kms.katalon.core.exception.StepFailedException: Actual object 'Россети ФСК ЕЭС/нет данных/нет данных/нет данных/нет данных/нет данных/нет данных/нет данных/нет данных/нет данных' and expected object 'Россети ФСК ЕЭС/3.86/3.67/462835148/446457790/16377359/449486116/432761211/16724905/-0.20' are not equal
	at com.kms.katalon.core.keyword.builtin.VerifyEqualKeyword$_verifyEqual_closure1.doCall(VerifyEqualKeyword.groovy:58)
	at com.kms.katalon.core.keyword.builtin.VerifyEqualKeyword$_verifyEqual_closure1.call(VerifyEqualKeyword.groovy)
	at com.kms.katalon.core.keyword.internal.KeywordMain.runKeyword(KeywordMain.groovy:75)
	at com.kms.katalon.core.keyword.builtin.VerifyEqualKeyword.verifyEqual(VerifyEqualKeyword.groovy:63)
	at com.kms.katalon.core.keyword.builtin.VerifyEqualKeyword.execute(VerifyEqualKeyword.groovy:44)
	at com.kms.katalon.core.keyword.internal.KeywordExecutor.executeKeywordForPlatform(KeywordExecutor.groovy:74)
	at com.kms.katalon.core.keyword.BuiltinKeywords.verifyEqual(BuiltinKeywords.groovy:146)
	at java.base/jdk.internal.reflect.NativeMethodAccessorImpl.invoke0(Native Method)
	at java.base/jdk.internal.reflect.NativeMethodAccessorImpl.invoke(NativeMethodAccessorImpl.java:77)
	at java.base/jdk.internal.reflect.DelegatingMethodAccessorImpl.invoke(DelegatingMethodAccessorImpl.java:43)
	at Выполнение бизнес-плана сверка дашбордов.CompareDZOData(Выполнение бизнес-плана сверка дашбордов:673)
	at Выполнение бизнес-плана сверка дашбордов.run(Выполнение бизнес-плана сверка дашбордов:583)
	at com.kms.katalon.core.main.ScriptEngine.run(ScriptEngine.java:194)
	at com.kms.katalon.core.main.ScriptEngine.runScriptAsRawText(ScriptEngine.java:119)
	at com.kms.katalon.core.main.TestCaseExecutor.runScript(TestCaseExecutor.java:448)
	at com.kms.katalon.core.main.TestCaseExecutor.doExecute(TestCaseExecutor.java:439)
	at com.kms.katalon.core.main.TestCaseExecutor.processExecutionPhase(TestCaseExecutor.java:418)
	at com.kms.katalon.core.main.TestCaseExecutor.accessMainPhase(TestCaseExecutor.java:410)
	at com.kms.katalon.core.main.TestCaseExecutor.execute(TestCaseExecutor.java:285)
	at com.kms.katalon.core.common.CommonExecutor.accessTestCaseMainPhase(CommonExecutor.java:65)
	at com.kms.katalon.core.main.TestSuiteExecutor.accessTestSuiteMainPhase(TestSuiteExecutor.java:150)
	at com.kms.katalon.core.main.TestSuiteExecutor.execute(TestSuiteExecutor.java:106)
	at com.kms.katalon.core.main.TestCaseMain.startTestSuite(TestCaseMain.java:180)
	at TempTestSuite1732232929817.run(TempTestSuite1732232929817.groovy:35)
	at java.base/jdk.internal.reflect.NativeMethodAccessorImpl.invoke0(Native Method)
	at java.base/jdk.internal.reflect.NativeMethodAccessorImpl.invoke(NativeMethodAccessorImpl.java:77)
	at java.base/jdk.internal.reflect.DelegatingMethodAccessorImpl.invoke(DelegatingMethodAccessorImpl.java:43)
)

22-11-2024T02:57:48 - [TEST_STEP][PASSED] - vidget = "Уровень потерь электроэнергии": null

22-11-2024T02:57:48 - [TEST_STEP][PASSED] - typeOfData = "План": null

22-11-2024T02:57:48 - [TEST_STEP][PASSED] - PercPlanR = GetPercPlanR(x = a): null

22-11-2024T02:57:48 - [TEST_STEP][PASSED] - i1 = <not implemented yet for class: org.codehaus.groovy.ast.expr.EmptyExpression>: null

22-11-2024T02:57:48 - [TEST_STEP][PASSED] - i1 = x.indexOf("/") + 1: null

22-11-2024T02:57:48 - [TEST_STEP][PASSED] - if (i1 > -1): null

22-11-2024T02:57:48 - [TEST_STEP][PASSED] - x = x.substring(i1, x.length()): null

22-11-2024T02:57:48 - [TEST_STEP][PASSED] - i1 = x.indexOf("/"): null

22-11-2024T02:57:48 - [TEST_STEP][PASSED] - if (i1 > -1): null

22-11-2024T02:57:48 - [TEST_STEP][PASSED] - x = x.substring(0, i1): null

22-11-2024T02:57:48 - [TEST_STEP][PASSED] - return x: null

22-11-2024T02:57:48 - [TEST_STEP][PASSED] - PercPlanB = GetPercPlanB(x = b): null

22-11-2024T02:57:48 - [TEST_STEP][PASSED] - i1 = <not implemented yet for class: org.codehaus.groovy.ast.expr.EmptyExpression>: null

22-11-2024T02:57:48 - [TEST_STEP][PASSED] - i1 = x.indexOf("/") + 1: null

22-11-2024T02:57:48 - [TEST_STEP][PASSED] - if (i1 > -1): null

22-11-2024T02:57:48 - [TEST_STEP][PASSED] - x = x.substring(i1, x.length()): null

22-11-2024T02:57:48 - [TEST_STEP][PASSED] - i1 = x.indexOf("/"): null

22-11-2024T02:57:48 - [TEST_STEP][PASSED] - if (i1 > -1): null

22-11-2024T02:57:48 - [TEST_STEP][PASSED] - x = x.substring(0, i1): null

22-11-2024T02:57:48 - [TEST_STEP][FAILED] - return x: null

22-11-2024T02:57:48 - [TEST_STEP][FAILED] - if (verifyEqual(PercPlanR, PercPlanB) == false): null

22-11-2024T02:57:48 - [MESSAGE][FAILED] - Unable to verify equal between actual object 'нет данных' and expected object '3.86' (Root cause: com.kms.katalon.core.exception.StepFailedException: Actual object 'нет данных' and expected object '3.86' are not equal
	at com.kms.katalon.core.keyword.builtin.VerifyEqualKeyword$_verifyEqual_closure1.doCall(VerifyEqualKeyword.groovy:58)
	at com.kms.katalon.core.keyword.builtin.VerifyEqualKeyword$_verifyEqual_closure1.call(VerifyEqualKeyword.groovy)
	at com.kms.katalon.core.keyword.internal.KeywordMain.runKeyword(KeywordMain.groovy:75)
	at com.kms.katalon.core.keyword.builtin.VerifyEqualKeyword.verifyEqual(VerifyEqualKeyword.groovy:63)
	at com.kms.katalon.core.keyword.builtin.VerifyEqualKeyword.execute(VerifyEqualKeyword.groovy:44)
	at com.kms.katalon.core.keyword.internal.KeywordExecutor.executeKeywordForPlatform(KeywordExecutor.groovy:74)
	at com.kms.katalon.core.keyword.BuiltinKeywords.verifyEqual(BuiltinKeywords.groovy:146)
	at java.base/jdk.internal.reflect.NativeMethodAccessorImpl.invoke0(Native Method)
	at java.base/jdk.internal.reflect.NativeMethodAccessorImpl.invoke(NativeMethodAccessorImpl.java:77)
	at java.base/jdk.internal.reflect.DelegatingMethodAccessorImpl.invoke(DelegatingMethodAccessorImpl.java:43)
	at Выполнение бизнес-плана сверка дашбордов.CompareDZOData(Выполнение бизнес-плана сверка дашбордов:682)
	at Выполнение бизнес-плана сверка дашбордов.run(Выполнение бизнес-плана сверка дашбордов:583)
	at com.kms.katalon.core.main.ScriptEngine.run(ScriptEngine.java:194)
	at com.kms.katalon.core.main.ScriptEngine.runScriptAsRawText(ScriptEngine.java:119)
	at com.kms.katalon.core.main.TestCaseExecutor.runScript(TestCaseExecutor.java:448)
	at com.kms.katalon.core.main.TestCaseExecutor.doExecute(TestCaseExecutor.java:439)
	at com.kms.katalon.core.main.TestCaseExecutor.processExecutionPhase(TestCaseExecutor.java:418)
	at com.kms.katalon.core.main.TestCaseExecutor.accessMainPhase(TestCaseExecutor.java:410)
	at com.kms.katalon.core.main.TestCaseExecutor.execute(TestCaseExecutor.java:285)
	at com.kms.katalon.core.common.CommonExecutor.accessTestCaseMainPhase(CommonExecutor.java:65)
	at com.kms.katalon.core.main.TestSuiteExecutor.accessTestSuiteMainPhase(TestSuiteExecutor.java:150)
	at com.kms.katalon.core.main.TestSuiteExecutor.execute(TestSuiteExecutor.java:106)
	at com.kms.katalon.core.main.TestCaseMain.startTestSuite(TestCaseMain.java:180)
	at TempTestSuite1732232929817.run(TempTestSuite1732232929817.groovy:35)
	at java.base/jdk.internal.reflect.NativeMethodAccessorImpl.invoke0(Native Method)
	at java.base/jdk.internal.reflect.NativeMethodAccessorImpl.invoke(NativeMethodAccessorImpl.java:77)
	at java.base/jdk.internal.reflect.DelegatingMethodAccessorImpl.invoke(DelegatingMethodAccessorImpl.java:43)
)

22-11-2024T02:57:48 - [TEST_STEP][PASSED] - result = WriteToExcel(typeOfData, todaysDate, PercPlanR, PercPlanB, PercFactR, PercFactB, x, tabR, tabB, o1R, o1B, vidget): null

22-11-2024T02:57:48 - [TEST_STEP][PASSED] - iii = dZO.indexOf("/"): null

22-11-2024T02:57:48 - [TEST_STEP][PASSED] - println(iii): null

22-11-2024T02:57:48 - [TEST_STEP][PASSED] - dZO = dZO.substring(0, iii): null

22-11-2024T02:57:48 - [TEST_STEP][PASSED] - println(dZO): null

22-11-2024T02:57:48 - [TEST_STEP][PASSED] - println(PercPlanR): null

22-11-2024T02:57:48 - [TEST_STEP][PASSED] - println(PercPlanB): null

22-11-2024T02:57:48 - [TEST_STEP][PASSED] - println(PercFactR): null

22-11-2024T02:57:48 - [TEST_STEP][PASSED] - println(PercFactB): null

22-11-2024T02:57:48 - [TEST_STEP][PASSED] - println(tabR): null

22-11-2024T02:57:48 - [TEST_STEP][PASSED] - println(tabB): null

22-11-2024T02:57:48 - [TEST_STEP][PASSED] - println(o1R): null

22-11-2024T02:57:48 - [TEST_STEP][PASSED] - println(o1B): null

22-11-2024T02:57:48 - [TEST_STEP][PASSED] - PR = <not implemented yet for class: org.codehaus.groovy.ast.expr.EmptyExpression>: null

22-11-2024T02:57:48 - [TEST_STEP][PASSED] - FR = <not implemented yet for class: org.codehaus.groovy.ast.expr.EmptyExpression>: null

22-11-2024T02:57:48 - [TEST_STEP][PASSED] - PB = <not implemented yet for class: org.codehaus.groovy.ast.expr.EmptyExpression>: null

22-11-2024T02:57:48 - [TEST_STEP][PASSED] - FB = <not implemented yet for class: org.codehaus.groovy.ast.expr.EmptyExpression>: null

22-11-2024T02:57:48 - [TEST_STEP][PASSED] - TR = <not implemented yet for class: org.codehaus.groovy.ast.expr.EmptyExpression>: null

22-11-2024T02:57:48 - [TEST_STEP][PASSED] - TB = <not implemented yet for class: org.codehaus.groovy.ast.expr.EmptyExpression>: null

22-11-2024T02:57:48 - [TEST_STEP][PASSED] - sheetName = "Sheet1": null

22-11-2024T02:57:48 - [TEST_STEP][PASSED] - data = findTestData("PlanFact"): null

22-11-2024T02:57:48 - [TEST_STEP][PASSED] - n = data.getRowNumbers() + 1: null

22-11-2024T02:57:48 - [TEST_STEP][PASSED] - year = todaysDate.substring(todaysDate.length() - 4, todaysDate.length()): null

22-11-2024T02:57:48 - [TEST_STEP][PASSED] - y = year.toInteger(): null

22-11-2024T02:57:48 - [TEST_STEP][PASSED] - m = getText(findTestObject("Выполнение бизнес-плана/Выполнение бизнес-плана Балансы/Фильтр Дата")): Text of object 'Object Repository/Выполнение бизнес-плана/Выполнение бизнес-плана Балансы/Фильтр Дата' is: '1, 2, 3 кв. 2024 года'

22-11-2024T02:57:48 - [MESSAGE][PASSED] - Text of object 'Object Repository/Выполнение бизнес-плана/Выполнение бизнес-плана Балансы/Фильтр Дата' is: '1, 2, 3 кв. 2024 года'

22-11-2024T02:57:48 - [TEST_STEP][PASSED] - m = m.substring(0, m.indexOf("2024")): null

22-11-2024T02:57:48 - [TEST_STEP][PASSED] - m = m.trim(): null

22-11-2024T02:57:48 - [TEST_STEP][PASSED] - dashboardName = "Выполнение бизнес-плана": null

22-11-2024T02:57:48 - [TEST_STEP][PASSED] - workbook01 = getWorkbook(excelFilePath): null

22-11-2024T02:57:48 - [TEST_STEP][PASSED] - sheet01 = getExcelSheet(workbook01, sheetName): null

22-11-2024T02:57:48 - [TEST_STEP][PASSED] - setValueToCellByIndex(sheet01, n, 0, dashboardName): null

22-11-2024T02:57:48 - [TEST_STEP][PASSED] - setValueToCellByIndex(sheet01, n, 1, dZO): null

22-11-2024T02:57:48 - [TEST_STEP][PASSED] - setValueToCellByIndex(sheet01, n, 2, typeOfData): null

22-11-2024T02:57:48 - [TEST_STEP][PASSED] - setValueToCellByIndex(sheet01, n, 3, typeOfData): null

22-11-2024T02:57:48 - [TEST_STEP][PASSED] - if (typeOfData == "План"): null

22-11-2024T02:57:48 - [TEST_STEP][PASSED] - if (PercPlanR == null): null

22-11-2024T02:57:48 - [TEST_STEP][PASSED] - else: null

22-11-2024T02:57:48 - [TEST_STEP][PASSED] - if (PercPlanR == "нет данных"): null

22-11-2024T02:57:48 - [TEST_STEP][PASSED] - setValueToCellByIndex(sheet01, n, 4, "нет данных"): null

22-11-2024T02:57:48 - [TEST_STEP][PASSED] - if (PercPlanB == null): null

22-11-2024T02:57:48 - [TEST_STEP][PASSED] - else: null

22-11-2024T02:57:48 - [TEST_STEP][PASSED] - if (PercPlanB == "нет данных"): null

22-11-2024T02:57:48 - [TEST_STEP][PASSED] - else: null

22-11-2024T02:57:48 - [TEST_STEP][PASSED] - PB = PercPlanB.toDouble(): null

22-11-2024T02:57:48 - [TEST_STEP][PASSED] - setValueToCellByIndex(sheet01, n, 5, PB): null

22-11-2024T02:57:48 - [TEST_STEP][PASSED] - setValueToCellByIndex(sheet01, n, 6, m): null

22-11-2024T02:57:48 - [TEST_STEP][PASSED] - setValueToCellByIndex(sheet01, n, 7, y): null

22-11-2024T02:57:48 - [TEST_STEP][PASSED] - setValueToCellByIndex(sheet01, n, 8, todaysDate): null

22-11-2024T02:57:48 - [TEST_STEP][PASSED] - n = n + 1: null

22-11-2024T02:57:48 - [TEST_STEP][PASSED] - saveWorkbook(excelFilePath, workbook01): null

22-11-2024T02:57:48 - [TEST_STEP][PASSED] - typeOfData = "Факт": null

22-11-2024T02:57:48 - [TEST_STEP][PASSED] - PercFactR = GetPercFactR(x = a): null

22-11-2024T02:57:48 - [TEST_STEP][PASSED] - i1 = <not implemented yet for class: org.codehaus.groovy.ast.expr.EmptyExpression>: null

22-11-2024T02:57:48 - [TEST_STEP][PASSED] - ii = <not implemented yet for class: org.codehaus.groovy.ast.expr.EmptyExpression>: null

22-11-2024T02:57:48 - [TEST_STEP][PASSED] - for ([ii = 1, ii < 3, (ii++)]): null

22-11-2024T02:57:48 - [TEST_STEP][PASSED] - i1 = x.indexOf("/") + 1: null

22-11-2024T02:57:48 - [TEST_STEP][PASSED] - if (i1 > -1): null

22-11-2024T02:57:48 - [TEST_STEP][PASSED] - x = x.substring(i1, x.length()): null

22-11-2024T02:57:48 - [TEST_STEP][PASSED] - println(x): null

22-11-2024T02:57:48 - [TEST_STEP][PASSED] - i1 = x.indexOf("/") + 1: null

22-11-2024T02:57:48 - [TEST_STEP][PASSED] - if (i1 > -1): null

22-11-2024T02:57:48 - [TEST_STEP][PASSED] - x = x.substring(i1, x.length()): null

22-11-2024T02:57:48 - [TEST_STEP][PASSED] - println(x): null

22-11-2024T02:57:48 - [TEST_STEP][PASSED] - i1 = x.indexOf("/"): null

22-11-2024T02:57:48 - [TEST_STEP][PASSED] - if (i1 > -1): null

22-11-2024T02:57:48 - [TEST_STEP][PASSED] - x = x.substring(0, i1): null

22-11-2024T02:57:48 - [TEST_STEP][PASSED] - println(x): null

22-11-2024T02:57:48 - [TEST_STEP][PASSED] - return x: null

22-11-2024T02:57:48 - [TEST_STEP][PASSED] - PercFactB = GetPercFactB(x = b): null

22-11-2024T02:57:48 - [TEST_STEP][PASSED] - i1 = <not implemented yet for class: org.codehaus.groovy.ast.expr.EmptyExpression>: null

22-11-2024T02:57:48 - [TEST_STEP][PASSED] - ii = <not implemented yet for class: org.codehaus.groovy.ast.expr.EmptyExpression>: null

22-11-2024T02:57:48 - [TEST_STEP][PASSED] - for ([ii = 1, ii < 3, (ii++)]): null

22-11-2024T02:57:48 - [TEST_STEP][PASSED] - i1 = x.indexOf("/") + 1: null

22-11-2024T02:57:48 - [TEST_STEP][PASSED] - if (i1 > -1): null

22-11-2024T02:57:48 - [TEST_STEP][PASSED] - x = x.substring(i1, x.length()): null

22-11-2024T02:57:48 - [TEST_STEP][PASSED] - println(x): null

22-11-2024T02:57:48 - [TEST_STEP][PASSED] - i1 = x.indexOf("/") + 1: null

22-11-2024T02:57:48 - [TEST_STEP][PASSED] - if (i1 > -1): null

22-11-2024T02:57:48 - [TEST_STEP][PASSED] - x = x.substring(i1, x.length()): null

22-11-2024T02:57:48 - [TEST_STEP][PASSED] - println(x): null

22-11-2024T02:57:48 - [TEST_STEP][PASSED] - i1 = x.indexOf("/"): null

22-11-2024T02:57:48 - [TEST_STEP][PASSED] - if (i1 > -1): null

22-11-2024T02:57:48 - [TEST_STEP][PASSED] - x = x.substring(0, i1): null

22-11-2024T02:57:48 - [TEST_STEP][PASSED] - println(x): null

22-11-2024T02:57:48 - [TEST_STEP][FAILED] - return x: null

22-11-2024T02:57:48 - [TEST_STEP][FAILED] - if (verifyEqual(PercFactR, PercFactB) == false): null

22-11-2024T02:57:48 - [MESSAGE][FAILED] - Unable to verify equal between actual object 'нет данных' and expected object '3.67' (Root cause: com.kms.katalon.core.exception.StepFailedException: Actual object 'нет данных' and expected object '3.67' are not equal
	at com.kms.katalon.core.keyword.builtin.VerifyEqualKeyword$_verifyEqual_closure1.doCall(VerifyEqualKeyword.groovy:58)
	at com.kms.katalon.core.keyword.builtin.VerifyEqualKeyword$_verifyEqual_closure1.call(VerifyEqualKeyword.groovy)
	at com.kms.katalon.core.keyword.internal.KeywordMain.runKeyword(KeywordMain.groovy:75)
	at com.kms.katalon.core.keyword.builtin.VerifyEqualKeyword.verifyEqual(VerifyEqualKeyword.groovy:63)
	at com.kms.katalon.core.keyword.builtin.VerifyEqualKeyword.execute(VerifyEqualKeyword.groovy:44)
	at com.kms.katalon.core.keyword.internal.KeywordExecutor.executeKeywordForPlatform(KeywordExecutor.groovy:74)
	at com.kms.katalon.core.keyword.BuiltinKeywords.verifyEqual(BuiltinKeywords.groovy:146)
	at java.base/jdk.internal.reflect.NativeMethodAccessorImpl.invoke0(Native Method)
	at java.base/jdk.internal.reflect.NativeMethodAccessorImpl.invoke(NativeMethodAccessorImpl.java:77)
	at java.base/jdk.internal.reflect.DelegatingMethodAccessorImpl.invoke(DelegatingMethodAccessorImpl.java:43)
	at Выполнение бизнес-плана сверка дашбордов.CompareDZOData(Выполнение бизнес-плана сверка дашбордов:693)
	at Выполнение бизнес-плана сверка дашбордов.run(Выполнение бизнес-плана сверка дашбордов:583)
	at com.kms.katalon.core.main.ScriptEngine.run(ScriptEngine.java:194)
	at com.kms.katalon.core.main.ScriptEngine.runScriptAsRawText(ScriptEngine.java:119)
	at com.kms.katalon.core.main.TestCaseExecutor.runScript(TestCaseExecutor.java:448)
	at com.kms.katalon.core.main.TestCaseExecutor.doExecute(TestCaseExecutor.java:439)
	at com.kms.katalon.core.main.TestCaseExecutor.processExecutionPhase(TestCaseExecutor.java:418)
	at com.kms.katalon.core.main.TestCaseExecutor.accessMainPhase(TestCaseExecutor.java:410)
	at com.kms.katalon.core.main.TestCaseExecutor.execute(TestCaseExecutor.java:285)
	at com.kms.katalon.core.common.CommonExecutor.accessTestCaseMainPhase(CommonExecutor.java:65)
	at com.kms.katalon.core.main.TestSuiteExecutor.accessTestSuiteMainPhase(TestSuiteExecutor.java:150)
	at com.kms.katalon.core.main.TestSuiteExecutor.execute(TestSuiteExecutor.java:106)
	at com.kms.katalon.core.main.TestCaseMain.startTestSuite(TestCaseMain.java:180)
	at TempTestSuite1732232929817.run(TempTestSuite1732232929817.groovy:35)
	at java.base/jdk.internal.reflect.NativeMethodAccessorImpl.invoke0(Native Method)
	at java.base/jdk.internal.reflect.NativeMethodAccessorImpl.invoke(NativeMethodAccessorImpl.java:77)
	at java.base/jdk.internal.reflect.DelegatingMethodAccessorImpl.invoke(DelegatingMethodAccessorImpl.java:43)
)

22-11-2024T02:57:48 - [TEST_STEP][PASSED] - result = WriteToExcel(typeOfData, todaysDate, PercPlanR, PercPlanB, PercFactR, PercFactB, x, tabR, tabB, o1R, o1B, vidget): null

22-11-2024T02:57:48 - [TEST_STEP][PASSED] - iii = dZO.indexOf("/"): null

22-11-2024T02:57:48 - [TEST_STEP][PASSED] - println(iii): null

22-11-2024T02:57:48 - [TEST_STEP][PASSED] - dZO = dZO.substring(0, iii): null

22-11-2024T02:57:48 - [TEST_STEP][PASSED] - println(dZO): null

22-11-2024T02:57:48 - [TEST_STEP][PASSED] - println(PercPlanR): null

22-11-2024T02:57:48 - [TEST_STEP][PASSED] - println(PercPlanB): null

22-11-2024T02:57:48 - [TEST_STEP][PASSED] - println(PercFactR): null

22-11-2024T02:57:48 - [TEST_STEP][PASSED] - println(PercFactB): null

22-11-2024T02:57:48 - [TEST_STEP][PASSED] - println(tabR): null

22-11-2024T02:57:48 - [TEST_STEP][PASSED] - println(tabB): null

22-11-2024T02:57:48 - [TEST_STEP][PASSED] - println(o1R): null

22-11-2024T02:57:48 - [TEST_STEP][PASSED] - println(o1B): null

22-11-2024T02:57:48 - [TEST_STEP][PASSED] - PR = <not implemented yet for class: org.codehaus.groovy.ast.expr.EmptyExpression>: null

22-11-2024T02:57:48 - [TEST_STEP][PASSED] - FR = <not implemented yet for class: org.codehaus.groovy.ast.expr.EmptyExpression>: null

22-11-2024T02:57:48 - [TEST_STEP][PASSED] - PB = <not implemented yet for class: org.codehaus.groovy.ast.expr.EmptyExpression>: null

22-11-2024T02:57:48 - [TEST_STEP][PASSED] - FB = <not implemented yet for class: org.codehaus.groovy.ast.expr.EmptyExpression>: null

22-11-2024T02:57:48 - [TEST_STEP][PASSED] - TR = <not implemented yet for class: org.codehaus.groovy.ast.expr.EmptyExpression>: null

22-11-2024T02:57:48 - [TEST_STEP][PASSED] - TB = <not implemented yet for class: org.codehaus.groovy.ast.expr.EmptyExpression>: null

22-11-2024T02:57:48 - [TEST_STEP][PASSED] - sheetName = "Sheet1": null

22-11-2024T02:57:48 - [TEST_STEP][PASSED] - data = findTestData("PlanFact"): null

22-11-2024T02:57:48 - [TEST_STEP][PASSED] - n = data.getRowNumbers() + 1: null

22-11-2024T02:57:48 - [TEST_STEP][PASSED] - year = todaysDate.substring(todaysDate.length() - 4, todaysDate.length()): null

22-11-2024T02:57:48 - [TEST_STEP][PASSED] - y = year.toInteger(): null

22-11-2024T02:57:48 - [TEST_STEP][PASSED] - m = getText(findTestObject("Выполнение бизнес-плана/Выполнение бизнес-плана Балансы/Фильтр Дата")): Text of object 'Object Repository/Выполнение бизнес-плана/Выполнение бизнес-плана Балансы/Фильтр Дата' is: '1, 2, 3 кв. 2024 года'

22-11-2024T02:57:49 - [MESSAGE][PASSED] - Text of object 'Object Repository/Выполнение бизнес-плана/Выполнение бизнес-плана Балансы/Фильтр Дата' is: '1, 2, 3 кв. 2024 года'

22-11-2024T02:57:49 - [TEST_STEP][PASSED] - m = m.substring(0, m.indexOf("2024")): null

22-11-2024T02:57:49 - [TEST_STEP][PASSED] - m = m.trim(): null

22-11-2024T02:57:49 - [TEST_STEP][PASSED] - dashboardName = "Выполнение бизнес-плана": null

22-11-2024T02:57:49 - [TEST_STEP][PASSED] - workbook01 = getWorkbook(excelFilePath): null

22-11-2024T02:57:49 - [TEST_STEP][PASSED] - sheet01 = getExcelSheet(workbook01, sheetName): null

22-11-2024T02:57:49 - [TEST_STEP][PASSED] - setValueToCellByIndex(sheet01, n, 0, dashboardName): null

22-11-2024T02:57:49 - [TEST_STEP][PASSED] - setValueToCellByIndex(sheet01, n, 1, dZO): null

22-11-2024T02:57:49 - [TEST_STEP][PASSED] - setValueToCellByIndex(sheet01, n, 2, typeOfData): null

22-11-2024T02:57:49 - [TEST_STEP][PASSED] - setValueToCellByIndex(sheet01, n, 3, typeOfData): null

22-11-2024T02:57:49 - [TEST_STEP][PASSED] - if (typeOfData == "План"): null

22-11-2024T02:57:49 - [TEST_STEP][PASSED] - else if (typeOfData == "Факт"): null

22-11-2024T02:57:49 - [TEST_STEP][PASSED] - if (PercFactR == null): null

22-11-2024T02:57:49 - [TEST_STEP][PASSED] - else: null

22-11-2024T02:57:49 - [TEST_STEP][PASSED] - if (PercFactR == "нет данных"): null

22-11-2024T02:57:49 - [TEST_STEP][PASSED] - setValueToCellByIndex(sheet01, n, 4, "нет данных"): null

22-11-2024T02:57:49 - [TEST_STEP][PASSED] - if (PercFactB == null): null

22-11-2024T02:57:49 - [TEST_STEP][PASSED] - else: null

22-11-2024T02:57:49 - [TEST_STEP][PASSED] - if (PercFactB == "нет данных"): null

22-11-2024T02:57:49 - [TEST_STEP][PASSED] - else: null

22-11-2024T02:57:49 - [TEST_STEP][PASSED] - FB = PercFactB.toDouble(): null

22-11-2024T02:57:49 - [TEST_STEP][PASSED] - setValueToCellByIndex(sheet01, n, 5, FB): null

22-11-2024T02:57:49 - [TEST_STEP][PASSED] - setValueToCellByIndex(sheet01, n, 6, m): null

22-11-2024T02:57:49 - [TEST_STEP][PASSED] - setValueToCellByIndex(sheet01, n, 7, y): null

22-11-2024T02:57:49 - [TEST_STEP][PASSED] - setValueToCellByIndex(sheet01, n, 8, todaysDate): null

22-11-2024T02:57:49 - [TEST_STEP][PASSED] - n = n + 1: null

22-11-2024T02:57:49 - [TEST_STEP][PASSED] - saveWorkbook(excelFilePath, workbook01): null

22-11-2024T02:57:49 - [TEST_STEP][PASSED] - vidget = "Показатели баланса электроэнергии по ДЗО – Факт": null

22-11-2024T02:57:49 - [TEST_STEP][PASSED] - typeOfData = "Факт Отпуск в сеть": null

22-11-2024T02:57:49 - [TEST_STEP][PASSED] - tabR = GetOvSFactR(x = a): null

22-11-2024T02:57:49 - [TEST_STEP][PASSED] - i1 = <not implemented yet for class: org.codehaus.groovy.ast.expr.EmptyExpression>: null

22-11-2024T02:57:49 - [TEST_STEP][PASSED] - ii = <not implemented yet for class: org.codehaus.groovy.ast.expr.EmptyExpression>: null

22-11-2024T02:57:49 - [TEST_STEP][PASSED] - for ([ii = 1, ii < 4, (ii++)]): null

22-11-2024T02:57:49 - [TEST_STEP][PASSED] - i1 = x.indexOf("/") + 1: null

22-11-2024T02:57:49 - [TEST_STEP][PASSED] - if (i1 > -1): null

22-11-2024T02:57:49 - [TEST_STEP][PASSED] - x = x.substring(i1, x.length()): null

22-11-2024T02:57:49 - [TEST_STEP][PASSED] - println(x): null

22-11-2024T02:57:49 - [TEST_STEP][PASSED] - i1 = x.indexOf("/") + 1: null

22-11-2024T02:57:49 - [TEST_STEP][PASSED] - if (i1 > -1): null

22-11-2024T02:57:49 - [TEST_STEP][PASSED] - x = x.substring(i1, x.length()): null

22-11-2024T02:57:49 - [TEST_STEP][PASSED] - println(x): null

22-11-2024T02:57:49 - [TEST_STEP][PASSED] - i1 = x.indexOf("/") + 1: null

22-11-2024T02:57:49 - [TEST_STEP][PASSED] - if (i1 > -1): null

22-11-2024T02:57:49 - [TEST_STEP][PASSED] - x = x.substring(i1, x.length()): null

22-11-2024T02:57:49 - [TEST_STEP][PASSED] - println(x): null

22-11-2024T02:57:49 - [TEST_STEP][PASSED] - i1 = x.indexOf("/"): null

22-11-2024T02:57:49 - [TEST_STEP][PASSED] - if (i1 > -1): null

22-11-2024T02:57:49 - [TEST_STEP][PASSED] - x = x.substring(0, i1): null

22-11-2024T02:57:49 - [TEST_STEP][PASSED] - println(x): null

22-11-2024T02:57:49 - [TEST_STEP][PASSED] - return x: null

22-11-2024T02:57:49 - [TEST_STEP][PASSED] - tabB = GetOvSFactB(x = b): null

22-11-2024T02:57:49 - [TEST_STEP][PASSED] - i1 = <not implemented yet for class: org.codehaus.groovy.ast.expr.EmptyExpression>: null

22-11-2024T02:57:49 - [TEST_STEP][PASSED] - ii = <not implemented yet for class: org.codehaus.groovy.ast.expr.EmptyExpression>: null

22-11-2024T02:57:49 - [TEST_STEP][PASSED] - for ([ii = 1, ii < 4, (ii++)]): null

22-11-2024T02:57:49 - [TEST_STEP][PASSED] - i1 = x.indexOf("/") + 1: null

22-11-2024T02:57:49 - [TEST_STEP][PASSED] - if (i1 > -1): null

22-11-2024T02:57:49 - [TEST_STEP][PASSED] - x = x.substring(i1, x.length()): null

22-11-2024T02:57:49 - [TEST_STEP][PASSED] - println(x): null

22-11-2024T02:57:49 - [TEST_STEP][PASSED] - i1 = x.indexOf("/") + 1: null

22-11-2024T02:57:49 - [TEST_STEP][PASSED] - if (i1 > -1): null

22-11-2024T02:57:49 - [TEST_STEP][PASSED] - x = x.substring(i1, x.length()): null

22-11-2024T02:57:49 - [TEST_STEP][PASSED] - println(x): null

22-11-2024T02:57:49 - [TEST_STEP][PASSED] - i1 = x.indexOf("/") + 1: null

22-11-2024T02:57:49 - [TEST_STEP][PASSED] - if (i1 > -1): null

22-11-2024T02:57:49 - [TEST_STEP][PASSED] - x = x.substring(i1, x.length()): null

22-11-2024T02:57:49 - [TEST_STEP][PASSED] - println(x): null

22-11-2024T02:57:49 - [TEST_STEP][PASSED] - i1 = x.indexOf("/"): null

22-11-2024T02:57:49 - [TEST_STEP][PASSED] - if (i1 > -1): null

22-11-2024T02:57:49 - [TEST_STEP][PASSED] - x = x.substring(0, i1): null

22-11-2024T02:57:49 - [TEST_STEP][PASSED] - println(x): null

22-11-2024T02:57:49 - [TEST_STEP][FAILED] - return x: null

22-11-2024T02:57:49 - [TEST_STEP][FAILED] - if (verifyEqual(tabR, tabB) == false): null

22-11-2024T02:57:49 - [MESSAGE][FAILED] - Unable to verify equal between actual object 'нет данных' and expected object '462835148' (Root cause: com.kms.katalon.core.exception.StepFailedException: Actual object 'нет данных' and expected object '462835148' are not equal
	at com.kms.katalon.core.keyword.builtin.VerifyEqualKeyword$_verifyEqual_closure1.doCall(VerifyEqualKeyword.groovy:58)
	at com.kms.katalon.core.keyword.builtin.VerifyEqualKeyword$_verifyEqual_closure1.call(VerifyEqualKeyword.groovy)
	at com.kms.katalon.core.keyword.internal.KeywordMain.runKeyword(KeywordMain.groovy:75)
	at com.kms.katalon.core.keyword.builtin.VerifyEqualKeyword.verifyEqual(VerifyEqualKeyword.groovy:63)
	at com.kms.katalon.core.keyword.builtin.VerifyEqualKeyword.execute(VerifyEqualKeyword.groovy:44)
	at com.kms.katalon.core.keyword.internal.KeywordExecutor.executeKeywordForPlatform(KeywordExecutor.groovy:74)
	at com.kms.katalon.core.keyword.BuiltinKeywords.verifyEqual(BuiltinKeywords.groovy:146)
	at java.base/jdk.internal.reflect.NativeMethodAccessorImpl.invoke0(Native Method)
	at java.base/jdk.internal.reflect.NativeMethodAccessorImpl.invoke(NativeMethodAccessorImpl.java:77)
	at java.base/jdk.internal.reflect.DelegatingMethodAccessorImpl.invoke(DelegatingMethodAccessorImpl.java:43)
	at Выполнение бизнес-плана сверка дашбордов.CompareDZOData(Выполнение бизнес-плана сверка дашбордов:706)
	at Выполнение бизнес-плана сверка дашбордов.run(Выполнение бизнес-плана сверка дашбордов:583)
	at com.kms.katalon.core.main.ScriptEngine.run(ScriptEngine.java:194)
	at com.kms.katalon.core.main.ScriptEngine.runScriptAsRawText(ScriptEngine.java:119)
	at com.kms.katalon.core.main.TestCaseExecutor.runScript(TestCaseExecutor.java:448)
	at com.kms.katalon.core.main.TestCaseExecutor.doExecute(TestCaseExecutor.java:439)
	at com.kms.katalon.core.main.TestCaseExecutor.processExecutionPhase(TestCaseExecutor.java:418)
	at com.kms.katalon.core.main.TestCaseExecutor.accessMainPhase(TestCaseExecutor.java:410)
	at com.kms.katalon.core.main.TestCaseExecutor.execute(TestCaseExecutor.java:285)
	at com.kms.katalon.core.common.CommonExecutor.accessTestCaseMainPhase(CommonExecutor.java:65)
	at com.kms.katalon.core.main.TestSuiteExecutor.accessTestSuiteMainPhase(TestSuiteExecutor.java:150)
	at com.kms.katalon.core.main.TestSuiteExecutor.execute(TestSuiteExecutor.java:106)
	at com.kms.katalon.core.main.TestCaseMain.startTestSuite(TestCaseMain.java:180)
	at TempTestSuite1732232929817.run(TempTestSuite1732232929817.groovy:35)
	at java.base/jdk.internal.reflect.NativeMethodAccessorImpl.invoke0(Native Method)
	at java.base/jdk.internal.reflect.NativeMethodAccessorImpl.invoke(NativeMethodAccessorImpl.java:77)
	at java.base/jdk.internal.reflect.DelegatingMethodAccessorImpl.invoke(DelegatingMethodAccessorImpl.java:43)
)

22-11-2024T02:57:49 - [TEST_STEP][PASSED] - result = WriteToExcel(typeOfData, todaysDate, PercPlanR, PercPlanB, PercFactR, PercFactB, x, tabR, tabB, o1R, o1B, vidget): null

22-11-2024T02:57:49 - [TEST_STEP][PASSED] - iii = dZO.indexOf("/"): null

22-11-2024T02:57:49 - [TEST_STEP][PASSED] - println(iii): null

22-11-2024T02:57:49 - [TEST_STEP][PASSED] - dZO = dZO.substring(0, iii): null

22-11-2024T02:57:49 - [TEST_STEP][PASSED] - println(dZO): null

22-11-2024T02:57:49 - [TEST_STEP][PASSED] - println(PercPlanR): null

22-11-2024T02:57:49 - [TEST_STEP][PASSED] - println(PercPlanB): null

22-11-2024T02:57:49 - [TEST_STEP][PASSED] - println(PercFactR): null

22-11-2024T02:57:49 - [TEST_STEP][PASSED] - println(PercFactB): null

22-11-2024T02:57:49 - [TEST_STEP][PASSED] - println(tabR): null

22-11-2024T02:57:49 - [TEST_STEP][PASSED] - println(tabB): null

22-11-2024T02:57:49 - [TEST_STEP][PASSED] - println(o1R): null

22-11-2024T02:57:49 - [TEST_STEP][PASSED] - println(o1B): null

22-11-2024T02:57:49 - [TEST_STEP][PASSED] - PR = <not implemented yet for class: org.codehaus.groovy.ast.expr.EmptyExpression>: null

22-11-2024T02:57:49 - [TEST_STEP][PASSED] - FR = <not implemented yet for class: org.codehaus.groovy.ast.expr.EmptyExpression>: null

22-11-2024T02:57:49 - [TEST_STEP][PASSED] - PB = <not implemented yet for class: org.codehaus.groovy.ast.expr.EmptyExpression>: null

22-11-2024T02:57:49 - [TEST_STEP][PASSED] - FB = <not implemented yet for class: org.codehaus.groovy.ast.expr.EmptyExpression>: null

22-11-2024T02:57:49 - [TEST_STEP][PASSED] - TR = <not implemented yet for class: org.codehaus.groovy.ast.expr.EmptyExpression>: null

22-11-2024T02:57:49 - [TEST_STEP][PASSED] - TB = <not implemented yet for class: org.codehaus.groovy.ast.expr.EmptyExpression>: null

22-11-2024T02:57:49 - [TEST_STEP][PASSED] - sheetName = "Sheet1": null

22-11-2024T02:57:49 - [TEST_STEP][PASSED] - data = findTestData("PlanFact"): null

22-11-2024T02:57:49 - [TEST_STEP][PASSED] - n = data.getRowNumbers() + 1: null

22-11-2024T02:57:49 - [TEST_STEP][PASSED] - year = todaysDate.substring(todaysDate.length() - 4, todaysDate.length()): null

22-11-2024T02:57:49 - [TEST_STEP][PASSED] - y = year.toInteger(): null

22-11-2024T02:57:49 - [TEST_STEP][PASSED] - m = getText(findTestObject("Выполнение бизнес-плана/Выполнение бизнес-плана Балансы/Фильтр Дата")): Text of object 'Object Repository/Выполнение бизнес-плана/Выполнение бизнес-плана Балансы/Фильтр Дата' is: '1, 2, 3 кв. 2024 года'

22-11-2024T02:57:49 - [MESSAGE][PASSED] - Text of object 'Object Repository/Выполнение бизнес-плана/Выполнение бизнес-плана Балансы/Фильтр Дата' is: '1, 2, 3 кв. 2024 года'

22-11-2024T02:57:49 - [TEST_STEP][PASSED] - m = m.substring(0, m.indexOf("2024")): null

22-11-2024T02:57:49 - [TEST_STEP][PASSED] - m = m.trim(): null

22-11-2024T02:57:49 - [TEST_STEP][PASSED] - dashboardName = "Выполнение бизнес-плана": null

22-11-2024T02:57:49 - [TEST_STEP][PASSED] - workbook01 = getWorkbook(excelFilePath): null

22-11-2024T02:57:49 - [TEST_STEP][PASSED] - sheet01 = getExcelSheet(workbook01, sheetName): null

22-11-2024T02:57:49 - [TEST_STEP][PASSED] - setValueToCellByIndex(sheet01, n, 0, dashboardName): null

22-11-2024T02:57:49 - [TEST_STEP][PASSED] - setValueToCellByIndex(sheet01, n, 1, dZO): null

22-11-2024T02:57:49 - [TEST_STEP][PASSED] - setValueToCellByIndex(sheet01, n, 2, typeOfData): null

22-11-2024T02:57:49 - [TEST_STEP][PASSED] - setValueToCellByIndex(sheet01, n, 3, typeOfData): null

22-11-2024T02:57:49 - [TEST_STEP][PASSED] - if (typeOfData == "План"): null

22-11-2024T02:57:49 - [TEST_STEP][PASSED] - else if (typeOfData == "Факт"): null

22-11-2024T02:57:49 - [TEST_STEP][PASSED] - else if (vidget.contains("электроэнергии") == true): null

22-11-2024T02:57:49 - [TEST_STEP][PASSED] - if (tabR == null): null

22-11-2024T02:57:49 - [TEST_STEP][PASSED] - else: null

22-11-2024T02:57:49 - [TEST_STEP][PASSED] - if (tabR == "нет данных"): null

22-11-2024T02:57:49 - [TEST_STEP][PASSED] - setValueToCellByIndex(sheet01, n, 4, "нет данных"): null

22-11-2024T02:57:49 - [TEST_STEP][PASSED] - if (tabB == null): null

22-11-2024T02:57:49 - [TEST_STEP][PASSED] - else: null

22-11-2024T02:57:49 - [TEST_STEP][PASSED] - if (tabB == "нет данных"): null

22-11-2024T02:57:49 - [TEST_STEP][PASSED] - else: null

22-11-2024T02:57:49 - [TEST_STEP][PASSED] - TB = tabB.toInteger(): null

22-11-2024T02:57:49 - [TEST_STEP][PASSED] - setValueToCellByIndex(sheet01, n, 5, TB): null

22-11-2024T02:57:49 - [TEST_STEP][PASSED] - setValueToCellByIndex(sheet01, n, 6, m): null

22-11-2024T02:57:49 - [TEST_STEP][PASSED] - setValueToCellByIndex(sheet01, n, 7, y): null

22-11-2024T02:57:49 - [TEST_STEP][PASSED] - setValueToCellByIndex(sheet01, n, 8, todaysDate): null

22-11-2024T02:57:49 - [TEST_STEP][PASSED] - n = n + 1: null

22-11-2024T02:57:49 - [TEST_STEP][PASSED] - saveWorkbook(excelFilePath, workbook01): null

22-11-2024T02:57:50 - [TEST_STEP][PASSED] - typeOfData = "Факт Отпуск из сети": null

22-11-2024T02:57:50 - [TEST_STEP][PASSED] - tabR = GetOiSFactR(x = a): null

22-11-2024T02:57:50 - [TEST_STEP][PASSED] - i1 = <not implemented yet for class: org.codehaus.groovy.ast.expr.EmptyExpression>: null

22-11-2024T02:57:50 - [TEST_STEP][PASSED] - ii = <not implemented yet for class: org.codehaus.groovy.ast.expr.EmptyExpression>: null

22-11-2024T02:57:50 - [TEST_STEP][PASSED] - for ([ii = 1, ii < 5, (ii++)]): null

22-11-2024T02:57:50 - [TEST_STEP][PASSED] - i1 = x.indexOf("/") + 1: null

22-11-2024T02:57:50 - [TEST_STEP][PASSED] - if (i1 > -1): null

22-11-2024T02:57:50 - [TEST_STEP][PASSED] - x = x.substring(i1, x.length()): null

22-11-2024T02:57:50 - [TEST_STEP][PASSED] - println(x): null

22-11-2024T02:57:50 - [TEST_STEP][PASSED] - i1 = x.indexOf("/") + 1: null

22-11-2024T02:57:50 - [TEST_STEP][PASSED] - if (i1 > -1): null

22-11-2024T02:57:50 - [TEST_STEP][PASSED] - x = x.substring(i1, x.length()): null

22-11-2024T02:57:50 - [TEST_STEP][PASSED] - println(x): null

22-11-2024T02:57:50 - [TEST_STEP][PASSED] - i1 = x.indexOf("/") + 1: null

22-11-2024T02:57:50 - [TEST_STEP][PASSED] - if (i1 > -1): null

22-11-2024T02:57:50 - [TEST_STEP][PASSED] - x = x.substring(i1, x.length()): null

22-11-2024T02:57:50 - [TEST_STEP][PASSED] - println(x): null

22-11-2024T02:57:50 - [TEST_STEP][PASSED] - i1 = x.indexOf("/") + 1: null

22-11-2024T02:57:50 - [TEST_STEP][PASSED] - if (i1 > -1): null

22-11-2024T02:57:50 - [TEST_STEP][PASSED] - x = x.substring(i1, x.length()): null

22-11-2024T02:57:50 - [TEST_STEP][PASSED] - println(x): null

22-11-2024T02:57:50 - [TEST_STEP][PASSED] - i1 = x.indexOf("/"): null

22-11-2024T02:57:50 - [TEST_STEP][PASSED] - if (i1 > -1): null

22-11-2024T02:57:50 - [TEST_STEP][PASSED] - x = x.substring(0, i1): null

22-11-2024T02:57:50 - [TEST_STEP][PASSED] - println(x): null

22-11-2024T02:57:50 - [TEST_STEP][PASSED] - return x: null

22-11-2024T02:57:50 - [TEST_STEP][PASSED] - tabB = GetOiSFactB(x = b): null

22-11-2024T02:57:50 - [TEST_STEP][PASSED] - i1 = <not implemented yet for class: org.codehaus.groovy.ast.expr.EmptyExpression>: null

22-11-2024T02:57:50 - [TEST_STEP][PASSED] - ii = <not implemented yet for class: org.codehaus.groovy.ast.expr.EmptyExpression>: null

22-11-2024T02:57:50 - [TEST_STEP][PASSED] - for ([ii = 1, ii < 5, (ii++)]): null

22-11-2024T02:57:50 - [TEST_STEP][PASSED] - i1 = x.indexOf("/") + 1: null

22-11-2024T02:57:50 - [TEST_STEP][PASSED] - if (i1 > -1): null

22-11-2024T02:57:50 - [TEST_STEP][PASSED] - x = x.substring(i1, x.length()): null

22-11-2024T02:57:50 - [TEST_STEP][PASSED] - println(x): null

22-11-2024T02:57:50 - [TEST_STEP][PASSED] - i1 = x.indexOf("/") + 1: null

22-11-2024T02:57:50 - [TEST_STEP][PASSED] - if (i1 > -1): null

22-11-2024T02:57:50 - [TEST_STEP][PASSED] - x = x.substring(i1, x.length()): null

22-11-2024T02:57:50 - [TEST_STEP][PASSED] - println(x): null

22-11-2024T02:57:50 - [TEST_STEP][PASSED] - i1 = x.indexOf("/") + 1: null

22-11-2024T02:57:50 - [TEST_STEP][PASSED] - if (i1 > -1): null

22-11-2024T02:57:50 - [TEST_STEP][PASSED] - x = x.substring(i1, x.length()): null

22-11-2024T02:57:50 - [TEST_STEP][PASSED] - println(x): null

22-11-2024T02:57:50 - [TEST_STEP][PASSED] - i1 = x.indexOf("/") + 1: null

22-11-2024T02:57:50 - [TEST_STEP][PASSED] - if (i1 > -1): null

22-11-2024T02:57:50 - [TEST_STEP][PASSED] - x = x.substring(i1, x.length()): null

22-11-2024T02:57:50 - [TEST_STEP][PASSED] - println(x): null

22-11-2024T02:57:50 - [TEST_STEP][PASSED] - i1 = x.indexOf("/"): null

22-11-2024T02:57:50 - [TEST_STEP][PASSED] - if (i1 > -1): null

22-11-2024T02:57:50 - [TEST_STEP][PASSED] - x = x.substring(0, i1): null

22-11-2024T02:57:50 - [TEST_STEP][PASSED] - println(x): null

22-11-2024T02:57:50 - [TEST_STEP][FAILED] - return x: null

22-11-2024T02:57:50 - [TEST_STEP][FAILED] - if (verifyEqual(tabR, tabB) == false): null

22-11-2024T02:57:50 - [MESSAGE][FAILED] - Unable to verify equal between actual object 'нет данных' and expected object '446457790' (Root cause: com.kms.katalon.core.exception.StepFailedException: Actual object 'нет данных' and expected object '446457790' are not equal
	at com.kms.katalon.core.keyword.builtin.VerifyEqualKeyword$_verifyEqual_closure1.doCall(VerifyEqualKeyword.groovy:58)
	at com.kms.katalon.core.keyword.builtin.VerifyEqualKeyword$_verifyEqual_closure1.call(VerifyEqualKeyword.groovy)
	at com.kms.katalon.core.keyword.internal.KeywordMain.runKeyword(KeywordMain.groovy:75)
	at com.kms.katalon.core.keyword.builtin.VerifyEqualKeyword.verifyEqual(VerifyEqualKeyword.groovy:63)
	at com.kms.katalon.core.keyword.builtin.VerifyEqualKeyword.execute(VerifyEqualKeyword.groovy:44)
	at com.kms.katalon.core.keyword.internal.KeywordExecutor.executeKeywordForPlatform(KeywordExecutor.groovy:74)
	at com.kms.katalon.core.keyword.BuiltinKeywords.verifyEqual(BuiltinKeywords.groovy:146)
	at java.base/jdk.internal.reflect.NativeMethodAccessorImpl.invoke0(Native Method)
	at java.base/jdk.internal.reflect.NativeMethodAccessorImpl.invoke(NativeMethodAccessorImpl.java:77)
	at java.base/jdk.internal.reflect.DelegatingMethodAccessorImpl.invoke(DelegatingMethodAccessorImpl.java:43)
	at Выполнение бизнес-плана сверка дашбордов.CompareDZOData(Выполнение бизнес-плана сверка дашбордов:717)
	at Выполнение бизнес-плана сверка дашбордов.run(Выполнение бизнес-плана сверка дашбордов:583)
	at com.kms.katalon.core.main.ScriptEngine.run(ScriptEngine.java:194)
	at com.kms.katalon.core.main.ScriptEngine.runScriptAsRawText(ScriptEngine.java:119)
	at com.kms.katalon.core.main.TestCaseExecutor.runScript(TestCaseExecutor.java:448)
	at com.kms.katalon.core.main.TestCaseExecutor.doExecute(TestCaseExecutor.java:439)
	at com.kms.katalon.core.main.TestCaseExecutor.processExecutionPhase(TestCaseExecutor.java:418)
	at com.kms.katalon.core.main.TestCaseExecutor.accessMainPhase(TestCaseExecutor.java:410)
	at com.kms.katalon.core.main.TestCaseExecutor.execute(TestCaseExecutor.java:285)
	at com.kms.katalon.core.common.CommonExecutor.accessTestCaseMainPhase(CommonExecutor.java:65)
	at com.kms.katalon.core.main.TestSuiteExecutor.accessTestSuiteMainPhase(TestSuiteExecutor.java:150)
	at com.kms.katalon.core.main.TestSuiteExecutor.execute(TestSuiteExecutor.java:106)
	at com.kms.katalon.core.main.TestCaseMain.startTestSuite(TestCaseMain.java:180)
	at TempTestSuite1732232929817.run(TempTestSuite1732232929817.groovy:35)
	at java.base/jdk.internal.reflect.NativeMethodAccessorImpl.invoke0(Native Method)
	at java.base/jdk.internal.reflect.NativeMethodAccessorImpl.invoke(NativeMethodAccessorImpl.java:77)
	at java.base/jdk.internal.reflect.DelegatingMethodAccessorImpl.invoke(DelegatingMethodAccessorImpl.java:43)
)

22-11-2024T02:57:50 - [TEST_STEP][PASSED] - result = WriteToExcel(typeOfData, todaysDate, PercPlanR, PercPlanB, PercFactR, PercFactB, x, tabR, tabB, o1R, o1B, vidget): null

22-11-2024T02:57:50 - [TEST_STEP][PASSED] - iii = dZO.indexOf("/"): null

22-11-2024T02:57:50 - [TEST_STEP][PASSED] - println(iii): null

22-11-2024T02:57:50 - [TEST_STEP][PASSED] - dZO = dZO.substring(0, iii): null

22-11-2024T02:57:50 - [TEST_STEP][PASSED] - println(dZO): null

22-11-2024T02:57:50 - [TEST_STEP][PASSED] - println(PercPlanR): null

22-11-2024T02:57:50 - [TEST_STEP][PASSED] - println(PercPlanB): null

22-11-2024T02:57:50 - [TEST_STEP][PASSED] - println(PercFactR): null

22-11-2024T02:57:50 - [TEST_STEP][PASSED] - println(PercFactB): null

22-11-2024T02:57:50 - [TEST_STEP][PASSED] - println(tabR): null

22-11-2024T02:57:50 - [TEST_STEP][PASSED] - println(tabB): null

22-11-2024T02:57:50 - [TEST_STEP][PASSED] - println(o1R): null

22-11-2024T02:57:50 - [TEST_STEP][PASSED] - println(o1B): null

22-11-2024T02:57:50 - [TEST_STEP][PASSED] - PR = <not implemented yet for class: org.codehaus.groovy.ast.expr.EmptyExpression>: null

22-11-2024T02:57:50 - [TEST_STEP][PASSED] - FR = <not implemented yet for class: org.codehaus.groovy.ast.expr.EmptyExpression>: null

22-11-2024T02:57:50 - [TEST_STEP][PASSED] - PB = <not implemented yet for class: org.codehaus.groovy.ast.expr.EmptyExpression>: null

22-11-2024T02:57:50 - [TEST_STEP][PASSED] - FB = <not implemented yet for class: org.codehaus.groovy.ast.expr.EmptyExpression>: null

22-11-2024T02:57:50 - [TEST_STEP][PASSED] - TR = <not implemented yet for class: org.codehaus.groovy.ast.expr.EmptyExpression>: null

22-11-2024T02:57:50 - [TEST_STEP][PASSED] - TB = <not implemented yet for class: org.codehaus.groovy.ast.expr.EmptyExpression>: null

22-11-2024T02:57:50 - [TEST_STEP][PASSED] - sheetName = "Sheet1": null

22-11-2024T02:57:50 - [TEST_STEP][PASSED] - data = findTestData("PlanFact"): null

22-11-2024T02:57:50 - [TEST_STEP][PASSED] - n = data.getRowNumbers() + 1: null

22-11-2024T02:57:50 - [TEST_STEP][PASSED] - year = todaysDate.substring(todaysDate.length() - 4, todaysDate.length()): null

22-11-2024T02:57:50 - [TEST_STEP][PASSED] - y = year.toInteger(): null

22-11-2024T02:57:50 - [TEST_STEP][PASSED] - m = getText(findTestObject("Выполнение бизнес-плана/Выполнение бизнес-плана Балансы/Фильтр Дата")): Text of object 'Object Repository/Выполнение бизнес-плана/Выполнение бизнес-плана Балансы/Фильтр Дата' is: '1, 2, 3 кв. 2024 года'

22-11-2024T02:57:50 - [MESSAGE][PASSED] - Text of object 'Object Repository/Выполнение бизнес-плана/Выполнение бизнес-плана Балансы/Фильтр Дата' is: '1, 2, 3 кв. 2024 года'

22-11-2024T02:57:50 - [TEST_STEP][PASSED] - m = m.substring(0, m.indexOf("2024")): null

22-11-2024T02:57:50 - [TEST_STEP][PASSED] - m = m.trim(): null

22-11-2024T02:57:50 - [TEST_STEP][PASSED] - dashboardName = "Выполнение бизнес-плана": null

22-11-2024T02:57:50 - [TEST_STEP][PASSED] - workbook01 = getWorkbook(excelFilePath): null

22-11-2024T02:57:50 - [TEST_STEP][PASSED] - sheet01 = getExcelSheet(workbook01, sheetName): null

22-11-2024T02:57:50 - [TEST_STEP][PASSED] - setValueToCellByIndex(sheet01, n, 0, dashboardName): null

22-11-2024T02:57:50 - [TEST_STEP][PASSED] - setValueToCellByIndex(sheet01, n, 1, dZO): null

22-11-2024T02:57:50 - [TEST_STEP][PASSED] - setValueToCellByIndex(sheet01, n, 2, typeOfData): null

22-11-2024T02:57:50 - [TEST_STEP][PASSED] - setValueToCellByIndex(sheet01, n, 3, typeOfData): null

22-11-2024T02:57:50 - [TEST_STEP][PASSED] - if (typeOfData == "План"): null

22-11-2024T02:57:50 - [TEST_STEP][PASSED] - else if (typeOfData == "Факт"): null

22-11-2024T02:57:50 - [TEST_STEP][PASSED] - else if (vidget.contains("электроэнергии") == true): null

22-11-2024T02:57:50 - [TEST_STEP][PASSED] - if (tabR == null): null

22-11-2024T02:57:50 - [TEST_STEP][PASSED] - else: null

22-11-2024T02:57:50 - [TEST_STEP][PASSED] - if (tabR == "нет данных"): null

22-11-2024T02:57:50 - [TEST_STEP][PASSED] - setValueToCellByIndex(sheet01, n, 4, "нет данных"): null

22-11-2024T02:57:50 - [TEST_STEP][PASSED] - if (tabB == null): null

22-11-2024T02:57:50 - [TEST_STEP][PASSED] - else: null

22-11-2024T02:57:50 - [TEST_STEP][PASSED] - if (tabB == "нет данных"): null

22-11-2024T02:57:50 - [TEST_STEP][PASSED] - else: null

22-11-2024T02:57:50 - [TEST_STEP][PASSED] - TB = tabB.toInteger(): null

22-11-2024T02:57:50 - [TEST_STEP][PASSED] - setValueToCellByIndex(sheet01, n, 5, TB): null

22-11-2024T02:57:50 - [TEST_STEP][PASSED] - setValueToCellByIndex(sheet01, n, 6, m): null

22-11-2024T02:57:50 - [TEST_STEP][PASSED] - setValueToCellByIndex(sheet01, n, 7, y): null

22-11-2024T02:57:50 - [TEST_STEP][PASSED] - setValueToCellByIndex(sheet01, n, 8, todaysDate): null

22-11-2024T02:57:50 - [TEST_STEP][PASSED] - n = n + 1: null

22-11-2024T02:57:50 - [TEST_STEP][PASSED] - saveWorkbook(excelFilePath, workbook01): null

22-11-2024T02:57:50 - [TEST_STEP][PASSED] - typeOfData = "Факт Потери": null

22-11-2024T02:57:50 - [TEST_STEP][PASSED] - tabR = GetPFactR(x = a): null

22-11-2024T02:57:50 - [TEST_STEP][PASSED] - i1 = <not implemented yet for class: org.codehaus.groovy.ast.expr.EmptyExpression>: null

22-11-2024T02:57:50 - [TEST_STEP][PASSED] - ii = <not implemented yet for class: org.codehaus.groovy.ast.expr.EmptyExpression>: null

22-11-2024T02:57:50 - [TEST_STEP][PASSED] - for ([ii = 1, ii < 6, (ii++)]): null

22-11-2024T02:57:50 - [TEST_STEP][PASSED] - i1 = x.indexOf("/") + 1: null

22-11-2024T02:57:50 - [TEST_STEP][PASSED] - if (i1 > -1): null

22-11-2024T02:57:50 - [TEST_STEP][PASSED] - x = x.substring(i1, x.length()): null

22-11-2024T02:57:50 - [TEST_STEP][PASSED] - println(x): null

22-11-2024T02:57:50 - [TEST_STEP][PASSED] - i1 = x.indexOf("/") + 1: null

22-11-2024T02:57:50 - [TEST_STEP][PASSED] - if (i1 > -1): null

22-11-2024T02:57:50 - [TEST_STEP][PASSED] - x = x.substring(i1, x.length()): null

22-11-2024T02:57:50 - [TEST_STEP][PASSED] - println(x): null

22-11-2024T02:57:50 - [TEST_STEP][PASSED] - i1 = x.indexOf("/") + 1: null

22-11-2024T02:57:50 - [TEST_STEP][PASSED] - if (i1 > -1): null

22-11-2024T02:57:50 - [TEST_STEP][PASSED] - x = x.substring(i1, x.length()): null

22-11-2024T02:57:50 - [TEST_STEP][PASSED] - println(x): null

22-11-2024T02:57:50 - [TEST_STEP][PASSED] - i1 = x.indexOf("/") + 1: null

22-11-2024T02:57:50 - [TEST_STEP][PASSED] - if (i1 > -1): null

22-11-2024T02:57:50 - [TEST_STEP][PASSED] - x = x.substring(i1, x.length()): null

22-11-2024T02:57:50 - [TEST_STEP][PASSED] - println(x): null

22-11-2024T02:57:50 - [TEST_STEP][PASSED] - i1 = x.indexOf("/") + 1: null

22-11-2024T02:57:50 - [TEST_STEP][PASSED] - if (i1 > -1): null

22-11-2024T02:57:50 - [TEST_STEP][PASSED] - x = x.substring(i1, x.length()): null

22-11-2024T02:57:50 - [TEST_STEP][PASSED] - println(x): null

22-11-2024T02:57:50 - [TEST_STEP][PASSED] - i1 = x.indexOf("/"): null

22-11-2024T02:57:50 - [TEST_STEP][PASSED] - if (i1 > -1): null

22-11-2024T02:57:50 - [TEST_STEP][PASSED] - x = x.substring(0, i1): null

22-11-2024T02:57:50 - [TEST_STEP][PASSED] - println(x): null

22-11-2024T02:57:50 - [TEST_STEP][PASSED] - return x: null

22-11-2024T02:57:50 - [TEST_STEP][PASSED] - tabB = GetPFactB(x = b): null

22-11-2024T02:57:50 - [TEST_STEP][PASSED] - i1 = <not implemented yet for class: org.codehaus.groovy.ast.expr.EmptyExpression>: null

22-11-2024T02:57:50 - [TEST_STEP][PASSED] - ii = <not implemented yet for class: org.codehaus.groovy.ast.expr.EmptyExpression>: null

22-11-2024T02:57:50 - [TEST_STEP][PASSED] - for ([ii = 1, ii < 6, (ii++)]): null

22-11-2024T02:57:50 - [TEST_STEP][PASSED] - i1 = x.indexOf("/") + 1: null

22-11-2024T02:57:50 - [TEST_STEP][PASSED] - if (i1 > -1): null

22-11-2024T02:57:50 - [TEST_STEP][PASSED] - x = x.substring(i1, x.length()): null

22-11-2024T02:57:50 - [TEST_STEP][PASSED] - println(x): null

22-11-2024T02:57:50 - [TEST_STEP][PASSED] - i1 = x.indexOf("/") + 1: null

22-11-2024T02:57:50 - [TEST_STEP][PASSED] - if (i1 > -1): null

22-11-2024T02:57:50 - [TEST_STEP][PASSED] - x = x.substring(i1, x.length()): null

22-11-2024T02:57:50 - [TEST_STEP][PASSED] - println(x): null

22-11-2024T02:57:50 - [TEST_STEP][PASSED] - i1 = x.indexOf("/") + 1: null

22-11-2024T02:57:50 - [TEST_STEP][PASSED] - if (i1 > -1): null

22-11-2024T02:57:50 - [TEST_STEP][PASSED] - x = x.substring(i1, x.length()): null

22-11-2024T02:57:50 - [TEST_STEP][PASSED] - println(x): null

22-11-2024T02:57:50 - [TEST_STEP][PASSED] - i1 = x.indexOf("/") + 1: null

22-11-2024T02:57:50 - [TEST_STEP][PASSED] - if (i1 > -1): null

22-11-2024T02:57:50 - [TEST_STEP][PASSED] - x = x.substring(i1, x.length()): null

22-11-2024T02:57:50 - [TEST_STEP][PASSED] - println(x): null

22-11-2024T02:57:50 - [TEST_STEP][PASSED] - i1 = x.indexOf("/") + 1: null

22-11-2024T02:57:50 - [TEST_STEP][PASSED] - if (i1 > -1): null

22-11-2024T02:57:50 - [TEST_STEP][PASSED] - x = x.substring(i1, x.length()): null

22-11-2024T02:57:50 - [TEST_STEP][PASSED] - println(x): null

22-11-2024T02:57:50 - [TEST_STEP][PASSED] - i1 = x.indexOf("/"): null

22-11-2024T02:57:50 - [TEST_STEP][PASSED] - if (i1 > -1): null

22-11-2024T02:57:50 - [TEST_STEP][PASSED] - x = x.substring(0, i1): null

22-11-2024T02:57:50 - [TEST_STEP][PASSED] - println(x): null

22-11-2024T02:57:50 - [TEST_STEP][FAILED] - return x: null

22-11-2024T02:57:50 - [TEST_STEP][PASSED] - println(tabR + "/" + tabB): null

22-11-2024T02:57:50 - [TEST_STEP][FAILED] - if (verifyEqual(tabR, tabB) == false): null

22-11-2024T02:57:50 - [MESSAGE][FAILED] - Unable to verify equal between actual object 'нет данных' and expected object '16377359' (Root cause: com.kms.katalon.core.exception.StepFailedException: Actual object 'нет данных' and expected object '16377359' are not equal
	at com.kms.katalon.core.keyword.builtin.VerifyEqualKeyword$_verifyEqual_closure1.doCall(VerifyEqualKeyword.groovy:58)
	at com.kms.katalon.core.keyword.builtin.VerifyEqualKeyword$_verifyEqual_closure1.call(VerifyEqualKeyword.groovy)
	at com.kms.katalon.core.keyword.internal.KeywordMain.runKeyword(KeywordMain.groovy:75)
	at com.kms.katalon.core.keyword.builtin.VerifyEqualKeyword.verifyEqual(VerifyEqualKeyword.groovy:63)
	at com.kms.katalon.core.keyword.builtin.VerifyEqualKeyword.execute(VerifyEqualKeyword.groovy:44)
	at com.kms.katalon.core.keyword.internal.KeywordExecutor.executeKeywordForPlatform(KeywordExecutor.groovy:74)
	at com.kms.katalon.core.keyword.BuiltinKeywords.verifyEqual(BuiltinKeywords.groovy:146)
	at jdk.internal.reflect.GeneratedMethodAccessor25.invoke(Unknown Source)
	at java.base/jdk.internal.reflect.DelegatingMethodAccessorImpl.invoke(DelegatingMethodAccessorImpl.java:43)
	at Выполнение бизнес-плана сверка дашбордов.CompareDZOData(Выполнение бизнес-плана сверка дашбордов:730)
	at Выполнение бизнес-плана сверка дашбордов.run(Выполнение бизнес-плана сверка дашбордов:583)
	at com.kms.katalon.core.main.ScriptEngine.run(ScriptEngine.java:194)
	at com.kms.katalon.core.main.ScriptEngine.runScriptAsRawText(ScriptEngine.java:119)
	at com.kms.katalon.core.main.TestCaseExecutor.runScript(TestCaseExecutor.java:448)
	at com.kms.katalon.core.main.TestCaseExecutor.doExecute(TestCaseExecutor.java:439)
	at com.kms.katalon.core.main.TestCaseExecutor.processExecutionPhase(TestCaseExecutor.java:418)
	at com.kms.katalon.core.main.TestCaseExecutor.accessMainPhase(TestCaseExecutor.java:410)
	at com.kms.katalon.core.main.TestCaseExecutor.execute(TestCaseExecutor.java:285)
	at com.kms.katalon.core.common.CommonExecutor.accessTestCaseMainPhase(CommonExecutor.java:65)
	at com.kms.katalon.core.main.TestSuiteExecutor.accessTestSuiteMainPhase(TestSuiteExecutor.java:150)
	at com.kms.katalon.core.main.TestSuiteExecutor.execute(TestSuiteExecutor.java:106)
	at com.kms.katalon.core.main.TestCaseMain.startTestSuite(TestCaseMain.java:180)
	at TempTestSuite1732232929817.run(TempTestSuite1732232929817.groovy:35)
	at java.base/jdk.internal.reflect.NativeMethodAccessorImpl.invoke0(Native Method)
	at java.base/jdk.internal.reflect.NativeMethodAccessorImpl.invoke(NativeMethodAccessorImpl.java:77)
	at java.base/jdk.internal.reflect.DelegatingMethodAccessorImpl.invoke(DelegatingMethodAccessorImpl.java:43)
)

22-11-2024T02:57:50 - [TEST_STEP][PASSED] - result = WriteToExcel(typeOfData, todaysDate, PercPlanR, PercPlanB, PercFactR, PercFactB, x, tabR, tabB, o1R, o1B, vidget): null

22-11-2024T02:57:50 - [TEST_STEP][PASSED] - iii = dZO.indexOf("/"): null

22-11-2024T02:57:50 - [TEST_STEP][PASSED] - println(iii): null

22-11-2024T02:57:50 - [TEST_STEP][PASSED] - dZO = dZO.substring(0, iii): null

22-11-2024T02:57:50 - [TEST_STEP][PASSED] - println(dZO): null

22-11-2024T02:57:50 - [TEST_STEP][PASSED] - println(PercPlanR): null

22-11-2024T02:57:50 - [TEST_STEP][PASSED] - println(PercPlanB): null

22-11-2024T02:57:50 - [TEST_STEP][PASSED] - println(PercFactR): null

22-11-2024T02:57:50 - [TEST_STEP][PASSED] - println(PercFactB): null

22-11-2024T02:57:50 - [TEST_STEP][PASSED] - println(tabR): null

22-11-2024T02:57:50 - [TEST_STEP][PASSED] - println(tabB): null

22-11-2024T02:57:50 - [TEST_STEP][PASSED] - println(o1R): null

22-11-2024T02:57:50 - [TEST_STEP][PASSED] - println(o1B): null

22-11-2024T02:57:50 - [TEST_STEP][PASSED] - PR = <not implemented yet for class: org.codehaus.groovy.ast.expr.EmptyExpression>: null

22-11-2024T02:57:50 - [TEST_STEP][PASSED] - FR = <not implemented yet for class: org.codehaus.groovy.ast.expr.EmptyExpression>: null

22-11-2024T02:57:50 - [TEST_STEP][PASSED] - PB = <not implemented yet for class: org.codehaus.groovy.ast.expr.EmptyExpression>: null

22-11-2024T02:57:50 - [TEST_STEP][PASSED] - FB = <not implemented yet for class: org.codehaus.groovy.ast.expr.EmptyExpression>: null

22-11-2024T02:57:50 - [TEST_STEP][PASSED] - TR = <not implemented yet for class: org.codehaus.groovy.ast.expr.EmptyExpression>: null

22-11-2024T02:57:50 - [TEST_STEP][PASSED] - TB = <not implemented yet for class: org.codehaus.groovy.ast.expr.EmptyExpression>: null

22-11-2024T02:57:50 - [TEST_STEP][PASSED] - sheetName = "Sheet1": null

22-11-2024T02:57:50 - [TEST_STEP][PASSED] - data = findTestData("PlanFact"): null

22-11-2024T02:57:50 - [TEST_STEP][PASSED] - n = data.getRowNumbers() + 1: null

22-11-2024T02:57:50 - [TEST_STEP][PASSED] - year = todaysDate.substring(todaysDate.length() - 4, todaysDate.length()): null

22-11-2024T02:57:50 - [TEST_STEP][PASSED] - y = year.toInteger(): null

22-11-2024T02:57:50 - [TEST_STEP][PASSED] - m = getText(findTestObject("Выполнение бизнес-плана/Выполнение бизнес-плана Балансы/Фильтр Дата")): Text of object 'Object Repository/Выполнение бизнес-плана/Выполнение бизнес-плана Балансы/Фильтр Дата' is: '1, 2, 3 кв. 2024 года'

22-11-2024T02:57:51 - [MESSAGE][PASSED] - Text of object 'Object Repository/Выполнение бизнес-плана/Выполнение бизнес-плана Балансы/Фильтр Дата' is: '1, 2, 3 кв. 2024 года'

22-11-2024T02:57:51 - [TEST_STEP][PASSED] - m = m.substring(0, m.indexOf("2024")): null

22-11-2024T02:57:51 - [TEST_STEP][PASSED] - m = m.trim(): null

22-11-2024T02:57:51 - [TEST_STEP][PASSED] - dashboardName = "Выполнение бизнес-плана": null

22-11-2024T02:57:51 - [TEST_STEP][PASSED] - workbook01 = getWorkbook(excelFilePath): null

22-11-2024T02:57:51 - [TEST_STEP][PASSED] - sheet01 = getExcelSheet(workbook01, sheetName): null

22-11-2024T02:57:51 - [TEST_STEP][PASSED] - setValueToCellByIndex(sheet01, n, 0, dashboardName): null

22-11-2024T02:57:51 - [TEST_STEP][PASSED] - setValueToCellByIndex(sheet01, n, 1, dZO): null

22-11-2024T02:57:51 - [TEST_STEP][PASSED] - setValueToCellByIndex(sheet01, n, 2, typeOfData): null

22-11-2024T02:57:51 - [TEST_STEP][PASSED] - setValueToCellByIndex(sheet01, n, 3, typeOfData): null

22-11-2024T02:57:51 - [TEST_STEP][PASSED] - if (typeOfData == "План"): null

22-11-2024T02:57:51 - [TEST_STEP][PASSED] - else if (typeOfData == "Факт"): null

22-11-2024T02:57:51 - [TEST_STEP][PASSED] - else if (vidget.contains("электроэнергии") == true): null

22-11-2024T02:57:51 - [TEST_STEP][PASSED] - if (tabR == null): null

22-11-2024T02:57:51 - [TEST_STEP][PASSED] - else: null

22-11-2024T02:57:51 - [TEST_STEP][PASSED] - if (tabR == "нет данных"): null

22-11-2024T02:57:51 - [TEST_STEP][PASSED] - setValueToCellByIndex(sheet01, n, 4, "нет данных"): null

22-11-2024T02:57:51 - [TEST_STEP][PASSED] - if (tabB == null): null

22-11-2024T02:57:51 - [TEST_STEP][PASSED] - else: null

22-11-2024T02:57:51 - [TEST_STEP][PASSED] - if (tabB == "нет данных"): null

22-11-2024T02:57:51 - [TEST_STEP][PASSED] - else: null

22-11-2024T02:57:51 - [TEST_STEP][PASSED] - TB = tabB.toInteger(): null

22-11-2024T02:57:51 - [TEST_STEP][PASSED] - setValueToCellByIndex(sheet01, n, 5, TB): null

22-11-2024T02:57:51 - [TEST_STEP][PASSED] - setValueToCellByIndex(sheet01, n, 6, m): null

22-11-2024T02:57:51 - [TEST_STEP][PASSED] - setValueToCellByIndex(sheet01, n, 7, y): null

22-11-2024T02:57:51 - [TEST_STEP][PASSED] - setValueToCellByIndex(sheet01, n, 8, todaysDate): null

22-11-2024T02:57:51 - [TEST_STEP][PASSED] - n = n + 1: null

22-11-2024T02:57:51 - [TEST_STEP][PASSED] - saveWorkbook(excelFilePath, workbook01): null

22-11-2024T02:57:51 - [TEST_STEP][PASSED] - vidget = "Показатели баланса электроэнергии по ДЗО – План": null

22-11-2024T02:57:51 - [TEST_STEP][PASSED] - typeOfData = "План Отпуск в сеть": null

22-11-2024T02:57:51 - [TEST_STEP][PASSED] - tabR = GetOvSPlanR(x = a): null

22-11-2024T02:57:51 - [TEST_STEP][PASSED] - i1 = <not implemented yet for class: org.codehaus.groovy.ast.expr.EmptyExpression>: null

22-11-2024T02:57:51 - [TEST_STEP][PASSED] - ii = <not implemented yet for class: org.codehaus.groovy.ast.expr.EmptyExpression>: null

22-11-2024T02:57:51 - [TEST_STEP][PASSED] - for ([ii = 1, ii < 7, (ii++)]): null

22-11-2024T02:57:51 - [TEST_STEP][PASSED] - i1 = x.indexOf("/") + 1: null

22-11-2024T02:57:51 - [TEST_STEP][PASSED] - if (i1 > -1): null

22-11-2024T02:57:51 - [TEST_STEP][PASSED] - x = x.substring(i1, x.length()): null

22-11-2024T02:57:51 - [TEST_STEP][PASSED] - println(x): null

22-11-2024T02:57:51 - [TEST_STEP][PASSED] - i1 = x.indexOf("/") + 1: null

22-11-2024T02:57:51 - [TEST_STEP][PASSED] - if (i1 > -1): null

22-11-2024T02:57:51 - [TEST_STEP][PASSED] - x = x.substring(i1, x.length()): null

22-11-2024T02:57:51 - [TEST_STEP][PASSED] - println(x): null

22-11-2024T02:57:51 - [TEST_STEP][PASSED] - i1 = x.indexOf("/") + 1: null

22-11-2024T02:57:51 - [TEST_STEP][PASSED] - if (i1 > -1): null

22-11-2024T02:57:51 - [TEST_STEP][PASSED] - x = x.substring(i1, x.length()): null

22-11-2024T02:57:51 - [TEST_STEP][PASSED] - println(x): null

22-11-2024T02:57:51 - [TEST_STEP][PASSED] - i1 = x.indexOf("/") + 1: null

22-11-2024T02:57:51 - [TEST_STEP][PASSED] - if (i1 > -1): null

22-11-2024T02:57:51 - [TEST_STEP][PASSED] - x = x.substring(i1, x.length()): null

22-11-2024T02:57:51 - [TEST_STEP][PASSED] - println(x): null

22-11-2024T02:57:51 - [TEST_STEP][PASSED] - i1 = x.indexOf("/") + 1: null

22-11-2024T02:57:51 - [TEST_STEP][PASSED] - if (i1 > -1): null

22-11-2024T02:57:51 - [TEST_STEP][PASSED] - x = x.substring(i1, x.length()): null

22-11-2024T02:57:51 - [TEST_STEP][PASSED] - println(x): null

22-11-2024T02:57:51 - [TEST_STEP][PASSED] - i1 = x.indexOf("/") + 1: null

22-11-2024T02:57:51 - [TEST_STEP][PASSED] - if (i1 > -1): null

22-11-2024T02:57:51 - [TEST_STEP][PASSED] - x = x.substring(i1, x.length()): null

22-11-2024T02:57:51 - [TEST_STEP][PASSED] - println(x): null

22-11-2024T02:57:51 - [TEST_STEP][PASSED] - i1 = x.indexOf("/"): null

22-11-2024T02:57:51 - [TEST_STEP][PASSED] - if (i1 > -1): null

22-11-2024T02:57:51 - [TEST_STEP][PASSED] - x = x.substring(0, i1): null

22-11-2024T02:57:51 - [TEST_STEP][PASSED] - println(x): null

22-11-2024T02:57:51 - [TEST_STEP][PASSED] - return x: null

22-11-2024T02:57:51 - [TEST_STEP][PASSED] - tabB = GetOvSPlanB(x = b): null

22-11-2024T02:57:51 - [TEST_STEP][PASSED] - i1 = <not implemented yet for class: org.codehaus.groovy.ast.expr.EmptyExpression>: null

22-11-2024T02:57:51 - [TEST_STEP][PASSED] - ii = <not implemented yet for class: org.codehaus.groovy.ast.expr.EmptyExpression>: null

22-11-2024T02:57:51 - [TEST_STEP][PASSED] - for ([ii = 1, ii < 7, (ii++)]): null

22-11-2024T02:57:51 - [TEST_STEP][PASSED] - i1 = x.indexOf("/") + 1: null

22-11-2024T02:57:51 - [TEST_STEP][PASSED] - if (i1 > -1): null

22-11-2024T02:57:51 - [TEST_STEP][PASSED] - x = x.substring(i1, x.length()): null

22-11-2024T02:57:51 - [TEST_STEP][PASSED] - println(x): null

22-11-2024T02:57:51 - [TEST_STEP][PASSED] - i1 = x.indexOf("/") + 1: null

22-11-2024T02:57:51 - [TEST_STEP][PASSED] - if (i1 > -1): null

22-11-2024T02:57:51 - [TEST_STEP][PASSED] - x = x.substring(i1, x.length()): null

22-11-2024T02:57:51 - [TEST_STEP][PASSED] - println(x): null

22-11-2024T02:57:51 - [TEST_STEP][PASSED] - i1 = x.indexOf("/") + 1: null

22-11-2024T02:57:51 - [TEST_STEP][PASSED] - if (i1 > -1): null

22-11-2024T02:57:51 - [TEST_STEP][PASSED] - x = x.substring(i1, x.length()): null

22-11-2024T02:57:51 - [TEST_STEP][PASSED] - println(x): null

22-11-2024T02:57:51 - [TEST_STEP][PASSED] - i1 = x.indexOf("/") + 1: null

22-11-2024T02:57:51 - [TEST_STEP][PASSED] - if (i1 > -1): null

22-11-2024T02:57:51 - [TEST_STEP][PASSED] - x = x.substring(i1, x.length()): null

22-11-2024T02:57:51 - [TEST_STEP][PASSED] - println(x): null

22-11-2024T02:57:51 - [TEST_STEP][PASSED] - i1 = x.indexOf("/") + 1: null

22-11-2024T02:57:51 - [TEST_STEP][PASSED] - if (i1 > -1): null

22-11-2024T02:57:51 - [TEST_STEP][PASSED] - x = x.substring(i1, x.length()): null

22-11-2024T02:57:51 - [TEST_STEP][PASSED] - println(x): null

22-11-2024T02:57:51 - [TEST_STEP][PASSED] - i1 = x.indexOf("/") + 1: null

22-11-2024T02:57:51 - [TEST_STEP][PASSED] - if (i1 > -1): null

22-11-2024T02:57:51 - [TEST_STEP][PASSED] - x = x.substring(i1, x.length()): null

22-11-2024T02:57:51 - [TEST_STEP][PASSED] - println(x): null

22-11-2024T02:57:51 - [TEST_STEP][PASSED] - i1 = x.indexOf("/"): null

22-11-2024T02:57:51 - [TEST_STEP][PASSED] - if (i1 > -1): null

22-11-2024T02:57:51 - [TEST_STEP][PASSED] - x = x.substring(0, i1): null

22-11-2024T02:57:51 - [TEST_STEP][PASSED] - println(x): null

22-11-2024T02:57:51 - [TEST_STEP][FAILED] - return x: null

22-11-2024T02:57:51 - [TEST_STEP][PASSED] - println(tabR + "/" + tabB): null

22-11-2024T02:57:51 - [TEST_STEP][FAILED] - if (verifyEqual(PercFactR, PercFactB) == false): null

22-11-2024T02:57:51 - [MESSAGE][FAILED] - Unable to verify equal between actual object 'нет данных' and expected object '3.67' (Root cause: com.kms.katalon.core.exception.StepFailedException: Actual object 'нет данных' and expected object '3.67' are not equal
	at com.kms.katalon.core.keyword.builtin.VerifyEqualKeyword$_verifyEqual_closure1.doCall(VerifyEqualKeyword.groovy:58)
	at com.kms.katalon.core.keyword.builtin.VerifyEqualKeyword$_verifyEqual_closure1.call(VerifyEqualKeyword.groovy)
	at com.kms.katalon.core.keyword.internal.KeywordMain.runKeyword(KeywordMain.groovy:75)
	at com.kms.katalon.core.keyword.builtin.VerifyEqualKeyword.verifyEqual(VerifyEqualKeyword.groovy:63)
	at com.kms.katalon.core.keyword.builtin.VerifyEqualKeyword.execute(VerifyEqualKeyword.groovy:44)
	at com.kms.katalon.core.keyword.internal.KeywordExecutor.executeKeywordForPlatform(KeywordExecutor.groovy:74)
	at com.kms.katalon.core.keyword.BuiltinKeywords.verifyEqual(BuiltinKeywords.groovy:146)
	at jdk.internal.reflect.GeneratedMethodAccessor25.invoke(Unknown Source)
	at java.base/jdk.internal.reflect.DelegatingMethodAccessorImpl.invoke(DelegatingMethodAccessorImpl.java:43)
	at Выполнение бизнес-плана сверка дашбордов.CompareDZOData(Выполнение бизнес-плана сверка дашбордов:745)
	at Выполнение бизнес-плана сверка дашбордов.run(Выполнение бизнес-плана сверка дашбордов:583)
	at com.kms.katalon.core.main.ScriptEngine.run(ScriptEngine.java:194)
	at com.kms.katalon.core.main.ScriptEngine.runScriptAsRawText(ScriptEngine.java:119)
	at com.kms.katalon.core.main.TestCaseExecutor.runScript(TestCaseExecutor.java:448)
	at com.kms.katalon.core.main.TestCaseExecutor.doExecute(TestCaseExecutor.java:439)
	at com.kms.katalon.core.main.TestCaseExecutor.processExecutionPhase(TestCaseExecutor.java:418)
	at com.kms.katalon.core.main.TestCaseExecutor.accessMainPhase(TestCaseExecutor.java:410)
	at com.kms.katalon.core.main.TestCaseExecutor.execute(TestCaseExecutor.java:285)
	at com.kms.katalon.core.common.CommonExecutor.accessTestCaseMainPhase(CommonExecutor.java:65)
	at com.kms.katalon.core.main.TestSuiteExecutor.accessTestSuiteMainPhase(TestSuiteExecutor.java:150)
	at com.kms.katalon.core.main.TestSuiteExecutor.execute(TestSuiteExecutor.java:106)
	at com.kms.katalon.core.main.TestCaseMain.startTestSuite(TestCaseMain.java:180)
	at TempTestSuite1732232929817.run(TempTestSuite1732232929817.groovy:35)
	at java.base/jdk.internal.reflect.NativeMethodAccessorImpl.invoke0(Native Method)
	at java.base/jdk.internal.reflect.NativeMethodAccessorImpl.invoke(NativeMethodAccessorImpl.java:77)
	at java.base/jdk.internal.reflect.DelegatingMethodAccessorImpl.invoke(DelegatingMethodAccessorImpl.java:43)
)

22-11-2024T02:57:51 - [TEST_STEP][PASSED] - result = WriteToExcel(typeOfData, todaysDate, PercPlanR, PercPlanB, PercFactR, PercFactB, x, tabR, tabB, o1R, o1B, vidget): null

22-11-2024T02:57:51 - [TEST_STEP][PASSED] - iii = dZO.indexOf("/"): null

22-11-2024T02:57:51 - [TEST_STEP][PASSED] - println(iii): null

22-11-2024T02:57:51 - [TEST_STEP][PASSED] - dZO = dZO.substring(0, iii): null

22-11-2024T02:57:51 - [TEST_STEP][PASSED] - println(dZO): null

22-11-2024T02:57:51 - [TEST_STEP][PASSED] - println(PercPlanR): null

22-11-2024T02:57:51 - [TEST_STEP][PASSED] - println(PercPlanB): null

22-11-2024T02:57:51 - [TEST_STEP][PASSED] - println(PercFactR): null

22-11-2024T02:57:51 - [TEST_STEP][PASSED] - println(PercFactB): null

22-11-2024T02:57:51 - [TEST_STEP][PASSED] - println(tabR): null

22-11-2024T02:57:51 - [TEST_STEP][PASSED] - println(tabB): null

22-11-2024T02:57:51 - [TEST_STEP][PASSED] - println(o1R): null

22-11-2024T02:57:51 - [TEST_STEP][PASSED] - println(o1B): null

22-11-2024T02:57:51 - [TEST_STEP][PASSED] - PR = <not implemented yet for class: org.codehaus.groovy.ast.expr.EmptyExpression>: null

22-11-2024T02:57:51 - [TEST_STEP][PASSED] - FR = <not implemented yet for class: org.codehaus.groovy.ast.expr.EmptyExpression>: null

22-11-2024T02:57:51 - [TEST_STEP][PASSED] - PB = <not implemented yet for class: org.codehaus.groovy.ast.expr.EmptyExpression>: null

22-11-2024T02:57:51 - [TEST_STEP][PASSED] - FB = <not implemented yet for class: org.codehaus.groovy.ast.expr.EmptyExpression>: null

22-11-2024T02:57:51 - [TEST_STEP][PASSED] - TR = <not implemented yet for class: org.codehaus.groovy.ast.expr.EmptyExpression>: null

22-11-2024T02:57:51 - [TEST_STEP][PASSED] - TB = <not implemented yet for class: org.codehaus.groovy.ast.expr.EmptyExpression>: null

22-11-2024T02:57:51 - [TEST_STEP][PASSED] - sheetName = "Sheet1": null

22-11-2024T02:57:51 - [TEST_STEP][PASSED] - data = findTestData("PlanFact"): null

22-11-2024T02:57:51 - [TEST_STEP][PASSED] - n = data.getRowNumbers() + 1: null

22-11-2024T02:57:51 - [TEST_STEP][PASSED] - year = todaysDate.substring(todaysDate.length() - 4, todaysDate.length()): null

22-11-2024T02:57:51 - [TEST_STEP][PASSED] - y = year.toInteger(): null

22-11-2024T02:57:51 - [TEST_STEP][PASSED] - m = getText(findTestObject("Выполнение бизнес-плана/Выполнение бизнес-плана Балансы/Фильтр Дата")): Text of object 'Object Repository/Выполнение бизнес-плана/Выполнение бизнес-плана Балансы/Фильтр Дата' is: '1, 2, 3 кв. 2024 года'

22-11-2024T02:57:51 - [MESSAGE][PASSED] - Text of object 'Object Repository/Выполнение бизнес-плана/Выполнение бизнес-плана Балансы/Фильтр Дата' is: '1, 2, 3 кв. 2024 года'

22-11-2024T02:57:51 - [TEST_STEP][PASSED] - m = m.substring(0, m.indexOf("2024")): null

22-11-2024T02:57:51 - [TEST_STEP][PASSED] - m = m.trim(): null

22-11-2024T02:57:51 - [TEST_STEP][PASSED] - dashboardName = "Выполнение бизнес-плана": null

22-11-2024T02:57:51 - [TEST_STEP][PASSED] - workbook01 = getWorkbook(excelFilePath): null

22-11-2024T02:57:51 - [TEST_STEP][PASSED] - sheet01 = getExcelSheet(workbook01, sheetName): null

22-11-2024T02:57:51 - [TEST_STEP][PASSED] - setValueToCellByIndex(sheet01, n, 0, dashboardName): null

22-11-2024T02:57:51 - [TEST_STEP][PASSED] - setValueToCellByIndex(sheet01, n, 1, dZO): null

22-11-2024T02:57:51 - [TEST_STEP][PASSED] - setValueToCellByIndex(sheet01, n, 2, typeOfData): null

22-11-2024T02:57:51 - [TEST_STEP][PASSED] - setValueToCellByIndex(sheet01, n, 3, typeOfData): null

22-11-2024T02:57:51 - [TEST_STEP][PASSED] - if (typeOfData == "План"): null

22-11-2024T02:57:51 - [TEST_STEP][PASSED] - else if (typeOfData == "Факт"): null

22-11-2024T02:57:51 - [TEST_STEP][PASSED] - else if (vidget.contains("электроэнергии") == true): null

22-11-2024T02:57:51 - [TEST_STEP][PASSED] - if (tabR == null): null

22-11-2024T02:57:51 - [TEST_STEP][PASSED] - else: null

22-11-2024T02:57:51 - [TEST_STEP][PASSED] - if (tabR == "нет данных"): null

22-11-2024T02:57:51 - [TEST_STEP][PASSED] - setValueToCellByIndex(sheet01, n, 4, "нет данных"): null

22-11-2024T02:57:51 - [TEST_STEP][PASSED] - if (tabB == null): null

22-11-2024T02:57:51 - [TEST_STEP][PASSED] - else: null

22-11-2024T02:57:51 - [TEST_STEP][PASSED] - if (tabB == "нет данных"): null

22-11-2024T02:57:51 - [TEST_STEP][PASSED] - else: null

22-11-2024T02:57:51 - [TEST_STEP][PASSED] - TB = tabB.toInteger(): null

22-11-2024T02:57:52 - [TEST_STEP][PASSED] - setValueToCellByIndex(sheet01, n, 5, TB): null

22-11-2024T02:57:52 - [TEST_STEP][PASSED] - setValueToCellByIndex(sheet01, n, 6, m): null

22-11-2024T02:57:52 - [TEST_STEP][PASSED] - setValueToCellByIndex(sheet01, n, 7, y): null

22-11-2024T02:57:52 - [TEST_STEP][PASSED] - setValueToCellByIndex(sheet01, n, 8, todaysDate): null

22-11-2024T02:57:52 - [TEST_STEP][PASSED] - n = n + 1: null

22-11-2024T02:57:52 - [TEST_STEP][PASSED] - saveWorkbook(excelFilePath, workbook01): null

22-11-2024T02:57:52 - [TEST_STEP][PASSED] - typeOfData = "План Отпуск из сети": null

22-11-2024T02:57:52 - [TEST_STEP][PASSED] - tabR = GetOiSPlanR(x = a): null

22-11-2024T02:57:52 - [TEST_STEP][PASSED] - i1 = <not implemented yet for class: org.codehaus.groovy.ast.expr.EmptyExpression>: null

22-11-2024T02:57:52 - [TEST_STEP][PASSED] - ii = <not implemented yet for class: org.codehaus.groovy.ast.expr.EmptyExpression>: null

22-11-2024T02:57:52 - [TEST_STEP][PASSED] - for ([ii = 1, ii < 8, (ii++)]): null

22-11-2024T02:57:52 - [TEST_STEP][PASSED] - i1 = x.indexOf("/") + 1: null

22-11-2024T02:57:52 - [TEST_STEP][PASSED] - if (i1 > -1): null

22-11-2024T02:57:52 - [TEST_STEP][PASSED] - x = x.substring(i1, x.length()): null

22-11-2024T02:57:52 - [TEST_STEP][PASSED] - println(x): null

22-11-2024T02:57:52 - [TEST_STEP][PASSED] - i1 = x.indexOf("/") + 1: null

22-11-2024T02:57:52 - [TEST_STEP][PASSED] - if (i1 > -1): null

22-11-2024T02:57:52 - [TEST_STEP][PASSED] - x = x.substring(i1, x.length()): null

22-11-2024T02:57:52 - [TEST_STEP][PASSED] - println(x): null

22-11-2024T02:57:52 - [TEST_STEP][PASSED] - i1 = x.indexOf("/") + 1: null

22-11-2024T02:57:52 - [TEST_STEP][PASSED] - if (i1 > -1): null

22-11-2024T02:57:52 - [TEST_STEP][PASSED] - x = x.substring(i1, x.length()): null

22-11-2024T02:57:52 - [TEST_STEP][PASSED] - println(x): null

22-11-2024T02:57:52 - [TEST_STEP][PASSED] - i1 = x.indexOf("/") + 1: null

22-11-2024T02:57:52 - [TEST_STEP][PASSED] - if (i1 > -1): null

22-11-2024T02:57:52 - [TEST_STEP][PASSED] - x = x.substring(i1, x.length()): null

22-11-2024T02:57:52 - [TEST_STEP][PASSED] - println(x): null

22-11-2024T02:57:52 - [TEST_STEP][PASSED] - i1 = x.indexOf("/") + 1: null

22-11-2024T02:57:52 - [TEST_STEP][PASSED] - if (i1 > -1): null

22-11-2024T02:57:52 - [TEST_STEP][PASSED] - x = x.substring(i1, x.length()): null

22-11-2024T02:57:52 - [TEST_STEP][PASSED] - println(x): null

22-11-2024T02:57:52 - [TEST_STEP][PASSED] - i1 = x.indexOf("/") + 1: null

22-11-2024T02:57:52 - [TEST_STEP][PASSED] - if (i1 > -1): null

22-11-2024T02:57:52 - [TEST_STEP][PASSED] - x = x.substring(i1, x.length()): null

22-11-2024T02:57:52 - [TEST_STEP][PASSED] - println(x): null

22-11-2024T02:57:52 - [TEST_STEP][PASSED] - i1 = x.indexOf("/") + 1: null

22-11-2024T02:57:52 - [TEST_STEP][PASSED] - if (i1 > -1): null

22-11-2024T02:57:52 - [TEST_STEP][PASSED] - x = x.substring(i1, x.length()): null

22-11-2024T02:57:52 - [TEST_STEP][PASSED] - println(x): null

22-11-2024T02:57:52 - [TEST_STEP][PASSED] - i1 = x.indexOf("/"): null

22-11-2024T02:57:52 - [TEST_STEP][PASSED] - if (i1 > -1): null

22-11-2024T02:57:52 - [TEST_STEP][PASSED] - x = x.substring(0, i1): null

22-11-2024T02:57:52 - [TEST_STEP][PASSED] - println(x): null

22-11-2024T02:57:52 - [TEST_STEP][PASSED] - return x: null

22-11-2024T02:57:52 - [TEST_STEP][PASSED] - tabB = GetOiSPlanB(x = b): null

22-11-2024T02:57:52 - [TEST_STEP][PASSED] - i1 = <not implemented yet for class: org.codehaus.groovy.ast.expr.EmptyExpression>: null

22-11-2024T02:57:52 - [TEST_STEP][PASSED] - ii = <not implemented yet for class: org.codehaus.groovy.ast.expr.EmptyExpression>: null

22-11-2024T02:57:52 - [TEST_STEP][PASSED] - for ([ii = 1, ii < 8, (ii++)]): null

22-11-2024T02:57:52 - [TEST_STEP][PASSED] - i1 = x.indexOf("/") + 1: null

22-11-2024T02:57:52 - [TEST_STEP][PASSED] - if (i1 > -1): null

22-11-2024T02:57:52 - [TEST_STEP][PASSED] - x = x.substring(i1, x.length()): null

22-11-2024T02:57:52 - [TEST_STEP][PASSED] - println(x): null

22-11-2024T02:57:52 - [TEST_STEP][PASSED] - i1 = x.indexOf("/") + 1: null

22-11-2024T02:57:52 - [TEST_STEP][PASSED] - if (i1 > -1): null

22-11-2024T02:57:52 - [TEST_STEP][PASSED] - x = x.substring(i1, x.length()): null

22-11-2024T02:57:52 - [TEST_STEP][PASSED] - println(x): null

22-11-2024T02:57:52 - [TEST_STEP][PASSED] - i1 = x.indexOf("/") + 1: null

22-11-2024T02:57:52 - [TEST_STEP][PASSED] - if (i1 > -1): null

22-11-2024T02:57:52 - [TEST_STEP][PASSED] - x = x.substring(i1, x.length()): null

22-11-2024T02:57:52 - [TEST_STEP][PASSED] - println(x): null

22-11-2024T02:57:52 - [TEST_STEP][PASSED] - i1 = x.indexOf("/") + 1: null

22-11-2024T02:57:52 - [TEST_STEP][PASSED] - if (i1 > -1): null

22-11-2024T02:57:52 - [TEST_STEP][PASSED] - x = x.substring(i1, x.length()): null

22-11-2024T02:57:52 - [TEST_STEP][PASSED] - println(x): null

22-11-2024T02:57:52 - [TEST_STEP][PASSED] - i1 = x.indexOf("/") + 1: null

22-11-2024T02:57:52 - [TEST_STEP][PASSED] - if (i1 > -1): null

22-11-2024T02:57:52 - [TEST_STEP][PASSED] - x = x.substring(i1, x.length()): null

22-11-2024T02:57:52 - [TEST_STEP][PASSED] - println(x): null

22-11-2024T02:57:52 - [TEST_STEP][PASSED] - i1 = x.indexOf("/") + 1: null

22-11-2024T02:57:52 - [TEST_STEP][PASSED] - if (i1 > -1): null

22-11-2024T02:57:52 - [TEST_STEP][PASSED] - x = x.substring(i1, x.length()): null

22-11-2024T02:57:52 - [TEST_STEP][PASSED] - println(x): null

22-11-2024T02:57:52 - [TEST_STEP][PASSED] - i1 = x.indexOf("/") + 1: null

22-11-2024T02:57:52 - [TEST_STEP][PASSED] - if (i1 > -1): null

22-11-2024T02:57:52 - [TEST_STEP][PASSED] - x = x.substring(i1, x.length()): null

22-11-2024T02:57:52 - [TEST_STEP][PASSED] - println(x): null

22-11-2024T02:57:52 - [TEST_STEP][PASSED] - i1 = x.indexOf("/"): null

22-11-2024T02:57:52 - [TEST_STEP][PASSED] - if (i1 > -1): null

22-11-2024T02:57:52 - [TEST_STEP][PASSED] - x = x.substring(0, i1): null

22-11-2024T02:57:52 - [TEST_STEP][PASSED] - println(x): null

22-11-2024T02:57:52 - [TEST_STEP][FAILED] - return x: null

22-11-2024T02:57:52 - [TEST_STEP][PASSED] - println(tabR + "/" + tabB): null

22-11-2024T02:57:52 - [TEST_STEP][FAILED] - if (verifyEqual(PercFactR, PercFactB) == false): null

22-11-2024T02:57:52 - [MESSAGE][FAILED] - Unable to verify equal between actual object 'нет данных' and expected object '3.67' (Root cause: com.kms.katalon.core.exception.StepFailedException: Actual object 'нет данных' and expected object '3.67' are not equal
	at com.kms.katalon.core.keyword.builtin.VerifyEqualKeyword$_verifyEqual_closure1.doCall(VerifyEqualKeyword.groovy:58)
	at com.kms.katalon.core.keyword.builtin.VerifyEqualKeyword$_verifyEqual_closure1.call(VerifyEqualKeyword.groovy)
	at com.kms.katalon.core.keyword.internal.KeywordMain.runKeyword(KeywordMain.groovy:75)
	at com.kms.katalon.core.keyword.builtin.VerifyEqualKeyword.verifyEqual(VerifyEqualKeyword.groovy:63)
	at com.kms.katalon.core.keyword.builtin.VerifyEqualKeyword.execute(VerifyEqualKeyword.groovy:44)
	at com.kms.katalon.core.keyword.internal.KeywordExecutor.executeKeywordForPlatform(KeywordExecutor.groovy:74)
	at com.kms.katalon.core.keyword.BuiltinKeywords.verifyEqual(BuiltinKeywords.groovy:146)
	at jdk.internal.reflect.GeneratedMethodAccessor25.invoke(Unknown Source)
	at java.base/jdk.internal.reflect.DelegatingMethodAccessorImpl.invoke(DelegatingMethodAccessorImpl.java:43)
	at Выполнение бизнес-плана сверка дашбордов.CompareDZOData(Выполнение бизнес-плана сверка дашбордов:758)
	at Выполнение бизнес-плана сверка дашбордов.run(Выполнение бизнес-плана сверка дашбордов:583)
	at com.kms.katalon.core.main.ScriptEngine.run(ScriptEngine.java:194)
	at com.kms.katalon.core.main.ScriptEngine.runScriptAsRawText(ScriptEngine.java:119)
	at com.kms.katalon.core.main.TestCaseExecutor.runScript(TestCaseExecutor.java:448)
	at com.kms.katalon.core.main.TestCaseExecutor.doExecute(TestCaseExecutor.java:439)
	at com.kms.katalon.core.main.TestCaseExecutor.processExecutionPhase(TestCaseExecutor.java:418)
	at com.kms.katalon.core.main.TestCaseExecutor.accessMainPhase(TestCaseExecutor.java:410)
	at com.kms.katalon.core.main.TestCaseExecutor.execute(TestCaseExecutor.java:285)
	at com.kms.katalon.core.common.CommonExecutor.accessTestCaseMainPhase(CommonExecutor.java:65)
	at com.kms.katalon.core.main.TestSuiteExecutor.accessTestSuiteMainPhase(TestSuiteExecutor.java:150)
	at com.kms.katalon.core.main.TestSuiteExecutor.execute(TestSuiteExecutor.java:106)
	at com.kms.katalon.core.main.TestCaseMain.startTestSuite(TestCaseMain.java:180)
	at TempTestSuite1732232929817.run(TempTestSuite1732232929817.groovy:35)
	at java.base/jdk.internal.reflect.NativeMethodAccessorImpl.invoke0(Native Method)
	at java.base/jdk.internal.reflect.NativeMethodAccessorImpl.invoke(NativeMethodAccessorImpl.java:77)
	at java.base/jdk.internal.reflect.DelegatingMethodAccessorImpl.invoke(DelegatingMethodAccessorImpl.java:43)
)

22-11-2024T02:57:52 - [TEST_STEP][PASSED] - result = WriteToExcel(typeOfData, todaysDate, PercPlanR, PercPlanB, PercFactR, PercFactB, x, tabR, tabB, o1R, o1B, vidget): null

22-11-2024T02:57:52 - [TEST_STEP][PASSED] - iii = dZO.indexOf("/"): null

22-11-2024T02:57:52 - [TEST_STEP][PASSED] - println(iii): null

22-11-2024T02:57:52 - [TEST_STEP][PASSED] - dZO = dZO.substring(0, iii): null

22-11-2024T02:57:52 - [TEST_STEP][PASSED] - println(dZO): null

22-11-2024T02:57:52 - [TEST_STEP][PASSED] - println(PercPlanR): null

22-11-2024T02:57:52 - [TEST_STEP][PASSED] - println(PercPlanB): null

22-11-2024T02:57:52 - [TEST_STEP][PASSED] - println(PercFactR): null

22-11-2024T02:57:52 - [TEST_STEP][PASSED] - println(PercFactB): null

22-11-2024T02:57:52 - [TEST_STEP][PASSED] - println(tabR): null

22-11-2024T02:57:52 - [TEST_STEP][PASSED] - println(tabB): null

22-11-2024T02:57:52 - [TEST_STEP][PASSED] - println(o1R): null

22-11-2024T02:57:52 - [TEST_STEP][PASSED] - println(o1B): null

22-11-2024T02:57:52 - [TEST_STEP][PASSED] - PR = <not implemented yet for class: org.codehaus.groovy.ast.expr.EmptyExpression>: null

22-11-2024T02:57:52 - [TEST_STEP][PASSED] - FR = <not implemented yet for class: org.codehaus.groovy.ast.expr.EmptyExpression>: null

22-11-2024T02:57:52 - [TEST_STEP][PASSED] - PB = <not implemented yet for class: org.codehaus.groovy.ast.expr.EmptyExpression>: null

22-11-2024T02:57:52 - [TEST_STEP][PASSED] - FB = <not implemented yet for class: org.codehaus.groovy.ast.expr.EmptyExpression>: null

22-11-2024T02:57:52 - [TEST_STEP][PASSED] - TR = <not implemented yet for class: org.codehaus.groovy.ast.expr.EmptyExpression>: null

22-11-2024T02:57:52 - [TEST_STEP][PASSED] - TB = <not implemented yet for class: org.codehaus.groovy.ast.expr.EmptyExpression>: null

22-11-2024T02:57:52 - [TEST_STEP][PASSED] - sheetName = "Sheet1": null

22-11-2024T02:57:52 - [TEST_STEP][PASSED] - data = findTestData("PlanFact"): null

22-11-2024T02:57:52 - [TEST_STEP][PASSED] - n = data.getRowNumbers() + 1: null

22-11-2024T02:57:52 - [TEST_STEP][PASSED] - year = todaysDate.substring(todaysDate.length() - 4, todaysDate.length()): null

22-11-2024T02:57:52 - [TEST_STEP][PASSED] - y = year.toInteger(): null

22-11-2024T02:57:52 - [TEST_STEP][PASSED] - m = getText(findTestObject("Выполнение бизнес-плана/Выполнение бизнес-плана Балансы/Фильтр Дата")): Text of object 'Object Repository/Выполнение бизнес-плана/Выполнение бизнес-плана Балансы/Фильтр Дата' is: '1, 2, 3 кв. 2024 года'

22-11-2024T02:57:52 - [MESSAGE][PASSED] - Text of object 'Object Repository/Выполнение бизнес-плана/Выполнение бизнес-плана Балансы/Фильтр Дата' is: '1, 2, 3 кв. 2024 года'

22-11-2024T02:57:52 - [TEST_STEP][PASSED] - m = m.substring(0, m.indexOf("2024")): null

22-11-2024T02:57:52 - [TEST_STEP][PASSED] - m = m.trim(): null

22-11-2024T02:57:52 - [TEST_STEP][PASSED] - dashboardName = "Выполнение бизнес-плана": null

22-11-2024T02:57:52 - [TEST_STEP][PASSED] - workbook01 = getWorkbook(excelFilePath): null

22-11-2024T02:57:52 - [TEST_STEP][PASSED] - sheet01 = getExcelSheet(workbook01, sheetName): null

22-11-2024T02:57:52 - [TEST_STEP][PASSED] - setValueToCellByIndex(sheet01, n, 0, dashboardName): null

22-11-2024T02:57:52 - [TEST_STEP][PASSED] - setValueToCellByIndex(sheet01, n, 1, dZO): null

22-11-2024T02:57:52 - [TEST_STEP][PASSED] - setValueToCellByIndex(sheet01, n, 2, typeOfData): null

22-11-2024T02:57:52 - [TEST_STEP][PASSED] - setValueToCellByIndex(sheet01, n, 3, typeOfData): null

22-11-2024T02:57:52 - [TEST_STEP][PASSED] - if (typeOfData == "План"): null

22-11-2024T02:57:52 - [TEST_STEP][PASSED] - else if (typeOfData == "Факт"): null

22-11-2024T02:57:52 - [TEST_STEP][PASSED] - else if (vidget.contains("электроэнергии") == true): null

22-11-2024T02:57:52 - [TEST_STEP][PASSED] - if (tabR == null): null

22-11-2024T02:57:52 - [TEST_STEP][PASSED] - else: null

22-11-2024T02:57:52 - [TEST_STEP][PASSED] - if (tabR == "нет данных"): null

22-11-2024T02:57:52 - [TEST_STEP][PASSED] - setValueToCellByIndex(sheet01, n, 4, "нет данных"): null

22-11-2024T02:57:52 - [TEST_STEP][PASSED] - if (tabB == null): null

22-11-2024T02:57:52 - [TEST_STEP][PASSED] - else: null

22-11-2024T02:57:52 - [TEST_STEP][PASSED] - if (tabB == "нет данных"): null

22-11-2024T02:57:52 - [TEST_STEP][PASSED] - else: null

22-11-2024T02:57:52 - [TEST_STEP][PASSED] - TB = tabB.toInteger(): null

22-11-2024T02:57:52 - [TEST_STEP][PASSED] - setValueToCellByIndex(sheet01, n, 5, TB): null

22-11-2024T02:57:52 - [TEST_STEP][PASSED] - setValueToCellByIndex(sheet01, n, 6, m): null

22-11-2024T02:57:52 - [TEST_STEP][PASSED] - setValueToCellByIndex(sheet01, n, 7, y): null

22-11-2024T02:57:52 - [TEST_STEP][PASSED] - setValueToCellByIndex(sheet01, n, 8, todaysDate): null

22-11-2024T02:57:52 - [TEST_STEP][PASSED] - n = n + 1: null

22-11-2024T02:57:52 - [TEST_STEP][PASSED] - saveWorkbook(excelFilePath, workbook01): null

22-11-2024T02:57:52 - [TEST_STEP][PASSED] - typeOfData = "План Потери": null

22-11-2024T02:57:52 - [TEST_STEP][PASSED] - tabR = GetPPlanR(x = a): null

22-11-2024T02:57:52 - [TEST_STEP][PASSED] - i1 = <not implemented yet for class: org.codehaus.groovy.ast.expr.EmptyExpression>: null

22-11-2024T02:57:52 - [TEST_STEP][PASSED] - ii = <not implemented yet for class: org.codehaus.groovy.ast.expr.EmptyExpression>: null

22-11-2024T02:57:52 - [TEST_STEP][PASSED] - for ([ii = 1, ii < 9, (ii++)]): null

22-11-2024T02:57:52 - [TEST_STEP][PASSED] - i1 = x.indexOf("/") + 1: null

22-11-2024T02:57:52 - [TEST_STEP][PASSED] - if (i1 > -1): null

22-11-2024T02:57:52 - [TEST_STEP][PASSED] - x = x.substring(i1, x.length()): null

22-11-2024T02:57:52 - [TEST_STEP][PASSED] - println(x): null

22-11-2024T02:57:52 - [TEST_STEP][PASSED] - i1 = x.indexOf("/") + 1: null

22-11-2024T02:57:52 - [TEST_STEP][PASSED] - if (i1 > -1): null

22-11-2024T02:57:52 - [TEST_STEP][PASSED] - x = x.substring(i1, x.length()): null

22-11-2024T02:57:52 - [TEST_STEP][PASSED] - println(x): null

22-11-2024T02:57:52 - [TEST_STEP][PASSED] - i1 = x.indexOf("/") + 1: null

22-11-2024T02:57:52 - [TEST_STEP][PASSED] - if (i1 > -1): null

22-11-2024T02:57:52 - [TEST_STEP][PASSED] - x = x.substring(i1, x.length()): null

22-11-2024T02:57:52 - [TEST_STEP][PASSED] - println(x): null

22-11-2024T02:57:52 - [TEST_STEP][PASSED] - i1 = x.indexOf("/") + 1: null

22-11-2024T02:57:52 - [TEST_STEP][PASSED] - if (i1 > -1): null

22-11-2024T02:57:52 - [TEST_STEP][PASSED] - x = x.substring(i1, x.length()): null

22-11-2024T02:57:52 - [TEST_STEP][PASSED] - println(x): null

22-11-2024T02:57:52 - [TEST_STEP][PASSED] - i1 = x.indexOf("/") + 1: null

22-11-2024T02:57:52 - [TEST_STEP][PASSED] - if (i1 > -1): null

22-11-2024T02:57:52 - [TEST_STEP][PASSED] - x = x.substring(i1, x.length()): null

22-11-2024T02:57:52 - [TEST_STEP][PASSED] - println(x): null

22-11-2024T02:57:52 - [TEST_STEP][PASSED] - i1 = x.indexOf("/") + 1: null

22-11-2024T02:57:52 - [TEST_STEP][PASSED] - if (i1 > -1): null

22-11-2024T02:57:52 - [TEST_STEP][PASSED] - x = x.substring(i1, x.length()): null

22-11-2024T02:57:52 - [TEST_STEP][PASSED] - println(x): null

22-11-2024T02:57:52 - [TEST_STEP][PASSED] - i1 = x.indexOf("/") + 1: null

22-11-2024T02:57:52 - [TEST_STEP][PASSED] - if (i1 > -1): null

22-11-2024T02:57:52 - [TEST_STEP][PASSED] - x = x.substring(i1, x.length()): null

22-11-2024T02:57:52 - [TEST_STEP][PASSED] - println(x): null

22-11-2024T02:57:52 - [TEST_STEP][PASSED] - i1 = x.indexOf("/") + 1: null

22-11-2024T02:57:52 - [TEST_STEP][PASSED] - if (i1 > -1): null

22-11-2024T02:57:52 - [TEST_STEP][PASSED] - x = x.substring(i1, x.length()): null

22-11-2024T02:57:52 - [TEST_STEP][PASSED] - println(x): null

22-11-2024T02:57:52 - [TEST_STEP][PASSED] - i1 = x.indexOf("/"): null

22-11-2024T02:57:52 - [TEST_STEP][PASSED] - if (i1 > -1): null

22-11-2024T02:57:52 - [TEST_STEP][PASSED] - x = x.substring(0, i1): null

22-11-2024T02:57:52 - [TEST_STEP][PASSED] - println(x): null

22-11-2024T02:57:52 - [TEST_STEP][PASSED] - return x: null

22-11-2024T02:57:52 - [TEST_STEP][PASSED] - tabB = GetPPlanB(x = b): null

22-11-2024T02:57:52 - [TEST_STEP][PASSED] - i1 = <not implemented yet for class: org.codehaus.groovy.ast.expr.EmptyExpression>: null

22-11-2024T02:57:52 - [TEST_STEP][PASSED] - ii = <not implemented yet for class: org.codehaus.groovy.ast.expr.EmptyExpression>: null

22-11-2024T02:57:52 - [TEST_STEP][PASSED] - for ([ii = 1, ii < 9, (ii++)]): null

22-11-2024T02:57:52 - [TEST_STEP][PASSED] - i1 = x.indexOf("/") + 1: null

22-11-2024T02:57:52 - [TEST_STEP][PASSED] - if (i1 > -1): null

22-11-2024T02:57:52 - [TEST_STEP][PASSED] - x = x.substring(i1, x.length()): null

22-11-2024T02:57:52 - [TEST_STEP][PASSED] - println(x): null

22-11-2024T02:57:52 - [TEST_STEP][PASSED] - i1 = x.indexOf("/") + 1: null

22-11-2024T02:57:52 - [TEST_STEP][PASSED] - if (i1 > -1): null

22-11-2024T02:57:52 - [TEST_STEP][PASSED] - x = x.substring(i1, x.length()): null

22-11-2024T02:57:52 - [TEST_STEP][PASSED] - println(x): null

22-11-2024T02:57:52 - [TEST_STEP][PASSED] - i1 = x.indexOf("/") + 1: null

22-11-2024T02:57:52 - [TEST_STEP][PASSED] - if (i1 > -1): null

22-11-2024T02:57:52 - [TEST_STEP][PASSED] - x = x.substring(i1, x.length()): null

22-11-2024T02:57:52 - [TEST_STEP][PASSED] - println(x): null

22-11-2024T02:57:52 - [TEST_STEP][PASSED] - i1 = x.indexOf("/") + 1: null

22-11-2024T02:57:52 - [TEST_STEP][PASSED] - if (i1 > -1): null

22-11-2024T02:57:52 - [TEST_STEP][PASSED] - x = x.substring(i1, x.length()): null

22-11-2024T02:57:52 - [TEST_STEP][PASSED] - println(x): null

22-11-2024T02:57:52 - [TEST_STEP][PASSED] - i1 = x.indexOf("/") + 1: null

22-11-2024T02:57:52 - [TEST_STEP][PASSED] - if (i1 > -1): null

22-11-2024T02:57:52 - [TEST_STEP][PASSED] - x = x.substring(i1, x.length()): null

22-11-2024T02:57:52 - [TEST_STEP][PASSED] - println(x): null

22-11-2024T02:57:52 - [TEST_STEP][PASSED] - i1 = x.indexOf("/") + 1: null

22-11-2024T02:57:52 - [TEST_STEP][PASSED] - if (i1 > -1): null

22-11-2024T02:57:52 - [TEST_STEP][PASSED] - x = x.substring(i1, x.length()): null

22-11-2024T02:57:52 - [TEST_STEP][PASSED] - println(x): null

22-11-2024T02:57:52 - [TEST_STEP][PASSED] - i1 = x.indexOf("/") + 1: null

22-11-2024T02:57:52 - [TEST_STEP][PASSED] - if (i1 > -1): null

22-11-2024T02:57:52 - [TEST_STEP][PASSED] - x = x.substring(i1, x.length()): null

22-11-2024T02:57:52 - [TEST_STEP][PASSED] - println(x): null

22-11-2024T02:57:52 - [TEST_STEP][PASSED] - i1 = x.indexOf("/") + 1: null

22-11-2024T02:57:52 - [TEST_STEP][PASSED] - if (i1 > -1): null

22-11-2024T02:57:52 - [TEST_STEP][PASSED] - x = x.substring(i1, x.length()): null

22-11-2024T02:57:52 - [TEST_STEP][PASSED] - println(x): null

22-11-2024T02:57:52 - [TEST_STEP][PASSED] - i1 = x.indexOf("/"): null

22-11-2024T02:57:52 - [TEST_STEP][PASSED] - if (i1 > -1): null

22-11-2024T02:57:52 - [TEST_STEP][PASSED] - x = x.substring(0, i1): null

22-11-2024T02:57:52 - [TEST_STEP][PASSED] - println(x): null

22-11-2024T02:57:52 - [TEST_STEP][FAILED] - return x: null

22-11-2024T02:57:52 - [TEST_STEP][PASSED] - println(tabR + "/" + tabB): null

22-11-2024T02:57:52 - [TEST_STEP][FAILED] - if (verifyEqual(PercFactR, PercFactB) == false): null

22-11-2024T02:57:52 - [MESSAGE][FAILED] - Unable to verify equal between actual object 'нет данных' and expected object '3.67' (Root cause: com.kms.katalon.core.exception.StepFailedException: Actual object 'нет данных' and expected object '3.67' are not equal
	at com.kms.katalon.core.keyword.builtin.VerifyEqualKeyword$_verifyEqual_closure1.doCall(VerifyEqualKeyword.groovy:58)
	at com.kms.katalon.core.keyword.builtin.VerifyEqualKeyword$_verifyEqual_closure1.call(VerifyEqualKeyword.groovy)
	at com.kms.katalon.core.keyword.internal.KeywordMain.runKeyword(KeywordMain.groovy:75)
	at com.kms.katalon.core.keyword.builtin.VerifyEqualKeyword.verifyEqual(VerifyEqualKeyword.groovy:63)
	at com.kms.katalon.core.keyword.builtin.VerifyEqualKeyword.execute(VerifyEqualKeyword.groovy:44)
	at com.kms.katalon.core.keyword.internal.KeywordExecutor.executeKeywordForPlatform(KeywordExecutor.groovy:74)
	at com.kms.katalon.core.keyword.BuiltinKeywords.verifyEqual(BuiltinKeywords.groovy:146)
	at jdk.internal.reflect.GeneratedMethodAccessor25.invoke(Unknown Source)
	at java.base/jdk.internal.reflect.DelegatingMethodAccessorImpl.invoke(DelegatingMethodAccessorImpl.java:43)
	at Выполнение бизнес-плана сверка дашбордов.CompareDZOData(Выполнение бизнес-плана сверка дашбордов:771)
	at Выполнение бизнес-плана сверка дашбордов.run(Выполнение бизнес-плана сверка дашбордов:583)
	at com.kms.katalon.core.main.ScriptEngine.run(ScriptEngine.java:194)
	at com.kms.katalon.core.main.ScriptEngine.runScriptAsRawText(ScriptEngine.java:119)
	at com.kms.katalon.core.main.TestCaseExecutor.runScript(TestCaseExecutor.java:448)
	at com.kms.katalon.core.main.TestCaseExecutor.doExecute(TestCaseExecutor.java:439)
	at com.kms.katalon.core.main.TestCaseExecutor.processExecutionPhase(TestCaseExecutor.java:418)
	at com.kms.katalon.core.main.TestCaseExecutor.accessMainPhase(TestCaseExecutor.java:410)
	at com.kms.katalon.core.main.TestCaseExecutor.execute(TestCaseExecutor.java:285)
	at com.kms.katalon.core.common.CommonExecutor.accessTestCaseMainPhase(CommonExecutor.java:65)
	at com.kms.katalon.core.main.TestSuiteExecutor.accessTestSuiteMainPhase(TestSuiteExecutor.java:150)
	at com.kms.katalon.core.main.TestSuiteExecutor.execute(TestSuiteExecutor.java:106)
	at com.kms.katalon.core.main.TestCaseMain.startTestSuite(TestCaseMain.java:180)
	at TempTestSuite1732232929817.run(TempTestSuite1732232929817.groovy:35)
	at java.base/jdk.internal.reflect.NativeMethodAccessorImpl.invoke0(Native Method)
	at java.base/jdk.internal.reflect.NativeMethodAccessorImpl.invoke(NativeMethodAccessorImpl.java:77)
	at java.base/jdk.internal.reflect.DelegatingMethodAccessorImpl.invoke(DelegatingMethodAccessorImpl.java:43)
)

22-11-2024T02:57:52 - [TEST_STEP][PASSED] - result = WriteToExcel(typeOfData, todaysDate, PercPlanR, PercPlanB, PercFactR, PercFactB, x, tabR, tabB, o1R, o1B, vidget): null

22-11-2024T02:57:52 - [TEST_STEP][PASSED] - iii = dZO.indexOf("/"): null

22-11-2024T02:57:52 - [TEST_STEP][PASSED] - println(iii): null

22-11-2024T02:57:52 - [TEST_STEP][PASSED] - dZO = dZO.substring(0, iii): null

22-11-2024T02:57:52 - [TEST_STEP][PASSED] - println(dZO): null

22-11-2024T02:57:52 - [TEST_STEP][PASSED] - println(PercPlanR): null

22-11-2024T02:57:52 - [TEST_STEP][PASSED] - println(PercPlanB): null

22-11-2024T02:57:52 - [TEST_STEP][PASSED] - println(PercFactR): null

22-11-2024T02:57:52 - [TEST_STEP][PASSED] - println(PercFactB): null

22-11-2024T02:57:52 - [TEST_STEP][PASSED] - println(tabR): null

22-11-2024T02:57:52 - [TEST_STEP][PASSED] - println(tabB): null

22-11-2024T02:57:52 - [TEST_STEP][PASSED] - println(o1R): null

22-11-2024T02:57:52 - [TEST_STEP][PASSED] - println(o1B): null

22-11-2024T02:57:52 - [TEST_STEP][PASSED] - PR = <not implemented yet for class: org.codehaus.groovy.ast.expr.EmptyExpression>: null

22-11-2024T02:57:52 - [TEST_STEP][PASSED] - FR = <not implemented yet for class: org.codehaus.groovy.ast.expr.EmptyExpression>: null

22-11-2024T02:57:52 - [TEST_STEP][PASSED] - PB = <not implemented yet for class: org.codehaus.groovy.ast.expr.EmptyExpression>: null

22-11-2024T02:57:52 - [TEST_STEP][PASSED] - FB = <not implemented yet for class: org.codehaus.groovy.ast.expr.EmptyExpression>: null

22-11-2024T02:57:52 - [TEST_STEP][PASSED] - TR = <not implemented yet for class: org.codehaus.groovy.ast.expr.EmptyExpression>: null

22-11-2024T02:57:52 - [TEST_STEP][PASSED] - TB = <not implemented yet for class: org.codehaus.groovy.ast.expr.EmptyExpression>: null

22-11-2024T02:57:52 - [TEST_STEP][PASSED] - sheetName = "Sheet1": null

22-11-2024T02:57:52 - [TEST_STEP][PASSED] - data = findTestData("PlanFact"): null

22-11-2024T02:57:52 - [TEST_STEP][PASSED] - n = data.getRowNumbers() + 1: null

22-11-2024T02:57:52 - [TEST_STEP][PASSED] - year = todaysDate.substring(todaysDate.length() - 4, todaysDate.length()): null

22-11-2024T02:57:52 - [TEST_STEP][PASSED] - y = year.toInteger(): null

22-11-2024T02:57:52 - [TEST_STEP][PASSED] - m = getText(findTestObject("Выполнение бизнес-плана/Выполнение бизнес-плана Балансы/Фильтр Дата")): Text of object 'Object Repository/Выполнение бизнес-плана/Выполнение бизнес-плана Балансы/Фильтр Дата' is: '1, 2, 3 кв. 2024 года'

22-11-2024T02:57:53 - [MESSAGE][PASSED] - Text of object 'Object Repository/Выполнение бизнес-плана/Выполнение бизнес-плана Балансы/Фильтр Дата' is: '1, 2, 3 кв. 2024 года'

22-11-2024T02:57:53 - [TEST_STEP][PASSED] - m = m.substring(0, m.indexOf("2024")): null

22-11-2024T02:57:53 - [TEST_STEP][PASSED] - m = m.trim(): null

22-11-2024T02:57:53 - [TEST_STEP][PASSED] - dashboardName = "Выполнение бизнес-плана": null

22-11-2024T02:57:53 - [TEST_STEP][PASSED] - workbook01 = getWorkbook(excelFilePath): null

22-11-2024T02:57:53 - [TEST_STEP][PASSED] - sheet01 = getExcelSheet(workbook01, sheetName): null

22-11-2024T02:57:53 - [TEST_STEP][PASSED] - setValueToCellByIndex(sheet01, n, 0, dashboardName): null

22-11-2024T02:57:53 - [TEST_STEP][PASSED] - setValueToCellByIndex(sheet01, n, 1, dZO): null

22-11-2024T02:57:53 - [TEST_STEP][PASSED] - setValueToCellByIndex(sheet01, n, 2, typeOfData): null

22-11-2024T02:57:53 - [TEST_STEP][PASSED] - setValueToCellByIndex(sheet01, n, 3, typeOfData): null

22-11-2024T02:57:53 - [TEST_STEP][PASSED] - if (typeOfData == "План"): null

22-11-2024T02:57:53 - [TEST_STEP][PASSED] - else if (typeOfData == "Факт"): null

22-11-2024T02:57:53 - [TEST_STEP][PASSED] - else if (vidget.contains("электроэнергии") == true): null

22-11-2024T02:57:53 - [TEST_STEP][PASSED] - if (tabR == null): null

22-11-2024T02:57:53 - [TEST_STEP][PASSED] - else: null

22-11-2024T02:57:53 - [TEST_STEP][PASSED] - if (tabR == "нет данных"): null

22-11-2024T02:57:53 - [TEST_STEP][PASSED] - setValueToCellByIndex(sheet01, n, 4, "нет данных"): null

22-11-2024T02:57:53 - [TEST_STEP][PASSED] - if (tabB == null): null

22-11-2024T02:57:53 - [TEST_STEP][PASSED] - else: null

22-11-2024T02:57:53 - [TEST_STEP][PASSED] - if (tabB == "нет данных"): null

22-11-2024T02:57:53 - [TEST_STEP][PASSED] - else: null

22-11-2024T02:57:53 - [TEST_STEP][PASSED] - TB = tabB.toInteger(): null

22-11-2024T02:57:53 - [TEST_STEP][PASSED] - setValueToCellByIndex(sheet01, n, 5, TB): null

22-11-2024T02:57:53 - [TEST_STEP][PASSED] - setValueToCellByIndex(sheet01, n, 6, m): null

22-11-2024T02:57:53 - [TEST_STEP][PASSED] - setValueToCellByIndex(sheet01, n, 7, y): null

22-11-2024T02:57:53 - [TEST_STEP][PASSED] - setValueToCellByIndex(sheet01, n, 8, todaysDate): null

22-11-2024T02:57:53 - [TEST_STEP][PASSED] - n = n + 1: null

22-11-2024T02:57:53 - [TEST_STEP][PASSED] - saveWorkbook(excelFilePath, workbook01): null

22-11-2024T02:57:53 - [TEST_STEP][PASSED] - ii2 = a.indexOf("ПАО"): null

22-11-2024T02:57:53 - [TEST_STEP][PASSED] - if (ii2 == -1): null

22-11-2024T02:57:53 - [TEST_STEP][PASSED] - vidget = "Отклонения фактического уровня потерь от бизнес-плана": null

22-11-2024T02:57:53 - [TEST_STEP][PASSED] - typeOfData = "Коэффициент": null

22-11-2024T02:57:53 - [TEST_STEP][PASSED] - o1R = Geto1R(x = a): null

22-11-2024T02:57:53 - [TEST_STEP][PASSED] - i1 = <not implemented yet for class: org.codehaus.groovy.ast.expr.EmptyExpression>: null

22-11-2024T02:57:53 - [TEST_STEP][PASSED] - ii = <not implemented yet for class: org.codehaus.groovy.ast.expr.EmptyExpression>: null

22-11-2024T02:57:53 - [TEST_STEP][PASSED] - for ([ii = 1, ii < 10, (ii++)]): null

22-11-2024T02:57:53 - [TEST_STEP][PASSED] - i1 = x.indexOf("/") + 1: null

22-11-2024T02:57:53 - [TEST_STEP][PASSED] - if (i1 > -1): null

22-11-2024T02:57:53 - [TEST_STEP][PASSED] - x = x.substring(i1, x.length()): null

22-11-2024T02:57:53 - [TEST_STEP][PASSED] - i1 = x.indexOf("/") + 1: null

22-11-2024T02:57:53 - [TEST_STEP][PASSED] - if (i1 > -1): null

22-11-2024T02:57:53 - [TEST_STEP][PASSED] - x = x.substring(i1, x.length()): null

22-11-2024T02:57:53 - [TEST_STEP][PASSED] - i1 = x.indexOf("/") + 1: null

22-11-2024T02:57:53 - [TEST_STEP][PASSED] - if (i1 > -1): null

22-11-2024T02:57:53 - [TEST_STEP][PASSED] - x = x.substring(i1, x.length()): null

22-11-2024T02:57:53 - [TEST_STEP][PASSED] - i1 = x.indexOf("/") + 1: null

22-11-2024T02:57:53 - [TEST_STEP][PASSED] - if (i1 > -1): null

22-11-2024T02:57:53 - [TEST_STEP][PASSED] - x = x.substring(i1, x.length()): null

22-11-2024T02:57:53 - [TEST_STEP][PASSED] - i1 = x.indexOf("/") + 1: null

22-11-2024T02:57:53 - [TEST_STEP][PASSED] - if (i1 > -1): null

22-11-2024T02:57:53 - [TEST_STEP][PASSED] - x = x.substring(i1, x.length()): null

22-11-2024T02:57:53 - [TEST_STEP][PASSED] - i1 = x.indexOf("/") + 1: null

22-11-2024T02:57:53 - [TEST_STEP][PASSED] - if (i1 > -1): null

22-11-2024T02:57:53 - [TEST_STEP][PASSED] - x = x.substring(i1, x.length()): null

22-11-2024T02:57:53 - [TEST_STEP][PASSED] - i1 = x.indexOf("/") + 1: null

22-11-2024T02:57:53 - [TEST_STEP][PASSED] - if (i1 > -1): null

22-11-2024T02:57:53 - [TEST_STEP][PASSED] - x = x.substring(i1, x.length()): null

22-11-2024T02:57:53 - [TEST_STEP][PASSED] - i1 = x.indexOf("/") + 1: null

22-11-2024T02:57:53 - [TEST_STEP][PASSED] - if (i1 > -1): null

22-11-2024T02:57:53 - [TEST_STEP][PASSED] - x = x.substring(i1, x.length()): null

22-11-2024T02:57:53 - [TEST_STEP][PASSED] - i1 = x.indexOf("/") + 1: null

22-11-2024T02:57:53 - [TEST_STEP][PASSED] - if (i1 > -1): null

22-11-2024T02:57:53 - [TEST_STEP][PASSED] - x = x.substring(i1, x.length()): null

22-11-2024T02:57:53 - [TEST_STEP][PASSED] - i1 = x.indexOf("/"): null

22-11-2024T02:57:53 - [TEST_STEP][PASSED] - if (i1 > -1): null

22-11-2024T02:57:53 - [TEST_STEP][PASSED] - println(x): null

22-11-2024T02:57:53 - [TEST_STEP][PASSED] - return x: null

22-11-2024T02:57:53 - [TEST_STEP][PASSED] - o1B = Geto1B(x = b): null

22-11-2024T02:57:53 - [TEST_STEP][PASSED] - i1 = <not implemented yet for class: org.codehaus.groovy.ast.expr.EmptyExpression>: null

22-11-2024T02:57:53 - [TEST_STEP][PASSED] - ii = <not implemented yet for class: org.codehaus.groovy.ast.expr.EmptyExpression>: null

22-11-2024T02:57:53 - [TEST_STEP][PASSED] - for ([ii = 1, ii < 10, (ii++)]): null

22-11-2024T02:57:53 - [TEST_STEP][PASSED] - i1 = x.indexOf("/") + 1: null

22-11-2024T02:57:53 - [TEST_STEP][PASSED] - if (i1 > -1): null

22-11-2024T02:57:53 - [TEST_STEP][PASSED] - x = x.substring(i1, x.length()): null

22-11-2024T02:57:53 - [TEST_STEP][PASSED] - i1 = x.indexOf("/") + 1: null

22-11-2024T02:57:53 - [TEST_STEP][PASSED] - if (i1 > -1): null

22-11-2024T02:57:53 - [TEST_STEP][PASSED] - x = x.substring(i1, x.length()): null

22-11-2024T02:57:53 - [TEST_STEP][PASSED] - i1 = x.indexOf("/") + 1: null

22-11-2024T02:57:53 - [TEST_STEP][PASSED] - if (i1 > -1): null

22-11-2024T02:57:53 - [TEST_STEP][PASSED] - x = x.substring(i1, x.length()): null

22-11-2024T02:57:53 - [TEST_STEP][PASSED] - i1 = x.indexOf("/") + 1: null

22-11-2024T02:57:53 - [TEST_STEP][PASSED] - if (i1 > -1): null

22-11-2024T02:57:53 - [TEST_STEP][PASSED] - x = x.substring(i1, x.length()): null

22-11-2024T02:57:53 - [TEST_STEP][PASSED] - i1 = x.indexOf("/") + 1: null

22-11-2024T02:57:53 - [TEST_STEP][PASSED] - if (i1 > -1): null

22-11-2024T02:57:53 - [TEST_STEP][PASSED] - x = x.substring(i1, x.length()): null

22-11-2024T02:57:53 - [TEST_STEP][PASSED] - i1 = x.indexOf("/") + 1: null

22-11-2024T02:57:53 - [TEST_STEP][PASSED] - if (i1 > -1): null

22-11-2024T02:57:53 - [TEST_STEP][PASSED] - x = x.substring(i1, x.length()): null

22-11-2024T02:57:53 - [TEST_STEP][PASSED] - i1 = x.indexOf("/") + 1: null

22-11-2024T02:57:53 - [TEST_STEP][PASSED] - if (i1 > -1): null

22-11-2024T02:57:53 - [TEST_STEP][PASSED] - x = x.substring(i1, x.length()): null

22-11-2024T02:57:53 - [TEST_STEP][PASSED] - i1 = x.indexOf("/") + 1: null

22-11-2024T02:57:53 - [TEST_STEP][PASSED] - if (i1 > -1): null

22-11-2024T02:57:53 - [TEST_STEP][PASSED] - x = x.substring(i1, x.length()): null

22-11-2024T02:57:53 - [TEST_STEP][PASSED] - i1 = x.indexOf("/") + 1: null

22-11-2024T02:57:53 - [TEST_STEP][PASSED] - if (i1 > -1): null

22-11-2024T02:57:53 - [TEST_STEP][PASSED] - x = x.substring(i1, x.length()): null

22-11-2024T02:57:53 - [TEST_STEP][PASSED] - i1 = x.indexOf("/"): null

22-11-2024T02:57:53 - [TEST_STEP][PASSED] - if (i1 > -1): null

22-11-2024T02:57:53 - [TEST_STEP][PASSED] - println(x): null

22-11-2024T02:57:53 - [TEST_STEP][FAILED] - return x: null

22-11-2024T02:57:53 - [TEST_STEP][PASSED] - println(o1R + "/" + o1B): null

22-11-2024T02:57:53 - [TEST_STEP][FAILED] - if (verifyEqual(PercFactR, PercFactB) == false): null

22-11-2024T02:57:53 - [MESSAGE][FAILED] - Unable to verify equal between actual object 'нет данных' and expected object '3.67' (Root cause: com.kms.katalon.core.exception.StepFailedException: Actual object 'нет данных' and expected object '3.67' are not equal
	at com.kms.katalon.core.keyword.builtin.VerifyEqualKeyword$_verifyEqual_closure1.doCall(VerifyEqualKeyword.groovy:58)
	at com.kms.katalon.core.keyword.builtin.VerifyEqualKeyword$_verifyEqual_closure1.call(VerifyEqualKeyword.groovy)
	at com.kms.katalon.core.keyword.internal.KeywordMain.runKeyword(KeywordMain.groovy:75)
	at com.kms.katalon.core.keyword.builtin.VerifyEqualKeyword.verifyEqual(VerifyEqualKeyword.groovy:63)
	at com.kms.katalon.core.keyword.builtin.VerifyEqualKeyword.execute(VerifyEqualKeyword.groovy:44)
	at com.kms.katalon.core.keyword.internal.KeywordExecutor.executeKeywordForPlatform(KeywordExecutor.groovy:74)
	at com.kms.katalon.core.keyword.BuiltinKeywords.verifyEqual(BuiltinKeywords.groovy:146)
	at jdk.internal.reflect.GeneratedMethodAccessor25.invoke(Unknown Source)
	at java.base/jdk.internal.reflect.DelegatingMethodAccessorImpl.invoke(DelegatingMethodAccessorImpl.java:43)
	at Выполнение бизнес-плана сверка дашбордов.CompareDZOData(Выполнение бизнес-плана сверка дашбордов:789)
	at Выполнение бизнес-плана сверка дашбордов.run(Выполнение бизнес-плана сверка дашбордов:583)
	at com.kms.katalon.core.main.ScriptEngine.run(ScriptEngine.java:194)
	at com.kms.katalon.core.main.ScriptEngine.runScriptAsRawText(ScriptEngine.java:119)
	at com.kms.katalon.core.main.TestCaseExecutor.runScript(TestCaseExecutor.java:448)
	at com.kms.katalon.core.main.TestCaseExecutor.doExecute(TestCaseExecutor.java:439)
	at com.kms.katalon.core.main.TestCaseExecutor.processExecutionPhase(TestCaseExecutor.java:418)
	at com.kms.katalon.core.main.TestCaseExecutor.accessMainPhase(TestCaseExecutor.java:410)
	at com.kms.katalon.core.main.TestCaseExecutor.execute(TestCaseExecutor.java:285)
	at com.kms.katalon.core.common.CommonExecutor.accessTestCaseMainPhase(CommonExecutor.java:65)
	at com.kms.katalon.core.main.TestSuiteExecutor.accessTestSuiteMainPhase(TestSuiteExecutor.java:150)
	at com.kms.katalon.core.main.TestSuiteExecutor.execute(TestSuiteExecutor.java:106)
	at com.kms.katalon.core.main.TestCaseMain.startTestSuite(TestCaseMain.java:180)
	at TempTestSuite1732232929817.run(TempTestSuite1732232929817.groovy:35)
	at java.base/jdk.internal.reflect.NativeMethodAccessorImpl.invoke0(Native Method)
	at java.base/jdk.internal.reflect.NativeMethodAccessorImpl.invoke(NativeMethodAccessorImpl.java:77)
	at java.base/jdk.internal.reflect.DelegatingMethodAccessorImpl.invoke(DelegatingMethodAccessorImpl.java:43)
)

22-11-2024T02:57:53 - [TEST_STEP][PASSED] - result = WriteToExcel(typeOfData, todaysDate, PercPlanR, PercPlanB, PercFactR, PercFactB, x, tabR, tabB, o1R, o1B, vidget): null

22-11-2024T02:57:53 - [TEST_STEP][PASSED] - iii = dZO.indexOf("/"): null

22-11-2024T02:57:53 - [TEST_STEP][PASSED] - println(iii): null

22-11-2024T02:57:53 - [TEST_STEP][PASSED] - dZO = dZO.substring(0, iii): null

22-11-2024T02:57:53 - [TEST_STEP][PASSED] - println(dZO): null

22-11-2024T02:57:53 - [TEST_STEP][PASSED] - println(PercPlanR): null

22-11-2024T02:57:53 - [TEST_STEP][PASSED] - println(PercPlanB): null

22-11-2024T02:57:53 - [TEST_STEP][PASSED] - println(PercFactR): null

22-11-2024T02:57:53 - [TEST_STEP][PASSED] - println(PercFactB): null

22-11-2024T02:57:53 - [TEST_STEP][PASSED] - println(tabR): null

22-11-2024T02:57:53 - [TEST_STEP][PASSED] - println(tabB): null

22-11-2024T02:57:53 - [TEST_STEP][PASSED] - println(o1R): null

22-11-2024T02:57:53 - [TEST_STEP][PASSED] - println(o1B): null

22-11-2024T02:57:53 - [TEST_STEP][PASSED] - PR = <not implemented yet for class: org.codehaus.groovy.ast.expr.EmptyExpression>: null

22-11-2024T02:57:53 - [TEST_STEP][PASSED] - FR = <not implemented yet for class: org.codehaus.groovy.ast.expr.EmptyExpression>: null

22-11-2024T02:57:53 - [TEST_STEP][PASSED] - PB = <not implemented yet for class: org.codehaus.groovy.ast.expr.EmptyExpression>: null

22-11-2024T02:57:53 - [TEST_STEP][PASSED] - FB = <not implemented yet for class: org.codehaus.groovy.ast.expr.EmptyExpression>: null

22-11-2024T02:57:53 - [TEST_STEP][PASSED] - TR = <not implemented yet for class: org.codehaus.groovy.ast.expr.EmptyExpression>: null

22-11-2024T02:57:53 - [TEST_STEP][PASSED] - TB = <not implemented yet for class: org.codehaus.groovy.ast.expr.EmptyExpression>: null

22-11-2024T02:57:53 - [TEST_STEP][PASSED] - sheetName = "Sheet1": null

22-11-2024T02:57:53 - [TEST_STEP][PASSED] - data = findTestData("PlanFact"): null

22-11-2024T02:57:53 - [TEST_STEP][PASSED] - n = data.getRowNumbers() + 1: null

22-11-2024T02:57:53 - [TEST_STEP][PASSED] - year = todaysDate.substring(todaysDate.length() - 4, todaysDate.length()): null

22-11-2024T02:57:53 - [TEST_STEP][PASSED] - y = year.toInteger(): null

22-11-2024T02:57:53 - [TEST_STEP][PASSED] - m = getText(findTestObject("Выполнение бизнес-плана/Выполнение бизнес-плана Балансы/Фильтр Дата")): Text of object 'Object Repository/Выполнение бизнес-плана/Выполнение бизнес-плана Балансы/Фильтр Дата' is: '1, 2, 3 кв. 2024 года'

22-11-2024T02:57:53 - [MESSAGE][PASSED] - Text of object 'Object Repository/Выполнение бизнес-плана/Выполнение бизнес-плана Балансы/Фильтр Дата' is: '1, 2, 3 кв. 2024 года'

22-11-2024T02:57:53 - [TEST_STEP][PASSED] - m = m.substring(0, m.indexOf("2024")): null

22-11-2024T02:57:53 - [TEST_STEP][PASSED] - m = m.trim(): null

22-11-2024T02:57:53 - [TEST_STEP][PASSED] - dashboardName = "Выполнение бизнес-плана": null

22-11-2024T02:57:53 - [TEST_STEP][PASSED] - workbook01 = getWorkbook(excelFilePath): null

22-11-2024T02:57:54 - [TEST_STEP][PASSED] - sheet01 = getExcelSheet(workbook01, sheetName): null

22-11-2024T02:57:54 - [TEST_STEP][PASSED] - setValueToCellByIndex(sheet01, n, 0, dashboardName): null

22-11-2024T02:57:54 - [TEST_STEP][PASSED] - setValueToCellByIndex(sheet01, n, 1, dZO): null

22-11-2024T02:57:54 - [TEST_STEP][PASSED] - setValueToCellByIndex(sheet01, n, 2, typeOfData): null

22-11-2024T02:57:54 - [TEST_STEP][PASSED] - setValueToCellByIndex(sheet01, n, 3, typeOfData): null

22-11-2024T02:57:54 - [TEST_STEP][PASSED] - if (typeOfData == "План"): null

22-11-2024T02:57:54 - [TEST_STEP][PASSED] - else if (typeOfData == "Факт"): null

22-11-2024T02:57:54 - [TEST_STEP][PASSED] - else if (vidget.contains("электроэнергии") == true): null

22-11-2024T02:57:54 - [TEST_STEP][PASSED] - else: null

22-11-2024T02:57:54 - [TEST_STEP][PASSED] - if (o1R == null): null

22-11-2024T02:57:54 - [TEST_STEP][PASSED] - else: null

22-11-2024T02:57:54 - [TEST_STEP][PASSED] - if (o1R == "нет данных"): null

22-11-2024T02:57:54 - [TEST_STEP][PASSED] - setValueToCellByIndex(sheet01, n, 4, "нет данных"): null

22-11-2024T02:57:54 - [TEST_STEP][PASSED] - if (o1B == null): null

22-11-2024T02:57:54 - [TEST_STEP][PASSED] - else: null

22-11-2024T02:57:54 - [TEST_STEP][PASSED] - if (o1B == "нет данных"): null

22-11-2024T02:57:54 - [TEST_STEP][PASSED] - else: null

22-11-2024T02:57:54 - [TEST_STEP][PASSED] - FB = o1B.toDouble(): null

22-11-2024T02:57:54 - [TEST_STEP][PASSED] - setValueToCellByIndex(sheet01, n, 5, FB): null

22-11-2024T02:57:54 - [TEST_STEP][PASSED] - setValueToCellByIndex(sheet01, n, 6, m): null

22-11-2024T02:57:54 - [TEST_STEP][PASSED] - setValueToCellByIndex(sheet01, n, 7, y): null

22-11-2024T02:57:54 - [TEST_STEP][PASSED] - setValueToCellByIndex(sheet01, n, 8, todaysDate): null

22-11-2024T02:57:54 - [TEST_STEP][PASSED] - n = n + 1: null

22-11-2024T02:57:54 - [TEST_STEP][FAILED] - saveWorkbook(excelFilePath, workbook01): null

22-11-2024T02:57:54 - [TEST_STEP][PASSED] - if (verifyEqual(tyR, tyB) == false): Actual object 'АО "Тываэнерго"/21.03/20.96/572217/452291/119926/544127/429681/114446/-0.07' and expected object 'АО "Тываэнерго"/21.03/20.96/572217/452291/119926/544127/429681/114446/-0.07' are equal

22-11-2024T02:57:54 - [MESSAGE][PASSED] - Actual object 'АО "Тываэнерго"/21.03/20.96/572217/452291/119926/544127/429681/114446/-0.07' and expected object 'АО "Тываэнерго"/21.03/20.96/572217/452291/119926/544127/429681/114446/-0.07' are equal

22-11-2024T02:57:54 - [TEST_STEP][PASSED] - if (verifyEqual(chR, chB) == false): Actual object 'АО "Чеченэнерго"/32.87/36.59/3034612/1924288/1110325/2822152/1894447/927705/3.72' and expected object 'АО "Чеченэнерго"/32.87/36.59/3034612/1924288/1110325/2822152/1894447/927705/3.72' are equal

22-11-2024T02:57:54 - [MESSAGE][PASSED] - Actual object 'АО "Чеченэнерго"/32.87/36.59/3034612/1924288/1110325/2822152/1894447/927705/3.72' and expected object 'АО "Чеченэнерго"/32.87/36.59/3034612/1924288/1110325/2822152/1894447/927705/3.72' are equal

22-11-2024T02:57:54 - [TEST_STEP][FAILED] - if (verifyEqual(vR, vB) == false): null

22-11-2024T02:57:54 - [MESSAGE][FAILED] - Unable to verify equal between actual object 'Россети Волга/нет данных/нет данных/нет данных/нет данных/нет данных/нет данных/нет данных/нет данных/нет данных' and expected object 'Россети Волга/5.30/4.94/39713494/37749852/1963642/39342452/37241048/2101404/-0.35' (Root cause: com.kms.katalon.core.exception.StepFailedException: Actual object 'Россети Волга/нет данных/нет данных/нет данных/нет данных/нет данных/нет данных/нет данных/нет данных/нет данных' and expected object 'Россети Волга/5.30/4.94/39713494/37749852/1963642/39342452/37241048/2101404/-0.35' are not equal
	at com.kms.katalon.core.keyword.builtin.VerifyEqualKeyword$_verifyEqual_closure1.doCall(VerifyEqualKeyword.groovy:58)
	at com.kms.katalon.core.keyword.builtin.VerifyEqualKeyword$_verifyEqual_closure1.call(VerifyEqualKeyword.groovy)
	at com.kms.katalon.core.keyword.internal.KeywordMain.runKeyword(KeywordMain.groovy:75)
	at com.kms.katalon.core.keyword.builtin.VerifyEqualKeyword.verifyEqual(VerifyEqualKeyword.groovy:63)
	at com.kms.katalon.core.keyword.builtin.VerifyEqualKeyword.execute(VerifyEqualKeyword.groovy:44)
	at com.kms.katalon.core.keyword.internal.KeywordExecutor.executeKeywordForPlatform(KeywordExecutor.groovy:74)
	at com.kms.katalon.core.keyword.BuiltinKeywords.verifyEqual(BuiltinKeywords.groovy:146)
	at jdk.internal.reflect.GeneratedMethodAccessor25.invoke(Unknown Source)
	at java.base/jdk.internal.reflect.DelegatingMethodAccessorImpl.invoke(DelegatingMethodAccessorImpl.java:43)
	at Выполнение бизнес-плана сверка дашбордов.run(Выполнение бизнес-плана сверка дашбордов:597)
	at com.kms.katalon.core.main.ScriptEngine.run(ScriptEngine.java:194)
	at com.kms.katalon.core.main.ScriptEngine.runScriptAsRawText(ScriptEngine.java:119)
	at com.kms.katalon.core.main.TestCaseExecutor.runScript(TestCaseExecutor.java:448)
	at com.kms.katalon.core.main.TestCaseExecutor.doExecute(TestCaseExecutor.java:439)
	at com.kms.katalon.core.main.TestCaseExecutor.processExecutionPhase(TestCaseExecutor.java:418)
	at com.kms.katalon.core.main.TestCaseExecutor.accessMainPhase(TestCaseExecutor.java:410)
	at com.kms.katalon.core.main.TestCaseExecutor.execute(TestCaseExecutor.java:285)
	at com.kms.katalon.core.common.CommonExecutor.accessTestCaseMainPhase(CommonExecutor.java:65)
	at com.kms.katalon.core.main.TestSuiteExecutor.accessTestSuiteMainPhase(TestSuiteExecutor.java:150)
	at com.kms.katalon.core.main.TestSuiteExecutor.execute(TestSuiteExecutor.java:106)
	at com.kms.katalon.core.main.TestCaseMain.startTestSuite(TestCaseMain.java:180)
	at TempTestSuite1732232929817.run(TempTestSuite1732232929817.groovy:35)
	at java.base/jdk.internal.reflect.NativeMethodAccessorImpl.invoke0(Native Method)
	at java.base/jdk.internal.reflect.NativeMethodAccessorImpl.invoke(NativeMethodAccessorImpl.java:77)
	at java.base/jdk.internal.reflect.DelegatingMethodAccessorImpl.invoke(DelegatingMethodAccessorImpl.java:43)
)

22-11-2024T02:57:54 - [TEST_STEP][PASSED] - result = CompareDZOData(a = vR, b = vB, dZO, typeOfData, PercPlanR, PercPlanB, PercFactR, PercFactB, todaysDate, x, vidget, tabR, tabB, o1R, o1B): null

22-11-2024T02:57:54 - [TEST_STEP][PASSED] - ii2 = <not implemented yet for class: org.codehaus.groovy.ast.expr.EmptyExpression>: null

22-11-2024T02:57:54 - [TEST_STEP][FAILED] - if (verifyEqual(a, b) == false): null

22-11-2024T02:57:54 - [MESSAGE][FAILED] - Unable to verify equal between actual object 'Россети Волга/нет данных/нет данных/нет данных/нет данных/нет данных/нет данных/нет данных/нет данных/нет данных' and expected object 'Россети Волга/5.30/4.94/39713494/37749852/1963642/39342452/37241048/2101404/-0.35' (Root cause: com.kms.katalon.core.exception.StepFailedException: Actual object 'Россети Волга/нет данных/нет данных/нет данных/нет данных/нет данных/нет данных/нет данных/нет данных/нет данных' and expected object 'Россети Волга/5.30/4.94/39713494/37749852/1963642/39342452/37241048/2101404/-0.35' are not equal
	at com.kms.katalon.core.keyword.builtin.VerifyEqualKeyword$_verifyEqual_closure1.doCall(VerifyEqualKeyword.groovy:58)
	at com.kms.katalon.core.keyword.builtin.VerifyEqualKeyword$_verifyEqual_closure1.call(VerifyEqualKeyword.groovy)
	at com.kms.katalon.core.keyword.internal.KeywordMain.runKeyword(KeywordMain.groovy:75)
	at com.kms.katalon.core.keyword.builtin.VerifyEqualKeyword.verifyEqual(VerifyEqualKeyword.groovy:63)
	at com.kms.katalon.core.keyword.builtin.VerifyEqualKeyword.execute(VerifyEqualKeyword.groovy:44)
	at com.kms.katalon.core.keyword.internal.KeywordExecutor.executeKeywordForPlatform(KeywordExecutor.groovy:74)
	at com.kms.katalon.core.keyword.BuiltinKeywords.verifyEqual(BuiltinKeywords.groovy:146)
	at jdk.internal.reflect.GeneratedMethodAccessor25.invoke(Unknown Source)
	at java.base/jdk.internal.reflect.DelegatingMethodAccessorImpl.invoke(DelegatingMethodAccessorImpl.java:43)
	at Выполнение бизнес-плана сверка дашбордов.CompareDZOData(Выполнение бизнес-плана сверка дашбордов:673)
	at Выполнение бизнес-плана сверка дашбордов.run(Выполнение бизнес-плана сверка дашбордов:598)
	at com.kms.katalon.core.main.ScriptEngine.run(ScriptEngine.java:194)
	at com.kms.katalon.core.main.ScriptEngine.runScriptAsRawText(ScriptEngine.java:119)
	at com.kms.katalon.core.main.TestCaseExecutor.runScript(TestCaseExecutor.java:448)
	at com.kms.katalon.core.main.TestCaseExecutor.doExecute(TestCaseExecutor.java:439)
	at com.kms.katalon.core.main.TestCaseExecutor.processExecutionPhase(TestCaseExecutor.java:418)
	at com.kms.katalon.core.main.TestCaseExecutor.accessMainPhase(TestCaseExecutor.java:410)
	at com.kms.katalon.core.main.TestCaseExecutor.execute(TestCaseExecutor.java:285)
	at com.kms.katalon.core.common.CommonExecutor.accessTestCaseMainPhase(CommonExecutor.java:65)
	at com.kms.katalon.core.main.TestSuiteExecutor.accessTestSuiteMainPhase(TestSuiteExecutor.java:150)
	at com.kms.katalon.core.main.TestSuiteExecutor.execute(TestSuiteExecutor.java:106)
	at com.kms.katalon.core.main.TestCaseMain.startTestSuite(TestCaseMain.java:180)
	at TempTestSuite1732232929817.run(TempTestSuite1732232929817.groovy:35)
	at java.base/jdk.internal.reflect.NativeMethodAccessorImpl.invoke0(Native Method)
	at java.base/jdk.internal.reflect.NativeMethodAccessorImpl.invoke(NativeMethodAccessorImpl.java:77)
	at java.base/jdk.internal.reflect.DelegatingMethodAccessorImpl.invoke(DelegatingMethodAccessorImpl.java:43)
)

22-11-2024T02:57:54 - [TEST_STEP][PASSED] - vidget = "Уровень потерь электроэнергии": null

22-11-2024T02:57:54 - [TEST_STEP][PASSED] - typeOfData = "План": null

22-11-2024T02:57:54 - [TEST_STEP][PASSED] - PercPlanR = GetPercPlanR(x = a): null

22-11-2024T02:57:54 - [TEST_STEP][PASSED] - i1 = <not implemented yet for class: org.codehaus.groovy.ast.expr.EmptyExpression>: null

22-11-2024T02:57:54 - [TEST_STEP][PASSED] - i1 = x.indexOf("/") + 1: null

22-11-2024T02:57:54 - [TEST_STEP][PASSED] - if (i1 > -1): null

22-11-2024T02:57:54 - [TEST_STEP][PASSED] - x = x.substring(i1, x.length()): null

22-11-2024T02:57:54 - [TEST_STEP][PASSED] - i1 = x.indexOf("/"): null

22-11-2024T02:57:54 - [TEST_STEP][PASSED] - if (i1 > -1): null

22-11-2024T02:57:54 - [TEST_STEP][PASSED] - x = x.substring(0, i1): null

22-11-2024T02:57:54 - [TEST_STEP][PASSED] - return x: null

22-11-2024T02:57:54 - [TEST_STEP][PASSED] - PercPlanB = GetPercPlanB(x = b): null

22-11-2024T02:57:54 - [TEST_STEP][PASSED] - i1 = <not implemented yet for class: org.codehaus.groovy.ast.expr.EmptyExpression>: null

22-11-2024T02:57:54 - [TEST_STEP][PASSED] - i1 = x.indexOf("/") + 1: null

22-11-2024T02:57:54 - [TEST_STEP][PASSED] - if (i1 > -1): null

22-11-2024T02:57:54 - [TEST_STEP][PASSED] - x = x.substring(i1, x.length()): null

22-11-2024T02:57:54 - [TEST_STEP][PASSED] - i1 = x.indexOf("/"): null

22-11-2024T02:57:54 - [TEST_STEP][PASSED] - if (i1 > -1): null

22-11-2024T02:57:54 - [TEST_STEP][PASSED] - x = x.substring(0, i1): null

22-11-2024T02:57:54 - [TEST_STEP][FAILED] - return x: null

22-11-2024T02:57:54 - [TEST_STEP][FAILED] - if (verifyEqual(PercPlanR, PercPlanB) == false): null

22-11-2024T02:57:54 - [MESSAGE][FAILED] - Unable to verify equal between actual object 'нет данных' and expected object '5.30' (Root cause: com.kms.katalon.core.exception.StepFailedException: Actual object 'нет данных' and expected object '5.30' are not equal
	at com.kms.katalon.core.keyword.builtin.VerifyEqualKeyword$_verifyEqual_closure1.doCall(VerifyEqualKeyword.groovy:58)
	at com.kms.katalon.core.keyword.builtin.VerifyEqualKeyword$_verifyEqual_closure1.call(VerifyEqualKeyword.groovy)
	at com.kms.katalon.core.keyword.internal.KeywordMain.runKeyword(KeywordMain.groovy:75)
	at com.kms.katalon.core.keyword.builtin.VerifyEqualKeyword.verifyEqual(VerifyEqualKeyword.groovy:63)
	at com.kms.katalon.core.keyword.builtin.VerifyEqualKeyword.execute(VerifyEqualKeyword.groovy:44)
	at com.kms.katalon.core.keyword.internal.KeywordExecutor.executeKeywordForPlatform(KeywordExecutor.groovy:74)
	at com.kms.katalon.core.keyword.BuiltinKeywords.verifyEqual(BuiltinKeywords.groovy:146)
	at jdk.internal.reflect.GeneratedMethodAccessor25.invoke(Unknown Source)
	at java.base/jdk.internal.reflect.DelegatingMethodAccessorImpl.invoke(DelegatingMethodAccessorImpl.java:43)
	at Выполнение бизнес-плана сверка дашбордов.CompareDZOData(Выполнение бизнес-плана сверка дашбордов:682)
	at Выполнение бизнес-плана сверка дашбордов.run(Выполнение бизнес-плана сверка дашбордов:598)
	at com.kms.katalon.core.main.ScriptEngine.run(ScriptEngine.java:194)
	at com.kms.katalon.core.main.ScriptEngine.runScriptAsRawText(ScriptEngine.java:119)
	at com.kms.katalon.core.main.TestCaseExecutor.runScript(TestCaseExecutor.java:448)
	at com.kms.katalon.core.main.TestCaseExecutor.doExecute(TestCaseExecutor.java:439)
	at com.kms.katalon.core.main.TestCaseExecutor.processExecutionPhase(TestCaseExecutor.java:418)
	at com.kms.katalon.core.main.TestCaseExecutor.accessMainPhase(TestCaseExecutor.java:410)
	at com.kms.katalon.core.main.TestCaseExecutor.execute(TestCaseExecutor.java:285)
	at com.kms.katalon.core.common.CommonExecutor.accessTestCaseMainPhase(CommonExecutor.java:65)
	at com.kms.katalon.core.main.TestSuiteExecutor.accessTestSuiteMainPhase(TestSuiteExecutor.java:150)
	at com.kms.katalon.core.main.TestSuiteExecutor.execute(TestSuiteExecutor.java:106)
	at com.kms.katalon.core.main.TestCaseMain.startTestSuite(TestCaseMain.java:180)
	at TempTestSuite1732232929817.run(TempTestSuite1732232929817.groovy:35)
	at java.base/jdk.internal.reflect.NativeMethodAccessorImpl.invoke0(Native Method)
	at java.base/jdk.internal.reflect.NativeMethodAccessorImpl.invoke(NativeMethodAccessorImpl.java:77)
	at java.base/jdk.internal.reflect.DelegatingMethodAccessorImpl.invoke(DelegatingMethodAccessorImpl.java:43)
)

22-11-2024T02:57:54 - [TEST_STEP][PASSED] - result = WriteToExcel(typeOfData, todaysDate, PercPlanR, PercPlanB, PercFactR, PercFactB, x, tabR, tabB, o1R, o1B, vidget): null

22-11-2024T02:57:54 - [TEST_STEP][PASSED] - iii = dZO.indexOf("/"): null

22-11-2024T02:57:54 - [TEST_STEP][PASSED] - println(iii): null

22-11-2024T02:57:54 - [TEST_STEP][PASSED] - dZO = dZO.substring(0, iii): null

22-11-2024T02:57:54 - [TEST_STEP][PASSED] - println(dZO): null

22-11-2024T02:57:54 - [TEST_STEP][PASSED] - println(PercPlanR): null

22-11-2024T02:57:54 - [TEST_STEP][PASSED] - println(PercPlanB): null

22-11-2024T02:57:54 - [TEST_STEP][PASSED] - println(PercFactR): null

22-11-2024T02:57:54 - [TEST_STEP][PASSED] - println(PercFactB): null

22-11-2024T02:57:54 - [TEST_STEP][PASSED] - println(tabR): null

22-11-2024T02:57:54 - [TEST_STEP][PASSED] - println(tabB): null

22-11-2024T02:57:54 - [TEST_STEP][PASSED] - println(o1R): null

22-11-2024T02:57:54 - [TEST_STEP][PASSED] - println(o1B): null

22-11-2024T02:57:54 - [TEST_STEP][PASSED] - PR = <not implemented yet for class: org.codehaus.groovy.ast.expr.EmptyExpression>: null

22-11-2024T02:57:54 - [TEST_STEP][PASSED] - FR = <not implemented yet for class: org.codehaus.groovy.ast.expr.EmptyExpression>: null

22-11-2024T02:57:54 - [TEST_STEP][PASSED] - PB = <not implemented yet for class: org.codehaus.groovy.ast.expr.EmptyExpression>: null

22-11-2024T02:57:54 - [TEST_STEP][PASSED] - FB = <not implemented yet for class: org.codehaus.groovy.ast.expr.EmptyExpression>: null

22-11-2024T02:57:54 - [TEST_STEP][PASSED] - TR = <not implemented yet for class: org.codehaus.groovy.ast.expr.EmptyExpression>: null

22-11-2024T02:57:54 - [TEST_STEP][PASSED] - TB = <not implemented yet for class: org.codehaus.groovy.ast.expr.EmptyExpression>: null

22-11-2024T02:57:54 - [TEST_STEP][PASSED] - sheetName = "Sheet1": null

22-11-2024T02:57:54 - [TEST_STEP][PASSED] - data = findTestData("PlanFact"): null

22-11-2024T02:57:54 - [TEST_STEP][PASSED] - n = data.getRowNumbers() + 1: null

22-11-2024T02:57:54 - [TEST_STEP][PASSED] - year = todaysDate.substring(todaysDate.length() - 4, todaysDate.length()): null

22-11-2024T02:57:54 - [TEST_STEP][PASSED] - y = year.toInteger(): null

22-11-2024T02:57:54 - [TEST_STEP][PASSED] - m = getText(findTestObject("Выполнение бизнес-плана/Выполнение бизнес-плана Балансы/Фильтр Дата")): Text of object 'Object Repository/Выполнение бизнес-плана/Выполнение бизнес-плана Балансы/Фильтр Дата' is: '1, 2, 3 кв. 2024 года'

22-11-2024T02:57:54 - [MESSAGE][PASSED] - Text of object 'Object Repository/Выполнение бизнес-плана/Выполнение бизнес-плана Балансы/Фильтр Дата' is: '1, 2, 3 кв. 2024 года'

22-11-2024T02:57:54 - [TEST_STEP][PASSED] - m = m.substring(0, m.indexOf("2024")): null

22-11-2024T02:57:54 - [TEST_STEP][PASSED] - m = m.trim(): null

22-11-2024T02:57:54 - [TEST_STEP][PASSED] - dashboardName = "Выполнение бизнес-плана": null

22-11-2024T02:57:54 - [TEST_STEP][PASSED] - workbook01 = getWorkbook(excelFilePath): null

22-11-2024T02:57:54 - [TEST_STEP][PASSED] - sheet01 = getExcelSheet(workbook01, sheetName): null

22-11-2024T02:57:54 - [TEST_STEP][PASSED] - setValueToCellByIndex(sheet01, n, 0, dashboardName): null

22-11-2024T02:57:54 - [TEST_STEP][PASSED] - setValueToCellByIndex(sheet01, n, 1, dZO): null

22-11-2024T02:57:54 - [TEST_STEP][PASSED] - setValueToCellByIndex(sheet01, n, 2, typeOfData): null

22-11-2024T02:57:54 - [TEST_STEP][PASSED] - setValueToCellByIndex(sheet01, n, 3, typeOfData): null

22-11-2024T02:57:54 - [TEST_STEP][PASSED] - if (typeOfData == "План"): null

22-11-2024T02:57:54 - [TEST_STEP][PASSED] - if (PercPlanR == null): null

22-11-2024T02:57:54 - [TEST_STEP][PASSED] - else: null

22-11-2024T02:57:54 - [TEST_STEP][PASSED] - if (PercPlanR == "нет данных"): null

22-11-2024T02:57:54 - [TEST_STEP][PASSED] - setValueToCellByIndex(sheet01, n, 4, "нет данных"): null

22-11-2024T02:57:54 - [TEST_STEP][PASSED] - if (PercPlanB == null): null

22-11-2024T02:57:54 - [TEST_STEP][PASSED] - else: null

22-11-2024T02:57:54 - [TEST_STEP][PASSED] - if (PercPlanB == "нет данных"): null

22-11-2024T02:57:54 - [TEST_STEP][PASSED] - else: null

22-11-2024T02:57:54 - [TEST_STEP][PASSED] - PB = PercPlanB.toDouble(): null

22-11-2024T02:57:54 - [TEST_STEP][PASSED] - setValueToCellByIndex(sheet01, n, 5, PB): null

22-11-2024T02:57:54 - [TEST_STEP][PASSED] - setValueToCellByIndex(sheet01, n, 6, m): null

22-11-2024T02:57:54 - [TEST_STEP][PASSED] - setValueToCellByIndex(sheet01, n, 7, y): null

22-11-2024T02:57:54 - [TEST_STEP][PASSED] - setValueToCellByIndex(sheet01, n, 8, todaysDate): null

22-11-2024T02:57:54 - [TEST_STEP][PASSED] - n = n + 1: null

22-11-2024T02:57:54 - [TEST_STEP][PASSED] - saveWorkbook(excelFilePath, workbook01): null

22-11-2024T02:57:54 - [TEST_STEP][PASSED] - typeOfData = "Факт": null

22-11-2024T02:57:54 - [TEST_STEP][PASSED] - PercFactR = GetPercFactR(x = a): null

22-11-2024T02:57:54 - [TEST_STEP][PASSED] - i1 = <not implemented yet for class: org.codehaus.groovy.ast.expr.EmptyExpression>: null

22-11-2024T02:57:54 - [TEST_STEP][PASSED] - ii = <not implemented yet for class: org.codehaus.groovy.ast.expr.EmptyExpression>: null

22-11-2024T02:57:54 - [TEST_STEP][PASSED] - for ([ii = 1, ii < 3, (ii++)]): null

22-11-2024T02:57:54 - [TEST_STEP][PASSED] - i1 = x.indexOf("/") + 1: null

22-11-2024T02:57:54 - [TEST_STEP][PASSED] - if (i1 > -1): null

22-11-2024T02:57:54 - [TEST_STEP][PASSED] - x = x.substring(i1, x.length()): null

22-11-2024T02:57:54 - [TEST_STEP][PASSED] - println(x): null

22-11-2024T02:57:54 - [TEST_STEP][PASSED] - i1 = x.indexOf("/") + 1: null

22-11-2024T02:57:54 - [TEST_STEP][PASSED] - if (i1 > -1): null

22-11-2024T02:57:54 - [TEST_STEP][PASSED] - x = x.substring(i1, x.length()): null

22-11-2024T02:57:54 - [TEST_STEP][PASSED] - println(x): null

22-11-2024T02:57:54 - [TEST_STEP][PASSED] - i1 = x.indexOf("/"): null

22-11-2024T02:57:54 - [TEST_STEP][PASSED] - if (i1 > -1): null

22-11-2024T02:57:54 - [TEST_STEP][PASSED] - x = x.substring(0, i1): null

22-11-2024T02:57:54 - [TEST_STEP][PASSED] - println(x): null

22-11-2024T02:57:54 - [TEST_STEP][PASSED] - return x: null

22-11-2024T02:57:54 - [TEST_STEP][PASSED] - PercFactB = GetPercFactB(x = b): null

22-11-2024T02:57:54 - [TEST_STEP][PASSED] - i1 = <not implemented yet for class: org.codehaus.groovy.ast.expr.EmptyExpression>: null

22-11-2024T02:57:54 - [TEST_STEP][PASSED] - ii = <not implemented yet for class: org.codehaus.groovy.ast.expr.EmptyExpression>: null

22-11-2024T02:57:54 - [TEST_STEP][PASSED] - for ([ii = 1, ii < 3, (ii++)]): null

22-11-2024T02:57:54 - [TEST_STEP][PASSED] - i1 = x.indexOf("/") + 1: null

22-11-2024T02:57:54 - [TEST_STEP][PASSED] - if (i1 > -1): null

22-11-2024T02:57:54 - [TEST_STEP][PASSED] - x = x.substring(i1, x.length()): null

22-11-2024T02:57:54 - [TEST_STEP][PASSED] - println(x): null

22-11-2024T02:57:54 - [TEST_STEP][PASSED] - i1 = x.indexOf("/") + 1: null

22-11-2024T02:57:54 - [TEST_STEP][PASSED] - if (i1 > -1): null

22-11-2024T02:57:54 - [TEST_STEP][PASSED] - x = x.substring(i1, x.length()): null

22-11-2024T02:57:54 - [TEST_STEP][PASSED] - println(x): null

22-11-2024T02:57:54 - [TEST_STEP][PASSED] - i1 = x.indexOf("/"): null

22-11-2024T02:57:54 - [TEST_STEP][PASSED] - if (i1 > -1): null

22-11-2024T02:57:54 - [TEST_STEP][PASSED] - x = x.substring(0, i1): null

22-11-2024T02:57:54 - [TEST_STEP][PASSED] - println(x): null

22-11-2024T02:57:54 - [TEST_STEP][FAILED] - return x: null

22-11-2024T02:57:54 - [TEST_STEP][FAILED] - if (verifyEqual(PercFactR, PercFactB) == false): null

22-11-2024T02:57:54 - [MESSAGE][FAILED] - Unable to verify equal between actual object 'нет данных' and expected object '4.94' (Root cause: com.kms.katalon.core.exception.StepFailedException: Actual object 'нет данных' and expected object '4.94' are not equal
	at com.kms.katalon.core.keyword.builtin.VerifyEqualKeyword$_verifyEqual_closure1.doCall(VerifyEqualKeyword.groovy:58)
	at com.kms.katalon.core.keyword.builtin.VerifyEqualKeyword$_verifyEqual_closure1.call(VerifyEqualKeyword.groovy)
	at com.kms.katalon.core.keyword.internal.KeywordMain.runKeyword(KeywordMain.groovy:75)
	at com.kms.katalon.core.keyword.builtin.VerifyEqualKeyword.verifyEqual(VerifyEqualKeyword.groovy:63)
	at com.kms.katalon.core.keyword.builtin.VerifyEqualKeyword.execute(VerifyEqualKeyword.groovy:44)
	at com.kms.katalon.core.keyword.internal.KeywordExecutor.executeKeywordForPlatform(KeywordExecutor.groovy:74)
	at com.kms.katalon.core.keyword.BuiltinKeywords.verifyEqual(BuiltinKeywords.groovy:146)
	at jdk.internal.reflect.GeneratedMethodAccessor25.invoke(Unknown Source)
	at java.base/jdk.internal.reflect.DelegatingMethodAccessorImpl.invoke(DelegatingMethodAccessorImpl.java:43)
	at Выполнение бизнес-плана сверка дашбордов.CompareDZOData(Выполнение бизнес-плана сверка дашбордов:693)
	at Выполнение бизнес-плана сверка дашбордов.run(Выполнение бизнес-плана сверка дашбордов:598)
	at com.kms.katalon.core.main.ScriptEngine.run(ScriptEngine.java:194)
	at com.kms.katalon.core.main.ScriptEngine.runScriptAsRawText(ScriptEngine.java:119)
	at com.kms.katalon.core.main.TestCaseExecutor.runScript(TestCaseExecutor.java:448)
	at com.kms.katalon.core.main.TestCaseExecutor.doExecute(TestCaseExecutor.java:439)
	at com.kms.katalon.core.main.TestCaseExecutor.processExecutionPhase(TestCaseExecutor.java:418)
	at com.kms.katalon.core.main.TestCaseExecutor.accessMainPhase(TestCaseExecutor.java:410)
	at com.kms.katalon.core.main.TestCaseExecutor.execute(TestCaseExecutor.java:285)
	at com.kms.katalon.core.common.CommonExecutor.accessTestCaseMainPhase(CommonExecutor.java:65)
	at com.kms.katalon.core.main.TestSuiteExecutor.accessTestSuiteMainPhase(TestSuiteExecutor.java:150)
	at com.kms.katalon.core.main.TestSuiteExecutor.execute(TestSuiteExecutor.java:106)
	at com.kms.katalon.core.main.TestCaseMain.startTestSuite(TestCaseMain.java:180)
	at TempTestSuite1732232929817.run(TempTestSuite1732232929817.groovy:35)
	at java.base/jdk.internal.reflect.NativeMethodAccessorImpl.invoke0(Native Method)
	at java.base/jdk.internal.reflect.NativeMethodAccessorImpl.invoke(NativeMethodAccessorImpl.java:77)
	at java.base/jdk.internal.reflect.DelegatingMethodAccessorImpl.invoke(DelegatingMethodAccessorImpl.java:43)
)

22-11-2024T02:57:54 - [TEST_STEP][PASSED] - result = WriteToExcel(typeOfData, todaysDate, PercPlanR, PercPlanB, PercFactR, PercFactB, x, tabR, tabB, o1R, o1B, vidget): null

22-11-2024T02:57:54 - [TEST_STEP][PASSED] - iii = dZO.indexOf("/"): null

22-11-2024T02:57:54 - [TEST_STEP][PASSED] - println(iii): null

22-11-2024T02:57:54 - [TEST_STEP][PASSED] - dZO = dZO.substring(0, iii): null

22-11-2024T02:57:54 - [TEST_STEP][PASSED] - println(dZO): null

22-11-2024T02:57:54 - [TEST_STEP][PASSED] - println(PercPlanR): null

22-11-2024T02:57:54 - [TEST_STEP][PASSED] - println(PercPlanB): null

22-11-2024T02:57:54 - [TEST_STEP][PASSED] - println(PercFactR): null

22-11-2024T02:57:54 - [TEST_STEP][PASSED] - println(PercFactB): null

22-11-2024T02:57:54 - [TEST_STEP][PASSED] - println(tabR): null

22-11-2024T02:57:54 - [TEST_STEP][PASSED] - println(tabB): null

22-11-2024T02:57:54 - [TEST_STEP][PASSED] - println(o1R): null

22-11-2024T02:57:54 - [TEST_STEP][PASSED] - println(o1B): null

22-11-2024T02:57:54 - [TEST_STEP][PASSED] - PR = <not implemented yet for class: org.codehaus.groovy.ast.expr.EmptyExpression>: null

22-11-2024T02:57:54 - [TEST_STEP][PASSED] - FR = <not implemented yet for class: org.codehaus.groovy.ast.expr.EmptyExpression>: null

22-11-2024T02:57:54 - [TEST_STEP][PASSED] - PB = <not implemented yet for class: org.codehaus.groovy.ast.expr.EmptyExpression>: null

22-11-2024T02:57:54 - [TEST_STEP][PASSED] - FB = <not implemented yet for class: org.codehaus.groovy.ast.expr.EmptyExpression>: null

22-11-2024T02:57:54 - [TEST_STEP][PASSED] - TR = <not implemented yet for class: org.codehaus.groovy.ast.expr.EmptyExpression>: null

22-11-2024T02:57:54 - [TEST_STEP][PASSED] - TB = <not implemented yet for class: org.codehaus.groovy.ast.expr.EmptyExpression>: null

22-11-2024T02:57:54 - [TEST_STEP][PASSED] - sheetName = "Sheet1": null

22-11-2024T02:57:54 - [TEST_STEP][PASSED] - data = findTestData("PlanFact"): null

22-11-2024T02:57:54 - [TEST_STEP][PASSED] - n = data.getRowNumbers() + 1: null

22-11-2024T02:57:54 - [TEST_STEP][PASSED] - year = todaysDate.substring(todaysDate.length() - 4, todaysDate.length()): null

22-11-2024T02:57:54 - [TEST_STEP][PASSED] - y = year.toInteger(): null

22-11-2024T02:57:54 - [TEST_STEP][PASSED] - m = getText(findTestObject("Выполнение бизнес-плана/Выполнение бизнес-плана Балансы/Фильтр Дата")): Text of object 'Object Repository/Выполнение бизнес-плана/Выполнение бизнес-плана Балансы/Фильтр Дата' is: '1, 2, 3 кв. 2024 года'

22-11-2024T02:57:55 - [MESSAGE][PASSED] - Text of object 'Object Repository/Выполнение бизнес-плана/Выполнение бизнес-плана Балансы/Фильтр Дата' is: '1, 2, 3 кв. 2024 года'

22-11-2024T02:57:55 - [TEST_STEP][PASSED] - m = m.substring(0, m.indexOf("2024")): null

22-11-2024T02:57:55 - [TEST_STEP][PASSED] - m = m.trim(): null

22-11-2024T02:57:55 - [TEST_STEP][PASSED] - dashboardName = "Выполнение бизнес-плана": null

22-11-2024T02:57:55 - [TEST_STEP][PASSED] - workbook01 = getWorkbook(excelFilePath): null

22-11-2024T02:57:55 - [TEST_STEP][PASSED] - sheet01 = getExcelSheet(workbook01, sheetName): null

22-11-2024T02:57:55 - [TEST_STEP][PASSED] - setValueToCellByIndex(sheet01, n, 0, dashboardName): null

22-11-2024T02:57:55 - [TEST_STEP][PASSED] - setValueToCellByIndex(sheet01, n, 1, dZO): null

22-11-2024T02:57:55 - [TEST_STEP][PASSED] - setValueToCellByIndex(sheet01, n, 2, typeOfData): null

22-11-2024T02:57:55 - [TEST_STEP][PASSED] - setValueToCellByIndex(sheet01, n, 3, typeOfData): null

22-11-2024T02:57:55 - [TEST_STEP][PASSED] - if (typeOfData == "План"): null

22-11-2024T02:57:55 - [TEST_STEP][PASSED] - else if (typeOfData == "Факт"): null

22-11-2024T02:57:55 - [TEST_STEP][PASSED] - if (PercFactR == null): null

22-11-2024T02:57:55 - [TEST_STEP][PASSED] - else: null

22-11-2024T02:57:55 - [TEST_STEP][PASSED] - if (PercFactR == "нет данных"): null

22-11-2024T02:57:55 - [TEST_STEP][PASSED] - setValueToCellByIndex(sheet01, n, 4, "нет данных"): null

22-11-2024T02:57:55 - [TEST_STEP][PASSED] - if (PercFactB == null): null

22-11-2024T02:57:55 - [TEST_STEP][PASSED] - else: null

22-11-2024T02:57:55 - [TEST_STEP][PASSED] - if (PercFactB == "нет данных"): null

22-11-2024T02:57:55 - [TEST_STEP][PASSED] - else: null

22-11-2024T02:57:55 - [TEST_STEP][PASSED] - FB = PercFactB.toDouble(): null

22-11-2024T02:57:55 - [TEST_STEP][PASSED] - setValueToCellByIndex(sheet01, n, 5, FB): null

22-11-2024T02:57:55 - [TEST_STEP][PASSED] - setValueToCellByIndex(sheet01, n, 6, m): null

22-11-2024T02:57:55 - [TEST_STEP][PASSED] - setValueToCellByIndex(sheet01, n, 7, y): null

22-11-2024T02:57:55 - [TEST_STEP][PASSED] - setValueToCellByIndex(sheet01, n, 8, todaysDate): null

22-11-2024T02:57:55 - [TEST_STEP][PASSED] - n = n + 1: null

22-11-2024T02:57:55 - [TEST_STEP][PASSED] - saveWorkbook(excelFilePath, workbook01): null

22-11-2024T02:57:55 - [TEST_STEP][PASSED] - vidget = "Показатели баланса электроэнергии по ДЗО – Факт": null

22-11-2024T02:57:55 - [TEST_STEP][PASSED] - typeOfData = "Факт Отпуск в сеть": null

22-11-2024T02:57:55 - [TEST_STEP][PASSED] - tabR = GetOvSFactR(x = a): null

22-11-2024T02:57:55 - [TEST_STEP][PASSED] - i1 = <not implemented yet for class: org.codehaus.groovy.ast.expr.EmptyExpression>: null

22-11-2024T02:57:55 - [TEST_STEP][PASSED] - ii = <not implemented yet for class: org.codehaus.groovy.ast.expr.EmptyExpression>: null

22-11-2024T02:57:55 - [TEST_STEP][PASSED] - for ([ii = 1, ii < 4, (ii++)]): null

22-11-2024T02:57:55 - [TEST_STEP][PASSED] - i1 = x.indexOf("/") + 1: null

22-11-2024T02:57:55 - [TEST_STEP][PASSED] - if (i1 > -1): null

22-11-2024T02:57:55 - [TEST_STEP][PASSED] - x = x.substring(i1, x.length()): null

22-11-2024T02:57:55 - [TEST_STEP][PASSED] - println(x): null

22-11-2024T02:57:55 - [TEST_STEP][PASSED] - i1 = x.indexOf("/") + 1: null

22-11-2024T02:57:55 - [TEST_STEP][PASSED] - if (i1 > -1): null

22-11-2024T02:57:55 - [TEST_STEP][PASSED] - x = x.substring(i1, x.length()): null

22-11-2024T02:57:55 - [TEST_STEP][PASSED] - println(x): null

22-11-2024T02:57:55 - [TEST_STEP][PASSED] - i1 = x.indexOf("/") + 1: null

22-11-2024T02:57:55 - [TEST_STEP][PASSED] - if (i1 > -1): null

22-11-2024T02:57:55 - [TEST_STEP][PASSED] - x = x.substring(i1, x.length()): null

22-11-2024T02:57:55 - [TEST_STEP][PASSED] - println(x): null

22-11-2024T02:57:55 - [TEST_STEP][PASSED] - i1 = x.indexOf("/"): null

22-11-2024T02:57:55 - [TEST_STEP][PASSED] - if (i1 > -1): null

22-11-2024T02:57:55 - [TEST_STEP][PASSED] - x = x.substring(0, i1): null

22-11-2024T02:57:55 - [TEST_STEP][PASSED] - println(x): null

22-11-2024T02:57:55 - [TEST_STEP][PASSED] - return x: null

22-11-2024T02:57:55 - [TEST_STEP][PASSED] - tabB = GetOvSFactB(x = b): null

22-11-2024T02:57:55 - [TEST_STEP][PASSED] - i1 = <not implemented yet for class: org.codehaus.groovy.ast.expr.EmptyExpression>: null

22-11-2024T02:57:55 - [TEST_STEP][PASSED] - ii = <not implemented yet for class: org.codehaus.groovy.ast.expr.EmptyExpression>: null

22-11-2024T02:57:55 - [TEST_STEP][PASSED] - for ([ii = 1, ii < 4, (ii++)]): null

22-11-2024T02:57:55 - [TEST_STEP][PASSED] - i1 = x.indexOf("/") + 1: null

22-11-2024T02:57:55 - [TEST_STEP][PASSED] - if (i1 > -1): null

22-11-2024T02:57:55 - [TEST_STEP][PASSED] - x = x.substring(i1, x.length()): null

22-11-2024T02:57:55 - [TEST_STEP][PASSED] - println(x): null

22-11-2024T02:57:55 - [TEST_STEP][PASSED] - i1 = x.indexOf("/") + 1: null

22-11-2024T02:57:55 - [TEST_STEP][PASSED] - if (i1 > -1): null

22-11-2024T02:57:55 - [TEST_STEP][PASSED] - x = x.substring(i1, x.length()): null

22-11-2024T02:57:55 - [TEST_STEP][PASSED] - println(x): null

22-11-2024T02:57:55 - [TEST_STEP][PASSED] - i1 = x.indexOf("/") + 1: null

22-11-2024T02:57:55 - [TEST_STEP][PASSED] - if (i1 > -1): null

22-11-2024T02:57:55 - [TEST_STEP][PASSED] - x = x.substring(i1, x.length()): null

22-11-2024T02:57:55 - [TEST_STEP][PASSED] - println(x): null

22-11-2024T02:57:55 - [TEST_STEP][PASSED] - i1 = x.indexOf("/"): null

22-11-2024T02:57:55 - [TEST_STEP][PASSED] - if (i1 > -1): null

22-11-2024T02:57:55 - [TEST_STEP][PASSED] - x = x.substring(0, i1): null

22-11-2024T02:57:55 - [TEST_STEP][PASSED] - println(x): null

22-11-2024T02:57:55 - [TEST_STEP][FAILED] - return x: null

22-11-2024T02:57:55 - [TEST_STEP][FAILED] - if (verifyEqual(tabR, tabB) == false): null

22-11-2024T02:57:55 - [MESSAGE][FAILED] - Unable to verify equal between actual object 'нет данных' and expected object '39713494' (Root cause: com.kms.katalon.core.exception.StepFailedException: Actual object 'нет данных' and expected object '39713494' are not equal
	at com.kms.katalon.core.keyword.builtin.VerifyEqualKeyword$_verifyEqual_closure1.doCall(VerifyEqualKeyword.groovy:58)
	at com.kms.katalon.core.keyword.builtin.VerifyEqualKeyword$_verifyEqual_closure1.call(VerifyEqualKeyword.groovy)
	at com.kms.katalon.core.keyword.internal.KeywordMain.runKeyword(KeywordMain.groovy:75)
	at com.kms.katalon.core.keyword.builtin.VerifyEqualKeyword.verifyEqual(VerifyEqualKeyword.groovy:63)
	at com.kms.katalon.core.keyword.builtin.VerifyEqualKeyword.execute(VerifyEqualKeyword.groovy:44)
	at com.kms.katalon.core.keyword.internal.KeywordExecutor.executeKeywordForPlatform(KeywordExecutor.groovy:74)
	at com.kms.katalon.core.keyword.BuiltinKeywords.verifyEqual(BuiltinKeywords.groovy:146)
	at jdk.internal.reflect.GeneratedMethodAccessor25.invoke(Unknown Source)
	at java.base/jdk.internal.reflect.DelegatingMethodAccessorImpl.invoke(DelegatingMethodAccessorImpl.java:43)
	at Выполнение бизнес-плана сверка дашбордов.CompareDZOData(Выполнение бизнес-плана сверка дашбордов:706)
	at Выполнение бизнес-плана сверка дашбордов.run(Выполнение бизнес-плана сверка дашбордов:598)
	at com.kms.katalon.core.main.ScriptEngine.run(ScriptEngine.java:194)
	at com.kms.katalon.core.main.ScriptEngine.runScriptAsRawText(ScriptEngine.java:119)
	at com.kms.katalon.core.main.TestCaseExecutor.runScript(TestCaseExecutor.java:448)
	at com.kms.katalon.core.main.TestCaseExecutor.doExecute(TestCaseExecutor.java:439)
	at com.kms.katalon.core.main.TestCaseExecutor.processExecutionPhase(TestCaseExecutor.java:418)
	at com.kms.katalon.core.main.TestCaseExecutor.accessMainPhase(TestCaseExecutor.java:410)
	at com.kms.katalon.core.main.TestCaseExecutor.execute(TestCaseExecutor.java:285)
	at com.kms.katalon.core.common.CommonExecutor.accessTestCaseMainPhase(CommonExecutor.java:65)
	at com.kms.katalon.core.main.TestSuiteExecutor.accessTestSuiteMainPhase(TestSuiteExecutor.java:150)
	at com.kms.katalon.core.main.TestSuiteExecutor.execute(TestSuiteExecutor.java:106)
	at com.kms.katalon.core.main.TestCaseMain.startTestSuite(TestCaseMain.java:180)
	at TempTestSuite1732232929817.run(TempTestSuite1732232929817.groovy:35)
	at java.base/jdk.internal.reflect.NativeMethodAccessorImpl.invoke0(Native Method)
	at java.base/jdk.internal.reflect.NativeMethodAccessorImpl.invoke(NativeMethodAccessorImpl.java:77)
	at java.base/jdk.internal.reflect.DelegatingMethodAccessorImpl.invoke(DelegatingMethodAccessorImpl.java:43)
)

22-11-2024T02:57:55 - [TEST_STEP][PASSED] - result = WriteToExcel(typeOfData, todaysDate, PercPlanR, PercPlanB, PercFactR, PercFactB, x, tabR, tabB, o1R, o1B, vidget): null

22-11-2024T02:57:55 - [TEST_STEP][PASSED] - iii = dZO.indexOf("/"): null

22-11-2024T02:57:55 - [TEST_STEP][PASSED] - println(iii): null

22-11-2024T02:57:55 - [TEST_STEP][PASSED] - dZO = dZO.substring(0, iii): null

22-11-2024T02:57:55 - [TEST_STEP][PASSED] - println(dZO): null

22-11-2024T02:57:55 - [TEST_STEP][PASSED] - println(PercPlanR): null

22-11-2024T02:57:55 - [TEST_STEP][PASSED] - println(PercPlanB): null

22-11-2024T02:57:55 - [TEST_STEP][PASSED] - println(PercFactR): null

22-11-2024T02:57:55 - [TEST_STEP][PASSED] - println(PercFactB): null

22-11-2024T02:57:55 - [TEST_STEP][PASSED] - println(tabR): null

22-11-2024T02:57:55 - [TEST_STEP][PASSED] - println(tabB): null

22-11-2024T02:57:55 - [TEST_STEP][PASSED] - println(o1R): null

22-11-2024T02:57:55 - [TEST_STEP][PASSED] - println(o1B): null

22-11-2024T02:57:55 - [TEST_STEP][PASSED] - PR = <not implemented yet for class: org.codehaus.groovy.ast.expr.EmptyExpression>: null

22-11-2024T02:57:55 - [TEST_STEP][PASSED] - FR = <not implemented yet for class: org.codehaus.groovy.ast.expr.EmptyExpression>: null

22-11-2024T02:57:55 - [TEST_STEP][PASSED] - PB = <not implemented yet for class: org.codehaus.groovy.ast.expr.EmptyExpression>: null

22-11-2024T02:57:55 - [TEST_STEP][PASSED] - FB = <not implemented yet for class: org.codehaus.groovy.ast.expr.EmptyExpression>: null

22-11-2024T02:57:55 - [TEST_STEP][PASSED] - TR = <not implemented yet for class: org.codehaus.groovy.ast.expr.EmptyExpression>: null

22-11-2024T02:57:55 - [TEST_STEP][PASSED] - TB = <not implemented yet for class: org.codehaus.groovy.ast.expr.EmptyExpression>: null

22-11-2024T02:57:55 - [TEST_STEP][PASSED] - sheetName = "Sheet1": null

22-11-2024T02:57:55 - [TEST_STEP][PASSED] - data = findTestData("PlanFact"): null

22-11-2024T02:57:55 - [TEST_STEP][PASSED] - n = data.getRowNumbers() + 1: null

22-11-2024T02:57:55 - [TEST_STEP][PASSED] - year = todaysDate.substring(todaysDate.length() - 4, todaysDate.length()): null

22-11-2024T02:57:55 - [TEST_STEP][PASSED] - y = year.toInteger(): null

22-11-2024T02:57:55 - [TEST_STEP][PASSED] - m = getText(findTestObject("Выполнение бизнес-плана/Выполнение бизнес-плана Балансы/Фильтр Дата")): Text of object 'Object Repository/Выполнение бизнес-плана/Выполнение бизнес-плана Балансы/Фильтр Дата' is: '1, 2, 3 кв. 2024 года'

22-11-2024T02:57:56 - [MESSAGE][PASSED] - Text of object 'Object Repository/Выполнение бизнес-плана/Выполнение бизнес-плана Балансы/Фильтр Дата' is: '1, 2, 3 кв. 2024 года'

22-11-2024T02:57:56 - [TEST_STEP][PASSED] - m = m.substring(0, m.indexOf("2024")): null

22-11-2024T02:57:56 - [TEST_STEP][PASSED] - m = m.trim(): null

22-11-2024T02:57:56 - [TEST_STEP][PASSED] - dashboardName = "Выполнение бизнес-плана": null

22-11-2024T02:57:56 - [TEST_STEP][PASSED] - workbook01 = getWorkbook(excelFilePath): null

22-11-2024T02:57:56 - [TEST_STEP][PASSED] - sheet01 = getExcelSheet(workbook01, sheetName): null

22-11-2024T02:57:56 - [TEST_STEP][PASSED] - setValueToCellByIndex(sheet01, n, 0, dashboardName): null

22-11-2024T02:57:56 - [TEST_STEP][PASSED] - setValueToCellByIndex(sheet01, n, 1, dZO): null

22-11-2024T02:57:56 - [TEST_STEP][PASSED] - setValueToCellByIndex(sheet01, n, 2, typeOfData): null

22-11-2024T02:57:56 - [TEST_STEP][PASSED] - setValueToCellByIndex(sheet01, n, 3, typeOfData): null

22-11-2024T02:57:56 - [TEST_STEP][PASSED] - if (typeOfData == "План"): null

22-11-2024T02:57:56 - [TEST_STEP][PASSED] - else if (typeOfData == "Факт"): null

22-11-2024T02:57:56 - [TEST_STEP][PASSED] - else if (vidget.contains("электроэнергии") == true): null

22-11-2024T02:57:56 - [TEST_STEP][PASSED] - if (tabR == null): null

22-11-2024T02:57:56 - [TEST_STEP][PASSED] - else: null

22-11-2024T02:57:56 - [TEST_STEP][PASSED] - if (tabR == "нет данных"): null

22-11-2024T02:57:56 - [TEST_STEP][PASSED] - setValueToCellByIndex(sheet01, n, 4, "нет данных"): null

22-11-2024T02:57:56 - [TEST_STEP][PASSED] - if (tabB == null): null

22-11-2024T02:57:56 - [TEST_STEP][PASSED] - else: null

22-11-2024T02:57:56 - [TEST_STEP][PASSED] - if (tabB == "нет данных"): null

22-11-2024T02:57:56 - [TEST_STEP][PASSED] - else: null

22-11-2024T02:57:56 - [TEST_STEP][PASSED] - TB = tabB.toInteger(): null

22-11-2024T02:57:56 - [TEST_STEP][PASSED] - setValueToCellByIndex(sheet01, n, 5, TB): null

22-11-2024T02:57:56 - [TEST_STEP][PASSED] - setValueToCellByIndex(sheet01, n, 6, m): null

22-11-2024T02:57:56 - [TEST_STEP][PASSED] - setValueToCellByIndex(sheet01, n, 7, y): null

22-11-2024T02:57:56 - [TEST_STEP][PASSED] - setValueToCellByIndex(sheet01, n, 8, todaysDate): null

22-11-2024T02:57:56 - [TEST_STEP][PASSED] - n = n + 1: null

22-11-2024T02:57:56 - [TEST_STEP][PASSED] - saveWorkbook(excelFilePath, workbook01): null

22-11-2024T02:57:56 - [TEST_STEP][PASSED] - typeOfData = "Факт Отпуск из сети": null

22-11-2024T02:57:56 - [TEST_STEP][PASSED] - tabR = GetOiSFactR(x = a): null

22-11-2024T02:57:56 - [TEST_STEP][PASSED] - i1 = <not implemented yet for class: org.codehaus.groovy.ast.expr.EmptyExpression>: null

22-11-2024T02:57:56 - [TEST_STEP][PASSED] - ii = <not implemented yet for class: org.codehaus.groovy.ast.expr.EmptyExpression>: null

22-11-2024T02:57:56 - [TEST_STEP][PASSED] - for ([ii = 1, ii < 5, (ii++)]): null

22-11-2024T02:57:56 - [TEST_STEP][PASSED] - i1 = x.indexOf("/") + 1: null

22-11-2024T02:57:56 - [TEST_STEP][PASSED] - if (i1 > -1): null

22-11-2024T02:57:56 - [TEST_STEP][PASSED] - x = x.substring(i1, x.length()): null

22-11-2024T02:57:56 - [TEST_STEP][PASSED] - println(x): null

22-11-2024T02:57:56 - [TEST_STEP][PASSED] - i1 = x.indexOf("/") + 1: null

22-11-2024T02:57:56 - [TEST_STEP][PASSED] - if (i1 > -1): null

22-11-2024T02:57:56 - [TEST_STEP][PASSED] - x = x.substring(i1, x.length()): null

22-11-2024T02:57:56 - [TEST_STEP][PASSED] - println(x): null

22-11-2024T02:57:56 - [TEST_STEP][PASSED] - i1 = x.indexOf("/") + 1: null

22-11-2024T02:57:56 - [TEST_STEP][PASSED] - if (i1 > -1): null

22-11-2024T02:57:56 - [TEST_STEP][PASSED] - x = x.substring(i1, x.length()): null

22-11-2024T02:57:56 - [TEST_STEP][PASSED] - println(x): null

22-11-2024T02:57:56 - [TEST_STEP][PASSED] - i1 = x.indexOf("/") + 1: null

22-11-2024T02:57:56 - [TEST_STEP][PASSED] - if (i1 > -1): null

22-11-2024T02:57:56 - [TEST_STEP][PASSED] - x = x.substring(i1, x.length()): null

22-11-2024T02:57:56 - [TEST_STEP][PASSED] - println(x): null

22-11-2024T02:57:56 - [TEST_STEP][PASSED] - i1 = x.indexOf("/"): null

22-11-2024T02:57:56 - [TEST_STEP][PASSED] - if (i1 > -1): null

22-11-2024T02:57:56 - [TEST_STEP][PASSED] - x = x.substring(0, i1): null

22-11-2024T02:57:56 - [TEST_STEP][PASSED] - println(x): null

22-11-2024T02:57:56 - [TEST_STEP][PASSED] - return x: null

22-11-2024T02:57:56 - [TEST_STEP][PASSED] - tabB = GetOiSFactB(x = b): null

22-11-2024T02:57:56 - [TEST_STEP][PASSED] - i1 = <not implemented yet for class: org.codehaus.groovy.ast.expr.EmptyExpression>: null

22-11-2024T02:57:56 - [TEST_STEP][PASSED] - ii = <not implemented yet for class: org.codehaus.groovy.ast.expr.EmptyExpression>: null

22-11-2024T02:57:56 - [TEST_STEP][PASSED] - for ([ii = 1, ii < 5, (ii++)]): null

22-11-2024T02:57:56 - [TEST_STEP][PASSED] - i1 = x.indexOf("/") + 1: null

22-11-2024T02:57:56 - [TEST_STEP][PASSED] - if (i1 > -1): null

22-11-2024T02:57:56 - [TEST_STEP][PASSED] - x = x.substring(i1, x.length()): null

22-11-2024T02:57:56 - [TEST_STEP][PASSED] - println(x): null

22-11-2024T02:57:56 - [TEST_STEP][PASSED] - i1 = x.indexOf("/") + 1: null

22-11-2024T02:57:56 - [TEST_STEP][PASSED] - if (i1 > -1): null

22-11-2024T02:57:56 - [TEST_STEP][PASSED] - x = x.substring(i1, x.length()): null

22-11-2024T02:57:56 - [TEST_STEP][PASSED] - println(x): null

22-11-2024T02:57:56 - [TEST_STEP][PASSED] - i1 = x.indexOf("/") + 1: null

22-11-2024T02:57:56 - [TEST_STEP][PASSED] - if (i1 > -1): null

22-11-2024T02:57:56 - [TEST_STEP][PASSED] - x = x.substring(i1, x.length()): null

22-11-2024T02:57:56 - [TEST_STEP][PASSED] - println(x): null

22-11-2024T02:57:56 - [TEST_STEP][PASSED] - i1 = x.indexOf("/") + 1: null

22-11-2024T02:57:56 - [TEST_STEP][PASSED] - if (i1 > -1): null

22-11-2024T02:57:56 - [TEST_STEP][PASSED] - x = x.substring(i1, x.length()): null

22-11-2024T02:57:56 - [TEST_STEP][PASSED] - println(x): null

22-11-2024T02:57:56 - [TEST_STEP][PASSED] - i1 = x.indexOf("/"): null

22-11-2024T02:57:56 - [TEST_STEP][PASSED] - if (i1 > -1): null

22-11-2024T02:57:56 - [TEST_STEP][PASSED] - x = x.substring(0, i1): null

22-11-2024T02:57:56 - [TEST_STEP][PASSED] - println(x): null

22-11-2024T02:57:56 - [TEST_STEP][FAILED] - return x: null

22-11-2024T02:57:56 - [TEST_STEP][FAILED] - if (verifyEqual(tabR, tabB) == false): null

22-11-2024T02:57:56 - [MESSAGE][FAILED] - Unable to verify equal between actual object 'нет данных' and expected object '37749852' (Root cause: com.kms.katalon.core.exception.StepFailedException: Actual object 'нет данных' and expected object '37749852' are not equal
	at com.kms.katalon.core.keyword.builtin.VerifyEqualKeyword$_verifyEqual_closure1.doCall(VerifyEqualKeyword.groovy:58)
	at com.kms.katalon.core.keyword.builtin.VerifyEqualKeyword$_verifyEqual_closure1.call(VerifyEqualKeyword.groovy)
	at com.kms.katalon.core.keyword.internal.KeywordMain.runKeyword(KeywordMain.groovy:75)
	at com.kms.katalon.core.keyword.builtin.VerifyEqualKeyword.verifyEqual(VerifyEqualKeyword.groovy:63)
	at com.kms.katalon.core.keyword.builtin.VerifyEqualKeyword.execute(VerifyEqualKeyword.groovy:44)
	at com.kms.katalon.core.keyword.internal.KeywordExecutor.executeKeywordForPlatform(KeywordExecutor.groovy:74)
	at com.kms.katalon.core.keyword.BuiltinKeywords.verifyEqual(BuiltinKeywords.groovy:146)
	at jdk.internal.reflect.GeneratedMethodAccessor25.invoke(Unknown Source)
	at java.base/jdk.internal.reflect.DelegatingMethodAccessorImpl.invoke(DelegatingMethodAccessorImpl.java:43)
	at Выполнение бизнес-плана сверка дашбордов.CompareDZOData(Выполнение бизнес-плана сверка дашбордов:717)
	at Выполнение бизнес-плана сверка дашбордов.run(Выполнение бизнес-плана сверка дашбордов:598)
	at com.kms.katalon.core.main.ScriptEngine.run(ScriptEngine.java:194)
	at com.kms.katalon.core.main.ScriptEngine.runScriptAsRawText(ScriptEngine.java:119)
	at com.kms.katalon.core.main.TestCaseExecutor.runScript(TestCaseExecutor.java:448)
	at com.kms.katalon.core.main.TestCaseExecutor.doExecute(TestCaseExecutor.java:439)
	at com.kms.katalon.core.main.TestCaseExecutor.processExecutionPhase(TestCaseExecutor.java:418)
	at com.kms.katalon.core.main.TestCaseExecutor.accessMainPhase(TestCaseExecutor.java:410)
	at com.kms.katalon.core.main.TestCaseExecutor.execute(TestCaseExecutor.java:285)
	at com.kms.katalon.core.common.CommonExecutor.accessTestCaseMainPhase(CommonExecutor.java:65)
	at com.kms.katalon.core.main.TestSuiteExecutor.accessTestSuiteMainPhase(TestSuiteExecutor.java:150)
	at com.kms.katalon.core.main.TestSuiteExecutor.execute(TestSuiteExecutor.java:106)
	at com.kms.katalon.core.main.TestCaseMain.startTestSuite(TestCaseMain.java:180)
	at TempTestSuite1732232929817.run(TempTestSuite1732232929817.groovy:35)
	at java.base/jdk.internal.reflect.NativeMethodAccessorImpl.invoke0(Native Method)
	at java.base/jdk.internal.reflect.NativeMethodAccessorImpl.invoke(NativeMethodAccessorImpl.java:77)
	at java.base/jdk.internal.reflect.DelegatingMethodAccessorImpl.invoke(DelegatingMethodAccessorImpl.java:43)
)

22-11-2024T02:57:56 - [TEST_STEP][PASSED] - result = WriteToExcel(typeOfData, todaysDate, PercPlanR, PercPlanB, PercFactR, PercFactB, x, tabR, tabB, o1R, o1B, vidget): null

22-11-2024T02:57:56 - [TEST_STEP][PASSED] - iii = dZO.indexOf("/"): null

22-11-2024T02:57:56 - [TEST_STEP][PASSED] - println(iii): null

22-11-2024T02:57:56 - [TEST_STEP][PASSED] - dZO = dZO.substring(0, iii): null

22-11-2024T02:57:56 - [TEST_STEP][PASSED] - println(dZO): null

22-11-2024T02:57:56 - [TEST_STEP][PASSED] - println(PercPlanR): null

22-11-2024T02:57:56 - [TEST_STEP][PASSED] - println(PercPlanB): null

22-11-2024T02:57:56 - [TEST_STEP][PASSED] - println(PercFactR): null

22-11-2024T02:57:56 - [TEST_STEP][PASSED] - println(PercFactB): null

22-11-2024T02:57:56 - [TEST_STEP][PASSED] - println(tabR): null

22-11-2024T02:57:56 - [TEST_STEP][PASSED] - println(tabB): null

22-11-2024T02:57:56 - [TEST_STEP][PASSED] - println(o1R): null

22-11-2024T02:57:56 - [TEST_STEP][PASSED] - println(o1B): null

22-11-2024T02:57:56 - [TEST_STEP][PASSED] - PR = <not implemented yet for class: org.codehaus.groovy.ast.expr.EmptyExpression>: null

22-11-2024T02:57:56 - [TEST_STEP][PASSED] - FR = <not implemented yet for class: org.codehaus.groovy.ast.expr.EmptyExpression>: null

22-11-2024T02:57:56 - [TEST_STEP][PASSED] - PB = <not implemented yet for class: org.codehaus.groovy.ast.expr.EmptyExpression>: null

22-11-2024T02:57:56 - [TEST_STEP][PASSED] - FB = <not implemented yet for class: org.codehaus.groovy.ast.expr.EmptyExpression>: null

22-11-2024T02:57:56 - [TEST_STEP][PASSED] - TR = <not implemented yet for class: org.codehaus.groovy.ast.expr.EmptyExpression>: null

22-11-2024T02:57:56 - [TEST_STEP][PASSED] - TB = <not implemented yet for class: org.codehaus.groovy.ast.expr.EmptyExpression>: null

22-11-2024T02:57:56 - [TEST_STEP][PASSED] - sheetName = "Sheet1": null

22-11-2024T02:57:56 - [TEST_STEP][PASSED] - data = findTestData("PlanFact"): null

22-11-2024T02:57:56 - [TEST_STEP][PASSED] - n = data.getRowNumbers() + 1: null

22-11-2024T02:57:56 - [TEST_STEP][PASSED] - year = todaysDate.substring(todaysDate.length() - 4, todaysDate.length()): null

22-11-2024T02:57:56 - [TEST_STEP][PASSED] - y = year.toInteger(): null

22-11-2024T02:57:56 - [TEST_STEP][PASSED] - m = getText(findTestObject("Выполнение бизнес-плана/Выполнение бизнес-плана Балансы/Фильтр Дата")): Text of object 'Object Repository/Выполнение бизнес-плана/Выполнение бизнес-плана Балансы/Фильтр Дата' is: '1, 2, 3 кв. 2024 года'

22-11-2024T02:57:56 - [MESSAGE][PASSED] - Text of object 'Object Repository/Выполнение бизнес-плана/Выполнение бизнес-плана Балансы/Фильтр Дата' is: '1, 2, 3 кв. 2024 года'

22-11-2024T02:57:56 - [TEST_STEP][PASSED] - m = m.substring(0, m.indexOf("2024")): null

22-11-2024T02:57:56 - [TEST_STEP][PASSED] - m = m.trim(): null

22-11-2024T02:57:56 - [TEST_STEP][PASSED] - dashboardName = "Выполнение бизнес-плана": null

22-11-2024T02:57:56 - [TEST_STEP][PASSED] - workbook01 = getWorkbook(excelFilePath): null

22-11-2024T02:57:56 - [TEST_STEP][PASSED] - sheet01 = getExcelSheet(workbook01, sheetName): null

22-11-2024T02:57:56 - [TEST_STEP][PASSED] - setValueToCellByIndex(sheet01, n, 0, dashboardName): null

22-11-2024T02:57:56 - [TEST_STEP][PASSED] - setValueToCellByIndex(sheet01, n, 1, dZO): null

22-11-2024T02:57:56 - [TEST_STEP][PASSED] - setValueToCellByIndex(sheet01, n, 2, typeOfData): null

22-11-2024T02:57:56 - [TEST_STEP][PASSED] - setValueToCellByIndex(sheet01, n, 3, typeOfData): null

22-11-2024T02:57:56 - [TEST_STEP][PASSED] - if (typeOfData == "План"): null

22-11-2024T02:57:56 - [TEST_STEP][PASSED] - else if (typeOfData == "Факт"): null

22-11-2024T02:57:56 - [TEST_STEP][PASSED] - else if (vidget.contains("электроэнергии") == true): null

22-11-2024T02:57:56 - [TEST_STEP][PASSED] - if (tabR == null): null

22-11-2024T02:57:56 - [TEST_STEP][PASSED] - else: null

22-11-2024T02:57:56 - [TEST_STEP][PASSED] - if (tabR == "нет данных"): null

22-11-2024T02:57:56 - [TEST_STEP][PASSED] - setValueToCellByIndex(sheet01, n, 4, "нет данных"): null

22-11-2024T02:57:56 - [TEST_STEP][PASSED] - if (tabB == null): null

22-11-2024T02:57:56 - [TEST_STEP][PASSED] - else: null

22-11-2024T02:57:56 - [TEST_STEP][PASSED] - if (tabB == "нет данных"): null

22-11-2024T02:57:56 - [TEST_STEP][PASSED] - else: null

22-11-2024T02:57:56 - [TEST_STEP][PASSED] - TB = tabB.toInteger(): null

22-11-2024T02:57:56 - [TEST_STEP][PASSED] - setValueToCellByIndex(sheet01, n, 5, TB): null

22-11-2024T02:57:56 - [TEST_STEP][PASSED] - setValueToCellByIndex(sheet01, n, 6, m): null

22-11-2024T02:57:56 - [TEST_STEP][PASSED] - setValueToCellByIndex(sheet01, n, 7, y): null

22-11-2024T02:57:56 - [TEST_STEP][PASSED] - setValueToCellByIndex(sheet01, n, 8, todaysDate): null

22-11-2024T02:57:56 - [TEST_STEP][PASSED] - n = n + 1: null

22-11-2024T02:57:56 - [TEST_STEP][PASSED] - saveWorkbook(excelFilePath, workbook01): null

22-11-2024T02:57:57 - [TEST_STEP][PASSED] - typeOfData = "Факт Потери": null

22-11-2024T02:57:57 - [TEST_STEP][PASSED] - tabR = GetPFactR(x = a): null

22-11-2024T02:57:57 - [TEST_STEP][PASSED] - i1 = <not implemented yet for class: org.codehaus.groovy.ast.expr.EmptyExpression>: null

22-11-2024T02:57:57 - [TEST_STEP][PASSED] - ii = <not implemented yet for class: org.codehaus.groovy.ast.expr.EmptyExpression>: null

22-11-2024T02:57:57 - [TEST_STEP][PASSED] - for ([ii = 1, ii < 6, (ii++)]): null

22-11-2024T02:57:57 - [TEST_STEP][PASSED] - i1 = x.indexOf("/") + 1: null

22-11-2024T02:57:57 - [TEST_STEP][PASSED] - if (i1 > -1): null

22-11-2024T02:57:57 - [TEST_STEP][PASSED] - x = x.substring(i1, x.length()): null

22-11-2024T02:57:57 - [TEST_STEP][PASSED] - println(x): null

22-11-2024T02:57:57 - [TEST_STEP][PASSED] - i1 = x.indexOf("/") + 1: null

22-11-2024T02:57:57 - [TEST_STEP][PASSED] - if (i1 > -1): null

22-11-2024T02:57:57 - [TEST_STEP][PASSED] - x = x.substring(i1, x.length()): null

22-11-2024T02:57:57 - [TEST_STEP][PASSED] - println(x): null

22-11-2024T02:57:57 - [TEST_STEP][PASSED] - i1 = x.indexOf("/") + 1: null

22-11-2024T02:57:57 - [TEST_STEP][PASSED] - if (i1 > -1): null

22-11-2024T02:57:57 - [TEST_STEP][PASSED] - x = x.substring(i1, x.length()): null

22-11-2024T02:57:57 - [TEST_STEP][PASSED] - println(x): null

22-11-2024T02:57:57 - [TEST_STEP][PASSED] - i1 = x.indexOf("/") + 1: null

22-11-2024T02:57:57 - [TEST_STEP][PASSED] - if (i1 > -1): null

22-11-2024T02:57:57 - [TEST_STEP][PASSED] - x = x.substring(i1, x.length()): null

22-11-2024T02:57:57 - [TEST_STEP][PASSED] - println(x): null

22-11-2024T02:57:57 - [TEST_STEP][PASSED] - i1 = x.indexOf("/") + 1: null

22-11-2024T02:57:57 - [TEST_STEP][PASSED] - if (i1 > -1): null

22-11-2024T02:57:57 - [TEST_STEP][PASSED] - x = x.substring(i1, x.length()): null

22-11-2024T02:57:57 - [TEST_STEP][PASSED] - println(x): null

22-11-2024T02:57:57 - [TEST_STEP][PASSED] - i1 = x.indexOf("/"): null

22-11-2024T02:57:57 - [TEST_STEP][PASSED] - if (i1 > -1): null

22-11-2024T02:57:57 - [TEST_STEP][PASSED] - x = x.substring(0, i1): null

22-11-2024T02:57:57 - [TEST_STEP][PASSED] - println(x): null

22-11-2024T02:57:57 - [TEST_STEP][PASSED] - return x: null

22-11-2024T02:57:57 - [TEST_STEP][PASSED] - tabB = GetPFactB(x = b): null

22-11-2024T02:57:57 - [TEST_STEP][PASSED] - i1 = <not implemented yet for class: org.codehaus.groovy.ast.expr.EmptyExpression>: null

22-11-2024T02:57:57 - [TEST_STEP][PASSED] - ii = <not implemented yet for class: org.codehaus.groovy.ast.expr.EmptyExpression>: null

22-11-2024T02:57:57 - [TEST_STEP][PASSED] - for ([ii = 1, ii < 6, (ii++)]): null

22-11-2024T02:57:57 - [TEST_STEP][PASSED] - i1 = x.indexOf("/") + 1: null

22-11-2024T02:57:57 - [TEST_STEP][PASSED] - if (i1 > -1): null

22-11-2024T02:57:57 - [TEST_STEP][PASSED] - x = x.substring(i1, x.length()): null

22-11-2024T02:57:57 - [TEST_STEP][PASSED] - println(x): null

22-11-2024T02:57:57 - [TEST_STEP][PASSED] - i1 = x.indexOf("/") + 1: null

22-11-2024T02:57:57 - [TEST_STEP][PASSED] - if (i1 > -1): null

22-11-2024T02:57:57 - [TEST_STEP][PASSED] - x = x.substring(i1, x.length()): null

22-11-2024T02:57:57 - [TEST_STEP][PASSED] - println(x): null

22-11-2024T02:57:57 - [TEST_STEP][PASSED] - i1 = x.indexOf("/") + 1: null

22-11-2024T02:57:57 - [TEST_STEP][PASSED] - if (i1 > -1): null

22-11-2024T02:57:57 - [TEST_STEP][PASSED] - x = x.substring(i1, x.length()): null

22-11-2024T02:57:57 - [TEST_STEP][PASSED] - println(x): null

22-11-2024T02:57:57 - [TEST_STEP][PASSED] - i1 = x.indexOf("/") + 1: null

22-11-2024T02:57:57 - [TEST_STEP][PASSED] - if (i1 > -1): null

22-11-2024T02:57:57 - [TEST_STEP][PASSED] - x = x.substring(i1, x.length()): null

22-11-2024T02:57:57 - [TEST_STEP][PASSED] - println(x): null

22-11-2024T02:57:57 - [TEST_STEP][PASSED] - i1 = x.indexOf("/") + 1: null

22-11-2024T02:57:57 - [TEST_STEP][PASSED] - if (i1 > -1): null

22-11-2024T02:57:57 - [TEST_STEP][PASSED] - x = x.substring(i1, x.length()): null

22-11-2024T02:57:57 - [TEST_STEP][PASSED] - println(x): null

22-11-2024T02:57:57 - [TEST_STEP][PASSED] - i1 = x.indexOf("/"): null

22-11-2024T02:57:57 - [TEST_STEP][PASSED] - if (i1 > -1): null

22-11-2024T02:57:57 - [TEST_STEP][PASSED] - x = x.substring(0, i1): null

22-11-2024T02:57:57 - [TEST_STEP][PASSED] - println(x): null

22-11-2024T02:57:57 - [TEST_STEP][FAILED] - return x: null

22-11-2024T02:57:57 - [TEST_STEP][PASSED] - println(tabR + "/" + tabB): null

22-11-2024T02:57:57 - [TEST_STEP][FAILED] - if (verifyEqual(tabR, tabB) == false): null

22-11-2024T02:57:57 - [MESSAGE][FAILED] - Unable to verify equal between actual object 'нет данных' and expected object '1963642' (Root cause: com.kms.katalon.core.exception.StepFailedException: Actual object 'нет данных' and expected object '1963642' are not equal
	at com.kms.katalon.core.keyword.builtin.VerifyEqualKeyword$_verifyEqual_closure1.doCall(VerifyEqualKeyword.groovy:58)
	at com.kms.katalon.core.keyword.builtin.VerifyEqualKeyword$_verifyEqual_closure1.call(VerifyEqualKeyword.groovy)
	at com.kms.katalon.core.keyword.internal.KeywordMain.runKeyword(KeywordMain.groovy:75)
	at com.kms.katalon.core.keyword.builtin.VerifyEqualKeyword.verifyEqual(VerifyEqualKeyword.groovy:63)
	at com.kms.katalon.core.keyword.builtin.VerifyEqualKeyword.execute(VerifyEqualKeyword.groovy:44)
	at com.kms.katalon.core.keyword.internal.KeywordExecutor.executeKeywordForPlatform(KeywordExecutor.groovy:74)
	at com.kms.katalon.core.keyword.BuiltinKeywords.verifyEqual(BuiltinKeywords.groovy:146)
	at jdk.internal.reflect.GeneratedMethodAccessor25.invoke(Unknown Source)
	at java.base/jdk.internal.reflect.DelegatingMethodAccessorImpl.invoke(DelegatingMethodAccessorImpl.java:43)
	at Выполнение бизнес-плана сверка дашбордов.CompareDZOData(Выполнение бизнес-плана сверка дашбордов:730)
	at Выполнение бизнес-плана сверка дашбордов.run(Выполнение бизнес-плана сверка дашбордов:598)
	at com.kms.katalon.core.main.ScriptEngine.run(ScriptEngine.java:194)
	at com.kms.katalon.core.main.ScriptEngine.runScriptAsRawText(ScriptEngine.java:119)
	at com.kms.katalon.core.main.TestCaseExecutor.runScript(TestCaseExecutor.java:448)
	at com.kms.katalon.core.main.TestCaseExecutor.doExecute(TestCaseExecutor.java:439)
	at com.kms.katalon.core.main.TestCaseExecutor.processExecutionPhase(TestCaseExecutor.java:418)
	at com.kms.katalon.core.main.TestCaseExecutor.accessMainPhase(TestCaseExecutor.java:410)
	at com.kms.katalon.core.main.TestCaseExecutor.execute(TestCaseExecutor.java:285)
	at com.kms.katalon.core.common.CommonExecutor.accessTestCaseMainPhase(CommonExecutor.java:65)
	at com.kms.katalon.core.main.TestSuiteExecutor.accessTestSuiteMainPhase(TestSuiteExecutor.java:150)
	at com.kms.katalon.core.main.TestSuiteExecutor.execute(TestSuiteExecutor.java:106)
	at com.kms.katalon.core.main.TestCaseMain.startTestSuite(TestCaseMain.java:180)
	at TempTestSuite1732232929817.run(TempTestSuite1732232929817.groovy:35)
	at java.base/jdk.internal.reflect.NativeMethodAccessorImpl.invoke0(Native Method)
	at java.base/jdk.internal.reflect.NativeMethodAccessorImpl.invoke(NativeMethodAccessorImpl.java:77)
	at java.base/jdk.internal.reflect.DelegatingMethodAccessorImpl.invoke(DelegatingMethodAccessorImpl.java:43)
)

22-11-2024T02:57:57 - [TEST_STEP][PASSED] - result = WriteToExcel(typeOfData, todaysDate, PercPlanR, PercPlanB, PercFactR, PercFactB, x, tabR, tabB, o1R, o1B, vidget): null

22-11-2024T02:57:57 - [TEST_STEP][PASSED] - iii = dZO.indexOf("/"): null

22-11-2024T02:57:57 - [TEST_STEP][PASSED] - println(iii): null

22-11-2024T02:57:57 - [TEST_STEP][PASSED] - dZO = dZO.substring(0, iii): null

22-11-2024T02:57:57 - [TEST_STEP][PASSED] - println(dZO): null

22-11-2024T02:57:57 - [TEST_STEP][PASSED] - println(PercPlanR): null

22-11-2024T02:57:57 - [TEST_STEP][PASSED] - println(PercPlanB): null

22-11-2024T02:57:57 - [TEST_STEP][PASSED] - println(PercFactR): null

22-11-2024T02:57:57 - [TEST_STEP][PASSED] - println(PercFactB): null

22-11-2024T02:57:57 - [TEST_STEP][PASSED] - println(tabR): null

22-11-2024T02:57:57 - [TEST_STEP][PASSED] - println(tabB): null

22-11-2024T02:57:57 - [TEST_STEP][PASSED] - println(o1R): null

22-11-2024T02:57:57 - [TEST_STEP][PASSED] - println(o1B): null

22-11-2024T02:57:57 - [TEST_STEP][PASSED] - PR = <not implemented yet for class: org.codehaus.groovy.ast.expr.EmptyExpression>: null

22-11-2024T02:57:57 - [TEST_STEP][PASSED] - FR = <not implemented yet for class: org.codehaus.groovy.ast.expr.EmptyExpression>: null

22-11-2024T02:57:57 - [TEST_STEP][PASSED] - PB = <not implemented yet for class: org.codehaus.groovy.ast.expr.EmptyExpression>: null

22-11-2024T02:57:57 - [TEST_STEP][PASSED] - FB = <not implemented yet for class: org.codehaus.groovy.ast.expr.EmptyExpression>: null

22-11-2024T02:57:57 - [TEST_STEP][PASSED] - TR = <not implemented yet for class: org.codehaus.groovy.ast.expr.EmptyExpression>: null

22-11-2024T02:57:57 - [TEST_STEP][PASSED] - TB = <not implemented yet for class: org.codehaus.groovy.ast.expr.EmptyExpression>: null

22-11-2024T02:57:57 - [TEST_STEP][PASSED] - sheetName = "Sheet1": null

22-11-2024T02:57:57 - [TEST_STEP][PASSED] - data = findTestData("PlanFact"): null

22-11-2024T02:57:57 - [TEST_STEP][PASSED] - n = data.getRowNumbers() + 1: null

22-11-2024T02:57:57 - [TEST_STEP][PASSED] - year = todaysDate.substring(todaysDate.length() - 4, todaysDate.length()): null

22-11-2024T02:57:57 - [TEST_STEP][PASSED] - y = year.toInteger(): null

22-11-2024T02:57:57 - [TEST_STEP][PASSED] - m = getText(findTestObject("Выполнение бизнес-плана/Выполнение бизнес-плана Балансы/Фильтр Дата")): Text of object 'Object Repository/Выполнение бизнес-плана/Выполнение бизнес-плана Балансы/Фильтр Дата' is: '1, 2, 3 кв. 2024 года'

22-11-2024T02:57:57 - [MESSAGE][PASSED] - Text of object 'Object Repository/Выполнение бизнес-плана/Выполнение бизнес-плана Балансы/Фильтр Дата' is: '1, 2, 3 кв. 2024 года'

22-11-2024T02:57:57 - [TEST_STEP][PASSED] - m = m.substring(0, m.indexOf("2024")): null

22-11-2024T02:57:57 - [TEST_STEP][PASSED] - m = m.trim(): null

22-11-2024T02:57:57 - [TEST_STEP][PASSED] - dashboardName = "Выполнение бизнес-плана": null

22-11-2024T02:57:57 - [TEST_STEP][PASSED] - workbook01 = getWorkbook(excelFilePath): null

22-11-2024T02:57:57 - [TEST_STEP][PASSED] - sheet01 = getExcelSheet(workbook01, sheetName): null

22-11-2024T02:57:57 - [TEST_STEP][PASSED] - setValueToCellByIndex(sheet01, n, 0, dashboardName): null

22-11-2024T02:57:57 - [TEST_STEP][PASSED] - setValueToCellByIndex(sheet01, n, 1, dZO): null

22-11-2024T02:57:57 - [TEST_STEP][PASSED] - setValueToCellByIndex(sheet01, n, 2, typeOfData): null

22-11-2024T02:57:57 - [TEST_STEP][PASSED] - setValueToCellByIndex(sheet01, n, 3, typeOfData): null

22-11-2024T02:57:57 - [TEST_STEP][PASSED] - if (typeOfData == "План"): null

22-11-2024T02:57:57 - [TEST_STEP][PASSED] - else if (typeOfData == "Факт"): null

22-11-2024T02:57:57 - [TEST_STEP][PASSED] - else if (vidget.contains("электроэнергии") == true): null

22-11-2024T02:57:57 - [TEST_STEP][PASSED] - if (tabR == null): null

22-11-2024T02:57:57 - [TEST_STEP][PASSED] - else: null

22-11-2024T02:57:57 - [TEST_STEP][PASSED] - if (tabR == "нет данных"): null

22-11-2024T02:57:57 - [TEST_STEP][PASSED] - setValueToCellByIndex(sheet01, n, 4, "нет данных"): null

22-11-2024T02:57:57 - [TEST_STEP][PASSED] - if (tabB == null): null

22-11-2024T02:57:57 - [TEST_STEP][PASSED] - else: null

22-11-2024T02:57:57 - [TEST_STEP][PASSED] - if (tabB == "нет данных"): null

22-11-2024T02:57:57 - [TEST_STEP][PASSED] - else: null

22-11-2024T02:57:57 - [TEST_STEP][PASSED] - TB = tabB.toInteger(): null

22-11-2024T02:57:57 - [TEST_STEP][PASSED] - setValueToCellByIndex(sheet01, n, 5, TB): null

22-11-2024T02:57:57 - [TEST_STEP][PASSED] - setValueToCellByIndex(sheet01, n, 6, m): null

22-11-2024T02:57:57 - [TEST_STEP][PASSED] - setValueToCellByIndex(sheet01, n, 7, y): null

22-11-2024T02:57:57 - [TEST_STEP][PASSED] - setValueToCellByIndex(sheet01, n, 8, todaysDate): null

22-11-2024T02:57:57 - [TEST_STEP][PASSED] - n = n + 1: null

22-11-2024T02:57:57 - [TEST_STEP][PASSED] - saveWorkbook(excelFilePath, workbook01): null

22-11-2024T02:57:57 - [TEST_STEP][PASSED] - vidget = "Показатели баланса электроэнергии по ДЗО – План": null

22-11-2024T02:57:57 - [TEST_STEP][PASSED] - typeOfData = "План Отпуск в сеть": null

22-11-2024T02:57:57 - [TEST_STEP][PASSED] - tabR = GetOvSPlanR(x = a): null

22-11-2024T02:57:57 - [TEST_STEP][PASSED] - i1 = <not implemented yet for class: org.codehaus.groovy.ast.expr.EmptyExpression>: null

22-11-2024T02:57:57 - [TEST_STEP][PASSED] - ii = <not implemented yet for class: org.codehaus.groovy.ast.expr.EmptyExpression>: null

22-11-2024T02:57:57 - [TEST_STEP][PASSED] - for ([ii = 1, ii < 7, (ii++)]): null

22-11-2024T02:57:57 - [TEST_STEP][PASSED] - i1 = x.indexOf("/") + 1: null

22-11-2024T02:57:57 - [TEST_STEP][PASSED] - if (i1 > -1): null

22-11-2024T02:57:57 - [TEST_STEP][PASSED] - x = x.substring(i1, x.length()): null

22-11-2024T02:57:57 - [TEST_STEP][PASSED] - println(x): null

22-11-2024T02:57:57 - [TEST_STEP][PASSED] - i1 = x.indexOf("/") + 1: null

22-11-2024T02:57:57 - [TEST_STEP][PASSED] - if (i1 > -1): null

22-11-2024T02:57:57 - [TEST_STEP][PASSED] - x = x.substring(i1, x.length()): null

22-11-2024T02:57:57 - [TEST_STEP][PASSED] - println(x): null

22-11-2024T02:57:57 - [TEST_STEP][PASSED] - i1 = x.indexOf("/") + 1: null

22-11-2024T02:57:57 - [TEST_STEP][PASSED] - if (i1 > -1): null

22-11-2024T02:57:57 - [TEST_STEP][PASSED] - x = x.substring(i1, x.length()): null

22-11-2024T02:57:57 - [TEST_STEP][PASSED] - println(x): null

22-11-2024T02:57:57 - [TEST_STEP][PASSED] - i1 = x.indexOf("/") + 1: null

22-11-2024T02:57:57 - [TEST_STEP][PASSED] - if (i1 > -1): null

22-11-2024T02:57:57 - [TEST_STEP][PASSED] - x = x.substring(i1, x.length()): null

22-11-2024T02:57:57 - [TEST_STEP][PASSED] - println(x): null

22-11-2024T02:57:57 - [TEST_STEP][PASSED] - i1 = x.indexOf("/") + 1: null

22-11-2024T02:57:57 - [TEST_STEP][PASSED] - if (i1 > -1): null

22-11-2024T02:57:57 - [TEST_STEP][PASSED] - x = x.substring(i1, x.length()): null

22-11-2024T02:57:57 - [TEST_STEP][PASSED] - println(x): null

22-11-2024T02:57:57 - [TEST_STEP][PASSED] - i1 = x.indexOf("/") + 1: null

22-11-2024T02:57:57 - [TEST_STEP][PASSED] - if (i1 > -1): null

22-11-2024T02:57:57 - [TEST_STEP][PASSED] - x = x.substring(i1, x.length()): null

22-11-2024T02:57:57 - [TEST_STEP][PASSED] - println(x): null

22-11-2024T02:57:57 - [TEST_STEP][PASSED] - i1 = x.indexOf("/"): null

22-11-2024T02:57:57 - [TEST_STEP][PASSED] - if (i1 > -1): null

22-11-2024T02:57:57 - [TEST_STEP][PASSED] - x = x.substring(0, i1): null

22-11-2024T02:57:57 - [TEST_STEP][PASSED] - println(x): null

22-11-2024T02:57:57 - [TEST_STEP][PASSED] - return x: null

22-11-2024T02:57:57 - [TEST_STEP][PASSED] - tabB = GetOvSPlanB(x = b): null

22-11-2024T02:57:57 - [TEST_STEP][PASSED] - i1 = <not implemented yet for class: org.codehaus.groovy.ast.expr.EmptyExpression>: null

22-11-2024T02:57:57 - [TEST_STEP][PASSED] - ii = <not implemented yet for class: org.codehaus.groovy.ast.expr.EmptyExpression>: null

22-11-2024T02:57:57 - [TEST_STEP][PASSED] - for ([ii = 1, ii < 7, (ii++)]): null

22-11-2024T02:57:57 - [TEST_STEP][PASSED] - i1 = x.indexOf("/") + 1: null

22-11-2024T02:57:57 - [TEST_STEP][PASSED] - if (i1 > -1): null

22-11-2024T02:57:57 - [TEST_STEP][PASSED] - x = x.substring(i1, x.length()): null

22-11-2024T02:57:57 - [TEST_STEP][PASSED] - println(x): null

22-11-2024T02:57:57 - [TEST_STEP][PASSED] - i1 = x.indexOf("/") + 1: null

22-11-2024T02:57:57 - [TEST_STEP][PASSED] - if (i1 > -1): null

22-11-2024T02:57:57 - [TEST_STEP][PASSED] - x = x.substring(i1, x.length()): null

22-11-2024T02:57:57 - [TEST_STEP][PASSED] - println(x): null

22-11-2024T02:57:57 - [TEST_STEP][PASSED] - i1 = x.indexOf("/") + 1: null

22-11-2024T02:57:57 - [TEST_STEP][PASSED] - if (i1 > -1): null

22-11-2024T02:57:57 - [TEST_STEP][PASSED] - x = x.substring(i1, x.length()): null

22-11-2024T02:57:57 - [TEST_STEP][PASSED] - println(x): null

22-11-2024T02:57:57 - [TEST_STEP][PASSED] - i1 = x.indexOf("/") + 1: null

22-11-2024T02:57:57 - [TEST_STEP][PASSED] - if (i1 > -1): null

22-11-2024T02:57:57 - [TEST_STEP][PASSED] - x = x.substring(i1, x.length()): null

22-11-2024T02:57:57 - [TEST_STEP][PASSED] - println(x): null

22-11-2024T02:57:57 - [TEST_STEP][PASSED] - i1 = x.indexOf("/") + 1: null

22-11-2024T02:57:57 - [TEST_STEP][PASSED] - if (i1 > -1): null

22-11-2024T02:57:57 - [TEST_STEP][PASSED] - x = x.substring(i1, x.length()): null

22-11-2024T02:57:57 - [TEST_STEP][PASSED] - println(x): null

22-11-2024T02:57:57 - [TEST_STEP][PASSED] - i1 = x.indexOf("/") + 1: null

22-11-2024T02:57:57 - [TEST_STEP][PASSED] - if (i1 > -1): null

22-11-2024T02:57:57 - [TEST_STEP][PASSED] - x = x.substring(i1, x.length()): null

22-11-2024T02:57:57 - [TEST_STEP][PASSED] - println(x): null

22-11-2024T02:57:57 - [TEST_STEP][PASSED] - i1 = x.indexOf("/"): null

22-11-2024T02:57:57 - [TEST_STEP][PASSED] - if (i1 > -1): null

22-11-2024T02:57:57 - [TEST_STEP][PASSED] - x = x.substring(0, i1): null

22-11-2024T02:57:57 - [TEST_STEP][PASSED] - println(x): null

22-11-2024T02:57:57 - [TEST_STEP][FAILED] - return x: null

22-11-2024T02:57:57 - [TEST_STEP][PASSED] - println(tabR + "/" + tabB): null

22-11-2024T02:57:57 - [TEST_STEP][FAILED] - if (verifyEqual(PercFactR, PercFactB) == false): null

22-11-2024T02:57:57 - [MESSAGE][FAILED] - Unable to verify equal between actual object 'нет данных' and expected object '4.94' (Root cause: com.kms.katalon.core.exception.StepFailedException: Actual object 'нет данных' and expected object '4.94' are not equal
	at com.kms.katalon.core.keyword.builtin.VerifyEqualKeyword$_verifyEqual_closure1.doCall(VerifyEqualKeyword.groovy:58)
	at com.kms.katalon.core.keyword.builtin.VerifyEqualKeyword$_verifyEqual_closure1.call(VerifyEqualKeyword.groovy)
	at com.kms.katalon.core.keyword.internal.KeywordMain.runKeyword(KeywordMain.groovy:75)
	at com.kms.katalon.core.keyword.builtin.VerifyEqualKeyword.verifyEqual(VerifyEqualKeyword.groovy:63)
	at com.kms.katalon.core.keyword.builtin.VerifyEqualKeyword.execute(VerifyEqualKeyword.groovy:44)
	at com.kms.katalon.core.keyword.internal.KeywordExecutor.executeKeywordForPlatform(KeywordExecutor.groovy:74)
	at com.kms.katalon.core.keyword.BuiltinKeywords.verifyEqual(BuiltinKeywords.groovy:146)
	at jdk.internal.reflect.GeneratedMethodAccessor25.invoke(Unknown Source)
	at java.base/jdk.internal.reflect.DelegatingMethodAccessorImpl.invoke(DelegatingMethodAccessorImpl.java:43)
	at Выполнение бизнес-плана сверка дашбордов.CompareDZOData(Выполнение бизнес-плана сверка дашбордов:745)
	at Выполнение бизнес-плана сверка дашбордов.run(Выполнение бизнес-плана сверка дашбордов:598)
	at com.kms.katalon.core.main.ScriptEngine.run(ScriptEngine.java:194)
	at com.kms.katalon.core.main.ScriptEngine.runScriptAsRawText(ScriptEngine.java:119)
	at com.kms.katalon.core.main.TestCaseExecutor.runScript(TestCaseExecutor.java:448)
	at com.kms.katalon.core.main.TestCaseExecutor.doExecute(TestCaseExecutor.java:439)
	at com.kms.katalon.core.main.TestCaseExecutor.processExecutionPhase(TestCaseExecutor.java:418)
	at com.kms.katalon.core.main.TestCaseExecutor.accessMainPhase(TestCaseExecutor.java:410)
	at com.kms.katalon.core.main.TestCaseExecutor.execute(TestCaseExecutor.java:285)
	at com.kms.katalon.core.common.CommonExecutor.accessTestCaseMainPhase(CommonExecutor.java:65)
	at com.kms.katalon.core.main.TestSuiteExecutor.accessTestSuiteMainPhase(TestSuiteExecutor.java:150)
	at com.kms.katalon.core.main.TestSuiteExecutor.execute(TestSuiteExecutor.java:106)
	at com.kms.katalon.core.main.TestCaseMain.startTestSuite(TestCaseMain.java:180)
	at TempTestSuite1732232929817.run(TempTestSuite1732232929817.groovy:35)
	at java.base/jdk.internal.reflect.NativeMethodAccessorImpl.invoke0(Native Method)
	at java.base/jdk.internal.reflect.NativeMethodAccessorImpl.invoke(NativeMethodAccessorImpl.java:77)
	at java.base/jdk.internal.reflect.DelegatingMethodAccessorImpl.invoke(DelegatingMethodAccessorImpl.java:43)
)

22-11-2024T02:57:57 - [TEST_STEP][PASSED] - result = WriteToExcel(typeOfData, todaysDate, PercPlanR, PercPlanB, PercFactR, PercFactB, x, tabR, tabB, o1R, o1B, vidget): null

22-11-2024T02:57:57 - [TEST_STEP][PASSED] - iii = dZO.indexOf("/"): null

22-11-2024T02:57:57 - [TEST_STEP][PASSED] - println(iii): null

22-11-2024T02:57:57 - [TEST_STEP][PASSED] - dZO = dZO.substring(0, iii): null

22-11-2024T02:57:57 - [TEST_STEP][PASSED] - println(dZO): null

22-11-2024T02:57:57 - [TEST_STEP][PASSED] - println(PercPlanR): null

22-11-2024T02:57:57 - [TEST_STEP][PASSED] - println(PercPlanB): null

22-11-2024T02:57:57 - [TEST_STEP][PASSED] - println(PercFactR): null

22-11-2024T02:57:57 - [TEST_STEP][PASSED] - println(PercFactB): null

22-11-2024T02:57:57 - [TEST_STEP][PASSED] - println(tabR): null

22-11-2024T02:57:57 - [TEST_STEP][PASSED] - println(tabB): null

22-11-2024T02:57:57 - [TEST_STEP][PASSED] - println(o1R): null

22-11-2024T02:57:57 - [TEST_STEP][PASSED] - println(o1B): null

22-11-2024T02:57:57 - [TEST_STEP][PASSED] - PR = <not implemented yet for class: org.codehaus.groovy.ast.expr.EmptyExpression>: null

22-11-2024T02:57:57 - [TEST_STEP][PASSED] - FR = <not implemented yet for class: org.codehaus.groovy.ast.expr.EmptyExpression>: null

22-11-2024T02:57:57 - [TEST_STEP][PASSED] - PB = <not implemented yet for class: org.codehaus.groovy.ast.expr.EmptyExpression>: null

22-11-2024T02:57:57 - [TEST_STEP][PASSED] - FB = <not implemented yet for class: org.codehaus.groovy.ast.expr.EmptyExpression>: null

22-11-2024T02:57:57 - [TEST_STEP][PASSED] - TR = <not implemented yet for class: org.codehaus.groovy.ast.expr.EmptyExpression>: null

22-11-2024T02:57:57 - [TEST_STEP][PASSED] - TB = <not implemented yet for class: org.codehaus.groovy.ast.expr.EmptyExpression>: null

22-11-2024T02:57:57 - [TEST_STEP][PASSED] - sheetName = "Sheet1": null

22-11-2024T02:57:57 - [TEST_STEP][PASSED] - data = findTestData("PlanFact"): null

22-11-2024T02:57:57 - [TEST_STEP][PASSED] - n = data.getRowNumbers() + 1: null

22-11-2024T02:57:57 - [TEST_STEP][PASSED] - year = todaysDate.substring(todaysDate.length() - 4, todaysDate.length()): null

22-11-2024T02:57:57 - [TEST_STEP][PASSED] - y = year.toInteger(): null

22-11-2024T02:57:57 - [TEST_STEP][PASSED] - m = getText(findTestObject("Выполнение бизнес-плана/Выполнение бизнес-плана Балансы/Фильтр Дата")): Text of object 'Object Repository/Выполнение бизнес-плана/Выполнение бизнес-плана Балансы/Фильтр Дата' is: '1, 2, 3 кв. 2024 года'

22-11-2024T02:57:58 - [MESSAGE][PASSED] - Text of object 'Object Repository/Выполнение бизнес-плана/Выполнение бизнес-плана Балансы/Фильтр Дата' is: '1, 2, 3 кв. 2024 года'

22-11-2024T02:57:58 - [TEST_STEP][PASSED] - m = m.substring(0, m.indexOf("2024")): null

22-11-2024T02:57:58 - [TEST_STEP][PASSED] - m = m.trim(): null

22-11-2024T02:57:58 - [TEST_STEP][PASSED] - dashboardName = "Выполнение бизнес-плана": null

22-11-2024T02:57:58 - [TEST_STEP][PASSED] - workbook01 = getWorkbook(excelFilePath): null

22-11-2024T02:57:58 - [TEST_STEP][PASSED] - sheet01 = getExcelSheet(workbook01, sheetName): null

22-11-2024T02:57:58 - [TEST_STEP][PASSED] - setValueToCellByIndex(sheet01, n, 0, dashboardName): null

22-11-2024T02:57:58 - [TEST_STEP][PASSED] - setValueToCellByIndex(sheet01, n, 1, dZO): null

22-11-2024T02:57:58 - [TEST_STEP][PASSED] - setValueToCellByIndex(sheet01, n, 2, typeOfData): null

22-11-2024T02:57:58 - [TEST_STEP][PASSED] - setValueToCellByIndex(sheet01, n, 3, typeOfData): null

22-11-2024T02:57:58 - [TEST_STEP][PASSED] - if (typeOfData == "План"): null

22-11-2024T02:57:58 - [TEST_STEP][PASSED] - else if (typeOfData == "Факт"): null

22-11-2024T02:57:58 - [TEST_STEP][PASSED] - else if (vidget.contains("электроэнергии") == true): null

22-11-2024T02:57:58 - [TEST_STEP][PASSED] - if (tabR == null): null

22-11-2024T02:57:58 - [TEST_STEP][PASSED] - else: null

22-11-2024T02:57:58 - [TEST_STEP][PASSED] - if (tabR == "нет данных"): null

22-11-2024T02:57:58 - [TEST_STEP][PASSED] - setValueToCellByIndex(sheet01, n, 4, "нет данных"): null

22-11-2024T02:57:58 - [TEST_STEP][PASSED] - if (tabB == null): null

22-11-2024T02:57:58 - [TEST_STEP][PASSED] - else: null

22-11-2024T02:57:58 - [TEST_STEP][PASSED] - if (tabB == "нет данных"): null

22-11-2024T02:57:58 - [TEST_STEP][PASSED] - else: null

22-11-2024T02:57:58 - [TEST_STEP][PASSED] - TB = tabB.toInteger(): null

22-11-2024T02:57:58 - [TEST_STEP][PASSED] - setValueToCellByIndex(sheet01, n, 5, TB): null

22-11-2024T02:57:58 - [TEST_STEP][PASSED] - setValueToCellByIndex(sheet01, n, 6, m): null

22-11-2024T02:57:58 - [TEST_STEP][PASSED] - setValueToCellByIndex(sheet01, n, 7, y): null

22-11-2024T02:57:58 - [TEST_STEP][PASSED] - setValueToCellByIndex(sheet01, n, 8, todaysDate): null

22-11-2024T02:57:58 - [TEST_STEP][PASSED] - n = n + 1: null

22-11-2024T02:57:58 - [TEST_STEP][PASSED] - saveWorkbook(excelFilePath, workbook01): null

22-11-2024T02:57:58 - [TEST_STEP][PASSED] - typeOfData = "План Отпуск из сети": null

22-11-2024T02:57:58 - [TEST_STEP][PASSED] - tabR = GetOiSPlanR(x = a): null

22-11-2024T02:57:58 - [TEST_STEP][PASSED] - i1 = <not implemented yet for class: org.codehaus.groovy.ast.expr.EmptyExpression>: null

22-11-2024T02:57:58 - [TEST_STEP][PASSED] - ii = <not implemented yet for class: org.codehaus.groovy.ast.expr.EmptyExpression>: null

22-11-2024T02:57:58 - [TEST_STEP][PASSED] - for ([ii = 1, ii < 8, (ii++)]): null

22-11-2024T02:57:58 - [TEST_STEP][PASSED] - i1 = x.indexOf("/") + 1: null

22-11-2024T02:57:58 - [TEST_STEP][PASSED] - if (i1 > -1): null

22-11-2024T02:57:58 - [TEST_STEP][PASSED] - x = x.substring(i1, x.length()): null

22-11-2024T02:57:58 - [TEST_STEP][PASSED] - println(x): null

22-11-2024T02:57:58 - [TEST_STEP][PASSED] - i1 = x.indexOf("/") + 1: null

22-11-2024T02:57:58 - [TEST_STEP][PASSED] - if (i1 > -1): null

22-11-2024T02:57:58 - [TEST_STEP][PASSED] - x = x.substring(i1, x.length()): null

22-11-2024T02:57:58 - [TEST_STEP][PASSED] - println(x): null

22-11-2024T02:57:58 - [TEST_STEP][PASSED] - i1 = x.indexOf("/") + 1: null

22-11-2024T02:57:58 - [TEST_STEP][PASSED] - if (i1 > -1): null

22-11-2024T02:57:58 - [TEST_STEP][PASSED] - x = x.substring(i1, x.length()): null

22-11-2024T02:57:58 - [TEST_STEP][PASSED] - println(x): null

22-11-2024T02:57:58 - [TEST_STEP][PASSED] - i1 = x.indexOf("/") + 1: null

22-11-2024T02:57:58 - [TEST_STEP][PASSED] - if (i1 > -1): null

22-11-2024T02:57:58 - [TEST_STEP][PASSED] - x = x.substring(i1, x.length()): null

22-11-2024T02:57:58 - [TEST_STEP][PASSED] - println(x): null

22-11-2024T02:57:58 - [TEST_STEP][PASSED] - i1 = x.indexOf("/") + 1: null

22-11-2024T02:57:58 - [TEST_STEP][PASSED] - if (i1 > -1): null

22-11-2024T02:57:58 - [TEST_STEP][PASSED] - x = x.substring(i1, x.length()): null

22-11-2024T02:57:58 - [TEST_STEP][PASSED] - println(x): null

22-11-2024T02:57:58 - [TEST_STEP][PASSED] - i1 = x.indexOf("/") + 1: null

22-11-2024T02:57:58 - [TEST_STEP][PASSED] - if (i1 > -1): null

22-11-2024T02:57:58 - [TEST_STEP][PASSED] - x = x.substring(i1, x.length()): null

22-11-2024T02:57:58 - [TEST_STEP][PASSED] - println(x): null

22-11-2024T02:57:58 - [TEST_STEP][PASSED] - i1 = x.indexOf("/") + 1: null

22-11-2024T02:57:58 - [TEST_STEP][PASSED] - if (i1 > -1): null

22-11-2024T02:57:58 - [TEST_STEP][PASSED] - x = x.substring(i1, x.length()): null

22-11-2024T02:57:58 - [TEST_STEP][PASSED] - println(x): null

22-11-2024T02:57:58 - [TEST_STEP][PASSED] - i1 = x.indexOf("/"): null

22-11-2024T02:57:58 - [TEST_STEP][PASSED] - if (i1 > -1): null

22-11-2024T02:57:58 - [TEST_STEP][PASSED] - x = x.substring(0, i1): null

22-11-2024T02:57:58 - [TEST_STEP][PASSED] - println(x): null

22-11-2024T02:57:58 - [TEST_STEP][PASSED] - return x: null

22-11-2024T02:57:58 - [TEST_STEP][PASSED] - tabB = GetOiSPlanB(x = b): null

22-11-2024T02:57:58 - [TEST_STEP][PASSED] - i1 = <not implemented yet for class: org.codehaus.groovy.ast.expr.EmptyExpression>: null

22-11-2024T02:57:58 - [TEST_STEP][PASSED] - ii = <not implemented yet for class: org.codehaus.groovy.ast.expr.EmptyExpression>: null

22-11-2024T02:57:58 - [TEST_STEP][PASSED] - for ([ii = 1, ii < 8, (ii++)]): null

22-11-2024T02:57:58 - [TEST_STEP][PASSED] - i1 = x.indexOf("/") + 1: null

22-11-2024T02:57:58 - [TEST_STEP][PASSED] - if (i1 > -1): null

22-11-2024T02:57:58 - [TEST_STEP][PASSED] - x = x.substring(i1, x.length()): null

22-11-2024T02:57:58 - [TEST_STEP][PASSED] - println(x): null

22-11-2024T02:57:58 - [TEST_STEP][PASSED] - i1 = x.indexOf("/") + 1: null

22-11-2024T02:57:58 - [TEST_STEP][PASSED] - if (i1 > -1): null

22-11-2024T02:57:58 - [TEST_STEP][PASSED] - x = x.substring(i1, x.length()): null

22-11-2024T02:57:58 - [TEST_STEP][PASSED] - println(x): null

22-11-2024T02:57:58 - [TEST_STEP][PASSED] - i1 = x.indexOf("/") + 1: null

22-11-2024T02:57:58 - [TEST_STEP][PASSED] - if (i1 > -1): null

22-11-2024T02:57:58 - [TEST_STEP][PASSED] - x = x.substring(i1, x.length()): null

22-11-2024T02:57:58 - [TEST_STEP][PASSED] - println(x): null

22-11-2024T02:57:58 - [TEST_STEP][PASSED] - i1 = x.indexOf("/") + 1: null

22-11-2024T02:57:58 - [TEST_STEP][PASSED] - if (i1 > -1): null

22-11-2024T02:57:58 - [TEST_STEP][PASSED] - x = x.substring(i1, x.length()): null

22-11-2024T02:57:58 - [TEST_STEP][PASSED] - println(x): null

22-11-2024T02:57:58 - [TEST_STEP][PASSED] - i1 = x.indexOf("/") + 1: null

22-11-2024T02:57:58 - [TEST_STEP][PASSED] - if (i1 > -1): null

22-11-2024T02:57:58 - [TEST_STEP][PASSED] - x = x.substring(i1, x.length()): null

22-11-2024T02:57:58 - [TEST_STEP][PASSED] - println(x): null

22-11-2024T02:57:58 - [TEST_STEP][PASSED] - i1 = x.indexOf("/") + 1: null

22-11-2024T02:57:58 - [TEST_STEP][PASSED] - if (i1 > -1): null

22-11-2024T02:57:58 - [TEST_STEP][PASSED] - x = x.substring(i1, x.length()): null

22-11-2024T02:57:58 - [TEST_STEP][PASSED] - println(x): null

22-11-2024T02:57:58 - [TEST_STEP][PASSED] - i1 = x.indexOf("/") + 1: null

22-11-2024T02:57:58 - [TEST_STEP][PASSED] - if (i1 > -1): null

22-11-2024T02:57:58 - [TEST_STEP][PASSED] - x = x.substring(i1, x.length()): null

22-11-2024T02:57:58 - [TEST_STEP][PASSED] - println(x): null

22-11-2024T02:57:58 - [TEST_STEP][PASSED] - i1 = x.indexOf("/"): null

22-11-2024T02:57:58 - [TEST_STEP][PASSED] - if (i1 > -1): null

22-11-2024T02:57:58 - [TEST_STEP][PASSED] - x = x.substring(0, i1): null

22-11-2024T02:57:58 - [TEST_STEP][PASSED] - println(x): null

22-11-2024T02:57:58 - [TEST_STEP][FAILED] - return x: null

22-11-2024T02:57:58 - [TEST_STEP][PASSED] - println(tabR + "/" + tabB): null

22-11-2024T02:57:58 - [TEST_STEP][FAILED] - if (verifyEqual(PercFactR, PercFactB) == false): null

22-11-2024T02:57:58 - [MESSAGE][FAILED] - Unable to verify equal between actual object 'нет данных' and expected object '4.94' (Root cause: com.kms.katalon.core.exception.StepFailedException: Actual object 'нет данных' and expected object '4.94' are not equal
	at com.kms.katalon.core.keyword.builtin.VerifyEqualKeyword$_verifyEqual_closure1.doCall(VerifyEqualKeyword.groovy:58)
	at com.kms.katalon.core.keyword.builtin.VerifyEqualKeyword$_verifyEqual_closure1.call(VerifyEqualKeyword.groovy)
	at com.kms.katalon.core.keyword.internal.KeywordMain.runKeyword(KeywordMain.groovy:75)
	at com.kms.katalon.core.keyword.builtin.VerifyEqualKeyword.verifyEqual(VerifyEqualKeyword.groovy:63)
	at com.kms.katalon.core.keyword.builtin.VerifyEqualKeyword.execute(VerifyEqualKeyword.groovy:44)
	at com.kms.katalon.core.keyword.internal.KeywordExecutor.executeKeywordForPlatform(KeywordExecutor.groovy:74)
	at com.kms.katalon.core.keyword.BuiltinKeywords.verifyEqual(BuiltinKeywords.groovy:146)
	at jdk.internal.reflect.GeneratedMethodAccessor25.invoke(Unknown Source)
	at java.base/jdk.internal.reflect.DelegatingMethodAccessorImpl.invoke(DelegatingMethodAccessorImpl.java:43)
	at Выполнение бизнес-плана сверка дашбордов.CompareDZOData(Выполнение бизнес-плана сверка дашбордов:758)
	at Выполнение бизнес-плана сверка дашбордов.run(Выполнение бизнес-плана сверка дашбордов:598)
	at com.kms.katalon.core.main.ScriptEngine.run(ScriptEngine.java:194)
	at com.kms.katalon.core.main.ScriptEngine.runScriptAsRawText(ScriptEngine.java:119)
	at com.kms.katalon.core.main.TestCaseExecutor.runScript(TestCaseExecutor.java:448)
	at com.kms.katalon.core.main.TestCaseExecutor.doExecute(TestCaseExecutor.java:439)
	at com.kms.katalon.core.main.TestCaseExecutor.processExecutionPhase(TestCaseExecutor.java:418)
	at com.kms.katalon.core.main.TestCaseExecutor.accessMainPhase(TestCaseExecutor.java:410)
	at com.kms.katalon.core.main.TestCaseExecutor.execute(TestCaseExecutor.java:285)
	at com.kms.katalon.core.common.CommonExecutor.accessTestCaseMainPhase(CommonExecutor.java:65)
	at com.kms.katalon.core.main.TestSuiteExecutor.accessTestSuiteMainPhase(TestSuiteExecutor.java:150)
	at com.kms.katalon.core.main.TestSuiteExecutor.execute(TestSuiteExecutor.java:106)
	at com.kms.katalon.core.main.TestCaseMain.startTestSuite(TestCaseMain.java:180)
	at TempTestSuite1732232929817.run(TempTestSuite1732232929817.groovy:35)
	at java.base/jdk.internal.reflect.NativeMethodAccessorImpl.invoke0(Native Method)
	at java.base/jdk.internal.reflect.NativeMethodAccessorImpl.invoke(NativeMethodAccessorImpl.java:77)
	at java.base/jdk.internal.reflect.DelegatingMethodAccessorImpl.invoke(DelegatingMethodAccessorImpl.java:43)
)

22-11-2024T02:57:58 - [TEST_STEP][PASSED] - result = WriteToExcel(typeOfData, todaysDate, PercPlanR, PercPlanB, PercFactR, PercFactB, x, tabR, tabB, o1R, o1B, vidget): null

22-11-2024T02:57:58 - [TEST_STEP][PASSED] - iii = dZO.indexOf("/"): null

22-11-2024T02:57:58 - [TEST_STEP][PASSED] - println(iii): null

22-11-2024T02:57:58 - [TEST_STEP][PASSED] - dZO = dZO.substring(0, iii): null

22-11-2024T02:57:58 - [TEST_STEP][PASSED] - println(dZO): null

22-11-2024T02:57:58 - [TEST_STEP][PASSED] - println(PercPlanR): null

22-11-2024T02:57:58 - [TEST_STEP][PASSED] - println(PercPlanB): null

22-11-2024T02:57:58 - [TEST_STEP][PASSED] - println(PercFactR): null

22-11-2024T02:57:58 - [TEST_STEP][PASSED] - println(PercFactB): null

22-11-2024T02:57:58 - [TEST_STEP][PASSED] - println(tabR): null

22-11-2024T02:57:58 - [TEST_STEP][PASSED] - println(tabB): null

22-11-2024T02:57:58 - [TEST_STEP][PASSED] - println(o1R): null

22-11-2024T02:57:58 - [TEST_STEP][PASSED] - println(o1B): null

22-11-2024T02:57:58 - [TEST_STEP][PASSED] - PR = <not implemented yet for class: org.codehaus.groovy.ast.expr.EmptyExpression>: null

22-11-2024T02:57:58 - [TEST_STEP][PASSED] - FR = <not implemented yet for class: org.codehaus.groovy.ast.expr.EmptyExpression>: null

22-11-2024T02:57:58 - [TEST_STEP][PASSED] - PB = <not implemented yet for class: org.codehaus.groovy.ast.expr.EmptyExpression>: null

22-11-2024T02:57:58 - [TEST_STEP][PASSED] - FB = <not implemented yet for class: org.codehaus.groovy.ast.expr.EmptyExpression>: null

22-11-2024T02:57:58 - [TEST_STEP][PASSED] - TR = <not implemented yet for class: org.codehaus.groovy.ast.expr.EmptyExpression>: null

22-11-2024T02:57:58 - [TEST_STEP][PASSED] - TB = <not implemented yet for class: org.codehaus.groovy.ast.expr.EmptyExpression>: null

22-11-2024T02:57:58 - [TEST_STEP][PASSED] - sheetName = "Sheet1": null

22-11-2024T02:57:58 - [TEST_STEP][PASSED] - data = findTestData("PlanFact"): null

22-11-2024T02:57:58 - [TEST_STEP][PASSED] - n = data.getRowNumbers() + 1: null

22-11-2024T02:57:58 - [TEST_STEP][PASSED] - year = todaysDate.substring(todaysDate.length() - 4, todaysDate.length()): null

22-11-2024T02:57:58 - [TEST_STEP][PASSED] - y = year.toInteger(): null

22-11-2024T02:57:58 - [TEST_STEP][PASSED] - m = getText(findTestObject("Выполнение бизнес-плана/Выполнение бизнес-плана Балансы/Фильтр Дата")): Text of object 'Object Repository/Выполнение бизнес-плана/Выполнение бизнес-плана Балансы/Фильтр Дата' is: '1, 2, 3 кв. 2024 года'

22-11-2024T02:57:58 - [MESSAGE][PASSED] - Text of object 'Object Repository/Выполнение бизнес-плана/Выполнение бизнес-плана Балансы/Фильтр Дата' is: '1, 2, 3 кв. 2024 года'

22-11-2024T02:57:58 - [TEST_STEP][PASSED] - m = m.substring(0, m.indexOf("2024")): null

22-11-2024T02:57:58 - [TEST_STEP][PASSED] - m = m.trim(): null

22-11-2024T02:57:58 - [TEST_STEP][PASSED] - dashboardName = "Выполнение бизнес-плана": null

22-11-2024T02:57:58 - [TEST_STEP][PASSED] - workbook01 = getWorkbook(excelFilePath): null

22-11-2024T02:57:58 - [TEST_STEP][PASSED] - sheet01 = getExcelSheet(workbook01, sheetName): null

22-11-2024T02:57:58 - [TEST_STEP][PASSED] - setValueToCellByIndex(sheet01, n, 0, dashboardName): null

22-11-2024T02:57:58 - [TEST_STEP][PASSED] - setValueToCellByIndex(sheet01, n, 1, dZO): null

22-11-2024T02:57:58 - [TEST_STEP][PASSED] - setValueToCellByIndex(sheet01, n, 2, typeOfData): null

22-11-2024T02:57:58 - [TEST_STEP][PASSED] - setValueToCellByIndex(sheet01, n, 3, typeOfData): null

22-11-2024T02:57:58 - [TEST_STEP][PASSED] - if (typeOfData == "План"): null

22-11-2024T02:57:58 - [TEST_STEP][PASSED] - else if (typeOfData == "Факт"): null

22-11-2024T02:57:58 - [TEST_STEP][PASSED] - else if (vidget.contains("электроэнергии") == true): null

22-11-2024T02:57:58 - [TEST_STEP][PASSED] - if (tabR == null): null

22-11-2024T02:57:58 - [TEST_STEP][PASSED] - else: null

22-11-2024T02:57:58 - [TEST_STEP][PASSED] - if (tabR == "нет данных"): null

22-11-2024T02:57:58 - [TEST_STEP][PASSED] - setValueToCellByIndex(sheet01, n, 4, "нет данных"): null

22-11-2024T02:57:58 - [TEST_STEP][PASSED] - if (tabB == null): null

22-11-2024T02:57:58 - [TEST_STEP][PASSED] - else: null

22-11-2024T02:57:58 - [TEST_STEP][PASSED] - if (tabB == "нет данных"): null

22-11-2024T02:57:58 - [TEST_STEP][PASSED] - else: null

22-11-2024T02:57:58 - [TEST_STEP][PASSED] - TB = tabB.toInteger(): null

22-11-2024T02:57:58 - [TEST_STEP][PASSED] - setValueToCellByIndex(sheet01, n, 5, TB): null

22-11-2024T02:57:58 - [TEST_STEP][PASSED] - setValueToCellByIndex(sheet01, n, 6, m): null

22-11-2024T02:57:58 - [TEST_STEP][PASSED] - setValueToCellByIndex(sheet01, n, 7, y): null

22-11-2024T02:57:58 - [TEST_STEP][PASSED] - setValueToCellByIndex(sheet01, n, 8, todaysDate): null

22-11-2024T02:57:58 - [TEST_STEP][PASSED] - n = n + 1: null

22-11-2024T02:57:58 - [TEST_STEP][PASSED] - saveWorkbook(excelFilePath, workbook01): null

22-11-2024T02:57:58 - [TEST_STEP][PASSED] - typeOfData = "План Потери": null

22-11-2024T02:57:58 - [TEST_STEP][PASSED] - tabR = GetPPlanR(x = a): null

22-11-2024T02:57:58 - [TEST_STEP][PASSED] - i1 = <not implemented yet for class: org.codehaus.groovy.ast.expr.EmptyExpression>: null

22-11-2024T02:57:58 - [TEST_STEP][PASSED] - ii = <not implemented yet for class: org.codehaus.groovy.ast.expr.EmptyExpression>: null

22-11-2024T02:57:58 - [TEST_STEP][PASSED] - for ([ii = 1, ii < 9, (ii++)]): null

22-11-2024T02:57:58 - [TEST_STEP][PASSED] - i1 = x.indexOf("/") + 1: null

22-11-2024T02:57:58 - [TEST_STEP][PASSED] - if (i1 > -1): null

22-11-2024T02:57:58 - [TEST_STEP][PASSED] - x = x.substring(i1, x.length()): null

22-11-2024T02:57:58 - [TEST_STEP][PASSED] - println(x): null

22-11-2024T02:57:58 - [TEST_STEP][PASSED] - i1 = x.indexOf("/") + 1: null

22-11-2024T02:57:58 - [TEST_STEP][PASSED] - if (i1 > -1): null

22-11-2024T02:57:58 - [TEST_STEP][PASSED] - x = x.substring(i1, x.length()): null

22-11-2024T02:57:58 - [TEST_STEP][PASSED] - println(x): null

22-11-2024T02:57:58 - [TEST_STEP][PASSED] - i1 = x.indexOf("/") + 1: null

22-11-2024T02:57:58 - [TEST_STEP][PASSED] - if (i1 > -1): null

22-11-2024T02:57:58 - [TEST_STEP][PASSED] - x = x.substring(i1, x.length()): null

22-11-2024T02:57:58 - [TEST_STEP][PASSED] - println(x): null

22-11-2024T02:57:58 - [TEST_STEP][PASSED] - i1 = x.indexOf("/") + 1: null

22-11-2024T02:57:58 - [TEST_STEP][PASSED] - if (i1 > -1): null

22-11-2024T02:57:58 - [TEST_STEP][PASSED] - x = x.substring(i1, x.length()): null

22-11-2024T02:57:58 - [TEST_STEP][PASSED] - println(x): null

22-11-2024T02:57:58 - [TEST_STEP][PASSED] - i1 = x.indexOf("/") + 1: null

22-11-2024T02:57:58 - [TEST_STEP][PASSED] - if (i1 > -1): null

22-11-2024T02:57:58 - [TEST_STEP][PASSED] - x = x.substring(i1, x.length()): null

22-11-2024T02:57:58 - [TEST_STEP][PASSED] - println(x): null

22-11-2024T02:57:58 - [TEST_STEP][PASSED] - i1 = x.indexOf("/") + 1: null

22-11-2024T02:57:58 - [TEST_STEP][PASSED] - if (i1 > -1): null

22-11-2024T02:57:58 - [TEST_STEP][PASSED] - x = x.substring(i1, x.length()): null

22-11-2024T02:57:58 - [TEST_STEP][PASSED] - println(x): null

22-11-2024T02:57:58 - [TEST_STEP][PASSED] - i1 = x.indexOf("/") + 1: null

22-11-2024T02:57:58 - [TEST_STEP][PASSED] - if (i1 > -1): null

22-11-2024T02:57:58 - [TEST_STEP][PASSED] - x = x.substring(i1, x.length()): null

22-11-2024T02:57:58 - [TEST_STEP][PASSED] - println(x): null

22-11-2024T02:57:58 - [TEST_STEP][PASSED] - i1 = x.indexOf("/") + 1: null

22-11-2024T02:57:58 - [TEST_STEP][PASSED] - if (i1 > -1): null

22-11-2024T02:57:58 - [TEST_STEP][PASSED] - x = x.substring(i1, x.length()): null

22-11-2024T02:57:58 - [TEST_STEP][PASSED] - println(x): null

22-11-2024T02:57:58 - [TEST_STEP][PASSED] - i1 = x.indexOf("/"): null

22-11-2024T02:57:58 - [TEST_STEP][PASSED] - if (i1 > -1): null

22-11-2024T02:57:58 - [TEST_STEP][PASSED] - x = x.substring(0, i1): null

22-11-2024T02:57:58 - [TEST_STEP][PASSED] - println(x): null

22-11-2024T02:57:58 - [TEST_STEP][PASSED] - return x: null

22-11-2024T02:57:58 - [TEST_STEP][PASSED] - tabB = GetPPlanB(x = b): null

22-11-2024T02:57:58 - [TEST_STEP][PASSED] - i1 = <not implemented yet for class: org.codehaus.groovy.ast.expr.EmptyExpression>: null

22-11-2024T02:57:58 - [TEST_STEP][PASSED] - ii = <not implemented yet for class: org.codehaus.groovy.ast.expr.EmptyExpression>: null

22-11-2024T02:57:58 - [TEST_STEP][PASSED] - for ([ii = 1, ii < 9, (ii++)]): null

22-11-2024T02:57:58 - [TEST_STEP][PASSED] - i1 = x.indexOf("/") + 1: null

22-11-2024T02:57:58 - [TEST_STEP][PASSED] - if (i1 > -1): null

22-11-2024T02:57:58 - [TEST_STEP][PASSED] - x = x.substring(i1, x.length()): null

22-11-2024T02:57:58 - [TEST_STEP][PASSED] - println(x): null

22-11-2024T02:57:58 - [TEST_STEP][PASSED] - i1 = x.indexOf("/") + 1: null

22-11-2024T02:57:58 - [TEST_STEP][PASSED] - if (i1 > -1): null

22-11-2024T02:57:58 - [TEST_STEP][PASSED] - x = x.substring(i1, x.length()): null

22-11-2024T02:57:58 - [TEST_STEP][PASSED] - println(x): null

22-11-2024T02:57:58 - [TEST_STEP][PASSED] - i1 = x.indexOf("/") + 1: null

22-11-2024T02:57:58 - [TEST_STEP][PASSED] - if (i1 > -1): null

22-11-2024T02:57:58 - [TEST_STEP][PASSED] - x = x.substring(i1, x.length()): null

22-11-2024T02:57:58 - [TEST_STEP][PASSED] - println(x): null

22-11-2024T02:57:58 - [TEST_STEP][PASSED] - i1 = x.indexOf("/") + 1: null

22-11-2024T02:57:58 - [TEST_STEP][PASSED] - if (i1 > -1): null

22-11-2024T02:57:58 - [TEST_STEP][PASSED] - x = x.substring(i1, x.length()): null

22-11-2024T02:57:58 - [TEST_STEP][PASSED] - println(x): null

22-11-2024T02:57:58 - [TEST_STEP][PASSED] - i1 = x.indexOf("/") + 1: null

22-11-2024T02:57:58 - [TEST_STEP][PASSED] - if (i1 > -1): null

22-11-2024T02:57:58 - [TEST_STEP][PASSED] - x = x.substring(i1, x.length()): null

22-11-2024T02:57:58 - [TEST_STEP][PASSED] - println(x): null

22-11-2024T02:57:58 - [TEST_STEP][PASSED] - i1 = x.indexOf("/") + 1: null

22-11-2024T02:57:58 - [TEST_STEP][PASSED] - if (i1 > -1): null

22-11-2024T02:57:58 - [TEST_STEP][PASSED] - x = x.substring(i1, x.length()): null

22-11-2024T02:57:58 - [TEST_STEP][PASSED] - println(x): null

22-11-2024T02:57:58 - [TEST_STEP][PASSED] - i1 = x.indexOf("/") + 1: null

22-11-2024T02:57:58 - [TEST_STEP][PASSED] - if (i1 > -1): null

22-11-2024T02:57:58 - [TEST_STEP][PASSED] - x = x.substring(i1, x.length()): null

22-11-2024T02:57:58 - [TEST_STEP][PASSED] - println(x): null

22-11-2024T02:57:58 - [TEST_STEP][PASSED] - i1 = x.indexOf("/") + 1: null

22-11-2024T02:57:58 - [TEST_STEP][PASSED] - if (i1 > -1): null

22-11-2024T02:57:58 - [TEST_STEP][PASSED] - x = x.substring(i1, x.length()): null

22-11-2024T02:57:58 - [TEST_STEP][PASSED] - println(x): null

22-11-2024T02:57:58 - [TEST_STEP][PASSED] - i1 = x.indexOf("/"): null

22-11-2024T02:57:58 - [TEST_STEP][PASSED] - if (i1 > -1): null

22-11-2024T02:57:58 - [TEST_STEP][PASSED] - x = x.substring(0, i1): null

22-11-2024T02:57:58 - [TEST_STEP][PASSED] - println(x): null

22-11-2024T02:57:59 - [TEST_STEP][FAILED] - return x: null

22-11-2024T02:57:59 - [TEST_STEP][PASSED] - println(tabR + "/" + tabB): null

22-11-2024T02:57:59 - [TEST_STEP][FAILED] - if (verifyEqual(PercFactR, PercFactB) == false): null

22-11-2024T02:57:59 - [MESSAGE][FAILED] - Unable to verify equal between actual object 'нет данных' and expected object '4.94' (Root cause: com.kms.katalon.core.exception.StepFailedException: Actual object 'нет данных' and expected object '4.94' are not equal
	at com.kms.katalon.core.keyword.builtin.VerifyEqualKeyword$_verifyEqual_closure1.doCall(VerifyEqualKeyword.groovy:58)
	at com.kms.katalon.core.keyword.builtin.VerifyEqualKeyword$_verifyEqual_closure1.call(VerifyEqualKeyword.groovy)
	at com.kms.katalon.core.keyword.internal.KeywordMain.runKeyword(KeywordMain.groovy:75)
	at com.kms.katalon.core.keyword.builtin.VerifyEqualKeyword.verifyEqual(VerifyEqualKeyword.groovy:63)
	at com.kms.katalon.core.keyword.builtin.VerifyEqualKeyword.execute(VerifyEqualKeyword.groovy:44)
	at com.kms.katalon.core.keyword.internal.KeywordExecutor.executeKeywordForPlatform(KeywordExecutor.groovy:74)
	at com.kms.katalon.core.keyword.BuiltinKeywords.verifyEqual(BuiltinKeywords.groovy:146)
	at jdk.internal.reflect.GeneratedMethodAccessor25.invoke(Unknown Source)
	at java.base/jdk.internal.reflect.DelegatingMethodAccessorImpl.invoke(DelegatingMethodAccessorImpl.java:43)
	at Выполнение бизнес-плана сверка дашбордов.CompareDZOData(Выполнение бизнес-плана сверка дашбордов:771)
	at Выполнение бизнес-плана сверка дашбордов.run(Выполнение бизнес-плана сверка дашбордов:598)
	at com.kms.katalon.core.main.ScriptEngine.run(ScriptEngine.java:194)
	at com.kms.katalon.core.main.ScriptEngine.runScriptAsRawText(ScriptEngine.java:119)
	at com.kms.katalon.core.main.TestCaseExecutor.runScript(TestCaseExecutor.java:448)
	at com.kms.katalon.core.main.TestCaseExecutor.doExecute(TestCaseExecutor.java:439)
	at com.kms.katalon.core.main.TestCaseExecutor.processExecutionPhase(TestCaseExecutor.java:418)
	at com.kms.katalon.core.main.TestCaseExecutor.accessMainPhase(TestCaseExecutor.java:410)
	at com.kms.katalon.core.main.TestCaseExecutor.execute(TestCaseExecutor.java:285)
	at com.kms.katalon.core.common.CommonExecutor.accessTestCaseMainPhase(CommonExecutor.java:65)
	at com.kms.katalon.core.main.TestSuiteExecutor.accessTestSuiteMainPhase(TestSuiteExecutor.java:150)
	at com.kms.katalon.core.main.TestSuiteExecutor.execute(TestSuiteExecutor.java:106)
	at com.kms.katalon.core.main.TestCaseMain.startTestSuite(TestCaseMain.java:180)
	at TempTestSuite1732232929817.run(TempTestSuite1732232929817.groovy:35)
	at java.base/jdk.internal.reflect.NativeMethodAccessorImpl.invoke0(Native Method)
	at java.base/jdk.internal.reflect.NativeMethodAccessorImpl.invoke(NativeMethodAccessorImpl.java:77)
	at java.base/jdk.internal.reflect.DelegatingMethodAccessorImpl.invoke(DelegatingMethodAccessorImpl.java:43)
)

22-11-2024T02:57:59 - [TEST_STEP][PASSED] - result = WriteToExcel(typeOfData, todaysDate, PercPlanR, PercPlanB, PercFactR, PercFactB, x, tabR, tabB, o1R, o1B, vidget): null

22-11-2024T02:57:59 - [TEST_STEP][PASSED] - iii = dZO.indexOf("/"): null

22-11-2024T02:57:59 - [TEST_STEP][PASSED] - println(iii): null

22-11-2024T02:57:59 - [TEST_STEP][PASSED] - dZO = dZO.substring(0, iii): null

22-11-2024T02:57:59 - [TEST_STEP][PASSED] - println(dZO): null

22-11-2024T02:57:59 - [TEST_STEP][PASSED] - println(PercPlanR): null

22-11-2024T02:57:59 - [TEST_STEP][PASSED] - println(PercPlanB): null

22-11-2024T02:57:59 - [TEST_STEP][PASSED] - println(PercFactR): null

22-11-2024T02:57:59 - [TEST_STEP][PASSED] - println(PercFactB): null

22-11-2024T02:57:59 - [TEST_STEP][PASSED] - println(tabR): null

22-11-2024T02:57:59 - [TEST_STEP][PASSED] - println(tabB): null

22-11-2024T02:57:59 - [TEST_STEP][PASSED] - println(o1R): null

22-11-2024T02:57:59 - [TEST_STEP][PASSED] - println(o1B): null

22-11-2024T02:57:59 - [TEST_STEP][PASSED] - PR = <not implemented yet for class: org.codehaus.groovy.ast.expr.EmptyExpression>: null

22-11-2024T02:57:59 - [TEST_STEP][PASSED] - FR = <not implemented yet for class: org.codehaus.groovy.ast.expr.EmptyExpression>: null

22-11-2024T02:57:59 - [TEST_STEP][PASSED] - PB = <not implemented yet for class: org.codehaus.groovy.ast.expr.EmptyExpression>: null

22-11-2024T02:57:59 - [TEST_STEP][PASSED] - FB = <not implemented yet for class: org.codehaus.groovy.ast.expr.EmptyExpression>: null

22-11-2024T02:57:59 - [TEST_STEP][PASSED] - TR = <not implemented yet for class: org.codehaus.groovy.ast.expr.EmptyExpression>: null

22-11-2024T02:57:59 - [TEST_STEP][PASSED] - TB = <not implemented yet for class: org.codehaus.groovy.ast.expr.EmptyExpression>: null

22-11-2024T02:57:59 - [TEST_STEP][PASSED] - sheetName = "Sheet1": null

22-11-2024T02:57:59 - [TEST_STEP][PASSED] - data = findTestData("PlanFact"): null

22-11-2024T02:57:59 - [TEST_STEP][PASSED] - n = data.getRowNumbers() + 1: null

22-11-2024T02:57:59 - [TEST_STEP][PASSED] - year = todaysDate.substring(todaysDate.length() - 4, todaysDate.length()): null

22-11-2024T02:57:59 - [TEST_STEP][PASSED] - y = year.toInteger(): null

22-11-2024T02:57:59 - [TEST_STEP][PASSED] - m = getText(findTestObject("Выполнение бизнес-плана/Выполнение бизнес-плана Балансы/Фильтр Дата")): Text of object 'Object Repository/Выполнение бизнес-плана/Выполнение бизнес-плана Балансы/Фильтр Дата' is: '1, 2, 3 кв. 2024 года'

22-11-2024T02:57:59 - [MESSAGE][PASSED] - Text of object 'Object Repository/Выполнение бизнес-плана/Выполнение бизнес-плана Балансы/Фильтр Дата' is: '1, 2, 3 кв. 2024 года'

22-11-2024T02:57:59 - [TEST_STEP][PASSED] - m = m.substring(0, m.indexOf("2024")): null

22-11-2024T02:57:59 - [TEST_STEP][PASSED] - m = m.trim(): null

22-11-2024T02:57:59 - [TEST_STEP][PASSED] - dashboardName = "Выполнение бизнес-плана": null

22-11-2024T02:57:59 - [TEST_STEP][PASSED] - workbook01 = getWorkbook(excelFilePath): null

22-11-2024T02:57:59 - [TEST_STEP][PASSED] - sheet01 = getExcelSheet(workbook01, sheetName): null

22-11-2024T02:57:59 - [TEST_STEP][PASSED] - setValueToCellByIndex(sheet01, n, 0, dashboardName): null

22-11-2024T02:57:59 - [TEST_STEP][PASSED] - setValueToCellByIndex(sheet01, n, 1, dZO): null

22-11-2024T02:57:59 - [TEST_STEP][PASSED] - setValueToCellByIndex(sheet01, n, 2, typeOfData): null

22-11-2024T02:57:59 - [TEST_STEP][PASSED] - setValueToCellByIndex(sheet01, n, 3, typeOfData): null

22-11-2024T02:57:59 - [TEST_STEP][PASSED] - if (typeOfData == "План"): null

22-11-2024T02:57:59 - [TEST_STEP][PASSED] - else if (typeOfData == "Факт"): null

22-11-2024T02:57:59 - [TEST_STEP][PASSED] - else if (vidget.contains("электроэнергии") == true): null

22-11-2024T02:57:59 - [TEST_STEP][PASSED] - if (tabR == null): null

22-11-2024T02:57:59 - [TEST_STEP][PASSED] - else: null

22-11-2024T02:57:59 - [TEST_STEP][PASSED] - if (tabR == "нет данных"): null

22-11-2024T02:57:59 - [TEST_STEP][PASSED] - setValueToCellByIndex(sheet01, n, 4, "нет данных"): null

22-11-2024T02:57:59 - [TEST_STEP][PASSED] - if (tabB == null): null

22-11-2024T02:57:59 - [TEST_STEP][PASSED] - else: null

22-11-2024T02:57:59 - [TEST_STEP][PASSED] - if (tabB == "нет данных"): null

22-11-2024T02:57:59 - [TEST_STEP][PASSED] - else: null

22-11-2024T02:57:59 - [TEST_STEP][PASSED] - TB = tabB.toInteger(): null

22-11-2024T02:57:59 - [TEST_STEP][PASSED] - setValueToCellByIndex(sheet01, n, 5, TB): null

22-11-2024T02:57:59 - [TEST_STEP][PASSED] - setValueToCellByIndex(sheet01, n, 6, m): null

22-11-2024T02:57:59 - [TEST_STEP][PASSED] - setValueToCellByIndex(sheet01, n, 7, y): null

22-11-2024T02:57:59 - [TEST_STEP][PASSED] - setValueToCellByIndex(sheet01, n, 8, todaysDate): null

22-11-2024T02:57:59 - [TEST_STEP][PASSED] - n = n + 1: null

22-11-2024T02:57:59 - [TEST_STEP][PASSED] - saveWorkbook(excelFilePath, workbook01): null

22-11-2024T02:57:59 - [TEST_STEP][PASSED] - ii2 = a.indexOf("ПАО"): null

22-11-2024T02:57:59 - [TEST_STEP][PASSED] - if (ii2 == -1): null

22-11-2024T02:57:59 - [TEST_STEP][PASSED] - vidget = "Отклонения фактического уровня потерь от бизнес-плана": null

22-11-2024T02:57:59 - [TEST_STEP][PASSED] - typeOfData = "Коэффициент": null

22-11-2024T02:57:59 - [TEST_STEP][PASSED] - o1R = Geto1R(x = a): null

22-11-2024T02:57:59 - [TEST_STEP][PASSED] - i1 = <not implemented yet for class: org.codehaus.groovy.ast.expr.EmptyExpression>: null

22-11-2024T02:57:59 - [TEST_STEP][PASSED] - ii = <not implemented yet for class: org.codehaus.groovy.ast.expr.EmptyExpression>: null

22-11-2024T02:57:59 - [TEST_STEP][PASSED] - for ([ii = 1, ii < 10, (ii++)]): null

22-11-2024T02:57:59 - [TEST_STEP][PASSED] - i1 = x.indexOf("/") + 1: null

22-11-2024T02:57:59 - [TEST_STEP][PASSED] - if (i1 > -1): null

22-11-2024T02:57:59 - [TEST_STEP][PASSED] - x = x.substring(i1, x.length()): null

22-11-2024T02:57:59 - [TEST_STEP][PASSED] - i1 = x.indexOf("/") + 1: null

22-11-2024T02:57:59 - [TEST_STEP][PASSED] - if (i1 > -1): null

22-11-2024T02:57:59 - [TEST_STEP][PASSED] - x = x.substring(i1, x.length()): null

22-11-2024T02:57:59 - [TEST_STEP][PASSED] - i1 = x.indexOf("/") + 1: null

22-11-2024T02:57:59 - [TEST_STEP][PASSED] - if (i1 > -1): null

22-11-2024T02:57:59 - [TEST_STEP][PASSED] - x = x.substring(i1, x.length()): null

22-11-2024T02:57:59 - [TEST_STEP][PASSED] - i1 = x.indexOf("/") + 1: null

22-11-2024T02:57:59 - [TEST_STEP][PASSED] - if (i1 > -1): null

22-11-2024T02:57:59 - [TEST_STEP][PASSED] - x = x.substring(i1, x.length()): null

22-11-2024T02:57:59 - [TEST_STEP][PASSED] - i1 = x.indexOf("/") + 1: null

22-11-2024T02:57:59 - [TEST_STEP][PASSED] - if (i1 > -1): null

22-11-2024T02:57:59 - [TEST_STEP][PASSED] - x = x.substring(i1, x.length()): null

22-11-2024T02:57:59 - [TEST_STEP][PASSED] - i1 = x.indexOf("/") + 1: null

22-11-2024T02:57:59 - [TEST_STEP][PASSED] - if (i1 > -1): null

22-11-2024T02:57:59 - [TEST_STEP][PASSED] - x = x.substring(i1, x.length()): null

22-11-2024T02:57:59 - [TEST_STEP][PASSED] - i1 = x.indexOf("/") + 1: null

22-11-2024T02:57:59 - [TEST_STEP][PASSED] - if (i1 > -1): null

22-11-2024T02:57:59 - [TEST_STEP][PASSED] - x = x.substring(i1, x.length()): null

22-11-2024T02:57:59 - [TEST_STEP][PASSED] - i1 = x.indexOf("/") + 1: null

22-11-2024T02:57:59 - [TEST_STEP][PASSED] - if (i1 > -1): null

22-11-2024T02:57:59 - [TEST_STEP][PASSED] - x = x.substring(i1, x.length()): null

22-11-2024T02:57:59 - [TEST_STEP][PASSED] - i1 = x.indexOf("/") + 1: null

22-11-2024T02:57:59 - [TEST_STEP][PASSED] - if (i1 > -1): null

22-11-2024T02:57:59 - [TEST_STEP][PASSED] - x = x.substring(i1, x.length()): null

22-11-2024T02:57:59 - [TEST_STEP][PASSED] - i1 = x.indexOf("/"): null

22-11-2024T02:57:59 - [TEST_STEP][PASSED] - if (i1 > -1): null

22-11-2024T02:57:59 - [TEST_STEP][PASSED] - println(x): null

22-11-2024T02:57:59 - [TEST_STEP][PASSED] - return x: null

22-11-2024T02:57:59 - [TEST_STEP][PASSED] - o1B = Geto1B(x = b): null

22-11-2024T02:57:59 - [TEST_STEP][PASSED] - i1 = <not implemented yet for class: org.codehaus.groovy.ast.expr.EmptyExpression>: null

22-11-2024T02:57:59 - [TEST_STEP][PASSED] - ii = <not implemented yet for class: org.codehaus.groovy.ast.expr.EmptyExpression>: null

22-11-2024T02:57:59 - [TEST_STEP][PASSED] - for ([ii = 1, ii < 10, (ii++)]): null

22-11-2024T02:57:59 - [TEST_STEP][PASSED] - i1 = x.indexOf("/") + 1: null

22-11-2024T02:57:59 - [TEST_STEP][PASSED] - if (i1 > -1): null

22-11-2024T02:57:59 - [TEST_STEP][PASSED] - x = x.substring(i1, x.length()): null

22-11-2024T02:57:59 - [TEST_STEP][PASSED] - i1 = x.indexOf("/") + 1: null

22-11-2024T02:57:59 - [TEST_STEP][PASSED] - if (i1 > -1): null

22-11-2024T02:57:59 - [TEST_STEP][PASSED] - x = x.substring(i1, x.length()): null

22-11-2024T02:57:59 - [TEST_STEP][PASSED] - i1 = x.indexOf("/") + 1: null

22-11-2024T02:57:59 - [TEST_STEP][PASSED] - if (i1 > -1): null

22-11-2024T02:57:59 - [TEST_STEP][PASSED] - x = x.substring(i1, x.length()): null

22-11-2024T02:57:59 - [TEST_STEP][PASSED] - i1 = x.indexOf("/") + 1: null

22-11-2024T02:57:59 - [TEST_STEP][PASSED] - if (i1 > -1): null

22-11-2024T02:57:59 - [TEST_STEP][PASSED] - x = x.substring(i1, x.length()): null

22-11-2024T02:57:59 - [TEST_STEP][PASSED] - i1 = x.indexOf("/") + 1: null

22-11-2024T02:57:59 - [TEST_STEP][PASSED] - if (i1 > -1): null

22-11-2024T02:57:59 - [TEST_STEP][PASSED] - x = x.substring(i1, x.length()): null

22-11-2024T02:57:59 - [TEST_STEP][PASSED] - i1 = x.indexOf("/") + 1: null

22-11-2024T02:57:59 - [TEST_STEP][PASSED] - if (i1 > -1): null

22-11-2024T02:57:59 - [TEST_STEP][PASSED] - x = x.substring(i1, x.length()): null

22-11-2024T02:57:59 - [TEST_STEP][PASSED] - i1 = x.indexOf("/") + 1: null

22-11-2024T02:57:59 - [TEST_STEP][PASSED] - if (i1 > -1): null

22-11-2024T02:57:59 - [TEST_STEP][PASSED] - x = x.substring(i1, x.length()): null

22-11-2024T02:57:59 - [TEST_STEP][PASSED] - i1 = x.indexOf("/") + 1: null

22-11-2024T02:57:59 - [TEST_STEP][PASSED] - if (i1 > -1): null

22-11-2024T02:57:59 - [TEST_STEP][PASSED] - x = x.substring(i1, x.length()): null

22-11-2024T02:57:59 - [TEST_STEP][PASSED] - i1 = x.indexOf("/") + 1: null

22-11-2024T02:57:59 - [TEST_STEP][PASSED] - if (i1 > -1): null

22-11-2024T02:57:59 - [TEST_STEP][PASSED] - x = x.substring(i1, x.length()): null

22-11-2024T02:57:59 - [TEST_STEP][PASSED] - i1 = x.indexOf("/"): null

22-11-2024T02:57:59 - [TEST_STEP][PASSED] - if (i1 > -1): null

22-11-2024T02:57:59 - [TEST_STEP][PASSED] - println(x): null

22-11-2024T02:57:59 - [TEST_STEP][FAILED] - return x: null

22-11-2024T02:57:59 - [TEST_STEP][PASSED] - println(o1R + "/" + o1B): null

22-11-2024T02:57:59 - [TEST_STEP][FAILED] - if (verifyEqual(PercFactR, PercFactB) == false): null

22-11-2024T02:57:59 - [MESSAGE][FAILED] - Unable to verify equal between actual object 'нет данных' and expected object '4.94' (Root cause: com.kms.katalon.core.exception.StepFailedException: Actual object 'нет данных' and expected object '4.94' are not equal
	at com.kms.katalon.core.keyword.builtin.VerifyEqualKeyword$_verifyEqual_closure1.doCall(VerifyEqualKeyword.groovy:58)
	at com.kms.katalon.core.keyword.builtin.VerifyEqualKeyword$_verifyEqual_closure1.call(VerifyEqualKeyword.groovy)
	at com.kms.katalon.core.keyword.internal.KeywordMain.runKeyword(KeywordMain.groovy:75)
	at com.kms.katalon.core.keyword.builtin.VerifyEqualKeyword.verifyEqual(VerifyEqualKeyword.groovy:63)
	at com.kms.katalon.core.keyword.builtin.VerifyEqualKeyword.execute(VerifyEqualKeyword.groovy:44)
	at com.kms.katalon.core.keyword.internal.KeywordExecutor.executeKeywordForPlatform(KeywordExecutor.groovy:74)
	at com.kms.katalon.core.keyword.BuiltinKeywords.verifyEqual(BuiltinKeywords.groovy:146)
	at jdk.internal.reflect.GeneratedMethodAccessor25.invoke(Unknown Source)
	at java.base/jdk.internal.reflect.DelegatingMethodAccessorImpl.invoke(DelegatingMethodAccessorImpl.java:43)
	at Выполнение бизнес-плана сверка дашбордов.CompareDZOData(Выполнение бизнес-плана сверка дашбордов:789)
	at Выполнение бизнес-плана сверка дашбордов.run(Выполнение бизнес-плана сверка дашбордов:598)
	at com.kms.katalon.core.main.ScriptEngine.run(ScriptEngine.java:194)
	at com.kms.katalon.core.main.ScriptEngine.runScriptAsRawText(ScriptEngine.java:119)
	at com.kms.katalon.core.main.TestCaseExecutor.runScript(TestCaseExecutor.java:448)
	at com.kms.katalon.core.main.TestCaseExecutor.doExecute(TestCaseExecutor.java:439)
	at com.kms.katalon.core.main.TestCaseExecutor.processExecutionPhase(TestCaseExecutor.java:418)
	at com.kms.katalon.core.main.TestCaseExecutor.accessMainPhase(TestCaseExecutor.java:410)
	at com.kms.katalon.core.main.TestCaseExecutor.execute(TestCaseExecutor.java:285)
	at com.kms.katalon.core.common.CommonExecutor.accessTestCaseMainPhase(CommonExecutor.java:65)
	at com.kms.katalon.core.main.TestSuiteExecutor.accessTestSuiteMainPhase(TestSuiteExecutor.java:150)
	at com.kms.katalon.core.main.TestSuiteExecutor.execute(TestSuiteExecutor.java:106)
	at com.kms.katalon.core.main.TestCaseMain.startTestSuite(TestCaseMain.java:180)
	at TempTestSuite1732232929817.run(TempTestSuite1732232929817.groovy:35)
	at java.base/jdk.internal.reflect.NativeMethodAccessorImpl.invoke0(Native Method)
	at java.base/jdk.internal.reflect.NativeMethodAccessorImpl.invoke(NativeMethodAccessorImpl.java:77)
	at java.base/jdk.internal.reflect.DelegatingMethodAccessorImpl.invoke(DelegatingMethodAccessorImpl.java:43)
)

22-11-2024T02:57:59 - [TEST_STEP][PASSED] - result = WriteToExcel(typeOfData, todaysDate, PercPlanR, PercPlanB, PercFactR, PercFactB, x, tabR, tabB, o1R, o1B, vidget): null

22-11-2024T02:57:59 - [TEST_STEP][PASSED] - iii = dZO.indexOf("/"): null

22-11-2024T02:57:59 - [TEST_STEP][PASSED] - println(iii): null

22-11-2024T02:57:59 - [TEST_STEP][PASSED] - dZO = dZO.substring(0, iii): null

22-11-2024T02:57:59 - [TEST_STEP][PASSED] - println(dZO): null

22-11-2024T02:57:59 - [TEST_STEP][PASSED] - println(PercPlanR): null

22-11-2024T02:57:59 - [TEST_STEP][PASSED] - println(PercPlanB): null

22-11-2024T02:57:59 - [TEST_STEP][PASSED] - println(PercFactR): null

22-11-2024T02:57:59 - [TEST_STEP][PASSED] - println(PercFactB): null

22-11-2024T02:57:59 - [TEST_STEP][PASSED] - println(tabR): null

22-11-2024T02:57:59 - [TEST_STEP][PASSED] - println(tabB): null

22-11-2024T02:57:59 - [TEST_STEP][PASSED] - println(o1R): null

22-11-2024T02:57:59 - [TEST_STEP][PASSED] - println(o1B): null

22-11-2024T02:57:59 - [TEST_STEP][PASSED] - PR = <not implemented yet for class: org.codehaus.groovy.ast.expr.EmptyExpression>: null

22-11-2024T02:57:59 - [TEST_STEP][PASSED] - FR = <not implemented yet for class: org.codehaus.groovy.ast.expr.EmptyExpression>: null

22-11-2024T02:57:59 - [TEST_STEP][PASSED] - PB = <not implemented yet for class: org.codehaus.groovy.ast.expr.EmptyExpression>: null

22-11-2024T02:57:59 - [TEST_STEP][PASSED] - FB = <not implemented yet for class: org.codehaus.groovy.ast.expr.EmptyExpression>: null

22-11-2024T02:57:59 - [TEST_STEP][PASSED] - TR = <not implemented yet for class: org.codehaus.groovy.ast.expr.EmptyExpression>: null

22-11-2024T02:57:59 - [TEST_STEP][PASSED] - TB = <not implemented yet for class: org.codehaus.groovy.ast.expr.EmptyExpression>: null

22-11-2024T02:57:59 - [TEST_STEP][PASSED] - sheetName = "Sheet1": null

22-11-2024T02:57:59 - [TEST_STEP][PASSED] - data = findTestData("PlanFact"): null

22-11-2024T02:57:59 - [TEST_STEP][PASSED] - n = data.getRowNumbers() + 1: null

22-11-2024T02:57:59 - [TEST_STEP][PASSED] - year = todaysDate.substring(todaysDate.length() - 4, todaysDate.length()): null

22-11-2024T02:57:59 - [TEST_STEP][PASSED] - y = year.toInteger(): null

22-11-2024T02:57:59 - [TEST_STEP][PASSED] - m = getText(findTestObject("Выполнение бизнес-плана/Выполнение бизнес-плана Балансы/Фильтр Дата")): Text of object 'Object Repository/Выполнение бизнес-плана/Выполнение бизнес-плана Балансы/Фильтр Дата' is: '1, 2, 3 кв. 2024 года'

22-11-2024T02:58:00 - [MESSAGE][PASSED] - Text of object 'Object Repository/Выполнение бизнес-плана/Выполнение бизнес-плана Балансы/Фильтр Дата' is: '1, 2, 3 кв. 2024 года'

22-11-2024T02:58:00 - [TEST_STEP][PASSED] - m = m.substring(0, m.indexOf("2024")): null

22-11-2024T02:58:00 - [TEST_STEP][PASSED] - m = m.trim(): null

22-11-2024T02:58:00 - [TEST_STEP][PASSED] - dashboardName = "Выполнение бизнес-плана": null

22-11-2024T02:58:00 - [TEST_STEP][PASSED] - workbook01 = getWorkbook(excelFilePath): null

22-11-2024T02:58:00 - [TEST_STEP][PASSED] - sheet01 = getExcelSheet(workbook01, sheetName): null

22-11-2024T02:58:00 - [TEST_STEP][PASSED] - setValueToCellByIndex(sheet01, n, 0, dashboardName): null

22-11-2024T02:58:00 - [TEST_STEP][PASSED] - setValueToCellByIndex(sheet01, n, 1, dZO): null

22-11-2024T02:58:00 - [TEST_STEP][PASSED] - setValueToCellByIndex(sheet01, n, 2, typeOfData): null

22-11-2024T02:58:00 - [TEST_STEP][PASSED] - setValueToCellByIndex(sheet01, n, 3, typeOfData): null

22-11-2024T02:58:00 - [TEST_STEP][PASSED] - if (typeOfData == "План"): null

22-11-2024T02:58:00 - [TEST_STEP][PASSED] - else if (typeOfData == "Факт"): null

22-11-2024T02:58:00 - [TEST_STEP][PASSED] - else if (vidget.contains("электроэнергии") == true): null

22-11-2024T02:58:00 - [TEST_STEP][PASSED] - else: null

22-11-2024T02:58:00 - [TEST_STEP][PASSED] - if (o1R == null): null

22-11-2024T02:58:00 - [TEST_STEP][PASSED] - else: null

22-11-2024T02:58:00 - [TEST_STEP][PASSED] - if (o1R == "нет данных"): null

22-11-2024T02:58:00 - [TEST_STEP][PASSED] - setValueToCellByIndex(sheet01, n, 4, "нет данных"): null

22-11-2024T02:58:00 - [TEST_STEP][PASSED] - if (o1B == null): null

22-11-2024T02:58:00 - [TEST_STEP][PASSED] - else: null

22-11-2024T02:58:00 - [TEST_STEP][PASSED] - if (o1B == "нет данных"): null

22-11-2024T02:58:00 - [TEST_STEP][PASSED] - else: null

22-11-2024T02:58:00 - [TEST_STEP][PASSED] - FB = o1B.toDouble(): null

22-11-2024T02:58:00 - [TEST_STEP][PASSED] - setValueToCellByIndex(sheet01, n, 5, FB): null

22-11-2024T02:58:00 - [TEST_STEP][PASSED] - setValueToCellByIndex(sheet01, n, 6, m): null

22-11-2024T02:58:00 - [TEST_STEP][PASSED] - setValueToCellByIndex(sheet01, n, 7, y): null

22-11-2024T02:58:00 - [TEST_STEP][PASSED] - setValueToCellByIndex(sheet01, n, 8, todaysDate): null

22-11-2024T02:58:00 - [TEST_STEP][PASSED] - n = n + 1: null

22-11-2024T02:58:00 - [TEST_STEP][FAILED] - saveWorkbook(excelFilePath, workbook01): null

22-11-2024T02:58:00 - [TEST_STEP][FAILED] - if (verifyEqual(kR, kB) == false): null

22-11-2024T02:58:00 - [MESSAGE][FAILED] - Unable to verify equal between actual object 'Россети Кубань/нет данных/нет данных/нет данных/нет данных/нет данных/нет данных/нет данных/нет данных/нет данных' and expected object 'Россети Кубань/9.22/8.68/19209232/17541196/1668036/18442019/16742025/1699994/-0.53' (Root cause: com.kms.katalon.core.exception.StepFailedException: Actual object 'Россети Кубань/нет данных/нет данных/нет данных/нет данных/нет данных/нет данных/нет данных/нет данных/нет данных' and expected object 'Россети Кубань/9.22/8.68/19209232/17541196/1668036/18442019/16742025/1699994/-0.53' are not equal
	at com.kms.katalon.core.keyword.builtin.VerifyEqualKeyword$_verifyEqual_closure1.doCall(VerifyEqualKeyword.groovy:58)
	at com.kms.katalon.core.keyword.builtin.VerifyEqualKeyword$_verifyEqual_closure1.call(VerifyEqualKeyword.groovy)
	at com.kms.katalon.core.keyword.internal.KeywordMain.runKeyword(KeywordMain.groovy:75)
	at com.kms.katalon.core.keyword.builtin.VerifyEqualKeyword.verifyEqual(VerifyEqualKeyword.groovy:63)
	at com.kms.katalon.core.keyword.builtin.VerifyEqualKeyword.execute(VerifyEqualKeyword.groovy:44)
	at com.kms.katalon.core.keyword.internal.KeywordExecutor.executeKeywordForPlatform(KeywordExecutor.groovy:74)
	at com.kms.katalon.core.keyword.BuiltinKeywords.verifyEqual(BuiltinKeywords.groovy:146)
	at jdk.internal.reflect.GeneratedMethodAccessor25.invoke(Unknown Source)
	at java.base/jdk.internal.reflect.DelegatingMethodAccessorImpl.invoke(DelegatingMethodAccessorImpl.java:43)
	at Выполнение бизнес-плана сверка дашбордов.run(Выполнение бизнес-плана сверка дашбордов:602)
	at com.kms.katalon.core.main.ScriptEngine.run(ScriptEngine.java:194)
	at com.kms.katalon.core.main.ScriptEngine.runScriptAsRawText(ScriptEngine.java:119)
	at com.kms.katalon.core.main.TestCaseExecutor.runScript(TestCaseExecutor.java:448)
	at com.kms.katalon.core.main.TestCaseExecutor.doExecute(TestCaseExecutor.java:439)
	at com.kms.katalon.core.main.TestCaseExecutor.processExecutionPhase(TestCaseExecutor.java:418)
	at com.kms.katalon.core.main.TestCaseExecutor.accessMainPhase(TestCaseExecutor.java:410)
	at com.kms.katalon.core.main.TestCaseExecutor.execute(TestCaseExecutor.java:285)
	at com.kms.katalon.core.common.CommonExecutor.accessTestCaseMainPhase(CommonExecutor.java:65)
	at com.kms.katalon.core.main.TestSuiteExecutor.accessTestSuiteMainPhase(TestSuiteExecutor.java:150)
	at com.kms.katalon.core.main.TestSuiteExecutor.execute(TestSuiteExecutor.java:106)
	at com.kms.katalon.core.main.TestCaseMain.startTestSuite(TestCaseMain.java:180)
	at TempTestSuite1732232929817.run(TempTestSuite1732232929817.groovy:35)
	at java.base/jdk.internal.reflect.NativeMethodAccessorImpl.invoke0(Native Method)
	at java.base/jdk.internal.reflect.NativeMethodAccessorImpl.invoke(NativeMethodAccessorImpl.java:77)
	at java.base/jdk.internal.reflect.DelegatingMethodAccessorImpl.invoke(DelegatingMethodAccessorImpl.java:43)
)

22-11-2024T02:58:00 - [TEST_STEP][PASSED] - result = CompareDZOData(a = kR, b = kB, dZO, typeOfData, PercPlanR, PercPlanB, PercFactR, PercFactB, todaysDate, x, vidget, tabR, tabB, o1R, o1B): null

22-11-2024T02:58:00 - [TEST_STEP][PASSED] - ii2 = <not implemented yet for class: org.codehaus.groovy.ast.expr.EmptyExpression>: null

22-11-2024T02:58:00 - [TEST_STEP][FAILED] - if (verifyEqual(a, b) == false): null

22-11-2024T02:58:00 - [MESSAGE][FAILED] - Unable to verify equal between actual object 'Россети Кубань/нет данных/нет данных/нет данных/нет данных/нет данных/нет данных/нет данных/нет данных/нет данных' and expected object 'Россети Кубань/9.22/8.68/19209232/17541196/1668036/18442019/16742025/1699994/-0.53' (Root cause: com.kms.katalon.core.exception.StepFailedException: Actual object 'Россети Кубань/нет данных/нет данных/нет данных/нет данных/нет данных/нет данных/нет данных/нет данных/нет данных' and expected object 'Россети Кубань/9.22/8.68/19209232/17541196/1668036/18442019/16742025/1699994/-0.53' are not equal
	at com.kms.katalon.core.keyword.builtin.VerifyEqualKeyword$_verifyEqual_closure1.doCall(VerifyEqualKeyword.groovy:58)
	at com.kms.katalon.core.keyword.builtin.VerifyEqualKeyword$_verifyEqual_closure1.call(VerifyEqualKeyword.groovy)
	at com.kms.katalon.core.keyword.internal.KeywordMain.runKeyword(KeywordMain.groovy:75)
	at com.kms.katalon.core.keyword.builtin.VerifyEqualKeyword.verifyEqual(VerifyEqualKeyword.groovy:63)
	at com.kms.katalon.core.keyword.builtin.VerifyEqualKeyword.execute(VerifyEqualKeyword.groovy:44)
	at com.kms.katalon.core.keyword.internal.KeywordExecutor.executeKeywordForPlatform(KeywordExecutor.groovy:74)
	at com.kms.katalon.core.keyword.BuiltinKeywords.verifyEqual(BuiltinKeywords.groovy:146)
	at jdk.internal.reflect.GeneratedMethodAccessor25.invoke(Unknown Source)
	at java.base/jdk.internal.reflect.DelegatingMethodAccessorImpl.invoke(DelegatingMethodAccessorImpl.java:43)
	at Выполнение бизнес-плана сверка дашбордов.CompareDZOData(Выполнение бизнес-плана сверка дашбордов:673)
	at Выполнение бизнес-плана сверка дашбордов.run(Выполнение бизнес-плана сверка дашбордов:603)
	at com.kms.katalon.core.main.ScriptEngine.run(ScriptEngine.java:194)
	at com.kms.katalon.core.main.ScriptEngine.runScriptAsRawText(ScriptEngine.java:119)
	at com.kms.katalon.core.main.TestCaseExecutor.runScript(TestCaseExecutor.java:448)
	at com.kms.katalon.core.main.TestCaseExecutor.doExecute(TestCaseExecutor.java:439)
	at com.kms.katalon.core.main.TestCaseExecutor.processExecutionPhase(TestCaseExecutor.java:418)
	at com.kms.katalon.core.main.TestCaseExecutor.accessMainPhase(TestCaseExecutor.java:410)
	at com.kms.katalon.core.main.TestCaseExecutor.execute(TestCaseExecutor.java:285)
	at com.kms.katalon.core.common.CommonExecutor.accessTestCaseMainPhase(CommonExecutor.java:65)
	at com.kms.katalon.core.main.TestSuiteExecutor.accessTestSuiteMainPhase(TestSuiteExecutor.java:150)
	at com.kms.katalon.core.main.TestSuiteExecutor.execute(TestSuiteExecutor.java:106)
	at com.kms.katalon.core.main.TestCaseMain.startTestSuite(TestCaseMain.java:180)
	at TempTestSuite1732232929817.run(TempTestSuite1732232929817.groovy:35)
	at java.base/jdk.internal.reflect.NativeMethodAccessorImpl.invoke0(Native Method)
	at java.base/jdk.internal.reflect.NativeMethodAccessorImpl.invoke(NativeMethodAccessorImpl.java:77)
	at java.base/jdk.internal.reflect.DelegatingMethodAccessorImpl.invoke(DelegatingMethodAccessorImpl.java:43)
)

22-11-2024T02:58:00 - [TEST_STEP][PASSED] - vidget = "Уровень потерь электроэнергии": null

22-11-2024T02:58:00 - [TEST_STEP][PASSED] - typeOfData = "План": null

22-11-2024T02:58:00 - [TEST_STEP][PASSED] - PercPlanR = GetPercPlanR(x = a): null

22-11-2024T02:58:00 - [TEST_STEP][PASSED] - i1 = <not implemented yet for class: org.codehaus.groovy.ast.expr.EmptyExpression>: null

22-11-2024T02:58:00 - [TEST_STEP][PASSED] - i1 = x.indexOf("/") + 1: null

22-11-2024T02:58:00 - [TEST_STEP][PASSED] - if (i1 > -1): null

22-11-2024T02:58:00 - [TEST_STEP][PASSED] - x = x.substring(i1, x.length()): null

22-11-2024T02:58:00 - [TEST_STEP][PASSED] - i1 = x.indexOf("/"): null

22-11-2024T02:58:00 - [TEST_STEP][PASSED] - if (i1 > -1): null

22-11-2024T02:58:00 - [TEST_STEP][PASSED] - x = x.substring(0, i1): null

22-11-2024T02:58:00 - [TEST_STEP][PASSED] - return x: null

22-11-2024T02:58:00 - [TEST_STEP][PASSED] - PercPlanB = GetPercPlanB(x = b): null

22-11-2024T02:58:00 - [TEST_STEP][PASSED] - i1 = <not implemented yet for class: org.codehaus.groovy.ast.expr.EmptyExpression>: null

22-11-2024T02:58:00 - [TEST_STEP][PASSED] - i1 = x.indexOf("/") + 1: null

22-11-2024T02:58:00 - [TEST_STEP][PASSED] - if (i1 > -1): null

22-11-2024T02:58:00 - [TEST_STEP][PASSED] - x = x.substring(i1, x.length()): null

22-11-2024T02:58:00 - [TEST_STEP][PASSED] - i1 = x.indexOf("/"): null

22-11-2024T02:58:00 - [TEST_STEP][PASSED] - if (i1 > -1): null

22-11-2024T02:58:00 - [TEST_STEP][PASSED] - x = x.substring(0, i1): null

22-11-2024T02:58:00 - [TEST_STEP][FAILED] - return x: null

22-11-2024T02:58:00 - [TEST_STEP][FAILED] - if (verifyEqual(PercPlanR, PercPlanB) == false): null

22-11-2024T02:58:00 - [MESSAGE][FAILED] - Unable to verify equal between actual object 'нет данных' and expected object '9.22' (Root cause: com.kms.katalon.core.exception.StepFailedException: Actual object 'нет данных' and expected object '9.22' are not equal
	at com.kms.katalon.core.keyword.builtin.VerifyEqualKeyword$_verifyEqual_closure1.doCall(VerifyEqualKeyword.groovy:58)
	at com.kms.katalon.core.keyword.builtin.VerifyEqualKeyword$_verifyEqual_closure1.call(VerifyEqualKeyword.groovy)
	at com.kms.katalon.core.keyword.internal.KeywordMain.runKeyword(KeywordMain.groovy:75)
	at com.kms.katalon.core.keyword.builtin.VerifyEqualKeyword.verifyEqual(VerifyEqualKeyword.groovy:63)
	at com.kms.katalon.core.keyword.builtin.VerifyEqualKeyword.execute(VerifyEqualKeyword.groovy:44)
	at com.kms.katalon.core.keyword.internal.KeywordExecutor.executeKeywordForPlatform(KeywordExecutor.groovy:74)
	at com.kms.katalon.core.keyword.BuiltinKeywords.verifyEqual(BuiltinKeywords.groovy:146)
	at jdk.internal.reflect.GeneratedMethodAccessor25.invoke(Unknown Source)
	at java.base/jdk.internal.reflect.DelegatingMethodAccessorImpl.invoke(DelegatingMethodAccessorImpl.java:43)
	at Выполнение бизнес-плана сверка дашбордов.CompareDZOData(Выполнение бизнес-плана сверка дашбордов:682)
	at Выполнение бизнес-плана сверка дашбордов.run(Выполнение бизнес-плана сверка дашбордов:603)
	at com.kms.katalon.core.main.ScriptEngine.run(ScriptEngine.java:194)
	at com.kms.katalon.core.main.ScriptEngine.runScriptAsRawText(ScriptEngine.java:119)
	at com.kms.katalon.core.main.TestCaseExecutor.runScript(TestCaseExecutor.java:448)
	at com.kms.katalon.core.main.TestCaseExecutor.doExecute(TestCaseExecutor.java:439)
	at com.kms.katalon.core.main.TestCaseExecutor.processExecutionPhase(TestCaseExecutor.java:418)
	at com.kms.katalon.core.main.TestCaseExecutor.accessMainPhase(TestCaseExecutor.java:410)
	at com.kms.katalon.core.main.TestCaseExecutor.execute(TestCaseExecutor.java:285)
	at com.kms.katalon.core.common.CommonExecutor.accessTestCaseMainPhase(CommonExecutor.java:65)
	at com.kms.katalon.core.main.TestSuiteExecutor.accessTestSuiteMainPhase(TestSuiteExecutor.java:150)
	at com.kms.katalon.core.main.TestSuiteExecutor.execute(TestSuiteExecutor.java:106)
	at com.kms.katalon.core.main.TestCaseMain.startTestSuite(TestCaseMain.java:180)
	at TempTestSuite1732232929817.run(TempTestSuite1732232929817.groovy:35)
	at java.base/jdk.internal.reflect.NativeMethodAccessorImpl.invoke0(Native Method)
	at java.base/jdk.internal.reflect.NativeMethodAccessorImpl.invoke(NativeMethodAccessorImpl.java:77)
	at java.base/jdk.internal.reflect.DelegatingMethodAccessorImpl.invoke(DelegatingMethodAccessorImpl.java:43)
)

22-11-2024T02:58:00 - [TEST_STEP][PASSED] - result = WriteToExcel(typeOfData, todaysDate, PercPlanR, PercPlanB, PercFactR, PercFactB, x, tabR, tabB, o1R, o1B, vidget): null

22-11-2024T02:58:00 - [TEST_STEP][PASSED] - iii = dZO.indexOf("/"): null

22-11-2024T02:58:00 - [TEST_STEP][PASSED] - println(iii): null

22-11-2024T02:58:00 - [TEST_STEP][PASSED] - dZO = dZO.substring(0, iii): null

22-11-2024T02:58:00 - [TEST_STEP][PASSED] - println(dZO): null

22-11-2024T02:58:00 - [TEST_STEP][PASSED] - println(PercPlanR): null

22-11-2024T02:58:00 - [TEST_STEP][PASSED] - println(PercPlanB): null

22-11-2024T02:58:00 - [TEST_STEP][PASSED] - println(PercFactR): null

22-11-2024T02:58:00 - [TEST_STEP][PASSED] - println(PercFactB): null

22-11-2024T02:58:00 - [TEST_STEP][PASSED] - println(tabR): null

22-11-2024T02:58:00 - [TEST_STEP][PASSED] - println(tabB): null

22-11-2024T02:58:00 - [TEST_STEP][PASSED] - println(o1R): null

22-11-2024T02:58:00 - [TEST_STEP][PASSED] - println(o1B): null

22-11-2024T02:58:00 - [TEST_STEP][PASSED] - PR = <not implemented yet for class: org.codehaus.groovy.ast.expr.EmptyExpression>: null

22-11-2024T02:58:00 - [TEST_STEP][PASSED] - FR = <not implemented yet for class: org.codehaus.groovy.ast.expr.EmptyExpression>: null

22-11-2024T02:58:00 - [TEST_STEP][PASSED] - PB = <not implemented yet for class: org.codehaus.groovy.ast.expr.EmptyExpression>: null

22-11-2024T02:58:00 - [TEST_STEP][PASSED] - FB = <not implemented yet for class: org.codehaus.groovy.ast.expr.EmptyExpression>: null

22-11-2024T02:58:00 - [TEST_STEP][PASSED] - TR = <not implemented yet for class: org.codehaus.groovy.ast.expr.EmptyExpression>: null

22-11-2024T02:58:00 - [TEST_STEP][PASSED] - TB = <not implemented yet for class: org.codehaus.groovy.ast.expr.EmptyExpression>: null

22-11-2024T02:58:00 - [TEST_STEP][PASSED] - sheetName = "Sheet1": null

22-11-2024T02:58:00 - [TEST_STEP][PASSED] - data = findTestData("PlanFact"): null

22-11-2024T02:58:00 - [TEST_STEP][PASSED] - n = data.getRowNumbers() + 1: null

22-11-2024T02:58:00 - [TEST_STEP][PASSED] - year = todaysDate.substring(todaysDate.length() - 4, todaysDate.length()): null

22-11-2024T02:58:00 - [TEST_STEP][PASSED] - y = year.toInteger(): null

22-11-2024T02:58:00 - [TEST_STEP][PASSED] - m = getText(findTestObject("Выполнение бизнес-плана/Выполнение бизнес-плана Балансы/Фильтр Дата")): Text of object 'Object Repository/Выполнение бизнес-плана/Выполнение бизнес-плана Балансы/Фильтр Дата' is: '1, 2, 3 кв. 2024 года'

22-11-2024T02:58:00 - [MESSAGE][PASSED] - Text of object 'Object Repository/Выполнение бизнес-плана/Выполнение бизнес-плана Балансы/Фильтр Дата' is: '1, 2, 3 кв. 2024 года'

22-11-2024T02:58:00 - [TEST_STEP][PASSED] - m = m.substring(0, m.indexOf("2024")): null

22-11-2024T02:58:00 - [TEST_STEP][PASSED] - m = m.trim(): null

22-11-2024T02:58:00 - [TEST_STEP][PASSED] - dashboardName = "Выполнение бизнес-плана": null

22-11-2024T02:58:00 - [TEST_STEP][PASSED] - workbook01 = getWorkbook(excelFilePath): null

22-11-2024T02:58:00 - [TEST_STEP][PASSED] - sheet01 = getExcelSheet(workbook01, sheetName): null

22-11-2024T02:58:00 - [TEST_STEP][PASSED] - setValueToCellByIndex(sheet01, n, 0, dashboardName): null

22-11-2024T02:58:00 - [TEST_STEP][PASSED] - setValueToCellByIndex(sheet01, n, 1, dZO): null

22-11-2024T02:58:00 - [TEST_STEP][PASSED] - setValueToCellByIndex(sheet01, n, 2, typeOfData): null

22-11-2024T02:58:00 - [TEST_STEP][PASSED] - setValueToCellByIndex(sheet01, n, 3, typeOfData): null

22-11-2024T02:58:00 - [TEST_STEP][PASSED] - if (typeOfData == "План"): null

22-11-2024T02:58:00 - [TEST_STEP][PASSED] - if (PercPlanR == null): null

22-11-2024T02:58:00 - [TEST_STEP][PASSED] - else: null

22-11-2024T02:58:00 - [TEST_STEP][PASSED] - if (PercPlanR == "нет данных"): null

22-11-2024T02:58:00 - [TEST_STEP][PASSED] - setValueToCellByIndex(sheet01, n, 4, "нет данных"): null

22-11-2024T02:58:00 - [TEST_STEP][PASSED] - if (PercPlanB == null): null

22-11-2024T02:58:00 - [TEST_STEP][PASSED] - else: null

22-11-2024T02:58:00 - [TEST_STEP][PASSED] - if (PercPlanB == "нет данных"): null

22-11-2024T02:58:00 - [TEST_STEP][PASSED] - else: null

22-11-2024T02:58:00 - [TEST_STEP][PASSED] - PB = PercPlanB.toDouble(): null

22-11-2024T02:58:00 - [TEST_STEP][PASSED] - setValueToCellByIndex(sheet01, n, 5, PB): null

22-11-2024T02:58:00 - [TEST_STEP][PASSED] - setValueToCellByIndex(sheet01, n, 6, m): null

22-11-2024T02:58:00 - [TEST_STEP][PASSED] - setValueToCellByIndex(sheet01, n, 7, y): null

22-11-2024T02:58:00 - [TEST_STEP][PASSED] - setValueToCellByIndex(sheet01, n, 8, todaysDate): null

22-11-2024T02:58:00 - [TEST_STEP][PASSED] - n = n + 1: null

22-11-2024T02:58:00 - [TEST_STEP][PASSED] - saveWorkbook(excelFilePath, workbook01): null

22-11-2024T02:58:00 - [TEST_STEP][PASSED] - typeOfData = "Факт": null

22-11-2024T02:58:00 - [TEST_STEP][PASSED] - PercFactR = GetPercFactR(x = a): null

22-11-2024T02:58:00 - [TEST_STEP][PASSED] - i1 = <not implemented yet for class: org.codehaus.groovy.ast.expr.EmptyExpression>: null

22-11-2024T02:58:00 - [TEST_STEP][PASSED] - ii = <not implemented yet for class: org.codehaus.groovy.ast.expr.EmptyExpression>: null

22-11-2024T02:58:00 - [TEST_STEP][PASSED] - for ([ii = 1, ii < 3, (ii++)]): null

22-11-2024T02:58:00 - [TEST_STEP][PASSED] - i1 = x.indexOf("/") + 1: null

22-11-2024T02:58:00 - [TEST_STEP][PASSED] - if (i1 > -1): null

22-11-2024T02:58:00 - [TEST_STEP][PASSED] - x = x.substring(i1, x.length()): null

22-11-2024T02:58:00 - [TEST_STEP][PASSED] - println(x): null

22-11-2024T02:58:00 - [TEST_STEP][PASSED] - i1 = x.indexOf("/") + 1: null

22-11-2024T02:58:00 - [TEST_STEP][PASSED] - if (i1 > -1): null

22-11-2024T02:58:00 - [TEST_STEP][PASSED] - x = x.substring(i1, x.length()): null

22-11-2024T02:58:00 - [TEST_STEP][PASSED] - println(x): null

22-11-2024T02:58:00 - [TEST_STEP][PASSED] - i1 = x.indexOf("/"): null

22-11-2024T02:58:00 - [TEST_STEP][PASSED] - if (i1 > -1): null

22-11-2024T02:58:00 - [TEST_STEP][PASSED] - x = x.substring(0, i1): null

22-11-2024T02:58:00 - [TEST_STEP][PASSED] - println(x): null

22-11-2024T02:58:00 - [TEST_STEP][PASSED] - return x: null

22-11-2024T02:58:00 - [TEST_STEP][PASSED] - PercFactB = GetPercFactB(x = b): null

22-11-2024T02:58:00 - [TEST_STEP][PASSED] - i1 = <not implemented yet for class: org.codehaus.groovy.ast.expr.EmptyExpression>: null

22-11-2024T02:58:00 - [TEST_STEP][PASSED] - ii = <not implemented yet for class: org.codehaus.groovy.ast.expr.EmptyExpression>: null

22-11-2024T02:58:00 - [TEST_STEP][PASSED] - for ([ii = 1, ii < 3, (ii++)]): null

22-11-2024T02:58:00 - [TEST_STEP][PASSED] - i1 = x.indexOf("/") + 1: null

22-11-2024T02:58:00 - [TEST_STEP][PASSED] - if (i1 > -1): null

22-11-2024T02:58:00 - [TEST_STEP][PASSED] - x = x.substring(i1, x.length()): null

22-11-2024T02:58:00 - [TEST_STEP][PASSED] - println(x): null

22-11-2024T02:58:00 - [TEST_STEP][PASSED] - i1 = x.indexOf("/") + 1: null

22-11-2024T02:58:00 - [TEST_STEP][PASSED] - if (i1 > -1): null

22-11-2024T02:58:00 - [TEST_STEP][PASSED] - x = x.substring(i1, x.length()): null

22-11-2024T02:58:00 - [TEST_STEP][PASSED] - println(x): null

22-11-2024T02:58:00 - [TEST_STEP][PASSED] - i1 = x.indexOf("/"): null

22-11-2024T02:58:00 - [TEST_STEP][PASSED] - if (i1 > -1): null

22-11-2024T02:58:00 - [TEST_STEP][PASSED] - x = x.substring(0, i1): null

22-11-2024T02:58:00 - [TEST_STEP][PASSED] - println(x): null

22-11-2024T02:58:00 - [TEST_STEP][FAILED] - return x: null

22-11-2024T02:58:00 - [TEST_STEP][FAILED] - if (verifyEqual(PercFactR, PercFactB) == false): null

22-11-2024T02:58:00 - [MESSAGE][FAILED] - Unable to verify equal between actual object 'нет данных' and expected object '8.68' (Root cause: com.kms.katalon.core.exception.StepFailedException: Actual object 'нет данных' and expected object '8.68' are not equal
	at com.kms.katalon.core.keyword.builtin.VerifyEqualKeyword$_verifyEqual_closure1.doCall(VerifyEqualKeyword.groovy:58)
	at com.kms.katalon.core.keyword.builtin.VerifyEqualKeyword$_verifyEqual_closure1.call(VerifyEqualKeyword.groovy)
	at com.kms.katalon.core.keyword.internal.KeywordMain.runKeyword(KeywordMain.groovy:75)
	at com.kms.katalon.core.keyword.builtin.VerifyEqualKeyword.verifyEqual(VerifyEqualKeyword.groovy:63)
	at com.kms.katalon.core.keyword.builtin.VerifyEqualKeyword.execute(VerifyEqualKeyword.groovy:44)
	at com.kms.katalon.core.keyword.internal.KeywordExecutor.executeKeywordForPlatform(KeywordExecutor.groovy:74)
	at com.kms.katalon.core.keyword.BuiltinKeywords.verifyEqual(BuiltinKeywords.groovy:146)
	at jdk.internal.reflect.GeneratedMethodAccessor25.invoke(Unknown Source)
	at java.base/jdk.internal.reflect.DelegatingMethodAccessorImpl.invoke(DelegatingMethodAccessorImpl.java:43)
	at Выполнение бизнес-плана сверка дашбордов.CompareDZOData(Выполнение бизнес-плана сверка дашбордов:693)
	at Выполнение бизнес-плана сверка дашбордов.run(Выполнение бизнес-плана сверка дашбордов:603)
	at com.kms.katalon.core.main.ScriptEngine.run(ScriptEngine.java:194)
	at com.kms.katalon.core.main.ScriptEngine.runScriptAsRawText(ScriptEngine.java:119)
	at com.kms.katalon.core.main.TestCaseExecutor.runScript(TestCaseExecutor.java:448)
	at com.kms.katalon.core.main.TestCaseExecutor.doExecute(TestCaseExecutor.java:439)
	at com.kms.katalon.core.main.TestCaseExecutor.processExecutionPhase(TestCaseExecutor.java:418)
	at com.kms.katalon.core.main.TestCaseExecutor.accessMainPhase(TestCaseExecutor.java:410)
	at com.kms.katalon.core.main.TestCaseExecutor.execute(TestCaseExecutor.java:285)
	at com.kms.katalon.core.common.CommonExecutor.accessTestCaseMainPhase(CommonExecutor.java:65)
	at com.kms.katalon.core.main.TestSuiteExecutor.accessTestSuiteMainPhase(TestSuiteExecutor.java:150)
	at com.kms.katalon.core.main.TestSuiteExecutor.execute(TestSuiteExecutor.java:106)
	at com.kms.katalon.core.main.TestCaseMain.startTestSuite(TestCaseMain.java:180)
	at TempTestSuite1732232929817.run(TempTestSuite1732232929817.groovy:35)
	at java.base/jdk.internal.reflect.NativeMethodAccessorImpl.invoke0(Native Method)
	at java.base/jdk.internal.reflect.NativeMethodAccessorImpl.invoke(NativeMethodAccessorImpl.java:77)
	at java.base/jdk.internal.reflect.DelegatingMethodAccessorImpl.invoke(DelegatingMethodAccessorImpl.java:43)
)

22-11-2024T02:58:00 - [TEST_STEP][PASSED] - result = WriteToExcel(typeOfData, todaysDate, PercPlanR, PercPlanB, PercFactR, PercFactB, x, tabR, tabB, o1R, o1B, vidget): null

22-11-2024T02:58:00 - [TEST_STEP][PASSED] - iii = dZO.indexOf("/"): null

22-11-2024T02:58:00 - [TEST_STEP][PASSED] - println(iii): null

22-11-2024T02:58:00 - [TEST_STEP][PASSED] - dZO = dZO.substring(0, iii): null

22-11-2024T02:58:00 - [TEST_STEP][PASSED] - println(dZO): null

22-11-2024T02:58:00 - [TEST_STEP][PASSED] - println(PercPlanR): null

22-11-2024T02:58:00 - [TEST_STEP][PASSED] - println(PercPlanB): null

22-11-2024T02:58:00 - [TEST_STEP][PASSED] - println(PercFactR): null

22-11-2024T02:58:00 - [TEST_STEP][PASSED] - println(PercFactB): null

22-11-2024T02:58:00 - [TEST_STEP][PASSED] - println(tabR): null

22-11-2024T02:58:00 - [TEST_STEP][PASSED] - println(tabB): null

22-11-2024T02:58:00 - [TEST_STEP][PASSED] - println(o1R): null

22-11-2024T02:58:00 - [TEST_STEP][PASSED] - println(o1B): null

22-11-2024T02:58:00 - [TEST_STEP][PASSED] - PR = <not implemented yet for class: org.codehaus.groovy.ast.expr.EmptyExpression>: null

22-11-2024T02:58:00 - [TEST_STEP][PASSED] - FR = <not implemented yet for class: org.codehaus.groovy.ast.expr.EmptyExpression>: null

22-11-2024T02:58:00 - [TEST_STEP][PASSED] - PB = <not implemented yet for class: org.codehaus.groovy.ast.expr.EmptyExpression>: null

22-11-2024T02:58:00 - [TEST_STEP][PASSED] - FB = <not implemented yet for class: org.codehaus.groovy.ast.expr.EmptyExpression>: null

22-11-2024T02:58:00 - [TEST_STEP][PASSED] - TR = <not implemented yet for class: org.codehaus.groovy.ast.expr.EmptyExpression>: null

22-11-2024T02:58:00 - [TEST_STEP][PASSED] - TB = <not implemented yet for class: org.codehaus.groovy.ast.expr.EmptyExpression>: null

22-11-2024T02:58:00 - [TEST_STEP][PASSED] - sheetName = "Sheet1": null

22-11-2024T02:58:00 - [TEST_STEP][PASSED] - data = findTestData("PlanFact"): null

22-11-2024T02:58:01 - [TEST_STEP][PASSED] - n = data.getRowNumbers() + 1: null

22-11-2024T02:58:01 - [TEST_STEP][PASSED] - year = todaysDate.substring(todaysDate.length() - 4, todaysDate.length()): null

22-11-2024T02:58:01 - [TEST_STEP][PASSED] - y = year.toInteger(): null

22-11-2024T02:58:01 - [TEST_STEP][PASSED] - m = getText(findTestObject("Выполнение бизнес-плана/Выполнение бизнес-плана Балансы/Фильтр Дата")): Text of object 'Object Repository/Выполнение бизнес-плана/Выполнение бизнес-плана Балансы/Фильтр Дата' is: '1, 2, 3 кв. 2024 года'

22-11-2024T02:58:01 - [MESSAGE][PASSED] - Text of object 'Object Repository/Выполнение бизнес-плана/Выполнение бизнес-плана Балансы/Фильтр Дата' is: '1, 2, 3 кв. 2024 года'

22-11-2024T02:58:01 - [TEST_STEP][PASSED] - m = m.substring(0, m.indexOf("2024")): null

22-11-2024T02:58:01 - [TEST_STEP][PASSED] - m = m.trim(): null

22-11-2024T02:58:01 - [TEST_STEP][PASSED] - dashboardName = "Выполнение бизнес-плана": null

22-11-2024T02:58:01 - [TEST_STEP][PASSED] - workbook01 = getWorkbook(excelFilePath): null

22-11-2024T02:58:01 - [TEST_STEP][PASSED] - sheet01 = getExcelSheet(workbook01, sheetName): null

22-11-2024T02:58:01 - [TEST_STEP][PASSED] - setValueToCellByIndex(sheet01, n, 0, dashboardName): null

22-11-2024T02:58:01 - [TEST_STEP][PASSED] - setValueToCellByIndex(sheet01, n, 1, dZO): null

22-11-2024T02:58:01 - [TEST_STEP][PASSED] - setValueToCellByIndex(sheet01, n, 2, typeOfData): null

22-11-2024T02:58:01 - [TEST_STEP][PASSED] - setValueToCellByIndex(sheet01, n, 3, typeOfData): null

22-11-2024T02:58:01 - [TEST_STEP][PASSED] - if (typeOfData == "План"): null

22-11-2024T02:58:01 - [TEST_STEP][PASSED] - else if (typeOfData == "Факт"): null

22-11-2024T02:58:01 - [TEST_STEP][PASSED] - if (PercFactR == null): null

22-11-2024T02:58:01 - [TEST_STEP][PASSED] - else: null

22-11-2024T02:58:01 - [TEST_STEP][PASSED] - if (PercFactR == "нет данных"): null

22-11-2024T02:58:01 - [TEST_STEP][PASSED] - setValueToCellByIndex(sheet01, n, 4, "нет данных"): null

22-11-2024T02:58:01 - [TEST_STEP][PASSED] - if (PercFactB == null): null

22-11-2024T02:58:01 - [TEST_STEP][PASSED] - else: null

22-11-2024T02:58:01 - [TEST_STEP][PASSED] - if (PercFactB == "нет данных"): null

22-11-2024T02:58:01 - [TEST_STEP][PASSED] - else: null

22-11-2024T02:58:01 - [TEST_STEP][PASSED] - FB = PercFactB.toDouble(): null

22-11-2024T02:58:01 - [TEST_STEP][PASSED] - setValueToCellByIndex(sheet01, n, 5, FB): null

22-11-2024T02:58:01 - [TEST_STEP][PASSED] - setValueToCellByIndex(sheet01, n, 6, m): null

22-11-2024T02:58:01 - [TEST_STEP][PASSED] - setValueToCellByIndex(sheet01, n, 7, y): null

22-11-2024T02:58:01 - [TEST_STEP][PASSED] - setValueToCellByIndex(sheet01, n, 8, todaysDate): null

22-11-2024T02:58:01 - [TEST_STEP][PASSED] - n = n + 1: null

22-11-2024T02:58:01 - [TEST_STEP][PASSED] - saveWorkbook(excelFilePath, workbook01): null

22-11-2024T02:58:01 - [TEST_STEP][PASSED] - vidget = "Показатели баланса электроэнергии по ДЗО – Факт": null

22-11-2024T02:58:01 - [TEST_STEP][PASSED] - typeOfData = "Факт Отпуск в сеть": null

22-11-2024T02:58:01 - [TEST_STEP][PASSED] - tabR = GetOvSFactR(x = a): null

22-11-2024T02:58:01 - [TEST_STEP][PASSED] - i1 = <not implemented yet for class: org.codehaus.groovy.ast.expr.EmptyExpression>: null

22-11-2024T02:58:01 - [TEST_STEP][PASSED] - ii = <not implemented yet for class: org.codehaus.groovy.ast.expr.EmptyExpression>: null

22-11-2024T02:58:01 - [TEST_STEP][PASSED] - for ([ii = 1, ii < 4, (ii++)]): null

22-11-2024T02:58:01 - [TEST_STEP][PASSED] - i1 = x.indexOf("/") + 1: null

22-11-2024T02:58:01 - [TEST_STEP][PASSED] - if (i1 > -1): null

22-11-2024T02:58:01 - [TEST_STEP][PASSED] - x = x.substring(i1, x.length()): null

22-11-2024T02:58:01 - [TEST_STEP][PASSED] - println(x): null

22-11-2024T02:58:01 - [TEST_STEP][PASSED] - i1 = x.indexOf("/") + 1: null

22-11-2024T02:58:01 - [TEST_STEP][PASSED] - if (i1 > -1): null

22-11-2024T02:58:01 - [TEST_STEP][PASSED] - x = x.substring(i1, x.length()): null

22-11-2024T02:58:01 - [TEST_STEP][PASSED] - println(x): null

22-11-2024T02:58:01 - [TEST_STEP][PASSED] - i1 = x.indexOf("/") + 1: null

22-11-2024T02:58:01 - [TEST_STEP][PASSED] - if (i1 > -1): null

22-11-2024T02:58:01 - [TEST_STEP][PASSED] - x = x.substring(i1, x.length()): null

22-11-2024T02:58:01 - [TEST_STEP][PASSED] - println(x): null

22-11-2024T02:58:01 - [TEST_STEP][PASSED] - i1 = x.indexOf("/"): null

22-11-2024T02:58:01 - [TEST_STEP][PASSED] - if (i1 > -1): null

22-11-2024T02:58:01 - [TEST_STEP][PASSED] - x = x.substring(0, i1): null

22-11-2024T02:58:01 - [TEST_STEP][PASSED] - println(x): null

22-11-2024T02:58:01 - [TEST_STEP][PASSED] - return x: null

22-11-2024T02:58:01 - [TEST_STEP][PASSED] - tabB = GetOvSFactB(x = b): null

22-11-2024T02:58:01 - [TEST_STEP][PASSED] - i1 = <not implemented yet for class: org.codehaus.groovy.ast.expr.EmptyExpression>: null

22-11-2024T02:58:01 - [TEST_STEP][PASSED] - ii = <not implemented yet for class: org.codehaus.groovy.ast.expr.EmptyExpression>: null

22-11-2024T02:58:01 - [TEST_STEP][PASSED] - for ([ii = 1, ii < 4, (ii++)]): null

22-11-2024T02:58:01 - [TEST_STEP][PASSED] - i1 = x.indexOf("/") + 1: null

22-11-2024T02:58:01 - [TEST_STEP][PASSED] - if (i1 > -1): null

22-11-2024T02:58:01 - [TEST_STEP][PASSED] - x = x.substring(i1, x.length()): null

22-11-2024T02:58:01 - [TEST_STEP][PASSED] - println(x): null

22-11-2024T02:58:01 - [TEST_STEP][PASSED] - i1 = x.indexOf("/") + 1: null

22-11-2024T02:58:01 - [TEST_STEP][PASSED] - if (i1 > -1): null

22-11-2024T02:58:01 - [TEST_STEP][PASSED] - x = x.substring(i1, x.length()): null

22-11-2024T02:58:01 - [TEST_STEP][PASSED] - println(x): null

22-11-2024T02:58:01 - [TEST_STEP][PASSED] - i1 = x.indexOf("/") + 1: null

22-11-2024T02:58:01 - [TEST_STEP][PASSED] - if (i1 > -1): null

22-11-2024T02:58:01 - [TEST_STEP][PASSED] - x = x.substring(i1, x.length()): null

22-11-2024T02:58:01 - [TEST_STEP][PASSED] - println(x): null

22-11-2024T02:58:01 - [TEST_STEP][PASSED] - i1 = x.indexOf("/"): null

22-11-2024T02:58:01 - [TEST_STEP][PASSED] - if (i1 > -1): null

22-11-2024T02:58:01 - [TEST_STEP][PASSED] - x = x.substring(0, i1): null

22-11-2024T02:58:01 - [TEST_STEP][PASSED] - println(x): null

22-11-2024T02:58:01 - [TEST_STEP][FAILED] - return x: null

22-11-2024T02:58:01 - [TEST_STEP][FAILED] - if (verifyEqual(tabR, tabB) == false): null

22-11-2024T02:58:01 - [MESSAGE][FAILED] - Unable to verify equal between actual object 'нет данных' and expected object '19209232' (Root cause: com.kms.katalon.core.exception.StepFailedException: Actual object 'нет данных' and expected object '19209232' are not equal
	at com.kms.katalon.core.keyword.builtin.VerifyEqualKeyword$_verifyEqual_closure1.doCall(VerifyEqualKeyword.groovy:58)
	at com.kms.katalon.core.keyword.builtin.VerifyEqualKeyword$_verifyEqual_closure1.call(VerifyEqualKeyword.groovy)
	at com.kms.katalon.core.keyword.internal.KeywordMain.runKeyword(KeywordMain.groovy:75)
	at com.kms.katalon.core.keyword.builtin.VerifyEqualKeyword.verifyEqual(VerifyEqualKeyword.groovy:63)
	at com.kms.katalon.core.keyword.builtin.VerifyEqualKeyword.execute(VerifyEqualKeyword.groovy:44)
	at com.kms.katalon.core.keyword.internal.KeywordExecutor.executeKeywordForPlatform(KeywordExecutor.groovy:74)
	at com.kms.katalon.core.keyword.BuiltinKeywords.verifyEqual(BuiltinKeywords.groovy:146)
	at jdk.internal.reflect.GeneratedMethodAccessor25.invoke(Unknown Source)
	at java.base/jdk.internal.reflect.DelegatingMethodAccessorImpl.invoke(DelegatingMethodAccessorImpl.java:43)
	at Выполнение бизнес-плана сверка дашбордов.CompareDZOData(Выполнение бизнес-плана сверка дашбордов:706)
	at Выполнение бизнес-плана сверка дашбордов.run(Выполнение бизнес-плана сверка дашбордов:603)
	at com.kms.katalon.core.main.ScriptEngine.run(ScriptEngine.java:194)
	at com.kms.katalon.core.main.ScriptEngine.runScriptAsRawText(ScriptEngine.java:119)
	at com.kms.katalon.core.main.TestCaseExecutor.runScript(TestCaseExecutor.java:448)
	at com.kms.katalon.core.main.TestCaseExecutor.doExecute(TestCaseExecutor.java:439)
	at com.kms.katalon.core.main.TestCaseExecutor.processExecutionPhase(TestCaseExecutor.java:418)
	at com.kms.katalon.core.main.TestCaseExecutor.accessMainPhase(TestCaseExecutor.java:410)
	at com.kms.katalon.core.main.TestCaseExecutor.execute(TestCaseExecutor.java:285)
	at com.kms.katalon.core.common.CommonExecutor.accessTestCaseMainPhase(CommonExecutor.java:65)
	at com.kms.katalon.core.main.TestSuiteExecutor.accessTestSuiteMainPhase(TestSuiteExecutor.java:150)
	at com.kms.katalon.core.main.TestSuiteExecutor.execute(TestSuiteExecutor.java:106)
	at com.kms.katalon.core.main.TestCaseMain.startTestSuite(TestCaseMain.java:180)
	at TempTestSuite1732232929817.run(TempTestSuite1732232929817.groovy:35)
	at java.base/jdk.internal.reflect.NativeMethodAccessorImpl.invoke0(Native Method)
	at java.base/jdk.internal.reflect.NativeMethodAccessorImpl.invoke(NativeMethodAccessorImpl.java:77)
	at java.base/jdk.internal.reflect.DelegatingMethodAccessorImpl.invoke(DelegatingMethodAccessorImpl.java:43)
)

22-11-2024T02:58:01 - [TEST_STEP][PASSED] - result = WriteToExcel(typeOfData, todaysDate, PercPlanR, PercPlanB, PercFactR, PercFactB, x, tabR, tabB, o1R, o1B, vidget): null

22-11-2024T02:58:01 - [TEST_STEP][PASSED] - iii = dZO.indexOf("/"): null

22-11-2024T02:58:01 - [TEST_STEP][PASSED] - println(iii): null

22-11-2024T02:58:01 - [TEST_STEP][PASSED] - dZO = dZO.substring(0, iii): null

22-11-2024T02:58:01 - [TEST_STEP][PASSED] - println(dZO): null

22-11-2024T02:58:01 - [TEST_STEP][PASSED] - println(PercPlanR): null

22-11-2024T02:58:01 - [TEST_STEP][PASSED] - println(PercPlanB): null

22-11-2024T02:58:01 - [TEST_STEP][PASSED] - println(PercFactR): null

22-11-2024T02:58:01 - [TEST_STEP][PASSED] - println(PercFactB): null

22-11-2024T02:58:01 - [TEST_STEP][PASSED] - println(tabR): null

22-11-2024T02:58:01 - [TEST_STEP][PASSED] - println(tabB): null

22-11-2024T02:58:01 - [TEST_STEP][PASSED] - println(o1R): null

22-11-2024T02:58:01 - [TEST_STEP][PASSED] - println(o1B): null

22-11-2024T02:58:01 - [TEST_STEP][PASSED] - PR = <not implemented yet for class: org.codehaus.groovy.ast.expr.EmptyExpression>: null

22-11-2024T02:58:01 - [TEST_STEP][PASSED] - FR = <not implemented yet for class: org.codehaus.groovy.ast.expr.EmptyExpression>: null

22-11-2024T02:58:01 - [TEST_STEP][PASSED] - PB = <not implemented yet for class: org.codehaus.groovy.ast.expr.EmptyExpression>: null

22-11-2024T02:58:01 - [TEST_STEP][PASSED] - FB = <not implemented yet for class: org.codehaus.groovy.ast.expr.EmptyExpression>: null

22-11-2024T02:58:01 - [TEST_STEP][PASSED] - TR = <not implemented yet for class: org.codehaus.groovy.ast.expr.EmptyExpression>: null

22-11-2024T02:58:01 - [TEST_STEP][PASSED] - TB = <not implemented yet for class: org.codehaus.groovy.ast.expr.EmptyExpression>: null

22-11-2024T02:58:01 - [TEST_STEP][PASSED] - sheetName = "Sheet1": null

22-11-2024T02:58:01 - [TEST_STEP][PASSED] - data = findTestData("PlanFact"): null

22-11-2024T02:58:01 - [TEST_STEP][PASSED] - n = data.getRowNumbers() + 1: null

22-11-2024T02:58:01 - [TEST_STEP][PASSED] - year = todaysDate.substring(todaysDate.length() - 4, todaysDate.length()): null

22-11-2024T02:58:01 - [TEST_STEP][PASSED] - y = year.toInteger(): null

22-11-2024T02:58:01 - [TEST_STEP][PASSED] - m = getText(findTestObject("Выполнение бизнес-плана/Выполнение бизнес-плана Балансы/Фильтр Дата")): Text of object 'Object Repository/Выполнение бизнес-плана/Выполнение бизнес-плана Балансы/Фильтр Дата' is: '1, 2, 3 кв. 2024 года'

22-11-2024T02:58:01 - [MESSAGE][PASSED] - Text of object 'Object Repository/Выполнение бизнес-плана/Выполнение бизнес-плана Балансы/Фильтр Дата' is: '1, 2, 3 кв. 2024 года'

22-11-2024T02:58:01 - [TEST_STEP][PASSED] - m = m.substring(0, m.indexOf("2024")): null

22-11-2024T02:58:01 - [TEST_STEP][PASSED] - m = m.trim(): null

22-11-2024T02:58:01 - [TEST_STEP][PASSED] - dashboardName = "Выполнение бизнес-плана": null

22-11-2024T02:58:01 - [TEST_STEP][PASSED] - workbook01 = getWorkbook(excelFilePath): null

22-11-2024T02:58:02 - [TEST_STEP][PASSED] - sheet01 = getExcelSheet(workbook01, sheetName): null

22-11-2024T02:58:02 - [TEST_STEP][PASSED] - setValueToCellByIndex(sheet01, n, 0, dashboardName): null

22-11-2024T02:58:02 - [TEST_STEP][PASSED] - setValueToCellByIndex(sheet01, n, 1, dZO): null

22-11-2024T02:58:02 - [TEST_STEP][PASSED] - setValueToCellByIndex(sheet01, n, 2, typeOfData): null

22-11-2024T02:58:02 - [TEST_STEP][PASSED] - setValueToCellByIndex(sheet01, n, 3, typeOfData): null

22-11-2024T02:58:02 - [TEST_STEP][PASSED] - if (typeOfData == "План"): null

22-11-2024T02:58:02 - [TEST_STEP][PASSED] - else if (typeOfData == "Факт"): null

22-11-2024T02:58:02 - [TEST_STEP][PASSED] - else if (vidget.contains("электроэнергии") == true): null

22-11-2024T02:58:02 - [TEST_STEP][PASSED] - if (tabR == null): null

22-11-2024T02:58:02 - [TEST_STEP][PASSED] - else: null

22-11-2024T02:58:02 - [TEST_STEP][PASSED] - if (tabR == "нет данных"): null

22-11-2024T02:58:02 - [TEST_STEP][PASSED] - setValueToCellByIndex(sheet01, n, 4, "нет данных"): null

22-11-2024T02:58:02 - [TEST_STEP][PASSED] - if (tabB == null): null

22-11-2024T02:58:02 - [TEST_STEP][PASSED] - else: null

22-11-2024T02:58:02 - [TEST_STEP][PASSED] - if (tabB == "нет данных"): null

22-11-2024T02:58:02 - [TEST_STEP][PASSED] - else: null

22-11-2024T02:58:02 - [TEST_STEP][PASSED] - TB = tabB.toInteger(): null

22-11-2024T02:58:02 - [TEST_STEP][PASSED] - setValueToCellByIndex(sheet01, n, 5, TB): null

22-11-2024T02:58:02 - [TEST_STEP][PASSED] - setValueToCellByIndex(sheet01, n, 6, m): null

22-11-2024T02:58:02 - [TEST_STEP][PASSED] - setValueToCellByIndex(sheet01, n, 7, y): null

22-11-2024T02:58:02 - [TEST_STEP][PASSED] - setValueToCellByIndex(sheet01, n, 8, todaysDate): null

22-11-2024T02:58:02 - [TEST_STEP][PASSED] - n = n + 1: null

22-11-2024T02:58:02 - [TEST_STEP][PASSED] - saveWorkbook(excelFilePath, workbook01): null

22-11-2024T02:58:02 - [TEST_STEP][PASSED] - typeOfData = "Факт Отпуск из сети": null

22-11-2024T02:58:02 - [TEST_STEP][PASSED] - tabR = GetOiSFactR(x = a): null

22-11-2024T02:58:02 - [TEST_STEP][PASSED] - i1 = <not implemented yet for class: org.codehaus.groovy.ast.expr.EmptyExpression>: null

22-11-2024T02:58:02 - [TEST_STEP][PASSED] - ii = <not implemented yet for class: org.codehaus.groovy.ast.expr.EmptyExpression>: null

22-11-2024T02:58:02 - [TEST_STEP][PASSED] - for ([ii = 1, ii < 5, (ii++)]): null

22-11-2024T02:58:02 - [TEST_STEP][PASSED] - i1 = x.indexOf("/") + 1: null

22-11-2024T02:58:02 - [TEST_STEP][PASSED] - if (i1 > -1): null

22-11-2024T02:58:02 - [TEST_STEP][PASSED] - x = x.substring(i1, x.length()): null

22-11-2024T02:58:02 - [TEST_STEP][PASSED] - println(x): null

22-11-2024T02:58:02 - [TEST_STEP][PASSED] - i1 = x.indexOf("/") + 1: null

22-11-2024T02:58:02 - [TEST_STEP][PASSED] - if (i1 > -1): null

22-11-2024T02:58:02 - [TEST_STEP][PASSED] - x = x.substring(i1, x.length()): null

22-11-2024T02:58:02 - [TEST_STEP][PASSED] - println(x): null

22-11-2024T02:58:02 - [TEST_STEP][PASSED] - i1 = x.indexOf("/") + 1: null

22-11-2024T02:58:02 - [TEST_STEP][PASSED] - if (i1 > -1): null

22-11-2024T02:58:02 - [TEST_STEP][PASSED] - x = x.substring(i1, x.length()): null

22-11-2024T02:58:02 - [TEST_STEP][PASSED] - println(x): null

22-11-2024T02:58:02 - [TEST_STEP][PASSED] - i1 = x.indexOf("/") + 1: null

22-11-2024T02:58:02 - [TEST_STEP][PASSED] - if (i1 > -1): null

22-11-2024T02:58:02 - [TEST_STEP][PASSED] - x = x.substring(i1, x.length()): null

22-11-2024T02:58:02 - [TEST_STEP][PASSED] - println(x): null

22-11-2024T02:58:02 - [TEST_STEP][PASSED] - i1 = x.indexOf("/"): null

22-11-2024T02:58:02 - [TEST_STEP][PASSED] - if (i1 > -1): null

22-11-2024T02:58:02 - [TEST_STEP][PASSED] - x = x.substring(0, i1): null

22-11-2024T02:58:02 - [TEST_STEP][PASSED] - println(x): null

22-11-2024T02:58:02 - [TEST_STEP][PASSED] - return x: null

22-11-2024T02:58:02 - [TEST_STEP][PASSED] - tabB = GetOiSFactB(x = b): null

22-11-2024T02:58:02 - [TEST_STEP][PASSED] - i1 = <not implemented yet for class: org.codehaus.groovy.ast.expr.EmptyExpression>: null

22-11-2024T02:58:02 - [TEST_STEP][PASSED] - ii = <not implemented yet for class: org.codehaus.groovy.ast.expr.EmptyExpression>: null

22-11-2024T02:58:02 - [TEST_STEP][PASSED] - for ([ii = 1, ii < 5, (ii++)]): null

22-11-2024T02:58:02 - [TEST_STEP][PASSED] - i1 = x.indexOf("/") + 1: null

22-11-2024T02:58:02 - [TEST_STEP][PASSED] - if (i1 > -1): null

22-11-2024T02:58:02 - [TEST_STEP][PASSED] - x = x.substring(i1, x.length()): null

22-11-2024T02:58:02 - [TEST_STEP][PASSED] - println(x): null

22-11-2024T02:58:02 - [TEST_STEP][PASSED] - i1 = x.indexOf("/") + 1: null

22-11-2024T02:58:02 - [TEST_STEP][PASSED] - if (i1 > -1): null

22-11-2024T02:58:02 - [TEST_STEP][PASSED] - x = x.substring(i1, x.length()): null

22-11-2024T02:58:02 - [TEST_STEP][PASSED] - println(x): null

22-11-2024T02:58:02 - [TEST_STEP][PASSED] - i1 = x.indexOf("/") + 1: null

22-11-2024T02:58:02 - [TEST_STEP][PASSED] - if (i1 > -1): null

22-11-2024T02:58:02 - [TEST_STEP][PASSED] - x = x.substring(i1, x.length()): null

22-11-2024T02:58:02 - [TEST_STEP][PASSED] - println(x): null

22-11-2024T02:58:02 - [TEST_STEP][PASSED] - i1 = x.indexOf("/") + 1: null

22-11-2024T02:58:02 - [TEST_STEP][PASSED] - if (i1 > -1): null

22-11-2024T02:58:02 - [TEST_STEP][PASSED] - x = x.substring(i1, x.length()): null

22-11-2024T02:58:02 - [TEST_STEP][PASSED] - println(x): null

22-11-2024T02:58:02 - [TEST_STEP][PASSED] - i1 = x.indexOf("/"): null

22-11-2024T02:58:02 - [TEST_STEP][PASSED] - if (i1 > -1): null

22-11-2024T02:58:02 - [TEST_STEP][PASSED] - x = x.substring(0, i1): null

22-11-2024T02:58:02 - [TEST_STEP][PASSED] - println(x): null

22-11-2024T02:58:02 - [TEST_STEP][FAILED] - return x: null

22-11-2024T02:58:02 - [TEST_STEP][FAILED] - if (verifyEqual(tabR, tabB) == false): null

22-11-2024T02:58:02 - [MESSAGE][FAILED] - Unable to verify equal between actual object 'нет данных' and expected object '17541196' (Root cause: com.kms.katalon.core.exception.StepFailedException: Actual object 'нет данных' and expected object '17541196' are not equal
	at com.kms.katalon.core.keyword.builtin.VerifyEqualKeyword$_verifyEqual_closure1.doCall(VerifyEqualKeyword.groovy:58)
	at com.kms.katalon.core.keyword.builtin.VerifyEqualKeyword$_verifyEqual_closure1.call(VerifyEqualKeyword.groovy)
	at com.kms.katalon.core.keyword.internal.KeywordMain.runKeyword(KeywordMain.groovy:75)
	at com.kms.katalon.core.keyword.builtin.VerifyEqualKeyword.verifyEqual(VerifyEqualKeyword.groovy:63)
	at com.kms.katalon.core.keyword.builtin.VerifyEqualKeyword.execute(VerifyEqualKeyword.groovy:44)
	at com.kms.katalon.core.keyword.internal.KeywordExecutor.executeKeywordForPlatform(KeywordExecutor.groovy:74)
	at com.kms.katalon.core.keyword.BuiltinKeywords.verifyEqual(BuiltinKeywords.groovy:146)
	at jdk.internal.reflect.GeneratedMethodAccessor25.invoke(Unknown Source)
	at java.base/jdk.internal.reflect.DelegatingMethodAccessorImpl.invoke(DelegatingMethodAccessorImpl.java:43)
	at Выполнение бизнес-плана сверка дашбордов.CompareDZOData(Выполнение бизнес-плана сверка дашбордов:717)
	at Выполнение бизнес-плана сверка дашбордов.run(Выполнение бизнес-плана сверка дашбордов:603)
	at com.kms.katalon.core.main.ScriptEngine.run(ScriptEngine.java:194)
	at com.kms.katalon.core.main.ScriptEngine.runScriptAsRawText(ScriptEngine.java:119)
	at com.kms.katalon.core.main.TestCaseExecutor.runScript(TestCaseExecutor.java:448)
	at com.kms.katalon.core.main.TestCaseExecutor.doExecute(TestCaseExecutor.java:439)
	at com.kms.katalon.core.main.TestCaseExecutor.processExecutionPhase(TestCaseExecutor.java:418)
	at com.kms.katalon.core.main.TestCaseExecutor.accessMainPhase(TestCaseExecutor.java:410)
	at com.kms.katalon.core.main.TestCaseExecutor.execute(TestCaseExecutor.java:285)
	at com.kms.katalon.core.common.CommonExecutor.accessTestCaseMainPhase(CommonExecutor.java:65)
	at com.kms.katalon.core.main.TestSuiteExecutor.accessTestSuiteMainPhase(TestSuiteExecutor.java:150)
	at com.kms.katalon.core.main.TestSuiteExecutor.execute(TestSuiteExecutor.java:106)
	at com.kms.katalon.core.main.TestCaseMain.startTestSuite(TestCaseMain.java:180)
	at TempTestSuite1732232929817.run(TempTestSuite1732232929817.groovy:35)
	at java.base/jdk.internal.reflect.NativeMethodAccessorImpl.invoke0(Native Method)
	at java.base/jdk.internal.reflect.NativeMethodAccessorImpl.invoke(NativeMethodAccessorImpl.java:77)
	at java.base/jdk.internal.reflect.DelegatingMethodAccessorImpl.invoke(DelegatingMethodAccessorImpl.java:43)
)

22-11-2024T02:58:02 - [TEST_STEP][PASSED] - result = WriteToExcel(typeOfData, todaysDate, PercPlanR, PercPlanB, PercFactR, PercFactB, x, tabR, tabB, o1R, o1B, vidget): null

22-11-2024T02:58:02 - [TEST_STEP][PASSED] - iii = dZO.indexOf("/"): null

22-11-2024T02:58:02 - [TEST_STEP][PASSED] - println(iii): null

22-11-2024T02:58:02 - [TEST_STEP][PASSED] - dZO = dZO.substring(0, iii): null

22-11-2024T02:58:02 - [TEST_STEP][PASSED] - println(dZO): null

22-11-2024T02:58:02 - [TEST_STEP][PASSED] - println(PercPlanR): null

22-11-2024T02:58:02 - [TEST_STEP][PASSED] - println(PercPlanB): null

22-11-2024T02:58:02 - [TEST_STEP][PASSED] - println(PercFactR): null

22-11-2024T02:58:02 - [TEST_STEP][PASSED] - println(PercFactB): null

22-11-2024T02:58:02 - [TEST_STEP][PASSED] - println(tabR): null

22-11-2024T02:58:02 - [TEST_STEP][PASSED] - println(tabB): null

22-11-2024T02:58:02 - [TEST_STEP][PASSED] - println(o1R): null

22-11-2024T02:58:02 - [TEST_STEP][PASSED] - println(o1B): null

22-11-2024T02:58:02 - [TEST_STEP][PASSED] - PR = <not implemented yet for class: org.codehaus.groovy.ast.expr.EmptyExpression>: null

22-11-2024T02:58:02 - [TEST_STEP][PASSED] - FR = <not implemented yet for class: org.codehaus.groovy.ast.expr.EmptyExpression>: null

22-11-2024T02:58:02 - [TEST_STEP][PASSED] - PB = <not implemented yet for class: org.codehaus.groovy.ast.expr.EmptyExpression>: null

22-11-2024T02:58:02 - [TEST_STEP][PASSED] - FB = <not implemented yet for class: org.codehaus.groovy.ast.expr.EmptyExpression>: null

22-11-2024T02:58:02 - [TEST_STEP][PASSED] - TR = <not implemented yet for class: org.codehaus.groovy.ast.expr.EmptyExpression>: null

22-11-2024T02:58:02 - [TEST_STEP][PASSED] - TB = <not implemented yet for class: org.codehaus.groovy.ast.expr.EmptyExpression>: null

22-11-2024T02:58:02 - [TEST_STEP][PASSED] - sheetName = "Sheet1": null

22-11-2024T02:58:02 - [TEST_STEP][PASSED] - data = findTestData("PlanFact"): null

22-11-2024T02:58:02 - [TEST_STEP][PASSED] - n = data.getRowNumbers() + 1: null

22-11-2024T02:58:02 - [TEST_STEP][PASSED] - year = todaysDate.substring(todaysDate.length() - 4, todaysDate.length()): null

22-11-2024T02:58:02 - [TEST_STEP][PASSED] - y = year.toInteger(): null

22-11-2024T02:58:02 - [TEST_STEP][PASSED] - m = getText(findTestObject("Выполнение бизнес-плана/Выполнение бизнес-плана Балансы/Фильтр Дата")): Text of object 'Object Repository/Выполнение бизнес-плана/Выполнение бизнес-плана Балансы/Фильтр Дата' is: '1, 2, 3 кв. 2024 года'

22-11-2024T02:58:02 - [MESSAGE][PASSED] - Text of object 'Object Repository/Выполнение бизнес-плана/Выполнение бизнес-плана Балансы/Фильтр Дата' is: '1, 2, 3 кв. 2024 года'

22-11-2024T02:58:02 - [TEST_STEP][PASSED] - m = m.substring(0, m.indexOf("2024")): null

22-11-2024T02:58:02 - [TEST_STEP][PASSED] - m = m.trim(): null

22-11-2024T02:58:02 - [TEST_STEP][PASSED] - dashboardName = "Выполнение бизнес-плана": null

22-11-2024T02:58:02 - [TEST_STEP][PASSED] - workbook01 = getWorkbook(excelFilePath): null

22-11-2024T02:58:02 - [TEST_STEP][PASSED] - sheet01 = getExcelSheet(workbook01, sheetName): null

22-11-2024T02:58:02 - [TEST_STEP][PASSED] - setValueToCellByIndex(sheet01, n, 0, dashboardName): null

22-11-2024T02:58:02 - [TEST_STEP][PASSED] - setValueToCellByIndex(sheet01, n, 1, dZO): null

22-11-2024T02:58:02 - [TEST_STEP][PASSED] - setValueToCellByIndex(sheet01, n, 2, typeOfData): null

22-11-2024T02:58:02 - [TEST_STEP][PASSED] - setValueToCellByIndex(sheet01, n, 3, typeOfData): null

22-11-2024T02:58:02 - [TEST_STEP][PASSED] - if (typeOfData == "План"): null

22-11-2024T02:58:02 - [TEST_STEP][PASSED] - else if (typeOfData == "Факт"): null

22-11-2024T02:58:02 - [TEST_STEP][PASSED] - else if (vidget.contains("электроэнергии") == true): null

22-11-2024T02:58:02 - [TEST_STEP][PASSED] - if (tabR == null): null

22-11-2024T02:58:02 - [TEST_STEP][PASSED] - else: null

22-11-2024T02:58:02 - [TEST_STEP][PASSED] - if (tabR == "нет данных"): null

22-11-2024T02:58:02 - [TEST_STEP][PASSED] - setValueToCellByIndex(sheet01, n, 4, "нет данных"): null

22-11-2024T02:58:02 - [TEST_STEP][PASSED] - if (tabB == null): null

22-11-2024T02:58:02 - [TEST_STEP][PASSED] - else: null

22-11-2024T02:58:02 - [TEST_STEP][PASSED] - if (tabB == "нет данных"): null

22-11-2024T02:58:02 - [TEST_STEP][PASSED] - else: null

22-11-2024T02:58:02 - [TEST_STEP][PASSED] - TB = tabB.toInteger(): null

22-11-2024T02:58:02 - [TEST_STEP][PASSED] - setValueToCellByIndex(sheet01, n, 5, TB): null

22-11-2024T02:58:02 - [TEST_STEP][PASSED] - setValueToCellByIndex(sheet01, n, 6, m): null

22-11-2024T02:58:02 - [TEST_STEP][PASSED] - setValueToCellByIndex(sheet01, n, 7, y): null

22-11-2024T02:58:02 - [TEST_STEP][PASSED] - setValueToCellByIndex(sheet01, n, 8, todaysDate): null

22-11-2024T02:58:02 - [TEST_STEP][PASSED] - n = n + 1: null

22-11-2024T02:58:02 - [TEST_STEP][PASSED] - saveWorkbook(excelFilePath, workbook01): null

22-11-2024T02:58:02 - [TEST_STEP][PASSED] - typeOfData = "Факт Потери": null

22-11-2024T02:58:02 - [TEST_STEP][PASSED] - tabR = GetPFactR(x = a): null

22-11-2024T02:58:02 - [TEST_STEP][PASSED] - i1 = <not implemented yet for class: org.codehaus.groovy.ast.expr.EmptyExpression>: null

22-11-2024T02:58:02 - [TEST_STEP][PASSED] - ii = <not implemented yet for class: org.codehaus.groovy.ast.expr.EmptyExpression>: null

22-11-2024T02:58:02 - [TEST_STEP][PASSED] - for ([ii = 1, ii < 6, (ii++)]): null

22-11-2024T02:58:02 - [TEST_STEP][PASSED] - i1 = x.indexOf("/") + 1: null

22-11-2024T02:58:02 - [TEST_STEP][PASSED] - if (i1 > -1): null

22-11-2024T02:58:02 - [TEST_STEP][PASSED] - x = x.substring(i1, x.length()): null

22-11-2024T02:58:02 - [TEST_STEP][PASSED] - println(x): null

22-11-2024T02:58:02 - [TEST_STEP][PASSED] - i1 = x.indexOf("/") + 1: null

22-11-2024T02:58:02 - [TEST_STEP][PASSED] - if (i1 > -1): null

22-11-2024T02:58:02 - [TEST_STEP][PASSED] - x = x.substring(i1, x.length()): null

22-11-2024T02:58:02 - [TEST_STEP][PASSED] - println(x): null

22-11-2024T02:58:02 - [TEST_STEP][PASSED] - i1 = x.indexOf("/") + 1: null

22-11-2024T02:58:02 - [TEST_STEP][PASSED] - if (i1 > -1): null

22-11-2024T02:58:02 - [TEST_STEP][PASSED] - x = x.substring(i1, x.length()): null

22-11-2024T02:58:02 - [TEST_STEP][PASSED] - println(x): null

22-11-2024T02:58:02 - [TEST_STEP][PASSED] - i1 = x.indexOf("/") + 1: null

22-11-2024T02:58:02 - [TEST_STEP][PASSED] - if (i1 > -1): null

22-11-2024T02:58:02 - [TEST_STEP][PASSED] - x = x.substring(i1, x.length()): null

22-11-2024T02:58:02 - [TEST_STEP][PASSED] - println(x): null

22-11-2024T02:58:02 - [TEST_STEP][PASSED] - i1 = x.indexOf("/") + 1: null

22-11-2024T02:58:02 - [TEST_STEP][PASSED] - if (i1 > -1): null

22-11-2024T02:58:02 - [TEST_STEP][PASSED] - x = x.substring(i1, x.length()): null

22-11-2024T02:58:02 - [TEST_STEP][PASSED] - println(x): null

22-11-2024T02:58:02 - [TEST_STEP][PASSED] - i1 = x.indexOf("/"): null

22-11-2024T02:58:02 - [TEST_STEP][PASSED] - if (i1 > -1): null

22-11-2024T02:58:02 - [TEST_STEP][PASSED] - x = x.substring(0, i1): null

22-11-2024T02:58:02 - [TEST_STEP][PASSED] - println(x): null

22-11-2024T02:58:02 - [TEST_STEP][PASSED] - return x: null

22-11-2024T02:58:02 - [TEST_STEP][PASSED] - tabB = GetPFactB(x = b): null

22-11-2024T02:58:02 - [TEST_STEP][PASSED] - i1 = <not implemented yet for class: org.codehaus.groovy.ast.expr.EmptyExpression>: null

22-11-2024T02:58:02 - [TEST_STEP][PASSED] - ii = <not implemented yet for class: org.codehaus.groovy.ast.expr.EmptyExpression>: null

22-11-2024T02:58:02 - [TEST_STEP][PASSED] - for ([ii = 1, ii < 6, (ii++)]): null

22-11-2024T02:58:02 - [TEST_STEP][PASSED] - i1 = x.indexOf("/") + 1: null

22-11-2024T02:58:02 - [TEST_STEP][PASSED] - if (i1 > -1): null

22-11-2024T02:58:02 - [TEST_STEP][PASSED] - x = x.substring(i1, x.length()): null

22-11-2024T02:58:02 - [TEST_STEP][PASSED] - println(x): null

22-11-2024T02:58:02 - [TEST_STEP][PASSED] - i1 = x.indexOf("/") + 1: null

22-11-2024T02:58:02 - [TEST_STEP][PASSED] - if (i1 > -1): null

22-11-2024T02:58:02 - [TEST_STEP][PASSED] - x = x.substring(i1, x.length()): null

22-11-2024T02:58:02 - [TEST_STEP][PASSED] - println(x): null

22-11-2024T02:58:02 - [TEST_STEP][PASSED] - i1 = x.indexOf("/") + 1: null

22-11-2024T02:58:02 - [TEST_STEP][PASSED] - if (i1 > -1): null

22-11-2024T02:58:02 - [TEST_STEP][PASSED] - x = x.substring(i1, x.length()): null

22-11-2024T02:58:02 - [TEST_STEP][PASSED] - println(x): null

22-11-2024T02:58:02 - [TEST_STEP][PASSED] - i1 = x.indexOf("/") + 1: null

22-11-2024T02:58:02 - [TEST_STEP][PASSED] - if (i1 > -1): null

22-11-2024T02:58:02 - [TEST_STEP][PASSED] - x = x.substring(i1, x.length()): null

22-11-2024T02:58:02 - [TEST_STEP][PASSED] - println(x): null

22-11-2024T02:58:02 - [TEST_STEP][PASSED] - i1 = x.indexOf("/") + 1: null

22-11-2024T02:58:02 - [TEST_STEP][PASSED] - if (i1 > -1): null

22-11-2024T02:58:02 - [TEST_STEP][PASSED] - x = x.substring(i1, x.length()): null

22-11-2024T02:58:02 - [TEST_STEP][PASSED] - println(x): null

22-11-2024T02:58:02 - [TEST_STEP][PASSED] - i1 = x.indexOf("/"): null

22-11-2024T02:58:02 - [TEST_STEP][PASSED] - if (i1 > -1): null

22-11-2024T02:58:02 - [TEST_STEP][PASSED] - x = x.substring(0, i1): null

22-11-2024T02:58:02 - [TEST_STEP][PASSED] - println(x): null

22-11-2024T02:58:02 - [TEST_STEP][FAILED] - return x: null

22-11-2024T02:58:02 - [TEST_STEP][PASSED] - println(tabR + "/" + tabB): null

22-11-2024T02:58:02 - [TEST_STEP][FAILED] - if (verifyEqual(tabR, tabB) == false): null

22-11-2024T02:58:02 - [MESSAGE][FAILED] - Unable to verify equal between actual object 'нет данных' and expected object '1668036' (Root cause: com.kms.katalon.core.exception.StepFailedException: Actual object 'нет данных' and expected object '1668036' are not equal
	at com.kms.katalon.core.keyword.builtin.VerifyEqualKeyword$_verifyEqual_closure1.doCall(VerifyEqualKeyword.groovy:58)
	at com.kms.katalon.core.keyword.builtin.VerifyEqualKeyword$_verifyEqual_closure1.call(VerifyEqualKeyword.groovy)
	at com.kms.katalon.core.keyword.internal.KeywordMain.runKeyword(KeywordMain.groovy:75)
	at com.kms.katalon.core.keyword.builtin.VerifyEqualKeyword.verifyEqual(VerifyEqualKeyword.groovy:63)
	at com.kms.katalon.core.keyword.builtin.VerifyEqualKeyword.execute(VerifyEqualKeyword.groovy:44)
	at com.kms.katalon.core.keyword.internal.KeywordExecutor.executeKeywordForPlatform(KeywordExecutor.groovy:74)
	at com.kms.katalon.core.keyword.BuiltinKeywords.verifyEqual(BuiltinKeywords.groovy:146)
	at jdk.internal.reflect.GeneratedMethodAccessor25.invoke(Unknown Source)
	at java.base/jdk.internal.reflect.DelegatingMethodAccessorImpl.invoke(DelegatingMethodAccessorImpl.java:43)
	at Выполнение бизнес-плана сверка дашбордов.CompareDZOData(Выполнение бизнес-плана сверка дашбордов:730)
	at Выполнение бизнес-плана сверка дашбордов.run(Выполнение бизнес-плана сверка дашбордов:603)
	at com.kms.katalon.core.main.ScriptEngine.run(ScriptEngine.java:194)
	at com.kms.katalon.core.main.ScriptEngine.runScriptAsRawText(ScriptEngine.java:119)
	at com.kms.katalon.core.main.TestCaseExecutor.runScript(TestCaseExecutor.java:448)
	at com.kms.katalon.core.main.TestCaseExecutor.doExecute(TestCaseExecutor.java:439)
	at com.kms.katalon.core.main.TestCaseExecutor.processExecutionPhase(TestCaseExecutor.java:418)
	at com.kms.katalon.core.main.TestCaseExecutor.accessMainPhase(TestCaseExecutor.java:410)
	at com.kms.katalon.core.main.TestCaseExecutor.execute(TestCaseExecutor.java:285)
	at com.kms.katalon.core.common.CommonExecutor.accessTestCaseMainPhase(CommonExecutor.java:65)
	at com.kms.katalon.core.main.TestSuiteExecutor.accessTestSuiteMainPhase(TestSuiteExecutor.java:150)
	at com.kms.katalon.core.main.TestSuiteExecutor.execute(TestSuiteExecutor.java:106)
	at com.kms.katalon.core.main.TestCaseMain.startTestSuite(TestCaseMain.java:180)
	at TempTestSuite1732232929817.run(TempTestSuite1732232929817.groovy:35)
	at java.base/jdk.internal.reflect.NativeMethodAccessorImpl.invoke0(Native Method)
	at java.base/jdk.internal.reflect.NativeMethodAccessorImpl.invoke(NativeMethodAccessorImpl.java:77)
	at java.base/jdk.internal.reflect.DelegatingMethodAccessorImpl.invoke(DelegatingMethodAccessorImpl.java:43)
)

22-11-2024T02:58:02 - [TEST_STEP][PASSED] - result = WriteToExcel(typeOfData, todaysDate, PercPlanR, PercPlanB, PercFactR, PercFactB, x, tabR, tabB, o1R, o1B, vidget): null

22-11-2024T02:58:02 - [TEST_STEP][PASSED] - iii = dZO.indexOf("/"): null

22-11-2024T02:58:02 - [TEST_STEP][PASSED] - println(iii): null

22-11-2024T02:58:02 - [TEST_STEP][PASSED] - dZO = dZO.substring(0, iii): null

22-11-2024T02:58:02 - [TEST_STEP][PASSED] - println(dZO): null

22-11-2024T02:58:02 - [TEST_STEP][PASSED] - println(PercPlanR): null

22-11-2024T02:58:02 - [TEST_STEP][PASSED] - println(PercPlanB): null

22-11-2024T02:58:02 - [TEST_STEP][PASSED] - println(PercFactR): null

22-11-2024T02:58:02 - [TEST_STEP][PASSED] - println(PercFactB): null

22-11-2024T02:58:02 - [TEST_STEP][PASSED] - println(tabR): null

22-11-2024T02:58:02 - [TEST_STEP][PASSED] - println(tabB): null

22-11-2024T02:58:02 - [TEST_STEP][PASSED] - println(o1R): null

22-11-2024T02:58:02 - [TEST_STEP][PASSED] - println(o1B): null

22-11-2024T02:58:02 - [TEST_STEP][PASSED] - PR = <not implemented yet for class: org.codehaus.groovy.ast.expr.EmptyExpression>: null

22-11-2024T02:58:02 - [TEST_STEP][PASSED] - FR = <not implemented yet for class: org.codehaus.groovy.ast.expr.EmptyExpression>: null

22-11-2024T02:58:02 - [TEST_STEP][PASSED] - PB = <not implemented yet for class: org.codehaus.groovy.ast.expr.EmptyExpression>: null

22-11-2024T02:58:02 - [TEST_STEP][PASSED] - FB = <not implemented yet for class: org.codehaus.groovy.ast.expr.EmptyExpression>: null

22-11-2024T02:58:02 - [TEST_STEP][PASSED] - TR = <not implemented yet for class: org.codehaus.groovy.ast.expr.EmptyExpression>: null

22-11-2024T02:58:02 - [TEST_STEP][PASSED] - TB = <not implemented yet for class: org.codehaus.groovy.ast.expr.EmptyExpression>: null

22-11-2024T02:58:02 - [TEST_STEP][PASSED] - sheetName = "Sheet1": null

22-11-2024T02:58:02 - [TEST_STEP][PASSED] - data = findTestData("PlanFact"): null

22-11-2024T02:58:03 - [TEST_STEP][PASSED] - n = data.getRowNumbers() + 1: null

22-11-2024T02:58:03 - [TEST_STEP][PASSED] - year = todaysDate.substring(todaysDate.length() - 4, todaysDate.length()): null

22-11-2024T02:58:03 - [TEST_STEP][PASSED] - y = year.toInteger(): null

22-11-2024T02:58:03 - [TEST_STEP][PASSED] - m = getText(findTestObject("Выполнение бизнес-плана/Выполнение бизнес-плана Балансы/Фильтр Дата")): Text of object 'Object Repository/Выполнение бизнес-плана/Выполнение бизнес-плана Балансы/Фильтр Дата' is: '1, 2, 3 кв. 2024 года'

22-11-2024T02:58:03 - [MESSAGE][PASSED] - Text of object 'Object Repository/Выполнение бизнес-плана/Выполнение бизнес-плана Балансы/Фильтр Дата' is: '1, 2, 3 кв. 2024 года'

22-11-2024T02:58:03 - [TEST_STEP][PASSED] - m = m.substring(0, m.indexOf("2024")): null

22-11-2024T02:58:03 - [TEST_STEP][PASSED] - m = m.trim(): null

22-11-2024T02:58:03 - [TEST_STEP][PASSED] - dashboardName = "Выполнение бизнес-плана": null

22-11-2024T02:58:03 - [TEST_STEP][PASSED] - workbook01 = getWorkbook(excelFilePath): null

22-11-2024T02:58:03 - [TEST_STEP][PASSED] - sheet01 = getExcelSheet(workbook01, sheetName): null

22-11-2024T02:58:03 - [TEST_STEP][PASSED] - setValueToCellByIndex(sheet01, n, 0, dashboardName): null

22-11-2024T02:58:03 - [TEST_STEP][PASSED] - setValueToCellByIndex(sheet01, n, 1, dZO): null

22-11-2024T02:58:03 - [TEST_STEP][PASSED] - setValueToCellByIndex(sheet01, n, 2, typeOfData): null

22-11-2024T02:58:03 - [TEST_STEP][PASSED] - setValueToCellByIndex(sheet01, n, 3, typeOfData): null

22-11-2024T02:58:03 - [TEST_STEP][PASSED] - if (typeOfData == "План"): null

22-11-2024T02:58:03 - [TEST_STEP][PASSED] - else if (typeOfData == "Факт"): null

22-11-2024T02:58:03 - [TEST_STEP][PASSED] - else if (vidget.contains("электроэнергии") == true): null

22-11-2024T02:58:03 - [TEST_STEP][PASSED] - if (tabR == null): null

22-11-2024T02:58:03 - [TEST_STEP][PASSED] - else: null

22-11-2024T02:58:03 - [TEST_STEP][PASSED] - if (tabR == "нет данных"): null

22-11-2024T02:58:03 - [TEST_STEP][PASSED] - setValueToCellByIndex(sheet01, n, 4, "нет данных"): null

22-11-2024T02:58:03 - [TEST_STEP][PASSED] - if (tabB == null): null

22-11-2024T02:58:03 - [TEST_STEP][PASSED] - else: null

22-11-2024T02:58:03 - [TEST_STEP][PASSED] - if (tabB == "нет данных"): null

22-11-2024T02:58:03 - [TEST_STEP][PASSED] - else: null

22-11-2024T02:58:03 - [TEST_STEP][PASSED] - TB = tabB.toInteger(): null

22-11-2024T02:58:03 - [TEST_STEP][PASSED] - setValueToCellByIndex(sheet01, n, 5, TB): null

22-11-2024T02:58:03 - [TEST_STEP][PASSED] - setValueToCellByIndex(sheet01, n, 6, m): null

22-11-2024T02:58:03 - [TEST_STEP][PASSED] - setValueToCellByIndex(sheet01, n, 7, y): null

22-11-2024T02:58:03 - [TEST_STEP][PASSED] - setValueToCellByIndex(sheet01, n, 8, todaysDate): null

22-11-2024T02:58:03 - [TEST_STEP][PASSED] - n = n + 1: null

22-11-2024T02:58:03 - [TEST_STEP][PASSED] - saveWorkbook(excelFilePath, workbook01): null

22-11-2024T02:58:03 - [TEST_STEP][PASSED] - vidget = "Показатели баланса электроэнергии по ДЗО – План": null

22-11-2024T02:58:03 - [TEST_STEP][PASSED] - typeOfData = "План Отпуск в сеть": null

22-11-2024T02:58:03 - [TEST_STEP][PASSED] - tabR = GetOvSPlanR(x = a): null

22-11-2024T02:58:03 - [TEST_STEP][PASSED] - i1 = <not implemented yet for class: org.codehaus.groovy.ast.expr.EmptyExpression>: null

22-11-2024T02:58:03 - [TEST_STEP][PASSED] - ii = <not implemented yet for class: org.codehaus.groovy.ast.expr.EmptyExpression>: null

22-11-2024T02:58:03 - [TEST_STEP][PASSED] - for ([ii = 1, ii < 7, (ii++)]): null

22-11-2024T02:58:03 - [TEST_STEP][PASSED] - i1 = x.indexOf("/") + 1: null

22-11-2024T02:58:03 - [TEST_STEP][PASSED] - if (i1 > -1): null

22-11-2024T02:58:03 - [TEST_STEP][PASSED] - x = x.substring(i1, x.length()): null

22-11-2024T02:58:03 - [TEST_STEP][PASSED] - println(x): null

22-11-2024T02:58:03 - [TEST_STEP][PASSED] - i1 = x.indexOf("/") + 1: null

22-11-2024T02:58:03 - [TEST_STEP][PASSED] - if (i1 > -1): null

22-11-2024T02:58:03 - [TEST_STEP][PASSED] - x = x.substring(i1, x.length()): null

22-11-2024T02:58:03 - [TEST_STEP][PASSED] - println(x): null

22-11-2024T02:58:03 - [TEST_STEP][PASSED] - i1 = x.indexOf("/") + 1: null

22-11-2024T02:58:03 - [TEST_STEP][PASSED] - if (i1 > -1): null

22-11-2024T02:58:03 - [TEST_STEP][PASSED] - x = x.substring(i1, x.length()): null

22-11-2024T02:58:03 - [TEST_STEP][PASSED] - println(x): null

22-11-2024T02:58:03 - [TEST_STEP][PASSED] - i1 = x.indexOf("/") + 1: null

22-11-2024T02:58:03 - [TEST_STEP][PASSED] - if (i1 > -1): null

22-11-2024T02:58:03 - [TEST_STEP][PASSED] - x = x.substring(i1, x.length()): null

22-11-2024T02:58:03 - [TEST_STEP][PASSED] - println(x): null

22-11-2024T02:58:03 - [TEST_STEP][PASSED] - i1 = x.indexOf("/") + 1: null

22-11-2024T02:58:03 - [TEST_STEP][PASSED] - if (i1 > -1): null

22-11-2024T02:58:03 - [TEST_STEP][PASSED] - x = x.substring(i1, x.length()): null

22-11-2024T02:58:03 - [TEST_STEP][PASSED] - println(x): null

22-11-2024T02:58:03 - [TEST_STEP][PASSED] - i1 = x.indexOf("/") + 1: null

22-11-2024T02:58:03 - [TEST_STEP][PASSED] - if (i1 > -1): null

22-11-2024T02:58:03 - [TEST_STEP][PASSED] - x = x.substring(i1, x.length()): null

22-11-2024T02:58:03 - [TEST_STEP][PASSED] - println(x): null

22-11-2024T02:58:03 - [TEST_STEP][PASSED] - i1 = x.indexOf("/"): null

22-11-2024T02:58:03 - [TEST_STEP][PASSED] - if (i1 > -1): null

22-11-2024T02:58:03 - [TEST_STEP][PASSED] - x = x.substring(0, i1): null

22-11-2024T02:58:03 - [TEST_STEP][PASSED] - println(x): null

22-11-2024T02:58:03 - [TEST_STEP][PASSED] - return x: null

22-11-2024T02:58:03 - [TEST_STEP][PASSED] - tabB = GetOvSPlanB(x = b): null

22-11-2024T02:58:03 - [TEST_STEP][PASSED] - i1 = <not implemented yet for class: org.codehaus.groovy.ast.expr.EmptyExpression>: null

22-11-2024T02:58:03 - [TEST_STEP][PASSED] - ii = <not implemented yet for class: org.codehaus.groovy.ast.expr.EmptyExpression>: null

22-11-2024T02:58:03 - [TEST_STEP][PASSED] - for ([ii = 1, ii < 7, (ii++)]): null

22-11-2024T02:58:03 - [TEST_STEP][PASSED] - i1 = x.indexOf("/") + 1: null

22-11-2024T02:58:03 - [TEST_STEP][PASSED] - if (i1 > -1): null

22-11-2024T02:58:03 - [TEST_STEP][PASSED] - x = x.substring(i1, x.length()): null

22-11-2024T02:58:03 - [TEST_STEP][PASSED] - println(x): null

22-11-2024T02:58:03 - [TEST_STEP][PASSED] - i1 = x.indexOf("/") + 1: null

22-11-2024T02:58:03 - [TEST_STEP][PASSED] - if (i1 > -1): null

22-11-2024T02:58:03 - [TEST_STEP][PASSED] - x = x.substring(i1, x.length()): null

22-11-2024T02:58:03 - [TEST_STEP][PASSED] - println(x): null

22-11-2024T02:58:03 - [TEST_STEP][PASSED] - i1 = x.indexOf("/") + 1: null

22-11-2024T02:58:03 - [TEST_STEP][PASSED] - if (i1 > -1): null

22-11-2024T02:58:03 - [TEST_STEP][PASSED] - x = x.substring(i1, x.length()): null

22-11-2024T02:58:03 - [TEST_STEP][PASSED] - println(x): null

22-11-2024T02:58:03 - [TEST_STEP][PASSED] - i1 = x.indexOf("/") + 1: null

22-11-2024T02:58:03 - [TEST_STEP][PASSED] - if (i1 > -1): null

22-11-2024T02:58:03 - [TEST_STEP][PASSED] - x = x.substring(i1, x.length()): null

22-11-2024T02:58:03 - [TEST_STEP][PASSED] - println(x): null

22-11-2024T02:58:03 - [TEST_STEP][PASSED] - i1 = x.indexOf("/") + 1: null

22-11-2024T02:58:03 - [TEST_STEP][PASSED] - if (i1 > -1): null

22-11-2024T02:58:03 - [TEST_STEP][PASSED] - x = x.substring(i1, x.length()): null

22-11-2024T02:58:03 - [TEST_STEP][PASSED] - println(x): null

22-11-2024T02:58:03 - [TEST_STEP][PASSED] - i1 = x.indexOf("/") + 1: null

22-11-2024T02:58:03 - [TEST_STEP][PASSED] - if (i1 > -1): null

22-11-2024T02:58:03 - [TEST_STEP][PASSED] - x = x.substring(i1, x.length()): null

22-11-2024T02:58:03 - [TEST_STEP][PASSED] - println(x): null

22-11-2024T02:58:03 - [TEST_STEP][PASSED] - i1 = x.indexOf("/"): null

22-11-2024T02:58:03 - [TEST_STEP][PASSED] - if (i1 > -1): null

22-11-2024T02:58:03 - [TEST_STEP][PASSED] - x = x.substring(0, i1): null

22-11-2024T02:58:03 - [TEST_STEP][PASSED] - println(x): null

22-11-2024T02:58:03 - [TEST_STEP][FAILED] - return x: null

22-11-2024T02:58:03 - [TEST_STEP][PASSED] - println(tabR + "/" + tabB): null

22-11-2024T02:58:03 - [TEST_STEP][FAILED] - if (verifyEqual(PercFactR, PercFactB) == false): null

22-11-2024T02:58:03 - [MESSAGE][FAILED] - Unable to verify equal between actual object 'нет данных' and expected object '8.68' (Root cause: com.kms.katalon.core.exception.StepFailedException: Actual object 'нет данных' and expected object '8.68' are not equal
	at com.kms.katalon.core.keyword.builtin.VerifyEqualKeyword$_verifyEqual_closure1.doCall(VerifyEqualKeyword.groovy:58)
	at com.kms.katalon.core.keyword.builtin.VerifyEqualKeyword$_verifyEqual_closure1.call(VerifyEqualKeyword.groovy)
	at com.kms.katalon.core.keyword.internal.KeywordMain.runKeyword(KeywordMain.groovy:75)
	at com.kms.katalon.core.keyword.builtin.VerifyEqualKeyword.verifyEqual(VerifyEqualKeyword.groovy:63)
	at com.kms.katalon.core.keyword.builtin.VerifyEqualKeyword.execute(VerifyEqualKeyword.groovy:44)
	at com.kms.katalon.core.keyword.internal.KeywordExecutor.executeKeywordForPlatform(KeywordExecutor.groovy:74)
	at com.kms.katalon.core.keyword.BuiltinKeywords.verifyEqual(BuiltinKeywords.groovy:146)
	at jdk.internal.reflect.GeneratedMethodAccessor25.invoke(Unknown Source)
	at java.base/jdk.internal.reflect.DelegatingMethodAccessorImpl.invoke(DelegatingMethodAccessorImpl.java:43)
	at Выполнение бизнес-плана сверка дашбордов.CompareDZOData(Выполнение бизнес-плана сверка дашбордов:745)
	at Выполнение бизнес-плана сверка дашбордов.run(Выполнение бизнес-плана сверка дашбордов:603)
	at com.kms.katalon.core.main.ScriptEngine.run(ScriptEngine.java:194)
	at com.kms.katalon.core.main.ScriptEngine.runScriptAsRawText(ScriptEngine.java:119)
	at com.kms.katalon.core.main.TestCaseExecutor.runScript(TestCaseExecutor.java:448)
	at com.kms.katalon.core.main.TestCaseExecutor.doExecute(TestCaseExecutor.java:439)
	at com.kms.katalon.core.main.TestCaseExecutor.processExecutionPhase(TestCaseExecutor.java:418)
	at com.kms.katalon.core.main.TestCaseExecutor.accessMainPhase(TestCaseExecutor.java:410)
	at com.kms.katalon.core.main.TestCaseExecutor.execute(TestCaseExecutor.java:285)
	at com.kms.katalon.core.common.CommonExecutor.accessTestCaseMainPhase(CommonExecutor.java:65)
	at com.kms.katalon.core.main.TestSuiteExecutor.accessTestSuiteMainPhase(TestSuiteExecutor.java:150)
	at com.kms.katalon.core.main.TestSuiteExecutor.execute(TestSuiteExecutor.java:106)
	at com.kms.katalon.core.main.TestCaseMain.startTestSuite(TestCaseMain.java:180)
	at TempTestSuite1732232929817.run(TempTestSuite1732232929817.groovy:35)
	at java.base/jdk.internal.reflect.NativeMethodAccessorImpl.invoke0(Native Method)
	at java.base/jdk.internal.reflect.NativeMethodAccessorImpl.invoke(NativeMethodAccessorImpl.java:77)
	at java.base/jdk.internal.reflect.DelegatingMethodAccessorImpl.invoke(DelegatingMethodAccessorImpl.java:43)
)

22-11-2024T02:58:03 - [TEST_STEP][PASSED] - result = WriteToExcel(typeOfData, todaysDate, PercPlanR, PercPlanB, PercFactR, PercFactB, x, tabR, tabB, o1R, o1B, vidget): null

22-11-2024T02:58:03 - [TEST_STEP][PASSED] - iii = dZO.indexOf("/"): null

22-11-2024T02:58:03 - [TEST_STEP][PASSED] - println(iii): null

22-11-2024T02:58:03 - [TEST_STEP][PASSED] - dZO = dZO.substring(0, iii): null

22-11-2024T02:58:03 - [TEST_STEP][PASSED] - println(dZO): null

22-11-2024T02:58:03 - [TEST_STEP][PASSED] - println(PercPlanR): null

22-11-2024T02:58:03 - [TEST_STEP][PASSED] - println(PercPlanB): null

22-11-2024T02:58:03 - [TEST_STEP][PASSED] - println(PercFactR): null

22-11-2024T02:58:03 - [TEST_STEP][PASSED] - println(PercFactB): null

22-11-2024T02:58:03 - [TEST_STEP][PASSED] - println(tabR): null

22-11-2024T02:58:03 - [TEST_STEP][PASSED] - println(tabB): null

22-11-2024T02:58:03 - [TEST_STEP][PASSED] - println(o1R): null

22-11-2024T02:58:03 - [TEST_STEP][PASSED] - println(o1B): null

22-11-2024T02:58:03 - [TEST_STEP][PASSED] - PR = <not implemented yet for class: org.codehaus.groovy.ast.expr.EmptyExpression>: null

22-11-2024T02:58:03 - [TEST_STEP][PASSED] - FR = <not implemented yet for class: org.codehaus.groovy.ast.expr.EmptyExpression>: null

22-11-2024T02:58:03 - [TEST_STEP][PASSED] - PB = <not implemented yet for class: org.codehaus.groovy.ast.expr.EmptyExpression>: null

22-11-2024T02:58:03 - [TEST_STEP][PASSED] - FB = <not implemented yet for class: org.codehaus.groovy.ast.expr.EmptyExpression>: null

22-11-2024T02:58:03 - [TEST_STEP][PASSED] - TR = <not implemented yet for class: org.codehaus.groovy.ast.expr.EmptyExpression>: null

22-11-2024T02:58:03 - [TEST_STEP][PASSED] - TB = <not implemented yet for class: org.codehaus.groovy.ast.expr.EmptyExpression>: null

22-11-2024T02:58:03 - [TEST_STEP][PASSED] - sheetName = "Sheet1": null

22-11-2024T02:58:03 - [TEST_STEP][PASSED] - data = findTestData("PlanFact"): null

22-11-2024T02:58:03 - [TEST_STEP][PASSED] - n = data.getRowNumbers() + 1: null

22-11-2024T02:58:03 - [TEST_STEP][PASSED] - year = todaysDate.substring(todaysDate.length() - 4, todaysDate.length()): null

22-11-2024T02:58:03 - [TEST_STEP][PASSED] - y = year.toInteger(): null

22-11-2024T02:58:03 - [TEST_STEP][PASSED] - m = getText(findTestObject("Выполнение бизнес-плана/Выполнение бизнес-плана Балансы/Фильтр Дата")): Text of object 'Object Repository/Выполнение бизнес-плана/Выполнение бизнес-плана Балансы/Фильтр Дата' is: '1, 2, 3 кв. 2024 года'

22-11-2024T02:58:03 - [MESSAGE][PASSED] - Text of object 'Object Repository/Выполнение бизнес-плана/Выполнение бизнес-плана Балансы/Фильтр Дата' is: '1, 2, 3 кв. 2024 года'

22-11-2024T02:58:03 - [TEST_STEP][PASSED] - m = m.substring(0, m.indexOf("2024")): null

22-11-2024T02:58:03 - [TEST_STEP][PASSED] - m = m.trim(): null

22-11-2024T02:58:03 - [TEST_STEP][PASSED] - dashboardName = "Выполнение бизнес-плана": null

22-11-2024T02:58:03 - [TEST_STEP][PASSED] - workbook01 = getWorkbook(excelFilePath): null

22-11-2024T02:58:04 - [TEST_STEP][PASSED] - sheet01 = getExcelSheet(workbook01, sheetName): null

22-11-2024T02:58:04 - [TEST_STEP][PASSED] - setValueToCellByIndex(sheet01, n, 0, dashboardName): null

22-11-2024T02:58:04 - [TEST_STEP][PASSED] - setValueToCellByIndex(sheet01, n, 1, dZO): null

22-11-2024T02:58:04 - [TEST_STEP][PASSED] - setValueToCellByIndex(sheet01, n, 2, typeOfData): null

22-11-2024T02:58:04 - [TEST_STEP][PASSED] - setValueToCellByIndex(sheet01, n, 3, typeOfData): null

22-11-2024T02:58:04 - [TEST_STEP][PASSED] - if (typeOfData == "План"): null

22-11-2024T02:58:04 - [TEST_STEP][PASSED] - else if (typeOfData == "Факт"): null

22-11-2024T02:58:04 - [TEST_STEP][PASSED] - else if (vidget.contains("электроэнергии") == true): null

22-11-2024T02:58:04 - [TEST_STEP][PASSED] - if (tabR == null): null

22-11-2024T02:58:04 - [TEST_STEP][PASSED] - else: null

22-11-2024T02:58:04 - [TEST_STEP][PASSED] - if (tabR == "нет данных"): null

22-11-2024T02:58:04 - [TEST_STEP][PASSED] - setValueToCellByIndex(sheet01, n, 4, "нет данных"): null

22-11-2024T02:58:04 - [TEST_STEP][PASSED] - if (tabB == null): null

22-11-2024T02:58:04 - [TEST_STEP][PASSED] - else: null

22-11-2024T02:58:04 - [TEST_STEP][PASSED] - if (tabB == "нет данных"): null

22-11-2024T02:58:04 - [TEST_STEP][PASSED] - else: null

22-11-2024T02:58:04 - [TEST_STEP][PASSED] - TB = tabB.toInteger(): null

22-11-2024T02:58:04 - [TEST_STEP][PASSED] - setValueToCellByIndex(sheet01, n, 5, TB): null

22-11-2024T02:58:04 - [TEST_STEP][PASSED] - setValueToCellByIndex(sheet01, n, 6, m): null

22-11-2024T02:58:04 - [TEST_STEP][PASSED] - setValueToCellByIndex(sheet01, n, 7, y): null

22-11-2024T02:58:04 - [TEST_STEP][PASSED] - setValueToCellByIndex(sheet01, n, 8, todaysDate): null

22-11-2024T02:58:04 - [TEST_STEP][PASSED] - n = n + 1: null

22-11-2024T02:58:04 - [TEST_STEP][PASSED] - saveWorkbook(excelFilePath, workbook01): null

22-11-2024T02:58:04 - [TEST_STEP][PASSED] - typeOfData = "План Отпуск из сети": null

22-11-2024T02:58:04 - [TEST_STEP][PASSED] - tabR = GetOiSPlanR(x = a): null

22-11-2024T02:58:04 - [TEST_STEP][PASSED] - i1 = <not implemented yet for class: org.codehaus.groovy.ast.expr.EmptyExpression>: null

22-11-2024T02:58:04 - [TEST_STEP][PASSED] - ii = <not implemented yet for class: org.codehaus.groovy.ast.expr.EmptyExpression>: null

22-11-2024T02:58:04 - [TEST_STEP][PASSED] - for ([ii = 1, ii < 8, (ii++)]): null

22-11-2024T02:58:04 - [TEST_STEP][PASSED] - i1 = x.indexOf("/") + 1: null

22-11-2024T02:58:04 - [TEST_STEP][PASSED] - if (i1 > -1): null

22-11-2024T02:58:04 - [TEST_STEP][PASSED] - x = x.substring(i1, x.length()): null

22-11-2024T02:58:04 - [TEST_STEP][PASSED] - println(x): null

22-11-2024T02:58:04 - [TEST_STEP][PASSED] - i1 = x.indexOf("/") + 1: null

22-11-2024T02:58:04 - [TEST_STEP][PASSED] - if (i1 > -1): null

22-11-2024T02:58:04 - [TEST_STEP][PASSED] - x = x.substring(i1, x.length()): null

22-11-2024T02:58:04 - [TEST_STEP][PASSED] - println(x): null

22-11-2024T02:58:04 - [TEST_STEP][PASSED] - i1 = x.indexOf("/") + 1: null

22-11-2024T02:58:04 - [TEST_STEP][PASSED] - if (i1 > -1): null

22-11-2024T02:58:04 - [TEST_STEP][PASSED] - x = x.substring(i1, x.length()): null

22-11-2024T02:58:04 - [TEST_STEP][PASSED] - println(x): null

22-11-2024T02:58:04 - [TEST_STEP][PASSED] - i1 = x.indexOf("/") + 1: null

22-11-2024T02:58:04 - [TEST_STEP][PASSED] - if (i1 > -1): null

22-11-2024T02:58:04 - [TEST_STEP][PASSED] - x = x.substring(i1, x.length()): null

22-11-2024T02:58:04 - [TEST_STEP][PASSED] - println(x): null

22-11-2024T02:58:04 - [TEST_STEP][PASSED] - i1 = x.indexOf("/") + 1: null

22-11-2024T02:58:04 - [TEST_STEP][PASSED] - if (i1 > -1): null

22-11-2024T02:58:04 - [TEST_STEP][PASSED] - x = x.substring(i1, x.length()): null

22-11-2024T02:58:04 - [TEST_STEP][PASSED] - println(x): null

22-11-2024T02:58:04 - [TEST_STEP][PASSED] - i1 = x.indexOf("/") + 1: null

22-11-2024T02:58:04 - [TEST_STEP][PASSED] - if (i1 > -1): null

22-11-2024T02:58:04 - [TEST_STEP][PASSED] - x = x.substring(i1, x.length()): null

22-11-2024T02:58:04 - [TEST_STEP][PASSED] - println(x): null

22-11-2024T02:58:04 - [TEST_STEP][PASSED] - i1 = x.indexOf("/") + 1: null

22-11-2024T02:58:04 - [TEST_STEP][PASSED] - if (i1 > -1): null

22-11-2024T02:58:04 - [TEST_STEP][PASSED] - x = x.substring(i1, x.length()): null

22-11-2024T02:58:04 - [TEST_STEP][PASSED] - println(x): null

22-11-2024T02:58:04 - [TEST_STEP][PASSED] - i1 = x.indexOf("/"): null

22-11-2024T02:58:04 - [TEST_STEP][PASSED] - if (i1 > -1): null

22-11-2024T02:58:04 - [TEST_STEP][PASSED] - x = x.substring(0, i1): null

22-11-2024T02:58:04 - [TEST_STEP][PASSED] - println(x): null

22-11-2024T02:58:04 - [TEST_STEP][PASSED] - return x: null

22-11-2024T02:58:04 - [TEST_STEP][PASSED] - tabB = GetOiSPlanB(x = b): null

22-11-2024T02:58:04 - [TEST_STEP][PASSED] - i1 = <not implemented yet for class: org.codehaus.groovy.ast.expr.EmptyExpression>: null

22-11-2024T02:58:04 - [TEST_STEP][PASSED] - ii = <not implemented yet for class: org.codehaus.groovy.ast.expr.EmptyExpression>: null

22-11-2024T02:58:04 - [TEST_STEP][PASSED] - for ([ii = 1, ii < 8, (ii++)]): null

22-11-2024T02:58:04 - [TEST_STEP][PASSED] - i1 = x.indexOf("/") + 1: null

22-11-2024T02:58:04 - [TEST_STEP][PASSED] - if (i1 > -1): null

22-11-2024T02:58:04 - [TEST_STEP][PASSED] - x = x.substring(i1, x.length()): null

22-11-2024T02:58:04 - [TEST_STEP][PASSED] - println(x): null

22-11-2024T02:58:04 - [TEST_STEP][PASSED] - i1 = x.indexOf("/") + 1: null

22-11-2024T02:58:04 - [TEST_STEP][PASSED] - if (i1 > -1): null

22-11-2024T02:58:04 - [TEST_STEP][PASSED] - x = x.substring(i1, x.length()): null

22-11-2024T02:58:04 - [TEST_STEP][PASSED] - println(x): null

22-11-2024T02:58:04 - [TEST_STEP][PASSED] - i1 = x.indexOf("/") + 1: null

22-11-2024T02:58:04 - [TEST_STEP][PASSED] - if (i1 > -1): null

22-11-2024T02:58:04 - [TEST_STEP][PASSED] - x = x.substring(i1, x.length()): null

22-11-2024T02:58:04 - [TEST_STEP][PASSED] - println(x): null

22-11-2024T02:58:04 - [TEST_STEP][PASSED] - i1 = x.indexOf("/") + 1: null

22-11-2024T02:58:04 - [TEST_STEP][PASSED] - if (i1 > -1): null

22-11-2024T02:58:04 - [TEST_STEP][PASSED] - x = x.substring(i1, x.length()): null

22-11-2024T02:58:04 - [TEST_STEP][PASSED] - println(x): null

22-11-2024T02:58:04 - [TEST_STEP][PASSED] - i1 = x.indexOf("/") + 1: null

22-11-2024T02:58:04 - [TEST_STEP][PASSED] - if (i1 > -1): null

22-11-2024T02:58:04 - [TEST_STEP][PASSED] - x = x.substring(i1, x.length()): null

22-11-2024T02:58:04 - [TEST_STEP][PASSED] - println(x): null

22-11-2024T02:58:04 - [TEST_STEP][PASSED] - i1 = x.indexOf("/") + 1: null

22-11-2024T02:58:04 - [TEST_STEP][PASSED] - if (i1 > -1): null

22-11-2024T02:58:04 - [TEST_STEP][PASSED] - x = x.substring(i1, x.length()): null

22-11-2024T02:58:04 - [TEST_STEP][PASSED] - println(x): null

22-11-2024T02:58:04 - [TEST_STEP][PASSED] - i1 = x.indexOf("/") + 1: null

22-11-2024T02:58:04 - [TEST_STEP][PASSED] - if (i1 > -1): null

22-11-2024T02:58:04 - [TEST_STEP][PASSED] - x = x.substring(i1, x.length()): null

22-11-2024T02:58:04 - [TEST_STEP][PASSED] - println(x): null

22-11-2024T02:58:04 - [TEST_STEP][PASSED] - i1 = x.indexOf("/"): null

22-11-2024T02:58:04 - [TEST_STEP][PASSED] - if (i1 > -1): null

22-11-2024T02:58:04 - [TEST_STEP][PASSED] - x = x.substring(0, i1): null

22-11-2024T02:58:04 - [TEST_STEP][PASSED] - println(x): null

22-11-2024T02:58:04 - [TEST_STEP][FAILED] - return x: null

22-11-2024T02:58:04 - [TEST_STEP][PASSED] - println(tabR + "/" + tabB): null

22-11-2024T02:58:04 - [TEST_STEP][FAILED] - if (verifyEqual(PercFactR, PercFactB) == false): null

22-11-2024T02:58:04 - [MESSAGE][FAILED] - Unable to verify equal between actual object 'нет данных' and expected object '8.68' (Root cause: com.kms.katalon.core.exception.StepFailedException: Actual object 'нет данных' and expected object '8.68' are not equal
	at com.kms.katalon.core.keyword.builtin.VerifyEqualKeyword$_verifyEqual_closure1.doCall(VerifyEqualKeyword.groovy:58)
	at com.kms.katalon.core.keyword.builtin.VerifyEqualKeyword$_verifyEqual_closure1.call(VerifyEqualKeyword.groovy)
	at com.kms.katalon.core.keyword.internal.KeywordMain.runKeyword(KeywordMain.groovy:75)
	at com.kms.katalon.core.keyword.builtin.VerifyEqualKeyword.verifyEqual(VerifyEqualKeyword.groovy:63)
	at com.kms.katalon.core.keyword.builtin.VerifyEqualKeyword.execute(VerifyEqualKeyword.groovy:44)
	at com.kms.katalon.core.keyword.internal.KeywordExecutor.executeKeywordForPlatform(KeywordExecutor.groovy:74)
	at com.kms.katalon.core.keyword.BuiltinKeywords.verifyEqual(BuiltinKeywords.groovy:146)
	at jdk.internal.reflect.GeneratedMethodAccessor25.invoke(Unknown Source)
	at java.base/jdk.internal.reflect.DelegatingMethodAccessorImpl.invoke(DelegatingMethodAccessorImpl.java:43)
	at Выполнение бизнес-плана сверка дашбордов.CompareDZOData(Выполнение бизнес-плана сверка дашбордов:758)
	at Выполнение бизнес-плана сверка дашбордов.run(Выполнение бизнес-плана сверка дашбордов:603)
	at com.kms.katalon.core.main.ScriptEngine.run(ScriptEngine.java:194)
	at com.kms.katalon.core.main.ScriptEngine.runScriptAsRawText(ScriptEngine.java:119)
	at com.kms.katalon.core.main.TestCaseExecutor.runScript(TestCaseExecutor.java:448)
	at com.kms.katalon.core.main.TestCaseExecutor.doExecute(TestCaseExecutor.java:439)
	at com.kms.katalon.core.main.TestCaseExecutor.processExecutionPhase(TestCaseExecutor.java:418)
	at com.kms.katalon.core.main.TestCaseExecutor.accessMainPhase(TestCaseExecutor.java:410)
	at com.kms.katalon.core.main.TestCaseExecutor.execute(TestCaseExecutor.java:285)
	at com.kms.katalon.core.common.CommonExecutor.accessTestCaseMainPhase(CommonExecutor.java:65)
	at com.kms.katalon.core.main.TestSuiteExecutor.accessTestSuiteMainPhase(TestSuiteExecutor.java:150)
	at com.kms.katalon.core.main.TestSuiteExecutor.execute(TestSuiteExecutor.java:106)
	at com.kms.katalon.core.main.TestCaseMain.startTestSuite(TestCaseMain.java:180)
	at TempTestSuite1732232929817.run(TempTestSuite1732232929817.groovy:35)
	at java.base/jdk.internal.reflect.NativeMethodAccessorImpl.invoke0(Native Method)
	at java.base/jdk.internal.reflect.NativeMethodAccessorImpl.invoke(NativeMethodAccessorImpl.java:77)
	at java.base/jdk.internal.reflect.DelegatingMethodAccessorImpl.invoke(DelegatingMethodAccessorImpl.java:43)
)

22-11-2024T02:58:04 - [TEST_STEP][PASSED] - result = WriteToExcel(typeOfData, todaysDate, PercPlanR, PercPlanB, PercFactR, PercFactB, x, tabR, tabB, o1R, o1B, vidget): null

22-11-2024T02:58:04 - [TEST_STEP][PASSED] - iii = dZO.indexOf("/"): null

22-11-2024T02:58:04 - [TEST_STEP][PASSED] - println(iii): null

22-11-2024T02:58:04 - [TEST_STEP][PASSED] - dZO = dZO.substring(0, iii): null

22-11-2024T02:58:04 - [TEST_STEP][PASSED] - println(dZO): null

22-11-2024T02:58:04 - [TEST_STEP][PASSED] - println(PercPlanR): null

22-11-2024T02:58:04 - [TEST_STEP][PASSED] - println(PercPlanB): null

22-11-2024T02:58:04 - [TEST_STEP][PASSED] - println(PercFactR): null

22-11-2024T02:58:04 - [TEST_STEP][PASSED] - println(PercFactB): null

22-11-2024T02:58:04 - [TEST_STEP][PASSED] - println(tabR): null

22-11-2024T02:58:04 - [TEST_STEP][PASSED] - println(tabB): null

22-11-2024T02:58:04 - [TEST_STEP][PASSED] - println(o1R): null

22-11-2024T02:58:04 - [TEST_STEP][PASSED] - println(o1B): null

22-11-2024T02:58:04 - [TEST_STEP][PASSED] - PR = <not implemented yet for class: org.codehaus.groovy.ast.expr.EmptyExpression>: null

22-11-2024T02:58:04 - [TEST_STEP][PASSED] - FR = <not implemented yet for class: org.codehaus.groovy.ast.expr.EmptyExpression>: null

22-11-2024T02:58:04 - [TEST_STEP][PASSED] - PB = <not implemented yet for class: org.codehaus.groovy.ast.expr.EmptyExpression>: null

22-11-2024T02:58:04 - [TEST_STEP][PASSED] - FB = <not implemented yet for class: org.codehaus.groovy.ast.expr.EmptyExpression>: null

22-11-2024T02:58:04 - [TEST_STEP][PASSED] - TR = <not implemented yet for class: org.codehaus.groovy.ast.expr.EmptyExpression>: null

22-11-2024T02:58:04 - [TEST_STEP][PASSED] - TB = <not implemented yet for class: org.codehaus.groovy.ast.expr.EmptyExpression>: null

22-11-2024T02:58:04 - [TEST_STEP][PASSED] - sheetName = "Sheet1": null

22-11-2024T02:58:04 - [TEST_STEP][PASSED] - data = findTestData("PlanFact"): null

22-11-2024T02:58:04 - [TEST_STEP][PASSED] - n = data.getRowNumbers() + 1: null

22-11-2024T02:58:04 - [TEST_STEP][PASSED] - year = todaysDate.substring(todaysDate.length() - 4, todaysDate.length()): null

22-11-2024T02:58:04 - [TEST_STEP][PASSED] - y = year.toInteger(): null

22-11-2024T02:58:04 - [TEST_STEP][PASSED] - m = getText(findTestObject("Выполнение бизнес-плана/Выполнение бизнес-плана Балансы/Фильтр Дата")): Text of object 'Object Repository/Выполнение бизнес-плана/Выполнение бизнес-плана Балансы/Фильтр Дата' is: '1, 2, 3 кв. 2024 года'

22-11-2024T02:58:04 - [MESSAGE][PASSED] - Text of object 'Object Repository/Выполнение бизнес-плана/Выполнение бизнес-плана Балансы/Фильтр Дата' is: '1, 2, 3 кв. 2024 года'

22-11-2024T02:58:04 - [TEST_STEP][PASSED] - m = m.substring(0, m.indexOf("2024")): null

22-11-2024T02:58:04 - [TEST_STEP][PASSED] - m = m.trim(): null

22-11-2024T02:58:04 - [TEST_STEP][PASSED] - dashboardName = "Выполнение бизнес-плана": null

22-11-2024T02:58:04 - [TEST_STEP][PASSED] - workbook01 = getWorkbook(excelFilePath): null

22-11-2024T02:58:04 - [TEST_STEP][PASSED] - sheet01 = getExcelSheet(workbook01, sheetName): null

22-11-2024T02:58:04 - [TEST_STEP][PASSED] - setValueToCellByIndex(sheet01, n, 0, dashboardName): null

22-11-2024T02:58:04 - [TEST_STEP][PASSED] - setValueToCellByIndex(sheet01, n, 1, dZO): null

22-11-2024T02:58:04 - [TEST_STEP][PASSED] - setValueToCellByIndex(sheet01, n, 2, typeOfData): null

22-11-2024T02:58:04 - [TEST_STEP][PASSED] - setValueToCellByIndex(sheet01, n, 3, typeOfData): null

22-11-2024T02:58:04 - [TEST_STEP][PASSED] - if (typeOfData == "План"): null

22-11-2024T02:58:04 - [TEST_STEP][PASSED] - else if (typeOfData == "Факт"): null

22-11-2024T02:58:04 - [TEST_STEP][PASSED] - else if (vidget.contains("электроэнергии") == true): null

22-11-2024T02:58:04 - [TEST_STEP][PASSED] - if (tabR == null): null

22-11-2024T02:58:04 - [TEST_STEP][PASSED] - else: null

22-11-2024T02:58:04 - [TEST_STEP][PASSED] - if (tabR == "нет данных"): null

22-11-2024T02:58:04 - [TEST_STEP][PASSED] - setValueToCellByIndex(sheet01, n, 4, "нет данных"): null

22-11-2024T02:58:04 - [TEST_STEP][PASSED] - if (tabB == null): null

22-11-2024T02:58:04 - [TEST_STEP][PASSED] - else: null

22-11-2024T02:58:04 - [TEST_STEP][PASSED] - if (tabB == "нет данных"): null

22-11-2024T02:58:04 - [TEST_STEP][PASSED] - else: null

22-11-2024T02:58:04 - [TEST_STEP][PASSED] - TB = tabB.toInteger(): null

22-11-2024T02:58:04 - [TEST_STEP][PASSED] - setValueToCellByIndex(sheet01, n, 5, TB): null

22-11-2024T02:58:04 - [TEST_STEP][PASSED] - setValueToCellByIndex(sheet01, n, 6, m): null

22-11-2024T02:58:04 - [TEST_STEP][PASSED] - setValueToCellByIndex(sheet01, n, 7, y): null

22-11-2024T02:58:04 - [TEST_STEP][PASSED] - setValueToCellByIndex(sheet01, n, 8, todaysDate): null

22-11-2024T02:58:04 - [TEST_STEP][PASSED] - n = n + 1: null

22-11-2024T02:58:04 - [TEST_STEP][PASSED] - saveWorkbook(excelFilePath, workbook01): null

22-11-2024T02:58:04 - [TEST_STEP][PASSED] - typeOfData = "План Потери": null

22-11-2024T02:58:04 - [TEST_STEP][PASSED] - tabR = GetPPlanR(x = a): null

22-11-2024T02:58:04 - [TEST_STEP][PASSED] - i1 = <not implemented yet for class: org.codehaus.groovy.ast.expr.EmptyExpression>: null

22-11-2024T02:58:04 - [TEST_STEP][PASSED] - ii = <not implemented yet for class: org.codehaus.groovy.ast.expr.EmptyExpression>: null

22-11-2024T02:58:04 - [TEST_STEP][PASSED] - for ([ii = 1, ii < 9, (ii++)]): null

22-11-2024T02:58:04 - [TEST_STEP][PASSED] - i1 = x.indexOf("/") + 1: null

22-11-2024T02:58:04 - [TEST_STEP][PASSED] - if (i1 > -1): null

22-11-2024T02:58:04 - [TEST_STEP][PASSED] - x = x.substring(i1, x.length()): null

22-11-2024T02:58:04 - [TEST_STEP][PASSED] - println(x): null

22-11-2024T02:58:04 - [TEST_STEP][PASSED] - i1 = x.indexOf("/") + 1: null

22-11-2024T02:58:04 - [TEST_STEP][PASSED] - if (i1 > -1): null

22-11-2024T02:58:04 - [TEST_STEP][PASSED] - x = x.substring(i1, x.length()): null

22-11-2024T02:58:04 - [TEST_STEP][PASSED] - println(x): null

22-11-2024T02:58:04 - [TEST_STEP][PASSED] - i1 = x.indexOf("/") + 1: null

22-11-2024T02:58:04 - [TEST_STEP][PASSED] - if (i1 > -1): null

22-11-2024T02:58:04 - [TEST_STEP][PASSED] - x = x.substring(i1, x.length()): null

22-11-2024T02:58:04 - [TEST_STEP][PASSED] - println(x): null

22-11-2024T02:58:04 - [TEST_STEP][PASSED] - i1 = x.indexOf("/") + 1: null

22-11-2024T02:58:04 - [TEST_STEP][PASSED] - if (i1 > -1): null

22-11-2024T02:58:04 - [TEST_STEP][PASSED] - x = x.substring(i1, x.length()): null

22-11-2024T02:58:04 - [TEST_STEP][PASSED] - println(x): null

22-11-2024T02:58:04 - [TEST_STEP][PASSED] - i1 = x.indexOf("/") + 1: null

22-11-2024T02:58:04 - [TEST_STEP][PASSED] - if (i1 > -1): null

22-11-2024T02:58:04 - [TEST_STEP][PASSED] - x = x.substring(i1, x.length()): null

22-11-2024T02:58:04 - [TEST_STEP][PASSED] - println(x): null

22-11-2024T02:58:04 - [TEST_STEP][PASSED] - i1 = x.indexOf("/") + 1: null

22-11-2024T02:58:04 - [TEST_STEP][PASSED] - if (i1 > -1): null

22-11-2024T02:58:04 - [TEST_STEP][PASSED] - x = x.substring(i1, x.length()): null

22-11-2024T02:58:04 - [TEST_STEP][PASSED] - println(x): null

22-11-2024T02:58:04 - [TEST_STEP][PASSED] - i1 = x.indexOf("/") + 1: null

22-11-2024T02:58:04 - [TEST_STEP][PASSED] - if (i1 > -1): null

22-11-2024T02:58:04 - [TEST_STEP][PASSED] - x = x.substring(i1, x.length()): null

22-11-2024T02:58:04 - [TEST_STEP][PASSED] - println(x): null

22-11-2024T02:58:04 - [TEST_STEP][PASSED] - i1 = x.indexOf("/") + 1: null

22-11-2024T02:58:04 - [TEST_STEP][PASSED] - if (i1 > -1): null

22-11-2024T02:58:04 - [TEST_STEP][PASSED] - x = x.substring(i1, x.length()): null

22-11-2024T02:58:04 - [TEST_STEP][PASSED] - println(x): null

22-11-2024T02:58:04 - [TEST_STEP][PASSED] - i1 = x.indexOf("/"): null

22-11-2024T02:58:04 - [TEST_STEP][PASSED] - if (i1 > -1): null

22-11-2024T02:58:04 - [TEST_STEP][PASSED] - x = x.substring(0, i1): null

22-11-2024T02:58:04 - [TEST_STEP][PASSED] - println(x): null

22-11-2024T02:58:04 - [TEST_STEP][PASSED] - return x: null

22-11-2024T02:58:04 - [TEST_STEP][PASSED] - tabB = GetPPlanB(x = b): null

22-11-2024T02:58:04 - [TEST_STEP][PASSED] - i1 = <not implemented yet for class: org.codehaus.groovy.ast.expr.EmptyExpression>: null

22-11-2024T02:58:04 - [TEST_STEP][PASSED] - ii = <not implemented yet for class: org.codehaus.groovy.ast.expr.EmptyExpression>: null

22-11-2024T02:58:04 - [TEST_STEP][PASSED] - for ([ii = 1, ii < 9, (ii++)]): null

22-11-2024T02:58:04 - [TEST_STEP][PASSED] - i1 = x.indexOf("/") + 1: null

22-11-2024T02:58:04 - [TEST_STEP][PASSED] - if (i1 > -1): null

22-11-2024T02:58:04 - [TEST_STEP][PASSED] - x = x.substring(i1, x.length()): null

22-11-2024T02:58:04 - [TEST_STEP][PASSED] - println(x): null

22-11-2024T02:58:04 - [TEST_STEP][PASSED] - i1 = x.indexOf("/") + 1: null

22-11-2024T02:58:04 - [TEST_STEP][PASSED] - if (i1 > -1): null

22-11-2024T02:58:04 - [TEST_STEP][PASSED] - x = x.substring(i1, x.length()): null

22-11-2024T02:58:04 - [TEST_STEP][PASSED] - println(x): null

22-11-2024T02:58:04 - [TEST_STEP][PASSED] - i1 = x.indexOf("/") + 1: null

22-11-2024T02:58:04 - [TEST_STEP][PASSED] - if (i1 > -1): null

22-11-2024T02:58:04 - [TEST_STEP][PASSED] - x = x.substring(i1, x.length()): null

22-11-2024T02:58:04 - [TEST_STEP][PASSED] - println(x): null

22-11-2024T02:58:04 - [TEST_STEP][PASSED] - i1 = x.indexOf("/") + 1: null

22-11-2024T02:58:04 - [TEST_STEP][PASSED] - if (i1 > -1): null

22-11-2024T02:58:04 - [TEST_STEP][PASSED] - x = x.substring(i1, x.length()): null

22-11-2024T02:58:04 - [TEST_STEP][PASSED] - println(x): null

22-11-2024T02:58:04 - [TEST_STEP][PASSED] - i1 = x.indexOf("/") + 1: null

22-11-2024T02:58:04 - [TEST_STEP][PASSED] - if (i1 > -1): null

22-11-2024T02:58:04 - [TEST_STEP][PASSED] - x = x.substring(i1, x.length()): null

22-11-2024T02:58:04 - [TEST_STEP][PASSED] - println(x): null

22-11-2024T02:58:04 - [TEST_STEP][PASSED] - i1 = x.indexOf("/") + 1: null

22-11-2024T02:58:04 - [TEST_STEP][PASSED] - if (i1 > -1): null

22-11-2024T02:58:04 - [TEST_STEP][PASSED] - x = x.substring(i1, x.length()): null

22-11-2024T02:58:04 - [TEST_STEP][PASSED] - println(x): null

22-11-2024T02:58:04 - [TEST_STEP][PASSED] - i1 = x.indexOf("/") + 1: null

22-11-2024T02:58:04 - [TEST_STEP][PASSED] - if (i1 > -1): null

22-11-2024T02:58:04 - [TEST_STEP][PASSED] - x = x.substring(i1, x.length()): null

22-11-2024T02:58:04 - [TEST_STEP][PASSED] - println(x): null

22-11-2024T02:58:04 - [TEST_STEP][PASSED] - i1 = x.indexOf("/") + 1: null

22-11-2024T02:58:04 - [TEST_STEP][PASSED] - if (i1 > -1): null

22-11-2024T02:58:04 - [TEST_STEP][PASSED] - x = x.substring(i1, x.length()): null

22-11-2024T02:58:04 - [TEST_STEP][PASSED] - println(x): null

22-11-2024T02:58:04 - [TEST_STEP][PASSED] - i1 = x.indexOf("/"): null

22-11-2024T02:58:04 - [TEST_STEP][PASSED] - if (i1 > -1): null

22-11-2024T02:58:04 - [TEST_STEP][PASSED] - x = x.substring(0, i1): null

22-11-2024T02:58:04 - [TEST_STEP][PASSED] - println(x): null

22-11-2024T02:58:04 - [TEST_STEP][FAILED] - return x: null

22-11-2024T02:58:04 - [TEST_STEP][PASSED] - println(tabR + "/" + tabB): null

22-11-2024T02:58:04 - [TEST_STEP][FAILED] - if (verifyEqual(PercFactR, PercFactB) == false): null

22-11-2024T02:58:04 - [MESSAGE][FAILED] - Unable to verify equal between actual object 'нет данных' and expected object '8.68' (Root cause: com.kms.katalon.core.exception.StepFailedException: Actual object 'нет данных' and expected object '8.68' are not equal
	at com.kms.katalon.core.keyword.builtin.VerifyEqualKeyword$_verifyEqual_closure1.doCall(VerifyEqualKeyword.groovy:58)
	at com.kms.katalon.core.keyword.builtin.VerifyEqualKeyword$_verifyEqual_closure1.call(VerifyEqualKeyword.groovy)
	at com.kms.katalon.core.keyword.internal.KeywordMain.runKeyword(KeywordMain.groovy:75)
	at com.kms.katalon.core.keyword.builtin.VerifyEqualKeyword.verifyEqual(VerifyEqualKeyword.groovy:63)
	at com.kms.katalon.core.keyword.builtin.VerifyEqualKeyword.execute(VerifyEqualKeyword.groovy:44)
	at com.kms.katalon.core.keyword.internal.KeywordExecutor.executeKeywordForPlatform(KeywordExecutor.groovy:74)
	at com.kms.katalon.core.keyword.BuiltinKeywords.verifyEqual(BuiltinKeywords.groovy:146)
	at jdk.internal.reflect.GeneratedMethodAccessor25.invoke(Unknown Source)
	at java.base/jdk.internal.reflect.DelegatingMethodAccessorImpl.invoke(DelegatingMethodAccessorImpl.java:43)
	at Выполнение бизнес-плана сверка дашбордов.CompareDZOData(Выполнение бизнес-плана сверка дашбордов:771)
	at Выполнение бизнес-плана сверка дашбордов.run(Выполнение бизнес-плана сверка дашбордов:603)
	at com.kms.katalon.core.main.ScriptEngine.run(ScriptEngine.java:194)
	at com.kms.katalon.core.main.ScriptEngine.runScriptAsRawText(ScriptEngine.java:119)
	at com.kms.katalon.core.main.TestCaseExecutor.runScript(TestCaseExecutor.java:448)
	at com.kms.katalon.core.main.TestCaseExecutor.doExecute(TestCaseExecutor.java:439)
	at com.kms.katalon.core.main.TestCaseExecutor.processExecutionPhase(TestCaseExecutor.java:418)
	at com.kms.katalon.core.main.TestCaseExecutor.accessMainPhase(TestCaseExecutor.java:410)
	at com.kms.katalon.core.main.TestCaseExecutor.execute(TestCaseExecutor.java:285)
	at com.kms.katalon.core.common.CommonExecutor.accessTestCaseMainPhase(CommonExecutor.java:65)
	at com.kms.katalon.core.main.TestSuiteExecutor.accessTestSuiteMainPhase(TestSuiteExecutor.java:150)
	at com.kms.katalon.core.main.TestSuiteExecutor.execute(TestSuiteExecutor.java:106)
	at com.kms.katalon.core.main.TestCaseMain.startTestSuite(TestCaseMain.java:180)
	at TempTestSuite1732232929817.run(TempTestSuite1732232929817.groovy:35)
	at java.base/jdk.internal.reflect.NativeMethodAccessorImpl.invoke0(Native Method)
	at java.base/jdk.internal.reflect.NativeMethodAccessorImpl.invoke(NativeMethodAccessorImpl.java:77)
	at java.base/jdk.internal.reflect.DelegatingMethodAccessorImpl.invoke(DelegatingMethodAccessorImpl.java:43)
)

22-11-2024T02:58:04 - [TEST_STEP][PASSED] - result = WriteToExcel(typeOfData, todaysDate, PercPlanR, PercPlanB, PercFactR, PercFactB, x, tabR, tabB, o1R, o1B, vidget): null

22-11-2024T02:58:04 - [TEST_STEP][PASSED] - iii = dZO.indexOf("/"): null

22-11-2024T02:58:04 - [TEST_STEP][PASSED] - println(iii): null

22-11-2024T02:58:04 - [TEST_STEP][PASSED] - dZO = dZO.substring(0, iii): null

22-11-2024T02:58:04 - [TEST_STEP][PASSED] - println(dZO): null

22-11-2024T02:58:04 - [TEST_STEP][PASSED] - println(PercPlanR): null

22-11-2024T02:58:04 - [TEST_STEP][PASSED] - println(PercPlanB): null

22-11-2024T02:58:04 - [TEST_STEP][PASSED] - println(PercFactR): null

22-11-2024T02:58:04 - [TEST_STEP][PASSED] - println(PercFactB): null

22-11-2024T02:58:04 - [TEST_STEP][PASSED] - println(tabR): null

22-11-2024T02:58:04 - [TEST_STEP][PASSED] - println(tabB): null

22-11-2024T02:58:04 - [TEST_STEP][PASSED] - println(o1R): null

22-11-2024T02:58:04 - [TEST_STEP][PASSED] - println(o1B): null

22-11-2024T02:58:04 - [TEST_STEP][PASSED] - PR = <not implemented yet for class: org.codehaus.groovy.ast.expr.EmptyExpression>: null

22-11-2024T02:58:04 - [TEST_STEP][PASSED] - FR = <not implemented yet for class: org.codehaus.groovy.ast.expr.EmptyExpression>: null

22-11-2024T02:58:04 - [TEST_STEP][PASSED] - PB = <not implemented yet for class: org.codehaus.groovy.ast.expr.EmptyExpression>: null

22-11-2024T02:58:04 - [TEST_STEP][PASSED] - FB = <not implemented yet for class: org.codehaus.groovy.ast.expr.EmptyExpression>: null

22-11-2024T02:58:04 - [TEST_STEP][PASSED] - TR = <not implemented yet for class: org.codehaus.groovy.ast.expr.EmptyExpression>: null

22-11-2024T02:58:04 - [TEST_STEP][PASSED] - TB = <not implemented yet for class: org.codehaus.groovy.ast.expr.EmptyExpression>: null

22-11-2024T02:58:04 - [TEST_STEP][PASSED] - sheetName = "Sheet1": null

22-11-2024T02:58:04 - [TEST_STEP][PASSED] - data = findTestData("PlanFact"): null

22-11-2024T02:58:05 - [TEST_STEP][PASSED] - n = data.getRowNumbers() + 1: null

22-11-2024T02:58:05 - [TEST_STEP][PASSED] - year = todaysDate.substring(todaysDate.length() - 4, todaysDate.length()): null

22-11-2024T02:58:05 - [TEST_STEP][PASSED] - y = year.toInteger(): null

22-11-2024T02:58:05 - [TEST_STEP][PASSED] - m = getText(findTestObject("Выполнение бизнес-плана/Выполнение бизнес-плана Балансы/Фильтр Дата")): Text of object 'Object Repository/Выполнение бизнес-плана/Выполнение бизнес-плана Балансы/Фильтр Дата' is: '1, 2, 3 кв. 2024 года'

22-11-2024T02:58:05 - [MESSAGE][PASSED] - Text of object 'Object Repository/Выполнение бизнес-плана/Выполнение бизнес-плана Балансы/Фильтр Дата' is: '1, 2, 3 кв. 2024 года'

22-11-2024T02:58:05 - [TEST_STEP][PASSED] - m = m.substring(0, m.indexOf("2024")): null

22-11-2024T02:58:05 - [TEST_STEP][PASSED] - m = m.trim(): null

22-11-2024T02:58:05 - [TEST_STEP][PASSED] - dashboardName = "Выполнение бизнес-плана": null

22-11-2024T02:58:05 - [TEST_STEP][PASSED] - workbook01 = getWorkbook(excelFilePath): null

22-11-2024T02:58:05 - [TEST_STEP][PASSED] - sheet01 = getExcelSheet(workbook01, sheetName): null

22-11-2024T02:58:05 - [TEST_STEP][PASSED] - setValueToCellByIndex(sheet01, n, 0, dashboardName): null

22-11-2024T02:58:05 - [TEST_STEP][PASSED] - setValueToCellByIndex(sheet01, n, 1, dZO): null

22-11-2024T02:58:05 - [TEST_STEP][PASSED] - setValueToCellByIndex(sheet01, n, 2, typeOfData): null

22-11-2024T02:58:05 - [TEST_STEP][PASSED] - setValueToCellByIndex(sheet01, n, 3, typeOfData): null

22-11-2024T02:58:05 - [TEST_STEP][PASSED] - if (typeOfData == "План"): null

22-11-2024T02:58:05 - [TEST_STEP][PASSED] - else if (typeOfData == "Факт"): null

22-11-2024T02:58:05 - [TEST_STEP][PASSED] - else if (vidget.contains("электроэнергии") == true): null

22-11-2024T02:58:05 - [TEST_STEP][PASSED] - if (tabR == null): null

22-11-2024T02:58:05 - [TEST_STEP][PASSED] - else: null

22-11-2024T02:58:05 - [TEST_STEP][PASSED] - if (tabR == "нет данных"): null

22-11-2024T02:58:05 - [TEST_STEP][PASSED] - setValueToCellByIndex(sheet01, n, 4, "нет данных"): null

22-11-2024T02:58:05 - [TEST_STEP][PASSED] - if (tabB == null): null

22-11-2024T02:58:05 - [TEST_STEP][PASSED] - else: null

22-11-2024T02:58:05 - [TEST_STEP][PASSED] - if (tabB == "нет данных"): null

22-11-2024T02:58:05 - [TEST_STEP][PASSED] - else: null

22-11-2024T02:58:05 - [TEST_STEP][PASSED] - TB = tabB.toInteger(): null

22-11-2024T02:58:05 - [TEST_STEP][PASSED] - setValueToCellByIndex(sheet01, n, 5, TB): null

22-11-2024T02:58:05 - [TEST_STEP][PASSED] - setValueToCellByIndex(sheet01, n, 6, m): null

22-11-2024T02:58:05 - [TEST_STEP][PASSED] - setValueToCellByIndex(sheet01, n, 7, y): null

22-11-2024T02:58:05 - [TEST_STEP][PASSED] - setValueToCellByIndex(sheet01, n, 8, todaysDate): null

22-11-2024T02:58:05 - [TEST_STEP][PASSED] - n = n + 1: null

22-11-2024T02:58:05 - [TEST_STEP][PASSED] - saveWorkbook(excelFilePath, workbook01): null

22-11-2024T02:58:05 - [TEST_STEP][PASSED] - ii2 = a.indexOf("ПАО"): null

22-11-2024T02:58:05 - [TEST_STEP][PASSED] - if (ii2 == -1): null

22-11-2024T02:58:05 - [TEST_STEP][PASSED] - vidget = "Отклонения фактического уровня потерь от бизнес-плана": null

22-11-2024T02:58:05 - [TEST_STEP][PASSED] - typeOfData = "Коэффициент": null

22-11-2024T02:58:05 - [TEST_STEP][PASSED] - o1R = Geto1R(x = a): null

22-11-2024T02:58:05 - [TEST_STEP][PASSED] - i1 = <not implemented yet for class: org.codehaus.groovy.ast.expr.EmptyExpression>: null

22-11-2024T02:58:05 - [TEST_STEP][PASSED] - ii = <not implemented yet for class: org.codehaus.groovy.ast.expr.EmptyExpression>: null

22-11-2024T02:58:05 - [TEST_STEP][PASSED] - for ([ii = 1, ii < 10, (ii++)]): null

22-11-2024T02:58:05 - [TEST_STEP][PASSED] - i1 = x.indexOf("/") + 1: null

22-11-2024T02:58:05 - [TEST_STEP][PASSED] - if (i1 > -1): null

22-11-2024T02:58:05 - [TEST_STEP][PASSED] - x = x.substring(i1, x.length()): null

22-11-2024T02:58:05 - [TEST_STEP][PASSED] - i1 = x.indexOf("/") + 1: null

22-11-2024T02:58:05 - [TEST_STEP][PASSED] - if (i1 > -1): null

22-11-2024T02:58:05 - [TEST_STEP][PASSED] - x = x.substring(i1, x.length()): null

22-11-2024T02:58:05 - [TEST_STEP][PASSED] - i1 = x.indexOf("/") + 1: null

22-11-2024T02:58:05 - [TEST_STEP][PASSED] - if (i1 > -1): null

22-11-2024T02:58:05 - [TEST_STEP][PASSED] - x = x.substring(i1, x.length()): null

22-11-2024T02:58:05 - [TEST_STEP][PASSED] - i1 = x.indexOf("/") + 1: null

22-11-2024T02:58:05 - [TEST_STEP][PASSED] - if (i1 > -1): null

22-11-2024T02:58:05 - [TEST_STEP][PASSED] - x = x.substring(i1, x.length()): null

22-11-2024T02:58:05 - [TEST_STEP][PASSED] - i1 = x.indexOf("/") + 1: null

22-11-2024T02:58:05 - [TEST_STEP][PASSED] - if (i1 > -1): null

22-11-2024T02:58:05 - [TEST_STEP][PASSED] - x = x.substring(i1, x.length()): null

22-11-2024T02:58:05 - [TEST_STEP][PASSED] - i1 = x.indexOf("/") + 1: null

22-11-2024T02:58:05 - [TEST_STEP][PASSED] - if (i1 > -1): null

22-11-2024T02:58:05 - [TEST_STEP][PASSED] - x = x.substring(i1, x.length()): null

22-11-2024T02:58:05 - [TEST_STEP][PASSED] - i1 = x.indexOf("/") + 1: null

22-11-2024T02:58:05 - [TEST_STEP][PASSED] - if (i1 > -1): null

22-11-2024T02:58:05 - [TEST_STEP][PASSED] - x = x.substring(i1, x.length()): null

22-11-2024T02:58:05 - [TEST_STEP][PASSED] - i1 = x.indexOf("/") + 1: null

22-11-2024T02:58:05 - [TEST_STEP][PASSED] - if (i1 > -1): null

22-11-2024T02:58:05 - [TEST_STEP][PASSED] - x = x.substring(i1, x.length()): null

22-11-2024T02:58:05 - [TEST_STEP][PASSED] - i1 = x.indexOf("/") + 1: null

22-11-2024T02:58:05 - [TEST_STEP][PASSED] - if (i1 > -1): null

22-11-2024T02:58:05 - [TEST_STEP][PASSED] - x = x.substring(i1, x.length()): null

22-11-2024T02:58:05 - [TEST_STEP][PASSED] - i1 = x.indexOf("/"): null

22-11-2024T02:58:05 - [TEST_STEP][PASSED] - if (i1 > -1): null

22-11-2024T02:58:05 - [TEST_STEP][PASSED] - println(x): null

22-11-2024T02:58:05 - [TEST_STEP][PASSED] - return x: null

22-11-2024T02:58:05 - [TEST_STEP][PASSED] - o1B = Geto1B(x = b): null

22-11-2024T02:58:05 - [TEST_STEP][PASSED] - i1 = <not implemented yet for class: org.codehaus.groovy.ast.expr.EmptyExpression>: null

22-11-2024T02:58:05 - [TEST_STEP][PASSED] - ii = <not implemented yet for class: org.codehaus.groovy.ast.expr.EmptyExpression>: null

22-11-2024T02:58:05 - [TEST_STEP][PASSED] - for ([ii = 1, ii < 10, (ii++)]): null

22-11-2024T02:58:05 - [TEST_STEP][PASSED] - i1 = x.indexOf("/") + 1: null

22-11-2024T02:58:05 - [TEST_STEP][PASSED] - if (i1 > -1): null

22-11-2024T02:58:05 - [TEST_STEP][PASSED] - x = x.substring(i1, x.length()): null

22-11-2024T02:58:05 - [TEST_STEP][PASSED] - i1 = x.indexOf("/") + 1: null

22-11-2024T02:58:05 - [TEST_STEP][PASSED] - if (i1 > -1): null

22-11-2024T02:58:05 - [TEST_STEP][PASSED] - x = x.substring(i1, x.length()): null

22-11-2024T02:58:05 - [TEST_STEP][PASSED] - i1 = x.indexOf("/") + 1: null

22-11-2024T02:58:05 - [TEST_STEP][PASSED] - if (i1 > -1): null

22-11-2024T02:58:05 - [TEST_STEP][PASSED] - x = x.substring(i1, x.length()): null

22-11-2024T02:58:05 - [TEST_STEP][PASSED] - i1 = x.indexOf("/") + 1: null

22-11-2024T02:58:05 - [TEST_STEP][PASSED] - if (i1 > -1): null

22-11-2024T02:58:05 - [TEST_STEP][PASSED] - x = x.substring(i1, x.length()): null

22-11-2024T02:58:05 - [TEST_STEP][PASSED] - i1 = x.indexOf("/") + 1: null

22-11-2024T02:58:05 - [TEST_STEP][PASSED] - if (i1 > -1): null

22-11-2024T02:58:05 - [TEST_STEP][PASSED] - x = x.substring(i1, x.length()): null

22-11-2024T02:58:05 - [TEST_STEP][PASSED] - i1 = x.indexOf("/") + 1: null

22-11-2024T02:58:05 - [TEST_STEP][PASSED] - if (i1 > -1): null

22-11-2024T02:58:05 - [TEST_STEP][PASSED] - x = x.substring(i1, x.length()): null

22-11-2024T02:58:05 - [TEST_STEP][PASSED] - i1 = x.indexOf("/") + 1: null

22-11-2024T02:58:05 - [TEST_STEP][PASSED] - if (i1 > -1): null

22-11-2024T02:58:05 - [TEST_STEP][PASSED] - x = x.substring(i1, x.length()): null

22-11-2024T02:58:05 - [TEST_STEP][PASSED] - i1 = x.indexOf("/") + 1: null

22-11-2024T02:58:05 - [TEST_STEP][PASSED] - if (i1 > -1): null

22-11-2024T02:58:05 - [TEST_STEP][PASSED] - x = x.substring(i1, x.length()): null

22-11-2024T02:58:05 - [TEST_STEP][PASSED] - i1 = x.indexOf("/") + 1: null

22-11-2024T02:58:05 - [TEST_STEP][PASSED] - if (i1 > -1): null

22-11-2024T02:58:05 - [TEST_STEP][PASSED] - x = x.substring(i1, x.length()): null

22-11-2024T02:58:05 - [TEST_STEP][PASSED] - i1 = x.indexOf("/"): null

22-11-2024T02:58:05 - [TEST_STEP][PASSED] - if (i1 > -1): null

22-11-2024T02:58:05 - [TEST_STEP][PASSED] - println(x): null

22-11-2024T02:58:05 - [TEST_STEP][FAILED] - return x: null

22-11-2024T02:58:05 - [TEST_STEP][PASSED] - println(o1R + "/" + o1B): null

22-11-2024T02:58:05 - [TEST_STEP][FAILED] - if (verifyEqual(PercFactR, PercFactB) == false): null

22-11-2024T02:58:05 - [MESSAGE][FAILED] - Unable to verify equal between actual object 'нет данных' and expected object '8.68' (Root cause: com.kms.katalon.core.exception.StepFailedException: Actual object 'нет данных' and expected object '8.68' are not equal
	at com.kms.katalon.core.keyword.builtin.VerifyEqualKeyword$_verifyEqual_closure1.doCall(VerifyEqualKeyword.groovy:58)
	at com.kms.katalon.core.keyword.builtin.VerifyEqualKeyword$_verifyEqual_closure1.call(VerifyEqualKeyword.groovy)
	at com.kms.katalon.core.keyword.internal.KeywordMain.runKeyword(KeywordMain.groovy:75)
	at com.kms.katalon.core.keyword.builtin.VerifyEqualKeyword.verifyEqual(VerifyEqualKeyword.groovy:63)
	at com.kms.katalon.core.keyword.builtin.VerifyEqualKeyword.execute(VerifyEqualKeyword.groovy:44)
	at com.kms.katalon.core.keyword.internal.KeywordExecutor.executeKeywordForPlatform(KeywordExecutor.groovy:74)
	at com.kms.katalon.core.keyword.BuiltinKeywords.verifyEqual(BuiltinKeywords.groovy:146)
	at jdk.internal.reflect.GeneratedMethodAccessor25.invoke(Unknown Source)
	at java.base/jdk.internal.reflect.DelegatingMethodAccessorImpl.invoke(DelegatingMethodAccessorImpl.java:43)
	at Выполнение бизнес-плана сверка дашбордов.CompareDZOData(Выполнение бизнес-плана сверка дашбордов:789)
	at Выполнение бизнес-плана сверка дашбордов.run(Выполнение бизнес-плана сверка дашбордов:603)
	at com.kms.katalon.core.main.ScriptEngine.run(ScriptEngine.java:194)
	at com.kms.katalon.core.main.ScriptEngine.runScriptAsRawText(ScriptEngine.java:119)
	at com.kms.katalon.core.main.TestCaseExecutor.runScript(TestCaseExecutor.java:448)
	at com.kms.katalon.core.main.TestCaseExecutor.doExecute(TestCaseExecutor.java:439)
	at com.kms.katalon.core.main.TestCaseExecutor.processExecutionPhase(TestCaseExecutor.java:418)
	at com.kms.katalon.core.main.TestCaseExecutor.accessMainPhase(TestCaseExecutor.java:410)
	at com.kms.katalon.core.main.TestCaseExecutor.execute(TestCaseExecutor.java:285)
	at com.kms.katalon.core.common.CommonExecutor.accessTestCaseMainPhase(CommonExecutor.java:65)
	at com.kms.katalon.core.main.TestSuiteExecutor.accessTestSuiteMainPhase(TestSuiteExecutor.java:150)
	at com.kms.katalon.core.main.TestSuiteExecutor.execute(TestSuiteExecutor.java:106)
	at com.kms.katalon.core.main.TestCaseMain.startTestSuite(TestCaseMain.java:180)
	at TempTestSuite1732232929817.run(TempTestSuite1732232929817.groovy:35)
	at java.base/jdk.internal.reflect.NativeMethodAccessorImpl.invoke0(Native Method)
	at java.base/jdk.internal.reflect.NativeMethodAccessorImpl.invoke(NativeMethodAccessorImpl.java:77)
	at java.base/jdk.internal.reflect.DelegatingMethodAccessorImpl.invoke(DelegatingMethodAccessorImpl.java:43)
)

22-11-2024T02:58:05 - [TEST_STEP][PASSED] - result = WriteToExcel(typeOfData, todaysDate, PercPlanR, PercPlanB, PercFactR, PercFactB, x, tabR, tabB, o1R, o1B, vidget): null

22-11-2024T02:58:05 - [TEST_STEP][PASSED] - iii = dZO.indexOf("/"): null

22-11-2024T02:58:05 - [TEST_STEP][PASSED] - println(iii): null

22-11-2024T02:58:05 - [TEST_STEP][PASSED] - dZO = dZO.substring(0, iii): null

22-11-2024T02:58:05 - [TEST_STEP][PASSED] - println(dZO): null

22-11-2024T02:58:05 - [TEST_STEP][PASSED] - println(PercPlanR): null

22-11-2024T02:58:05 - [TEST_STEP][PASSED] - println(PercPlanB): null

22-11-2024T02:58:05 - [TEST_STEP][PASSED] - println(PercFactR): null

22-11-2024T02:58:05 - [TEST_STEP][PASSED] - println(PercFactB): null

22-11-2024T02:58:05 - [TEST_STEP][PASSED] - println(tabR): null

22-11-2024T02:58:05 - [TEST_STEP][PASSED] - println(tabB): null

22-11-2024T02:58:05 - [TEST_STEP][PASSED] - println(o1R): null

22-11-2024T02:58:05 - [TEST_STEP][PASSED] - println(o1B): null

22-11-2024T02:58:05 - [TEST_STEP][PASSED] - PR = <not implemented yet for class: org.codehaus.groovy.ast.expr.EmptyExpression>: null

22-11-2024T02:58:05 - [TEST_STEP][PASSED] - FR = <not implemented yet for class: org.codehaus.groovy.ast.expr.EmptyExpression>: null

22-11-2024T02:58:05 - [TEST_STEP][PASSED] - PB = <not implemented yet for class: org.codehaus.groovy.ast.expr.EmptyExpression>: null

22-11-2024T02:58:05 - [TEST_STEP][PASSED] - FB = <not implemented yet for class: org.codehaus.groovy.ast.expr.EmptyExpression>: null

22-11-2024T02:58:05 - [TEST_STEP][PASSED] - TR = <not implemented yet for class: org.codehaus.groovy.ast.expr.EmptyExpression>: null

22-11-2024T02:58:05 - [TEST_STEP][PASSED] - TB = <not implemented yet for class: org.codehaus.groovy.ast.expr.EmptyExpression>: null

22-11-2024T02:58:05 - [TEST_STEP][PASSED] - sheetName = "Sheet1": null

22-11-2024T02:58:05 - [TEST_STEP][PASSED] - data = findTestData("PlanFact"): null

22-11-2024T02:58:05 - [TEST_STEP][PASSED] - n = data.getRowNumbers() + 1: null

22-11-2024T02:58:05 - [TEST_STEP][PASSED] - year = todaysDate.substring(todaysDate.length() - 4, todaysDate.length()): null

22-11-2024T02:58:05 - [TEST_STEP][PASSED] - y = year.toInteger(): null

22-11-2024T02:58:05 - [TEST_STEP][PASSED] - m = getText(findTestObject("Выполнение бизнес-плана/Выполнение бизнес-плана Балансы/Фильтр Дата")): Text of object 'Object Repository/Выполнение бизнес-плана/Выполнение бизнес-плана Балансы/Фильтр Дата' is: '1, 2, 3 кв. 2024 года'

22-11-2024T02:58:05 - [MESSAGE][PASSED] - Text of object 'Object Repository/Выполнение бизнес-плана/Выполнение бизнес-плана Балансы/Фильтр Дата' is: '1, 2, 3 кв. 2024 года'

22-11-2024T02:58:05 - [TEST_STEP][PASSED] - m = m.substring(0, m.indexOf("2024")): null

22-11-2024T02:58:05 - [TEST_STEP][PASSED] - m = m.trim(): null

22-11-2024T02:58:05 - [TEST_STEP][PASSED] - dashboardName = "Выполнение бизнес-плана": null

22-11-2024T02:58:05 - [TEST_STEP][PASSED] - workbook01 = getWorkbook(excelFilePath): null

22-11-2024T02:58:06 - [TEST_STEP][PASSED] - sheet01 = getExcelSheet(workbook01, sheetName): null

22-11-2024T02:58:06 - [TEST_STEP][PASSED] - setValueToCellByIndex(sheet01, n, 0, dashboardName): null

22-11-2024T02:58:06 - [TEST_STEP][PASSED] - setValueToCellByIndex(sheet01, n, 1, dZO): null

22-11-2024T02:58:06 - [TEST_STEP][PASSED] - setValueToCellByIndex(sheet01, n, 2, typeOfData): null

22-11-2024T02:58:06 - [TEST_STEP][PASSED] - setValueToCellByIndex(sheet01, n, 3, typeOfData): null

22-11-2024T02:58:06 - [TEST_STEP][PASSED] - if (typeOfData == "План"): null

22-11-2024T02:58:06 - [TEST_STEP][PASSED] - else if (typeOfData == "Факт"): null

22-11-2024T02:58:06 - [TEST_STEP][PASSED] - else if (vidget.contains("электроэнергии") == true): null

22-11-2024T02:58:06 - [TEST_STEP][PASSED] - else: null

22-11-2024T02:58:06 - [TEST_STEP][PASSED] - if (o1R == null): null

22-11-2024T02:58:06 - [TEST_STEP][PASSED] - else: null

22-11-2024T02:58:06 - [TEST_STEP][PASSED] - if (o1R == "нет данных"): null

22-11-2024T02:58:06 - [TEST_STEP][PASSED] - setValueToCellByIndex(sheet01, n, 4, "нет данных"): null

22-11-2024T02:58:06 - [TEST_STEP][PASSED] - if (o1B == null): null

22-11-2024T02:58:06 - [TEST_STEP][PASSED] - else: null

22-11-2024T02:58:06 - [TEST_STEP][PASSED] - if (o1B == "нет данных"): null

22-11-2024T02:58:06 - [TEST_STEP][PASSED] - else: null

22-11-2024T02:58:06 - [TEST_STEP][PASSED] - FB = o1B.toDouble(): null

22-11-2024T02:58:06 - [TEST_STEP][PASSED] - setValueToCellByIndex(sheet01, n, 5, FB): null

22-11-2024T02:58:06 - [TEST_STEP][PASSED] - setValueToCellByIndex(sheet01, n, 6, m): null

22-11-2024T02:58:06 - [TEST_STEP][PASSED] - setValueToCellByIndex(sheet01, n, 7, y): null

22-11-2024T02:58:06 - [TEST_STEP][PASSED] - setValueToCellByIndex(sheet01, n, 8, todaysDate): null

22-11-2024T02:58:06 - [TEST_STEP][PASSED] - n = n + 1: null

22-11-2024T02:58:06 - [TEST_STEP][FAILED] - saveWorkbook(excelFilePath, workbook01): null

22-11-2024T02:58:06 - [TEST_STEP][FAILED] - if (verifyEqual(lR, lB) == false): null

22-11-2024T02:58:06 - [MESSAGE][FAILED] - Unable to verify equal between actual object 'Россети Ленэнерго (ГК)/нет данных/нет данных/нет данных/нет данных/нет данных/нет данных/нет данных/нет данных/нет данных' and expected object 'Россети Ленэнерго (ГК)/10.52/10.48/28182585/25230190/2952395/26975010/24137531/2837479/-0.04' (Root cause: com.kms.katalon.core.exception.StepFailedException: Actual object 'Россети Ленэнерго (ГК)/нет данных/нет данных/нет данных/нет данных/нет данных/нет данных/нет данных/нет данных/нет данных' and expected object 'Россети Ленэнерго (ГК)/10.52/10.48/28182585/25230190/2952395/26975010/24137531/2837479/-0.04' are not equal
	at com.kms.katalon.core.keyword.builtin.VerifyEqualKeyword$_verifyEqual_closure1.doCall(VerifyEqualKeyword.groovy:58)
	at com.kms.katalon.core.keyword.builtin.VerifyEqualKeyword$_verifyEqual_closure1.call(VerifyEqualKeyword.groovy)
	at com.kms.katalon.core.keyword.internal.KeywordMain.runKeyword(KeywordMain.groovy:75)
	at com.kms.katalon.core.keyword.builtin.VerifyEqualKeyword.verifyEqual(VerifyEqualKeyword.groovy:63)
	at com.kms.katalon.core.keyword.builtin.VerifyEqualKeyword.execute(VerifyEqualKeyword.groovy:44)
	at com.kms.katalon.core.keyword.internal.KeywordExecutor.executeKeywordForPlatform(KeywordExecutor.groovy:74)
	at com.kms.katalon.core.keyword.BuiltinKeywords.verifyEqual(BuiltinKeywords.groovy:146)
	at jdk.internal.reflect.GeneratedMethodAccessor25.invoke(Unknown Source)
	at java.base/jdk.internal.reflect.DelegatingMethodAccessorImpl.invoke(DelegatingMethodAccessorImpl.java:43)
	at Выполнение бизнес-плана сверка дашбордов.run(Выполнение бизнес-плана сверка дашбордов:607)
	at com.kms.katalon.core.main.ScriptEngine.run(ScriptEngine.java:194)
	at com.kms.katalon.core.main.ScriptEngine.runScriptAsRawText(ScriptEngine.java:119)
	at com.kms.katalon.core.main.TestCaseExecutor.runScript(TestCaseExecutor.java:448)
	at com.kms.katalon.core.main.TestCaseExecutor.doExecute(TestCaseExecutor.java:439)
	at com.kms.katalon.core.main.TestCaseExecutor.processExecutionPhase(TestCaseExecutor.java:418)
	at com.kms.katalon.core.main.TestCaseExecutor.accessMainPhase(TestCaseExecutor.java:410)
	at com.kms.katalon.core.main.TestCaseExecutor.execute(TestCaseExecutor.java:285)
	at com.kms.katalon.core.common.CommonExecutor.accessTestCaseMainPhase(CommonExecutor.java:65)
	at com.kms.katalon.core.main.TestSuiteExecutor.accessTestSuiteMainPhase(TestSuiteExecutor.java:150)
	at com.kms.katalon.core.main.TestSuiteExecutor.execute(TestSuiteExecutor.java:106)
	at com.kms.katalon.core.main.TestCaseMain.startTestSuite(TestCaseMain.java:180)
	at TempTestSuite1732232929817.run(TempTestSuite1732232929817.groovy:35)
	at java.base/jdk.internal.reflect.NativeMethodAccessorImpl.invoke0(Native Method)
	at java.base/jdk.internal.reflect.NativeMethodAccessorImpl.invoke(NativeMethodAccessorImpl.java:77)
	at java.base/jdk.internal.reflect.DelegatingMethodAccessorImpl.invoke(DelegatingMethodAccessorImpl.java:43)
)

22-11-2024T02:58:06 - [TEST_STEP][PASSED] - result = CompareDZOData(a = lR, b = lB, dZO, typeOfData, PercPlanR, PercPlanB, PercFactR, PercFactB, todaysDate, x, vidget, tabR, tabB, o1R, o1B): null

22-11-2024T02:58:06 - [TEST_STEP][PASSED] - ii2 = <not implemented yet for class: org.codehaus.groovy.ast.expr.EmptyExpression>: null

22-11-2024T02:58:06 - [TEST_STEP][FAILED] - if (verifyEqual(a, b) == false): null

22-11-2024T02:58:06 - [MESSAGE][FAILED] - Unable to verify equal between actual object 'Россети Ленэнерго (ГК)/нет данных/нет данных/нет данных/нет данных/нет данных/нет данных/нет данных/нет данных/нет данных' and expected object 'Россети Ленэнерго (ГК)/10.52/10.48/28182585/25230190/2952395/26975010/24137531/2837479/-0.04' (Root cause: com.kms.katalon.core.exception.StepFailedException: Actual object 'Россети Ленэнерго (ГК)/нет данных/нет данных/нет данных/нет данных/нет данных/нет данных/нет данных/нет данных/нет данных' and expected object 'Россети Ленэнерго (ГК)/10.52/10.48/28182585/25230190/2952395/26975010/24137531/2837479/-0.04' are not equal
	at com.kms.katalon.core.keyword.builtin.VerifyEqualKeyword$_verifyEqual_closure1.doCall(VerifyEqualKeyword.groovy:58)
	at com.kms.katalon.core.keyword.builtin.VerifyEqualKeyword$_verifyEqual_closure1.call(VerifyEqualKeyword.groovy)
	at com.kms.katalon.core.keyword.internal.KeywordMain.runKeyword(KeywordMain.groovy:75)
	at com.kms.katalon.core.keyword.builtin.VerifyEqualKeyword.verifyEqual(VerifyEqualKeyword.groovy:63)
	at com.kms.katalon.core.keyword.builtin.VerifyEqualKeyword.execute(VerifyEqualKeyword.groovy:44)
	at com.kms.katalon.core.keyword.internal.KeywordExecutor.executeKeywordForPlatform(KeywordExecutor.groovy:74)
	at com.kms.katalon.core.keyword.BuiltinKeywords.verifyEqual(BuiltinKeywords.groovy:146)
	at jdk.internal.reflect.GeneratedMethodAccessor25.invoke(Unknown Source)
	at java.base/jdk.internal.reflect.DelegatingMethodAccessorImpl.invoke(DelegatingMethodAccessorImpl.java:43)
	at Выполнение бизнес-плана сверка дашбордов.CompareDZOData(Выполнение бизнес-плана сверка дашбордов:673)
	at Выполнение бизнес-плана сверка дашбордов.run(Выполнение бизнес-плана сверка дашбордов:608)
	at com.kms.katalon.core.main.ScriptEngine.run(ScriptEngine.java:194)
	at com.kms.katalon.core.main.ScriptEngine.runScriptAsRawText(ScriptEngine.java:119)
	at com.kms.katalon.core.main.TestCaseExecutor.runScript(TestCaseExecutor.java:448)
	at com.kms.katalon.core.main.TestCaseExecutor.doExecute(TestCaseExecutor.java:439)
	at com.kms.katalon.core.main.TestCaseExecutor.processExecutionPhase(TestCaseExecutor.java:418)
	at com.kms.katalon.core.main.TestCaseExecutor.accessMainPhase(TestCaseExecutor.java:410)
	at com.kms.katalon.core.main.TestCaseExecutor.execute(TestCaseExecutor.java:285)
	at com.kms.katalon.core.common.CommonExecutor.accessTestCaseMainPhase(CommonExecutor.java:65)
	at com.kms.katalon.core.main.TestSuiteExecutor.accessTestSuiteMainPhase(TestSuiteExecutor.java:150)
	at com.kms.katalon.core.main.TestSuiteExecutor.execute(TestSuiteExecutor.java:106)
	at com.kms.katalon.core.main.TestCaseMain.startTestSuite(TestCaseMain.java:180)
	at TempTestSuite1732232929817.run(TempTestSuite1732232929817.groovy:35)
	at java.base/jdk.internal.reflect.NativeMethodAccessorImpl.invoke0(Native Method)
	at java.base/jdk.internal.reflect.NativeMethodAccessorImpl.invoke(NativeMethodAccessorImpl.java:77)
	at java.base/jdk.internal.reflect.DelegatingMethodAccessorImpl.invoke(DelegatingMethodAccessorImpl.java:43)
)

22-11-2024T02:58:06 - [TEST_STEP][PASSED] - vidget = "Уровень потерь электроэнергии": null

22-11-2024T02:58:06 - [TEST_STEP][PASSED] - typeOfData = "План": null

22-11-2024T02:58:06 - [TEST_STEP][PASSED] - PercPlanR = GetPercPlanR(x = a): null

22-11-2024T02:58:06 - [TEST_STEP][PASSED] - i1 = <not implemented yet for class: org.codehaus.groovy.ast.expr.EmptyExpression>: null

22-11-2024T02:58:06 - [TEST_STEP][PASSED] - i1 = x.indexOf("/") + 1: null

22-11-2024T02:58:06 - [TEST_STEP][PASSED] - if (i1 > -1): null

22-11-2024T02:58:06 - [TEST_STEP][PASSED] - x = x.substring(i1, x.length()): null

22-11-2024T02:58:06 - [TEST_STEP][PASSED] - i1 = x.indexOf("/"): null

22-11-2024T02:58:06 - [TEST_STEP][PASSED] - if (i1 > -1): null

22-11-2024T02:58:06 - [TEST_STEP][PASSED] - x = x.substring(0, i1): null

22-11-2024T02:58:06 - [TEST_STEP][PASSED] - return x: null

22-11-2024T02:58:06 - [TEST_STEP][PASSED] - PercPlanB = GetPercPlanB(x = b): null

22-11-2024T02:58:06 - [TEST_STEP][PASSED] - i1 = <not implemented yet for class: org.codehaus.groovy.ast.expr.EmptyExpression>: null

22-11-2024T02:58:06 - [TEST_STEP][PASSED] - i1 = x.indexOf("/") + 1: null

22-11-2024T02:58:06 - [TEST_STEP][PASSED] - if (i1 > -1): null

22-11-2024T02:58:06 - [TEST_STEP][PASSED] - x = x.substring(i1, x.length()): null

22-11-2024T02:58:06 - [TEST_STEP][PASSED] - i1 = x.indexOf("/"): null

22-11-2024T02:58:06 - [TEST_STEP][PASSED] - if (i1 > -1): null

22-11-2024T02:58:06 - [TEST_STEP][PASSED] - x = x.substring(0, i1): null

22-11-2024T02:58:06 - [TEST_STEP][FAILED] - return x: null

22-11-2024T02:58:06 - [TEST_STEP][FAILED] - if (verifyEqual(PercPlanR, PercPlanB) == false): null

22-11-2024T02:58:06 - [MESSAGE][FAILED] - Unable to verify equal between actual object 'нет данных' and expected object '10.52' (Root cause: com.kms.katalon.core.exception.StepFailedException: Actual object 'нет данных' and expected object '10.52' are not equal
	at com.kms.katalon.core.keyword.builtin.VerifyEqualKeyword$_verifyEqual_closure1.doCall(VerifyEqualKeyword.groovy:58)
	at com.kms.katalon.core.keyword.builtin.VerifyEqualKeyword$_verifyEqual_closure1.call(VerifyEqualKeyword.groovy)
	at com.kms.katalon.core.keyword.internal.KeywordMain.runKeyword(KeywordMain.groovy:75)
	at com.kms.katalon.core.keyword.builtin.VerifyEqualKeyword.verifyEqual(VerifyEqualKeyword.groovy:63)
	at com.kms.katalon.core.keyword.builtin.VerifyEqualKeyword.execute(VerifyEqualKeyword.groovy:44)
	at com.kms.katalon.core.keyword.internal.KeywordExecutor.executeKeywordForPlatform(KeywordExecutor.groovy:74)
	at com.kms.katalon.core.keyword.BuiltinKeywords.verifyEqual(BuiltinKeywords.groovy:146)
	at jdk.internal.reflect.GeneratedMethodAccessor25.invoke(Unknown Source)
	at java.base/jdk.internal.reflect.DelegatingMethodAccessorImpl.invoke(DelegatingMethodAccessorImpl.java:43)
	at Выполнение бизнес-плана сверка дашбордов.CompareDZOData(Выполнение бизнес-плана сверка дашбордов:682)
	at Выполнение бизнес-плана сверка дашбордов.run(Выполнение бизнес-плана сверка дашбордов:608)
	at com.kms.katalon.core.main.ScriptEngine.run(ScriptEngine.java:194)
	at com.kms.katalon.core.main.ScriptEngine.runScriptAsRawText(ScriptEngine.java:119)
	at com.kms.katalon.core.main.TestCaseExecutor.runScript(TestCaseExecutor.java:448)
	at com.kms.katalon.core.main.TestCaseExecutor.doExecute(TestCaseExecutor.java:439)
	at com.kms.katalon.core.main.TestCaseExecutor.processExecutionPhase(TestCaseExecutor.java:418)
	at com.kms.katalon.core.main.TestCaseExecutor.accessMainPhase(TestCaseExecutor.java:410)
	at com.kms.katalon.core.main.TestCaseExecutor.execute(TestCaseExecutor.java:285)
	at com.kms.katalon.core.common.CommonExecutor.accessTestCaseMainPhase(CommonExecutor.java:65)
	at com.kms.katalon.core.main.TestSuiteExecutor.accessTestSuiteMainPhase(TestSuiteExecutor.java:150)
	at com.kms.katalon.core.main.TestSuiteExecutor.execute(TestSuiteExecutor.java:106)
	at com.kms.katalon.core.main.TestCaseMain.startTestSuite(TestCaseMain.java:180)
	at TempTestSuite1732232929817.run(TempTestSuite1732232929817.groovy:35)
	at java.base/jdk.internal.reflect.NativeMethodAccessorImpl.invoke0(Native Method)
	at java.base/jdk.internal.reflect.NativeMethodAccessorImpl.invoke(NativeMethodAccessorImpl.java:77)
	at java.base/jdk.internal.reflect.DelegatingMethodAccessorImpl.invoke(DelegatingMethodAccessorImpl.java:43)
)

22-11-2024T02:58:06 - [TEST_STEP][PASSED] - result = WriteToExcel(typeOfData, todaysDate, PercPlanR, PercPlanB, PercFactR, PercFactB, x, tabR, tabB, o1R, o1B, vidget): null

22-11-2024T02:58:06 - [TEST_STEP][PASSED] - iii = dZO.indexOf("/"): null

22-11-2024T02:58:06 - [TEST_STEP][PASSED] - println(iii): null

22-11-2024T02:58:06 - [TEST_STEP][PASSED] - dZO = dZO.substring(0, iii): null

22-11-2024T02:58:06 - [TEST_STEP][PASSED] - println(dZO): null

22-11-2024T02:58:06 - [TEST_STEP][PASSED] - println(PercPlanR): null

22-11-2024T02:58:06 - [TEST_STEP][PASSED] - println(PercPlanB): null

22-11-2024T02:58:06 - [TEST_STEP][PASSED] - println(PercFactR): null

22-11-2024T02:58:06 - [TEST_STEP][PASSED] - println(PercFactB): null

22-11-2024T02:58:06 - [TEST_STEP][PASSED] - println(tabR): null

22-11-2024T02:58:06 - [TEST_STEP][PASSED] - println(tabB): null

22-11-2024T02:58:06 - [TEST_STEP][PASSED] - println(o1R): null

22-11-2024T02:58:06 - [TEST_STEP][PASSED] - println(o1B): null

22-11-2024T02:58:06 - [TEST_STEP][PASSED] - PR = <not implemented yet for class: org.codehaus.groovy.ast.expr.EmptyExpression>: null

22-11-2024T02:58:06 - [TEST_STEP][PASSED] - FR = <not implemented yet for class: org.codehaus.groovy.ast.expr.EmptyExpression>: null

22-11-2024T02:58:06 - [TEST_STEP][PASSED] - PB = <not implemented yet for class: org.codehaus.groovy.ast.expr.EmptyExpression>: null

22-11-2024T02:58:06 - [TEST_STEP][PASSED] - FB = <not implemented yet for class: org.codehaus.groovy.ast.expr.EmptyExpression>: null

22-11-2024T02:58:06 - [TEST_STEP][PASSED] - TR = <not implemented yet for class: org.codehaus.groovy.ast.expr.EmptyExpression>: null

22-11-2024T02:58:06 - [TEST_STEP][PASSED] - TB = <not implemented yet for class: org.codehaus.groovy.ast.expr.EmptyExpression>: null

22-11-2024T02:58:06 - [TEST_STEP][PASSED] - sheetName = "Sheet1": null

22-11-2024T02:58:06 - [TEST_STEP][PASSED] - data = findTestData("PlanFact"): null

22-11-2024T02:58:06 - [TEST_STEP][PASSED] - n = data.getRowNumbers() + 1: null

22-11-2024T02:58:06 - [TEST_STEP][PASSED] - year = todaysDate.substring(todaysDate.length() - 4, todaysDate.length()): null

22-11-2024T02:58:06 - [TEST_STEP][PASSED] - y = year.toInteger(): null

22-11-2024T02:58:06 - [TEST_STEP][PASSED] - m = getText(findTestObject("Выполнение бизнес-плана/Выполнение бизнес-плана Балансы/Фильтр Дата")): Text of object 'Object Repository/Выполнение бизнес-плана/Выполнение бизнес-плана Балансы/Фильтр Дата' is: '1, 2, 3 кв. 2024 года'

22-11-2024T02:58:06 - [MESSAGE][PASSED] - Text of object 'Object Repository/Выполнение бизнес-плана/Выполнение бизнес-плана Балансы/Фильтр Дата' is: '1, 2, 3 кв. 2024 года'

22-11-2024T02:58:06 - [TEST_STEP][PASSED] - m = m.substring(0, m.indexOf("2024")): null

22-11-2024T02:58:06 - [TEST_STEP][PASSED] - m = m.trim(): null

22-11-2024T02:58:06 - [TEST_STEP][PASSED] - dashboardName = "Выполнение бизнес-плана": null

22-11-2024T02:58:06 - [TEST_STEP][PASSED] - workbook01 = getWorkbook(excelFilePath): null

22-11-2024T02:58:06 - [TEST_STEP][PASSED] - sheet01 = getExcelSheet(workbook01, sheetName): null

22-11-2024T02:58:06 - [TEST_STEP][PASSED] - setValueToCellByIndex(sheet01, n, 0, dashboardName): null

22-11-2024T02:58:06 - [TEST_STEP][PASSED] - setValueToCellByIndex(sheet01, n, 1, dZO): null

22-11-2024T02:58:06 - [TEST_STEP][PASSED] - setValueToCellByIndex(sheet01, n, 2, typeOfData): null

22-11-2024T02:58:06 - [TEST_STEP][PASSED] - setValueToCellByIndex(sheet01, n, 3, typeOfData): null

22-11-2024T02:58:06 - [TEST_STEP][PASSED] - if (typeOfData == "План"): null

22-11-2024T02:58:06 - [TEST_STEP][PASSED] - if (PercPlanR == null): null

22-11-2024T02:58:06 - [TEST_STEP][PASSED] - else: null

22-11-2024T02:58:06 - [TEST_STEP][PASSED] - if (PercPlanR == "нет данных"): null

22-11-2024T02:58:06 - [TEST_STEP][PASSED] - setValueToCellByIndex(sheet01, n, 4, "нет данных"): null

22-11-2024T02:58:06 - [TEST_STEP][PASSED] - if (PercPlanB == null): null

22-11-2024T02:58:06 - [TEST_STEP][PASSED] - else: null

22-11-2024T02:58:06 - [TEST_STEP][PASSED] - if (PercPlanB == "нет данных"): null

22-11-2024T02:58:06 - [TEST_STEP][PASSED] - else: null

22-11-2024T02:58:06 - [TEST_STEP][PASSED] - PB = PercPlanB.toDouble(): null

22-11-2024T02:58:06 - [TEST_STEP][PASSED] - setValueToCellByIndex(sheet01, n, 5, PB): null

22-11-2024T02:58:06 - [TEST_STEP][PASSED] - setValueToCellByIndex(sheet01, n, 6, m): null

22-11-2024T02:58:06 - [TEST_STEP][PASSED] - setValueToCellByIndex(sheet01, n, 7, y): null

22-11-2024T02:58:06 - [TEST_STEP][PASSED] - setValueToCellByIndex(sheet01, n, 8, todaysDate): null

22-11-2024T02:58:06 - [TEST_STEP][PASSED] - n = n + 1: null

22-11-2024T02:58:06 - [TEST_STEP][PASSED] - saveWorkbook(excelFilePath, workbook01): null

22-11-2024T02:58:06 - [TEST_STEP][PASSED] - typeOfData = "Факт": null

22-11-2024T02:58:06 - [TEST_STEP][PASSED] - PercFactR = GetPercFactR(x = a): null

22-11-2024T02:58:06 - [TEST_STEP][PASSED] - i1 = <not implemented yet for class: org.codehaus.groovy.ast.expr.EmptyExpression>: null

22-11-2024T02:58:06 - [TEST_STEP][PASSED] - ii = <not implemented yet for class: org.codehaus.groovy.ast.expr.EmptyExpression>: null

22-11-2024T02:58:06 - [TEST_STEP][PASSED] - for ([ii = 1, ii < 3, (ii++)]): null

22-11-2024T02:58:06 - [TEST_STEP][PASSED] - i1 = x.indexOf("/") + 1: null

22-11-2024T02:58:06 - [TEST_STEP][PASSED] - if (i1 > -1): null

22-11-2024T02:58:06 - [TEST_STEP][PASSED] - x = x.substring(i1, x.length()): null

22-11-2024T02:58:06 - [TEST_STEP][PASSED] - println(x): null

22-11-2024T02:58:06 - [TEST_STEP][PASSED] - i1 = x.indexOf("/") + 1: null

22-11-2024T02:58:06 - [TEST_STEP][PASSED] - if (i1 > -1): null

22-11-2024T02:58:06 - [TEST_STEP][PASSED] - x = x.substring(i1, x.length()): null

22-11-2024T02:58:06 - [TEST_STEP][PASSED] - println(x): null

22-11-2024T02:58:06 - [TEST_STEP][PASSED] - i1 = x.indexOf("/"): null

22-11-2024T02:58:06 - [TEST_STEP][PASSED] - if (i1 > -1): null

22-11-2024T02:58:06 - [TEST_STEP][PASSED] - x = x.substring(0, i1): null

22-11-2024T02:58:06 - [TEST_STEP][PASSED] - println(x): null

22-11-2024T02:58:06 - [TEST_STEP][PASSED] - return x: null

22-11-2024T02:58:06 - [TEST_STEP][PASSED] - PercFactB = GetPercFactB(x = b): null

22-11-2024T02:58:06 - [TEST_STEP][PASSED] - i1 = <not implemented yet for class: org.codehaus.groovy.ast.expr.EmptyExpression>: null

22-11-2024T02:58:06 - [TEST_STEP][PASSED] - ii = <not implemented yet for class: org.codehaus.groovy.ast.expr.EmptyExpression>: null

22-11-2024T02:58:06 - [TEST_STEP][PASSED] - for ([ii = 1, ii < 3, (ii++)]): null

22-11-2024T02:58:06 - [TEST_STEP][PASSED] - i1 = x.indexOf("/") + 1: null

22-11-2024T02:58:06 - [TEST_STEP][PASSED] - if (i1 > -1): null

22-11-2024T02:58:06 - [TEST_STEP][PASSED] - x = x.substring(i1, x.length()): null

22-11-2024T02:58:06 - [TEST_STEP][PASSED] - println(x): null

22-11-2024T02:58:06 - [TEST_STEP][PASSED] - i1 = x.indexOf("/") + 1: null

22-11-2024T02:58:06 - [TEST_STEP][PASSED] - if (i1 > -1): null

22-11-2024T02:58:06 - [TEST_STEP][PASSED] - x = x.substring(i1, x.length()): null

22-11-2024T02:58:06 - [TEST_STEP][PASSED] - println(x): null

22-11-2024T02:58:06 - [TEST_STEP][PASSED] - i1 = x.indexOf("/"): null

22-11-2024T02:58:06 - [TEST_STEP][PASSED] - if (i1 > -1): null

22-11-2024T02:58:06 - [TEST_STEP][PASSED] - x = x.substring(0, i1): null

22-11-2024T02:58:06 - [TEST_STEP][PASSED] - println(x): null

22-11-2024T02:58:06 - [TEST_STEP][FAILED] - return x: null

22-11-2024T02:58:06 - [TEST_STEP][FAILED] - if (verifyEqual(PercFactR, PercFactB) == false): null

22-11-2024T02:58:06 - [MESSAGE][FAILED] - Unable to verify equal between actual object 'нет данных' and expected object '10.48' (Root cause: com.kms.katalon.core.exception.StepFailedException: Actual object 'нет данных' and expected object '10.48' are not equal
	at com.kms.katalon.core.keyword.builtin.VerifyEqualKeyword$_verifyEqual_closure1.doCall(VerifyEqualKeyword.groovy:58)
	at com.kms.katalon.core.keyword.builtin.VerifyEqualKeyword$_verifyEqual_closure1.call(VerifyEqualKeyword.groovy)
	at com.kms.katalon.core.keyword.internal.KeywordMain.runKeyword(KeywordMain.groovy:75)
	at com.kms.katalon.core.keyword.builtin.VerifyEqualKeyword.verifyEqual(VerifyEqualKeyword.groovy:63)
	at com.kms.katalon.core.keyword.builtin.VerifyEqualKeyword.execute(VerifyEqualKeyword.groovy:44)
	at com.kms.katalon.core.keyword.internal.KeywordExecutor.executeKeywordForPlatform(KeywordExecutor.groovy:74)
	at com.kms.katalon.core.keyword.BuiltinKeywords.verifyEqual(BuiltinKeywords.groovy:146)
	at jdk.internal.reflect.GeneratedMethodAccessor25.invoke(Unknown Source)
	at java.base/jdk.internal.reflect.DelegatingMethodAccessorImpl.invoke(DelegatingMethodAccessorImpl.java:43)
	at Выполнение бизнес-плана сверка дашбордов.CompareDZOData(Выполнение бизнес-плана сверка дашбордов:693)
	at Выполнение бизнес-плана сверка дашбордов.run(Выполнение бизнес-плана сверка дашбордов:608)
	at com.kms.katalon.core.main.ScriptEngine.run(ScriptEngine.java:194)
	at com.kms.katalon.core.main.ScriptEngine.runScriptAsRawText(ScriptEngine.java:119)
	at com.kms.katalon.core.main.TestCaseExecutor.runScript(TestCaseExecutor.java:448)
	at com.kms.katalon.core.main.TestCaseExecutor.doExecute(TestCaseExecutor.java:439)
	at com.kms.katalon.core.main.TestCaseExecutor.processExecutionPhase(TestCaseExecutor.java:418)
	at com.kms.katalon.core.main.TestCaseExecutor.accessMainPhase(TestCaseExecutor.java:410)
	at com.kms.katalon.core.main.TestCaseExecutor.execute(TestCaseExecutor.java:285)
	at com.kms.katalon.core.common.CommonExecutor.accessTestCaseMainPhase(CommonExecutor.java:65)
	at com.kms.katalon.core.main.TestSuiteExecutor.accessTestSuiteMainPhase(TestSuiteExecutor.java:150)
	at com.kms.katalon.core.main.TestSuiteExecutor.execute(TestSuiteExecutor.java:106)
	at com.kms.katalon.core.main.TestCaseMain.startTestSuite(TestCaseMain.java:180)
	at TempTestSuite1732232929817.run(TempTestSuite1732232929817.groovy:35)
	at java.base/jdk.internal.reflect.NativeMethodAccessorImpl.invoke0(Native Method)
	at java.base/jdk.internal.reflect.NativeMethodAccessorImpl.invoke(NativeMethodAccessorImpl.java:77)
	at java.base/jdk.internal.reflect.DelegatingMethodAccessorImpl.invoke(DelegatingMethodAccessorImpl.java:43)
)

22-11-2024T02:58:06 - [TEST_STEP][PASSED] - result = WriteToExcel(typeOfData, todaysDate, PercPlanR, PercPlanB, PercFactR, PercFactB, x, tabR, tabB, o1R, o1B, vidget): null

22-11-2024T02:58:06 - [TEST_STEP][PASSED] - iii = dZO.indexOf("/"): null

22-11-2024T02:58:06 - [TEST_STEP][PASSED] - println(iii): null

22-11-2024T02:58:06 - [TEST_STEP][PASSED] - dZO = dZO.substring(0, iii): null

22-11-2024T02:58:06 - [TEST_STEP][PASSED] - println(dZO): null

22-11-2024T02:58:06 - [TEST_STEP][PASSED] - println(PercPlanR): null

22-11-2024T02:58:06 - [TEST_STEP][PASSED] - println(PercPlanB): null

22-11-2024T02:58:06 - [TEST_STEP][PASSED] - println(PercFactR): null

22-11-2024T02:58:06 - [TEST_STEP][PASSED] - println(PercFactB): null

22-11-2024T02:58:06 - [TEST_STEP][PASSED] - println(tabR): null

22-11-2024T02:58:06 - [TEST_STEP][PASSED] - println(tabB): null

22-11-2024T02:58:06 - [TEST_STEP][PASSED] - println(o1R): null

22-11-2024T02:58:06 - [TEST_STEP][PASSED] - println(o1B): null

22-11-2024T02:58:06 - [TEST_STEP][PASSED] - PR = <not implemented yet for class: org.codehaus.groovy.ast.expr.EmptyExpression>: null

22-11-2024T02:58:06 - [TEST_STEP][PASSED] - FR = <not implemented yet for class: org.codehaus.groovy.ast.expr.EmptyExpression>: null

22-11-2024T02:58:06 - [TEST_STEP][PASSED] - PB = <not implemented yet for class: org.codehaus.groovy.ast.expr.EmptyExpression>: null

22-11-2024T02:58:06 - [TEST_STEP][PASSED] - FB = <not implemented yet for class: org.codehaus.groovy.ast.expr.EmptyExpression>: null

22-11-2024T02:58:06 - [TEST_STEP][PASSED] - TR = <not implemented yet for class: org.codehaus.groovy.ast.expr.EmptyExpression>: null

22-11-2024T02:58:06 - [TEST_STEP][PASSED] - TB = <not implemented yet for class: org.codehaus.groovy.ast.expr.EmptyExpression>: null

22-11-2024T02:58:06 - [TEST_STEP][PASSED] - sheetName = "Sheet1": null

22-11-2024T02:58:06 - [TEST_STEP][PASSED] - data = findTestData("PlanFact"): null

22-11-2024T02:58:06 - [TEST_STEP][PASSED] - n = data.getRowNumbers() + 1: null

22-11-2024T02:58:06 - [TEST_STEP][PASSED] - year = todaysDate.substring(todaysDate.length() - 4, todaysDate.length()): null

22-11-2024T02:58:06 - [TEST_STEP][PASSED] - y = year.toInteger(): null

22-11-2024T02:58:06 - [TEST_STEP][PASSED] - m = getText(findTestObject("Выполнение бизнес-плана/Выполнение бизнес-плана Балансы/Фильтр Дата")): Text of object 'Object Repository/Выполнение бизнес-плана/Выполнение бизнес-плана Балансы/Фильтр Дата' is: '1, 2, 3 кв. 2024 года'

22-11-2024T02:58:07 - [MESSAGE][PASSED] - Text of object 'Object Repository/Выполнение бизнес-плана/Выполнение бизнес-плана Балансы/Фильтр Дата' is: '1, 2, 3 кв. 2024 года'

22-11-2024T02:58:07 - [TEST_STEP][PASSED] - m = m.substring(0, m.indexOf("2024")): null

22-11-2024T02:58:07 - [TEST_STEP][PASSED] - m = m.trim(): null

22-11-2024T02:58:07 - [TEST_STEP][PASSED] - dashboardName = "Выполнение бизнес-плана": null

22-11-2024T02:58:07 - [TEST_STEP][PASSED] - workbook01 = getWorkbook(excelFilePath): null

22-11-2024T02:58:07 - [TEST_STEP][PASSED] - sheet01 = getExcelSheet(workbook01, sheetName): null

22-11-2024T02:58:07 - [TEST_STEP][PASSED] - setValueToCellByIndex(sheet01, n, 0, dashboardName): null

22-11-2024T02:58:07 - [TEST_STEP][PASSED] - setValueToCellByIndex(sheet01, n, 1, dZO): null

22-11-2024T02:58:07 - [TEST_STEP][PASSED] - setValueToCellByIndex(sheet01, n, 2, typeOfData): null

22-11-2024T02:58:07 - [TEST_STEP][PASSED] - setValueToCellByIndex(sheet01, n, 3, typeOfData): null

22-11-2024T02:58:07 - [TEST_STEP][PASSED] - if (typeOfData == "План"): null

22-11-2024T02:58:07 - [TEST_STEP][PASSED] - else if (typeOfData == "Факт"): null

22-11-2024T02:58:07 - [TEST_STEP][PASSED] - if (PercFactR == null): null

22-11-2024T02:58:07 - [TEST_STEP][PASSED] - else: null

22-11-2024T02:58:07 - [TEST_STEP][PASSED] - if (PercFactR == "нет данных"): null

22-11-2024T02:58:07 - [TEST_STEP][PASSED] - setValueToCellByIndex(sheet01, n, 4, "нет данных"): null

22-11-2024T02:58:07 - [TEST_STEP][PASSED] - if (PercFactB == null): null

22-11-2024T02:58:07 - [TEST_STEP][PASSED] - else: null

22-11-2024T02:58:07 - [TEST_STEP][PASSED] - if (PercFactB == "нет данных"): null

22-11-2024T02:58:07 - [TEST_STEP][PASSED] - else: null

22-11-2024T02:58:07 - [TEST_STEP][PASSED] - FB = PercFactB.toDouble(): null

22-11-2024T02:58:07 - [TEST_STEP][PASSED] - setValueToCellByIndex(sheet01, n, 5, FB): null

22-11-2024T02:58:07 - [TEST_STEP][PASSED] - setValueToCellByIndex(sheet01, n, 6, m): null

22-11-2024T02:58:07 - [TEST_STEP][PASSED] - setValueToCellByIndex(sheet01, n, 7, y): null

22-11-2024T02:58:07 - [TEST_STEP][PASSED] - setValueToCellByIndex(sheet01, n, 8, todaysDate): null

22-11-2024T02:58:07 - [TEST_STEP][PASSED] - n = n + 1: null

22-11-2024T02:58:07 - [TEST_STEP][PASSED] - saveWorkbook(excelFilePath, workbook01): null

22-11-2024T02:58:07 - [TEST_STEP][PASSED] - vidget = "Показатели баланса электроэнергии по ДЗО – Факт": null

22-11-2024T02:58:07 - [TEST_STEP][PASSED] - typeOfData = "Факт Отпуск в сеть": null

22-11-2024T02:58:07 - [TEST_STEP][PASSED] - tabR = GetOvSFactR(x = a): null

22-11-2024T02:58:07 - [TEST_STEP][PASSED] - i1 = <not implemented yet for class: org.codehaus.groovy.ast.expr.EmptyExpression>: null

22-11-2024T02:58:07 - [TEST_STEP][PASSED] - ii = <not implemented yet for class: org.codehaus.groovy.ast.expr.EmptyExpression>: null

22-11-2024T02:58:07 - [TEST_STEP][PASSED] - for ([ii = 1, ii < 4, (ii++)]): null

22-11-2024T02:58:07 - [TEST_STEP][PASSED] - i1 = x.indexOf("/") + 1: null

22-11-2024T02:58:07 - [TEST_STEP][PASSED] - if (i1 > -1): null

22-11-2024T02:58:07 - [TEST_STEP][PASSED] - x = x.substring(i1, x.length()): null

22-11-2024T02:58:07 - [TEST_STEP][PASSED] - println(x): null

22-11-2024T02:58:07 - [TEST_STEP][PASSED] - i1 = x.indexOf("/") + 1: null

22-11-2024T02:58:07 - [TEST_STEP][PASSED] - if (i1 > -1): null

22-11-2024T02:58:07 - [TEST_STEP][PASSED] - x = x.substring(i1, x.length()): null

22-11-2024T02:58:07 - [TEST_STEP][PASSED] - println(x): null

22-11-2024T02:58:07 - [TEST_STEP][PASSED] - i1 = x.indexOf("/") + 1: null

22-11-2024T02:58:07 - [TEST_STEP][PASSED] - if (i1 > -1): null

22-11-2024T02:58:07 - [TEST_STEP][PASSED] - x = x.substring(i1, x.length()): null

22-11-2024T02:58:07 - [TEST_STEP][PASSED] - println(x): null

22-11-2024T02:58:07 - [TEST_STEP][PASSED] - i1 = x.indexOf("/"): null

22-11-2024T02:58:07 - [TEST_STEP][PASSED] - if (i1 > -1): null

22-11-2024T02:58:07 - [TEST_STEP][PASSED] - x = x.substring(0, i1): null

22-11-2024T02:58:07 - [TEST_STEP][PASSED] - println(x): null

22-11-2024T02:58:07 - [TEST_STEP][PASSED] - return x: null

22-11-2024T02:58:07 - [TEST_STEP][PASSED] - tabB = GetOvSFactB(x = b): null

22-11-2024T02:58:07 - [TEST_STEP][PASSED] - i1 = <not implemented yet for class: org.codehaus.groovy.ast.expr.EmptyExpression>: null

22-11-2024T02:58:07 - [TEST_STEP][PASSED] - ii = <not implemented yet for class: org.codehaus.groovy.ast.expr.EmptyExpression>: null

22-11-2024T02:58:07 - [TEST_STEP][PASSED] - for ([ii = 1, ii < 4, (ii++)]): null

22-11-2024T02:58:07 - [TEST_STEP][PASSED] - i1 = x.indexOf("/") + 1: null

22-11-2024T02:58:07 - [TEST_STEP][PASSED] - if (i1 > -1): null

22-11-2024T02:58:07 - [TEST_STEP][PASSED] - x = x.substring(i1, x.length()): null

22-11-2024T02:58:07 - [TEST_STEP][PASSED] - println(x): null

22-11-2024T02:58:07 - [TEST_STEP][PASSED] - i1 = x.indexOf("/") + 1: null

22-11-2024T02:58:07 - [TEST_STEP][PASSED] - if (i1 > -1): null

22-11-2024T02:58:07 - [TEST_STEP][PASSED] - x = x.substring(i1, x.length()): null

22-11-2024T02:58:07 - [TEST_STEP][PASSED] - println(x): null

22-11-2024T02:58:07 - [TEST_STEP][PASSED] - i1 = x.indexOf("/") + 1: null

22-11-2024T02:58:07 - [TEST_STEP][PASSED] - if (i1 > -1): null

22-11-2024T02:58:07 - [TEST_STEP][PASSED] - x = x.substring(i1, x.length()): null

22-11-2024T02:58:07 - [TEST_STEP][PASSED] - println(x): null

22-11-2024T02:58:07 - [TEST_STEP][PASSED] - i1 = x.indexOf("/"): null

22-11-2024T02:58:07 - [TEST_STEP][PASSED] - if (i1 > -1): null

22-11-2024T02:58:07 - [TEST_STEP][PASSED] - x = x.substring(0, i1): null

22-11-2024T02:58:07 - [TEST_STEP][PASSED] - println(x): null

22-11-2024T02:58:07 - [TEST_STEP][FAILED] - return x: null

22-11-2024T02:58:07 - [TEST_STEP][FAILED] - if (verifyEqual(tabR, tabB) == false): null

22-11-2024T02:58:07 - [MESSAGE][FAILED] - Unable to verify equal between actual object 'нет данных' and expected object '28182585' (Root cause: com.kms.katalon.core.exception.StepFailedException: Actual object 'нет данных' and expected object '28182585' are not equal
	at com.kms.katalon.core.keyword.builtin.VerifyEqualKeyword$_verifyEqual_closure1.doCall(VerifyEqualKeyword.groovy:58)
	at com.kms.katalon.core.keyword.builtin.VerifyEqualKeyword$_verifyEqual_closure1.call(VerifyEqualKeyword.groovy)
	at com.kms.katalon.core.keyword.internal.KeywordMain.runKeyword(KeywordMain.groovy:75)
	at com.kms.katalon.core.keyword.builtin.VerifyEqualKeyword.verifyEqual(VerifyEqualKeyword.groovy:63)
	at com.kms.katalon.core.keyword.builtin.VerifyEqualKeyword.execute(VerifyEqualKeyword.groovy:44)
	at com.kms.katalon.core.keyword.internal.KeywordExecutor.executeKeywordForPlatform(KeywordExecutor.groovy:74)
	at com.kms.katalon.core.keyword.BuiltinKeywords.verifyEqual(BuiltinKeywords.groovy:146)
	at jdk.internal.reflect.GeneratedMethodAccessor25.invoke(Unknown Source)
	at java.base/jdk.internal.reflect.DelegatingMethodAccessorImpl.invoke(DelegatingMethodAccessorImpl.java:43)
	at Выполнение бизнес-плана сверка дашбордов.CompareDZOData(Выполнение бизнес-плана сверка дашбордов:706)
	at Выполнение бизнес-плана сверка дашбордов.run(Выполнение бизнес-плана сверка дашбордов:608)
	at com.kms.katalon.core.main.ScriptEngine.run(ScriptEngine.java:194)
	at com.kms.katalon.core.main.ScriptEngine.runScriptAsRawText(ScriptEngine.java:119)
	at com.kms.katalon.core.main.TestCaseExecutor.runScript(TestCaseExecutor.java:448)
	at com.kms.katalon.core.main.TestCaseExecutor.doExecute(TestCaseExecutor.java:439)
	at com.kms.katalon.core.main.TestCaseExecutor.processExecutionPhase(TestCaseExecutor.java:418)
	at com.kms.katalon.core.main.TestCaseExecutor.accessMainPhase(TestCaseExecutor.java:410)
	at com.kms.katalon.core.main.TestCaseExecutor.execute(TestCaseExecutor.java:285)
	at com.kms.katalon.core.common.CommonExecutor.accessTestCaseMainPhase(CommonExecutor.java:65)
	at com.kms.katalon.core.main.TestSuiteExecutor.accessTestSuiteMainPhase(TestSuiteExecutor.java:150)
	at com.kms.katalon.core.main.TestSuiteExecutor.execute(TestSuiteExecutor.java:106)
	at com.kms.katalon.core.main.TestCaseMain.startTestSuite(TestCaseMain.java:180)
	at TempTestSuite1732232929817.run(TempTestSuite1732232929817.groovy:35)
	at java.base/jdk.internal.reflect.NativeMethodAccessorImpl.invoke0(Native Method)
	at java.base/jdk.internal.reflect.NativeMethodAccessorImpl.invoke(NativeMethodAccessorImpl.java:77)
	at java.base/jdk.internal.reflect.DelegatingMethodAccessorImpl.invoke(DelegatingMethodAccessorImpl.java:43)
)

22-11-2024T02:58:07 - [TEST_STEP][PASSED] - result = WriteToExcel(typeOfData, todaysDate, PercPlanR, PercPlanB, PercFactR, PercFactB, x, tabR, tabB, o1R, o1B, vidget): null

22-11-2024T02:58:07 - [TEST_STEP][PASSED] - iii = dZO.indexOf("/"): null

22-11-2024T02:58:07 - [TEST_STEP][PASSED] - println(iii): null

22-11-2024T02:58:07 - [TEST_STEP][PASSED] - dZO = dZO.substring(0, iii): null

22-11-2024T02:58:07 - [TEST_STEP][PASSED] - println(dZO): null

22-11-2024T02:58:07 - [TEST_STEP][PASSED] - println(PercPlanR): null

22-11-2024T02:58:07 - [TEST_STEP][PASSED] - println(PercPlanB): null

22-11-2024T02:58:07 - [TEST_STEP][PASSED] - println(PercFactR): null

22-11-2024T02:58:07 - [TEST_STEP][PASSED] - println(PercFactB): null

22-11-2024T02:58:07 - [TEST_STEP][PASSED] - println(tabR): null

22-11-2024T02:58:07 - [TEST_STEP][PASSED] - println(tabB): null

22-11-2024T02:58:07 - [TEST_STEP][PASSED] - println(o1R): null

22-11-2024T02:58:07 - [TEST_STEP][PASSED] - println(o1B): null

22-11-2024T02:58:07 - [TEST_STEP][PASSED] - PR = <not implemented yet for class: org.codehaus.groovy.ast.expr.EmptyExpression>: null

22-11-2024T02:58:07 - [TEST_STEP][PASSED] - FR = <not implemented yet for class: org.codehaus.groovy.ast.expr.EmptyExpression>: null

22-11-2024T02:58:07 - [TEST_STEP][PASSED] - PB = <not implemented yet for class: org.codehaus.groovy.ast.expr.EmptyExpression>: null

22-11-2024T02:58:07 - [TEST_STEP][PASSED] - FB = <not implemented yet for class: org.codehaus.groovy.ast.expr.EmptyExpression>: null

22-11-2024T02:58:07 - [TEST_STEP][PASSED] - TR = <not implemented yet for class: org.codehaus.groovy.ast.expr.EmptyExpression>: null

22-11-2024T02:58:07 - [TEST_STEP][PASSED] - TB = <not implemented yet for class: org.codehaus.groovy.ast.expr.EmptyExpression>: null

22-11-2024T02:58:07 - [TEST_STEP][PASSED] - sheetName = "Sheet1": null

22-11-2024T02:58:07 - [TEST_STEP][PASSED] - data = findTestData("PlanFact"): null

22-11-2024T02:58:07 - [TEST_STEP][PASSED] - n = data.getRowNumbers() + 1: null

22-11-2024T02:58:07 - [TEST_STEP][PASSED] - year = todaysDate.substring(todaysDate.length() - 4, todaysDate.length()): null

22-11-2024T02:58:07 - [TEST_STEP][PASSED] - y = year.toInteger(): null

22-11-2024T02:58:07 - [TEST_STEP][PASSED] - m = getText(findTestObject("Выполнение бизнес-плана/Выполнение бизнес-плана Балансы/Фильтр Дата")): Text of object 'Object Repository/Выполнение бизнес-плана/Выполнение бизнес-плана Балансы/Фильтр Дата' is: '1, 2, 3 кв. 2024 года'

22-11-2024T02:58:07 - [MESSAGE][PASSED] - Text of object 'Object Repository/Выполнение бизнес-плана/Выполнение бизнес-плана Балансы/Фильтр Дата' is: '1, 2, 3 кв. 2024 года'

22-11-2024T02:58:07 - [TEST_STEP][PASSED] - m = m.substring(0, m.indexOf("2024")): null

22-11-2024T02:58:07 - [TEST_STEP][PASSED] - m = m.trim(): null

22-11-2024T02:58:07 - [TEST_STEP][PASSED] - dashboardName = "Выполнение бизнес-плана": null

22-11-2024T02:58:07 - [TEST_STEP][PASSED] - workbook01 = getWorkbook(excelFilePath): null

22-11-2024T02:58:07 - [TEST_STEP][PASSED] - sheet01 = getExcelSheet(workbook01, sheetName): null

22-11-2024T02:58:07 - [TEST_STEP][PASSED] - setValueToCellByIndex(sheet01, n, 0, dashboardName): null

22-11-2024T02:58:07 - [TEST_STEP][PASSED] - setValueToCellByIndex(sheet01, n, 1, dZO): null

22-11-2024T02:58:07 - [TEST_STEP][PASSED] - setValueToCellByIndex(sheet01, n, 2, typeOfData): null

22-11-2024T02:58:07 - [TEST_STEP][PASSED] - setValueToCellByIndex(sheet01, n, 3, typeOfData): null

22-11-2024T02:58:07 - [TEST_STEP][PASSED] - if (typeOfData == "План"): null

22-11-2024T02:58:07 - [TEST_STEP][PASSED] - else if (typeOfData == "Факт"): null

22-11-2024T02:58:07 - [TEST_STEP][PASSED] - else if (vidget.contains("электроэнергии") == true): null

22-11-2024T02:58:07 - [TEST_STEP][PASSED] - if (tabR == null): null

22-11-2024T02:58:07 - [TEST_STEP][PASSED] - else: null

22-11-2024T02:58:07 - [TEST_STEP][PASSED] - if (tabR == "нет данных"): null

22-11-2024T02:58:07 - [TEST_STEP][PASSED] - setValueToCellByIndex(sheet01, n, 4, "нет данных"): null

22-11-2024T02:58:07 - [TEST_STEP][PASSED] - if (tabB == null): null

22-11-2024T02:58:07 - [TEST_STEP][PASSED] - else: null

22-11-2024T02:58:07 - [TEST_STEP][PASSED] - if (tabB == "нет данных"): null

22-11-2024T02:58:07 - [TEST_STEP][PASSED] - else: null

22-11-2024T02:58:07 - [TEST_STEP][PASSED] - TB = tabB.toInteger(): null

22-11-2024T02:58:07 - [TEST_STEP][PASSED] - setValueToCellByIndex(sheet01, n, 5, TB): null

22-11-2024T02:58:07 - [TEST_STEP][PASSED] - setValueToCellByIndex(sheet01, n, 6, m): null

22-11-2024T02:58:07 - [TEST_STEP][PASSED] - setValueToCellByIndex(sheet01, n, 7, y): null

22-11-2024T02:58:07 - [TEST_STEP][PASSED] - setValueToCellByIndex(sheet01, n, 8, todaysDate): null

22-11-2024T02:58:07 - [TEST_STEP][PASSED] - n = n + 1: null

22-11-2024T02:58:07 - [TEST_STEP][PASSED] - saveWorkbook(excelFilePath, workbook01): null

22-11-2024T02:58:08 - [TEST_STEP][PASSED] - typeOfData = "Факт Отпуск из сети": null

22-11-2024T02:58:08 - [TEST_STEP][PASSED] - tabR = GetOiSFactR(x = a): null

22-11-2024T02:58:08 - [TEST_STEP][PASSED] - i1 = <not implemented yet for class: org.codehaus.groovy.ast.expr.EmptyExpression>: null

22-11-2024T02:58:08 - [TEST_STEP][PASSED] - ii = <not implemented yet for class: org.codehaus.groovy.ast.expr.EmptyExpression>: null

22-11-2024T02:58:08 - [TEST_STEP][PASSED] - for ([ii = 1, ii < 5, (ii++)]): null

22-11-2024T02:58:08 - [TEST_STEP][PASSED] - i1 = x.indexOf("/") + 1: null

22-11-2024T02:58:08 - [TEST_STEP][PASSED] - if (i1 > -1): null

22-11-2024T02:58:08 - [TEST_STEP][PASSED] - x = x.substring(i1, x.length()): null

22-11-2024T02:58:08 - [TEST_STEP][PASSED] - println(x): null

22-11-2024T02:58:08 - [TEST_STEP][PASSED] - i1 = x.indexOf("/") + 1: null

22-11-2024T02:58:08 - [TEST_STEP][PASSED] - if (i1 > -1): null

22-11-2024T02:58:08 - [TEST_STEP][PASSED] - x = x.substring(i1, x.length()): null

22-11-2024T02:58:08 - [TEST_STEP][PASSED] - println(x): null

22-11-2024T02:58:08 - [TEST_STEP][PASSED] - i1 = x.indexOf("/") + 1: null

22-11-2024T02:58:08 - [TEST_STEP][PASSED] - if (i1 > -1): null

22-11-2024T02:58:08 - [TEST_STEP][PASSED] - x = x.substring(i1, x.length()): null

22-11-2024T02:58:08 - [TEST_STEP][PASSED] - println(x): null

22-11-2024T02:58:08 - [TEST_STEP][PASSED] - i1 = x.indexOf("/") + 1: null

22-11-2024T02:58:08 - [TEST_STEP][PASSED] - if (i1 > -1): null

22-11-2024T02:58:08 - [TEST_STEP][PASSED] - x = x.substring(i1, x.length()): null

22-11-2024T02:58:08 - [TEST_STEP][PASSED] - println(x): null

22-11-2024T02:58:08 - [TEST_STEP][PASSED] - i1 = x.indexOf("/"): null

22-11-2024T02:58:08 - [TEST_STEP][PASSED] - if (i1 > -1): null

22-11-2024T02:58:08 - [TEST_STEP][PASSED] - x = x.substring(0, i1): null

22-11-2024T02:58:08 - [TEST_STEP][PASSED] - println(x): null

22-11-2024T02:58:08 - [TEST_STEP][PASSED] - return x: null

22-11-2024T02:58:08 - [TEST_STEP][PASSED] - tabB = GetOiSFactB(x = b): null

22-11-2024T02:58:08 - [TEST_STEP][PASSED] - i1 = <not implemented yet for class: org.codehaus.groovy.ast.expr.EmptyExpression>: null

22-11-2024T02:58:08 - [TEST_STEP][PASSED] - ii = <not implemented yet for class: org.codehaus.groovy.ast.expr.EmptyExpression>: null

22-11-2024T02:58:08 - [TEST_STEP][PASSED] - for ([ii = 1, ii < 5, (ii++)]): null

22-11-2024T02:58:08 - [TEST_STEP][PASSED] - i1 = x.indexOf("/") + 1: null

22-11-2024T02:58:08 - [TEST_STEP][PASSED] - if (i1 > -1): null

22-11-2024T02:58:08 - [TEST_STEP][PASSED] - x = x.substring(i1, x.length()): null

22-11-2024T02:58:08 - [TEST_STEP][PASSED] - println(x): null

22-11-2024T02:58:08 - [TEST_STEP][PASSED] - i1 = x.indexOf("/") + 1: null

22-11-2024T02:58:08 - [TEST_STEP][PASSED] - if (i1 > -1): null

22-11-2024T02:58:08 - [TEST_STEP][PASSED] - x = x.substring(i1, x.length()): null

22-11-2024T02:58:08 - [TEST_STEP][PASSED] - println(x): null

22-11-2024T02:58:08 - [TEST_STEP][PASSED] - i1 = x.indexOf("/") + 1: null

22-11-2024T02:58:08 - [TEST_STEP][PASSED] - if (i1 > -1): null

22-11-2024T02:58:08 - [TEST_STEP][PASSED] - x = x.substring(i1, x.length()): null

22-11-2024T02:58:08 - [TEST_STEP][PASSED] - println(x): null

22-11-2024T02:58:08 - [TEST_STEP][PASSED] - i1 = x.indexOf("/") + 1: null

22-11-2024T02:58:08 - [TEST_STEP][PASSED] - if (i1 > -1): null

22-11-2024T02:58:08 - [TEST_STEP][PASSED] - x = x.substring(i1, x.length()): null

22-11-2024T02:58:08 - [TEST_STEP][PASSED] - println(x): null

22-11-2024T02:58:08 - [TEST_STEP][PASSED] - i1 = x.indexOf("/"): null

22-11-2024T02:58:08 - [TEST_STEP][PASSED] - if (i1 > -1): null

22-11-2024T02:58:08 - [TEST_STEP][PASSED] - x = x.substring(0, i1): null

22-11-2024T02:58:12 - [TEST_STEP][PASSED] - println(x): null

22-11-2024T02:58:12 - [TEST_STEP][FAILED] - return x: null

22-11-2024T02:58:12 - [TEST_STEP][FAILED] - if (verifyEqual(tabR, tabB) == false): null

22-11-2024T02:58:12 - [MESSAGE][FAILED] - Unable to verify equal between actual object 'нет данных' and expected object '25230190' (Root cause: com.kms.katalon.core.exception.StepFailedException: Actual object 'нет данных' and expected object '25230190' are not equal
	at com.kms.katalon.core.keyword.builtin.VerifyEqualKeyword$_verifyEqual_closure1.doCall(VerifyEqualKeyword.groovy:58)
	at com.kms.katalon.core.keyword.builtin.VerifyEqualKeyword$_verifyEqual_closure1.call(VerifyEqualKeyword.groovy)
	at com.kms.katalon.core.keyword.internal.KeywordMain.runKeyword(KeywordMain.groovy:75)
	at com.kms.katalon.core.keyword.builtin.VerifyEqualKeyword.verifyEqual(VerifyEqualKeyword.groovy:63)
	at com.kms.katalon.core.keyword.builtin.VerifyEqualKeyword.execute(VerifyEqualKeyword.groovy:44)
	at com.kms.katalon.core.keyword.internal.KeywordExecutor.executeKeywordForPlatform(KeywordExecutor.groovy:74)
	at com.kms.katalon.core.keyword.BuiltinKeywords.verifyEqual(BuiltinKeywords.groovy:146)
	at jdk.internal.reflect.GeneratedMethodAccessor25.invoke(Unknown Source)
	at java.base/jdk.internal.reflect.DelegatingMethodAccessorImpl.invoke(DelegatingMethodAccessorImpl.java:43)
	at Выполнение бизнес-плана сверка дашбордов.CompareDZOData(Выполнение бизнес-плана сверка дашбордов:717)
	at Выполнение бизнес-плана сверка дашбордов.run(Выполнение бизнес-плана сверка дашбордов:608)
	at com.kms.katalon.core.main.ScriptEngine.run(ScriptEngine.java:194)
	at com.kms.katalon.core.main.ScriptEngine.runScriptAsRawText(ScriptEngine.java:119)
	at com.kms.katalon.core.main.TestCaseExecutor.runScript(TestCaseExecutor.java:448)
	at com.kms.katalon.core.main.TestCaseExecutor.doExecute(TestCaseExecutor.java:439)
	at com.kms.katalon.core.main.TestCaseExecutor.processExecutionPhase(TestCaseExecutor.java:418)
	at com.kms.katalon.core.main.TestCaseExecutor.accessMainPhase(TestCaseExecutor.java:410)
	at com.kms.katalon.core.main.TestCaseExecutor.execute(TestCaseExecutor.java:285)
	at com.kms.katalon.core.common.CommonExecutor.accessTestCaseMainPhase(CommonExecutor.java:65)
	at com.kms.katalon.core.main.TestSuiteExecutor.accessTestSuiteMainPhase(TestSuiteExecutor.java:150)
	at com.kms.katalon.core.main.TestSuiteExecutor.execute(TestSuiteExecutor.java:106)
	at com.kms.katalon.core.main.TestCaseMain.startTestSuite(TestCaseMain.java:180)
	at TempTestSuite1732232929817.run(TempTestSuite1732232929817.groovy:35)
	at java.base/jdk.internal.reflect.NativeMethodAccessorImpl.invoke0(Native Method)
	at java.base/jdk.internal.reflect.NativeMethodAccessorImpl.invoke(NativeMethodAccessorImpl.java:77)
	at java.base/jdk.internal.reflect.DelegatingMethodAccessorImpl.invoke(DelegatingMethodAccessorImpl.java:43)
)

22-11-2024T02:58:12 - [TEST_STEP][PASSED] - result = WriteToExcel(typeOfData, todaysDate, PercPlanR, PercPlanB, PercFactR, PercFactB, x, tabR, tabB, o1R, o1B, vidget): null

22-11-2024T02:58:12 - [TEST_STEP][PASSED] - iii = dZO.indexOf("/"): null

22-11-2024T02:58:12 - [TEST_STEP][PASSED] - println(iii): null

22-11-2024T02:58:12 - [TEST_STEP][PASSED] - dZO = dZO.substring(0, iii): null

22-11-2024T02:58:12 - [TEST_STEP][PASSED] - println(dZO): null

22-11-2024T02:58:12 - [TEST_STEP][PASSED] - println(PercPlanR): null

22-11-2024T02:58:12 - [TEST_STEP][PASSED] - println(PercPlanB): null

22-11-2024T02:58:12 - [TEST_STEP][PASSED] - println(PercFactR): null

22-11-2024T02:58:12 - [TEST_STEP][PASSED] - println(PercFactB): null

22-11-2024T02:58:12 - [TEST_STEP][PASSED] - println(tabR): null

22-11-2024T02:58:12 - [TEST_STEP][PASSED] - println(tabB): null

22-11-2024T02:58:12 - [TEST_STEP][PASSED] - println(o1R): null

22-11-2024T02:58:12 - [TEST_STEP][PASSED] - println(o1B): null

22-11-2024T02:58:12 - [TEST_STEP][PASSED] - PR = <not implemented yet for class: org.codehaus.groovy.ast.expr.EmptyExpression>: null

22-11-2024T02:58:12 - [TEST_STEP][PASSED] - FR = <not implemented yet for class: org.codehaus.groovy.ast.expr.EmptyExpression>: null

22-11-2024T02:58:12 - [TEST_STEP][PASSED] - PB = <not implemented yet for class: org.codehaus.groovy.ast.expr.EmptyExpression>: null

22-11-2024T02:58:12 - [TEST_STEP][PASSED] - FB = <not implemented yet for class: org.codehaus.groovy.ast.expr.EmptyExpression>: null

22-11-2024T02:58:12 - [TEST_STEP][PASSED] - TR = <not implemented yet for class: org.codehaus.groovy.ast.expr.EmptyExpression>: null

22-11-2024T02:58:12 - [TEST_STEP][PASSED] - TB = <not implemented yet for class: org.codehaus.groovy.ast.expr.EmptyExpression>: null

22-11-2024T02:58:12 - [TEST_STEP][PASSED] - sheetName = "Sheet1": null

22-11-2024T02:58:12 - [TEST_STEP][PASSED] - data = findTestData("PlanFact"): null

22-11-2024T02:58:12 - [TEST_STEP][PASSED] - n = data.getRowNumbers() + 1: null

22-11-2024T02:58:12 - [TEST_STEP][PASSED] - year = todaysDate.substring(todaysDate.length() - 4, todaysDate.length()): null

22-11-2024T02:58:12 - [TEST_STEP][PASSED] - y = year.toInteger(): null

22-11-2024T02:58:12 - [TEST_STEP][PASSED] - m = getText(findTestObject("Выполнение бизнес-плана/Выполнение бизнес-плана Балансы/Фильтр Дата")): Text of object 'Object Repository/Выполнение бизнес-плана/Выполнение бизнес-плана Балансы/Фильтр Дата' is: '1, 2, 3 кв. 2024 года'

22-11-2024T02:58:12 - [MESSAGE][PASSED] - Text of object 'Object Repository/Выполнение бизнес-плана/Выполнение бизнес-плана Балансы/Фильтр Дата' is: '1, 2, 3 кв. 2024 года'

22-11-2024T02:58:12 - [TEST_STEP][PASSED] - m = m.substring(0, m.indexOf("2024")): null

22-11-2024T02:58:12 - [TEST_STEP][PASSED] - m = m.trim(): null

22-11-2024T02:58:12 - [TEST_STEP][PASSED] - dashboardName = "Выполнение бизнес-плана": null

22-11-2024T02:58:12 - [TEST_STEP][PASSED] - workbook01 = getWorkbook(excelFilePath): null

22-11-2024T02:58:12 - [TEST_STEP][PASSED] - sheet01 = getExcelSheet(workbook01, sheetName): null

22-11-2024T02:58:12 - [TEST_STEP][PASSED] - setValueToCellByIndex(sheet01, n, 0, dashboardName): null

22-11-2024T02:58:12 - [TEST_STEP][PASSED] - setValueToCellByIndex(sheet01, n, 1, dZO): null

22-11-2024T02:58:12 - [TEST_STEP][PASSED] - setValueToCellByIndex(sheet01, n, 2, typeOfData): null

22-11-2024T02:58:12 - [TEST_STEP][PASSED] - setValueToCellByIndex(sheet01, n, 3, typeOfData): null

22-11-2024T02:58:12 - [TEST_STEP][PASSED] - if (typeOfData == "План"): null

22-11-2024T02:58:12 - [TEST_STEP][PASSED] - else if (typeOfData == "Факт"): null

22-11-2024T02:58:12 - [TEST_STEP][PASSED] - else if (vidget.contains("электроэнергии") == true): null

22-11-2024T02:58:12 - [TEST_STEP][PASSED] - if (tabR == null): null

22-11-2024T02:58:12 - [TEST_STEP][PASSED] - else: null

22-11-2024T02:58:12 - [TEST_STEP][PASSED] - if (tabR == "нет данных"): null

22-11-2024T02:58:12 - [TEST_STEP][PASSED] - setValueToCellByIndex(sheet01, n, 4, "нет данных"): null

22-11-2024T02:58:12 - [TEST_STEP][PASSED] - if (tabB == null): null

22-11-2024T02:58:12 - [TEST_STEP][PASSED] - else: null

22-11-2024T02:58:12 - [TEST_STEP][PASSED] - if (tabB == "нет данных"): null

22-11-2024T02:58:12 - [TEST_STEP][PASSED] - else: null

22-11-2024T02:58:12 - [TEST_STEP][PASSED] - TB = tabB.toInteger(): null

22-11-2024T02:58:12 - [TEST_STEP][PASSED] - setValueToCellByIndex(sheet01, n, 5, TB): null

22-11-2024T02:58:12 - [TEST_STEP][PASSED] - setValueToCellByIndex(sheet01, n, 6, m): null

22-11-2024T02:58:12 - [TEST_STEP][PASSED] - setValueToCellByIndex(sheet01, n, 7, y): null

22-11-2024T02:58:12 - [TEST_STEP][PASSED] - setValueToCellByIndex(sheet01, n, 8, todaysDate): null

22-11-2024T02:58:12 - [TEST_STEP][PASSED] - n = n + 1: null

22-11-2024T02:58:12 - [TEST_STEP][PASSED] - saveWorkbook(excelFilePath, workbook01): null

22-11-2024T02:58:12 - [TEST_STEP][PASSED] - typeOfData = "Факт Потери": null

22-11-2024T02:58:12 - [TEST_STEP][PASSED] - tabR = GetPFactR(x = a): null

22-11-2024T02:58:12 - [TEST_STEP][PASSED] - i1 = <not implemented yet for class: org.codehaus.groovy.ast.expr.EmptyExpression>: null

22-11-2024T02:58:12 - [TEST_STEP][PASSED] - ii = <not implemented yet for class: org.codehaus.groovy.ast.expr.EmptyExpression>: null

22-11-2024T02:58:12 - [TEST_STEP][PASSED] - for ([ii = 1, ii < 6, (ii++)]): null

22-11-2024T02:58:12 - [TEST_STEP][PASSED] - i1 = x.indexOf("/") + 1: null

22-11-2024T02:58:12 - [TEST_STEP][PASSED] - if (i1 > -1): null

22-11-2024T02:58:12 - [TEST_STEP][PASSED] - x = x.substring(i1, x.length()): null

22-11-2024T02:58:12 - [TEST_STEP][PASSED] - println(x): null

22-11-2024T02:58:12 - [TEST_STEP][PASSED] - i1 = x.indexOf("/") + 1: null

22-11-2024T02:58:12 - [TEST_STEP][PASSED] - if (i1 > -1): null

22-11-2024T02:58:12 - [TEST_STEP][PASSED] - x = x.substring(i1, x.length()): null

22-11-2024T02:58:12 - [TEST_STEP][PASSED] - println(x): null

22-11-2024T02:58:12 - [TEST_STEP][PASSED] - i1 = x.indexOf("/") + 1: null

22-11-2024T02:58:12 - [TEST_STEP][PASSED] - if (i1 > -1): null

22-11-2024T02:58:12 - [TEST_STEP][PASSED] - x = x.substring(i1, x.length()): null

22-11-2024T02:58:12 - [TEST_STEP][PASSED] - println(x): null

22-11-2024T02:58:12 - [TEST_STEP][PASSED] - i1 = x.indexOf("/") + 1: null

22-11-2024T02:58:12 - [TEST_STEP][PASSED] - if (i1 > -1): null

22-11-2024T02:58:12 - [TEST_STEP][PASSED] - x = x.substring(i1, x.length()): null

22-11-2024T02:58:12 - [TEST_STEP][PASSED] - println(x): null

22-11-2024T02:58:12 - [TEST_STEP][PASSED] - i1 = x.indexOf("/") + 1: null

22-11-2024T02:58:12 - [TEST_STEP][PASSED] - if (i1 > -1): null

22-11-2024T02:58:12 - [TEST_STEP][PASSED] - x = x.substring(i1, x.length()): null

22-11-2024T02:58:12 - [TEST_STEP][PASSED] - println(x): null

22-11-2024T02:58:12 - [TEST_STEP][PASSED] - i1 = x.indexOf("/"): null

22-11-2024T02:58:12 - [TEST_STEP][PASSED] - if (i1 > -1): null

22-11-2024T02:58:12 - [TEST_STEP][PASSED] - x = x.substring(0, i1): null

22-11-2024T02:58:12 - [TEST_STEP][PASSED] - println(x): null

22-11-2024T02:58:12 - [TEST_STEP][PASSED] - return x: null

22-11-2024T02:58:12 - [TEST_STEP][PASSED] - tabB = GetPFactB(x = b): null

22-11-2024T02:58:12 - [TEST_STEP][PASSED] - i1 = <not implemented yet for class: org.codehaus.groovy.ast.expr.EmptyExpression>: null

22-11-2024T02:58:12 - [TEST_STEP][PASSED] - ii = <not implemented yet for class: org.codehaus.groovy.ast.expr.EmptyExpression>: null

22-11-2024T02:58:12 - [TEST_STEP][PASSED] - for ([ii = 1, ii < 6, (ii++)]): null

22-11-2024T02:58:12 - [TEST_STEP][PASSED] - i1 = x.indexOf("/") + 1: null

22-11-2024T02:58:12 - [TEST_STEP][PASSED] - if (i1 > -1): null

22-11-2024T02:58:12 - [TEST_STEP][PASSED] - x = x.substring(i1, x.length()): null

22-11-2024T02:58:12 - [TEST_STEP][PASSED] - println(x): null

22-11-2024T02:58:12 - [TEST_STEP][PASSED] - i1 = x.indexOf("/") + 1: null

22-11-2024T02:58:12 - [TEST_STEP][PASSED] - if (i1 > -1): null

22-11-2024T02:58:12 - [TEST_STEP][PASSED] - x = x.substring(i1, x.length()): null

22-11-2024T02:58:12 - [TEST_STEP][PASSED] - println(x): null

22-11-2024T02:58:12 - [TEST_STEP][PASSED] - i1 = x.indexOf("/") + 1: null

22-11-2024T02:58:12 - [TEST_STEP][PASSED] - if (i1 > -1): null

22-11-2024T02:58:12 - [TEST_STEP][PASSED] - x = x.substring(i1, x.length()): null

22-11-2024T02:58:12 - [TEST_STEP][PASSED] - println(x): null

22-11-2024T02:58:12 - [TEST_STEP][PASSED] - i1 = x.indexOf("/") + 1: null

22-11-2024T02:58:12 - [TEST_STEP][PASSED] - if (i1 > -1): null

22-11-2024T02:58:12 - [TEST_STEP][PASSED] - x = x.substring(i1, x.length()): null

22-11-2024T02:58:12 - [TEST_STEP][PASSED] - println(x): null

22-11-2024T02:58:12 - [TEST_STEP][PASSED] - i1 = x.indexOf("/") + 1: null

22-11-2024T02:58:12 - [TEST_STEP][PASSED] - if (i1 > -1): null

22-11-2024T02:58:12 - [TEST_STEP][PASSED] - x = x.substring(i1, x.length()): null

22-11-2024T02:58:12 - [TEST_STEP][PASSED] - println(x): null

22-11-2024T02:58:12 - [TEST_STEP][PASSED] - i1 = x.indexOf("/"): null

22-11-2024T02:58:12 - [TEST_STEP][PASSED] - if (i1 > -1): null

22-11-2024T02:58:12 - [TEST_STEP][PASSED] - x = x.substring(0, i1): null

22-11-2024T02:58:12 - [TEST_STEP][PASSED] - println(x): null

22-11-2024T02:58:12 - [TEST_STEP][FAILED] - return x: null

22-11-2024T02:58:12 - [TEST_STEP][PASSED] - println(tabR + "/" + tabB): null

22-11-2024T02:58:12 - [TEST_STEP][FAILED] - if (verifyEqual(tabR, tabB) == false): null

22-11-2024T02:58:12 - [MESSAGE][FAILED] - Unable to verify equal between actual object 'нет данных' and expected object '2952395' (Root cause: com.kms.katalon.core.exception.StepFailedException: Actual object 'нет данных' and expected object '2952395' are not equal
	at com.kms.katalon.core.keyword.builtin.VerifyEqualKeyword$_verifyEqual_closure1.doCall(VerifyEqualKeyword.groovy:58)
	at com.kms.katalon.core.keyword.builtin.VerifyEqualKeyword$_verifyEqual_closure1.call(VerifyEqualKeyword.groovy)
	at com.kms.katalon.core.keyword.internal.KeywordMain.runKeyword(KeywordMain.groovy:75)
	at com.kms.katalon.core.keyword.builtin.VerifyEqualKeyword.verifyEqual(VerifyEqualKeyword.groovy:63)
	at com.kms.katalon.core.keyword.builtin.VerifyEqualKeyword.execute(VerifyEqualKeyword.groovy:44)
	at com.kms.katalon.core.keyword.internal.KeywordExecutor.executeKeywordForPlatform(KeywordExecutor.groovy:74)
	at com.kms.katalon.core.keyword.BuiltinKeywords.verifyEqual(BuiltinKeywords.groovy:146)
	at jdk.internal.reflect.GeneratedMethodAccessor25.invoke(Unknown Source)
	at java.base/jdk.internal.reflect.DelegatingMethodAccessorImpl.invoke(DelegatingMethodAccessorImpl.java:43)
	at Выполнение бизнес-плана сверка дашбордов.CompareDZOData(Выполнение бизнес-плана сверка дашбордов:730)
	at Выполнение бизнес-плана сверка дашбордов.run(Выполнение бизнес-плана сверка дашбордов:608)
	at com.kms.katalon.core.main.ScriptEngine.run(ScriptEngine.java:194)
	at com.kms.katalon.core.main.ScriptEngine.runScriptAsRawText(ScriptEngine.java:119)
	at com.kms.katalon.core.main.TestCaseExecutor.runScript(TestCaseExecutor.java:448)
	at com.kms.katalon.core.main.TestCaseExecutor.doExecute(TestCaseExecutor.java:439)
	at com.kms.katalon.core.main.TestCaseExecutor.processExecutionPhase(TestCaseExecutor.java:418)
	at com.kms.katalon.core.main.TestCaseExecutor.accessMainPhase(TestCaseExecutor.java:410)
	at com.kms.katalon.core.main.TestCaseExecutor.execute(TestCaseExecutor.java:285)
	at com.kms.katalon.core.common.CommonExecutor.accessTestCaseMainPhase(CommonExecutor.java:65)
	at com.kms.katalon.core.main.TestSuiteExecutor.accessTestSuiteMainPhase(TestSuiteExecutor.java:150)
	at com.kms.katalon.core.main.TestSuiteExecutor.execute(TestSuiteExecutor.java:106)
	at com.kms.katalon.core.main.TestCaseMain.startTestSuite(TestCaseMain.java:180)
	at TempTestSuite1732232929817.run(TempTestSuite1732232929817.groovy:35)
	at java.base/jdk.internal.reflect.NativeMethodAccessorImpl.invoke0(Native Method)
	at java.base/jdk.internal.reflect.NativeMethodAccessorImpl.invoke(NativeMethodAccessorImpl.java:77)
	at java.base/jdk.internal.reflect.DelegatingMethodAccessorImpl.invoke(DelegatingMethodAccessorImpl.java:43)
)

22-11-2024T02:58:12 - [TEST_STEP][PASSED] - result = WriteToExcel(typeOfData, todaysDate, PercPlanR, PercPlanB, PercFactR, PercFactB, x, tabR, tabB, o1R, o1B, vidget): null

22-11-2024T02:58:12 - [TEST_STEP][PASSED] - iii = dZO.indexOf("/"): null

22-11-2024T02:58:12 - [TEST_STEP][PASSED] - println(iii): null

22-11-2024T02:58:12 - [TEST_STEP][PASSED] - dZO = dZO.substring(0, iii): null

22-11-2024T02:58:12 - [TEST_STEP][PASSED] - println(dZO): null

22-11-2024T02:58:12 - [TEST_STEP][PASSED] - println(PercPlanR): null

22-11-2024T02:58:12 - [TEST_STEP][PASSED] - println(PercPlanB): null

22-11-2024T02:58:12 - [TEST_STEP][PASSED] - println(PercFactR): null

22-11-2024T02:58:12 - [TEST_STEP][PASSED] - println(PercFactB): null

22-11-2024T02:58:12 - [TEST_STEP][PASSED] - println(tabR): null

22-11-2024T02:58:12 - [TEST_STEP][PASSED] - println(tabB): null

22-11-2024T02:58:12 - [TEST_STEP][PASSED] - println(o1R): null

22-11-2024T02:58:12 - [TEST_STEP][PASSED] - println(o1B): null

22-11-2024T02:58:12 - [TEST_STEP][PASSED] - PR = <not implemented yet for class: org.codehaus.groovy.ast.expr.EmptyExpression>: null

22-11-2024T02:58:12 - [TEST_STEP][PASSED] - FR = <not implemented yet for class: org.codehaus.groovy.ast.expr.EmptyExpression>: null

22-11-2024T02:58:12 - [TEST_STEP][PASSED] - PB = <not implemented yet for class: org.codehaus.groovy.ast.expr.EmptyExpression>: null

22-11-2024T02:58:12 - [TEST_STEP][PASSED] - FB = <not implemented yet for class: org.codehaus.groovy.ast.expr.EmptyExpression>: null

22-11-2024T02:58:12 - [TEST_STEP][PASSED] - TR = <not implemented yet for class: org.codehaus.groovy.ast.expr.EmptyExpression>: null

22-11-2024T02:58:12 - [TEST_STEP][PASSED] - TB = <not implemented yet for class: org.codehaus.groovy.ast.expr.EmptyExpression>: null

22-11-2024T02:58:12 - [TEST_STEP][PASSED] - sheetName = "Sheet1": null

22-11-2024T02:58:12 - [TEST_STEP][PASSED] - data = findTestData("PlanFact"): null

22-11-2024T02:58:12 - [TEST_STEP][PASSED] - n = data.getRowNumbers() + 1: null

22-11-2024T02:58:12 - [TEST_STEP][PASSED] - year = todaysDate.substring(todaysDate.length() - 4, todaysDate.length()): null

22-11-2024T02:58:12 - [TEST_STEP][PASSED] - y = year.toInteger(): null

22-11-2024T02:58:12 - [TEST_STEP][PASSED] - m = getText(findTestObject("Выполнение бизнес-плана/Выполнение бизнес-плана Балансы/Фильтр Дата")): Text of object 'Object Repository/Выполнение бизнес-плана/Выполнение бизнес-плана Балансы/Фильтр Дата' is: '1, 2, 3 кв. 2024 года'

22-11-2024T02:58:13 - [MESSAGE][PASSED] - Text of object 'Object Repository/Выполнение бизнес-плана/Выполнение бизнес-плана Балансы/Фильтр Дата' is: '1, 2, 3 кв. 2024 года'

22-11-2024T02:58:13 - [TEST_STEP][PASSED] - m = m.substring(0, m.indexOf("2024")): null

22-11-2024T02:58:13 - [TEST_STEP][PASSED] - m = m.trim(): null

22-11-2024T02:58:13 - [TEST_STEP][PASSED] - dashboardName = "Выполнение бизнес-плана": null

22-11-2024T02:58:13 - [TEST_STEP][PASSED] - workbook01 = getWorkbook(excelFilePath): null

22-11-2024T02:58:13 - [TEST_STEP][PASSED] - sheet01 = getExcelSheet(workbook01, sheetName): null

22-11-2024T02:58:13 - [TEST_STEP][PASSED] - setValueToCellByIndex(sheet01, n, 0, dashboardName): null

22-11-2024T02:58:13 - [TEST_STEP][PASSED] - setValueToCellByIndex(sheet01, n, 1, dZO): null

22-11-2024T02:58:13 - [TEST_STEP][PASSED] - setValueToCellByIndex(sheet01, n, 2, typeOfData): null

22-11-2024T02:58:13 - [TEST_STEP][PASSED] - setValueToCellByIndex(sheet01, n, 3, typeOfData): null

22-11-2024T02:58:13 - [TEST_STEP][PASSED] - if (typeOfData == "План"): null

22-11-2024T02:58:13 - [TEST_STEP][PASSED] - else if (typeOfData == "Факт"): null

22-11-2024T02:58:13 - [TEST_STEP][PASSED] - else if (vidget.contains("электроэнергии") == true): null

22-11-2024T02:58:13 - [TEST_STEP][PASSED] - if (tabR == null): null

22-11-2024T02:58:13 - [TEST_STEP][PASSED] - else: null

22-11-2024T02:58:13 - [TEST_STEP][PASSED] - if (tabR == "нет данных"): null

22-11-2024T02:58:13 - [TEST_STEP][PASSED] - setValueToCellByIndex(sheet01, n, 4, "нет данных"): null

22-11-2024T02:58:13 - [TEST_STEP][PASSED] - if (tabB == null): null

22-11-2024T02:58:13 - [TEST_STEP][PASSED] - else: null

22-11-2024T02:58:13 - [TEST_STEP][PASSED] - if (tabB == "нет данных"): null

22-11-2024T02:58:13 - [TEST_STEP][PASSED] - else: null

22-11-2024T02:58:13 - [TEST_STEP][PASSED] - TB = tabB.toInteger(): null

22-11-2024T02:58:13 - [TEST_STEP][PASSED] - setValueToCellByIndex(sheet01, n, 5, TB): null

22-11-2024T02:58:13 - [TEST_STEP][PASSED] - setValueToCellByIndex(sheet01, n, 6, m): null

22-11-2024T02:58:13 - [TEST_STEP][PASSED] - setValueToCellByIndex(sheet01, n, 7, y): null

22-11-2024T02:58:13 - [TEST_STEP][PASSED] - setValueToCellByIndex(sheet01, n, 8, todaysDate): null

22-11-2024T02:58:13 - [TEST_STEP][PASSED] - n = n + 1: null

22-11-2024T02:58:13 - [TEST_STEP][PASSED] - saveWorkbook(excelFilePath, workbook01): null

22-11-2024T02:58:13 - [TEST_STEP][PASSED] - vidget = "Показатели баланса электроэнергии по ДЗО – План": null

22-11-2024T02:58:13 - [TEST_STEP][PASSED] - typeOfData = "План Отпуск в сеть": null

22-11-2024T02:58:13 - [TEST_STEP][PASSED] - tabR = GetOvSPlanR(x = a): null

22-11-2024T02:58:13 - [TEST_STEP][PASSED] - i1 = <not implemented yet for class: org.codehaus.groovy.ast.expr.EmptyExpression>: null

22-11-2024T02:58:13 - [TEST_STEP][PASSED] - ii = <not implemented yet for class: org.codehaus.groovy.ast.expr.EmptyExpression>: null

22-11-2024T02:58:13 - [TEST_STEP][PASSED] - for ([ii = 1, ii < 7, (ii++)]): null

22-11-2024T02:58:13 - [TEST_STEP][PASSED] - i1 = x.indexOf("/") + 1: null

22-11-2024T02:58:13 - [TEST_STEP][PASSED] - if (i1 > -1): null

22-11-2024T02:58:13 - [TEST_STEP][PASSED] - x = x.substring(i1, x.length()): null

22-11-2024T02:58:13 - [TEST_STEP][PASSED] - println(x): null

22-11-2024T02:58:13 - [TEST_STEP][PASSED] - i1 = x.indexOf("/") + 1: null

22-11-2024T02:58:13 - [TEST_STEP][PASSED] - if (i1 > -1): null

22-11-2024T02:58:13 - [TEST_STEP][PASSED] - x = x.substring(i1, x.length()): null

22-11-2024T02:58:13 - [TEST_STEP][PASSED] - println(x): null

22-11-2024T02:58:13 - [TEST_STEP][PASSED] - i1 = x.indexOf("/") + 1: null

22-11-2024T02:58:13 - [TEST_STEP][PASSED] - if (i1 > -1): null

22-11-2024T02:58:13 - [TEST_STEP][PASSED] - x = x.substring(i1, x.length()): null

22-11-2024T02:58:13 - [TEST_STEP][PASSED] - println(x): null

22-11-2024T02:58:13 - [TEST_STEP][PASSED] - i1 = x.indexOf("/") + 1: null

22-11-2024T02:58:13 - [TEST_STEP][PASSED] - if (i1 > -1): null

22-11-2024T02:58:13 - [TEST_STEP][PASSED] - x = x.substring(i1, x.length()): null

22-11-2024T02:58:13 - [TEST_STEP][PASSED] - println(x): null

22-11-2024T02:58:13 - [TEST_STEP][PASSED] - i1 = x.indexOf("/") + 1: null

22-11-2024T02:58:13 - [TEST_STEP][PASSED] - if (i1 > -1): null

22-11-2024T02:58:13 - [TEST_STEP][PASSED] - x = x.substring(i1, x.length()): null

22-11-2024T02:58:13 - [TEST_STEP][PASSED] - println(x): null

22-11-2024T02:58:13 - [TEST_STEP][PASSED] - i1 = x.indexOf("/") + 1: null

22-11-2024T02:58:13 - [TEST_STEP][PASSED] - if (i1 > -1): null

22-11-2024T02:58:13 - [TEST_STEP][PASSED] - x = x.substring(i1, x.length()): null

22-11-2024T02:58:13 - [TEST_STEP][PASSED] - println(x): null

22-11-2024T02:58:13 - [TEST_STEP][PASSED] - i1 = x.indexOf("/"): null

22-11-2024T02:58:13 - [TEST_STEP][PASSED] - if (i1 > -1): null

22-11-2024T02:58:13 - [TEST_STEP][PASSED] - x = x.substring(0, i1): null

22-11-2024T02:58:13 - [TEST_STEP][PASSED] - println(x): null

22-11-2024T02:58:13 - [TEST_STEP][PASSED] - return x: null

22-11-2024T02:58:13 - [TEST_STEP][PASSED] - tabB = GetOvSPlanB(x = b): null

22-11-2024T02:58:13 - [TEST_STEP][PASSED] - i1 = <not implemented yet for class: org.codehaus.groovy.ast.expr.EmptyExpression>: null

22-11-2024T02:58:13 - [TEST_STEP][PASSED] - ii = <not implemented yet for class: org.codehaus.groovy.ast.expr.EmptyExpression>: null

22-11-2024T02:58:13 - [TEST_STEP][PASSED] - for ([ii = 1, ii < 7, (ii++)]): null

22-11-2024T02:58:13 - [TEST_STEP][PASSED] - i1 = x.indexOf("/") + 1: null

22-11-2024T02:58:13 - [TEST_STEP][PASSED] - if (i1 > -1): null

22-11-2024T02:58:13 - [TEST_STEP][PASSED] - x = x.substring(i1, x.length()): null

22-11-2024T02:58:13 - [TEST_STEP][PASSED] - println(x): null

22-11-2024T02:58:13 - [TEST_STEP][PASSED] - i1 = x.indexOf("/") + 1: null

22-11-2024T02:58:13 - [TEST_STEP][PASSED] - if (i1 > -1): null

22-11-2024T02:58:13 - [TEST_STEP][PASSED] - x = x.substring(i1, x.length()): null

22-11-2024T02:58:13 - [TEST_STEP][PASSED] - println(x): null

22-11-2024T02:58:13 - [TEST_STEP][PASSED] - i1 = x.indexOf("/") + 1: null

22-11-2024T02:58:13 - [TEST_STEP][PASSED] - if (i1 > -1): null

22-11-2024T02:58:13 - [TEST_STEP][PASSED] - x = x.substring(i1, x.length()): null

22-11-2024T02:58:13 - [TEST_STEP][PASSED] - println(x): null

22-11-2024T02:58:13 - [TEST_STEP][PASSED] - i1 = x.indexOf("/") + 1: null

22-11-2024T02:58:13 - [TEST_STEP][PASSED] - if (i1 > -1): null

22-11-2024T02:58:13 - [TEST_STEP][PASSED] - x = x.substring(i1, x.length()): null

22-11-2024T02:58:13 - [TEST_STEP][PASSED] - println(x): null

22-11-2024T02:58:13 - [TEST_STEP][PASSED] - i1 = x.indexOf("/") + 1: null

22-11-2024T02:58:13 - [TEST_STEP][PASSED] - if (i1 > -1): null

22-11-2024T02:58:13 - [TEST_STEP][PASSED] - x = x.substring(i1, x.length()): null

22-11-2024T02:58:13 - [TEST_STEP][PASSED] - println(x): null

22-11-2024T02:58:13 - [TEST_STEP][PASSED] - i1 = x.indexOf("/") + 1: null

22-11-2024T02:58:13 - [TEST_STEP][PASSED] - if (i1 > -1): null

22-11-2024T02:58:13 - [TEST_STEP][PASSED] - x = x.substring(i1, x.length()): null

22-11-2024T02:58:13 - [TEST_STEP][PASSED] - println(x): null

22-11-2024T02:58:13 - [TEST_STEP][PASSED] - i1 = x.indexOf("/"): null

22-11-2024T02:58:13 - [TEST_STEP][PASSED] - if (i1 > -1): null

22-11-2024T02:58:13 - [TEST_STEP][PASSED] - x = x.substring(0, i1): null

22-11-2024T02:58:13 - [TEST_STEP][PASSED] - println(x): null

22-11-2024T02:58:13 - [TEST_STEP][FAILED] - return x: null

22-11-2024T02:58:13 - [TEST_STEP][PASSED] - println(tabR + "/" + tabB): null

22-11-2024T02:58:13 - [TEST_STEP][FAILED] - if (verifyEqual(PercFactR, PercFactB) == false): null

22-11-2024T02:58:13 - [MESSAGE][FAILED] - Unable to verify equal between actual object 'нет данных' and expected object '10.48' (Root cause: com.kms.katalon.core.exception.StepFailedException: Actual object 'нет данных' and expected object '10.48' are not equal
	at com.kms.katalon.core.keyword.builtin.VerifyEqualKeyword$_verifyEqual_closure1.doCall(VerifyEqualKeyword.groovy:58)
	at com.kms.katalon.core.keyword.builtin.VerifyEqualKeyword$_verifyEqual_closure1.call(VerifyEqualKeyword.groovy)
	at com.kms.katalon.core.keyword.internal.KeywordMain.runKeyword(KeywordMain.groovy:75)
	at com.kms.katalon.core.keyword.builtin.VerifyEqualKeyword.verifyEqual(VerifyEqualKeyword.groovy:63)
	at com.kms.katalon.core.keyword.builtin.VerifyEqualKeyword.execute(VerifyEqualKeyword.groovy:44)
	at com.kms.katalon.core.keyword.internal.KeywordExecutor.executeKeywordForPlatform(KeywordExecutor.groovy:74)
	at com.kms.katalon.core.keyword.BuiltinKeywords.verifyEqual(BuiltinKeywords.groovy:146)
	at jdk.internal.reflect.GeneratedMethodAccessor25.invoke(Unknown Source)
	at java.base/jdk.internal.reflect.DelegatingMethodAccessorImpl.invoke(DelegatingMethodAccessorImpl.java:43)
	at Выполнение бизнес-плана сверка дашбордов.CompareDZOData(Выполнение бизнес-плана сверка дашбордов:745)
	at Выполнение бизнес-плана сверка дашбордов.run(Выполнение бизнес-плана сверка дашбордов:608)
	at com.kms.katalon.core.main.ScriptEngine.run(ScriptEngine.java:194)
	at com.kms.katalon.core.main.ScriptEngine.runScriptAsRawText(ScriptEngine.java:119)
	at com.kms.katalon.core.main.TestCaseExecutor.runScript(TestCaseExecutor.java:448)
	at com.kms.katalon.core.main.TestCaseExecutor.doExecute(TestCaseExecutor.java:439)
	at com.kms.katalon.core.main.TestCaseExecutor.processExecutionPhase(TestCaseExecutor.java:418)
	at com.kms.katalon.core.main.TestCaseExecutor.accessMainPhase(TestCaseExecutor.java:410)
	at com.kms.katalon.core.main.TestCaseExecutor.execute(TestCaseExecutor.java:285)
	at com.kms.katalon.core.common.CommonExecutor.accessTestCaseMainPhase(CommonExecutor.java:65)
	at com.kms.katalon.core.main.TestSuiteExecutor.accessTestSuiteMainPhase(TestSuiteExecutor.java:150)
	at com.kms.katalon.core.main.TestSuiteExecutor.execute(TestSuiteExecutor.java:106)
	at com.kms.katalon.core.main.TestCaseMain.startTestSuite(TestCaseMain.java:180)
	at TempTestSuite1732232929817.run(TempTestSuite1732232929817.groovy:35)
	at java.base/jdk.internal.reflect.NativeMethodAccessorImpl.invoke0(Native Method)
	at java.base/jdk.internal.reflect.NativeMethodAccessorImpl.invoke(NativeMethodAccessorImpl.java:77)
	at java.base/jdk.internal.reflect.DelegatingMethodAccessorImpl.invoke(DelegatingMethodAccessorImpl.java:43)
)

22-11-2024T02:58:13 - [TEST_STEP][PASSED] - result = WriteToExcel(typeOfData, todaysDate, PercPlanR, PercPlanB, PercFactR, PercFactB, x, tabR, tabB, o1R, o1B, vidget): null

22-11-2024T02:58:13 - [TEST_STEP][PASSED] - iii = dZO.indexOf("/"): null

22-11-2024T02:58:13 - [TEST_STEP][PASSED] - println(iii): null

22-11-2024T02:58:13 - [TEST_STEP][PASSED] - dZO = dZO.substring(0, iii): null

22-11-2024T02:58:13 - [TEST_STEP][PASSED] - println(dZO): null

22-11-2024T02:58:13 - [TEST_STEP][PASSED] - println(PercPlanR): null

22-11-2024T02:58:13 - [TEST_STEP][PASSED] - println(PercPlanB): null

22-11-2024T02:58:13 - [TEST_STEP][PASSED] - println(PercFactR): null

22-11-2024T02:58:13 - [TEST_STEP][PASSED] - println(PercFactB): null

22-11-2024T02:58:13 - [TEST_STEP][PASSED] - println(tabR): null

22-11-2024T02:58:13 - [TEST_STEP][PASSED] - println(tabB): null

22-11-2024T02:58:13 - [TEST_STEP][PASSED] - println(o1R): null

22-11-2024T02:58:13 - [TEST_STEP][PASSED] - println(o1B): null

22-11-2024T02:58:13 - [TEST_STEP][PASSED] - PR = <not implemented yet for class: org.codehaus.groovy.ast.expr.EmptyExpression>: null

22-11-2024T02:58:13 - [TEST_STEP][PASSED] - FR = <not implemented yet for class: org.codehaus.groovy.ast.expr.EmptyExpression>: null

22-11-2024T02:58:13 - [TEST_STEP][PASSED] - PB = <not implemented yet for class: org.codehaus.groovy.ast.expr.EmptyExpression>: null

22-11-2024T02:58:13 - [TEST_STEP][PASSED] - FB = <not implemented yet for class: org.codehaus.groovy.ast.expr.EmptyExpression>: null

22-11-2024T02:58:13 - [TEST_STEP][PASSED] - TR = <not implemented yet for class: org.codehaus.groovy.ast.expr.EmptyExpression>: null

22-11-2024T02:58:13 - [TEST_STEP][PASSED] - TB = <not implemented yet for class: org.codehaus.groovy.ast.expr.EmptyExpression>: null

22-11-2024T02:58:13 - [TEST_STEP][PASSED] - sheetName = "Sheet1": null

22-11-2024T02:58:13 - [TEST_STEP][PASSED] - data = findTestData("PlanFact"): null

22-11-2024T02:58:13 - [TEST_STEP][PASSED] - n = data.getRowNumbers() + 1: null

22-11-2024T02:58:13 - [TEST_STEP][PASSED] - year = todaysDate.substring(todaysDate.length() - 4, todaysDate.length()): null

22-11-2024T02:58:13 - [TEST_STEP][PASSED] - y = year.toInteger(): null

22-11-2024T02:58:13 - [TEST_STEP][PASSED] - m = getText(findTestObject("Выполнение бизнес-плана/Выполнение бизнес-плана Балансы/Фильтр Дата")): Text of object 'Object Repository/Выполнение бизнес-плана/Выполнение бизнес-плана Балансы/Фильтр Дата' is: '1, 2, 3 кв. 2024 года'

22-11-2024T02:58:13 - [MESSAGE][PASSED] - Text of object 'Object Repository/Выполнение бизнес-плана/Выполнение бизнес-плана Балансы/Фильтр Дата' is: '1, 2, 3 кв. 2024 года'

22-11-2024T02:58:13 - [TEST_STEP][PASSED] - m = m.substring(0, m.indexOf("2024")): null

22-11-2024T02:58:13 - [TEST_STEP][PASSED] - m = m.trim(): null

22-11-2024T02:58:13 - [TEST_STEP][PASSED] - dashboardName = "Выполнение бизнес-плана": null

22-11-2024T02:58:13 - [TEST_STEP][PASSED] - workbook01 = getWorkbook(excelFilePath): null

22-11-2024T02:58:13 - [TEST_STEP][PASSED] - sheet01 = getExcelSheet(workbook01, sheetName): null

22-11-2024T02:58:13 - [TEST_STEP][PASSED] - setValueToCellByIndex(sheet01, n, 0, dashboardName): null

22-11-2024T02:58:13 - [TEST_STEP][PASSED] - setValueToCellByIndex(sheet01, n, 1, dZO): null

22-11-2024T02:58:13 - [TEST_STEP][PASSED] - setValueToCellByIndex(sheet01, n, 2, typeOfData): null

22-11-2024T02:58:13 - [TEST_STEP][PASSED] - setValueToCellByIndex(sheet01, n, 3, typeOfData): null

22-11-2024T02:58:13 - [TEST_STEP][PASSED] - if (typeOfData == "План"): null

22-11-2024T02:58:13 - [TEST_STEP][PASSED] - else if (typeOfData == "Факт"): null

22-11-2024T02:58:13 - [TEST_STEP][PASSED] - else if (vidget.contains("электроэнергии") == true): null

22-11-2024T02:58:13 - [TEST_STEP][PASSED] - if (tabR == null): null

22-11-2024T02:58:13 - [TEST_STEP][PASSED] - else: null

22-11-2024T02:58:13 - [TEST_STEP][PASSED] - if (tabR == "нет данных"): null

22-11-2024T02:58:13 - [TEST_STEP][PASSED] - setValueToCellByIndex(sheet01, n, 4, "нет данных"): null

22-11-2024T02:58:13 - [TEST_STEP][PASSED] - if (tabB == null): null

22-11-2024T02:58:13 - [TEST_STEP][PASSED] - else: null

22-11-2024T02:58:13 - [TEST_STEP][PASSED] - if (tabB == "нет данных"): null

22-11-2024T02:58:13 - [TEST_STEP][PASSED] - else: null

22-11-2024T02:58:13 - [TEST_STEP][PASSED] - TB = tabB.toInteger(): null

22-11-2024T02:58:13 - [TEST_STEP][PASSED] - setValueToCellByIndex(sheet01, n, 5, TB): null

22-11-2024T02:58:13 - [TEST_STEP][PASSED] - setValueToCellByIndex(sheet01, n, 6, m): null

22-11-2024T02:58:13 - [TEST_STEP][PASSED] - setValueToCellByIndex(sheet01, n, 7, y): null

22-11-2024T02:58:13 - [TEST_STEP][PASSED] - setValueToCellByIndex(sheet01, n, 8, todaysDate): null

22-11-2024T02:58:13 - [TEST_STEP][PASSED] - n = n + 1: null

22-11-2024T02:58:13 - [TEST_STEP][PASSED] - saveWorkbook(excelFilePath, workbook01): null

22-11-2024T02:58:14 - [TEST_STEP][PASSED] - typeOfData = "План Отпуск из сети": null

22-11-2024T02:58:14 - [TEST_STEP][PASSED] - tabR = GetOiSPlanR(x = a): null

22-11-2024T02:58:14 - [TEST_STEP][PASSED] - i1 = <not implemented yet for class: org.codehaus.groovy.ast.expr.EmptyExpression>: null

22-11-2024T02:58:14 - [TEST_STEP][PASSED] - ii = <not implemented yet for class: org.codehaus.groovy.ast.expr.EmptyExpression>: null

22-11-2024T02:58:14 - [TEST_STEP][PASSED] - for ([ii = 1, ii < 8, (ii++)]): null

22-11-2024T02:58:14 - [TEST_STEP][PASSED] - i1 = x.indexOf("/") + 1: null

22-11-2024T02:58:14 - [TEST_STEP][PASSED] - if (i1 > -1): null

22-11-2024T02:58:14 - [TEST_STEP][PASSED] - x = x.substring(i1, x.length()): null

22-11-2024T02:58:14 - [TEST_STEP][PASSED] - println(x): null

22-11-2024T02:58:14 - [TEST_STEP][PASSED] - i1 = x.indexOf("/") + 1: null

22-11-2024T02:58:14 - [TEST_STEP][PASSED] - if (i1 > -1): null

22-11-2024T02:58:14 - [TEST_STEP][PASSED] - x = x.substring(i1, x.length()): null

22-11-2024T02:58:14 - [TEST_STEP][PASSED] - println(x): null

22-11-2024T02:58:14 - [TEST_STEP][PASSED] - i1 = x.indexOf("/") + 1: null

22-11-2024T02:58:14 - [TEST_STEP][PASSED] - if (i1 > -1): null

22-11-2024T02:58:14 - [TEST_STEP][PASSED] - x = x.substring(i1, x.length()): null

22-11-2024T02:58:14 - [TEST_STEP][PASSED] - println(x): null

22-11-2024T02:58:14 - [TEST_STEP][PASSED] - i1 = x.indexOf("/") + 1: null

22-11-2024T02:58:14 - [TEST_STEP][PASSED] - if (i1 > -1): null

22-11-2024T02:58:14 - [TEST_STEP][PASSED] - x = x.substring(i1, x.length()): null

22-11-2024T02:58:14 - [TEST_STEP][PASSED] - println(x): null

22-11-2024T02:58:14 - [TEST_STEP][PASSED] - i1 = x.indexOf("/") + 1: null

22-11-2024T02:58:14 - [TEST_STEP][PASSED] - if (i1 > -1): null

22-11-2024T02:58:14 - [TEST_STEP][PASSED] - x = x.substring(i1, x.length()): null

22-11-2024T02:58:14 - [TEST_STEP][PASSED] - println(x): null

22-11-2024T02:58:14 - [TEST_STEP][PASSED] - i1 = x.indexOf("/") + 1: null

22-11-2024T02:58:14 - [TEST_STEP][PASSED] - if (i1 > -1): null

22-11-2024T02:58:14 - [TEST_STEP][PASSED] - x = x.substring(i1, x.length()): null

22-11-2024T02:58:14 - [TEST_STEP][PASSED] - println(x): null

22-11-2024T02:58:14 - [TEST_STEP][PASSED] - i1 = x.indexOf("/") + 1: null

22-11-2024T02:58:14 - [TEST_STEP][PASSED] - if (i1 > -1): null

22-11-2024T02:58:14 - [TEST_STEP][PASSED] - x = x.substring(i1, x.length()): null

22-11-2024T02:58:14 - [TEST_STEP][PASSED] - println(x): null

22-11-2024T02:58:14 - [TEST_STEP][PASSED] - i1 = x.indexOf("/"): null

22-11-2024T02:58:14 - [TEST_STEP][PASSED] - if (i1 > -1): null

22-11-2024T02:58:14 - [TEST_STEP][PASSED] - x = x.substring(0, i1): null

22-11-2024T02:58:14 - [TEST_STEP][PASSED] - println(x): null

22-11-2024T02:58:14 - [TEST_STEP][PASSED] - return x: null

22-11-2024T02:58:14 - [TEST_STEP][PASSED] - tabB = GetOiSPlanB(x = b): null

22-11-2024T02:58:14 - [TEST_STEP][PASSED] - i1 = <not implemented yet for class: org.codehaus.groovy.ast.expr.EmptyExpression>: null

22-11-2024T02:58:14 - [TEST_STEP][PASSED] - ii = <not implemented yet for class: org.codehaus.groovy.ast.expr.EmptyExpression>: null

22-11-2024T02:58:14 - [TEST_STEP][PASSED] - for ([ii = 1, ii < 8, (ii++)]): null

22-11-2024T02:58:14 - [TEST_STEP][PASSED] - i1 = x.indexOf("/") + 1: null

22-11-2024T02:58:14 - [TEST_STEP][PASSED] - if (i1 > -1): null

22-11-2024T02:58:14 - [TEST_STEP][PASSED] - x = x.substring(i1, x.length()): null

22-11-2024T02:58:14 - [TEST_STEP][PASSED] - println(x): null

22-11-2024T02:58:14 - [TEST_STEP][PASSED] - i1 = x.indexOf("/") + 1: null

22-11-2024T02:58:14 - [TEST_STEP][PASSED] - if (i1 > -1): null

22-11-2024T02:58:14 - [TEST_STEP][PASSED] - x = x.substring(i1, x.length()): null

22-11-2024T02:58:14 - [TEST_STEP][PASSED] - println(x): null

22-11-2024T02:58:14 - [TEST_STEP][PASSED] - i1 = x.indexOf("/") + 1: null

22-11-2024T02:58:14 - [TEST_STEP][PASSED] - if (i1 > -1): null

22-11-2024T02:58:14 - [TEST_STEP][PASSED] - x = x.substring(i1, x.length()): null

22-11-2024T02:58:14 - [TEST_STEP][PASSED] - println(x): null

22-11-2024T02:58:14 - [TEST_STEP][PASSED] - i1 = x.indexOf("/") + 1: null

22-11-2024T02:58:14 - [TEST_STEP][PASSED] - if (i1 > -1): null

22-11-2024T02:58:14 - [TEST_STEP][PASSED] - x = x.substring(i1, x.length()): null

22-11-2024T02:58:14 - [TEST_STEP][PASSED] - println(x): null

22-11-2024T02:58:14 - [TEST_STEP][PASSED] - i1 = x.indexOf("/") + 1: null

22-11-2024T02:58:14 - [TEST_STEP][PASSED] - if (i1 > -1): null

22-11-2024T02:58:14 - [TEST_STEP][PASSED] - x = x.substring(i1, x.length()): null

22-11-2024T02:58:14 - [TEST_STEP][PASSED] - println(x): null

22-11-2024T02:58:14 - [TEST_STEP][PASSED] - i1 = x.indexOf("/") + 1: null

22-11-2024T02:58:14 - [TEST_STEP][PASSED] - if (i1 > -1): null

22-11-2024T02:58:14 - [TEST_STEP][PASSED] - x = x.substring(i1, x.length()): null

22-11-2024T02:58:14 - [TEST_STEP][PASSED] - println(x): null

22-11-2024T02:58:14 - [TEST_STEP][PASSED] - i1 = x.indexOf("/") + 1: null

22-11-2024T02:58:14 - [TEST_STEP][PASSED] - if (i1 > -1): null

22-11-2024T02:58:14 - [TEST_STEP][PASSED] - x = x.substring(i1, x.length()): null

22-11-2024T02:58:14 - [TEST_STEP][PASSED] - println(x): null

22-11-2024T02:58:14 - [TEST_STEP][PASSED] - i1 = x.indexOf("/"): null

22-11-2024T02:58:14 - [TEST_STEP][PASSED] - if (i1 > -1): null

22-11-2024T02:58:14 - [TEST_STEP][PASSED] - x = x.substring(0, i1): null

22-11-2024T02:58:14 - [TEST_STEP][PASSED] - println(x): null

22-11-2024T02:58:14 - [TEST_STEP][FAILED] - return x: null

22-11-2024T02:58:14 - [TEST_STEP][PASSED] - println(tabR + "/" + tabB): null

22-11-2024T02:58:14 - [TEST_STEP][FAILED] - if (verifyEqual(PercFactR, PercFactB) == false): null

22-11-2024T02:58:14 - [MESSAGE][FAILED] - Unable to verify equal between actual object 'нет данных' and expected object '10.48' (Root cause: com.kms.katalon.core.exception.StepFailedException: Actual object 'нет данных' and expected object '10.48' are not equal
	at com.kms.katalon.core.keyword.builtin.VerifyEqualKeyword$_verifyEqual_closure1.doCall(VerifyEqualKeyword.groovy:58)
	at com.kms.katalon.core.keyword.builtin.VerifyEqualKeyword$_verifyEqual_closure1.call(VerifyEqualKeyword.groovy)
	at com.kms.katalon.core.keyword.internal.KeywordMain.runKeyword(KeywordMain.groovy:75)
	at com.kms.katalon.core.keyword.builtin.VerifyEqualKeyword.verifyEqual(VerifyEqualKeyword.groovy:63)
	at com.kms.katalon.core.keyword.builtin.VerifyEqualKeyword.execute(VerifyEqualKeyword.groovy:44)
	at com.kms.katalon.core.keyword.internal.KeywordExecutor.executeKeywordForPlatform(KeywordExecutor.groovy:74)
	at com.kms.katalon.core.keyword.BuiltinKeywords.verifyEqual(BuiltinKeywords.groovy:146)
	at jdk.internal.reflect.GeneratedMethodAccessor25.invoke(Unknown Source)
	at java.base/jdk.internal.reflect.DelegatingMethodAccessorImpl.invoke(DelegatingMethodAccessorImpl.java:43)
	at Выполнение бизнес-плана сверка дашбордов.CompareDZOData(Выполнение бизнес-плана сверка дашбордов:758)
	at Выполнение бизнес-плана сверка дашбордов.run(Выполнение бизнес-плана сверка дашбордов:608)
	at com.kms.katalon.core.main.ScriptEngine.run(ScriptEngine.java:194)
	at com.kms.katalon.core.main.ScriptEngine.runScriptAsRawText(ScriptEngine.java:119)
	at com.kms.katalon.core.main.TestCaseExecutor.runScript(TestCaseExecutor.java:448)
	at com.kms.katalon.core.main.TestCaseExecutor.doExecute(TestCaseExecutor.java:439)
	at com.kms.katalon.core.main.TestCaseExecutor.processExecutionPhase(TestCaseExecutor.java:418)
	at com.kms.katalon.core.main.TestCaseExecutor.accessMainPhase(TestCaseExecutor.java:410)
	at com.kms.katalon.core.main.TestCaseExecutor.execute(TestCaseExecutor.java:285)
	at com.kms.katalon.core.common.CommonExecutor.accessTestCaseMainPhase(CommonExecutor.java:65)
	at com.kms.katalon.core.main.TestSuiteExecutor.accessTestSuiteMainPhase(TestSuiteExecutor.java:150)
	at com.kms.katalon.core.main.TestSuiteExecutor.execute(TestSuiteExecutor.java:106)
	at com.kms.katalon.core.main.TestCaseMain.startTestSuite(TestCaseMain.java:180)
	at TempTestSuite1732232929817.run(TempTestSuite1732232929817.groovy:35)
	at java.base/jdk.internal.reflect.NativeMethodAccessorImpl.invoke0(Native Method)
	at java.base/jdk.internal.reflect.NativeMethodAccessorImpl.invoke(NativeMethodAccessorImpl.java:77)
	at java.base/jdk.internal.reflect.DelegatingMethodAccessorImpl.invoke(DelegatingMethodAccessorImpl.java:43)
)

22-11-2024T02:58:14 - [TEST_STEP][PASSED] - result = WriteToExcel(typeOfData, todaysDate, PercPlanR, PercPlanB, PercFactR, PercFactB, x, tabR, tabB, o1R, o1B, vidget): null

22-11-2024T02:58:14 - [TEST_STEP][PASSED] - iii = dZO.indexOf("/"): null

22-11-2024T02:58:14 - [TEST_STEP][PASSED] - println(iii): null

22-11-2024T02:58:14 - [TEST_STEP][PASSED] - dZO = dZO.substring(0, iii): null

22-11-2024T02:58:14 - [TEST_STEP][PASSED] - println(dZO): null

22-11-2024T02:58:14 - [TEST_STEP][PASSED] - println(PercPlanR): null

22-11-2024T02:58:14 - [TEST_STEP][PASSED] - println(PercPlanB): null

22-11-2024T02:58:14 - [TEST_STEP][PASSED] - println(PercFactR): null

22-11-2024T02:58:14 - [TEST_STEP][PASSED] - println(PercFactB): null

22-11-2024T02:58:14 - [TEST_STEP][PASSED] - println(tabR): null

22-11-2024T02:58:14 - [TEST_STEP][PASSED] - println(tabB): null

22-11-2024T02:58:14 - [TEST_STEP][PASSED] - println(o1R): null

22-11-2024T02:58:14 - [TEST_STEP][PASSED] - println(o1B): null

22-11-2024T02:58:14 - [TEST_STEP][PASSED] - PR = <not implemented yet for class: org.codehaus.groovy.ast.expr.EmptyExpression>: null

22-11-2024T02:58:14 - [TEST_STEP][PASSED] - FR = <not implemented yet for class: org.codehaus.groovy.ast.expr.EmptyExpression>: null

22-11-2024T02:58:14 - [TEST_STEP][PASSED] - PB = <not implemented yet for class: org.codehaus.groovy.ast.expr.EmptyExpression>: null

22-11-2024T02:58:14 - [TEST_STEP][PASSED] - FB = <not implemented yet for class: org.codehaus.groovy.ast.expr.EmptyExpression>: null

22-11-2024T02:58:14 - [TEST_STEP][PASSED] - TR = <not implemented yet for class: org.codehaus.groovy.ast.expr.EmptyExpression>: null

22-11-2024T02:58:14 - [TEST_STEP][PASSED] - TB = <not implemented yet for class: org.codehaus.groovy.ast.expr.EmptyExpression>: null

22-11-2024T02:58:14 - [TEST_STEP][PASSED] - sheetName = "Sheet1": null

22-11-2024T02:58:14 - [TEST_STEP][PASSED] - data = findTestData("PlanFact"): null

22-11-2024T02:58:14 - [TEST_STEP][PASSED] - n = data.getRowNumbers() + 1: null

22-11-2024T02:58:14 - [TEST_STEP][PASSED] - year = todaysDate.substring(todaysDate.length() - 4, todaysDate.length()): null

22-11-2024T02:58:14 - [TEST_STEP][PASSED] - y = year.toInteger(): null

22-11-2024T02:58:14 - [TEST_STEP][PASSED] - m = getText(findTestObject("Выполнение бизнес-плана/Выполнение бизнес-плана Балансы/Фильтр Дата")): Text of object 'Object Repository/Выполнение бизнес-плана/Выполнение бизнес-плана Балансы/Фильтр Дата' is: '1, 2, 3 кв. 2024 года'

22-11-2024T02:58:14 - [MESSAGE][PASSED] - Text of object 'Object Repository/Выполнение бизнес-плана/Выполнение бизнес-плана Балансы/Фильтр Дата' is: '1, 2, 3 кв. 2024 года'

22-11-2024T02:58:14 - [TEST_STEP][PASSED] - m = m.substring(0, m.indexOf("2024")): null

22-11-2024T02:58:14 - [TEST_STEP][PASSED] - m = m.trim(): null

22-11-2024T02:58:14 - [TEST_STEP][PASSED] - dashboardName = "Выполнение бизнес-плана": null

22-11-2024T02:58:14 - [TEST_STEP][PASSED] - workbook01 = getWorkbook(excelFilePath): null

22-11-2024T02:58:14 - [TEST_STEP][PASSED] - sheet01 = getExcelSheet(workbook01, sheetName): null

22-11-2024T02:58:14 - [TEST_STEP][PASSED] - setValueToCellByIndex(sheet01, n, 0, dashboardName): null

22-11-2024T02:58:14 - [TEST_STEP][PASSED] - setValueToCellByIndex(sheet01, n, 1, dZO): null

22-11-2024T02:58:14 - [TEST_STEP][PASSED] - setValueToCellByIndex(sheet01, n, 2, typeOfData): null

22-11-2024T02:58:14 - [TEST_STEP][PASSED] - setValueToCellByIndex(sheet01, n, 3, typeOfData): null

22-11-2024T02:58:14 - [TEST_STEP][PASSED] - if (typeOfData == "План"): null

22-11-2024T02:58:14 - [TEST_STEP][PASSED] - else if (typeOfData == "Факт"): null

22-11-2024T02:58:14 - [TEST_STEP][PASSED] - else if (vidget.contains("электроэнергии") == true): null

22-11-2024T02:58:14 - [TEST_STEP][PASSED] - if (tabR == null): null

22-11-2024T02:58:14 - [TEST_STEP][PASSED] - else: null

22-11-2024T02:58:14 - [TEST_STEP][PASSED] - if (tabR == "нет данных"): null

22-11-2024T02:58:14 - [TEST_STEP][PASSED] - setValueToCellByIndex(sheet01, n, 4, "нет данных"): null

22-11-2024T02:58:14 - [TEST_STEP][PASSED] - if (tabB == null): null

22-11-2024T02:58:14 - [TEST_STEP][PASSED] - else: null

22-11-2024T02:58:14 - [TEST_STEP][PASSED] - if (tabB == "нет данных"): null

22-11-2024T02:58:14 - [TEST_STEP][PASSED] - else: null

22-11-2024T02:58:14 - [TEST_STEP][PASSED] - TB = tabB.toInteger(): null

22-11-2024T02:58:14 - [TEST_STEP][PASSED] - setValueToCellByIndex(sheet01, n, 5, TB): null

22-11-2024T02:58:14 - [TEST_STEP][PASSED] - setValueToCellByIndex(sheet01, n, 6, m): null

22-11-2024T02:58:14 - [TEST_STEP][PASSED] - setValueToCellByIndex(sheet01, n, 7, y): null

22-11-2024T02:58:14 - [TEST_STEP][PASSED] - setValueToCellByIndex(sheet01, n, 8, todaysDate): null

22-11-2024T02:58:14 - [TEST_STEP][PASSED] - n = n + 1: null

22-11-2024T02:58:14 - [TEST_STEP][PASSED] - saveWorkbook(excelFilePath, workbook01): null

22-11-2024T02:58:14 - [TEST_STEP][PASSED] - typeOfData = "План Потери": null

22-11-2024T02:58:14 - [TEST_STEP][PASSED] - tabR = GetPPlanR(x = a): null

22-11-2024T02:58:14 - [TEST_STEP][PASSED] - i1 = <not implemented yet for class: org.codehaus.groovy.ast.expr.EmptyExpression>: null

22-11-2024T02:58:14 - [TEST_STEP][PASSED] - ii = <not implemented yet for class: org.codehaus.groovy.ast.expr.EmptyExpression>: null

22-11-2024T02:58:14 - [TEST_STEP][PASSED] - for ([ii = 1, ii < 9, (ii++)]): null

22-11-2024T02:58:14 - [TEST_STEP][PASSED] - i1 = x.indexOf("/") + 1: null

22-11-2024T02:58:14 - [TEST_STEP][PASSED] - if (i1 > -1): null

22-11-2024T02:58:14 - [TEST_STEP][PASSED] - x = x.substring(i1, x.length()): null

22-11-2024T02:58:14 - [TEST_STEP][PASSED] - println(x): null

22-11-2024T02:58:14 - [TEST_STEP][PASSED] - i1 = x.indexOf("/") + 1: null

22-11-2024T02:58:14 - [TEST_STEP][PASSED] - if (i1 > -1): null

22-11-2024T02:58:14 - [TEST_STEP][PASSED] - x = x.substring(i1, x.length()): null

22-11-2024T02:58:14 - [TEST_STEP][PASSED] - println(x): null

22-11-2024T02:58:14 - [TEST_STEP][PASSED] - i1 = x.indexOf("/") + 1: null

22-11-2024T02:58:14 - [TEST_STEP][PASSED] - if (i1 > -1): null

22-11-2024T02:58:14 - [TEST_STEP][PASSED] - x = x.substring(i1, x.length()): null

22-11-2024T02:58:14 - [TEST_STEP][PASSED] - println(x): null

22-11-2024T02:58:14 - [TEST_STEP][PASSED] - i1 = x.indexOf("/") + 1: null

22-11-2024T02:58:14 - [TEST_STEP][PASSED] - if (i1 > -1): null

22-11-2024T02:58:14 - [TEST_STEP][PASSED] - x = x.substring(i1, x.length()): null

22-11-2024T02:58:14 - [TEST_STEP][PASSED] - println(x): null

22-11-2024T02:58:14 - [TEST_STEP][PASSED] - i1 = x.indexOf("/") + 1: null

22-11-2024T02:58:14 - [TEST_STEP][PASSED] - if (i1 > -1): null

22-11-2024T02:58:14 - [TEST_STEP][PASSED] - x = x.substring(i1, x.length()): null

22-11-2024T02:58:14 - [TEST_STEP][PASSED] - println(x): null

22-11-2024T02:58:14 - [TEST_STEP][PASSED] - i1 = x.indexOf("/") + 1: null

22-11-2024T02:58:14 - [TEST_STEP][PASSED] - if (i1 > -1): null

22-11-2024T02:58:14 - [TEST_STEP][PASSED] - x = x.substring(i1, x.length()): null

22-11-2024T02:58:14 - [TEST_STEP][PASSED] - println(x): null

22-11-2024T02:58:14 - [TEST_STEP][PASSED] - i1 = x.indexOf("/") + 1: null

22-11-2024T02:58:14 - [TEST_STEP][PASSED] - if (i1 > -1): null

22-11-2024T02:58:14 - [TEST_STEP][PASSED] - x = x.substring(i1, x.length()): null

22-11-2024T02:58:14 - [TEST_STEP][PASSED] - println(x): null

22-11-2024T02:58:14 - [TEST_STEP][PASSED] - i1 = x.indexOf("/") + 1: null

22-11-2024T02:58:14 - [TEST_STEP][PASSED] - if (i1 > -1): null

22-11-2024T02:58:14 - [TEST_STEP][PASSED] - x = x.substring(i1, x.length()): null

22-11-2024T02:58:14 - [TEST_STEP][PASSED] - println(x): null

22-11-2024T02:58:14 - [TEST_STEP][PASSED] - i1 = x.indexOf("/"): null

22-11-2024T02:58:14 - [TEST_STEP][PASSED] - if (i1 > -1): null

22-11-2024T02:58:14 - [TEST_STEP][PASSED] - x = x.substring(0, i1): null

22-11-2024T02:58:14 - [TEST_STEP][PASSED] - println(x): null

22-11-2024T02:58:14 - [TEST_STEP][PASSED] - return x: null

22-11-2024T02:58:14 - [TEST_STEP][PASSED] - tabB = GetPPlanB(x = b): null

22-11-2024T02:58:14 - [TEST_STEP][PASSED] - i1 = <not implemented yet for class: org.codehaus.groovy.ast.expr.EmptyExpression>: null

22-11-2024T02:58:14 - [TEST_STEP][PASSED] - ii = <not implemented yet for class: org.codehaus.groovy.ast.expr.EmptyExpression>: null

22-11-2024T02:58:14 - [TEST_STEP][PASSED] - for ([ii = 1, ii < 9, (ii++)]): null

22-11-2024T02:58:14 - [TEST_STEP][PASSED] - i1 = x.indexOf("/") + 1: null

22-11-2024T02:58:14 - [TEST_STEP][PASSED] - if (i1 > -1): null

22-11-2024T02:58:14 - [TEST_STEP][PASSED] - x = x.substring(i1, x.length()): null

22-11-2024T02:58:14 - [TEST_STEP][PASSED] - println(x): null

22-11-2024T02:58:14 - [TEST_STEP][PASSED] - i1 = x.indexOf("/") + 1: null

22-11-2024T02:58:14 - [TEST_STEP][PASSED] - if (i1 > -1): null

22-11-2024T02:58:14 - [TEST_STEP][PASSED] - x = x.substring(i1, x.length()): null

22-11-2024T02:58:14 - [TEST_STEP][PASSED] - println(x): null

22-11-2024T02:58:14 - [TEST_STEP][PASSED] - i1 = x.indexOf("/") + 1: null

22-11-2024T02:58:14 - [TEST_STEP][PASSED] - if (i1 > -1): null

22-11-2024T02:58:14 - [TEST_STEP][PASSED] - x = x.substring(i1, x.length()): null

22-11-2024T02:58:14 - [TEST_STEP][PASSED] - println(x): null

22-11-2024T02:58:14 - [TEST_STEP][PASSED] - i1 = x.indexOf("/") + 1: null

22-11-2024T02:58:14 - [TEST_STEP][PASSED] - if (i1 > -1): null

22-11-2024T02:58:14 - [TEST_STEP][PASSED] - x = x.substring(i1, x.length()): null

22-11-2024T02:58:14 - [TEST_STEP][PASSED] - println(x): null

22-11-2024T02:58:14 - [TEST_STEP][PASSED] - i1 = x.indexOf("/") + 1: null

22-11-2024T02:58:14 - [TEST_STEP][PASSED] - if (i1 > -1): null

22-11-2024T02:58:14 - [TEST_STEP][PASSED] - x = x.substring(i1, x.length()): null

22-11-2024T02:58:14 - [TEST_STEP][PASSED] - println(x): null

22-11-2024T02:58:14 - [TEST_STEP][PASSED] - i1 = x.indexOf("/") + 1: null

22-11-2024T02:58:14 - [TEST_STEP][PASSED] - if (i1 > -1): null

22-11-2024T02:58:14 - [TEST_STEP][PASSED] - x = x.substring(i1, x.length()): null

22-11-2024T02:58:14 - [TEST_STEP][PASSED] - println(x): null

22-11-2024T02:58:14 - [TEST_STEP][PASSED] - i1 = x.indexOf("/") + 1: null

22-11-2024T02:58:14 - [TEST_STEP][PASSED] - if (i1 > -1): null

22-11-2024T02:58:14 - [TEST_STEP][PASSED] - x = x.substring(i1, x.length()): null

22-11-2024T02:58:14 - [TEST_STEP][PASSED] - println(x): null

22-11-2024T02:58:14 - [TEST_STEP][PASSED] - i1 = x.indexOf("/") + 1: null

22-11-2024T02:58:14 - [TEST_STEP][PASSED] - if (i1 > -1): null

22-11-2024T02:58:14 - [TEST_STEP][PASSED] - x = x.substring(i1, x.length()): null

22-11-2024T02:58:14 - [TEST_STEP][PASSED] - println(x): null

22-11-2024T02:58:14 - [TEST_STEP][PASSED] - i1 = x.indexOf("/"): null

22-11-2024T02:58:14 - [TEST_STEP][PASSED] - if (i1 > -1): null

22-11-2024T02:58:14 - [TEST_STEP][PASSED] - x = x.substring(0, i1): null

22-11-2024T02:58:14 - [TEST_STEP][PASSED] - println(x): null

22-11-2024T02:58:14 - [TEST_STEP][FAILED] - return x: null

22-11-2024T02:58:14 - [TEST_STEP][PASSED] - println(tabR + "/" + tabB): null

22-11-2024T02:58:14 - [TEST_STEP][FAILED] - if (verifyEqual(PercFactR, PercFactB) == false): null

22-11-2024T02:58:14 - [MESSAGE][FAILED] - Unable to verify equal between actual object 'нет данных' and expected object '10.48' (Root cause: com.kms.katalon.core.exception.StepFailedException: Actual object 'нет данных' and expected object '10.48' are not equal
	at com.kms.katalon.core.keyword.builtin.VerifyEqualKeyword$_verifyEqual_closure1.doCall(VerifyEqualKeyword.groovy:58)
	at com.kms.katalon.core.keyword.builtin.VerifyEqualKeyword$_verifyEqual_closure1.call(VerifyEqualKeyword.groovy)
	at com.kms.katalon.core.keyword.internal.KeywordMain.runKeyword(KeywordMain.groovy:75)
	at com.kms.katalon.core.keyword.builtin.VerifyEqualKeyword.verifyEqual(VerifyEqualKeyword.groovy:63)
	at com.kms.katalon.core.keyword.builtin.VerifyEqualKeyword.execute(VerifyEqualKeyword.groovy:44)
	at com.kms.katalon.core.keyword.internal.KeywordExecutor.executeKeywordForPlatform(KeywordExecutor.groovy:74)
	at com.kms.katalon.core.keyword.BuiltinKeywords.verifyEqual(BuiltinKeywords.groovy:146)
	at jdk.internal.reflect.GeneratedMethodAccessor25.invoke(Unknown Source)
	at java.base/jdk.internal.reflect.DelegatingMethodAccessorImpl.invoke(DelegatingMethodAccessorImpl.java:43)
	at Выполнение бизнес-плана сверка дашбордов.CompareDZOData(Выполнение бизнес-плана сверка дашбордов:771)
	at Выполнение бизнес-плана сверка дашбордов.run(Выполнение бизнес-плана сверка дашбордов:608)
	at com.kms.katalon.core.main.ScriptEngine.run(ScriptEngine.java:194)
	at com.kms.katalon.core.main.ScriptEngine.runScriptAsRawText(ScriptEngine.java:119)
	at com.kms.katalon.core.main.TestCaseExecutor.runScript(TestCaseExecutor.java:448)
	at com.kms.katalon.core.main.TestCaseExecutor.doExecute(TestCaseExecutor.java:439)
	at com.kms.katalon.core.main.TestCaseExecutor.processExecutionPhase(TestCaseExecutor.java:418)
	at com.kms.katalon.core.main.TestCaseExecutor.accessMainPhase(TestCaseExecutor.java:410)
	at com.kms.katalon.core.main.TestCaseExecutor.execute(TestCaseExecutor.java:285)
	at com.kms.katalon.core.common.CommonExecutor.accessTestCaseMainPhase(CommonExecutor.java:65)
	at com.kms.katalon.core.main.TestSuiteExecutor.accessTestSuiteMainPhase(TestSuiteExecutor.java:150)
	at com.kms.katalon.core.main.TestSuiteExecutor.execute(TestSuiteExecutor.java:106)
	at com.kms.katalon.core.main.TestCaseMain.startTestSuite(TestCaseMain.java:180)
	at TempTestSuite1732232929817.run(TempTestSuite1732232929817.groovy:35)
	at java.base/jdk.internal.reflect.NativeMethodAccessorImpl.invoke0(Native Method)
	at java.base/jdk.internal.reflect.NativeMethodAccessorImpl.invoke(NativeMethodAccessorImpl.java:77)
	at java.base/jdk.internal.reflect.DelegatingMethodAccessorImpl.invoke(DelegatingMethodAccessorImpl.java:43)
)

22-11-2024T02:58:14 - [TEST_STEP][PASSED] - result = WriteToExcel(typeOfData, todaysDate, PercPlanR, PercPlanB, PercFactR, PercFactB, x, tabR, tabB, o1R, o1B, vidget): null

22-11-2024T02:58:14 - [TEST_STEP][PASSED] - iii = dZO.indexOf("/"): null

22-11-2024T02:58:14 - [TEST_STEP][PASSED] - println(iii): null

22-11-2024T02:58:14 - [TEST_STEP][PASSED] - dZO = dZO.substring(0, iii): null

22-11-2024T02:58:14 - [TEST_STEP][PASSED] - println(dZO): null

22-11-2024T02:58:14 - [TEST_STEP][PASSED] - println(PercPlanR): null

22-11-2024T02:58:14 - [TEST_STEP][PASSED] - println(PercPlanB): null

22-11-2024T02:58:14 - [TEST_STEP][PASSED] - println(PercFactR): null

22-11-2024T02:58:14 - [TEST_STEP][PASSED] - println(PercFactB): null

22-11-2024T02:58:14 - [TEST_STEP][PASSED] - println(tabR): null

22-11-2024T02:58:14 - [TEST_STEP][PASSED] - println(tabB): null

22-11-2024T02:58:14 - [TEST_STEP][PASSED] - println(o1R): null

22-11-2024T02:58:14 - [TEST_STEP][PASSED] - println(o1B): null

22-11-2024T02:58:14 - [TEST_STEP][PASSED] - PR = <not implemented yet for class: org.codehaus.groovy.ast.expr.EmptyExpression>: null

22-11-2024T02:58:14 - [TEST_STEP][PASSED] - FR = <not implemented yet for class: org.codehaus.groovy.ast.expr.EmptyExpression>: null

22-11-2024T02:58:14 - [TEST_STEP][PASSED] - PB = <not implemented yet for class: org.codehaus.groovy.ast.expr.EmptyExpression>: null

22-11-2024T02:58:14 - [TEST_STEP][PASSED] - FB = <not implemented yet for class: org.codehaus.groovy.ast.expr.EmptyExpression>: null

22-11-2024T02:58:14 - [TEST_STEP][PASSED] - TR = <not implemented yet for class: org.codehaus.groovy.ast.expr.EmptyExpression>: null

22-11-2024T02:58:14 - [TEST_STEP][PASSED] - TB = <not implemented yet for class: org.codehaus.groovy.ast.expr.EmptyExpression>: null

22-11-2024T02:58:14 - [TEST_STEP][PASSED] - sheetName = "Sheet1": null

22-11-2024T02:58:14 - [TEST_STEP][PASSED] - data = findTestData("PlanFact"): null

22-11-2024T02:58:14 - [TEST_STEP][PASSED] - n = data.getRowNumbers() + 1: null

22-11-2024T02:58:14 - [TEST_STEP][PASSED] - year = todaysDate.substring(todaysDate.length() - 4, todaysDate.length()): null

22-11-2024T02:58:14 - [TEST_STEP][PASSED] - y = year.toInteger(): null

22-11-2024T02:58:14 - [TEST_STEP][PASSED] - m = getText(findTestObject("Выполнение бизнес-плана/Выполнение бизнес-плана Балансы/Фильтр Дата")): Text of object 'Object Repository/Выполнение бизнес-плана/Выполнение бизнес-плана Балансы/Фильтр Дата' is: '1, 2, 3 кв. 2024 года'

22-11-2024T02:58:15 - [MESSAGE][PASSED] - Text of object 'Object Repository/Выполнение бизнес-плана/Выполнение бизнес-плана Балансы/Фильтр Дата' is: '1, 2, 3 кв. 2024 года'

22-11-2024T02:58:15 - [TEST_STEP][PASSED] - m = m.substring(0, m.indexOf("2024")): null

22-11-2024T02:58:15 - [TEST_STEP][PASSED] - m = m.trim(): null

22-11-2024T02:58:15 - [TEST_STEP][PASSED] - dashboardName = "Выполнение бизнес-плана": null

22-11-2024T02:58:15 - [TEST_STEP][PASSED] - workbook01 = getWorkbook(excelFilePath): null

22-11-2024T02:58:15 - [TEST_STEP][PASSED] - sheet01 = getExcelSheet(workbook01, sheetName): null

22-11-2024T02:58:15 - [TEST_STEP][PASSED] - setValueToCellByIndex(sheet01, n, 0, dashboardName): null

22-11-2024T02:58:15 - [TEST_STEP][PASSED] - setValueToCellByIndex(sheet01, n, 1, dZO): null

22-11-2024T02:58:15 - [TEST_STEP][PASSED] - setValueToCellByIndex(sheet01, n, 2, typeOfData): null

22-11-2024T02:58:15 - [TEST_STEP][PASSED] - setValueToCellByIndex(sheet01, n, 3, typeOfData): null

22-11-2024T02:58:15 - [TEST_STEP][PASSED] - if (typeOfData == "План"): null

22-11-2024T02:58:15 - [TEST_STEP][PASSED] - else if (typeOfData == "Факт"): null

22-11-2024T02:58:15 - [TEST_STEP][PASSED] - else if (vidget.contains("электроэнергии") == true): null

22-11-2024T02:58:15 - [TEST_STEP][PASSED] - if (tabR == null): null

22-11-2024T02:58:15 - [TEST_STEP][PASSED] - else: null

22-11-2024T02:58:15 - [TEST_STEP][PASSED] - if (tabR == "нет данных"): null

22-11-2024T02:58:15 - [TEST_STEP][PASSED] - setValueToCellByIndex(sheet01, n, 4, "нет данных"): null

22-11-2024T02:58:15 - [TEST_STEP][PASSED] - if (tabB == null): null

22-11-2024T02:58:15 - [TEST_STEP][PASSED] - else: null

22-11-2024T02:58:15 - [TEST_STEP][PASSED] - if (tabB == "нет данных"): null

22-11-2024T02:58:15 - [TEST_STEP][PASSED] - else: null

22-11-2024T02:58:15 - [TEST_STEP][PASSED] - TB = tabB.toInteger(): null

22-11-2024T02:58:15 - [TEST_STEP][PASSED] - setValueToCellByIndex(sheet01, n, 5, TB): null

22-11-2024T02:58:15 - [TEST_STEP][PASSED] - setValueToCellByIndex(sheet01, n, 6, m): null

22-11-2024T02:58:15 - [TEST_STEP][PASSED] - setValueToCellByIndex(sheet01, n, 7, y): null

22-11-2024T02:58:15 - [TEST_STEP][PASSED] - setValueToCellByIndex(sheet01, n, 8, todaysDate): null

22-11-2024T02:58:15 - [TEST_STEP][PASSED] - n = n + 1: null

22-11-2024T02:58:15 - [TEST_STEP][PASSED] - saveWorkbook(excelFilePath, workbook01): null

22-11-2024T02:58:15 - [TEST_STEP][PASSED] - ii2 = a.indexOf("ПАО"): null

22-11-2024T02:58:15 - [TEST_STEP][PASSED] - if (ii2 == -1): null

22-11-2024T02:58:15 - [TEST_STEP][PASSED] - vidget = "Отклонения фактического уровня потерь от бизнес-плана": null

22-11-2024T02:58:15 - [TEST_STEP][PASSED] - typeOfData = "Коэффициент": null

22-11-2024T02:58:15 - [TEST_STEP][PASSED] - o1R = Geto1R(x = a): null

22-11-2024T02:58:15 - [TEST_STEP][PASSED] - i1 = <not implemented yet for class: org.codehaus.groovy.ast.expr.EmptyExpression>: null

22-11-2024T02:58:15 - [TEST_STEP][PASSED] - ii = <not implemented yet for class: org.codehaus.groovy.ast.expr.EmptyExpression>: null

22-11-2024T02:58:15 - [TEST_STEP][PASSED] - for ([ii = 1, ii < 10, (ii++)]): null

22-11-2024T02:58:15 - [TEST_STEP][PASSED] - i1 = x.indexOf("/") + 1: null

22-11-2024T02:58:15 - [TEST_STEP][PASSED] - if (i1 > -1): null

22-11-2024T02:58:15 - [TEST_STEP][PASSED] - x = x.substring(i1, x.length()): null

22-11-2024T02:58:15 - [TEST_STEP][PASSED] - i1 = x.indexOf("/") + 1: null

22-11-2024T02:58:15 - [TEST_STEP][PASSED] - if (i1 > -1): null

22-11-2024T02:58:15 - [TEST_STEP][PASSED] - x = x.substring(i1, x.length()): null

22-11-2024T02:58:15 - [TEST_STEP][PASSED] - i1 = x.indexOf("/") + 1: null

22-11-2024T02:58:15 - [TEST_STEP][PASSED] - if (i1 > -1): null

22-11-2024T02:58:15 - [TEST_STEP][PASSED] - x = x.substring(i1, x.length()): null

22-11-2024T02:58:15 - [TEST_STEP][PASSED] - i1 = x.indexOf("/") + 1: null

22-11-2024T02:58:15 - [TEST_STEP][PASSED] - if (i1 > -1): null

22-11-2024T02:58:15 - [TEST_STEP][PASSED] - x = x.substring(i1, x.length()): null

22-11-2024T02:58:15 - [TEST_STEP][PASSED] - i1 = x.indexOf("/") + 1: null

22-11-2024T02:58:15 - [TEST_STEP][PASSED] - if (i1 > -1): null

22-11-2024T02:58:15 - [TEST_STEP][PASSED] - x = x.substring(i1, x.length()): null

22-11-2024T02:58:15 - [TEST_STEP][PASSED] - i1 = x.indexOf("/") + 1: null

22-11-2024T02:58:15 - [TEST_STEP][PASSED] - if (i1 > -1): null

22-11-2024T02:58:15 - [TEST_STEP][PASSED] - x = x.substring(i1, x.length()): null

22-11-2024T02:58:15 - [TEST_STEP][PASSED] - i1 = x.indexOf("/") + 1: null

22-11-2024T02:58:15 - [TEST_STEP][PASSED] - if (i1 > -1): null

22-11-2024T02:58:15 - [TEST_STEP][PASSED] - x = x.substring(i1, x.length()): null

22-11-2024T02:58:15 - [TEST_STEP][PASSED] - i1 = x.indexOf("/") + 1: null

22-11-2024T02:58:15 - [TEST_STEP][PASSED] - if (i1 > -1): null

22-11-2024T02:58:15 - [TEST_STEP][PASSED] - x = x.substring(i1, x.length()): null

22-11-2024T02:58:15 - [TEST_STEP][PASSED] - i1 = x.indexOf("/") + 1: null

22-11-2024T02:58:15 - [TEST_STEP][PASSED] - if (i1 > -1): null

22-11-2024T02:58:15 - [TEST_STEP][PASSED] - x = x.substring(i1, x.length()): null

22-11-2024T02:58:15 - [TEST_STEP][PASSED] - i1 = x.indexOf("/"): null

22-11-2024T02:58:15 - [TEST_STEP][PASSED] - if (i1 > -1): null

22-11-2024T02:58:15 - [TEST_STEP][PASSED] - println(x): null

22-11-2024T02:58:15 - [TEST_STEP][PASSED] - return x: null

22-11-2024T02:58:15 - [TEST_STEP][PASSED] - o1B = Geto1B(x = b): null

22-11-2024T02:58:15 - [TEST_STEP][PASSED] - i1 = <not implemented yet for class: org.codehaus.groovy.ast.expr.EmptyExpression>: null

22-11-2024T02:58:15 - [TEST_STEP][PASSED] - ii = <not implemented yet for class: org.codehaus.groovy.ast.expr.EmptyExpression>: null

22-11-2024T02:58:15 - [TEST_STEP][PASSED] - for ([ii = 1, ii < 10, (ii++)]): null

22-11-2024T02:58:15 - [TEST_STEP][PASSED] - i1 = x.indexOf("/") + 1: null

22-11-2024T02:58:15 - [TEST_STEP][PASSED] - if (i1 > -1): null

22-11-2024T02:58:15 - [TEST_STEP][PASSED] - x = x.substring(i1, x.length()): null

22-11-2024T02:58:15 - [TEST_STEP][PASSED] - i1 = x.indexOf("/") + 1: null

22-11-2024T02:58:15 - [TEST_STEP][PASSED] - if (i1 > -1): null

22-11-2024T02:58:15 - [TEST_STEP][PASSED] - x = x.substring(i1, x.length()): null

22-11-2024T02:58:15 - [TEST_STEP][PASSED] - i1 = x.indexOf("/") + 1: null

22-11-2024T02:58:15 - [TEST_STEP][PASSED] - if (i1 > -1): null

22-11-2024T02:58:15 - [TEST_STEP][PASSED] - x = x.substring(i1, x.length()): null

22-11-2024T02:58:15 - [TEST_STEP][PASSED] - i1 = x.indexOf("/") + 1: null

22-11-2024T02:58:15 - [TEST_STEP][PASSED] - if (i1 > -1): null

22-11-2024T02:58:15 - [TEST_STEP][PASSED] - x = x.substring(i1, x.length()): null

22-11-2024T02:58:15 - [TEST_STEP][PASSED] - i1 = x.indexOf("/") + 1: null

22-11-2024T02:58:15 - [TEST_STEP][PASSED] - if (i1 > -1): null

22-11-2024T02:58:15 - [TEST_STEP][PASSED] - x = x.substring(i1, x.length()): null

22-11-2024T02:58:15 - [TEST_STEP][PASSED] - i1 = x.indexOf("/") + 1: null

22-11-2024T02:58:15 - [TEST_STEP][PASSED] - if (i1 > -1): null

22-11-2024T02:58:15 - [TEST_STEP][PASSED] - x = x.substring(i1, x.length()): null

22-11-2024T02:58:15 - [TEST_STEP][PASSED] - i1 = x.indexOf("/") + 1: null

22-11-2024T02:58:15 - [TEST_STEP][PASSED] - if (i1 > -1): null

22-11-2024T02:58:15 - [TEST_STEP][PASSED] - x = x.substring(i1, x.length()): null

22-11-2024T02:58:15 - [TEST_STEP][PASSED] - i1 = x.indexOf("/") + 1: null

22-11-2024T02:58:15 - [TEST_STEP][PASSED] - if (i1 > -1): null

22-11-2024T02:58:15 - [TEST_STEP][PASSED] - x = x.substring(i1, x.length()): null

22-11-2024T02:58:15 - [TEST_STEP][PASSED] - i1 = x.indexOf("/") + 1: null

22-11-2024T02:58:15 - [TEST_STEP][PASSED] - if (i1 > -1): null

22-11-2024T02:58:15 - [TEST_STEP][PASSED] - x = x.substring(i1, x.length()): null

22-11-2024T02:58:15 - [TEST_STEP][PASSED] - i1 = x.indexOf("/"): null

22-11-2024T02:58:15 - [TEST_STEP][PASSED] - if (i1 > -1): null

22-11-2024T02:58:15 - [TEST_STEP][PASSED] - println(x): null

22-11-2024T02:58:15 - [TEST_STEP][FAILED] - return x: null

22-11-2024T02:58:15 - [TEST_STEP][PASSED] - println(o1R + "/" + o1B): null

22-11-2024T02:58:15 - [TEST_STEP][FAILED] - if (verifyEqual(PercFactR, PercFactB) == false): null

22-11-2024T02:58:15 - [MESSAGE][FAILED] - Unable to verify equal between actual object 'нет данных' and expected object '10.48' (Root cause: com.kms.katalon.core.exception.StepFailedException: Actual object 'нет данных' and expected object '10.48' are not equal
	at com.kms.katalon.core.keyword.builtin.VerifyEqualKeyword$_verifyEqual_closure1.doCall(VerifyEqualKeyword.groovy:58)
	at com.kms.katalon.core.keyword.builtin.VerifyEqualKeyword$_verifyEqual_closure1.call(VerifyEqualKeyword.groovy)
	at com.kms.katalon.core.keyword.internal.KeywordMain.runKeyword(KeywordMain.groovy:75)
	at com.kms.katalon.core.keyword.builtin.VerifyEqualKeyword.verifyEqual(VerifyEqualKeyword.groovy:63)
	at com.kms.katalon.core.keyword.builtin.VerifyEqualKeyword.execute(VerifyEqualKeyword.groovy:44)
	at com.kms.katalon.core.keyword.internal.KeywordExecutor.executeKeywordForPlatform(KeywordExecutor.groovy:74)
	at com.kms.katalon.core.keyword.BuiltinKeywords.verifyEqual(BuiltinKeywords.groovy:146)
	at jdk.internal.reflect.GeneratedMethodAccessor25.invoke(Unknown Source)
	at java.base/jdk.internal.reflect.DelegatingMethodAccessorImpl.invoke(DelegatingMethodAccessorImpl.java:43)
	at Выполнение бизнес-плана сверка дашбордов.CompareDZOData(Выполнение бизнес-плана сверка дашбордов:789)
	at Выполнение бизнес-плана сверка дашбордов.run(Выполнение бизнес-плана сверка дашбордов:608)
	at com.kms.katalon.core.main.ScriptEngine.run(ScriptEngine.java:194)
	at com.kms.katalon.core.main.ScriptEngine.runScriptAsRawText(ScriptEngine.java:119)
	at com.kms.katalon.core.main.TestCaseExecutor.runScript(TestCaseExecutor.java:448)
	at com.kms.katalon.core.main.TestCaseExecutor.doExecute(TestCaseExecutor.java:439)
	at com.kms.katalon.core.main.TestCaseExecutor.processExecutionPhase(TestCaseExecutor.java:418)
	at com.kms.katalon.core.main.TestCaseExecutor.accessMainPhase(TestCaseExecutor.java:410)
	at com.kms.katalon.core.main.TestCaseExecutor.execute(TestCaseExecutor.java:285)
	at com.kms.katalon.core.common.CommonExecutor.accessTestCaseMainPhase(CommonExecutor.java:65)
	at com.kms.katalon.core.main.TestSuiteExecutor.accessTestSuiteMainPhase(TestSuiteExecutor.java:150)
	at com.kms.katalon.core.main.TestSuiteExecutor.execute(TestSuiteExecutor.java:106)
	at com.kms.katalon.core.main.TestCaseMain.startTestSuite(TestCaseMain.java:180)
	at TempTestSuite1732232929817.run(TempTestSuite1732232929817.groovy:35)
	at java.base/jdk.internal.reflect.NativeMethodAccessorImpl.invoke0(Native Method)
	at java.base/jdk.internal.reflect.NativeMethodAccessorImpl.invoke(NativeMethodAccessorImpl.java:77)
	at java.base/jdk.internal.reflect.DelegatingMethodAccessorImpl.invoke(DelegatingMethodAccessorImpl.java:43)
)

22-11-2024T02:58:15 - [TEST_STEP][PASSED] - result = WriteToExcel(typeOfData, todaysDate, PercPlanR, PercPlanB, PercFactR, PercFactB, x, tabR, tabB, o1R, o1B, vidget): null

22-11-2024T02:58:15 - [TEST_STEP][PASSED] - iii = dZO.indexOf("/"): null

22-11-2024T02:58:15 - [TEST_STEP][PASSED] - println(iii): null

22-11-2024T02:58:15 - [TEST_STEP][PASSED] - dZO = dZO.substring(0, iii): null

22-11-2024T02:58:15 - [TEST_STEP][PASSED] - println(dZO): null

22-11-2024T02:58:15 - [TEST_STEP][PASSED] - println(PercPlanR): null

22-11-2024T02:58:15 - [TEST_STEP][PASSED] - println(PercPlanB): null

22-11-2024T02:58:15 - [TEST_STEP][PASSED] - println(PercFactR): null

22-11-2024T02:58:15 - [TEST_STEP][PASSED] - println(PercFactB): null

22-11-2024T02:58:15 - [TEST_STEP][PASSED] - println(tabR): null

22-11-2024T02:58:15 - [TEST_STEP][PASSED] - println(tabB): null

22-11-2024T02:58:15 - [TEST_STEP][PASSED] - println(o1R): null

22-11-2024T02:58:15 - [TEST_STEP][PASSED] - println(o1B): null

22-11-2024T02:58:15 - [TEST_STEP][PASSED] - PR = <not implemented yet for class: org.codehaus.groovy.ast.expr.EmptyExpression>: null

22-11-2024T02:58:15 - [TEST_STEP][PASSED] - FR = <not implemented yet for class: org.codehaus.groovy.ast.expr.EmptyExpression>: null

22-11-2024T02:58:15 - [TEST_STEP][PASSED] - PB = <not implemented yet for class: org.codehaus.groovy.ast.expr.EmptyExpression>: null

22-11-2024T02:58:15 - [TEST_STEP][PASSED] - FB = <not implemented yet for class: org.codehaus.groovy.ast.expr.EmptyExpression>: null

22-11-2024T02:58:15 - [TEST_STEP][PASSED] - TR = <not implemented yet for class: org.codehaus.groovy.ast.expr.EmptyExpression>: null

22-11-2024T02:58:15 - [TEST_STEP][PASSED] - TB = <not implemented yet for class: org.codehaus.groovy.ast.expr.EmptyExpression>: null

22-11-2024T02:58:15 - [TEST_STEP][PASSED] - sheetName = "Sheet1": null

22-11-2024T02:58:15 - [TEST_STEP][PASSED] - data = findTestData("PlanFact"): null

22-11-2024T02:58:15 - [TEST_STEP][PASSED] - n = data.getRowNumbers() + 1: null

22-11-2024T02:58:15 - [TEST_STEP][PASSED] - year = todaysDate.substring(todaysDate.length() - 4, todaysDate.length()): null

22-11-2024T02:58:15 - [TEST_STEP][PASSED] - y = year.toInteger(): null

22-11-2024T02:58:15 - [TEST_STEP][PASSED] - m = getText(findTestObject("Выполнение бизнес-плана/Выполнение бизнес-плана Балансы/Фильтр Дата")): Text of object 'Object Repository/Выполнение бизнес-плана/Выполнение бизнес-плана Балансы/Фильтр Дата' is: '1, 2, 3 кв. 2024 года'

22-11-2024T02:58:15 - [MESSAGE][PASSED] - Text of object 'Object Repository/Выполнение бизнес-плана/Выполнение бизнес-плана Балансы/Фильтр Дата' is: '1, 2, 3 кв. 2024 года'

22-11-2024T02:58:15 - [TEST_STEP][PASSED] - m = m.substring(0, m.indexOf("2024")): null

22-11-2024T02:58:15 - [TEST_STEP][PASSED] - m = m.trim(): null

22-11-2024T02:58:15 - [TEST_STEP][PASSED] - dashboardName = "Выполнение бизнес-плана": null

22-11-2024T02:58:15 - [TEST_STEP][PASSED] - workbook01 = getWorkbook(excelFilePath): null

22-11-2024T02:58:15 - [TEST_STEP][PASSED] - sheet01 = getExcelSheet(workbook01, sheetName): null

22-11-2024T02:58:15 - [TEST_STEP][PASSED] - setValueToCellByIndex(sheet01, n, 0, dashboardName): null

22-11-2024T02:58:15 - [TEST_STEP][PASSED] - setValueToCellByIndex(sheet01, n, 1, dZO): null

22-11-2024T02:58:15 - [TEST_STEP][PASSED] - setValueToCellByIndex(sheet01, n, 2, typeOfData): null

22-11-2024T02:58:15 - [TEST_STEP][PASSED] - setValueToCellByIndex(sheet01, n, 3, typeOfData): null

22-11-2024T02:58:15 - [TEST_STEP][PASSED] - if (typeOfData == "План"): null

22-11-2024T02:58:15 - [TEST_STEP][PASSED] - else if (typeOfData == "Факт"): null

22-11-2024T02:58:15 - [TEST_STEP][PASSED] - else if (vidget.contains("электроэнергии") == true): null

22-11-2024T02:58:15 - [TEST_STEP][PASSED] - else: null

22-11-2024T02:58:15 - [TEST_STEP][PASSED] - if (o1R == null): null

22-11-2024T02:58:15 - [TEST_STEP][PASSED] - else: null

22-11-2024T02:58:15 - [TEST_STEP][PASSED] - if (o1R == "нет данных"): null

22-11-2024T02:58:15 - [TEST_STEP][PASSED] - setValueToCellByIndex(sheet01, n, 4, "нет данных"): null

22-11-2024T02:58:15 - [TEST_STEP][PASSED] - if (o1B == null): null

22-11-2024T02:58:15 - [TEST_STEP][PASSED] - else: null

22-11-2024T02:58:15 - [TEST_STEP][PASSED] - if (o1B == "нет данных"): null

22-11-2024T02:58:15 - [TEST_STEP][PASSED] - else: null

22-11-2024T02:58:15 - [TEST_STEP][PASSED] - FB = o1B.toDouble(): null

22-11-2024T02:58:15 - [TEST_STEP][PASSED] - setValueToCellByIndex(sheet01, n, 5, FB): null

22-11-2024T02:58:15 - [TEST_STEP][PASSED] - setValueToCellByIndex(sheet01, n, 6, m): null

22-11-2024T02:58:15 - [TEST_STEP][PASSED] - setValueToCellByIndex(sheet01, n, 7, y): null

22-11-2024T02:58:15 - [TEST_STEP][PASSED] - setValueToCellByIndex(sheet01, n, 8, todaysDate): null

22-11-2024T02:58:15 - [TEST_STEP][PASSED] - n = n + 1: null

22-11-2024T02:58:15 - [TEST_STEP][FAILED] - saveWorkbook(excelFilePath, workbook01): null

22-11-2024T02:58:16 - [TEST_STEP][FAILED] - if (verifyEqual(mR, mB) == false): null

22-11-2024T02:58:16 - [MESSAGE][FAILED] - Unable to verify equal between actual object 'Россети Московский регион/нет данных/нет данных/нет данных/нет данных/нет данных/нет данных/нет данных/нет данных/нет данных' and expected object 'Россети Московский регион/7.12/7.11/75719728/70334816/5384911/72365637/67212373/5153264/-0.01' (Root cause: com.kms.katalon.core.exception.StepFailedException: Actual object 'Россети Московский регион/нет данных/нет данных/нет данных/нет данных/нет данных/нет данных/нет данных/нет данных/нет данных' and expected object 'Россети Московский регион/7.12/7.11/75719728/70334816/5384911/72365637/67212373/5153264/-0.01' are not equal
	at com.kms.katalon.core.keyword.builtin.VerifyEqualKeyword$_verifyEqual_closure1.doCall(VerifyEqualKeyword.groovy:58)
	at com.kms.katalon.core.keyword.builtin.VerifyEqualKeyword$_verifyEqual_closure1.call(VerifyEqualKeyword.groovy)
	at com.kms.katalon.core.keyword.internal.KeywordMain.runKeyword(KeywordMain.groovy:75)
	at com.kms.katalon.core.keyword.builtin.VerifyEqualKeyword.verifyEqual(VerifyEqualKeyword.groovy:63)
	at com.kms.katalon.core.keyword.builtin.VerifyEqualKeyword.execute(VerifyEqualKeyword.groovy:44)
	at com.kms.katalon.core.keyword.internal.KeywordExecutor.executeKeywordForPlatform(KeywordExecutor.groovy:74)
	at com.kms.katalon.core.keyword.BuiltinKeywords.verifyEqual(BuiltinKeywords.groovy:146)
	at jdk.internal.reflect.GeneratedMethodAccessor25.invoke(Unknown Source)
	at java.base/jdk.internal.reflect.DelegatingMethodAccessorImpl.invoke(DelegatingMethodAccessorImpl.java:43)
	at Выполнение бизнес-плана сверка дашбордов.run(Выполнение бизнес-плана сверка дашбордов:612)
	at com.kms.katalon.core.main.ScriptEngine.run(ScriptEngine.java:194)
	at com.kms.katalon.core.main.ScriptEngine.runScriptAsRawText(ScriptEngine.java:119)
	at com.kms.katalon.core.main.TestCaseExecutor.runScript(TestCaseExecutor.java:448)
	at com.kms.katalon.core.main.TestCaseExecutor.doExecute(TestCaseExecutor.java:439)
	at com.kms.katalon.core.main.TestCaseExecutor.processExecutionPhase(TestCaseExecutor.java:418)
	at com.kms.katalon.core.main.TestCaseExecutor.accessMainPhase(TestCaseExecutor.java:410)
	at com.kms.katalon.core.main.TestCaseExecutor.execute(TestCaseExecutor.java:285)
	at com.kms.katalon.core.common.CommonExecutor.accessTestCaseMainPhase(CommonExecutor.java:65)
	at com.kms.katalon.core.main.TestSuiteExecutor.accessTestSuiteMainPhase(TestSuiteExecutor.java:150)
	at com.kms.katalon.core.main.TestSuiteExecutor.execute(TestSuiteExecutor.java:106)
	at com.kms.katalon.core.main.TestCaseMain.startTestSuite(TestCaseMain.java:180)
	at TempTestSuite1732232929817.run(TempTestSuite1732232929817.groovy:35)
	at java.base/jdk.internal.reflect.NativeMethodAccessorImpl.invoke0(Native Method)
	at java.base/jdk.internal.reflect.NativeMethodAccessorImpl.invoke(NativeMethodAccessorImpl.java:77)
	at java.base/jdk.internal.reflect.DelegatingMethodAccessorImpl.invoke(DelegatingMethodAccessorImpl.java:43)
)

22-11-2024T02:58:16 - [TEST_STEP][PASSED] - result = CompareDZOData(a = mR, b = mB, dZO, typeOfData, PercPlanR, PercPlanB, PercFactR, PercFactB, todaysDate, x, vidget, tabR, tabB, o1R, o1B): null

22-11-2024T02:58:16 - [TEST_STEP][PASSED] - ii2 = <not implemented yet for class: org.codehaus.groovy.ast.expr.EmptyExpression>: null

22-11-2024T02:58:16 - [TEST_STEP][FAILED] - if (verifyEqual(a, b) == false): null

22-11-2024T02:58:16 - [MESSAGE][FAILED] - Unable to verify equal between actual object 'Россети Московский регион/нет данных/нет данных/нет данных/нет данных/нет данных/нет данных/нет данных/нет данных/нет данных' and expected object 'Россети Московский регион/7.12/7.11/75719728/70334816/5384911/72365637/67212373/5153264/-0.01' (Root cause: com.kms.katalon.core.exception.StepFailedException: Actual object 'Россети Московский регион/нет данных/нет данных/нет данных/нет данных/нет данных/нет данных/нет данных/нет данных/нет данных' and expected object 'Россети Московский регион/7.12/7.11/75719728/70334816/5384911/72365637/67212373/5153264/-0.01' are not equal
	at com.kms.katalon.core.keyword.builtin.VerifyEqualKeyword$_verifyEqual_closure1.doCall(VerifyEqualKeyword.groovy:58)
	at com.kms.katalon.core.keyword.builtin.VerifyEqualKeyword$_verifyEqual_closure1.call(VerifyEqualKeyword.groovy)
	at com.kms.katalon.core.keyword.internal.KeywordMain.runKeyword(KeywordMain.groovy:75)
	at com.kms.katalon.core.keyword.builtin.VerifyEqualKeyword.verifyEqual(VerifyEqualKeyword.groovy:63)
	at com.kms.katalon.core.keyword.builtin.VerifyEqualKeyword.execute(VerifyEqualKeyword.groovy:44)
	at com.kms.katalon.core.keyword.internal.KeywordExecutor.executeKeywordForPlatform(KeywordExecutor.groovy:74)
	at com.kms.katalon.core.keyword.BuiltinKeywords.verifyEqual(BuiltinKeywords.groovy:146)
	at jdk.internal.reflect.GeneratedMethodAccessor25.invoke(Unknown Source)
	at java.base/jdk.internal.reflect.DelegatingMethodAccessorImpl.invoke(DelegatingMethodAccessorImpl.java:43)
	at Выполнение бизнес-плана сверка дашбордов.CompareDZOData(Выполнение бизнес-плана сверка дашбордов:673)
	at Выполнение бизнес-плана сверка дашбордов.run(Выполнение бизнес-плана сверка дашбордов:613)
	at com.kms.katalon.core.main.ScriptEngine.run(ScriptEngine.java:194)
	at com.kms.katalon.core.main.ScriptEngine.runScriptAsRawText(ScriptEngine.java:119)
	at com.kms.katalon.core.main.TestCaseExecutor.runScript(TestCaseExecutor.java:448)
	at com.kms.katalon.core.main.TestCaseExecutor.doExecute(TestCaseExecutor.java:439)
	at com.kms.katalon.core.main.TestCaseExecutor.processExecutionPhase(TestCaseExecutor.java:418)
	at com.kms.katalon.core.main.TestCaseExecutor.accessMainPhase(TestCaseExecutor.java:410)
	at com.kms.katalon.core.main.TestCaseExecutor.execute(TestCaseExecutor.java:285)
	at com.kms.katalon.core.common.CommonExecutor.accessTestCaseMainPhase(CommonExecutor.java:65)
	at com.kms.katalon.core.main.TestSuiteExecutor.accessTestSuiteMainPhase(TestSuiteExecutor.java:150)
	at com.kms.katalon.core.main.TestSuiteExecutor.execute(TestSuiteExecutor.java:106)
	at com.kms.katalon.core.main.TestCaseMain.startTestSuite(TestCaseMain.java:180)
	at TempTestSuite1732232929817.run(TempTestSuite1732232929817.groovy:35)
	at java.base/jdk.internal.reflect.NativeMethodAccessorImpl.invoke0(Native Method)
	at java.base/jdk.internal.reflect.NativeMethodAccessorImpl.invoke(NativeMethodAccessorImpl.java:77)
	at java.base/jdk.internal.reflect.DelegatingMethodAccessorImpl.invoke(DelegatingMethodAccessorImpl.java:43)
)

22-11-2024T02:58:16 - [TEST_STEP][PASSED] - vidget = "Уровень потерь электроэнергии": null

22-11-2024T02:58:16 - [TEST_STEP][PASSED] - typeOfData = "План": null

22-11-2024T02:58:16 - [TEST_STEP][PASSED] - PercPlanR = GetPercPlanR(x = a): null

22-11-2024T02:58:16 - [TEST_STEP][PASSED] - i1 = <not implemented yet for class: org.codehaus.groovy.ast.expr.EmptyExpression>: null

22-11-2024T02:58:16 - [TEST_STEP][PASSED] - i1 = x.indexOf("/") + 1: null

22-11-2024T02:58:16 - [TEST_STEP][PASSED] - if (i1 > -1): null

22-11-2024T02:58:16 - [TEST_STEP][PASSED] - x = x.substring(i1, x.length()): null

22-11-2024T02:58:16 - [TEST_STEP][PASSED] - i1 = x.indexOf("/"): null

22-11-2024T02:58:16 - [TEST_STEP][PASSED] - if (i1 > -1): null

22-11-2024T02:58:16 - [TEST_STEP][PASSED] - x = x.substring(0, i1): null

22-11-2024T02:58:16 - [TEST_STEP][PASSED] - return x: null

22-11-2024T02:58:16 - [TEST_STEP][PASSED] - PercPlanB = GetPercPlanB(x = b): null

22-11-2024T02:58:16 - [TEST_STEP][PASSED] - i1 = <not implemented yet for class: org.codehaus.groovy.ast.expr.EmptyExpression>: null

22-11-2024T02:58:16 - [TEST_STEP][PASSED] - i1 = x.indexOf("/") + 1: null

22-11-2024T02:58:16 - [TEST_STEP][PASSED] - if (i1 > -1): null

22-11-2024T02:58:16 - [TEST_STEP][PASSED] - x = x.substring(i1, x.length()): null

22-11-2024T02:58:16 - [TEST_STEP][PASSED] - i1 = x.indexOf("/"): null

22-11-2024T02:58:16 - [TEST_STEP][PASSED] - if (i1 > -1): null

22-11-2024T02:58:16 - [TEST_STEP][PASSED] - x = x.substring(0, i1): null

22-11-2024T02:58:16 - [TEST_STEP][FAILED] - return x: null

22-11-2024T02:58:16 - [TEST_STEP][FAILED] - if (verifyEqual(PercPlanR, PercPlanB) == false): null

22-11-2024T02:58:16 - [MESSAGE][FAILED] - Unable to verify equal between actual object 'нет данных' and expected object '7.12' (Root cause: com.kms.katalon.core.exception.StepFailedException: Actual object 'нет данных' and expected object '7.12' are not equal
	at com.kms.katalon.core.keyword.builtin.VerifyEqualKeyword$_verifyEqual_closure1.doCall(VerifyEqualKeyword.groovy:58)
	at com.kms.katalon.core.keyword.builtin.VerifyEqualKeyword$_verifyEqual_closure1.call(VerifyEqualKeyword.groovy)
	at com.kms.katalon.core.keyword.internal.KeywordMain.runKeyword(KeywordMain.groovy:75)
	at com.kms.katalon.core.keyword.builtin.VerifyEqualKeyword.verifyEqual(VerifyEqualKeyword.groovy:63)
	at com.kms.katalon.core.keyword.builtin.VerifyEqualKeyword.execute(VerifyEqualKeyword.groovy:44)
	at com.kms.katalon.core.keyword.internal.KeywordExecutor.executeKeywordForPlatform(KeywordExecutor.groovy:74)
	at com.kms.katalon.core.keyword.BuiltinKeywords.verifyEqual(BuiltinKeywords.groovy:146)
	at jdk.internal.reflect.GeneratedMethodAccessor25.invoke(Unknown Source)
	at java.base/jdk.internal.reflect.DelegatingMethodAccessorImpl.invoke(DelegatingMethodAccessorImpl.java:43)
	at Выполнение бизнес-плана сверка дашбордов.CompareDZOData(Выполнение бизнес-плана сверка дашбордов:682)
	at Выполнение бизнес-плана сверка дашбордов.run(Выполнение бизнес-плана сверка дашбордов:613)
	at com.kms.katalon.core.main.ScriptEngine.run(ScriptEngine.java:194)
	at com.kms.katalon.core.main.ScriptEngine.runScriptAsRawText(ScriptEngine.java:119)
	at com.kms.katalon.core.main.TestCaseExecutor.runScript(TestCaseExecutor.java:448)
	at com.kms.katalon.core.main.TestCaseExecutor.doExecute(TestCaseExecutor.java:439)
	at com.kms.katalon.core.main.TestCaseExecutor.processExecutionPhase(TestCaseExecutor.java:418)
	at com.kms.katalon.core.main.TestCaseExecutor.accessMainPhase(TestCaseExecutor.java:410)
	at com.kms.katalon.core.main.TestCaseExecutor.execute(TestCaseExecutor.java:285)
	at com.kms.katalon.core.common.CommonExecutor.accessTestCaseMainPhase(CommonExecutor.java:65)
	at com.kms.katalon.core.main.TestSuiteExecutor.accessTestSuiteMainPhase(TestSuiteExecutor.java:150)
	at com.kms.katalon.core.main.TestSuiteExecutor.execute(TestSuiteExecutor.java:106)
	at com.kms.katalon.core.main.TestCaseMain.startTestSuite(TestCaseMain.java:180)
	at TempTestSuite1732232929817.run(TempTestSuite1732232929817.groovy:35)
	at java.base/jdk.internal.reflect.NativeMethodAccessorImpl.invoke0(Native Method)
	at java.base/jdk.internal.reflect.NativeMethodAccessorImpl.invoke(NativeMethodAccessorImpl.java:77)
	at java.base/jdk.internal.reflect.DelegatingMethodAccessorImpl.invoke(DelegatingMethodAccessorImpl.java:43)
)

22-11-2024T02:58:16 - [TEST_STEP][PASSED] - result = WriteToExcel(typeOfData, todaysDate, PercPlanR, PercPlanB, PercFactR, PercFactB, x, tabR, tabB, o1R, o1B, vidget): null

22-11-2024T02:58:16 - [TEST_STEP][PASSED] - iii = dZO.indexOf("/"): null

22-11-2024T02:58:16 - [TEST_STEP][PASSED] - println(iii): null

22-11-2024T02:58:16 - [TEST_STEP][PASSED] - dZO = dZO.substring(0, iii): null

22-11-2024T02:58:16 - [TEST_STEP][PASSED] - println(dZO): null

22-11-2024T02:58:16 - [TEST_STEP][PASSED] - println(PercPlanR): null

22-11-2024T02:58:16 - [TEST_STEP][PASSED] - println(PercPlanB): null

22-11-2024T02:58:16 - [TEST_STEP][PASSED] - println(PercFactR): null

22-11-2024T02:58:16 - [TEST_STEP][PASSED] - println(PercFactB): null

22-11-2024T02:58:16 - [TEST_STEP][PASSED] - println(tabR): null

22-11-2024T02:58:16 - [TEST_STEP][PASSED] - println(tabB): null

22-11-2024T02:58:16 - [TEST_STEP][PASSED] - println(o1R): null

22-11-2024T02:58:16 - [TEST_STEP][PASSED] - println(o1B): null

22-11-2024T02:58:16 - [TEST_STEP][PASSED] - PR = <not implemented yet for class: org.codehaus.groovy.ast.expr.EmptyExpression>: null

22-11-2024T02:58:16 - [TEST_STEP][PASSED] - FR = <not implemented yet for class: org.codehaus.groovy.ast.expr.EmptyExpression>: null

22-11-2024T02:58:16 - [TEST_STEP][PASSED] - PB = <not implemented yet for class: org.codehaus.groovy.ast.expr.EmptyExpression>: null

22-11-2024T02:58:16 - [TEST_STEP][PASSED] - FB = <not implemented yet for class: org.codehaus.groovy.ast.expr.EmptyExpression>: null

22-11-2024T02:58:16 - [TEST_STEP][PASSED] - TR = <not implemented yet for class: org.codehaus.groovy.ast.expr.EmptyExpression>: null

22-11-2024T02:58:16 - [TEST_STEP][PASSED] - TB = <not implemented yet for class: org.codehaus.groovy.ast.expr.EmptyExpression>: null

22-11-2024T02:58:16 - [TEST_STEP][PASSED] - sheetName = "Sheet1": null

22-11-2024T02:58:16 - [TEST_STEP][PASSED] - data = findTestData("PlanFact"): null

22-11-2024T02:58:16 - [TEST_STEP][PASSED] - n = data.getRowNumbers() + 1: null

22-11-2024T02:58:16 - [TEST_STEP][PASSED] - year = todaysDate.substring(todaysDate.length() - 4, todaysDate.length()): null

22-11-2024T02:58:16 - [TEST_STEP][PASSED] - y = year.toInteger(): null

22-11-2024T02:58:16 - [TEST_STEP][PASSED] - m = getText(findTestObject("Выполнение бизнес-плана/Выполнение бизнес-плана Балансы/Фильтр Дата")): Text of object 'Object Repository/Выполнение бизнес-плана/Выполнение бизнес-плана Балансы/Фильтр Дата' is: '1, 2, 3 кв. 2024 года'

22-11-2024T02:58:16 - [MESSAGE][PASSED] - Text of object 'Object Repository/Выполнение бизнес-плана/Выполнение бизнес-плана Балансы/Фильтр Дата' is: '1, 2, 3 кв. 2024 года'

22-11-2024T02:58:16 - [TEST_STEP][PASSED] - m = m.substring(0, m.indexOf("2024")): null

22-11-2024T02:58:16 - [TEST_STEP][PASSED] - m = m.trim(): null

22-11-2024T02:58:16 - [TEST_STEP][PASSED] - dashboardName = "Выполнение бизнес-плана": null

22-11-2024T02:58:16 - [TEST_STEP][PASSED] - workbook01 = getWorkbook(excelFilePath): null

22-11-2024T02:58:16 - [TEST_STEP][PASSED] - sheet01 = getExcelSheet(workbook01, sheetName): null

22-11-2024T02:58:16 - [TEST_STEP][PASSED] - setValueToCellByIndex(sheet01, n, 0, dashboardName): null

22-11-2024T02:58:16 - [TEST_STEP][PASSED] - setValueToCellByIndex(sheet01, n, 1, dZO): null

22-11-2024T02:58:16 - [TEST_STEP][PASSED] - setValueToCellByIndex(sheet01, n, 2, typeOfData): null

22-11-2024T02:58:16 - [TEST_STEP][PASSED] - setValueToCellByIndex(sheet01, n, 3, typeOfData): null

22-11-2024T02:58:16 - [TEST_STEP][PASSED] - if (typeOfData == "План"): null

22-11-2024T02:58:16 - [TEST_STEP][PASSED] - if (PercPlanR == null): null

22-11-2024T02:58:16 - [TEST_STEP][PASSED] - else: null

22-11-2024T02:58:16 - [TEST_STEP][PASSED] - if (PercPlanR == "нет данных"): null

22-11-2024T02:58:16 - [TEST_STEP][PASSED] - setValueToCellByIndex(sheet01, n, 4, "нет данных"): null

22-11-2024T02:58:16 - [TEST_STEP][PASSED] - if (PercPlanB == null): null

22-11-2024T02:58:16 - [TEST_STEP][PASSED] - else: null

22-11-2024T02:58:16 - [TEST_STEP][PASSED] - if (PercPlanB == "нет данных"): null

22-11-2024T02:58:16 - [TEST_STEP][PASSED] - else: null

22-11-2024T02:58:16 - [TEST_STEP][PASSED] - PB = PercPlanB.toDouble(): null

22-11-2024T02:58:16 - [TEST_STEP][PASSED] - setValueToCellByIndex(sheet01, n, 5, PB): null

22-11-2024T02:58:16 - [TEST_STEP][PASSED] - setValueToCellByIndex(sheet01, n, 6, m): null

22-11-2024T02:58:16 - [TEST_STEP][PASSED] - setValueToCellByIndex(sheet01, n, 7, y): null

22-11-2024T02:58:16 - [TEST_STEP][PASSED] - setValueToCellByIndex(sheet01, n, 8, todaysDate): null

22-11-2024T02:58:16 - [TEST_STEP][PASSED] - n = n + 1: null

22-11-2024T02:58:16 - [TEST_STEP][PASSED] - saveWorkbook(excelFilePath, workbook01): null

22-11-2024T02:58:16 - [TEST_STEP][PASSED] - typeOfData = "Факт": null

22-11-2024T02:58:16 - [TEST_STEP][PASSED] - PercFactR = GetPercFactR(x = a): null

22-11-2024T02:58:16 - [TEST_STEP][PASSED] - i1 = <not implemented yet for class: org.codehaus.groovy.ast.expr.EmptyExpression>: null

22-11-2024T02:58:16 - [TEST_STEP][PASSED] - ii = <not implemented yet for class: org.codehaus.groovy.ast.expr.EmptyExpression>: null

22-11-2024T02:58:16 - [TEST_STEP][PASSED] - for ([ii = 1, ii < 3, (ii++)]): null

22-11-2024T02:58:16 - [TEST_STEP][PASSED] - i1 = x.indexOf("/") + 1: null

22-11-2024T02:58:16 - [TEST_STEP][PASSED] - if (i1 > -1): null

22-11-2024T02:58:16 - [TEST_STEP][PASSED] - x = x.substring(i1, x.length()): null

22-11-2024T02:58:16 - [TEST_STEP][PASSED] - println(x): null

22-11-2024T02:58:16 - [TEST_STEP][PASSED] - i1 = x.indexOf("/") + 1: null

22-11-2024T02:58:16 - [TEST_STEP][PASSED] - if (i1 > -1): null

22-11-2024T02:58:16 - [TEST_STEP][PASSED] - x = x.substring(i1, x.length()): null

22-11-2024T02:58:16 - [TEST_STEP][PASSED] - println(x): null

22-11-2024T02:58:16 - [TEST_STEP][PASSED] - i1 = x.indexOf("/"): null

22-11-2024T02:58:16 - [TEST_STEP][PASSED] - if (i1 > -1): null

22-11-2024T02:58:16 - [TEST_STEP][PASSED] - x = x.substring(0, i1): null

22-11-2024T02:58:16 - [TEST_STEP][PASSED] - println(x): null

22-11-2024T02:58:16 - [TEST_STEP][PASSED] - return x: null

22-11-2024T02:58:16 - [TEST_STEP][PASSED] - PercFactB = GetPercFactB(x = b): null

22-11-2024T02:58:16 - [TEST_STEP][PASSED] - i1 = <not implemented yet for class: org.codehaus.groovy.ast.expr.EmptyExpression>: null

22-11-2024T02:58:16 - [TEST_STEP][PASSED] - ii = <not implemented yet for class: org.codehaus.groovy.ast.expr.EmptyExpression>: null

22-11-2024T02:58:16 - [TEST_STEP][PASSED] - for ([ii = 1, ii < 3, (ii++)]): null

22-11-2024T02:58:16 - [TEST_STEP][PASSED] - i1 = x.indexOf("/") + 1: null

22-11-2024T02:58:16 - [TEST_STEP][PASSED] - if (i1 > -1): null

22-11-2024T02:58:16 - [TEST_STEP][PASSED] - x = x.substring(i1, x.length()): null

22-11-2024T02:58:16 - [TEST_STEP][PASSED] - println(x): null

22-11-2024T02:58:16 - [TEST_STEP][PASSED] - i1 = x.indexOf("/") + 1: null

22-11-2024T02:58:16 - [TEST_STEP][PASSED] - if (i1 > -1): null

22-11-2024T02:58:16 - [TEST_STEP][PASSED] - x = x.substring(i1, x.length()): null

22-11-2024T02:58:16 - [TEST_STEP][PASSED] - println(x): null

22-11-2024T02:58:16 - [TEST_STEP][PASSED] - i1 = x.indexOf("/"): null

22-11-2024T02:58:16 - [TEST_STEP][PASSED] - if (i1 > -1): null

22-11-2024T02:58:16 - [TEST_STEP][PASSED] - x = x.substring(0, i1): null

22-11-2024T02:58:16 - [TEST_STEP][PASSED] - println(x): null

22-11-2024T02:58:16 - [TEST_STEP][FAILED] - return x: null

22-11-2024T02:58:16 - [TEST_STEP][FAILED] - if (verifyEqual(PercFactR, PercFactB) == false): null

22-11-2024T02:58:16 - [MESSAGE][FAILED] - Unable to verify equal between actual object 'нет данных' and expected object '7.11' (Root cause: com.kms.katalon.core.exception.StepFailedException: Actual object 'нет данных' and expected object '7.11' are not equal
	at com.kms.katalon.core.keyword.builtin.VerifyEqualKeyword$_verifyEqual_closure1.doCall(VerifyEqualKeyword.groovy:58)
	at com.kms.katalon.core.keyword.builtin.VerifyEqualKeyword$_verifyEqual_closure1.call(VerifyEqualKeyword.groovy)
	at com.kms.katalon.core.keyword.internal.KeywordMain.runKeyword(KeywordMain.groovy:75)
	at com.kms.katalon.core.keyword.builtin.VerifyEqualKeyword.verifyEqual(VerifyEqualKeyword.groovy:63)
	at com.kms.katalon.core.keyword.builtin.VerifyEqualKeyword.execute(VerifyEqualKeyword.groovy:44)
	at com.kms.katalon.core.keyword.internal.KeywordExecutor.executeKeywordForPlatform(KeywordExecutor.groovy:74)
	at com.kms.katalon.core.keyword.BuiltinKeywords.verifyEqual(BuiltinKeywords.groovy:146)
	at jdk.internal.reflect.GeneratedMethodAccessor25.invoke(Unknown Source)
	at java.base/jdk.internal.reflect.DelegatingMethodAccessorImpl.invoke(DelegatingMethodAccessorImpl.java:43)
	at Выполнение бизнес-плана сверка дашбордов.CompareDZOData(Выполнение бизнес-плана сверка дашбордов:693)
	at Выполнение бизнес-плана сверка дашбордов.run(Выполнение бизнес-плана сверка дашбордов:613)
	at com.kms.katalon.core.main.ScriptEngine.run(ScriptEngine.java:194)
	at com.kms.katalon.core.main.ScriptEngine.runScriptAsRawText(ScriptEngine.java:119)
	at com.kms.katalon.core.main.TestCaseExecutor.runScript(TestCaseExecutor.java:448)
	at com.kms.katalon.core.main.TestCaseExecutor.doExecute(TestCaseExecutor.java:439)
	at com.kms.katalon.core.main.TestCaseExecutor.processExecutionPhase(TestCaseExecutor.java:418)
	at com.kms.katalon.core.main.TestCaseExecutor.accessMainPhase(TestCaseExecutor.java:410)
	at com.kms.katalon.core.main.TestCaseExecutor.execute(TestCaseExecutor.java:285)
	at com.kms.katalon.core.common.CommonExecutor.accessTestCaseMainPhase(CommonExecutor.java:65)
	at com.kms.katalon.core.main.TestSuiteExecutor.accessTestSuiteMainPhase(TestSuiteExecutor.java:150)
	at com.kms.katalon.core.main.TestSuiteExecutor.execute(TestSuiteExecutor.java:106)
	at com.kms.katalon.core.main.TestCaseMain.startTestSuite(TestCaseMain.java:180)
	at TempTestSuite1732232929817.run(TempTestSuite1732232929817.groovy:35)
	at java.base/jdk.internal.reflect.NativeMethodAccessorImpl.invoke0(Native Method)
	at java.base/jdk.internal.reflect.NativeMethodAccessorImpl.invoke(NativeMethodAccessorImpl.java:77)
	at java.base/jdk.internal.reflect.DelegatingMethodAccessorImpl.invoke(DelegatingMethodAccessorImpl.java:43)
)

22-11-2024T02:58:16 - [TEST_STEP][PASSED] - result = WriteToExcel(typeOfData, todaysDate, PercPlanR, PercPlanB, PercFactR, PercFactB, x, tabR, tabB, o1R, o1B, vidget): null

22-11-2024T02:58:16 - [TEST_STEP][PASSED] - iii = dZO.indexOf("/"): null

22-11-2024T02:58:16 - [TEST_STEP][PASSED] - println(iii): null

22-11-2024T02:58:16 - [TEST_STEP][PASSED] - dZO = dZO.substring(0, iii): null

22-11-2024T02:58:16 - [TEST_STEP][PASSED] - println(dZO): null

22-11-2024T02:58:16 - [TEST_STEP][PASSED] - println(PercPlanR): null

22-11-2024T02:58:16 - [TEST_STEP][PASSED] - println(PercPlanB): null

22-11-2024T02:58:16 - [TEST_STEP][PASSED] - println(PercFactR): null

22-11-2024T02:58:16 - [TEST_STEP][PASSED] - println(PercFactB): null

22-11-2024T02:58:16 - [TEST_STEP][PASSED] - println(tabR): null

22-11-2024T02:58:16 - [TEST_STEP][PASSED] - println(tabB): null

22-11-2024T02:58:16 - [TEST_STEP][PASSED] - println(o1R): null

22-11-2024T02:58:16 - [TEST_STEP][PASSED] - println(o1B): null

22-11-2024T02:58:16 - [TEST_STEP][PASSED] - PR = <not implemented yet for class: org.codehaus.groovy.ast.expr.EmptyExpression>: null

22-11-2024T02:58:16 - [TEST_STEP][PASSED] - FR = <not implemented yet for class: org.codehaus.groovy.ast.expr.EmptyExpression>: null

22-11-2024T02:58:16 - [TEST_STEP][PASSED] - PB = <not implemented yet for class: org.codehaus.groovy.ast.expr.EmptyExpression>: null

22-11-2024T02:58:16 - [TEST_STEP][PASSED] - FB = <not implemented yet for class: org.codehaus.groovy.ast.expr.EmptyExpression>: null

22-11-2024T02:58:16 - [TEST_STEP][PASSED] - TR = <not implemented yet for class: org.codehaus.groovy.ast.expr.EmptyExpression>: null

22-11-2024T02:58:16 - [TEST_STEP][PASSED] - TB = <not implemented yet for class: org.codehaus.groovy.ast.expr.EmptyExpression>: null

22-11-2024T02:58:16 - [TEST_STEP][PASSED] - sheetName = "Sheet1": null

22-11-2024T02:58:16 - [TEST_STEP][PASSED] - data = findTestData("PlanFact"): null

22-11-2024T02:58:16 - [TEST_STEP][PASSED] - n = data.getRowNumbers() + 1: null

22-11-2024T02:58:16 - [TEST_STEP][PASSED] - year = todaysDate.substring(todaysDate.length() - 4, todaysDate.length()): null

22-11-2024T02:58:16 - [TEST_STEP][PASSED] - y = year.toInteger(): null

22-11-2024T02:58:16 - [TEST_STEP][PASSED] - m = getText(findTestObject("Выполнение бизнес-плана/Выполнение бизнес-плана Балансы/Фильтр Дата")): Text of object 'Object Repository/Выполнение бизнес-плана/Выполнение бизнес-плана Балансы/Фильтр Дата' is: '1, 2, 3 кв. 2024 года'

22-11-2024T02:58:17 - [MESSAGE][PASSED] - Text of object 'Object Repository/Выполнение бизнес-плана/Выполнение бизнес-плана Балансы/Фильтр Дата' is: '1, 2, 3 кв. 2024 года'

22-11-2024T02:58:17 - [TEST_STEP][PASSED] - m = m.substring(0, m.indexOf("2024")): null

22-11-2024T02:58:17 - [TEST_STEP][PASSED] - m = m.trim(): null

22-11-2024T02:58:17 - [TEST_STEP][PASSED] - dashboardName = "Выполнение бизнес-плана": null

22-11-2024T02:58:17 - [TEST_STEP][PASSED] - workbook01 = getWorkbook(excelFilePath): null

22-11-2024T02:58:17 - [TEST_STEP][PASSED] - sheet01 = getExcelSheet(workbook01, sheetName): null

22-11-2024T02:58:17 - [TEST_STEP][PASSED] - setValueToCellByIndex(sheet01, n, 0, dashboardName): null

22-11-2024T02:58:17 - [TEST_STEP][PASSED] - setValueToCellByIndex(sheet01, n, 1, dZO): null

22-11-2024T02:58:17 - [TEST_STEP][PASSED] - setValueToCellByIndex(sheet01, n, 2, typeOfData): null

22-11-2024T02:58:17 - [TEST_STEP][PASSED] - setValueToCellByIndex(sheet01, n, 3, typeOfData): null

22-11-2024T02:58:17 - [TEST_STEP][PASSED] - if (typeOfData == "План"): null

22-11-2024T02:58:17 - [TEST_STEP][PASSED] - else if (typeOfData == "Факт"): null

22-11-2024T02:58:17 - [TEST_STEP][PASSED] - if (PercFactR == null): null

22-11-2024T02:58:17 - [TEST_STEP][PASSED] - else: null

22-11-2024T02:58:17 - [TEST_STEP][PASSED] - if (PercFactR == "нет данных"): null

22-11-2024T02:58:17 - [TEST_STEP][PASSED] - setValueToCellByIndex(sheet01, n, 4, "нет данных"): null

22-11-2024T02:58:17 - [TEST_STEP][PASSED] - if (PercFactB == null): null

22-11-2024T02:58:17 - [TEST_STEP][PASSED] - else: null

22-11-2024T02:58:17 - [TEST_STEP][PASSED] - if (PercFactB == "нет данных"): null

22-11-2024T02:58:17 - [TEST_STEP][PASSED] - else: null

22-11-2024T02:58:17 - [TEST_STEP][PASSED] - FB = PercFactB.toDouble(): null

22-11-2024T02:58:17 - [TEST_STEP][PASSED] - setValueToCellByIndex(sheet01, n, 5, FB): null

22-11-2024T02:58:17 - [TEST_STEP][PASSED] - setValueToCellByIndex(sheet01, n, 6, m): null

22-11-2024T02:58:17 - [TEST_STEP][PASSED] - setValueToCellByIndex(sheet01, n, 7, y): null

22-11-2024T02:58:17 - [TEST_STEP][PASSED] - setValueToCellByIndex(sheet01, n, 8, todaysDate): null

22-11-2024T02:58:17 - [TEST_STEP][PASSED] - n = n + 1: null

22-11-2024T02:58:17 - [TEST_STEP][PASSED] - saveWorkbook(excelFilePath, workbook01): null

22-11-2024T02:58:17 - [TEST_STEP][PASSED] - vidget = "Показатели баланса электроэнергии по ДЗО – Факт": null

22-11-2024T02:58:17 - [TEST_STEP][PASSED] - typeOfData = "Факт Отпуск в сеть": null

22-11-2024T02:58:17 - [TEST_STEP][PASSED] - tabR = GetOvSFactR(x = a): null

22-11-2024T02:58:17 - [TEST_STEP][PASSED] - i1 = <not implemented yet for class: org.codehaus.groovy.ast.expr.EmptyExpression>: null

22-11-2024T02:58:17 - [TEST_STEP][PASSED] - ii = <not implemented yet for class: org.codehaus.groovy.ast.expr.EmptyExpression>: null

22-11-2024T02:58:17 - [TEST_STEP][PASSED] - for ([ii = 1, ii < 4, (ii++)]): null

22-11-2024T02:58:17 - [TEST_STEP][PASSED] - i1 = x.indexOf("/") + 1: null

22-11-2024T02:58:17 - [TEST_STEP][PASSED] - if (i1 > -1): null

22-11-2024T02:58:17 - [TEST_STEP][PASSED] - x = x.substring(i1, x.length()): null

22-11-2024T02:58:17 - [TEST_STEP][PASSED] - println(x): null

22-11-2024T02:58:17 - [TEST_STEP][PASSED] - i1 = x.indexOf("/") + 1: null

22-11-2024T02:58:17 - [TEST_STEP][PASSED] - if (i1 > -1): null

22-11-2024T02:58:17 - [TEST_STEP][PASSED] - x = x.substring(i1, x.length()): null

22-11-2024T02:58:17 - [TEST_STEP][PASSED] - println(x): null

22-11-2024T02:58:17 - [TEST_STEP][PASSED] - i1 = x.indexOf("/") + 1: null

22-11-2024T02:58:17 - [TEST_STEP][PASSED] - if (i1 > -1): null

22-11-2024T02:58:17 - [TEST_STEP][PASSED] - x = x.substring(i1, x.length()): null

22-11-2024T02:58:17 - [TEST_STEP][PASSED] - println(x): null

22-11-2024T02:58:17 - [TEST_STEP][PASSED] - i1 = x.indexOf("/"): null

22-11-2024T02:58:17 - [TEST_STEP][PASSED] - if (i1 > -1): null

22-11-2024T02:58:17 - [TEST_STEP][PASSED] - x = x.substring(0, i1): null

22-11-2024T02:58:17 - [TEST_STEP][PASSED] - println(x): null

22-11-2024T02:58:17 - [TEST_STEP][PASSED] - return x: null

22-11-2024T02:58:17 - [TEST_STEP][PASSED] - tabB = GetOvSFactB(x = b): null

22-11-2024T02:58:17 - [TEST_STEP][PASSED] - i1 = <not implemented yet for class: org.codehaus.groovy.ast.expr.EmptyExpression>: null

22-11-2024T02:58:17 - [TEST_STEP][PASSED] - ii = <not implemented yet for class: org.codehaus.groovy.ast.expr.EmptyExpression>: null

22-11-2024T02:58:17 - [TEST_STEP][PASSED] - for ([ii = 1, ii < 4, (ii++)]): null

22-11-2024T02:58:17 - [TEST_STEP][PASSED] - i1 = x.indexOf("/") + 1: null

22-11-2024T02:58:17 - [TEST_STEP][PASSED] - if (i1 > -1): null

22-11-2024T02:58:17 - [TEST_STEP][PASSED] - x = x.substring(i1, x.length()): null

22-11-2024T02:58:17 - [TEST_STEP][PASSED] - println(x): null

22-11-2024T02:58:17 - [TEST_STEP][PASSED] - i1 = x.indexOf("/") + 1: null

22-11-2024T02:58:17 - [TEST_STEP][PASSED] - if (i1 > -1): null

22-11-2024T02:58:17 - [TEST_STEP][PASSED] - x = x.substring(i1, x.length()): null

22-11-2024T02:58:17 - [TEST_STEP][PASSED] - println(x): null

22-11-2024T02:58:17 - [TEST_STEP][PASSED] - i1 = x.indexOf("/") + 1: null

22-11-2024T02:58:17 - [TEST_STEP][PASSED] - if (i1 > -1): null

22-11-2024T02:58:17 - [TEST_STEP][PASSED] - x = x.substring(i1, x.length()): null

22-11-2024T02:58:17 - [TEST_STEP][PASSED] - println(x): null

22-11-2024T02:58:17 - [TEST_STEP][PASSED] - i1 = x.indexOf("/"): null

22-11-2024T02:58:17 - [TEST_STEP][PASSED] - if (i1 > -1): null

22-11-2024T02:58:17 - [TEST_STEP][PASSED] - x = x.substring(0, i1): null

22-11-2024T02:58:17 - [TEST_STEP][PASSED] - println(x): null

22-11-2024T02:58:17 - [TEST_STEP][FAILED] - return x: null

22-11-2024T02:58:17 - [TEST_STEP][FAILED] - if (verifyEqual(tabR, tabB) == false): null

22-11-2024T02:58:17 - [MESSAGE][FAILED] - Unable to verify equal between actual object 'нет данных' and expected object '75719728' (Root cause: com.kms.katalon.core.exception.StepFailedException: Actual object 'нет данных' and expected object '75719728' are not equal
	at com.kms.katalon.core.keyword.builtin.VerifyEqualKeyword$_verifyEqual_closure1.doCall(VerifyEqualKeyword.groovy:58)
	at com.kms.katalon.core.keyword.builtin.VerifyEqualKeyword$_verifyEqual_closure1.call(VerifyEqualKeyword.groovy)
	at com.kms.katalon.core.keyword.internal.KeywordMain.runKeyword(KeywordMain.groovy:75)
	at com.kms.katalon.core.keyword.builtin.VerifyEqualKeyword.verifyEqual(VerifyEqualKeyword.groovy:63)
	at com.kms.katalon.core.keyword.builtin.VerifyEqualKeyword.execute(VerifyEqualKeyword.groovy:44)
	at com.kms.katalon.core.keyword.internal.KeywordExecutor.executeKeywordForPlatform(KeywordExecutor.groovy:74)
	at com.kms.katalon.core.keyword.BuiltinKeywords.verifyEqual(BuiltinKeywords.groovy:146)
	at jdk.internal.reflect.GeneratedMethodAccessor25.invoke(Unknown Source)
	at java.base/jdk.internal.reflect.DelegatingMethodAccessorImpl.invoke(DelegatingMethodAccessorImpl.java:43)
	at Выполнение бизнес-плана сверка дашбордов.CompareDZOData(Выполнение бизнес-плана сверка дашбордов:706)
	at Выполнение бизнес-плана сверка дашбордов.run(Выполнение бизнес-плана сверка дашбордов:613)
	at com.kms.katalon.core.main.ScriptEngine.run(ScriptEngine.java:194)
	at com.kms.katalon.core.main.ScriptEngine.runScriptAsRawText(ScriptEngine.java:119)
	at com.kms.katalon.core.main.TestCaseExecutor.runScript(TestCaseExecutor.java:448)
	at com.kms.katalon.core.main.TestCaseExecutor.doExecute(TestCaseExecutor.java:439)
	at com.kms.katalon.core.main.TestCaseExecutor.processExecutionPhase(TestCaseExecutor.java:418)
	at com.kms.katalon.core.main.TestCaseExecutor.accessMainPhase(TestCaseExecutor.java:410)
	at com.kms.katalon.core.main.TestCaseExecutor.execute(TestCaseExecutor.java:285)
	at com.kms.katalon.core.common.CommonExecutor.accessTestCaseMainPhase(CommonExecutor.java:65)
	at com.kms.katalon.core.main.TestSuiteExecutor.accessTestSuiteMainPhase(TestSuiteExecutor.java:150)
	at com.kms.katalon.core.main.TestSuiteExecutor.execute(TestSuiteExecutor.java:106)
	at com.kms.katalon.core.main.TestCaseMain.startTestSuite(TestCaseMain.java:180)
	at TempTestSuite1732232929817.run(TempTestSuite1732232929817.groovy:35)
	at java.base/jdk.internal.reflect.NativeMethodAccessorImpl.invoke0(Native Method)
	at java.base/jdk.internal.reflect.NativeMethodAccessorImpl.invoke(NativeMethodAccessorImpl.java:77)
	at java.base/jdk.internal.reflect.DelegatingMethodAccessorImpl.invoke(DelegatingMethodAccessorImpl.java:43)
)

22-11-2024T02:58:17 - [TEST_STEP][PASSED] - result = WriteToExcel(typeOfData, todaysDate, PercPlanR, PercPlanB, PercFactR, PercFactB, x, tabR, tabB, o1R, o1B, vidget): null

22-11-2024T02:58:17 - [TEST_STEP][PASSED] - iii = dZO.indexOf("/"): null

22-11-2024T02:58:17 - [TEST_STEP][PASSED] - println(iii): null

22-11-2024T02:58:17 - [TEST_STEP][PASSED] - dZO = dZO.substring(0, iii): null

22-11-2024T02:58:17 - [TEST_STEP][PASSED] - println(dZO): null

22-11-2024T02:58:17 - [TEST_STEP][PASSED] - println(PercPlanR): null

22-11-2024T02:58:17 - [TEST_STEP][PASSED] - println(PercPlanB): null

22-11-2024T02:58:17 - [TEST_STEP][PASSED] - println(PercFactR): null

22-11-2024T02:58:17 - [TEST_STEP][PASSED] - println(PercFactB): null

22-11-2024T02:58:17 - [TEST_STEP][PASSED] - println(tabR): null

22-11-2024T02:58:17 - [TEST_STEP][PASSED] - println(tabB): null

22-11-2024T02:58:17 - [TEST_STEP][PASSED] - println(o1R): null

22-11-2024T02:58:17 - [TEST_STEP][PASSED] - println(o1B): null

22-11-2024T02:58:17 - [TEST_STEP][PASSED] - PR = <not implemented yet for class: org.codehaus.groovy.ast.expr.EmptyExpression>: null

22-11-2024T02:58:17 - [TEST_STEP][PASSED] - FR = <not implemented yet for class: org.codehaus.groovy.ast.expr.EmptyExpression>: null

22-11-2024T02:58:17 - [TEST_STEP][PASSED] - PB = <not implemented yet for class: org.codehaus.groovy.ast.expr.EmptyExpression>: null

22-11-2024T02:58:17 - [TEST_STEP][PASSED] - FB = <not implemented yet for class: org.codehaus.groovy.ast.expr.EmptyExpression>: null

22-11-2024T02:58:17 - [TEST_STEP][PASSED] - TR = <not implemented yet for class: org.codehaus.groovy.ast.expr.EmptyExpression>: null

22-11-2024T02:58:17 - [TEST_STEP][PASSED] - TB = <not implemented yet for class: org.codehaus.groovy.ast.expr.EmptyExpression>: null

22-11-2024T02:58:17 - [TEST_STEP][PASSED] - sheetName = "Sheet1": null

22-11-2024T02:58:17 - [TEST_STEP][PASSED] - data = findTestData("PlanFact"): null

22-11-2024T02:58:17 - [TEST_STEP][PASSED] - n = data.getRowNumbers() + 1: null

22-11-2024T02:58:17 - [TEST_STEP][PASSED] - year = todaysDate.substring(todaysDate.length() - 4, todaysDate.length()): null

22-11-2024T02:58:17 - [TEST_STEP][PASSED] - y = year.toInteger(): null

22-11-2024T02:58:17 - [TEST_STEP][PASSED] - m = getText(findTestObject("Выполнение бизнес-плана/Выполнение бизнес-плана Балансы/Фильтр Дата")): Text of object 'Object Repository/Выполнение бизнес-плана/Выполнение бизнес-плана Балансы/Фильтр Дата' is: '1, 2, 3 кв. 2024 года'

22-11-2024T02:58:17 - [MESSAGE][PASSED] - Text of object 'Object Repository/Выполнение бизнес-плана/Выполнение бизнес-плана Балансы/Фильтр Дата' is: '1, 2, 3 кв. 2024 года'

22-11-2024T02:58:17 - [TEST_STEP][PASSED] - m = m.substring(0, m.indexOf("2024")): null

22-11-2024T02:58:17 - [TEST_STEP][PASSED] - m = m.trim(): null

22-11-2024T02:58:17 - [TEST_STEP][PASSED] - dashboardName = "Выполнение бизнес-плана": null

22-11-2024T02:58:17 - [TEST_STEP][PASSED] - workbook01 = getWorkbook(excelFilePath): null

22-11-2024T02:58:17 - [TEST_STEP][PASSED] - sheet01 = getExcelSheet(workbook01, sheetName): null

22-11-2024T02:58:17 - [TEST_STEP][PASSED] - setValueToCellByIndex(sheet01, n, 0, dashboardName): null

22-11-2024T02:58:17 - [TEST_STEP][PASSED] - setValueToCellByIndex(sheet01, n, 1, dZO): null

22-11-2024T02:58:17 - [TEST_STEP][PASSED] - setValueToCellByIndex(sheet01, n, 2, typeOfData): null

22-11-2024T02:58:17 - [TEST_STEP][PASSED] - setValueToCellByIndex(sheet01, n, 3, typeOfData): null

22-11-2024T02:58:17 - [TEST_STEP][PASSED] - if (typeOfData == "План"): null

22-11-2024T02:58:17 - [TEST_STEP][PASSED] - else if (typeOfData == "Факт"): null

22-11-2024T02:58:17 - [TEST_STEP][PASSED] - else if (vidget.contains("электроэнергии") == true): null

22-11-2024T02:58:17 - [TEST_STEP][PASSED] - if (tabR == null): null

22-11-2024T02:58:17 - [TEST_STEP][PASSED] - else: null

22-11-2024T02:58:17 - [TEST_STEP][PASSED] - if (tabR == "нет данных"): null

22-11-2024T02:58:17 - [TEST_STEP][PASSED] - setValueToCellByIndex(sheet01, n, 4, "нет данных"): null

22-11-2024T02:58:17 - [TEST_STEP][PASSED] - if (tabB == null): null

22-11-2024T02:58:17 - [TEST_STEP][PASSED] - else: null

22-11-2024T02:58:17 - [TEST_STEP][PASSED] - if (tabB == "нет данных"): null

22-11-2024T02:58:17 - [TEST_STEP][PASSED] - else: null

22-11-2024T02:58:17 - [TEST_STEP][PASSED] - TB = tabB.toInteger(): null

22-11-2024T02:58:17 - [TEST_STEP][PASSED] - setValueToCellByIndex(sheet01, n, 5, TB): null

22-11-2024T02:58:17 - [TEST_STEP][PASSED] - setValueToCellByIndex(sheet01, n, 6, m): null

22-11-2024T02:58:17 - [TEST_STEP][PASSED] - setValueToCellByIndex(sheet01, n, 7, y): null

22-11-2024T02:58:17 - [TEST_STEP][PASSED] - setValueToCellByIndex(sheet01, n, 8, todaysDate): null

22-11-2024T02:58:17 - [TEST_STEP][PASSED] - n = n + 1: null

22-11-2024T02:58:17 - [TEST_STEP][PASSED] - saveWorkbook(excelFilePath, workbook01): null

22-11-2024T02:58:17 - [TEST_STEP][PASSED] - typeOfData = "Факт Отпуск из сети": null

22-11-2024T02:58:17 - [TEST_STEP][PASSED] - tabR = GetOiSFactR(x = a): null

22-11-2024T02:58:17 - [TEST_STEP][PASSED] - i1 = <not implemented yet for class: org.codehaus.groovy.ast.expr.EmptyExpression>: null

22-11-2024T02:58:17 - [TEST_STEP][PASSED] - ii = <not implemented yet for class: org.codehaus.groovy.ast.expr.EmptyExpression>: null

22-11-2024T02:58:17 - [TEST_STEP][PASSED] - for ([ii = 1, ii < 5, (ii++)]): null

22-11-2024T02:58:17 - [TEST_STEP][PASSED] - i1 = x.indexOf("/") + 1: null

22-11-2024T02:58:17 - [TEST_STEP][PASSED] - if (i1 > -1): null

22-11-2024T02:58:17 - [TEST_STEP][PASSED] - x = x.substring(i1, x.length()): null

22-11-2024T02:58:17 - [TEST_STEP][PASSED] - println(x): null

22-11-2024T02:58:17 - [TEST_STEP][PASSED] - i1 = x.indexOf("/") + 1: null

22-11-2024T02:58:17 - [TEST_STEP][PASSED] - if (i1 > -1): null

22-11-2024T02:58:17 - [TEST_STEP][PASSED] - x = x.substring(i1, x.length()): null

22-11-2024T02:58:17 - [TEST_STEP][PASSED] - println(x): null

22-11-2024T02:58:17 - [TEST_STEP][PASSED] - i1 = x.indexOf("/") + 1: null

22-11-2024T02:58:17 - [TEST_STEP][PASSED] - if (i1 > -1): null

22-11-2024T02:58:17 - [TEST_STEP][PASSED] - x = x.substring(i1, x.length()): null

22-11-2024T02:58:17 - [TEST_STEP][PASSED] - println(x): null

22-11-2024T02:58:17 - [TEST_STEP][PASSED] - i1 = x.indexOf("/") + 1: null

22-11-2024T02:58:17 - [TEST_STEP][PASSED] - if (i1 > -1): null

22-11-2024T02:58:17 - [TEST_STEP][PASSED] - x = x.substring(i1, x.length()): null

22-11-2024T02:58:17 - [TEST_STEP][PASSED] - println(x): null

22-11-2024T02:58:17 - [TEST_STEP][PASSED] - i1 = x.indexOf("/"): null

22-11-2024T02:58:17 - [TEST_STEP][PASSED] - if (i1 > -1): null

22-11-2024T02:58:17 - [TEST_STEP][PASSED] - x = x.substring(0, i1): null

22-11-2024T02:58:17 - [TEST_STEP][PASSED] - println(x): null

22-11-2024T02:58:17 - [TEST_STEP][PASSED] - return x: null

22-11-2024T02:58:17 - [TEST_STEP][PASSED] - tabB = GetOiSFactB(x = b): null

22-11-2024T02:58:17 - [TEST_STEP][PASSED] - i1 = <not implemented yet for class: org.codehaus.groovy.ast.expr.EmptyExpression>: null

22-11-2024T02:58:17 - [TEST_STEP][PASSED] - ii = <not implemented yet for class: org.codehaus.groovy.ast.expr.EmptyExpression>: null

22-11-2024T02:58:17 - [TEST_STEP][PASSED] - for ([ii = 1, ii < 5, (ii++)]): null

22-11-2024T02:58:17 - [TEST_STEP][PASSED] - i1 = x.indexOf("/") + 1: null

22-11-2024T02:58:17 - [TEST_STEP][PASSED] - if (i1 > -1): null

22-11-2024T02:58:17 - [TEST_STEP][PASSED] - x = x.substring(i1, x.length()): null

22-11-2024T02:58:17 - [TEST_STEP][PASSED] - println(x): null

22-11-2024T02:58:17 - [TEST_STEP][PASSED] - i1 = x.indexOf("/") + 1: null

22-11-2024T02:58:17 - [TEST_STEP][PASSED] - if (i1 > -1): null

22-11-2024T02:58:17 - [TEST_STEP][PASSED] - x = x.substring(i1, x.length()): null

22-11-2024T02:58:17 - [TEST_STEP][PASSED] - println(x): null

22-11-2024T02:58:18 - [TEST_STEP][PASSED] - i1 = x.indexOf("/") + 1: null

22-11-2024T02:58:18 - [TEST_STEP][PASSED] - if (i1 > -1): null

22-11-2024T02:58:18 - [TEST_STEP][PASSED] - x = x.substring(i1, x.length()): null

22-11-2024T02:58:18 - [TEST_STEP][PASSED] - println(x): null

22-11-2024T02:58:18 - [TEST_STEP][PASSED] - i1 = x.indexOf("/") + 1: null

22-11-2024T02:58:18 - [TEST_STEP][PASSED] - if (i1 > -1): null

22-11-2024T02:58:18 - [TEST_STEP][PASSED] - x = x.substring(i1, x.length()): null

22-11-2024T02:58:18 - [TEST_STEP][PASSED] - println(x): null

22-11-2024T02:58:18 - [TEST_STEP][PASSED] - i1 = x.indexOf("/"): null

22-11-2024T02:58:18 - [TEST_STEP][PASSED] - if (i1 > -1): null

22-11-2024T02:58:18 - [TEST_STEP][PASSED] - x = x.substring(0, i1): null

22-11-2024T02:58:18 - [TEST_STEP][PASSED] - println(x): null

22-11-2024T02:58:18 - [TEST_STEP][FAILED] - return x: null

22-11-2024T02:58:18 - [TEST_STEP][FAILED] - if (verifyEqual(tabR, tabB) == false): null

22-11-2024T02:58:18 - [MESSAGE][FAILED] - Unable to verify equal between actual object 'нет данных' and expected object '70334816' (Root cause: com.kms.katalon.core.exception.StepFailedException: Actual object 'нет данных' and expected object '70334816' are not equal
	at com.kms.katalon.core.keyword.builtin.VerifyEqualKeyword$_verifyEqual_closure1.doCall(VerifyEqualKeyword.groovy:58)
	at com.kms.katalon.core.keyword.builtin.VerifyEqualKeyword$_verifyEqual_closure1.call(VerifyEqualKeyword.groovy)
	at com.kms.katalon.core.keyword.internal.KeywordMain.runKeyword(KeywordMain.groovy:75)
	at com.kms.katalon.core.keyword.builtin.VerifyEqualKeyword.verifyEqual(VerifyEqualKeyword.groovy:63)
	at com.kms.katalon.core.keyword.builtin.VerifyEqualKeyword.execute(VerifyEqualKeyword.groovy:44)
	at com.kms.katalon.core.keyword.internal.KeywordExecutor.executeKeywordForPlatform(KeywordExecutor.groovy:74)
	at com.kms.katalon.core.keyword.BuiltinKeywords.verifyEqual(BuiltinKeywords.groovy:146)
	at jdk.internal.reflect.GeneratedMethodAccessor25.invoke(Unknown Source)
	at java.base/jdk.internal.reflect.DelegatingMethodAccessorImpl.invoke(DelegatingMethodAccessorImpl.java:43)
	at Выполнение бизнес-плана сверка дашбордов.CompareDZOData(Выполнение бизнес-плана сверка дашбордов:717)
	at Выполнение бизнес-плана сверка дашбордов.run(Выполнение бизнес-плана сверка дашбордов:613)
	at com.kms.katalon.core.main.ScriptEngine.run(ScriptEngine.java:194)
	at com.kms.katalon.core.main.ScriptEngine.runScriptAsRawText(ScriptEngine.java:119)
	at com.kms.katalon.core.main.TestCaseExecutor.runScript(TestCaseExecutor.java:448)
	at com.kms.katalon.core.main.TestCaseExecutor.doExecute(TestCaseExecutor.java:439)
	at com.kms.katalon.core.main.TestCaseExecutor.processExecutionPhase(TestCaseExecutor.java:418)
	at com.kms.katalon.core.main.TestCaseExecutor.accessMainPhase(TestCaseExecutor.java:410)
	at com.kms.katalon.core.main.TestCaseExecutor.execute(TestCaseExecutor.java:285)
	at com.kms.katalon.core.common.CommonExecutor.accessTestCaseMainPhase(CommonExecutor.java:65)
	at com.kms.katalon.core.main.TestSuiteExecutor.accessTestSuiteMainPhase(TestSuiteExecutor.java:150)
	at com.kms.katalon.core.main.TestSuiteExecutor.execute(TestSuiteExecutor.java:106)
	at com.kms.katalon.core.main.TestCaseMain.startTestSuite(TestCaseMain.java:180)
	at TempTestSuite1732232929817.run(TempTestSuite1732232929817.groovy:35)
	at java.base/jdk.internal.reflect.NativeMethodAccessorImpl.invoke0(Native Method)
	at java.base/jdk.internal.reflect.NativeMethodAccessorImpl.invoke(NativeMethodAccessorImpl.java:77)
	at java.base/jdk.internal.reflect.DelegatingMethodAccessorImpl.invoke(DelegatingMethodAccessorImpl.java:43)
)

22-11-2024T02:58:18 - [TEST_STEP][PASSED] - result = WriteToExcel(typeOfData, todaysDate, PercPlanR, PercPlanB, PercFactR, PercFactB, x, tabR, tabB, o1R, o1B, vidget): null

22-11-2024T02:58:18 - [TEST_STEP][PASSED] - iii = dZO.indexOf("/"): null

22-11-2024T02:58:18 - [TEST_STEP][PASSED] - println(iii): null

22-11-2024T02:58:18 - [TEST_STEP][PASSED] - dZO = dZO.substring(0, iii): null

22-11-2024T02:58:18 - [TEST_STEP][PASSED] - println(dZO): null

22-11-2024T02:58:18 - [TEST_STEP][PASSED] - println(PercPlanR): null

22-11-2024T02:58:18 - [TEST_STEP][PASSED] - println(PercPlanB): null

22-11-2024T02:58:18 - [TEST_STEP][PASSED] - println(PercFactR): null

22-11-2024T02:58:18 - [TEST_STEP][PASSED] - println(PercFactB): null

22-11-2024T02:58:18 - [TEST_STEP][PASSED] - println(tabR): null

22-11-2024T02:58:18 - [TEST_STEP][PASSED] - println(tabB): null

22-11-2024T02:58:18 - [TEST_STEP][PASSED] - println(o1R): null

22-11-2024T02:58:18 - [TEST_STEP][PASSED] - println(o1B): null

22-11-2024T02:58:18 - [TEST_STEP][PASSED] - PR = <not implemented yet for class: org.codehaus.groovy.ast.expr.EmptyExpression>: null

22-11-2024T02:58:18 - [TEST_STEP][PASSED] - FR = <not implemented yet for class: org.codehaus.groovy.ast.expr.EmptyExpression>: null

22-11-2024T02:58:18 - [TEST_STEP][PASSED] - PB = <not implemented yet for class: org.codehaus.groovy.ast.expr.EmptyExpression>: null

22-11-2024T02:58:18 - [TEST_STEP][PASSED] - FB = <not implemented yet for class: org.codehaus.groovy.ast.expr.EmptyExpression>: null

22-11-2024T02:58:18 - [TEST_STEP][PASSED] - TR = <not implemented yet for class: org.codehaus.groovy.ast.expr.EmptyExpression>: null

22-11-2024T02:58:18 - [TEST_STEP][PASSED] - TB = <not implemented yet for class: org.codehaus.groovy.ast.expr.EmptyExpression>: null

22-11-2024T02:58:18 - [TEST_STEP][PASSED] - sheetName = "Sheet1": null

22-11-2024T02:58:18 - [TEST_STEP][PASSED] - data = findTestData("PlanFact"): null

22-11-2024T02:58:18 - [TEST_STEP][PASSED] - n = data.getRowNumbers() + 1: null

22-11-2024T02:58:18 - [TEST_STEP][PASSED] - year = todaysDate.substring(todaysDate.length() - 4, todaysDate.length()): null

22-11-2024T02:58:18 - [TEST_STEP][PASSED] - y = year.toInteger(): null

22-11-2024T02:58:18 - [TEST_STEP][PASSED] - m = getText(findTestObject("Выполнение бизнес-плана/Выполнение бизнес-плана Балансы/Фильтр Дата")): Text of object 'Object Repository/Выполнение бизнес-плана/Выполнение бизнес-плана Балансы/Фильтр Дата' is: '1, 2, 3 кв. 2024 года'

22-11-2024T02:58:18 - [MESSAGE][PASSED] - Text of object 'Object Repository/Выполнение бизнес-плана/Выполнение бизнес-плана Балансы/Фильтр Дата' is: '1, 2, 3 кв. 2024 года'

22-11-2024T02:58:18 - [TEST_STEP][PASSED] - m = m.substring(0, m.indexOf("2024")): null

22-11-2024T02:58:18 - [TEST_STEP][PASSED] - m = m.trim(): null

22-11-2024T02:58:18 - [TEST_STEP][PASSED] - dashboardName = "Выполнение бизнес-плана": null

22-11-2024T02:58:18 - [TEST_STEP][PASSED] - workbook01 = getWorkbook(excelFilePath): null

22-11-2024T02:58:18 - [TEST_STEP][PASSED] - sheet01 = getExcelSheet(workbook01, sheetName): null

22-11-2024T02:58:18 - [TEST_STEP][PASSED] - setValueToCellByIndex(sheet01, n, 0, dashboardName): null

22-11-2024T02:58:18 - [TEST_STEP][PASSED] - setValueToCellByIndex(sheet01, n, 1, dZO): null

22-11-2024T02:58:18 - [TEST_STEP][PASSED] - setValueToCellByIndex(sheet01, n, 2, typeOfData): null

22-11-2024T02:58:18 - [TEST_STEP][PASSED] - setValueToCellByIndex(sheet01, n, 3, typeOfData): null

22-11-2024T02:58:18 - [TEST_STEP][PASSED] - if (typeOfData == "План"): null

22-11-2024T02:58:18 - [TEST_STEP][PASSED] - else if (typeOfData == "Факт"): null

22-11-2024T02:58:18 - [TEST_STEP][PASSED] - else if (vidget.contains("электроэнергии") == true): null

22-11-2024T02:58:18 - [TEST_STEP][PASSED] - if (tabR == null): null

22-11-2024T02:58:18 - [TEST_STEP][PASSED] - else: null

22-11-2024T02:58:18 - [TEST_STEP][PASSED] - if (tabR == "нет данных"): null

22-11-2024T02:58:18 - [TEST_STEP][PASSED] - setValueToCellByIndex(sheet01, n, 4, "нет данных"): null

22-11-2024T02:58:18 - [TEST_STEP][PASSED] - if (tabB == null): null

22-11-2024T02:58:18 - [TEST_STEP][PASSED] - else: null

22-11-2024T02:58:18 - [TEST_STEP][PASSED] - if (tabB == "нет данных"): null

22-11-2024T02:58:18 - [TEST_STEP][PASSED] - else: null

22-11-2024T02:58:18 - [TEST_STEP][PASSED] - TB = tabB.toInteger(): null

22-11-2024T02:58:18 - [TEST_STEP][PASSED] - setValueToCellByIndex(sheet01, n, 5, TB): null

22-11-2024T02:58:18 - [TEST_STEP][PASSED] - setValueToCellByIndex(sheet01, n, 6, m): null

22-11-2024T02:58:18 - [TEST_STEP][PASSED] - setValueToCellByIndex(sheet01, n, 7, y): null

22-11-2024T02:58:18 - [TEST_STEP][PASSED] - setValueToCellByIndex(sheet01, n, 8, todaysDate): null

22-11-2024T02:58:18 - [TEST_STEP][PASSED] - n = n + 1: null

22-11-2024T02:58:18 - [TEST_STEP][PASSED] - saveWorkbook(excelFilePath, workbook01): null

22-11-2024T02:58:18 - [TEST_STEP][PASSED] - typeOfData = "Факт Потери": null

22-11-2024T02:58:18 - [TEST_STEP][PASSED] - tabR = GetPFactR(x = a): null

22-11-2024T02:58:18 - [TEST_STEP][PASSED] - i1 = <not implemented yet for class: org.codehaus.groovy.ast.expr.EmptyExpression>: null

22-11-2024T02:58:18 - [TEST_STEP][PASSED] - ii = <not implemented yet for class: org.codehaus.groovy.ast.expr.EmptyExpression>: null

22-11-2024T02:58:18 - [TEST_STEP][PASSED] - for ([ii = 1, ii < 6, (ii++)]): null

22-11-2024T02:58:18 - [TEST_STEP][PASSED] - i1 = x.indexOf("/") + 1: null

22-11-2024T02:58:18 - [TEST_STEP][PASSED] - if (i1 > -1): null

22-11-2024T02:58:18 - [TEST_STEP][PASSED] - x = x.substring(i1, x.length()): null

22-11-2024T02:58:18 - [TEST_STEP][PASSED] - println(x): null

22-11-2024T02:58:18 - [TEST_STEP][PASSED] - i1 = x.indexOf("/") + 1: null

22-11-2024T02:58:18 - [TEST_STEP][PASSED] - if (i1 > -1): null

22-11-2024T02:58:18 - [TEST_STEP][PASSED] - x = x.substring(i1, x.length()): null

22-11-2024T02:58:18 - [TEST_STEP][PASSED] - println(x): null

22-11-2024T02:58:18 - [TEST_STEP][PASSED] - i1 = x.indexOf("/") + 1: null

22-11-2024T02:58:18 - [TEST_STEP][PASSED] - if (i1 > -1): null

22-11-2024T02:58:18 - [TEST_STEP][PASSED] - x = x.substring(i1, x.length()): null

22-11-2024T02:58:18 - [TEST_STEP][PASSED] - println(x): null

22-11-2024T02:58:18 - [TEST_STEP][PASSED] - i1 = x.indexOf("/") + 1: null

22-11-2024T02:58:18 - [TEST_STEP][PASSED] - if (i1 > -1): null

22-11-2024T02:58:18 - [TEST_STEP][PASSED] - x = x.substring(i1, x.length()): null

22-11-2024T02:58:18 - [TEST_STEP][PASSED] - println(x): null

22-11-2024T02:58:18 - [TEST_STEP][PASSED] - i1 = x.indexOf("/") + 1: null

22-11-2024T02:58:18 - [TEST_STEP][PASSED] - if (i1 > -1): null

22-11-2024T02:58:18 - [TEST_STEP][PASSED] - x = x.substring(i1, x.length()): null

22-11-2024T02:58:18 - [TEST_STEP][PASSED] - println(x): null

22-11-2024T02:58:18 - [TEST_STEP][PASSED] - i1 = x.indexOf("/"): null

22-11-2024T02:58:18 - [TEST_STEP][PASSED] - if (i1 > -1): null

22-11-2024T02:58:18 - [TEST_STEP][PASSED] - x = x.substring(0, i1): null

22-11-2024T02:58:18 - [TEST_STEP][PASSED] - println(x): null

22-11-2024T02:58:18 - [TEST_STEP][PASSED] - return x: null

22-11-2024T02:58:18 - [TEST_STEP][PASSED] - tabB = GetPFactB(x = b): null

22-11-2024T02:58:18 - [TEST_STEP][PASSED] - i1 = <not implemented yet for class: org.codehaus.groovy.ast.expr.EmptyExpression>: null

22-11-2024T02:58:18 - [TEST_STEP][PASSED] - ii = <not implemented yet for class: org.codehaus.groovy.ast.expr.EmptyExpression>: null

22-11-2024T02:58:18 - [TEST_STEP][PASSED] - for ([ii = 1, ii < 6, (ii++)]): null

22-11-2024T02:58:18 - [TEST_STEP][PASSED] - i1 = x.indexOf("/") + 1: null

22-11-2024T02:58:18 - [TEST_STEP][PASSED] - if (i1 > -1): null

22-11-2024T02:58:18 - [TEST_STEP][PASSED] - x = x.substring(i1, x.length()): null

22-11-2024T02:58:18 - [TEST_STEP][PASSED] - println(x): null

22-11-2024T02:58:18 - [TEST_STEP][PASSED] - i1 = x.indexOf("/") + 1: null

22-11-2024T02:58:18 - [TEST_STEP][PASSED] - if (i1 > -1): null

22-11-2024T02:58:18 - [TEST_STEP][PASSED] - x = x.substring(i1, x.length()): null

22-11-2024T02:58:18 - [TEST_STEP][PASSED] - println(x): null

22-11-2024T02:58:18 - [TEST_STEP][PASSED] - i1 = x.indexOf("/") + 1: null

22-11-2024T02:58:18 - [TEST_STEP][PASSED] - if (i1 > -1): null

22-11-2024T02:58:18 - [TEST_STEP][PASSED] - x = x.substring(i1, x.length()): null

22-11-2024T02:58:18 - [TEST_STEP][PASSED] - println(x): null

22-11-2024T02:58:18 - [TEST_STEP][PASSED] - i1 = x.indexOf("/") + 1: null

22-11-2024T02:58:18 - [TEST_STEP][PASSED] - if (i1 > -1): null

22-11-2024T02:58:18 - [TEST_STEP][PASSED] - x = x.substring(i1, x.length()): null

22-11-2024T02:58:18 - [TEST_STEP][PASSED] - println(x): null

22-11-2024T02:58:18 - [TEST_STEP][PASSED] - i1 = x.indexOf("/") + 1: null

22-11-2024T02:58:18 - [TEST_STEP][PASSED] - if (i1 > -1): null

22-11-2024T02:58:18 - [TEST_STEP][PASSED] - x = x.substring(i1, x.length()): null

22-11-2024T02:58:18 - [TEST_STEP][PASSED] - println(x): null

22-11-2024T02:58:18 - [TEST_STEP][PASSED] - i1 = x.indexOf("/"): null

22-11-2024T02:58:18 - [TEST_STEP][PASSED] - if (i1 > -1): null

22-11-2024T02:58:18 - [TEST_STEP][PASSED] - x = x.substring(0, i1): null

22-11-2024T02:58:18 - [TEST_STEP][PASSED] - println(x): null

22-11-2024T02:58:18 - [TEST_STEP][FAILED] - return x: null

22-11-2024T02:58:18 - [TEST_STEP][PASSED] - println(tabR + "/" + tabB): null

22-11-2024T02:58:18 - [TEST_STEP][FAILED] - if (verifyEqual(tabR, tabB) == false): null

22-11-2024T02:58:18 - [MESSAGE][FAILED] - Unable to verify equal between actual object 'нет данных' and expected object '5384911' (Root cause: com.kms.katalon.core.exception.StepFailedException: Actual object 'нет данных' and expected object '5384911' are not equal
	at com.kms.katalon.core.keyword.builtin.VerifyEqualKeyword$_verifyEqual_closure1.doCall(VerifyEqualKeyword.groovy:58)
	at com.kms.katalon.core.keyword.builtin.VerifyEqualKeyword$_verifyEqual_closure1.call(VerifyEqualKeyword.groovy)
	at com.kms.katalon.core.keyword.internal.KeywordMain.runKeyword(KeywordMain.groovy:75)
	at com.kms.katalon.core.keyword.builtin.VerifyEqualKeyword.verifyEqual(VerifyEqualKeyword.groovy:63)
	at com.kms.katalon.core.keyword.builtin.VerifyEqualKeyword.execute(VerifyEqualKeyword.groovy:44)
	at com.kms.katalon.core.keyword.internal.KeywordExecutor.executeKeywordForPlatform(KeywordExecutor.groovy:74)
	at com.kms.katalon.core.keyword.BuiltinKeywords.verifyEqual(BuiltinKeywords.groovy:146)
	at jdk.internal.reflect.GeneratedMethodAccessor25.invoke(Unknown Source)
	at java.base/jdk.internal.reflect.DelegatingMethodAccessorImpl.invoke(DelegatingMethodAccessorImpl.java:43)
	at Выполнение бизнес-плана сверка дашбордов.CompareDZOData(Выполнение бизнес-плана сверка дашбордов:730)
	at Выполнение бизнес-плана сверка дашбордов.run(Выполнение бизнес-плана сверка дашбордов:613)
	at com.kms.katalon.core.main.ScriptEngine.run(ScriptEngine.java:194)
	at com.kms.katalon.core.main.ScriptEngine.runScriptAsRawText(ScriptEngine.java:119)
	at com.kms.katalon.core.main.TestCaseExecutor.runScript(TestCaseExecutor.java:448)
	at com.kms.katalon.core.main.TestCaseExecutor.doExecute(TestCaseExecutor.java:439)
	at com.kms.katalon.core.main.TestCaseExecutor.processExecutionPhase(TestCaseExecutor.java:418)
	at com.kms.katalon.core.main.TestCaseExecutor.accessMainPhase(TestCaseExecutor.java:410)
	at com.kms.katalon.core.main.TestCaseExecutor.execute(TestCaseExecutor.java:285)
	at com.kms.katalon.core.common.CommonExecutor.accessTestCaseMainPhase(CommonExecutor.java:65)
	at com.kms.katalon.core.main.TestSuiteExecutor.accessTestSuiteMainPhase(TestSuiteExecutor.java:150)
	at com.kms.katalon.core.main.TestSuiteExecutor.execute(TestSuiteExecutor.java:106)
	at com.kms.katalon.core.main.TestCaseMain.startTestSuite(TestCaseMain.java:180)
	at TempTestSuite1732232929817.run(TempTestSuite1732232929817.groovy:35)
	at java.base/jdk.internal.reflect.NativeMethodAccessorImpl.invoke0(Native Method)
	at java.base/jdk.internal.reflect.NativeMethodAccessorImpl.invoke(NativeMethodAccessorImpl.java:77)
	at java.base/jdk.internal.reflect.DelegatingMethodAccessorImpl.invoke(DelegatingMethodAccessorImpl.java:43)
)

22-11-2024T02:58:18 - [TEST_STEP][PASSED] - result = WriteToExcel(typeOfData, todaysDate, PercPlanR, PercPlanB, PercFactR, PercFactB, x, tabR, tabB, o1R, o1B, vidget): null

22-11-2024T02:58:18 - [TEST_STEP][PASSED] - iii = dZO.indexOf("/"): null

22-11-2024T02:58:18 - [TEST_STEP][PASSED] - println(iii): null

22-11-2024T02:58:18 - [TEST_STEP][PASSED] - dZO = dZO.substring(0, iii): null

22-11-2024T02:58:18 - [TEST_STEP][PASSED] - println(dZO): null

22-11-2024T02:58:18 - [TEST_STEP][PASSED] - println(PercPlanR): null

22-11-2024T02:58:18 - [TEST_STEP][PASSED] - println(PercPlanB): null

22-11-2024T02:58:18 - [TEST_STEP][PASSED] - println(PercFactR): null

22-11-2024T02:58:18 - [TEST_STEP][PASSED] - println(PercFactB): null

22-11-2024T02:58:18 - [TEST_STEP][PASSED] - println(tabR): null

22-11-2024T02:58:18 - [TEST_STEP][PASSED] - println(tabB): null

22-11-2024T02:58:18 - [TEST_STEP][PASSED] - println(o1R): null

22-11-2024T02:58:18 - [TEST_STEP][PASSED] - println(o1B): null

22-11-2024T02:58:18 - [TEST_STEP][PASSED] - PR = <not implemented yet for class: org.codehaus.groovy.ast.expr.EmptyExpression>: null

22-11-2024T02:58:18 - [TEST_STEP][PASSED] - FR = <not implemented yet for class: org.codehaus.groovy.ast.expr.EmptyExpression>: null

22-11-2024T02:58:18 - [TEST_STEP][PASSED] - PB = <not implemented yet for class: org.codehaus.groovy.ast.expr.EmptyExpression>: null

22-11-2024T02:58:18 - [TEST_STEP][PASSED] - FB = <not implemented yet for class: org.codehaus.groovy.ast.expr.EmptyExpression>: null

22-11-2024T02:58:18 - [TEST_STEP][PASSED] - TR = <not implemented yet for class: org.codehaus.groovy.ast.expr.EmptyExpression>: null

22-11-2024T02:58:18 - [TEST_STEP][PASSED] - TB = <not implemented yet for class: org.codehaus.groovy.ast.expr.EmptyExpression>: null

22-11-2024T02:58:18 - [TEST_STEP][PASSED] - sheetName = "Sheet1": null

22-11-2024T02:58:18 - [TEST_STEP][PASSED] - data = findTestData("PlanFact"): null

22-11-2024T02:58:18 - [TEST_STEP][PASSED] - n = data.getRowNumbers() + 1: null

22-11-2024T02:58:18 - [TEST_STEP][PASSED] - year = todaysDate.substring(todaysDate.length() - 4, todaysDate.length()): null

22-11-2024T02:58:18 - [TEST_STEP][PASSED] - y = year.toInteger(): null

22-11-2024T02:58:18 - [TEST_STEP][PASSED] - m = getText(findTestObject("Выполнение бизнес-плана/Выполнение бизнес-плана Балансы/Фильтр Дата")): Text of object 'Object Repository/Выполнение бизнес-плана/Выполнение бизнес-плана Балансы/Фильтр Дата' is: '1, 2, 3 кв. 2024 года'

22-11-2024T02:58:18 - [MESSAGE][PASSED] - Text of object 'Object Repository/Выполнение бизнес-плана/Выполнение бизнес-плана Балансы/Фильтр Дата' is: '1, 2, 3 кв. 2024 года'

22-11-2024T02:58:18 - [TEST_STEP][PASSED] - m = m.substring(0, m.indexOf("2024")): null

22-11-2024T02:58:18 - [TEST_STEP][PASSED] - m = m.trim(): null

22-11-2024T02:58:18 - [TEST_STEP][PASSED] - dashboardName = "Выполнение бизнес-плана": null

22-11-2024T02:58:18 - [TEST_STEP][PASSED] - workbook01 = getWorkbook(excelFilePath): null

22-11-2024T02:58:19 - [TEST_STEP][PASSED] - sheet01 = getExcelSheet(workbook01, sheetName): null

22-11-2024T02:58:19 - [TEST_STEP][PASSED] - setValueToCellByIndex(sheet01, n, 0, dashboardName): null

22-11-2024T02:58:19 - [TEST_STEP][PASSED] - setValueToCellByIndex(sheet01, n, 1, dZO): null

22-11-2024T02:58:19 - [TEST_STEP][PASSED] - setValueToCellByIndex(sheet01, n, 2, typeOfData): null

22-11-2024T02:58:19 - [TEST_STEP][PASSED] - setValueToCellByIndex(sheet01, n, 3, typeOfData): null

22-11-2024T02:58:19 - [TEST_STEP][PASSED] - if (typeOfData == "План"): null

22-11-2024T02:58:19 - [TEST_STEP][PASSED] - else if (typeOfData == "Факт"): null

22-11-2024T02:58:19 - [TEST_STEP][PASSED] - else if (vidget.contains("электроэнергии") == true): null

22-11-2024T02:58:19 - [TEST_STEP][PASSED] - if (tabR == null): null

22-11-2024T02:58:19 - [TEST_STEP][PASSED] - else: null

22-11-2024T02:58:19 - [TEST_STEP][PASSED] - if (tabR == "нет данных"): null

22-11-2024T02:58:19 - [TEST_STEP][PASSED] - setValueToCellByIndex(sheet01, n, 4, "нет данных"): null

22-11-2024T02:58:19 - [TEST_STEP][PASSED] - if (tabB == null): null

22-11-2024T02:58:19 - [TEST_STEP][PASSED] - else: null

22-11-2024T02:58:19 - [TEST_STEP][PASSED] - if (tabB == "нет данных"): null

22-11-2024T02:58:19 - [TEST_STEP][PASSED] - else: null

22-11-2024T02:58:19 - [TEST_STEP][PASSED] - TB = tabB.toInteger(): null

22-11-2024T02:58:19 - [TEST_STEP][PASSED] - setValueToCellByIndex(sheet01, n, 5, TB): null

22-11-2024T02:58:19 - [TEST_STEP][PASSED] - setValueToCellByIndex(sheet01, n, 6, m): null

22-11-2024T02:58:19 - [TEST_STEP][PASSED] - setValueToCellByIndex(sheet01, n, 7, y): null

22-11-2024T02:58:19 - [TEST_STEP][PASSED] - setValueToCellByIndex(sheet01, n, 8, todaysDate): null

22-11-2024T02:58:19 - [TEST_STEP][PASSED] - n = n + 1: null

22-11-2024T02:58:19 - [TEST_STEP][PASSED] - saveWorkbook(excelFilePath, workbook01): null

22-11-2024T02:58:19 - [TEST_STEP][PASSED] - vidget = "Показатели баланса электроэнергии по ДЗО – План": null

22-11-2024T02:58:19 - [TEST_STEP][PASSED] - typeOfData = "План Отпуск в сеть": null

22-11-2024T02:58:19 - [TEST_STEP][PASSED] - tabR = GetOvSPlanR(x = a): null

22-11-2024T02:58:19 - [TEST_STEP][PASSED] - i1 = <not implemented yet for class: org.codehaus.groovy.ast.expr.EmptyExpression>: null

22-11-2024T02:58:19 - [TEST_STEP][PASSED] - ii = <not implemented yet for class: org.codehaus.groovy.ast.expr.EmptyExpression>: null

22-11-2024T02:58:19 - [TEST_STEP][PASSED] - for ([ii = 1, ii < 7, (ii++)]): null

22-11-2024T02:58:19 - [TEST_STEP][PASSED] - i1 = x.indexOf("/") + 1: null

22-11-2024T02:58:19 - [TEST_STEP][PASSED] - if (i1 > -1): null

22-11-2024T02:58:19 - [TEST_STEP][PASSED] - x = x.substring(i1, x.length()): null

22-11-2024T02:58:19 - [TEST_STEP][PASSED] - println(x): null

22-11-2024T02:58:19 - [TEST_STEP][PASSED] - i1 = x.indexOf("/") + 1: null

22-11-2024T02:58:19 - [TEST_STEP][PASSED] - if (i1 > -1): null

22-11-2024T02:58:19 - [TEST_STEP][PASSED] - x = x.substring(i1, x.length()): null

22-11-2024T02:58:19 - [TEST_STEP][PASSED] - println(x): null

22-11-2024T02:58:19 - [TEST_STEP][PASSED] - i1 = x.indexOf("/") + 1: null

22-11-2024T02:58:19 - [TEST_STEP][PASSED] - if (i1 > -1): null

22-11-2024T02:58:19 - [TEST_STEP][PASSED] - x = x.substring(i1, x.length()): null

22-11-2024T02:58:19 - [TEST_STEP][PASSED] - println(x): null

22-11-2024T02:58:19 - [TEST_STEP][PASSED] - i1 = x.indexOf("/") + 1: null

22-11-2024T02:58:19 - [TEST_STEP][PASSED] - if (i1 > -1): null

22-11-2024T02:58:19 - [TEST_STEP][PASSED] - x = x.substring(i1, x.length()): null

22-11-2024T02:58:19 - [TEST_STEP][PASSED] - println(x): null

22-11-2024T02:58:19 - [TEST_STEP][PASSED] - i1 = x.indexOf("/") + 1: null

22-11-2024T02:58:19 - [TEST_STEP][PASSED] - if (i1 > -1): null

22-11-2024T02:58:19 - [TEST_STEP][PASSED] - x = x.substring(i1, x.length()): null

22-11-2024T02:58:19 - [TEST_STEP][PASSED] - println(x): null

22-11-2024T02:58:19 - [TEST_STEP][PASSED] - i1 = x.indexOf("/") + 1: null

22-11-2024T02:58:19 - [TEST_STEP][PASSED] - if (i1 > -1): null

22-11-2024T02:58:19 - [TEST_STEP][PASSED] - x = x.substring(i1, x.length()): null

22-11-2024T02:58:19 - [TEST_STEP][PASSED] - println(x): null

22-11-2024T02:58:19 - [TEST_STEP][PASSED] - i1 = x.indexOf("/"): null

22-11-2024T02:58:19 - [TEST_STEP][PASSED] - if (i1 > -1): null

22-11-2024T02:58:19 - [TEST_STEP][PASSED] - x = x.substring(0, i1): null

22-11-2024T02:58:19 - [TEST_STEP][PASSED] - println(x): null

22-11-2024T02:58:19 - [TEST_STEP][PASSED] - return x: null

22-11-2024T02:58:19 - [TEST_STEP][PASSED] - tabB = GetOvSPlanB(x = b): null

22-11-2024T02:58:19 - [TEST_STEP][PASSED] - i1 = <not implemented yet for class: org.codehaus.groovy.ast.expr.EmptyExpression>: null

22-11-2024T02:58:19 - [TEST_STEP][PASSED] - ii = <not implemented yet for class: org.codehaus.groovy.ast.expr.EmptyExpression>: null

22-11-2024T02:58:19 - [TEST_STEP][PASSED] - for ([ii = 1, ii < 7, (ii++)]): null

22-11-2024T02:58:19 - [TEST_STEP][PASSED] - i1 = x.indexOf("/") + 1: null

22-11-2024T02:58:19 - [TEST_STEP][PASSED] - if (i1 > -1): null

22-11-2024T02:58:19 - [TEST_STEP][PASSED] - x = x.substring(i1, x.length()): null

22-11-2024T02:58:19 - [TEST_STEP][PASSED] - println(x): null

22-11-2024T02:58:19 - [TEST_STEP][PASSED] - i1 = x.indexOf("/") + 1: null

22-11-2024T02:58:19 - [TEST_STEP][PASSED] - if (i1 > -1): null

22-11-2024T02:58:19 - [TEST_STEP][PASSED] - x = x.substring(i1, x.length()): null

22-11-2024T02:58:19 - [TEST_STEP][PASSED] - println(x): null

22-11-2024T02:58:19 - [TEST_STEP][PASSED] - i1 = x.indexOf("/") + 1: null

22-11-2024T02:58:19 - [TEST_STEP][PASSED] - if (i1 > -1): null

22-11-2024T02:58:19 - [TEST_STEP][PASSED] - x = x.substring(i1, x.length()): null

22-11-2024T02:58:19 - [TEST_STEP][PASSED] - println(x): null

22-11-2024T02:58:19 - [TEST_STEP][PASSED] - i1 = x.indexOf("/") + 1: null

22-11-2024T02:58:19 - [TEST_STEP][PASSED] - if (i1 > -1): null

22-11-2024T02:58:19 - [TEST_STEP][PASSED] - x = x.substring(i1, x.length()): null

22-11-2024T02:58:19 - [TEST_STEP][PASSED] - println(x): null

22-11-2024T02:58:19 - [TEST_STEP][PASSED] - i1 = x.indexOf("/") + 1: null

22-11-2024T02:58:19 - [TEST_STEP][PASSED] - if (i1 > -1): null

22-11-2024T02:58:19 - [TEST_STEP][PASSED] - x = x.substring(i1, x.length()): null

22-11-2024T02:58:19 - [TEST_STEP][PASSED] - println(x): null

22-11-2024T02:58:19 - [TEST_STEP][PASSED] - i1 = x.indexOf("/") + 1: null

22-11-2024T02:58:19 - [TEST_STEP][PASSED] - if (i1 > -1): null

22-11-2024T02:58:19 - [TEST_STEP][PASSED] - x = x.substring(i1, x.length()): null

22-11-2024T02:58:19 - [TEST_STEP][PASSED] - println(x): null

22-11-2024T02:58:19 - [TEST_STEP][PASSED] - i1 = x.indexOf("/"): null

22-11-2024T02:58:19 - [TEST_STEP][PASSED] - if (i1 > -1): null

22-11-2024T02:58:19 - [TEST_STEP][PASSED] - x = x.substring(0, i1): null

22-11-2024T02:58:19 - [TEST_STEP][PASSED] - println(x): null

22-11-2024T02:58:19 - [TEST_STEP][FAILED] - return x: null

22-11-2024T02:58:19 - [TEST_STEP][PASSED] - println(tabR + "/" + tabB): null

22-11-2024T02:58:19 - [TEST_STEP][FAILED] - if (verifyEqual(PercFactR, PercFactB) == false): null

22-11-2024T02:58:19 - [MESSAGE][FAILED] - Unable to verify equal between actual object 'нет данных' and expected object '7.11' (Root cause: com.kms.katalon.core.exception.StepFailedException: Actual object 'нет данных' and expected object '7.11' are not equal
	at com.kms.katalon.core.keyword.builtin.VerifyEqualKeyword$_verifyEqual_closure1.doCall(VerifyEqualKeyword.groovy:58)
	at com.kms.katalon.core.keyword.builtin.VerifyEqualKeyword$_verifyEqual_closure1.call(VerifyEqualKeyword.groovy)
	at com.kms.katalon.core.keyword.internal.KeywordMain.runKeyword(KeywordMain.groovy:75)
	at com.kms.katalon.core.keyword.builtin.VerifyEqualKeyword.verifyEqual(VerifyEqualKeyword.groovy:63)
	at com.kms.katalon.core.keyword.builtin.VerifyEqualKeyword.execute(VerifyEqualKeyword.groovy:44)
	at com.kms.katalon.core.keyword.internal.KeywordExecutor.executeKeywordForPlatform(KeywordExecutor.groovy:74)
	at com.kms.katalon.core.keyword.BuiltinKeywords.verifyEqual(BuiltinKeywords.groovy:146)
	at jdk.internal.reflect.GeneratedMethodAccessor25.invoke(Unknown Source)
	at java.base/jdk.internal.reflect.DelegatingMethodAccessorImpl.invoke(DelegatingMethodAccessorImpl.java:43)
	at Выполнение бизнес-плана сверка дашбордов.CompareDZOData(Выполнение бизнес-плана сверка дашбордов:745)
	at Выполнение бизнес-плана сверка дашбордов.run(Выполнение бизнес-плана сверка дашбордов:613)
	at com.kms.katalon.core.main.ScriptEngine.run(ScriptEngine.java:194)
	at com.kms.katalon.core.main.ScriptEngine.runScriptAsRawText(ScriptEngine.java:119)
	at com.kms.katalon.core.main.TestCaseExecutor.runScript(TestCaseExecutor.java:448)
	at com.kms.katalon.core.main.TestCaseExecutor.doExecute(TestCaseExecutor.java:439)
	at com.kms.katalon.core.main.TestCaseExecutor.processExecutionPhase(TestCaseExecutor.java:418)
	at com.kms.katalon.core.main.TestCaseExecutor.accessMainPhase(TestCaseExecutor.java:410)
	at com.kms.katalon.core.main.TestCaseExecutor.execute(TestCaseExecutor.java:285)
	at com.kms.katalon.core.common.CommonExecutor.accessTestCaseMainPhase(CommonExecutor.java:65)
	at com.kms.katalon.core.main.TestSuiteExecutor.accessTestSuiteMainPhase(TestSuiteExecutor.java:150)
	at com.kms.katalon.core.main.TestSuiteExecutor.execute(TestSuiteExecutor.java:106)
	at com.kms.katalon.core.main.TestCaseMain.startTestSuite(TestCaseMain.java:180)
	at TempTestSuite1732232929817.run(TempTestSuite1732232929817.groovy:35)
	at java.base/jdk.internal.reflect.NativeMethodAccessorImpl.invoke0(Native Method)
	at java.base/jdk.internal.reflect.NativeMethodAccessorImpl.invoke(NativeMethodAccessorImpl.java:77)
	at java.base/jdk.internal.reflect.DelegatingMethodAccessorImpl.invoke(DelegatingMethodAccessorImpl.java:43)
)

22-11-2024T02:58:19 - [TEST_STEP][PASSED] - result = WriteToExcel(typeOfData, todaysDate, PercPlanR, PercPlanB, PercFactR, PercFactB, x, tabR, tabB, o1R, o1B, vidget): null

22-11-2024T02:58:19 - [TEST_STEP][PASSED] - iii = dZO.indexOf("/"): null

22-11-2024T02:58:19 - [TEST_STEP][PASSED] - println(iii): null

22-11-2024T02:58:19 - [TEST_STEP][PASSED] - dZO = dZO.substring(0, iii): null

22-11-2024T02:58:19 - [TEST_STEP][PASSED] - println(dZO): null

22-11-2024T02:58:19 - [TEST_STEP][PASSED] - println(PercPlanR): null

22-11-2024T02:58:19 - [TEST_STEP][PASSED] - println(PercPlanB): null

22-11-2024T02:58:19 - [TEST_STEP][PASSED] - println(PercFactR): null

22-11-2024T02:58:19 - [TEST_STEP][PASSED] - println(PercFactB): null

22-11-2024T02:58:19 - [TEST_STEP][PASSED] - println(tabR): null

22-11-2024T02:58:19 - [TEST_STEP][PASSED] - println(tabB): null

22-11-2024T02:58:19 - [TEST_STEP][PASSED] - println(o1R): null

22-11-2024T02:58:19 - [TEST_STEP][PASSED] - println(o1B): null

22-11-2024T02:58:19 - [TEST_STEP][PASSED] - PR = <not implemented yet for class: org.codehaus.groovy.ast.expr.EmptyExpression>: null

22-11-2024T02:58:19 - [TEST_STEP][PASSED] - FR = <not implemented yet for class: org.codehaus.groovy.ast.expr.EmptyExpression>: null

22-11-2024T02:58:19 - [TEST_STEP][PASSED] - PB = <not implemented yet for class: org.codehaus.groovy.ast.expr.EmptyExpression>: null

22-11-2024T02:58:19 - [TEST_STEP][PASSED] - FB = <not implemented yet for class: org.codehaus.groovy.ast.expr.EmptyExpression>: null

22-11-2024T02:58:19 - [TEST_STEP][PASSED] - TR = <not implemented yet for class: org.codehaus.groovy.ast.expr.EmptyExpression>: null

22-11-2024T02:58:19 - [TEST_STEP][PASSED] - TB = <not implemented yet for class: org.codehaus.groovy.ast.expr.EmptyExpression>: null

22-11-2024T02:58:19 - [TEST_STEP][PASSED] - sheetName = "Sheet1": null

22-11-2024T02:58:19 - [TEST_STEP][PASSED] - data = findTestData("PlanFact"): null

22-11-2024T02:58:19 - [TEST_STEP][PASSED] - n = data.getRowNumbers() + 1: null

22-11-2024T02:58:19 - [TEST_STEP][PASSED] - year = todaysDate.substring(todaysDate.length() - 4, todaysDate.length()): null

22-11-2024T02:58:19 - [TEST_STEP][PASSED] - y = year.toInteger(): null

22-11-2024T02:58:19 - [TEST_STEP][PASSED] - m = getText(findTestObject("Выполнение бизнес-плана/Выполнение бизнес-плана Балансы/Фильтр Дата")): Text of object 'Object Repository/Выполнение бизнес-плана/Выполнение бизнес-плана Балансы/Фильтр Дата' is: '1, 2, 3 кв. 2024 года'

22-11-2024T02:58:19 - [MESSAGE][PASSED] - Text of object 'Object Repository/Выполнение бизнес-плана/Выполнение бизнес-плана Балансы/Фильтр Дата' is: '1, 2, 3 кв. 2024 года'

22-11-2024T02:58:19 - [TEST_STEP][PASSED] - m = m.substring(0, m.indexOf("2024")): null

22-11-2024T02:58:19 - [TEST_STEP][PASSED] - m = m.trim(): null

22-11-2024T02:58:19 - [TEST_STEP][PASSED] - dashboardName = "Выполнение бизнес-плана": null

22-11-2024T02:58:19 - [TEST_STEP][PASSED] - workbook01 = getWorkbook(excelFilePath): null

22-11-2024T02:58:19 - [TEST_STEP][PASSED] - sheet01 = getExcelSheet(workbook01, sheetName): null

22-11-2024T02:58:19 - [TEST_STEP][PASSED] - setValueToCellByIndex(sheet01, n, 0, dashboardName): null

22-11-2024T02:58:19 - [TEST_STEP][PASSED] - setValueToCellByIndex(sheet01, n, 1, dZO): null

22-11-2024T02:58:19 - [TEST_STEP][PASSED] - setValueToCellByIndex(sheet01, n, 2, typeOfData): null

22-11-2024T02:58:19 - [TEST_STEP][PASSED] - setValueToCellByIndex(sheet01, n, 3, typeOfData): null

22-11-2024T02:58:19 - [TEST_STEP][PASSED] - if (typeOfData == "План"): null

22-11-2024T02:58:19 - [TEST_STEP][PASSED] - else if (typeOfData == "Факт"): null

22-11-2024T02:58:19 - [TEST_STEP][PASSED] - else if (vidget.contains("электроэнергии") == true): null

22-11-2024T02:58:19 - [TEST_STEP][PASSED] - if (tabR == null): null

22-11-2024T02:58:19 - [TEST_STEP][PASSED] - else: null

22-11-2024T02:58:19 - [TEST_STEP][PASSED] - if (tabR == "нет данных"): null

22-11-2024T02:58:19 - [TEST_STEP][PASSED] - setValueToCellByIndex(sheet01, n, 4, "нет данных"): null

22-11-2024T02:58:19 - [TEST_STEP][PASSED] - if (tabB == null): null

22-11-2024T02:58:19 - [TEST_STEP][PASSED] - else: null

22-11-2024T02:58:19 - [TEST_STEP][PASSED] - if (tabB == "нет данных"): null

22-11-2024T02:58:19 - [TEST_STEP][PASSED] - else: null

22-11-2024T02:58:19 - [TEST_STEP][PASSED] - TB = tabB.toInteger(): null

22-11-2024T02:58:19 - [TEST_STEP][PASSED] - setValueToCellByIndex(sheet01, n, 5, TB): null

22-11-2024T02:58:19 - [TEST_STEP][PASSED] - setValueToCellByIndex(sheet01, n, 6, m): null

22-11-2024T02:58:19 - [TEST_STEP][PASSED] - setValueToCellByIndex(sheet01, n, 7, y): null

22-11-2024T02:58:19 - [TEST_STEP][PASSED] - setValueToCellByIndex(sheet01, n, 8, todaysDate): null

22-11-2024T02:58:19 - [TEST_STEP][PASSED] - n = n + 1: null

22-11-2024T02:58:19 - [TEST_STEP][PASSED] - saveWorkbook(excelFilePath, workbook01): null

22-11-2024T02:58:19 - [TEST_STEP][PASSED] - typeOfData = "План Отпуск из сети": null

22-11-2024T02:58:19 - [TEST_STEP][PASSED] - tabR = GetOiSPlanR(x = a): null

22-11-2024T02:58:19 - [TEST_STEP][PASSED] - i1 = <not implemented yet for class: org.codehaus.groovy.ast.expr.EmptyExpression>: null

22-11-2024T02:58:19 - [TEST_STEP][PASSED] - ii = <not implemented yet for class: org.codehaus.groovy.ast.expr.EmptyExpression>: null

22-11-2024T02:58:19 - [TEST_STEP][PASSED] - for ([ii = 1, ii < 8, (ii++)]): null

22-11-2024T02:58:19 - [TEST_STEP][PASSED] - i1 = x.indexOf("/") + 1: null

22-11-2024T02:58:19 - [TEST_STEP][PASSED] - if (i1 > -1): null

22-11-2024T02:58:19 - [TEST_STEP][PASSED] - x = x.substring(i1, x.length()): null

22-11-2024T02:58:19 - [TEST_STEP][PASSED] - println(x): null

22-11-2024T02:58:19 - [TEST_STEP][PASSED] - i1 = x.indexOf("/") + 1: null

22-11-2024T02:58:19 - [TEST_STEP][PASSED] - if (i1 > -1): null

22-11-2024T02:58:19 - [TEST_STEP][PASSED] - x = x.substring(i1, x.length()): null

22-11-2024T02:58:19 - [TEST_STEP][PASSED] - println(x): null

22-11-2024T02:58:19 - [TEST_STEP][PASSED] - i1 = x.indexOf("/") + 1: null

22-11-2024T02:58:19 - [TEST_STEP][PASSED] - if (i1 > -1): null

22-11-2024T02:58:19 - [TEST_STEP][PASSED] - x = x.substring(i1, x.length()): null

22-11-2024T02:58:19 - [TEST_STEP][PASSED] - println(x): null

22-11-2024T02:58:19 - [TEST_STEP][PASSED] - i1 = x.indexOf("/") + 1: null

22-11-2024T02:58:19 - [TEST_STEP][PASSED] - if (i1 > -1): null

22-11-2024T02:58:19 - [TEST_STEP][PASSED] - x = x.substring(i1, x.length()): null

22-11-2024T02:58:19 - [TEST_STEP][PASSED] - println(x): null

22-11-2024T02:58:19 - [TEST_STEP][PASSED] - i1 = x.indexOf("/") + 1: null

22-11-2024T02:58:19 - [TEST_STEP][PASSED] - if (i1 > -1): null

22-11-2024T02:58:19 - [TEST_STEP][PASSED] - x = x.substring(i1, x.length()): null

22-11-2024T02:58:19 - [TEST_STEP][PASSED] - println(x): null

22-11-2024T02:58:19 - [TEST_STEP][PASSED] - i1 = x.indexOf("/") + 1: null

22-11-2024T02:58:19 - [TEST_STEP][PASSED] - if (i1 > -1): null

22-11-2024T02:58:19 - [TEST_STEP][PASSED] - x = x.substring(i1, x.length()): null

22-11-2024T02:58:19 - [TEST_STEP][PASSED] - println(x): null

22-11-2024T02:58:19 - [TEST_STEP][PASSED] - i1 = x.indexOf("/") + 1: null

22-11-2024T02:58:19 - [TEST_STEP][PASSED] - if (i1 > -1): null

22-11-2024T02:58:19 - [TEST_STEP][PASSED] - x = x.substring(i1, x.length()): null

22-11-2024T02:58:19 - [TEST_STEP][PASSED] - println(x): null

22-11-2024T02:58:19 - [TEST_STEP][PASSED] - i1 = x.indexOf("/"): null

22-11-2024T02:58:19 - [TEST_STEP][PASSED] - if (i1 > -1): null

22-11-2024T02:58:19 - [TEST_STEP][PASSED] - x = x.substring(0, i1): null

22-11-2024T02:58:19 - [TEST_STEP][PASSED] - println(x): null

22-11-2024T02:58:19 - [TEST_STEP][PASSED] - return x: null

22-11-2024T02:58:19 - [TEST_STEP][PASSED] - tabB = GetOiSPlanB(x = b): null

22-11-2024T02:58:19 - [TEST_STEP][PASSED] - i1 = <not implemented yet for class: org.codehaus.groovy.ast.expr.EmptyExpression>: null

22-11-2024T02:58:19 - [TEST_STEP][PASSED] - ii = <not implemented yet for class: org.codehaus.groovy.ast.expr.EmptyExpression>: null

22-11-2024T02:58:19 - [TEST_STEP][PASSED] - for ([ii = 1, ii < 8, (ii++)]): null

22-11-2024T02:58:19 - [TEST_STEP][PASSED] - i1 = x.indexOf("/") + 1: null

22-11-2024T02:58:19 - [TEST_STEP][PASSED] - if (i1 > -1): null

22-11-2024T02:58:19 - [TEST_STEP][PASSED] - x = x.substring(i1, x.length()): null

22-11-2024T02:58:19 - [TEST_STEP][PASSED] - println(x): null

22-11-2024T02:58:19 - [TEST_STEP][PASSED] - i1 = x.indexOf("/") + 1: null

22-11-2024T02:58:19 - [TEST_STEP][PASSED] - if (i1 > -1): null

22-11-2024T02:58:19 - [TEST_STEP][PASSED] - x = x.substring(i1, x.length()): null

22-11-2024T02:58:19 - [TEST_STEP][PASSED] - println(x): null

22-11-2024T02:58:19 - [TEST_STEP][PASSED] - i1 = x.indexOf("/") + 1: null

22-11-2024T02:58:19 - [TEST_STEP][PASSED] - if (i1 > -1): null

22-11-2024T02:58:19 - [TEST_STEP][PASSED] - x = x.substring(i1, x.length()): null

22-11-2024T02:58:19 - [TEST_STEP][PASSED] - println(x): null

22-11-2024T02:58:19 - [TEST_STEP][PASSED] - i1 = x.indexOf("/") + 1: null

22-11-2024T02:58:19 - [TEST_STEP][PASSED] - if (i1 > -1): null

22-11-2024T02:58:19 - [TEST_STEP][PASSED] - x = x.substring(i1, x.length()): null

22-11-2024T02:58:19 - [TEST_STEP][PASSED] - println(x): null

22-11-2024T02:58:19 - [TEST_STEP][PASSED] - i1 = x.indexOf("/") + 1: null

22-11-2024T02:58:19 - [TEST_STEP][PASSED] - if (i1 > -1): null

22-11-2024T02:58:19 - [TEST_STEP][PASSED] - x = x.substring(i1, x.length()): null

22-11-2024T02:58:19 - [TEST_STEP][PASSED] - println(x): null

22-11-2024T02:58:19 - [TEST_STEP][PASSED] - i1 = x.indexOf("/") + 1: null

22-11-2024T02:58:19 - [TEST_STEP][PASSED] - if (i1 > -1): null

22-11-2024T02:58:19 - [TEST_STEP][PASSED] - x = x.substring(i1, x.length()): null

22-11-2024T02:58:19 - [TEST_STEP][PASSED] - println(x): null

22-11-2024T02:58:19 - [TEST_STEP][PASSED] - i1 = x.indexOf("/") + 1: null

22-11-2024T02:58:19 - [TEST_STEP][PASSED] - if (i1 > -1): null

22-11-2024T02:58:19 - [TEST_STEP][PASSED] - x = x.substring(i1, x.length()): null

22-11-2024T02:58:19 - [TEST_STEP][PASSED] - println(x): null

22-11-2024T02:58:19 - [TEST_STEP][PASSED] - i1 = x.indexOf("/"): null

22-11-2024T02:58:19 - [TEST_STEP][PASSED] - if (i1 > -1): null

22-11-2024T02:58:19 - [TEST_STEP][PASSED] - x = x.substring(0, i1): null

22-11-2024T02:58:19 - [TEST_STEP][PASSED] - println(x): null

22-11-2024T02:58:19 - [TEST_STEP][FAILED] - return x: null

22-11-2024T02:58:19 - [TEST_STEP][PASSED] - println(tabR + "/" + tabB): null

22-11-2024T02:58:19 - [TEST_STEP][FAILED] - if (verifyEqual(PercFactR, PercFactB) == false): null

22-11-2024T02:58:19 - [MESSAGE][FAILED] - Unable to verify equal between actual object 'нет данных' and expected object '7.11' (Root cause: com.kms.katalon.core.exception.StepFailedException: Actual object 'нет данных' and expected object '7.11' are not equal
	at com.kms.katalon.core.keyword.builtin.VerifyEqualKeyword$_verifyEqual_closure1.doCall(VerifyEqualKeyword.groovy:58)
	at com.kms.katalon.core.keyword.builtin.VerifyEqualKeyword$_verifyEqual_closure1.call(VerifyEqualKeyword.groovy)
	at com.kms.katalon.core.keyword.internal.KeywordMain.runKeyword(KeywordMain.groovy:75)
	at com.kms.katalon.core.keyword.builtin.VerifyEqualKeyword.verifyEqual(VerifyEqualKeyword.groovy:63)
	at com.kms.katalon.core.keyword.builtin.VerifyEqualKeyword.execute(VerifyEqualKeyword.groovy:44)
	at com.kms.katalon.core.keyword.internal.KeywordExecutor.executeKeywordForPlatform(KeywordExecutor.groovy:74)
	at com.kms.katalon.core.keyword.BuiltinKeywords.verifyEqual(BuiltinKeywords.groovy:146)
	at jdk.internal.reflect.GeneratedMethodAccessor25.invoke(Unknown Source)
	at java.base/jdk.internal.reflect.DelegatingMethodAccessorImpl.invoke(DelegatingMethodAccessorImpl.java:43)
	at Выполнение бизнес-плана сверка дашбордов.CompareDZOData(Выполнение бизнес-плана сверка дашбордов:758)
	at Выполнение бизнес-плана сверка дашбордов.run(Выполнение бизнес-плана сверка дашбордов:613)
	at com.kms.katalon.core.main.ScriptEngine.run(ScriptEngine.java:194)
	at com.kms.katalon.core.main.ScriptEngine.runScriptAsRawText(ScriptEngine.java:119)
	at com.kms.katalon.core.main.TestCaseExecutor.runScript(TestCaseExecutor.java:448)
	at com.kms.katalon.core.main.TestCaseExecutor.doExecute(TestCaseExecutor.java:439)
	at com.kms.katalon.core.main.TestCaseExecutor.processExecutionPhase(TestCaseExecutor.java:418)
	at com.kms.katalon.core.main.TestCaseExecutor.accessMainPhase(TestCaseExecutor.java:410)
	at com.kms.katalon.core.main.TestCaseExecutor.execute(TestCaseExecutor.java:285)
	at com.kms.katalon.core.common.CommonExecutor.accessTestCaseMainPhase(CommonExecutor.java:65)
	at com.kms.katalon.core.main.TestSuiteExecutor.accessTestSuiteMainPhase(TestSuiteExecutor.java:150)
	at com.kms.katalon.core.main.TestSuiteExecutor.execute(TestSuiteExecutor.java:106)
	at com.kms.katalon.core.main.TestCaseMain.startTestSuite(TestCaseMain.java:180)
	at TempTestSuite1732232929817.run(TempTestSuite1732232929817.groovy:35)
	at java.base/jdk.internal.reflect.NativeMethodAccessorImpl.invoke0(Native Method)
	at java.base/jdk.internal.reflect.NativeMethodAccessorImpl.invoke(NativeMethodAccessorImpl.java:77)
	at java.base/jdk.internal.reflect.DelegatingMethodAccessorImpl.invoke(DelegatingMethodAccessorImpl.java:43)
)

22-11-2024T02:58:19 - [TEST_STEP][PASSED] - result = WriteToExcel(typeOfData, todaysDate, PercPlanR, PercPlanB, PercFactR, PercFactB, x, tabR, tabB, o1R, o1B, vidget): null

22-11-2024T02:58:19 - [TEST_STEP][PASSED] - iii = dZO.indexOf("/"): null

22-11-2024T02:58:19 - [TEST_STEP][PASSED] - println(iii): null

22-11-2024T02:58:19 - [TEST_STEP][PASSED] - dZO = dZO.substring(0, iii): null

22-11-2024T02:58:19 - [TEST_STEP][PASSED] - println(dZO): null

22-11-2024T02:58:19 - [TEST_STEP][PASSED] - println(PercPlanR): null

22-11-2024T02:58:19 - [TEST_STEP][PASSED] - println(PercPlanB): null

22-11-2024T02:58:19 - [TEST_STEP][PASSED] - println(PercFactR): null

22-11-2024T02:58:19 - [TEST_STEP][PASSED] - println(PercFactB): null

22-11-2024T02:58:19 - [TEST_STEP][PASSED] - println(tabR): null

22-11-2024T02:58:19 - [TEST_STEP][PASSED] - println(tabB): null

22-11-2024T02:58:19 - [TEST_STEP][PASSED] - println(o1R): null

22-11-2024T02:58:19 - [TEST_STEP][PASSED] - println(o1B): null

22-11-2024T02:58:19 - [TEST_STEP][PASSED] - PR = <not implemented yet for class: org.codehaus.groovy.ast.expr.EmptyExpression>: null

22-11-2024T02:58:19 - [TEST_STEP][PASSED] - FR = <not implemented yet for class: org.codehaus.groovy.ast.expr.EmptyExpression>: null

22-11-2024T02:58:19 - [TEST_STEP][PASSED] - PB = <not implemented yet for class: org.codehaus.groovy.ast.expr.EmptyExpression>: null

22-11-2024T02:58:19 - [TEST_STEP][PASSED] - FB = <not implemented yet for class: org.codehaus.groovy.ast.expr.EmptyExpression>: null

22-11-2024T02:58:19 - [TEST_STEP][PASSED] - TR = <not implemented yet for class: org.codehaus.groovy.ast.expr.EmptyExpression>: null

22-11-2024T02:58:19 - [TEST_STEP][PASSED] - TB = <not implemented yet for class: org.codehaus.groovy.ast.expr.EmptyExpression>: null

22-11-2024T02:58:19 - [TEST_STEP][PASSED] - sheetName = "Sheet1": null

22-11-2024T02:58:19 - [TEST_STEP][PASSED] - data = findTestData("PlanFact"): null

22-11-2024T02:58:19 - [TEST_STEP][PASSED] - n = data.getRowNumbers() + 1: null

22-11-2024T02:58:19 - [TEST_STEP][PASSED] - year = todaysDate.substring(todaysDate.length() - 4, todaysDate.length()): null

22-11-2024T02:58:19 - [TEST_STEP][PASSED] - y = year.toInteger(): null

22-11-2024T02:58:19 - [TEST_STEP][PASSED] - m = getText(findTestObject("Выполнение бизнес-плана/Выполнение бизнес-плана Балансы/Фильтр Дата")): Text of object 'Object Repository/Выполнение бизнес-плана/Выполнение бизнес-плана Балансы/Фильтр Дата' is: '1, 2, 3 кв. 2024 года'

22-11-2024T02:58:20 - [MESSAGE][PASSED] - Text of object 'Object Repository/Выполнение бизнес-плана/Выполнение бизнес-плана Балансы/Фильтр Дата' is: '1, 2, 3 кв. 2024 года'

22-11-2024T02:58:20 - [TEST_STEP][PASSED] - m = m.substring(0, m.indexOf("2024")): null

22-11-2024T02:58:20 - [TEST_STEP][PASSED] - m = m.trim(): null

22-11-2024T02:58:20 - [TEST_STEP][PASSED] - dashboardName = "Выполнение бизнес-плана": null

22-11-2024T02:58:20 - [TEST_STEP][PASSED] - workbook01 = getWorkbook(excelFilePath): null

22-11-2024T02:58:20 - [TEST_STEP][PASSED] - sheet01 = getExcelSheet(workbook01, sheetName): null

22-11-2024T02:58:20 - [TEST_STEP][PASSED] - setValueToCellByIndex(sheet01, n, 0, dashboardName): null

22-11-2024T02:58:20 - [TEST_STEP][PASSED] - setValueToCellByIndex(sheet01, n, 1, dZO): null

22-11-2024T02:58:20 - [TEST_STEP][PASSED] - setValueToCellByIndex(sheet01, n, 2, typeOfData): null

22-11-2024T02:58:20 - [TEST_STEP][PASSED] - setValueToCellByIndex(sheet01, n, 3, typeOfData): null

22-11-2024T02:58:20 - [TEST_STEP][PASSED] - if (typeOfData == "План"): null

22-11-2024T02:58:20 - [TEST_STEP][PASSED] - else if (typeOfData == "Факт"): null

22-11-2024T02:58:20 - [TEST_STEP][PASSED] - else if (vidget.contains("электроэнергии") == true): null

22-11-2024T02:58:20 - [TEST_STEP][PASSED] - if (tabR == null): null

22-11-2024T02:58:20 - [TEST_STEP][PASSED] - else: null

22-11-2024T02:58:20 - [TEST_STEP][PASSED] - if (tabR == "нет данных"): null

22-11-2024T02:58:20 - [TEST_STEP][PASSED] - setValueToCellByIndex(sheet01, n, 4, "нет данных"): null

22-11-2024T02:58:20 - [TEST_STEP][PASSED] - if (tabB == null): null

22-11-2024T02:58:20 - [TEST_STEP][PASSED] - else: null

22-11-2024T02:58:20 - [TEST_STEP][PASSED] - if (tabB == "нет данных"): null

22-11-2024T02:58:20 - [TEST_STEP][PASSED] - else: null

22-11-2024T02:58:20 - [TEST_STEP][PASSED] - TB = tabB.toInteger(): null

22-11-2024T02:58:20 - [TEST_STEP][PASSED] - setValueToCellByIndex(sheet01, n, 5, TB): null

22-11-2024T02:58:20 - [TEST_STEP][PASSED] - setValueToCellByIndex(sheet01, n, 6, m): null

22-11-2024T02:58:20 - [TEST_STEP][PASSED] - setValueToCellByIndex(sheet01, n, 7, y): null

22-11-2024T02:58:20 - [TEST_STEP][PASSED] - setValueToCellByIndex(sheet01, n, 8, todaysDate): null

22-11-2024T02:58:20 - [TEST_STEP][PASSED] - n = n + 1: null

22-11-2024T02:58:20 - [TEST_STEP][PASSED] - saveWorkbook(excelFilePath, workbook01): null

22-11-2024T02:58:20 - [TEST_STEP][PASSED] - typeOfData = "План Потери": null

22-11-2024T02:58:20 - [TEST_STEP][PASSED] - tabR = GetPPlanR(x = a): null

22-11-2024T02:58:20 - [TEST_STEP][PASSED] - i1 = <not implemented yet for class: org.codehaus.groovy.ast.expr.EmptyExpression>: null

22-11-2024T02:58:20 - [TEST_STEP][PASSED] - ii = <not implemented yet for class: org.codehaus.groovy.ast.expr.EmptyExpression>: null

22-11-2024T02:58:20 - [TEST_STEP][PASSED] - for ([ii = 1, ii < 9, (ii++)]): null

22-11-2024T02:58:20 - [TEST_STEP][PASSED] - i1 = x.indexOf("/") + 1: null

22-11-2024T02:58:20 - [TEST_STEP][PASSED] - if (i1 > -1): null

22-11-2024T02:58:20 - [TEST_STEP][PASSED] - x = x.substring(i1, x.length()): null

22-11-2024T02:58:20 - [TEST_STEP][PASSED] - println(x): null

22-11-2024T02:58:20 - [TEST_STEP][PASSED] - i1 = x.indexOf("/") + 1: null

22-11-2024T02:58:20 - [TEST_STEP][PASSED] - if (i1 > -1): null

22-11-2024T02:58:20 - [TEST_STEP][PASSED] - x = x.substring(i1, x.length()): null

22-11-2024T02:58:20 - [TEST_STEP][PASSED] - println(x): null

22-11-2024T02:58:20 - [TEST_STEP][PASSED] - i1 = x.indexOf("/") + 1: null

22-11-2024T02:58:20 - [TEST_STEP][PASSED] - if (i1 > -1): null

22-11-2024T02:58:20 - [TEST_STEP][PASSED] - x = x.substring(i1, x.length()): null

22-11-2024T02:58:20 - [TEST_STEP][PASSED] - println(x): null

22-11-2024T02:58:20 - [TEST_STEP][PASSED] - i1 = x.indexOf("/") + 1: null

22-11-2024T02:58:20 - [TEST_STEP][PASSED] - if (i1 > -1): null

22-11-2024T02:58:20 - [TEST_STEP][PASSED] - x = x.substring(i1, x.length()): null

22-11-2024T02:58:20 - [TEST_STEP][PASSED] - println(x): null

22-11-2024T02:58:20 - [TEST_STEP][PASSED] - i1 = x.indexOf("/") + 1: null

22-11-2024T02:58:20 - [TEST_STEP][PASSED] - if (i1 > -1): null

22-11-2024T02:58:20 - [TEST_STEP][PASSED] - x = x.substring(i1, x.length()): null

22-11-2024T02:58:20 - [TEST_STEP][PASSED] - println(x): null

22-11-2024T02:58:20 - [TEST_STEP][PASSED] - i1 = x.indexOf("/") + 1: null

22-11-2024T02:58:20 - [TEST_STEP][PASSED] - if (i1 > -1): null

22-11-2024T02:58:20 - [TEST_STEP][PASSED] - x = x.substring(i1, x.length()): null

22-11-2024T02:58:20 - [TEST_STEP][PASSED] - println(x): null

22-11-2024T02:58:20 - [TEST_STEP][PASSED] - i1 = x.indexOf("/") + 1: null

22-11-2024T02:58:20 - [TEST_STEP][PASSED] - if (i1 > -1): null

22-11-2024T02:58:20 - [TEST_STEP][PASSED] - x = x.substring(i1, x.length()): null

22-11-2024T02:58:20 - [TEST_STEP][PASSED] - println(x): null

22-11-2024T02:58:20 - [TEST_STEP][PASSED] - i1 = x.indexOf("/") + 1: null

22-11-2024T02:58:20 - [TEST_STEP][PASSED] - if (i1 > -1): null

22-11-2024T02:58:20 - [TEST_STEP][PASSED] - x = x.substring(i1, x.length()): null

22-11-2024T02:58:20 - [TEST_STEP][PASSED] - println(x): null

22-11-2024T02:58:20 - [TEST_STEP][PASSED] - i1 = x.indexOf("/"): null

22-11-2024T02:58:20 - [TEST_STEP][PASSED] - if (i1 > -1): null

22-11-2024T02:58:20 - [TEST_STEP][PASSED] - x = x.substring(0, i1): null

22-11-2024T02:58:20 - [TEST_STEP][PASSED] - println(x): null

22-11-2024T02:58:20 - [TEST_STEP][PASSED] - return x: null

22-11-2024T02:58:20 - [TEST_STEP][PASSED] - tabB = GetPPlanB(x = b): null

22-11-2024T02:58:20 - [TEST_STEP][PASSED] - i1 = <not implemented yet for class: org.codehaus.groovy.ast.expr.EmptyExpression>: null

22-11-2024T02:58:20 - [TEST_STEP][PASSED] - ii = <not implemented yet for class: org.codehaus.groovy.ast.expr.EmptyExpression>: null

22-11-2024T02:58:20 - [TEST_STEP][PASSED] - for ([ii = 1, ii < 9, (ii++)]): null

22-11-2024T02:58:20 - [TEST_STEP][PASSED] - i1 = x.indexOf("/") + 1: null

22-11-2024T02:58:20 - [TEST_STEP][PASSED] - if (i1 > -1): null

22-11-2024T02:58:20 - [TEST_STEP][PASSED] - x = x.substring(i1, x.length()): null

22-11-2024T02:58:20 - [TEST_STEP][PASSED] - println(x): null

22-11-2024T02:58:20 - [TEST_STEP][PASSED] - i1 = x.indexOf("/") + 1: null

22-11-2024T02:58:20 - [TEST_STEP][PASSED] - if (i1 > -1): null

22-11-2024T02:58:20 - [TEST_STEP][PASSED] - x = x.substring(i1, x.length()): null

22-11-2024T02:58:20 - [TEST_STEP][PASSED] - println(x): null

22-11-2024T02:58:20 - [TEST_STEP][PASSED] - i1 = x.indexOf("/") + 1: null

22-11-2024T02:58:20 - [TEST_STEP][PASSED] - if (i1 > -1): null

22-11-2024T02:58:20 - [TEST_STEP][PASSED] - x = x.substring(i1, x.length()): null

22-11-2024T02:58:20 - [TEST_STEP][PASSED] - println(x): null

22-11-2024T02:58:20 - [TEST_STEP][PASSED] - i1 = x.indexOf("/") + 1: null

22-11-2024T02:58:20 - [TEST_STEP][PASSED] - if (i1 > -1): null

22-11-2024T02:58:20 - [TEST_STEP][PASSED] - x = x.substring(i1, x.length()): null

22-11-2024T02:58:20 - [TEST_STEP][PASSED] - println(x): null

22-11-2024T02:58:20 - [TEST_STEP][PASSED] - i1 = x.indexOf("/") + 1: null

22-11-2024T02:58:20 - [TEST_STEP][PASSED] - if (i1 > -1): null

22-11-2024T02:58:20 - [TEST_STEP][PASSED] - x = x.substring(i1, x.length()): null

22-11-2024T02:58:20 - [TEST_STEP][PASSED] - println(x): null

22-11-2024T02:58:20 - [TEST_STEP][PASSED] - i1 = x.indexOf("/") + 1: null

22-11-2024T02:58:20 - [TEST_STEP][PASSED] - if (i1 > -1): null

22-11-2024T02:58:20 - [TEST_STEP][PASSED] - x = x.substring(i1, x.length()): null

22-11-2024T02:58:20 - [TEST_STEP][PASSED] - println(x): null

22-11-2024T02:58:20 - [TEST_STEP][PASSED] - i1 = x.indexOf("/") + 1: null

22-11-2024T02:58:20 - [TEST_STEP][PASSED] - if (i1 > -1): null

22-11-2024T02:58:20 - [TEST_STEP][PASSED] - x = x.substring(i1, x.length()): null

22-11-2024T02:58:20 - [TEST_STEP][PASSED] - println(x): null

22-11-2024T02:58:20 - [TEST_STEP][PASSED] - i1 = x.indexOf("/") + 1: null

22-11-2024T02:58:20 - [TEST_STEP][PASSED] - if (i1 > -1): null

22-11-2024T02:58:20 - [TEST_STEP][PASSED] - x = x.substring(i1, x.length()): null

22-11-2024T02:58:20 - [TEST_STEP][PASSED] - println(x): null

22-11-2024T02:58:20 - [TEST_STEP][PASSED] - i1 = x.indexOf("/"): null

22-11-2024T02:58:20 - [TEST_STEP][PASSED] - if (i1 > -1): null

22-11-2024T02:58:20 - [TEST_STEP][PASSED] - x = x.substring(0, i1): null

22-11-2024T02:58:20 - [TEST_STEP][PASSED] - println(x): null

22-11-2024T02:58:20 - [TEST_STEP][FAILED] - return x: null

22-11-2024T02:58:20 - [TEST_STEP][PASSED] - println(tabR + "/" + tabB): null

22-11-2024T02:58:20 - [TEST_STEP][FAILED] - if (verifyEqual(PercFactR, PercFactB) == false): null

22-11-2024T02:58:20 - [MESSAGE][FAILED] - Unable to verify equal between actual object 'нет данных' and expected object '7.11' (Root cause: com.kms.katalon.core.exception.StepFailedException: Actual object 'нет данных' and expected object '7.11' are not equal
	at com.kms.katalon.core.keyword.builtin.VerifyEqualKeyword$_verifyEqual_closure1.doCall(VerifyEqualKeyword.groovy:58)
	at com.kms.katalon.core.keyword.builtin.VerifyEqualKeyword$_verifyEqual_closure1.call(VerifyEqualKeyword.groovy)
	at com.kms.katalon.core.keyword.internal.KeywordMain.runKeyword(KeywordMain.groovy:75)
	at com.kms.katalon.core.keyword.builtin.VerifyEqualKeyword.verifyEqual(VerifyEqualKeyword.groovy:63)
	at com.kms.katalon.core.keyword.builtin.VerifyEqualKeyword.execute(VerifyEqualKeyword.groovy:44)
	at com.kms.katalon.core.keyword.internal.KeywordExecutor.executeKeywordForPlatform(KeywordExecutor.groovy:74)
	at com.kms.katalon.core.keyword.BuiltinKeywords.verifyEqual(BuiltinKeywords.groovy:146)
	at jdk.internal.reflect.GeneratedMethodAccessor25.invoke(Unknown Source)
	at java.base/jdk.internal.reflect.DelegatingMethodAccessorImpl.invoke(DelegatingMethodAccessorImpl.java:43)
	at Выполнение бизнес-плана сверка дашбордов.CompareDZOData(Выполнение бизнес-плана сверка дашбордов:771)
	at Выполнение бизнес-плана сверка дашбордов.run(Выполнение бизнес-плана сверка дашбордов:613)
	at com.kms.katalon.core.main.ScriptEngine.run(ScriptEngine.java:194)
	at com.kms.katalon.core.main.ScriptEngine.runScriptAsRawText(ScriptEngine.java:119)
	at com.kms.katalon.core.main.TestCaseExecutor.runScript(TestCaseExecutor.java:448)
	at com.kms.katalon.core.main.TestCaseExecutor.doExecute(TestCaseExecutor.java:439)
	at com.kms.katalon.core.main.TestCaseExecutor.processExecutionPhase(TestCaseExecutor.java:418)
	at com.kms.katalon.core.main.TestCaseExecutor.accessMainPhase(TestCaseExecutor.java:410)
	at com.kms.katalon.core.main.TestCaseExecutor.execute(TestCaseExecutor.java:285)
	at com.kms.katalon.core.common.CommonExecutor.accessTestCaseMainPhase(CommonExecutor.java:65)
	at com.kms.katalon.core.main.TestSuiteExecutor.accessTestSuiteMainPhase(TestSuiteExecutor.java:150)
	at com.kms.katalon.core.main.TestSuiteExecutor.execute(TestSuiteExecutor.java:106)
	at com.kms.katalon.core.main.TestCaseMain.startTestSuite(TestCaseMain.java:180)
	at TempTestSuite1732232929817.run(TempTestSuite1732232929817.groovy:35)
	at java.base/jdk.internal.reflect.NativeMethodAccessorImpl.invoke0(Native Method)
	at java.base/jdk.internal.reflect.NativeMethodAccessorImpl.invoke(NativeMethodAccessorImpl.java:77)
	at java.base/jdk.internal.reflect.DelegatingMethodAccessorImpl.invoke(DelegatingMethodAccessorImpl.java:43)
)

22-11-2024T02:58:20 - [TEST_STEP][PASSED] - result = WriteToExcel(typeOfData, todaysDate, PercPlanR, PercPlanB, PercFactR, PercFactB, x, tabR, tabB, o1R, o1B, vidget): null

22-11-2024T02:58:20 - [TEST_STEP][PASSED] - iii = dZO.indexOf("/"): null

22-11-2024T02:58:20 - [TEST_STEP][PASSED] - println(iii): null

22-11-2024T02:58:20 - [TEST_STEP][PASSED] - dZO = dZO.substring(0, iii): null

22-11-2024T02:58:20 - [TEST_STEP][PASSED] - println(dZO): null

22-11-2024T02:58:20 - [TEST_STEP][PASSED] - println(PercPlanR): null

22-11-2024T02:58:20 - [TEST_STEP][PASSED] - println(PercPlanB): null

22-11-2024T02:58:20 - [TEST_STEP][PASSED] - println(PercFactR): null

22-11-2024T02:58:20 - [TEST_STEP][PASSED] - println(PercFactB): null

22-11-2024T02:58:20 - [TEST_STEP][PASSED] - println(tabR): null

22-11-2024T02:58:20 - [TEST_STEP][PASSED] - println(tabB): null

22-11-2024T02:58:20 - [TEST_STEP][PASSED] - println(o1R): null

22-11-2024T02:58:20 - [TEST_STEP][PASSED] - println(o1B): null

22-11-2024T02:58:20 - [TEST_STEP][PASSED] - PR = <not implemented yet for class: org.codehaus.groovy.ast.expr.EmptyExpression>: null

22-11-2024T02:58:20 - [TEST_STEP][PASSED] - FR = <not implemented yet for class: org.codehaus.groovy.ast.expr.EmptyExpression>: null

22-11-2024T02:58:20 - [TEST_STEP][PASSED] - PB = <not implemented yet for class: org.codehaus.groovy.ast.expr.EmptyExpression>: null

22-11-2024T02:58:20 - [TEST_STEP][PASSED] - FB = <not implemented yet for class: org.codehaus.groovy.ast.expr.EmptyExpression>: null

22-11-2024T02:58:20 - [TEST_STEP][PASSED] - TR = <not implemented yet for class: org.codehaus.groovy.ast.expr.EmptyExpression>: null

22-11-2024T02:58:20 - [TEST_STEP][PASSED] - TB = <not implemented yet for class: org.codehaus.groovy.ast.expr.EmptyExpression>: null

22-11-2024T02:58:20 - [TEST_STEP][PASSED] - sheetName = "Sheet1": null

22-11-2024T02:58:20 - [TEST_STEP][PASSED] - data = findTestData("PlanFact"): null

22-11-2024T02:58:20 - [TEST_STEP][PASSED] - n = data.getRowNumbers() + 1: null

22-11-2024T02:58:20 - [TEST_STEP][PASSED] - year = todaysDate.substring(todaysDate.length() - 4, todaysDate.length()): null

22-11-2024T02:58:20 - [TEST_STEP][PASSED] - y = year.toInteger(): null

22-11-2024T02:58:20 - [TEST_STEP][PASSED] - m = getText(findTestObject("Выполнение бизнес-плана/Выполнение бизнес-плана Балансы/Фильтр Дата")): Text of object 'Object Repository/Выполнение бизнес-плана/Выполнение бизнес-плана Балансы/Фильтр Дата' is: '1, 2, 3 кв. 2024 года'

22-11-2024T02:58:20 - [MESSAGE][PASSED] - Text of object 'Object Repository/Выполнение бизнес-плана/Выполнение бизнес-плана Балансы/Фильтр Дата' is: '1, 2, 3 кв. 2024 года'

22-11-2024T02:58:20 - [TEST_STEP][PASSED] - m = m.substring(0, m.indexOf("2024")): null

22-11-2024T02:58:20 - [TEST_STEP][PASSED] - m = m.trim(): null

22-11-2024T02:58:20 - [TEST_STEP][PASSED] - dashboardName = "Выполнение бизнес-плана": null

22-11-2024T02:58:20 - [TEST_STEP][PASSED] - workbook01 = getWorkbook(excelFilePath): null

22-11-2024T02:58:20 - [TEST_STEP][PASSED] - sheet01 = getExcelSheet(workbook01, sheetName): null

22-11-2024T02:58:20 - [TEST_STEP][PASSED] - setValueToCellByIndex(sheet01, n, 0, dashboardName): null

22-11-2024T02:58:20 - [TEST_STEP][PASSED] - setValueToCellByIndex(sheet01, n, 1, dZO): null

22-11-2024T02:58:20 - [TEST_STEP][PASSED] - setValueToCellByIndex(sheet01, n, 2, typeOfData): null

22-11-2024T02:58:20 - [TEST_STEP][PASSED] - setValueToCellByIndex(sheet01, n, 3, typeOfData): null

22-11-2024T02:58:20 - [TEST_STEP][PASSED] - if (typeOfData == "План"): null

22-11-2024T02:58:20 - [TEST_STEP][PASSED] - else if (typeOfData == "Факт"): null

22-11-2024T02:58:20 - [TEST_STEP][PASSED] - else if (vidget.contains("электроэнергии") == true): null

22-11-2024T02:58:20 - [TEST_STEP][PASSED] - if (tabR == null): null

22-11-2024T02:58:20 - [TEST_STEP][PASSED] - else: null

22-11-2024T02:58:20 - [TEST_STEP][PASSED] - if (tabR == "нет данных"): null

22-11-2024T02:58:20 - [TEST_STEP][PASSED] - setValueToCellByIndex(sheet01, n, 4, "нет данных"): null

22-11-2024T02:58:20 - [TEST_STEP][PASSED] - if (tabB == null): null

22-11-2024T02:58:20 - [TEST_STEP][PASSED] - else: null

22-11-2024T02:58:20 - [TEST_STEP][PASSED] - if (tabB == "нет данных"): null

22-11-2024T02:58:20 - [TEST_STEP][PASSED] - else: null

22-11-2024T02:58:20 - [TEST_STEP][PASSED] - TB = tabB.toInteger(): null

22-11-2024T02:58:20 - [TEST_STEP][PASSED] - setValueToCellByIndex(sheet01, n, 5, TB): null

22-11-2024T02:58:20 - [TEST_STEP][PASSED] - setValueToCellByIndex(sheet01, n, 6, m): null

22-11-2024T02:58:20 - [TEST_STEP][PASSED] - setValueToCellByIndex(sheet01, n, 7, y): null

22-11-2024T02:58:20 - [TEST_STEP][PASSED] - setValueToCellByIndex(sheet01, n, 8, todaysDate): null

22-11-2024T02:58:20 - [TEST_STEP][PASSED] - n = n + 1: null

22-11-2024T02:58:20 - [TEST_STEP][PASSED] - saveWorkbook(excelFilePath, workbook01): null

22-11-2024T02:58:21 - [TEST_STEP][PASSED] - ii2 = a.indexOf("ПАО"): null

22-11-2024T02:58:21 - [TEST_STEP][PASSED] - if (ii2 == -1): null

22-11-2024T02:58:21 - [TEST_STEP][PASSED] - vidget = "Отклонения фактического уровня потерь от бизнес-плана": null

22-11-2024T02:58:21 - [TEST_STEP][PASSED] - typeOfData = "Коэффициент": null

22-11-2024T02:58:21 - [TEST_STEP][PASSED] - o1R = Geto1R(x = a): null

22-11-2024T02:58:21 - [TEST_STEP][PASSED] - i1 = <not implemented yet for class: org.codehaus.groovy.ast.expr.EmptyExpression>: null

22-11-2024T02:58:21 - [TEST_STEP][PASSED] - ii = <not implemented yet for class: org.codehaus.groovy.ast.expr.EmptyExpression>: null

22-11-2024T02:58:21 - [TEST_STEP][PASSED] - for ([ii = 1, ii < 10, (ii++)]): null

22-11-2024T02:58:21 - [TEST_STEP][PASSED] - i1 = x.indexOf("/") + 1: null

22-11-2024T02:58:21 - [TEST_STEP][PASSED] - if (i1 > -1): null

22-11-2024T02:58:21 - [TEST_STEP][PASSED] - x = x.substring(i1, x.length()): null

22-11-2024T02:58:21 - [TEST_STEP][PASSED] - i1 = x.indexOf("/") + 1: null

22-11-2024T02:58:21 - [TEST_STEP][PASSED] - if (i1 > -1): null

22-11-2024T02:58:21 - [TEST_STEP][PASSED] - x = x.substring(i1, x.length()): null

22-11-2024T02:58:21 - [TEST_STEP][PASSED] - i1 = x.indexOf("/") + 1: null

22-11-2024T02:58:21 - [TEST_STEP][PASSED] - if (i1 > -1): null

22-11-2024T02:58:21 - [TEST_STEP][PASSED] - x = x.substring(i1, x.length()): null

22-11-2024T02:58:21 - [TEST_STEP][PASSED] - i1 = x.indexOf("/") + 1: null

22-11-2024T02:58:21 - [TEST_STEP][PASSED] - if (i1 > -1): null

22-11-2024T02:58:21 - [TEST_STEP][PASSED] - x = x.substring(i1, x.length()): null

22-11-2024T02:58:21 - [TEST_STEP][PASSED] - i1 = x.indexOf("/") + 1: null

22-11-2024T02:58:21 - [TEST_STEP][PASSED] - if (i1 > -1): null

22-11-2024T02:58:21 - [TEST_STEP][PASSED] - x = x.substring(i1, x.length()): null

22-11-2024T02:58:21 - [TEST_STEP][PASSED] - i1 = x.indexOf("/") + 1: null

22-11-2024T02:58:21 - [TEST_STEP][PASSED] - if (i1 > -1): null

22-11-2024T02:58:21 - [TEST_STEP][PASSED] - x = x.substring(i1, x.length()): null

22-11-2024T02:58:21 - [TEST_STEP][PASSED] - i1 = x.indexOf("/") + 1: null

22-11-2024T02:58:21 - [TEST_STEP][PASSED] - if (i1 > -1): null

22-11-2024T02:58:21 - [TEST_STEP][PASSED] - x = x.substring(i1, x.length()): null

22-11-2024T02:58:21 - [TEST_STEP][PASSED] - i1 = x.indexOf("/") + 1: null

22-11-2024T02:58:21 - [TEST_STEP][PASSED] - if (i1 > -1): null

22-11-2024T02:58:21 - [TEST_STEP][PASSED] - x = x.substring(i1, x.length()): null

22-11-2024T02:58:21 - [TEST_STEP][PASSED] - i1 = x.indexOf("/") + 1: null

22-11-2024T02:58:21 - [TEST_STEP][PASSED] - if (i1 > -1): null

22-11-2024T02:58:21 - [TEST_STEP][PASSED] - x = x.substring(i1, x.length()): null

22-11-2024T02:58:21 - [TEST_STEP][PASSED] - i1 = x.indexOf("/"): null

22-11-2024T02:58:21 - [TEST_STEP][PASSED] - if (i1 > -1): null

22-11-2024T02:58:21 - [TEST_STEP][PASSED] - println(x): null

22-11-2024T02:58:21 - [TEST_STEP][PASSED] - return x: null

22-11-2024T02:58:21 - [TEST_STEP][PASSED] - o1B = Geto1B(x = b): null

22-11-2024T02:58:21 - [TEST_STEP][PASSED] - i1 = <not implemented yet for class: org.codehaus.groovy.ast.expr.EmptyExpression>: null

22-11-2024T02:58:21 - [TEST_STEP][PASSED] - ii = <not implemented yet for class: org.codehaus.groovy.ast.expr.EmptyExpression>: null

22-11-2024T02:58:21 - [TEST_STEP][PASSED] - for ([ii = 1, ii < 10, (ii++)]): null

22-11-2024T02:58:21 - [TEST_STEP][PASSED] - i1 = x.indexOf("/") + 1: null

22-11-2024T02:58:21 - [TEST_STEP][PASSED] - if (i1 > -1): null

22-11-2024T02:58:21 - [TEST_STEP][PASSED] - x = x.substring(i1, x.length()): null

22-11-2024T02:58:21 - [TEST_STEP][PASSED] - i1 = x.indexOf("/") + 1: null

22-11-2024T02:58:21 - [TEST_STEP][PASSED] - if (i1 > -1): null

22-11-2024T02:58:21 - [TEST_STEP][PASSED] - x = x.substring(i1, x.length()): null

22-11-2024T02:58:21 - [TEST_STEP][PASSED] - i1 = x.indexOf("/") + 1: null

22-11-2024T02:58:21 - [TEST_STEP][PASSED] - if (i1 > -1): null

22-11-2024T02:58:21 - [TEST_STEP][PASSED] - x = x.substring(i1, x.length()): null

22-11-2024T02:58:21 - [TEST_STEP][PASSED] - i1 = x.indexOf("/") + 1: null

22-11-2024T02:58:21 - [TEST_STEP][PASSED] - if (i1 > -1): null

22-11-2024T02:58:21 - [TEST_STEP][PASSED] - x = x.substring(i1, x.length()): null

22-11-2024T02:58:21 - [TEST_STEP][PASSED] - i1 = x.indexOf("/") + 1: null

22-11-2024T02:58:21 - [TEST_STEP][PASSED] - if (i1 > -1): null

22-11-2024T02:58:21 - [TEST_STEP][PASSED] - x = x.substring(i1, x.length()): null

22-11-2024T02:58:21 - [TEST_STEP][PASSED] - i1 = x.indexOf("/") + 1: null

22-11-2024T02:58:21 - [TEST_STEP][PASSED] - if (i1 > -1): null

22-11-2024T02:58:21 - [TEST_STEP][PASSED] - x = x.substring(i1, x.length()): null

22-11-2024T02:58:21 - [TEST_STEP][PASSED] - i1 = x.indexOf("/") + 1: null

22-11-2024T02:58:21 - [TEST_STEP][PASSED] - if (i1 > -1): null

22-11-2024T02:58:21 - [TEST_STEP][PASSED] - x = x.substring(i1, x.length()): null

22-11-2024T02:58:21 - [TEST_STEP][PASSED] - i1 = x.indexOf("/") + 1: null

22-11-2024T02:58:21 - [TEST_STEP][PASSED] - if (i1 > -1): null

22-11-2024T02:58:21 - [TEST_STEP][PASSED] - x = x.substring(i1, x.length()): null

22-11-2024T02:58:21 - [TEST_STEP][PASSED] - i1 = x.indexOf("/") + 1: null

22-11-2024T02:58:21 - [TEST_STEP][PASSED] - if (i1 > -1): null

22-11-2024T02:58:21 - [TEST_STEP][PASSED] - x = x.substring(i1, x.length()): null

22-11-2024T02:58:21 - [TEST_STEP][PASSED] - i1 = x.indexOf("/"): null

22-11-2024T02:58:21 - [TEST_STEP][PASSED] - if (i1 > -1): null

22-11-2024T02:58:21 - [TEST_STEP][PASSED] - println(x): null

22-11-2024T02:58:21 - [TEST_STEP][FAILED] - return x: null

22-11-2024T02:58:21 - [TEST_STEP][PASSED] - println(o1R + "/" + o1B): null

22-11-2024T02:58:21 - [TEST_STEP][FAILED] - if (verifyEqual(PercFactR, PercFactB) == false): null

22-11-2024T02:58:21 - [MESSAGE][FAILED] - Unable to verify equal between actual object 'нет данных' and expected object '7.11' (Root cause: com.kms.katalon.core.exception.StepFailedException: Actual object 'нет данных' and expected object '7.11' are not equal
	at com.kms.katalon.core.keyword.builtin.VerifyEqualKeyword$_verifyEqual_closure1.doCall(VerifyEqualKeyword.groovy:58)
	at com.kms.katalon.core.keyword.builtin.VerifyEqualKeyword$_verifyEqual_closure1.call(VerifyEqualKeyword.groovy)
	at com.kms.katalon.core.keyword.internal.KeywordMain.runKeyword(KeywordMain.groovy:75)
	at com.kms.katalon.core.keyword.builtin.VerifyEqualKeyword.verifyEqual(VerifyEqualKeyword.groovy:63)
	at com.kms.katalon.core.keyword.builtin.VerifyEqualKeyword.execute(VerifyEqualKeyword.groovy:44)
	at com.kms.katalon.core.keyword.internal.KeywordExecutor.executeKeywordForPlatform(KeywordExecutor.groovy:74)
	at com.kms.katalon.core.keyword.BuiltinKeywords.verifyEqual(BuiltinKeywords.groovy:146)
	at jdk.internal.reflect.GeneratedMethodAccessor25.invoke(Unknown Source)
	at java.base/jdk.internal.reflect.DelegatingMethodAccessorImpl.invoke(DelegatingMethodAccessorImpl.java:43)
	at Выполнение бизнес-плана сверка дашбордов.CompareDZOData(Выполнение бизнес-плана сверка дашбордов:789)
	at Выполнение бизнес-плана сверка дашбордов.run(Выполнение бизнес-плана сверка дашбордов:613)
	at com.kms.katalon.core.main.ScriptEngine.run(ScriptEngine.java:194)
	at com.kms.katalon.core.main.ScriptEngine.runScriptAsRawText(ScriptEngine.java:119)
	at com.kms.katalon.core.main.TestCaseExecutor.runScript(TestCaseExecutor.java:448)
	at com.kms.katalon.core.main.TestCaseExecutor.doExecute(TestCaseExecutor.java:439)
	at com.kms.katalon.core.main.TestCaseExecutor.processExecutionPhase(TestCaseExecutor.java:418)
	at com.kms.katalon.core.main.TestCaseExecutor.accessMainPhase(TestCaseExecutor.java:410)
	at com.kms.katalon.core.main.TestCaseExecutor.execute(TestCaseExecutor.java:285)
	at com.kms.katalon.core.common.CommonExecutor.accessTestCaseMainPhase(CommonExecutor.java:65)
	at com.kms.katalon.core.main.TestSuiteExecutor.accessTestSuiteMainPhase(TestSuiteExecutor.java:150)
	at com.kms.katalon.core.main.TestSuiteExecutor.execute(TestSuiteExecutor.java:106)
	at com.kms.katalon.core.main.TestCaseMain.startTestSuite(TestCaseMain.java:180)
	at TempTestSuite1732232929817.run(TempTestSuite1732232929817.groovy:35)
	at java.base/jdk.internal.reflect.NativeMethodAccessorImpl.invoke0(Native Method)
	at java.base/jdk.internal.reflect.NativeMethodAccessorImpl.invoke(NativeMethodAccessorImpl.java:77)
	at java.base/jdk.internal.reflect.DelegatingMethodAccessorImpl.invoke(DelegatingMethodAccessorImpl.java:43)
)

22-11-2024T02:58:21 - [TEST_STEP][PASSED] - result = WriteToExcel(typeOfData, todaysDate, PercPlanR, PercPlanB, PercFactR, PercFactB, x, tabR, tabB, o1R, o1B, vidget): null

22-11-2024T02:58:21 - [TEST_STEP][PASSED] - iii = dZO.indexOf("/"): null

22-11-2024T02:58:21 - [TEST_STEP][PASSED] - println(iii): null

22-11-2024T02:58:21 - [TEST_STEP][PASSED] - dZO = dZO.substring(0, iii): null

22-11-2024T02:58:21 - [TEST_STEP][PASSED] - println(dZO): null

22-11-2024T02:58:21 - [TEST_STEP][PASSED] - println(PercPlanR): null

22-11-2024T02:58:21 - [TEST_STEP][PASSED] - println(PercPlanB): null

22-11-2024T02:58:21 - [TEST_STEP][PASSED] - println(PercFactR): null

22-11-2024T02:58:21 - [TEST_STEP][PASSED] - println(PercFactB): null

22-11-2024T02:58:21 - [TEST_STEP][PASSED] - println(tabR): null

22-11-2024T02:58:21 - [TEST_STEP][PASSED] - println(tabB): null

22-11-2024T02:58:21 - [TEST_STEP][PASSED] - println(o1R): null

22-11-2024T02:58:21 - [TEST_STEP][PASSED] - println(o1B): null

22-11-2024T02:58:21 - [TEST_STEP][PASSED] - PR = <not implemented yet for class: org.codehaus.groovy.ast.expr.EmptyExpression>: null

22-11-2024T02:58:21 - [TEST_STEP][PASSED] - FR = <not implemented yet for class: org.codehaus.groovy.ast.expr.EmptyExpression>: null

22-11-2024T02:58:21 - [TEST_STEP][PASSED] - PB = <not implemented yet for class: org.codehaus.groovy.ast.expr.EmptyExpression>: null

22-11-2024T02:58:21 - [TEST_STEP][PASSED] - FB = <not implemented yet for class: org.codehaus.groovy.ast.expr.EmptyExpression>: null

22-11-2024T02:58:21 - [TEST_STEP][PASSED] - TR = <not implemented yet for class: org.codehaus.groovy.ast.expr.EmptyExpression>: null

22-11-2024T02:58:21 - [TEST_STEP][PASSED] - TB = <not implemented yet for class: org.codehaus.groovy.ast.expr.EmptyExpression>: null

22-11-2024T02:58:21 - [TEST_STEP][PASSED] - sheetName = "Sheet1": null

22-11-2024T02:58:21 - [TEST_STEP][PASSED] - data = findTestData("PlanFact"): null

22-11-2024T02:58:21 - [TEST_STEP][PASSED] - n = data.getRowNumbers() + 1: null

22-11-2024T02:58:21 - [TEST_STEP][PASSED] - year = todaysDate.substring(todaysDate.length() - 4, todaysDate.length()): null

22-11-2024T02:58:21 - [TEST_STEP][PASSED] - y = year.toInteger(): null

22-11-2024T02:58:21 - [TEST_STEP][PASSED] - m = getText(findTestObject("Выполнение бизнес-плана/Выполнение бизнес-плана Балансы/Фильтр Дата")): Text of object 'Object Repository/Выполнение бизнес-плана/Выполнение бизнес-плана Балансы/Фильтр Дата' is: '1, 2, 3 кв. 2024 года'

22-11-2024T02:58:21 - [MESSAGE][PASSED] - Text of object 'Object Repository/Выполнение бизнес-плана/Выполнение бизнес-плана Балансы/Фильтр Дата' is: '1, 2, 3 кв. 2024 года'

22-11-2024T02:58:21 - [TEST_STEP][PASSED] - m = m.substring(0, m.indexOf("2024")): null

22-11-2024T02:58:21 - [TEST_STEP][PASSED] - m = m.trim(): null

22-11-2024T02:58:21 - [TEST_STEP][PASSED] - dashboardName = "Выполнение бизнес-плана": null

22-11-2024T02:58:21 - [TEST_STEP][PASSED] - workbook01 = getWorkbook(excelFilePath): null

22-11-2024T02:58:21 - [TEST_STEP][PASSED] - sheet01 = getExcelSheet(workbook01, sheetName): null

22-11-2024T02:58:21 - [TEST_STEP][PASSED] - setValueToCellByIndex(sheet01, n, 0, dashboardName): null

22-11-2024T02:58:21 - [TEST_STEP][PASSED] - setValueToCellByIndex(sheet01, n, 1, dZO): null

22-11-2024T02:58:21 - [TEST_STEP][PASSED] - setValueToCellByIndex(sheet01, n, 2, typeOfData): null

22-11-2024T02:58:21 - [TEST_STEP][PASSED] - setValueToCellByIndex(sheet01, n, 3, typeOfData): null

22-11-2024T02:58:21 - [TEST_STEP][PASSED] - if (typeOfData == "План"): null

22-11-2024T02:58:21 - [TEST_STEP][PASSED] - else if (typeOfData == "Факт"): null

22-11-2024T02:58:21 - [TEST_STEP][PASSED] - else if (vidget.contains("электроэнергии") == true): null

22-11-2024T02:58:21 - [TEST_STEP][PASSED] - else: null

22-11-2024T02:58:21 - [TEST_STEP][PASSED] - if (o1R == null): null

22-11-2024T02:58:21 - [TEST_STEP][PASSED] - else: null

22-11-2024T02:58:21 - [TEST_STEP][PASSED] - if (o1R == "нет данных"): null

22-11-2024T02:58:21 - [TEST_STEP][PASSED] - setValueToCellByIndex(sheet01, n, 4, "нет данных"): null

22-11-2024T02:58:21 - [TEST_STEP][PASSED] - if (o1B == null): null

22-11-2024T02:58:21 - [TEST_STEP][PASSED] - else: null

22-11-2024T02:58:21 - [TEST_STEP][PASSED] - if (o1B == "нет данных"): null

22-11-2024T02:58:21 - [TEST_STEP][PASSED] - else: null

22-11-2024T02:58:21 - [TEST_STEP][PASSED] - FB = o1B.toDouble(): null

22-11-2024T02:58:21 - [TEST_STEP][PASSED] - setValueToCellByIndex(sheet01, n, 5, FB): null

22-11-2024T02:58:21 - [TEST_STEP][PASSED] - setValueToCellByIndex(sheet01, n, 6, m): null

22-11-2024T02:58:21 - [TEST_STEP][PASSED] - setValueToCellByIndex(sheet01, n, 7, y): null

22-11-2024T02:58:21 - [TEST_STEP][PASSED] - setValueToCellByIndex(sheet01, n, 8, todaysDate): null

22-11-2024T02:58:21 - [TEST_STEP][PASSED] - n = n + 1: null

22-11-2024T02:58:21 - [TEST_STEP][FAILED] - saveWorkbook(excelFilePath, workbook01): null

22-11-2024T02:58:21 - [TEST_STEP][PASSED] - if (verifyEqual(sKR, sKB) == false): Actual object 'Россети Северный Кавказ (ГК)/23.70/27.54/17367779/12584601/4783177/16300204/12437092/3863112/3.84' and expected object 'Россети Северный Кавказ (ГК)/23.70/27.54/17367779/12584601/4783177/16300204/12437092/3863112/3.84' are equal

22-11-2024T02:58:21 - [MESSAGE][PASSED] - Actual object 'Россети Северный Кавказ (ГК)/23.70/27.54/17367779/12584601/4783177/16300204/12437092/3863112/3.84' and expected object 'Россети Северный Кавказ (ГК)/23.70/27.54/17367779/12584601/4783177/16300204/12437092/3863112/3.84' are equal

22-11-2024T02:58:21 - [TEST_STEP][FAILED] - if (verifyEqual(sZR, sZB) == false): null

22-11-2024T02:58:21 - [MESSAGE][FAILED] - Unable to verify equal between actual object 'Россети Северо-Запад/нет данных/нет данных/нет данных/нет данных/нет данных/нет данных/нет данных/нет данных/нет данных' and expected object 'Россети Северо-Запад/5.51/5.16/24700231/23426892/1273339/24254952/22919434/1335518/-0.35' (Root cause: com.kms.katalon.core.exception.StepFailedException: Actual object 'Россети Северо-Запад/нет данных/нет данных/нет данных/нет данных/нет данных/нет данных/нет данных/нет данных/нет данных' and expected object 'Россети Северо-Запад/5.51/5.16/24700231/23426892/1273339/24254952/22919434/1335518/-0.35' are not equal
	at com.kms.katalon.core.keyword.builtin.VerifyEqualKeyword$_verifyEqual_closure1.doCall(VerifyEqualKeyword.groovy:58)
	at com.kms.katalon.core.keyword.builtin.VerifyEqualKeyword$_verifyEqual_closure1.call(VerifyEqualKeyword.groovy)
	at com.kms.katalon.core.keyword.internal.KeywordMain.runKeyword(KeywordMain.groovy:75)
	at com.kms.katalon.core.keyword.builtin.VerifyEqualKeyword.verifyEqual(VerifyEqualKeyword.groovy:63)
	at com.kms.katalon.core.keyword.builtin.VerifyEqualKeyword.execute(VerifyEqualKeyword.groovy:44)
	at com.kms.katalon.core.keyword.internal.KeywordExecutor.executeKeywordForPlatform(KeywordExecutor.groovy:74)
	at com.kms.katalon.core.keyword.BuiltinKeywords.verifyEqual(BuiltinKeywords.groovy:146)
	at jdk.internal.reflect.GeneratedMethodAccessor25.invoke(Unknown Source)
	at java.base/jdk.internal.reflect.DelegatingMethodAccessorImpl.invoke(DelegatingMethodAccessorImpl.java:43)
	at Выполнение бизнес-плана сверка дашбордов.run(Выполнение бизнес-плана сверка дашбордов:622)
	at com.kms.katalon.core.main.ScriptEngine.run(ScriptEngine.java:194)
	at com.kms.katalon.core.main.ScriptEngine.runScriptAsRawText(ScriptEngine.java:119)
	at com.kms.katalon.core.main.TestCaseExecutor.runScript(TestCaseExecutor.java:448)
	at com.kms.katalon.core.main.TestCaseExecutor.doExecute(TestCaseExecutor.java:439)
	at com.kms.katalon.core.main.TestCaseExecutor.processExecutionPhase(TestCaseExecutor.java:418)
	at com.kms.katalon.core.main.TestCaseExecutor.accessMainPhase(TestCaseExecutor.java:410)
	at com.kms.katalon.core.main.TestCaseExecutor.execute(TestCaseExecutor.java:285)
	at com.kms.katalon.core.common.CommonExecutor.accessTestCaseMainPhase(CommonExecutor.java:65)
	at com.kms.katalon.core.main.TestSuiteExecutor.accessTestSuiteMainPhase(TestSuiteExecutor.java:150)
	at com.kms.katalon.core.main.TestSuiteExecutor.execute(TestSuiteExecutor.java:106)
	at com.kms.katalon.core.main.TestCaseMain.startTestSuite(TestCaseMain.java:180)
	at TempTestSuite1732232929817.run(TempTestSuite1732232929817.groovy:35)
	at java.base/jdk.internal.reflect.NativeMethodAccessorImpl.invoke0(Native Method)
	at java.base/jdk.internal.reflect.NativeMethodAccessorImpl.invoke(NativeMethodAccessorImpl.java:77)
	at java.base/jdk.internal.reflect.DelegatingMethodAccessorImpl.invoke(DelegatingMethodAccessorImpl.java:43)
)

22-11-2024T02:58:21 - [TEST_STEP][PASSED] - result = CompareDZOData(a = sZR, b = sZB, dZO, typeOfData, PercPlanR, PercPlanB, PercFactR, PercFactB, todaysDate, x, vidget, tabR, tabB, o1R, o1B): null

22-11-2024T02:58:21 - [TEST_STEP][PASSED] - ii2 = <not implemented yet for class: org.codehaus.groovy.ast.expr.EmptyExpression>: null

22-11-2024T02:58:21 - [TEST_STEP][FAILED] - if (verifyEqual(a, b) == false): null

22-11-2024T02:58:21 - [MESSAGE][FAILED] - Unable to verify equal between actual object 'Россети Северо-Запад/нет данных/нет данных/нет данных/нет данных/нет данных/нет данных/нет данных/нет данных/нет данных' and expected object 'Россети Северо-Запад/5.51/5.16/24700231/23426892/1273339/24254952/22919434/1335518/-0.35' (Root cause: com.kms.katalon.core.exception.StepFailedException: Actual object 'Россети Северо-Запад/нет данных/нет данных/нет данных/нет данных/нет данных/нет данных/нет данных/нет данных/нет данных' and expected object 'Россети Северо-Запад/5.51/5.16/24700231/23426892/1273339/24254952/22919434/1335518/-0.35' are not equal
	at com.kms.katalon.core.keyword.builtin.VerifyEqualKeyword$_verifyEqual_closure1.doCall(VerifyEqualKeyword.groovy:58)
	at com.kms.katalon.core.keyword.builtin.VerifyEqualKeyword$_verifyEqual_closure1.call(VerifyEqualKeyword.groovy)
	at com.kms.katalon.core.keyword.internal.KeywordMain.runKeyword(KeywordMain.groovy:75)
	at com.kms.katalon.core.keyword.builtin.VerifyEqualKeyword.verifyEqual(VerifyEqualKeyword.groovy:63)
	at com.kms.katalon.core.keyword.builtin.VerifyEqualKeyword.execute(VerifyEqualKeyword.groovy:44)
	at com.kms.katalon.core.keyword.internal.KeywordExecutor.executeKeywordForPlatform(KeywordExecutor.groovy:74)
	at com.kms.katalon.core.keyword.BuiltinKeywords.verifyEqual(BuiltinKeywords.groovy:146)
	at jdk.internal.reflect.GeneratedMethodAccessor25.invoke(Unknown Source)
	at java.base/jdk.internal.reflect.DelegatingMethodAccessorImpl.invoke(DelegatingMethodAccessorImpl.java:43)
	at Выполнение бизнес-плана сверка дашбордов.CompareDZOData(Выполнение бизнес-плана сверка дашбордов:673)
	at Выполнение бизнес-плана сверка дашбордов.run(Выполнение бизнес-плана сверка дашбордов:623)
	at com.kms.katalon.core.main.ScriptEngine.run(ScriptEngine.java:194)
	at com.kms.katalon.core.main.ScriptEngine.runScriptAsRawText(ScriptEngine.java:119)
	at com.kms.katalon.core.main.TestCaseExecutor.runScript(TestCaseExecutor.java:448)
	at com.kms.katalon.core.main.TestCaseExecutor.doExecute(TestCaseExecutor.java:439)
	at com.kms.katalon.core.main.TestCaseExecutor.processExecutionPhase(TestCaseExecutor.java:418)
	at com.kms.katalon.core.main.TestCaseExecutor.accessMainPhase(TestCaseExecutor.java:410)
	at com.kms.katalon.core.main.TestCaseExecutor.execute(TestCaseExecutor.java:285)
	at com.kms.katalon.core.common.CommonExecutor.accessTestCaseMainPhase(CommonExecutor.java:65)
	at com.kms.katalon.core.main.TestSuiteExecutor.accessTestSuiteMainPhase(TestSuiteExecutor.java:150)
	at com.kms.katalon.core.main.TestSuiteExecutor.execute(TestSuiteExecutor.java:106)
	at com.kms.katalon.core.main.TestCaseMain.startTestSuite(TestCaseMain.java:180)
	at TempTestSuite1732232929817.run(TempTestSuite1732232929817.groovy:35)
	at java.base/jdk.internal.reflect.NativeMethodAccessorImpl.invoke0(Native Method)
	at java.base/jdk.internal.reflect.NativeMethodAccessorImpl.invoke(NativeMethodAccessorImpl.java:77)
	at java.base/jdk.internal.reflect.DelegatingMethodAccessorImpl.invoke(DelegatingMethodAccessorImpl.java:43)
)

22-11-2024T02:58:21 - [TEST_STEP][PASSED] - vidget = "Уровень потерь электроэнергии": null

22-11-2024T02:58:21 - [TEST_STEP][PASSED] - typeOfData = "План": null

22-11-2024T02:58:21 - [TEST_STEP][PASSED] - PercPlanR = GetPercPlanR(x = a): null

22-11-2024T02:58:21 - [TEST_STEP][PASSED] - i1 = <not implemented yet for class: org.codehaus.groovy.ast.expr.EmptyExpression>: null

22-11-2024T02:58:21 - [TEST_STEP][PASSED] - i1 = x.indexOf("/") + 1: null

22-11-2024T02:58:21 - [TEST_STEP][PASSED] - if (i1 > -1): null

22-11-2024T02:58:21 - [TEST_STEP][PASSED] - x = x.substring(i1, x.length()): null

22-11-2024T02:58:21 - [TEST_STEP][PASSED] - i1 = x.indexOf("/"): null

22-11-2024T02:58:21 - [TEST_STEP][PASSED] - if (i1 > -1): null

22-11-2024T02:58:21 - [TEST_STEP][PASSED] - x = x.substring(0, i1): null

22-11-2024T02:58:21 - [TEST_STEP][PASSED] - return x: null

22-11-2024T02:58:21 - [TEST_STEP][PASSED] - PercPlanB = GetPercPlanB(x = b): null

22-11-2024T02:58:21 - [TEST_STEP][PASSED] - i1 = <not implemented yet for class: org.codehaus.groovy.ast.expr.EmptyExpression>: null

22-11-2024T02:58:21 - [TEST_STEP][PASSED] - i1 = x.indexOf("/") + 1: null

22-11-2024T02:58:21 - [TEST_STEP][PASSED] - if (i1 > -1): null

22-11-2024T02:58:21 - [TEST_STEP][PASSED] - x = x.substring(i1, x.length()): null

22-11-2024T02:58:21 - [TEST_STEP][PASSED] - i1 = x.indexOf("/"): null

22-11-2024T02:58:21 - [TEST_STEP][PASSED] - if (i1 > -1): null

22-11-2024T02:58:21 - [TEST_STEP][PASSED] - x = x.substring(0, i1): null

22-11-2024T02:58:21 - [TEST_STEP][FAILED] - return x: null

22-11-2024T02:58:21 - [TEST_STEP][FAILED] - if (verifyEqual(PercPlanR, PercPlanB) == false): null

22-11-2024T02:58:21 - [MESSAGE][FAILED] - Unable to verify equal between actual object 'нет данных' and expected object '5.51' (Root cause: com.kms.katalon.core.exception.StepFailedException: Actual object 'нет данных' and expected object '5.51' are not equal
	at com.kms.katalon.core.keyword.builtin.VerifyEqualKeyword$_verifyEqual_closure1.doCall(VerifyEqualKeyword.groovy:58)
	at com.kms.katalon.core.keyword.builtin.VerifyEqualKeyword$_verifyEqual_closure1.call(VerifyEqualKeyword.groovy)
	at com.kms.katalon.core.keyword.internal.KeywordMain.runKeyword(KeywordMain.groovy:75)
	at com.kms.katalon.core.keyword.builtin.VerifyEqualKeyword.verifyEqual(VerifyEqualKeyword.groovy:63)
	at com.kms.katalon.core.keyword.builtin.VerifyEqualKeyword.execute(VerifyEqualKeyword.groovy:44)
	at com.kms.katalon.core.keyword.internal.KeywordExecutor.executeKeywordForPlatform(KeywordExecutor.groovy:74)
	at com.kms.katalon.core.keyword.BuiltinKeywords.verifyEqual(BuiltinKeywords.groovy:146)
	at jdk.internal.reflect.GeneratedMethodAccessor25.invoke(Unknown Source)
	at java.base/jdk.internal.reflect.DelegatingMethodAccessorImpl.invoke(DelegatingMethodAccessorImpl.java:43)
	at Выполнение бизнес-плана сверка дашбордов.CompareDZOData(Выполнение бизнес-плана сверка дашбордов:682)
	at Выполнение бизнес-плана сверка дашбордов.run(Выполнение бизнес-плана сверка дашбордов:623)
	at com.kms.katalon.core.main.ScriptEngine.run(ScriptEngine.java:194)
	at com.kms.katalon.core.main.ScriptEngine.runScriptAsRawText(ScriptEngine.java:119)
	at com.kms.katalon.core.main.TestCaseExecutor.runScript(TestCaseExecutor.java:448)
	at com.kms.katalon.core.main.TestCaseExecutor.doExecute(TestCaseExecutor.java:439)
	at com.kms.katalon.core.main.TestCaseExecutor.processExecutionPhase(TestCaseExecutor.java:418)
	at com.kms.katalon.core.main.TestCaseExecutor.accessMainPhase(TestCaseExecutor.java:410)
	at com.kms.katalon.core.main.TestCaseExecutor.execute(TestCaseExecutor.java:285)
	at com.kms.katalon.core.common.CommonExecutor.accessTestCaseMainPhase(CommonExecutor.java:65)
	at com.kms.katalon.core.main.TestSuiteExecutor.accessTestSuiteMainPhase(TestSuiteExecutor.java:150)
	at com.kms.katalon.core.main.TestSuiteExecutor.execute(TestSuiteExecutor.java:106)
	at com.kms.katalon.core.main.TestCaseMain.startTestSuite(TestCaseMain.java:180)
	at TempTestSuite1732232929817.run(TempTestSuite1732232929817.groovy:35)
	at java.base/jdk.internal.reflect.NativeMethodAccessorImpl.invoke0(Native Method)
	at java.base/jdk.internal.reflect.NativeMethodAccessorImpl.invoke(NativeMethodAccessorImpl.java:77)
	at java.base/jdk.internal.reflect.DelegatingMethodAccessorImpl.invoke(DelegatingMethodAccessorImpl.java:43)
)

22-11-2024T02:58:21 - [TEST_STEP][PASSED] - result = WriteToExcel(typeOfData, todaysDate, PercPlanR, PercPlanB, PercFactR, PercFactB, x, tabR, tabB, o1R, o1B, vidget): null

22-11-2024T02:58:21 - [TEST_STEP][PASSED] - iii = dZO.indexOf("/"): null

22-11-2024T02:58:21 - [TEST_STEP][PASSED] - println(iii): null

22-11-2024T02:58:21 - [TEST_STEP][PASSED] - dZO = dZO.substring(0, iii): null

22-11-2024T02:58:21 - [TEST_STEP][PASSED] - println(dZO): null

22-11-2024T02:58:21 - [TEST_STEP][PASSED] - println(PercPlanR): null

22-11-2024T02:58:21 - [TEST_STEP][PASSED] - println(PercPlanB): null

22-11-2024T02:58:21 - [TEST_STEP][PASSED] - println(PercFactR): null

22-11-2024T02:58:21 - [TEST_STEP][PASSED] - println(PercFactB): null

22-11-2024T02:58:21 - [TEST_STEP][PASSED] - println(tabR): null

22-11-2024T02:58:21 - [TEST_STEP][PASSED] - println(tabB): null

22-11-2024T02:58:21 - [TEST_STEP][PASSED] - println(o1R): null

22-11-2024T02:58:21 - [TEST_STEP][PASSED] - println(o1B): null

22-11-2024T02:58:21 - [TEST_STEP][PASSED] - PR = <not implemented yet for class: org.codehaus.groovy.ast.expr.EmptyExpression>: null

22-11-2024T02:58:21 - [TEST_STEP][PASSED] - FR = <not implemented yet for class: org.codehaus.groovy.ast.expr.EmptyExpression>: null

22-11-2024T02:58:21 - [TEST_STEP][PASSED] - PB = <not implemented yet for class: org.codehaus.groovy.ast.expr.EmptyExpression>: null

22-11-2024T02:58:21 - [TEST_STEP][PASSED] - FB = <not implemented yet for class: org.codehaus.groovy.ast.expr.EmptyExpression>: null

22-11-2024T02:58:21 - [TEST_STEP][PASSED] - TR = <not implemented yet for class: org.codehaus.groovy.ast.expr.EmptyExpression>: null

22-11-2024T02:58:21 - [TEST_STEP][PASSED] - TB = <not implemented yet for class: org.codehaus.groovy.ast.expr.EmptyExpression>: null

22-11-2024T02:58:21 - [TEST_STEP][PASSED] - sheetName = "Sheet1": null

22-11-2024T02:58:21 - [TEST_STEP][PASSED] - data = findTestData("PlanFact"): null

22-11-2024T02:58:21 - [TEST_STEP][PASSED] - n = data.getRowNumbers() + 1: null

22-11-2024T02:58:21 - [TEST_STEP][PASSED] - year = todaysDate.substring(todaysDate.length() - 4, todaysDate.length()): null

22-11-2024T02:58:21 - [TEST_STEP][PASSED] - y = year.toInteger(): null

22-11-2024T02:58:21 - [TEST_STEP][PASSED] - m = getText(findTestObject("Выполнение бизнес-плана/Выполнение бизнес-плана Балансы/Фильтр Дата")): Text of object 'Object Repository/Выполнение бизнес-плана/Выполнение бизнес-плана Балансы/Фильтр Дата' is: '1, 2, 3 кв. 2024 года'

22-11-2024T02:58:22 - [MESSAGE][PASSED] - Text of object 'Object Repository/Выполнение бизнес-плана/Выполнение бизнес-плана Балансы/Фильтр Дата' is: '1, 2, 3 кв. 2024 года'

22-11-2024T02:58:22 - [TEST_STEP][PASSED] - m = m.substring(0, m.indexOf("2024")): null

22-11-2024T02:58:22 - [TEST_STEP][PASSED] - m = m.trim(): null

22-11-2024T02:58:22 - [TEST_STEP][PASSED] - dashboardName = "Выполнение бизнес-плана": null

22-11-2024T02:58:22 - [TEST_STEP][PASSED] - workbook01 = getWorkbook(excelFilePath): null

22-11-2024T02:58:22 - [TEST_STEP][PASSED] - sheet01 = getExcelSheet(workbook01, sheetName): null

22-11-2024T02:58:22 - [TEST_STEP][PASSED] - setValueToCellByIndex(sheet01, n, 0, dashboardName): null

22-11-2024T02:58:22 - [TEST_STEP][PASSED] - setValueToCellByIndex(sheet01, n, 1, dZO): null

22-11-2024T02:58:22 - [TEST_STEP][PASSED] - setValueToCellByIndex(sheet01, n, 2, typeOfData): null

22-11-2024T02:58:22 - [TEST_STEP][PASSED] - setValueToCellByIndex(sheet01, n, 3, typeOfData): null

22-11-2024T02:58:22 - [TEST_STEP][PASSED] - if (typeOfData == "План"): null

22-11-2024T02:58:22 - [TEST_STEP][PASSED] - if (PercPlanR == null): null

22-11-2024T02:58:22 - [TEST_STEP][PASSED] - else: null

22-11-2024T02:58:22 - [TEST_STEP][PASSED] - if (PercPlanR == "нет данных"): null

22-11-2024T02:58:22 - [TEST_STEP][PASSED] - setValueToCellByIndex(sheet01, n, 4, "нет данных"): null

22-11-2024T02:58:22 - [TEST_STEP][PASSED] - if (PercPlanB == null): null

22-11-2024T02:58:22 - [TEST_STEP][PASSED] - else: null

22-11-2024T02:58:22 - [TEST_STEP][PASSED] - if (PercPlanB == "нет данных"): null

22-11-2024T02:58:22 - [TEST_STEP][PASSED] - else: null

22-11-2024T02:58:22 - [TEST_STEP][PASSED] - PB = PercPlanB.toDouble(): null

22-11-2024T02:58:22 - [TEST_STEP][PASSED] - setValueToCellByIndex(sheet01, n, 5, PB): null

22-11-2024T02:58:22 - [TEST_STEP][PASSED] - setValueToCellByIndex(sheet01, n, 6, m): null

22-11-2024T02:58:22 - [TEST_STEP][PASSED] - setValueToCellByIndex(sheet01, n, 7, y): null

22-11-2024T02:58:22 - [TEST_STEP][PASSED] - setValueToCellByIndex(sheet01, n, 8, todaysDate): null

22-11-2024T02:58:22 - [TEST_STEP][PASSED] - n = n + 1: null

22-11-2024T02:58:22 - [TEST_STEP][PASSED] - saveWorkbook(excelFilePath, workbook01): null

22-11-2024T02:58:22 - [TEST_STEP][PASSED] - typeOfData = "Факт": null

22-11-2024T02:58:22 - [TEST_STEP][PASSED] - PercFactR = GetPercFactR(x = a): null

22-11-2024T02:58:22 - [TEST_STEP][PASSED] - i1 = <not implemented yet for class: org.codehaus.groovy.ast.expr.EmptyExpression>: null

22-11-2024T02:58:22 - [TEST_STEP][PASSED] - ii = <not implemented yet for class: org.codehaus.groovy.ast.expr.EmptyExpression>: null

22-11-2024T02:58:22 - [TEST_STEP][PASSED] - for ([ii = 1, ii < 3, (ii++)]): null

22-11-2024T02:58:22 - [TEST_STEP][PASSED] - i1 = x.indexOf("/") + 1: null

22-11-2024T02:58:22 - [TEST_STEP][PASSED] - if (i1 > -1): null

22-11-2024T02:58:22 - [TEST_STEP][PASSED] - x = x.substring(i1, x.length()): null

22-11-2024T02:58:22 - [TEST_STEP][PASSED] - println(x): null

22-11-2024T02:58:22 - [TEST_STEP][PASSED] - i1 = x.indexOf("/") + 1: null

22-11-2024T02:58:22 - [TEST_STEP][PASSED] - if (i1 > -1): null

22-11-2024T02:58:22 - [TEST_STEP][PASSED] - x = x.substring(i1, x.length()): null

22-11-2024T02:58:22 - [TEST_STEP][PASSED] - println(x): null

22-11-2024T02:58:22 - [TEST_STEP][PASSED] - i1 = x.indexOf("/"): null

22-11-2024T02:58:22 - [TEST_STEP][PASSED] - if (i1 > -1): null

22-11-2024T02:58:22 - [TEST_STEP][PASSED] - x = x.substring(0, i1): null

22-11-2024T02:58:22 - [TEST_STEP][PASSED] - println(x): null

22-11-2024T02:58:22 - [TEST_STEP][PASSED] - return x: null

22-11-2024T02:58:22 - [TEST_STEP][PASSED] - PercFactB = GetPercFactB(x = b): null

22-11-2024T02:58:22 - [TEST_STEP][PASSED] - i1 = <not implemented yet for class: org.codehaus.groovy.ast.expr.EmptyExpression>: null

22-11-2024T02:58:22 - [TEST_STEP][PASSED] - ii = <not implemented yet for class: org.codehaus.groovy.ast.expr.EmptyExpression>: null

22-11-2024T02:58:22 - [TEST_STEP][PASSED] - for ([ii = 1, ii < 3, (ii++)]): null

22-11-2024T02:58:22 - [TEST_STEP][PASSED] - i1 = x.indexOf("/") + 1: null

22-11-2024T02:58:22 - [TEST_STEP][PASSED] - if (i1 > -1): null

22-11-2024T02:58:22 - [TEST_STEP][PASSED] - x = x.substring(i1, x.length()): null

22-11-2024T02:58:22 - [TEST_STEP][PASSED] - println(x): null

22-11-2024T02:58:22 - [TEST_STEP][PASSED] - i1 = x.indexOf("/") + 1: null

22-11-2024T02:58:22 - [TEST_STEP][PASSED] - if (i1 > -1): null

22-11-2024T02:58:22 - [TEST_STEP][PASSED] - x = x.substring(i1, x.length()): null

22-11-2024T02:58:22 - [TEST_STEP][PASSED] - println(x): null

22-11-2024T02:58:22 - [TEST_STEP][PASSED] - i1 = x.indexOf("/"): null

22-11-2024T02:58:22 - [TEST_STEP][PASSED] - if (i1 > -1): null

22-11-2024T02:58:22 - [TEST_STEP][PASSED] - x = x.substring(0, i1): null

22-11-2024T02:58:22 - [TEST_STEP][PASSED] - println(x): null

22-11-2024T02:58:22 - [TEST_STEP][FAILED] - return x: null

22-11-2024T02:58:22 - [TEST_STEP][FAILED] - if (verifyEqual(PercFactR, PercFactB) == false): null

22-11-2024T02:58:22 - [MESSAGE][FAILED] - Unable to verify equal between actual object 'нет данных' and expected object '5.16' (Root cause: com.kms.katalon.core.exception.StepFailedException: Actual object 'нет данных' and expected object '5.16' are not equal
	at com.kms.katalon.core.keyword.builtin.VerifyEqualKeyword$_verifyEqual_closure1.doCall(VerifyEqualKeyword.groovy:58)
	at com.kms.katalon.core.keyword.builtin.VerifyEqualKeyword$_verifyEqual_closure1.call(VerifyEqualKeyword.groovy)
	at com.kms.katalon.core.keyword.internal.KeywordMain.runKeyword(KeywordMain.groovy:75)
	at com.kms.katalon.core.keyword.builtin.VerifyEqualKeyword.verifyEqual(VerifyEqualKeyword.groovy:63)
	at com.kms.katalon.core.keyword.builtin.VerifyEqualKeyword.execute(VerifyEqualKeyword.groovy:44)
	at com.kms.katalon.core.keyword.internal.KeywordExecutor.executeKeywordForPlatform(KeywordExecutor.groovy:74)
	at com.kms.katalon.core.keyword.BuiltinKeywords.verifyEqual(BuiltinKeywords.groovy:146)
	at jdk.internal.reflect.GeneratedMethodAccessor25.invoke(Unknown Source)
	at java.base/jdk.internal.reflect.DelegatingMethodAccessorImpl.invoke(DelegatingMethodAccessorImpl.java:43)
	at Выполнение бизнес-плана сверка дашбордов.CompareDZOData(Выполнение бизнес-плана сверка дашбордов:693)
	at Выполнение бизнес-плана сверка дашбордов.run(Выполнение бизнес-плана сверка дашбордов:623)
	at com.kms.katalon.core.main.ScriptEngine.run(ScriptEngine.java:194)
	at com.kms.katalon.core.main.ScriptEngine.runScriptAsRawText(ScriptEngine.java:119)
	at com.kms.katalon.core.main.TestCaseExecutor.runScript(TestCaseExecutor.java:448)
	at com.kms.katalon.core.main.TestCaseExecutor.doExecute(TestCaseExecutor.java:439)
	at com.kms.katalon.core.main.TestCaseExecutor.processExecutionPhase(TestCaseExecutor.java:418)
	at com.kms.katalon.core.main.TestCaseExecutor.accessMainPhase(TestCaseExecutor.java:410)
	at com.kms.katalon.core.main.TestCaseExecutor.execute(TestCaseExecutor.java:285)
	at com.kms.katalon.core.common.CommonExecutor.accessTestCaseMainPhase(CommonExecutor.java:65)
	at com.kms.katalon.core.main.TestSuiteExecutor.accessTestSuiteMainPhase(TestSuiteExecutor.java:150)
	at com.kms.katalon.core.main.TestSuiteExecutor.execute(TestSuiteExecutor.java:106)
	at com.kms.katalon.core.main.TestCaseMain.startTestSuite(TestCaseMain.java:180)
	at TempTestSuite1732232929817.run(TempTestSuite1732232929817.groovy:35)
	at java.base/jdk.internal.reflect.NativeMethodAccessorImpl.invoke0(Native Method)
	at java.base/jdk.internal.reflect.NativeMethodAccessorImpl.invoke(NativeMethodAccessorImpl.java:77)
	at java.base/jdk.internal.reflect.DelegatingMethodAccessorImpl.invoke(DelegatingMethodAccessorImpl.java:43)
)

22-11-2024T02:58:22 - [TEST_STEP][PASSED] - result = WriteToExcel(typeOfData, todaysDate, PercPlanR, PercPlanB, PercFactR, PercFactB, x, tabR, tabB, o1R, o1B, vidget): null

22-11-2024T02:58:22 - [TEST_STEP][PASSED] - iii = dZO.indexOf("/"): null

22-11-2024T02:58:22 - [TEST_STEP][PASSED] - println(iii): null

22-11-2024T02:58:22 - [TEST_STEP][PASSED] - dZO = dZO.substring(0, iii): null

22-11-2024T02:58:22 - [TEST_STEP][PASSED] - println(dZO): null

22-11-2024T02:58:22 - [TEST_STEP][PASSED] - println(PercPlanR): null

22-11-2024T02:58:22 - [TEST_STEP][PASSED] - println(PercPlanB): null

22-11-2024T02:58:22 - [TEST_STEP][PASSED] - println(PercFactR): null

22-11-2024T02:58:22 - [TEST_STEP][PASSED] - println(PercFactB): null

22-11-2024T02:58:22 - [TEST_STEP][PASSED] - println(tabR): null

22-11-2024T02:58:22 - [TEST_STEP][PASSED] - println(tabB): null

22-11-2024T02:58:22 - [TEST_STEP][PASSED] - println(o1R): null

22-11-2024T02:58:22 - [TEST_STEP][PASSED] - println(o1B): null

22-11-2024T02:58:22 - [TEST_STEP][PASSED] - PR = <not implemented yet for class: org.codehaus.groovy.ast.expr.EmptyExpression>: null

22-11-2024T02:58:22 - [TEST_STEP][PASSED] - FR = <not implemented yet for class: org.codehaus.groovy.ast.expr.EmptyExpression>: null

22-11-2024T02:58:22 - [TEST_STEP][PASSED] - PB = <not implemented yet for class: org.codehaus.groovy.ast.expr.EmptyExpression>: null

22-11-2024T02:58:22 - [TEST_STEP][PASSED] - FB = <not implemented yet for class: org.codehaus.groovy.ast.expr.EmptyExpression>: null

22-11-2024T02:58:22 - [TEST_STEP][PASSED] - TR = <not implemented yet for class: org.codehaus.groovy.ast.expr.EmptyExpression>: null

22-11-2024T02:58:22 - [TEST_STEP][PASSED] - TB = <not implemented yet for class: org.codehaus.groovy.ast.expr.EmptyExpression>: null

22-11-2024T02:58:22 - [TEST_STEP][PASSED] - sheetName = "Sheet1": null

22-11-2024T02:58:22 - [TEST_STEP][PASSED] - data = findTestData("PlanFact"): null

22-11-2024T02:58:22 - [TEST_STEP][PASSED] - n = data.getRowNumbers() + 1: null

22-11-2024T02:58:22 - [TEST_STEP][PASSED] - year = todaysDate.substring(todaysDate.length() - 4, todaysDate.length()): null

22-11-2024T02:58:22 - [TEST_STEP][PASSED] - y = year.toInteger(): null

22-11-2024T02:58:22 - [TEST_STEP][PASSED] - m = getText(findTestObject("Выполнение бизнес-плана/Выполнение бизнес-плана Балансы/Фильтр Дата")): Text of object 'Object Repository/Выполнение бизнес-плана/Выполнение бизнес-плана Балансы/Фильтр Дата' is: '1, 2, 3 кв. 2024 года'

22-11-2024T02:58:22 - [MESSAGE][PASSED] - Text of object 'Object Repository/Выполнение бизнес-плана/Выполнение бизнес-плана Балансы/Фильтр Дата' is: '1, 2, 3 кв. 2024 года'

22-11-2024T02:58:22 - [TEST_STEP][PASSED] - m = m.substring(0, m.indexOf("2024")): null

22-11-2024T02:58:22 - [TEST_STEP][PASSED] - m = m.trim(): null

22-11-2024T02:58:22 - [TEST_STEP][PASSED] - dashboardName = "Выполнение бизнес-плана": null

22-11-2024T02:58:22 - [TEST_STEP][PASSED] - workbook01 = getWorkbook(excelFilePath): null

22-11-2024T02:58:22 - [TEST_STEP][PASSED] - sheet01 = getExcelSheet(workbook01, sheetName): null

22-11-2024T02:58:22 - [TEST_STEP][PASSED] - setValueToCellByIndex(sheet01, n, 0, dashboardName): null

22-11-2024T02:58:22 - [TEST_STEP][PASSED] - setValueToCellByIndex(sheet01, n, 1, dZO): null

22-11-2024T02:58:22 - [TEST_STEP][PASSED] - setValueToCellByIndex(sheet01, n, 2, typeOfData): null

22-11-2024T02:58:22 - [TEST_STEP][PASSED] - setValueToCellByIndex(sheet01, n, 3, typeOfData): null

22-11-2024T02:58:22 - [TEST_STEP][PASSED] - if (typeOfData == "План"): null

22-11-2024T02:58:22 - [TEST_STEP][PASSED] - else if (typeOfData == "Факт"): null

22-11-2024T02:58:22 - [TEST_STEP][PASSED] - if (PercFactR == null): null

22-11-2024T02:58:22 - [TEST_STEP][PASSED] - else: null

22-11-2024T02:58:22 - [TEST_STEP][PASSED] - if (PercFactR == "нет данных"): null

22-11-2024T02:58:22 - [TEST_STEP][PASSED] - setValueToCellByIndex(sheet01, n, 4, "нет данных"): null

22-11-2024T02:58:22 - [TEST_STEP][PASSED] - if (PercFactB == null): null

22-11-2024T02:58:22 - [TEST_STEP][PASSED] - else: null

22-11-2024T02:58:22 - [TEST_STEP][PASSED] - if (PercFactB == "нет данных"): null

22-11-2024T02:58:22 - [TEST_STEP][PASSED] - else: null

22-11-2024T02:58:22 - [TEST_STEP][PASSED] - FB = PercFactB.toDouble(): null

22-11-2024T02:58:22 - [TEST_STEP][PASSED] - setValueToCellByIndex(sheet01, n, 5, FB): null

22-11-2024T02:58:22 - [TEST_STEP][PASSED] - setValueToCellByIndex(sheet01, n, 6, m): null

22-11-2024T02:58:22 - [TEST_STEP][PASSED] - setValueToCellByIndex(sheet01, n, 7, y): null

22-11-2024T02:58:22 - [TEST_STEP][PASSED] - setValueToCellByIndex(sheet01, n, 8, todaysDate): null

22-11-2024T02:58:22 - [TEST_STEP][PASSED] - n = n + 1: null

22-11-2024T02:58:22 - [TEST_STEP][PASSED] - saveWorkbook(excelFilePath, workbook01): null

22-11-2024T02:58:23 - [TEST_STEP][PASSED] - vidget = "Показатели баланса электроэнергии по ДЗО – Факт": null

22-11-2024T02:58:23 - [TEST_STEP][PASSED] - typeOfData = "Факт Отпуск в сеть": null

22-11-2024T02:58:23 - [TEST_STEP][PASSED] - tabR = GetOvSFactR(x = a): null

22-11-2024T02:58:23 - [TEST_STEP][PASSED] - i1 = <not implemented yet for class: org.codehaus.groovy.ast.expr.EmptyExpression>: null

22-11-2024T02:58:23 - [TEST_STEP][PASSED] - ii = <not implemented yet for class: org.codehaus.groovy.ast.expr.EmptyExpression>: null

22-11-2024T02:58:23 - [TEST_STEP][PASSED] - for ([ii = 1, ii < 4, (ii++)]): null

22-11-2024T02:58:23 - [TEST_STEP][PASSED] - i1 = x.indexOf("/") + 1: null

22-11-2024T02:58:23 - [TEST_STEP][PASSED] - if (i1 > -1): null

22-11-2024T02:58:23 - [TEST_STEP][PASSED] - x = x.substring(i1, x.length()): null

22-11-2024T02:58:23 - [TEST_STEP][PASSED] - println(x): null

22-11-2024T02:58:23 - [TEST_STEP][PASSED] - i1 = x.indexOf("/") + 1: null

22-11-2024T02:58:23 - [TEST_STEP][PASSED] - if (i1 > -1): null

22-11-2024T02:58:23 - [TEST_STEP][PASSED] - x = x.substring(i1, x.length()): null

22-11-2024T02:58:23 - [TEST_STEP][PASSED] - println(x): null

22-11-2024T02:58:23 - [TEST_STEP][PASSED] - i1 = x.indexOf("/") + 1: null

22-11-2024T02:58:23 - [TEST_STEP][PASSED] - if (i1 > -1): null

22-11-2024T02:58:23 - [TEST_STEP][PASSED] - x = x.substring(i1, x.length()): null

22-11-2024T02:58:23 - [TEST_STEP][PASSED] - println(x): null

22-11-2024T02:58:23 - [TEST_STEP][PASSED] - i1 = x.indexOf("/"): null

22-11-2024T02:58:23 - [TEST_STEP][PASSED] - if (i1 > -1): null

22-11-2024T02:58:23 - [TEST_STEP][PASSED] - x = x.substring(0, i1): null

22-11-2024T02:58:23 - [TEST_STEP][PASSED] - println(x): null

22-11-2024T02:58:23 - [TEST_STEP][PASSED] - return x: null

22-11-2024T02:58:23 - [TEST_STEP][PASSED] - tabB = GetOvSFactB(x = b): null

22-11-2024T02:58:23 - [TEST_STEP][PASSED] - i1 = <not implemented yet for class: org.codehaus.groovy.ast.expr.EmptyExpression>: null

22-11-2024T02:58:23 - [TEST_STEP][PASSED] - ii = <not implemented yet for class: org.codehaus.groovy.ast.expr.EmptyExpression>: null

22-11-2024T02:58:23 - [TEST_STEP][PASSED] - for ([ii = 1, ii < 4, (ii++)]): null

22-11-2024T02:58:23 - [TEST_STEP][PASSED] - i1 = x.indexOf("/") + 1: null

22-11-2024T02:58:23 - [TEST_STEP][PASSED] - if (i1 > -1): null

22-11-2024T02:58:23 - [TEST_STEP][PASSED] - x = x.substring(i1, x.length()): null

22-11-2024T02:58:23 - [TEST_STEP][PASSED] - println(x): null

22-11-2024T02:58:23 - [TEST_STEP][PASSED] - i1 = x.indexOf("/") + 1: null

22-11-2024T02:58:23 - [TEST_STEP][PASSED] - if (i1 > -1): null

22-11-2024T02:58:23 - [TEST_STEP][PASSED] - x = x.substring(i1, x.length()): null

22-11-2024T02:58:23 - [TEST_STEP][PASSED] - println(x): null

22-11-2024T02:58:23 - [TEST_STEP][PASSED] - i1 = x.indexOf("/") + 1: null

22-11-2024T02:58:23 - [TEST_STEP][PASSED] - if (i1 > -1): null

22-11-2024T02:58:23 - [TEST_STEP][PASSED] - x = x.substring(i1, x.length()): null

22-11-2024T02:58:23 - [TEST_STEP][PASSED] - println(x): null

22-11-2024T02:58:23 - [TEST_STEP][PASSED] - i1 = x.indexOf("/"): null

22-11-2024T02:58:23 - [TEST_STEP][PASSED] - if (i1 > -1): null

22-11-2024T02:58:23 - [TEST_STEP][PASSED] - x = x.substring(0, i1): null

22-11-2024T02:58:23 - [TEST_STEP][PASSED] - println(x): null

22-11-2024T02:58:23 - [TEST_STEP][FAILED] - return x: null

22-11-2024T02:58:23 - [TEST_STEP][FAILED] - if (verifyEqual(tabR, tabB) == false): null

22-11-2024T02:58:23 - [MESSAGE][FAILED] - Unable to verify equal between actual object 'нет данных' and expected object '24700231' (Root cause: com.kms.katalon.core.exception.StepFailedException: Actual object 'нет данных' and expected object '24700231' are not equal
	at com.kms.katalon.core.keyword.builtin.VerifyEqualKeyword$_verifyEqual_closure1.doCall(VerifyEqualKeyword.groovy:58)
	at com.kms.katalon.core.keyword.builtin.VerifyEqualKeyword$_verifyEqual_closure1.call(VerifyEqualKeyword.groovy)
	at com.kms.katalon.core.keyword.internal.KeywordMain.runKeyword(KeywordMain.groovy:75)
	at com.kms.katalon.core.keyword.builtin.VerifyEqualKeyword.verifyEqual(VerifyEqualKeyword.groovy:63)
	at com.kms.katalon.core.keyword.builtin.VerifyEqualKeyword.execute(VerifyEqualKeyword.groovy:44)
	at com.kms.katalon.core.keyword.internal.KeywordExecutor.executeKeywordForPlatform(KeywordExecutor.groovy:74)
	at com.kms.katalon.core.keyword.BuiltinKeywords.verifyEqual(BuiltinKeywords.groovy:146)
	at jdk.internal.reflect.GeneratedMethodAccessor25.invoke(Unknown Source)
	at java.base/jdk.internal.reflect.DelegatingMethodAccessorImpl.invoke(DelegatingMethodAccessorImpl.java:43)
	at Выполнение бизнес-плана сверка дашбордов.CompareDZOData(Выполнение бизнес-плана сверка дашбордов:706)
	at Выполнение бизнес-плана сверка дашбордов.run(Выполнение бизнес-плана сверка дашбордов:623)
	at com.kms.katalon.core.main.ScriptEngine.run(ScriptEngine.java:194)
	at com.kms.katalon.core.main.ScriptEngine.runScriptAsRawText(ScriptEngine.java:119)
	at com.kms.katalon.core.main.TestCaseExecutor.runScript(TestCaseExecutor.java:448)
	at com.kms.katalon.core.main.TestCaseExecutor.doExecute(TestCaseExecutor.java:439)
	at com.kms.katalon.core.main.TestCaseExecutor.processExecutionPhase(TestCaseExecutor.java:418)
	at com.kms.katalon.core.main.TestCaseExecutor.accessMainPhase(TestCaseExecutor.java:410)
	at com.kms.katalon.core.main.TestCaseExecutor.execute(TestCaseExecutor.java:285)
	at com.kms.katalon.core.common.CommonExecutor.accessTestCaseMainPhase(CommonExecutor.java:65)
	at com.kms.katalon.core.main.TestSuiteExecutor.accessTestSuiteMainPhase(TestSuiteExecutor.java:150)
	at com.kms.katalon.core.main.TestSuiteExecutor.execute(TestSuiteExecutor.java:106)
	at com.kms.katalon.core.main.TestCaseMain.startTestSuite(TestCaseMain.java:180)
	at TempTestSuite1732232929817.run(TempTestSuite1732232929817.groovy:35)
	at java.base/jdk.internal.reflect.NativeMethodAccessorImpl.invoke0(Native Method)
	at java.base/jdk.internal.reflect.NativeMethodAccessorImpl.invoke(NativeMethodAccessorImpl.java:77)
	at java.base/jdk.internal.reflect.DelegatingMethodAccessorImpl.invoke(DelegatingMethodAccessorImpl.java:43)
)

22-11-2024T02:58:23 - [TEST_STEP][PASSED] - result = WriteToExcel(typeOfData, todaysDate, PercPlanR, PercPlanB, PercFactR, PercFactB, x, tabR, tabB, o1R, o1B, vidget): null

22-11-2024T02:58:23 - [TEST_STEP][PASSED] - iii = dZO.indexOf("/"): null

22-11-2024T02:58:23 - [TEST_STEP][PASSED] - println(iii): null

22-11-2024T02:58:23 - [TEST_STEP][PASSED] - dZO = dZO.substring(0, iii): null

22-11-2024T02:58:23 - [TEST_STEP][PASSED] - println(dZO): null

22-11-2024T02:58:23 - [TEST_STEP][PASSED] - println(PercPlanR): null

22-11-2024T02:58:23 - [TEST_STEP][PASSED] - println(PercPlanB): null

22-11-2024T02:58:23 - [TEST_STEP][PASSED] - println(PercFactR): null

22-11-2024T02:58:23 - [TEST_STEP][PASSED] - println(PercFactB): null

22-11-2024T02:58:23 - [TEST_STEP][PASSED] - println(tabR): null

22-11-2024T02:58:23 - [TEST_STEP][PASSED] - println(tabB): null

22-11-2024T02:58:23 - [TEST_STEP][PASSED] - println(o1R): null

22-11-2024T02:58:23 - [TEST_STEP][PASSED] - println(o1B): null

22-11-2024T02:58:23 - [TEST_STEP][PASSED] - PR = <not implemented yet for class: org.codehaus.groovy.ast.expr.EmptyExpression>: null

22-11-2024T02:58:23 - [TEST_STEP][PASSED] - FR = <not implemented yet for class: org.codehaus.groovy.ast.expr.EmptyExpression>: null

22-11-2024T02:58:23 - [TEST_STEP][PASSED] - PB = <not implemented yet for class: org.codehaus.groovy.ast.expr.EmptyExpression>: null

22-11-2024T02:58:23 - [TEST_STEP][PASSED] - FB = <not implemented yet for class: org.codehaus.groovy.ast.expr.EmptyExpression>: null

22-11-2024T02:58:23 - [TEST_STEP][PASSED] - TR = <not implemented yet for class: org.codehaus.groovy.ast.expr.EmptyExpression>: null

22-11-2024T02:58:23 - [TEST_STEP][PASSED] - TB = <not implemented yet for class: org.codehaus.groovy.ast.expr.EmptyExpression>: null

22-11-2024T02:58:23 - [TEST_STEP][PASSED] - sheetName = "Sheet1": null

22-11-2024T02:58:23 - [TEST_STEP][PASSED] - data = findTestData("PlanFact"): null

22-11-2024T02:58:23 - [TEST_STEP][PASSED] - n = data.getRowNumbers() + 1: null

22-11-2024T02:58:23 - [TEST_STEP][PASSED] - year = todaysDate.substring(todaysDate.length() - 4, todaysDate.length()): null

22-11-2024T02:58:23 - [TEST_STEP][PASSED] - y = year.toInteger(): null

22-11-2024T02:58:23 - [TEST_STEP][PASSED] - m = getText(findTestObject("Выполнение бизнес-плана/Выполнение бизнес-плана Балансы/Фильтр Дата")): Text of object 'Object Repository/Выполнение бизнес-плана/Выполнение бизнес-плана Балансы/Фильтр Дата' is: '1, 2, 3 кв. 2024 года'

22-11-2024T02:58:23 - [MESSAGE][PASSED] - Text of object 'Object Repository/Выполнение бизнес-плана/Выполнение бизнес-плана Балансы/Фильтр Дата' is: '1, 2, 3 кв. 2024 года'

22-11-2024T02:58:23 - [TEST_STEP][PASSED] - m = m.substring(0, m.indexOf("2024")): null

22-11-2024T02:58:23 - [TEST_STEP][PASSED] - m = m.trim(): null

22-11-2024T02:58:23 - [TEST_STEP][PASSED] - dashboardName = "Выполнение бизнес-плана": null

22-11-2024T02:58:23 - [TEST_STEP][PASSED] - workbook01 = getWorkbook(excelFilePath): null

22-11-2024T02:58:23 - [TEST_STEP][PASSED] - sheet01 = getExcelSheet(workbook01, sheetName): null

22-11-2024T02:58:23 - [TEST_STEP][PASSED] - setValueToCellByIndex(sheet01, n, 0, dashboardName): null

22-11-2024T02:58:23 - [TEST_STEP][PASSED] - setValueToCellByIndex(sheet01, n, 1, dZO): null

22-11-2024T02:58:23 - [TEST_STEP][PASSED] - setValueToCellByIndex(sheet01, n, 2, typeOfData): null

22-11-2024T02:58:23 - [TEST_STEP][PASSED] - setValueToCellByIndex(sheet01, n, 3, typeOfData): null

22-11-2024T02:58:23 - [TEST_STEP][PASSED] - if (typeOfData == "План"): null

22-11-2024T02:58:23 - [TEST_STEP][PASSED] - else if (typeOfData == "Факт"): null

22-11-2024T02:58:23 - [TEST_STEP][PASSED] - else if (vidget.contains("электроэнергии") == true): null

22-11-2024T02:58:23 - [TEST_STEP][PASSED] - if (tabR == null): null

22-11-2024T02:58:23 - [TEST_STEP][PASSED] - else: null

22-11-2024T02:58:23 - [TEST_STEP][PASSED] - if (tabR == "нет данных"): null

22-11-2024T02:58:23 - [TEST_STEP][PASSED] - setValueToCellByIndex(sheet01, n, 4, "нет данных"): null

22-11-2024T02:58:23 - [TEST_STEP][PASSED] - if (tabB == null): null

22-11-2024T02:58:23 - [TEST_STEP][PASSED] - else: null

22-11-2024T02:58:23 - [TEST_STEP][PASSED] - if (tabB == "нет данных"): null

22-11-2024T02:58:23 - [TEST_STEP][PASSED] - else: null

22-11-2024T02:58:23 - [TEST_STEP][PASSED] - TB = tabB.toInteger(): null

22-11-2024T02:58:23 - [TEST_STEP][PASSED] - setValueToCellByIndex(sheet01, n, 5, TB): null

22-11-2024T02:58:23 - [TEST_STEP][PASSED] - setValueToCellByIndex(sheet01, n, 6, m): null

22-11-2024T02:58:23 - [TEST_STEP][PASSED] - setValueToCellByIndex(sheet01, n, 7, y): null

22-11-2024T02:58:23 - [TEST_STEP][PASSED] - setValueToCellByIndex(sheet01, n, 8, todaysDate): null

22-11-2024T02:58:23 - [TEST_STEP][PASSED] - n = n + 1: null

22-11-2024T02:58:23 - [TEST_STEP][PASSED] - saveWorkbook(excelFilePath, workbook01): null

22-11-2024T02:58:23 - [TEST_STEP][PASSED] - typeOfData = "Факт Отпуск из сети": null

22-11-2024T02:58:23 - [TEST_STEP][PASSED] - tabR = GetOiSFactR(x = a): null

22-11-2024T02:58:23 - [TEST_STEP][PASSED] - i1 = <not implemented yet for class: org.codehaus.groovy.ast.expr.EmptyExpression>: null

22-11-2024T02:58:23 - [TEST_STEP][PASSED] - ii = <not implemented yet for class: org.codehaus.groovy.ast.expr.EmptyExpression>: null

22-11-2024T02:58:23 - [TEST_STEP][PASSED] - for ([ii = 1, ii < 5, (ii++)]): null

22-11-2024T02:58:23 - [TEST_STEP][PASSED] - i1 = x.indexOf("/") + 1: null

22-11-2024T02:58:23 - [TEST_STEP][PASSED] - if (i1 > -1): null

22-11-2024T02:58:23 - [TEST_STEP][PASSED] - x = x.substring(i1, x.length()): null

22-11-2024T02:58:23 - [TEST_STEP][PASSED] - println(x): null

22-11-2024T02:58:23 - [TEST_STEP][PASSED] - i1 = x.indexOf("/") + 1: null

22-11-2024T02:58:23 - [TEST_STEP][PASSED] - if (i1 > -1): null

22-11-2024T02:58:23 - [TEST_STEP][PASSED] - x = x.substring(i1, x.length()): null

22-11-2024T02:58:23 - [TEST_STEP][PASSED] - println(x): null

22-11-2024T02:58:23 - [TEST_STEP][PASSED] - i1 = x.indexOf("/") + 1: null

22-11-2024T02:58:23 - [TEST_STEP][PASSED] - if (i1 > -1): null

22-11-2024T02:58:23 - [TEST_STEP][PASSED] - x = x.substring(i1, x.length()): null

22-11-2024T02:58:23 - [TEST_STEP][PASSED] - println(x): null

22-11-2024T02:58:23 - [TEST_STEP][PASSED] - i1 = x.indexOf("/") + 1: null

22-11-2024T02:58:23 - [TEST_STEP][PASSED] - if (i1 > -1): null

22-11-2024T02:58:23 - [TEST_STEP][PASSED] - x = x.substring(i1, x.length()): null

22-11-2024T02:58:23 - [TEST_STEP][PASSED] - println(x): null

22-11-2024T02:58:23 - [TEST_STEP][PASSED] - i1 = x.indexOf("/"): null

22-11-2024T02:58:23 - [TEST_STEP][PASSED] - if (i1 > -1): null

22-11-2024T02:58:23 - [TEST_STEP][PASSED] - x = x.substring(0, i1): null

22-11-2024T02:58:23 - [TEST_STEP][PASSED] - println(x): null

22-11-2024T02:58:23 - [TEST_STEP][PASSED] - return x: null

22-11-2024T02:58:23 - [TEST_STEP][PASSED] - tabB = GetOiSFactB(x = b): null

22-11-2024T02:58:23 - [TEST_STEP][PASSED] - i1 = <not implemented yet for class: org.codehaus.groovy.ast.expr.EmptyExpression>: null

22-11-2024T02:58:23 - [TEST_STEP][PASSED] - ii = <not implemented yet for class: org.codehaus.groovy.ast.expr.EmptyExpression>: null

22-11-2024T02:58:23 - [TEST_STEP][PASSED] - for ([ii = 1, ii < 5, (ii++)]): null

22-11-2024T02:58:23 - [TEST_STEP][PASSED] - i1 = x.indexOf("/") + 1: null

22-11-2024T02:58:23 - [TEST_STEP][PASSED] - if (i1 > -1): null

22-11-2024T02:58:23 - [TEST_STEP][PASSED] - x = x.substring(i1, x.length()): null

22-11-2024T02:58:23 - [TEST_STEP][PASSED] - println(x): null

22-11-2024T02:58:23 - [TEST_STEP][PASSED] - i1 = x.indexOf("/") + 1: null

22-11-2024T02:58:23 - [TEST_STEP][PASSED] - if (i1 > -1): null

22-11-2024T02:58:23 - [TEST_STEP][PASSED] - x = x.substring(i1, x.length()): null

22-11-2024T02:58:23 - [TEST_STEP][PASSED] - println(x): null

22-11-2024T02:58:23 - [TEST_STEP][PASSED] - i1 = x.indexOf("/") + 1: null

22-11-2024T02:58:23 - [TEST_STEP][PASSED] - if (i1 > -1): null

22-11-2024T02:58:23 - [TEST_STEP][PASSED] - x = x.substring(i1, x.length()): null

22-11-2024T02:58:23 - [TEST_STEP][PASSED] - println(x): null

22-11-2024T02:58:23 - [TEST_STEP][PASSED] - i1 = x.indexOf("/") + 1: null

22-11-2024T02:58:23 - [TEST_STEP][PASSED] - if (i1 > -1): null

22-11-2024T02:58:23 - [TEST_STEP][PASSED] - x = x.substring(i1, x.length()): null

22-11-2024T02:58:23 - [TEST_STEP][PASSED] - println(x): null

22-11-2024T02:58:23 - [TEST_STEP][PASSED] - i1 = x.indexOf("/"): null

22-11-2024T02:58:23 - [TEST_STEP][PASSED] - if (i1 > -1): null

22-11-2024T02:58:23 - [TEST_STEP][PASSED] - x = x.substring(0, i1): null

22-11-2024T02:58:23 - [TEST_STEP][PASSED] - println(x): null

22-11-2024T02:58:23 - [TEST_STEP][FAILED] - return x: null

22-11-2024T02:58:23 - [TEST_STEP][FAILED] - if (verifyEqual(tabR, tabB) == false): null

22-11-2024T02:58:23 - [MESSAGE][FAILED] - Unable to verify equal between actual object 'нет данных' and expected object '23426892' (Root cause: com.kms.katalon.core.exception.StepFailedException: Actual object 'нет данных' and expected object '23426892' are not equal
	at com.kms.katalon.core.keyword.builtin.VerifyEqualKeyword$_verifyEqual_closure1.doCall(VerifyEqualKeyword.groovy:58)
	at com.kms.katalon.core.keyword.builtin.VerifyEqualKeyword$_verifyEqual_closure1.call(VerifyEqualKeyword.groovy)
	at com.kms.katalon.core.keyword.internal.KeywordMain.runKeyword(KeywordMain.groovy:75)
	at com.kms.katalon.core.keyword.builtin.VerifyEqualKeyword.verifyEqual(VerifyEqualKeyword.groovy:63)
	at com.kms.katalon.core.keyword.builtin.VerifyEqualKeyword.execute(VerifyEqualKeyword.groovy:44)
	at com.kms.katalon.core.keyword.internal.KeywordExecutor.executeKeywordForPlatform(KeywordExecutor.groovy:74)
	at com.kms.katalon.core.keyword.BuiltinKeywords.verifyEqual(BuiltinKeywords.groovy:146)
	at jdk.internal.reflect.GeneratedMethodAccessor25.invoke(Unknown Source)
	at java.base/jdk.internal.reflect.DelegatingMethodAccessorImpl.invoke(DelegatingMethodAccessorImpl.java:43)
	at Выполнение бизнес-плана сверка дашбордов.CompareDZOData(Выполнение бизнес-плана сверка дашбордов:717)
	at Выполнение бизнес-плана сверка дашбордов.run(Выполнение бизнес-плана сверка дашбордов:623)
	at com.kms.katalon.core.main.ScriptEngine.run(ScriptEngine.java:194)
	at com.kms.katalon.core.main.ScriptEngine.runScriptAsRawText(ScriptEngine.java:119)
	at com.kms.katalon.core.main.TestCaseExecutor.runScript(TestCaseExecutor.java:448)
	at com.kms.katalon.core.main.TestCaseExecutor.doExecute(TestCaseExecutor.java:439)
	at com.kms.katalon.core.main.TestCaseExecutor.processExecutionPhase(TestCaseExecutor.java:418)
	at com.kms.katalon.core.main.TestCaseExecutor.accessMainPhase(TestCaseExecutor.java:410)
	at com.kms.katalon.core.main.TestCaseExecutor.execute(TestCaseExecutor.java:285)
	at com.kms.katalon.core.common.CommonExecutor.accessTestCaseMainPhase(CommonExecutor.java:65)
	at com.kms.katalon.core.main.TestSuiteExecutor.accessTestSuiteMainPhase(TestSuiteExecutor.java:150)
	at com.kms.katalon.core.main.TestSuiteExecutor.execute(TestSuiteExecutor.java:106)
	at com.kms.katalon.core.main.TestCaseMain.startTestSuite(TestCaseMain.java:180)
	at TempTestSuite1732232929817.run(TempTestSuite1732232929817.groovy:35)
	at java.base/jdk.internal.reflect.NativeMethodAccessorImpl.invoke0(Native Method)
	at java.base/jdk.internal.reflect.NativeMethodAccessorImpl.invoke(NativeMethodAccessorImpl.java:77)
	at java.base/jdk.internal.reflect.DelegatingMethodAccessorImpl.invoke(DelegatingMethodAccessorImpl.java:43)
)

22-11-2024T02:58:23 - [TEST_STEP][PASSED] - result = WriteToExcel(typeOfData, todaysDate, PercPlanR, PercPlanB, PercFactR, PercFactB, x, tabR, tabB, o1R, o1B, vidget): null

22-11-2024T02:58:23 - [TEST_STEP][PASSED] - iii = dZO.indexOf("/"): null

22-11-2024T02:58:23 - [TEST_STEP][PASSED] - println(iii): null

22-11-2024T02:58:23 - [TEST_STEP][PASSED] - dZO = dZO.substring(0, iii): null

22-11-2024T02:58:23 - [TEST_STEP][PASSED] - println(dZO): null

22-11-2024T02:58:23 - [TEST_STEP][PASSED] - println(PercPlanR): null

22-11-2024T02:58:23 - [TEST_STEP][PASSED] - println(PercPlanB): null

22-11-2024T02:58:23 - [TEST_STEP][PASSED] - println(PercFactR): null

22-11-2024T02:58:23 - [TEST_STEP][PASSED] - println(PercFactB): null

22-11-2024T02:58:23 - [TEST_STEP][PASSED] - println(tabR): null

22-11-2024T02:58:23 - [TEST_STEP][PASSED] - println(tabB): null

22-11-2024T02:58:23 - [TEST_STEP][PASSED] - println(o1R): null

22-11-2024T02:58:23 - [TEST_STEP][PASSED] - println(o1B): null

22-11-2024T02:58:23 - [TEST_STEP][PASSED] - PR = <not implemented yet for class: org.codehaus.groovy.ast.expr.EmptyExpression>: null

22-11-2024T02:58:23 - [TEST_STEP][PASSED] - FR = <not implemented yet for class: org.codehaus.groovy.ast.expr.EmptyExpression>: null

22-11-2024T02:58:23 - [TEST_STEP][PASSED] - PB = <not implemented yet for class: org.codehaus.groovy.ast.expr.EmptyExpression>: null

22-11-2024T02:58:23 - [TEST_STEP][PASSED] - FB = <not implemented yet for class: org.codehaus.groovy.ast.expr.EmptyExpression>: null

22-11-2024T02:58:23 - [TEST_STEP][PASSED] - TR = <not implemented yet for class: org.codehaus.groovy.ast.expr.EmptyExpression>: null

22-11-2024T02:58:23 - [TEST_STEP][PASSED] - TB = <not implemented yet for class: org.codehaus.groovy.ast.expr.EmptyExpression>: null

22-11-2024T02:58:23 - [TEST_STEP][PASSED] - sheetName = "Sheet1": null

22-11-2024T02:58:23 - [TEST_STEP][PASSED] - data = findTestData("PlanFact"): null

22-11-2024T02:58:23 - [TEST_STEP][PASSED] - n = data.getRowNumbers() + 1: null

22-11-2024T02:58:23 - [TEST_STEP][PASSED] - year = todaysDate.substring(todaysDate.length() - 4, todaysDate.length()): null

22-11-2024T02:58:23 - [TEST_STEP][PASSED] - y = year.toInteger(): null

22-11-2024T02:58:23 - [TEST_STEP][PASSED] - m = getText(findTestObject("Выполнение бизнес-плана/Выполнение бизнес-плана Балансы/Фильтр Дата")): Text of object 'Object Repository/Выполнение бизнес-плана/Выполнение бизнес-плана Балансы/Фильтр Дата' is: '1, 2, 3 кв. 2024 года'

22-11-2024T02:58:24 - [MESSAGE][PASSED] - Text of object 'Object Repository/Выполнение бизнес-плана/Выполнение бизнес-плана Балансы/Фильтр Дата' is: '1, 2, 3 кв. 2024 года'

22-11-2024T02:58:24 - [TEST_STEP][PASSED] - m = m.substring(0, m.indexOf("2024")): null

22-11-2024T02:58:24 - [TEST_STEP][PASSED] - m = m.trim(): null

22-11-2024T02:58:24 - [TEST_STEP][PASSED] - dashboardName = "Выполнение бизнес-плана": null

22-11-2024T02:58:24 - [TEST_STEP][PASSED] - workbook01 = getWorkbook(excelFilePath): null

22-11-2024T02:58:24 - [TEST_STEP][PASSED] - sheet01 = getExcelSheet(workbook01, sheetName): null

22-11-2024T02:58:24 - [TEST_STEP][PASSED] - setValueToCellByIndex(sheet01, n, 0, dashboardName): null

22-11-2024T02:58:24 - [TEST_STEP][PASSED] - setValueToCellByIndex(sheet01, n, 1, dZO): null

22-11-2024T02:58:24 - [TEST_STEP][PASSED] - setValueToCellByIndex(sheet01, n, 2, typeOfData): null

22-11-2024T02:58:24 - [TEST_STEP][PASSED] - setValueToCellByIndex(sheet01, n, 3, typeOfData): null

22-11-2024T02:58:24 - [TEST_STEP][PASSED] - if (typeOfData == "План"): null

22-11-2024T02:58:24 - [TEST_STEP][PASSED] - else if (typeOfData == "Факт"): null

22-11-2024T02:58:24 - [TEST_STEP][PASSED] - else if (vidget.contains("электроэнергии") == true): null

22-11-2024T02:58:24 - [TEST_STEP][PASSED] - if (tabR == null): null

22-11-2024T02:58:24 - [TEST_STEP][PASSED] - else: null

22-11-2024T02:58:24 - [TEST_STEP][PASSED] - if (tabR == "нет данных"): null

22-11-2024T02:58:24 - [TEST_STEP][PASSED] - setValueToCellByIndex(sheet01, n, 4, "нет данных"): null

22-11-2024T02:58:24 - [TEST_STEP][PASSED] - if (tabB == null): null

22-11-2024T02:58:24 - [TEST_STEP][PASSED] - else: null

22-11-2024T02:58:24 - [TEST_STEP][PASSED] - if (tabB == "нет данных"): null

22-11-2024T02:58:24 - [TEST_STEP][PASSED] - else: null

22-11-2024T02:58:24 - [TEST_STEP][PASSED] - TB = tabB.toInteger(): null

22-11-2024T02:58:24 - [TEST_STEP][PASSED] - setValueToCellByIndex(sheet01, n, 5, TB): null

22-11-2024T02:58:24 - [TEST_STEP][PASSED] - setValueToCellByIndex(sheet01, n, 6, m): null

22-11-2024T02:58:24 - [TEST_STEP][PASSED] - setValueToCellByIndex(sheet01, n, 7, y): null

22-11-2024T02:58:24 - [TEST_STEP][PASSED] - setValueToCellByIndex(sheet01, n, 8, todaysDate): null

22-11-2024T02:58:24 - [TEST_STEP][PASSED] - n = n + 1: null

22-11-2024T02:58:24 - [TEST_STEP][PASSED] - saveWorkbook(excelFilePath, workbook01): null

22-11-2024T02:58:24 - [TEST_STEP][PASSED] - typeOfData = "Факт Потери": null

22-11-2024T02:58:24 - [TEST_STEP][PASSED] - tabR = GetPFactR(x = a): null

22-11-2024T02:58:24 - [TEST_STEP][PASSED] - i1 = <not implemented yet for class: org.codehaus.groovy.ast.expr.EmptyExpression>: null

22-11-2024T02:58:24 - [TEST_STEP][PASSED] - ii = <not implemented yet for class: org.codehaus.groovy.ast.expr.EmptyExpression>: null

22-11-2024T02:58:24 - [TEST_STEP][PASSED] - for ([ii = 1, ii < 6, (ii++)]): null

22-11-2024T02:58:24 - [TEST_STEP][PASSED] - i1 = x.indexOf("/") + 1: null

22-11-2024T02:58:24 - [TEST_STEP][PASSED] - if (i1 > -1): null

22-11-2024T02:58:24 - [TEST_STEP][PASSED] - x = x.substring(i1, x.length()): null

22-11-2024T02:58:24 - [TEST_STEP][PASSED] - println(x): null

22-11-2024T02:58:24 - [TEST_STEP][PASSED] - i1 = x.indexOf("/") + 1: null

22-11-2024T02:58:24 - [TEST_STEP][PASSED] - if (i1 > -1): null

22-11-2024T02:58:24 - [TEST_STEP][PASSED] - x = x.substring(i1, x.length()): null

22-11-2024T02:58:24 - [TEST_STEP][PASSED] - println(x): null

22-11-2024T02:58:24 - [TEST_STEP][PASSED] - i1 = x.indexOf("/") + 1: null

22-11-2024T02:58:24 - [TEST_STEP][PASSED] - if (i1 > -1): null

22-11-2024T02:58:24 - [TEST_STEP][PASSED] - x = x.substring(i1, x.length()): null

22-11-2024T02:58:24 - [TEST_STEP][PASSED] - println(x): null

22-11-2024T02:58:24 - [TEST_STEP][PASSED] - i1 = x.indexOf("/") + 1: null

22-11-2024T02:58:24 - [TEST_STEP][PASSED] - if (i1 > -1): null

22-11-2024T02:58:24 - [TEST_STEP][PASSED] - x = x.substring(i1, x.length()): null

22-11-2024T02:58:24 - [TEST_STEP][PASSED] - println(x): null

22-11-2024T02:58:24 - [TEST_STEP][PASSED] - i1 = x.indexOf("/") + 1: null

22-11-2024T02:58:24 - [TEST_STEP][PASSED] - if (i1 > -1): null

22-11-2024T02:58:24 - [TEST_STEP][PASSED] - x = x.substring(i1, x.length()): null

22-11-2024T02:58:24 - [TEST_STEP][PASSED] - println(x): null

22-11-2024T02:58:24 - [TEST_STEP][PASSED] - i1 = x.indexOf("/"): null

22-11-2024T02:58:24 - [TEST_STEP][PASSED] - if (i1 > -1): null

22-11-2024T02:58:24 - [TEST_STEP][PASSED] - x = x.substring(0, i1): null

22-11-2024T02:58:24 - [TEST_STEP][PASSED] - println(x): null

22-11-2024T02:58:24 - [TEST_STEP][PASSED] - return x: null

22-11-2024T02:58:24 - [TEST_STEP][PASSED] - tabB = GetPFactB(x = b): null

22-11-2024T02:58:24 - [TEST_STEP][PASSED] - i1 = <not implemented yet for class: org.codehaus.groovy.ast.expr.EmptyExpression>: null

22-11-2024T02:58:24 - [TEST_STEP][PASSED] - ii = <not implemented yet for class: org.codehaus.groovy.ast.expr.EmptyExpression>: null

22-11-2024T02:58:24 - [TEST_STEP][PASSED] - for ([ii = 1, ii < 6, (ii++)]): null

22-11-2024T02:58:24 - [TEST_STEP][PASSED] - i1 = x.indexOf("/") + 1: null

22-11-2024T02:58:24 - [TEST_STEP][PASSED] - if (i1 > -1): null

22-11-2024T02:58:24 - [TEST_STEP][PASSED] - x = x.substring(i1, x.length()): null

22-11-2024T02:58:24 - [TEST_STEP][PASSED] - println(x): null

22-11-2024T02:58:24 - [TEST_STEP][PASSED] - i1 = x.indexOf("/") + 1: null

22-11-2024T02:58:24 - [TEST_STEP][PASSED] - if (i1 > -1): null

22-11-2024T02:58:24 - [TEST_STEP][PASSED] - x = x.substring(i1, x.length()): null

22-11-2024T02:58:24 - [TEST_STEP][PASSED] - println(x): null

22-11-2024T02:58:24 - [TEST_STEP][PASSED] - i1 = x.indexOf("/") + 1: null

22-11-2024T02:58:24 - [TEST_STEP][PASSED] - if (i1 > -1): null

22-11-2024T02:58:24 - [TEST_STEP][PASSED] - x = x.substring(i1, x.length()): null

22-11-2024T02:58:24 - [TEST_STEP][PASSED] - println(x): null

22-11-2024T02:58:24 - [TEST_STEP][PASSED] - i1 = x.indexOf("/") + 1: null

22-11-2024T02:58:24 - [TEST_STEP][PASSED] - if (i1 > -1): null

22-11-2024T02:58:24 - [TEST_STEP][PASSED] - x = x.substring(i1, x.length()): null

22-11-2024T02:58:24 - [TEST_STEP][PASSED] - println(x): null

22-11-2024T02:58:24 - [TEST_STEP][PASSED] - i1 = x.indexOf("/") + 1: null

22-11-2024T02:58:24 - [TEST_STEP][PASSED] - if (i1 > -1): null

22-11-2024T02:58:24 - [TEST_STEP][PASSED] - x = x.substring(i1, x.length()): null

22-11-2024T02:58:24 - [TEST_STEP][PASSED] - println(x): null

22-11-2024T02:58:24 - [TEST_STEP][PASSED] - i1 = x.indexOf("/"): null

22-11-2024T02:58:24 - [TEST_STEP][PASSED] - if (i1 > -1): null

22-11-2024T02:58:24 - [TEST_STEP][PASSED] - x = x.substring(0, i1): null

22-11-2024T02:58:24 - [TEST_STEP][PASSED] - println(x): null

22-11-2024T02:58:24 - [TEST_STEP][FAILED] - return x: null

22-11-2024T02:58:24 - [TEST_STEP][PASSED] - println(tabR + "/" + tabB): null

22-11-2024T02:58:24 - [TEST_STEP][FAILED] - if (verifyEqual(tabR, tabB) == false): null

22-11-2024T02:58:24 - [MESSAGE][FAILED] - Unable to verify equal between actual object 'нет данных' and expected object '1273339' (Root cause: com.kms.katalon.core.exception.StepFailedException: Actual object 'нет данных' and expected object '1273339' are not equal
	at com.kms.katalon.core.keyword.builtin.VerifyEqualKeyword$_verifyEqual_closure1.doCall(VerifyEqualKeyword.groovy:58)
	at com.kms.katalon.core.keyword.builtin.VerifyEqualKeyword$_verifyEqual_closure1.call(VerifyEqualKeyword.groovy)
	at com.kms.katalon.core.keyword.internal.KeywordMain.runKeyword(KeywordMain.groovy:75)
	at com.kms.katalon.core.keyword.builtin.VerifyEqualKeyword.verifyEqual(VerifyEqualKeyword.groovy:63)
	at com.kms.katalon.core.keyword.builtin.VerifyEqualKeyword.execute(VerifyEqualKeyword.groovy:44)
	at com.kms.katalon.core.keyword.internal.KeywordExecutor.executeKeywordForPlatform(KeywordExecutor.groovy:74)
	at com.kms.katalon.core.keyword.BuiltinKeywords.verifyEqual(BuiltinKeywords.groovy:146)
	at jdk.internal.reflect.GeneratedMethodAccessor25.invoke(Unknown Source)
	at java.base/jdk.internal.reflect.DelegatingMethodAccessorImpl.invoke(DelegatingMethodAccessorImpl.java:43)
	at Выполнение бизнес-плана сверка дашбордов.CompareDZOData(Выполнение бизнес-плана сверка дашбордов:730)
	at Выполнение бизнес-плана сверка дашбордов.run(Выполнение бизнес-плана сверка дашбордов:623)
	at com.kms.katalon.core.main.ScriptEngine.run(ScriptEngine.java:194)
	at com.kms.katalon.core.main.ScriptEngine.runScriptAsRawText(ScriptEngine.java:119)
	at com.kms.katalon.core.main.TestCaseExecutor.runScript(TestCaseExecutor.java:448)
	at com.kms.katalon.core.main.TestCaseExecutor.doExecute(TestCaseExecutor.java:439)
	at com.kms.katalon.core.main.TestCaseExecutor.processExecutionPhase(TestCaseExecutor.java:418)
	at com.kms.katalon.core.main.TestCaseExecutor.accessMainPhase(TestCaseExecutor.java:410)
	at com.kms.katalon.core.main.TestCaseExecutor.execute(TestCaseExecutor.java:285)
	at com.kms.katalon.core.common.CommonExecutor.accessTestCaseMainPhase(CommonExecutor.java:65)
	at com.kms.katalon.core.main.TestSuiteExecutor.accessTestSuiteMainPhase(TestSuiteExecutor.java:150)
	at com.kms.katalon.core.main.TestSuiteExecutor.execute(TestSuiteExecutor.java:106)
	at com.kms.katalon.core.main.TestCaseMain.startTestSuite(TestCaseMain.java:180)
	at TempTestSuite1732232929817.run(TempTestSuite1732232929817.groovy:35)
	at java.base/jdk.internal.reflect.NativeMethodAccessorImpl.invoke0(Native Method)
	at java.base/jdk.internal.reflect.NativeMethodAccessorImpl.invoke(NativeMethodAccessorImpl.java:77)
	at java.base/jdk.internal.reflect.DelegatingMethodAccessorImpl.invoke(DelegatingMethodAccessorImpl.java:43)
)

22-11-2024T02:58:24 - [TEST_STEP][PASSED] - result = WriteToExcel(typeOfData, todaysDate, PercPlanR, PercPlanB, PercFactR, PercFactB, x, tabR, tabB, o1R, o1B, vidget): null

22-11-2024T02:58:24 - [TEST_STEP][PASSED] - iii = dZO.indexOf("/"): null

22-11-2024T02:58:24 - [TEST_STEP][PASSED] - println(iii): null

22-11-2024T02:58:24 - [TEST_STEP][PASSED] - dZO = dZO.substring(0, iii): null

22-11-2024T02:58:24 - [TEST_STEP][PASSED] - println(dZO): null

22-11-2024T02:58:24 - [TEST_STEP][PASSED] - println(PercPlanR): null

22-11-2024T02:58:24 - [TEST_STEP][PASSED] - println(PercPlanB): null

22-11-2024T02:58:24 - [TEST_STEP][PASSED] - println(PercFactR): null

22-11-2024T02:58:24 - [TEST_STEP][PASSED] - println(PercFactB): null

22-11-2024T02:58:24 - [TEST_STEP][PASSED] - println(tabR): null

22-11-2024T02:58:24 - [TEST_STEP][PASSED] - println(tabB): null

22-11-2024T02:58:24 - [TEST_STEP][PASSED] - println(o1R): null

22-11-2024T02:58:24 - [TEST_STEP][PASSED] - println(o1B): null

22-11-2024T02:58:24 - [TEST_STEP][PASSED] - PR = <not implemented yet for class: org.codehaus.groovy.ast.expr.EmptyExpression>: null

22-11-2024T02:58:24 - [TEST_STEP][PASSED] - FR = <not implemented yet for class: org.codehaus.groovy.ast.expr.EmptyExpression>: null

22-11-2024T02:58:24 - [TEST_STEP][PASSED] - PB = <not implemented yet for class: org.codehaus.groovy.ast.expr.EmptyExpression>: null

22-11-2024T02:58:24 - [TEST_STEP][PASSED] - FB = <not implemented yet for class: org.codehaus.groovy.ast.expr.EmptyExpression>: null

22-11-2024T02:58:24 - [TEST_STEP][PASSED] - TR = <not implemented yet for class: org.codehaus.groovy.ast.expr.EmptyExpression>: null

22-11-2024T02:58:24 - [TEST_STEP][PASSED] - TB = <not implemented yet for class: org.codehaus.groovy.ast.expr.EmptyExpression>: null

22-11-2024T02:58:24 - [TEST_STEP][PASSED] - sheetName = "Sheet1": null

22-11-2024T02:58:24 - [TEST_STEP][PASSED] - data = findTestData("PlanFact"): null

22-11-2024T02:58:24 - [TEST_STEP][PASSED] - n = data.getRowNumbers() + 1: null

22-11-2024T02:58:24 - [TEST_STEP][PASSED] - year = todaysDate.substring(todaysDate.length() - 4, todaysDate.length()): null

22-11-2024T02:58:24 - [TEST_STEP][PASSED] - y = year.toInteger(): null

22-11-2024T02:58:24 - [TEST_STEP][PASSED] - m = getText(findTestObject("Выполнение бизнес-плана/Выполнение бизнес-плана Балансы/Фильтр Дата")): Text of object 'Object Repository/Выполнение бизнес-плана/Выполнение бизнес-плана Балансы/Фильтр Дата' is: '1, 2, 3 кв. 2024 года'

22-11-2024T02:58:24 - [MESSAGE][PASSED] - Text of object 'Object Repository/Выполнение бизнес-плана/Выполнение бизнес-плана Балансы/Фильтр Дата' is: '1, 2, 3 кв. 2024 года'

22-11-2024T02:58:24 - [TEST_STEP][PASSED] - m = m.substring(0, m.indexOf("2024")): null

22-11-2024T02:58:24 - [TEST_STEP][PASSED] - m = m.trim(): null

22-11-2024T02:58:24 - [TEST_STEP][PASSED] - dashboardName = "Выполнение бизнес-плана": null

22-11-2024T02:58:24 - [TEST_STEP][PASSED] - workbook01 = getWorkbook(excelFilePath): null

22-11-2024T02:58:24 - [TEST_STEP][PASSED] - sheet01 = getExcelSheet(workbook01, sheetName): null

22-11-2024T02:58:24 - [TEST_STEP][PASSED] - setValueToCellByIndex(sheet01, n, 0, dashboardName): null

22-11-2024T02:58:24 - [TEST_STEP][PASSED] - setValueToCellByIndex(sheet01, n, 1, dZO): null

22-11-2024T02:58:24 - [TEST_STEP][PASSED] - setValueToCellByIndex(sheet01, n, 2, typeOfData): null

22-11-2024T02:58:24 - [TEST_STEP][PASSED] - setValueToCellByIndex(sheet01, n, 3, typeOfData): null

22-11-2024T02:58:24 - [TEST_STEP][PASSED] - if (typeOfData == "План"): null

22-11-2024T02:58:24 - [TEST_STEP][PASSED] - else if (typeOfData == "Факт"): null

22-11-2024T02:58:24 - [TEST_STEP][PASSED] - else if (vidget.contains("электроэнергии") == true): null

22-11-2024T02:58:24 - [TEST_STEP][PASSED] - if (tabR == null): null

22-11-2024T02:58:24 - [TEST_STEP][PASSED] - else: null

22-11-2024T02:58:24 - [TEST_STEP][PASSED] - if (tabR == "нет данных"): null

22-11-2024T02:58:24 - [TEST_STEP][PASSED] - setValueToCellByIndex(sheet01, n, 4, "нет данных"): null

22-11-2024T02:58:24 - [TEST_STEP][PASSED] - if (tabB == null): null

22-11-2024T02:58:24 - [TEST_STEP][PASSED] - else: null

22-11-2024T02:58:24 - [TEST_STEP][PASSED] - if (tabB == "нет данных"): null

22-11-2024T02:58:24 - [TEST_STEP][PASSED] - else: null

22-11-2024T02:58:24 - [TEST_STEP][PASSED] - TB = tabB.toInteger(): null

22-11-2024T02:58:24 - [TEST_STEP][PASSED] - setValueToCellByIndex(sheet01, n, 5, TB): null

22-11-2024T02:58:24 - [TEST_STEP][PASSED] - setValueToCellByIndex(sheet01, n, 6, m): null

22-11-2024T02:58:24 - [TEST_STEP][PASSED] - setValueToCellByIndex(sheet01, n, 7, y): null

22-11-2024T02:58:24 - [TEST_STEP][PASSED] - setValueToCellByIndex(sheet01, n, 8, todaysDate): null

22-11-2024T02:58:24 - [TEST_STEP][PASSED] - n = n + 1: null

22-11-2024T02:58:24 - [TEST_STEP][PASSED] - saveWorkbook(excelFilePath, workbook01): null

22-11-2024T02:58:25 - [TEST_STEP][PASSED] - vidget = "Показатели баланса электроэнергии по ДЗО – План": null

22-11-2024T02:58:25 - [TEST_STEP][PASSED] - typeOfData = "План Отпуск в сеть": null

22-11-2024T02:58:25 - [TEST_STEP][PASSED] - tabR = GetOvSPlanR(x = a): null

22-11-2024T02:58:25 - [TEST_STEP][PASSED] - i1 = <not implemented yet for class: org.codehaus.groovy.ast.expr.EmptyExpression>: null

22-11-2024T02:58:25 - [TEST_STEP][PASSED] - ii = <not implemented yet for class: org.codehaus.groovy.ast.expr.EmptyExpression>: null

22-11-2024T02:58:25 - [TEST_STEP][PASSED] - for ([ii = 1, ii < 7, (ii++)]): null

22-11-2024T02:58:25 - [TEST_STEP][PASSED] - i1 = x.indexOf("/") + 1: null

22-11-2024T02:58:25 - [TEST_STEP][PASSED] - if (i1 > -1): null

22-11-2024T02:58:25 - [TEST_STEP][PASSED] - x = x.substring(i1, x.length()): null

22-11-2024T02:58:25 - [TEST_STEP][PASSED] - println(x): null

22-11-2024T02:58:25 - [TEST_STEP][PASSED] - i1 = x.indexOf("/") + 1: null

22-11-2024T02:58:25 - [TEST_STEP][PASSED] - if (i1 > -1): null

22-11-2024T02:58:25 - [TEST_STEP][PASSED] - x = x.substring(i1, x.length()): null

22-11-2024T02:58:25 - [TEST_STEP][PASSED] - println(x): null

22-11-2024T02:58:25 - [TEST_STEP][PASSED] - i1 = x.indexOf("/") + 1: null

22-11-2024T02:58:25 - [TEST_STEP][PASSED] - if (i1 > -1): null

22-11-2024T02:58:25 - [TEST_STEP][PASSED] - x = x.substring(i1, x.length()): null

22-11-2024T02:58:25 - [TEST_STEP][PASSED] - println(x): null

22-11-2024T02:58:25 - [TEST_STEP][PASSED] - i1 = x.indexOf("/") + 1: null

22-11-2024T02:58:25 - [TEST_STEP][PASSED] - if (i1 > -1): null

22-11-2024T02:58:25 - [TEST_STEP][PASSED] - x = x.substring(i1, x.length()): null

22-11-2024T02:58:25 - [TEST_STEP][PASSED] - println(x): null

22-11-2024T02:58:25 - [TEST_STEP][PASSED] - i1 = x.indexOf("/") + 1: null

22-11-2024T02:58:25 - [TEST_STEP][PASSED] - if (i1 > -1): null

22-11-2024T02:58:25 - [TEST_STEP][PASSED] - x = x.substring(i1, x.length()): null

22-11-2024T02:58:25 - [TEST_STEP][PASSED] - println(x): null

22-11-2024T02:58:25 - [TEST_STEP][PASSED] - i1 = x.indexOf("/") + 1: null

22-11-2024T02:58:25 - [TEST_STEP][PASSED] - if (i1 > -1): null

22-11-2024T02:58:25 - [TEST_STEP][PASSED] - x = x.substring(i1, x.length()): null

22-11-2024T02:58:25 - [TEST_STEP][PASSED] - println(x): null

22-11-2024T02:58:25 - [TEST_STEP][PASSED] - i1 = x.indexOf("/"): null

22-11-2024T02:58:25 - [TEST_STEP][PASSED] - if (i1 > -1): null

22-11-2024T02:58:25 - [TEST_STEP][PASSED] - x = x.substring(0, i1): null

22-11-2024T02:58:25 - [TEST_STEP][PASSED] - println(x): null

22-11-2024T02:58:25 - [TEST_STEP][PASSED] - return x: null

22-11-2024T02:58:25 - [TEST_STEP][PASSED] - tabB = GetOvSPlanB(x = b): null

22-11-2024T02:58:25 - [TEST_STEP][PASSED] - i1 = <not implemented yet for class: org.codehaus.groovy.ast.expr.EmptyExpression>: null

22-11-2024T02:58:25 - [TEST_STEP][PASSED] - ii = <not implemented yet for class: org.codehaus.groovy.ast.expr.EmptyExpression>: null

22-11-2024T02:58:25 - [TEST_STEP][PASSED] - for ([ii = 1, ii < 7, (ii++)]): null

22-11-2024T02:58:25 - [TEST_STEP][PASSED] - i1 = x.indexOf("/") + 1: null

22-11-2024T02:58:25 - [TEST_STEP][PASSED] - if (i1 > -1): null

22-11-2024T02:58:25 - [TEST_STEP][PASSED] - x = x.substring(i1, x.length()): null

22-11-2024T02:58:25 - [TEST_STEP][PASSED] - println(x): null

22-11-2024T02:58:25 - [TEST_STEP][PASSED] - i1 = x.indexOf("/") + 1: null

22-11-2024T02:58:25 - [TEST_STEP][PASSED] - if (i1 > -1): null

22-11-2024T02:58:25 - [TEST_STEP][PASSED] - x = x.substring(i1, x.length()): null

22-11-2024T02:58:25 - [TEST_STEP][PASSED] - println(x): null

22-11-2024T02:58:25 - [TEST_STEP][PASSED] - i1 = x.indexOf("/") + 1: null

22-11-2024T02:58:25 - [TEST_STEP][PASSED] - if (i1 > -1): null

22-11-2024T02:58:25 - [TEST_STEP][PASSED] - x = x.substring(i1, x.length()): null

22-11-2024T02:58:25 - [TEST_STEP][PASSED] - println(x): null

22-11-2024T02:58:25 - [TEST_STEP][PASSED] - i1 = x.indexOf("/") + 1: null

22-11-2024T02:58:25 - [TEST_STEP][PASSED] - if (i1 > -1): null

22-11-2024T02:58:25 - [TEST_STEP][PASSED] - x = x.substring(i1, x.length()): null

22-11-2024T02:58:25 - [TEST_STEP][PASSED] - println(x): null

22-11-2024T02:58:25 - [TEST_STEP][PASSED] - i1 = x.indexOf("/") + 1: null

22-11-2024T02:58:25 - [TEST_STEP][PASSED] - if (i1 > -1): null

22-11-2024T02:58:25 - [TEST_STEP][PASSED] - x = x.substring(i1, x.length()): null

22-11-2024T02:58:25 - [TEST_STEP][PASSED] - println(x): null

22-11-2024T02:58:25 - [TEST_STEP][PASSED] - i1 = x.indexOf("/") + 1: null

22-11-2024T02:58:25 - [TEST_STEP][PASSED] - if (i1 > -1): null

22-11-2024T02:58:25 - [TEST_STEP][PASSED] - x = x.substring(i1, x.length()): null

22-11-2024T02:58:25 - [TEST_STEP][PASSED] - println(x): null

22-11-2024T02:58:25 - [TEST_STEP][PASSED] - i1 = x.indexOf("/"): null

22-11-2024T02:58:25 - [TEST_STEP][PASSED] - if (i1 > -1): null

22-11-2024T02:58:25 - [TEST_STEP][PASSED] - x = x.substring(0, i1): null

22-11-2024T02:58:25 - [TEST_STEP][PASSED] - println(x): null

22-11-2024T02:58:25 - [TEST_STEP][FAILED] - return x: null

22-11-2024T02:58:25 - [TEST_STEP][PASSED] - println(tabR + "/" + tabB): null

22-11-2024T02:58:25 - [TEST_STEP][FAILED] - if (verifyEqual(PercFactR, PercFactB) == false): null

22-11-2024T02:58:25 - [MESSAGE][FAILED] - Unable to verify equal between actual object 'нет данных' and expected object '5.16' (Root cause: com.kms.katalon.core.exception.StepFailedException: Actual object 'нет данных' and expected object '5.16' are not equal
	at com.kms.katalon.core.keyword.builtin.VerifyEqualKeyword$_verifyEqual_closure1.doCall(VerifyEqualKeyword.groovy:58)
	at com.kms.katalon.core.keyword.builtin.VerifyEqualKeyword$_verifyEqual_closure1.call(VerifyEqualKeyword.groovy)
	at com.kms.katalon.core.keyword.internal.KeywordMain.runKeyword(KeywordMain.groovy:75)
	at com.kms.katalon.core.keyword.builtin.VerifyEqualKeyword.verifyEqual(VerifyEqualKeyword.groovy:63)
	at com.kms.katalon.core.keyword.builtin.VerifyEqualKeyword.execute(VerifyEqualKeyword.groovy:44)
	at com.kms.katalon.core.keyword.internal.KeywordExecutor.executeKeywordForPlatform(KeywordExecutor.groovy:74)
	at com.kms.katalon.core.keyword.BuiltinKeywords.verifyEqual(BuiltinKeywords.groovy:146)
	at jdk.internal.reflect.GeneratedMethodAccessor25.invoke(Unknown Source)
	at java.base/jdk.internal.reflect.DelegatingMethodAccessorImpl.invoke(DelegatingMethodAccessorImpl.java:43)
	at Выполнение бизнес-плана сверка дашбордов.CompareDZOData(Выполнение бизнес-плана сверка дашбордов:745)
	at Выполнение бизнес-плана сверка дашбордов.run(Выполнение бизнес-плана сверка дашбордов:623)
	at com.kms.katalon.core.main.ScriptEngine.run(ScriptEngine.java:194)
	at com.kms.katalon.core.main.ScriptEngine.runScriptAsRawText(ScriptEngine.java:119)
	at com.kms.katalon.core.main.TestCaseExecutor.runScript(TestCaseExecutor.java:448)
	at com.kms.katalon.core.main.TestCaseExecutor.doExecute(TestCaseExecutor.java:439)
	at com.kms.katalon.core.main.TestCaseExecutor.processExecutionPhase(TestCaseExecutor.java:418)
	at com.kms.katalon.core.main.TestCaseExecutor.accessMainPhase(TestCaseExecutor.java:410)
	at com.kms.katalon.core.main.TestCaseExecutor.execute(TestCaseExecutor.java:285)
	at com.kms.katalon.core.common.CommonExecutor.accessTestCaseMainPhase(CommonExecutor.java:65)
	at com.kms.katalon.core.main.TestSuiteExecutor.accessTestSuiteMainPhase(TestSuiteExecutor.java:150)
	at com.kms.katalon.core.main.TestSuiteExecutor.execute(TestSuiteExecutor.java:106)
	at com.kms.katalon.core.main.TestCaseMain.startTestSuite(TestCaseMain.java:180)
	at TempTestSuite1732232929817.run(TempTestSuite1732232929817.groovy:35)
	at java.base/jdk.internal.reflect.NativeMethodAccessorImpl.invoke0(Native Method)
	at java.base/jdk.internal.reflect.NativeMethodAccessorImpl.invoke(NativeMethodAccessorImpl.java:77)
	at java.base/jdk.internal.reflect.DelegatingMethodAccessorImpl.invoke(DelegatingMethodAccessorImpl.java:43)
)

22-11-2024T02:58:25 - [TEST_STEP][PASSED] - result = WriteToExcel(typeOfData, todaysDate, PercPlanR, PercPlanB, PercFactR, PercFactB, x, tabR, tabB, o1R, o1B, vidget): null

22-11-2024T02:58:25 - [TEST_STEP][PASSED] - iii = dZO.indexOf("/"): null

22-11-2024T02:58:25 - [TEST_STEP][PASSED] - println(iii): null

22-11-2024T02:58:25 - [TEST_STEP][PASSED] - dZO = dZO.substring(0, iii): null

22-11-2024T02:58:25 - [TEST_STEP][PASSED] - println(dZO): null

22-11-2024T02:58:25 - [TEST_STEP][PASSED] - println(PercPlanR): null

22-11-2024T02:58:25 - [TEST_STEP][PASSED] - println(PercPlanB): null

22-11-2024T02:58:25 - [TEST_STEP][PASSED] - println(PercFactR): null

22-11-2024T02:58:25 - [TEST_STEP][PASSED] - println(PercFactB): null

22-11-2024T02:58:25 - [TEST_STEP][PASSED] - println(tabR): null

22-11-2024T02:58:25 - [TEST_STEP][PASSED] - println(tabB): null

22-11-2024T02:58:25 - [TEST_STEP][PASSED] - println(o1R): null

22-11-2024T02:58:25 - [TEST_STEP][PASSED] - println(o1B): null

22-11-2024T02:58:25 - [TEST_STEP][PASSED] - PR = <not implemented yet for class: org.codehaus.groovy.ast.expr.EmptyExpression>: null

22-11-2024T02:58:25 - [TEST_STEP][PASSED] - FR = <not implemented yet for class: org.codehaus.groovy.ast.expr.EmptyExpression>: null

22-11-2024T02:58:25 - [TEST_STEP][PASSED] - PB = <not implemented yet for class: org.codehaus.groovy.ast.expr.EmptyExpression>: null

22-11-2024T02:58:25 - [TEST_STEP][PASSED] - FB = <not implemented yet for class: org.codehaus.groovy.ast.expr.EmptyExpression>: null

22-11-2024T02:58:25 - [TEST_STEP][PASSED] - TR = <not implemented yet for class: org.codehaus.groovy.ast.expr.EmptyExpression>: null

22-11-2024T02:58:25 - [TEST_STEP][PASSED] - TB = <not implemented yet for class: org.codehaus.groovy.ast.expr.EmptyExpression>: null

22-11-2024T02:58:25 - [TEST_STEP][PASSED] - sheetName = "Sheet1": null

22-11-2024T02:58:25 - [TEST_STEP][PASSED] - data = findTestData("PlanFact"): null

22-11-2024T02:58:25 - [TEST_STEP][PASSED] - n = data.getRowNumbers() + 1: null

22-11-2024T02:58:25 - [TEST_STEP][PASSED] - year = todaysDate.substring(todaysDate.length() - 4, todaysDate.length()): null

22-11-2024T02:58:25 - [TEST_STEP][PASSED] - y = year.toInteger(): null

22-11-2024T02:58:25 - [TEST_STEP][PASSED] - m = getText(findTestObject("Выполнение бизнес-плана/Выполнение бизнес-плана Балансы/Фильтр Дата")): Text of object 'Object Repository/Выполнение бизнес-плана/Выполнение бизнес-плана Балансы/Фильтр Дата' is: '1, 2, 3 кв. 2024 года'

22-11-2024T02:58:25 - [MESSAGE][PASSED] - Text of object 'Object Repository/Выполнение бизнес-плана/Выполнение бизнес-плана Балансы/Фильтр Дата' is: '1, 2, 3 кв. 2024 года'

22-11-2024T02:58:25 - [TEST_STEP][PASSED] - m = m.substring(0, m.indexOf("2024")): null

22-11-2024T02:58:25 - [TEST_STEP][PASSED] - m = m.trim(): null

22-11-2024T02:58:25 - [TEST_STEP][PASSED] - dashboardName = "Выполнение бизнес-плана": null

22-11-2024T02:58:25 - [TEST_STEP][PASSED] - workbook01 = getWorkbook(excelFilePath): null

22-11-2024T02:58:25 - [TEST_STEP][PASSED] - sheet01 = getExcelSheet(workbook01, sheetName): null

22-11-2024T02:58:25 - [TEST_STEP][PASSED] - setValueToCellByIndex(sheet01, n, 0, dashboardName): null

22-11-2024T02:58:25 - [TEST_STEP][PASSED] - setValueToCellByIndex(sheet01, n, 1, dZO): null

22-11-2024T02:58:25 - [TEST_STEP][PASSED] - setValueToCellByIndex(sheet01, n, 2, typeOfData): null

22-11-2024T02:58:25 - [TEST_STEP][PASSED] - setValueToCellByIndex(sheet01, n, 3, typeOfData): null

22-11-2024T02:58:25 - [TEST_STEP][PASSED] - if (typeOfData == "План"): null

22-11-2024T02:58:25 - [TEST_STEP][PASSED] - else if (typeOfData == "Факт"): null

22-11-2024T02:58:25 - [TEST_STEP][PASSED] - else if (vidget.contains("электроэнергии") == true): null

22-11-2024T02:58:25 - [TEST_STEP][PASSED] - if (tabR == null): null

22-11-2024T02:58:25 - [TEST_STEP][PASSED] - else: null

22-11-2024T02:58:25 - [TEST_STEP][PASSED] - if (tabR == "нет данных"): null

22-11-2024T02:58:25 - [TEST_STEP][PASSED] - setValueToCellByIndex(sheet01, n, 4, "нет данных"): null

22-11-2024T02:58:25 - [TEST_STEP][PASSED] - if (tabB == null): null

22-11-2024T02:58:25 - [TEST_STEP][PASSED] - else: null

22-11-2024T02:58:25 - [TEST_STEP][PASSED] - if (tabB == "нет данных"): null

22-11-2024T02:58:25 - [TEST_STEP][PASSED] - else: null

22-11-2024T02:58:25 - [TEST_STEP][PASSED] - TB = tabB.toInteger(): null

22-11-2024T02:58:25 - [TEST_STEP][PASSED] - setValueToCellByIndex(sheet01, n, 5, TB): null

22-11-2024T02:58:25 - [TEST_STEP][PASSED] - setValueToCellByIndex(sheet01, n, 6, m): null

22-11-2024T02:58:25 - [TEST_STEP][PASSED] - setValueToCellByIndex(sheet01, n, 7, y): null

22-11-2024T02:58:25 - [TEST_STEP][PASSED] - setValueToCellByIndex(sheet01, n, 8, todaysDate): null

22-11-2024T02:58:25 - [TEST_STEP][PASSED] - n = n + 1: null

22-11-2024T02:58:25 - [TEST_STEP][PASSED] - saveWorkbook(excelFilePath, workbook01): null

22-11-2024T02:58:25 - [TEST_STEP][PASSED] - typeOfData = "План Отпуск из сети": null

22-11-2024T02:58:25 - [TEST_STEP][PASSED] - tabR = GetOiSPlanR(x = a): null

22-11-2024T02:58:25 - [TEST_STEP][PASSED] - i1 = <not implemented yet for class: org.codehaus.groovy.ast.expr.EmptyExpression>: null

22-11-2024T02:58:25 - [TEST_STEP][PASSED] - ii = <not implemented yet for class: org.codehaus.groovy.ast.expr.EmptyExpression>: null

22-11-2024T02:58:25 - [TEST_STEP][PASSED] - for ([ii = 1, ii < 8, (ii++)]): null

22-11-2024T02:58:25 - [TEST_STEP][PASSED] - i1 = x.indexOf("/") + 1: null

22-11-2024T02:58:25 - [TEST_STEP][PASSED] - if (i1 > -1): null

22-11-2024T02:58:25 - [TEST_STEP][PASSED] - x = x.substring(i1, x.length()): null

22-11-2024T02:58:25 - [TEST_STEP][PASSED] - println(x): null

22-11-2024T02:58:25 - [TEST_STEP][PASSED] - i1 = x.indexOf("/") + 1: null

22-11-2024T02:58:25 - [TEST_STEP][PASSED] - if (i1 > -1): null

22-11-2024T02:58:25 - [TEST_STEP][PASSED] - x = x.substring(i1, x.length()): null

22-11-2024T02:58:25 - [TEST_STEP][PASSED] - println(x): null

22-11-2024T02:58:25 - [TEST_STEP][PASSED] - i1 = x.indexOf("/") + 1: null

22-11-2024T02:58:25 - [TEST_STEP][PASSED] - if (i1 > -1): null

22-11-2024T02:58:25 - [TEST_STEP][PASSED] - x = x.substring(i1, x.length()): null

22-11-2024T02:58:25 - [TEST_STEP][PASSED] - println(x): null

22-11-2024T02:58:25 - [TEST_STEP][PASSED] - i1 = x.indexOf("/") + 1: null

22-11-2024T02:58:25 - [TEST_STEP][PASSED] - if (i1 > -1): null

22-11-2024T02:58:25 - [TEST_STEP][PASSED] - x = x.substring(i1, x.length()): null

22-11-2024T02:58:25 - [TEST_STEP][PASSED] - println(x): null

22-11-2024T02:58:25 - [TEST_STEP][PASSED] - i1 = x.indexOf("/") + 1: null

22-11-2024T02:58:25 - [TEST_STEP][PASSED] - if (i1 > -1): null

22-11-2024T02:58:25 - [TEST_STEP][PASSED] - x = x.substring(i1, x.length()): null

22-11-2024T02:58:25 - [TEST_STEP][PASSED] - println(x): null

22-11-2024T02:58:25 - [TEST_STEP][PASSED] - i1 = x.indexOf("/") + 1: null

22-11-2024T02:58:25 - [TEST_STEP][PASSED] - if (i1 > -1): null

22-11-2024T02:58:25 - [TEST_STEP][PASSED] - x = x.substring(i1, x.length()): null

22-11-2024T02:58:25 - [TEST_STEP][PASSED] - println(x): null

22-11-2024T02:58:25 - [TEST_STEP][PASSED] - i1 = x.indexOf("/") + 1: null

22-11-2024T02:58:25 - [TEST_STEP][PASSED] - if (i1 > -1): null

22-11-2024T02:58:25 - [TEST_STEP][PASSED] - x = x.substring(i1, x.length()): null

22-11-2024T02:58:25 - [TEST_STEP][PASSED] - println(x): null

22-11-2024T02:58:25 - [TEST_STEP][PASSED] - i1 = x.indexOf("/"): null

22-11-2024T02:58:25 - [TEST_STEP][PASSED] - if (i1 > -1): null

22-11-2024T02:58:25 - [TEST_STEP][PASSED] - x = x.substring(0, i1): null

22-11-2024T02:58:25 - [TEST_STEP][PASSED] - println(x): null

22-11-2024T02:58:25 - [TEST_STEP][PASSED] - return x: null

22-11-2024T02:58:25 - [TEST_STEP][PASSED] - tabB = GetOiSPlanB(x = b): null

22-11-2024T02:58:25 - [TEST_STEP][PASSED] - i1 = <not implemented yet for class: org.codehaus.groovy.ast.expr.EmptyExpression>: null

22-11-2024T02:58:25 - [TEST_STEP][PASSED] - ii = <not implemented yet for class: org.codehaus.groovy.ast.expr.EmptyExpression>: null

22-11-2024T02:58:25 - [TEST_STEP][PASSED] - for ([ii = 1, ii < 8, (ii++)]): null

22-11-2024T02:58:25 - [TEST_STEP][PASSED] - i1 = x.indexOf("/") + 1: null

22-11-2024T02:58:25 - [TEST_STEP][PASSED] - if (i1 > -1): null

22-11-2024T02:58:25 - [TEST_STEP][PASSED] - x = x.substring(i1, x.length()): null

22-11-2024T02:58:25 - [TEST_STEP][PASSED] - println(x): null

22-11-2024T02:58:25 - [TEST_STEP][PASSED] - i1 = x.indexOf("/") + 1: null

22-11-2024T02:58:25 - [TEST_STEP][PASSED] - if (i1 > -1): null

22-11-2024T02:58:25 - [TEST_STEP][PASSED] - x = x.substring(i1, x.length()): null

22-11-2024T02:58:25 - [TEST_STEP][PASSED] - println(x): null

22-11-2024T02:58:25 - [TEST_STEP][PASSED] - i1 = x.indexOf("/") + 1: null

22-11-2024T02:58:25 - [TEST_STEP][PASSED] - if (i1 > -1): null

22-11-2024T02:58:25 - [TEST_STEP][PASSED] - x = x.substring(i1, x.length()): null

22-11-2024T02:58:25 - [TEST_STEP][PASSED] - println(x): null

22-11-2024T02:58:25 - [TEST_STEP][PASSED] - i1 = x.indexOf("/") + 1: null

22-11-2024T02:58:25 - [TEST_STEP][PASSED] - if (i1 > -1): null

22-11-2024T02:58:25 - [TEST_STEP][PASSED] - x = x.substring(i1, x.length()): null

22-11-2024T02:58:25 - [TEST_STEP][PASSED] - println(x): null

22-11-2024T02:58:25 - [TEST_STEP][PASSED] - i1 = x.indexOf("/") + 1: null

22-11-2024T02:58:25 - [TEST_STEP][PASSED] - if (i1 > -1): null

22-11-2024T02:58:25 - [TEST_STEP][PASSED] - x = x.substring(i1, x.length()): null

22-11-2024T02:58:25 - [TEST_STEP][PASSED] - println(x): null

22-11-2024T02:58:25 - [TEST_STEP][PASSED] - i1 = x.indexOf("/") + 1: null

22-11-2024T02:58:25 - [TEST_STEP][PASSED] - if (i1 > -1): null

22-11-2024T02:58:25 - [TEST_STEP][PASSED] - x = x.substring(i1, x.length()): null

22-11-2024T02:58:25 - [TEST_STEP][PASSED] - println(x): null

22-11-2024T02:58:25 - [TEST_STEP][PASSED] - i1 = x.indexOf("/") + 1: null

22-11-2024T02:58:25 - [TEST_STEP][PASSED] - if (i1 > -1): null

22-11-2024T02:58:25 - [TEST_STEP][PASSED] - x = x.substring(i1, x.length()): null

22-11-2024T02:58:25 - [TEST_STEP][PASSED] - println(x): null

22-11-2024T02:58:25 - [TEST_STEP][PASSED] - i1 = x.indexOf("/"): null

22-11-2024T02:58:25 - [TEST_STEP][PASSED] - if (i1 > -1): null

22-11-2024T02:58:25 - [TEST_STEP][PASSED] - x = x.substring(0, i1): null

22-11-2024T02:58:25 - [TEST_STEP][PASSED] - println(x): null

22-11-2024T02:58:25 - [TEST_STEP][FAILED] - return x: null

22-11-2024T02:58:25 - [TEST_STEP][PASSED] - println(tabR + "/" + tabB): null

22-11-2024T02:58:25 - [TEST_STEP][FAILED] - if (verifyEqual(PercFactR, PercFactB) == false): null

22-11-2024T02:58:25 - [MESSAGE][FAILED] - Unable to verify equal between actual object 'нет данных' and expected object '5.16' (Root cause: com.kms.katalon.core.exception.StepFailedException: Actual object 'нет данных' and expected object '5.16' are not equal
	at com.kms.katalon.core.keyword.builtin.VerifyEqualKeyword$_verifyEqual_closure1.doCall(VerifyEqualKeyword.groovy:58)
	at com.kms.katalon.core.keyword.builtin.VerifyEqualKeyword$_verifyEqual_closure1.call(VerifyEqualKeyword.groovy)
	at com.kms.katalon.core.keyword.internal.KeywordMain.runKeyword(KeywordMain.groovy:75)
	at com.kms.katalon.core.keyword.builtin.VerifyEqualKeyword.verifyEqual(VerifyEqualKeyword.groovy:63)
	at com.kms.katalon.core.keyword.builtin.VerifyEqualKeyword.execute(VerifyEqualKeyword.groovy:44)
	at com.kms.katalon.core.keyword.internal.KeywordExecutor.executeKeywordForPlatform(KeywordExecutor.groovy:74)
	at com.kms.katalon.core.keyword.BuiltinKeywords.verifyEqual(BuiltinKeywords.groovy:146)
	at jdk.internal.reflect.GeneratedMethodAccessor25.invoke(Unknown Source)
	at java.base/jdk.internal.reflect.DelegatingMethodAccessorImpl.invoke(DelegatingMethodAccessorImpl.java:43)
	at Выполнение бизнес-плана сверка дашбордов.CompareDZOData(Выполнение бизнес-плана сверка дашбордов:758)
	at Выполнение бизнес-плана сверка дашбордов.run(Выполнение бизнес-плана сверка дашбордов:623)
	at com.kms.katalon.core.main.ScriptEngine.run(ScriptEngine.java:194)
	at com.kms.katalon.core.main.ScriptEngine.runScriptAsRawText(ScriptEngine.java:119)
	at com.kms.katalon.core.main.TestCaseExecutor.runScript(TestCaseExecutor.java:448)
	at com.kms.katalon.core.main.TestCaseExecutor.doExecute(TestCaseExecutor.java:439)
	at com.kms.katalon.core.main.TestCaseExecutor.processExecutionPhase(TestCaseExecutor.java:418)
	at com.kms.katalon.core.main.TestCaseExecutor.accessMainPhase(TestCaseExecutor.java:410)
	at com.kms.katalon.core.main.TestCaseExecutor.execute(TestCaseExecutor.java:285)
	at com.kms.katalon.core.common.CommonExecutor.accessTestCaseMainPhase(CommonExecutor.java:65)
	at com.kms.katalon.core.main.TestSuiteExecutor.accessTestSuiteMainPhase(TestSuiteExecutor.java:150)
	at com.kms.katalon.core.main.TestSuiteExecutor.execute(TestSuiteExecutor.java:106)
	at com.kms.katalon.core.main.TestCaseMain.startTestSuite(TestCaseMain.java:180)
	at TempTestSuite1732232929817.run(TempTestSuite1732232929817.groovy:35)
	at java.base/jdk.internal.reflect.NativeMethodAccessorImpl.invoke0(Native Method)
	at java.base/jdk.internal.reflect.NativeMethodAccessorImpl.invoke(NativeMethodAccessorImpl.java:77)
	at java.base/jdk.internal.reflect.DelegatingMethodAccessorImpl.invoke(DelegatingMethodAccessorImpl.java:43)
)

22-11-2024T02:58:25 - [TEST_STEP][PASSED] - result = WriteToExcel(typeOfData, todaysDate, PercPlanR, PercPlanB, PercFactR, PercFactB, x, tabR, tabB, o1R, o1B, vidget): null

22-11-2024T02:58:25 - [TEST_STEP][PASSED] - iii = dZO.indexOf("/"): null

22-11-2024T02:58:25 - [TEST_STEP][PASSED] - println(iii): null

22-11-2024T02:58:25 - [TEST_STEP][PASSED] - dZO = dZO.substring(0, iii): null

22-11-2024T02:58:25 - [TEST_STEP][PASSED] - println(dZO): null

22-11-2024T02:58:25 - [TEST_STEP][PASSED] - println(PercPlanR): null

22-11-2024T02:58:25 - [TEST_STEP][PASSED] - println(PercPlanB): null

22-11-2024T02:58:25 - [TEST_STEP][PASSED] - println(PercFactR): null

22-11-2024T02:58:25 - [TEST_STEP][PASSED] - println(PercFactB): null

22-11-2024T02:58:25 - [TEST_STEP][PASSED] - println(tabR): null

22-11-2024T02:58:25 - [TEST_STEP][PASSED] - println(tabB): null

22-11-2024T02:58:25 - [TEST_STEP][PASSED] - println(o1R): null

22-11-2024T02:58:25 - [TEST_STEP][PASSED] - println(o1B): null

22-11-2024T02:58:25 - [TEST_STEP][PASSED] - PR = <not implemented yet for class: org.codehaus.groovy.ast.expr.EmptyExpression>: null

22-11-2024T02:58:25 - [TEST_STEP][PASSED] - FR = <not implemented yet for class: org.codehaus.groovy.ast.expr.EmptyExpression>: null

22-11-2024T02:58:25 - [TEST_STEP][PASSED] - PB = <not implemented yet for class: org.codehaus.groovy.ast.expr.EmptyExpression>: null

22-11-2024T02:58:25 - [TEST_STEP][PASSED] - FB = <not implemented yet for class: org.codehaus.groovy.ast.expr.EmptyExpression>: null

22-11-2024T02:58:25 - [TEST_STEP][PASSED] - TR = <not implemented yet for class: org.codehaus.groovy.ast.expr.EmptyExpression>: null

22-11-2024T02:58:25 - [TEST_STEP][PASSED] - TB = <not implemented yet for class: org.codehaus.groovy.ast.expr.EmptyExpression>: null

22-11-2024T02:58:25 - [TEST_STEP][PASSED] - sheetName = "Sheet1": null

22-11-2024T02:58:25 - [TEST_STEP][PASSED] - data = findTestData("PlanFact"): null

22-11-2024T02:58:25 - [TEST_STEP][PASSED] - n = data.getRowNumbers() + 1: null

22-11-2024T02:58:25 - [TEST_STEP][PASSED] - year = todaysDate.substring(todaysDate.length() - 4, todaysDate.length()): null

22-11-2024T02:58:25 - [TEST_STEP][PASSED] - y = year.toInteger(): null

22-11-2024T02:58:25 - [TEST_STEP][PASSED] - m = getText(findTestObject("Выполнение бизнес-плана/Выполнение бизнес-плана Балансы/Фильтр Дата")): Text of object 'Object Repository/Выполнение бизнес-плана/Выполнение бизнес-плана Балансы/Фильтр Дата' is: '1, 2, 3 кв. 2024 года'

22-11-2024T02:58:26 - [MESSAGE][PASSED] - Text of object 'Object Repository/Выполнение бизнес-плана/Выполнение бизнес-плана Балансы/Фильтр Дата' is: '1, 2, 3 кв. 2024 года'

22-11-2024T02:58:26 - [TEST_STEP][PASSED] - m = m.substring(0, m.indexOf("2024")): null

22-11-2024T02:58:26 - [TEST_STEP][PASSED] - m = m.trim(): null

22-11-2024T02:58:26 - [TEST_STEP][PASSED] - dashboardName = "Выполнение бизнес-плана": null

22-11-2024T02:58:26 - [TEST_STEP][PASSED] - workbook01 = getWorkbook(excelFilePath): null

22-11-2024T02:58:26 - [TEST_STEP][PASSED] - sheet01 = getExcelSheet(workbook01, sheetName): null

22-11-2024T02:58:26 - [TEST_STEP][PASSED] - setValueToCellByIndex(sheet01, n, 0, dashboardName): null

22-11-2024T02:58:26 - [TEST_STEP][PASSED] - setValueToCellByIndex(sheet01, n, 1, dZO): null

22-11-2024T02:58:26 - [TEST_STEP][PASSED] - setValueToCellByIndex(sheet01, n, 2, typeOfData): null

22-11-2024T02:58:26 - [TEST_STEP][PASSED] - setValueToCellByIndex(sheet01, n, 3, typeOfData): null

22-11-2024T02:58:26 - [TEST_STEP][PASSED] - if (typeOfData == "План"): null

22-11-2024T02:58:26 - [TEST_STEP][PASSED] - else if (typeOfData == "Факт"): null

22-11-2024T02:58:26 - [TEST_STEP][PASSED] - else if (vidget.contains("электроэнергии") == true): null

22-11-2024T02:58:26 - [TEST_STEP][PASSED] - if (tabR == null): null

22-11-2024T02:58:26 - [TEST_STEP][PASSED] - else: null

22-11-2024T02:58:26 - [TEST_STEP][PASSED] - if (tabR == "нет данных"): null

22-11-2024T02:58:26 - [TEST_STEP][PASSED] - setValueToCellByIndex(sheet01, n, 4, "нет данных"): null

22-11-2024T02:58:26 - [TEST_STEP][PASSED] - if (tabB == null): null

22-11-2024T02:58:26 - [TEST_STEP][PASSED] - else: null

22-11-2024T02:58:26 - [TEST_STEP][PASSED] - if (tabB == "нет данных"): null

22-11-2024T02:58:26 - [TEST_STEP][PASSED] - else: null

22-11-2024T02:58:26 - [TEST_STEP][PASSED] - TB = tabB.toInteger(): null

22-11-2024T02:58:26 - [TEST_STEP][PASSED] - setValueToCellByIndex(sheet01, n, 5, TB): null

22-11-2024T02:58:26 - [TEST_STEP][PASSED] - setValueToCellByIndex(sheet01, n, 6, m): null

22-11-2024T02:58:26 - [TEST_STEP][PASSED] - setValueToCellByIndex(sheet01, n, 7, y): null

22-11-2024T02:58:26 - [TEST_STEP][PASSED] - setValueToCellByIndex(sheet01, n, 8, todaysDate): null

22-11-2024T02:58:26 - [TEST_STEP][PASSED] - n = n + 1: null

22-11-2024T02:58:26 - [TEST_STEP][PASSED] - saveWorkbook(excelFilePath, workbook01): null

22-11-2024T02:58:26 - [TEST_STEP][PASSED] - typeOfData = "План Потери": null

22-11-2024T02:58:26 - [TEST_STEP][PASSED] - tabR = GetPPlanR(x = a): null

22-11-2024T02:58:26 - [TEST_STEP][PASSED] - i1 = <not implemented yet for class: org.codehaus.groovy.ast.expr.EmptyExpression>: null

22-11-2024T02:58:26 - [TEST_STEP][PASSED] - ii = <not implemented yet for class: org.codehaus.groovy.ast.expr.EmptyExpression>: null

22-11-2024T02:58:26 - [TEST_STEP][PASSED] - for ([ii = 1, ii < 9, (ii++)]): null

22-11-2024T02:58:26 - [TEST_STEP][PASSED] - i1 = x.indexOf("/") + 1: null

22-11-2024T02:58:26 - [TEST_STEP][PASSED] - if (i1 > -1): null

22-11-2024T02:58:26 - [TEST_STEP][PASSED] - x = x.substring(i1, x.length()): null

22-11-2024T02:58:26 - [TEST_STEP][PASSED] - println(x): null

22-11-2024T02:58:26 - [TEST_STEP][PASSED] - i1 = x.indexOf("/") + 1: null

22-11-2024T02:58:26 - [TEST_STEP][PASSED] - if (i1 > -1): null

22-11-2024T02:58:26 - [TEST_STEP][PASSED] - x = x.substring(i1, x.length()): null

22-11-2024T02:58:26 - [TEST_STEP][PASSED] - println(x): null

22-11-2024T02:58:26 - [TEST_STEP][PASSED] - i1 = x.indexOf("/") + 1: null

22-11-2024T02:58:26 - [TEST_STEP][PASSED] - if (i1 > -1): null

22-11-2024T02:58:26 - [TEST_STEP][PASSED] - x = x.substring(i1, x.length()): null

22-11-2024T02:58:26 - [TEST_STEP][PASSED] - println(x): null

22-11-2024T02:58:26 - [TEST_STEP][PASSED] - i1 = x.indexOf("/") + 1: null

22-11-2024T02:58:26 - [TEST_STEP][PASSED] - if (i1 > -1): null

22-11-2024T02:58:26 - [TEST_STEP][PASSED] - x = x.substring(i1, x.length()): null

22-11-2024T02:58:26 - [TEST_STEP][PASSED] - println(x): null

22-11-2024T02:58:26 - [TEST_STEP][PASSED] - i1 = x.indexOf("/") + 1: null

22-11-2024T02:58:26 - [TEST_STEP][PASSED] - if (i1 > -1): null

22-11-2024T02:58:26 - [TEST_STEP][PASSED] - x = x.substring(i1, x.length()): null

22-11-2024T02:58:26 - [TEST_STEP][PASSED] - println(x): null

22-11-2024T02:58:26 - [TEST_STEP][PASSED] - i1 = x.indexOf("/") + 1: null

22-11-2024T02:58:26 - [TEST_STEP][PASSED] - if (i1 > -1): null

22-11-2024T02:58:26 - [TEST_STEP][PASSED] - x = x.substring(i1, x.length()): null

22-11-2024T02:58:26 - [TEST_STEP][PASSED] - println(x): null

22-11-2024T02:58:26 - [TEST_STEP][PASSED] - i1 = x.indexOf("/") + 1: null

22-11-2024T02:58:26 - [TEST_STEP][PASSED] - if (i1 > -1): null

22-11-2024T02:58:26 - [TEST_STEP][PASSED] - x = x.substring(i1, x.length()): null

22-11-2024T02:58:26 - [TEST_STEP][PASSED] - println(x): null

22-11-2024T02:58:26 - [TEST_STEP][PASSED] - i1 = x.indexOf("/") + 1: null

22-11-2024T02:58:26 - [TEST_STEP][PASSED] - if (i1 > -1): null

22-11-2024T02:58:26 - [TEST_STEP][PASSED] - x = x.substring(i1, x.length()): null

22-11-2024T02:58:26 - [TEST_STEP][PASSED] - println(x): null

22-11-2024T02:58:26 - [TEST_STEP][PASSED] - i1 = x.indexOf("/"): null

22-11-2024T02:58:26 - [TEST_STEP][PASSED] - if (i1 > -1): null

22-11-2024T02:58:26 - [TEST_STEP][PASSED] - x = x.substring(0, i1): null

22-11-2024T02:58:26 - [TEST_STEP][PASSED] - println(x): null

22-11-2024T02:58:26 - [TEST_STEP][PASSED] - return x: null

22-11-2024T02:58:26 - [TEST_STEP][PASSED] - tabB = GetPPlanB(x = b): null

22-11-2024T02:58:26 - [TEST_STEP][PASSED] - i1 = <not implemented yet for class: org.codehaus.groovy.ast.expr.EmptyExpression>: null

22-11-2024T02:58:26 - [TEST_STEP][PASSED] - ii = <not implemented yet for class: org.codehaus.groovy.ast.expr.EmptyExpression>: null

22-11-2024T02:58:26 - [TEST_STEP][PASSED] - for ([ii = 1, ii < 9, (ii++)]): null

22-11-2024T02:58:26 - [TEST_STEP][PASSED] - i1 = x.indexOf("/") + 1: null

22-11-2024T02:58:26 - [TEST_STEP][PASSED] - if (i1 > -1): null

22-11-2024T02:58:26 - [TEST_STEP][PASSED] - x = x.substring(i1, x.length()): null

22-11-2024T02:58:26 - [TEST_STEP][PASSED] - println(x): null

22-11-2024T02:58:26 - [TEST_STEP][PASSED] - i1 = x.indexOf("/") + 1: null

22-11-2024T02:58:26 - [TEST_STEP][PASSED] - if (i1 > -1): null

22-11-2024T02:58:26 - [TEST_STEP][PASSED] - x = x.substring(i1, x.length()): null

22-11-2024T02:58:26 - [TEST_STEP][PASSED] - println(x): null

22-11-2024T02:58:26 - [TEST_STEP][PASSED] - i1 = x.indexOf("/") + 1: null

22-11-2024T02:58:26 - [TEST_STEP][PASSED] - if (i1 > -1): null

22-11-2024T02:58:26 - [TEST_STEP][PASSED] - x = x.substring(i1, x.length()): null

22-11-2024T02:58:26 - [TEST_STEP][PASSED] - println(x): null

22-11-2024T02:58:26 - [TEST_STEP][PASSED] - i1 = x.indexOf("/") + 1: null

22-11-2024T02:58:26 - [TEST_STEP][PASSED] - if (i1 > -1): null

22-11-2024T02:58:26 - [TEST_STEP][PASSED] - x = x.substring(i1, x.length()): null

22-11-2024T02:58:26 - [TEST_STEP][PASSED] - println(x): null

22-11-2024T02:58:26 - [TEST_STEP][PASSED] - i1 = x.indexOf("/") + 1: null

22-11-2024T02:58:26 - [TEST_STEP][PASSED] - if (i1 > -1): null

22-11-2024T02:58:26 - [TEST_STEP][PASSED] - x = x.substring(i1, x.length()): null

22-11-2024T02:58:26 - [TEST_STEP][PASSED] - println(x): null

22-11-2024T02:58:26 - [TEST_STEP][PASSED] - i1 = x.indexOf("/") + 1: null

22-11-2024T02:58:26 - [TEST_STEP][PASSED] - if (i1 > -1): null

22-11-2024T02:58:26 - [TEST_STEP][PASSED] - x = x.substring(i1, x.length()): null

22-11-2024T02:58:26 - [TEST_STEP][PASSED] - println(x): null

22-11-2024T02:58:26 - [TEST_STEP][PASSED] - i1 = x.indexOf("/") + 1: null

22-11-2024T02:58:26 - [TEST_STEP][PASSED] - if (i1 > -1): null

22-11-2024T02:58:26 - [TEST_STEP][PASSED] - x = x.substring(i1, x.length()): null

22-11-2024T02:58:26 - [TEST_STEP][PASSED] - println(x): null

22-11-2024T02:58:26 - [TEST_STEP][PASSED] - i1 = x.indexOf("/") + 1: null

22-11-2024T02:58:26 - [TEST_STEP][PASSED] - if (i1 > -1): null

22-11-2024T02:58:26 - [TEST_STEP][PASSED] - x = x.substring(i1, x.length()): null

22-11-2024T02:58:26 - [TEST_STEP][PASSED] - println(x): null

22-11-2024T02:58:26 - [TEST_STEP][PASSED] - i1 = x.indexOf("/"): null

22-11-2024T02:58:26 - [TEST_STEP][PASSED] - if (i1 > -1): null

22-11-2024T02:58:26 - [TEST_STEP][PASSED] - x = x.substring(0, i1): null

22-11-2024T02:58:26 - [TEST_STEP][PASSED] - println(x): null

22-11-2024T02:58:26 - [TEST_STEP][FAILED] - return x: null

22-11-2024T02:58:26 - [TEST_STEP][PASSED] - println(tabR + "/" + tabB): null

22-11-2024T02:58:26 - [TEST_STEP][FAILED] - if (verifyEqual(PercFactR, PercFactB) == false): null

22-11-2024T02:58:26 - [MESSAGE][FAILED] - Unable to verify equal between actual object 'нет данных' and expected object '5.16' (Root cause: com.kms.katalon.core.exception.StepFailedException: Actual object 'нет данных' and expected object '5.16' are not equal
	at com.kms.katalon.core.keyword.builtin.VerifyEqualKeyword$_verifyEqual_closure1.doCall(VerifyEqualKeyword.groovy:58)
	at com.kms.katalon.core.keyword.builtin.VerifyEqualKeyword$_verifyEqual_closure1.call(VerifyEqualKeyword.groovy)
	at com.kms.katalon.core.keyword.internal.KeywordMain.runKeyword(KeywordMain.groovy:75)
	at com.kms.katalon.core.keyword.builtin.VerifyEqualKeyword.verifyEqual(VerifyEqualKeyword.groovy:63)
	at com.kms.katalon.core.keyword.builtin.VerifyEqualKeyword.execute(VerifyEqualKeyword.groovy:44)
	at com.kms.katalon.core.keyword.internal.KeywordExecutor.executeKeywordForPlatform(KeywordExecutor.groovy:74)
	at com.kms.katalon.core.keyword.BuiltinKeywords.verifyEqual(BuiltinKeywords.groovy:146)
	at jdk.internal.reflect.GeneratedMethodAccessor25.invoke(Unknown Source)
	at java.base/jdk.internal.reflect.DelegatingMethodAccessorImpl.invoke(DelegatingMethodAccessorImpl.java:43)
	at Выполнение бизнес-плана сверка дашбордов.CompareDZOData(Выполнение бизнес-плана сверка дашбордов:771)
	at Выполнение бизнес-плана сверка дашбордов.run(Выполнение бизнес-плана сверка дашбордов:623)
	at com.kms.katalon.core.main.ScriptEngine.run(ScriptEngine.java:194)
	at com.kms.katalon.core.main.ScriptEngine.runScriptAsRawText(ScriptEngine.java:119)
	at com.kms.katalon.core.main.TestCaseExecutor.runScript(TestCaseExecutor.java:448)
	at com.kms.katalon.core.main.TestCaseExecutor.doExecute(TestCaseExecutor.java:439)
	at com.kms.katalon.core.main.TestCaseExecutor.processExecutionPhase(TestCaseExecutor.java:418)
	at com.kms.katalon.core.main.TestCaseExecutor.accessMainPhase(TestCaseExecutor.java:410)
	at com.kms.katalon.core.main.TestCaseExecutor.execute(TestCaseExecutor.java:285)
	at com.kms.katalon.core.common.CommonExecutor.accessTestCaseMainPhase(CommonExecutor.java:65)
	at com.kms.katalon.core.main.TestSuiteExecutor.accessTestSuiteMainPhase(TestSuiteExecutor.java:150)
	at com.kms.katalon.core.main.TestSuiteExecutor.execute(TestSuiteExecutor.java:106)
	at com.kms.katalon.core.main.TestCaseMain.startTestSuite(TestCaseMain.java:180)
	at TempTestSuite1732232929817.run(TempTestSuite1732232929817.groovy:35)
	at java.base/jdk.internal.reflect.NativeMethodAccessorImpl.invoke0(Native Method)
	at java.base/jdk.internal.reflect.NativeMethodAccessorImpl.invoke(NativeMethodAccessorImpl.java:77)
	at java.base/jdk.internal.reflect.DelegatingMethodAccessorImpl.invoke(DelegatingMethodAccessorImpl.java:43)
)

22-11-2024T02:58:26 - [TEST_STEP][PASSED] - result = WriteToExcel(typeOfData, todaysDate, PercPlanR, PercPlanB, PercFactR, PercFactB, x, tabR, tabB, o1R, o1B, vidget): null

22-11-2024T02:58:26 - [TEST_STEP][PASSED] - iii = dZO.indexOf("/"): null

22-11-2024T02:58:26 - [TEST_STEP][PASSED] - println(iii): null

22-11-2024T02:58:26 - [TEST_STEP][PASSED] - dZO = dZO.substring(0, iii): null

22-11-2024T02:58:26 - [TEST_STEP][PASSED] - println(dZO): null

22-11-2024T02:58:26 - [TEST_STEP][PASSED] - println(PercPlanR): null

22-11-2024T02:58:26 - [TEST_STEP][PASSED] - println(PercPlanB): null

22-11-2024T02:58:26 - [TEST_STEP][PASSED] - println(PercFactR): null

22-11-2024T02:58:26 - [TEST_STEP][PASSED] - println(PercFactB): null

22-11-2024T02:58:26 - [TEST_STEP][PASSED] - println(tabR): null

22-11-2024T02:58:26 - [TEST_STEP][PASSED] - println(tabB): null

22-11-2024T02:58:26 - [TEST_STEP][PASSED] - println(o1R): null

22-11-2024T02:58:26 - [TEST_STEP][PASSED] - println(o1B): null

22-11-2024T02:58:26 - [TEST_STEP][PASSED] - PR = <not implemented yet for class: org.codehaus.groovy.ast.expr.EmptyExpression>: null

22-11-2024T02:58:26 - [TEST_STEP][PASSED] - FR = <not implemented yet for class: org.codehaus.groovy.ast.expr.EmptyExpression>: null

22-11-2024T02:58:26 - [TEST_STEP][PASSED] - PB = <not implemented yet for class: org.codehaus.groovy.ast.expr.EmptyExpression>: null

22-11-2024T02:58:26 - [TEST_STEP][PASSED] - FB = <not implemented yet for class: org.codehaus.groovy.ast.expr.EmptyExpression>: null

22-11-2024T02:58:26 - [TEST_STEP][PASSED] - TR = <not implemented yet for class: org.codehaus.groovy.ast.expr.EmptyExpression>: null

22-11-2024T02:58:26 - [TEST_STEP][PASSED] - TB = <not implemented yet for class: org.codehaus.groovy.ast.expr.EmptyExpression>: null

22-11-2024T02:58:26 - [TEST_STEP][PASSED] - sheetName = "Sheet1": null

22-11-2024T02:58:26 - [TEST_STEP][PASSED] - data = findTestData("PlanFact"): null

22-11-2024T02:58:26 - [TEST_STEP][PASSED] - n = data.getRowNumbers() + 1: null

22-11-2024T02:58:26 - [TEST_STEP][PASSED] - year = todaysDate.substring(todaysDate.length() - 4, todaysDate.length()): null

22-11-2024T02:58:26 - [TEST_STEP][PASSED] - y = year.toInteger(): null

22-11-2024T02:58:26 - [TEST_STEP][PASSED] - m = getText(findTestObject("Выполнение бизнес-плана/Выполнение бизнес-плана Балансы/Фильтр Дата")): Text of object 'Object Repository/Выполнение бизнес-плана/Выполнение бизнес-плана Балансы/Фильтр Дата' is: '1, 2, 3 кв. 2024 года'

22-11-2024T02:58:26 - [MESSAGE][PASSED] - Text of object 'Object Repository/Выполнение бизнес-плана/Выполнение бизнес-плана Балансы/Фильтр Дата' is: '1, 2, 3 кв. 2024 года'

22-11-2024T02:58:26 - [TEST_STEP][PASSED] - m = m.substring(0, m.indexOf("2024")): null

22-11-2024T02:58:26 - [TEST_STEP][PASSED] - m = m.trim(): null

22-11-2024T02:58:26 - [TEST_STEP][PASSED] - dashboardName = "Выполнение бизнес-плана": null

22-11-2024T02:58:26 - [TEST_STEP][PASSED] - workbook01 = getWorkbook(excelFilePath): null

22-11-2024T02:58:26 - [TEST_STEP][PASSED] - sheet01 = getExcelSheet(workbook01, sheetName): null

22-11-2024T02:58:26 - [TEST_STEP][PASSED] - setValueToCellByIndex(sheet01, n, 0, dashboardName): null

22-11-2024T02:58:26 - [TEST_STEP][PASSED] - setValueToCellByIndex(sheet01, n, 1, dZO): null

22-11-2024T02:58:26 - [TEST_STEP][PASSED] - setValueToCellByIndex(sheet01, n, 2, typeOfData): null

22-11-2024T02:58:26 - [TEST_STEP][PASSED] - setValueToCellByIndex(sheet01, n, 3, typeOfData): null

22-11-2024T02:58:26 - [TEST_STEP][PASSED] - if (typeOfData == "План"): null

22-11-2024T02:58:26 - [TEST_STEP][PASSED] - else if (typeOfData == "Факт"): null

22-11-2024T02:58:26 - [TEST_STEP][PASSED] - else if (vidget.contains("электроэнергии") == true): null

22-11-2024T02:58:26 - [TEST_STEP][PASSED] - if (tabR == null): null

22-11-2024T02:59:17 - [TEST_STEP][PASSED] - else: null

22-11-2024T02:59:17 - [TEST_STEP][PASSED] - if (tabR == "нет данных"): null

22-11-2024T02:59:17 - [TEST_STEP][PASSED] - setValueToCellByIndex(sheet01, n, 4, "нет данных"): null

22-11-2024T02:59:17 - [TEST_STEP][PASSED] - if (tabB == null): null

22-11-2024T02:59:17 - [TEST_STEP][PASSED] - else: null

22-11-2024T02:59:17 - [TEST_STEP][PASSED] - if (tabB == "нет данных"): null

22-11-2024T02:59:17 - [TEST_STEP][PASSED] - else: null

22-11-2024T02:59:17 - [TEST_STEP][PASSED] - TB = tabB.toInteger(): null

22-11-2024T02:59:17 - [TEST_STEP][PASSED] - setValueToCellByIndex(sheet01, n, 5, TB): null

22-11-2024T02:59:17 - [TEST_STEP][PASSED] - setValueToCellByIndex(sheet01, n, 6, m): null

22-11-2024T02:59:17 - [TEST_STEP][PASSED] - setValueToCellByIndex(sheet01, n, 7, y): null

22-11-2024T02:59:17 - [TEST_STEP][PASSED] - setValueToCellByIndex(sheet01, n, 8, todaysDate): null

22-11-2024T02:59:17 - [TEST_STEP][PASSED] - n = n + 1: null

22-11-2024T02:59:17 - [TEST_STEP][PASSED] - saveWorkbook(excelFilePath, workbook01): null

22-11-2024T02:59:17 - [TEST_STEP][PASSED] - ii2 = a.indexOf("ПАО"): null

22-11-2024T02:59:17 - [TEST_STEP][PASSED] - if (ii2 == -1): null

22-11-2024T02:59:17 - [TEST_STEP][PASSED] - vidget = "Отклонения фактического уровня потерь от бизнес-плана": null

22-11-2024T02:59:17 - [TEST_STEP][PASSED] - typeOfData = "Коэффициент": null

22-11-2024T02:59:17 - [TEST_STEP][PASSED] - o1R = Geto1R(x = a): null

22-11-2024T02:59:17 - [TEST_STEP][PASSED] - i1 = <not implemented yet for class: org.codehaus.groovy.ast.expr.EmptyExpression>: null

22-11-2024T02:59:17 - [TEST_STEP][PASSED] - ii = <not implemented yet for class: org.codehaus.groovy.ast.expr.EmptyExpression>: null

22-11-2024T02:59:17 - [TEST_STEP][PASSED] - for ([ii = 1, ii < 10, (ii++)]): null

22-11-2024T02:59:17 - [TEST_STEP][PASSED] - i1 = x.indexOf("/") + 1: null

22-11-2024T02:59:17 - [TEST_STEP][PASSED] - if (i1 > -1): null

22-11-2024T02:59:17 - [TEST_STEP][PASSED] - x = x.substring(i1, x.length()): null

22-11-2024T02:59:17 - [TEST_STEP][PASSED] - i1 = x.indexOf("/") + 1: null

22-11-2024T02:59:17 - [TEST_STEP][PASSED] - if (i1 > -1): null

22-11-2024T02:59:17 - [TEST_STEP][PASSED] - x = x.substring(i1, x.length()): null

22-11-2024T02:59:17 - [TEST_STEP][PASSED] - i1 = x.indexOf("/") + 1: null

22-11-2024T02:59:17 - [TEST_STEP][PASSED] - if (i1 > -1): null

22-11-2024T02:59:17 - [TEST_STEP][PASSED] - x = x.substring(i1, x.length()): null

22-11-2024T02:59:17 - [TEST_STEP][PASSED] - i1 = x.indexOf("/") + 1: null

22-11-2024T02:59:17 - [TEST_STEP][PASSED] - if (i1 > -1): null

22-11-2024T02:59:17 - [TEST_STEP][PASSED] - x = x.substring(i1, x.length()): null

22-11-2024T02:59:17 - [TEST_STEP][PASSED] - i1 = x.indexOf("/") + 1: null

22-11-2024T02:59:17 - [TEST_STEP][PASSED] - if (i1 > -1): null

22-11-2024T02:59:17 - [TEST_STEP][PASSED] - x = x.substring(i1, x.length()): null

22-11-2024T02:59:17 - [TEST_STEP][PASSED] - i1 = x.indexOf("/") + 1: null

22-11-2024T02:59:17 - [TEST_STEP][PASSED] - if (i1 > -1): null

22-11-2024T02:59:17 - [TEST_STEP][PASSED] - x = x.substring(i1, x.length()): null

22-11-2024T02:59:17 - [TEST_STEP][PASSED] - i1 = x.indexOf("/") + 1: null

22-11-2024T02:59:17 - [TEST_STEP][PASSED] - if (i1 > -1): null

22-11-2024T02:59:17 - [TEST_STEP][PASSED] - x = x.substring(i1, x.length()): null

22-11-2024T02:59:17 - [TEST_STEP][PASSED] - i1 = x.indexOf("/") + 1: null

22-11-2024T02:59:17 - [TEST_STEP][PASSED] - if (i1 > -1): null

22-11-2024T02:59:17 - [TEST_STEP][PASSED] - x = x.substring(i1, x.length()): null

22-11-2024T02:59:17 - [TEST_STEP][PASSED] - i1 = x.indexOf("/") + 1: null

22-11-2024T02:59:17 - [TEST_STEP][PASSED] - if (i1 > -1): null

22-11-2024T02:59:17 - [TEST_STEP][PASSED] - x = x.substring(i1, x.length()): null

22-11-2024T02:59:17 - [TEST_STEP][PASSED] - i1 = x.indexOf("/"): null

22-11-2024T02:59:17 - [TEST_STEP][PASSED] - if (i1 > -1): null

22-11-2024T02:59:17 - [TEST_STEP][PASSED] - println(x): null

22-11-2024T02:59:17 - [TEST_STEP][PASSED] - return x: null

22-11-2024T02:59:17 - [TEST_STEP][PASSED] - o1B = Geto1B(x = b): null

22-11-2024T02:59:17 - [TEST_STEP][PASSED] - i1 = <not implemented yet for class: org.codehaus.groovy.ast.expr.EmptyExpression>: null

22-11-2024T02:59:17 - [TEST_STEP][PASSED] - ii = <not implemented yet for class: org.codehaus.groovy.ast.expr.EmptyExpression>: null

22-11-2024T02:59:17 - [TEST_STEP][PASSED] - for ([ii = 1, ii < 10, (ii++)]): null

22-11-2024T02:59:17 - [TEST_STEP][PASSED] - i1 = x.indexOf("/") + 1: null

22-11-2024T02:59:17 - [TEST_STEP][PASSED] - if (i1 > -1): null

22-11-2024T02:59:17 - [TEST_STEP][PASSED] - x = x.substring(i1, x.length()): null

22-11-2024T02:59:17 - [TEST_STEP][PASSED] - i1 = x.indexOf("/") + 1: null

22-11-2024T02:59:17 - [TEST_STEP][PASSED] - if (i1 > -1): null

22-11-2024T02:59:17 - [TEST_STEP][PASSED] - x = x.substring(i1, x.length()): null

22-11-2024T02:59:17 - [TEST_STEP][PASSED] - i1 = x.indexOf("/") + 1: null

22-11-2024T02:59:17 - [TEST_STEP][PASSED] - if (i1 > -1): null

22-11-2024T02:59:17 - [TEST_STEP][PASSED] - x = x.substring(i1, x.length()): null

22-11-2024T02:59:17 - [TEST_STEP][PASSED] - i1 = x.indexOf("/") + 1: null

22-11-2024T02:59:17 - [TEST_STEP][PASSED] - if (i1 > -1): null

22-11-2024T02:59:17 - [TEST_STEP][PASSED] - x = x.substring(i1, x.length()): null

22-11-2024T02:59:17 - [TEST_STEP][PASSED] - i1 = x.indexOf("/") + 1: null

22-11-2024T02:59:17 - [TEST_STEP][PASSED] - if (i1 > -1): null

22-11-2024T02:59:17 - [TEST_STEP][PASSED] - x = x.substring(i1, x.length()): null

22-11-2024T02:59:17 - [TEST_STEP][PASSED] - i1 = x.indexOf("/") + 1: null

22-11-2024T02:59:17 - [TEST_STEP][PASSED] - if (i1 > -1): null

22-11-2024T02:59:17 - [TEST_STEP][PASSED] - x = x.substring(i1, x.length()): null

22-11-2024T02:59:17 - [TEST_STEP][PASSED] - i1 = x.indexOf("/") + 1: null

22-11-2024T02:59:17 - [TEST_STEP][PASSED] - if (i1 > -1): null

22-11-2024T02:59:17 - [TEST_STEP][PASSED] - x = x.substring(i1, x.length()): null

22-11-2024T02:59:17 - [TEST_STEP][PASSED] - i1 = x.indexOf("/") + 1: null

22-11-2024T02:59:17 - [TEST_STEP][PASSED] - if (i1 > -1): null

22-11-2024T02:59:17 - [TEST_STEP][PASSED] - x = x.substring(i1, x.length()): null

22-11-2024T02:59:17 - [TEST_STEP][PASSED] - i1 = x.indexOf("/") + 1: null

22-11-2024T02:59:17 - [TEST_STEP][PASSED] - if (i1 > -1): null

22-11-2024T02:59:17 - [TEST_STEP][PASSED] - x = x.substring(i1, x.length()): null

22-11-2024T02:59:17 - [TEST_STEP][PASSED] - i1 = x.indexOf("/"): null

22-11-2024T02:59:17 - [TEST_STEP][PASSED] - if (i1 > -1): null

22-11-2024T02:59:17 - [TEST_STEP][PASSED] - println(x): null

22-11-2024T02:59:17 - [TEST_STEP][FAILED] - return x: null

22-11-2024T02:59:17 - [TEST_STEP][PASSED] - println(o1R + "/" + o1B): null

22-11-2024T02:59:17 - [TEST_STEP][FAILED] - if (verifyEqual(PercFactR, PercFactB) == false): null

22-11-2024T02:59:17 - [MESSAGE][FAILED] - Unable to verify equal between actual object 'нет данных' and expected object '5.16' (Root cause: com.kms.katalon.core.exception.StepFailedException: Actual object 'нет данных' and expected object '5.16' are not equal
	at com.kms.katalon.core.keyword.builtin.VerifyEqualKeyword$_verifyEqual_closure1.doCall(VerifyEqualKeyword.groovy:58)
	at com.kms.katalon.core.keyword.builtin.VerifyEqualKeyword$_verifyEqual_closure1.call(VerifyEqualKeyword.groovy)
	at com.kms.katalon.core.keyword.internal.KeywordMain.runKeyword(KeywordMain.groovy:75)
	at com.kms.katalon.core.keyword.builtin.VerifyEqualKeyword.verifyEqual(VerifyEqualKeyword.groovy:63)
	at com.kms.katalon.core.keyword.builtin.VerifyEqualKeyword.execute(VerifyEqualKeyword.groovy:44)
	at com.kms.katalon.core.keyword.internal.KeywordExecutor.executeKeywordForPlatform(KeywordExecutor.groovy:74)
	at com.kms.katalon.core.keyword.BuiltinKeywords.verifyEqual(BuiltinKeywords.groovy:146)
	at jdk.internal.reflect.GeneratedMethodAccessor25.invoke(Unknown Source)
	at java.base/jdk.internal.reflect.DelegatingMethodAccessorImpl.invoke(DelegatingMethodAccessorImpl.java:43)
	at Выполнение бизнес-плана сверка дашбордов.CompareDZOData(Выполнение бизнес-плана сверка дашбордов:789)
	at Выполнение бизнес-плана сверка дашбордов.run(Выполнение бизнес-плана сверка дашбордов:623)
	at com.kms.katalon.core.main.ScriptEngine.run(ScriptEngine.java:194)
	at com.kms.katalon.core.main.ScriptEngine.runScriptAsRawText(ScriptEngine.java:119)
	at com.kms.katalon.core.main.TestCaseExecutor.runScript(TestCaseExecutor.java:448)
	at com.kms.katalon.core.main.TestCaseExecutor.doExecute(TestCaseExecutor.java:439)
	at com.kms.katalon.core.main.TestCaseExecutor.processExecutionPhase(TestCaseExecutor.java:418)
	at com.kms.katalon.core.main.TestCaseExecutor.accessMainPhase(TestCaseExecutor.java:410)
	at com.kms.katalon.core.main.TestCaseExecutor.execute(TestCaseExecutor.java:285)
	at com.kms.katalon.core.common.CommonExecutor.accessTestCaseMainPhase(CommonExecutor.java:65)
	at com.kms.katalon.core.main.TestSuiteExecutor.accessTestSuiteMainPhase(TestSuiteExecutor.java:150)
	at com.kms.katalon.core.main.TestSuiteExecutor.execute(TestSuiteExecutor.java:106)
	at com.kms.katalon.core.main.TestCaseMain.startTestSuite(TestCaseMain.java:180)
	at TempTestSuite1732232929817.run(TempTestSuite1732232929817.groovy:35)
	at java.base/jdk.internal.reflect.NativeMethodAccessorImpl.invoke0(Native Method)
	at java.base/jdk.internal.reflect.NativeMethodAccessorImpl.invoke(NativeMethodAccessorImpl.java:77)
	at java.base/jdk.internal.reflect.DelegatingMethodAccessorImpl.invoke(DelegatingMethodAccessorImpl.java:43)
)

22-11-2024T02:59:17 - [TEST_STEP][PASSED] - result = WriteToExcel(typeOfData, todaysDate, PercPlanR, PercPlanB, PercFactR, PercFactB, x, tabR, tabB, o1R, o1B, vidget): null

22-11-2024T02:59:17 - [TEST_STEP][PASSED] - iii = dZO.indexOf("/"): null

22-11-2024T02:59:17 - [TEST_STEP][PASSED] - println(iii): null

22-11-2024T02:59:17 - [TEST_STEP][PASSED] - dZO = dZO.substring(0, iii): null

22-11-2024T02:59:17 - [TEST_STEP][PASSED] - println(dZO): null

22-11-2024T02:59:17 - [TEST_STEP][PASSED] - println(PercPlanR): null

22-11-2024T02:59:17 - [TEST_STEP][PASSED] - println(PercPlanB): null

22-11-2024T02:59:17 - [TEST_STEP][PASSED] - println(PercFactR): null

22-11-2024T02:59:17 - [TEST_STEP][PASSED] - println(PercFactB): null

22-11-2024T02:59:17 - [TEST_STEP][PASSED] - println(tabR): null

22-11-2024T02:59:17 - [TEST_STEP][PASSED] - println(tabB): null

22-11-2024T02:59:17 - [TEST_STEP][PASSED] - println(o1R): null

22-11-2024T02:59:17 - [TEST_STEP][PASSED] - println(o1B): null

22-11-2024T02:59:17 - [TEST_STEP][PASSED] - PR = <not implemented yet for class: org.codehaus.groovy.ast.expr.EmptyExpression>: null

22-11-2024T02:59:17 - [TEST_STEP][PASSED] - FR = <not implemented yet for class: org.codehaus.groovy.ast.expr.EmptyExpression>: null

22-11-2024T02:59:17 - [TEST_STEP][PASSED] - PB = <not implemented yet for class: org.codehaus.groovy.ast.expr.EmptyExpression>: null

22-11-2024T02:59:17 - [TEST_STEP][PASSED] - FB = <not implemented yet for class: org.codehaus.groovy.ast.expr.EmptyExpression>: null

22-11-2024T02:59:17 - [TEST_STEP][PASSED] - TR = <not implemented yet for class: org.codehaus.groovy.ast.expr.EmptyExpression>: null

22-11-2024T02:59:17 - [TEST_STEP][PASSED] - TB = <not implemented yet for class: org.codehaus.groovy.ast.expr.EmptyExpression>: null

22-11-2024T02:59:17 - [TEST_STEP][PASSED] - sheetName = "Sheet1": null

22-11-2024T02:59:17 - [TEST_STEP][PASSED] - data = findTestData("PlanFact"): null

22-11-2024T02:59:18 - [TEST_STEP][PASSED] - n = data.getRowNumbers() + 1: null

22-11-2024T02:59:18 - [TEST_STEP][PASSED] - year = todaysDate.substring(todaysDate.length() - 4, todaysDate.length()): null

22-11-2024T02:59:18 - [TEST_STEP][PASSED] - y = year.toInteger(): null

22-11-2024T02:59:18 - [TEST_STEP][PASSED] - m = getText(findTestObject("Выполнение бизнес-плана/Выполнение бизнес-плана Балансы/Фильтр Дата")): Text of object 'Object Repository/Выполнение бизнес-плана/Выполнение бизнес-плана Балансы/Фильтр Дата' is: '1, 2, 3 кв. 2024 года'

22-11-2024T02:59:18 - [MESSAGE][PASSED] - Text of object 'Object Repository/Выполнение бизнес-плана/Выполнение бизнес-плана Балансы/Фильтр Дата' is: '1, 2, 3 кв. 2024 года'

22-11-2024T02:59:18 - [TEST_STEP][PASSED] - m = m.substring(0, m.indexOf("2024")): null

22-11-2024T02:59:18 - [TEST_STEP][PASSED] - m = m.trim(): null

22-11-2024T02:59:18 - [TEST_STEP][PASSED] - dashboardName = "Выполнение бизнес-плана": null

22-11-2024T02:59:18 - [TEST_STEP][PASSED] - workbook01 = getWorkbook(excelFilePath): null

22-11-2024T02:59:18 - [TEST_STEP][PASSED] - sheet01 = getExcelSheet(workbook01, sheetName): null

22-11-2024T02:59:18 - [TEST_STEP][PASSED] - setValueToCellByIndex(sheet01, n, 0, dashboardName): null

22-11-2024T02:59:18 - [TEST_STEP][PASSED] - setValueToCellByIndex(sheet01, n, 1, dZO): null

22-11-2024T02:59:18 - [TEST_STEP][PASSED] - setValueToCellByIndex(sheet01, n, 2, typeOfData): null

22-11-2024T02:59:18 - [TEST_STEP][PASSED] - setValueToCellByIndex(sheet01, n, 3, typeOfData): null

22-11-2024T02:59:18 - [TEST_STEP][PASSED] - if (typeOfData == "План"): null

22-11-2024T02:59:18 - [TEST_STEP][PASSED] - else if (typeOfData == "Факт"): null

22-11-2024T02:59:18 - [TEST_STEP][PASSED] - else if (vidget.contains("электроэнергии") == true): null

22-11-2024T02:59:18 - [TEST_STEP][PASSED] - else: null

22-11-2024T02:59:18 - [TEST_STEP][PASSED] - if (o1R == null): null

22-11-2024T02:59:18 - [TEST_STEP][PASSED] - else: null

22-11-2024T02:59:18 - [TEST_STEP][PASSED] - if (o1R == "нет данных"): null

22-11-2024T02:59:18 - [TEST_STEP][PASSED] - setValueToCellByIndex(sheet01, n, 4, "нет данных"): null

22-11-2024T02:59:18 - [TEST_STEP][PASSED] - if (o1B == null): null

22-11-2024T02:59:18 - [TEST_STEP][PASSED] - else: null

22-11-2024T02:59:18 - [TEST_STEP][PASSED] - if (o1B == "нет данных"): null

22-11-2024T02:59:18 - [TEST_STEP][PASSED] - else: null

22-11-2024T02:59:18 - [TEST_STEP][PASSED] - FB = o1B.toDouble(): null

22-11-2024T02:59:18 - [TEST_STEP][PASSED] - setValueToCellByIndex(sheet01, n, 5, FB): null

22-11-2024T02:59:18 - [TEST_STEP][PASSED] - setValueToCellByIndex(sheet01, n, 6, m): null

22-11-2024T02:59:18 - [TEST_STEP][PASSED] - setValueToCellByIndex(sheet01, n, 7, y): null

22-11-2024T02:59:18 - [TEST_STEP][PASSED] - setValueToCellByIndex(sheet01, n, 8, todaysDate): null

22-11-2024T02:59:18 - [TEST_STEP][PASSED] - n = n + 1: null

22-11-2024T02:59:18 - [TEST_STEP][FAILED] - saveWorkbook(excelFilePath, workbook01): null

22-11-2024T02:59:18 - [TEST_STEP][PASSED] - if (verifyEqual(siR, siB) == false): Actual object 'Россети Сибирь (ГК)/6.97/6.92/46928172/43678766/3249406/44875501/41746891/3128610/-0.05' and expected object 'Россети Сибирь (ГК)/6.97/6.92/46928172/43678766/3249406/44875501/41746891/3128610/-0.05' are equal

22-11-2024T02:59:18 - [MESSAGE][PASSED] - Actual object 'Россети Сибирь (ГК)/6.97/6.92/46928172/43678766/3249406/44875501/41746891/3128610/-0.05' and expected object 'Россети Сибирь (ГК)/6.97/6.92/46928172/43678766/3249406/44875501/41746891/3128610/-0.05' are equal

22-11-2024T02:59:18 - [TEST_STEP][FAILED] - if (verifyEqual(tomR, tomB) == false): null

22-11-2024T02:59:18 - [MESSAGE][FAILED] - Unable to verify equal between actual object 'Россети Томск/нет данных/нет данных/нет данных/нет данных/нет данных/нет данных/нет данных/нет данных/нет данных' and expected object 'Россети Томск/8.06/8.06/3805253/3498634/306619/3642056/3348547/293509/-0.00' (Root cause: com.kms.katalon.core.exception.StepFailedException: Actual object 'Россети Томск/нет данных/нет данных/нет данных/нет данных/нет данных/нет данных/нет данных/нет данных/нет данных' and expected object 'Россети Томск/8.06/8.06/3805253/3498634/306619/3642056/3348547/293509/-0.00' are not equal
	at com.kms.katalon.core.keyword.builtin.VerifyEqualKeyword$_verifyEqual_closure1.doCall(VerifyEqualKeyword.groovy:58)
	at com.kms.katalon.core.keyword.builtin.VerifyEqualKeyword$_verifyEqual_closure1.call(VerifyEqualKeyword.groovy)
	at com.kms.katalon.core.keyword.internal.KeywordMain.runKeyword(KeywordMain.groovy:75)
	at com.kms.katalon.core.keyword.builtin.VerifyEqualKeyword.verifyEqual(VerifyEqualKeyword.groovy:63)
	at com.kms.katalon.core.keyword.builtin.VerifyEqualKeyword.execute(VerifyEqualKeyword.groovy:44)
	at com.kms.katalon.core.keyword.internal.KeywordExecutor.executeKeywordForPlatform(KeywordExecutor.groovy:74)
	at com.kms.katalon.core.keyword.BuiltinKeywords.verifyEqual(BuiltinKeywords.groovy:146)
	at jdk.internal.reflect.GeneratedMethodAccessor25.invoke(Unknown Source)
	at java.base/jdk.internal.reflect.DelegatingMethodAccessorImpl.invoke(DelegatingMethodAccessorImpl.java:43)
	at Выполнение бизнес-плана сверка дашбордов.run(Выполнение бизнес-плана сверка дашбордов:632)
	at com.kms.katalon.core.main.ScriptEngine.run(ScriptEngine.java:194)
	at com.kms.katalon.core.main.ScriptEngine.runScriptAsRawText(ScriptEngine.java:119)
	at com.kms.katalon.core.main.TestCaseExecutor.runScript(TestCaseExecutor.java:448)
	at com.kms.katalon.core.main.TestCaseExecutor.doExecute(TestCaseExecutor.java:439)
	at com.kms.katalon.core.main.TestCaseExecutor.processExecutionPhase(TestCaseExecutor.java:418)
	at com.kms.katalon.core.main.TestCaseExecutor.accessMainPhase(TestCaseExecutor.java:410)
	at com.kms.katalon.core.main.TestCaseExecutor.execute(TestCaseExecutor.java:285)
	at com.kms.katalon.core.common.CommonExecutor.accessTestCaseMainPhase(CommonExecutor.java:65)
	at com.kms.katalon.core.main.TestSuiteExecutor.accessTestSuiteMainPhase(TestSuiteExecutor.java:150)
	at com.kms.katalon.core.main.TestSuiteExecutor.execute(TestSuiteExecutor.java:106)
	at com.kms.katalon.core.main.TestCaseMain.startTestSuite(TestCaseMain.java:180)
	at TempTestSuite1732232929817.run(TempTestSuite1732232929817.groovy:35)
	at java.base/jdk.internal.reflect.NativeMethodAccessorImpl.invoke0(Native Method)
	at java.base/jdk.internal.reflect.NativeMethodAccessorImpl.invoke(NativeMethodAccessorImpl.java:77)
	at java.base/jdk.internal.reflect.DelegatingMethodAccessorImpl.invoke(DelegatingMethodAccessorImpl.java:43)
)

22-11-2024T02:59:18 - [TEST_STEP][PASSED] - result = CompareDZOData(a = tomR, b = tomB, dZO, typeOfData, PercPlanR, PercPlanB, PercFactR, PercFactB, todaysDate, x, vidget, tabR, tabB, o1R, o1B): null

22-11-2024T02:59:18 - [TEST_STEP][PASSED] - ii2 = <not implemented yet for class: org.codehaus.groovy.ast.expr.EmptyExpression>: null

22-11-2024T02:59:18 - [TEST_STEP][FAILED] - if (verifyEqual(a, b) == false): null

22-11-2024T02:59:18 - [MESSAGE][FAILED] - Unable to verify equal between actual object 'Россети Томск/нет данных/нет данных/нет данных/нет данных/нет данных/нет данных/нет данных/нет данных/нет данных' and expected object 'Россети Томск/8.06/8.06/3805253/3498634/306619/3642056/3348547/293509/-0.00' (Root cause: com.kms.katalon.core.exception.StepFailedException: Actual object 'Россети Томск/нет данных/нет данных/нет данных/нет данных/нет данных/нет данных/нет данных/нет данных/нет данных' and expected object 'Россети Томск/8.06/8.06/3805253/3498634/306619/3642056/3348547/293509/-0.00' are not equal
	at com.kms.katalon.core.keyword.builtin.VerifyEqualKeyword$_verifyEqual_closure1.doCall(VerifyEqualKeyword.groovy:58)
	at com.kms.katalon.core.keyword.builtin.VerifyEqualKeyword$_verifyEqual_closure1.call(VerifyEqualKeyword.groovy)
	at com.kms.katalon.core.keyword.internal.KeywordMain.runKeyword(KeywordMain.groovy:75)
	at com.kms.katalon.core.keyword.builtin.VerifyEqualKeyword.verifyEqual(VerifyEqualKeyword.groovy:63)
	at com.kms.katalon.core.keyword.builtin.VerifyEqualKeyword.execute(VerifyEqualKeyword.groovy:44)
	at com.kms.katalon.core.keyword.internal.KeywordExecutor.executeKeywordForPlatform(KeywordExecutor.groovy:74)
	at com.kms.katalon.core.keyword.BuiltinKeywords.verifyEqual(BuiltinKeywords.groovy:146)
	at jdk.internal.reflect.GeneratedMethodAccessor25.invoke(Unknown Source)
	at java.base/jdk.internal.reflect.DelegatingMethodAccessorImpl.invoke(DelegatingMethodAccessorImpl.java:43)
	at Выполнение бизнес-плана сверка дашбордов.CompareDZOData(Выполнение бизнес-плана сверка дашбордов:673)
	at Выполнение бизнес-плана сверка дашбордов.run(Выполнение бизнес-плана сверка дашбордов:633)
	at com.kms.katalon.core.main.ScriptEngine.run(ScriptEngine.java:194)
	at com.kms.katalon.core.main.ScriptEngine.runScriptAsRawText(ScriptEngine.java:119)
	at com.kms.katalon.core.main.TestCaseExecutor.runScript(TestCaseExecutor.java:448)
	at com.kms.katalon.core.main.TestCaseExecutor.doExecute(TestCaseExecutor.java:439)
	at com.kms.katalon.core.main.TestCaseExecutor.processExecutionPhase(TestCaseExecutor.java:418)
	at com.kms.katalon.core.main.TestCaseExecutor.accessMainPhase(TestCaseExecutor.java:410)
	at com.kms.katalon.core.main.TestCaseExecutor.execute(TestCaseExecutor.java:285)
	at com.kms.katalon.core.common.CommonExecutor.accessTestCaseMainPhase(CommonExecutor.java:65)
	at com.kms.katalon.core.main.TestSuiteExecutor.accessTestSuiteMainPhase(TestSuiteExecutor.java:150)
	at com.kms.katalon.core.main.TestSuiteExecutor.execute(TestSuiteExecutor.java:106)
	at com.kms.katalon.core.main.TestCaseMain.startTestSuite(TestCaseMain.java:180)
	at TempTestSuite1732232929817.run(TempTestSuite1732232929817.groovy:35)
	at java.base/jdk.internal.reflect.NativeMethodAccessorImpl.invoke0(Native Method)
	at java.base/jdk.internal.reflect.NativeMethodAccessorImpl.invoke(NativeMethodAccessorImpl.java:77)
	at java.base/jdk.internal.reflect.DelegatingMethodAccessorImpl.invoke(DelegatingMethodAccessorImpl.java:43)
)

22-11-2024T02:59:18 - [TEST_STEP][PASSED] - vidget = "Уровень потерь электроэнергии": null

22-11-2024T02:59:18 - [TEST_STEP][PASSED] - typeOfData = "План": null

22-11-2024T02:59:18 - [TEST_STEP][PASSED] - PercPlanR = GetPercPlanR(x = a): null

22-11-2024T02:59:18 - [TEST_STEP][PASSED] - i1 = <not implemented yet for class: org.codehaus.groovy.ast.expr.EmptyExpression>: null

22-11-2024T02:59:18 - [TEST_STEP][PASSED] - i1 = x.indexOf("/") + 1: null

22-11-2024T02:59:18 - [TEST_STEP][PASSED] - if (i1 > -1): null

22-11-2024T02:59:18 - [TEST_STEP][PASSED] - x = x.substring(i1, x.length()): null

22-11-2024T02:59:18 - [TEST_STEP][PASSED] - i1 = x.indexOf("/"): null

22-11-2024T02:59:18 - [TEST_STEP][PASSED] - if (i1 > -1): null

22-11-2024T02:59:18 - [TEST_STEP][PASSED] - x = x.substring(0, i1): null

22-11-2024T02:59:18 - [TEST_STEP][PASSED] - return x: null

22-11-2024T02:59:18 - [TEST_STEP][PASSED] - PercPlanB = GetPercPlanB(x = b): null

22-11-2024T02:59:18 - [TEST_STEP][PASSED] - i1 = <not implemented yet for class: org.codehaus.groovy.ast.expr.EmptyExpression>: null

22-11-2024T02:59:18 - [TEST_STEP][PASSED] - i1 = x.indexOf("/") + 1: null

22-11-2024T02:59:18 - [TEST_STEP][PASSED] - if (i1 > -1): null

22-11-2024T02:59:18 - [TEST_STEP][PASSED] - x = x.substring(i1, x.length()): null

22-11-2024T02:59:18 - [TEST_STEP][PASSED] - i1 = x.indexOf("/"): null

22-11-2024T02:59:18 - [TEST_STEP][PASSED] - if (i1 > -1): null

22-11-2024T02:59:18 - [TEST_STEP][PASSED] - x = x.substring(0, i1): null

22-11-2024T02:59:18 - [TEST_STEP][FAILED] - return x: null

22-11-2024T02:59:18 - [TEST_STEP][FAILED] - if (verifyEqual(PercPlanR, PercPlanB) == false): null

22-11-2024T02:59:18 - [MESSAGE][FAILED] - Unable to verify equal between actual object 'нет данных' and expected object '8.06' (Root cause: com.kms.katalon.core.exception.StepFailedException: Actual object 'нет данных' and expected object '8.06' are not equal
	at com.kms.katalon.core.keyword.builtin.VerifyEqualKeyword$_verifyEqual_closure1.doCall(VerifyEqualKeyword.groovy:58)
	at com.kms.katalon.core.keyword.builtin.VerifyEqualKeyword$_verifyEqual_closure1.call(VerifyEqualKeyword.groovy)
	at com.kms.katalon.core.keyword.internal.KeywordMain.runKeyword(KeywordMain.groovy:75)
	at com.kms.katalon.core.keyword.builtin.VerifyEqualKeyword.verifyEqual(VerifyEqualKeyword.groovy:63)
	at com.kms.katalon.core.keyword.builtin.VerifyEqualKeyword.execute(VerifyEqualKeyword.groovy:44)
	at com.kms.katalon.core.keyword.internal.KeywordExecutor.executeKeywordForPlatform(KeywordExecutor.groovy:74)
	at com.kms.katalon.core.keyword.BuiltinKeywords.verifyEqual(BuiltinKeywords.groovy:146)
	at jdk.internal.reflect.GeneratedMethodAccessor25.invoke(Unknown Source)
	at java.base/jdk.internal.reflect.DelegatingMethodAccessorImpl.invoke(DelegatingMethodAccessorImpl.java:43)
	at Выполнение бизнес-плана сверка дашбордов.CompareDZOData(Выполнение бизнес-плана сверка дашбордов:682)
	at Выполнение бизнес-плана сверка дашбордов.run(Выполнение бизнес-плана сверка дашбордов:633)
	at com.kms.katalon.core.main.ScriptEngine.run(ScriptEngine.java:194)
	at com.kms.katalon.core.main.ScriptEngine.runScriptAsRawText(ScriptEngine.java:119)
	at com.kms.katalon.core.main.TestCaseExecutor.runScript(TestCaseExecutor.java:448)
	at com.kms.katalon.core.main.TestCaseExecutor.doExecute(TestCaseExecutor.java:439)
	at com.kms.katalon.core.main.TestCaseExecutor.processExecutionPhase(TestCaseExecutor.java:418)
	at com.kms.katalon.core.main.TestCaseExecutor.accessMainPhase(TestCaseExecutor.java:410)
	at com.kms.katalon.core.main.TestCaseExecutor.execute(TestCaseExecutor.java:285)
	at com.kms.katalon.core.common.CommonExecutor.accessTestCaseMainPhase(CommonExecutor.java:65)
	at com.kms.katalon.core.main.TestSuiteExecutor.accessTestSuiteMainPhase(TestSuiteExecutor.java:150)
	at com.kms.katalon.core.main.TestSuiteExecutor.execute(TestSuiteExecutor.java:106)
	at com.kms.katalon.core.main.TestCaseMain.startTestSuite(TestCaseMain.java:180)
	at TempTestSuite1732232929817.run(TempTestSuite1732232929817.groovy:35)
	at java.base/jdk.internal.reflect.NativeMethodAccessorImpl.invoke0(Native Method)
	at java.base/jdk.internal.reflect.NativeMethodAccessorImpl.invoke(NativeMethodAccessorImpl.java:77)
	at java.base/jdk.internal.reflect.DelegatingMethodAccessorImpl.invoke(DelegatingMethodAccessorImpl.java:43)
)

22-11-2024T02:59:18 - [TEST_STEP][PASSED] - result = WriteToExcel(typeOfData, todaysDate, PercPlanR, PercPlanB, PercFactR, PercFactB, x, tabR, tabB, o1R, o1B, vidget): null

22-11-2024T02:59:18 - [TEST_STEP][PASSED] - iii = dZO.indexOf("/"): null

22-11-2024T02:59:18 - [TEST_STEP][PASSED] - println(iii): null

22-11-2024T02:59:18 - [TEST_STEP][PASSED] - dZO = dZO.substring(0, iii): null

22-11-2024T02:59:18 - [TEST_STEP][PASSED] - println(dZO): null

22-11-2024T02:59:18 - [TEST_STEP][PASSED] - println(PercPlanR): null

22-11-2024T02:59:18 - [TEST_STEP][PASSED] - println(PercPlanB): null

22-11-2024T02:59:18 - [TEST_STEP][PASSED] - println(PercFactR): null

22-11-2024T02:59:18 - [TEST_STEP][PASSED] - println(PercFactB): null

22-11-2024T02:59:18 - [TEST_STEP][PASSED] - println(tabR): null

22-11-2024T02:59:18 - [TEST_STEP][PASSED] - println(tabB): null

22-11-2024T02:59:18 - [TEST_STEP][PASSED] - println(o1R): null

22-11-2024T02:59:18 - [TEST_STEP][PASSED] - println(o1B): null

22-11-2024T02:59:18 - [TEST_STEP][PASSED] - PR = <not implemented yet for class: org.codehaus.groovy.ast.expr.EmptyExpression>: null

22-11-2024T02:59:18 - [TEST_STEP][PASSED] - FR = <not implemented yet for class: org.codehaus.groovy.ast.expr.EmptyExpression>: null

22-11-2024T02:59:18 - [TEST_STEP][PASSED] - PB = <not implemented yet for class: org.codehaus.groovy.ast.expr.EmptyExpression>: null

22-11-2024T02:59:18 - [TEST_STEP][PASSED] - FB = <not implemented yet for class: org.codehaus.groovy.ast.expr.EmptyExpression>: null

22-11-2024T02:59:18 - [TEST_STEP][PASSED] - TR = <not implemented yet for class: org.codehaus.groovy.ast.expr.EmptyExpression>: null

22-11-2024T02:59:18 - [TEST_STEP][PASSED] - TB = <not implemented yet for class: org.codehaus.groovy.ast.expr.EmptyExpression>: null

22-11-2024T02:59:18 - [TEST_STEP][PASSED] - sheetName = "Sheet1": null

22-11-2024T02:59:18 - [TEST_STEP][PASSED] - data = findTestData("PlanFact"): null

22-11-2024T02:59:18 - [TEST_STEP][PASSED] - n = data.getRowNumbers() + 1: null

22-11-2024T02:59:18 - [TEST_STEP][PASSED] - year = todaysDate.substring(todaysDate.length() - 4, todaysDate.length()): null

22-11-2024T02:59:18 - [TEST_STEP][PASSED] - y = year.toInteger(): null

22-11-2024T02:59:18 - [TEST_STEP][PASSED] - m = getText(findTestObject("Выполнение бизнес-плана/Выполнение бизнес-плана Балансы/Фильтр Дата")): Text of object 'Object Repository/Выполнение бизнес-плана/Выполнение бизнес-плана Балансы/Фильтр Дата' is: '1, 2, 3 кв. 2024 года'

22-11-2024T02:59:18 - [MESSAGE][PASSED] - Text of object 'Object Repository/Выполнение бизнес-плана/Выполнение бизнес-плана Балансы/Фильтр Дата' is: '1, 2, 3 кв. 2024 года'

22-11-2024T02:59:18 - [TEST_STEP][PASSED] - m = m.substring(0, m.indexOf("2024")): null

22-11-2024T02:59:18 - [TEST_STEP][PASSED] - m = m.trim(): null

22-11-2024T02:59:18 - [TEST_STEP][PASSED] - dashboardName = "Выполнение бизнес-плана": null

22-11-2024T02:59:18 - [TEST_STEP][PASSED] - workbook01 = getWorkbook(excelFilePath): null

22-11-2024T02:59:18 - [TEST_STEP][PASSED] - sheet01 = getExcelSheet(workbook01, sheetName): null

22-11-2024T02:59:18 - [TEST_STEP][PASSED] - setValueToCellByIndex(sheet01, n, 0, dashboardName): null

22-11-2024T02:59:18 - [TEST_STEP][PASSED] - setValueToCellByIndex(sheet01, n, 1, dZO): null

22-11-2024T02:59:18 - [TEST_STEP][PASSED] - setValueToCellByIndex(sheet01, n, 2, typeOfData): null

22-11-2024T02:59:18 - [TEST_STEP][PASSED] - setValueToCellByIndex(sheet01, n, 3, typeOfData): null

22-11-2024T02:59:18 - [TEST_STEP][PASSED] - if (typeOfData == "План"): null

22-11-2024T02:59:18 - [TEST_STEP][PASSED] - if (PercPlanR == null): null

22-11-2024T02:59:18 - [TEST_STEP][PASSED] - else: null

22-11-2024T02:59:18 - [TEST_STEP][PASSED] - if (PercPlanR == "нет данных"): null

22-11-2024T02:59:18 - [TEST_STEP][PASSED] - setValueToCellByIndex(sheet01, n, 4, "нет данных"): null

22-11-2024T02:59:18 - [TEST_STEP][PASSED] - if (PercPlanB == null): null

22-11-2024T02:59:18 - [TEST_STEP][PASSED] - else: null

22-11-2024T02:59:18 - [TEST_STEP][PASSED] - if (PercPlanB == "нет данных"): null

22-11-2024T02:59:18 - [TEST_STEP][PASSED] - else: null

22-11-2024T02:59:18 - [TEST_STEP][PASSED] - PB = PercPlanB.toDouble(): null

22-11-2024T02:59:18 - [TEST_STEP][PASSED] - setValueToCellByIndex(sheet01, n, 5, PB): null

22-11-2024T02:59:18 - [TEST_STEP][PASSED] - setValueToCellByIndex(sheet01, n, 6, m): null

22-11-2024T02:59:18 - [TEST_STEP][PASSED] - setValueToCellByIndex(sheet01, n, 7, y): null

22-11-2024T02:59:18 - [TEST_STEP][PASSED] - setValueToCellByIndex(sheet01, n, 8, todaysDate): null

22-11-2024T02:59:18 - [TEST_STEP][PASSED] - n = n + 1: null

22-11-2024T02:59:18 - [TEST_STEP][PASSED] - saveWorkbook(excelFilePath, workbook01): null

22-11-2024T02:59:19 - [TEST_STEP][PASSED] - typeOfData = "Факт": null

22-11-2024T02:59:19 - [TEST_STEP][PASSED] - PercFactR = GetPercFactR(x = a): null

22-11-2024T02:59:19 - [TEST_STEP][PASSED] - i1 = <not implemented yet for class: org.codehaus.groovy.ast.expr.EmptyExpression>: null

22-11-2024T02:59:19 - [TEST_STEP][PASSED] - ii = <not implemented yet for class: org.codehaus.groovy.ast.expr.EmptyExpression>: null

22-11-2024T02:59:19 - [TEST_STEP][PASSED] - for ([ii = 1, ii < 3, (ii++)]): null

22-11-2024T02:59:19 - [TEST_STEP][PASSED] - i1 = x.indexOf("/") + 1: null

22-11-2024T02:59:19 - [TEST_STEP][PASSED] - if (i1 > -1): null

22-11-2024T02:59:19 - [TEST_STEP][PASSED] - x = x.substring(i1, x.length()): null

22-11-2024T02:59:19 - [TEST_STEP][PASSED] - println(x): null

22-11-2024T02:59:19 - [TEST_STEP][PASSED] - i1 = x.indexOf("/") + 1: null

22-11-2024T02:59:19 - [TEST_STEP][PASSED] - if (i1 > -1): null

22-11-2024T02:59:19 - [TEST_STEP][PASSED] - x = x.substring(i1, x.length()): null

22-11-2024T02:59:19 - [TEST_STEP][PASSED] - println(x): null

22-11-2024T02:59:19 - [TEST_STEP][PASSED] - i1 = x.indexOf("/"): null

22-11-2024T02:59:19 - [TEST_STEP][PASSED] - if (i1 > -1): null

22-11-2024T02:59:19 - [TEST_STEP][PASSED] - x = x.substring(0, i1): null

22-11-2024T02:59:19 - [TEST_STEP][PASSED] - println(x): null

22-11-2024T02:59:19 - [TEST_STEP][PASSED] - return x: null

22-11-2024T02:59:19 - [TEST_STEP][PASSED] - PercFactB = GetPercFactB(x = b): null

22-11-2024T02:59:19 - [TEST_STEP][PASSED] - i1 = <not implemented yet for class: org.codehaus.groovy.ast.expr.EmptyExpression>: null

22-11-2024T02:59:19 - [TEST_STEP][PASSED] - ii = <not implemented yet for class: org.codehaus.groovy.ast.expr.EmptyExpression>: null

22-11-2024T02:59:19 - [TEST_STEP][PASSED] - for ([ii = 1, ii < 3, (ii++)]): null

22-11-2024T02:59:19 - [TEST_STEP][PASSED] - i1 = x.indexOf("/") + 1: null

22-11-2024T02:59:19 - [TEST_STEP][PASSED] - if (i1 > -1): null

22-11-2024T02:59:19 - [TEST_STEP][PASSED] - x = x.substring(i1, x.length()): null

22-11-2024T02:59:19 - [TEST_STEP][PASSED] - println(x): null

22-11-2024T02:59:19 - [TEST_STEP][PASSED] - i1 = x.indexOf("/") + 1: null

22-11-2024T02:59:19 - [TEST_STEP][PASSED] - if (i1 > -1): null

22-11-2024T02:59:19 - [TEST_STEP][PASSED] - x = x.substring(i1, x.length()): null

22-11-2024T02:59:19 - [TEST_STEP][PASSED] - println(x): null

22-11-2024T02:59:19 - [TEST_STEP][PASSED] - i1 = x.indexOf("/"): null

22-11-2024T02:59:19 - [TEST_STEP][PASSED] - if (i1 > -1): null

22-11-2024T02:59:19 - [TEST_STEP][PASSED] - x = x.substring(0, i1): null

22-11-2024T02:59:19 - [TEST_STEP][PASSED] - println(x): null

22-11-2024T02:59:19 - [TEST_STEP][FAILED] - return x: null

22-11-2024T02:59:19 - [TEST_STEP][FAILED] - if (verifyEqual(PercFactR, PercFactB) == false): null

22-11-2024T02:59:19 - [MESSAGE][FAILED] - Unable to verify equal between actual object 'нет данных' and expected object '8.06' (Root cause: com.kms.katalon.core.exception.StepFailedException: Actual object 'нет данных' and expected object '8.06' are not equal
	at com.kms.katalon.core.keyword.builtin.VerifyEqualKeyword$_verifyEqual_closure1.doCall(VerifyEqualKeyword.groovy:58)
	at com.kms.katalon.core.keyword.builtin.VerifyEqualKeyword$_verifyEqual_closure1.call(VerifyEqualKeyword.groovy)
	at com.kms.katalon.core.keyword.internal.KeywordMain.runKeyword(KeywordMain.groovy:75)
	at com.kms.katalon.core.keyword.builtin.VerifyEqualKeyword.verifyEqual(VerifyEqualKeyword.groovy:63)
	at com.kms.katalon.core.keyword.builtin.VerifyEqualKeyword.execute(VerifyEqualKeyword.groovy:44)
	at com.kms.katalon.core.keyword.internal.KeywordExecutor.executeKeywordForPlatform(KeywordExecutor.groovy:74)
	at com.kms.katalon.core.keyword.BuiltinKeywords.verifyEqual(BuiltinKeywords.groovy:146)
	at jdk.internal.reflect.GeneratedMethodAccessor25.invoke(Unknown Source)
	at java.base/jdk.internal.reflect.DelegatingMethodAccessorImpl.invoke(DelegatingMethodAccessorImpl.java:43)
	at Выполнение бизнес-плана сверка дашбордов.CompareDZOData(Выполнение бизнес-плана сверка дашбордов:693)
	at Выполнение бизнес-плана сверка дашбордов.run(Выполнение бизнес-плана сверка дашбордов:633)
	at com.kms.katalon.core.main.ScriptEngine.run(ScriptEngine.java:194)
	at com.kms.katalon.core.main.ScriptEngine.runScriptAsRawText(ScriptEngine.java:119)
	at com.kms.katalon.core.main.TestCaseExecutor.runScript(TestCaseExecutor.java:448)
	at com.kms.katalon.core.main.TestCaseExecutor.doExecute(TestCaseExecutor.java:439)
	at com.kms.katalon.core.main.TestCaseExecutor.processExecutionPhase(TestCaseExecutor.java:418)
	at com.kms.katalon.core.main.TestCaseExecutor.accessMainPhase(TestCaseExecutor.java:410)
	at com.kms.katalon.core.main.TestCaseExecutor.execute(TestCaseExecutor.java:285)
	at com.kms.katalon.core.common.CommonExecutor.accessTestCaseMainPhase(CommonExecutor.java:65)
	at com.kms.katalon.core.main.TestSuiteExecutor.accessTestSuiteMainPhase(TestSuiteExecutor.java:150)
	at com.kms.katalon.core.main.TestSuiteExecutor.execute(TestSuiteExecutor.java:106)
	at com.kms.katalon.core.main.TestCaseMain.startTestSuite(TestCaseMain.java:180)
	at TempTestSuite1732232929817.run(TempTestSuite1732232929817.groovy:35)
	at java.base/jdk.internal.reflect.NativeMethodAccessorImpl.invoke0(Native Method)
	at java.base/jdk.internal.reflect.NativeMethodAccessorImpl.invoke(NativeMethodAccessorImpl.java:77)
	at java.base/jdk.internal.reflect.DelegatingMethodAccessorImpl.invoke(DelegatingMethodAccessorImpl.java:43)
)

22-11-2024T02:59:19 - [TEST_STEP][PASSED] - result = WriteToExcel(typeOfData, todaysDate, PercPlanR, PercPlanB, PercFactR, PercFactB, x, tabR, tabB, o1R, o1B, vidget): null

22-11-2024T02:59:19 - [TEST_STEP][PASSED] - iii = dZO.indexOf("/"): null

22-11-2024T02:59:19 - [TEST_STEP][PASSED] - println(iii): null

22-11-2024T02:59:19 - [TEST_STEP][PASSED] - dZO = dZO.substring(0, iii): null

22-11-2024T02:59:19 - [TEST_STEP][PASSED] - println(dZO): null

22-11-2024T02:59:19 - [TEST_STEP][PASSED] - println(PercPlanR): null

22-11-2024T02:59:19 - [TEST_STEP][PASSED] - println(PercPlanB): null

22-11-2024T02:59:19 - [TEST_STEP][PASSED] - println(PercFactR): null

22-11-2024T02:59:19 - [TEST_STEP][PASSED] - println(PercFactB): null

22-11-2024T02:59:19 - [TEST_STEP][PASSED] - println(tabR): null

22-11-2024T02:59:19 - [TEST_STEP][PASSED] - println(tabB): null

22-11-2024T02:59:19 - [TEST_STEP][PASSED] - println(o1R): null

22-11-2024T02:59:19 - [TEST_STEP][PASSED] - println(o1B): null

22-11-2024T02:59:19 - [TEST_STEP][PASSED] - PR = <not implemented yet for class: org.codehaus.groovy.ast.expr.EmptyExpression>: null

22-11-2024T02:59:19 - [TEST_STEP][PASSED] - FR = <not implemented yet for class: org.codehaus.groovy.ast.expr.EmptyExpression>: null

22-11-2024T02:59:19 - [TEST_STEP][PASSED] - PB = <not implemented yet for class: org.codehaus.groovy.ast.expr.EmptyExpression>: null

22-11-2024T02:59:19 - [TEST_STEP][PASSED] - FB = <not implemented yet for class: org.codehaus.groovy.ast.expr.EmptyExpression>: null

22-11-2024T02:59:19 - [TEST_STEP][PASSED] - TR = <not implemented yet for class: org.codehaus.groovy.ast.expr.EmptyExpression>: null

22-11-2024T02:59:19 - [TEST_STEP][PASSED] - TB = <not implemented yet for class: org.codehaus.groovy.ast.expr.EmptyExpression>: null

22-11-2024T02:59:19 - [TEST_STEP][PASSED] - sheetName = "Sheet1": null

22-11-2024T02:59:19 - [TEST_STEP][PASSED] - data = findTestData("PlanFact"): null

22-11-2024T02:59:19 - [TEST_STEP][PASSED] - n = data.getRowNumbers() + 1: null

22-11-2024T02:59:19 - [TEST_STEP][PASSED] - year = todaysDate.substring(todaysDate.length() - 4, todaysDate.length()): null

22-11-2024T02:59:19 - [TEST_STEP][PASSED] - y = year.toInteger(): null

22-11-2024T02:59:19 - [TEST_STEP][PASSED] - m = getText(findTestObject("Выполнение бизнес-плана/Выполнение бизнес-плана Балансы/Фильтр Дата")): Text of object 'Object Repository/Выполнение бизнес-плана/Выполнение бизнес-плана Балансы/Фильтр Дата' is: '1, 2, 3 кв. 2024 года'

22-11-2024T02:59:19 - [MESSAGE][PASSED] - Text of object 'Object Repository/Выполнение бизнес-плана/Выполнение бизнес-плана Балансы/Фильтр Дата' is: '1, 2, 3 кв. 2024 года'

22-11-2024T02:59:19 - [TEST_STEP][PASSED] - m = m.substring(0, m.indexOf("2024")): null

22-11-2024T02:59:19 - [TEST_STEP][PASSED] - m = m.trim(): null

22-11-2024T02:59:19 - [TEST_STEP][PASSED] - dashboardName = "Выполнение бизнес-плана": null

22-11-2024T02:59:19 - [TEST_STEP][PASSED] - workbook01 = getWorkbook(excelFilePath): null

22-11-2024T02:59:19 - [TEST_STEP][PASSED] - sheet01 = getExcelSheet(workbook01, sheetName): null

22-11-2024T02:59:19 - [TEST_STEP][PASSED] - setValueToCellByIndex(sheet01, n, 0, dashboardName): null

22-11-2024T02:59:19 - [TEST_STEP][PASSED] - setValueToCellByIndex(sheet01, n, 1, dZO): null

22-11-2024T02:59:19 - [TEST_STEP][PASSED] - setValueToCellByIndex(sheet01, n, 2, typeOfData): null

22-11-2024T02:59:19 - [TEST_STEP][PASSED] - setValueToCellByIndex(sheet01, n, 3, typeOfData): null

22-11-2024T02:59:19 - [TEST_STEP][PASSED] - if (typeOfData == "План"): null

22-11-2024T02:59:19 - [TEST_STEP][PASSED] - else if (typeOfData == "Факт"): null

22-11-2024T02:59:19 - [TEST_STEP][PASSED] - if (PercFactR == null): null

22-11-2024T02:59:19 - [TEST_STEP][PASSED] - else: null

22-11-2024T02:59:19 - [TEST_STEP][PASSED] - if (PercFactR == "нет данных"): null

22-11-2024T02:59:19 - [TEST_STEP][PASSED] - setValueToCellByIndex(sheet01, n, 4, "нет данных"): null

22-11-2024T02:59:19 - [TEST_STEP][PASSED] - if (PercFactB == null): null

22-11-2024T02:59:19 - [TEST_STEP][PASSED] - else: null

22-11-2024T02:59:19 - [TEST_STEP][PASSED] - if (PercFactB == "нет данных"): null

22-11-2024T02:59:19 - [TEST_STEP][PASSED] - else: null

22-11-2024T02:59:19 - [TEST_STEP][PASSED] - FB = PercFactB.toDouble(): null

22-11-2024T02:59:19 - [TEST_STEP][PASSED] - setValueToCellByIndex(sheet01, n, 5, FB): null

22-11-2024T02:59:19 - [TEST_STEP][PASSED] - setValueToCellByIndex(sheet01, n, 6, m): null

22-11-2024T02:59:19 - [TEST_STEP][PASSED] - setValueToCellByIndex(sheet01, n, 7, y): null

22-11-2024T02:59:19 - [TEST_STEP][PASSED] - setValueToCellByIndex(sheet01, n, 8, todaysDate): null

22-11-2024T02:59:19 - [TEST_STEP][PASSED] - n = n + 1: null

22-11-2024T02:59:19 - [TEST_STEP][PASSED] - saveWorkbook(excelFilePath, workbook01): null

22-11-2024T02:59:19 - [TEST_STEP][PASSED] - vidget = "Показатели баланса электроэнергии по ДЗО – Факт": null

22-11-2024T02:59:19 - [TEST_STEP][PASSED] - typeOfData = "Факт Отпуск в сеть": null

22-11-2024T02:59:19 - [TEST_STEP][PASSED] - tabR = GetOvSFactR(x = a): null

22-11-2024T02:59:19 - [TEST_STEP][PASSED] - i1 = <not implemented yet for class: org.codehaus.groovy.ast.expr.EmptyExpression>: null

22-11-2024T02:59:19 - [TEST_STEP][PASSED] - ii = <not implemented yet for class: org.codehaus.groovy.ast.expr.EmptyExpression>: null

22-11-2024T02:59:19 - [TEST_STEP][PASSED] - for ([ii = 1, ii < 4, (ii++)]): null

22-11-2024T02:59:19 - [TEST_STEP][PASSED] - i1 = x.indexOf("/") + 1: null

22-11-2024T02:59:19 - [TEST_STEP][PASSED] - if (i1 > -1): null

22-11-2024T02:59:19 - [TEST_STEP][PASSED] - x = x.substring(i1, x.length()): null

22-11-2024T02:59:19 - [TEST_STEP][PASSED] - println(x): null

22-11-2024T02:59:19 - [TEST_STEP][PASSED] - i1 = x.indexOf("/") + 1: null

22-11-2024T02:59:19 - [TEST_STEP][PASSED] - if (i1 > -1): null

22-11-2024T02:59:19 - [TEST_STEP][PASSED] - x = x.substring(i1, x.length()): null

22-11-2024T02:59:19 - [TEST_STEP][PASSED] - println(x): null

22-11-2024T02:59:19 - [TEST_STEP][PASSED] - i1 = x.indexOf("/") + 1: null

22-11-2024T02:59:19 - [TEST_STEP][PASSED] - if (i1 > -1): null

22-11-2024T02:59:19 - [TEST_STEP][PASSED] - x = x.substring(i1, x.length()): null

22-11-2024T02:59:19 - [TEST_STEP][PASSED] - println(x): null

22-11-2024T02:59:19 - [TEST_STEP][PASSED] - i1 = x.indexOf("/"): null

22-11-2024T02:59:19 - [TEST_STEP][PASSED] - if (i1 > -1): null

22-11-2024T02:59:19 - [TEST_STEP][PASSED] - x = x.substring(0, i1): null

22-11-2024T02:59:19 - [TEST_STEP][PASSED] - println(x): null

22-11-2024T02:59:19 - [TEST_STEP][PASSED] - return x: null

22-11-2024T02:59:19 - [TEST_STEP][PASSED] - tabB = GetOvSFactB(x = b): null

22-11-2024T02:59:19 - [TEST_STEP][PASSED] - i1 = <not implemented yet for class: org.codehaus.groovy.ast.expr.EmptyExpression>: null

22-11-2024T02:59:19 - [TEST_STEP][PASSED] - ii = <not implemented yet for class: org.codehaus.groovy.ast.expr.EmptyExpression>: null

22-11-2024T02:59:19 - [TEST_STEP][PASSED] - for ([ii = 1, ii < 4, (ii++)]): null

22-11-2024T02:59:19 - [TEST_STEP][PASSED] - i1 = x.indexOf("/") + 1: null

22-11-2024T02:59:19 - [TEST_STEP][PASSED] - if (i1 > -1): null

22-11-2024T02:59:19 - [TEST_STEP][PASSED] - x = x.substring(i1, x.length()): null

22-11-2024T02:59:19 - [TEST_STEP][PASSED] - println(x): null

22-11-2024T02:59:19 - [TEST_STEP][PASSED] - i1 = x.indexOf("/") + 1: null

22-11-2024T02:59:19 - [TEST_STEP][PASSED] - if (i1 > -1): null

22-11-2024T02:59:19 - [TEST_STEP][PASSED] - x = x.substring(i1, x.length()): null

22-11-2024T02:59:19 - [TEST_STEP][PASSED] - println(x): null

22-11-2024T02:59:19 - [TEST_STEP][PASSED] - i1 = x.indexOf("/") + 1: null

22-11-2024T02:59:19 - [TEST_STEP][PASSED] - if (i1 > -1): null

22-11-2024T02:59:19 - [TEST_STEP][PASSED] - x = x.substring(i1, x.length()): null

22-11-2024T02:59:19 - [TEST_STEP][PASSED] - println(x): null

22-11-2024T02:59:19 - [TEST_STEP][PASSED] - i1 = x.indexOf("/"): null

22-11-2024T02:59:19 - [TEST_STEP][PASSED] - if (i1 > -1): null

22-11-2024T02:59:19 - [TEST_STEP][PASSED] - x = x.substring(0, i1): null

22-11-2024T02:59:19 - [TEST_STEP][PASSED] - println(x): null

22-11-2024T02:59:19 - [TEST_STEP][FAILED] - return x: null

22-11-2024T02:59:19 - [TEST_STEP][FAILED] - if (verifyEqual(tabR, tabB) == false): null

22-11-2024T02:59:19 - [MESSAGE][FAILED] - Unable to verify equal between actual object 'нет данных' and expected object '3805253' (Root cause: com.kms.katalon.core.exception.StepFailedException: Actual object 'нет данных' and expected object '3805253' are not equal
	at com.kms.katalon.core.keyword.builtin.VerifyEqualKeyword$_verifyEqual_closure1.doCall(VerifyEqualKeyword.groovy:58)
	at com.kms.katalon.core.keyword.builtin.VerifyEqualKeyword$_verifyEqual_closure1.call(VerifyEqualKeyword.groovy)
	at com.kms.katalon.core.keyword.internal.KeywordMain.runKeyword(KeywordMain.groovy:75)
	at com.kms.katalon.core.keyword.builtin.VerifyEqualKeyword.verifyEqual(VerifyEqualKeyword.groovy:63)
	at com.kms.katalon.core.keyword.builtin.VerifyEqualKeyword.execute(VerifyEqualKeyword.groovy:44)
	at com.kms.katalon.core.keyword.internal.KeywordExecutor.executeKeywordForPlatform(KeywordExecutor.groovy:74)
	at com.kms.katalon.core.keyword.BuiltinKeywords.verifyEqual(BuiltinKeywords.groovy:146)
	at jdk.internal.reflect.GeneratedMethodAccessor25.invoke(Unknown Source)
	at java.base/jdk.internal.reflect.DelegatingMethodAccessorImpl.invoke(DelegatingMethodAccessorImpl.java:43)
	at Выполнение бизнес-плана сверка дашбордов.CompareDZOData(Выполнение бизнес-плана сверка дашбордов:706)
	at Выполнение бизнес-плана сверка дашбордов.run(Выполнение бизнес-плана сверка дашбордов:633)
	at com.kms.katalon.core.main.ScriptEngine.run(ScriptEngine.java:194)
	at com.kms.katalon.core.main.ScriptEngine.runScriptAsRawText(ScriptEngine.java:119)
	at com.kms.katalon.core.main.TestCaseExecutor.runScript(TestCaseExecutor.java:448)
	at com.kms.katalon.core.main.TestCaseExecutor.doExecute(TestCaseExecutor.java:439)
	at com.kms.katalon.core.main.TestCaseExecutor.processExecutionPhase(TestCaseExecutor.java:418)
	at com.kms.katalon.core.main.TestCaseExecutor.accessMainPhase(TestCaseExecutor.java:410)
	at com.kms.katalon.core.main.TestCaseExecutor.execute(TestCaseExecutor.java:285)
	at com.kms.katalon.core.common.CommonExecutor.accessTestCaseMainPhase(CommonExecutor.java:65)
	at com.kms.katalon.core.main.TestSuiteExecutor.accessTestSuiteMainPhase(TestSuiteExecutor.java:150)
	at com.kms.katalon.core.main.TestSuiteExecutor.execute(TestSuiteExecutor.java:106)
	at com.kms.katalon.core.main.TestCaseMain.startTestSuite(TestCaseMain.java:180)
	at TempTestSuite1732232929817.run(TempTestSuite1732232929817.groovy:35)
	at java.base/jdk.internal.reflect.NativeMethodAccessorImpl.invoke0(Native Method)
	at java.base/jdk.internal.reflect.NativeMethodAccessorImpl.invoke(NativeMethodAccessorImpl.java:77)
	at java.base/jdk.internal.reflect.DelegatingMethodAccessorImpl.invoke(DelegatingMethodAccessorImpl.java:43)
)

22-11-2024T02:59:19 - [TEST_STEP][PASSED] - result = WriteToExcel(typeOfData, todaysDate, PercPlanR, PercPlanB, PercFactR, PercFactB, x, tabR, tabB, o1R, o1B, vidget): null

22-11-2024T02:59:19 - [TEST_STEP][PASSED] - iii = dZO.indexOf("/"): null

22-11-2024T02:59:19 - [TEST_STEP][PASSED] - println(iii): null

22-11-2024T02:59:19 - [TEST_STEP][PASSED] - dZO = dZO.substring(0, iii): null

22-11-2024T02:59:19 - [TEST_STEP][PASSED] - println(dZO): null

22-11-2024T02:59:19 - [TEST_STEP][PASSED] - println(PercPlanR): null

22-11-2024T02:59:19 - [TEST_STEP][PASSED] - println(PercPlanB): null

22-11-2024T02:59:19 - [TEST_STEP][PASSED] - println(PercFactR): null

22-11-2024T02:59:19 - [TEST_STEP][PASSED] - println(PercFactB): null

22-11-2024T02:59:19 - [TEST_STEP][PASSED] - println(tabR): null

22-11-2024T02:59:19 - [TEST_STEP][PASSED] - println(tabB): null

22-11-2024T02:59:19 - [TEST_STEP][PASSED] - println(o1R): null

22-11-2024T02:59:19 - [TEST_STEP][PASSED] - println(o1B): null

22-11-2024T02:59:19 - [TEST_STEP][PASSED] - PR = <not implemented yet for class: org.codehaus.groovy.ast.expr.EmptyExpression>: null

22-11-2024T02:59:19 - [TEST_STEP][PASSED] - FR = <not implemented yet for class: org.codehaus.groovy.ast.expr.EmptyExpression>: null

22-11-2024T02:59:19 - [TEST_STEP][PASSED] - PB = <not implemented yet for class: org.codehaus.groovy.ast.expr.EmptyExpression>: null

22-11-2024T02:59:19 - [TEST_STEP][PASSED] - FB = <not implemented yet for class: org.codehaus.groovy.ast.expr.EmptyExpression>: null

22-11-2024T02:59:19 - [TEST_STEP][PASSED] - TR = <not implemented yet for class: org.codehaus.groovy.ast.expr.EmptyExpression>: null

22-11-2024T02:59:19 - [TEST_STEP][PASSED] - TB = <not implemented yet for class: org.codehaus.groovy.ast.expr.EmptyExpression>: null

22-11-2024T02:59:19 - [TEST_STEP][PASSED] - sheetName = "Sheet1": null

22-11-2024T02:59:19 - [TEST_STEP][PASSED] - data = findTestData("PlanFact"): null

22-11-2024T02:59:19 - [TEST_STEP][PASSED] - n = data.getRowNumbers() + 1: null

22-11-2024T02:59:19 - [TEST_STEP][PASSED] - year = todaysDate.substring(todaysDate.length() - 4, todaysDate.length()): null

22-11-2024T02:59:19 - [TEST_STEP][PASSED] - y = year.toInteger(): null

22-11-2024T02:59:19 - [TEST_STEP][PASSED] - m = getText(findTestObject("Выполнение бизнес-плана/Выполнение бизнес-плана Балансы/Фильтр Дата")): Text of object 'Object Repository/Выполнение бизнес-плана/Выполнение бизнес-плана Балансы/Фильтр Дата' is: '1, 2, 3 кв. 2024 года'

22-11-2024T02:59:20 - [MESSAGE][PASSED] - Text of object 'Object Repository/Выполнение бизнес-плана/Выполнение бизнес-плана Балансы/Фильтр Дата' is: '1, 2, 3 кв. 2024 года'

22-11-2024T02:59:20 - [TEST_STEP][PASSED] - m = m.substring(0, m.indexOf("2024")): null

22-11-2024T02:59:20 - [TEST_STEP][PASSED] - m = m.trim(): null

22-11-2024T02:59:20 - [TEST_STEP][PASSED] - dashboardName = "Выполнение бизнес-плана": null

22-11-2024T02:59:20 - [TEST_STEP][PASSED] - workbook01 = getWorkbook(excelFilePath): null

22-11-2024T02:59:20 - [TEST_STEP][PASSED] - sheet01 = getExcelSheet(workbook01, sheetName): null

22-11-2024T02:59:20 - [TEST_STEP][PASSED] - setValueToCellByIndex(sheet01, n, 0, dashboardName): null

22-11-2024T02:59:20 - [TEST_STEP][PASSED] - setValueToCellByIndex(sheet01, n, 1, dZO): null

22-11-2024T02:59:20 - [TEST_STEP][PASSED] - setValueToCellByIndex(sheet01, n, 2, typeOfData): null

22-11-2024T02:59:20 - [TEST_STEP][PASSED] - setValueToCellByIndex(sheet01, n, 3, typeOfData): null

22-11-2024T02:59:20 - [TEST_STEP][PASSED] - if (typeOfData == "План"): null

22-11-2024T02:59:20 - [TEST_STEP][PASSED] - else if (typeOfData == "Факт"): null

22-11-2024T02:59:20 - [TEST_STEP][PASSED] - else if (vidget.contains("электроэнергии") == true): null

22-11-2024T02:59:20 - [TEST_STEP][PASSED] - if (tabR == null): null

22-11-2024T02:59:20 - [TEST_STEP][PASSED] - else: null

22-11-2024T02:59:20 - [TEST_STEP][PASSED] - if (tabR == "нет данных"): null

22-11-2024T02:59:20 - [TEST_STEP][PASSED] - setValueToCellByIndex(sheet01, n, 4, "нет данных"): null

22-11-2024T02:59:20 - [TEST_STEP][PASSED] - if (tabB == null): null

22-11-2024T02:59:20 - [TEST_STEP][PASSED] - else: null

22-11-2024T02:59:20 - [TEST_STEP][PASSED] - if (tabB == "нет данных"): null

22-11-2024T02:59:20 - [TEST_STEP][PASSED] - else: null

22-11-2024T02:59:20 - [TEST_STEP][PASSED] - TB = tabB.toInteger(): null

22-11-2024T02:59:20 - [TEST_STEP][PASSED] - setValueToCellByIndex(sheet01, n, 5, TB): null

22-11-2024T02:59:20 - [TEST_STEP][PASSED] - setValueToCellByIndex(sheet01, n, 6, m): null

22-11-2024T02:59:20 - [TEST_STEP][PASSED] - setValueToCellByIndex(sheet01, n, 7, y): null

22-11-2024T02:59:20 - [TEST_STEP][PASSED] - setValueToCellByIndex(sheet01, n, 8, todaysDate): null

22-11-2024T02:59:20 - [TEST_STEP][PASSED] - n = n + 1: null

22-11-2024T02:59:20 - [TEST_STEP][PASSED] - saveWorkbook(excelFilePath, workbook01): null

22-11-2024T02:59:20 - [TEST_STEP][PASSED] - typeOfData = "Факт Отпуск из сети": null

22-11-2024T02:59:20 - [TEST_STEP][PASSED] - tabR = GetOiSFactR(x = a): null

22-11-2024T02:59:20 - [TEST_STEP][PASSED] - i1 = <not implemented yet for class: org.codehaus.groovy.ast.expr.EmptyExpression>: null

22-11-2024T02:59:20 - [TEST_STEP][PASSED] - ii = <not implemented yet for class: org.codehaus.groovy.ast.expr.EmptyExpression>: null

22-11-2024T02:59:20 - [TEST_STEP][PASSED] - for ([ii = 1, ii < 5, (ii++)]): null

22-11-2024T02:59:20 - [TEST_STEP][PASSED] - i1 = x.indexOf("/") + 1: null

22-11-2024T02:59:20 - [TEST_STEP][PASSED] - if (i1 > -1): null

22-11-2024T02:59:20 - [TEST_STEP][PASSED] - x = x.substring(i1, x.length()): null

22-11-2024T02:59:20 - [TEST_STEP][PASSED] - println(x): null

22-11-2024T02:59:20 - [TEST_STEP][PASSED] - i1 = x.indexOf("/") + 1: null

22-11-2024T02:59:20 - [TEST_STEP][PASSED] - if (i1 > -1): null

22-11-2024T02:59:20 - [TEST_STEP][PASSED] - x = x.substring(i1, x.length()): null

22-11-2024T02:59:20 - [TEST_STEP][PASSED] - println(x): null

22-11-2024T02:59:20 - [TEST_STEP][PASSED] - i1 = x.indexOf("/") + 1: null

22-11-2024T02:59:20 - [TEST_STEP][PASSED] - if (i1 > -1): null

22-11-2024T02:59:20 - [TEST_STEP][PASSED] - x = x.substring(i1, x.length()): null

22-11-2024T02:59:20 - [TEST_STEP][PASSED] - println(x): null

22-11-2024T02:59:20 - [TEST_STEP][PASSED] - i1 = x.indexOf("/") + 1: null

22-11-2024T02:59:20 - [TEST_STEP][PASSED] - if (i1 > -1): null

22-11-2024T02:59:20 - [TEST_STEP][PASSED] - x = x.substring(i1, x.length()): null

22-11-2024T02:59:20 - [TEST_STEP][PASSED] - println(x): null

22-11-2024T02:59:20 - [TEST_STEP][PASSED] - i1 = x.indexOf("/"): null

22-11-2024T02:59:20 - [TEST_STEP][PASSED] - if (i1 > -1): null

22-11-2024T02:59:20 - [TEST_STEP][PASSED] - x = x.substring(0, i1): null

22-11-2024T02:59:20 - [TEST_STEP][PASSED] - println(x): null

22-11-2024T02:59:20 - [TEST_STEP][PASSED] - return x: null

22-11-2024T02:59:20 - [TEST_STEP][PASSED] - tabB = GetOiSFactB(x = b): null

22-11-2024T02:59:20 - [TEST_STEP][PASSED] - i1 = <not implemented yet for class: org.codehaus.groovy.ast.expr.EmptyExpression>: null

22-11-2024T02:59:20 - [TEST_STEP][PASSED] - ii = <not implemented yet for class: org.codehaus.groovy.ast.expr.EmptyExpression>: null

22-11-2024T02:59:20 - [TEST_STEP][PASSED] - for ([ii = 1, ii < 5, (ii++)]): null

22-11-2024T02:59:20 - [TEST_STEP][PASSED] - i1 = x.indexOf("/") + 1: null

22-11-2024T02:59:20 - [TEST_STEP][PASSED] - if (i1 > -1): null

22-11-2024T02:59:20 - [TEST_STEP][PASSED] - x = x.substring(i1, x.length()): null

22-11-2024T02:59:20 - [TEST_STEP][PASSED] - println(x): null

22-11-2024T02:59:20 - [TEST_STEP][PASSED] - i1 = x.indexOf("/") + 1: null

22-11-2024T02:59:20 - [TEST_STEP][PASSED] - if (i1 > -1): null

22-11-2024T02:59:20 - [TEST_STEP][PASSED] - x = x.substring(i1, x.length()): null

22-11-2024T02:59:20 - [TEST_STEP][PASSED] - println(x): null

22-11-2024T02:59:20 - [TEST_STEP][PASSED] - i1 = x.indexOf("/") + 1: null

22-11-2024T02:59:20 - [TEST_STEP][PASSED] - if (i1 > -1): null

22-11-2024T02:59:20 - [TEST_STEP][PASSED] - x = x.substring(i1, x.length()): null

22-11-2024T02:59:20 - [TEST_STEP][PASSED] - println(x): null

22-11-2024T02:59:20 - [TEST_STEP][PASSED] - i1 = x.indexOf("/") + 1: null

22-11-2024T02:59:20 - [TEST_STEP][PASSED] - if (i1 > -1): null

22-11-2024T02:59:20 - [TEST_STEP][PASSED] - x = x.substring(i1, x.length()): null

22-11-2024T02:59:20 - [TEST_STEP][PASSED] - println(x): null

22-11-2024T02:59:20 - [TEST_STEP][PASSED] - i1 = x.indexOf("/"): null

22-11-2024T02:59:20 - [TEST_STEP][PASSED] - if (i1 > -1): null

22-11-2024T02:59:20 - [TEST_STEP][PASSED] - x = x.substring(0, i1): null

22-11-2024T02:59:20 - [TEST_STEP][PASSED] - println(x): null

22-11-2024T02:59:20 - [TEST_STEP][FAILED] - return x: null

22-11-2024T02:59:20 - [TEST_STEP][FAILED] - if (verifyEqual(tabR, tabB) == false): null

22-11-2024T02:59:20 - [MESSAGE][FAILED] - Unable to verify equal between actual object 'нет данных' and expected object '3498634' (Root cause: com.kms.katalon.core.exception.StepFailedException: Actual object 'нет данных' and expected object '3498634' are not equal
	at com.kms.katalon.core.keyword.builtin.VerifyEqualKeyword$_verifyEqual_closure1.doCall(VerifyEqualKeyword.groovy:58)
	at com.kms.katalon.core.keyword.builtin.VerifyEqualKeyword$_verifyEqual_closure1.call(VerifyEqualKeyword.groovy)
	at com.kms.katalon.core.keyword.internal.KeywordMain.runKeyword(KeywordMain.groovy:75)
	at com.kms.katalon.core.keyword.builtin.VerifyEqualKeyword.verifyEqual(VerifyEqualKeyword.groovy:63)
	at com.kms.katalon.core.keyword.builtin.VerifyEqualKeyword.execute(VerifyEqualKeyword.groovy:44)
	at com.kms.katalon.core.keyword.internal.KeywordExecutor.executeKeywordForPlatform(KeywordExecutor.groovy:74)
	at com.kms.katalon.core.keyword.BuiltinKeywords.verifyEqual(BuiltinKeywords.groovy:146)
	at jdk.internal.reflect.GeneratedMethodAccessor25.invoke(Unknown Source)
	at java.base/jdk.internal.reflect.DelegatingMethodAccessorImpl.invoke(DelegatingMethodAccessorImpl.java:43)
	at Выполнение бизнес-плана сверка дашбордов.CompareDZOData(Выполнение бизнес-плана сверка дашбордов:717)
	at Выполнение бизнес-плана сверка дашбордов.run(Выполнение бизнес-плана сверка дашбордов:633)
	at com.kms.katalon.core.main.ScriptEngine.run(ScriptEngine.java:194)
	at com.kms.katalon.core.main.ScriptEngine.runScriptAsRawText(ScriptEngine.java:119)
	at com.kms.katalon.core.main.TestCaseExecutor.runScript(TestCaseExecutor.java:448)
	at com.kms.katalon.core.main.TestCaseExecutor.doExecute(TestCaseExecutor.java:439)
	at com.kms.katalon.core.main.TestCaseExecutor.processExecutionPhase(TestCaseExecutor.java:418)
	at com.kms.katalon.core.main.TestCaseExecutor.accessMainPhase(TestCaseExecutor.java:410)
	at com.kms.katalon.core.main.TestCaseExecutor.execute(TestCaseExecutor.java:285)
	at com.kms.katalon.core.common.CommonExecutor.accessTestCaseMainPhase(CommonExecutor.java:65)
	at com.kms.katalon.core.main.TestSuiteExecutor.accessTestSuiteMainPhase(TestSuiteExecutor.java:150)
	at com.kms.katalon.core.main.TestSuiteExecutor.execute(TestSuiteExecutor.java:106)
	at com.kms.katalon.core.main.TestCaseMain.startTestSuite(TestCaseMain.java:180)
	at TempTestSuite1732232929817.run(TempTestSuite1732232929817.groovy:35)
	at java.base/jdk.internal.reflect.NativeMethodAccessorImpl.invoke0(Native Method)
	at java.base/jdk.internal.reflect.NativeMethodAccessorImpl.invoke(NativeMethodAccessorImpl.java:77)
	at java.base/jdk.internal.reflect.DelegatingMethodAccessorImpl.invoke(DelegatingMethodAccessorImpl.java:43)
)

22-11-2024T02:59:20 - [TEST_STEP][PASSED] - result = WriteToExcel(typeOfData, todaysDate, PercPlanR, PercPlanB, PercFactR, PercFactB, x, tabR, tabB, o1R, o1B, vidget): null

22-11-2024T02:59:20 - [TEST_STEP][PASSED] - iii = dZO.indexOf("/"): null

22-11-2024T02:59:20 - [TEST_STEP][PASSED] - println(iii): null

22-11-2024T02:59:20 - [TEST_STEP][PASSED] - dZO = dZO.substring(0, iii): null

22-11-2024T02:59:20 - [TEST_STEP][PASSED] - println(dZO): null

22-11-2024T02:59:20 - [TEST_STEP][PASSED] - println(PercPlanR): null

22-11-2024T02:59:20 - [TEST_STEP][PASSED] - println(PercPlanB): null

22-11-2024T02:59:20 - [TEST_STEP][PASSED] - println(PercFactR): null

22-11-2024T02:59:20 - [TEST_STEP][PASSED] - println(PercFactB): null

22-11-2024T02:59:20 - [TEST_STEP][PASSED] - println(tabR): null

22-11-2024T02:59:20 - [TEST_STEP][PASSED] - println(tabB): null

22-11-2024T02:59:20 - [TEST_STEP][PASSED] - println(o1R): null

22-11-2024T02:59:20 - [TEST_STEP][PASSED] - println(o1B): null

22-11-2024T02:59:20 - [TEST_STEP][PASSED] - PR = <not implemented yet for class: org.codehaus.groovy.ast.expr.EmptyExpression>: null

22-11-2024T02:59:20 - [TEST_STEP][PASSED] - FR = <not implemented yet for class: org.codehaus.groovy.ast.expr.EmptyExpression>: null

22-11-2024T02:59:20 - [TEST_STEP][PASSED] - PB = <not implemented yet for class: org.codehaus.groovy.ast.expr.EmptyExpression>: null

22-11-2024T02:59:20 - [TEST_STEP][PASSED] - FB = <not implemented yet for class: org.codehaus.groovy.ast.expr.EmptyExpression>: null

22-11-2024T02:59:20 - [TEST_STEP][PASSED] - TR = <not implemented yet for class: org.codehaus.groovy.ast.expr.EmptyExpression>: null

22-11-2024T02:59:20 - [TEST_STEP][PASSED] - TB = <not implemented yet for class: org.codehaus.groovy.ast.expr.EmptyExpression>: null

22-11-2024T02:59:20 - [TEST_STEP][PASSED] - sheetName = "Sheet1": null

22-11-2024T02:59:20 - [TEST_STEP][PASSED] - data = findTestData("PlanFact"): null

22-11-2024T02:59:20 - [TEST_STEP][PASSED] - n = data.getRowNumbers() + 1: null

22-11-2024T02:59:20 - [TEST_STEP][PASSED] - year = todaysDate.substring(todaysDate.length() - 4, todaysDate.length()): null

22-11-2024T02:59:20 - [TEST_STEP][PASSED] - y = year.toInteger(): null

22-11-2024T02:59:20 - [TEST_STEP][PASSED] - m = getText(findTestObject("Выполнение бизнес-плана/Выполнение бизнес-плана Балансы/Фильтр Дата")): Text of object 'Object Repository/Выполнение бизнес-плана/Выполнение бизнес-плана Балансы/Фильтр Дата' is: '1, 2, 3 кв. 2024 года'

22-11-2024T02:59:20 - [MESSAGE][PASSED] - Text of object 'Object Repository/Выполнение бизнес-плана/Выполнение бизнес-плана Балансы/Фильтр Дата' is: '1, 2, 3 кв. 2024 года'

22-11-2024T02:59:20 - [TEST_STEP][PASSED] - m = m.substring(0, m.indexOf("2024")): null

22-11-2024T02:59:20 - [TEST_STEP][PASSED] - m = m.trim(): null

22-11-2024T02:59:20 - [TEST_STEP][PASSED] - dashboardName = "Выполнение бизнес-плана": null

22-11-2024T02:59:20 - [TEST_STEP][PASSED] - workbook01 = getWorkbook(excelFilePath): null

22-11-2024T02:59:20 - [TEST_STEP][PASSED] - sheet01 = getExcelSheet(workbook01, sheetName): null

22-11-2024T02:59:20 - [TEST_STEP][PASSED] - setValueToCellByIndex(sheet01, n, 0, dashboardName): null

22-11-2024T02:59:20 - [TEST_STEP][PASSED] - setValueToCellByIndex(sheet01, n, 1, dZO): null

22-11-2024T02:59:20 - [TEST_STEP][PASSED] - setValueToCellByIndex(sheet01, n, 2, typeOfData): null

22-11-2024T02:59:20 - [TEST_STEP][PASSED] - setValueToCellByIndex(sheet01, n, 3, typeOfData): null

22-11-2024T02:59:20 - [TEST_STEP][PASSED] - if (typeOfData == "План"): null

22-11-2024T02:59:20 - [TEST_STEP][PASSED] - else if (typeOfData == "Факт"): null

22-11-2024T02:59:20 - [TEST_STEP][PASSED] - else if (vidget.contains("электроэнергии") == true): null

22-11-2024T02:59:20 - [TEST_STEP][PASSED] - if (tabR == null): null

22-11-2024T02:59:20 - [TEST_STEP][PASSED] - else: null

22-11-2024T02:59:20 - [TEST_STEP][PASSED] - if (tabR == "нет данных"): null

22-11-2024T02:59:20 - [TEST_STEP][PASSED] - setValueToCellByIndex(sheet01, n, 4, "нет данных"): null

22-11-2024T02:59:20 - [TEST_STEP][PASSED] - if (tabB == null): null

22-11-2024T02:59:20 - [TEST_STEP][PASSED] - else: null

22-11-2024T02:59:20 - [TEST_STEP][PASSED] - if (tabB == "нет данных"): null

22-11-2024T02:59:20 - [TEST_STEP][PASSED] - else: null

22-11-2024T02:59:20 - [TEST_STEP][PASSED] - TB = tabB.toInteger(): null

22-11-2024T02:59:20 - [TEST_STEP][PASSED] - setValueToCellByIndex(sheet01, n, 5, TB): null

22-11-2024T02:59:20 - [TEST_STEP][PASSED] - setValueToCellByIndex(sheet01, n, 6, m): null

22-11-2024T02:59:20 - [TEST_STEP][PASSED] - setValueToCellByIndex(sheet01, n, 7, y): null

22-11-2024T02:59:20 - [TEST_STEP][PASSED] - setValueToCellByIndex(sheet01, n, 8, todaysDate): null

22-11-2024T02:59:20 - [TEST_STEP][PASSED] - n = n + 1: null

22-11-2024T02:59:20 - [TEST_STEP][PASSED] - saveWorkbook(excelFilePath, workbook01): null

22-11-2024T02:59:21 - [TEST_STEP][PASSED] - typeOfData = "Факт Потери": null

22-11-2024T02:59:21 - [TEST_STEP][PASSED] - tabR = GetPFactR(x = a): null

22-11-2024T02:59:21 - [TEST_STEP][PASSED] - i1 = <not implemented yet for class: org.codehaus.groovy.ast.expr.EmptyExpression>: null

22-11-2024T02:59:21 - [TEST_STEP][PASSED] - ii = <not implemented yet for class: org.codehaus.groovy.ast.expr.EmptyExpression>: null

22-11-2024T02:59:21 - [TEST_STEP][PASSED] - for ([ii = 1, ii < 6, (ii++)]): null

22-11-2024T02:59:21 - [TEST_STEP][PASSED] - i1 = x.indexOf("/") + 1: null

22-11-2024T02:59:21 - [TEST_STEP][PASSED] - if (i1 > -1): null

22-11-2024T02:59:21 - [TEST_STEP][PASSED] - x = x.substring(i1, x.length()): null

22-11-2024T02:59:21 - [TEST_STEP][PASSED] - println(x): null

22-11-2024T02:59:21 - [TEST_STEP][PASSED] - i1 = x.indexOf("/") + 1: null

22-11-2024T02:59:21 - [TEST_STEP][PASSED] - if (i1 > -1): null

22-11-2024T02:59:21 - [TEST_STEP][PASSED] - x = x.substring(i1, x.length()): null

22-11-2024T02:59:21 - [TEST_STEP][PASSED] - println(x): null

22-11-2024T02:59:21 - [TEST_STEP][PASSED] - i1 = x.indexOf("/") + 1: null

22-11-2024T02:59:21 - [TEST_STEP][PASSED] - if (i1 > -1): null

22-11-2024T02:59:21 - [TEST_STEP][PASSED] - x = x.substring(i1, x.length()): null

22-11-2024T02:59:21 - [TEST_STEP][PASSED] - println(x): null

22-11-2024T02:59:21 - [TEST_STEP][PASSED] - i1 = x.indexOf("/") + 1: null

22-11-2024T02:59:21 - [TEST_STEP][PASSED] - if (i1 > -1): null

22-11-2024T02:59:21 - [TEST_STEP][PASSED] - x = x.substring(i1, x.length()): null

22-11-2024T02:59:21 - [TEST_STEP][PASSED] - println(x): null

22-11-2024T02:59:21 - [TEST_STEP][PASSED] - i1 = x.indexOf("/") + 1: null

22-11-2024T02:59:21 - [TEST_STEP][PASSED] - if (i1 > -1): null

22-11-2024T02:59:21 - [TEST_STEP][PASSED] - x = x.substring(i1, x.length()): null

22-11-2024T02:59:21 - [TEST_STEP][PASSED] - println(x): null

22-11-2024T02:59:21 - [TEST_STEP][PASSED] - i1 = x.indexOf("/"): null

22-11-2024T02:59:21 - [TEST_STEP][PASSED] - if (i1 > -1): null

22-11-2024T02:59:21 - [TEST_STEP][PASSED] - x = x.substring(0, i1): null

22-11-2024T02:59:21 - [TEST_STEP][PASSED] - println(x): null

22-11-2024T02:59:21 - [TEST_STEP][PASSED] - return x: null

22-11-2024T02:59:21 - [TEST_STEP][PASSED] - tabB = GetPFactB(x = b): null

22-11-2024T02:59:21 - [TEST_STEP][PASSED] - i1 = <not implemented yet for class: org.codehaus.groovy.ast.expr.EmptyExpression>: null

22-11-2024T02:59:21 - [TEST_STEP][PASSED] - ii = <not implemented yet for class: org.codehaus.groovy.ast.expr.EmptyExpression>: null

22-11-2024T02:59:21 - [TEST_STEP][PASSED] - for ([ii = 1, ii < 6, (ii++)]): null

22-11-2024T02:59:21 - [TEST_STEP][PASSED] - i1 = x.indexOf("/") + 1: null

22-11-2024T02:59:21 - [TEST_STEP][PASSED] - if (i1 > -1): null

22-11-2024T02:59:21 - [TEST_STEP][PASSED] - x = x.substring(i1, x.length()): null

22-11-2024T02:59:21 - [TEST_STEP][PASSED] - println(x): null

22-11-2024T02:59:21 - [TEST_STEP][PASSED] - i1 = x.indexOf("/") + 1: null

22-11-2024T02:59:21 - [TEST_STEP][PASSED] - if (i1 > -1): null

22-11-2024T02:59:21 - [TEST_STEP][PASSED] - x = x.substring(i1, x.length()): null

22-11-2024T02:59:21 - [TEST_STEP][PASSED] - println(x): null

22-11-2024T02:59:21 - [TEST_STEP][PASSED] - i1 = x.indexOf("/") + 1: null

22-11-2024T02:59:21 - [TEST_STEP][PASSED] - if (i1 > -1): null

22-11-2024T02:59:21 - [TEST_STEP][PASSED] - x = x.substring(i1, x.length()): null

22-11-2024T02:59:21 - [TEST_STEP][PASSED] - println(x): null

22-11-2024T02:59:21 - [TEST_STEP][PASSED] - i1 = x.indexOf("/") + 1: null

22-11-2024T02:59:21 - [TEST_STEP][PASSED] - if (i1 > -1): null

22-11-2024T02:59:21 - [TEST_STEP][PASSED] - x = x.substring(i1, x.length()): null

22-11-2024T02:59:21 - [TEST_STEP][PASSED] - println(x): null

22-11-2024T02:59:21 - [TEST_STEP][PASSED] - i1 = x.indexOf("/") + 1: null

22-11-2024T02:59:21 - [TEST_STEP][PASSED] - if (i1 > -1): null

22-11-2024T02:59:21 - [TEST_STEP][PASSED] - x = x.substring(i1, x.length()): null

22-11-2024T02:59:21 - [TEST_STEP][PASSED] - println(x): null

22-11-2024T02:59:21 - [TEST_STEP][PASSED] - i1 = x.indexOf("/"): null

22-11-2024T02:59:21 - [TEST_STEP][PASSED] - if (i1 > -1): null

22-11-2024T02:59:21 - [TEST_STEP][PASSED] - x = x.substring(0, i1): null

22-11-2024T02:59:21 - [TEST_STEP][PASSED] - println(x): null

22-11-2024T02:59:21 - [TEST_STEP][FAILED] - return x: null

22-11-2024T02:59:21 - [TEST_STEP][PASSED] - println(tabR + "/" + tabB): null

22-11-2024T02:59:21 - [TEST_STEP][FAILED] - if (verifyEqual(tabR, tabB) == false): null

22-11-2024T02:59:21 - [MESSAGE][FAILED] - Unable to verify equal between actual object 'нет данных' and expected object '306619' (Root cause: com.kms.katalon.core.exception.StepFailedException: Actual object 'нет данных' and expected object '306619' are not equal
	at com.kms.katalon.core.keyword.builtin.VerifyEqualKeyword$_verifyEqual_closure1.doCall(VerifyEqualKeyword.groovy:58)
	at com.kms.katalon.core.keyword.builtin.VerifyEqualKeyword$_verifyEqual_closure1.call(VerifyEqualKeyword.groovy)
	at com.kms.katalon.core.keyword.internal.KeywordMain.runKeyword(KeywordMain.groovy:75)
	at com.kms.katalon.core.keyword.builtin.VerifyEqualKeyword.verifyEqual(VerifyEqualKeyword.groovy:63)
	at com.kms.katalon.core.keyword.builtin.VerifyEqualKeyword.execute(VerifyEqualKeyword.groovy:44)
	at com.kms.katalon.core.keyword.internal.KeywordExecutor.executeKeywordForPlatform(KeywordExecutor.groovy:74)
	at com.kms.katalon.core.keyword.BuiltinKeywords.verifyEqual(BuiltinKeywords.groovy:146)
	at jdk.internal.reflect.GeneratedMethodAccessor25.invoke(Unknown Source)
	at java.base/jdk.internal.reflect.DelegatingMethodAccessorImpl.invoke(DelegatingMethodAccessorImpl.java:43)
	at Выполнение бизнес-плана сверка дашбордов.CompareDZOData(Выполнение бизнес-плана сверка дашбордов:730)
	at Выполнение бизнес-плана сверка дашбордов.run(Выполнение бизнес-плана сверка дашбордов:633)
	at com.kms.katalon.core.main.ScriptEngine.run(ScriptEngine.java:194)
	at com.kms.katalon.core.main.ScriptEngine.runScriptAsRawText(ScriptEngine.java:119)
	at com.kms.katalon.core.main.TestCaseExecutor.runScript(TestCaseExecutor.java:448)
	at com.kms.katalon.core.main.TestCaseExecutor.doExecute(TestCaseExecutor.java:439)
	at com.kms.katalon.core.main.TestCaseExecutor.processExecutionPhase(TestCaseExecutor.java:418)
	at com.kms.katalon.core.main.TestCaseExecutor.accessMainPhase(TestCaseExecutor.java:410)
	at com.kms.katalon.core.main.TestCaseExecutor.execute(TestCaseExecutor.java:285)
	at com.kms.katalon.core.common.CommonExecutor.accessTestCaseMainPhase(CommonExecutor.java:65)
	at com.kms.katalon.core.main.TestSuiteExecutor.accessTestSuiteMainPhase(TestSuiteExecutor.java:150)
	at com.kms.katalon.core.main.TestSuiteExecutor.execute(TestSuiteExecutor.java:106)
	at com.kms.katalon.core.main.TestCaseMain.startTestSuite(TestCaseMain.java:180)
	at TempTestSuite1732232929817.run(TempTestSuite1732232929817.groovy:35)
	at java.base/jdk.internal.reflect.NativeMethodAccessorImpl.invoke0(Native Method)
	at java.base/jdk.internal.reflect.NativeMethodAccessorImpl.invoke(NativeMethodAccessorImpl.java:77)
	at java.base/jdk.internal.reflect.DelegatingMethodAccessorImpl.invoke(DelegatingMethodAccessorImpl.java:43)
)

22-11-2024T02:59:21 - [TEST_STEP][PASSED] - result = WriteToExcel(typeOfData, todaysDate, PercPlanR, PercPlanB, PercFactR, PercFactB, x, tabR, tabB, o1R, o1B, vidget): null

22-11-2024T02:59:21 - [TEST_STEP][PASSED] - iii = dZO.indexOf("/"): null

22-11-2024T02:59:21 - [TEST_STEP][PASSED] - println(iii): null

22-11-2024T02:59:21 - [TEST_STEP][PASSED] - dZO = dZO.substring(0, iii): null

22-11-2024T02:59:21 - [TEST_STEP][PASSED] - println(dZO): null

22-11-2024T02:59:21 - [TEST_STEP][PASSED] - println(PercPlanR): null

22-11-2024T02:59:21 - [TEST_STEP][PASSED] - println(PercPlanB): null

22-11-2024T02:59:21 - [TEST_STEP][PASSED] - println(PercFactR): null

22-11-2024T02:59:21 - [TEST_STEP][PASSED] - println(PercFactB): null

22-11-2024T02:59:21 - [TEST_STEP][PASSED] - println(tabR): null

22-11-2024T02:59:21 - [TEST_STEP][PASSED] - println(tabB): null

22-11-2024T02:59:21 - [TEST_STEP][PASSED] - println(o1R): null

22-11-2024T02:59:21 - [TEST_STEP][PASSED] - println(o1B): null

22-11-2024T02:59:21 - [TEST_STEP][PASSED] - PR = <not implemented yet for class: org.codehaus.groovy.ast.expr.EmptyExpression>: null

22-11-2024T02:59:21 - [TEST_STEP][PASSED] - FR = <not implemented yet for class: org.codehaus.groovy.ast.expr.EmptyExpression>: null

22-11-2024T02:59:21 - [TEST_STEP][PASSED] - PB = <not implemented yet for class: org.codehaus.groovy.ast.expr.EmptyExpression>: null

22-11-2024T02:59:21 - [TEST_STEP][PASSED] - FB = <not implemented yet for class: org.codehaus.groovy.ast.expr.EmptyExpression>: null

22-11-2024T02:59:21 - [TEST_STEP][PASSED] - TR = <not implemented yet for class: org.codehaus.groovy.ast.expr.EmptyExpression>: null

22-11-2024T02:59:21 - [TEST_STEP][PASSED] - TB = <not implemented yet for class: org.codehaus.groovy.ast.expr.EmptyExpression>: null

22-11-2024T02:59:21 - [TEST_STEP][PASSED] - sheetName = "Sheet1": null

22-11-2024T02:59:21 - [TEST_STEP][PASSED] - data = findTestData("PlanFact"): null

22-11-2024T02:59:21 - [TEST_STEP][PASSED] - n = data.getRowNumbers() + 1: null

22-11-2024T02:59:21 - [TEST_STEP][PASSED] - year = todaysDate.substring(todaysDate.length() - 4, todaysDate.length()): null

22-11-2024T02:59:21 - [TEST_STEP][PASSED] - y = year.toInteger(): null

22-11-2024T02:59:21 - [TEST_STEP][PASSED] - m = getText(findTestObject("Выполнение бизнес-плана/Выполнение бизнес-плана Балансы/Фильтр Дата")): Text of object 'Object Repository/Выполнение бизнес-плана/Выполнение бизнес-плана Балансы/Фильтр Дата' is: '1, 2, 3 кв. 2024 года'

22-11-2024T02:59:21 - [MESSAGE][PASSED] - Text of object 'Object Repository/Выполнение бизнес-плана/Выполнение бизнес-плана Балансы/Фильтр Дата' is: '1, 2, 3 кв. 2024 года'

22-11-2024T02:59:21 - [TEST_STEP][PASSED] - m = m.substring(0, m.indexOf("2024")): null

22-11-2024T02:59:21 - [TEST_STEP][PASSED] - m = m.trim(): null

22-11-2024T02:59:21 - [TEST_STEP][PASSED] - dashboardName = "Выполнение бизнес-плана": null

22-11-2024T02:59:21 - [TEST_STEP][PASSED] - workbook01 = getWorkbook(excelFilePath): null

22-11-2024T02:59:21 - [TEST_STEP][PASSED] - sheet01 = getExcelSheet(workbook01, sheetName): null

22-11-2024T02:59:21 - [TEST_STEP][PASSED] - setValueToCellByIndex(sheet01, n, 0, dashboardName): null

22-11-2024T02:59:21 - [TEST_STEP][PASSED] - setValueToCellByIndex(sheet01, n, 1, dZO): null

22-11-2024T02:59:21 - [TEST_STEP][PASSED] - setValueToCellByIndex(sheet01, n, 2, typeOfData): null

22-11-2024T02:59:21 - [TEST_STEP][PASSED] - setValueToCellByIndex(sheet01, n, 3, typeOfData): null

22-11-2024T02:59:21 - [TEST_STEP][PASSED] - if (typeOfData == "План"): null

22-11-2024T02:59:21 - [TEST_STEP][PASSED] - else if (typeOfData == "Факт"): null

22-11-2024T02:59:21 - [TEST_STEP][PASSED] - else if (vidget.contains("электроэнергии") == true): null

22-11-2024T02:59:21 - [TEST_STEP][PASSED] - if (tabR == null): null

22-11-2024T02:59:21 - [TEST_STEP][PASSED] - else: null

22-11-2024T02:59:21 - [TEST_STEP][PASSED] - if (tabR == "нет данных"): null

22-11-2024T02:59:21 - [TEST_STEP][PASSED] - setValueToCellByIndex(sheet01, n, 4, "нет данных"): null

22-11-2024T02:59:21 - [TEST_STEP][PASSED] - if (tabB == null): null

22-11-2024T02:59:21 - [TEST_STEP][PASSED] - else: null

22-11-2024T02:59:21 - [TEST_STEP][PASSED] - if (tabB == "нет данных"): null

22-11-2024T02:59:21 - [TEST_STEP][PASSED] - else: null

22-11-2024T02:59:21 - [TEST_STEP][PASSED] - TB = tabB.toInteger(): null

22-11-2024T02:59:21 - [TEST_STEP][PASSED] - setValueToCellByIndex(sheet01, n, 5, TB): null

22-11-2024T02:59:21 - [TEST_STEP][PASSED] - setValueToCellByIndex(sheet01, n, 6, m): null

22-11-2024T02:59:21 - [TEST_STEP][PASSED] - setValueToCellByIndex(sheet01, n, 7, y): null

22-11-2024T02:59:21 - [TEST_STEP][PASSED] - setValueToCellByIndex(sheet01, n, 8, todaysDate): null

22-11-2024T02:59:21 - [TEST_STEP][PASSED] - n = n + 1: null

22-11-2024T02:59:21 - [TEST_STEP][PASSED] - saveWorkbook(excelFilePath, workbook01): null

22-11-2024T02:59:21 - [TEST_STEP][PASSED] - vidget = "Показатели баланса электроэнергии по ДЗО – План": null

22-11-2024T02:59:21 - [TEST_STEP][PASSED] - typeOfData = "План Отпуск в сеть": null

22-11-2024T02:59:21 - [TEST_STEP][PASSED] - tabR = GetOvSPlanR(x = a): null

22-11-2024T02:59:21 - [TEST_STEP][PASSED] - i1 = <not implemented yet for class: org.codehaus.groovy.ast.expr.EmptyExpression>: null

22-11-2024T02:59:21 - [TEST_STEP][PASSED] - ii = <not implemented yet for class: org.codehaus.groovy.ast.expr.EmptyExpression>: null

22-11-2024T02:59:21 - [TEST_STEP][PASSED] - for ([ii = 1, ii < 7, (ii++)]): null

22-11-2024T02:59:21 - [TEST_STEP][PASSED] - i1 = x.indexOf("/") + 1: null

22-11-2024T02:59:21 - [TEST_STEP][PASSED] - if (i1 > -1): null

22-11-2024T02:59:21 - [TEST_STEP][PASSED] - x = x.substring(i1, x.length()): null

22-11-2024T02:59:21 - [TEST_STEP][PASSED] - println(x): null

22-11-2024T02:59:21 - [TEST_STEP][PASSED] - i1 = x.indexOf("/") + 1: null

22-11-2024T02:59:21 - [TEST_STEP][PASSED] - if (i1 > -1): null

22-11-2024T02:59:21 - [TEST_STEP][PASSED] - x = x.substring(i1, x.length()): null

22-11-2024T02:59:21 - [TEST_STEP][PASSED] - println(x): null

22-11-2024T02:59:21 - [TEST_STEP][PASSED] - i1 = x.indexOf("/") + 1: null

22-11-2024T02:59:21 - [TEST_STEP][PASSED] - if (i1 > -1): null

22-11-2024T02:59:21 - [TEST_STEP][PASSED] - x = x.substring(i1, x.length()): null

22-11-2024T02:59:21 - [TEST_STEP][PASSED] - println(x): null

22-11-2024T02:59:21 - [TEST_STEP][PASSED] - i1 = x.indexOf("/") + 1: null

22-11-2024T02:59:21 - [TEST_STEP][PASSED] - if (i1 > -1): null

22-11-2024T02:59:21 - [TEST_STEP][PASSED] - x = x.substring(i1, x.length()): null

22-11-2024T02:59:21 - [TEST_STEP][PASSED] - println(x): null

22-11-2024T02:59:21 - [TEST_STEP][PASSED] - i1 = x.indexOf("/") + 1: null

22-11-2024T02:59:21 - [TEST_STEP][PASSED] - if (i1 > -1): null

22-11-2024T02:59:21 - [TEST_STEP][PASSED] - x = x.substring(i1, x.length()): null

22-11-2024T02:59:21 - [TEST_STEP][PASSED] - println(x): null

22-11-2024T02:59:21 - [TEST_STEP][PASSED] - i1 = x.indexOf("/") + 1: null

22-11-2024T02:59:21 - [TEST_STEP][PASSED] - if (i1 > -1): null

22-11-2024T02:59:21 - [TEST_STEP][PASSED] - x = x.substring(i1, x.length()): null

22-11-2024T02:59:21 - [TEST_STEP][PASSED] - println(x): null

22-11-2024T02:59:21 - [TEST_STEP][PASSED] - i1 = x.indexOf("/"): null

22-11-2024T02:59:21 - [TEST_STEP][PASSED] - if (i1 > -1): null

22-11-2024T02:59:21 - [TEST_STEP][PASSED] - x = x.substring(0, i1): null

22-11-2024T02:59:21 - [TEST_STEP][PASSED] - println(x): null

22-11-2024T02:59:21 - [TEST_STEP][PASSED] - return x: null

22-11-2024T02:59:21 - [TEST_STEP][PASSED] - tabB = GetOvSPlanB(x = b): null

22-11-2024T02:59:21 - [TEST_STEP][PASSED] - i1 = <not implemented yet for class: org.codehaus.groovy.ast.expr.EmptyExpression>: null

22-11-2024T02:59:21 - [TEST_STEP][PASSED] - ii = <not implemented yet for class: org.codehaus.groovy.ast.expr.EmptyExpression>: null

22-11-2024T02:59:21 - [TEST_STEP][PASSED] - for ([ii = 1, ii < 7, (ii++)]): null

22-11-2024T02:59:21 - [TEST_STEP][PASSED] - i1 = x.indexOf("/") + 1: null

22-11-2024T02:59:21 - [TEST_STEP][PASSED] - if (i1 > -1): null

22-11-2024T02:59:21 - [TEST_STEP][PASSED] - x = x.substring(i1, x.length()): null

22-11-2024T02:59:21 - [TEST_STEP][PASSED] - println(x): null

22-11-2024T02:59:21 - [TEST_STEP][PASSED] - i1 = x.indexOf("/") + 1: null

22-11-2024T02:59:21 - [TEST_STEP][PASSED] - if (i1 > -1): null

22-11-2024T02:59:21 - [TEST_STEP][PASSED] - x = x.substring(i1, x.length()): null

22-11-2024T02:59:21 - [TEST_STEP][PASSED] - println(x): null

22-11-2024T02:59:21 - [TEST_STEP][PASSED] - i1 = x.indexOf("/") + 1: null

22-11-2024T02:59:21 - [TEST_STEP][PASSED] - if (i1 > -1): null

22-11-2024T02:59:21 - [TEST_STEP][PASSED] - x = x.substring(i1, x.length()): null

22-11-2024T02:59:21 - [TEST_STEP][PASSED] - println(x): null

22-11-2024T02:59:21 - [TEST_STEP][PASSED] - i1 = x.indexOf("/") + 1: null

22-11-2024T02:59:21 - [TEST_STEP][PASSED] - if (i1 > -1): null

22-11-2024T02:59:21 - [TEST_STEP][PASSED] - x = x.substring(i1, x.length()): null

22-11-2024T02:59:21 - [TEST_STEP][PASSED] - println(x): null

22-11-2024T02:59:21 - [TEST_STEP][PASSED] - i1 = x.indexOf("/") + 1: null

22-11-2024T02:59:21 - [TEST_STEP][PASSED] - if (i1 > -1): null

22-11-2024T02:59:21 - [TEST_STEP][PASSED] - x = x.substring(i1, x.length()): null

22-11-2024T02:59:21 - [TEST_STEP][PASSED] - println(x): null

22-11-2024T02:59:21 - [TEST_STEP][PASSED] - i1 = x.indexOf("/") + 1: null

22-11-2024T02:59:21 - [TEST_STEP][PASSED] - if (i1 > -1): null

22-11-2024T02:59:21 - [TEST_STEP][PASSED] - x = x.substring(i1, x.length()): null

22-11-2024T02:59:21 - [TEST_STEP][PASSED] - println(x): null

22-11-2024T02:59:21 - [TEST_STEP][PASSED] - i1 = x.indexOf("/"): null

22-11-2024T02:59:21 - [TEST_STEP][PASSED] - if (i1 > -1): null

22-11-2024T02:59:21 - [TEST_STEP][PASSED] - x = x.substring(0, i1): null

22-11-2024T02:59:21 - [TEST_STEP][PASSED] - println(x): null

22-11-2024T02:59:21 - [TEST_STEP][FAILED] - return x: null

22-11-2024T02:59:21 - [TEST_STEP][PASSED] - println(tabR + "/" + tabB): null

22-11-2024T02:59:21 - [TEST_STEP][FAILED] - if (verifyEqual(PercFactR, PercFactB) == false): null

22-11-2024T02:59:21 - [MESSAGE][FAILED] - Unable to verify equal between actual object 'нет данных' and expected object '8.06' (Root cause: com.kms.katalon.core.exception.StepFailedException: Actual object 'нет данных' and expected object '8.06' are not equal
	at com.kms.katalon.core.keyword.builtin.VerifyEqualKeyword$_verifyEqual_closure1.doCall(VerifyEqualKeyword.groovy:58)
	at com.kms.katalon.core.keyword.builtin.VerifyEqualKeyword$_verifyEqual_closure1.call(VerifyEqualKeyword.groovy)
	at com.kms.katalon.core.keyword.internal.KeywordMain.runKeyword(KeywordMain.groovy:75)
	at com.kms.katalon.core.keyword.builtin.VerifyEqualKeyword.verifyEqual(VerifyEqualKeyword.groovy:63)
	at com.kms.katalon.core.keyword.builtin.VerifyEqualKeyword.execute(VerifyEqualKeyword.groovy:44)
	at com.kms.katalon.core.keyword.internal.KeywordExecutor.executeKeywordForPlatform(KeywordExecutor.groovy:74)
	at com.kms.katalon.core.keyword.BuiltinKeywords.verifyEqual(BuiltinKeywords.groovy:146)
	at jdk.internal.reflect.GeneratedMethodAccessor25.invoke(Unknown Source)
	at java.base/jdk.internal.reflect.DelegatingMethodAccessorImpl.invoke(DelegatingMethodAccessorImpl.java:43)
	at Выполнение бизнес-плана сверка дашбордов.CompareDZOData(Выполнение бизнес-плана сверка дашбордов:745)
	at Выполнение бизнес-плана сверка дашбордов.run(Выполнение бизнес-плана сверка дашбордов:633)
	at com.kms.katalon.core.main.ScriptEngine.run(ScriptEngine.java:194)
	at com.kms.katalon.core.main.ScriptEngine.runScriptAsRawText(ScriptEngine.java:119)
	at com.kms.katalon.core.main.TestCaseExecutor.runScript(TestCaseExecutor.java:448)
	at com.kms.katalon.core.main.TestCaseExecutor.doExecute(TestCaseExecutor.java:439)
	at com.kms.katalon.core.main.TestCaseExecutor.processExecutionPhase(TestCaseExecutor.java:418)
	at com.kms.katalon.core.main.TestCaseExecutor.accessMainPhase(TestCaseExecutor.java:410)
	at com.kms.katalon.core.main.TestCaseExecutor.execute(TestCaseExecutor.java:285)
	at com.kms.katalon.core.common.CommonExecutor.accessTestCaseMainPhase(CommonExecutor.java:65)
	at com.kms.katalon.core.main.TestSuiteExecutor.accessTestSuiteMainPhase(TestSuiteExecutor.java:150)
	at com.kms.katalon.core.main.TestSuiteExecutor.execute(TestSuiteExecutor.java:106)
	at com.kms.katalon.core.main.TestCaseMain.startTestSuite(TestCaseMain.java:180)
	at TempTestSuite1732232929817.run(TempTestSuite1732232929817.groovy:35)
	at java.base/jdk.internal.reflect.NativeMethodAccessorImpl.invoke0(Native Method)
	at java.base/jdk.internal.reflect.NativeMethodAccessorImpl.invoke(NativeMethodAccessorImpl.java:77)
	at java.base/jdk.internal.reflect.DelegatingMethodAccessorImpl.invoke(DelegatingMethodAccessorImpl.java:43)
)

22-11-2024T02:59:21 - [TEST_STEP][PASSED] - result = WriteToExcel(typeOfData, todaysDate, PercPlanR, PercPlanB, PercFactR, PercFactB, x, tabR, tabB, o1R, o1B, vidget): null

22-11-2024T02:59:21 - [TEST_STEP][PASSED] - iii = dZO.indexOf("/"): null

22-11-2024T02:59:21 - [TEST_STEP][PASSED] - println(iii): null

22-11-2024T02:59:21 - [TEST_STEP][PASSED] - dZO = dZO.substring(0, iii): null

22-11-2024T02:59:21 - [TEST_STEP][PASSED] - println(dZO): null

22-11-2024T02:59:21 - [TEST_STEP][PASSED] - println(PercPlanR): null

22-11-2024T02:59:21 - [TEST_STEP][PASSED] - println(PercPlanB): null

22-11-2024T02:59:21 - [TEST_STEP][PASSED] - println(PercFactR): null

22-11-2024T02:59:21 - [TEST_STEP][PASSED] - println(PercFactB): null

22-11-2024T02:59:21 - [TEST_STEP][PASSED] - println(tabR): null

22-11-2024T02:59:21 - [TEST_STEP][PASSED] - println(tabB): null

22-11-2024T02:59:21 - [TEST_STEP][PASSED] - println(o1R): null

22-11-2024T02:59:21 - [TEST_STEP][PASSED] - println(o1B): null

22-11-2024T02:59:21 - [TEST_STEP][PASSED] - PR = <not implemented yet for class: org.codehaus.groovy.ast.expr.EmptyExpression>: null

22-11-2024T02:59:21 - [TEST_STEP][PASSED] - FR = <not implemented yet for class: org.codehaus.groovy.ast.expr.EmptyExpression>: null

22-11-2024T02:59:21 - [TEST_STEP][PASSED] - PB = <not implemented yet for class: org.codehaus.groovy.ast.expr.EmptyExpression>: null

22-11-2024T02:59:21 - [TEST_STEP][PASSED] - FB = <not implemented yet for class: org.codehaus.groovy.ast.expr.EmptyExpression>: null

22-11-2024T02:59:21 - [TEST_STEP][PASSED] - TR = <not implemented yet for class: org.codehaus.groovy.ast.expr.EmptyExpression>: null

22-11-2024T02:59:21 - [TEST_STEP][PASSED] - TB = <not implemented yet for class: org.codehaus.groovy.ast.expr.EmptyExpression>: null

22-11-2024T02:59:21 - [TEST_STEP][PASSED] - sheetName = "Sheet1": null

22-11-2024T02:59:21 - [TEST_STEP][PASSED] - data = findTestData("PlanFact"): null

22-11-2024T02:59:21 - [TEST_STEP][PASSED] - n = data.getRowNumbers() + 1: null

22-11-2024T02:59:21 - [TEST_STEP][PASSED] - year = todaysDate.substring(todaysDate.length() - 4, todaysDate.length()): null

22-11-2024T02:59:21 - [TEST_STEP][PASSED] - y = year.toInteger(): null

22-11-2024T02:59:21 - [TEST_STEP][PASSED] - m = getText(findTestObject("Выполнение бизнес-плана/Выполнение бизнес-плана Балансы/Фильтр Дата")): Text of object 'Object Repository/Выполнение бизнес-плана/Выполнение бизнес-плана Балансы/Фильтр Дата' is: '1, 2, 3 кв. 2024 года'

22-11-2024T02:59:22 - [MESSAGE][PASSED] - Text of object 'Object Repository/Выполнение бизнес-плана/Выполнение бизнес-плана Балансы/Фильтр Дата' is: '1, 2, 3 кв. 2024 года'

22-11-2024T02:59:22 - [TEST_STEP][PASSED] - m = m.substring(0, m.indexOf("2024")): null

22-11-2024T02:59:22 - [TEST_STEP][PASSED] - m = m.trim(): null

22-11-2024T02:59:22 - [TEST_STEP][PASSED] - dashboardName = "Выполнение бизнес-плана": null

22-11-2024T02:59:22 - [TEST_STEP][PASSED] - workbook01 = getWorkbook(excelFilePath): null

22-11-2024T02:59:22 - [TEST_STEP][PASSED] - sheet01 = getExcelSheet(workbook01, sheetName): null

22-11-2024T02:59:22 - [TEST_STEP][PASSED] - setValueToCellByIndex(sheet01, n, 0, dashboardName): null

22-11-2024T02:59:22 - [TEST_STEP][PASSED] - setValueToCellByIndex(sheet01, n, 1, dZO): null

22-11-2024T02:59:22 - [TEST_STEP][PASSED] - setValueToCellByIndex(sheet01, n, 2, typeOfData): null

22-11-2024T02:59:22 - [TEST_STEP][PASSED] - setValueToCellByIndex(sheet01, n, 3, typeOfData): null

22-11-2024T02:59:22 - [TEST_STEP][PASSED] - if (typeOfData == "План"): null

22-11-2024T02:59:22 - [TEST_STEP][PASSED] - else if (typeOfData == "Факт"): null

22-11-2024T02:59:22 - [TEST_STEP][PASSED] - else if (vidget.contains("электроэнергии") == true): null

22-11-2024T02:59:22 - [TEST_STEP][PASSED] - if (tabR == null): null

22-11-2024T02:59:22 - [TEST_STEP][PASSED] - else: null

22-11-2024T02:59:22 - [TEST_STEP][PASSED] - if (tabR == "нет данных"): null

22-11-2024T02:59:22 - [TEST_STEP][PASSED] - setValueToCellByIndex(sheet01, n, 4, "нет данных"): null

22-11-2024T02:59:22 - [TEST_STEP][PASSED] - if (tabB == null): null

22-11-2024T02:59:22 - [TEST_STEP][PASSED] - else: null

22-11-2024T02:59:22 - [TEST_STEP][PASSED] - if (tabB == "нет данных"): null

22-11-2024T02:59:22 - [TEST_STEP][PASSED] - else: null

22-11-2024T02:59:22 - [TEST_STEP][PASSED] - TB = tabB.toInteger(): null

22-11-2024T02:59:22 - [TEST_STEP][PASSED] - setValueToCellByIndex(sheet01, n, 5, TB): null

22-11-2024T02:59:22 - [TEST_STEP][PASSED] - setValueToCellByIndex(sheet01, n, 6, m): null

22-11-2024T02:59:22 - [TEST_STEP][PASSED] - setValueToCellByIndex(sheet01, n, 7, y): null

22-11-2024T02:59:22 - [TEST_STEP][PASSED] - setValueToCellByIndex(sheet01, n, 8, todaysDate): null

22-11-2024T02:59:22 - [TEST_STEP][PASSED] - n = n + 1: null

22-11-2024T02:59:22 - [TEST_STEP][PASSED] - saveWorkbook(excelFilePath, workbook01): null

22-11-2024T02:59:22 - [TEST_STEP][PASSED] - typeOfData = "План Отпуск из сети": null

22-11-2024T02:59:22 - [TEST_STEP][PASSED] - tabR = GetOiSPlanR(x = a): null

22-11-2024T02:59:22 - [TEST_STEP][PASSED] - i1 = <not implemented yet for class: org.codehaus.groovy.ast.expr.EmptyExpression>: null

22-11-2024T02:59:22 - [TEST_STEP][PASSED] - ii = <not implemented yet for class: org.codehaus.groovy.ast.expr.EmptyExpression>: null

22-11-2024T02:59:22 - [TEST_STEP][PASSED] - for ([ii = 1, ii < 8, (ii++)]): null

22-11-2024T02:59:22 - [TEST_STEP][PASSED] - i1 = x.indexOf("/") + 1: null

22-11-2024T02:59:22 - [TEST_STEP][PASSED] - if (i1 > -1): null

22-11-2024T02:59:22 - [TEST_STEP][PASSED] - x = x.substring(i1, x.length()): null

22-11-2024T02:59:22 - [TEST_STEP][PASSED] - println(x): null

22-11-2024T02:59:22 - [TEST_STEP][PASSED] - i1 = x.indexOf("/") + 1: null

22-11-2024T02:59:22 - [TEST_STEP][PASSED] - if (i1 > -1): null

22-11-2024T02:59:22 - [TEST_STEP][PASSED] - x = x.substring(i1, x.length()): null

22-11-2024T02:59:22 - [TEST_STEP][PASSED] - println(x): null

22-11-2024T02:59:22 - [TEST_STEP][PASSED] - i1 = x.indexOf("/") + 1: null

22-11-2024T02:59:22 - [TEST_STEP][PASSED] - if (i1 > -1): null

22-11-2024T02:59:22 - [TEST_STEP][PASSED] - x = x.substring(i1, x.length()): null

22-11-2024T02:59:22 - [TEST_STEP][PASSED] - println(x): null

22-11-2024T02:59:22 - [TEST_STEP][PASSED] - i1 = x.indexOf("/") + 1: null

22-11-2024T02:59:22 - [TEST_STEP][PASSED] - if (i1 > -1): null

22-11-2024T02:59:22 - [TEST_STEP][PASSED] - x = x.substring(i1, x.length()): null

22-11-2024T02:59:22 - [TEST_STEP][PASSED] - println(x): null

22-11-2024T02:59:22 - [TEST_STEP][PASSED] - i1 = x.indexOf("/") + 1: null

22-11-2024T02:59:22 - [TEST_STEP][PASSED] - if (i1 > -1): null

22-11-2024T02:59:22 - [TEST_STEP][PASSED] - x = x.substring(i1, x.length()): null

22-11-2024T02:59:22 - [TEST_STEP][PASSED] - println(x): null

22-11-2024T02:59:22 - [TEST_STEP][PASSED] - i1 = x.indexOf("/") + 1: null

22-11-2024T02:59:22 - [TEST_STEP][PASSED] - if (i1 > -1): null

22-11-2024T02:59:22 - [TEST_STEP][PASSED] - x = x.substring(i1, x.length()): null

22-11-2024T02:59:22 - [TEST_STEP][PASSED] - println(x): null

22-11-2024T02:59:22 - [TEST_STEP][PASSED] - i1 = x.indexOf("/") + 1: null

22-11-2024T02:59:22 - [TEST_STEP][PASSED] - if (i1 > -1): null

22-11-2024T02:59:22 - [TEST_STEP][PASSED] - x = x.substring(i1, x.length()): null

22-11-2024T02:59:22 - [TEST_STEP][PASSED] - println(x): null

22-11-2024T02:59:22 - [TEST_STEP][PASSED] - i1 = x.indexOf("/"): null

22-11-2024T02:59:22 - [TEST_STEP][PASSED] - if (i1 > -1): null

22-11-2024T02:59:22 - [TEST_STEP][PASSED] - x = x.substring(0, i1): null

22-11-2024T02:59:22 - [TEST_STEP][PASSED] - println(x): null

22-11-2024T02:59:22 - [TEST_STEP][PASSED] - return x: null

22-11-2024T02:59:22 - [TEST_STEP][PASSED] - tabB = GetOiSPlanB(x = b): null

22-11-2024T02:59:22 - [TEST_STEP][PASSED] - i1 = <not implemented yet for class: org.codehaus.groovy.ast.expr.EmptyExpression>: null

22-11-2024T02:59:22 - [TEST_STEP][PASSED] - ii = <not implemented yet for class: org.codehaus.groovy.ast.expr.EmptyExpression>: null

22-11-2024T02:59:22 - [TEST_STEP][PASSED] - for ([ii = 1, ii < 8, (ii++)]): null

22-11-2024T02:59:22 - [TEST_STEP][PASSED] - i1 = x.indexOf("/") + 1: null

22-11-2024T02:59:22 - [TEST_STEP][PASSED] - if (i1 > -1): null

22-11-2024T02:59:22 - [TEST_STEP][PASSED] - x = x.substring(i1, x.length()): null

22-11-2024T02:59:22 - [TEST_STEP][PASSED] - println(x): null

22-11-2024T02:59:22 - [TEST_STEP][PASSED] - i1 = x.indexOf("/") + 1: null

22-11-2024T02:59:22 - [TEST_STEP][PASSED] - if (i1 > -1): null

22-11-2024T02:59:22 - [TEST_STEP][PASSED] - x = x.substring(i1, x.length()): null

22-11-2024T02:59:22 - [TEST_STEP][PASSED] - println(x): null

22-11-2024T02:59:22 - [TEST_STEP][PASSED] - i1 = x.indexOf("/") + 1: null

22-11-2024T02:59:22 - [TEST_STEP][PASSED] - if (i1 > -1): null

22-11-2024T02:59:22 - [TEST_STEP][PASSED] - x = x.substring(i1, x.length()): null

22-11-2024T02:59:22 - [TEST_STEP][PASSED] - println(x): null

22-11-2024T02:59:22 - [TEST_STEP][PASSED] - i1 = x.indexOf("/") + 1: null

22-11-2024T02:59:22 - [TEST_STEP][PASSED] - if (i1 > -1): null

22-11-2024T02:59:22 - [TEST_STEP][PASSED] - x = x.substring(i1, x.length()): null

22-11-2024T02:59:22 - [TEST_STEP][PASSED] - println(x): null

22-11-2024T02:59:22 - [TEST_STEP][PASSED] - i1 = x.indexOf("/") + 1: null

22-11-2024T02:59:22 - [TEST_STEP][PASSED] - if (i1 > -1): null

22-11-2024T02:59:22 - [TEST_STEP][PASSED] - x = x.substring(i1, x.length()): null

22-11-2024T02:59:22 - [TEST_STEP][PASSED] - println(x): null

22-11-2024T02:59:22 - [TEST_STEP][PASSED] - i1 = x.indexOf("/") + 1: null

22-11-2024T02:59:22 - [TEST_STEP][PASSED] - if (i1 > -1): null

22-11-2024T02:59:22 - [TEST_STEP][PASSED] - x = x.substring(i1, x.length()): null

22-11-2024T02:59:22 - [TEST_STEP][PASSED] - println(x): null

22-11-2024T02:59:22 - [TEST_STEP][PASSED] - i1 = x.indexOf("/") + 1: null

22-11-2024T02:59:22 - [TEST_STEP][PASSED] - if (i1 > -1): null

22-11-2024T02:59:22 - [TEST_STEP][PASSED] - x = x.substring(i1, x.length()): null

22-11-2024T02:59:22 - [TEST_STEP][PASSED] - println(x): null

22-11-2024T02:59:22 - [TEST_STEP][PASSED] - i1 = x.indexOf("/"): null

22-11-2024T02:59:22 - [TEST_STEP][PASSED] - if (i1 > -1): null

22-11-2024T02:59:22 - [TEST_STEP][PASSED] - x = x.substring(0, i1): null

22-11-2024T02:59:22 - [TEST_STEP][PASSED] - println(x): null

22-11-2024T02:59:22 - [TEST_STEP][FAILED] - return x: null

22-11-2024T02:59:22 - [TEST_STEP][PASSED] - println(tabR + "/" + tabB): null

22-11-2024T02:59:22 - [TEST_STEP][FAILED] - if (verifyEqual(PercFactR, PercFactB) == false): null

22-11-2024T02:59:22 - [MESSAGE][FAILED] - Unable to verify equal between actual object 'нет данных' and expected object '8.06' (Root cause: com.kms.katalon.core.exception.StepFailedException: Actual object 'нет данных' and expected object '8.06' are not equal
	at com.kms.katalon.core.keyword.builtin.VerifyEqualKeyword$_verifyEqual_closure1.doCall(VerifyEqualKeyword.groovy:58)
	at com.kms.katalon.core.keyword.builtin.VerifyEqualKeyword$_verifyEqual_closure1.call(VerifyEqualKeyword.groovy)
	at com.kms.katalon.core.keyword.internal.KeywordMain.runKeyword(KeywordMain.groovy:75)
	at com.kms.katalon.core.keyword.builtin.VerifyEqualKeyword.verifyEqual(VerifyEqualKeyword.groovy:63)
	at com.kms.katalon.core.keyword.builtin.VerifyEqualKeyword.execute(VerifyEqualKeyword.groovy:44)
	at com.kms.katalon.core.keyword.internal.KeywordExecutor.executeKeywordForPlatform(KeywordExecutor.groovy:74)
	at com.kms.katalon.core.keyword.BuiltinKeywords.verifyEqual(BuiltinKeywords.groovy:146)
	at jdk.internal.reflect.GeneratedMethodAccessor25.invoke(Unknown Source)
	at java.base/jdk.internal.reflect.DelegatingMethodAccessorImpl.invoke(DelegatingMethodAccessorImpl.java:43)
	at Выполнение бизнес-плана сверка дашбордов.CompareDZOData(Выполнение бизнес-плана сверка дашбордов:758)
	at Выполнение бизнес-плана сверка дашбордов.run(Выполнение бизнес-плана сверка дашбордов:633)
	at com.kms.katalon.core.main.ScriptEngine.run(ScriptEngine.java:194)
	at com.kms.katalon.core.main.ScriptEngine.runScriptAsRawText(ScriptEngine.java:119)
	at com.kms.katalon.core.main.TestCaseExecutor.runScript(TestCaseExecutor.java:448)
	at com.kms.katalon.core.main.TestCaseExecutor.doExecute(TestCaseExecutor.java:439)
	at com.kms.katalon.core.main.TestCaseExecutor.processExecutionPhase(TestCaseExecutor.java:418)
	at com.kms.katalon.core.main.TestCaseExecutor.accessMainPhase(TestCaseExecutor.java:410)
	at com.kms.katalon.core.main.TestCaseExecutor.execute(TestCaseExecutor.java:285)
	at com.kms.katalon.core.common.CommonExecutor.accessTestCaseMainPhase(CommonExecutor.java:65)
	at com.kms.katalon.core.main.TestSuiteExecutor.accessTestSuiteMainPhase(TestSuiteExecutor.java:150)
	at com.kms.katalon.core.main.TestSuiteExecutor.execute(TestSuiteExecutor.java:106)
	at com.kms.katalon.core.main.TestCaseMain.startTestSuite(TestCaseMain.java:180)
	at TempTestSuite1732232929817.run(TempTestSuite1732232929817.groovy:35)
	at java.base/jdk.internal.reflect.NativeMethodAccessorImpl.invoke0(Native Method)
	at java.base/jdk.internal.reflect.NativeMethodAccessorImpl.invoke(NativeMethodAccessorImpl.java:77)
	at java.base/jdk.internal.reflect.DelegatingMethodAccessorImpl.invoke(DelegatingMethodAccessorImpl.java:43)
)

22-11-2024T02:59:22 - [TEST_STEP][PASSED] - result = WriteToExcel(typeOfData, todaysDate, PercPlanR, PercPlanB, PercFactR, PercFactB, x, tabR, tabB, o1R, o1B, vidget): null

22-11-2024T02:59:22 - [TEST_STEP][PASSED] - iii = dZO.indexOf("/"): null

22-11-2024T02:59:22 - [TEST_STEP][PASSED] - println(iii): null

22-11-2024T02:59:22 - [TEST_STEP][PASSED] - dZO = dZO.substring(0, iii): null

22-11-2024T02:59:22 - [TEST_STEP][PASSED] - println(dZO): null

22-11-2024T02:59:22 - [TEST_STEP][PASSED] - println(PercPlanR): null

22-11-2024T02:59:22 - [TEST_STEP][PASSED] - println(PercPlanB): null

22-11-2024T02:59:22 - [TEST_STEP][PASSED] - println(PercFactR): null

22-11-2024T02:59:22 - [TEST_STEP][PASSED] - println(PercFactB): null

22-11-2024T02:59:22 - [TEST_STEP][PASSED] - println(tabR): null

22-11-2024T02:59:22 - [TEST_STEP][PASSED] - println(tabB): null

22-11-2024T02:59:22 - [TEST_STEP][PASSED] - println(o1R): null

22-11-2024T02:59:22 - [TEST_STEP][PASSED] - println(o1B): null

22-11-2024T02:59:22 - [TEST_STEP][PASSED] - PR = <not implemented yet for class: org.codehaus.groovy.ast.expr.EmptyExpression>: null

22-11-2024T02:59:22 - [TEST_STEP][PASSED] - FR = <not implemented yet for class: org.codehaus.groovy.ast.expr.EmptyExpression>: null

22-11-2024T02:59:22 - [TEST_STEP][PASSED] - PB = <not implemented yet for class: org.codehaus.groovy.ast.expr.EmptyExpression>: null

22-11-2024T02:59:22 - [TEST_STEP][PASSED] - FB = <not implemented yet for class: org.codehaus.groovy.ast.expr.EmptyExpression>: null

22-11-2024T02:59:22 - [TEST_STEP][PASSED] - TR = <not implemented yet for class: org.codehaus.groovy.ast.expr.EmptyExpression>: null

22-11-2024T02:59:22 - [TEST_STEP][PASSED] - TB = <not implemented yet for class: org.codehaus.groovy.ast.expr.EmptyExpression>: null

22-11-2024T02:59:22 - [TEST_STEP][PASSED] - sheetName = "Sheet1": null

22-11-2024T02:59:22 - [TEST_STEP][PASSED] - data = findTestData("PlanFact"): null

22-11-2024T02:59:22 - [TEST_STEP][PASSED] - n = data.getRowNumbers() + 1: null

22-11-2024T02:59:22 - [TEST_STEP][PASSED] - year = todaysDate.substring(todaysDate.length() - 4, todaysDate.length()): null

22-11-2024T02:59:22 - [TEST_STEP][PASSED] - y = year.toInteger(): null

22-11-2024T02:59:22 - [TEST_STEP][PASSED] - m = getText(findTestObject("Выполнение бизнес-плана/Выполнение бизнес-плана Балансы/Фильтр Дата")): Text of object 'Object Repository/Выполнение бизнес-плана/Выполнение бизнес-плана Балансы/Фильтр Дата' is: '1, 2, 3 кв. 2024 года'

22-11-2024T02:59:22 - [MESSAGE][PASSED] - Text of object 'Object Repository/Выполнение бизнес-плана/Выполнение бизнес-плана Балансы/Фильтр Дата' is: '1, 2, 3 кв. 2024 года'

22-11-2024T02:59:22 - [TEST_STEP][PASSED] - m = m.substring(0, m.indexOf("2024")): null

22-11-2024T02:59:22 - [TEST_STEP][PASSED] - m = m.trim(): null

22-11-2024T02:59:22 - [TEST_STEP][PASSED] - dashboardName = "Выполнение бизнес-плана": null

22-11-2024T02:59:22 - [TEST_STEP][PASSED] - workbook01 = getWorkbook(excelFilePath): null

22-11-2024T02:59:22 - [TEST_STEP][PASSED] - sheet01 = getExcelSheet(workbook01, sheetName): null

22-11-2024T02:59:22 - [TEST_STEP][PASSED] - setValueToCellByIndex(sheet01, n, 0, dashboardName): null

22-11-2024T02:59:22 - [TEST_STEP][PASSED] - setValueToCellByIndex(sheet01, n, 1, dZO): null

22-11-2024T02:59:22 - [TEST_STEP][PASSED] - setValueToCellByIndex(sheet01, n, 2, typeOfData): null

22-11-2024T02:59:22 - [TEST_STEP][PASSED] - setValueToCellByIndex(sheet01, n, 3, typeOfData): null

22-11-2024T02:59:22 - [TEST_STEP][PASSED] - if (typeOfData == "План"): null

22-11-2024T02:59:22 - [TEST_STEP][PASSED] - else if (typeOfData == "Факт"): null

22-11-2024T02:59:22 - [TEST_STEP][PASSED] - else if (vidget.contains("электроэнергии") == true): null

22-11-2024T02:59:22 - [TEST_STEP][PASSED] - if (tabR == null): null

22-11-2024T02:59:22 - [TEST_STEP][PASSED] - else: null

22-11-2024T02:59:22 - [TEST_STEP][PASSED] - if (tabR == "нет данных"): null

22-11-2024T02:59:22 - [TEST_STEP][PASSED] - setValueToCellByIndex(sheet01, n, 4, "нет данных"): null

22-11-2024T02:59:22 - [TEST_STEP][PASSED] - if (tabB == null): null

22-11-2024T02:59:22 - [TEST_STEP][PASSED] - else: null

22-11-2024T02:59:22 - [TEST_STEP][PASSED] - if (tabB == "нет данных"): null

22-11-2024T02:59:22 - [TEST_STEP][PASSED] - else: null

22-11-2024T02:59:22 - [TEST_STEP][PASSED] - TB = tabB.toInteger(): null

22-11-2024T02:59:22 - [TEST_STEP][PASSED] - setValueToCellByIndex(sheet01, n, 5, TB): null

22-11-2024T02:59:22 - [TEST_STEP][PASSED] - setValueToCellByIndex(sheet01, n, 6, m): null

22-11-2024T02:59:22 - [TEST_STEP][PASSED] - setValueToCellByIndex(sheet01, n, 7, y): null

22-11-2024T02:59:22 - [TEST_STEP][PASSED] - setValueToCellByIndex(sheet01, n, 8, todaysDate): null

22-11-2024T02:59:22 - [TEST_STEP][PASSED] - n = n + 1: null

22-11-2024T02:59:22 - [TEST_STEP][PASSED] - saveWorkbook(excelFilePath, workbook01): null

22-11-2024T02:59:23 - [TEST_STEP][PASSED] - typeOfData = "План Потери": null

22-11-2024T02:59:23 - [TEST_STEP][PASSED] - tabR = GetPPlanR(x = a): null

22-11-2024T02:59:23 - [TEST_STEP][PASSED] - i1 = <not implemented yet for class: org.codehaus.groovy.ast.expr.EmptyExpression>: null

22-11-2024T02:59:23 - [TEST_STEP][PASSED] - ii = <not implemented yet for class: org.codehaus.groovy.ast.expr.EmptyExpression>: null

22-11-2024T02:59:23 - [TEST_STEP][PASSED] - for ([ii = 1, ii < 9, (ii++)]): null

22-11-2024T02:59:23 - [TEST_STEP][PASSED] - i1 = x.indexOf("/") + 1: null

22-11-2024T02:59:23 - [TEST_STEP][PASSED] - if (i1 > -1): null

22-11-2024T02:59:23 - [TEST_STEP][PASSED] - x = x.substring(i1, x.length()): null

22-11-2024T02:59:23 - [TEST_STEP][PASSED] - println(x): null

22-11-2024T02:59:23 - [TEST_STEP][PASSED] - i1 = x.indexOf("/") + 1: null

22-11-2024T02:59:23 - [TEST_STEP][PASSED] - if (i1 > -1): null

22-11-2024T02:59:23 - [TEST_STEP][PASSED] - x = x.substring(i1, x.length()): null

22-11-2024T02:59:23 - [TEST_STEP][PASSED] - println(x): null

22-11-2024T02:59:23 - [TEST_STEP][PASSED] - i1 = x.indexOf("/") + 1: null

22-11-2024T02:59:23 - [TEST_STEP][PASSED] - if (i1 > -1): null

22-11-2024T02:59:23 - [TEST_STEP][PASSED] - x = x.substring(i1, x.length()): null

22-11-2024T02:59:23 - [TEST_STEP][PASSED] - println(x): null

22-11-2024T02:59:23 - [TEST_STEP][PASSED] - i1 = x.indexOf("/") + 1: null

22-11-2024T02:59:23 - [TEST_STEP][PASSED] - if (i1 > -1): null

22-11-2024T02:59:23 - [TEST_STEP][PASSED] - x = x.substring(i1, x.length()): null

22-11-2024T02:59:23 - [TEST_STEP][PASSED] - println(x): null

22-11-2024T02:59:23 - [TEST_STEP][PASSED] - i1 = x.indexOf("/") + 1: null

22-11-2024T02:59:23 - [TEST_STEP][PASSED] - if (i1 > -1): null

22-11-2024T02:59:23 - [TEST_STEP][PASSED] - x = x.substring(i1, x.length()): null

22-11-2024T02:59:23 - [TEST_STEP][PASSED] - println(x): null

22-11-2024T02:59:23 - [TEST_STEP][PASSED] - i1 = x.indexOf("/") + 1: null

22-11-2024T02:59:23 - [TEST_STEP][PASSED] - if (i1 > -1): null

22-11-2024T02:59:23 - [TEST_STEP][PASSED] - x = x.substring(i1, x.length()): null

22-11-2024T02:59:23 - [TEST_STEP][PASSED] - println(x): null

22-11-2024T02:59:23 - [TEST_STEP][PASSED] - i1 = x.indexOf("/") + 1: null

22-11-2024T02:59:23 - [TEST_STEP][PASSED] - if (i1 > -1): null

22-11-2024T02:59:23 - [TEST_STEP][PASSED] - x = x.substring(i1, x.length()): null

22-11-2024T02:59:23 - [TEST_STEP][PASSED] - println(x): null

22-11-2024T02:59:23 - [TEST_STEP][PASSED] - i1 = x.indexOf("/") + 1: null

22-11-2024T02:59:23 - [TEST_STEP][PASSED] - if (i1 > -1): null

22-11-2024T02:59:23 - [TEST_STEP][PASSED] - x = x.substring(i1, x.length()): null

22-11-2024T02:59:23 - [TEST_STEP][PASSED] - println(x): null

22-11-2024T02:59:23 - [TEST_STEP][PASSED] - i1 = x.indexOf("/"): null

22-11-2024T02:59:23 - [TEST_STEP][PASSED] - if (i1 > -1): null

22-11-2024T02:59:23 - [TEST_STEP][PASSED] - x = x.substring(0, i1): null

22-11-2024T02:59:23 - [TEST_STEP][PASSED] - println(x): null

22-11-2024T02:59:23 - [TEST_STEP][PASSED] - return x: null

22-11-2024T02:59:23 - [TEST_STEP][PASSED] - tabB = GetPPlanB(x = b): null

22-11-2024T02:59:23 - [TEST_STEP][PASSED] - i1 = <not implemented yet for class: org.codehaus.groovy.ast.expr.EmptyExpression>: null

22-11-2024T02:59:23 - [TEST_STEP][PASSED] - ii = <not implemented yet for class: org.codehaus.groovy.ast.expr.EmptyExpression>: null

22-11-2024T02:59:23 - [TEST_STEP][PASSED] - for ([ii = 1, ii < 9, (ii++)]): null

22-11-2024T02:59:23 - [TEST_STEP][PASSED] - i1 = x.indexOf("/") + 1: null

22-11-2024T02:59:23 - [TEST_STEP][PASSED] - if (i1 > -1): null

22-11-2024T02:59:23 - [TEST_STEP][PASSED] - x = x.substring(i1, x.length()): null

22-11-2024T02:59:23 - [TEST_STEP][PASSED] - println(x): null

22-11-2024T02:59:23 - [TEST_STEP][PASSED] - i1 = x.indexOf("/") + 1: null

22-11-2024T02:59:23 - [TEST_STEP][PASSED] - if (i1 > -1): null

22-11-2024T02:59:23 - [TEST_STEP][PASSED] - x = x.substring(i1, x.length()): null

22-11-2024T02:59:23 - [TEST_STEP][PASSED] - println(x): null

22-11-2024T02:59:23 - [TEST_STEP][PASSED] - i1 = x.indexOf("/") + 1: null

22-11-2024T02:59:23 - [TEST_STEP][PASSED] - if (i1 > -1): null

22-11-2024T02:59:23 - [TEST_STEP][PASSED] - x = x.substring(i1, x.length()): null

22-11-2024T02:59:23 - [TEST_STEP][PASSED] - println(x): null

22-11-2024T02:59:23 - [TEST_STEP][PASSED] - i1 = x.indexOf("/") + 1: null

22-11-2024T02:59:23 - [TEST_STEP][PASSED] - if (i1 > -1): null

22-11-2024T02:59:23 - [TEST_STEP][PASSED] - x = x.substring(i1, x.length()): null

22-11-2024T02:59:23 - [TEST_STEP][PASSED] - println(x): null

22-11-2024T02:59:23 - [TEST_STEP][PASSED] - i1 = x.indexOf("/") + 1: null

22-11-2024T02:59:23 - [TEST_STEP][PASSED] - if (i1 > -1): null

22-11-2024T02:59:23 - [TEST_STEP][PASSED] - x = x.substring(i1, x.length()): null

22-11-2024T02:59:23 - [TEST_STEP][PASSED] - println(x): null

22-11-2024T02:59:23 - [TEST_STEP][PASSED] - i1 = x.indexOf("/") + 1: null

22-11-2024T02:59:23 - [TEST_STEP][PASSED] - if (i1 > -1): null

22-11-2024T02:59:23 - [TEST_STEP][PASSED] - x = x.substring(i1, x.length()): null

22-11-2024T02:59:23 - [TEST_STEP][PASSED] - println(x): null

22-11-2024T02:59:23 - [TEST_STEP][PASSED] - i1 = x.indexOf("/") + 1: null

22-11-2024T02:59:23 - [TEST_STEP][PASSED] - if (i1 > -1): null

22-11-2024T02:59:23 - [TEST_STEP][PASSED] - x = x.substring(i1, x.length()): null

22-11-2024T02:59:23 - [TEST_STEP][PASSED] - println(x): null

22-11-2024T02:59:23 - [TEST_STEP][PASSED] - i1 = x.indexOf("/") + 1: null

22-11-2024T02:59:23 - [TEST_STEP][PASSED] - if (i1 > -1): null

22-11-2024T02:59:23 - [TEST_STEP][PASSED] - x = x.substring(i1, x.length()): null

22-11-2024T02:59:23 - [TEST_STEP][PASSED] - println(x): null

22-11-2024T02:59:23 - [TEST_STEP][PASSED] - i1 = x.indexOf("/"): null

22-11-2024T02:59:23 - [TEST_STEP][PASSED] - if (i1 > -1): null

22-11-2024T02:59:23 - [TEST_STEP][PASSED] - x = x.substring(0, i1): null

22-11-2024T02:59:23 - [TEST_STEP][PASSED] - println(x): null

22-11-2024T02:59:23 - [TEST_STEP][FAILED] - return x: null

22-11-2024T02:59:23 - [TEST_STEP][PASSED] - println(tabR + "/" + tabB): null

22-11-2024T02:59:23 - [TEST_STEP][FAILED] - if (verifyEqual(PercFactR, PercFactB) == false): null

22-11-2024T02:59:23 - [MESSAGE][FAILED] - Unable to verify equal between actual object 'нет данных' and expected object '8.06' (Root cause: com.kms.katalon.core.exception.StepFailedException: Actual object 'нет данных' and expected object '8.06' are not equal
	at com.kms.katalon.core.keyword.builtin.VerifyEqualKeyword$_verifyEqual_closure1.doCall(VerifyEqualKeyword.groovy:58)
	at com.kms.katalon.core.keyword.builtin.VerifyEqualKeyword$_verifyEqual_closure1.call(VerifyEqualKeyword.groovy)
	at com.kms.katalon.core.keyword.internal.KeywordMain.runKeyword(KeywordMain.groovy:75)
	at com.kms.katalon.core.keyword.builtin.VerifyEqualKeyword.verifyEqual(VerifyEqualKeyword.groovy:63)
	at com.kms.katalon.core.keyword.builtin.VerifyEqualKeyword.execute(VerifyEqualKeyword.groovy:44)
	at com.kms.katalon.core.keyword.internal.KeywordExecutor.executeKeywordForPlatform(KeywordExecutor.groovy:74)
	at com.kms.katalon.core.keyword.BuiltinKeywords.verifyEqual(BuiltinKeywords.groovy:146)
	at jdk.internal.reflect.GeneratedMethodAccessor25.invoke(Unknown Source)
	at java.base/jdk.internal.reflect.DelegatingMethodAccessorImpl.invoke(DelegatingMethodAccessorImpl.java:43)
	at Выполнение бизнес-плана сверка дашбордов.CompareDZOData(Выполнение бизнес-плана сверка дашбордов:771)
	at Выполнение бизнес-плана сверка дашбордов.run(Выполнение бизнес-плана сверка дашбордов:633)
	at com.kms.katalon.core.main.ScriptEngine.run(ScriptEngine.java:194)
	at com.kms.katalon.core.main.ScriptEngine.runScriptAsRawText(ScriptEngine.java:119)
	at com.kms.katalon.core.main.TestCaseExecutor.runScript(TestCaseExecutor.java:448)
	at com.kms.katalon.core.main.TestCaseExecutor.doExecute(TestCaseExecutor.java:439)
	at com.kms.katalon.core.main.TestCaseExecutor.processExecutionPhase(TestCaseExecutor.java:418)
	at com.kms.katalon.core.main.TestCaseExecutor.accessMainPhase(TestCaseExecutor.java:410)
	at com.kms.katalon.core.main.TestCaseExecutor.execute(TestCaseExecutor.java:285)
	at com.kms.katalon.core.common.CommonExecutor.accessTestCaseMainPhase(CommonExecutor.java:65)
	at com.kms.katalon.core.main.TestSuiteExecutor.accessTestSuiteMainPhase(TestSuiteExecutor.java:150)
	at com.kms.katalon.core.main.TestSuiteExecutor.execute(TestSuiteExecutor.java:106)
	at com.kms.katalon.core.main.TestCaseMain.startTestSuite(TestCaseMain.java:180)
	at TempTestSuite1732232929817.run(TempTestSuite1732232929817.groovy:35)
	at java.base/jdk.internal.reflect.NativeMethodAccessorImpl.invoke0(Native Method)
	at java.base/jdk.internal.reflect.NativeMethodAccessorImpl.invoke(NativeMethodAccessorImpl.java:77)
	at java.base/jdk.internal.reflect.DelegatingMethodAccessorImpl.invoke(DelegatingMethodAccessorImpl.java:43)
)

22-11-2024T02:59:23 - [TEST_STEP][PASSED] - result = WriteToExcel(typeOfData, todaysDate, PercPlanR, PercPlanB, PercFactR, PercFactB, x, tabR, tabB, o1R, o1B, vidget): null

22-11-2024T02:59:23 - [TEST_STEP][PASSED] - iii = dZO.indexOf("/"): null

22-11-2024T02:59:23 - [TEST_STEP][PASSED] - println(iii): null

22-11-2024T02:59:23 - [TEST_STEP][PASSED] - dZO = dZO.substring(0, iii): null

22-11-2024T02:59:23 - [TEST_STEP][PASSED] - println(dZO): null

22-11-2024T02:59:23 - [TEST_STEP][PASSED] - println(PercPlanR): null

22-11-2024T02:59:23 - [TEST_STEP][PASSED] - println(PercPlanB): null

22-11-2024T02:59:23 - [TEST_STEP][PASSED] - println(PercFactR): null

22-11-2024T02:59:23 - [TEST_STEP][PASSED] - println(PercFactB): null

22-11-2024T02:59:23 - [TEST_STEP][PASSED] - println(tabR): null

22-11-2024T02:59:23 - [TEST_STEP][PASSED] - println(tabB): null

22-11-2024T02:59:23 - [TEST_STEP][PASSED] - println(o1R): null

22-11-2024T02:59:23 - [TEST_STEP][PASSED] - println(o1B): null

22-11-2024T02:59:23 - [TEST_STEP][PASSED] - PR = <not implemented yet for class: org.codehaus.groovy.ast.expr.EmptyExpression>: null

22-11-2024T02:59:23 - [TEST_STEP][PASSED] - FR = <not implemented yet for class: org.codehaus.groovy.ast.expr.EmptyExpression>: null

22-11-2024T02:59:23 - [TEST_STEP][PASSED] - PB = <not implemented yet for class: org.codehaus.groovy.ast.expr.EmptyExpression>: null

22-11-2024T02:59:23 - [TEST_STEP][PASSED] - FB = <not implemented yet for class: org.codehaus.groovy.ast.expr.EmptyExpression>: null

22-11-2024T02:59:23 - [TEST_STEP][PASSED] - TR = <not implemented yet for class: org.codehaus.groovy.ast.expr.EmptyExpression>: null

22-11-2024T02:59:23 - [TEST_STEP][PASSED] - TB = <not implemented yet for class: org.codehaus.groovy.ast.expr.EmptyExpression>: null

22-11-2024T02:59:23 - [TEST_STEP][PASSED] - sheetName = "Sheet1": null

22-11-2024T02:59:23 - [TEST_STEP][PASSED] - data = findTestData("PlanFact"): null

22-11-2024T02:59:23 - [TEST_STEP][PASSED] - n = data.getRowNumbers() + 1: null

22-11-2024T02:59:23 - [TEST_STEP][PASSED] - year = todaysDate.substring(todaysDate.length() - 4, todaysDate.length()): null

22-11-2024T02:59:23 - [TEST_STEP][PASSED] - y = year.toInteger(): null

22-11-2024T02:59:23 - [TEST_STEP][PASSED] - m = getText(findTestObject("Выполнение бизнес-плана/Выполнение бизнес-плана Балансы/Фильтр Дата")): Text of object 'Object Repository/Выполнение бизнес-плана/Выполнение бизнес-плана Балансы/Фильтр Дата' is: '1, 2, 3 кв. 2024 года'

22-11-2024T02:59:23 - [MESSAGE][PASSED] - Text of object 'Object Repository/Выполнение бизнес-плана/Выполнение бизнес-плана Балансы/Фильтр Дата' is: '1, 2, 3 кв. 2024 года'

22-11-2024T02:59:23 - [TEST_STEP][PASSED] - m = m.substring(0, m.indexOf("2024")): null

22-11-2024T02:59:23 - [TEST_STEP][PASSED] - m = m.trim(): null

22-11-2024T02:59:23 - [TEST_STEP][PASSED] - dashboardName = "Выполнение бизнес-плана": null

22-11-2024T02:59:23 - [TEST_STEP][PASSED] - workbook01 = getWorkbook(excelFilePath): null

22-11-2024T02:59:23 - [TEST_STEP][PASSED] - sheet01 = getExcelSheet(workbook01, sheetName): null

22-11-2024T02:59:23 - [TEST_STEP][PASSED] - setValueToCellByIndex(sheet01, n, 0, dashboardName): null

22-11-2024T02:59:23 - [TEST_STEP][PASSED] - setValueToCellByIndex(sheet01, n, 1, dZO): null

22-11-2024T02:59:23 - [TEST_STEP][PASSED] - setValueToCellByIndex(sheet01, n, 2, typeOfData): null

22-11-2024T02:59:23 - [TEST_STEP][PASSED] - setValueToCellByIndex(sheet01, n, 3, typeOfData): null

22-11-2024T02:59:23 - [TEST_STEP][PASSED] - if (typeOfData == "План"): null

22-11-2024T02:59:23 - [TEST_STEP][PASSED] - else if (typeOfData == "Факт"): null

22-11-2024T02:59:23 - [TEST_STEP][PASSED] - else if (vidget.contains("электроэнергии") == true): null

22-11-2024T02:59:23 - [TEST_STEP][PASSED] - if (tabR == null): null

22-11-2024T02:59:23 - [TEST_STEP][PASSED] - else: null

22-11-2024T02:59:23 - [TEST_STEP][PASSED] - if (tabR == "нет данных"): null

22-11-2024T02:59:23 - [TEST_STEP][PASSED] - setValueToCellByIndex(sheet01, n, 4, "нет данных"): null

22-11-2024T02:59:23 - [TEST_STEP][PASSED] - if (tabB == null): null

22-11-2024T02:59:23 - [TEST_STEP][PASSED] - else: null

22-11-2024T02:59:23 - [TEST_STEP][PASSED] - if (tabB == "нет данных"): null

22-11-2024T02:59:23 - [TEST_STEP][PASSED] - else: null

22-11-2024T02:59:23 - [TEST_STEP][PASSED] - TB = tabB.toInteger(): null

22-11-2024T02:59:23 - [TEST_STEP][PASSED] - setValueToCellByIndex(sheet01, n, 5, TB): null

22-11-2024T02:59:23 - [TEST_STEP][PASSED] - setValueToCellByIndex(sheet01, n, 6, m): null

22-11-2024T02:59:23 - [TEST_STEP][PASSED] - setValueToCellByIndex(sheet01, n, 7, y): null

22-11-2024T02:59:23 - [TEST_STEP][PASSED] - setValueToCellByIndex(sheet01, n, 8, todaysDate): null

22-11-2024T02:59:23 - [TEST_STEP][PASSED] - n = n + 1: null

22-11-2024T02:59:23 - [TEST_STEP][PASSED] - saveWorkbook(excelFilePath, workbook01): null

22-11-2024T02:59:23 - [TEST_STEP][PASSED] - ii2 = a.indexOf("ПАО"): null

22-11-2024T02:59:23 - [TEST_STEP][PASSED] - if (ii2 == -1): null

22-11-2024T02:59:23 - [TEST_STEP][PASSED] - vidget = "Отклонения фактического уровня потерь от бизнес-плана": null

22-11-2024T02:59:23 - [TEST_STEP][PASSED] - typeOfData = "Коэффициент": null

22-11-2024T02:59:23 - [TEST_STEP][PASSED] - o1R = Geto1R(x = a): null

22-11-2024T02:59:23 - [TEST_STEP][PASSED] - i1 = <not implemented yet for class: org.codehaus.groovy.ast.expr.EmptyExpression>: null

22-11-2024T02:59:23 - [TEST_STEP][PASSED] - ii = <not implemented yet for class: org.codehaus.groovy.ast.expr.EmptyExpression>: null

22-11-2024T02:59:23 - [TEST_STEP][PASSED] - for ([ii = 1, ii < 10, (ii++)]): null

22-11-2024T02:59:23 - [TEST_STEP][PASSED] - i1 = x.indexOf("/") + 1: null

22-11-2024T02:59:23 - [TEST_STEP][PASSED] - if (i1 > -1): null

22-11-2024T02:59:23 - [TEST_STEP][PASSED] - x = x.substring(i1, x.length()): null

22-11-2024T02:59:23 - [TEST_STEP][PASSED] - i1 = x.indexOf("/") + 1: null

22-11-2024T02:59:23 - [TEST_STEP][PASSED] - if (i1 > -1): null

22-11-2024T02:59:23 - [TEST_STEP][PASSED] - x = x.substring(i1, x.length()): null

22-11-2024T02:59:23 - [TEST_STEP][PASSED] - i1 = x.indexOf("/") + 1: null

22-11-2024T02:59:23 - [TEST_STEP][PASSED] - if (i1 > -1): null

22-11-2024T02:59:23 - [TEST_STEP][PASSED] - x = x.substring(i1, x.length()): null

22-11-2024T02:59:23 - [TEST_STEP][PASSED] - i1 = x.indexOf("/") + 1: null

22-11-2024T02:59:23 - [TEST_STEP][PASSED] - if (i1 > -1): null

22-11-2024T02:59:23 - [TEST_STEP][PASSED] - x = x.substring(i1, x.length()): null

22-11-2024T02:59:23 - [TEST_STEP][PASSED] - i1 = x.indexOf("/") + 1: null

22-11-2024T02:59:23 - [TEST_STEP][PASSED] - if (i1 > -1): null

22-11-2024T02:59:23 - [TEST_STEP][PASSED] - x = x.substring(i1, x.length()): null

22-11-2024T02:59:23 - [TEST_STEP][PASSED] - i1 = x.indexOf("/") + 1: null

22-11-2024T02:59:23 - [TEST_STEP][PASSED] - if (i1 > -1): null

22-11-2024T02:59:23 - [TEST_STEP][PASSED] - x = x.substring(i1, x.length()): null

22-11-2024T02:59:23 - [TEST_STEP][PASSED] - i1 = x.indexOf("/") + 1: null

22-11-2024T02:59:23 - [TEST_STEP][PASSED] - if (i1 > -1): null

22-11-2024T02:59:23 - [TEST_STEP][PASSED] - x = x.substring(i1, x.length()): null

22-11-2024T02:59:23 - [TEST_STEP][PASSED] - i1 = x.indexOf("/") + 1: null

22-11-2024T02:59:23 - [TEST_STEP][PASSED] - if (i1 > -1): null

22-11-2024T02:59:23 - [TEST_STEP][PASSED] - x = x.substring(i1, x.length()): null

22-11-2024T02:59:23 - [TEST_STEP][PASSED] - i1 = x.indexOf("/") + 1: null

22-11-2024T02:59:23 - [TEST_STEP][PASSED] - if (i1 > -1): null

22-11-2024T02:59:23 - [TEST_STEP][PASSED] - x = x.substring(i1, x.length()): null

22-11-2024T02:59:23 - [TEST_STEP][PASSED] - i1 = x.indexOf("/"): null

22-11-2024T02:59:23 - [TEST_STEP][PASSED] - if (i1 > -1): null

22-11-2024T02:59:23 - [TEST_STEP][PASSED] - println(x): null

22-11-2024T02:59:23 - [TEST_STEP][PASSED] - return x: null

22-11-2024T02:59:23 - [TEST_STEP][PASSED] - o1B = Geto1B(x = b): null

22-11-2024T02:59:23 - [TEST_STEP][PASSED] - i1 = <not implemented yet for class: org.codehaus.groovy.ast.expr.EmptyExpression>: null

22-11-2024T02:59:23 - [TEST_STEP][PASSED] - ii = <not implemented yet for class: org.codehaus.groovy.ast.expr.EmptyExpression>: null

22-11-2024T02:59:23 - [TEST_STEP][PASSED] - for ([ii = 1, ii < 10, (ii++)]): null

22-11-2024T02:59:23 - [TEST_STEP][PASSED] - i1 = x.indexOf("/") + 1: null

22-11-2024T02:59:23 - [TEST_STEP][PASSED] - if (i1 > -1): null

22-11-2024T02:59:23 - [TEST_STEP][PASSED] - x = x.substring(i1, x.length()): null

22-11-2024T02:59:23 - [TEST_STEP][PASSED] - i1 = x.indexOf("/") + 1: null

22-11-2024T02:59:23 - [TEST_STEP][PASSED] - if (i1 > -1): null

22-11-2024T02:59:23 - [TEST_STEP][PASSED] - x = x.substring(i1, x.length()): null

22-11-2024T02:59:23 - [TEST_STEP][PASSED] - i1 = x.indexOf("/") + 1: null

22-11-2024T02:59:23 - [TEST_STEP][PASSED] - if (i1 > -1): null

22-11-2024T02:59:23 - [TEST_STEP][PASSED] - x = x.substring(i1, x.length()): null

22-11-2024T02:59:23 - [TEST_STEP][PASSED] - i1 = x.indexOf("/") + 1: null

22-11-2024T02:59:23 - [TEST_STEP][PASSED] - if (i1 > -1): null

22-11-2024T02:59:23 - [TEST_STEP][PASSED] - x = x.substring(i1, x.length()): null

22-11-2024T02:59:23 - [TEST_STEP][PASSED] - i1 = x.indexOf("/") + 1: null

22-11-2024T02:59:23 - [TEST_STEP][PASSED] - if (i1 > -1): null

22-11-2024T02:59:23 - [TEST_STEP][PASSED] - x = x.substring(i1, x.length()): null

22-11-2024T02:59:23 - [TEST_STEP][PASSED] - i1 = x.indexOf("/") + 1: null

22-11-2024T02:59:23 - [TEST_STEP][PASSED] - if (i1 > -1): null

22-11-2024T02:59:23 - [TEST_STEP][PASSED] - x = x.substring(i1, x.length()): null

22-11-2024T02:59:23 - [TEST_STEP][PASSED] - i1 = x.indexOf("/") + 1: null

22-11-2024T02:59:23 - [TEST_STEP][PASSED] - if (i1 > -1): null

22-11-2024T02:59:23 - [TEST_STEP][PASSED] - x = x.substring(i1, x.length()): null

22-11-2024T02:59:23 - [TEST_STEP][PASSED] - i1 = x.indexOf("/") + 1: null

22-11-2024T02:59:23 - [TEST_STEP][PASSED] - if (i1 > -1): null

22-11-2024T02:59:23 - [TEST_STEP][PASSED] - x = x.substring(i1, x.length()): null

22-11-2024T02:59:23 - [TEST_STEP][PASSED] - i1 = x.indexOf("/") + 1: null

22-11-2024T02:59:23 - [TEST_STEP][PASSED] - if (i1 > -1): null

22-11-2024T02:59:23 - [TEST_STEP][PASSED] - x = x.substring(i1, x.length()): null

22-11-2024T02:59:23 - [TEST_STEP][PASSED] - i1 = x.indexOf("/"): null

22-11-2024T02:59:23 - [TEST_STEP][PASSED] - if (i1 > -1): null

22-11-2024T02:59:23 - [TEST_STEP][PASSED] - println(x): null

22-11-2024T02:59:23 - [TEST_STEP][FAILED] - return x: null

22-11-2024T02:59:23 - [TEST_STEP][PASSED] - println(o1R + "/" + o1B): null

22-11-2024T02:59:23 - [TEST_STEP][FAILED] - if (verifyEqual(PercFactR, PercFactB) == false): null

22-11-2024T02:59:23 - [MESSAGE][FAILED] - Unable to verify equal between actual object 'нет данных' and expected object '8.06' (Root cause: com.kms.katalon.core.exception.StepFailedException: Actual object 'нет данных' and expected object '8.06' are not equal
	at com.kms.katalon.core.keyword.builtin.VerifyEqualKeyword$_verifyEqual_closure1.doCall(VerifyEqualKeyword.groovy:58)
	at com.kms.katalon.core.keyword.builtin.VerifyEqualKeyword$_verifyEqual_closure1.call(VerifyEqualKeyword.groovy)
	at com.kms.katalon.core.keyword.internal.KeywordMain.runKeyword(KeywordMain.groovy:75)
	at com.kms.katalon.core.keyword.builtin.VerifyEqualKeyword.verifyEqual(VerifyEqualKeyword.groovy:63)
	at com.kms.katalon.core.keyword.builtin.VerifyEqualKeyword.execute(VerifyEqualKeyword.groovy:44)
	at com.kms.katalon.core.keyword.internal.KeywordExecutor.executeKeywordForPlatform(KeywordExecutor.groovy:74)
	at com.kms.katalon.core.keyword.BuiltinKeywords.verifyEqual(BuiltinKeywords.groovy:146)
	at jdk.internal.reflect.GeneratedMethodAccessor25.invoke(Unknown Source)
	at java.base/jdk.internal.reflect.DelegatingMethodAccessorImpl.invoke(DelegatingMethodAccessorImpl.java:43)
	at Выполнение бизнес-плана сверка дашбордов.CompareDZOData(Выполнение бизнес-плана сверка дашбордов:789)
	at Выполнение бизнес-плана сверка дашбордов.run(Выполнение бизнес-плана сверка дашбордов:633)
	at com.kms.katalon.core.main.ScriptEngine.run(ScriptEngine.java:194)
	at com.kms.katalon.core.main.ScriptEngine.runScriptAsRawText(ScriptEngine.java:119)
	at com.kms.katalon.core.main.TestCaseExecutor.runScript(TestCaseExecutor.java:448)
	at com.kms.katalon.core.main.TestCaseExecutor.doExecute(TestCaseExecutor.java:439)
	at com.kms.katalon.core.main.TestCaseExecutor.processExecutionPhase(TestCaseExecutor.java:418)
	at com.kms.katalon.core.main.TestCaseExecutor.accessMainPhase(TestCaseExecutor.java:410)
	at com.kms.katalon.core.main.TestCaseExecutor.execute(TestCaseExecutor.java:285)
	at com.kms.katalon.core.common.CommonExecutor.accessTestCaseMainPhase(CommonExecutor.java:65)
	at com.kms.katalon.core.main.TestSuiteExecutor.accessTestSuiteMainPhase(TestSuiteExecutor.java:150)
	at com.kms.katalon.core.main.TestSuiteExecutor.execute(TestSuiteExecutor.java:106)
	at com.kms.katalon.core.main.TestCaseMain.startTestSuite(TestCaseMain.java:180)
	at TempTestSuite1732232929817.run(TempTestSuite1732232929817.groovy:35)
	at java.base/jdk.internal.reflect.NativeMethodAccessorImpl.invoke0(Native Method)
	at java.base/jdk.internal.reflect.NativeMethodAccessorImpl.invoke(NativeMethodAccessorImpl.java:77)
	at java.base/jdk.internal.reflect.DelegatingMethodAccessorImpl.invoke(DelegatingMethodAccessorImpl.java:43)
)

22-11-2024T02:59:23 - [TEST_STEP][PASSED] - result = WriteToExcel(typeOfData, todaysDate, PercPlanR, PercPlanB, PercFactR, PercFactB, x, tabR, tabB, o1R, o1B, vidget): null

22-11-2024T02:59:23 - [TEST_STEP][PASSED] - iii = dZO.indexOf("/"): null

22-11-2024T02:59:23 - [TEST_STEP][PASSED] - println(iii): null

22-11-2024T02:59:23 - [TEST_STEP][PASSED] - dZO = dZO.substring(0, iii): null

22-11-2024T02:59:23 - [TEST_STEP][PASSED] - println(dZO): null

22-11-2024T02:59:23 - [TEST_STEP][PASSED] - println(PercPlanR): null

22-11-2024T02:59:23 - [TEST_STEP][PASSED] - println(PercPlanB): null

22-11-2024T02:59:23 - [TEST_STEP][PASSED] - println(PercFactR): null

22-11-2024T02:59:23 - [TEST_STEP][PASSED] - println(PercFactB): null

22-11-2024T02:59:23 - [TEST_STEP][PASSED] - println(tabR): null

22-11-2024T02:59:23 - [TEST_STEP][PASSED] - println(tabB): null

22-11-2024T02:59:23 - [TEST_STEP][PASSED] - println(o1R): null

22-11-2024T02:59:23 - [TEST_STEP][PASSED] - println(o1B): null

22-11-2024T02:59:23 - [TEST_STEP][PASSED] - PR = <not implemented yet for class: org.codehaus.groovy.ast.expr.EmptyExpression>: null

22-11-2024T02:59:23 - [TEST_STEP][PASSED] - FR = <not implemented yet for class: org.codehaus.groovy.ast.expr.EmptyExpression>: null

22-11-2024T02:59:23 - [TEST_STEP][PASSED] - PB = <not implemented yet for class: org.codehaus.groovy.ast.expr.EmptyExpression>: null

22-11-2024T02:59:23 - [TEST_STEP][PASSED] - FB = <not implemented yet for class: org.codehaus.groovy.ast.expr.EmptyExpression>: null

22-11-2024T02:59:23 - [TEST_STEP][PASSED] - TR = <not implemented yet for class: org.codehaus.groovy.ast.expr.EmptyExpression>: null

22-11-2024T02:59:23 - [TEST_STEP][PASSED] - TB = <not implemented yet for class: org.codehaus.groovy.ast.expr.EmptyExpression>: null

22-11-2024T02:59:23 - [TEST_STEP][PASSED] - sheetName = "Sheet1": null

22-11-2024T02:59:23 - [TEST_STEP][PASSED] - data = findTestData("PlanFact"): null

22-11-2024T02:59:23 - [TEST_STEP][PASSED] - n = data.getRowNumbers() + 1: null

22-11-2024T02:59:23 - [TEST_STEP][PASSED] - year = todaysDate.substring(todaysDate.length() - 4, todaysDate.length()): null

22-11-2024T02:59:23 - [TEST_STEP][PASSED] - y = year.toInteger(): null

22-11-2024T02:59:23 - [TEST_STEP][PASSED] - m = getText(findTestObject("Выполнение бизнес-плана/Выполнение бизнес-плана Балансы/Фильтр Дата")): Text of object 'Object Repository/Выполнение бизнес-плана/Выполнение бизнес-плана Балансы/Фильтр Дата' is: '1, 2, 3 кв. 2024 года'

22-11-2024T02:59:24 - [MESSAGE][PASSED] - Text of object 'Object Repository/Выполнение бизнес-плана/Выполнение бизнес-плана Балансы/Фильтр Дата' is: '1, 2, 3 кв. 2024 года'

22-11-2024T02:59:24 - [TEST_STEP][PASSED] - m = m.substring(0, m.indexOf("2024")): null

22-11-2024T02:59:24 - [TEST_STEP][PASSED] - m = m.trim(): null

22-11-2024T02:59:24 - [TEST_STEP][PASSED] - dashboardName = "Выполнение бизнес-плана": null

22-11-2024T02:59:24 - [TEST_STEP][PASSED] - workbook01 = getWorkbook(excelFilePath): null

22-11-2024T02:59:24 - [TEST_STEP][PASSED] - sheet01 = getExcelSheet(workbook01, sheetName): null

22-11-2024T02:59:24 - [TEST_STEP][PASSED] - setValueToCellByIndex(sheet01, n, 0, dashboardName): null

22-11-2024T02:59:24 - [TEST_STEP][PASSED] - setValueToCellByIndex(sheet01, n, 1, dZO): null

22-11-2024T02:59:24 - [TEST_STEP][PASSED] - setValueToCellByIndex(sheet01, n, 2, typeOfData): null

22-11-2024T02:59:24 - [TEST_STEP][PASSED] - setValueToCellByIndex(sheet01, n, 3, typeOfData): null

22-11-2024T02:59:24 - [TEST_STEP][PASSED] - if (typeOfData == "План"): null

22-11-2024T02:59:24 - [TEST_STEP][PASSED] - else if (typeOfData == "Факт"): null

22-11-2024T02:59:24 - [TEST_STEP][PASSED] - else if (vidget.contains("электроэнергии") == true): null

22-11-2024T02:59:24 - [TEST_STEP][PASSED] - else: null

22-11-2024T02:59:24 - [TEST_STEP][PASSED] - if (o1R == null): null

22-11-2024T02:59:24 - [TEST_STEP][PASSED] - else: null

22-11-2024T02:59:24 - [TEST_STEP][PASSED] - if (o1R == "нет данных"): null

22-11-2024T02:59:24 - [TEST_STEP][PASSED] - setValueToCellByIndex(sheet01, n, 4, "нет данных"): null

22-11-2024T02:59:24 - [TEST_STEP][PASSED] - if (o1B == null): null

22-11-2024T02:59:24 - [TEST_STEP][PASSED] - else: null

22-11-2024T02:59:24 - [TEST_STEP][PASSED] - if (o1B == "нет данных"): null

22-11-2024T02:59:24 - [TEST_STEP][PASSED] - else: null

22-11-2024T02:59:24 - [TEST_STEP][PASSED] - FB = o1B.toDouble(): null

22-11-2024T02:59:24 - [TEST_STEP][PASSED] - setValueToCellByIndex(sheet01, n, 5, FB): null

22-11-2024T02:59:24 - [TEST_STEP][PASSED] - setValueToCellByIndex(sheet01, n, 6, m): null

22-11-2024T02:59:24 - [TEST_STEP][PASSED] - setValueToCellByIndex(sheet01, n, 7, y): null

22-11-2024T02:59:24 - [TEST_STEP][PASSED] - setValueToCellByIndex(sheet01, n, 8, todaysDate): null

22-11-2024T02:59:24 - [TEST_STEP][PASSED] - n = n + 1: null

22-11-2024T02:59:24 - [TEST_STEP][FAILED] - saveWorkbook(excelFilePath, workbook01): null

22-11-2024T02:59:24 - [TEST_STEP][PASSED] - if (verifyEqual(tyumR, tyumB) == false): Actual object 'Россети Тюмень/2.51/2.60/39079081/38062639/1016442/40452567/39436282/1016285/0.09' and expected object 'Россети Тюмень/2.51/2.60/39079081/38062639/1016442/40452567/39436282/1016285/0.09' are equal

22-11-2024T02:59:24 - [MESSAGE][PASSED] - Actual object 'Россети Тюмень/2.51/2.60/39079081/38062639/1016442/40452567/39436282/1016285/0.09' and expected object 'Россети Тюмень/2.51/2.60/39079081/38062639/1016442/40452567/39436282/1016285/0.09' are equal

22-11-2024T02:59:24 - [TEST_STEP][FAILED] - if (verifyEqual(urR, urB) == false): null

22-11-2024T02:59:24 - [MESSAGE][FAILED] - Unable to verify equal between actual object 'Россети Урал (ГК)/нет данных/нет данных/нет данных/нет данных/нет данных/нет данных/нет данных/нет данных/нет данных' and expected object 'Россети Урал (ГК)/5.70/5.56/53993193/50992089/3001103/60264543/56779989/3484554/-0.15' (Root cause: com.kms.katalon.core.exception.StepFailedException: Actual object 'Россети Урал (ГК)/нет данных/нет данных/нет данных/нет данных/нет данных/нет данных/нет данных/нет данных/нет данных' and expected object 'Россети Урал (ГК)/5.70/5.56/53993193/50992089/3001103/60264543/56779989/3484554/-0.15' are not equal
	at com.kms.katalon.core.keyword.builtin.VerifyEqualKeyword$_verifyEqual_closure1.doCall(VerifyEqualKeyword.groovy:58)
	at com.kms.katalon.core.keyword.builtin.VerifyEqualKeyword$_verifyEqual_closure1.call(VerifyEqualKeyword.groovy)
	at com.kms.katalon.core.keyword.internal.KeywordMain.runKeyword(KeywordMain.groovy:75)
	at com.kms.katalon.core.keyword.builtin.VerifyEqualKeyword.verifyEqual(VerifyEqualKeyword.groovy:63)
	at com.kms.katalon.core.keyword.builtin.VerifyEqualKeyword.execute(VerifyEqualKeyword.groovy:44)
	at com.kms.katalon.core.keyword.internal.KeywordExecutor.executeKeywordForPlatform(KeywordExecutor.groovy:74)
	at com.kms.katalon.core.keyword.BuiltinKeywords.verifyEqual(BuiltinKeywords.groovy:146)
	at jdk.internal.reflect.GeneratedMethodAccessor25.invoke(Unknown Source)
	at java.base/jdk.internal.reflect.DelegatingMethodAccessorImpl.invoke(DelegatingMethodAccessorImpl.java:43)
	at Выполнение бизнес-плана сверка дашбордов.run(Выполнение бизнес-плана сверка дашбордов:642)
	at com.kms.katalon.core.main.ScriptEngine.run(ScriptEngine.java:194)
	at com.kms.katalon.core.main.ScriptEngine.runScriptAsRawText(ScriptEngine.java:119)
	at com.kms.katalon.core.main.TestCaseExecutor.runScript(TestCaseExecutor.java:448)
	at com.kms.katalon.core.main.TestCaseExecutor.doExecute(TestCaseExecutor.java:439)
	at com.kms.katalon.core.main.TestCaseExecutor.processExecutionPhase(TestCaseExecutor.java:418)
	at com.kms.katalon.core.main.TestCaseExecutor.accessMainPhase(TestCaseExecutor.java:410)
	at com.kms.katalon.core.main.TestCaseExecutor.execute(TestCaseExecutor.java:285)
	at com.kms.katalon.core.common.CommonExecutor.accessTestCaseMainPhase(CommonExecutor.java:65)
	at com.kms.katalon.core.main.TestSuiteExecutor.accessTestSuiteMainPhase(TestSuiteExecutor.java:150)
	at com.kms.katalon.core.main.TestSuiteExecutor.execute(TestSuiteExecutor.java:106)
	at com.kms.katalon.core.main.TestCaseMain.startTestSuite(TestCaseMain.java:180)
	at TempTestSuite1732232929817.run(TempTestSuite1732232929817.groovy:35)
	at java.base/jdk.internal.reflect.NativeMethodAccessorImpl.invoke0(Native Method)
	at java.base/jdk.internal.reflect.NativeMethodAccessorImpl.invoke(NativeMethodAccessorImpl.java:77)
	at java.base/jdk.internal.reflect.DelegatingMethodAccessorImpl.invoke(DelegatingMethodAccessorImpl.java:43)
)

22-11-2024T02:59:24 - [TEST_STEP][PASSED] - result = CompareDZOData(a = urR, b = urB, dZO, typeOfData, PercPlanR, PercPlanB, PercFactR, PercFactB, todaysDate, x, vidget, tabR, tabB, o1R, o1B): null

22-11-2024T02:59:24 - [TEST_STEP][PASSED] - ii2 = <not implemented yet for class: org.codehaus.groovy.ast.expr.EmptyExpression>: null

22-11-2024T02:59:24 - [TEST_STEP][FAILED] - if (verifyEqual(a, b) == false): null

22-11-2024T02:59:24 - [MESSAGE][FAILED] - Unable to verify equal between actual object 'Россети Урал (ГК)/нет данных/нет данных/нет данных/нет данных/нет данных/нет данных/нет данных/нет данных/нет данных' and expected object 'Россети Урал (ГК)/5.70/5.56/53993193/50992089/3001103/60264543/56779989/3484554/-0.15' (Root cause: com.kms.katalon.core.exception.StepFailedException: Actual object 'Россети Урал (ГК)/нет данных/нет данных/нет данных/нет данных/нет данных/нет данных/нет данных/нет данных/нет данных' and expected object 'Россети Урал (ГК)/5.70/5.56/53993193/50992089/3001103/60264543/56779989/3484554/-0.15' are not equal
	at com.kms.katalon.core.keyword.builtin.VerifyEqualKeyword$_verifyEqual_closure1.doCall(VerifyEqualKeyword.groovy:58)
	at com.kms.katalon.core.keyword.builtin.VerifyEqualKeyword$_verifyEqual_closure1.call(VerifyEqualKeyword.groovy)
	at com.kms.katalon.core.keyword.internal.KeywordMain.runKeyword(KeywordMain.groovy:75)
	at com.kms.katalon.core.keyword.builtin.VerifyEqualKeyword.verifyEqual(VerifyEqualKeyword.groovy:63)
	at com.kms.katalon.core.keyword.builtin.VerifyEqualKeyword.execute(VerifyEqualKeyword.groovy:44)
	at com.kms.katalon.core.keyword.internal.KeywordExecutor.executeKeywordForPlatform(KeywordExecutor.groovy:74)
	at com.kms.katalon.core.keyword.BuiltinKeywords.verifyEqual(BuiltinKeywords.groovy:146)
	at jdk.internal.reflect.GeneratedMethodAccessor25.invoke(Unknown Source)
	at java.base/jdk.internal.reflect.DelegatingMethodAccessorImpl.invoke(DelegatingMethodAccessorImpl.java:43)
	at Выполнение бизнес-плана сверка дашбордов.CompareDZOData(Выполнение бизнес-плана сверка дашбордов:673)
	at Выполнение бизнес-плана сверка дашбордов.run(Выполнение бизнес-плана сверка дашбордов:643)
	at com.kms.katalon.core.main.ScriptEngine.run(ScriptEngine.java:194)
	at com.kms.katalon.core.main.ScriptEngine.runScriptAsRawText(ScriptEngine.java:119)
	at com.kms.katalon.core.main.TestCaseExecutor.runScript(TestCaseExecutor.java:448)
	at com.kms.katalon.core.main.TestCaseExecutor.doExecute(TestCaseExecutor.java:439)
	at com.kms.katalon.core.main.TestCaseExecutor.processExecutionPhase(TestCaseExecutor.java:418)
	at com.kms.katalon.core.main.TestCaseExecutor.accessMainPhase(TestCaseExecutor.java:410)
	at com.kms.katalon.core.main.TestCaseExecutor.execute(TestCaseExecutor.java:285)
	at com.kms.katalon.core.common.CommonExecutor.accessTestCaseMainPhase(CommonExecutor.java:65)
	at com.kms.katalon.core.main.TestSuiteExecutor.accessTestSuiteMainPhase(TestSuiteExecutor.java:150)
	at com.kms.katalon.core.main.TestSuiteExecutor.execute(TestSuiteExecutor.java:106)
	at com.kms.katalon.core.main.TestCaseMain.startTestSuite(TestCaseMain.java:180)
	at TempTestSuite1732232929817.run(TempTestSuite1732232929817.groovy:35)
	at java.base/jdk.internal.reflect.NativeMethodAccessorImpl.invoke0(Native Method)
	at java.base/jdk.internal.reflect.NativeMethodAccessorImpl.invoke(NativeMethodAccessorImpl.java:77)
	at java.base/jdk.internal.reflect.DelegatingMethodAccessorImpl.invoke(DelegatingMethodAccessorImpl.java:43)
)

22-11-2024T02:59:24 - [TEST_STEP][PASSED] - vidget = "Уровень потерь электроэнергии": null

22-11-2024T02:59:24 - [TEST_STEP][PASSED] - typeOfData = "План": null

22-11-2024T02:59:24 - [TEST_STEP][PASSED] - PercPlanR = GetPercPlanR(x = a): null

22-11-2024T02:59:24 - [TEST_STEP][PASSED] - i1 = <not implemented yet for class: org.codehaus.groovy.ast.expr.EmptyExpression>: null

22-11-2024T02:59:24 - [TEST_STEP][PASSED] - i1 = x.indexOf("/") + 1: null

22-11-2024T02:59:24 - [TEST_STEP][PASSED] - if (i1 > -1): null

22-11-2024T02:59:24 - [TEST_STEP][PASSED] - x = x.substring(i1, x.length()): null

22-11-2024T02:59:24 - [TEST_STEP][PASSED] - i1 = x.indexOf("/"): null

22-11-2024T02:59:24 - [TEST_STEP][PASSED] - if (i1 > -1): null

22-11-2024T02:59:24 - [TEST_STEP][PASSED] - x = x.substring(0, i1): null

22-11-2024T02:59:24 - [TEST_STEP][PASSED] - return x: null

22-11-2024T02:59:24 - [TEST_STEP][PASSED] - PercPlanB = GetPercPlanB(x = b): null

22-11-2024T02:59:24 - [TEST_STEP][PASSED] - i1 = <not implemented yet for class: org.codehaus.groovy.ast.expr.EmptyExpression>: null

22-11-2024T02:59:24 - [TEST_STEP][PASSED] - i1 = x.indexOf("/") + 1: null

22-11-2024T02:59:24 - [TEST_STEP][PASSED] - if (i1 > -1): null

22-11-2024T02:59:24 - [TEST_STEP][PASSED] - x = x.substring(i1, x.length()): null

22-11-2024T02:59:24 - [TEST_STEP][PASSED] - i1 = x.indexOf("/"): null

22-11-2024T02:59:24 - [TEST_STEP][PASSED] - if (i1 > -1): null

22-11-2024T02:59:24 - [TEST_STEP][PASSED] - x = x.substring(0, i1): null

22-11-2024T02:59:24 - [TEST_STEP][FAILED] - return x: null

22-11-2024T02:59:24 - [TEST_STEP][FAILED] - if (verifyEqual(PercPlanR, PercPlanB) == false): null

22-11-2024T02:59:24 - [MESSAGE][FAILED] - Unable to verify equal between actual object 'нет данных' and expected object '5.70' (Root cause: com.kms.katalon.core.exception.StepFailedException: Actual object 'нет данных' and expected object '5.70' are not equal
	at com.kms.katalon.core.keyword.builtin.VerifyEqualKeyword$_verifyEqual_closure1.doCall(VerifyEqualKeyword.groovy:58)
	at com.kms.katalon.core.keyword.builtin.VerifyEqualKeyword$_verifyEqual_closure1.call(VerifyEqualKeyword.groovy)
	at com.kms.katalon.core.keyword.internal.KeywordMain.runKeyword(KeywordMain.groovy:75)
	at com.kms.katalon.core.keyword.builtin.VerifyEqualKeyword.verifyEqual(VerifyEqualKeyword.groovy:63)
	at com.kms.katalon.core.keyword.builtin.VerifyEqualKeyword.execute(VerifyEqualKeyword.groovy:44)
	at com.kms.katalon.core.keyword.internal.KeywordExecutor.executeKeywordForPlatform(KeywordExecutor.groovy:74)
	at com.kms.katalon.core.keyword.BuiltinKeywords.verifyEqual(BuiltinKeywords.groovy:146)
	at jdk.internal.reflect.GeneratedMethodAccessor25.invoke(Unknown Source)
	at java.base/jdk.internal.reflect.DelegatingMethodAccessorImpl.invoke(DelegatingMethodAccessorImpl.java:43)
	at Выполнение бизнес-плана сверка дашбордов.CompareDZOData(Выполнение бизнес-плана сверка дашбордов:682)
	at Выполнение бизнес-плана сверка дашбордов.run(Выполнение бизнес-плана сверка дашбордов:643)
	at com.kms.katalon.core.main.ScriptEngine.run(ScriptEngine.java:194)
	at com.kms.katalon.core.main.ScriptEngine.runScriptAsRawText(ScriptEngine.java:119)
	at com.kms.katalon.core.main.TestCaseExecutor.runScript(TestCaseExecutor.java:448)
	at com.kms.katalon.core.main.TestCaseExecutor.doExecute(TestCaseExecutor.java:439)
	at com.kms.katalon.core.main.TestCaseExecutor.processExecutionPhase(TestCaseExecutor.java:418)
	at com.kms.katalon.core.main.TestCaseExecutor.accessMainPhase(TestCaseExecutor.java:410)
	at com.kms.katalon.core.main.TestCaseExecutor.execute(TestCaseExecutor.java:285)
	at com.kms.katalon.core.common.CommonExecutor.accessTestCaseMainPhase(CommonExecutor.java:65)
	at com.kms.katalon.core.main.TestSuiteExecutor.accessTestSuiteMainPhase(TestSuiteExecutor.java:150)
	at com.kms.katalon.core.main.TestSuiteExecutor.execute(TestSuiteExecutor.java:106)
	at com.kms.katalon.core.main.TestCaseMain.startTestSuite(TestCaseMain.java:180)
	at TempTestSuite1732232929817.run(TempTestSuite1732232929817.groovy:35)
	at java.base/jdk.internal.reflect.NativeMethodAccessorImpl.invoke0(Native Method)
	at java.base/jdk.internal.reflect.NativeMethodAccessorImpl.invoke(NativeMethodAccessorImpl.java:77)
	at java.base/jdk.internal.reflect.DelegatingMethodAccessorImpl.invoke(DelegatingMethodAccessorImpl.java:43)
)

22-11-2024T02:59:24 - [TEST_STEP][PASSED] - result = WriteToExcel(typeOfData, todaysDate, PercPlanR, PercPlanB, PercFactR, PercFactB, x, tabR, tabB, o1R, o1B, vidget): null

22-11-2024T02:59:24 - [TEST_STEP][PASSED] - iii = dZO.indexOf("/"): null

22-11-2024T02:59:24 - [TEST_STEP][PASSED] - println(iii): null

22-11-2024T02:59:24 - [TEST_STEP][PASSED] - dZO = dZO.substring(0, iii): null

22-11-2024T02:59:24 - [TEST_STEP][PASSED] - println(dZO): null

22-11-2024T02:59:24 - [TEST_STEP][PASSED] - println(PercPlanR): null

22-11-2024T02:59:24 - [TEST_STEP][PASSED] - println(PercPlanB): null

22-11-2024T02:59:24 - [TEST_STEP][PASSED] - println(PercFactR): null

22-11-2024T02:59:24 - [TEST_STEP][PASSED] - println(PercFactB): null

22-11-2024T02:59:24 - [TEST_STEP][PASSED] - println(tabR): null

22-11-2024T02:59:24 - [TEST_STEP][PASSED] - println(tabB): null

22-11-2024T02:59:24 - [TEST_STEP][PASSED] - println(o1R): null

22-11-2024T02:59:24 - [TEST_STEP][PASSED] - println(o1B): null

22-11-2024T02:59:24 - [TEST_STEP][PASSED] - PR = <not implemented yet for class: org.codehaus.groovy.ast.expr.EmptyExpression>: null

22-11-2024T02:59:24 - [TEST_STEP][PASSED] - FR = <not implemented yet for class: org.codehaus.groovy.ast.expr.EmptyExpression>: null

22-11-2024T02:59:24 - [TEST_STEP][PASSED] - PB = <not implemented yet for class: org.codehaus.groovy.ast.expr.EmptyExpression>: null

22-11-2024T02:59:24 - [TEST_STEP][PASSED] - FB = <not implemented yet for class: org.codehaus.groovy.ast.expr.EmptyExpression>: null

22-11-2024T02:59:24 - [TEST_STEP][PASSED] - TR = <not implemented yet for class: org.codehaus.groovy.ast.expr.EmptyExpression>: null

22-11-2024T02:59:24 - [TEST_STEP][PASSED] - TB = <not implemented yet for class: org.codehaus.groovy.ast.expr.EmptyExpression>: null

22-11-2024T02:59:24 - [TEST_STEP][PASSED] - sheetName = "Sheet1": null

22-11-2024T02:59:24 - [TEST_STEP][PASSED] - data = findTestData("PlanFact"): null

22-11-2024T02:59:24 - [TEST_STEP][PASSED] - n = data.getRowNumbers() + 1: null

22-11-2024T02:59:24 - [TEST_STEP][PASSED] - year = todaysDate.substring(todaysDate.length() - 4, todaysDate.length()): null

22-11-2024T02:59:24 - [TEST_STEP][PASSED] - y = year.toInteger(): null

22-11-2024T02:59:24 - [TEST_STEP][PASSED] - m = getText(findTestObject("Выполнение бизнес-плана/Выполнение бизнес-плана Балансы/Фильтр Дата")): Text of object 'Object Repository/Выполнение бизнес-плана/Выполнение бизнес-плана Балансы/Фильтр Дата' is: '1, 2, 3 кв. 2024 года'

22-11-2024T02:59:24 - [MESSAGE][PASSED] - Text of object 'Object Repository/Выполнение бизнес-плана/Выполнение бизнес-плана Балансы/Фильтр Дата' is: '1, 2, 3 кв. 2024 года'

22-11-2024T02:59:24 - [TEST_STEP][PASSED] - m = m.substring(0, m.indexOf("2024")): null

22-11-2024T02:59:24 - [TEST_STEP][PASSED] - m = m.trim(): null

22-11-2024T02:59:24 - [TEST_STEP][PASSED] - dashboardName = "Выполнение бизнес-плана": null

22-11-2024T02:59:24 - [TEST_STEP][PASSED] - workbook01 = getWorkbook(excelFilePath): null

22-11-2024T02:59:24 - [TEST_STEP][PASSED] - sheet01 = getExcelSheet(workbook01, sheetName): null

22-11-2024T02:59:24 - [TEST_STEP][PASSED] - setValueToCellByIndex(sheet01, n, 0, dashboardName): null

22-11-2024T02:59:24 - [TEST_STEP][PASSED] - setValueToCellByIndex(sheet01, n, 1, dZO): null

22-11-2024T02:59:24 - [TEST_STEP][PASSED] - setValueToCellByIndex(sheet01, n, 2, typeOfData): null

22-11-2024T02:59:24 - [TEST_STEP][PASSED] - setValueToCellByIndex(sheet01, n, 3, typeOfData): null

22-11-2024T02:59:24 - [TEST_STEP][PASSED] - if (typeOfData == "План"): null

22-11-2024T02:59:24 - [TEST_STEP][PASSED] - if (PercPlanR == null): null

22-11-2024T02:59:24 - [TEST_STEP][PASSED] - else: null

22-11-2024T02:59:24 - [TEST_STEP][PASSED] - if (PercPlanR == "нет данных"): null

22-11-2024T02:59:24 - [TEST_STEP][PASSED] - setValueToCellByIndex(sheet01, n, 4, "нет данных"): null

22-11-2024T02:59:24 - [TEST_STEP][PASSED] - if (PercPlanB == null): null

22-11-2024T02:59:24 - [TEST_STEP][PASSED] - else: null

22-11-2024T02:59:24 - [TEST_STEP][PASSED] - if (PercPlanB == "нет данных"): null

22-11-2024T02:59:24 - [TEST_STEP][PASSED] - else: null

22-11-2024T02:59:24 - [TEST_STEP][PASSED] - PB = PercPlanB.toDouble(): null

22-11-2024T02:59:24 - [TEST_STEP][PASSED] - setValueToCellByIndex(sheet01, n, 5, PB): null

22-11-2024T02:59:24 - [TEST_STEP][PASSED] - setValueToCellByIndex(sheet01, n, 6, m): null

22-11-2024T02:59:24 - [TEST_STEP][PASSED] - setValueToCellByIndex(sheet01, n, 7, y): null

22-11-2024T02:59:24 - [TEST_STEP][PASSED] - setValueToCellByIndex(sheet01, n, 8, todaysDate): null

22-11-2024T02:59:24 - [TEST_STEP][PASSED] - n = n + 1: null

22-11-2024T02:59:24 - [TEST_STEP][PASSED] - saveWorkbook(excelFilePath, workbook01): null

22-11-2024T02:59:24 - [TEST_STEP][PASSED] - typeOfData = "Факт": null

22-11-2024T02:59:24 - [TEST_STEP][PASSED] - PercFactR = GetPercFactR(x = a): null

22-11-2024T02:59:24 - [TEST_STEP][PASSED] - i1 = <not implemented yet for class: org.codehaus.groovy.ast.expr.EmptyExpression>: null

22-11-2024T02:59:24 - [TEST_STEP][PASSED] - ii = <not implemented yet for class: org.codehaus.groovy.ast.expr.EmptyExpression>: null

22-11-2024T02:59:24 - [TEST_STEP][PASSED] - for ([ii = 1, ii < 3, (ii++)]): null

22-11-2024T02:59:24 - [TEST_STEP][PASSED] - i1 = x.indexOf("/") + 1: null

22-11-2024T02:59:24 - [TEST_STEP][PASSED] - if (i1 > -1): null

22-11-2024T02:59:24 - [TEST_STEP][PASSED] - x = x.substring(i1, x.length()): null

22-11-2024T02:59:24 - [TEST_STEP][PASSED] - println(x): null

22-11-2024T02:59:24 - [TEST_STEP][PASSED] - i1 = x.indexOf("/") + 1: null

22-11-2024T02:59:24 - [TEST_STEP][PASSED] - if (i1 > -1): null

22-11-2024T02:59:24 - [TEST_STEP][PASSED] - x = x.substring(i1, x.length()): null

22-11-2024T02:59:24 - [TEST_STEP][PASSED] - println(x): null

22-11-2024T02:59:24 - [TEST_STEP][PASSED] - i1 = x.indexOf("/"): null

22-11-2024T02:59:24 - [TEST_STEP][PASSED] - if (i1 > -1): null

22-11-2024T02:59:24 - [TEST_STEP][PASSED] - x = x.substring(0, i1): null

22-11-2024T02:59:24 - [TEST_STEP][PASSED] - println(x): null

22-11-2024T02:59:24 - [TEST_STEP][PASSED] - return x: null

22-11-2024T02:59:24 - [TEST_STEP][PASSED] - PercFactB = GetPercFactB(x = b): null

22-11-2024T02:59:24 - [TEST_STEP][PASSED] - i1 = <not implemented yet for class: org.codehaus.groovy.ast.expr.EmptyExpression>: null

22-11-2024T02:59:24 - [TEST_STEP][PASSED] - ii = <not implemented yet for class: org.codehaus.groovy.ast.expr.EmptyExpression>: null

22-11-2024T02:59:24 - [TEST_STEP][PASSED] - for ([ii = 1, ii < 3, (ii++)]): null

22-11-2024T02:59:24 - [TEST_STEP][PASSED] - i1 = x.indexOf("/") + 1: null

22-11-2024T02:59:24 - [TEST_STEP][PASSED] - if (i1 > -1): null

22-11-2024T02:59:24 - [TEST_STEP][PASSED] - x = x.substring(i1, x.length()): null

22-11-2024T02:59:24 - [TEST_STEP][PASSED] - println(x): null

22-11-2024T02:59:24 - [TEST_STEP][PASSED] - i1 = x.indexOf("/") + 1: null

22-11-2024T02:59:24 - [TEST_STEP][PASSED] - if (i1 > -1): null

22-11-2024T02:59:24 - [TEST_STEP][PASSED] - x = x.substring(i1, x.length()): null

22-11-2024T02:59:24 - [TEST_STEP][PASSED] - println(x): null

22-11-2024T02:59:24 - [TEST_STEP][PASSED] - i1 = x.indexOf("/"): null

22-11-2024T02:59:24 - [TEST_STEP][PASSED] - if (i1 > -1): null

22-11-2024T02:59:24 - [TEST_STEP][PASSED] - x = x.substring(0, i1): null

22-11-2024T02:59:24 - [TEST_STEP][PASSED] - println(x): null

22-11-2024T02:59:24 - [TEST_STEP][FAILED] - return x: null

22-11-2024T02:59:24 - [TEST_STEP][FAILED] - if (verifyEqual(PercFactR, PercFactB) == false): null

22-11-2024T02:59:24 - [MESSAGE][FAILED] - Unable to verify equal between actual object 'нет данных' and expected object '5.56' (Root cause: com.kms.katalon.core.exception.StepFailedException: Actual object 'нет данных' and expected object '5.56' are not equal
	at com.kms.katalon.core.keyword.builtin.VerifyEqualKeyword$_verifyEqual_closure1.doCall(VerifyEqualKeyword.groovy:58)
	at com.kms.katalon.core.keyword.builtin.VerifyEqualKeyword$_verifyEqual_closure1.call(VerifyEqualKeyword.groovy)
	at com.kms.katalon.core.keyword.internal.KeywordMain.runKeyword(KeywordMain.groovy:75)
	at com.kms.katalon.core.keyword.builtin.VerifyEqualKeyword.verifyEqual(VerifyEqualKeyword.groovy:63)
	at com.kms.katalon.core.keyword.builtin.VerifyEqualKeyword.execute(VerifyEqualKeyword.groovy:44)
	at com.kms.katalon.core.keyword.internal.KeywordExecutor.executeKeywordForPlatform(KeywordExecutor.groovy:74)
	at com.kms.katalon.core.keyword.BuiltinKeywords.verifyEqual(BuiltinKeywords.groovy:146)
	at jdk.internal.reflect.GeneratedMethodAccessor25.invoke(Unknown Source)
	at java.base/jdk.internal.reflect.DelegatingMethodAccessorImpl.invoke(DelegatingMethodAccessorImpl.java:43)
	at Выполнение бизнес-плана сверка дашбордов.CompareDZOData(Выполнение бизнес-плана сверка дашбордов:693)
	at Выполнение бизнес-плана сверка дашбордов.run(Выполнение бизнес-плана сверка дашбордов:643)
	at com.kms.katalon.core.main.ScriptEngine.run(ScriptEngine.java:194)
	at com.kms.katalon.core.main.ScriptEngine.runScriptAsRawText(ScriptEngine.java:119)
	at com.kms.katalon.core.main.TestCaseExecutor.runScript(TestCaseExecutor.java:448)
	at com.kms.katalon.core.main.TestCaseExecutor.doExecute(TestCaseExecutor.java:439)
	at com.kms.katalon.core.main.TestCaseExecutor.processExecutionPhase(TestCaseExecutor.java:418)
	at com.kms.katalon.core.main.TestCaseExecutor.accessMainPhase(TestCaseExecutor.java:410)
	at com.kms.katalon.core.main.TestCaseExecutor.execute(TestCaseExecutor.java:285)
	at com.kms.katalon.core.common.CommonExecutor.accessTestCaseMainPhase(CommonExecutor.java:65)
	at com.kms.katalon.core.main.TestSuiteExecutor.accessTestSuiteMainPhase(TestSuiteExecutor.java:150)
	at com.kms.katalon.core.main.TestSuiteExecutor.execute(TestSuiteExecutor.java:106)
	at com.kms.katalon.core.main.TestCaseMain.startTestSuite(TestCaseMain.java:180)
	at TempTestSuite1732232929817.run(TempTestSuite1732232929817.groovy:35)
	at java.base/jdk.internal.reflect.NativeMethodAccessorImpl.invoke0(Native Method)
	at java.base/jdk.internal.reflect.NativeMethodAccessorImpl.invoke(NativeMethodAccessorImpl.java:77)
	at java.base/jdk.internal.reflect.DelegatingMethodAccessorImpl.invoke(DelegatingMethodAccessorImpl.java:43)
)

22-11-2024T02:59:24 - [TEST_STEP][PASSED] - result = WriteToExcel(typeOfData, todaysDate, PercPlanR, PercPlanB, PercFactR, PercFactB, x, tabR, tabB, o1R, o1B, vidget): null

22-11-2024T02:59:24 - [TEST_STEP][PASSED] - iii = dZO.indexOf("/"): null

22-11-2024T02:59:24 - [TEST_STEP][PASSED] - println(iii): null

22-11-2024T02:59:24 - [TEST_STEP][PASSED] - dZO = dZO.substring(0, iii): null

22-11-2024T02:59:24 - [TEST_STEP][PASSED] - println(dZO): null

22-11-2024T02:59:24 - [TEST_STEP][PASSED] - println(PercPlanR): null

22-11-2024T02:59:24 - [TEST_STEP][PASSED] - println(PercPlanB): null

22-11-2024T02:59:24 - [TEST_STEP][PASSED] - println(PercFactR): null

22-11-2024T02:59:24 - [TEST_STEP][PASSED] - println(PercFactB): null

22-11-2024T02:59:24 - [TEST_STEP][PASSED] - println(tabR): null

22-11-2024T02:59:24 - [TEST_STEP][PASSED] - println(tabB): null

22-11-2024T02:59:24 - [TEST_STEP][PASSED] - println(o1R): null

22-11-2024T02:59:24 - [TEST_STEP][PASSED] - println(o1B): null

22-11-2024T02:59:24 - [TEST_STEP][PASSED] - PR = <not implemented yet for class: org.codehaus.groovy.ast.expr.EmptyExpression>: null

22-11-2024T02:59:24 - [TEST_STEP][PASSED] - FR = <not implemented yet for class: org.codehaus.groovy.ast.expr.EmptyExpression>: null

22-11-2024T02:59:24 - [TEST_STEP][PASSED] - PB = <not implemented yet for class: org.codehaus.groovy.ast.expr.EmptyExpression>: null

22-11-2024T02:59:24 - [TEST_STEP][PASSED] - FB = <not implemented yet for class: org.codehaus.groovy.ast.expr.EmptyExpression>: null

22-11-2024T02:59:24 - [TEST_STEP][PASSED] - TR = <not implemented yet for class: org.codehaus.groovy.ast.expr.EmptyExpression>: null

22-11-2024T02:59:24 - [TEST_STEP][PASSED] - TB = <not implemented yet for class: org.codehaus.groovy.ast.expr.EmptyExpression>: null

22-11-2024T02:59:24 - [TEST_STEP][PASSED] - sheetName = "Sheet1": null

22-11-2024T02:59:24 - [TEST_STEP][PASSED] - data = findTestData("PlanFact"): null

22-11-2024T02:59:25 - [TEST_STEP][PASSED] - n = data.getRowNumbers() + 1: null

22-11-2024T02:59:25 - [TEST_STEP][PASSED] - year = todaysDate.substring(todaysDate.length() - 4, todaysDate.length()): null

22-11-2024T02:59:25 - [TEST_STEP][PASSED] - y = year.toInteger(): null

22-11-2024T02:59:25 - [TEST_STEP][PASSED] - m = getText(findTestObject("Выполнение бизнес-плана/Выполнение бизнес-плана Балансы/Фильтр Дата")): Text of object 'Object Repository/Выполнение бизнес-плана/Выполнение бизнес-плана Балансы/Фильтр Дата' is: '1, 2, 3 кв. 2024 года'

22-11-2024T02:59:25 - [MESSAGE][PASSED] - Text of object 'Object Repository/Выполнение бизнес-плана/Выполнение бизнес-плана Балансы/Фильтр Дата' is: '1, 2, 3 кв. 2024 года'

22-11-2024T02:59:25 - [TEST_STEP][PASSED] - m = m.substring(0, m.indexOf("2024")): null

22-11-2024T02:59:25 - [TEST_STEP][PASSED] - m = m.trim(): null

22-11-2024T02:59:25 - [TEST_STEP][PASSED] - dashboardName = "Выполнение бизнес-плана": null

22-11-2024T02:59:25 - [TEST_STEP][PASSED] - workbook01 = getWorkbook(excelFilePath): null

22-11-2024T02:59:25 - [TEST_STEP][PASSED] - sheet01 = getExcelSheet(workbook01, sheetName): null

22-11-2024T02:59:25 - [TEST_STEP][PASSED] - setValueToCellByIndex(sheet01, n, 0, dashboardName): null

22-11-2024T02:59:25 - [TEST_STEP][PASSED] - setValueToCellByIndex(sheet01, n, 1, dZO): null

22-11-2024T02:59:25 - [TEST_STEP][PASSED] - setValueToCellByIndex(sheet01, n, 2, typeOfData): null

22-11-2024T02:59:25 - [TEST_STEP][PASSED] - setValueToCellByIndex(sheet01, n, 3, typeOfData): null

22-11-2024T02:59:25 - [TEST_STEP][PASSED] - if (typeOfData == "План"): null

22-11-2024T02:59:25 - [TEST_STEP][PASSED] - else if (typeOfData == "Факт"): null

22-11-2024T02:59:25 - [TEST_STEP][PASSED] - if (PercFactR == null): null

22-11-2024T02:59:25 - [TEST_STEP][PASSED] - else: null

22-11-2024T02:59:25 - [TEST_STEP][PASSED] - if (PercFactR == "нет данных"): null

22-11-2024T02:59:25 - [TEST_STEP][PASSED] - setValueToCellByIndex(sheet01, n, 4, "нет данных"): null

22-11-2024T02:59:25 - [TEST_STEP][PASSED] - if (PercFactB == null): null

22-11-2024T02:59:25 - [TEST_STEP][PASSED] - else: null

22-11-2024T02:59:25 - [TEST_STEP][PASSED] - if (PercFactB == "нет данных"): null

22-11-2024T02:59:25 - [TEST_STEP][PASSED] - else: null

22-11-2024T02:59:25 - [TEST_STEP][PASSED] - FB = PercFactB.toDouble(): null

22-11-2024T02:59:25 - [TEST_STEP][PASSED] - setValueToCellByIndex(sheet01, n, 5, FB): null

22-11-2024T02:59:25 - [TEST_STEP][PASSED] - setValueToCellByIndex(sheet01, n, 6, m): null

22-11-2024T02:59:25 - [TEST_STEP][PASSED] - setValueToCellByIndex(sheet01, n, 7, y): null

22-11-2024T02:59:25 - [TEST_STEP][PASSED] - setValueToCellByIndex(sheet01, n, 8, todaysDate): null

22-11-2024T02:59:25 - [TEST_STEP][PASSED] - n = n + 1: null

22-11-2024T02:59:25 - [TEST_STEP][PASSED] - saveWorkbook(excelFilePath, workbook01): null

22-11-2024T02:59:25 - [TEST_STEP][PASSED] - vidget = "Показатели баланса электроэнергии по ДЗО – Факт": null

22-11-2024T02:59:25 - [TEST_STEP][PASSED] - typeOfData = "Факт Отпуск в сеть": null

22-11-2024T02:59:25 - [TEST_STEP][PASSED] - tabR = GetOvSFactR(x = a): null

22-11-2024T02:59:25 - [TEST_STEP][PASSED] - i1 = <not implemented yet for class: org.codehaus.groovy.ast.expr.EmptyExpression>: null

22-11-2024T02:59:25 - [TEST_STEP][PASSED] - ii = <not implemented yet for class: org.codehaus.groovy.ast.expr.EmptyExpression>: null

22-11-2024T02:59:25 - [TEST_STEP][PASSED] - for ([ii = 1, ii < 4, (ii++)]): null

22-11-2024T02:59:25 - [TEST_STEP][PASSED] - i1 = x.indexOf("/") + 1: null

22-11-2024T02:59:25 - [TEST_STEP][PASSED] - if (i1 > -1): null

22-11-2024T02:59:25 - [TEST_STEP][PASSED] - x = x.substring(i1, x.length()): null

22-11-2024T02:59:25 - [TEST_STEP][PASSED] - println(x): null

22-11-2024T02:59:25 - [TEST_STEP][PASSED] - i1 = x.indexOf("/") + 1: null

22-11-2024T02:59:25 - [TEST_STEP][PASSED] - if (i1 > -1): null

22-11-2024T02:59:25 - [TEST_STEP][PASSED] - x = x.substring(i1, x.length()): null

22-11-2024T02:59:25 - [TEST_STEP][PASSED] - println(x): null

22-11-2024T02:59:25 - [TEST_STEP][PASSED] - i1 = x.indexOf("/") + 1: null

22-11-2024T02:59:25 - [TEST_STEP][PASSED] - if (i1 > -1): null

22-11-2024T02:59:25 - [TEST_STEP][PASSED] - x = x.substring(i1, x.length()): null

22-11-2024T02:59:25 - [TEST_STEP][PASSED] - println(x): null

22-11-2024T02:59:25 - [TEST_STEP][PASSED] - i1 = x.indexOf("/"): null

22-11-2024T02:59:25 - [TEST_STEP][PASSED] - if (i1 > -1): null

22-11-2024T02:59:25 - [TEST_STEP][PASSED] - x = x.substring(0, i1): null

22-11-2024T02:59:25 - [TEST_STEP][PASSED] - println(x): null

22-11-2024T02:59:25 - [TEST_STEP][PASSED] - return x: null

22-11-2024T02:59:25 - [TEST_STEP][PASSED] - tabB = GetOvSFactB(x = b): null

22-11-2024T02:59:25 - [TEST_STEP][PASSED] - i1 = <not implemented yet for class: org.codehaus.groovy.ast.expr.EmptyExpression>: null

22-11-2024T02:59:25 - [TEST_STEP][PASSED] - ii = <not implemented yet for class: org.codehaus.groovy.ast.expr.EmptyExpression>: null

22-11-2024T02:59:25 - [TEST_STEP][PASSED] - for ([ii = 1, ii < 4, (ii++)]): null

22-11-2024T02:59:25 - [TEST_STEP][PASSED] - i1 = x.indexOf("/") + 1: null

22-11-2024T02:59:25 - [TEST_STEP][PASSED] - if (i1 > -1): null

22-11-2024T02:59:25 - [TEST_STEP][PASSED] - x = x.substring(i1, x.length()): null

22-11-2024T02:59:25 - [TEST_STEP][PASSED] - println(x): null

22-11-2024T02:59:25 - [TEST_STEP][PASSED] - i1 = x.indexOf("/") + 1: null

22-11-2024T02:59:25 - [TEST_STEP][PASSED] - if (i1 > -1): null

22-11-2024T02:59:25 - [TEST_STEP][PASSED] - x = x.substring(i1, x.length()): null

22-11-2024T02:59:25 - [TEST_STEP][PASSED] - println(x): null

22-11-2024T02:59:25 - [TEST_STEP][PASSED] - i1 = x.indexOf("/") + 1: null

22-11-2024T02:59:25 - [TEST_STEP][PASSED] - if (i1 > -1): null

22-11-2024T02:59:25 - [TEST_STEP][PASSED] - x = x.substring(i1, x.length()): null

22-11-2024T02:59:25 - [TEST_STEP][PASSED] - println(x): null

22-11-2024T02:59:25 - [TEST_STEP][PASSED] - i1 = x.indexOf("/"): null

22-11-2024T02:59:25 - [TEST_STEP][PASSED] - if (i1 > -1): null

22-11-2024T02:59:25 - [TEST_STEP][PASSED] - x = x.substring(0, i1): null

22-11-2024T02:59:25 - [TEST_STEP][PASSED] - println(x): null

22-11-2024T02:59:25 - [TEST_STEP][FAILED] - return x: null

22-11-2024T02:59:25 - [TEST_STEP][FAILED] - if (verifyEqual(tabR, tabB) == false): null

22-11-2024T02:59:25 - [MESSAGE][FAILED] - Unable to verify equal between actual object 'нет данных' and expected object '53993193' (Root cause: com.kms.katalon.core.exception.StepFailedException: Actual object 'нет данных' and expected object '53993193' are not equal
	at com.kms.katalon.core.keyword.builtin.VerifyEqualKeyword$_verifyEqual_closure1.doCall(VerifyEqualKeyword.groovy:58)
	at com.kms.katalon.core.keyword.builtin.VerifyEqualKeyword$_verifyEqual_closure1.call(VerifyEqualKeyword.groovy)
	at com.kms.katalon.core.keyword.internal.KeywordMain.runKeyword(KeywordMain.groovy:75)
	at com.kms.katalon.core.keyword.builtin.VerifyEqualKeyword.verifyEqual(VerifyEqualKeyword.groovy:63)
	at com.kms.katalon.core.keyword.builtin.VerifyEqualKeyword.execute(VerifyEqualKeyword.groovy:44)
	at com.kms.katalon.core.keyword.internal.KeywordExecutor.executeKeywordForPlatform(KeywordExecutor.groovy:74)
	at com.kms.katalon.core.keyword.BuiltinKeywords.verifyEqual(BuiltinKeywords.groovy:146)
	at jdk.internal.reflect.GeneratedMethodAccessor25.invoke(Unknown Source)
	at java.base/jdk.internal.reflect.DelegatingMethodAccessorImpl.invoke(DelegatingMethodAccessorImpl.java:43)
	at Выполнение бизнес-плана сверка дашбордов.CompareDZOData(Выполнение бизнес-плана сверка дашбордов:706)
	at Выполнение бизнес-плана сверка дашбордов.run(Выполнение бизнес-плана сверка дашбордов:643)
	at com.kms.katalon.core.main.ScriptEngine.run(ScriptEngine.java:194)
	at com.kms.katalon.core.main.ScriptEngine.runScriptAsRawText(ScriptEngine.java:119)
	at com.kms.katalon.core.main.TestCaseExecutor.runScript(TestCaseExecutor.java:448)
	at com.kms.katalon.core.main.TestCaseExecutor.doExecute(TestCaseExecutor.java:439)
	at com.kms.katalon.core.main.TestCaseExecutor.processExecutionPhase(TestCaseExecutor.java:418)
	at com.kms.katalon.core.main.TestCaseExecutor.accessMainPhase(TestCaseExecutor.java:410)
	at com.kms.katalon.core.main.TestCaseExecutor.execute(TestCaseExecutor.java:285)
	at com.kms.katalon.core.common.CommonExecutor.accessTestCaseMainPhase(CommonExecutor.java:65)
	at com.kms.katalon.core.main.TestSuiteExecutor.accessTestSuiteMainPhase(TestSuiteExecutor.java:150)
	at com.kms.katalon.core.main.TestSuiteExecutor.execute(TestSuiteExecutor.java:106)
	at com.kms.katalon.core.main.TestCaseMain.startTestSuite(TestCaseMain.java:180)
	at TempTestSuite1732232929817.run(TempTestSuite1732232929817.groovy:35)
	at java.base/jdk.internal.reflect.NativeMethodAccessorImpl.invoke0(Native Method)
	at java.base/jdk.internal.reflect.NativeMethodAccessorImpl.invoke(NativeMethodAccessorImpl.java:77)
	at java.base/jdk.internal.reflect.DelegatingMethodAccessorImpl.invoke(DelegatingMethodAccessorImpl.java:43)
)

22-11-2024T02:59:25 - [TEST_STEP][PASSED] - result = WriteToExcel(typeOfData, todaysDate, PercPlanR, PercPlanB, PercFactR, PercFactB, x, tabR, tabB, o1R, o1B, vidget): null

22-11-2024T02:59:25 - [TEST_STEP][PASSED] - iii = dZO.indexOf("/"): null

22-11-2024T02:59:25 - [TEST_STEP][PASSED] - println(iii): null

22-11-2024T02:59:25 - [TEST_STEP][PASSED] - dZO = dZO.substring(0, iii): null

22-11-2024T02:59:25 - [TEST_STEP][PASSED] - println(dZO): null

22-11-2024T02:59:25 - [TEST_STEP][PASSED] - println(PercPlanR): null

22-11-2024T02:59:25 - [TEST_STEP][PASSED] - println(PercPlanB): null

22-11-2024T02:59:25 - [TEST_STEP][PASSED] - println(PercFactR): null

22-11-2024T02:59:25 - [TEST_STEP][PASSED] - println(PercFactB): null

22-11-2024T02:59:25 - [TEST_STEP][PASSED] - println(tabR): null

22-11-2024T02:59:25 - [TEST_STEP][PASSED] - println(tabB): null

22-11-2024T02:59:25 - [TEST_STEP][PASSED] - println(o1R): null

22-11-2024T02:59:25 - [TEST_STEP][PASSED] - println(o1B): null

22-11-2024T02:59:25 - [TEST_STEP][PASSED] - PR = <not implemented yet for class: org.codehaus.groovy.ast.expr.EmptyExpression>: null

22-11-2024T02:59:25 - [TEST_STEP][PASSED] - FR = <not implemented yet for class: org.codehaus.groovy.ast.expr.EmptyExpression>: null

22-11-2024T02:59:25 - [TEST_STEP][PASSED] - PB = <not implemented yet for class: org.codehaus.groovy.ast.expr.EmptyExpression>: null

22-11-2024T02:59:25 - [TEST_STEP][PASSED] - FB = <not implemented yet for class: org.codehaus.groovy.ast.expr.EmptyExpression>: null

22-11-2024T02:59:25 - [TEST_STEP][PASSED] - TR = <not implemented yet for class: org.codehaus.groovy.ast.expr.EmptyExpression>: null

22-11-2024T02:59:25 - [TEST_STEP][PASSED] - TB = <not implemented yet for class: org.codehaus.groovy.ast.expr.EmptyExpression>: null

22-11-2024T02:59:25 - [TEST_STEP][PASSED] - sheetName = "Sheet1": null

22-11-2024T02:59:25 - [TEST_STEP][PASSED] - data = findTestData("PlanFact"): null

22-11-2024T02:59:25 - [TEST_STEP][PASSED] - n = data.getRowNumbers() + 1: null

22-11-2024T02:59:25 - [TEST_STEP][PASSED] - year = todaysDate.substring(todaysDate.length() - 4, todaysDate.length()): null

22-11-2024T02:59:25 - [TEST_STEP][PASSED] - y = year.toInteger(): null

22-11-2024T02:59:25 - [TEST_STEP][PASSED] - m = getText(findTestObject("Выполнение бизнес-плана/Выполнение бизнес-плана Балансы/Фильтр Дата")): Text of object 'Object Repository/Выполнение бизнес-плана/Выполнение бизнес-плана Балансы/Фильтр Дата' is: '1, 2, 3 кв. 2024 года'

22-11-2024T02:59:25 - [MESSAGE][PASSED] - Text of object 'Object Repository/Выполнение бизнес-плана/Выполнение бизнес-плана Балансы/Фильтр Дата' is: '1, 2, 3 кв. 2024 года'

22-11-2024T02:59:25 - [TEST_STEP][PASSED] - m = m.substring(0, m.indexOf("2024")): null

22-11-2024T02:59:25 - [TEST_STEP][PASSED] - m = m.trim(): null

22-11-2024T02:59:25 - [TEST_STEP][PASSED] - dashboardName = "Выполнение бизнес-плана": null

22-11-2024T02:59:25 - [TEST_STEP][PASSED] - workbook01 = getWorkbook(excelFilePath): null

22-11-2024T02:59:26 - [TEST_STEP][PASSED] - sheet01 = getExcelSheet(workbook01, sheetName): null

22-11-2024T02:59:26 - [TEST_STEP][PASSED] - setValueToCellByIndex(sheet01, n, 0, dashboardName): null

22-11-2024T02:59:26 - [TEST_STEP][PASSED] - setValueToCellByIndex(sheet01, n, 1, dZO): null

22-11-2024T02:59:26 - [TEST_STEP][PASSED] - setValueToCellByIndex(sheet01, n, 2, typeOfData): null

22-11-2024T02:59:26 - [TEST_STEP][PASSED] - setValueToCellByIndex(sheet01, n, 3, typeOfData): null

22-11-2024T02:59:26 - [TEST_STEP][PASSED] - if (typeOfData == "План"): null

22-11-2024T02:59:26 - [TEST_STEP][PASSED] - else if (typeOfData == "Факт"): null

22-11-2024T02:59:26 - [TEST_STEP][PASSED] - else if (vidget.contains("электроэнергии") == true): null

22-11-2024T02:59:26 - [TEST_STEP][PASSED] - if (tabR == null): null

22-11-2024T02:59:26 - [TEST_STEP][PASSED] - else: null

22-11-2024T02:59:26 - [TEST_STEP][PASSED] - if (tabR == "нет данных"): null

22-11-2024T02:59:26 - [TEST_STEP][PASSED] - setValueToCellByIndex(sheet01, n, 4, "нет данных"): null

22-11-2024T02:59:26 - [TEST_STEP][PASSED] - if (tabB == null): null

22-11-2024T02:59:26 - [TEST_STEP][PASSED] - else: null

22-11-2024T02:59:26 - [TEST_STEP][PASSED] - if (tabB == "нет данных"): null

22-11-2024T02:59:26 - [TEST_STEP][PASSED] - else: null

22-11-2024T02:59:26 - [TEST_STEP][PASSED] - TB = tabB.toInteger(): null

22-11-2024T02:59:26 - [TEST_STEP][PASSED] - setValueToCellByIndex(sheet01, n, 5, TB): null

22-11-2024T02:59:26 - [TEST_STEP][PASSED] - setValueToCellByIndex(sheet01, n, 6, m): null

22-11-2024T02:59:26 - [TEST_STEP][PASSED] - setValueToCellByIndex(sheet01, n, 7, y): null

22-11-2024T02:59:26 - [TEST_STEP][PASSED] - setValueToCellByIndex(sheet01, n, 8, todaysDate): null

22-11-2024T02:59:26 - [TEST_STEP][PASSED] - n = n + 1: null

22-11-2024T02:59:26 - [TEST_STEP][PASSED] - saveWorkbook(excelFilePath, workbook01): null

22-11-2024T02:59:26 - [TEST_STEP][PASSED] - typeOfData = "Факт Отпуск из сети": null

22-11-2024T02:59:26 - [TEST_STEP][PASSED] - tabR = GetOiSFactR(x = a): null

22-11-2024T02:59:26 - [TEST_STEP][PASSED] - i1 = <not implemented yet for class: org.codehaus.groovy.ast.expr.EmptyExpression>: null

22-11-2024T02:59:26 - [TEST_STEP][PASSED] - ii = <not implemented yet for class: org.codehaus.groovy.ast.expr.EmptyExpression>: null

22-11-2024T02:59:26 - [TEST_STEP][PASSED] - for ([ii = 1, ii < 5, (ii++)]): null

22-11-2024T02:59:26 - [TEST_STEP][PASSED] - i1 = x.indexOf("/") + 1: null

22-11-2024T02:59:26 - [TEST_STEP][PASSED] - if (i1 > -1): null

22-11-2024T02:59:26 - [TEST_STEP][PASSED] - x = x.substring(i1, x.length()): null

22-11-2024T02:59:26 - [TEST_STEP][PASSED] - println(x): null

22-11-2024T02:59:26 - [TEST_STEP][PASSED] - i1 = x.indexOf("/") + 1: null

22-11-2024T02:59:26 - [TEST_STEP][PASSED] - if (i1 > -1): null

22-11-2024T02:59:26 - [TEST_STEP][PASSED] - x = x.substring(i1, x.length()): null

22-11-2024T02:59:26 - [TEST_STEP][PASSED] - println(x): null

22-11-2024T02:59:26 - [TEST_STEP][PASSED] - i1 = x.indexOf("/") + 1: null

22-11-2024T02:59:26 - [TEST_STEP][PASSED] - if (i1 > -1): null

22-11-2024T02:59:26 - [TEST_STEP][PASSED] - x = x.substring(i1, x.length()): null

22-11-2024T02:59:26 - [TEST_STEP][PASSED] - println(x): null

22-11-2024T02:59:26 - [TEST_STEP][PASSED] - i1 = x.indexOf("/") + 1: null

22-11-2024T02:59:26 - [TEST_STEP][PASSED] - if (i1 > -1): null

22-11-2024T02:59:26 - [TEST_STEP][PASSED] - x = x.substring(i1, x.length()): null

22-11-2024T02:59:26 - [TEST_STEP][PASSED] - println(x): null

22-11-2024T02:59:26 - [TEST_STEP][PASSED] - i1 = x.indexOf("/"): null

22-11-2024T02:59:26 - [TEST_STEP][PASSED] - if (i1 > -1): null

22-11-2024T02:59:26 - [TEST_STEP][PASSED] - x = x.substring(0, i1): null

22-11-2024T02:59:26 - [TEST_STEP][PASSED] - println(x): null

22-11-2024T02:59:26 - [TEST_STEP][PASSED] - return x: null

22-11-2024T02:59:26 - [TEST_STEP][PASSED] - tabB = GetOiSFactB(x = b): null

22-11-2024T02:59:26 - [TEST_STEP][PASSED] - i1 = <not implemented yet for class: org.codehaus.groovy.ast.expr.EmptyExpression>: null

22-11-2024T02:59:26 - [TEST_STEP][PASSED] - ii = <not implemented yet for class: org.codehaus.groovy.ast.expr.EmptyExpression>: null

22-11-2024T02:59:26 - [TEST_STEP][PASSED] - for ([ii = 1, ii < 5, (ii++)]): null

22-11-2024T02:59:26 - [TEST_STEP][PASSED] - i1 = x.indexOf("/") + 1: null

22-11-2024T02:59:26 - [TEST_STEP][PASSED] - if (i1 > -1): null

22-11-2024T02:59:26 - [TEST_STEP][PASSED] - x = x.substring(i1, x.length()): null

22-11-2024T02:59:26 - [TEST_STEP][PASSED] - println(x): null

22-11-2024T02:59:26 - [TEST_STEP][PASSED] - i1 = x.indexOf("/") + 1: null

22-11-2024T02:59:26 - [TEST_STEP][PASSED] - if (i1 > -1): null

22-11-2024T02:59:26 - [TEST_STEP][PASSED] - x = x.substring(i1, x.length()): null

22-11-2024T02:59:26 - [TEST_STEP][PASSED] - println(x): null

22-11-2024T02:59:26 - [TEST_STEP][PASSED] - i1 = x.indexOf("/") + 1: null

22-11-2024T02:59:26 - [TEST_STEP][PASSED] - if (i1 > -1): null

22-11-2024T02:59:26 - [TEST_STEP][PASSED] - x = x.substring(i1, x.length()): null

22-11-2024T02:59:26 - [TEST_STEP][PASSED] - println(x): null

22-11-2024T02:59:26 - [TEST_STEP][PASSED] - i1 = x.indexOf("/") + 1: null

22-11-2024T02:59:26 - [TEST_STEP][PASSED] - if (i1 > -1): null

22-11-2024T02:59:26 - [TEST_STEP][PASSED] - x = x.substring(i1, x.length()): null

22-11-2024T02:59:26 - [TEST_STEP][PASSED] - println(x): null

22-11-2024T02:59:26 - [TEST_STEP][PASSED] - i1 = x.indexOf("/"): null

22-11-2024T02:59:26 - [TEST_STEP][PASSED] - if (i1 > -1): null

22-11-2024T02:59:26 - [TEST_STEP][PASSED] - x = x.substring(0, i1): null

22-11-2024T02:59:26 - [TEST_STEP][PASSED] - println(x): null

22-11-2024T02:59:26 - [TEST_STEP][FAILED] - return x: null

22-11-2024T02:59:26 - [TEST_STEP][FAILED] - if (verifyEqual(tabR, tabB) == false): null

22-11-2024T02:59:26 - [MESSAGE][FAILED] - Unable to verify equal between actual object 'нет данных' and expected object '50992089' (Root cause: com.kms.katalon.core.exception.StepFailedException: Actual object 'нет данных' and expected object '50992089' are not equal
	at com.kms.katalon.core.keyword.builtin.VerifyEqualKeyword$_verifyEqual_closure1.doCall(VerifyEqualKeyword.groovy:58)
	at com.kms.katalon.core.keyword.builtin.VerifyEqualKeyword$_verifyEqual_closure1.call(VerifyEqualKeyword.groovy)
	at com.kms.katalon.core.keyword.internal.KeywordMain.runKeyword(KeywordMain.groovy:75)
	at com.kms.katalon.core.keyword.builtin.VerifyEqualKeyword.verifyEqual(VerifyEqualKeyword.groovy:63)
	at com.kms.katalon.core.keyword.builtin.VerifyEqualKeyword.execute(VerifyEqualKeyword.groovy:44)
	at com.kms.katalon.core.keyword.internal.KeywordExecutor.executeKeywordForPlatform(KeywordExecutor.groovy:74)
	at com.kms.katalon.core.keyword.BuiltinKeywords.verifyEqual(BuiltinKeywords.groovy:146)
	at jdk.internal.reflect.GeneratedMethodAccessor25.invoke(Unknown Source)
	at java.base/jdk.internal.reflect.DelegatingMethodAccessorImpl.invoke(DelegatingMethodAccessorImpl.java:43)
	at Выполнение бизнес-плана сверка дашбордов.CompareDZOData(Выполнение бизнес-плана сверка дашбордов:717)
	at Выполнение бизнес-плана сверка дашбордов.run(Выполнение бизнес-плана сверка дашбордов:643)
	at com.kms.katalon.core.main.ScriptEngine.run(ScriptEngine.java:194)
	at com.kms.katalon.core.main.ScriptEngine.runScriptAsRawText(ScriptEngine.java:119)
	at com.kms.katalon.core.main.TestCaseExecutor.runScript(TestCaseExecutor.java:448)
	at com.kms.katalon.core.main.TestCaseExecutor.doExecute(TestCaseExecutor.java:439)
	at com.kms.katalon.core.main.TestCaseExecutor.processExecutionPhase(TestCaseExecutor.java:418)
	at com.kms.katalon.core.main.TestCaseExecutor.accessMainPhase(TestCaseExecutor.java:410)
	at com.kms.katalon.core.main.TestCaseExecutor.execute(TestCaseExecutor.java:285)
	at com.kms.katalon.core.common.CommonExecutor.accessTestCaseMainPhase(CommonExecutor.java:65)
	at com.kms.katalon.core.main.TestSuiteExecutor.accessTestSuiteMainPhase(TestSuiteExecutor.java:150)
	at com.kms.katalon.core.main.TestSuiteExecutor.execute(TestSuiteExecutor.java:106)
	at com.kms.katalon.core.main.TestCaseMain.startTestSuite(TestCaseMain.java:180)
	at TempTestSuite1732232929817.run(TempTestSuite1732232929817.groovy:35)
	at java.base/jdk.internal.reflect.NativeMethodAccessorImpl.invoke0(Native Method)
	at java.base/jdk.internal.reflect.NativeMethodAccessorImpl.invoke(NativeMethodAccessorImpl.java:77)
	at java.base/jdk.internal.reflect.DelegatingMethodAccessorImpl.invoke(DelegatingMethodAccessorImpl.java:43)
)

22-11-2024T02:59:26 - [TEST_STEP][PASSED] - result = WriteToExcel(typeOfData, todaysDate, PercPlanR, PercPlanB, PercFactR, PercFactB, x, tabR, tabB, o1R, o1B, vidget): null

22-11-2024T02:59:26 - [TEST_STEP][PASSED] - iii = dZO.indexOf("/"): null

22-11-2024T02:59:26 - [TEST_STEP][PASSED] - println(iii): null

22-11-2024T02:59:26 - [TEST_STEP][PASSED] - dZO = dZO.substring(0, iii): null

22-11-2024T02:59:26 - [TEST_STEP][PASSED] - println(dZO): null

22-11-2024T02:59:26 - [TEST_STEP][PASSED] - println(PercPlanR): null

22-11-2024T02:59:26 - [TEST_STEP][PASSED] - println(PercPlanB): null

22-11-2024T02:59:26 - [TEST_STEP][PASSED] - println(PercFactR): null

22-11-2024T02:59:26 - [TEST_STEP][PASSED] - println(PercFactB): null

22-11-2024T02:59:26 - [TEST_STEP][PASSED] - println(tabR): null

22-11-2024T02:59:26 - [TEST_STEP][PASSED] - println(tabB): null

22-11-2024T02:59:26 - [TEST_STEP][PASSED] - println(o1R): null

22-11-2024T02:59:26 - [TEST_STEP][PASSED] - println(o1B): null

22-11-2024T02:59:26 - [TEST_STEP][PASSED] - PR = <not implemented yet for class: org.codehaus.groovy.ast.expr.EmptyExpression>: null

22-11-2024T02:59:26 - [TEST_STEP][PASSED] - FR = <not implemented yet for class: org.codehaus.groovy.ast.expr.EmptyExpression>: null

22-11-2024T02:59:26 - [TEST_STEP][PASSED] - PB = <not implemented yet for class: org.codehaus.groovy.ast.expr.EmptyExpression>: null

22-11-2024T02:59:26 - [TEST_STEP][PASSED] - FB = <not implemented yet for class: org.codehaus.groovy.ast.expr.EmptyExpression>: null

22-11-2024T02:59:26 - [TEST_STEP][PASSED] - TR = <not implemented yet for class: org.codehaus.groovy.ast.expr.EmptyExpression>: null

22-11-2024T02:59:26 - [TEST_STEP][PASSED] - TB = <not implemented yet for class: org.codehaus.groovy.ast.expr.EmptyExpression>: null

22-11-2024T02:59:26 - [TEST_STEP][PASSED] - sheetName = "Sheet1": null

22-11-2024T02:59:26 - [TEST_STEP][PASSED] - data = findTestData("PlanFact"): null

22-11-2024T02:59:26 - [TEST_STEP][PASSED] - n = data.getRowNumbers() + 1: null

22-11-2024T02:59:26 - [TEST_STEP][PASSED] - year = todaysDate.substring(todaysDate.length() - 4, todaysDate.length()): null

22-11-2024T02:59:26 - [TEST_STEP][PASSED] - y = year.toInteger(): null

22-11-2024T02:59:26 - [TEST_STEP][PASSED] - m = getText(findTestObject("Выполнение бизнес-плана/Выполнение бизнес-плана Балансы/Фильтр Дата")): Text of object 'Object Repository/Выполнение бизнес-плана/Выполнение бизнес-плана Балансы/Фильтр Дата' is: '1, 2, 3 кв. 2024 года'

22-11-2024T02:59:26 - [MESSAGE][PASSED] - Text of object 'Object Repository/Выполнение бизнес-плана/Выполнение бизнес-плана Балансы/Фильтр Дата' is: '1, 2, 3 кв. 2024 года'

22-11-2024T02:59:26 - [TEST_STEP][PASSED] - m = m.substring(0, m.indexOf("2024")): null

22-11-2024T02:59:26 - [TEST_STEP][PASSED] - m = m.trim(): null

22-11-2024T02:59:26 - [TEST_STEP][PASSED] - dashboardName = "Выполнение бизнес-плана": null

22-11-2024T02:59:26 - [TEST_STEP][PASSED] - workbook01 = getWorkbook(excelFilePath): null

22-11-2024T02:59:26 - [TEST_STEP][PASSED] - sheet01 = getExcelSheet(workbook01, sheetName): null

22-11-2024T02:59:26 - [TEST_STEP][PASSED] - setValueToCellByIndex(sheet01, n, 0, dashboardName): null

22-11-2024T02:59:26 - [TEST_STEP][PASSED] - setValueToCellByIndex(sheet01, n, 1, dZO): null

22-11-2024T02:59:26 - [TEST_STEP][PASSED] - setValueToCellByIndex(sheet01, n, 2, typeOfData): null

22-11-2024T02:59:26 - [TEST_STEP][PASSED] - setValueToCellByIndex(sheet01, n, 3, typeOfData): null

22-11-2024T02:59:26 - [TEST_STEP][PASSED] - if (typeOfData == "План"): null

22-11-2024T02:59:26 - [TEST_STEP][PASSED] - else if (typeOfData == "Факт"): null

22-11-2024T02:59:26 - [TEST_STEP][PASSED] - else if (vidget.contains("электроэнергии") == true): null

22-11-2024T02:59:26 - [TEST_STEP][PASSED] - if (tabR == null): null

22-11-2024T02:59:26 - [TEST_STEP][PASSED] - else: null

22-11-2024T02:59:26 - [TEST_STEP][PASSED] - if (tabR == "нет данных"): null

22-11-2024T02:59:26 - [TEST_STEP][PASSED] - setValueToCellByIndex(sheet01, n, 4, "нет данных"): null

22-11-2024T02:59:26 - [TEST_STEP][PASSED] - if (tabB == null): null

22-11-2024T02:59:26 - [TEST_STEP][PASSED] - else: null

22-11-2024T02:59:26 - [TEST_STEP][PASSED] - if (tabB == "нет данных"): null

22-11-2024T02:59:26 - [TEST_STEP][PASSED] - else: null

22-11-2024T02:59:26 - [TEST_STEP][PASSED] - TB = tabB.toInteger(): null

22-11-2024T02:59:26 - [TEST_STEP][PASSED] - setValueToCellByIndex(sheet01, n, 5, TB): null

22-11-2024T02:59:26 - [TEST_STEP][PASSED] - setValueToCellByIndex(sheet01, n, 6, m): null

22-11-2024T02:59:26 - [TEST_STEP][PASSED] - setValueToCellByIndex(sheet01, n, 7, y): null

22-11-2024T02:59:26 - [TEST_STEP][PASSED] - setValueToCellByIndex(sheet01, n, 8, todaysDate): null

22-11-2024T02:59:26 - [TEST_STEP][PASSED] - n = n + 1: null

22-11-2024T02:59:26 - [TEST_STEP][PASSED] - saveWorkbook(excelFilePath, workbook01): null

22-11-2024T02:59:26 - [TEST_STEP][PASSED] - typeOfData = "Факт Потери": null

22-11-2024T02:59:26 - [TEST_STEP][PASSED] - tabR = GetPFactR(x = a): null

22-11-2024T02:59:26 - [TEST_STEP][PASSED] - i1 = <not implemented yet for class: org.codehaus.groovy.ast.expr.EmptyExpression>: null

22-11-2024T02:59:26 - [TEST_STEP][PASSED] - ii = <not implemented yet for class: org.codehaus.groovy.ast.expr.EmptyExpression>: null

22-11-2024T02:59:26 - [TEST_STEP][PASSED] - for ([ii = 1, ii < 6, (ii++)]): null

22-11-2024T02:59:26 - [TEST_STEP][PASSED] - i1 = x.indexOf("/") + 1: null

22-11-2024T02:59:26 - [TEST_STEP][PASSED] - if (i1 > -1): null

22-11-2024T02:59:26 - [TEST_STEP][PASSED] - x = x.substring(i1, x.length()): null

22-11-2024T02:59:26 - [TEST_STEP][PASSED] - println(x): null

22-11-2024T02:59:26 - [TEST_STEP][PASSED] - i1 = x.indexOf("/") + 1: null

22-11-2024T02:59:26 - [TEST_STEP][PASSED] - if (i1 > -1): null

22-11-2024T02:59:26 - [TEST_STEP][PASSED] - x = x.substring(i1, x.length()): null

22-11-2024T02:59:26 - [TEST_STEP][PASSED] - println(x): null

22-11-2024T02:59:26 - [TEST_STEP][PASSED] - i1 = x.indexOf("/") + 1: null

22-11-2024T02:59:26 - [TEST_STEP][PASSED] - if (i1 > -1): null

22-11-2024T02:59:26 - [TEST_STEP][PASSED] - x = x.substring(i1, x.length()): null

22-11-2024T02:59:26 - [TEST_STEP][PASSED] - println(x): null

22-11-2024T02:59:26 - [TEST_STEP][PASSED] - i1 = x.indexOf("/") + 1: null

22-11-2024T02:59:26 - [TEST_STEP][PASSED] - if (i1 > -1): null

22-11-2024T02:59:26 - [TEST_STEP][PASSED] - x = x.substring(i1, x.length()): null

22-11-2024T02:59:26 - [TEST_STEP][PASSED] - println(x): null

22-11-2024T02:59:26 - [TEST_STEP][PASSED] - i1 = x.indexOf("/") + 1: null

22-11-2024T02:59:26 - [TEST_STEP][PASSED] - if (i1 > -1): null

22-11-2024T02:59:26 - [TEST_STEP][PASSED] - x = x.substring(i1, x.length()): null

22-11-2024T02:59:26 - [TEST_STEP][PASSED] - println(x): null

22-11-2024T02:59:26 - [TEST_STEP][PASSED] - i1 = x.indexOf("/"): null

22-11-2024T02:59:26 - [TEST_STEP][PASSED] - if (i1 > -1): null

22-11-2024T02:59:26 - [TEST_STEP][PASSED] - x = x.substring(0, i1): null

22-11-2024T02:59:26 - [TEST_STEP][PASSED] - println(x): null

22-11-2024T02:59:26 - [TEST_STEP][PASSED] - return x: null

22-11-2024T02:59:26 - [TEST_STEP][PASSED] - tabB = GetPFactB(x = b): null

22-11-2024T02:59:26 - [TEST_STEP][PASSED] - i1 = <not implemented yet for class: org.codehaus.groovy.ast.expr.EmptyExpression>: null

22-11-2024T02:59:26 - [TEST_STEP][PASSED] - ii = <not implemented yet for class: org.codehaus.groovy.ast.expr.EmptyExpression>: null

22-11-2024T02:59:26 - [TEST_STEP][PASSED] - for ([ii = 1, ii < 6, (ii++)]): null

22-11-2024T02:59:26 - [TEST_STEP][PASSED] - i1 = x.indexOf("/") + 1: null

22-11-2024T02:59:26 - [TEST_STEP][PASSED] - if (i1 > -1): null

22-11-2024T02:59:26 - [TEST_STEP][PASSED] - x = x.substring(i1, x.length()): null

22-11-2024T02:59:26 - [TEST_STEP][PASSED] - println(x): null

22-11-2024T02:59:26 - [TEST_STEP][PASSED] - i1 = x.indexOf("/") + 1: null

22-11-2024T02:59:26 - [TEST_STEP][PASSED] - if (i1 > -1): null

22-11-2024T02:59:26 - [TEST_STEP][PASSED] - x = x.substring(i1, x.length()): null

22-11-2024T02:59:26 - [TEST_STEP][PASSED] - println(x): null

22-11-2024T02:59:26 - [TEST_STEP][PASSED] - i1 = x.indexOf("/") + 1: null

22-11-2024T02:59:26 - [TEST_STEP][PASSED] - if (i1 > -1): null

22-11-2024T02:59:26 - [TEST_STEP][PASSED] - x = x.substring(i1, x.length()): null

22-11-2024T02:59:26 - [TEST_STEP][PASSED] - println(x): null

22-11-2024T02:59:26 - [TEST_STEP][PASSED] - i1 = x.indexOf("/") + 1: null

22-11-2024T02:59:26 - [TEST_STEP][PASSED] - if (i1 > -1): null

22-11-2024T02:59:26 - [TEST_STEP][PASSED] - x = x.substring(i1, x.length()): null

22-11-2024T02:59:26 - [TEST_STEP][PASSED] - println(x): null

22-11-2024T02:59:26 - [TEST_STEP][PASSED] - i1 = x.indexOf("/") + 1: null

22-11-2024T02:59:26 - [TEST_STEP][PASSED] - if (i1 > -1): null

22-11-2024T02:59:26 - [TEST_STEP][PASSED] - x = x.substring(i1, x.length()): null

22-11-2024T02:59:26 - [TEST_STEP][PASSED] - println(x): null

22-11-2024T02:59:26 - [TEST_STEP][PASSED] - i1 = x.indexOf("/"): null

22-11-2024T02:59:26 - [TEST_STEP][PASSED] - if (i1 > -1): null

22-11-2024T02:59:26 - [TEST_STEP][PASSED] - x = x.substring(0, i1): null

22-11-2024T02:59:26 - [TEST_STEP][PASSED] - println(x): null

22-11-2024T02:59:26 - [TEST_STEP][FAILED] - return x: null

22-11-2024T02:59:26 - [TEST_STEP][PASSED] - println(tabR + "/" + tabB): null

22-11-2024T02:59:26 - [TEST_STEP][FAILED] - if (verifyEqual(tabR, tabB) == false): null

22-11-2024T02:59:26 - [MESSAGE][FAILED] - Unable to verify equal between actual object 'нет данных' and expected object '3001103' (Root cause: com.kms.katalon.core.exception.StepFailedException: Actual object 'нет данных' and expected object '3001103' are not equal
	at com.kms.katalon.core.keyword.builtin.VerifyEqualKeyword$_verifyEqual_closure1.doCall(VerifyEqualKeyword.groovy:58)
	at com.kms.katalon.core.keyword.builtin.VerifyEqualKeyword$_verifyEqual_closure1.call(VerifyEqualKeyword.groovy)
	at com.kms.katalon.core.keyword.internal.KeywordMain.runKeyword(KeywordMain.groovy:75)
	at com.kms.katalon.core.keyword.builtin.VerifyEqualKeyword.verifyEqual(VerifyEqualKeyword.groovy:63)
	at com.kms.katalon.core.keyword.builtin.VerifyEqualKeyword.execute(VerifyEqualKeyword.groovy:44)
	at com.kms.katalon.core.keyword.internal.KeywordExecutor.executeKeywordForPlatform(KeywordExecutor.groovy:74)
	at com.kms.katalon.core.keyword.BuiltinKeywords.verifyEqual(BuiltinKeywords.groovy:146)
	at jdk.internal.reflect.GeneratedMethodAccessor25.invoke(Unknown Source)
	at java.base/jdk.internal.reflect.DelegatingMethodAccessorImpl.invoke(DelegatingMethodAccessorImpl.java:43)
	at Выполнение бизнес-плана сверка дашбордов.CompareDZOData(Выполнение бизнес-плана сверка дашбордов:730)
	at Выполнение бизнес-плана сверка дашбордов.run(Выполнение бизнес-плана сверка дашбордов:643)
	at com.kms.katalon.core.main.ScriptEngine.run(ScriptEngine.java:194)
	at com.kms.katalon.core.main.ScriptEngine.runScriptAsRawText(ScriptEngine.java:119)
	at com.kms.katalon.core.main.TestCaseExecutor.runScript(TestCaseExecutor.java:448)
	at com.kms.katalon.core.main.TestCaseExecutor.doExecute(TestCaseExecutor.java:439)
	at com.kms.katalon.core.main.TestCaseExecutor.processExecutionPhase(TestCaseExecutor.java:418)
	at com.kms.katalon.core.main.TestCaseExecutor.accessMainPhase(TestCaseExecutor.java:410)
	at com.kms.katalon.core.main.TestCaseExecutor.execute(TestCaseExecutor.java:285)
	at com.kms.katalon.core.common.CommonExecutor.accessTestCaseMainPhase(CommonExecutor.java:65)
	at com.kms.katalon.core.main.TestSuiteExecutor.accessTestSuiteMainPhase(TestSuiteExecutor.java:150)
	at com.kms.katalon.core.main.TestSuiteExecutor.execute(TestSuiteExecutor.java:106)
	at com.kms.katalon.core.main.TestCaseMain.startTestSuite(TestCaseMain.java:180)
	at TempTestSuite1732232929817.run(TempTestSuite1732232929817.groovy:35)
	at java.base/jdk.internal.reflect.NativeMethodAccessorImpl.invoke0(Native Method)
	at java.base/jdk.internal.reflect.NativeMethodAccessorImpl.invoke(NativeMethodAccessorImpl.java:77)
	at java.base/jdk.internal.reflect.DelegatingMethodAccessorImpl.invoke(DelegatingMethodAccessorImpl.java:43)
)

22-11-2024T02:59:26 - [TEST_STEP][PASSED] - result = WriteToExcel(typeOfData, todaysDate, PercPlanR, PercPlanB, PercFactR, PercFactB, x, tabR, tabB, o1R, o1B, vidget): null

22-11-2024T02:59:26 - [TEST_STEP][PASSED] - iii = dZO.indexOf("/"): null

22-11-2024T02:59:26 - [TEST_STEP][PASSED] - println(iii): null

22-11-2024T02:59:26 - [TEST_STEP][PASSED] - dZO = dZO.substring(0, iii): null

22-11-2024T02:59:26 - [TEST_STEP][PASSED] - println(dZO): null

22-11-2024T02:59:26 - [TEST_STEP][PASSED] - println(PercPlanR): null

22-11-2024T02:59:26 - [TEST_STEP][PASSED] - println(PercPlanB): null

22-11-2024T02:59:26 - [TEST_STEP][PASSED] - println(PercFactR): null

22-11-2024T02:59:26 - [TEST_STEP][PASSED] - println(PercFactB): null

22-11-2024T02:59:26 - [TEST_STEP][PASSED] - println(tabR): null

22-11-2024T02:59:26 - [TEST_STEP][PASSED] - println(tabB): null

22-11-2024T02:59:26 - [TEST_STEP][PASSED] - println(o1R): null

22-11-2024T02:59:26 - [TEST_STEP][PASSED] - println(o1B): null

22-11-2024T02:59:26 - [TEST_STEP][PASSED] - PR = <not implemented yet for class: org.codehaus.groovy.ast.expr.EmptyExpression>: null

22-11-2024T02:59:26 - [TEST_STEP][PASSED] - FR = <not implemented yet for class: org.codehaus.groovy.ast.expr.EmptyExpression>: null

22-11-2024T02:59:26 - [TEST_STEP][PASSED] - PB = <not implemented yet for class: org.codehaus.groovy.ast.expr.EmptyExpression>: null

22-11-2024T02:59:26 - [TEST_STEP][PASSED] - FB = <not implemented yet for class: org.codehaus.groovy.ast.expr.EmptyExpression>: null

22-11-2024T02:59:26 - [TEST_STEP][PASSED] - TR = <not implemented yet for class: org.codehaus.groovy.ast.expr.EmptyExpression>: null

22-11-2024T02:59:26 - [TEST_STEP][PASSED] - TB = <not implemented yet for class: org.codehaus.groovy.ast.expr.EmptyExpression>: null

22-11-2024T02:59:26 - [TEST_STEP][PASSED] - sheetName = "Sheet1": null

22-11-2024T02:59:26 - [TEST_STEP][PASSED] - data = findTestData("PlanFact"): null

22-11-2024T02:59:27 - [TEST_STEP][PASSED] - n = data.getRowNumbers() + 1: null

22-11-2024T02:59:27 - [TEST_STEP][PASSED] - year = todaysDate.substring(todaysDate.length() - 4, todaysDate.length()): null

22-11-2024T02:59:27 - [TEST_STEP][PASSED] - y = year.toInteger(): null

22-11-2024T02:59:27 - [TEST_STEP][PASSED] - m = getText(findTestObject("Выполнение бизнес-плана/Выполнение бизнес-плана Балансы/Фильтр Дата")): Text of object 'Object Repository/Выполнение бизнес-плана/Выполнение бизнес-плана Балансы/Фильтр Дата' is: '1, 2, 3 кв. 2024 года'

22-11-2024T02:59:27 - [MESSAGE][PASSED] - Text of object 'Object Repository/Выполнение бизнес-плана/Выполнение бизнес-плана Балансы/Фильтр Дата' is: '1, 2, 3 кв. 2024 года'

22-11-2024T02:59:27 - [TEST_STEP][PASSED] - m = m.substring(0, m.indexOf("2024")): null

22-11-2024T02:59:27 - [TEST_STEP][PASSED] - m = m.trim(): null

22-11-2024T02:59:27 - [TEST_STEP][PASSED] - dashboardName = "Выполнение бизнес-плана": null

22-11-2024T02:59:27 - [TEST_STEP][PASSED] - workbook01 = getWorkbook(excelFilePath): null

22-11-2024T02:59:27 - [TEST_STEP][PASSED] - sheet01 = getExcelSheet(workbook01, sheetName): null

22-11-2024T02:59:27 - [TEST_STEP][PASSED] - setValueToCellByIndex(sheet01, n, 0, dashboardName): null

22-11-2024T02:59:27 - [TEST_STEP][PASSED] - setValueToCellByIndex(sheet01, n, 1, dZO): null

22-11-2024T02:59:27 - [TEST_STEP][PASSED] - setValueToCellByIndex(sheet01, n, 2, typeOfData): null

22-11-2024T02:59:27 - [TEST_STEP][PASSED] - setValueToCellByIndex(sheet01, n, 3, typeOfData): null

22-11-2024T02:59:27 - [TEST_STEP][PASSED] - if (typeOfData == "План"): null

22-11-2024T02:59:27 - [TEST_STEP][PASSED] - else if (typeOfData == "Факт"): null

22-11-2024T02:59:27 - [TEST_STEP][PASSED] - else if (vidget.contains("электроэнергии") == true): null

22-11-2024T02:59:27 - [TEST_STEP][PASSED] - if (tabR == null): null

22-11-2024T02:59:27 - [TEST_STEP][PASSED] - else: null

22-11-2024T02:59:27 - [TEST_STEP][PASSED] - if (tabR == "нет данных"): null

22-11-2024T02:59:27 - [TEST_STEP][PASSED] - setValueToCellByIndex(sheet01, n, 4, "нет данных"): null

22-11-2024T02:59:27 - [TEST_STEP][PASSED] - if (tabB == null): null

22-11-2024T02:59:27 - [TEST_STEP][PASSED] - else: null

22-11-2024T02:59:27 - [TEST_STEP][PASSED] - if (tabB == "нет данных"): null

22-11-2024T02:59:27 - [TEST_STEP][PASSED] - else: null

22-11-2024T02:59:27 - [TEST_STEP][PASSED] - TB = tabB.toInteger(): null

22-11-2024T02:59:27 - [TEST_STEP][PASSED] - setValueToCellByIndex(sheet01, n, 5, TB): null

22-11-2024T02:59:27 - [TEST_STEP][PASSED] - setValueToCellByIndex(sheet01, n, 6, m): null

22-11-2024T02:59:27 - [TEST_STEP][PASSED] - setValueToCellByIndex(sheet01, n, 7, y): null

22-11-2024T02:59:27 - [TEST_STEP][PASSED] - setValueToCellByIndex(sheet01, n, 8, todaysDate): null

22-11-2024T02:59:27 - [TEST_STEP][PASSED] - n = n + 1: null

22-11-2024T02:59:27 - [TEST_STEP][PASSED] - saveWorkbook(excelFilePath, workbook01): null

22-11-2024T02:59:27 - [TEST_STEP][PASSED] - vidget = "Показатели баланса электроэнергии по ДЗО – План": null

22-11-2024T02:59:27 - [TEST_STEP][PASSED] - typeOfData = "План Отпуск в сеть": null

22-11-2024T02:59:27 - [TEST_STEP][PASSED] - tabR = GetOvSPlanR(x = a): null

22-11-2024T02:59:27 - [TEST_STEP][PASSED] - i1 = <not implemented yet for class: org.codehaus.groovy.ast.expr.EmptyExpression>: null

22-11-2024T02:59:27 - [TEST_STEP][PASSED] - ii = <not implemented yet for class: org.codehaus.groovy.ast.expr.EmptyExpression>: null

22-11-2024T02:59:27 - [TEST_STEP][PASSED] - for ([ii = 1, ii < 7, (ii++)]): null

22-11-2024T02:59:27 - [TEST_STEP][PASSED] - i1 = x.indexOf("/") + 1: null

22-11-2024T02:59:27 - [TEST_STEP][PASSED] - if (i1 > -1): null

22-11-2024T02:59:27 - [TEST_STEP][PASSED] - x = x.substring(i1, x.length()): null

22-11-2024T02:59:27 - [TEST_STEP][PASSED] - println(x): null

22-11-2024T02:59:27 - [TEST_STEP][PASSED] - i1 = x.indexOf("/") + 1: null

22-11-2024T02:59:27 - [TEST_STEP][PASSED] - if (i1 > -1): null

22-11-2024T02:59:27 - [TEST_STEP][PASSED] - x = x.substring(i1, x.length()): null

22-11-2024T02:59:27 - [TEST_STEP][PASSED] - println(x): null

22-11-2024T02:59:27 - [TEST_STEP][PASSED] - i1 = x.indexOf("/") + 1: null

22-11-2024T02:59:27 - [TEST_STEP][PASSED] - if (i1 > -1): null

22-11-2024T02:59:27 - [TEST_STEP][PASSED] - x = x.substring(i1, x.length()): null

22-11-2024T02:59:27 - [TEST_STEP][PASSED] - println(x): null

22-11-2024T02:59:27 - [TEST_STEP][PASSED] - i1 = x.indexOf("/") + 1: null

22-11-2024T02:59:27 - [TEST_STEP][PASSED] - if (i1 > -1): null

22-11-2024T02:59:27 - [TEST_STEP][PASSED] - x = x.substring(i1, x.length()): null

22-11-2024T02:59:27 - [TEST_STEP][PASSED] - println(x): null

22-11-2024T02:59:27 - [TEST_STEP][PASSED] - i1 = x.indexOf("/") + 1: null

22-11-2024T02:59:27 - [TEST_STEP][PASSED] - if (i1 > -1): null

22-11-2024T02:59:27 - [TEST_STEP][PASSED] - x = x.substring(i1, x.length()): null

22-11-2024T02:59:27 - [TEST_STEP][PASSED] - println(x): null

22-11-2024T02:59:27 - [TEST_STEP][PASSED] - i1 = x.indexOf("/") + 1: null

22-11-2024T02:59:27 - [TEST_STEP][PASSED] - if (i1 > -1): null

22-11-2024T02:59:27 - [TEST_STEP][PASSED] - x = x.substring(i1, x.length()): null

22-11-2024T02:59:27 - [TEST_STEP][PASSED] - println(x): null

22-11-2024T02:59:27 - [TEST_STEP][PASSED] - i1 = x.indexOf("/"): null

22-11-2024T02:59:27 - [TEST_STEP][PASSED] - if (i1 > -1): null

22-11-2024T02:59:27 - [TEST_STEP][PASSED] - x = x.substring(0, i1): null

22-11-2024T02:59:27 - [TEST_STEP][PASSED] - println(x): null

22-11-2024T02:59:27 - [TEST_STEP][PASSED] - return x: null

22-11-2024T02:59:27 - [TEST_STEP][PASSED] - tabB = GetOvSPlanB(x = b): null

22-11-2024T02:59:27 - [TEST_STEP][PASSED] - i1 = <not implemented yet for class: org.codehaus.groovy.ast.expr.EmptyExpression>: null

22-11-2024T02:59:27 - [TEST_STEP][PASSED] - ii = <not implemented yet for class: org.codehaus.groovy.ast.expr.EmptyExpression>: null

22-11-2024T02:59:27 - [TEST_STEP][PASSED] - for ([ii = 1, ii < 7, (ii++)]): null

22-11-2024T02:59:27 - [TEST_STEP][PASSED] - i1 = x.indexOf("/") + 1: null

22-11-2024T02:59:27 - [TEST_STEP][PASSED] - if (i1 > -1): null

22-11-2024T02:59:27 - [TEST_STEP][PASSED] - x = x.substring(i1, x.length()): null

22-11-2024T02:59:27 - [TEST_STEP][PASSED] - println(x): null

22-11-2024T02:59:27 - [TEST_STEP][PASSED] - i1 = x.indexOf("/") + 1: null

22-11-2024T02:59:27 - [TEST_STEP][PASSED] - if (i1 > -1): null

22-11-2024T02:59:27 - [TEST_STEP][PASSED] - x = x.substring(i1, x.length()): null

22-11-2024T02:59:27 - [TEST_STEP][PASSED] - println(x): null

22-11-2024T02:59:27 - [TEST_STEP][PASSED] - i1 = x.indexOf("/") + 1: null

22-11-2024T02:59:27 - [TEST_STEP][PASSED] - if (i1 > -1): null

22-11-2024T02:59:27 - [TEST_STEP][PASSED] - x = x.substring(i1, x.length()): null

22-11-2024T02:59:27 - [TEST_STEP][PASSED] - println(x): null

22-11-2024T02:59:27 - [TEST_STEP][PASSED] - i1 = x.indexOf("/") + 1: null

22-11-2024T02:59:27 - [TEST_STEP][PASSED] - if (i1 > -1): null

22-11-2024T02:59:27 - [TEST_STEP][PASSED] - x = x.substring(i1, x.length()): null

22-11-2024T02:59:27 - [TEST_STEP][PASSED] - println(x): null

22-11-2024T02:59:27 - [TEST_STEP][PASSED] - i1 = x.indexOf("/") + 1: null

22-11-2024T02:59:27 - [TEST_STEP][PASSED] - if (i1 > -1): null

22-11-2024T02:59:27 - [TEST_STEP][PASSED] - x = x.substring(i1, x.length()): null

22-11-2024T02:59:27 - [TEST_STEP][PASSED] - println(x): null

22-11-2024T02:59:27 - [TEST_STEP][PASSED] - i1 = x.indexOf("/") + 1: null

22-11-2024T02:59:27 - [TEST_STEP][PASSED] - if (i1 > -1): null

22-11-2024T02:59:27 - [TEST_STEP][PASSED] - x = x.substring(i1, x.length()): null

22-11-2024T02:59:27 - [TEST_STEP][PASSED] - println(x): null

22-11-2024T02:59:27 - [TEST_STEP][PASSED] - i1 = x.indexOf("/"): null

22-11-2024T02:59:27 - [TEST_STEP][PASSED] - if (i1 > -1): null

22-11-2024T02:59:27 - [TEST_STEP][PASSED] - x = x.substring(0, i1): null

22-11-2024T02:59:27 - [TEST_STEP][PASSED] - println(x): null

22-11-2024T02:59:27 - [TEST_STEP][FAILED] - return x: null

22-11-2024T02:59:27 - [TEST_STEP][PASSED] - println(tabR + "/" + tabB): null

22-11-2024T02:59:27 - [TEST_STEP][FAILED] - if (verifyEqual(PercFactR, PercFactB) == false): null

22-11-2024T02:59:27 - [MESSAGE][FAILED] - Unable to verify equal between actual object 'нет данных' and expected object '5.56' (Root cause: com.kms.katalon.core.exception.StepFailedException: Actual object 'нет данных' and expected object '5.56' are not equal
	at com.kms.katalon.core.keyword.builtin.VerifyEqualKeyword$_verifyEqual_closure1.doCall(VerifyEqualKeyword.groovy:58)
	at com.kms.katalon.core.keyword.builtin.VerifyEqualKeyword$_verifyEqual_closure1.call(VerifyEqualKeyword.groovy)
	at com.kms.katalon.core.keyword.internal.KeywordMain.runKeyword(KeywordMain.groovy:75)
	at com.kms.katalon.core.keyword.builtin.VerifyEqualKeyword.verifyEqual(VerifyEqualKeyword.groovy:63)
	at com.kms.katalon.core.keyword.builtin.VerifyEqualKeyword.execute(VerifyEqualKeyword.groovy:44)
	at com.kms.katalon.core.keyword.internal.KeywordExecutor.executeKeywordForPlatform(KeywordExecutor.groovy:74)
	at com.kms.katalon.core.keyword.BuiltinKeywords.verifyEqual(BuiltinKeywords.groovy:146)
	at jdk.internal.reflect.GeneratedMethodAccessor25.invoke(Unknown Source)
	at java.base/jdk.internal.reflect.DelegatingMethodAccessorImpl.invoke(DelegatingMethodAccessorImpl.java:43)
	at Выполнение бизнес-плана сверка дашбордов.CompareDZOData(Выполнение бизнес-плана сверка дашбордов:745)
	at Выполнение бизнес-плана сверка дашбордов.run(Выполнение бизнес-плана сверка дашбордов:643)
	at com.kms.katalon.core.main.ScriptEngine.run(ScriptEngine.java:194)
	at com.kms.katalon.core.main.ScriptEngine.runScriptAsRawText(ScriptEngine.java:119)
	at com.kms.katalon.core.main.TestCaseExecutor.runScript(TestCaseExecutor.java:448)
	at com.kms.katalon.core.main.TestCaseExecutor.doExecute(TestCaseExecutor.java:439)
	at com.kms.katalon.core.main.TestCaseExecutor.processExecutionPhase(TestCaseExecutor.java:418)
	at com.kms.katalon.core.main.TestCaseExecutor.accessMainPhase(TestCaseExecutor.java:410)
	at com.kms.katalon.core.main.TestCaseExecutor.execute(TestCaseExecutor.java:285)
	at com.kms.katalon.core.common.CommonExecutor.accessTestCaseMainPhase(CommonExecutor.java:65)
	at com.kms.katalon.core.main.TestSuiteExecutor.accessTestSuiteMainPhase(TestSuiteExecutor.java:150)
	at com.kms.katalon.core.main.TestSuiteExecutor.execute(TestSuiteExecutor.java:106)
	at com.kms.katalon.core.main.TestCaseMain.startTestSuite(TestCaseMain.java:180)
	at TempTestSuite1732232929817.run(TempTestSuite1732232929817.groovy:35)
	at java.base/jdk.internal.reflect.NativeMethodAccessorImpl.invoke0(Native Method)
	at java.base/jdk.internal.reflect.NativeMethodAccessorImpl.invoke(NativeMethodAccessorImpl.java:77)
	at java.base/jdk.internal.reflect.DelegatingMethodAccessorImpl.invoke(DelegatingMethodAccessorImpl.java:43)
)

22-11-2024T02:59:27 - [TEST_STEP][PASSED] - result = WriteToExcel(typeOfData, todaysDate, PercPlanR, PercPlanB, PercFactR, PercFactB, x, tabR, tabB, o1R, o1B, vidget): null

22-11-2024T02:59:27 - [TEST_STEP][PASSED] - iii = dZO.indexOf("/"): null

22-11-2024T02:59:27 - [TEST_STEP][PASSED] - println(iii): null

22-11-2024T02:59:27 - [TEST_STEP][PASSED] - dZO = dZO.substring(0, iii): null

22-11-2024T02:59:27 - [TEST_STEP][PASSED] - println(dZO): null

22-11-2024T02:59:27 - [TEST_STEP][PASSED] - println(PercPlanR): null

22-11-2024T02:59:27 - [TEST_STEP][PASSED] - println(PercPlanB): null

22-11-2024T02:59:27 - [TEST_STEP][PASSED] - println(PercFactR): null

22-11-2024T02:59:27 - [TEST_STEP][PASSED] - println(PercFactB): null

22-11-2024T02:59:27 - [TEST_STEP][PASSED] - println(tabR): null

22-11-2024T02:59:27 - [TEST_STEP][PASSED] - println(tabB): null

22-11-2024T02:59:27 - [TEST_STEP][PASSED] - println(o1R): null

22-11-2024T02:59:27 - [TEST_STEP][PASSED] - println(o1B): null

22-11-2024T02:59:27 - [TEST_STEP][PASSED] - PR = <not implemented yet for class: org.codehaus.groovy.ast.expr.EmptyExpression>: null

22-11-2024T02:59:27 - [TEST_STEP][PASSED] - FR = <not implemented yet for class: org.codehaus.groovy.ast.expr.EmptyExpression>: null

22-11-2024T02:59:27 - [TEST_STEP][PASSED] - PB = <not implemented yet for class: org.codehaus.groovy.ast.expr.EmptyExpression>: null

22-11-2024T02:59:27 - [TEST_STEP][PASSED] - FB = <not implemented yet for class: org.codehaus.groovy.ast.expr.EmptyExpression>: null

22-11-2024T02:59:27 - [TEST_STEP][PASSED] - TR = <not implemented yet for class: org.codehaus.groovy.ast.expr.EmptyExpression>: null

22-11-2024T02:59:27 - [TEST_STEP][PASSED] - TB = <not implemented yet for class: org.codehaus.groovy.ast.expr.EmptyExpression>: null

22-11-2024T02:59:27 - [TEST_STEP][PASSED] - sheetName = "Sheet1": null

22-11-2024T02:59:27 - [TEST_STEP][PASSED] - data = findTestData("PlanFact"): null

22-11-2024T02:59:27 - [TEST_STEP][PASSED] - n = data.getRowNumbers() + 1: null

22-11-2024T02:59:27 - [TEST_STEP][PASSED] - year = todaysDate.substring(todaysDate.length() - 4, todaysDate.length()): null

22-11-2024T02:59:27 - [TEST_STEP][PASSED] - y = year.toInteger(): null

22-11-2024T02:59:27 - [TEST_STEP][PASSED] - m = getText(findTestObject("Выполнение бизнес-плана/Выполнение бизнес-плана Балансы/Фильтр Дата")): Text of object 'Object Repository/Выполнение бизнес-плана/Выполнение бизнес-плана Балансы/Фильтр Дата' is: '1, 2, 3 кв. 2024 года'

22-11-2024T02:59:27 - [MESSAGE][PASSED] - Text of object 'Object Repository/Выполнение бизнес-плана/Выполнение бизнес-плана Балансы/Фильтр Дата' is: '1, 2, 3 кв. 2024 года'

22-11-2024T02:59:27 - [TEST_STEP][PASSED] - m = m.substring(0, m.indexOf("2024")): null

22-11-2024T02:59:27 - [TEST_STEP][PASSED] - m = m.trim(): null

22-11-2024T02:59:27 - [TEST_STEP][PASSED] - dashboardName = "Выполнение бизнес-плана": null

22-11-2024T02:59:27 - [TEST_STEP][PASSED] - workbook01 = getWorkbook(excelFilePath): null

22-11-2024T02:59:27 - [TEST_STEP][PASSED] - sheet01 = getExcelSheet(workbook01, sheetName): null

22-11-2024T02:59:27 - [TEST_STEP][PASSED] - setValueToCellByIndex(sheet01, n, 0, dashboardName): null

22-11-2024T02:59:27 - [TEST_STEP][PASSED] - setValueToCellByIndex(sheet01, n, 1, dZO): null

22-11-2024T02:59:27 - [TEST_STEP][PASSED] - setValueToCellByIndex(sheet01, n, 2, typeOfData): null

22-11-2024T02:59:27 - [TEST_STEP][PASSED] - setValueToCellByIndex(sheet01, n, 3, typeOfData): null

22-11-2024T02:59:27 - [TEST_STEP][PASSED] - if (typeOfData == "План"): null

22-11-2024T02:59:27 - [TEST_STEP][PASSED] - else if (typeOfData == "Факт"): null

22-11-2024T02:59:27 - [TEST_STEP][PASSED] - else if (vidget.contains("электроэнергии") == true): null

22-11-2024T02:59:27 - [TEST_STEP][PASSED] - if (tabR == null): null

22-11-2024T02:59:27 - [TEST_STEP][PASSED] - else: null

22-11-2024T02:59:27 - [TEST_STEP][PASSED] - if (tabR == "нет данных"): null

22-11-2024T02:59:27 - [TEST_STEP][PASSED] - setValueToCellByIndex(sheet01, n, 4, "нет данных"): null

22-11-2024T02:59:27 - [TEST_STEP][PASSED] - if (tabB == null): null

22-11-2024T02:59:27 - [TEST_STEP][PASSED] - else: null

22-11-2024T02:59:27 - [TEST_STEP][PASSED] - if (tabB == "нет данных"): null

22-11-2024T02:59:27 - [TEST_STEP][PASSED] - else: null

22-11-2024T02:59:27 - [TEST_STEP][PASSED] - TB = tabB.toInteger(): null

22-11-2024T02:59:27 - [TEST_STEP][PASSED] - setValueToCellByIndex(sheet01, n, 5, TB): null

22-11-2024T02:59:27 - [TEST_STEP][PASSED] - setValueToCellByIndex(sheet01, n, 6, m): null

22-11-2024T02:59:27 - [TEST_STEP][PASSED] - setValueToCellByIndex(sheet01, n, 7, y): null

22-11-2024T02:59:27 - [TEST_STEP][PASSED] - setValueToCellByIndex(sheet01, n, 8, todaysDate): null

22-11-2024T02:59:27 - [TEST_STEP][PASSED] - n = n + 1: null

22-11-2024T02:59:27 - [TEST_STEP][PASSED] - saveWorkbook(excelFilePath, workbook01): null

22-11-2024T02:59:28 - [TEST_STEP][PASSED] - typeOfData = "План Отпуск из сети": null

22-11-2024T02:59:28 - [TEST_STEP][PASSED] - tabR = GetOiSPlanR(x = a): null

22-11-2024T02:59:28 - [TEST_STEP][PASSED] - i1 = <not implemented yet for class: org.codehaus.groovy.ast.expr.EmptyExpression>: null

22-11-2024T02:59:28 - [TEST_STEP][PASSED] - ii = <not implemented yet for class: org.codehaus.groovy.ast.expr.EmptyExpression>: null

22-11-2024T02:59:28 - [TEST_STEP][PASSED] - for ([ii = 1, ii < 8, (ii++)]): null

22-11-2024T02:59:28 - [TEST_STEP][PASSED] - i1 = x.indexOf("/") + 1: null

22-11-2024T02:59:28 - [TEST_STEP][PASSED] - if (i1 > -1): null

22-11-2024T02:59:28 - [TEST_STEP][PASSED] - x = x.substring(i1, x.length()): null

22-11-2024T02:59:28 - [TEST_STEP][PASSED] - println(x): null

22-11-2024T02:59:28 - [TEST_STEP][PASSED] - i1 = x.indexOf("/") + 1: null

22-11-2024T02:59:28 - [TEST_STEP][PASSED] - if (i1 > -1): null

22-11-2024T02:59:28 - [TEST_STEP][PASSED] - x = x.substring(i1, x.length()): null

22-11-2024T02:59:28 - [TEST_STEP][PASSED] - println(x): null

22-11-2024T02:59:28 - [TEST_STEP][PASSED] - i1 = x.indexOf("/") + 1: null

22-11-2024T02:59:28 - [TEST_STEP][PASSED] - if (i1 > -1): null

22-11-2024T02:59:28 - [TEST_STEP][PASSED] - x = x.substring(i1, x.length()): null

22-11-2024T02:59:28 - [TEST_STEP][PASSED] - println(x): null

22-11-2024T02:59:28 - [TEST_STEP][PASSED] - i1 = x.indexOf("/") + 1: null

22-11-2024T02:59:28 - [TEST_STEP][PASSED] - if (i1 > -1): null

22-11-2024T02:59:28 - [TEST_STEP][PASSED] - x = x.substring(i1, x.length()): null

22-11-2024T02:59:28 - [TEST_STEP][PASSED] - println(x): null

22-11-2024T02:59:28 - [TEST_STEP][PASSED] - i1 = x.indexOf("/") + 1: null

22-11-2024T02:59:28 - [TEST_STEP][PASSED] - if (i1 > -1): null

22-11-2024T02:59:28 - [TEST_STEP][PASSED] - x = x.substring(i1, x.length()): null

22-11-2024T02:59:28 - [TEST_STEP][PASSED] - println(x): null

22-11-2024T02:59:28 - [TEST_STEP][PASSED] - i1 = x.indexOf("/") + 1: null

22-11-2024T02:59:28 - [TEST_STEP][PASSED] - if (i1 > -1): null

22-11-2024T02:59:28 - [TEST_STEP][PASSED] - x = x.substring(i1, x.length()): null

22-11-2024T02:59:28 - [TEST_STEP][PASSED] - println(x): null

22-11-2024T02:59:28 - [TEST_STEP][PASSED] - i1 = x.indexOf("/") + 1: null

22-11-2024T02:59:28 - [TEST_STEP][PASSED] - if (i1 > -1): null

22-11-2024T02:59:28 - [TEST_STEP][PASSED] - x = x.substring(i1, x.length()): null

22-11-2024T02:59:28 - [TEST_STEP][PASSED] - println(x): null

22-11-2024T02:59:28 - [TEST_STEP][PASSED] - i1 = x.indexOf("/"): null

22-11-2024T02:59:28 - [TEST_STEP][PASSED] - if (i1 > -1): null

22-11-2024T02:59:28 - [TEST_STEP][PASSED] - x = x.substring(0, i1): null

22-11-2024T02:59:28 - [TEST_STEP][PASSED] - println(x): null

22-11-2024T02:59:28 - [TEST_STEP][PASSED] - return x: null

22-11-2024T02:59:28 - [TEST_STEP][PASSED] - tabB = GetOiSPlanB(x = b): null

22-11-2024T02:59:28 - [TEST_STEP][PASSED] - i1 = <not implemented yet for class: org.codehaus.groovy.ast.expr.EmptyExpression>: null

22-11-2024T02:59:28 - [TEST_STEP][PASSED] - ii = <not implemented yet for class: org.codehaus.groovy.ast.expr.EmptyExpression>: null

22-11-2024T02:59:28 - [TEST_STEP][PASSED] - for ([ii = 1, ii < 8, (ii++)]): null

22-11-2024T02:59:28 - [TEST_STEP][PASSED] - i1 = x.indexOf("/") + 1: null

22-11-2024T02:59:28 - [TEST_STEP][PASSED] - if (i1 > -1): null

22-11-2024T02:59:28 - [TEST_STEP][PASSED] - x = x.substring(i1, x.length()): null

22-11-2024T02:59:28 - [TEST_STEP][PASSED] - println(x): null

22-11-2024T02:59:28 - [TEST_STEP][PASSED] - i1 = x.indexOf("/") + 1: null

22-11-2024T02:59:28 - [TEST_STEP][PASSED] - if (i1 > -1): null

22-11-2024T02:59:28 - [TEST_STEP][PASSED] - x = x.substring(i1, x.length()): null

22-11-2024T02:59:28 - [TEST_STEP][PASSED] - println(x): null

22-11-2024T02:59:28 - [TEST_STEP][PASSED] - i1 = x.indexOf("/") + 1: null

22-11-2024T02:59:28 - [TEST_STEP][PASSED] - if (i1 > -1): null

22-11-2024T02:59:28 - [TEST_STEP][PASSED] - x = x.substring(i1, x.length()): null

22-11-2024T02:59:28 - [TEST_STEP][PASSED] - println(x): null

22-11-2024T02:59:28 - [TEST_STEP][PASSED] - i1 = x.indexOf("/") + 1: null

22-11-2024T02:59:28 - [TEST_STEP][PASSED] - if (i1 > -1): null

22-11-2024T02:59:28 - [TEST_STEP][PASSED] - x = x.substring(i1, x.length()): null

22-11-2024T02:59:28 - [TEST_STEP][PASSED] - println(x): null

22-11-2024T02:59:28 - [TEST_STEP][PASSED] - i1 = x.indexOf("/") + 1: null

22-11-2024T02:59:28 - [TEST_STEP][PASSED] - if (i1 > -1): null

22-11-2024T02:59:28 - [TEST_STEP][PASSED] - x = x.substring(i1, x.length()): null

22-11-2024T02:59:28 - [TEST_STEP][PASSED] - println(x): null

22-11-2024T02:59:28 - [TEST_STEP][PASSED] - i1 = x.indexOf("/") + 1: null

22-11-2024T02:59:28 - [TEST_STEP][PASSED] - if (i1 > -1): null

22-11-2024T02:59:28 - [TEST_STEP][PASSED] - x = x.substring(i1, x.length()): null

22-11-2024T02:59:28 - [TEST_STEP][PASSED] - println(x): null

22-11-2024T02:59:28 - [TEST_STEP][PASSED] - i1 = x.indexOf("/") + 1: null

22-11-2024T02:59:28 - [TEST_STEP][PASSED] - if (i1 > -1): null

22-11-2024T02:59:28 - [TEST_STEP][PASSED] - x = x.substring(i1, x.length()): null

22-11-2024T02:59:28 - [TEST_STEP][PASSED] - println(x): null

22-11-2024T02:59:28 - [TEST_STEP][PASSED] - i1 = x.indexOf("/"): null

22-11-2024T02:59:28 - [TEST_STEP][PASSED] - if (i1 > -1): null

22-11-2024T02:59:28 - [TEST_STEP][PASSED] - x = x.substring(0, i1): null

22-11-2024T02:59:28 - [TEST_STEP][PASSED] - println(x): null

22-11-2024T02:59:28 - [TEST_STEP][FAILED] - return x: null

22-11-2024T02:59:28 - [TEST_STEP][PASSED] - println(tabR + "/" + tabB): null

22-11-2024T02:59:28 - [TEST_STEP][FAILED] - if (verifyEqual(PercFactR, PercFactB) == false): null

22-11-2024T02:59:28 - [MESSAGE][FAILED] - Unable to verify equal between actual object 'нет данных' and expected object '5.56' (Root cause: com.kms.katalon.core.exception.StepFailedException: Actual object 'нет данных' and expected object '5.56' are not equal
	at com.kms.katalon.core.keyword.builtin.VerifyEqualKeyword$_verifyEqual_closure1.doCall(VerifyEqualKeyword.groovy:58)
	at com.kms.katalon.core.keyword.builtin.VerifyEqualKeyword$_verifyEqual_closure1.call(VerifyEqualKeyword.groovy)
	at com.kms.katalon.core.keyword.internal.KeywordMain.runKeyword(KeywordMain.groovy:75)
	at com.kms.katalon.core.keyword.builtin.VerifyEqualKeyword.verifyEqual(VerifyEqualKeyword.groovy:63)
	at com.kms.katalon.core.keyword.builtin.VerifyEqualKeyword.execute(VerifyEqualKeyword.groovy:44)
	at com.kms.katalon.core.keyword.internal.KeywordExecutor.executeKeywordForPlatform(KeywordExecutor.groovy:74)
	at com.kms.katalon.core.keyword.BuiltinKeywords.verifyEqual(BuiltinKeywords.groovy:146)
	at jdk.internal.reflect.GeneratedMethodAccessor25.invoke(Unknown Source)
	at java.base/jdk.internal.reflect.DelegatingMethodAccessorImpl.invoke(DelegatingMethodAccessorImpl.java:43)
	at Выполнение бизнес-плана сверка дашбордов.CompareDZOData(Выполнение бизнес-плана сверка дашбордов:758)
	at Выполнение бизнес-плана сверка дашбордов.run(Выполнение бизнес-плана сверка дашбордов:643)
	at com.kms.katalon.core.main.ScriptEngine.run(ScriptEngine.java:194)
	at com.kms.katalon.core.main.ScriptEngine.runScriptAsRawText(ScriptEngine.java:119)
	at com.kms.katalon.core.main.TestCaseExecutor.runScript(TestCaseExecutor.java:448)
	at com.kms.katalon.core.main.TestCaseExecutor.doExecute(TestCaseExecutor.java:439)
	at com.kms.katalon.core.main.TestCaseExecutor.processExecutionPhase(TestCaseExecutor.java:418)
	at com.kms.katalon.core.main.TestCaseExecutor.accessMainPhase(TestCaseExecutor.java:410)
	at com.kms.katalon.core.main.TestCaseExecutor.execute(TestCaseExecutor.java:285)
	at com.kms.katalon.core.common.CommonExecutor.accessTestCaseMainPhase(CommonExecutor.java:65)
	at com.kms.katalon.core.main.TestSuiteExecutor.accessTestSuiteMainPhase(TestSuiteExecutor.java:150)
	at com.kms.katalon.core.main.TestSuiteExecutor.execute(TestSuiteExecutor.java:106)
	at com.kms.katalon.core.main.TestCaseMain.startTestSuite(TestCaseMain.java:180)
	at TempTestSuite1732232929817.run(TempTestSuite1732232929817.groovy:35)
	at java.base/jdk.internal.reflect.NativeMethodAccessorImpl.invoke0(Native Method)
	at java.base/jdk.internal.reflect.NativeMethodAccessorImpl.invoke(NativeMethodAccessorImpl.java:77)
	at java.base/jdk.internal.reflect.DelegatingMethodAccessorImpl.invoke(DelegatingMethodAccessorImpl.java:43)
)

22-11-2024T02:59:28 - [TEST_STEP][PASSED] - result = WriteToExcel(typeOfData, todaysDate, PercPlanR, PercPlanB, PercFactR, PercFactB, x, tabR, tabB, o1R, o1B, vidget): null

22-11-2024T02:59:28 - [TEST_STEP][PASSED] - iii = dZO.indexOf("/"): null

22-11-2024T02:59:28 - [TEST_STEP][PASSED] - println(iii): null

22-11-2024T02:59:28 - [TEST_STEP][PASSED] - dZO = dZO.substring(0, iii): null

22-11-2024T02:59:28 - [TEST_STEP][PASSED] - println(dZO): null

22-11-2024T02:59:28 - [TEST_STEP][PASSED] - println(PercPlanR): null

22-11-2024T02:59:28 - [TEST_STEP][PASSED] - println(PercPlanB): null

22-11-2024T02:59:28 - [TEST_STEP][PASSED] - println(PercFactR): null

22-11-2024T02:59:28 - [TEST_STEP][PASSED] - println(PercFactB): null

22-11-2024T02:59:28 - [TEST_STEP][PASSED] - println(tabR): null

22-11-2024T02:59:28 - [TEST_STEP][PASSED] - println(tabB): null

22-11-2024T02:59:28 - [TEST_STEP][PASSED] - println(o1R): null

22-11-2024T02:59:28 - [TEST_STEP][PASSED] - println(o1B): null

22-11-2024T02:59:28 - [TEST_STEP][PASSED] - PR = <not implemented yet for class: org.codehaus.groovy.ast.expr.EmptyExpression>: null

22-11-2024T02:59:28 - [TEST_STEP][PASSED] - FR = <not implemented yet for class: org.codehaus.groovy.ast.expr.EmptyExpression>: null

22-11-2024T02:59:28 - [TEST_STEP][PASSED] - PB = <not implemented yet for class: org.codehaus.groovy.ast.expr.EmptyExpression>: null

22-11-2024T02:59:28 - [TEST_STEP][PASSED] - FB = <not implemented yet for class: org.codehaus.groovy.ast.expr.EmptyExpression>: null

22-11-2024T02:59:28 - [TEST_STEP][PASSED] - TR = <not implemented yet for class: org.codehaus.groovy.ast.expr.EmptyExpression>: null

22-11-2024T02:59:28 - [TEST_STEP][PASSED] - TB = <not implemented yet for class: org.codehaus.groovy.ast.expr.EmptyExpression>: null

22-11-2024T02:59:28 - [TEST_STEP][PASSED] - sheetName = "Sheet1": null

22-11-2024T02:59:28 - [TEST_STEP][PASSED] - data = findTestData("PlanFact"): null

22-11-2024T02:59:28 - [TEST_STEP][PASSED] - n = data.getRowNumbers() + 1: null

22-11-2024T02:59:28 - [TEST_STEP][PASSED] - year = todaysDate.substring(todaysDate.length() - 4, todaysDate.length()): null

22-11-2024T02:59:28 - [TEST_STEP][PASSED] - y = year.toInteger(): null

22-11-2024T02:59:28 - [TEST_STEP][PASSED] - m = getText(findTestObject("Выполнение бизнес-плана/Выполнение бизнес-плана Балансы/Фильтр Дата")): Text of object 'Object Repository/Выполнение бизнес-плана/Выполнение бизнес-плана Балансы/Фильтр Дата' is: '1, 2, 3 кв. 2024 года'

22-11-2024T02:59:28 - [MESSAGE][PASSED] - Text of object 'Object Repository/Выполнение бизнес-плана/Выполнение бизнес-плана Балансы/Фильтр Дата' is: '1, 2, 3 кв. 2024 года'

22-11-2024T02:59:28 - [TEST_STEP][PASSED] - m = m.substring(0, m.indexOf("2024")): null

22-11-2024T02:59:28 - [TEST_STEP][PASSED] - m = m.trim(): null

22-11-2024T02:59:28 - [TEST_STEP][PASSED] - dashboardName = "Выполнение бизнес-плана": null

22-11-2024T02:59:28 - [TEST_STEP][PASSED] - workbook01 = getWorkbook(excelFilePath): null

22-11-2024T02:59:28 - [TEST_STEP][PASSED] - sheet01 = getExcelSheet(workbook01, sheetName): null

22-11-2024T02:59:28 - [TEST_STEP][PASSED] - setValueToCellByIndex(sheet01, n, 0, dashboardName): null

22-11-2024T02:59:28 - [TEST_STEP][PASSED] - setValueToCellByIndex(sheet01, n, 1, dZO): null

22-11-2024T02:59:28 - [TEST_STEP][PASSED] - setValueToCellByIndex(sheet01, n, 2, typeOfData): null

22-11-2024T02:59:28 - [TEST_STEP][PASSED] - setValueToCellByIndex(sheet01, n, 3, typeOfData): null

22-11-2024T02:59:28 - [TEST_STEP][PASSED] - if (typeOfData == "План"): null

22-11-2024T02:59:28 - [TEST_STEP][PASSED] - else if (typeOfData == "Факт"): null

22-11-2024T02:59:28 - [TEST_STEP][PASSED] - else if (vidget.contains("электроэнергии") == true): null

22-11-2024T02:59:28 - [TEST_STEP][PASSED] - if (tabR == null): null

22-11-2024T02:59:28 - [TEST_STEP][PASSED] - else: null

22-11-2024T02:59:28 - [TEST_STEP][PASSED] - if (tabR == "нет данных"): null

22-11-2024T02:59:28 - [TEST_STEP][PASSED] - setValueToCellByIndex(sheet01, n, 4, "нет данных"): null

22-11-2024T02:59:28 - [TEST_STEP][PASSED] - if (tabB == null): null

22-11-2024T02:59:28 - [TEST_STEP][PASSED] - else: null

22-11-2024T02:59:28 - [TEST_STEP][PASSED] - if (tabB == "нет данных"): null

22-11-2024T02:59:28 - [TEST_STEP][PASSED] - else: null

22-11-2024T02:59:28 - [TEST_STEP][PASSED] - TB = tabB.toInteger(): null

22-11-2024T02:59:28 - [TEST_STEP][PASSED] - setValueToCellByIndex(sheet01, n, 5, TB): null

22-11-2024T02:59:28 - [TEST_STEP][PASSED] - setValueToCellByIndex(sheet01, n, 6, m): null

22-11-2024T02:59:28 - [TEST_STEP][PASSED] - setValueToCellByIndex(sheet01, n, 7, y): null

22-11-2024T02:59:28 - [TEST_STEP][PASSED] - setValueToCellByIndex(sheet01, n, 8, todaysDate): null

22-11-2024T02:59:28 - [TEST_STEP][PASSED] - n = n + 1: null

22-11-2024T02:59:28 - [TEST_STEP][PASSED] - saveWorkbook(excelFilePath, workbook01): null

22-11-2024T02:59:28 - [TEST_STEP][PASSED] - typeOfData = "План Потери": null

22-11-2024T02:59:28 - [TEST_STEP][PASSED] - tabR = GetPPlanR(x = a): null

22-11-2024T02:59:28 - [TEST_STEP][PASSED] - i1 = <not implemented yet for class: org.codehaus.groovy.ast.expr.EmptyExpression>: null

22-11-2024T02:59:28 - [TEST_STEP][PASSED] - ii = <not implemented yet for class: org.codehaus.groovy.ast.expr.EmptyExpression>: null

22-11-2024T02:59:28 - [TEST_STEP][PASSED] - for ([ii = 1, ii < 9, (ii++)]): null

22-11-2024T02:59:28 - [TEST_STEP][PASSED] - i1 = x.indexOf("/") + 1: null

22-11-2024T02:59:28 - [TEST_STEP][PASSED] - if (i1 > -1): null

22-11-2024T02:59:28 - [TEST_STEP][PASSED] - x = x.substring(i1, x.length()): null

22-11-2024T02:59:28 - [TEST_STEP][PASSED] - println(x): null

22-11-2024T02:59:28 - [TEST_STEP][PASSED] - i1 = x.indexOf("/") + 1: null

22-11-2024T02:59:28 - [TEST_STEP][PASSED] - if (i1 > -1): null

22-11-2024T02:59:28 - [TEST_STEP][PASSED] - x = x.substring(i1, x.length()): null

22-11-2024T02:59:28 - [TEST_STEP][PASSED] - println(x): null

22-11-2024T02:59:28 - [TEST_STEP][PASSED] - i1 = x.indexOf("/") + 1: null

22-11-2024T02:59:28 - [TEST_STEP][PASSED] - if (i1 > -1): null

22-11-2024T02:59:28 - [TEST_STEP][PASSED] - x = x.substring(i1, x.length()): null

22-11-2024T02:59:28 - [TEST_STEP][PASSED] - println(x): null

22-11-2024T02:59:28 - [TEST_STEP][PASSED] - i1 = x.indexOf("/") + 1: null

22-11-2024T02:59:28 - [TEST_STEP][PASSED] - if (i1 > -1): null

22-11-2024T02:59:28 - [TEST_STEP][PASSED] - x = x.substring(i1, x.length()): null

22-11-2024T02:59:28 - [TEST_STEP][PASSED] - println(x): null

22-11-2024T02:59:28 - [TEST_STEP][PASSED] - i1 = x.indexOf("/") + 1: null

22-11-2024T02:59:28 - [TEST_STEP][PASSED] - if (i1 > -1): null

22-11-2024T02:59:28 - [TEST_STEP][PASSED] - x = x.substring(i1, x.length()): null

22-11-2024T02:59:28 - [TEST_STEP][PASSED] - println(x): null

22-11-2024T02:59:28 - [TEST_STEP][PASSED] - i1 = x.indexOf("/") + 1: null

22-11-2024T02:59:28 - [TEST_STEP][PASSED] - if (i1 > -1): null

22-11-2024T02:59:28 - [TEST_STEP][PASSED] - x = x.substring(i1, x.length()): null

22-11-2024T02:59:28 - [TEST_STEP][PASSED] - println(x): null

22-11-2024T02:59:28 - [TEST_STEP][PASSED] - i1 = x.indexOf("/") + 1: null

22-11-2024T02:59:28 - [TEST_STEP][PASSED] - if (i1 > -1): null

22-11-2024T02:59:28 - [TEST_STEP][PASSED] - x = x.substring(i1, x.length()): null

22-11-2024T02:59:28 - [TEST_STEP][PASSED] - println(x): null

22-11-2024T02:59:28 - [TEST_STEP][PASSED] - i1 = x.indexOf("/") + 1: null

22-11-2024T02:59:28 - [TEST_STEP][PASSED] - if (i1 > -1): null

22-11-2024T02:59:28 - [TEST_STEP][PASSED] - x = x.substring(i1, x.length()): null

22-11-2024T02:59:28 - [TEST_STEP][PASSED] - println(x): null

22-11-2024T02:59:28 - [TEST_STEP][PASSED] - i1 = x.indexOf("/"): null

22-11-2024T02:59:28 - [TEST_STEP][PASSED] - if (i1 > -1): null

22-11-2024T02:59:28 - [TEST_STEP][PASSED] - x = x.substring(0, i1): null

22-11-2024T02:59:28 - [TEST_STEP][PASSED] - println(x): null

22-11-2024T02:59:28 - [TEST_STEP][PASSED] - return x: null

22-11-2024T02:59:28 - [TEST_STEP][PASSED] - tabB = GetPPlanB(x = b): null

22-11-2024T02:59:28 - [TEST_STEP][PASSED] - i1 = <not implemented yet for class: org.codehaus.groovy.ast.expr.EmptyExpression>: null

22-11-2024T02:59:28 - [TEST_STEP][PASSED] - ii = <not implemented yet for class: org.codehaus.groovy.ast.expr.EmptyExpression>: null

22-11-2024T02:59:28 - [TEST_STEP][PASSED] - for ([ii = 1, ii < 9, (ii++)]): null

22-11-2024T02:59:28 - [TEST_STEP][PASSED] - i1 = x.indexOf("/") + 1: null

22-11-2024T02:59:28 - [TEST_STEP][PASSED] - if (i1 > -1): null

22-11-2024T02:59:28 - [TEST_STEP][PASSED] - x = x.substring(i1, x.length()): null

22-11-2024T02:59:28 - [TEST_STEP][PASSED] - println(x): null

22-11-2024T02:59:28 - [TEST_STEP][PASSED] - i1 = x.indexOf("/") + 1: null

22-11-2024T02:59:28 - [TEST_STEP][PASSED] - if (i1 > -1): null

22-11-2024T02:59:28 - [TEST_STEP][PASSED] - x = x.substring(i1, x.length()): null

22-11-2024T02:59:28 - [TEST_STEP][PASSED] - println(x): null

22-11-2024T02:59:28 - [TEST_STEP][PASSED] - i1 = x.indexOf("/") + 1: null

22-11-2024T02:59:28 - [TEST_STEP][PASSED] - if (i1 > -1): null

22-11-2024T02:59:28 - [TEST_STEP][PASSED] - x = x.substring(i1, x.length()): null

22-11-2024T02:59:28 - [TEST_STEP][PASSED] - println(x): null

22-11-2024T02:59:28 - [TEST_STEP][PASSED] - i1 = x.indexOf("/") + 1: null

22-11-2024T02:59:28 - [TEST_STEP][PASSED] - if (i1 > -1): null

22-11-2024T02:59:28 - [TEST_STEP][PASSED] - x = x.substring(i1, x.length()): null

22-11-2024T02:59:28 - [TEST_STEP][PASSED] - println(x): null

22-11-2024T02:59:28 - [TEST_STEP][PASSED] - i1 = x.indexOf("/") + 1: null

22-11-2024T02:59:28 - [TEST_STEP][PASSED] - if (i1 > -1): null

22-11-2024T02:59:28 - [TEST_STEP][PASSED] - x = x.substring(i1, x.length()): null

22-11-2024T02:59:28 - [TEST_STEP][PASSED] - println(x): null

22-11-2024T02:59:28 - [TEST_STEP][PASSED] - i1 = x.indexOf("/") + 1: null

22-11-2024T02:59:28 - [TEST_STEP][PASSED] - if (i1 > -1): null

22-11-2024T02:59:28 - [TEST_STEP][PASSED] - x = x.substring(i1, x.length()): null

22-11-2024T02:59:28 - [TEST_STEP][PASSED] - println(x): null

22-11-2024T02:59:28 - [TEST_STEP][PASSED] - i1 = x.indexOf("/") + 1: null

22-11-2024T02:59:28 - [TEST_STEP][PASSED] - if (i1 > -1): null

22-11-2024T02:59:28 - [TEST_STEP][PASSED] - x = x.substring(i1, x.length()): null

22-11-2024T02:59:28 - [TEST_STEP][PASSED] - println(x): null

22-11-2024T02:59:28 - [TEST_STEP][PASSED] - i1 = x.indexOf("/") + 1: null

22-11-2024T02:59:28 - [TEST_STEP][PASSED] - if (i1 > -1): null

22-11-2024T02:59:28 - [TEST_STEP][PASSED] - x = x.substring(i1, x.length()): null

22-11-2024T02:59:28 - [TEST_STEP][PASSED] - println(x): null

22-11-2024T02:59:28 - [TEST_STEP][PASSED] - i1 = x.indexOf("/"): null

22-11-2024T02:59:28 - [TEST_STEP][PASSED] - if (i1 > -1): null

22-11-2024T02:59:28 - [TEST_STEP][PASSED] - x = x.substring(0, i1): null

22-11-2024T02:59:28 - [TEST_STEP][PASSED] - println(x): null

22-11-2024T02:59:28 - [TEST_STEP][FAILED] - return x: null

22-11-2024T02:59:28 - [TEST_STEP][PASSED] - println(tabR + "/" + tabB): null

22-11-2024T02:59:28 - [TEST_STEP][FAILED] - if (verifyEqual(PercFactR, PercFactB) == false): null

22-11-2024T02:59:28 - [MESSAGE][FAILED] - Unable to verify equal between actual object 'нет данных' and expected object '5.56' (Root cause: com.kms.katalon.core.exception.StepFailedException: Actual object 'нет данных' and expected object '5.56' are not equal
	at com.kms.katalon.core.keyword.builtin.VerifyEqualKeyword$_verifyEqual_closure1.doCall(VerifyEqualKeyword.groovy:58)
	at com.kms.katalon.core.keyword.builtin.VerifyEqualKeyword$_verifyEqual_closure1.call(VerifyEqualKeyword.groovy)
	at com.kms.katalon.core.keyword.internal.KeywordMain.runKeyword(KeywordMain.groovy:75)
	at com.kms.katalon.core.keyword.builtin.VerifyEqualKeyword.verifyEqual(VerifyEqualKeyword.groovy:63)
	at com.kms.katalon.core.keyword.builtin.VerifyEqualKeyword.execute(VerifyEqualKeyword.groovy:44)
	at com.kms.katalon.core.keyword.internal.KeywordExecutor.executeKeywordForPlatform(KeywordExecutor.groovy:74)
	at com.kms.katalon.core.keyword.BuiltinKeywords.verifyEqual(BuiltinKeywords.groovy:146)
	at jdk.internal.reflect.GeneratedMethodAccessor25.invoke(Unknown Source)
	at java.base/jdk.internal.reflect.DelegatingMethodAccessorImpl.invoke(DelegatingMethodAccessorImpl.java:43)
	at Выполнение бизнес-плана сверка дашбордов.CompareDZOData(Выполнение бизнес-плана сверка дашбордов:771)
	at Выполнение бизнес-плана сверка дашбордов.run(Выполнение бизнес-плана сверка дашбордов:643)
	at com.kms.katalon.core.main.ScriptEngine.run(ScriptEngine.java:194)
	at com.kms.katalon.core.main.ScriptEngine.runScriptAsRawText(ScriptEngine.java:119)
	at com.kms.katalon.core.main.TestCaseExecutor.runScript(TestCaseExecutor.java:448)
	at com.kms.katalon.core.main.TestCaseExecutor.doExecute(TestCaseExecutor.java:439)
	at com.kms.katalon.core.main.TestCaseExecutor.processExecutionPhase(TestCaseExecutor.java:418)
	at com.kms.katalon.core.main.TestCaseExecutor.accessMainPhase(TestCaseExecutor.java:410)
	at com.kms.katalon.core.main.TestCaseExecutor.execute(TestCaseExecutor.java:285)
	at com.kms.katalon.core.common.CommonExecutor.accessTestCaseMainPhase(CommonExecutor.java:65)
	at com.kms.katalon.core.main.TestSuiteExecutor.accessTestSuiteMainPhase(TestSuiteExecutor.java:150)
	at com.kms.katalon.core.main.TestSuiteExecutor.execute(TestSuiteExecutor.java:106)
	at com.kms.katalon.core.main.TestCaseMain.startTestSuite(TestCaseMain.java:180)
	at TempTestSuite1732232929817.run(TempTestSuite1732232929817.groovy:35)
	at java.base/jdk.internal.reflect.NativeMethodAccessorImpl.invoke0(Native Method)
	at java.base/jdk.internal.reflect.NativeMethodAccessorImpl.invoke(NativeMethodAccessorImpl.java:77)
	at java.base/jdk.internal.reflect.DelegatingMethodAccessorImpl.invoke(DelegatingMethodAccessorImpl.java:43)
)

22-11-2024T02:59:28 - [TEST_STEP][PASSED] - result = WriteToExcel(typeOfData, todaysDate, PercPlanR, PercPlanB, PercFactR, PercFactB, x, tabR, tabB, o1R, o1B, vidget): null

22-11-2024T02:59:28 - [TEST_STEP][PASSED] - iii = dZO.indexOf("/"): null

22-11-2024T02:59:28 - [TEST_STEP][PASSED] - println(iii): null

22-11-2024T02:59:28 - [TEST_STEP][PASSED] - dZO = dZO.substring(0, iii): null

22-11-2024T02:59:28 - [TEST_STEP][PASSED] - println(dZO): null

22-11-2024T02:59:28 - [TEST_STEP][PASSED] - println(PercPlanR): null

22-11-2024T02:59:28 - [TEST_STEP][PASSED] - println(PercPlanB): null

22-11-2024T02:59:28 - [TEST_STEP][PASSED] - println(PercFactR): null

22-11-2024T02:59:28 - [TEST_STEP][PASSED] - println(PercFactB): null

22-11-2024T02:59:28 - [TEST_STEP][PASSED] - println(tabR): null

22-11-2024T02:59:28 - [TEST_STEP][PASSED] - println(tabB): null

22-11-2024T02:59:28 - [TEST_STEP][PASSED] - println(o1R): null

22-11-2024T02:59:28 - [TEST_STEP][PASSED] - println(o1B): null

22-11-2024T02:59:28 - [TEST_STEP][PASSED] - PR = <not implemented yet for class: org.codehaus.groovy.ast.expr.EmptyExpression>: null

22-11-2024T02:59:28 - [TEST_STEP][PASSED] - FR = <not implemented yet for class: org.codehaus.groovy.ast.expr.EmptyExpression>: null

22-11-2024T02:59:28 - [TEST_STEP][PASSED] - PB = <not implemented yet for class: org.codehaus.groovy.ast.expr.EmptyExpression>: null

22-11-2024T02:59:28 - [TEST_STEP][PASSED] - FB = <not implemented yet for class: org.codehaus.groovy.ast.expr.EmptyExpression>: null

22-11-2024T02:59:28 - [TEST_STEP][PASSED] - TR = <not implemented yet for class: org.codehaus.groovy.ast.expr.EmptyExpression>: null

22-11-2024T02:59:28 - [TEST_STEP][PASSED] - TB = <not implemented yet for class: org.codehaus.groovy.ast.expr.EmptyExpression>: null

22-11-2024T02:59:28 - [TEST_STEP][PASSED] - sheetName = "Sheet1": null

22-11-2024T02:59:28 - [TEST_STEP][PASSED] - data = findTestData("PlanFact"): null

22-11-2024T02:59:28 - [TEST_STEP][PASSED] - n = data.getRowNumbers() + 1: null

22-11-2024T02:59:28 - [TEST_STEP][PASSED] - year = todaysDate.substring(todaysDate.length() - 4, todaysDate.length()): null

22-11-2024T02:59:28 - [TEST_STEP][PASSED] - y = year.toInteger(): null

22-11-2024T02:59:28 - [TEST_STEP][PASSED] - m = getText(findTestObject("Выполнение бизнес-плана/Выполнение бизнес-плана Балансы/Фильтр Дата")): Text of object 'Object Repository/Выполнение бизнес-плана/Выполнение бизнес-плана Балансы/Фильтр Дата' is: '1, 2, 3 кв. 2024 года'

22-11-2024T02:59:29 - [MESSAGE][PASSED] - Text of object 'Object Repository/Выполнение бизнес-плана/Выполнение бизнес-плана Балансы/Фильтр Дата' is: '1, 2, 3 кв. 2024 года'

22-11-2024T02:59:29 - [TEST_STEP][PASSED] - m = m.substring(0, m.indexOf("2024")): null

22-11-2024T02:59:29 - [TEST_STEP][PASSED] - m = m.trim(): null

22-11-2024T02:59:29 - [TEST_STEP][PASSED] - dashboardName = "Выполнение бизнес-плана": null

22-11-2024T02:59:29 - [TEST_STEP][PASSED] - workbook01 = getWorkbook(excelFilePath): null

22-11-2024T02:59:29 - [TEST_STEP][PASSED] - sheet01 = getExcelSheet(workbook01, sheetName): null

22-11-2024T02:59:29 - [TEST_STEP][PASSED] - setValueToCellByIndex(sheet01, n, 0, dashboardName): null

22-11-2024T02:59:29 - [TEST_STEP][PASSED] - setValueToCellByIndex(sheet01, n, 1, dZO): null

22-11-2024T02:59:29 - [TEST_STEP][PASSED] - setValueToCellByIndex(sheet01, n, 2, typeOfData): null

22-11-2024T02:59:29 - [TEST_STEP][PASSED] - setValueToCellByIndex(sheet01, n, 3, typeOfData): null

22-11-2024T02:59:29 - [TEST_STEP][PASSED] - if (typeOfData == "План"): null

22-11-2024T02:59:29 - [TEST_STEP][PASSED] - else if (typeOfData == "Факт"): null

22-11-2024T02:59:29 - [TEST_STEP][PASSED] - else if (vidget.contains("электроэнергии") == true): null

22-11-2024T02:59:29 - [TEST_STEP][PASSED] - if (tabR == null): null

22-11-2024T02:59:29 - [TEST_STEP][PASSED] - else: null

22-11-2024T02:59:29 - [TEST_STEP][PASSED] - if (tabR == "нет данных"): null

22-11-2024T02:59:29 - [TEST_STEP][PASSED] - setValueToCellByIndex(sheet01, n, 4, "нет данных"): null

22-11-2024T02:59:29 - [TEST_STEP][PASSED] - if (tabB == null): null

22-11-2024T02:59:29 - [TEST_STEP][PASSED] - else: null

22-11-2024T02:59:29 - [TEST_STEP][PASSED] - if (tabB == "нет данных"): null

22-11-2024T02:59:29 - [TEST_STEP][PASSED] - else: null

22-11-2024T02:59:29 - [TEST_STEP][PASSED] - TB = tabB.toInteger(): null

22-11-2024T02:59:29 - [TEST_STEP][PASSED] - setValueToCellByIndex(sheet01, n, 5, TB): null

22-11-2024T02:59:29 - [TEST_STEP][PASSED] - setValueToCellByIndex(sheet01, n, 6, m): null

22-11-2024T02:59:29 - [TEST_STEP][PASSED] - setValueToCellByIndex(sheet01, n, 7, y): null

22-11-2024T02:59:29 - [TEST_STEP][PASSED] - setValueToCellByIndex(sheet01, n, 8, todaysDate): null

22-11-2024T02:59:29 - [TEST_STEP][PASSED] - n = n + 1: null

22-11-2024T02:59:29 - [TEST_STEP][PASSED] - saveWorkbook(excelFilePath, workbook01): null

22-11-2024T02:59:29 - [TEST_STEP][PASSED] - ii2 = a.indexOf("ПАО"): null

22-11-2024T02:59:29 - [TEST_STEP][PASSED] - if (ii2 == -1): null

22-11-2024T02:59:29 - [TEST_STEP][PASSED] - vidget = "Отклонения фактического уровня потерь от бизнес-плана": null

22-11-2024T02:59:29 - [TEST_STEP][PASSED] - typeOfData = "Коэффициент": null

22-11-2024T02:59:29 - [TEST_STEP][PASSED] - o1R = Geto1R(x = a): null

22-11-2024T02:59:29 - [TEST_STEP][PASSED] - i1 = <not implemented yet for class: org.codehaus.groovy.ast.expr.EmptyExpression>: null

22-11-2024T02:59:29 - [TEST_STEP][PASSED] - ii = <not implemented yet for class: org.codehaus.groovy.ast.expr.EmptyExpression>: null

22-11-2024T02:59:29 - [TEST_STEP][PASSED] - for ([ii = 1, ii < 10, (ii++)]): null

22-11-2024T02:59:29 - [TEST_STEP][PASSED] - i1 = x.indexOf("/") + 1: null

22-11-2024T02:59:29 - [TEST_STEP][PASSED] - if (i1 > -1): null

22-11-2024T02:59:29 - [TEST_STEP][PASSED] - x = x.substring(i1, x.length()): null

22-11-2024T02:59:29 - [TEST_STEP][PASSED] - i1 = x.indexOf("/") + 1: null

22-11-2024T02:59:29 - [TEST_STEP][PASSED] - if (i1 > -1): null

22-11-2024T02:59:29 - [TEST_STEP][PASSED] - x = x.substring(i1, x.length()): null

22-11-2024T02:59:29 - [TEST_STEP][PASSED] - i1 = x.indexOf("/") + 1: null

22-11-2024T02:59:29 - [TEST_STEP][PASSED] - if (i1 > -1): null

22-11-2024T02:59:29 - [TEST_STEP][PASSED] - x = x.substring(i1, x.length()): null

22-11-2024T02:59:29 - [TEST_STEP][PASSED] - i1 = x.indexOf("/") + 1: null

22-11-2024T02:59:29 - [TEST_STEP][PASSED] - if (i1 > -1): null

22-11-2024T02:59:29 - [TEST_STEP][PASSED] - x = x.substring(i1, x.length()): null

22-11-2024T02:59:29 - [TEST_STEP][PASSED] - i1 = x.indexOf("/") + 1: null

22-11-2024T02:59:29 - [TEST_STEP][PASSED] - if (i1 > -1): null

22-11-2024T02:59:29 - [TEST_STEP][PASSED] - x = x.substring(i1, x.length()): null

22-11-2024T02:59:29 - [TEST_STEP][PASSED] - i1 = x.indexOf("/") + 1: null

22-11-2024T02:59:29 - [TEST_STEP][PASSED] - if (i1 > -1): null

22-11-2024T02:59:29 - [TEST_STEP][PASSED] - x = x.substring(i1, x.length()): null

22-11-2024T02:59:29 - [TEST_STEP][PASSED] - i1 = x.indexOf("/") + 1: null

22-11-2024T02:59:29 - [TEST_STEP][PASSED] - if (i1 > -1): null

22-11-2024T02:59:29 - [TEST_STEP][PASSED] - x = x.substring(i1, x.length()): null

22-11-2024T02:59:29 - [TEST_STEP][PASSED] - i1 = x.indexOf("/") + 1: null

22-11-2024T02:59:29 - [TEST_STEP][PASSED] - if (i1 > -1): null

22-11-2024T02:59:29 - [TEST_STEP][PASSED] - x = x.substring(i1, x.length()): null

22-11-2024T02:59:29 - [TEST_STEP][PASSED] - i1 = x.indexOf("/") + 1: null

22-11-2024T02:59:29 - [TEST_STEP][PASSED] - if (i1 > -1): null

22-11-2024T02:59:29 - [TEST_STEP][PASSED] - x = x.substring(i1, x.length()): null

22-11-2024T02:59:29 - [TEST_STEP][PASSED] - i1 = x.indexOf("/"): null

22-11-2024T02:59:29 - [TEST_STEP][PASSED] - if (i1 > -1): null

22-11-2024T02:59:29 - [TEST_STEP][PASSED] - println(x): null

22-11-2024T02:59:29 - [TEST_STEP][PASSED] - return x: null

22-11-2024T02:59:29 - [TEST_STEP][PASSED] - o1B = Geto1B(x = b): null

22-11-2024T02:59:29 - [TEST_STEP][PASSED] - i1 = <not implemented yet for class: org.codehaus.groovy.ast.expr.EmptyExpression>: null

22-11-2024T02:59:29 - [TEST_STEP][PASSED] - ii = <not implemented yet for class: org.codehaus.groovy.ast.expr.EmptyExpression>: null

22-11-2024T02:59:29 - [TEST_STEP][PASSED] - for ([ii = 1, ii < 10, (ii++)]): null

22-11-2024T02:59:29 - [TEST_STEP][PASSED] - i1 = x.indexOf("/") + 1: null

22-11-2024T02:59:29 - [TEST_STEP][PASSED] - if (i1 > -1): null

22-11-2024T02:59:29 - [TEST_STEP][PASSED] - x = x.substring(i1, x.length()): null

22-11-2024T02:59:29 - [TEST_STEP][PASSED] - i1 = x.indexOf("/") + 1: null

22-11-2024T02:59:29 - [TEST_STEP][PASSED] - if (i1 > -1): null

22-11-2024T02:59:29 - [TEST_STEP][PASSED] - x = x.substring(i1, x.length()): null

22-11-2024T02:59:29 - [TEST_STEP][PASSED] - i1 = x.indexOf("/") + 1: null

22-11-2024T02:59:29 - [TEST_STEP][PASSED] - if (i1 > -1): null

22-11-2024T02:59:29 - [TEST_STEP][PASSED] - x = x.substring(i1, x.length()): null

22-11-2024T02:59:29 - [TEST_STEP][PASSED] - i1 = x.indexOf("/") + 1: null

22-11-2024T02:59:29 - [TEST_STEP][PASSED] - if (i1 > -1): null

22-11-2024T02:59:29 - [TEST_STEP][PASSED] - x = x.substring(i1, x.length()): null

22-11-2024T02:59:29 - [TEST_STEP][PASSED] - i1 = x.indexOf("/") + 1: null

22-11-2024T02:59:29 - [TEST_STEP][PASSED] - if (i1 > -1): null

22-11-2024T02:59:29 - [TEST_STEP][PASSED] - x = x.substring(i1, x.length()): null

22-11-2024T02:59:29 - [TEST_STEP][PASSED] - i1 = x.indexOf("/") + 1: null

22-11-2024T02:59:29 - [TEST_STEP][PASSED] - if (i1 > -1): null

22-11-2024T02:59:29 - [TEST_STEP][PASSED] - x = x.substring(i1, x.length()): null

22-11-2024T02:59:29 - [TEST_STEP][PASSED] - i1 = x.indexOf("/") + 1: null

22-11-2024T02:59:29 - [TEST_STEP][PASSED] - if (i1 > -1): null

22-11-2024T02:59:29 - [TEST_STEP][PASSED] - x = x.substring(i1, x.length()): null

22-11-2024T02:59:29 - [TEST_STEP][PASSED] - i1 = x.indexOf("/") + 1: null

22-11-2024T02:59:29 - [TEST_STEP][PASSED] - if (i1 > -1): null

22-11-2024T02:59:29 - [TEST_STEP][PASSED] - x = x.substring(i1, x.length()): null

22-11-2024T02:59:29 - [TEST_STEP][PASSED] - i1 = x.indexOf("/") + 1: null

22-11-2024T02:59:29 - [TEST_STEP][PASSED] - if (i1 > -1): null

22-11-2024T02:59:29 - [TEST_STEP][PASSED] - x = x.substring(i1, x.length()): null

22-11-2024T02:59:29 - [TEST_STEP][PASSED] - i1 = x.indexOf("/"): null

22-11-2024T02:59:29 - [TEST_STEP][PASSED] - if (i1 > -1): null

22-11-2024T02:59:29 - [TEST_STEP][PASSED] - println(x): null

22-11-2024T02:59:29 - [TEST_STEP][FAILED] - return x: null

22-11-2024T02:59:29 - [TEST_STEP][PASSED] - println(o1R + "/" + o1B): null

22-11-2024T02:59:29 - [TEST_STEP][FAILED] - if (verifyEqual(PercFactR, PercFactB) == false): null

22-11-2024T02:59:29 - [MESSAGE][FAILED] - Unable to verify equal between actual object 'нет данных' and expected object '5.56' (Root cause: com.kms.katalon.core.exception.StepFailedException: Actual object 'нет данных' and expected object '5.56' are not equal
	at com.kms.katalon.core.keyword.builtin.VerifyEqualKeyword$_verifyEqual_closure1.doCall(VerifyEqualKeyword.groovy:58)
	at com.kms.katalon.core.keyword.builtin.VerifyEqualKeyword$_verifyEqual_closure1.call(VerifyEqualKeyword.groovy)
	at com.kms.katalon.core.keyword.internal.KeywordMain.runKeyword(KeywordMain.groovy:75)
	at com.kms.katalon.core.keyword.builtin.VerifyEqualKeyword.verifyEqual(VerifyEqualKeyword.groovy:63)
	at com.kms.katalon.core.keyword.builtin.VerifyEqualKeyword.execute(VerifyEqualKeyword.groovy:44)
	at com.kms.katalon.core.keyword.internal.KeywordExecutor.executeKeywordForPlatform(KeywordExecutor.groovy:74)
	at com.kms.katalon.core.keyword.BuiltinKeywords.verifyEqual(BuiltinKeywords.groovy:146)
	at jdk.internal.reflect.GeneratedMethodAccessor25.invoke(Unknown Source)
	at java.base/jdk.internal.reflect.DelegatingMethodAccessorImpl.invoke(DelegatingMethodAccessorImpl.java:43)
	at Выполнение бизнес-плана сверка дашбордов.CompareDZOData(Выполнение бизнес-плана сверка дашбордов:789)
	at Выполнение бизнес-плана сверка дашбордов.run(Выполнение бизнес-плана сверка дашбордов:643)
	at com.kms.katalon.core.main.ScriptEngine.run(ScriptEngine.java:194)
	at com.kms.katalon.core.main.ScriptEngine.runScriptAsRawText(ScriptEngine.java:119)
	at com.kms.katalon.core.main.TestCaseExecutor.runScript(TestCaseExecutor.java:448)
	at com.kms.katalon.core.main.TestCaseExecutor.doExecute(TestCaseExecutor.java:439)
	at com.kms.katalon.core.main.TestCaseExecutor.processExecutionPhase(TestCaseExecutor.java:418)
	at com.kms.katalon.core.main.TestCaseExecutor.accessMainPhase(TestCaseExecutor.java:410)
	at com.kms.katalon.core.main.TestCaseExecutor.execute(TestCaseExecutor.java:285)
	at com.kms.katalon.core.common.CommonExecutor.accessTestCaseMainPhase(CommonExecutor.java:65)
	at com.kms.katalon.core.main.TestSuiteExecutor.accessTestSuiteMainPhase(TestSuiteExecutor.java:150)
	at com.kms.katalon.core.main.TestSuiteExecutor.execute(TestSuiteExecutor.java:106)
	at com.kms.katalon.core.main.TestCaseMain.startTestSuite(TestCaseMain.java:180)
	at TempTestSuite1732232929817.run(TempTestSuite1732232929817.groovy:35)
	at java.base/jdk.internal.reflect.NativeMethodAccessorImpl.invoke0(Native Method)
	at java.base/jdk.internal.reflect.NativeMethodAccessorImpl.invoke(NativeMethodAccessorImpl.java:77)
	at java.base/jdk.internal.reflect.DelegatingMethodAccessorImpl.invoke(DelegatingMethodAccessorImpl.java:43)
)

22-11-2024T02:59:29 - [TEST_STEP][PASSED] - result = WriteToExcel(typeOfData, todaysDate, PercPlanR, PercPlanB, PercFactR, PercFactB, x, tabR, tabB, o1R, o1B, vidget): null

22-11-2024T02:59:29 - [TEST_STEP][PASSED] - iii = dZO.indexOf("/"): null

22-11-2024T02:59:29 - [TEST_STEP][PASSED] - println(iii): null

22-11-2024T02:59:29 - [TEST_STEP][PASSED] - dZO = dZO.substring(0, iii): null

22-11-2024T02:59:29 - [TEST_STEP][PASSED] - println(dZO): null

22-11-2024T02:59:29 - [TEST_STEP][PASSED] - println(PercPlanR): null

22-11-2024T02:59:29 - [TEST_STEP][PASSED] - println(PercPlanB): null

22-11-2024T02:59:29 - [TEST_STEP][PASSED] - println(PercFactR): null

22-11-2024T02:59:29 - [TEST_STEP][PASSED] - println(PercFactB): null

22-11-2024T02:59:29 - [TEST_STEP][PASSED] - println(tabR): null

22-11-2024T02:59:29 - [TEST_STEP][PASSED] - println(tabB): null

22-11-2024T02:59:29 - [TEST_STEP][PASSED] - println(o1R): null

22-11-2024T02:59:29 - [TEST_STEP][PASSED] - println(o1B): null

22-11-2024T02:59:29 - [TEST_STEP][PASSED] - PR = <not implemented yet for class: org.codehaus.groovy.ast.expr.EmptyExpression>: null

22-11-2024T02:59:29 - [TEST_STEP][PASSED] - FR = <not implemented yet for class: org.codehaus.groovy.ast.expr.EmptyExpression>: null

22-11-2024T02:59:29 - [TEST_STEP][PASSED] - PB = <not implemented yet for class: org.codehaus.groovy.ast.expr.EmptyExpression>: null

22-11-2024T02:59:29 - [TEST_STEP][PASSED] - FB = <not implemented yet for class: org.codehaus.groovy.ast.expr.EmptyExpression>: null

22-11-2024T02:59:29 - [TEST_STEP][PASSED] - TR = <not implemented yet for class: org.codehaus.groovy.ast.expr.EmptyExpression>: null

22-11-2024T02:59:29 - [TEST_STEP][PASSED] - TB = <not implemented yet for class: org.codehaus.groovy.ast.expr.EmptyExpression>: null

22-11-2024T02:59:29 - [TEST_STEP][PASSED] - sheetName = "Sheet1": null

22-11-2024T02:59:29 - [TEST_STEP][PASSED] - data = findTestData("PlanFact"): null

22-11-2024T02:59:29 - [TEST_STEP][PASSED] - n = data.getRowNumbers() + 1: null

22-11-2024T02:59:29 - [TEST_STEP][PASSED] - year = todaysDate.substring(todaysDate.length() - 4, todaysDate.length()): null

22-11-2024T02:59:29 - [TEST_STEP][PASSED] - y = year.toInteger(): null

22-11-2024T02:59:29 - [TEST_STEP][PASSED] - m = getText(findTestObject("Выполнение бизнес-плана/Выполнение бизнес-плана Балансы/Фильтр Дата")): Text of object 'Object Repository/Выполнение бизнес-плана/Выполнение бизнес-плана Балансы/Фильтр Дата' is: '1, 2, 3 кв. 2024 года'

22-11-2024T02:59:29 - [MESSAGE][PASSED] - Text of object 'Object Repository/Выполнение бизнес-плана/Выполнение бизнес-плана Балансы/Фильтр Дата' is: '1, 2, 3 кв. 2024 года'

22-11-2024T02:59:29 - [TEST_STEP][PASSED] - m = m.substring(0, m.indexOf("2024")): null

22-11-2024T02:59:29 - [TEST_STEP][PASSED] - m = m.trim(): null

22-11-2024T02:59:29 - [TEST_STEP][PASSED] - dashboardName = "Выполнение бизнес-плана": null

22-11-2024T02:59:29 - [TEST_STEP][PASSED] - workbook01 = getWorkbook(excelFilePath): null

22-11-2024T02:59:29 - [TEST_STEP][PASSED] - sheet01 = getExcelSheet(workbook01, sheetName): null

22-11-2024T02:59:29 - [TEST_STEP][PASSED] - setValueToCellByIndex(sheet01, n, 0, dashboardName): null

22-11-2024T02:59:29 - [TEST_STEP][PASSED] - setValueToCellByIndex(sheet01, n, 1, dZO): null

22-11-2024T02:59:29 - [TEST_STEP][PASSED] - setValueToCellByIndex(sheet01, n, 2, typeOfData): null

22-11-2024T02:59:29 - [TEST_STEP][PASSED] - setValueToCellByIndex(sheet01, n, 3, typeOfData): null

22-11-2024T02:59:29 - [TEST_STEP][PASSED] - if (typeOfData == "План"): null

22-11-2024T02:59:29 - [TEST_STEP][PASSED] - else if (typeOfData == "Факт"): null

22-11-2024T02:59:29 - [TEST_STEP][PASSED] - else if (vidget.contains("электроэнергии") == true): null

22-11-2024T02:59:29 - [TEST_STEP][PASSED] - else: null

22-11-2024T02:59:29 - [TEST_STEP][PASSED] - if (o1R == null): null

22-11-2024T02:59:29 - [TEST_STEP][PASSED] - else: null

22-11-2024T02:59:29 - [TEST_STEP][PASSED] - if (o1R == "нет данных"): null

22-11-2024T02:59:29 - [TEST_STEP][PASSED] - setValueToCellByIndex(sheet01, n, 4, "нет данных"): null

22-11-2024T02:59:29 - [TEST_STEP][PASSED] - if (o1B == null): null

22-11-2024T02:59:29 - [TEST_STEP][PASSED] - else: null

22-11-2024T02:59:29 - [TEST_STEP][PASSED] - if (o1B == "нет данных"): null

22-11-2024T02:59:29 - [TEST_STEP][PASSED] - else: null

22-11-2024T02:59:29 - [TEST_STEP][PASSED] - FB = o1B.toDouble(): null

22-11-2024T02:59:29 - [TEST_STEP][PASSED] - setValueToCellByIndex(sheet01, n, 5, FB): null

22-11-2024T02:59:29 - [TEST_STEP][PASSED] - setValueToCellByIndex(sheet01, n, 6, m): null

22-11-2024T02:59:29 - [TEST_STEP][PASSED] - setValueToCellByIndex(sheet01, n, 7, y): null

22-11-2024T02:59:29 - [TEST_STEP][PASSED] - setValueToCellByIndex(sheet01, n, 8, todaysDate): null

22-11-2024T02:59:29 - [TEST_STEP][PASSED] - n = n + 1: null

22-11-2024T02:59:29 - [TEST_STEP][FAILED] - saveWorkbook(excelFilePath, workbook01): null

22-11-2024T02:59:30 - [TEST_STEP][PASSED] - if (verifyEqual(cenR, cenB) == false): Actual object 'Россети Центр (ГК)/9.98/9.48/44371600/40166359/4205240/43055315/38756246/4299069/-0.51' and expected object 'Россети Центр (ГК)/9.98/9.48/44371600/40166359/4205240/43055315/38756246/4299069/-0.51' are equal

22-11-2024T02:59:30 - [MESSAGE][PASSED] - Actual object 'Россети Центр (ГК)/9.98/9.48/44371600/40166359/4205240/43055315/38756246/4299069/-0.51' and expected object 'Россети Центр (ГК)/9.98/9.48/44371600/40166359/4205240/43055315/38756246/4299069/-0.51' are equal

22-11-2024T02:59:30 - [TEST_STEP][PASSED] - if (verifyEqual(cIPR, cIPB) == false): Actual object 'Россети Центр и Приволжье (ГК)/6.88/6.63/40894236/38182923/2711313/39451497/36738034/2713463/-0.25' and expected object 'Россети Центр и Приволжье (ГК)/6.88/6.63/40894236/38182923/2711313/39451497/36738034/2713463/-0.25' are equal

22-11-2024T02:59:30 - [MESSAGE][PASSED] - Actual object 'Россети Центр и Приволжье (ГК)/6.88/6.63/40894236/38182923/2711313/39451497/36738034/2713463/-0.25' and expected object 'Россети Центр и Приволжье (ГК)/6.88/6.63/40894236/38182923/2711313/39451497/36738034/2713463/-0.25' are equal

22-11-2024T02:59:30 - [TEST_STEP][FAILED] - if (verifyEqual(ugR, ugB) == false): null

22-11-2024T02:59:30 - [MESSAGE][FAILED] - Unable to verify equal between actual object 'Россети Юг (ГК)/нет данных/нет данных/нет данных/нет данных/нет данных/нет данных/нет данных/нет данных/нет данных' and expected object 'Россети Юг (ГК)/9.28/8.88/20309528/18505161/1804367/19634178/17812520/1821658/-0.39' (Root cause: com.kms.katalon.core.exception.StepFailedException: Actual object 'Россети Юг (ГК)/нет данных/нет данных/нет данных/нет данных/нет данных/нет данных/нет данных/нет данных/нет данных' and expected object 'Россети Юг (ГК)/9.28/8.88/20309528/18505161/1804367/19634178/17812520/1821658/-0.39' are not equal
	at com.kms.katalon.core.keyword.builtin.VerifyEqualKeyword$_verifyEqual_closure1.doCall(VerifyEqualKeyword.groovy:58)
	at com.kms.katalon.core.keyword.builtin.VerifyEqualKeyword$_verifyEqual_closure1.call(VerifyEqualKeyword.groovy)
	at com.kms.katalon.core.keyword.internal.KeywordMain.runKeyword(KeywordMain.groovy:75)
	at com.kms.katalon.core.keyword.builtin.VerifyEqualKeyword.verifyEqual(VerifyEqualKeyword.groovy:63)
	at com.kms.katalon.core.keyword.builtin.VerifyEqualKeyword.execute(VerifyEqualKeyword.groovy:44)
	at com.kms.katalon.core.keyword.internal.KeywordExecutor.executeKeywordForPlatform(KeywordExecutor.groovy:74)
	at com.kms.katalon.core.keyword.BuiltinKeywords.verifyEqual(BuiltinKeywords.groovy:146)
	at jdk.internal.reflect.GeneratedMethodAccessor25.invoke(Unknown Source)
	at java.base/jdk.internal.reflect.DelegatingMethodAccessorImpl.invoke(DelegatingMethodAccessorImpl.java:43)
	at Выполнение бизнес-плана сверка дашбордов.run(Выполнение бизнес-плана сверка дашбордов:657)
	at com.kms.katalon.core.main.ScriptEngine.run(ScriptEngine.java:194)
	at com.kms.katalon.core.main.ScriptEngine.runScriptAsRawText(ScriptEngine.java:119)
	at com.kms.katalon.core.main.TestCaseExecutor.runScript(TestCaseExecutor.java:448)
	at com.kms.katalon.core.main.TestCaseExecutor.doExecute(TestCaseExecutor.java:439)
	at com.kms.katalon.core.main.TestCaseExecutor.processExecutionPhase(TestCaseExecutor.java:418)
	at com.kms.katalon.core.main.TestCaseExecutor.accessMainPhase(TestCaseExecutor.java:410)
	at com.kms.katalon.core.main.TestCaseExecutor.execute(TestCaseExecutor.java:285)
	at com.kms.katalon.core.common.CommonExecutor.accessTestCaseMainPhase(CommonExecutor.java:65)
	at com.kms.katalon.core.main.TestSuiteExecutor.accessTestSuiteMainPhase(TestSuiteExecutor.java:150)
	at com.kms.katalon.core.main.TestSuiteExecutor.execute(TestSuiteExecutor.java:106)
	at com.kms.katalon.core.main.TestCaseMain.startTestSuite(TestCaseMain.java:180)
	at TempTestSuite1732232929817.run(TempTestSuite1732232929817.groovy:35)
	at java.base/jdk.internal.reflect.NativeMethodAccessorImpl.invoke0(Native Method)
	at java.base/jdk.internal.reflect.NativeMethodAccessorImpl.invoke(NativeMethodAccessorImpl.java:77)
	at java.base/jdk.internal.reflect.DelegatingMethodAccessorImpl.invoke(DelegatingMethodAccessorImpl.java:43)
)

22-11-2024T02:59:30 - [TEST_STEP][PASSED] - result = CompareDZOData(a = ugR, b = ugB, dZO, typeOfData, PercPlanR, PercPlanB, PercFactR, PercFactB, todaysDate, x, vidget, tabR, tabB, o1R, o1B): null

22-11-2024T02:59:30 - [TEST_STEP][PASSED] - ii2 = <not implemented yet for class: org.codehaus.groovy.ast.expr.EmptyExpression>: null

22-11-2024T02:59:30 - [TEST_STEP][FAILED] - if (verifyEqual(a, b) == false): null

22-11-2024T02:59:30 - [MESSAGE][FAILED] - Unable to verify equal between actual object 'Россети Юг (ГК)/нет данных/нет данных/нет данных/нет данных/нет данных/нет данных/нет данных/нет данных/нет данных' and expected object 'Россети Юг (ГК)/9.28/8.88/20309528/18505161/1804367/19634178/17812520/1821658/-0.39' (Root cause: com.kms.katalon.core.exception.StepFailedException: Actual object 'Россети Юг (ГК)/нет данных/нет данных/нет данных/нет данных/нет данных/нет данных/нет данных/нет данных/нет данных' and expected object 'Россети Юг (ГК)/9.28/8.88/20309528/18505161/1804367/19634178/17812520/1821658/-0.39' are not equal
	at com.kms.katalon.core.keyword.builtin.VerifyEqualKeyword$_verifyEqual_closure1.doCall(VerifyEqualKeyword.groovy:58)
	at com.kms.katalon.core.keyword.builtin.VerifyEqualKeyword$_verifyEqual_closure1.call(VerifyEqualKeyword.groovy)
	at com.kms.katalon.core.keyword.internal.KeywordMain.runKeyword(KeywordMain.groovy:75)
	at com.kms.katalon.core.keyword.builtin.VerifyEqualKeyword.verifyEqual(VerifyEqualKeyword.groovy:63)
	at com.kms.katalon.core.keyword.builtin.VerifyEqualKeyword.execute(VerifyEqualKeyword.groovy:44)
	at com.kms.katalon.core.keyword.internal.KeywordExecutor.executeKeywordForPlatform(KeywordExecutor.groovy:74)
	at com.kms.katalon.core.keyword.BuiltinKeywords.verifyEqual(BuiltinKeywords.groovy:146)
	at jdk.internal.reflect.GeneratedMethodAccessor25.invoke(Unknown Source)
	at java.base/jdk.internal.reflect.DelegatingMethodAccessorImpl.invoke(DelegatingMethodAccessorImpl.java:43)
	at Выполнение бизнес-плана сверка дашбордов.CompareDZOData(Выполнение бизнес-плана сверка дашбордов:673)
	at Выполнение бизнес-плана сверка дашбордов.run(Выполнение бизнес-плана сверка дашбордов:658)
	at com.kms.katalon.core.main.ScriptEngine.run(ScriptEngine.java:194)
	at com.kms.katalon.core.main.ScriptEngine.runScriptAsRawText(ScriptEngine.java:119)
	at com.kms.katalon.core.main.TestCaseExecutor.runScript(TestCaseExecutor.java:448)
	at com.kms.katalon.core.main.TestCaseExecutor.doExecute(TestCaseExecutor.java:439)
	at com.kms.katalon.core.main.TestCaseExecutor.processExecutionPhase(TestCaseExecutor.java:418)
	at com.kms.katalon.core.main.TestCaseExecutor.accessMainPhase(TestCaseExecutor.java:410)
	at com.kms.katalon.core.main.TestCaseExecutor.execute(TestCaseExecutor.java:285)
	at com.kms.katalon.core.common.CommonExecutor.accessTestCaseMainPhase(CommonExecutor.java:65)
	at com.kms.katalon.core.main.TestSuiteExecutor.accessTestSuiteMainPhase(TestSuiteExecutor.java:150)
	at com.kms.katalon.core.main.TestSuiteExecutor.execute(TestSuiteExecutor.java:106)
	at com.kms.katalon.core.main.TestCaseMain.startTestSuite(TestCaseMain.java:180)
	at TempTestSuite1732232929817.run(TempTestSuite1732232929817.groovy:35)
	at java.base/jdk.internal.reflect.NativeMethodAccessorImpl.invoke0(Native Method)
	at java.base/jdk.internal.reflect.NativeMethodAccessorImpl.invoke(NativeMethodAccessorImpl.java:77)
	at java.base/jdk.internal.reflect.DelegatingMethodAccessorImpl.invoke(DelegatingMethodAccessorImpl.java:43)
)

22-11-2024T02:59:30 - [TEST_STEP][PASSED] - vidget = "Уровень потерь электроэнергии": null

22-11-2024T02:59:30 - [TEST_STEP][PASSED] - typeOfData = "План": null

22-11-2024T02:59:30 - [TEST_STEP][PASSED] - PercPlanR = GetPercPlanR(x = a): null

22-11-2024T02:59:30 - [TEST_STEP][PASSED] - i1 = <not implemented yet for class: org.codehaus.groovy.ast.expr.EmptyExpression>: null

22-11-2024T02:59:30 - [TEST_STEP][PASSED] - i1 = x.indexOf("/") + 1: null

22-11-2024T02:59:30 - [TEST_STEP][PASSED] - if (i1 > -1): null

22-11-2024T02:59:30 - [TEST_STEP][PASSED] - x = x.substring(i1, x.length()): null

22-11-2024T02:59:30 - [TEST_STEP][PASSED] - i1 = x.indexOf("/"): null

22-11-2024T02:59:30 - [TEST_STEP][PASSED] - if (i1 > -1): null

22-11-2024T02:59:30 - [TEST_STEP][PASSED] - x = x.substring(0, i1): null

22-11-2024T02:59:30 - [TEST_STEP][PASSED] - return x: null

22-11-2024T02:59:30 - [TEST_STEP][PASSED] - PercPlanB = GetPercPlanB(x = b): null

22-11-2024T02:59:30 - [TEST_STEP][PASSED] - i1 = <not implemented yet for class: org.codehaus.groovy.ast.expr.EmptyExpression>: null

22-11-2024T02:59:30 - [TEST_STEP][PASSED] - i1 = x.indexOf("/") + 1: null

22-11-2024T02:59:30 - [TEST_STEP][PASSED] - if (i1 > -1): null

22-11-2024T02:59:30 - [TEST_STEP][PASSED] - x = x.substring(i1, x.length()): null

22-11-2024T02:59:30 - [TEST_STEP][PASSED] - i1 = x.indexOf("/"): null

22-11-2024T02:59:30 - [TEST_STEP][PASSED] - if (i1 > -1): null

22-11-2024T02:59:30 - [TEST_STEP][PASSED] - x = x.substring(0, i1): null

22-11-2024T02:59:30 - [TEST_STEP][FAILED] - return x: null

22-11-2024T02:59:30 - [TEST_STEP][FAILED] - if (verifyEqual(PercPlanR, PercPlanB) == false): null

22-11-2024T02:59:30 - [MESSAGE][FAILED] - Unable to verify equal between actual object 'нет данных' and expected object '9.28' (Root cause: com.kms.katalon.core.exception.StepFailedException: Actual object 'нет данных' and expected object '9.28' are not equal
	at com.kms.katalon.core.keyword.builtin.VerifyEqualKeyword$_verifyEqual_closure1.doCall(VerifyEqualKeyword.groovy:58)
	at com.kms.katalon.core.keyword.builtin.VerifyEqualKeyword$_verifyEqual_closure1.call(VerifyEqualKeyword.groovy)
	at com.kms.katalon.core.keyword.internal.KeywordMain.runKeyword(KeywordMain.groovy:75)
	at com.kms.katalon.core.keyword.builtin.VerifyEqualKeyword.verifyEqual(VerifyEqualKeyword.groovy:63)
	at com.kms.katalon.core.keyword.builtin.VerifyEqualKeyword.execute(VerifyEqualKeyword.groovy:44)
	at com.kms.katalon.core.keyword.internal.KeywordExecutor.executeKeywordForPlatform(KeywordExecutor.groovy:74)
	at com.kms.katalon.core.keyword.BuiltinKeywords.verifyEqual(BuiltinKeywords.groovy:146)
	at jdk.internal.reflect.GeneratedMethodAccessor25.invoke(Unknown Source)
	at java.base/jdk.internal.reflect.DelegatingMethodAccessorImpl.invoke(DelegatingMethodAccessorImpl.java:43)
	at Выполнение бизнес-плана сверка дашбордов.CompareDZOData(Выполнение бизнес-плана сверка дашбордов:682)
	at Выполнение бизнес-плана сверка дашбордов.run(Выполнение бизнес-плана сверка дашбордов:658)
	at com.kms.katalon.core.main.ScriptEngine.run(ScriptEngine.java:194)
	at com.kms.katalon.core.main.ScriptEngine.runScriptAsRawText(ScriptEngine.java:119)
	at com.kms.katalon.core.main.TestCaseExecutor.runScript(TestCaseExecutor.java:448)
	at com.kms.katalon.core.main.TestCaseExecutor.doExecute(TestCaseExecutor.java:439)
	at com.kms.katalon.core.main.TestCaseExecutor.processExecutionPhase(TestCaseExecutor.java:418)
	at com.kms.katalon.core.main.TestCaseExecutor.accessMainPhase(TestCaseExecutor.java:410)
	at com.kms.katalon.core.main.TestCaseExecutor.execute(TestCaseExecutor.java:285)
	at com.kms.katalon.core.common.CommonExecutor.accessTestCaseMainPhase(CommonExecutor.java:65)
	at com.kms.katalon.core.main.TestSuiteExecutor.accessTestSuiteMainPhase(TestSuiteExecutor.java:150)
	at com.kms.katalon.core.main.TestSuiteExecutor.execute(TestSuiteExecutor.java:106)
	at com.kms.katalon.core.main.TestCaseMain.startTestSuite(TestCaseMain.java:180)
	at TempTestSuite1732232929817.run(TempTestSuite1732232929817.groovy:35)
	at java.base/jdk.internal.reflect.NativeMethodAccessorImpl.invoke0(Native Method)
	at java.base/jdk.internal.reflect.NativeMethodAccessorImpl.invoke(NativeMethodAccessorImpl.java:77)
	at java.base/jdk.internal.reflect.DelegatingMethodAccessorImpl.invoke(DelegatingMethodAccessorImpl.java:43)
)

22-11-2024T02:59:30 - [TEST_STEP][PASSED] - result = WriteToExcel(typeOfData, todaysDate, PercPlanR, PercPlanB, PercFactR, PercFactB, x, tabR, tabB, o1R, o1B, vidget): null

22-11-2024T02:59:30 - [TEST_STEP][PASSED] - iii = dZO.indexOf("/"): null

22-11-2024T02:59:30 - [TEST_STEP][PASSED] - println(iii): null

22-11-2024T02:59:30 - [TEST_STEP][PASSED] - dZO = dZO.substring(0, iii): null

22-11-2024T02:59:30 - [TEST_STEP][PASSED] - println(dZO): null

22-11-2024T02:59:30 - [TEST_STEP][PASSED] - println(PercPlanR): null

22-11-2024T02:59:30 - [TEST_STEP][PASSED] - println(PercPlanB): null

22-11-2024T02:59:30 - [TEST_STEP][PASSED] - println(PercFactR): null

22-11-2024T02:59:30 - [TEST_STEP][PASSED] - println(PercFactB): null

22-11-2024T02:59:30 - [TEST_STEP][PASSED] - println(tabR): null

22-11-2024T02:59:30 - [TEST_STEP][PASSED] - println(tabB): null

22-11-2024T02:59:30 - [TEST_STEP][PASSED] - println(o1R): null

22-11-2024T02:59:30 - [TEST_STEP][PASSED] - println(o1B): null

22-11-2024T02:59:30 - [TEST_STEP][PASSED] - PR = <not implemented yet for class: org.codehaus.groovy.ast.expr.EmptyExpression>: null

22-11-2024T02:59:30 - [TEST_STEP][PASSED] - FR = <not implemented yet for class: org.codehaus.groovy.ast.expr.EmptyExpression>: null

22-11-2024T02:59:30 - [TEST_STEP][PASSED] - PB = <not implemented yet for class: org.codehaus.groovy.ast.expr.EmptyExpression>: null

22-11-2024T02:59:30 - [TEST_STEP][PASSED] - FB = <not implemented yet for class: org.codehaus.groovy.ast.expr.EmptyExpression>: null

22-11-2024T02:59:30 - [TEST_STEP][PASSED] - TR = <not implemented yet for class: org.codehaus.groovy.ast.expr.EmptyExpression>: null

22-11-2024T02:59:30 - [TEST_STEP][PASSED] - TB = <not implemented yet for class: org.codehaus.groovy.ast.expr.EmptyExpression>: null

22-11-2024T02:59:30 - [TEST_STEP][PASSED] - sheetName = "Sheet1": null

22-11-2024T02:59:30 - [TEST_STEP][PASSED] - data = findTestData("PlanFact"): null

22-11-2024T02:59:30 - [TEST_STEP][PASSED] - n = data.getRowNumbers() + 1: null

22-11-2024T02:59:30 - [TEST_STEP][PASSED] - year = todaysDate.substring(todaysDate.length() - 4, todaysDate.length()): null

22-11-2024T02:59:30 - [TEST_STEP][PASSED] - y = year.toInteger(): null

22-11-2024T02:59:30 - [TEST_STEP][PASSED] - m = getText(findTestObject("Выполнение бизнес-плана/Выполнение бизнес-плана Балансы/Фильтр Дата")): Text of object 'Object Repository/Выполнение бизнес-плана/Выполнение бизнес-плана Балансы/Фильтр Дата' is: '1, 2, 3 кв. 2024 года'

22-11-2024T02:59:30 - [MESSAGE][PASSED] - Text of object 'Object Repository/Выполнение бизнес-плана/Выполнение бизнес-плана Балансы/Фильтр Дата' is: '1, 2, 3 кв. 2024 года'

22-11-2024T02:59:30 - [TEST_STEP][PASSED] - m = m.substring(0, m.indexOf("2024")): null

22-11-2024T02:59:30 - [TEST_STEP][PASSED] - m = m.trim(): null

22-11-2024T02:59:30 - [TEST_STEP][PASSED] - dashboardName = "Выполнение бизнес-плана": null

22-11-2024T02:59:30 - [TEST_STEP][PASSED] - workbook01 = getWorkbook(excelFilePath): null

22-11-2024T02:59:30 - [TEST_STEP][PASSED] - sheet01 = getExcelSheet(workbook01, sheetName): null

22-11-2024T02:59:30 - [TEST_STEP][PASSED] - setValueToCellByIndex(sheet01, n, 0, dashboardName): null

22-11-2024T02:59:30 - [TEST_STEP][PASSED] - setValueToCellByIndex(sheet01, n, 1, dZO): null

22-11-2024T02:59:30 - [TEST_STEP][PASSED] - setValueToCellByIndex(sheet01, n, 2, typeOfData): null

22-11-2024T02:59:30 - [TEST_STEP][PASSED] - setValueToCellByIndex(sheet01, n, 3, typeOfData): null

22-11-2024T02:59:30 - [TEST_STEP][PASSED] - if (typeOfData == "План"): null

22-11-2024T02:59:30 - [TEST_STEP][PASSED] - if (PercPlanR == null): null

22-11-2024T02:59:30 - [TEST_STEP][PASSED] - else: null

22-11-2024T02:59:30 - [TEST_STEP][PASSED] - if (PercPlanR == "нет данных"): null

22-11-2024T02:59:30 - [TEST_STEP][PASSED] - setValueToCellByIndex(sheet01, n, 4, "нет данных"): null

22-11-2024T02:59:30 - [TEST_STEP][PASSED] - if (PercPlanB == null): null

22-11-2024T02:59:30 - [TEST_STEP][PASSED] - else: null

22-11-2024T02:59:30 - [TEST_STEP][PASSED] - if (PercPlanB == "нет данных"): null

22-11-2024T02:59:30 - [TEST_STEP][PASSED] - else: null

22-11-2024T02:59:30 - [TEST_STEP][PASSED] - PB = PercPlanB.toDouble(): null

22-11-2024T02:59:30 - [TEST_STEP][PASSED] - setValueToCellByIndex(sheet01, n, 5, PB): null

22-11-2024T02:59:30 - [TEST_STEP][PASSED] - setValueToCellByIndex(sheet01, n, 6, m): null

22-11-2024T02:59:30 - [TEST_STEP][PASSED] - setValueToCellByIndex(sheet01, n, 7, y): null

22-11-2024T02:59:30 - [TEST_STEP][PASSED] - setValueToCellByIndex(sheet01, n, 8, todaysDate): null

22-11-2024T02:59:30 - [TEST_STEP][PASSED] - n = n + 1: null

22-11-2024T02:59:30 - [TEST_STEP][PASSED] - saveWorkbook(excelFilePath, workbook01): null

22-11-2024T02:59:30 - [TEST_STEP][PASSED] - typeOfData = "Факт": null

22-11-2024T02:59:30 - [TEST_STEP][PASSED] - PercFactR = GetPercFactR(x = a): null

22-11-2024T02:59:30 - [TEST_STEP][PASSED] - i1 = <not implemented yet for class: org.codehaus.groovy.ast.expr.EmptyExpression>: null

22-11-2024T02:59:30 - [TEST_STEP][PASSED] - ii = <not implemented yet for class: org.codehaus.groovy.ast.expr.EmptyExpression>: null

22-11-2024T02:59:30 - [TEST_STEP][PASSED] - for ([ii = 1, ii < 3, (ii++)]): null

22-11-2024T02:59:30 - [TEST_STEP][PASSED] - i1 = x.indexOf("/") + 1: null

22-11-2024T02:59:30 - [TEST_STEP][PASSED] - if (i1 > -1): null

22-11-2024T02:59:30 - [TEST_STEP][PASSED] - x = x.substring(i1, x.length()): null

22-11-2024T02:59:30 - [TEST_STEP][PASSED] - println(x): null

22-11-2024T02:59:30 - [TEST_STEP][PASSED] - i1 = x.indexOf("/") + 1: null

22-11-2024T02:59:30 - [TEST_STEP][PASSED] - if (i1 > -1): null

22-11-2024T02:59:30 - [TEST_STEP][PASSED] - x = x.substring(i1, x.length()): null

22-11-2024T02:59:30 - [TEST_STEP][PASSED] - println(x): null

22-11-2024T02:59:30 - [TEST_STEP][PASSED] - i1 = x.indexOf("/"): null

22-11-2024T02:59:30 - [TEST_STEP][PASSED] - if (i1 > -1): null

22-11-2024T02:59:30 - [TEST_STEP][PASSED] - x = x.substring(0, i1): null

22-11-2024T02:59:30 - [TEST_STEP][PASSED] - println(x): null

22-11-2024T02:59:30 - [TEST_STEP][PASSED] - return x: null

22-11-2024T02:59:30 - [TEST_STEP][PASSED] - PercFactB = GetPercFactB(x = b): null

22-11-2024T02:59:30 - [TEST_STEP][PASSED] - i1 = <not implemented yet for class: org.codehaus.groovy.ast.expr.EmptyExpression>: null

22-11-2024T02:59:30 - [TEST_STEP][PASSED] - ii = <not implemented yet for class: org.codehaus.groovy.ast.expr.EmptyExpression>: null

22-11-2024T02:59:30 - [TEST_STEP][PASSED] - for ([ii = 1, ii < 3, (ii++)]): null

22-11-2024T02:59:30 - [TEST_STEP][PASSED] - i1 = x.indexOf("/") + 1: null

22-11-2024T02:59:30 - [TEST_STEP][PASSED] - if (i1 > -1): null

22-11-2024T02:59:30 - [TEST_STEP][PASSED] - x = x.substring(i1, x.length()): null

22-11-2024T02:59:30 - [TEST_STEP][PASSED] - println(x): null

22-11-2024T02:59:30 - [TEST_STEP][PASSED] - i1 = x.indexOf("/") + 1: null

22-11-2024T02:59:30 - [TEST_STEP][PASSED] - if (i1 > -1): null

22-11-2024T02:59:30 - [TEST_STEP][PASSED] - x = x.substring(i1, x.length()): null

22-11-2024T02:59:30 - [TEST_STEP][PASSED] - println(x): null

22-11-2024T02:59:30 - [TEST_STEP][PASSED] - i1 = x.indexOf("/"): null

22-11-2024T02:59:30 - [TEST_STEP][PASSED] - if (i1 > -1): null

22-11-2024T02:59:30 - [TEST_STEP][PASSED] - x = x.substring(0, i1): null

22-11-2024T02:59:30 - [TEST_STEP][PASSED] - println(x): null

22-11-2024T02:59:30 - [TEST_STEP][FAILED] - return x: null

22-11-2024T02:59:30 - [TEST_STEP][FAILED] - if (verifyEqual(PercFactR, PercFactB) == false): null

22-11-2024T02:59:30 - [MESSAGE][FAILED] - Unable to verify equal between actual object 'нет данных' and expected object '8.88' (Root cause: com.kms.katalon.core.exception.StepFailedException: Actual object 'нет данных' and expected object '8.88' are not equal
	at com.kms.katalon.core.keyword.builtin.VerifyEqualKeyword$_verifyEqual_closure1.doCall(VerifyEqualKeyword.groovy:58)
	at com.kms.katalon.core.keyword.builtin.VerifyEqualKeyword$_verifyEqual_closure1.call(VerifyEqualKeyword.groovy)
	at com.kms.katalon.core.keyword.internal.KeywordMain.runKeyword(KeywordMain.groovy:75)
	at com.kms.katalon.core.keyword.builtin.VerifyEqualKeyword.verifyEqual(VerifyEqualKeyword.groovy:63)
	at com.kms.katalon.core.keyword.builtin.VerifyEqualKeyword.execute(VerifyEqualKeyword.groovy:44)
	at com.kms.katalon.core.keyword.internal.KeywordExecutor.executeKeywordForPlatform(KeywordExecutor.groovy:74)
	at com.kms.katalon.core.keyword.BuiltinKeywords.verifyEqual(BuiltinKeywords.groovy:146)
	at jdk.internal.reflect.GeneratedMethodAccessor25.invoke(Unknown Source)
	at java.base/jdk.internal.reflect.DelegatingMethodAccessorImpl.invoke(DelegatingMethodAccessorImpl.java:43)
	at Выполнение бизнес-плана сверка дашбордов.CompareDZOData(Выполнение бизнес-плана сверка дашбордов:693)
	at Выполнение бизнес-плана сверка дашбордов.run(Выполнение бизнес-плана сверка дашбордов:658)
	at com.kms.katalon.core.main.ScriptEngine.run(ScriptEngine.java:194)
	at com.kms.katalon.core.main.ScriptEngine.runScriptAsRawText(ScriptEngine.java:119)
	at com.kms.katalon.core.main.TestCaseExecutor.runScript(TestCaseExecutor.java:448)
	at com.kms.katalon.core.main.TestCaseExecutor.doExecute(TestCaseExecutor.java:439)
	at com.kms.katalon.core.main.TestCaseExecutor.processExecutionPhase(TestCaseExecutor.java:418)
	at com.kms.katalon.core.main.TestCaseExecutor.accessMainPhase(TestCaseExecutor.java:410)
	at com.kms.katalon.core.main.TestCaseExecutor.execute(TestCaseExecutor.java:285)
	at com.kms.katalon.core.common.CommonExecutor.accessTestCaseMainPhase(CommonExecutor.java:65)
	at com.kms.katalon.core.main.TestSuiteExecutor.accessTestSuiteMainPhase(TestSuiteExecutor.java:150)
	at com.kms.katalon.core.main.TestSuiteExecutor.execute(TestSuiteExecutor.java:106)
	at com.kms.katalon.core.main.TestCaseMain.startTestSuite(TestCaseMain.java:180)
	at TempTestSuite1732232929817.run(TempTestSuite1732232929817.groovy:35)
	at java.base/jdk.internal.reflect.NativeMethodAccessorImpl.invoke0(Native Method)
	at java.base/jdk.internal.reflect.NativeMethodAccessorImpl.invoke(NativeMethodAccessorImpl.java:77)
	at java.base/jdk.internal.reflect.DelegatingMethodAccessorImpl.invoke(DelegatingMethodAccessorImpl.java:43)
)

22-11-2024T02:59:30 - [TEST_STEP][PASSED] - result = WriteToExcel(typeOfData, todaysDate, PercPlanR, PercPlanB, PercFactR, PercFactB, x, tabR, tabB, o1R, o1B, vidget): null

22-11-2024T02:59:30 - [TEST_STEP][PASSED] - iii = dZO.indexOf("/"): null

22-11-2024T02:59:30 - [TEST_STEP][PASSED] - println(iii): null

22-11-2024T02:59:30 - [TEST_STEP][PASSED] - dZO = dZO.substring(0, iii): null

22-11-2024T02:59:30 - [TEST_STEP][PASSED] - println(dZO): null

22-11-2024T02:59:30 - [TEST_STEP][PASSED] - println(PercPlanR): null

22-11-2024T02:59:30 - [TEST_STEP][PASSED] - println(PercPlanB): null

22-11-2024T02:59:30 - [TEST_STEP][PASSED] - println(PercFactR): null

22-11-2024T02:59:30 - [TEST_STEP][PASSED] - println(PercFactB): null

22-11-2024T02:59:30 - [TEST_STEP][PASSED] - println(tabR): null

22-11-2024T02:59:30 - [TEST_STEP][PASSED] - println(tabB): null

22-11-2024T02:59:30 - [TEST_STEP][PASSED] - println(o1R): null

22-11-2024T02:59:30 - [TEST_STEP][PASSED] - println(o1B): null

22-11-2024T02:59:30 - [TEST_STEP][PASSED] - PR = <not implemented yet for class: org.codehaus.groovy.ast.expr.EmptyExpression>: null

22-11-2024T02:59:30 - [TEST_STEP][PASSED] - FR = <not implemented yet for class: org.codehaus.groovy.ast.expr.EmptyExpression>: null

22-11-2024T02:59:30 - [TEST_STEP][PASSED] - PB = <not implemented yet for class: org.codehaus.groovy.ast.expr.EmptyExpression>: null

22-11-2024T02:59:30 - [TEST_STEP][PASSED] - FB = <not implemented yet for class: org.codehaus.groovy.ast.expr.EmptyExpression>: null

22-11-2024T02:59:30 - [TEST_STEP][PASSED] - TR = <not implemented yet for class: org.codehaus.groovy.ast.expr.EmptyExpression>: null

22-11-2024T02:59:30 - [TEST_STEP][PASSED] - TB = <not implemented yet for class: org.codehaus.groovy.ast.expr.EmptyExpression>: null

22-11-2024T02:59:30 - [TEST_STEP][PASSED] - sheetName = "Sheet1": null

22-11-2024T02:59:30 - [TEST_STEP][PASSED] - data = findTestData("PlanFact"): null

22-11-2024T02:59:30 - [TEST_STEP][PASSED] - n = data.getRowNumbers() + 1: null

22-11-2024T02:59:30 - [TEST_STEP][PASSED] - year = todaysDate.substring(todaysDate.length() - 4, todaysDate.length()): null

22-11-2024T02:59:30 - [TEST_STEP][PASSED] - y = year.toInteger(): null

22-11-2024T02:59:30 - [TEST_STEP][PASSED] - m = getText(findTestObject("Выполнение бизнес-плана/Выполнение бизнес-плана Балансы/Фильтр Дата")): Text of object 'Object Repository/Выполнение бизнес-плана/Выполнение бизнес-плана Балансы/Фильтр Дата' is: '1, 2, 3 кв. 2024 года'

22-11-2024T02:59:31 - [MESSAGE][PASSED] - Text of object 'Object Repository/Выполнение бизнес-плана/Выполнение бизнес-плана Балансы/Фильтр Дата' is: '1, 2, 3 кв. 2024 года'

22-11-2024T02:59:31 - [TEST_STEP][PASSED] - m = m.substring(0, m.indexOf("2024")): null

22-11-2024T02:59:31 - [TEST_STEP][PASSED] - m = m.trim(): null

22-11-2024T02:59:31 - [TEST_STEP][PASSED] - dashboardName = "Выполнение бизнес-плана": null

22-11-2024T02:59:31 - [TEST_STEP][PASSED] - workbook01 = getWorkbook(excelFilePath): null

22-11-2024T02:59:31 - [TEST_STEP][PASSED] - sheet01 = getExcelSheet(workbook01, sheetName): null

22-11-2024T02:59:31 - [TEST_STEP][PASSED] - setValueToCellByIndex(sheet01, n, 0, dashboardName): null

22-11-2024T02:59:31 - [TEST_STEP][PASSED] - setValueToCellByIndex(sheet01, n, 1, dZO): null

22-11-2024T02:59:31 - [TEST_STEP][PASSED] - setValueToCellByIndex(sheet01, n, 2, typeOfData): null

22-11-2024T02:59:31 - [TEST_STEP][PASSED] - setValueToCellByIndex(sheet01, n, 3, typeOfData): null

22-11-2024T02:59:31 - [TEST_STEP][PASSED] - if (typeOfData == "План"): null

22-11-2024T02:59:31 - [TEST_STEP][PASSED] - else if (typeOfData == "Факт"): null

22-11-2024T02:59:31 - [TEST_STEP][PASSED] - if (PercFactR == null): null

22-11-2024T02:59:31 - [TEST_STEP][PASSED] - else: null

22-11-2024T02:59:31 - [TEST_STEP][PASSED] - if (PercFactR == "нет данных"): null

22-11-2024T02:59:31 - [TEST_STEP][PASSED] - setValueToCellByIndex(sheet01, n, 4, "нет данных"): null

22-11-2024T02:59:31 - [TEST_STEP][PASSED] - if (PercFactB == null): null

22-11-2024T02:59:31 - [TEST_STEP][PASSED] - else: null

22-11-2024T02:59:31 - [TEST_STEP][PASSED] - if (PercFactB == "нет данных"): null

22-11-2024T02:59:31 - [TEST_STEP][PASSED] - else: null

22-11-2024T02:59:31 - [TEST_STEP][PASSED] - FB = PercFactB.toDouble(): null

22-11-2024T02:59:31 - [TEST_STEP][PASSED] - setValueToCellByIndex(sheet01, n, 5, FB): null

22-11-2024T02:59:31 - [TEST_STEP][PASSED] - setValueToCellByIndex(sheet01, n, 6, m): null

22-11-2024T02:59:31 - [TEST_STEP][PASSED] - setValueToCellByIndex(sheet01, n, 7, y): null

22-11-2024T02:59:31 - [TEST_STEP][PASSED] - setValueToCellByIndex(sheet01, n, 8, todaysDate): null

22-11-2024T02:59:31 - [TEST_STEP][PASSED] - n = n + 1: null

22-11-2024T02:59:31 - [TEST_STEP][PASSED] - saveWorkbook(excelFilePath, workbook01): null

22-11-2024T02:59:31 - [TEST_STEP][PASSED] - vidget = "Показатели баланса электроэнергии по ДЗО – Факт": null

22-11-2024T02:59:31 - [TEST_STEP][PASSED] - typeOfData = "Факт Отпуск в сеть": null

22-11-2024T02:59:31 - [TEST_STEP][PASSED] - tabR = GetOvSFactR(x = a): null

22-11-2024T02:59:31 - [TEST_STEP][PASSED] - i1 = <not implemented yet for class: org.codehaus.groovy.ast.expr.EmptyExpression>: null

22-11-2024T02:59:31 - [TEST_STEP][PASSED] - ii = <not implemented yet for class: org.codehaus.groovy.ast.expr.EmptyExpression>: null

22-11-2024T02:59:31 - [TEST_STEP][PASSED] - for ([ii = 1, ii < 4, (ii++)]): null

22-11-2024T02:59:31 - [TEST_STEP][PASSED] - i1 = x.indexOf("/") + 1: null

22-11-2024T02:59:31 - [TEST_STEP][PASSED] - if (i1 > -1): null

22-11-2024T02:59:31 - [TEST_STEP][PASSED] - x = x.substring(i1, x.length()): null

22-11-2024T02:59:31 - [TEST_STEP][PASSED] - println(x): null

22-11-2024T02:59:31 - [TEST_STEP][PASSED] - i1 = x.indexOf("/") + 1: null

22-11-2024T02:59:31 - [TEST_STEP][PASSED] - if (i1 > -1): null

22-11-2024T02:59:31 - [TEST_STEP][PASSED] - x = x.substring(i1, x.length()): null

22-11-2024T02:59:31 - [TEST_STEP][PASSED] - println(x): null

22-11-2024T02:59:31 - [TEST_STEP][PASSED] - i1 = x.indexOf("/") + 1: null

22-11-2024T02:59:31 - [TEST_STEP][PASSED] - if (i1 > -1): null

22-11-2024T02:59:31 - [TEST_STEP][PASSED] - x = x.substring(i1, x.length()): null

22-11-2024T02:59:31 - [TEST_STEP][PASSED] - println(x): null

22-11-2024T02:59:31 - [TEST_STEP][PASSED] - i1 = x.indexOf("/"): null

22-11-2024T02:59:31 - [TEST_STEP][PASSED] - if (i1 > -1): null

22-11-2024T02:59:31 - [TEST_STEP][PASSED] - x = x.substring(0, i1): null

22-11-2024T02:59:31 - [TEST_STEP][PASSED] - println(x): null

22-11-2024T02:59:31 - [TEST_STEP][PASSED] - return x: null

22-11-2024T02:59:31 - [TEST_STEP][PASSED] - tabB = GetOvSFactB(x = b): null

22-11-2024T02:59:31 - [TEST_STEP][PASSED] - i1 = <not implemented yet for class: org.codehaus.groovy.ast.expr.EmptyExpression>: null

22-11-2024T02:59:31 - [TEST_STEP][PASSED] - ii = <not implemented yet for class: org.codehaus.groovy.ast.expr.EmptyExpression>: null

22-11-2024T02:59:31 - [TEST_STEP][PASSED] - for ([ii = 1, ii < 4, (ii++)]): null

22-11-2024T02:59:31 - [TEST_STEP][PASSED] - i1 = x.indexOf("/") + 1: null

22-11-2024T02:59:31 - [TEST_STEP][PASSED] - if (i1 > -1): null

22-11-2024T02:59:31 - [TEST_STEP][PASSED] - x = x.substring(i1, x.length()): null

22-11-2024T02:59:31 - [TEST_STEP][PASSED] - println(x): null

22-11-2024T02:59:31 - [TEST_STEP][PASSED] - i1 = x.indexOf("/") + 1: null

22-11-2024T02:59:31 - [TEST_STEP][PASSED] - if (i1 > -1): null

22-11-2024T02:59:31 - [TEST_STEP][PASSED] - x = x.substring(i1, x.length()): null

22-11-2024T02:59:31 - [TEST_STEP][PASSED] - println(x): null

22-11-2024T02:59:31 - [TEST_STEP][PASSED] - i1 = x.indexOf("/") + 1: null

22-11-2024T02:59:31 - [TEST_STEP][PASSED] - if (i1 > -1): null

22-11-2024T02:59:31 - [TEST_STEP][PASSED] - x = x.substring(i1, x.length()): null

22-11-2024T02:59:31 - [TEST_STEP][PASSED] - println(x): null

22-11-2024T02:59:31 - [TEST_STEP][PASSED] - i1 = x.indexOf("/"): null

22-11-2024T02:59:31 - [TEST_STEP][PASSED] - if (i1 > -1): null

22-11-2024T02:59:31 - [TEST_STEP][PASSED] - x = x.substring(0, i1): null

22-11-2024T02:59:31 - [TEST_STEP][PASSED] - println(x): null

22-11-2024T02:59:31 - [TEST_STEP][FAILED] - return x: null

22-11-2024T02:59:31 - [TEST_STEP][FAILED] - if (verifyEqual(tabR, tabB) == false): null

22-11-2024T02:59:31 - [MESSAGE][FAILED] - Unable to verify equal between actual object 'нет данных' and expected object '20309528' (Root cause: com.kms.katalon.core.exception.StepFailedException: Actual object 'нет данных' and expected object '20309528' are not equal
	at com.kms.katalon.core.keyword.builtin.VerifyEqualKeyword$_verifyEqual_closure1.doCall(VerifyEqualKeyword.groovy:58)
	at com.kms.katalon.core.keyword.builtin.VerifyEqualKeyword$_verifyEqual_closure1.call(VerifyEqualKeyword.groovy)
	at com.kms.katalon.core.keyword.internal.KeywordMain.runKeyword(KeywordMain.groovy:75)
	at com.kms.katalon.core.keyword.builtin.VerifyEqualKeyword.verifyEqual(VerifyEqualKeyword.groovy:63)
	at com.kms.katalon.core.keyword.builtin.VerifyEqualKeyword.execute(VerifyEqualKeyword.groovy:44)
	at com.kms.katalon.core.keyword.internal.KeywordExecutor.executeKeywordForPlatform(KeywordExecutor.groovy:74)
	at com.kms.katalon.core.keyword.BuiltinKeywords.verifyEqual(BuiltinKeywords.groovy:146)
	at jdk.internal.reflect.GeneratedMethodAccessor25.invoke(Unknown Source)
	at java.base/jdk.internal.reflect.DelegatingMethodAccessorImpl.invoke(DelegatingMethodAccessorImpl.java:43)
	at Выполнение бизнес-плана сверка дашбордов.CompareDZOData(Выполнение бизнес-плана сверка дашбордов:706)
	at Выполнение бизнес-плана сверка дашбордов.run(Выполнение бизнес-плана сверка дашбордов:658)
	at com.kms.katalon.core.main.ScriptEngine.run(ScriptEngine.java:194)
	at com.kms.katalon.core.main.ScriptEngine.runScriptAsRawText(ScriptEngine.java:119)
	at com.kms.katalon.core.main.TestCaseExecutor.runScript(TestCaseExecutor.java:448)
	at com.kms.katalon.core.main.TestCaseExecutor.doExecute(TestCaseExecutor.java:439)
	at com.kms.katalon.core.main.TestCaseExecutor.processExecutionPhase(TestCaseExecutor.java:418)
	at com.kms.katalon.core.main.TestCaseExecutor.accessMainPhase(TestCaseExecutor.java:410)
	at com.kms.katalon.core.main.TestCaseExecutor.execute(TestCaseExecutor.java:285)
	at com.kms.katalon.core.common.CommonExecutor.accessTestCaseMainPhase(CommonExecutor.java:65)
	at com.kms.katalon.core.main.TestSuiteExecutor.accessTestSuiteMainPhase(TestSuiteExecutor.java:150)
	at com.kms.katalon.core.main.TestSuiteExecutor.execute(TestSuiteExecutor.java:106)
	at com.kms.katalon.core.main.TestCaseMain.startTestSuite(TestCaseMain.java:180)
	at TempTestSuite1732232929817.run(TempTestSuite1732232929817.groovy:35)
	at java.base/jdk.internal.reflect.NativeMethodAccessorImpl.invoke0(Native Method)
	at java.base/jdk.internal.reflect.NativeMethodAccessorImpl.invoke(NativeMethodAccessorImpl.java:77)
	at java.base/jdk.internal.reflect.DelegatingMethodAccessorImpl.invoke(DelegatingMethodAccessorImpl.java:43)
)

22-11-2024T02:59:31 - [TEST_STEP][PASSED] - result = WriteToExcel(typeOfData, todaysDate, PercPlanR, PercPlanB, PercFactR, PercFactB, x, tabR, tabB, o1R, o1B, vidget): null

22-11-2024T02:59:31 - [TEST_STEP][PASSED] - iii = dZO.indexOf("/"): null

22-11-2024T02:59:31 - [TEST_STEP][PASSED] - println(iii): null

22-11-2024T02:59:31 - [TEST_STEP][PASSED] - dZO = dZO.substring(0, iii): null

22-11-2024T02:59:31 - [TEST_STEP][PASSED] - println(dZO): null

22-11-2024T02:59:31 - [TEST_STEP][PASSED] - println(PercPlanR): null

22-11-2024T02:59:31 - [TEST_STEP][PASSED] - println(PercPlanB): null

22-11-2024T02:59:31 - [TEST_STEP][PASSED] - println(PercFactR): null

22-11-2024T02:59:31 - [TEST_STEP][PASSED] - println(PercFactB): null

22-11-2024T02:59:31 - [TEST_STEP][PASSED] - println(tabR): null

22-11-2024T02:59:31 - [TEST_STEP][PASSED] - println(tabB): null

22-11-2024T02:59:31 - [TEST_STEP][PASSED] - println(o1R): null

22-11-2024T02:59:31 - [TEST_STEP][PASSED] - println(o1B): null

22-11-2024T02:59:31 - [TEST_STEP][PASSED] - PR = <not implemented yet for class: org.codehaus.groovy.ast.expr.EmptyExpression>: null

22-11-2024T02:59:31 - [TEST_STEP][PASSED] - FR = <not implemented yet for class: org.codehaus.groovy.ast.expr.EmptyExpression>: null

22-11-2024T02:59:31 - [TEST_STEP][PASSED] - PB = <not implemented yet for class: org.codehaus.groovy.ast.expr.EmptyExpression>: null

22-11-2024T02:59:31 - [TEST_STEP][PASSED] - FB = <not implemented yet for class: org.codehaus.groovy.ast.expr.EmptyExpression>: null

22-11-2024T02:59:31 - [TEST_STEP][PASSED] - TR = <not implemented yet for class: org.codehaus.groovy.ast.expr.EmptyExpression>: null

22-11-2024T02:59:31 - [TEST_STEP][PASSED] - TB = <not implemented yet for class: org.codehaus.groovy.ast.expr.EmptyExpression>: null

22-11-2024T02:59:31 - [TEST_STEP][PASSED] - sheetName = "Sheet1": null

22-11-2024T02:59:31 - [TEST_STEP][PASSED] - data = findTestData("PlanFact"): null

22-11-2024T02:59:31 - [TEST_STEP][PASSED] - n = data.getRowNumbers() + 1: null

22-11-2024T02:59:31 - [TEST_STEP][PASSED] - year = todaysDate.substring(todaysDate.length() - 4, todaysDate.length()): null

22-11-2024T02:59:31 - [TEST_STEP][PASSED] - y = year.toInteger(): null

22-11-2024T02:59:31 - [TEST_STEP][PASSED] - m = getText(findTestObject("Выполнение бизнес-плана/Выполнение бизнес-плана Балансы/Фильтр Дата")): Text of object 'Object Repository/Выполнение бизнес-плана/Выполнение бизнес-плана Балансы/Фильтр Дата' is: '1, 2, 3 кв. 2024 года'

22-11-2024T02:59:31 - [MESSAGE][PASSED] - Text of object 'Object Repository/Выполнение бизнес-плана/Выполнение бизнес-плана Балансы/Фильтр Дата' is: '1, 2, 3 кв. 2024 года'

22-11-2024T02:59:31 - [TEST_STEP][PASSED] - m = m.substring(0, m.indexOf("2024")): null

22-11-2024T02:59:31 - [TEST_STEP][PASSED] - m = m.trim(): null

22-11-2024T02:59:31 - [TEST_STEP][PASSED] - dashboardName = "Выполнение бизнес-плана": null

22-11-2024T02:59:31 - [TEST_STEP][PASSED] - workbook01 = getWorkbook(excelFilePath): null

22-11-2024T02:59:31 - [TEST_STEP][PASSED] - sheet01 = getExcelSheet(workbook01, sheetName): null

22-11-2024T02:59:31 - [TEST_STEP][PASSED] - setValueToCellByIndex(sheet01, n, 0, dashboardName): null

22-11-2024T02:59:31 - [TEST_STEP][PASSED] - setValueToCellByIndex(sheet01, n, 1, dZO): null

22-11-2024T02:59:31 - [TEST_STEP][PASSED] - setValueToCellByIndex(sheet01, n, 2, typeOfData): null

22-11-2024T02:59:31 - [TEST_STEP][PASSED] - setValueToCellByIndex(sheet01, n, 3, typeOfData): null

22-11-2024T02:59:31 - [TEST_STEP][PASSED] - if (typeOfData == "План"): null

22-11-2024T02:59:31 - [TEST_STEP][PASSED] - else if (typeOfData == "Факт"): null

22-11-2024T02:59:31 - [TEST_STEP][PASSED] - else if (vidget.contains("электроэнергии") == true): null

22-11-2024T02:59:31 - [TEST_STEP][PASSED] - if (tabR == null): null

22-11-2024T02:59:31 - [TEST_STEP][PASSED] - else: null

22-11-2024T02:59:31 - [TEST_STEP][PASSED] - if (tabR == "нет данных"): null

22-11-2024T02:59:31 - [TEST_STEP][PASSED] - setValueToCellByIndex(sheet01, n, 4, "нет данных"): null

22-11-2024T02:59:31 - [TEST_STEP][PASSED] - if (tabB == null): null

22-11-2024T02:59:31 - [TEST_STEP][PASSED] - else: null

22-11-2024T02:59:31 - [TEST_STEP][PASSED] - if (tabB == "нет данных"): null

22-11-2024T02:59:31 - [TEST_STEP][PASSED] - else: null

22-11-2024T02:59:31 - [TEST_STEP][PASSED] - TB = tabB.toInteger(): null

22-11-2024T02:59:31 - [TEST_STEP][PASSED] - setValueToCellByIndex(sheet01, n, 5, TB): null

22-11-2024T02:59:31 - [TEST_STEP][PASSED] - setValueToCellByIndex(sheet01, n, 6, m): null

22-11-2024T02:59:31 - [TEST_STEP][PASSED] - setValueToCellByIndex(sheet01, n, 7, y): null

22-11-2024T02:59:31 - [TEST_STEP][PASSED] - setValueToCellByIndex(sheet01, n, 8, todaysDate): null

22-11-2024T02:59:31 - [TEST_STEP][PASSED] - n = n + 1: null

22-11-2024T02:59:31 - [TEST_STEP][PASSED] - saveWorkbook(excelFilePath, workbook01): null

22-11-2024T02:59:32 - [TEST_STEP][PASSED] - typeOfData = "Факт Отпуск из сети": null

22-11-2024T02:59:32 - [TEST_STEP][PASSED] - tabR = GetOiSFactR(x = a): null

22-11-2024T02:59:32 - [TEST_STEP][PASSED] - i1 = <not implemented yet for class: org.codehaus.groovy.ast.expr.EmptyExpression>: null

22-11-2024T02:59:32 - [TEST_STEP][PASSED] - ii = <not implemented yet for class: org.codehaus.groovy.ast.expr.EmptyExpression>: null

22-11-2024T02:59:32 - [TEST_STEP][PASSED] - for ([ii = 1, ii < 5, (ii++)]): null

22-11-2024T02:59:32 - [TEST_STEP][PASSED] - i1 = x.indexOf("/") + 1: null

22-11-2024T02:59:32 - [TEST_STEP][PASSED] - if (i1 > -1): null

22-11-2024T02:59:32 - [TEST_STEP][PASSED] - x = x.substring(i1, x.length()): null

22-11-2024T02:59:32 - [TEST_STEP][PASSED] - println(x): null

22-11-2024T02:59:32 - [TEST_STEP][PASSED] - i1 = x.indexOf("/") + 1: null

22-11-2024T02:59:32 - [TEST_STEP][PASSED] - if (i1 > -1): null

22-11-2024T02:59:32 - [TEST_STEP][PASSED] - x = x.substring(i1, x.length()): null

22-11-2024T02:59:32 - [TEST_STEP][PASSED] - println(x): null

22-11-2024T02:59:32 - [TEST_STEP][PASSED] - i1 = x.indexOf("/") + 1: null

22-11-2024T02:59:32 - [TEST_STEP][PASSED] - if (i1 > -1): null

22-11-2024T02:59:32 - [TEST_STEP][PASSED] - x = x.substring(i1, x.length()): null

22-11-2024T02:59:32 - [TEST_STEP][PASSED] - println(x): null

22-11-2024T02:59:32 - [TEST_STEP][PASSED] - i1 = x.indexOf("/") + 1: null

22-11-2024T02:59:32 - [TEST_STEP][PASSED] - if (i1 > -1): null

22-11-2024T02:59:32 - [TEST_STEP][PASSED] - x = x.substring(i1, x.length()): null

22-11-2024T02:59:32 - [TEST_STEP][PASSED] - println(x): null

22-11-2024T02:59:32 - [TEST_STEP][PASSED] - i1 = x.indexOf("/"): null

22-11-2024T02:59:32 - [TEST_STEP][PASSED] - if (i1 > -1): null

22-11-2024T02:59:32 - [TEST_STEP][PASSED] - x = x.substring(0, i1): null

22-11-2024T02:59:32 - [TEST_STEP][PASSED] - println(x): null

22-11-2024T02:59:32 - [TEST_STEP][PASSED] - return x: null

22-11-2024T02:59:32 - [TEST_STEP][PASSED] - tabB = GetOiSFactB(x = b): null

22-11-2024T02:59:32 - [TEST_STEP][PASSED] - i1 = <not implemented yet for class: org.codehaus.groovy.ast.expr.EmptyExpression>: null

22-11-2024T02:59:32 - [TEST_STEP][PASSED] - ii = <not implemented yet for class: org.codehaus.groovy.ast.expr.EmptyExpression>: null

22-11-2024T02:59:32 - [TEST_STEP][PASSED] - for ([ii = 1, ii < 5, (ii++)]): null

22-11-2024T02:59:32 - [TEST_STEP][PASSED] - i1 = x.indexOf("/") + 1: null

22-11-2024T02:59:32 - [TEST_STEP][PASSED] - if (i1 > -1): null

22-11-2024T02:59:32 - [TEST_STEP][PASSED] - x = x.substring(i1, x.length()): null

22-11-2024T02:59:32 - [TEST_STEP][PASSED] - println(x): null

22-11-2024T02:59:32 - [TEST_STEP][PASSED] - i1 = x.indexOf("/") + 1: null

22-11-2024T02:59:32 - [TEST_STEP][PASSED] - if (i1 > -1): null

22-11-2024T02:59:32 - [TEST_STEP][PASSED] - x = x.substring(i1, x.length()): null

22-11-2024T02:59:32 - [TEST_STEP][PASSED] - println(x): null

22-11-2024T02:59:32 - [TEST_STEP][PASSED] - i1 = x.indexOf("/") + 1: null

22-11-2024T02:59:32 - [TEST_STEP][PASSED] - if (i1 > -1): null

22-11-2024T02:59:32 - [TEST_STEP][PASSED] - x = x.substring(i1, x.length()): null

22-11-2024T02:59:32 - [TEST_STEP][PASSED] - println(x): null

22-11-2024T02:59:32 - [TEST_STEP][PASSED] - i1 = x.indexOf("/") + 1: null

22-11-2024T02:59:32 - [TEST_STEP][PASSED] - if (i1 > -1): null

22-11-2024T02:59:32 - [TEST_STEP][PASSED] - x = x.substring(i1, x.length()): null

22-11-2024T02:59:32 - [TEST_STEP][PASSED] - println(x): null

22-11-2024T02:59:32 - [TEST_STEP][PASSED] - i1 = x.indexOf("/"): null

22-11-2024T02:59:32 - [TEST_STEP][PASSED] - if (i1 > -1): null

22-11-2024T02:59:32 - [TEST_STEP][PASSED] - x = x.substring(0, i1): null

22-11-2024T02:59:32 - [TEST_STEP][PASSED] - println(x): null

22-11-2024T02:59:32 - [TEST_STEP][FAILED] - return x: null

22-11-2024T02:59:32 - [TEST_STEP][FAILED] - if (verifyEqual(tabR, tabB) == false): null

22-11-2024T02:59:32 - [MESSAGE][FAILED] - Unable to verify equal between actual object 'нет данных' and expected object '18505161' (Root cause: com.kms.katalon.core.exception.StepFailedException: Actual object 'нет данных' and expected object '18505161' are not equal
	at com.kms.katalon.core.keyword.builtin.VerifyEqualKeyword$_verifyEqual_closure1.doCall(VerifyEqualKeyword.groovy:58)
	at com.kms.katalon.core.keyword.builtin.VerifyEqualKeyword$_verifyEqual_closure1.call(VerifyEqualKeyword.groovy)
	at com.kms.katalon.core.keyword.internal.KeywordMain.runKeyword(KeywordMain.groovy:75)
	at com.kms.katalon.core.keyword.builtin.VerifyEqualKeyword.verifyEqual(VerifyEqualKeyword.groovy:63)
	at com.kms.katalon.core.keyword.builtin.VerifyEqualKeyword.execute(VerifyEqualKeyword.groovy:44)
	at com.kms.katalon.core.keyword.internal.KeywordExecutor.executeKeywordForPlatform(KeywordExecutor.groovy:74)
	at com.kms.katalon.core.keyword.BuiltinKeywords.verifyEqual(BuiltinKeywords.groovy:146)
	at jdk.internal.reflect.GeneratedMethodAccessor25.invoke(Unknown Source)
	at java.base/jdk.internal.reflect.DelegatingMethodAccessorImpl.invoke(DelegatingMethodAccessorImpl.java:43)
	at Выполнение бизнес-плана сверка дашбордов.CompareDZOData(Выполнение бизнес-плана сверка дашбордов:717)
	at Выполнение бизнес-плана сверка дашбордов.run(Выполнение бизнес-плана сверка дашбордов:658)
	at com.kms.katalon.core.main.ScriptEngine.run(ScriptEngine.java:194)
	at com.kms.katalon.core.main.ScriptEngine.runScriptAsRawText(ScriptEngine.java:119)
	at com.kms.katalon.core.main.TestCaseExecutor.runScript(TestCaseExecutor.java:448)
	at com.kms.katalon.core.main.TestCaseExecutor.doExecute(TestCaseExecutor.java:439)
	at com.kms.katalon.core.main.TestCaseExecutor.processExecutionPhase(TestCaseExecutor.java:418)
	at com.kms.katalon.core.main.TestCaseExecutor.accessMainPhase(TestCaseExecutor.java:410)
	at com.kms.katalon.core.main.TestCaseExecutor.execute(TestCaseExecutor.java:285)
	at com.kms.katalon.core.common.CommonExecutor.accessTestCaseMainPhase(CommonExecutor.java:65)
	at com.kms.katalon.core.main.TestSuiteExecutor.accessTestSuiteMainPhase(TestSuiteExecutor.java:150)
	at com.kms.katalon.core.main.TestSuiteExecutor.execute(TestSuiteExecutor.java:106)
	at com.kms.katalon.core.main.TestCaseMain.startTestSuite(TestCaseMain.java:180)
	at TempTestSuite1732232929817.run(TempTestSuite1732232929817.groovy:35)
	at java.base/jdk.internal.reflect.NativeMethodAccessorImpl.invoke0(Native Method)
	at java.base/jdk.internal.reflect.NativeMethodAccessorImpl.invoke(NativeMethodAccessorImpl.java:77)
	at java.base/jdk.internal.reflect.DelegatingMethodAccessorImpl.invoke(DelegatingMethodAccessorImpl.java:43)
)

22-11-2024T02:59:32 - [TEST_STEP][PASSED] - result = WriteToExcel(typeOfData, todaysDate, PercPlanR, PercPlanB, PercFactR, PercFactB, x, tabR, tabB, o1R, o1B, vidget): null

22-11-2024T02:59:32 - [TEST_STEP][PASSED] - iii = dZO.indexOf("/"): null

22-11-2024T02:59:32 - [TEST_STEP][PASSED] - println(iii): null

22-11-2024T02:59:32 - [TEST_STEP][PASSED] - dZO = dZO.substring(0, iii): null

22-11-2024T02:59:32 - [TEST_STEP][PASSED] - println(dZO): null

22-11-2024T02:59:32 - [TEST_STEP][PASSED] - println(PercPlanR): null

22-11-2024T02:59:32 - [TEST_STEP][PASSED] - println(PercPlanB): null

22-11-2024T02:59:32 - [TEST_STEP][PASSED] - println(PercFactR): null

22-11-2024T02:59:32 - [TEST_STEP][PASSED] - println(PercFactB): null

22-11-2024T02:59:32 - [TEST_STEP][PASSED] - println(tabR): null

22-11-2024T02:59:32 - [TEST_STEP][PASSED] - println(tabB): null

22-11-2024T02:59:32 - [TEST_STEP][PASSED] - println(o1R): null

22-11-2024T02:59:32 - [TEST_STEP][PASSED] - println(o1B): null

22-11-2024T02:59:32 - [TEST_STEP][PASSED] - PR = <not implemented yet for class: org.codehaus.groovy.ast.expr.EmptyExpression>: null

22-11-2024T02:59:32 - [TEST_STEP][PASSED] - FR = <not implemented yet for class: org.codehaus.groovy.ast.expr.EmptyExpression>: null

22-11-2024T02:59:32 - [TEST_STEP][PASSED] - PB = <not implemented yet for class: org.codehaus.groovy.ast.expr.EmptyExpression>: null

22-11-2024T02:59:32 - [TEST_STEP][PASSED] - FB = <not implemented yet for class: org.codehaus.groovy.ast.expr.EmptyExpression>: null

22-11-2024T02:59:32 - [TEST_STEP][PASSED] - TR = <not implemented yet for class: org.codehaus.groovy.ast.expr.EmptyExpression>: null

22-11-2024T02:59:32 - [TEST_STEP][PASSED] - TB = <not implemented yet for class: org.codehaus.groovy.ast.expr.EmptyExpression>: null

22-11-2024T02:59:32 - [TEST_STEP][PASSED] - sheetName = "Sheet1": null

22-11-2024T02:59:32 - [TEST_STEP][PASSED] - data = findTestData("PlanFact"): null

22-11-2024T02:59:32 - [TEST_STEP][PASSED] - n = data.getRowNumbers() + 1: null

22-11-2024T02:59:32 - [TEST_STEP][PASSED] - year = todaysDate.substring(todaysDate.length() - 4, todaysDate.length()): null

22-11-2024T02:59:32 - [TEST_STEP][PASSED] - y = year.toInteger(): null

22-11-2024T02:59:32 - [TEST_STEP][PASSED] - m = getText(findTestObject("Выполнение бизнес-плана/Выполнение бизнес-плана Балансы/Фильтр Дата")): Text of object 'Object Repository/Выполнение бизнес-плана/Выполнение бизнес-плана Балансы/Фильтр Дата' is: '1, 2, 3 кв. 2024 года'

22-11-2024T02:59:32 - [MESSAGE][PASSED] - Text of object 'Object Repository/Выполнение бизнес-плана/Выполнение бизнес-плана Балансы/Фильтр Дата' is: '1, 2, 3 кв. 2024 года'

22-11-2024T02:59:32 - [TEST_STEP][PASSED] - m = m.substring(0, m.indexOf("2024")): null

22-11-2024T02:59:32 - [TEST_STEP][PASSED] - m = m.trim(): null

22-11-2024T02:59:32 - [TEST_STEP][PASSED] - dashboardName = "Выполнение бизнес-плана": null

22-11-2024T02:59:32 - [TEST_STEP][PASSED] - workbook01 = getWorkbook(excelFilePath): null

22-11-2024T02:59:32 - [TEST_STEP][PASSED] - sheet01 = getExcelSheet(workbook01, sheetName): null

22-11-2024T02:59:32 - [TEST_STEP][PASSED] - setValueToCellByIndex(sheet01, n, 0, dashboardName): null

22-11-2024T02:59:32 - [TEST_STEP][PASSED] - setValueToCellByIndex(sheet01, n, 1, dZO): null

22-11-2024T02:59:32 - [TEST_STEP][PASSED] - setValueToCellByIndex(sheet01, n, 2, typeOfData): null

22-11-2024T02:59:32 - [TEST_STEP][PASSED] - setValueToCellByIndex(sheet01, n, 3, typeOfData): null

22-11-2024T02:59:32 - [TEST_STEP][PASSED] - if (typeOfData == "План"): null

22-11-2024T02:59:32 - [TEST_STEP][PASSED] - else if (typeOfData == "Факт"): null

22-11-2024T02:59:32 - [TEST_STEP][PASSED] - else if (vidget.contains("электроэнергии") == true): null

22-11-2024T02:59:32 - [TEST_STEP][PASSED] - if (tabR == null): null

22-11-2024T02:59:32 - [TEST_STEP][PASSED] - else: null

22-11-2024T02:59:32 - [TEST_STEP][PASSED] - if (tabR == "нет данных"): null

22-11-2024T02:59:32 - [TEST_STEP][PASSED] - setValueToCellByIndex(sheet01, n, 4, "нет данных"): null

22-11-2024T02:59:32 - [TEST_STEP][PASSED] - if (tabB == null): null

22-11-2024T02:59:32 - [TEST_STEP][PASSED] - else: null

22-11-2024T02:59:32 - [TEST_STEP][PASSED] - if (tabB == "нет данных"): null

22-11-2024T02:59:32 - [TEST_STEP][PASSED] - else: null

22-11-2024T02:59:32 - [TEST_STEP][PASSED] - TB = tabB.toInteger(): null

22-11-2024T02:59:32 - [TEST_STEP][PASSED] - setValueToCellByIndex(sheet01, n, 5, TB): null

22-11-2024T02:59:32 - [TEST_STEP][PASSED] - setValueToCellByIndex(sheet01, n, 6, m): null

22-11-2024T02:59:32 - [TEST_STEP][PASSED] - setValueToCellByIndex(sheet01, n, 7, y): null

22-11-2024T02:59:32 - [TEST_STEP][PASSED] - setValueToCellByIndex(sheet01, n, 8, todaysDate): null

22-11-2024T02:59:32 - [TEST_STEP][PASSED] - n = n + 1: null

22-11-2024T02:59:32 - [TEST_STEP][PASSED] - saveWorkbook(excelFilePath, workbook01): null

22-11-2024T02:59:32 - [TEST_STEP][PASSED] - typeOfData = "Факт Потери": null

22-11-2024T02:59:32 - [TEST_STEP][PASSED] - tabR = GetPFactR(x = a): null

22-11-2024T02:59:32 - [TEST_STEP][PASSED] - i1 = <not implemented yet for class: org.codehaus.groovy.ast.expr.EmptyExpression>: null

22-11-2024T02:59:32 - [TEST_STEP][PASSED] - ii = <not implemented yet for class: org.codehaus.groovy.ast.expr.EmptyExpression>: null

22-11-2024T02:59:32 - [TEST_STEP][PASSED] - for ([ii = 1, ii < 6, (ii++)]): null

22-11-2024T02:59:32 - [TEST_STEP][PASSED] - i1 = x.indexOf("/") + 1: null

22-11-2024T02:59:32 - [TEST_STEP][PASSED] - if (i1 > -1): null

22-11-2024T02:59:32 - [TEST_STEP][PASSED] - x = x.substring(i1, x.length()): null

22-11-2024T02:59:32 - [TEST_STEP][PASSED] - println(x): null

22-11-2024T02:59:32 - [TEST_STEP][PASSED] - i1 = x.indexOf("/") + 1: null

22-11-2024T02:59:32 - [TEST_STEP][PASSED] - if (i1 > -1): null

22-11-2024T02:59:32 - [TEST_STEP][PASSED] - x = x.substring(i1, x.length()): null

22-11-2024T02:59:32 - [TEST_STEP][PASSED] - println(x): null

22-11-2024T02:59:32 - [TEST_STEP][PASSED] - i1 = x.indexOf("/") + 1: null

22-11-2024T02:59:32 - [TEST_STEP][PASSED] - if (i1 > -1): null

22-11-2024T02:59:32 - [TEST_STEP][PASSED] - x = x.substring(i1, x.length()): null

22-11-2024T02:59:32 - [TEST_STEP][PASSED] - println(x): null

22-11-2024T02:59:32 - [TEST_STEP][PASSED] - i1 = x.indexOf("/") + 1: null

22-11-2024T03:00:39 - [TEST_STEP][PASSED] - if (i1 > -1): null

22-11-2024T03:00:39 - [TEST_STEP][PASSED] - x = x.substring(i1, x.length()): null

22-11-2024T03:00:39 - [TEST_STEP][PASSED] - println(x): null

22-11-2024T03:00:39 - [TEST_STEP][PASSED] - i1 = x.indexOf("/") + 1: null

22-11-2024T03:00:39 - [TEST_STEP][PASSED] - if (i1 > -1): null

22-11-2024T03:00:39 - [TEST_STEP][PASSED] - x = x.substring(i1, x.length()): null

22-11-2024T03:00:39 - [TEST_STEP][PASSED] - println(x): null

22-11-2024T03:00:39 - [TEST_STEP][PASSED] - i1 = x.indexOf("/"): null

22-11-2024T03:00:39 - [TEST_STEP][PASSED] - if (i1 > -1): null

22-11-2024T03:00:39 - [TEST_STEP][PASSED] - x = x.substring(0, i1): null

22-11-2024T03:00:39 - [TEST_STEP][PASSED] - println(x): null

22-11-2024T03:00:39 - [TEST_STEP][PASSED] - return x: null

22-11-2024T03:00:39 - [TEST_STEP][PASSED] - tabB = GetPFactB(x = b): null

22-11-2024T03:00:39 - [TEST_STEP][PASSED] - i1 = <not implemented yet for class: org.codehaus.groovy.ast.expr.EmptyExpression>: null

22-11-2024T03:00:39 - [TEST_STEP][PASSED] - ii = <not implemented yet for class: org.codehaus.groovy.ast.expr.EmptyExpression>: null

22-11-2024T03:00:39 - [TEST_STEP][PASSED] - for ([ii = 1, ii < 6, (ii++)]): null

22-11-2024T03:00:39 - [TEST_STEP][PASSED] - i1 = x.indexOf("/") + 1: null

22-11-2024T03:00:39 - [TEST_STEP][PASSED] - if (i1 > -1): null

22-11-2024T03:00:39 - [TEST_STEP][PASSED] - x = x.substring(i1, x.length()): null

22-11-2024T03:00:39 - [TEST_STEP][PASSED] - println(x): null

22-11-2024T03:00:39 - [TEST_STEP][PASSED] - i1 = x.indexOf("/") + 1: null

22-11-2024T03:00:39 - [TEST_STEP][PASSED] - if (i1 > -1): null

22-11-2024T03:00:39 - [TEST_STEP][PASSED] - x = x.substring(i1, x.length()): null

22-11-2024T03:00:39 - [TEST_STEP][PASSED] - println(x): null

22-11-2024T03:00:39 - [TEST_STEP][PASSED] - i1 = x.indexOf("/") + 1: null

22-11-2024T03:00:39 - [TEST_STEP][PASSED] - if (i1 > -1): null

22-11-2024T03:00:39 - [TEST_STEP][PASSED] - x = x.substring(i1, x.length()): null

22-11-2024T03:00:39 - [TEST_STEP][PASSED] - println(x): null

22-11-2024T03:00:39 - [TEST_STEP][PASSED] - i1 = x.indexOf("/") + 1: null

22-11-2024T03:00:39 - [TEST_STEP][PASSED] - if (i1 > -1): null

22-11-2024T03:00:39 - [TEST_STEP][PASSED] - x = x.substring(i1, x.length()): null

22-11-2024T03:00:39 - [TEST_STEP][PASSED] - println(x): null

22-11-2024T03:00:39 - [TEST_STEP][PASSED] - i1 = x.indexOf("/") + 1: null

22-11-2024T03:00:39 - [TEST_STEP][PASSED] - if (i1 > -1): null

22-11-2024T03:00:39 - [TEST_STEP][PASSED] - x = x.substring(i1, x.length()): null

22-11-2024T03:00:39 - [TEST_STEP][PASSED] - println(x): null

22-11-2024T03:00:40 - [TEST_STEP][PASSED] - i1 = x.indexOf("/"): null

22-11-2024T03:00:40 - [TEST_STEP][PASSED] - if (i1 > -1): null

22-11-2024T03:00:40 - [TEST_STEP][PASSED] - x = x.substring(0, i1): null

22-11-2024T03:00:40 - [TEST_STEP][PASSED] - println(x): null

22-11-2024T03:00:40 - [TEST_STEP][FAILED] - return x: null

22-11-2024T03:00:40 - [TEST_STEP][PASSED] - println(tabR + "/" + tabB): null

22-11-2024T03:00:40 - [TEST_STEP][FAILED] - if (verifyEqual(tabR, tabB) == false): null

22-11-2024T03:00:40 - [MESSAGE][FAILED] - Unable to verify equal between actual object 'нет данных' and expected object '1804367' (Root cause: com.kms.katalon.core.exception.StepFailedException: Actual object 'нет данных' and expected object '1804367' are not equal
	at com.kms.katalon.core.keyword.builtin.VerifyEqualKeyword$_verifyEqual_closure1.doCall(VerifyEqualKeyword.groovy:58)
	at com.kms.katalon.core.keyword.builtin.VerifyEqualKeyword$_verifyEqual_closure1.call(VerifyEqualKeyword.groovy)
	at com.kms.katalon.core.keyword.internal.KeywordMain.runKeyword(KeywordMain.groovy:75)
	at com.kms.katalon.core.keyword.builtin.VerifyEqualKeyword.verifyEqual(VerifyEqualKeyword.groovy:63)
	at com.kms.katalon.core.keyword.builtin.VerifyEqualKeyword.execute(VerifyEqualKeyword.groovy:44)
	at com.kms.katalon.core.keyword.internal.KeywordExecutor.executeKeywordForPlatform(KeywordExecutor.groovy:74)
	at com.kms.katalon.core.keyword.BuiltinKeywords.verifyEqual(BuiltinKeywords.groovy:146)
	at jdk.internal.reflect.GeneratedMethodAccessor25.invoke(Unknown Source)
	at java.base/jdk.internal.reflect.DelegatingMethodAccessorImpl.invoke(DelegatingMethodAccessorImpl.java:43)
	at Выполнение бизнес-плана сверка дашбордов.CompareDZOData(Выполнение бизнес-плана сверка дашбордов:730)
	at Выполнение бизнес-плана сверка дашбордов.run(Выполнение бизнес-плана сверка дашбордов:658)
	at com.kms.katalon.core.main.ScriptEngine.run(ScriptEngine.java:194)
	at com.kms.katalon.core.main.ScriptEngine.runScriptAsRawText(ScriptEngine.java:119)
	at com.kms.katalon.core.main.TestCaseExecutor.runScript(TestCaseExecutor.java:448)
	at com.kms.katalon.core.main.TestCaseExecutor.doExecute(TestCaseExecutor.java:439)
	at com.kms.katalon.core.main.TestCaseExecutor.processExecutionPhase(TestCaseExecutor.java:418)
	at com.kms.katalon.core.main.TestCaseExecutor.accessMainPhase(TestCaseExecutor.java:410)
	at com.kms.katalon.core.main.TestCaseExecutor.execute(TestCaseExecutor.java:285)
	at com.kms.katalon.core.common.CommonExecutor.accessTestCaseMainPhase(CommonExecutor.java:65)
	at com.kms.katalon.core.main.TestSuiteExecutor.accessTestSuiteMainPhase(TestSuiteExecutor.java:150)
	at com.kms.katalon.core.main.TestSuiteExecutor.execute(TestSuiteExecutor.java:106)
	at com.kms.katalon.core.main.TestCaseMain.startTestSuite(TestCaseMain.java:180)
	at TempTestSuite1732232929817.run(TempTestSuite1732232929817.groovy:35)
	at java.base/jdk.internal.reflect.NativeMethodAccessorImpl.invoke0(Native Method)
	at java.base/jdk.internal.reflect.NativeMethodAccessorImpl.invoke(NativeMethodAccessorImpl.java:77)
	at java.base/jdk.internal.reflect.DelegatingMethodAccessorImpl.invoke(DelegatingMethodAccessorImpl.java:43)
)

22-11-2024T03:00:40 - [TEST_STEP][PASSED] - result = WriteToExcel(typeOfData, todaysDate, PercPlanR, PercPlanB, PercFactR, PercFactB, x, tabR, tabB, o1R, o1B, vidget): null

22-11-2024T03:00:40 - [TEST_STEP][PASSED] - iii = dZO.indexOf("/"): null

22-11-2024T03:00:40 - [TEST_STEP][PASSED] - println(iii): null

22-11-2024T03:00:40 - [TEST_STEP][PASSED] - dZO = dZO.substring(0, iii): null

22-11-2024T03:00:40 - [TEST_STEP][PASSED] - println(dZO): null

22-11-2024T03:00:40 - [TEST_STEP][PASSED] - println(PercPlanR): null

22-11-2024T03:00:40 - [TEST_STEP][PASSED] - println(PercPlanB): null

22-11-2024T03:00:40 - [TEST_STEP][PASSED] - println(PercFactR): null

22-11-2024T03:00:40 - [TEST_STEP][PASSED] - println(PercFactB): null

22-11-2024T03:00:40 - [TEST_STEP][PASSED] - println(tabR): null

22-11-2024T03:00:40 - [TEST_STEP][PASSED] - println(tabB): null

22-11-2024T03:00:40 - [TEST_STEP][PASSED] - println(o1R): null

22-11-2024T03:00:40 - [TEST_STEP][PASSED] - println(o1B): null

22-11-2024T03:00:40 - [TEST_STEP][PASSED] - PR = <not implemented yet for class: org.codehaus.groovy.ast.expr.EmptyExpression>: null

22-11-2024T03:00:40 - [TEST_STEP][PASSED] - FR = <not implemented yet for class: org.codehaus.groovy.ast.expr.EmptyExpression>: null

22-11-2024T03:00:40 - [TEST_STEP][PASSED] - PB = <not implemented yet for class: org.codehaus.groovy.ast.expr.EmptyExpression>: null

22-11-2024T03:00:40 - [TEST_STEP][PASSED] - FB = <not implemented yet for class: org.codehaus.groovy.ast.expr.EmptyExpression>: null

22-11-2024T03:00:40 - [TEST_STEP][PASSED] - TR = <not implemented yet for class: org.codehaus.groovy.ast.expr.EmptyExpression>: null

22-11-2024T03:00:40 - [TEST_STEP][PASSED] - TB = <not implemented yet for class: org.codehaus.groovy.ast.expr.EmptyExpression>: null

22-11-2024T03:00:40 - [TEST_STEP][PASSED] - sheetName = "Sheet1": null

22-11-2024T03:00:40 - [TEST_STEP][PASSED] - data = findTestData("PlanFact"): null

22-11-2024T03:00:40 - [TEST_STEP][PASSED] - n = data.getRowNumbers() + 1: null

22-11-2024T03:00:40 - [TEST_STEP][PASSED] - year = todaysDate.substring(todaysDate.length() - 4, todaysDate.length()): null

22-11-2024T03:00:40 - [TEST_STEP][PASSED] - y = year.toInteger(): null

22-11-2024T03:00:40 - [TEST_STEP][PASSED] - m = getText(findTestObject("Выполнение бизнес-плана/Выполнение бизнес-плана Балансы/Фильтр Дата")): Text of object 'Object Repository/Выполнение бизнес-плана/Выполнение бизнес-плана Балансы/Фильтр Дата' is: '1, 2, 3 кв. 2024 года'

22-11-2024T03:00:40 - [MESSAGE][PASSED] - Text of object 'Object Repository/Выполнение бизнес-плана/Выполнение бизнес-плана Балансы/Фильтр Дата' is: '1, 2, 3 кв. 2024 года'

22-11-2024T03:00:40 - [TEST_STEP][PASSED] - m = m.substring(0, m.indexOf("2024")): null

22-11-2024T03:00:40 - [TEST_STEP][PASSED] - m = m.trim(): null

22-11-2024T03:00:40 - [TEST_STEP][PASSED] - dashboardName = "Выполнение бизнес-плана": null

22-11-2024T03:00:40 - [TEST_STEP][PASSED] - workbook01 = getWorkbook(excelFilePath): null

22-11-2024T03:00:40 - [TEST_STEP][PASSED] - sheet01 = getExcelSheet(workbook01, sheetName): null

22-11-2024T03:00:40 - [TEST_STEP][PASSED] - setValueToCellByIndex(sheet01, n, 0, dashboardName): null

22-11-2024T03:00:40 - [TEST_STEP][PASSED] - setValueToCellByIndex(sheet01, n, 1, dZO): null

22-11-2024T03:00:40 - [TEST_STEP][PASSED] - setValueToCellByIndex(sheet01, n, 2, typeOfData): null

22-11-2024T03:00:40 - [TEST_STEP][PASSED] - setValueToCellByIndex(sheet01, n, 3, typeOfData): null

22-11-2024T03:00:40 - [TEST_STEP][PASSED] - if (typeOfData == "План"): null

22-11-2024T03:00:40 - [TEST_STEP][PASSED] - else if (typeOfData == "Факт"): null

22-11-2024T03:00:40 - [TEST_STEP][PASSED] - else if (vidget.contains("электроэнергии") == true): null

22-11-2024T03:00:40 - [TEST_STEP][PASSED] - if (tabR == null): null

22-11-2024T03:00:40 - [TEST_STEP][PASSED] - else: null

22-11-2024T03:00:40 - [TEST_STEP][PASSED] - if (tabR == "нет данных"): null

22-11-2024T03:00:40 - [TEST_STEP][PASSED] - setValueToCellByIndex(sheet01, n, 4, "нет данных"): null

22-11-2024T03:00:40 - [TEST_STEP][PASSED] - if (tabB == null): null

22-11-2024T03:00:40 - [TEST_STEP][PASSED] - else: null

22-11-2024T03:00:40 - [TEST_STEP][PASSED] - if (tabB == "нет данных"): null

22-11-2024T03:00:40 - [TEST_STEP][PASSED] - else: null

22-11-2024T03:00:40 - [TEST_STEP][PASSED] - TB = tabB.toInteger(): null

22-11-2024T03:00:40 - [TEST_STEP][PASSED] - setValueToCellByIndex(sheet01, n, 5, TB): null

22-11-2024T03:00:40 - [TEST_STEP][PASSED] - setValueToCellByIndex(sheet01, n, 6, m): null

22-11-2024T03:00:40 - [TEST_STEP][PASSED] - setValueToCellByIndex(sheet01, n, 7, y): null

22-11-2024T03:00:40 - [TEST_STEP][PASSED] - setValueToCellByIndex(sheet01, n, 8, todaysDate): null

22-11-2024T03:00:40 - [TEST_STEP][PASSED] - n = n + 1: null

22-11-2024T03:00:40 - [TEST_STEP][PASSED] - saveWorkbook(excelFilePath, workbook01): null

22-11-2024T03:00:40 - [TEST_STEP][PASSED] - vidget = "Показатели баланса электроэнергии по ДЗО – План": null

22-11-2024T03:00:40 - [TEST_STEP][PASSED] - typeOfData = "План Отпуск в сеть": null

22-11-2024T03:00:40 - [TEST_STEP][PASSED] - tabR = GetOvSPlanR(x = a): null

22-11-2024T03:00:40 - [TEST_STEP][PASSED] - i1 = <not implemented yet for class: org.codehaus.groovy.ast.expr.EmptyExpression>: null

22-11-2024T03:00:40 - [TEST_STEP][PASSED] - ii = <not implemented yet for class: org.codehaus.groovy.ast.expr.EmptyExpression>: null

22-11-2024T03:00:40 - [TEST_STEP][PASSED] - for ([ii = 1, ii < 7, (ii++)]): null

22-11-2024T03:00:40 - [TEST_STEP][PASSED] - i1 = x.indexOf("/") + 1: null

22-11-2024T03:00:40 - [TEST_STEP][PASSED] - if (i1 > -1): null

22-11-2024T03:00:40 - [TEST_STEP][PASSED] - x = x.substring(i1, x.length()): null

22-11-2024T03:00:40 - [TEST_STEP][PASSED] - println(x): null

22-11-2024T03:00:40 - [TEST_STEP][PASSED] - i1 = x.indexOf("/") + 1: null

22-11-2024T03:00:40 - [TEST_STEP][PASSED] - if (i1 > -1): null

22-11-2024T03:00:40 - [TEST_STEP][PASSED] - x = x.substring(i1, x.length()): null

22-11-2024T03:00:40 - [TEST_STEP][PASSED] - println(x): null

22-11-2024T03:00:40 - [TEST_STEP][PASSED] - i1 = x.indexOf("/") + 1: null

22-11-2024T03:00:40 - [TEST_STEP][PASSED] - if (i1 > -1): null

22-11-2024T03:00:40 - [TEST_STEP][PASSED] - x = x.substring(i1, x.length()): null

22-11-2024T03:00:40 - [TEST_STEP][PASSED] - println(x): null

22-11-2024T03:00:40 - [TEST_STEP][PASSED] - i1 = x.indexOf("/") + 1: null

22-11-2024T03:00:40 - [TEST_STEP][PASSED] - if (i1 > -1): null

22-11-2024T03:00:40 - [TEST_STEP][PASSED] - x = x.substring(i1, x.length()): null

22-11-2024T03:00:40 - [TEST_STEP][PASSED] - println(x): null

22-11-2024T03:00:40 - [TEST_STEP][PASSED] - i1 = x.indexOf("/") + 1: null

22-11-2024T03:00:40 - [TEST_STEP][PASSED] - if (i1 > -1): null

22-11-2024T03:00:40 - [TEST_STEP][PASSED] - x = x.substring(i1, x.length()): null

22-11-2024T03:00:40 - [TEST_STEP][PASSED] - println(x): null

22-11-2024T03:00:40 - [TEST_STEP][PASSED] - i1 = x.indexOf("/") + 1: null

22-11-2024T03:00:40 - [TEST_STEP][PASSED] - if (i1 > -1): null

22-11-2024T03:00:40 - [TEST_STEP][PASSED] - x = x.substring(i1, x.length()): null

22-11-2024T03:00:40 - [TEST_STEP][PASSED] - println(x): null

22-11-2024T03:00:40 - [TEST_STEP][PASSED] - i1 = x.indexOf("/"): null

22-11-2024T03:00:40 - [TEST_STEP][PASSED] - if (i1 > -1): null

22-11-2024T03:00:40 - [TEST_STEP][PASSED] - x = x.substring(0, i1): null

22-11-2024T03:00:40 - [TEST_STEP][PASSED] - println(x): null

22-11-2024T03:00:40 - [TEST_STEP][PASSED] - return x: null

22-11-2024T03:00:40 - [TEST_STEP][PASSED] - tabB = GetOvSPlanB(x = b): null

22-11-2024T03:00:40 - [TEST_STEP][PASSED] - i1 = <not implemented yet for class: org.codehaus.groovy.ast.expr.EmptyExpression>: null

22-11-2024T03:00:40 - [TEST_STEP][PASSED] - ii = <not implemented yet for class: org.codehaus.groovy.ast.expr.EmptyExpression>: null

22-11-2024T03:00:40 - [TEST_STEP][PASSED] - for ([ii = 1, ii < 7, (ii++)]): null

22-11-2024T03:00:40 - [TEST_STEP][PASSED] - i1 = x.indexOf("/") + 1: null

22-11-2024T03:00:40 - [TEST_STEP][PASSED] - if (i1 > -1): null

22-11-2024T03:00:40 - [TEST_STEP][PASSED] - x = x.substring(i1, x.length()): null

22-11-2024T03:00:40 - [TEST_STEP][PASSED] - println(x): null

22-11-2024T03:00:40 - [TEST_STEP][PASSED] - i1 = x.indexOf("/") + 1: null

22-11-2024T03:00:40 - [TEST_STEP][PASSED] - if (i1 > -1): null

22-11-2024T03:00:40 - [TEST_STEP][PASSED] - x = x.substring(i1, x.length()): null

22-11-2024T03:00:40 - [TEST_STEP][PASSED] - println(x): null

22-11-2024T03:00:40 - [TEST_STEP][PASSED] - i1 = x.indexOf("/") + 1: null

22-11-2024T03:00:40 - [TEST_STEP][PASSED] - if (i1 > -1): null

22-11-2024T03:00:40 - [TEST_STEP][PASSED] - x = x.substring(i1, x.length()): null

22-11-2024T03:00:40 - [TEST_STEP][PASSED] - println(x): null

22-11-2024T03:00:40 - [TEST_STEP][PASSED] - i1 = x.indexOf("/") + 1: null

22-11-2024T03:00:40 - [TEST_STEP][PASSED] - if (i1 > -1): null

22-11-2024T03:00:40 - [TEST_STEP][PASSED] - x = x.substring(i1, x.length()): null

22-11-2024T03:00:40 - [TEST_STEP][PASSED] - println(x): null

22-11-2024T03:00:40 - [TEST_STEP][PASSED] - i1 = x.indexOf("/") + 1: null

22-11-2024T03:00:40 - [TEST_STEP][PASSED] - if (i1 > -1): null

22-11-2024T03:00:40 - [TEST_STEP][PASSED] - x = x.substring(i1, x.length()): null

22-11-2024T03:00:40 - [TEST_STEP][PASSED] - println(x): null

22-11-2024T03:00:40 - [TEST_STEP][PASSED] - i1 = x.indexOf("/") + 1: null

22-11-2024T03:00:40 - [TEST_STEP][PASSED] - if (i1 > -1): null

22-11-2024T03:00:40 - [TEST_STEP][PASSED] - x = x.substring(i1, x.length()): null

22-11-2024T03:00:40 - [TEST_STEP][PASSED] - println(x): null

22-11-2024T03:00:40 - [TEST_STEP][PASSED] - i1 = x.indexOf("/"): null

22-11-2024T03:00:40 - [TEST_STEP][PASSED] - if (i1 > -1): null

22-11-2024T03:00:40 - [TEST_STEP][PASSED] - x = x.substring(0, i1): null

22-11-2024T03:00:40 - [TEST_STEP][PASSED] - println(x): null

22-11-2024T03:00:40 - [TEST_STEP][FAILED] - return x: null

22-11-2024T03:00:40 - [TEST_STEP][PASSED] - println(tabR + "/" + tabB): null

22-11-2024T03:00:40 - [TEST_STEP][FAILED] - if (verifyEqual(PercFactR, PercFactB) == false): null

22-11-2024T03:00:40 - [MESSAGE][FAILED] - Unable to verify equal between actual object 'нет данных' and expected object '8.88' (Root cause: com.kms.katalon.core.exception.StepFailedException: Actual object 'нет данных' and expected object '8.88' are not equal
	at com.kms.katalon.core.keyword.builtin.VerifyEqualKeyword$_verifyEqual_closure1.doCall(VerifyEqualKeyword.groovy:58)
	at com.kms.katalon.core.keyword.builtin.VerifyEqualKeyword$_verifyEqual_closure1.call(VerifyEqualKeyword.groovy)
	at com.kms.katalon.core.keyword.internal.KeywordMain.runKeyword(KeywordMain.groovy:75)
	at com.kms.katalon.core.keyword.builtin.VerifyEqualKeyword.verifyEqual(VerifyEqualKeyword.groovy:63)
	at com.kms.katalon.core.keyword.builtin.VerifyEqualKeyword.execute(VerifyEqualKeyword.groovy:44)
	at com.kms.katalon.core.keyword.internal.KeywordExecutor.executeKeywordForPlatform(KeywordExecutor.groovy:74)
	at com.kms.katalon.core.keyword.BuiltinKeywords.verifyEqual(BuiltinKeywords.groovy:146)
	at jdk.internal.reflect.GeneratedMethodAccessor25.invoke(Unknown Source)
	at java.base/jdk.internal.reflect.DelegatingMethodAccessorImpl.invoke(DelegatingMethodAccessorImpl.java:43)
	at Выполнение бизнес-плана сверка дашбордов.CompareDZOData(Выполнение бизнес-плана сверка дашбордов:745)
	at Выполнение бизнес-плана сверка дашбордов.run(Выполнение бизнес-плана сверка дашбордов:658)
	at com.kms.katalon.core.main.ScriptEngine.run(ScriptEngine.java:194)
	at com.kms.katalon.core.main.ScriptEngine.runScriptAsRawText(ScriptEngine.java:119)
	at com.kms.katalon.core.main.TestCaseExecutor.runScript(TestCaseExecutor.java:448)
	at com.kms.katalon.core.main.TestCaseExecutor.doExecute(TestCaseExecutor.java:439)
	at com.kms.katalon.core.main.TestCaseExecutor.processExecutionPhase(TestCaseExecutor.java:418)
	at com.kms.katalon.core.main.TestCaseExecutor.accessMainPhase(TestCaseExecutor.java:410)
	at com.kms.katalon.core.main.TestCaseExecutor.execute(TestCaseExecutor.java:285)
	at com.kms.katalon.core.common.CommonExecutor.accessTestCaseMainPhase(CommonExecutor.java:65)
	at com.kms.katalon.core.main.TestSuiteExecutor.accessTestSuiteMainPhase(TestSuiteExecutor.java:150)
	at com.kms.katalon.core.main.TestSuiteExecutor.execute(TestSuiteExecutor.java:106)
	at com.kms.katalon.core.main.TestCaseMain.startTestSuite(TestCaseMain.java:180)
	at TempTestSuite1732232929817.run(TempTestSuite1732232929817.groovy:35)
	at java.base/jdk.internal.reflect.NativeMethodAccessorImpl.invoke0(Native Method)
	at java.base/jdk.internal.reflect.NativeMethodAccessorImpl.invoke(NativeMethodAccessorImpl.java:77)
	at java.base/jdk.internal.reflect.DelegatingMethodAccessorImpl.invoke(DelegatingMethodAccessorImpl.java:43)
)

22-11-2024T03:00:40 - [TEST_STEP][PASSED] - result = WriteToExcel(typeOfData, todaysDate, PercPlanR, PercPlanB, PercFactR, PercFactB, x, tabR, tabB, o1R, o1B, vidget): null

22-11-2024T03:00:40 - [TEST_STEP][PASSED] - iii = dZO.indexOf("/"): null

22-11-2024T03:00:40 - [TEST_STEP][PASSED] - println(iii): null

22-11-2024T03:00:40 - [TEST_STEP][PASSED] - dZO = dZO.substring(0, iii): null

22-11-2024T03:00:40 - [TEST_STEP][PASSED] - println(dZO): null

22-11-2024T03:00:40 - [TEST_STEP][PASSED] - println(PercPlanR): null

22-11-2024T03:00:40 - [TEST_STEP][PASSED] - println(PercPlanB): null

22-11-2024T03:00:40 - [TEST_STEP][PASSED] - println(PercFactR): null

22-11-2024T03:00:40 - [TEST_STEP][PASSED] - println(PercFactB): null

22-11-2024T03:00:40 - [TEST_STEP][PASSED] - println(tabR): null

22-11-2024T03:00:40 - [TEST_STEP][PASSED] - println(tabB): null

22-11-2024T03:00:40 - [TEST_STEP][PASSED] - println(o1R): null

22-11-2024T03:00:40 - [TEST_STEP][PASSED] - println(o1B): null

22-11-2024T03:00:40 - [TEST_STEP][PASSED] - PR = <not implemented yet for class: org.codehaus.groovy.ast.expr.EmptyExpression>: null

22-11-2024T03:00:40 - [TEST_STEP][PASSED] - FR = <not implemented yet for class: org.codehaus.groovy.ast.expr.EmptyExpression>: null

22-11-2024T03:00:40 - [TEST_STEP][PASSED] - PB = <not implemented yet for class: org.codehaus.groovy.ast.expr.EmptyExpression>: null

22-11-2024T03:00:40 - [TEST_STEP][PASSED] - FB = <not implemented yet for class: org.codehaus.groovy.ast.expr.EmptyExpression>: null

22-11-2024T03:00:40 - [TEST_STEP][PASSED] - TR = <not implemented yet for class: org.codehaus.groovy.ast.expr.EmptyExpression>: null

22-11-2024T03:00:40 - [TEST_STEP][PASSED] - TB = <not implemented yet for class: org.codehaus.groovy.ast.expr.EmptyExpression>: null

22-11-2024T03:00:40 - [TEST_STEP][PASSED] - sheetName = "Sheet1": null

22-11-2024T03:00:40 - [TEST_STEP][PASSED] - data = findTestData("PlanFact"): null

22-11-2024T03:00:40 - [TEST_STEP][PASSED] - n = data.getRowNumbers() + 1: null

22-11-2024T03:00:40 - [TEST_STEP][PASSED] - year = todaysDate.substring(todaysDate.length() - 4, todaysDate.length()): null

22-11-2024T03:00:40 - [TEST_STEP][PASSED] - y = year.toInteger(): null

22-11-2024T03:00:40 - [TEST_STEP][PASSED] - m = getText(findTestObject("Выполнение бизнес-плана/Выполнение бизнес-плана Балансы/Фильтр Дата")): Text of object 'Object Repository/Выполнение бизнес-плана/Выполнение бизнес-плана Балансы/Фильтр Дата' is: '1, 2, 3 кв. 2024 года'

22-11-2024T03:00:40 - [MESSAGE][PASSED] - Text of object 'Object Repository/Выполнение бизнес-плана/Выполнение бизнес-плана Балансы/Фильтр Дата' is: '1, 2, 3 кв. 2024 года'

22-11-2024T03:00:40 - [TEST_STEP][PASSED] - m = m.substring(0, m.indexOf("2024")): null

22-11-2024T03:00:40 - [TEST_STEP][PASSED] - m = m.trim(): null

22-11-2024T03:00:40 - [TEST_STEP][PASSED] - dashboardName = "Выполнение бизнес-плана": null

22-11-2024T03:00:40 - [TEST_STEP][PASSED] - workbook01 = getWorkbook(excelFilePath): null

22-11-2024T03:00:41 - [TEST_STEP][PASSED] - sheet01 = getExcelSheet(workbook01, sheetName): null

22-11-2024T03:00:41 - [TEST_STEP][PASSED] - setValueToCellByIndex(sheet01, n, 0, dashboardName): null

22-11-2024T03:00:41 - [TEST_STEP][PASSED] - setValueToCellByIndex(sheet01, n, 1, dZO): null

22-11-2024T03:00:41 - [TEST_STEP][PASSED] - setValueToCellByIndex(sheet01, n, 2, typeOfData): null

22-11-2024T03:00:41 - [TEST_STEP][PASSED] - setValueToCellByIndex(sheet01, n, 3, typeOfData): null

22-11-2024T03:00:41 - [TEST_STEP][PASSED] - if (typeOfData == "План"): null

22-11-2024T03:00:41 - [TEST_STEP][PASSED] - else if (typeOfData == "Факт"): null

22-11-2024T03:00:41 - [TEST_STEP][PASSED] - else if (vidget.contains("электроэнергии") == true): null

22-11-2024T03:00:41 - [TEST_STEP][PASSED] - if (tabR == null): null

22-11-2024T03:00:41 - [TEST_STEP][PASSED] - else: null

22-11-2024T03:00:41 - [TEST_STEP][PASSED] - if (tabR == "нет данных"): null

22-11-2024T03:00:41 - [TEST_STEP][PASSED] - setValueToCellByIndex(sheet01, n, 4, "нет данных"): null

22-11-2024T03:00:41 - [TEST_STEP][PASSED] - if (tabB == null): null

22-11-2024T03:00:41 - [TEST_STEP][PASSED] - else: null

22-11-2024T03:00:41 - [TEST_STEP][PASSED] - if (tabB == "нет данных"): null

22-11-2024T03:00:41 - [TEST_STEP][PASSED] - else: null

22-11-2024T03:00:41 - [TEST_STEP][PASSED] - TB = tabB.toInteger(): null

22-11-2024T03:00:41 - [TEST_STEP][PASSED] - setValueToCellByIndex(sheet01, n, 5, TB): null

22-11-2024T03:00:41 - [TEST_STEP][PASSED] - setValueToCellByIndex(sheet01, n, 6, m): null

22-11-2024T03:00:41 - [TEST_STEP][PASSED] - setValueToCellByIndex(sheet01, n, 7, y): null

22-11-2024T03:00:41 - [TEST_STEP][PASSED] - setValueToCellByIndex(sheet01, n, 8, todaysDate): null

22-11-2024T03:00:41 - [TEST_STEP][PASSED] - n = n + 1: null

22-11-2024T03:00:41 - [TEST_STEP][PASSED] - saveWorkbook(excelFilePath, workbook01): null

22-11-2024T03:00:41 - [TEST_STEP][PASSED] - typeOfData = "План Отпуск из сети": null

22-11-2024T03:00:41 - [TEST_STEP][PASSED] - tabR = GetOiSPlanR(x = a): null

22-11-2024T03:00:41 - [TEST_STEP][PASSED] - i1 = <not implemented yet for class: org.codehaus.groovy.ast.expr.EmptyExpression>: null

22-11-2024T03:00:41 - [TEST_STEP][PASSED] - ii = <not implemented yet for class: org.codehaus.groovy.ast.expr.EmptyExpression>: null

22-11-2024T03:00:41 - [TEST_STEP][PASSED] - for ([ii = 1, ii < 8, (ii++)]): null

22-11-2024T03:00:41 - [TEST_STEP][PASSED] - i1 = x.indexOf("/") + 1: null

22-11-2024T03:00:41 - [TEST_STEP][PASSED] - if (i1 > -1): null

22-11-2024T03:00:41 - [TEST_STEP][PASSED] - x = x.substring(i1, x.length()): null

22-11-2024T03:00:41 - [TEST_STEP][PASSED] - println(x): null

22-11-2024T03:00:41 - [TEST_STEP][PASSED] - i1 = x.indexOf("/") + 1: null

22-11-2024T03:00:41 - [TEST_STEP][PASSED] - if (i1 > -1): null

22-11-2024T03:00:41 - [TEST_STEP][PASSED] - x = x.substring(i1, x.length()): null

22-11-2024T03:00:41 - [TEST_STEP][PASSED] - println(x): null

22-11-2024T03:00:41 - [TEST_STEP][PASSED] - i1 = x.indexOf("/") + 1: null

22-11-2024T03:00:41 - [TEST_STEP][PASSED] - if (i1 > -1): null

22-11-2024T03:00:41 - [TEST_STEP][PASSED] - x = x.substring(i1, x.length()): null

22-11-2024T03:00:41 - [TEST_STEP][PASSED] - println(x): null

22-11-2024T03:00:41 - [TEST_STEP][PASSED] - i1 = x.indexOf("/") + 1: null

22-11-2024T03:00:41 - [TEST_STEP][PASSED] - if (i1 > -1): null

22-11-2024T03:00:41 - [TEST_STEP][PASSED] - x = x.substring(i1, x.length()): null

22-11-2024T03:00:41 - [TEST_STEP][PASSED] - println(x): null

22-11-2024T03:00:41 - [TEST_STEP][PASSED] - i1 = x.indexOf("/") + 1: null

22-11-2024T03:00:41 - [TEST_STEP][PASSED] - if (i1 > -1): null

22-11-2024T03:00:41 - [TEST_STEP][PASSED] - x = x.substring(i1, x.length()): null

22-11-2024T03:00:41 - [TEST_STEP][PASSED] - println(x): null

22-11-2024T03:00:41 - [TEST_STEP][PASSED] - i1 = x.indexOf("/") + 1: null

22-11-2024T03:00:41 - [TEST_STEP][PASSED] - if (i1 > -1): null

22-11-2024T03:00:41 - [TEST_STEP][PASSED] - x = x.substring(i1, x.length()): null

22-11-2024T03:00:41 - [TEST_STEP][PASSED] - println(x): null

22-11-2024T03:00:41 - [TEST_STEP][PASSED] - i1 = x.indexOf("/") + 1: null

22-11-2024T03:00:41 - [TEST_STEP][PASSED] - if (i1 > -1): null

22-11-2024T03:00:41 - [TEST_STEP][PASSED] - x = x.substring(i1, x.length()): null

22-11-2024T03:00:41 - [TEST_STEP][PASSED] - println(x): null

22-11-2024T03:00:41 - [TEST_STEP][PASSED] - i1 = x.indexOf("/"): null

22-11-2024T03:00:41 - [TEST_STEP][PASSED] - if (i1 > -1): null

22-11-2024T03:00:41 - [TEST_STEP][PASSED] - x = x.substring(0, i1): null

22-11-2024T03:00:41 - [TEST_STEP][PASSED] - println(x): null

22-11-2024T03:00:41 - [TEST_STEP][PASSED] - return x: null

22-11-2024T03:00:41 - [TEST_STEP][PASSED] - tabB = GetOiSPlanB(x = b): null

22-11-2024T03:00:41 - [TEST_STEP][PASSED] - i1 = <not implemented yet for class: org.codehaus.groovy.ast.expr.EmptyExpression>: null

22-11-2024T03:00:41 - [TEST_STEP][PASSED] - ii = <not implemented yet for class: org.codehaus.groovy.ast.expr.EmptyExpression>: null

22-11-2024T03:00:41 - [TEST_STEP][PASSED] - for ([ii = 1, ii < 8, (ii++)]): null

22-11-2024T03:00:41 - [TEST_STEP][PASSED] - i1 = x.indexOf("/") + 1: null

22-11-2024T03:00:41 - [TEST_STEP][PASSED] - if (i1 > -1): null

22-11-2024T03:00:41 - [TEST_STEP][PASSED] - x = x.substring(i1, x.length()): null

22-11-2024T03:00:41 - [TEST_STEP][PASSED] - println(x): null

22-11-2024T03:00:41 - [TEST_STEP][PASSED] - i1 = x.indexOf("/") + 1: null

22-11-2024T03:00:41 - [TEST_STEP][PASSED] - if (i1 > -1): null

22-11-2024T03:00:41 - [TEST_STEP][PASSED] - x = x.substring(i1, x.length()): null

22-11-2024T03:00:41 - [TEST_STEP][PASSED] - println(x): null

22-11-2024T03:00:41 - [TEST_STEP][PASSED] - i1 = x.indexOf("/") + 1: null

22-11-2024T03:00:41 - [TEST_STEP][PASSED] - if (i1 > -1): null

22-11-2024T03:00:41 - [TEST_STEP][PASSED] - x = x.substring(i1, x.length()): null

22-11-2024T03:00:41 - [TEST_STEP][PASSED] - println(x): null

22-11-2024T03:00:41 - [TEST_STEP][PASSED] - i1 = x.indexOf("/") + 1: null

22-11-2024T03:00:41 - [TEST_STEP][PASSED] - if (i1 > -1): null

22-11-2024T03:00:41 - [TEST_STEP][PASSED] - x = x.substring(i1, x.length()): null

22-11-2024T03:00:41 - [TEST_STEP][PASSED] - println(x): null

22-11-2024T03:00:41 - [TEST_STEP][PASSED] - i1 = x.indexOf("/") + 1: null

22-11-2024T03:00:41 - [TEST_STEP][PASSED] - if (i1 > -1): null

22-11-2024T03:00:41 - [TEST_STEP][PASSED] - x = x.substring(i1, x.length()): null

22-11-2024T03:00:41 - [TEST_STEP][PASSED] - println(x): null

22-11-2024T03:00:41 - [TEST_STEP][PASSED] - i1 = x.indexOf("/") + 1: null

22-11-2024T03:00:41 - [TEST_STEP][PASSED] - if (i1 > -1): null

22-11-2024T03:00:41 - [TEST_STEP][PASSED] - x = x.substring(i1, x.length()): null

22-11-2024T03:00:41 - [TEST_STEP][PASSED] - println(x): null

22-11-2024T03:00:41 - [TEST_STEP][PASSED] - i1 = x.indexOf("/") + 1: null

22-11-2024T03:00:41 - [TEST_STEP][PASSED] - if (i1 > -1): null

22-11-2024T03:00:41 - [TEST_STEP][PASSED] - x = x.substring(i1, x.length()): null

22-11-2024T03:00:41 - [TEST_STEP][PASSED] - println(x): null

22-11-2024T03:00:41 - [TEST_STEP][PASSED] - i1 = x.indexOf("/"): null

22-11-2024T03:00:41 - [TEST_STEP][PASSED] - if (i1 > -1): null

22-11-2024T03:00:41 - [TEST_STEP][PASSED] - x = x.substring(0, i1): null

22-11-2024T03:00:41 - [TEST_STEP][PASSED] - println(x): null

22-11-2024T03:00:41 - [TEST_STEP][FAILED] - return x: null

22-11-2024T03:00:41 - [TEST_STEP][PASSED] - println(tabR + "/" + tabB): null

22-11-2024T03:00:41 - [TEST_STEP][FAILED] - if (verifyEqual(PercFactR, PercFactB) == false): null

22-11-2024T03:00:41 - [MESSAGE][FAILED] - Unable to verify equal between actual object 'нет данных' and expected object '8.88' (Root cause: com.kms.katalon.core.exception.StepFailedException: Actual object 'нет данных' and expected object '8.88' are not equal
	at com.kms.katalon.core.keyword.builtin.VerifyEqualKeyword$_verifyEqual_closure1.doCall(VerifyEqualKeyword.groovy:58)
	at com.kms.katalon.core.keyword.builtin.VerifyEqualKeyword$_verifyEqual_closure1.call(VerifyEqualKeyword.groovy)
	at com.kms.katalon.core.keyword.internal.KeywordMain.runKeyword(KeywordMain.groovy:75)
	at com.kms.katalon.core.keyword.builtin.VerifyEqualKeyword.verifyEqual(VerifyEqualKeyword.groovy:63)
	at com.kms.katalon.core.keyword.builtin.VerifyEqualKeyword.execute(VerifyEqualKeyword.groovy:44)
	at com.kms.katalon.core.keyword.internal.KeywordExecutor.executeKeywordForPlatform(KeywordExecutor.groovy:74)
	at com.kms.katalon.core.keyword.BuiltinKeywords.verifyEqual(BuiltinKeywords.groovy:146)
	at jdk.internal.reflect.GeneratedMethodAccessor25.invoke(Unknown Source)
	at java.base/jdk.internal.reflect.DelegatingMethodAccessorImpl.invoke(DelegatingMethodAccessorImpl.java:43)
	at Выполнение бизнес-плана сверка дашбордов.CompareDZOData(Выполнение бизнес-плана сверка дашбордов:758)
	at Выполнение бизнес-плана сверка дашбордов.run(Выполнение бизнес-плана сверка дашбордов:658)
	at com.kms.katalon.core.main.ScriptEngine.run(ScriptEngine.java:194)
	at com.kms.katalon.core.main.ScriptEngine.runScriptAsRawText(ScriptEngine.java:119)
	at com.kms.katalon.core.main.TestCaseExecutor.runScript(TestCaseExecutor.java:448)
	at com.kms.katalon.core.main.TestCaseExecutor.doExecute(TestCaseExecutor.java:439)
	at com.kms.katalon.core.main.TestCaseExecutor.processExecutionPhase(TestCaseExecutor.java:418)
	at com.kms.katalon.core.main.TestCaseExecutor.accessMainPhase(TestCaseExecutor.java:410)
	at com.kms.katalon.core.main.TestCaseExecutor.execute(TestCaseExecutor.java:285)
	at com.kms.katalon.core.common.CommonExecutor.accessTestCaseMainPhase(CommonExecutor.java:65)
	at com.kms.katalon.core.main.TestSuiteExecutor.accessTestSuiteMainPhase(TestSuiteExecutor.java:150)
	at com.kms.katalon.core.main.TestSuiteExecutor.execute(TestSuiteExecutor.java:106)
	at com.kms.katalon.core.main.TestCaseMain.startTestSuite(TestCaseMain.java:180)
	at TempTestSuite1732232929817.run(TempTestSuite1732232929817.groovy:35)
	at java.base/jdk.internal.reflect.NativeMethodAccessorImpl.invoke0(Native Method)
	at java.base/jdk.internal.reflect.NativeMethodAccessorImpl.invoke(NativeMethodAccessorImpl.java:77)
	at java.base/jdk.internal.reflect.DelegatingMethodAccessorImpl.invoke(DelegatingMethodAccessorImpl.java:43)
)

22-11-2024T03:00:41 - [TEST_STEP][PASSED] - result = WriteToExcel(typeOfData, todaysDate, PercPlanR, PercPlanB, PercFactR, PercFactB, x, tabR, tabB, o1R, o1B, vidget): null

22-11-2024T03:00:41 - [TEST_STEP][PASSED] - iii = dZO.indexOf("/"): null

22-11-2024T03:00:41 - [TEST_STEP][PASSED] - println(iii): null

22-11-2024T03:00:41 - [TEST_STEP][PASSED] - dZO = dZO.substring(0, iii): null

22-11-2024T03:00:41 - [TEST_STEP][PASSED] - println(dZO): null

22-11-2024T03:00:41 - [TEST_STEP][PASSED] - println(PercPlanR): null

22-11-2024T03:00:41 - [TEST_STEP][PASSED] - println(PercPlanB): null

22-11-2024T03:00:41 - [TEST_STEP][PASSED] - println(PercFactR): null

22-11-2024T03:00:41 - [TEST_STEP][PASSED] - println(PercFactB): null

22-11-2024T03:00:41 - [TEST_STEP][PASSED] - println(tabR): null

22-11-2024T03:00:41 - [TEST_STEP][PASSED] - println(tabB): null

22-11-2024T03:00:41 - [TEST_STEP][PASSED] - println(o1R): null

22-11-2024T03:00:41 - [TEST_STEP][PASSED] - println(o1B): null

22-11-2024T03:00:41 - [TEST_STEP][PASSED] - PR = <not implemented yet for class: org.codehaus.groovy.ast.expr.EmptyExpression>: null

22-11-2024T03:00:41 - [TEST_STEP][PASSED] - FR = <not implemented yet for class: org.codehaus.groovy.ast.expr.EmptyExpression>: null

22-11-2024T03:00:41 - [TEST_STEP][PASSED] - PB = <not implemented yet for class: org.codehaus.groovy.ast.expr.EmptyExpression>: null

22-11-2024T03:00:41 - [TEST_STEP][PASSED] - FB = <not implemented yet for class: org.codehaus.groovy.ast.expr.EmptyExpression>: null

22-11-2024T03:00:41 - [TEST_STEP][PASSED] - TR = <not implemented yet for class: org.codehaus.groovy.ast.expr.EmptyExpression>: null

22-11-2024T03:00:41 - [TEST_STEP][PASSED] - TB = <not implemented yet for class: org.codehaus.groovy.ast.expr.EmptyExpression>: null

22-11-2024T03:00:41 - [TEST_STEP][PASSED] - sheetName = "Sheet1": null

22-11-2024T03:00:41 - [TEST_STEP][PASSED] - data = findTestData("PlanFact"): null

22-11-2024T03:00:41 - [TEST_STEP][PASSED] - n = data.getRowNumbers() + 1: null

22-11-2024T03:00:41 - [TEST_STEP][PASSED] - year = todaysDate.substring(todaysDate.length() - 4, todaysDate.length()): null

22-11-2024T03:00:41 - [TEST_STEP][PASSED] - y = year.toInteger(): null

22-11-2024T03:00:41 - [TEST_STEP][PASSED] - m = getText(findTestObject("Выполнение бизнес-плана/Выполнение бизнес-плана Балансы/Фильтр Дата")): Text of object 'Object Repository/Выполнение бизнес-плана/Выполнение бизнес-плана Балансы/Фильтр Дата' is: '1, 2, 3 кв. 2024 года'

22-11-2024T03:00:41 - [MESSAGE][PASSED] - Text of object 'Object Repository/Выполнение бизнес-плана/Выполнение бизнес-плана Балансы/Фильтр Дата' is: '1, 2, 3 кв. 2024 года'

22-11-2024T03:00:41 - [TEST_STEP][PASSED] - m = m.substring(0, m.indexOf("2024")): null

22-11-2024T03:00:41 - [TEST_STEP][PASSED] - m = m.trim(): null

22-11-2024T03:00:41 - [TEST_STEP][PASSED] - dashboardName = "Выполнение бизнес-плана": null

22-11-2024T03:00:41 - [TEST_STEP][PASSED] - workbook01 = getWorkbook(excelFilePath): null

22-11-2024T03:00:41 - [TEST_STEP][PASSED] - sheet01 = getExcelSheet(workbook01, sheetName): null

22-11-2024T03:00:41 - [TEST_STEP][PASSED] - setValueToCellByIndex(sheet01, n, 0, dashboardName): null

22-11-2024T03:00:41 - [TEST_STEP][PASSED] - setValueToCellByIndex(sheet01, n, 1, dZO): null

22-11-2024T03:00:41 - [TEST_STEP][PASSED] - setValueToCellByIndex(sheet01, n, 2, typeOfData): null

22-11-2024T03:00:41 - [TEST_STEP][PASSED] - setValueToCellByIndex(sheet01, n, 3, typeOfData): null

22-11-2024T03:00:41 - [TEST_STEP][PASSED] - if (typeOfData == "План"): null

22-11-2024T03:00:41 - [TEST_STEP][PASSED] - else if (typeOfData == "Факт"): null

22-11-2024T03:00:41 - [TEST_STEP][PASSED] - else if (vidget.contains("электроэнергии") == true): null

22-11-2024T03:00:41 - [TEST_STEP][PASSED] - if (tabR == null): null

22-11-2024T03:00:41 - [TEST_STEP][PASSED] - else: null

22-11-2024T03:00:41 - [TEST_STEP][PASSED] - if (tabR == "нет данных"): null

22-11-2024T03:00:41 - [TEST_STEP][PASSED] - setValueToCellByIndex(sheet01, n, 4, "нет данных"): null

22-11-2024T03:00:41 - [TEST_STEP][PASSED] - if (tabB == null): null

22-11-2024T03:00:41 - [TEST_STEP][PASSED] - else: null

22-11-2024T03:00:41 - [TEST_STEP][PASSED] - if (tabB == "нет данных"): null

22-11-2024T03:00:41 - [TEST_STEP][PASSED] - else: null

22-11-2024T03:00:41 - [TEST_STEP][PASSED] - TB = tabB.toInteger(): null

22-11-2024T03:00:41 - [TEST_STEP][PASSED] - setValueToCellByIndex(sheet01, n, 5, TB): null

22-11-2024T03:00:41 - [TEST_STEP][PASSED] - setValueToCellByIndex(sheet01, n, 6, m): null

22-11-2024T03:00:41 - [TEST_STEP][PASSED] - setValueToCellByIndex(sheet01, n, 7, y): null

22-11-2024T03:00:41 - [TEST_STEP][PASSED] - setValueToCellByIndex(sheet01, n, 8, todaysDate): null

22-11-2024T03:00:41 - [TEST_STEP][PASSED] - n = n + 1: null

22-11-2024T03:00:41 - [TEST_STEP][PASSED] - saveWorkbook(excelFilePath, workbook01): null

22-11-2024T03:00:41 - [TEST_STEP][PASSED] - typeOfData = "План Потери": null

22-11-2024T03:00:41 - [TEST_STEP][PASSED] - tabR = GetPPlanR(x = a): null

22-11-2024T03:00:41 - [TEST_STEP][PASSED] - i1 = <not implemented yet for class: org.codehaus.groovy.ast.expr.EmptyExpression>: null

22-11-2024T03:00:41 - [TEST_STEP][PASSED] - ii = <not implemented yet for class: org.codehaus.groovy.ast.expr.EmptyExpression>: null

22-11-2024T03:00:41 - [TEST_STEP][PASSED] - for ([ii = 1, ii < 9, (ii++)]): null

22-11-2024T03:00:41 - [TEST_STEP][PASSED] - i1 = x.indexOf("/") + 1: null

22-11-2024T03:00:41 - [TEST_STEP][PASSED] - if (i1 > -1): null

22-11-2024T03:00:41 - [TEST_STEP][PASSED] - x = x.substring(i1, x.length()): null

22-11-2024T03:00:41 - [TEST_STEP][PASSED] - println(x): null

22-11-2024T03:00:41 - [TEST_STEP][PASSED] - i1 = x.indexOf("/") + 1: null

22-11-2024T03:00:41 - [TEST_STEP][PASSED] - if (i1 > -1): null

22-11-2024T03:00:41 - [TEST_STEP][PASSED] - x = x.substring(i1, x.length()): null

22-11-2024T03:00:41 - [TEST_STEP][PASSED] - println(x): null

22-11-2024T03:00:41 - [TEST_STEP][PASSED] - i1 = x.indexOf("/") + 1: null

22-11-2024T03:00:41 - [TEST_STEP][PASSED] - if (i1 > -1): null

22-11-2024T03:00:41 - [TEST_STEP][PASSED] - x = x.substring(i1, x.length()): null

22-11-2024T03:00:41 - [TEST_STEP][PASSED] - println(x): null

22-11-2024T03:00:41 - [TEST_STEP][PASSED] - i1 = x.indexOf("/") + 1: null

22-11-2024T03:00:41 - [TEST_STEP][PASSED] - if (i1 > -1): null

22-11-2024T03:00:41 - [TEST_STEP][PASSED] - x = x.substring(i1, x.length()): null

22-11-2024T03:00:41 - [TEST_STEP][PASSED] - println(x): null

22-11-2024T03:00:41 - [TEST_STEP][PASSED] - i1 = x.indexOf("/") + 1: null

22-11-2024T03:00:41 - [TEST_STEP][PASSED] - if (i1 > -1): null

22-11-2024T03:00:41 - [TEST_STEP][PASSED] - x = x.substring(i1, x.length()): null

22-11-2024T03:00:41 - [TEST_STEP][PASSED] - println(x): null

22-11-2024T03:00:41 - [TEST_STEP][PASSED] - i1 = x.indexOf("/") + 1: null

22-11-2024T03:00:41 - [TEST_STEP][PASSED] - if (i1 > -1): null

22-11-2024T03:00:41 - [TEST_STEP][PASSED] - x = x.substring(i1, x.length()): null

22-11-2024T03:00:41 - [TEST_STEP][PASSED] - println(x): null

22-11-2024T03:00:41 - [TEST_STEP][PASSED] - i1 = x.indexOf("/") + 1: null

22-11-2024T03:00:41 - [TEST_STEP][PASSED] - if (i1 > -1): null

22-11-2024T03:00:41 - [TEST_STEP][PASSED] - x = x.substring(i1, x.length()): null

22-11-2024T03:00:41 - [TEST_STEP][PASSED] - println(x): null

22-11-2024T03:00:41 - [TEST_STEP][PASSED] - i1 = x.indexOf("/") + 1: null

22-11-2024T03:00:41 - [TEST_STEP][PASSED] - if (i1 > -1): null

22-11-2024T03:00:41 - [TEST_STEP][PASSED] - x = x.substring(i1, x.length()): null

22-11-2024T03:00:41 - [TEST_STEP][PASSED] - println(x): null

22-11-2024T03:00:41 - [TEST_STEP][PASSED] - i1 = x.indexOf("/"): null

22-11-2024T03:00:41 - [TEST_STEP][PASSED] - if (i1 > -1): null

22-11-2024T03:00:41 - [TEST_STEP][PASSED] - x = x.substring(0, i1): null

22-11-2024T03:00:41 - [TEST_STEP][PASSED] - println(x): null

22-11-2024T03:00:41 - [TEST_STEP][PASSED] - return x: null

22-11-2024T03:00:41 - [TEST_STEP][PASSED] - tabB = GetPPlanB(x = b): null

22-11-2024T03:00:41 - [TEST_STEP][PASSED] - i1 = <not implemented yet for class: org.codehaus.groovy.ast.expr.EmptyExpression>: null

22-11-2024T03:00:41 - [TEST_STEP][PASSED] - ii = <not implemented yet for class: org.codehaus.groovy.ast.expr.EmptyExpression>: null

22-11-2024T03:00:41 - [TEST_STEP][PASSED] - for ([ii = 1, ii < 9, (ii++)]): null

22-11-2024T03:00:41 - [TEST_STEP][PASSED] - i1 = x.indexOf("/") + 1: null

22-11-2024T03:00:41 - [TEST_STEP][PASSED] - if (i1 > -1): null

22-11-2024T03:00:41 - [TEST_STEP][PASSED] - x = x.substring(i1, x.length()): null

22-11-2024T03:00:41 - [TEST_STEP][PASSED] - println(x): null

22-11-2024T03:00:41 - [TEST_STEP][PASSED] - i1 = x.indexOf("/") + 1: null

22-11-2024T03:00:41 - [TEST_STEP][PASSED] - if (i1 > -1): null

22-11-2024T03:00:41 - [TEST_STEP][PASSED] - x = x.substring(i1, x.length()): null

22-11-2024T03:00:41 - [TEST_STEP][PASSED] - println(x): null

22-11-2024T03:00:41 - [TEST_STEP][PASSED] - i1 = x.indexOf("/") + 1: null

22-11-2024T03:00:41 - [TEST_STEP][PASSED] - if (i1 > -1): null

22-11-2024T03:00:41 - [TEST_STEP][PASSED] - x = x.substring(i1, x.length()): null

22-11-2024T03:00:41 - [TEST_STEP][PASSED] - println(x): null

22-11-2024T03:00:41 - [TEST_STEP][PASSED] - i1 = x.indexOf("/") + 1: null

22-11-2024T03:00:41 - [TEST_STEP][PASSED] - if (i1 > -1): null

22-11-2024T03:00:41 - [TEST_STEP][PASSED] - x = x.substring(i1, x.length()): null

22-11-2024T03:00:41 - [TEST_STEP][PASSED] - println(x): null

22-11-2024T03:00:41 - [TEST_STEP][PASSED] - i1 = x.indexOf("/") + 1: null

22-11-2024T03:00:41 - [TEST_STEP][PASSED] - if (i1 > -1): null

22-11-2024T03:00:41 - [TEST_STEP][PASSED] - x = x.substring(i1, x.length()): null

22-11-2024T03:00:41 - [TEST_STEP][PASSED] - println(x): null

22-11-2024T03:00:41 - [TEST_STEP][PASSED] - i1 = x.indexOf("/") + 1: null

22-11-2024T03:00:41 - [TEST_STEP][PASSED] - if (i1 > -1): null

22-11-2024T03:00:41 - [TEST_STEP][PASSED] - x = x.substring(i1, x.length()): null

22-11-2024T03:00:41 - [TEST_STEP][PASSED] - println(x): null

22-11-2024T03:00:41 - [TEST_STEP][PASSED] - i1 = x.indexOf("/") + 1: null

22-11-2024T03:00:41 - [TEST_STEP][PASSED] - if (i1 > -1): null

22-11-2024T03:00:41 - [TEST_STEP][PASSED] - x = x.substring(i1, x.length()): null

22-11-2024T03:00:41 - [TEST_STEP][PASSED] - println(x): null

22-11-2024T03:00:41 - [TEST_STEP][PASSED] - i1 = x.indexOf("/") + 1: null

22-11-2024T03:00:41 - [TEST_STEP][PASSED] - if (i1 > -1): null

22-11-2024T03:00:41 - [TEST_STEP][PASSED] - x = x.substring(i1, x.length()): null

22-11-2024T03:00:41 - [TEST_STEP][PASSED] - println(x): null

22-11-2024T03:00:41 - [TEST_STEP][PASSED] - i1 = x.indexOf("/"): null

22-11-2024T03:00:41 - [TEST_STEP][PASSED] - if (i1 > -1): null

22-11-2024T03:00:41 - [TEST_STEP][PASSED] - x = x.substring(0, i1): null

22-11-2024T03:00:41 - [TEST_STEP][PASSED] - println(x): null

22-11-2024T03:00:41 - [TEST_STEP][FAILED] - return x: null

22-11-2024T03:00:41 - [TEST_STEP][PASSED] - println(tabR + "/" + tabB): null

22-11-2024T03:00:41 - [TEST_STEP][FAILED] - if (verifyEqual(PercFactR, PercFactB) == false): null

22-11-2024T03:00:41 - [MESSAGE][FAILED] - Unable to verify equal between actual object 'нет данных' and expected object '8.88' (Root cause: com.kms.katalon.core.exception.StepFailedException: Actual object 'нет данных' and expected object '8.88' are not equal
	at com.kms.katalon.core.keyword.builtin.VerifyEqualKeyword$_verifyEqual_closure1.doCall(VerifyEqualKeyword.groovy:58)
	at com.kms.katalon.core.keyword.builtin.VerifyEqualKeyword$_verifyEqual_closure1.call(VerifyEqualKeyword.groovy)
	at com.kms.katalon.core.keyword.internal.KeywordMain.runKeyword(KeywordMain.groovy:75)
	at com.kms.katalon.core.keyword.builtin.VerifyEqualKeyword.verifyEqual(VerifyEqualKeyword.groovy:63)
	at com.kms.katalon.core.keyword.builtin.VerifyEqualKeyword.execute(VerifyEqualKeyword.groovy:44)
	at com.kms.katalon.core.keyword.internal.KeywordExecutor.executeKeywordForPlatform(KeywordExecutor.groovy:74)
	at com.kms.katalon.core.keyword.BuiltinKeywords.verifyEqual(BuiltinKeywords.groovy:146)
	at jdk.internal.reflect.GeneratedMethodAccessor25.invoke(Unknown Source)
	at java.base/jdk.internal.reflect.DelegatingMethodAccessorImpl.invoke(DelegatingMethodAccessorImpl.java:43)
	at Выполнение бизнес-плана сверка дашбордов.CompareDZOData(Выполнение бизнес-плана сверка дашбордов:771)
	at Выполнение бизнес-плана сверка дашбордов.run(Выполнение бизнес-плана сверка дашбордов:658)
	at com.kms.katalon.core.main.ScriptEngine.run(ScriptEngine.java:194)
	at com.kms.katalon.core.main.ScriptEngine.runScriptAsRawText(ScriptEngine.java:119)
	at com.kms.katalon.core.main.TestCaseExecutor.runScript(TestCaseExecutor.java:448)
	at com.kms.katalon.core.main.TestCaseExecutor.doExecute(TestCaseExecutor.java:439)
	at com.kms.katalon.core.main.TestCaseExecutor.processExecutionPhase(TestCaseExecutor.java:418)
	at com.kms.katalon.core.main.TestCaseExecutor.accessMainPhase(TestCaseExecutor.java:410)
	at com.kms.katalon.core.main.TestCaseExecutor.execute(TestCaseExecutor.java:285)
	at com.kms.katalon.core.common.CommonExecutor.accessTestCaseMainPhase(CommonExecutor.java:65)
	at com.kms.katalon.core.main.TestSuiteExecutor.accessTestSuiteMainPhase(TestSuiteExecutor.java:150)
	at com.kms.katalon.core.main.TestSuiteExecutor.execute(TestSuiteExecutor.java:106)
	at com.kms.katalon.core.main.TestCaseMain.startTestSuite(TestCaseMain.java:180)
	at TempTestSuite1732232929817.run(TempTestSuite1732232929817.groovy:35)
	at java.base/jdk.internal.reflect.NativeMethodAccessorImpl.invoke0(Native Method)
	at java.base/jdk.internal.reflect.NativeMethodAccessorImpl.invoke(NativeMethodAccessorImpl.java:77)
	at java.base/jdk.internal.reflect.DelegatingMethodAccessorImpl.invoke(DelegatingMethodAccessorImpl.java:43)
)

22-11-2024T03:00:41 - [TEST_STEP][PASSED] - result = WriteToExcel(typeOfData, todaysDate, PercPlanR, PercPlanB, PercFactR, PercFactB, x, tabR, tabB, o1R, o1B, vidget): null

22-11-2024T03:00:41 - [TEST_STEP][PASSED] - iii = dZO.indexOf("/"): null

22-11-2024T03:00:41 - [TEST_STEP][PASSED] - println(iii): null

22-11-2024T03:00:41 - [TEST_STEP][PASSED] - dZO = dZO.substring(0, iii): null

22-11-2024T03:00:41 - [TEST_STEP][PASSED] - println(dZO): null

22-11-2024T03:00:41 - [TEST_STEP][PASSED] - println(PercPlanR): null

22-11-2024T03:00:41 - [TEST_STEP][PASSED] - println(PercPlanB): null

22-11-2024T03:00:41 - [TEST_STEP][PASSED] - println(PercFactR): null

22-11-2024T03:00:41 - [TEST_STEP][PASSED] - println(PercFactB): null

22-11-2024T03:00:41 - [TEST_STEP][PASSED] - println(tabR): null

22-11-2024T03:00:41 - [TEST_STEP][PASSED] - println(tabB): null

22-11-2024T03:00:41 - [TEST_STEP][PASSED] - println(o1R): null

22-11-2024T03:00:41 - [TEST_STEP][PASSED] - println(o1B): null

22-11-2024T03:00:41 - [TEST_STEP][PASSED] - PR = <not implemented yet for class: org.codehaus.groovy.ast.expr.EmptyExpression>: null

22-11-2024T03:00:41 - [TEST_STEP][PASSED] - FR = <not implemented yet for class: org.codehaus.groovy.ast.expr.EmptyExpression>: null

22-11-2024T03:00:41 - [TEST_STEP][PASSED] - PB = <not implemented yet for class: org.codehaus.groovy.ast.expr.EmptyExpression>: null

22-11-2024T03:00:41 - [TEST_STEP][PASSED] - FB = <not implemented yet for class: org.codehaus.groovy.ast.expr.EmptyExpression>: null

22-11-2024T03:00:41 - [TEST_STEP][PASSED] - TR = <not implemented yet for class: org.codehaus.groovy.ast.expr.EmptyExpression>: null

22-11-2024T03:00:41 - [TEST_STEP][PASSED] - TB = <not implemented yet for class: org.codehaus.groovy.ast.expr.EmptyExpression>: null

22-11-2024T03:00:41 - [TEST_STEP][PASSED] - sheetName = "Sheet1": null

22-11-2024T03:00:41 - [TEST_STEP][PASSED] - data = findTestData("PlanFact"): null

22-11-2024T03:00:42 - [TEST_STEP][PASSED] - n = data.getRowNumbers() + 1: null

22-11-2024T03:00:42 - [TEST_STEP][PASSED] - year = todaysDate.substring(todaysDate.length() - 4, todaysDate.length()): null

22-11-2024T03:00:42 - [TEST_STEP][PASSED] - y = year.toInteger(): null

22-11-2024T03:00:42 - [TEST_STEP][PASSED] - m = getText(findTestObject("Выполнение бизнес-плана/Выполнение бизнес-плана Балансы/Фильтр Дата")): Text of object 'Object Repository/Выполнение бизнес-плана/Выполнение бизнес-плана Балансы/Фильтр Дата' is: '1, 2, 3 кв. 2024 года'

22-11-2024T03:00:42 - [MESSAGE][PASSED] - Text of object 'Object Repository/Выполнение бизнес-плана/Выполнение бизнес-плана Балансы/Фильтр Дата' is: '1, 2, 3 кв. 2024 года'

22-11-2024T03:00:42 - [TEST_STEP][PASSED] - m = m.substring(0, m.indexOf("2024")): null

22-11-2024T03:00:42 - [TEST_STEP][PASSED] - m = m.trim(): null

22-11-2024T03:00:42 - [TEST_STEP][PASSED] - dashboardName = "Выполнение бизнес-плана": null

22-11-2024T03:00:42 - [TEST_STEP][PASSED] - workbook01 = getWorkbook(excelFilePath): null

22-11-2024T03:00:42 - [TEST_STEP][PASSED] - sheet01 = getExcelSheet(workbook01, sheetName): null

22-11-2024T03:00:42 - [TEST_STEP][PASSED] - setValueToCellByIndex(sheet01, n, 0, dashboardName): null

22-11-2024T03:00:42 - [TEST_STEP][PASSED] - setValueToCellByIndex(sheet01, n, 1, dZO): null

22-11-2024T03:00:42 - [TEST_STEP][PASSED] - setValueToCellByIndex(sheet01, n, 2, typeOfData): null

22-11-2024T03:00:42 - [TEST_STEP][PASSED] - setValueToCellByIndex(sheet01, n, 3, typeOfData): null

22-11-2024T03:00:42 - [TEST_STEP][PASSED] - if (typeOfData == "План"): null

22-11-2024T03:00:42 - [TEST_STEP][PASSED] - else if (typeOfData == "Факт"): null

22-11-2024T03:00:42 - [TEST_STEP][PASSED] - else if (vidget.contains("электроэнергии") == true): null

22-11-2024T03:00:42 - [TEST_STEP][PASSED] - if (tabR == null): null

22-11-2024T03:00:42 - [TEST_STEP][PASSED] - else: null

22-11-2024T03:00:42 - [TEST_STEP][PASSED] - if (tabR == "нет данных"): null

22-11-2024T03:00:42 - [TEST_STEP][PASSED] - setValueToCellByIndex(sheet01, n, 4, "нет данных"): null

22-11-2024T03:00:42 - [TEST_STEP][PASSED] - if (tabB == null): null

22-11-2024T03:00:42 - [TEST_STEP][PASSED] - else: null

22-11-2024T03:00:42 - [TEST_STEP][PASSED] - if (tabB == "нет данных"): null

22-11-2024T03:00:42 - [TEST_STEP][PASSED] - else: null

22-11-2024T03:00:42 - [TEST_STEP][PASSED] - TB = tabB.toInteger(): null

22-11-2024T03:00:42 - [TEST_STEP][PASSED] - setValueToCellByIndex(sheet01, n, 5, TB): null

22-11-2024T03:00:42 - [TEST_STEP][PASSED] - setValueToCellByIndex(sheet01, n, 6, m): null

22-11-2024T03:00:42 - [TEST_STEP][PASSED] - setValueToCellByIndex(sheet01, n, 7, y): null

22-11-2024T03:00:42 - [TEST_STEP][PASSED] - setValueToCellByIndex(sheet01, n, 8, todaysDate): null

22-11-2024T03:00:42 - [TEST_STEP][PASSED] - n = n + 1: null

22-11-2024T03:00:42 - [TEST_STEP][PASSED] - saveWorkbook(excelFilePath, workbook01): null

22-11-2024T03:00:42 - [TEST_STEP][PASSED] - ii2 = a.indexOf("ПАО"): null

22-11-2024T03:00:42 - [TEST_STEP][PASSED] - if (ii2 == -1): null

22-11-2024T03:00:42 - [TEST_STEP][PASSED] - vidget = "Отклонения фактического уровня потерь от бизнес-плана": null

22-11-2024T03:00:42 - [TEST_STEP][PASSED] - typeOfData = "Коэффициент": null

22-11-2024T03:00:42 - [TEST_STEP][PASSED] - o1R = Geto1R(x = a): null

22-11-2024T03:00:42 - [TEST_STEP][PASSED] - i1 = <not implemented yet for class: org.codehaus.groovy.ast.expr.EmptyExpression>: null

22-11-2024T03:00:42 - [TEST_STEP][PASSED] - ii = <not implemented yet for class: org.codehaus.groovy.ast.expr.EmptyExpression>: null

22-11-2024T03:00:42 - [TEST_STEP][PASSED] - for ([ii = 1, ii < 10, (ii++)]): null

22-11-2024T03:00:42 - [TEST_STEP][PASSED] - i1 = x.indexOf("/") + 1: null

22-11-2024T03:00:42 - [TEST_STEP][PASSED] - if (i1 > -1): null

22-11-2024T03:00:42 - [TEST_STEP][PASSED] - x = x.substring(i1, x.length()): null

22-11-2024T03:00:42 - [TEST_STEP][PASSED] - i1 = x.indexOf("/") + 1: null

22-11-2024T03:00:42 - [TEST_STEP][PASSED] - if (i1 > -1): null

22-11-2024T03:00:42 - [TEST_STEP][PASSED] - x = x.substring(i1, x.length()): null

22-11-2024T03:00:42 - [TEST_STEP][PASSED] - i1 = x.indexOf("/") + 1: null

22-11-2024T03:00:42 - [TEST_STEP][PASSED] - if (i1 > -1): null

22-11-2024T03:00:42 - [TEST_STEP][PASSED] - x = x.substring(i1, x.length()): null

22-11-2024T03:00:42 - [TEST_STEP][PASSED] - i1 = x.indexOf("/") + 1: null

22-11-2024T03:00:42 - [TEST_STEP][PASSED] - if (i1 > -1): null

22-11-2024T03:00:42 - [TEST_STEP][PASSED] - x = x.substring(i1, x.length()): null

22-11-2024T03:00:42 - [TEST_STEP][PASSED] - i1 = x.indexOf("/") + 1: null

22-11-2024T03:00:42 - [TEST_STEP][PASSED] - if (i1 > -1): null

22-11-2024T03:00:42 - [TEST_STEP][PASSED] - x = x.substring(i1, x.length()): null

22-11-2024T03:00:42 - [TEST_STEP][PASSED] - i1 = x.indexOf("/") + 1: null

22-11-2024T03:00:42 - [TEST_STEP][PASSED] - if (i1 > -1): null

22-11-2024T03:00:42 - [TEST_STEP][PASSED] - x = x.substring(i1, x.length()): null

22-11-2024T03:00:42 - [TEST_STEP][PASSED] - i1 = x.indexOf("/") + 1: null

22-11-2024T03:00:42 - [TEST_STEP][PASSED] - if (i1 > -1): null

22-11-2024T03:00:42 - [TEST_STEP][PASSED] - x = x.substring(i1, x.length()): null

22-11-2024T03:00:42 - [TEST_STEP][PASSED] - i1 = x.indexOf("/") + 1: null

22-11-2024T03:00:42 - [TEST_STEP][PASSED] - if (i1 > -1): null

22-11-2024T03:00:42 - [TEST_STEP][PASSED] - x = x.substring(i1, x.length()): null

22-11-2024T03:00:42 - [TEST_STEP][PASSED] - i1 = x.indexOf("/") + 1: null

22-11-2024T03:00:42 - [TEST_STEP][PASSED] - if (i1 > -1): null

22-11-2024T03:00:42 - [TEST_STEP][PASSED] - x = x.substring(i1, x.length()): null

22-11-2024T03:00:42 - [TEST_STEP][PASSED] - i1 = x.indexOf("/"): null

22-11-2024T03:00:42 - [TEST_STEP][PASSED] - if (i1 > -1): null

22-11-2024T03:00:42 - [TEST_STEP][PASSED] - println(x): null

22-11-2024T03:00:42 - [TEST_STEP][PASSED] - return x: null

22-11-2024T03:00:42 - [TEST_STEP][PASSED] - o1B = Geto1B(x = b): null

22-11-2024T03:00:42 - [TEST_STEP][PASSED] - i1 = <not implemented yet for class: org.codehaus.groovy.ast.expr.EmptyExpression>: null

22-11-2024T03:00:42 - [TEST_STEP][PASSED] - ii = <not implemented yet for class: org.codehaus.groovy.ast.expr.EmptyExpression>: null

22-11-2024T03:00:42 - [TEST_STEP][PASSED] - for ([ii = 1, ii < 10, (ii++)]): null

22-11-2024T03:00:42 - [TEST_STEP][PASSED] - i1 = x.indexOf("/") + 1: null

22-11-2024T03:00:42 - [TEST_STEP][PASSED] - if (i1 > -1): null

22-11-2024T03:00:42 - [TEST_STEP][PASSED] - x = x.substring(i1, x.length()): null

22-11-2024T03:00:42 - [TEST_STEP][PASSED] - i1 = x.indexOf("/") + 1: null

22-11-2024T03:00:42 - [TEST_STEP][PASSED] - if (i1 > -1): null

22-11-2024T03:00:42 - [TEST_STEP][PASSED] - x = x.substring(i1, x.length()): null

22-11-2024T03:00:42 - [TEST_STEP][PASSED] - i1 = x.indexOf("/") + 1: null

22-11-2024T03:00:42 - [TEST_STEP][PASSED] - if (i1 > -1): null

22-11-2024T03:00:42 - [TEST_STEP][PASSED] - x = x.substring(i1, x.length()): null

22-11-2024T03:00:42 - [TEST_STEP][PASSED] - i1 = x.indexOf("/") + 1: null

22-11-2024T03:00:42 - [TEST_STEP][PASSED] - if (i1 > -1): null

22-11-2024T03:00:42 - [TEST_STEP][PASSED] - x = x.substring(i1, x.length()): null

22-11-2024T03:00:42 - [TEST_STEP][PASSED] - i1 = x.indexOf("/") + 1: null

22-11-2024T03:00:42 - [TEST_STEP][PASSED] - if (i1 > -1): null

22-11-2024T03:00:42 - [TEST_STEP][PASSED] - x = x.substring(i1, x.length()): null

22-11-2024T03:00:42 - [TEST_STEP][PASSED] - i1 = x.indexOf("/") + 1: null

22-11-2024T03:00:42 - [TEST_STEP][PASSED] - if (i1 > -1): null

22-11-2024T03:00:42 - [TEST_STEP][PASSED] - x = x.substring(i1, x.length()): null

22-11-2024T03:00:42 - [TEST_STEP][PASSED] - i1 = x.indexOf("/") + 1: null

22-11-2024T03:00:42 - [TEST_STEP][PASSED] - if (i1 > -1): null

22-11-2024T03:00:42 - [TEST_STEP][PASSED] - x = x.substring(i1, x.length()): null

22-11-2024T03:00:42 - [TEST_STEP][PASSED] - i1 = x.indexOf("/") + 1: null

22-11-2024T03:00:42 - [TEST_STEP][PASSED] - if (i1 > -1): null

22-11-2024T03:00:42 - [TEST_STEP][PASSED] - x = x.substring(i1, x.length()): null

22-11-2024T03:00:42 - [TEST_STEP][PASSED] - i1 = x.indexOf("/") + 1: null

22-11-2024T03:00:42 - [TEST_STEP][PASSED] - if (i1 > -1): null

22-11-2024T03:00:42 - [TEST_STEP][PASSED] - x = x.substring(i1, x.length()): null

22-11-2024T03:00:42 - [TEST_STEP][PASSED] - i1 = x.indexOf("/"): null

22-11-2024T03:00:42 - [TEST_STEP][PASSED] - if (i1 > -1): null

22-11-2024T03:00:42 - [TEST_STEP][PASSED] - println(x): null

22-11-2024T03:00:42 - [TEST_STEP][FAILED] - return x: null

22-11-2024T03:00:42 - [TEST_STEP][PASSED] - println(o1R + "/" + o1B): null

22-11-2024T03:00:42 - [TEST_STEP][FAILED] - if (verifyEqual(PercFactR, PercFactB) == false): null

22-11-2024T03:00:42 - [MESSAGE][FAILED] - Unable to verify equal between actual object 'нет данных' and expected object '8.88' (Root cause: com.kms.katalon.core.exception.StepFailedException: Actual object 'нет данных' and expected object '8.88' are not equal
	at com.kms.katalon.core.keyword.builtin.VerifyEqualKeyword$_verifyEqual_closure1.doCall(VerifyEqualKeyword.groovy:58)
	at com.kms.katalon.core.keyword.builtin.VerifyEqualKeyword$_verifyEqual_closure1.call(VerifyEqualKeyword.groovy)
	at com.kms.katalon.core.keyword.internal.KeywordMain.runKeyword(KeywordMain.groovy:75)
	at com.kms.katalon.core.keyword.builtin.VerifyEqualKeyword.verifyEqual(VerifyEqualKeyword.groovy:63)
	at com.kms.katalon.core.keyword.builtin.VerifyEqualKeyword.execute(VerifyEqualKeyword.groovy:44)
	at com.kms.katalon.core.keyword.internal.KeywordExecutor.executeKeywordForPlatform(KeywordExecutor.groovy:74)
	at com.kms.katalon.core.keyword.BuiltinKeywords.verifyEqual(BuiltinKeywords.groovy:146)
	at jdk.internal.reflect.GeneratedMethodAccessor25.invoke(Unknown Source)
	at java.base/jdk.internal.reflect.DelegatingMethodAccessorImpl.invoke(DelegatingMethodAccessorImpl.java:43)
	at Выполнение бизнес-плана сверка дашбордов.CompareDZOData(Выполнение бизнес-плана сверка дашбордов:789)
	at Выполнение бизнес-плана сверка дашбордов.run(Выполнение бизнес-плана сверка дашбордов:658)
	at com.kms.katalon.core.main.ScriptEngine.run(ScriptEngine.java:194)
	at com.kms.katalon.core.main.ScriptEngine.runScriptAsRawText(ScriptEngine.java:119)
	at com.kms.katalon.core.main.TestCaseExecutor.runScript(TestCaseExecutor.java:448)
	at com.kms.katalon.core.main.TestCaseExecutor.doExecute(TestCaseExecutor.java:439)
	at com.kms.katalon.core.main.TestCaseExecutor.processExecutionPhase(TestCaseExecutor.java:418)
	at com.kms.katalon.core.main.TestCaseExecutor.accessMainPhase(TestCaseExecutor.java:410)
	at com.kms.katalon.core.main.TestCaseExecutor.execute(TestCaseExecutor.java:285)
	at com.kms.katalon.core.common.CommonExecutor.accessTestCaseMainPhase(CommonExecutor.java:65)
	at com.kms.katalon.core.main.TestSuiteExecutor.accessTestSuiteMainPhase(TestSuiteExecutor.java:150)
	at com.kms.katalon.core.main.TestSuiteExecutor.execute(TestSuiteExecutor.java:106)
	at com.kms.katalon.core.main.TestCaseMain.startTestSuite(TestCaseMain.java:180)
	at TempTestSuite1732232929817.run(TempTestSuite1732232929817.groovy:35)
	at java.base/jdk.internal.reflect.NativeMethodAccessorImpl.invoke0(Native Method)
	at java.base/jdk.internal.reflect.NativeMethodAccessorImpl.invoke(NativeMethodAccessorImpl.java:77)
	at java.base/jdk.internal.reflect.DelegatingMethodAccessorImpl.invoke(DelegatingMethodAccessorImpl.java:43)
)

22-11-2024T03:00:42 - [TEST_STEP][PASSED] - result = WriteToExcel(typeOfData, todaysDate, PercPlanR, PercPlanB, PercFactR, PercFactB, x, tabR, tabB, o1R, o1B, vidget): null

22-11-2024T03:00:42 - [TEST_STEP][PASSED] - iii = dZO.indexOf("/"): null

22-11-2024T03:00:42 - [TEST_STEP][PASSED] - println(iii): null

22-11-2024T03:00:42 - [TEST_STEP][PASSED] - dZO = dZO.substring(0, iii): null

22-11-2024T03:00:42 - [TEST_STEP][PASSED] - println(dZO): null

22-11-2024T03:00:42 - [TEST_STEP][PASSED] - println(PercPlanR): null

22-11-2024T03:00:42 - [TEST_STEP][PASSED] - println(PercPlanB): null

22-11-2024T03:00:42 - [TEST_STEP][PASSED] - println(PercFactR): null

22-11-2024T03:00:42 - [TEST_STEP][PASSED] - println(PercFactB): null

22-11-2024T03:00:42 - [TEST_STEP][PASSED] - println(tabR): null

22-11-2024T03:00:42 - [TEST_STEP][PASSED] - println(tabB): null

22-11-2024T03:00:42 - [TEST_STEP][PASSED] - println(o1R): null

22-11-2024T03:00:42 - [TEST_STEP][PASSED] - println(o1B): null

22-11-2024T03:00:42 - [TEST_STEP][PASSED] - PR = <not implemented yet for class: org.codehaus.groovy.ast.expr.EmptyExpression>: null

22-11-2024T03:00:42 - [TEST_STEP][PASSED] - FR = <not implemented yet for class: org.codehaus.groovy.ast.expr.EmptyExpression>: null

22-11-2024T03:00:42 - [TEST_STEP][PASSED] - PB = <not implemented yet for class: org.codehaus.groovy.ast.expr.EmptyExpression>: null

22-11-2024T03:00:42 - [TEST_STEP][PASSED] - FB = <not implemented yet for class: org.codehaus.groovy.ast.expr.EmptyExpression>: null

22-11-2024T03:00:42 - [TEST_STEP][PASSED] - TR = <not implemented yet for class: org.codehaus.groovy.ast.expr.EmptyExpression>: null

22-11-2024T03:00:42 - [TEST_STEP][PASSED] - TB = <not implemented yet for class: org.codehaus.groovy.ast.expr.EmptyExpression>: null

22-11-2024T03:00:42 - [TEST_STEP][PASSED] - sheetName = "Sheet1": null

22-11-2024T03:00:42 - [TEST_STEP][PASSED] - data = findTestData("PlanFact"): null

22-11-2024T03:00:42 - [TEST_STEP][PASSED] - n = data.getRowNumbers() + 1: null

22-11-2024T03:00:42 - [TEST_STEP][PASSED] - year = todaysDate.substring(todaysDate.length() - 4, todaysDate.length()): null

22-11-2024T03:00:42 - [TEST_STEP][PASSED] - y = year.toInteger(): null

22-11-2024T03:00:42 - [TEST_STEP][PASSED] - m = getText(findTestObject("Выполнение бизнес-плана/Выполнение бизнес-плана Балансы/Фильтр Дата")): Text of object 'Object Repository/Выполнение бизнес-плана/Выполнение бизнес-плана Балансы/Фильтр Дата' is: '1, 2, 3 кв. 2024 года'

22-11-2024T03:00:42 - [MESSAGE][PASSED] - Text of object 'Object Repository/Выполнение бизнес-плана/Выполнение бизнес-плана Балансы/Фильтр Дата' is: '1, 2, 3 кв. 2024 года'

22-11-2024T03:00:42 - [TEST_STEP][PASSED] - m = m.substring(0, m.indexOf("2024")): null

22-11-2024T03:00:42 - [TEST_STEP][PASSED] - m = m.trim(): null

22-11-2024T03:00:42 - [TEST_STEP][PASSED] - dashboardName = "Выполнение бизнес-плана": null

22-11-2024T03:00:42 - [TEST_STEP][PASSED] - workbook01 = getWorkbook(excelFilePath): null

22-11-2024T03:00:42 - [TEST_STEP][PASSED] - sheet01 = getExcelSheet(workbook01, sheetName): null

22-11-2024T03:00:42 - [TEST_STEP][PASSED] - setValueToCellByIndex(sheet01, n, 0, dashboardName): null

22-11-2024T03:00:42 - [TEST_STEP][PASSED] - setValueToCellByIndex(sheet01, n, 1, dZO): null

22-11-2024T03:00:42 - [TEST_STEP][PASSED] - setValueToCellByIndex(sheet01, n, 2, typeOfData): null

22-11-2024T03:00:42 - [TEST_STEP][PASSED] - setValueToCellByIndex(sheet01, n, 3, typeOfData): null

22-11-2024T03:00:42 - [TEST_STEP][PASSED] - if (typeOfData == "План"): null

22-11-2024T03:00:42 - [TEST_STEP][PASSED] - else if (typeOfData == "Факт"): null

22-11-2024T03:00:42 - [TEST_STEP][PASSED] - else if (vidget.contains("электроэнергии") == true): null

22-11-2024T03:00:42 - [TEST_STEP][PASSED] - else: null

22-11-2024T03:00:42 - [TEST_STEP][PASSED] - if (o1R == null): null

22-11-2024T03:00:42 - [TEST_STEP][PASSED] - else: null

22-11-2024T03:00:42 - [TEST_STEP][PASSED] - if (o1R == "нет данных"): null

22-11-2024T03:00:42 - [TEST_STEP][PASSED] - setValueToCellByIndex(sheet01, n, 4, "нет данных"): null

22-11-2024T03:00:42 - [TEST_STEP][PASSED] - if (o1B == null): null

22-11-2024T03:00:42 - [TEST_STEP][PASSED] - else: null

22-11-2024T03:00:42 - [TEST_STEP][PASSED] - if (o1B == "нет данных"): null

22-11-2024T03:00:42 - [TEST_STEP][PASSED] - else: null

22-11-2024T03:00:42 - [TEST_STEP][PASSED] - FB = o1B.toDouble(): null

22-11-2024T03:00:42 - [TEST_STEP][PASSED] - setValueToCellByIndex(sheet01, n, 5, FB): null

22-11-2024T03:00:42 - [TEST_STEP][PASSED] - setValueToCellByIndex(sheet01, n, 6, m): null

22-11-2024T03:00:42 - [TEST_STEP][PASSED] - setValueToCellByIndex(sheet01, n, 7, y): null

22-11-2024T03:00:42 - [TEST_STEP][PASSED] - setValueToCellByIndex(sheet01, n, 8, todaysDate): null

22-11-2024T03:00:42 - [TEST_STEP][PASSED] - n = n + 1: null

22-11-2024T03:00:42 - [TEST_STEP][FAILED] - saveWorkbook(excelFilePath, workbook01): null

22-11-2024T03:00:43 - [TEST_STEP][FAILED] - if (verifyEqual(yR, yB) == false): null

22-11-2024T03:00:43 - [MESSAGE][FAILED] - Unable to verify equal between actual object 'Россети Янтарь/нет данных/нет данных/нет данных/нет данных/нет данных/нет данных/нет данных/нет данных/нет данных' and expected object 'Россети Янтарь/8.59/8.39/3362855/3080808/282047/3237462/2959400/278062/-0.20' (Root cause: com.kms.katalon.core.exception.StepFailedException: Actual object 'Россети Янтарь/нет данных/нет данных/нет данных/нет данных/нет данных/нет данных/нет данных/нет данных/нет данных' and expected object 'Россети Янтарь/8.59/8.39/3362855/3080808/282047/3237462/2959400/278062/-0.20' are not equal
	at com.kms.katalon.core.keyword.builtin.VerifyEqualKeyword$_verifyEqual_closure1.doCall(VerifyEqualKeyword.groovy:58)
	at com.kms.katalon.core.keyword.builtin.VerifyEqualKeyword$_verifyEqual_closure1.call(VerifyEqualKeyword.groovy)
	at com.kms.katalon.core.keyword.internal.KeywordMain.runKeyword(KeywordMain.groovy:75)
	at com.kms.katalon.core.keyword.builtin.VerifyEqualKeyword.verifyEqual(VerifyEqualKeyword.groovy:63)
	at com.kms.katalon.core.keyword.builtin.VerifyEqualKeyword.execute(VerifyEqualKeyword.groovy:44)
	at com.kms.katalon.core.keyword.internal.KeywordExecutor.executeKeywordForPlatform(KeywordExecutor.groovy:74)
	at com.kms.katalon.core.keyword.BuiltinKeywords.verifyEqual(BuiltinKeywords.groovy:146)
	at jdk.internal.reflect.GeneratedMethodAccessor25.invoke(Unknown Source)
	at java.base/jdk.internal.reflect.DelegatingMethodAccessorImpl.invoke(DelegatingMethodAccessorImpl.java:43)
	at Выполнение бизнес-плана сверка дашбордов.run(Выполнение бизнес-плана сверка дашбордов:662)
	at com.kms.katalon.core.main.ScriptEngine.run(ScriptEngine.java:194)
	at com.kms.katalon.core.main.ScriptEngine.runScriptAsRawText(ScriptEngine.java:119)
	at com.kms.katalon.core.main.TestCaseExecutor.runScript(TestCaseExecutor.java:448)
	at com.kms.katalon.core.main.TestCaseExecutor.doExecute(TestCaseExecutor.java:439)
	at com.kms.katalon.core.main.TestCaseExecutor.processExecutionPhase(TestCaseExecutor.java:418)
	at com.kms.katalon.core.main.TestCaseExecutor.accessMainPhase(TestCaseExecutor.java:410)
	at com.kms.katalon.core.main.TestCaseExecutor.execute(TestCaseExecutor.java:285)
	at com.kms.katalon.core.common.CommonExecutor.accessTestCaseMainPhase(CommonExecutor.java:65)
	at com.kms.katalon.core.main.TestSuiteExecutor.accessTestSuiteMainPhase(TestSuiteExecutor.java:150)
	at com.kms.katalon.core.main.TestSuiteExecutor.execute(TestSuiteExecutor.java:106)
	at com.kms.katalon.core.main.TestCaseMain.startTestSuite(TestCaseMain.java:180)
	at TempTestSuite1732232929817.run(TempTestSuite1732232929817.groovy:35)
	at java.base/jdk.internal.reflect.NativeMethodAccessorImpl.invoke0(Native Method)
	at java.base/jdk.internal.reflect.NativeMethodAccessorImpl.invoke(NativeMethodAccessorImpl.java:77)
	at java.base/jdk.internal.reflect.DelegatingMethodAccessorImpl.invoke(DelegatingMethodAccessorImpl.java:43)
)

22-11-2024T03:00:43 - [TEST_STEP][PASSED] - result = CompareDZOData(a = yR, b = yB, dZO, typeOfData, PercPlanR, PercPlanB, PercFactR, PercFactB, todaysDate, x, vidget, tabR, tabB, o1R, o1B): null

22-11-2024T03:00:43 - [TEST_STEP][PASSED] - ii2 = <not implemented yet for class: org.codehaus.groovy.ast.expr.EmptyExpression>: null

22-11-2024T03:00:43 - [TEST_STEP][FAILED] - if (verifyEqual(a, b) == false): null

22-11-2024T03:00:43 - [MESSAGE][FAILED] - Unable to verify equal between actual object 'Россети Янтарь/нет данных/нет данных/нет данных/нет данных/нет данных/нет данных/нет данных/нет данных/нет данных' and expected object 'Россети Янтарь/8.59/8.39/3362855/3080808/282047/3237462/2959400/278062/-0.20' (Root cause: com.kms.katalon.core.exception.StepFailedException: Actual object 'Россети Янтарь/нет данных/нет данных/нет данных/нет данных/нет данных/нет данных/нет данных/нет данных/нет данных' and expected object 'Россети Янтарь/8.59/8.39/3362855/3080808/282047/3237462/2959400/278062/-0.20' are not equal
	at com.kms.katalon.core.keyword.builtin.VerifyEqualKeyword$_verifyEqual_closure1.doCall(VerifyEqualKeyword.groovy:58)
	at com.kms.katalon.core.keyword.builtin.VerifyEqualKeyword$_verifyEqual_closure1.call(VerifyEqualKeyword.groovy)
	at com.kms.katalon.core.keyword.internal.KeywordMain.runKeyword(KeywordMain.groovy:75)
	at com.kms.katalon.core.keyword.builtin.VerifyEqualKeyword.verifyEqual(VerifyEqualKeyword.groovy:63)
	at com.kms.katalon.core.keyword.builtin.VerifyEqualKeyword.execute(VerifyEqualKeyword.groovy:44)
	at com.kms.katalon.core.keyword.internal.KeywordExecutor.executeKeywordForPlatform(KeywordExecutor.groovy:74)
	at com.kms.katalon.core.keyword.BuiltinKeywords.verifyEqual(BuiltinKeywords.groovy:146)
	at jdk.internal.reflect.GeneratedMethodAccessor25.invoke(Unknown Source)
	at java.base/jdk.internal.reflect.DelegatingMethodAccessorImpl.invoke(DelegatingMethodAccessorImpl.java:43)
	at Выполнение бизнес-плана сверка дашбордов.CompareDZOData(Выполнение бизнес-плана сверка дашбордов:673)
	at Выполнение бизнес-плана сверка дашбордов.run(Выполнение бизнес-плана сверка дашбордов:663)
	at com.kms.katalon.core.main.ScriptEngine.run(ScriptEngine.java:194)
	at com.kms.katalon.core.main.ScriptEngine.runScriptAsRawText(ScriptEngine.java:119)
	at com.kms.katalon.core.main.TestCaseExecutor.runScript(TestCaseExecutor.java:448)
	at com.kms.katalon.core.main.TestCaseExecutor.doExecute(TestCaseExecutor.java:439)
	at com.kms.katalon.core.main.TestCaseExecutor.processExecutionPhase(TestCaseExecutor.java:418)
	at com.kms.katalon.core.main.TestCaseExecutor.accessMainPhase(TestCaseExecutor.java:410)
	at com.kms.katalon.core.main.TestCaseExecutor.execute(TestCaseExecutor.java:285)
	at com.kms.katalon.core.common.CommonExecutor.accessTestCaseMainPhase(CommonExecutor.java:65)
	at com.kms.katalon.core.main.TestSuiteExecutor.accessTestSuiteMainPhase(TestSuiteExecutor.java:150)
	at com.kms.katalon.core.main.TestSuiteExecutor.execute(TestSuiteExecutor.java:106)
	at com.kms.katalon.core.main.TestCaseMain.startTestSuite(TestCaseMain.java:180)
	at TempTestSuite1732232929817.run(TempTestSuite1732232929817.groovy:35)
	at java.base/jdk.internal.reflect.NativeMethodAccessorImpl.invoke0(Native Method)
	at java.base/jdk.internal.reflect.NativeMethodAccessorImpl.invoke(NativeMethodAccessorImpl.java:77)
	at java.base/jdk.internal.reflect.DelegatingMethodAccessorImpl.invoke(DelegatingMethodAccessorImpl.java:43)
)

22-11-2024T03:00:43 - [TEST_STEP][PASSED] - vidget = "Уровень потерь электроэнергии": null

22-11-2024T03:00:43 - [TEST_STEP][PASSED] - typeOfData = "План": null

22-11-2024T03:00:43 - [TEST_STEP][PASSED] - PercPlanR = GetPercPlanR(x = a): null

22-11-2024T03:00:43 - [TEST_STEP][PASSED] - i1 = <not implemented yet for class: org.codehaus.groovy.ast.expr.EmptyExpression>: null

22-11-2024T03:00:43 - [TEST_STEP][PASSED] - i1 = x.indexOf("/") + 1: null

22-11-2024T03:00:43 - [TEST_STEP][PASSED] - if (i1 > -1): null

22-11-2024T03:00:43 - [TEST_STEP][PASSED] - x = x.substring(i1, x.length()): null

22-11-2024T03:00:43 - [TEST_STEP][PASSED] - i1 = x.indexOf("/"): null

22-11-2024T03:00:43 - [TEST_STEP][PASSED] - if (i1 > -1): null

22-11-2024T03:00:43 - [TEST_STEP][PASSED] - x = x.substring(0, i1): null

22-11-2024T03:00:43 - [TEST_STEP][PASSED] - return x: null

22-11-2024T03:00:43 - [TEST_STEP][PASSED] - PercPlanB = GetPercPlanB(x = b): null

22-11-2024T03:00:43 - [TEST_STEP][PASSED] - i1 = <not implemented yet for class: org.codehaus.groovy.ast.expr.EmptyExpression>: null

22-11-2024T03:00:43 - [TEST_STEP][PASSED] - i1 = x.indexOf("/") + 1: null

22-11-2024T03:00:43 - [TEST_STEP][PASSED] - if (i1 > -1): null

22-11-2024T03:00:43 - [TEST_STEP][PASSED] - x = x.substring(i1, x.length()): null

22-11-2024T03:00:43 - [TEST_STEP][PASSED] - i1 = x.indexOf("/"): null

22-11-2024T03:00:43 - [TEST_STEP][PASSED] - if (i1 > -1): null

22-11-2024T03:00:43 - [TEST_STEP][PASSED] - x = x.substring(0, i1): null

22-11-2024T03:00:43 - [TEST_STEP][FAILED] - return x: null

22-11-2024T03:00:43 - [TEST_STEP][FAILED] - if (verifyEqual(PercPlanR, PercPlanB) == false): null

22-11-2024T03:00:43 - [MESSAGE][FAILED] - Unable to verify equal between actual object 'нет данных' and expected object '8.59' (Root cause: com.kms.katalon.core.exception.StepFailedException: Actual object 'нет данных' and expected object '8.59' are not equal
	at com.kms.katalon.core.keyword.builtin.VerifyEqualKeyword$_verifyEqual_closure1.doCall(VerifyEqualKeyword.groovy:58)
	at com.kms.katalon.core.keyword.builtin.VerifyEqualKeyword$_verifyEqual_closure1.call(VerifyEqualKeyword.groovy)
	at com.kms.katalon.core.keyword.internal.KeywordMain.runKeyword(KeywordMain.groovy:75)
	at com.kms.katalon.core.keyword.builtin.VerifyEqualKeyword.verifyEqual(VerifyEqualKeyword.groovy:63)
	at com.kms.katalon.core.keyword.builtin.VerifyEqualKeyword.execute(VerifyEqualKeyword.groovy:44)
	at com.kms.katalon.core.keyword.internal.KeywordExecutor.executeKeywordForPlatform(KeywordExecutor.groovy:74)
	at com.kms.katalon.core.keyword.BuiltinKeywords.verifyEqual(BuiltinKeywords.groovy:146)
	at jdk.internal.reflect.GeneratedMethodAccessor25.invoke(Unknown Source)
	at java.base/jdk.internal.reflect.DelegatingMethodAccessorImpl.invoke(DelegatingMethodAccessorImpl.java:43)
	at Выполнение бизнес-плана сверка дашбордов.CompareDZOData(Выполнение бизнес-плана сверка дашбордов:682)
	at Выполнение бизнес-плана сверка дашбордов.run(Выполнение бизнес-плана сверка дашбордов:663)
	at com.kms.katalon.core.main.ScriptEngine.run(ScriptEngine.java:194)
	at com.kms.katalon.core.main.ScriptEngine.runScriptAsRawText(ScriptEngine.java:119)
	at com.kms.katalon.core.main.TestCaseExecutor.runScript(TestCaseExecutor.java:448)
	at com.kms.katalon.core.main.TestCaseExecutor.doExecute(TestCaseExecutor.java:439)
	at com.kms.katalon.core.main.TestCaseExecutor.processExecutionPhase(TestCaseExecutor.java:418)
	at com.kms.katalon.core.main.TestCaseExecutor.accessMainPhase(TestCaseExecutor.java:410)
	at com.kms.katalon.core.main.TestCaseExecutor.execute(TestCaseExecutor.java:285)
	at com.kms.katalon.core.common.CommonExecutor.accessTestCaseMainPhase(CommonExecutor.java:65)
	at com.kms.katalon.core.main.TestSuiteExecutor.accessTestSuiteMainPhase(TestSuiteExecutor.java:150)
	at com.kms.katalon.core.main.TestSuiteExecutor.execute(TestSuiteExecutor.java:106)
	at com.kms.katalon.core.main.TestCaseMain.startTestSuite(TestCaseMain.java:180)
	at TempTestSuite1732232929817.run(TempTestSuite1732232929817.groovy:35)
	at java.base/jdk.internal.reflect.NativeMethodAccessorImpl.invoke0(Native Method)
	at java.base/jdk.internal.reflect.NativeMethodAccessorImpl.invoke(NativeMethodAccessorImpl.java:77)
	at java.base/jdk.internal.reflect.DelegatingMethodAccessorImpl.invoke(DelegatingMethodAccessorImpl.java:43)
)

22-11-2024T03:00:43 - [TEST_STEP][PASSED] - result = WriteToExcel(typeOfData, todaysDate, PercPlanR, PercPlanB, PercFactR, PercFactB, x, tabR, tabB, o1R, o1B, vidget): null

22-11-2024T03:00:43 - [TEST_STEP][PASSED] - iii = dZO.indexOf("/"): null

22-11-2024T03:00:43 - [TEST_STEP][PASSED] - println(iii): null

22-11-2024T03:00:43 - [TEST_STEP][PASSED] - dZO = dZO.substring(0, iii): null

22-11-2024T03:00:43 - [TEST_STEP][PASSED] - println(dZO): null

22-11-2024T03:00:43 - [TEST_STEP][PASSED] - println(PercPlanR): null

22-11-2024T03:00:43 - [TEST_STEP][PASSED] - println(PercPlanB): null

22-11-2024T03:00:43 - [TEST_STEP][PASSED] - println(PercFactR): null

22-11-2024T03:00:43 - [TEST_STEP][PASSED] - println(PercFactB): null

22-11-2024T03:00:43 - [TEST_STEP][PASSED] - println(tabR): null

22-11-2024T03:00:43 - [TEST_STEP][PASSED] - println(tabB): null

22-11-2024T03:00:43 - [TEST_STEP][PASSED] - println(o1R): null

22-11-2024T03:00:43 - [TEST_STEP][PASSED] - println(o1B): null

22-11-2024T03:00:43 - [TEST_STEP][PASSED] - PR = <not implemented yet for class: org.codehaus.groovy.ast.expr.EmptyExpression>: null

22-11-2024T03:00:43 - [TEST_STEP][PASSED] - FR = <not implemented yet for class: org.codehaus.groovy.ast.expr.EmptyExpression>: null

22-11-2024T03:00:43 - [TEST_STEP][PASSED] - PB = <not implemented yet for class: org.codehaus.groovy.ast.expr.EmptyExpression>: null

22-11-2024T03:00:43 - [TEST_STEP][PASSED] - FB = <not implemented yet for class: org.codehaus.groovy.ast.expr.EmptyExpression>: null

22-11-2024T03:00:43 - [TEST_STEP][PASSED] - TR = <not implemented yet for class: org.codehaus.groovy.ast.expr.EmptyExpression>: null

22-11-2024T03:00:43 - [TEST_STEP][PASSED] - TB = <not implemented yet for class: org.codehaus.groovy.ast.expr.EmptyExpression>: null

22-11-2024T03:00:43 - [TEST_STEP][PASSED] - sheetName = "Sheet1": null

22-11-2024T03:00:43 - [TEST_STEP][PASSED] - data = findTestData("PlanFact"): null

22-11-2024T03:00:43 - [TEST_STEP][PASSED] - n = data.getRowNumbers() + 1: null

22-11-2024T03:00:43 - [TEST_STEP][PASSED] - year = todaysDate.substring(todaysDate.length() - 4, todaysDate.length()): null

22-11-2024T03:00:43 - [TEST_STEP][PASSED] - y = year.toInteger(): null

22-11-2024T03:00:43 - [TEST_STEP][PASSED] - m = getText(findTestObject("Выполнение бизнес-плана/Выполнение бизнес-плана Балансы/Фильтр Дата")): Text of object 'Object Repository/Выполнение бизнес-плана/Выполнение бизнес-плана Балансы/Фильтр Дата' is: '1, 2, 3 кв. 2024 года'

22-11-2024T03:00:43 - [MESSAGE][PASSED] - Text of object 'Object Repository/Выполнение бизнес-плана/Выполнение бизнес-плана Балансы/Фильтр Дата' is: '1, 2, 3 кв. 2024 года'

22-11-2024T03:00:43 - [TEST_STEP][PASSED] - m = m.substring(0, m.indexOf("2024")): null

22-11-2024T03:00:43 - [TEST_STEP][PASSED] - m = m.trim(): null

22-11-2024T03:00:43 - [TEST_STEP][PASSED] - dashboardName = "Выполнение бизнес-плана": null

22-11-2024T03:00:43 - [TEST_STEP][PASSED] - workbook01 = getWorkbook(excelFilePath): null

22-11-2024T03:00:43 - [TEST_STEP][PASSED] - sheet01 = getExcelSheet(workbook01, sheetName): null

22-11-2024T03:00:43 - [TEST_STEP][PASSED] - setValueToCellByIndex(sheet01, n, 0, dashboardName): null

22-11-2024T03:00:43 - [TEST_STEP][PASSED] - setValueToCellByIndex(sheet01, n, 1, dZO): null

22-11-2024T03:00:43 - [TEST_STEP][PASSED] - setValueToCellByIndex(sheet01, n, 2, typeOfData): null

22-11-2024T03:00:43 - [TEST_STEP][PASSED] - setValueToCellByIndex(sheet01, n, 3, typeOfData): null

22-11-2024T03:00:43 - [TEST_STEP][PASSED] - if (typeOfData == "План"): null

22-11-2024T03:00:43 - [TEST_STEP][PASSED] - if (PercPlanR == null): null

22-11-2024T03:00:43 - [TEST_STEP][PASSED] - else: null

22-11-2024T03:00:43 - [TEST_STEP][PASSED] - if (PercPlanR == "нет данных"): null

22-11-2024T03:00:43 - [TEST_STEP][PASSED] - setValueToCellByIndex(sheet01, n, 4, "нет данных"): null

22-11-2024T03:00:43 - [TEST_STEP][PASSED] - if (PercPlanB == null): null

22-11-2024T03:00:43 - [TEST_STEP][PASSED] - else: null

22-11-2024T03:00:43 - [TEST_STEP][PASSED] - if (PercPlanB == "нет данных"): null

22-11-2024T03:00:43 - [TEST_STEP][PASSED] - else: null

22-11-2024T03:00:43 - [TEST_STEP][PASSED] - PB = PercPlanB.toDouble(): null

22-11-2024T03:00:43 - [TEST_STEP][PASSED] - setValueToCellByIndex(sheet01, n, 5, PB): null

22-11-2024T03:00:43 - [TEST_STEP][PASSED] - setValueToCellByIndex(sheet01, n, 6, m): null

22-11-2024T03:00:43 - [TEST_STEP][PASSED] - setValueToCellByIndex(sheet01, n, 7, y): null

22-11-2024T03:00:43 - [TEST_STEP][PASSED] - setValueToCellByIndex(sheet01, n, 8, todaysDate): null

22-11-2024T03:00:43 - [TEST_STEP][PASSED] - n = n + 1: null

22-11-2024T03:00:43 - [TEST_STEP][PASSED] - saveWorkbook(excelFilePath, workbook01): null

22-11-2024T03:00:43 - [TEST_STEP][PASSED] - typeOfData = "Факт": null

22-11-2024T03:00:43 - [TEST_STEP][PASSED] - PercFactR = GetPercFactR(x = a): null

22-11-2024T03:00:43 - [TEST_STEP][PASSED] - i1 = <not implemented yet for class: org.codehaus.groovy.ast.expr.EmptyExpression>: null

22-11-2024T03:00:43 - [TEST_STEP][PASSED] - ii = <not implemented yet for class: org.codehaus.groovy.ast.expr.EmptyExpression>: null

22-11-2024T03:00:43 - [TEST_STEP][PASSED] - for ([ii = 1, ii < 3, (ii++)]): null

22-11-2024T03:00:43 - [TEST_STEP][PASSED] - i1 = x.indexOf("/") + 1: null

22-11-2024T03:00:43 - [TEST_STEP][PASSED] - if (i1 > -1): null

22-11-2024T03:00:43 - [TEST_STEP][PASSED] - x = x.substring(i1, x.length()): null

22-11-2024T03:00:43 - [TEST_STEP][PASSED] - println(x): null

22-11-2024T03:00:43 - [TEST_STEP][PASSED] - i1 = x.indexOf("/") + 1: null

22-11-2024T03:00:43 - [TEST_STEP][PASSED] - if (i1 > -1): null

22-11-2024T03:00:43 - [TEST_STEP][PASSED] - x = x.substring(i1, x.length()): null

22-11-2024T03:00:43 - [TEST_STEP][PASSED] - println(x): null

22-11-2024T03:00:43 - [TEST_STEP][PASSED] - i1 = x.indexOf("/"): null

22-11-2024T03:00:43 - [TEST_STEP][PASSED] - if (i1 > -1): null

22-11-2024T03:00:43 - [TEST_STEP][PASSED] - x = x.substring(0, i1): null

22-11-2024T03:00:43 - [TEST_STEP][PASSED] - println(x): null

22-11-2024T03:00:43 - [TEST_STEP][PASSED] - return x: null

22-11-2024T03:00:43 - [TEST_STEP][PASSED] - PercFactB = GetPercFactB(x = b): null

22-11-2024T03:00:43 - [TEST_STEP][PASSED] - i1 = <not implemented yet for class: org.codehaus.groovy.ast.expr.EmptyExpression>: null

22-11-2024T03:00:43 - [TEST_STEP][PASSED] - ii = <not implemented yet for class: org.codehaus.groovy.ast.expr.EmptyExpression>: null

22-11-2024T03:00:43 - [TEST_STEP][PASSED] - for ([ii = 1, ii < 3, (ii++)]): null

22-11-2024T03:00:43 - [TEST_STEP][PASSED] - i1 = x.indexOf("/") + 1: null

22-11-2024T03:00:43 - [TEST_STEP][PASSED] - if (i1 > -1): null

22-11-2024T03:00:43 - [TEST_STEP][PASSED] - x = x.substring(i1, x.length()): null

22-11-2024T03:00:43 - [TEST_STEP][PASSED] - println(x): null

22-11-2024T03:00:43 - [TEST_STEP][PASSED] - i1 = x.indexOf("/") + 1: null

22-11-2024T03:00:43 - [TEST_STEP][PASSED] - if (i1 > -1): null

22-11-2024T03:00:43 - [TEST_STEP][PASSED] - x = x.substring(i1, x.length()): null

22-11-2024T03:00:43 - [TEST_STEP][PASSED] - println(x): null

22-11-2024T03:00:43 - [TEST_STEP][PASSED] - i1 = x.indexOf("/"): null

22-11-2024T03:00:43 - [TEST_STEP][PASSED] - if (i1 > -1): null

22-11-2024T03:00:43 - [TEST_STEP][PASSED] - x = x.substring(0, i1): null

22-11-2024T03:00:43 - [TEST_STEP][PASSED] - println(x): null

22-11-2024T03:00:43 - [TEST_STEP][FAILED] - return x: null

22-11-2024T03:00:43 - [TEST_STEP][FAILED] - if (verifyEqual(PercFactR, PercFactB) == false): null

22-11-2024T03:00:43 - [MESSAGE][FAILED] - Unable to verify equal between actual object 'нет данных' and expected object '8.39' (Root cause: com.kms.katalon.core.exception.StepFailedException: Actual object 'нет данных' and expected object '8.39' are not equal
	at com.kms.katalon.core.keyword.builtin.VerifyEqualKeyword$_verifyEqual_closure1.doCall(VerifyEqualKeyword.groovy:58)
	at com.kms.katalon.core.keyword.builtin.VerifyEqualKeyword$_verifyEqual_closure1.call(VerifyEqualKeyword.groovy)
	at com.kms.katalon.core.keyword.internal.KeywordMain.runKeyword(KeywordMain.groovy:75)
	at com.kms.katalon.core.keyword.builtin.VerifyEqualKeyword.verifyEqual(VerifyEqualKeyword.groovy:63)
	at com.kms.katalon.core.keyword.builtin.VerifyEqualKeyword.execute(VerifyEqualKeyword.groovy:44)
	at com.kms.katalon.core.keyword.internal.KeywordExecutor.executeKeywordForPlatform(KeywordExecutor.groovy:74)
	at com.kms.katalon.core.keyword.BuiltinKeywords.verifyEqual(BuiltinKeywords.groovy:146)
	at jdk.internal.reflect.GeneratedMethodAccessor25.invoke(Unknown Source)
	at java.base/jdk.internal.reflect.DelegatingMethodAccessorImpl.invoke(DelegatingMethodAccessorImpl.java:43)
	at Выполнение бизнес-плана сверка дашбордов.CompareDZOData(Выполнение бизнес-плана сверка дашбордов:693)
	at Выполнение бизнес-плана сверка дашбордов.run(Выполнение бизнес-плана сверка дашбордов:663)
	at com.kms.katalon.core.main.ScriptEngine.run(ScriptEngine.java:194)
	at com.kms.katalon.core.main.ScriptEngine.runScriptAsRawText(ScriptEngine.java:119)
	at com.kms.katalon.core.main.TestCaseExecutor.runScript(TestCaseExecutor.java:448)
	at com.kms.katalon.core.main.TestCaseExecutor.doExecute(TestCaseExecutor.java:439)
	at com.kms.katalon.core.main.TestCaseExecutor.processExecutionPhase(TestCaseExecutor.java:418)
	at com.kms.katalon.core.main.TestCaseExecutor.accessMainPhase(TestCaseExecutor.java:410)
	at com.kms.katalon.core.main.TestCaseExecutor.execute(TestCaseExecutor.java:285)
	at com.kms.katalon.core.common.CommonExecutor.accessTestCaseMainPhase(CommonExecutor.java:65)
	at com.kms.katalon.core.main.TestSuiteExecutor.accessTestSuiteMainPhase(TestSuiteExecutor.java:150)
	at com.kms.katalon.core.main.TestSuiteExecutor.execute(TestSuiteExecutor.java:106)
	at com.kms.katalon.core.main.TestCaseMain.startTestSuite(TestCaseMain.java:180)
	at TempTestSuite1732232929817.run(TempTestSuite1732232929817.groovy:35)
	at java.base/jdk.internal.reflect.NativeMethodAccessorImpl.invoke0(Native Method)
	at java.base/jdk.internal.reflect.NativeMethodAccessorImpl.invoke(NativeMethodAccessorImpl.java:77)
	at java.base/jdk.internal.reflect.DelegatingMethodAccessorImpl.invoke(DelegatingMethodAccessorImpl.java:43)
)

22-11-2024T03:00:43 - [TEST_STEP][PASSED] - result = WriteToExcel(typeOfData, todaysDate, PercPlanR, PercPlanB, PercFactR, PercFactB, x, tabR, tabB, o1R, o1B, vidget): null

22-11-2024T03:00:43 - [TEST_STEP][PASSED] - iii = dZO.indexOf("/"): null

22-11-2024T03:00:43 - [TEST_STEP][PASSED] - println(iii): null

22-11-2024T03:00:43 - [TEST_STEP][PASSED] - dZO = dZO.substring(0, iii): null

22-11-2024T03:00:43 - [TEST_STEP][PASSED] - println(dZO): null

22-11-2024T03:00:43 - [TEST_STEP][PASSED] - println(PercPlanR): null

22-11-2024T03:00:43 - [TEST_STEP][PASSED] - println(PercPlanB): null

22-11-2024T03:00:43 - [TEST_STEP][PASSED] - println(PercFactR): null

22-11-2024T03:00:43 - [TEST_STEP][PASSED] - println(PercFactB): null

22-11-2024T03:00:43 - [TEST_STEP][PASSED] - println(tabR): null

22-11-2024T03:00:43 - [TEST_STEP][PASSED] - println(tabB): null

22-11-2024T03:00:43 - [TEST_STEP][PASSED] - println(o1R): null

22-11-2024T03:00:43 - [TEST_STEP][PASSED] - println(o1B): null

22-11-2024T03:00:43 - [TEST_STEP][PASSED] - PR = <not implemented yet for class: org.codehaus.groovy.ast.expr.EmptyExpression>: null

22-11-2024T03:00:43 - [TEST_STEP][PASSED] - FR = <not implemented yet for class: org.codehaus.groovy.ast.expr.EmptyExpression>: null

22-11-2024T03:00:43 - [TEST_STEP][PASSED] - PB = <not implemented yet for class: org.codehaus.groovy.ast.expr.EmptyExpression>: null

22-11-2024T03:00:43 - [TEST_STEP][PASSED] - FB = <not implemented yet for class: org.codehaus.groovy.ast.expr.EmptyExpression>: null

22-11-2024T03:00:43 - [TEST_STEP][PASSED] - TR = <not implemented yet for class: org.codehaus.groovy.ast.expr.EmptyExpression>: null

22-11-2024T03:00:43 - [TEST_STEP][PASSED] - TB = <not implemented yet for class: org.codehaus.groovy.ast.expr.EmptyExpression>: null

22-11-2024T03:00:43 - [TEST_STEP][PASSED] - sheetName = "Sheet1": null

22-11-2024T03:00:43 - [TEST_STEP][PASSED] - data = findTestData("PlanFact"): null

22-11-2024T03:00:43 - [TEST_STEP][PASSED] - n = data.getRowNumbers() + 1: null

22-11-2024T03:00:43 - [TEST_STEP][PASSED] - year = todaysDate.substring(todaysDate.length() - 4, todaysDate.length()): null

22-11-2024T03:00:43 - [TEST_STEP][PASSED] - y = year.toInteger(): null

22-11-2024T03:00:43 - [TEST_STEP][PASSED] - m = getText(findTestObject("Выполнение бизнес-плана/Выполнение бизнес-плана Балансы/Фильтр Дата")): Text of object 'Object Repository/Выполнение бизнес-плана/Выполнение бизнес-плана Балансы/Фильтр Дата' is: '1, 2, 3 кв. 2024 года'

22-11-2024T03:00:44 - [MESSAGE][PASSED] - Text of object 'Object Repository/Выполнение бизнес-плана/Выполнение бизнес-плана Балансы/Фильтр Дата' is: '1, 2, 3 кв. 2024 года'

22-11-2024T03:00:44 - [TEST_STEP][PASSED] - m = m.substring(0, m.indexOf("2024")): null

22-11-2024T03:00:44 - [TEST_STEP][PASSED] - m = m.trim(): null

22-11-2024T03:00:44 - [TEST_STEP][PASSED] - dashboardName = "Выполнение бизнес-плана": null

22-11-2024T03:00:44 - [TEST_STEP][PASSED] - workbook01 = getWorkbook(excelFilePath): null

22-11-2024T03:00:44 - [TEST_STEP][PASSED] - sheet01 = getExcelSheet(workbook01, sheetName): null

22-11-2024T03:00:44 - [TEST_STEP][PASSED] - setValueToCellByIndex(sheet01, n, 0, dashboardName): null

22-11-2024T03:00:44 - [TEST_STEP][PASSED] - setValueToCellByIndex(sheet01, n, 1, dZO): null

22-11-2024T03:00:44 - [TEST_STEP][PASSED] - setValueToCellByIndex(sheet01, n, 2, typeOfData): null

22-11-2024T03:00:44 - [TEST_STEP][PASSED] - setValueToCellByIndex(sheet01, n, 3, typeOfData): null

22-11-2024T03:00:44 - [TEST_STEP][PASSED] - if (typeOfData == "План"): null

22-11-2024T03:00:44 - [TEST_STEP][PASSED] - else if (typeOfData == "Факт"): null

22-11-2024T03:00:44 - [TEST_STEP][PASSED] - if (PercFactR == null): null

22-11-2024T03:00:44 - [TEST_STEP][PASSED] - else: null

22-11-2024T03:00:44 - [TEST_STEP][PASSED] - if (PercFactR == "нет данных"): null

22-11-2024T03:00:44 - [TEST_STEP][PASSED] - setValueToCellByIndex(sheet01, n, 4, "нет данных"): null

22-11-2024T03:00:44 - [TEST_STEP][PASSED] - if (PercFactB == null): null

22-11-2024T03:00:44 - [TEST_STEP][PASSED] - else: null

22-11-2024T03:00:44 - [TEST_STEP][PASSED] - if (PercFactB == "нет данных"): null

22-11-2024T03:00:44 - [TEST_STEP][PASSED] - else: null

22-11-2024T03:00:44 - [TEST_STEP][PASSED] - FB = PercFactB.toDouble(): null

22-11-2024T03:00:44 - [TEST_STEP][PASSED] - setValueToCellByIndex(sheet01, n, 5, FB): null

22-11-2024T03:00:44 - [TEST_STEP][PASSED] - setValueToCellByIndex(sheet01, n, 6, m): null

22-11-2024T03:00:44 - [TEST_STEP][PASSED] - setValueToCellByIndex(sheet01, n, 7, y): null

22-11-2024T03:00:44 - [TEST_STEP][PASSED] - setValueToCellByIndex(sheet01, n, 8, todaysDate): null

22-11-2024T03:00:44 - [TEST_STEP][PASSED] - n = n + 1: null

22-11-2024T03:00:44 - [TEST_STEP][PASSED] - saveWorkbook(excelFilePath, workbook01): null

22-11-2024T03:00:44 - [TEST_STEP][PASSED] - vidget = "Показатели баланса электроэнергии по ДЗО – Факт": null

22-11-2024T03:00:44 - [TEST_STEP][PASSED] - typeOfData = "Факт Отпуск в сеть": null

22-11-2024T03:00:44 - [TEST_STEP][PASSED] - tabR = GetOvSFactR(x = a): null

22-11-2024T03:00:44 - [TEST_STEP][PASSED] - i1 = <not implemented yet for class: org.codehaus.groovy.ast.expr.EmptyExpression>: null

22-11-2024T03:00:44 - [TEST_STEP][PASSED] - ii = <not implemented yet for class: org.codehaus.groovy.ast.expr.EmptyExpression>: null

22-11-2024T03:00:44 - [TEST_STEP][PASSED] - for ([ii = 1, ii < 4, (ii++)]): null

22-11-2024T03:00:44 - [TEST_STEP][PASSED] - i1 = x.indexOf("/") + 1: null

22-11-2024T03:00:44 - [TEST_STEP][PASSED] - if (i1 > -1): null

22-11-2024T03:00:44 - [TEST_STEP][PASSED] - x = x.substring(i1, x.length()): null

22-11-2024T03:00:44 - [TEST_STEP][PASSED] - println(x): null

22-11-2024T03:00:44 - [TEST_STEP][PASSED] - i1 = x.indexOf("/") + 1: null

22-11-2024T03:00:44 - [TEST_STEP][PASSED] - if (i1 > -1): null

22-11-2024T03:00:44 - [TEST_STEP][PASSED] - x = x.substring(i1, x.length()): null

22-11-2024T03:00:44 - [TEST_STEP][PASSED] - println(x): null

22-11-2024T03:00:44 - [TEST_STEP][PASSED] - i1 = x.indexOf("/") + 1: null

22-11-2024T03:00:44 - [TEST_STEP][PASSED] - if (i1 > -1): null

22-11-2024T03:00:44 - [TEST_STEP][PASSED] - x = x.substring(i1, x.length()): null

22-11-2024T03:00:44 - [TEST_STEP][PASSED] - println(x): null

22-11-2024T03:00:44 - [TEST_STEP][PASSED] - i1 = x.indexOf("/"): null

22-11-2024T03:00:44 - [TEST_STEP][PASSED] - if (i1 > -1): null

22-11-2024T03:00:44 - [TEST_STEP][PASSED] - x = x.substring(0, i1): null

22-11-2024T03:00:44 - [TEST_STEP][PASSED] - println(x): null

22-11-2024T03:00:44 - [TEST_STEP][PASSED] - return x: null

22-11-2024T03:00:44 - [TEST_STEP][PASSED] - tabB = GetOvSFactB(x = b): null

22-11-2024T03:00:44 - [TEST_STEP][PASSED] - i1 = <not implemented yet for class: org.codehaus.groovy.ast.expr.EmptyExpression>: null

22-11-2024T03:00:44 - [TEST_STEP][PASSED] - ii = <not implemented yet for class: org.codehaus.groovy.ast.expr.EmptyExpression>: null

22-11-2024T03:00:44 - [TEST_STEP][PASSED] - for ([ii = 1, ii < 4, (ii++)]): null

22-11-2024T03:00:44 - [TEST_STEP][PASSED] - i1 = x.indexOf("/") + 1: null

22-11-2024T03:00:44 - [TEST_STEP][PASSED] - if (i1 > -1): null

22-11-2024T03:00:44 - [TEST_STEP][PASSED] - x = x.substring(i1, x.length()): null

22-11-2024T03:00:44 - [TEST_STEP][PASSED] - println(x): null

22-11-2024T03:00:44 - [TEST_STEP][PASSED] - i1 = x.indexOf("/") + 1: null

22-11-2024T03:00:44 - [TEST_STEP][PASSED] - if (i1 > -1): null

22-11-2024T03:00:44 - [TEST_STEP][PASSED] - x = x.substring(i1, x.length()): null

22-11-2024T03:00:44 - [TEST_STEP][PASSED] - println(x): null

22-11-2024T03:00:44 - [TEST_STEP][PASSED] - i1 = x.indexOf("/") + 1: null

22-11-2024T03:00:44 - [TEST_STEP][PASSED] - if (i1 > -1): null

22-11-2024T03:00:44 - [TEST_STEP][PASSED] - x = x.substring(i1, x.length()): null

22-11-2024T03:00:44 - [TEST_STEP][PASSED] - println(x): null

22-11-2024T03:00:44 - [TEST_STEP][PASSED] - i1 = x.indexOf("/"): null

22-11-2024T03:00:44 - [TEST_STEP][PASSED] - if (i1 > -1): null

22-11-2024T03:00:44 - [TEST_STEP][PASSED] - x = x.substring(0, i1): null

22-11-2024T03:00:44 - [TEST_STEP][PASSED] - println(x): null

22-11-2024T03:00:44 - [TEST_STEP][FAILED] - return x: null

22-11-2024T03:00:44 - [TEST_STEP][FAILED] - if (verifyEqual(tabR, tabB) == false): null

22-11-2024T03:00:44 - [MESSAGE][FAILED] - Unable to verify equal between actual object 'нет данных' and expected object '3362855' (Root cause: com.kms.katalon.core.exception.StepFailedException: Actual object 'нет данных' and expected object '3362855' are not equal
	at com.kms.katalon.core.keyword.builtin.VerifyEqualKeyword$_verifyEqual_closure1.doCall(VerifyEqualKeyword.groovy:58)
	at com.kms.katalon.core.keyword.builtin.VerifyEqualKeyword$_verifyEqual_closure1.call(VerifyEqualKeyword.groovy)
	at com.kms.katalon.core.keyword.internal.KeywordMain.runKeyword(KeywordMain.groovy:75)
	at com.kms.katalon.core.keyword.builtin.VerifyEqualKeyword.verifyEqual(VerifyEqualKeyword.groovy:63)
	at com.kms.katalon.core.keyword.builtin.VerifyEqualKeyword.execute(VerifyEqualKeyword.groovy:44)
	at com.kms.katalon.core.keyword.internal.KeywordExecutor.executeKeywordForPlatform(KeywordExecutor.groovy:74)
	at com.kms.katalon.core.keyword.BuiltinKeywords.verifyEqual(BuiltinKeywords.groovy:146)
	at jdk.internal.reflect.GeneratedMethodAccessor25.invoke(Unknown Source)
	at java.base/jdk.internal.reflect.DelegatingMethodAccessorImpl.invoke(DelegatingMethodAccessorImpl.java:43)
	at Выполнение бизнес-плана сверка дашбордов.CompareDZOData(Выполнение бизнес-плана сверка дашбордов:706)
	at Выполнение бизнес-плана сверка дашбордов.run(Выполнение бизнес-плана сверка дашбордов:663)
	at com.kms.katalon.core.main.ScriptEngine.run(ScriptEngine.java:194)
	at com.kms.katalon.core.main.ScriptEngine.runScriptAsRawText(ScriptEngine.java:119)
	at com.kms.katalon.core.main.TestCaseExecutor.runScript(TestCaseExecutor.java:448)
	at com.kms.katalon.core.main.TestCaseExecutor.doExecute(TestCaseExecutor.java:439)
	at com.kms.katalon.core.main.TestCaseExecutor.processExecutionPhase(TestCaseExecutor.java:418)
	at com.kms.katalon.core.main.TestCaseExecutor.accessMainPhase(TestCaseExecutor.java:410)
	at com.kms.katalon.core.main.TestCaseExecutor.execute(TestCaseExecutor.java:285)
	at com.kms.katalon.core.common.CommonExecutor.accessTestCaseMainPhase(CommonExecutor.java:65)
	at com.kms.katalon.core.main.TestSuiteExecutor.accessTestSuiteMainPhase(TestSuiteExecutor.java:150)
	at com.kms.katalon.core.main.TestSuiteExecutor.execute(TestSuiteExecutor.java:106)
	at com.kms.katalon.core.main.TestCaseMain.startTestSuite(TestCaseMain.java:180)
	at TempTestSuite1732232929817.run(TempTestSuite1732232929817.groovy:35)
	at java.base/jdk.internal.reflect.NativeMethodAccessorImpl.invoke0(Native Method)
	at java.base/jdk.internal.reflect.NativeMethodAccessorImpl.invoke(NativeMethodAccessorImpl.java:77)
	at java.base/jdk.internal.reflect.DelegatingMethodAccessorImpl.invoke(DelegatingMethodAccessorImpl.java:43)
)

22-11-2024T03:00:44 - [TEST_STEP][PASSED] - result = WriteToExcel(typeOfData, todaysDate, PercPlanR, PercPlanB, PercFactR, PercFactB, x, tabR, tabB, o1R, o1B, vidget): null

22-11-2024T03:00:44 - [TEST_STEP][PASSED] - iii = dZO.indexOf("/"): null

22-11-2024T03:00:44 - [TEST_STEP][PASSED] - println(iii): null

22-11-2024T03:00:44 - [TEST_STEP][PASSED] - dZO = dZO.substring(0, iii): null

22-11-2024T03:00:44 - [TEST_STEP][PASSED] - println(dZO): null

22-11-2024T03:00:44 - [TEST_STEP][PASSED] - println(PercPlanR): null

22-11-2024T03:00:44 - [TEST_STEP][PASSED] - println(PercPlanB): null

22-11-2024T03:00:44 - [TEST_STEP][PASSED] - println(PercFactR): null

22-11-2024T03:00:44 - [TEST_STEP][PASSED] - println(PercFactB): null

22-11-2024T03:00:44 - [TEST_STEP][PASSED] - println(tabR): null

22-11-2024T03:00:44 - [TEST_STEP][PASSED] - println(tabB): null

22-11-2024T03:00:44 - [TEST_STEP][PASSED] - println(o1R): null

22-11-2024T03:00:44 - [TEST_STEP][PASSED] - println(o1B): null

22-11-2024T03:00:44 - [TEST_STEP][PASSED] - PR = <not implemented yet for class: org.codehaus.groovy.ast.expr.EmptyExpression>: null

22-11-2024T03:00:44 - [TEST_STEP][PASSED] - FR = <not implemented yet for class: org.codehaus.groovy.ast.expr.EmptyExpression>: null

22-11-2024T03:00:44 - [TEST_STEP][PASSED] - PB = <not implemented yet for class: org.codehaus.groovy.ast.expr.EmptyExpression>: null

22-11-2024T03:00:44 - [TEST_STEP][PASSED] - FB = <not implemented yet for class: org.codehaus.groovy.ast.expr.EmptyExpression>: null

22-11-2024T03:00:44 - [TEST_STEP][PASSED] - TR = <not implemented yet for class: org.codehaus.groovy.ast.expr.EmptyExpression>: null

22-11-2024T03:00:44 - [TEST_STEP][PASSED] - TB = <not implemented yet for class: org.codehaus.groovy.ast.expr.EmptyExpression>: null

22-11-2024T03:00:44 - [TEST_STEP][PASSED] - sheetName = "Sheet1": null

22-11-2024T03:00:44 - [TEST_STEP][PASSED] - data = findTestData("PlanFact"): null

22-11-2024T03:00:44 - [TEST_STEP][PASSED] - n = data.getRowNumbers() + 1: null

22-11-2024T03:00:44 - [TEST_STEP][PASSED] - year = todaysDate.substring(todaysDate.length() - 4, todaysDate.length()): null

22-11-2024T03:00:44 - [TEST_STEP][PASSED] - y = year.toInteger(): null

22-11-2024T03:00:44 - [TEST_STEP][PASSED] - m = getText(findTestObject("Выполнение бизнес-плана/Выполнение бизнес-плана Балансы/Фильтр Дата")): Text of object 'Object Repository/Выполнение бизнес-плана/Выполнение бизнес-плана Балансы/Фильтр Дата' is: '1, 2, 3 кв. 2024 года'

22-11-2024T03:00:44 - [MESSAGE][PASSED] - Text of object 'Object Repository/Выполнение бизнес-плана/Выполнение бизнес-плана Балансы/Фильтр Дата' is: '1, 2, 3 кв. 2024 года'

22-11-2024T03:00:44 - [TEST_STEP][PASSED] - m = m.substring(0, m.indexOf("2024")): null

22-11-2024T03:00:44 - [TEST_STEP][PASSED] - m = m.trim(): null

22-11-2024T03:00:44 - [TEST_STEP][PASSED] - dashboardName = "Выполнение бизнес-плана": null

22-11-2024T03:00:44 - [TEST_STEP][PASSED] - workbook01 = getWorkbook(excelFilePath): null

22-11-2024T03:00:44 - [TEST_STEP][PASSED] - sheet01 = getExcelSheet(workbook01, sheetName): null

22-11-2024T03:00:44 - [TEST_STEP][PASSED] - setValueToCellByIndex(sheet01, n, 0, dashboardName): null

22-11-2024T03:00:44 - [TEST_STEP][PASSED] - setValueToCellByIndex(sheet01, n, 1, dZO): null

22-11-2024T03:00:44 - [TEST_STEP][PASSED] - setValueToCellByIndex(sheet01, n, 2, typeOfData): null

22-11-2024T03:00:44 - [TEST_STEP][PASSED] - setValueToCellByIndex(sheet01, n, 3, typeOfData): null

22-11-2024T03:00:44 - [TEST_STEP][PASSED] - if (typeOfData == "План"): null

22-11-2024T03:00:44 - [TEST_STEP][PASSED] - else if (typeOfData == "Факт"): null

22-11-2024T03:00:44 - [TEST_STEP][PASSED] - else if (vidget.contains("электроэнергии") == true): null

22-11-2024T03:00:44 - [TEST_STEP][PASSED] - if (tabR == null): null

22-11-2024T03:00:44 - [TEST_STEP][PASSED] - else: null

22-11-2024T03:00:44 - [TEST_STEP][PASSED] - if (tabR == "нет данных"): null

22-11-2024T03:00:44 - [TEST_STEP][PASSED] - setValueToCellByIndex(sheet01, n, 4, "нет данных"): null

22-11-2024T03:00:44 - [TEST_STEP][PASSED] - if (tabB == null): null

22-11-2024T03:00:44 - [TEST_STEP][PASSED] - else: null

22-11-2024T03:00:44 - [TEST_STEP][PASSED] - if (tabB == "нет данных"): null

22-11-2024T03:00:44 - [TEST_STEP][PASSED] - else: null

22-11-2024T03:00:44 - [TEST_STEP][PASSED] - TB = tabB.toInteger(): null

22-11-2024T03:00:44 - [TEST_STEP][PASSED] - setValueToCellByIndex(sheet01, n, 5, TB): null

22-11-2024T03:00:44 - [TEST_STEP][PASSED] - setValueToCellByIndex(sheet01, n, 6, m): null

22-11-2024T03:00:44 - [TEST_STEP][PASSED] - setValueToCellByIndex(sheet01, n, 7, y): null

22-11-2024T03:00:44 - [TEST_STEP][PASSED] - setValueToCellByIndex(sheet01, n, 8, todaysDate): null

22-11-2024T03:00:44 - [TEST_STEP][PASSED] - n = n + 1: null

22-11-2024T03:00:44 - [TEST_STEP][PASSED] - saveWorkbook(excelFilePath, workbook01): null

22-11-2024T03:00:45 - [TEST_STEP][PASSED] - typeOfData = "Факт Отпуск из сети": null

22-11-2024T03:00:45 - [TEST_STEP][PASSED] - tabR = GetOiSFactR(x = a): null

22-11-2024T03:00:45 - [TEST_STEP][PASSED] - i1 = <not implemented yet for class: org.codehaus.groovy.ast.expr.EmptyExpression>: null

22-11-2024T03:00:45 - [TEST_STEP][PASSED] - ii = <not implemented yet for class: org.codehaus.groovy.ast.expr.EmptyExpression>: null

22-11-2024T03:00:45 - [TEST_STEP][PASSED] - for ([ii = 1, ii < 5, (ii++)]): null

22-11-2024T03:00:45 - [TEST_STEP][PASSED] - i1 = x.indexOf("/") + 1: null

22-11-2024T03:00:45 - [TEST_STEP][PASSED] - if (i1 > -1): null

22-11-2024T03:00:45 - [TEST_STEP][PASSED] - x = x.substring(i1, x.length()): null

22-11-2024T03:00:45 - [TEST_STEP][PASSED] - println(x): null

22-11-2024T03:00:45 - [TEST_STEP][PASSED] - i1 = x.indexOf("/") + 1: null

22-11-2024T03:00:45 - [TEST_STEP][PASSED] - if (i1 > -1): null

22-11-2024T03:00:45 - [TEST_STEP][PASSED] - x = x.substring(i1, x.length()): null

22-11-2024T03:00:45 - [TEST_STEP][PASSED] - println(x): null

22-11-2024T03:00:45 - [TEST_STEP][PASSED] - i1 = x.indexOf("/") + 1: null

22-11-2024T03:00:45 - [TEST_STEP][PASSED] - if (i1 > -1): null

22-11-2024T03:00:45 - [TEST_STEP][PASSED] - x = x.substring(i1, x.length()): null

22-11-2024T03:00:45 - [TEST_STEP][PASSED] - println(x): null

22-11-2024T03:00:45 - [TEST_STEP][PASSED] - i1 = x.indexOf("/") + 1: null

22-11-2024T03:00:45 - [TEST_STEP][PASSED] - if (i1 > -1): null

22-11-2024T03:00:45 - [TEST_STEP][PASSED] - x = x.substring(i1, x.length()): null

22-11-2024T03:00:45 - [TEST_STEP][PASSED] - println(x): null

22-11-2024T03:00:45 - [TEST_STEP][PASSED] - i1 = x.indexOf("/"): null

22-11-2024T03:00:45 - [TEST_STEP][PASSED] - if (i1 > -1): null

22-11-2024T03:00:45 - [TEST_STEP][PASSED] - x = x.substring(0, i1): null

22-11-2024T03:00:45 - [TEST_STEP][PASSED] - println(x): null

22-11-2024T03:00:45 - [TEST_STEP][PASSED] - return x: null

22-11-2024T03:00:45 - [TEST_STEP][PASSED] - tabB = GetOiSFactB(x = b): null

22-11-2024T03:00:45 - [TEST_STEP][PASSED] - i1 = <not implemented yet for class: org.codehaus.groovy.ast.expr.EmptyExpression>: null

22-11-2024T03:00:45 - [TEST_STEP][PASSED] - ii = <not implemented yet for class: org.codehaus.groovy.ast.expr.EmptyExpression>: null

22-11-2024T03:00:45 - [TEST_STEP][PASSED] - for ([ii = 1, ii < 5, (ii++)]): null

22-11-2024T03:00:45 - [TEST_STEP][PASSED] - i1 = x.indexOf("/") + 1: null

22-11-2024T03:00:45 - [TEST_STEP][PASSED] - if (i1 > -1): null

22-11-2024T03:00:45 - [TEST_STEP][PASSED] - x = x.substring(i1, x.length()): null

22-11-2024T03:00:45 - [TEST_STEP][PASSED] - println(x): null

22-11-2024T03:00:45 - [TEST_STEP][PASSED] - i1 = x.indexOf("/") + 1: null

22-11-2024T03:00:45 - [TEST_STEP][PASSED] - if (i1 > -1): null

22-11-2024T03:00:45 - [TEST_STEP][PASSED] - x = x.substring(i1, x.length()): null

22-11-2024T03:00:45 - [TEST_STEP][PASSED] - println(x): null

22-11-2024T03:00:45 - [TEST_STEP][PASSED] - i1 = x.indexOf("/") + 1: null

22-11-2024T03:00:45 - [TEST_STEP][PASSED] - if (i1 > -1): null

22-11-2024T03:00:45 - [TEST_STEP][PASSED] - x = x.substring(i1, x.length()): null

22-11-2024T03:00:45 - [TEST_STEP][PASSED] - println(x): null

22-11-2024T03:00:45 - [TEST_STEP][PASSED] - i1 = x.indexOf("/") + 1: null

22-11-2024T03:00:45 - [TEST_STEP][PASSED] - if (i1 > -1): null

22-11-2024T03:00:45 - [TEST_STEP][PASSED] - x = x.substring(i1, x.length()): null

22-11-2024T03:00:45 - [TEST_STEP][PASSED] - println(x): null

22-11-2024T03:00:45 - [TEST_STEP][PASSED] - i1 = x.indexOf("/"): null

22-11-2024T03:00:45 - [TEST_STEP][PASSED] - if (i1 > -1): null

22-11-2024T03:00:45 - [TEST_STEP][PASSED] - x = x.substring(0, i1): null

22-11-2024T03:00:45 - [TEST_STEP][PASSED] - println(x): null

22-11-2024T03:00:45 - [TEST_STEP][FAILED] - return x: null

22-11-2024T03:00:45 - [TEST_STEP][FAILED] - if (verifyEqual(tabR, tabB) == false): null

22-11-2024T03:00:45 - [MESSAGE][FAILED] - Unable to verify equal between actual object 'нет данных' and expected object '3080808' (Root cause: com.kms.katalon.core.exception.StepFailedException: Actual object 'нет данных' and expected object '3080808' are not equal
	at com.kms.katalon.core.keyword.builtin.VerifyEqualKeyword$_verifyEqual_closure1.doCall(VerifyEqualKeyword.groovy:58)
	at com.kms.katalon.core.keyword.builtin.VerifyEqualKeyword$_verifyEqual_closure1.call(VerifyEqualKeyword.groovy)
	at com.kms.katalon.core.keyword.internal.KeywordMain.runKeyword(KeywordMain.groovy:75)
	at com.kms.katalon.core.keyword.builtin.VerifyEqualKeyword.verifyEqual(VerifyEqualKeyword.groovy:63)
	at com.kms.katalon.core.keyword.builtin.VerifyEqualKeyword.execute(VerifyEqualKeyword.groovy:44)
	at com.kms.katalon.core.keyword.internal.KeywordExecutor.executeKeywordForPlatform(KeywordExecutor.groovy:74)
	at com.kms.katalon.core.keyword.BuiltinKeywords.verifyEqual(BuiltinKeywords.groovy:146)
	at jdk.internal.reflect.GeneratedMethodAccessor25.invoke(Unknown Source)
	at java.base/jdk.internal.reflect.DelegatingMethodAccessorImpl.invoke(DelegatingMethodAccessorImpl.java:43)
	at Выполнение бизнес-плана сверка дашбордов.CompareDZOData(Выполнение бизнес-плана сверка дашбордов:717)
	at Выполнение бизнес-плана сверка дашбордов.run(Выполнение бизнес-плана сверка дашбордов:663)
	at com.kms.katalon.core.main.ScriptEngine.run(ScriptEngine.java:194)
	at com.kms.katalon.core.main.ScriptEngine.runScriptAsRawText(ScriptEngine.java:119)
	at com.kms.katalon.core.main.TestCaseExecutor.runScript(TestCaseExecutor.java:448)
	at com.kms.katalon.core.main.TestCaseExecutor.doExecute(TestCaseExecutor.java:439)
	at com.kms.katalon.core.main.TestCaseExecutor.processExecutionPhase(TestCaseExecutor.java:418)
	at com.kms.katalon.core.main.TestCaseExecutor.accessMainPhase(TestCaseExecutor.java:410)
	at com.kms.katalon.core.main.TestCaseExecutor.execute(TestCaseExecutor.java:285)
	at com.kms.katalon.core.common.CommonExecutor.accessTestCaseMainPhase(CommonExecutor.java:65)
	at com.kms.katalon.core.main.TestSuiteExecutor.accessTestSuiteMainPhase(TestSuiteExecutor.java:150)
	at com.kms.katalon.core.main.TestSuiteExecutor.execute(TestSuiteExecutor.java:106)
	at com.kms.katalon.core.main.TestCaseMain.startTestSuite(TestCaseMain.java:180)
	at TempTestSuite1732232929817.run(TempTestSuite1732232929817.groovy:35)
	at java.base/jdk.internal.reflect.NativeMethodAccessorImpl.invoke0(Native Method)
	at java.base/jdk.internal.reflect.NativeMethodAccessorImpl.invoke(NativeMethodAccessorImpl.java:77)
	at java.base/jdk.internal.reflect.DelegatingMethodAccessorImpl.invoke(DelegatingMethodAccessorImpl.java:43)
)

22-11-2024T03:00:45 - [TEST_STEP][PASSED] - result = WriteToExcel(typeOfData, todaysDate, PercPlanR, PercPlanB, PercFactR, PercFactB, x, tabR, tabB, o1R, o1B, vidget): null

22-11-2024T03:00:45 - [TEST_STEP][PASSED] - iii = dZO.indexOf("/"): null

22-11-2024T03:00:45 - [TEST_STEP][PASSED] - println(iii): null

22-11-2024T03:00:45 - [TEST_STEP][PASSED] - dZO = dZO.substring(0, iii): null

22-11-2024T03:00:45 - [TEST_STEP][PASSED] - println(dZO): null

22-11-2024T03:00:45 - [TEST_STEP][PASSED] - println(PercPlanR): null

22-11-2024T03:00:45 - [TEST_STEP][PASSED] - println(PercPlanB): null

22-11-2024T03:00:45 - [TEST_STEP][PASSED] - println(PercFactR): null

22-11-2024T03:00:45 - [TEST_STEP][PASSED] - println(PercFactB): null

22-11-2024T03:00:45 - [TEST_STEP][PASSED] - println(tabR): null

22-11-2024T03:00:45 - [TEST_STEP][PASSED] - println(tabB): null

22-11-2024T03:00:45 - [TEST_STEP][PASSED] - println(o1R): null

22-11-2024T03:00:45 - [TEST_STEP][PASSED] - println(o1B): null

22-11-2024T03:00:45 - [TEST_STEP][PASSED] - PR = <not implemented yet for class: org.codehaus.groovy.ast.expr.EmptyExpression>: null

22-11-2024T03:00:45 - [TEST_STEP][PASSED] - FR = <not implemented yet for class: org.codehaus.groovy.ast.expr.EmptyExpression>: null

22-11-2024T03:00:45 - [TEST_STEP][PASSED] - PB = <not implemented yet for class: org.codehaus.groovy.ast.expr.EmptyExpression>: null

22-11-2024T03:00:45 - [TEST_STEP][PASSED] - FB = <not implemented yet for class: org.codehaus.groovy.ast.expr.EmptyExpression>: null

22-11-2024T03:00:45 - [TEST_STEP][PASSED] - TR = <not implemented yet for class: org.codehaus.groovy.ast.expr.EmptyExpression>: null

22-11-2024T03:00:45 - [TEST_STEP][PASSED] - TB = <not implemented yet for class: org.codehaus.groovy.ast.expr.EmptyExpression>: null

22-11-2024T03:00:45 - [TEST_STEP][PASSED] - sheetName = "Sheet1": null

22-11-2024T03:00:45 - [TEST_STEP][PASSED] - data = findTestData("PlanFact"): null

22-11-2024T03:00:45 - [TEST_STEP][PASSED] - n = data.getRowNumbers() + 1: null

22-11-2024T03:00:45 - [TEST_STEP][PASSED] - year = todaysDate.substring(todaysDate.length() - 4, todaysDate.length()): null

22-11-2024T03:00:45 - [TEST_STEP][PASSED] - y = year.toInteger(): null

22-11-2024T03:00:45 - [TEST_STEP][PASSED] - m = getText(findTestObject("Выполнение бизнес-плана/Выполнение бизнес-плана Балансы/Фильтр Дата")): Text of object 'Object Repository/Выполнение бизнес-плана/Выполнение бизнес-плана Балансы/Фильтр Дата' is: '1, 2, 3 кв. 2024 года'

22-11-2024T03:00:45 - [MESSAGE][PASSED] - Text of object 'Object Repository/Выполнение бизнес-плана/Выполнение бизнес-плана Балансы/Фильтр Дата' is: '1, 2, 3 кв. 2024 года'

22-11-2024T03:00:45 - [TEST_STEP][PASSED] - m = m.substring(0, m.indexOf("2024")): null

22-11-2024T03:00:45 - [TEST_STEP][PASSED] - m = m.trim(): null

22-11-2024T03:00:45 - [TEST_STEP][PASSED] - dashboardName = "Выполнение бизнес-плана": null

22-11-2024T03:00:45 - [TEST_STEP][PASSED] - workbook01 = getWorkbook(excelFilePath): null

22-11-2024T03:00:45 - [TEST_STEP][PASSED] - sheet01 = getExcelSheet(workbook01, sheetName): null

22-11-2024T03:00:45 - [TEST_STEP][PASSED] - setValueToCellByIndex(sheet01, n, 0, dashboardName): null

22-11-2024T03:00:45 - [TEST_STEP][PASSED] - setValueToCellByIndex(sheet01, n, 1, dZO): null

22-11-2024T03:00:45 - [TEST_STEP][PASSED] - setValueToCellByIndex(sheet01, n, 2, typeOfData): null

22-11-2024T03:00:45 - [TEST_STEP][PASSED] - setValueToCellByIndex(sheet01, n, 3, typeOfData): null

22-11-2024T03:00:45 - [TEST_STEP][PASSED] - if (typeOfData == "План"): null

22-11-2024T03:00:45 - [TEST_STEP][PASSED] - else if (typeOfData == "Факт"): null

22-11-2024T03:00:45 - [TEST_STEP][PASSED] - else if (vidget.contains("электроэнергии") == true): null

22-11-2024T03:00:45 - [TEST_STEP][PASSED] - if (tabR == null): null

22-11-2024T03:00:45 - [TEST_STEP][PASSED] - else: null

22-11-2024T03:00:45 - [TEST_STEP][PASSED] - if (tabR == "нет данных"): null

22-11-2024T03:00:45 - [TEST_STEP][PASSED] - setValueToCellByIndex(sheet01, n, 4, "нет данных"): null

22-11-2024T03:00:45 - [TEST_STEP][PASSED] - if (tabB == null): null

22-11-2024T03:00:45 - [TEST_STEP][PASSED] - else: null

22-11-2024T03:00:45 - [TEST_STEP][PASSED] - if (tabB == "нет данных"): null

22-11-2024T03:00:45 - [TEST_STEP][PASSED] - else: null

22-11-2024T03:00:45 - [TEST_STEP][PASSED] - TB = tabB.toInteger(): null

22-11-2024T03:00:45 - [TEST_STEP][PASSED] - setValueToCellByIndex(sheet01, n, 5, TB): null

22-11-2024T03:00:45 - [TEST_STEP][PASSED] - setValueToCellByIndex(sheet01, n, 6, m): null

22-11-2024T03:00:45 - [TEST_STEP][PASSED] - setValueToCellByIndex(sheet01, n, 7, y): null

22-11-2024T03:00:45 - [TEST_STEP][PASSED] - setValueToCellByIndex(sheet01, n, 8, todaysDate): null

22-11-2024T03:00:45 - [TEST_STEP][PASSED] - n = n + 1: null

22-11-2024T03:00:45 - [TEST_STEP][PASSED] - saveWorkbook(excelFilePath, workbook01): null

22-11-2024T03:00:45 - [TEST_STEP][PASSED] - typeOfData = "Факт Потери": null

22-11-2024T03:00:45 - [TEST_STEP][PASSED] - tabR = GetPFactR(x = a): null

22-11-2024T03:00:45 - [TEST_STEP][PASSED] - i1 = <not implemented yet for class: org.codehaus.groovy.ast.expr.EmptyExpression>: null

22-11-2024T03:00:45 - [TEST_STEP][PASSED] - ii = <not implemented yet for class: org.codehaus.groovy.ast.expr.EmptyExpression>: null

22-11-2024T03:00:45 - [TEST_STEP][PASSED] - for ([ii = 1, ii < 6, (ii++)]): null

22-11-2024T03:00:45 - [TEST_STEP][PASSED] - i1 = x.indexOf("/") + 1: null

22-11-2024T03:00:45 - [TEST_STEP][PASSED] - if (i1 > -1): null

22-11-2024T03:00:45 - [TEST_STEP][PASSED] - x = x.substring(i1, x.length()): null

22-11-2024T03:00:45 - [TEST_STEP][PASSED] - println(x): null

22-11-2024T03:00:45 - [TEST_STEP][PASSED] - i1 = x.indexOf("/") + 1: null

22-11-2024T03:00:45 - [TEST_STEP][PASSED] - if (i1 > -1): null

22-11-2024T03:00:45 - [TEST_STEP][PASSED] - x = x.substring(i1, x.length()): null

22-11-2024T03:00:45 - [TEST_STEP][PASSED] - println(x): null

22-11-2024T03:00:45 - [TEST_STEP][PASSED] - i1 = x.indexOf("/") + 1: null

22-11-2024T03:00:45 - [TEST_STEP][PASSED] - if (i1 > -1): null

22-11-2024T03:00:45 - [TEST_STEP][PASSED] - x = x.substring(i1, x.length()): null

22-11-2024T03:00:45 - [TEST_STEP][PASSED] - println(x): null

22-11-2024T03:00:45 - [TEST_STEP][PASSED] - i1 = x.indexOf("/") + 1: null

22-11-2024T03:00:45 - [TEST_STEP][PASSED] - if (i1 > -1): null

22-11-2024T03:00:45 - [TEST_STEP][PASSED] - x = x.substring(i1, x.length()): null

22-11-2024T03:00:45 - [TEST_STEP][PASSED] - println(x): null

22-11-2024T03:00:45 - [TEST_STEP][PASSED] - i1 = x.indexOf("/") + 1: null

22-11-2024T03:00:45 - [TEST_STEP][PASSED] - if (i1 > -1): null

22-11-2024T03:00:45 - [TEST_STEP][PASSED] - x = x.substring(i1, x.length()): null

22-11-2024T03:00:45 - [TEST_STEP][PASSED] - println(x): null

22-11-2024T03:00:45 - [TEST_STEP][PASSED] - i1 = x.indexOf("/"): null

22-11-2024T03:00:45 - [TEST_STEP][PASSED] - if (i1 > -1): null

22-11-2024T03:00:45 - [TEST_STEP][PASSED] - x = x.substring(0, i1): null

22-11-2024T03:00:45 - [TEST_STEP][PASSED] - println(x): null

22-11-2024T03:00:45 - [TEST_STEP][PASSED] - return x: null

22-11-2024T03:00:45 - [TEST_STEP][PASSED] - tabB = GetPFactB(x = b): null

22-11-2024T03:00:45 - [TEST_STEP][PASSED] - i1 = <not implemented yet for class: org.codehaus.groovy.ast.expr.EmptyExpression>: null

22-11-2024T03:00:45 - [TEST_STEP][PASSED] - ii = <not implemented yet for class: org.codehaus.groovy.ast.expr.EmptyExpression>: null

22-11-2024T03:00:45 - [TEST_STEP][PASSED] - for ([ii = 1, ii < 6, (ii++)]): null

22-11-2024T03:00:45 - [TEST_STEP][PASSED] - i1 = x.indexOf("/") + 1: null

22-11-2024T03:00:45 - [TEST_STEP][PASSED] - if (i1 > -1): null

22-11-2024T03:00:45 - [TEST_STEP][PASSED] - x = x.substring(i1, x.length()): null

22-11-2024T03:00:45 - [TEST_STEP][PASSED] - println(x): null

22-11-2024T03:00:45 - [TEST_STEP][PASSED] - i1 = x.indexOf("/") + 1: null

22-11-2024T03:00:45 - [TEST_STEP][PASSED] - if (i1 > -1): null

22-11-2024T03:00:45 - [TEST_STEP][PASSED] - x = x.substring(i1, x.length()): null

22-11-2024T03:00:45 - [TEST_STEP][PASSED] - println(x): null

22-11-2024T03:00:45 - [TEST_STEP][PASSED] - i1 = x.indexOf("/") + 1: null

22-11-2024T03:00:45 - [TEST_STEP][PASSED] - if (i1 > -1): null

22-11-2024T03:00:45 - [TEST_STEP][PASSED] - x = x.substring(i1, x.length()): null

22-11-2024T03:00:45 - [TEST_STEP][PASSED] - println(x): null

22-11-2024T03:00:45 - [TEST_STEP][PASSED] - i1 = x.indexOf("/") + 1: null

22-11-2024T03:00:45 - [TEST_STEP][PASSED] - if (i1 > -1): null

22-11-2024T03:00:45 - [TEST_STEP][PASSED] - x = x.substring(i1, x.length()): null

22-11-2024T03:00:45 - [TEST_STEP][PASSED] - println(x): null

22-11-2024T03:00:45 - [TEST_STEP][PASSED] - i1 = x.indexOf("/") + 1: null

22-11-2024T03:00:45 - [TEST_STEP][PASSED] - if (i1 > -1): null

22-11-2024T03:00:45 - [TEST_STEP][PASSED] - x = x.substring(i1, x.length()): null

22-11-2024T03:00:45 - [TEST_STEP][PASSED] - println(x): null

22-11-2024T03:00:45 - [TEST_STEP][PASSED] - i1 = x.indexOf("/"): null

22-11-2024T03:00:45 - [TEST_STEP][PASSED] - if (i1 > -1): null

22-11-2024T03:00:45 - [TEST_STEP][PASSED] - x = x.substring(0, i1): null

22-11-2024T03:00:45 - [TEST_STEP][PASSED] - println(x): null

22-11-2024T03:00:45 - [TEST_STEP][FAILED] - return x: null

22-11-2024T03:00:45 - [TEST_STEP][PASSED] - println(tabR + "/" + tabB): null

22-11-2024T03:00:45 - [TEST_STEP][FAILED] - if (verifyEqual(tabR, tabB) == false): null

22-11-2024T03:00:45 - [MESSAGE][FAILED] - Unable to verify equal between actual object 'нет данных' and expected object '282047' (Root cause: com.kms.katalon.core.exception.StepFailedException: Actual object 'нет данных' and expected object '282047' are not equal
	at com.kms.katalon.core.keyword.builtin.VerifyEqualKeyword$_verifyEqual_closure1.doCall(VerifyEqualKeyword.groovy:58)
	at com.kms.katalon.core.keyword.builtin.VerifyEqualKeyword$_verifyEqual_closure1.call(VerifyEqualKeyword.groovy)
	at com.kms.katalon.core.keyword.internal.KeywordMain.runKeyword(KeywordMain.groovy:75)
	at com.kms.katalon.core.keyword.builtin.VerifyEqualKeyword.verifyEqual(VerifyEqualKeyword.groovy:63)
	at com.kms.katalon.core.keyword.builtin.VerifyEqualKeyword.execute(VerifyEqualKeyword.groovy:44)
	at com.kms.katalon.core.keyword.internal.KeywordExecutor.executeKeywordForPlatform(KeywordExecutor.groovy:74)
	at com.kms.katalon.core.keyword.BuiltinKeywords.verifyEqual(BuiltinKeywords.groovy:146)
	at jdk.internal.reflect.GeneratedMethodAccessor25.invoke(Unknown Source)
	at java.base/jdk.internal.reflect.DelegatingMethodAccessorImpl.invoke(DelegatingMethodAccessorImpl.java:43)
	at Выполнение бизнес-плана сверка дашбордов.CompareDZOData(Выполнение бизнес-плана сверка дашбордов:730)
	at Выполнение бизнес-плана сверка дашбордов.run(Выполнение бизнес-плана сверка дашбордов:663)
	at com.kms.katalon.core.main.ScriptEngine.run(ScriptEngine.java:194)
	at com.kms.katalon.core.main.ScriptEngine.runScriptAsRawText(ScriptEngine.java:119)
	at com.kms.katalon.core.main.TestCaseExecutor.runScript(TestCaseExecutor.java:448)
	at com.kms.katalon.core.main.TestCaseExecutor.doExecute(TestCaseExecutor.java:439)
	at com.kms.katalon.core.main.TestCaseExecutor.processExecutionPhase(TestCaseExecutor.java:418)
	at com.kms.katalon.core.main.TestCaseExecutor.accessMainPhase(TestCaseExecutor.java:410)
	at com.kms.katalon.core.main.TestCaseExecutor.execute(TestCaseExecutor.java:285)
	at com.kms.katalon.core.common.CommonExecutor.accessTestCaseMainPhase(CommonExecutor.java:65)
	at com.kms.katalon.core.main.TestSuiteExecutor.accessTestSuiteMainPhase(TestSuiteExecutor.java:150)
	at com.kms.katalon.core.main.TestSuiteExecutor.execute(TestSuiteExecutor.java:106)
	at com.kms.katalon.core.main.TestCaseMain.startTestSuite(TestCaseMain.java:180)
	at TempTestSuite1732232929817.run(TempTestSuite1732232929817.groovy:35)
	at java.base/jdk.internal.reflect.NativeMethodAccessorImpl.invoke0(Native Method)
	at java.base/jdk.internal.reflect.NativeMethodAccessorImpl.invoke(NativeMethodAccessorImpl.java:77)
	at java.base/jdk.internal.reflect.DelegatingMethodAccessorImpl.invoke(DelegatingMethodAccessorImpl.java:43)
)

22-11-2024T03:00:45 - [TEST_STEP][PASSED] - result = WriteToExcel(typeOfData, todaysDate, PercPlanR, PercPlanB, PercFactR, PercFactB, x, tabR, tabB, o1R, o1B, vidget): null

22-11-2024T03:00:45 - [TEST_STEP][PASSED] - iii = dZO.indexOf("/"): null

22-11-2024T03:00:45 - [TEST_STEP][PASSED] - println(iii): null

22-11-2024T03:00:45 - [TEST_STEP][PASSED] - dZO = dZO.substring(0, iii): null

22-11-2024T03:00:45 - [TEST_STEP][PASSED] - println(dZO): null

22-11-2024T03:00:45 - [TEST_STEP][PASSED] - println(PercPlanR): null

22-11-2024T03:00:45 - [TEST_STEP][PASSED] - println(PercPlanB): null

22-11-2024T03:00:45 - [TEST_STEP][PASSED] - println(PercFactR): null

22-11-2024T03:00:45 - [TEST_STEP][PASSED] - println(PercFactB): null

22-11-2024T03:00:45 - [TEST_STEP][PASSED] - println(tabR): null

22-11-2024T03:00:45 - [TEST_STEP][PASSED] - println(tabB): null

22-11-2024T03:00:45 - [TEST_STEP][PASSED] - println(o1R): null

22-11-2024T03:00:45 - [TEST_STEP][PASSED] - println(o1B): null

22-11-2024T03:00:45 - [TEST_STEP][PASSED] - PR = <not implemented yet for class: org.codehaus.groovy.ast.expr.EmptyExpression>: null

22-11-2024T03:00:45 - [TEST_STEP][PASSED] - FR = <not implemented yet for class: org.codehaus.groovy.ast.expr.EmptyExpression>: null

22-11-2024T03:00:45 - [TEST_STEP][PASSED] - PB = <not implemented yet for class: org.codehaus.groovy.ast.expr.EmptyExpression>: null

22-11-2024T03:00:45 - [TEST_STEP][PASSED] - FB = <not implemented yet for class: org.codehaus.groovy.ast.expr.EmptyExpression>: null

22-11-2024T03:00:45 - [TEST_STEP][PASSED] - TR = <not implemented yet for class: org.codehaus.groovy.ast.expr.EmptyExpression>: null

22-11-2024T03:00:45 - [TEST_STEP][PASSED] - TB = <not implemented yet for class: org.codehaus.groovy.ast.expr.EmptyExpression>: null

22-11-2024T03:00:45 - [TEST_STEP][PASSED] - sheetName = "Sheet1": null

22-11-2024T03:00:45 - [TEST_STEP][PASSED] - data = findTestData("PlanFact"): null

22-11-2024T03:00:45 - [TEST_STEP][PASSED] - n = data.getRowNumbers() + 1: null

22-11-2024T03:00:45 - [TEST_STEP][PASSED] - year = todaysDate.substring(todaysDate.length() - 4, todaysDate.length()): null

22-11-2024T03:00:45 - [TEST_STEP][PASSED] - y = year.toInteger(): null

22-11-2024T03:00:45 - [TEST_STEP][PASSED] - m = getText(findTestObject("Выполнение бизнес-плана/Выполнение бизнес-плана Балансы/Фильтр Дата")): Text of object 'Object Repository/Выполнение бизнес-плана/Выполнение бизнес-плана Балансы/Фильтр Дата' is: '1, 2, 3 кв. 2024 года'

22-11-2024T03:00:46 - [MESSAGE][PASSED] - Text of object 'Object Repository/Выполнение бизнес-плана/Выполнение бизнес-плана Балансы/Фильтр Дата' is: '1, 2, 3 кв. 2024 года'

22-11-2024T03:00:46 - [TEST_STEP][PASSED] - m = m.substring(0, m.indexOf("2024")): null

22-11-2024T03:00:46 - [TEST_STEP][PASSED] - m = m.trim(): null

22-11-2024T03:00:46 - [TEST_STEP][PASSED] - dashboardName = "Выполнение бизнес-плана": null

22-11-2024T03:00:46 - [TEST_STEP][PASSED] - workbook01 = getWorkbook(excelFilePath): null

22-11-2024T03:00:46 - [TEST_STEP][PASSED] - sheet01 = getExcelSheet(workbook01, sheetName): null

22-11-2024T03:00:46 - [TEST_STEP][PASSED] - setValueToCellByIndex(sheet01, n, 0, dashboardName): null

22-11-2024T03:00:46 - [TEST_STEP][PASSED] - setValueToCellByIndex(sheet01, n, 1, dZO): null

22-11-2024T03:00:46 - [TEST_STEP][PASSED] - setValueToCellByIndex(sheet01, n, 2, typeOfData): null

22-11-2024T03:00:46 - [TEST_STEP][PASSED] - setValueToCellByIndex(sheet01, n, 3, typeOfData): null

22-11-2024T03:00:46 - [TEST_STEP][PASSED] - if (typeOfData == "План"): null

22-11-2024T03:00:46 - [TEST_STEP][PASSED] - else if (typeOfData == "Факт"): null

22-11-2024T03:00:46 - [TEST_STEP][PASSED] - else if (vidget.contains("электроэнергии") == true): null

22-11-2024T03:00:46 - [TEST_STEP][PASSED] - if (tabR == null): null

22-11-2024T03:00:46 - [TEST_STEP][PASSED] - else: null

22-11-2024T03:00:46 - [TEST_STEP][PASSED] - if (tabR == "нет данных"): null

22-11-2024T03:00:46 - [TEST_STEP][PASSED] - setValueToCellByIndex(sheet01, n, 4, "нет данных"): null

22-11-2024T03:00:46 - [TEST_STEP][PASSED] - if (tabB == null): null

22-11-2024T03:00:46 - [TEST_STEP][PASSED] - else: null

22-11-2024T03:00:46 - [TEST_STEP][PASSED] - if (tabB == "нет данных"): null

22-11-2024T03:00:46 - [TEST_STEP][PASSED] - else: null

22-11-2024T03:00:46 - [TEST_STEP][PASSED] - TB = tabB.toInteger(): null

22-11-2024T03:00:46 - [TEST_STEP][PASSED] - setValueToCellByIndex(sheet01, n, 5, TB): null

22-11-2024T03:00:46 - [TEST_STEP][PASSED] - setValueToCellByIndex(sheet01, n, 6, m): null

22-11-2024T03:00:46 - [TEST_STEP][PASSED] - setValueToCellByIndex(sheet01, n, 7, y): null

22-11-2024T03:00:46 - [TEST_STEP][PASSED] - setValueToCellByIndex(sheet01, n, 8, todaysDate): null

22-11-2024T03:00:46 - [TEST_STEP][PASSED] - n = n + 1: null

22-11-2024T03:00:46 - [TEST_STEP][PASSED] - saveWorkbook(excelFilePath, workbook01): null

22-11-2024T03:00:46 - [TEST_STEP][PASSED] - vidget = "Показатели баланса электроэнергии по ДЗО – План": null

22-11-2024T03:00:46 - [TEST_STEP][PASSED] - typeOfData = "План Отпуск в сеть": null

22-11-2024T03:00:46 - [TEST_STEP][PASSED] - tabR = GetOvSPlanR(x = a): null

22-11-2024T03:00:46 - [TEST_STEP][PASSED] - i1 = <not implemented yet for class: org.codehaus.groovy.ast.expr.EmptyExpression>: null

22-11-2024T03:00:46 - [TEST_STEP][PASSED] - ii = <not implemented yet for class: org.codehaus.groovy.ast.expr.EmptyExpression>: null

22-11-2024T03:00:46 - [TEST_STEP][PASSED] - for ([ii = 1, ii < 7, (ii++)]): null

22-11-2024T03:00:46 - [TEST_STEP][PASSED] - i1 = x.indexOf("/") + 1: null

22-11-2024T03:00:46 - [TEST_STEP][PASSED] - if (i1 > -1): null

22-11-2024T03:00:46 - [TEST_STEP][PASSED] - x = x.substring(i1, x.length()): null

22-11-2024T03:00:46 - [TEST_STEP][PASSED] - println(x): null

22-11-2024T03:00:46 - [TEST_STEP][PASSED] - i1 = x.indexOf("/") + 1: null

22-11-2024T03:00:46 - [TEST_STEP][PASSED] - if (i1 > -1): null

22-11-2024T03:00:46 - [TEST_STEP][PASSED] - x = x.substring(i1, x.length()): null

22-11-2024T03:00:46 - [TEST_STEP][PASSED] - println(x): null

22-11-2024T03:00:46 - [TEST_STEP][PASSED] - i1 = x.indexOf("/") + 1: null

22-11-2024T03:00:46 - [TEST_STEP][PASSED] - if (i1 > -1): null

22-11-2024T03:00:46 - [TEST_STEP][PASSED] - x = x.substring(i1, x.length()): null

22-11-2024T03:00:46 - [TEST_STEP][PASSED] - println(x): null

22-11-2024T03:00:46 - [TEST_STEP][PASSED] - i1 = x.indexOf("/") + 1: null

22-11-2024T03:00:46 - [TEST_STEP][PASSED] - if (i1 > -1): null

22-11-2024T03:00:46 - [TEST_STEP][PASSED] - x = x.substring(i1, x.length()): null

22-11-2024T03:00:46 - [TEST_STEP][PASSED] - println(x): null

22-11-2024T03:00:46 - [TEST_STEP][PASSED] - i1 = x.indexOf("/") + 1: null

22-11-2024T03:00:46 - [TEST_STEP][PASSED] - if (i1 > -1): null

22-11-2024T03:00:46 - [TEST_STEP][PASSED] - x = x.substring(i1, x.length()): null

22-11-2024T03:00:46 - [TEST_STEP][PASSED] - println(x): null

22-11-2024T03:00:46 - [TEST_STEP][PASSED] - i1 = x.indexOf("/") + 1: null

22-11-2024T03:00:46 - [TEST_STEP][PASSED] - if (i1 > -1): null

22-11-2024T03:00:46 - [TEST_STEP][PASSED] - x = x.substring(i1, x.length()): null

22-11-2024T03:00:46 - [TEST_STEP][PASSED] - println(x): null

22-11-2024T03:00:46 - [TEST_STEP][PASSED] - i1 = x.indexOf("/"): null

22-11-2024T03:00:46 - [TEST_STEP][PASSED] - if (i1 > -1): null

22-11-2024T03:00:46 - [TEST_STEP][PASSED] - x = x.substring(0, i1): null

22-11-2024T03:00:46 - [TEST_STEP][PASSED] - println(x): null

22-11-2024T03:00:46 - [TEST_STEP][PASSED] - return x: null

22-11-2024T03:00:46 - [TEST_STEP][PASSED] - tabB = GetOvSPlanB(x = b): null

22-11-2024T03:00:46 - [TEST_STEP][PASSED] - i1 = <not implemented yet for class: org.codehaus.groovy.ast.expr.EmptyExpression>: null

22-11-2024T03:00:46 - [TEST_STEP][PASSED] - ii = <not implemented yet for class: org.codehaus.groovy.ast.expr.EmptyExpression>: null

22-11-2024T03:00:46 - [TEST_STEP][PASSED] - for ([ii = 1, ii < 7, (ii++)]): null

22-11-2024T03:00:46 - [TEST_STEP][PASSED] - i1 = x.indexOf("/") + 1: null

22-11-2024T03:00:46 - [TEST_STEP][PASSED] - if (i1 > -1): null

22-11-2024T03:00:46 - [TEST_STEP][PASSED] - x = x.substring(i1, x.length()): null

22-11-2024T03:00:46 - [TEST_STEP][PASSED] - println(x): null

22-11-2024T03:00:46 - [TEST_STEP][PASSED] - i1 = x.indexOf("/") + 1: null

22-11-2024T03:00:46 - [TEST_STEP][PASSED] - if (i1 > -1): null

22-11-2024T03:00:46 - [TEST_STEP][PASSED] - x = x.substring(i1, x.length()): null

22-11-2024T03:00:46 - [TEST_STEP][PASSED] - println(x): null

22-11-2024T03:00:46 - [TEST_STEP][PASSED] - i1 = x.indexOf("/") + 1: null

22-11-2024T03:00:46 - [TEST_STEP][PASSED] - if (i1 > -1): null

22-11-2024T03:00:46 - [TEST_STEP][PASSED] - x = x.substring(i1, x.length()): null

22-11-2024T03:00:46 - [TEST_STEP][PASSED] - println(x): null

22-11-2024T03:00:46 - [TEST_STEP][PASSED] - i1 = x.indexOf("/") + 1: null

22-11-2024T03:00:46 - [TEST_STEP][PASSED] - if (i1 > -1): null

22-11-2024T03:00:46 - [TEST_STEP][PASSED] - x = x.substring(i1, x.length()): null

22-11-2024T03:00:46 - [TEST_STEP][PASSED] - println(x): null

22-11-2024T03:00:46 - [TEST_STEP][PASSED] - i1 = x.indexOf("/") + 1: null

22-11-2024T03:00:46 - [TEST_STEP][PASSED] - if (i1 > -1): null

22-11-2024T03:00:46 - [TEST_STEP][PASSED] - x = x.substring(i1, x.length()): null

22-11-2024T03:00:46 - [TEST_STEP][PASSED] - println(x): null

22-11-2024T03:00:46 - [TEST_STEP][PASSED] - i1 = x.indexOf("/") + 1: null

22-11-2024T03:00:46 - [TEST_STEP][PASSED] - if (i1 > -1): null

22-11-2024T03:00:46 - [TEST_STEP][PASSED] - x = x.substring(i1, x.length()): null

22-11-2024T03:00:46 - [TEST_STEP][PASSED] - println(x): null

22-11-2024T03:00:46 - [TEST_STEP][PASSED] - i1 = x.indexOf("/"): null

22-11-2024T03:00:46 - [TEST_STEP][PASSED] - if (i1 > -1): null

22-11-2024T03:00:46 - [TEST_STEP][PASSED] - x = x.substring(0, i1): null

22-11-2024T03:00:46 - [TEST_STEP][PASSED] - println(x): null

22-11-2024T03:00:46 - [TEST_STEP][FAILED] - return x: null

22-11-2024T03:00:46 - [TEST_STEP][PASSED] - println(tabR + "/" + tabB): null

22-11-2024T03:00:46 - [TEST_STEP][FAILED] - if (verifyEqual(PercFactR, PercFactB) == false): null

22-11-2024T03:00:46 - [MESSAGE][FAILED] - Unable to verify equal between actual object 'нет данных' and expected object '8.39' (Root cause: com.kms.katalon.core.exception.StepFailedException: Actual object 'нет данных' and expected object '8.39' are not equal
	at com.kms.katalon.core.keyword.builtin.VerifyEqualKeyword$_verifyEqual_closure1.doCall(VerifyEqualKeyword.groovy:58)
	at com.kms.katalon.core.keyword.builtin.VerifyEqualKeyword$_verifyEqual_closure1.call(VerifyEqualKeyword.groovy)
	at com.kms.katalon.core.keyword.internal.KeywordMain.runKeyword(KeywordMain.groovy:75)
	at com.kms.katalon.core.keyword.builtin.VerifyEqualKeyword.verifyEqual(VerifyEqualKeyword.groovy:63)
	at com.kms.katalon.core.keyword.builtin.VerifyEqualKeyword.execute(VerifyEqualKeyword.groovy:44)
	at com.kms.katalon.core.keyword.internal.KeywordExecutor.executeKeywordForPlatform(KeywordExecutor.groovy:74)
	at com.kms.katalon.core.keyword.BuiltinKeywords.verifyEqual(BuiltinKeywords.groovy:146)
	at jdk.internal.reflect.GeneratedMethodAccessor25.invoke(Unknown Source)
	at java.base/jdk.internal.reflect.DelegatingMethodAccessorImpl.invoke(DelegatingMethodAccessorImpl.java:43)
	at Выполнение бизнес-плана сверка дашбордов.CompareDZOData(Выполнение бизнес-плана сверка дашбордов:745)
	at Выполнение бизнес-плана сверка дашбордов.run(Выполнение бизнес-плана сверка дашбордов:663)
	at com.kms.katalon.core.main.ScriptEngine.run(ScriptEngine.java:194)
	at com.kms.katalon.core.main.ScriptEngine.runScriptAsRawText(ScriptEngine.java:119)
	at com.kms.katalon.core.main.TestCaseExecutor.runScript(TestCaseExecutor.java:448)
	at com.kms.katalon.core.main.TestCaseExecutor.doExecute(TestCaseExecutor.java:439)
	at com.kms.katalon.core.main.TestCaseExecutor.processExecutionPhase(TestCaseExecutor.java:418)
	at com.kms.katalon.core.main.TestCaseExecutor.accessMainPhase(TestCaseExecutor.java:410)
	at com.kms.katalon.core.main.TestCaseExecutor.execute(TestCaseExecutor.java:285)
	at com.kms.katalon.core.common.CommonExecutor.accessTestCaseMainPhase(CommonExecutor.java:65)
	at com.kms.katalon.core.main.TestSuiteExecutor.accessTestSuiteMainPhase(TestSuiteExecutor.java:150)
	at com.kms.katalon.core.main.TestSuiteExecutor.execute(TestSuiteExecutor.java:106)
	at com.kms.katalon.core.main.TestCaseMain.startTestSuite(TestCaseMain.java:180)
	at TempTestSuite1732232929817.run(TempTestSuite1732232929817.groovy:35)
	at java.base/jdk.internal.reflect.NativeMethodAccessorImpl.invoke0(Native Method)
	at java.base/jdk.internal.reflect.NativeMethodAccessorImpl.invoke(NativeMethodAccessorImpl.java:77)
	at java.base/jdk.internal.reflect.DelegatingMethodAccessorImpl.invoke(DelegatingMethodAccessorImpl.java:43)
)

22-11-2024T03:00:46 - [TEST_STEP][PASSED] - result = WriteToExcel(typeOfData, todaysDate, PercPlanR, PercPlanB, PercFactR, PercFactB, x, tabR, tabB, o1R, o1B, vidget): null

22-11-2024T03:00:46 - [TEST_STEP][PASSED] - iii = dZO.indexOf("/"): null

22-11-2024T03:00:46 - [TEST_STEP][PASSED] - println(iii): null

22-11-2024T03:00:46 - [TEST_STEP][PASSED] - dZO = dZO.substring(0, iii): null

22-11-2024T03:00:46 - [TEST_STEP][PASSED] - println(dZO): null

22-11-2024T03:00:46 - [TEST_STEP][PASSED] - println(PercPlanR): null

22-11-2024T03:00:46 - [TEST_STEP][PASSED] - println(PercPlanB): null

22-11-2024T03:00:46 - [TEST_STEP][PASSED] - println(PercFactR): null

22-11-2024T03:00:46 - [TEST_STEP][PASSED] - println(PercFactB): null

22-11-2024T03:00:46 - [TEST_STEP][PASSED] - println(tabR): null

22-11-2024T03:00:46 - [TEST_STEP][PASSED] - println(tabB): null

22-11-2024T03:00:46 - [TEST_STEP][PASSED] - println(o1R): null

22-11-2024T03:00:46 - [TEST_STEP][PASSED] - println(o1B): null

22-11-2024T03:00:46 - [TEST_STEP][PASSED] - PR = <not implemented yet for class: org.codehaus.groovy.ast.expr.EmptyExpression>: null

22-11-2024T03:00:46 - [TEST_STEP][PASSED] - FR = <not implemented yet for class: org.codehaus.groovy.ast.expr.EmptyExpression>: null

22-11-2024T03:00:46 - [TEST_STEP][PASSED] - PB = <not implemented yet for class: org.codehaus.groovy.ast.expr.EmptyExpression>: null

22-11-2024T03:00:46 - [TEST_STEP][PASSED] - FB = <not implemented yet for class: org.codehaus.groovy.ast.expr.EmptyExpression>: null

22-11-2024T03:00:46 - [TEST_STEP][PASSED] - TR = <not implemented yet for class: org.codehaus.groovy.ast.expr.EmptyExpression>: null

22-11-2024T03:00:46 - [TEST_STEP][PASSED] - TB = <not implemented yet for class: org.codehaus.groovy.ast.expr.EmptyExpression>: null

22-11-2024T03:00:46 - [TEST_STEP][PASSED] - sheetName = "Sheet1": null

22-11-2024T03:00:46 - [TEST_STEP][PASSED] - data = findTestData("PlanFact"): null

22-11-2024T03:00:46 - [TEST_STEP][PASSED] - n = data.getRowNumbers() + 1: null

22-11-2024T03:00:46 - [TEST_STEP][PASSED] - year = todaysDate.substring(todaysDate.length() - 4, todaysDate.length()): null

22-11-2024T03:00:46 - [TEST_STEP][PASSED] - y = year.toInteger(): null

22-11-2024T03:00:46 - [TEST_STEP][PASSED] - m = getText(findTestObject("Выполнение бизнес-плана/Выполнение бизнес-плана Балансы/Фильтр Дата")): Text of object 'Object Repository/Выполнение бизнес-плана/Выполнение бизнес-плана Балансы/Фильтр Дата' is: '1, 2, 3 кв. 2024 года'

22-11-2024T03:00:46 - [MESSAGE][PASSED] - Text of object 'Object Repository/Выполнение бизнес-плана/Выполнение бизнес-плана Балансы/Фильтр Дата' is: '1, 2, 3 кв. 2024 года'

22-11-2024T03:00:46 - [TEST_STEP][PASSED] - m = m.substring(0, m.indexOf("2024")): null

22-11-2024T03:00:46 - [TEST_STEP][PASSED] - m = m.trim(): null

22-11-2024T03:00:46 - [TEST_STEP][PASSED] - dashboardName = "Выполнение бизнес-плана": null

22-11-2024T03:00:46 - [TEST_STEP][PASSED] - workbook01 = getWorkbook(excelFilePath): null

22-11-2024T03:00:46 - [TEST_STEP][PASSED] - sheet01 = getExcelSheet(workbook01, sheetName): null

22-11-2024T03:00:46 - [TEST_STEP][PASSED] - setValueToCellByIndex(sheet01, n, 0, dashboardName): null

22-11-2024T03:00:46 - [TEST_STEP][PASSED] - setValueToCellByIndex(sheet01, n, 1, dZO): null

22-11-2024T03:00:46 - [TEST_STEP][PASSED] - setValueToCellByIndex(sheet01, n, 2, typeOfData): null

22-11-2024T03:00:46 - [TEST_STEP][PASSED] - setValueToCellByIndex(sheet01, n, 3, typeOfData): null

22-11-2024T03:00:46 - [TEST_STEP][PASSED] - if (typeOfData == "План"): null

22-11-2024T03:00:46 - [TEST_STEP][PASSED] - else if (typeOfData == "Факт"): null

22-11-2024T03:00:46 - [TEST_STEP][PASSED] - else if (vidget.contains("электроэнергии") == true): null

22-11-2024T03:00:46 - [TEST_STEP][PASSED] - if (tabR == null): null

22-11-2024T03:00:46 - [TEST_STEP][PASSED] - else: null

22-11-2024T03:00:46 - [TEST_STEP][PASSED] - if (tabR == "нет данных"): null

22-11-2024T03:00:46 - [TEST_STEP][PASSED] - setValueToCellByIndex(sheet01, n, 4, "нет данных"): null

22-11-2024T03:00:46 - [TEST_STEP][PASSED] - if (tabB == null): null

22-11-2024T03:00:46 - [TEST_STEP][PASSED] - else: null

22-11-2024T03:00:46 - [TEST_STEP][PASSED] - if (tabB == "нет данных"): null

22-11-2024T03:00:46 - [TEST_STEP][PASSED] - else: null

22-11-2024T03:00:46 - [TEST_STEP][PASSED] - TB = tabB.toInteger(): null

22-11-2024T03:00:46 - [TEST_STEP][PASSED] - setValueToCellByIndex(sheet01, n, 5, TB): null

22-11-2024T03:00:46 - [TEST_STEP][PASSED] - setValueToCellByIndex(sheet01, n, 6, m): null

22-11-2024T03:00:46 - [TEST_STEP][PASSED] - setValueToCellByIndex(sheet01, n, 7, y): null

22-11-2024T03:00:46 - [TEST_STEP][PASSED] - setValueToCellByIndex(sheet01, n, 8, todaysDate): null

22-11-2024T03:00:46 - [TEST_STEP][PASSED] - n = n + 1: null

22-11-2024T03:00:46 - [TEST_STEP][PASSED] - saveWorkbook(excelFilePath, workbook01): null

22-11-2024T03:00:47 - [TEST_STEP][PASSED] - typeOfData = "План Отпуск из сети": null

22-11-2024T03:00:47 - [TEST_STEP][PASSED] - tabR = GetOiSPlanR(x = a): null

22-11-2024T03:00:47 - [TEST_STEP][PASSED] - i1 = <not implemented yet for class: org.codehaus.groovy.ast.expr.EmptyExpression>: null

22-11-2024T03:00:47 - [TEST_STEP][PASSED] - ii = <not implemented yet for class: org.codehaus.groovy.ast.expr.EmptyExpression>: null

22-11-2024T03:00:47 - [TEST_STEP][PASSED] - for ([ii = 1, ii < 8, (ii++)]): null

22-11-2024T03:00:47 - [TEST_STEP][PASSED] - i1 = x.indexOf("/") + 1: null

22-11-2024T03:00:47 - [TEST_STEP][PASSED] - if (i1 > -1): null

22-11-2024T03:00:47 - [TEST_STEP][PASSED] - x = x.substring(i1, x.length()): null

22-11-2024T03:00:47 - [TEST_STEP][PASSED] - println(x): null

22-11-2024T03:00:47 - [TEST_STEP][PASSED] - i1 = x.indexOf("/") + 1: null

22-11-2024T03:00:47 - [TEST_STEP][PASSED] - if (i1 > -1): null

22-11-2024T03:00:47 - [TEST_STEP][PASSED] - x = x.substring(i1, x.length()): null

22-11-2024T03:00:47 - [TEST_STEP][PASSED] - println(x): null

22-11-2024T03:00:47 - [TEST_STEP][PASSED] - i1 = x.indexOf("/") + 1: null

22-11-2024T03:00:47 - [TEST_STEP][PASSED] - if (i1 > -1): null

22-11-2024T03:00:47 - [TEST_STEP][PASSED] - x = x.substring(i1, x.length()): null

22-11-2024T03:00:47 - [TEST_STEP][PASSED] - println(x): null

22-11-2024T03:00:47 - [TEST_STEP][PASSED] - i1 = x.indexOf("/") + 1: null

22-11-2024T03:00:47 - [TEST_STEP][PASSED] - if (i1 > -1): null

22-11-2024T03:00:47 - [TEST_STEP][PASSED] - x = x.substring(i1, x.length()): null

22-11-2024T03:00:47 - [TEST_STEP][PASSED] - println(x): null

22-11-2024T03:00:47 - [TEST_STEP][PASSED] - i1 = x.indexOf("/") + 1: null

22-11-2024T03:00:47 - [TEST_STEP][PASSED] - if (i1 > -1): null

22-11-2024T03:00:47 - [TEST_STEP][PASSED] - x = x.substring(i1, x.length()): null

22-11-2024T03:00:47 - [TEST_STEP][PASSED] - println(x): null

22-11-2024T03:00:47 - [TEST_STEP][PASSED] - i1 = x.indexOf("/") + 1: null

22-11-2024T03:00:47 - [TEST_STEP][PASSED] - if (i1 > -1): null

22-11-2024T03:00:47 - [TEST_STEP][PASSED] - x = x.substring(i1, x.length()): null

22-11-2024T03:00:47 - [TEST_STEP][PASSED] - println(x): null

22-11-2024T03:00:47 - [TEST_STEP][PASSED] - i1 = x.indexOf("/") + 1: null

22-11-2024T03:00:47 - [TEST_STEP][PASSED] - if (i1 > -1): null

22-11-2024T03:00:47 - [TEST_STEP][PASSED] - x = x.substring(i1, x.length()): null

22-11-2024T03:00:47 - [TEST_STEP][PASSED] - println(x): null

22-11-2024T03:00:47 - [TEST_STEP][PASSED] - i1 = x.indexOf("/"): null

22-11-2024T03:00:47 - [TEST_STEP][PASSED] - if (i1 > -1): null

22-11-2024T03:00:47 - [TEST_STEP][PASSED] - x = x.substring(0, i1): null

22-11-2024T03:00:47 - [TEST_STEP][PASSED] - println(x): null

22-11-2024T03:00:47 - [TEST_STEP][PASSED] - return x: null

22-11-2024T03:00:47 - [TEST_STEP][PASSED] - tabB = GetOiSPlanB(x = b): null

22-11-2024T03:00:47 - [TEST_STEP][PASSED] - i1 = <not implemented yet for class: org.codehaus.groovy.ast.expr.EmptyExpression>: null

22-11-2024T03:00:47 - [TEST_STEP][PASSED] - ii = <not implemented yet for class: org.codehaus.groovy.ast.expr.EmptyExpression>: null

22-11-2024T03:00:47 - [TEST_STEP][PASSED] - for ([ii = 1, ii < 8, (ii++)]): null

22-11-2024T03:00:47 - [TEST_STEP][PASSED] - i1 = x.indexOf("/") + 1: null

22-11-2024T03:00:47 - [TEST_STEP][PASSED] - if (i1 > -1): null

22-11-2024T03:00:47 - [TEST_STEP][PASSED] - x = x.substring(i1, x.length()): null

22-11-2024T03:00:47 - [TEST_STEP][PASSED] - println(x): null

22-11-2024T03:00:47 - [TEST_STEP][PASSED] - i1 = x.indexOf("/") + 1: null

22-11-2024T03:00:47 - [TEST_STEP][PASSED] - if (i1 > -1): null

22-11-2024T03:00:47 - [TEST_STEP][PASSED] - x = x.substring(i1, x.length()): null

22-11-2024T03:00:47 - [TEST_STEP][PASSED] - println(x): null

22-11-2024T03:00:47 - [TEST_STEP][PASSED] - i1 = x.indexOf("/") + 1: null

22-11-2024T03:00:47 - [TEST_STEP][PASSED] - if (i1 > -1): null

22-11-2024T03:00:47 - [TEST_STEP][PASSED] - x = x.substring(i1, x.length()): null

22-11-2024T03:00:47 - [TEST_STEP][PASSED] - println(x): null

22-11-2024T03:00:47 - [TEST_STEP][PASSED] - i1 = x.indexOf("/") + 1: null

22-11-2024T03:00:47 - [TEST_STEP][PASSED] - if (i1 > -1): null

22-11-2024T03:00:47 - [TEST_STEP][PASSED] - x = x.substring(i1, x.length()): null

22-11-2024T03:00:47 - [TEST_STEP][PASSED] - println(x): null

22-11-2024T03:00:47 - [TEST_STEP][PASSED] - i1 = x.indexOf("/") + 1: null

22-11-2024T03:00:47 - [TEST_STEP][PASSED] - if (i1 > -1): null

22-11-2024T03:00:47 - [TEST_STEP][PASSED] - x = x.substring(i1, x.length()): null

22-11-2024T03:00:47 - [TEST_STEP][PASSED] - println(x): null

22-11-2024T03:00:47 - [TEST_STEP][PASSED] - i1 = x.indexOf("/") + 1: null

22-11-2024T03:00:47 - [TEST_STEP][PASSED] - if (i1 > -1): null

22-11-2024T03:00:47 - [TEST_STEP][PASSED] - x = x.substring(i1, x.length()): null

22-11-2024T03:00:47 - [TEST_STEP][PASSED] - println(x): null

22-11-2024T03:00:47 - [TEST_STEP][PASSED] - i1 = x.indexOf("/") + 1: null

22-11-2024T03:00:47 - [TEST_STEP][PASSED] - if (i1 > -1): null

22-11-2024T03:00:47 - [TEST_STEP][PASSED] - x = x.substring(i1, x.length()): null

22-11-2024T03:00:47 - [TEST_STEP][PASSED] - println(x): null

22-11-2024T03:00:47 - [TEST_STEP][PASSED] - i1 = x.indexOf("/"): null

22-11-2024T03:00:47 - [TEST_STEP][PASSED] - if (i1 > -1): null

22-11-2024T03:00:47 - [TEST_STEP][PASSED] - x = x.substring(0, i1): null

22-11-2024T03:00:47 - [TEST_STEP][PASSED] - println(x): null

22-11-2024T03:00:47 - [TEST_STEP][FAILED] - return x: null

22-11-2024T03:00:47 - [TEST_STEP][PASSED] - println(tabR + "/" + tabB): null

22-11-2024T03:00:47 - [TEST_STEP][FAILED] - if (verifyEqual(PercFactR, PercFactB) == false): null

22-11-2024T03:00:47 - [MESSAGE][FAILED] - Unable to verify equal between actual object 'нет данных' and expected object '8.39' (Root cause: com.kms.katalon.core.exception.StepFailedException: Actual object 'нет данных' and expected object '8.39' are not equal
	at com.kms.katalon.core.keyword.builtin.VerifyEqualKeyword$_verifyEqual_closure1.doCall(VerifyEqualKeyword.groovy:58)
	at com.kms.katalon.core.keyword.builtin.VerifyEqualKeyword$_verifyEqual_closure1.call(VerifyEqualKeyword.groovy)
	at com.kms.katalon.core.keyword.internal.KeywordMain.runKeyword(KeywordMain.groovy:75)
	at com.kms.katalon.core.keyword.builtin.VerifyEqualKeyword.verifyEqual(VerifyEqualKeyword.groovy:63)
	at com.kms.katalon.core.keyword.builtin.VerifyEqualKeyword.execute(VerifyEqualKeyword.groovy:44)
	at com.kms.katalon.core.keyword.internal.KeywordExecutor.executeKeywordForPlatform(KeywordExecutor.groovy:74)
	at com.kms.katalon.core.keyword.BuiltinKeywords.verifyEqual(BuiltinKeywords.groovy:146)
	at jdk.internal.reflect.GeneratedMethodAccessor25.invoke(Unknown Source)
	at java.base/jdk.internal.reflect.DelegatingMethodAccessorImpl.invoke(DelegatingMethodAccessorImpl.java:43)
	at Выполнение бизнес-плана сверка дашбордов.CompareDZOData(Выполнение бизнес-плана сверка дашбордов:758)
	at Выполнение бизнес-плана сверка дашбордов.run(Выполнение бизнес-плана сверка дашбордов:663)
	at com.kms.katalon.core.main.ScriptEngine.run(ScriptEngine.java:194)
	at com.kms.katalon.core.main.ScriptEngine.runScriptAsRawText(ScriptEngine.java:119)
	at com.kms.katalon.core.main.TestCaseExecutor.runScript(TestCaseExecutor.java:448)
	at com.kms.katalon.core.main.TestCaseExecutor.doExecute(TestCaseExecutor.java:439)
	at com.kms.katalon.core.main.TestCaseExecutor.processExecutionPhase(TestCaseExecutor.java:418)
	at com.kms.katalon.core.main.TestCaseExecutor.accessMainPhase(TestCaseExecutor.java:410)
	at com.kms.katalon.core.main.TestCaseExecutor.execute(TestCaseExecutor.java:285)
	at com.kms.katalon.core.common.CommonExecutor.accessTestCaseMainPhase(CommonExecutor.java:65)
	at com.kms.katalon.core.main.TestSuiteExecutor.accessTestSuiteMainPhase(TestSuiteExecutor.java:150)
	at com.kms.katalon.core.main.TestSuiteExecutor.execute(TestSuiteExecutor.java:106)
	at com.kms.katalon.core.main.TestCaseMain.startTestSuite(TestCaseMain.java:180)
	at TempTestSuite1732232929817.run(TempTestSuite1732232929817.groovy:35)
	at java.base/jdk.internal.reflect.NativeMethodAccessorImpl.invoke0(Native Method)
	at java.base/jdk.internal.reflect.NativeMethodAccessorImpl.invoke(NativeMethodAccessorImpl.java:77)
	at java.base/jdk.internal.reflect.DelegatingMethodAccessorImpl.invoke(DelegatingMethodAccessorImpl.java:43)
)

22-11-2024T03:00:47 - [TEST_STEP][PASSED] - result = WriteToExcel(typeOfData, todaysDate, PercPlanR, PercPlanB, PercFactR, PercFactB, x, tabR, tabB, o1R, o1B, vidget): null

22-11-2024T03:00:47 - [TEST_STEP][PASSED] - iii = dZO.indexOf("/"): null

22-11-2024T03:00:47 - [TEST_STEP][PASSED] - println(iii): null

22-11-2024T03:00:47 - [TEST_STEP][PASSED] - dZO = dZO.substring(0, iii): null

22-11-2024T03:00:47 - [TEST_STEP][PASSED] - println(dZO): null

22-11-2024T03:00:47 - [TEST_STEP][PASSED] - println(PercPlanR): null

22-11-2024T03:00:47 - [TEST_STEP][PASSED] - println(PercPlanB): null

22-11-2024T03:00:47 - [TEST_STEP][PASSED] - println(PercFactR): null

22-11-2024T03:00:47 - [TEST_STEP][PASSED] - println(PercFactB): null

22-11-2024T03:00:47 - [TEST_STEP][PASSED] - println(tabR): null

22-11-2024T03:00:47 - [TEST_STEP][PASSED] - println(tabB): null

22-11-2024T03:00:47 - [TEST_STEP][PASSED] - println(o1R): null

22-11-2024T03:00:47 - [TEST_STEP][PASSED] - println(o1B): null

22-11-2024T03:00:47 - [TEST_STEP][PASSED] - PR = <not implemented yet for class: org.codehaus.groovy.ast.expr.EmptyExpression>: null

22-11-2024T03:00:47 - [TEST_STEP][PASSED] - FR = <not implemented yet for class: org.codehaus.groovy.ast.expr.EmptyExpression>: null

22-11-2024T03:00:47 - [TEST_STEP][PASSED] - PB = <not implemented yet for class: org.codehaus.groovy.ast.expr.EmptyExpression>: null

22-11-2024T03:00:47 - [TEST_STEP][PASSED] - FB = <not implemented yet for class: org.codehaus.groovy.ast.expr.EmptyExpression>: null

22-11-2024T03:00:47 - [TEST_STEP][PASSED] - TR = <not implemented yet for class: org.codehaus.groovy.ast.expr.EmptyExpression>: null

22-11-2024T03:00:47 - [TEST_STEP][PASSED] - TB = <not implemented yet for class: org.codehaus.groovy.ast.expr.EmptyExpression>: null

22-11-2024T03:00:47 - [TEST_STEP][PASSED] - sheetName = "Sheet1": null

22-11-2024T03:00:47 - [TEST_STEP][PASSED] - data = findTestData("PlanFact"): null

22-11-2024T03:00:47 - [TEST_STEP][PASSED] - n = data.getRowNumbers() + 1: null

22-11-2024T03:00:47 - [TEST_STEP][PASSED] - year = todaysDate.substring(todaysDate.length() - 4, todaysDate.length()): null

22-11-2024T03:00:47 - [TEST_STEP][PASSED] - y = year.toInteger(): null

22-11-2024T03:00:47 - [TEST_STEP][PASSED] - m = getText(findTestObject("Выполнение бизнес-плана/Выполнение бизнес-плана Балансы/Фильтр Дата")): Text of object 'Object Repository/Выполнение бизнес-плана/Выполнение бизнес-плана Балансы/Фильтр Дата' is: '1, 2, 3 кв. 2024 года'

22-11-2024T03:00:47 - [MESSAGE][PASSED] - Text of object 'Object Repository/Выполнение бизнес-плана/Выполнение бизнес-плана Балансы/Фильтр Дата' is: '1, 2, 3 кв. 2024 года'

22-11-2024T03:00:47 - [TEST_STEP][PASSED] - m = m.substring(0, m.indexOf("2024")): null

22-11-2024T03:00:47 - [TEST_STEP][PASSED] - m = m.trim(): null

22-11-2024T03:00:47 - [TEST_STEP][PASSED] - dashboardName = "Выполнение бизнес-плана": null

22-11-2024T03:00:47 - [TEST_STEP][PASSED] - workbook01 = getWorkbook(excelFilePath): null

22-11-2024T03:00:47 - [TEST_STEP][PASSED] - sheet01 = getExcelSheet(workbook01, sheetName): null

22-11-2024T03:00:47 - [TEST_STEP][PASSED] - setValueToCellByIndex(sheet01, n, 0, dashboardName): null

22-11-2024T03:00:47 - [TEST_STEP][PASSED] - setValueToCellByIndex(sheet01, n, 1, dZO): null

22-11-2024T03:00:47 - [TEST_STEP][PASSED] - setValueToCellByIndex(sheet01, n, 2, typeOfData): null

22-11-2024T03:00:47 - [TEST_STEP][PASSED] - setValueToCellByIndex(sheet01, n, 3, typeOfData): null

22-11-2024T03:00:47 - [TEST_STEP][PASSED] - if (typeOfData == "План"): null

22-11-2024T03:00:47 - [TEST_STEP][PASSED] - else if (typeOfData == "Факт"): null

22-11-2024T03:00:47 - [TEST_STEP][PASSED] - else if (vidget.contains("электроэнергии") == true): null

22-11-2024T03:00:47 - [TEST_STEP][PASSED] - if (tabR == null): null

22-11-2024T03:00:47 - [TEST_STEP][PASSED] - else: null

22-11-2024T03:00:47 - [TEST_STEP][PASSED] - if (tabR == "нет данных"): null

22-11-2024T03:00:47 - [TEST_STEP][PASSED] - setValueToCellByIndex(sheet01, n, 4, "нет данных"): null

22-11-2024T03:00:47 - [TEST_STEP][PASSED] - if (tabB == null): null

22-11-2024T03:00:47 - [TEST_STEP][PASSED] - else: null

22-11-2024T03:00:47 - [TEST_STEP][PASSED] - if (tabB == "нет данных"): null

22-11-2024T03:00:47 - [TEST_STEP][PASSED] - else: null

22-11-2024T03:00:47 - [TEST_STEP][PASSED] - TB = tabB.toInteger(): null

22-11-2024T03:00:47 - [TEST_STEP][PASSED] - setValueToCellByIndex(sheet01, n, 5, TB): null

22-11-2024T03:00:47 - [TEST_STEP][PASSED] - setValueToCellByIndex(sheet01, n, 6, m): null

22-11-2024T03:00:47 - [TEST_STEP][PASSED] - setValueToCellByIndex(sheet01, n, 7, y): null

22-11-2024T03:00:47 - [TEST_STEP][PASSED] - setValueToCellByIndex(sheet01, n, 8, todaysDate): null

22-11-2024T03:00:47 - [TEST_STEP][PASSED] - n = n + 1: null

22-11-2024T03:00:47 - [TEST_STEP][PASSED] - saveWorkbook(excelFilePath, workbook01): null

22-11-2024T03:00:47 - [TEST_STEP][PASSED] - typeOfData = "План Потери": null

22-11-2024T03:00:47 - [TEST_STEP][PASSED] - tabR = GetPPlanR(x = a): null

22-11-2024T03:00:47 - [TEST_STEP][PASSED] - i1 = <not implemented yet for class: org.codehaus.groovy.ast.expr.EmptyExpression>: null

22-11-2024T03:00:47 - [TEST_STEP][PASSED] - ii = <not implemented yet for class: org.codehaus.groovy.ast.expr.EmptyExpression>: null

22-11-2024T03:00:47 - [TEST_STEP][PASSED] - for ([ii = 1, ii < 9, (ii++)]): null

22-11-2024T03:00:47 - [TEST_STEP][PASSED] - i1 = x.indexOf("/") + 1: null

22-11-2024T03:00:47 - [TEST_STEP][PASSED] - if (i1 > -1): null

22-11-2024T03:00:47 - [TEST_STEP][PASSED] - x = x.substring(i1, x.length()): null

22-11-2024T03:00:47 - [TEST_STEP][PASSED] - println(x): null

22-11-2024T03:00:47 - [TEST_STEP][PASSED] - i1 = x.indexOf("/") + 1: null

22-11-2024T03:00:47 - [TEST_STEP][PASSED] - if (i1 > -1): null

22-11-2024T03:00:47 - [TEST_STEP][PASSED] - x = x.substring(i1, x.length()): null

22-11-2024T03:00:47 - [TEST_STEP][PASSED] - println(x): null

22-11-2024T03:00:47 - [TEST_STEP][PASSED] - i1 = x.indexOf("/") + 1: null

22-11-2024T03:00:47 - [TEST_STEP][PASSED] - if (i1 > -1): null

22-11-2024T03:00:47 - [TEST_STEP][PASSED] - x = x.substring(i1, x.length()): null

22-11-2024T03:00:47 - [TEST_STEP][PASSED] - println(x): null

22-11-2024T03:00:47 - [TEST_STEP][PASSED] - i1 = x.indexOf("/") + 1: null

22-11-2024T03:00:47 - [TEST_STEP][PASSED] - if (i1 > -1): null

22-11-2024T03:00:47 - [TEST_STEP][PASSED] - x = x.substring(i1, x.length()): null

22-11-2024T03:00:47 - [TEST_STEP][PASSED] - println(x): null

22-11-2024T03:00:47 - [TEST_STEP][PASSED] - i1 = x.indexOf("/") + 1: null

22-11-2024T03:00:47 - [TEST_STEP][PASSED] - if (i1 > -1): null

22-11-2024T03:00:47 - [TEST_STEP][PASSED] - x = x.substring(i1, x.length()): null

22-11-2024T03:00:47 - [TEST_STEP][PASSED] - println(x): null

22-11-2024T03:00:47 - [TEST_STEP][PASSED] - i1 = x.indexOf("/") + 1: null

22-11-2024T03:00:47 - [TEST_STEP][PASSED] - if (i1 > -1): null

22-11-2024T03:00:47 - [TEST_STEP][PASSED] - x = x.substring(i1, x.length()): null

22-11-2024T03:00:47 - [TEST_STEP][PASSED] - println(x): null

22-11-2024T03:00:47 - [TEST_STEP][PASSED] - i1 = x.indexOf("/") + 1: null

22-11-2024T03:00:47 - [TEST_STEP][PASSED] - if (i1 > -1): null

22-11-2024T03:00:47 - [TEST_STEP][PASSED] - x = x.substring(i1, x.length()): null

22-11-2024T03:00:47 - [TEST_STEP][PASSED] - println(x): null

22-11-2024T03:00:47 - [TEST_STEP][PASSED] - i1 = x.indexOf("/") + 1: null

22-11-2024T03:00:47 - [TEST_STEP][PASSED] - if (i1 > -1): null

22-11-2024T03:00:47 - [TEST_STEP][PASSED] - x = x.substring(i1, x.length()): null

22-11-2024T03:00:47 - [TEST_STEP][PASSED] - println(x): null

22-11-2024T03:00:47 - [TEST_STEP][PASSED] - i1 = x.indexOf("/"): null

22-11-2024T03:00:47 - [TEST_STEP][PASSED] - if (i1 > -1): null

22-11-2024T03:00:47 - [TEST_STEP][PASSED] - x = x.substring(0, i1): null

22-11-2024T03:00:47 - [TEST_STEP][PASSED] - println(x): null

22-11-2024T03:00:47 - [TEST_STEP][PASSED] - return x: null

22-11-2024T03:00:47 - [TEST_STEP][PASSED] - tabB = GetPPlanB(x = b): null

22-11-2024T03:00:47 - [TEST_STEP][PASSED] - i1 = <not implemented yet for class: org.codehaus.groovy.ast.expr.EmptyExpression>: null

22-11-2024T03:00:47 - [TEST_STEP][PASSED] - ii = <not implemented yet for class: org.codehaus.groovy.ast.expr.EmptyExpression>: null

22-11-2024T03:00:47 - [TEST_STEP][PASSED] - for ([ii = 1, ii < 9, (ii++)]): null

22-11-2024T03:00:47 - [TEST_STEP][PASSED] - i1 = x.indexOf("/") + 1: null

22-11-2024T03:00:47 - [TEST_STEP][PASSED] - if (i1 > -1): null

22-11-2024T03:00:47 - [TEST_STEP][PASSED] - x = x.substring(i1, x.length()): null

22-11-2024T03:00:47 - [TEST_STEP][PASSED] - println(x): null

22-11-2024T03:00:47 - [TEST_STEP][PASSED] - i1 = x.indexOf("/") + 1: null

22-11-2024T03:00:47 - [TEST_STEP][PASSED] - if (i1 > -1): null

22-11-2024T03:00:47 - [TEST_STEP][PASSED] - x = x.substring(i1, x.length()): null

22-11-2024T03:00:47 - [TEST_STEP][PASSED] - println(x): null

22-11-2024T03:00:47 - [TEST_STEP][PASSED] - i1 = x.indexOf("/") + 1: null

22-11-2024T03:00:47 - [TEST_STEP][PASSED] - if (i1 > -1): null

22-11-2024T03:00:47 - [TEST_STEP][PASSED] - x = x.substring(i1, x.length()): null

22-11-2024T03:00:47 - [TEST_STEP][PASSED] - println(x): null

22-11-2024T03:00:47 - [TEST_STEP][PASSED] - i1 = x.indexOf("/") + 1: null

22-11-2024T03:00:47 - [TEST_STEP][PASSED] - if (i1 > -1): null

22-11-2024T03:00:47 - [TEST_STEP][PASSED] - x = x.substring(i1, x.length()): null

22-11-2024T03:00:47 - [TEST_STEP][PASSED] - println(x): null

22-11-2024T03:00:47 - [TEST_STEP][PASSED] - i1 = x.indexOf("/") + 1: null

22-11-2024T03:00:47 - [TEST_STEP][PASSED] - if (i1 > -1): null

22-11-2024T03:00:47 - [TEST_STEP][PASSED] - x = x.substring(i1, x.length()): null

22-11-2024T03:00:47 - [TEST_STEP][PASSED] - println(x): null

22-11-2024T03:00:47 - [TEST_STEP][PASSED] - i1 = x.indexOf("/") + 1: null

22-11-2024T03:00:47 - [TEST_STEP][PASSED] - if (i1 > -1): null

22-11-2024T03:00:47 - [TEST_STEP][PASSED] - x = x.substring(i1, x.length()): null

22-11-2024T03:00:47 - [TEST_STEP][PASSED] - println(x): null

22-11-2024T03:00:47 - [TEST_STEP][PASSED] - i1 = x.indexOf("/") + 1: null

22-11-2024T03:00:47 - [TEST_STEP][PASSED] - if (i1 > -1): null

22-11-2024T03:00:47 - [TEST_STEP][PASSED] - x = x.substring(i1, x.length()): null

22-11-2024T03:00:47 - [TEST_STEP][PASSED] - println(x): null

22-11-2024T03:00:47 - [TEST_STEP][PASSED] - i1 = x.indexOf("/") + 1: null

22-11-2024T03:00:47 - [TEST_STEP][PASSED] - if (i1 > -1): null

22-11-2024T03:00:47 - [TEST_STEP][PASSED] - x = x.substring(i1, x.length()): null

22-11-2024T03:00:47 - [TEST_STEP][PASSED] - println(x): null

22-11-2024T03:00:47 - [TEST_STEP][PASSED] - i1 = x.indexOf("/"): null

22-11-2024T03:00:47 - [TEST_STEP][PASSED] - if (i1 > -1): null

22-11-2024T03:00:47 - [TEST_STEP][PASSED] - x = x.substring(0, i1): null

22-11-2024T03:00:47 - [TEST_STEP][PASSED] - println(x): null

22-11-2024T03:00:47 - [TEST_STEP][FAILED] - return x: null

22-11-2024T03:00:47 - [TEST_STEP][PASSED] - println(tabR + "/" + tabB): null

22-11-2024T03:00:47 - [TEST_STEP][FAILED] - if (verifyEqual(PercFactR, PercFactB) == false): null

22-11-2024T03:00:47 - [MESSAGE][FAILED] - Unable to verify equal between actual object 'нет данных' and expected object '8.39' (Root cause: com.kms.katalon.core.exception.StepFailedException: Actual object 'нет данных' and expected object '8.39' are not equal
	at com.kms.katalon.core.keyword.builtin.VerifyEqualKeyword$_verifyEqual_closure1.doCall(VerifyEqualKeyword.groovy:58)
	at com.kms.katalon.core.keyword.builtin.VerifyEqualKeyword$_verifyEqual_closure1.call(VerifyEqualKeyword.groovy)
	at com.kms.katalon.core.keyword.internal.KeywordMain.runKeyword(KeywordMain.groovy:75)
	at com.kms.katalon.core.keyword.builtin.VerifyEqualKeyword.verifyEqual(VerifyEqualKeyword.groovy:63)
	at com.kms.katalon.core.keyword.builtin.VerifyEqualKeyword.execute(VerifyEqualKeyword.groovy:44)
	at com.kms.katalon.core.keyword.internal.KeywordExecutor.executeKeywordForPlatform(KeywordExecutor.groovy:74)
	at com.kms.katalon.core.keyword.BuiltinKeywords.verifyEqual(BuiltinKeywords.groovy:146)
	at jdk.internal.reflect.GeneratedMethodAccessor25.invoke(Unknown Source)
	at java.base/jdk.internal.reflect.DelegatingMethodAccessorImpl.invoke(DelegatingMethodAccessorImpl.java:43)
	at Выполнение бизнес-плана сверка дашбордов.CompareDZOData(Выполнение бизнес-плана сверка дашбордов:771)
	at Выполнение бизнес-плана сверка дашбордов.run(Выполнение бизнес-плана сверка дашбордов:663)
	at com.kms.katalon.core.main.ScriptEngine.run(ScriptEngine.java:194)
	at com.kms.katalon.core.main.ScriptEngine.runScriptAsRawText(ScriptEngine.java:119)
	at com.kms.katalon.core.main.TestCaseExecutor.runScript(TestCaseExecutor.java:448)
	at com.kms.katalon.core.main.TestCaseExecutor.doExecute(TestCaseExecutor.java:439)
	at com.kms.katalon.core.main.TestCaseExecutor.processExecutionPhase(TestCaseExecutor.java:418)
	at com.kms.katalon.core.main.TestCaseExecutor.accessMainPhase(TestCaseExecutor.java:410)
	at com.kms.katalon.core.main.TestCaseExecutor.execute(TestCaseExecutor.java:285)
	at com.kms.katalon.core.common.CommonExecutor.accessTestCaseMainPhase(CommonExecutor.java:65)
	at com.kms.katalon.core.main.TestSuiteExecutor.accessTestSuiteMainPhase(TestSuiteExecutor.java:150)
	at com.kms.katalon.core.main.TestSuiteExecutor.execute(TestSuiteExecutor.java:106)
	at com.kms.katalon.core.main.TestCaseMain.startTestSuite(TestCaseMain.java:180)
	at TempTestSuite1732232929817.run(TempTestSuite1732232929817.groovy:35)
	at java.base/jdk.internal.reflect.NativeMethodAccessorImpl.invoke0(Native Method)
	at java.base/jdk.internal.reflect.NativeMethodAccessorImpl.invoke(NativeMethodAccessorImpl.java:77)
	at java.base/jdk.internal.reflect.DelegatingMethodAccessorImpl.invoke(DelegatingMethodAccessorImpl.java:43)
)

22-11-2024T03:00:47 - [TEST_STEP][PASSED] - result = WriteToExcel(typeOfData, todaysDate, PercPlanR, PercPlanB, PercFactR, PercFactB, x, tabR, tabB, o1R, o1B, vidget): null

22-11-2024T03:00:47 - [TEST_STEP][PASSED] - iii = dZO.indexOf("/"): null

22-11-2024T03:00:47 - [TEST_STEP][PASSED] - println(iii): null

22-11-2024T03:00:47 - [TEST_STEP][PASSED] - dZO = dZO.substring(0, iii): null

22-11-2024T03:00:47 - [TEST_STEP][PASSED] - println(dZO): null

22-11-2024T03:00:47 - [TEST_STEP][PASSED] - println(PercPlanR): null

22-11-2024T03:00:47 - [TEST_STEP][PASSED] - println(PercPlanB): null

22-11-2024T03:00:47 - [TEST_STEP][PASSED] - println(PercFactR): null

22-11-2024T03:00:47 - [TEST_STEP][PASSED] - println(PercFactB): null

22-11-2024T03:00:47 - [TEST_STEP][PASSED] - println(tabR): null

22-11-2024T03:00:47 - [TEST_STEP][PASSED] - println(tabB): null

22-11-2024T03:00:47 - [TEST_STEP][PASSED] - println(o1R): null

22-11-2024T03:00:47 - [TEST_STEP][PASSED] - println(o1B): null

22-11-2024T03:00:47 - [TEST_STEP][PASSED] - PR = <not implemented yet for class: org.codehaus.groovy.ast.expr.EmptyExpression>: null

22-11-2024T03:00:47 - [TEST_STEP][PASSED] - FR = <not implemented yet for class: org.codehaus.groovy.ast.expr.EmptyExpression>: null

22-11-2024T03:00:47 - [TEST_STEP][PASSED] - PB = <not implemented yet for class: org.codehaus.groovy.ast.expr.EmptyExpression>: null

22-11-2024T03:00:47 - [TEST_STEP][PASSED] - FB = <not implemented yet for class: org.codehaus.groovy.ast.expr.EmptyExpression>: null

22-11-2024T03:00:47 - [TEST_STEP][PASSED] - TR = <not implemented yet for class: org.codehaus.groovy.ast.expr.EmptyExpression>: null

22-11-2024T03:00:47 - [TEST_STEP][PASSED] - TB = <not implemented yet for class: org.codehaus.groovy.ast.expr.EmptyExpression>: null

22-11-2024T03:00:47 - [TEST_STEP][PASSED] - sheetName = "Sheet1": null

22-11-2024T03:00:47 - [TEST_STEP][PASSED] - data = findTestData("PlanFact"): null

22-11-2024T03:00:47 - [TEST_STEP][PASSED] - n = data.getRowNumbers() + 1: null

22-11-2024T03:00:47 - [TEST_STEP][PASSED] - year = todaysDate.substring(todaysDate.length() - 4, todaysDate.length()): null

22-11-2024T03:00:47 - [TEST_STEP][PASSED] - y = year.toInteger(): null

22-11-2024T03:00:47 - [TEST_STEP][PASSED] - m = getText(findTestObject("Выполнение бизнес-плана/Выполнение бизнес-плана Балансы/Фильтр Дата")): Text of object 'Object Repository/Выполнение бизнес-плана/Выполнение бизнес-плана Балансы/Фильтр Дата' is: '1, 2, 3 кв. 2024 года'

22-11-2024T03:00:48 - [MESSAGE][PASSED] - Text of object 'Object Repository/Выполнение бизнес-плана/Выполнение бизнес-плана Балансы/Фильтр Дата' is: '1, 2, 3 кв. 2024 года'

22-11-2024T03:00:48 - [TEST_STEP][PASSED] - m = m.substring(0, m.indexOf("2024")): null

22-11-2024T03:00:48 - [TEST_STEP][PASSED] - m = m.trim(): null

22-11-2024T03:00:48 - [TEST_STEP][PASSED] - dashboardName = "Выполнение бизнес-плана": null

22-11-2024T03:00:48 - [TEST_STEP][PASSED] - workbook01 = getWorkbook(excelFilePath): null

22-11-2024T03:00:48 - [TEST_STEP][PASSED] - sheet01 = getExcelSheet(workbook01, sheetName): null

22-11-2024T03:00:48 - [TEST_STEP][PASSED] - setValueToCellByIndex(sheet01, n, 0, dashboardName): null

22-11-2024T03:00:48 - [TEST_STEP][PASSED] - setValueToCellByIndex(sheet01, n, 1, dZO): null

22-11-2024T03:00:48 - [TEST_STEP][PASSED] - setValueToCellByIndex(sheet01, n, 2, typeOfData): null

22-11-2024T03:00:48 - [TEST_STEP][PASSED] - setValueToCellByIndex(sheet01, n, 3, typeOfData): null

22-11-2024T03:00:48 - [TEST_STEP][PASSED] - if (typeOfData == "План"): null

22-11-2024T03:00:48 - [TEST_STEP][PASSED] - else if (typeOfData == "Факт"): null

22-11-2024T03:00:48 - [TEST_STEP][PASSED] - else if (vidget.contains("электроэнергии") == true): null

22-11-2024T03:00:48 - [TEST_STEP][PASSED] - if (tabR == null): null

22-11-2024T03:00:48 - [TEST_STEP][PASSED] - else: null

22-11-2024T03:00:48 - [TEST_STEP][PASSED] - if (tabR == "нет данных"): null

22-11-2024T03:00:48 - [TEST_STEP][PASSED] - setValueToCellByIndex(sheet01, n, 4, "нет данных"): null

22-11-2024T03:00:48 - [TEST_STEP][PASSED] - if (tabB == null): null

22-11-2024T03:00:48 - [TEST_STEP][PASSED] - else: null

22-11-2024T03:00:48 - [TEST_STEP][PASSED] - if (tabB == "нет данных"): null

22-11-2024T03:00:48 - [TEST_STEP][PASSED] - else: null

22-11-2024T03:00:48 - [TEST_STEP][PASSED] - TB = tabB.toInteger(): null

22-11-2024T03:00:48 - [TEST_STEP][PASSED] - setValueToCellByIndex(sheet01, n, 5, TB): null

22-11-2024T03:00:48 - [TEST_STEP][PASSED] - setValueToCellByIndex(sheet01, n, 6, m): null

22-11-2024T03:00:48 - [TEST_STEP][PASSED] - setValueToCellByIndex(sheet01, n, 7, y): null

22-11-2024T03:00:48 - [TEST_STEP][PASSED] - setValueToCellByIndex(sheet01, n, 8, todaysDate): null

22-11-2024T03:00:48 - [TEST_STEP][PASSED] - n = n + 1: null

22-11-2024T03:00:48 - [TEST_STEP][PASSED] - saveWorkbook(excelFilePath, workbook01): null

22-11-2024T03:00:48 - [TEST_STEP][PASSED] - ii2 = a.indexOf("ПАО"): null

22-11-2024T03:00:48 - [TEST_STEP][PASSED] - if (ii2 == -1): null

22-11-2024T03:00:48 - [TEST_STEP][PASSED] - vidget = "Отклонения фактического уровня потерь от бизнес-плана": null

22-11-2024T03:00:48 - [TEST_STEP][PASSED] - typeOfData = "Коэффициент": null

22-11-2024T03:00:48 - [TEST_STEP][PASSED] - o1R = Geto1R(x = a): null

22-11-2024T03:00:48 - [TEST_STEP][PASSED] - i1 = <not implemented yet for class: org.codehaus.groovy.ast.expr.EmptyExpression>: null

22-11-2024T03:00:48 - [TEST_STEP][PASSED] - ii = <not implemented yet for class: org.codehaus.groovy.ast.expr.EmptyExpression>: null

22-11-2024T03:00:48 - [TEST_STEP][PASSED] - for ([ii = 1, ii < 10, (ii++)]): null

22-11-2024T03:00:48 - [TEST_STEP][PASSED] - i1 = x.indexOf("/") + 1: null

22-11-2024T03:00:48 - [TEST_STEP][PASSED] - if (i1 > -1): null

22-11-2024T03:00:48 - [TEST_STEP][PASSED] - x = x.substring(i1, x.length()): null

22-11-2024T03:00:48 - [TEST_STEP][PASSED] - i1 = x.indexOf("/") + 1: null

22-11-2024T03:00:48 - [TEST_STEP][PASSED] - if (i1 > -1): null

22-11-2024T03:00:48 - [TEST_STEP][PASSED] - x = x.substring(i1, x.length()): null

22-11-2024T03:00:48 - [TEST_STEP][PASSED] - i1 = x.indexOf("/") + 1: null

22-11-2024T03:00:48 - [TEST_STEP][PASSED] - if (i1 > -1): null

22-11-2024T03:00:48 - [TEST_STEP][PASSED] - x = x.substring(i1, x.length()): null

22-11-2024T03:00:48 - [TEST_STEP][PASSED] - i1 = x.indexOf("/") + 1: null

22-11-2024T03:00:48 - [TEST_STEP][PASSED] - if (i1 > -1): null

22-11-2024T03:00:48 - [TEST_STEP][PASSED] - x = x.substring(i1, x.length()): null

22-11-2024T03:00:48 - [TEST_STEP][PASSED] - i1 = x.indexOf("/") + 1: null

22-11-2024T03:00:48 - [TEST_STEP][PASSED] - if (i1 > -1): null

22-11-2024T03:00:48 - [TEST_STEP][PASSED] - x = x.substring(i1, x.length()): null

22-11-2024T03:00:48 - [TEST_STEP][PASSED] - i1 = x.indexOf("/") + 1: null

22-11-2024T03:00:48 - [TEST_STEP][PASSED] - if (i1 > -1): null

22-11-2024T03:00:48 - [TEST_STEP][PASSED] - x = x.substring(i1, x.length()): null

22-11-2024T03:00:48 - [TEST_STEP][PASSED] - i1 = x.indexOf("/") + 1: null

22-11-2024T03:00:48 - [TEST_STEP][PASSED] - if (i1 > -1): null

22-11-2024T03:00:48 - [TEST_STEP][PASSED] - x = x.substring(i1, x.length()): null

22-11-2024T03:00:48 - [TEST_STEP][PASSED] - i1 = x.indexOf("/") + 1: null

22-11-2024T03:00:48 - [TEST_STEP][PASSED] - if (i1 > -1): null

22-11-2024T03:00:48 - [TEST_STEP][PASSED] - x = x.substring(i1, x.length()): null

22-11-2024T03:00:48 - [TEST_STEP][PASSED] - i1 = x.indexOf("/") + 1: null

22-11-2024T03:00:48 - [TEST_STEP][PASSED] - if (i1 > -1): null

22-11-2024T03:00:48 - [TEST_STEP][PASSED] - x = x.substring(i1, x.length()): null

22-11-2024T03:00:48 - [TEST_STEP][PASSED] - i1 = x.indexOf("/"): null

22-11-2024T03:00:48 - [TEST_STEP][PASSED] - if (i1 > -1): null

22-11-2024T03:00:48 - [TEST_STEP][PASSED] - println(x): null

22-11-2024T03:00:48 - [TEST_STEP][PASSED] - return x: null

22-11-2024T03:00:48 - [TEST_STEP][PASSED] - o1B = Geto1B(x = b): null

22-11-2024T03:00:48 - [TEST_STEP][PASSED] - i1 = <not implemented yet for class: org.codehaus.groovy.ast.expr.EmptyExpression>: null

22-11-2024T03:00:48 - [TEST_STEP][PASSED] - ii = <not implemented yet for class: org.codehaus.groovy.ast.expr.EmptyExpression>: null

22-11-2024T03:00:48 - [TEST_STEP][PASSED] - for ([ii = 1, ii < 10, (ii++)]): null

22-11-2024T03:00:48 - [TEST_STEP][PASSED] - i1 = x.indexOf("/") + 1: null

22-11-2024T03:00:48 - [TEST_STEP][PASSED] - if (i1 > -1): null

22-11-2024T03:00:48 - [TEST_STEP][PASSED] - x = x.substring(i1, x.length()): null

22-11-2024T03:00:48 - [TEST_STEP][PASSED] - i1 = x.indexOf("/") + 1: null

22-11-2024T03:00:48 - [TEST_STEP][PASSED] - if (i1 > -1): null

22-11-2024T03:00:48 - [TEST_STEP][PASSED] - x = x.substring(i1, x.length()): null

22-11-2024T03:00:48 - [TEST_STEP][PASSED] - i1 = x.indexOf("/") + 1: null

22-11-2024T03:00:48 - [TEST_STEP][PASSED] - if (i1 > -1): null

22-11-2024T03:00:48 - [TEST_STEP][PASSED] - x = x.substring(i1, x.length()): null

22-11-2024T03:00:48 - [TEST_STEP][PASSED] - i1 = x.indexOf("/") + 1: null

22-11-2024T03:00:48 - [TEST_STEP][PASSED] - if (i1 > -1): null

22-11-2024T03:00:48 - [TEST_STEP][PASSED] - x = x.substring(i1, x.length()): null

22-11-2024T03:00:48 - [TEST_STEP][PASSED] - i1 = x.indexOf("/") + 1: null

22-11-2024T03:00:48 - [TEST_STEP][PASSED] - if (i1 > -1): null

22-11-2024T03:00:48 - [TEST_STEP][PASSED] - x = x.substring(i1, x.length()): null

22-11-2024T03:00:48 - [TEST_STEP][PASSED] - i1 = x.indexOf("/") + 1: null

22-11-2024T03:00:48 - [TEST_STEP][PASSED] - if (i1 > -1): null

22-11-2024T03:00:48 - [TEST_STEP][PASSED] - x = x.substring(i1, x.length()): null

22-11-2024T03:00:48 - [TEST_STEP][PASSED] - i1 = x.indexOf("/") + 1: null

22-11-2024T03:00:48 - [TEST_STEP][PASSED] - if (i1 > -1): null

22-11-2024T03:00:48 - [TEST_STEP][PASSED] - x = x.substring(i1, x.length()): null

22-11-2024T03:00:48 - [TEST_STEP][PASSED] - i1 = x.indexOf("/") + 1: null

22-11-2024T03:00:48 - [TEST_STEP][PASSED] - if (i1 > -1): null

22-11-2024T03:00:48 - [TEST_STEP][PASSED] - x = x.substring(i1, x.length()): null

22-11-2024T03:00:48 - [TEST_STEP][PASSED] - i1 = x.indexOf("/") + 1: null

22-11-2024T03:00:48 - [TEST_STEP][PASSED] - if (i1 > -1): null

22-11-2024T03:00:48 - [TEST_STEP][PASSED] - x = x.substring(i1, x.length()): null

22-11-2024T03:00:48 - [TEST_STEP][PASSED] - i1 = x.indexOf("/"): null

22-11-2024T03:00:48 - [TEST_STEP][PASSED] - if (i1 > -1): null

22-11-2024T03:00:48 - [TEST_STEP][PASSED] - println(x): null

22-11-2024T03:00:48 - [TEST_STEP][FAILED] - return x: null

22-11-2024T03:00:48 - [TEST_STEP][PASSED] - println(o1R + "/" + o1B): null

22-11-2024T03:00:48 - [TEST_STEP][FAILED] - if (verifyEqual(PercFactR, PercFactB) == false): null

22-11-2024T03:00:48 - [MESSAGE][FAILED] - Unable to verify equal between actual object 'нет данных' and expected object '8.39' (Root cause: com.kms.katalon.core.exception.StepFailedException: Actual object 'нет данных' and expected object '8.39' are not equal
	at com.kms.katalon.core.keyword.builtin.VerifyEqualKeyword$_verifyEqual_closure1.doCall(VerifyEqualKeyword.groovy:58)
	at com.kms.katalon.core.keyword.builtin.VerifyEqualKeyword$_verifyEqual_closure1.call(VerifyEqualKeyword.groovy)
	at com.kms.katalon.core.keyword.internal.KeywordMain.runKeyword(KeywordMain.groovy:75)
	at com.kms.katalon.core.keyword.builtin.VerifyEqualKeyword.verifyEqual(VerifyEqualKeyword.groovy:63)
	at com.kms.katalon.core.keyword.builtin.VerifyEqualKeyword.execute(VerifyEqualKeyword.groovy:44)
	at com.kms.katalon.core.keyword.internal.KeywordExecutor.executeKeywordForPlatform(KeywordExecutor.groovy:74)
	at com.kms.katalon.core.keyword.BuiltinKeywords.verifyEqual(BuiltinKeywords.groovy:146)
	at jdk.internal.reflect.GeneratedMethodAccessor25.invoke(Unknown Source)
	at java.base/jdk.internal.reflect.DelegatingMethodAccessorImpl.invoke(DelegatingMethodAccessorImpl.java:43)
	at Выполнение бизнес-плана сверка дашбордов.CompareDZOData(Выполнение бизнес-плана сверка дашбордов:789)
	at Выполнение бизнес-плана сверка дашбордов.run(Выполнение бизнес-плана сверка дашбордов:663)
	at com.kms.katalon.core.main.ScriptEngine.run(ScriptEngine.java:194)
	at com.kms.katalon.core.main.ScriptEngine.runScriptAsRawText(ScriptEngine.java:119)
	at com.kms.katalon.core.main.TestCaseExecutor.runScript(TestCaseExecutor.java:448)
	at com.kms.katalon.core.main.TestCaseExecutor.doExecute(TestCaseExecutor.java:439)
	at com.kms.katalon.core.main.TestCaseExecutor.processExecutionPhase(TestCaseExecutor.java:418)
	at com.kms.katalon.core.main.TestCaseExecutor.accessMainPhase(TestCaseExecutor.java:410)
	at com.kms.katalon.core.main.TestCaseExecutor.execute(TestCaseExecutor.java:285)
	at com.kms.katalon.core.common.CommonExecutor.accessTestCaseMainPhase(CommonExecutor.java:65)
	at com.kms.katalon.core.main.TestSuiteExecutor.accessTestSuiteMainPhase(TestSuiteExecutor.java:150)
	at com.kms.katalon.core.main.TestSuiteExecutor.execute(TestSuiteExecutor.java:106)
	at com.kms.katalon.core.main.TestCaseMain.startTestSuite(TestCaseMain.java:180)
	at TempTestSuite1732232929817.run(TempTestSuite1732232929817.groovy:35)
	at java.base/jdk.internal.reflect.NativeMethodAccessorImpl.invoke0(Native Method)
	at java.base/jdk.internal.reflect.NativeMethodAccessorImpl.invoke(NativeMethodAccessorImpl.java:77)
	at java.base/jdk.internal.reflect.DelegatingMethodAccessorImpl.invoke(DelegatingMethodAccessorImpl.java:43)
)

22-11-2024T03:00:48 - [TEST_STEP][PASSED] - result = WriteToExcel(typeOfData, todaysDate, PercPlanR, PercPlanB, PercFactR, PercFactB, x, tabR, tabB, o1R, o1B, vidget): null

22-11-2024T03:00:48 - [TEST_STEP][PASSED] - iii = dZO.indexOf("/"): null

22-11-2024T03:00:48 - [TEST_STEP][PASSED] - println(iii): null

22-11-2024T03:00:48 - [TEST_STEP][PASSED] - dZO = dZO.substring(0, iii): null

22-11-2024T03:00:48 - [TEST_STEP][PASSED] - println(dZO): null

22-11-2024T03:00:48 - [TEST_STEP][PASSED] - println(PercPlanR): null

22-11-2024T03:00:48 - [TEST_STEP][PASSED] - println(PercPlanB): null

22-11-2024T03:00:48 - [TEST_STEP][PASSED] - println(PercFactR): null

22-11-2024T03:00:48 - [TEST_STEP][PASSED] - println(PercFactB): null

22-11-2024T03:00:48 - [TEST_STEP][PASSED] - println(tabR): null

22-11-2024T03:00:48 - [TEST_STEP][PASSED] - println(tabB): null

22-11-2024T03:00:48 - [TEST_STEP][PASSED] - println(o1R): null

22-11-2024T03:00:48 - [TEST_STEP][PASSED] - println(o1B): null

22-11-2024T03:00:48 - [TEST_STEP][PASSED] - PR = <not implemented yet for class: org.codehaus.groovy.ast.expr.EmptyExpression>: null

22-11-2024T03:00:48 - [TEST_STEP][PASSED] - FR = <not implemented yet for class: org.codehaus.groovy.ast.expr.EmptyExpression>: null

22-11-2024T03:00:48 - [TEST_STEP][PASSED] - PB = <not implemented yet for class: org.codehaus.groovy.ast.expr.EmptyExpression>: null

22-11-2024T03:00:48 - [TEST_STEP][PASSED] - FB = <not implemented yet for class: org.codehaus.groovy.ast.expr.EmptyExpression>: null

22-11-2024T03:00:48 - [TEST_STEP][PASSED] - TR = <not implemented yet for class: org.codehaus.groovy.ast.expr.EmptyExpression>: null

22-11-2024T03:00:48 - [TEST_STEP][PASSED] - TB = <not implemented yet for class: org.codehaus.groovy.ast.expr.EmptyExpression>: null

22-11-2024T03:00:48 - [TEST_STEP][PASSED] - sheetName = "Sheet1": null

22-11-2024T03:00:48 - [TEST_STEP][PASSED] - data = findTestData("PlanFact"): null

22-11-2024T03:00:48 - [TEST_STEP][PASSED] - n = data.getRowNumbers() + 1: null

22-11-2024T03:00:48 - [TEST_STEP][PASSED] - year = todaysDate.substring(todaysDate.length() - 4, todaysDate.length()): null

22-11-2024T03:00:48 - [TEST_STEP][PASSED] - y = year.toInteger(): null

22-11-2024T03:00:48 - [TEST_STEP][PASSED] - m = getText(findTestObject("Выполнение бизнес-плана/Выполнение бизнес-плана Балансы/Фильтр Дата")): Text of object 'Object Repository/Выполнение бизнес-плана/Выполнение бизнес-плана Балансы/Фильтр Дата' is: '1, 2, 3 кв. 2024 года'

22-11-2024T03:00:48 - [MESSAGE][PASSED] - Text of object 'Object Repository/Выполнение бизнес-плана/Выполнение бизнес-плана Балансы/Фильтр Дата' is: '1, 2, 3 кв. 2024 года'

22-11-2024T03:00:48 - [TEST_STEP][PASSED] - m = m.substring(0, m.indexOf("2024")): null

22-11-2024T03:00:48 - [TEST_STEP][PASSED] - m = m.trim(): null

22-11-2024T03:00:48 - [TEST_STEP][PASSED] - dashboardName = "Выполнение бизнес-плана": null

22-11-2024T03:00:48 - [TEST_STEP][PASSED] - workbook01 = getWorkbook(excelFilePath): null

22-11-2024T03:00:48 - [TEST_STEP][PASSED] - sheet01 = getExcelSheet(workbook01, sheetName): null

22-11-2024T03:00:48 - [TEST_STEP][PASSED] - setValueToCellByIndex(sheet01, n, 0, dashboardName): null

22-11-2024T03:00:48 - [TEST_STEP][PASSED] - setValueToCellByIndex(sheet01, n, 1, dZO): null

22-11-2024T03:00:48 - [TEST_STEP][PASSED] - setValueToCellByIndex(sheet01, n, 2, typeOfData): null

22-11-2024T03:00:48 - [TEST_STEP][PASSED] - setValueToCellByIndex(sheet01, n, 3, typeOfData): null

22-11-2024T03:00:48 - [TEST_STEP][PASSED] - if (typeOfData == "План"): null

22-11-2024T03:00:48 - [TEST_STEP][PASSED] - else if (typeOfData == "Факт"): null

22-11-2024T03:00:48 - [TEST_STEP][PASSED] - else if (vidget.contains("электроэнергии") == true): null

22-11-2024T03:00:48 - [TEST_STEP][PASSED] - else: null

22-11-2024T03:00:48 - [TEST_STEP][PASSED] - if (o1R == null): null

22-11-2024T03:00:48 - [TEST_STEP][PASSED] - else: null

22-11-2024T03:00:48 - [TEST_STEP][PASSED] - if (o1R == "нет данных"): null

22-11-2024T03:00:48 - [TEST_STEP][PASSED] - setValueToCellByIndex(sheet01, n, 4, "нет данных"): null

22-11-2024T03:00:48 - [TEST_STEP][PASSED] - if (o1B == null): null

22-11-2024T03:00:48 - [TEST_STEP][PASSED] - else: null

22-11-2024T03:00:48 - [TEST_STEP][PASSED] - if (o1B == "нет данных"): null

22-11-2024T03:00:48 - [TEST_STEP][PASSED] - else: null

22-11-2024T03:00:48 - [TEST_STEP][PASSED] - FB = o1B.toDouble(): null

22-11-2024T03:00:48 - [TEST_STEP][PASSED] - setValueToCellByIndex(sheet01, n, 5, FB): null

22-11-2024T03:00:48 - [TEST_STEP][PASSED] - setValueToCellByIndex(sheet01, n, 6, m): null

22-11-2024T03:00:48 - [TEST_STEP][PASSED] - setValueToCellByIndex(sheet01, n, 7, y): null

22-11-2024T03:00:48 - [TEST_STEP][PASSED] - setValueToCellByIndex(sheet01, n, 8, todaysDate): null

22-11-2024T03:00:48 - [TEST_STEP][PASSED] - n = n + 1: null

22-11-2024T03:00:48 - [TEST_STEP][PASSED] - saveWorkbook(excelFilePath, workbook01): null

22-11-2024T03:00:48 - [TEST_STEP][PASSED] - closeBrowser(): Browser is closed

22-11-2024T03:00:49 - [MESSAGE][PASSED] - Browser is closed]]></system-out>
         <system-err><![CDATA[22-11-2024T02:48:54 - [TEST_CASE][FAILED] - Test Cases/Сверки дашбордов/Выполнение бизнес-плана сверка дашбордов: Test Cases/Сверки дашбордов/Выполнение бизнес-плана сверка дашбордов FAILED.
Reason:
com.kms.katalon.core.exception.StepFailedException: Unable to verify object is present (Root cause: com.kms.katalon.core.exception.StepFailedException: Unable to verify object is present
	at com.kms.katalon.core.webui.keyword.internal.WebUIKeywordMain.stepFailed(WebUIKeywordMain.groovy:64)
	at com.kms.katalon.core.webui.keyword.internal.WebUIKeywordMain.runKeyword(WebUIKeywordMain.groovy:26)
	at com.kms.katalon.core.webui.keyword.builtin.VerifyElementPresentKeyword.verifyElementPresent(VerifyElementPresentKeyword.groovy:92)
	at com.kms.katalon.core.webui.keyword.builtin.VerifyElementPresentKeyword.execute(VerifyElementPresentKeyword.groovy:68)
	at com.kms.katalon.core.keyword.internal.KeywordExecutor.executeKeywordForPlatform(KeywordExecutor.groovy:74)
	at com.kms.katalon.core.webui.keyword.WebUiBuiltInKeywords.verifyElementPresent(WebUiBuiltInKeywords.groovy:1503)
	at Выполнение бизнес-плана сверка дашбордов.GetAllPAOData(Выполнение бизнес-плана сверка дашбордов:862)
	at Выполнение бизнес-плана сверка дашбордов.run(Выполнение бизнес-плана сверка дашбордов:362)
	at com.kms.katalon.core.main.ScriptEngine.run(ScriptEngine.java:194)
	at com.kms.katalon.core.main.ScriptEngine.runScriptAsRawText(ScriptEngine.java:119)
	at com.kms.katalon.core.main.TestCaseExecutor.runScript(TestCaseExecutor.java:448)
	at com.kms.katalon.core.main.TestCaseExecutor.doExecute(TestCaseExecutor.java:439)
	at com.kms.katalon.core.main.TestCaseExecutor.processExecutionPhase(TestCaseExecutor.java:418)
	at com.kms.katalon.core.main.TestCaseExecutor.accessMainPhase(TestCaseExecutor.java:410)
	at com.kms.katalon.core.main.TestCaseExecutor.execute(TestCaseExecutor.java:285)
	at com.kms.katalon.core.common.CommonExecutor.accessTestCaseMainPhase(CommonExecutor.java:65)
	at com.kms.katalon.core.main.TestSuiteExecutor.accessTestSuiteMainPhase(TestSuiteExecutor.java:150)
	at com.kms.katalon.core.main.TestSuiteExecutor.execute(TestSuiteExecutor.java:106)
	at com.kms.katalon.core.main.TestCaseMain.startTestSuite(TestCaseMain.java:180)
	at TempTestSuite1732232929817.run(TempTestSuite1732232929817.groovy:35)
	at java.base/jdk.internal.reflect.NativeMethodAccessorImpl.invoke0(Native Method)
	at java.base/jdk.internal.reflect.NativeMethodAccessorImpl.invoke(NativeMethodAccessorImpl.java:77)
	at java.base/jdk.internal.reflect.DelegatingMethodAccessorImpl.invoke(DelegatingMethodAccessorImpl.java:43)
Caused by: java.lang.IllegalArgumentException: Object is null
	at com.kms.katalon.core.helper.KeywordHelper.checkTestObjectParameter(KeywordHelper.java:33)
	at com.kms.katalon.core.webui.keyword.builtin.VerifyElementPresentKeyword$_verifyElementPresent_closure1.doCall(VerifyElementPresentKeyword.groovy:76)
	at com.kms.katalon.core.webui.keyword.builtin.VerifyElementPresentKeyword$_verifyElementPresent_closure1.call(VerifyElementPresentKeyword.groovy)
	at com.kms.katalon.core.webui.keyword.internal.WebUIKeywordMain.runKeyword(WebUIKeywordMain.groovy:20)
	at com.kms.katalon.core.webui.keyword.builtin.VerifyElementPresentKeyword.verifyElementPresent(VerifyElementPresentKeyword.groovy:92)
	at com.kms.katalon.core.webui.keyword.builtin.VerifyElementPresentKeyword.execute(VerifyElementPresentKeyword.groovy:68)
	at com.kms.katalon.core.keyword.internal.KeywordExecutor.executeKeywordForPlatform(KeywordExecutor.groovy:74)
	at com.kms.katalon.core.webui.keyword.WebUiBuiltInKeywords.verifyElementPresent(WebUiBuiltInKeywords.groovy:1503)
	at Script1719299571342.GetAllPAOData(Script1719299571342.groovy:862)
	at Script1719299571342.run(Script1719299571342.groovy:362)
	... 15 more
)
	at com.kms.katalon.core.keyword.internal.KeywordMain.stepFailed(KeywordMain.groovy:39)
	at com.kms.katalon.core.webui.keyword.internal.WebUIKeywordMain.stepFailed(WebUIKeywordMain.groovy:64)
	at com.kms.katalon.core.webui.keyword.internal.WebUIKeywordMain.runKeyword(WebUIKeywordMain.groovy:26)
	at com.kms.katalon.core.webui.keyword.builtin.VerifyElementPresentKeyword.verifyElementPresent(VerifyElementPresentKeyword.groovy:92)
	at com.kms.katalon.core.webui.keyword.builtin.VerifyElementPresentKeyword.execute(VerifyElementPresentKeyword.groovy:68)
	at com.kms.katalon.core.keyword.internal.KeywordExecutor.executeKeywordForPlatform(KeywordExecutor.groovy:74)
	at com.kms.katalon.core.webui.keyword.WebUiBuiltInKeywords.verifyElementPresent(WebUiBuiltInKeywords.groovy:1503)
	at Выполнение бизнес-плана сверка дашбордов.GetAllPAOData(Выполнение бизнес-плана сверка дашбордов:862)
	at Выполнение бизнес-плана сверка дашбордов.run(Выполнение бизнес-плана сверка дашбордов:362)
	at com.kms.katalon.core.main.ScriptEngine.run(ScriptEngine.java:194)
	at com.kms.katalon.core.main.ScriptEngine.runScriptAsRawText(ScriptEngine.java:119)
	at com.kms.katalon.core.main.TestCaseExecutor.runScript(TestCaseExecutor.java:448)
	at com.kms.katalon.core.main.TestCaseExecutor.doExecute(TestCaseExecutor.java:439)
	at com.kms.katalon.core.main.TestCaseExecutor.processExecutionPhase(TestCaseExecutor.java:418)
	at com.kms.katalon.core.main.TestCaseExecutor.accessMainPhase(TestCaseExecutor.java:410)
	at com.kms.katalon.core.main.TestCaseExecutor.execute(TestCaseExecutor.java:285)
	at com.kms.katalon.core.common.CommonExecutor.accessTestCaseMainPhase(CommonExecutor.java:65)
	at com.kms.katalon.core.main.TestSuiteExecutor.accessTestSuiteMainPhase(TestSuiteExecutor.java:150)
	at com.kms.katalon.core.main.TestSuiteExecutor.execute(TestSuiteExecutor.java:106)
	at com.kms.katalon.core.main.TestCaseMain.startTestSuite(TestCaseMain.java:180)
	at TempTestSuite1732232929817.run(TempTestSuite1732232929817.groovy:35)
	at java.base/jdk.internal.reflect.NativeMethodAccessorImpl.invoke0(Native Method)
	at java.base/jdk.internal.reflect.NativeMethodAccessorImpl.invoke(NativeMethodAccessorImpl.java:77)
	at java.base/jdk.internal.reflect.DelegatingMethodAccessorImpl.invoke(DelegatingMethodAccessorImpl.java:43)
Caused by: com.kms.katalon.core.exception.StepFailedException: Unable to verify object is present
	... 23 more
Caused by: java.lang.IllegalArgumentException: Object is null
	at com.kms.katalon.core.helper.KeywordHelper.checkTestObjectParameter(KeywordHelper.java:33)
	at com.kms.katalon.core.webui.keyword.builtin.VerifyElementPresentKeyword$_verifyElementPresent_closure1.doCall(VerifyElementPresentKeyword.groovy:76)
	at com.kms.katalon.core.webui.keyword.builtin.VerifyElementPresentKeyword$_verifyElementPresent_closure1.call(VerifyElementPresentKeyword.groovy)
	at com.kms.katalon.core.webui.keyword.internal.WebUIKeywordMain.runKeyword(WebUIKeywordMain.groovy:20)
	... 21 more]]></system-err>
      </testcase>
      <testcase name="Test Cases/Сверки дашбордов/Выручка в рублях сверка дашбордов ПАО Россети" time="7698.818" classname="Test Cases/Сверки дашбордов/Выручка в рублях сверка дашбордов ПАО Россети" status="FAILED">
         <failure type="FAILED" message="Test Cases/Сверки дашбордов/Выручка в рублях сверка дашбордов ПАО Россети FAILED.&#xa;Reason:&#xa;com.kms.katalon.core.exception.StepFailedException: Unable to click on object 'Object Repository/Страница авторизации/button_' (Root cause: com.kms.katalon.core.exception.StepFailedException: Unable to click on object 'Object Repository/Страница авторизации/button_'&#xa;	at com.kms.katalon.core.webui.keyword.internal.WebUIKeywordMain.stepFailed(WebUIKeywordMain.groovy:64)&#xa;	at com.kms.katalon.core.webui.keyword.internal.WebUIKeywordMain.runKeyword(WebUIKeywordMain.groovy:26)&#xa;	at com.kms.katalon.core.webui.keyword.builtin.ClickKeyword.click(ClickKeyword.groovy:74)&#xa;	at com.kms.katalon.core.webui.keyword.builtin.ClickKeyword.execute(ClickKeyword.groovy:40)&#xa;	at com.kms.katalon.core.keyword.internal.KeywordExecutor.executeKeywordForPlatform(KeywordExecutor.groovy:74)&#xa;	at com.kms.katalon.core.webui.keyword.WebUiBuiltInKeywords.click(WebUiBuiltInKeywords.groovy:659)&#xa;	at Выручка в рублях сверка дашбордов ПАО Россети.Autorization(Выручка в рублях сверка дашбордов ПАО Россети:693)&#xa;	at Выручка в рублях сверка дашбордов ПАО Россети.PreSettings(Выручка в рублях сверка дашбордов ПАО Россети:573)&#xa;	at Выручка в рублях сверка дашбордов ПАО Россети.Blocks(Выручка в рублях сверка дашбордов ПАО Россети:247)&#xa;	at Выручка в рублях сверка дашбордов ПАО Россети.ViruchkaChange(Выручка в рублях сверка дашбордов ПАО Россети:60)&#xa;	at Выручка в рублях сверка дашбордов ПАО Россети.run(Выручка в рублях сверка дашбордов ПАО Россети:55)&#xa;	at com.kms.katalon.core.main.ScriptEngine.run(ScriptEngine.java:194)&#xa;	at com.kms.katalon.core.main.ScriptEngine.runScriptAsRawText(ScriptEngine.java:119)&#xa;	at com.kms.katalon.core.main.TestCaseExecutor.runScript(TestCaseExecutor.java:448)&#xa;	at com.kms.katalon.core.main.TestCaseExecutor.doExecute(TestCaseExecutor.java:439)&#xa;	at com.kms.katalon.core.main.TestCaseExecutor.processExecutionPhase(TestCaseExecutor.java:418)&#xa;	at com.kms.katalon.core.main.TestCaseExecutor.accessMainPhase(TestCaseExecutor.java:410)&#xa;	at com.kms.katalon.core.main.TestCaseExecutor.execute(TestCaseExecutor.java:285)&#xa;	at com.kms.katalon.core.common.CommonExecutor.accessTestCaseMainPhase(CommonExecutor.java:65)&#xa;	at com.kms.katalon.core.main.TestSuiteExecutor.accessTestSuiteMainPhase(TestSuiteExecutor.java:150)&#xa;	at com.kms.katalon.core.main.TestSuiteExecutor.execute(TestSuiteExecutor.java:106)&#xa;	at com.kms.katalon.core.main.TestCaseMain.startTestSuite(TestCaseMain.java:180)&#xa;	at TempTestSuite1732232929817.run(TempTestSuite1732232929817.groovy:35)&#xa;	at java.base/jdk.internal.reflect.NativeMethodAccessorImpl.invoke0(Native Method)&#xa;	at java.base/jdk.internal.reflect.NativeMethodAccessorImpl.invoke(NativeMethodAccessorImpl.java:77)&#xa;	at java.base/jdk.internal.reflect.DelegatingMethodAccessorImpl.invoke(DelegatingMethodAccessorImpl.java:43)&#xa;Caused by: org.openqa.selenium.TimeoutException: timeout: Timed out receiving message from renderer: 300.000&#xa;  (Session info: chrome=131.0.6778.86)&#xa;Build info: version: '3.141.59', revision: 'unknown', time: 'unknown'&#xa;System info: host: 'UVV-WS904-D', ip: '192.168.0.19', os.name: 'Windows 10', os.arch: 'amd64', os.version: '10.0', java.version: '17.0.7'&#xa;Driver info: com.kms.katalon.selenium.driver.CChromeDriver&#xa;Capabilities {acceptInsecureCerts: false, browserName: chrome, browserVersion: 131.0.6778.86, chrome: {chromedriverVersion: 131.0.6778.69 (77e2244bbcda..., userDataDir: C:\Users\LIAZGI~1\AppData\L...}, fedcm:accounts: true, goog:chromeOptions: {debuggerAddress: localhost:50902}, javascriptEnabled: true, networkConnectionEnabled: false, pageLoadStrategy: normal, platform: WINDOWS, platformName: WINDOWS, proxy: Proxy(), setWindowRect: true, strictFileInteractability: false, timeouts: {implicit: 0, pageLoad: 300000, script: 30000}, unhandledPromptBehavior: dismiss and notify, webauthn:extension:credBlob: true, webauthn:extension:largeBlob: true, webauthn:extension:minPinLength: true, webauthn:extension:prf: true, webauthn:virtualAuthenticators: true}&#xa;Session ID: e4e5fb956fa012deec64dff42b47314d&#xa;	at java.base/jdk.internal.reflect.NativeConstructorAccessorImpl.newInstance0(Native Method)&#xa;	at java.base/jdk.internal.reflect.NativeConstructorAccessorImpl.newInstance(NativeConstructorAccessorImpl.java:77)&#xa;	at java.base/jdk.internal.reflect.DelegatingConstructorAccessorImpl.newInstance(DelegatingConstructorAccessorImpl.java:45)&#xa;	at org.openqa.selenium.remote.http.W3CHttpResponseCodec.createException(W3CHttpResponseCodec.java:187)&#xa;	at org.openqa.selenium.remote.http.W3CHttpResponseCodec.decode(W3CHttpResponseCodec.java:122)&#xa;	at org.openqa.selenium.remote.http.W3CHttpResponseCodec.decode(W3CHttpResponseCodec.java:49)&#xa;	at org.openqa.selenium.remote.HttpCommandExecutor.execute(HttpCommandExecutor.java:158)&#xa;	at org.openqa.selenium.remote.service.DriverCommandExecutor.execute(DriverCommandExecutor.java:83)&#xa;	at org.openqa.selenium.remote.RemoteWebDriver.execute(RemoteWebDriver.java:552)&#xa;	at com.kms.katalon.selenium.driver.CChromeDriver.execute(CChromeDriver.java:19)&#xa;	at org.openqa.selenium.remote.RemoteWebElement.execute(RemoteWebElement.java:285)&#xa;	at org.openqa.selenium.remote.RemoteWebElement.click(RemoteWebElement.java:84)&#xa;	at jdk.internal.reflect.GeneratedMethodAccessor15.invoke(Unknown Source)&#xa;	at java.base/jdk.internal.reflect.DelegatingMethodAccessorImpl.invoke(DelegatingMethodAccessorImpl.java:43)&#xa;	at org.openqa.selenium.support.events.EventFiringWebDriver$EventFiringWebElement.lambda$new$0(EventFiringWebDriver.java:404)&#xa;	at jdk.proxy2/jdk.proxy2.$Proxy24.click(Unknown Source)&#xa;	at org.openqa.selenium.support.events.EventFiringWebDriver$EventFiringWebElement.click(EventFiringWebDriver.java:417)&#xa;	at org.openqa.selenium.WebElement$click.call(Unknown Source)&#xa;	at com.kms.katalon.core.webui.keyword.builtin.ClickKeyword.clickUntilSuccessWithTimeout(ClickKeyword.groovy:81)&#xa;	at com.kms.katalon.core.webui.keyword.builtin.ClickKeyword.clickUntilSuccessWithTimeout(ClickKeyword.groovy)&#xa;	at jdk.internal.reflect.GeneratedMethodAccessor13.invoke(Unknown Source)&#xa;	at java.base/jdk.internal.reflect.DelegatingMethodAccessorImpl.invoke(DelegatingMethodAccessorImpl.java:43)&#xa;	at com.kms.katalon.core.webui.keyword.builtin.ClickKeyword$_click_closure1.doCall(ClickKeyword.groovy:67)&#xa;	at com.kms.katalon.core.webui.keyword.builtin.ClickKeyword$_click_closure1.call(ClickKeyword.groovy)&#xa;	at com.kms.katalon.core.webui.keyword.internal.WebUIKeywordMain.runKeyword(WebUIKeywordMain.groovy:20)&#xa;	at com.kms.katalon.core.webui.keyword.builtin.ClickKeyword.click(ClickKeyword.groovy:74)&#xa;	at com.kms.katalon.core.webui.keyword.builtin.ClickKeyword.execute(ClickKeyword.groovy:40)&#xa;	at com.kms.katalon.core.keyword.internal.KeywordExecutor.executeKeywordForPlatform(KeywordExecutor.groovy:74)&#xa;	at com.kms.katalon.core.webui.keyword.WebUiBuiltInKeywords.click(WebUiBuiltInKeywords.groovy:659)&#xa;	at Script1710234207206.Autorization(Script1710234207206.groovy:693)&#xa;	at Script1710234207206.PreSettings(Script1710234207206.groovy:573)&#xa;	at Script1710234207206.Blocks(Script1710234207206.groovy:247)&#xa;	at Script1710234207206.ViruchkaChange(Script1710234207206.groovy:60)&#xa;	at Script1710234207206.run(Script1710234207206.groovy:55)&#xa;	... 15 more&#xa;)&#xa;	at com.kms.katalon.core.keyword.internal.KeywordMain.stepFailed(KeywordMain.groovy:39)&#xa;	at com.kms.katalon.core.webui.keyword.internal.WebUIKeywordMain.stepFailed(WebUIKeywordMain.groovy:64)&#xa;	at com.kms.katalon.core.webui.keyword.internal.WebUIKeywordMain.runKeyword(WebUIKeywordMain.groovy:26)&#xa;	at com.kms.katalon.core.webui.keyword.builtin.ClickKeyword.click(ClickKeyword.groovy:74)&#xa;	at com.kms.katalon.core.webui.keyword.builtin.ClickKeyword.execute(ClickKeyword.groovy:40)&#xa;	at com.kms.katalon.core.keyword.internal.KeywordExecutor.executeKeywordForPlatform(KeywordExecutor.groovy:74)&#xa;	at com.kms.katalon.core.webui.keyword.WebUiBuiltInKeywords.click(WebUiBuiltInKeywords.groovy:659)&#xa;	at Выручка в рублях сверка дашбордов ПАО Россети.Autorization(Выручка в рублях сверка дашбордов ПАО Россети:693)&#xa;	at Выручка в рублях сверка дашбордов ПАО Россети.PreSettings(Выручка в рублях сверка дашбордов ПАО Россети:573)&#xa;	at Выручка в рублях сверка дашбордов ПАО Россети.Blocks(Выручка в рублях сверка дашбордов ПАО Россети:247)&#xa;	at Выручка в рублях сверка дашбордов ПАО Россети.ViruchkaChange(Выручка в рублях сверка дашбордов ПАО Россети:60)&#xa;	at Выручка в рублях сверка дашбордов ПАО Россети.run(Выручка в рублях сверка дашбордов ПАО Россети:55)&#xa;	at com.kms.katalon.core.main.ScriptEngine.run(ScriptEngine.java:194)&#xa;	at com.kms.katalon.core.main.ScriptEngine.runScriptAsRawText(ScriptEngine.java:119)&#xa;	at com.kms.katalon.core.main.TestCaseExecutor.runScript(TestCaseExecutor.java:448)&#xa;	at com.kms.katalon.core.main.TestCaseExecutor.doExecute(TestCaseExecutor.java:439)&#xa;	at com.kms.katalon.core.main.TestCaseExecutor.processExecutionPhase(TestCaseExecutor.java:418)&#xa;	at com.kms.katalon.core.main.TestCaseExecutor.accessMainPhase(TestCaseExecutor.java:410)&#xa;	at com.kms.katalon.core.main.TestCaseExecutor.execute(TestCaseExecutor.java:285)&#xa;	at com.kms.katalon.core.common.CommonExecutor.accessTestCaseMainPhase(CommonExecutor.java:65)&#xa;	at com.kms.katalon.core.main.TestSuiteExecutor.accessTestSuiteMainPhase(TestSuiteExecutor.java:150)&#xa;	at com.kms.katalon.core.main.TestSuiteExecutor.execute(TestSuiteExecutor.java:106)&#xa;	at com.kms.katalon.core.main.TestCaseMain.startTestSuite(TestCaseMain.java:180)&#xa;	at TempTestSuite1732232929817.run(TempTestSuite1732232929817.groovy:35)&#xa;	at java.base/jdk.internal.reflect.NativeMethodAccessorImpl.invoke0(Native Method)&#xa;	at java.base/jdk.internal.reflect.NativeMethodAccessorImpl.invoke(NativeMethodAccessorImpl.java:77)&#xa;	at java.base/jdk.internal.reflect.DelegatingMethodAccessorImpl.invoke(DelegatingMethodAccessorImpl.java:43)&#xa;Caused by: com.kms.katalon.core.exception.StepFailedException: Unable to click on object 'Object Repository/Страница авторизации/button_'&#xa;	... 26 more&#xa;Caused by: org.openqa.selenium.TimeoutException: timeout: Timed out receiving message from renderer: 300.000&#xa;  (Session info: chrome=131.0.6778.86)&#xa;Build info: version: '3.141.59', revision: 'unknown', time: 'unknown'&#xa;System info: host: 'UVV-WS904-D', ip: '192.168.0.19', os.name: 'Windows 10', os.arch: 'amd64', os.version: '10.0', java.version: '17.0.7'&#xa;Driver info: com.kms.katalon.selenium.driver.CChromeDriver&#xa;Capabilities {acceptInsecureCerts: false, browserName: chrome, browserVersion: 131.0.6778.86, chrome: {chromedriverVersion: 131.0.6778.69 (77e2244bbcda..., userDataDir: C:\Users\LIAZGI~1\AppData\L...}, fedcm:accounts: true, goog:chromeOptions: {debuggerAddress: localhost:50902}, javascriptEnabled: true, networkConnectionEnabled: false, pageLoadStrategy: normal, platform: WINDOWS, platformName: WINDOWS, proxy: Proxy(), setWindowRect: true, strictFileInteractability: false, timeouts: {implicit: 0, pageLoad: 300000, script: 30000}, unhandledPromptBehavior: dismiss and notify, webauthn:extension:credBlob: true, webauthn:extension:largeBlob: true, webauthn:extension:minPinLength: true, webauthn:extension:prf: true, webauthn:virtualAuthenticators: true}&#xa;Session ID: e4e5fb956fa012deec64dff42b47314d&#xa;	at java.base/jdk.internal.reflect.NativeConstructorAccessorImpl.newInstance0(Native Method)&#xa;	at java.base/jdk.internal.reflect.NativeConstructorAccessorImpl.newInstance(NativeConstructorAccessorImpl.java:77)&#xa;	at java.base/jdk.internal.reflect.DelegatingConstructorAccessorImpl.newInstance(DelegatingConstructorAccessorImpl.java:45)&#xa;	at org.openqa.selenium.remote.http.W3CHttpResponseCodec.createException(W3CHttpResponseCodec.java:187)&#xa;	at org.openqa.selenium.remote.http.W3CHttpResponseCodec.decode(W3CHttpResponseCodec.java:122)&#xa;	at org.openqa.selenium.remote.http.W3CHttpResponseCodec.decode(W3CHttpResponseCodec.java:49)&#xa;	at org.openqa.selenium.remote.HttpCommandExecutor.execute(HttpCommandExecutor.java:158)&#xa;	at org.openqa.selenium.remote.service.DriverCommandExecutor.execute(DriverCommandExecutor.java:83)&#xa;	at org.openqa.selenium.remote.RemoteWebDriver.execute(RemoteWebDriver.java:552)&#xa;	at com.kms.katalon.selenium.driver.CChromeDriver.execute(CChromeDriver.java:19)&#xa;	at org.openqa.selenium.remote.RemoteWebElement.execute(RemoteWebElement.java:285)&#xa;	at org.openqa.selenium.remote.RemoteWebElement.click(RemoteWebElement.java:84)&#xa;	at jdk.internal.reflect.GeneratedMethodAccessor15.invoke(Unknown Source)&#xa;	at java.base/jdk.internal.reflect.DelegatingMethodAccessorImpl.invoke(DelegatingMethodAccessorImpl.java:43)&#xa;	at org.openqa.selenium.support.events.EventFiringWebDriver$EventFiringWebElement.lambda$new$0(EventFiringWebDriver.java:404)&#xa;	at jdk.proxy2/jdk.proxy2.$Proxy24.click(Unknown Source)&#xa;	at org.openqa.selenium.support.events.EventFiringWebDriver$EventFiringWebElement.click(EventFiringWebDriver.java:417)&#xa;	at org.openqa.selenium.WebElement$click.call(Unknown Source)&#xa;	at com.kms.katalon.core.webui.keyword.builtin.ClickKeyword.clickUntilSuccessWithTimeout(ClickKeyword.groovy:81)&#xa;	at com.kms.katalon.core.webui.keyword.builtin.ClickKeyword.clickUntilSuccessWithTimeout(ClickKeyword.groovy)&#xa;	at jdk.internal.reflect.GeneratedMethodAccessor13.invoke(Unknown Source)&#xa;	at java.base/jdk.internal.reflect.DelegatingMethodAccessorImpl.invoke(DelegatingMethodAccessorImpl.java:43)&#xa;	at com.kms.katalon.core.webui.keyword.builtin.ClickKeyword$_click_closure1.doCall(ClickKeyword.groovy:67)&#xa;	at com.kms.katalon.core.webui.keyword.builtin.ClickKeyword$_click_closure1.call(ClickKeyword.groovy)&#xa;	at com.kms.katalon.core.webui.keyword.internal.WebUIKeywordMain.runKeyword(WebUIKeywordMain.groovy:20)&#xa;	... 24 more&#xa;"/>
         <system-out><![CDATA[22-11-2024T03:00:49 - [TEST_CASE][FAILED] - Test Cases/Сверки дашбордов/Выручка в рублях сверка дашбордов ПАО Россети: Test Cases/Сверки дашбордов/Выручка в рублях сверка дашбордов ПАО Россети FAILED.
Reason:
com.kms.katalon.core.exception.StepFailedException: Unable to click on object 'Object Repository/Страница авторизации/button_' (Root cause: com.kms.katalon.core.exception.StepFailedException: Unable to click on object 'Object Repository/Страница авторизации/button_'
	at com.kms.katalon.core.webui.keyword.internal.WebUIKeywordMain.stepFailed(WebUIKeywordMain.groovy:64)
	at com.kms.katalon.core.webui.keyword.internal.WebUIKeywordMain.runKeyword(WebUIKeywordMain.groovy:26)
	at com.kms.katalon.core.webui.keyword.builtin.ClickKeyword.click(ClickKeyword.groovy:74)
	at com.kms.katalon.core.webui.keyword.builtin.ClickKeyword.execute(ClickKeyword.groovy:40)
	at com.kms.katalon.core.keyword.internal.KeywordExecutor.executeKeywordForPlatform(KeywordExecutor.groovy:74)
	at com.kms.katalon.core.webui.keyword.WebUiBuiltInKeywords.click(WebUiBuiltInKeywords.groovy:659)
	at Выручка в рублях сверка дашбордов ПАО Россети.Autorization(Выручка в рублях сверка дашбордов ПАО Россети:693)
	at Выручка в рублях сверка дашбордов ПАО Россети.PreSettings(Выручка в рублях сверка дашбордов ПАО Россети:573)
	at Выручка в рублях сверка дашбордов ПАО Россети.Blocks(Выручка в рублях сверка дашбордов ПАО Россети:247)
	at Выручка в рублях сверка дашбордов ПАО Россети.ViruchkaChange(Выручка в рублях сверка дашбордов ПАО Россети:60)
	at Выручка в рублях сверка дашбордов ПАО Россети.run(Выручка в рублях сверка дашбордов ПАО Россети:55)
	at com.kms.katalon.core.main.ScriptEngine.run(ScriptEngine.java:194)
	at com.kms.katalon.core.main.ScriptEngine.runScriptAsRawText(ScriptEngine.java:119)
	at com.kms.katalon.core.main.TestCaseExecutor.runScript(TestCaseExecutor.java:448)
	at com.kms.katalon.core.main.TestCaseExecutor.doExecute(TestCaseExecutor.java:439)
	at com.kms.katalon.core.main.TestCaseExecutor.processExecutionPhase(TestCaseExecutor.java:418)
	at com.kms.katalon.core.main.TestCaseExecutor.accessMainPhase(TestCaseExecutor.java:410)
	at com.kms.katalon.core.main.TestCaseExecutor.execute(TestCaseExecutor.java:285)
	at com.kms.katalon.core.common.CommonExecutor.accessTestCaseMainPhase(CommonExecutor.java:65)
	at com.kms.katalon.core.main.TestSuiteExecutor.accessTestSuiteMainPhase(TestSuiteExecutor.java:150)
	at com.kms.katalon.core.main.TestSuiteExecutor.execute(TestSuiteExecutor.java:106)
	at com.kms.katalon.core.main.TestCaseMain.startTestSuite(TestCaseMain.java:180)
	at TempTestSuite1732232929817.run(TempTestSuite1732232929817.groovy:35)
	at java.base/jdk.internal.reflect.NativeMethodAccessorImpl.invoke0(Native Method)
	at java.base/jdk.internal.reflect.NativeMethodAccessorImpl.invoke(NativeMethodAccessorImpl.java:77)
	at java.base/jdk.internal.reflect.DelegatingMethodAccessorImpl.invoke(DelegatingMethodAccessorImpl.java:43)
Caused by: org.openqa.selenium.TimeoutException: timeout: Timed out receiving message from renderer: 300.000
  (Session info: chrome=131.0.6778.86)
Build info: version: '3.141.59', revision: 'unknown', time: 'unknown'
System info: host: 'UVV-WS904-D', ip: '192.168.0.19', os.name: 'Windows 10', os.arch: 'amd64', os.version: '10.0', java.version: '17.0.7'
Driver info: com.kms.katalon.selenium.driver.CChromeDriver
Capabilities {acceptInsecureCerts: false, browserName: chrome, browserVersion: 131.0.6778.86, chrome: {chromedriverVersion: 131.0.6778.69 (77e2244bbcda..., userDataDir: C:\Users\LIAZGI~1\AppData\L...}, fedcm:accounts: true, goog:chromeOptions: {debuggerAddress: localhost:50902}, javascriptEnabled: true, networkConnectionEnabled: false, pageLoadStrategy: normal, platform: WINDOWS, platformName: WINDOWS, proxy: Proxy(), setWindowRect: true, strictFileInteractability: false, timeouts: {implicit: 0, pageLoad: 300000, script: 30000}, unhandledPromptBehavior: dismiss and notify, webauthn:extension:credBlob: true, webauthn:extension:largeBlob: true, webauthn:extension:minPinLength: true, webauthn:extension:prf: true, webauthn:virtualAuthenticators: true}
Session ID: e4e5fb956fa012deec64dff42b47314d
	at java.base/jdk.internal.reflect.NativeConstructorAccessorImpl.newInstance0(Native Method)
	at java.base/jdk.internal.reflect.NativeConstructorAccessorImpl.newInstance(NativeConstructorAccessorImpl.java:77)
	at java.base/jdk.internal.reflect.DelegatingConstructorAccessorImpl.newInstance(DelegatingConstructorAccessorImpl.java:45)
	at org.openqa.selenium.remote.http.W3CHttpResponseCodec.createException(W3CHttpResponseCodec.java:187)
	at org.openqa.selenium.remote.http.W3CHttpResponseCodec.decode(W3CHttpResponseCodec.java:122)
	at org.openqa.selenium.remote.http.W3CHttpResponseCodec.decode(W3CHttpResponseCodec.java:49)
	at org.openqa.selenium.remote.HttpCommandExecutor.execute(HttpCommandExecutor.java:158)
	at org.openqa.selenium.remote.service.DriverCommandExecutor.execute(DriverCommandExecutor.java:83)
	at org.openqa.selenium.remote.RemoteWebDriver.execute(RemoteWebDriver.java:552)
	at com.kms.katalon.selenium.driver.CChromeDriver.execute(CChromeDriver.java:19)
	at org.openqa.selenium.remote.RemoteWebElement.execute(RemoteWebElement.java:285)
	at org.openqa.selenium.remote.RemoteWebElement.click(RemoteWebElement.java:84)
	at jdk.internal.reflect.GeneratedMethodAccessor15.invoke(Unknown Source)
	at java.base/jdk.internal.reflect.DelegatingMethodAccessorImpl.invoke(DelegatingMethodAccessorImpl.java:43)
	at org.openqa.selenium.support.events.EventFiringWebDriver$EventFiringWebElement.lambda$new$0(EventFiringWebDriver.java:404)
	at jdk.proxy2/jdk.proxy2.$Proxy24.click(Unknown Source)
	at org.openqa.selenium.support.events.EventFiringWebDriver$EventFiringWebElement.click(EventFiringWebDriver.java:417)
	at org.openqa.selenium.WebElement$click.call(Unknown Source)
	at com.kms.katalon.core.webui.keyword.builtin.ClickKeyword.clickUntilSuccessWithTimeout(ClickKeyword.groovy:81)
	at com.kms.katalon.core.webui.keyword.builtin.ClickKeyword.clickUntilSuccessWithTimeout(ClickKeyword.groovy)
	at jdk.internal.reflect.GeneratedMethodAccessor13.invoke(Unknown Source)
	at java.base/jdk.internal.reflect.DelegatingMethodAccessorImpl.invoke(DelegatingMethodAccessorImpl.java:43)
	at com.kms.katalon.core.webui.keyword.builtin.ClickKeyword$_click_closure1.doCall(ClickKeyword.groovy:67)
	at com.kms.katalon.core.webui.keyword.builtin.ClickKeyword$_click_closure1.call(ClickKeyword.groovy)
	at com.kms.katalon.core.webui.keyword.internal.WebUIKeywordMain.runKeyword(WebUIKeywordMain.groovy:20)
	at com.kms.katalon.core.webui.keyword.builtin.ClickKeyword.click(ClickKeyword.groovy:74)
	at com.kms.katalon.core.webui.keyword.builtin.ClickKeyword.execute(ClickKeyword.groovy:40)
	at com.kms.katalon.core.keyword.internal.KeywordExecutor.executeKeywordForPlatform(KeywordExecutor.groovy:74)
	at com.kms.katalon.core.webui.keyword.WebUiBuiltInKeywords.click(WebUiBuiltInKeywords.groovy:659)
	at Script1710234207206.Autorization(Script1710234207206.groovy:693)
	at Script1710234207206.PreSettings(Script1710234207206.groovy:573)
	at Script1710234207206.Blocks(Script1710234207206.groovy:247)
	at Script1710234207206.ViruchkaChange(Script1710234207206.groovy:60)
	at Script1710234207206.run(Script1710234207206.groovy:55)
	... 15 more
)
	at com.kms.katalon.core.keyword.internal.KeywordMain.stepFailed(KeywordMain.groovy:39)
	at com.kms.katalon.core.webui.keyword.internal.WebUIKeywordMain.stepFailed(WebUIKeywordMain.groovy:64)
	at com.kms.katalon.core.webui.keyword.internal.WebUIKeywordMain.runKeyword(WebUIKeywordMain.groovy:26)
	at com.kms.katalon.core.webui.keyword.builtin.ClickKeyword.click(ClickKeyword.groovy:74)
	at com.kms.katalon.core.webui.keyword.builtin.ClickKeyword.execute(ClickKeyword.groovy:40)
	at com.kms.katalon.core.keyword.internal.KeywordExecutor.executeKeywordForPlatform(KeywordExecutor.groovy:74)
	at com.kms.katalon.core.webui.keyword.WebUiBuiltInKeywords.click(WebUiBuiltInKeywords.groovy:659)
	at Выручка в рублях сверка дашбордов ПАО Россети.Autorization(Выручка в рублях сверка дашбордов ПАО Россети:693)
	at Выручка в рублях сверка дашбордов ПАО Россети.PreSettings(Выручка в рублях сверка дашбордов ПАО Россети:573)
	at Выручка в рублях сверка дашбордов ПАО Россети.Blocks(Выручка в рублях сверка дашбордов ПАО Россети:247)
	at Выручка в рублях сверка дашбордов ПАО Россети.ViruchkaChange(Выручка в рублях сверка дашбордов ПАО Россети:60)
	at Выручка в рублях сверка дашбордов ПАО Россети.run(Выручка в рублях сверка дашбордов ПАО Россети:55)
	at com.kms.katalon.core.main.ScriptEngine.run(ScriptEngine.java:194)
	at com.kms.katalon.core.main.ScriptEngine.runScriptAsRawText(ScriptEngine.java:119)
	at com.kms.katalon.core.main.TestCaseExecutor.runScript(TestCaseExecutor.java:448)
	at com.kms.katalon.core.main.TestCaseExecutor.doExecute(TestCaseExecutor.java:439)
	at com.kms.katalon.core.main.TestCaseExecutor.processExecutionPhase(TestCaseExecutor.java:418)
	at com.kms.katalon.core.main.TestCaseExecutor.accessMainPhase(TestCaseExecutor.java:410)
	at com.kms.katalon.core.main.TestCaseExecutor.execute(TestCaseExecutor.java:285)
	at com.kms.katalon.core.common.CommonExecutor.accessTestCaseMainPhase(CommonExecutor.java:65)
	at com.kms.katalon.core.main.TestSuiteExecutor.accessTestSuiteMainPhase(TestSuiteExecutor.java:150)
	at com.kms.katalon.core.main.TestSuiteExecutor.execute(TestSuiteExecutor.java:106)
	at com.kms.katalon.core.main.TestCaseMain.startTestSuite(TestCaseMain.java:180)
	at TempTestSuite1732232929817.run(TempTestSuite1732232929817.groovy:35)
	at java.base/jdk.internal.reflect.NativeMethodAccessorImpl.invoke0(Native Method)
	at java.base/jdk.internal.reflect.NativeMethodAccessorImpl.invoke(NativeMethodAccessorImpl.java:77)
	at java.base/jdk.internal.reflect.DelegatingMethodAccessorImpl.invoke(DelegatingMethodAccessorImpl.java:43)
Caused by: com.kms.katalon.core.exception.StepFailedException: Unable to click on object 'Object Repository/Страница авторизации/button_'
	... 26 more
Caused by: org.openqa.selenium.TimeoutException: timeout: Timed out receiving message from renderer: 300.000
  (Session info: chrome=131.0.6778.86)
Build info: version: '3.141.59', revision: 'unknown', time: 'unknown'
System info: host: 'UVV-WS904-D', ip: '192.168.0.19', os.name: 'Windows 10', os.arch: 'amd64', os.version: '10.0', java.version: '17.0.7'
Driver info: com.kms.katalon.selenium.driver.CChromeDriver
Capabilities {acceptInsecureCerts: false, browserName: chrome, browserVersion: 131.0.6778.86, chrome: {chromedriverVersion: 131.0.6778.69 (77e2244bbcda..., userDataDir: C:\Users\LIAZGI~1\AppData\L...}, fedcm:accounts: true, goog:chromeOptions: {debuggerAddress: localhost:50902}, javascriptEnabled: true, networkConnectionEnabled: false, pageLoadStrategy: normal, platform: WINDOWS, platformName: WINDOWS, proxy: Proxy(), setWindowRect: true, strictFileInteractability: false, timeouts: {implicit: 0, pageLoad: 300000, script: 30000}, unhandledPromptBehavior: dismiss and notify, webauthn:extension:credBlob: true, webauthn:extension:largeBlob: true, webauthn:extension:minPinLength: true, webauthn:extension:prf: true, webauthn:virtualAuthenticators: true}
Session ID: e4e5fb956fa012deec64dff42b47314d
	at java.base/jdk.internal.reflect.NativeConstructorAccessorImpl.newInstance0(Native Method)
	at java.base/jdk.internal.reflect.NativeConstructorAccessorImpl.newInstance(NativeConstructorAccessorImpl.java:77)
	at java.base/jdk.internal.reflect.DelegatingConstructorAccessorImpl.newInstance(DelegatingConstructorAccessorImpl.java:45)
	at org.openqa.selenium.remote.http.W3CHttpResponseCodec.createException(W3CHttpResponseCodec.java:187)
	at org.openqa.selenium.remote.http.W3CHttpResponseCodec.decode(W3CHttpResponseCodec.java:122)
	at org.openqa.selenium.remote.http.W3CHttpResponseCodec.decode(W3CHttpResponseCodec.java:49)
	at org.openqa.selenium.remote.HttpCommandExecutor.execute(HttpCommandExecutor.java:158)
	at org.openqa.selenium.remote.service.DriverCommandExecutor.execute(DriverCommandExecutor.java:83)
	at org.openqa.selenium.remote.RemoteWebDriver.execute(RemoteWebDriver.java:552)
	at com.kms.katalon.selenium.driver.CChromeDriver.execute(CChromeDriver.java:19)
	at org.openqa.selenium.remote.RemoteWebElement.execute(RemoteWebElement.java:285)
	at org.openqa.selenium.remote.RemoteWebElement.click(RemoteWebElement.java:84)
	at jdk.internal.reflect.GeneratedMethodAccessor15.invoke(Unknown Source)
	at java.base/jdk.internal.reflect.DelegatingMethodAccessorImpl.invoke(DelegatingMethodAccessorImpl.java:43)
	at org.openqa.selenium.support.events.EventFiringWebDriver$EventFiringWebElement.lambda$new$0(EventFiringWebDriver.java:404)
	at jdk.proxy2/jdk.proxy2.$Proxy24.click(Unknown Source)
	at org.openqa.selenium.support.events.EventFiringWebDriver$EventFiringWebElement.click(EventFiringWebDriver.java:417)
	at org.openqa.selenium.WebElement$click.call(Unknown Source)
	at com.kms.katalon.core.webui.keyword.builtin.ClickKeyword.clickUntilSuccessWithTimeout(ClickKeyword.groovy:81)
	at com.kms.katalon.core.webui.keyword.builtin.ClickKeyword.clickUntilSuccessWithTimeout(ClickKeyword.groovy)
	at jdk.internal.reflect.GeneratedMethodAccessor13.invoke(Unknown Source)
	at java.base/jdk.internal.reflect.DelegatingMethodAccessorImpl.invoke(DelegatingMethodAccessorImpl.java:43)
	at com.kms.katalon.core.webui.keyword.builtin.ClickKeyword$_click_closure1.doCall(ClickKeyword.groovy:67)
	at com.kms.katalon.core.webui.keyword.builtin.ClickKeyword$_click_closure1.call(ClickKeyword.groovy)
	at com.kms.katalon.core.webui.keyword.internal.WebUIKeywordMain.runKeyword(WebUIKeywordMain.groovy:20)
	... 24 more


22-11-2024T03:00:49 - [TEST_STEP][PASSED] - date = new java.util.Date(): null

22-11-2024T03:00:49 - [TEST_STEP][PASSED] - todaysDate = date.format("dd.MM.yyyy"): null

22-11-2024T03:00:49 - [TEST_STEP][PASSED] - println(todaysDate): null

22-11-2024T03:00:49 - [TEST_STEP][PASSED] - run = 1: null

22-11-2024T03:00:49 - [TEST_STEP][PASSED] - vir = 1: null

22-11-2024T03:00:49 - [TEST_STEP][PASSED] - block = 1: null

22-11-2024T03:00:49 - [TEST_STEP][PASSED] - vidget = <not implemented yet for class: org.codehaus.groovy.ast.expr.EmptyExpression>: null

22-11-2024T03:00:49 - [TEST_STEP][PASSED] - nameOfBlock = <not implemented yet for class: org.codehaus.groovy.ast.expr.EmptyExpression>: null

22-11-2024T03:00:49 - [TEST_STEP][PASSED] - typeOfData = <not implemented yet for class: org.codehaus.groovy.ast.expr.EmptyExpression>: null

22-11-2024T03:00:49 - [TEST_STEP][PASSED] - viruchka = <not implemented yet for class: org.codehaus.groovy.ast.expr.EmptyExpression>: null

22-11-2024T03:00:49 - [TEST_STEP][PASSED] - a = <not implemented yet for class: org.codehaus.groovy.ast.expr.EmptyExpression>: null

22-11-2024T03:00:49 - [TEST_STEP][PASSED] - b = <not implemented yet for class: org.codehaus.groovy.ast.expr.EmptyExpression>: null

22-11-2024T03:00:49 - [TEST_STEP][PASSED] - x = <not implemented yet for class: org.codehaus.groovy.ast.expr.EmptyExpression>: null

22-11-2024T03:00:49 - [TEST_STEP][PASSED] - y = <not implemented yet for class: org.codehaus.groovy.ast.expr.EmptyExpression>: null

22-11-2024T03:00:49 - [TEST_STEP][PASSED] - dZO = "ПАО Россети": null

22-11-2024T03:00:49 - [TEST_STEP][PASSED] - for ([run = 1, run < 3, (run++)]): null

22-11-2024T03:00:49 - [TEST_STEP][PASSED] - Script1710234207206.ViruchkaChange(run, vir, block, nameOfBlock, typeOfData, viruchka, vidget, todaysDate, a, b, dZO, x, y): null

22-11-2024T03:00:49 - [TEST_STEP][PASSED] - for ([vir = 1, vir < 4, (vir++)]): null

22-11-2024T03:00:49 - [TEST_STEP][PASSED] - Script1710234207206.Blocks(run, vir, block, nameOfBlock, typeOfData, viruchka, vidget, todaysDate, a, b, dZO, x, y): null

22-11-2024T03:00:49 - [TEST_STEP][PASSED] - i = <not implemented yet for class: org.codehaus.groovy.ast.expr.EmptyExpression>: null

22-11-2024T03:00:49 - [TEST_STEP][PASSED] - perc = "": null

22-11-2024T03:00:49 - [TEST_STEP][PASSED] - a1 = <not implemented yet for class: org.codehaus.groovy.ast.expr.EmptyExpression>: null

22-11-2024T03:00:49 - [TEST_STEP][PASSED] - a2 = <not implemented yet for class: org.codehaus.groovy.ast.expr.EmptyExpression>: null

22-11-2024T03:00:49 - [TEST_STEP][PASSED] - a30 = <not implemented yet for class: org.codehaus.groovy.ast.expr.EmptyExpression>: null

22-11-2024T03:00:49 - [TEST_STEP][PASSED] - a31 = <not implemented yet for class: org.codehaus.groovy.ast.expr.EmptyExpression>: null

22-11-2024T03:00:49 - [TEST_STEP][PASSED] - a32 = <not implemented yet for class: org.codehaus.groovy.ast.expr.EmptyExpression>: null

22-11-2024T03:00:49 - [TEST_STEP][PASSED] - a33 = <not implemented yet for class: org.codehaus.groovy.ast.expr.EmptyExpression>: null

22-11-2024T03:00:49 - [TEST_STEP][PASSED] - a34 = <not implemented yet for class: org.codehaus.groovy.ast.expr.EmptyExpression>: null

22-11-2024T03:00:49 - [TEST_STEP][PASSED] - a35 = <not implemented yet for class: org.codehaus.groovy.ast.expr.EmptyExpression>: null

22-11-2024T03:00:49 - [TEST_STEP][PASSED] - a36 = <not implemented yet for class: org.codehaus.groovy.ast.expr.EmptyExpression>: null

22-11-2024T03:00:49 - [TEST_STEP][PASSED] - a37 = <not implemented yet for class: org.codehaus.groovy.ast.expr.EmptyExpression>: null

22-11-2024T03:00:49 - [TEST_STEP][PASSED] - a38 = <not implemented yet for class: org.codehaus.groovy.ast.expr.EmptyExpression>: null

22-11-2024T03:00:49 - [TEST_STEP][PASSED] - a39 = <not implemented yet for class: org.codehaus.groovy.ast.expr.EmptyExpression>: null

22-11-2024T03:00:49 - [TEST_STEP][PASSED] - a310 = <not implemented yet for class: org.codehaus.groovy.ast.expr.EmptyExpression>: null

22-11-2024T03:00:49 - [TEST_STEP][PASSED] - a311 = <not implemented yet for class: org.codehaus.groovy.ast.expr.EmptyExpression>: null

22-11-2024T03:00:49 - [TEST_STEP][PASSED] - a312 = <not implemented yet for class: org.codehaus.groovy.ast.expr.EmptyExpression>: null

22-11-2024T03:00:49 - [TEST_STEP][PASSED] - a313 = <not implemented yet for class: org.codehaus.groovy.ast.expr.EmptyExpression>: null

22-11-2024T03:00:49 - [TEST_STEP][PASSED] - a314 = <not implemented yet for class: org.codehaus.groovy.ast.expr.EmptyExpression>: null

22-11-2024T03:00:49 - [TEST_STEP][PASSED] - a315 = <not implemented yet for class: org.codehaus.groovy.ast.expr.EmptyExpression>: null

22-11-2024T03:00:49 - [TEST_STEP][PASSED] - a316 = <not implemented yet for class: org.codehaus.groovy.ast.expr.EmptyExpression>: null

22-11-2024T03:00:49 - [TEST_STEP][PASSED] - a317 = <not implemented yet for class: org.codehaus.groovy.ast.expr.EmptyExpression>: null

22-11-2024T03:00:49 - [TEST_STEP][PASSED] - b1 = <not implemented yet for class: org.codehaus.groovy.ast.expr.EmptyExpression>: null

22-11-2024T03:00:49 - [TEST_STEP][PASSED] - b2 = <not implemented yet for class: org.codehaus.groovy.ast.expr.EmptyExpression>: null

22-11-2024T03:00:49 - [TEST_STEP][PASSED] - b30 = <not implemented yet for class: org.codehaus.groovy.ast.expr.EmptyExpression>: null

22-11-2024T03:00:49 - [TEST_STEP][PASSED] - b31 = <not implemented yet for class: org.codehaus.groovy.ast.expr.EmptyExpression>: null

22-11-2024T03:00:49 - [TEST_STEP][PASSED] - b32 = <not implemented yet for class: org.codehaus.groovy.ast.expr.EmptyExpression>: null

22-11-2024T03:00:49 - [TEST_STEP][PASSED] - b33 = <not implemented yet for class: org.codehaus.groovy.ast.expr.EmptyExpression>: null

22-11-2024T03:00:49 - [TEST_STEP][PASSED] - b34 = <not implemented yet for class: org.codehaus.groovy.ast.expr.EmptyExpression>: null

22-11-2024T03:00:49 - [TEST_STEP][PASSED] - b35 = <not implemented yet for class: org.codehaus.groovy.ast.expr.EmptyExpression>: null

22-11-2024T03:00:49 - [TEST_STEP][PASSED] - b36 = <not implemented yet for class: org.codehaus.groovy.ast.expr.EmptyExpression>: null

22-11-2024T03:00:49 - [TEST_STEP][PASSED] - b37 = <not implemented yet for class: org.codehaus.groovy.ast.expr.EmptyExpression>: null

22-11-2024T03:00:49 - [TEST_STEP][PASSED] - b38 = <not implemented yet for class: org.codehaus.groovy.ast.expr.EmptyExpression>: null

22-11-2024T03:00:49 - [TEST_STEP][PASSED] - b39 = <not implemented yet for class: org.codehaus.groovy.ast.expr.EmptyExpression>: null

22-11-2024T03:00:49 - [TEST_STEP][PASSED] - b310 = <not implemented yet for class: org.codehaus.groovy.ast.expr.EmptyExpression>: null

22-11-2024T03:00:49 - [TEST_STEP][PASSED] - b311 = <not implemented yet for class: org.codehaus.groovy.ast.expr.EmptyExpression>: null

22-11-2024T03:00:49 - [TEST_STEP][PASSED] - b312 = <not implemented yet for class: org.codehaus.groovy.ast.expr.EmptyExpression>: null

22-11-2024T03:00:49 - [TEST_STEP][PASSED] - b313 = <not implemented yet for class: org.codehaus.groovy.ast.expr.EmptyExpression>: null

22-11-2024T03:00:49 - [TEST_STEP][PASSED] - b314 = <not implemented yet for class: org.codehaus.groovy.ast.expr.EmptyExpression>: null

22-11-2024T03:00:49 - [TEST_STEP][PASSED] - b315 = <not implemented yet for class: org.codehaus.groovy.ast.expr.EmptyExpression>: null

22-11-2024T03:00:49 - [TEST_STEP][PASSED] - b316 = <not implemented yet for class: org.codehaus.groovy.ast.expr.EmptyExpression>: null

22-11-2024T03:00:49 - [TEST_STEP][PASSED] - b317 = <not implemented yet for class: org.codehaus.groovy.ast.expr.EmptyExpression>: null

22-11-2024T03:00:49 - [TEST_STEP][PASSED] - block = 1: null

22-11-2024T03:00:49 - [TEST_STEP][PASSED] - nameOfBlock = "": null

22-11-2024T03:00:49 - [TEST_STEP][PASSED] - Script1710234207206.PreSettings(run, vir, block, nameOfBlock, typeOfData, todaysDate): null

22-11-2024T03:00:49 - [TEST_STEP][PASSED] - openBrowser(""): Browser is opened with url: ''

22-11-2024T03:00:49 - [MESSAGE][INFO] - Starting 'Chrome' driver

22-11-2024T03:00:49 - [MESSAGE][INFO] - Action delay is set to 0 milliseconds

22-11-2024T03:00:50 - [MESSAGE][PASSED] - Browser is opened with url: ''

22-11-2024T03:00:50 - [TEST_STEP][PASSED] - refresh(): Refresh successfully

22-11-2024T03:00:50 - [MESSAGE][PASSED] - Refresh successfully

22-11-2024T03:00:50 - [TEST_STEP][PASSED] - delay(50): Delayed 50 second(s)

22-11-2024T03:01:40 - [MESSAGE][PASSED] - Delayed 50 second(s)

22-11-2024T03:01:40 - [TEST_STEP][PASSED] - println("run:" + run): null

22-11-2024T03:01:40 - [TEST_STEP][PASSED] - println("vir:" + vir): null

22-11-2024T03:01:40 - [TEST_STEP][PASSED] - println("block:" + block): null

22-11-2024T03:01:40 - [TEST_STEP][PASSED] - if (block == 1): null

22-11-2024T03:01:40 - [TEST_STEP][PASSED] - nameOfBlock = "": null

22-11-2024T03:01:40 - [TEST_STEP][PASSED] - println("nameOfBlock:" + nameOfBlock): null

22-11-2024T03:01:40 - [TEST_STEP][PASSED] - println("typeOfData:" + typeOfData): null

22-11-2024T03:01:40 - [TEST_STEP][PASSED] - println("todaysDate:" + todaysDate): null

22-11-2024T03:01:40 - [TEST_STEP][PASSED] - Script1710234207206.Autorization(block, nameOfBlock): null

22-11-2024T03:01:40 - [TEST_STEP][PASSED] - i = <not implemented yet for class: org.codehaus.groovy.ast.expr.EmptyExpression>: null

22-11-2024T03:01:40 - [TEST_STEP][PASSED] - ii = <not implemented yet for class: org.codehaus.groovy.ast.expr.EmptyExpression>: null

22-11-2024T03:01:40 - [TEST_STEP][PASSED] - urlData = <not implemented yet for class: org.codehaus.groovy.ast.expr.EmptyExpression>: null

22-11-2024T03:01:40 - [TEST_STEP][PASSED] - searchWord = <not implemented yet for class: org.codehaus.groovy.ast.expr.EmptyExpression>: null

22-11-2024T03:01:40 - [TEST_STEP][PASSED] - urlText = <not implemented yet for class: org.codehaus.groovy.ast.expr.EmptyExpression>: null

22-11-2024T03:01:40 - [TEST_STEP][PASSED] - println("block:" + block): null

22-11-2024T03:01:40 - [TEST_STEP][PASSED] - if (block == 1): null

22-11-2024T03:01:40 - [TEST_STEP][PASSED] - nameOfBlock = "": null

22-11-2024T03:01:40 - [TEST_STEP][PASSED] - println("nameOfBlock:" + nameOfBlock): null

22-11-2024T03:01:40 - [TEST_STEP][PASSED] - if (block == 1): Delayed 45 second(s)

22-11-2024T03:01:40 - [TEST_STEP][PASSED] - urlData = 2: null

22-11-2024T03:01:40 - [TEST_STEP][PASSED] - delay(45): Delayed 45 second(s)

22-11-2024T03:02:25 - [MESSAGE][PASSED] - Delayed 45 second(s)

22-11-2024T03:02:25 - [TEST_STEP][PASSED] - navigateToUrl(findTestData("PlanFact").getValue(10, urlData)): Navigate to 'https://bi.rosseti.digital/viewer?dashboardGuid=2301950b23be4ed89c1df75f2020051e&sheetGuid=b723206f698544fb87299f3095c00435&fit=true' successfully

22-11-2024T03:02:31 - [MESSAGE][PASSED] - Navigate to 'https://bi.rosseti.digital/viewer?dashboardGuid=2301950b23be4ed89c1df75f2020051e&sheetGuid=b723206f698544fb87299f3095c00435&fit=true' successfully

22-11-2024T03:02:31 - [TEST_STEP][PASSED] - urlText = getText(findTestObject("Страница авторизации/Text")): Text of object 'Object Repository/Страница авторизации/Text' is: 'Вход'

22-11-2024T03:02:33 - [MESSAGE][PASSED] - Text of object 'Object Repository/Страница авторизации/Text' is: 'Вход'

22-11-2024T03:02:33 - [TEST_STEP][PASSED] - searchWord = "Вход": null

22-11-2024T03:02:33 - [TEST_STEP][PASSED] - if (urlText == null || urlText.contains("ошибка") || urlText.contains(searchWord) == false): null

22-11-2024T03:02:33 - [TEST_STEP][PASSED] - if (verifyElementPresent(findTestObject("Страница авторизации/button_"), 30) == true): null

22-11-2024T03:02:34 - [MESSAGE][PASSED] - Object 'Object Repository/Страница авторизации/button_' is present

22-11-2024T03:02:34 - [TEST_STEP][PASSED] - setText(findTestObject("Страница авторизации/input__username"), findTestData("PlanFact").getValue(8, 1)): Text 'liazgina-di' is set on object 'Object Repository/Страница авторизации/input__username'

22-11-2024T03:02:34 - [MESSAGE][PASSED] - Text 'liazgina-di' is set on object 'Object Repository/Страница авторизации/input__username'

22-11-2024T03:02:34 - [TEST_STEP][PASSED] - setText(findTestObject("Страница авторизации/input__password"), findTestData("PlanFact").getValue(9, 1)): Text ')$%5srZ8o688Dm#q' is set on object 'Object Repository/Страница авторизации/input__password'

22-11-2024T03:02:35 - [MESSAGE][PASSED] - Text ')$%5srZ8o688Dm#q' is set on object 'Object Repository/Страница авторизации/input__password'

22-11-2024T03:02:35 - [TEST_STEP][PASSED] - click(findTestObject("Страница авторизации/button_")): Object: 'Object Repository/Страница авторизации/button_' is clicked on

22-11-2024T03:02:37 - [MESSAGE][PASSED] - Object: 'Object Repository/Страница авторизации/button_' is clicked on

22-11-2024T03:02:37 - [TEST_STEP][PASSED] - delay(45): Delayed 45 second(s)

22-11-2024T03:03:23 - [MESSAGE][PASSED] - Delayed 45 second(s)

22-11-2024T03:03:23 - [TEST_STEP][PASSED] - urlText = getText(findTestObject("Страница авторизации/Text")): Text of object 'Object Repository/Страница авторизации/Text' is: 'Период
1, 2, 3 кв. 2024 года
Выручка
Все
Выполнение плановых показателей по ПАО Россети за 1, 2, 3 кв. 2024 года
План
Факт
Динамика
2024 год
0 млн.руб.
100 000 млн.руб.
200 000 млн.руб.
300 000 млн.руб.
400 000 млн.руб.
500 000 млн.руб.
600 000 млн.руб.
700 000 млн.руб.
800 000 млн.руб.
900 000 млн.руб.
1 000 000 млн.руб.
1 100 000 млн.руб.
1 200 000 млн.руб.
1 300 000 млн.руб.
1 056 816
1 083 641
↑
ДЗО 
Все
Внутренний оборот - выручка за услуги по передаче электрической энергии, учтенная в выручке за электроэнергию для конечных потребителей, при выполнении ДЗО функций гарантирующего поставщика
Подписи данных
⬤Отклонение
АО «Тываэнерго»
АО «Чеченэнерго»
Россети Волга
Россети Кубань
Россети Ленэнерго (ГК)
Россети Московский регион
Россети Северный Кавказ (ГК)
Россети Северо-Запад
Россети Сибирь (ГК)
Россети Томск
Россети Тюмень
Россети Урал (ГК)
Россети ФСК ЕЭС
Россети Центр
Россети Центр и Приволжье (ГК)
Россети Юг (ГК)
Россети Янтарь
-4 000млн.руб.
-2 000млн.руб.
0 млн.руб.
2 000млн.руб.
4 000млн.руб.
6 000млн.руб.
8 00…
-6 000млн.руб.
239
68
25
3 470
3 855
6 900
821
839
2 116
213
-4 312
1 715
1 999
3 410
3 873
1 315
277
млн.
%
Выручка
Отклонение выручки по ПАО Россети за 1, 2, 3 кв. 2024 года (факт/план, млн. руб)
ПАО Россети
26 824.9 млн.руб.
 '

22-11-2024T03:03:23 - [MESSAGE][PASSED] - Text of object 'Object Repository/Страница авторизации/Text' is: 'Период
1, 2, 3 кв. 2024 года
Выручка
Все
Выполнение плановых показателей по ПАО Россети за 1, 2, 3 кв. 2024 года
План
Факт
Динамика
2024 год
0 млн.руб.
100 000 млн.руб.
200 000 млн.руб.
300 000 млн.руб.
400 000 млн.руб.
500 000 млн.руб.
600 000 млн.руб.
700 000 млн.руб.
800 000 млн.руб.
900 000 млн.руб.
1 000 000 млн.руб.
1 100 000 млн.руб.
1 200 000 млн.руб.
1 300 000 млн.руб.
1 056 816
1 083 641
↑
ДЗО 
Все
Внутренний оборот - выручка за услуги по передаче электрической энергии, учтенная в выручке за электроэнергию для конечных потребителей, при выполнении ДЗО функций гарантирующего поставщика
Подписи данных
⬤Отклонение
АО «Тываэнерго»
АО «Чеченэнерго»
Россети Волга
Россети Кубань
Россети Ленэнерго (ГК)
Россети Московский регион
Россети Северный Кавказ (ГК)
Россети Северо-Запад
Россети Сибирь (ГК)
Россети Томск
Россети Тюмень
Россети Урал (ГК)
Россети ФСК ЕЭС
Россети Центр
Россети Центр и Приволжье (ГК)
Россети Юг (ГК)
Россети Янтарь
-4 000млн.руб.
-2 000млн.руб.
0 млн.руб.
2 000млн.руб.
4 000млн.руб.
6 000млн.руб.
8 00…
-6 000млн.руб.
239
68
25
3 470
3 855
6 900
821
839
2 116
213
-4 312
1 715
1 999
3 410
3 873
1 315
277
млн.
%
Выручка
Отклонение выручки по ПАО Россети за 1, 2, 3 кв. 2024 года (факт/план, млн. руб)
ПАО Россети
26 824.9 млн.руб.
 '

22-11-2024T03:03:23 - [TEST_STEP][PASSED] - searchWord = "а": null

22-11-2024T03:03:23 - [TEST_STEP][PASSED] - if (urlText.contains("ошибка") || urlText.contains(searchWord) == false): null

22-11-2024T03:03:23 - [TEST_STEP][PASSED] - delay(45): Delayed 45 second(s)

22-11-2024T03:04:08 - [MESSAGE][PASSED] - Delayed 45 second(s)

22-11-2024T03:04:08 - [TEST_STEP][PASSED] - if (block == 2): null

22-11-2024T03:04:08 - [TEST_STEP][PASSED] - click(findTestObject("Выручка в рублях/Фильтр Период" + nameOfBlock)): Object: 'Object Repository/Выручка в рублях/Фильтр Период' is clicked on

22-11-2024T03:04:09 - [MESSAGE][PASSED] - Object: 'Object Repository/Выручка в рублях/Фильтр Период' is clicked on

22-11-2024T03:04:09 - [TEST_STEP][PASSED] - click(findTestObject("Выручка в рублях/Снять выделение в фильтре Дата" + nameOfBlock)): Object: 'Object Repository/Выручка в рублях/Снять выделение в фильтре Дата' is clicked on

22-11-2024T03:04:09 - [MESSAGE][PASSED] - Object: 'Object Repository/Выручка в рублях/Снять выделение в фильтре Дата' is clicked on

22-11-2024T03:04:09 - [TEST_STEP][PASSED] - click(findTestObject("Выручка в рублях/Применить в фильтре Дата" + nameOfBlock)): Object: 'Object Repository/Выручка в рублях/Применить в фильтре Дата' is clicked on

22-11-2024T03:04:10 - [MESSAGE][PASSED] - Object: 'Object Repository/Выручка в рублях/Применить в фильтре Дата' is clicked on

22-11-2024T03:04:10 - [TEST_STEP][PASSED] - delay(50): Delayed 50 second(s)

22-11-2024T03:05:00 - [MESSAGE][PASSED] - Delayed 50 second(s)

22-11-2024T03:05:00 - [TEST_STEP][PASSED] - click(findTestObject("Выручка в рублях/Фильтр Период" + nameOfBlock)): Object: 'Object Repository/Выручка в рублях/Фильтр Период' is clicked on

22-11-2024T03:05:00 - [MESSAGE][PASSED] - Object: 'Object Repository/Выручка в рублях/Фильтр Период' is clicked on

22-11-2024T03:05:00 - [TEST_STEP][PASSED] - click(findTestObject("Выручка в рублях/Снять выделение в фильтре Дата" + nameOfBlock)): Object: 'Object Repository/Выручка в рублях/Снять выделение в фильтре Дата' is clicked on

22-11-2024T03:05:01 - [MESSAGE][PASSED] - Object: 'Object Repository/Выручка в рублях/Снять выделение в фильтре Дата' is clicked on

22-11-2024T03:05:01 - [TEST_STEP][PASSED] - scrollToElement(findTestObject("Выручка в рублях/2024 список" + nameOfBlock), 30): Scroll to object 'Object Repository/Выручка в рублях/2024 список' successfully

22-11-2024T03:05:01 - [MESSAGE][PASSED] - Scroll to object 'Object Repository/Выручка в рублях/2024 список' successfully

22-11-2024T03:05:01 - [TEST_STEP][PASSED] - click(findTestObject("Выручка в рублях/2024 список" + nameOfBlock)): Object: 'Object Repository/Выручка в рублях/2024 список' is clicked on

22-11-2024T03:05:01 - [MESSAGE][PASSED] - Object: 'Object Repository/Выручка в рублях/2024 список' is clicked on

22-11-2024T03:05:01 - [TEST_STEP][PASSED] - scrollToElement(findTestObject("Выручка в рублях/1 квартал 2024 выбрать" + nameOfBlock), 30): Scroll to object 'Object Repository/Выручка в рублях/1 квартал 2024 выбрать' successfully

22-11-2024T03:05:02 - [MESSAGE][PASSED] - Scroll to object 'Object Repository/Выручка в рублях/1 квартал 2024 выбрать' successfully

22-11-2024T03:05:02 - [TEST_STEP][PASSED] - click(findTestObject("Выручка в рублях/1 квартал 2024 выбрать" + nameOfBlock)): Object: 'Object Repository/Выручка в рублях/1 квартал 2024 выбрать' is clicked on

22-11-2024T03:05:02 - [MESSAGE][PASSED] - Object: 'Object Repository/Выручка в рублях/1 квартал 2024 выбрать' is clicked on

22-11-2024T03:05:02 - [TEST_STEP][PASSED] - scrollToElement(findTestObject("Выручка в рублях/2 квартал 2024 выбрать" + nameOfBlock), 30): Scroll to object 'Object Repository/Выручка в рублях/2 квартал 2024 выбрать' successfully

22-11-2024T03:05:03 - [MESSAGE][PASSED] - Scroll to object 'Object Repository/Выручка в рублях/2 квартал 2024 выбрать' successfully

22-11-2024T03:05:03 - [TEST_STEP][PASSED] - click(findTestObject("Выручка в рублях/2 квартал 2024 выбрать" + nameOfBlock)): Object: 'Object Repository/Выручка в рублях/2 квартал 2024 выбрать' is clicked on

22-11-2024T03:05:03 - [MESSAGE][PASSED] - Object: 'Object Repository/Выручка в рублях/2 квартал 2024 выбрать' is clicked on

22-11-2024T03:05:03 - [TEST_STEP][PASSED] - scrollToElement(findTestObject("Выручка в рублях/3 квартал 2024 список" + nameOfBlock), 30): Scroll to object 'Object Repository/Выручка в рублях/3 квартал 2024 список' successfully

22-11-2024T03:05:04 - [MESSAGE][PASSED] - Scroll to object 'Object Repository/Выручка в рублях/3 квартал 2024 список' successfully

22-11-2024T03:05:04 - [TEST_STEP][PASSED] - click(findTestObject("Выручка в рублях/3 квартал 2024" + nameOfBlock)): Object: 'Object Repository/Выручка в рублях/3 квартал 2024' is clicked on

22-11-2024T03:05:04 - [MESSAGE][PASSED] - Object: 'Object Repository/Выручка в рублях/3 квартал 2024' is clicked on

22-11-2024T03:05:04 - [TEST_STEP][PASSED] - scrollToElement(findTestObject("Выручка в рублях/Заголовок дашборда" + nameOfBlock), 30): Scroll to object 'Object Repository/Выручка в рублях/Заголовок дашборда' successfully

22-11-2024T03:05:04 - [MESSAGE][PASSED] - Scroll to object 'Object Repository/Выручка в рублях/Заголовок дашборда' successfully

22-11-2024T03:05:04 - [TEST_STEP][PASSED] - click(findTestObject("Выручка в рублях/Применить в фильтре Дата" + nameOfBlock)): Object: 'Object Repository/Выручка в рублях/Применить в фильтре Дата' is clicked on

22-11-2024T03:05:05 - [MESSAGE][PASSED] - Object: 'Object Repository/Выручка в рублях/Применить в фильтре Дата' is clicked on

22-11-2024T03:05:05 - [TEST_STEP][PASSED] - delay(55): Delayed 55 second(s)

22-11-2024T03:06:00 - [MESSAGE][PASSED] - Delayed 55 second(s)

22-11-2024T03:06:00 - [TEST_STEP][PASSED] - click(findTestObject("Выручка в рублях/Фильтр ДЗО" + nameOfBlock)): Object: 'Object Repository/Выручка в рублях/Фильтр ДЗО' is clicked on

22-11-2024T03:06:00 - [MESSAGE][PASSED] - Object: 'Object Repository/Выручка в рублях/Фильтр ДЗО' is clicked on

22-11-2024T03:06:00 - [TEST_STEP][PASSED] - click(findTestObject("Выручка в рублях/Снять выделение в фильтре ДЗО" + nameOfBlock)): Object: 'Object Repository/Выручка в рублях/Снять выделение в фильтре ДЗО' is clicked on

22-11-2024T03:06:01 - [MESSAGE][PASSED] - Object: 'Object Repository/Выручка в рублях/Снять выделение в фильтре ДЗО' is clicked on

22-11-2024T03:06:01 - [TEST_STEP][PASSED] - click(findTestObject("Выручка в рублях/Применить в фильтре ДЗО" + nameOfBlock)): Object: 'Object Repository/Выручка в рублях/Применить в фильтре ДЗО' is clicked on

22-11-2024T03:06:01 - [MESSAGE][PASSED] - Object: 'Object Repository/Выручка в рублях/Применить в фильтре ДЗО' is clicked on

22-11-2024T03:06:01 - [TEST_STEP][PASSED] - delay(50): Delayed 50 second(s)

22-11-2024T03:06:51 - [MESSAGE][PASSED] - Delayed 50 second(s)

22-11-2024T03:06:51 - [TEST_STEP][PASSED] - Script1710234207206.Tumbler(run, vir, block, nameOfBlock): null

22-11-2024T03:06:51 - [TEST_STEP][PASSED] - println("run:" + run): null

22-11-2024T03:06:51 - [TEST_STEP][PASSED] - println("vir:" + vir): null

22-11-2024T03:06:51 - [TEST_STEP][PASSED] - println("block:" + block): null

22-11-2024T03:06:51 - [TEST_STEP][PASSED] - println("nameOfBlock:" + nameOfBlock): null

22-11-2024T03:06:51 - [TEST_STEP][PASSED] - if (vir == 1): null

22-11-2024T03:06:51 - [TEST_STEP][PASSED] - if (run == 2): null

22-11-2024T03:06:51 - [TEST_STEP][PASSED] - click(findTestObject("Выручка в рублях/Фильтр ДЗО" + nameOfBlock)): Object: 'Object Repository/Выручка в рублях/Фильтр ДЗО' is clicked on

22-11-2024T03:06:52 - [MESSAGE][PASSED] - Object: 'Object Repository/Выручка в рублях/Фильтр ДЗО' is clicked on

22-11-2024T03:06:52 - [TEST_STEP][PASSED] - Script1710234207206.Rosseti(nameOfBlock): null

22-11-2024T03:06:52 - [TEST_STEP][PASSED] - println("nameOfBlock:" + nameOfBlock): null

22-11-2024T03:06:52 - [TEST_STEP][PASSED] - click(findTestObject("Выручка в рублях/ПАО Россети" + nameOfBlock)): Object: 'Object Repository/Выручка в рублях/ПАО Россети' is clicked on

22-11-2024T03:06:52 - [MESSAGE][PASSED] - Object: 'Object Repository/Выручка в рублях/ПАО Россети' is clicked on

22-11-2024T03:06:52 - [TEST_STEP][PASSED] - click(findTestObject("Выручка в рублях/Применить в фильтре ДЗО" + nameOfBlock)): Object: 'Object Repository/Выручка в рублях/Применить в фильтре ДЗО' is clicked on

22-11-2024T03:06:53 - [MESSAGE][PASSED] - Object: 'Object Repository/Выручка в рублях/Применить в фильтре ДЗО' is clicked on

22-11-2024T03:06:53 - [TEST_STEP][PASSED] - if (run == 2): null

22-11-2024T03:06:53 - [TEST_STEP][PASSED] - if (vir == 1 || vir == 2): Text of object 'Object Repository/Выручка в рублях/График План' is: '1 056 816'

22-11-2024T03:06:53 - [TEST_STEP][PASSED] - a1 = getText(findTestObject("Выручка в рублях/График План")): Text of object 'Object Repository/Выручка в рублях/График План' is: '1 056 816'

22-11-2024T03:06:55 - [MESSAGE][PASSED] - Text of object 'Object Repository/Выручка в рублях/График План' is: '1 056 816'

22-11-2024T03:06:55 - [TEST_STEP][PASSED] - if (vir == 1 || vir == 2): Text of object 'Object Repository/Выручка в рублях/График Факт' is: '1 083 641'

22-11-2024T03:06:55 - [TEST_STEP][PASSED] - a2 = getText(findTestObject("Выручка в рублях/График Факт")): Text of object 'Object Repository/Выручка в рублях/График Факт' is: '1 083 641'

22-11-2024T03:06:55 - [MESSAGE][PASSED] - Text of object 'Object Repository/Выручка в рублях/График Факт' is: '1 083 641'

22-11-2024T03:06:55 - [TEST_STEP][PASSED] - a30 = getText(findTestObject("Выручка в рублях/span1" + perc)): Text of object 'Object Repository/Выручка в рублях/span1' is: '26 824.9 млн.руб.'

22-11-2024T03:06:56 - [MESSAGE][PASSED] - Text of object 'Object Repository/Выручка в рублях/span1' is: '26 824.9 млн.руб.'

22-11-2024T03:06:56 - [TEST_STEP][PASSED] - i = a30.indexOf("млн.руб."): null

22-11-2024T03:06:56 - [TEST_STEP][PASSED] - if (i > -1): null

22-11-2024T03:06:56 - [TEST_STEP][PASSED] - a30 = a30.substring(0, i): null

22-11-2024T03:06:56 - [TEST_STEP][PASSED] - a30 = a30.replaceAll(" ", ""): null

22-11-2024T03:06:56 - [TEST_STEP][PASSED] - if (a30.contains("%")): null

22-11-2024T03:06:56 - [TEST_STEP][PASSED] - a30 = ").trim(): null

22-11-2024T03:06:56 - [TEST_STEP][PASSED] - println("a30: " + a30): null

22-11-2024T03:06:56 - [TEST_STEP][PASSED] - if (vir == 1 || vir == 2): Text of object 'Object Repository/Выручка в рублях/span2' is: '239'

22-11-2024T03:06:56 - [TEST_STEP][PASSED] - a31 = ").trim(): Text of object 'Object Repository/Выручка в рублях/span2' is: '239'

22-11-2024T03:06:56 - [MESSAGE][PASSED] - Text of object 'Object Repository/Выручка в рублях/span2' is: '239'

22-11-2024T03:06:56 - [TEST_STEP][PASSED] - if (vir == 1 || vir == 2): Text of object 'Object Repository/Выручка в рублях/span3' is: '68'

22-11-2024T03:06:56 - [TEST_STEP][PASSED] - a32 = ").trim(): Text of object 'Object Repository/Выручка в рублях/span3' is: '68'

22-11-2024T03:06:56 - [MESSAGE][PASSED] - Text of object 'Object Repository/Выручка в рублях/span3' is: '68'

22-11-2024T03:06:56 - [TEST_STEP][PASSED] - if (vir == 1 || vir == 2): Text of object 'Object Repository/Выручка в рублях/span8' is: '821'

22-11-2024T03:06:56 - [TEST_STEP][PASSED] - a33 = ").trim(): Text of object 'Object Repository/Выручка в рублях/span4' is: '25'

22-11-2024T03:06:56 - [MESSAGE][PASSED] - Text of object 'Object Repository/Выручка в рублях/span4' is: '25'

22-11-2024T03:06:56 - [TEST_STEP][PASSED] - a34 = ").trim(): Text of object 'Object Repository/Выручка в рублях/span5' is: '3 470'

22-11-2024T03:06:57 - [MESSAGE][PASSED] - Text of object 'Object Repository/Выручка в рублях/span5' is: '3 470'

22-11-2024T03:06:57 - [TEST_STEP][PASSED] - a35 = ").trim(): Text of object 'Object Repository/Выручка в рублях/span6' is: '3 855'

22-11-2024T03:06:57 - [MESSAGE][PASSED] - Text of object 'Object Repository/Выручка в рублях/span6' is: '3 855'

22-11-2024T03:06:57 - [TEST_STEP][PASSED] - a36 = ").trim(): Text of object 'Object Repository/Выручка в рублях/span7' is: '6 900'

22-11-2024T03:06:57 - [MESSAGE][PASSED] - Text of object 'Object Repository/Выручка в рублях/span7' is: '6 900'

22-11-2024T03:06:57 - [TEST_STEP][PASSED] - a37 = ").trim(): Text of object 'Object Repository/Выручка в рублях/span8' is: '821'

22-11-2024T03:06:58 - [MESSAGE][PASSED] - Text of object 'Object Repository/Выручка в рублях/span8' is: '821'

22-11-2024T03:06:58 - [TEST_STEP][PASSED] - if (vir == 1 || vir == 2): Text of object 'Object Repository/Выручка в рублях/span17' is: '1 315'

22-11-2024T03:06:58 - [TEST_STEP][PASSED] - a38 = ").trim(): Text of object 'Object Repository/Выручка в рублях/span9' is: '839'

22-11-2024T03:06:58 - [MESSAGE][PASSED] - Text of object 'Object Repository/Выручка в рублях/span9' is: '839'

22-11-2024T03:06:58 - [TEST_STEP][PASSED] - a39 = ").trim(): Text of object 'Object Repository/Выручка в рублях/span10' is: '2 116'

22-11-2024T03:06:58 - [MESSAGE][PASSED] - Text of object 'Object Repository/Выручка в рублях/span10' is: '2 116'

22-11-2024T03:06:58 - [TEST_STEP][PASSED] - a310 = ").trim(): Text of object 'Object Repository/Выручка в рублях/span11' is: '213'

22-11-2024T03:06:59 - [MESSAGE][PASSED] - Text of object 'Object Repository/Выручка в рублях/span11' is: '213'

22-11-2024T03:06:59 - [TEST_STEP][PASSED] - a311 = ").trim(): Text of object 'Object Repository/Выручка в рублях/span12' is: '-4 312'

22-11-2024T03:06:59 - [MESSAGE][PASSED] - Text of object 'Object Repository/Выручка в рублях/span12' is: '-4 312'

22-11-2024T03:06:59 - [TEST_STEP][PASSED] - a312 = ").trim(): Text of object 'Object Repository/Выручка в рублях/span13' is: '1 715'

22-11-2024T03:06:59 - [MESSAGE][PASSED] - Text of object 'Object Repository/Выручка в рублях/span13' is: '1 715'

22-11-2024T03:06:59 - [TEST_STEP][PASSED] - a313 = ").trim(): Text of object 'Object Repository/Выручка в рублях/span14' is: '1 999'

22-11-2024T03:06:59 - [MESSAGE][PASSED] - Text of object 'Object Repository/Выручка в рублях/span14' is: '1 999'

22-11-2024T03:06:59 - [TEST_STEP][PASSED] - a314 = ").trim(): Text of object 'Object Repository/Выручка в рублях/span15' is: '3 410'

22-11-2024T03:07:00 - [MESSAGE][PASSED] - Text of object 'Object Repository/Выручка в рублях/span15' is: '3 410'

22-11-2024T03:07:00 - [TEST_STEP][PASSED] - a315 = ").trim(): Text of object 'Object Repository/Выручка в рублях/span16' is: '3 873'

22-11-2024T03:07:00 - [MESSAGE][PASSED] - Text of object 'Object Repository/Выручка в рублях/span16' is: '3 873'

22-11-2024T03:07:00 - [TEST_STEP][PASSED] - a316 = ").trim(): Text of object 'Object Repository/Выручка в рублях/span17' is: '1 315'

22-11-2024T03:07:00 - [MESSAGE][PASSED] - Text of object 'Object Repository/Выручка в рублях/span17' is: '1 315'

22-11-2024T03:07:00 - [TEST_STEP][PASSED] - if (vir == 1 || vir == 2): Text of object 'Object Repository/Выручка в рублях/span18' is: '277'

22-11-2024T03:07:00 - [TEST_STEP][PASSED] - a317 = ").trim(): Text of object 'Object Repository/Выручка в рублях/span18' is: '277'

22-11-2024T03:07:01 - [MESSAGE][PASSED] - Text of object 'Object Repository/Выручка в рублях/span18' is: '277'

22-11-2024T03:07:01 - [TEST_STEP][PASSED] - block = 2: null

22-11-2024T03:07:01 - [TEST_STEP][PASSED] - nameOfBlock = " Выручка": null

22-11-2024T03:07:01 - [TEST_STEP][PASSED] - Script1710234207206.PreSettings(run, vir, block, nameOfBlock, typeOfData, todaysDate): null

22-11-2024T03:07:01 - [TEST_STEP][PASSED] - openBrowser(""): Browser is opened with url: ''

22-11-2024T03:07:01 - [MESSAGE][WARNING] - A browser is already opened. Closing browser and opening a new one

22-11-2024T03:07:01 - [MESSAGE][INFO] - Starting 'Chrome' driver

22-11-2024T03:07:01 - [MESSAGE][INFO] - Action delay is set to 0 milliseconds

22-11-2024T03:07:02 - [MESSAGE][PASSED] - Browser is opened with url: ''

22-11-2024T03:07:02 - [TEST_STEP][PASSED] - refresh(): Refresh successfully

22-11-2024T03:07:02 - [MESSAGE][PASSED] - Refresh successfully

22-11-2024T03:07:02 - [TEST_STEP][PASSED] - delay(50): Delayed 50 second(s)

22-11-2024T03:07:52 - [MESSAGE][PASSED] - Delayed 50 second(s)

22-11-2024T03:07:52 - [TEST_STEP][PASSED] - println("run:" + run): null

22-11-2024T03:07:52 - [TEST_STEP][PASSED] - println("vir:" + vir): null

22-11-2024T03:07:52 - [TEST_STEP][PASSED] - println("block:" + block): null

22-11-2024T03:07:52 - [TEST_STEP][PASSED] - if (block == 1): null

22-11-2024T03:07:52 - [TEST_STEP][PASSED] - else: null

22-11-2024T03:07:52 - [TEST_STEP][PASSED] - nameOfBlock = " Выручка": null

22-11-2024T03:07:52 - [TEST_STEP][PASSED] - println("nameOfBlock:" + nameOfBlock): null

22-11-2024T03:07:52 - [TEST_STEP][PASSED] - println("typeOfData:" + typeOfData): null

22-11-2024T03:07:52 - [TEST_STEP][PASSED] - println("todaysDate:" + todaysDate): null

22-11-2024T03:07:52 - [TEST_STEP][PASSED] - Script1710234207206.Autorization(block, nameOfBlock): null

22-11-2024T03:07:52 - [TEST_STEP][PASSED] - i = <not implemented yet for class: org.codehaus.groovy.ast.expr.EmptyExpression>: null

22-11-2024T03:07:52 - [TEST_STEP][PASSED] - ii = <not implemented yet for class: org.codehaus.groovy.ast.expr.EmptyExpression>: null

22-11-2024T03:07:52 - [TEST_STEP][PASSED] - urlData = <not implemented yet for class: org.codehaus.groovy.ast.expr.EmptyExpression>: null

22-11-2024T03:07:52 - [TEST_STEP][PASSED] - searchWord = <not implemented yet for class: org.codehaus.groovy.ast.expr.EmptyExpression>: null

22-11-2024T03:07:52 - [TEST_STEP][PASSED] - urlText = <not implemented yet for class: org.codehaus.groovy.ast.expr.EmptyExpression>: null

22-11-2024T03:07:52 - [TEST_STEP][PASSED] - println("block:" + block): null

22-11-2024T03:07:52 - [TEST_STEP][PASSED] - if (block == 1): null

22-11-2024T03:07:52 - [TEST_STEP][PASSED] - else: null

22-11-2024T03:07:52 - [TEST_STEP][PASSED] - delay(45): Delayed 45 second(s)

22-11-2024T03:08:37 - [MESSAGE][PASSED] - Delayed 45 second(s)

22-11-2024T03:08:37 - [TEST_STEP][PASSED] - nameOfBlock = " Выручка": null

22-11-2024T03:08:37 - [TEST_STEP][PASSED] - println("nameOfBlock:" + nameOfBlock): null

22-11-2024T03:08:37 - [TEST_STEP][PASSED] - if (block == 1): null

22-11-2024T03:08:37 - [TEST_STEP][PASSED] - else: Delayed 45 second(s)

22-11-2024T03:08:37 - [TEST_STEP][PASSED] - urlData = 9: null

22-11-2024T03:08:37 - [TEST_STEP][PASSED] - delay(45): Delayed 45 second(s)

22-11-2024T03:09:22 - [MESSAGE][PASSED] - Delayed 45 second(s)

22-11-2024T03:09:22 - [TEST_STEP][PASSED] - navigateToUrl(findTestData("PlanFact").getValue(10, urlData)): Navigate to 'https://bi.rosseti.digital/viewer?dashboardGuid=a1fd28b3785d443cbc4d7690a1d78e31&sheetGuid=86092a20c5984827a0c87b24cac76a50&fit=true' successfully

22-11-2024T03:09:28 - [MESSAGE][PASSED] - Navigate to 'https://bi.rosseti.digital/viewer?dashboardGuid=a1fd28b3785d443cbc4d7690a1d78e31&sheetGuid=86092a20c5984827a0c87b24cac76a50&fit=true' successfully

22-11-2024T03:09:28 - [TEST_STEP][PASSED] - urlText = getText(findTestObject("Страница авторизации/Text")): Text of object 'Object Repository/Страница авторизации/Text' is: 'Вход'

22-11-2024T03:09:31 - [MESSAGE][PASSED] - Text of object 'Object Repository/Страница авторизации/Text' is: 'Вход'

22-11-2024T03:09:31 - [TEST_STEP][PASSED] - searchWord = "Вход": null

22-11-2024T03:09:31 - [TEST_STEP][PASSED] - if (urlText == null || urlText.contains("ошибка") || urlText.contains(searchWord) == false): null

22-11-2024T03:09:31 - [TEST_STEP][PASSED] - if (verifyElementPresent(findTestObject("Страница авторизации/button_"), 30) == true): null

22-11-2024T03:09:31 - [MESSAGE][PASSED] - Object 'Object Repository/Страница авторизации/button_' is present

22-11-2024T03:09:31 - [TEST_STEP][PASSED] - setText(findTestObject("Страница авторизации/input__username"), findTestData("PlanFact").getValue(8, 1)): Text 'liazgina-di' is set on object 'Object Repository/Страница авторизации/input__username'

22-11-2024T03:09:32 - [MESSAGE][PASSED] - Text 'liazgina-di' is set on object 'Object Repository/Страница авторизации/input__username'

22-11-2024T03:09:32 - [TEST_STEP][PASSED] - setText(findTestObject("Страница авторизации/input__password"), findTestData("PlanFact").getValue(9, 1)): Text ')$%5srZ8o688Dm#q' is set on object 'Object Repository/Страница авторизации/input__password'

22-11-2024T03:09:32 - [MESSAGE][PASSED] - Text ')$%5srZ8o688Dm#q' is set on object 'Object Repository/Страница авторизации/input__password'

22-11-2024T03:09:32 - [TEST_STEP][FAILED] - click(findTestObject("Страница авторизации/button_")): Unable to click on object 'Object Repository/Страница авторизации/button_' (Root cause: com.kms.katalon.core.exception.StepFailedException: Unable to click on object 'Object Repository/Страница авторизации/button_'
	at com.kms.katalon.core.webui.keyword.internal.WebUIKeywordMain.stepFailed(WebUIKeywordMain.groovy:64)
	at com.kms.katalon.core.webui.keyword.internal.WebUIKeywordMain.runKeyword(WebUIKeywordMain.groovy:26)
	at com.kms.katalon.core.webui.keyword.builtin.ClickKeyword.click(ClickKeyword.groovy:74)
	at com.kms.katalon.core.webui.keyword.builtin.ClickKeyword.execute(ClickKeyword.groovy:40)
	at com.kms.katalon.core.keyword.internal.KeywordExecutor.executeKeywordForPlatform(KeywordExecutor.groovy:74)
	at com.kms.katalon.core.webui.keyword.WebUiBuiltInKeywords.click(WebUiBuiltInKeywords.groovy:659)
	at Выручка в рублях сверка дашбордов ПАО Россети.Autorization(Выручка в рублях сверка дашбордов ПАО Россети:693)
	at Выручка в рублях сверка дашбордов ПАО Россети.PreSettings(Выручка в рублях сверка дашбордов ПАО Россети:573)
	at Выручка в рублях сверка дашбордов ПАО Россети.Blocks(Выручка в рублях сверка дашбордов ПАО Россети:247)
	at Выручка в рублях сверка дашбордов ПАО Россети.ViruchkaChange(Выручка в рублях сверка дашбордов ПАО Россети:60)
	at Выручка в рублях сверка дашбордов ПАО Россети.run(Выручка в рублях сверка дашбордов ПАО Россети:55)
	at com.kms.katalon.core.main.ScriptEngine.run(ScriptEngine.java:194)
	at com.kms.katalon.core.main.ScriptEngine.runScriptAsRawText(ScriptEngine.java:119)
	at com.kms.katalon.core.main.TestCaseExecutor.runScript(TestCaseExecutor.java:448)
	at com.kms.katalon.core.main.TestCaseExecutor.doExecute(TestCaseExecutor.java:439)
	at com.kms.katalon.core.main.TestCaseExecutor.processExecutionPhase(TestCaseExecutor.java:418)
	at com.kms.katalon.core.main.TestCaseExecutor.accessMainPhase(TestCaseExecutor.java:410)
	at com.kms.katalon.core.main.TestCaseExecutor.execute(TestCaseExecutor.java:285)
	at com.kms.katalon.core.common.CommonExecutor.accessTestCaseMainPhase(CommonExecutor.java:65)
	at com.kms.katalon.core.main.TestSuiteExecutor.accessTestSuiteMainPhase(TestSuiteExecutor.java:150)
	at com.kms.katalon.core.main.TestSuiteExecutor.execute(TestSuiteExecutor.java:106)
	at com.kms.katalon.core.main.TestCaseMain.startTestSuite(TestCaseMain.java:180)
	at TempTestSuite1732232929817.run(TempTestSuite1732232929817.groovy:35)
	at java.base/jdk.internal.reflect.NativeMethodAccessorImpl.invoke0(Native Method)
	at java.base/jdk.internal.reflect.NativeMethodAccessorImpl.invoke(NativeMethodAccessorImpl.java:77)
	at java.base/jdk.internal.reflect.DelegatingMethodAccessorImpl.invoke(DelegatingMethodAccessorImpl.java:43)
Caused by: org.openqa.selenium.TimeoutException: timeout: Timed out receiving message from renderer: 300.000
  (Session info: chrome=131.0.6778.86)
Build info: version: '3.141.59', revision: 'unknown', time: 'unknown'
System info: host: 'UVV-WS904-D', ip: '192.168.0.19', os.name: 'Windows 10', os.arch: 'amd64', os.version: '10.0', java.version: '17.0.7'
Driver info: com.kms.katalon.selenium.driver.CChromeDriver
Capabilities {acceptInsecureCerts: false, browserName: chrome, browserVersion: 131.0.6778.86, chrome: {chromedriverVersion: 131.0.6778.69 (77e2244bbcda..., userDataDir: C:\Users\LIAZGI~1\AppData\L...}, fedcm:accounts: true, goog:chromeOptions: {debuggerAddress: localhost:50902}, javascriptEnabled: true, networkConnectionEnabled: false, pageLoadStrategy: normal, platform: WINDOWS, platformName: WINDOWS, proxy: Proxy(), setWindowRect: true, strictFileInteractability: false, timeouts: {implicit: 0, pageLoad: 300000, script: 30000}, unhandledPromptBehavior: dismiss and notify, webauthn:extension:credBlob: true, webauthn:extension:largeBlob: true, webauthn:extension:minPinLength: true, webauthn:extension:prf: true, webauthn:virtualAuthenticators: true}
Session ID: e4e5fb956fa012deec64dff42b47314d
	at java.base/jdk.internal.reflect.NativeConstructorAccessorImpl.newInstance0(Native Method)
	at java.base/jdk.internal.reflect.NativeConstructorAccessorImpl.newInstance(NativeConstructorAccessorImpl.java:77)
	at java.base/jdk.internal.reflect.DelegatingConstructorAccessorImpl.newInstance(DelegatingConstructorAccessorImpl.java:45)
	at org.openqa.selenium.remote.http.W3CHttpResponseCodec.createException(W3CHttpResponseCodec.java:187)
	at org.openqa.selenium.remote.http.W3CHttpResponseCodec.decode(W3CHttpResponseCodec.java:122)
	at org.openqa.selenium.remote.http.W3CHttpResponseCodec.decode(W3CHttpResponseCodec.java:49)
	at org.openqa.selenium.remote.HttpCommandExecutor.execute(HttpCommandExecutor.java:158)
	at org.openqa.selenium.remote.service.DriverCommandExecutor.execute(DriverCommandExecutor.java:83)
	at org.openqa.selenium.remote.RemoteWebDriver.execute(RemoteWebDriver.java:552)
	at com.kms.katalon.selenium.driver.CChromeDriver.execute(CChromeDriver.java:19)
	at org.openqa.selenium.remote.RemoteWebElement.execute(RemoteWebElement.java:285)
	at org.openqa.selenium.remote.RemoteWebElement.click(RemoteWebElement.java:84)
	at jdk.internal.reflect.GeneratedMethodAccessor15.invoke(Unknown Source)
	at java.base/jdk.internal.reflect.DelegatingMethodAccessorImpl.invoke(DelegatingMethodAccessorImpl.java:43)
	at org.openqa.selenium.support.events.EventFiringWebDriver$EventFiringWebElement.lambda$new$0(EventFiringWebDriver.java:404)
	at jdk.proxy2/jdk.proxy2.$Proxy24.click(Unknown Source)
	at org.openqa.selenium.support.events.EventFiringWebDriver$EventFiringWebElement.click(EventFiringWebDriver.java:417)
	at org.openqa.selenium.WebElement$click.call(Unknown Source)
	at com.kms.katalon.core.webui.keyword.builtin.ClickKeyword.clickUntilSuccessWithTimeout(ClickKeyword.groovy:81)
	at com.kms.katalon.core.webui.keyword.builtin.ClickKeyword.clickUntilSuccessWithTimeout(ClickKeyword.groovy)
	at jdk.internal.reflect.GeneratedMethodAccessor13.invoke(Unknown Source)
	at java.base/jdk.internal.reflect.DelegatingMethodAccessorImpl.invoke(DelegatingMethodAccessorImpl.java:43)
	at com.kms.katalon.core.webui.keyword.builtin.ClickKeyword$_click_closure1.doCall(ClickKeyword.groovy:67)
	at com.kms.katalon.core.webui.keyword.builtin.ClickKeyword$_click_closure1.call(ClickKeyword.groovy)
	at com.kms.katalon.core.webui.keyword.internal.WebUIKeywordMain.runKeyword(WebUIKeywordMain.groovy:20)
	at com.kms.katalon.core.webui.keyword.builtin.ClickKeyword.click(ClickKeyword.groovy:74)
	at com.kms.katalon.core.webui.keyword.builtin.ClickKeyword.execute(ClickKeyword.groovy:40)
	at com.kms.katalon.core.keyword.internal.KeywordExecutor.executeKeywordForPlatform(KeywordExecutor.groovy:74)
	at com.kms.katalon.core.webui.keyword.WebUiBuiltInKeywords.click(WebUiBuiltInKeywords.groovy:659)
	at Script1710234207206.Autorization(Script1710234207206.groovy:693)
	at Script1710234207206.PreSettings(Script1710234207206.groovy:573)
	at Script1710234207206.Blocks(Script1710234207206.groovy:247)
	at Script1710234207206.ViruchkaChange(Script1710234207206.groovy:60)
	at Script1710234207206.run(Script1710234207206.groovy:55)
	... 15 more
)

22-11-2024T03:14:33 - [MESSAGE][FAILED] - Unable to click on object 'Object Repository/Страница авторизации/button_' (Root cause: com.kms.katalon.core.exception.StepFailedException: Unable to click on object 'Object Repository/Страница авторизации/button_'
	at com.kms.katalon.core.webui.keyword.internal.WebUIKeywordMain.stepFailed(WebUIKeywordMain.groovy:64)
	at com.kms.katalon.core.webui.keyword.internal.WebUIKeywordMain.runKeyword(WebUIKeywordMain.groovy:26)
	at com.kms.katalon.core.webui.keyword.builtin.ClickKeyword.click(ClickKeyword.groovy:74)
	at com.kms.katalon.core.webui.keyword.builtin.ClickKeyword.execute(ClickKeyword.groovy:40)
	at com.kms.katalon.core.keyword.internal.KeywordExecutor.executeKeywordForPlatform(KeywordExecutor.groovy:74)
	at com.kms.katalon.core.webui.keyword.WebUiBuiltInKeywords.click(WebUiBuiltInKeywords.groovy:659)
	at Выручка в рублях сверка дашбордов ПАО Россети.Autorization(Выручка в рублях сверка дашбордов ПАО Россети:693)
	at Выручка в рублях сверка дашбордов ПАО Россети.PreSettings(Выручка в рублях сверка дашбордов ПАО Россети:573)
	at Выручка в рублях сверка дашбордов ПАО Россети.Blocks(Выручка в рублях сверка дашбордов ПАО Россети:247)
	at Выручка в рублях сверка дашбордов ПАО Россети.ViruchkaChange(Выручка в рублях сверка дашбордов ПАО Россети:60)
	at Выручка в рублях сверка дашбордов ПАО Россети.run(Выручка в рублях сверка дашбордов ПАО Россети:55)
	at com.kms.katalon.core.main.ScriptEngine.run(ScriptEngine.java:194)
	at com.kms.katalon.core.main.ScriptEngine.runScriptAsRawText(ScriptEngine.java:119)
	at com.kms.katalon.core.main.TestCaseExecutor.runScript(TestCaseExecutor.java:448)
	at com.kms.katalon.core.main.TestCaseExecutor.doExecute(TestCaseExecutor.java:439)
	at com.kms.katalon.core.main.TestCaseExecutor.processExecutionPhase(TestCaseExecutor.java:418)
	at com.kms.katalon.core.main.TestCaseExecutor.accessMainPhase(TestCaseExecutor.java:410)
	at com.kms.katalon.core.main.TestCaseExecutor.execute(TestCaseExecutor.java:285)
	at com.kms.katalon.core.common.CommonExecutor.accessTestCaseMainPhase(CommonExecutor.java:65)
	at com.kms.katalon.core.main.TestSuiteExecutor.accessTestSuiteMainPhase(TestSuiteExecutor.java:150)
	at com.kms.katalon.core.main.TestSuiteExecutor.execute(TestSuiteExecutor.java:106)
	at com.kms.katalon.core.main.TestCaseMain.startTestSuite(TestCaseMain.java:180)
	at TempTestSuite1732232929817.run(TempTestSuite1732232929817.groovy:35)
	at java.base/jdk.internal.reflect.NativeMethodAccessorImpl.invoke0(Native Method)
	at java.base/jdk.internal.reflect.NativeMethodAccessorImpl.invoke(NativeMethodAccessorImpl.java:77)
	at java.base/jdk.internal.reflect.DelegatingMethodAccessorImpl.invoke(DelegatingMethodAccessorImpl.java:43)
Caused by: org.openqa.selenium.TimeoutException: timeout: Timed out receiving message from renderer: 300.000
  (Session info: chrome=131.0.6778.86)
Build info: version: '3.141.59', revision: 'unknown', time: 'unknown'
System info: host: 'UVV-WS904-D', ip: '192.168.0.19', os.name: 'Windows 10', os.arch: 'amd64', os.version: '10.0', java.version: '17.0.7'
Driver info: com.kms.katalon.selenium.driver.CChromeDriver
Capabilities {acceptInsecureCerts: false, browserName: chrome, browserVersion: 131.0.6778.86, chrome: {chromedriverVersion: 131.0.6778.69 (77e2244bbcda..., userDataDir: C:\Users\LIAZGI~1\AppData\L...}, fedcm:accounts: true, goog:chromeOptions: {debuggerAddress: localhost:50902}, javascriptEnabled: true, networkConnectionEnabled: false, pageLoadStrategy: normal, platform: WINDOWS, platformName: WINDOWS, proxy: Proxy(), setWindowRect: true, strictFileInteractability: false, timeouts: {implicit: 0, pageLoad: 300000, script: 30000}, unhandledPromptBehavior: dismiss and notify, webauthn:extension:credBlob: true, webauthn:extension:largeBlob: true, webauthn:extension:minPinLength: true, webauthn:extension:prf: true, webauthn:virtualAuthenticators: true}
Session ID: e4e5fb956fa012deec64dff42b47314d
	at java.base/jdk.internal.reflect.NativeConstructorAccessorImpl.newInstance0(Native Method)
	at java.base/jdk.internal.reflect.NativeConstructorAccessorImpl.newInstance(NativeConstructorAccessorImpl.java:77)
	at java.base/jdk.internal.reflect.DelegatingConstructorAccessorImpl.newInstance(DelegatingConstructorAccessorImpl.java:45)
	at org.openqa.selenium.remote.http.W3CHttpResponseCodec.createException(W3CHttpResponseCodec.java:187)
	at org.openqa.selenium.remote.http.W3CHttpResponseCodec.decode(W3CHttpResponseCodec.java:122)
	at org.openqa.selenium.remote.http.W3CHttpResponseCodec.decode(W3CHttpResponseCodec.java:49)
	at org.openqa.selenium.remote.HttpCommandExecutor.execute(HttpCommandExecutor.java:158)
	at org.openqa.selenium.remote.service.DriverCommandExecutor.execute(DriverCommandExecutor.java:83)
	at org.openqa.selenium.remote.RemoteWebDriver.execute(RemoteWebDriver.java:552)
	at com.kms.katalon.selenium.driver.CChromeDriver.execute(CChromeDriver.java:19)
	at org.openqa.selenium.remote.RemoteWebElement.execute(RemoteWebElement.java:285)
	at org.openqa.selenium.remote.RemoteWebElement.click(RemoteWebElement.java:84)
	at jdk.internal.reflect.GeneratedMethodAccessor15.invoke(Unknown Source)
	at java.base/jdk.internal.reflect.DelegatingMethodAccessorImpl.invoke(DelegatingMethodAccessorImpl.java:43)
	at org.openqa.selenium.support.events.EventFiringWebDriver$EventFiringWebElement.lambda$new$0(EventFiringWebDriver.java:404)
	at jdk.proxy2/jdk.proxy2.$Proxy24.click(Unknown Source)
	at org.openqa.selenium.support.events.EventFiringWebDriver$EventFiringWebElement.click(EventFiringWebDriver.java:417)
	at org.openqa.selenium.WebElement$click.call(Unknown Source)
	at com.kms.katalon.core.webui.keyword.builtin.ClickKeyword.clickUntilSuccessWithTimeout(ClickKeyword.groovy:81)
	at com.kms.katalon.core.webui.keyword.builtin.ClickKeyword.clickUntilSuccessWithTimeout(ClickKeyword.groovy)
	at jdk.internal.reflect.GeneratedMethodAccessor13.invoke(Unknown Source)
	at java.base/jdk.internal.reflect.DelegatingMethodAccessorImpl.invoke(DelegatingMethodAccessorImpl.java:43)
	at com.kms.katalon.core.webui.keyword.builtin.ClickKeyword$_click_closure1.doCall(ClickKeyword.groovy:67)
	at com.kms.katalon.core.webui.keyword.builtin.ClickKeyword$_click_closure1.call(ClickKeyword.groovy)
	at com.kms.katalon.core.webui.keyword.internal.WebUIKeywordMain.runKeyword(WebUIKeywordMain.groovy:20)
	at com.kms.katalon.core.webui.keyword.builtin.ClickKeyword.click(ClickKeyword.groovy:74)
	at com.kms.katalon.core.webui.keyword.builtin.ClickKeyword.execute(ClickKeyword.groovy:40)
	at com.kms.katalon.core.keyword.internal.KeywordExecutor.executeKeywordForPlatform(KeywordExecutor.groovy:74)
	at com.kms.katalon.core.webui.keyword.WebUiBuiltInKeywords.click(WebUiBuiltInKeywords.groovy:659)
	at Script1710234207206.Autorization(Script1710234207206.groovy:693)
	at Script1710234207206.PreSettings(Script1710234207206.groovy:573)
	at Script1710234207206.Blocks(Script1710234207206.groovy:247)
	at Script1710234207206.ViruchkaChange(Script1710234207206.groovy:60)
	at Script1710234207206.run(Script1710234207206.groovy:55)
	... 15 more
)
[[ATTACHMENT|C:\\Users\\LIAZGINA-DI\\git\\SPORU\\Reports\\20241122_024849\\\u041F\u043D-\u0421\u0440-\u041F\u0442\\\u0421\u0432\u0435\u0440\u043A\u0430 \u0434\u0430\u0448\u0431\u043E\u0440\u0434\u043E\u0432 \u0438\u0437 \u0440\u0430\u0437\u043D\u044B\u0445 \u0431\u043B\u043E\u043A\u043E\u0432\\20241122_024849\\1732234473286.png]]

22-11-2024T03:14:33 - [TEST_STEP][PASSED] - delay(45): Delayed 45 second(s)

22-11-2024T03:15:18 - [MESSAGE][PASSED] - Delayed 45 second(s)

22-11-2024T03:15:18 - [TEST_STEP][PASSED] - urlText = getText(findTestObject("Страница авторизации/Text")): Text of object 'Object Repository/Страница авторизации/Text' is: 'Вход'

22-11-2024T03:15:18 - [MESSAGE][PASSED] - Text of object 'Object Repository/Страница авторизации/Text' is: 'Вход'

22-11-2024T03:15:18 - [TEST_STEP][PASSED] - searchWord = "а": null

22-11-2024T03:15:18 - [TEST_STEP][PASSED] - if (urlText.contains("ошибка") || urlText.contains(searchWord) == false): Text of object 'Object Repository/Страница авторизации/Text' is: 'Период
Январь, Февраль, Март, Апрель, Май, Июнь, Июль, Август, Сентябрь 2024 года
Выручка
Все
Выполнение плановых показателей, млн.руб.
План
Факт
Динамика
2024 год
0 млн.руб.
100 000 млн.руб.
200 000 млн.руб.
300 000 млн.руб.
400 000 млн.руб.
500 000 млн.руб.
600 000 млн.руб.
700 000 млн.руб.
800 000 млн.руб.
900 000 млн.руб.
1 000 000 млн.руб.
1 100 000 млн.руб.
1 200 000 млн.руб.
1 300 000 млн.руб.
1 056 816
1 083 641
↑
ДЗО 
Все
Подписи данных
⬤Отклонение
АО «Тываэнерго»
АО «Чеченэнерго»
Россети Волга
Россети Кубань
Россети Ленэнерго (ГК)
Россети Московский регион
Россети Северный Кавказ (ГК)
Россети Северо-Запад
Россети Сибирь (ГК)
Россети Томск
Россети Тюмень
Россети Урал (ГК)
Россети ФСК ЕЭС
Россети Центр
Россети Центр и Приволжье (ГК)
Россети Юг (ГК)
Россети Янтарь
-5 000 млн.руб.
-4 000 млн.руб.
-3 000 млн.руб.
-2 000 млн.руб.
-1 000 млн.руб.
0 млн.руб.
1 000 млн.руб.
2 000 млн.руб.
3 000 млн.руб.
4 000 млн.руб.
5 000 млн.руб.
6 000 млн.руб.
7 000 млн.руб.
8 000 млн.руб.
239
68
25
3 470
3 855
6 900
821
839
2 116
213
-4 312
1 715
1 999
3 410
3 873
1 315
277
млн.
%
Выручка
Отклонение выручки по ПАО Россети за Январь, Февраль, Март, Апрель, Май, Июнь, Июль, Август, Сентябрь 2024 года (факт/план, млн. руб)
ПАО Россети
26 824.9 млн.руб.
Статус данных
×
Просьба обратить внимание
Данные занесены не полностью
ВЫБРАННЫЕ ЗНАЧЕНИЯ ФИЛЬТРОВ
ДЗО | ПЕРИОД
ПАО Россети: [«Выбраны все филиалы по всем ДЗО по всем категориям»]
2024: [Янв, Фев, Мар, Апр, Май, Июн, Июл, Авг, Сен]
*Внутренний оборот'

22-11-2024T03:15:18 - [TEST_STEP][PASSED] - for ([urlText.contains(searchWord) == false, i < 10, (ii++)]): Text of object 'Object Repository/Страница авторизации/Text' is: 'Период
Январь, Февраль, Март, Апрель, Май, Июнь, Июль, Август, Сентябрь 2024 года
Выручка
Все
Выполнение плановых показателей, млн.руб.
План
Факт
Динамика
2024 год
0 млн.руб.
100 000 млн.руб.
200 000 млн.руб.
300 000 млн.руб.
400 000 млн.руб.
500 000 млн.руб.
600 000 млн.руб.
700 000 млн.руб.
800 000 млн.руб.
900 000 млн.руб.
1 000 000 млн.руб.
1 100 000 млн.руб.
1 200 000 млн.руб.
1 300 000 млн.руб.
1 056 816
1 083 641
↑
ДЗО 
Все
Подписи данных
⬤Отклонение
АО «Тываэнерго»
АО «Чеченэнерго»
Россети Волга
Россети Кубань
Россети Ленэнерго (ГК)
Россети Московский регион
Россети Северный Кавказ (ГК)
Россети Северо-Запад
Россети Сибирь (ГК)
Россети Томск
Россети Тюмень
Россети Урал (ГК)
Россети ФСК ЕЭС
Россети Центр
Россети Центр и Приволжье (ГК)
Россети Юг (ГК)
Россети Янтарь
-5 000 млн.руб.
-4 000 млн.руб.
-3 000 млн.руб.
-2 000 млн.руб.
-1 000 млн.руб.
0 млн.руб.
1 000 млн.руб.
2 000 млн.руб.
3 000 млн.руб.
4 000 млн.руб.
5 000 млн.руб.
6 000 млн.руб.
7 000 млн.руб.
8 000 млн.руб.
239
68
25
3 470
3 855
6 900
821
839
2 116
213
-4 312
1 715
1 999
3 410
3 873
1 315
277
млн.
%
Выручка
Отклонение выручки по ПАО Россети за Январь, Февраль, Март, Апрель, Май, Июнь, Июль, Август, Сентябрь 2024 года (факт/план, млн. руб)
ПАО Россети
26 824.9 млн.руб.
Статус данных
×
Просьба обратить внимание
Данные занесены не полностью
ВЫБРАННЫЕ ЗНАЧЕНИЯ ФИЛЬТРОВ
ДЗО | ПЕРИОД
ПАО Россети: [«Выбраны все филиалы по всем ДЗО по всем категориям»]
2024: [Янв, Фев, Мар, Апр, Май, Июн, Июл, Авг, Сен]
*Внутренний оборот'

22-11-2024T03:15:18 - [TEST_STEP][PASSED] - i = i + 1: null

22-11-2024T03:15:18 - [TEST_STEP][PASSED] - refresh(): Refresh successfully

22-11-2024T03:15:19 - [MESSAGE][PASSED] - Refresh successfully

22-11-2024T03:15:19 - [TEST_STEP][PASSED] - delay(45): Delayed 45 second(s)

22-11-2024T03:16:04 - [MESSAGE][PASSED] - Delayed 45 second(s)

22-11-2024T03:16:04 - [TEST_STEP][PASSED] - navigateToUrl(findTestData("PlanFact").getValue(10, urlData)): Navigate to 'https://bi.rosseti.digital/viewer?dashboardGuid=a1fd28b3785d443cbc4d7690a1d78e31&sheetGuid=86092a20c5984827a0c87b24cac76a50&fit=true' successfully

22-11-2024T03:16:05 - [MESSAGE][PASSED] - Navigate to 'https://bi.rosseti.digital/viewer?dashboardGuid=a1fd28b3785d443cbc4d7690a1d78e31&sheetGuid=86092a20c5984827a0c87b24cac76a50&fit=true' successfully

22-11-2024T03:16:05 - [TEST_STEP][PASSED] - delay(45): Delayed 45 second(s)

22-11-2024T03:16:50 - [MESSAGE][PASSED] - Delayed 45 second(s)

22-11-2024T03:16:50 - [TEST_STEP][PASSED] - urlText = getText(findTestObject("Страница авторизации/Text")): Text of object 'Object Repository/Страница авторизации/Text' is: 'Период
Январь, Февраль, Март, Апрель, Май, Июнь, Июль, Август, Сентябрь 2024 года
Выручка
Все
Выполнение плановых показателей, млн.руб.
План
Факт
Динамика
2024 год
0 млн.руб.
100 000 млн.руб.
200 000 млн.руб.
300 000 млн.руб.
400 000 млн.руб.
500 000 млн.руб.
600 000 млн.руб.
700 000 млн.руб.
800 000 млн.руб.
900 000 млн.руб.
1 000 000 млн.руб.
1 100 000 млн.руб.
1 200 000 млн.руб.
1 300 000 млн.руб.
1 056 816
1 083 641
↑
ДЗО 
Все
Подписи данных
⬤Отклонение
АО «Тываэнерго»
АО «Чеченэнерго»
Россети Волга
Россети Кубань
Россети Ленэнерго (ГК)
Россети Московский регион
Россети Северный Кавказ (ГК)
Россети Северо-Запад
Россети Сибирь (ГК)
Россети Томск
Россети Тюмень
Россети Урал (ГК)
Россети ФСК ЕЭС
Россети Центр
Россети Центр и Приволжье (ГК)
Россети Юг (ГК)
Россети Янтарь
-5 000 млн.руб.
-4 000 млн.руб.
-3 000 млн.руб.
-2 000 млн.руб.
-1 000 млн.руб.
0 млн.руб.
1 000 млн.руб.
2 000 млн.руб.
3 000 млн.руб.
4 000 млн.руб.
5 000 млн.руб.
6 000 млн.руб.
7 000 млн.руб.
8 000 млн.руб.
239
68
25
3 470
3 855
6 900
821
839
2 116
213
-4 312
1 715
1 999
3 410
3 873
1 315
277
млн.
%
Выручка
Отклонение выручки по ПАО Россети за Январь, Февраль, Март, Апрель, Май, Июнь, Июль, Август, Сентябрь 2024 года (факт/план, млн. руб)
ПАО Россети
26 824.9 млн.руб.
Статус данных
×
Просьба обратить внимание
Данные занесены не полностью
ВЫБРАННЫЕ ЗНАЧЕНИЯ ФИЛЬТРОВ
ДЗО | ПЕРИОД
ПАО Россети: [«Выбраны все филиалы по всем ДЗО по всем категориям»]
2024: [Янв, Фев, Мар, Апр, Май, Июн, Июл, Авг, Сен]
*Внутренний оборот'

22-11-2024T03:16:51 - [MESSAGE][PASSED] - Text of object 'Object Repository/Страница авторизации/Text' is: 'Период
Январь, Февраль, Март, Апрель, Май, Июнь, Июль, Август, Сентябрь 2024 года
Выручка
Все
Выполнение плановых показателей, млн.руб.
План
Факт
Динамика
2024 год
0 млн.руб.
100 000 млн.руб.
200 000 млн.руб.
300 000 млн.руб.
400 000 млн.руб.
500 000 млн.руб.
600 000 млн.руб.
700 000 млн.руб.
800 000 млн.руб.
900 000 млн.руб.
1 000 000 млн.руб.
1 100 000 млн.руб.
1 200 000 млн.руб.
1 300 000 млн.руб.
1 056 816
1 083 641
↑
ДЗО 
Все
Подписи данных
⬤Отклонение
АО «Тываэнерго»
АО «Чеченэнерго»
Россети Волга
Россети Кубань
Россети Ленэнерго (ГК)
Россети Московский регион
Россети Северный Кавказ (ГК)
Россети Северо-Запад
Россети Сибирь (ГК)
Россети Томск
Россети Тюмень
Россети Урал (ГК)
Россети ФСК ЕЭС
Россети Центр
Россети Центр и Приволжье (ГК)
Россети Юг (ГК)
Россети Янтарь
-5 000 млн.руб.
-4 000 млн.руб.
-3 000 млн.руб.
-2 000 млн.руб.
-1 000 млн.руб.
0 млн.руб.
1 000 млн.руб.
2 000 млн.руб.
3 000 млн.руб.
4 000 млн.руб.
5 000 млн.руб.
6 000 млн.руб.
7 000 млн.руб.
8 000 млн.руб.
239
68
25
3 470
3 855
6 900
821
839
2 116
213
-4 312
1 715
1 999
3 410
3 873
1 315
277
млн.
%
Выручка
Отклонение выручки по ПАО Россети за Январь, Февраль, Март, Апрель, Май, Июнь, Июль, Август, Сентябрь 2024 года (факт/план, млн. руб)
ПАО Россети
26 824.9 млн.руб.
Статус данных
×
Просьба обратить внимание
Данные занесены не полностью
ВЫБРАННЫЕ ЗНАЧЕНИЯ ФИЛЬТРОВ
ДЗО | ПЕРИОД
ПАО Россети: [«Выбраны все филиалы по всем ДЗО по всем категориям»]
2024: [Янв, Фев, Мар, Апр, Май, Июн, Июл, Авг, Сен]
*Внутренний оборот'

22-11-2024T03:16:51 - [TEST_STEP][PASSED] - i = i + 1: null

22-11-2024T03:16:51 - [TEST_STEP][PASSED] - refresh(): Refresh successfully

22-11-2024T03:16:52 - [MESSAGE][PASSED] - Refresh successfully

22-11-2024T03:16:52 - [TEST_STEP][PASSED] - delay(45): Delayed 45 second(s)

22-11-2024T03:17:37 - [MESSAGE][PASSED] - Delayed 45 second(s)

22-11-2024T03:17:37 - [TEST_STEP][PASSED] - navigateToUrl(findTestData("PlanFact").getValue(10, urlData)): Navigate to 'https://bi.rosseti.digital/viewer?dashboardGuid=a1fd28b3785d443cbc4d7690a1d78e31&sheetGuid=86092a20c5984827a0c87b24cac76a50&fit=true' successfully

22-11-2024T03:17:38 - [MESSAGE][PASSED] - Navigate to 'https://bi.rosseti.digital/viewer?dashboardGuid=a1fd28b3785d443cbc4d7690a1d78e31&sheetGuid=86092a20c5984827a0c87b24cac76a50&fit=true' successfully

22-11-2024T03:17:38 - [TEST_STEP][PASSED] - delay(45): Delayed 45 second(s)

22-11-2024T03:18:23 - [MESSAGE][PASSED] - Delayed 45 second(s)

22-11-2024T03:18:23 - [TEST_STEP][PASSED] - urlText = getText(findTestObject("Страница авторизации/Text")): Text of object 'Object Repository/Страница авторизации/Text' is: 'Период
Январь, Февраль, Март, Апрель, Май, Июнь, Июль, Август, Сентябрь 2024 года
Выручка
Все
Выполнение плановых показателей по ПАО Россети за Январь, Февраль, Март, Апрель, Май, Июнь, Июль, Август, Сентябрь 2024 года
План
Факт
Динамика
2024 год
0 млн.руб.
100 000 млн.руб.
200 000 млн.руб.
300 000 млн.руб.
400 000 млн.руб.
500 000 млн.руб.
600 000 млн.руб.
700 000 млн.руб.
800 000 млн.руб.
900 000 млн.руб.
1 000 000 млн.руб.
1 100 000 млн.руб.
1 200 000 млн.руб.
1 300 000 млн.руб.
1 056 816
1 083 641
↑
ДЗО 
Все
Подписи данных
⬤Отклонение
АО «Тываэнерго»
АО «Чеченэнерго»
Россети Волга
Россети Кубань
Россети Ленэнерго (ГК)
Россети Московский регион
Россети Северный Кавказ (ГК)
Россети Северо-Запад
Россети Сибирь (ГК)
Россети Томск
Россети Тюмень
Россети Урал (ГК)
Россети ФСК ЕЭС
Россети Центр
Россети Центр и Приволжье (ГК)
Россети Юг (ГК)
Россети Янтарь
-5 000 млн.руб.
-4 000 млн.руб.
-3 000 млн.руб.
-2 000 млн.руб.
-1 000 млн.руб.
0 млн.руб.
1 000 млн.руб.
2 000 млн.руб.
3 000 млн.руб.
4 000 млн.руб.
5 000 млн.руб.
6 000 млн.руб.
7 000 млн.руб.
8 000 млн.руб.
239
68
25
3 470
3 855
6 900
821
839
2 116
213
-4 312
1 715
1 999
3 410
3 873
1 315
277
млн.
%
Выручка
Отклонение выручки по ПАО Россети за Январь, Февраль, Март, Апрель, Май, Июнь, Июль, Август, Сентябрь 2024 года (факт/план, млн. руб)
ПАО Россети
26 824.9 млн.руб.
Статус данных
×
Просьба обратить внимание
Данные занесены не полностью
ВЫБРАННЫЕ ЗНАЧЕНИЯ ФИЛЬТРОВ
ДЗО | ПЕРИОД
ПАО Россети: [«Выбраны все филиалы по всем ДЗО по всем категориям»]
2024: [Янв, Фев, Мар, Апр, Май, Июн, Июл, Авг, Сен]
*Внутренний оборот'

22-11-2024T03:18:23 - [MESSAGE][PASSED] - Text of object 'Object Repository/Страница авторизации/Text' is: 'Период
Январь, Февраль, Март, Апрель, Май, Июнь, Июль, Август, Сентябрь 2024 года
Выручка
Все
Выполнение плановых показателей по ПАО Россети за Январь, Февраль, Март, Апрель, Май, Июнь, Июль, Август, Сентябрь 2024 года
План
Факт
Динамика
2024 год
0 млн.руб.
100 000 млн.руб.
200 000 млн.руб.
300 000 млн.руб.
400 000 млн.руб.
500 000 млн.руб.
600 000 млн.руб.
700 000 млн.руб.
800 000 млн.руб.
900 000 млн.руб.
1 000 000 млн.руб.
1 100 000 млн.руб.
1 200 000 млн.руб.
1 300 000 млн.руб.
1 056 816
1 083 641
↑
ДЗО 
Все
Подписи данных
⬤Отклонение
АО «Тываэнерго»
АО «Чеченэнерго»
Россети Волга
Россети Кубань
Россети Ленэнерго (ГК)
Россети Московский регион
Россети Северный Кавказ (ГК)
Россети Северо-Запад
Россети Сибирь (ГК)
Россети Томск
Россети Тюмень
Россети Урал (ГК)
Россети ФСК ЕЭС
Россети Центр
Россети Центр и Приволжье (ГК)
Россети Юг (ГК)
Россети Янтарь
-5 000 млн.руб.
-4 000 млн.руб.
-3 000 млн.руб.
-2 000 млн.руб.
-1 000 млн.руб.
0 млн.руб.
1 000 млн.руб.
2 000 млн.руб.
3 000 млн.руб.
4 000 млн.руб.
5 000 млн.руб.
6 000 млн.руб.
7 000 млн.руб.
8 000 млн.руб.
239
68
25
3 470
3 855
6 900
821
839
2 116
213
-4 312
1 715
1 999
3 410
3 873
1 315
277
млн.
%
Выручка
Отклонение выручки по ПАО Россети за Январь, Февраль, Март, Апрель, Май, Июнь, Июль, Август, Сентябрь 2024 года (факт/план, млн. руб)
ПАО Россети
26 824.9 млн.руб.
Статус данных
×
Просьба обратить внимание
Данные занесены не полностью
ВЫБРАННЫЕ ЗНАЧЕНИЯ ФИЛЬТРОВ
ДЗО | ПЕРИОД
ПАО Россети: [«Выбраны все филиалы по всем ДЗО по всем категориям»]
2024: [Янв, Фев, Мар, Апр, Май, Июн, Июл, Авг, Сен]
*Внутренний оборот'

22-11-2024T03:18:23 - [TEST_STEP][PASSED] - i = i + 1: null

22-11-2024T03:18:23 - [TEST_STEP][PASSED] - refresh(): Refresh successfully

22-11-2024T03:18:24 - [MESSAGE][PASSED] - Refresh successfully

22-11-2024T03:18:24 - [TEST_STEP][PASSED] - delay(45): Delayed 45 second(s)

22-11-2024T03:19:09 - [MESSAGE][PASSED] - Delayed 45 second(s)

22-11-2024T03:19:09 - [TEST_STEP][PASSED] - navigateToUrl(findTestData("PlanFact").getValue(10, urlData)): Navigate to 'https://bi.rosseti.digital/viewer?dashboardGuid=a1fd28b3785d443cbc4d7690a1d78e31&sheetGuid=86092a20c5984827a0c87b24cac76a50&fit=true' successfully

22-11-2024T03:19:10 - [MESSAGE][PASSED] - Navigate to 'https://bi.rosseti.digital/viewer?dashboardGuid=a1fd28b3785d443cbc4d7690a1d78e31&sheetGuid=86092a20c5984827a0c87b24cac76a50&fit=true' successfully

22-11-2024T03:19:10 - [TEST_STEP][PASSED] - delay(45): Delayed 45 second(s)

22-11-2024T03:19:55 - [MESSAGE][PASSED] - Delayed 45 second(s)

22-11-2024T03:19:55 - [TEST_STEP][PASSED] - urlText = getText(findTestObject("Страница авторизации/Text")): Text of object 'Object Repository/Страница авторизации/Text' is: 'Период
Январь, Февраль, Март, Апрель, Май, Июнь, Июль, Август, Сентябрь 2024 года
Выручка
Все
Выполнение плановых показателей по ПАО Россети за Январь, Февраль, Март, Апрель, Май, Июнь, Июль, Август, Сентябрь 2024 года
План
Факт
Динамика
2024 год
0 млн.руб.
100 000 млн.руб.
200 000 млн.руб.
300 000 млн.руб.
400 000 млн.руб.
500 000 млн.руб.
600 000 млн.руб.
700 000 млн.руб.
800 000 млн.руб.
900 000 млн.руб.
1 000 000 млн.руб.
1 100 000 млн.руб.
1 200 000 млн.руб.
1 300 000 млн.руб.
1 056 816
1 083 641
↑
ДЗО 
Все
Подписи данных
⬤Отклонение
АО «Тываэнерго»
АО «Чеченэнерго»
Россети Волга
Россети Кубань
Россети Ленэнерго (ГК)
Россети Московский регион
Россети Северный Кавказ (ГК)
Россети Северо-Запад
Россети Сибирь (ГК)
Россети Томск
Россети Тюмень
Россети Урал (ГК)
Россети ФСК ЕЭС
Россети Центр
Россети Центр и Приволжье (ГК)
Россети Юг (ГК)
Россети Янтарь
-5 000 млн.руб.
-4 000 млн.руб.
-3 000 млн.руб.
-2 000 млн.руб.
-1 000 млн.руб.
0 млн.руб.
1 000 млн.руб.
2 000 млн.руб.
3 000 млн.руб.
4 000 млн.руб.
5 000 млн.руб.
6 000 млн.руб.
7 000 млн.руб.
8 000 млн.руб.
239
68
25
3 470
3 855
6 900
821
839
2 116
213
-4 312
1 715
1 999
3 410
3 873
1 315
277
млн.
%
Выручка
Отклонение выручки по ПАО Россети за Январь, Февраль, Март, Апрель, Май, Июнь, Июль, Август, Сентябрь 2024 года (факт/план, млн. руб)
ПАО Россети
26 824.9 млн.руб.
Статус данных
×
Просьба обратить внимание
Данные занесены не полностью
ВЫБРАННЫЕ ЗНАЧЕНИЯ ФИЛЬТРОВ
ДЗО | ПЕРИОД
ПАО Россети: [«Выбраны все филиалы по всем ДЗО по всем категориям»]
2024: [Янв, Фев, Мар, Апр, Май, Июн, Июл, Авг, Сен]
*Внутренний оборот'

22-11-2024T03:20:25 - [MESSAGE][PASSED] - Text of object 'Object Repository/Страница авторизации/Text' is: 'Период
Январь, Февраль, Март, Апрель, Май, Июнь, Июль, Август, Сентябрь 2024 года
Выручка
Все
Выполнение плановых показателей по ПАО Россети за Январь, Февраль, Март, Апрель, Май, Июнь, Июль, Август, Сентябрь 2024 года
План
Факт
Динамика
2024 год
0 млн.руб.
100 000 млн.руб.
200 000 млн.руб.
300 000 млн.руб.
400 000 млн.руб.
500 000 млн.руб.
600 000 млн.руб.
700 000 млн.руб.
800 000 млн.руб.
900 000 млн.руб.
1 000 000 млн.руб.
1 100 000 млн.руб.
1 200 000 млн.руб.
1 300 000 млн.руб.
1 056 816
1 083 641
↑
ДЗО 
Все
Подписи данных
⬤Отклонение
АО «Тываэнерго»
АО «Чеченэнерго»
Россети Волга
Россети Кубань
Россети Ленэнерго (ГК)
Россети Московский регион
Россети Северный Кавказ (ГК)
Россети Северо-Запад
Россети Сибирь (ГК)
Россети Томск
Россети Тюмень
Россети Урал (ГК)
Россети ФСК ЕЭС
Россети Центр
Россети Центр и Приволжье (ГК)
Россети Юг (ГК)
Россети Янтарь
-5 000 млн.руб.
-4 000 млн.руб.
-3 000 млн.руб.
-2 000 млн.руб.
-1 000 млн.руб.
0 млн.руб.
1 000 млн.руб.
2 000 млн.руб.
3 000 млн.руб.
4 000 млн.руб.
5 000 млн.руб.
6 000 млн.руб.
7 000 млн.руб.
8 000 млн.руб.
239
68
25
3 470
3 855
6 900
821
839
2 116
213
-4 312
1 715
1 999
3 410
3 873
1 315
277
млн.
%
Выручка
Отклонение выручки по ПАО Россети за Январь, Февраль, Март, Апрель, Май, Июнь, Июль, Август, Сентябрь 2024 года (факт/план, млн. руб)
ПАО Россети
26 824.9 млн.руб.
Статус данных
×
Просьба обратить внимание
Данные занесены не полностью
ВЫБРАННЫЕ ЗНАЧЕНИЯ ФИЛЬТРОВ
ДЗО | ПЕРИОД
ПАО Россети: [«Выбраны все филиалы по всем ДЗО по всем категориям»]
2024: [Янв, Фев, Мар, Апр, Май, Июн, Июл, Авг, Сен]
*Внутренний оборот'

22-11-2024T03:20:25 - [TEST_STEP][PASSED] - i = i + 1: null

22-11-2024T03:20:25 - [TEST_STEP][PASSED] - refresh(): Refresh successfully

22-11-2024T03:20:26 - [MESSAGE][PASSED] - Refresh successfully

22-11-2024T03:20:26 - [TEST_STEP][PASSED] - delay(45): Delayed 45 second(s)

22-11-2024T03:21:11 - [MESSAGE][PASSED] - Delayed 45 second(s)

22-11-2024T03:21:11 - [TEST_STEP][PASSED] - navigateToUrl(findTestData("PlanFact").getValue(10, urlData)): Navigate to 'https://bi.rosseti.digital/viewer?dashboardGuid=a1fd28b3785d443cbc4d7690a1d78e31&sheetGuid=86092a20c5984827a0c87b24cac76a50&fit=true' successfully

22-11-2024T03:21:12 - [MESSAGE][PASSED] - Navigate to 'https://bi.rosseti.digital/viewer?dashboardGuid=a1fd28b3785d443cbc4d7690a1d78e31&sheetGuid=86092a20c5984827a0c87b24cac76a50&fit=true' successfully

22-11-2024T03:21:12 - [TEST_STEP][PASSED] - delay(45): Delayed 45 second(s)

22-11-2024T03:21:57 - [MESSAGE][PASSED] - Delayed 45 second(s)

22-11-2024T03:21:57 - [TEST_STEP][PASSED] - urlText = getText(findTestObject("Страница авторизации/Text")): Text of object 'Object Repository/Страница авторизации/Text' is: 'Период
Выбрано: 3
Выручка
Все
Выполнение плановых показателей, млн.руб.
План
Факт
Динамика
2024 год
0 млн.руб.
100 000 млн.руб.
200 000 млн.руб.
300 000 млн.руб.
400 000 млн.руб.
500 000 млн.руб.
600 000 млн.руб.
700 000 млн.руб.
800 000 млн.руб.
900 000 млн.руб.
1 000 000 млн.руб.
1 100 000 млн.руб.
1 200 000 млн.руб.
1 300 000 млн.руб.
1 056 816
1 083 641
↑
ДЗО 
Все
Подписи данных
⬤Отклонение
АО «Тываэнерго»
АО «Чеченэнерго»
Россети Волга
Россети Кубань
Россети Ленэнерго (ГК)
Россети Московский регион
Россети Северный Кавказ (ГК)
Россети Северо-Запад
Россети Сибирь (ГК)
Россети Томск
Россети Тюмень
Россети Урал (ГК)
Россети ФСК ЕЭС
Россети Центр
Россети Центр и Приволжье (ГК)
Россети Юг (ГК)
Россети Янтарь
-5 000 млн.руб.
-4 000 млн.руб.
-3 000 млн.руб.
-2 000 млн.руб.
-1 000 млн.руб.
0 млн.руб.
1 000 млн.руб.
2 000 млн.руб.
3 000 млн.руб.
4 000 млн.руб.
5 000 млн.руб.
6 000 млн.руб.
7 000 млн.руб.
8 000 млн.руб.
239
68
25
3 470
3 855
6 900
821
839
2 116
213
-4 312
1 715
1 999
3 410
3 873
1 315
277
млн.
%
Выручка
Отклонение выручки (факт/план, млн. руб) 
ПАО Россети
26 824.9 млн.руб.
Статус данных
×
Просьба обратить внимание
Данные занесены не полностью
ВЫБРАННЫЕ ЗНАЧЕНИЯ ФИЛЬТРОВ
ДЗО | ПЕРИОД
ПАО Россети: [«Выбраны все филиалы по всем ДЗО по всем категориям»]
2024: [Янв, Фев, Мар, Апр, Май, Июн, Июл, Авг, Сен]
*Внутренний оборот'

22-11-2024T03:21:58 - [MESSAGE][PASSED] - Text of object 'Object Repository/Страница авторизации/Text' is: 'Период
Выбрано: 3
Выручка
Все
Выполнение плановых показателей, млн.руб.
План
Факт
Динамика
2024 год
0 млн.руб.
100 000 млн.руб.
200 000 млн.руб.
300 000 млн.руб.
400 000 млн.руб.
500 000 млн.руб.
600 000 млн.руб.
700 000 млн.руб.
800 000 млн.руб.
900 000 млн.руб.
1 000 000 млн.руб.
1 100 000 млн.руб.
1 200 000 млн.руб.
1 300 000 млн.руб.
1 056 816
1 083 641
↑
ДЗО 
Все
Подписи данных
⬤Отклонение
АО «Тываэнерго»
АО «Чеченэнерго»
Россети Волга
Россети Кубань
Россети Ленэнерго (ГК)
Россети Московский регион
Россети Северный Кавказ (ГК)
Россети Северо-Запад
Россети Сибирь (ГК)
Россети Томск
Россети Тюмень
Россети Урал (ГК)
Россети ФСК ЕЭС
Россети Центр
Россети Центр и Приволжье (ГК)
Россети Юг (ГК)
Россети Янтарь
-5 000 млн.руб.
-4 000 млн.руб.
-3 000 млн.руб.
-2 000 млн.руб.
-1 000 млн.руб.
0 млн.руб.
1 000 млн.руб.
2 000 млн.руб.
3 000 млн.руб.
4 000 млн.руб.
5 000 млн.руб.
6 000 млн.руб.
7 000 млн.руб.
8 000 млн.руб.
239
68
25
3 470
3 855
6 900
821
839
2 116
213
-4 312
1 715
1 999
3 410
3 873
1 315
277
млн.
%
Выручка
Отклонение выручки (факт/план, млн. руб) 
ПАО Россети
26 824.9 млн.руб.
Статус данных
×
Просьба обратить внимание
Данные занесены не полностью
ВЫБРАННЫЕ ЗНАЧЕНИЯ ФИЛЬТРОВ
ДЗО | ПЕРИОД
ПАО Россети: [«Выбраны все филиалы по всем ДЗО по всем категориям»]
2024: [Янв, Фев, Мар, Апр, Май, Июн, Июл, Авг, Сен]
*Внутренний оборот'

22-11-2024T03:21:58 - [TEST_STEP][PASSED] - i = i + 1: null

22-11-2024T03:21:58 - [TEST_STEP][PASSED] - refresh(): Refresh successfully

22-11-2024T03:21:58 - [MESSAGE][PASSED] - Refresh successfully

22-11-2024T03:21:58 - [TEST_STEP][PASSED] - delay(45): Delayed 45 second(s)

22-11-2024T03:22:43 - [MESSAGE][PASSED] - Delayed 45 second(s)

22-11-2024T03:22:43 - [TEST_STEP][PASSED] - navigateToUrl(findTestData("PlanFact").getValue(10, urlData)): Navigate to 'https://bi.rosseti.digital/viewer?dashboardGuid=a1fd28b3785d443cbc4d7690a1d78e31&sheetGuid=86092a20c5984827a0c87b24cac76a50&fit=true' successfully

22-11-2024T03:22:44 - [MESSAGE][PASSED] - Navigate to 'https://bi.rosseti.digital/viewer?dashboardGuid=a1fd28b3785d443cbc4d7690a1d78e31&sheetGuid=86092a20c5984827a0c87b24cac76a50&fit=true' successfully

22-11-2024T03:22:44 - [TEST_STEP][PASSED] - delay(45): Delayed 45 second(s)

22-11-2024T03:23:29 - [MESSAGE][PASSED] - Delayed 45 second(s)

22-11-2024T03:23:29 - [TEST_STEP][PASSED] - urlText = getText(findTestObject("Страница авторизации/Text")): Text of object 'Object Repository/Страница авторизации/Text' is: 'Период
Выбрано: 3
Выручка
Все
Выполнение плановых показателей, млн.руб.
План
Факт
Динамика
2024 год
0 млн.руб.
100 000 млн.руб.
200 000 млн.руб.
300 000 млн.руб.
400 000 млн.руб.
500 000 млн.руб.
600 000 млн.руб.
700 000 млн.руб.
800 000 млн.руб.
900 000 млн.руб.
1 000 000 млн.руб.
1 100 000 млн.руб.
1 200 000 млн.руб.
1 300 000 млн.руб.
1 056 816
1 083 641
↑
ДЗО 
Все
Подписи данных
⬤Отклонение
АО «Тываэнерго»
АО «Чеченэнерго»
Россети Волга
Россети Кубань
Россети Ленэнерго (ГК)
Россети Московский регион
Россети Северный Кавказ (ГК)
Россети Северо-Запад
Россети Сибирь (ГК)
Россети Томск
Россети Тюмень
Россети Урал (ГК)
Россети ФСК ЕЭС
Россети Центр
Россети Центр и Приволжье (ГК)
Россети Юг (ГК)
Россети Янтарь
-5 000 млн.руб.
-4 000 млн.руб.
-3 000 млн.руб.
-2 000 млн.руб.
-1 000 млн.руб.
0 млн.руб.
1 000 млн.руб.
2 000 млн.руб.
3 000 млн.руб.
4 000 млн.руб.
5 000 млн.руб.
6 000 млн.руб.
7 000 млн.руб.
8 000 млн.руб.
239
68
25
3 470
3 855
6 900
821
839
2 116
213
-4 312
1 715
1 999
3 410
3 873
1 315
277
млн.
%
Выручка
Отклонение выручки (факт/план, млн. руб) 
ПАО Россети
26 824.9 млн.руб.
Статус данных
×
Просьба обратить внимание
Данные занесены не полностью
ВЫБРАННЫЕ ЗНАЧЕНИЯ ФИЛЬТРОВ
ДЗО | ПЕРИОД
ПАО Россети: [«Выбраны все филиалы по всем ДЗО по всем категориям»]
2024: [Янв, Фев, Мар, Апр, Май, Июн, Июл, Авг, Сен]
*Внутренний оборот'

22-11-2024T03:23:30 - [MESSAGE][PASSED] - Text of object 'Object Repository/Страница авторизации/Text' is: 'Период
Выбрано: 3
Выручка
Все
Выполнение плановых показателей, млн.руб.
План
Факт
Динамика
2024 год
0 млн.руб.
100 000 млн.руб.
200 000 млн.руб.
300 000 млн.руб.
400 000 млн.руб.
500 000 млн.руб.
600 000 млн.руб.
700 000 млн.руб.
800 000 млн.руб.
900 000 млн.руб.
1 000 000 млн.руб.
1 100 000 млн.руб.
1 200 000 млн.руб.
1 300 000 млн.руб.
1 056 816
1 083 641
↑
ДЗО 
Все
Подписи данных
⬤Отклонение
АО «Тываэнерго»
АО «Чеченэнерго»
Россети Волга
Россети Кубань
Россети Ленэнерго (ГК)
Россети Московский регион
Россети Северный Кавказ (ГК)
Россети Северо-Запад
Россети Сибирь (ГК)
Россети Томск
Россети Тюмень
Россети Урал (ГК)
Россети ФСК ЕЭС
Россети Центр
Россети Центр и Приволжье (ГК)
Россети Юг (ГК)
Россети Янтарь
-5 000 млн.руб.
-4 000 млн.руб.
-3 000 млн.руб.
-2 000 млн.руб.
-1 000 млн.руб.
0 млн.руб.
1 000 млн.руб.
2 000 млн.руб.
3 000 млн.руб.
4 000 млн.руб.
5 000 млн.руб.
6 000 млн.руб.
7 000 млн.руб.
8 000 млн.руб.
239
68
25
3 470
3 855
6 900
821
839
2 116
213
-4 312
1 715
1 999
3 410
3 873
1 315
277
млн.
%
Выручка
Отклонение выручки (факт/план, млн. руб) 
ПАО Россети
26 824.9 млн.руб.
Статус данных
×
Просьба обратить внимание
Данные занесены не полностью
ВЫБРАННЫЕ ЗНАЧЕНИЯ ФИЛЬТРОВ
ДЗО | ПЕРИОД
ПАО Россети: [«Выбраны все филиалы по всем ДЗО по всем категориям»]
2024: [Янв, Фев, Мар, Апр, Май, Июн, Июл, Авг, Сен]
*Внутренний оборот'

22-11-2024T03:23:30 - [TEST_STEP][PASSED] - i = i + 1: null

22-11-2024T03:23:30 - [TEST_STEP][PASSED] - refresh(): Refresh successfully

22-11-2024T03:23:31 - [MESSAGE][PASSED] - Refresh successfully

22-11-2024T03:23:31 - [TEST_STEP][PASSED] - delay(45): Delayed 45 second(s)

22-11-2024T03:24:16 - [MESSAGE][PASSED] - Delayed 45 second(s)

22-11-2024T03:24:16 - [TEST_STEP][PASSED] - navigateToUrl(findTestData("PlanFact").getValue(10, urlData)): Navigate to 'https://bi.rosseti.digital/viewer?dashboardGuid=a1fd28b3785d443cbc4d7690a1d78e31&sheetGuid=86092a20c5984827a0c87b24cac76a50&fit=true' successfully

22-11-2024T03:24:17 - [MESSAGE][PASSED] - Navigate to 'https://bi.rosseti.digital/viewer?dashboardGuid=a1fd28b3785d443cbc4d7690a1d78e31&sheetGuid=86092a20c5984827a0c87b24cac76a50&fit=true' successfully

22-11-2024T03:24:17 - [TEST_STEP][PASSED] - delay(45): Delayed 45 second(s)

22-11-2024T03:25:02 - [MESSAGE][PASSED] - Delayed 45 second(s)

22-11-2024T03:25:02 - [TEST_STEP][PASSED] - urlText = getText(findTestObject("Страница авторизации/Text")): Text of object 'Object Repository/Страница авторизации/Text' is: 'Период
Январь, Февраль, Март, Апрель, Май, Июнь, Июль, Август, Сентябрь 2024 года
Выручка
Все
Выполнение плановых показателей по ПАО Россети за Январь, Февраль, Март, Апрель, Май, Июнь, Июль, Август, Сентябрь 2024 года
План
Факт
Динамика
2024 год
0 млн.руб.
100 000 млн.руб.
200 000 млн.руб.
300 000 млн.руб.
400 000 млн.руб.
500 000 млн.руб.
600 000 млн.руб.
700 000 млн.руб.
800 000 млн.руб.
900 000 млн.руб.
1 000 000 млн.руб.
1 100 000 млн.руб.
1 200 000 млн.руб.
1 300 000 млн.руб.
1 056 816
1 083 641
↑
ДЗО 
Все
Подписи данных
⬤Отклонение
АО «Тываэнерго»
АО «Чеченэнерго»
Россети Волга
Россети Кубань
Россети Ленэнерго (ГК)
Россети Московский регион
Россети Северный Кавказ (ГК)
Россети Северо-Запад
Россети Сибирь (ГК)
Россети Томск
Россети Тюмень
Россети Урал (ГК)
Россети ФСК ЕЭС
Россети Центр
Россети Центр и Приволжье (ГК)
Россети Юг (ГК)
Россети Янтарь
-5 000 млн.руб.
-4 000 млн.руб.
-3 000 млн.руб.
-2 000 млн.руб.
-1 000 млн.руб.
0 млн.руб.
1 000 млн.руб.
2 000 млн.руб.
3 000 млн.руб.
4 000 млн.руб.
5 000 млн.руб.
6 000 млн.руб.
7 000 млн.руб.
8 000 млн.руб.
239
68
25
3 470
3 855
6 900
821
839
2 116
213
-4 312
1 715
1 999
3 410
3 873
1 315
277
млн.
%
Выручка
Отклонение выручки по ПАО Россети за Январь, Февраль, Март, Апрель, Май, Июнь, Июль, Август, Сентябрь 2024 года (факт/план, млн. руб)
ПАО Россети
26 824.9 млн.руб.
Статус данных
×
Просьба обратить внимание
Данные занесены не полностью
ВЫБРАННЫЕ ЗНАЧЕНИЯ ФИЛЬТРОВ
ДЗО | ПЕРИОД
ПАО Россети: [«Выбраны все филиалы по всем ДЗО по всем категориям»]
2024: [Янв, Фев, Мар, Апр, Май, Июн, Июл, Авг, Сен]
*Внутренний оборот'

22-11-2024T03:25:02 - [MESSAGE][PASSED] - Text of object 'Object Repository/Страница авторизации/Text' is: 'Период
Январь, Февраль, Март, Апрель, Май, Июнь, Июль, Август, Сентябрь 2024 года
Выручка
Все
Выполнение плановых показателей по ПАО Россети за Январь, Февраль, Март, Апрель, Май, Июнь, Июль, Август, Сентябрь 2024 года
План
Факт
Динамика
2024 год
0 млн.руб.
100 000 млн.руб.
200 000 млн.руб.
300 000 млн.руб.
400 000 млн.руб.
500 000 млн.руб.
600 000 млн.руб.
700 000 млн.руб.
800 000 млн.руб.
900 000 млн.руб.
1 000 000 млн.руб.
1 100 000 млн.руб.
1 200 000 млн.руб.
1 300 000 млн.руб.
1 056 816
1 083 641
↑
ДЗО 
Все
Подписи данных
⬤Отклонение
АО «Тываэнерго»
АО «Чеченэнерго»
Россети Волга
Россети Кубань
Россети Ленэнерго (ГК)
Россети Московский регион
Россети Северный Кавказ (ГК)
Россети Северо-Запад
Россети Сибирь (ГК)
Россети Томск
Россети Тюмень
Россети Урал (ГК)
Россети ФСК ЕЭС
Россети Центр
Россети Центр и Приволжье (ГК)
Россети Юг (ГК)
Россети Янтарь
-5 000 млн.руб.
-4 000 млн.руб.
-3 000 млн.руб.
-2 000 млн.руб.
-1 000 млн.руб.
0 млн.руб.
1 000 млн.руб.
2 000 млн.руб.
3 000 млн.руб.
4 000 млн.руб.
5 000 млн.руб.
6 000 млн.руб.
7 000 млн.руб.
8 000 млн.руб.
239
68
25
3 470
3 855
6 900
821
839
2 116
213
-4 312
1 715
1 999
3 410
3 873
1 315
277
млн.
%
Выручка
Отклонение выручки по ПАО Россети за Январь, Февраль, Март, Апрель, Май, Июнь, Июль, Август, Сентябрь 2024 года (факт/план, млн. руб)
ПАО Россети
26 824.9 млн.руб.
Статус данных
×
Просьба обратить внимание
Данные занесены не полностью
ВЫБРАННЫЕ ЗНАЧЕНИЯ ФИЛЬТРОВ
ДЗО | ПЕРИОД
ПАО Россети: [«Выбраны все филиалы по всем ДЗО по всем категориям»]
2024: [Янв, Фев, Мар, Апр, Май, Июн, Июл, Авг, Сен]
*Внутренний оборот'

22-11-2024T03:25:02 - [TEST_STEP][PASSED] - i = i + 1: null

22-11-2024T03:25:02 - [TEST_STEP][PASSED] - refresh(): Refresh successfully

22-11-2024T03:25:03 - [MESSAGE][PASSED] - Refresh successfully

22-11-2024T03:25:03 - [TEST_STEP][PASSED] - delay(45): Delayed 45 second(s)

22-11-2024T03:25:48 - [MESSAGE][PASSED] - Delayed 45 second(s)

22-11-2024T03:25:48 - [TEST_STEP][PASSED] - navigateToUrl(findTestData("PlanFact").getValue(10, urlData)): Navigate to 'https://bi.rosseti.digital/viewer?dashboardGuid=a1fd28b3785d443cbc4d7690a1d78e31&sheetGuid=86092a20c5984827a0c87b24cac76a50&fit=true' successfully

22-11-2024T03:25:49 - [MESSAGE][PASSED] - Navigate to 'https://bi.rosseti.digital/viewer?dashboardGuid=a1fd28b3785d443cbc4d7690a1d78e31&sheetGuid=86092a20c5984827a0c87b24cac76a50&fit=true' successfully

22-11-2024T03:25:49 - [TEST_STEP][PASSED] - delay(45): Delayed 45 second(s)

22-11-2024T03:26:34 - [MESSAGE][PASSED] - Delayed 45 second(s)

22-11-2024T03:26:34 - [TEST_STEP][PASSED] - urlText = getText(findTestObject("Страница авторизации/Text")): Text of object 'Object Repository/Страница авторизации/Text' is: 'Период
Январь, Февраль, Март, Апрель, Май, Июнь, Июль, Август, Сентябрь 2024 года
Выручка
Все
Выполнение плановых показателей по ПАО Россети за Январь, Февраль, Март, Апрель, Май, Июнь, Июль, Август, Сентябрь 2024 года
План
Факт
Динамика
2024 год
0 млн.руб.
100 000 млн.руб.
200 000 млн.руб.
300 000 млн.руб.
400 000 млн.руб.
500 000 млн.руб.
600 000 млн.руб.
700 000 млн.руб.
800 000 млн.руб.
900 000 млн.руб.
1 000 000 млн.руб.
1 100 000 млн.руб.
1 200 000 млн.руб.
1 300 000 млн.руб.
1 056 816
1 083 641
↑
ДЗО 
Все
Подписи данных
⬤Отклонение
АО «Тываэнерго»
АО «Чеченэнерго»
Россети Волга
Россети Кубань
Россети Ленэнерго (ГК)
Россети Московский регион
Россети Северный Кавказ (ГК)
Россети Северо-Запад
Россети Сибирь (ГК)
Россети Томск
Россети Тюмень
Россети Урал (ГК)
Россети ФСК ЕЭС
Россети Центр
Россети Центр и Приволжье (ГК)
Россети Юг (ГК)
Россети Янтарь
-5 000 млн.руб.
-4 000 млн.руб.
-3 000 млн.руб.
-2 000 млн.руб.
-1 000 млн.руб.
0 млн.руб.
1 000 млн.руб.
2 000 млн.руб.
3 000 млн.руб.
4 000 млн.руб.
5 000 млн.руб.
6 000 млн.руб.
7 000 млн.руб.
8 000 млн.руб.
239
68
25
3 470
3 855
6 900
821
839
2 116
213
-4 312
1 715
1 999
3 410
3 873
1 315
277
млн.
%
Выручка
Отклонение выручки по ПАО Россети за Январь, Февраль, Март, Апрель, Май, Июнь, Июль, Август, Сентябрь 2024 года (факт/план, млн. руб)
ПАО Россети
26 824.9 млн.руб.
Статус данных
×
Просьба обратить внимание
Данные занесены не полностью
ВЫБРАННЫЕ ЗНАЧЕНИЯ ФИЛЬТРОВ
ДЗО | ПЕРИОД
ПАО Россети: [«Выбраны все филиалы по всем ДЗО по всем категориям»]
2024: [Янв, Фев, Мар, Апр, Май, Июн, Июл, Авг, Сен]
*Внутренний оборот'

22-11-2024T03:26:35 - [MESSAGE][PASSED] - Text of object 'Object Repository/Страница авторизации/Text' is: 'Период
Январь, Февраль, Март, Апрель, Май, Июнь, Июль, Август, Сентябрь 2024 года
Выручка
Все
Выполнение плановых показателей по ПАО Россети за Январь, Февраль, Март, Апрель, Май, Июнь, Июль, Август, Сентябрь 2024 года
План
Факт
Динамика
2024 год
0 млн.руб.
100 000 млн.руб.
200 000 млн.руб.
300 000 млн.руб.
400 000 млн.руб.
500 000 млн.руб.
600 000 млн.руб.
700 000 млн.руб.
800 000 млн.руб.
900 000 млн.руб.
1 000 000 млн.руб.
1 100 000 млн.руб.
1 200 000 млн.руб.
1 300 000 млн.руб.
1 056 816
1 083 641
↑
ДЗО 
Все
Подписи данных
⬤Отклонение
АО «Тываэнерго»
АО «Чеченэнерго»
Россети Волга
Россети Кубань
Россети Ленэнерго (ГК)
Россети Московский регион
Россети Северный Кавказ (ГК)
Россети Северо-Запад
Россети Сибирь (ГК)
Россети Томск
Россети Тюмень
Россети Урал (ГК)
Россети ФСК ЕЭС
Россети Центр
Россети Центр и Приволжье (ГК)
Россети Юг (ГК)
Россети Янтарь
-5 000 млн.руб.
-4 000 млн.руб.
-3 000 млн.руб.
-2 000 млн.руб.
-1 000 млн.руб.
0 млн.руб.
1 000 млн.руб.
2 000 млн.руб.
3 000 млн.руб.
4 000 млн.руб.
5 000 млн.руб.
6 000 млн.руб.
7 000 млн.руб.
8 000 млн.руб.
239
68
25
3 470
3 855
6 900
821
839
2 116
213
-4 312
1 715
1 999
3 410
3 873
1 315
277
млн.
%
Выручка
Отклонение выручки по ПАО Россети за Январь, Февраль, Март, Апрель, Май, Июнь, Июль, Август, Сентябрь 2024 года (факт/план, млн. руб)
ПАО Россети
26 824.9 млн.руб.
Статус данных
×
Просьба обратить внимание
Данные занесены не полностью
ВЫБРАННЫЕ ЗНАЧЕНИЯ ФИЛЬТРОВ
ДЗО | ПЕРИОД
ПАО Россети: [«Выбраны все филиалы по всем ДЗО по всем категориям»]
2024: [Янв, Фев, Мар, Апр, Май, Июн, Июл, Авг, Сен]
*Внутренний оборот'

22-11-2024T03:26:35 - [TEST_STEP][PASSED] - i = i + 1: null

22-11-2024T03:26:35 - [TEST_STEP][PASSED] - refresh(): Refresh successfully

22-11-2024T03:26:35 - [MESSAGE][PASSED] - Refresh successfully

22-11-2024T03:26:35 - [TEST_STEP][PASSED] - delay(45): Delayed 45 second(s)

22-11-2024T03:27:20 - [MESSAGE][PASSED] - Delayed 45 second(s)

22-11-2024T03:27:20 - [TEST_STEP][PASSED] - navigateToUrl(findTestData("PlanFact").getValue(10, urlData)): Navigate to 'https://bi.rosseti.digital/viewer?dashboardGuid=a1fd28b3785d443cbc4d7690a1d78e31&sheetGuid=86092a20c5984827a0c87b24cac76a50&fit=true' successfully

22-11-2024T03:27:21 - [MESSAGE][PASSED] - Navigate to 'https://bi.rosseti.digital/viewer?dashboardGuid=a1fd28b3785d443cbc4d7690a1d78e31&sheetGuid=86092a20c5984827a0c87b24cac76a50&fit=true' successfully

22-11-2024T03:27:21 - [TEST_STEP][PASSED] - delay(45): Delayed 45 second(s)

22-11-2024T03:28:06 - [MESSAGE][PASSED] - Delayed 45 second(s)

22-11-2024T03:28:06 - [TEST_STEP][PASSED] - urlText = getText(findTestObject("Страница авторизации/Text")): Text of object 'Object Repository/Страница авторизации/Text' is: 'Период
Январь, Февраль, Март, Апрель, Май, Июнь, Июль, Август, Сентябрь 2024 года
Выручка
Все
Выполнение плановых показателей, млн.руб.
План
Факт
Динамика
2024 год
0 млн.руб.
100 000 млн.руб.
200 000 млн.руб.
300 000 млн.руб.
400 000 млн.руб.
500 000 млн.руб.
600 000 млн.руб.
700 000 млн.руб.
800 000 млн.руб.
900 000 млн.руб.
1 000 000 млн.руб.
1 100 000 млн.руб.
1 200 000 млн.руб.
1 300 000 млн.руб.
1 056 816
1 083 641
↑
ДЗО 
Все
Подписи данных
⬤Отклонение
АО «Тываэнерго»
АО «Чеченэнерго»
Россети Волга
Россети Кубань
Россети Ленэнерго (ГК)
Россети Московский регион
Россети Северный Кавказ (ГК)
Россети Северо-Запад
Россети Сибирь (ГК)
Россети Томск
Россети Тюмень
Россети Урал (ГК)
Россети ФСК ЕЭС
Россети Центр
Россети Центр и Приволжье (ГК)
Россети Юг (ГК)
Россети Янтарь
-5 000 млн.руб.
-4 000 млн.руб.
-3 000 млн.руб.
-2 000 млн.руб.
-1 000 млн.руб.
0 млн.руб.
1 000 млн.руб.
2 000 млн.руб.
3 000 млн.руб.
4 000 млн.руб.
5 000 млн.руб.
6 000 млн.руб.
7 000 млн.руб.
8 000 млн.руб.
239
68
25
3 470
3 855
6 900
821
839
2 116
213
-4 312
1 715
1 999
3 410
3 873
1 315
277
млн.
%
Выручка
Отклонение выручки по ПАО Россети за Январь, Февраль, Март, Апрель, Май, Июнь, Июль, Август, Сентябрь 2024 года (факт/план, млн. руб)
ПАО Россети
26 824.9 млн.руб.
Статус данных
×
Просьба обратить внимание
Данные занесены не полностью
ВЫБРАННЫЕ ЗНАЧЕНИЯ ФИЛЬТРОВ
ДЗО | ПЕРИОД
ПАО Россети: [«Выбраны все филиалы по всем ДЗО по всем категориям»]
2024: [Янв, Фев, Мар, Апр, Май, Июн, Июл, Авг, Сен]
*Внутренний оборот'

22-11-2024T03:28:07 - [MESSAGE][PASSED] - Text of object 'Object Repository/Страница авторизации/Text' is: 'Период
Январь, Февраль, Март, Апрель, Май, Июнь, Июль, Август, Сентябрь 2024 года
Выручка
Все
Выполнение плановых показателей, млн.руб.
План
Факт
Динамика
2024 год
0 млн.руб.
100 000 млн.руб.
200 000 млн.руб.
300 000 млн.руб.
400 000 млн.руб.
500 000 млн.руб.
600 000 млн.руб.
700 000 млн.руб.
800 000 млн.руб.
900 000 млн.руб.
1 000 000 млн.руб.
1 100 000 млн.руб.
1 200 000 млн.руб.
1 300 000 млн.руб.
1 056 816
1 083 641
↑
ДЗО 
Все
Подписи данных
⬤Отклонение
АО «Тываэнерго»
АО «Чеченэнерго»
Россети Волга
Россети Кубань
Россети Ленэнерго (ГК)
Россети Московский регион
Россети Северный Кавказ (ГК)
Россети Северо-Запад
Россети Сибирь (ГК)
Россети Томск
Россети Тюмень
Россети Урал (ГК)
Россети ФСК ЕЭС
Россети Центр
Россети Центр и Приволжье (ГК)
Россети Юг (ГК)
Россети Янтарь
-5 000 млн.руб.
-4 000 млн.руб.
-3 000 млн.руб.
-2 000 млн.руб.
-1 000 млн.руб.
0 млн.руб.
1 000 млн.руб.
2 000 млн.руб.
3 000 млн.руб.
4 000 млн.руб.
5 000 млн.руб.
6 000 млн.руб.
7 000 млн.руб.
8 000 млн.руб.
239
68
25
3 470
3 855
6 900
821
839
2 116
213
-4 312
1 715
1 999
3 410
3 873
1 315
277
млн.
%
Выручка
Отклонение выручки по ПАО Россети за Январь, Февраль, Март, Апрель, Май, Июнь, Июль, Август, Сентябрь 2024 года (факт/план, млн. руб)
ПАО Россети
26 824.9 млн.руб.
Статус данных
×
Просьба обратить внимание
Данные занесены не полностью
ВЫБРАННЫЕ ЗНАЧЕНИЯ ФИЛЬТРОВ
ДЗО | ПЕРИОД
ПАО Россети: [«Выбраны все филиалы по всем ДЗО по всем категориям»]
2024: [Янв, Фев, Мар, Апр, Май, Июн, Июл, Авг, Сен]
*Внутренний оборот'

22-11-2024T03:28:07 - [TEST_STEP][PASSED] - i = i + 1: null

22-11-2024T03:28:07 - [TEST_STEP][PASSED] - refresh(): Refresh successfully

22-11-2024T03:28:07 - [MESSAGE][PASSED] - Refresh successfully

22-11-2024T03:28:07 - [TEST_STEP][PASSED] - delay(45): Delayed 45 second(s)

22-11-2024T03:28:52 - [MESSAGE][PASSED] - Delayed 45 second(s)

22-11-2024T03:28:52 - [TEST_STEP][PASSED] - navigateToUrl(findTestData("PlanFact").getValue(10, urlData)): Navigate to 'https://bi.rosseti.digital/viewer?dashboardGuid=a1fd28b3785d443cbc4d7690a1d78e31&sheetGuid=86092a20c5984827a0c87b24cac76a50&fit=true' successfully

22-11-2024T03:28:53 - [MESSAGE][PASSED] - Navigate to 'https://bi.rosseti.digital/viewer?dashboardGuid=a1fd28b3785d443cbc4d7690a1d78e31&sheetGuid=86092a20c5984827a0c87b24cac76a50&fit=true' successfully

22-11-2024T03:28:53 - [TEST_STEP][PASSED] - delay(45): Delayed 45 second(s)

22-11-2024T03:29:38 - [MESSAGE][PASSED] - Delayed 45 second(s)

22-11-2024T03:29:38 - [TEST_STEP][PASSED] - urlText = getText(findTestObject("Страница авторизации/Text")): Text of object 'Object Repository/Страница авторизации/Text' is: 'Период
Январь, Февраль, Март, Апрель, Май, Июнь, Июль, Август, Сентябрь 2024 года
Выручка
Все
Выполнение плановых показателей по ПАО Россети за Январь, Февраль, Март, Апрель, Май, Июнь, Июль, Август, Сентябрь 2024 года
План
Факт
Динамика
2024 год
0 млн.руб.
100 000 млн.руб.
200 000 млн.руб.
300 000 млн.руб.
400 000 млн.руб.
500 000 млн.руб.
600 000 млн.руб.
700 000 млн.руб.
800 000 млн.руб.
900 000 млн.руб.
1 000 000 млн.руб.
1 100 000 млн.руб.
1 200 000 млн.руб.
1 300 000 млн.руб.
1 056 816
1 083 641
↑
ДЗО 
Все
Подписи данных
⬤Отклонение
АО «Тываэнерго»
АО «Чеченэнерго»
Россети Волга
Россети Кубань
Россети Ленэнерго (ГК)
Россети Московский регион
Россети Северный Кавказ (ГК)
Россети Северо-Запад
Россети Сибирь (ГК)
Россети Томск
Россети Тюмень
Россети Урал (ГК)
Россети ФСК ЕЭС
Россети Центр
Россети Центр и Приволжье (ГК)
Россети Юг (ГК)
Россети Янтарь
-5 000 млн.руб.
-4 000 млн.руб.
-3 000 млн.руб.
-2 000 млн.руб.
-1 000 млн.руб.
0 млн.руб.
1 000 млн.руб.
2 000 млн.руб.
3 000 млн.руб.
4 000 млн.руб.
5 000 млн.руб.
6 000 млн.руб.
7 000 млн.руб.
8 000 млн.руб.
239
68
25
3 470
3 855
6 900
821
839
2 116
213
-4 312
1 715
1 999
3 410
3 873
1 315
277
млн.
%
Выручка
Отклонение выручки по ПАО Россети за Январь, Февраль, Март, Апрель, Май, Июнь, Июль, Август, Сентябрь 2024 года (факт/план, млн. руб)
ПАО Россети
26 824.9 млн.руб.
Статус данных
×
Просьба обратить внимание
Данные занесены не полностью
ВЫБРАННЫЕ ЗНАЧЕНИЯ ФИЛЬТРОВ
ДЗО | ПЕРИОД
ПАО Россети: [«Выбраны все филиалы по всем ДЗО по всем категориям»]
2024: [Янв, Фев, Мар, Апр, Май, Июн, Июл, Авг, Сен]
*Внутренний оборот'

22-11-2024T03:29:39 - [MESSAGE][PASSED] - Text of object 'Object Repository/Страница авторизации/Text' is: 'Период
Январь, Февраль, Март, Апрель, Май, Июнь, Июль, Август, Сентябрь 2024 года
Выручка
Все
Выполнение плановых показателей по ПАО Россети за Январь, Февраль, Март, Апрель, Май, Июнь, Июль, Август, Сентябрь 2024 года
План
Факт
Динамика
2024 год
0 млн.руб.
100 000 млн.руб.
200 000 млн.руб.
300 000 млн.руб.
400 000 млн.руб.
500 000 млн.руб.
600 000 млн.руб.
700 000 млн.руб.
800 000 млн.руб.
900 000 млн.руб.
1 000 000 млн.руб.
1 100 000 млн.руб.
1 200 000 млн.руб.
1 300 000 млн.руб.
1 056 816
1 083 641
↑
ДЗО 
Все
Подписи данных
⬤Отклонение
АО «Тываэнерго»
АО «Чеченэнерго»
Россети Волга
Россети Кубань
Россети Ленэнерго (ГК)
Россети Московский регион
Россети Северный Кавказ (ГК)
Россети Северо-Запад
Россети Сибирь (ГК)
Россети Томск
Россети Тюмень
Россети Урал (ГК)
Россети ФСК ЕЭС
Россети Центр
Россети Центр и Приволжье (ГК)
Россети Юг (ГК)
Россети Янтарь
-5 000 млн.руб.
-4 000 млн.руб.
-3 000 млн.руб.
-2 000 млн.руб.
-1 000 млн.руб.
0 млн.руб.
1 000 млн.руб.
2 000 млн.руб.
3 000 млн.руб.
4 000 млн.руб.
5 000 млн.руб.
6 000 млн.руб.
7 000 млн.руб.
8 000 млн.руб.
239
68
25
3 470
3 855
6 900
821
839
2 116
213
-4 312
1 715
1 999
3 410
3 873
1 315
277
млн.
%
Выручка
Отклонение выручки по ПАО Россети за Январь, Февраль, Март, Апрель, Май, Июнь, Июль, Август, Сентябрь 2024 года (факт/план, млн. руб)
ПАО Россети
26 824.9 млн.руб.
Статус данных
×
Просьба обратить внимание
Данные занесены не полностью
ВЫБРАННЫЕ ЗНАЧЕНИЯ ФИЛЬТРОВ
ДЗО | ПЕРИОД
ПАО Россети: [«Выбраны все филиалы по всем ДЗО по всем категориям»]
2024: [Янв, Фев, Мар, Апр, Май, Июн, Июл, Авг, Сен]
*Внутренний оборот'

22-11-2024T03:29:39 - [TEST_STEP][PASSED] - i = i + 1: null

22-11-2024T03:29:39 - [TEST_STEP][PASSED] - refresh(): Refresh successfully

22-11-2024T03:29:40 - [MESSAGE][PASSED] - Refresh successfully

22-11-2024T03:29:40 - [TEST_STEP][PASSED] - delay(45): Delayed 45 second(s)

22-11-2024T03:30:25 - [MESSAGE][PASSED] - Delayed 45 second(s)

22-11-2024T03:30:25 - [TEST_STEP][PASSED] - navigateToUrl(findTestData("PlanFact").getValue(10, urlData)): Navigate to 'https://bi.rosseti.digital/viewer?dashboardGuid=a1fd28b3785d443cbc4d7690a1d78e31&sheetGuid=86092a20c5984827a0c87b24cac76a50&fit=true' successfully

22-11-2024T03:30:43 - [MESSAGE][PASSED] - Navigate to 'https://bi.rosseti.digital/viewer?dashboardGuid=a1fd28b3785d443cbc4d7690a1d78e31&sheetGuid=86092a20c5984827a0c87b24cac76a50&fit=true' successfully

22-11-2024T03:30:43 - [TEST_STEP][PASSED] - delay(45): Delayed 45 second(s)

22-11-2024T03:31:28 - [MESSAGE][PASSED] - Delayed 45 second(s)

22-11-2024T03:31:28 - [TEST_STEP][PASSED] - urlText = getText(findTestObject("Страница авторизации/Text")): Text of object 'Object Repository/Страница авторизации/Text' is: 'Период
Январь, Февраль, Март, Апрель, Май, Июнь, Июль, Август, Сентябрь 2024 года
Выручка
Все
Выполнение плановых показателей, млн.руб.
План
Факт
Динамика
2024 год
0 млн.руб.
100 000 млн.руб.
200 000 млн.руб.
300 000 млн.руб.
400 000 млн.руб.
500 000 млн.руб.
600 000 млн.руб.
700 000 млн.руб.
800 000 млн.руб.
900 000 млн.руб.
1 000 000 млн.руб.
1 100 000 млн.руб.
1 200 000 млн.руб.
1 300 000 млн.руб.
1 056 816
1 083 641
↑
ДЗО 
Все
Подписи данных
⬤Отклонение
АО «Тываэнерго»
АО «Чеченэнерго»
Россети Волга
Россети Кубань
Россети Ленэнерго (ГК)
Россети Московский регион
Россети Северный Кавказ (ГК)
Россети Северо-Запад
Россети Сибирь (ГК)
Россети Томск
Россети Тюмень
Россети Урал (ГК)
Россети ФСК ЕЭС
Россети Центр
Россети Центр и Приволжье (ГК)
Россети Юг (ГК)
Россети Янтарь
-5 000 млн.руб.
-4 000 млн.руб.
-3 000 млн.руб.
-2 000 млн.руб.
-1 000 млн.руб.
0 млн.руб.
1 000 млн.руб.
2 000 млн.руб.
3 000 млн.руб.
4 000 млн.руб.
5 000 млн.руб.
6 000 млн.руб.
7 000 млн.руб.
8 000 млн.руб.
239
68
25
3 470
3 855
6 900
821
839
2 116
213
-4 312
1 715
1 999
3 410
3 873
1 315
277
млн.
%
Выручка
Отклонение выручки по ПАО Россети за Январь, Февраль, Март, Апрель, Май, Июнь, Июль, Август, Сентябрь 2024 года (факт/план, млн. руб)
ПАО Россети
26 824.9 млн.руб.
Статус данных
×
Просьба обратить внимание
Данные занесены не полностью
ВЫБРАННЫЕ ЗНАЧЕНИЯ ФИЛЬТРОВ
ДЗО | ПЕРИОД
ПАО Россети: [«Выбраны все филиалы по всем ДЗО по всем категориям»]
2024: [Янв, Фев, Мар, Апр, Май, Июн, Июл, Авг, Сен]
*Внутренний оборот'

22-11-2024T03:31:59 - [MESSAGE][PASSED] - Text of object 'Object Repository/Страница авторизации/Text' is: 'Период
Январь, Февраль, Март, Апрель, Май, Июнь, Июль, Август, Сентябрь 2024 года
Выручка
Все
Выполнение плановых показателей, млн.руб.
План
Факт
Динамика
2024 год
0 млн.руб.
100 000 млн.руб.
200 000 млн.руб.
300 000 млн.руб.
400 000 млн.руб.
500 000 млн.руб.
600 000 млн.руб.
700 000 млн.руб.
800 000 млн.руб.
900 000 млн.руб.
1 000 000 млн.руб.
1 100 000 млн.руб.
1 200 000 млн.руб.
1 300 000 млн.руб.
1 056 816
1 083 641
↑
ДЗО 
Все
Подписи данных
⬤Отклонение
АО «Тываэнерго»
АО «Чеченэнерго»
Россети Волга
Россети Кубань
Россети Ленэнерго (ГК)
Россети Московский регион
Россети Северный Кавказ (ГК)
Россети Северо-Запад
Россети Сибирь (ГК)
Россети Томск
Россети Тюмень
Россети Урал (ГК)
Россети ФСК ЕЭС
Россети Центр
Россети Центр и Приволжье (ГК)
Россети Юг (ГК)
Россети Янтарь
-5 000 млн.руб.
-4 000 млн.руб.
-3 000 млн.руб.
-2 000 млн.руб.
-1 000 млн.руб.
0 млн.руб.
1 000 млн.руб.
2 000 млн.руб.
3 000 млн.руб.
4 000 млн.руб.
5 000 млн.руб.
6 000 млн.руб.
7 000 млн.руб.
8 000 млн.руб.
239
68
25
3 470
3 855
6 900
821
839
2 116
213
-4 312
1 715
1 999
3 410
3 873
1 315
277
млн.
%
Выручка
Отклонение выручки по ПАО Россети за Январь, Февраль, Март, Апрель, Май, Июнь, Июль, Август, Сентябрь 2024 года (факт/план, млн. руб)
ПАО Россети
26 824.9 млн.руб.
Статус данных
×
Просьба обратить внимание
Данные занесены не полностью
ВЫБРАННЫЕ ЗНАЧЕНИЯ ФИЛЬТРОВ
ДЗО | ПЕРИОД
ПАО Россети: [«Выбраны все филиалы по всем ДЗО по всем категориям»]
2024: [Янв, Фев, Мар, Апр, Май, Июн, Июл, Авг, Сен]
*Внутренний оборот'

22-11-2024T03:31:59 - [TEST_STEP][PASSED] - delay(45): Delayed 45 second(s)

22-11-2024T03:32:44 - [MESSAGE][PASSED] - Delayed 45 second(s)

22-11-2024T03:32:44 - [TEST_STEP][PASSED] - if (block == 2): Delayed 50 second(s)

22-11-2024T03:32:44 - [TEST_STEP][PASSED] - opoveshenie = getText(findTestObject("Выручка в рублях/Просьба обратить внимание")): Text of object 'Object Repository/Выручка в рублях/Просьба обратить внимание' is: 'Просьба обратить внимание'

22-11-2024T03:33:14 - [MESSAGE][PASSED] - Text of object 'Object Repository/Выручка в рублях/Просьба обратить внимание' is: 'Просьба обратить внимание'

22-11-2024T03:33:14 - [TEST_STEP][PASSED] - if (opoveshenie == "Просьба обратить внимание"): Delayed 50 second(s)

22-11-2024T03:33:14 - [TEST_STEP][PASSED] - click(findTestObject("Выручка в рублях/Закрыть оповещение")): Object: 'Object Repository/Выручка в рублях/Закрыть оповещение' is clicked on

22-11-2024T03:33:44 - [MESSAGE][PASSED] - Object: 'Object Repository/Выручка в рублях/Закрыть оповещение' is clicked on

22-11-2024T03:33:44 - [TEST_STEP][PASSED] - delay(50): Delayed 50 second(s)

22-11-2024T03:34:34 - [MESSAGE][PASSED] - Delayed 50 second(s)

22-11-2024T03:34:34 - [TEST_STEP][PASSED] - click(findTestObject("Выручка в рублях/Фильтр Период" + nameOfBlock)): Object: 'Object Repository/Выручка в рублях/Фильтр Период Выручка' is clicked on

22-11-2024T03:35:04 - [MESSAGE][PASSED] - Object: 'Object Repository/Выручка в рублях/Фильтр Период Выручка' is clicked on

22-11-2024T03:35:04 - [TEST_STEP][PASSED] - click(findTestObject("Выручка в рублях/Снять выделение в фильтре Дата" + nameOfBlock)): Object: 'Object Repository/Выручка в рублях/Снять выделение в фильтре Дата Выручка' is clicked on

22-11-2024T03:35:34 - [MESSAGE][PASSED] - Object: 'Object Repository/Выручка в рублях/Снять выделение в фильтре Дата Выручка' is clicked on

22-11-2024T03:35:34 - [TEST_STEP][PASSED] - click(findTestObject("Выручка в рублях/Применить в фильтре Дата" + nameOfBlock)): Object: 'Object Repository/Выручка в рублях/Применить в фильтре Дата Выручка' is clicked on

22-11-2024T03:36:05 - [MESSAGE][PASSED] - Object: 'Object Repository/Выручка в рублях/Применить в фильтре Дата Выручка' is clicked on

22-11-2024T03:36:05 - [TEST_STEP][PASSED] - delay(50): Delayed 50 second(s)

22-11-2024T03:36:55 - [MESSAGE][PASSED] - Delayed 50 second(s)

22-11-2024T03:36:55 - [TEST_STEP][PASSED] - click(findTestObject("Выручка в рублях/Фильтр Период" + nameOfBlock)): Object: 'Object Repository/Выручка в рублях/Фильтр Период Выручка' is clicked on

22-11-2024T03:37:25 - [MESSAGE][PASSED] - Object: 'Object Repository/Выручка в рублях/Фильтр Период Выручка' is clicked on

22-11-2024T03:37:25 - [TEST_STEP][PASSED] - click(findTestObject("Выручка в рублях/Снять выделение в фильтре Дата" + nameOfBlock)): Object: 'Object Repository/Выручка в рублях/Снять выделение в фильтре Дата Выручка' is clicked on

22-11-2024T03:37:55 - [MESSAGE][PASSED] - Object: 'Object Repository/Выручка в рублях/Снять выделение в фильтре Дата Выручка' is clicked on

22-11-2024T03:37:55 - [TEST_STEP][PASSED] - scrollToElement(findTestObject("Выручка в рублях/2024 список" + nameOfBlock), 30): Scroll to object 'Object Repository/Выручка в рублях/2024 список Выручка' successfully

22-11-2024T03:38:25 - [MESSAGE][PASSED] - Scroll to object 'Object Repository/Выручка в рублях/2024 список Выручка' successfully

22-11-2024T03:38:25 - [TEST_STEP][PASSED] - click(findTestObject("Выручка в рублях/2024 список" + nameOfBlock)): Object: 'Object Repository/Выручка в рублях/2024 список Выручка' is clicked on

22-11-2024T03:38:55 - [MESSAGE][PASSED] - Object: 'Object Repository/Выручка в рублях/2024 список Выручка' is clicked on

22-11-2024T03:38:55 - [TEST_STEP][PASSED] - scrollToElement(findTestObject("Выручка в рублях/1 квартал 2024 выбрать" + nameOfBlock), 30): Scroll to object 'Object Repository/Выручка в рублях/1 квартал 2024 выбрать Выручка' successfully

22-11-2024T03:39:25 - [MESSAGE][PASSED] - Scroll to object 'Object Repository/Выручка в рублях/1 квартал 2024 выбрать Выручка' successfully

22-11-2024T03:39:25 - [TEST_STEP][PASSED] - click(findTestObject("Выручка в рублях/1 квартал 2024 выбрать" + nameOfBlock)): Object: 'Object Repository/Выручка в рублях/1 квартал 2024 выбрать Выручка' is clicked on

22-11-2024T03:39:55 - [MESSAGE][PASSED] - Object: 'Object Repository/Выручка в рублях/1 квартал 2024 выбрать Выручка' is clicked on

22-11-2024T03:39:55 - [TEST_STEP][PASSED] - scrollToElement(findTestObject("Выручка в рублях/2 квартал 2024 выбрать" + nameOfBlock), 30): Scroll to object 'Object Repository/Выручка в рублях/2 квартал 2024 выбрать Выручка' successfully

22-11-2024T03:40:25 - [MESSAGE][PASSED] - Scroll to object 'Object Repository/Выручка в рублях/2 квартал 2024 выбрать Выручка' successfully

22-11-2024T03:40:25 - [TEST_STEP][PASSED] - click(findTestObject("Выручка в рублях/2 квартал 2024 выбрать" + nameOfBlock)): Object: 'Object Repository/Выручка в рублях/2 квартал 2024 выбрать Выручка' is clicked on

22-11-2024T03:40:55 - [MESSAGE][PASSED] - Object: 'Object Repository/Выручка в рублях/2 квартал 2024 выбрать Выручка' is clicked on

22-11-2024T03:40:55 - [TEST_STEP][PASSED] - scrollToElement(findTestObject("Выручка в рублях/3 квартал 2024 список" + nameOfBlock), 30): Scroll to object 'Object Repository/Выручка в рублях/3 квартал 2024 список Выручка' successfully

22-11-2024T03:41:26 - [MESSAGE][PASSED] - Scroll to object 'Object Repository/Выручка в рублях/3 квартал 2024 список Выручка' successfully

22-11-2024T03:41:26 - [TEST_STEP][PASSED] - click(findTestObject("Выручка в рублях/3 квартал 2024" + nameOfBlock)): Object: 'Object Repository/Выручка в рублях/3 квартал 2024 Выручка' is clicked on

22-11-2024T03:41:56 - [MESSAGE][PASSED] - Object: 'Object Repository/Выручка в рублях/3 квартал 2024 Выручка' is clicked on

22-11-2024T03:41:56 - [TEST_STEP][PASSED] - scrollToElement(findTestObject("Выручка в рублях/Заголовок дашборда" + nameOfBlock), 30): Scroll to object 'Object Repository/Выручка в рублях/Заголовок дашборда Выручка' successfully

22-11-2024T03:42:26 - [MESSAGE][PASSED] - Scroll to object 'Object Repository/Выручка в рублях/Заголовок дашборда Выручка' successfully

22-11-2024T03:42:26 - [TEST_STEP][PASSED] - click(findTestObject("Выручка в рублях/Применить в фильтре Дата" + nameOfBlock)): Object: 'Object Repository/Выручка в рублях/Применить в фильтре Дата Выручка' is clicked on

22-11-2024T03:42:56 - [MESSAGE][PASSED] - Object: 'Object Repository/Выручка в рублях/Применить в фильтре Дата Выручка' is clicked on

22-11-2024T03:42:56 - [TEST_STEP][PASSED] - delay(55): Delayed 55 second(s)

22-11-2024T03:43:51 - [MESSAGE][PASSED] - Delayed 55 second(s)

22-11-2024T03:43:51 - [TEST_STEP][PASSED] - click(findTestObject("Выручка в рублях/Фильтр ДЗО" + nameOfBlock)): Object: 'Object Repository/Выручка в рублях/Фильтр ДЗО Выручка' is clicked on

22-11-2024T03:44:21 - [MESSAGE][PASSED] - Object: 'Object Repository/Выручка в рублях/Фильтр ДЗО Выручка' is clicked on

22-11-2024T03:44:21 - [TEST_STEP][PASSED] - click(findTestObject("Выручка в рублях/Снять выделение в фильтре ДЗО" + nameOfBlock)): Object: 'Object Repository/Выручка в рублях/Снять выделение в фильтре ДЗО Выручка' is clicked on

22-11-2024T03:44:51 - [MESSAGE][PASSED] - Object: 'Object Repository/Выручка в рублях/Снять выделение в фильтре ДЗО Выручка' is clicked on

22-11-2024T03:44:51 - [TEST_STEP][PASSED] - click(findTestObject("Выручка в рублях/Применить в фильтре ДЗО" + nameOfBlock)): Object: 'Object Repository/Выручка в рублях/Применить в фильтре ДЗО Выручка' is clicked on

22-11-2024T03:45:22 - [MESSAGE][PASSED] - Object: 'Object Repository/Выручка в рублях/Применить в фильтре ДЗО Выручка' is clicked on

22-11-2024T03:45:22 - [TEST_STEP][PASSED] - delay(50): Delayed 50 second(s)

22-11-2024T03:46:12 - [MESSAGE][PASSED] - Delayed 50 second(s)

22-11-2024T03:46:12 - [TEST_STEP][PASSED] - Script1710234207206.Tumbler(run, vir, block, nameOfBlock): null

22-11-2024T03:46:12 - [TEST_STEP][PASSED] - println("run:" + run): null

22-11-2024T03:46:12 - [TEST_STEP][PASSED] - println("vir:" + vir): null

22-11-2024T03:46:12 - [TEST_STEP][PASSED] - println("block:" + block): null

22-11-2024T03:46:12 - [TEST_STEP][PASSED] - println("nameOfBlock:" + nameOfBlock): null

22-11-2024T03:46:12 - [TEST_STEP][PASSED] - if (vir == 1): null

22-11-2024T03:46:12 - [TEST_STEP][PASSED] - if (run == 2): null

22-11-2024T03:46:12 - [TEST_STEP][PASSED] - click(findTestObject("Выручка в рублях/Фильтр ДЗО" + nameOfBlock)): Object: 'Object Repository/Выручка в рублях/Фильтр ДЗО Выручка' is clicked on

22-11-2024T03:46:42 - [MESSAGE][PASSED] - Object: 'Object Repository/Выручка в рублях/Фильтр ДЗО Выручка' is clicked on

22-11-2024T03:46:42 - [TEST_STEP][PASSED] - Script1710234207206.Rosseti(nameOfBlock): null

22-11-2024T03:46:42 - [TEST_STEP][PASSED] - println("nameOfBlock:" + nameOfBlock): null

22-11-2024T03:46:42 - [TEST_STEP][PASSED] - click(findTestObject("Выручка в рублях/ПАО Россети" + nameOfBlock)): Object: 'Object Repository/Выручка в рублях/ПАО Россети Выручка' is clicked on

22-11-2024T03:47:12 - [MESSAGE][PASSED] - Object: 'Object Repository/Выручка в рублях/ПАО Россети Выручка' is clicked on

22-11-2024T03:47:12 - [TEST_STEP][PASSED] - click(findTestObject("Выручка в рублях/Применить в фильтре ДЗО" + nameOfBlock)): Object: 'Object Repository/Выручка в рублях/Применить в фильтре ДЗО Выручка' is clicked on

22-11-2024T03:47:42 - [MESSAGE][PASSED] - Object: 'Object Repository/Выручка в рублях/Применить в фильтре ДЗО Выручка' is clicked on

22-11-2024T03:47:42 - [TEST_STEP][PASSED] - if (vir == 1 || vir == 2): Text of object 'Object Repository/Выручка в рублях/График План Выручка' is: '1 056 816'

22-11-2024T03:47:42 - [TEST_STEP][PASSED] - b1 = getText(findTestObject("Выручка в рублях/График План Выручка")): Text of object 'Object Repository/Выручка в рублях/График План Выручка' is: '1 056 816'

22-11-2024T03:48:12 - [MESSAGE][PASSED] - Text of object 'Object Repository/Выручка в рублях/График План Выручка' is: '1 056 816'

22-11-2024T03:48:12 - [TEST_STEP][PASSED] - if (vir == 1 || vir == 2): Text of object 'Object Repository/Выручка в рублях/График Факт Выручка' is: '1 083 641'

22-11-2024T03:48:12 - [TEST_STEP][PASSED] - b2 = getText(findTestObject("Выручка в рублях/График Факт Выручка")): Text of object 'Object Repository/Выручка в рублях/График Факт Выручка' is: '1 083 641'

22-11-2024T03:48:42 - [MESSAGE][PASSED] - Text of object 'Object Repository/Выручка в рублях/График Факт Выручка' is: '1 083 641'

22-11-2024T03:48:42 - [TEST_STEP][PASSED] - b30 = getText(findTestObject("Выручка в рублях/span1" + perc)): Text of object 'Object Repository/Выручка в рублях/span1' is: '26 824.9 млн.руб.'

22-11-2024T03:49:12 - [MESSAGE][PASSED] - Text of object 'Object Repository/Выручка в рублях/span1' is: '26 824.9 млн.руб.'

22-11-2024T03:49:12 - [TEST_STEP][PASSED] - i = b30.indexOf("млн.руб."): null

22-11-2024T03:49:12 - [TEST_STEP][PASSED] - if (i > -1): null

22-11-2024T03:49:12 - [TEST_STEP][PASSED] - b30 = b30.substring(0, i): null

22-11-2024T03:49:12 - [TEST_STEP][PASSED] - b30 = b30.replaceAll(" ", ""): null

22-11-2024T03:49:12 - [TEST_STEP][PASSED] - if (b30.contains("%")): null

22-11-2024T03:49:12 - [TEST_STEP][PASSED] - b30 = ").trim(): null

22-11-2024T03:49:12 - [TEST_STEP][PASSED] - println("b30: " + b30): null

22-11-2024T03:49:12 - [TEST_STEP][PASSED] - if (vir == 1 || vir == 2): Text of object 'Object Repository/Выручка в рублях/span2' is: '239'

22-11-2024T03:49:12 - [TEST_STEP][PASSED] - b31 = ").trim(): Text of object 'Object Repository/Выручка в рублях/span2' is: '239'

22-11-2024T03:49:42 - [MESSAGE][PASSED] - Text of object 'Object Repository/Выручка в рублях/span2' is: '239'

22-11-2024T03:49:42 - [TEST_STEP][PASSED] - if (vir == 1 || vir == 2): Text of object 'Object Repository/Выручка в рублях/span3' is: '68'

22-11-2024T03:49:42 - [TEST_STEP][PASSED] - b32 = ").trim(): Text of object 'Object Repository/Выручка в рублях/span3' is: '68'

22-11-2024T03:50:13 - [MESSAGE][PASSED] - Text of object 'Object Repository/Выручка в рублях/span3' is: '68'

22-11-2024T03:50:13 - [TEST_STEP][PASSED] - if (vir == 1 || vir == 2): Text of object 'Object Repository/Выручка в рублях/span8' is: '821'

22-11-2024T03:50:13 - [TEST_STEP][PASSED] - b33 = ").trim(): Text of object 'Object Repository/Выручка в рублях/span4' is: '25'

22-11-2024T03:50:43 - [MESSAGE][PASSED] - Text of object 'Object Repository/Выручка в рублях/span4' is: '25'

22-11-2024T03:50:43 - [TEST_STEP][PASSED] - b34 = ").trim(): Text of object 'Object Repository/Выручка в рублях/span5' is: '3 470'

22-11-2024T03:51:13 - [MESSAGE][PASSED] - Text of object 'Object Repository/Выручка в рублях/span5' is: '3 470'

22-11-2024T03:51:13 - [TEST_STEP][PASSED] - b35 = ").trim(): Text of object 'Object Repository/Выручка в рублях/span6' is: '3 855'

22-11-2024T03:51:43 - [MESSAGE][PASSED] - Text of object 'Object Repository/Выручка в рублях/span6' is: '3 855'

22-11-2024T03:51:43 - [TEST_STEP][PASSED] - b36 = ").trim(): Text of object 'Object Repository/Выручка в рублях/span7' is: '6 900'

22-11-2024T03:52:13 - [MESSAGE][PASSED] - Text of object 'Object Repository/Выручка в рублях/span7' is: '6 900'

22-11-2024T03:52:13 - [TEST_STEP][PASSED] - b37 = ").trim(): Text of object 'Object Repository/Выручка в рублях/span8' is: '821'

22-11-2024T03:52:43 - [MESSAGE][PASSED] - Text of object 'Object Repository/Выручка в рублях/span8' is: '821'

22-11-2024T03:52:43 - [TEST_STEP][PASSED] - if (vir == 1 || vir == 2): Text of object 'Object Repository/Выручка в рублях/span17' is: '1 315'

22-11-2024T03:52:43 - [TEST_STEP][PASSED] - b38 = ").trim(): Text of object 'Object Repository/Выручка в рублях/span9' is: '839'

22-11-2024T03:53:13 - [MESSAGE][PASSED] - Text of object 'Object Repository/Выручка в рублях/span9' is: '839'

22-11-2024T03:53:13 - [TEST_STEP][PASSED] - b39 = ").trim(): Text of object 'Object Repository/Выручка в рублях/span10' is: '2 116'

22-11-2024T03:53:43 - [MESSAGE][PASSED] - Text of object 'Object Repository/Выручка в рублях/span10' is: '2 116'

22-11-2024T03:53:43 - [TEST_STEP][PASSED] - b310 = ").trim(): Text of object 'Object Repository/Выручка в рублях/span11' is: '213'

22-11-2024T03:54:13 - [MESSAGE][PASSED] - Text of object 'Object Repository/Выручка в рублях/span11' is: '213'

22-11-2024T03:54:13 - [TEST_STEP][PASSED] - b311 = ").trim(): Text of object 'Object Repository/Выручка в рублях/span12' is: '-4 312'

22-11-2024T03:54:43 - [MESSAGE][PASSED] - Text of object 'Object Repository/Выручка в рублях/span12' is: '-4 312'

22-11-2024T03:54:43 - [TEST_STEP][PASSED] - b312 = ").trim(): Text of object 'Object Repository/Выручка в рублях/span13' is: '1 715'

22-11-2024T03:55:13 - [MESSAGE][PASSED] - Text of object 'Object Repository/Выручка в рублях/span13' is: '1 715'

22-11-2024T03:55:13 - [TEST_STEP][PASSED] - b313 = ").trim(): Text of object 'Object Repository/Выручка в рублях/span14' is: '1 999'

22-11-2024T03:55:43 - [MESSAGE][PASSED] - Text of object 'Object Repository/Выручка в рублях/span14' is: '1 999'

22-11-2024T03:55:43 - [TEST_STEP][PASSED] - b314 = ").trim(): Text of object 'Object Repository/Выручка в рублях/span15' is: '3 410'

22-11-2024T03:56:14 - [MESSAGE][PASSED] - Text of object 'Object Repository/Выручка в рублях/span15' is: '3 410'

22-11-2024T03:56:14 - [TEST_STEP][PASSED] - b315 = ").trim(): Text of object 'Object Repository/Выручка в рублях/span16' is: '3 873'

22-11-2024T03:56:44 - [MESSAGE][PASSED] - Text of object 'Object Repository/Выручка в рублях/span16' is: '3 873'

22-11-2024T03:56:44 - [TEST_STEP][PASSED] - b316 = ").trim(): Text of object 'Object Repository/Выручка в рублях/span17' is: '1 315'

22-11-2024T03:57:14 - [MESSAGE][PASSED] - Text of object 'Object Repository/Выручка в рублях/span17' is: '1 315'

22-11-2024T03:57:14 - [TEST_STEP][PASSED] - if (vir == 1 || vir == 2): Text of object 'Object Repository/Выручка в рублях/span18' is: '277'

22-11-2024T03:57:14 - [TEST_STEP][PASSED] - b317 = ").trim(): Text of object 'Object Repository/Выручка в рублях/span18' is: '277'

22-11-2024T03:57:44 - [MESSAGE][PASSED] - Text of object 'Object Repository/Выручка в рублях/span18' is: '277'

22-11-2024T03:57:44 - [TEST_STEP][PASSED] - dZO = "ПАО Россети": null

22-11-2024T03:57:44 - [TEST_STEP][PASSED] - if (verifyEqual(a1, b1) == false): Actual object '1 056 816' and expected object '1 056 816' are equal

22-11-2024T03:57:44 - [MESSAGE][PASSED] - Actual object '1 056 816' and expected object '1 056 816' are equal

22-11-2024T03:57:44 - [TEST_STEP][PASSED] - if (verifyEqual(a2, b2) == false): Actual object '1 083 641' and expected object '1 083 641' are equal

22-11-2024T03:57:44 - [MESSAGE][PASSED] - Actual object '1 083 641' and expected object '1 083 641' are equal

22-11-2024T03:57:44 - [TEST_STEP][PASSED] - vidget = "Отклонения": null

22-11-2024T03:57:44 - [TEST_STEP][PASSED] - if (verifyEqual(a30, b30) == false): Actual object '26824.9' and expected object '26824.9' are equal

22-11-2024T03:57:44 - [MESSAGE][PASSED] - Actual object '26824.9' and expected object '26824.9' are equal

22-11-2024T03:57:44 - [TEST_STEP][PASSED] - dZO = "АО «Тываэнерго»": null

22-11-2024T03:57:44 - [TEST_STEP][PASSED] - if (verifyEqual(a31, b31) == false): Actual object '239' and expected object '239' are equal

22-11-2024T03:57:44 - [MESSAGE][PASSED] - Actual object '239' and expected object '239' are equal

22-11-2024T03:57:44 - [TEST_STEP][PASSED] - dZO = "АО «Чеченэнерго»": null

22-11-2024T03:57:44 - [TEST_STEP][PASSED] - if (verifyEqual(a32, b32) == false): Actual object '68' and expected object '68' are equal

22-11-2024T03:57:44 - [MESSAGE][PASSED] - Actual object '68' and expected object '68' are equal

22-11-2024T03:57:44 - [TEST_STEP][PASSED] - dZO = "Россети Волга": null

22-11-2024T03:57:44 - [TEST_STEP][PASSED] - if (verifyEqual(a33, b33) == false): Actual object '25' and expected object '25' are equal

22-11-2024T03:57:44 - [MESSAGE][PASSED] - Actual object '25' and expected object '25' are equal

22-11-2024T03:57:44 - [TEST_STEP][PASSED] - dZO = "Россети Кубань": null

22-11-2024T03:57:44 - [TEST_STEP][PASSED] - if (verifyEqual(a34, b34) == false): Actual object '3 470' and expected object '3 470' are equal

22-11-2024T03:57:44 - [MESSAGE][PASSED] - Actual object '3 470' and expected object '3 470' are equal

22-11-2024T03:57:44 - [TEST_STEP][PASSED] - dZO = "Россети Ленэнерго (ГК)": null

22-11-2024T03:57:44 - [TEST_STEP][PASSED] - if (verifyEqual(a35, b35) == false): Actual object '3 855' and expected object '3 855' are equal

22-11-2024T03:57:44 - [MESSAGE][PASSED] - Actual object '3 855' and expected object '3 855' are equal

22-11-2024T03:57:44 - [TEST_STEP][PASSED] - dZO = "Россети Московский регион": null

22-11-2024T03:57:44 - [TEST_STEP][PASSED] - if (verifyEqual(a36, b36) == false): Actual object '6 900' and expected object '6 900' are equal

22-11-2024T03:57:44 - [MESSAGE][PASSED] - Actual object '6 900' and expected object '6 900' are equal

22-11-2024T03:57:44 - [TEST_STEP][PASSED] - dZO = "Россети Северный Кавказ (ГК)": null

22-11-2024T03:57:44 - [TEST_STEP][PASSED] - if (verifyEqual(a37, b37) == false): Actual object '821' and expected object '821' are equal

22-11-2024T03:57:44 - [MESSAGE][PASSED] - Actual object '821' and expected object '821' are equal

22-11-2024T03:57:44 - [TEST_STEP][PASSED] - dZO = "Россети Северо-Запад": null

22-11-2024T03:57:44 - [TEST_STEP][PASSED] - if (verifyEqual(a38, b38) == false): Actual object '839' and expected object '839' are equal

22-11-2024T03:57:44 - [MESSAGE][PASSED] - Actual object '839' and expected object '839' are equal

22-11-2024T03:57:44 - [TEST_STEP][PASSED] - dZO = "Россети Сибирь (ГК)": null

22-11-2024T03:57:44 - [TEST_STEP][PASSED] - if (verifyEqual(a39, b39) == false): Actual object '2 116' and expected object '2 116' are equal

22-11-2024T03:57:44 - [MESSAGE][PASSED] - Actual object '2 116' and expected object '2 116' are equal

22-11-2024T03:57:44 - [TEST_STEP][PASSED] - dZO = "Россети Томск": null

22-11-2024T03:57:44 - [TEST_STEP][PASSED] - if (verifyEqual(a310, b310) == false): Actual object '213' and expected object '213' are equal

22-11-2024T03:57:44 - [MESSAGE][PASSED] - Actual object '213' and expected object '213' are equal

22-11-2024T03:57:44 - [TEST_STEP][PASSED] - dZO = "Россети Тюмень": null

22-11-2024T03:57:44 - [TEST_STEP][PASSED] - if (verifyEqual(a311, b311) == false): Actual object '-4 312' and expected object '-4 312' are equal

22-11-2024T03:57:44 - [MESSAGE][PASSED] - Actual object '-4 312' and expected object '-4 312' are equal

22-11-2024T03:57:44 - [TEST_STEP][PASSED] - dZO = "Россети Урал (ГК)": null

22-11-2024T03:57:44 - [TEST_STEP][PASSED] - if (verifyEqual(a312, b312) == false): Actual object '1 715' and expected object '1 715' are equal

22-11-2024T03:57:44 - [MESSAGE][PASSED] - Actual object '1 715' and expected object '1 715' are equal

22-11-2024T03:57:44 - [TEST_STEP][PASSED] - dZO = "Россети ФСК ЕЭС": null

22-11-2024T03:57:44 - [TEST_STEP][PASSED] - if (verifyEqual(a313, b313) == false): Actual object '1 999' and expected object '1 999' are equal

22-11-2024T03:57:44 - [MESSAGE][PASSED] - Actual object '1 999' and expected object '1 999' are equal

22-11-2024T03:57:44 - [TEST_STEP][PASSED] - dZO = "Россети Центр": null

22-11-2024T03:57:44 - [TEST_STEP][PASSED] - if (verifyEqual(a314, b314) == false): Actual object '3 410' and expected object '3 410' are equal

22-11-2024T03:57:44 - [MESSAGE][PASSED] - Actual object '3 410' and expected object '3 410' are equal

22-11-2024T03:57:44 - [TEST_STEP][PASSED] - dZO = "Россети Центр и Приволжье (ГК)": null

22-11-2024T03:57:44 - [TEST_STEP][PASSED] - if (verifyEqual(a315, b315) == false): Actual object '3 873' and expected object '3 873' are equal

22-11-2024T03:57:44 - [MESSAGE][PASSED] - Actual object '3 873' and expected object '3 873' are equal

22-11-2024T03:57:44 - [TEST_STEP][PASSED] - dZO = "Россети Юг (ГК)": null

22-11-2024T03:57:44 - [TEST_STEP][PASSED] - if (verifyEqual(a316, b316) == false): Actual object '1 315' and expected object '1 315' are equal

22-11-2024T03:57:44 - [MESSAGE][PASSED] - Actual object '1 315' and expected object '1 315' are equal

22-11-2024T03:57:44 - [TEST_STEP][PASSED] - dZO = "Россети Янтарь": null

22-11-2024T03:57:44 - [TEST_STEP][PASSED] - if (verifyEqual(a317, b317) == false): Actual object '277' and expected object '277' are equal

22-11-2024T03:57:44 - [MESSAGE][PASSED] - Actual object '277' and expected object '277' are equal

22-11-2024T03:57:44 - [TEST_STEP][PASSED] - closeBrowser(): null

22-11-2024T03:57:44 - [MESSAGE][PASSED] - Browser is closed

22-11-2024T03:57:44 - [TEST_STEP][PASSED] - Script1710234207206.Blocks(run, vir, block, nameOfBlock, typeOfData, viruchka, vidget, todaysDate, a, b, dZO, x, y): null

22-11-2024T03:57:44 - [TEST_STEP][PASSED] - i = <not implemented yet for class: org.codehaus.groovy.ast.expr.EmptyExpression>: null

22-11-2024T03:57:44 - [TEST_STEP][PASSED] - perc = "": null

22-11-2024T03:57:44 - [TEST_STEP][PASSED] - a1 = <not implemented yet for class: org.codehaus.groovy.ast.expr.EmptyExpression>: null

22-11-2024T03:57:44 - [TEST_STEP][PASSED] - a2 = <not implemented yet for class: org.codehaus.groovy.ast.expr.EmptyExpression>: null

22-11-2024T03:57:44 - [TEST_STEP][PASSED] - a30 = <not implemented yet for class: org.codehaus.groovy.ast.expr.EmptyExpression>: null

22-11-2024T03:57:44 - [TEST_STEP][PASSED] - a31 = <not implemented yet for class: org.codehaus.groovy.ast.expr.EmptyExpression>: null

22-11-2024T03:57:44 - [TEST_STEP][PASSED] - a32 = <not implemented yet for class: org.codehaus.groovy.ast.expr.EmptyExpression>: null

22-11-2024T03:57:44 - [TEST_STEP][PASSED] - a33 = <not implemented yet for class: org.codehaus.groovy.ast.expr.EmptyExpression>: null

22-11-2024T03:57:44 - [TEST_STEP][PASSED] - a34 = <not implemented yet for class: org.codehaus.groovy.ast.expr.EmptyExpression>: null

22-11-2024T03:57:44 - [TEST_STEP][PASSED] - a35 = <not implemented yet for class: org.codehaus.groovy.ast.expr.EmptyExpression>: null

22-11-2024T03:57:44 - [TEST_STEP][PASSED] - a36 = <not implemented yet for class: org.codehaus.groovy.ast.expr.EmptyExpression>: null

22-11-2024T03:57:44 - [TEST_STEP][PASSED] - a37 = <not implemented yet for class: org.codehaus.groovy.ast.expr.EmptyExpression>: null

22-11-2024T03:57:44 - [TEST_STEP][PASSED] - a38 = <not implemented yet for class: org.codehaus.groovy.ast.expr.EmptyExpression>: null

22-11-2024T03:57:44 - [TEST_STEP][PASSED] - a39 = <not implemented yet for class: org.codehaus.groovy.ast.expr.EmptyExpression>: null

22-11-2024T03:57:44 - [TEST_STEP][PASSED] - a310 = <not implemented yet for class: org.codehaus.groovy.ast.expr.EmptyExpression>: null

22-11-2024T03:57:44 - [TEST_STEP][PASSED] - a311 = <not implemented yet for class: org.codehaus.groovy.ast.expr.EmptyExpression>: null

22-11-2024T03:57:44 - [TEST_STEP][PASSED] - a312 = <not implemented yet for class: org.codehaus.groovy.ast.expr.EmptyExpression>: null

22-11-2024T03:57:44 - [TEST_STEP][PASSED] - a313 = <not implemented yet for class: org.codehaus.groovy.ast.expr.EmptyExpression>: null

22-11-2024T03:57:44 - [TEST_STEP][PASSED] - a314 = <not implemented yet for class: org.codehaus.groovy.ast.expr.EmptyExpression>: null

22-11-2024T03:57:44 - [TEST_STEP][PASSED] - a315 = <not implemented yet for class: org.codehaus.groovy.ast.expr.EmptyExpression>: null

22-11-2024T03:57:44 - [TEST_STEP][PASSED] - a316 = <not implemented yet for class: org.codehaus.groovy.ast.expr.EmptyExpression>: null

22-11-2024T03:57:44 - [TEST_STEP][PASSED] - a317 = <not implemented yet for class: org.codehaus.groovy.ast.expr.EmptyExpression>: null

22-11-2024T03:57:44 - [TEST_STEP][PASSED] - b1 = <not implemented yet for class: org.codehaus.groovy.ast.expr.EmptyExpression>: null

22-11-2024T03:57:44 - [TEST_STEP][PASSED] - b2 = <not implemented yet for class: org.codehaus.groovy.ast.expr.EmptyExpression>: null

22-11-2024T03:57:44 - [TEST_STEP][PASSED] - b30 = <not implemented yet for class: org.codehaus.groovy.ast.expr.EmptyExpression>: null

22-11-2024T03:57:44 - [TEST_STEP][PASSED] - b31 = <not implemented yet for class: org.codehaus.groovy.ast.expr.EmptyExpression>: null

22-11-2024T03:57:44 - [TEST_STEP][PASSED] - b32 = <not implemented yet for class: org.codehaus.groovy.ast.expr.EmptyExpression>: null

22-11-2024T03:57:44 - [TEST_STEP][PASSED] - b33 = <not implemented yet for class: org.codehaus.groovy.ast.expr.EmptyExpression>: null

22-11-2024T03:57:44 - [TEST_STEP][PASSED] - b34 = <not implemented yet for class: org.codehaus.groovy.ast.expr.EmptyExpression>: null

22-11-2024T03:57:44 - [TEST_STEP][PASSED] - b35 = <not implemented yet for class: org.codehaus.groovy.ast.expr.EmptyExpression>: null

22-11-2024T03:57:44 - [TEST_STEP][PASSED] - b36 = <not implemented yet for class: org.codehaus.groovy.ast.expr.EmptyExpression>: null

22-11-2024T03:57:44 - [TEST_STEP][PASSED] - b37 = <not implemented yet for class: org.codehaus.groovy.ast.expr.EmptyExpression>: null

22-11-2024T03:57:44 - [TEST_STEP][PASSED] - b38 = <not implemented yet for class: org.codehaus.groovy.ast.expr.EmptyExpression>: null

22-11-2024T03:57:44 - [TEST_STEP][PASSED] - b39 = <not implemented yet for class: org.codehaus.groovy.ast.expr.EmptyExpression>: null

22-11-2024T03:57:44 - [TEST_STEP][PASSED] - b310 = <not implemented yet for class: org.codehaus.groovy.ast.expr.EmptyExpression>: null

22-11-2024T03:57:44 - [TEST_STEP][PASSED] - b311 = <not implemented yet for class: org.codehaus.groovy.ast.expr.EmptyExpression>: null

22-11-2024T03:57:44 - [TEST_STEP][PASSED] - b312 = <not implemented yet for class: org.codehaus.groovy.ast.expr.EmptyExpression>: null

22-11-2024T03:57:44 - [TEST_STEP][PASSED] - b313 = <not implemented yet for class: org.codehaus.groovy.ast.expr.EmptyExpression>: null

22-11-2024T03:57:44 - [TEST_STEP][PASSED] - b314 = <not implemented yet for class: org.codehaus.groovy.ast.expr.EmptyExpression>: null

22-11-2024T03:57:44 - [TEST_STEP][PASSED] - b315 = <not implemented yet for class: org.codehaus.groovy.ast.expr.EmptyExpression>: null

22-11-2024T03:57:44 - [TEST_STEP][PASSED] - b316 = <not implemented yet for class: org.codehaus.groovy.ast.expr.EmptyExpression>: null

22-11-2024T03:57:44 - [TEST_STEP][PASSED] - b317 = <not implemented yet for class: org.codehaus.groovy.ast.expr.EmptyExpression>: null

22-11-2024T03:57:44 - [TEST_STEP][PASSED] - block = 1: null

22-11-2024T03:57:44 - [TEST_STEP][PASSED] - nameOfBlock = "": null

22-11-2024T03:57:44 - [TEST_STEP][PASSED] - Script1710234207206.PreSettings(run, vir, block, nameOfBlock, typeOfData, todaysDate): null

22-11-2024T03:57:44 - [TEST_STEP][PASSED] - openBrowser(""): Browser is opened with url: ''

22-11-2024T03:57:44 - [MESSAGE][INFO] - Starting 'Chrome' driver

22-11-2024T03:57:44 - [MESSAGE][INFO] - Action delay is set to 0 milliseconds

22-11-2024T03:57:47 - [MESSAGE][PASSED] - Browser is opened with url: ''

22-11-2024T03:57:47 - [TEST_STEP][PASSED] - refresh(): Refresh successfully

22-11-2024T03:57:47 - [MESSAGE][PASSED] - Refresh successfully

22-11-2024T03:57:47 - [TEST_STEP][PASSED] - delay(50): Delayed 50 second(s)

22-11-2024T03:58:37 - [MESSAGE][PASSED] - Delayed 50 second(s)

22-11-2024T03:58:37 - [TEST_STEP][PASSED] - println("run:" + run): null

22-11-2024T03:58:37 - [TEST_STEP][PASSED] - println("vir:" + vir): null

22-11-2024T03:58:37 - [TEST_STEP][PASSED] - println("block:" + block): null

22-11-2024T03:58:37 - [TEST_STEP][PASSED] - if (block == 1): null

22-11-2024T03:58:37 - [TEST_STEP][PASSED] - nameOfBlock = "": null

22-11-2024T03:58:37 - [TEST_STEP][PASSED] - println("nameOfBlock:" + nameOfBlock): null

22-11-2024T03:58:37 - [TEST_STEP][PASSED] - println("typeOfData:" + typeOfData): null

22-11-2024T03:58:37 - [TEST_STEP][PASSED] - println("todaysDate:" + todaysDate): null

22-11-2024T03:58:37 - [TEST_STEP][PASSED] - Script1710234207206.Autorization(block, nameOfBlock): null

22-11-2024T03:58:37 - [TEST_STEP][PASSED] - i = <not implemented yet for class: org.codehaus.groovy.ast.expr.EmptyExpression>: null

22-11-2024T03:58:37 - [TEST_STEP][PASSED] - ii = <not implemented yet for class: org.codehaus.groovy.ast.expr.EmptyExpression>: null

22-11-2024T03:58:37 - [TEST_STEP][PASSED] - urlData = <not implemented yet for class: org.codehaus.groovy.ast.expr.EmptyExpression>: null

22-11-2024T03:58:37 - [TEST_STEP][PASSED] - searchWord = <not implemented yet for class: org.codehaus.groovy.ast.expr.EmptyExpression>: null

22-11-2024T03:58:37 - [TEST_STEP][PASSED] - urlText = <not implemented yet for class: org.codehaus.groovy.ast.expr.EmptyExpression>: null

22-11-2024T03:58:37 - [TEST_STEP][PASSED] - println("block:" + block): null

22-11-2024T03:58:37 - [TEST_STEP][PASSED] - if (block == 1): null

22-11-2024T03:58:37 - [TEST_STEP][PASSED] - nameOfBlock = "": null

22-11-2024T03:58:37 - [TEST_STEP][PASSED] - println("nameOfBlock:" + nameOfBlock): null

22-11-2024T03:58:37 - [TEST_STEP][PASSED] - if (block == 1): Delayed 45 second(s)

22-11-2024T03:58:37 - [TEST_STEP][PASSED] - urlData = 2: null

22-11-2024T03:58:37 - [TEST_STEP][PASSED] - delay(45): Delayed 45 second(s)

22-11-2024T03:59:22 - [MESSAGE][PASSED] - Delayed 45 second(s)

22-11-2024T03:59:22 - [TEST_STEP][PASSED] - navigateToUrl(findTestData("PlanFact").getValue(10, urlData)): Navigate to 'https://bi.rosseti.digital/viewer?dashboardGuid=2301950b23be4ed89c1df75f2020051e&sheetGuid=b723206f698544fb87299f3095c00435&fit=true' successfully

22-11-2024T03:59:31 - [MESSAGE][PASSED] - Navigate to 'https://bi.rosseti.digital/viewer?dashboardGuid=2301950b23be4ed89c1df75f2020051e&sheetGuid=b723206f698544fb87299f3095c00435&fit=true' successfully

22-11-2024T03:59:31 - [TEST_STEP][PASSED] - urlText = getText(findTestObject("Страница авторизации/Text")): Text of object 'Object Repository/Страница авторизации/Text' is: 'Вход'

22-11-2024T03:59:31 - [MESSAGE][PASSED] - Text of object 'Object Repository/Страница авторизации/Text' is: 'Вход'

22-11-2024T03:59:31 - [TEST_STEP][PASSED] - searchWord = "Вход": null

22-11-2024T03:59:31 - [TEST_STEP][PASSED] - if (urlText == null || urlText.contains("ошибка") || urlText.contains(searchWord) == false): null

22-11-2024T03:59:31 - [TEST_STEP][PASSED] - if (verifyElementPresent(findTestObject("Страница авторизации/button_"), 30) == true): null

22-11-2024T03:59:32 - [MESSAGE][PASSED] - Object 'Object Repository/Страница авторизации/button_' is present

22-11-2024T03:59:32 - [TEST_STEP][PASSED] - setText(findTestObject("Страница авторизации/input__username"), findTestData("PlanFact").getValue(8, 1)): Text 'liazgina-di' is set on object 'Object Repository/Страница авторизации/input__username'

22-11-2024T03:59:32 - [MESSAGE][PASSED] - Text 'liazgina-di' is set on object 'Object Repository/Страница авторизации/input__username'

22-11-2024T03:59:32 - [TEST_STEP][PASSED] - setText(findTestObject("Страница авторизации/input__password"), findTestData("PlanFact").getValue(9, 1)): Text ')$%5srZ8o688Dm#q' is set on object 'Object Repository/Страница авторизации/input__password'

22-11-2024T03:59:33 - [MESSAGE][PASSED] - Text ')$%5srZ8o688Dm#q' is set on object 'Object Repository/Страница авторизации/input__password'

22-11-2024T03:59:33 - [TEST_STEP][PASSED] - click(findTestObject("Страница авторизации/button_")): Object: 'Object Repository/Страница авторизации/button_' is clicked on

22-11-2024T03:59:36 - [MESSAGE][PASSED] - Object: 'Object Repository/Страница авторизации/button_' is clicked on

22-11-2024T03:59:36 - [TEST_STEP][PASSED] - delay(45): Delayed 45 second(s)

22-11-2024T04:00:21 - [MESSAGE][PASSED] - Delayed 45 second(s)

22-11-2024T04:00:21 - [TEST_STEP][PASSED] - urlText = getText(findTestObject("Страница авторизации/Text")): Text of object 'Object Repository/Страница авторизации/Text' is: 'Период
1, 2, 3 кв. 2024 года
Выручка
Все
Выполнение плановых показателей по ПАО Россети за 1, 2, 3 кв. 2024 года
План
Факт
Динамика
2024 год
0 млн.руб.
100 000 млн.руб.
200 000 млн.руб.
300 000 млн.руб.
400 000 млн.руб.
500 000 млн.руб.
600 000 млн.руб.
700 000 млн.руб.
800 000 млн.руб.
900 000 млн.руб.
1 000 000 млн.руб.
1 100 000 млн.руб.
1 200 000 млн.руб.
1 300 000 млн.руб.
1 056 816
1 083 641
↑
ДЗО 
Все
Внутренний оборот - выручка за услуги по передаче электрической энергии, учтенная в выручке за электроэнергию для конечных потребителей, при выполнении ДЗО функций гарантирующего поставщика
Подписи данных
⬤Отклонение
АО «Тываэнерго»
АО «Чеченэнерго»
Россети Волга
Россети Кубань
Россети Ленэнерго (ГК)
Россети Московский регион
Россети Северный Кавказ (ГК)
Россети Северо-Запад
Россети Сибирь (ГК)
Россети Томск
Россети Тюмень
Россети Урал (ГК)
Россети ФСК ЕЭС
Россети Центр
Россети Центр и Приволжье (ГК)
Россети Юг (ГК)
Россети Янтарь
-4 000млн.руб.
-2 000млн.руб.
0 млн.руб.
2 000млн.руб.
4 000млн.руб.
6 000млн.руб.
8 00…
-6 000млн.руб.
239
68
25
3 470
3 855
6 900
821
839
2 116
213
-4 312
1 715
1 999
3 410
3 873
1 315
277
млн.
%
Выручка
Отклонение выручки по ПАО Россети за 1, 2, 3 кв. 2024 года (факт/план, млн. руб)
ПАО Россети
26 824.9 млн.руб.
 '

22-11-2024T04:00:21 - [MESSAGE][PASSED] - Text of object 'Object Repository/Страница авторизации/Text' is: 'Период
1, 2, 3 кв. 2024 года
Выручка
Все
Выполнение плановых показателей по ПАО Россети за 1, 2, 3 кв. 2024 года
План
Факт
Динамика
2024 год
0 млн.руб.
100 000 млн.руб.
200 000 млн.руб.
300 000 млн.руб.
400 000 млн.руб.
500 000 млн.руб.
600 000 млн.руб.
700 000 млн.руб.
800 000 млн.руб.
900 000 млн.руб.
1 000 000 млн.руб.
1 100 000 млн.руб.
1 200 000 млн.руб.
1 300 000 млн.руб.
1 056 816
1 083 641
↑
ДЗО 
Все
Внутренний оборот - выручка за услуги по передаче электрической энергии, учтенная в выручке за электроэнергию для конечных потребителей, при выполнении ДЗО функций гарантирующего поставщика
Подписи данных
⬤Отклонение
АО «Тываэнерго»
АО «Чеченэнерго»
Россети Волга
Россети Кубань
Россети Ленэнерго (ГК)
Россети Московский регион
Россети Северный Кавказ (ГК)
Россети Северо-Запад
Россети Сибирь (ГК)
Россети Томск
Россети Тюмень
Россети Урал (ГК)
Россети ФСК ЕЭС
Россети Центр
Россети Центр и Приволжье (ГК)
Россети Юг (ГК)
Россети Янтарь
-4 000млн.руб.
-2 000млн.руб.
0 млн.руб.
2 000млн.руб.
4 000млн.руб.
6 000млн.руб.
8 00…
-6 000млн.руб.
239
68
25
3 470
3 855
6 900
821
839
2 116
213
-4 312
1 715
1 999
3 410
3 873
1 315
277
млн.
%
Выручка
Отклонение выручки по ПАО Россети за 1, 2, 3 кв. 2024 года (факт/план, млн. руб)
ПАО Россети
26 824.9 млн.руб.
 '

22-11-2024T04:00:21 - [TEST_STEP][PASSED] - searchWord = "а": null

22-11-2024T04:00:21 - [TEST_STEP][PASSED] - if (urlText.contains("ошибка") || urlText.contains(searchWord) == false): null

22-11-2024T04:00:21 - [TEST_STEP][PASSED] - delay(45): Delayed 45 second(s)

22-11-2024T04:01:07 - [MESSAGE][PASSED] - Delayed 45 second(s)

22-11-2024T04:01:07 - [TEST_STEP][PASSED] - if (block == 2): null

22-11-2024T04:01:07 - [TEST_STEP][PASSED] - click(findTestObject("Выручка в рублях/Фильтр Период" + nameOfBlock)): Object: 'Object Repository/Выручка в рублях/Фильтр Период' is clicked on

22-11-2024T04:01:07 - [MESSAGE][PASSED] - Object: 'Object Repository/Выручка в рублях/Фильтр Период' is clicked on

22-11-2024T04:01:07 - [TEST_STEP][PASSED] - click(findTestObject("Выручка в рублях/Снять выделение в фильтре Дата" + nameOfBlock)): Object: 'Object Repository/Выручка в рублях/Снять выделение в фильтре Дата' is clicked on

22-11-2024T04:01:07 - [MESSAGE][PASSED] - Object: 'Object Repository/Выручка в рублях/Снять выделение в фильтре Дата' is clicked on

22-11-2024T04:01:07 - [TEST_STEP][PASSED] - click(findTestObject("Выручка в рублях/Применить в фильтре Дата" + nameOfBlock)): Object: 'Object Repository/Выручка в рублях/Применить в фильтре Дата' is clicked on

22-11-2024T04:01:08 - [MESSAGE][PASSED] - Object: 'Object Repository/Выручка в рублях/Применить в фильтре Дата' is clicked on

22-11-2024T04:01:08 - [TEST_STEP][PASSED] - delay(50): Delayed 50 second(s)

22-11-2024T04:01:58 - [MESSAGE][PASSED] - Delayed 50 second(s)

22-11-2024T04:01:58 - [TEST_STEP][PASSED] - click(findTestObject("Выручка в рублях/Фильтр Период" + nameOfBlock)): Object: 'Object Repository/Выручка в рублях/Фильтр Период' is clicked on

22-11-2024T04:01:58 - [MESSAGE][PASSED] - Object: 'Object Repository/Выручка в рублях/Фильтр Период' is clicked on

22-11-2024T04:01:58 - [TEST_STEP][PASSED] - click(findTestObject("Выручка в рублях/Снять выделение в фильтре Дата" + nameOfBlock)): Object: 'Object Repository/Выручка в рублях/Снять выделение в фильтре Дата' is clicked on

22-11-2024T04:01:59 - [MESSAGE][PASSED] - Object: 'Object Repository/Выручка в рублях/Снять выделение в фильтре Дата' is clicked on

22-11-2024T04:01:59 - [TEST_STEP][PASSED] - scrollToElement(findTestObject("Выручка в рублях/2024 список" + nameOfBlock), 30): Scroll to object 'Object Repository/Выручка в рублях/2024 список' successfully

22-11-2024T04:01:59 - [MESSAGE][PASSED] - Scroll to object 'Object Repository/Выручка в рублях/2024 список' successfully

22-11-2024T04:01:59 - [TEST_STEP][PASSED] - click(findTestObject("Выручка в рублях/2024 список" + nameOfBlock)): Object: 'Object Repository/Выручка в рублях/2024 список' is clicked on

22-11-2024T04:01:59 - [MESSAGE][PASSED] - Object: 'Object Repository/Выручка в рублях/2024 список' is clicked on

22-11-2024T04:01:59 - [TEST_STEP][PASSED] - scrollToElement(findTestObject("Выручка в рублях/1 квартал 2024 выбрать" + nameOfBlock), 30): Scroll to object 'Object Repository/Выручка в рублях/1 квартал 2024 выбрать' successfully

22-11-2024T04:02:00 - [MESSAGE][PASSED] - Scroll to object 'Object Repository/Выручка в рублях/1 квартал 2024 выбрать' successfully

22-11-2024T04:02:00 - [TEST_STEP][PASSED] - click(findTestObject("Выручка в рублях/1 квартал 2024 выбрать" + nameOfBlock)): Object: 'Object Repository/Выручка в рублях/1 квартал 2024 выбрать' is clicked on

22-11-2024T04:02:00 - [MESSAGE][PASSED] - Object: 'Object Repository/Выручка в рублях/1 квартал 2024 выбрать' is clicked on

22-11-2024T04:02:00 - [TEST_STEP][PASSED] - scrollToElement(findTestObject("Выручка в рублях/2 квартал 2024 выбрать" + nameOfBlock), 30): Scroll to object 'Object Repository/Выручка в рублях/2 квартал 2024 выбрать' successfully

22-11-2024T04:02:01 - [MESSAGE][PASSED] - Scroll to object 'Object Repository/Выручка в рублях/2 квартал 2024 выбрать' successfully

22-11-2024T04:02:01 - [TEST_STEP][PASSED] - click(findTestObject("Выручка в рублях/2 квартал 2024 выбрать" + nameOfBlock)): Object: 'Object Repository/Выручка в рублях/2 квартал 2024 выбрать' is clicked on

22-11-2024T04:02:01 - [MESSAGE][PASSED] - Object: 'Object Repository/Выручка в рублях/2 квартал 2024 выбрать' is clicked on

22-11-2024T04:02:01 - [TEST_STEP][PASSED] - scrollToElement(findTestObject("Выручка в рублях/3 квартал 2024 список" + nameOfBlock), 30): Scroll to object 'Object Repository/Выручка в рублях/3 квартал 2024 список' successfully

22-11-2024T04:02:02 - [MESSAGE][PASSED] - Scroll to object 'Object Repository/Выручка в рублях/3 квартал 2024 список' successfully

22-11-2024T04:02:02 - [TEST_STEP][PASSED] - click(findTestObject("Выручка в рублях/3 квартал 2024" + nameOfBlock)): Object: 'Object Repository/Выручка в рублях/3 квартал 2024' is clicked on

22-11-2024T04:02:02 - [MESSAGE][PASSED] - Object: 'Object Repository/Выручка в рублях/3 квартал 2024' is clicked on

22-11-2024T04:02:02 - [TEST_STEP][PASSED] - scrollToElement(findTestObject("Выручка в рублях/Заголовок дашборда" + nameOfBlock), 30): Scroll to object 'Object Repository/Выручка в рублях/Заголовок дашборда' successfully

22-11-2024T04:02:03 - [MESSAGE][PASSED] - Scroll to object 'Object Repository/Выручка в рублях/Заголовок дашборда' successfully

22-11-2024T04:02:03 - [TEST_STEP][PASSED] - click(findTestObject("Выручка в рублях/Применить в фильтре Дата" + nameOfBlock)): Object: 'Object Repository/Выручка в рублях/Применить в фильтре Дата' is clicked on

22-11-2024T04:02:03 - [MESSAGE][PASSED] - Object: 'Object Repository/Выручка в рублях/Применить в фильтре Дата' is clicked on

22-11-2024T04:02:03 - [TEST_STEP][PASSED] - delay(55): Delayed 55 second(s)

22-11-2024T04:02:58 - [MESSAGE][PASSED] - Delayed 55 second(s)

22-11-2024T04:02:58 - [TEST_STEP][PASSED] - click(findTestObject("Выручка в рублях/Фильтр ДЗО" + nameOfBlock)): Object: 'Object Repository/Выручка в рублях/Фильтр ДЗО' is clicked on

22-11-2024T04:02:58 - [MESSAGE][PASSED] - Object: 'Object Repository/Выручка в рублях/Фильтр ДЗО' is clicked on

22-11-2024T04:02:58 - [TEST_STEP][PASSED] - click(findTestObject("Выручка в рублях/Снять выделение в фильтре ДЗО" + nameOfBlock)): Object: 'Object Repository/Выручка в рублях/Снять выделение в фильтре ДЗО' is clicked on

22-11-2024T04:02:59 - [MESSAGE][PASSED] - Object: 'Object Repository/Выручка в рублях/Снять выделение в фильтре ДЗО' is clicked on

22-11-2024T04:02:59 - [TEST_STEP][PASSED] - click(findTestObject("Выручка в рублях/Применить в фильтре ДЗО" + nameOfBlock)): Object: 'Object Repository/Выручка в рублях/Применить в фильтре ДЗО' is clicked on

22-11-2024T04:02:59 - [MESSAGE][PASSED] - Object: 'Object Repository/Выручка в рублях/Применить в фильтре ДЗО' is clicked on

22-11-2024T04:02:59 - [TEST_STEP][PASSED] - delay(50): Delayed 50 second(s)

22-11-2024T04:03:49 - [MESSAGE][PASSED] - Delayed 50 second(s)

22-11-2024T04:03:49 - [TEST_STEP][PASSED] - Script1710234207206.Tumbler(run, vir, block, nameOfBlock): null

22-11-2024T04:03:49 - [TEST_STEP][PASSED] - println("run:" + run): null

22-11-2024T04:03:49 - [TEST_STEP][PASSED] - println("vir:" + vir): null

22-11-2024T04:03:49 - [TEST_STEP][PASSED] - println("block:" + block): null

22-11-2024T04:03:49 - [TEST_STEP][PASSED] - println("nameOfBlock:" + nameOfBlock): null

22-11-2024T04:03:49 - [TEST_STEP][PASSED] - if (vir == 1): null

22-11-2024T04:03:49 - [TEST_STEP][PASSED] - else if (vir == 2): Object: 'Object Repository/Выручка в рублях/Применить в фильтре Выручка' is clicked on

22-11-2024T04:03:49 - [TEST_STEP][PASSED] - if (run == 2): null

22-11-2024T04:03:49 - [TEST_STEP][PASSED] - click(findTestObject("Выручка в рублях/Фильтр Выручка" + nameOfBlock)): Object: 'Object Repository/Выручка в рублях/Фильтр Выручка' is clicked on

22-11-2024T04:03:50 - [MESSAGE][PASSED] - Object: 'Object Repository/Выручка в рублях/Фильтр Выручка' is clicked on

22-11-2024T04:03:50 - [TEST_STEP][PASSED] - click(findTestObject("Выручка в рублях/Итого в фильтре Выручка" + nameOfBlock)): Object: 'Object Repository/Выручка в рублях/Итого в фильтре Выручка' is clicked on

22-11-2024T04:03:50 - [MESSAGE][PASSED] - Object: 'Object Repository/Выручка в рублях/Итого в фильтре Выручка' is clicked on

22-11-2024T04:03:50 - [TEST_STEP][PASSED] - click(findTestObject("Выручка в рублях/Применить в фильтре Выручка" + nameOfBlock)): Object: 'Object Repository/Выручка в рублях/Применить в фильтре Выручка' is clicked on

22-11-2024T04:03:51 - [MESSAGE][PASSED] - Object: 'Object Repository/Выручка в рублях/Применить в фильтре Выручка' is clicked on

22-11-2024T04:03:51 - [TEST_STEP][PASSED] - click(findTestObject("Выручка в рублях/Фильтр ДЗО" + nameOfBlock)): Object: 'Object Repository/Выручка в рублях/Фильтр ДЗО' is clicked on

22-11-2024T04:03:54 - [MESSAGE][PASSED] - Object: 'Object Repository/Выручка в рублях/Фильтр ДЗО' is clicked on

22-11-2024T04:03:54 - [TEST_STEP][PASSED] - Script1710234207206.Rosseti(nameOfBlock): null

22-11-2024T04:03:54 - [TEST_STEP][PASSED] - println("nameOfBlock:" + nameOfBlock): null

22-11-2024T04:03:54 - [TEST_STEP][PASSED] - click(findTestObject("Выручка в рублях/ПАО Россети" + nameOfBlock)): Object: 'Object Repository/Выручка в рублях/ПАО Россети' is clicked on

22-11-2024T04:03:55 - [MESSAGE][PASSED] - Object: 'Object Repository/Выручка в рублях/ПАО Россети' is clicked on

22-11-2024T04:03:55 - [TEST_STEP][PASSED] - click(findTestObject("Выручка в рублях/Применить в фильтре ДЗО" + nameOfBlock)): Object: 'Object Repository/Выручка в рублях/Применить в фильтре ДЗО' is clicked on

22-11-2024T04:03:55 - [MESSAGE][PASSED] - Object: 'Object Repository/Выручка в рублях/Применить в фильтре ДЗО' is clicked on

22-11-2024T04:03:55 - [TEST_STEP][PASSED] - if (run == 2): null

22-11-2024T04:03:55 - [TEST_STEP][PASSED] - if (vir == 1 || vir == 2): Text of object 'Object Repository/Выручка в рублях/График План' is: '1 038 923'

22-11-2024T04:03:55 - [TEST_STEP][PASSED] - a1 = getText(findTestObject("Выручка в рублях/График План")): Text of object 'Object Repository/Выручка в рублях/График План' is: '1 038 923'

22-11-2024T04:03:57 - [MESSAGE][PASSED] - Text of object 'Object Repository/Выручка в рублях/График План' is: '1 038 923'

22-11-2024T04:03:57 - [TEST_STEP][PASSED] - if (vir == 1 || vir == 2): Text of object 'Object Repository/Выручка в рублях/График Факт' is: '1 065 140'

22-11-2024T04:03:57 - [TEST_STEP][PASSED] - a2 = getText(findTestObject("Выручка в рублях/График Факт")): Text of object 'Object Repository/Выручка в рублях/График Факт' is: '1 065 140'

22-11-2024T04:03:58 - [MESSAGE][PASSED] - Text of object 'Object Repository/Выручка в рублях/График Факт' is: '1 065 140'

22-11-2024T04:03:58 - [TEST_STEP][PASSED] - a30 = getText(findTestObject("Выручка в рублях/span1" + perc)): Text of object 'Object Repository/Выручка в рублях/span1' is: '26 217.2 млн.руб.'

22-11-2024T04:03:58 - [MESSAGE][PASSED] - Text of object 'Object Repository/Выручка в рублях/span1' is: '26 217.2 млн.руб.'

22-11-2024T04:03:58 - [TEST_STEP][PASSED] - i = a30.indexOf("млн.руб."): null

22-11-2024T04:03:58 - [TEST_STEP][PASSED] - if (i > -1): null

22-11-2024T04:03:58 - [TEST_STEP][PASSED] - a30 = a30.substring(0, i): null

22-11-2024T04:03:58 - [TEST_STEP][PASSED] - a30 = a30.replaceAll(" ", ""): null

22-11-2024T04:03:58 - [TEST_STEP][PASSED] - if (a30.contains("%")): null

22-11-2024T04:03:58 - [TEST_STEP][PASSED] - a30 = ").trim(): null

22-11-2024T04:03:58 - [TEST_STEP][PASSED] - println("a30: " + a30): null

22-11-2024T04:03:58 - [TEST_STEP][PASSED] - if (vir == 1 || vir == 2): Text of object 'Object Repository/Выручка в рублях/span2' is: '287'

22-11-2024T04:03:58 - [TEST_STEP][PASSED] - a31 = ").trim(): Text of object 'Object Repository/Выручка в рублях/span2' is: '287'

22-11-2024T04:03:58 - [MESSAGE][PASSED] - Text of object 'Object Repository/Выручка в рублях/span2' is: '287'

22-11-2024T04:03:58 - [TEST_STEP][PASSED] - if (vir == 1 || vir == 2): Text of object 'Object Repository/Выручка в рублях/span3' is: '-11'

22-11-2024T04:03:58 - [TEST_STEP][PASSED] - a32 = ").trim(): Text of object 'Object Repository/Выручка в рублях/span3' is: '-11'

22-11-2024T04:03:58 - [MESSAGE][PASSED] - Text of object 'Object Repository/Выручка в рублях/span3' is: '-11'

22-11-2024T04:03:58 - [TEST_STEP][PASSED] - if (vir == 1 || vir == 2): Text of object 'Object Repository/Выручка в рублях/span8' is: '279'

22-11-2024T04:03:58 - [TEST_STEP][PASSED] - a33 = ").trim(): Text of object 'Object Repository/Выручка в рублях/span4' is: '25'

22-11-2024T04:03:59 - [MESSAGE][PASSED] - Text of object 'Object Repository/Выручка в рублях/span4' is: '25'

22-11-2024T04:03:59 - [TEST_STEP][PASSED] - a34 = ").trim(): Text of object 'Object Repository/Выручка в рублях/span5' is: '3 470'

22-11-2024T04:03:59 - [MESSAGE][PASSED] - Text of object 'Object Repository/Выручка в рублях/span5' is: '3 470'

22-11-2024T04:03:59 - [TEST_STEP][PASSED] - a35 = ").trim(): Text of object 'Object Repository/Выручка в рублях/span6' is: '3 855'

22-11-2024T04:03:59 - [MESSAGE][PASSED] - Text of object 'Object Repository/Выручка в рублях/span6' is: '3 855'

22-11-2024T04:03:59 - [TEST_STEP][PASSED] - a36 = ").trim(): Text of object 'Object Repository/Выручка в рублях/span7' is: '6 900'

22-11-2024T04:04:00 - [MESSAGE][PASSED] - Text of object 'Object Repository/Выручка в рублях/span7' is: '6 900'

22-11-2024T04:04:00 - [TEST_STEP][PASSED] - a37 = ").trim(): Text of object 'Object Repository/Выручка в рублях/span8' is: '279'

22-11-2024T04:04:00 - [MESSAGE][PASSED] - Text of object 'Object Repository/Выручка в рублях/span8' is: '279'

22-11-2024T04:04:00 - [TEST_STEP][PASSED] - if (vir == 1 || vir == 2): Text of object 'Object Repository/Выручка в рублях/span17' is: '1 281'

22-11-2024T04:04:00 - [TEST_STEP][PASSED] - a38 = ").trim(): Text of object 'Object Repository/Выручка в рублях/span9' is: '839'

22-11-2024T04:04:00 - [MESSAGE][PASSED] - Text of object 'Object Repository/Выручка в рублях/span9' is: '839'

22-11-2024T04:04:00 - [TEST_STEP][PASSED] - a39 = ").trim(): Text of object 'Object Repository/Выручка в рублях/span10' is: '2 116'

22-11-2024T04:04:01 - [MESSAGE][PASSED] - Text of object 'Object Repository/Выручка в рублях/span10' is: '2 116'

22-11-2024T04:04:01 - [TEST_STEP][PASSED] - a310 = ").trim(): Text of object 'Object Repository/Выручка в рублях/span11' is: '213'

22-11-2024T04:04:01 - [MESSAGE][PASSED] - Text of object 'Object Repository/Выручка в рублях/span11' is: '213'

22-11-2024T04:04:01 - [TEST_STEP][PASSED] - a311 = ").trim(): Text of object 'Object Repository/Выручка в рублях/span12' is: '-4 312'

22-11-2024T04:04:01 - [MESSAGE][PASSED] - Text of object 'Object Repository/Выручка в рублях/span12' is: '-4 312'

22-11-2024T04:04:01 - [TEST_STEP][PASSED] - a312 = ").trim(): Text of object 'Object Repository/Выручка в рублях/span13' is: '1 715'

22-11-2024T04:04:01 - [MESSAGE][PASSED] - Text of object 'Object Repository/Выручка в рублях/span13' is: '1 715'

22-11-2024T04:04:01 - [TEST_STEP][PASSED] - a313 = ").trim(): Text of object 'Object Repository/Выручка в рублях/span14' is: '1 999'

22-11-2024T04:04:02 - [MESSAGE][PASSED] - Text of object 'Object Repository/Выручка в рублях/span14' is: '1 999'

22-11-2024T04:04:02 - [TEST_STEP][PASSED] - a314 = ").trim(): Text of object 'Object Repository/Выручка в рублях/span15' is: '3 410'

22-11-2024T04:04:02 - [MESSAGE][PASSED] - Text of object 'Object Repository/Выручка в рублях/span15' is: '3 410'

22-11-2024T04:04:02 - [TEST_STEP][PASSED] - a315 = ").trim(): Text of object 'Object Repository/Выручка в рублях/span16' is: '3 873'

22-11-2024T04:04:02 - [MESSAGE][PASSED] - Text of object 'Object Repository/Выручка в рублях/span16' is: '3 873'

22-11-2024T04:04:02 - [TEST_STEP][PASSED] - a316 = ").trim(): Text of object 'Object Repository/Выручка в рублях/span17' is: '1 281'

22-11-2024T04:04:03 - [MESSAGE][PASSED] - Text of object 'Object Repository/Выручка в рублях/span17' is: '1 281'

22-11-2024T04:04:03 - [TEST_STEP][PASSED] - if (vir == 1 || vir == 2): Text of object 'Object Repository/Выручка в рублях/span18' is: '277'

22-11-2024T04:04:03 - [TEST_STEP][PASSED] - a317 = ").trim(): Text of object 'Object Repository/Выручка в рублях/span18' is: '277'

22-11-2024T04:04:03 - [MESSAGE][PASSED] - Text of object 'Object Repository/Выручка в рублях/span18' is: '277'

22-11-2024T04:04:03 - [TEST_STEP][PASSED] - block = 2: null

22-11-2024T04:04:03 - [TEST_STEP][PASSED] - nameOfBlock = " Выручка": null

22-11-2024T04:04:03 - [TEST_STEP][PASSED] - Script1710234207206.PreSettings(run, vir, block, nameOfBlock, typeOfData, todaysDate): null

22-11-2024T04:04:03 - [TEST_STEP][PASSED] - openBrowser(""): Browser is opened with url: ''

22-11-2024T04:04:03 - [MESSAGE][WARNING] - A browser is already opened. Closing browser and opening a new one

22-11-2024T04:04:03 - [MESSAGE][INFO] - Starting 'Chrome' driver

22-11-2024T04:04:03 - [MESSAGE][INFO] - Action delay is set to 0 milliseconds

22-11-2024T04:04:04 - [MESSAGE][PASSED] - Browser is opened with url: ''

22-11-2024T04:04:04 - [TEST_STEP][PASSED] - refresh(): Refresh successfully

22-11-2024T04:04:04 - [MESSAGE][PASSED] - Refresh successfully

22-11-2024T04:04:04 - [TEST_STEP][PASSED] - delay(50): Delayed 50 second(s)

22-11-2024T04:04:54 - [MESSAGE][PASSED] - Delayed 50 second(s)

22-11-2024T04:04:54 - [TEST_STEP][PASSED] - println("run:" + run): null

22-11-2024T04:04:54 - [TEST_STEP][PASSED] - println("vir:" + vir): null

22-11-2024T04:04:54 - [TEST_STEP][PASSED] - println("block:" + block): null

22-11-2024T04:04:54 - [TEST_STEP][PASSED] - if (block == 1): null

22-11-2024T04:04:54 - [TEST_STEP][PASSED] - else: null

22-11-2024T04:04:54 - [TEST_STEP][PASSED] - nameOfBlock = " Выручка": null

22-11-2024T04:04:54 - [TEST_STEP][PASSED] - println("nameOfBlock:" + nameOfBlock): null

22-11-2024T04:04:54 - [TEST_STEP][PASSED] - println("typeOfData:" + typeOfData): null

22-11-2024T04:04:54 - [TEST_STEP][PASSED] - println("todaysDate:" + todaysDate): null

22-11-2024T04:04:54 - [TEST_STEP][PASSED] - Script1710234207206.Autorization(block, nameOfBlock): null

22-11-2024T04:04:54 - [TEST_STEP][PASSED] - i = <not implemented yet for class: org.codehaus.groovy.ast.expr.EmptyExpression>: null

22-11-2024T04:04:54 - [TEST_STEP][PASSED] - ii = <not implemented yet for class: org.codehaus.groovy.ast.expr.EmptyExpression>: null

22-11-2024T04:04:54 - [TEST_STEP][PASSED] - urlData = <not implemented yet for class: org.codehaus.groovy.ast.expr.EmptyExpression>: null

22-11-2024T04:04:54 - [TEST_STEP][PASSED] - searchWord = <not implemented yet for class: org.codehaus.groovy.ast.expr.EmptyExpression>: null

22-11-2024T04:04:54 - [TEST_STEP][PASSED] - urlText = <not implemented yet for class: org.codehaus.groovy.ast.expr.EmptyExpression>: null

22-11-2024T04:04:54 - [TEST_STEP][PASSED] - println("block:" + block): null

22-11-2024T04:04:54 - [TEST_STEP][PASSED] - if (block == 1): null

22-11-2024T04:04:54 - [TEST_STEP][PASSED] - else: null

22-11-2024T04:04:54 - [TEST_STEP][PASSED] - delay(45): Delayed 45 second(s)

22-11-2024T04:05:39 - [MESSAGE][PASSED] - Delayed 45 second(s)

22-11-2024T04:05:39 - [TEST_STEP][PASSED] - nameOfBlock = " Выручка": null

22-11-2024T04:05:39 - [TEST_STEP][PASSED] - println("nameOfBlock:" + nameOfBlock): null

22-11-2024T04:05:39 - [TEST_STEP][PASSED] - if (block == 1): null

22-11-2024T04:05:39 - [TEST_STEP][PASSED] - else: Delayed 45 second(s)

22-11-2024T04:05:39 - [TEST_STEP][PASSED] - urlData = 9: null

22-11-2024T04:05:39 - [TEST_STEP][PASSED] - delay(45): Delayed 45 second(s)

22-11-2024T04:06:24 - [MESSAGE][PASSED] - Delayed 45 second(s)

22-11-2024T04:06:24 - [TEST_STEP][PASSED] - navigateToUrl(findTestData("PlanFact").getValue(10, urlData)): Navigate to 'https://bi.rosseti.digital/viewer?dashboardGuid=a1fd28b3785d443cbc4d7690a1d78e31&sheetGuid=86092a20c5984827a0c87b24cac76a50&fit=true' successfully

22-11-2024T04:06:30 - [MESSAGE][PASSED] - Navigate to 'https://bi.rosseti.digital/viewer?dashboardGuid=a1fd28b3785d443cbc4d7690a1d78e31&sheetGuid=86092a20c5984827a0c87b24cac76a50&fit=true' successfully

22-11-2024T04:06:30 - [TEST_STEP][PASSED] - urlText = getText(findTestObject("Страница авторизации/Text")): Text of object 'Object Repository/Страница авторизации/Text' is: 'Вход'

22-11-2024T04:06:33 - [MESSAGE][PASSED] - Text of object 'Object Repository/Страница авторизации/Text' is: 'Вход'

22-11-2024T04:06:33 - [TEST_STEP][PASSED] - searchWord = "Вход": null

22-11-2024T04:06:33 - [TEST_STEP][PASSED] - if (urlText == null || urlText.contains("ошибка") || urlText.contains(searchWord) == false): null

22-11-2024T04:06:33 - [TEST_STEP][PASSED] - if (verifyElementPresent(findTestObject("Страница авторизации/button_"), 30) == true): null

22-11-2024T04:06:34 - [MESSAGE][PASSED] - Object 'Object Repository/Страница авторизации/button_' is present

22-11-2024T04:06:34 - [TEST_STEP][PASSED] - setText(findTestObject("Страница авторизации/input__username"), findTestData("PlanFact").getValue(8, 1)): Text 'liazgina-di' is set on object 'Object Repository/Страница авторизации/input__username'

22-11-2024T04:06:34 - [MESSAGE][PASSED] - Text 'liazgina-di' is set on object 'Object Repository/Страница авторизации/input__username'

22-11-2024T04:06:34 - [TEST_STEP][PASSED] - setText(findTestObject("Страница авторизации/input__password"), findTestData("PlanFact").getValue(9, 1)): Text ')$%5srZ8o688Dm#q' is set on object 'Object Repository/Страница авторизации/input__password'

22-11-2024T04:06:35 - [MESSAGE][PASSED] - Text ')$%5srZ8o688Dm#q' is set on object 'Object Repository/Страница авторизации/input__password'

22-11-2024T04:06:35 - [TEST_STEP][PASSED] - click(findTestObject("Страница авторизации/button_")): Object: 'Object Repository/Страница авторизации/button_' is clicked on

22-11-2024T04:06:38 - [MESSAGE][PASSED] - Object: 'Object Repository/Страница авторизации/button_' is clicked on

22-11-2024T04:06:38 - [TEST_STEP][PASSED] - delay(45): Delayed 45 second(s)

22-11-2024T04:07:23 - [MESSAGE][PASSED] - Delayed 45 second(s)

22-11-2024T04:07:23 - [TEST_STEP][PASSED] - urlText = getText(findTestObject("Страница авторизации/Text")): Text of object 'Object Repository/Страница авторизации/Text' is: 'Период
Январь, Февраль, Март, Апрель, Май, Июнь, Июль, Август, Сентябрь 2024 года
Выручка
Все
Выполнение плановых показателей, млн.руб.
План
Факт
Динамика
2024 год
0 млн.руб.
100 000 млн.руб.
200 000 млн.руб.
300 000 млн.руб.
400 000 млн.руб.
500 000 млн.руб.
600 000 млн.руб.
700 000 млн.руб.
800 000 млн.руб.
900 000 млн.руб.
1 000 000 млн.руб.
1 100 000 млн.руб.
1 200 000 млн.руб.
1 300 000 млн.руб.
1 056 816
1 083 641
↑
ДЗО 
Все
Подписи данных
⬤Отклонение
АО «Тываэнерго»
АО «Чеченэнерго»
Россети Волга
Россети Кубань
Россети Ленэнерго (ГК)
Россети Московский регион
Россети Северный Кавказ (ГК)
Россети Северо-Запад
Россети Сибирь (ГК)
Россети Томск
Россети Тюмень
Россети Урал (ГК)
Россети ФСК ЕЭС
Россети Центр
Россети Центр и Приволжье (ГК)
Россети Юг (ГК)
Россети Янтарь
-5 000 млн.руб.
-4 000 млн.руб.
-3 000 млн.руб.
-2 000 млн.руб.
-1 000 млн.руб.
0 млн.руб.
1 000 млн.руб.
2 000 млн.руб.
3 000 млн.руб.
4 000 млн.руб.
5 000 млн.руб.
6 000 млн.руб.
7 000 млн.руб.
8 000 млн.руб.
239
68
25
3 470
3 855
6 900
821
839
2 116
213
-4 312
1 715
1 999
3 410
3 873
1 315
277
млн.
%
Выручка
Отклонение выручки по ПАО Россети за Январь, Февраль, Март, Апрель, Май, Июнь, Июль, Август, Сентябрь 2024 года (факт/план, млн. руб)
ПАО Россети
26 824.9 млн.руб.
Статус данных
×
Просьба обратить внимание
Данные занесены не полностью
ВЫБРАННЫЕ ЗНАЧЕНИЯ ФИЛЬТРОВ
ДЗО | ПЕРИОД
ПАО Россети: [«Выбраны все филиалы по всем ДЗО по всем категориям»]
2024: [Янв, Фев, Мар, Апр, Май, Июн, Июл, Авг, Сен]
*Внутренний оборот'

22-11-2024T04:07:24 - [MESSAGE][PASSED] - Text of object 'Object Repository/Страница авторизации/Text' is: 'Период
Январь, Февраль, Март, Апрель, Май, Июнь, Июль, Август, Сентябрь 2024 года
Выручка
Все
Выполнение плановых показателей, млн.руб.
План
Факт
Динамика
2024 год
0 млн.руб.
100 000 млн.руб.
200 000 млн.руб.
300 000 млн.руб.
400 000 млн.руб.
500 000 млн.руб.
600 000 млн.руб.
700 000 млн.руб.
800 000 млн.руб.
900 000 млн.руб.
1 000 000 млн.руб.
1 100 000 млн.руб.
1 200 000 млн.руб.
1 300 000 млн.руб.
1 056 816
1 083 641
↑
ДЗО 
Все
Подписи данных
⬤Отклонение
АО «Тываэнерго»
АО «Чеченэнерго»
Россети Волга
Россети Кубань
Россети Ленэнерго (ГК)
Россети Московский регион
Россети Северный Кавказ (ГК)
Россети Северо-Запад
Россети Сибирь (ГК)
Россети Томск
Россети Тюмень
Россети Урал (ГК)
Россети ФСК ЕЭС
Россети Центр
Россети Центр и Приволжье (ГК)
Россети Юг (ГК)
Россети Янтарь
-5 000 млн.руб.
-4 000 млн.руб.
-3 000 млн.руб.
-2 000 млн.руб.
-1 000 млн.руб.
0 млн.руб.
1 000 млн.руб.
2 000 млн.руб.
3 000 млн.руб.
4 000 млн.руб.
5 000 млн.руб.
6 000 млн.руб.
7 000 млн.руб.
8 000 млн.руб.
239
68
25
3 470
3 855
6 900
821
839
2 116
213
-4 312
1 715
1 999
3 410
3 873
1 315
277
млн.
%
Выручка
Отклонение выручки по ПАО Россети за Январь, Февраль, Март, Апрель, Май, Июнь, Июль, Август, Сентябрь 2024 года (факт/план, млн. руб)
ПАО Россети
26 824.9 млн.руб.
Статус данных
×
Просьба обратить внимание
Данные занесены не полностью
ВЫБРАННЫЕ ЗНАЧЕНИЯ ФИЛЬТРОВ
ДЗО | ПЕРИОД
ПАО Россети: [«Выбраны все филиалы по всем ДЗО по всем категориям»]
2024: [Янв, Фев, Мар, Апр, Май, Июн, Июл, Авг, Сен]
*Внутренний оборот'

22-11-2024T04:07:24 - [TEST_STEP][PASSED] - searchWord = "а": null

22-11-2024T04:07:24 - [TEST_STEP][PASSED] - if (urlText.contains("ошибка") || urlText.contains(searchWord) == false): null

22-11-2024T04:07:24 - [TEST_STEP][PASSED] - delay(45): Delayed 45 second(s)

22-11-2024T04:08:09 - [MESSAGE][PASSED] - Delayed 45 second(s)

22-11-2024T04:08:09 - [TEST_STEP][PASSED] - if (block == 2): Delayed 50 second(s)

22-11-2024T04:08:09 - [TEST_STEP][PASSED] - opoveshenie = getText(findTestObject("Выручка в рублях/Просьба обратить внимание")): Text of object 'Object Repository/Выручка в рублях/Просьба обратить внимание' is: 'Просьба обратить внимание'

22-11-2024T04:08:09 - [MESSAGE][PASSED] - Text of object 'Object Repository/Выручка в рублях/Просьба обратить внимание' is: 'Просьба обратить внимание'

22-11-2024T04:08:09 - [TEST_STEP][PASSED] - if (opoveshenie == "Просьба обратить внимание"): Delayed 50 second(s)

22-11-2024T04:08:09 - [TEST_STEP][PASSED] - click(findTestObject("Выручка в рублях/Закрыть оповещение")): Object: 'Object Repository/Выручка в рублях/Закрыть оповещение' is clicked on

22-11-2024T04:08:09 - [MESSAGE][PASSED] - Object: 'Object Repository/Выручка в рублях/Закрыть оповещение' is clicked on

22-11-2024T04:08:09 - [TEST_STEP][PASSED] - delay(50): Delayed 50 second(s)

22-11-2024T04:08:59 - [MESSAGE][PASSED] - Delayed 50 second(s)

22-11-2024T04:08:59 - [TEST_STEP][PASSED] - click(findTestObject("Выручка в рублях/Фильтр Период" + nameOfBlock)): Object: 'Object Repository/Выручка в рублях/Фильтр Период Выручка' is clicked on

22-11-2024T04:09:00 - [MESSAGE][PASSED] - Object: 'Object Repository/Выручка в рублях/Фильтр Период Выручка' is clicked on

22-11-2024T04:09:00 - [TEST_STEP][PASSED] - click(findTestObject("Выручка в рублях/Снять выделение в фильтре Дата" + nameOfBlock)): Object: 'Object Repository/Выручка в рублях/Снять выделение в фильтре Дата Выручка' is clicked on

22-11-2024T04:09:00 - [MESSAGE][PASSED] - Object: 'Object Repository/Выручка в рублях/Снять выделение в фильтре Дата Выручка' is clicked on

22-11-2024T04:09:00 - [TEST_STEP][PASSED] - click(findTestObject("Выручка в рублях/Применить в фильтре Дата" + nameOfBlock)): Object: 'Object Repository/Выручка в рублях/Применить в фильтре Дата Выручка' is clicked on

22-11-2024T04:09:01 - [MESSAGE][PASSED] - Object: 'Object Repository/Выручка в рублях/Применить в фильтре Дата Выручка' is clicked on

22-11-2024T04:09:01 - [TEST_STEP][PASSED] - delay(50): Delayed 50 second(s)

22-11-2024T04:09:51 - [MESSAGE][PASSED] - Delayed 50 second(s)

22-11-2024T04:09:51 - [TEST_STEP][PASSED] - click(findTestObject("Выручка в рублях/Фильтр Период" + nameOfBlock)): Object: 'Object Repository/Выручка в рублях/Фильтр Период Выручка' is clicked on

22-11-2024T04:09:51 - [MESSAGE][PASSED] - Object: 'Object Repository/Выручка в рублях/Фильтр Период Выручка' is clicked on

22-11-2024T04:09:51 - [TEST_STEP][PASSED] - click(findTestObject("Выручка в рублях/Снять выделение в фильтре Дата" + nameOfBlock)): Object: 'Object Repository/Выручка в рублях/Снять выделение в фильтре Дата Выручка' is clicked on

22-11-2024T04:09:52 - [MESSAGE][PASSED] - Object: 'Object Repository/Выручка в рублях/Снять выделение в фильтре Дата Выручка' is clicked on

22-11-2024T04:09:52 - [TEST_STEP][PASSED] - scrollToElement(findTestObject("Выручка в рублях/2024 список" + nameOfBlock), 30): Scroll to object 'Object Repository/Выручка в рублях/2024 список Выручка' successfully

22-11-2024T04:09:52 - [MESSAGE][PASSED] - Scroll to object 'Object Repository/Выручка в рублях/2024 список Выручка' successfully

22-11-2024T04:09:52 - [TEST_STEP][PASSED] - click(findTestObject("Выручка в рублях/2024 список" + nameOfBlock)): Object: 'Object Repository/Выручка в рублях/2024 список Выручка' is clicked on

22-11-2024T04:09:52 - [MESSAGE][PASSED] - Object: 'Object Repository/Выручка в рублях/2024 список Выручка' is clicked on

22-11-2024T04:09:52 - [TEST_STEP][PASSED] - scrollToElement(findTestObject("Выручка в рублях/1 квартал 2024 выбрать" + nameOfBlock), 30): Scroll to object 'Object Repository/Выручка в рублях/1 квартал 2024 выбрать Выручка' successfully

22-11-2024T04:09:53 - [MESSAGE][PASSED] - Scroll to object 'Object Repository/Выручка в рублях/1 квартал 2024 выбрать Выручка' successfully

22-11-2024T04:09:53 - [TEST_STEP][PASSED] - click(findTestObject("Выручка в рублях/1 квартал 2024 выбрать" + nameOfBlock)): Object: 'Object Repository/Выручка в рублях/1 квартал 2024 выбрать Выручка' is clicked on

22-11-2024T04:09:53 - [MESSAGE][PASSED] - Object: 'Object Repository/Выручка в рублях/1 квартал 2024 выбрать Выручка' is clicked on

22-11-2024T04:09:53 - [TEST_STEP][PASSED] - scrollToElement(findTestObject("Выручка в рублях/2 квартал 2024 выбрать" + nameOfBlock), 30): Scroll to object 'Object Repository/Выручка в рублях/2 квартал 2024 выбрать Выручка' successfully

22-11-2024T04:09:54 - [MESSAGE][PASSED] - Scroll to object 'Object Repository/Выручка в рублях/2 квартал 2024 выбрать Выручка' successfully

22-11-2024T04:09:54 - [TEST_STEP][PASSED] - click(findTestObject("Выручка в рублях/2 квартал 2024 выбрать" + nameOfBlock)): Object: 'Object Repository/Выручка в рублях/2 квартал 2024 выбрать Выручка' is clicked on

22-11-2024T04:09:54 - [MESSAGE][PASSED] - Object: 'Object Repository/Выручка в рублях/2 квартал 2024 выбрать Выручка' is clicked on

22-11-2024T04:09:54 - [TEST_STEP][PASSED] - scrollToElement(findTestObject("Выручка в рублях/3 квартал 2024 список" + nameOfBlock), 30): Scroll to object 'Object Repository/Выручка в рублях/3 квартал 2024 список Выручка' successfully

22-11-2024T04:09:55 - [MESSAGE][PASSED] - Scroll to object 'Object Repository/Выручка в рублях/3 квартал 2024 список Выручка' successfully

22-11-2024T04:09:55 - [TEST_STEP][PASSED] - click(findTestObject("Выручка в рублях/3 квартал 2024" + nameOfBlock)): Object: 'Object Repository/Выручка в рублях/3 квартал 2024 Выручка' is clicked on

22-11-2024T04:09:55 - [MESSAGE][PASSED] - Object: 'Object Repository/Выручка в рублях/3 квартал 2024 Выручка' is clicked on

22-11-2024T04:09:55 - [TEST_STEP][PASSED] - scrollToElement(findTestObject("Выручка в рублях/Заголовок дашборда" + nameOfBlock), 30): Scroll to object 'Object Repository/Выручка в рублях/Заголовок дашборда Выручка' successfully

22-11-2024T04:09:55 - [MESSAGE][PASSED] - Scroll to object 'Object Repository/Выручка в рублях/Заголовок дашборда Выручка' successfully

22-11-2024T04:09:55 - [TEST_STEP][PASSED] - click(findTestObject("Выручка в рублях/Применить в фильтре Дата" + nameOfBlock)): Object: 'Object Repository/Выручка в рублях/Применить в фильтре Дата Выручка' is clicked on

22-11-2024T04:09:56 - [MESSAGE][PASSED] - Object: 'Object Repository/Выручка в рублях/Применить в фильтре Дата Выручка' is clicked on

22-11-2024T04:09:56 - [TEST_STEP][PASSED] - delay(55): Delayed 55 second(s)

22-11-2024T04:10:51 - [MESSAGE][PASSED] - Delayed 55 second(s)

22-11-2024T04:10:51 - [TEST_STEP][PASSED] - click(findTestObject("Выручка в рублях/Фильтр ДЗО" + nameOfBlock)): Object: 'Object Repository/Выручка в рублях/Фильтр ДЗО Выручка' is clicked on

22-11-2024T04:10:51 - [MESSAGE][PASSED] - Object: 'Object Repository/Выручка в рублях/Фильтр ДЗО Выручка' is clicked on

22-11-2024T04:10:51 - [TEST_STEP][PASSED] - click(findTestObject("Выручка в рублях/Снять выделение в фильтре ДЗО" + nameOfBlock)): Object: 'Object Repository/Выручка в рублях/Снять выделение в фильтре ДЗО Выручка' is clicked on

22-11-2024T04:10:52 - [MESSAGE][PASSED] - Object: 'Object Repository/Выручка в рублях/Снять выделение в фильтре ДЗО Выручка' is clicked on

22-11-2024T04:10:52 - [TEST_STEP][PASSED] - click(findTestObject("Выручка в рублях/Применить в фильтре ДЗО" + nameOfBlock)): Object: 'Object Repository/Выручка в рублях/Применить в фильтре ДЗО Выручка' is clicked on

22-11-2024T04:10:53 - [MESSAGE][PASSED] - Object: 'Object Repository/Выручка в рублях/Применить в фильтре ДЗО Выручка' is clicked on

22-11-2024T04:10:53 - [TEST_STEP][PASSED] - delay(50): Delayed 50 second(s)

22-11-2024T04:11:43 - [MESSAGE][PASSED] - Delayed 50 second(s)

22-11-2024T04:11:43 - [TEST_STEP][PASSED] - Script1710234207206.Tumbler(run, vir, block, nameOfBlock): null

22-11-2024T04:11:43 - [TEST_STEP][PASSED] - println("run:" + run): null

22-11-2024T04:11:43 - [TEST_STEP][PASSED] - println("vir:" + vir): null

22-11-2024T04:11:43 - [TEST_STEP][PASSED] - println("block:" + block): null

22-11-2024T04:11:43 - [TEST_STEP][PASSED] - println("nameOfBlock:" + nameOfBlock): null

22-11-2024T04:11:43 - [TEST_STEP][PASSED] - if (vir == 1): null

22-11-2024T04:11:43 - [TEST_STEP][PASSED] - else if (vir == 2): Object: 'Object Repository/Выручка в рублях/Применить в фильтре Выручка Выручка' is clicked on

22-11-2024T04:11:43 - [TEST_STEP][PASSED] - if (run == 2): null

22-11-2024T04:11:43 - [TEST_STEP][PASSED] - click(findTestObject("Выручка в рублях/Фильтр Выручка" + nameOfBlock)): Object: 'Object Repository/Выручка в рублях/Фильтр Выручка Выручка' is clicked on

22-11-2024T04:11:43 - [MESSAGE][PASSED] - Object: 'Object Repository/Выручка в рублях/Фильтр Выручка Выручка' is clicked on

22-11-2024T04:11:43 - [TEST_STEP][PASSED] - click(findTestObject("Выручка в рублях/Итого в фильтре Выручка" + nameOfBlock)): Object: 'Object Repository/Выручка в рублях/Итого в фильтре Выручка Выручка' is clicked on

22-11-2024T04:11:43 - [MESSAGE][PASSED] - Object: 'Object Repository/Выручка в рублях/Итого в фильтре Выручка Выручка' is clicked on

22-11-2024T04:11:43 - [TEST_STEP][PASSED] - click(findTestObject("Выручка в рублях/Применить в фильтре Выручка" + nameOfBlock)): Object: 'Object Repository/Выручка в рублях/Применить в фильтре Выручка Выручка' is clicked on

22-11-2024T04:11:44 - [MESSAGE][PASSED] - Object: 'Object Repository/Выручка в рублях/Применить в фильтре Выручка Выручка' is clicked on

22-11-2024T04:11:44 - [TEST_STEP][PASSED] - click(findTestObject("Выручка в рублях/Фильтр ДЗО" + nameOfBlock)): Object: 'Object Repository/Выручка в рублях/Фильтр ДЗО Выручка' is clicked on

22-11-2024T04:11:46 - [MESSAGE][PASSED] - Object: 'Object Repository/Выручка в рублях/Фильтр ДЗО Выручка' is clicked on

22-11-2024T04:11:46 - [TEST_STEP][PASSED] - Script1710234207206.Rosseti(nameOfBlock): null

22-11-2024T04:11:46 - [TEST_STEP][PASSED] - println("nameOfBlock:" + nameOfBlock): null

22-11-2024T04:11:46 - [TEST_STEP][PASSED] - click(findTestObject("Выручка в рублях/ПАО Россети" + nameOfBlock)): Object: 'Object Repository/Выручка в рублях/ПАО Россети Выручка' is clicked on

22-11-2024T04:11:47 - [MESSAGE][PASSED] - Object: 'Object Repository/Выручка в рублях/ПАО Россети Выручка' is clicked on

22-11-2024T04:11:47 - [TEST_STEP][PASSED] - click(findTestObject("Выручка в рублях/Применить в фильтре ДЗО" + nameOfBlock)): Object: 'Object Repository/Выручка в рублях/Применить в фильтре ДЗО Выручка' is clicked on

22-11-2024T04:11:47 - [MESSAGE][PASSED] - Object: 'Object Repository/Выручка в рублях/Применить в фильтре ДЗО Выручка' is clicked on

22-11-2024T04:11:47 - [TEST_STEP][PASSED] - if (vir == 1 || vir == 2): Text of object 'Object Repository/Выручка в рублях/График План Выручка' is: '1 038 923'

22-11-2024T04:11:47 - [TEST_STEP][PASSED] - b1 = getText(findTestObject("Выручка в рублях/График План Выручка")): Text of object 'Object Repository/Выручка в рублях/График План Выручка' is: '1 038 923'

22-11-2024T04:11:50 - [MESSAGE][PASSED] - Text of object 'Object Repository/Выручка в рублях/График План Выручка' is: '1 038 923'

22-11-2024T04:11:50 - [TEST_STEP][PASSED] - if (vir == 1 || vir == 2): Text of object 'Object Repository/Выручка в рублях/График Факт Выручка' is: '1 065 140'

22-11-2024T04:11:50 - [TEST_STEP][PASSED] - b2 = getText(findTestObject("Выручка в рублях/График Факт Выручка")): Text of object 'Object Repository/Выручка в рублях/График Факт Выручка' is: '1 065 140'

22-11-2024T04:11:50 - [MESSAGE][PASSED] - Text of object 'Object Repository/Выручка в рублях/График Факт Выручка' is: '1 065 140'

22-11-2024T04:11:50 - [TEST_STEP][PASSED] - b30 = getText(findTestObject("Выручка в рублях/span1" + perc)): Text of object 'Object Repository/Выручка в рублях/span1' is: '26 217.2 млн.руб.'

22-11-2024T04:11:50 - [MESSAGE][PASSED] - Text of object 'Object Repository/Выручка в рублях/span1' is: '26 217.2 млн.руб.'

22-11-2024T04:11:50 - [TEST_STEP][PASSED] - i = b30.indexOf("млн.руб."): null

22-11-2024T04:11:50 - [TEST_STEP][PASSED] - if (i > -1): null

22-11-2024T04:11:50 - [TEST_STEP][PASSED] - b30 = b30.substring(0, i): null

22-11-2024T04:11:50 - [TEST_STEP][PASSED] - b30 = b30.replaceAll(" ", ""): null

22-11-2024T04:11:50 - [TEST_STEP][PASSED] - if (b30.contains("%")): null

22-11-2024T04:11:50 - [TEST_STEP][PASSED] - b30 = ").trim(): null

22-11-2024T04:11:50 - [TEST_STEP][PASSED] - println("b30: " + b30): null

22-11-2024T04:11:50 - [TEST_STEP][PASSED] - if (vir == 1 || vir == 2): Text of object 'Object Repository/Выручка в рублях/span2' is: '287'

22-11-2024T04:11:50 - [TEST_STEP][PASSED] - b31 = ").trim(): Text of object 'Object Repository/Выручка в рублях/span2' is: '287'

22-11-2024T04:11:51 - [MESSAGE][PASSED] - Text of object 'Object Repository/Выручка в рублях/span2' is: '287'

22-11-2024T04:11:51 - [TEST_STEP][PASSED] - if (vir == 1 || vir == 2): Text of object 'Object Repository/Выручка в рублях/span3' is: '-11'

22-11-2024T04:11:51 - [TEST_STEP][PASSED] - b32 = ").trim(): Text of object 'Object Repository/Выручка в рублях/span3' is: '-11'

22-11-2024T04:11:51 - [MESSAGE][PASSED] - Text of object 'Object Repository/Выручка в рублях/span3' is: '-11'

22-11-2024T04:11:51 - [TEST_STEP][PASSED] - if (vir == 1 || vir == 2): Text of object 'Object Repository/Выручка в рублях/span8' is: '279'

22-11-2024T04:11:51 - [TEST_STEP][PASSED] - b33 = ").trim(): Text of object 'Object Repository/Выручка в рублях/span4' is: '25'

22-11-2024T04:11:51 - [MESSAGE][PASSED] - Text of object 'Object Repository/Выручка в рублях/span4' is: '25'

22-11-2024T04:11:51 - [TEST_STEP][PASSED] - b34 = ").trim(): Text of object 'Object Repository/Выручка в рублях/span5' is: '3 470'

22-11-2024T04:11:52 - [MESSAGE][PASSED] - Text of object 'Object Repository/Выручка в рублях/span5' is: '3 470'

22-11-2024T04:11:52 - [TEST_STEP][PASSED] - b35 = ").trim(): Text of object 'Object Repository/Выручка в рублях/span6' is: '3 855'

22-11-2024T04:11:52 - [MESSAGE][PASSED] - Text of object 'Object Repository/Выручка в рублях/span6' is: '3 855'

22-11-2024T04:11:52 - [TEST_STEP][PASSED] - b36 = ").trim(): Text of object 'Object Repository/Выручка в рублях/span7' is: '6 900'

22-11-2024T04:11:52 - [MESSAGE][PASSED] - Text of object 'Object Repository/Выручка в рублях/span7' is: '6 900'

22-11-2024T04:11:52 - [TEST_STEP][PASSED] - b37 = ").trim(): Text of object 'Object Repository/Выручка в рублях/span8' is: '279'

22-11-2024T04:11:53 - [MESSAGE][PASSED] - Text of object 'Object Repository/Выручка в рублях/span8' is: '279'

22-11-2024T04:11:53 - [TEST_STEP][PASSED] - if (vir == 1 || vir == 2): Text of object 'Object Repository/Выручка в рублях/span17' is: '1 281'

22-11-2024T04:11:53 - [TEST_STEP][PASSED] - b38 = ").trim(): Text of object 'Object Repository/Выручка в рублях/span9' is: '839'

22-11-2024T04:11:53 - [MESSAGE][PASSED] - Text of object 'Object Repository/Выручка в рублях/span9' is: '839'

22-11-2024T04:11:53 - [TEST_STEP][PASSED] - b39 = ").trim(): Text of object 'Object Repository/Выручка в рублях/span10' is: '2 116'

22-11-2024T04:11:53 - [MESSAGE][PASSED] - Text of object 'Object Repository/Выручка в рублях/span10' is: '2 116'

22-11-2024T04:11:53 - [TEST_STEP][PASSED] - b310 = ").trim(): Text of object 'Object Repository/Выручка в рублях/span11' is: '213'

22-11-2024T04:11:53 - [MESSAGE][PASSED] - Text of object 'Object Repository/Выручка в рублях/span11' is: '213'

22-11-2024T04:11:53 - [TEST_STEP][PASSED] - b311 = ").trim(): Text of object 'Object Repository/Выручка в рублях/span12' is: '-4 312'

22-11-2024T04:11:54 - [MESSAGE][PASSED] - Text of object 'Object Repository/Выручка в рублях/span12' is: '-4 312'

22-11-2024T04:11:54 - [TEST_STEP][PASSED] - b312 = ").trim(): Text of object 'Object Repository/Выручка в рублях/span13' is: '1 715'

22-11-2024T04:11:54 - [MESSAGE][PASSED] - Text of object 'Object Repository/Выручка в рублях/span13' is: '1 715'

22-11-2024T04:11:54 - [TEST_STEP][PASSED] - b313 = ").trim(): Text of object 'Object Repository/Выручка в рублях/span14' is: '1 999'

22-11-2024T04:11:54 - [MESSAGE][PASSED] - Text of object 'Object Repository/Выручка в рублях/span14' is: '1 999'

22-11-2024T04:11:54 - [TEST_STEP][PASSED] - b314 = ").trim(): Text of object 'Object Repository/Выручка в рублях/span15' is: '3 410'

22-11-2024T04:11:55 - [MESSAGE][PASSED] - Text of object 'Object Repository/Выручка в рублях/span15' is: '3 410'

22-11-2024T04:11:55 - [TEST_STEP][PASSED] - b315 = ").trim(): Text of object 'Object Repository/Выручка в рублях/span16' is: '3 873'

22-11-2024T04:11:55 - [MESSAGE][PASSED] - Text of object 'Object Repository/Выручка в рублях/span16' is: '3 873'

22-11-2024T04:11:55 - [TEST_STEP][PASSED] - b316 = ").trim(): Text of object 'Object Repository/Выручка в рублях/span17' is: '1 281'

22-11-2024T04:11:55 - [MESSAGE][PASSED] - Text of object 'Object Repository/Выручка в рублях/span17' is: '1 281'

22-11-2024T04:11:55 - [TEST_STEP][PASSED] - if (vir == 1 || vir == 2): Text of object 'Object Repository/Выручка в рублях/span18' is: '277'

22-11-2024T04:11:55 - [TEST_STEP][PASSED] - b317 = ").trim(): Text of object 'Object Repository/Выручка в рублях/span18' is: '277'

22-11-2024T04:11:56 - [MESSAGE][PASSED] - Text of object 'Object Repository/Выручка в рублях/span18' is: '277'

22-11-2024T04:11:56 - [TEST_STEP][PASSED] - dZO = "ПАО Россети": null

22-11-2024T04:11:56 - [TEST_STEP][PASSED] - if (verifyEqual(a1, b1) == false): Actual object '1 038 923' and expected object '1 038 923' are equal

22-11-2024T04:11:56 - [MESSAGE][PASSED] - Actual object '1 038 923' and expected object '1 038 923' are equal

22-11-2024T04:11:56 - [TEST_STEP][PASSED] - if (verifyEqual(a2, b2) == false): Actual object '1 065 140' and expected object '1 065 140' are equal

22-11-2024T04:11:56 - [MESSAGE][PASSED] - Actual object '1 065 140' and expected object '1 065 140' are equal

22-11-2024T04:11:56 - [TEST_STEP][PASSED] - vidget = "Отклонения": null

22-11-2024T04:11:56 - [TEST_STEP][PASSED] - if (verifyEqual(a30, b30) == false): Actual object '26217.2' and expected object '26217.2' are equal

22-11-2024T04:11:56 - [MESSAGE][PASSED] - Actual object '26217.2' and expected object '26217.2' are equal

22-11-2024T04:11:56 - [TEST_STEP][PASSED] - dZO = "АО «Тываэнерго»": null

22-11-2024T04:11:56 - [TEST_STEP][PASSED] - if (verifyEqual(a31, b31) == false): Actual object '287' and expected object '287' are equal

22-11-2024T04:11:56 - [MESSAGE][PASSED] - Actual object '287' and expected object '287' are equal

22-11-2024T04:11:56 - [TEST_STEP][PASSED] - dZO = "АО «Чеченэнерго»": null

22-11-2024T04:11:56 - [TEST_STEP][PASSED] - if (verifyEqual(a32, b32) == false): Actual object '-11' and expected object '-11' are equal

22-11-2024T04:11:56 - [MESSAGE][PASSED] - Actual object '-11' and expected object '-11' are equal

22-11-2024T04:11:56 - [TEST_STEP][PASSED] - dZO = "Россети Волга": null

22-11-2024T04:11:56 - [TEST_STEP][PASSED] - if (verifyEqual(a33, b33) == false): Actual object '25' and expected object '25' are equal

22-11-2024T04:11:56 - [MESSAGE][PASSED] - Actual object '25' and expected object '25' are equal

22-11-2024T04:11:56 - [TEST_STEP][PASSED] - dZO = "Россети Кубань": null

22-11-2024T04:11:56 - [TEST_STEP][PASSED] - if (verifyEqual(a34, b34) == false): Actual object '3 470' and expected object '3 470' are equal

22-11-2024T04:11:56 - [MESSAGE][PASSED] - Actual object '3 470' and expected object '3 470' are equal

22-11-2024T04:11:56 - [TEST_STEP][PASSED] - dZO = "Россети Ленэнерго (ГК)": null

22-11-2024T04:11:56 - [TEST_STEP][PASSED] - if (verifyEqual(a35, b35) == false): Actual object '3 855' and expected object '3 855' are equal

22-11-2024T04:11:56 - [MESSAGE][PASSED] - Actual object '3 855' and expected object '3 855' are equal

22-11-2024T04:11:56 - [TEST_STEP][PASSED] - dZO = "Россети Московский регион": null

22-11-2024T04:11:56 - [TEST_STEP][PASSED] - if (verifyEqual(a36, b36) == false): Actual object '6 900' and expected object '6 900' are equal

22-11-2024T04:11:56 - [MESSAGE][PASSED] - Actual object '6 900' and expected object '6 900' are equal

22-11-2024T04:11:56 - [TEST_STEP][PASSED] - dZO = "Россети Северный Кавказ (ГК)": null

22-11-2024T04:11:56 - [TEST_STEP][PASSED] - if (verifyEqual(a37, b37) == false): Actual object '279' and expected object '279' are equal

22-11-2024T04:11:56 - [MESSAGE][PASSED] - Actual object '279' and expected object '279' are equal

22-11-2024T04:11:56 - [TEST_STEP][PASSED] - dZO = "Россети Северо-Запад": null

22-11-2024T04:11:56 - [TEST_STEP][PASSED] - if (verifyEqual(a38, b38) == false): Actual object '839' and expected object '839' are equal

22-11-2024T04:11:56 - [MESSAGE][PASSED] - Actual object '839' and expected object '839' are equal

22-11-2024T04:11:56 - [TEST_STEP][PASSED] - dZO = "Россети Сибирь (ГК)": null

22-11-2024T04:11:56 - [TEST_STEP][PASSED] - if (verifyEqual(a39, b39) == false): Actual object '2 116' and expected object '2 116' are equal

22-11-2024T04:11:56 - [MESSAGE][PASSED] - Actual object '2 116' and expected object '2 116' are equal

22-11-2024T04:11:56 - [TEST_STEP][PASSED] - dZO = "Россети Томск": null

22-11-2024T04:11:56 - [TEST_STEP][PASSED] - if (verifyEqual(a310, b310) == false): Actual object '213' and expected object '213' are equal

22-11-2024T04:11:56 - [MESSAGE][PASSED] - Actual object '213' and expected object '213' are equal

22-11-2024T04:11:56 - [TEST_STEP][PASSED] - dZO = "Россети Тюмень": null

22-11-2024T04:11:56 - [TEST_STEP][PASSED] - if (verifyEqual(a311, b311) == false): Actual object '-4 312' and expected object '-4 312' are equal

22-11-2024T04:11:56 - [MESSAGE][PASSED] - Actual object '-4 312' and expected object '-4 312' are equal

22-11-2024T04:11:56 - [TEST_STEP][PASSED] - dZO = "Россети Урал (ГК)": null

22-11-2024T04:11:56 - [TEST_STEP][PASSED] - if (verifyEqual(a312, b312) == false): Actual object '1 715' and expected object '1 715' are equal

22-11-2024T04:11:56 - [MESSAGE][PASSED] - Actual object '1 715' and expected object '1 715' are equal

22-11-2024T04:11:56 - [TEST_STEP][PASSED] - dZO = "Россети ФСК ЕЭС": null

22-11-2024T04:11:56 - [TEST_STEP][PASSED] - if (verifyEqual(a313, b313) == false): Actual object '1 999' and expected object '1 999' are equal

22-11-2024T04:11:56 - [MESSAGE][PASSED] - Actual object '1 999' and expected object '1 999' are equal

22-11-2024T04:11:56 - [TEST_STEP][PASSED] - dZO = "Россети Центр": null

22-11-2024T04:11:56 - [TEST_STEP][PASSED] - if (verifyEqual(a314, b314) == false): Actual object '3 410' and expected object '3 410' are equal

22-11-2024T04:11:56 - [MESSAGE][PASSED] - Actual object '3 410' and expected object '3 410' are equal

22-11-2024T04:11:56 - [TEST_STEP][PASSED] - dZO = "Россети Центр и Приволжье (ГК)": null

22-11-2024T04:11:56 - [TEST_STEP][PASSED] - if (verifyEqual(a315, b315) == false): Actual object '3 873' and expected object '3 873' are equal

22-11-2024T04:11:56 - [MESSAGE][PASSED] - Actual object '3 873' and expected object '3 873' are equal

22-11-2024T04:11:56 - [TEST_STEP][PASSED] - dZO = "Россети Юг (ГК)": null

22-11-2024T04:11:56 - [TEST_STEP][PASSED] - if (verifyEqual(a316, b316) == false): Actual object '1 281' and expected object '1 281' are equal

22-11-2024T04:11:56 - [MESSAGE][PASSED] - Actual object '1 281' and expected object '1 281' are equal

22-11-2024T04:11:56 - [TEST_STEP][PASSED] - dZO = "Россети Янтарь": null

22-11-2024T04:11:56 - [TEST_STEP][PASSED] - if (verifyEqual(a317, b317) == false): Actual object '277' and expected object '277' are equal

22-11-2024T04:11:56 - [MESSAGE][PASSED] - Actual object '277' and expected object '277' are equal

22-11-2024T04:11:56 - [TEST_STEP][PASSED] - closeBrowser(): null

22-11-2024T04:11:56 - [MESSAGE][PASSED] - Browser is closed

22-11-2024T04:11:56 - [TEST_STEP][PASSED] - Script1710234207206.Blocks(run, vir, block, nameOfBlock, typeOfData, viruchka, vidget, todaysDate, a, b, dZO, x, y): null

22-11-2024T04:11:56 - [TEST_STEP][PASSED] - i = <not implemented yet for class: org.codehaus.groovy.ast.expr.EmptyExpression>: null

22-11-2024T04:11:56 - [TEST_STEP][PASSED] - perc = "": null

22-11-2024T04:11:56 - [TEST_STEP][PASSED] - a1 = <not implemented yet for class: org.codehaus.groovy.ast.expr.EmptyExpression>: null

22-11-2024T04:11:56 - [TEST_STEP][PASSED] - a2 = <not implemented yet for class: org.codehaus.groovy.ast.expr.EmptyExpression>: null

22-11-2024T04:11:56 - [TEST_STEP][PASSED] - a30 = <not implemented yet for class: org.codehaus.groovy.ast.expr.EmptyExpression>: null

22-11-2024T04:11:56 - [TEST_STEP][PASSED] - a31 = <not implemented yet for class: org.codehaus.groovy.ast.expr.EmptyExpression>: null

22-11-2024T04:11:56 - [TEST_STEP][PASSED] - a32 = <not implemented yet for class: org.codehaus.groovy.ast.expr.EmptyExpression>: null

22-11-2024T04:11:56 - [TEST_STEP][PASSED] - a33 = <not implemented yet for class: org.codehaus.groovy.ast.expr.EmptyExpression>: null

22-11-2024T04:11:56 - [TEST_STEP][PASSED] - a34 = <not implemented yet for class: org.codehaus.groovy.ast.expr.EmptyExpression>: null

22-11-2024T04:11:56 - [TEST_STEP][PASSED] - a35 = <not implemented yet for class: org.codehaus.groovy.ast.expr.EmptyExpression>: null

22-11-2024T04:11:56 - [TEST_STEP][PASSED] - a36 = <not implemented yet for class: org.codehaus.groovy.ast.expr.EmptyExpression>: null

22-11-2024T04:11:56 - [TEST_STEP][PASSED] - a37 = <not implemented yet for class: org.codehaus.groovy.ast.expr.EmptyExpression>: null

22-11-2024T04:11:56 - [TEST_STEP][PASSED] - a38 = <not implemented yet for class: org.codehaus.groovy.ast.expr.EmptyExpression>: null

22-11-2024T04:11:56 - [TEST_STEP][PASSED] - a39 = <not implemented yet for class: org.codehaus.groovy.ast.expr.EmptyExpression>: null

22-11-2024T04:11:56 - [TEST_STEP][PASSED] - a310 = <not implemented yet for class: org.codehaus.groovy.ast.expr.EmptyExpression>: null

22-11-2024T04:11:56 - [TEST_STEP][PASSED] - a311 = <not implemented yet for class: org.codehaus.groovy.ast.expr.EmptyExpression>: null

22-11-2024T04:11:56 - [TEST_STEP][PASSED] - a312 = <not implemented yet for class: org.codehaus.groovy.ast.expr.EmptyExpression>: null

22-11-2024T04:11:56 - [TEST_STEP][PASSED] - a313 = <not implemented yet for class: org.codehaus.groovy.ast.expr.EmptyExpression>: null

22-11-2024T04:11:56 - [TEST_STEP][PASSED] - a314 = <not implemented yet for class: org.codehaus.groovy.ast.expr.EmptyExpression>: null

22-11-2024T04:11:56 - [TEST_STEP][PASSED] - a315 = <not implemented yet for class: org.codehaus.groovy.ast.expr.EmptyExpression>: null

22-11-2024T04:11:56 - [TEST_STEP][PASSED] - a316 = <not implemented yet for class: org.codehaus.groovy.ast.expr.EmptyExpression>: null

22-11-2024T04:11:56 - [TEST_STEP][PASSED] - a317 = <not implemented yet for class: org.codehaus.groovy.ast.expr.EmptyExpression>: null

22-11-2024T04:11:56 - [TEST_STEP][PASSED] - b1 = <not implemented yet for class: org.codehaus.groovy.ast.expr.EmptyExpression>: null

22-11-2024T04:11:56 - [TEST_STEP][PASSED] - b2 = <not implemented yet for class: org.codehaus.groovy.ast.expr.EmptyExpression>: null

22-11-2024T04:11:56 - [TEST_STEP][PASSED] - b30 = <not implemented yet for class: org.codehaus.groovy.ast.expr.EmptyExpression>: null

22-11-2024T04:11:56 - [TEST_STEP][PASSED] - b31 = <not implemented yet for class: org.codehaus.groovy.ast.expr.EmptyExpression>: null

22-11-2024T04:11:56 - [TEST_STEP][PASSED] - b32 = <not implemented yet for class: org.codehaus.groovy.ast.expr.EmptyExpression>: null

22-11-2024T04:11:56 - [TEST_STEP][PASSED] - b33 = <not implemented yet for class: org.codehaus.groovy.ast.expr.EmptyExpression>: null

22-11-2024T04:11:56 - [TEST_STEP][PASSED] - b34 = <not implemented yet for class: org.codehaus.groovy.ast.expr.EmptyExpression>: null

22-11-2024T04:11:56 - [TEST_STEP][PASSED] - b35 = <not implemented yet for class: org.codehaus.groovy.ast.expr.EmptyExpression>: null

22-11-2024T04:11:56 - [TEST_STEP][PASSED] - b36 = <not implemented yet for class: org.codehaus.groovy.ast.expr.EmptyExpression>: null

22-11-2024T04:11:56 - [TEST_STEP][PASSED] - b37 = <not implemented yet for class: org.codehaus.groovy.ast.expr.EmptyExpression>: null

22-11-2024T04:11:56 - [TEST_STEP][PASSED] - b38 = <not implemented yet for class: org.codehaus.groovy.ast.expr.EmptyExpression>: null

22-11-2024T04:11:56 - [TEST_STEP][PASSED] - b39 = <not implemented yet for class: org.codehaus.groovy.ast.expr.EmptyExpression>: null

22-11-2024T04:11:56 - [TEST_STEP][PASSED] - b310 = <not implemented yet for class: org.codehaus.groovy.ast.expr.EmptyExpression>: null

22-11-2024T04:11:56 - [TEST_STEP][PASSED] - b311 = <not implemented yet for class: org.codehaus.groovy.ast.expr.EmptyExpression>: null

22-11-2024T04:11:56 - [TEST_STEP][PASSED] - b312 = <not implemented yet for class: org.codehaus.groovy.ast.expr.EmptyExpression>: null

22-11-2024T04:11:56 - [TEST_STEP][PASSED] - b313 = <not implemented yet for class: org.codehaus.groovy.ast.expr.EmptyExpression>: null

22-11-2024T04:11:56 - [TEST_STEP][PASSED] - b314 = <not implemented yet for class: org.codehaus.groovy.ast.expr.EmptyExpression>: null

22-11-2024T04:11:56 - [TEST_STEP][PASSED] - b315 = <not implemented yet for class: org.codehaus.groovy.ast.expr.EmptyExpression>: null

22-11-2024T04:11:56 - [TEST_STEP][PASSED] - b316 = <not implemented yet for class: org.codehaus.groovy.ast.expr.EmptyExpression>: null

22-11-2024T04:11:56 - [TEST_STEP][PASSED] - b317 = <not implemented yet for class: org.codehaus.groovy.ast.expr.EmptyExpression>: null

22-11-2024T04:11:56 - [TEST_STEP][PASSED] - block = 1: null

22-11-2024T04:11:56 - [TEST_STEP][PASSED] - nameOfBlock = "": null

22-11-2024T04:11:56 - [TEST_STEP][PASSED] - Script1710234207206.PreSettings(run, vir, block, nameOfBlock, typeOfData, todaysDate): null

22-11-2024T04:11:56 - [TEST_STEP][PASSED] - openBrowser(""): Browser is opened with url: ''

22-11-2024T04:11:56 - [MESSAGE][INFO] - Starting 'Chrome' driver

22-11-2024T04:11:56 - [MESSAGE][INFO] - Action delay is set to 0 milliseconds

22-11-2024T04:11:57 - [MESSAGE][PASSED] - Browser is opened with url: ''

22-11-2024T04:11:57 - [TEST_STEP][PASSED] - refresh(): Refresh successfully

22-11-2024T04:11:57 - [MESSAGE][PASSED] - Refresh successfully

22-11-2024T04:11:57 - [TEST_STEP][PASSED] - delay(50): Delayed 50 second(s)

22-11-2024T04:12:47 - [MESSAGE][PASSED] - Delayed 50 second(s)

22-11-2024T04:12:47 - [TEST_STEP][PASSED] - println("run:" + run): null

22-11-2024T04:12:47 - [TEST_STEP][PASSED] - println("vir:" + vir): null

22-11-2024T04:12:47 - [TEST_STEP][PASSED] - println("block:" + block): null

22-11-2024T04:12:47 - [TEST_STEP][PASSED] - if (block == 1): null

22-11-2024T04:12:47 - [TEST_STEP][PASSED] - nameOfBlock = "": null

22-11-2024T04:12:47 - [TEST_STEP][PASSED] - println("nameOfBlock:" + nameOfBlock): null

22-11-2024T04:12:47 - [TEST_STEP][PASSED] - println("typeOfData:" + typeOfData): null

22-11-2024T04:12:47 - [TEST_STEP][PASSED] - println("todaysDate:" + todaysDate): null

22-11-2024T04:12:47 - [TEST_STEP][PASSED] - Script1710234207206.Autorization(block, nameOfBlock): null

22-11-2024T04:12:47 - [TEST_STEP][PASSED] - i = <not implemented yet for class: org.codehaus.groovy.ast.expr.EmptyExpression>: null

22-11-2024T04:12:47 - [TEST_STEP][PASSED] - ii = <not implemented yet for class: org.codehaus.groovy.ast.expr.EmptyExpression>: null

22-11-2024T04:12:47 - [TEST_STEP][PASSED] - urlData = <not implemented yet for class: org.codehaus.groovy.ast.expr.EmptyExpression>: null

22-11-2024T04:12:47 - [TEST_STEP][PASSED] - searchWord = <not implemented yet for class: org.codehaus.groovy.ast.expr.EmptyExpression>: null

22-11-2024T04:12:47 - [TEST_STEP][PASSED] - urlText = <not implemented yet for class: org.codehaus.groovy.ast.expr.EmptyExpression>: null

22-11-2024T04:12:47 - [TEST_STEP][PASSED] - println("block:" + block): null

22-11-2024T04:12:47 - [TEST_STEP][PASSED] - if (block == 1): null

22-11-2024T04:12:47 - [TEST_STEP][PASSED] - nameOfBlock = "": null

22-11-2024T04:12:47 - [TEST_STEP][PASSED] - println("nameOfBlock:" + nameOfBlock): null

22-11-2024T04:12:47 - [TEST_STEP][PASSED] - if (block == 1): Delayed 45 second(s)

22-11-2024T04:12:47 - [TEST_STEP][PASSED] - urlData = 2: null

22-11-2024T04:12:47 - [TEST_STEP][PASSED] - delay(45): Delayed 45 second(s)

22-11-2024T04:13:32 - [MESSAGE][PASSED] - Delayed 45 second(s)

22-11-2024T04:13:32 - [TEST_STEP][PASSED] - navigateToUrl(findTestData("PlanFact").getValue(10, urlData)): Navigate to 'https://bi.rosseti.digital/viewer?dashboardGuid=2301950b23be4ed89c1df75f2020051e&sheetGuid=b723206f698544fb87299f3095c00435&fit=true' successfully

22-11-2024T04:13:38 - [MESSAGE][PASSED] - Navigate to 'https://bi.rosseti.digital/viewer?dashboardGuid=2301950b23be4ed89c1df75f2020051e&sheetGuid=b723206f698544fb87299f3095c00435&fit=true' successfully

22-11-2024T04:13:38 - [TEST_STEP][PASSED] - urlText = getText(findTestObject("Страница авторизации/Text")): Text of object 'Object Repository/Страница авторизации/Text' is: 'Вход'

22-11-2024T04:13:41 - [MESSAGE][PASSED] - Text of object 'Object Repository/Страница авторизации/Text' is: 'Вход'

22-11-2024T04:13:41 - [TEST_STEP][PASSED] - searchWord = "Вход": null

22-11-2024T04:13:41 - [TEST_STEP][PASSED] - if (urlText == null || urlText.contains("ошибка") || urlText.contains(searchWord) == false): null

22-11-2024T04:13:41 - [TEST_STEP][PASSED] - if (verifyElementPresent(findTestObject("Страница авторизации/button_"), 30) == true): null

22-11-2024T04:13:41 - [MESSAGE][PASSED] - Object 'Object Repository/Страница авторизации/button_' is present

22-11-2024T04:13:41 - [TEST_STEP][PASSED] - setText(findTestObject("Страница авторизации/input__username"), findTestData("PlanFact").getValue(8, 1)): Text 'liazgina-di' is set on object 'Object Repository/Страница авторизации/input__username'

22-11-2024T04:13:42 - [MESSAGE][PASSED] - Text 'liazgina-di' is set on object 'Object Repository/Страница авторизации/input__username'

22-11-2024T04:13:42 - [TEST_STEP][PASSED] - setText(findTestObject("Страница авторизации/input__password"), findTestData("PlanFact").getValue(9, 1)): Text ')$%5srZ8o688Dm#q' is set on object 'Object Repository/Страница авторизации/input__password'

22-11-2024T04:13:43 - [MESSAGE][PASSED] - Text ')$%5srZ8o688Dm#q' is set on object 'Object Repository/Страница авторизации/input__password'

22-11-2024T04:13:43 - [TEST_STEP][PASSED] - click(findTestObject("Страница авторизации/button_")): Object: 'Object Repository/Страница авторизации/button_' is clicked on

22-11-2024T04:13:45 - [MESSAGE][PASSED] - Object: 'Object Repository/Страница авторизации/button_' is clicked on

22-11-2024T04:13:45 - [TEST_STEP][PASSED] - delay(45): Delayed 45 second(s)

22-11-2024T04:14:30 - [MESSAGE][PASSED] - Delayed 45 second(s)

22-11-2024T04:14:30 - [TEST_STEP][PASSED] - urlText = getText(findTestObject("Страница авторизации/Text")): Text of object 'Object Repository/Страница авторизации/Text' is: 'Период
1, 2, 3 кв. 2024 года
Выручка
Все
Выполнение плановых показателей по ПАО Россети за 1, 2, 3 кв. 2024 года
План
Факт
Динамика
2024 год
0 млн.руб.
100 000 млн.руб.
200 000 млн.руб.
300 000 млн.руб.
400 000 млн.руб.
500 000 млн.руб.
600 000 млн.руб.
700 000 млн.руб.
800 000 млн.руб.
900 000 млн.руб.
1 000 000 млн.руб.
1 100 000 млн.руб.
1 200 000 млн.руб.
1 300 000 млн.руб.
1 056 816
1 083 641
↑
ДЗО 
Все
Внутренний оборот - выручка за услуги по передаче электрической энергии, учтенная в выручке за электроэнергию для конечных потребителей, при выполнении ДЗО функций гарантирующего поставщика
Подписи данных
⬤Отклонение
АО «Тываэнерго»
АО «Чеченэнерго»
Россети Волга
Россети Кубань
Россети Ленэнерго (ГК)
Россети Московский регион
Россети Северный Кавказ (ГК)
Россети Северо-Запад
Россети Сибирь (ГК)
Россети Томск
Россети Тюмень
Россети Урал (ГК)
Россети ФСК ЕЭС
Россети Центр
Россети Центр и Приволжье (ГК)
Россети Юг (ГК)
Россети Янтарь
-4 000млн.руб.
-2 000млн.руб.
0 млн.руб.
2 000млн.руб.
4 000млн.руб.
6 000млн.руб.
8 00…
-6 000млн.руб.
239
68
25
3 470
3 855
6 900
821
839
2 116
213
-4 312
1 715
1 999
3 410
3 873
1 315
277
млн.
%
Выручка
Отклонение выручки по ПАО Россети за 1, 2, 3 кв. 2024 года (факт/план, млн. руб)
ПАО Россети
26 824.9 млн.руб.
 '

22-11-2024T04:14:31 - [MESSAGE][PASSED] - Text of object 'Object Repository/Страница авторизации/Text' is: 'Период
1, 2, 3 кв. 2024 года
Выручка
Все
Выполнение плановых показателей по ПАО Россети за 1, 2, 3 кв. 2024 года
План
Факт
Динамика
2024 год
0 млн.руб.
100 000 млн.руб.
200 000 млн.руб.
300 000 млн.руб.
400 000 млн.руб.
500 000 млн.руб.
600 000 млн.руб.
700 000 млн.руб.
800 000 млн.руб.
900 000 млн.руб.
1 000 000 млн.руб.
1 100 000 млн.руб.
1 200 000 млн.руб.
1 300 000 млн.руб.
1 056 816
1 083 641
↑
ДЗО 
Все
Внутренний оборот - выручка за услуги по передаче электрической энергии, учтенная в выручке за электроэнергию для конечных потребителей, при выполнении ДЗО функций гарантирующего поставщика
Подписи данных
⬤Отклонение
АО «Тываэнерго»
АО «Чеченэнерго»
Россети Волга
Россети Кубань
Россети Ленэнерго (ГК)
Россети Московский регион
Россети Северный Кавказ (ГК)
Россети Северо-Запад
Россети Сибирь (ГК)
Россети Томск
Россети Тюмень
Россети Урал (ГК)
Россети ФСК ЕЭС
Россети Центр
Россети Центр и Приволжье (ГК)
Россети Юг (ГК)
Россети Янтарь
-4 000млн.руб.
-2 000млн.руб.
0 млн.руб.
2 000млн.руб.
4 000млн.руб.
6 000млн.руб.
8 00…
-6 000млн.руб.
239
68
25
3 470
3 855
6 900
821
839
2 116
213
-4 312
1 715
1 999
3 410
3 873
1 315
277
млн.
%
Выручка
Отклонение выручки по ПАО Россети за 1, 2, 3 кв. 2024 года (факт/план, млн. руб)
ПАО Россети
26 824.9 млн.руб.
 '

22-11-2024T04:14:31 - [TEST_STEP][PASSED] - searchWord = "а": null

22-11-2024T04:14:31 - [TEST_STEP][PASSED] - if (urlText.contains("ошибка") || urlText.contains(searchWord) == false): null

22-11-2024T04:14:31 - [TEST_STEP][PASSED] - delay(45): Delayed 45 second(s)

22-11-2024T04:15:16 - [MESSAGE][PASSED] - Delayed 45 second(s)

22-11-2024T04:15:16 - [TEST_STEP][PASSED] - if (block == 2): null

22-11-2024T04:15:16 - [TEST_STEP][PASSED] - click(findTestObject("Выручка в рублях/Фильтр Период" + nameOfBlock)): Object: 'Object Repository/Выручка в рублях/Фильтр Период' is clicked on

22-11-2024T04:15:17 - [MESSAGE][PASSED] - Object: 'Object Repository/Выручка в рублях/Фильтр Период' is clicked on

22-11-2024T04:15:17 - [TEST_STEP][PASSED] - click(findTestObject("Выручка в рублях/Снять выделение в фильтре Дата" + nameOfBlock)): Object: 'Object Repository/Выручка в рублях/Снять выделение в фильтре Дата' is clicked on

22-11-2024T04:15:17 - [MESSAGE][PASSED] - Object: 'Object Repository/Выручка в рублях/Снять выделение в фильтре Дата' is clicked on

22-11-2024T04:15:17 - [TEST_STEP][PASSED] - click(findTestObject("Выручка в рублях/Применить в фильтре Дата" + nameOfBlock)): Object: 'Object Repository/Выручка в рублях/Применить в фильтре Дата' is clicked on

22-11-2024T04:15:18 - [MESSAGE][PASSED] - Object: 'Object Repository/Выручка в рублях/Применить в фильтре Дата' is clicked on

22-11-2024T04:15:18 - [TEST_STEP][PASSED] - delay(50): Delayed 50 second(s)

22-11-2024T04:16:08 - [MESSAGE][PASSED] - Delayed 50 second(s)

22-11-2024T04:16:08 - [TEST_STEP][PASSED] - click(findTestObject("Выручка в рублях/Фильтр Период" + nameOfBlock)): Object: 'Object Repository/Выручка в рублях/Фильтр Период' is clicked on

22-11-2024T04:16:08 - [MESSAGE][PASSED] - Object: 'Object Repository/Выручка в рублях/Фильтр Период' is clicked on

22-11-2024T04:16:08 - [TEST_STEP][PASSED] - click(findTestObject("Выручка в рублях/Снять выделение в фильтре Дата" + nameOfBlock)): Object: 'Object Repository/Выручка в рублях/Снять выделение в фильтре Дата' is clicked on

22-11-2024T04:16:09 - [MESSAGE][PASSED] - Object: 'Object Repository/Выручка в рублях/Снять выделение в фильтре Дата' is clicked on

22-11-2024T04:16:09 - [TEST_STEP][PASSED] - scrollToElement(findTestObject("Выручка в рублях/2024 список" + nameOfBlock), 30): Scroll to object 'Object Repository/Выручка в рублях/2024 список' successfully

22-11-2024T04:16:09 - [MESSAGE][PASSED] - Scroll to object 'Object Repository/Выручка в рублях/2024 список' successfully

22-11-2024T04:16:09 - [TEST_STEP][PASSED] - click(findTestObject("Выручка в рублях/2024 список" + nameOfBlock)): Object: 'Object Repository/Выручка в рублях/2024 список' is clicked on

22-11-2024T04:16:09 - [MESSAGE][PASSED] - Object: 'Object Repository/Выручка в рублях/2024 список' is clicked on

22-11-2024T04:16:09 - [TEST_STEP][PASSED] - scrollToElement(findTestObject("Выручка в рублях/1 квартал 2024 выбрать" + nameOfBlock), 30): Scroll to object 'Object Repository/Выручка в рублях/1 квартал 2024 выбрать' successfully

22-11-2024T04:16:10 - [MESSAGE][PASSED] - Scroll to object 'Object Repository/Выручка в рублях/1 квартал 2024 выбрать' successfully

22-11-2024T04:16:10 - [TEST_STEP][PASSED] - click(findTestObject("Выручка в рублях/1 квартал 2024 выбрать" + nameOfBlock)): Object: 'Object Repository/Выручка в рублях/1 квартал 2024 выбрать' is clicked on

22-11-2024T04:16:10 - [MESSAGE][PASSED] - Object: 'Object Repository/Выручка в рублях/1 квартал 2024 выбрать' is clicked on

22-11-2024T04:16:10 - [TEST_STEP][PASSED] - scrollToElement(findTestObject("Выручка в рублях/2 квартал 2024 выбрать" + nameOfBlock), 30): Scroll to object 'Object Repository/Выручка в рублях/2 квартал 2024 выбрать' successfully

22-11-2024T04:16:11 - [MESSAGE][PASSED] - Scroll to object 'Object Repository/Выручка в рублях/2 квартал 2024 выбрать' successfully

22-11-2024T04:16:11 - [TEST_STEP][PASSED] - click(findTestObject("Выручка в рублях/2 квартал 2024 выбрать" + nameOfBlock)): Object: 'Object Repository/Выручка в рублях/2 квартал 2024 выбрать' is clicked on

22-11-2024T04:16:11 - [MESSAGE][PASSED] - Object: 'Object Repository/Выручка в рублях/2 квартал 2024 выбрать' is clicked on

22-11-2024T04:16:11 - [TEST_STEP][PASSED] - scrollToElement(findTestObject("Выручка в рублях/3 квартал 2024 список" + nameOfBlock), 30): Scroll to object 'Object Repository/Выручка в рублях/3 квартал 2024 список' successfully

22-11-2024T04:16:11 - [MESSAGE][PASSED] - Scroll to object 'Object Repository/Выручка в рублях/3 квартал 2024 список' successfully

22-11-2024T04:16:11 - [TEST_STEP][PASSED] - click(findTestObject("Выручка в рублях/3 квартал 2024" + nameOfBlock)): Object: 'Object Repository/Выручка в рублях/3 квартал 2024' is clicked on

22-11-2024T04:16:12 - [MESSAGE][PASSED] - Object: 'Object Repository/Выручка в рублях/3 квартал 2024' is clicked on

22-11-2024T04:16:12 - [TEST_STEP][PASSED] - scrollToElement(findTestObject("Выручка в рублях/Заголовок дашборда" + nameOfBlock), 30): Scroll to object 'Object Repository/Выручка в рублях/Заголовок дашборда' successfully

22-11-2024T04:16:12 - [MESSAGE][PASSED] - Scroll to object 'Object Repository/Выручка в рублях/Заголовок дашборда' successfully

22-11-2024T04:16:12 - [TEST_STEP][PASSED] - click(findTestObject("Выручка в рублях/Применить в фильтре Дата" + nameOfBlock)): Object: 'Object Repository/Выручка в рублях/Применить в фильтре Дата' is clicked on

22-11-2024T04:16:13 - [MESSAGE][PASSED] - Object: 'Object Repository/Выручка в рублях/Применить в фильтре Дата' is clicked on

22-11-2024T04:16:13 - [TEST_STEP][PASSED] - delay(55): Delayed 55 second(s)

22-11-2024T04:17:08 - [MESSAGE][PASSED] - Delayed 55 second(s)

22-11-2024T04:17:08 - [TEST_STEP][PASSED] - click(findTestObject("Выручка в рублях/Фильтр ДЗО" + nameOfBlock)): Object: 'Object Repository/Выручка в рублях/Фильтр ДЗО' is clicked on

22-11-2024T04:17:08 - [MESSAGE][PASSED] - Object: 'Object Repository/Выручка в рублях/Фильтр ДЗО' is clicked on

22-11-2024T04:17:08 - [TEST_STEP][PASSED] - click(findTestObject("Выручка в рублях/Снять выделение в фильтре ДЗО" + nameOfBlock)): Object: 'Object Repository/Выручка в рублях/Снять выделение в фильтре ДЗО' is clicked on

22-11-2024T04:17:09 - [MESSAGE][PASSED] - Object: 'Object Repository/Выручка в рублях/Снять выделение в фильтре ДЗО' is clicked on

22-11-2024T04:17:09 - [TEST_STEP][PASSED] - click(findTestObject("Выручка в рублях/Применить в фильтре ДЗО" + nameOfBlock)): Object: 'Object Repository/Выручка в рублях/Применить в фильтре ДЗО' is clicked on

22-11-2024T04:17:09 - [MESSAGE][PASSED] - Object: 'Object Repository/Выручка в рублях/Применить в фильтре ДЗО' is clicked on

22-11-2024T04:17:09 - [TEST_STEP][PASSED] - delay(50): Delayed 50 second(s)

22-11-2024T04:17:59 - [MESSAGE][PASSED] - Delayed 50 second(s)

22-11-2024T04:17:59 - [TEST_STEP][PASSED] - Script1710234207206.Tumbler(run, vir, block, nameOfBlock): null

22-11-2024T04:17:59 - [TEST_STEP][PASSED] - println("run:" + run): null

22-11-2024T04:17:59 - [TEST_STEP][PASSED] - println("vir:" + vir): null

22-11-2024T04:17:59 - [TEST_STEP][PASSED] - println("block:" + block): null

22-11-2024T04:17:59 - [TEST_STEP][PASSED] - println("nameOfBlock:" + nameOfBlock): null

22-11-2024T04:17:59 - [TEST_STEP][PASSED] - if (vir == 1): null

22-11-2024T04:17:59 - [TEST_STEP][PASSED] - else if (vir == 2): null

22-11-2024T04:17:59 - [TEST_STEP][PASSED] - else if (vir == 3): Object: 'Object Repository/Выручка в рублях/Применить в фильтре Выручка' is clicked on

22-11-2024T04:17:59 - [TEST_STEP][PASSED] - if (run == 2): null

22-11-2024T04:17:59 - [TEST_STEP][PASSED] - click(findTestObject("Выручка в рублях/Фильтр Выручка" + nameOfBlock)): Object: 'Object Repository/Выручка в рублях/Фильтр Выручка' is clicked on

22-11-2024T04:18:00 - [MESSAGE][PASSED] - Object: 'Object Repository/Выручка в рублях/Фильтр Выручка' is clicked on

22-11-2024T04:18:00 - [TEST_STEP][PASSED] - click(findTestObject("Выручка в рублях/Внутренний оборот в фильтре Выручка" + nameOfBlock)): Object: 'Object Repository/Выручка в рублях/Внутренний оборот в фильтре Выручка' is clicked on

22-11-2024T04:18:00 - [MESSAGE][PASSED] - Object: 'Object Repository/Выручка в рублях/Внутренний оборот в фильтре Выручка' is clicked on

22-11-2024T04:18:00 - [TEST_STEP][PASSED] - click(findTestObject("Выручка в рублях/Применить в фильтре Выручка" + nameOfBlock)): Object: 'Object Repository/Выручка в рублях/Применить в фильтре Выручка' is clicked on

22-11-2024T04:18:01 - [MESSAGE][PASSED] - Object: 'Object Repository/Выручка в рублях/Применить в фильтре Выручка' is clicked on

22-11-2024T04:18:01 - [TEST_STEP][PASSED] - click(findTestObject("Выручка в рублях/Фильтр ДЗО" + nameOfBlock)): Object: 'Object Repository/Выручка в рублях/Фильтр ДЗО' is clicked on

22-11-2024T04:18:03 - [MESSAGE][PASSED] - Object: 'Object Repository/Выручка в рублях/Фильтр ДЗО' is clicked on

22-11-2024T04:18:03 - [TEST_STEP][PASSED] - Script1710234207206.Rosseti(nameOfBlock): null

22-11-2024T04:18:03 - [TEST_STEP][PASSED] - println("nameOfBlock:" + nameOfBlock): null

22-11-2024T04:18:03 - [TEST_STEP][PASSED] - click(findTestObject("Выручка в рублях/ПАО Россети" + nameOfBlock)): Object: 'Object Repository/Выручка в рублях/ПАО Россети' is clicked on

22-11-2024T04:18:03 - [MESSAGE][PASSED] - Object: 'Object Repository/Выручка в рублях/ПАО Россети' is clicked on

22-11-2024T04:18:03 - [TEST_STEP][PASSED] - click(findTestObject("Выручка в рублях/Применить в фильтре ДЗО" + nameOfBlock)): Object: 'Object Repository/Выручка в рублях/Применить в фильтре ДЗО' is clicked on

22-11-2024T04:18:04 - [MESSAGE][PASSED] - Object: 'Object Repository/Выручка в рублях/Применить в фильтре ДЗО' is clicked on

22-11-2024T04:18:04 - [TEST_STEP][PASSED] - if (run == 2): null

22-11-2024T04:18:04 - [TEST_STEP][PASSED] - if (vir == 1 || vir == 2): null

22-11-2024T04:18:04 - [TEST_STEP][PASSED] - else: Text of object 'Object Repository/Выручка в рублях/vir3Plan' is: '17 893'

22-11-2024T04:18:04 - [TEST_STEP][PASSED] - a1 = getText(findTestObject("Выручка в рублях/vir3Plan")): Text of object 'Object Repository/Выручка в рублях/vir3Plan' is: '17 893'

22-11-2024T04:18:06 - [MESSAGE][PASSED] - Text of object 'Object Repository/Выручка в рублях/vir3Plan' is: '17 893'

22-11-2024T04:18:06 - [TEST_STEP][PASSED] - if (vir == 1 || vir == 2): null

22-11-2024T04:18:06 - [TEST_STEP][PASSED] - else: Text of object 'Object Repository/Выручка в рублях/vir3Fact' is: '18 501'

22-11-2024T04:18:06 - [TEST_STEP][PASSED] - a2 = getText(findTestObject("Выручка в рублях/vir3Fact")): Text of object 'Object Repository/Выручка в рублях/vir3Fact' is: '18 501'

22-11-2024T04:18:06 - [MESSAGE][PASSED] - Text of object 'Object Repository/Выручка в рублях/vir3Fact' is: '18 501'

22-11-2024T04:18:06 - [TEST_STEP][PASSED] - a30 = getText(findTestObject("Выручка в рублях/span1" + perc)): Text of object 'Object Repository/Выручка в рублях/span1' is: '607.7 млн.руб.'

22-11-2024T04:18:06 - [MESSAGE][PASSED] - Text of object 'Object Repository/Выручка в рублях/span1' is: '607.7 млн.руб.'

22-11-2024T04:18:06 - [TEST_STEP][PASSED] - i = a30.indexOf("млн.руб."): null

22-11-2024T04:18:06 - [TEST_STEP][PASSED] - if (i > -1): null

22-11-2024T04:18:06 - [TEST_STEP][PASSED] - a30 = a30.substring(0, i): null

22-11-2024T04:18:06 - [TEST_STEP][PASSED] - a30 = a30.replaceAll(" ", ""): null

22-11-2024T04:18:06 - [TEST_STEP][PASSED] - if (a30.contains("%")): null

22-11-2024T04:18:06 - [TEST_STEP][PASSED] - a30 = ").trim(): null

22-11-2024T04:18:06 - [TEST_STEP][PASSED] - println("a30: " + a30): null

22-11-2024T04:18:06 - [TEST_STEP][PASSED] - if (vir == 1 || vir == 2): null

22-11-2024T04:18:06 - [TEST_STEP][PASSED] - else: Text of object 'Object Repository/Выручка в рублях/span15' is: '-48'

22-11-2024T04:18:06 - [TEST_STEP][PASSED] - a31 = ").trim(): Text of object 'Object Repository/Выручка в рублях/span15' is: '-48'

22-11-2024T04:18:07 - [MESSAGE][PASSED] - Text of object 'Object Repository/Выручка в рублях/span15' is: '-48'

22-11-2024T04:18:07 - [TEST_STEP][PASSED] - if (vir == 1 || vir == 2): null

22-11-2024T04:18:07 - [TEST_STEP][PASSED] - else: Text of object 'Object Repository/Выручка в рублях/span16' is: '79'

22-11-2024T04:18:07 - [TEST_STEP][PASSED] - a32 = ").trim(): Text of object 'Object Repository/Выручка в рублях/span16' is: '79'

22-11-2024T04:18:07 - [MESSAGE][PASSED] - Text of object 'Object Repository/Выручка в рублях/span16' is: '79'

22-11-2024T04:18:07 - [TEST_STEP][PASSED] - if (vir == 1 || vir == 2): null

22-11-2024T04:18:07 - [TEST_STEP][PASSED] - else: Text of object 'Object Repository/Выручка в рублях/span17' is: '542'

22-11-2024T04:18:07 - [TEST_STEP][PASSED] - a37 = ").trim(): Text of object 'Object Repository/Выручка в рублях/span17' is: '542'

22-11-2024T04:18:07 - [MESSAGE][PASSED] - Text of object 'Object Repository/Выручка в рублях/span17' is: '542'

22-11-2024T04:18:07 - [TEST_STEP][PASSED] - if (vir == 1 || vir == 2): null

22-11-2024T04:18:07 - [TEST_STEP][PASSED] - else: Text of object 'Object Repository/Выручка в рублях/span18' is: '35'

22-11-2024T04:18:07 - [TEST_STEP][PASSED] - a316 = ").trim(): Text of object 'Object Repository/Выручка в рублях/span18' is: '35'

22-11-2024T04:18:07 - [MESSAGE][PASSED] - Text of object 'Object Repository/Выручка в рублях/span18' is: '35'

22-11-2024T04:18:07 - [TEST_STEP][PASSED] - if (vir == 1 || vir == 2): null

22-11-2024T04:18:07 - [TEST_STEP][PASSED] - block = 2: null

22-11-2024T04:18:07 - [TEST_STEP][PASSED] - nameOfBlock = " Выручка": null

22-11-2024T04:18:07 - [TEST_STEP][PASSED] - Script1710234207206.PreSettings(run, vir, block, nameOfBlock, typeOfData, todaysDate): null

22-11-2024T04:18:07 - [TEST_STEP][PASSED] - openBrowser(""): Browser is opened with url: ''

22-11-2024T04:18:07 - [MESSAGE][WARNING] - A browser is already opened. Closing browser and opening a new one

22-11-2024T04:18:08 - [MESSAGE][INFO] - Starting 'Chrome' driver

22-11-2024T04:18:08 - [MESSAGE][INFO] - Action delay is set to 0 milliseconds

22-11-2024T04:18:09 - [MESSAGE][PASSED] - Browser is opened with url: ''

22-11-2024T04:18:09 - [TEST_STEP][PASSED] - refresh(): Refresh successfully

22-11-2024T04:18:09 - [MESSAGE][PASSED] - Refresh successfully

22-11-2024T04:18:09 - [TEST_STEP][PASSED] - delay(50): Delayed 50 second(s)

22-11-2024T04:18:59 - [MESSAGE][PASSED] - Delayed 50 second(s)

22-11-2024T04:18:59 - [TEST_STEP][PASSED] - println("run:" + run): null

22-11-2024T04:18:59 - [TEST_STEP][PASSED] - println("vir:" + vir): null

22-11-2024T04:18:59 - [TEST_STEP][PASSED] - println("block:" + block): null

22-11-2024T04:18:59 - [TEST_STEP][PASSED] - if (block == 1): null

22-11-2024T04:18:59 - [TEST_STEP][PASSED] - else: null

22-11-2024T04:18:59 - [TEST_STEP][PASSED] - nameOfBlock = " Выручка": null

22-11-2024T04:18:59 - [TEST_STEP][PASSED] - println("nameOfBlock:" + nameOfBlock): null

22-11-2024T04:18:59 - [TEST_STEP][PASSED] - println("typeOfData:" + typeOfData): null

22-11-2024T04:18:59 - [TEST_STEP][PASSED] - println("todaysDate:" + todaysDate): null

22-11-2024T04:18:59 - [TEST_STEP][PASSED] - Script1710234207206.Autorization(block, nameOfBlock): null

22-11-2024T04:18:59 - [TEST_STEP][PASSED] - i = <not implemented yet for class: org.codehaus.groovy.ast.expr.EmptyExpression>: null

22-11-2024T04:18:59 - [TEST_STEP][PASSED] - ii = <not implemented yet for class: org.codehaus.groovy.ast.expr.EmptyExpression>: null

22-11-2024T04:18:59 - [TEST_STEP][PASSED] - urlData = <not implemented yet for class: org.codehaus.groovy.ast.expr.EmptyExpression>: null

22-11-2024T04:18:59 - [TEST_STEP][PASSED] - searchWord = <not implemented yet for class: org.codehaus.groovy.ast.expr.EmptyExpression>: null

22-11-2024T04:18:59 - [TEST_STEP][PASSED] - urlText = <not implemented yet for class: org.codehaus.groovy.ast.expr.EmptyExpression>: null

22-11-2024T04:18:59 - [TEST_STEP][PASSED] - println("block:" + block): null

22-11-2024T04:18:59 - [TEST_STEP][PASSED] - if (block == 1): null

22-11-2024T04:18:59 - [TEST_STEP][PASSED] - else: null

22-11-2024T04:18:59 - [TEST_STEP][PASSED] - delay(45): Delayed 45 second(s)

22-11-2024T04:19:44 - [MESSAGE][PASSED] - Delayed 45 second(s)

22-11-2024T04:19:44 - [TEST_STEP][PASSED] - nameOfBlock = " Выручка": null

22-11-2024T04:19:44 - [TEST_STEP][PASSED] - println("nameOfBlock:" + nameOfBlock): null

22-11-2024T04:19:44 - [TEST_STEP][PASSED] - if (block == 1): null

22-11-2024T04:19:44 - [TEST_STEP][PASSED] - else: Delayed 45 second(s)

22-11-2024T04:19:44 - [TEST_STEP][PASSED] - urlData = 9: null

22-11-2024T04:19:44 - [TEST_STEP][PASSED] - delay(45): Delayed 45 second(s)

22-11-2024T04:20:29 - [MESSAGE][PASSED] - Delayed 45 second(s)

22-11-2024T04:20:29 - [TEST_STEP][PASSED] - navigateToUrl(findTestData("PlanFact").getValue(10, urlData)): Navigate to 'https://bi.rosseti.digital/viewer?dashboardGuid=a1fd28b3785d443cbc4d7690a1d78e31&sheetGuid=86092a20c5984827a0c87b24cac76a50&fit=true' successfully

22-11-2024T04:20:38 - [MESSAGE][PASSED] - Navigate to 'https://bi.rosseti.digital/viewer?dashboardGuid=a1fd28b3785d443cbc4d7690a1d78e31&sheetGuid=86092a20c5984827a0c87b24cac76a50&fit=true' successfully

22-11-2024T04:20:38 - [TEST_STEP][PASSED] - urlText = getText(findTestObject("Страница авторизации/Text")): Text of object 'Object Repository/Страница авторизации/Text' is: 'Вход'

22-11-2024T04:20:38 - [MESSAGE][PASSED] - Text of object 'Object Repository/Страница авторизации/Text' is: 'Вход'

22-11-2024T04:20:38 - [TEST_STEP][PASSED] - searchWord = "Вход": null

22-11-2024T04:20:38 - [TEST_STEP][PASSED] - if (urlText == null || urlText.contains("ошибка") || urlText.contains(searchWord) == false): null

22-11-2024T04:20:38 - [TEST_STEP][PASSED] - if (verifyElementPresent(findTestObject("Страница авторизации/button_"), 30) == true): null

22-11-2024T04:20:38 - [MESSAGE][PASSED] - Object 'Object Repository/Страница авторизации/button_' is present

22-11-2024T04:20:38 - [TEST_STEP][PASSED] - setText(findTestObject("Страница авторизации/input__username"), findTestData("PlanFact").getValue(8, 1)): Text 'liazgina-di' is set on object 'Object Repository/Страница авторизации/input__username'

22-11-2024T04:20:39 - [MESSAGE][PASSED] - Text 'liazgina-di' is set on object 'Object Repository/Страница авторизации/input__username'

22-11-2024T04:20:39 - [TEST_STEP][PASSED] - setText(findTestObject("Страница авторизации/input__password"), findTestData("PlanFact").getValue(9, 1)): Text ')$%5srZ8o688Dm#q' is set on object 'Object Repository/Страница авторизации/input__password'

22-11-2024T04:20:40 - [MESSAGE][PASSED] - Text ')$%5srZ8o688Dm#q' is set on object 'Object Repository/Страница авторизации/input__password'

22-11-2024T04:20:40 - [TEST_STEP][PASSED] - click(findTestObject("Страница авторизации/button_")): Object: 'Object Repository/Страница авторизации/button_' is clicked on

22-11-2024T04:20:43 - [MESSAGE][PASSED] - Object: 'Object Repository/Страница авторизации/button_' is clicked on

22-11-2024T04:20:43 - [TEST_STEP][PASSED] - delay(45): Delayed 45 second(s)

22-11-2024T04:21:28 - [MESSAGE][PASSED] - Delayed 45 second(s)

22-11-2024T04:21:28 - [TEST_STEP][PASSED] - urlText = getText(findTestObject("Страница авторизации/Text")): Text of object 'Object Repository/Страница авторизации/Text' is: 'Период
Выбрано: 3
Выручка
Все
Выполнение плановых показателей, млн.руб.
План
Факт
Динамика
2024 год
0 млн.руб.
100 000 млн.руб.
200 000 млн.руб.
300 000 млн.руб.
400 000 млн.руб.
500 000 млн.руб.
600 000 млн.руб.
700 000 млн.руб.
800 000 млн.руб.
900 000 млн.руб.
1 000 000 млн.руб.
1 100 000 млн.руб.
1 200 000 млн.руб.
1 300 000 млн.руб.
1 056 816
1 083 641
↑
ДЗО 
Все
Подписи данных
⬤Отклонение
АО «Тываэнерго»
АО «Чеченэнерго»
Россети Волга
Россети Кубань
Россети Ленэнерго (ГК)
Россети Московский регион
Россети Северный Кавказ (ГК)
Россети Северо-Запад
Россети Сибирь (ГК)
Россети Томск
Россети Тюмень
Россети Урал (ГК)
Россети ФСК ЕЭС
Россети Центр
Россети Центр и Приволжье (ГК)
Россети Юг (ГК)
Россети Янтарь
-5 000 млн.руб.
-4 000 млн.руб.
-3 000 млн.руб.
-2 000 млн.руб.
-1 000 млн.руб.
0 млн.руб.
1 000 млн.руб.
2 000 млн.руб.
3 000 млн.руб.
4 000 млн.руб.
5 000 млн.руб.
6 000 млн.руб.
7 000 млн.руб.
8 000 млн.руб.
239
68
25
3 470
3 855
6 900
821
839
2 116
213
-4 312
1 715
1 999
3 410
3 873
1 315
277
млн.
%
Выручка
Отклонение выручки (факт/план, млн. руб) 
ПАО Россети
26 824.9 млн.руб.
Статус данных
×
Просьба обратить внимание
Данные занесены не полностью
ВЫБРАННЫЕ ЗНАЧЕНИЯ ФИЛЬТРОВ
ДЗО | ПЕРИОД
ПАО Россети: [«Выбраны все филиалы по всем ДЗО по всем категориям»]
2024: [Янв, Фев, Мар, Апр, Май, Июн, Июл, Авг, Сен]
*Внутренний оборот'

22-11-2024T04:21:29 - [MESSAGE][PASSED] - Text of object 'Object Repository/Страница авторизации/Text' is: 'Период
Выбрано: 3
Выручка
Все
Выполнение плановых показателей, млн.руб.
План
Факт
Динамика
2024 год
0 млн.руб.
100 000 млн.руб.
200 000 млн.руб.
300 000 млн.руб.
400 000 млн.руб.
500 000 млн.руб.
600 000 млн.руб.
700 000 млн.руб.
800 000 млн.руб.
900 000 млн.руб.
1 000 000 млн.руб.
1 100 000 млн.руб.
1 200 000 млн.руб.
1 300 000 млн.руб.
1 056 816
1 083 641
↑
ДЗО 
Все
Подписи данных
⬤Отклонение
АО «Тываэнерго»
АО «Чеченэнерго»
Россети Волга
Россети Кубань
Россети Ленэнерго (ГК)
Россети Московский регион
Россети Северный Кавказ (ГК)
Россети Северо-Запад
Россети Сибирь (ГК)
Россети Томск
Россети Тюмень
Россети Урал (ГК)
Россети ФСК ЕЭС
Россети Центр
Россети Центр и Приволжье (ГК)
Россети Юг (ГК)
Россети Янтарь
-5 000 млн.руб.
-4 000 млн.руб.
-3 000 млн.руб.
-2 000 млн.руб.
-1 000 млн.руб.
0 млн.руб.
1 000 млн.руб.
2 000 млн.руб.
3 000 млн.руб.
4 000 млн.руб.
5 000 млн.руб.
6 000 млн.руб.
7 000 млн.руб.
8 000 млн.руб.
239
68
25
3 470
3 855
6 900
821
839
2 116
213
-4 312
1 715
1 999
3 410
3 873
1 315
277
млн.
%
Выручка
Отклонение выручки (факт/план, млн. руб) 
ПАО Россети
26 824.9 млн.руб.
Статус данных
×
Просьба обратить внимание
Данные занесены не полностью
ВЫБРАННЫЕ ЗНАЧЕНИЯ ФИЛЬТРОВ
ДЗО | ПЕРИОД
ПАО Россети: [«Выбраны все филиалы по всем ДЗО по всем категориям»]
2024: [Янв, Фев, Мар, Апр, Май, Июн, Июл, Авг, Сен]
*Внутренний оборот'

22-11-2024T04:21:29 - [TEST_STEP][PASSED] - searchWord = "а": null

22-11-2024T04:21:29 - [TEST_STEP][PASSED] - if (urlText.contains("ошибка") || urlText.contains(searchWord) == false): null

22-11-2024T04:21:29 - [TEST_STEP][PASSED] - delay(45): Delayed 45 second(s)

22-11-2024T04:22:14 - [MESSAGE][PASSED] - Delayed 45 second(s)

22-11-2024T04:22:14 - [TEST_STEP][PASSED] - if (block == 2): Delayed 50 second(s)

22-11-2024T04:22:14 - [TEST_STEP][PASSED] - opoveshenie = getText(findTestObject("Выручка в рублях/Просьба обратить внимание")): Text of object 'Object Repository/Выручка в рублях/Просьба обратить внимание' is: 'Просьба обратить внимание'

22-11-2024T04:22:14 - [MESSAGE][PASSED] - Text of object 'Object Repository/Выручка в рублях/Просьба обратить внимание' is: 'Просьба обратить внимание'

22-11-2024T04:22:14 - [TEST_STEP][PASSED] - if (opoveshenie == "Просьба обратить внимание"): Delayed 50 second(s)

22-11-2024T04:22:14 - [TEST_STEP][PASSED] - click(findTestObject("Выручка в рублях/Закрыть оповещение")): Object: 'Object Repository/Выручка в рублях/Закрыть оповещение' is clicked on

22-11-2024T04:22:14 - [MESSAGE][PASSED] - Object: 'Object Repository/Выручка в рублях/Закрыть оповещение' is clicked on

22-11-2024T04:22:14 - [TEST_STEP][PASSED] - delay(50): Delayed 50 second(s)

22-11-2024T04:23:04 - [MESSAGE][PASSED] - Delayed 50 second(s)

22-11-2024T04:23:04 - [TEST_STEP][PASSED] - click(findTestObject("Выручка в рублях/Фильтр Период" + nameOfBlock)): Object: 'Object Repository/Выручка в рублях/Фильтр Период Выручка' is clicked on

22-11-2024T04:23:05 - [MESSAGE][PASSED] - Object: 'Object Repository/Выручка в рублях/Фильтр Период Выручка' is clicked on

22-11-2024T04:23:05 - [TEST_STEP][PASSED] - click(findTestObject("Выручка в рублях/Снять выделение в фильтре Дата" + nameOfBlock)): Object: 'Object Repository/Выручка в рублях/Снять выделение в фильтре Дата Выручка' is clicked on

22-11-2024T04:23:05 - [MESSAGE][PASSED] - Object: 'Object Repository/Выручка в рублях/Снять выделение в фильтре Дата Выручка' is clicked on

22-11-2024T04:23:05 - [TEST_STEP][PASSED] - click(findTestObject("Выручка в рублях/Применить в фильтре Дата" + nameOfBlock)): Object: 'Object Repository/Выручка в рублях/Применить в фильтре Дата Выручка' is clicked on

22-11-2024T04:23:06 - [MESSAGE][PASSED] - Object: 'Object Repository/Выручка в рублях/Применить в фильтре Дата Выручка' is clicked on

22-11-2024T04:23:06 - [TEST_STEP][PASSED] - delay(50): Delayed 50 second(s)

22-11-2024T04:23:56 - [MESSAGE][PASSED] - Delayed 50 second(s)

22-11-2024T04:23:56 - [TEST_STEP][PASSED] - click(findTestObject("Выручка в рублях/Фильтр Период" + nameOfBlock)): Object: 'Object Repository/Выручка в рублях/Фильтр Период Выручка' is clicked on

22-11-2024T04:23:56 - [MESSAGE][PASSED] - Object: 'Object Repository/Выручка в рублях/Фильтр Период Выручка' is clicked on

22-11-2024T04:23:56 - [TEST_STEP][PASSED] - click(findTestObject("Выручка в рублях/Снять выделение в фильтре Дата" + nameOfBlock)): Object: 'Object Repository/Выручка в рублях/Снять выделение в фильтре Дата Выручка' is clicked on

22-11-2024T04:23:57 - [MESSAGE][PASSED] - Object: 'Object Repository/Выручка в рублях/Снять выделение в фильтре Дата Выручка' is clicked on

22-11-2024T04:23:57 - [TEST_STEP][PASSED] - scrollToElement(findTestObject("Выручка в рублях/2024 список" + nameOfBlock), 30): Scroll to object 'Object Repository/Выручка в рублях/2024 список Выручка' successfully

22-11-2024T04:23:57 - [MESSAGE][PASSED] - Scroll to object 'Object Repository/Выручка в рублях/2024 список Выручка' successfully

22-11-2024T04:23:57 - [TEST_STEP][PASSED] - click(findTestObject("Выручка в рублях/2024 список" + nameOfBlock)): Object: 'Object Repository/Выручка в рублях/2024 список Выручка' is clicked on

22-11-2024T04:23:57 - [MESSAGE][PASSED] - Object: 'Object Repository/Выручка в рублях/2024 список Выручка' is clicked on

22-11-2024T04:23:57 - [TEST_STEP][PASSED] - scrollToElement(findTestObject("Выручка в рублях/1 квартал 2024 выбрать" + nameOfBlock), 30): Scroll to object 'Object Repository/Выручка в рублях/1 квартал 2024 выбрать Выручка' successfully

22-11-2024T04:23:58 - [MESSAGE][PASSED] - Scroll to object 'Object Repository/Выручка в рублях/1 квартал 2024 выбрать Выручка' successfully

22-11-2024T04:23:58 - [TEST_STEP][PASSED] - click(findTestObject("Выручка в рублях/1 квартал 2024 выбрать" + nameOfBlock)): Object: 'Object Repository/Выручка в рублях/1 квартал 2024 выбрать Выручка' is clicked on

22-11-2024T04:23:58 - [MESSAGE][PASSED] - Object: 'Object Repository/Выручка в рублях/1 квартал 2024 выбрать Выручка' is clicked on

22-11-2024T04:23:58 - [TEST_STEP][PASSED] - scrollToElement(findTestObject("Выручка в рублях/2 квартал 2024 выбрать" + nameOfBlock), 30): Scroll to object 'Object Repository/Выручка в рублях/2 квартал 2024 выбрать Выручка' successfully

22-11-2024T04:23:59 - [MESSAGE][PASSED] - Scroll to object 'Object Repository/Выручка в рублях/2 квартал 2024 выбрать Выручка' successfully

22-11-2024T04:23:59 - [TEST_STEP][PASSED] - click(findTestObject("Выручка в рублях/2 квартал 2024 выбрать" + nameOfBlock)): Object: 'Object Repository/Выручка в рублях/2 квартал 2024 выбрать Выручка' is clicked on

22-11-2024T04:23:59 - [MESSAGE][PASSED] - Object: 'Object Repository/Выручка в рублях/2 квартал 2024 выбрать Выручка' is clicked on

22-11-2024T04:23:59 - [TEST_STEP][PASSED] - scrollToElement(findTestObject("Выручка в рублях/3 квартал 2024 список" + nameOfBlock), 30): Scroll to object 'Object Repository/Выручка в рублях/3 квартал 2024 список Выручка' successfully

22-11-2024T04:24:00 - [MESSAGE][PASSED] - Scroll to object 'Object Repository/Выручка в рублях/3 квартал 2024 список Выручка' successfully

22-11-2024T04:24:00 - [TEST_STEP][PASSED] - click(findTestObject("Выручка в рублях/3 квартал 2024" + nameOfBlock)): Object: 'Object Repository/Выручка в рублях/3 квартал 2024 Выручка' is clicked on

22-11-2024T04:24:00 - [MESSAGE][PASSED] - Object: 'Object Repository/Выручка в рублях/3 квартал 2024 Выручка' is clicked on

22-11-2024T04:24:00 - [TEST_STEP][PASSED] - scrollToElement(findTestObject("Выручка в рублях/Заголовок дашборда" + nameOfBlock), 30): Scroll to object 'Object Repository/Выручка в рублях/Заголовок дашборда Выручка' successfully

22-11-2024T04:24:00 - [MESSAGE][PASSED] - Scroll to object 'Object Repository/Выручка в рублях/Заголовок дашборда Выручка' successfully

22-11-2024T04:24:00 - [TEST_STEP][PASSED] - click(findTestObject("Выручка в рублях/Применить в фильтре Дата" + nameOfBlock)): Object: 'Object Repository/Выручка в рублях/Применить в фильтре Дата Выручка' is clicked on

22-11-2024T04:24:01 - [MESSAGE][PASSED] - Object: 'Object Repository/Выручка в рублях/Применить в фильтре Дата Выручка' is clicked on

22-11-2024T04:24:01 - [TEST_STEP][PASSED] - delay(55): Delayed 55 second(s)

22-11-2024T04:24:56 - [MESSAGE][PASSED] - Delayed 55 second(s)

22-11-2024T04:24:56 - [TEST_STEP][PASSED] - click(findTestObject("Выручка в рублях/Фильтр ДЗО" + nameOfBlock)): Object: 'Object Repository/Выручка в рублях/Фильтр ДЗО Выручка' is clicked on

22-11-2024T04:24:56 - [MESSAGE][PASSED] - Object: 'Object Repository/Выручка в рублях/Фильтр ДЗО Выручка' is clicked on

22-11-2024T04:24:56 - [TEST_STEP][PASSED] - click(findTestObject("Выручка в рублях/Снять выделение в фильтре ДЗО" + nameOfBlock)): Object: 'Object Repository/Выручка в рублях/Снять выделение в фильтре ДЗО Выручка' is clicked on

22-11-2024T04:24:57 - [MESSAGE][PASSED] - Object: 'Object Repository/Выручка в рублях/Снять выделение в фильтре ДЗО Выручка' is clicked on

22-11-2024T04:24:57 - [TEST_STEP][PASSED] - click(findTestObject("Выручка в рублях/Применить в фильтре ДЗО" + nameOfBlock)): Object: 'Object Repository/Выручка в рублях/Применить в фильтре ДЗО Выручка' is clicked on

22-11-2024T04:24:57 - [MESSAGE][PASSED] - Object: 'Object Repository/Выручка в рублях/Применить в фильтре ДЗО Выручка' is clicked on

22-11-2024T04:24:57 - [TEST_STEP][PASSED] - delay(50): Delayed 50 second(s)

22-11-2024T04:25:47 - [MESSAGE][PASSED] - Delayed 50 second(s)

22-11-2024T04:25:47 - [TEST_STEP][PASSED] - Script1710234207206.Tumbler(run, vir, block, nameOfBlock): null

22-11-2024T04:25:47 - [TEST_STEP][PASSED] - println("run:" + run): null

22-11-2024T04:25:47 - [TEST_STEP][PASSED] - println("vir:" + vir): null

22-11-2024T04:25:47 - [TEST_STEP][PASSED] - println("block:" + block): null

22-11-2024T04:25:47 - [TEST_STEP][PASSED] - println("nameOfBlock:" + nameOfBlock): null

22-11-2024T04:25:47 - [TEST_STEP][PASSED] - if (vir == 1): null

22-11-2024T04:25:47 - [TEST_STEP][PASSED] - else if (vir == 2): null

22-11-2024T04:25:47 - [TEST_STEP][PASSED] - else if (vir == 3): Object: 'Object Repository/Выручка в рублях/Применить в фильтре Выручка Выручка' is clicked on

22-11-2024T04:25:47 - [TEST_STEP][PASSED] - if (run == 2): null

22-11-2024T04:25:47 - [TEST_STEP][PASSED] - click(findTestObject("Выручка в рублях/Фильтр Выручка" + nameOfBlock)): Object: 'Object Repository/Выручка в рублях/Фильтр Выручка Выручка' is clicked on

22-11-2024T04:25:48 - [MESSAGE][PASSED] - Object: 'Object Repository/Выручка в рублях/Фильтр Выручка Выручка' is clicked on

22-11-2024T04:25:48 - [TEST_STEP][PASSED] - click(findTestObject("Выручка в рублях/Внутренний оборот в фильтре Выручка" + nameOfBlock)): Object: 'Object Repository/Выручка в рублях/Внутренний оборот в фильтре Выручка Выручка' is clicked on

22-11-2024T04:25:48 - [MESSAGE][PASSED] - Object: 'Object Repository/Выручка в рублях/Внутренний оборот в фильтре Выручка Выручка' is clicked on

22-11-2024T04:25:48 - [TEST_STEP][PASSED] - click(findTestObject("Выручка в рублях/Применить в фильтре Выручка" + nameOfBlock)): Object: 'Object Repository/Выручка в рублях/Применить в фильтре Выручка Выручка' is clicked on

22-11-2024T04:25:49 - [MESSAGE][PASSED] - Object: 'Object Repository/Выручка в рублях/Применить в фильтре Выручка Выручка' is clicked on

22-11-2024T04:25:49 - [TEST_STEP][PASSED] - click(findTestObject("Выручка в рублях/Фильтр ДЗО" + nameOfBlock)): Object: 'Object Repository/Выручка в рублях/Фильтр ДЗО Выручка' is clicked on

22-11-2024T04:25:51 - [MESSAGE][PASSED] - Object: 'Object Repository/Выручка в рублях/Фильтр ДЗО Выручка' is clicked on

22-11-2024T04:25:51 - [TEST_STEP][PASSED] - Script1710234207206.Rosseti(nameOfBlock): null

22-11-2024T04:25:51 - [TEST_STEP][PASSED] - println("nameOfBlock:" + nameOfBlock): null

22-11-2024T04:25:51 - [TEST_STEP][PASSED] - click(findTestObject("Выручка в рублях/ПАО Россети" + nameOfBlock)): Object: 'Object Repository/Выручка в рублях/ПАО Россети Выручка' is clicked on

22-11-2024T04:25:52 - [MESSAGE][PASSED] - Object: 'Object Repository/Выручка в рублях/ПАО Россети Выручка' is clicked on

22-11-2024T04:25:52 - [TEST_STEP][PASSED] - click(findTestObject("Выручка в рублях/Применить в фильтре ДЗО" + nameOfBlock)): Object: 'Object Repository/Выручка в рублях/Применить в фильтре ДЗО Выручка' is clicked on

22-11-2024T04:25:53 - [MESSAGE][PASSED] - Object: 'Object Repository/Выручка в рублях/Применить в фильтре ДЗО Выручка' is clicked on

22-11-2024T04:25:53 - [TEST_STEP][PASSED] - if (vir == 1 || vir == 2): null

22-11-2024T04:25:53 - [TEST_STEP][PASSED] - else: Text of object 'Object Repository/Выручка в рублях/vir3Plan Выручка' is: '17 893'

22-11-2024T04:25:53 - [TEST_STEP][PASSED] - b1 = getText(findTestObject("Выручка в рублях/vir3Plan Выручка")): Text of object 'Object Repository/Выручка в рублях/vir3Plan Выручка' is: '17 893'

22-11-2024T04:25:55 - [MESSAGE][PASSED] - Text of object 'Object Repository/Выручка в рублях/vir3Plan Выручка' is: '17 893'

22-11-2024T04:25:55 - [TEST_STEP][PASSED] - if (vir == 1 || vir == 2): null

22-11-2024T04:25:55 - [TEST_STEP][PASSED] - else: Text of object 'Object Repository/Выручка в рублях/vir3Fact Выручка' is: '18 501'

22-11-2024T04:25:55 - [TEST_STEP][PASSED] - b2 = getText(findTestObject("Выручка в рублях/vir3Fact Выручка")): Text of object 'Object Repository/Выручка в рублях/vir3Fact Выручка' is: '18 501'

22-11-2024T04:25:55 - [MESSAGE][PASSED] - Text of object 'Object Repository/Выручка в рублях/vir3Fact Выручка' is: '18 501'

22-11-2024T04:25:55 - [TEST_STEP][PASSED] - b30 = getText(findTestObject("Выручка в рублях/span1" + perc)): Text of object 'Object Repository/Выручка в рублях/span1' is: '607.7 млн.руб.'

22-11-2024T04:25:55 - [MESSAGE][PASSED] - Text of object 'Object Repository/Выручка в рублях/span1' is: '607.7 млн.руб.'

22-11-2024T04:25:55 - [TEST_STEP][PASSED] - i = b30.indexOf("млн.руб."): null

22-11-2024T04:25:55 - [TEST_STEP][PASSED] - if (i > -1): null

22-11-2024T04:25:55 - [TEST_STEP][PASSED] - b30 = b30.substring(0, i): null

22-11-2024T04:25:55 - [TEST_STEP][PASSED] - b30 = b30.replaceAll(" ", ""): null

22-11-2024T04:25:55 - [TEST_STEP][PASSED] - if (b30.contains("%")): null

22-11-2024T04:25:55 - [TEST_STEP][PASSED] - b30 = ").trim(): null

22-11-2024T04:25:55 - [TEST_STEP][PASSED] - println("b30: " + b30): null

22-11-2024T04:25:55 - [TEST_STEP][PASSED] - if (vir == 1 || vir == 2): null

22-11-2024T04:25:55 - [TEST_STEP][PASSED] - else: Text of object 'Object Repository/Выручка в рублях/span15' is: '-48'

22-11-2024T04:25:55 - [TEST_STEP][PASSED] - b31 = ").trim(): Text of object 'Object Repository/Выручка в рублях/span15' is: '-48'

22-11-2024T04:25:56 - [MESSAGE][PASSED] - Text of object 'Object Repository/Выручка в рублях/span15' is: '-48'

22-11-2024T04:25:56 - [TEST_STEP][PASSED] - if (vir == 1 || vir == 2): null

22-11-2024T04:25:56 - [TEST_STEP][PASSED] - else: Text of object 'Object Repository/Выручка в рублях/span16' is: '79'

22-11-2024T04:25:56 - [TEST_STEP][PASSED] - b32 = ").trim(): Text of object 'Object Repository/Выручка в рублях/span16' is: '79'

22-11-2024T04:25:56 - [MESSAGE][PASSED] - Text of object 'Object Repository/Выручка в рублях/span16' is: '79'

22-11-2024T04:25:56 - [TEST_STEP][PASSED] - if (vir == 1 || vir == 2): null

22-11-2024T04:25:56 - [TEST_STEP][PASSED] - else: Text of object 'Object Repository/Выручка в рублях/span17' is: '542'

22-11-2024T04:25:56 - [TEST_STEP][PASSED] - b37 = ").trim(): Text of object 'Object Repository/Выручка в рублях/span17' is: '542'

22-11-2024T04:25:56 - [MESSAGE][PASSED] - Text of object 'Object Repository/Выручка в рублях/span17' is: '542'

22-11-2024T04:25:56 - [TEST_STEP][PASSED] - if (vir == 1 || vir == 2): null

22-11-2024T04:25:56 - [TEST_STEP][PASSED] - else: Text of object 'Object Repository/Выручка в рублях/span18' is: '35'

22-11-2024T04:25:56 - [TEST_STEP][PASSED] - b316 = ").trim(): Text of object 'Object Repository/Выручка в рублях/span18' is: '35'

22-11-2024T04:25:57 - [MESSAGE][PASSED] - Text of object 'Object Repository/Выручка в рублях/span18' is: '35'

22-11-2024T04:25:57 - [TEST_STEP][PASSED] - if (vir == 1 || vir == 2): null

22-11-2024T04:25:57 - [TEST_STEP][PASSED] - dZO = "ПАО Россети": null

22-11-2024T04:25:57 - [TEST_STEP][PASSED] - if (verifyEqual(a1, b1) == false): Actual object '17 893' and expected object '17 893' are equal

22-11-2024T04:25:57 - [MESSAGE][PASSED] - Actual object '17 893' and expected object '17 893' are equal

22-11-2024T04:25:57 - [TEST_STEP][PASSED] - if (verifyEqual(a2, b2) == false): Actual object '18 501' and expected object '18 501' are equal

22-11-2024T04:25:57 - [MESSAGE][PASSED] - Actual object '18 501' and expected object '18 501' are equal

22-11-2024T04:25:57 - [TEST_STEP][PASSED] - vidget = "Отклонения": null

22-11-2024T04:25:57 - [TEST_STEP][PASSED] - if (verifyEqual(a30, b30) == false): Actual object '607.7' and expected object '607.7' are equal

22-11-2024T04:25:57 - [MESSAGE][PASSED] - Actual object '607.7' and expected object '607.7' are equal

22-11-2024T04:25:57 - [TEST_STEP][PASSED] - dZO = "АО «Тываэнерго»": null

22-11-2024T04:25:57 - [TEST_STEP][PASSED] - if (verifyEqual(a31, b31) == false): Actual object '-48' and expected object '-48' are equal

22-11-2024T04:25:57 - [MESSAGE][PASSED] - Actual object '-48' and expected object '-48' are equal

22-11-2024T04:25:57 - [TEST_STEP][PASSED] - dZO = "АО «Чеченэнерго»": null

22-11-2024T04:25:57 - [TEST_STEP][PASSED] - if (verifyEqual(a32, b32) == false): Actual object '79' and expected object '79' are equal

22-11-2024T04:25:57 - [MESSAGE][PASSED] - Actual object '79' and expected object '79' are equal

22-11-2024T04:25:57 - [TEST_STEP][PASSED] - dZO = "Россети Волга": null

22-11-2024T04:25:57 - [TEST_STEP][PASSED] - if (verifyEqual(a33, b33) == false): Actual object 'null' and expected object 'null' are equal

22-11-2024T04:25:57 - [MESSAGE][PASSED] - Actual object 'null' and expected object 'null' are equal

22-11-2024T04:25:57 - [TEST_STEP][PASSED] - dZO = "Россети Кубань": null

22-11-2024T04:25:57 - [TEST_STEP][PASSED] - if (verifyEqual(a34, b34) == false): Actual object 'null' and expected object 'null' are equal

22-11-2024T04:25:57 - [MESSAGE][PASSED] - Actual object 'null' and expected object 'null' are equal

22-11-2024T04:25:57 - [TEST_STEP][PASSED] - dZO = "Россети Ленэнерго (ГК)": null

22-11-2024T04:25:57 - [TEST_STEP][PASSED] - if (verifyEqual(a35, b35) == false): Actual object 'null' and expected object 'null' are equal

22-11-2024T04:25:57 - [MESSAGE][PASSED] - Actual object 'null' and expected object 'null' are equal

22-11-2024T04:25:57 - [TEST_STEP][PASSED] - dZO = "Россети Московский регион": null

22-11-2024T04:25:57 - [TEST_STEP][PASSED] - if (verifyEqual(a36, b36) == false): Actual object 'null' and expected object 'null' are equal

22-11-2024T04:25:57 - [MESSAGE][PASSED] - Actual object 'null' and expected object 'null' are equal

22-11-2024T04:25:57 - [TEST_STEP][PASSED] - dZO = "Россети Северный Кавказ (ГК)": null

22-11-2024T04:25:57 - [TEST_STEP][PASSED] - if (verifyEqual(a37, b37) == false): Actual object '542' and expected object '542' are equal

22-11-2024T04:25:57 - [MESSAGE][PASSED] - Actual object '542' and expected object '542' are equal

22-11-2024T04:25:57 - [TEST_STEP][PASSED] - dZO = "Россети Северо-Запад": null

22-11-2024T04:25:57 - [TEST_STEP][PASSED] - if (verifyEqual(a38, b38) == false): Actual object 'null' and expected object 'null' are equal

22-11-2024T04:25:57 - [MESSAGE][PASSED] - Actual object 'null' and expected object 'null' are equal

22-11-2024T04:25:57 - [TEST_STEP][PASSED] - dZO = "Россети Сибирь (ГК)": null

22-11-2024T04:25:57 - [TEST_STEP][PASSED] - if (verifyEqual(a39, b39) == false): Actual object 'null' and expected object 'null' are equal

22-11-2024T04:25:57 - [MESSAGE][PASSED] - Actual object 'null' and expected object 'null' are equal

22-11-2024T04:25:57 - [TEST_STEP][PASSED] - dZO = "Россети Томск": null

22-11-2024T04:25:57 - [TEST_STEP][PASSED] - if (verifyEqual(a310, b310) == false): Actual object 'null' and expected object 'null' are equal

22-11-2024T04:25:57 - [MESSAGE][PASSED] - Actual object 'null' and expected object 'null' are equal

22-11-2024T04:25:57 - [TEST_STEP][PASSED] - dZO = "Россети Тюмень": null

22-11-2024T04:25:57 - [TEST_STEP][PASSED] - if (verifyEqual(a311, b311) == false): Actual object 'null' and expected object 'null' are equal

22-11-2024T04:25:57 - [MESSAGE][PASSED] - Actual object 'null' and expected object 'null' are equal

22-11-2024T04:25:57 - [TEST_STEP][PASSED] - dZO = "Россети Урал (ГК)": null

22-11-2024T04:25:57 - [TEST_STEP][PASSED] - if (verifyEqual(a312, b312) == false): Actual object 'null' and expected object 'null' are equal

22-11-2024T04:25:57 - [MESSAGE][PASSED] - Actual object 'null' and expected object 'null' are equal

22-11-2024T04:25:57 - [TEST_STEP][PASSED] - dZO = "Россети ФСК ЕЭС": null

22-11-2024T04:25:57 - [TEST_STEP][PASSED] - if (verifyEqual(a313, b313) == false): Actual object 'null' and expected object 'null' are equal

22-11-2024T04:25:57 - [MESSAGE][PASSED] - Actual object 'null' and expected object 'null' are equal

22-11-2024T04:25:57 - [TEST_STEP][PASSED] - dZO = "Россети Центр": null

22-11-2024T04:25:57 - [TEST_STEP][PASSED] - if (verifyEqual(a314, b314) == false): Actual object 'null' and expected object 'null' are equal

22-11-2024T04:25:57 - [MESSAGE][PASSED] - Actual object 'null' and expected object 'null' are equal

22-11-2024T04:25:57 - [TEST_STEP][PASSED] - dZO = "Россети Центр и Приволжье (ГК)": null

22-11-2024T04:25:57 - [TEST_STEP][PASSED] - if (verifyEqual(a315, b315) == false): Actual object 'null' and expected object 'null' are equal

22-11-2024T04:25:57 - [MESSAGE][PASSED] - Actual object 'null' and expected object 'null' are equal

22-11-2024T04:25:57 - [TEST_STEP][PASSED] - dZO = "Россети Юг (ГК)": null

22-11-2024T04:25:57 - [TEST_STEP][PASSED] - if (verifyEqual(a316, b316) == false): Actual object '35' and expected object '35' are equal

22-11-2024T04:25:57 - [MESSAGE][PASSED] - Actual object '35' and expected object '35' are equal

22-11-2024T04:25:57 - [TEST_STEP][PASSED] - dZO = "Россети Янтарь": null

22-11-2024T04:25:57 - [TEST_STEP][PASSED] - if (verifyEqual(a317, b317) == false): Actual object 'null' and expected object 'null' are equal

22-11-2024T04:25:57 - [MESSAGE][PASSED] - Actual object 'null' and expected object 'null' are equal

22-11-2024T04:25:57 - [TEST_STEP][PASSED] - closeBrowser(): null

22-11-2024T04:25:57 - [MESSAGE][PASSED] - Browser is closed

22-11-2024T04:25:57 - [TEST_STEP][PASSED] - Script1710234207206.ViruchkaChange(run, vir, block, nameOfBlock, typeOfData, viruchka, vidget, todaysDate, a, b, dZO, x, y): null

22-11-2024T04:25:57 - [TEST_STEP][PASSED] - for ([vir = 1, vir < 4, (vir++)]): null

22-11-2024T04:25:57 - [TEST_STEP][PASSED] - Script1710234207206.Blocks(run, vir, block, nameOfBlock, typeOfData, viruchka, vidget, todaysDate, a, b, dZO, x, y): null

22-11-2024T04:25:57 - [TEST_STEP][PASSED] - i = <not implemented yet for class: org.codehaus.groovy.ast.expr.EmptyExpression>: null

22-11-2024T04:25:57 - [TEST_STEP][PASSED] - perc = "": null

22-11-2024T04:25:57 - [TEST_STEP][PASSED] - a1 = <not implemented yet for class: org.codehaus.groovy.ast.expr.EmptyExpression>: null

22-11-2024T04:25:57 - [TEST_STEP][PASSED] - a2 = <not implemented yet for class: org.codehaus.groovy.ast.expr.EmptyExpression>: null

22-11-2024T04:25:57 - [TEST_STEP][PASSED] - a30 = <not implemented yet for class: org.codehaus.groovy.ast.expr.EmptyExpression>: null

22-11-2024T04:25:57 - [TEST_STEP][PASSED] - a31 = <not implemented yet for class: org.codehaus.groovy.ast.expr.EmptyExpression>: null

22-11-2024T04:25:57 - [TEST_STEP][PASSED] - a32 = <not implemented yet for class: org.codehaus.groovy.ast.expr.EmptyExpression>: null

22-11-2024T04:25:57 - [TEST_STEP][PASSED] - a33 = <not implemented yet for class: org.codehaus.groovy.ast.expr.EmptyExpression>: null

22-11-2024T04:25:57 - [TEST_STEP][PASSED] - a34 = <not implemented yet for class: org.codehaus.groovy.ast.expr.EmptyExpression>: null

22-11-2024T04:25:57 - [TEST_STEP][PASSED] - a35 = <not implemented yet for class: org.codehaus.groovy.ast.expr.EmptyExpression>: null

22-11-2024T04:25:57 - [TEST_STEP][PASSED] - a36 = <not implemented yet for class: org.codehaus.groovy.ast.expr.EmptyExpression>: null

22-11-2024T04:25:57 - [TEST_STEP][PASSED] - a37 = <not implemented yet for class: org.codehaus.groovy.ast.expr.EmptyExpression>: null

22-11-2024T04:25:57 - [TEST_STEP][PASSED] - a38 = <not implemented yet for class: org.codehaus.groovy.ast.expr.EmptyExpression>: null

22-11-2024T04:25:57 - [TEST_STEP][PASSED] - a39 = <not implemented yet for class: org.codehaus.groovy.ast.expr.EmptyExpression>: null

22-11-2024T04:25:57 - [TEST_STEP][PASSED] - a310 = <not implemented yet for class: org.codehaus.groovy.ast.expr.EmptyExpression>: null

22-11-2024T04:25:57 - [TEST_STEP][PASSED] - a311 = <not implemented yet for class: org.codehaus.groovy.ast.expr.EmptyExpression>: null

22-11-2024T04:25:57 - [TEST_STEP][PASSED] - a312 = <not implemented yet for class: org.codehaus.groovy.ast.expr.EmptyExpression>: null

22-11-2024T04:25:57 - [TEST_STEP][PASSED] - a313 = <not implemented yet for class: org.codehaus.groovy.ast.expr.EmptyExpression>: null

22-11-2024T04:25:57 - [TEST_STEP][PASSED] - a314 = <not implemented yet for class: org.codehaus.groovy.ast.expr.EmptyExpression>: null

22-11-2024T04:25:57 - [TEST_STEP][PASSED] - a315 = <not implemented yet for class: org.codehaus.groovy.ast.expr.EmptyExpression>: null

22-11-2024T04:25:57 - [TEST_STEP][PASSED] - a316 = <not implemented yet for class: org.codehaus.groovy.ast.expr.EmptyExpression>: null

22-11-2024T04:25:57 - [TEST_STEP][PASSED] - a317 = <not implemented yet for class: org.codehaus.groovy.ast.expr.EmptyExpression>: null

22-11-2024T04:25:57 - [TEST_STEP][PASSED] - b1 = <not implemented yet for class: org.codehaus.groovy.ast.expr.EmptyExpression>: null

22-11-2024T04:25:57 - [TEST_STEP][PASSED] - b2 = <not implemented yet for class: org.codehaus.groovy.ast.expr.EmptyExpression>: null

22-11-2024T04:25:57 - [TEST_STEP][PASSED] - b30 = <not implemented yet for class: org.codehaus.groovy.ast.expr.EmptyExpression>: null

22-11-2024T04:25:57 - [TEST_STEP][PASSED] - b31 = <not implemented yet for class: org.codehaus.groovy.ast.expr.EmptyExpression>: null

22-11-2024T04:25:57 - [TEST_STEP][PASSED] - b32 = <not implemented yet for class: org.codehaus.groovy.ast.expr.EmptyExpression>: null

22-11-2024T04:25:57 - [TEST_STEP][PASSED] - b33 = <not implemented yet for class: org.codehaus.groovy.ast.expr.EmptyExpression>: null

22-11-2024T04:25:57 - [TEST_STEP][PASSED] - b34 = <not implemented yet for class: org.codehaus.groovy.ast.expr.EmptyExpression>: null

22-11-2024T04:25:57 - [TEST_STEP][PASSED] - b35 = <not implemented yet for class: org.codehaus.groovy.ast.expr.EmptyExpression>: null

22-11-2024T04:25:57 - [TEST_STEP][PASSED] - b36 = <not implemented yet for class: org.codehaus.groovy.ast.expr.EmptyExpression>: null

22-11-2024T04:25:57 - [TEST_STEP][PASSED] - b37 = <not implemented yet for class: org.codehaus.groovy.ast.expr.EmptyExpression>: null

22-11-2024T04:25:57 - [TEST_STEP][PASSED] - b38 = <not implemented yet for class: org.codehaus.groovy.ast.expr.EmptyExpression>: null

22-11-2024T04:25:57 - [TEST_STEP][PASSED] - b39 = <not implemented yet for class: org.codehaus.groovy.ast.expr.EmptyExpression>: null

22-11-2024T04:25:57 - [TEST_STEP][PASSED] - b310 = <not implemented yet for class: org.codehaus.groovy.ast.expr.EmptyExpression>: null

22-11-2024T04:25:57 - [TEST_STEP][PASSED] - b311 = <not implemented yet for class: org.codehaus.groovy.ast.expr.EmptyExpression>: null

22-11-2024T04:25:57 - [TEST_STEP][PASSED] - b312 = <not implemented yet for class: org.codehaus.groovy.ast.expr.EmptyExpression>: null

22-11-2024T04:25:57 - [TEST_STEP][PASSED] - b313 = <not implemented yet for class: org.codehaus.groovy.ast.expr.EmptyExpression>: null

22-11-2024T04:25:57 - [TEST_STEP][PASSED] - b314 = <not implemented yet for class: org.codehaus.groovy.ast.expr.EmptyExpression>: null

22-11-2024T04:25:57 - [TEST_STEP][PASSED] - b315 = <not implemented yet for class: org.codehaus.groovy.ast.expr.EmptyExpression>: null

22-11-2024T04:25:57 - [TEST_STEP][PASSED] - b316 = <not implemented yet for class: org.codehaus.groovy.ast.expr.EmptyExpression>: null

22-11-2024T04:25:57 - [TEST_STEP][PASSED] - b317 = <not implemented yet for class: org.codehaus.groovy.ast.expr.EmptyExpression>: null

22-11-2024T04:25:57 - [TEST_STEP][PASSED] - block = 1: null

22-11-2024T04:25:57 - [TEST_STEP][PASSED] - nameOfBlock = "": null

22-11-2024T04:25:57 - [TEST_STEP][PASSED] - Script1710234207206.PreSettings(run, vir, block, nameOfBlock, typeOfData, todaysDate): null

22-11-2024T04:25:57 - [TEST_STEP][PASSED] - openBrowser(""): Browser is opened with url: ''

22-11-2024T04:25:57 - [MESSAGE][INFO] - Starting 'Chrome' driver

22-11-2024T04:25:57 - [MESSAGE][INFO] - Action delay is set to 0 milliseconds

22-11-2024T04:25:58 - [MESSAGE][PASSED] - Browser is opened with url: ''

22-11-2024T04:25:58 - [TEST_STEP][PASSED] - refresh(): Refresh successfully

22-11-2024T04:25:58 - [MESSAGE][PASSED] - Refresh successfully

22-11-2024T04:25:58 - [TEST_STEP][PASSED] - delay(50): Delayed 50 second(s)

22-11-2024T04:26:48 - [MESSAGE][PASSED] - Delayed 50 second(s)

22-11-2024T04:26:48 - [TEST_STEP][PASSED] - println("run:" + run): null

22-11-2024T04:26:48 - [TEST_STEP][PASSED] - println("vir:" + vir): null

22-11-2024T04:26:48 - [TEST_STEP][PASSED] - println("block:" + block): null

22-11-2024T04:26:48 - [TEST_STEP][PASSED] - if (block == 1): null

22-11-2024T04:26:48 - [TEST_STEP][PASSED] - nameOfBlock = "": null

22-11-2024T04:26:48 - [TEST_STEP][PASSED] - println("nameOfBlock:" + nameOfBlock): null

22-11-2024T04:26:48 - [TEST_STEP][PASSED] - println("typeOfData:" + typeOfData): null

22-11-2024T04:26:48 - [TEST_STEP][PASSED] - println("todaysDate:" + todaysDate): null

22-11-2024T04:26:48 - [TEST_STEP][PASSED] - Script1710234207206.Autorization(block, nameOfBlock): null

22-11-2024T04:26:48 - [TEST_STEP][PASSED] - i = <not implemented yet for class: org.codehaus.groovy.ast.expr.EmptyExpression>: null

22-11-2024T04:26:48 - [TEST_STEP][PASSED] - ii = <not implemented yet for class: org.codehaus.groovy.ast.expr.EmptyExpression>: null

22-11-2024T04:26:48 - [TEST_STEP][PASSED] - urlData = <not implemented yet for class: org.codehaus.groovy.ast.expr.EmptyExpression>: null

22-11-2024T04:26:48 - [TEST_STEP][PASSED] - searchWord = <not implemented yet for class: org.codehaus.groovy.ast.expr.EmptyExpression>: null

22-11-2024T04:26:48 - [TEST_STEP][PASSED] - urlText = <not implemented yet for class: org.codehaus.groovy.ast.expr.EmptyExpression>: null

22-11-2024T04:26:48 - [TEST_STEP][PASSED] - println("block:" + block): null

22-11-2024T04:26:48 - [TEST_STEP][PASSED] - if (block == 1): null

22-11-2024T04:26:48 - [TEST_STEP][PASSED] - nameOfBlock = "": null

22-11-2024T04:26:48 - [TEST_STEP][PASSED] - println("nameOfBlock:" + nameOfBlock): null

22-11-2024T04:26:48 - [TEST_STEP][PASSED] - if (block == 1): Delayed 45 second(s)

22-11-2024T04:26:48 - [TEST_STEP][PASSED] - urlData = 2: null

22-11-2024T04:26:48 - [TEST_STEP][PASSED] - delay(45): Delayed 45 second(s)

22-11-2024T04:27:33 - [MESSAGE][PASSED] - Delayed 45 second(s)

22-11-2024T04:27:33 - [TEST_STEP][PASSED] - navigateToUrl(findTestData("PlanFact").getValue(10, urlData)): Navigate to 'https://bi.rosseti.digital/viewer?dashboardGuid=2301950b23be4ed89c1df75f2020051e&sheetGuid=b723206f698544fb87299f3095c00435&fit=true' successfully

22-11-2024T04:27:38 - [MESSAGE][PASSED] - Navigate to 'https://bi.rosseti.digital/viewer?dashboardGuid=2301950b23be4ed89c1df75f2020051e&sheetGuid=b723206f698544fb87299f3095c00435&fit=true' successfully

22-11-2024T04:27:38 - [TEST_STEP][PASSED] - urlText = getText(findTestObject("Страница авторизации/Text")): Text of object 'Object Repository/Страница авторизации/Text' is: 'Вход'

22-11-2024T04:27:42 - [MESSAGE][PASSED] - Text of object 'Object Repository/Страница авторизации/Text' is: 'Вход'

22-11-2024T04:27:42 - [TEST_STEP][PASSED] - searchWord = "Вход": null

22-11-2024T04:27:42 - [TEST_STEP][PASSED] - if (urlText == null || urlText.contains("ошибка") || urlText.contains(searchWord) == false): null

22-11-2024T04:27:42 - [TEST_STEP][PASSED] - if (verifyElementPresent(findTestObject("Страница авторизации/button_"), 30) == true): null

22-11-2024T04:27:42 - [MESSAGE][PASSED] - Object 'Object Repository/Страница авторизации/button_' is present

22-11-2024T04:27:42 - [TEST_STEP][PASSED] - setText(findTestObject("Страница авторизации/input__username"), findTestData("PlanFact").getValue(8, 1)): Text 'liazgina-di' is set on object 'Object Repository/Страница авторизации/input__username'

22-11-2024T04:27:42 - [MESSAGE][PASSED] - Text 'liazgina-di' is set on object 'Object Repository/Страница авторизации/input__username'

22-11-2024T04:27:42 - [TEST_STEP][PASSED] - setText(findTestObject("Страница авторизации/input__password"), findTestData("PlanFact").getValue(9, 1)): Text ')$%5srZ8o688Dm#q' is set on object 'Object Repository/Страница авторизации/input__password'

22-11-2024T04:27:43 - [MESSAGE][PASSED] - Text ')$%5srZ8o688Dm#q' is set on object 'Object Repository/Страница авторизации/input__password'

22-11-2024T04:27:43 - [TEST_STEP][PASSED] - click(findTestObject("Страница авторизации/button_")): Object: 'Object Repository/Страница авторизации/button_' is clicked on

22-11-2024T04:27:46 - [MESSAGE][PASSED] - Object: 'Object Repository/Страница авторизации/button_' is clicked on

22-11-2024T04:27:46 - [TEST_STEP][PASSED] - delay(45): Delayed 45 second(s)

22-11-2024T04:28:31 - [MESSAGE][PASSED] - Delayed 45 second(s)

22-11-2024T04:28:31 - [TEST_STEP][PASSED] - urlText = getText(findTestObject("Страница авторизации/Text")): Text of object 'Object Repository/Страница авторизации/Text' is: 'Период
1, 2, 3 кв. 2024 года
Выручка
Все
Выполнение плановых показателей по ПАО Россети за 1, 2, 3 кв. 2024 года
План
Факт
Динамика
2024 год
0 млн.руб.
100 000 млн.руб.
200 000 млн.руб.
300 000 млн.руб.
400 000 млн.руб.
500 000 млн.руб.
600 000 млн.руб.
700 000 млн.руб.
800 000 млн.руб.
900 000 млн.руб.
1 000 000 млн.руб.
1 100 000 млн.руб.
1 200 000 млн.руб.
1 300 000 млн.руб.
1 056 816
1 083 641
↑
ДЗО 
Все
Внутренний оборот - выручка за услуги по передаче электрической энергии, учтенная в выручке за электроэнергию для конечных потребителей, при выполнении ДЗО функций гарантирующего поставщика
Подписи данных
⬤Отклонение
АО «Тываэнерго»
АО «Чеченэнерго»
Россети Волга
Россети Кубань
Россети Ленэнерго (ГК)
Россети Московский регион
Россети Северный Кавказ (ГК)
Россети Северо-Запад
Россети Сибирь (ГК)
Россети Томск
Россети Тюмень
Россети Урал (ГК)
Россети ФСК ЕЭС
Россети Центр
Россети Центр и Приволжье (ГК)
Россети Юг (ГК)
Россети Янтарь
-4 000млн.руб.
-2 000млн.руб.
0 млн.руб.
2 000млн.руб.
4 000млн.руб.
6 000млн.руб.
8 00…
-6 000млн.руб.
239
68
25
3 470
3 855
6 900
821
839
2 116
213
-4 312
1 715
1 999
3 410
3 873
1 315
277
млн.
%
Выручка
Отклонение выручки по ПАО Россети за 1, 2, 3 кв. 2024 года (факт/план, млн. руб)
ПАО Россети
26 824.9 млн.руб.
 '

22-11-2024T04:28:32 - [MESSAGE][PASSED] - Text of object 'Object Repository/Страница авторизации/Text' is: 'Период
1, 2, 3 кв. 2024 года
Выручка
Все
Выполнение плановых показателей по ПАО Россети за 1, 2, 3 кв. 2024 года
План
Факт
Динамика
2024 год
0 млн.руб.
100 000 млн.руб.
200 000 млн.руб.
300 000 млн.руб.
400 000 млн.руб.
500 000 млн.руб.
600 000 млн.руб.
700 000 млн.руб.
800 000 млн.руб.
900 000 млн.руб.
1 000 000 млн.руб.
1 100 000 млн.руб.
1 200 000 млн.руб.
1 300 000 млн.руб.
1 056 816
1 083 641
↑
ДЗО 
Все
Внутренний оборот - выручка за услуги по передаче электрической энергии, учтенная в выручке за электроэнергию для конечных потребителей, при выполнении ДЗО функций гарантирующего поставщика
Подписи данных
⬤Отклонение
АО «Тываэнерго»
АО «Чеченэнерго»
Россети Волга
Россети Кубань
Россети Ленэнерго (ГК)
Россети Московский регион
Россети Северный Кавказ (ГК)
Россети Северо-Запад
Россети Сибирь (ГК)
Россети Томск
Россети Тюмень
Россети Урал (ГК)
Россети ФСК ЕЭС
Россети Центр
Россети Центр и Приволжье (ГК)
Россети Юг (ГК)
Россети Янтарь
-4 000млн.руб.
-2 000млн.руб.
0 млн.руб.
2 000млн.руб.
4 000млн.руб.
6 000млн.руб.
8 00…
-6 000млн.руб.
239
68
25
3 470
3 855
6 900
821
839
2 116
213
-4 312
1 715
1 999
3 410
3 873
1 315
277
млн.
%
Выручка
Отклонение выручки по ПАО Россети за 1, 2, 3 кв. 2024 года (факт/план, млн. руб)
ПАО Россети
26 824.9 млн.руб.
 '

22-11-2024T04:28:32 - [TEST_STEP][PASSED] - searchWord = "а": null

22-11-2024T04:28:32 - [TEST_STEP][PASSED] - if (urlText.contains("ошибка") || urlText.contains(searchWord) == false): null

22-11-2024T04:28:32 - [TEST_STEP][PASSED] - delay(45): Delayed 45 second(s)

22-11-2024T04:29:17 - [MESSAGE][PASSED] - Delayed 45 second(s)

22-11-2024T04:29:17 - [TEST_STEP][PASSED] - if (block == 2): null

22-11-2024T04:29:17 - [TEST_STEP][PASSED] - click(findTestObject("Выручка в рублях/Фильтр Период" + nameOfBlock)): Object: 'Object Repository/Выручка в рублях/Фильтр Период' is clicked on

22-11-2024T04:29:17 - [MESSAGE][PASSED] - Object: 'Object Repository/Выручка в рублях/Фильтр Период' is clicked on

22-11-2024T04:29:17 - [TEST_STEP][PASSED] - click(findTestObject("Выручка в рублях/Снять выделение в фильтре Дата" + nameOfBlock)): Object: 'Object Repository/Выручка в рублях/Снять выделение в фильтре Дата' is clicked on

22-11-2024T04:29:17 - [MESSAGE][PASSED] - Object: 'Object Repository/Выручка в рублях/Снять выделение в фильтре Дата' is clicked on

22-11-2024T04:29:17 - [TEST_STEP][PASSED] - click(findTestObject("Выручка в рублях/Применить в фильтре Дата" + nameOfBlock)): Object: 'Object Repository/Выручка в рублях/Применить в фильтре Дата' is clicked on

22-11-2024T04:29:18 - [MESSAGE][PASSED] - Object: 'Object Repository/Выручка в рублях/Применить в фильтре Дата' is clicked on

22-11-2024T04:29:18 - [TEST_STEP][PASSED] - delay(50): Delayed 50 second(s)

22-11-2024T04:30:08 - [MESSAGE][PASSED] - Delayed 50 second(s)

22-11-2024T04:30:08 - [TEST_STEP][PASSED] - click(findTestObject("Выручка в рублях/Фильтр Период" + nameOfBlock)): Object: 'Object Repository/Выручка в рублях/Фильтр Период' is clicked on

22-11-2024T04:30:08 - [MESSAGE][PASSED] - Object: 'Object Repository/Выручка в рублях/Фильтр Период' is clicked on

22-11-2024T04:30:08 - [TEST_STEP][PASSED] - click(findTestObject("Выручка в рублях/Снять выделение в фильтре Дата" + nameOfBlock)): Object: 'Object Repository/Выручка в рублях/Снять выделение в фильтре Дата' is clicked on

22-11-2024T04:30:09 - [MESSAGE][PASSED] - Object: 'Object Repository/Выручка в рублях/Снять выделение в фильтре Дата' is clicked on

22-11-2024T04:30:09 - [TEST_STEP][PASSED] - scrollToElement(findTestObject("Выручка в рублях/2024 список" + nameOfBlock), 30): Scroll to object 'Object Repository/Выручка в рублях/2024 список' successfully

22-11-2024T04:30:09 - [MESSAGE][PASSED] - Scroll to object 'Object Repository/Выручка в рублях/2024 список' successfully

22-11-2024T04:30:09 - [TEST_STEP][PASSED] - click(findTestObject("Выручка в рублях/2024 список" + nameOfBlock)): Object: 'Object Repository/Выручка в рублях/2024 список' is clicked on

22-11-2024T04:30:09 - [MESSAGE][PASSED] - Object: 'Object Repository/Выручка в рублях/2024 список' is clicked on

22-11-2024T04:30:09 - [TEST_STEP][PASSED] - scrollToElement(findTestObject("Выручка в рублях/1 квартал 2024 выбрать" + nameOfBlock), 30): Scroll to object 'Object Repository/Выручка в рублях/1 квартал 2024 выбрать' successfully

22-11-2024T04:30:10 - [MESSAGE][PASSED] - Scroll to object 'Object Repository/Выручка в рублях/1 квартал 2024 выбрать' successfully

22-11-2024T04:30:10 - [TEST_STEP][PASSED] - click(findTestObject("Выручка в рублях/1 квартал 2024 выбрать" + nameOfBlock)): Object: 'Object Repository/Выручка в рублях/1 квартал 2024 выбрать' is clicked on

22-11-2024T04:30:10 - [MESSAGE][PASSED] - Object: 'Object Repository/Выручка в рублях/1 квартал 2024 выбрать' is clicked on

22-11-2024T04:30:10 - [TEST_STEP][PASSED] - scrollToElement(findTestObject("Выручка в рублях/2 квартал 2024 выбрать" + nameOfBlock), 30): Scroll to object 'Object Repository/Выручка в рублях/2 квартал 2024 выбрать' successfully

22-11-2024T04:30:11 - [MESSAGE][PASSED] - Scroll to object 'Object Repository/Выручка в рублях/2 квартал 2024 выбрать' successfully

22-11-2024T04:30:11 - [TEST_STEP][PASSED] - click(findTestObject("Выручка в рублях/2 квартал 2024 выбрать" + nameOfBlock)): Object: 'Object Repository/Выручка в рублях/2 квартал 2024 выбрать' is clicked on

22-11-2024T04:30:11 - [MESSAGE][PASSED] - Object: 'Object Repository/Выручка в рублях/2 квартал 2024 выбрать' is clicked on

22-11-2024T04:30:11 - [TEST_STEP][PASSED] - scrollToElement(findTestObject("Выручка в рублях/3 квартал 2024 список" + nameOfBlock), 30): Scroll to object 'Object Repository/Выручка в рублях/3 квартал 2024 список' successfully

22-11-2024T04:30:12 - [MESSAGE][PASSED] - Scroll to object 'Object Repository/Выручка в рублях/3 квартал 2024 список' successfully

22-11-2024T04:30:12 - [TEST_STEP][PASSED] - click(findTestObject("Выручка в рублях/3 квартал 2024" + nameOfBlock)): Object: 'Object Repository/Выручка в рублях/3 квартал 2024' is clicked on

22-11-2024T04:30:12 - [MESSAGE][PASSED] - Object: 'Object Repository/Выручка в рублях/3 квартал 2024' is clicked on

22-11-2024T04:30:12 - [TEST_STEP][PASSED] - scrollToElement(findTestObject("Выручка в рублях/Заголовок дашборда" + nameOfBlock), 30): Scroll to object 'Object Repository/Выручка в рублях/Заголовок дашборда' successfully

22-11-2024T04:30:13 - [MESSAGE][PASSED] - Scroll to object 'Object Repository/Выручка в рублях/Заголовок дашборда' successfully

22-11-2024T04:30:13 - [TEST_STEP][PASSED] - click(findTestObject("Выручка в рублях/Применить в фильтре Дата" + nameOfBlock)): Object: 'Object Repository/Выручка в рублях/Применить в фильтре Дата' is clicked on

22-11-2024T04:30:13 - [MESSAGE][PASSED] - Object: 'Object Repository/Выручка в рублях/Применить в фильтре Дата' is clicked on

22-11-2024T04:30:13 - [TEST_STEP][PASSED] - delay(55): Delayed 55 second(s)

22-11-2024T04:31:08 - [MESSAGE][PASSED] - Delayed 55 second(s)

22-11-2024T04:31:08 - [TEST_STEP][PASSED] - click(findTestObject("Выручка в рублях/Фильтр ДЗО" + nameOfBlock)): Object: 'Object Repository/Выручка в рублях/Фильтр ДЗО' is clicked on

22-11-2024T04:31:08 - [MESSAGE][PASSED] - Object: 'Object Repository/Выручка в рублях/Фильтр ДЗО' is clicked on

22-11-2024T04:31:08 - [TEST_STEP][PASSED] - click(findTestObject("Выручка в рублях/Снять выделение в фильтре ДЗО" + nameOfBlock)): Object: 'Object Repository/Выручка в рублях/Снять выделение в фильтре ДЗО' is clicked on

22-11-2024T04:31:09 - [MESSAGE][PASSED] - Object: 'Object Repository/Выручка в рублях/Снять выделение в фильтре ДЗО' is clicked on

22-11-2024T04:31:09 - [TEST_STEP][PASSED] - click(findTestObject("Выручка в рублях/Применить в фильтре ДЗО" + nameOfBlock)): Object: 'Object Repository/Выручка в рублях/Применить в фильтре ДЗО' is clicked on

22-11-2024T04:31:10 - [MESSAGE][PASSED] - Object: 'Object Repository/Выручка в рублях/Применить в фильтре ДЗО' is clicked on

22-11-2024T04:31:10 - [TEST_STEP][PASSED] - delay(50): Delayed 50 second(s)

22-11-2024T04:32:00 - [MESSAGE][PASSED] - Delayed 50 second(s)

22-11-2024T04:32:00 - [TEST_STEP][PASSED] - Script1710234207206.Tumbler(run, vir, block, nameOfBlock): null

22-11-2024T04:32:00 - [TEST_STEP][PASSED] - println("run:" + run): null

22-11-2024T04:32:00 - [TEST_STEP][PASSED] - println("vir:" + vir): null

22-11-2024T04:32:00 - [TEST_STEP][PASSED] - println("block:" + block): null

22-11-2024T04:32:00 - [TEST_STEP][PASSED] - println("nameOfBlock:" + nameOfBlock): null

22-11-2024T04:32:00 - [TEST_STEP][PASSED] - if (vir == 1): Object: 'Object Repository/Выручка в рублях/Переключить отображение с млн на проценты Выручка в рублях' is clicked on

22-11-2024T04:32:00 - [TEST_STEP][PASSED] - if (run == 2): Object: 'Object Repository/Выручка в рублях/Переключить отображение с млн на проценты Выручка в рублях' is clicked on

22-11-2024T04:32:00 - [TEST_STEP][PASSED] - click(findTestObject("Выручка в рублях/Переключить отображение с млн на проценты Выручка в рублях" + nameOfBlock)): Object: 'Object Repository/Выручка в рублях/Переключить отображение с млн на проценты Выручка в рублях' is clicked on

22-11-2024T04:32:00 - [MESSAGE][PASSED] - Object: 'Object Repository/Выручка в рублях/Переключить отображение с млн на проценты Выручка в рублях' is clicked on

22-11-2024T04:32:00 - [TEST_STEP][PASSED] - click(findTestObject("Выручка в рублях/Фильтр ДЗО" + nameOfBlock)): Object: 'Object Repository/Выручка в рублях/Фильтр ДЗО' is clicked on

22-11-2024T04:32:00 - [MESSAGE][PASSED] - Object: 'Object Repository/Выручка в рублях/Фильтр ДЗО' is clicked on

22-11-2024T04:32:00 - [TEST_STEP][PASSED] - Script1710234207206.Rosseti(nameOfBlock): null

22-11-2024T04:32:00 - [TEST_STEP][PASSED] - println("nameOfBlock:" + nameOfBlock): null

22-11-2024T04:32:00 - [TEST_STEP][PASSED] - click(findTestObject("Выручка в рублях/ПАО Россети" + nameOfBlock)): Object: 'Object Repository/Выручка в рублях/ПАО Россети' is clicked on

22-11-2024T04:32:01 - [MESSAGE][PASSED] - Object: 'Object Repository/Выручка в рублях/ПАО Россети' is clicked on

22-11-2024T04:32:01 - [TEST_STEP][PASSED] - click(findTestObject("Выручка в рублях/Применить в фильтре ДЗО" + nameOfBlock)): Object: 'Object Repository/Выручка в рублях/Применить в фильтре ДЗО' is clicked on

22-11-2024T04:32:01 - [MESSAGE][PASSED] - Object: 'Object Repository/Выручка в рублях/Применить в фильтре ДЗО' is clicked on

22-11-2024T04:32:01 - [TEST_STEP][PASSED] - if (run == 2): null

22-11-2024T04:32:01 - [TEST_STEP][PASSED] - perc = " Perc": null

22-11-2024T04:32:01 - [TEST_STEP][PASSED] - if (vir == 1 || vir == 2): Text of object 'Object Repository/Выручка в рублях/График План' is: '1 056 816'

22-11-2024T04:32:01 - [TEST_STEP][PASSED] - a1 = getText(findTestObject("Выручка в рублях/График План")): Text of object 'Object Repository/Выручка в рублях/График План' is: '1 056 816'

22-11-2024T04:32:04 - [MESSAGE][PASSED] - Text of object 'Object Repository/Выручка в рублях/График План' is: '1 056 816'

22-11-2024T04:32:04 - [TEST_STEP][PASSED] - if (vir == 1 || vir == 2): Text of object 'Object Repository/Выручка в рублях/График Факт' is: '1 083 641'

22-11-2024T04:32:04 - [TEST_STEP][PASSED] - a2 = getText(findTestObject("Выручка в рублях/График Факт")): Text of object 'Object Repository/Выручка в рублях/График Факт' is: '1 083 641'

22-11-2024T04:32:04 - [MESSAGE][PASSED] - Text of object 'Object Repository/Выручка в рублях/График Факт' is: '1 083 641'

22-11-2024T04:32:04 - [TEST_STEP][PASSED] - a30 = getText(findTestObject("Выручка в рублях/span1" + perc)): Text of object 'Object Repository/Выручка в рублях/span1 Perc' is: '-23.84 %'

22-11-2024T04:32:04 - [MESSAGE][PASSED] - Text of object 'Object Repository/Выручка в рублях/span1 Perc' is: '-23.84 %'

22-11-2024T04:32:04 - [TEST_STEP][PASSED] - i = a30.indexOf("млн.руб."): null

22-11-2024T04:32:04 - [TEST_STEP][PASSED] - if (i > -1): null

22-11-2024T04:32:04 - [TEST_STEP][PASSED] - if (a30.contains("%")): null

22-11-2024T04:32:04 - [TEST_STEP][PASSED] - a30 = a30.replaceAll("%", ""): null

22-11-2024T04:32:04 - [TEST_STEP][PASSED] - a30 = ").trim(): null

22-11-2024T04:32:04 - [TEST_STEP][PASSED] - println("a30: " + a30): null

22-11-2024T04:32:04 - [TEST_STEP][PASSED] - if (vir == 1 || vir == 2): Text of object 'Object Repository/Выручка в рублях/span2 Perc' is: '17.34 %'

22-11-2024T04:32:04 - [TEST_STEP][PASSED] - a31 = ").trim(): Text of object 'Object Repository/Выручка в рублях/span2 Perc' is: '17.34 %'

22-11-2024T04:32:05 - [MESSAGE][PASSED] - Text of object 'Object Repository/Выручка в рублях/span2 Perc' is: '17.34 %'

22-11-2024T04:32:05 - [TEST_STEP][PASSED] - if (vir == 1 || vir == 2): Text of object 'Object Repository/Выручка в рублях/span3 Perc' is: '-48.99 %'

22-11-2024T04:32:05 - [TEST_STEP][PASSED] - a32 = ").trim(): Text of object 'Object Repository/Выручка в рублях/span3 Perc' is: '-48.99 %'

22-11-2024T04:32:05 - [MESSAGE][PASSED] - Text of object 'Object Repository/Выручка в рублях/span3 Perc' is: '-48.99 %'

22-11-2024T04:32:05 - [TEST_STEP][PASSED] - if (vir == 1 || vir == 2): Text of object 'Object Repository/Выручка в рублях/span8 Perc' is: '-49.02 %'

22-11-2024T04:32:05 - [TEST_STEP][PASSED] - a33 = ").trim(): Text of object 'Object Repository/Выручка в рублях/span4 Perc' is: '-49.98 %'

22-11-2024T04:32:05 - [MESSAGE][PASSED] - Text of object 'Object Repository/Выручка в рублях/span4 Perc' is: '-49.98 %'

22-11-2024T04:32:05 - [TEST_STEP][PASSED] - a34 = ").trim(): Text of object 'Object Repository/Выручка в рублях/span5 Perc' is: '-46.94 %'

22-11-2024T04:32:06 - [MESSAGE][PASSED] - Text of object 'Object Repository/Выручка в рублях/span5 Perc' is: '-46.94 %'

22-11-2024T04:32:06 - [TEST_STEP][PASSED] - a35 = ").trim(): Text of object 'Object Repository/Выручка в рублях/span6 Perc' is: '-47.39 %'

22-11-2024T04:32:06 - [MESSAGE][PASSED] - Text of object 'Object Repository/Выручка в рублях/span6 Perc' is: '-47.39 %'

22-11-2024T04:32:06 - [TEST_STEP][PASSED] - a36 = ").trim(): Text of object 'Object Repository/Выручка в рублях/span7 Perc' is: '4.51 %'

22-11-2024T04:32:06 - [MESSAGE][PASSED] - Text of object 'Object Repository/Выручка в рублях/span7 Perc' is: '4.51 %'

22-11-2024T04:32:06 - [TEST_STEP][PASSED] - a37 = ").trim(): Text of object 'Object Repository/Выручка в рублях/span8 Perc' is: '-49.02 %'

22-11-2024T04:32:06 - [MESSAGE][PASSED] - Text of object 'Object Repository/Выручка в рублях/span8 Perc' is: '-49.02 %'

22-11-2024T04:32:06 - [TEST_STEP][PASSED] - if (vir == 1 || vir == 2): Text of object 'Object Repository/Выручка в рублях/span17 Perc' is: '-48.3 %'

22-11-2024T04:32:06 - [TEST_STEP][PASSED] - a38 = ").trim(): Text of object 'Object Repository/Выручка в рублях/span9 Perc' is: '2.16 %'

22-11-2024T04:32:07 - [MESSAGE][PASSED] - Text of object 'Object Repository/Выручка в рублях/span9 Perc' is: '2.16 %'

22-11-2024T04:32:07 - [TEST_STEP][PASSED] - a39 = ").trim(): Text of object 'Object Repository/Выручка в рублях/span10 Perc' is: '4.15 %'

22-11-2024T04:32:07 - [MESSAGE][PASSED] - Text of object 'Object Repository/Выручка в рублях/span10 Perc' is: '4.15 %'

22-11-2024T04:32:07 - [TEST_STEP][PASSED] - a310 = ").trim(): Text of object 'Object Repository/Выручка в рублях/span11 Perc' is: '-48.47 %'

22-11-2024T04:32:07 - [MESSAGE][PASSED] - Text of object 'Object Repository/Выручка в рублях/span11 Perc' is: '-48.47 %'

22-11-2024T04:32:07 - [TEST_STEP][PASSED] - a311 = ").trim(): Text of object 'Object Repository/Выручка в рублях/span12 Perc' is: '-53.49 %'

22-11-2024T04:32:08 - [MESSAGE][PASSED] - Text of object 'Object Repository/Выручка в рублях/span12 Perc' is: '-53.49 %'

22-11-2024T04:32:08 - [TEST_STEP][PASSED] - a312 = ").trim(): Text of object 'Object Repository/Выручка в рублях/span13 Perc' is: '2.23 %'

22-11-2024T04:32:08 - [MESSAGE][PASSED] - Text of object 'Object Repository/Выручка в рублях/span13 Perc' is: '2.23 %'

22-11-2024T04:32:08 - [TEST_STEP][PASSED] - a313 = ").trim(): Text of object 'Object Repository/Выручка в рублях/span14 Perc' is: '0.87 %'

22-11-2024T04:32:08 - [MESSAGE][PASSED] - Text of object 'Object Repository/Выручка в рублях/span14 Perc' is: '0.87 %'

22-11-2024T04:32:08 - [TEST_STEP][PASSED] - a314 = ").trim(): Text of object 'Object Repository/Выручка в рублях/span15 Perc' is: '-30.67 %'

22-11-2024T04:32:09 - [MESSAGE][PASSED] - Text of object 'Object Repository/Выручка в рублях/span15 Perc' is: '-30.67 %'

22-11-2024T04:32:09 - [TEST_STEP][PASSED] - a315 = ").trim(): Text of object 'Object Repository/Выручка в рублях/span16 Perc' is: '4.25 %'

22-11-2024T04:32:09 - [MESSAGE][PASSED] - Text of object 'Object Repository/Выручка в рублях/span16 Perc' is: '4.25 %'

22-11-2024T04:32:09 - [TEST_STEP][PASSED] - a316 = ").trim(): Text of object 'Object Repository/Выручка в рублях/span17 Perc' is: '-48.3 %'

22-11-2024T04:32:09 - [MESSAGE][PASSED] - Text of object 'Object Repository/Выручка в рублях/span17 Perc' is: '-48.3 %'

22-11-2024T04:32:09 - [TEST_STEP][PASSED] - if (vir == 1 || vir == 2): Text of object 'Object Repository/Выручка в рублях/span18 Perc' is: '3.93 %'

22-11-2024T04:32:09 - [TEST_STEP][PASSED] - a317 = ").trim(): Text of object 'Object Repository/Выручка в рублях/span18 Perc' is: '3.93 %'

22-11-2024T04:32:09 - [MESSAGE][PASSED] - Text of object 'Object Repository/Выручка в рублях/span18 Perc' is: '3.93 %'

22-11-2024T04:32:09 - [TEST_STEP][PASSED] - block = 2: null

22-11-2024T04:32:09 - [TEST_STEP][PASSED] - nameOfBlock = " Выручка": null

22-11-2024T04:32:09 - [TEST_STEP][PASSED] - Script1710234207206.PreSettings(run, vir, block, nameOfBlock, typeOfData, todaysDate): null

22-11-2024T04:32:09 - [TEST_STEP][PASSED] - openBrowser(""): Browser is opened with url: ''

22-11-2024T04:32:09 - [MESSAGE][WARNING] - A browser is already opened. Closing browser and opening a new one

22-11-2024T04:32:10 - [MESSAGE][INFO] - Starting 'Chrome' driver

22-11-2024T04:32:10 - [MESSAGE][INFO] - Action delay is set to 0 milliseconds

22-11-2024T04:32:10 - [MESSAGE][PASSED] - Browser is opened with url: ''

22-11-2024T04:32:10 - [TEST_STEP][PASSED] - refresh(): Refresh successfully

22-11-2024T04:32:11 - [MESSAGE][PASSED] - Refresh successfully

22-11-2024T04:32:11 - [TEST_STEP][PASSED] - delay(50): Delayed 50 second(s)

22-11-2024T04:33:01 - [MESSAGE][PASSED] - Delayed 50 second(s)

22-11-2024T04:33:01 - [TEST_STEP][PASSED] - println("run:" + run): null

22-11-2024T04:33:01 - [TEST_STEP][PASSED] - println("vir:" + vir): null

22-11-2024T04:33:01 - [TEST_STEP][PASSED] - println("block:" + block): null

22-11-2024T04:33:01 - [TEST_STEP][PASSED] - if (block == 1): null

22-11-2024T04:33:01 - [TEST_STEP][PASSED] - else: null

22-11-2024T04:33:01 - [TEST_STEP][PASSED] - nameOfBlock = " Выручка": null

22-11-2024T04:33:01 - [TEST_STEP][PASSED] - println("nameOfBlock:" + nameOfBlock): null

22-11-2024T04:33:01 - [TEST_STEP][PASSED] - println("typeOfData:" + typeOfData): null

22-11-2024T04:33:01 - [TEST_STEP][PASSED] - println("todaysDate:" + todaysDate): null

22-11-2024T04:33:01 - [TEST_STEP][PASSED] - Script1710234207206.Autorization(block, nameOfBlock): null

22-11-2024T04:33:01 - [TEST_STEP][PASSED] - i = <not implemented yet for class: org.codehaus.groovy.ast.expr.EmptyExpression>: null

22-11-2024T04:33:01 - [TEST_STEP][PASSED] - ii = <not implemented yet for class: org.codehaus.groovy.ast.expr.EmptyExpression>: null

22-11-2024T04:33:01 - [TEST_STEP][PASSED] - urlData = <not implemented yet for class: org.codehaus.groovy.ast.expr.EmptyExpression>: null

22-11-2024T04:33:01 - [TEST_STEP][PASSED] - searchWord = <not implemented yet for class: org.codehaus.groovy.ast.expr.EmptyExpression>: null

22-11-2024T04:33:01 - [TEST_STEP][PASSED] - urlText = <not implemented yet for class: org.codehaus.groovy.ast.expr.EmptyExpression>: null

22-11-2024T04:33:01 - [TEST_STEP][PASSED] - println("block:" + block): null

22-11-2024T04:33:01 - [TEST_STEP][PASSED] - if (block == 1): null

22-11-2024T04:33:01 - [TEST_STEP][PASSED] - else: null

22-11-2024T04:33:01 - [TEST_STEP][PASSED] - delay(45): Delayed 45 second(s)

22-11-2024T04:33:46 - [MESSAGE][PASSED] - Delayed 45 second(s)

22-11-2024T04:33:46 - [TEST_STEP][PASSED] - nameOfBlock = " Выручка": null

22-11-2024T04:33:46 - [TEST_STEP][PASSED] - println("nameOfBlock:" + nameOfBlock): null

22-11-2024T04:33:46 - [TEST_STEP][PASSED] - if (block == 1): null

22-11-2024T04:33:46 - [TEST_STEP][PASSED] - else: Delayed 45 second(s)

22-11-2024T04:33:46 - [TEST_STEP][PASSED] - urlData = 9: null

22-11-2024T04:33:46 - [TEST_STEP][PASSED] - delay(45): Delayed 45 second(s)

22-11-2024T04:34:31 - [MESSAGE][PASSED] - Delayed 45 second(s)

22-11-2024T04:34:31 - [TEST_STEP][PASSED] - navigateToUrl(findTestData("PlanFact").getValue(10, urlData)): Navigate to 'https://bi.rosseti.digital/viewer?dashboardGuid=a1fd28b3785d443cbc4d7690a1d78e31&sheetGuid=86092a20c5984827a0c87b24cac76a50&fit=true' successfully

22-11-2024T04:34:36 - [MESSAGE][PASSED] - Navigate to 'https://bi.rosseti.digital/viewer?dashboardGuid=a1fd28b3785d443cbc4d7690a1d78e31&sheetGuid=86092a20c5984827a0c87b24cac76a50&fit=true' successfully

22-11-2024T04:34:36 - [TEST_STEP][PASSED] - urlText = getText(findTestObject("Страница авторизации/Text")): Text of object 'Object Repository/Страница авторизации/Text' is: 'Вход'

22-11-2024T04:34:39 - [MESSAGE][PASSED] - Text of object 'Object Repository/Страница авторизации/Text' is: 'Вход'

22-11-2024T04:34:39 - [TEST_STEP][PASSED] - searchWord = "Вход": null

22-11-2024T04:34:39 - [TEST_STEP][PASSED] - if (urlText == null || urlText.contains("ошибка") || urlText.contains(searchWord) == false): null

22-11-2024T04:34:39 - [TEST_STEP][PASSED] - if (verifyElementPresent(findTestObject("Страница авторизации/button_"), 30) == true): null

22-11-2024T04:34:40 - [MESSAGE][PASSED] - Object 'Object Repository/Страница авторизации/button_' is present

22-11-2024T04:34:40 - [TEST_STEP][PASSED] - setText(findTestObject("Страница авторизации/input__username"), findTestData("PlanFact").getValue(8, 1)): Text 'liazgina-di' is set on object 'Object Repository/Страница авторизации/input__username'

22-11-2024T04:34:40 - [MESSAGE][PASSED] - Text 'liazgina-di' is set on object 'Object Repository/Страница авторизации/input__username'

22-11-2024T04:34:40 - [TEST_STEP][PASSED] - setText(findTestObject("Страница авторизации/input__password"), findTestData("PlanFact").getValue(9, 1)): Text ')$%5srZ8o688Dm#q' is set on object 'Object Repository/Страница авторизации/input__password'

22-11-2024T04:34:41 - [MESSAGE][PASSED] - Text ')$%5srZ8o688Dm#q' is set on object 'Object Repository/Страница авторизации/input__password'

22-11-2024T04:34:41 - [TEST_STEP][PASSED] - click(findTestObject("Страница авторизации/button_")): Object: 'Object Repository/Страница авторизации/button_' is clicked on

22-11-2024T04:34:44 - [MESSAGE][PASSED] - Object: 'Object Repository/Страница авторизации/button_' is clicked on

22-11-2024T04:34:44 - [TEST_STEP][PASSED] - delay(45): Delayed 45 second(s)

22-11-2024T04:35:29 - [MESSAGE][PASSED] - Delayed 45 second(s)

22-11-2024T04:35:29 - [TEST_STEP][PASSED] - urlText = getText(findTestObject("Страница авторизации/Text")): Text of object 'Object Repository/Страница авторизации/Text' is: 'Период
Январь, Февраль, Март, Апрель, Май, Июнь, Июль, Август, Сентябрь 2024 года
Выручка
Все
Выполнение плановых показателей по ПАО Россети за Январь, Февраль, Март, Апрель, Май, Июнь, Июль, Август, Сентябрь 2024 года
План
Факт
Динамика
2024 год
0 млн.руб.
100 000 млн.руб.
200 000 млн.руб.
300 000 млн.руб.
400 000 млн.руб.
500 000 млн.руб.
600 000 млн.руб.
700 000 млн.руб.
800 000 млн.руб.
900 000 млн.руб.
1 000 000 млн.руб.
1 100 000 млн.руб.
1 200 000 млн.руб.
1 300 000 млн.руб.
1 056 816
1 083 641
↑
ДЗО 
Все
Подписи данных
⬤Отклонение
АО «Тываэнерго»
АО «Чеченэнерго»
Россети Волга
Россети Кубань
Россети Ленэнерго (ГК)
Россети Московский регион
Россети Северный Кавказ (ГК)
Россети Северо-Запад
Россети Сибирь (ГК)
Россети Томск
Россети Тюмень
Россети Урал (ГК)
Россети ФСК ЕЭС
Россети Центр
Россети Центр и Приволжье (ГК)
Россети Юг (ГК)
Россети Янтарь
-5 000 млн.руб.
-4 000 млн.руб.
-3 000 млн.руб.
-2 000 млн.руб.
-1 000 млн.руб.
0 млн.руб.
1 000 млн.руб.
2 000 млн.руб.
3 000 млн.руб.
4 000 млн.руб.
5 000 млн.руб.
6 000 млн.руб.
7 000 млн.руб.
8 000 млн.руб.
239
68
25
3 470
3 855
6 900
821
839
2 116
213
-4 312
1 715
1 999
3 410
3 873
1 315
277
млн.
%
Выручка
Отклонение выручки по ПАО Россети за Январь, Февраль, Март, Апрель, Май, Июнь, Июль, Август, Сентябрь 2024 года (факт/план, млн. руб)
ПАО Россети
26 824.9 млн.руб.
Статус данных
×
Просьба обратить внимание
Данные занесены не полностью
ВЫБРАННЫЕ ЗНАЧЕНИЯ ФИЛЬТРОВ
ДЗО | ПЕРИОД
ПАО Россети: [«Выбраны все филиалы по всем ДЗО по всем категориям»]
2024: [Янв, Фев, Мар, Апр, Май, Июн, Июл, Авг, Сен]
*Внутренний оборот'

22-11-2024T04:35:30 - [MESSAGE][PASSED] - Text of object 'Object Repository/Страница авторизации/Text' is: 'Период
Январь, Февраль, Март, Апрель, Май, Июнь, Июль, Август, Сентябрь 2024 года
Выручка
Все
Выполнение плановых показателей по ПАО Россети за Январь, Февраль, Март, Апрель, Май, Июнь, Июль, Август, Сентябрь 2024 года
План
Факт
Динамика
2024 год
0 млн.руб.
100 000 млн.руб.
200 000 млн.руб.
300 000 млн.руб.
400 000 млн.руб.
500 000 млн.руб.
600 000 млн.руб.
700 000 млн.руб.
800 000 млн.руб.
900 000 млн.руб.
1 000 000 млн.руб.
1 100 000 млн.руб.
1 200 000 млн.руб.
1 300 000 млн.руб.
1 056 816
1 083 641
↑
ДЗО 
Все
Подписи данных
⬤Отклонение
АО «Тываэнерго»
АО «Чеченэнерго»
Россети Волга
Россети Кубань
Россети Ленэнерго (ГК)
Россети Московский регион
Россети Северный Кавказ (ГК)
Россети Северо-Запад
Россети Сибирь (ГК)
Россети Томск
Россети Тюмень
Россети Урал (ГК)
Россети ФСК ЕЭС
Россети Центр
Россети Центр и Приволжье (ГК)
Россети Юг (ГК)
Россети Янтарь
-5 000 млн.руб.
-4 000 млн.руб.
-3 000 млн.руб.
-2 000 млн.руб.
-1 000 млн.руб.
0 млн.руб.
1 000 млн.руб.
2 000 млн.руб.
3 000 млн.руб.
4 000 млн.руб.
5 000 млн.руб.
6 000 млн.руб.
7 000 млн.руб.
8 000 млн.руб.
239
68
25
3 470
3 855
6 900
821
839
2 116
213
-4 312
1 715
1 999
3 410
3 873
1 315
277
млн.
%
Выручка
Отклонение выручки по ПАО Россети за Январь, Февраль, Март, Апрель, Май, Июнь, Июль, Август, Сентябрь 2024 года (факт/план, млн. руб)
ПАО Россети
26 824.9 млн.руб.
Статус данных
×
Просьба обратить внимание
Данные занесены не полностью
ВЫБРАННЫЕ ЗНАЧЕНИЯ ФИЛЬТРОВ
ДЗО | ПЕРИОД
ПАО Россети: [«Выбраны все филиалы по всем ДЗО по всем категориям»]
2024: [Янв, Фев, Мар, Апр, Май, Июн, Июл, Авг, Сен]
*Внутренний оборот'

22-11-2024T04:35:30 - [TEST_STEP][PASSED] - searchWord = "а": null

22-11-2024T04:35:30 - [TEST_STEP][PASSED] - if (urlText.contains("ошибка") || urlText.contains(searchWord) == false): null

22-11-2024T04:35:30 - [TEST_STEP][PASSED] - delay(45): Delayed 45 second(s)

22-11-2024T04:36:15 - [MESSAGE][PASSED] - Delayed 45 second(s)

22-11-2024T04:36:15 - [TEST_STEP][PASSED] - if (block == 2): Delayed 50 second(s)

22-11-2024T04:36:15 - [TEST_STEP][PASSED] - opoveshenie = getText(findTestObject("Выручка в рублях/Просьба обратить внимание")): Text of object 'Object Repository/Выручка в рублях/Просьба обратить внимание' is: 'Просьба обратить внимание'

22-11-2024T04:36:15 - [MESSAGE][PASSED] - Text of object 'Object Repository/Выручка в рублях/Просьба обратить внимание' is: 'Просьба обратить внимание'

22-11-2024T04:36:15 - [TEST_STEP][PASSED] - if (opoveshenie == "Просьба обратить внимание"): Delayed 50 second(s)

22-11-2024T04:36:15 - [TEST_STEP][PASSED] - click(findTestObject("Выручка в рублях/Закрыть оповещение")): Object: 'Object Repository/Выручка в рублях/Закрыть оповещение' is clicked on

22-11-2024T04:36:15 - [MESSAGE][PASSED] - Object: 'Object Repository/Выручка в рублях/Закрыть оповещение' is clicked on

22-11-2024T04:36:15 - [TEST_STEP][PASSED] - delay(50): Delayed 50 second(s)

22-11-2024T04:37:05 - [MESSAGE][PASSED] - Delayed 50 second(s)

22-11-2024T04:37:05 - [TEST_STEP][PASSED] - click(findTestObject("Выручка в рублях/Фильтр Период" + nameOfBlock)): Object: 'Object Repository/Выручка в рублях/Фильтр Период Выручка' is clicked on

22-11-2024T04:37:06 - [MESSAGE][PASSED] - Object: 'Object Repository/Выручка в рублях/Фильтр Период Выручка' is clicked on

22-11-2024T04:37:06 - [TEST_STEP][PASSED] - click(findTestObject("Выручка в рублях/Снять выделение в фильтре Дата" + nameOfBlock)): Object: 'Object Repository/Выручка в рублях/Снять выделение в фильтре Дата Выручка' is clicked on

22-11-2024T04:37:06 - [MESSAGE][PASSED] - Object: 'Object Repository/Выручка в рублях/Снять выделение в фильтре Дата Выручка' is clicked on

22-11-2024T04:37:06 - [TEST_STEP][PASSED] - click(findTestObject("Выручка в рублях/Применить в фильтре Дата" + nameOfBlock)): Object: 'Object Repository/Выручка в рублях/Применить в фильтре Дата Выручка' is clicked on

22-11-2024T04:37:07 - [MESSAGE][PASSED] - Object: 'Object Repository/Выручка в рублях/Применить в фильтре Дата Выручка' is clicked on

22-11-2024T04:37:07 - [TEST_STEP][PASSED] - delay(50): Delayed 50 second(s)

22-11-2024T04:37:57 - [MESSAGE][PASSED] - Delayed 50 second(s)

22-11-2024T04:37:57 - [TEST_STEP][PASSED] - click(findTestObject("Выручка в рублях/Фильтр Период" + nameOfBlock)): Object: 'Object Repository/Выручка в рублях/Фильтр Период Выручка' is clicked on

22-11-2024T04:37:57 - [MESSAGE][PASSED] - Object: 'Object Repository/Выручка в рублях/Фильтр Период Выручка' is clicked on

22-11-2024T04:37:57 - [TEST_STEP][PASSED] - click(findTestObject("Выручка в рублях/Снять выделение в фильтре Дата" + nameOfBlock)): Object: 'Object Repository/Выручка в рублях/Снять выделение в фильтре Дата Выручка' is clicked on

22-11-2024T04:37:58 - [MESSAGE][PASSED] - Object: 'Object Repository/Выручка в рублях/Снять выделение в фильтре Дата Выручка' is clicked on

22-11-2024T04:37:58 - [TEST_STEP][PASSED] - scrollToElement(findTestObject("Выручка в рублях/2024 список" + nameOfBlock), 30): Scroll to object 'Object Repository/Выручка в рублях/2024 список Выручка' successfully

22-11-2024T04:37:58 - [MESSAGE][PASSED] - Scroll to object 'Object Repository/Выручка в рублях/2024 список Выручка' successfully

22-11-2024T04:37:58 - [TEST_STEP][PASSED] - click(findTestObject("Выручка в рублях/2024 список" + nameOfBlock)): Object: 'Object Repository/Выручка в рублях/2024 список Выручка' is clicked on

22-11-2024T04:37:58 - [MESSAGE][PASSED] - Object: 'Object Repository/Выручка в рублях/2024 список Выручка' is clicked on

22-11-2024T04:37:58 - [TEST_STEP][PASSED] - scrollToElement(findTestObject("Выручка в рублях/1 квартал 2024 выбрать" + nameOfBlock), 30): Scroll to object 'Object Repository/Выручка в рублях/1 квартал 2024 выбрать Выручка' successfully

22-11-2024T04:37:59 - [MESSAGE][PASSED] - Scroll to object 'Object Repository/Выручка в рублях/1 квартал 2024 выбрать Выручка' successfully

22-11-2024T04:37:59 - [TEST_STEP][PASSED] - click(findTestObject("Выручка в рублях/1 квартал 2024 выбрать" + nameOfBlock)): Object: 'Object Repository/Выручка в рублях/1 квартал 2024 выбрать Выручка' is clicked on

22-11-2024T04:37:59 - [MESSAGE][PASSED] - Object: 'Object Repository/Выручка в рублях/1 квартал 2024 выбрать Выручка' is clicked on

22-11-2024T04:37:59 - [TEST_STEP][PASSED] - scrollToElement(findTestObject("Выручка в рублях/2 квартал 2024 выбрать" + nameOfBlock), 30): Scroll to object 'Object Repository/Выручка в рублях/2 квартал 2024 выбрать Выручка' successfully

22-11-2024T04:38:00 - [MESSAGE][PASSED] - Scroll to object 'Object Repository/Выручка в рублях/2 квартал 2024 выбрать Выручка' successfully

22-11-2024T04:38:00 - [TEST_STEP][PASSED] - click(findTestObject("Выручка в рублях/2 квартал 2024 выбрать" + nameOfBlock)): Object: 'Object Repository/Выручка в рублях/2 квартал 2024 выбрать Выручка' is clicked on

22-11-2024T04:38:00 - [MESSAGE][PASSED] - Object: 'Object Repository/Выручка в рублях/2 квартал 2024 выбрать Выручка' is clicked on

22-11-2024T04:38:00 - [TEST_STEP][PASSED] - scrollToElement(findTestObject("Выручка в рублях/3 квартал 2024 список" + nameOfBlock), 30): Scroll to object 'Object Repository/Выручка в рублях/3 квартал 2024 список Выручка' successfully

22-11-2024T04:38:01 - [MESSAGE][PASSED] - Scroll to object 'Object Repository/Выручка в рублях/3 квартал 2024 список Выручка' successfully

22-11-2024T04:38:01 - [TEST_STEP][PASSED] - click(findTestObject("Выручка в рублях/3 квартал 2024" + nameOfBlock)): Object: 'Object Repository/Выручка в рублях/3 квартал 2024 Выручка' is clicked on

22-11-2024T04:38:01 - [MESSAGE][PASSED] - Object: 'Object Repository/Выручка в рублях/3 квартал 2024 Выручка' is clicked on

22-11-2024T04:38:01 - [TEST_STEP][PASSED] - scrollToElement(findTestObject("Выручка в рублях/Заголовок дашборда" + nameOfBlock), 30): Scroll to object 'Object Repository/Выручка в рублях/Заголовок дашборда Выручка' successfully

22-11-2024T04:38:02 - [MESSAGE][PASSED] - Scroll to object 'Object Repository/Выручка в рублях/Заголовок дашборда Выручка' successfully

22-11-2024T04:38:02 - [TEST_STEP][PASSED] - click(findTestObject("Выручка в рублях/Применить в фильтре Дата" + nameOfBlock)): Object: 'Object Repository/Выручка в рублях/Применить в фильтре Дата Выручка' is clicked on

22-11-2024T04:38:02 - [MESSAGE][PASSED] - Object: 'Object Repository/Выручка в рублях/Применить в фильтре Дата Выручка' is clicked on

22-11-2024T04:38:02 - [TEST_STEP][PASSED] - delay(55): Delayed 55 second(s)

22-11-2024T04:38:57 - [MESSAGE][PASSED] - Delayed 55 second(s)

22-11-2024T04:38:57 - [TEST_STEP][PASSED] - click(findTestObject("Выручка в рублях/Фильтр ДЗО" + nameOfBlock)): Object: 'Object Repository/Выручка в рублях/Фильтр ДЗО Выручка' is clicked on

22-11-2024T04:38:57 - [MESSAGE][PASSED] - Object: 'Object Repository/Выручка в рублях/Фильтр ДЗО Выручка' is clicked on

22-11-2024T04:38:57 - [TEST_STEP][PASSED] - click(findTestObject("Выручка в рублях/Снять выделение в фильтре ДЗО" + nameOfBlock)): Object: 'Object Repository/Выручка в рублях/Снять выделение в фильтре ДЗО Выручка' is clicked on

22-11-2024T04:38:58 - [MESSAGE][PASSED] - Object: 'Object Repository/Выручка в рублях/Снять выделение в фильтре ДЗО Выручка' is clicked on

22-11-2024T04:38:58 - [TEST_STEP][PASSED] - click(findTestObject("Выручка в рублях/Применить в фильтре ДЗО" + nameOfBlock)): Object: 'Object Repository/Выручка в рублях/Применить в фильтре ДЗО Выручка' is clicked on

22-11-2024T04:38:59 - [MESSAGE][PASSED] - Object: 'Object Repository/Выручка в рублях/Применить в фильтре ДЗО Выручка' is clicked on

22-11-2024T04:38:59 - [TEST_STEP][PASSED] - delay(50): Delayed 50 second(s)

22-11-2024T04:39:49 - [MESSAGE][PASSED] - Delayed 50 second(s)

22-11-2024T04:39:49 - [TEST_STEP][PASSED] - Script1710234207206.Tumbler(run, vir, block, nameOfBlock): null

22-11-2024T04:39:49 - [TEST_STEP][PASSED] - println("run:" + run): null

22-11-2024T04:39:49 - [TEST_STEP][PASSED] - println("vir:" + vir): null

22-11-2024T04:39:49 - [TEST_STEP][PASSED] - println("block:" + block): null

22-11-2024T04:39:49 - [TEST_STEP][PASSED] - println("nameOfBlock:" + nameOfBlock): null

22-11-2024T04:39:49 - [TEST_STEP][PASSED] - if (vir == 1): Object: 'Object Repository/Выручка в рублях/Переключить отображение с млн на проценты Выручка в рублях Выручка' is clicked on

22-11-2024T04:39:49 - [TEST_STEP][PASSED] - if (run == 2): Object: 'Object Repository/Выручка в рублях/Переключить отображение с млн на проценты Выручка в рублях Выручка' is clicked on

22-11-2024T04:39:49 - [TEST_STEP][PASSED] - click(findTestObject("Выручка в рублях/Переключить отображение с млн на проценты Выручка в рублях" + nameOfBlock)): Object: 'Object Repository/Выручка в рублях/Переключить отображение с млн на проценты Выручка в рублях Выручка' is clicked on

22-11-2024T04:39:49 - [MESSAGE][PASSED] - Object: 'Object Repository/Выручка в рублях/Переключить отображение с млн на проценты Выручка в рублях Выручка' is clicked on

22-11-2024T04:39:49 - [TEST_STEP][PASSED] - click(findTestObject("Выручка в рублях/Фильтр ДЗО" + nameOfBlock)): Object: 'Object Repository/Выручка в рублях/Фильтр ДЗО Выручка' is clicked on

22-11-2024T04:39:49 - [MESSAGE][PASSED] - Object: 'Object Repository/Выручка в рублях/Фильтр ДЗО Выручка' is clicked on

22-11-2024T04:39:49 - [TEST_STEP][PASSED] - Script1710234207206.Rosseti(nameOfBlock): null

22-11-2024T04:39:49 - [TEST_STEP][PASSED] - println("nameOfBlock:" + nameOfBlock): null

22-11-2024T04:39:49 - [TEST_STEP][PASSED] - click(findTestObject("Выручка в рублях/ПАО Россети" + nameOfBlock)): Object: 'Object Repository/Выручка в рублях/ПАО Россети Выручка' is clicked on

22-11-2024T04:39:50 - [MESSAGE][PASSED] - Object: 'Object Repository/Выручка в рублях/ПАО Россети Выручка' is clicked on

22-11-2024T04:39:50 - [TEST_STEP][PASSED] - click(findTestObject("Выручка в рублях/Применить в фильтре ДЗО" + nameOfBlock)): Object: 'Object Repository/Выручка в рублях/Применить в фильтре ДЗО Выручка' is clicked on

22-11-2024T04:39:51 - [MESSAGE][PASSED] - Object: 'Object Repository/Выручка в рублях/Применить в фильтре ДЗО Выручка' is clicked on

22-11-2024T04:39:51 - [TEST_STEP][PASSED] - if (vir == 1 || vir == 2): Text of object 'Object Repository/Выручка в рублях/График План Выручка' is: '1 056 816'

22-11-2024T04:39:51 - [TEST_STEP][PASSED] - b1 = getText(findTestObject("Выручка в рублях/График План Выручка")): Text of object 'Object Repository/Выручка в рублях/График План Выручка' is: '1 056 816'

22-11-2024T04:40:21 - [MESSAGE][PASSED] - Text of object 'Object Repository/Выручка в рублях/График План Выручка' is: '1 056 816'

22-11-2024T04:40:21 - [TEST_STEP][PASSED] - if (vir == 1 || vir == 2): Text of object 'Object Repository/Выручка в рублях/График Факт Выручка' is: '1 083 641'

22-11-2024T04:40:21 - [TEST_STEP][PASSED] - b2 = getText(findTestObject("Выручка в рублях/График Факт Выручка")): Text of object 'Object Repository/Выручка в рублях/График Факт Выручка' is: '1 083 641'

22-11-2024T04:40:30 - [MESSAGE][PASSED] - Text of object 'Object Repository/Выручка в рублях/График Факт Выручка' is: '1 083 641'

22-11-2024T04:40:30 - [TEST_STEP][PASSED] - b30 = getText(findTestObject("Выручка в рублях/span1" + perc)): Text of object 'Object Repository/Выручка в рублях/span1 Perc' is: '2.54 %'

22-11-2024T04:40:31 - [MESSAGE][PASSED] - Text of object 'Object Repository/Выручка в рублях/span1 Perc' is: '2.54 %'

22-11-2024T04:40:31 - [TEST_STEP][PASSED] - i = b30.indexOf("млн.руб."): null

22-11-2024T04:40:31 - [TEST_STEP][PASSED] - if (i > -1): null

22-11-2024T04:40:31 - [TEST_STEP][PASSED] - if (b30.contains("%")): null

22-11-2024T04:40:31 - [TEST_STEP][PASSED] - b30 = b30.replaceAll("%", ""): null

22-11-2024T04:40:31 - [TEST_STEP][PASSED] - b30 = ").trim(): null

22-11-2024T04:40:31 - [TEST_STEP][PASSED] - println("b30: " + b30): null

22-11-2024T04:40:31 - [TEST_STEP][PASSED] - if (vir == 1 || vir == 2): Text of object 'Object Repository/Выручка в рублях/span2 Perc' is: '17.34 %'

22-11-2024T04:40:31 - [TEST_STEP][PASSED] - b31 = ").trim(): Text of object 'Object Repository/Выручка в рублях/span2 Perc' is: '17.34 %'

22-11-2024T04:40:31 - [MESSAGE][PASSED] - Text of object 'Object Repository/Выручка в рублях/span2 Perc' is: '17.34 %'

22-11-2024T04:40:31 - [TEST_STEP][PASSED] - if (vir == 1 || vir == 2): Text of object 'Object Repository/Выручка в рублях/span3 Perc' is: '2.01 %'

22-11-2024T04:40:31 - [TEST_STEP][PASSED] - b32 = ").trim(): Text of object 'Object Repository/Выручка в рублях/span3 Perc' is: '2.01 %'

22-11-2024T04:40:31 - [MESSAGE][PASSED] - Text of object 'Object Repository/Выручка в рублях/span3 Perc' is: '2.01 %'

22-11-2024T04:40:31 - [TEST_STEP][PASSED] - if (vir == 1 || vir == 2): Text of object 'Object Repository/Выручка в рублях/span8 Perc' is: '3.53 %'

22-11-2024T04:40:31 - [TEST_STEP][PASSED] - b33 = ").trim(): Text of object 'Object Repository/Выручка в рублях/span4 Perc' is: '0.04 %'

22-11-2024T04:40:32 - [MESSAGE][PASSED] - Text of object 'Object Repository/Выручка в рублях/span4 Perc' is: '0.04 %'

22-11-2024T04:40:32 - [TEST_STEP][PASSED] - b34 = ").trim(): Text of object 'Object Repository/Выручка в рублях/span5 Perc' is: '6.11 %'

22-11-2024T04:40:32 - [MESSAGE][PASSED] - Text of object 'Object Repository/Выручка в рублях/span5 Perc' is: '6.11 %'

22-11-2024T04:40:32 - [TEST_STEP][PASSED] - b35 = ").trim(): Text of object 'Object Repository/Выручка в рублях/span6 Perc' is: '5.21 %'

22-11-2024T04:40:32 - [MESSAGE][PASSED] - Text of object 'Object Repository/Выручка в рублях/span6 Perc' is: '5.21 %'

22-11-2024T04:40:32 - [TEST_STEP][PASSED] - b36 = ").trim(): Text of object 'Object Repository/Выручка в рублях/span7 Perc' is: '4.51 %'

22-11-2024T04:40:32 - [MESSAGE][PASSED] - Text of object 'Object Repository/Выручка в рублях/span7 Perc' is: '4.51 %'

22-11-2024T04:40:32 - [TEST_STEP][PASSED] - b37 = ").trim(): Text of object 'Object Repository/Выручка в рублях/span8 Perc' is: '3.53 %'

22-11-2024T04:40:33 - [MESSAGE][PASSED] - Text of object 'Object Repository/Выручка в рублях/span8 Perc' is: '3.53 %'

22-11-2024T04:40:33 - [TEST_STEP][PASSED] - if (vir == 1 || vir == 2): Text of object 'Object Repository/Выручка в рублях/span17 Perc' is: '3.41 %'

22-11-2024T04:40:33 - [TEST_STEP][PASSED] - b38 = ").trim(): Text of object 'Object Repository/Выручка в рублях/span9 Perc' is: '2.16 %'

22-11-2024T04:40:33 - [MESSAGE][PASSED] - Text of object 'Object Repository/Выручка в рублях/span9 Perc' is: '2.16 %'

22-11-2024T04:40:33 - [TEST_STEP][PASSED] - b39 = ").trim(): Text of object 'Object Repository/Выручка в рублях/span10 Perc' is: '4.15 %'

22-11-2024T04:40:33 - [MESSAGE][PASSED] - Text of object 'Object Repository/Выручка в рублях/span10 Perc' is: '4.15 %'

22-11-2024T04:40:33 - [TEST_STEP][PASSED] - b310 = ").trim(): Text of object 'Object Repository/Выручка в рублях/span11 Perc' is: '3.07 %'

22-11-2024T04:40:34 - [MESSAGE][PASSED] - Text of object 'Object Repository/Выручка в рублях/span11 Perc' is: '3.07 %'

22-11-2024T04:40:34 - [TEST_STEP][PASSED] - b311 = ").trim(): Text of object 'Object Repository/Выручка в рублях/span12 Perc' is: '-6.98 %'

22-11-2024T04:40:34 - [MESSAGE][PASSED] - Text of object 'Object Repository/Выручка в рублях/span12 Perc' is: '-6.98 %'

22-11-2024T04:40:34 - [TEST_STEP][PASSED] - b312 = ").trim(): Text of object 'Object Repository/Выручка в рублях/span13 Perc' is: '2.23 %'

22-11-2024T04:40:34 - [MESSAGE][PASSED] - Text of object 'Object Repository/Выручка в рублях/span13 Perc' is: '2.23 %'

22-11-2024T04:40:34 - [TEST_STEP][PASSED] - b313 = ").trim(): Text of object 'Object Repository/Выручка в рублях/span14 Perc' is: '0.87 %'

22-11-2024T04:40:35 - [MESSAGE][PASSED] - Text of object 'Object Repository/Выручка в рублях/span14 Perc' is: '0.87 %'

22-11-2024T04:40:35 - [TEST_STEP][PASSED] - b314 = ").trim(): Text of object 'Object Repository/Выручка в рублях/span15 Perc' is: '4 %'

22-11-2024T04:40:35 - [MESSAGE][PASSED] - Text of object 'Object Repository/Выручка в рублях/span15 Perc' is: '4 %'

22-11-2024T04:40:35 - [TEST_STEP][PASSED] - b315 = ").trim(): Text of object 'Object Repository/Выручка в рублях/span16 Perc' is: '4.25 %'

22-11-2024T04:40:35 - [MESSAGE][PASSED] - Text of object 'Object Repository/Выручка в рублях/span16 Perc' is: '4.25 %'

22-11-2024T04:40:35 - [TEST_STEP][PASSED] - b316 = ").trim(): Text of object 'Object Repository/Выручка в рублях/span17 Perc' is: '3.41 %'

22-11-2024T04:40:35 - [MESSAGE][PASSED] - Text of object 'Object Repository/Выручка в рублях/span17 Perc' is: '3.41 %'

22-11-2024T04:40:35 - [TEST_STEP][PASSED] - if (vir == 1 || vir == 2): Text of object 'Object Repository/Выручка в рублях/span18 Perc' is: '3.93 %'

22-11-2024T04:40:35 - [TEST_STEP][PASSED] - b317 = ").trim(): Text of object 'Object Repository/Выручка в рублях/span18 Perc' is: '3.93 %'

22-11-2024T04:40:36 - [MESSAGE][PASSED] - Text of object 'Object Repository/Выручка в рублях/span18 Perc' is: '3.93 %'

22-11-2024T04:40:36 - [TEST_STEP][PASSED] - dZO = "ПАО Россети": null

22-11-2024T04:40:36 - [TEST_STEP][PASSED] - if (verifyEqual(a1, b1) == false): Actual object '1 056 816' and expected object '1 056 816' are equal

22-11-2024T04:40:36 - [MESSAGE][PASSED] - Actual object '1 056 816' and expected object '1 056 816' are equal

22-11-2024T04:40:36 - [TEST_STEP][PASSED] - if (verifyEqual(a2, b2) == false): Actual object '1 083 641' and expected object '1 083 641' are equal

22-11-2024T04:40:36 - [MESSAGE][PASSED] - Actual object '1 083 641' and expected object '1 083 641' are equal

22-11-2024T04:40:36 - [TEST_STEP][PASSED] - vidget = "Отклонения": null

22-11-2024T04:40:36 - [TEST_STEP][FAILED] - if (verifyEqual(a30, b30) == false): null

22-11-2024T04:40:36 - [MESSAGE][FAILED] - Unable to verify equal between actual object '-23.84' and expected object '2.54' (Root cause: com.kms.katalon.core.exception.StepFailedException: Actual object '-23.84' and expected object '2.54' are not equal
	at com.kms.katalon.core.keyword.builtin.VerifyEqualKeyword$_verifyEqual_closure1.doCall(VerifyEqualKeyword.groovy:58)
	at com.kms.katalon.core.keyword.builtin.VerifyEqualKeyword$_verifyEqual_closure1.call(VerifyEqualKeyword.groovy)
	at com.kms.katalon.core.keyword.internal.KeywordMain.runKeyword(KeywordMain.groovy:75)
	at com.kms.katalon.core.keyword.builtin.VerifyEqualKeyword.verifyEqual(VerifyEqualKeyword.groovy:63)
	at com.kms.katalon.core.keyword.builtin.VerifyEqualKeyword.execute(VerifyEqualKeyword.groovy:44)
	at com.kms.katalon.core.keyword.internal.KeywordExecutor.executeKeywordForPlatform(KeywordExecutor.groovy:74)
	at com.kms.katalon.core.keyword.BuiltinKeywords.verifyEqual(BuiltinKeywords.groovy:146)
	at jdk.internal.reflect.GeneratedMethodAccessor25.invoke(Unknown Source)
	at java.base/jdk.internal.reflect.DelegatingMethodAccessorImpl.invoke(DelegatingMethodAccessorImpl.java:43)
	at Выручка в рублях сверка дашбордов ПАО Россети.Blocks(Выручка в рублях сверка дашбордов ПАО Россети:357)
	at Выручка в рублях сверка дашбордов ПАО Россети.ViruchkaChange(Выручка в рублях сверка дашбордов ПАО Россети:60)
	at Выручка в рублях сверка дашбордов ПАО Россети.run(Выручка в рублях сверка дашбордов ПАО Россети:55)
	at com.kms.katalon.core.main.ScriptEngine.run(ScriptEngine.java:194)
	at com.kms.katalon.core.main.ScriptEngine.runScriptAsRawText(ScriptEngine.java:119)
	at com.kms.katalon.core.main.TestCaseExecutor.runScript(TestCaseExecutor.java:448)
	at com.kms.katalon.core.main.TestCaseExecutor.doExecute(TestCaseExecutor.java:439)
	at com.kms.katalon.core.main.TestCaseExecutor.processExecutionPhase(TestCaseExecutor.java:418)
	at com.kms.katalon.core.main.TestCaseExecutor.accessMainPhase(TestCaseExecutor.java:410)
	at com.kms.katalon.core.main.TestCaseExecutor.execute(TestCaseExecutor.java:285)
	at com.kms.katalon.core.common.CommonExecutor.accessTestCaseMainPhase(CommonExecutor.java:65)
	at com.kms.katalon.core.main.TestSuiteExecutor.accessTestSuiteMainPhase(TestSuiteExecutor.java:150)
	at com.kms.katalon.core.main.TestSuiteExecutor.execute(TestSuiteExecutor.java:106)
	at com.kms.katalon.core.main.TestCaseMain.startTestSuite(TestCaseMain.java:180)
	at TempTestSuite1732232929817.run(TempTestSuite1732232929817.groovy:35)
	at java.base/jdk.internal.reflect.NativeMethodAccessorImpl.invoke0(Native Method)
	at java.base/jdk.internal.reflect.NativeMethodAccessorImpl.invoke(NativeMethodAccessorImpl.java:77)
	at java.base/jdk.internal.reflect.DelegatingMethodAccessorImpl.invoke(DelegatingMethodAccessorImpl.java:43)
)

22-11-2024T04:40:36 - [TEST_STEP][PASSED] - a = replaceAll("\s+", "").toDouble(): null

22-11-2024T04:40:36 - [TEST_STEP][PASSED] - b = replaceAll("\s+", "").toDouble(): null

22-11-2024T04:40:36 - [TEST_STEP][PASSED] - Script1710234207206.WriteToExcel(todaysDate, run, vir, block, typeOfData, viruchka, vidget, nameOfBlock, a, b, dZO): null

22-11-2024T04:40:36 - [TEST_STEP][PASSED] - println(run): null

22-11-2024T04:40:36 - [TEST_STEP][PASSED] - if (run == 1): null

22-11-2024T04:40:36 - [TEST_STEP][PASSED] - else if (run == 2): null

22-11-2024T04:40:36 - [TEST_STEP][PASSED] - typeOfData = "Проценты": null

22-11-2024T04:40:36 - [TEST_STEP][PASSED] - println("todaysDate:" + todaysDate): null

22-11-2024T04:40:36 - [TEST_STEP][PASSED] - println("typeOfData:" + typeOfData): null

22-11-2024T04:40:36 - [TEST_STEP][PASSED] - viruchka = getText(findTestObject("Выручка в рублях/Фильтр Выручка" + nameOfBlock)): Text of object 'Object Repository/Выручка в рублях/Фильтр Выручка Выручка' is: 'Все'

22-11-2024T04:40:36 - [MESSAGE][PASSED] - Text of object 'Object Repository/Выручка в рублях/Фильтр Выручка Выручка' is: 'Все'

22-11-2024T04:40:36 - [TEST_STEP][PASSED] - println("viruchka" + viruchka): null

22-11-2024T04:40:36 - [TEST_STEP][PASSED] - println("vidget" + vidget): null

22-11-2024T04:40:36 - [TEST_STEP][PASSED] - println("a" + a): null

22-11-2024T04:40:36 - [TEST_STEP][PASSED] - println("b" + b): null

22-11-2024T04:40:36 - [TEST_STEP][PASSED] - sheetName = "Sheet1": null

22-11-2024T04:40:36 - [TEST_STEP][PASSED] - data = findTestData("PlanFact"): null

22-11-2024T04:40:36 - [TEST_STEP][PASSED] - n = data.getRowNumbers() + 1: null

22-11-2024T04:40:36 - [TEST_STEP][PASSED] - period = getText(findTestObject("Выручка в рублях/Фильтр Период")): Text of object 'Object Repository/Выручка в рублях/Фильтр Период' is: '1, 2, 3 кв. 2024 года'

22-11-2024T04:40:36 - [MESSAGE][PASSED] - Text of object 'Object Repository/Выручка в рублях/Фильтр Период' is: '1, 2, 3 кв. 2024 года'

22-11-2024T04:40:36 - [TEST_STEP][PASSED] - println(period): null

22-11-2024T04:40:36 - [TEST_STEP][PASSED] - dashboardName = "Выручка в рублях": null

22-11-2024T04:40:36 - [TEST_STEP][PASSED] - workbook01 = getWorkbook(excelFilePath): null

22-11-2024T04:40:36 - [TEST_STEP][PASSED] - sheet01 = getExcelSheet(workbook01, sheetName): null

22-11-2024T04:40:36 - [TEST_STEP][PASSED] - setValueToCellByIndex(sheet01, n, 0, dashboardName): null

22-11-2024T04:40:36 - [TEST_STEP][PASSED] - setValueToCellByIndex(sheet01, n, 1, dZO): null

22-11-2024T04:40:36 - [TEST_STEP][PASSED] - setValueToCellByIndex(sheet01, n, 2, vidget): null

22-11-2024T04:40:36 - [TEST_STEP][PASSED] - setValueToCellByIndex(sheet01, n, 3, viruchka): null

22-11-2024T04:40:36 - [TEST_STEP][PASSED] - setValueToCellByIndex(sheet01, n, 4, typeOfData): null

22-11-2024T04:40:36 - [TEST_STEP][PASSED] - if (a == null): null

22-11-2024T04:40:36 - [TEST_STEP][PASSED] - else: null

22-11-2024T04:40:36 - [TEST_STEP][PASSED] - setValueToCellByIndex(sheet01, n, 5, a): null

22-11-2024T04:40:36 - [TEST_STEP][PASSED] - if (b == null): null

22-11-2024T04:40:36 - [TEST_STEP][PASSED] - else: null

22-11-2024T04:40:36 - [TEST_STEP][PASSED] - setValueToCellByIndex(sheet01, n, 6, b): null

22-11-2024T04:40:36 - [TEST_STEP][PASSED] - setValueToCellByIndex(sheet01, n, 7, period): null

22-11-2024T04:40:36 - [TEST_STEP][PASSED] - setValueToCellByIndex(sheet01, n, 8, todaysDate): null

22-11-2024T04:40:36 - [TEST_STEP][PASSED] - n = n + 1: null

22-11-2024T04:40:36 - [TEST_STEP][PASSED] - saveWorkbook(excelFilePath, workbook01): null

22-11-2024T04:40:37 - [TEST_STEP][PASSED] - dZO = "АО «Тываэнерго»": null

22-11-2024T04:40:37 - [TEST_STEP][PASSED] - if (verifyEqual(a31, b31) == false): Actual object '17.34' and expected object '17.34' are equal

22-11-2024T04:40:37 - [MESSAGE][PASSED] - Actual object '17.34' and expected object '17.34' are equal

22-11-2024T04:40:37 - [TEST_STEP][PASSED] - dZO = "АО «Чеченэнерго»": null

22-11-2024T04:40:37 - [TEST_STEP][FAILED] - if (verifyEqual(a32, b32) == false): null

22-11-2024T04:40:37 - [MESSAGE][FAILED] - Unable to verify equal between actual object '-48.99' and expected object '2.01' (Root cause: com.kms.katalon.core.exception.StepFailedException: Actual object '-48.99' and expected object '2.01' are not equal
	at com.kms.katalon.core.keyword.builtin.VerifyEqualKeyword$_verifyEqual_closure1.doCall(VerifyEqualKeyword.groovy:58)
	at com.kms.katalon.core.keyword.builtin.VerifyEqualKeyword$_verifyEqual_closure1.call(VerifyEqualKeyword.groovy)
	at com.kms.katalon.core.keyword.internal.KeywordMain.runKeyword(KeywordMain.groovy:75)
	at com.kms.katalon.core.keyword.builtin.VerifyEqualKeyword.verifyEqual(VerifyEqualKeyword.groovy:63)
	at com.kms.katalon.core.keyword.builtin.VerifyEqualKeyword.execute(VerifyEqualKeyword.groovy:44)
	at com.kms.katalon.core.keyword.internal.KeywordExecutor.executeKeywordForPlatform(KeywordExecutor.groovy:74)
	at com.kms.katalon.core.keyword.BuiltinKeywords.verifyEqual(BuiltinKeywords.groovy:146)
	at jdk.internal.reflect.GeneratedMethodAccessor25.invoke(Unknown Source)
	at java.base/jdk.internal.reflect.DelegatingMethodAccessorImpl.invoke(DelegatingMethodAccessorImpl.java:43)
	at Выручка в рублях сверка дашбордов ПАО Россети.Blocks(Выручка в рублях сверка дашбордов ПАО Россети:377)
	at Выручка в рублях сверка дашбордов ПАО Россети.ViruchkaChange(Выручка в рублях сверка дашбордов ПАО Россети:60)
	at Выручка в рублях сверка дашбордов ПАО Россети.run(Выручка в рублях сверка дашбордов ПАО Россети:55)
	at com.kms.katalon.core.main.ScriptEngine.run(ScriptEngine.java:194)
	at com.kms.katalon.core.main.ScriptEngine.runScriptAsRawText(ScriptEngine.java:119)
	at com.kms.katalon.core.main.TestCaseExecutor.runScript(TestCaseExecutor.java:448)
	at com.kms.katalon.core.main.TestCaseExecutor.doExecute(TestCaseExecutor.java:439)
	at com.kms.katalon.core.main.TestCaseExecutor.processExecutionPhase(TestCaseExecutor.java:418)
	at com.kms.katalon.core.main.TestCaseExecutor.accessMainPhase(TestCaseExecutor.java:410)
	at com.kms.katalon.core.main.TestCaseExecutor.execute(TestCaseExecutor.java:285)
	at com.kms.katalon.core.common.CommonExecutor.accessTestCaseMainPhase(CommonExecutor.java:65)
	at com.kms.katalon.core.main.TestSuiteExecutor.accessTestSuiteMainPhase(TestSuiteExecutor.java:150)
	at com.kms.katalon.core.main.TestSuiteExecutor.execute(TestSuiteExecutor.java:106)
	at com.kms.katalon.core.main.TestCaseMain.startTestSuite(TestCaseMain.java:180)
	at TempTestSuite1732232929817.run(TempTestSuite1732232929817.groovy:35)
	at java.base/jdk.internal.reflect.NativeMethodAccessorImpl.invoke0(Native Method)
	at java.base/jdk.internal.reflect.NativeMethodAccessorImpl.invoke(NativeMethodAccessorImpl.java:77)
	at java.base/jdk.internal.reflect.DelegatingMethodAccessorImpl.invoke(DelegatingMethodAccessorImpl.java:43)
)

22-11-2024T04:40:37 - [TEST_STEP][PASSED] - a = replaceAll("\s+", "").toDouble(): null

22-11-2024T04:40:37 - [TEST_STEP][PASSED] - b = replaceAll("\s+", "").toDouble(): null

22-11-2024T04:40:37 - [TEST_STEP][PASSED] - Script1710234207206.WriteToExcel(todaysDate, run, vir, block, typeOfData, viruchka, vidget, nameOfBlock, a, b, dZO): null

22-11-2024T04:40:37 - [TEST_STEP][PASSED] - println(run): null

22-11-2024T04:40:37 - [TEST_STEP][PASSED] - if (run == 1): null

22-11-2024T04:40:37 - [TEST_STEP][PASSED] - else if (run == 2): null

22-11-2024T04:40:37 - [TEST_STEP][PASSED] - typeOfData = "Проценты": null

22-11-2024T04:40:37 - [TEST_STEP][PASSED] - println("todaysDate:" + todaysDate): null

22-11-2024T04:40:37 - [TEST_STEP][PASSED] - println("typeOfData:" + typeOfData): null

22-11-2024T04:40:37 - [TEST_STEP][PASSED] - viruchka = getText(findTestObject("Выручка в рублях/Фильтр Выручка" + nameOfBlock)): Text of object 'Object Repository/Выручка в рублях/Фильтр Выручка Выручка' is: 'Все'

22-11-2024T04:40:37 - [MESSAGE][PASSED] - Text of object 'Object Repository/Выручка в рублях/Фильтр Выручка Выручка' is: 'Все'

22-11-2024T04:40:37 - [TEST_STEP][PASSED] - println("viruchka" + viruchka): null

22-11-2024T04:40:37 - [TEST_STEP][PASSED] - println("vidget" + vidget): null

22-11-2024T04:40:37 - [TEST_STEP][PASSED] - println("a" + a): null

22-11-2024T04:40:37 - [TEST_STEP][PASSED] - println("b" + b): null

22-11-2024T04:40:37 - [TEST_STEP][PASSED] - sheetName = "Sheet1": null

22-11-2024T04:40:37 - [TEST_STEP][PASSED] - data = findTestData("PlanFact"): null

22-11-2024T04:40:37 - [TEST_STEP][PASSED] - n = data.getRowNumbers() + 1: null

22-11-2024T04:40:37 - [TEST_STEP][PASSED] - period = getText(findTestObject("Выручка в рублях/Фильтр Период")): Text of object 'Object Repository/Выручка в рублях/Фильтр Период' is: '1, 2, 3 кв. 2024 года'

22-11-2024T04:40:37 - [MESSAGE][PASSED] - Text of object 'Object Repository/Выручка в рублях/Фильтр Период' is: '1, 2, 3 кв. 2024 года'

22-11-2024T04:40:37 - [TEST_STEP][PASSED] - println(period): null

22-11-2024T04:40:37 - [TEST_STEP][PASSED] - dashboardName = "Выручка в рублях": null

22-11-2024T04:40:37 - [TEST_STEP][PASSED] - workbook01 = getWorkbook(excelFilePath): null

22-11-2024T04:40:37 - [TEST_STEP][PASSED] - sheet01 = getExcelSheet(workbook01, sheetName): null

22-11-2024T04:40:37 - [TEST_STEP][PASSED] - setValueToCellByIndex(sheet01, n, 0, dashboardName): null

22-11-2024T04:40:37 - [TEST_STEP][PASSED] - setValueToCellByIndex(sheet01, n, 1, dZO): null

22-11-2024T04:40:37 - [TEST_STEP][PASSED] - setValueToCellByIndex(sheet01, n, 2, vidget): null

22-11-2024T04:40:37 - [TEST_STEP][PASSED] - setValueToCellByIndex(sheet01, n, 3, viruchka): null

22-11-2024T04:40:37 - [TEST_STEP][PASSED] - setValueToCellByIndex(sheet01, n, 4, typeOfData): null

22-11-2024T04:40:37 - [TEST_STEP][PASSED] - if (a == null): null

22-11-2024T04:40:37 - [TEST_STEP][PASSED] - else: null

22-11-2024T04:40:37 - [TEST_STEP][PASSED] - setValueToCellByIndex(sheet01, n, 5, a): null

22-11-2024T04:40:37 - [TEST_STEP][PASSED] - if (b == null): null

22-11-2024T04:40:37 - [TEST_STEP][PASSED] - else: null

22-11-2024T04:40:37 - [TEST_STEP][PASSED] - setValueToCellByIndex(sheet01, n, 6, b): null

22-11-2024T04:40:37 - [TEST_STEP][PASSED] - setValueToCellByIndex(sheet01, n, 7, period): null

22-11-2024T04:40:37 - [TEST_STEP][PASSED] - setValueToCellByIndex(sheet01, n, 8, todaysDate): null

22-11-2024T04:40:37 - [TEST_STEP][PASSED] - n = n + 1: null

22-11-2024T04:40:37 - [TEST_STEP][PASSED] - saveWorkbook(excelFilePath, workbook01): null

22-11-2024T04:40:38 - [TEST_STEP][PASSED] - dZO = "Россети Волга": null

22-11-2024T04:40:38 - [TEST_STEP][FAILED] - if (verifyEqual(a33, b33) == false): null

22-11-2024T04:40:38 - [MESSAGE][FAILED] - Unable to verify equal between actual object '-49.98' and expected object '0.04' (Root cause: com.kms.katalon.core.exception.StepFailedException: Actual object '-49.98' and expected object '0.04' are not equal
	at com.kms.katalon.core.keyword.builtin.VerifyEqualKeyword$_verifyEqual_closure1.doCall(VerifyEqualKeyword.groovy:58)
	at com.kms.katalon.core.keyword.builtin.VerifyEqualKeyword$_verifyEqual_closure1.call(VerifyEqualKeyword.groovy)
	at com.kms.katalon.core.keyword.internal.KeywordMain.runKeyword(KeywordMain.groovy:75)
	at com.kms.katalon.core.keyword.builtin.VerifyEqualKeyword.verifyEqual(VerifyEqualKeyword.groovy:63)
	at com.kms.katalon.core.keyword.builtin.VerifyEqualKeyword.execute(VerifyEqualKeyword.groovy:44)
	at com.kms.katalon.core.keyword.internal.KeywordExecutor.executeKeywordForPlatform(KeywordExecutor.groovy:74)
	at com.kms.katalon.core.keyword.BuiltinKeywords.verifyEqual(BuiltinKeywords.groovy:146)
	at jdk.internal.reflect.GeneratedMethodAccessor25.invoke(Unknown Source)
	at java.base/jdk.internal.reflect.DelegatingMethodAccessorImpl.invoke(DelegatingMethodAccessorImpl.java:43)
	at Выручка в рублях сверка дашбордов ПАО Россети.Blocks(Выручка в рублях сверка дашбордов ПАО Россети:387)
	at Выручка в рублях сверка дашбордов ПАО Россети.ViruchkaChange(Выручка в рублях сверка дашбордов ПАО Россети:60)
	at Выручка в рублях сверка дашбордов ПАО Россети.run(Выручка в рублях сверка дашбордов ПАО Россети:55)
	at com.kms.katalon.core.main.ScriptEngine.run(ScriptEngine.java:194)
	at com.kms.katalon.core.main.ScriptEngine.runScriptAsRawText(ScriptEngine.java:119)
	at com.kms.katalon.core.main.TestCaseExecutor.runScript(TestCaseExecutor.java:448)
	at com.kms.katalon.core.main.TestCaseExecutor.doExecute(TestCaseExecutor.java:439)
	at com.kms.katalon.core.main.TestCaseExecutor.processExecutionPhase(TestCaseExecutor.java:418)
	at com.kms.katalon.core.main.TestCaseExecutor.accessMainPhase(TestCaseExecutor.java:410)
	at com.kms.katalon.core.main.TestCaseExecutor.execute(TestCaseExecutor.java:285)
	at com.kms.katalon.core.common.CommonExecutor.accessTestCaseMainPhase(CommonExecutor.java:65)
	at com.kms.katalon.core.main.TestSuiteExecutor.accessTestSuiteMainPhase(TestSuiteExecutor.java:150)
	at com.kms.katalon.core.main.TestSuiteExecutor.execute(TestSuiteExecutor.java:106)
	at com.kms.katalon.core.main.TestCaseMain.startTestSuite(TestCaseMain.java:180)
	at TempTestSuite1732232929817.run(TempTestSuite1732232929817.groovy:35)
	at java.base/jdk.internal.reflect.NativeMethodAccessorImpl.invoke0(Native Method)
	at java.base/jdk.internal.reflect.NativeMethodAccessorImpl.invoke(NativeMethodAccessorImpl.java:77)
	at java.base/jdk.internal.reflect.DelegatingMethodAccessorImpl.invoke(DelegatingMethodAccessorImpl.java:43)
)

22-11-2024T04:40:38 - [TEST_STEP][PASSED] - a = replaceAll("\s+", "").toDouble(): null

22-11-2024T04:40:38 - [TEST_STEP][PASSED] - b = replaceAll("\s+", "").toDouble(): null

22-11-2024T04:40:38 - [TEST_STEP][PASSED] - Script1710234207206.WriteToExcel(todaysDate, run, vir, block, typeOfData, viruchka, vidget, nameOfBlock, a, b, dZO): null

22-11-2024T04:40:38 - [TEST_STEP][PASSED] - println(run): null

22-11-2024T04:40:38 - [TEST_STEP][PASSED] - if (run == 1): null

22-11-2024T04:40:38 - [TEST_STEP][PASSED] - else if (run == 2): null

22-11-2024T04:40:38 - [TEST_STEP][PASSED] - typeOfData = "Проценты": null

22-11-2024T04:40:38 - [TEST_STEP][PASSED] - println("todaysDate:" + todaysDate): null

22-11-2024T04:40:38 - [TEST_STEP][PASSED] - println("typeOfData:" + typeOfData): null

22-11-2024T04:40:38 - [TEST_STEP][PASSED] - viruchka = getText(findTestObject("Выручка в рублях/Фильтр Выручка" + nameOfBlock)): Text of object 'Object Repository/Выручка в рублях/Фильтр Выручка Выручка' is: 'Все'

22-11-2024T04:40:38 - [MESSAGE][PASSED] - Text of object 'Object Repository/Выручка в рублях/Фильтр Выручка Выручка' is: 'Все'

22-11-2024T04:40:38 - [TEST_STEP][PASSED] - println("viruchka" + viruchka): null

22-11-2024T04:40:38 - [TEST_STEP][PASSED] - println("vidget" + vidget): null

22-11-2024T04:40:38 - [TEST_STEP][PASSED] - println("a" + a): null

22-11-2024T04:40:38 - [TEST_STEP][PASSED] - println("b" + b): null

22-11-2024T04:40:38 - [TEST_STEP][PASSED] - sheetName = "Sheet1": null

22-11-2024T04:40:38 - [TEST_STEP][PASSED] - data = findTestData("PlanFact"): null

22-11-2024T04:40:38 - [TEST_STEP][PASSED] - n = data.getRowNumbers() + 1: null

22-11-2024T04:40:38 - [TEST_STEP][PASSED] - period = getText(findTestObject("Выручка в рублях/Фильтр Период")): Text of object 'Object Repository/Выручка в рублях/Фильтр Период' is: '1, 2, 3 кв. 2024 года'

22-11-2024T04:40:38 - [MESSAGE][PASSED] - Text of object 'Object Repository/Выручка в рублях/Фильтр Период' is: '1, 2, 3 кв. 2024 года'

22-11-2024T04:40:38 - [TEST_STEP][PASSED] - println(period): null

22-11-2024T04:40:38 - [TEST_STEP][PASSED] - dashboardName = "Выручка в рублях": null

22-11-2024T04:40:38 - [TEST_STEP][PASSED] - workbook01 = getWorkbook(excelFilePath): null

22-11-2024T04:40:38 - [TEST_STEP][PASSED] - sheet01 = getExcelSheet(workbook01, sheetName): null

22-11-2024T04:40:38 - [TEST_STEP][PASSED] - setValueToCellByIndex(sheet01, n, 0, dashboardName): null

22-11-2024T04:40:38 - [TEST_STEP][PASSED] - setValueToCellByIndex(sheet01, n, 1, dZO): null

22-11-2024T04:40:38 - [TEST_STEP][PASSED] - setValueToCellByIndex(sheet01, n, 2, vidget): null

22-11-2024T04:40:38 - [TEST_STEP][PASSED] - setValueToCellByIndex(sheet01, n, 3, viruchka): null

22-11-2024T04:40:38 - [TEST_STEP][PASSED] - setValueToCellByIndex(sheet01, n, 4, typeOfData): null

22-11-2024T04:40:38 - [TEST_STEP][PASSED] - if (a == null): null

22-11-2024T04:40:38 - [TEST_STEP][PASSED] - else: null

22-11-2024T04:40:38 - [TEST_STEP][PASSED] - setValueToCellByIndex(sheet01, n, 5, a): null

22-11-2024T04:40:38 - [TEST_STEP][PASSED] - if (b == null): null

22-11-2024T04:40:38 - [TEST_STEP][PASSED] - else: null

22-11-2024T04:40:38 - [TEST_STEP][PASSED] - setValueToCellByIndex(sheet01, n, 6, b): null

22-11-2024T04:40:38 - [TEST_STEP][PASSED] - setValueToCellByIndex(sheet01, n, 7, period): null

22-11-2024T04:40:38 - [TEST_STEP][PASSED] - setValueToCellByIndex(sheet01, n, 8, todaysDate): null

22-11-2024T04:40:38 - [TEST_STEP][PASSED] - n = n + 1: null

22-11-2024T04:40:38 - [TEST_STEP][PASSED] - saveWorkbook(excelFilePath, workbook01): null

22-11-2024T04:40:39 - [TEST_STEP][PASSED] - dZO = "Россети Кубань": null

22-11-2024T04:40:39 - [TEST_STEP][FAILED] - if (verifyEqual(a34, b34) == false): null

22-11-2024T04:40:39 - [MESSAGE][FAILED] - Unable to verify equal between actual object '-46.94' and expected object '6.11' (Root cause: com.kms.katalon.core.exception.StepFailedException: Actual object '-46.94' and expected object '6.11' are not equal
	at com.kms.katalon.core.keyword.builtin.VerifyEqualKeyword$_verifyEqual_closure1.doCall(VerifyEqualKeyword.groovy:58)
	at com.kms.katalon.core.keyword.builtin.VerifyEqualKeyword$_verifyEqual_closure1.call(VerifyEqualKeyword.groovy)
	at com.kms.katalon.core.keyword.internal.KeywordMain.runKeyword(KeywordMain.groovy:75)
	at com.kms.katalon.core.keyword.builtin.VerifyEqualKeyword.verifyEqual(VerifyEqualKeyword.groovy:63)
	at com.kms.katalon.core.keyword.builtin.VerifyEqualKeyword.execute(VerifyEqualKeyword.groovy:44)
	at com.kms.katalon.core.keyword.internal.KeywordExecutor.executeKeywordForPlatform(KeywordExecutor.groovy:74)
	at com.kms.katalon.core.keyword.BuiltinKeywords.verifyEqual(BuiltinKeywords.groovy:146)
	at jdk.internal.reflect.GeneratedMethodAccessor25.invoke(Unknown Source)
	at java.base/jdk.internal.reflect.DelegatingMethodAccessorImpl.invoke(DelegatingMethodAccessorImpl.java:43)
	at Выручка в рублях сверка дашбордов ПАО Россети.Blocks(Выручка в рублях сверка дашбордов ПАО Россети:397)
	at Выручка в рублях сверка дашбордов ПАО Россети.ViruchkaChange(Выручка в рублях сверка дашбордов ПАО Россети:60)
	at Выручка в рублях сверка дашбордов ПАО Россети.run(Выручка в рублях сверка дашбордов ПАО Россети:55)
	at com.kms.katalon.core.main.ScriptEngine.run(ScriptEngine.java:194)
	at com.kms.katalon.core.main.ScriptEngine.runScriptAsRawText(ScriptEngine.java:119)
	at com.kms.katalon.core.main.TestCaseExecutor.runScript(TestCaseExecutor.java:448)
	at com.kms.katalon.core.main.TestCaseExecutor.doExecute(TestCaseExecutor.java:439)
	at com.kms.katalon.core.main.TestCaseExecutor.processExecutionPhase(TestCaseExecutor.java:418)
	at com.kms.katalon.core.main.TestCaseExecutor.accessMainPhase(TestCaseExecutor.java:410)
	at com.kms.katalon.core.main.TestCaseExecutor.execute(TestCaseExecutor.java:285)
	at com.kms.katalon.core.common.CommonExecutor.accessTestCaseMainPhase(CommonExecutor.java:65)
	at com.kms.katalon.core.main.TestSuiteExecutor.accessTestSuiteMainPhase(TestSuiteExecutor.java:150)
	at com.kms.katalon.core.main.TestSuiteExecutor.execute(TestSuiteExecutor.java:106)
	at com.kms.katalon.core.main.TestCaseMain.startTestSuite(TestCaseMain.java:180)
	at TempTestSuite1732232929817.run(TempTestSuite1732232929817.groovy:35)
	at java.base/jdk.internal.reflect.NativeMethodAccessorImpl.invoke0(Native Method)
	at java.base/jdk.internal.reflect.NativeMethodAccessorImpl.invoke(NativeMethodAccessorImpl.java:77)
	at java.base/jdk.internal.reflect.DelegatingMethodAccessorImpl.invoke(DelegatingMethodAccessorImpl.java:43)
)

22-11-2024T04:40:39 - [TEST_STEP][PASSED] - a = replaceAll("\s+", "").toDouble(): null

22-11-2024T04:40:39 - [TEST_STEP][PASSED] - b = replaceAll("\s+", "").toDouble(): null

22-11-2024T04:40:39 - [TEST_STEP][PASSED] - Script1710234207206.WriteToExcel(todaysDate, run, vir, block, typeOfData, viruchka, vidget, nameOfBlock, a, b, dZO): null

22-11-2024T04:40:39 - [TEST_STEP][PASSED] - println(run): null

22-11-2024T04:40:39 - [TEST_STEP][PASSED] - if (run == 1): null

22-11-2024T04:40:39 - [TEST_STEP][PASSED] - else if (run == 2): null

22-11-2024T04:40:39 - [TEST_STEP][PASSED] - typeOfData = "Проценты": null

22-11-2024T04:40:39 - [TEST_STEP][PASSED] - println("todaysDate:" + todaysDate): null

22-11-2024T04:40:39 - [TEST_STEP][PASSED] - println("typeOfData:" + typeOfData): null

22-11-2024T04:40:39 - [TEST_STEP][PASSED] - viruchka = getText(findTestObject("Выручка в рублях/Фильтр Выручка" + nameOfBlock)): Text of object 'Object Repository/Выручка в рублях/Фильтр Выручка Выручка' is: 'Все'

22-11-2024T04:40:39 - [MESSAGE][PASSED] - Text of object 'Object Repository/Выручка в рублях/Фильтр Выручка Выручка' is: 'Все'

22-11-2024T04:40:39 - [TEST_STEP][PASSED] - println("viruchka" + viruchka): null

22-11-2024T04:40:39 - [TEST_STEP][PASSED] - println("vidget" + vidget): null

22-11-2024T04:40:39 - [TEST_STEP][PASSED] - println("a" + a): null

22-11-2024T04:40:39 - [TEST_STEP][PASSED] - println("b" + b): null

22-11-2024T04:40:39 - [TEST_STEP][PASSED] - sheetName = "Sheet1": null

22-11-2024T04:40:39 - [TEST_STEP][PASSED] - data = findTestData("PlanFact"): null

22-11-2024T04:40:39 - [TEST_STEP][PASSED] - n = data.getRowNumbers() + 1: null

22-11-2024T04:40:39 - [TEST_STEP][PASSED] - period = getText(findTestObject("Выручка в рублях/Фильтр Период")): Text of object 'Object Repository/Выручка в рублях/Фильтр Период' is: '1, 2, 3 кв. 2024 года'

22-11-2024T04:40:39 - [MESSAGE][PASSED] - Text of object 'Object Repository/Выручка в рублях/Фильтр Период' is: '1, 2, 3 кв. 2024 года'

22-11-2024T04:40:39 - [TEST_STEP][PASSED] - println(period): null

22-11-2024T04:40:39 - [TEST_STEP][PASSED] - dashboardName = "Выручка в рублях": null

22-11-2024T04:40:39 - [TEST_STEP][PASSED] - workbook01 = getWorkbook(excelFilePath): null

22-11-2024T04:40:39 - [TEST_STEP][PASSED] - sheet01 = getExcelSheet(workbook01, sheetName): null

22-11-2024T04:40:39 - [TEST_STEP][PASSED] - setValueToCellByIndex(sheet01, n, 0, dashboardName): null

22-11-2024T04:40:39 - [TEST_STEP][PASSED] - setValueToCellByIndex(sheet01, n, 1, dZO): null

22-11-2024T04:40:39 - [TEST_STEP][PASSED] - setValueToCellByIndex(sheet01, n, 2, vidget): null

22-11-2024T04:40:39 - [TEST_STEP][PASSED] - setValueToCellByIndex(sheet01, n, 3, viruchka): null

22-11-2024T04:40:39 - [TEST_STEP][PASSED] - setValueToCellByIndex(sheet01, n, 4, typeOfData): null

22-11-2024T04:40:39 - [TEST_STEP][PASSED] - if (a == null): null

22-11-2024T04:40:39 - [TEST_STEP][PASSED] - else: null

22-11-2024T04:40:39 - [TEST_STEP][PASSED] - setValueToCellByIndex(sheet01, n, 5, a): null

22-11-2024T04:40:39 - [TEST_STEP][PASSED] - if (b == null): null

22-11-2024T04:40:39 - [TEST_STEP][PASSED] - else: null

22-11-2024T04:40:39 - [TEST_STEP][PASSED] - setValueToCellByIndex(sheet01, n, 6, b): null

22-11-2024T04:40:39 - [TEST_STEP][PASSED] - setValueToCellByIndex(sheet01, n, 7, period): null

22-11-2024T04:40:39 - [TEST_STEP][PASSED] - setValueToCellByIndex(sheet01, n, 8, todaysDate): null

22-11-2024T04:40:39 - [TEST_STEP][PASSED] - n = n + 1: null

22-11-2024T04:40:39 - [TEST_STEP][PASSED] - saveWorkbook(excelFilePath, workbook01): null

22-11-2024T04:40:40 - [TEST_STEP][PASSED] - dZO = "Россети Ленэнерго (ГК)": null

22-11-2024T04:40:40 - [TEST_STEP][FAILED] - if (verifyEqual(a35, b35) == false): null

22-11-2024T04:40:40 - [MESSAGE][FAILED] - Unable to verify equal between actual object '-47.39' and expected object '5.21' (Root cause: com.kms.katalon.core.exception.StepFailedException: Actual object '-47.39' and expected object '5.21' are not equal
	at com.kms.katalon.core.keyword.builtin.VerifyEqualKeyword$_verifyEqual_closure1.doCall(VerifyEqualKeyword.groovy:58)
	at com.kms.katalon.core.keyword.builtin.VerifyEqualKeyword$_verifyEqual_closure1.call(VerifyEqualKeyword.groovy)
	at com.kms.katalon.core.keyword.internal.KeywordMain.runKeyword(KeywordMain.groovy:75)
	at com.kms.katalon.core.keyword.builtin.VerifyEqualKeyword.verifyEqual(VerifyEqualKeyword.groovy:63)
	at com.kms.katalon.core.keyword.builtin.VerifyEqualKeyword.execute(VerifyEqualKeyword.groovy:44)
	at com.kms.katalon.core.keyword.internal.KeywordExecutor.executeKeywordForPlatform(KeywordExecutor.groovy:74)
	at com.kms.katalon.core.keyword.BuiltinKeywords.verifyEqual(BuiltinKeywords.groovy:146)
	at jdk.internal.reflect.GeneratedMethodAccessor25.invoke(Unknown Source)
	at java.base/jdk.internal.reflect.DelegatingMethodAccessorImpl.invoke(DelegatingMethodAccessorImpl.java:43)
	at Выручка в рублях сверка дашбордов ПАО Россети.Blocks(Выручка в рублях сверка дашбордов ПАО Россети:407)
	at Выручка в рублях сверка дашбордов ПАО Россети.ViruchkaChange(Выручка в рублях сверка дашбордов ПАО Россети:60)
	at Выручка в рублях сверка дашбордов ПАО Россети.run(Выручка в рублях сверка дашбордов ПАО Россети:55)
	at com.kms.katalon.core.main.ScriptEngine.run(ScriptEngine.java:194)
	at com.kms.katalon.core.main.ScriptEngine.runScriptAsRawText(ScriptEngine.java:119)
	at com.kms.katalon.core.main.TestCaseExecutor.runScript(TestCaseExecutor.java:448)
	at com.kms.katalon.core.main.TestCaseExecutor.doExecute(TestCaseExecutor.java:439)
	at com.kms.katalon.core.main.TestCaseExecutor.processExecutionPhase(TestCaseExecutor.java:418)
	at com.kms.katalon.core.main.TestCaseExecutor.accessMainPhase(TestCaseExecutor.java:410)
	at com.kms.katalon.core.main.TestCaseExecutor.execute(TestCaseExecutor.java:285)
	at com.kms.katalon.core.common.CommonExecutor.accessTestCaseMainPhase(CommonExecutor.java:65)
	at com.kms.katalon.core.main.TestSuiteExecutor.accessTestSuiteMainPhase(TestSuiteExecutor.java:150)
	at com.kms.katalon.core.main.TestSuiteExecutor.execute(TestSuiteExecutor.java:106)
	at com.kms.katalon.core.main.TestCaseMain.startTestSuite(TestCaseMain.java:180)
	at TempTestSuite1732232929817.run(TempTestSuite1732232929817.groovy:35)
	at java.base/jdk.internal.reflect.NativeMethodAccessorImpl.invoke0(Native Method)
	at java.base/jdk.internal.reflect.NativeMethodAccessorImpl.invoke(NativeMethodAccessorImpl.java:77)
	at java.base/jdk.internal.reflect.DelegatingMethodAccessorImpl.invoke(DelegatingMethodAccessorImpl.java:43)
)

22-11-2024T04:40:40 - [TEST_STEP][PASSED] - a = replaceAll("\s+", "").toDouble(): null

22-11-2024T04:40:40 - [TEST_STEP][PASSED] - b = replaceAll("\s+", "").toDouble(): null

22-11-2024T04:40:40 - [TEST_STEP][PASSED] - Script1710234207206.WriteToExcel(todaysDate, run, vir, block, typeOfData, viruchka, vidget, nameOfBlock, a, b, dZO): null

22-11-2024T04:40:40 - [TEST_STEP][PASSED] - println(run): null

22-11-2024T04:40:40 - [TEST_STEP][PASSED] - if (run == 1): null

22-11-2024T04:40:40 - [TEST_STEP][PASSED] - else if (run == 2): null

22-11-2024T04:40:40 - [TEST_STEP][PASSED] - typeOfData = "Проценты": null

22-11-2024T04:40:40 - [TEST_STEP][PASSED] - println("todaysDate:" + todaysDate): null

22-11-2024T04:40:40 - [TEST_STEP][PASSED] - println("typeOfData:" + typeOfData): null

22-11-2024T04:40:40 - [TEST_STEP][PASSED] - viruchka = getText(findTestObject("Выручка в рублях/Фильтр Выручка" + nameOfBlock)): Text of object 'Object Repository/Выручка в рублях/Фильтр Выручка Выручка' is: 'Все'

22-11-2024T04:40:40 - [MESSAGE][PASSED] - Text of object 'Object Repository/Выручка в рублях/Фильтр Выручка Выручка' is: 'Все'

22-11-2024T04:40:40 - [TEST_STEP][PASSED] - println("viruchka" + viruchka): null

22-11-2024T04:40:40 - [TEST_STEP][PASSED] - println("vidget" + vidget): null

22-11-2024T04:40:40 - [TEST_STEP][PASSED] - println("a" + a): null

22-11-2024T04:40:40 - [TEST_STEP][PASSED] - println("b" + b): null

22-11-2024T04:40:40 - [TEST_STEP][PASSED] - sheetName = "Sheet1": null

22-11-2024T04:40:40 - [TEST_STEP][PASSED] - data = findTestData("PlanFact"): null

22-11-2024T04:40:40 - [TEST_STEP][PASSED] - n = data.getRowNumbers() + 1: null

22-11-2024T04:40:40 - [TEST_STEP][PASSED] - period = getText(findTestObject("Выручка в рублях/Фильтр Период")): Text of object 'Object Repository/Выручка в рублях/Фильтр Период' is: '1, 2, 3 кв. 2024 года'

22-11-2024T04:40:40 - [MESSAGE][PASSED] - Text of object 'Object Repository/Выручка в рублях/Фильтр Период' is: '1, 2, 3 кв. 2024 года'

22-11-2024T04:40:40 - [TEST_STEP][PASSED] - println(period): null

22-11-2024T04:40:40 - [TEST_STEP][PASSED] - dashboardName = "Выручка в рублях": null

22-11-2024T04:40:40 - [TEST_STEP][PASSED] - workbook01 = getWorkbook(excelFilePath): null

22-11-2024T04:40:40 - [TEST_STEP][PASSED] - sheet01 = getExcelSheet(workbook01, sheetName): null

22-11-2024T04:40:40 - [TEST_STEP][PASSED] - setValueToCellByIndex(sheet01, n, 0, dashboardName): null

22-11-2024T04:40:40 - [TEST_STEP][PASSED] - setValueToCellByIndex(sheet01, n, 1, dZO): null

22-11-2024T04:40:40 - [TEST_STEP][PASSED] - setValueToCellByIndex(sheet01, n, 2, vidget): null

22-11-2024T04:40:40 - [TEST_STEP][PASSED] - setValueToCellByIndex(sheet01, n, 3, viruchka): null

22-11-2024T04:40:40 - [TEST_STEP][PASSED] - setValueToCellByIndex(sheet01, n, 4, typeOfData): null

22-11-2024T04:40:40 - [TEST_STEP][PASSED] - if (a == null): null

22-11-2024T04:40:40 - [TEST_STEP][PASSED] - else: null

22-11-2024T04:40:40 - [TEST_STEP][PASSED] - setValueToCellByIndex(sheet01, n, 5, a): null

22-11-2024T04:40:40 - [TEST_STEP][PASSED] - if (b == null): null

22-11-2024T04:40:40 - [TEST_STEP][PASSED] - else: null

22-11-2024T04:40:40 - [TEST_STEP][PASSED] - setValueToCellByIndex(sheet01, n, 6, b): null

22-11-2024T04:40:40 - [TEST_STEP][PASSED] - setValueToCellByIndex(sheet01, n, 7, period): null

22-11-2024T04:40:40 - [TEST_STEP][PASSED] - setValueToCellByIndex(sheet01, n, 8, todaysDate): null

22-11-2024T04:40:40 - [TEST_STEP][PASSED] - n = n + 1: null

22-11-2024T04:40:40 - [TEST_STEP][PASSED] - saveWorkbook(excelFilePath, workbook01): null

22-11-2024T04:40:41 - [TEST_STEP][PASSED] - dZO = "Россети Московский регион": null

22-11-2024T04:40:41 - [TEST_STEP][PASSED] - if (verifyEqual(a36, b36) == false): Actual object '4.51' and expected object '4.51' are equal

22-11-2024T04:40:41 - [MESSAGE][PASSED] - Actual object '4.51' and expected object '4.51' are equal

22-11-2024T04:40:41 - [TEST_STEP][PASSED] - dZO = "Россети Северный Кавказ (ГК)": null

22-11-2024T04:40:41 - [TEST_STEP][FAILED] - if (verifyEqual(a37, b37) == false): null

22-11-2024T04:40:41 - [MESSAGE][FAILED] - Unable to verify equal between actual object '-49.02' and expected object '3.53' (Root cause: com.kms.katalon.core.exception.StepFailedException: Actual object '-49.02' and expected object '3.53' are not equal
	at com.kms.katalon.core.keyword.builtin.VerifyEqualKeyword$_verifyEqual_closure1.doCall(VerifyEqualKeyword.groovy:58)
	at com.kms.katalon.core.keyword.builtin.VerifyEqualKeyword$_verifyEqual_closure1.call(VerifyEqualKeyword.groovy)
	at com.kms.katalon.core.keyword.internal.KeywordMain.runKeyword(KeywordMain.groovy:75)
	at com.kms.katalon.core.keyword.builtin.VerifyEqualKeyword.verifyEqual(VerifyEqualKeyword.groovy:63)
	at com.kms.katalon.core.keyword.builtin.VerifyEqualKeyword.execute(VerifyEqualKeyword.groovy:44)
	at com.kms.katalon.core.keyword.internal.KeywordExecutor.executeKeywordForPlatform(KeywordExecutor.groovy:74)
	at com.kms.katalon.core.keyword.BuiltinKeywords.verifyEqual(BuiltinKeywords.groovy:146)
	at jdk.internal.reflect.GeneratedMethodAccessor25.invoke(Unknown Source)
	at java.base/jdk.internal.reflect.DelegatingMethodAccessorImpl.invoke(DelegatingMethodAccessorImpl.java:43)
	at Выручка в рублях сверка дашбордов ПАО Россети.Blocks(Выручка в рублях сверка дашбордов ПАО Россети:427)
	at Выручка в рублях сверка дашбордов ПАО Россети.ViruchkaChange(Выручка в рублях сверка дашбордов ПАО Россети:60)
	at Выручка в рублях сверка дашбордов ПАО Россети.run(Выручка в рублях сверка дашбордов ПАО Россети:55)
	at com.kms.katalon.core.main.ScriptEngine.run(ScriptEngine.java:194)
	at com.kms.katalon.core.main.ScriptEngine.runScriptAsRawText(ScriptEngine.java:119)
	at com.kms.katalon.core.main.TestCaseExecutor.runScript(TestCaseExecutor.java:448)
	at com.kms.katalon.core.main.TestCaseExecutor.doExecute(TestCaseExecutor.java:439)
	at com.kms.katalon.core.main.TestCaseExecutor.processExecutionPhase(TestCaseExecutor.java:418)
	at com.kms.katalon.core.main.TestCaseExecutor.accessMainPhase(TestCaseExecutor.java:410)
	at com.kms.katalon.core.main.TestCaseExecutor.execute(TestCaseExecutor.java:285)
	at com.kms.katalon.core.common.CommonExecutor.accessTestCaseMainPhase(CommonExecutor.java:65)
	at com.kms.katalon.core.main.TestSuiteExecutor.accessTestSuiteMainPhase(TestSuiteExecutor.java:150)
	at com.kms.katalon.core.main.TestSuiteExecutor.execute(TestSuiteExecutor.java:106)
	at com.kms.katalon.core.main.TestCaseMain.startTestSuite(TestCaseMain.java:180)
	at TempTestSuite1732232929817.run(TempTestSuite1732232929817.groovy:35)
	at java.base/jdk.internal.reflect.NativeMethodAccessorImpl.invoke0(Native Method)
	at java.base/jdk.internal.reflect.NativeMethodAccessorImpl.invoke(NativeMethodAccessorImpl.java:77)
	at java.base/jdk.internal.reflect.DelegatingMethodAccessorImpl.invoke(DelegatingMethodAccessorImpl.java:43)
)

22-11-2024T04:40:41 - [TEST_STEP][PASSED] - a = replaceAll("\s+", "").toDouble(): null

22-11-2024T04:40:41 - [TEST_STEP][PASSED] - b = replaceAll("\s+", "").toDouble(): null

22-11-2024T04:40:41 - [TEST_STEP][PASSED] - Script1710234207206.WriteToExcel(todaysDate, run, vir, block, typeOfData, viruchka, vidget, nameOfBlock, a, b, dZO): null

22-11-2024T04:40:41 - [TEST_STEP][PASSED] - println(run): null

22-11-2024T04:40:41 - [TEST_STEP][PASSED] - if (run == 1): null

22-11-2024T04:40:41 - [TEST_STEP][PASSED] - else if (run == 2): null

22-11-2024T04:40:41 - [TEST_STEP][PASSED] - typeOfData = "Проценты": null

22-11-2024T04:40:41 - [TEST_STEP][PASSED] - println("todaysDate:" + todaysDate): null

22-11-2024T04:40:41 - [TEST_STEP][PASSED] - println("typeOfData:" + typeOfData): null

22-11-2024T04:40:41 - [TEST_STEP][PASSED] - viruchka = getText(findTestObject("Выручка в рублях/Фильтр Выручка" + nameOfBlock)): Text of object 'Object Repository/Выручка в рублях/Фильтр Выручка Выручка' is: 'Все'

22-11-2024T04:40:41 - [MESSAGE][PASSED] - Text of object 'Object Repository/Выручка в рублях/Фильтр Выручка Выручка' is: 'Все'

22-11-2024T04:40:41 - [TEST_STEP][PASSED] - println("viruchka" + viruchka): null

22-11-2024T04:40:41 - [TEST_STEP][PASSED] - println("vidget" + vidget): null

22-11-2024T04:40:41 - [TEST_STEP][PASSED] - println("a" + a): null

22-11-2024T04:40:41 - [TEST_STEP][PASSED] - println("b" + b): null

22-11-2024T04:40:41 - [TEST_STEP][PASSED] - sheetName = "Sheet1": null

22-11-2024T04:40:41 - [TEST_STEP][PASSED] - data = findTestData("PlanFact"): null

22-11-2024T04:40:41 - [TEST_STEP][PASSED] - n = data.getRowNumbers() + 1: null

22-11-2024T04:40:41 - [TEST_STEP][PASSED] - period = getText(findTestObject("Выручка в рублях/Фильтр Период")): Text of object 'Object Repository/Выручка в рублях/Фильтр Период' is: '1, 2, 3 кв. 2024 года'

22-11-2024T04:40:41 - [MESSAGE][PASSED] - Text of object 'Object Repository/Выручка в рублях/Фильтр Период' is: '1, 2, 3 кв. 2024 года'

22-11-2024T04:40:41 - [TEST_STEP][PASSED] - println(period): null

22-11-2024T04:40:41 - [TEST_STEP][PASSED] - dashboardName = "Выручка в рублях": null

22-11-2024T04:40:41 - [TEST_STEP][PASSED] - workbook01 = getWorkbook(excelFilePath): null

22-11-2024T04:40:41 - [TEST_STEP][PASSED] - sheet01 = getExcelSheet(workbook01, sheetName): null

22-11-2024T04:40:41 - [TEST_STEP][PASSED] - setValueToCellByIndex(sheet01, n, 0, dashboardName): null

22-11-2024T04:40:41 - [TEST_STEP][PASSED] - setValueToCellByIndex(sheet01, n, 1, dZO): null

22-11-2024T04:40:41 - [TEST_STEP][PASSED] - setValueToCellByIndex(sheet01, n, 2, vidget): null

22-11-2024T04:40:41 - [TEST_STEP][PASSED] - setValueToCellByIndex(sheet01, n, 3, viruchka): null

22-11-2024T04:40:41 - [TEST_STEP][PASSED] - setValueToCellByIndex(sheet01, n, 4, typeOfData): null

22-11-2024T04:40:41 - [TEST_STEP][PASSED] - if (a == null): null

22-11-2024T04:40:41 - [TEST_STEP][PASSED] - else: null

22-11-2024T04:40:41 - [TEST_STEP][PASSED] - setValueToCellByIndex(sheet01, n, 5, a): null

22-11-2024T04:40:41 - [TEST_STEP][PASSED] - if (b == null): null

22-11-2024T04:40:41 - [TEST_STEP][PASSED] - else: null

22-11-2024T04:40:41 - [TEST_STEP][PASSED] - setValueToCellByIndex(sheet01, n, 6, b): null

22-11-2024T04:40:41 - [TEST_STEP][PASSED] - setValueToCellByIndex(sheet01, n, 7, period): null

22-11-2024T04:40:41 - [TEST_STEP][PASSED] - setValueToCellByIndex(sheet01, n, 8, todaysDate): null

22-11-2024T04:40:41 - [TEST_STEP][PASSED] - n = n + 1: null

22-11-2024T04:40:41 - [TEST_STEP][PASSED] - saveWorkbook(excelFilePath, workbook01): null

22-11-2024T04:40:42 - [TEST_STEP][PASSED] - dZO = "Россети Северо-Запад": null

22-11-2024T04:40:42 - [TEST_STEP][PASSED] - if (verifyEqual(a38, b38) == false): Actual object '2.16' and expected object '2.16' are equal

22-11-2024T04:40:42 - [MESSAGE][PASSED] - Actual object '2.16' and expected object '2.16' are equal

22-11-2024T04:40:42 - [TEST_STEP][PASSED] - dZO = "Россети Сибирь (ГК)": null

22-11-2024T04:40:42 - [TEST_STEP][PASSED] - if (verifyEqual(a39, b39) == false): Actual object '4.15' and expected object '4.15' are equal

22-11-2024T04:40:42 - [MESSAGE][PASSED] - Actual object '4.15' and expected object '4.15' are equal

22-11-2024T04:40:42 - [TEST_STEP][PASSED] - dZO = "Россети Томск": null

22-11-2024T04:40:42 - [TEST_STEP][FAILED] - if (verifyEqual(a310, b310) == false): null

22-11-2024T04:40:42 - [MESSAGE][FAILED] - Unable to verify equal between actual object '-48.47' and expected object '3.07' (Root cause: com.kms.katalon.core.exception.StepFailedException: Actual object '-48.47' and expected object '3.07' are not equal
	at com.kms.katalon.core.keyword.builtin.VerifyEqualKeyword$_verifyEqual_closure1.doCall(VerifyEqualKeyword.groovy:58)
	at com.kms.katalon.core.keyword.builtin.VerifyEqualKeyword$_verifyEqual_closure1.call(VerifyEqualKeyword.groovy)
	at com.kms.katalon.core.keyword.internal.KeywordMain.runKeyword(KeywordMain.groovy:75)
	at com.kms.katalon.core.keyword.builtin.VerifyEqualKeyword.verifyEqual(VerifyEqualKeyword.groovy:63)
	at com.kms.katalon.core.keyword.builtin.VerifyEqualKeyword.execute(VerifyEqualKeyword.groovy:44)
	at com.kms.katalon.core.keyword.internal.KeywordExecutor.executeKeywordForPlatform(KeywordExecutor.groovy:74)
	at com.kms.katalon.core.keyword.BuiltinKeywords.verifyEqual(BuiltinKeywords.groovy:146)
	at jdk.internal.reflect.GeneratedMethodAccessor25.invoke(Unknown Source)
	at java.base/jdk.internal.reflect.DelegatingMethodAccessorImpl.invoke(DelegatingMethodAccessorImpl.java:43)
	at Выручка в рублях сверка дашбордов ПАО Россети.Blocks(Выручка в рублях сверка дашбордов ПАО Россети:457)
	at Выручка в рублях сверка дашбордов ПАО Россети.ViruchkaChange(Выручка в рублях сверка дашбордов ПАО Россети:60)
	at Выручка в рублях сверка дашбордов ПАО Россети.run(Выручка в рублях сверка дашбордов ПАО Россети:55)
	at com.kms.katalon.core.main.ScriptEngine.run(ScriptEngine.java:194)
	at com.kms.katalon.core.main.ScriptEngine.runScriptAsRawText(ScriptEngine.java:119)
	at com.kms.katalon.core.main.TestCaseExecutor.runScript(TestCaseExecutor.java:448)
	at com.kms.katalon.core.main.TestCaseExecutor.doExecute(TestCaseExecutor.java:439)
	at com.kms.katalon.core.main.TestCaseExecutor.processExecutionPhase(TestCaseExecutor.java:418)
	at com.kms.katalon.core.main.TestCaseExecutor.accessMainPhase(TestCaseExecutor.java:410)
	at com.kms.katalon.core.main.TestCaseExecutor.execute(TestCaseExecutor.java:285)
	at com.kms.katalon.core.common.CommonExecutor.accessTestCaseMainPhase(CommonExecutor.java:65)
	at com.kms.katalon.core.main.TestSuiteExecutor.accessTestSuiteMainPhase(TestSuiteExecutor.java:150)
	at com.kms.katalon.core.main.TestSuiteExecutor.execute(TestSuiteExecutor.java:106)
	at com.kms.katalon.core.main.TestCaseMain.startTestSuite(TestCaseMain.java:180)
	at TempTestSuite1732232929817.run(TempTestSuite1732232929817.groovy:35)
	at java.base/jdk.internal.reflect.NativeMethodAccessorImpl.invoke0(Native Method)
	at java.base/jdk.internal.reflect.NativeMethodAccessorImpl.invoke(NativeMethodAccessorImpl.java:77)
	at java.base/jdk.internal.reflect.DelegatingMethodAccessorImpl.invoke(DelegatingMethodAccessorImpl.java:43)
)

22-11-2024T04:40:42 - [TEST_STEP][PASSED] - a = replaceAll("\s+", "").toDouble(): null

22-11-2024T04:40:42 - [TEST_STEP][PASSED] - b = replaceAll("\s+", "").toDouble(): null

22-11-2024T04:40:42 - [TEST_STEP][PASSED] - Script1710234207206.WriteToExcel(todaysDate, run, vir, block, typeOfData, viruchka, vidget, nameOfBlock, a, b, dZO): null

22-11-2024T04:40:42 - [TEST_STEP][PASSED] - println(run): null

22-11-2024T04:40:42 - [TEST_STEP][PASSED] - if (run == 1): null

22-11-2024T04:40:42 - [TEST_STEP][PASSED] - else if (run == 2): null

22-11-2024T04:40:42 - [TEST_STEP][PASSED] - typeOfData = "Проценты": null

22-11-2024T04:40:42 - [TEST_STEP][PASSED] - println("todaysDate:" + todaysDate): null

22-11-2024T04:40:42 - [TEST_STEP][PASSED] - println("typeOfData:" + typeOfData): null

22-11-2024T04:40:42 - [TEST_STEP][PASSED] - viruchka = getText(findTestObject("Выручка в рублях/Фильтр Выручка" + nameOfBlock)): Text of object 'Object Repository/Выручка в рублях/Фильтр Выручка Выручка' is: 'Все'

22-11-2024T04:40:42 - [MESSAGE][PASSED] - Text of object 'Object Repository/Выручка в рублях/Фильтр Выручка Выручка' is: 'Все'

22-11-2024T04:40:42 - [TEST_STEP][PASSED] - println("viruchka" + viruchka): null

22-11-2024T04:40:42 - [TEST_STEP][PASSED] - println("vidget" + vidget): null

22-11-2024T04:40:42 - [TEST_STEP][PASSED] - println("a" + a): null

22-11-2024T04:40:42 - [TEST_STEP][PASSED] - println("b" + b): null

22-11-2024T04:40:42 - [TEST_STEP][PASSED] - sheetName = "Sheet1": null

22-11-2024T04:40:42 - [TEST_STEP][PASSED] - data = findTestData("PlanFact"): null

22-11-2024T04:40:42 - [TEST_STEP][PASSED] - n = data.getRowNumbers() + 1: null

22-11-2024T04:40:42 - [TEST_STEP][PASSED] - period = getText(findTestObject("Выручка в рублях/Фильтр Период")): Text of object 'Object Repository/Выручка в рублях/Фильтр Период' is: '1, 2, 3 кв. 2024 года'

22-11-2024T04:40:42 - [MESSAGE][PASSED] - Text of object 'Object Repository/Выручка в рублях/Фильтр Период' is: '1, 2, 3 кв. 2024 года'

22-11-2024T04:40:42 - [TEST_STEP][PASSED] - println(period): null

22-11-2024T04:40:42 - [TEST_STEP][PASSED] - dashboardName = "Выручка в рублях": null

22-11-2024T04:40:42 - [TEST_STEP][PASSED] - workbook01 = getWorkbook(excelFilePath): null

22-11-2024T04:40:42 - [TEST_STEP][PASSED] - sheet01 = getExcelSheet(workbook01, sheetName): null

22-11-2024T04:40:42 - [TEST_STEP][PASSED] - setValueToCellByIndex(sheet01, n, 0, dashboardName): null

22-11-2024T04:40:42 - [TEST_STEP][PASSED] - setValueToCellByIndex(sheet01, n, 1, dZO): null

22-11-2024T04:40:42 - [TEST_STEP][PASSED] - setValueToCellByIndex(sheet01, n, 2, vidget): null

22-11-2024T04:40:42 - [TEST_STEP][PASSED] - setValueToCellByIndex(sheet01, n, 3, viruchka): null

22-11-2024T04:40:42 - [TEST_STEP][PASSED] - setValueToCellByIndex(sheet01, n, 4, typeOfData): null

22-11-2024T04:40:42 - [TEST_STEP][PASSED] - if (a == null): null

22-11-2024T04:40:42 - [TEST_STEP][PASSED] - else: null

22-11-2024T04:40:42 - [TEST_STEP][PASSED] - setValueToCellByIndex(sheet01, n, 5, a): null

22-11-2024T04:40:42 - [TEST_STEP][PASSED] - if (b == null): null

22-11-2024T04:40:42 - [TEST_STEP][PASSED] - else: null

22-11-2024T04:40:42 - [TEST_STEP][PASSED] - setValueToCellByIndex(sheet01, n, 6, b): null

22-11-2024T04:40:42 - [TEST_STEP][PASSED] - setValueToCellByIndex(sheet01, n, 7, period): null

22-11-2024T04:40:42 - [TEST_STEP][PASSED] - setValueToCellByIndex(sheet01, n, 8, todaysDate): null

22-11-2024T04:40:42 - [TEST_STEP][PASSED] - n = n + 1: null

22-11-2024T04:40:42 - [TEST_STEP][PASSED] - saveWorkbook(excelFilePath, workbook01): null

22-11-2024T04:40:42 - [TEST_STEP][PASSED] - dZO = "Россети Тюмень": null

22-11-2024T04:40:42 - [TEST_STEP][FAILED] - if (verifyEqual(a311, b311) == false): null

22-11-2024T04:40:42 - [MESSAGE][FAILED] - Unable to verify equal between actual object '-53.49' and expected object '-6.98' (Root cause: com.kms.katalon.core.exception.StepFailedException: Actual object '-53.49' and expected object '-6.98' are not equal
	at com.kms.katalon.core.keyword.builtin.VerifyEqualKeyword$_verifyEqual_closure1.doCall(VerifyEqualKeyword.groovy:58)
	at com.kms.katalon.core.keyword.builtin.VerifyEqualKeyword$_verifyEqual_closure1.call(VerifyEqualKeyword.groovy)
	at com.kms.katalon.core.keyword.internal.KeywordMain.runKeyword(KeywordMain.groovy:75)
	at com.kms.katalon.core.keyword.builtin.VerifyEqualKeyword.verifyEqual(VerifyEqualKeyword.groovy:63)
	at com.kms.katalon.core.keyword.builtin.VerifyEqualKeyword.execute(VerifyEqualKeyword.groovy:44)
	at com.kms.katalon.core.keyword.internal.KeywordExecutor.executeKeywordForPlatform(KeywordExecutor.groovy:74)
	at com.kms.katalon.core.keyword.BuiltinKeywords.verifyEqual(BuiltinKeywords.groovy:146)
	at jdk.internal.reflect.GeneratedMethodAccessor25.invoke(Unknown Source)
	at java.base/jdk.internal.reflect.DelegatingMethodAccessorImpl.invoke(DelegatingMethodAccessorImpl.java:43)
	at Выручка в рублях сверка дашбордов ПАО Россети.Blocks(Выручка в рублях сверка дашбордов ПАО Россети:467)
	at Выручка в рублях сверка дашбордов ПАО Россети.ViruchkaChange(Выручка в рублях сверка дашбордов ПАО Россети:60)
	at Выручка в рублях сверка дашбордов ПАО Россети.run(Выручка в рублях сверка дашбордов ПАО Россети:55)
	at com.kms.katalon.core.main.ScriptEngine.run(ScriptEngine.java:194)
	at com.kms.katalon.core.main.ScriptEngine.runScriptAsRawText(ScriptEngine.java:119)
	at com.kms.katalon.core.main.TestCaseExecutor.runScript(TestCaseExecutor.java:448)
	at com.kms.katalon.core.main.TestCaseExecutor.doExecute(TestCaseExecutor.java:439)
	at com.kms.katalon.core.main.TestCaseExecutor.processExecutionPhase(TestCaseExecutor.java:418)
	at com.kms.katalon.core.main.TestCaseExecutor.accessMainPhase(TestCaseExecutor.java:410)
	at com.kms.katalon.core.main.TestCaseExecutor.execute(TestCaseExecutor.java:285)
	at com.kms.katalon.core.common.CommonExecutor.accessTestCaseMainPhase(CommonExecutor.java:65)
	at com.kms.katalon.core.main.TestSuiteExecutor.accessTestSuiteMainPhase(TestSuiteExecutor.java:150)
	at com.kms.katalon.core.main.TestSuiteExecutor.execute(TestSuiteExecutor.java:106)
	at com.kms.katalon.core.main.TestCaseMain.startTestSuite(TestCaseMain.java:180)
	at TempTestSuite1732232929817.run(TempTestSuite1732232929817.groovy:35)
	at java.base/jdk.internal.reflect.NativeMethodAccessorImpl.invoke0(Native Method)
	at java.base/jdk.internal.reflect.NativeMethodAccessorImpl.invoke(NativeMethodAccessorImpl.java:77)
	at java.base/jdk.internal.reflect.DelegatingMethodAccessorImpl.invoke(DelegatingMethodAccessorImpl.java:43)
)

22-11-2024T04:40:42 - [TEST_STEP][PASSED] - a = replaceAll("\s+", "").toDouble(): null

22-11-2024T04:40:42 - [TEST_STEP][PASSED] - b = replaceAll("\s+", "").toDouble(): null

22-11-2024T04:40:42 - [TEST_STEP][PASSED] - Script1710234207206.WriteToExcel(todaysDate, run, vir, block, typeOfData, viruchka, vidget, nameOfBlock, a, b, dZO): null

22-11-2024T04:40:42 - [TEST_STEP][PASSED] - println(run): null

22-11-2024T04:40:42 - [TEST_STEP][PASSED] - if (run == 1): null

22-11-2024T04:40:42 - [TEST_STEP][PASSED] - else if (run == 2): null

22-11-2024T04:40:42 - [TEST_STEP][PASSED] - typeOfData = "Проценты": null

22-11-2024T04:40:42 - [TEST_STEP][PASSED] - println("todaysDate:" + todaysDate): null

22-11-2024T04:40:42 - [TEST_STEP][PASSED] - println("typeOfData:" + typeOfData): null

22-11-2024T04:40:42 - [TEST_STEP][PASSED] - viruchka = getText(findTestObject("Выручка в рублях/Фильтр Выручка" + nameOfBlock)): Text of object 'Object Repository/Выручка в рублях/Фильтр Выручка Выручка' is: 'Все'

22-11-2024T04:40:43 - [MESSAGE][PASSED] - Text of object 'Object Repository/Выручка в рублях/Фильтр Выручка Выручка' is: 'Все'

22-11-2024T04:40:43 - [TEST_STEP][PASSED] - println("viruchka" + viruchka): null

22-11-2024T04:40:43 - [TEST_STEP][PASSED] - println("vidget" + vidget): null

22-11-2024T04:40:43 - [TEST_STEP][PASSED] - println("a" + a): null

22-11-2024T04:40:43 - [TEST_STEP][PASSED] - println("b" + b): null

22-11-2024T04:40:43 - [TEST_STEP][PASSED] - sheetName = "Sheet1": null

22-11-2024T04:40:43 - [TEST_STEP][PASSED] - data = findTestData("PlanFact"): null

22-11-2024T04:40:43 - [TEST_STEP][PASSED] - n = data.getRowNumbers() + 1: null

22-11-2024T04:40:43 - [TEST_STEP][PASSED] - period = getText(findTestObject("Выручка в рублях/Фильтр Период")): Text of object 'Object Repository/Выручка в рублях/Фильтр Период' is: '1, 2, 3 кв. 2024 года'

22-11-2024T04:40:43 - [MESSAGE][PASSED] - Text of object 'Object Repository/Выручка в рублях/Фильтр Период' is: '1, 2, 3 кв. 2024 года'

22-11-2024T04:40:43 - [TEST_STEP][PASSED] - println(period): null

22-11-2024T04:40:43 - [TEST_STEP][PASSED] - dashboardName = "Выручка в рублях": null

22-11-2024T04:40:43 - [TEST_STEP][PASSED] - workbook01 = getWorkbook(excelFilePath): null

22-11-2024T04:40:43 - [TEST_STEP][PASSED] - sheet01 = getExcelSheet(workbook01, sheetName): null

22-11-2024T04:40:43 - [TEST_STEP][PASSED] - setValueToCellByIndex(sheet01, n, 0, dashboardName): null

22-11-2024T04:40:43 - [TEST_STEP][PASSED] - setValueToCellByIndex(sheet01, n, 1, dZO): null

22-11-2024T04:40:43 - [TEST_STEP][PASSED] - setValueToCellByIndex(sheet01, n, 2, vidget): null

22-11-2024T04:40:43 - [TEST_STEP][PASSED] - setValueToCellByIndex(sheet01, n, 3, viruchka): null

22-11-2024T04:40:43 - [TEST_STEP][PASSED] - setValueToCellByIndex(sheet01, n, 4, typeOfData): null

22-11-2024T04:40:43 - [TEST_STEP][PASSED] - if (a == null): null

22-11-2024T04:40:43 - [TEST_STEP][PASSED] - else: null

22-11-2024T04:40:43 - [TEST_STEP][PASSED] - setValueToCellByIndex(sheet01, n, 5, a): null

22-11-2024T04:40:43 - [TEST_STEP][PASSED] - if (b == null): null

22-11-2024T04:40:43 - [TEST_STEP][PASSED] - else: null

22-11-2024T04:40:43 - [TEST_STEP][PASSED] - setValueToCellByIndex(sheet01, n, 6, b): null

22-11-2024T04:40:43 - [TEST_STEP][PASSED] - setValueToCellByIndex(sheet01, n, 7, period): null

22-11-2024T04:40:43 - [TEST_STEP][PASSED] - setValueToCellByIndex(sheet01, n, 8, todaysDate): null

22-11-2024T04:40:43 - [TEST_STEP][PASSED] - n = n + 1: null

22-11-2024T04:40:43 - [TEST_STEP][PASSED] - saveWorkbook(excelFilePath, workbook01): null

22-11-2024T04:40:43 - [TEST_STEP][PASSED] - dZO = "Россети Урал (ГК)": null

22-11-2024T04:40:43 - [TEST_STEP][PASSED] - if (verifyEqual(a312, b312) == false): Actual object '2.23' and expected object '2.23' are equal

22-11-2024T04:40:43 - [MESSAGE][PASSED] - Actual object '2.23' and expected object '2.23' are equal

22-11-2024T04:40:43 - [TEST_STEP][PASSED] - dZO = "Россети ФСК ЕЭС": null

22-11-2024T04:40:43 - [TEST_STEP][PASSED] - if (verifyEqual(a313, b313) == false): Actual object '0.87' and expected object '0.87' are equal

22-11-2024T04:40:43 - [MESSAGE][PASSED] - Actual object '0.87' and expected object '0.87' are equal

22-11-2024T04:40:43 - [TEST_STEP][PASSED] - dZO = "Россети Центр": null

22-11-2024T04:40:43 - [TEST_STEP][FAILED] - if (verifyEqual(a314, b314) == false): null

22-11-2024T04:40:43 - [MESSAGE][FAILED] - Unable to verify equal between actual object '-30.67' and expected object '4' (Root cause: com.kms.katalon.core.exception.StepFailedException: Actual object '-30.67' and expected object '4' are not equal
	at com.kms.katalon.core.keyword.builtin.VerifyEqualKeyword$_verifyEqual_closure1.doCall(VerifyEqualKeyword.groovy:58)
	at com.kms.katalon.core.keyword.builtin.VerifyEqualKeyword$_verifyEqual_closure1.call(VerifyEqualKeyword.groovy)
	at com.kms.katalon.core.keyword.internal.KeywordMain.runKeyword(KeywordMain.groovy:75)
	at com.kms.katalon.core.keyword.builtin.VerifyEqualKeyword.verifyEqual(VerifyEqualKeyword.groovy:63)
	at com.kms.katalon.core.keyword.builtin.VerifyEqualKeyword.execute(VerifyEqualKeyword.groovy:44)
	at com.kms.katalon.core.keyword.internal.KeywordExecutor.executeKeywordForPlatform(KeywordExecutor.groovy:74)
	at com.kms.katalon.core.keyword.BuiltinKeywords.verifyEqual(BuiltinKeywords.groovy:146)
	at jdk.internal.reflect.GeneratedMethodAccessor25.invoke(Unknown Source)
	at java.base/jdk.internal.reflect.DelegatingMethodAccessorImpl.invoke(DelegatingMethodAccessorImpl.java:43)
	at Выручка в рублях сверка дашбордов ПАО Россети.Blocks(Выручка в рублях сверка дашбордов ПАО Россети:497)
	at Выручка в рублях сверка дашбордов ПАО Россети.ViruchkaChange(Выручка в рублях сверка дашбордов ПАО Россети:60)
	at Выручка в рублях сверка дашбордов ПАО Россети.run(Выручка в рублях сверка дашбордов ПАО Россети:55)
	at com.kms.katalon.core.main.ScriptEngine.run(ScriptEngine.java:194)
	at com.kms.katalon.core.main.ScriptEngine.runScriptAsRawText(ScriptEngine.java:119)
	at com.kms.katalon.core.main.TestCaseExecutor.runScript(TestCaseExecutor.java:448)
	at com.kms.katalon.core.main.TestCaseExecutor.doExecute(TestCaseExecutor.java:439)
	at com.kms.katalon.core.main.TestCaseExecutor.processExecutionPhase(TestCaseExecutor.java:418)
	at com.kms.katalon.core.main.TestCaseExecutor.accessMainPhase(TestCaseExecutor.java:410)
	at com.kms.katalon.core.main.TestCaseExecutor.execute(TestCaseExecutor.java:285)
	at com.kms.katalon.core.common.CommonExecutor.accessTestCaseMainPhase(CommonExecutor.java:65)
	at com.kms.katalon.core.main.TestSuiteExecutor.accessTestSuiteMainPhase(TestSuiteExecutor.java:150)
	at com.kms.katalon.core.main.TestSuiteExecutor.execute(TestSuiteExecutor.java:106)
	at com.kms.katalon.core.main.TestCaseMain.startTestSuite(TestCaseMain.java:180)
	at TempTestSuite1732232929817.run(TempTestSuite1732232929817.groovy:35)
	at java.base/jdk.internal.reflect.NativeMethodAccessorImpl.invoke0(Native Method)
	at java.base/jdk.internal.reflect.NativeMethodAccessorImpl.invoke(NativeMethodAccessorImpl.java:77)
	at java.base/jdk.internal.reflect.DelegatingMethodAccessorImpl.invoke(DelegatingMethodAccessorImpl.java:43)
)

22-11-2024T04:40:43 - [TEST_STEP][PASSED] - a = replaceAll("\s+", "").toDouble(): null

22-11-2024T04:40:43 - [TEST_STEP][PASSED] - b = replaceAll("\s+", "").toDouble(): null

22-11-2024T04:40:43 - [TEST_STEP][PASSED] - Script1710234207206.WriteToExcel(todaysDate, run, vir, block, typeOfData, viruchka, vidget, nameOfBlock, a, b, dZO): null

22-11-2024T04:40:43 - [TEST_STEP][PASSED] - println(run): null

22-11-2024T04:40:43 - [TEST_STEP][PASSED] - if (run == 1): null

22-11-2024T04:40:43 - [TEST_STEP][PASSED] - else if (run == 2): null

22-11-2024T04:40:43 - [TEST_STEP][PASSED] - typeOfData = "Проценты": null

22-11-2024T04:40:43 - [TEST_STEP][PASSED] - println("todaysDate:" + todaysDate): null

22-11-2024T04:40:43 - [TEST_STEP][PASSED] - println("typeOfData:" + typeOfData): null

22-11-2024T04:40:43 - [TEST_STEP][PASSED] - viruchka = getText(findTestObject("Выручка в рублях/Фильтр Выручка" + nameOfBlock)): Text of object 'Object Repository/Выручка в рублях/Фильтр Выручка Выручка' is: 'Все'

22-11-2024T04:40:44 - [MESSAGE][PASSED] - Text of object 'Object Repository/Выручка в рублях/Фильтр Выручка Выручка' is: 'Все'

22-11-2024T04:40:44 - [TEST_STEP][PASSED] - println("viruchka" + viruchka): null

22-11-2024T04:40:44 - [TEST_STEP][PASSED] - println("vidget" + vidget): null

22-11-2024T04:40:44 - [TEST_STEP][PASSED] - println("a" + a): null

22-11-2024T04:40:44 - [TEST_STEP][PASSED] - println("b" + b): null

22-11-2024T04:40:44 - [TEST_STEP][PASSED] - sheetName = "Sheet1": null

22-11-2024T04:40:44 - [TEST_STEP][PASSED] - data = findTestData("PlanFact"): null

22-11-2024T04:40:44 - [TEST_STEP][PASSED] - n = data.getRowNumbers() + 1: null

22-11-2024T04:40:44 - [TEST_STEP][PASSED] - period = getText(findTestObject("Выручка в рублях/Фильтр Период")): Text of object 'Object Repository/Выручка в рублях/Фильтр Период' is: '1, 2, 3 кв. 2024 года'

22-11-2024T04:40:44 - [MESSAGE][PASSED] - Text of object 'Object Repository/Выручка в рублях/Фильтр Период' is: '1, 2, 3 кв. 2024 года'

22-11-2024T04:40:44 - [TEST_STEP][PASSED] - println(period): null

22-11-2024T04:40:44 - [TEST_STEP][PASSED] - dashboardName = "Выручка в рублях": null

22-11-2024T04:40:44 - [TEST_STEP][PASSED] - workbook01 = getWorkbook(excelFilePath): null

22-11-2024T04:40:44 - [TEST_STEP][PASSED] - sheet01 = getExcelSheet(workbook01, sheetName): null

22-11-2024T04:40:44 - [TEST_STEP][PASSED] - setValueToCellByIndex(sheet01, n, 0, dashboardName): null

22-11-2024T04:40:44 - [TEST_STEP][PASSED] - setValueToCellByIndex(sheet01, n, 1, dZO): null

22-11-2024T04:40:44 - [TEST_STEP][PASSED] - setValueToCellByIndex(sheet01, n, 2, vidget): null

22-11-2024T04:40:44 - [TEST_STEP][PASSED] - setValueToCellByIndex(sheet01, n, 3, viruchka): null

22-11-2024T04:40:44 - [TEST_STEP][PASSED] - setValueToCellByIndex(sheet01, n, 4, typeOfData): null

22-11-2024T04:40:44 - [TEST_STEP][PASSED] - if (a == null): null

22-11-2024T04:40:44 - [TEST_STEP][PASSED] - else: null

22-11-2024T04:40:44 - [TEST_STEP][PASSED] - setValueToCellByIndex(sheet01, n, 5, a): null

22-11-2024T04:40:44 - [TEST_STEP][PASSED] - if (b == null): null

22-11-2024T04:40:44 - [TEST_STEP][PASSED] - else: null

22-11-2024T04:40:44 - [TEST_STEP][PASSED] - setValueToCellByIndex(sheet01, n, 6, b): null

22-11-2024T04:40:44 - [TEST_STEP][PASSED] - setValueToCellByIndex(sheet01, n, 7, period): null

22-11-2024T04:40:44 - [TEST_STEP][PASSED] - setValueToCellByIndex(sheet01, n, 8, todaysDate): null

22-11-2024T04:40:44 - [TEST_STEP][PASSED] - n = n + 1: null

22-11-2024T04:40:44 - [TEST_STEP][PASSED] - saveWorkbook(excelFilePath, workbook01): null

22-11-2024T04:40:44 - [TEST_STEP][PASSED] - dZO = "Россети Центр и Приволжье (ГК)": null

22-11-2024T04:40:44 - [TEST_STEP][PASSED] - if (verifyEqual(a315, b315) == false): Actual object '4.25' and expected object '4.25' are equal

22-11-2024T04:40:44 - [MESSAGE][PASSED] - Actual object '4.25' and expected object '4.25' are equal

22-11-2024T04:40:44 - [TEST_STEP][PASSED] - dZO = "Россети Юг (ГК)": null

22-11-2024T04:40:44 - [TEST_STEP][FAILED] - if (verifyEqual(a316, b316) == false): null

22-11-2024T04:40:44 - [MESSAGE][FAILED] - Unable to verify equal between actual object '-48.3' and expected object '3.41' (Root cause: com.kms.katalon.core.exception.StepFailedException: Actual object '-48.3' and expected object '3.41' are not equal
	at com.kms.katalon.core.keyword.builtin.VerifyEqualKeyword$_verifyEqual_closure1.doCall(VerifyEqualKeyword.groovy:58)
	at com.kms.katalon.core.keyword.builtin.VerifyEqualKeyword$_verifyEqual_closure1.call(VerifyEqualKeyword.groovy)
	at com.kms.katalon.core.keyword.internal.KeywordMain.runKeyword(KeywordMain.groovy:75)
	at com.kms.katalon.core.keyword.builtin.VerifyEqualKeyword.verifyEqual(VerifyEqualKeyword.groovy:63)
	at com.kms.katalon.core.keyword.builtin.VerifyEqualKeyword.execute(VerifyEqualKeyword.groovy:44)
	at com.kms.katalon.core.keyword.internal.KeywordExecutor.executeKeywordForPlatform(KeywordExecutor.groovy:74)
	at com.kms.katalon.core.keyword.BuiltinKeywords.verifyEqual(BuiltinKeywords.groovy:146)
	at jdk.internal.reflect.GeneratedMethodAccessor25.invoke(Unknown Source)
	at java.base/jdk.internal.reflect.DelegatingMethodAccessorImpl.invoke(DelegatingMethodAccessorImpl.java:43)
	at Выручка в рублях сверка дашбордов ПАО Россети.Blocks(Выручка в рублях сверка дашбордов ПАО Россети:517)
	at Выручка в рублях сверка дашбордов ПАО Россети.ViruchkaChange(Выручка в рублях сверка дашбордов ПАО Россети:60)
	at Выручка в рублях сверка дашбордов ПАО Россети.run(Выручка в рублях сверка дашбордов ПАО Россети:55)
	at com.kms.katalon.core.main.ScriptEngine.run(ScriptEngine.java:194)
	at com.kms.katalon.core.main.ScriptEngine.runScriptAsRawText(ScriptEngine.java:119)
	at com.kms.katalon.core.main.TestCaseExecutor.runScript(TestCaseExecutor.java:448)
	at com.kms.katalon.core.main.TestCaseExecutor.doExecute(TestCaseExecutor.java:439)
	at com.kms.katalon.core.main.TestCaseExecutor.processExecutionPhase(TestCaseExecutor.java:418)
	at com.kms.katalon.core.main.TestCaseExecutor.accessMainPhase(TestCaseExecutor.java:410)
	at com.kms.katalon.core.main.TestCaseExecutor.execute(TestCaseExecutor.java:285)
	at com.kms.katalon.core.common.CommonExecutor.accessTestCaseMainPhase(CommonExecutor.java:65)
	at com.kms.katalon.core.main.TestSuiteExecutor.accessTestSuiteMainPhase(TestSuiteExecutor.java:150)
	at com.kms.katalon.core.main.TestSuiteExecutor.execute(TestSuiteExecutor.java:106)
	at com.kms.katalon.core.main.TestCaseMain.startTestSuite(TestCaseMain.java:180)
	at TempTestSuite1732232929817.run(TempTestSuite1732232929817.groovy:35)
	at java.base/jdk.internal.reflect.NativeMethodAccessorImpl.invoke0(Native Method)
	at java.base/jdk.internal.reflect.NativeMethodAccessorImpl.invoke(NativeMethodAccessorImpl.java:77)
	at java.base/jdk.internal.reflect.DelegatingMethodAccessorImpl.invoke(DelegatingMethodAccessorImpl.java:43)
)

22-11-2024T04:40:44 - [TEST_STEP][PASSED] - a = replaceAll("\s+", "").toDouble(): null

22-11-2024T04:40:44 - [TEST_STEP][PASSED] - b = replaceAll("\s+", "").toDouble(): null

22-11-2024T04:40:44 - [TEST_STEP][PASSED] - Script1710234207206.WriteToExcel(todaysDate, run, vir, block, typeOfData, viruchka, vidget, nameOfBlock, a, b, dZO): null

22-11-2024T04:40:44 - [TEST_STEP][PASSED] - println(run): null

22-11-2024T04:40:44 - [TEST_STEP][PASSED] - if (run == 1): null

22-11-2024T04:40:44 - [TEST_STEP][PASSED] - else if (run == 2): null

22-11-2024T04:40:44 - [TEST_STEP][PASSED] - typeOfData = "Проценты": null

22-11-2024T04:40:44 - [TEST_STEP][PASSED] - println("todaysDate:" + todaysDate): null

22-11-2024T04:40:44 - [TEST_STEP][PASSED] - println("typeOfData:" + typeOfData): null

22-11-2024T04:40:44 - [TEST_STEP][PASSED] - viruchka = getText(findTestObject("Выручка в рублях/Фильтр Выручка" + nameOfBlock)): Text of object 'Object Repository/Выручка в рублях/Фильтр Выручка Выручка' is: 'Все'

22-11-2024T04:40:45 - [MESSAGE][PASSED] - Text of object 'Object Repository/Выручка в рублях/Фильтр Выручка Выручка' is: 'Все'

22-11-2024T04:40:45 - [TEST_STEP][PASSED] - println("viruchka" + viruchka): null

22-11-2024T04:40:45 - [TEST_STEP][PASSED] - println("vidget" + vidget): null

22-11-2024T04:40:45 - [TEST_STEP][PASSED] - println("a" + a): null

22-11-2024T04:40:45 - [TEST_STEP][PASSED] - println("b" + b): null

22-11-2024T04:40:45 - [TEST_STEP][PASSED] - sheetName = "Sheet1": null

22-11-2024T04:40:45 - [TEST_STEP][PASSED] - data = findTestData("PlanFact"): null

22-11-2024T04:40:45 - [TEST_STEP][PASSED] - n = data.getRowNumbers() + 1: null

22-11-2024T04:40:45 - [TEST_STEP][PASSED] - period = getText(findTestObject("Выручка в рублях/Фильтр Период")): Text of object 'Object Repository/Выручка в рублях/Фильтр Период' is: '1, 2, 3 кв. 2024 года'

22-11-2024T04:40:45 - [MESSAGE][PASSED] - Text of object 'Object Repository/Выручка в рублях/Фильтр Период' is: '1, 2, 3 кв. 2024 года'

22-11-2024T04:40:45 - [TEST_STEP][PASSED] - println(period): null

22-11-2024T04:40:45 - [TEST_STEP][PASSED] - dashboardName = "Выручка в рублях": null

22-11-2024T04:40:45 - [TEST_STEP][PASSED] - workbook01 = getWorkbook(excelFilePath): null

22-11-2024T04:40:45 - [TEST_STEP][PASSED] - sheet01 = getExcelSheet(workbook01, sheetName): null

22-11-2024T04:40:45 - [TEST_STEP][PASSED] - setValueToCellByIndex(sheet01, n, 0, dashboardName): null

22-11-2024T04:40:45 - [TEST_STEP][PASSED] - setValueToCellByIndex(sheet01, n, 1, dZO): null

22-11-2024T04:40:45 - [TEST_STEP][PASSED] - setValueToCellByIndex(sheet01, n, 2, vidget): null

22-11-2024T04:40:45 - [TEST_STEP][PASSED] - setValueToCellByIndex(sheet01, n, 3, viruchka): null

22-11-2024T04:40:45 - [TEST_STEP][PASSED] - setValueToCellByIndex(sheet01, n, 4, typeOfData): null

22-11-2024T04:40:45 - [TEST_STEP][PASSED] - if (a == null): null

22-11-2024T04:40:45 - [TEST_STEP][PASSED] - else: null

22-11-2024T04:40:45 - [TEST_STEP][PASSED] - setValueToCellByIndex(sheet01, n, 5, a): null

22-11-2024T04:40:45 - [TEST_STEP][PASSED] - if (b == null): null

22-11-2024T04:40:45 - [TEST_STEP][PASSED] - else: null

22-11-2024T04:40:45 - [TEST_STEP][PASSED] - setValueToCellByIndex(sheet01, n, 6, b): null

22-11-2024T04:40:45 - [TEST_STEP][PASSED] - setValueToCellByIndex(sheet01, n, 7, period): null

22-11-2024T04:40:45 - [TEST_STEP][PASSED] - setValueToCellByIndex(sheet01, n, 8, todaysDate): null

22-11-2024T04:40:45 - [TEST_STEP][PASSED] - n = n + 1: null

22-11-2024T04:40:45 - [TEST_STEP][PASSED] - saveWorkbook(excelFilePath, workbook01): null

22-11-2024T04:40:45 - [TEST_STEP][PASSED] - dZO = "Россети Янтарь": null

22-11-2024T04:40:45 - [TEST_STEP][PASSED] - if (verifyEqual(a317, b317) == false): Actual object '3.93' and expected object '3.93' are equal

22-11-2024T04:40:45 - [MESSAGE][PASSED] - Actual object '3.93' and expected object '3.93' are equal

22-11-2024T04:40:45 - [TEST_STEP][PASSED] - closeBrowser(): null

22-11-2024T04:40:46 - [MESSAGE][PASSED] - Browser is closed

22-11-2024T04:40:46 - [TEST_STEP][PASSED] - Script1710234207206.Blocks(run, vir, block, nameOfBlock, typeOfData, viruchka, vidget, todaysDate, a, b, dZO, x, y): null

22-11-2024T04:40:46 - [TEST_STEP][PASSED] - i = <not implemented yet for class: org.codehaus.groovy.ast.expr.EmptyExpression>: null

22-11-2024T04:40:46 - [TEST_STEP][PASSED] - perc = "": null

22-11-2024T04:40:46 - [TEST_STEP][PASSED] - a1 = <not implemented yet for class: org.codehaus.groovy.ast.expr.EmptyExpression>: null

22-11-2024T04:40:46 - [TEST_STEP][PASSED] - a2 = <not implemented yet for class: org.codehaus.groovy.ast.expr.EmptyExpression>: null

22-11-2024T04:40:46 - [TEST_STEP][PASSED] - a30 = <not implemented yet for class: org.codehaus.groovy.ast.expr.EmptyExpression>: null

22-11-2024T04:40:46 - [TEST_STEP][PASSED] - a31 = <not implemented yet for class: org.codehaus.groovy.ast.expr.EmptyExpression>: null

22-11-2024T04:40:46 - [TEST_STEP][PASSED] - a32 = <not implemented yet for class: org.codehaus.groovy.ast.expr.EmptyExpression>: null

22-11-2024T04:40:46 - [TEST_STEP][PASSED] - a33 = <not implemented yet for class: org.codehaus.groovy.ast.expr.EmptyExpression>: null

22-11-2024T04:40:46 - [TEST_STEP][PASSED] - a34 = <not implemented yet for class: org.codehaus.groovy.ast.expr.EmptyExpression>: null

22-11-2024T04:40:46 - [TEST_STEP][PASSED] - a35 = <not implemented yet for class: org.codehaus.groovy.ast.expr.EmptyExpression>: null

22-11-2024T04:40:46 - [TEST_STEP][PASSED] - a36 = <not implemented yet for class: org.codehaus.groovy.ast.expr.EmptyExpression>: null

22-11-2024T04:40:46 - [TEST_STEP][PASSED] - a37 = <not implemented yet for class: org.codehaus.groovy.ast.expr.EmptyExpression>: null

22-11-2024T04:40:46 - [TEST_STEP][PASSED] - a38 = <not implemented yet for class: org.codehaus.groovy.ast.expr.EmptyExpression>: null

22-11-2024T04:40:46 - [TEST_STEP][PASSED] - a39 = <not implemented yet for class: org.codehaus.groovy.ast.expr.EmptyExpression>: null

22-11-2024T04:40:46 - [TEST_STEP][PASSED] - a310 = <not implemented yet for class: org.codehaus.groovy.ast.expr.EmptyExpression>: null

22-11-2024T04:40:46 - [TEST_STEP][PASSED] - a311 = <not implemented yet for class: org.codehaus.groovy.ast.expr.EmptyExpression>: null

22-11-2024T04:40:46 - [TEST_STEP][PASSED] - a312 = <not implemented yet for class: org.codehaus.groovy.ast.expr.EmptyExpression>: null

22-11-2024T04:40:46 - [TEST_STEP][PASSED] - a313 = <not implemented yet for class: org.codehaus.groovy.ast.expr.EmptyExpression>: null

22-11-2024T04:40:46 - [TEST_STEP][PASSED] - a314 = <not implemented yet for class: org.codehaus.groovy.ast.expr.EmptyExpression>: null

22-11-2024T04:40:46 - [TEST_STEP][PASSED] - a315 = <not implemented yet for class: org.codehaus.groovy.ast.expr.EmptyExpression>: null

22-11-2024T04:40:46 - [TEST_STEP][PASSED] - a316 = <not implemented yet for class: org.codehaus.groovy.ast.expr.EmptyExpression>: null

22-11-2024T04:40:46 - [TEST_STEP][PASSED] - a317 = <not implemented yet for class: org.codehaus.groovy.ast.expr.EmptyExpression>: null

22-11-2024T04:40:46 - [TEST_STEP][PASSED] - b1 = <not implemented yet for class: org.codehaus.groovy.ast.expr.EmptyExpression>: null

22-11-2024T04:40:46 - [TEST_STEP][PASSED] - b2 = <not implemented yet for class: org.codehaus.groovy.ast.expr.EmptyExpression>: null

22-11-2024T04:40:46 - [TEST_STEP][PASSED] - b30 = <not implemented yet for class: org.codehaus.groovy.ast.expr.EmptyExpression>: null

22-11-2024T04:40:46 - [TEST_STEP][PASSED] - b31 = <not implemented yet for class: org.codehaus.groovy.ast.expr.EmptyExpression>: null

22-11-2024T04:40:46 - [TEST_STEP][PASSED] - b32 = <not implemented yet for class: org.codehaus.groovy.ast.expr.EmptyExpression>: null

22-11-2024T04:40:46 - [TEST_STEP][PASSED] - b33 = <not implemented yet for class: org.codehaus.groovy.ast.expr.EmptyExpression>: null

22-11-2024T04:40:46 - [TEST_STEP][PASSED] - b34 = <not implemented yet for class: org.codehaus.groovy.ast.expr.EmptyExpression>: null

22-11-2024T04:40:46 - [TEST_STEP][PASSED] - b35 = <not implemented yet for class: org.codehaus.groovy.ast.expr.EmptyExpression>: null

22-11-2024T04:40:46 - [TEST_STEP][PASSED] - b36 = <not implemented yet for class: org.codehaus.groovy.ast.expr.EmptyExpression>: null

22-11-2024T04:40:46 - [TEST_STEP][PASSED] - b37 = <not implemented yet for class: org.codehaus.groovy.ast.expr.EmptyExpression>: null

22-11-2024T04:40:46 - [TEST_STEP][PASSED] - b38 = <not implemented yet for class: org.codehaus.groovy.ast.expr.EmptyExpression>: null

22-11-2024T04:40:46 - [TEST_STEP][PASSED] - b39 = <not implemented yet for class: org.codehaus.groovy.ast.expr.EmptyExpression>: null

22-11-2024T04:40:46 - [TEST_STEP][PASSED] - b310 = <not implemented yet for class: org.codehaus.groovy.ast.expr.EmptyExpression>: null

22-11-2024T04:40:46 - [TEST_STEP][PASSED] - b311 = <not implemented yet for class: org.codehaus.groovy.ast.expr.EmptyExpression>: null

22-11-2024T04:40:46 - [TEST_STEP][PASSED] - b312 = <not implemented yet for class: org.codehaus.groovy.ast.expr.EmptyExpression>: null

22-11-2024T04:40:46 - [TEST_STEP][PASSED] - b313 = <not implemented yet for class: org.codehaus.groovy.ast.expr.EmptyExpression>: null

22-11-2024T04:40:46 - [TEST_STEP][PASSED] - b314 = <not implemented yet for class: org.codehaus.groovy.ast.expr.EmptyExpression>: null

22-11-2024T04:40:46 - [TEST_STEP][PASSED] - b315 = <not implemented yet for class: org.codehaus.groovy.ast.expr.EmptyExpression>: null

22-11-2024T04:40:46 - [TEST_STEP][PASSED] - b316 = <not implemented yet for class: org.codehaus.groovy.ast.expr.EmptyExpression>: null

22-11-2024T04:40:46 - [TEST_STEP][PASSED] - b317 = <not implemented yet for class: org.codehaus.groovy.ast.expr.EmptyExpression>: null

22-11-2024T04:40:46 - [TEST_STEP][PASSED] - block = 1: null

22-11-2024T04:40:46 - [TEST_STEP][PASSED] - nameOfBlock = "": null

22-11-2024T04:40:46 - [TEST_STEP][PASSED] - Script1710234207206.PreSettings(run, vir, block, nameOfBlock, typeOfData, todaysDate): null

22-11-2024T04:40:46 - [TEST_STEP][PASSED] - openBrowser(""): Browser is opened with url: ''

22-11-2024T04:40:46 - [MESSAGE][INFO] - Starting 'Chrome' driver

22-11-2024T04:40:46 - [MESSAGE][INFO] - Action delay is set to 0 milliseconds

22-11-2024T04:40:46 - [MESSAGE][PASSED] - Browser is opened with url: ''

22-11-2024T04:40:46 - [TEST_STEP][PASSED] - refresh(): Refresh successfully

22-11-2024T04:40:46 - [MESSAGE][PASSED] - Refresh successfully

22-11-2024T04:40:46 - [TEST_STEP][PASSED] - delay(50): Delayed 50 second(s)

22-11-2024T04:41:36 - [MESSAGE][PASSED] - Delayed 50 second(s)

22-11-2024T04:41:36 - [TEST_STEP][PASSED] - println("run:" + run): null

22-11-2024T04:41:36 - [TEST_STEP][PASSED] - println("vir:" + vir): null

22-11-2024T04:41:36 - [TEST_STEP][PASSED] - println("block:" + block): null

22-11-2024T04:41:36 - [TEST_STEP][PASSED] - if (block == 1): null

22-11-2024T04:41:36 - [TEST_STEP][PASSED] - nameOfBlock = "": null

22-11-2024T04:41:36 - [TEST_STEP][PASSED] - println("nameOfBlock:" + nameOfBlock): null

22-11-2024T04:41:36 - [TEST_STEP][PASSED] - println("typeOfData:" + typeOfData): null

22-11-2024T04:41:36 - [TEST_STEP][PASSED] - println("todaysDate:" + todaysDate): null

22-11-2024T04:41:36 - [TEST_STEP][PASSED] - Script1710234207206.Autorization(block, nameOfBlock): null

22-11-2024T04:41:36 - [TEST_STEP][PASSED] - i = <not implemented yet for class: org.codehaus.groovy.ast.expr.EmptyExpression>: null

22-11-2024T04:41:36 - [TEST_STEP][PASSED] - ii = <not implemented yet for class: org.codehaus.groovy.ast.expr.EmptyExpression>: null

22-11-2024T04:41:36 - [TEST_STEP][PASSED] - urlData = <not implemented yet for class: org.codehaus.groovy.ast.expr.EmptyExpression>: null

22-11-2024T04:41:36 - [TEST_STEP][PASSED] - searchWord = <not implemented yet for class: org.codehaus.groovy.ast.expr.EmptyExpression>: null

22-11-2024T04:41:36 - [TEST_STEP][PASSED] - urlText = <not implemented yet for class: org.codehaus.groovy.ast.expr.EmptyExpression>: null

22-11-2024T04:41:36 - [TEST_STEP][PASSED] - println("block:" + block): null

22-11-2024T04:41:36 - [TEST_STEP][PASSED] - if (block == 1): null

22-11-2024T04:41:36 - [TEST_STEP][PASSED] - nameOfBlock = "": null

22-11-2024T04:41:36 - [TEST_STEP][PASSED] - println("nameOfBlock:" + nameOfBlock): null

22-11-2024T04:41:36 - [TEST_STEP][PASSED] - if (block == 1): Delayed 45 second(s)

22-11-2024T04:41:36 - [TEST_STEP][PASSED] - urlData = 2: null

22-11-2024T04:41:36 - [TEST_STEP][PASSED] - delay(45): Delayed 45 second(s)

22-11-2024T04:42:22 - [MESSAGE][PASSED] - Delayed 45 second(s)

22-11-2024T04:42:22 - [TEST_STEP][PASSED] - navigateToUrl(findTestData("PlanFact").getValue(10, urlData)): Navigate to 'https://bi.rosseti.digital/viewer?dashboardGuid=2301950b23be4ed89c1df75f2020051e&sheetGuid=b723206f698544fb87299f3095c00435&fit=true' successfully

22-11-2024T04:42:26 - [MESSAGE][PASSED] - Navigate to 'https://bi.rosseti.digital/viewer?dashboardGuid=2301950b23be4ed89c1df75f2020051e&sheetGuid=b723206f698544fb87299f3095c00435&fit=true' successfully

22-11-2024T04:42:26 - [TEST_STEP][PASSED] - urlText = getText(findTestObject("Страница авторизации/Text")): Text of object 'Object Repository/Страница авторизации/Text' is: 'Вход'

22-11-2024T04:42:29 - [MESSAGE][PASSED] - Text of object 'Object Repository/Страница авторизации/Text' is: 'Вход'

22-11-2024T04:42:29 - [TEST_STEP][PASSED] - searchWord = "Вход": null

22-11-2024T04:42:29 - [TEST_STEP][PASSED] - if (urlText == null || urlText.contains("ошибка") || urlText.contains(searchWord) == false): null

22-11-2024T04:42:29 - [TEST_STEP][PASSED] - if (verifyElementPresent(findTestObject("Страница авторизации/button_"), 30) == true): null

22-11-2024T04:42:29 - [MESSAGE][PASSED] - Object 'Object Repository/Страница авторизации/button_' is present

22-11-2024T04:42:29 - [TEST_STEP][PASSED] - setText(findTestObject("Страница авторизации/input__username"), findTestData("PlanFact").getValue(8, 1)): Text 'liazgina-di' is set on object 'Object Repository/Страница авторизации/input__username'

22-11-2024T04:42:30 - [MESSAGE][PASSED] - Text 'liazgina-di' is set on object 'Object Repository/Страница авторизации/input__username'

22-11-2024T04:42:30 - [TEST_STEP][PASSED] - setText(findTestObject("Страница авторизации/input__password"), findTestData("PlanFact").getValue(9, 1)): Text ')$%5srZ8o688Dm#q' is set on object 'Object Repository/Страница авторизации/input__password'

22-11-2024T04:42:31 - [MESSAGE][PASSED] - Text ')$%5srZ8o688Dm#q' is set on object 'Object Repository/Страница авторизации/input__password'

22-11-2024T04:42:31 - [TEST_STEP][PASSED] - click(findTestObject("Страница авторизации/button_")): Object: 'Object Repository/Страница авторизации/button_' is clicked on

22-11-2024T04:42:34 - [MESSAGE][PASSED] - Object: 'Object Repository/Страница авторизации/button_' is clicked on

22-11-2024T04:42:34 - [TEST_STEP][PASSED] - delay(45): Delayed 45 second(s)

22-11-2024T04:43:19 - [MESSAGE][PASSED] - Delayed 45 second(s)

22-11-2024T04:43:19 - [TEST_STEP][PASSED] - urlText = getText(findTestObject("Страница авторизации/Text")): Text of object 'Object Repository/Страница авторизации/Text' is: 'Период
1, 2, 3 кв. 2024 года
Выручка
Все
Выполнение плановых показателей по ПАО Россети за 1, 2, 3 кв. 2024 года
План
Факт
Динамика
2024 год
0 млн.руб.
100 000 млн.руб.
200 000 млн.руб.
300 000 млн.руб.
400 000 млн.руб.
500 000 млн.руб.
600 000 млн.руб.
700 000 млн.руб.
800 000 млн.руб.
900 000 млн.руб.
1 000 000 млн.руб.
1 100 000 млн.руб.
1 200 000 млн.руб.
1 300 000 млн.руб.
1 056 816
1 083 641
↑
ДЗО 
Все
Внутренний оборот - выручка за услуги по передаче электрической энергии, учтенная в выручке за электроэнергию для конечных потребителей, при выполнении ДЗО функций гарантирующего поставщика
Подписи данных
⬤Отклонение
АО «Тываэнерго»
АО «Чеченэнерго»
Россети Волга
Россети Кубань
Россети Ленэнерго (ГК)
Россети Московский регион
Россети Северный Кавказ (ГК)
Россети Северо-Запад
Россети Сибирь (ГК)
Россети Томск
Россети Тюмень
Россети Урал (ГК)
Россети ФСК ЕЭС
Россети Центр
Россети Центр и Приволжье (ГК)
Россети Юг (ГК)
Россети Янтарь
-4 000млн.руб.
-2 000млн.руб.
0 млн.руб.
2 000млн.руб.
4 000млн.руб.
6 000млн.руб.
8 00…
-6 000млн.руб.
239
68
25
3 470
3 855
6 900
821
839
2 116
213
-4 312
1 715
1 999
3 410
3 873
1 315
277
млн.
%
Выручка
Отклонение выручки по ПАО Россети за 1, 2, 3 кв. 2024 года (факт/план, млн. руб)
ПАО Россети
26 824.9 млн.руб.
 '

22-11-2024T04:43:19 - [MESSAGE][PASSED] - Text of object 'Object Repository/Страница авторизации/Text' is: 'Период
1, 2, 3 кв. 2024 года
Выручка
Все
Выполнение плановых показателей по ПАО Россети за 1, 2, 3 кв. 2024 года
План
Факт
Динамика
2024 год
0 млн.руб.
100 000 млн.руб.
200 000 млн.руб.
300 000 млн.руб.
400 000 млн.руб.
500 000 млн.руб.
600 000 млн.руб.
700 000 млн.руб.
800 000 млн.руб.
900 000 млн.руб.
1 000 000 млн.руб.
1 100 000 млн.руб.
1 200 000 млн.руб.
1 300 000 млн.руб.
1 056 816
1 083 641
↑
ДЗО 
Все
Внутренний оборот - выручка за услуги по передаче электрической энергии, учтенная в выручке за электроэнергию для конечных потребителей, при выполнении ДЗО функций гарантирующего поставщика
Подписи данных
⬤Отклонение
АО «Тываэнерго»
АО «Чеченэнерго»
Россети Волга
Россети Кубань
Россети Ленэнерго (ГК)
Россети Московский регион
Россети Северный Кавказ (ГК)
Россети Северо-Запад
Россети Сибирь (ГК)
Россети Томск
Россети Тюмень
Россети Урал (ГК)
Россети ФСК ЕЭС
Россети Центр
Россети Центр и Приволжье (ГК)
Россети Юг (ГК)
Россети Янтарь
-4 000млн.руб.
-2 000млн.руб.
0 млн.руб.
2 000млн.руб.
4 000млн.руб.
6 000млн.руб.
8 00…
-6 000млн.руб.
239
68
25
3 470
3 855
6 900
821
839
2 116
213
-4 312
1 715
1 999
3 410
3 873
1 315
277
млн.
%
Выручка
Отклонение выручки по ПАО Россети за 1, 2, 3 кв. 2024 года (факт/план, млн. руб)
ПАО Россети
26 824.9 млн.руб.
 '

22-11-2024T04:43:19 - [TEST_STEP][PASSED] - searchWord = "а": null

22-11-2024T04:43:19 - [TEST_STEP][PASSED] - if (urlText.contains("ошибка") || urlText.contains(searchWord) == false): null

22-11-2024T04:43:19 - [TEST_STEP][PASSED] - delay(45): Delayed 45 second(s)

22-11-2024T04:44:04 - [MESSAGE][PASSED] - Delayed 45 second(s)

22-11-2024T04:44:04 - [TEST_STEP][PASSED] - if (block == 2): null

22-11-2024T04:44:04 - [TEST_STEP][PASSED] - click(findTestObject("Выручка в рублях/Фильтр Период" + nameOfBlock)): Object: 'Object Repository/Выручка в рублях/Фильтр Период' is clicked on

22-11-2024T04:44:05 - [MESSAGE][PASSED] - Object: 'Object Repository/Выручка в рублях/Фильтр Период' is clicked on

22-11-2024T04:44:05 - [TEST_STEP][PASSED] - click(findTestObject("Выручка в рублях/Снять выделение в фильтре Дата" + nameOfBlock)): Object: 'Object Repository/Выручка в рублях/Снять выделение в фильтре Дата' is clicked on

22-11-2024T04:44:05 - [MESSAGE][PASSED] - Object: 'Object Repository/Выручка в рублях/Снять выделение в фильтре Дата' is clicked on

22-11-2024T04:44:05 - [TEST_STEP][PASSED] - click(findTestObject("Выручка в рублях/Применить в фильтре Дата" + nameOfBlock)): Object: 'Object Repository/Выручка в рублях/Применить в фильтре Дата' is clicked on

22-11-2024T04:44:06 - [MESSAGE][PASSED] - Object: 'Object Repository/Выручка в рублях/Применить в фильтре Дата' is clicked on

22-11-2024T04:44:06 - [TEST_STEP][PASSED] - delay(50): Delayed 50 second(s)

22-11-2024T04:44:56 - [MESSAGE][PASSED] - Delayed 50 second(s)

22-11-2024T04:44:56 - [TEST_STEP][PASSED] - click(findTestObject("Выручка в рублях/Фильтр Период" + nameOfBlock)): Object: 'Object Repository/Выручка в рублях/Фильтр Период' is clicked on

22-11-2024T04:44:56 - [MESSAGE][PASSED] - Object: 'Object Repository/Выручка в рублях/Фильтр Период' is clicked on

22-11-2024T04:44:56 - [TEST_STEP][PASSED] - click(findTestObject("Выручка в рублях/Снять выделение в фильтре Дата" + nameOfBlock)): Object: 'Object Repository/Выручка в рублях/Снять выделение в фильтре Дата' is clicked on

22-11-2024T04:44:57 - [MESSAGE][PASSED] - Object: 'Object Repository/Выручка в рублях/Снять выделение в фильтре Дата' is clicked on

22-11-2024T04:44:57 - [TEST_STEP][PASSED] - scrollToElement(findTestObject("Выручка в рублях/2024 список" + nameOfBlock), 30): Scroll to object 'Object Repository/Выручка в рублях/2024 список' successfully

22-11-2024T04:44:57 - [MESSAGE][PASSED] - Scroll to object 'Object Repository/Выручка в рублях/2024 список' successfully

22-11-2024T04:44:57 - [TEST_STEP][PASSED] - click(findTestObject("Выручка в рублях/2024 список" + nameOfBlock)): Object: 'Object Repository/Выручка в рублях/2024 список' is clicked on

22-11-2024T04:44:57 - [MESSAGE][PASSED] - Object: 'Object Repository/Выручка в рублях/2024 список' is clicked on

22-11-2024T04:44:57 - [TEST_STEP][PASSED] - scrollToElement(findTestObject("Выручка в рублях/1 квартал 2024 выбрать" + nameOfBlock), 30): Scroll to object 'Object Repository/Выручка в рублях/1 квартал 2024 выбрать' successfully

22-11-2024T04:44:58 - [MESSAGE][PASSED] - Scroll to object 'Object Repository/Выручка в рублях/1 квартал 2024 выбрать' successfully

22-11-2024T04:44:58 - [TEST_STEP][PASSED] - click(findTestObject("Выручка в рублях/1 квартал 2024 выбрать" + nameOfBlock)): Object: 'Object Repository/Выручка в рублях/1 квартал 2024 выбрать' is clicked on

22-11-2024T04:44:58 - [MESSAGE][PASSED] - Object: 'Object Repository/Выручка в рублях/1 квартал 2024 выбрать' is clicked on

22-11-2024T04:44:58 - [TEST_STEP][PASSED] - scrollToElement(findTestObject("Выручка в рублях/2 квартал 2024 выбрать" + nameOfBlock), 30): Scroll to object 'Object Repository/Выручка в рублях/2 квартал 2024 выбрать' successfully

22-11-2024T04:44:59 - [MESSAGE][PASSED] - Scroll to object 'Object Repository/Выручка в рублях/2 квартал 2024 выбрать' successfully

22-11-2024T04:44:59 - [TEST_STEP][PASSED] - click(findTestObject("Выручка в рублях/2 квартал 2024 выбрать" + nameOfBlock)): Object: 'Object Repository/Выручка в рублях/2 квартал 2024 выбрать' is clicked on

22-11-2024T04:44:59 - [MESSAGE][PASSED] - Object: 'Object Repository/Выручка в рублях/2 квартал 2024 выбрать' is clicked on

22-11-2024T04:44:59 - [TEST_STEP][PASSED] - scrollToElement(findTestObject("Выручка в рублях/3 квартал 2024 список" + nameOfBlock), 30): Scroll to object 'Object Repository/Выручка в рублях/3 квартал 2024 список' successfully

22-11-2024T04:44:59 - [MESSAGE][PASSED] - Scroll to object 'Object Repository/Выручка в рублях/3 квартал 2024 список' successfully

22-11-2024T04:44:59 - [TEST_STEP][PASSED] - click(findTestObject("Выручка в рублях/3 квартал 2024" + nameOfBlock)): Object: 'Object Repository/Выручка в рублях/3 квартал 2024' is clicked on

22-11-2024T04:45:00 - [MESSAGE][PASSED] - Object: 'Object Repository/Выручка в рублях/3 квартал 2024' is clicked on

22-11-2024T04:45:00 - [TEST_STEP][PASSED] - scrollToElement(findTestObject("Выручка в рублях/Заголовок дашборда" + nameOfBlock), 30): Scroll to object 'Object Repository/Выручка в рублях/Заголовок дашборда' successfully

22-11-2024T04:45:00 - [MESSAGE][PASSED] - Scroll to object 'Object Repository/Выручка в рублях/Заголовок дашборда' successfully

22-11-2024T04:45:00 - [TEST_STEP][PASSED] - click(findTestObject("Выручка в рублях/Применить в фильтре Дата" + nameOfBlock)): Object: 'Object Repository/Выручка в рублях/Применить в фильтре Дата' is clicked on

22-11-2024T04:45:01 - [MESSAGE][PASSED] - Object: 'Object Repository/Выручка в рублях/Применить в фильтре Дата' is clicked on

22-11-2024T04:45:01 - [TEST_STEP][PASSED] - delay(55): Delayed 55 second(s)

22-11-2024T04:45:56 - [MESSAGE][PASSED] - Delayed 55 second(s)

22-11-2024T04:45:56 - [TEST_STEP][PASSED] - click(findTestObject("Выручка в рублях/Фильтр ДЗО" + nameOfBlock)): Object: 'Object Repository/Выручка в рублях/Фильтр ДЗО' is clicked on

22-11-2024T04:45:56 - [MESSAGE][PASSED] - Object: 'Object Repository/Выручка в рублях/Фильтр ДЗО' is clicked on

22-11-2024T04:45:56 - [TEST_STEP][PASSED] - click(findTestObject("Выручка в рублях/Снять выделение в фильтре ДЗО" + nameOfBlock)): Object: 'Object Repository/Выручка в рублях/Снять выделение в фильтре ДЗО' is clicked on

22-11-2024T04:45:57 - [MESSAGE][PASSED] - Object: 'Object Repository/Выручка в рублях/Снять выделение в фильтре ДЗО' is clicked on

22-11-2024T04:45:57 - [TEST_STEP][PASSED] - click(findTestObject("Выручка в рублях/Применить в фильтре ДЗО" + nameOfBlock)): Object: 'Object Repository/Выручка в рублях/Применить в фильтре ДЗО' is clicked on

22-11-2024T04:45:57 - [MESSAGE][PASSED] - Object: 'Object Repository/Выручка в рублях/Применить в фильтре ДЗО' is clicked on

22-11-2024T04:45:57 - [TEST_STEP][PASSED] - delay(50): Delayed 50 second(s)

22-11-2024T04:46:47 - [MESSAGE][PASSED] - Delayed 50 second(s)

22-11-2024T04:46:47 - [TEST_STEP][PASSED] - Script1710234207206.Tumbler(run, vir, block, nameOfBlock): null

22-11-2024T04:46:47 - [TEST_STEP][PASSED] - println("run:" + run): null

22-11-2024T04:46:47 - [TEST_STEP][PASSED] - println("vir:" + vir): null

22-11-2024T04:46:47 - [TEST_STEP][PASSED] - println("block:" + block): null

22-11-2024T04:46:47 - [TEST_STEP][PASSED] - println("nameOfBlock:" + nameOfBlock): null

22-11-2024T04:46:47 - [TEST_STEP][PASSED] - if (vir == 1): null

22-11-2024T04:46:47 - [TEST_STEP][PASSED] - else if (vir == 2): Object: 'Object Repository/Выручка в рублях/Применить в фильтре Выручка' is clicked on

22-11-2024T04:46:47 - [TEST_STEP][PASSED] - if (run == 2): Object: 'Object Repository/Выручка в рублях/Переключить отображение с млн на проценты Выручка в рублях' is clicked on

22-11-2024T04:46:47 - [TEST_STEP][PASSED] - click(findTestObject("Выручка в рублях/Переключить отображение с млн на проценты Выручка в рублях" + nameOfBlock)): Object: 'Object Repository/Выручка в рублях/Переключить отображение с млн на проценты Выручка в рублях' is clicked on

22-11-2024T04:46:48 - [MESSAGE][PASSED] - Object: 'Object Repository/Выручка в рублях/Переключить отображение с млн на проценты Выручка в рублях' is clicked on

22-11-2024T04:46:48 - [TEST_STEP][PASSED] - click(findTestObject("Выручка в рублях/Фильтр Выручка" + nameOfBlock)): Object: 'Object Repository/Выручка в рублях/Фильтр Выручка' is clicked on

22-11-2024T04:46:48 - [MESSAGE][PASSED] - Object: 'Object Repository/Выручка в рублях/Фильтр Выручка' is clicked on

22-11-2024T04:46:48 - [TEST_STEP][PASSED] - click(findTestObject("Выручка в рублях/Итого в фильтре Выручка" + nameOfBlock)): Object: 'Object Repository/Выручка в рублях/Итого в фильтре Выручка' is clicked on

22-11-2024T04:46:48 - [MESSAGE][PASSED] - Object: 'Object Repository/Выручка в рублях/Итого в фильтре Выручка' is clicked on

22-11-2024T04:46:48 - [TEST_STEP][PASSED] - click(findTestObject("Выручка в рублях/Применить в фильтре Выручка" + nameOfBlock)): Object: 'Object Repository/Выручка в рублях/Применить в фильтре Выручка' is clicked on

22-11-2024T04:46:49 - [MESSAGE][PASSED] - Object: 'Object Repository/Выручка в рублях/Применить в фильтре Выручка' is clicked on

22-11-2024T04:46:49 - [TEST_STEP][PASSED] - click(findTestObject("Выручка в рублях/Фильтр ДЗО" + nameOfBlock)): Object: 'Object Repository/Выручка в рублях/Фильтр ДЗО' is clicked on

22-11-2024T04:46:54 - [MESSAGE][PASSED] - Object: 'Object Repository/Выручка в рублях/Фильтр ДЗО' is clicked on

22-11-2024T04:46:54 - [TEST_STEP][PASSED] - Script1710234207206.Rosseti(nameOfBlock): null

22-11-2024T04:46:54 - [TEST_STEP][PASSED] - println("nameOfBlock:" + nameOfBlock): null

22-11-2024T04:46:54 - [TEST_STEP][PASSED] - click(findTestObject("Выручка в рублях/ПАО Россети" + nameOfBlock)): Object: 'Object Repository/Выручка в рублях/ПАО Россети' is clicked on

22-11-2024T04:46:55 - [MESSAGE][PASSED] - Object: 'Object Repository/Выручка в рублях/ПАО Россети' is clicked on

22-11-2024T04:46:55 - [TEST_STEP][PASSED] - click(findTestObject("Выручка в рублях/Применить в фильтре ДЗО" + nameOfBlock)): Object: 'Object Repository/Выручка в рублях/Применить в фильтре ДЗО' is clicked on

22-11-2024T04:46:55 - [MESSAGE][PASSED] - Object: 'Object Repository/Выручка в рублях/Применить в фильтре ДЗО' is clicked on

22-11-2024T04:46:55 - [TEST_STEP][PASSED] - if (run == 2): null

22-11-2024T04:46:55 - [TEST_STEP][PASSED] - perc = " Perc": null

22-11-2024T04:46:55 - [TEST_STEP][PASSED] - if (vir == 1 || vir == 2): Text of object 'Object Repository/Выручка в рублях/График План' is: '1 038 923'

22-11-2024T04:46:55 - [TEST_STEP][PASSED] - a1 = getText(findTestObject("Выручка в рублях/График План")): Text of object 'Object Repository/Выручка в рублях/График План' is: '1 038 923'

22-11-2024T04:46:57 - [MESSAGE][PASSED] - Text of object 'Object Repository/Выручка в рублях/График План' is: '1 038 923'

22-11-2024T04:46:57 - [TEST_STEP][PASSED] - if (vir == 1 || vir == 2): Text of object 'Object Repository/Выручка в рублях/График Факт' is: '1 065 140'

22-11-2024T04:46:57 - [TEST_STEP][PASSED] - a2 = getText(findTestObject("Выручка в рублях/График Факт")): Text of object 'Object Repository/Выручка в рублях/График Факт' is: '1 065 140'

22-11-2024T04:46:57 - [MESSAGE][PASSED] - Text of object 'Object Repository/Выручка в рублях/График Факт' is: '1 065 140'

22-11-2024T04:46:57 - [TEST_STEP][PASSED] - a30 = getText(findTestObject("Выручка в рублях/span1" + perc)): Text of object 'Object Repository/Выручка в рублях/span1 Perc' is: '-23.25 %'

22-11-2024T04:46:58 - [MESSAGE][PASSED] - Text of object 'Object Repository/Выручка в рублях/span1 Perc' is: '-23.25 %'

22-11-2024T04:46:58 - [TEST_STEP][PASSED] - i = a30.indexOf("млн.руб."): null

22-11-2024T04:46:58 - [TEST_STEP][PASSED] - if (i > -1): null

22-11-2024T04:46:58 - [TEST_STEP][PASSED] - if (a30.contains("%")): null

22-11-2024T04:46:58 - [TEST_STEP][PASSED] - a30 = a30.replaceAll("%", ""): null

22-11-2024T04:46:58 - [TEST_STEP][PASSED] - a30 = ").trim(): null

22-11-2024T04:46:58 - [TEST_STEP][PASSED] - println("a30: " + a30): null

22-11-2024T04:46:58 - [TEST_STEP][PASSED] - if (vir == 1 || vir == 2): Text of object 'Object Repository/Выручка в рублях/span2 Perc' is: '260.61 %'

22-11-2024T04:46:58 - [TEST_STEP][PASSED] - a31 = ").trim(): Text of object 'Object Repository/Выручка в рублях/span2 Perc' is: '260.61 %'

22-11-2024T04:46:58 - [MESSAGE][PASSED] - Text of object 'Object Repository/Выручка в рублях/span2 Perc' is: '260.61 %'

22-11-2024T04:46:58 - [TEST_STEP][PASSED] - if (vir == 1 || vir == 2): Text of object 'Object Repository/Выручка в рублях/span3 Perc' is: '-72.97 %'

22-11-2024T04:46:58 - [TEST_STEP][PASSED] - a32 = ").trim(): Text of object 'Object Repository/Выручка в рублях/span3 Perc' is: '-72.97 %'

22-11-2024T04:46:58 - [MESSAGE][PASSED] - Text of object 'Object Repository/Выручка в рублях/span3 Perc' is: '-72.97 %'

22-11-2024T04:46:58 - [TEST_STEP][PASSED] - if (vir == 1 || vir == 2): Text of object 'Object Repository/Выручка в рублях/span8 Perc' is: '-48.83 %'

22-11-2024T04:46:58 - [TEST_STEP][PASSED] - a33 = ").trim(): Text of object 'Object Repository/Выручка в рублях/span4 Perc' is: '-49.98 %'

22-11-2024T04:46:59 - [MESSAGE][PASSED] - Text of object 'Object Repository/Выручка в рублях/span4 Perc' is: '-49.98 %'

22-11-2024T04:46:59 - [TEST_STEP][PASSED] - a34 = ").trim(): Text of object 'Object Repository/Выручка в рублях/span5 Perc' is: '-46.94 %'

22-11-2024T04:46:59 - [MESSAGE][PASSED] - Text of object 'Object Repository/Выручка в рублях/span5 Perc' is: '-46.94 %'

22-11-2024T04:46:59 - [TEST_STEP][PASSED] - a35 = ").trim(): Text of object 'Object Repository/Выручка в рублях/span6 Perc' is: '-47.39 %'

22-11-2024T04:46:59 - [MESSAGE][PASSED] - Text of object 'Object Repository/Выручка в рублях/span6 Perc' is: '-47.39 %'

22-11-2024T04:46:59 - [TEST_STEP][PASSED] - a36 = ").trim(): Text of object 'Object Repository/Выручка в рублях/span7 Perc' is: '4.51 %'

22-11-2024T04:46:59 - [MESSAGE][PASSED] - Text of object 'Object Repository/Выручка в рублях/span7 Perc' is: '4.51 %'

22-11-2024T04:46:59 - [TEST_STEP][PASSED] - a37 = ").trim(): Text of object 'Object Repository/Выручка в рублях/span8 Perc' is: '-48.83 %'

22-11-2024T04:47:00 - [MESSAGE][PASSED] - Text of object 'Object Repository/Выручка в рублях/span8 Perc' is: '-48.83 %'

22-11-2024T04:47:00 - [TEST_STEP][PASSED] - if (vir == 1 || vir == 2): Text of object 'Object Repository/Выручка в рублях/span17 Perc' is: '-48.32 %'

22-11-2024T04:47:00 - [TEST_STEP][PASSED] - a38 = ").trim(): Text of object 'Object Repository/Выручка в рублях/span9 Perc' is: '2.16 %'

22-11-2024T04:47:00 - [MESSAGE][PASSED] - Text of object 'Object Repository/Выручка в рублях/span9 Perc' is: '2.16 %'

22-11-2024T04:47:00 - [TEST_STEP][PASSED] - a39 = ").trim(): Text of object 'Object Repository/Выручка в рублях/span10 Perc' is: '4.15 %'

22-11-2024T04:47:00 - [MESSAGE][PASSED] - Text of object 'Object Repository/Выручка в рублях/span10 Perc' is: '4.15 %'

22-11-2024T04:47:00 - [TEST_STEP][PASSED] - a310 = ").trim(): Text of object 'Object Repository/Выручка в рублях/span11 Perc' is: '-48.47 %'

22-11-2024T04:47:01 - [MESSAGE][PASSED] - Text of object 'Object Repository/Выручка в рублях/span11 Perc' is: '-48.47 %'

22-11-2024T04:47:01 - [TEST_STEP][PASSED] - a311 = ").trim(): Text of object 'Object Repository/Выручка в рублях/span12 Perc' is: '-53.49 %'

22-11-2024T04:47:01 - [MESSAGE][PASSED] - Text of object 'Object Repository/Выручка в рублях/span12 Perc' is: '-53.49 %'

22-11-2024T04:47:01 - [TEST_STEP][PASSED] - a312 = ").trim(): Text of object 'Object Repository/Выручка в рублях/span13 Perc' is: '2.23 %'

22-11-2024T04:47:01 - [MESSAGE][PASSED] - Text of object 'Object Repository/Выручка в рублях/span13 Perc' is: '2.23 %'

22-11-2024T04:47:01 - [TEST_STEP][PASSED] - a313 = ").trim(): Text of object 'Object Repository/Выручка в рублях/span14 Perc' is: '0.87 %'

22-11-2024T04:47:02 - [MESSAGE][PASSED] - Text of object 'Object Repository/Выручка в рублях/span14 Perc' is: '0.87 %'

22-11-2024T04:47:02 - [TEST_STEP][PASSED] - a314 = ").trim(): Text of object 'Object Repository/Выручка в рублях/span15 Perc' is: '-30.67 %'

22-11-2024T04:47:02 - [MESSAGE][PASSED] - Text of object 'Object Repository/Выручка в рублях/span15 Perc' is: '-30.67 %'

22-11-2024T04:47:02 - [TEST_STEP][PASSED] - a315 = ").trim(): Text of object 'Object Repository/Выручка в рублях/span16 Perc' is: '4.25 %'

22-11-2024T04:47:02 - [MESSAGE][PASSED] - Text of object 'Object Repository/Выручка в рублях/span16 Perc' is: '4.25 %'

22-11-2024T04:47:02 - [TEST_STEP][PASSED] - a316 = ").trim(): Text of object 'Object Repository/Выручка в рублях/span17 Perc' is: '-48.32 %'

22-11-2024T04:47:02 - [MESSAGE][PASSED] - Text of object 'Object Repository/Выручка в рублях/span17 Perc' is: '-48.32 %'

22-11-2024T04:47:02 - [TEST_STEP][PASSED] - if (vir == 1 || vir == 2): Text of object 'Object Repository/Выручка в рублях/span18 Perc' is: '3.93 %'

22-11-2024T04:47:02 - [TEST_STEP][PASSED] - a317 = ").trim(): Text of object 'Object Repository/Выручка в рублях/span18 Perc' is: '3.93 %'

22-11-2024T04:47:03 - [MESSAGE][PASSED] - Text of object 'Object Repository/Выручка в рублях/span18 Perc' is: '3.93 %'

22-11-2024T04:47:03 - [TEST_STEP][PASSED] - block = 2: null

22-11-2024T04:47:03 - [TEST_STEP][PASSED] - nameOfBlock = " Выручка": null

22-11-2024T04:47:03 - [TEST_STEP][PASSED] - Script1710234207206.PreSettings(run, vir, block, nameOfBlock, typeOfData, todaysDate): null

22-11-2024T04:47:03 - [TEST_STEP][PASSED] - openBrowser(""): Browser is opened with url: ''

22-11-2024T04:47:03 - [MESSAGE][WARNING] - A browser is already opened. Closing browser and opening a new one

22-11-2024T04:47:03 - [MESSAGE][INFO] - Starting 'Chrome' driver

22-11-2024T04:47:03 - [MESSAGE][INFO] - Action delay is set to 0 milliseconds

22-11-2024T04:47:04 - [MESSAGE][PASSED] - Browser is opened with url: ''

22-11-2024T04:47:04 - [TEST_STEP][PASSED] - refresh(): Refresh successfully

22-11-2024T04:47:04 - [MESSAGE][PASSED] - Refresh successfully

22-11-2024T04:47:04 - [TEST_STEP][PASSED] - delay(50): Delayed 50 second(s)

22-11-2024T04:47:54 - [MESSAGE][PASSED] - Delayed 50 second(s)

22-11-2024T04:47:54 - [TEST_STEP][PASSED] - println("run:" + run): null

22-11-2024T04:47:54 - [TEST_STEP][PASSED] - println("vir:" + vir): null

22-11-2024T04:47:54 - [TEST_STEP][PASSED] - println("block:" + block): null

22-11-2024T04:47:54 - [TEST_STEP][PASSED] - if (block == 1): null

22-11-2024T04:47:54 - [TEST_STEP][PASSED] - else: null

22-11-2024T04:47:54 - [TEST_STEP][PASSED] - nameOfBlock = " Выручка": null

22-11-2024T04:47:54 - [TEST_STEP][PASSED] - println("nameOfBlock:" + nameOfBlock): null

22-11-2024T04:47:54 - [TEST_STEP][PASSED] - println("typeOfData:" + typeOfData): null

22-11-2024T04:47:54 - [TEST_STEP][PASSED] - println("todaysDate:" + todaysDate): null

22-11-2024T04:47:54 - [TEST_STEP][PASSED] - Script1710234207206.Autorization(block, nameOfBlock): null

22-11-2024T04:47:54 - [TEST_STEP][PASSED] - i = <not implemented yet for class: org.codehaus.groovy.ast.expr.EmptyExpression>: null

22-11-2024T04:47:54 - [TEST_STEP][PASSED] - ii = <not implemented yet for class: org.codehaus.groovy.ast.expr.EmptyExpression>: null

22-11-2024T04:47:54 - [TEST_STEP][PASSED] - urlData = <not implemented yet for class: org.codehaus.groovy.ast.expr.EmptyExpression>: null

22-11-2024T04:47:54 - [TEST_STEP][PASSED] - searchWord = <not implemented yet for class: org.codehaus.groovy.ast.expr.EmptyExpression>: null

22-11-2024T04:47:54 - [TEST_STEP][PASSED] - urlText = <not implemented yet for class: org.codehaus.groovy.ast.expr.EmptyExpression>: null

22-11-2024T04:47:54 - [TEST_STEP][PASSED] - println("block:" + block): null

22-11-2024T04:47:54 - [TEST_STEP][PASSED] - if (block == 1): null

22-11-2024T04:47:54 - [TEST_STEP][PASSED] - else: null

22-11-2024T04:47:54 - [TEST_STEP][PASSED] - delay(45): Delayed 45 second(s)

22-11-2024T04:48:39 - [MESSAGE][PASSED] - Delayed 45 second(s)

22-11-2024T04:48:39 - [TEST_STEP][PASSED] - nameOfBlock = " Выручка": null

22-11-2024T04:48:39 - [TEST_STEP][PASSED] - println("nameOfBlock:" + nameOfBlock): null

22-11-2024T04:48:39 - [TEST_STEP][PASSED] - if (block == 1): null

22-11-2024T04:48:39 - [TEST_STEP][PASSED] - else: Delayed 45 second(s)

22-11-2024T04:48:39 - [TEST_STEP][PASSED] - urlData = 9: null

22-11-2024T04:48:39 - [TEST_STEP][PASSED] - delay(45): Delayed 45 second(s)

22-11-2024T04:49:24 - [MESSAGE][PASSED] - Delayed 45 second(s)

22-11-2024T04:49:24 - [TEST_STEP][PASSED] - navigateToUrl(findTestData("PlanFact").getValue(10, urlData)): Navigate to 'https://bi.rosseti.digital/viewer?dashboardGuid=a1fd28b3785d443cbc4d7690a1d78e31&sheetGuid=86092a20c5984827a0c87b24cac76a50&fit=true' successfully

22-11-2024T04:49:32 - [MESSAGE][PASSED] - Navigate to 'https://bi.rosseti.digital/viewer?dashboardGuid=a1fd28b3785d443cbc4d7690a1d78e31&sheetGuid=86092a20c5984827a0c87b24cac76a50&fit=true' successfully

22-11-2024T04:49:32 - [TEST_STEP][PASSED] - urlText = getText(findTestObject("Страница авторизации/Text")): Text of object 'Object Repository/Страница авторизации/Text' is: 'Вход'

22-11-2024T04:49:33 - [MESSAGE][PASSED] - Text of object 'Object Repository/Страница авторизации/Text' is: 'Вход'

22-11-2024T04:49:33 - [TEST_STEP][PASSED] - searchWord = "Вход": null

22-11-2024T04:49:33 - [TEST_STEP][PASSED] - if (urlText == null || urlText.contains("ошибка") || urlText.contains(searchWord) == false): null

22-11-2024T04:49:33 - [TEST_STEP][PASSED] - if (verifyElementPresent(findTestObject("Страница авторизации/button_"), 30) == true): null

22-11-2024T04:49:33 - [MESSAGE][PASSED] - Object 'Object Repository/Страница авторизации/button_' is present

22-11-2024T04:49:33 - [TEST_STEP][PASSED] - setText(findTestObject("Страница авторизации/input__username"), findTestData("PlanFact").getValue(8, 1)): Text 'liazgina-di' is set on object 'Object Repository/Страница авторизации/input__username'

22-11-2024T04:49:33 - [MESSAGE][PASSED] - Text 'liazgina-di' is set on object 'Object Repository/Страница авторизации/input__username'

22-11-2024T04:49:33 - [TEST_STEP][PASSED] - setText(findTestObject("Страница авторизации/input__password"), findTestData("PlanFact").getValue(9, 1)): Text ')$%5srZ8o688Dm#q' is set on object 'Object Repository/Страница авторизации/input__password'

22-11-2024T04:49:34 - [MESSAGE][PASSED] - Text ')$%5srZ8o688Dm#q' is set on object 'Object Repository/Страница авторизации/input__password'

22-11-2024T04:49:34 - [TEST_STEP][PASSED] - click(findTestObject("Страница авторизации/button_")): Object: 'Object Repository/Страница авторизации/button_' is clicked on

22-11-2024T04:49:37 - [MESSAGE][PASSED] - Object: 'Object Repository/Страница авторизации/button_' is clicked on

22-11-2024T04:49:37 - [TEST_STEP][PASSED] - delay(45): Delayed 45 second(s)

22-11-2024T04:50:22 - [MESSAGE][PASSED] - Delayed 45 second(s)

22-11-2024T04:50:22 - [TEST_STEP][PASSED] - urlText = getText(findTestObject("Страница авторизации/Text")): Text of object 'Object Repository/Страница авторизации/Text' is: 'Период
Январь, Февраль, Март, Апрель, Май, Июнь, Июль, Август, Сентябрь 2024 года
Выручка
Все
Выполнение плановых показателей по ПАО Россети за Январь, Февраль, Март, Апрель, Май, Июнь, Июль, Август, Сентябрь 2024 года
План
Факт
Динамика
2024 год
0 млн.руб.
100 000 млн.руб.
200 000 млн.руб.
300 000 млн.руб.
400 000 млн.руб.
500 000 млн.руб.
600 000 млн.руб.
700 000 млн.руб.
800 000 млн.руб.
900 000 млн.руб.
1 000 000 млн.руб.
1 100 000 млн.руб.
1 200 000 млн.руб.
1 300 000 млн.руб.
1 056 816
1 083 641
↑
ДЗО 
Все
Подписи данных
⬤Отклонение
АО «Тываэнерго»
АО «Чеченэнерго»
Россети Волга
Россети Кубань
Россети Ленэнерго (ГК)
Россети Московский регион
Россети Северный Кавказ (ГК)
Россети Северо-Запад
Россети Сибирь (ГК)
Россети Томск
Россети Тюмень
Россети Урал (ГК)
Россети ФСК ЕЭС
Россети Центр
Россети Центр и Приволжье (ГК)
Россети Юг (ГК)
Россети Янтарь
-5 000 млн.руб.
-4 000 млн.руб.
-3 000 млн.руб.
-2 000 млн.руб.
-1 000 млн.руб.
0 млн.руб.
1 000 млн.руб.
2 000 млн.руб.
3 000 млн.руб.
4 000 млн.руб.
5 000 млн.руб.
6 000 млн.руб.
7 000 млн.руб.
8 000 млн.руб.
239
68
25
3 470
3 855
6 900
821
839
2 116
213
-4 312
1 715
1 999
3 410
3 873
1 315
277
млн.
%
Выручка
Отклонение выручки по ПАО Россети за Январь, Февраль, Март, Апрель, Май, Июнь, Июль, Август, Сентябрь 2024 года (факт/план, млн. руб)
ПАО Россети
26 824.9 млн.руб.
Статус данных
×
Просьба обратить внимание
Данные занесены не полностью
ВЫБРАННЫЕ ЗНАЧЕНИЯ ФИЛЬТРОВ
ДЗО | ПЕРИОД
ПАО Россети: [«Выбраны все филиалы по всем ДЗО по всем категориям»]
2024: [Янв, Фев, Мар, Апр, Май, Июн, Июл, Авг, Сен]
*Внутренний оборот'

22-11-2024T04:50:23 - [MESSAGE][PASSED] - Text of object 'Object Repository/Страница авторизации/Text' is: 'Период
Январь, Февраль, Март, Апрель, Май, Июнь, Июль, Август, Сентябрь 2024 года
Выручка
Все
Выполнение плановых показателей по ПАО Россети за Январь, Февраль, Март, Апрель, Май, Июнь, Июль, Август, Сентябрь 2024 года
План
Факт
Динамика
2024 год
0 млн.руб.
100 000 млн.руб.
200 000 млн.руб.
300 000 млн.руб.
400 000 млн.руб.
500 000 млн.руб.
600 000 млн.руб.
700 000 млн.руб.
800 000 млн.руб.
900 000 млн.руб.
1 000 000 млн.руб.
1 100 000 млн.руб.
1 200 000 млн.руб.
1 300 000 млн.руб.
1 056 816
1 083 641
↑
ДЗО 
Все
Подписи данных
⬤Отклонение
АО «Тываэнерго»
АО «Чеченэнерго»
Россети Волга
Россети Кубань
Россети Ленэнерго (ГК)
Россети Московский регион
Россети Северный Кавказ (ГК)
Россети Северо-Запад
Россети Сибирь (ГК)
Россети Томск
Россети Тюмень
Россети Урал (ГК)
Россети ФСК ЕЭС
Россети Центр
Россети Центр и Приволжье (ГК)
Россети Юг (ГК)
Россети Янтарь
-5 000 млн.руб.
-4 000 млн.руб.
-3 000 млн.руб.
-2 000 млн.руб.
-1 000 млн.руб.
0 млн.руб.
1 000 млн.руб.
2 000 млн.руб.
3 000 млн.руб.
4 000 млн.руб.
5 000 млн.руб.
6 000 млн.руб.
7 000 млн.руб.
8 000 млн.руб.
239
68
25
3 470
3 855
6 900
821
839
2 116
213
-4 312
1 715
1 999
3 410
3 873
1 315
277
млн.
%
Выручка
Отклонение выручки по ПАО Россети за Январь, Февраль, Март, Апрель, Май, Июнь, Июль, Август, Сентябрь 2024 года (факт/план, млн. руб)
ПАО Россети
26 824.9 млн.руб.
Статус данных
×
Просьба обратить внимание
Данные занесены не полностью
ВЫБРАННЫЕ ЗНАЧЕНИЯ ФИЛЬТРОВ
ДЗО | ПЕРИОД
ПАО Россети: [«Выбраны все филиалы по всем ДЗО по всем категориям»]
2024: [Янв, Фев, Мар, Апр, Май, Июн, Июл, Авг, Сен]
*Внутренний оборот'

22-11-2024T04:50:23 - [TEST_STEP][PASSED] - searchWord = "а": null

22-11-2024T04:50:23 - [TEST_STEP][PASSED] - if (urlText.contains("ошибка") || urlText.contains(searchWord) == false): null

22-11-2024T04:50:23 - [TEST_STEP][PASSED] - delay(45): Delayed 45 second(s)

22-11-2024T04:51:08 - [MESSAGE][PASSED] - Delayed 45 second(s)

22-11-2024T04:51:08 - [TEST_STEP][PASSED] - if (block == 2): Delayed 50 second(s)

22-11-2024T04:51:08 - [TEST_STEP][PASSED] - opoveshenie = getText(findTestObject("Выручка в рублях/Просьба обратить внимание")): Text of object 'Object Repository/Выручка в рублях/Просьба обратить внимание' is: 'Просьба обратить внимание'

22-11-2024T04:51:08 - [MESSAGE][PASSED] - Text of object 'Object Repository/Выручка в рублях/Просьба обратить внимание' is: 'Просьба обратить внимание'

22-11-2024T04:51:08 - [TEST_STEP][PASSED] - if (opoveshenie == "Просьба обратить внимание"): Delayed 50 second(s)

22-11-2024T04:51:08 - [TEST_STEP][PASSED] - click(findTestObject("Выручка в рублях/Закрыть оповещение")): Object: 'Object Repository/Выручка в рублях/Закрыть оповещение' is clicked on

22-11-2024T04:51:08 - [MESSAGE][PASSED] - Object: 'Object Repository/Выручка в рублях/Закрыть оповещение' is clicked on

22-11-2024T04:51:08 - [TEST_STEP][PASSED] - delay(50): Delayed 50 second(s)

22-11-2024T04:51:58 - [MESSAGE][PASSED] - Delayed 50 second(s)

22-11-2024T04:51:58 - [TEST_STEP][PASSED] - click(findTestObject("Выручка в рублях/Фильтр Период" + nameOfBlock)): Object: 'Object Repository/Выручка в рублях/Фильтр Период Выручка' is clicked on

22-11-2024T04:51:59 - [MESSAGE][PASSED] - Object: 'Object Repository/Выручка в рублях/Фильтр Период Выручка' is clicked on

22-11-2024T04:51:59 - [TEST_STEP][PASSED] - click(findTestObject("Выручка в рублях/Снять выделение в фильтре Дата" + nameOfBlock)): Object: 'Object Repository/Выручка в рублях/Снять выделение в фильтре Дата Выручка' is clicked on

22-11-2024T04:51:59 - [MESSAGE][PASSED] - Object: 'Object Repository/Выручка в рублях/Снять выделение в фильтре Дата Выручка' is clicked on

22-11-2024T04:51:59 - [TEST_STEP][PASSED] - click(findTestObject("Выручка в рублях/Применить в фильтре Дата" + nameOfBlock)): Object: 'Object Repository/Выручка в рублях/Применить в фильтре Дата Выручка' is clicked on

22-11-2024T04:52:00 - [MESSAGE][PASSED] - Object: 'Object Repository/Выручка в рублях/Применить в фильтре Дата Выручка' is clicked on

22-11-2024T04:52:00 - [TEST_STEP][PASSED] - delay(50): Delayed 50 second(s)

22-11-2024T04:52:50 - [MESSAGE][PASSED] - Delayed 50 second(s)

22-11-2024T04:52:50 - [TEST_STEP][PASSED] - click(findTestObject("Выручка в рублях/Фильтр Период" + nameOfBlock)): Object: 'Object Repository/Выручка в рублях/Фильтр Период Выручка' is clicked on

22-11-2024T04:52:50 - [MESSAGE][PASSED] - Object: 'Object Repository/Выручка в рублях/Фильтр Период Выручка' is clicked on

22-11-2024T04:52:50 - [TEST_STEP][PASSED] - click(findTestObject("Выручка в рублях/Снять выделение в фильтре Дата" + nameOfBlock)): Object: 'Object Repository/Выручка в рублях/Снять выделение в фильтре Дата Выручка' is clicked on

22-11-2024T04:52:51 - [MESSAGE][PASSED] - Object: 'Object Repository/Выручка в рублях/Снять выделение в фильтре Дата Выручка' is clicked on

22-11-2024T04:52:51 - [TEST_STEP][PASSED] - scrollToElement(findTestObject("Выручка в рублях/2024 список" + nameOfBlock), 30): Scroll to object 'Object Repository/Выручка в рублях/2024 список Выручка' successfully

22-11-2024T04:52:51 - [MESSAGE][PASSED] - Scroll to object 'Object Repository/Выручка в рублях/2024 список Выручка' successfully

22-11-2024T04:52:51 - [TEST_STEP][PASSED] - click(findTestObject("Выручка в рублях/2024 список" + nameOfBlock)): Object: 'Object Repository/Выручка в рублях/2024 список Выручка' is clicked on

22-11-2024T04:52:51 - [MESSAGE][PASSED] - Object: 'Object Repository/Выручка в рублях/2024 список Выручка' is clicked on

22-11-2024T04:52:51 - [TEST_STEP][PASSED] - scrollToElement(findTestObject("Выручка в рублях/1 квартал 2024 выбрать" + nameOfBlock), 30): Scroll to object 'Object Repository/Выручка в рублях/1 квартал 2024 выбрать Выручка' successfully

22-11-2024T04:52:52 - [MESSAGE][PASSED] - Scroll to object 'Object Repository/Выручка в рублях/1 квартал 2024 выбрать Выручка' successfully

22-11-2024T04:52:52 - [TEST_STEP][PASSED] - click(findTestObject("Выручка в рублях/1 квартал 2024 выбрать" + nameOfBlock)): Object: 'Object Repository/Выручка в рублях/1 квартал 2024 выбрать Выручка' is clicked on

22-11-2024T04:52:52 - [MESSAGE][PASSED] - Object: 'Object Repository/Выручка в рублях/1 квартал 2024 выбрать Выручка' is clicked on

22-11-2024T04:52:52 - [TEST_STEP][PASSED] - scrollToElement(findTestObject("Выручка в рублях/2 квартал 2024 выбрать" + nameOfBlock), 30): Scroll to object 'Object Repository/Выручка в рублях/2 квартал 2024 выбрать Выручка' successfully

22-11-2024T04:52:53 - [MESSAGE][PASSED] - Scroll to object 'Object Repository/Выручка в рублях/2 квартал 2024 выбрать Выручка' successfully

22-11-2024T04:52:53 - [TEST_STEP][PASSED] - click(findTestObject("Выручка в рублях/2 квартал 2024 выбрать" + nameOfBlock)): Object: 'Object Repository/Выручка в рублях/2 квартал 2024 выбрать Выручка' is clicked on

22-11-2024T04:52:53 - [MESSAGE][PASSED] - Object: 'Object Repository/Выручка в рублях/2 квартал 2024 выбрать Выручка' is clicked on

22-11-2024T04:52:53 - [TEST_STEP][PASSED] - scrollToElement(findTestObject("Выручка в рублях/3 квартал 2024 список" + nameOfBlock), 30): Scroll to object 'Object Repository/Выручка в рублях/3 квартал 2024 список Выручка' successfully

22-11-2024T04:52:54 - [MESSAGE][PASSED] - Scroll to object 'Object Repository/Выручка в рублях/3 квартал 2024 список Выручка' successfully

22-11-2024T04:52:54 - [TEST_STEP][PASSED] - click(findTestObject("Выручка в рублях/3 квартал 2024" + nameOfBlock)): Object: 'Object Repository/Выручка в рублях/3 квартал 2024 Выручка' is clicked on

22-11-2024T04:52:54 - [MESSAGE][PASSED] - Object: 'Object Repository/Выручка в рублях/3 квартал 2024 Выручка' is clicked on

22-11-2024T04:52:54 - [TEST_STEP][PASSED] - scrollToElement(findTestObject("Выручка в рублях/Заголовок дашборда" + nameOfBlock), 30): Scroll to object 'Object Repository/Выручка в рублях/Заголовок дашборда Выручка' successfully

22-11-2024T04:52:54 - [MESSAGE][PASSED] - Scroll to object 'Object Repository/Выручка в рублях/Заголовок дашборда Выручка' successfully

22-11-2024T04:52:54 - [TEST_STEP][PASSED] - click(findTestObject("Выручка в рублях/Применить в фильтре Дата" + nameOfBlock)): Object: 'Object Repository/Выручка в рублях/Применить в фильтре Дата Выручка' is clicked on

22-11-2024T04:52:55 - [MESSAGE][PASSED] - Object: 'Object Repository/Выручка в рублях/Применить в фильтре Дата Выручка' is clicked on

22-11-2024T04:52:55 - [TEST_STEP][PASSED] - delay(55): Delayed 55 second(s)

22-11-2024T04:53:50 - [MESSAGE][PASSED] - Delayed 55 second(s)

22-11-2024T04:53:50 - [TEST_STEP][PASSED] - click(findTestObject("Выручка в рублях/Фильтр ДЗО" + nameOfBlock)): Object: 'Object Repository/Выручка в рублях/Фильтр ДЗО Выручка' is clicked on

22-11-2024T04:53:50 - [MESSAGE][PASSED] - Object: 'Object Repository/Выручка в рублях/Фильтр ДЗО Выручка' is clicked on

22-11-2024T04:53:50 - [TEST_STEP][PASSED] - click(findTestObject("Выручка в рублях/Снять выделение в фильтре ДЗО" + nameOfBlock)): Object: 'Object Repository/Выручка в рублях/Снять выделение в фильтре ДЗО Выручка' is clicked on

22-11-2024T04:53:51 - [MESSAGE][PASSED] - Object: 'Object Repository/Выручка в рублях/Снять выделение в фильтре ДЗО Выручка' is clicked on

22-11-2024T04:53:51 - [TEST_STEP][PASSED] - click(findTestObject("Выручка в рублях/Применить в фильтре ДЗО" + nameOfBlock)): Object: 'Object Repository/Выручка в рублях/Применить в фильтре ДЗО Выручка' is clicked on

22-11-2024T04:53:52 - [MESSAGE][PASSED] - Object: 'Object Repository/Выручка в рублях/Применить в фильтре ДЗО Выручка' is clicked on

22-11-2024T04:53:52 - [TEST_STEP][PASSED] - delay(50): Delayed 50 second(s)

22-11-2024T04:54:42 - [MESSAGE][PASSED] - Delayed 50 second(s)

22-11-2024T04:54:42 - [TEST_STEP][PASSED] - Script1710234207206.Tumbler(run, vir, block, nameOfBlock): null

22-11-2024T04:54:42 - [TEST_STEP][PASSED] - println("run:" + run): null

22-11-2024T04:54:42 - [TEST_STEP][PASSED] - println("vir:" + vir): null

22-11-2024T04:54:42 - [TEST_STEP][PASSED] - println("block:" + block): null

22-11-2024T04:54:42 - [TEST_STEP][PASSED] - println("nameOfBlock:" + nameOfBlock): null

22-11-2024T04:54:42 - [TEST_STEP][PASSED] - if (vir == 1): null

22-11-2024T04:54:42 - [TEST_STEP][PASSED] - else if (vir == 2): Object: 'Object Repository/Выручка в рублях/Применить в фильтре Выручка Выручка' is clicked on

22-11-2024T04:54:42 - [TEST_STEP][PASSED] - if (run == 2): Object: 'Object Repository/Выручка в рублях/Переключить отображение с млн на проценты Выручка в рублях Выручка' is clicked on

22-11-2024T04:54:42 - [TEST_STEP][PASSED] - click(findTestObject("Выручка в рублях/Переключить отображение с млн на проценты Выручка в рублях" + nameOfBlock)): Object: 'Object Repository/Выручка в рублях/Переключить отображение с млн на проценты Выручка в рублях Выручка' is clicked on

22-11-2024T04:54:42 - [MESSAGE][PASSED] - Object: 'Object Repository/Выручка в рублях/Переключить отображение с млн на проценты Выручка в рублях Выручка' is clicked on

22-11-2024T04:54:42 - [TEST_STEP][PASSED] - click(findTestObject("Выручка в рублях/Фильтр Выручка" + nameOfBlock)): Object: 'Object Repository/Выручка в рублях/Фильтр Выручка Выручка' is clicked on

22-11-2024T04:54:42 - [MESSAGE][PASSED] - Object: 'Object Repository/Выручка в рублях/Фильтр Выручка Выручка' is clicked on

22-11-2024T04:54:42 - [TEST_STEP][PASSED] - click(findTestObject("Выручка в рублях/Итого в фильтре Выручка" + nameOfBlock)): Object: 'Object Repository/Выручка в рублях/Итого в фильтре Выручка Выручка' is clicked on

22-11-2024T04:54:43 - [MESSAGE][PASSED] - Object: 'Object Repository/Выручка в рублях/Итого в фильтре Выручка Выручка' is clicked on

22-11-2024T04:54:43 - [TEST_STEP][PASSED] - click(findTestObject("Выручка в рублях/Применить в фильтре Выручка" + nameOfBlock)): Object: 'Object Repository/Выручка в рублях/Применить в фильтре Выручка Выручка' is clicked on

22-11-2024T04:54:44 - [MESSAGE][PASSED] - Object: 'Object Repository/Выручка в рублях/Применить в фильтре Выручка Выручка' is clicked on

22-11-2024T04:54:44 - [TEST_STEP][PASSED] - click(findTestObject("Выручка в рублях/Фильтр ДЗО" + nameOfBlock)): Object: 'Object Repository/Выручка в рублях/Фильтр ДЗО Выручка' is clicked on

22-11-2024T04:54:45 - [MESSAGE][PASSED] - Object: 'Object Repository/Выручка в рублях/Фильтр ДЗО Выручка' is clicked on

22-11-2024T04:54:45 - [TEST_STEP][PASSED] - Script1710234207206.Rosseti(nameOfBlock): null

22-11-2024T04:54:45 - [TEST_STEP][PASSED] - println("nameOfBlock:" + nameOfBlock): null

22-11-2024T04:54:45 - [TEST_STEP][PASSED] - click(findTestObject("Выручка в рублях/ПАО Россети" + nameOfBlock)): Object: 'Object Repository/Выручка в рублях/ПАО Россети Выручка' is clicked on

22-11-2024T04:54:46 - [MESSAGE][PASSED] - Object: 'Object Repository/Выручка в рублях/ПАО Россети Выручка' is clicked on

22-11-2024T04:54:46 - [TEST_STEP][PASSED] - click(findTestObject("Выручка в рублях/Применить в фильтре ДЗО" + nameOfBlock)): Object: 'Object Repository/Выручка в рублях/Применить в фильтре ДЗО Выручка' is clicked on

22-11-2024T04:54:47 - [MESSAGE][PASSED] - Object: 'Object Repository/Выручка в рублях/Применить в фильтре ДЗО Выручка' is clicked on

22-11-2024T04:54:47 - [TEST_STEP][PASSED] - if (vir == 1 || vir == 2): Text of object 'Object Repository/Выручка в рублях/График План Выручка' is: '1 038 923'

22-11-2024T04:54:47 - [TEST_STEP][PASSED] - b1 = getText(findTestObject("Выручка в рублях/График План Выручка")): Text of object 'Object Repository/Выручка в рублях/График План Выручка' is: '1 038 923'

22-11-2024T04:54:48 - [MESSAGE][PASSED] - Text of object 'Object Repository/Выручка в рублях/График План Выручка' is: '1 038 923'

22-11-2024T04:54:48 - [TEST_STEP][PASSED] - if (vir == 1 || vir == 2): Text of object 'Object Repository/Выручка в рублях/График Факт Выручка' is: '1 065 140'

22-11-2024T04:54:48 - [TEST_STEP][PASSED] - b2 = getText(findTestObject("Выручка в рублях/График Факт Выручка")): Text of object 'Object Repository/Выручка в рублях/График Факт Выручка' is: '1 065 140'

22-11-2024T04:54:49 - [MESSAGE][PASSED] - Text of object 'Object Repository/Выручка в рублях/График Факт Выручка' is: '1 065 140'

22-11-2024T04:54:49 - [TEST_STEP][PASSED] - b30 = getText(findTestObject("Выручка в рублях/span1" + perc)): Text of object 'Object Repository/Выручка в рублях/span1 Perc' is: '2.52 %'

22-11-2024T04:54:49 - [MESSAGE][PASSED] - Text of object 'Object Repository/Выручка в рублях/span1 Perc' is: '2.52 %'

22-11-2024T04:54:49 - [TEST_STEP][PASSED] - i = b30.indexOf("млн.руб."): null

22-11-2024T04:54:49 - [TEST_STEP][PASSED] - if (i > -1): null

22-11-2024T04:54:49 - [TEST_STEP][PASSED] - if (b30.contains("%")): null

22-11-2024T04:54:49 - [TEST_STEP][PASSED] - b30 = b30.replaceAll("%", ""): null

22-11-2024T04:54:49 - [TEST_STEP][PASSED] - b30 = ").trim(): null

22-11-2024T04:54:49 - [TEST_STEP][PASSED] - println("b30: " + b30): null

22-11-2024T04:54:49 - [TEST_STEP][PASSED] - if (vir == 1 || vir == 2): Text of object 'Object Repository/Выручка в рублях/span2 Perc' is: '260.61 %'

22-11-2024T04:54:49 - [TEST_STEP][PASSED] - b31 = ").trim(): Text of object 'Object Repository/Выручка в рублях/span2 Perc' is: '260.61 %'

22-11-2024T04:54:49 - [MESSAGE][PASSED] - Text of object 'Object Repository/Выручка в рублях/span2 Perc' is: '260.61 %'

22-11-2024T04:54:49 - [TEST_STEP][PASSED] - if (vir == 1 || vir == 2): Text of object 'Object Repository/Выручка в рублях/span3 Perc' is: '-45.95 %'

22-11-2024T04:54:49 - [TEST_STEP][PASSED] - b32 = ").trim(): Text of object 'Object Repository/Выручка в рублях/span3 Perc' is: '-45.95 %'

22-11-2024T04:54:50 - [MESSAGE][PASSED] - Text of object 'Object Repository/Выручка в рублях/span3 Perc' is: '-45.95 %'

22-11-2024T04:54:50 - [TEST_STEP][PASSED] - if (vir == 1 || vir == 2): Text of object 'Object Repository/Выручка в рублях/span8 Perc' is: '2.68 %'

22-11-2024T04:54:50 - [TEST_STEP][PASSED] - b33 = ").trim(): Text of object 'Object Repository/Выручка в рублях/span4 Perc' is: '0.04 %'

22-11-2024T04:54:50 - [MESSAGE][PASSED] - Text of object 'Object Repository/Выручка в рублях/span4 Perc' is: '0.04 %'

22-11-2024T04:54:50 - [TEST_STEP][PASSED] - b34 = ").trim(): Text of object 'Object Repository/Выручка в рублях/span5 Perc' is: '6.11 %'

22-11-2024T04:54:50 - [MESSAGE][PASSED] - Text of object 'Object Repository/Выручка в рублях/span5 Perc' is: '6.11 %'

22-11-2024T04:54:50 - [TEST_STEP][PASSED] - b35 = ").trim(): Text of object 'Object Repository/Выручка в рублях/span6 Perc' is: '5.21 %'

22-11-2024T04:54:50 - [MESSAGE][PASSED] - Text of object 'Object Repository/Выручка в рублях/span6 Perc' is: '5.21 %'

22-11-2024T04:54:50 - [TEST_STEP][PASSED] - b36 = ").trim(): Text of object 'Object Repository/Выручка в рублях/span7 Perc' is: '4.51 %'

22-11-2024T04:54:51 - [MESSAGE][PASSED] - Text of object 'Object Repository/Выручка в рублях/span7 Perc' is: '4.51 %'

22-11-2024T04:54:51 - [TEST_STEP][PASSED] - b37 = ").trim(): Text of object 'Object Repository/Выручка в рублях/span8 Perc' is: '2.68 %'

22-11-2024T04:54:51 - [MESSAGE][PASSED] - Text of object 'Object Repository/Выручка в рублях/span8 Perc' is: '2.68 %'

22-11-2024T04:54:51 - [TEST_STEP][PASSED] - if (vir == 1 || vir == 2): Text of object 'Object Repository/Выручка в рублях/span17 Perc' is: '3.35 %'

22-11-2024T04:54:51 - [TEST_STEP][PASSED] - b38 = ").trim(): Text of object 'Object Repository/Выручка в рублях/span9 Perc' is: '2.16 %'

22-11-2024T04:54:51 - [MESSAGE][PASSED] - Text of object 'Object Repository/Выручка в рублях/span9 Perc' is: '2.16 %'

22-11-2024T04:54:51 - [TEST_STEP][PASSED] - b39 = ").trim(): Text of object 'Object Repository/Выручка в рублях/span10 Perc' is: '4.15 %'

22-11-2024T04:54:52 - [MESSAGE][PASSED] - Text of object 'Object Repository/Выручка в рублях/span10 Perc' is: '4.15 %'

22-11-2024T04:54:52 - [TEST_STEP][PASSED] - b310 = ").trim(): Text of object 'Object Repository/Выручка в рублях/span11 Perc' is: '3.07 %'

22-11-2024T04:54:52 - [MESSAGE][PASSED] - Text of object 'Object Repository/Выручка в рублях/span11 Perc' is: '3.07 %'

22-11-2024T04:54:52 - [TEST_STEP][PASSED] - b311 = ").trim(): Text of object 'Object Repository/Выручка в рублях/span12 Perc' is: '-6.98 %'

22-11-2024T04:54:52 - [MESSAGE][PASSED] - Text of object 'Object Repository/Выручка в рублях/span12 Perc' is: '-6.98 %'

22-11-2024T04:54:52 - [TEST_STEP][PASSED] - b312 = ").trim(): Text of object 'Object Repository/Выручка в рублях/span13 Perc' is: '2.23 %'

22-11-2024T04:54:52 - [MESSAGE][PASSED] - Text of object 'Object Repository/Выручка в рублях/span13 Perc' is: '2.23 %'

22-11-2024T04:54:52 - [TEST_STEP][PASSED] - b313 = ").trim(): Text of object 'Object Repository/Выручка в рублях/span14 Perc' is: '0.87 %'

22-11-2024T04:54:53 - [MESSAGE][PASSED] - Text of object 'Object Repository/Выручка в рублях/span14 Perc' is: '0.87 %'

22-11-2024T04:54:53 - [TEST_STEP][PASSED] - b314 = ").trim(): Text of object 'Object Repository/Выручка в рублях/span15 Perc' is: '4 %'

22-11-2024T04:54:53 - [MESSAGE][PASSED] - Text of object 'Object Repository/Выручка в рублях/span15 Perc' is: '4 %'

22-11-2024T04:54:53 - [TEST_STEP][PASSED] - b315 = ").trim(): Text of object 'Object Repository/Выручка в рублях/span16 Perc' is: '4.25 %'

22-11-2024T04:54:53 - [MESSAGE][PASSED] - Text of object 'Object Repository/Выручка в рублях/span16 Perc' is: '4.25 %'

22-11-2024T04:54:53 - [TEST_STEP][PASSED] - b316 = ").trim(): Text of object 'Object Repository/Выручка в рублях/span17 Perc' is: '3.35 %'

22-11-2024T04:54:54 - [MESSAGE][PASSED] - Text of object 'Object Repository/Выручка в рублях/span17 Perc' is: '3.35 %'

22-11-2024T04:54:54 - [TEST_STEP][PASSED] - if (vir == 1 || vir == 2): Text of object 'Object Repository/Выручка в рублях/span18 Perc' is: '3.93 %'

22-11-2024T04:54:54 - [TEST_STEP][PASSED] - b317 = ").trim(): Text of object 'Object Repository/Выручка в рублях/span18 Perc' is: '3.93 %'

22-11-2024T04:54:54 - [MESSAGE][PASSED] - Text of object 'Object Repository/Выручка в рублях/span18 Perc' is: '3.93 %'

22-11-2024T04:54:54 - [TEST_STEP][PASSED] - dZO = "ПАО Россети": null

22-11-2024T04:54:54 - [TEST_STEP][PASSED] - if (verifyEqual(a1, b1) == false): Actual object '1 038 923' and expected object '1 038 923' are equal

22-11-2024T04:54:54 - [MESSAGE][PASSED] - Actual object '1 038 923' and expected object '1 038 923' are equal

22-11-2024T04:54:54 - [TEST_STEP][PASSED] - if (verifyEqual(a2, b2) == false): Actual object '1 065 140' and expected object '1 065 140' are equal

22-11-2024T04:54:54 - [MESSAGE][PASSED] - Actual object '1 065 140' and expected object '1 065 140' are equal

22-11-2024T04:54:54 - [TEST_STEP][PASSED] - vidget = "Отклонения": null

22-11-2024T04:54:54 - [TEST_STEP][FAILED] - if (verifyEqual(a30, b30) == false): null

22-11-2024T04:54:54 - [MESSAGE][FAILED] - Unable to verify equal between actual object '-23.25' and expected object '2.52' (Root cause: com.kms.katalon.core.exception.StepFailedException: Actual object '-23.25' and expected object '2.52' are not equal
	at com.kms.katalon.core.keyword.builtin.VerifyEqualKeyword$_verifyEqual_closure1.doCall(VerifyEqualKeyword.groovy:58)
	at com.kms.katalon.core.keyword.builtin.VerifyEqualKeyword$_verifyEqual_closure1.call(VerifyEqualKeyword.groovy)
	at com.kms.katalon.core.keyword.internal.KeywordMain.runKeyword(KeywordMain.groovy:75)
	at com.kms.katalon.core.keyword.builtin.VerifyEqualKeyword.verifyEqual(VerifyEqualKeyword.groovy:63)
	at com.kms.katalon.core.keyword.builtin.VerifyEqualKeyword.execute(VerifyEqualKeyword.groovy:44)
	at com.kms.katalon.core.keyword.internal.KeywordExecutor.executeKeywordForPlatform(KeywordExecutor.groovy:74)
	at com.kms.katalon.core.keyword.BuiltinKeywords.verifyEqual(BuiltinKeywords.groovy:146)
	at jdk.internal.reflect.GeneratedMethodAccessor25.invoke(Unknown Source)
	at java.base/jdk.internal.reflect.DelegatingMethodAccessorImpl.invoke(DelegatingMethodAccessorImpl.java:43)
	at Выручка в рублях сверка дашбордов ПАО Россети.Blocks(Выручка в рублях сверка дашбордов ПАО Россети:357)
	at Выручка в рублях сверка дашбордов ПАО Россети.ViruchkaChange(Выручка в рублях сверка дашбордов ПАО Россети:60)
	at Выручка в рублях сверка дашбордов ПАО Россети.run(Выручка в рублях сверка дашбордов ПАО Россети:55)
	at com.kms.katalon.core.main.ScriptEngine.run(ScriptEngine.java:194)
	at com.kms.katalon.core.main.ScriptEngine.runScriptAsRawText(ScriptEngine.java:119)
	at com.kms.katalon.core.main.TestCaseExecutor.runScript(TestCaseExecutor.java:448)
	at com.kms.katalon.core.main.TestCaseExecutor.doExecute(TestCaseExecutor.java:439)
	at com.kms.katalon.core.main.TestCaseExecutor.processExecutionPhase(TestCaseExecutor.java:418)
	at com.kms.katalon.core.main.TestCaseExecutor.accessMainPhase(TestCaseExecutor.java:410)
	at com.kms.katalon.core.main.TestCaseExecutor.execute(TestCaseExecutor.java:285)
	at com.kms.katalon.core.common.CommonExecutor.accessTestCaseMainPhase(CommonExecutor.java:65)
	at com.kms.katalon.core.main.TestSuiteExecutor.accessTestSuiteMainPhase(TestSuiteExecutor.java:150)
	at com.kms.katalon.core.main.TestSuiteExecutor.execute(TestSuiteExecutor.java:106)
	at com.kms.katalon.core.main.TestCaseMain.startTestSuite(TestCaseMain.java:180)
	at TempTestSuite1732232929817.run(TempTestSuite1732232929817.groovy:35)
	at java.base/jdk.internal.reflect.NativeMethodAccessorImpl.invoke0(Native Method)
	at java.base/jdk.internal.reflect.NativeMethodAccessorImpl.invoke(NativeMethodAccessorImpl.java:77)
	at java.base/jdk.internal.reflect.DelegatingMethodAccessorImpl.invoke(DelegatingMethodAccessorImpl.java:43)
)

22-11-2024T04:54:54 - [TEST_STEP][PASSED] - a = replaceAll("\s+", "").toDouble(): null

22-11-2024T04:54:54 - [TEST_STEP][PASSED] - b = replaceAll("\s+", "").toDouble(): null

22-11-2024T04:54:54 - [TEST_STEP][PASSED] - Script1710234207206.WriteToExcel(todaysDate, run, vir, block, typeOfData, viruchka, vidget, nameOfBlock, a, b, dZO): null

22-11-2024T04:54:54 - [TEST_STEP][PASSED] - println(run): null

22-11-2024T04:54:54 - [TEST_STEP][PASSED] - if (run == 1): null

22-11-2024T04:54:54 - [TEST_STEP][PASSED] - else if (run == 2): null

22-11-2024T04:54:54 - [TEST_STEP][PASSED] - typeOfData = "Проценты": null

22-11-2024T04:54:54 - [TEST_STEP][PASSED] - println("todaysDate:" + todaysDate): null

22-11-2024T04:54:54 - [TEST_STEP][PASSED] - println("typeOfData:" + typeOfData): null

22-11-2024T04:54:54 - [TEST_STEP][PASSED] - viruchka = getText(findTestObject("Выручка в рублях/Фильтр Выручка" + nameOfBlock)): Text of object 'Object Repository/Выручка в рублях/Фильтр Выручка Выручка' is: 'ПЕРЕДАЧА ЭЛЕКТРОЭНЕРГИИ (ИТОГО, по всем видам тарифа)'

22-11-2024T04:54:54 - [MESSAGE][PASSED] - Text of object 'Object Repository/Выручка в рублях/Фильтр Выручка Выручка' is: 'ПЕРЕДАЧА ЭЛЕКТРОЭНЕРГИИ (ИТОГО, по всем видам тарифа)'

22-11-2024T04:54:54 - [TEST_STEP][PASSED] - println("viruchka" + viruchka): null

22-11-2024T04:54:54 - [TEST_STEP][PASSED] - println("vidget" + vidget): null

22-11-2024T04:54:54 - [TEST_STEP][PASSED] - println("a" + a): null

22-11-2024T04:54:54 - [TEST_STEP][PASSED] - println("b" + b): null

22-11-2024T04:54:54 - [TEST_STEP][PASSED] - sheetName = "Sheet1": null

22-11-2024T04:54:54 - [TEST_STEP][PASSED] - data = findTestData("PlanFact"): null

22-11-2024T04:54:54 - [TEST_STEP][PASSED] - n = data.getRowNumbers() + 1: null

22-11-2024T04:54:54 - [TEST_STEP][PASSED] - period = getText(findTestObject("Выручка в рублях/Фильтр Период")): Text of object 'Object Repository/Выручка в рублях/Фильтр Период' is: '1, 2, 3 кв. 2024 года'

22-11-2024T04:54:55 - [MESSAGE][PASSED] - Text of object 'Object Repository/Выручка в рублях/Фильтр Период' is: '1, 2, 3 кв. 2024 года'

22-11-2024T04:54:55 - [TEST_STEP][PASSED] - println(period): null

22-11-2024T04:54:55 - [TEST_STEP][PASSED] - dashboardName = "Выручка в рублях": null

22-11-2024T04:54:55 - [TEST_STEP][PASSED] - workbook01 = getWorkbook(excelFilePath): null

22-11-2024T04:54:55 - [TEST_STEP][PASSED] - sheet01 = getExcelSheet(workbook01, sheetName): null

22-11-2024T04:54:55 - [TEST_STEP][PASSED] - setValueToCellByIndex(sheet01, n, 0, dashboardName): null

22-11-2024T04:54:55 - [TEST_STEP][PASSED] - setValueToCellByIndex(sheet01, n, 1, dZO): null

22-11-2024T04:54:55 - [TEST_STEP][PASSED] - setValueToCellByIndex(sheet01, n, 2, vidget): null

22-11-2024T04:54:55 - [TEST_STEP][PASSED] - setValueToCellByIndex(sheet01, n, 3, viruchka): null

22-11-2024T04:54:55 - [TEST_STEP][PASSED] - setValueToCellByIndex(sheet01, n, 4, typeOfData): null

22-11-2024T04:54:55 - [TEST_STEP][PASSED] - if (a == null): null

22-11-2024T04:54:55 - [TEST_STEP][PASSED] - else: null

22-11-2024T04:54:55 - [TEST_STEP][PASSED] - setValueToCellByIndex(sheet01, n, 5, a): null

22-11-2024T04:54:55 - [TEST_STEP][PASSED] - if (b == null): null

22-11-2024T04:54:55 - [TEST_STEP][PASSED] - else: null

22-11-2024T04:54:55 - [TEST_STEP][PASSED] - setValueToCellByIndex(sheet01, n, 6, b): null

22-11-2024T04:54:55 - [TEST_STEP][PASSED] - setValueToCellByIndex(sheet01, n, 7, period): null

22-11-2024T04:54:55 - [TEST_STEP][PASSED] - setValueToCellByIndex(sheet01, n, 8, todaysDate): null

22-11-2024T04:54:55 - [TEST_STEP][PASSED] - n = n + 1: null

22-11-2024T04:54:55 - [TEST_STEP][PASSED] - saveWorkbook(excelFilePath, workbook01): null

22-11-2024T04:54:55 - [TEST_STEP][PASSED] - dZO = "АО «Тываэнерго»": null

22-11-2024T04:54:55 - [TEST_STEP][PASSED] - if (verifyEqual(a31, b31) == false): Actual object '260.61' and expected object '260.61' are equal

22-11-2024T04:54:55 - [MESSAGE][PASSED] - Actual object '260.61' and expected object '260.61' are equal

22-11-2024T04:54:55 - [TEST_STEP][PASSED] - dZO = "АО «Чеченэнерго»": null

22-11-2024T04:54:55 - [TEST_STEP][FAILED] - if (verifyEqual(a32, b32) == false): null

22-11-2024T04:54:55 - [MESSAGE][FAILED] - Unable to verify equal between actual object '-72.97' and expected object '-45.95' (Root cause: com.kms.katalon.core.exception.StepFailedException: Actual object '-72.97' and expected object '-45.95' are not equal
	at com.kms.katalon.core.keyword.builtin.VerifyEqualKeyword$_verifyEqual_closure1.doCall(VerifyEqualKeyword.groovy:58)
	at com.kms.katalon.core.keyword.builtin.VerifyEqualKeyword$_verifyEqual_closure1.call(VerifyEqualKeyword.groovy)
	at com.kms.katalon.core.keyword.internal.KeywordMain.runKeyword(KeywordMain.groovy:75)
	at com.kms.katalon.core.keyword.builtin.VerifyEqualKeyword.verifyEqual(VerifyEqualKeyword.groovy:63)
	at com.kms.katalon.core.keyword.builtin.VerifyEqualKeyword.execute(VerifyEqualKeyword.groovy:44)
	at com.kms.katalon.core.keyword.internal.KeywordExecutor.executeKeywordForPlatform(KeywordExecutor.groovy:74)
	at com.kms.katalon.core.keyword.BuiltinKeywords.verifyEqual(BuiltinKeywords.groovy:146)
	at jdk.internal.reflect.GeneratedMethodAccessor25.invoke(Unknown Source)
	at java.base/jdk.internal.reflect.DelegatingMethodAccessorImpl.invoke(DelegatingMethodAccessorImpl.java:43)
	at Выручка в рублях сверка дашбордов ПАО Россети.Blocks(Выручка в рублях сверка дашбордов ПАО Россети:377)
	at Выручка в рублях сверка дашбордов ПАО Россети.ViruchkaChange(Выручка в рублях сверка дашбордов ПАО Россети:60)
	at Выручка в рублях сверка дашбордов ПАО Россети.run(Выручка в рублях сверка дашбордов ПАО Россети:55)
	at com.kms.katalon.core.main.ScriptEngine.run(ScriptEngine.java:194)
	at com.kms.katalon.core.main.ScriptEngine.runScriptAsRawText(ScriptEngine.java:119)
	at com.kms.katalon.core.main.TestCaseExecutor.runScript(TestCaseExecutor.java:448)
	at com.kms.katalon.core.main.TestCaseExecutor.doExecute(TestCaseExecutor.java:439)
	at com.kms.katalon.core.main.TestCaseExecutor.processExecutionPhase(TestCaseExecutor.java:418)
	at com.kms.katalon.core.main.TestCaseExecutor.accessMainPhase(TestCaseExecutor.java:410)
	at com.kms.katalon.core.main.TestCaseExecutor.execute(TestCaseExecutor.java:285)
	at com.kms.katalon.core.common.CommonExecutor.accessTestCaseMainPhase(CommonExecutor.java:65)
	at com.kms.katalon.core.main.TestSuiteExecutor.accessTestSuiteMainPhase(TestSuiteExecutor.java:150)
	at com.kms.katalon.core.main.TestSuiteExecutor.execute(TestSuiteExecutor.java:106)
	at com.kms.katalon.core.main.TestCaseMain.startTestSuite(TestCaseMain.java:180)
	at TempTestSuite1732232929817.run(TempTestSuite1732232929817.groovy:35)
	at java.base/jdk.internal.reflect.NativeMethodAccessorImpl.invoke0(Native Method)
	at java.base/jdk.internal.reflect.NativeMethodAccessorImpl.invoke(NativeMethodAccessorImpl.java:77)
	at java.base/jdk.internal.reflect.DelegatingMethodAccessorImpl.invoke(DelegatingMethodAccessorImpl.java:43)
)

22-11-2024T04:54:55 - [TEST_STEP][PASSED] - a = replaceAll("\s+", "").toDouble(): null

22-11-2024T04:54:55 - [TEST_STEP][PASSED] - b = replaceAll("\s+", "").toDouble(): null

22-11-2024T04:54:55 - [TEST_STEP][PASSED] - Script1710234207206.WriteToExcel(todaysDate, run, vir, block, typeOfData, viruchka, vidget, nameOfBlock, a, b, dZO): null

22-11-2024T04:54:55 - [TEST_STEP][PASSED] - println(run): null

22-11-2024T04:54:55 - [TEST_STEP][PASSED] - if (run == 1): null

22-11-2024T04:54:55 - [TEST_STEP][PASSED] - else if (run == 2): null

22-11-2024T04:54:55 - [TEST_STEP][PASSED] - typeOfData = "Проценты": null

22-11-2024T04:54:55 - [TEST_STEP][PASSED] - println("todaysDate:" + todaysDate): null

22-11-2024T04:54:55 - [TEST_STEP][PASSED] - println("typeOfData:" + typeOfData): null

22-11-2024T04:54:55 - [TEST_STEP][PASSED] - viruchka = getText(findTestObject("Выручка в рублях/Фильтр Выручка" + nameOfBlock)): Text of object 'Object Repository/Выручка в рублях/Фильтр Выручка Выручка' is: 'ПЕРЕДАЧА ЭЛЕКТРОЭНЕРГИИ (ИТОГО, по всем видам тарифа)'

22-11-2024T04:54:55 - [MESSAGE][PASSED] - Text of object 'Object Repository/Выручка в рублях/Фильтр Выручка Выручка' is: 'ПЕРЕДАЧА ЭЛЕКТРОЭНЕРГИИ (ИТОГО, по всем видам тарифа)'

22-11-2024T04:54:55 - [TEST_STEP][PASSED] - println("viruchka" + viruchka): null

22-11-2024T04:54:55 - [TEST_STEP][PASSED] - println("vidget" + vidget): null

22-11-2024T04:54:55 - [TEST_STEP][PASSED] - println("a" + a): null

22-11-2024T04:54:55 - [TEST_STEP][PASSED] - println("b" + b): null

22-11-2024T04:54:55 - [TEST_STEP][PASSED] - sheetName = "Sheet1": null

22-11-2024T04:54:55 - [TEST_STEP][PASSED] - data = findTestData("PlanFact"): null

22-11-2024T04:54:55 - [TEST_STEP][PASSED] - n = data.getRowNumbers() + 1: null

22-11-2024T04:54:55 - [TEST_STEP][PASSED] - period = getText(findTestObject("Выручка в рублях/Фильтр Период")): Text of object 'Object Repository/Выручка в рублях/Фильтр Период' is: '1, 2, 3 кв. 2024 года'

22-11-2024T04:54:56 - [MESSAGE][PASSED] - Text of object 'Object Repository/Выручка в рублях/Фильтр Период' is: '1, 2, 3 кв. 2024 года'

22-11-2024T04:54:56 - [TEST_STEP][PASSED] - println(period): null

22-11-2024T04:54:56 - [TEST_STEP][PASSED] - dashboardName = "Выручка в рублях": null

22-11-2024T04:54:56 - [TEST_STEP][PASSED] - workbook01 = getWorkbook(excelFilePath): null

22-11-2024T04:54:56 - [TEST_STEP][PASSED] - sheet01 = getExcelSheet(workbook01, sheetName): null

22-11-2024T04:54:56 - [TEST_STEP][PASSED] - setValueToCellByIndex(sheet01, n, 0, dashboardName): null

22-11-2024T04:54:56 - [TEST_STEP][PASSED] - setValueToCellByIndex(sheet01, n, 1, dZO): null

22-11-2024T04:54:56 - [TEST_STEP][PASSED] - setValueToCellByIndex(sheet01, n, 2, vidget): null

22-11-2024T04:54:56 - [TEST_STEP][PASSED] - setValueToCellByIndex(sheet01, n, 3, viruchka): null

22-11-2024T04:54:56 - [TEST_STEP][PASSED] - setValueToCellByIndex(sheet01, n, 4, typeOfData): null

22-11-2024T04:54:56 - [TEST_STEP][PASSED] - if (a == null): null

22-11-2024T04:54:56 - [TEST_STEP][PASSED] - else: null

22-11-2024T04:54:56 - [TEST_STEP][PASSED] - setValueToCellByIndex(sheet01, n, 5, a): null

22-11-2024T04:54:56 - [TEST_STEP][PASSED] - if (b == null): null

22-11-2024T04:54:56 - [TEST_STEP][PASSED] - else: null

22-11-2024T04:54:56 - [TEST_STEP][PASSED] - setValueToCellByIndex(sheet01, n, 6, b): null

22-11-2024T04:54:56 - [TEST_STEP][PASSED] - setValueToCellByIndex(sheet01, n, 7, period): null

22-11-2024T04:54:56 - [TEST_STEP][PASSED] - setValueToCellByIndex(sheet01, n, 8, todaysDate): null

22-11-2024T04:54:56 - [TEST_STEP][PASSED] - n = n + 1: null

22-11-2024T04:54:56 - [TEST_STEP][PASSED] - saveWorkbook(excelFilePath, workbook01): null

22-11-2024T04:54:56 - [TEST_STEP][PASSED] - dZO = "Россети Волга": null

22-11-2024T04:54:56 - [TEST_STEP][FAILED] - if (verifyEqual(a33, b33) == false): null

22-11-2024T04:54:56 - [MESSAGE][FAILED] - Unable to verify equal between actual object '-49.98' and expected object '0.04' (Root cause: com.kms.katalon.core.exception.StepFailedException: Actual object '-49.98' and expected object '0.04' are not equal
	at com.kms.katalon.core.keyword.builtin.VerifyEqualKeyword$_verifyEqual_closure1.doCall(VerifyEqualKeyword.groovy:58)
	at com.kms.katalon.core.keyword.builtin.VerifyEqualKeyword$_verifyEqual_closure1.call(VerifyEqualKeyword.groovy)
	at com.kms.katalon.core.keyword.internal.KeywordMain.runKeyword(KeywordMain.groovy:75)
	at com.kms.katalon.core.keyword.builtin.VerifyEqualKeyword.verifyEqual(VerifyEqualKeyword.groovy:63)
	at com.kms.katalon.core.keyword.builtin.VerifyEqualKeyword.execute(VerifyEqualKeyword.groovy:44)
	at com.kms.katalon.core.keyword.internal.KeywordExecutor.executeKeywordForPlatform(KeywordExecutor.groovy:74)
	at com.kms.katalon.core.keyword.BuiltinKeywords.verifyEqual(BuiltinKeywords.groovy:146)
	at jdk.internal.reflect.GeneratedMethodAccessor25.invoke(Unknown Source)
	at java.base/jdk.internal.reflect.DelegatingMethodAccessorImpl.invoke(DelegatingMethodAccessorImpl.java:43)
	at Выручка в рублях сверка дашбордов ПАО Россети.Blocks(Выручка в рублях сверка дашбордов ПАО Россети:387)
	at Выручка в рублях сверка дашбордов ПАО Россети.ViruchkaChange(Выручка в рублях сверка дашбордов ПАО Россети:60)
	at Выручка в рублях сверка дашбордов ПАО Россети.run(Выручка в рублях сверка дашбордов ПАО Россети:55)
	at com.kms.katalon.core.main.ScriptEngine.run(ScriptEngine.java:194)
	at com.kms.katalon.core.main.ScriptEngine.runScriptAsRawText(ScriptEngine.java:119)
	at com.kms.katalon.core.main.TestCaseExecutor.runScript(TestCaseExecutor.java:448)
	at com.kms.katalon.core.main.TestCaseExecutor.doExecute(TestCaseExecutor.java:439)
	at com.kms.katalon.core.main.TestCaseExecutor.processExecutionPhase(TestCaseExecutor.java:418)
	at com.kms.katalon.core.main.TestCaseExecutor.accessMainPhase(TestCaseExecutor.java:410)
	at com.kms.katalon.core.main.TestCaseExecutor.execute(TestCaseExecutor.java:285)
	at com.kms.katalon.core.common.CommonExecutor.accessTestCaseMainPhase(CommonExecutor.java:65)
	at com.kms.katalon.core.main.TestSuiteExecutor.accessTestSuiteMainPhase(TestSuiteExecutor.java:150)
	at com.kms.katalon.core.main.TestSuiteExecutor.execute(TestSuiteExecutor.java:106)
	at com.kms.katalon.core.main.TestCaseMain.startTestSuite(TestCaseMain.java:180)
	at TempTestSuite1732232929817.run(TempTestSuite1732232929817.groovy:35)
	at java.base/jdk.internal.reflect.NativeMethodAccessorImpl.invoke0(Native Method)
	at java.base/jdk.internal.reflect.NativeMethodAccessorImpl.invoke(NativeMethodAccessorImpl.java:77)
	at java.base/jdk.internal.reflect.DelegatingMethodAccessorImpl.invoke(DelegatingMethodAccessorImpl.java:43)
)

22-11-2024T04:54:56 - [TEST_STEP][PASSED] - a = replaceAll("\s+", "").toDouble(): null

22-11-2024T04:54:56 - [TEST_STEP][PASSED] - b = replaceAll("\s+", "").toDouble(): null

22-11-2024T04:54:56 - [TEST_STEP][PASSED] - Script1710234207206.WriteToExcel(todaysDate, run, vir, block, typeOfData, viruchka, vidget, nameOfBlock, a, b, dZO): null

22-11-2024T04:54:56 - [TEST_STEP][PASSED] - println(run): null

22-11-2024T04:54:56 - [TEST_STEP][PASSED] - if (run == 1): null

22-11-2024T04:54:56 - [TEST_STEP][PASSED] - else if (run == 2): null

22-11-2024T04:54:56 - [TEST_STEP][PASSED] - typeOfData = "Проценты": null

22-11-2024T04:54:56 - [TEST_STEP][PASSED] - println("todaysDate:" + todaysDate): null

22-11-2024T04:54:56 - [TEST_STEP][PASSED] - println("typeOfData:" + typeOfData): null

22-11-2024T04:54:56 - [TEST_STEP][PASSED] - viruchka = getText(findTestObject("Выручка в рублях/Фильтр Выручка" + nameOfBlock)): Text of object 'Object Repository/Выручка в рублях/Фильтр Выручка Выручка' is: 'ПЕРЕДАЧА ЭЛЕКТРОЭНЕРГИИ (ИТОГО, по всем видам тарифа)'

22-11-2024T04:54:56 - [MESSAGE][PASSED] - Text of object 'Object Repository/Выручка в рублях/Фильтр Выручка Выручка' is: 'ПЕРЕДАЧА ЭЛЕКТРОЭНЕРГИИ (ИТОГО, по всем видам тарифа)'

22-11-2024T04:54:56 - [TEST_STEP][PASSED] - println("viruchka" + viruchka): null

22-11-2024T04:54:56 - [TEST_STEP][PASSED] - println("vidget" + vidget): null

22-11-2024T04:54:56 - [TEST_STEP][PASSED] - println("a" + a): null

22-11-2024T04:54:56 - [TEST_STEP][PASSED] - println("b" + b): null

22-11-2024T04:54:56 - [TEST_STEP][PASSED] - sheetName = "Sheet1": null

22-11-2024T04:54:56 - [TEST_STEP][PASSED] - data = findTestData("PlanFact"): null

22-11-2024T04:54:56 - [TEST_STEP][PASSED] - n = data.getRowNumbers() + 1: null

22-11-2024T04:54:56 - [TEST_STEP][PASSED] - period = getText(findTestObject("Выручка в рублях/Фильтр Период")): Text of object 'Object Repository/Выручка в рублях/Фильтр Период' is: '1, 2, 3 кв. 2024 года'

22-11-2024T04:54:57 - [MESSAGE][PASSED] - Text of object 'Object Repository/Выручка в рублях/Фильтр Период' is: '1, 2, 3 кв. 2024 года'

22-11-2024T04:54:57 - [TEST_STEP][PASSED] - println(period): null

22-11-2024T04:54:57 - [TEST_STEP][PASSED] - dashboardName = "Выручка в рублях": null

22-11-2024T04:54:57 - [TEST_STEP][PASSED] - workbook01 = getWorkbook(excelFilePath): null

22-11-2024T04:54:57 - [TEST_STEP][PASSED] - sheet01 = getExcelSheet(workbook01, sheetName): null

22-11-2024T04:54:57 - [TEST_STEP][PASSED] - setValueToCellByIndex(sheet01, n, 0, dashboardName): null

22-11-2024T04:54:57 - [TEST_STEP][PASSED] - setValueToCellByIndex(sheet01, n, 1, dZO): null

22-11-2024T04:54:57 - [TEST_STEP][PASSED] - setValueToCellByIndex(sheet01, n, 2, vidget): null

22-11-2024T04:54:57 - [TEST_STEP][PASSED] - setValueToCellByIndex(sheet01, n, 3, viruchka): null

22-11-2024T04:54:57 - [TEST_STEP][PASSED] - setValueToCellByIndex(sheet01, n, 4, typeOfData): null

22-11-2024T04:54:57 - [TEST_STEP][PASSED] - if (a == null): null

22-11-2024T04:54:57 - [TEST_STEP][PASSED] - else: null

22-11-2024T04:54:57 - [TEST_STEP][PASSED] - setValueToCellByIndex(sheet01, n, 5, a): null

22-11-2024T04:54:57 - [TEST_STEP][PASSED] - if (b == null): null

22-11-2024T04:54:57 - [TEST_STEP][PASSED] - else: null

22-11-2024T04:54:57 - [TEST_STEP][PASSED] - setValueToCellByIndex(sheet01, n, 6, b): null

22-11-2024T04:54:57 - [TEST_STEP][PASSED] - setValueToCellByIndex(sheet01, n, 7, period): null

22-11-2024T04:54:57 - [TEST_STEP][PASSED] - setValueToCellByIndex(sheet01, n, 8, todaysDate): null

22-11-2024T04:54:57 - [TEST_STEP][PASSED] - n = n + 1: null

22-11-2024T04:54:57 - [TEST_STEP][PASSED] - saveWorkbook(excelFilePath, workbook01): null

22-11-2024T04:54:57 - [TEST_STEP][PASSED] - dZO = "Россети Кубань": null

22-11-2024T04:54:57 - [TEST_STEP][FAILED] - if (verifyEqual(a34, b34) == false): null

22-11-2024T04:54:57 - [MESSAGE][FAILED] - Unable to verify equal between actual object '-46.94' and expected object '6.11' (Root cause: com.kms.katalon.core.exception.StepFailedException: Actual object '-46.94' and expected object '6.11' are not equal
	at com.kms.katalon.core.keyword.builtin.VerifyEqualKeyword$_verifyEqual_closure1.doCall(VerifyEqualKeyword.groovy:58)
	at com.kms.katalon.core.keyword.builtin.VerifyEqualKeyword$_verifyEqual_closure1.call(VerifyEqualKeyword.groovy)
	at com.kms.katalon.core.keyword.internal.KeywordMain.runKeyword(KeywordMain.groovy:75)
	at com.kms.katalon.core.keyword.builtin.VerifyEqualKeyword.verifyEqual(VerifyEqualKeyword.groovy:63)
	at com.kms.katalon.core.keyword.builtin.VerifyEqualKeyword.execute(VerifyEqualKeyword.groovy:44)
	at com.kms.katalon.core.keyword.internal.KeywordExecutor.executeKeywordForPlatform(KeywordExecutor.groovy:74)
	at com.kms.katalon.core.keyword.BuiltinKeywords.verifyEqual(BuiltinKeywords.groovy:146)
	at jdk.internal.reflect.GeneratedMethodAccessor25.invoke(Unknown Source)
	at java.base/jdk.internal.reflect.DelegatingMethodAccessorImpl.invoke(DelegatingMethodAccessorImpl.java:43)
	at Выручка в рублях сверка дашбордов ПАО Россети.Blocks(Выручка в рублях сверка дашбордов ПАО Россети:397)
	at Выручка в рублях сверка дашбордов ПАО Россети.ViruchkaChange(Выручка в рублях сверка дашбордов ПАО Россети:60)
	at Выручка в рублях сверка дашбордов ПАО Россети.run(Выручка в рублях сверка дашбордов ПАО Россети:55)
	at com.kms.katalon.core.main.ScriptEngine.run(ScriptEngine.java:194)
	at com.kms.katalon.core.main.ScriptEngine.runScriptAsRawText(ScriptEngine.java:119)
	at com.kms.katalon.core.main.TestCaseExecutor.runScript(TestCaseExecutor.java:448)
	at com.kms.katalon.core.main.TestCaseExecutor.doExecute(TestCaseExecutor.java:439)
	at com.kms.katalon.core.main.TestCaseExecutor.processExecutionPhase(TestCaseExecutor.java:418)
	at com.kms.katalon.core.main.TestCaseExecutor.accessMainPhase(TestCaseExecutor.java:410)
	at com.kms.katalon.core.main.TestCaseExecutor.execute(TestCaseExecutor.java:285)
	at com.kms.katalon.core.common.CommonExecutor.accessTestCaseMainPhase(CommonExecutor.java:65)
	at com.kms.katalon.core.main.TestSuiteExecutor.accessTestSuiteMainPhase(TestSuiteExecutor.java:150)
	at com.kms.katalon.core.main.TestSuiteExecutor.execute(TestSuiteExecutor.java:106)
	at com.kms.katalon.core.main.TestCaseMain.startTestSuite(TestCaseMain.java:180)
	at TempTestSuite1732232929817.run(TempTestSuite1732232929817.groovy:35)
	at java.base/jdk.internal.reflect.NativeMethodAccessorImpl.invoke0(Native Method)
	at java.base/jdk.internal.reflect.NativeMethodAccessorImpl.invoke(NativeMethodAccessorImpl.java:77)
	at java.base/jdk.internal.reflect.DelegatingMethodAccessorImpl.invoke(DelegatingMethodAccessorImpl.java:43)
)

22-11-2024T04:54:57 - [TEST_STEP][PASSED] - a = replaceAll("\s+", "").toDouble(): null

22-11-2024T04:54:57 - [TEST_STEP][PASSED] - b = replaceAll("\s+", "").toDouble(): null

22-11-2024T04:54:57 - [TEST_STEP][PASSED] - Script1710234207206.WriteToExcel(todaysDate, run, vir, block, typeOfData, viruchka, vidget, nameOfBlock, a, b, dZO): null

22-11-2024T04:54:57 - [TEST_STEP][PASSED] - println(run): null

22-11-2024T04:54:57 - [TEST_STEP][PASSED] - if (run == 1): null

22-11-2024T04:54:57 - [TEST_STEP][PASSED] - else if (run == 2): null

22-11-2024T04:54:57 - [TEST_STEP][PASSED] - typeOfData = "Проценты": null

22-11-2024T04:54:57 - [TEST_STEP][PASSED] - println("todaysDate:" + todaysDate): null

22-11-2024T04:54:57 - [TEST_STEP][PASSED] - println("typeOfData:" + typeOfData): null

22-11-2024T04:54:57 - [TEST_STEP][PASSED] - viruchka = getText(findTestObject("Выручка в рублях/Фильтр Выручка" + nameOfBlock)): Text of object 'Object Repository/Выручка в рублях/Фильтр Выручка Выручка' is: 'ПЕРЕДАЧА ЭЛЕКТРОЭНЕРГИИ (ИТОГО, по всем видам тарифа)'

22-11-2024T04:54:57 - [MESSAGE][PASSED] - Text of object 'Object Repository/Выручка в рублях/Фильтр Выручка Выручка' is: 'ПЕРЕДАЧА ЭЛЕКТРОЭНЕРГИИ (ИТОГО, по всем видам тарифа)'

22-11-2024T04:54:57 - [TEST_STEP][PASSED] - println("viruchka" + viruchka): null

22-11-2024T04:54:57 - [TEST_STEP][PASSED] - println("vidget" + vidget): null

22-11-2024T04:54:57 - [TEST_STEP][PASSED] - println("a" + a): null

22-11-2024T04:54:57 - [TEST_STEP][PASSED] - println("b" + b): null

22-11-2024T04:54:57 - [TEST_STEP][PASSED] - sheetName = "Sheet1": null

22-11-2024T04:54:57 - [TEST_STEP][PASSED] - data = findTestData("PlanFact"): null

22-11-2024T04:54:57 - [TEST_STEP][PASSED] - n = data.getRowNumbers() + 1: null

22-11-2024T04:54:57 - [TEST_STEP][PASSED] - period = getText(findTestObject("Выручка в рублях/Фильтр Период")): Text of object 'Object Repository/Выручка в рублях/Фильтр Период' is: '1, 2, 3 кв. 2024 года'

22-11-2024T04:54:58 - [MESSAGE][PASSED] - Text of object 'Object Repository/Выручка в рублях/Фильтр Период' is: '1, 2, 3 кв. 2024 года'

22-11-2024T04:54:58 - [TEST_STEP][PASSED] - println(period): null

22-11-2024T04:54:58 - [TEST_STEP][PASSED] - dashboardName = "Выручка в рублях": null

22-11-2024T04:54:58 - [TEST_STEP][PASSED] - workbook01 = getWorkbook(excelFilePath): null

22-11-2024T04:54:58 - [TEST_STEP][PASSED] - sheet01 = getExcelSheet(workbook01, sheetName): null

22-11-2024T04:54:58 - [TEST_STEP][PASSED] - setValueToCellByIndex(sheet01, n, 0, dashboardName): null

22-11-2024T04:54:58 - [TEST_STEP][PASSED] - setValueToCellByIndex(sheet01, n, 1, dZO): null

22-11-2024T04:54:58 - [TEST_STEP][PASSED] - setValueToCellByIndex(sheet01, n, 2, vidget): null

22-11-2024T04:54:58 - [TEST_STEP][PASSED] - setValueToCellByIndex(sheet01, n, 3, viruchka): null

22-11-2024T04:54:58 - [TEST_STEP][PASSED] - setValueToCellByIndex(sheet01, n, 4, typeOfData): null

22-11-2024T04:54:58 - [TEST_STEP][PASSED] - if (a == null): null

22-11-2024T04:54:58 - [TEST_STEP][PASSED] - else: null

22-11-2024T04:54:58 - [TEST_STEP][PASSED] - setValueToCellByIndex(sheet01, n, 5, a): null

22-11-2024T04:54:58 - [TEST_STEP][PASSED] - if (b == null): null

22-11-2024T04:54:58 - [TEST_STEP][PASSED] - else: null

22-11-2024T04:54:58 - [TEST_STEP][PASSED] - setValueToCellByIndex(sheet01, n, 6, b): null

22-11-2024T04:54:58 - [TEST_STEP][PASSED] - setValueToCellByIndex(sheet01, n, 7, period): null

22-11-2024T04:54:58 - [TEST_STEP][PASSED] - setValueToCellByIndex(sheet01, n, 8, todaysDate): null

22-11-2024T04:54:58 - [TEST_STEP][PASSED] - n = n + 1: null

22-11-2024T04:54:58 - [TEST_STEP][PASSED] - saveWorkbook(excelFilePath, workbook01): null

22-11-2024T04:54:58 - [TEST_STEP][PASSED] - dZO = "Россети Ленэнерго (ГК)": null

22-11-2024T04:54:58 - [TEST_STEP][FAILED] - if (verifyEqual(a35, b35) == false): null

22-11-2024T04:54:58 - [MESSAGE][FAILED] - Unable to verify equal between actual object '-47.39' and expected object '5.21' (Root cause: com.kms.katalon.core.exception.StepFailedException: Actual object '-47.39' and expected object '5.21' are not equal
	at com.kms.katalon.core.keyword.builtin.VerifyEqualKeyword$_verifyEqual_closure1.doCall(VerifyEqualKeyword.groovy:58)
	at com.kms.katalon.core.keyword.builtin.VerifyEqualKeyword$_verifyEqual_closure1.call(VerifyEqualKeyword.groovy)
	at com.kms.katalon.core.keyword.internal.KeywordMain.runKeyword(KeywordMain.groovy:75)
	at com.kms.katalon.core.keyword.builtin.VerifyEqualKeyword.verifyEqual(VerifyEqualKeyword.groovy:63)
	at com.kms.katalon.core.keyword.builtin.VerifyEqualKeyword.execute(VerifyEqualKeyword.groovy:44)
	at com.kms.katalon.core.keyword.internal.KeywordExecutor.executeKeywordForPlatform(KeywordExecutor.groovy:74)
	at com.kms.katalon.core.keyword.BuiltinKeywords.verifyEqual(BuiltinKeywords.groovy:146)
	at jdk.internal.reflect.GeneratedMethodAccessor25.invoke(Unknown Source)
	at java.base/jdk.internal.reflect.DelegatingMethodAccessorImpl.invoke(DelegatingMethodAccessorImpl.java:43)
	at Выручка в рублях сверка дашбордов ПАО Россети.Blocks(Выручка в рублях сверка дашбордов ПАО Россети:407)
	at Выручка в рублях сверка дашбордов ПАО Россети.ViruchkaChange(Выручка в рублях сверка дашбордов ПАО Россети:60)
	at Выручка в рублях сверка дашбордов ПАО Россети.run(Выручка в рублях сверка дашбордов ПАО Россети:55)
	at com.kms.katalon.core.main.ScriptEngine.run(ScriptEngine.java:194)
	at com.kms.katalon.core.main.ScriptEngine.runScriptAsRawText(ScriptEngine.java:119)
	at com.kms.katalon.core.main.TestCaseExecutor.runScript(TestCaseExecutor.java:448)
	at com.kms.katalon.core.main.TestCaseExecutor.doExecute(TestCaseExecutor.java:439)
	at com.kms.katalon.core.main.TestCaseExecutor.processExecutionPhase(TestCaseExecutor.java:418)
	at com.kms.katalon.core.main.TestCaseExecutor.accessMainPhase(TestCaseExecutor.java:410)
	at com.kms.katalon.core.main.TestCaseExecutor.execute(TestCaseExecutor.java:285)
	at com.kms.katalon.core.common.CommonExecutor.accessTestCaseMainPhase(CommonExecutor.java:65)
	at com.kms.katalon.core.main.TestSuiteExecutor.accessTestSuiteMainPhase(TestSuiteExecutor.java:150)
	at com.kms.katalon.core.main.TestSuiteExecutor.execute(TestSuiteExecutor.java:106)
	at com.kms.katalon.core.main.TestCaseMain.startTestSuite(TestCaseMain.java:180)
	at TempTestSuite1732232929817.run(TempTestSuite1732232929817.groovy:35)
	at java.base/jdk.internal.reflect.NativeMethodAccessorImpl.invoke0(Native Method)
	at java.base/jdk.internal.reflect.NativeMethodAccessorImpl.invoke(NativeMethodAccessorImpl.java:77)
	at java.base/jdk.internal.reflect.DelegatingMethodAccessorImpl.invoke(DelegatingMethodAccessorImpl.java:43)
)

22-11-2024T04:54:58 - [TEST_STEP][PASSED] - a = replaceAll("\s+", "").toDouble(): null

22-11-2024T04:54:58 - [TEST_STEP][PASSED] - b = replaceAll("\s+", "").toDouble(): null

22-11-2024T04:54:58 - [TEST_STEP][PASSED] - Script1710234207206.WriteToExcel(todaysDate, run, vir, block, typeOfData, viruchka, vidget, nameOfBlock, a, b, dZO): null

22-11-2024T04:54:58 - [TEST_STEP][PASSED] - println(run): null

22-11-2024T04:54:58 - [TEST_STEP][PASSED] - if (run == 1): null

22-11-2024T04:54:58 - [TEST_STEP][PASSED] - else if (run == 2): null

22-11-2024T04:54:58 - [TEST_STEP][PASSED] - typeOfData = "Проценты": null

22-11-2024T04:54:58 - [TEST_STEP][PASSED] - println("todaysDate:" + todaysDate): null

22-11-2024T04:54:58 - [TEST_STEP][PASSED] - println("typeOfData:" + typeOfData): null

22-11-2024T04:54:58 - [TEST_STEP][PASSED] - viruchka = getText(findTestObject("Выручка в рублях/Фильтр Выручка" + nameOfBlock)): Text of object 'Object Repository/Выручка в рублях/Фильтр Выручка Выручка' is: 'ПЕРЕДАЧА ЭЛЕКТРОЭНЕРГИИ (ИТОГО, по всем видам тарифа)'

22-11-2024T04:54:58 - [MESSAGE][PASSED] - Text of object 'Object Repository/Выручка в рублях/Фильтр Выручка Выручка' is: 'ПЕРЕДАЧА ЭЛЕКТРОЭНЕРГИИ (ИТОГО, по всем видам тарифа)'

22-11-2024T04:54:58 - [TEST_STEP][PASSED] - println("viruchka" + viruchka): null

22-11-2024T04:54:58 - [TEST_STEP][PASSED] - println("vidget" + vidget): null

22-11-2024T04:54:58 - [TEST_STEP][PASSED] - println("a" + a): null

22-11-2024T04:54:58 - [TEST_STEP][PASSED] - println("b" + b): null

22-11-2024T04:54:58 - [TEST_STEP][PASSED] - sheetName = "Sheet1": null

22-11-2024T04:54:58 - [TEST_STEP][PASSED] - data = findTestData("PlanFact"): null

22-11-2024T04:54:58 - [TEST_STEP][PASSED] - n = data.getRowNumbers() + 1: null

22-11-2024T04:54:58 - [TEST_STEP][PASSED] - period = getText(findTestObject("Выручка в рублях/Фильтр Период")): Text of object 'Object Repository/Выручка в рублях/Фильтр Период' is: '1, 2, 3 кв. 2024 года'

22-11-2024T04:54:58 - [MESSAGE][PASSED] - Text of object 'Object Repository/Выручка в рублях/Фильтр Период' is: '1, 2, 3 кв. 2024 года'

22-11-2024T04:54:58 - [TEST_STEP][PASSED] - println(period): null

22-11-2024T04:54:58 - [TEST_STEP][PASSED] - dashboardName = "Выручка в рублях": null

22-11-2024T04:54:58 - [TEST_STEP][PASSED] - workbook01 = getWorkbook(excelFilePath): null

22-11-2024T04:54:59 - [TEST_STEP][PASSED] - sheet01 = getExcelSheet(workbook01, sheetName): null

22-11-2024T04:54:59 - [TEST_STEP][PASSED] - setValueToCellByIndex(sheet01, n, 0, dashboardName): null

22-11-2024T04:54:59 - [TEST_STEP][PASSED] - setValueToCellByIndex(sheet01, n, 1, dZO): null

22-11-2024T04:54:59 - [TEST_STEP][PASSED] - setValueToCellByIndex(sheet01, n, 2, vidget): null

22-11-2024T04:54:59 - [TEST_STEP][PASSED] - setValueToCellByIndex(sheet01, n, 3, viruchka): null

22-11-2024T04:54:59 - [TEST_STEP][PASSED] - setValueToCellByIndex(sheet01, n, 4, typeOfData): null

22-11-2024T04:54:59 - [TEST_STEP][PASSED] - if (a == null): null

22-11-2024T04:54:59 - [TEST_STEP][PASSED] - else: null

22-11-2024T04:54:59 - [TEST_STEP][PASSED] - setValueToCellByIndex(sheet01, n, 5, a): null

22-11-2024T04:54:59 - [TEST_STEP][PASSED] - if (b == null): null

22-11-2024T04:54:59 - [TEST_STEP][PASSED] - else: null

22-11-2024T04:54:59 - [TEST_STEP][PASSED] - setValueToCellByIndex(sheet01, n, 6, b): null

22-11-2024T04:54:59 - [TEST_STEP][PASSED] - setValueToCellByIndex(sheet01, n, 7, period): null

22-11-2024T04:54:59 - [TEST_STEP][PASSED] - setValueToCellByIndex(sheet01, n, 8, todaysDate): null

22-11-2024T04:54:59 - [TEST_STEP][PASSED] - n = n + 1: null

22-11-2024T04:54:59 - [TEST_STEP][PASSED] - saveWorkbook(excelFilePath, workbook01): null

22-11-2024T04:54:59 - [TEST_STEP][PASSED] - dZO = "Россети Московский регион": null

22-11-2024T04:54:59 - [TEST_STEP][PASSED] - if (verifyEqual(a36, b36) == false): Actual object '4.51' and expected object '4.51' are equal

22-11-2024T04:54:59 - [MESSAGE][PASSED] - Actual object '4.51' and expected object '4.51' are equal

22-11-2024T04:54:59 - [TEST_STEP][PASSED] - dZO = "Россети Северный Кавказ (ГК)": null

22-11-2024T04:54:59 - [TEST_STEP][FAILED] - if (verifyEqual(a37, b37) == false): null

22-11-2024T04:54:59 - [MESSAGE][FAILED] - Unable to verify equal between actual object '-48.83' and expected object '2.68' (Root cause: com.kms.katalon.core.exception.StepFailedException: Actual object '-48.83' and expected object '2.68' are not equal
	at com.kms.katalon.core.keyword.builtin.VerifyEqualKeyword$_verifyEqual_closure1.doCall(VerifyEqualKeyword.groovy:58)
	at com.kms.katalon.core.keyword.builtin.VerifyEqualKeyword$_verifyEqual_closure1.call(VerifyEqualKeyword.groovy)
	at com.kms.katalon.core.keyword.internal.KeywordMain.runKeyword(KeywordMain.groovy:75)
	at com.kms.katalon.core.keyword.builtin.VerifyEqualKeyword.verifyEqual(VerifyEqualKeyword.groovy:63)
	at com.kms.katalon.core.keyword.builtin.VerifyEqualKeyword.execute(VerifyEqualKeyword.groovy:44)
	at com.kms.katalon.core.keyword.internal.KeywordExecutor.executeKeywordForPlatform(KeywordExecutor.groovy:74)
	at com.kms.katalon.core.keyword.BuiltinKeywords.verifyEqual(BuiltinKeywords.groovy:146)
	at jdk.internal.reflect.GeneratedMethodAccessor25.invoke(Unknown Source)
	at java.base/jdk.internal.reflect.DelegatingMethodAccessorImpl.invoke(DelegatingMethodAccessorImpl.java:43)
	at Выручка в рублях сверка дашбордов ПАО Россети.Blocks(Выручка в рублях сверка дашбордов ПАО Россети:427)
	at Выручка в рублях сверка дашбордов ПАО Россети.ViruchkaChange(Выручка в рублях сверка дашбордов ПАО Россети:60)
	at Выручка в рублях сверка дашбордов ПАО Россети.run(Выручка в рублях сверка дашбордов ПАО Россети:55)
	at com.kms.katalon.core.main.ScriptEngine.run(ScriptEngine.java:194)
	at com.kms.katalon.core.main.ScriptEngine.runScriptAsRawText(ScriptEngine.java:119)
	at com.kms.katalon.core.main.TestCaseExecutor.runScript(TestCaseExecutor.java:448)
	at com.kms.katalon.core.main.TestCaseExecutor.doExecute(TestCaseExecutor.java:439)
	at com.kms.katalon.core.main.TestCaseExecutor.processExecutionPhase(TestCaseExecutor.java:418)
	at com.kms.katalon.core.main.TestCaseExecutor.accessMainPhase(TestCaseExecutor.java:410)
	at com.kms.katalon.core.main.TestCaseExecutor.execute(TestCaseExecutor.java:285)
	at com.kms.katalon.core.common.CommonExecutor.accessTestCaseMainPhase(CommonExecutor.java:65)
	at com.kms.katalon.core.main.TestSuiteExecutor.accessTestSuiteMainPhase(TestSuiteExecutor.java:150)
	at com.kms.katalon.core.main.TestSuiteExecutor.execute(TestSuiteExecutor.java:106)
	at com.kms.katalon.core.main.TestCaseMain.startTestSuite(TestCaseMain.java:180)
	at TempTestSuite1732232929817.run(TempTestSuite1732232929817.groovy:35)
	at java.base/jdk.internal.reflect.NativeMethodAccessorImpl.invoke0(Native Method)
	at java.base/jdk.internal.reflect.NativeMethodAccessorImpl.invoke(NativeMethodAccessorImpl.java:77)
	at java.base/jdk.internal.reflect.DelegatingMethodAccessorImpl.invoke(DelegatingMethodAccessorImpl.java:43)
)

22-11-2024T04:54:59 - [TEST_STEP][PASSED] - a = replaceAll("\s+", "").toDouble(): null

22-11-2024T04:54:59 - [TEST_STEP][PASSED] - b = replaceAll("\s+", "").toDouble(): null

22-11-2024T04:54:59 - [TEST_STEP][PASSED] - Script1710234207206.WriteToExcel(todaysDate, run, vir, block, typeOfData, viruchka, vidget, nameOfBlock, a, b, dZO): null

22-11-2024T04:54:59 - [TEST_STEP][PASSED] - println(run): null

22-11-2024T04:54:59 - [TEST_STEP][PASSED] - if (run == 1): null

22-11-2024T04:54:59 - [TEST_STEP][PASSED] - else if (run == 2): null

22-11-2024T04:54:59 - [TEST_STEP][PASSED] - typeOfData = "Проценты": null

22-11-2024T04:54:59 - [TEST_STEP][PASSED] - println("todaysDate:" + todaysDate): null

22-11-2024T04:54:59 - [TEST_STEP][PASSED] - println("typeOfData:" + typeOfData): null

22-11-2024T04:54:59 - [TEST_STEP][PASSED] - viruchka = getText(findTestObject("Выручка в рублях/Фильтр Выручка" + nameOfBlock)): Text of object 'Object Repository/Выручка в рублях/Фильтр Выручка Выручка' is: 'ПЕРЕДАЧА ЭЛЕКТРОЭНЕРГИИ (ИТОГО, по всем видам тарифа)'

22-11-2024T04:54:59 - [MESSAGE][PASSED] - Text of object 'Object Repository/Выручка в рублях/Фильтр Выручка Выручка' is: 'ПЕРЕДАЧА ЭЛЕКТРОЭНЕРГИИ (ИТОГО, по всем видам тарифа)'

22-11-2024T04:54:59 - [TEST_STEP][PASSED] - println("viruchka" + viruchka): null

22-11-2024T04:54:59 - [TEST_STEP][PASSED] - println("vidget" + vidget): null

22-11-2024T04:54:59 - [TEST_STEP][PASSED] - println("a" + a): null

22-11-2024T04:54:59 - [TEST_STEP][PASSED] - println("b" + b): null

22-11-2024T04:54:59 - [TEST_STEP][PASSED] - sheetName = "Sheet1": null

22-11-2024T04:54:59 - [TEST_STEP][PASSED] - data = findTestData("PlanFact"): null

22-11-2024T04:54:59 - [TEST_STEP][PASSED] - n = data.getRowNumbers() + 1: null

22-11-2024T04:54:59 - [TEST_STEP][PASSED] - period = getText(findTestObject("Выручка в рублях/Фильтр Период")): Text of object 'Object Repository/Выручка в рублях/Фильтр Период' is: '1, 2, 3 кв. 2024 года'

22-11-2024T04:54:59 - [MESSAGE][PASSED] - Text of object 'Object Repository/Выручка в рублях/Фильтр Период' is: '1, 2, 3 кв. 2024 года'

22-11-2024T04:54:59 - [TEST_STEP][PASSED] - println(period): null

22-11-2024T04:54:59 - [TEST_STEP][PASSED] - dashboardName = "Выручка в рублях": null

22-11-2024T04:54:59 - [TEST_STEP][PASSED] - workbook01 = getWorkbook(excelFilePath): null

22-11-2024T04:54:59 - [TEST_STEP][PASSED] - sheet01 = getExcelSheet(workbook01, sheetName): null

22-11-2024T04:54:59 - [TEST_STEP][PASSED] - setValueToCellByIndex(sheet01, n, 0, dashboardName): null

22-11-2024T04:54:59 - [TEST_STEP][PASSED] - setValueToCellByIndex(sheet01, n, 1, dZO): null

22-11-2024T04:54:59 - [TEST_STEP][PASSED] - setValueToCellByIndex(sheet01, n, 2, vidget): null

22-11-2024T04:54:59 - [TEST_STEP][PASSED] - setValueToCellByIndex(sheet01, n, 3, viruchka): null

22-11-2024T04:54:59 - [TEST_STEP][PASSED] - setValueToCellByIndex(sheet01, n, 4, typeOfData): null

22-11-2024T04:54:59 - [TEST_STEP][PASSED] - if (a == null): null

22-11-2024T04:54:59 - [TEST_STEP][PASSED] - else: null

22-11-2024T04:54:59 - [TEST_STEP][PASSED] - setValueToCellByIndex(sheet01, n, 5, a): null

22-11-2024T04:54:59 - [TEST_STEP][PASSED] - if (b == null): null

22-11-2024T04:54:59 - [TEST_STEP][PASSED] - else: null

22-11-2024T04:54:59 - [TEST_STEP][PASSED] - setValueToCellByIndex(sheet01, n, 6, b): null

22-11-2024T04:54:59 - [TEST_STEP][PASSED] - setValueToCellByIndex(sheet01, n, 7, period): null

22-11-2024T04:54:59 - [TEST_STEP][PASSED] - setValueToCellByIndex(sheet01, n, 8, todaysDate): null

22-11-2024T04:54:59 - [TEST_STEP][PASSED] - n = n + 1: null

22-11-2024T04:54:59 - [TEST_STEP][PASSED] - saveWorkbook(excelFilePath, workbook01): null

22-11-2024T04:55:00 - [TEST_STEP][PASSED] - dZO = "Россети Северо-Запад": null

22-11-2024T04:55:00 - [TEST_STEP][PASSED] - if (verifyEqual(a38, b38) == false): Actual object '2.16' and expected object '2.16' are equal

22-11-2024T04:55:00 - [MESSAGE][PASSED] - Actual object '2.16' and expected object '2.16' are equal

22-11-2024T04:55:00 - [TEST_STEP][PASSED] - dZO = "Россети Сибирь (ГК)": null

22-11-2024T04:55:00 - [TEST_STEP][PASSED] - if (verifyEqual(a39, b39) == false): Actual object '4.15' and expected object '4.15' are equal

22-11-2024T04:55:00 - [MESSAGE][PASSED] - Actual object '4.15' and expected object '4.15' are equal

22-11-2024T04:55:00 - [TEST_STEP][PASSED] - dZO = "Россети Томск": null

22-11-2024T04:55:00 - [TEST_STEP][FAILED] - if (verifyEqual(a310, b310) == false): null

22-11-2024T04:55:00 - [MESSAGE][FAILED] - Unable to verify equal between actual object '-48.47' and expected object '3.07' (Root cause: com.kms.katalon.core.exception.StepFailedException: Actual object '-48.47' and expected object '3.07' are not equal
	at com.kms.katalon.core.keyword.builtin.VerifyEqualKeyword$_verifyEqual_closure1.doCall(VerifyEqualKeyword.groovy:58)
	at com.kms.katalon.core.keyword.builtin.VerifyEqualKeyword$_verifyEqual_closure1.call(VerifyEqualKeyword.groovy)
	at com.kms.katalon.core.keyword.internal.KeywordMain.runKeyword(KeywordMain.groovy:75)
	at com.kms.katalon.core.keyword.builtin.VerifyEqualKeyword.verifyEqual(VerifyEqualKeyword.groovy:63)
	at com.kms.katalon.core.keyword.builtin.VerifyEqualKeyword.execute(VerifyEqualKeyword.groovy:44)
	at com.kms.katalon.core.keyword.internal.KeywordExecutor.executeKeywordForPlatform(KeywordExecutor.groovy:74)
	at com.kms.katalon.core.keyword.BuiltinKeywords.verifyEqual(BuiltinKeywords.groovy:146)
	at jdk.internal.reflect.GeneratedMethodAccessor25.invoke(Unknown Source)
	at java.base/jdk.internal.reflect.DelegatingMethodAccessorImpl.invoke(DelegatingMethodAccessorImpl.java:43)
	at Выручка в рублях сверка дашбордов ПАО Россети.Blocks(Выручка в рублях сверка дашбордов ПАО Россети:457)
	at Выручка в рублях сверка дашбордов ПАО Россети.ViruchkaChange(Выручка в рублях сверка дашбордов ПАО Россети:60)
	at Выручка в рублях сверка дашбордов ПАО Россети.run(Выручка в рублях сверка дашбордов ПАО Россети:55)
	at com.kms.katalon.core.main.ScriptEngine.run(ScriptEngine.java:194)
	at com.kms.katalon.core.main.ScriptEngine.runScriptAsRawText(ScriptEngine.java:119)
	at com.kms.katalon.core.main.TestCaseExecutor.runScript(TestCaseExecutor.java:448)
	at com.kms.katalon.core.main.TestCaseExecutor.doExecute(TestCaseExecutor.java:439)
	at com.kms.katalon.core.main.TestCaseExecutor.processExecutionPhase(TestCaseExecutor.java:418)
	at com.kms.katalon.core.main.TestCaseExecutor.accessMainPhase(TestCaseExecutor.java:410)
	at com.kms.katalon.core.main.TestCaseExecutor.execute(TestCaseExecutor.java:285)
	at com.kms.katalon.core.common.CommonExecutor.accessTestCaseMainPhase(CommonExecutor.java:65)
	at com.kms.katalon.core.main.TestSuiteExecutor.accessTestSuiteMainPhase(TestSuiteExecutor.java:150)
	at com.kms.katalon.core.main.TestSuiteExecutor.execute(TestSuiteExecutor.java:106)
	at com.kms.katalon.core.main.TestCaseMain.startTestSuite(TestCaseMain.java:180)
	at TempTestSuite1732232929817.run(TempTestSuite1732232929817.groovy:35)
	at java.base/jdk.internal.reflect.NativeMethodAccessorImpl.invoke0(Native Method)
	at java.base/jdk.internal.reflect.NativeMethodAccessorImpl.invoke(NativeMethodAccessorImpl.java:77)
	at java.base/jdk.internal.reflect.DelegatingMethodAccessorImpl.invoke(DelegatingMethodAccessorImpl.java:43)
)

22-11-2024T04:55:00 - [TEST_STEP][PASSED] - a = replaceAll("\s+", "").toDouble(): null

22-11-2024T04:55:00 - [TEST_STEP][PASSED] - b = replaceAll("\s+", "").toDouble(): null

22-11-2024T04:55:00 - [TEST_STEP][PASSED] - Script1710234207206.WriteToExcel(todaysDate, run, vir, block, typeOfData, viruchka, vidget, nameOfBlock, a, b, dZO): null

22-11-2024T04:55:00 - [TEST_STEP][PASSED] - println(run): null

22-11-2024T04:55:00 - [TEST_STEP][PASSED] - if (run == 1): null

22-11-2024T04:55:00 - [TEST_STEP][PASSED] - else if (run == 2): null

22-11-2024T04:55:00 - [TEST_STEP][PASSED] - typeOfData = "Проценты": null

22-11-2024T04:55:00 - [TEST_STEP][PASSED] - println("todaysDate:" + todaysDate): null

22-11-2024T04:55:00 - [TEST_STEP][PASSED] - println("typeOfData:" + typeOfData): null

22-11-2024T04:55:00 - [TEST_STEP][PASSED] - viruchka = getText(findTestObject("Выручка в рублях/Фильтр Выручка" + nameOfBlock)): Text of object 'Object Repository/Выручка в рублях/Фильтр Выручка Выручка' is: 'ПЕРЕДАЧА ЭЛЕКТРОЭНЕРГИИ (ИТОГО, по всем видам тарифа)'

22-11-2024T04:55:00 - [MESSAGE][PASSED] - Text of object 'Object Repository/Выручка в рублях/Фильтр Выручка Выручка' is: 'ПЕРЕДАЧА ЭЛЕКТРОЭНЕРГИИ (ИТОГО, по всем видам тарифа)'

22-11-2024T04:55:00 - [TEST_STEP][PASSED] - println("viruchka" + viruchka): null

22-11-2024T04:55:00 - [TEST_STEP][PASSED] - println("vidget" + vidget): null

22-11-2024T04:55:00 - [TEST_STEP][PASSED] - println("a" + a): null

22-11-2024T04:55:00 - [TEST_STEP][PASSED] - println("b" + b): null

22-11-2024T04:55:00 - [TEST_STEP][PASSED] - sheetName = "Sheet1": null

22-11-2024T04:55:00 - [TEST_STEP][PASSED] - data = findTestData("PlanFact"): null

22-11-2024T04:55:00 - [TEST_STEP][PASSED] - n = data.getRowNumbers() + 1: null

22-11-2024T04:55:00 - [TEST_STEP][PASSED] - period = getText(findTestObject("Выручка в рублях/Фильтр Период")): Text of object 'Object Repository/Выручка в рублях/Фильтр Период' is: '1, 2, 3 кв. 2024 года'

22-11-2024T04:55:00 - [MESSAGE][PASSED] - Text of object 'Object Repository/Выручка в рублях/Фильтр Период' is: '1, 2, 3 кв. 2024 года'

22-11-2024T04:55:00 - [TEST_STEP][PASSED] - println(period): null

22-11-2024T04:55:00 - [TEST_STEP][PASSED] - dashboardName = "Выручка в рублях": null

22-11-2024T04:55:00 - [TEST_STEP][PASSED] - workbook01 = getWorkbook(excelFilePath): null

22-11-2024T04:55:00 - [TEST_STEP][PASSED] - sheet01 = getExcelSheet(workbook01, sheetName): null

22-11-2024T04:55:00 - [TEST_STEP][PASSED] - setValueToCellByIndex(sheet01, n, 0, dashboardName): null

22-11-2024T04:55:00 - [TEST_STEP][PASSED] - setValueToCellByIndex(sheet01, n, 1, dZO): null

22-11-2024T04:55:00 - [TEST_STEP][PASSED] - setValueToCellByIndex(sheet01, n, 2, vidget): null

22-11-2024T04:55:00 - [TEST_STEP][PASSED] - setValueToCellByIndex(sheet01, n, 3, viruchka): null

22-11-2024T04:55:00 - [TEST_STEP][PASSED] - setValueToCellByIndex(sheet01, n, 4, typeOfData): null

22-11-2024T04:55:00 - [TEST_STEP][PASSED] - if (a == null): null

22-11-2024T04:55:00 - [TEST_STEP][PASSED] - else: null

22-11-2024T04:55:00 - [TEST_STEP][PASSED] - setValueToCellByIndex(sheet01, n, 5, a): null

22-11-2024T04:55:00 - [TEST_STEP][PASSED] - if (b == null): null

22-11-2024T04:55:00 - [TEST_STEP][PASSED] - else: null

22-11-2024T04:55:00 - [TEST_STEP][PASSED] - setValueToCellByIndex(sheet01, n, 6, b): null

22-11-2024T04:55:00 - [TEST_STEP][PASSED] - setValueToCellByIndex(sheet01, n, 7, period): null

22-11-2024T04:55:00 - [TEST_STEP][PASSED] - setValueToCellByIndex(sheet01, n, 8, todaysDate): null

22-11-2024T04:55:00 - [TEST_STEP][PASSED] - n = n + 1: null

22-11-2024T04:55:00 - [TEST_STEP][PASSED] - saveWorkbook(excelFilePath, workbook01): null

22-11-2024T04:55:01 - [TEST_STEP][PASSED] - dZO = "Россети Тюмень": null

22-11-2024T04:55:01 - [TEST_STEP][FAILED] - if (verifyEqual(a311, b311) == false): null

22-11-2024T04:55:01 - [MESSAGE][FAILED] - Unable to verify equal between actual object '-53.49' and expected object '-6.98' (Root cause: com.kms.katalon.core.exception.StepFailedException: Actual object '-53.49' and expected object '-6.98' are not equal
	at com.kms.katalon.core.keyword.builtin.VerifyEqualKeyword$_verifyEqual_closure1.doCall(VerifyEqualKeyword.groovy:58)
	at com.kms.katalon.core.keyword.builtin.VerifyEqualKeyword$_verifyEqual_closure1.call(VerifyEqualKeyword.groovy)
	at com.kms.katalon.core.keyword.internal.KeywordMain.runKeyword(KeywordMain.groovy:75)
	at com.kms.katalon.core.keyword.builtin.VerifyEqualKeyword.verifyEqual(VerifyEqualKeyword.groovy:63)
	at com.kms.katalon.core.keyword.builtin.VerifyEqualKeyword.execute(VerifyEqualKeyword.groovy:44)
	at com.kms.katalon.core.keyword.internal.KeywordExecutor.executeKeywordForPlatform(KeywordExecutor.groovy:74)
	at com.kms.katalon.core.keyword.BuiltinKeywords.verifyEqual(BuiltinKeywords.groovy:146)
	at jdk.internal.reflect.GeneratedMethodAccessor25.invoke(Unknown Source)
	at java.base/jdk.internal.reflect.DelegatingMethodAccessorImpl.invoke(DelegatingMethodAccessorImpl.java:43)
	at Выручка в рублях сверка дашбордов ПАО Россети.Blocks(Выручка в рублях сверка дашбордов ПАО Россети:467)
	at Выручка в рублях сверка дашбордов ПАО Россети.ViruchkaChange(Выручка в рублях сверка дашбордов ПАО Россети:60)
	at Выручка в рублях сверка дашбордов ПАО Россети.run(Выручка в рублях сверка дашбордов ПАО Россети:55)
	at com.kms.katalon.core.main.ScriptEngine.run(ScriptEngine.java:194)
	at com.kms.katalon.core.main.ScriptEngine.runScriptAsRawText(ScriptEngine.java:119)
	at com.kms.katalon.core.main.TestCaseExecutor.runScript(TestCaseExecutor.java:448)
	at com.kms.katalon.core.main.TestCaseExecutor.doExecute(TestCaseExecutor.java:439)
	at com.kms.katalon.core.main.TestCaseExecutor.processExecutionPhase(TestCaseExecutor.java:418)
	at com.kms.katalon.core.main.TestCaseExecutor.accessMainPhase(TestCaseExecutor.java:410)
	at com.kms.katalon.core.main.TestCaseExecutor.execute(TestCaseExecutor.java:285)
	at com.kms.katalon.core.common.CommonExecutor.accessTestCaseMainPhase(CommonExecutor.java:65)
	at com.kms.katalon.core.main.TestSuiteExecutor.accessTestSuiteMainPhase(TestSuiteExecutor.java:150)
	at com.kms.katalon.core.main.TestSuiteExecutor.execute(TestSuiteExecutor.java:106)
	at com.kms.katalon.core.main.TestCaseMain.startTestSuite(TestCaseMain.java:180)
	at TempTestSuite1732232929817.run(TempTestSuite1732232929817.groovy:35)
	at java.base/jdk.internal.reflect.NativeMethodAccessorImpl.invoke0(Native Method)
	at java.base/jdk.internal.reflect.NativeMethodAccessorImpl.invoke(NativeMethodAccessorImpl.java:77)
	at java.base/jdk.internal.reflect.DelegatingMethodAccessorImpl.invoke(DelegatingMethodAccessorImpl.java:43)
)

22-11-2024T04:55:01 - [TEST_STEP][PASSED] - a = replaceAll("\s+", "").toDouble(): null

22-11-2024T04:55:01 - [TEST_STEP][PASSED] - b = replaceAll("\s+", "").toDouble(): null

22-11-2024T04:55:01 - [TEST_STEP][PASSED] - Script1710234207206.WriteToExcel(todaysDate, run, vir, block, typeOfData, viruchka, vidget, nameOfBlock, a, b, dZO): null

22-11-2024T04:55:01 - [TEST_STEP][PASSED] - println(run): null

22-11-2024T04:55:01 - [TEST_STEP][PASSED] - if (run == 1): null

22-11-2024T04:55:01 - [TEST_STEP][PASSED] - else if (run == 2): null

22-11-2024T04:55:01 - [TEST_STEP][PASSED] - typeOfData = "Проценты": null

22-11-2024T04:55:01 - [TEST_STEP][PASSED] - println("todaysDate:" + todaysDate): null

22-11-2024T04:55:01 - [TEST_STEP][PASSED] - println("typeOfData:" + typeOfData): null

22-11-2024T04:55:01 - [TEST_STEP][PASSED] - viruchka = getText(findTestObject("Выручка в рублях/Фильтр Выручка" + nameOfBlock)): Text of object 'Object Repository/Выручка в рублях/Фильтр Выручка Выручка' is: 'ПЕРЕДАЧА ЭЛЕКТРОЭНЕРГИИ (ИТОГО, по всем видам тарифа)'

22-11-2024T04:55:01 - [MESSAGE][PASSED] - Text of object 'Object Repository/Выручка в рублях/Фильтр Выручка Выручка' is: 'ПЕРЕДАЧА ЭЛЕКТРОЭНЕРГИИ (ИТОГО, по всем видам тарифа)'

22-11-2024T04:55:01 - [TEST_STEP][PASSED] - println("viruchka" + viruchka): null

22-11-2024T04:55:01 - [TEST_STEP][PASSED] - println("vidget" + vidget): null

22-11-2024T04:55:01 - [TEST_STEP][PASSED] - println("a" + a): null

22-11-2024T04:55:01 - [TEST_STEP][PASSED] - println("b" + b): null

22-11-2024T04:55:01 - [TEST_STEP][PASSED] - sheetName = "Sheet1": null

22-11-2024T04:55:01 - [TEST_STEP][PASSED] - data = findTestData("PlanFact"): null

22-11-2024T04:55:01 - [TEST_STEP][PASSED] - n = data.getRowNumbers() + 1: null

22-11-2024T04:55:01 - [TEST_STEP][PASSED] - period = getText(findTestObject("Выручка в рублях/Фильтр Период")): Text of object 'Object Repository/Выручка в рублях/Фильтр Период' is: '1, 2, 3 кв. 2024 года'

22-11-2024T04:55:01 - [MESSAGE][PASSED] - Text of object 'Object Repository/Выручка в рублях/Фильтр Период' is: '1, 2, 3 кв. 2024 года'

22-11-2024T04:55:01 - [TEST_STEP][PASSED] - println(period): null

22-11-2024T04:55:01 - [TEST_STEP][PASSED] - dashboardName = "Выручка в рублях": null

22-11-2024T04:55:01 - [TEST_STEP][PASSED] - workbook01 = getWorkbook(excelFilePath): null

22-11-2024T04:55:01 - [TEST_STEP][PASSED] - sheet01 = getExcelSheet(workbook01, sheetName): null

22-11-2024T04:55:01 - [TEST_STEP][PASSED] - setValueToCellByIndex(sheet01, n, 0, dashboardName): null

22-11-2024T04:55:01 - [TEST_STEP][PASSED] - setValueToCellByIndex(sheet01, n, 1, dZO): null

22-11-2024T04:55:01 - [TEST_STEP][PASSED] - setValueToCellByIndex(sheet01, n, 2, vidget): null

22-11-2024T04:55:01 - [TEST_STEP][PASSED] - setValueToCellByIndex(sheet01, n, 3, viruchka): null

22-11-2024T04:55:01 - [TEST_STEP][PASSED] - setValueToCellByIndex(sheet01, n, 4, typeOfData): null

22-11-2024T04:55:01 - [TEST_STEP][PASSED] - if (a == null): null

22-11-2024T04:55:01 - [TEST_STEP][PASSED] - else: null

22-11-2024T04:55:01 - [TEST_STEP][PASSED] - setValueToCellByIndex(sheet01, n, 5, a): null

22-11-2024T04:55:01 - [TEST_STEP][PASSED] - if (b == null): null

22-11-2024T04:55:01 - [TEST_STEP][PASSED] - else: null

22-11-2024T04:55:01 - [TEST_STEP][PASSED] - setValueToCellByIndex(sheet01, n, 6, b): null

22-11-2024T04:55:01 - [TEST_STEP][PASSED] - setValueToCellByIndex(sheet01, n, 7, period): null

22-11-2024T04:55:01 - [TEST_STEP][PASSED] - setValueToCellByIndex(sheet01, n, 8, todaysDate): null

22-11-2024T04:55:01 - [TEST_STEP][PASSED] - n = n + 1: null

22-11-2024T04:55:01 - [TEST_STEP][PASSED] - saveWorkbook(excelFilePath, workbook01): null

22-11-2024T04:55:02 - [TEST_STEP][PASSED] - dZO = "Россети Урал (ГК)": null

22-11-2024T04:55:02 - [TEST_STEP][PASSED] - if (verifyEqual(a312, b312) == false): Actual object '2.23' and expected object '2.23' are equal

22-11-2024T04:55:02 - [MESSAGE][PASSED] - Actual object '2.23' and expected object '2.23' are equal

22-11-2024T04:55:02 - [TEST_STEP][PASSED] - dZO = "Россети ФСК ЕЭС": null

22-11-2024T04:55:02 - [TEST_STEP][PASSED] - if (verifyEqual(a313, b313) == false): Actual object '0.87' and expected object '0.87' are equal

22-11-2024T04:55:02 - [MESSAGE][PASSED] - Actual object '0.87' and expected object '0.87' are equal

22-11-2024T04:55:02 - [TEST_STEP][PASSED] - dZO = "Россети Центр": null

22-11-2024T04:55:02 - [TEST_STEP][FAILED] - if (verifyEqual(a314, b314) == false): null

22-11-2024T04:55:02 - [MESSAGE][FAILED] - Unable to verify equal between actual object '-30.67' and expected object '4' (Root cause: com.kms.katalon.core.exception.StepFailedException: Actual object '-30.67' and expected object '4' are not equal
	at com.kms.katalon.core.keyword.builtin.VerifyEqualKeyword$_verifyEqual_closure1.doCall(VerifyEqualKeyword.groovy:58)
	at com.kms.katalon.core.keyword.builtin.VerifyEqualKeyword$_verifyEqual_closure1.call(VerifyEqualKeyword.groovy)
	at com.kms.katalon.core.keyword.internal.KeywordMain.runKeyword(KeywordMain.groovy:75)
	at com.kms.katalon.core.keyword.builtin.VerifyEqualKeyword.verifyEqual(VerifyEqualKeyword.groovy:63)
	at com.kms.katalon.core.keyword.builtin.VerifyEqualKeyword.execute(VerifyEqualKeyword.groovy:44)
	at com.kms.katalon.core.keyword.internal.KeywordExecutor.executeKeywordForPlatform(KeywordExecutor.groovy:74)
	at com.kms.katalon.core.keyword.BuiltinKeywords.verifyEqual(BuiltinKeywords.groovy:146)
	at jdk.internal.reflect.GeneratedMethodAccessor25.invoke(Unknown Source)
	at java.base/jdk.internal.reflect.DelegatingMethodAccessorImpl.invoke(DelegatingMethodAccessorImpl.java:43)
	at Выручка в рублях сверка дашбордов ПАО Россети.Blocks(Выручка в рублях сверка дашбордов ПАО Россети:497)
	at Выручка в рублях сверка дашбордов ПАО Россети.ViruchkaChange(Выручка в рублях сверка дашбордов ПАО Россети:60)
	at Выручка в рублях сверка дашбордов ПАО Россети.run(Выручка в рублях сверка дашбордов ПАО Россети:55)
	at com.kms.katalon.core.main.ScriptEngine.run(ScriptEngine.java:194)
	at com.kms.katalon.core.main.ScriptEngine.runScriptAsRawText(ScriptEngine.java:119)
	at com.kms.katalon.core.main.TestCaseExecutor.runScript(TestCaseExecutor.java:448)
	at com.kms.katalon.core.main.TestCaseExecutor.doExecute(TestCaseExecutor.java:439)
	at com.kms.katalon.core.main.TestCaseExecutor.processExecutionPhase(TestCaseExecutor.java:418)
	at com.kms.katalon.core.main.TestCaseExecutor.accessMainPhase(TestCaseExecutor.java:410)
	at com.kms.katalon.core.main.TestCaseExecutor.execute(TestCaseExecutor.java:285)
	at com.kms.katalon.core.common.CommonExecutor.accessTestCaseMainPhase(CommonExecutor.java:65)
	at com.kms.katalon.core.main.TestSuiteExecutor.accessTestSuiteMainPhase(TestSuiteExecutor.java:150)
	at com.kms.katalon.core.main.TestSuiteExecutor.execute(TestSuiteExecutor.java:106)
	at com.kms.katalon.core.main.TestCaseMain.startTestSuite(TestCaseMain.java:180)
	at TempTestSuite1732232929817.run(TempTestSuite1732232929817.groovy:35)
	at java.base/jdk.internal.reflect.NativeMethodAccessorImpl.invoke0(Native Method)
	at java.base/jdk.internal.reflect.NativeMethodAccessorImpl.invoke(NativeMethodAccessorImpl.java:77)
	at java.base/jdk.internal.reflect.DelegatingMethodAccessorImpl.invoke(DelegatingMethodAccessorImpl.java:43)
)

22-11-2024T04:55:02 - [TEST_STEP][PASSED] - a = replaceAll("\s+", "").toDouble(): null

22-11-2024T04:55:02 - [TEST_STEP][PASSED] - b = replaceAll("\s+", "").toDouble(): null

22-11-2024T04:55:02 - [TEST_STEP][PASSED] - Script1710234207206.WriteToExcel(todaysDate, run, vir, block, typeOfData, viruchka, vidget, nameOfBlock, a, b, dZO): null

22-11-2024T04:55:02 - [TEST_STEP][PASSED] - println(run): null

22-11-2024T04:55:02 - [TEST_STEP][PASSED] - if (run == 1): null

22-11-2024T04:55:02 - [TEST_STEP][PASSED] - else if (run == 2): null

22-11-2024T04:55:02 - [TEST_STEP][PASSED] - typeOfData = "Проценты": null

22-11-2024T04:55:02 - [TEST_STEP][PASSED] - println("todaysDate:" + todaysDate): null

22-11-2024T04:55:02 - [TEST_STEP][PASSED] - println("typeOfData:" + typeOfData): null

22-11-2024T04:55:02 - [TEST_STEP][PASSED] - viruchka = getText(findTestObject("Выручка в рублях/Фильтр Выручка" + nameOfBlock)): Text of object 'Object Repository/Выручка в рублях/Фильтр Выручка Выручка' is: 'ПЕРЕДАЧА ЭЛЕКТРОЭНЕРГИИ (ИТОГО, по всем видам тарифа)'

22-11-2024T04:55:02 - [MESSAGE][PASSED] - Text of object 'Object Repository/Выручка в рублях/Фильтр Выручка Выручка' is: 'ПЕРЕДАЧА ЭЛЕКТРОЭНЕРГИИ (ИТОГО, по всем видам тарифа)'

22-11-2024T04:55:02 - [TEST_STEP][PASSED] - println("viruchka" + viruchka): null

22-11-2024T04:55:02 - [TEST_STEP][PASSED] - println("vidget" + vidget): null

22-11-2024T04:55:02 - [TEST_STEP][PASSED] - println("a" + a): null

22-11-2024T04:55:02 - [TEST_STEP][PASSED] - println("b" + b): null

22-11-2024T04:55:02 - [TEST_STEP][PASSED] - sheetName = "Sheet1": null

22-11-2024T04:55:02 - [TEST_STEP][PASSED] - data = findTestData("PlanFact"): null

22-11-2024T04:55:02 - [TEST_STEP][PASSED] - n = data.getRowNumbers() + 1: null

22-11-2024T04:55:02 - [TEST_STEP][PASSED] - period = getText(findTestObject("Выручка в рублях/Фильтр Период")): Text of object 'Object Repository/Выручка в рублях/Фильтр Период' is: '1, 2, 3 кв. 2024 года'

22-11-2024T04:55:02 - [MESSAGE][PASSED] - Text of object 'Object Repository/Выручка в рублях/Фильтр Период' is: '1, 2, 3 кв. 2024 года'

22-11-2024T04:55:02 - [TEST_STEP][PASSED] - println(period): null

22-11-2024T04:55:02 - [TEST_STEP][PASSED] - dashboardName = "Выручка в рублях": null

22-11-2024T04:55:02 - [TEST_STEP][PASSED] - workbook01 = getWorkbook(excelFilePath): null

22-11-2024T04:55:02 - [TEST_STEP][PASSED] - sheet01 = getExcelSheet(workbook01, sheetName): null

22-11-2024T04:55:02 - [TEST_STEP][PASSED] - setValueToCellByIndex(sheet01, n, 0, dashboardName): null

22-11-2024T04:55:02 - [TEST_STEP][PASSED] - setValueToCellByIndex(sheet01, n, 1, dZO): null

22-11-2024T04:55:02 - [TEST_STEP][PASSED] - setValueToCellByIndex(sheet01, n, 2, vidget): null

22-11-2024T04:55:02 - [TEST_STEP][PASSED] - setValueToCellByIndex(sheet01, n, 3, viruchka): null

22-11-2024T04:55:02 - [TEST_STEP][PASSED] - setValueToCellByIndex(sheet01, n, 4, typeOfData): null

22-11-2024T04:55:02 - [TEST_STEP][PASSED] - if (a == null): null

22-11-2024T04:55:02 - [TEST_STEP][PASSED] - else: null

22-11-2024T04:55:02 - [TEST_STEP][PASSED] - setValueToCellByIndex(sheet01, n, 5, a): null

22-11-2024T04:55:02 - [TEST_STEP][PASSED] - if (b == null): null

22-11-2024T04:55:02 - [TEST_STEP][PASSED] - else: null

22-11-2024T04:55:02 - [TEST_STEP][PASSED] - setValueToCellByIndex(sheet01, n, 6, b): null

22-11-2024T04:55:02 - [TEST_STEP][PASSED] - setValueToCellByIndex(sheet01, n, 7, period): null

22-11-2024T04:55:02 - [TEST_STEP][PASSED] - setValueToCellByIndex(sheet01, n, 8, todaysDate): null

22-11-2024T04:55:02 - [TEST_STEP][PASSED] - n = n + 1: null

22-11-2024T04:55:02 - [TEST_STEP][PASSED] - saveWorkbook(excelFilePath, workbook01): null

22-11-2024T04:55:03 - [TEST_STEP][PASSED] - dZO = "Россети Центр и Приволжье (ГК)": null

22-11-2024T04:55:03 - [TEST_STEP][PASSED] - if (verifyEqual(a315, b315) == false): Actual object '4.25' and expected object '4.25' are equal

22-11-2024T04:55:03 - [MESSAGE][PASSED] - Actual object '4.25' and expected object '4.25' are equal

22-11-2024T04:55:03 - [TEST_STEP][PASSED] - dZO = "Россети Юг (ГК)": null

22-11-2024T04:55:03 - [TEST_STEP][FAILED] - if (verifyEqual(a316, b316) == false): null

22-11-2024T04:55:03 - [MESSAGE][FAILED] - Unable to verify equal between actual object '-48.32' and expected object '3.35' (Root cause: com.kms.katalon.core.exception.StepFailedException: Actual object '-48.32' and expected object '3.35' are not equal
	at com.kms.katalon.core.keyword.builtin.VerifyEqualKeyword$_verifyEqual_closure1.doCall(VerifyEqualKeyword.groovy:58)
	at com.kms.katalon.core.keyword.builtin.VerifyEqualKeyword$_verifyEqual_closure1.call(VerifyEqualKeyword.groovy)
	at com.kms.katalon.core.keyword.internal.KeywordMain.runKeyword(KeywordMain.groovy:75)
	at com.kms.katalon.core.keyword.builtin.VerifyEqualKeyword.verifyEqual(VerifyEqualKeyword.groovy:63)
	at com.kms.katalon.core.keyword.builtin.VerifyEqualKeyword.execute(VerifyEqualKeyword.groovy:44)
	at com.kms.katalon.core.keyword.internal.KeywordExecutor.executeKeywordForPlatform(KeywordExecutor.groovy:74)
	at com.kms.katalon.core.keyword.BuiltinKeywords.verifyEqual(BuiltinKeywords.groovy:146)
	at jdk.internal.reflect.GeneratedMethodAccessor25.invoke(Unknown Source)
	at java.base/jdk.internal.reflect.DelegatingMethodAccessorImpl.invoke(DelegatingMethodAccessorImpl.java:43)
	at Выручка в рублях сверка дашбордов ПАО Россети.Blocks(Выручка в рублях сверка дашбордов ПАО Россети:517)
	at Выручка в рублях сверка дашбордов ПАО Россети.ViruchkaChange(Выручка в рублях сверка дашбордов ПАО Россети:60)
	at Выручка в рублях сверка дашбордов ПАО Россети.run(Выручка в рублях сверка дашбордов ПАО Россети:55)
	at com.kms.katalon.core.main.ScriptEngine.run(ScriptEngine.java:194)
	at com.kms.katalon.core.main.ScriptEngine.runScriptAsRawText(ScriptEngine.java:119)
	at com.kms.katalon.core.main.TestCaseExecutor.runScript(TestCaseExecutor.java:448)
	at com.kms.katalon.core.main.TestCaseExecutor.doExecute(TestCaseExecutor.java:439)
	at com.kms.katalon.core.main.TestCaseExecutor.processExecutionPhase(TestCaseExecutor.java:418)
	at com.kms.katalon.core.main.TestCaseExecutor.accessMainPhase(TestCaseExecutor.java:410)
	at com.kms.katalon.core.main.TestCaseExecutor.execute(TestCaseExecutor.java:285)
	at com.kms.katalon.core.common.CommonExecutor.accessTestCaseMainPhase(CommonExecutor.java:65)
	at com.kms.katalon.core.main.TestSuiteExecutor.accessTestSuiteMainPhase(TestSuiteExecutor.java:150)
	at com.kms.katalon.core.main.TestSuiteExecutor.execute(TestSuiteExecutor.java:106)
	at com.kms.katalon.core.main.TestCaseMain.startTestSuite(TestCaseMain.java:180)
	at TempTestSuite1732232929817.run(TempTestSuite1732232929817.groovy:35)
	at java.base/jdk.internal.reflect.NativeMethodAccessorImpl.invoke0(Native Method)
	at java.base/jdk.internal.reflect.NativeMethodAccessorImpl.invoke(NativeMethodAccessorImpl.java:77)
	at java.base/jdk.internal.reflect.DelegatingMethodAccessorImpl.invoke(DelegatingMethodAccessorImpl.java:43)
)

22-11-2024T04:55:03 - [TEST_STEP][PASSED] - a = replaceAll("\s+", "").toDouble(): null

22-11-2024T04:55:03 - [TEST_STEP][PASSED] - b = replaceAll("\s+", "").toDouble(): null

22-11-2024T04:55:03 - [TEST_STEP][PASSED] - Script1710234207206.WriteToExcel(todaysDate, run, vir, block, typeOfData, viruchka, vidget, nameOfBlock, a, b, dZO): null

22-11-2024T04:55:03 - [TEST_STEP][PASSED] - println(run): null

22-11-2024T04:55:03 - [TEST_STEP][PASSED] - if (run == 1): null

22-11-2024T04:55:03 - [TEST_STEP][PASSED] - else if (run == 2): null

22-11-2024T04:55:03 - [TEST_STEP][PASSED] - typeOfData = "Проценты": null

22-11-2024T04:55:03 - [TEST_STEP][PASSED] - println("todaysDate:" + todaysDate): null

22-11-2024T04:55:03 - [TEST_STEP][PASSED] - println("typeOfData:" + typeOfData): null

22-11-2024T04:55:03 - [TEST_STEP][PASSED] - viruchka = getText(findTestObject("Выручка в рублях/Фильтр Выручка" + nameOfBlock)): Text of object 'Object Repository/Выручка в рублях/Фильтр Выручка Выручка' is: 'ПЕРЕДАЧА ЭЛЕКТРОЭНЕРГИИ (ИТОГО, по всем видам тарифа)'

22-11-2024T04:55:03 - [MESSAGE][PASSED] - Text of object 'Object Repository/Выручка в рублях/Фильтр Выручка Выручка' is: 'ПЕРЕДАЧА ЭЛЕКТРОЭНЕРГИИ (ИТОГО, по всем видам тарифа)'

22-11-2024T04:55:03 - [TEST_STEP][PASSED] - println("viruchka" + viruchka): null

22-11-2024T04:55:03 - [TEST_STEP][PASSED] - println("vidget" + vidget): null

22-11-2024T04:55:03 - [TEST_STEP][PASSED] - println("a" + a): null

22-11-2024T04:55:03 - [TEST_STEP][PASSED] - println("b" + b): null

22-11-2024T04:55:03 - [TEST_STEP][PASSED] - sheetName = "Sheet1": null

22-11-2024T04:55:03 - [TEST_STEP][PASSED] - data = findTestData("PlanFact"): null

22-11-2024T04:55:03 - [TEST_STEP][PASSED] - n = data.getRowNumbers() + 1: null

22-11-2024T04:55:03 - [TEST_STEP][PASSED] - period = getText(findTestObject("Выручка в рублях/Фильтр Период")): Text of object 'Object Repository/Выручка в рублях/Фильтр Период' is: '1, 2, 3 кв. 2024 года'

22-11-2024T04:55:03 - [MESSAGE][PASSED] - Text of object 'Object Repository/Выручка в рублях/Фильтр Период' is: '1, 2, 3 кв. 2024 года'

22-11-2024T04:55:03 - [TEST_STEP][PASSED] - println(period): null

22-11-2024T04:55:03 - [TEST_STEP][PASSED] - dashboardName = "Выручка в рублях": null

22-11-2024T04:55:03 - [TEST_STEP][PASSED] - workbook01 = getWorkbook(excelFilePath): null

22-11-2024T04:55:03 - [TEST_STEP][PASSED] - sheet01 = getExcelSheet(workbook01, sheetName): null

22-11-2024T04:55:03 - [TEST_STEP][PASSED] - setValueToCellByIndex(sheet01, n, 0, dashboardName): null

22-11-2024T04:55:03 - [TEST_STEP][PASSED] - setValueToCellByIndex(sheet01, n, 1, dZO): null

22-11-2024T04:55:03 - [TEST_STEP][PASSED] - setValueToCellByIndex(sheet01, n, 2, vidget): null

22-11-2024T04:55:03 - [TEST_STEP][PASSED] - setValueToCellByIndex(sheet01, n, 3, viruchka): null

22-11-2024T04:55:03 - [TEST_STEP][PASSED] - setValueToCellByIndex(sheet01, n, 4, typeOfData): null

22-11-2024T04:55:03 - [TEST_STEP][PASSED] - if (a == null): null

22-11-2024T04:55:03 - [TEST_STEP][PASSED] - else: null

22-11-2024T04:55:03 - [TEST_STEP][PASSED] - setValueToCellByIndex(sheet01, n, 5, a): null

22-11-2024T04:55:03 - [TEST_STEP][PASSED] - if (b == null): null

22-11-2024T04:55:03 - [TEST_STEP][PASSED] - else: null

22-11-2024T04:55:03 - [TEST_STEP][PASSED] - setValueToCellByIndex(sheet01, n, 6, b): null

22-11-2024T04:55:03 - [TEST_STEP][PASSED] - setValueToCellByIndex(sheet01, n, 7, period): null

22-11-2024T04:55:03 - [TEST_STEP][PASSED] - setValueToCellByIndex(sheet01, n, 8, todaysDate): null

22-11-2024T04:55:03 - [TEST_STEP][PASSED] - n = n + 1: null

22-11-2024T04:55:03 - [TEST_STEP][PASSED] - saveWorkbook(excelFilePath, workbook01): null

22-11-2024T04:55:04 - [TEST_STEP][PASSED] - dZO = "Россети Янтарь": null

22-11-2024T04:55:04 - [TEST_STEP][PASSED] - if (verifyEqual(a317, b317) == false): Actual object '3.93' and expected object '3.93' are equal

22-11-2024T04:55:04 - [MESSAGE][PASSED] - Actual object '3.93' and expected object '3.93' are equal

22-11-2024T04:55:04 - [TEST_STEP][PASSED] - closeBrowser(): null

22-11-2024T04:55:04 - [MESSAGE][PASSED] - Browser is closed

22-11-2024T04:55:04 - [TEST_STEP][PASSED] - Script1710234207206.Blocks(run, vir, block, nameOfBlock, typeOfData, viruchka, vidget, todaysDate, a, b, dZO, x, y): null

22-11-2024T04:55:04 - [TEST_STEP][PASSED] - i = <not implemented yet for class: org.codehaus.groovy.ast.expr.EmptyExpression>: null

22-11-2024T04:55:04 - [TEST_STEP][PASSED] - perc = "": null

22-11-2024T04:55:04 - [TEST_STEP][PASSED] - a1 = <not implemented yet for class: org.codehaus.groovy.ast.expr.EmptyExpression>: null

22-11-2024T04:55:04 - [TEST_STEP][PASSED] - a2 = <not implemented yet for class: org.codehaus.groovy.ast.expr.EmptyExpression>: null

22-11-2024T04:55:04 - [TEST_STEP][PASSED] - a30 = <not implemented yet for class: org.codehaus.groovy.ast.expr.EmptyExpression>: null

22-11-2024T04:55:04 - [TEST_STEP][PASSED] - a31 = <not implemented yet for class: org.codehaus.groovy.ast.expr.EmptyExpression>: null

22-11-2024T04:55:04 - [TEST_STEP][PASSED] - a32 = <not implemented yet for class: org.codehaus.groovy.ast.expr.EmptyExpression>: null

22-11-2024T04:55:04 - [TEST_STEP][PASSED] - a33 = <not implemented yet for class: org.codehaus.groovy.ast.expr.EmptyExpression>: null

22-11-2024T04:55:04 - [TEST_STEP][PASSED] - a34 = <not implemented yet for class: org.codehaus.groovy.ast.expr.EmptyExpression>: null

22-11-2024T04:55:04 - [TEST_STEP][PASSED] - a35 = <not implemented yet for class: org.codehaus.groovy.ast.expr.EmptyExpression>: null

22-11-2024T04:55:04 - [TEST_STEP][PASSED] - a36 = <not implemented yet for class: org.codehaus.groovy.ast.expr.EmptyExpression>: null

22-11-2024T04:55:04 - [TEST_STEP][PASSED] - a37 = <not implemented yet for class: org.codehaus.groovy.ast.expr.EmptyExpression>: null

22-11-2024T04:55:04 - [TEST_STEP][PASSED] - a38 = <not implemented yet for class: org.codehaus.groovy.ast.expr.EmptyExpression>: null

22-11-2024T04:55:04 - [TEST_STEP][PASSED] - a39 = <not implemented yet for class: org.codehaus.groovy.ast.expr.EmptyExpression>: null

22-11-2024T04:55:04 - [TEST_STEP][PASSED] - a310 = <not implemented yet for class: org.codehaus.groovy.ast.expr.EmptyExpression>: null

22-11-2024T04:55:04 - [TEST_STEP][PASSED] - a311 = <not implemented yet for class: org.codehaus.groovy.ast.expr.EmptyExpression>: null

22-11-2024T04:55:04 - [TEST_STEP][PASSED] - a312 = <not implemented yet for class: org.codehaus.groovy.ast.expr.EmptyExpression>: null

22-11-2024T04:55:04 - [TEST_STEP][PASSED] - a313 = <not implemented yet for class: org.codehaus.groovy.ast.expr.EmptyExpression>: null

22-11-2024T04:55:04 - [TEST_STEP][PASSED] - a314 = <not implemented yet for class: org.codehaus.groovy.ast.expr.EmptyExpression>: null

22-11-2024T04:55:04 - [TEST_STEP][PASSED] - a315 = <not implemented yet for class: org.codehaus.groovy.ast.expr.EmptyExpression>: null

22-11-2024T04:55:04 - [TEST_STEP][PASSED] - a316 = <not implemented yet for class: org.codehaus.groovy.ast.expr.EmptyExpression>: null

22-11-2024T04:55:04 - [TEST_STEP][PASSED] - a317 = <not implemented yet for class: org.codehaus.groovy.ast.expr.EmptyExpression>: null

22-11-2024T04:55:04 - [TEST_STEP][PASSED] - b1 = <not implemented yet for class: org.codehaus.groovy.ast.expr.EmptyExpression>: null

22-11-2024T04:55:04 - [TEST_STEP][PASSED] - b2 = <not implemented yet for class: org.codehaus.groovy.ast.expr.EmptyExpression>: null

22-11-2024T04:55:04 - [TEST_STEP][PASSED] - b30 = <not implemented yet for class: org.codehaus.groovy.ast.expr.EmptyExpression>: null

22-11-2024T04:55:04 - [TEST_STEP][PASSED] - b31 = <not implemented yet for class: org.codehaus.groovy.ast.expr.EmptyExpression>: null

22-11-2024T04:55:04 - [TEST_STEP][PASSED] - b32 = <not implemented yet for class: org.codehaus.groovy.ast.expr.EmptyExpression>: null

22-11-2024T04:55:04 - [TEST_STEP][PASSED] - b33 = <not implemented yet for class: org.codehaus.groovy.ast.expr.EmptyExpression>: null

22-11-2024T04:55:04 - [TEST_STEP][PASSED] - b34 = <not implemented yet for class: org.codehaus.groovy.ast.expr.EmptyExpression>: null

22-11-2024T04:55:04 - [TEST_STEP][PASSED] - b35 = <not implemented yet for class: org.codehaus.groovy.ast.expr.EmptyExpression>: null

22-11-2024T04:55:04 - [TEST_STEP][PASSED] - b36 = <not implemented yet for class: org.codehaus.groovy.ast.expr.EmptyExpression>: null

22-11-2024T04:55:04 - [TEST_STEP][PASSED] - b37 = <not implemented yet for class: org.codehaus.groovy.ast.expr.EmptyExpression>: null

22-11-2024T04:55:04 - [TEST_STEP][PASSED] - b38 = <not implemented yet for class: org.codehaus.groovy.ast.expr.EmptyExpression>: null

22-11-2024T04:55:04 - [TEST_STEP][PASSED] - b39 = <not implemented yet for class: org.codehaus.groovy.ast.expr.EmptyExpression>: null

22-11-2024T04:55:04 - [TEST_STEP][PASSED] - b310 = <not implemented yet for class: org.codehaus.groovy.ast.expr.EmptyExpression>: null

22-11-2024T04:55:04 - [TEST_STEP][PASSED] - b311 = <not implemented yet for class: org.codehaus.groovy.ast.expr.EmptyExpression>: null

22-11-2024T04:55:04 - [TEST_STEP][PASSED] - b312 = <not implemented yet for class: org.codehaus.groovy.ast.expr.EmptyExpression>: null

22-11-2024T04:55:04 - [TEST_STEP][PASSED] - b313 = <not implemented yet for class: org.codehaus.groovy.ast.expr.EmptyExpression>: null

22-11-2024T04:55:04 - [TEST_STEP][PASSED] - b314 = <not implemented yet for class: org.codehaus.groovy.ast.expr.EmptyExpression>: null

22-11-2024T04:55:04 - [TEST_STEP][PASSED] - b315 = <not implemented yet for class: org.codehaus.groovy.ast.expr.EmptyExpression>: null

22-11-2024T04:55:04 - [TEST_STEP][PASSED] - b316 = <not implemented yet for class: org.codehaus.groovy.ast.expr.EmptyExpression>: null

22-11-2024T04:55:04 - [TEST_STEP][PASSED] - b317 = <not implemented yet for class: org.codehaus.groovy.ast.expr.EmptyExpression>: null

22-11-2024T04:55:04 - [TEST_STEP][PASSED] - block = 1: null

22-11-2024T04:55:04 - [TEST_STEP][PASSED] - nameOfBlock = "": null

22-11-2024T04:55:04 - [TEST_STEP][PASSED] - Script1710234207206.PreSettings(run, vir, block, nameOfBlock, typeOfData, todaysDate): null

22-11-2024T04:55:04 - [TEST_STEP][PASSED] - openBrowser(""): Browser is opened with url: ''

22-11-2024T04:55:04 - [MESSAGE][INFO] - Starting 'Chrome' driver

22-11-2024T04:55:04 - [MESSAGE][INFO] - Action delay is set to 0 milliseconds

22-11-2024T04:55:05 - [MESSAGE][PASSED] - Browser is opened with url: ''

22-11-2024T04:55:05 - [TEST_STEP][PASSED] - refresh(): Refresh successfully

22-11-2024T04:55:05 - [MESSAGE][PASSED] - Refresh successfully

22-11-2024T04:55:05 - [TEST_STEP][PASSED] - delay(50): Delayed 50 second(s)

22-11-2024T04:55:55 - [MESSAGE][PASSED] - Delayed 50 second(s)

22-11-2024T04:55:55 - [TEST_STEP][PASSED] - println("run:" + run): null

22-11-2024T04:55:55 - [TEST_STEP][PASSED] - println("vir:" + vir): null

22-11-2024T04:55:55 - [TEST_STEP][PASSED] - println("block:" + block): null

22-11-2024T04:55:55 - [TEST_STEP][PASSED] - if (block == 1): null

22-11-2024T04:55:55 - [TEST_STEP][PASSED] - nameOfBlock = "": null

22-11-2024T04:55:55 - [TEST_STEP][PASSED] - println("nameOfBlock:" + nameOfBlock): null

22-11-2024T04:55:55 - [TEST_STEP][PASSED] - println("typeOfData:" + typeOfData): null

22-11-2024T04:55:55 - [TEST_STEP][PASSED] - println("todaysDate:" + todaysDate): null

22-11-2024T04:55:55 - [TEST_STEP][PASSED] - Script1710234207206.Autorization(block, nameOfBlock): null

22-11-2024T04:55:55 - [TEST_STEP][PASSED] - i = <not implemented yet for class: org.codehaus.groovy.ast.expr.EmptyExpression>: null

22-11-2024T04:55:55 - [TEST_STEP][PASSED] - ii = <not implemented yet for class: org.codehaus.groovy.ast.expr.EmptyExpression>: null

22-11-2024T04:55:55 - [TEST_STEP][PASSED] - urlData = <not implemented yet for class: org.codehaus.groovy.ast.expr.EmptyExpression>: null

22-11-2024T04:55:55 - [TEST_STEP][PASSED] - searchWord = <not implemented yet for class: org.codehaus.groovy.ast.expr.EmptyExpression>: null

22-11-2024T04:55:55 - [TEST_STEP][PASSED] - urlText = <not implemented yet for class: org.codehaus.groovy.ast.expr.EmptyExpression>: null

22-11-2024T04:55:55 - [TEST_STEP][PASSED] - println("block:" + block): null

22-11-2024T04:55:55 - [TEST_STEP][PASSED] - if (block == 1): null

22-11-2024T04:55:55 - [TEST_STEP][PASSED] - nameOfBlock = "": null

22-11-2024T04:55:55 - [TEST_STEP][PASSED] - println("nameOfBlock:" + nameOfBlock): null

22-11-2024T04:55:55 - [TEST_STEP][PASSED] - if (block == 1): Delayed 45 second(s)

22-11-2024T04:55:55 - [TEST_STEP][PASSED] - urlData = 2: null

22-11-2024T04:55:55 - [TEST_STEP][PASSED] - delay(45): Delayed 45 second(s)

22-11-2024T04:56:40 - [MESSAGE][PASSED] - Delayed 45 second(s)

22-11-2024T04:56:40 - [TEST_STEP][PASSED] - navigateToUrl(findTestData("PlanFact").getValue(10, urlData)): Navigate to 'https://bi.rosseti.digital/viewer?dashboardGuid=2301950b23be4ed89c1df75f2020051e&sheetGuid=b723206f698544fb87299f3095c00435&fit=true' successfully

22-11-2024T04:56:45 - [MESSAGE][PASSED] - Navigate to 'https://bi.rosseti.digital/viewer?dashboardGuid=2301950b23be4ed89c1df75f2020051e&sheetGuid=b723206f698544fb87299f3095c00435&fit=true' successfully

22-11-2024T04:56:45 - [TEST_STEP][PASSED] - urlText = getText(findTestObject("Страница авторизации/Text")): Text of object 'Object Repository/Страница авторизации/Text' is: 'Вход'

22-11-2024T04:56:48 - [MESSAGE][PASSED] - Text of object 'Object Repository/Страница авторизации/Text' is: 'Вход'

22-11-2024T04:56:48 - [TEST_STEP][PASSED] - searchWord = "Вход": null

22-11-2024T04:56:48 - [TEST_STEP][PASSED] - if (urlText == null || urlText.contains("ошибка") || urlText.contains(searchWord) == false): null

22-11-2024T04:56:48 - [TEST_STEP][PASSED] - if (verifyElementPresent(findTestObject("Страница авторизации/button_"), 30) == true): null

22-11-2024T04:56:48 - [MESSAGE][PASSED] - Object 'Object Repository/Страница авторизации/button_' is present

22-11-2024T04:56:48 - [TEST_STEP][PASSED] - setText(findTestObject("Страница авторизации/input__username"), findTestData("PlanFact").getValue(8, 1)): Text 'liazgina-di' is set on object 'Object Repository/Страница авторизации/input__username'

22-11-2024T04:56:49 - [MESSAGE][PASSED] - Text 'liazgina-di' is set on object 'Object Repository/Страница авторизации/input__username'

22-11-2024T04:56:49 - [TEST_STEP][PASSED] - setText(findTestObject("Страница авторизации/input__password"), findTestData("PlanFact").getValue(9, 1)): Text ')$%5srZ8o688Dm#q' is set on object 'Object Repository/Страница авторизации/input__password'

22-11-2024T04:56:49 - [MESSAGE][PASSED] - Text ')$%5srZ8o688Dm#q' is set on object 'Object Repository/Страница авторизации/input__password'

22-11-2024T04:56:49 - [TEST_STEP][PASSED] - click(findTestObject("Страница авторизации/button_")): Object: 'Object Repository/Страница авторизации/button_' is clicked on

22-11-2024T04:56:54 - [MESSAGE][PASSED] - Object: 'Object Repository/Страница авторизации/button_' is clicked on

22-11-2024T04:56:54 - [TEST_STEP][PASSED] - delay(45): Delayed 45 second(s)

22-11-2024T04:57:39 - [MESSAGE][PASSED] - Delayed 45 second(s)

22-11-2024T04:57:39 - [TEST_STEP][PASSED] - urlText = getText(findTestObject("Страница авторизации/Text")): Text of object 'Object Repository/Страница авторизации/Text' is: 'Период
1, 2, 3 кв. 2024 года
Выручка
Все
Выполнение плановых показателей по ПАО Россети за 1, 2, 3 кв. 2024 года
План
Факт
Динамика
2024 год
0 млн.руб.
100 000 млн.руб.
200 000 млн.руб.
300 000 млн.руб.
400 000 млн.руб.
500 000 млн.руб.
600 000 млн.руб.
700 000 млн.руб.
800 000 млн.руб.
900 000 млн.руб.
1 000 000 млн.руб.
1 100 000 млн.руб.
1 200 000 млн.руб.
1 300 000 млн.руб.
1 056 816
1 083 641
↑
ДЗО 
Все
Внутренний оборот - выручка за услуги по передаче электрической энергии, учтенная в выручке за электроэнергию для конечных потребителей, при выполнении ДЗО функций гарантирующего поставщика
Подписи данных
⬤Отклонение
АО «Тываэнерго»
АО «Чеченэнерго»
Россети Волга
Россети Кубань
Россети Ленэнерго (ГК)
Россети Московский регион
Россети Северный Кавказ (ГК)
Россети Северо-Запад
Россети Сибирь (ГК)
Россети Томск
Россети Тюмень
Россети Урал (ГК)
Россети ФСК ЕЭС
Россети Центр
Россети Центр и Приволжье (ГК)
Россети Юг (ГК)
Россети Янтарь
-4 000млн.руб.
-2 000млн.руб.
0 млн.руб.
2 000млн.руб.
4 000млн.руб.
6 000млн.руб.
8 00…
-6 000млн.руб.
239
68
25
3 470
3 855
6 900
821
839
2 116
213
-4 312
1 715
1 999
3 410
3 873
1 315
277
млн.
%
Выручка
Отклонение выручки по ПАО Россети за 1, 2, 3 кв. 2024 года (факт/план, млн. руб)
ПАО Россети
26 824.9 млн.руб.
 '

22-11-2024T04:57:39 - [MESSAGE][PASSED] - Text of object 'Object Repository/Страница авторизации/Text' is: 'Период
1, 2, 3 кв. 2024 года
Выручка
Все
Выполнение плановых показателей по ПАО Россети за 1, 2, 3 кв. 2024 года
План
Факт
Динамика
2024 год
0 млн.руб.
100 000 млн.руб.
200 000 млн.руб.
300 000 млн.руб.
400 000 млн.руб.
500 000 млн.руб.
600 000 млн.руб.
700 000 млн.руб.
800 000 млн.руб.
900 000 млн.руб.
1 000 000 млн.руб.
1 100 000 млн.руб.
1 200 000 млн.руб.
1 300 000 млн.руб.
1 056 816
1 083 641
↑
ДЗО 
Все
Внутренний оборот - выручка за услуги по передаче электрической энергии, учтенная в выручке за электроэнергию для конечных потребителей, при выполнении ДЗО функций гарантирующего поставщика
Подписи данных
⬤Отклонение
АО «Тываэнерго»
АО «Чеченэнерго»
Россети Волга
Россети Кубань
Россети Ленэнерго (ГК)
Россети Московский регион
Россети Северный Кавказ (ГК)
Россети Северо-Запад
Россети Сибирь (ГК)
Россети Томск
Россети Тюмень
Россети Урал (ГК)
Россети ФСК ЕЭС
Россети Центр
Россети Центр и Приволжье (ГК)
Россети Юг (ГК)
Россети Янтарь
-4 000млн.руб.
-2 000млн.руб.
0 млн.руб.
2 000млн.руб.
4 000млн.руб.
6 000млн.руб.
8 00…
-6 000млн.руб.
239
68
25
3 470
3 855
6 900
821
839
2 116
213
-4 312
1 715
1 999
3 410
3 873
1 315
277
млн.
%
Выручка
Отклонение выручки по ПАО Россети за 1, 2, 3 кв. 2024 года (факт/план, млн. руб)
ПАО Россети
26 824.9 млн.руб.
 '

22-11-2024T04:57:39 - [TEST_STEP][PASSED] - searchWord = "а": null

22-11-2024T04:57:39 - [TEST_STEP][PASSED] - if (urlText.contains("ошибка") || urlText.contains(searchWord) == false): null

22-11-2024T04:57:39 - [TEST_STEP][PASSED] - delay(45): Delayed 45 second(s)

22-11-2024T04:58:24 - [MESSAGE][PASSED] - Delayed 45 second(s)

22-11-2024T04:58:24 - [TEST_STEP][PASSED] - if (block == 2): null

22-11-2024T04:58:24 - [TEST_STEP][PASSED] - click(findTestObject("Выручка в рублях/Фильтр Период" + nameOfBlock)): Object: 'Object Repository/Выручка в рублях/Фильтр Период' is clicked on

22-11-2024T04:58:25 - [MESSAGE][PASSED] - Object: 'Object Repository/Выручка в рублях/Фильтр Период' is clicked on

22-11-2024T04:58:25 - [TEST_STEP][PASSED] - click(findTestObject("Выручка в рублях/Снять выделение в фильтре Дата" + nameOfBlock)): Object: 'Object Repository/Выручка в рублях/Снять выделение в фильтре Дата' is clicked on

22-11-2024T04:58:25 - [MESSAGE][PASSED] - Object: 'Object Repository/Выручка в рублях/Снять выделение в фильтре Дата' is clicked on

22-11-2024T04:58:25 - [TEST_STEP][PASSED] - click(findTestObject("Выручка в рублях/Применить в фильтре Дата" + nameOfBlock)): Object: 'Object Repository/Выручка в рублях/Применить в фильтре Дата' is clicked on

22-11-2024T04:58:26 - [MESSAGE][PASSED] - Object: 'Object Repository/Выручка в рублях/Применить в фильтре Дата' is clicked on

22-11-2024T04:58:26 - [TEST_STEP][PASSED] - delay(50): Delayed 50 second(s)

22-11-2024T04:59:16 - [MESSAGE][PASSED] - Delayed 50 second(s)

22-11-2024T04:59:16 - [TEST_STEP][PASSED] - click(findTestObject("Выручка в рублях/Фильтр Период" + nameOfBlock)): Object: 'Object Repository/Выручка в рублях/Фильтр Период' is clicked on

22-11-2024T04:59:16 - [MESSAGE][PASSED] - Object: 'Object Repository/Выручка в рублях/Фильтр Период' is clicked on

22-11-2024T04:59:16 - [TEST_STEP][PASSED] - click(findTestObject("Выручка в рублях/Снять выделение в фильтре Дата" + nameOfBlock)): Object: 'Object Repository/Выручка в рублях/Снять выделение в фильтре Дата' is clicked on

22-11-2024T04:59:17 - [MESSAGE][PASSED] - Object: 'Object Repository/Выручка в рублях/Снять выделение в фильтре Дата' is clicked on

22-11-2024T04:59:17 - [TEST_STEP][PASSED] - scrollToElement(findTestObject("Выручка в рублях/2024 список" + nameOfBlock), 30): Scroll to object 'Object Repository/Выручка в рублях/2024 список' successfully

22-11-2024T04:59:17 - [MESSAGE][PASSED] - Scroll to object 'Object Repository/Выручка в рублях/2024 список' successfully

22-11-2024T04:59:17 - [TEST_STEP][PASSED] - click(findTestObject("Выручка в рублях/2024 список" + nameOfBlock)): Object: 'Object Repository/Выручка в рублях/2024 список' is clicked on

22-11-2024T04:59:17 - [MESSAGE][PASSED] - Object: 'Object Repository/Выручка в рублях/2024 список' is clicked on

22-11-2024T04:59:17 - [TEST_STEP][PASSED] - scrollToElement(findTestObject("Выручка в рублях/1 квартал 2024 выбрать" + nameOfBlock), 30): Scroll to object 'Object Repository/Выручка в рублях/1 квартал 2024 выбрать' successfully

22-11-2024T04:59:18 - [MESSAGE][PASSED] - Scroll to object 'Object Repository/Выручка в рублях/1 квартал 2024 выбрать' successfully

22-11-2024T04:59:18 - [TEST_STEP][PASSED] - click(findTestObject("Выручка в рублях/1 квартал 2024 выбрать" + nameOfBlock)): Object: 'Object Repository/Выручка в рублях/1 квартал 2024 выбрать' is clicked on

22-11-2024T04:59:18 - [MESSAGE][PASSED] - Object: 'Object Repository/Выручка в рублях/1 квартал 2024 выбрать' is clicked on

22-11-2024T04:59:18 - [TEST_STEP][PASSED] - scrollToElement(findTestObject("Выручка в рублях/2 квартал 2024 выбрать" + nameOfBlock), 30): Scroll to object 'Object Repository/Выручка в рублях/2 квартал 2024 выбрать' successfully

22-11-2024T04:59:19 - [MESSAGE][PASSED] - Scroll to object 'Object Repository/Выручка в рублях/2 квартал 2024 выбрать' successfully

22-11-2024T04:59:19 - [TEST_STEP][PASSED] - click(findTestObject("Выручка в рублях/2 квартал 2024 выбрать" + nameOfBlock)): Object: 'Object Repository/Выручка в рублях/2 квартал 2024 выбрать' is clicked on

22-11-2024T04:59:19 - [MESSAGE][PASSED] - Object: 'Object Repository/Выручка в рублях/2 квартал 2024 выбрать' is clicked on

22-11-2024T04:59:19 - [TEST_STEP][PASSED] - scrollToElement(findTestObject("Выручка в рублях/3 квартал 2024 список" + nameOfBlock), 30): Scroll to object 'Object Repository/Выручка в рублях/3 квартал 2024 список' successfully

22-11-2024T04:59:20 - [MESSAGE][PASSED] - Scroll to object 'Object Repository/Выручка в рублях/3 квартал 2024 список' successfully

22-11-2024T04:59:20 - [TEST_STEP][PASSED] - click(findTestObject("Выручка в рублях/3 квартал 2024" + nameOfBlock)): Object: 'Object Repository/Выручка в рублях/3 квартал 2024' is clicked on

22-11-2024T04:59:20 - [MESSAGE][PASSED] - Object: 'Object Repository/Выручка в рублях/3 квартал 2024' is clicked on

22-11-2024T04:59:20 - [TEST_STEP][PASSED] - scrollToElement(findTestObject("Выручка в рублях/Заголовок дашборда" + nameOfBlock), 30): Scroll to object 'Object Repository/Выручка в рублях/Заголовок дашборда' successfully

22-11-2024T04:59:20 - [MESSAGE][PASSED] - Scroll to object 'Object Repository/Выручка в рублях/Заголовок дашборда' successfully

22-11-2024T04:59:20 - [TEST_STEP][PASSED] - click(findTestObject("Выручка в рублях/Применить в фильтре Дата" + nameOfBlock)): Object: 'Object Repository/Выручка в рублях/Применить в фильтре Дата' is clicked on

22-11-2024T04:59:21 - [MESSAGE][PASSED] - Object: 'Object Repository/Выручка в рублях/Применить в фильтре Дата' is clicked on

22-11-2024T04:59:21 - [TEST_STEP][PASSED] - delay(55): Delayed 55 second(s)

22-11-2024T05:00:16 - [MESSAGE][PASSED] - Delayed 55 second(s)

22-11-2024T05:00:16 - [TEST_STEP][PASSED] - click(findTestObject("Выручка в рублях/Фильтр ДЗО" + nameOfBlock)): Object: 'Object Repository/Выручка в рублях/Фильтр ДЗО' is clicked on

22-11-2024T05:00:16 - [MESSAGE][PASSED] - Object: 'Object Repository/Выручка в рублях/Фильтр ДЗО' is clicked on

22-11-2024T05:00:16 - [TEST_STEP][PASSED] - click(findTestObject("Выручка в рублях/Снять выделение в фильтре ДЗО" + nameOfBlock)): Object: 'Object Repository/Выручка в рублях/Снять выделение в фильтре ДЗО' is clicked on

22-11-2024T05:00:17 - [MESSAGE][PASSED] - Object: 'Object Repository/Выручка в рублях/Снять выделение в фильтре ДЗО' is clicked on

22-11-2024T05:00:17 - [TEST_STEP][PASSED] - click(findTestObject("Выручка в рублях/Применить в фильтре ДЗО" + nameOfBlock)): Object: 'Object Repository/Выручка в рублях/Применить в фильтре ДЗО' is clicked on

22-11-2024T05:00:17 - [MESSAGE][PASSED] - Object: 'Object Repository/Выручка в рублях/Применить в фильтре ДЗО' is clicked on

22-11-2024T05:00:17 - [TEST_STEP][PASSED] - delay(50): Delayed 50 second(s)

22-11-2024T05:01:07 - [MESSAGE][PASSED] - Delayed 50 second(s)

22-11-2024T05:01:07 - [TEST_STEP][PASSED] - Script1710234207206.Tumbler(run, vir, block, nameOfBlock): null

22-11-2024T05:01:07 - [TEST_STEP][PASSED] - println("run:" + run): null

22-11-2024T05:01:07 - [TEST_STEP][PASSED] - println("vir:" + vir): null

22-11-2024T05:01:07 - [TEST_STEP][PASSED] - println("block:" + block): null

22-11-2024T05:01:07 - [TEST_STEP][PASSED] - println("nameOfBlock:" + nameOfBlock): null

22-11-2024T05:01:07 - [TEST_STEP][PASSED] - if (vir == 1): null

22-11-2024T05:01:07 - [TEST_STEP][PASSED] - else if (vir == 2): null

22-11-2024T05:01:07 - [TEST_STEP][PASSED] - else if (vir == 3): Object: 'Object Repository/Выручка в рублях/Применить в фильтре Выручка' is clicked on

22-11-2024T05:01:07 - [TEST_STEP][PASSED] - if (run == 2): Object: 'Object Repository/Выручка в рублях/Переключить отображение с млн на проценты Выручка в рублях' is clicked on

22-11-2024T05:01:07 - [TEST_STEP][PASSED] - click(findTestObject("Выручка в рублях/Переключить отображение с млн на проценты Выручка в рублях" + nameOfBlock)): Object: 'Object Repository/Выручка в рублях/Переключить отображение с млн на проценты Выручка в рублях' is clicked on

22-11-2024T05:01:08 - [MESSAGE][PASSED] - Object: 'Object Repository/Выручка в рублях/Переключить отображение с млн на проценты Выручка в рублях' is clicked on

22-11-2024T05:01:08 - [TEST_STEP][PASSED] - click(findTestObject("Выручка в рублях/Фильтр Выручка" + nameOfBlock)): Object: 'Object Repository/Выручка в рублях/Фильтр Выручка' is clicked on

22-11-2024T05:01:08 - [MESSAGE][PASSED] - Object: 'Object Repository/Выручка в рублях/Фильтр Выручка' is clicked on

22-11-2024T05:01:08 - [TEST_STEP][PASSED] - click(findTestObject("Выручка в рублях/Внутренний оборот в фильтре Выручка" + nameOfBlock)): Object: 'Object Repository/Выручка в рублях/Внутренний оборот в фильтре Выручка' is clicked on

22-11-2024T05:01:09 - [MESSAGE][PASSED] - Object: 'Object Repository/Выручка в рублях/Внутренний оборот в фильтре Выручка' is clicked on

22-11-2024T05:01:09 - [TEST_STEP][PASSED] - click(findTestObject("Выручка в рублях/Применить в фильтре Выручка" + nameOfBlock)): Object: 'Object Repository/Выручка в рублях/Применить в фильтре Выручка' is clicked on

22-11-2024T05:01:09 - [MESSAGE][PASSED] - Object: 'Object Repository/Выручка в рублях/Применить в фильтре Выручка' is clicked on

22-11-2024T05:01:09 - [TEST_STEP][PASSED] - click(findTestObject("Выручка в рублях/Фильтр ДЗО" + nameOfBlock)): Object: 'Object Repository/Выручка в рублях/Фильтр ДЗО' is clicked on

22-11-2024T05:01:11 - [MESSAGE][PASSED] - Object: 'Object Repository/Выручка в рублях/Фильтр ДЗО' is clicked on

22-11-2024T05:01:11 - [TEST_STEP][PASSED] - Script1710234207206.Rosseti(nameOfBlock): null

22-11-2024T05:01:11 - [TEST_STEP][PASSED] - println("nameOfBlock:" + nameOfBlock): null

22-11-2024T05:01:11 - [TEST_STEP][PASSED] - click(findTestObject("Выручка в рублях/ПАО Россети" + nameOfBlock)): Object: 'Object Repository/Выручка в рублях/ПАО Россети' is clicked on

22-11-2024T05:01:12 - [MESSAGE][PASSED] - Object: 'Object Repository/Выручка в рублях/ПАО Россети' is clicked on

22-11-2024T05:01:12 - [TEST_STEP][PASSED] - click(findTestObject("Выручка в рублях/Применить в фильтре ДЗО" + nameOfBlock)): Object: 'Object Repository/Выручка в рублях/Применить в фильтре ДЗО' is clicked on

22-11-2024T05:01:12 - [MESSAGE][PASSED] - Object: 'Object Repository/Выручка в рублях/Применить в фильтре ДЗО' is clicked on

22-11-2024T05:01:12 - [TEST_STEP][PASSED] - if (run == 2): null

22-11-2024T05:01:12 - [TEST_STEP][PASSED] - perc = " Perc": null

22-11-2024T05:01:12 - [TEST_STEP][PASSED] - if (vir == 1 || vir == 2): null

22-11-2024T05:01:12 - [TEST_STEP][PASSED] - else: Text of object 'Object Repository/Выручка в рублях/vir3Plan' is: '17 893'

22-11-2024T05:01:12 - [TEST_STEP][PASSED] - a1 = getText(findTestObject("Выручка в рублях/vir3Plan")): Text of object 'Object Repository/Выручка в рублях/vir3Plan' is: '17 893'

22-11-2024T05:01:14 - [MESSAGE][PASSED] - Text of object 'Object Repository/Выручка в рублях/vir3Plan' is: '17 893'

22-11-2024T05:01:14 - [TEST_STEP][PASSED] - if (vir == 1 || vir == 2): null

22-11-2024T05:01:14 - [TEST_STEP][PASSED] - else: Text of object 'Object Repository/Выручка в рублях/vir3Fact' is: '18 501'

22-11-2024T05:01:14 - [TEST_STEP][PASSED] - a2 = getText(findTestObject("Выручка в рублях/vir3Fact")): Text of object 'Object Repository/Выручка в рублях/vir3Fact' is: '18 501'

22-11-2024T05:01:15 - [MESSAGE][PASSED] - Text of object 'Object Repository/Выручка в рублях/vir3Fact' is: '18 501'

22-11-2024T05:01:15 - [TEST_STEP][PASSED] - a30 = getText(findTestObject("Выручка в рублях/span1" + perc)): Text of object 'Object Repository/Выручка в рублях/span1 Perc' is: '-47.39 %'

22-11-2024T05:01:15 - [MESSAGE][PASSED] - Text of object 'Object Repository/Выручка в рублях/span1 Perc' is: '-47.39 %'

22-11-2024T05:01:15 - [TEST_STEP][PASSED] - i = a30.indexOf("млн.руб."): null

22-11-2024T05:01:15 - [TEST_STEP][PASSED] - if (i > -1): null

22-11-2024T05:01:15 - [TEST_STEP][PASSED] - if (a30.contains("%")): null

22-11-2024T05:01:15 - [TEST_STEP][PASSED] - a30 = a30.replaceAll("%", ""): null

22-11-2024T05:01:15 - [TEST_STEP][PASSED] - a30 = ").trim(): null

22-11-2024T05:01:15 - [TEST_STEP][PASSED] - println("a30: " + a30): null

22-11-2024T05:01:15 - [TEST_STEP][PASSED] - if (vir == 1 || vir == 2): null

22-11-2024T05:01:15 - [TEST_STEP][PASSED] - else: Text of object 'Object Repository/Выручка в рублях/span15 Perc' is: '-3.8 %'

22-11-2024T05:01:15 - [TEST_STEP][PASSED] - a31 = ").trim(): Text of object 'Object Repository/Выручка в рублях/span15 Perc' is: '-3.8 %'

22-11-2024T05:01:15 - [MESSAGE][PASSED] - Text of object 'Object Repository/Выручка в рублях/span15 Perc' is: '-3.8 %'

22-11-2024T05:01:15 - [TEST_STEP][PASSED] - if (vir == 1 || vir == 2): null

22-11-2024T05:01:15 - [TEST_STEP][PASSED] - else: Text of object 'Object Repository/Выручка в рублях/span16 Perc' is: '-48.83 %'

22-11-2024T05:01:15 - [TEST_STEP][PASSED] - a32 = ").trim(): Text of object 'Object Repository/Выручка в рублях/span16 Perc' is: '-48.83 %'

22-11-2024T05:01:15 - [MESSAGE][PASSED] - Text of object 'Object Repository/Выручка в рублях/span16 Perc' is: '-48.83 %'

22-11-2024T05:01:15 - [TEST_STEP][PASSED] - if (vir == 1 || vir == 2): null

22-11-2024T05:01:15 - [TEST_STEP][PASSED] - else: Text of object 'Object Repository/Выручка в рублях/span17 Perc' is: '-49.16 %'

22-11-2024T05:01:15 - [TEST_STEP][PASSED] - a37 = ").trim(): Text of object 'Object Repository/Выручка в рублях/span17 Perc' is: '-49.16 %'

22-11-2024T05:01:16 - [MESSAGE][PASSED] - Text of object 'Object Repository/Выручка в рублях/span17 Perc' is: '-49.16 %'

22-11-2024T05:01:16 - [TEST_STEP][PASSED] - if (vir == 1 || vir == 2): null

22-11-2024T05:01:16 - [TEST_STEP][PASSED] - else: Text of object 'Object Repository/Выручка в рублях/span18 Perc' is: '-45.97 %'

22-11-2024T05:01:16 - [TEST_STEP][PASSED] - a316 = ").trim(): Text of object 'Object Repository/Выручка в рублях/span18 Perc' is: '-45.97 %'

22-11-2024T05:01:16 - [MESSAGE][PASSED] - Text of object 'Object Repository/Выручка в рублях/span18 Perc' is: '-45.97 %'

22-11-2024T05:01:16 - [TEST_STEP][PASSED] - if (vir == 1 || vir == 2): null

22-11-2024T05:01:16 - [TEST_STEP][PASSED] - block = 2: null

22-11-2024T05:01:16 - [TEST_STEP][PASSED] - nameOfBlock = " Выручка": null

22-11-2024T05:01:16 - [TEST_STEP][PASSED] - Script1710234207206.PreSettings(run, vir, block, nameOfBlock, typeOfData, todaysDate): null

22-11-2024T05:01:16 - [TEST_STEP][PASSED] - openBrowser(""): Browser is opened with url: ''

22-11-2024T05:01:16 - [MESSAGE][WARNING] - A browser is already opened. Closing browser and opening a new one

22-11-2024T05:01:16 - [MESSAGE][INFO] - Starting 'Chrome' driver

22-11-2024T05:01:16 - [MESSAGE][INFO] - Action delay is set to 0 milliseconds

22-11-2024T05:01:17 - [MESSAGE][PASSED] - Browser is opened with url: ''

22-11-2024T05:01:17 - [TEST_STEP][PASSED] - refresh(): Refresh successfully

22-11-2024T05:01:17 - [MESSAGE][PASSED] - Refresh successfully

22-11-2024T05:01:17 - [TEST_STEP][PASSED] - delay(50): Delayed 50 second(s)

22-11-2024T05:02:07 - [MESSAGE][PASSED] - Delayed 50 second(s)

22-11-2024T05:02:07 - [TEST_STEP][PASSED] - println("run:" + run): null

22-11-2024T05:02:07 - [TEST_STEP][PASSED] - println("vir:" + vir): null

22-11-2024T05:02:07 - [TEST_STEP][PASSED] - println("block:" + block): null

22-11-2024T05:02:07 - [TEST_STEP][PASSED] - if (block == 1): null

22-11-2024T05:02:07 - [TEST_STEP][PASSED] - else: null

22-11-2024T05:02:07 - [TEST_STEP][PASSED] - nameOfBlock = " Выручка": null

22-11-2024T05:02:07 - [TEST_STEP][PASSED] - println("nameOfBlock:" + nameOfBlock): null

22-11-2024T05:02:07 - [TEST_STEP][PASSED] - println("typeOfData:" + typeOfData): null

22-11-2024T05:02:07 - [TEST_STEP][PASSED] - println("todaysDate:" + todaysDate): null

22-11-2024T05:02:07 - [TEST_STEP][PASSED] - Script1710234207206.Autorization(block, nameOfBlock): null

22-11-2024T05:02:07 - [TEST_STEP][PASSED] - i = <not implemented yet for class: org.codehaus.groovy.ast.expr.EmptyExpression>: null

22-11-2024T05:02:07 - [TEST_STEP][PASSED] - ii = <not implemented yet for class: org.codehaus.groovy.ast.expr.EmptyExpression>: null

22-11-2024T05:02:07 - [TEST_STEP][PASSED] - urlData = <not implemented yet for class: org.codehaus.groovy.ast.expr.EmptyExpression>: null

22-11-2024T05:02:07 - [TEST_STEP][PASSED] - searchWord = <not implemented yet for class: org.codehaus.groovy.ast.expr.EmptyExpression>: null

22-11-2024T05:02:07 - [TEST_STEP][PASSED] - urlText = <not implemented yet for class: org.codehaus.groovy.ast.expr.EmptyExpression>: null

22-11-2024T05:02:07 - [TEST_STEP][PASSED] - println("block:" + block): null

22-11-2024T05:02:07 - [TEST_STEP][PASSED] - if (block == 1): null

22-11-2024T05:02:07 - [TEST_STEP][PASSED] - else: null

22-11-2024T05:02:07 - [TEST_STEP][PASSED] - delay(45): Delayed 45 second(s)

22-11-2024T05:02:52 - [MESSAGE][PASSED] - Delayed 45 second(s)

22-11-2024T05:02:52 - [TEST_STEP][PASSED] - nameOfBlock = " Выручка": null

22-11-2024T05:02:52 - [TEST_STEP][PASSED] - println("nameOfBlock:" + nameOfBlock): null

22-11-2024T05:02:52 - [TEST_STEP][PASSED] - if (block == 1): null

22-11-2024T05:02:52 - [TEST_STEP][PASSED] - else: Delayed 45 second(s)

22-11-2024T05:02:52 - [TEST_STEP][PASSED] - urlData = 9: null

22-11-2024T05:02:52 - [TEST_STEP][PASSED] - delay(45): Delayed 45 second(s)

22-11-2024T05:03:37 - [MESSAGE][PASSED] - Delayed 45 second(s)

22-11-2024T05:03:37 - [TEST_STEP][PASSED] - navigateToUrl(findTestData("PlanFact").getValue(10, urlData)): Navigate to 'https://bi.rosseti.digital/viewer?dashboardGuid=a1fd28b3785d443cbc4d7690a1d78e31&sheetGuid=86092a20c5984827a0c87b24cac76a50&fit=true' successfully

22-11-2024T05:03:45 - [MESSAGE][PASSED] - Navigate to 'https://bi.rosseti.digital/viewer?dashboardGuid=a1fd28b3785d443cbc4d7690a1d78e31&sheetGuid=86092a20c5984827a0c87b24cac76a50&fit=true' successfully

22-11-2024T05:03:45 - [TEST_STEP][PASSED] - urlText = getText(findTestObject("Страница авторизации/Text")): Text of object 'Object Repository/Страница авторизации/Text' is: 'Вход'

22-11-2024T05:03:46 - [MESSAGE][PASSED] - Text of object 'Object Repository/Страница авторизации/Text' is: 'Вход'

22-11-2024T05:03:46 - [TEST_STEP][PASSED] - searchWord = "Вход": null

22-11-2024T05:03:46 - [TEST_STEP][PASSED] - if (urlText == null || urlText.contains("ошибка") || urlText.contains(searchWord) == false): null

22-11-2024T05:03:46 - [TEST_STEP][PASSED] - if (verifyElementPresent(findTestObject("Страница авторизации/button_"), 30) == true): null

22-11-2024T05:03:46 - [MESSAGE][PASSED] - Object 'Object Repository/Страница авторизации/button_' is present

22-11-2024T05:03:46 - [TEST_STEP][PASSED] - setText(findTestObject("Страница авторизации/input__username"), findTestData("PlanFact").getValue(8, 1)): Text 'liazgina-di' is set on object 'Object Repository/Страница авторизации/input__username'

22-11-2024T05:03:47 - [MESSAGE][PASSED] - Text 'liazgina-di' is set on object 'Object Repository/Страница авторизации/input__username'

22-11-2024T05:03:47 - [TEST_STEP][PASSED] - setText(findTestObject("Страница авторизации/input__password"), findTestData("PlanFact").getValue(9, 1)): Text ')$%5srZ8o688Dm#q' is set on object 'Object Repository/Страница авторизации/input__password'

22-11-2024T05:03:47 - [MESSAGE][PASSED] - Text ')$%5srZ8o688Dm#q' is set on object 'Object Repository/Страница авторизации/input__password'

22-11-2024T05:03:47 - [TEST_STEP][PASSED] - click(findTestObject("Страница авторизации/button_")): Object: 'Object Repository/Страница авторизации/button_' is clicked on

22-11-2024T05:03:50 - [MESSAGE][PASSED] - Object: 'Object Repository/Страница авторизации/button_' is clicked on

22-11-2024T05:03:50 - [TEST_STEP][PASSED] - delay(45): Delayed 45 second(s)

22-11-2024T05:04:35 - [MESSAGE][PASSED] - Delayed 45 second(s)

22-11-2024T05:04:35 - [TEST_STEP][PASSED] - urlText = getText(findTestObject("Страница авторизации/Text")): Text of object 'Object Repository/Страница авторизации/Text' is: 'Период
Выбрано: 3
Выручка
Все
Выполнение плановых показателей, млн.руб.
План
Факт
Динамика
2024 год
0 млн.руб.
100 000 млн.руб.
200 000 млн.руб.
300 000 млн.руб.
400 000 млн.руб.
500 000 млн.руб.
600 000 млн.руб.
700 000 млн.руб.
800 000 млн.руб.
900 000 млн.руб.
1 000 000 млн.руб.
1 100 000 млн.руб.
1 200 000 млн.руб.
1 300 000 млн.руб.
1 056 816
1 083 641
↑
ДЗО 
Все
Подписи данных
⬤Отклонение
АО «Тываэнерго»
АО «Чеченэнерго»
Россети Волга
Россети Кубань
Россети Ленэнерго (ГК)
Россети Московский регион
Россети Северный Кавказ (ГК)
Россети Северо-Запад
Россети Сибирь (ГК)
Россети Томск
Россети Тюмень
Россети Урал (ГК)
Россети ФСК ЕЭС
Россети Центр
Россети Центр и Приволжье (ГК)
Россети Юг (ГК)
Россети Янтарь
-5 000 млн.руб.
-4 000 млн.руб.
-3 000 млн.руб.
-2 000 млн.руб.
-1 000 млн.руб.
0 млн.руб.
1 000 млн.руб.
2 000 млн.руб.
3 000 млн.руб.
4 000 млн.руб.
5 000 млн.руб.
6 000 млн.руб.
7 000 млн.руб.
8 000 млн.руб.
239
68
25
3 470
3 855
6 900
821
839
2 116
213
-4 312
1 715
1 999
3 410
3 873
1 315
277
млн.
%
Выручка
Отклонение выручки (факт/план, млн. руб) 
ПАО Россети
26 824.9 млн.руб.
Статус данных
×
Просьба обратить внимание
Данные занесены не полностью
ВЫБРАННЫЕ ЗНАЧЕНИЯ ФИЛЬТРОВ
ДЗО | ПЕРИОД
ПАО Россети: [«Выбраны все филиалы по всем ДЗО по всем категориям»]
2024: [Янв, Фев, Мар, Апр, Май, Июн, Июл, Авг, Сен]
*Внутренний оборот'

22-11-2024T05:04:36 - [MESSAGE][PASSED] - Text of object 'Object Repository/Страница авторизации/Text' is: 'Период
Выбрано: 3
Выручка
Все
Выполнение плановых показателей, млн.руб.
План
Факт
Динамика
2024 год
0 млн.руб.
100 000 млн.руб.
200 000 млн.руб.
300 000 млн.руб.
400 000 млн.руб.
500 000 млн.руб.
600 000 млн.руб.
700 000 млн.руб.
800 000 млн.руб.
900 000 млн.руб.
1 000 000 млн.руб.
1 100 000 млн.руб.
1 200 000 млн.руб.
1 300 000 млн.руб.
1 056 816
1 083 641
↑
ДЗО 
Все
Подписи данных
⬤Отклонение
АО «Тываэнерго»
АО «Чеченэнерго»
Россети Волга
Россети Кубань
Россети Ленэнерго (ГК)
Россети Московский регион
Россети Северный Кавказ (ГК)
Россети Северо-Запад
Россети Сибирь (ГК)
Россети Томск
Россети Тюмень
Россети Урал (ГК)
Россети ФСК ЕЭС
Россети Центр
Россети Центр и Приволжье (ГК)
Россети Юг (ГК)
Россети Янтарь
-5 000 млн.руб.
-4 000 млн.руб.
-3 000 млн.руб.
-2 000 млн.руб.
-1 000 млн.руб.
0 млн.руб.
1 000 млн.руб.
2 000 млн.руб.
3 000 млн.руб.
4 000 млн.руб.
5 000 млн.руб.
6 000 млн.руб.
7 000 млн.руб.
8 000 млн.руб.
239
68
25
3 470
3 855
6 900
821
839
2 116
213
-4 312
1 715
1 999
3 410
3 873
1 315
277
млн.
%
Выручка
Отклонение выручки (факт/план, млн. руб) 
ПАО Россети
26 824.9 млн.руб.
Статус данных
×
Просьба обратить внимание
Данные занесены не полностью
ВЫБРАННЫЕ ЗНАЧЕНИЯ ФИЛЬТРОВ
ДЗО | ПЕРИОД
ПАО Россети: [«Выбраны все филиалы по всем ДЗО по всем категориям»]
2024: [Янв, Фев, Мар, Апр, Май, Июн, Июл, Авг, Сен]
*Внутренний оборот'

22-11-2024T05:04:36 - [TEST_STEP][PASSED] - searchWord = "а": null

22-11-2024T05:04:36 - [TEST_STEP][PASSED] - if (urlText.contains("ошибка") || urlText.contains(searchWord) == false): null

22-11-2024T05:04:36 - [TEST_STEP][PASSED] - delay(45): Delayed 45 second(s)

22-11-2024T05:05:21 - [MESSAGE][PASSED] - Delayed 45 second(s)

22-11-2024T05:05:21 - [TEST_STEP][PASSED] - if (block == 2): Delayed 50 second(s)

22-11-2024T05:05:21 - [TEST_STEP][PASSED] - opoveshenie = getText(findTestObject("Выручка в рублях/Просьба обратить внимание")): Text of object 'Object Repository/Выручка в рублях/Просьба обратить внимание' is: 'Просьба обратить внимание'

22-11-2024T05:05:21 - [MESSAGE][PASSED] - Text of object 'Object Repository/Выручка в рублях/Просьба обратить внимание' is: 'Просьба обратить внимание'

22-11-2024T05:05:21 - [TEST_STEP][PASSED] - if (opoveshenie == "Просьба обратить внимание"): Delayed 50 second(s)

22-11-2024T05:05:21 - [TEST_STEP][PASSED] - click(findTestObject("Выручка в рублях/Закрыть оповещение")): Object: 'Object Repository/Выручка в рублях/Закрыть оповещение' is clicked on

22-11-2024T05:05:22 - [MESSAGE][PASSED] - Object: 'Object Repository/Выручка в рублях/Закрыть оповещение' is clicked on

22-11-2024T05:05:22 - [TEST_STEP][PASSED] - delay(50): Delayed 50 second(s)

22-11-2024T05:06:12 - [MESSAGE][PASSED] - Delayed 50 second(s)

22-11-2024T05:06:12 - [TEST_STEP][PASSED] - click(findTestObject("Выручка в рублях/Фильтр Период" + nameOfBlock)): Object: 'Object Repository/Выручка в рублях/Фильтр Период Выручка' is clicked on

22-11-2024T05:06:12 - [MESSAGE][PASSED] - Object: 'Object Repository/Выручка в рублях/Фильтр Период Выручка' is clicked on

22-11-2024T05:06:12 - [TEST_STEP][PASSED] - click(findTestObject("Выручка в рублях/Снять выделение в фильтре Дата" + nameOfBlock)): Object: 'Object Repository/Выручка в рублях/Снять выделение в фильтре Дата Выручка' is clicked on

22-11-2024T05:06:13 - [MESSAGE][PASSED] - Object: 'Object Repository/Выручка в рублях/Снять выделение в фильтре Дата Выручка' is clicked on

22-11-2024T05:06:13 - [TEST_STEP][PASSED] - click(findTestObject("Выручка в рублях/Применить в фильтре Дата" + nameOfBlock)): Object: 'Object Repository/Выручка в рублях/Применить в фильтре Дата Выручка' is clicked on

22-11-2024T05:06:13 - [MESSAGE][PASSED] - Object: 'Object Repository/Выручка в рублях/Применить в фильтре Дата Выручка' is clicked on

22-11-2024T05:06:13 - [TEST_STEP][PASSED] - delay(50): Delayed 50 second(s)

22-11-2024T05:07:03 - [MESSAGE][PASSED] - Delayed 50 second(s)

22-11-2024T05:07:03 - [TEST_STEP][PASSED] - click(findTestObject("Выручка в рублях/Фильтр Период" + nameOfBlock)): Object: 'Object Repository/Выручка в рублях/Фильтр Период Выручка' is clicked on

22-11-2024T05:07:04 - [MESSAGE][PASSED] - Object: 'Object Repository/Выручка в рублях/Фильтр Период Выручка' is clicked on

22-11-2024T05:07:04 - [TEST_STEP][PASSED] - click(findTestObject("Выручка в рублях/Снять выделение в фильтре Дата" + nameOfBlock)): Object: 'Object Repository/Выручка в рублях/Снять выделение в фильтре Дата Выручка' is clicked on

22-11-2024T05:07:04 - [MESSAGE][PASSED] - Object: 'Object Repository/Выручка в рублях/Снять выделение в фильтре Дата Выручка' is clicked on

22-11-2024T05:07:04 - [TEST_STEP][PASSED] - scrollToElement(findTestObject("Выручка в рублях/2024 список" + nameOfBlock), 30): Scroll to object 'Object Repository/Выручка в рублях/2024 список Выручка' successfully

22-11-2024T05:07:05 - [MESSAGE][PASSED] - Scroll to object 'Object Repository/Выручка в рублях/2024 список Выручка' successfully

22-11-2024T05:07:05 - [TEST_STEP][PASSED] - click(findTestObject("Выручка в рублях/2024 список" + nameOfBlock)): Object: 'Object Repository/Выручка в рублях/2024 список Выручка' is clicked on

22-11-2024T05:07:05 - [MESSAGE][PASSED] - Object: 'Object Repository/Выручка в рублях/2024 список Выручка' is clicked on

22-11-2024T05:07:05 - [TEST_STEP][PASSED] - scrollToElement(findTestObject("Выручка в рублях/1 квартал 2024 выбрать" + nameOfBlock), 30): Scroll to object 'Object Repository/Выручка в рублях/1 квартал 2024 выбрать Выручка' successfully

22-11-2024T05:07:05 - [MESSAGE][PASSED] - Scroll to object 'Object Repository/Выручка в рублях/1 квартал 2024 выбрать Выручка' successfully

22-11-2024T05:07:05 - [TEST_STEP][PASSED] - click(findTestObject("Выручка в рублях/1 квартал 2024 выбрать" + nameOfBlock)): Object: 'Object Repository/Выручка в рублях/1 квартал 2024 выбрать Выручка' is clicked on

22-11-2024T05:07:06 - [MESSAGE][PASSED] - Object: 'Object Repository/Выручка в рублях/1 квартал 2024 выбрать Выручка' is clicked on

22-11-2024T05:07:06 - [TEST_STEP][PASSED] - scrollToElement(findTestObject("Выручка в рублях/2 квартал 2024 выбрать" + nameOfBlock), 30): Scroll to object 'Object Repository/Выручка в рублях/2 квартал 2024 выбрать Выручка' successfully

22-11-2024T05:07:06 - [MESSAGE][PASSED] - Scroll to object 'Object Repository/Выручка в рублях/2 квартал 2024 выбрать Выручка' successfully

22-11-2024T05:07:06 - [TEST_STEP][PASSED] - click(findTestObject("Выручка в рублях/2 квартал 2024 выбрать" + nameOfBlock)): Object: 'Object Repository/Выручка в рублях/2 квартал 2024 выбрать Выручка' is clicked on

22-11-2024T05:07:07 - [MESSAGE][PASSED] - Object: 'Object Repository/Выручка в рублях/2 квартал 2024 выбрать Выручка' is clicked on

22-11-2024T05:07:07 - [TEST_STEP][PASSED] - scrollToElement(findTestObject("Выручка в рублях/3 квартал 2024 список" + nameOfBlock), 30): Scroll to object 'Object Repository/Выручка в рублях/3 квартал 2024 список Выручка' successfully

22-11-2024T05:07:07 - [MESSAGE][PASSED] - Scroll to object 'Object Repository/Выручка в рублях/3 квартал 2024 список Выручка' successfully

22-11-2024T05:07:07 - [TEST_STEP][PASSED] - click(findTestObject("Выручка в рублях/3 квартал 2024" + nameOfBlock)): Object: 'Object Repository/Выручка в рублях/3 квартал 2024 Выручка' is clicked on

22-11-2024T05:07:07 - [MESSAGE][PASSED] - Object: 'Object Repository/Выручка в рублях/3 квартал 2024 Выручка' is clicked on

22-11-2024T05:07:07 - [TEST_STEP][PASSED] - scrollToElement(findTestObject("Выручка в рублях/Заголовок дашборда" + nameOfBlock), 30): Scroll to object 'Object Repository/Выручка в рублях/Заголовок дашборда Выручка' successfully

22-11-2024T05:07:08 - [MESSAGE][PASSED] - Scroll to object 'Object Repository/Выручка в рублях/Заголовок дашборда Выручка' successfully

22-11-2024T05:07:08 - [TEST_STEP][PASSED] - click(findTestObject("Выручка в рублях/Применить в фильтре Дата" + nameOfBlock)): Object: 'Object Repository/Выручка в рублях/Применить в фильтре Дата Выручка' is clicked on

22-11-2024T05:07:08 - [MESSAGE][PASSED] - Object: 'Object Repository/Выручка в рублях/Применить в фильтре Дата Выручка' is clicked on

22-11-2024T05:07:08 - [TEST_STEP][PASSED] - delay(55): Delayed 55 second(s)

22-11-2024T05:08:03 - [MESSAGE][PASSED] - Delayed 55 second(s)

22-11-2024T05:08:03 - [TEST_STEP][PASSED] - click(findTestObject("Выручка в рублях/Фильтр ДЗО" + nameOfBlock)): Object: 'Object Repository/Выручка в рублях/Фильтр ДЗО Выручка' is clicked on

22-11-2024T05:08:04 - [MESSAGE][PASSED] - Object: 'Object Repository/Выручка в рублях/Фильтр ДЗО Выручка' is clicked on

22-11-2024T05:08:04 - [TEST_STEP][PASSED] - click(findTestObject("Выручка в рублях/Снять выделение в фильтре ДЗО" + nameOfBlock)): Object: 'Object Repository/Выручка в рублях/Снять выделение в фильтре ДЗО Выручка' is clicked on

22-11-2024T05:08:04 - [MESSAGE][PASSED] - Object: 'Object Repository/Выручка в рублях/Снять выделение в фильтре ДЗО Выручка' is clicked on

22-11-2024T05:08:04 - [TEST_STEP][PASSED] - click(findTestObject("Выручка в рублях/Применить в фильтре ДЗО" + nameOfBlock)): Object: 'Object Repository/Выручка в рублях/Применить в фильтре ДЗО Выручка' is clicked on

22-11-2024T05:08:05 - [MESSAGE][PASSED] - Object: 'Object Repository/Выручка в рублях/Применить в фильтре ДЗО Выручка' is clicked on

22-11-2024T05:08:05 - [TEST_STEP][PASSED] - delay(50): Delayed 50 second(s)

22-11-2024T05:08:55 - [MESSAGE][PASSED] - Delayed 50 second(s)

22-11-2024T05:08:55 - [TEST_STEP][PASSED] - Script1710234207206.Tumbler(run, vir, block, nameOfBlock): null

22-11-2024T05:08:55 - [TEST_STEP][PASSED] - println("run:" + run): null

22-11-2024T05:08:55 - [TEST_STEP][PASSED] - println("vir:" + vir): null

22-11-2024T05:08:55 - [TEST_STEP][PASSED] - println("block:" + block): null

22-11-2024T05:08:55 - [TEST_STEP][PASSED] - println("nameOfBlock:" + nameOfBlock): null

22-11-2024T05:08:55 - [TEST_STEP][PASSED] - if (vir == 1): null

22-11-2024T05:08:55 - [TEST_STEP][PASSED] - else if (vir == 2): null

22-11-2024T05:08:55 - [TEST_STEP][PASSED] - else if (vir == 3): Object: 'Object Repository/Выручка в рублях/Применить в фильтре Выручка Выручка' is clicked on

22-11-2024T05:08:55 - [TEST_STEP][PASSED] - if (run == 2): Object: 'Object Repository/Выручка в рублях/Переключить отображение с млн на проценты Выручка в рублях Выручка' is clicked on

22-11-2024T05:08:55 - [TEST_STEP][PASSED] - click(findTestObject("Выручка в рублях/Переключить отображение с млн на проценты Выручка в рублях" + nameOfBlock)): Object: 'Object Repository/Выручка в рублях/Переключить отображение с млн на проценты Выручка в рублях Выручка' is clicked on

22-11-2024T05:08:55 - [MESSAGE][PASSED] - Object: 'Object Repository/Выручка в рублях/Переключить отображение с млн на проценты Выручка в рублях Выручка' is clicked on

22-11-2024T05:08:55 - [TEST_STEP][PASSED] - click(findTestObject("Выручка в рублях/Фильтр Выручка" + nameOfBlock)): Object: 'Object Repository/Выручка в рублях/Фильтр Выручка Выручка' is clicked on

22-11-2024T05:08:56 - [MESSAGE][PASSED] - Object: 'Object Repository/Выручка в рублях/Фильтр Выручка Выручка' is clicked on

22-11-2024T05:08:56 - [TEST_STEP][PASSED] - click(findTestObject("Выручка в рублях/Внутренний оборот в фильтре Выручка" + nameOfBlock)): Object: 'Object Repository/Выручка в рублях/Внутренний оборот в фильтре Выручка Выручка' is clicked on

22-11-2024T05:08:56 - [MESSAGE][PASSED] - Object: 'Object Repository/Выручка в рублях/Внутренний оборот в фильтре Выручка Выручка' is clicked on

22-11-2024T05:08:56 - [TEST_STEP][PASSED] - click(findTestObject("Выручка в рублях/Применить в фильтре Выручка" + nameOfBlock)): Object: 'Object Repository/Выручка в рублях/Применить в фильтре Выручка Выручка' is clicked on

22-11-2024T05:08:57 - [MESSAGE][PASSED] - Object: 'Object Repository/Выручка в рублях/Применить в фильтре Выручка Выручка' is clicked on

22-11-2024T05:08:57 - [TEST_STEP][PASSED] - click(findTestObject("Выручка в рублях/Фильтр ДЗО" + nameOfBlock)): Object: 'Object Repository/Выручка в рублях/Фильтр ДЗО Выручка' is clicked on

22-11-2024T05:08:59 - [MESSAGE][PASSED] - Object: 'Object Repository/Выручка в рублях/Фильтр ДЗО Выручка' is clicked on

22-11-2024T05:08:59 - [TEST_STEP][PASSED] - Script1710234207206.Rosseti(nameOfBlock): null

22-11-2024T05:08:59 - [TEST_STEP][PASSED] - println("nameOfBlock:" + nameOfBlock): null

22-11-2024T05:08:59 - [TEST_STEP][PASSED] - click(findTestObject("Выручка в рублях/ПАО Россети" + nameOfBlock)): Object: 'Object Repository/Выручка в рублях/ПАО Россети Выручка' is clicked on

22-11-2024T05:08:59 - [MESSAGE][PASSED] - Object: 'Object Repository/Выручка в рублях/ПАО Россети Выручка' is clicked on

22-11-2024T05:08:59 - [TEST_STEP][PASSED] - click(findTestObject("Выручка в рублях/Применить в фильтре ДЗО" + nameOfBlock)): Object: 'Object Repository/Выручка в рублях/Применить в фильтре ДЗО Выручка' is clicked on

22-11-2024T05:09:00 - [MESSAGE][PASSED] - Object: 'Object Repository/Выручка в рублях/Применить в фильтре ДЗО Выручка' is clicked on

22-11-2024T05:09:00 - [TEST_STEP][PASSED] - if (vir == 1 || vir == 2): null

22-11-2024T05:09:00 - [TEST_STEP][PASSED] - else: Text of object 'Object Repository/Выручка в рублях/vir3Plan Выручка' is: '17 893'

22-11-2024T05:09:00 - [TEST_STEP][PASSED] - b1 = getText(findTestObject("Выручка в рублях/vir3Plan Выручка")): Text of object 'Object Repository/Выручка в рублях/vir3Plan Выручка' is: '17 893'

22-11-2024T05:09:02 - [MESSAGE][PASSED] - Text of object 'Object Repository/Выручка в рублях/vir3Plan Выручка' is: '17 893'

22-11-2024T05:09:02 - [TEST_STEP][PASSED] - if (vir == 1 || vir == 2): null

22-11-2024T05:09:02 - [TEST_STEP][PASSED] - else: Text of object 'Object Repository/Выручка в рублях/vir3Fact Выручка' is: '18 501'

22-11-2024T05:09:02 - [TEST_STEP][PASSED] - b2 = getText(findTestObject("Выручка в рублях/vir3Fact Выручка")): Text of object 'Object Repository/Выручка в рублях/vir3Fact Выручка' is: '18 501'

22-11-2024T05:09:02 - [MESSAGE][PASSED] - Text of object 'Object Repository/Выручка в рублях/vir3Fact Выручка' is: '18 501'

22-11-2024T05:09:02 - [TEST_STEP][PASSED] - b30 = getText(findTestObject("Выручка в рублях/span1" + perc)): Text of object 'Object Repository/Выручка в рублях/span1 Perc' is: '3.4 %'

22-11-2024T05:09:02 - [MESSAGE][PASSED] - Text of object 'Object Repository/Выручка в рублях/span1 Perc' is: '3.4 %'

22-11-2024T05:09:02 - [TEST_STEP][PASSED] - i = b30.indexOf("млн.руб."): null

22-11-2024T05:09:02 - [TEST_STEP][PASSED] - if (i > -1): null

22-11-2024T05:09:02 - [TEST_STEP][PASSED] - if (b30.contains("%")): null

22-11-2024T05:09:02 - [TEST_STEP][PASSED] - b30 = b30.replaceAll("%", ""): null

22-11-2024T05:09:02 - [TEST_STEP][PASSED] - b30 = ").trim(): null

22-11-2024T05:09:02 - [TEST_STEP][PASSED] - println("b30: " + b30): null

22-11-2024T05:09:02 - [TEST_STEP][PASSED] - if (vir == 1 || vir == 2): null

22-11-2024T05:09:02 - [TEST_STEP][PASSED] - else: Text of object 'Object Repository/Выручка в рублях/span15 Perc' is: '-3.8 %'

22-11-2024T05:09:02 - [TEST_STEP][PASSED] - b31 = ").trim(): Text of object 'Object Repository/Выручка в рублях/span15 Perc' is: '-3.8 %'

22-11-2024T05:09:03 - [MESSAGE][PASSED] - Text of object 'Object Repository/Выручка в рублях/span15 Perc' is: '-3.8 %'

22-11-2024T05:09:03 - [TEST_STEP][PASSED] - if (vir == 1 || vir == 2): null

22-11-2024T05:09:03 - [TEST_STEP][PASSED] - else: Text of object 'Object Repository/Выручка в рублях/span16 Perc' is: '2.35 %'

22-11-2024T05:09:03 - [TEST_STEP][PASSED] - b32 = ").trim(): Text of object 'Object Repository/Выручка в рублях/span16 Perc' is: '2.35 %'

22-11-2024T05:09:03 - [MESSAGE][PASSED] - Text of object 'Object Repository/Выручка в рублях/span16 Perc' is: '2.35 %'

22-11-2024T05:09:03 - [TEST_STEP][PASSED] - if (vir == 1 || vir == 2): null

22-11-2024T05:09:03 - [TEST_STEP][PASSED] - else: Text of object 'Object Repository/Выручка в рублях/span17 Perc' is: '4.22 %'

22-11-2024T05:09:03 - [TEST_STEP][PASSED] - b37 = ").trim(): Text of object 'Object Repository/Выручка в рублях/span17 Perc' is: '4.22 %'

22-11-2024T05:09:03 - [MESSAGE][PASSED] - Text of object 'Object Repository/Выручка в рублях/span17 Perc' is: '4.22 %'

22-11-2024T05:09:03 - [TEST_STEP][PASSED] - if (vir == 1 || vir == 2): null

22-11-2024T05:09:03 - [TEST_STEP][PASSED] - else: Text of object 'Object Repository/Выручка в рублях/span18 Perc' is: '8.07 %'

22-11-2024T05:09:03 - [TEST_STEP][PASSED] - b316 = ").trim(): Text of object 'Object Repository/Выручка в рублях/span18 Perc' is: '8.07 %'

22-11-2024T05:09:04 - [MESSAGE][PASSED] - Text of object 'Object Repository/Выручка в рублях/span18 Perc' is: '8.07 %'

22-11-2024T05:09:04 - [TEST_STEP][PASSED] - if (vir == 1 || vir == 2): null

22-11-2024T05:09:04 - [TEST_STEP][PASSED] - dZO = "ПАО Россети": null

22-11-2024T05:09:04 - [TEST_STEP][PASSED] - if (verifyEqual(a1, b1) == false): Actual object '17 893' and expected object '17 893' are equal

22-11-2024T05:09:04 - [MESSAGE][PASSED] - Actual object '17 893' and expected object '17 893' are equal

22-11-2024T05:09:04 - [TEST_STEP][PASSED] - if (verifyEqual(a2, b2) == false): Actual object '18 501' and expected object '18 501' are equal

22-11-2024T05:09:04 - [MESSAGE][PASSED] - Actual object '18 501' and expected object '18 501' are equal

22-11-2024T05:09:04 - [TEST_STEP][PASSED] - vidget = "Отклонения": null

22-11-2024T05:09:04 - [TEST_STEP][FAILED] - if (verifyEqual(a30, b30) == false): null

22-11-2024T05:09:04 - [MESSAGE][FAILED] - Unable to verify equal between actual object '-47.39' and expected object '3.4' (Root cause: com.kms.katalon.core.exception.StepFailedException: Actual object '-47.39' and expected object '3.4' are not equal
	at com.kms.katalon.core.keyword.builtin.VerifyEqualKeyword$_verifyEqual_closure1.doCall(VerifyEqualKeyword.groovy:58)
	at com.kms.katalon.core.keyword.builtin.VerifyEqualKeyword$_verifyEqual_closure1.call(VerifyEqualKeyword.groovy)
	at com.kms.katalon.core.keyword.internal.KeywordMain.runKeyword(KeywordMain.groovy:75)
	at com.kms.katalon.core.keyword.builtin.VerifyEqualKeyword.verifyEqual(VerifyEqualKeyword.groovy:63)
	at com.kms.katalon.core.keyword.builtin.VerifyEqualKeyword.execute(VerifyEqualKeyword.groovy:44)
	at com.kms.katalon.core.keyword.internal.KeywordExecutor.executeKeywordForPlatform(KeywordExecutor.groovy:74)
	at com.kms.katalon.core.keyword.BuiltinKeywords.verifyEqual(BuiltinKeywords.groovy:146)
	at jdk.internal.reflect.GeneratedMethodAccessor25.invoke(Unknown Source)
	at java.base/jdk.internal.reflect.DelegatingMethodAccessorImpl.invoke(DelegatingMethodAccessorImpl.java:43)
	at Выручка в рублях сверка дашбордов ПАО Россети.Blocks(Выручка в рублях сверка дашбордов ПАО Россети:357)
	at Выручка в рублях сверка дашбордов ПАО Россети.ViruchkaChange(Выручка в рублях сверка дашбордов ПАО Россети:60)
	at Выручка в рублях сверка дашбордов ПАО Россети.run(Выручка в рублях сверка дашбордов ПАО Россети:55)
	at com.kms.katalon.core.main.ScriptEngine.run(ScriptEngine.java:194)
	at com.kms.katalon.core.main.ScriptEngine.runScriptAsRawText(ScriptEngine.java:119)
	at com.kms.katalon.core.main.TestCaseExecutor.runScript(TestCaseExecutor.java:448)
	at com.kms.katalon.core.main.TestCaseExecutor.doExecute(TestCaseExecutor.java:439)
	at com.kms.katalon.core.main.TestCaseExecutor.processExecutionPhase(TestCaseExecutor.java:418)
	at com.kms.katalon.core.main.TestCaseExecutor.accessMainPhase(TestCaseExecutor.java:410)
	at com.kms.katalon.core.main.TestCaseExecutor.execute(TestCaseExecutor.java:285)
	at com.kms.katalon.core.common.CommonExecutor.accessTestCaseMainPhase(CommonExecutor.java:65)
	at com.kms.katalon.core.main.TestSuiteExecutor.accessTestSuiteMainPhase(TestSuiteExecutor.java:150)
	at com.kms.katalon.core.main.TestSuiteExecutor.execute(TestSuiteExecutor.java:106)
	at com.kms.katalon.core.main.TestCaseMain.startTestSuite(TestCaseMain.java:180)
	at TempTestSuite1732232929817.run(TempTestSuite1732232929817.groovy:35)
	at java.base/jdk.internal.reflect.NativeMethodAccessorImpl.invoke0(Native Method)
	at java.base/jdk.internal.reflect.NativeMethodAccessorImpl.invoke(NativeMethodAccessorImpl.java:77)
	at java.base/jdk.internal.reflect.DelegatingMethodAccessorImpl.invoke(DelegatingMethodAccessorImpl.java:43)
)

22-11-2024T05:09:04 - [TEST_STEP][PASSED] - a = replaceAll("\s+", "").toDouble(): null

22-11-2024T05:09:04 - [TEST_STEP][PASSED] - b = replaceAll("\s+", "").toDouble(): null

22-11-2024T05:09:04 - [TEST_STEP][PASSED] - Script1710234207206.WriteToExcel(todaysDate, run, vir, block, typeOfData, viruchka, vidget, nameOfBlock, a, b, dZO): null

22-11-2024T05:09:04 - [TEST_STEP][PASSED] - println(run): null

22-11-2024T05:09:04 - [TEST_STEP][PASSED] - if (run == 1): null

22-11-2024T05:09:04 - [TEST_STEP][PASSED] - else if (run == 2): null

22-11-2024T05:09:04 - [TEST_STEP][PASSED] - typeOfData = "Проценты": null

22-11-2024T05:09:04 - [TEST_STEP][PASSED] - println("todaysDate:" + todaysDate): null

22-11-2024T05:09:04 - [TEST_STEP][PASSED] - println("typeOfData:" + typeOfData): null

22-11-2024T05:09:04 - [TEST_STEP][PASSED] - viruchka = getText(findTestObject("Выручка в рублях/Фильтр Выручка" + nameOfBlock)): Text of object 'Object Repository/Выручка в рублях/Фильтр Выручка Выручка' is: 'ПЕРЕДАЧА ЭЛЕКТРОЭНЕРГИИ, внутренний оборот'

22-11-2024T05:09:04 - [MESSAGE][PASSED] - Text of object 'Object Repository/Выручка в рублях/Фильтр Выручка Выручка' is: 'ПЕРЕДАЧА ЭЛЕКТРОЭНЕРГИИ, внутренний оборот'

22-11-2024T05:09:04 - [TEST_STEP][PASSED] - println("viruchka" + viruchka): null

22-11-2024T05:09:04 - [TEST_STEP][PASSED] - println("vidget" + vidget): null

22-11-2024T05:09:04 - [TEST_STEP][PASSED] - println("a" + a): null

22-11-2024T05:09:04 - [TEST_STEP][PASSED] - println("b" + b): null

22-11-2024T05:09:04 - [TEST_STEP][PASSED] - sheetName = "Sheet1": null

22-11-2024T05:09:04 - [TEST_STEP][PASSED] - data = findTestData("PlanFact"): null

22-11-2024T05:09:04 - [TEST_STEP][PASSED] - n = data.getRowNumbers() + 1: null

22-11-2024T05:09:04 - [TEST_STEP][PASSED] - period = getText(findTestObject("Выручка в рублях/Фильтр Период")): Text of object 'Object Repository/Выручка в рублях/Фильтр Период' is: '1, 2, 3 кв. 2024 года'

22-11-2024T05:09:04 - [MESSAGE][PASSED] - Text of object 'Object Repository/Выручка в рублях/Фильтр Период' is: '1, 2, 3 кв. 2024 года'

22-11-2024T05:09:04 - [TEST_STEP][PASSED] - println(period): null

22-11-2024T05:09:04 - [TEST_STEP][PASSED] - dashboardName = "Выручка в рублях": null

22-11-2024T05:09:04 - [TEST_STEP][PASSED] - workbook01 = getWorkbook(excelFilePath): null

22-11-2024T05:09:04 - [TEST_STEP][PASSED] - sheet01 = getExcelSheet(workbook01, sheetName): null

22-11-2024T05:09:04 - [TEST_STEP][PASSED] - setValueToCellByIndex(sheet01, n, 0, dashboardName): null

22-11-2024T05:09:04 - [TEST_STEP][PASSED] - setValueToCellByIndex(sheet01, n, 1, dZO): null

22-11-2024T05:09:04 - [TEST_STEP][PASSED] - setValueToCellByIndex(sheet01, n, 2, vidget): null

22-11-2024T05:09:04 - [TEST_STEP][PASSED] - setValueToCellByIndex(sheet01, n, 3, viruchka): null

22-11-2024T05:09:04 - [TEST_STEP][PASSED] - setValueToCellByIndex(sheet01, n, 4, typeOfData): null

22-11-2024T05:09:04 - [TEST_STEP][PASSED] - if (a == null): null

22-11-2024T05:09:04 - [TEST_STEP][PASSED] - else: null

22-11-2024T05:09:04 - [TEST_STEP][PASSED] - setValueToCellByIndex(sheet01, n, 5, a): null

22-11-2024T05:09:04 - [TEST_STEP][PASSED] - if (b == null): null

22-11-2024T05:09:04 - [TEST_STEP][PASSED] - else: null

22-11-2024T05:09:04 - [TEST_STEP][PASSED] - setValueToCellByIndex(sheet01, n, 6, b): null

22-11-2024T05:09:04 - [TEST_STEP][PASSED] - setValueToCellByIndex(sheet01, n, 7, period): null

22-11-2024T05:09:04 - [TEST_STEP][PASSED] - setValueToCellByIndex(sheet01, n, 8, todaysDate): null

22-11-2024T05:09:04 - [TEST_STEP][PASSED] - n = n + 1: null

22-11-2024T05:09:04 - [TEST_STEP][PASSED] - saveWorkbook(excelFilePath, workbook01): null

22-11-2024T05:09:04 - [TEST_STEP][PASSED] - dZO = "АО «Тываэнерго»": null

22-11-2024T05:09:04 - [TEST_STEP][PASSED] - if (verifyEqual(a31, b31) == false): Actual object '-3.8' and expected object '-3.8' are equal

22-11-2024T05:09:04 - [MESSAGE][PASSED] - Actual object '-3.8' and expected object '-3.8' are equal

22-11-2024T05:09:04 - [TEST_STEP][PASSED] - dZO = "АО «Чеченэнерго»": null

22-11-2024T05:09:04 - [TEST_STEP][FAILED] - if (verifyEqual(a32, b32) == false): null

22-11-2024T05:09:04 - [MESSAGE][FAILED] - Unable to verify equal between actual object '-48.83' and expected object '2.35' (Root cause: com.kms.katalon.core.exception.StepFailedException: Actual object '-48.83' and expected object '2.35' are not equal
	at com.kms.katalon.core.keyword.builtin.VerifyEqualKeyword$_verifyEqual_closure1.doCall(VerifyEqualKeyword.groovy:58)
	at com.kms.katalon.core.keyword.builtin.VerifyEqualKeyword$_verifyEqual_closure1.call(VerifyEqualKeyword.groovy)
	at com.kms.katalon.core.keyword.internal.KeywordMain.runKeyword(KeywordMain.groovy:75)
	at com.kms.katalon.core.keyword.builtin.VerifyEqualKeyword.verifyEqual(VerifyEqualKeyword.groovy:63)
	at com.kms.katalon.core.keyword.builtin.VerifyEqualKeyword.execute(VerifyEqualKeyword.groovy:44)
	at com.kms.katalon.core.keyword.internal.KeywordExecutor.executeKeywordForPlatform(KeywordExecutor.groovy:74)
	at com.kms.katalon.core.keyword.BuiltinKeywords.verifyEqual(BuiltinKeywords.groovy:146)
	at jdk.internal.reflect.GeneratedMethodAccessor25.invoke(Unknown Source)
	at java.base/jdk.internal.reflect.DelegatingMethodAccessorImpl.invoke(DelegatingMethodAccessorImpl.java:43)
	at Выручка в рублях сверка дашбордов ПАО Россети.Blocks(Выручка в рублях сверка дашбордов ПАО Россети:377)
	at Выручка в рублях сверка дашбордов ПАО Россети.ViruchkaChange(Выручка в рублях сверка дашбордов ПАО Россети:60)
	at Выручка в рублях сверка дашбордов ПАО Россети.run(Выручка в рублях сверка дашбордов ПАО Россети:55)
	at com.kms.katalon.core.main.ScriptEngine.run(ScriptEngine.java:194)
	at com.kms.katalon.core.main.ScriptEngine.runScriptAsRawText(ScriptEngine.java:119)
	at com.kms.katalon.core.main.TestCaseExecutor.runScript(TestCaseExecutor.java:448)
	at com.kms.katalon.core.main.TestCaseExecutor.doExecute(TestCaseExecutor.java:439)
	at com.kms.katalon.core.main.TestCaseExecutor.processExecutionPhase(TestCaseExecutor.java:418)
	at com.kms.katalon.core.main.TestCaseExecutor.accessMainPhase(TestCaseExecutor.java:410)
	at com.kms.katalon.core.main.TestCaseExecutor.execute(TestCaseExecutor.java:285)
	at com.kms.katalon.core.common.CommonExecutor.accessTestCaseMainPhase(CommonExecutor.java:65)
	at com.kms.katalon.core.main.TestSuiteExecutor.accessTestSuiteMainPhase(TestSuiteExecutor.java:150)
	at com.kms.katalon.core.main.TestSuiteExecutor.execute(TestSuiteExecutor.java:106)
	at com.kms.katalon.core.main.TestCaseMain.startTestSuite(TestCaseMain.java:180)
	at TempTestSuite1732232929817.run(TempTestSuite1732232929817.groovy:35)
	at java.base/jdk.internal.reflect.NativeMethodAccessorImpl.invoke0(Native Method)
	at java.base/jdk.internal.reflect.NativeMethodAccessorImpl.invoke(NativeMethodAccessorImpl.java:77)
	at java.base/jdk.internal.reflect.DelegatingMethodAccessorImpl.invoke(DelegatingMethodAccessorImpl.java:43)
)

22-11-2024T05:09:04 - [TEST_STEP][PASSED] - a = replaceAll("\s+", "").toDouble(): null

22-11-2024T05:09:04 - [TEST_STEP][PASSED] - b = replaceAll("\s+", "").toDouble(): null

22-11-2024T05:09:04 - [TEST_STEP][PASSED] - Script1710234207206.WriteToExcel(todaysDate, run, vir, block, typeOfData, viruchka, vidget, nameOfBlock, a, b, dZO): null

22-11-2024T05:09:04 - [TEST_STEP][PASSED] - println(run): null

22-11-2024T05:09:04 - [TEST_STEP][PASSED] - if (run == 1): null

22-11-2024T05:09:04 - [TEST_STEP][PASSED] - else if (run == 2): null

22-11-2024T05:09:04 - [TEST_STEP][PASSED] - typeOfData = "Проценты": null

22-11-2024T05:09:04 - [TEST_STEP][PASSED] - println("todaysDate:" + todaysDate): null

22-11-2024T05:09:04 - [TEST_STEP][PASSED] - println("typeOfData:" + typeOfData): null

22-11-2024T05:09:04 - [TEST_STEP][PASSED] - viruchka = getText(findTestObject("Выручка в рублях/Фильтр Выручка" + nameOfBlock)): Text of object 'Object Repository/Выручка в рублях/Фильтр Выручка Выручка' is: 'ПЕРЕДАЧА ЭЛЕКТРОЭНЕРГИИ, внутренний оборот'

22-11-2024T05:09:05 - [MESSAGE][PASSED] - Text of object 'Object Repository/Выручка в рублях/Фильтр Выручка Выручка' is: 'ПЕРЕДАЧА ЭЛЕКТРОЭНЕРГИИ, внутренний оборот'

22-11-2024T05:09:05 - [TEST_STEP][PASSED] - println("viruchka" + viruchka): null

22-11-2024T05:09:05 - [TEST_STEP][PASSED] - println("vidget" + vidget): null

22-11-2024T05:09:05 - [TEST_STEP][PASSED] - println("a" + a): null

22-11-2024T05:09:05 - [TEST_STEP][PASSED] - println("b" + b): null

22-11-2024T05:09:05 - [TEST_STEP][PASSED] - sheetName = "Sheet1": null

22-11-2024T05:09:05 - [TEST_STEP][PASSED] - data = findTestData("PlanFact"): null

22-11-2024T05:09:05 - [TEST_STEP][PASSED] - n = data.getRowNumbers() + 1: null

22-11-2024T05:09:05 - [TEST_STEP][PASSED] - period = getText(findTestObject("Выручка в рублях/Фильтр Период")): Text of object 'Object Repository/Выручка в рублях/Фильтр Период' is: '1, 2, 3 кв. 2024 года'

22-11-2024T05:09:05 - [MESSAGE][PASSED] - Text of object 'Object Repository/Выручка в рублях/Фильтр Период' is: '1, 2, 3 кв. 2024 года'

22-11-2024T05:09:05 - [TEST_STEP][PASSED] - println(period): null

22-11-2024T05:09:05 - [TEST_STEP][PASSED] - dashboardName = "Выручка в рублях": null

22-11-2024T05:09:05 - [TEST_STEP][PASSED] - workbook01 = getWorkbook(excelFilePath): null

22-11-2024T05:09:05 - [TEST_STEP][PASSED] - sheet01 = getExcelSheet(workbook01, sheetName): null

22-11-2024T05:09:05 - [TEST_STEP][PASSED] - setValueToCellByIndex(sheet01, n, 0, dashboardName): null

22-11-2024T05:09:05 - [TEST_STEP][PASSED] - setValueToCellByIndex(sheet01, n, 1, dZO): null

22-11-2024T05:09:05 - [TEST_STEP][PASSED] - setValueToCellByIndex(sheet01, n, 2, vidget): null

22-11-2024T05:09:05 - [TEST_STEP][PASSED] - setValueToCellByIndex(sheet01, n, 3, viruchka): null

22-11-2024T05:09:05 - [TEST_STEP][PASSED] - setValueToCellByIndex(sheet01, n, 4, typeOfData): null

22-11-2024T05:09:05 - [TEST_STEP][PASSED] - if (a == null): null

22-11-2024T05:09:05 - [TEST_STEP][PASSED] - else: null

22-11-2024T05:09:05 - [TEST_STEP][PASSED] - setValueToCellByIndex(sheet01, n, 5, a): null

22-11-2024T05:09:05 - [TEST_STEP][PASSED] - if (b == null): null

22-11-2024T05:09:05 - [TEST_STEP][PASSED] - else: null

22-11-2024T05:09:05 - [TEST_STEP][PASSED] - setValueToCellByIndex(sheet01, n, 6, b): null

22-11-2024T05:09:05 - [TEST_STEP][PASSED] - setValueToCellByIndex(sheet01, n, 7, period): null

22-11-2024T05:09:05 - [TEST_STEP][PASSED] - setValueToCellByIndex(sheet01, n, 8, todaysDate): null

22-11-2024T05:09:05 - [TEST_STEP][PASSED] - n = n + 1: null

22-11-2024T05:09:05 - [TEST_STEP][PASSED] - saveWorkbook(excelFilePath, workbook01): null

22-11-2024T05:09:05 - [TEST_STEP][PASSED] - dZO = "Россети Волга": null

22-11-2024T05:09:05 - [TEST_STEP][PASSED] - if (verifyEqual(a33, b33) == false): Actual object 'null' and expected object 'null' are equal

22-11-2024T05:09:05 - [MESSAGE][PASSED] - Actual object 'null' and expected object 'null' are equal

22-11-2024T05:09:05 - [TEST_STEP][PASSED] - dZO = "Россети Кубань": null

22-11-2024T05:09:05 - [TEST_STEP][PASSED] - if (verifyEqual(a34, b34) == false): Actual object 'null' and expected object 'null' are equal

22-11-2024T05:09:05 - [MESSAGE][PASSED] - Actual object 'null' and expected object 'null' are equal

22-11-2024T05:09:05 - [TEST_STEP][PASSED] - dZO = "Россети Ленэнерго (ГК)": null

22-11-2024T05:09:05 - [TEST_STEP][PASSED] - if (verifyEqual(a35, b35) == false): Actual object 'null' and expected object 'null' are equal

22-11-2024T05:09:05 - [MESSAGE][PASSED] - Actual object 'null' and expected object 'null' are equal

22-11-2024T05:09:05 - [TEST_STEP][PASSED] - dZO = "Россети Московский регион": null

22-11-2024T05:09:05 - [TEST_STEP][PASSED] - if (verifyEqual(a36, b36) == false): Actual object 'null' and expected object 'null' are equal

22-11-2024T05:09:05 - [MESSAGE][PASSED] - Actual object 'null' and expected object 'null' are equal

22-11-2024T05:09:05 - [TEST_STEP][PASSED] - dZO = "Россети Северный Кавказ (ГК)": null

22-11-2024T05:09:05 - [TEST_STEP][FAILED] - if (verifyEqual(a37, b37) == false): null

22-11-2024T05:09:05 - [MESSAGE][FAILED] - Unable to verify equal between actual object '-49.16' and expected object '4.22' (Root cause: com.kms.katalon.core.exception.StepFailedException: Actual object '-49.16' and expected object '4.22' are not equal
	at com.kms.katalon.core.keyword.builtin.VerifyEqualKeyword$_verifyEqual_closure1.doCall(VerifyEqualKeyword.groovy:58)
	at com.kms.katalon.core.keyword.builtin.VerifyEqualKeyword$_verifyEqual_closure1.call(VerifyEqualKeyword.groovy)
	at com.kms.katalon.core.keyword.internal.KeywordMain.runKeyword(KeywordMain.groovy:75)
	at com.kms.katalon.core.keyword.builtin.VerifyEqualKeyword.verifyEqual(VerifyEqualKeyword.groovy:63)
	at com.kms.katalon.core.keyword.builtin.VerifyEqualKeyword.execute(VerifyEqualKeyword.groovy:44)
	at com.kms.katalon.core.keyword.internal.KeywordExecutor.executeKeywordForPlatform(KeywordExecutor.groovy:74)
	at com.kms.katalon.core.keyword.BuiltinKeywords.verifyEqual(BuiltinKeywords.groovy:146)
	at jdk.internal.reflect.GeneratedMethodAccessor25.invoke(Unknown Source)
	at java.base/jdk.internal.reflect.DelegatingMethodAccessorImpl.invoke(DelegatingMethodAccessorImpl.java:43)
	at Выручка в рублях сверка дашбордов ПАО Россети.Blocks(Выручка в рублях сверка дашбордов ПАО Россети:427)
	at Выручка в рублях сверка дашбордов ПАО Россети.ViruchkaChange(Выручка в рублях сверка дашбордов ПАО Россети:60)
	at Выручка в рублях сверка дашбордов ПАО Россети.run(Выручка в рублях сверка дашбордов ПАО Россети:55)
	at com.kms.katalon.core.main.ScriptEngine.run(ScriptEngine.java:194)
	at com.kms.katalon.core.main.ScriptEngine.runScriptAsRawText(ScriptEngine.java:119)
	at com.kms.katalon.core.main.TestCaseExecutor.runScript(TestCaseExecutor.java:448)
	at com.kms.katalon.core.main.TestCaseExecutor.doExecute(TestCaseExecutor.java:439)
	at com.kms.katalon.core.main.TestCaseExecutor.processExecutionPhase(TestCaseExecutor.java:418)
	at com.kms.katalon.core.main.TestCaseExecutor.accessMainPhase(TestCaseExecutor.java:410)
	at com.kms.katalon.core.main.TestCaseExecutor.execute(TestCaseExecutor.java:285)
	at com.kms.katalon.core.common.CommonExecutor.accessTestCaseMainPhase(CommonExecutor.java:65)
	at com.kms.katalon.core.main.TestSuiteExecutor.accessTestSuiteMainPhase(TestSuiteExecutor.java:150)
	at com.kms.katalon.core.main.TestSuiteExecutor.execute(TestSuiteExecutor.java:106)
	at com.kms.katalon.core.main.TestCaseMain.startTestSuite(TestCaseMain.java:180)
	at TempTestSuite1732232929817.run(TempTestSuite1732232929817.groovy:35)
	at java.base/jdk.internal.reflect.NativeMethodAccessorImpl.invoke0(Native Method)
	at java.base/jdk.internal.reflect.NativeMethodAccessorImpl.invoke(NativeMethodAccessorImpl.java:77)
	at java.base/jdk.internal.reflect.DelegatingMethodAccessorImpl.invoke(DelegatingMethodAccessorImpl.java:43)
)

22-11-2024T05:09:05 - [TEST_STEP][PASSED] - a = replaceAll("\s+", "").toDouble(): null

22-11-2024T05:09:05 - [TEST_STEP][PASSED] - b = replaceAll("\s+", "").toDouble(): null

22-11-2024T05:09:05 - [TEST_STEP][PASSED] - Script1710234207206.WriteToExcel(todaysDate, run, vir, block, typeOfData, viruchka, vidget, nameOfBlock, a, b, dZO): null

22-11-2024T05:09:05 - [TEST_STEP][PASSED] - println(run): null

22-11-2024T05:09:05 - [TEST_STEP][PASSED] - if (run == 1): null

22-11-2024T05:09:05 - [TEST_STEP][PASSED] - else if (run == 2): null

22-11-2024T05:09:05 - [TEST_STEP][PASSED] - typeOfData = "Проценты": null

22-11-2024T05:09:05 - [TEST_STEP][PASSED] - println("todaysDate:" + todaysDate): null

22-11-2024T05:09:05 - [TEST_STEP][PASSED] - println("typeOfData:" + typeOfData): null

22-11-2024T05:09:05 - [TEST_STEP][PASSED] - viruchka = getText(findTestObject("Выручка в рублях/Фильтр Выручка" + nameOfBlock)): Text of object 'Object Repository/Выручка в рублях/Фильтр Выручка Выручка' is: 'ПЕРЕДАЧА ЭЛЕКТРОЭНЕРГИИ, внутренний оборот'

22-11-2024T05:09:06 - [MESSAGE][PASSED] - Text of object 'Object Repository/Выручка в рублях/Фильтр Выручка Выручка' is: 'ПЕРЕДАЧА ЭЛЕКТРОЭНЕРГИИ, внутренний оборот'

22-11-2024T05:09:06 - [TEST_STEP][PASSED] - println("viruchka" + viruchka): null

22-11-2024T05:09:06 - [TEST_STEP][PASSED] - println("vidget" + vidget): null

22-11-2024T05:09:06 - [TEST_STEP][PASSED] - println("a" + a): null

22-11-2024T05:09:06 - [TEST_STEP][PASSED] - println("b" + b): null

22-11-2024T05:09:06 - [TEST_STEP][PASSED] - sheetName = "Sheet1": null

22-11-2024T05:09:06 - [TEST_STEP][PASSED] - data = findTestData("PlanFact"): null

22-11-2024T05:09:06 - [TEST_STEP][PASSED] - n = data.getRowNumbers() + 1: null

22-11-2024T05:09:06 - [TEST_STEP][PASSED] - period = getText(findTestObject("Выручка в рублях/Фильтр Период")): Text of object 'Object Repository/Выручка в рублях/Фильтр Период' is: '1, 2, 3 кв. 2024 года'

22-11-2024T05:09:06 - [MESSAGE][PASSED] - Text of object 'Object Repository/Выручка в рублях/Фильтр Период' is: '1, 2, 3 кв. 2024 года'

22-11-2024T05:09:06 - [TEST_STEP][PASSED] - println(period): null

22-11-2024T05:09:06 - [TEST_STEP][PASSED] - dashboardName = "Выручка в рублях": null

22-11-2024T05:09:06 - [TEST_STEP][PASSED] - workbook01 = getWorkbook(excelFilePath): null

22-11-2024T05:09:06 - [TEST_STEP][PASSED] - sheet01 = getExcelSheet(workbook01, sheetName): null

22-11-2024T05:09:06 - [TEST_STEP][PASSED] - setValueToCellByIndex(sheet01, n, 0, dashboardName): null

22-11-2024T05:09:06 - [TEST_STEP][PASSED] - setValueToCellByIndex(sheet01, n, 1, dZO): null

22-11-2024T05:09:06 - [TEST_STEP][PASSED] - setValueToCellByIndex(sheet01, n, 2, vidget): null

22-11-2024T05:09:06 - [TEST_STEP][PASSED] - setValueToCellByIndex(sheet01, n, 3, viruchka): null

22-11-2024T05:09:06 - [TEST_STEP][PASSED] - setValueToCellByIndex(sheet01, n, 4, typeOfData): null

22-11-2024T05:09:06 - [TEST_STEP][PASSED] - if (a == null): null

22-11-2024T05:09:06 - [TEST_STEP][PASSED] - else: null

22-11-2024T05:09:06 - [TEST_STEP][PASSED] - setValueToCellByIndex(sheet01, n, 5, a): null

22-11-2024T05:09:06 - [TEST_STEP][PASSED] - if (b == null): null

22-11-2024T05:09:06 - [TEST_STEP][PASSED] - else: null

22-11-2024T05:09:06 - [TEST_STEP][PASSED] - setValueToCellByIndex(sheet01, n, 6, b): null

22-11-2024T05:09:06 - [TEST_STEP][PASSED] - setValueToCellByIndex(sheet01, n, 7, period): null

22-11-2024T05:09:06 - [TEST_STEP][PASSED] - setValueToCellByIndex(sheet01, n, 8, todaysDate): null

22-11-2024T05:09:06 - [TEST_STEP][PASSED] - n = n + 1: null

22-11-2024T05:09:06 - [TEST_STEP][PASSED] - saveWorkbook(excelFilePath, workbook01): null

22-11-2024T05:09:06 - [TEST_STEP][PASSED] - dZO = "Россети Северо-Запад": null

22-11-2024T05:09:06 - [TEST_STEP][PASSED] - if (verifyEqual(a38, b38) == false): Actual object 'null' and expected object 'null' are equal

22-11-2024T05:09:06 - [MESSAGE][PASSED] - Actual object 'null' and expected object 'null' are equal

22-11-2024T05:09:06 - [TEST_STEP][PASSED] - dZO = "Россети Сибирь (ГК)": null

22-11-2024T05:09:06 - [TEST_STEP][PASSED] - if (verifyEqual(a39, b39) == false): Actual object 'null' and expected object 'null' are equal

22-11-2024T05:09:06 - [MESSAGE][PASSED] - Actual object 'null' and expected object 'null' are equal

22-11-2024T05:09:06 - [TEST_STEP][PASSED] - dZO = "Россети Томск": null

22-11-2024T05:09:06 - [TEST_STEP][PASSED] - if (verifyEqual(a310, b310) == false): Actual object 'null' and expected object 'null' are equal

22-11-2024T05:09:06 - [MESSAGE][PASSED] - Actual object 'null' and expected object 'null' are equal

22-11-2024T05:09:06 - [TEST_STEP][PASSED] - dZO = "Россети Тюмень": null

22-11-2024T05:09:06 - [TEST_STEP][PASSED] - if (verifyEqual(a311, b311) == false): Actual object 'null' and expected object 'null' are equal

22-11-2024T05:09:06 - [MESSAGE][PASSED] - Actual object 'null' and expected object 'null' are equal

22-11-2024T05:09:06 - [TEST_STEP][PASSED] - dZO = "Россети Урал (ГК)": null

22-11-2024T05:09:06 - [TEST_STEP][PASSED] - if (verifyEqual(a312, b312) == false): Actual object 'null' and expected object 'null' are equal

22-11-2024T05:09:06 - [MESSAGE][PASSED] - Actual object 'null' and expected object 'null' are equal

22-11-2024T05:09:06 - [TEST_STEP][PASSED] - dZO = "Россети ФСК ЕЭС": null

22-11-2024T05:09:06 - [TEST_STEP][PASSED] - if (verifyEqual(a313, b313) == false): Actual object 'null' and expected object 'null' are equal

22-11-2024T05:09:06 - [MESSAGE][PASSED] - Actual object 'null' and expected object 'null' are equal

22-11-2024T05:09:06 - [TEST_STEP][PASSED] - dZO = "Россети Центр": null

22-11-2024T05:09:06 - [TEST_STEP][PASSED] - if (verifyEqual(a314, b314) == false): Actual object 'null' and expected object 'null' are equal

22-11-2024T05:09:06 - [MESSAGE][PASSED] - Actual object 'null' and expected object 'null' are equal

22-11-2024T05:09:06 - [TEST_STEP][PASSED] - dZO = "Россети Центр и Приволжье (ГК)": null

22-11-2024T05:09:06 - [TEST_STEP][PASSED] - if (verifyEqual(a315, b315) == false): Actual object 'null' and expected object 'null' are equal

22-11-2024T05:09:06 - [MESSAGE][PASSED] - Actual object 'null' and expected object 'null' are equal

22-11-2024T05:09:06 - [TEST_STEP][PASSED] - dZO = "Россети Юг (ГК)": null

22-11-2024T05:09:06 - [TEST_STEP][FAILED] - if (verifyEqual(a316, b316) == false): null

22-11-2024T05:09:06 - [MESSAGE][FAILED] - Unable to verify equal between actual object '-45.97' and expected object '8.07' (Root cause: com.kms.katalon.core.exception.StepFailedException: Actual object '-45.97' and expected object '8.07' are not equal
	at com.kms.katalon.core.keyword.builtin.VerifyEqualKeyword$_verifyEqual_closure1.doCall(VerifyEqualKeyword.groovy:58)
	at com.kms.katalon.core.keyword.builtin.VerifyEqualKeyword$_verifyEqual_closure1.call(VerifyEqualKeyword.groovy)
	at com.kms.katalon.core.keyword.internal.KeywordMain.runKeyword(KeywordMain.groovy:75)
	at com.kms.katalon.core.keyword.builtin.VerifyEqualKeyword.verifyEqual(VerifyEqualKeyword.groovy:63)
	at com.kms.katalon.core.keyword.builtin.VerifyEqualKeyword.execute(VerifyEqualKeyword.groovy:44)
	at com.kms.katalon.core.keyword.internal.KeywordExecutor.executeKeywordForPlatform(KeywordExecutor.groovy:74)
	at com.kms.katalon.core.keyword.BuiltinKeywords.verifyEqual(BuiltinKeywords.groovy:146)
	at jdk.internal.reflect.GeneratedMethodAccessor25.invoke(Unknown Source)
	at java.base/jdk.internal.reflect.DelegatingMethodAccessorImpl.invoke(DelegatingMethodAccessorImpl.java:43)
	at Выручка в рублях сверка дашбордов ПАО Россети.Blocks(Выручка в рублях сверка дашбордов ПАО Россети:517)
	at Выручка в рублях сверка дашбордов ПАО Россети.ViruchkaChange(Выручка в рублях сверка дашбордов ПАО Россети:60)
	at Выручка в рублях сверка дашбордов ПАО Россети.run(Выручка в рублях сверка дашбордов ПАО Россети:55)
	at com.kms.katalon.core.main.ScriptEngine.run(ScriptEngine.java:194)
	at com.kms.katalon.core.main.ScriptEngine.runScriptAsRawText(ScriptEngine.java:119)
	at com.kms.katalon.core.main.TestCaseExecutor.runScript(TestCaseExecutor.java:448)
	at com.kms.katalon.core.main.TestCaseExecutor.doExecute(TestCaseExecutor.java:439)
	at com.kms.katalon.core.main.TestCaseExecutor.processExecutionPhase(TestCaseExecutor.java:418)
	at com.kms.katalon.core.main.TestCaseExecutor.accessMainPhase(TestCaseExecutor.java:410)
	at com.kms.katalon.core.main.TestCaseExecutor.execute(TestCaseExecutor.java:285)
	at com.kms.katalon.core.common.CommonExecutor.accessTestCaseMainPhase(CommonExecutor.java:65)
	at com.kms.katalon.core.main.TestSuiteExecutor.accessTestSuiteMainPhase(TestSuiteExecutor.java:150)
	at com.kms.katalon.core.main.TestSuiteExecutor.execute(TestSuiteExecutor.java:106)
	at com.kms.katalon.core.main.TestCaseMain.startTestSuite(TestCaseMain.java:180)
	at TempTestSuite1732232929817.run(TempTestSuite1732232929817.groovy:35)
	at java.base/jdk.internal.reflect.NativeMethodAccessorImpl.invoke0(Native Method)
	at java.base/jdk.internal.reflect.NativeMethodAccessorImpl.invoke(NativeMethodAccessorImpl.java:77)
	at java.base/jdk.internal.reflect.DelegatingMethodAccessorImpl.invoke(DelegatingMethodAccessorImpl.java:43)
)

22-11-2024T05:09:06 - [TEST_STEP][PASSED] - a = replaceAll("\s+", "").toDouble(): null

22-11-2024T05:09:06 - [TEST_STEP][PASSED] - b = replaceAll("\s+", "").toDouble(): null

22-11-2024T05:09:06 - [TEST_STEP][PASSED] - Script1710234207206.WriteToExcel(todaysDate, run, vir, block, typeOfData, viruchka, vidget, nameOfBlock, a, b, dZO): null

22-11-2024T05:09:06 - [TEST_STEP][PASSED] - println(run): null

22-11-2024T05:09:06 - [TEST_STEP][PASSED] - if (run == 1): null

22-11-2024T05:09:06 - [TEST_STEP][PASSED] - else if (run == 2): null

22-11-2024T05:09:06 - [TEST_STEP][PASSED] - typeOfData = "Проценты": null

22-11-2024T05:09:06 - [TEST_STEP][PASSED] - println("todaysDate:" + todaysDate): null

22-11-2024T05:09:06 - [TEST_STEP][PASSED] - println("typeOfData:" + typeOfData): null

22-11-2024T05:09:06 - [TEST_STEP][PASSED] - viruchka = getText(findTestObject("Выручка в рублях/Фильтр Выручка" + nameOfBlock)): Text of object 'Object Repository/Выручка в рублях/Фильтр Выручка Выручка' is: 'ПЕРЕДАЧА ЭЛЕКТРОЭНЕРГИИ, внутренний оборот'

22-11-2024T05:09:07 - [MESSAGE][PASSED] - Text of object 'Object Repository/Выручка в рублях/Фильтр Выручка Выручка' is: 'ПЕРЕДАЧА ЭЛЕКТРОЭНЕРГИИ, внутренний оборот'

22-11-2024T05:09:07 - [TEST_STEP][PASSED] - println("viruchka" + viruchka): null

22-11-2024T05:09:07 - [TEST_STEP][PASSED] - println("vidget" + vidget): null

22-11-2024T05:09:07 - [TEST_STEP][PASSED] - println("a" + a): null

22-11-2024T05:09:07 - [TEST_STEP][PASSED] - println("b" + b): null

22-11-2024T05:09:07 - [TEST_STEP][PASSED] - sheetName = "Sheet1": null

22-11-2024T05:09:07 - [TEST_STEP][PASSED] - data = findTestData("PlanFact"): null

22-11-2024T05:09:07 - [TEST_STEP][PASSED] - n = data.getRowNumbers() + 1: null

22-11-2024T05:09:07 - [TEST_STEP][PASSED] - period = getText(findTestObject("Выручка в рублях/Фильтр Период")): Text of object 'Object Repository/Выручка в рублях/Фильтр Период' is: '1, 2, 3 кв. 2024 года'

22-11-2024T05:09:07 - [MESSAGE][PASSED] - Text of object 'Object Repository/Выручка в рублях/Фильтр Период' is: '1, 2, 3 кв. 2024 года'

22-11-2024T05:09:07 - [TEST_STEP][PASSED] - println(period): null

22-11-2024T05:09:07 - [TEST_STEP][PASSED] - dashboardName = "Выручка в рублях": null

22-11-2024T05:09:07 - [TEST_STEP][PASSED] - workbook01 = getWorkbook(excelFilePath): null

22-11-2024T05:09:07 - [TEST_STEP][PASSED] - sheet01 = getExcelSheet(workbook01, sheetName): null

22-11-2024T05:09:07 - [TEST_STEP][PASSED] - setValueToCellByIndex(sheet01, n, 0, dashboardName): null

22-11-2024T05:09:07 - [TEST_STEP][PASSED] - setValueToCellByIndex(sheet01, n, 1, dZO): null

22-11-2024T05:09:07 - [TEST_STEP][PASSED] - setValueToCellByIndex(sheet01, n, 2, vidget): null

22-11-2024T05:09:07 - [TEST_STEP][PASSED] - setValueToCellByIndex(sheet01, n, 3, viruchka): null

22-11-2024T05:09:07 - [TEST_STEP][PASSED] - setValueToCellByIndex(sheet01, n, 4, typeOfData): null

22-11-2024T05:09:07 - [TEST_STEP][PASSED] - if (a == null): null

22-11-2024T05:09:07 - [TEST_STEP][PASSED] - else: null

22-11-2024T05:09:07 - [TEST_STEP][PASSED] - setValueToCellByIndex(sheet01, n, 5, a): null

22-11-2024T05:09:07 - [TEST_STEP][PASSED] - if (b == null): null

22-11-2024T05:09:07 - [TEST_STEP][PASSED] - else: null

22-11-2024T05:09:07 - [TEST_STEP][PASSED] - setValueToCellByIndex(sheet01, n, 6, b): null

22-11-2024T05:09:07 - [TEST_STEP][PASSED] - setValueToCellByIndex(sheet01, n, 7, period): null

22-11-2024T05:09:07 - [TEST_STEP][PASSED] - setValueToCellByIndex(sheet01, n, 8, todaysDate): null

22-11-2024T05:09:07 - [TEST_STEP][PASSED] - n = n + 1: null

22-11-2024T05:09:07 - [TEST_STEP][PASSED] - saveWorkbook(excelFilePath, workbook01): null

22-11-2024T05:09:07 - [TEST_STEP][PASSED] - dZO = "Россети Янтарь": null

22-11-2024T05:09:07 - [TEST_STEP][PASSED] - if (verifyEqual(a317, b317) == false): Actual object 'null' and expected object 'null' are equal

22-11-2024T05:09:07 - [MESSAGE][PASSED] - Actual object 'null' and expected object 'null' are equal

22-11-2024T05:09:07 - [TEST_STEP][PASSED] - closeBrowser(): Browser is closed

22-11-2024T05:09:08 - [MESSAGE][PASSED] - Browser is closed]]></system-out>
         <system-err><![CDATA[22-11-2024T03:00:49 - [TEST_CASE][FAILED] - Test Cases/Сверки дашбордов/Выручка в рублях сверка дашбордов ПАО Россети: Test Cases/Сверки дашбордов/Выручка в рублях сверка дашбордов ПАО Россети FAILED.
Reason:
com.kms.katalon.core.exception.StepFailedException: Unable to click on object 'Object Repository/Страница авторизации/button_' (Root cause: com.kms.katalon.core.exception.StepFailedException: Unable to click on object 'Object Repository/Страница авторизации/button_'
	at com.kms.katalon.core.webui.keyword.internal.WebUIKeywordMain.stepFailed(WebUIKeywordMain.groovy:64)
	at com.kms.katalon.core.webui.keyword.internal.WebUIKeywordMain.runKeyword(WebUIKeywordMain.groovy:26)
	at com.kms.katalon.core.webui.keyword.builtin.ClickKeyword.click(ClickKeyword.groovy:74)
	at com.kms.katalon.core.webui.keyword.builtin.ClickKeyword.execute(ClickKeyword.groovy:40)
	at com.kms.katalon.core.keyword.internal.KeywordExecutor.executeKeywordForPlatform(KeywordExecutor.groovy:74)
	at com.kms.katalon.core.webui.keyword.WebUiBuiltInKeywords.click(WebUiBuiltInKeywords.groovy:659)
	at Выручка в рублях сверка дашбордов ПАО Россети.Autorization(Выручка в рублях сверка дашбордов ПАО Россети:693)
	at Выручка в рублях сверка дашбордов ПАО Россети.PreSettings(Выручка в рублях сверка дашбордов ПАО Россети:573)
	at Выручка в рублях сверка дашбордов ПАО Россети.Blocks(Выручка в рублях сверка дашбордов ПАО Россети:247)
	at Выручка в рублях сверка дашбордов ПАО Россети.ViruchkaChange(Выручка в рублях сверка дашбордов ПАО Россети:60)
	at Выручка в рублях сверка дашбордов ПАО Россети.run(Выручка в рублях сверка дашбордов ПАО Россети:55)
	at com.kms.katalon.core.main.ScriptEngine.run(ScriptEngine.java:194)
	at com.kms.katalon.core.main.ScriptEngine.runScriptAsRawText(ScriptEngine.java:119)
	at com.kms.katalon.core.main.TestCaseExecutor.runScript(TestCaseExecutor.java:448)
	at com.kms.katalon.core.main.TestCaseExecutor.doExecute(TestCaseExecutor.java:439)
	at com.kms.katalon.core.main.TestCaseExecutor.processExecutionPhase(TestCaseExecutor.java:418)
	at com.kms.katalon.core.main.TestCaseExecutor.accessMainPhase(TestCaseExecutor.java:410)
	at com.kms.katalon.core.main.TestCaseExecutor.execute(TestCaseExecutor.java:285)
	at com.kms.katalon.core.common.CommonExecutor.accessTestCaseMainPhase(CommonExecutor.java:65)
	at com.kms.katalon.core.main.TestSuiteExecutor.accessTestSuiteMainPhase(TestSuiteExecutor.java:150)
	at com.kms.katalon.core.main.TestSuiteExecutor.execute(TestSuiteExecutor.java:106)
	at com.kms.katalon.core.main.TestCaseMain.startTestSuite(TestCaseMain.java:180)
	at TempTestSuite1732232929817.run(TempTestSuite1732232929817.groovy:35)
	at java.base/jdk.internal.reflect.NativeMethodAccessorImpl.invoke0(Native Method)
	at java.base/jdk.internal.reflect.NativeMethodAccessorImpl.invoke(NativeMethodAccessorImpl.java:77)
	at java.base/jdk.internal.reflect.DelegatingMethodAccessorImpl.invoke(DelegatingMethodAccessorImpl.java:43)
Caused by: org.openqa.selenium.TimeoutException: timeout: Timed out receiving message from renderer: 300.000
  (Session info: chrome=131.0.6778.86)
Build info: version: '3.141.59', revision: 'unknown', time: 'unknown'
System info: host: 'UVV-WS904-D', ip: '192.168.0.19', os.name: 'Windows 10', os.arch: 'amd64', os.version: '10.0', java.version: '17.0.7'
Driver info: com.kms.katalon.selenium.driver.CChromeDriver
Capabilities {acceptInsecureCerts: false, browserName: chrome, browserVersion: 131.0.6778.86, chrome: {chromedriverVersion: 131.0.6778.69 (77e2244bbcda..., userDataDir: C:\Users\LIAZGI~1\AppData\L...}, fedcm:accounts: true, goog:chromeOptions: {debuggerAddress: localhost:50902}, javascriptEnabled: true, networkConnectionEnabled: false, pageLoadStrategy: normal, platform: WINDOWS, platformName: WINDOWS, proxy: Proxy(), setWindowRect: true, strictFileInteractability: false, timeouts: {implicit: 0, pageLoad: 300000, script: 30000}, unhandledPromptBehavior: dismiss and notify, webauthn:extension:credBlob: true, webauthn:extension:largeBlob: true, webauthn:extension:minPinLength: true, webauthn:extension:prf: true, webauthn:virtualAuthenticators: true}
Session ID: e4e5fb956fa012deec64dff42b47314d
	at java.base/jdk.internal.reflect.NativeConstructorAccessorImpl.newInstance0(Native Method)
	at java.base/jdk.internal.reflect.NativeConstructorAccessorImpl.newInstance(NativeConstructorAccessorImpl.java:77)
	at java.base/jdk.internal.reflect.DelegatingConstructorAccessorImpl.newInstance(DelegatingConstructorAccessorImpl.java:45)
	at org.openqa.selenium.remote.http.W3CHttpResponseCodec.createException(W3CHttpResponseCodec.java:187)
	at org.openqa.selenium.remote.http.W3CHttpResponseCodec.decode(W3CHttpResponseCodec.java:122)
	at org.openqa.selenium.remote.http.W3CHttpResponseCodec.decode(W3CHttpResponseCodec.java:49)
	at org.openqa.selenium.remote.HttpCommandExecutor.execute(HttpCommandExecutor.java:158)
	at org.openqa.selenium.remote.service.DriverCommandExecutor.execute(DriverCommandExecutor.java:83)
	at org.openqa.selenium.remote.RemoteWebDriver.execute(RemoteWebDriver.java:552)
	at com.kms.katalon.selenium.driver.CChromeDriver.execute(CChromeDriver.java:19)
	at org.openqa.selenium.remote.RemoteWebElement.execute(RemoteWebElement.java:285)
	at org.openqa.selenium.remote.RemoteWebElement.click(RemoteWebElement.java:84)
	at jdk.internal.reflect.GeneratedMethodAccessor15.invoke(Unknown Source)
	at java.base/jdk.internal.reflect.DelegatingMethodAccessorImpl.invoke(DelegatingMethodAccessorImpl.java:43)
	at org.openqa.selenium.support.events.EventFiringWebDriver$EventFiringWebElement.lambda$new$0(EventFiringWebDriver.java:404)
	at jdk.proxy2/jdk.proxy2.$Proxy24.click(Unknown Source)
	at org.openqa.selenium.support.events.EventFiringWebDriver$EventFiringWebElement.click(EventFiringWebDriver.java:417)
	at org.openqa.selenium.WebElement$click.call(Unknown Source)
	at com.kms.katalon.core.webui.keyword.builtin.ClickKeyword.clickUntilSuccessWithTimeout(ClickKeyword.groovy:81)
	at com.kms.katalon.core.webui.keyword.builtin.ClickKeyword.clickUntilSuccessWithTimeout(ClickKeyword.groovy)
	at jdk.internal.reflect.GeneratedMethodAccessor13.invoke(Unknown Source)
	at java.base/jdk.internal.reflect.DelegatingMethodAccessorImpl.invoke(DelegatingMethodAccessorImpl.java:43)
	at com.kms.katalon.core.webui.keyword.builtin.ClickKeyword$_click_closure1.doCall(ClickKeyword.groovy:67)
	at com.kms.katalon.core.webui.keyword.builtin.ClickKeyword$_click_closure1.call(ClickKeyword.groovy)
	at com.kms.katalon.core.webui.keyword.internal.WebUIKeywordMain.runKeyword(WebUIKeywordMain.groovy:20)
	at com.kms.katalon.core.webui.keyword.builtin.ClickKeyword.click(ClickKeyword.groovy:74)
	at com.kms.katalon.core.webui.keyword.builtin.ClickKeyword.execute(ClickKeyword.groovy:40)
	at com.kms.katalon.core.keyword.internal.KeywordExecutor.executeKeywordForPlatform(KeywordExecutor.groovy:74)
	at com.kms.katalon.core.webui.keyword.WebUiBuiltInKeywords.click(WebUiBuiltInKeywords.groovy:659)
	at Script1710234207206.Autorization(Script1710234207206.groovy:693)
	at Script1710234207206.PreSettings(Script1710234207206.groovy:573)
	at Script1710234207206.Blocks(Script1710234207206.groovy:247)
	at Script1710234207206.ViruchkaChange(Script1710234207206.groovy:60)
	at Script1710234207206.run(Script1710234207206.groovy:55)
	... 15 more
)
	at com.kms.katalon.core.keyword.internal.KeywordMain.stepFailed(KeywordMain.groovy:39)
	at com.kms.katalon.core.webui.keyword.internal.WebUIKeywordMain.stepFailed(WebUIKeywordMain.groovy:64)
	at com.kms.katalon.core.webui.keyword.internal.WebUIKeywordMain.runKeyword(WebUIKeywordMain.groovy:26)
	at com.kms.katalon.core.webui.keyword.builtin.ClickKeyword.click(ClickKeyword.groovy:74)
	at com.kms.katalon.core.webui.keyword.builtin.ClickKeyword.execute(ClickKeyword.groovy:40)
	at com.kms.katalon.core.keyword.internal.KeywordExecutor.executeKeywordForPlatform(KeywordExecutor.groovy:74)
	at com.kms.katalon.core.webui.keyword.WebUiBuiltInKeywords.click(WebUiBuiltInKeywords.groovy:659)
	at Выручка в рублях сверка дашбордов ПАО Россети.Autorization(Выручка в рублях сверка дашбордов ПАО Россети:693)
	at Выручка в рублях сверка дашбордов ПАО Россети.PreSettings(Выручка в рублях сверка дашбордов ПАО Россети:573)
	at Выручка в рублях сверка дашбордов ПАО Россети.Blocks(Выручка в рублях сверка дашбордов ПАО Россети:247)
	at Выручка в рублях сверка дашбордов ПАО Россети.ViruchkaChange(Выручка в рублях сверка дашбордов ПАО Россети:60)
	at Выручка в рублях сверка дашбордов ПАО Россети.run(Выручка в рублях сверка дашбордов ПАО Россети:55)
	at com.kms.katalon.core.main.ScriptEngine.run(ScriptEngine.java:194)
	at com.kms.katalon.core.main.ScriptEngine.runScriptAsRawText(ScriptEngine.java:119)
	at com.kms.katalon.core.main.TestCaseExecutor.runScript(TestCaseExecutor.java:448)
	at com.kms.katalon.core.main.TestCaseExecutor.doExecute(TestCaseExecutor.java:439)
	at com.kms.katalon.core.main.TestCaseExecutor.processExecutionPhase(TestCaseExecutor.java:418)
	at com.kms.katalon.core.main.TestCaseExecutor.accessMainPhase(TestCaseExecutor.java:410)
	at com.kms.katalon.core.main.TestCaseExecutor.execute(TestCaseExecutor.java:285)
	at com.kms.katalon.core.common.CommonExecutor.accessTestCaseMainPhase(CommonExecutor.java:65)
	at com.kms.katalon.core.main.TestSuiteExecutor.accessTestSuiteMainPhase(TestSuiteExecutor.java:150)
	at com.kms.katalon.core.main.TestSuiteExecutor.execute(TestSuiteExecutor.java:106)
	at com.kms.katalon.core.main.TestCaseMain.startTestSuite(TestCaseMain.java:180)
	at TempTestSuite1732232929817.run(TempTestSuite1732232929817.groovy:35)
	at java.base/jdk.internal.reflect.NativeMethodAccessorImpl.invoke0(Native Method)
	at java.base/jdk.internal.reflect.NativeMethodAccessorImpl.invoke(NativeMethodAccessorImpl.java:77)
	at java.base/jdk.internal.reflect.DelegatingMethodAccessorImpl.invoke(DelegatingMethodAccessorImpl.java:43)
Caused by: com.kms.katalon.core.exception.StepFailedException: Unable to click on object 'Object Repository/Страница авторизации/button_'
	... 26 more
Caused by: org.openqa.selenium.TimeoutException: timeout: Timed out receiving message from renderer: 300.000
  (Session info: chrome=131.0.6778.86)
Build info: version: '3.141.59', revision: 'unknown', time: 'unknown'
System info: host: 'UVV-WS904-D', ip: '192.168.0.19', os.name: 'Windows 10', os.arch: 'amd64', os.version: '10.0', java.version: '17.0.7'
Driver info: com.kms.katalon.selenium.driver.CChromeDriver
Capabilities {acceptInsecureCerts: false, browserName: chrome, browserVersion: 131.0.6778.86, chrome: {chromedriverVersion: 131.0.6778.69 (77e2244bbcda..., userDataDir: C:\Users\LIAZGI~1\AppData\L...}, fedcm:accounts: true, goog:chromeOptions: {debuggerAddress: localhost:50902}, javascriptEnabled: true, networkConnectionEnabled: false, pageLoadStrategy: normal, platform: WINDOWS, platformName: WINDOWS, proxy: Proxy(), setWindowRect: true, strictFileInteractability: false, timeouts: {implicit: 0, pageLoad: 300000, script: 30000}, unhandledPromptBehavior: dismiss and notify, webauthn:extension:credBlob: true, webauthn:extension:largeBlob: true, webauthn:extension:minPinLength: true, webauthn:extension:prf: true, webauthn:virtualAuthenticators: true}
Session ID: e4e5fb956fa012deec64dff42b47314d
	at java.base/jdk.internal.reflect.NativeConstructorAccessorImpl.newInstance0(Native Method)
	at java.base/jdk.internal.reflect.NativeConstructorAccessorImpl.newInstance(NativeConstructorAccessorImpl.java:77)
	at java.base/jdk.internal.reflect.DelegatingConstructorAccessorImpl.newInstance(DelegatingConstructorAccessorImpl.java:45)
	at org.openqa.selenium.remote.http.W3CHttpResponseCodec.createException(W3CHttpResponseCodec.java:187)
	at org.openqa.selenium.remote.http.W3CHttpResponseCodec.decode(W3CHttpResponseCodec.java:122)
	at org.openqa.selenium.remote.http.W3CHttpResponseCodec.decode(W3CHttpResponseCodec.java:49)
	at org.openqa.selenium.remote.HttpCommandExecutor.execute(HttpCommandExecutor.java:158)
	at org.openqa.selenium.remote.service.DriverCommandExecutor.execute(DriverCommandExecutor.java:83)
	at org.openqa.selenium.remote.RemoteWebDriver.execute(RemoteWebDriver.java:552)
	at com.kms.katalon.selenium.driver.CChromeDriver.execute(CChromeDriver.java:19)
	at org.openqa.selenium.remote.RemoteWebElement.execute(RemoteWebElement.java:285)
	at org.openqa.selenium.remote.RemoteWebElement.click(RemoteWebElement.java:84)
	at jdk.internal.reflect.GeneratedMethodAccessor15.invoke(Unknown Source)
	at java.base/jdk.internal.reflect.DelegatingMethodAccessorImpl.invoke(DelegatingMethodAccessorImpl.java:43)
	at org.openqa.selenium.support.events.EventFiringWebDriver$EventFiringWebElement.lambda$new$0(EventFiringWebDriver.java:404)
	at jdk.proxy2/jdk.proxy2.$Proxy24.click(Unknown Source)
	at org.openqa.selenium.support.events.EventFiringWebDriver$EventFiringWebElement.click(EventFiringWebDriver.java:417)
	at org.openqa.selenium.WebElement$click.call(Unknown Source)
	at com.kms.katalon.core.webui.keyword.builtin.ClickKeyword.clickUntilSuccessWithTimeout(ClickKeyword.groovy:81)
	at com.kms.katalon.core.webui.keyword.builtin.ClickKeyword.clickUntilSuccessWithTimeout(ClickKeyword.groovy)
	at jdk.internal.reflect.GeneratedMethodAccessor13.invoke(Unknown Source)
	at java.base/jdk.internal.reflect.DelegatingMethodAccessorImpl.invoke(DelegatingMethodAccessorImpl.java:43)
	at com.kms.katalon.core.webui.keyword.builtin.ClickKeyword$_click_closure1.doCall(ClickKeyword.groovy:67)
	at com.kms.katalon.core.webui.keyword.builtin.ClickKeyword$_click_closure1.call(ClickKeyword.groovy)
	at com.kms.katalon.core.webui.keyword.internal.WebUIKeywordMain.runKeyword(WebUIKeywordMain.groovy:20)
	... 24 more]]></system-err>
      </testcase>
      <testcase name="Test Cases/Сверки дашбордов/Выручка по ДЗО сверка дашбордов" time="92.845" classname="Test Cases/Сверки дашбордов/Выручка по ДЗО сверка дашбордов" status="PASSED">
         <system-out><![CDATA[22-11-2024T05:09:08 - [TEST_CASE][PASSED] - Test Cases/Сверки дашбордов/Выручка по ДЗО сверка дашбордов: Test Cases/Сверки дашбордов/Выручка по ДЗО сверка дашбордов

22-11-2024T05:09:08 - [TEST_STEP][PASSED] - date = new java.util.Date(): null

22-11-2024T05:09:08 - [TEST_STEP][PASSED] - todaysDate = date.format("dd.MM.yyyy"): null

22-11-2024T05:09:08 - [TEST_STEP][PASSED] - println(todaysDate): null

22-11-2024T05:09:08 - [TEST_STEP][PASSED] - openBrowser(""): Browser is opened with url: ''

22-11-2024T05:09:08 - [MESSAGE][INFO] - Starting 'Chrome' driver

22-11-2024T05:09:08 - [MESSAGE][INFO] - Action delay is set to 0 milliseconds

22-11-2024T05:09:09 - [MESSAGE][PASSED] - Browser is opened with url: ''

22-11-2024T05:09:09 - [TEST_STEP][PASSED] - navigateToUrl(findTestData("PlanFact").getValue(10, 5)): Navigate to 'https://bi.rosseti.digital/viewer?dashboardGuid=2301950b23be4ed89c1df75f2020051e&sheetGuid=31530aa0b6664c09b016b7f2ab9d853e&fit=true' successfully

22-11-2024T05:09:14 - [MESSAGE][PASSED] - Navigate to 'https://bi.rosseti.digital/viewer?dashboardGuid=2301950b23be4ed89c1df75f2020051e&sheetGuid=31530aa0b6664c09b016b7f2ab9d853e&fit=true' successfully

22-11-2024T05:09:14 - [TEST_STEP][PASSED] - setText(findTestObject("Страница авторизации/input__username"), findTestData("PlanFact").getValue(8, 1)): Text 'liazgina-di' is set on object 'Object Repository/Страница авторизации/input__username'

22-11-2024T05:09:17 - [MESSAGE][PASSED] - Text 'liazgina-di' is set on object 'Object Repository/Страница авторизации/input__username'

22-11-2024T05:09:17 - [TEST_STEP][PASSED] - setText(findTestObject("Страница авторизации/input__password"), findTestData("PlanFact").getValue(9, 1)): Text ')$%5srZ8o688Dm#q' is set on object 'Object Repository/Страница авторизации/input__password'

22-11-2024T05:09:18 - [MESSAGE][PASSED] - Text ')$%5srZ8o688Dm#q' is set on object 'Object Repository/Страница авторизации/input__password'

22-11-2024T05:09:18 - [TEST_STEP][PASSED] - click(findTestObject("Страница авторизации/button_")): Object: 'Object Repository/Страница авторизации/button_' is clicked on

22-11-2024T05:09:21 - [MESSAGE][PASSED] - Object: 'Object Repository/Страница авторизации/button_' is clicked on

22-11-2024T05:09:21 - [TEST_STEP][PASSED] - delay(30): Delayed 30 second(s)

22-11-2024T05:09:51 - [MESSAGE][PASSED] - Delayed 30 second(s)

22-11-2024T05:09:51 - [TEST_STEP][PASSED] - click(findTestObject("Выручка по ДЗО/Фильтр Дата")): Object: 'Object Repository/Выручка по ДЗО/Фильтр Дата' is clicked on

22-11-2024T05:09:51 - [MESSAGE][PASSED] - Object: 'Object Repository/Выручка по ДЗО/Фильтр Дата' is clicked on

22-11-2024T05:09:51 - [TEST_STEP][PASSED] - click(findTestObject("Выручка по ДЗО/Снять выделение в фильтре Дата")): Object: 'Object Repository/Выручка по ДЗО/Снять выделение в фильтре Дата' is clicked on

22-11-2024T05:09:52 - [MESSAGE][PASSED] - Object: 'Object Repository/Выручка по ДЗО/Снять выделение в фильтре Дата' is clicked on

22-11-2024T05:09:52 - [TEST_STEP][PASSED] - click(findTestObject("Выручка по ДЗО/Применить в фильтре Дата")): Object: 'Object Repository/Выручка по ДЗО/Применить в фильтре Дата' is clicked on

22-11-2024T05:09:52 - [MESSAGE][PASSED] - Object: 'Object Repository/Выручка по ДЗО/Применить в фильтре Дата' is clicked on

22-11-2024T05:09:52 - [TEST_STEP][PASSED] - click(findTestObject("Выручка по ДЗО/Фильтр Дата")): Object: 'Object Repository/Выручка по ДЗО/Фильтр Дата' is clicked on

22-11-2024T05:09:54 - [MESSAGE][PASSED] - Object: 'Object Repository/Выручка по ДЗО/Фильтр Дата' is clicked on

22-11-2024T05:09:54 - [TEST_STEP][PASSED] - click(findTestObject("Выручка по ДЗО/Снять выделение в фильтре Дата")): Object: 'Object Repository/Выручка по ДЗО/Снять выделение в фильтре Дата' is clicked on

22-11-2024T05:09:54 - [MESSAGE][PASSED] - Object: 'Object Repository/Выручка по ДЗО/Снять выделение в фильтре Дата' is clicked on

22-11-2024T05:09:54 - [TEST_STEP][PASSED] - scrollToElement(findTestObject("Выручка по ДЗО/2024 список"), 30): Scroll to object 'Object Repository/Выручка по ДЗО/2024 список' successfully

22-11-2024T05:09:55 - [MESSAGE][PASSED] - Scroll to object 'Object Repository/Выручка по ДЗО/2024 список' successfully

22-11-2024T05:09:55 - [TEST_STEP][PASSED] - click(findTestObject("Выручка по ДЗО/2024 список")): Object: 'Object Repository/Выручка по ДЗО/2024 список' is clicked on

22-11-2024T05:09:55 - [MESSAGE][PASSED] - Object: 'Object Repository/Выручка по ДЗО/2024 список' is clicked on

22-11-2024T05:09:55 - [TEST_STEP][PASSED] - scrollToElement(findTestObject("Выручка по ДЗО/1 квартал 2024 выбрать"), 30): Scroll to object 'Object Repository/Выручка по ДЗО/1 квартал 2024 выбрать' successfully

22-11-2024T05:09:56 - [MESSAGE][PASSED] - Scroll to object 'Object Repository/Выручка по ДЗО/1 квартал 2024 выбрать' successfully

22-11-2024T05:09:56 - [TEST_STEP][PASSED] - click(findTestObject("Выручка по ДЗО/1 квартал 2024 выбрать")): Object: 'Object Repository/Выручка по ДЗО/1 квартал 2024 выбрать' is clicked on

22-11-2024T05:09:56 - [MESSAGE][PASSED] - Object: 'Object Repository/Выручка по ДЗО/1 квартал 2024 выбрать' is clicked on

22-11-2024T05:09:56 - [TEST_STEP][PASSED] - scrollToElement(findTestObject("Выручка по ДЗО/2 квартал 2024 выбрать"), 30): Scroll to object 'Object Repository/Выручка по ДЗО/2 квартал 2024 выбрать' successfully

22-11-2024T05:09:56 - [MESSAGE][PASSED] - Scroll to object 'Object Repository/Выручка по ДЗО/2 квартал 2024 выбрать' successfully

22-11-2024T05:09:56 - [TEST_STEP][PASSED] - click(findTestObject("Выручка по ДЗО/2 квартал 2024 выбрать"), CONTINUE_ON_FAILURE): Object: 'Object Repository/Выручка по ДЗО/2 квартал 2024 выбрать' is clicked on

22-11-2024T05:09:57 - [MESSAGE][PASSED] - Object: 'Object Repository/Выручка по ДЗО/2 квартал 2024 выбрать' is clicked on

22-11-2024T05:09:57 - [TEST_STEP][PASSED] - scrollToElement(findTestObject("Выручка по ДЗО/Заголовок дашборда"), 30): Scroll to object 'Object Repository/Выручка по ДЗО/Заголовок дашборда' successfully

22-11-2024T05:09:57 - [MESSAGE][PASSED] - Scroll to object 'Object Repository/Выручка по ДЗО/Заголовок дашборда' successfully

22-11-2024T05:09:57 - [TEST_STEP][PASSED] - click(findTestObject("Выручка по ДЗО/3 квартал 2024 выбрать"), CONTINUE_ON_FAILURE): Object: 'Object Repository/Выручка по ДЗО/3 квартал 2024 выбрать' is clicked on

22-11-2024T05:09:58 - [MESSAGE][PASSED] - Object: 'Object Repository/Выручка по ДЗО/3 квартал 2024 выбрать' is clicked on

22-11-2024T05:09:58 - [TEST_STEP][PASSED] - click(findTestObject("Выручка по ДЗО/Применить в фильтре Дата")): Object: 'Object Repository/Выручка по ДЗО/Применить в фильтре Дата' is clicked on

22-11-2024T05:09:58 - [MESSAGE][PASSED] - Object: 'Object Repository/Выручка по ДЗО/Применить в фильтре Дата' is clicked on

22-11-2024T05:09:58 - [TEST_STEP][PASSED] - a1 = getText(findTestObject("Выручка по ДЗО/График1 Выполнение плановых показателей Блок руководителя")): Text of object 'Object Repository/Выручка по ДЗО/График1 Выполнение плановых показателей Блок руководителя' is: '1 376 1 376
3 393 3 393
58 100 58 100
56 758 56 758
73 967 73 967
152 892 152 892
23 234 23 234
38 849 38 849
50 960 50 960
6 962 6 962
61 784 61 784
76 788 76 788
230 075 230 075
84 937 84 937
91 081 91 081
38 611 38 611
7 049 7 049
1 615 1 615
3 461 3 461
58 125 58 125
60 228 60 228
77 822 77 822
159 792 159 792
24 054 24 054
39 689 39 689
53 076 53 076
7 175 7 175
57 472 57 472
78 503 78 503
232 074 232 074
88 347 88 347
94 954 94 954
39 927 39 927
7 326 7 326
План
Факт
АО «Тываэнерго»
АО «Чеченэнерго»
Россети Волга
Россети Кубань
Россети Ленэнерго (ГК)
Россети Московский регион
Россети Северный Кавказ (ГК)
Россети Северо-Запад
Россети Сибирь (ГК)
Россети Томск
Россети Тюмень
Россети Урал (ГК)
Россети ФСК ЕЭС
Россети Центр
Россети Центр и Приволжье (ГК)
Россети Юг (ГК)
Россети Янтарь
0 млн. руб.
25 000 млн. руб.
50 000 млн. руб.
75 000 млн. руб.
100 000 млн. руб.
125 000 млн. руб.
150 000 млн. руб.
175 000 млн. руб.
200 000 млн. руб.
225 000 млн. руб.
250 000 млн. руб.'

22-11-2024T05:10:00 - [MESSAGE][PASSED] - Text of object 'Object Repository/Выручка по ДЗО/График1 Выполнение плановых показателей Блок руководителя' is: '1 376 1 376
3 393 3 393
58 100 58 100
56 758 56 758
73 967 73 967
152 892 152 892
23 234 23 234
38 849 38 849
50 960 50 960
6 962 6 962
61 784 61 784
76 788 76 788
230 075 230 075
84 937 84 937
91 081 91 081
38 611 38 611
7 049 7 049
1 615 1 615
3 461 3 461
58 125 58 125
60 228 60 228
77 822 77 822
159 792 159 792
24 054 24 054
39 689 39 689
53 076 53 076
7 175 7 175
57 472 57 472
78 503 78 503
232 074 232 074
88 347 88 347
94 954 94 954
39 927 39 927
7 326 7 326
План
Факт
АО «Тываэнерго»
АО «Чеченэнерго»
Россети Волга
Россети Кубань
Россети Ленэнерго (ГК)
Россети Московский регион
Россети Северный Кавказ (ГК)
Россети Северо-Запад
Россети Сибирь (ГК)
Россети Томск
Россети Тюмень
Россети Урал (ГК)
Россети ФСК ЕЭС
Россети Центр
Россети Центр и Приволжье (ГК)
Россети Юг (ГК)
Россети Янтарь
0 млн. руб.
25 000 млн. руб.
50 000 млн. руб.
75 000 млн. руб.
100 000 млн. руб.
125 000 млн. руб.
150 000 млн. руб.
175 000 млн. руб.
200 000 млн. руб.
225 000 млн. руб.
250 000 млн. руб.'

22-11-2024T05:10:00 - [TEST_STEP][PASSED] - println("a1: " + a1): null

22-11-2024T05:10:00 - [TEST_STEP][PASSED] - i = a1.indexOf("План"): null

22-11-2024T05:10:00 - [TEST_STEP][PASSED] - a1 = a1.substring(0, i): null

22-11-2024T05:10:00 - [TEST_STEP][PASSED] - println("a1: " + a1): null

22-11-2024T05:10:00 - [TEST_STEP][PASSED] - a2 = getText(findTestObject("Выручка по ДЗО/График2 Выполнение плановых показателей Блок руководителя")): Text of object 'Object Repository/Выручка по ДЗО/График2 Выполнение плановых показателей Блок руководителя' is: '0,15%0,15%
0,32%0,32%
5,36%5,36%
5,56%5,56%
7,18%7,18%
14,75%14,75%
2,22%2,22%
3,66%3,66%
4,9%4,9%
0,66%0,66%
5,3%5,3%
7,24%7,24%
21,42%21,42%
8,15%8,15%
8,76%8,76%
3,68%3,68%
0,68%0,68%
АО «Тываэнерго»
АО «Чеченэнерго»
Россети Волга
Россети Кубань
Россети Ленэнерго (ГК)
Россети Московский регион
Россети Северный Кавказ (ГК)
Россети Северо-Запад
Россети Сибирь (ГК)
Россети Томск
Россети Тюмень
Россети Урал (ГК)
Россети ФСК ЕЭС
Россети Центр
Россети Центр и Приволжье (ГК)
Россети Юг (ГК)
Россети Янтарь
Россети Центр и Приволжье (ГК): 94 954 028,58'

22-11-2024T05:10:00 - [MESSAGE][PASSED] - Text of object 'Object Repository/Выручка по ДЗО/График2 Выполнение плановых показателей Блок руководителя' is: '0,15%0,15%
0,32%0,32%
5,36%5,36%
5,56%5,56%
7,18%7,18%
14,75%14,75%
2,22%2,22%
3,66%3,66%
4,9%4,9%
0,66%0,66%
5,3%5,3%
7,24%7,24%
21,42%21,42%
8,15%8,15%
8,76%8,76%
3,68%3,68%
0,68%0,68%
АО «Тываэнерго»
АО «Чеченэнерго»
Россети Волга
Россети Кубань
Россети Ленэнерго (ГК)
Россети Московский регион
Россети Северный Кавказ (ГК)
Россети Северо-Запад
Россети Сибирь (ГК)
Россети Томск
Россети Тюмень
Россети Урал (ГК)
Россети ФСК ЕЭС
Россети Центр
Россети Центр и Приволжье (ГК)
Россети Юг (ГК)
Россети Янтарь
Россети Центр и Приволжье (ГК): 94 954 028,58'

22-11-2024T05:10:00 - [TEST_STEP][PASSED] - println("a2: " + a2): null

22-11-2024T05:10:00 - [TEST_STEP][PASSED] - i = a2.indexOf("АО «Тываэнерго»"): null

22-11-2024T05:10:00 - [TEST_STEP][PASSED] - a2 = a2.substring(0, i): null

22-11-2024T05:10:00 - [TEST_STEP][PASSED] - navigateToUrl(findTestData("PlanFact").getValue(10, 10)): Navigate to 'https://bi.rosseti.digital/viewer?dashboardGuid=a1fd28b3785d443cbc4d7690a1d78e31&sheetGuid=4a2f47326819444da0508dec5c59e502&fit=true' successfully

22-11-2024T05:10:01 - [MESSAGE][PASSED] - Navigate to 'https://bi.rosseti.digital/viewer?dashboardGuid=a1fd28b3785d443cbc4d7690a1d78e31&sheetGuid=4a2f47326819444da0508dec5c59e502&fit=true' successfully

22-11-2024T05:10:01 - [TEST_STEP][PASSED] - delay(30): Delayed 30 second(s)

22-11-2024T05:10:31 - [MESSAGE][PASSED] - Delayed 30 second(s)

22-11-2024T05:10:31 - [TEST_STEP][PASSED] - click(findTestObject("Выручка по ДЗО/Фильтр Дата Выручка")): Object: 'Object Repository/Выручка по ДЗО/Фильтр Дата Выручка' is clicked on

22-11-2024T05:10:31 - [MESSAGE][PASSED] - Object: 'Object Repository/Выручка по ДЗО/Фильтр Дата Выручка' is clicked on

22-11-2024T05:10:31 - [TEST_STEP][PASSED] - click(findTestObject("Выручка по ДЗО/Снять выделение в фильтре Дата Выручка")): Object: 'Object Repository/Выручка по ДЗО/Снять выделение в фильтре Дата Выручка' is clicked on

22-11-2024T05:10:32 - [MESSAGE][PASSED] - Object: 'Object Repository/Выручка по ДЗО/Снять выделение в фильтре Дата Выручка' is clicked on

22-11-2024T05:10:32 - [TEST_STEP][PASSED] - click(findTestObject("Выручка по ДЗО/Применить в фильтре Дата Выручка")): Object: 'Object Repository/Выручка по ДЗО/Применить в фильтре Дата Выручка' is clicked on

22-11-2024T05:10:32 - [MESSAGE][PASSED] - Object: 'Object Repository/Выручка по ДЗО/Применить в фильтре Дата Выручка' is clicked on

22-11-2024T05:10:32 - [TEST_STEP][PASSED] - click(findTestObject("Выручка по ДЗО/Фильтр Дата Выручка")): Object: 'Object Repository/Выручка по ДЗО/Фильтр Дата Выручка' is clicked on

22-11-2024T05:10:34 - [MESSAGE][PASSED] - Object: 'Object Repository/Выручка по ДЗО/Фильтр Дата Выручка' is clicked on

22-11-2024T05:10:34 - [TEST_STEP][PASSED] - click(findTestObject("Выручка по ДЗО/Снять выделение в фильтре Дата Выручка")): Object: 'Object Repository/Выручка по ДЗО/Снять выделение в фильтре Дата Выручка' is clicked on

22-11-2024T05:10:34 - [MESSAGE][PASSED] - Object: 'Object Repository/Выручка по ДЗО/Снять выделение в фильтре Дата Выручка' is clicked on

22-11-2024T05:10:34 - [TEST_STEP][PASSED] - scrollToElement(findTestObject("Выручка по ДЗО/2024 список Выручка"), 30): Scroll to object 'Object Repository/Выручка по ДЗО/2024 список Выручка' successfully

22-11-2024T05:10:35 - [MESSAGE][PASSED] - Scroll to object 'Object Repository/Выручка по ДЗО/2024 список Выручка' successfully

22-11-2024T05:10:35 - [TEST_STEP][PASSED] - click(findTestObject("Выручка по ДЗО/2024 список Выручка")): Object: 'Object Repository/Выручка по ДЗО/2024 список Выручка' is clicked on

22-11-2024T05:10:35 - [MESSAGE][PASSED] - Object: 'Object Repository/Выручка по ДЗО/2024 список Выручка' is clicked on

22-11-2024T05:10:35 - [TEST_STEP][PASSED] - scrollToElement(findTestObject("Выручка по ДЗО/1 квартал 2024 выбрать Выручка"), 30): Scroll to object 'Object Repository/Выручка по ДЗО/1 квартал 2024 выбрать Выручка' successfully

22-11-2024T05:10:36 - [MESSAGE][PASSED] - Scroll to object 'Object Repository/Выручка по ДЗО/1 квартал 2024 выбрать Выручка' successfully

22-11-2024T05:10:36 - [TEST_STEP][PASSED] - click(findTestObject("Выручка по ДЗО/1 квартал 2024 выбрать Выручка")): Object: 'Object Repository/Выручка по ДЗО/1 квартал 2024 выбрать Выручка' is clicked on

22-11-2024T05:10:36 - [MESSAGE][PASSED] - Object: 'Object Repository/Выручка по ДЗО/1 квартал 2024 выбрать Выручка' is clicked on

22-11-2024T05:10:36 - [TEST_STEP][PASSED] - scrollToElement(findTestObject("Выручка по ДЗО/2 квартал 2024 выбрать Выручка"), 30): Scroll to object 'Object Repository/Выручка по ДЗО/2 квартал 2024 выбрать Выручка' successfully

22-11-2024T05:10:36 - [MESSAGE][PASSED] - Scroll to object 'Object Repository/Выручка по ДЗО/2 квартал 2024 выбрать Выручка' successfully

22-11-2024T05:10:36 - [TEST_STEP][PASSED] - click(findTestObject("Выручка по ДЗО/2 квартал 2024 выбрать Выручка"), CONTINUE_ON_FAILURE): Object: 'Object Repository/Выручка по ДЗО/2 квартал 2024 выбрать Выручка' is clicked on

22-11-2024T05:10:37 - [MESSAGE][PASSED] - Object: 'Object Repository/Выручка по ДЗО/2 квартал 2024 выбрать Выручка' is clicked on

22-11-2024T05:10:37 - [TEST_STEP][PASSED] - click(findTestObject("Выручка по ДЗО/3 квартал 2024 выбрать Выручка"), CONTINUE_ON_FAILURE): Object: 'Object Repository/Выручка по ДЗО/3 квартал 2024 выбрать Выручка' is clicked on

22-11-2024T05:10:37 - [MESSAGE][PASSED] - Object: 'Object Repository/Выручка по ДЗО/3 квартал 2024 выбрать Выручка' is clicked on

22-11-2024T05:10:37 - [TEST_STEP][PASSED] - scrollToElement(findTestObject("Выручка по ДЗО/Заголовок дашборда Выручка"), 30): Scroll to object 'Object Repository/Выручка по ДЗО/Заголовок дашборда Выручка' successfully

22-11-2024T05:10:38 - [MESSAGE][PASSED] - Scroll to object 'Object Repository/Выручка по ДЗО/Заголовок дашборда Выручка' successfully

22-11-2024T05:10:38 - [TEST_STEP][PASSED] - click(findTestObject("Выручка по ДЗО/Применить в фильтре Дата Выручка")): Object: 'Object Repository/Выручка по ДЗО/Применить в фильтре Дата Выручка' is clicked on

22-11-2024T05:10:38 - [MESSAGE][PASSED] - Object: 'Object Repository/Выручка по ДЗО/Применить в фильтре Дата Выручка' is clicked on

22-11-2024T05:10:38 - [TEST_STEP][PASSED] - b1 = getText(findTestObject("Выручка по ДЗО/График1 Выполнение плановых показателей Выручка")): Text of object 'Object Repository/Выручка по ДЗО/График1 Выполнение плановых показателей Выручка' is: '1 376 1 376
3 393 3 393
58 100 58 100
56 758 56 758
73 967 73 967
152 892 152 892
23 234 23 234
38 849 38 849
50 960 50 960
6 962 6 962
61 784 61 784
76 788 76 788
230 075 230 075
84 937 84 937
91 081 91 081
38 611 38 611
7 049 7 049
1 615 1 615
3 461 3 461
58 125 58 125
60 228 60 228
77 822 77 822
159 792 159 792
24 054 24 054
39 689 39 689
53 076 53 076
7 175 7 175
57 472 57 472
78 503 78 503
232 074 232 074
88 347 88 347
94 954 94 954
39 927 39 927
7 326 7 326
План
Факт
АО «Тываэнерго»
АО «Чеченэнерго»
Россети Волга
Россети Кубань
Россети Ленэнерго (ГК)
Россети Московский регион
Россети Северный Кавказ (ГК)
Россети Северо-Запад
Россети Сибирь (ГК)
Россети Томск
Россети Тюмень
Россети Урал (ГК)
Россети ФСК ЕЭС
Россети Центр
Россети Центр и Приволжье (ГК)
Россети Юг (ГК)
Россети Янтарь
0 млн. руб.
25 000 млн. руб.
50 000 млн. руб.
75 000 млн. руб.
100 000 млн. руб.
125 000 млн. руб.
150 000 млн. руб.
175 000 млн. руб.
200 000 млн. руб.
225 000 млн. руб.
250 000 млн. руб.'

22-11-2024T05:10:40 - [MESSAGE][PASSED] - Text of object 'Object Repository/Выручка по ДЗО/График1 Выполнение плановых показателей Выручка' is: '1 376 1 376
3 393 3 393
58 100 58 100
56 758 56 758
73 967 73 967
152 892 152 892
23 234 23 234
38 849 38 849
50 960 50 960
6 962 6 962
61 784 61 784
76 788 76 788
230 075 230 075
84 937 84 937
91 081 91 081
38 611 38 611
7 049 7 049
1 615 1 615
3 461 3 461
58 125 58 125
60 228 60 228
77 822 77 822
159 792 159 792
24 054 24 054
39 689 39 689
53 076 53 076
7 175 7 175
57 472 57 472
78 503 78 503
232 074 232 074
88 347 88 347
94 954 94 954
39 927 39 927
7 326 7 326
План
Факт
АО «Тываэнерго»
АО «Чеченэнерго»
Россети Волга
Россети Кубань
Россети Ленэнерго (ГК)
Россети Московский регион
Россети Северный Кавказ (ГК)
Россети Северо-Запад
Россети Сибирь (ГК)
Россети Томск
Россети Тюмень
Россети Урал (ГК)
Россети ФСК ЕЭС
Россети Центр
Россети Центр и Приволжье (ГК)
Россети Юг (ГК)
Россети Янтарь
0 млн. руб.
25 000 млн. руб.
50 000 млн. руб.
75 000 млн. руб.
100 000 млн. руб.
125 000 млн. руб.
150 000 млн. руб.
175 000 млн. руб.
200 000 млн. руб.
225 000 млн. руб.
250 000 млн. руб.'

22-11-2024T05:10:40 - [TEST_STEP][PASSED] - println("b1: " + b1): null

22-11-2024T05:10:40 - [TEST_STEP][PASSED] - i = b1.indexOf("План"): null

22-11-2024T05:10:40 - [TEST_STEP][PASSED] - b1 = b1.substring(0, i): null

22-11-2024T05:10:40 - [TEST_STEP][PASSED] - println("b1: " + b1): null

22-11-2024T05:10:40 - [TEST_STEP][PASSED] - b2 = getText(findTestObject("Выручка по ДЗО/График2 Выполнение плановых показателей Выручка")): Text of object 'Object Repository/Выручка по ДЗО/График2 Выполнение плановых показателей Выручка' is: '0,15%0,15%
0,32%0,32%
5,36%5,36%
5,56%5,56%
7,18%7,18%
14,75%14,75%
2,22%2,22%
3,66%3,66%
4,9%4,9%
0,66%0,66%
5,3%5,3%
7,24%7,24%
21,42%21,42%
8,15%8,15%
8,76%8,76%
3,68%3,68%
0,68%0,68%
АО «Тываэнерго»
АО «Чеченэнерго»
Россети Волга
Россети Кубань
Россети Ленэнерго (ГК)
Россети Московский регион
Россети Северный Кавказ (ГК)
Россети Северо-Запад
Россети Сибирь (ГК)
Россети Томск
Россети Тюмень
Россети Урал (ГК)
Россети ФСК ЕЭС
Россети Центр
Россети Центр и Приволжье (ГК)
Россети Юг (ГК)
Россети Янтарь'

22-11-2024T05:10:40 - [MESSAGE][PASSED] - Text of object 'Object Repository/Выручка по ДЗО/График2 Выполнение плановых показателей Выручка' is: '0,15%0,15%
0,32%0,32%
5,36%5,36%
5,56%5,56%
7,18%7,18%
14,75%14,75%
2,22%2,22%
3,66%3,66%
4,9%4,9%
0,66%0,66%
5,3%5,3%
7,24%7,24%
21,42%21,42%
8,15%8,15%
8,76%8,76%
3,68%3,68%
0,68%0,68%
АО «Тываэнерго»
АО «Чеченэнерго»
Россети Волга
Россети Кубань
Россети Ленэнерго (ГК)
Россети Московский регион
Россети Северный Кавказ (ГК)
Россети Северо-Запад
Россети Сибирь (ГК)
Россети Томск
Россети Тюмень
Россети Урал (ГК)
Россети ФСК ЕЭС
Россети Центр
Россети Центр и Приволжье (ГК)
Россети Юг (ГК)
Россети Янтарь'

22-11-2024T05:10:40 - [TEST_STEP][PASSED] - i = b2.indexOf("АО «Тываэнерго»"): null

22-11-2024T05:10:40 - [TEST_STEP][PASSED] - b2 = b2.substring(0, i): null

22-11-2024T05:10:40 - [TEST_STEP][PASSED] - println(b2): null

22-11-2024T05:10:40 - [TEST_STEP][PASSED] - verifyEqual(a1, b1): Actual object '1 376 1 376
3 393 3 393
58 100 58 100
56 758 56 758
73 967 73 967
152 892 152 892
23 234 23 234
38 849 38 849
50 960 50 960
6 962 6 962
61 784 61 784
76 788 76 788
230 075 230 075
84 937 84 937
91 081 91 081
38 611 38 611
7 049 7 049
1 615 1 615
3 461 3 461
58 125 58 125
60 228 60 228
77 822 77 822
159 792 159 792
24 054 24 054
39 689 39 689
53 076 53 076
7 175 7 175
57 472 57 472
78 503 78 503
232 074 232 074
88 347 88 347
94 954 94 954
39 927 39 927
7 326 7 326
' and expected object '1 376 1 376
3 393 3 393
58 100 58 100
56 758 56 758
73 967 73 967
152 892 152 892
23 234 23 234
38 849 38 849
50 960 50 960
6 962 6 962
61 784 61 784
76 788 76 788
230 075 230 075
84 937 84 937
91 081 91 081
38 611 38 611
7 049 7 049
1 615 1 615
3 461 3 461
58 125 58 125
60 228 60 228
77 822 77 822
159 792 159 792
24 054 24 054
39 689 39 689
53 076 53 076
7 175 7 175
57 472 57 472
78 503 78 503
232 074 232 074
88 347 88 347
94 954 94 954
39 927 39 927
7 326 7 326
' are equal

22-11-2024T05:10:40 - [MESSAGE][PASSED] - Actual object '1 376 1 376
3 393 3 393
58 100 58 100
56 758 56 758
73 967 73 967
152 892 152 892
23 234 23 234
38 849 38 849
50 960 50 960
6 962 6 962
61 784 61 784
76 788 76 788
230 075 230 075
84 937 84 937
91 081 91 081
38 611 38 611
7 049 7 049
1 615 1 615
3 461 3 461
58 125 58 125
60 228 60 228
77 822 77 822
159 792 159 792
24 054 24 054
39 689 39 689
53 076 53 076
7 175 7 175
57 472 57 472
78 503 78 503
232 074 232 074
88 347 88 347
94 954 94 954
39 927 39 927
7 326 7 326
' and expected object '1 376 1 376
3 393 3 393
58 100 58 100
56 758 56 758
73 967 73 967
152 892 152 892
23 234 23 234
38 849 38 849
50 960 50 960
6 962 6 962
61 784 61 784
76 788 76 788
230 075 230 075
84 937 84 937
91 081 91 081
38 611 38 611
7 049 7 049
1 615 1 615
3 461 3 461
58 125 58 125
60 228 60 228
77 822 77 822
159 792 159 792
24 054 24 054
39 689 39 689
53 076 53 076
7 175 7 175
57 472 57 472
78 503 78 503
232 074 232 074
88 347 88 347
94 954 94 954
39 927 39 927
7 326 7 326
' are equal

22-11-2024T05:10:40 - [TEST_STEP][PASSED] - if (verifyEqual(a1, b1) == true): Actual object '1 376 1 376
3 393 3 393
58 100 58 100
56 758 56 758
73 967 73 967
152 892 152 892
23 234 23 234
38 849 38 849
50 960 50 960
6 962 6 962
61 784 61 784
76 788 76 788
230 075 230 075
84 937 84 937
91 081 91 081
38 611 38 611
7 049 7 049
1 615 1 615
3 461 3 461
58 125 58 125
60 228 60 228
77 822 77 822
159 792 159 792
24 054 24 054
39 689 39 689
53 076 53 076
7 175 7 175
57 472 57 472
78 503 78 503
232 074 232 074
88 347 88 347
94 954 94 954
39 927 39 927
7 326 7 326
' and expected object '1 376 1 376
3 393 3 393
58 100 58 100
56 758 56 758
73 967 73 967
152 892 152 892
23 234 23 234
38 849 38 849
50 960 50 960
6 962 6 962
61 784 61 784
76 788 76 788
230 075 230 075
84 937 84 937
91 081 91 081
38 611 38 611
7 049 7 049
1 615 1 615
3 461 3 461
58 125 58 125
60 228 60 228
77 822 77 822
159 792 159 792
24 054 24 054
39 689 39 689
53 076 53 076
7 175 7 175
57 472 57 472
78 503 78 503
232 074 232 074
88 347 88 347
94 954 94 954
39 927 39 927
7 326 7 326
' are equal

22-11-2024T05:10:40 - [MESSAGE][PASSED] - Actual object '1 376 1 376
3 393 3 393
58 100 58 100
56 758 56 758
73 967 73 967
152 892 152 892
23 234 23 234
38 849 38 849
50 960 50 960
6 962 6 962
61 784 61 784
76 788 76 788
230 075 230 075
84 937 84 937
91 081 91 081
38 611 38 611
7 049 7 049
1 615 1 615
3 461 3 461
58 125 58 125
60 228 60 228
77 822 77 822
159 792 159 792
24 054 24 054
39 689 39 689
53 076 53 076
7 175 7 175
57 472 57 472
78 503 78 503
232 074 232 074
88 347 88 347
94 954 94 954
39 927 39 927
7 326 7 326
' and expected object '1 376 1 376
3 393 3 393
58 100 58 100
56 758 56 758
73 967 73 967
152 892 152 892
23 234 23 234
38 849 38 849
50 960 50 960
6 962 6 962
61 784 61 784
76 788 76 788
230 075 230 075
84 937 84 937
91 081 91 081
38 611 38 611
7 049 7 049
1 615 1 615
3 461 3 461
58 125 58 125
60 228 60 228
77 822 77 822
159 792 159 792
24 054 24 054
39 689 39 689
53 076 53 076
7 175 7 175
57 472 57 472
78 503 78 503
232 074 232 074
88 347 88 347
94 954 94 954
39 927 39 927
7 326 7 326
' are equal

22-11-2024T05:10:40 - [TEST_STEP][PASSED] - verifyEqual(a2, b2): Actual object '0,15%0,15%
0,32%0,32%
5,36%5,36%
5,56%5,56%
7,18%7,18%
14,75%14,75%
2,22%2,22%
3,66%3,66%
4,9%4,9%
0,66%0,66%
5,3%5,3%
7,24%7,24%
21,42%21,42%
8,15%8,15%
8,76%8,76%
3,68%3,68%
0,68%0,68%
' and expected object '0,15%0,15%
0,32%0,32%
5,36%5,36%
5,56%5,56%
7,18%7,18%
14,75%14,75%
2,22%2,22%
3,66%3,66%
4,9%4,9%
0,66%0,66%
5,3%5,3%
7,24%7,24%
21,42%21,42%
8,15%8,15%
8,76%8,76%
3,68%3,68%
0,68%0,68%
' are equal

22-11-2024T05:10:40 - [MESSAGE][PASSED] - Actual object '0,15%0,15%
0,32%0,32%
5,36%5,36%
5,56%5,56%
7,18%7,18%
14,75%14,75%
2,22%2,22%
3,66%3,66%
4,9%4,9%
0,66%0,66%
5,3%5,3%
7,24%7,24%
21,42%21,42%
8,15%8,15%
8,76%8,76%
3,68%3,68%
0,68%0,68%
' and expected object '0,15%0,15%
0,32%0,32%
5,36%5,36%
5,56%5,56%
7,18%7,18%
14,75%14,75%
2,22%2,22%
3,66%3,66%
4,9%4,9%
0,66%0,66%
5,3%5,3%
7,24%7,24%
21,42%21,42%
8,15%8,15%
8,76%8,76%
3,68%3,68%
0,68%0,68%
' are equal

22-11-2024T05:10:40 - [TEST_STEP][PASSED] - if (verifyEqual(a2, b2) == true): Actual object '0,15%0,15%
0,32%0,32%
5,36%5,36%
5,56%5,56%
7,18%7,18%
14,75%14,75%
2,22%2,22%
3,66%3,66%
4,9%4,9%
0,66%0,66%
5,3%5,3%
7,24%7,24%
21,42%21,42%
8,15%8,15%
8,76%8,76%
3,68%3,68%
0,68%0,68%
' and expected object '0,15%0,15%
0,32%0,32%
5,36%5,36%
5,56%5,56%
7,18%7,18%
14,75%14,75%
2,22%2,22%
3,66%3,66%
4,9%4,9%
0,66%0,66%
5,3%5,3%
7,24%7,24%
21,42%21,42%
8,15%8,15%
8,76%8,76%
3,68%3,68%
0,68%0,68%
' are equal

22-11-2024T05:10:40 - [MESSAGE][PASSED] - Actual object '0,15%0,15%
0,32%0,32%
5,36%5,36%
5,56%5,56%
7,18%7,18%
14,75%14,75%
2,22%2,22%
3,66%3,66%
4,9%4,9%
0,66%0,66%
5,3%5,3%
7,24%7,24%
21,42%21,42%
8,15%8,15%
8,76%8,76%
3,68%3,68%
0,68%0,68%
' and expected object '0,15%0,15%
0,32%0,32%
5,36%5,36%
5,56%5,56%
7,18%7,18%
14,75%14,75%
2,22%2,22%
3,66%3,66%
4,9%4,9%
0,66%0,66%
5,3%5,3%
7,24%7,24%
21,42%21,42%
8,15%8,15%
8,76%8,76%
3,68%3,68%
0,68%0,68%
' are equal

22-11-2024T05:10:40 - [TEST_STEP][PASSED] - closeBrowser(): Browser is closed

22-11-2024T05:10:40 - [MESSAGE][PASSED] - Browser is closed]]></system-out>
         <system-err><![CDATA[]]></system-err>
      </testcase>
      <testcase name="Test Cases/Сверки дашбордов/Прогноз по отраслям сверка дашбордов" time="4441.475" classname="Test Cases/Сверки дашбордов/Прогноз по отраслям сверка дашбордов" status="FAILED">
         <failure type="FAILED" message="Test Cases/Сверки дашбордов/Прогноз по отраслям сверка дашбордов FAILED.&#xa;Reason:&#xa;com.kms.katalon.core.exception.StepFailedException: Unable to click on object 'Object Repository/Прогноз по отраслям/Фильтр месяц Стресс' (Root cause: com.kms.katalon.core.exception.StepFailedException: Unable to click on object 'Object Repository/Прогноз по отраслям/Фильтр месяц Стресс'&#xa;	at com.kms.katalon.core.webui.keyword.internal.WebUIKeywordMain.stepFailed(WebUIKeywordMain.groovy:64)&#xa;	at com.kms.katalon.core.webui.keyword.internal.WebUIKeywordMain.runKeyword(WebUIKeywordMain.groovy:26)&#xa;	at com.kms.katalon.core.webui.keyword.builtin.ClickKeyword.click(ClickKeyword.groovy:74)&#xa;	at com.kms.katalon.core.webui.keyword.builtin.ClickKeyword.execute(ClickKeyword.groovy:40)&#xa;	at com.kms.katalon.core.keyword.internal.KeywordExecutor.executeKeywordForPlatform(KeywordExecutor.groovy:74)&#xa;	at com.kms.katalon.core.webui.keyword.WebUiBuiltInKeywords.click(WebUiBuiltInKeywords.groovy:659)&#xa;	at Прогноз по отраслям сверка дашбордов.run(Прогноз по отраслям сверка дашбордов:223)&#xa;	at com.kms.katalon.core.main.ScriptEngine.run(ScriptEngine.java:194)&#xa;	at com.kms.katalon.core.main.ScriptEngine.runScriptAsRawText(ScriptEngine.java:119)&#xa;	at com.kms.katalon.core.main.TestCaseExecutor.runScript(TestCaseExecutor.java:448)&#xa;	at com.kms.katalon.core.main.TestCaseExecutor.doExecute(TestCaseExecutor.java:439)&#xa;	at com.kms.katalon.core.main.TestCaseExecutor.processExecutionPhase(TestCaseExecutor.java:418)&#xa;	at com.kms.katalon.core.main.TestCaseExecutor.accessMainPhase(TestCaseExecutor.java:410)&#xa;	at com.kms.katalon.core.main.TestCaseExecutor.execute(TestCaseExecutor.java:285)&#xa;	at com.kms.katalon.core.common.CommonExecutor.accessTestCaseMainPhase(CommonExecutor.java:65)&#xa;	at com.kms.katalon.core.main.TestSuiteExecutor.accessTestSuiteMainPhase(TestSuiteExecutor.java:150)&#xa;	at com.kms.katalon.core.main.TestSuiteExecutor.execute(TestSuiteExecutor.java:106)&#xa;	at com.kms.katalon.core.main.TestCaseMain.startTestSuite(TestCaseMain.java:180)&#xa;	at TempTestSuite1732232929817.run(TempTestSuite1732232929817.groovy:35)&#xa;	at java.base/jdk.internal.reflect.NativeMethodAccessorImpl.invoke0(Native Method)&#xa;	at java.base/jdk.internal.reflect.NativeMethodAccessorImpl.invoke(NativeMethodAccessorImpl.java:77)&#xa;	at java.base/jdk.internal.reflect.DelegatingMethodAccessorImpl.invoke(DelegatingMethodAccessorImpl.java:43)&#xa;Caused by: com.kms.katalon.core.webui.exception.WebElementNotFoundException: Web element with id: 'Object Repository/Прогноз по отраслям/Фильтр месяц Стресс' located by '//div[29]/div[2]/div/div/div/div' not found&#xa;	at com.kms.katalon.core.webui.common.WebUiCommonHelper.findWebElement(WebUiCommonHelper.java:1426)&#xa;	at com.kms.katalon.core.webui.keyword.internal.WebUIAbstractKeyword.findWebElement(WebUIAbstractKeyword.groovy:27)&#xa;	at com.kms.katalon.core.webui.keyword.builtin.ClickKeyword$_click_closure1.doCall(ClickKeyword.groovy:65)&#xa;	at com.kms.katalon.core.webui.keyword.builtin.ClickKeyword$_click_closure1.call(ClickKeyword.groovy)&#xa;	at com.kms.katalon.core.webui.keyword.internal.WebUIKeywordMain.runKeyword(WebUIKeywordMain.groovy:20)&#xa;	at com.kms.katalon.core.webui.keyword.builtin.ClickKeyword.click(ClickKeyword.groovy:74)&#xa;	at com.kms.katalon.core.webui.keyword.builtin.ClickKeyword.execute(ClickKeyword.groovy:40)&#xa;	at com.kms.katalon.core.keyword.internal.KeywordExecutor.executeKeywordForPlatform(KeywordExecutor.groovy:74)&#xa;	at com.kms.katalon.core.webui.keyword.WebUiBuiltInKeywords.click(WebUiBuiltInKeywords.groovy:659)&#xa;	at Script1693826440839.run(Script1693826440839.groovy:223)&#xa;	... 15 more&#xa;)&#xa;	at com.kms.katalon.core.keyword.internal.KeywordMain.stepFailed(KeywordMain.groovy:39)&#xa;	at com.kms.katalon.core.webui.keyword.internal.WebUIKeywordMain.stepFailed(WebUIKeywordMain.groovy:64)&#xa;	at com.kms.katalon.core.webui.keyword.internal.WebUIKeywordMain.runKeyword(WebUIKeywordMain.groovy:26)&#xa;	at com.kms.katalon.core.webui.keyword.builtin.ClickKeyword.click(ClickKeyword.groovy:74)&#xa;	at com.kms.katalon.core.webui.keyword.builtin.ClickKeyword.execute(ClickKeyword.groovy:40)&#xa;	at com.kms.katalon.core.keyword.internal.KeywordExecutor.executeKeywordForPlatform(KeywordExecutor.groovy:74)&#xa;	at com.kms.katalon.core.webui.keyword.WebUiBuiltInKeywords.click(WebUiBuiltInKeywords.groovy:659)&#xa;	at Прогноз по отраслям сверка дашбордов.run(Прогноз по отраслям сверка дашбордов:223)&#xa;	at com.kms.katalon.core.main.ScriptEngine.run(ScriptEngine.java:194)&#xa;	at com.kms.katalon.core.main.ScriptEngine.runScriptAsRawText(ScriptEngine.java:119)&#xa;	at com.kms.katalon.core.main.TestCaseExecutor.runScript(TestCaseExecutor.java:448)&#xa;	at com.kms.katalon.core.main.TestCaseExecutor.doExecute(TestCaseExecutor.java:439)&#xa;	at com.kms.katalon.core.main.TestCaseExecutor.processExecutionPhase(TestCaseExecutor.java:418)&#xa;	at com.kms.katalon.core.main.TestCaseExecutor.accessMainPhase(TestCaseExecutor.java:410)&#xa;	at com.kms.katalon.core.main.TestCaseExecutor.execute(TestCaseExecutor.java:285)&#xa;	at com.kms.katalon.core.common.CommonExecutor.accessTestCaseMainPhase(CommonExecutor.java:65)&#xa;	at com.kms.katalon.core.main.TestSuiteExecutor.accessTestSuiteMainPhase(TestSuiteExecutor.java:150)&#xa;	at com.kms.katalon.core.main.TestSuiteExecutor.execute(TestSuiteExecutor.java:106)&#xa;	at com.kms.katalon.core.main.TestCaseMain.startTestSuite(TestCaseMain.java:180)&#xa;	at TempTestSuite1732232929817.run(TempTestSuite1732232929817.groovy:35)&#xa;	at java.base/jdk.internal.reflect.NativeMethodAccessorImpl.invoke0(Native Method)&#xa;	at java.base/jdk.internal.reflect.NativeMethodAccessorImpl.invoke(NativeMethodAccessorImpl.java:77)&#xa;	at java.base/jdk.internal.reflect.DelegatingMethodAccessorImpl.invoke(DelegatingMethodAccessorImpl.java:43)&#xa;Caused by: com.kms.katalon.core.exception.StepFailedException: Unable to click on object 'Object Repository/Прогноз по отраслям/Фильтр месяц Стресс'&#xa;	... 22 more&#xa;Caused by: com.kms.katalon.core.webui.exception.WebElementNotFoundException: Web element with id: 'Object Repository/Прогноз по отраслям/Фильтр месяц Стресс' located by '//div[29]/div[2]/div/div/div/div' not found&#xa;	at com.kms.katalon.core.webui.common.WebUiCommonHelper.findWebElement(WebUiCommonHelper.java:1426)&#xa;	at com.kms.katalon.core.webui.keyword.internal.WebUIAbstractKeyword.findWebElement(WebUIAbstractKeyword.groovy:27)&#xa;	at com.kms.katalon.core.webui.keyword.builtin.ClickKeyword$_click_closure1.doCall(ClickKeyword.groovy:65)&#xa;	at com.kms.katalon.core.webui.keyword.builtin.ClickKeyword$_click_closure1.call(ClickKeyword.groovy)&#xa;	at com.kms.katalon.core.webui.keyword.internal.WebUIKeywordMain.runKeyword(WebUIKeywordMain.groovy:20)&#xa;	... 20 more&#xa;"/>
         <system-out><![CDATA[22-11-2024T05:10:40 - [TEST_CASE][FAILED] - Test Cases/Сверки дашбордов/Прогноз по отраслям сверка дашбордов: Test Cases/Сверки дашбордов/Прогноз по отраслям сверка дашбордов FAILED.
Reason:
com.kms.katalon.core.exception.StepFailedException: Unable to click on object 'Object Repository/Прогноз по отраслям/Фильтр месяц Стресс' (Root cause: com.kms.katalon.core.exception.StepFailedException: Unable to click on object 'Object Repository/Прогноз по отраслям/Фильтр месяц Стресс'
	at com.kms.katalon.core.webui.keyword.internal.WebUIKeywordMain.stepFailed(WebUIKeywordMain.groovy:64)
	at com.kms.katalon.core.webui.keyword.internal.WebUIKeywordMain.runKeyword(WebUIKeywordMain.groovy:26)
	at com.kms.katalon.core.webui.keyword.builtin.ClickKeyword.click(ClickKeyword.groovy:74)
	at com.kms.katalon.core.webui.keyword.builtin.ClickKeyword.execute(ClickKeyword.groovy:40)
	at com.kms.katalon.core.keyword.internal.KeywordExecutor.executeKeywordForPlatform(KeywordExecutor.groovy:74)
	at com.kms.katalon.core.webui.keyword.WebUiBuiltInKeywords.click(WebUiBuiltInKeywords.groovy:659)
	at Прогноз по отраслям сверка дашбордов.run(Прогноз по отраслям сверка дашбордов:223)
	at com.kms.katalon.core.main.ScriptEngine.run(ScriptEngine.java:194)
	at com.kms.katalon.core.main.ScriptEngine.runScriptAsRawText(ScriptEngine.java:119)
	at com.kms.katalon.core.main.TestCaseExecutor.runScript(TestCaseExecutor.java:448)
	at com.kms.katalon.core.main.TestCaseExecutor.doExecute(TestCaseExecutor.java:439)
	at com.kms.katalon.core.main.TestCaseExecutor.processExecutionPhase(TestCaseExecutor.java:418)
	at com.kms.katalon.core.main.TestCaseExecutor.accessMainPhase(TestCaseExecutor.java:410)
	at com.kms.katalon.core.main.TestCaseExecutor.execute(TestCaseExecutor.java:285)
	at com.kms.katalon.core.common.CommonExecutor.accessTestCaseMainPhase(CommonExecutor.java:65)
	at com.kms.katalon.core.main.TestSuiteExecutor.accessTestSuiteMainPhase(TestSuiteExecutor.java:150)
	at com.kms.katalon.core.main.TestSuiteExecutor.execute(TestSuiteExecutor.java:106)
	at com.kms.katalon.core.main.TestCaseMain.startTestSuite(TestCaseMain.java:180)
	at TempTestSuite1732232929817.run(TempTestSuite1732232929817.groovy:35)
	at java.base/jdk.internal.reflect.NativeMethodAccessorImpl.invoke0(Native Method)
	at java.base/jdk.internal.reflect.NativeMethodAccessorImpl.invoke(NativeMethodAccessorImpl.java:77)
	at java.base/jdk.internal.reflect.DelegatingMethodAccessorImpl.invoke(DelegatingMethodAccessorImpl.java:43)
Caused by: com.kms.katalon.core.webui.exception.WebElementNotFoundException: Web element with id: 'Object Repository/Прогноз по отраслям/Фильтр месяц Стресс' located by '//div[29]/div[2]/div/div/div/div' not found
	at com.kms.katalon.core.webui.common.WebUiCommonHelper.findWebElement(WebUiCommonHelper.java:1426)
	at com.kms.katalon.core.webui.keyword.internal.WebUIAbstractKeyword.findWebElement(WebUIAbstractKeyword.groovy:27)
	at com.kms.katalon.core.webui.keyword.builtin.ClickKeyword$_click_closure1.doCall(ClickKeyword.groovy:65)
	at com.kms.katalon.core.webui.keyword.builtin.ClickKeyword$_click_closure1.call(ClickKeyword.groovy)
	at com.kms.katalon.core.webui.keyword.internal.WebUIKeywordMain.runKeyword(WebUIKeywordMain.groovy:20)
	at com.kms.katalon.core.webui.keyword.builtin.ClickKeyword.click(ClickKeyword.groovy:74)
	at com.kms.katalon.core.webui.keyword.builtin.ClickKeyword.execute(ClickKeyword.groovy:40)
	at com.kms.katalon.core.keyword.internal.KeywordExecutor.executeKeywordForPlatform(KeywordExecutor.groovy:74)
	at com.kms.katalon.core.webui.keyword.WebUiBuiltInKeywords.click(WebUiBuiltInKeywords.groovy:659)
	at Script1693826440839.run(Script1693826440839.groovy:223)
	... 15 more
)
	at com.kms.katalon.core.keyword.internal.KeywordMain.stepFailed(KeywordMain.groovy:39)
	at com.kms.katalon.core.webui.keyword.internal.WebUIKeywordMain.stepFailed(WebUIKeywordMain.groovy:64)
	at com.kms.katalon.core.webui.keyword.internal.WebUIKeywordMain.runKeyword(WebUIKeywordMain.groovy:26)
	at com.kms.katalon.core.webui.keyword.builtin.ClickKeyword.click(ClickKeyword.groovy:74)
	at com.kms.katalon.core.webui.keyword.builtin.ClickKeyword.execute(ClickKeyword.groovy:40)
	at com.kms.katalon.core.keyword.internal.KeywordExecutor.executeKeywordForPlatform(KeywordExecutor.groovy:74)
	at com.kms.katalon.core.webui.keyword.WebUiBuiltInKeywords.click(WebUiBuiltInKeywords.groovy:659)
	at Прогноз по отраслям сверка дашбордов.run(Прогноз по отраслям сверка дашбордов:223)
	at com.kms.katalon.core.main.ScriptEngine.run(ScriptEngine.java:194)
	at com.kms.katalon.core.main.ScriptEngine.runScriptAsRawText(ScriptEngine.java:119)
	at com.kms.katalon.core.main.TestCaseExecutor.runScript(TestCaseExecutor.java:448)
	at com.kms.katalon.core.main.TestCaseExecutor.doExecute(TestCaseExecutor.java:439)
	at com.kms.katalon.core.main.TestCaseExecutor.processExecutionPhase(TestCaseExecutor.java:418)
	at com.kms.katalon.core.main.TestCaseExecutor.accessMainPhase(TestCaseExecutor.java:410)
	at com.kms.katalon.core.main.TestCaseExecutor.execute(TestCaseExecutor.java:285)
	at com.kms.katalon.core.common.CommonExecutor.accessTestCaseMainPhase(CommonExecutor.java:65)
	at com.kms.katalon.core.main.TestSuiteExecutor.accessTestSuiteMainPhase(TestSuiteExecutor.java:150)
	at com.kms.katalon.core.main.TestSuiteExecutor.execute(TestSuiteExecutor.java:106)
	at com.kms.katalon.core.main.TestCaseMain.startTestSuite(TestCaseMain.java:180)
	at TempTestSuite1732232929817.run(TempTestSuite1732232929817.groovy:35)
	at java.base/jdk.internal.reflect.NativeMethodAccessorImpl.invoke0(Native Method)
	at java.base/jdk.internal.reflect.NativeMethodAccessorImpl.invoke(NativeMethodAccessorImpl.java:77)
	at java.base/jdk.internal.reflect.DelegatingMethodAccessorImpl.invoke(DelegatingMethodAccessorImpl.java:43)
Caused by: com.kms.katalon.core.exception.StepFailedException: Unable to click on object 'Object Repository/Прогноз по отраслям/Фильтр месяц Стресс'
	... 22 more
Caused by: com.kms.katalon.core.webui.exception.WebElementNotFoundException: Web element with id: 'Object Repository/Прогноз по отраслям/Фильтр месяц Стресс' located by '//div[29]/div[2]/div/div/div/div' not found
	at com.kms.katalon.core.webui.common.WebUiCommonHelper.findWebElement(WebUiCommonHelper.java:1426)
	at com.kms.katalon.core.webui.keyword.internal.WebUIAbstractKeyword.findWebElement(WebUIAbstractKeyword.groovy:27)
	at com.kms.katalon.core.webui.keyword.builtin.ClickKeyword$_click_closure1.doCall(ClickKeyword.groovy:65)
	at com.kms.katalon.core.webui.keyword.builtin.ClickKeyword$_click_closure1.call(ClickKeyword.groovy)
	at com.kms.katalon.core.webui.keyword.internal.WebUIKeywordMain.runKeyword(WebUIKeywordMain.groovy:20)
	... 20 more


22-11-2024T05:10:41 - [TEST_STEP][PASSED] - date = new java.util.Date(): null

22-11-2024T05:10:41 - [TEST_STEP][PASSED] - todaysDate = date.format("dd.MM.yyyy"): null

22-11-2024T05:10:41 - [TEST_STEP][PASSED] - println(todaysDate): null

22-11-2024T05:10:41 - [TEST_STEP][PASSED] - typeOfData = <not implemented yet for class: org.codehaus.groovy.ast.expr.EmptyExpression>: null

22-11-2024T05:10:41 - [TEST_STEP][PASSED] - filterSravnenie = <not implemented yet for class: org.codehaus.groovy.ast.expr.EmptyExpression>: null

22-11-2024T05:10:41 - [TEST_STEP][PASSED] - kpoOtpusk = <not implemented yet for class: org.codehaus.groovy.ast.expr.EmptyExpression>: null

22-11-2024T05:10:41 - [TEST_STEP][PASSED] - openBrowser(""): Browser is opened with url: ''

22-11-2024T05:10:41 - [MESSAGE][INFO] - Starting 'Chrome' driver

22-11-2024T05:10:41 - [MESSAGE][INFO] - Action delay is set to 0 milliseconds

22-11-2024T05:10:42 - [MESSAGE][PASSED] - Browser is opened with url: ''

22-11-2024T05:10:42 - [TEST_STEP][PASSED] - navigateToUrl(findTestData("PlanFact").getValue(10, 6)): Navigate to 'https://bi.rosseti.digital/viewer?dashboardGuid=d6acb5b1a7114a9791b34de39263106e&sheetGuid=0b6d261d7f7b4424a967aa8f3a724189&fit=true' successfully

22-11-2024T05:10:53 - [MESSAGE][PASSED] - Navigate to 'https://bi.rosseti.digital/viewer?dashboardGuid=d6acb5b1a7114a9791b34de39263106e&sheetGuid=0b6d261d7f7b4424a967aa8f3a724189&fit=true' successfully

22-11-2024T05:10:53 - [TEST_STEP][PASSED] - setText(findTestObject("Страница авторизации/input__username"), findTestData("PlanFact").getValue(8, 1)): Text 'liazgina-di' is set on object 'Object Repository/Страница авторизации/input__username'

22-11-2024T05:10:54 - [MESSAGE][PASSED] - Text 'liazgina-di' is set on object 'Object Repository/Страница авторизации/input__username'

22-11-2024T05:10:54 - [TEST_STEP][PASSED] - setText(findTestObject("Страница авторизации/input__password"), findTestData("PlanFact").getValue(9, 1)): Text ')$%5srZ8o688Dm#q' is set on object 'Object Repository/Страница авторизации/input__password'

22-11-2024T05:10:55 - [MESSAGE][PASSED] - Text ')$%5srZ8o688Dm#q' is set on object 'Object Repository/Страница авторизации/input__password'

22-11-2024T05:10:55 - [TEST_STEP][PASSED] - click(findTestObject("Страница авторизации/button_")): Object: 'Object Repository/Страница авторизации/button_' is clicked on

22-11-2024T05:10:58 - [MESSAGE][PASSED] - Object: 'Object Repository/Страница авторизации/button_' is clicked on

22-11-2024T05:10:58 - [TEST_STEP][PASSED] - delay(50): Delayed 50 second(s)

22-11-2024T05:11:48 - [MESSAGE][PASSED] - Delayed 50 second(s)

22-11-2024T05:11:48 - [TEST_STEP][PASSED] - click(findTestObject("Прогноз по отраслям/Фильтр Месяц")): Object: 'Object Repository/Прогноз по отраслям/Фильтр Месяц' is clicked on

22-11-2024T05:11:48 - [MESSAGE][PASSED] - Object: 'Object Repository/Прогноз по отраслям/Фильтр Месяц' is clicked on

22-11-2024T05:11:48 - [TEST_STEP][PASSED] - scrollToElement(findTestObject("Прогноз по отраслям/Ноябрь"), 30): Scroll to object 'Object Repository/Прогноз по отраслям/Ноябрь' successfully

22-11-2024T05:11:48 - [MESSAGE][PASSED] - Scroll to object 'Object Repository/Прогноз по отраслям/Ноябрь' successfully

22-11-2024T05:11:48 - [TEST_STEP][PASSED] - click(findTestObject("Прогноз по отраслям/Ноябрь"), CONTINUE_ON_FAILURE): Object: 'Object Repository/Прогноз по отраслям/Ноябрь' is clicked on

22-11-2024T05:11:49 - [MESSAGE][PASSED] - Object: 'Object Repository/Прогноз по отраслям/Ноябрь' is clicked on

22-11-2024T05:11:49 - [TEST_STEP][PASSED] - scrollToElement(findTestObject("Прогноз по отраслям/Заголовок дашборда"), 30): Scroll to object 'Object Repository/Прогноз по отраслям/Заголовок дашборда' successfully

22-11-2024T05:11:51 - [MESSAGE][PASSED] - Scroll to object 'Object Repository/Прогноз по отраслям/Заголовок дашборда' successfully

22-11-2024T05:11:51 - [TEST_STEP][PASSED] - click(findTestObject("Прогноз по отраслям/Фильтр Сравнение с")): Object: 'Object Repository/Прогноз по отраслям/Фильтр Сравнение с' is clicked on

22-11-2024T05:11:51 - [MESSAGE][PASSED] - Object: 'Object Repository/Прогноз по отраслям/Фильтр Сравнение с' is clicked on

22-11-2024T05:11:51 - [TEST_STEP][PASSED] - click(findTestObject("Прогноз по отраслям/Факт прошлого года")): Object: 'Object Repository/Прогноз по отраслям/Факт прошлого года' is clicked on

22-11-2024T05:11:52 - [MESSAGE][PASSED] - Object: 'Object Repository/Прогноз по отраслям/Факт прошлого года' is clicked on

22-11-2024T05:11:52 - [TEST_STEP][PASSED] - click(findTestObject("Прогноз по отраслям/Фильтр КПО-Отпуск")): Object: 'Object Repository/Прогноз по отраслям/Фильтр КПО-Отпуск' is clicked on

22-11-2024T05:11:54 - [MESSAGE][PASSED] - Object: 'Object Repository/Прогноз по отраслям/Фильтр КПО-Отпуск' is clicked on

22-11-2024T05:11:54 - [TEST_STEP][PASSED] - click(findTestObject("Прогноз по отраслям/Отпуск")): Object: 'Object Repository/Прогноз по отраслям/Отпуск' is clicked on

22-11-2024T05:11:55 - [MESSAGE][PASSED] - Object: 'Object Repository/Прогноз по отраслям/Отпуск' is clicked on

22-11-2024T05:11:55 - [TEST_STEP][PASSED] - delay(40): Delayed 40 second(s)

22-11-2024T05:12:35 - [MESSAGE][PASSED] - Delayed 40 second(s)

22-11-2024T05:12:35 - [TEST_STEP][PASSED] - a1 = getText(findTestObject("Прогноз по отраслям/Виджеты дашборда")): Text of object 'Object Repository/Прогноз по отраслям/Виджеты дашборда' is: 'Год 
2023 год
Сравнение с 
Факт прошлого года
Динамика электропотребления, млрд. кВт.ч. по ПАО Россети на 2023 год
12 12
186 186
36 36
50 50
10 10
19 19
0 0
17 17
85 85
19 19
82 82
604 604
10 10
197 197
37 37
48 48
10 10
15 15
4 4
18 18
80 80
19 19
82 82
608 608
Факт прошлого года
Ожидаемое (прогноз по конца года)
Интер РАО (дляФСК)
Промышленныепотребители
Транспорт
Нефтедобыча
Нефтепереработка
Нефтепроводы
Газопроводы
Сельскоехозяйство ипищеваяпромышленность
Непромышленныепотребители
Государственные(муниципальные)организации ипрочиебюджетныепотребители
Население иприравненныегруппыпотребителей
Территориальныесетевыеорганизации
Выручка по ПАО Россети на 2023 год
5 5
285 285
72 72
72 72
18 18
22 22
0 0
50 50
201 201
61 61
190 190
227 227
6 6
331 331
82 82
77 77
20 20
20 20
3 3
57 57
220 220
68 68
214 214
258 258
Факт прошлого года
Ожидаемое (прогноз по конца года)
Интер РАО (дляФСК)
Промышленныепотребители
Транспорт
Нефтедобыча
Нефтепереработка
Нефтепроводы
Газопроводы
Сельскоехозяйство ипищеваяпромышленность
Непромышленныепотребители
Государственные(муниципальные)организации ипрочиебюджетныепотребители
Население иприравненныегруппыпотребителей
Территориальныесетевыеорганизации
Отклонения по ПАО Россети на 2023 год
-18.5% -18.5%
5.9% 5.9%
3.6% 3.6%
-3.9% -3.9%
0.9% 0.9%
-20.7% -20.7%
3 313.2% 3 313.2%
3.8% 3.8%
-5.6% -5.6%
1.3% 1.3%
-0.9% -0.9%
0.7% 0.7%
⬤ Отклонение, %
Интер РАО (для ФСК)
Промышленные потребители
Транспорт
Нефтедобыча
Нефтепереработка
Нефтепроводы
Газопроводы
Сельское хозяйство и пищевая пр…
Непромышленные потребители
Государственные (муниципальные…
Население и приравненные групп…
Территориальные сетевые органи…
Выручка отклонения по ПАО Россети на 2023 год
7.7% 7.7%
16.0% 16.0%
13.2% 13.2%
6.7% 6.7%
13.3% 13.3%
-7.7% -7.7%
1 331.5% 1 331.5%
14.2% 14.2%
9.9% 9.9%
12.0% 12.0%
12.4% 12.4%
13.7% 13.7%
⬤ Отклонение, %
Интер РАО (для ФСК)
Промышленные потребители
Транспорт
Нефтедобыча
Нефтепереработка
Нефтепроводы
Газопроводы
Сельское хозяйство и пищевая пр…
Непромышленные потребители
Государственные (муниципальные…
Население и приравненные групп…
Территориальные сетевые органи…
абс.
%
Прогноз на месяц 
Ноябрь
КПО/Отпуск из сети 
Отпуск из сети, млн. кВт.ч
Организация 
Все
Прогноз электропотребления и выручки за услуги по передаче в разрезе отраслей'

22-11-2024T05:12:36 - [MESSAGE][PASSED] - Text of object 'Object Repository/Прогноз по отраслям/Виджеты дашборда' is: 'Год 
2023 год
Сравнение с 
Факт прошлого года
Динамика электропотребления, млрд. кВт.ч. по ПАО Россети на 2023 год
12 12
186 186
36 36
50 50
10 10
19 19
0 0
17 17
85 85
19 19
82 82
604 604
10 10
197 197
37 37
48 48
10 10
15 15
4 4
18 18
80 80
19 19
82 82
608 608
Факт прошлого года
Ожидаемое (прогноз по конца года)
Интер РАО (дляФСК)
Промышленныепотребители
Транспорт
Нефтедобыча
Нефтепереработка
Нефтепроводы
Газопроводы
Сельскоехозяйство ипищеваяпромышленность
Непромышленныепотребители
Государственные(муниципальные)организации ипрочиебюджетныепотребители
Население иприравненныегруппыпотребителей
Территориальныесетевыеорганизации
Выручка по ПАО Россети на 2023 год
5 5
285 285
72 72
72 72
18 18
22 22
0 0
50 50
201 201
61 61
190 190
227 227
6 6
331 331
82 82
77 77
20 20
20 20
3 3
57 57
220 220
68 68
214 214
258 258
Факт прошлого года
Ожидаемое (прогноз по конца года)
Интер РАО (дляФСК)
Промышленныепотребители
Транспорт
Нефтедобыча
Нефтепереработка
Нефтепроводы
Газопроводы
Сельскоехозяйство ипищеваяпромышленность
Непромышленныепотребители
Государственные(муниципальные)организации ипрочиебюджетныепотребители
Население иприравненныегруппыпотребителей
Территориальныесетевыеорганизации
Отклонения по ПАО Россети на 2023 год
-18.5% -18.5%
5.9% 5.9%
3.6% 3.6%
-3.9% -3.9%
0.9% 0.9%
-20.7% -20.7%
3 313.2% 3 313.2%
3.8% 3.8%
-5.6% -5.6%
1.3% 1.3%
-0.9% -0.9%
0.7% 0.7%
⬤ Отклонение, %
Интер РАО (для ФСК)
Промышленные потребители
Транспорт
Нефтедобыча
Нефтепереработка
Нефтепроводы
Газопроводы
Сельское хозяйство и пищевая пр…
Непромышленные потребители
Государственные (муниципальные…
Население и приравненные групп…
Территориальные сетевые органи…
Выручка отклонения по ПАО Россети на 2023 год
7.7% 7.7%
16.0% 16.0%
13.2% 13.2%
6.7% 6.7%
13.3% 13.3%
-7.7% -7.7%
1 331.5% 1 331.5%
14.2% 14.2%
9.9% 9.9%
12.0% 12.0%
12.4% 12.4%
13.7% 13.7%
⬤ Отклонение, %
Интер РАО (для ФСК)
Промышленные потребители
Транспорт
Нефтедобыча
Нефтепереработка
Нефтепроводы
Газопроводы
Сельское хозяйство и пищевая пр…
Непромышленные потребители
Государственные (муниципальные…
Население и приравненные групп…
Территориальные сетевые органи…
абс.
%
Прогноз на месяц 
Ноябрь
КПО/Отпуск из сети 
Отпуск из сети, млн. кВт.ч
Организация 
Все
Прогноз электропотребления и выручки за услуги по передаче в разрезе отраслей'

22-11-2024T05:12:36 - [TEST_STEP][PASSED] - a1 = a1.replaceAll("[^0-9]", ""): null

22-11-2024T05:12:36 - [TEST_STEP][PASSED] - println("a1:" + a1): null

22-11-2024T05:12:36 - [TEST_STEP][PASSED] - click(findTestObject("Прогноз по отраслям/Фильтр Сравнение с")): Object: 'Object Repository/Прогноз по отраслям/Фильтр Сравнение с' is clicked on

22-11-2024T05:12:36 - [MESSAGE][PASSED] - Object: 'Object Repository/Прогноз по отраслям/Фильтр Сравнение с' is clicked on

22-11-2024T05:12:36 - [TEST_STEP][PASSED] - click(findTestObject("Прогноз по отраслям/План")): Object: 'Object Repository/Прогноз по отраслям/План' is clicked on

22-11-2024T05:12:37 - [MESSAGE][PASSED] - Object: 'Object Repository/Прогноз по отраслям/План' is clicked on

22-11-2024T05:12:37 - [TEST_STEP][PASSED] - delay(40): Delayed 40 second(s)

22-11-2024T05:13:17 - [MESSAGE][PASSED] - Delayed 40 second(s)

22-11-2024T05:13:17 - [TEST_STEP][PASSED] - a2 = getText(findTestObject("Прогноз по отраслям/Виджеты дашборда")): Text of object 'Object Repository/Прогноз по отраслям/Виджеты дашборда' is: 'Год 
2023 год
Сравнение с 
План
Динамика электропотребления, млрд. кВт.ч. по ПАО Россети на 2023 год
10 10
190 190
36 36
14 14
9 9
14 14
4 4
17 17
80 80
19 19
82 82
588 588
10 10
197 197
37 37
48 48
10 10
15 15
4 4
18 18
80 80
19 19
82 82
608 608
План
Ожидаемое (прогноз по конца года)
Интер РАО (дляФСК)
Промышленныепотребители
Транспорт
Нефтедобыча
Нефтепереработка
Нефтепроводы
Газопроводы
Сельскоехозяйство ипищеваяпромышленность
Непромышленныепотребители
Государственные(муниципальные)организации ипрочиебюджетныепотребители
Население иприравненныегруппыпотребителей
Территориальныесетевыеорганизации
Выручка по ПАО Россети на 2023 год
5 5
319 319
81 81
16 16
16 16
20 20
2 2
56 56
215 215
67 67
218 218
239 239
6 6
331 331
82 82
77 77
20 20
20 20
3 3
57 57
220 220
68 68
214 214
258 258
План
Ожидаемое (прогноз по конца года)
Интер РАО (дляФСК)
Промышленныепотребители
Транспорт
Нефтедобыча
Нефтепереработка
Нефтепроводы
Газопроводы
Сельскоехозяйство ипищеваяпромышленность
Непромышленныепотребители
Государственные(муниципальные)организации ипрочиебюджетныепотребители
Население иприравненныегруппыпотребителей
Территориальныесетевыеорганизации
Отклонения по ПАО Россети на 2023 год
-4.7% -4.7%
3.8% 3.8%
1.9% 1.9%
230.3% 230.3%
10.9% 10.9%
4.2% 4.2%
21.7% 21.7%
3.9% 3.9%
-0.6% -0.6%
1.6% 1.6%
-1.0% -1.0%
3.3% 3.3%
⬤ Отклонение, %
Интер РАО (для ФСК)
Промышленные потребители
Транспорт
Нефтедобыча
Нефтепереработка
Нефтепроводы
Газопроводы
Сельское хозяйство и пищевая пр…
Непромышленные потребители
Государственные (муниципальные…
Население и приравненные групп…
Территориальные сетевые органи…
Выручка отклонения по ПАО Россети на 2023 год
15.6% 15.6%
3.8% 3.8%
1.2% 1.2%
398.2% 398.2%
26.9% 26.9%
-0.6% -0.6%
26.9% 26.9%
1.5% 1.5%
2.7% 2.7%
2.0% 2.0%
-2.0% -2.0%
7.9% 7.9%
⬤ Отклонение, %
Интер РАО (для ФСК)
Промышленные потребители
Транспорт
Нефтедобыча
Нефтепереработка
Нефтепроводы
Газопроводы
Сельское хозяйство и пищевая пр…
Непромышленные потребители
Государственные (муниципальные…
Население и приравненные групп…
Территориальные сетевые органи…
абс.
%
Прогноз на месяц 
Ноябрь
КПО/Отпуск из сети 
Отпуск из сети, млн. кВт.ч
Организация 
Все
Прогноз электропотребления и выручки за услуги по передаче в разрезе отраслей'

22-11-2024T05:13:17 - [MESSAGE][PASSED] - Text of object 'Object Repository/Прогноз по отраслям/Виджеты дашборда' is: 'Год 
2023 год
Сравнение с 
План
Динамика электропотребления, млрд. кВт.ч. по ПАО Россети на 2023 год
10 10
190 190
36 36
14 14
9 9
14 14
4 4
17 17
80 80
19 19
82 82
588 588
10 10
197 197
37 37
48 48
10 10
15 15
4 4
18 18
80 80
19 19
82 82
608 608
План
Ожидаемое (прогноз по конца года)
Интер РАО (дляФСК)
Промышленныепотребители
Транспорт
Нефтедобыча
Нефтепереработка
Нефтепроводы
Газопроводы
Сельскоехозяйство ипищеваяпромышленность
Непромышленныепотребители
Государственные(муниципальные)организации ипрочиебюджетныепотребители
Население иприравненныегруппыпотребителей
Территориальныесетевыеорганизации
Выручка по ПАО Россети на 2023 год
5 5
319 319
81 81
16 16
16 16
20 20
2 2
56 56
215 215
67 67
218 218
239 239
6 6
331 331
82 82
77 77
20 20
20 20
3 3
57 57
220 220
68 68
214 214
258 258
План
Ожидаемое (прогноз по конца года)
Интер РАО (дляФСК)
Промышленныепотребители
Транспорт
Нефтедобыча
Нефтепереработка
Нефтепроводы
Газопроводы
Сельскоехозяйство ипищеваяпромышленность
Непромышленныепотребители
Государственные(муниципальные)организации ипрочиебюджетныепотребители
Население иприравненныегруппыпотребителей
Территориальныесетевыеорганизации
Отклонения по ПАО Россети на 2023 год
-4.7% -4.7%
3.8% 3.8%
1.9% 1.9%
230.3% 230.3%
10.9% 10.9%
4.2% 4.2%
21.7% 21.7%
3.9% 3.9%
-0.6% -0.6%
1.6% 1.6%
-1.0% -1.0%
3.3% 3.3%
⬤ Отклонение, %
Интер РАО (для ФСК)
Промышленные потребители
Транспорт
Нефтедобыча
Нефтепереработка
Нефтепроводы
Газопроводы
Сельское хозяйство и пищевая пр…
Непромышленные потребители
Государственные (муниципальные…
Население и приравненные групп…
Территориальные сетевые органи…
Выручка отклонения по ПАО Россети на 2023 год
15.6% 15.6%
3.8% 3.8%
1.2% 1.2%
398.2% 398.2%
26.9% 26.9%
-0.6% -0.6%
26.9% 26.9%
1.5% 1.5%
2.7% 2.7%
2.0% 2.0%
-2.0% -2.0%
7.9% 7.9%
⬤ Отклонение, %
Интер РАО (для ФСК)
Промышленные потребители
Транспорт
Нефтедобыча
Нефтепереработка
Нефтепроводы
Газопроводы
Сельское хозяйство и пищевая пр…
Непромышленные потребители
Государственные (муниципальные…
Население и приравненные групп…
Территориальные сетевые органи…
абс.
%
Прогноз на месяц 
Ноябрь
КПО/Отпуск из сети 
Отпуск из сети, млн. кВт.ч
Организация 
Все
Прогноз электропотребления и выручки за услуги по передаче в разрезе отраслей'

22-11-2024T05:13:17 - [TEST_STEP][PASSED] - a2 = a2.replaceAll("[^0-9]", ""): null

22-11-2024T05:13:17 - [TEST_STEP][PASSED] - println("a2:" + a2): null

22-11-2024T05:13:17 - [TEST_STEP][PASSED] - click(findTestObject("Прогноз по отраслям/Фильтр Сравнение с")): Object: 'Object Repository/Прогноз по отраслям/Фильтр Сравнение с' is clicked on

22-11-2024T05:13:18 - [MESSAGE][PASSED] - Object: 'Object Repository/Прогноз по отраслям/Фильтр Сравнение с' is clicked on

22-11-2024T05:13:18 - [TEST_STEP][PASSED] - click(findTestObject("Прогноз по отраслям/План СУ")): Object: 'Object Repository/Прогноз по отраслям/План СУ' is clicked on

22-11-2024T05:13:19 - [MESSAGE][PASSED] - Object: 'Object Repository/Прогноз по отраслям/План СУ' is clicked on

22-11-2024T05:13:19 - [TEST_STEP][PASSED] - delay(40): Delayed 40 second(s)

22-11-2024T05:13:59 - [MESSAGE][PASSED] - Delayed 40 second(s)

22-11-2024T05:13:59 - [TEST_STEP][PASSED] - a3 = getText(findTestObject("Прогноз по отраслям/Виджеты дашборда")): Text of object 'Object Repository/Прогноз по отраслям/Виджеты дашборда' is: 'Год 
2023 год
Сравнение с 
План/СУ
Динамика электропотребления, млрд. кВт.ч. по ПАО Россети на 2023 год
10 10
186 186
36 36
15 15
9 9
14 14
4 4
17 17
88 88
19 19
83 83
597 597
10 10
197 197
37 37
48 48
10 10
15 15
4 4
18 18
80 80
19 19
82 82
608 608
СУ
Ожидаемое (прогноз по конца года)
Интер РАО (дляФСК)
Промышленныепотребители
Транспорт
Нефтедобыча
Нефтепереработка
Нефтепроводы
Газопроводы
Сельскоехозяйство ипищеваяпромышленность
Непромышленныепотребители
Государственные(муниципальные)организации ипрочиебюджетныепотребители
Население иприравненныегруппыпотребителей
Территориальныесетевыеорганизации
Выручка по ПАО Россети на 2023 год
6 6
331 331
82 82
77 77
20 20
20 20
3 3
57 57
220 220
68 68
214 214
258 258
Ожидаемое (прогноз по конца года)
Интер РАО (дляФСК)
Промышленныепотребители
Транспорт
Нефтедобыча
Нефтепереработка
Нефтепроводы
Газопроводы
Сельскоехозяйство ипищеваяпромышленность
Непромышленныепотребители
Государственные(муниципальные)организации ипрочиебюджетныепотребители
Население иприравненныегруппыпотребителей
Территориальныесетевыеорганизации
Отклонения по ПАО Россети на 2023 год
2.5% 2.5%
5.9% 5.9%
1.9% 1.9%
219.1% 219.1%
11.7% 11.7%
1.9% 1.9%
13.1% 13.1%
3.5% 3.5%
-8.7% -8.7%
0.2% 0.2%
-1.6% -1.6%
1.8% 1.8%
⬤ Отклонение, %
Интер РАО (для ФСК)
Промышленные потребители
Транспорт
Нефтедобыча
Нефтепереработка
Нефтепроводы
Газопроводы
Сельское хозяйство и пищевая пр…
Непромышленные потребители
Государственные (муниципальные…
Население и приравненные групп…
Территориальные сетевые органи…
Выручка отклонения по ПАО Россети на 2023 год
⬤ Отклонение, %
Интер РАО (для ФСК)
Промышленные потребители
Транспорт
Нефтедобыча
Нефтепереработка
Нефтепроводы
Газопроводы
Сельское хозяйство и пищевая пр…
Непромышленные потребители
Государственные (муниципальные…
Население и приравненные групп…
Территориальные сетевые органи…
абс.
%
Прогноз на месяц 
Ноябрь
КПО/Отпуск из сети 
Отпуск из сети, млн. кВт.ч
Организация 
Все
Прогноз электропотребления и выручки за услуги по передаче в разрезе отраслей'

22-11-2024T05:13:59 - [MESSAGE][PASSED] - Text of object 'Object Repository/Прогноз по отраслям/Виджеты дашборда' is: 'Год 
2023 год
Сравнение с 
План/СУ
Динамика электропотребления, млрд. кВт.ч. по ПАО Россети на 2023 год
10 10
186 186
36 36
15 15
9 9
14 14
4 4
17 17
88 88
19 19
83 83
597 597
10 10
197 197
37 37
48 48
10 10
15 15
4 4
18 18
80 80
19 19
82 82
608 608
СУ
Ожидаемое (прогноз по конца года)
Интер РАО (дляФСК)
Промышленныепотребители
Транспорт
Нефтедобыча
Нефтепереработка
Нефтепроводы
Газопроводы
Сельскоехозяйство ипищеваяпромышленность
Непромышленныепотребители
Государственные(муниципальные)организации ипрочиебюджетныепотребители
Население иприравненныегруппыпотребителей
Территориальныесетевыеорганизации
Выручка по ПАО Россети на 2023 год
6 6
331 331
82 82
77 77
20 20
20 20
3 3
57 57
220 220
68 68
214 214
258 258
Ожидаемое (прогноз по конца года)
Интер РАО (дляФСК)
Промышленныепотребители
Транспорт
Нефтедобыча
Нефтепереработка
Нефтепроводы
Газопроводы
Сельскоехозяйство ипищеваяпромышленность
Непромышленныепотребители
Государственные(муниципальные)организации ипрочиебюджетныепотребители
Население иприравненныегруппыпотребителей
Территориальныесетевыеорганизации
Отклонения по ПАО Россети на 2023 год
2.5% 2.5%
5.9% 5.9%
1.9% 1.9%
219.1% 219.1%
11.7% 11.7%
1.9% 1.9%
13.1% 13.1%
3.5% 3.5%
-8.7% -8.7%
0.2% 0.2%
-1.6% -1.6%
1.8% 1.8%
⬤ Отклонение, %
Интер РАО (для ФСК)
Промышленные потребители
Транспорт
Нефтедобыча
Нефтепереработка
Нефтепроводы
Газопроводы
Сельское хозяйство и пищевая пр…
Непромышленные потребители
Государственные (муниципальные…
Население и приравненные групп…
Территориальные сетевые органи…
Выручка отклонения по ПАО Россети на 2023 год
⬤ Отклонение, %
Интер РАО (для ФСК)
Промышленные потребители
Транспорт
Нефтедобыча
Нефтепереработка
Нефтепроводы
Газопроводы
Сельское хозяйство и пищевая пр…
Непромышленные потребители
Государственные (муниципальные…
Население и приравненные групп…
Территориальные сетевые органи…
абс.
%
Прогноз на месяц 
Ноябрь
КПО/Отпуск из сети 
Отпуск из сети, млн. кВт.ч
Организация 
Все
Прогноз электропотребления и выручки за услуги по передаче в разрезе отраслей'

22-11-2024T05:13:59 - [TEST_STEP][PASSED] - a3 = a3.replaceAll("[^0-9]", ""): null

22-11-2024T05:13:59 - [TEST_STEP][PASSED] - println("a3:" + a3): null

22-11-2024T05:13:59 - [TEST_STEP][PASSED] - click(findTestObject("Прогноз по отраслям/Фильтр Сравнение с")): Object: 'Object Repository/Прогноз по отраслям/Фильтр Сравнение с' is clicked on

22-11-2024T05:14:00 - [MESSAGE][PASSED] - Object: 'Object Repository/Прогноз по отраслям/Фильтр Сравнение с' is clicked on

22-11-2024T05:14:00 - [TEST_STEP][PASSED] - click(findTestObject("Прогноз по отраслям/Факт прошлого года")): Object: 'Object Repository/Прогноз по отраслям/Факт прошлого года' is clicked on

22-11-2024T05:14:00 - [MESSAGE][PASSED] - Object: 'Object Repository/Прогноз по отраслям/Факт прошлого года' is clicked on

22-11-2024T05:14:00 - [TEST_STEP][PASSED] - click(findTestObject("Прогноз по отраслям/Фильтр КПО-Отпуск")): Object: 'Object Repository/Прогноз по отраслям/Фильтр КПО-Отпуск' is clicked on

22-11-2024T05:14:02 - [MESSAGE][PASSED] - Object: 'Object Repository/Прогноз по отраслям/Фильтр КПО-Отпуск' is clicked on

22-11-2024T05:14:02 - [TEST_STEP][PASSED] - click(findTestObject("Прогноз по отраслям/КПО")): Object: 'Object Repository/Прогноз по отраслям/КПО' is clicked on

22-11-2024T05:14:03 - [MESSAGE][PASSED] - Object: 'Object Repository/Прогноз по отраслям/КПО' is clicked on

22-11-2024T05:14:03 - [TEST_STEP][PASSED] - delay(40): Delayed 40 second(s)

22-11-2024T05:14:43 - [MESSAGE][PASSED] - Delayed 40 second(s)

22-11-2024T05:14:43 - [TEST_STEP][PASSED] - a4 = getText(findTestObject("Прогноз по отраслям/Виджеты дашборда")): Text of object 'Object Repository/Прогноз по отраслям/Виджеты дашборда' is: 'Год 
2023 год
Сравнение с 
Факт прошлого года
Динамика электропотребления, млрд. кВт.ч. по ПАО Россети на 2023 год
0 0
120 120
38 38
41 41
8 8
10 10
0 0
19 19
77 77
25 25
122 122
61 61
0 0
120 120
39 39
39 39
8 8
8 8
1 1
20 20
78 78
26 26
121 121
60 60
Факт прошлого года
Ожидаемое (прогноз по конца года)
Интер РАО (дляФСК)
Промышленныепотребители
Транспорт
Нефтедобыча
Нефтепереработка
Нефтепроводы
Газопроводы
Сельскоехозяйство ипищеваяпромышленность
Непромышленныепотребители
Государственные(муниципальные)организации ипрочиебюджетныепотребители
Население иприравненныегруппыпотребителей
Территориальныесетевыеорганизации
Выручка по ПАО Россети на 2023 год
5 5
285 285
72 72
72 72
18 18
22 22
0 0
50 50
201 201
61 61
190 190
227 227
6 6
331 331
82 82
77 77
20 20
20 20
3 3
57 57
220 220
68 68
214 214
258 258
Факт прошлого года
Ожидаемое (прогноз по конца года)
Интер РАО (дляФСК)
Промышленныепотребители
Транспорт
Нефтедобыча
Нефтепереработка
Нефтепроводы
Газопроводы
Сельскоехозяйство ипищеваяпромышленность
Непромышленныепотребители
Государственные(муниципальные)организации ипрочиебюджетныепотребители
Население иприравненныегруппыпотребителей
Территориальныесетевыеорганизации
Отклонения по ПАО Россети на 2023 год
0.5% 0.5%
0.9% 0.9%
-5.9% -5.9%
3.1% 3.1%
-17.9% -17.9%
578.4% 578.4%
2.3% 2.3%
1.8% 1.8%
2.1% 2.1%
-0.9% -0.9%
-0.2% -0.2%
⬤ Отклонение, %
Интер РАО (для ФСК)
Промышленные потребители
Транспорт
Нефтедобыча
Нефтепереработка
Нефтепроводы
Газопроводы
Сельское хозяйство и пищевая пр…
Непромышленные потребители
Государственные (муниципальные…
Население и приравненные групп…
Территориальные сетевые органи…
Выручка отклонения по ПАО Россети на 2023 год
7.7% 7.7%
16.0% 16.0%
13.2% 13.2%
6.7% 6.7%
13.3% 13.3%
-7.7% -7.7%
1 331.5% 1 331.5%
14.2% 14.2%
9.9% 9.9%
12.0% 12.0%
12.4% 12.4%
13.7% 13.7%
⬤ Отклонение, %
Интер РАО (для ФСК)
Промышленные потребители
Транспорт
Нефтедобыча
Нефтепереработка
Нефтепроводы
Газопроводы
Сельское хозяйство и пищевая пр…
Непромышленные потребители
Государственные (муниципальные…
Население и приравненные групп…
Территориальные сетевые органи…
абс.
%
Прогноз на месяц 
Ноябрь
КПО/Отпуск из сети 
Котловой полезный отпуск, млн. кВт.ч
Организация 
Все
Прогноз электропотребления и выручки за услуги по передаче в разрезе отраслей'

22-11-2024T05:14:44 - [MESSAGE][PASSED] - Text of object 'Object Repository/Прогноз по отраслям/Виджеты дашборда' is: 'Год 
2023 год
Сравнение с 
Факт прошлого года
Динамика электропотребления, млрд. кВт.ч. по ПАО Россети на 2023 год
0 0
120 120
38 38
41 41
8 8
10 10
0 0
19 19
77 77
25 25
122 122
61 61
0 0
120 120
39 39
39 39
8 8
8 8
1 1
20 20
78 78
26 26
121 121
60 60
Факт прошлого года
Ожидаемое (прогноз по конца года)
Интер РАО (дляФСК)
Промышленныепотребители
Транспорт
Нефтедобыча
Нефтепереработка
Нефтепроводы
Газопроводы
Сельскоехозяйство ипищеваяпромышленность
Непромышленныепотребители
Государственные(муниципальные)организации ипрочиебюджетныепотребители
Население иприравненныегруппыпотребителей
Территориальныесетевыеорганизации
Выручка по ПАО Россети на 2023 год
5 5
285 285
72 72
72 72
18 18
22 22
0 0
50 50
201 201
61 61
190 190
227 227
6 6
331 331
82 82
77 77
20 20
20 20
3 3
57 57
220 220
68 68
214 214
258 258
Факт прошлого года
Ожидаемое (прогноз по конца года)
Интер РАО (дляФСК)
Промышленныепотребители
Транспорт
Нефтедобыча
Нефтепереработка
Нефтепроводы
Газопроводы
Сельскоехозяйство ипищеваяпромышленность
Непромышленныепотребители
Государственные(муниципальные)организации ипрочиебюджетныепотребители
Население иприравненныегруппыпотребителей
Территориальныесетевыеорганизации
Отклонения по ПАО Россети на 2023 год
0.5% 0.5%
0.9% 0.9%
-5.9% -5.9%
3.1% 3.1%
-17.9% -17.9%
578.4% 578.4%
2.3% 2.3%
1.8% 1.8%
2.1% 2.1%
-0.9% -0.9%
-0.2% -0.2%
⬤ Отклонение, %
Интер РАО (для ФСК)
Промышленные потребители
Транспорт
Нефтедобыча
Нефтепереработка
Нефтепроводы
Газопроводы
Сельское хозяйство и пищевая пр…
Непромышленные потребители
Государственные (муниципальные…
Население и приравненные групп…
Территориальные сетевые органи…
Выручка отклонения по ПАО Россети на 2023 год
7.7% 7.7%
16.0% 16.0%
13.2% 13.2%
6.7% 6.7%
13.3% 13.3%
-7.7% -7.7%
1 331.5% 1 331.5%
14.2% 14.2%
9.9% 9.9%
12.0% 12.0%
12.4% 12.4%
13.7% 13.7%
⬤ Отклонение, %
Интер РАО (для ФСК)
Промышленные потребители
Транспорт
Нефтедобыча
Нефтепереработка
Нефтепроводы
Газопроводы
Сельское хозяйство и пищевая пр…
Непромышленные потребители
Государственные (муниципальные…
Население и приравненные групп…
Территориальные сетевые органи…
абс.
%
Прогноз на месяц 
Ноябрь
КПО/Отпуск из сети 
Котловой полезный отпуск, млн. кВт.ч
Организация 
Все
Прогноз электропотребления и выручки за услуги по передаче в разрезе отраслей'

22-11-2024T05:14:44 - [TEST_STEP][PASSED] - a4 = a4.replaceAll("[^0-9]", ""): null

22-11-2024T05:14:44 - [TEST_STEP][PASSED] - println("a4:" + a4): null

22-11-2024T05:14:44 - [TEST_STEP][PASSED] - click(findTestObject("Прогноз по отраслям/Фильтр Сравнение с")): Object: 'Object Repository/Прогноз по отраслям/Фильтр Сравнение с' is clicked on

22-11-2024T05:14:44 - [MESSAGE][PASSED] - Object: 'Object Repository/Прогноз по отраслям/Фильтр Сравнение с' is clicked on

22-11-2024T05:14:44 - [TEST_STEP][PASSED] - click(findTestObject("Прогноз по отраслям/План")): Object: 'Object Repository/Прогноз по отраслям/План' is clicked on

22-11-2024T05:14:45 - [MESSAGE][PASSED] - Object: 'Object Repository/Прогноз по отраслям/План' is clicked on

22-11-2024T05:14:45 - [TEST_STEP][PASSED] - delay(40): Delayed 40 second(s)

22-11-2024T05:15:25 - [MESSAGE][PASSED] - Delayed 40 second(s)

22-11-2024T05:15:25 - [TEST_STEP][PASSED] - a5 = getText(findTestObject("Прогноз по отраслям/Виджеты дашборда")): Text of object 'Object Repository/Прогноз по отраслям/Виджеты дашборда' is: 'Год 
2023 год
Сравнение с 
План
Динамика электропотребления, млрд. кВт.ч. по ПАО Россети на 2023 год
0 0
119 119
37 37
7 7
7 7
8 8
1 1
19 19
75 75
25 25
123 123
55 55
0 0
120 120
39 39
39 39
8 8
8 8
1 1
20 20
78 78
26 26
121 121
60 60
План
Ожидаемое (прогноз по конца года)
Интер РАО (дляФСК)
Промышленныепотребители
Транспорт
Нефтедобыча
Нефтепереработка
Нефтепроводы
Газопроводы
Сельскоехозяйство ипищеваяпромышленность
Непромышленныепотребители
Государственные(муниципальные)организации ипрочиебюджетныепотребители
Население иприравненныегруппыпотребителей
Территориальныесетевыеорганизации
Выручка по ПАО Россети на 2023 год
5 5
319 319
81 81
16 16
16 16
20 20
2 2
56 56
215 215
67 67
218 218
239 239
6 6
331 331
82 82
77 77
20 20
20 20
3 3
57 57
220 220
68 68
214 214
258 258
План
Ожидаемое (прогноз по конца года)
Интер РАО (дляФСК)
Промышленныепотребители
Транспорт
Нефтедобыча
Нефтепереработка
Нефтепроводы
Газопроводы
Сельскоехозяйство ипищеваяпромышленность
Непромышленныепотребители
Государственные(муниципальные)организации ипрочиебюджетныепотребители
Население иприравненныегруппыпотребителей
Территориальныесетевыеорганизации
Отклонения по ПАО Россети на 2023 год
1.2% 1.2%
3.2% 3.2%
492.1% 492.1%
18.1% 18.1%
4.4% 4.4%
11.9% 11.9%
1.2% 1.2%
4.1% 4.1%
2.4% 2.4%
-1.4% -1.4%
9.7% 9.7%
⬤ Отклонение, %
Интер РАО (для ФСК)
Промышленные потребители
Транспорт
Нефтедобыча
Нефтепереработка
Нефтепроводы
Газопроводы
Сельское хозяйство и пищевая пр…
Непромышленные потребители
Государственные (муниципальные…
Население и приравненные групп…
Территориальные сетевые органи…
Выручка отклонения по ПАО Россети на 2023 год
15.6% 15.6%
3.8% 3.8%
1.2% 1.2%
398.2% 398.2%
26.9% 26.9%
-0.6% -0.6%
26.9% 26.9%
1.5% 1.5%
2.7% 2.7%
2.0% 2.0%
-2.0% -2.0%
7.9% 7.9%
⬤ Отклонение, %
Интер РАО (для ФСК)
Промышленные потребители
Транспорт
Нефтедобыча
Нефтепереработка
Нефтепроводы
Газопроводы
Сельское хозяйство и пищевая пр…
Непромышленные потребители
Государственные (муниципальные…
Население и приравненные групп…
Территориальные сетевые органи…
абс.
%
Прогноз на месяц 
Ноябрь
КПО/Отпуск из сети 
Котловой полезный отпуск, млн. кВт.ч
Организация 
Все
Прогноз электропотребления и выручки за услуги по передаче в разрезе отраслей'

22-11-2024T05:15:26 - [MESSAGE][PASSED] - Text of object 'Object Repository/Прогноз по отраслям/Виджеты дашборда' is: 'Год 
2023 год
Сравнение с 
План
Динамика электропотребления, млрд. кВт.ч. по ПАО Россети на 2023 год
0 0
119 119
37 37
7 7
7 7
8 8
1 1
19 19
75 75
25 25
123 123
55 55
0 0
120 120
39 39
39 39
8 8
8 8
1 1
20 20
78 78
26 26
121 121
60 60
План
Ожидаемое (прогноз по конца года)
Интер РАО (дляФСК)
Промышленныепотребители
Транспорт
Нефтедобыча
Нефтепереработка
Нефтепроводы
Газопроводы
Сельскоехозяйство ипищеваяпромышленность
Непромышленныепотребители
Государственные(муниципальные)организации ипрочиебюджетныепотребители
Население иприравненныегруппыпотребителей
Территориальныесетевыеорганизации
Выручка по ПАО Россети на 2023 год
5 5
319 319
81 81
16 16
16 16
20 20
2 2
56 56
215 215
67 67
218 218
239 239
6 6
331 331
82 82
77 77
20 20
20 20
3 3
57 57
220 220
68 68
214 214
258 258
План
Ожидаемое (прогноз по конца года)
Интер РАО (дляФСК)
Промышленныепотребители
Транспорт
Нефтедобыча
Нефтепереработка
Нефтепроводы
Газопроводы
Сельскоехозяйство ипищеваяпромышленность
Непромышленныепотребители
Государственные(муниципальные)организации ипрочиебюджетныепотребители
Население иприравненныегруппыпотребителей
Территориальныесетевыеорганизации
Отклонения по ПАО Россети на 2023 год
1.2% 1.2%
3.2% 3.2%
492.1% 492.1%
18.1% 18.1%
4.4% 4.4%
11.9% 11.9%
1.2% 1.2%
4.1% 4.1%
2.4% 2.4%
-1.4% -1.4%
9.7% 9.7%
⬤ Отклонение, %
Интер РАО (для ФСК)
Промышленные потребители
Транспорт
Нефтедобыча
Нефтепереработка
Нефтепроводы
Газопроводы
Сельское хозяйство и пищевая пр…
Непромышленные потребители
Государственные (муниципальные…
Население и приравненные групп…
Территориальные сетевые органи…
Выручка отклонения по ПАО Россети на 2023 год
15.6% 15.6%
3.8% 3.8%
1.2% 1.2%
398.2% 398.2%
26.9% 26.9%
-0.6% -0.6%
26.9% 26.9%
1.5% 1.5%
2.7% 2.7%
2.0% 2.0%
-2.0% -2.0%
7.9% 7.9%
⬤ Отклонение, %
Интер РАО (для ФСК)
Промышленные потребители
Транспорт
Нефтедобыча
Нефтепереработка
Нефтепроводы
Газопроводы
Сельское хозяйство и пищевая пр…
Непромышленные потребители
Государственные (муниципальные…
Население и приравненные групп…
Территориальные сетевые органи…
абс.
%
Прогноз на месяц 
Ноябрь
КПО/Отпуск из сети 
Котловой полезный отпуск, млн. кВт.ч
Организация 
Все
Прогноз электропотребления и выручки за услуги по передаче в разрезе отраслей'

22-11-2024T05:15:26 - [TEST_STEP][PASSED] - println("a5:" + a5): null

22-11-2024T05:15:26 - [TEST_STEP][PASSED] - a5 = a5.replaceAll("[^0-9]", ""): null

22-11-2024T05:15:26 - [TEST_STEP][PASSED] - println("a5:" + a5): null

22-11-2024T05:15:26 - [TEST_STEP][PASSED] - click(findTestObject("Прогноз по отраслям/Фильтр Сравнение с")): Object: 'Object Repository/Прогноз по отраслям/Фильтр Сравнение с' is clicked on

22-11-2024T05:15:26 - [MESSAGE][PASSED] - Object: 'Object Repository/Прогноз по отраслям/Фильтр Сравнение с' is clicked on

22-11-2024T05:15:26 - [TEST_STEP][PASSED] - click(findTestObject("Прогноз по отраслям/План СУ")): Object: 'Object Repository/Прогноз по отраслям/План СУ' is clicked on

22-11-2024T05:15:27 - [MESSAGE][PASSED] - Object: 'Object Repository/Прогноз по отраслям/План СУ' is clicked on

22-11-2024T05:15:27 - [TEST_STEP][PASSED] - delay(40): Delayed 40 second(s)

22-11-2024T05:16:07 - [MESSAGE][PASSED] - Delayed 40 second(s)

22-11-2024T05:16:07 - [TEST_STEP][PASSED] - a6 = getText(findTestObject("Прогноз по отраслям/Виджеты дашборда")): Text of object 'Object Repository/Прогноз по отраслям/Виджеты дашборда' is: 'Год 
2023 год
Сравнение с 
План/СУ
Динамика электропотребления, млрд. кВт.ч. по ПАО Россети на 2023 год
0 0
0 0
0 0
0 0
0 0
0 0
0 0
0 0
0 0
0 0
0 0
0 0
0 0
120 120
39 39
39 39
8 8
8 8
1 1
20 20
78 78
26 26
121 121
60 60
СУ
Ожидаемое (прогноз по конца года)
Интер РАО (дляФСК)
Промышленныепотребители
Транспорт
Нефтедобыча
Нефтепереработка
Нефтепроводы
Газопроводы
Сельскоехозяйство ипищеваяпромышленность
Непромышленныепотребители
Государственные(муниципальные)организации ипрочиебюджетныепотребители
Население иприравненныегруппыпотребителей
Территориальныесетевыеорганизации
Выручка по ПАО Россети на 2023 год
6 6
331 331
82 82
77 77
20 20
20 20
3 3
57 57
220 220
68 68
214 214
258 258
Ожидаемое (прогноз по конца года)
Интер РАО (дляФСК)
Промышленныепотребители
Транспорт
Нефтедобыча
Нефтепереработка
Нефтепроводы
Газопроводы
Сельскоехозяйство ипищеваяпромышленность
Непромышленныепотребители
Государственные(муниципальные)организации ипрочиебюджетныепотребители
Население иприравненныегруппыпотребителей
Территориальныесетевыеорганизации
Отклонения по ПАО Россети на 2023 год
⬤ Отклонение, %
Интер РАО (для ФСК)
Промышленные потребители
Транспорт
Нефтедобыча
Нефтепереработка
Нефтепроводы
Газопроводы
Сельское хозяйство и пищевая пр…
Непромышленные потребители
Государственные (муниципальные…
Население и приравненные групп…
Территориальные сетевые органи…
Выручка отклонения по ПАО Россети на 2023 год
⬤ Отклонение, %
Интер РАО (для ФСК)
Промышленные потребители
Транспорт
Нефтедобыча
Нефтепереработка
Нефтепроводы
Газопроводы
Сельское хозяйство и пищевая пр…
Непромышленные потребители
Государственные (муниципальные…
Население и приравненные групп…
Территориальные сетевые органи…
абс.
%
Прогноз на месяц 
Ноябрь
КПО/Отпуск из сети 
Котловой полезный отпуск, млн. кВт.ч
Организация 
Все
Прогноз электропотребления и выручки за услуги по передаче в разрезе отраслей'

22-11-2024T05:16:07 - [MESSAGE][PASSED] - Text of object 'Object Repository/Прогноз по отраслям/Виджеты дашборда' is: 'Год 
2023 год
Сравнение с 
План/СУ
Динамика электропотребления, млрд. кВт.ч. по ПАО Россети на 2023 год
0 0
0 0
0 0
0 0
0 0
0 0
0 0
0 0
0 0
0 0
0 0
0 0
0 0
120 120
39 39
39 39
8 8
8 8
1 1
20 20
78 78
26 26
121 121
60 60
СУ
Ожидаемое (прогноз по конца года)
Интер РАО (дляФСК)
Промышленныепотребители
Транспорт
Нефтедобыча
Нефтепереработка
Нефтепроводы
Газопроводы
Сельскоехозяйство ипищеваяпромышленность
Непромышленныепотребители
Государственные(муниципальные)организации ипрочиебюджетныепотребители
Население иприравненныегруппыпотребителей
Территориальныесетевыеорганизации
Выручка по ПАО Россети на 2023 год
6 6
331 331
82 82
77 77
20 20
20 20
3 3
57 57
220 220
68 68
214 214
258 258
Ожидаемое (прогноз по конца года)
Интер РАО (дляФСК)
Промышленныепотребители
Транспорт
Нефтедобыча
Нефтепереработка
Нефтепроводы
Газопроводы
Сельскоехозяйство ипищеваяпромышленность
Непромышленныепотребители
Государственные(муниципальные)организации ипрочиебюджетныепотребители
Население иприравненныегруппыпотребителей
Территориальныесетевыеорганизации
Отклонения по ПАО Россети на 2023 год
⬤ Отклонение, %
Интер РАО (для ФСК)
Промышленные потребители
Транспорт
Нефтедобыча
Нефтепереработка
Нефтепроводы
Газопроводы
Сельское хозяйство и пищевая пр…
Непромышленные потребители
Государственные (муниципальные…
Население и приравненные групп…
Территориальные сетевые органи…
Выручка отклонения по ПАО Россети на 2023 год
⬤ Отклонение, %
Интер РАО (для ФСК)
Промышленные потребители
Транспорт
Нефтедобыча
Нефтепереработка
Нефтепроводы
Газопроводы
Сельское хозяйство и пищевая пр…
Непромышленные потребители
Государственные (муниципальные…
Население и приравненные групп…
Территориальные сетевые органи…
абс.
%
Прогноз на месяц 
Ноябрь
КПО/Отпуск из сети 
Котловой полезный отпуск, млн. кВт.ч
Организация 
Все
Прогноз электропотребления и выручки за услуги по передаче в разрезе отраслей'

22-11-2024T05:16:07 - [TEST_STEP][PASSED] - a6 = a6.replaceAll("[^0-9]", ""): null

22-11-2024T05:16:07 - [TEST_STEP][PASSED] - println("a6:" + a6): null

22-11-2024T05:16:07 - [TEST_STEP][PASSED] - click(findTestObject("Прогноз по отраслям/Переключить отображение с процентов на абс Блок руководителя")): Object: 'Object Repository/Прогноз по отраслям/Переключить отображение с процентов на абс Блок руководителя' is clicked on

22-11-2024T05:16:08 - [MESSAGE][PASSED] - Object: 'Object Repository/Прогноз по отраслям/Переключить отображение с процентов на абс Блок руководителя' is clicked on

22-11-2024T05:16:08 - [TEST_STEP][PASSED] - click(findTestObject("Прогноз по отраслям/Фильтр Сравнение с")): Object: 'Object Repository/Прогноз по отраслям/Фильтр Сравнение с' is clicked on

22-11-2024T05:16:08 - [MESSAGE][PASSED] - Object: 'Object Repository/Прогноз по отраслям/Фильтр Сравнение с' is clicked on

22-11-2024T05:16:08 - [TEST_STEP][PASSED] - click(findTestObject("Прогноз по отраслям/Факт прошлого года")): Object: 'Object Repository/Прогноз по отраслям/Факт прошлого года' is clicked on

22-11-2024T05:16:09 - [MESSAGE][PASSED] - Object: 'Object Repository/Прогноз по отраслям/Факт прошлого года' is clicked on

22-11-2024T05:16:09 - [TEST_STEP][PASSED] - click(findTestObject("Прогноз по отраслям/Фильтр КПО-Отпуск")): Object: 'Object Repository/Прогноз по отраслям/Фильтр КПО-Отпуск' is clicked on

22-11-2024T05:16:11 - [MESSAGE][PASSED] - Object: 'Object Repository/Прогноз по отраслям/Фильтр КПО-Отпуск' is clicked on

22-11-2024T05:16:11 - [TEST_STEP][PASSED] - click(findTestObject("Прогноз по отраслям/Отпуск")): Object: 'Object Repository/Прогноз по отраслям/Отпуск' is clicked on

22-11-2024T05:16:12 - [MESSAGE][PASSED] - Object: 'Object Repository/Прогноз по отраслям/Отпуск' is clicked on

22-11-2024T05:16:12 - [TEST_STEP][PASSED] - delay(40): Delayed 40 second(s)

22-11-2024T05:16:52 - [MESSAGE][PASSED] - Delayed 40 second(s)

22-11-2024T05:16:52 - [TEST_STEP][PASSED] - a7 = getText(findTestObject("Прогноз по отраслям/Виджеты дашборда")): Text of object 'Object Repository/Прогноз по отраслям/Виджеты дашборда' is: 'Год 
2023 год
Сравнение с 
Факт прошлого года
Отклонения по ПАО Россети на 2023 год
-2 263.5 -2 263.5
11 054.6 11 054.6
1 280.2 1 280.2
-1 947.5 -1 947.5
90.9 90.9
-3 845.0 -3 845.0
4 162.1 4 162.1
651.7 651.7
-4 727.7 -4 727.7
256.5 256.5
-723.9 -723.9
4 292.3 4 292.3
⬤ Отклонение, млн. кВт.ч
Интер РАО (для ФСК)
Промышленные потребители
Транспорт
Нефтедобыча
Нефтепереработка
Нефтепроводы
Газопроводы
Сельское хозяйство и пищевая пр…
Непромышленные потребители
Государственные (муниципальные…
Население и приравненные групп…
Территориальные сетевые органи…
Выручка отклонения по ПАО Россети на 2023 год
421.3 421.3
45 574.9 45 574.9
9 547.5 9 547.5
4 889.3 4 889.3
2 337.4 2 337.4
-1 682.6 -1 682.6
2 919.4 2 919.4
7 110.2 7 110.2
19 840.8 19 840.8
7 289.5 7 289.5
23 664.8 23 664.8
31 028.3 31 028.3
⬤ Отклонение, млн. руб.
Интер РАО (для ФСК)
Промышленные потребители
Транспорт
Нефтедобыча
Нефтепереработка
Нефтепроводы
Газопроводы
Сельское хозяйство и пищевая пр…
Непромышленные потребители
Государственные (муниципальные…
Население и приравненные групп…
Территориальные сетевые органи…
Динамика электропотребления, млрд. кВт.ч. по ПАО Россети на 2023 год
12 12
186 186
36 36
50 50
10 10
19 19
0 0
17 17
85 85
19 19
82 82
604 604
10 10
197 197
37 37
48 48
10 10
15 15
4 4
18 18
80 80
19 19
82 82
608 608
Факт прошлого года
Ожидаемое (прогноз по конца года)
Интер РАО (дляФСК)
Промышленныепотребители
Транспорт
Нефтедобыча
Нефтепереработка
Нефтепроводы
Газопроводы
Сельскоехозяйство ипищеваяпромышленность
Непромышленныепотребители
Государственные(муниципальные)организации ипрочиебюджетныепотребители
Население иприравненныегруппыпотребителей
Территориальныесетевыеорганизации
Выручка по ПАО Россети на 2023 год
5 5
285 285
72 72
72 72
18 18
22 22
0 0
50 50
201 201
61 61
190 190
227 227
6 6
331 331
82 82
77 77
20 20
20 20
3 3
57 57
220 220
68 68
214 214
258 258
Факт прошлого года
Ожидаемое (прогноз по конца года)
Интер РАО (дляФСК)
Промышленныепотребители
Транспорт
Нефтедобыча
Нефтепереработка
Нефтепроводы
Газопроводы
Сельскоехозяйство ипищеваяпромышленность
Непромышленныепотребители
Государственные(муниципальные)организации ипрочиебюджетныепотребители
Население иприравненныегруппыпотребителей
Территориальныесетевыеорганизации
абс.
%
Прогноз на месяц 
Ноябрь
КПО/Отпуск из сети 
Отпуск из сети, млн. кВт.ч
Организация 
Все
Прогноз электропотребления и выручки за услуги по передаче в разрезе отраслей'

22-11-2024T05:16:53 - [MESSAGE][PASSED] - Text of object 'Object Repository/Прогноз по отраслям/Виджеты дашборда' is: 'Год 
2023 год
Сравнение с 
Факт прошлого года
Отклонения по ПАО Россети на 2023 год
-2 263.5 -2 263.5
11 054.6 11 054.6
1 280.2 1 280.2
-1 947.5 -1 947.5
90.9 90.9
-3 845.0 -3 845.0
4 162.1 4 162.1
651.7 651.7
-4 727.7 -4 727.7
256.5 256.5
-723.9 -723.9
4 292.3 4 292.3
⬤ Отклонение, млн. кВт.ч
Интер РАО (для ФСК)
Промышленные потребители
Транспорт
Нефтедобыча
Нефтепереработка
Нефтепроводы
Газопроводы
Сельское хозяйство и пищевая пр…
Непромышленные потребители
Государственные (муниципальные…
Население и приравненные групп…
Территориальные сетевые органи…
Выручка отклонения по ПАО Россети на 2023 год
421.3 421.3
45 574.9 45 574.9
9 547.5 9 547.5
4 889.3 4 889.3
2 337.4 2 337.4
-1 682.6 -1 682.6
2 919.4 2 919.4
7 110.2 7 110.2
19 840.8 19 840.8
7 289.5 7 289.5
23 664.8 23 664.8
31 028.3 31 028.3
⬤ Отклонение, млн. руб.
Интер РАО (для ФСК)
Промышленные потребители
Транспорт
Нефтедобыча
Нефтепереработка
Нефтепроводы
Газопроводы
Сельское хозяйство и пищевая пр…
Непромышленные потребители
Государственные (муниципальные…
Население и приравненные групп…
Территориальные сетевые органи…
Динамика электропотребления, млрд. кВт.ч. по ПАО Россети на 2023 год
12 12
186 186
36 36
50 50
10 10
19 19
0 0
17 17
85 85
19 19
82 82
604 604
10 10
197 197
37 37
48 48
10 10
15 15
4 4
18 18
80 80
19 19
82 82
608 608
Факт прошлого года
Ожидаемое (прогноз по конца года)
Интер РАО (дляФСК)
Промышленныепотребители
Транспорт
Нефтедобыча
Нефтепереработка
Нефтепроводы
Газопроводы
Сельскоехозяйство ипищеваяпромышленность
Непромышленныепотребители
Государственные(муниципальные)организации ипрочиебюджетныепотребители
Население иприравненныегруппыпотребителей
Территориальныесетевыеорганизации
Выручка по ПАО Россети на 2023 год
5 5
285 285
72 72
72 72
18 18
22 22
0 0
50 50
201 201
61 61
190 190
227 227
6 6
331 331
82 82
77 77
20 20
20 20
3 3
57 57
220 220
68 68
214 214
258 258
Факт прошлого года
Ожидаемое (прогноз по конца года)
Интер РАО (дляФСК)
Промышленныепотребители
Транспорт
Нефтедобыча
Нефтепереработка
Нефтепроводы
Газопроводы
Сельскоехозяйство ипищеваяпромышленность
Непромышленныепотребители
Государственные(муниципальные)организации ипрочиебюджетныепотребители
Население иприравненныегруппыпотребителей
Территориальныесетевыеорганизации
абс.
%
Прогноз на месяц 
Ноябрь
КПО/Отпуск из сети 
Отпуск из сети, млн. кВт.ч
Организация 
Все
Прогноз электропотребления и выручки за услуги по передаче в разрезе отраслей'

22-11-2024T05:16:53 - [TEST_STEP][PASSED] - a7 = a7.replaceAll("[^0-9]", ""): null

22-11-2024T05:16:53 - [TEST_STEP][PASSED] - println("a7:" + a7): null

22-11-2024T05:16:53 - [TEST_STEP][PASSED] - click(findTestObject("Прогноз по отраслям/Фильтр Сравнение с")): Object: 'Object Repository/Прогноз по отраслям/Фильтр Сравнение с' is clicked on

22-11-2024T05:16:53 - [MESSAGE][PASSED] - Object: 'Object Repository/Прогноз по отраслям/Фильтр Сравнение с' is clicked on

22-11-2024T05:16:53 - [TEST_STEP][PASSED] - click(findTestObject("Прогноз по отраслям/План")): Object: 'Object Repository/Прогноз по отраслям/План' is clicked on

22-11-2024T05:16:54 - [MESSAGE][PASSED] - Object: 'Object Repository/Прогноз по отраслям/План' is clicked on

22-11-2024T05:16:54 - [TEST_STEP][PASSED] - delay(40): Delayed 40 second(s)

22-11-2024T05:17:34 - [MESSAGE][PASSED] - Delayed 40 second(s)

22-11-2024T05:17:34 - [TEST_STEP][PASSED] - a8 = getText(findTestObject("Прогноз по отраслям/Виджеты дашборда")): Text of object 'Object Repository/Прогноз по отраслям/Виджеты дашборда' is: 'Год 
2023 год
Сравнение с 
План
Отклонения по ПАО Россети на 2023 год
-492.2 -492.2
7 165.1 7 165.1
689.3 689.3
33 271.7 33 271.7
986.4 986.4
593.8 593.8
764.0 764.0
670.4 670.4
-592.4 -592.4
308.8 308.8
-940.9 -940.9
19 604.1 19 604.1
⬤ Отклонение, млн. кВт.ч
Интер РАО (для ФСК)
Промышленные потребители
Транспорт
Нефтедобыча
Нефтепереработка
Нефтепроводы
Газопроводы
Сельское хозяйство и пищевая пр…
Непромышленные потребители
Государственные (муниципальные…
Население и приравненные групп…
Территориальные сетевые органи…
Выручка отклонения по ПАО Россети на 2023 год
794.9 794.9
12 195.0 12 195.0
972.7 972.7
61 803.9 61 803.9
4 222.3 4 222.3
-121.8 -121.8
666.2 666.2
873.2 873.2
5 809.6 5 809.6
1 342.6 1 342.6
-4 463.2 -4 463.2
18 375.5 18 375.5
⬤ Отклонение, млн. руб.
Интер РАО (для ФСК)
Промышленные потребители
Транспорт
Нефтедобыча
Нефтепереработка
Нефтепроводы
Газопроводы
Сельское хозяйство и пищевая пр…
Непромышленные потребители
Государственные (муниципальные…
Население и приравненные групп…
Территориальные сетевые органи…
Динамика электропотребления, млрд. кВт.ч. по ПАО Россети на 2023 год
10 10
190 190
36 36
14 14
9 9
14 14
4 4
17 17
80 80
19 19
82 82
588 588
10 10
197 197
37 37
48 48
10 10
15 15
4 4
18 18
80 80
19 19
82 82
608 608
План
Ожидаемое (прогноз по конца года)
Интер РАО (дляФСК)
Промышленныепотребители
Транспорт
Нефтедобыча
Нефтепереработка
Нефтепроводы
Газопроводы
Сельскоехозяйство ипищеваяпромышленность
Непромышленныепотребители
Государственные(муниципальные)организации ипрочиебюджетныепотребители
Население иприравненныегруппыпотребителей
Территориальныесетевыеорганизации
Выручка по ПАО Россети на 2023 год
5 5
319 319
81 81
16 16
16 16
20 20
2 2
56 56
215 215
67 67
218 218
239 239
6 6
331 331
82 82
77 77
20 20
20 20
3 3
57 57
220 220
68 68
214 214
258 258
План
Ожидаемое (прогноз по конца года)
Интер РАО (дляФСК)
Промышленныепотребители
Транспорт
Нефтедобыча
Нефтепереработка
Нефтепроводы
Газопроводы
Сельскоехозяйство ипищеваяпромышленность
Непромышленныепотребители
Государственные(муниципальные)организации ипрочиебюджетныепотребители
Население иприравненныегруппыпотребителей
Территориальныесетевыеорганизации
абс.
%
Прогноз на месяц 
Ноябрь
КПО/Отпуск из сети 
Отпуск из сети, млн. кВт.ч
Организация 
Все
Прогноз электропотребления и выручки за услуги по передаче в разрезе отраслей'

22-11-2024T05:17:34 - [MESSAGE][PASSED] - Text of object 'Object Repository/Прогноз по отраслям/Виджеты дашборда' is: 'Год 
2023 год
Сравнение с 
План
Отклонения по ПАО Россети на 2023 год
-492.2 -492.2
7 165.1 7 165.1
689.3 689.3
33 271.7 33 271.7
986.4 986.4
593.8 593.8
764.0 764.0
670.4 670.4
-592.4 -592.4
308.8 308.8
-940.9 -940.9
19 604.1 19 604.1
⬤ Отклонение, млн. кВт.ч
Интер РАО (для ФСК)
Промышленные потребители
Транспорт
Нефтедобыча
Нефтепереработка
Нефтепроводы
Газопроводы
Сельское хозяйство и пищевая пр…
Непромышленные потребители
Государственные (муниципальные…
Население и приравненные групп…
Территориальные сетевые органи…
Выручка отклонения по ПАО Россети на 2023 год
794.9 794.9
12 195.0 12 195.0
972.7 972.7
61 803.9 61 803.9
4 222.3 4 222.3
-121.8 -121.8
666.2 666.2
873.2 873.2
5 809.6 5 809.6
1 342.6 1 342.6
-4 463.2 -4 463.2
18 375.5 18 375.5
⬤ Отклонение, млн. руб.
Интер РАО (для ФСК)
Промышленные потребители
Транспорт
Нефтедобыча
Нефтепереработка
Нефтепроводы
Газопроводы
Сельское хозяйство и пищевая пр…
Непромышленные потребители
Государственные (муниципальные…
Население и приравненные групп…
Территориальные сетевые органи…
Динамика электропотребления, млрд. кВт.ч. по ПАО Россети на 2023 год
10 10
190 190
36 36
14 14
9 9
14 14
4 4
17 17
80 80
19 19
82 82
588 588
10 10
197 197
37 37
48 48
10 10
15 15
4 4
18 18
80 80
19 19
82 82
608 608
План
Ожидаемое (прогноз по конца года)
Интер РАО (дляФСК)
Промышленныепотребители
Транспорт
Нефтедобыча
Нефтепереработка
Нефтепроводы
Газопроводы
Сельскоехозяйство ипищеваяпромышленность
Непромышленныепотребители
Государственные(муниципальные)организации ипрочиебюджетныепотребители
Население иприравненныегруппыпотребителей
Территориальныесетевыеорганизации
Выручка по ПАО Россети на 2023 год
5 5
319 319
81 81
16 16
16 16
20 20
2 2
56 56
215 215
67 67
218 218
239 239
6 6
331 331
82 82
77 77
20 20
20 20
3 3
57 57
220 220
68 68
214 214
258 258
План
Ожидаемое (прогноз по конца года)
Интер РАО (дляФСК)
Промышленныепотребители
Транспорт
Нефтедобыча
Нефтепереработка
Нефтепроводы
Газопроводы
Сельскоехозяйство ипищеваяпромышленность
Непромышленныепотребители
Государственные(муниципальные)организации ипрочиебюджетныепотребители
Население иприравненныегруппыпотребителей
Территориальныесетевыеорганизации
абс.
%
Прогноз на месяц 
Ноябрь
КПО/Отпуск из сети 
Отпуск из сети, млн. кВт.ч
Организация 
Все
Прогноз электропотребления и выручки за услуги по передаче в разрезе отраслей'

22-11-2024T05:17:34 - [TEST_STEP][PASSED] - a8 = a8.replaceAll("[^0-9]", ""): null

22-11-2024T05:17:34 - [TEST_STEP][PASSED] - println("a8:" + a8): null

22-11-2024T05:17:34 - [TEST_STEP][PASSED] - click(findTestObject("Прогноз по отраслям/Фильтр Сравнение с")): Object: 'Object Repository/Прогноз по отраслям/Фильтр Сравнение с' is clicked on

22-11-2024T05:17:35 - [MESSAGE][PASSED] - Object: 'Object Repository/Прогноз по отраслям/Фильтр Сравнение с' is clicked on

22-11-2024T05:17:35 - [TEST_STEP][PASSED] - click(findTestObject("Прогноз по отраслям/План СУ")): Object: 'Object Repository/Прогноз по отраслям/План СУ' is clicked on

22-11-2024T05:17:36 - [MESSAGE][PASSED] - Object: 'Object Repository/Прогноз по отраслям/План СУ' is clicked on

22-11-2024T05:17:36 - [TEST_STEP][PASSED] - delay(40): Delayed 40 second(s)

22-11-2024T05:18:16 - [MESSAGE][PASSED] - Delayed 40 second(s)

22-11-2024T05:18:16 - [TEST_STEP][PASSED] - a9 = getText(findTestObject("Прогноз по отраслям/Виджеты дашборда")): Text of object 'Object Repository/Прогноз по отраслям/Виджеты дашборда' is: 'Год 
2023 год
Сравнение с 
План/СУ
Отклонения по ПАО Россети на 2023 год
243.5 243.5
11 013.5 11 013.5
674.8 674.8
32 765.3 32 765.3
1 049.4 1 049.4
271.8 271.8
495.2 495.2
588.7 588.7
-7 607.7 -7 607.7
31.9 31.9
-1 318.1 -1 318.1
10 906.5 10 906.5
⬤ Отклонение, млн. кВт.ч
Интер РАО (для ФСК)
Промышленные потребители
Транспорт
Нефтедобыча
Нефтепереработка
Нефтепроводы
Газопроводы
Сельское хозяйство и пищевая пр…
Непромышленные потребители
Государственные (муниципальные…
Население и приравненные групп…
Территориальные сетевые органи…
Выручка отклонения по ПАО Россети на 2023 год
⬤ Отклонение, млн. руб.
Интер РАО (для ФСК)
Промышленные потребители
Транспорт
Нефтедобыча
Нефтепереработка
Нефтепроводы
Газопроводы
Сельское хозяйство и пищевая пр…
Непромышленные потребители
Государственные (муниципальные…
Население и приравненные групп…
Территориальные сетевые органи…
Динамика электропотребления, млрд. кВт.ч. по ПАО Россети на 2023 год
10 10
186 186
36 36
15 15
9 9
14 14
4 4
17 17
88 88
19 19
83 83
597 597
10 10
197 197
37 37
48 48
10 10
15 15
4 4
18 18
80 80
19 19
82 82
608 608
СУ
Ожидаемое (прогноз по конца года)
Интер РАО (дляФСК)
Промышленныепотребители
Транспорт
Нефтедобыча
Нефтепереработка
Нефтепроводы
Газопроводы
Сельскоехозяйство ипищеваяпромышленность
Непромышленныепотребители
Государственные(муниципальные)организации ипрочиебюджетныепотребители
Население иприравненныегруппыпотребителей
Территориальныесетевыеорганизации
Выручка по ПАО Россети на 2023 год
6 6
331 331
82 82
77 77
20 20
20 20
3 3
57 57
220 220
68 68
214 214
258 258
Ожидаемое (прогноз по конца года)
Интер РАО (дляФСК)
Промышленныепотребители
Транспорт
Нефтедобыча
Нефтепереработка
Нефтепроводы
Газопроводы
Сельскоехозяйство ипищеваяпромышленность
Непромышленныепотребители
Государственные(муниципальные)организации ипрочиебюджетныепотребители
Население иприравненныегруппыпотребителей
Территориальныесетевыеорганизации
абс.
%
Прогноз на месяц 
Ноябрь
КПО/Отпуск из сети 
Отпуск из сети, млн. кВт.ч
Организация 
Все
Прогноз электропотребления и выручки за услуги по передаче в разрезе отраслей'

22-11-2024T05:18:46 - [MESSAGE][PASSED] - Text of object 'Object Repository/Прогноз по отраслям/Виджеты дашборда' is: 'Год 
2023 год
Сравнение с 
План/СУ
Отклонения по ПАО Россети на 2023 год
243.5 243.5
11 013.5 11 013.5
674.8 674.8
32 765.3 32 765.3
1 049.4 1 049.4
271.8 271.8
495.2 495.2
588.7 588.7
-7 607.7 -7 607.7
31.9 31.9
-1 318.1 -1 318.1
10 906.5 10 906.5
⬤ Отклонение, млн. кВт.ч
Интер РАО (для ФСК)
Промышленные потребители
Транспорт
Нефтедобыча
Нефтепереработка
Нефтепроводы
Газопроводы
Сельское хозяйство и пищевая пр…
Непромышленные потребители
Государственные (муниципальные…
Население и приравненные групп…
Территориальные сетевые органи…
Выручка отклонения по ПАО Россети на 2023 год
⬤ Отклонение, млн. руб.
Интер РАО (для ФСК)
Промышленные потребители
Транспорт
Нефтедобыча
Нефтепереработка
Нефтепроводы
Газопроводы
Сельское хозяйство и пищевая пр…
Непромышленные потребители
Государственные (муниципальные…
Население и приравненные групп…
Территориальные сетевые органи…
Динамика электропотребления, млрд. кВт.ч. по ПАО Россети на 2023 год
10 10
186 186
36 36
15 15
9 9
14 14
4 4
17 17
88 88
19 19
83 83
597 597
10 10
197 197
37 37
48 48
10 10
15 15
4 4
18 18
80 80
19 19
82 82
608 608
СУ
Ожидаемое (прогноз по конца года)
Интер РАО (дляФСК)
Промышленныепотребители
Транспорт
Нефтедобыча
Нефтепереработка
Нефтепроводы
Газопроводы
Сельскоехозяйство ипищеваяпромышленность
Непромышленныепотребители
Государственные(муниципальные)организации ипрочиебюджетныепотребители
Население иприравненныегруппыпотребителей
Территориальныесетевыеорганизации
Выручка по ПАО Россети на 2023 год
6 6
331 331
82 82
77 77
20 20
20 20
3 3
57 57
220 220
68 68
214 214
258 258
Ожидаемое (прогноз по конца года)
Интер РАО (дляФСК)
Промышленныепотребители
Транспорт
Нефтедобыча
Нефтепереработка
Нефтепроводы
Газопроводы
Сельскоехозяйство ипищеваяпромышленность
Непромышленныепотребители
Государственные(муниципальные)организации ипрочиебюджетныепотребители
Население иприравненныегруппыпотребителей
Территориальныесетевыеорганизации
абс.
%
Прогноз на месяц 
Ноябрь
КПО/Отпуск из сети 
Отпуск из сети, млн. кВт.ч
Организация 
Все
Прогноз электропотребления и выручки за услуги по передаче в разрезе отраслей'

22-11-2024T05:18:46 - [TEST_STEP][PASSED] - a9 = a9.replaceAll("[^0-9]", ""): null

22-11-2024T05:18:46 - [TEST_STEP][PASSED] - println("a9:" + a9): null

22-11-2024T05:18:46 - [TEST_STEP][PASSED] - click(findTestObject("Прогноз по отраслям/Фильтр Сравнение с")): Object: 'Object Repository/Прогноз по отраслям/Фильтр Сравнение с' is clicked on

22-11-2024T05:19:16 - [MESSAGE][PASSED] - Object: 'Object Repository/Прогноз по отраслям/Фильтр Сравнение с' is clicked on

22-11-2024T05:19:16 - [TEST_STEP][PASSED] - click(findTestObject("Прогноз по отраслям/Факт прошлого года")): Object: 'Object Repository/Прогноз по отраслям/Факт прошлого года' is clicked on

22-11-2024T05:19:47 - [MESSAGE][PASSED] - Object: 'Object Repository/Прогноз по отраслям/Факт прошлого года' is clicked on

22-11-2024T05:19:47 - [TEST_STEP][PASSED] - click(findTestObject("Прогноз по отраслям/Фильтр КПО-Отпуск")): Object: 'Object Repository/Прогноз по отраслям/Фильтр КПО-Отпуск' is clicked on

22-11-2024T05:19:50 - [MESSAGE][PASSED] - Object: 'Object Repository/Прогноз по отраслям/Фильтр КПО-Отпуск' is clicked on

22-11-2024T05:19:50 - [TEST_STEP][PASSED] - click(findTestObject("Прогноз по отраслям/КПО")): Object: 'Object Repository/Прогноз по отраслям/КПО' is clicked on

22-11-2024T05:19:51 - [MESSAGE][PASSED] - Object: 'Object Repository/Прогноз по отраслям/КПО' is clicked on

22-11-2024T05:19:51 - [TEST_STEP][PASSED] - delay(40): Delayed 40 second(s)

22-11-2024T05:20:31 - [MESSAGE][PASSED] - Delayed 40 second(s)

22-11-2024T05:20:31 - [TEST_STEP][PASSED] - a10 = getText(findTestObject("Прогноз по отраслям/Виджеты дашборда")): Text of object 'Object Repository/Прогноз по отраслям/Виджеты дашборда' is: 'Год 
2023 год
Сравнение с 
Факт прошлого года
Отклонения по ПАО Россети на 2023 год
0.0 0.0
646.5 646.5
341.1 341.1
-2 455.6 -2 455.6
245.6 245.6
-1 796.0 -1 796.0
676.2 676.2
452.4 452.4
1 386.2 1 386.2
527.5 527.5
-1 130.4 -1 130.4
-128.7 -128.7
⬤ Отклонение, млн. кВт.ч
Интер РАО (для ФСК)
Промышленные потребители
Транспорт
Нефтедобыча
Нефтепереработка
Нефтепроводы
Газопроводы
Сельское хозяйство и пищевая пр…
Непромышленные потребители
Государственные (муниципальные…
Население и приравненные групп…
Территориальные сетевые органи…
Выручка отклонения по ПАО Россети на 2023 год
421.3 421.3
45 574.9 45 574.9
9 547.5 9 547.5
4 889.3 4 889.3
2 337.4 2 337.4
-1 682.6 -1 682.6
2 919.4 2 919.4
7 110.2 7 110.2
19 840.8 19 840.8
7 289.5 7 289.5
23 664.8 23 664.8
31 028.3 31 028.3
⬤ Отклонение, млн. руб.
Интер РАО (для ФСК)
Промышленные потребители
Транспорт
Нефтедобыча
Нефтепереработка
Нефтепроводы
Газопроводы
Сельское хозяйство и пищевая пр…
Непромышленные потребители
Государственные (муниципальные…
Население и приравненные групп…
Территориальные сетевые органи…
Динамика электропотребления, млрд. кВт.ч. по ПАО Россети на 2023 год
0 0
120 120
38 38
41 41
8 8
10 10
0 0
19 19
77 77
25 25
122 122
61 61
0 0
120 120
39 39
39 39
8 8
8 8
1 1
20 20
78 78
26 26
121 121
60 60
Факт прошлого года
Ожидаемое (прогноз по конца года)
Интер РАО (дляФСК)
Промышленныепотребители
Транспорт
Нефтедобыча
Нефтепереработка
Нефтепроводы
Газопроводы
Сельскоехозяйство ипищеваяпромышленность
Непромышленныепотребители
Государственные(муниципальные)организации ипрочиебюджетныепотребители
Население иприравненныегруппыпотребителей
Территориальныесетевыеорганизации
Выручка по ПАО Россети на 2023 год
5 5
285 285
72 72
72 72
18 18
22 22
0 0
50 50
201 201
61 61
190 190
227 227
6 6
331 331
82 82
77 77
20 20
20 20
3 3
57 57
220 220
68 68
214 214
258 258
Факт прошлого года
Ожидаемое (прогноз по конца года)
Интер РАО (дляФСК)
Промышленныепотребители
Транспорт
Нефтедобыча
Нефтепереработка
Нефтепроводы
Газопроводы
Сельскоехозяйство ипищеваяпромышленность
Непромышленныепотребители
Государственные(муниципальные)организации ипрочиебюджетныепотребители
Население иприравненныегруппыпотребителей
Территориальныесетевыеорганизации
абс.
%
Прогноз на месяц 
Ноябрь
КПО/Отпуск из сети 
Котловой полезный отпуск, млн. кВт.ч
Организация 
Все
Прогноз электропотребления и выручки за услуги по передаче в разрезе отраслей'

22-11-2024T05:20:32 - [MESSAGE][PASSED] - Text of object 'Object Repository/Прогноз по отраслям/Виджеты дашборда' is: 'Год 
2023 год
Сравнение с 
Факт прошлого года
Отклонения по ПАО Россети на 2023 год
0.0 0.0
646.5 646.5
341.1 341.1
-2 455.6 -2 455.6
245.6 245.6
-1 796.0 -1 796.0
676.2 676.2
452.4 452.4
1 386.2 1 386.2
527.5 527.5
-1 130.4 -1 130.4
-128.7 -128.7
⬤ Отклонение, млн. кВт.ч
Интер РАО (для ФСК)
Промышленные потребители
Транспорт
Нефтедобыча
Нефтепереработка
Нефтепроводы
Газопроводы
Сельское хозяйство и пищевая пр…
Непромышленные потребители
Государственные (муниципальные…
Население и приравненные групп…
Территориальные сетевые органи…
Выручка отклонения по ПАО Россети на 2023 год
421.3 421.3
45 574.9 45 574.9
9 547.5 9 547.5
4 889.3 4 889.3
2 337.4 2 337.4
-1 682.6 -1 682.6
2 919.4 2 919.4
7 110.2 7 110.2
19 840.8 19 840.8
7 289.5 7 289.5
23 664.8 23 664.8
31 028.3 31 028.3
⬤ Отклонение, млн. руб.
Интер РАО (для ФСК)
Промышленные потребители
Транспорт
Нефтедобыча
Нефтепереработка
Нефтепроводы
Газопроводы
Сельское хозяйство и пищевая пр…
Непромышленные потребители
Государственные (муниципальные…
Население и приравненные групп…
Территориальные сетевые органи…
Динамика электропотребления, млрд. кВт.ч. по ПАО Россети на 2023 год
0 0
120 120
38 38
41 41
8 8
10 10
0 0
19 19
77 77
25 25
122 122
61 61
0 0
120 120
39 39
39 39
8 8
8 8
1 1
20 20
78 78
26 26
121 121
60 60
Факт прошлого года
Ожидаемое (прогноз по конца года)
Интер РАО (дляФСК)
Промышленныепотребители
Транспорт
Нефтедобыча
Нефтепереработка
Нефтепроводы
Газопроводы
Сельскоехозяйство ипищеваяпромышленность
Непромышленныепотребители
Государственные(муниципальные)организации ипрочиебюджетныепотребители
Население иприравненныегруппыпотребителей
Территориальныесетевыеорганизации
Выручка по ПАО Россети на 2023 год
5 5
285 285
72 72
72 72
18 18
22 22
0 0
50 50
201 201
61 61
190 190
227 227
6 6
331 331
82 82
77 77
20 20
20 20
3 3
57 57
220 220
68 68
214 214
258 258
Факт прошлого года
Ожидаемое (прогноз по конца года)
Интер РАО (дляФСК)
Промышленныепотребители
Транспорт
Нефтедобыча
Нефтепереработка
Нефтепроводы
Газопроводы
Сельскоехозяйство ипищеваяпромышленность
Непромышленныепотребители
Государственные(муниципальные)организации ипрочиебюджетныепотребители
Население иприравненныегруппыпотребителей
Территориальныесетевыеорганизации
абс.
%
Прогноз на месяц 
Ноябрь
КПО/Отпуск из сети 
Котловой полезный отпуск, млн. кВт.ч
Организация 
Все
Прогноз электропотребления и выручки за услуги по передаче в разрезе отраслей'

22-11-2024T05:20:32 - [TEST_STEP][PASSED] - a10 = a10.replaceAll("[^0-9]", ""): null

22-11-2024T05:20:32 - [TEST_STEP][PASSED] - println("a10:" + a10): null

22-11-2024T05:20:32 - [TEST_STEP][PASSED] - click(findTestObject("Прогноз по отраслям/Фильтр Сравнение с")): Object: 'Object Repository/Прогноз по отраслям/Фильтр Сравнение с' is clicked on

22-11-2024T05:20:32 - [MESSAGE][PASSED] - Object: 'Object Repository/Прогноз по отраслям/Фильтр Сравнение с' is clicked on

22-11-2024T05:20:32 - [TEST_STEP][PASSED] - click(findTestObject("Прогноз по отраслям/План")): Object: 'Object Repository/Прогноз по отраслям/План' is clicked on

22-11-2024T05:20:33 - [MESSAGE][PASSED] - Object: 'Object Repository/Прогноз по отраслям/План' is clicked on

22-11-2024T05:20:33 - [TEST_STEP][PASSED] - delay(40): Delayed 40 second(s)

22-11-2024T05:21:13 - [MESSAGE][PASSED] - Delayed 40 second(s)

22-11-2024T05:21:13 - [TEST_STEP][PASSED] - a11 = getText(findTestObject("Прогноз по отраслям/Виджеты дашборда")): Text of object 'Object Repository/Прогноз по отраслям/Виджеты дашборда' is: 'Год 
2023 год
Сравнение с 
План
Отклонения по ПАО Россети на 2023 год
0.0 0.0
1 471.7 1 471.7
1 186.5 1 186.5
32 445.2 32 445.2
1 268.3 1 268.3
349.4 349.4
84.3 84.3
239.8 239.8
2 969.4 2 969.4
589.2 589.2
-1 798.4 -1 798.4
5 359.3 5 359.3
⬤ Отклонение, млн. кВт.ч
Интер РАО (для ФСК)
Промышленные потребители
Транспорт
Нефтедобыча
Нефтепереработка
Нефтепроводы
Газопроводы
Сельское хозяйство и пищевая пр…
Непромышленные потребители
Государственные (муниципальные…
Население и приравненные групп…
Территориальные сетевые органи…
Выручка отклонения по ПАО Россети на 2023 год
794.9 794.9
12 195.0 12 195.0
972.7 972.7
61 803.9 61 803.9
4 222.3 4 222.3
-121.8 -121.8
666.2 666.2
873.2 873.2
5 809.6 5 809.6
1 342.6 1 342.6
-4 463.2 -4 463.2
18 375.5 18 375.5
⬤ Отклонение, млн. руб.
Интер РАО (для ФСК)
Промышленные потребители
Транспорт
Нефтедобыча
Нефтепереработка
Нефтепроводы
Газопроводы
Сельское хозяйство и пищевая пр…
Непромышленные потребители
Государственные (муниципальные…
Население и приравненные групп…
Территориальные сетевые органи…
Динамика электропотребления, млрд. кВт.ч. по ПАО Россети на 2023 год
0 0
119 119
37 37
7 7
7 7
8 8
1 1
19 19
75 75
25 25
123 123
55 55
0 0
120 120
39 39
39 39
8 8
8 8
1 1
20 20
78 78
26 26
121 121
60 60
План
Ожидаемое (прогноз по конца года)
Интер РАО (дляФСК)
Промышленныепотребители
Транспорт
Нефтедобыча
Нефтепереработка
Нефтепроводы
Газопроводы
Сельскоехозяйство ипищеваяпромышленность
Непромышленныепотребители
Государственные(муниципальные)организации ипрочиебюджетныепотребители
Население иприравненныегруппыпотребителей
Территориальныесетевыеорганизации
Выручка по ПАО Россети на 2023 год
5 5
319 319
81 81
16 16
16 16
20 20
2 2
56 56
215 215
67 67
218 218
239 239
6 6
331 331
82 82
77 77
20 20
20 20
3 3
57 57
220 220
68 68
214 214
258 258
План
Ожидаемое (прогноз по конца года)
Интер РАО (дляФСК)
Промышленныепотребители
Транспорт
Нефтедобыча
Нефтепереработка
Нефтепроводы
Газопроводы
Сельскоехозяйство ипищеваяпромышленность
Непромышленныепотребители
Государственные(муниципальные)организации ипрочиебюджетныепотребители
Население иприравненныегруппыпотребителей
Территориальныесетевыеорганизации
абс.
%
Прогноз на месяц 
Ноябрь
КПО/Отпуск из сети 
Котловой полезный отпуск, млн. кВт.ч
Организация 
Все
Прогноз электропотребления и выручки за услуги по передаче в разрезе отраслей'

22-11-2024T05:21:14 - [MESSAGE][PASSED] - Text of object 'Object Repository/Прогноз по отраслям/Виджеты дашборда' is: 'Год 
2023 год
Сравнение с 
План
Отклонения по ПАО Россети на 2023 год
0.0 0.0
1 471.7 1 471.7
1 186.5 1 186.5
32 445.2 32 445.2
1 268.3 1 268.3
349.4 349.4
84.3 84.3
239.8 239.8
2 969.4 2 969.4
589.2 589.2
-1 798.4 -1 798.4
5 359.3 5 359.3
⬤ Отклонение, млн. кВт.ч
Интер РАО (для ФСК)
Промышленные потребители
Транспорт
Нефтедобыча
Нефтепереработка
Нефтепроводы
Газопроводы
Сельское хозяйство и пищевая пр…
Непромышленные потребители
Государственные (муниципальные…
Население и приравненные групп…
Территориальные сетевые органи…
Выручка отклонения по ПАО Россети на 2023 год
794.9 794.9
12 195.0 12 195.0
972.7 972.7
61 803.9 61 803.9
4 222.3 4 222.3
-121.8 -121.8
666.2 666.2
873.2 873.2
5 809.6 5 809.6
1 342.6 1 342.6
-4 463.2 -4 463.2
18 375.5 18 375.5
⬤ Отклонение, млн. руб.
Интер РАО (для ФСК)
Промышленные потребители
Транспорт
Нефтедобыча
Нефтепереработка
Нефтепроводы
Газопроводы
Сельское хозяйство и пищевая пр…
Непромышленные потребители
Государственные (муниципальные…
Население и приравненные групп…
Территориальные сетевые органи…
Динамика электропотребления, млрд. кВт.ч. по ПАО Россети на 2023 год
0 0
119 119
37 37
7 7
7 7
8 8
1 1
19 19
75 75
25 25
123 123
55 55
0 0
120 120
39 39
39 39
8 8
8 8
1 1
20 20
78 78
26 26
121 121
60 60
План
Ожидаемое (прогноз по конца года)
Интер РАО (дляФСК)
Промышленныепотребители
Транспорт
Нефтедобыча
Нефтепереработка
Нефтепроводы
Газопроводы
Сельскоехозяйство ипищеваяпромышленность
Непромышленныепотребители
Государственные(муниципальные)организации ипрочиебюджетныепотребители
Население иприравненныегруппыпотребителей
Территориальныесетевыеорганизации
Выручка по ПАО Россети на 2023 год
5 5
319 319
81 81
16 16
16 16
20 20
2 2
56 56
215 215
67 67
218 218
239 239
6 6
331 331
82 82
77 77
20 20
20 20
3 3
57 57
220 220
68 68
214 214
258 258
План
Ожидаемое (прогноз по конца года)
Интер РАО (дляФСК)
Промышленныепотребители
Транспорт
Нефтедобыча
Нефтепереработка
Нефтепроводы
Газопроводы
Сельскоехозяйство ипищеваяпромышленность
Непромышленныепотребители
Государственные(муниципальные)организации ипрочиебюджетныепотребители
Население иприравненныегруппыпотребителей
Территориальныесетевыеорганизации
абс.
%
Прогноз на месяц 
Ноябрь
КПО/Отпуск из сети 
Котловой полезный отпуск, млн. кВт.ч
Организация 
Все
Прогноз электропотребления и выручки за услуги по передаче в разрезе отраслей'

22-11-2024T05:21:14 - [TEST_STEP][PASSED] - println("a11:" + a11): null

22-11-2024T05:21:14 - [TEST_STEP][PASSED] - a11 = a11.replaceAll("[^0-9]", ""): null

22-11-2024T05:21:14 - [TEST_STEP][PASSED] - println("a11:" + a11): null

22-11-2024T05:21:14 - [TEST_STEP][PASSED] - click(findTestObject("Прогноз по отраслям/Фильтр Сравнение с")): Object: 'Object Repository/Прогноз по отраслям/Фильтр Сравнение с' is clicked on

22-11-2024T05:21:14 - [MESSAGE][PASSED] - Object: 'Object Repository/Прогноз по отраслям/Фильтр Сравнение с' is clicked on

22-11-2024T05:21:14 - [TEST_STEP][PASSED] - click(findTestObject("Прогноз по отраслям/План СУ")): Object: 'Object Repository/Прогноз по отраслям/План СУ' is clicked on

22-11-2024T05:21:15 - [MESSAGE][PASSED] - Object: 'Object Repository/Прогноз по отраслям/План СУ' is clicked on

22-11-2024T05:21:15 - [TEST_STEP][PASSED] - delay(40): Delayed 40 second(s)

22-11-2024T05:21:55 - [MESSAGE][PASSED] - Delayed 40 second(s)

22-11-2024T05:21:55 - [TEST_STEP][PASSED] - a12 = getText(findTestObject("Прогноз по отраслям/Виджеты дашборда")): Text of object 'Object Repository/Прогноз по отраслям/Виджеты дашборда' is: 'Год 
2023 год
Сравнение с 
План/СУ
Отклонения по ПАО Россети на 2023 год
0.0 0.0
120 322.6 120 322.6
38 655.4 38 655.4
39 037.8 39 037.8
8 291.7 8 291.7
8 259.5 8 259.5
793.1 793.1
19 706.6 19 706.6
78 310.2 78 310.2
25 579.5 25 579.5
121 219.7 121 219.7
60 414.9 60 414.9
⬤ Отклонение, млн. кВт.ч
Интер РАО (для ФСК)
Промышленные потребители
Транспорт
Нефтедобыча
Нефтепереработка
Нефтепроводы
Газопроводы
Сельское хозяйство и пищевая пр…
Непромышленные потребители
Государственные (муниципальные…
Население и приравненные групп…
Территориальные сетевые органи…
Выручка отклонения по ПАО Россети на 2023 год
⬤ Отклонение, млн. руб.
Интер РАО (для ФСК)
Промышленные потребители
Транспорт
Нефтедобыча
Нефтепереработка
Нефтепроводы
Газопроводы
Сельское хозяйство и пищевая пр…
Непромышленные потребители
Государственные (муниципальные…
Население и приравненные групп…
Территориальные сетевые органи…
Динамика электропотребления, млрд. кВт.ч. по ПАО Россети на 2023 год
0 0
0 0
0 0
0 0
0 0
0 0
0 0
0 0
0 0
0 0
0 0
0 0
0 0
120 120
39 39
39 39
8 8
8 8
1 1
20 20
78 78
26 26
121 121
60 60
СУ
Ожидаемое (прогноз по конца года)
Интер РАО (дляФСК)
Промышленныепотребители
Транспорт
Нефтедобыча
Нефтепереработка
Нефтепроводы
Газопроводы
Сельскоехозяйство ипищеваяпромышленность
Непромышленныепотребители
Государственные(муниципальные)организации ипрочиебюджетныепотребители
Население иприравненныегруппыпотребителей
Территориальныесетевыеорганизации
Выручка по ПАО Россети на 2023 год
6 6
331 331
82 82
77 77
20 20
20 20
3 3
57 57
220 220
68 68
214 214
258 258
Ожидаемое (прогноз по конца года)
Интер РАО (дляФСК)
Промышленныепотребители
Транспорт
Нефтедобыча
Нефтепереработка
Нефтепроводы
Газопроводы
Сельскоехозяйство ипищеваяпромышленность
Непромышленныепотребители
Государственные(муниципальные)организации ипрочиебюджетныепотребители
Население иприравненныегруппыпотребителей
Территориальныесетевыеорганизации
абс.
%
Прогноз на месяц 
Ноябрь
КПО/Отпуск из сети 
Котловой полезный отпуск, млн. кВт.ч
Организация 
Все
Прогноз электропотребления и выручки за услуги по передаче в разрезе отраслей'

22-11-2024T05:21:55 - [MESSAGE][PASSED] - Text of object 'Object Repository/Прогноз по отраслям/Виджеты дашборда' is: 'Год 
2023 год
Сравнение с 
План/СУ
Отклонения по ПАО Россети на 2023 год
0.0 0.0
120 322.6 120 322.6
38 655.4 38 655.4
39 037.8 39 037.8
8 291.7 8 291.7
8 259.5 8 259.5
793.1 793.1
19 706.6 19 706.6
78 310.2 78 310.2
25 579.5 25 579.5
121 219.7 121 219.7
60 414.9 60 414.9
⬤ Отклонение, млн. кВт.ч
Интер РАО (для ФСК)
Промышленные потребители
Транспорт
Нефтедобыча
Нефтепереработка
Нефтепроводы
Газопроводы
Сельское хозяйство и пищевая пр…
Непромышленные потребители
Государственные (муниципальные…
Население и приравненные групп…
Территориальные сетевые органи…
Выручка отклонения по ПАО Россети на 2023 год
⬤ Отклонение, млн. руб.
Интер РАО (для ФСК)
Промышленные потребители
Транспорт
Нефтедобыча
Нефтепереработка
Нефтепроводы
Газопроводы
Сельское хозяйство и пищевая пр…
Непромышленные потребители
Государственные (муниципальные…
Население и приравненные групп…
Территориальные сетевые органи…
Динамика электропотребления, млрд. кВт.ч. по ПАО Россети на 2023 год
0 0
0 0
0 0
0 0
0 0
0 0
0 0
0 0
0 0
0 0
0 0
0 0
0 0
120 120
39 39
39 39
8 8
8 8
1 1
20 20
78 78
26 26
121 121
60 60
СУ
Ожидаемое (прогноз по конца года)
Интер РАО (дляФСК)
Промышленныепотребители
Транспорт
Нефтедобыча
Нефтепереработка
Нефтепроводы
Газопроводы
Сельскоехозяйство ипищеваяпромышленность
Непромышленныепотребители
Государственные(муниципальные)организации ипрочиебюджетныепотребители
Население иприравненныегруппыпотребителей
Территориальныесетевыеорганизации
Выручка по ПАО Россети на 2023 год
6 6
331 331
82 82
77 77
20 20
20 20
3 3
57 57
220 220
68 68
214 214
258 258
Ожидаемое (прогноз по конца года)
Интер РАО (дляФСК)
Промышленныепотребители
Транспорт
Нефтедобыча
Нефтепереработка
Нефтепроводы
Газопроводы
Сельскоехозяйство ипищеваяпромышленность
Непромышленныепотребители
Государственные(муниципальные)организации ипрочиебюджетныепотребители
Население иприравненныегруппыпотребителей
Территориальныесетевыеорганизации
абс.
%
Прогноз на месяц 
Ноябрь
КПО/Отпуск из сети 
Котловой полезный отпуск, млн. кВт.ч
Организация 
Все
Прогноз электропотребления и выручки за услуги по передаче в разрезе отраслей'

22-11-2024T05:21:55 - [TEST_STEP][PASSED] - a12 = a12.replaceAll("[^0-9]", ""): null

22-11-2024T05:21:55 - [TEST_STEP][PASSED] - println("a12:" + a12): null

22-11-2024T05:21:55 - [TEST_STEP][PASSED] - navigateToUrl(findTestData("PlanFact").getValue(10, 12)): Navigate to 'https://bi.rosseti.digital/viewer?dashboardGuid=d218b6eb1b7845df8f1994d6a65c072b&sheetGuid=3059d1e0f28043ee8c80901707e9c246&fit=true' successfully

22-11-2024T05:21:56 - [MESSAGE][PASSED] - Navigate to 'https://bi.rosseti.digital/viewer?dashboardGuid=d218b6eb1b7845df8f1994d6a65c072b&sheetGuid=3059d1e0f28043ee8c80901707e9c246&fit=true' successfully

22-11-2024T05:21:56 - [TEST_STEP][PASSED] - delay(50): Delayed 50 second(s)

22-11-2024T05:22:46 - [MESSAGE][PASSED] - Delayed 50 second(s)

22-11-2024T05:22:46 - [TEST_STEP][FAILED] - click(findTestObject("Прогноз по отраслям/Фильтр месяц Стресс")): Unable to click on object 'Object Repository/Прогноз по отраслям/Фильтр месяц Стресс' (Root cause: com.kms.katalon.core.exception.StepFailedException: Unable to click on object 'Object Repository/Прогноз по отраслям/Фильтр месяц Стресс'
	at com.kms.katalon.core.webui.keyword.internal.WebUIKeywordMain.stepFailed(WebUIKeywordMain.groovy:64)
	at com.kms.katalon.core.webui.keyword.internal.WebUIKeywordMain.runKeyword(WebUIKeywordMain.groovy:26)
	at com.kms.katalon.core.webui.keyword.builtin.ClickKeyword.click(ClickKeyword.groovy:74)
	at com.kms.katalon.core.webui.keyword.builtin.ClickKeyword.execute(ClickKeyword.groovy:40)
	at com.kms.katalon.core.keyword.internal.KeywordExecutor.executeKeywordForPlatform(KeywordExecutor.groovy:74)
	at com.kms.katalon.core.webui.keyword.WebUiBuiltInKeywords.click(WebUiBuiltInKeywords.groovy:659)
	at Прогноз по отраслям сверка дашбордов.run(Прогноз по отраслям сверка дашбордов:223)
	at com.kms.katalon.core.main.ScriptEngine.run(ScriptEngine.java:194)
	at com.kms.katalon.core.main.ScriptEngine.runScriptAsRawText(ScriptEngine.java:119)
	at com.kms.katalon.core.main.TestCaseExecutor.runScript(TestCaseExecutor.java:448)
	at com.kms.katalon.core.main.TestCaseExecutor.doExecute(TestCaseExecutor.java:439)
	at com.kms.katalon.core.main.TestCaseExecutor.processExecutionPhase(TestCaseExecutor.java:418)
	at com.kms.katalon.core.main.TestCaseExecutor.accessMainPhase(TestCaseExecutor.java:410)
	at com.kms.katalon.core.main.TestCaseExecutor.execute(TestCaseExecutor.java:285)
	at com.kms.katalon.core.common.CommonExecutor.accessTestCaseMainPhase(CommonExecutor.java:65)
	at com.kms.katalon.core.main.TestSuiteExecutor.accessTestSuiteMainPhase(TestSuiteExecutor.java:150)
	at com.kms.katalon.core.main.TestSuiteExecutor.execute(TestSuiteExecutor.java:106)
	at com.kms.katalon.core.main.TestCaseMain.startTestSuite(TestCaseMain.java:180)
	at TempTestSuite1732232929817.run(TempTestSuite1732232929817.groovy:35)
	at java.base/jdk.internal.reflect.NativeMethodAccessorImpl.invoke0(Native Method)
	at java.base/jdk.internal.reflect.NativeMethodAccessorImpl.invoke(NativeMethodAccessorImpl.java:77)
	at java.base/jdk.internal.reflect.DelegatingMethodAccessorImpl.invoke(DelegatingMethodAccessorImpl.java:43)
Caused by: com.kms.katalon.core.webui.exception.WebElementNotFoundException: Web element with id: 'Object Repository/Прогноз по отраслям/Фильтр месяц Стресс' located by '//div[29]/div[2]/div/div/div/div' not found
	at com.kms.katalon.core.webui.common.WebUiCommonHelper.findWebElement(WebUiCommonHelper.java:1426)
	at com.kms.katalon.core.webui.keyword.internal.WebUIAbstractKeyword.findWebElement(WebUIAbstractKeyword.groovy:27)
	at com.kms.katalon.core.webui.keyword.builtin.ClickKeyword$_click_closure1.doCall(ClickKeyword.groovy:65)
	at com.kms.katalon.core.webui.keyword.builtin.ClickKeyword$_click_closure1.call(ClickKeyword.groovy)
	at com.kms.katalon.core.webui.keyword.internal.WebUIKeywordMain.runKeyword(WebUIKeywordMain.groovy:20)
	at com.kms.katalon.core.webui.keyword.builtin.ClickKeyword.click(ClickKeyword.groovy:74)
	at com.kms.katalon.core.webui.keyword.builtin.ClickKeyword.execute(ClickKeyword.groovy:40)
	at com.kms.katalon.core.keyword.internal.KeywordExecutor.executeKeywordForPlatform(KeywordExecutor.groovy:74)
	at com.kms.katalon.core.webui.keyword.WebUiBuiltInKeywords.click(WebUiBuiltInKeywords.groovy:659)
	at Script1693826440839.run(Script1693826440839.groovy:223)
	... 15 more
)

22-11-2024T05:23:46 - [MESSAGE][INFO] - Unable to find the element located by 'By.xpath: //div[29]/div[2]/div/div/div/div'. Please recheck the objects properties to make sure the desired element is located. 

22-11-2024T05:23:46 - [MESSAGE][FAILED] - Unable to click on object 'Object Repository/Прогноз по отраслям/Фильтр месяц Стресс' (Root cause: com.kms.katalon.core.exception.StepFailedException: Unable to click on object 'Object Repository/Прогноз по отраслям/Фильтр месяц Стресс'
	at com.kms.katalon.core.webui.keyword.internal.WebUIKeywordMain.stepFailed(WebUIKeywordMain.groovy:64)
	at com.kms.katalon.core.webui.keyword.internal.WebUIKeywordMain.runKeyword(WebUIKeywordMain.groovy:26)
	at com.kms.katalon.core.webui.keyword.builtin.ClickKeyword.click(ClickKeyword.groovy:74)
	at com.kms.katalon.core.webui.keyword.builtin.ClickKeyword.execute(ClickKeyword.groovy:40)
	at com.kms.katalon.core.keyword.internal.KeywordExecutor.executeKeywordForPlatform(KeywordExecutor.groovy:74)
	at com.kms.katalon.core.webui.keyword.WebUiBuiltInKeywords.click(WebUiBuiltInKeywords.groovy:659)
	at Прогноз по отраслям сверка дашбордов.run(Прогноз по отраслям сверка дашбордов:223)
	at com.kms.katalon.core.main.ScriptEngine.run(ScriptEngine.java:194)
	at com.kms.katalon.core.main.ScriptEngine.runScriptAsRawText(ScriptEngine.java:119)
	at com.kms.katalon.core.main.TestCaseExecutor.runScript(TestCaseExecutor.java:448)
	at com.kms.katalon.core.main.TestCaseExecutor.doExecute(TestCaseExecutor.java:439)
	at com.kms.katalon.core.main.TestCaseExecutor.processExecutionPhase(TestCaseExecutor.java:418)
	at com.kms.katalon.core.main.TestCaseExecutor.accessMainPhase(TestCaseExecutor.java:410)
	at com.kms.katalon.core.main.TestCaseExecutor.execute(TestCaseExecutor.java:285)
	at com.kms.katalon.core.common.CommonExecutor.accessTestCaseMainPhase(CommonExecutor.java:65)
	at com.kms.katalon.core.main.TestSuiteExecutor.accessTestSuiteMainPhase(TestSuiteExecutor.java:150)
	at com.kms.katalon.core.main.TestSuiteExecutor.execute(TestSuiteExecutor.java:106)
	at com.kms.katalon.core.main.TestCaseMain.startTestSuite(TestCaseMain.java:180)
	at TempTestSuite1732232929817.run(TempTestSuite1732232929817.groovy:35)
	at java.base/jdk.internal.reflect.NativeMethodAccessorImpl.invoke0(Native Method)
	at java.base/jdk.internal.reflect.NativeMethodAccessorImpl.invoke(NativeMethodAccessorImpl.java:77)
	at java.base/jdk.internal.reflect.DelegatingMethodAccessorImpl.invoke(DelegatingMethodAccessorImpl.java:43)
Caused by: com.kms.katalon.core.webui.exception.WebElementNotFoundException: Web element with id: 'Object Repository/Прогноз по отраслям/Фильтр месяц Стресс' located by '//div[29]/div[2]/div/div/div/div' not found
	at com.kms.katalon.core.webui.common.WebUiCommonHelper.findWebElement(WebUiCommonHelper.java:1426)
	at com.kms.katalon.core.webui.keyword.internal.WebUIAbstractKeyword.findWebElement(WebUIAbstractKeyword.groovy:27)
	at com.kms.katalon.core.webui.keyword.builtin.ClickKeyword$_click_closure1.doCall(ClickKeyword.groovy:65)
	at com.kms.katalon.core.webui.keyword.builtin.ClickKeyword$_click_closure1.call(ClickKeyword.groovy)
	at com.kms.katalon.core.webui.keyword.internal.WebUIKeywordMain.runKeyword(WebUIKeywordMain.groovy:20)
	at com.kms.katalon.core.webui.keyword.builtin.ClickKeyword.click(ClickKeyword.groovy:74)
	at com.kms.katalon.core.webui.keyword.builtin.ClickKeyword.execute(ClickKeyword.groovy:40)
	at com.kms.katalon.core.keyword.internal.KeywordExecutor.executeKeywordForPlatform(KeywordExecutor.groovy:74)
	at com.kms.katalon.core.webui.keyword.WebUiBuiltInKeywords.click(WebUiBuiltInKeywords.groovy:659)
	at Script1693826440839.run(Script1693826440839.groovy:223)
	... 15 more
)
[[ATTACHMENT|C:\\Users\\LIAZGINA-DI\\git\\SPORU\\Reports\\20241122_024849\\\u041F\u043D-\u0421\u0440-\u041F\u0442\\\u0421\u0432\u0435\u0440\u043A\u0430 \u0434\u0430\u0448\u0431\u043E\u0440\u0434\u043E\u0432 \u0438\u0437 \u0440\u0430\u0437\u043D\u044B\u0445 \u0431\u043B\u043E\u043A\u043E\u0432\\20241122_024849\\1732242226802.png]]

22-11-2024T05:23:46 - [TEST_STEP][PASSED] - scrollToElement(findTestObject("Прогноз по отраслям/Ноябрь Стресс"), 30): Scroll to object 'Object Repository/Прогноз по отраслям/Ноябрь Стресс' successfully

22-11-2024T05:24:17 - [MESSAGE][PASSED] - Scroll to object 'Object Repository/Прогноз по отраслям/Ноябрь Стресс' successfully

22-11-2024T05:24:17 - [TEST_STEP][FAILED] - click(findTestObject("Прогноз по отраслям/Ноябрь Стресс")): Unable to click on object 'Object Repository/Прогноз по отраслям/Ноябрь Стресс' (Root cause: com.kms.katalon.core.exception.StepFailedException: Unable to click on object 'Object Repository/Прогноз по отраслям/Ноябрь Стресс'
	at com.kms.katalon.core.webui.keyword.internal.WebUIKeywordMain.stepFailed(WebUIKeywordMain.groovy:64)
	at com.kms.katalon.core.webui.keyword.internal.WebUIKeywordMain.runKeyword(WebUIKeywordMain.groovy:26)
	at com.kms.katalon.core.webui.keyword.builtin.ClickKeyword.click(ClickKeyword.groovy:74)
	at com.kms.katalon.core.webui.keyword.builtin.ClickKeyword.execute(ClickKeyword.groovy:40)
	at com.kms.katalon.core.keyword.internal.KeywordExecutor.executeKeywordForPlatform(KeywordExecutor.groovy:74)
	at com.kms.katalon.core.webui.keyword.WebUiBuiltInKeywords.click(WebUiBuiltInKeywords.groovy:659)
	at Прогноз по отраслям сверка дашбордов.run(Прогноз по отраслям сверка дашбордов:227)
	at com.kms.katalon.core.main.ScriptEngine.run(ScriptEngine.java:194)
	at com.kms.katalon.core.main.ScriptEngine.runScriptAsRawText(ScriptEngine.java:119)
	at com.kms.katalon.core.main.TestCaseExecutor.runScript(TestCaseExecutor.java:448)
	at com.kms.katalon.core.main.TestCaseExecutor.doExecute(TestCaseExecutor.java:439)
	at com.kms.katalon.core.main.TestCaseExecutor.processExecutionPhase(TestCaseExecutor.java:418)
	at com.kms.katalon.core.main.TestCaseExecutor.accessMainPhase(TestCaseExecutor.java:410)
	at com.kms.katalon.core.main.TestCaseExecutor.execute(TestCaseExecutor.java:285)
	at com.kms.katalon.core.common.CommonExecutor.accessTestCaseMainPhase(CommonExecutor.java:65)
	at com.kms.katalon.core.main.TestSuiteExecutor.accessTestSuiteMainPhase(TestSuiteExecutor.java:150)
	at com.kms.katalon.core.main.TestSuiteExecutor.execute(TestSuiteExecutor.java:106)
	at com.kms.katalon.core.main.TestCaseMain.startTestSuite(TestCaseMain.java:180)
	at TempTestSuite1732232929817.run(TempTestSuite1732232929817.groovy:35)
	at java.base/jdk.internal.reflect.NativeMethodAccessorImpl.invoke0(Native Method)
	at java.base/jdk.internal.reflect.NativeMethodAccessorImpl.invoke(NativeMethodAccessorImpl.java:77)
	at java.base/jdk.internal.reflect.DelegatingMethodAccessorImpl.invoke(DelegatingMethodAccessorImpl.java:43)
Caused by: org.openqa.selenium.ElementNotInteractableException: element not interactable
  (Session info: chrome=131.0.6778.86)
Build info: version: '3.141.59', revision: 'unknown', time: 'unknown'
System info: host: 'UVV-WS904-D', ip: '192.168.0.19', os.name: 'Windows 10', os.arch: 'amd64', os.version: '10.0', java.version: '17.0.7'
Driver info: com.kms.katalon.selenium.driver.CChromeDriver
Capabilities {acceptInsecureCerts: false, browserName: chrome, browserVersion: 131.0.6778.86, chrome: {chromedriverVersion: 131.0.6778.69 (77e2244bbcda..., userDataDir: C:\Users\LIAZGI~1\AppData\L...}, fedcm:accounts: true, goog:chromeOptions: {debuggerAddress: localhost:55063}, javascriptEnabled: true, networkConnectionEnabled: false, pageLoadStrategy: normal, platform: WINDOWS, platformName: WINDOWS, proxy: Proxy(), setWindowRect: true, strictFileInteractability: false, timeouts: {implicit: 0, pageLoad: 300000, script: 30000}, unhandledPromptBehavior: dismiss and notify, webauthn:extension:credBlob: true, webauthn:extension:largeBlob: true, webauthn:extension:minPinLength: true, webauthn:extension:prf: true, webauthn:virtualAuthenticators: true}
Session ID: 38286e4638ec622713e4df436f78564a
	at java.base/jdk.internal.reflect.NativeConstructorAccessorImpl.newInstance0(Native Method)
	at java.base/jdk.internal.reflect.NativeConstructorAccessorImpl.newInstance(NativeConstructorAccessorImpl.java:77)
	at java.base/jdk.internal.reflect.DelegatingConstructorAccessorImpl.newInstance(DelegatingConstructorAccessorImpl.java:45)
	at org.openqa.selenium.remote.http.W3CHttpResponseCodec.createException(W3CHttpResponseCodec.java:187)
	at org.openqa.selenium.remote.http.W3CHttpResponseCodec.decode(W3CHttpResponseCodec.java:122)
	at org.openqa.selenium.remote.http.W3CHttpResponseCodec.decode(W3CHttpResponseCodec.java:49)
	at org.openqa.selenium.remote.HttpCommandExecutor.execute(HttpCommandExecutor.java:158)
	at org.openqa.selenium.remote.service.DriverCommandExecutor.execute(DriverCommandExecutor.java:83)
	at org.openqa.selenium.remote.RemoteWebDriver.execute(RemoteWebDriver.java:552)
	at com.kms.katalon.selenium.driver.CChromeDriver.execute(CChromeDriver.java:19)
	at org.openqa.selenium.remote.RemoteWebElement.execute(RemoteWebElement.java:285)
	at org.openqa.selenium.remote.RemoteWebElement.click(RemoteWebElement.java:84)
	at jdk.internal.reflect.GeneratedMethodAccessor15.invoke(Unknown Source)
	at java.base/jdk.internal.reflect.DelegatingMethodAccessorImpl.invoke(DelegatingMethodAccessorImpl.java:43)
	at org.openqa.selenium.support.events.EventFiringWebDriver$EventFiringWebElement.lambda$new$0(EventFiringWebDriver.java:404)
	at jdk.proxy2/jdk.proxy2.$Proxy24.click(Unknown Source)
	at org.openqa.selenium.support.events.EventFiringWebDriver$EventFiringWebElement.click(EventFiringWebDriver.java:417)
	at org.openqa.selenium.WebElement$click.call(Unknown Source)
	at com.kms.katalon.core.webui.keyword.builtin.ClickKeyword.clickUntilSuccessWithTimeout(ClickKeyword.groovy:81)
	at com.kms.katalon.core.webui.keyword.builtin.ClickKeyword.clickUntilSuccessWithTimeout(ClickKeyword.groovy)
	at jdk.internal.reflect.GeneratedMethodAccessor13.invoke(Unknown Source)
	at java.base/jdk.internal.reflect.DelegatingMethodAccessorImpl.invoke(DelegatingMethodAccessorImpl.java:43)
	at com.kms.katalon.core.webui.keyword.builtin.ClickKeyword$_click_closure1.doCall(ClickKeyword.groovy:67)
	at com.kms.katalon.core.webui.keyword.builtin.ClickKeyword$_click_closure1.call(ClickKeyword.groovy)
	at com.kms.katalon.core.webui.keyword.internal.WebUIKeywordMain.runKeyword(WebUIKeywordMain.groovy:20)
	at com.kms.katalon.core.webui.keyword.builtin.ClickKeyword.click(ClickKeyword.groovy:74)
	at com.kms.katalon.core.webui.keyword.builtin.ClickKeyword.execute(ClickKeyword.groovy:40)
	at com.kms.katalon.core.keyword.internal.KeywordExecutor.executeKeywordForPlatform(KeywordExecutor.groovy:74)
	at com.kms.katalon.core.webui.keyword.WebUiBuiltInKeywords.click(WebUiBuiltInKeywords.groovy:659)
	at Script1693826440839.run(Script1693826440839.groovy:227)
	... 15 more
)

22-11-2024T05:24:47 - [MESSAGE][FAILED] - Unable to click on object 'Object Repository/Прогноз по отраслям/Ноябрь Стресс' (Root cause: com.kms.katalon.core.exception.StepFailedException: Unable to click on object 'Object Repository/Прогноз по отраслям/Ноябрь Стресс'
	at com.kms.katalon.core.webui.keyword.internal.WebUIKeywordMain.stepFailed(WebUIKeywordMain.groovy:64)
	at com.kms.katalon.core.webui.keyword.internal.WebUIKeywordMain.runKeyword(WebUIKeywordMain.groovy:26)
	at com.kms.katalon.core.webui.keyword.builtin.ClickKeyword.click(ClickKeyword.groovy:74)
	at com.kms.katalon.core.webui.keyword.builtin.ClickKeyword.execute(ClickKeyword.groovy:40)
	at com.kms.katalon.core.keyword.internal.KeywordExecutor.executeKeywordForPlatform(KeywordExecutor.groovy:74)
	at com.kms.katalon.core.webui.keyword.WebUiBuiltInKeywords.click(WebUiBuiltInKeywords.groovy:659)
	at Прогноз по отраслям сверка дашбордов.run(Прогноз по отраслям сверка дашбордов:227)
	at com.kms.katalon.core.main.ScriptEngine.run(ScriptEngine.java:194)
	at com.kms.katalon.core.main.ScriptEngine.runScriptAsRawText(ScriptEngine.java:119)
	at com.kms.katalon.core.main.TestCaseExecutor.runScript(TestCaseExecutor.java:448)
	at com.kms.katalon.core.main.TestCaseExecutor.doExecute(TestCaseExecutor.java:439)
	at com.kms.katalon.core.main.TestCaseExecutor.processExecutionPhase(TestCaseExecutor.java:418)
	at com.kms.katalon.core.main.TestCaseExecutor.accessMainPhase(TestCaseExecutor.java:410)
	at com.kms.katalon.core.main.TestCaseExecutor.execute(TestCaseExecutor.java:285)
	at com.kms.katalon.core.common.CommonExecutor.accessTestCaseMainPhase(CommonExecutor.java:65)
	at com.kms.katalon.core.main.TestSuiteExecutor.accessTestSuiteMainPhase(TestSuiteExecutor.java:150)
	at com.kms.katalon.core.main.TestSuiteExecutor.execute(TestSuiteExecutor.java:106)
	at com.kms.katalon.core.main.TestCaseMain.startTestSuite(TestCaseMain.java:180)
	at TempTestSuite1732232929817.run(TempTestSuite1732232929817.groovy:35)
	at java.base/jdk.internal.reflect.NativeMethodAccessorImpl.invoke0(Native Method)
	at java.base/jdk.internal.reflect.NativeMethodAccessorImpl.invoke(NativeMethodAccessorImpl.java:77)
	at java.base/jdk.internal.reflect.DelegatingMethodAccessorImpl.invoke(DelegatingMethodAccessorImpl.java:43)
Caused by: org.openqa.selenium.ElementNotInteractableException: element not interactable
  (Session info: chrome=131.0.6778.86)
Build info: version: '3.141.59', revision: 'unknown', time: 'unknown'
System info: host: 'UVV-WS904-D', ip: '192.168.0.19', os.name: 'Windows 10', os.arch: 'amd64', os.version: '10.0', java.version: '17.0.7'
Driver info: com.kms.katalon.selenium.driver.CChromeDriver
Capabilities {acceptInsecureCerts: false, browserName: chrome, browserVersion: 131.0.6778.86, chrome: {chromedriverVersion: 131.0.6778.69 (77e2244bbcda..., userDataDir: C:\Users\LIAZGI~1\AppData\L...}, fedcm:accounts: true, goog:chromeOptions: {debuggerAddress: localhost:55063}, javascriptEnabled: true, networkConnectionEnabled: false, pageLoadStrategy: normal, platform: WINDOWS, platformName: WINDOWS, proxy: Proxy(), setWindowRect: true, strictFileInteractability: false, timeouts: {implicit: 0, pageLoad: 300000, script: 30000}, unhandledPromptBehavior: dismiss and notify, webauthn:extension:credBlob: true, webauthn:extension:largeBlob: true, webauthn:extension:minPinLength: true, webauthn:extension:prf: true, webauthn:virtualAuthenticators: true}
Session ID: 38286e4638ec622713e4df436f78564a
	at java.base/jdk.internal.reflect.NativeConstructorAccessorImpl.newInstance0(Native Method)
	at java.base/jdk.internal.reflect.NativeConstructorAccessorImpl.newInstance(NativeConstructorAccessorImpl.java:77)
	at java.base/jdk.internal.reflect.DelegatingConstructorAccessorImpl.newInstance(DelegatingConstructorAccessorImpl.java:45)
	at org.openqa.selenium.remote.http.W3CHttpResponseCodec.createException(W3CHttpResponseCodec.java:187)
	at org.openqa.selenium.remote.http.W3CHttpResponseCodec.decode(W3CHttpResponseCodec.java:122)
	at org.openqa.selenium.remote.http.W3CHttpResponseCodec.decode(W3CHttpResponseCodec.java:49)
	at org.openqa.selenium.remote.HttpCommandExecutor.execute(HttpCommandExecutor.java:158)
	at org.openqa.selenium.remote.service.DriverCommandExecutor.execute(DriverCommandExecutor.java:83)
	at org.openqa.selenium.remote.RemoteWebDriver.execute(RemoteWebDriver.java:552)
	at com.kms.katalon.selenium.driver.CChromeDriver.execute(CChromeDriver.java:19)
	at org.openqa.selenium.remote.RemoteWebElement.execute(RemoteWebElement.java:285)
	at org.openqa.selenium.remote.RemoteWebElement.click(RemoteWebElement.java:84)
	at jdk.internal.reflect.GeneratedMethodAccessor15.invoke(Unknown Source)
	at java.base/jdk.internal.reflect.DelegatingMethodAccessorImpl.invoke(DelegatingMethodAccessorImpl.java:43)
	at org.openqa.selenium.support.events.EventFiringWebDriver$EventFiringWebElement.lambda$new$0(EventFiringWebDriver.java:404)
	at jdk.proxy2/jdk.proxy2.$Proxy24.click(Unknown Source)
	at org.openqa.selenium.support.events.EventFiringWebDriver$EventFiringWebElement.click(EventFiringWebDriver.java:417)
	at org.openqa.selenium.WebElement$click.call(Unknown Source)
	at com.kms.katalon.core.webui.keyword.builtin.ClickKeyword.clickUntilSuccessWithTimeout(ClickKeyword.groovy:81)
	at com.kms.katalon.core.webui.keyword.builtin.ClickKeyword.clickUntilSuccessWithTimeout(ClickKeyword.groovy)
	at jdk.internal.reflect.GeneratedMethodAccessor13.invoke(Unknown Source)
	at java.base/jdk.internal.reflect.DelegatingMethodAccessorImpl.invoke(DelegatingMethodAccessorImpl.java:43)
	at com.kms.katalon.core.webui.keyword.builtin.ClickKeyword$_click_closure1.doCall(ClickKeyword.groovy:67)
	at com.kms.katalon.core.webui.keyword.builtin.ClickKeyword$_click_closure1.call(ClickKeyword.groovy)
	at com.kms.katalon.core.webui.keyword.internal.WebUIKeywordMain.runKeyword(WebUIKeywordMain.groovy:20)
	at com.kms.katalon.core.webui.keyword.builtin.ClickKeyword.click(ClickKeyword.groovy:74)
	at com.kms.katalon.core.webui.keyword.builtin.ClickKeyword.execute(ClickKeyword.groovy:40)
	at com.kms.katalon.core.keyword.internal.KeywordExecutor.executeKeywordForPlatform(KeywordExecutor.groovy:74)
	at com.kms.katalon.core.webui.keyword.WebUiBuiltInKeywords.click(WebUiBuiltInKeywords.groovy:659)
	at Script1693826440839.run(Script1693826440839.groovy:227)
	... 15 more
)
[[ATTACHMENT|C:\\Users\\LIAZGINA-DI\\git\\SPORU\\Reports\\20241122_024849\\\u041F\u043D-\u0421\u0440-\u041F\u0442\\\u0421\u0432\u0435\u0440\u043A\u0430 \u0434\u0430\u0448\u0431\u043E\u0440\u0434\u043E\u0432 \u0438\u0437 \u0440\u0430\u0437\u043D\u044B\u0445 \u0431\u043B\u043E\u043A\u043E\u0432\\20241122_024849\\1732242287063.png]]

22-11-2024T05:24:47 - [TEST_STEP][PASSED] - scrollToElement(findTestObject("Прогноз по отраслям/Заголовок дашборда Стресс"), 30): Scroll to object 'Object Repository/Прогноз по отраслям/Заголовок дашборда Стресс' successfully

22-11-2024T05:25:17 - [MESSAGE][PASSED] - Scroll to object 'Object Repository/Прогноз по отраслям/Заголовок дашборда Стресс' successfully

22-11-2024T05:25:17 - [TEST_STEP][FAILED] - click(findTestObject("Прогноз по отраслям/Фильтр Сравнение с Стресс")): Unable to click on object 'Object Repository/Прогноз по отраслям/Фильтр Сравнение с Стресс' (Root cause: com.kms.katalon.core.exception.StepFailedException: Unable to click on object 'Object Repository/Прогноз по отраслям/Фильтр Сравнение с Стресс'
	at com.kms.katalon.core.webui.keyword.internal.WebUIKeywordMain.stepFailed(WebUIKeywordMain.groovy:64)
	at com.kms.katalon.core.webui.keyword.internal.WebUIKeywordMain.runKeyword(WebUIKeywordMain.groovy:26)
	at com.kms.katalon.core.webui.keyword.builtin.ClickKeyword.click(ClickKeyword.groovy:74)
	at com.kms.katalon.core.webui.keyword.builtin.ClickKeyword.execute(ClickKeyword.groovy:40)
	at com.kms.katalon.core.keyword.internal.KeywordExecutor.executeKeywordForPlatform(KeywordExecutor.groovy:74)
	at com.kms.katalon.core.webui.keyword.WebUiBuiltInKeywords.click(WebUiBuiltInKeywords.groovy:659)
	at Прогноз по отраслям сверка дашбордов.run(Прогноз по отраслям сверка дашбордов:231)
	at com.kms.katalon.core.main.ScriptEngine.run(ScriptEngine.java:194)
	at com.kms.katalon.core.main.ScriptEngine.runScriptAsRawText(ScriptEngine.java:119)
	at com.kms.katalon.core.main.TestCaseExecutor.runScript(TestCaseExecutor.java:448)
	at com.kms.katalon.core.main.TestCaseExecutor.doExecute(TestCaseExecutor.java:439)
	at com.kms.katalon.core.main.TestCaseExecutor.processExecutionPhase(TestCaseExecutor.java:418)
	at com.kms.katalon.core.main.TestCaseExecutor.accessMainPhase(TestCaseExecutor.java:410)
	at com.kms.katalon.core.main.TestCaseExecutor.execute(TestCaseExecutor.java:285)
	at com.kms.katalon.core.common.CommonExecutor.accessTestCaseMainPhase(CommonExecutor.java:65)
	at com.kms.katalon.core.main.TestSuiteExecutor.accessTestSuiteMainPhase(TestSuiteExecutor.java:150)
	at com.kms.katalon.core.main.TestSuiteExecutor.execute(TestSuiteExecutor.java:106)
	at com.kms.katalon.core.main.TestCaseMain.startTestSuite(TestCaseMain.java:180)
	at TempTestSuite1732232929817.run(TempTestSuite1732232929817.groovy:35)
	at java.base/jdk.internal.reflect.NativeMethodAccessorImpl.invoke0(Native Method)
	at java.base/jdk.internal.reflect.NativeMethodAccessorImpl.invoke(NativeMethodAccessorImpl.java:77)
	at java.base/jdk.internal.reflect.DelegatingMethodAccessorImpl.invoke(DelegatingMethodAccessorImpl.java:43)
Caused by: com.kms.katalon.core.webui.exception.WebElementNotFoundException: Web element with id: 'Object Repository/Прогноз по отраслям/Фильтр Сравнение с Стресс' located by '//div[5]/div[2]/div/div/div/div' not found
	at com.kms.katalon.core.webui.common.WebUiCommonHelper.findWebElement(WebUiCommonHelper.java:1426)
	at com.kms.katalon.core.webui.keyword.internal.WebUIAbstractKeyword.findWebElement(WebUIAbstractKeyword.groovy:27)
	at com.kms.katalon.core.webui.keyword.builtin.ClickKeyword$_click_closure1.doCall(ClickKeyword.groovy:65)
	at com.kms.katalon.core.webui.keyword.builtin.ClickKeyword$_click_closure1.call(ClickKeyword.groovy)
	at com.kms.katalon.core.webui.keyword.internal.WebUIKeywordMain.runKeyword(WebUIKeywordMain.groovy:20)
	at com.kms.katalon.core.webui.keyword.builtin.ClickKeyword.click(ClickKeyword.groovy:74)
	at com.kms.katalon.core.webui.keyword.builtin.ClickKeyword.execute(ClickKeyword.groovy:40)
	at com.kms.katalon.core.keyword.internal.KeywordExecutor.executeKeywordForPlatform(KeywordExecutor.groovy:74)
	at com.kms.katalon.core.webui.keyword.WebUiBuiltInKeywords.click(WebUiBuiltInKeywords.groovy:659)
	at Script1693826440839.run(Script1693826440839.groovy:231)
	... 15 more
)

22-11-2024T05:26:17 - [MESSAGE][INFO] - Unable to find the element located by 'By.xpath: //div[5]/div[2]/div/div/div/div'. Please recheck the objects properties to make sure the desired element is located. 

22-11-2024T05:26:17 - [MESSAGE][FAILED] - Unable to click on object 'Object Repository/Прогноз по отраслям/Фильтр Сравнение с Стресс' (Root cause: com.kms.katalon.core.exception.StepFailedException: Unable to click on object 'Object Repository/Прогноз по отраслям/Фильтр Сравнение с Стресс'
	at com.kms.katalon.core.webui.keyword.internal.WebUIKeywordMain.stepFailed(WebUIKeywordMain.groovy:64)
	at com.kms.katalon.core.webui.keyword.internal.WebUIKeywordMain.runKeyword(WebUIKeywordMain.groovy:26)
	at com.kms.katalon.core.webui.keyword.builtin.ClickKeyword.click(ClickKeyword.groovy:74)
	at com.kms.katalon.core.webui.keyword.builtin.ClickKeyword.execute(ClickKeyword.groovy:40)
	at com.kms.katalon.core.keyword.internal.KeywordExecutor.executeKeywordForPlatform(KeywordExecutor.groovy:74)
	at com.kms.katalon.core.webui.keyword.WebUiBuiltInKeywords.click(WebUiBuiltInKeywords.groovy:659)
	at Прогноз по отраслям сверка дашбордов.run(Прогноз по отраслям сверка дашбордов:231)
	at com.kms.katalon.core.main.ScriptEngine.run(ScriptEngine.java:194)
	at com.kms.katalon.core.main.ScriptEngine.runScriptAsRawText(ScriptEngine.java:119)
	at com.kms.katalon.core.main.TestCaseExecutor.runScript(TestCaseExecutor.java:448)
	at com.kms.katalon.core.main.TestCaseExecutor.doExecute(TestCaseExecutor.java:439)
	at com.kms.katalon.core.main.TestCaseExecutor.processExecutionPhase(TestCaseExecutor.java:418)
	at com.kms.katalon.core.main.TestCaseExecutor.accessMainPhase(TestCaseExecutor.java:410)
	at com.kms.katalon.core.main.TestCaseExecutor.execute(TestCaseExecutor.java:285)
	at com.kms.katalon.core.common.CommonExecutor.accessTestCaseMainPhase(CommonExecutor.java:65)
	at com.kms.katalon.core.main.TestSuiteExecutor.accessTestSuiteMainPhase(TestSuiteExecutor.java:150)
	at com.kms.katalon.core.main.TestSuiteExecutor.execute(TestSuiteExecutor.java:106)
	at com.kms.katalon.core.main.TestCaseMain.startTestSuite(TestCaseMain.java:180)
	at TempTestSuite1732232929817.run(TempTestSuite1732232929817.groovy:35)
	at java.base/jdk.internal.reflect.NativeMethodAccessorImpl.invoke0(Native Method)
	at java.base/jdk.internal.reflect.NativeMethodAccessorImpl.invoke(NativeMethodAccessorImpl.java:77)
	at java.base/jdk.internal.reflect.DelegatingMethodAccessorImpl.invoke(DelegatingMethodAccessorImpl.java:43)
Caused by: com.kms.katalon.core.webui.exception.WebElementNotFoundException: Web element with id: 'Object Repository/Прогноз по отраслям/Фильтр Сравнение с Стресс' located by '//div[5]/div[2]/div/div/div/div' not found
	at com.kms.katalon.core.webui.common.WebUiCommonHelper.findWebElement(WebUiCommonHelper.java:1426)
	at com.kms.katalon.core.webui.keyword.internal.WebUIAbstractKeyword.findWebElement(WebUIAbstractKeyword.groovy:27)
	at com.kms.katalon.core.webui.keyword.builtin.ClickKeyword$_click_closure1.doCall(ClickKeyword.groovy:65)
	at com.kms.katalon.core.webui.keyword.builtin.ClickKeyword$_click_closure1.call(ClickKeyword.groovy)
	at com.kms.katalon.core.webui.keyword.internal.WebUIKeywordMain.runKeyword(WebUIKeywordMain.groovy:20)
	at com.kms.katalon.core.webui.keyword.builtin.ClickKeyword.click(ClickKeyword.groovy:74)
	at com.kms.katalon.core.webui.keyword.builtin.ClickKeyword.execute(ClickKeyword.groovy:40)
	at com.kms.katalon.core.keyword.internal.KeywordExecutor.executeKeywordForPlatform(KeywordExecutor.groovy:74)
	at com.kms.katalon.core.webui.keyword.WebUiBuiltInKeywords.click(WebUiBuiltInKeywords.groovy:659)
	at Script1693826440839.run(Script1693826440839.groovy:231)
	... 15 more
)
[[ATTACHMENT|C:\\Users\\LIAZGINA-DI\\git\\SPORU\\Reports\\20241122_024849\\\u041F\u043D-\u0421\u0440-\u041F\u0442\\\u0421\u0432\u0435\u0440\u043A\u0430 \u0434\u0430\u0448\u0431\u043E\u0440\u0434\u043E\u0432 \u0438\u0437 \u0440\u0430\u0437\u043D\u044B\u0445 \u0431\u043B\u043E\u043A\u043E\u0432\\20241122_024849\\1732242377334.png]]

22-11-2024T05:26:17 - [TEST_STEP][FAILED] - click(findTestObject("Прогноз по отраслям/Факт прошлого года Стресс")): Unable to click on object 'Object Repository/Прогноз по отраслям/Факт прошлого года Стресс' (Root cause: com.kms.katalon.core.exception.StepFailedException: Unable to click on object 'Object Repository/Прогноз по отраслям/Факт прошлого года Стресс'
	at com.kms.katalon.core.webui.keyword.internal.WebUIKeywordMain.stepFailed(WebUIKeywordMain.groovy:64)
	at com.kms.katalon.core.webui.keyword.internal.WebUIKeywordMain.runKeyword(WebUIKeywordMain.groovy:26)
	at com.kms.katalon.core.webui.keyword.builtin.ClickKeyword.click(ClickKeyword.groovy:74)
	at com.kms.katalon.core.webui.keyword.builtin.ClickKeyword.execute(ClickKeyword.groovy:40)
	at com.kms.katalon.core.keyword.internal.KeywordExecutor.executeKeywordForPlatform(KeywordExecutor.groovy:74)
	at com.kms.katalon.core.webui.keyword.WebUiBuiltInKeywords.click(WebUiBuiltInKeywords.groovy:659)
	at Прогноз по отраслям сверка дашбордов.run(Прогноз по отраслям сверка дашбордов:233)
	at com.kms.katalon.core.main.ScriptEngine.run(ScriptEngine.java:194)
	at com.kms.katalon.core.main.ScriptEngine.runScriptAsRawText(ScriptEngine.java:119)
	at com.kms.katalon.core.main.TestCaseExecutor.runScript(TestCaseExecutor.java:448)
	at com.kms.katalon.core.main.TestCaseExecutor.doExecute(TestCaseExecutor.java:439)
	at com.kms.katalon.core.main.TestCaseExecutor.processExecutionPhase(TestCaseExecutor.java:418)
	at com.kms.katalon.core.main.TestCaseExecutor.accessMainPhase(TestCaseExecutor.java:410)
	at com.kms.katalon.core.main.TestCaseExecutor.execute(TestCaseExecutor.java:285)
	at com.kms.katalon.core.common.CommonExecutor.accessTestCaseMainPhase(CommonExecutor.java:65)
	at com.kms.katalon.core.main.TestSuiteExecutor.accessTestSuiteMainPhase(TestSuiteExecutor.java:150)
	at com.kms.katalon.core.main.TestSuiteExecutor.execute(TestSuiteExecutor.java:106)
	at com.kms.katalon.core.main.TestCaseMain.startTestSuite(TestCaseMain.java:180)
	at TempTestSuite1732232929817.run(TempTestSuite1732232929817.groovy:35)
	at java.base/jdk.internal.reflect.NativeMethodAccessorImpl.invoke0(Native Method)
	at java.base/jdk.internal.reflect.NativeMethodAccessorImpl.invoke(NativeMethodAccessorImpl.java:77)
	at java.base/jdk.internal.reflect.DelegatingMethodAccessorImpl.invoke(DelegatingMethodAccessorImpl.java:43)
Caused by: com.kms.katalon.core.webui.exception.WebElementNotFoundException: Web element with id: 'Object Repository/Прогноз по отраслям/Факт прошлого года Стресс' located by '//div[5]/div[2]/div/div/div[2]/div/ul/li/div/div' not found
	at com.kms.katalon.core.webui.common.WebUiCommonHelper.findWebElement(WebUiCommonHelper.java:1426)
	at com.kms.katalon.core.webui.keyword.internal.WebUIAbstractKeyword.findWebElement(WebUIAbstractKeyword.groovy:27)
	at com.kms.katalon.core.webui.keyword.builtin.ClickKeyword$_click_closure1.doCall(ClickKeyword.groovy:65)
	at com.kms.katalon.core.webui.keyword.builtin.ClickKeyword$_click_closure1.call(ClickKeyword.groovy)
	at com.kms.katalon.core.webui.keyword.internal.WebUIKeywordMain.runKeyword(WebUIKeywordMain.groovy:20)
	at com.kms.katalon.core.webui.keyword.builtin.ClickKeyword.click(ClickKeyword.groovy:74)
	at com.kms.katalon.core.webui.keyword.builtin.ClickKeyword.execute(ClickKeyword.groovy:40)
	at com.kms.katalon.core.keyword.internal.KeywordExecutor.executeKeywordForPlatform(KeywordExecutor.groovy:74)
	at com.kms.katalon.core.webui.keyword.WebUiBuiltInKeywords.click(WebUiBuiltInKeywords.groovy:659)
	at Script1693826440839.run(Script1693826440839.groovy:233)
	... 15 more
)

22-11-2024T05:27:17 - [MESSAGE][INFO] - Unable to find the element located by 'By.xpath: //div[5]/div[2]/div/div/div[2]/div/ul/li/div/div'. Please recheck the objects properties to make sure the desired element is located. 

22-11-2024T05:27:17 - [MESSAGE][FAILED] - Unable to click on object 'Object Repository/Прогноз по отраслям/Факт прошлого года Стресс' (Root cause: com.kms.katalon.core.exception.StepFailedException: Unable to click on object 'Object Repository/Прогноз по отраслям/Факт прошлого года Стресс'
	at com.kms.katalon.core.webui.keyword.internal.WebUIKeywordMain.stepFailed(WebUIKeywordMain.groovy:64)
	at com.kms.katalon.core.webui.keyword.internal.WebUIKeywordMain.runKeyword(WebUIKeywordMain.groovy:26)
	at com.kms.katalon.core.webui.keyword.builtin.ClickKeyword.click(ClickKeyword.groovy:74)
	at com.kms.katalon.core.webui.keyword.builtin.ClickKeyword.execute(ClickKeyword.groovy:40)
	at com.kms.katalon.core.keyword.internal.KeywordExecutor.executeKeywordForPlatform(KeywordExecutor.groovy:74)
	at com.kms.katalon.core.webui.keyword.WebUiBuiltInKeywords.click(WebUiBuiltInKeywords.groovy:659)
	at Прогноз по отраслям сверка дашбордов.run(Прогноз по отраслям сверка дашбордов:233)
	at com.kms.katalon.core.main.ScriptEngine.run(ScriptEngine.java:194)
	at com.kms.katalon.core.main.ScriptEngine.runScriptAsRawText(ScriptEngine.java:119)
	at com.kms.katalon.core.main.TestCaseExecutor.runScript(TestCaseExecutor.java:448)
	at com.kms.katalon.core.main.TestCaseExecutor.doExecute(TestCaseExecutor.java:439)
	at com.kms.katalon.core.main.TestCaseExecutor.processExecutionPhase(TestCaseExecutor.java:418)
	at com.kms.katalon.core.main.TestCaseExecutor.accessMainPhase(TestCaseExecutor.java:410)
	at com.kms.katalon.core.main.TestCaseExecutor.execute(TestCaseExecutor.java:285)
	at com.kms.katalon.core.common.CommonExecutor.accessTestCaseMainPhase(CommonExecutor.java:65)
	at com.kms.katalon.core.main.TestSuiteExecutor.accessTestSuiteMainPhase(TestSuiteExecutor.java:150)
	at com.kms.katalon.core.main.TestSuiteExecutor.execute(TestSuiteExecutor.java:106)
	at com.kms.katalon.core.main.TestCaseMain.startTestSuite(TestCaseMain.java:180)
	at TempTestSuite1732232929817.run(TempTestSuite1732232929817.groovy:35)
	at java.base/jdk.internal.reflect.NativeMethodAccessorImpl.invoke0(Native Method)
	at java.base/jdk.internal.reflect.NativeMethodAccessorImpl.invoke(NativeMethodAccessorImpl.java:77)
	at java.base/jdk.internal.reflect.DelegatingMethodAccessorImpl.invoke(DelegatingMethodAccessorImpl.java:43)
Caused by: com.kms.katalon.core.webui.exception.WebElementNotFoundException: Web element with id: 'Object Repository/Прогноз по отраслям/Факт прошлого года Стресс' located by '//div[5]/div[2]/div/div/div[2]/div/ul/li/div/div' not found
	at com.kms.katalon.core.webui.common.WebUiCommonHelper.findWebElement(WebUiCommonHelper.java:1426)
	at com.kms.katalon.core.webui.keyword.internal.WebUIAbstractKeyword.findWebElement(WebUIAbstractKeyword.groovy:27)
	at com.kms.katalon.core.webui.keyword.builtin.ClickKeyword$_click_closure1.doCall(ClickKeyword.groovy:65)
	at com.kms.katalon.core.webui.keyword.builtin.ClickKeyword$_click_closure1.call(ClickKeyword.groovy)
	at com.kms.katalon.core.webui.keyword.internal.WebUIKeywordMain.runKeyword(WebUIKeywordMain.groovy:20)
	at com.kms.katalon.core.webui.keyword.builtin.ClickKeyword.click(ClickKeyword.groovy:74)
	at com.kms.katalon.core.webui.keyword.builtin.ClickKeyword.execute(ClickKeyword.groovy:40)
	at com.kms.katalon.core.keyword.internal.KeywordExecutor.executeKeywordForPlatform(KeywordExecutor.groovy:74)
	at com.kms.katalon.core.webui.keyword.WebUiBuiltInKeywords.click(WebUiBuiltInKeywords.groovy:659)
	at Script1693826440839.run(Script1693826440839.groovy:233)
	... 15 more
)
[[ATTACHMENT|C:\\Users\\LIAZGINA-DI\\git\\SPORU\\Reports\\20241122_024849\\\u041F\u043D-\u0421\u0440-\u041F\u0442\\\u0421\u0432\u0435\u0440\u043A\u0430 \u0434\u0430\u0448\u0431\u043E\u0440\u0434\u043E\u0432 \u0438\u0437 \u0440\u0430\u0437\u043D\u044B\u0445 \u0431\u043B\u043E\u043A\u043E\u0432\\20241122_024849\\1732242437545.png]]

22-11-2024T05:27:17 - [TEST_STEP][FAILED] - click(findTestObject("Прогноз по отраслям/Фильтр КПО-Отпуск Стресс")): Unable to click on object 'Object Repository/Прогноз по отраслям/Фильтр КПО-Отпуск Стресс' (Root cause: com.kms.katalon.core.exception.StepFailedException: Unable to click on object 'Object Repository/Прогноз по отраслям/Фильтр КПО-Отпуск Стресс'
	at com.kms.katalon.core.webui.keyword.internal.WebUIKeywordMain.stepFailed(WebUIKeywordMain.groovy:64)
	at com.kms.katalon.core.webui.keyword.internal.WebUIKeywordMain.runKeyword(WebUIKeywordMain.groovy:26)
	at com.kms.katalon.core.webui.keyword.builtin.ClickKeyword.click(ClickKeyword.groovy:74)
	at com.kms.katalon.core.webui.keyword.builtin.ClickKeyword.execute(ClickKeyword.groovy:40)
	at com.kms.katalon.core.keyword.internal.KeywordExecutor.executeKeywordForPlatform(KeywordExecutor.groovy:74)
	at com.kms.katalon.core.webui.keyword.WebUiBuiltInKeywords.click(WebUiBuiltInKeywords.groovy:659)
	at Прогноз по отраслям сверка дашбордов.run(Прогноз по отраслям сверка дашбордов:235)
	at com.kms.katalon.core.main.ScriptEngine.run(ScriptEngine.java:194)
	at com.kms.katalon.core.main.ScriptEngine.runScriptAsRawText(ScriptEngine.java:119)
	at com.kms.katalon.core.main.TestCaseExecutor.runScript(TestCaseExecutor.java:448)
	at com.kms.katalon.core.main.TestCaseExecutor.doExecute(TestCaseExecutor.java:439)
	at com.kms.katalon.core.main.TestCaseExecutor.processExecutionPhase(TestCaseExecutor.java:418)
	at com.kms.katalon.core.main.TestCaseExecutor.accessMainPhase(TestCaseExecutor.java:410)
	at com.kms.katalon.core.main.TestCaseExecutor.execute(TestCaseExecutor.java:285)
	at com.kms.katalon.core.common.CommonExecutor.accessTestCaseMainPhase(CommonExecutor.java:65)
	at com.kms.katalon.core.main.TestSuiteExecutor.accessTestSuiteMainPhase(TestSuiteExecutor.java:150)
	at com.kms.katalon.core.main.TestSuiteExecutor.execute(TestSuiteExecutor.java:106)
	at com.kms.katalon.core.main.TestCaseMain.startTestSuite(TestCaseMain.java:180)
	at TempTestSuite1732232929817.run(TempTestSuite1732232929817.groovy:35)
	at java.base/jdk.internal.reflect.NativeMethodAccessorImpl.invoke0(Native Method)
	at java.base/jdk.internal.reflect.NativeMethodAccessorImpl.invoke(NativeMethodAccessorImpl.java:77)
	at java.base/jdk.internal.reflect.DelegatingMethodAccessorImpl.invoke(DelegatingMethodAccessorImpl.java:43)
Caused by: com.kms.katalon.core.webui.exception.WebElementNotFoundException: Web element with id: 'Object Repository/Прогноз по отраслям/Фильтр КПО-Отпуск Стресс' located by '//div[31]/div[2]/div/div/div/div/span' not found
	at com.kms.katalon.core.webui.common.WebUiCommonHelper.findWebElement(WebUiCommonHelper.java:1426)
	at com.kms.katalon.core.webui.keyword.internal.WebUIAbstractKeyword.findWebElement(WebUIAbstractKeyword.groovy:27)
	at com.kms.katalon.core.webui.keyword.builtin.ClickKeyword$_click_closure1.doCall(ClickKeyword.groovy:65)
	at com.kms.katalon.core.webui.keyword.builtin.ClickKeyword$_click_closure1.call(ClickKeyword.groovy)
	at com.kms.katalon.core.webui.keyword.internal.WebUIKeywordMain.runKeyword(WebUIKeywordMain.groovy:20)
	at com.kms.katalon.core.webui.keyword.builtin.ClickKeyword.click(ClickKeyword.groovy:74)
	at com.kms.katalon.core.webui.keyword.builtin.ClickKeyword.execute(ClickKeyword.groovy:40)
	at com.kms.katalon.core.keyword.internal.KeywordExecutor.executeKeywordForPlatform(KeywordExecutor.groovy:74)
	at com.kms.katalon.core.webui.keyword.WebUiBuiltInKeywords.click(WebUiBuiltInKeywords.groovy:659)
	at Script1693826440839.run(Script1693826440839.groovy:235)
	... 15 more
)

22-11-2024T05:28:17 - [MESSAGE][INFO] - Unable to find the element located by 'By.xpath: //div[31]/div[2]/div/div/div/div/span'. Please recheck the objects properties to make sure the desired element is located. 

22-11-2024T05:28:17 - [MESSAGE][FAILED] - Unable to click on object 'Object Repository/Прогноз по отраслям/Фильтр КПО-Отпуск Стресс' (Root cause: com.kms.katalon.core.exception.StepFailedException: Unable to click on object 'Object Repository/Прогноз по отраслям/Фильтр КПО-Отпуск Стресс'
	at com.kms.katalon.core.webui.keyword.internal.WebUIKeywordMain.stepFailed(WebUIKeywordMain.groovy:64)
	at com.kms.katalon.core.webui.keyword.internal.WebUIKeywordMain.runKeyword(WebUIKeywordMain.groovy:26)
	at com.kms.katalon.core.webui.keyword.builtin.ClickKeyword.click(ClickKeyword.groovy:74)
	at com.kms.katalon.core.webui.keyword.builtin.ClickKeyword.execute(ClickKeyword.groovy:40)
	at com.kms.katalon.core.keyword.internal.KeywordExecutor.executeKeywordForPlatform(KeywordExecutor.groovy:74)
	at com.kms.katalon.core.webui.keyword.WebUiBuiltInKeywords.click(WebUiBuiltInKeywords.groovy:659)
	at Прогноз по отраслям сверка дашбордов.run(Прогноз по отраслям сверка дашбордов:235)
	at com.kms.katalon.core.main.ScriptEngine.run(ScriptEngine.java:194)
	at com.kms.katalon.core.main.ScriptEngine.runScriptAsRawText(ScriptEngine.java:119)
	at com.kms.katalon.core.main.TestCaseExecutor.runScript(TestCaseExecutor.java:448)
	at com.kms.katalon.core.main.TestCaseExecutor.doExecute(TestCaseExecutor.java:439)
	at com.kms.katalon.core.main.TestCaseExecutor.processExecutionPhase(TestCaseExecutor.java:418)
	at com.kms.katalon.core.main.TestCaseExecutor.accessMainPhase(TestCaseExecutor.java:410)
	at com.kms.katalon.core.main.TestCaseExecutor.execute(TestCaseExecutor.java:285)
	at com.kms.katalon.core.common.CommonExecutor.accessTestCaseMainPhase(CommonExecutor.java:65)
	at com.kms.katalon.core.main.TestSuiteExecutor.accessTestSuiteMainPhase(TestSuiteExecutor.java:150)
	at com.kms.katalon.core.main.TestSuiteExecutor.execute(TestSuiteExecutor.java:106)
	at com.kms.katalon.core.main.TestCaseMain.startTestSuite(TestCaseMain.java:180)
	at TempTestSuite1732232929817.run(TempTestSuite1732232929817.groovy:35)
	at java.base/jdk.internal.reflect.NativeMethodAccessorImpl.invoke0(Native Method)
	at java.base/jdk.internal.reflect.NativeMethodAccessorImpl.invoke(NativeMethodAccessorImpl.java:77)
	at java.base/jdk.internal.reflect.DelegatingMethodAccessorImpl.invoke(DelegatingMethodAccessorImpl.java:43)
Caused by: com.kms.katalon.core.webui.exception.WebElementNotFoundException: Web element with id: 'Object Repository/Прогноз по отраслям/Фильтр КПО-Отпуск Стресс' located by '//div[31]/div[2]/div/div/div/div/span' not found
	at com.kms.katalon.core.webui.common.WebUiCommonHelper.findWebElement(WebUiCommonHelper.java:1426)
	at com.kms.katalon.core.webui.keyword.internal.WebUIAbstractKeyword.findWebElement(WebUIAbstractKeyword.groovy:27)
	at com.kms.katalon.core.webui.keyword.builtin.ClickKeyword$_click_closure1.doCall(ClickKeyword.groovy:65)
	at com.kms.katalon.core.webui.keyword.builtin.ClickKeyword$_click_closure1.call(ClickKeyword.groovy)
	at com.kms.katalon.core.webui.keyword.internal.WebUIKeywordMain.runKeyword(WebUIKeywordMain.groovy:20)
	at com.kms.katalon.core.webui.keyword.builtin.ClickKeyword.click(ClickKeyword.groovy:74)
	at com.kms.katalon.core.webui.keyword.builtin.ClickKeyword.execute(ClickKeyword.groovy:40)
	at com.kms.katalon.core.keyword.internal.KeywordExecutor.executeKeywordForPlatform(KeywordExecutor.groovy:74)
	at com.kms.katalon.core.webui.keyword.WebUiBuiltInKeywords.click(WebUiBuiltInKeywords.groovy:659)
	at Script1693826440839.run(Script1693826440839.groovy:235)
	... 15 more
)
[[ATTACHMENT|C:\\Users\\LIAZGINA-DI\\git\\SPORU\\Reports\\20241122_024849\\\u041F\u043D-\u0421\u0440-\u041F\u0442\\\u0421\u0432\u0435\u0440\u043A\u0430 \u0434\u0430\u0448\u0431\u043E\u0440\u0434\u043E\u0432 \u0438\u0437 \u0440\u0430\u0437\u043D\u044B\u0445 \u0431\u043B\u043E\u043A\u043E\u0432\\20241122_024849\\1732242497757.png]]

22-11-2024T05:28:17 - [TEST_STEP][FAILED] - click(findTestObject("Прогноз по отраслям/Отпуск Стресс")): Unable to click on object 'Object Repository/Прогноз по отраслям/Отпуск Стресс' (Root cause: com.kms.katalon.core.exception.StepFailedException: Unable to click on object 'Object Repository/Прогноз по отраслям/Отпуск Стресс'
	at com.kms.katalon.core.webui.keyword.internal.WebUIKeywordMain.stepFailed(WebUIKeywordMain.groovy:64)
	at com.kms.katalon.core.webui.keyword.internal.WebUIKeywordMain.runKeyword(WebUIKeywordMain.groovy:26)
	at com.kms.katalon.core.webui.keyword.builtin.ClickKeyword.click(ClickKeyword.groovy:74)
	at com.kms.katalon.core.webui.keyword.builtin.ClickKeyword.execute(ClickKeyword.groovy:40)
	at com.kms.katalon.core.keyword.internal.KeywordExecutor.executeKeywordForPlatform(KeywordExecutor.groovy:74)
	at com.kms.katalon.core.webui.keyword.WebUiBuiltInKeywords.click(WebUiBuiltInKeywords.groovy:659)
	at Прогноз по отраслям сверка дашбордов.run(Прогноз по отраслям сверка дашбордов:237)
	at com.kms.katalon.core.main.ScriptEngine.run(ScriptEngine.java:194)
	at com.kms.katalon.core.main.ScriptEngine.runScriptAsRawText(ScriptEngine.java:119)
	at com.kms.katalon.core.main.TestCaseExecutor.runScript(TestCaseExecutor.java:448)
	at com.kms.katalon.core.main.TestCaseExecutor.doExecute(TestCaseExecutor.java:439)
	at com.kms.katalon.core.main.TestCaseExecutor.processExecutionPhase(TestCaseExecutor.java:418)
	at com.kms.katalon.core.main.TestCaseExecutor.accessMainPhase(TestCaseExecutor.java:410)
	at com.kms.katalon.core.main.TestCaseExecutor.execute(TestCaseExecutor.java:285)
	at com.kms.katalon.core.common.CommonExecutor.accessTestCaseMainPhase(CommonExecutor.java:65)
	at com.kms.katalon.core.main.TestSuiteExecutor.accessTestSuiteMainPhase(TestSuiteExecutor.java:150)
	at com.kms.katalon.core.main.TestSuiteExecutor.execute(TestSuiteExecutor.java:106)
	at com.kms.katalon.core.main.TestCaseMain.startTestSuite(TestCaseMain.java:180)
	at TempTestSuite1732232929817.run(TempTestSuite1732232929817.groovy:35)
	at java.base/jdk.internal.reflect.NativeMethodAccessorImpl.invoke0(Native Method)
	at java.base/jdk.internal.reflect.NativeMethodAccessorImpl.invoke(NativeMethodAccessorImpl.java:77)
	at java.base/jdk.internal.reflect.DelegatingMethodAccessorImpl.invoke(DelegatingMethodAccessorImpl.java:43)
Caused by: com.kms.katalon.core.webui.exception.WebElementNotFoundException: Web element with id: 'Object Repository/Прогноз по отраслям/Отпуск Стресс' located by '//div[31]/div[2]/div/div/div[2]/div/ul/li[2]/div/div' not found
	at com.kms.katalon.core.webui.common.WebUiCommonHelper.findWebElement(WebUiCommonHelper.java:1426)
	at com.kms.katalon.core.webui.keyword.internal.WebUIAbstractKeyword.findWebElement(WebUIAbstractKeyword.groovy:27)
	at com.kms.katalon.core.webui.keyword.builtin.ClickKeyword$_click_closure1.doCall(ClickKeyword.groovy:65)
	at com.kms.katalon.core.webui.keyword.builtin.ClickKeyword$_click_closure1.call(ClickKeyword.groovy)
	at com.kms.katalon.core.webui.keyword.internal.WebUIKeywordMain.runKeyword(WebUIKeywordMain.groovy:20)
	at com.kms.katalon.core.webui.keyword.builtin.ClickKeyword.click(ClickKeyword.groovy:74)
	at com.kms.katalon.core.webui.keyword.builtin.ClickKeyword.execute(ClickKeyword.groovy:40)
	at com.kms.katalon.core.keyword.internal.KeywordExecutor.executeKeywordForPlatform(KeywordExecutor.groovy:74)
	at com.kms.katalon.core.webui.keyword.WebUiBuiltInKeywords.click(WebUiBuiltInKeywords.groovy:659)
	at Script1693826440839.run(Script1693826440839.groovy:237)
	... 15 more
)

22-11-2024T05:29:17 - [MESSAGE][INFO] - Unable to find the element located by 'By.xpath: //div[31]/div[2]/div/div/div[2]/div/ul/li[2]/div/div'. Please recheck the objects properties to make sure the desired element is located. 

22-11-2024T05:29:18 - [MESSAGE][FAILED] - Unable to click on object 'Object Repository/Прогноз по отраслям/Отпуск Стресс' (Root cause: com.kms.katalon.core.exception.StepFailedException: Unable to click on object 'Object Repository/Прогноз по отраслям/Отпуск Стресс'
	at com.kms.katalon.core.webui.keyword.internal.WebUIKeywordMain.stepFailed(WebUIKeywordMain.groovy:64)
	at com.kms.katalon.core.webui.keyword.internal.WebUIKeywordMain.runKeyword(WebUIKeywordMain.groovy:26)
	at com.kms.katalon.core.webui.keyword.builtin.ClickKeyword.click(ClickKeyword.groovy:74)
	at com.kms.katalon.core.webui.keyword.builtin.ClickKeyword.execute(ClickKeyword.groovy:40)
	at com.kms.katalon.core.keyword.internal.KeywordExecutor.executeKeywordForPlatform(KeywordExecutor.groovy:74)
	at com.kms.katalon.core.webui.keyword.WebUiBuiltInKeywords.click(WebUiBuiltInKeywords.groovy:659)
	at Прогноз по отраслям сверка дашбордов.run(Прогноз по отраслям сверка дашбордов:237)
	at com.kms.katalon.core.main.ScriptEngine.run(ScriptEngine.java:194)
	at com.kms.katalon.core.main.ScriptEngine.runScriptAsRawText(ScriptEngine.java:119)
	at com.kms.katalon.core.main.TestCaseExecutor.runScript(TestCaseExecutor.java:448)
	at com.kms.katalon.core.main.TestCaseExecutor.doExecute(TestCaseExecutor.java:439)
	at com.kms.katalon.core.main.TestCaseExecutor.processExecutionPhase(TestCaseExecutor.java:418)
	at com.kms.katalon.core.main.TestCaseExecutor.accessMainPhase(TestCaseExecutor.java:410)
	at com.kms.katalon.core.main.TestCaseExecutor.execute(TestCaseExecutor.java:285)
	at com.kms.katalon.core.common.CommonExecutor.accessTestCaseMainPhase(CommonExecutor.java:65)
	at com.kms.katalon.core.main.TestSuiteExecutor.accessTestSuiteMainPhase(TestSuiteExecutor.java:150)
	at com.kms.katalon.core.main.TestSuiteExecutor.execute(TestSuiteExecutor.java:106)
	at com.kms.katalon.core.main.TestCaseMain.startTestSuite(TestCaseMain.java:180)
	at TempTestSuite1732232929817.run(TempTestSuite1732232929817.groovy:35)
	at java.base/jdk.internal.reflect.NativeMethodAccessorImpl.invoke0(Native Method)
	at java.base/jdk.internal.reflect.NativeMethodAccessorImpl.invoke(NativeMethodAccessorImpl.java:77)
	at java.base/jdk.internal.reflect.DelegatingMethodAccessorImpl.invoke(DelegatingMethodAccessorImpl.java:43)
Caused by: com.kms.katalon.core.webui.exception.WebElementNotFoundException: Web element with id: 'Object Repository/Прогноз по отраслям/Отпуск Стресс' located by '//div[31]/div[2]/div/div/div[2]/div/ul/li[2]/div/div' not found
	at com.kms.katalon.core.webui.common.WebUiCommonHelper.findWebElement(WebUiCommonHelper.java:1426)
	at com.kms.katalon.core.webui.keyword.internal.WebUIAbstractKeyword.findWebElement(WebUIAbstractKeyword.groovy:27)
	at com.kms.katalon.core.webui.keyword.builtin.ClickKeyword$_click_closure1.doCall(ClickKeyword.groovy:65)
	at com.kms.katalon.core.webui.keyword.builtin.ClickKeyword$_click_closure1.call(ClickKeyword.groovy)
	at com.kms.katalon.core.webui.keyword.internal.WebUIKeywordMain.runKeyword(WebUIKeywordMain.groovy:20)
	at com.kms.katalon.core.webui.keyword.builtin.ClickKeyword.click(ClickKeyword.groovy:74)
	at com.kms.katalon.core.webui.keyword.builtin.ClickKeyword.execute(ClickKeyword.groovy:40)
	at com.kms.katalon.core.keyword.internal.KeywordExecutor.executeKeywordForPlatform(KeywordExecutor.groovy:74)
	at com.kms.katalon.core.webui.keyword.WebUiBuiltInKeywords.click(WebUiBuiltInKeywords.groovy:659)
	at Script1693826440839.run(Script1693826440839.groovy:237)
	... 15 more
)
[[ATTACHMENT|C:\\Users\\LIAZGINA-DI\\git\\SPORU\\Reports\\20241122_024849\\\u041F\u043D-\u0421\u0440-\u041F\u0442\\\u0421\u0432\u0435\u0440\u043A\u0430 \u0434\u0430\u0448\u0431\u043E\u0440\u0434\u043E\u0432 \u0438\u0437 \u0440\u0430\u0437\u043D\u044B\u0445 \u0431\u043B\u043E\u043A\u043E\u0432\\20241122_024849\\1732242557967.png]]

22-11-2024T05:29:18 - [TEST_STEP][PASSED] - delay(40): Delayed 40 second(s)

22-11-2024T05:29:58 - [MESSAGE][PASSED] - Delayed 40 second(s)

22-11-2024T05:29:58 - [TEST_STEP][PASSED] - b1 = getText(findTestObject("Прогноз по отраслям/Виджеты дашборда")): Text of object 'Object Repository/Прогноз по отраслям/Виджеты дашборда' is: 'Год 
2023 год
Сравнение с 
План
Динамика электропотребления, млрд. кВт.ч., по ПАО Россети на 2023 год
10 10
190 190
36 36
14 14
9 9
14 14
4 4
17 17
80 80
19 19
82 82
588 588
10 10
197 197
37 37
48 48
10 10
15 15
4 4
18 18
80 80
19 19
82 82
608 608
План
Ожидаемое (прогноз до конца года)
Интер РАО(для ФСК)
Промышленныепотребители
Транспорт
Нефтедобыча
Нефтеперераб…
Нефтепроводы
Газопроводы
Сельское хозя…
Непромышлен…
Государственн…
Население иприравненныегруппыпотребителей
Территориальн…
Выручка, млрд. руб, по ПАО Россети на 2023 год
5 5
319 319
81 81
16 16
16 16
20 20
2 2
56 56
215 215
67 67
218 218
239 239
6 6
331 331
82 82
77 77
20 20
20 20
3 3
57 57
220 220
68 68
214 214
258 258
План
Ожидаемое (прогноз до конца года)
Интер РАО(для ФСК)
Промышленныепотребители
Транспорт
Нефтедобыча
Нефтеперераб…
Нефтепроводы
Газопроводы
Сельское хозя…
Непромышлен…
Государственн…
Население иприравненныегруппыпотребителей
Территориальн…
Отклонения по ПАО Россети на 2023 год
-4.7% -4.7%
3.8% 3.8%
1.9% 1.9%
230.3% 230.3%
10.9% 10.9%
4.2% 4.2%
21.7% 21.7%
3.9% 3.9%
-0.6% -0.6%
1.6% 1.6%
-1.0% -1.0%
3.3% 3.3%
⬤ Отклонение, %
Интер РАО (для ФСК)
Промышленные потребители
Транспорт
Нефтедобыча
Нефтепереработка
Нефтепроводы
Газопроводы
Сельское хозяйство и пищевая про…
Непромышленные потребители
Государственные (муниципальные)…
Население и приравненные группы…
Территориальные сетевые организ…
Выручка отклонения по ПАО Россети на 2023 год
15.6% 15.6%
3.8% 3.8%
1.2% 1.2%
398.2% 398.2%
26.9% 26.9%
-0.6% -0.6%
26.9% 26.9%
1.5% 1.5%
2.7% 2.7%
2.0% 2.0%
-2.0% -2.0%
7.9% 7.9%
⬤ Отклонение, %
Интер РАО (для ФСК)
Промышленные потребители
Транспорт
Нефтедобыча
Нефтепереработка
Нефтепроводы
Газопроводы
Сельское хозяйство и пищевая про…
Непромышленные потребители
Государственные (муниципальные)…
Население и приравненные группы…
Территориальные сетевые организ…
абс.
%
Прогноз на месяц 
Ноябрь
КПО/Отпуск из сети 
Отпуск из сети, млн. кВт.ч
Организация 
Все
Прогноз электропотребления и выручки за услуги по передаче в разрезе отраслей'

22-11-2024T05:30:28 - [MESSAGE][PASSED] - Text of object 'Object Repository/Прогноз по отраслям/Виджеты дашборда' is: 'Год 
2023 год
Сравнение с 
План
Динамика электропотребления, млрд. кВт.ч., по ПАО Россети на 2023 год
10 10
190 190
36 36
14 14
9 9
14 14
4 4
17 17
80 80
19 19
82 82
588 588
10 10
197 197
37 37
48 48
10 10
15 15
4 4
18 18
80 80
19 19
82 82
608 608
План
Ожидаемое (прогноз до конца года)
Интер РАО(для ФСК)
Промышленныепотребители
Транспорт
Нефтедобыча
Нефтеперераб…
Нефтепроводы
Газопроводы
Сельское хозя…
Непромышлен…
Государственн…
Население иприравненныегруппыпотребителей
Территориальн…
Выручка, млрд. руб, по ПАО Россети на 2023 год
5 5
319 319
81 81
16 16
16 16
20 20
2 2
56 56
215 215
67 67
218 218
239 239
6 6
331 331
82 82
77 77
20 20
20 20
3 3
57 57
220 220
68 68
214 214
258 258
План
Ожидаемое (прогноз до конца года)
Интер РАО(для ФСК)
Промышленныепотребители
Транспорт
Нефтедобыча
Нефтеперераб…
Нефтепроводы
Газопроводы
Сельское хозя…
Непромышлен…
Государственн…
Население иприравненныегруппыпотребителей
Территориальн…
Отклонения по ПАО Россети на 2023 год
-4.7% -4.7%
3.8% 3.8%
1.9% 1.9%
230.3% 230.3%
10.9% 10.9%
4.2% 4.2%
21.7% 21.7%
3.9% 3.9%
-0.6% -0.6%
1.6% 1.6%
-1.0% -1.0%
3.3% 3.3%
⬤ Отклонение, %
Интер РАО (для ФСК)
Промышленные потребители
Транспорт
Нефтедобыча
Нефтепереработка
Нефтепроводы
Газопроводы
Сельское хозяйство и пищевая про…
Непромышленные потребители
Государственные (муниципальные)…
Население и приравненные группы…
Территориальные сетевые организ…
Выручка отклонения по ПАО Россети на 2023 год
15.6% 15.6%
3.8% 3.8%
1.2% 1.2%
398.2% 398.2%
26.9% 26.9%
-0.6% -0.6%
26.9% 26.9%
1.5% 1.5%
2.7% 2.7%
2.0% 2.0%
-2.0% -2.0%
7.9% 7.9%
⬤ Отклонение, %
Интер РАО (для ФСК)
Промышленные потребители
Транспорт
Нефтедобыча
Нефтепереработка
Нефтепроводы
Газопроводы
Сельское хозяйство и пищевая про…
Непромышленные потребители
Государственные (муниципальные)…
Население и приравненные группы…
Территориальные сетевые организ…
абс.
%
Прогноз на месяц 
Ноябрь
КПО/Отпуск из сети 
Отпуск из сети, млн. кВт.ч
Организация 
Все
Прогноз электропотребления и выручки за услуги по передаче в разрезе отраслей'

22-11-2024T05:30:28 - [TEST_STEP][PASSED] - b1 = b1.replaceAll("[^0-9]", ""): null

22-11-2024T05:30:28 - [TEST_STEP][PASSED] - println("b1:" + b1): null

22-11-2024T05:30:28 - [TEST_STEP][FAILED] - click(findTestObject("Прогноз по отраслям/Фильтр Сравнение с Стресс")): Unable to click on object 'Object Repository/Прогноз по отраслям/Фильтр Сравнение с Стресс' (Root cause: com.kms.katalon.core.exception.StepFailedException: Unable to click on object 'Object Repository/Прогноз по отраслям/Фильтр Сравнение с Стресс'
	at com.kms.katalon.core.webui.keyword.internal.WebUIKeywordMain.stepFailed(WebUIKeywordMain.groovy:64)
	at com.kms.katalon.core.webui.keyword.internal.WebUIKeywordMain.runKeyword(WebUIKeywordMain.groovy:26)
	at com.kms.katalon.core.webui.keyword.builtin.ClickKeyword.click(ClickKeyword.groovy:74)
	at com.kms.katalon.core.webui.keyword.builtin.ClickKeyword.execute(ClickKeyword.groovy:40)
	at com.kms.katalon.core.keyword.internal.KeywordExecutor.executeKeywordForPlatform(KeywordExecutor.groovy:74)
	at com.kms.katalon.core.webui.keyword.WebUiBuiltInKeywords.click(WebUiBuiltInKeywords.groovy:659)
	at Прогноз по отраслям сверка дашбордов.run(Прогноз по отраслям сверка дашбордов:247)
	at com.kms.katalon.core.main.ScriptEngine.run(ScriptEngine.java:194)
	at com.kms.katalon.core.main.ScriptEngine.runScriptAsRawText(ScriptEngine.java:119)
	at com.kms.katalon.core.main.TestCaseExecutor.runScript(TestCaseExecutor.java:448)
	at com.kms.katalon.core.main.TestCaseExecutor.doExecute(TestCaseExecutor.java:439)
	at com.kms.katalon.core.main.TestCaseExecutor.processExecutionPhase(TestCaseExecutor.java:418)
	at com.kms.katalon.core.main.TestCaseExecutor.accessMainPhase(TestCaseExecutor.java:410)
	at com.kms.katalon.core.main.TestCaseExecutor.execute(TestCaseExecutor.java:285)
	at com.kms.katalon.core.common.CommonExecutor.accessTestCaseMainPhase(CommonExecutor.java:65)
	at com.kms.katalon.core.main.TestSuiteExecutor.accessTestSuiteMainPhase(TestSuiteExecutor.java:150)
	at com.kms.katalon.core.main.TestSuiteExecutor.execute(TestSuiteExecutor.java:106)
	at com.kms.katalon.core.main.TestCaseMain.startTestSuite(TestCaseMain.java:180)
	at TempTestSuite1732232929817.run(TempTestSuite1732232929817.groovy:35)
	at java.base/jdk.internal.reflect.NativeMethodAccessorImpl.invoke0(Native Method)
	at java.base/jdk.internal.reflect.NativeMethodAccessorImpl.invoke(NativeMethodAccessorImpl.java:77)
	at java.base/jdk.internal.reflect.DelegatingMethodAccessorImpl.invoke(DelegatingMethodAccessorImpl.java:43)
Caused by: com.kms.katalon.core.webui.exception.WebElementNotFoundException: Web element with id: 'Object Repository/Прогноз по отраслям/Фильтр Сравнение с Стресс' located by '//div[5]/div[2]/div/div/div/div' not found
	at com.kms.katalon.core.webui.common.WebUiCommonHelper.findWebElement(WebUiCommonHelper.java:1426)
	at com.kms.katalon.core.webui.keyword.internal.WebUIAbstractKeyword.findWebElement(WebUIAbstractKeyword.groovy:27)
	at com.kms.katalon.core.webui.keyword.builtin.ClickKeyword$_click_closure1.doCall(ClickKeyword.groovy:65)
	at com.kms.katalon.core.webui.keyword.builtin.ClickKeyword$_click_closure1.call(ClickKeyword.groovy)
	at com.kms.katalon.core.webui.keyword.internal.WebUIKeywordMain.runKeyword(WebUIKeywordMain.groovy:20)
	at com.kms.katalon.core.webui.keyword.builtin.ClickKeyword.click(ClickKeyword.groovy:74)
	at com.kms.katalon.core.webui.keyword.builtin.ClickKeyword.execute(ClickKeyword.groovy:40)
	at com.kms.katalon.core.keyword.internal.KeywordExecutor.executeKeywordForPlatform(KeywordExecutor.groovy:74)
	at com.kms.katalon.core.webui.keyword.WebUiBuiltInKeywords.click(WebUiBuiltInKeywords.groovy:659)
	at Script1693826440839.run(Script1693826440839.groovy:247)
	... 15 more
)

22-11-2024T05:31:28 - [MESSAGE][INFO] - Unable to find the element located by 'By.xpath: //div[5]/div[2]/div/div/div/div'. Please recheck the objects properties to make sure the desired element is located. 

22-11-2024T05:31:28 - [MESSAGE][FAILED] - Unable to click on object 'Object Repository/Прогноз по отраслям/Фильтр Сравнение с Стресс' (Root cause: com.kms.katalon.core.exception.StepFailedException: Unable to click on object 'Object Repository/Прогноз по отраслям/Фильтр Сравнение с Стресс'
	at com.kms.katalon.core.webui.keyword.internal.WebUIKeywordMain.stepFailed(WebUIKeywordMain.groovy:64)
	at com.kms.katalon.core.webui.keyword.internal.WebUIKeywordMain.runKeyword(WebUIKeywordMain.groovy:26)
	at com.kms.katalon.core.webui.keyword.builtin.ClickKeyword.click(ClickKeyword.groovy:74)
	at com.kms.katalon.core.webui.keyword.builtin.ClickKeyword.execute(ClickKeyword.groovy:40)
	at com.kms.katalon.core.keyword.internal.KeywordExecutor.executeKeywordForPlatform(KeywordExecutor.groovy:74)
	at com.kms.katalon.core.webui.keyword.WebUiBuiltInKeywords.click(WebUiBuiltInKeywords.groovy:659)
	at Прогноз по отраслям сверка дашбордов.run(Прогноз по отраслям сверка дашбордов:247)
	at com.kms.katalon.core.main.ScriptEngine.run(ScriptEngine.java:194)
	at com.kms.katalon.core.main.ScriptEngine.runScriptAsRawText(ScriptEngine.java:119)
	at com.kms.katalon.core.main.TestCaseExecutor.runScript(TestCaseExecutor.java:448)
	at com.kms.katalon.core.main.TestCaseExecutor.doExecute(TestCaseExecutor.java:439)
	at com.kms.katalon.core.main.TestCaseExecutor.processExecutionPhase(TestCaseExecutor.java:418)
	at com.kms.katalon.core.main.TestCaseExecutor.accessMainPhase(TestCaseExecutor.java:410)
	at com.kms.katalon.core.main.TestCaseExecutor.execute(TestCaseExecutor.java:285)
	at com.kms.katalon.core.common.CommonExecutor.accessTestCaseMainPhase(CommonExecutor.java:65)
	at com.kms.katalon.core.main.TestSuiteExecutor.accessTestSuiteMainPhase(TestSuiteExecutor.java:150)
	at com.kms.katalon.core.main.TestSuiteExecutor.execute(TestSuiteExecutor.java:106)
	at com.kms.katalon.core.main.TestCaseMain.startTestSuite(TestCaseMain.java:180)
	at TempTestSuite1732232929817.run(TempTestSuite1732232929817.groovy:35)
	at java.base/jdk.internal.reflect.NativeMethodAccessorImpl.invoke0(Native Method)
	at java.base/jdk.internal.reflect.NativeMethodAccessorImpl.invoke(NativeMethodAccessorImpl.java:77)
	at java.base/jdk.internal.reflect.DelegatingMethodAccessorImpl.invoke(DelegatingMethodAccessorImpl.java:43)
Caused by: com.kms.katalon.core.webui.exception.WebElementNotFoundException: Web element with id: 'Object Repository/Прогноз по отраслям/Фильтр Сравнение с Стресс' located by '//div[5]/div[2]/div/div/div/div' not found
	at com.kms.katalon.core.webui.common.WebUiCommonHelper.findWebElement(WebUiCommonHelper.java:1426)
	at com.kms.katalon.core.webui.keyword.internal.WebUIAbstractKeyword.findWebElement(WebUIAbstractKeyword.groovy:27)
	at com.kms.katalon.core.webui.keyword.builtin.ClickKeyword$_click_closure1.doCall(ClickKeyword.groovy:65)
	at com.kms.katalon.core.webui.keyword.builtin.ClickKeyword$_click_closure1.call(ClickKeyword.groovy)
	at com.kms.katalon.core.webui.keyword.internal.WebUIKeywordMain.runKeyword(WebUIKeywordMain.groovy:20)
	at com.kms.katalon.core.webui.keyword.builtin.ClickKeyword.click(ClickKeyword.groovy:74)
	at com.kms.katalon.core.webui.keyword.builtin.ClickKeyword.execute(ClickKeyword.groovy:40)
	at com.kms.katalon.core.keyword.internal.KeywordExecutor.executeKeywordForPlatform(KeywordExecutor.groovy:74)
	at com.kms.katalon.core.webui.keyword.WebUiBuiltInKeywords.click(WebUiBuiltInKeywords.groovy:659)
	at Script1693826440839.run(Script1693826440839.groovy:247)
	... 15 more
)
[[ATTACHMENT|C:\\Users\\LIAZGINA-DI\\git\\SPORU\\Reports\\20241122_024849\\\u041F\u043D-\u0421\u0440-\u041F\u0442\\\u0421\u0432\u0435\u0440\u043A\u0430 \u0434\u0430\u0448\u0431\u043E\u0440\u0434\u043E\u0432 \u0438\u0437 \u0440\u0430\u0437\u043D\u044B\u0445 \u0431\u043B\u043E\u043A\u043E\u0432\\20241122_024849\\1732242688702.png]]

22-11-2024T05:31:28 - [TEST_STEP][FAILED] - click(findTestObject("Прогноз по отраслям/План Стресс")): Unable to click on object 'Object Repository/Прогноз по отраслям/План Стресс' (Root cause: com.kms.katalon.core.exception.StepFailedException: Unable to click on object 'Object Repository/Прогноз по отраслям/План Стресс'
	at com.kms.katalon.core.webui.keyword.internal.WebUIKeywordMain.stepFailed(WebUIKeywordMain.groovy:64)
	at com.kms.katalon.core.webui.keyword.internal.WebUIKeywordMain.runKeyword(WebUIKeywordMain.groovy:26)
	at com.kms.katalon.core.webui.keyword.builtin.ClickKeyword.click(ClickKeyword.groovy:74)
	at com.kms.katalon.core.webui.keyword.builtin.ClickKeyword.execute(ClickKeyword.groovy:40)
	at com.kms.katalon.core.keyword.internal.KeywordExecutor.executeKeywordForPlatform(KeywordExecutor.groovy:74)
	at com.kms.katalon.core.webui.keyword.WebUiBuiltInKeywords.click(WebUiBuiltInKeywords.groovy:659)
	at Прогноз по отраслям сверка дашбордов.run(Прогноз по отраслям сверка дашбордов:249)
	at com.kms.katalon.core.main.ScriptEngine.run(ScriptEngine.java:194)
	at com.kms.katalon.core.main.ScriptEngine.runScriptAsRawText(ScriptEngine.java:119)
	at com.kms.katalon.core.main.TestCaseExecutor.runScript(TestCaseExecutor.java:448)
	at com.kms.katalon.core.main.TestCaseExecutor.doExecute(TestCaseExecutor.java:439)
	at com.kms.katalon.core.main.TestCaseExecutor.processExecutionPhase(TestCaseExecutor.java:418)
	at com.kms.katalon.core.main.TestCaseExecutor.accessMainPhase(TestCaseExecutor.java:410)
	at com.kms.katalon.core.main.TestCaseExecutor.execute(TestCaseExecutor.java:285)
	at com.kms.katalon.core.common.CommonExecutor.accessTestCaseMainPhase(CommonExecutor.java:65)
	at com.kms.katalon.core.main.TestSuiteExecutor.accessTestSuiteMainPhase(TestSuiteExecutor.java:150)
	at com.kms.katalon.core.main.TestSuiteExecutor.execute(TestSuiteExecutor.java:106)
	at com.kms.katalon.core.main.TestCaseMain.startTestSuite(TestCaseMain.java:180)
	at TempTestSuite1732232929817.run(TempTestSuite1732232929817.groovy:35)
	at java.base/jdk.internal.reflect.NativeMethodAccessorImpl.invoke0(Native Method)
	at java.base/jdk.internal.reflect.NativeMethodAccessorImpl.invoke(NativeMethodAccessorImpl.java:77)
	at java.base/jdk.internal.reflect.DelegatingMethodAccessorImpl.invoke(DelegatingMethodAccessorImpl.java:43)
Caused by: com.kms.katalon.core.webui.exception.WebElementNotFoundException: Web element with id: 'Object Repository/Прогноз по отраслям/План Стресс' located by '//div[5]/div[2]/div/div/div[2]/div/ul/li[2]/div/div' not found
	at com.kms.katalon.core.webui.common.WebUiCommonHelper.findWebElement(WebUiCommonHelper.java:1426)
	at com.kms.katalon.core.webui.keyword.internal.WebUIAbstractKeyword.findWebElement(WebUIAbstractKeyword.groovy:27)
	at com.kms.katalon.core.webui.keyword.builtin.ClickKeyword$_click_closure1.doCall(ClickKeyword.groovy:65)
	at com.kms.katalon.core.webui.keyword.builtin.ClickKeyword$_click_closure1.call(ClickKeyword.groovy)
	at com.kms.katalon.core.webui.keyword.internal.WebUIKeywordMain.runKeyword(WebUIKeywordMain.groovy:20)
	at com.kms.katalon.core.webui.keyword.builtin.ClickKeyword.click(ClickKeyword.groovy:74)
	at com.kms.katalon.core.webui.keyword.builtin.ClickKeyword.execute(ClickKeyword.groovy:40)
	at com.kms.katalon.core.keyword.internal.KeywordExecutor.executeKeywordForPlatform(KeywordExecutor.groovy:74)
	at com.kms.katalon.core.webui.keyword.WebUiBuiltInKeywords.click(WebUiBuiltInKeywords.groovy:659)
	at Script1693826440839.run(Script1693826440839.groovy:249)
	... 15 more
)

22-11-2024T05:32:28 - [MESSAGE][INFO] - Unable to find the element located by 'By.xpath: //div[5]/div[2]/div/div/div[2]/div/ul/li[2]/div/div'. Please recheck the objects properties to make sure the desired element is located. 

22-11-2024T05:32:29 - [MESSAGE][FAILED] - Unable to click on object 'Object Repository/Прогноз по отраслям/План Стресс' (Root cause: com.kms.katalon.core.exception.StepFailedException: Unable to click on object 'Object Repository/Прогноз по отраслям/План Стресс'
	at com.kms.katalon.core.webui.keyword.internal.WebUIKeywordMain.stepFailed(WebUIKeywordMain.groovy:64)
	at com.kms.katalon.core.webui.keyword.internal.WebUIKeywordMain.runKeyword(WebUIKeywordMain.groovy:26)
	at com.kms.katalon.core.webui.keyword.builtin.ClickKeyword.click(ClickKeyword.groovy:74)
	at com.kms.katalon.core.webui.keyword.builtin.ClickKeyword.execute(ClickKeyword.groovy:40)
	at com.kms.katalon.core.keyword.internal.KeywordExecutor.executeKeywordForPlatform(KeywordExecutor.groovy:74)
	at com.kms.katalon.core.webui.keyword.WebUiBuiltInKeywords.click(WebUiBuiltInKeywords.groovy:659)
	at Прогноз по отраслям сверка дашбордов.run(Прогноз по отраслям сверка дашбордов:249)
	at com.kms.katalon.core.main.ScriptEngine.run(ScriptEngine.java:194)
	at com.kms.katalon.core.main.ScriptEngine.runScriptAsRawText(ScriptEngine.java:119)
	at com.kms.katalon.core.main.TestCaseExecutor.runScript(TestCaseExecutor.java:448)
	at com.kms.katalon.core.main.TestCaseExecutor.doExecute(TestCaseExecutor.java:439)
	at com.kms.katalon.core.main.TestCaseExecutor.processExecutionPhase(TestCaseExecutor.java:418)
	at com.kms.katalon.core.main.TestCaseExecutor.accessMainPhase(TestCaseExecutor.java:410)
	at com.kms.katalon.core.main.TestCaseExecutor.execute(TestCaseExecutor.java:285)
	at com.kms.katalon.core.common.CommonExecutor.accessTestCaseMainPhase(CommonExecutor.java:65)
	at com.kms.katalon.core.main.TestSuiteExecutor.accessTestSuiteMainPhase(TestSuiteExecutor.java:150)
	at com.kms.katalon.core.main.TestSuiteExecutor.execute(TestSuiteExecutor.java:106)
	at com.kms.katalon.core.main.TestCaseMain.startTestSuite(TestCaseMain.java:180)
	at TempTestSuite1732232929817.run(TempTestSuite1732232929817.groovy:35)
	at java.base/jdk.internal.reflect.NativeMethodAccessorImpl.invoke0(Native Method)
	at java.base/jdk.internal.reflect.NativeMethodAccessorImpl.invoke(NativeMethodAccessorImpl.java:77)
	at java.base/jdk.internal.reflect.DelegatingMethodAccessorImpl.invoke(DelegatingMethodAccessorImpl.java:43)
Caused by: com.kms.katalon.core.webui.exception.WebElementNotFoundException: Web element with id: 'Object Repository/Прогноз по отраслям/План Стресс' located by '//div[5]/div[2]/div/div/div[2]/div/ul/li[2]/div/div' not found
	at com.kms.katalon.core.webui.common.WebUiCommonHelper.findWebElement(WebUiCommonHelper.java:1426)
	at com.kms.katalon.core.webui.keyword.internal.WebUIAbstractKeyword.findWebElement(WebUIAbstractKeyword.groovy:27)
	at com.kms.katalon.core.webui.keyword.builtin.ClickKeyword$_click_closure1.doCall(ClickKeyword.groovy:65)
	at com.kms.katalon.core.webui.keyword.builtin.ClickKeyword$_click_closure1.call(ClickKeyword.groovy)
	at com.kms.katalon.core.webui.keyword.internal.WebUIKeywordMain.runKeyword(WebUIKeywordMain.groovy:20)
	at com.kms.katalon.core.webui.keyword.builtin.ClickKeyword.click(ClickKeyword.groovy:74)
	at com.kms.katalon.core.webui.keyword.builtin.ClickKeyword.execute(ClickKeyword.groovy:40)
	at com.kms.katalon.core.keyword.internal.KeywordExecutor.executeKeywordForPlatform(KeywordExecutor.groovy:74)
	at com.kms.katalon.core.webui.keyword.WebUiBuiltInKeywords.click(WebUiBuiltInKeywords.groovy:659)
	at Script1693826440839.run(Script1693826440839.groovy:249)
	... 15 more
)
[[ATTACHMENT|C:\\Users\\LIAZGINA-DI\\git\\SPORU\\Reports\\20241122_024849\\\u041F\u043D-\u0421\u0440-\u041F\u0442\\\u0421\u0432\u0435\u0440\u043A\u0430 \u0434\u0430\u0448\u0431\u043E\u0440\u0434\u043E\u0432 \u0438\u0437 \u0440\u0430\u0437\u043D\u044B\u0445 \u0431\u043B\u043E\u043A\u043E\u0432\\20241122_024849\\1732242748911.png]]

22-11-2024T05:32:29 - [TEST_STEP][PASSED] - delay(40): Delayed 40 second(s)

22-11-2024T05:33:09 - [MESSAGE][PASSED] - Delayed 40 second(s)

22-11-2024T05:33:09 - [TEST_STEP][PASSED] - b2 = getText(findTestObject("Прогноз по отраслям/Виджеты дашборда")): Text of object 'Object Repository/Прогноз по отраслям/Виджеты дашборда' is: 'Год 
2023 год
Сравнение с 
План
Динамика электропотребления, млрд. кВт.ч., по ПАО Россети на 2023 год
10 10
190 190
36 36
14 14
9 9
14 14
4 4
17 17
80 80
19 19
82 82
588 588
10 10
197 197
37 37
48 48
10 10
15 15
4 4
18 18
80 80
19 19
82 82
608 608
План
Ожидаемое (прогноз до конца года)
Интер РАО(для ФСК)
Промышленныепотребители
Транспорт
Нефтедобыча
Нефтеперераб…
Нефтепроводы
Газопроводы
Сельское хозя…
Непромышлен…
Государственн…
Население иприравненныегруппыпотребителей
Территориальн…
Выручка, млрд. руб, по ПАО Россети на 2023 год
5 5
319 319
81 81
16 16
16 16
20 20
2 2
56 56
215 215
67 67
218 218
239 239
6 6
331 331
82 82
77 77
20 20
20 20
3 3
57 57
220 220
68 68
214 214
258 258
План
Ожидаемое (прогноз до конца года)
Интер РАО(для ФСК)
Промышленныепотребители
Транспорт
Нефтедобыча
Нефтеперераб…
Нефтепроводы
Газопроводы
Сельское хозя…
Непромышлен…
Государственн…
Население иприравненныегруппыпотребителей
Территориальн…
Отклонения по ПАО Россети на 2023 год
-4.7% -4.7%
3.8% 3.8%
1.9% 1.9%
230.3% 230.3%
10.9% 10.9%
4.2% 4.2%
21.7% 21.7%
3.9% 3.9%
-0.6% -0.6%
1.6% 1.6%
-1.0% -1.0%
3.3% 3.3%
⬤ Отклонение, %
Интер РАО (для ФСК)
Промышленные потребители
Транспорт
Нефтедобыча
Нефтепереработка
Нефтепроводы
Газопроводы
Сельское хозяйство и пищевая про…
Непромышленные потребители
Государственные (муниципальные)…
Население и приравненные группы…
Территориальные сетевые организ…
Выручка отклонения по ПАО Россети на 2023 год
15.6% 15.6%
3.8% 3.8%
1.2% 1.2%
398.2% 398.2%
26.9% 26.9%
-0.6% -0.6%
26.9% 26.9%
1.5% 1.5%
2.7% 2.7%
2.0% 2.0%
-2.0% -2.0%
7.9% 7.9%
⬤ Отклонение, %
Интер РАО (для ФСК)
Промышленные потребители
Транспорт
Нефтедобыча
Нефтепереработка
Нефтепроводы
Газопроводы
Сельское хозяйство и пищевая про…
Непромышленные потребители
Государственные (муниципальные)…
Население и приравненные группы…
Территориальные сетевые организ…
абс.
%
Прогноз на месяц 
Ноябрь
КПО/Отпуск из сети 
Отпуск из сети, млн. кВт.ч
Организация 
Все
Прогноз электропотребления и выручки за услуги по передаче в разрезе отраслей'

22-11-2024T05:33:39 - [MESSAGE][PASSED] - Text of object 'Object Repository/Прогноз по отраслям/Виджеты дашборда' is: 'Год 
2023 год
Сравнение с 
План
Динамика электропотребления, млрд. кВт.ч., по ПАО Россети на 2023 год
10 10
190 190
36 36
14 14
9 9
14 14
4 4
17 17
80 80
19 19
82 82
588 588
10 10
197 197
37 37
48 48
10 10
15 15
4 4
18 18
80 80
19 19
82 82
608 608
План
Ожидаемое (прогноз до конца года)
Интер РАО(для ФСК)
Промышленныепотребители
Транспорт
Нефтедобыча
Нефтеперераб…
Нефтепроводы
Газопроводы
Сельское хозя…
Непромышлен…
Государственн…
Население иприравненныегруппыпотребителей
Территориальн…
Выручка, млрд. руб, по ПАО Россети на 2023 год
5 5
319 319
81 81
16 16
16 16
20 20
2 2
56 56
215 215
67 67
218 218
239 239
6 6
331 331
82 82
77 77
20 20
20 20
3 3
57 57
220 220
68 68
214 214
258 258
План
Ожидаемое (прогноз до конца года)
Интер РАО(для ФСК)
Промышленныепотребители
Транспорт
Нефтедобыча
Нефтеперераб…
Нефтепроводы
Газопроводы
Сельское хозя…
Непромышлен…
Государственн…
Население иприравненныегруппыпотребителей
Территориальн…
Отклонения по ПАО Россети на 2023 год
-4.7% -4.7%
3.8% 3.8%
1.9% 1.9%
230.3% 230.3%
10.9% 10.9%
4.2% 4.2%
21.7% 21.7%
3.9% 3.9%
-0.6% -0.6%
1.6% 1.6%
-1.0% -1.0%
3.3% 3.3%
⬤ Отклонение, %
Интер РАО (для ФСК)
Промышленные потребители
Транспорт
Нефтедобыча
Нефтепереработка
Нефтепроводы
Газопроводы
Сельское хозяйство и пищевая про…
Непромышленные потребители
Государственные (муниципальные)…
Население и приравненные группы…
Территориальные сетевые организ…
Выручка отклонения по ПАО Россети на 2023 год
15.6% 15.6%
3.8% 3.8%
1.2% 1.2%
398.2% 398.2%
26.9% 26.9%
-0.6% -0.6%
26.9% 26.9%
1.5% 1.5%
2.7% 2.7%
2.0% 2.0%
-2.0% -2.0%
7.9% 7.9%
⬤ Отклонение, %
Интер РАО (для ФСК)
Промышленные потребители
Транспорт
Нефтедобыча
Нефтепереработка
Нефтепроводы
Газопроводы
Сельское хозяйство и пищевая про…
Непромышленные потребители
Государственные (муниципальные)…
Население и приравненные группы…
Территориальные сетевые организ…
абс.
%
Прогноз на месяц 
Ноябрь
КПО/Отпуск из сети 
Отпуск из сети, млн. кВт.ч
Организация 
Все
Прогноз электропотребления и выручки за услуги по передаче в разрезе отраслей'

22-11-2024T05:33:39 - [TEST_STEP][PASSED] - b2 = b2.replaceAll("[^0-9]", ""): null

22-11-2024T05:33:39 - [TEST_STEP][PASSED] - println("b2:" + b2): null

22-11-2024T05:33:39 - [TEST_STEP][FAILED] - click(findTestObject("Прогноз по отраслям/Фильтр Сравнение с Стресс")): Unable to click on object 'Object Repository/Прогноз по отраслям/Фильтр Сравнение с Стресс' (Root cause: com.kms.katalon.core.exception.StepFailedException: Unable to click on object 'Object Repository/Прогноз по отраслям/Фильтр Сравнение с Стресс'
	at com.kms.katalon.core.webui.keyword.internal.WebUIKeywordMain.stepFailed(WebUIKeywordMain.groovy:64)
	at com.kms.katalon.core.webui.keyword.internal.WebUIKeywordMain.runKeyword(WebUIKeywordMain.groovy:26)
	at com.kms.katalon.core.webui.keyword.builtin.ClickKeyword.click(ClickKeyword.groovy:74)
	at com.kms.katalon.core.webui.keyword.builtin.ClickKeyword.execute(ClickKeyword.groovy:40)
	at com.kms.katalon.core.keyword.internal.KeywordExecutor.executeKeywordForPlatform(KeywordExecutor.groovy:74)
	at com.kms.katalon.core.webui.keyword.WebUiBuiltInKeywords.click(WebUiBuiltInKeywords.groovy:659)
	at Прогноз по отраслям сверка дашбордов.run(Прогноз по отраслям сверка дашбордов:259)
	at com.kms.katalon.core.main.ScriptEngine.run(ScriptEngine.java:194)
	at com.kms.katalon.core.main.ScriptEngine.runScriptAsRawText(ScriptEngine.java:119)
	at com.kms.katalon.core.main.TestCaseExecutor.runScript(TestCaseExecutor.java:448)
	at com.kms.katalon.core.main.TestCaseExecutor.doExecute(TestCaseExecutor.java:439)
	at com.kms.katalon.core.main.TestCaseExecutor.processExecutionPhase(TestCaseExecutor.java:418)
	at com.kms.katalon.core.main.TestCaseExecutor.accessMainPhase(TestCaseExecutor.java:410)
	at com.kms.katalon.core.main.TestCaseExecutor.execute(TestCaseExecutor.java:285)
	at com.kms.katalon.core.common.CommonExecutor.accessTestCaseMainPhase(CommonExecutor.java:65)
	at com.kms.katalon.core.main.TestSuiteExecutor.accessTestSuiteMainPhase(TestSuiteExecutor.java:150)
	at com.kms.katalon.core.main.TestSuiteExecutor.execute(TestSuiteExecutor.java:106)
	at com.kms.katalon.core.main.TestCaseMain.startTestSuite(TestCaseMain.java:180)
	at TempTestSuite1732232929817.run(TempTestSuite1732232929817.groovy:35)
	at java.base/jdk.internal.reflect.NativeMethodAccessorImpl.invoke0(Native Method)
	at java.base/jdk.internal.reflect.NativeMethodAccessorImpl.invoke(NativeMethodAccessorImpl.java:77)
	at java.base/jdk.internal.reflect.DelegatingMethodAccessorImpl.invoke(DelegatingMethodAccessorImpl.java:43)
Caused by: com.kms.katalon.core.webui.exception.WebElementNotFoundException: Web element with id: 'Object Repository/Прогноз по отраслям/Фильтр Сравнение с Стресс' located by '//div[5]/div[2]/div/div/div/div' not found
	at com.kms.katalon.core.webui.common.WebUiCommonHelper.findWebElement(WebUiCommonHelper.java:1426)
	at com.kms.katalon.core.webui.keyword.internal.WebUIAbstractKeyword.findWebElement(WebUIAbstractKeyword.groovy:27)
	at com.kms.katalon.core.webui.keyword.builtin.ClickKeyword$_click_closure1.doCall(ClickKeyword.groovy:65)
	at com.kms.katalon.core.webui.keyword.builtin.ClickKeyword$_click_closure1.call(ClickKeyword.groovy)
	at com.kms.katalon.core.webui.keyword.internal.WebUIKeywordMain.runKeyword(WebUIKeywordMain.groovy:20)
	at com.kms.katalon.core.webui.keyword.builtin.ClickKeyword.click(ClickKeyword.groovy:74)
	at com.kms.katalon.core.webui.keyword.builtin.ClickKeyword.execute(ClickKeyword.groovy:40)
	at com.kms.katalon.core.keyword.internal.KeywordExecutor.executeKeywordForPlatform(KeywordExecutor.groovy:74)
	at com.kms.katalon.core.webui.keyword.WebUiBuiltInKeywords.click(WebUiBuiltInKeywords.groovy:659)
	at Script1693826440839.run(Script1693826440839.groovy:259)
	... 15 more
)

22-11-2024T05:34:39 - [MESSAGE][INFO] - Unable to find the element located by 'By.xpath: //div[5]/div[2]/div/div/div/div'. Please recheck the objects properties to make sure the desired element is located. 

22-11-2024T05:34:39 - [MESSAGE][FAILED] - Unable to click on object 'Object Repository/Прогноз по отраслям/Фильтр Сравнение с Стресс' (Root cause: com.kms.katalon.core.exception.StepFailedException: Unable to click on object 'Object Repository/Прогноз по отраслям/Фильтр Сравнение с Стресс'
	at com.kms.katalon.core.webui.keyword.internal.WebUIKeywordMain.stepFailed(WebUIKeywordMain.groovy:64)
	at com.kms.katalon.core.webui.keyword.internal.WebUIKeywordMain.runKeyword(WebUIKeywordMain.groovy:26)
	at com.kms.katalon.core.webui.keyword.builtin.ClickKeyword.click(ClickKeyword.groovy:74)
	at com.kms.katalon.core.webui.keyword.builtin.ClickKeyword.execute(ClickKeyword.groovy:40)
	at com.kms.katalon.core.keyword.internal.KeywordExecutor.executeKeywordForPlatform(KeywordExecutor.groovy:74)
	at com.kms.katalon.core.webui.keyword.WebUiBuiltInKeywords.click(WebUiBuiltInKeywords.groovy:659)
	at Прогноз по отраслям сверка дашбордов.run(Прогноз по отраслям сверка дашбордов:259)
	at com.kms.katalon.core.main.ScriptEngine.run(ScriptEngine.java:194)
	at com.kms.katalon.core.main.ScriptEngine.runScriptAsRawText(ScriptEngine.java:119)
	at com.kms.katalon.core.main.TestCaseExecutor.runScript(TestCaseExecutor.java:448)
	at com.kms.katalon.core.main.TestCaseExecutor.doExecute(TestCaseExecutor.java:439)
	at com.kms.katalon.core.main.TestCaseExecutor.processExecutionPhase(TestCaseExecutor.java:418)
	at com.kms.katalon.core.main.TestCaseExecutor.accessMainPhase(TestCaseExecutor.java:410)
	at com.kms.katalon.core.main.TestCaseExecutor.execute(TestCaseExecutor.java:285)
	at com.kms.katalon.core.common.CommonExecutor.accessTestCaseMainPhase(CommonExecutor.java:65)
	at com.kms.katalon.core.main.TestSuiteExecutor.accessTestSuiteMainPhase(TestSuiteExecutor.java:150)
	at com.kms.katalon.core.main.TestSuiteExecutor.execute(TestSuiteExecutor.java:106)
	at com.kms.katalon.core.main.TestCaseMain.startTestSuite(TestCaseMain.java:180)
	at TempTestSuite1732232929817.run(TempTestSuite1732232929817.groovy:35)
	at java.base/jdk.internal.reflect.NativeMethodAccessorImpl.invoke0(Native Method)
	at java.base/jdk.internal.reflect.NativeMethodAccessorImpl.invoke(NativeMethodAccessorImpl.java:77)
	at java.base/jdk.internal.reflect.DelegatingMethodAccessorImpl.invoke(DelegatingMethodAccessorImpl.java:43)
Caused by: com.kms.katalon.core.webui.exception.WebElementNotFoundException: Web element with id: 'Object Repository/Прогноз по отраслям/Фильтр Сравнение с Стресс' located by '//div[5]/div[2]/div/div/div/div' not found
	at com.kms.katalon.core.webui.common.WebUiCommonHelper.findWebElement(WebUiCommonHelper.java:1426)
	at com.kms.katalon.core.webui.keyword.internal.WebUIAbstractKeyword.findWebElement(WebUIAbstractKeyword.groovy:27)
	at com.kms.katalon.core.webui.keyword.builtin.ClickKeyword$_click_closure1.doCall(ClickKeyword.groovy:65)
	at com.kms.katalon.core.webui.keyword.builtin.ClickKeyword$_click_closure1.call(ClickKeyword.groovy)
	at com.kms.katalon.core.webui.keyword.internal.WebUIKeywordMain.runKeyword(WebUIKeywordMain.groovy:20)
	at com.kms.katalon.core.webui.keyword.builtin.ClickKeyword.click(ClickKeyword.groovy:74)
	at com.kms.katalon.core.webui.keyword.builtin.ClickKeyword.execute(ClickKeyword.groovy:40)
	at com.kms.katalon.core.keyword.internal.KeywordExecutor.executeKeywordForPlatform(KeywordExecutor.groovy:74)
	at com.kms.katalon.core.webui.keyword.WebUiBuiltInKeywords.click(WebUiBuiltInKeywords.groovy:659)
	at Script1693826440839.run(Script1693826440839.groovy:259)
	... 15 more
)
[[ATTACHMENT|C:\\Users\\LIAZGINA-DI\\git\\SPORU\\Reports\\20241122_024849\\\u041F\u043D-\u0421\u0440-\u041F\u0442\\\u0421\u0432\u0435\u0440\u043A\u0430 \u0434\u0430\u0448\u0431\u043E\u0440\u0434\u043E\u0432 \u0438\u0437 \u0440\u0430\u0437\u043D\u044B\u0445 \u0431\u043B\u043E\u043A\u043E\u0432\\20241122_024849\\1732242879586.png]]

22-11-2024T05:34:39 - [TEST_STEP][FAILED] - click(findTestObject("Прогноз по отраслям/План СУ Стресс")): Unable to click on object 'Object Repository/Прогноз по отраслям/План СУ Стресс' (Root cause: com.kms.katalon.core.exception.StepFailedException: Unable to click on object 'Object Repository/Прогноз по отраслям/План СУ Стресс'
	at com.kms.katalon.core.webui.keyword.internal.WebUIKeywordMain.stepFailed(WebUIKeywordMain.groovy:64)
	at com.kms.katalon.core.webui.keyword.internal.WebUIKeywordMain.runKeyword(WebUIKeywordMain.groovy:26)
	at com.kms.katalon.core.webui.keyword.builtin.ClickKeyword.click(ClickKeyword.groovy:74)
	at com.kms.katalon.core.webui.keyword.builtin.ClickKeyword.execute(ClickKeyword.groovy:40)
	at com.kms.katalon.core.keyword.internal.KeywordExecutor.executeKeywordForPlatform(KeywordExecutor.groovy:74)
	at com.kms.katalon.core.webui.keyword.WebUiBuiltInKeywords.click(WebUiBuiltInKeywords.groovy:659)
	at Прогноз по отраслям сверка дашбордов.run(Прогноз по отраслям сверка дашбордов:261)
	at com.kms.katalon.core.main.ScriptEngine.run(ScriptEngine.java:194)
	at com.kms.katalon.core.main.ScriptEngine.runScriptAsRawText(ScriptEngine.java:119)
	at com.kms.katalon.core.main.TestCaseExecutor.runScript(TestCaseExecutor.java:448)
	at com.kms.katalon.core.main.TestCaseExecutor.doExecute(TestCaseExecutor.java:439)
	at com.kms.katalon.core.main.TestCaseExecutor.processExecutionPhase(TestCaseExecutor.java:418)
	at com.kms.katalon.core.main.TestCaseExecutor.accessMainPhase(TestCaseExecutor.java:410)
	at com.kms.katalon.core.main.TestCaseExecutor.execute(TestCaseExecutor.java:285)
	at com.kms.katalon.core.common.CommonExecutor.accessTestCaseMainPhase(CommonExecutor.java:65)
	at com.kms.katalon.core.main.TestSuiteExecutor.accessTestSuiteMainPhase(TestSuiteExecutor.java:150)
	at com.kms.katalon.core.main.TestSuiteExecutor.execute(TestSuiteExecutor.java:106)
	at com.kms.katalon.core.main.TestCaseMain.startTestSuite(TestCaseMain.java:180)
	at TempTestSuite1732232929817.run(TempTestSuite1732232929817.groovy:35)
	at java.base/jdk.internal.reflect.NativeMethodAccessorImpl.invoke0(Native Method)
	at java.base/jdk.internal.reflect.NativeMethodAccessorImpl.invoke(NativeMethodAccessorImpl.java:77)
	at java.base/jdk.internal.reflect.DelegatingMethodAccessorImpl.invoke(DelegatingMethodAccessorImpl.java:43)
Caused by: com.kms.katalon.core.webui.exception.WebElementNotFoundException: Web element with id: 'Object Repository/Прогноз по отраслям/План СУ Стресс' located by '//div[5]/div[2]/div/div/div[2]/div/ul/li[3]/div/div' not found
	at com.kms.katalon.core.webui.common.WebUiCommonHelper.findWebElement(WebUiCommonHelper.java:1426)
	at com.kms.katalon.core.webui.keyword.internal.WebUIAbstractKeyword.findWebElement(WebUIAbstractKeyword.groovy:27)
	at com.kms.katalon.core.webui.keyword.builtin.ClickKeyword$_click_closure1.doCall(ClickKeyword.groovy:65)
	at com.kms.katalon.core.webui.keyword.builtin.ClickKeyword$_click_closure1.call(ClickKeyword.groovy)
	at com.kms.katalon.core.webui.keyword.internal.WebUIKeywordMain.runKeyword(WebUIKeywordMain.groovy:20)
	at com.kms.katalon.core.webui.keyword.builtin.ClickKeyword.click(ClickKeyword.groovy:74)
	at com.kms.katalon.core.webui.keyword.builtin.ClickKeyword.execute(ClickKeyword.groovy:40)
	at com.kms.katalon.core.keyword.internal.KeywordExecutor.executeKeywordForPlatform(KeywordExecutor.groovy:74)
	at com.kms.katalon.core.webui.keyword.WebUiBuiltInKeywords.click(WebUiBuiltInKeywords.groovy:659)
	at Script1693826440839.run(Script1693826440839.groovy:261)
	... 15 more
)

22-11-2024T05:35:39 - [MESSAGE][INFO] - Unable to find the element located by 'By.xpath: //div[5]/div[2]/div/div/div[2]/div/ul/li[3]/div/div'. Please recheck the objects properties to make sure the desired element is located. 

22-11-2024T05:35:39 - [MESSAGE][FAILED] - Unable to click on object 'Object Repository/Прогноз по отраслям/План СУ Стресс' (Root cause: com.kms.katalon.core.exception.StepFailedException: Unable to click on object 'Object Repository/Прогноз по отраслям/План СУ Стресс'
	at com.kms.katalon.core.webui.keyword.internal.WebUIKeywordMain.stepFailed(WebUIKeywordMain.groovy:64)
	at com.kms.katalon.core.webui.keyword.internal.WebUIKeywordMain.runKeyword(WebUIKeywordMain.groovy:26)
	at com.kms.katalon.core.webui.keyword.builtin.ClickKeyword.click(ClickKeyword.groovy:74)
	at com.kms.katalon.core.webui.keyword.builtin.ClickKeyword.execute(ClickKeyword.groovy:40)
	at com.kms.katalon.core.keyword.internal.KeywordExecutor.executeKeywordForPlatform(KeywordExecutor.groovy:74)
	at com.kms.katalon.core.webui.keyword.WebUiBuiltInKeywords.click(WebUiBuiltInKeywords.groovy:659)
	at Прогноз по отраслям сверка дашбордов.run(Прогноз по отраслям сверка дашбордов:261)
	at com.kms.katalon.core.main.ScriptEngine.run(ScriptEngine.java:194)
	at com.kms.katalon.core.main.ScriptEngine.runScriptAsRawText(ScriptEngine.java:119)
	at com.kms.katalon.core.main.TestCaseExecutor.runScript(TestCaseExecutor.java:448)
	at com.kms.katalon.core.main.TestCaseExecutor.doExecute(TestCaseExecutor.java:439)
	at com.kms.katalon.core.main.TestCaseExecutor.processExecutionPhase(TestCaseExecutor.java:418)
	at com.kms.katalon.core.main.TestCaseExecutor.accessMainPhase(TestCaseExecutor.java:410)
	at com.kms.katalon.core.main.TestCaseExecutor.execute(TestCaseExecutor.java:285)
	at com.kms.katalon.core.common.CommonExecutor.accessTestCaseMainPhase(CommonExecutor.java:65)
	at com.kms.katalon.core.main.TestSuiteExecutor.accessTestSuiteMainPhase(TestSuiteExecutor.java:150)
	at com.kms.katalon.core.main.TestSuiteExecutor.execute(TestSuiteExecutor.java:106)
	at com.kms.katalon.core.main.TestCaseMain.startTestSuite(TestCaseMain.java:180)
	at TempTestSuite1732232929817.run(TempTestSuite1732232929817.groovy:35)
	at java.base/jdk.internal.reflect.NativeMethodAccessorImpl.invoke0(Native Method)
	at java.base/jdk.internal.reflect.NativeMethodAccessorImpl.invoke(NativeMethodAccessorImpl.java:77)
	at java.base/jdk.internal.reflect.DelegatingMethodAccessorImpl.invoke(DelegatingMethodAccessorImpl.java:43)
Caused by: com.kms.katalon.core.webui.exception.WebElementNotFoundException: Web element with id: 'Object Repository/Прогноз по отраслям/План СУ Стресс' located by '//div[5]/div[2]/div/div/div[2]/div/ul/li[3]/div/div' not found
	at com.kms.katalon.core.webui.common.WebUiCommonHelper.findWebElement(WebUiCommonHelper.java:1426)
	at com.kms.katalon.core.webui.keyword.internal.WebUIAbstractKeyword.findWebElement(WebUIAbstractKeyword.groovy:27)
	at com.kms.katalon.core.webui.keyword.builtin.ClickKeyword$_click_closure1.doCall(ClickKeyword.groovy:65)
	at com.kms.katalon.core.webui.keyword.builtin.ClickKeyword$_click_closure1.call(ClickKeyword.groovy)
	at com.kms.katalon.core.webui.keyword.internal.WebUIKeywordMain.runKeyword(WebUIKeywordMain.groovy:20)
	at com.kms.katalon.core.webui.keyword.builtin.ClickKeyword.click(ClickKeyword.groovy:74)
	at com.kms.katalon.core.webui.keyword.builtin.ClickKeyword.execute(ClickKeyword.groovy:40)
	at com.kms.katalon.core.keyword.internal.KeywordExecutor.executeKeywordForPlatform(KeywordExecutor.groovy:74)
	at com.kms.katalon.core.webui.keyword.WebUiBuiltInKeywords.click(WebUiBuiltInKeywords.groovy:659)
	at Script1693826440839.run(Script1693826440839.groovy:261)
	... 15 more
)
[[ATTACHMENT|C:\\Users\\LIAZGINA-DI\\git\\SPORU\\Reports\\20241122_024849\\\u041F\u043D-\u0421\u0440-\u041F\u0442\\\u0421\u0432\u0435\u0440\u043A\u0430 \u0434\u0430\u0448\u0431\u043E\u0440\u0434\u043E\u0432 \u0438\u0437 \u0440\u0430\u0437\u043D\u044B\u0445 \u0431\u043B\u043E\u043A\u043E\u0432\\20241122_024849\\1732242939781.png]]

22-11-2024T05:35:39 - [TEST_STEP][PASSED] - delay(40): Delayed 40 second(s)

22-11-2024T05:36:19 - [MESSAGE][PASSED] - Delayed 40 second(s)

22-11-2024T05:36:19 - [TEST_STEP][PASSED] - b3 = getText(findTestObject("Прогноз по отраслям/Виджеты дашборда")): Text of object 'Object Repository/Прогноз по отраслям/Виджеты дашборда' is: 'Год 
2023 год
Сравнение с 
План
Динамика электропотребления, млрд. кВт.ч., по ПАО Россети на 2023 год
10 10
190 190
36 36
14 14
9 9
14 14
4 4
17 17
80 80
19 19
82 82
588 588
10 10
197 197
37 37
48 48
10 10
15 15
4 4
18 18
80 80
19 19
82 82
608 608
План
Ожидаемое (прогноз до конца года)
Интер РАО(для ФСК)
Промышленныепотребители
Транспорт
Нефтедобыча
Нефтеперераб…
Нефтепроводы
Газопроводы
Сельское хозя…
Непромышлен…
Государственн…
Население иприравненныегруппыпотребителей
Территориальн…
Выручка, млрд. руб, по ПАО Россети на 2023 год
5 5
319 319
81 81
16 16
16 16
20 20
2 2
56 56
215 215
67 67
218 218
239 239
6 6
331 331
82 82
77 77
20 20
20 20
3 3
57 57
220 220
68 68
214 214
258 258
План
Ожидаемое (прогноз до конца года)
Интер РАО(для ФСК)
Промышленныепотребители
Транспорт
Нефтедобыча
Нефтеперераб…
Нефтепроводы
Газопроводы
Сельское хозя…
Непромышлен…
Государственн…
Население иприравненныегруппыпотребителей
Территориальн…
Отклонения по ПАО Россети на 2023 год
-4.7% -4.7%
3.8% 3.8%
1.9% 1.9%
230.3% 230.3%
10.9% 10.9%
4.2% 4.2%
21.7% 21.7%
3.9% 3.9%
-0.6% -0.6%
1.6% 1.6%
-1.0% -1.0%
3.3% 3.3%
⬤ Отклонение, %
Интер РАО (для ФСК)
Промышленные потребители
Транспорт
Нефтедобыча
Нефтепереработка
Нефтепроводы
Газопроводы
Сельское хозяйство и пищевая про…
Непромышленные потребители
Государственные (муниципальные)…
Население и приравненные группы…
Территориальные сетевые организ…
Выручка отклонения по ПАО Россети на 2023 год
15.6% 15.6%
3.8% 3.8%
1.2% 1.2%
398.2% 398.2%
26.9% 26.9%
-0.6% -0.6%
26.9% 26.9%
1.5% 1.5%
2.7% 2.7%
2.0% 2.0%
-2.0% -2.0%
7.9% 7.9%
⬤ Отклонение, %
Интер РАО (для ФСК)
Промышленные потребители
Транспорт
Нефтедобыча
Нефтепереработка
Нефтепроводы
Газопроводы
Сельское хозяйство и пищевая про…
Непромышленные потребители
Государственные (муниципальные)…
Население и приравненные группы…
Территориальные сетевые организ…
абс.
%
Прогноз на месяц 
Ноябрь
КПО/Отпуск из сети 
Отпуск из сети, млн. кВт.ч
Организация 
Все
Прогноз электропотребления и выручки за услуги по передаче в разрезе отраслей'

22-11-2024T05:36:50 - [MESSAGE][PASSED] - Text of object 'Object Repository/Прогноз по отраслям/Виджеты дашборда' is: 'Год 
2023 год
Сравнение с 
План
Динамика электропотребления, млрд. кВт.ч., по ПАО Россети на 2023 год
10 10
190 190
36 36
14 14
9 9
14 14
4 4
17 17
80 80
19 19
82 82
588 588
10 10
197 197
37 37
48 48
10 10
15 15
4 4
18 18
80 80
19 19
82 82
608 608
План
Ожидаемое (прогноз до конца года)
Интер РАО(для ФСК)
Промышленныепотребители
Транспорт
Нефтедобыча
Нефтеперераб…
Нефтепроводы
Газопроводы
Сельское хозя…
Непромышлен…
Государственн…
Население иприравненныегруппыпотребителей
Территориальн…
Выручка, млрд. руб, по ПАО Россети на 2023 год
5 5
319 319
81 81
16 16
16 16
20 20
2 2
56 56
215 215
67 67
218 218
239 239
6 6
331 331
82 82
77 77
20 20
20 20
3 3
57 57
220 220
68 68
214 214
258 258
План
Ожидаемое (прогноз до конца года)
Интер РАО(для ФСК)
Промышленныепотребители
Транспорт
Нефтедобыча
Нефтеперераб…
Нефтепроводы
Газопроводы
Сельское хозя…
Непромышлен…
Государственн…
Население иприравненныегруппыпотребителей
Территориальн…
Отклонения по ПАО Россети на 2023 год
-4.7% -4.7%
3.8% 3.8%
1.9% 1.9%
230.3% 230.3%
10.9% 10.9%
4.2% 4.2%
21.7% 21.7%
3.9% 3.9%
-0.6% -0.6%
1.6% 1.6%
-1.0% -1.0%
3.3% 3.3%
⬤ Отклонение, %
Интер РАО (для ФСК)
Промышленные потребители
Транспорт
Нефтедобыча
Нефтепереработка
Нефтепроводы
Газопроводы
Сельское хозяйство и пищевая про…
Непромышленные потребители
Государственные (муниципальные)…
Население и приравненные группы…
Территориальные сетевые организ…
Выручка отклонения по ПАО Россети на 2023 год
15.6% 15.6%
3.8% 3.8%
1.2% 1.2%
398.2% 398.2%
26.9% 26.9%
-0.6% -0.6%
26.9% 26.9%
1.5% 1.5%
2.7% 2.7%
2.0% 2.0%
-2.0% -2.0%
7.9% 7.9%
⬤ Отклонение, %
Интер РАО (для ФСК)
Промышленные потребители
Транспорт
Нефтедобыча
Нефтепереработка
Нефтепроводы
Газопроводы
Сельское хозяйство и пищевая про…
Непромышленные потребители
Государственные (муниципальные)…
Население и приравненные группы…
Территориальные сетевые организ…
абс.
%
Прогноз на месяц 
Ноябрь
КПО/Отпуск из сети 
Отпуск из сети, млн. кВт.ч
Организация 
Все
Прогноз электропотребления и выручки за услуги по передаче в разрезе отраслей'

22-11-2024T05:36:50 - [TEST_STEP][PASSED] - b3 = b3.replaceAll("[^0-9]", ""): null

22-11-2024T05:36:50 - [TEST_STEP][PASSED] - println("b3:" + b3): null

22-11-2024T05:36:50 - [TEST_STEP][FAILED] - click(findTestObject("Прогноз по отраслям/Фильтр Сравнение с Стресс")): Unable to click on object 'Object Repository/Прогноз по отраслям/Фильтр Сравнение с Стресс' (Root cause: com.kms.katalon.core.exception.StepFailedException: Unable to click on object 'Object Repository/Прогноз по отраслям/Фильтр Сравнение с Стресс'
	at com.kms.katalon.core.webui.keyword.internal.WebUIKeywordMain.stepFailed(WebUIKeywordMain.groovy:64)
	at com.kms.katalon.core.webui.keyword.internal.WebUIKeywordMain.runKeyword(WebUIKeywordMain.groovy:26)
	at com.kms.katalon.core.webui.keyword.builtin.ClickKeyword.click(ClickKeyword.groovy:74)
	at com.kms.katalon.core.webui.keyword.builtin.ClickKeyword.execute(ClickKeyword.groovy:40)
	at com.kms.katalon.core.keyword.internal.KeywordExecutor.executeKeywordForPlatform(KeywordExecutor.groovy:74)
	at com.kms.katalon.core.webui.keyword.WebUiBuiltInKeywords.click(WebUiBuiltInKeywords.groovy:659)
	at Прогноз по отраслям сверка дашбордов.run(Прогноз по отраслям сверка дашбордов:271)
	at com.kms.katalon.core.main.ScriptEngine.run(ScriptEngine.java:194)
	at com.kms.katalon.core.main.ScriptEngine.runScriptAsRawText(ScriptEngine.java:119)
	at com.kms.katalon.core.main.TestCaseExecutor.runScript(TestCaseExecutor.java:448)
	at com.kms.katalon.core.main.TestCaseExecutor.doExecute(TestCaseExecutor.java:439)
	at com.kms.katalon.core.main.TestCaseExecutor.processExecutionPhase(TestCaseExecutor.java:418)
	at com.kms.katalon.core.main.TestCaseExecutor.accessMainPhase(TestCaseExecutor.java:410)
	at com.kms.katalon.core.main.TestCaseExecutor.execute(TestCaseExecutor.java:285)
	at com.kms.katalon.core.common.CommonExecutor.accessTestCaseMainPhase(CommonExecutor.java:65)
	at com.kms.katalon.core.main.TestSuiteExecutor.accessTestSuiteMainPhase(TestSuiteExecutor.java:150)
	at com.kms.katalon.core.main.TestSuiteExecutor.execute(TestSuiteExecutor.java:106)
	at com.kms.katalon.core.main.TestCaseMain.startTestSuite(TestCaseMain.java:180)
	at TempTestSuite1732232929817.run(TempTestSuite1732232929817.groovy:35)
	at java.base/jdk.internal.reflect.NativeMethodAccessorImpl.invoke0(Native Method)
	at java.base/jdk.internal.reflect.NativeMethodAccessorImpl.invoke(NativeMethodAccessorImpl.java:77)
	at java.base/jdk.internal.reflect.DelegatingMethodAccessorImpl.invoke(DelegatingMethodAccessorImpl.java:43)
Caused by: com.kms.katalon.core.webui.exception.WebElementNotFoundException: Web element with id: 'Object Repository/Прогноз по отраслям/Фильтр Сравнение с Стресс' located by '//div[5]/div[2]/div/div/div/div' not found
	at com.kms.katalon.core.webui.common.WebUiCommonHelper.findWebElement(WebUiCommonHelper.java:1426)
	at com.kms.katalon.core.webui.keyword.internal.WebUIAbstractKeyword.findWebElement(WebUIAbstractKeyword.groovy:27)
	at com.kms.katalon.core.webui.keyword.builtin.ClickKeyword$_click_closure1.doCall(ClickKeyword.groovy:65)
	at com.kms.katalon.core.webui.keyword.builtin.ClickKeyword$_click_closure1.call(ClickKeyword.groovy)
	at com.kms.katalon.core.webui.keyword.internal.WebUIKeywordMain.runKeyword(WebUIKeywordMain.groovy:20)
	at com.kms.katalon.core.webui.keyword.builtin.ClickKeyword.click(ClickKeyword.groovy:74)
	at com.kms.katalon.core.webui.keyword.builtin.ClickKeyword.execute(ClickKeyword.groovy:40)
	at com.kms.katalon.core.keyword.internal.KeywordExecutor.executeKeywordForPlatform(KeywordExecutor.groovy:74)
	at com.kms.katalon.core.webui.keyword.WebUiBuiltInKeywords.click(WebUiBuiltInKeywords.groovy:659)
	at Script1693826440839.run(Script1693826440839.groovy:271)
	... 15 more
)

22-11-2024T05:37:50 - [MESSAGE][INFO] - Unable to find the element located by 'By.xpath: //div[5]/div[2]/div/div/div/div'. Please recheck the objects properties to make sure the desired element is located. 

22-11-2024T05:37:50 - [MESSAGE][FAILED] - Unable to click on object 'Object Repository/Прогноз по отраслям/Фильтр Сравнение с Стресс' (Root cause: com.kms.katalon.core.exception.StepFailedException: Unable to click on object 'Object Repository/Прогноз по отраслям/Фильтр Сравнение с Стресс'
	at com.kms.katalon.core.webui.keyword.internal.WebUIKeywordMain.stepFailed(WebUIKeywordMain.groovy:64)
	at com.kms.katalon.core.webui.keyword.internal.WebUIKeywordMain.runKeyword(WebUIKeywordMain.groovy:26)
	at com.kms.katalon.core.webui.keyword.builtin.ClickKeyword.click(ClickKeyword.groovy:74)
	at com.kms.katalon.core.webui.keyword.builtin.ClickKeyword.execute(ClickKeyword.groovy:40)
	at com.kms.katalon.core.keyword.internal.KeywordExecutor.executeKeywordForPlatform(KeywordExecutor.groovy:74)
	at com.kms.katalon.core.webui.keyword.WebUiBuiltInKeywords.click(WebUiBuiltInKeywords.groovy:659)
	at Прогноз по отраслям сверка дашбордов.run(Прогноз по отраслям сверка дашбордов:271)
	at com.kms.katalon.core.main.ScriptEngine.run(ScriptEngine.java:194)
	at com.kms.katalon.core.main.ScriptEngine.runScriptAsRawText(ScriptEngine.java:119)
	at com.kms.katalon.core.main.TestCaseExecutor.runScript(TestCaseExecutor.java:448)
	at com.kms.katalon.core.main.TestCaseExecutor.doExecute(TestCaseExecutor.java:439)
	at com.kms.katalon.core.main.TestCaseExecutor.processExecutionPhase(TestCaseExecutor.java:418)
	at com.kms.katalon.core.main.TestCaseExecutor.accessMainPhase(TestCaseExecutor.java:410)
	at com.kms.katalon.core.main.TestCaseExecutor.execute(TestCaseExecutor.java:285)
	at com.kms.katalon.core.common.CommonExecutor.accessTestCaseMainPhase(CommonExecutor.java:65)
	at com.kms.katalon.core.main.TestSuiteExecutor.accessTestSuiteMainPhase(TestSuiteExecutor.java:150)
	at com.kms.katalon.core.main.TestSuiteExecutor.execute(TestSuiteExecutor.java:106)
	at com.kms.katalon.core.main.TestCaseMain.startTestSuite(TestCaseMain.java:180)
	at TempTestSuite1732232929817.run(TempTestSuite1732232929817.groovy:35)
	at java.base/jdk.internal.reflect.NativeMethodAccessorImpl.invoke0(Native Method)
	at java.base/jdk.internal.reflect.NativeMethodAccessorImpl.invoke(NativeMethodAccessorImpl.java:77)
	at java.base/jdk.internal.reflect.DelegatingMethodAccessorImpl.invoke(DelegatingMethodAccessorImpl.java:43)
Caused by: com.kms.katalon.core.webui.exception.WebElementNotFoundException: Web element with id: 'Object Repository/Прогноз по отраслям/Фильтр Сравнение с Стресс' located by '//div[5]/div[2]/div/div/div/div' not found
	at com.kms.katalon.core.webui.common.WebUiCommonHelper.findWebElement(WebUiCommonHelper.java:1426)
	at com.kms.katalon.core.webui.keyword.internal.WebUIAbstractKeyword.findWebElement(WebUIAbstractKeyword.groovy:27)
	at com.kms.katalon.core.webui.keyword.builtin.ClickKeyword$_click_closure1.doCall(ClickKeyword.groovy:65)
	at com.kms.katalon.core.webui.keyword.builtin.ClickKeyword$_click_closure1.call(ClickKeyword.groovy)
	at com.kms.katalon.core.webui.keyword.internal.WebUIKeywordMain.runKeyword(WebUIKeywordMain.groovy:20)
	at com.kms.katalon.core.webui.keyword.builtin.ClickKeyword.click(ClickKeyword.groovy:74)
	at com.kms.katalon.core.webui.keyword.builtin.ClickKeyword.execute(ClickKeyword.groovy:40)
	at com.kms.katalon.core.keyword.internal.KeywordExecutor.executeKeywordForPlatform(KeywordExecutor.groovy:74)
	at com.kms.katalon.core.webui.keyword.WebUiBuiltInKeywords.click(WebUiBuiltInKeywords.groovy:659)
	at Script1693826440839.run(Script1693826440839.groovy:271)
	... 15 more
)
[[ATTACHMENT|C:\\Users\\LIAZGINA-DI\\git\\SPORU\\Reports\\20241122_024849\\\u041F\u043D-\u0421\u0440-\u041F\u0442\\\u0421\u0432\u0435\u0440\u043A\u0430 \u0434\u0430\u0448\u0431\u043E\u0440\u0434\u043E\u0432 \u0438\u0437 \u0440\u0430\u0437\u043D\u044B\u0445 \u0431\u043B\u043E\u043A\u043E\u0432\\20241122_024849\\1732243070481.png]]

22-11-2024T05:37:50 - [TEST_STEP][FAILED] - click(findTestObject("Прогноз по отраслям/Факт прошлого года Стресс")): Unable to click on object 'Object Repository/Прогноз по отраслям/Факт прошлого года Стресс' (Root cause: com.kms.katalon.core.exception.StepFailedException: Unable to click on object 'Object Repository/Прогноз по отраслям/Факт прошлого года Стресс'
	at com.kms.katalon.core.webui.keyword.internal.WebUIKeywordMain.stepFailed(WebUIKeywordMain.groovy:64)
	at com.kms.katalon.core.webui.keyword.internal.WebUIKeywordMain.runKeyword(WebUIKeywordMain.groovy:26)
	at com.kms.katalon.core.webui.keyword.builtin.ClickKeyword.click(ClickKeyword.groovy:74)
	at com.kms.katalon.core.webui.keyword.builtin.ClickKeyword.execute(ClickKeyword.groovy:40)
	at com.kms.katalon.core.keyword.internal.KeywordExecutor.executeKeywordForPlatform(KeywordExecutor.groovy:74)
	at com.kms.katalon.core.webui.keyword.WebUiBuiltInKeywords.click(WebUiBuiltInKeywords.groovy:659)
	at Прогноз по отраслям сверка дашбордов.run(Прогноз по отраслям сверка дашбордов:273)
	at com.kms.katalon.core.main.ScriptEngine.run(ScriptEngine.java:194)
	at com.kms.katalon.core.main.ScriptEngine.runScriptAsRawText(ScriptEngine.java:119)
	at com.kms.katalon.core.main.TestCaseExecutor.runScript(TestCaseExecutor.java:448)
	at com.kms.katalon.core.main.TestCaseExecutor.doExecute(TestCaseExecutor.java:439)
	at com.kms.katalon.core.main.TestCaseExecutor.processExecutionPhase(TestCaseExecutor.java:418)
	at com.kms.katalon.core.main.TestCaseExecutor.accessMainPhase(TestCaseExecutor.java:410)
	at com.kms.katalon.core.main.TestCaseExecutor.execute(TestCaseExecutor.java:285)
	at com.kms.katalon.core.common.CommonExecutor.accessTestCaseMainPhase(CommonExecutor.java:65)
	at com.kms.katalon.core.main.TestSuiteExecutor.accessTestSuiteMainPhase(TestSuiteExecutor.java:150)
	at com.kms.katalon.core.main.TestSuiteExecutor.execute(TestSuiteExecutor.java:106)
	at com.kms.katalon.core.main.TestCaseMain.startTestSuite(TestCaseMain.java:180)
	at TempTestSuite1732232929817.run(TempTestSuite1732232929817.groovy:35)
	at java.base/jdk.internal.reflect.NativeMethodAccessorImpl.invoke0(Native Method)
	at java.base/jdk.internal.reflect.NativeMethodAccessorImpl.invoke(NativeMethodAccessorImpl.java:77)
	at java.base/jdk.internal.reflect.DelegatingMethodAccessorImpl.invoke(DelegatingMethodAccessorImpl.java:43)
Caused by: com.kms.katalon.core.webui.exception.WebElementNotFoundException: Web element with id: 'Object Repository/Прогноз по отраслям/Факт прошлого года Стресс' located by '//div[5]/div[2]/div/div/div[2]/div/ul/li/div/div' not found
	at com.kms.katalon.core.webui.common.WebUiCommonHelper.findWebElement(WebUiCommonHelper.java:1426)
	at com.kms.katalon.core.webui.keyword.internal.WebUIAbstractKeyword.findWebElement(WebUIAbstractKeyword.groovy:27)
	at com.kms.katalon.core.webui.keyword.builtin.ClickKeyword$_click_closure1.doCall(ClickKeyword.groovy:65)
	at com.kms.katalon.core.webui.keyword.builtin.ClickKeyword$_click_closure1.call(ClickKeyword.groovy)
	at com.kms.katalon.core.webui.keyword.internal.WebUIKeywordMain.runKeyword(WebUIKeywordMain.groovy:20)
	at com.kms.katalon.core.webui.keyword.builtin.ClickKeyword.click(ClickKeyword.groovy:74)
	at com.kms.katalon.core.webui.keyword.builtin.ClickKeyword.execute(ClickKeyword.groovy:40)
	at com.kms.katalon.core.keyword.internal.KeywordExecutor.executeKeywordForPlatform(KeywordExecutor.groovy:74)
	at com.kms.katalon.core.webui.keyword.WebUiBuiltInKeywords.click(WebUiBuiltInKeywords.groovy:659)
	at Script1693826440839.run(Script1693826440839.groovy:273)
	... 15 more
)

22-11-2024T05:38:50 - [MESSAGE][INFO] - Unable to find the element located by 'By.xpath: //div[5]/div[2]/div/div/div[2]/div/ul/li/div/div'. Please recheck the objects properties to make sure the desired element is located. 

22-11-2024T05:38:50 - [MESSAGE][FAILED] - Unable to click on object 'Object Repository/Прогноз по отраслям/Факт прошлого года Стресс' (Root cause: com.kms.katalon.core.exception.StepFailedException: Unable to click on object 'Object Repository/Прогноз по отраслям/Факт прошлого года Стресс'
	at com.kms.katalon.core.webui.keyword.internal.WebUIKeywordMain.stepFailed(WebUIKeywordMain.groovy:64)
	at com.kms.katalon.core.webui.keyword.internal.WebUIKeywordMain.runKeyword(WebUIKeywordMain.groovy:26)
	at com.kms.katalon.core.webui.keyword.builtin.ClickKeyword.click(ClickKeyword.groovy:74)
	at com.kms.katalon.core.webui.keyword.builtin.ClickKeyword.execute(ClickKeyword.groovy:40)
	at com.kms.katalon.core.keyword.internal.KeywordExecutor.executeKeywordForPlatform(KeywordExecutor.groovy:74)
	at com.kms.katalon.core.webui.keyword.WebUiBuiltInKeywords.click(WebUiBuiltInKeywords.groovy:659)
	at Прогноз по отраслям сверка дашбордов.run(Прогноз по отраслям сверка дашбордов:273)
	at com.kms.katalon.core.main.ScriptEngine.run(ScriptEngine.java:194)
	at com.kms.katalon.core.main.ScriptEngine.runScriptAsRawText(ScriptEngine.java:119)
	at com.kms.katalon.core.main.TestCaseExecutor.runScript(TestCaseExecutor.java:448)
	at com.kms.katalon.core.main.TestCaseExecutor.doExecute(TestCaseExecutor.java:439)
	at com.kms.katalon.core.main.TestCaseExecutor.processExecutionPhase(TestCaseExecutor.java:418)
	at com.kms.katalon.core.main.TestCaseExecutor.accessMainPhase(TestCaseExecutor.java:410)
	at com.kms.katalon.core.main.TestCaseExecutor.execute(TestCaseExecutor.java:285)
	at com.kms.katalon.core.common.CommonExecutor.accessTestCaseMainPhase(CommonExecutor.java:65)
	at com.kms.katalon.core.main.TestSuiteExecutor.accessTestSuiteMainPhase(TestSuiteExecutor.java:150)
	at com.kms.katalon.core.main.TestSuiteExecutor.execute(TestSuiteExecutor.java:106)
	at com.kms.katalon.core.main.TestCaseMain.startTestSuite(TestCaseMain.java:180)
	at TempTestSuite1732232929817.run(TempTestSuite1732232929817.groovy:35)
	at java.base/jdk.internal.reflect.NativeMethodAccessorImpl.invoke0(Native Method)
	at java.base/jdk.internal.reflect.NativeMethodAccessorImpl.invoke(NativeMethodAccessorImpl.java:77)
	at java.base/jdk.internal.reflect.DelegatingMethodAccessorImpl.invoke(DelegatingMethodAccessorImpl.java:43)
Caused by: com.kms.katalon.core.webui.exception.WebElementNotFoundException: Web element with id: 'Object Repository/Прогноз по отраслям/Факт прошлого года Стресс' located by '//div[5]/div[2]/div/div/div[2]/div/ul/li/div/div' not found
	at com.kms.katalon.core.webui.common.WebUiCommonHelper.findWebElement(WebUiCommonHelper.java:1426)
	at com.kms.katalon.core.webui.keyword.internal.WebUIAbstractKeyword.findWebElement(WebUIAbstractKeyword.groovy:27)
	at com.kms.katalon.core.webui.keyword.builtin.ClickKeyword$_click_closure1.doCall(ClickKeyword.groovy:65)
	at com.kms.katalon.core.webui.keyword.builtin.ClickKeyword$_click_closure1.call(ClickKeyword.groovy)
	at com.kms.katalon.core.webui.keyword.internal.WebUIKeywordMain.runKeyword(WebUIKeywordMain.groovy:20)
	at com.kms.katalon.core.webui.keyword.builtin.ClickKeyword.click(ClickKeyword.groovy:74)
	at com.kms.katalon.core.webui.keyword.builtin.ClickKeyword.execute(ClickKeyword.groovy:40)
	at com.kms.katalon.core.keyword.internal.KeywordExecutor.executeKeywordForPlatform(KeywordExecutor.groovy:74)
	at com.kms.katalon.core.webui.keyword.WebUiBuiltInKeywords.click(WebUiBuiltInKeywords.groovy:659)
	at Script1693826440839.run(Script1693826440839.groovy:273)
	... 15 more
)
[[ATTACHMENT|C:\\Users\\LIAZGINA-DI\\git\\SPORU\\Reports\\20241122_024849\\\u041F\u043D-\u0421\u0440-\u041F\u0442\\\u0421\u0432\u0435\u0440\u043A\u0430 \u0434\u0430\u0448\u0431\u043E\u0440\u0434\u043E\u0432 \u0438\u0437 \u0440\u0430\u0437\u043D\u044B\u0445 \u0431\u043B\u043E\u043A\u043E\u0432\\20241122_024849\\1732243130686.png]]

22-11-2024T05:38:50 - [TEST_STEP][FAILED] - click(findTestObject("Прогноз по отраслям/Фильтр КПО-Отпуск Стресс")): Unable to click on object 'Object Repository/Прогноз по отраслям/Фильтр КПО-Отпуск Стресс' (Root cause: com.kms.katalon.core.exception.StepFailedException: Unable to click on object 'Object Repository/Прогноз по отраслям/Фильтр КПО-Отпуск Стресс'
	at com.kms.katalon.core.webui.keyword.internal.WebUIKeywordMain.stepFailed(WebUIKeywordMain.groovy:64)
	at com.kms.katalon.core.webui.keyword.internal.WebUIKeywordMain.runKeyword(WebUIKeywordMain.groovy:26)
	at com.kms.katalon.core.webui.keyword.builtin.ClickKeyword.click(ClickKeyword.groovy:74)
	at com.kms.katalon.core.webui.keyword.builtin.ClickKeyword.execute(ClickKeyword.groovy:40)
	at com.kms.katalon.core.keyword.internal.KeywordExecutor.executeKeywordForPlatform(KeywordExecutor.groovy:74)
	at com.kms.katalon.core.webui.keyword.WebUiBuiltInKeywords.click(WebUiBuiltInKeywords.groovy:659)
	at Прогноз по отраслям сверка дашбордов.run(Прогноз по отраслям сверка дашбордов:275)
	at com.kms.katalon.core.main.ScriptEngine.run(ScriptEngine.java:194)
	at com.kms.katalon.core.main.ScriptEngine.runScriptAsRawText(ScriptEngine.java:119)
	at com.kms.katalon.core.main.TestCaseExecutor.runScript(TestCaseExecutor.java:448)
	at com.kms.katalon.core.main.TestCaseExecutor.doExecute(TestCaseExecutor.java:439)
	at com.kms.katalon.core.main.TestCaseExecutor.processExecutionPhase(TestCaseExecutor.java:418)
	at com.kms.katalon.core.main.TestCaseExecutor.accessMainPhase(TestCaseExecutor.java:410)
	at com.kms.katalon.core.main.TestCaseExecutor.execute(TestCaseExecutor.java:285)
	at com.kms.katalon.core.common.CommonExecutor.accessTestCaseMainPhase(CommonExecutor.java:65)
	at com.kms.katalon.core.main.TestSuiteExecutor.accessTestSuiteMainPhase(TestSuiteExecutor.java:150)
	at com.kms.katalon.core.main.TestSuiteExecutor.execute(TestSuiteExecutor.java:106)
	at com.kms.katalon.core.main.TestCaseMain.startTestSuite(TestCaseMain.java:180)
	at TempTestSuite1732232929817.run(TempTestSuite1732232929817.groovy:35)
	at java.base/jdk.internal.reflect.NativeMethodAccessorImpl.invoke0(Native Method)
	at java.base/jdk.internal.reflect.NativeMethodAccessorImpl.invoke(NativeMethodAccessorImpl.java:77)
	at java.base/jdk.internal.reflect.DelegatingMethodAccessorImpl.invoke(DelegatingMethodAccessorImpl.java:43)
Caused by: com.kms.katalon.core.webui.exception.WebElementNotFoundException: Web element with id: 'Object Repository/Прогноз по отраслям/Фильтр КПО-Отпуск Стресс' located by '//div[31]/div[2]/div/div/div/div/span' not found
	at com.kms.katalon.core.webui.common.WebUiCommonHelper.findWebElement(WebUiCommonHelper.java:1426)
	at com.kms.katalon.core.webui.keyword.internal.WebUIAbstractKeyword.findWebElement(WebUIAbstractKeyword.groovy:27)
	at com.kms.katalon.core.webui.keyword.builtin.ClickKeyword$_click_closure1.doCall(ClickKeyword.groovy:65)
	at com.kms.katalon.core.webui.keyword.builtin.ClickKeyword$_click_closure1.call(ClickKeyword.groovy)
	at com.kms.katalon.core.webui.keyword.internal.WebUIKeywordMain.runKeyword(WebUIKeywordMain.groovy:20)
	at com.kms.katalon.core.webui.keyword.builtin.ClickKeyword.click(ClickKeyword.groovy:74)
	at com.kms.katalon.core.webui.keyword.builtin.ClickKeyword.execute(ClickKeyword.groovy:40)
	at com.kms.katalon.core.keyword.internal.KeywordExecutor.executeKeywordForPlatform(KeywordExecutor.groovy:74)
	at com.kms.katalon.core.webui.keyword.WebUiBuiltInKeywords.click(WebUiBuiltInKeywords.groovy:659)
	at Script1693826440839.run(Script1693826440839.groovy:275)
	... 15 more
)

22-11-2024T05:39:50 - [MESSAGE][INFO] - Unable to find the element located by 'By.xpath: //div[31]/div[2]/div/div/div/div/span'. Please recheck the objects properties to make sure the desired element is located. 

22-11-2024T05:39:51 - [MESSAGE][FAILED] - Unable to click on object 'Object Repository/Прогноз по отраслям/Фильтр КПО-Отпуск Стресс' (Root cause: com.kms.katalon.core.exception.StepFailedException: Unable to click on object 'Object Repository/Прогноз по отраслям/Фильтр КПО-Отпуск Стресс'
	at com.kms.katalon.core.webui.keyword.internal.WebUIKeywordMain.stepFailed(WebUIKeywordMain.groovy:64)
	at com.kms.katalon.core.webui.keyword.internal.WebUIKeywordMain.runKeyword(WebUIKeywordMain.groovy:26)
	at com.kms.katalon.core.webui.keyword.builtin.ClickKeyword.click(ClickKeyword.groovy:74)
	at com.kms.katalon.core.webui.keyword.builtin.ClickKeyword.execute(ClickKeyword.groovy:40)
	at com.kms.katalon.core.keyword.internal.KeywordExecutor.executeKeywordForPlatform(KeywordExecutor.groovy:74)
	at com.kms.katalon.core.webui.keyword.WebUiBuiltInKeywords.click(WebUiBuiltInKeywords.groovy:659)
	at Прогноз по отраслям сверка дашбордов.run(Прогноз по отраслям сверка дашбордов:275)
	at com.kms.katalon.core.main.ScriptEngine.run(ScriptEngine.java:194)
	at com.kms.katalon.core.main.ScriptEngine.runScriptAsRawText(ScriptEngine.java:119)
	at com.kms.katalon.core.main.TestCaseExecutor.runScript(TestCaseExecutor.java:448)
	at com.kms.katalon.core.main.TestCaseExecutor.doExecute(TestCaseExecutor.java:439)
	at com.kms.katalon.core.main.TestCaseExecutor.processExecutionPhase(TestCaseExecutor.java:418)
	at com.kms.katalon.core.main.TestCaseExecutor.accessMainPhase(TestCaseExecutor.java:410)
	at com.kms.katalon.core.main.TestCaseExecutor.execute(TestCaseExecutor.java:285)
	at com.kms.katalon.core.common.CommonExecutor.accessTestCaseMainPhase(CommonExecutor.java:65)
	at com.kms.katalon.core.main.TestSuiteExecutor.accessTestSuiteMainPhase(TestSuiteExecutor.java:150)
	at com.kms.katalon.core.main.TestSuiteExecutor.execute(TestSuiteExecutor.java:106)
	at com.kms.katalon.core.main.TestCaseMain.startTestSuite(TestCaseMain.java:180)
	at TempTestSuite1732232929817.run(TempTestSuite1732232929817.groovy:35)
	at java.base/jdk.internal.reflect.NativeMethodAccessorImpl.invoke0(Native Method)
	at java.base/jdk.internal.reflect.NativeMethodAccessorImpl.invoke(NativeMethodAccessorImpl.java:77)
	at java.base/jdk.internal.reflect.DelegatingMethodAccessorImpl.invoke(DelegatingMethodAccessorImpl.java:43)
Caused by: com.kms.katalon.core.webui.exception.WebElementNotFoundException: Web element with id: 'Object Repository/Прогноз по отраслям/Фильтр КПО-Отпуск Стресс' located by '//div[31]/div[2]/div/div/div/div/span' not found
	at com.kms.katalon.core.webui.common.WebUiCommonHelper.findWebElement(WebUiCommonHelper.java:1426)
	at com.kms.katalon.core.webui.keyword.internal.WebUIAbstractKeyword.findWebElement(WebUIAbstractKeyword.groovy:27)
	at com.kms.katalon.core.webui.keyword.builtin.ClickKeyword$_click_closure1.doCall(ClickKeyword.groovy:65)
	at com.kms.katalon.core.webui.keyword.builtin.ClickKeyword$_click_closure1.call(ClickKeyword.groovy)
	at com.kms.katalon.core.webui.keyword.internal.WebUIKeywordMain.runKeyword(WebUIKeywordMain.groovy:20)
	at com.kms.katalon.core.webui.keyword.builtin.ClickKeyword.click(ClickKeyword.groovy:74)
	at com.kms.katalon.core.webui.keyword.builtin.ClickKeyword.execute(ClickKeyword.groovy:40)
	at com.kms.katalon.core.keyword.internal.KeywordExecutor.executeKeywordForPlatform(KeywordExecutor.groovy:74)
	at com.kms.katalon.core.webui.keyword.WebUiBuiltInKeywords.click(WebUiBuiltInKeywords.groovy:659)
	at Script1693826440839.run(Script1693826440839.groovy:275)
	... 15 more
)
[[ATTACHMENT|C:\\Users\\LIAZGINA-DI\\git\\SPORU\\Reports\\20241122_024849\\\u041F\u043D-\u0421\u0440-\u041F\u0442\\\u0421\u0432\u0435\u0440\u043A\u0430 \u0434\u0430\u0448\u0431\u043E\u0440\u0434\u043E\u0432 \u0438\u0437 \u0440\u0430\u0437\u043D\u044B\u0445 \u0431\u043B\u043E\u043A\u043E\u0432\\20241122_024849\\1732243190903.png]]

22-11-2024T05:39:51 - [TEST_STEP][FAILED] - click(findTestObject("Прогноз по отраслям/КПО Стресс")): Unable to click on object 'Object Repository/Прогноз по отраслям/КПО Стресс' (Root cause: com.kms.katalon.core.exception.StepFailedException: Unable to click on object 'Object Repository/Прогноз по отраслям/КПО Стресс'
	at com.kms.katalon.core.webui.keyword.internal.WebUIKeywordMain.stepFailed(WebUIKeywordMain.groovy:64)
	at com.kms.katalon.core.webui.keyword.internal.WebUIKeywordMain.runKeyword(WebUIKeywordMain.groovy:26)
	at com.kms.katalon.core.webui.keyword.builtin.ClickKeyword.click(ClickKeyword.groovy:74)
	at com.kms.katalon.core.webui.keyword.builtin.ClickKeyword.execute(ClickKeyword.groovy:40)
	at com.kms.katalon.core.keyword.internal.KeywordExecutor.executeKeywordForPlatform(KeywordExecutor.groovy:74)
	at com.kms.katalon.core.webui.keyword.WebUiBuiltInKeywords.click(WebUiBuiltInKeywords.groovy:659)
	at Прогноз по отраслям сверка дашбордов.run(Прогноз по отраслям сверка дашбордов:277)
	at com.kms.katalon.core.main.ScriptEngine.run(ScriptEngine.java:194)
	at com.kms.katalon.core.main.ScriptEngine.runScriptAsRawText(ScriptEngine.java:119)
	at com.kms.katalon.core.main.TestCaseExecutor.runScript(TestCaseExecutor.java:448)
	at com.kms.katalon.core.main.TestCaseExecutor.doExecute(TestCaseExecutor.java:439)
	at com.kms.katalon.core.main.TestCaseExecutor.processExecutionPhase(TestCaseExecutor.java:418)
	at com.kms.katalon.core.main.TestCaseExecutor.accessMainPhase(TestCaseExecutor.java:410)
	at com.kms.katalon.core.main.TestCaseExecutor.execute(TestCaseExecutor.java:285)
	at com.kms.katalon.core.common.CommonExecutor.accessTestCaseMainPhase(CommonExecutor.java:65)
	at com.kms.katalon.core.main.TestSuiteExecutor.accessTestSuiteMainPhase(TestSuiteExecutor.java:150)
	at com.kms.katalon.core.main.TestSuiteExecutor.execute(TestSuiteExecutor.java:106)
	at com.kms.katalon.core.main.TestCaseMain.startTestSuite(TestCaseMain.java:180)
	at TempTestSuite1732232929817.run(TempTestSuite1732232929817.groovy:35)
	at java.base/jdk.internal.reflect.NativeMethodAccessorImpl.invoke0(Native Method)
	at java.base/jdk.internal.reflect.NativeMethodAccessorImpl.invoke(NativeMethodAccessorImpl.java:77)
	at java.base/jdk.internal.reflect.DelegatingMethodAccessorImpl.invoke(DelegatingMethodAccessorImpl.java:43)
Caused by: com.kms.katalon.core.webui.exception.WebElementNotFoundException: Web element with id: 'Object Repository/Прогноз по отраслям/КПО Стресс' located by '//div[31]/div[2]/div/div/div[2]/div/ul/li/div/div' not found
	at com.kms.katalon.core.webui.common.WebUiCommonHelper.findWebElement(WebUiCommonHelper.java:1426)
	at com.kms.katalon.core.webui.keyword.internal.WebUIAbstractKeyword.findWebElement(WebUIAbstractKeyword.groovy:27)
	at com.kms.katalon.core.webui.keyword.builtin.ClickKeyword$_click_closure1.doCall(ClickKeyword.groovy:65)
	at com.kms.katalon.core.webui.keyword.builtin.ClickKeyword$_click_closure1.call(ClickKeyword.groovy)
	at com.kms.katalon.core.webui.keyword.internal.WebUIKeywordMain.runKeyword(WebUIKeywordMain.groovy:20)
	at com.kms.katalon.core.webui.keyword.builtin.ClickKeyword.click(ClickKeyword.groovy:74)
	at com.kms.katalon.core.webui.keyword.builtin.ClickKeyword.execute(ClickKeyword.groovy:40)
	at com.kms.katalon.core.keyword.internal.KeywordExecutor.executeKeywordForPlatform(KeywordExecutor.groovy:74)
	at com.kms.katalon.core.webui.keyword.WebUiBuiltInKeywords.click(WebUiBuiltInKeywords.groovy:659)
	at Script1693826440839.run(Script1693826440839.groovy:277)
	... 15 more
)

22-11-2024T05:40:51 - [MESSAGE][INFO] - Unable to find the element located by 'By.xpath: //div[31]/div[2]/div/div/div[2]/div/ul/li/div/div'. Please recheck the objects properties to make sure the desired element is located. 

22-11-2024T05:40:51 - [MESSAGE][FAILED] - Unable to click on object 'Object Repository/Прогноз по отраслям/КПО Стресс' (Root cause: com.kms.katalon.core.exception.StepFailedException: Unable to click on object 'Object Repository/Прогноз по отраслям/КПО Стресс'
	at com.kms.katalon.core.webui.keyword.internal.WebUIKeywordMain.stepFailed(WebUIKeywordMain.groovy:64)
	at com.kms.katalon.core.webui.keyword.internal.WebUIKeywordMain.runKeyword(WebUIKeywordMain.groovy:26)
	at com.kms.katalon.core.webui.keyword.builtin.ClickKeyword.click(ClickKeyword.groovy:74)
	at com.kms.katalon.core.webui.keyword.builtin.ClickKeyword.execute(ClickKeyword.groovy:40)
	at com.kms.katalon.core.keyword.internal.KeywordExecutor.executeKeywordForPlatform(KeywordExecutor.groovy:74)
	at com.kms.katalon.core.webui.keyword.WebUiBuiltInKeywords.click(WebUiBuiltInKeywords.groovy:659)
	at Прогноз по отраслям сверка дашбордов.run(Прогноз по отраслям сверка дашбордов:277)
	at com.kms.katalon.core.main.ScriptEngine.run(ScriptEngine.java:194)
	at com.kms.katalon.core.main.ScriptEngine.runScriptAsRawText(ScriptEngine.java:119)
	at com.kms.katalon.core.main.TestCaseExecutor.runScript(TestCaseExecutor.java:448)
	at com.kms.katalon.core.main.TestCaseExecutor.doExecute(TestCaseExecutor.java:439)
	at com.kms.katalon.core.main.TestCaseExecutor.processExecutionPhase(TestCaseExecutor.java:418)
	at com.kms.katalon.core.main.TestCaseExecutor.accessMainPhase(TestCaseExecutor.java:410)
	at com.kms.katalon.core.main.TestCaseExecutor.execute(TestCaseExecutor.java:285)
	at com.kms.katalon.core.common.CommonExecutor.accessTestCaseMainPhase(CommonExecutor.java:65)
	at com.kms.katalon.core.main.TestSuiteExecutor.accessTestSuiteMainPhase(TestSuiteExecutor.java:150)
	at com.kms.katalon.core.main.TestSuiteExecutor.execute(TestSuiteExecutor.java:106)
	at com.kms.katalon.core.main.TestCaseMain.startTestSuite(TestCaseMain.java:180)
	at TempTestSuite1732232929817.run(TempTestSuite1732232929817.groovy:35)
	at java.base/jdk.internal.reflect.NativeMethodAccessorImpl.invoke0(Native Method)
	at java.base/jdk.internal.reflect.NativeMethodAccessorImpl.invoke(NativeMethodAccessorImpl.java:77)
	at java.base/jdk.internal.reflect.DelegatingMethodAccessorImpl.invoke(DelegatingMethodAccessorImpl.java:43)
Caused by: com.kms.katalon.core.webui.exception.WebElementNotFoundException: Web element with id: 'Object Repository/Прогноз по отраслям/КПО Стресс' located by '//div[31]/div[2]/div/div/div[2]/div/ul/li/div/div' not found
	at com.kms.katalon.core.webui.common.WebUiCommonHelper.findWebElement(WebUiCommonHelper.java:1426)
	at com.kms.katalon.core.webui.keyword.internal.WebUIAbstractKeyword.findWebElement(WebUIAbstractKeyword.groovy:27)
	at com.kms.katalon.core.webui.keyword.builtin.ClickKeyword$_click_closure1.doCall(ClickKeyword.groovy:65)
	at com.kms.katalon.core.webui.keyword.builtin.ClickKeyword$_click_closure1.call(ClickKeyword.groovy)
	at com.kms.katalon.core.webui.keyword.internal.WebUIKeywordMain.runKeyword(WebUIKeywordMain.groovy:20)
	at com.kms.katalon.core.webui.keyword.builtin.ClickKeyword.click(ClickKeyword.groovy:74)
	at com.kms.katalon.core.webui.keyword.builtin.ClickKeyword.execute(ClickKeyword.groovy:40)
	at com.kms.katalon.core.keyword.internal.KeywordExecutor.executeKeywordForPlatform(KeywordExecutor.groovy:74)
	at com.kms.katalon.core.webui.keyword.WebUiBuiltInKeywords.click(WebUiBuiltInKeywords.groovy:659)
	at Script1693826440839.run(Script1693826440839.groovy:277)
	... 15 more
)
[[ATTACHMENT|C:\\Users\\LIAZGINA-DI\\git\\SPORU\\Reports\\20241122_024849\\\u041F\u043D-\u0421\u0440-\u041F\u0442\\\u0421\u0432\u0435\u0440\u043A\u0430 \u0434\u0430\u0448\u0431\u043E\u0440\u0434\u043E\u0432 \u0438\u0437 \u0440\u0430\u0437\u043D\u044B\u0445 \u0431\u043B\u043E\u043A\u043E\u0432\\20241122_024849\\1732243251115.png]]

22-11-2024T05:40:51 - [TEST_STEP][PASSED] - delay(40): Delayed 40 second(s)

22-11-2024T05:41:31 - [MESSAGE][PASSED] - Delayed 40 second(s)

22-11-2024T05:41:31 - [TEST_STEP][PASSED] - b4 = getText(findTestObject("Прогноз по отраслям/Виджеты дашборда")): Text of object 'Object Repository/Прогноз по отраслям/Виджеты дашборда' is: 'Год 
2023 год
Сравнение с 
План
Динамика электропотребления, млрд. кВт.ч., по ПАО Россети на 2023 год
10 10
190 190
36 36
14 14
9 9
14 14
4 4
17 17
80 80
19 19
82 82
588 588
10 10
197 197
37 37
48 48
10 10
15 15
4 4
18 18
80 80
19 19
82 82
608 608
План
Ожидаемое (прогноз до конца года)
Интер РАО(для ФСК)
Промышленныепотребители
Транспорт
Нефтедобыча
Нефтеперераб…
Нефтепроводы
Газопроводы
Сельское хозя…
Непромышлен…
Государственн…
Население иприравненныегруппыпотребителей
Территориальн…
Выручка, млрд. руб, по ПАО Россети на 2023 год
5 5
319 319
81 81
16 16
16 16
20 20
2 2
56 56
215 215
67 67
218 218
239 239
6 6
331 331
82 82
77 77
20 20
20 20
3 3
57 57
220 220
68 68
214 214
258 258
План
Ожидаемое (прогноз до конца года)
Интер РАО(для ФСК)
Промышленныепотребители
Транспорт
Нефтедобыча
Нефтеперераб…
Нефтепроводы
Газопроводы
Сельское хозя…
Непромышлен…
Государственн…
Население иприравненныегруппыпотребителей
Территориальн…
Отклонения по ПАО Россети на 2023 год
-4.7% -4.7%
3.8% 3.8%
1.9% 1.9%
230.3% 230.3%
10.9% 10.9%
4.2% 4.2%
21.7% 21.7%
3.9% 3.9%
-0.6% -0.6%
1.6% 1.6%
-1.0% -1.0%
3.3% 3.3%
⬤ Отклонение, %
Интер РАО (для ФСК)
Промышленные потребители
Транспорт
Нефтедобыча
Нефтепереработка
Нефтепроводы
Газопроводы
Сельское хозяйство и пищевая про…
Непромышленные потребители
Государственные (муниципальные)…
Население и приравненные группы…
Территориальные сетевые организ…
Выручка отклонения по ПАО Россети на 2023 год
15.6% 15.6%
3.8% 3.8%
1.2% 1.2%
398.2% 398.2%
26.9% 26.9%
-0.6% -0.6%
26.9% 26.9%
1.5% 1.5%
2.7% 2.7%
2.0% 2.0%
-2.0% -2.0%
7.9% 7.9%
⬤ Отклонение, %
Интер РАО (для ФСК)
Промышленные потребители
Транспорт
Нефтедобыча
Нефтепереработка
Нефтепроводы
Газопроводы
Сельское хозяйство и пищевая про…
Непромышленные потребители
Государственные (муниципальные)…
Население и приравненные группы…
Территориальные сетевые организ…
абс.
%
Прогноз на месяц 
Ноябрь
КПО/Отпуск из сети 
Отпуск из сети, млн. кВт.ч
Организация 
Все
Прогноз электропотребления и выручки за услуги по передаче в разрезе отраслей'

22-11-2024T05:42:01 - [MESSAGE][PASSED] - Text of object 'Object Repository/Прогноз по отраслям/Виджеты дашборда' is: 'Год 
2023 год
Сравнение с 
План
Динамика электропотребления, млрд. кВт.ч., по ПАО Россети на 2023 год
10 10
190 190
36 36
14 14
9 9
14 14
4 4
17 17
80 80
19 19
82 82
588 588
10 10
197 197
37 37
48 48
10 10
15 15
4 4
18 18
80 80
19 19
82 82
608 608
План
Ожидаемое (прогноз до конца года)
Интер РАО(для ФСК)
Промышленныепотребители
Транспорт
Нефтедобыча
Нефтеперераб…
Нефтепроводы
Газопроводы
Сельское хозя…
Непромышлен…
Государственн…
Население иприравненныегруппыпотребителей
Территориальн…
Выручка, млрд. руб, по ПАО Россети на 2023 год
5 5
319 319
81 81
16 16
16 16
20 20
2 2
56 56
215 215
67 67
218 218
239 239
6 6
331 331
82 82
77 77
20 20
20 20
3 3
57 57
220 220
68 68
214 214
258 258
План
Ожидаемое (прогноз до конца года)
Интер РАО(для ФСК)
Промышленныепотребители
Транспорт
Нефтедобыча
Нефтеперераб…
Нефтепроводы
Газопроводы
Сельское хозя…
Непромышлен…
Государственн…
Население иприравненныегруппыпотребителей
Территориальн…
Отклонения по ПАО Россети на 2023 год
-4.7% -4.7%
3.8% 3.8%
1.9% 1.9%
230.3% 230.3%
10.9% 10.9%
4.2% 4.2%
21.7% 21.7%
3.9% 3.9%
-0.6% -0.6%
1.6% 1.6%
-1.0% -1.0%
3.3% 3.3%
⬤ Отклонение, %
Интер РАО (для ФСК)
Промышленные потребители
Транспорт
Нефтедобыча
Нефтепереработка
Нефтепроводы
Газопроводы
Сельское хозяйство и пищевая про…
Непромышленные потребители
Государственные (муниципальные)…
Население и приравненные группы…
Территориальные сетевые организ…
Выручка отклонения по ПАО Россети на 2023 год
15.6% 15.6%
3.8% 3.8%
1.2% 1.2%
398.2% 398.2%
26.9% 26.9%
-0.6% -0.6%
26.9% 26.9%
1.5% 1.5%
2.7% 2.7%
2.0% 2.0%
-2.0% -2.0%
7.9% 7.9%
⬤ Отклонение, %
Интер РАО (для ФСК)
Промышленные потребители
Транспорт
Нефтедобыча
Нефтепереработка
Нефтепроводы
Газопроводы
Сельское хозяйство и пищевая про…
Непромышленные потребители
Государственные (муниципальные)…
Население и приравненные группы…
Территориальные сетевые организ…
абс.
%
Прогноз на месяц 
Ноябрь
КПО/Отпуск из сети 
Отпуск из сети, млн. кВт.ч
Организация 
Все
Прогноз электропотребления и выручки за услуги по передаче в разрезе отраслей'

22-11-2024T05:42:01 - [TEST_STEP][PASSED] - b4 = b4.replaceAll("[^0-9]", ""): null

22-11-2024T05:42:01 - [TEST_STEP][PASSED] - println("b4:" + b4): null

22-11-2024T05:42:01 - [TEST_STEP][FAILED] - click(findTestObject("Прогноз по отраслям/Фильтр Сравнение с Стресс")): Unable to click on object 'Object Repository/Прогноз по отраслям/Фильтр Сравнение с Стресс' (Root cause: com.kms.katalon.core.exception.StepFailedException: Unable to click on object 'Object Repository/Прогноз по отраслям/Фильтр Сравнение с Стресс'
	at com.kms.katalon.core.webui.keyword.internal.WebUIKeywordMain.stepFailed(WebUIKeywordMain.groovy:64)
	at com.kms.katalon.core.webui.keyword.internal.WebUIKeywordMain.runKeyword(WebUIKeywordMain.groovy:26)
	at com.kms.katalon.core.webui.keyword.builtin.ClickKeyword.click(ClickKeyword.groovy:74)
	at com.kms.katalon.core.webui.keyword.builtin.ClickKeyword.execute(ClickKeyword.groovy:40)
	at com.kms.katalon.core.keyword.internal.KeywordExecutor.executeKeywordForPlatform(KeywordExecutor.groovy:74)
	at com.kms.katalon.core.webui.keyword.WebUiBuiltInKeywords.click(WebUiBuiltInKeywords.groovy:659)
	at Прогноз по отраслям сверка дашбордов.run(Прогноз по отраслям сверка дашбордов:287)
	at com.kms.katalon.core.main.ScriptEngine.run(ScriptEngine.java:194)
	at com.kms.katalon.core.main.ScriptEngine.runScriptAsRawText(ScriptEngine.java:119)
	at com.kms.katalon.core.main.TestCaseExecutor.runScript(TestCaseExecutor.java:448)
	at com.kms.katalon.core.main.TestCaseExecutor.doExecute(TestCaseExecutor.java:439)
	at com.kms.katalon.core.main.TestCaseExecutor.processExecutionPhase(TestCaseExecutor.java:418)
	at com.kms.katalon.core.main.TestCaseExecutor.accessMainPhase(TestCaseExecutor.java:410)
	at com.kms.katalon.core.main.TestCaseExecutor.execute(TestCaseExecutor.java:285)
	at com.kms.katalon.core.common.CommonExecutor.accessTestCaseMainPhase(CommonExecutor.java:65)
	at com.kms.katalon.core.main.TestSuiteExecutor.accessTestSuiteMainPhase(TestSuiteExecutor.java:150)
	at com.kms.katalon.core.main.TestSuiteExecutor.execute(TestSuiteExecutor.java:106)
	at com.kms.katalon.core.main.TestCaseMain.startTestSuite(TestCaseMain.java:180)
	at TempTestSuite1732232929817.run(TempTestSuite1732232929817.groovy:35)
	at java.base/jdk.internal.reflect.NativeMethodAccessorImpl.invoke0(Native Method)
	at java.base/jdk.internal.reflect.NativeMethodAccessorImpl.invoke(NativeMethodAccessorImpl.java:77)
	at java.base/jdk.internal.reflect.DelegatingMethodAccessorImpl.invoke(DelegatingMethodAccessorImpl.java:43)
Caused by: com.kms.katalon.core.webui.exception.WebElementNotFoundException: Web element with id: 'Object Repository/Прогноз по отраслям/Фильтр Сравнение с Стресс' located by '//div[5]/div[2]/div/div/div/div' not found
	at com.kms.katalon.core.webui.common.WebUiCommonHelper.findWebElement(WebUiCommonHelper.java:1426)
	at com.kms.katalon.core.webui.keyword.internal.WebUIAbstractKeyword.findWebElement(WebUIAbstractKeyword.groovy:27)
	at com.kms.katalon.core.webui.keyword.builtin.ClickKeyword$_click_closure1.doCall(ClickKeyword.groovy:65)
	at com.kms.katalon.core.webui.keyword.builtin.ClickKeyword$_click_closure1.call(ClickKeyword.groovy)
	at com.kms.katalon.core.webui.keyword.internal.WebUIKeywordMain.runKeyword(WebUIKeywordMain.groovy:20)
	at com.kms.katalon.core.webui.keyword.builtin.ClickKeyword.click(ClickKeyword.groovy:74)
	at com.kms.katalon.core.webui.keyword.builtin.ClickKeyword.execute(ClickKeyword.groovy:40)
	at com.kms.katalon.core.keyword.internal.KeywordExecutor.executeKeywordForPlatform(KeywordExecutor.groovy:74)
	at com.kms.katalon.core.webui.keyword.WebUiBuiltInKeywords.click(WebUiBuiltInKeywords.groovy:659)
	at Script1693826440839.run(Script1693826440839.groovy:287)
	... 15 more
)

22-11-2024T05:43:01 - [MESSAGE][INFO] - Unable to find the element located by 'By.xpath: //div[5]/div[2]/div/div/div/div'. Please recheck the objects properties to make sure the desired element is located. 

22-11-2024T05:43:01 - [MESSAGE][FAILED] - Unable to click on object 'Object Repository/Прогноз по отраслям/Фильтр Сравнение с Стресс' (Root cause: com.kms.katalon.core.exception.StepFailedException: Unable to click on object 'Object Repository/Прогноз по отраслям/Фильтр Сравнение с Стресс'
	at com.kms.katalon.core.webui.keyword.internal.WebUIKeywordMain.stepFailed(WebUIKeywordMain.groovy:64)
	at com.kms.katalon.core.webui.keyword.internal.WebUIKeywordMain.runKeyword(WebUIKeywordMain.groovy:26)
	at com.kms.katalon.core.webui.keyword.builtin.ClickKeyword.click(ClickKeyword.groovy:74)
	at com.kms.katalon.core.webui.keyword.builtin.ClickKeyword.execute(ClickKeyword.groovy:40)
	at com.kms.katalon.core.keyword.internal.KeywordExecutor.executeKeywordForPlatform(KeywordExecutor.groovy:74)
	at com.kms.katalon.core.webui.keyword.WebUiBuiltInKeywords.click(WebUiBuiltInKeywords.groovy:659)
	at Прогноз по отраслям сверка дашбордов.run(Прогноз по отраслям сверка дашбордов:287)
	at com.kms.katalon.core.main.ScriptEngine.run(ScriptEngine.java:194)
	at com.kms.katalon.core.main.ScriptEngine.runScriptAsRawText(ScriptEngine.java:119)
	at com.kms.katalon.core.main.TestCaseExecutor.runScript(TestCaseExecutor.java:448)
	at com.kms.katalon.core.main.TestCaseExecutor.doExecute(TestCaseExecutor.java:439)
	at com.kms.katalon.core.main.TestCaseExecutor.processExecutionPhase(TestCaseExecutor.java:418)
	at com.kms.katalon.core.main.TestCaseExecutor.accessMainPhase(TestCaseExecutor.java:410)
	at com.kms.katalon.core.main.TestCaseExecutor.execute(TestCaseExecutor.java:285)
	at com.kms.katalon.core.common.CommonExecutor.accessTestCaseMainPhase(CommonExecutor.java:65)
	at com.kms.katalon.core.main.TestSuiteExecutor.accessTestSuiteMainPhase(TestSuiteExecutor.java:150)
	at com.kms.katalon.core.main.TestSuiteExecutor.execute(TestSuiteExecutor.java:106)
	at com.kms.katalon.core.main.TestCaseMain.startTestSuite(TestCaseMain.java:180)
	at TempTestSuite1732232929817.run(TempTestSuite1732232929817.groovy:35)
	at java.base/jdk.internal.reflect.NativeMethodAccessorImpl.invoke0(Native Method)
	at java.base/jdk.internal.reflect.NativeMethodAccessorImpl.invoke(NativeMethodAccessorImpl.java:77)
	at java.base/jdk.internal.reflect.DelegatingMethodAccessorImpl.invoke(DelegatingMethodAccessorImpl.java:43)
Caused by: com.kms.katalon.core.webui.exception.WebElementNotFoundException: Web element with id: 'Object Repository/Прогноз по отраслям/Фильтр Сравнение с Стресс' located by '//div[5]/div[2]/div/div/div/div' not found
	at com.kms.katalon.core.webui.common.WebUiCommonHelper.findWebElement(WebUiCommonHelper.java:1426)
	at com.kms.katalon.core.webui.keyword.internal.WebUIAbstractKeyword.findWebElement(WebUIAbstractKeyword.groovy:27)
	at com.kms.katalon.core.webui.keyword.builtin.ClickKeyword$_click_closure1.doCall(ClickKeyword.groovy:65)
	at com.kms.katalon.core.webui.keyword.builtin.ClickKeyword$_click_closure1.call(ClickKeyword.groovy)
	at com.kms.katalon.core.webui.keyword.internal.WebUIKeywordMain.runKeyword(WebUIKeywordMain.groovy:20)
	at com.kms.katalon.core.webui.keyword.builtin.ClickKeyword.click(ClickKeyword.groovy:74)
	at com.kms.katalon.core.webui.keyword.builtin.ClickKeyword.execute(ClickKeyword.groovy:40)
	at com.kms.katalon.core.keyword.internal.KeywordExecutor.executeKeywordForPlatform(KeywordExecutor.groovy:74)
	at com.kms.katalon.core.webui.keyword.WebUiBuiltInKeywords.click(WebUiBuiltInKeywords.groovy:659)
	at Script1693826440839.run(Script1693826440839.groovy:287)
	... 15 more
)
[[ATTACHMENT|C:\\Users\\LIAZGINA-DI\\git\\SPORU\\Reports\\20241122_024849\\\u041F\u043D-\u0421\u0440-\u041F\u0442\\\u0421\u0432\u0435\u0440\u043A\u0430 \u0434\u0430\u0448\u0431\u043E\u0440\u0434\u043E\u0432 \u0438\u0437 \u0440\u0430\u0437\u043D\u044B\u0445 \u0431\u043B\u043E\u043A\u043E\u0432\\20241122_024849\\1732243381810.png]]

22-11-2024T05:43:01 - [TEST_STEP][FAILED] - click(findTestObject("Прогноз по отраслям/План Стресс")): Unable to click on object 'Object Repository/Прогноз по отраслям/План Стресс' (Root cause: com.kms.katalon.core.exception.StepFailedException: Unable to click on object 'Object Repository/Прогноз по отраслям/План Стресс'
	at com.kms.katalon.core.webui.keyword.internal.WebUIKeywordMain.stepFailed(WebUIKeywordMain.groovy:64)
	at com.kms.katalon.core.webui.keyword.internal.WebUIKeywordMain.runKeyword(WebUIKeywordMain.groovy:26)
	at com.kms.katalon.core.webui.keyword.builtin.ClickKeyword.click(ClickKeyword.groovy:74)
	at com.kms.katalon.core.webui.keyword.builtin.ClickKeyword.execute(ClickKeyword.groovy:40)
	at com.kms.katalon.core.keyword.internal.KeywordExecutor.executeKeywordForPlatform(KeywordExecutor.groovy:74)
	at com.kms.katalon.core.webui.keyword.WebUiBuiltInKeywords.click(WebUiBuiltInKeywords.groovy:659)
	at Прогноз по отраслям сверка дашбордов.run(Прогноз по отраслям сверка дашбордов:289)
	at com.kms.katalon.core.main.ScriptEngine.run(ScriptEngine.java:194)
	at com.kms.katalon.core.main.ScriptEngine.runScriptAsRawText(ScriptEngine.java:119)
	at com.kms.katalon.core.main.TestCaseExecutor.runScript(TestCaseExecutor.java:448)
	at com.kms.katalon.core.main.TestCaseExecutor.doExecute(TestCaseExecutor.java:439)
	at com.kms.katalon.core.main.TestCaseExecutor.processExecutionPhase(TestCaseExecutor.java:418)
	at com.kms.katalon.core.main.TestCaseExecutor.accessMainPhase(TestCaseExecutor.java:410)
	at com.kms.katalon.core.main.TestCaseExecutor.execute(TestCaseExecutor.java:285)
	at com.kms.katalon.core.common.CommonExecutor.accessTestCaseMainPhase(CommonExecutor.java:65)
	at com.kms.katalon.core.main.TestSuiteExecutor.accessTestSuiteMainPhase(TestSuiteExecutor.java:150)
	at com.kms.katalon.core.main.TestSuiteExecutor.execute(TestSuiteExecutor.java:106)
	at com.kms.katalon.core.main.TestCaseMain.startTestSuite(TestCaseMain.java:180)
	at TempTestSuite1732232929817.run(TempTestSuite1732232929817.groovy:35)
	at java.base/jdk.internal.reflect.NativeMethodAccessorImpl.invoke0(Native Method)
	at java.base/jdk.internal.reflect.NativeMethodAccessorImpl.invoke(NativeMethodAccessorImpl.java:77)
	at java.base/jdk.internal.reflect.DelegatingMethodAccessorImpl.invoke(DelegatingMethodAccessorImpl.java:43)
Caused by: com.kms.katalon.core.webui.exception.WebElementNotFoundException: Web element with id: 'Object Repository/Прогноз по отраслям/План Стресс' located by '//div[5]/div[2]/div/div/div[2]/div/ul/li[2]/div/div' not found
	at com.kms.katalon.core.webui.common.WebUiCommonHelper.findWebElement(WebUiCommonHelper.java:1426)
	at com.kms.katalon.core.webui.keyword.internal.WebUIAbstractKeyword.findWebElement(WebUIAbstractKeyword.groovy:27)
	at com.kms.katalon.core.webui.keyword.builtin.ClickKeyword$_click_closure1.doCall(ClickKeyword.groovy:65)
	at com.kms.katalon.core.webui.keyword.builtin.ClickKeyword$_click_closure1.call(ClickKeyword.groovy)
	at com.kms.katalon.core.webui.keyword.internal.WebUIKeywordMain.runKeyword(WebUIKeywordMain.groovy:20)
	at com.kms.katalon.core.webui.keyword.builtin.ClickKeyword.click(ClickKeyword.groovy:74)
	at com.kms.katalon.core.webui.keyword.builtin.ClickKeyword.execute(ClickKeyword.groovy:40)
	at com.kms.katalon.core.keyword.internal.KeywordExecutor.executeKeywordForPlatform(KeywordExecutor.groovy:74)
	at com.kms.katalon.core.webui.keyword.WebUiBuiltInKeywords.click(WebUiBuiltInKeywords.groovy:659)
	at Script1693826440839.run(Script1693826440839.groovy:289)
	... 15 more
)

22-11-2024T05:44:02 - [MESSAGE][INFO] - Unable to find the element located by 'By.xpath: //div[5]/div[2]/div/div/div[2]/div/ul/li[2]/div/div'. Please recheck the objects properties to make sure the desired element is located. 

22-11-2024T05:44:02 - [MESSAGE][FAILED] - Unable to click on object 'Object Repository/Прогноз по отраслям/План Стресс' (Root cause: com.kms.katalon.core.exception.StepFailedException: Unable to click on object 'Object Repository/Прогноз по отраслям/План Стресс'
	at com.kms.katalon.core.webui.keyword.internal.WebUIKeywordMain.stepFailed(WebUIKeywordMain.groovy:64)
	at com.kms.katalon.core.webui.keyword.internal.WebUIKeywordMain.runKeyword(WebUIKeywordMain.groovy:26)
	at com.kms.katalon.core.webui.keyword.builtin.ClickKeyword.click(ClickKeyword.groovy:74)
	at com.kms.katalon.core.webui.keyword.builtin.ClickKeyword.execute(ClickKeyword.groovy:40)
	at com.kms.katalon.core.keyword.internal.KeywordExecutor.executeKeywordForPlatform(KeywordExecutor.groovy:74)
	at com.kms.katalon.core.webui.keyword.WebUiBuiltInKeywords.click(WebUiBuiltInKeywords.groovy:659)
	at Прогноз по отраслям сверка дашбордов.run(Прогноз по отраслям сверка дашбордов:289)
	at com.kms.katalon.core.main.ScriptEngine.run(ScriptEngine.java:194)
	at com.kms.katalon.core.main.ScriptEngine.runScriptAsRawText(ScriptEngine.java:119)
	at com.kms.katalon.core.main.TestCaseExecutor.runScript(TestCaseExecutor.java:448)
	at com.kms.katalon.core.main.TestCaseExecutor.doExecute(TestCaseExecutor.java:439)
	at com.kms.katalon.core.main.TestCaseExecutor.processExecutionPhase(TestCaseExecutor.java:418)
	at com.kms.katalon.core.main.TestCaseExecutor.accessMainPhase(TestCaseExecutor.java:410)
	at com.kms.katalon.core.main.TestCaseExecutor.execute(TestCaseExecutor.java:285)
	at com.kms.katalon.core.common.CommonExecutor.accessTestCaseMainPhase(CommonExecutor.java:65)
	at com.kms.katalon.core.main.TestSuiteExecutor.accessTestSuiteMainPhase(TestSuiteExecutor.java:150)
	at com.kms.katalon.core.main.TestSuiteExecutor.execute(TestSuiteExecutor.java:106)
	at com.kms.katalon.core.main.TestCaseMain.startTestSuite(TestCaseMain.java:180)
	at TempTestSuite1732232929817.run(TempTestSuite1732232929817.groovy:35)
	at java.base/jdk.internal.reflect.NativeMethodAccessorImpl.invoke0(Native Method)
	at java.base/jdk.internal.reflect.NativeMethodAccessorImpl.invoke(NativeMethodAccessorImpl.java:77)
	at java.base/jdk.internal.reflect.DelegatingMethodAccessorImpl.invoke(DelegatingMethodAccessorImpl.java:43)
Caused by: com.kms.katalon.core.webui.exception.WebElementNotFoundException: Web element with id: 'Object Repository/Прогноз по отраслям/План Стресс' located by '//div[5]/div[2]/div/div/div[2]/div/ul/li[2]/div/div' not found
	at com.kms.katalon.core.webui.common.WebUiCommonHelper.findWebElement(WebUiCommonHelper.java:1426)
	at com.kms.katalon.core.webui.keyword.internal.WebUIAbstractKeyword.findWebElement(WebUIAbstractKeyword.groovy:27)
	at com.kms.katalon.core.webui.keyword.builtin.ClickKeyword$_click_closure1.doCall(ClickKeyword.groovy:65)
	at com.kms.katalon.core.webui.keyword.builtin.ClickKeyword$_click_closure1.call(ClickKeyword.groovy)
	at com.kms.katalon.core.webui.keyword.internal.WebUIKeywordMain.runKeyword(WebUIKeywordMain.groovy:20)
	at com.kms.katalon.core.webui.keyword.builtin.ClickKeyword.click(ClickKeyword.groovy:74)
	at com.kms.katalon.core.webui.keyword.builtin.ClickKeyword.execute(ClickKeyword.groovy:40)
	at com.kms.katalon.core.keyword.internal.KeywordExecutor.executeKeywordForPlatform(KeywordExecutor.groovy:74)
	at com.kms.katalon.core.webui.keyword.WebUiBuiltInKeywords.click(WebUiBuiltInKeywords.groovy:659)
	at Script1693826440839.run(Script1693826440839.groovy:289)
	... 15 more
)
[[ATTACHMENT|C:\\Users\\LIAZGINA-DI\\git\\SPORU\\Reports\\20241122_024849\\\u041F\u043D-\u0421\u0440-\u041F\u0442\\\u0421\u0432\u0435\u0440\u043A\u0430 \u0434\u0430\u0448\u0431\u043E\u0440\u0434\u043E\u0432 \u0438\u0437 \u0440\u0430\u0437\u043D\u044B\u0445 \u0431\u043B\u043E\u043A\u043E\u0432\\20241122_024849\\1732243442014.png]]

22-11-2024T05:44:02 - [TEST_STEP][PASSED] - delay(40): Delayed 40 second(s)

22-11-2024T05:44:42 - [MESSAGE][PASSED] - Delayed 40 second(s)

22-11-2024T05:44:42 - [TEST_STEP][PASSED] - b5 = getText(findTestObject("Прогноз по отраслям/Виджеты дашборда")): Text of object 'Object Repository/Прогноз по отраслям/Виджеты дашборда' is: 'Год 
2023 год
Сравнение с 
План
Динамика электропотребления, млрд. кВт.ч., по ПАО Россети на 2023 год
10 10
190 190
36 36
14 14
9 9
14 14
4 4
17 17
80 80
19 19
82 82
588 588
10 10
197 197
37 37
48 48
10 10
15 15
4 4
18 18
80 80
19 19
82 82
608 608
План
Ожидаемое (прогноз до конца года)
Интер РАО(для ФСК)
Промышленныепотребители
Транспорт
Нефтедобыча
Нефтеперераб…
Нефтепроводы
Газопроводы
Сельское хозя…
Непромышлен…
Государственн…
Население иприравненныегруппыпотребителей
Территориальн…
Выручка, млрд. руб, по ПАО Россети на 2023 год
5 5
319 319
81 81
16 16
16 16
20 20
2 2
56 56
215 215
67 67
218 218
239 239
6 6
331 331
82 82
77 77
20 20
20 20
3 3
57 57
220 220
68 68
214 214
258 258
План
Ожидаемое (прогноз до конца года)
Интер РАО(для ФСК)
Промышленныепотребители
Транспорт
Нефтедобыча
Нефтеперераб…
Нефтепроводы
Газопроводы
Сельское хозя…
Непромышлен…
Государственн…
Население иприравненныегруппыпотребителей
Территориальн…
Отклонения по ПАО Россети на 2023 год
-4.7% -4.7%
3.8% 3.8%
1.9% 1.9%
230.3% 230.3%
10.9% 10.9%
4.2% 4.2%
21.7% 21.7%
3.9% 3.9%
-0.6% -0.6%
1.6% 1.6%
-1.0% -1.0%
3.3% 3.3%
⬤ Отклонение, %
Интер РАО (для ФСК)
Промышленные потребители
Транспорт
Нефтедобыча
Нефтепереработка
Нефтепроводы
Газопроводы
Сельское хозяйство и пищевая про…
Непромышленные потребители
Государственные (муниципальные)…
Население и приравненные группы…
Территориальные сетевые организ…
Выручка отклонения по ПАО Россети на 2023 год
15.6% 15.6%
3.8% 3.8%
1.2% 1.2%
398.2% 398.2%
26.9% 26.9%
-0.6% -0.6%
26.9% 26.9%
1.5% 1.5%
2.7% 2.7%
2.0% 2.0%
-2.0% -2.0%
7.9% 7.9%
⬤ Отклонение, %
Интер РАО (для ФСК)
Промышленные потребители
Транспорт
Нефтедобыча
Нефтепереработка
Нефтепроводы
Газопроводы
Сельское хозяйство и пищевая про…
Непромышленные потребители
Государственные (муниципальные)…
Население и приравненные группы…
Территориальные сетевые организ…
абс.
%
Прогноз на месяц 
Ноябрь
КПО/Отпуск из сети 
Отпуск из сети, млн. кВт.ч
Организация 
Все
Прогноз электропотребления и выручки за услуги по передаче в разрезе отраслей'

22-11-2024T05:45:12 - [MESSAGE][PASSED] - Text of object 'Object Repository/Прогноз по отраслям/Виджеты дашборда' is: 'Год 
2023 год
Сравнение с 
План
Динамика электропотребления, млрд. кВт.ч., по ПАО Россети на 2023 год
10 10
190 190
36 36
14 14
9 9
14 14
4 4
17 17
80 80
19 19
82 82
588 588
10 10
197 197
37 37
48 48
10 10
15 15
4 4
18 18
80 80
19 19
82 82
608 608
План
Ожидаемое (прогноз до конца года)
Интер РАО(для ФСК)
Промышленныепотребители
Транспорт
Нефтедобыча
Нефтеперераб…
Нефтепроводы
Газопроводы
Сельское хозя…
Непромышлен…
Государственн…
Население иприравненныегруппыпотребителей
Территориальн…
Выручка, млрд. руб, по ПАО Россети на 2023 год
5 5
319 319
81 81
16 16
16 16
20 20
2 2
56 56
215 215
67 67
218 218
239 239
6 6
331 331
82 82
77 77
20 20
20 20
3 3
57 57
220 220
68 68
214 214
258 258
План
Ожидаемое (прогноз до конца года)
Интер РАО(для ФСК)
Промышленныепотребители
Транспорт
Нефтедобыча
Нефтеперераб…
Нефтепроводы
Газопроводы
Сельское хозя…
Непромышлен…
Государственн…
Население иприравненныегруппыпотребителей
Территориальн…
Отклонения по ПАО Россети на 2023 год
-4.7% -4.7%
3.8% 3.8%
1.9% 1.9%
230.3% 230.3%
10.9% 10.9%
4.2% 4.2%
21.7% 21.7%
3.9% 3.9%
-0.6% -0.6%
1.6% 1.6%
-1.0% -1.0%
3.3% 3.3%
⬤ Отклонение, %
Интер РАО (для ФСК)
Промышленные потребители
Транспорт
Нефтедобыча
Нефтепереработка
Нефтепроводы
Газопроводы
Сельское хозяйство и пищевая про…
Непромышленные потребители
Государственные (муниципальные)…
Население и приравненные группы…
Территориальные сетевые организ…
Выручка отклонения по ПАО Россети на 2023 год
15.6% 15.6%
3.8% 3.8%
1.2% 1.2%
398.2% 398.2%
26.9% 26.9%
-0.6% -0.6%
26.9% 26.9%
1.5% 1.5%
2.7% 2.7%
2.0% 2.0%
-2.0% -2.0%
7.9% 7.9%
⬤ Отклонение, %
Интер РАО (для ФСК)
Промышленные потребители
Транспорт
Нефтедобыча
Нефтепереработка
Нефтепроводы
Газопроводы
Сельское хозяйство и пищевая про…
Непромышленные потребители
Государственные (муниципальные)…
Население и приравненные группы…
Территориальные сетевые организ…
абс.
%
Прогноз на месяц 
Ноябрь
КПО/Отпуск из сети 
Отпуск из сети, млн. кВт.ч
Организация 
Все
Прогноз электропотребления и выручки за услуги по передаче в разрезе отраслей'

22-11-2024T05:45:12 - [TEST_STEP][PASSED] - println("b5:" + b5): null

22-11-2024T05:45:12 - [TEST_STEP][PASSED] - b5 = b5.replaceAll("[^0-9]", ""): null

22-11-2024T05:45:12 - [TEST_STEP][PASSED] - println("b5:" + b5): null

22-11-2024T05:45:12 - [TEST_STEP][FAILED] - click(findTestObject("Прогноз по отраслям/Фильтр Сравнение с Стресс")): Unable to click on object 'Object Repository/Прогноз по отраслям/Фильтр Сравнение с Стресс' (Root cause: com.kms.katalon.core.exception.StepFailedException: Unable to click on object 'Object Repository/Прогноз по отраслям/Фильтр Сравнение с Стресс'
	at com.kms.katalon.core.webui.keyword.internal.WebUIKeywordMain.stepFailed(WebUIKeywordMain.groovy:64)
	at com.kms.katalon.core.webui.keyword.internal.WebUIKeywordMain.runKeyword(WebUIKeywordMain.groovy:26)
	at com.kms.katalon.core.webui.keyword.builtin.ClickKeyword.click(ClickKeyword.groovy:74)
	at com.kms.katalon.core.webui.keyword.builtin.ClickKeyword.execute(ClickKeyword.groovy:40)
	at com.kms.katalon.core.keyword.internal.KeywordExecutor.executeKeywordForPlatform(KeywordExecutor.groovy:74)
	at com.kms.katalon.core.webui.keyword.WebUiBuiltInKeywords.click(WebUiBuiltInKeywords.groovy:659)
	at Прогноз по отраслям сверка дашбордов.run(Прогноз по отраслям сверка дашбордов:301)
	at com.kms.katalon.core.main.ScriptEngine.run(ScriptEngine.java:194)
	at com.kms.katalon.core.main.ScriptEngine.runScriptAsRawText(ScriptEngine.java:119)
	at com.kms.katalon.core.main.TestCaseExecutor.runScript(TestCaseExecutor.java:448)
	at com.kms.katalon.core.main.TestCaseExecutor.doExecute(TestCaseExecutor.java:439)
	at com.kms.katalon.core.main.TestCaseExecutor.processExecutionPhase(TestCaseExecutor.java:418)
	at com.kms.katalon.core.main.TestCaseExecutor.accessMainPhase(TestCaseExecutor.java:410)
	at com.kms.katalon.core.main.TestCaseExecutor.execute(TestCaseExecutor.java:285)
	at com.kms.katalon.core.common.CommonExecutor.accessTestCaseMainPhase(CommonExecutor.java:65)
	at com.kms.katalon.core.main.TestSuiteExecutor.accessTestSuiteMainPhase(TestSuiteExecutor.java:150)
	at com.kms.katalon.core.main.TestSuiteExecutor.execute(TestSuiteExecutor.java:106)
	at com.kms.katalon.core.main.TestCaseMain.startTestSuite(TestCaseMain.java:180)
	at TempTestSuite1732232929817.run(TempTestSuite1732232929817.groovy:35)
	at java.base/jdk.internal.reflect.NativeMethodAccessorImpl.invoke0(Native Method)
	at java.base/jdk.internal.reflect.NativeMethodAccessorImpl.invoke(NativeMethodAccessorImpl.java:77)
	at java.base/jdk.internal.reflect.DelegatingMethodAccessorImpl.invoke(DelegatingMethodAccessorImpl.java:43)
Caused by: com.kms.katalon.core.webui.exception.WebElementNotFoundException: Web element with id: 'Object Repository/Прогноз по отраслям/Фильтр Сравнение с Стресс' located by '//div[5]/div[2]/div/div/div/div' not found
	at com.kms.katalon.core.webui.common.WebUiCommonHelper.findWebElement(WebUiCommonHelper.java:1426)
	at com.kms.katalon.core.webui.keyword.internal.WebUIAbstractKeyword.findWebElement(WebUIAbstractKeyword.groovy:27)
	at com.kms.katalon.core.webui.keyword.builtin.ClickKeyword$_click_closure1.doCall(ClickKeyword.groovy:65)
	at com.kms.katalon.core.webui.keyword.builtin.ClickKeyword$_click_closure1.call(ClickKeyword.groovy)
	at com.kms.katalon.core.webui.keyword.internal.WebUIKeywordMain.runKeyword(WebUIKeywordMain.groovy:20)
	at com.kms.katalon.core.webui.keyword.builtin.ClickKeyword.click(ClickKeyword.groovy:74)
	at com.kms.katalon.core.webui.keyword.builtin.ClickKeyword.execute(ClickKeyword.groovy:40)
	at com.kms.katalon.core.keyword.internal.KeywordExecutor.executeKeywordForPlatform(KeywordExecutor.groovy:74)
	at com.kms.katalon.core.webui.keyword.WebUiBuiltInKeywords.click(WebUiBuiltInKeywords.groovy:659)
	at Script1693826440839.run(Script1693826440839.groovy:301)
	... 15 more
)

22-11-2024T05:46:12 - [MESSAGE][INFO] - Unable to find the element located by 'By.xpath: //div[5]/div[2]/div/div/div/div'. Please recheck the objects properties to make sure the desired element is located. 

22-11-2024T05:46:12 - [MESSAGE][FAILED] - Unable to click on object 'Object Repository/Прогноз по отраслям/Фильтр Сравнение с Стресс' (Root cause: com.kms.katalon.core.exception.StepFailedException: Unable to click on object 'Object Repository/Прогноз по отраслям/Фильтр Сравнение с Стресс'
	at com.kms.katalon.core.webui.keyword.internal.WebUIKeywordMain.stepFailed(WebUIKeywordMain.groovy:64)
	at com.kms.katalon.core.webui.keyword.internal.WebUIKeywordMain.runKeyword(WebUIKeywordMain.groovy:26)
	at com.kms.katalon.core.webui.keyword.builtin.ClickKeyword.click(ClickKeyword.groovy:74)
	at com.kms.katalon.core.webui.keyword.builtin.ClickKeyword.execute(ClickKeyword.groovy:40)
	at com.kms.katalon.core.keyword.internal.KeywordExecutor.executeKeywordForPlatform(KeywordExecutor.groovy:74)
	at com.kms.katalon.core.webui.keyword.WebUiBuiltInKeywords.click(WebUiBuiltInKeywords.groovy:659)
	at Прогноз по отраслям сверка дашбордов.run(Прогноз по отраслям сверка дашбордов:301)
	at com.kms.katalon.core.main.ScriptEngine.run(ScriptEngine.java:194)
	at com.kms.katalon.core.main.ScriptEngine.runScriptAsRawText(ScriptEngine.java:119)
	at com.kms.katalon.core.main.TestCaseExecutor.runScript(TestCaseExecutor.java:448)
	at com.kms.katalon.core.main.TestCaseExecutor.doExecute(TestCaseExecutor.java:439)
	at com.kms.katalon.core.main.TestCaseExecutor.processExecutionPhase(TestCaseExecutor.java:418)
	at com.kms.katalon.core.main.TestCaseExecutor.accessMainPhase(TestCaseExecutor.java:410)
	at com.kms.katalon.core.main.TestCaseExecutor.execute(TestCaseExecutor.java:285)
	at com.kms.katalon.core.common.CommonExecutor.accessTestCaseMainPhase(CommonExecutor.java:65)
	at com.kms.katalon.core.main.TestSuiteExecutor.accessTestSuiteMainPhase(TestSuiteExecutor.java:150)
	at com.kms.katalon.core.main.TestSuiteExecutor.execute(TestSuiteExecutor.java:106)
	at com.kms.katalon.core.main.TestCaseMain.startTestSuite(TestCaseMain.java:180)
	at TempTestSuite1732232929817.run(TempTestSuite1732232929817.groovy:35)
	at java.base/jdk.internal.reflect.NativeMethodAccessorImpl.invoke0(Native Method)
	at java.base/jdk.internal.reflect.NativeMethodAccessorImpl.invoke(NativeMethodAccessorImpl.java:77)
	at java.base/jdk.internal.reflect.DelegatingMethodAccessorImpl.invoke(DelegatingMethodAccessorImpl.java:43)
Caused by: com.kms.katalon.core.webui.exception.WebElementNotFoundException: Web element with id: 'Object Repository/Прогноз по отраслям/Фильтр Сравнение с Стресс' located by '//div[5]/div[2]/div/div/div/div' not found
	at com.kms.katalon.core.webui.common.WebUiCommonHelper.findWebElement(WebUiCommonHelper.java:1426)
	at com.kms.katalon.core.webui.keyword.internal.WebUIAbstractKeyword.findWebElement(WebUIAbstractKeyword.groovy:27)
	at com.kms.katalon.core.webui.keyword.builtin.ClickKeyword$_click_closure1.doCall(ClickKeyword.groovy:65)
	at com.kms.katalon.core.webui.keyword.builtin.ClickKeyword$_click_closure1.call(ClickKeyword.groovy)
	at com.kms.katalon.core.webui.keyword.internal.WebUIKeywordMain.runKeyword(WebUIKeywordMain.groovy:20)
	at com.kms.katalon.core.webui.keyword.builtin.ClickKeyword.click(ClickKeyword.groovy:74)
	at com.kms.katalon.core.webui.keyword.builtin.ClickKeyword.execute(ClickKeyword.groovy:40)
	at com.kms.katalon.core.keyword.internal.KeywordExecutor.executeKeywordForPlatform(KeywordExecutor.groovy:74)
	at com.kms.katalon.core.webui.keyword.WebUiBuiltInKeywords.click(WebUiBuiltInKeywords.groovy:659)
	at Script1693826440839.run(Script1693826440839.groovy:301)
	... 15 more
)
[[ATTACHMENT|C:\\Users\\LIAZGINA-DI\\git\\SPORU\\Reports\\20241122_024849\\\u041F\u043D-\u0421\u0440-\u041F\u0442\\\u0421\u0432\u0435\u0440\u043A\u0430 \u0434\u0430\u0448\u0431\u043E\u0440\u0434\u043E\u0432 \u0438\u0437 \u0440\u0430\u0437\u043D\u044B\u0445 \u0431\u043B\u043E\u043A\u043E\u0432\\20241122_024849\\1732243572697.png]]

22-11-2024T05:46:12 - [TEST_STEP][FAILED] - click(findTestObject("Прогноз по отраслям/План СУ Стресс")): Unable to click on object 'Object Repository/Прогноз по отраслям/План СУ Стресс' (Root cause: com.kms.katalon.core.exception.StepFailedException: Unable to click on object 'Object Repository/Прогноз по отраслям/План СУ Стресс'
	at com.kms.katalon.core.webui.keyword.internal.WebUIKeywordMain.stepFailed(WebUIKeywordMain.groovy:64)
	at com.kms.katalon.core.webui.keyword.internal.WebUIKeywordMain.runKeyword(WebUIKeywordMain.groovy:26)
	at com.kms.katalon.core.webui.keyword.builtin.ClickKeyword.click(ClickKeyword.groovy:74)
	at com.kms.katalon.core.webui.keyword.builtin.ClickKeyword.execute(ClickKeyword.groovy:40)
	at com.kms.katalon.core.keyword.internal.KeywordExecutor.executeKeywordForPlatform(KeywordExecutor.groovy:74)
	at com.kms.katalon.core.webui.keyword.WebUiBuiltInKeywords.click(WebUiBuiltInKeywords.groovy:659)
	at Прогноз по отраслям сверка дашбордов.run(Прогноз по отраслям сверка дашбордов:303)
	at com.kms.katalon.core.main.ScriptEngine.run(ScriptEngine.java:194)
	at com.kms.katalon.core.main.ScriptEngine.runScriptAsRawText(ScriptEngine.java:119)
	at com.kms.katalon.core.main.TestCaseExecutor.runScript(TestCaseExecutor.java:448)
	at com.kms.katalon.core.main.TestCaseExecutor.doExecute(TestCaseExecutor.java:439)
	at com.kms.katalon.core.main.TestCaseExecutor.processExecutionPhase(TestCaseExecutor.java:418)
	at com.kms.katalon.core.main.TestCaseExecutor.accessMainPhase(TestCaseExecutor.java:410)
	at com.kms.katalon.core.main.TestCaseExecutor.execute(TestCaseExecutor.java:285)
	at com.kms.katalon.core.common.CommonExecutor.accessTestCaseMainPhase(CommonExecutor.java:65)
	at com.kms.katalon.core.main.TestSuiteExecutor.accessTestSuiteMainPhase(TestSuiteExecutor.java:150)
	at com.kms.katalon.core.main.TestSuiteExecutor.execute(TestSuiteExecutor.java:106)
	at com.kms.katalon.core.main.TestCaseMain.startTestSuite(TestCaseMain.java:180)
	at TempTestSuite1732232929817.run(TempTestSuite1732232929817.groovy:35)
	at java.base/jdk.internal.reflect.NativeMethodAccessorImpl.invoke0(Native Method)
	at java.base/jdk.internal.reflect.NativeMethodAccessorImpl.invoke(NativeMethodAccessorImpl.java:77)
	at java.base/jdk.internal.reflect.DelegatingMethodAccessorImpl.invoke(DelegatingMethodAccessorImpl.java:43)
Caused by: com.kms.katalon.core.webui.exception.WebElementNotFoundException: Web element with id: 'Object Repository/Прогноз по отраслям/План СУ Стресс' located by '//div[5]/div[2]/div/div/div[2]/div/ul/li[3]/div/div' not found
	at com.kms.katalon.core.webui.common.WebUiCommonHelper.findWebElement(WebUiCommonHelper.java:1426)
	at com.kms.katalon.core.webui.keyword.internal.WebUIAbstractKeyword.findWebElement(WebUIAbstractKeyword.groovy:27)
	at com.kms.katalon.core.webui.keyword.builtin.ClickKeyword$_click_closure1.doCall(ClickKeyword.groovy:65)
	at com.kms.katalon.core.webui.keyword.builtin.ClickKeyword$_click_closure1.call(ClickKeyword.groovy)
	at com.kms.katalon.core.webui.keyword.internal.WebUIKeywordMain.runKeyword(WebUIKeywordMain.groovy:20)
	at com.kms.katalon.core.webui.keyword.builtin.ClickKeyword.click(ClickKeyword.groovy:74)
	at com.kms.katalon.core.webui.keyword.builtin.ClickKeyword.execute(ClickKeyword.groovy:40)
	at com.kms.katalon.core.keyword.internal.KeywordExecutor.executeKeywordForPlatform(KeywordExecutor.groovy:74)
	at com.kms.katalon.core.webui.keyword.WebUiBuiltInKeywords.click(WebUiBuiltInKeywords.groovy:659)
	at Script1693826440839.run(Script1693826440839.groovy:303)
	... 15 more
)

22-11-2024T05:47:12 - [MESSAGE][INFO] - Unable to find the element located by 'By.xpath: //div[5]/div[2]/div/div/div[2]/div/ul/li[3]/div/div'. Please recheck the objects properties to make sure the desired element is located. 

22-11-2024T05:47:13 - [MESSAGE][FAILED] - Unable to click on object 'Object Repository/Прогноз по отраслям/План СУ Стресс' (Root cause: com.kms.katalon.core.exception.StepFailedException: Unable to click on object 'Object Repository/Прогноз по отраслям/План СУ Стресс'
	at com.kms.katalon.core.webui.keyword.internal.WebUIKeywordMain.stepFailed(WebUIKeywordMain.groovy:64)
	at com.kms.katalon.core.webui.keyword.internal.WebUIKeywordMain.runKeyword(WebUIKeywordMain.groovy:26)
	at com.kms.katalon.core.webui.keyword.builtin.ClickKeyword.click(ClickKeyword.groovy:74)
	at com.kms.katalon.core.webui.keyword.builtin.ClickKeyword.execute(ClickKeyword.groovy:40)
	at com.kms.katalon.core.keyword.internal.KeywordExecutor.executeKeywordForPlatform(KeywordExecutor.groovy:74)
	at com.kms.katalon.core.webui.keyword.WebUiBuiltInKeywords.click(WebUiBuiltInKeywords.groovy:659)
	at Прогноз по отраслям сверка дашбордов.run(Прогноз по отраслям сверка дашбордов:303)
	at com.kms.katalon.core.main.ScriptEngine.run(ScriptEngine.java:194)
	at com.kms.katalon.core.main.ScriptEngine.runScriptAsRawText(ScriptEngine.java:119)
	at com.kms.katalon.core.main.TestCaseExecutor.runScript(TestCaseExecutor.java:448)
	at com.kms.katalon.core.main.TestCaseExecutor.doExecute(TestCaseExecutor.java:439)
	at com.kms.katalon.core.main.TestCaseExecutor.processExecutionPhase(TestCaseExecutor.java:418)
	at com.kms.katalon.core.main.TestCaseExecutor.accessMainPhase(TestCaseExecutor.java:410)
	at com.kms.katalon.core.main.TestCaseExecutor.execute(TestCaseExecutor.java:285)
	at com.kms.katalon.core.common.CommonExecutor.accessTestCaseMainPhase(CommonExecutor.java:65)
	at com.kms.katalon.core.main.TestSuiteExecutor.accessTestSuiteMainPhase(TestSuiteExecutor.java:150)
	at com.kms.katalon.core.main.TestSuiteExecutor.execute(TestSuiteExecutor.java:106)
	at com.kms.katalon.core.main.TestCaseMain.startTestSuite(TestCaseMain.java:180)
	at TempTestSuite1732232929817.run(TempTestSuite1732232929817.groovy:35)
	at java.base/jdk.internal.reflect.NativeMethodAccessorImpl.invoke0(Native Method)
	at java.base/jdk.internal.reflect.NativeMethodAccessorImpl.invoke(NativeMethodAccessorImpl.java:77)
	at java.base/jdk.internal.reflect.DelegatingMethodAccessorImpl.invoke(DelegatingMethodAccessorImpl.java:43)
Caused by: com.kms.katalon.core.webui.exception.WebElementNotFoundException: Web element with id: 'Object Repository/Прогноз по отраслям/План СУ Стресс' located by '//div[5]/div[2]/div/div/div[2]/div/ul/li[3]/div/div' not found
	at com.kms.katalon.core.webui.common.WebUiCommonHelper.findWebElement(WebUiCommonHelper.java:1426)
	at com.kms.katalon.core.webui.keyword.internal.WebUIAbstractKeyword.findWebElement(WebUIAbstractKeyword.groovy:27)
	at com.kms.katalon.core.webui.keyword.builtin.ClickKeyword$_click_closure1.doCall(ClickKeyword.groovy:65)
	at com.kms.katalon.core.webui.keyword.builtin.ClickKeyword$_click_closure1.call(ClickKeyword.groovy)
	at com.kms.katalon.core.webui.keyword.internal.WebUIKeywordMain.runKeyword(WebUIKeywordMain.groovy:20)
	at com.kms.katalon.core.webui.keyword.builtin.ClickKeyword.click(ClickKeyword.groovy:74)
	at com.kms.katalon.core.webui.keyword.builtin.ClickKeyword.execute(ClickKeyword.groovy:40)
	at com.kms.katalon.core.keyword.internal.KeywordExecutor.executeKeywordForPlatform(KeywordExecutor.groovy:74)
	at com.kms.katalon.core.webui.keyword.WebUiBuiltInKeywords.click(WebUiBuiltInKeywords.groovy:659)
	at Script1693826440839.run(Script1693826440839.groovy:303)
	... 15 more
)
[[ATTACHMENT|C:\\Users\\LIAZGINA-DI\\git\\SPORU\\Reports\\20241122_024849\\\u041F\u043D-\u0421\u0440-\u041F\u0442\\\u0421\u0432\u0435\u0440\u043A\u0430 \u0434\u0430\u0448\u0431\u043E\u0440\u0434\u043E\u0432 \u0438\u0437 \u0440\u0430\u0437\u043D\u044B\u0445 \u0431\u043B\u043E\u043A\u043E\u0432\\20241122_024849\\1732243632907.png]]

22-11-2024T05:47:13 - [TEST_STEP][PASSED] - delay(40): Delayed 40 second(s)

22-11-2024T05:47:53 - [MESSAGE][PASSED] - Delayed 40 second(s)

22-11-2024T05:47:53 - [TEST_STEP][PASSED] - b6 = getText(findTestObject("Прогноз по отраслям/Виджеты дашборда")): Text of object 'Object Repository/Прогноз по отраслям/Виджеты дашборда' is: 'Год 
2023 год
Сравнение с 
План
Динамика электропотребления, млрд. кВт.ч., по ПАО Россети на 2023 год
10 10
190 190
36 36
14 14
9 9
14 14
4 4
17 17
80 80
19 19
82 82
588 588
10 10
197 197
37 37
48 48
10 10
15 15
4 4
18 18
80 80
19 19
82 82
608 608
План
Ожидаемое (прогноз до конца года)
Интер РАО(для ФСК)
Промышленныепотребители
Транспорт
Нефтедобыча
Нефтеперераб…
Нефтепроводы
Газопроводы
Сельское хозя…
Непромышлен…
Государственн…
Население иприравненныегруппыпотребителей
Территориальн…
Выручка, млрд. руб, по ПАО Россети на 2023 год
5 5
319 319
81 81
16 16
16 16
20 20
2 2
56 56
215 215
67 67
218 218
239 239
6 6
331 331
82 82
77 77
20 20
20 20
3 3
57 57
220 220
68 68
214 214
258 258
План
Ожидаемое (прогноз до конца года)
Интер РАО(для ФСК)
Промышленныепотребители
Транспорт
Нефтедобыча
Нефтеперераб…
Нефтепроводы
Газопроводы
Сельское хозя…
Непромышлен…
Государственн…
Население иприравненныегруппыпотребителей
Территориальн…
Отклонения по ПАО Россети на 2023 год
-4.7% -4.7%
3.8% 3.8%
1.9% 1.9%
230.3% 230.3%
10.9% 10.9%
4.2% 4.2%
21.7% 21.7%
3.9% 3.9%
-0.6% -0.6%
1.6% 1.6%
-1.0% -1.0%
3.3% 3.3%
⬤ Отклонение, %
Интер РАО (для ФСК)
Промышленные потребители
Транспорт
Нефтедобыча
Нефтепереработка
Нефтепроводы
Газопроводы
Сельское хозяйство и пищевая про…
Непромышленные потребители
Государственные (муниципальные)…
Население и приравненные группы…
Территориальные сетевые организ…
Выручка отклонения по ПАО Россети на 2023 год
15.6% 15.6%
3.8% 3.8%
1.2% 1.2%
398.2% 398.2%
26.9% 26.9%
-0.6% -0.6%
26.9% 26.9%
1.5% 1.5%
2.7% 2.7%
2.0% 2.0%
-2.0% -2.0%
7.9% 7.9%
⬤ Отклонение, %
Интер РАО (для ФСК)
Промышленные потребители
Транспорт
Нефтедобыча
Нефтепереработка
Нефтепроводы
Газопроводы
Сельское хозяйство и пищевая про…
Непромышленные потребители
Государственные (муниципальные)…
Население и приравненные группы…
Территориальные сетевые организ…
абс.
%
Прогноз на месяц 
Ноябрь
КПО/Отпуск из сети 
Отпуск из сети, млн. кВт.ч
Организация 
Все
Прогноз электропотребления и выручки за услуги по передаче в разрезе отраслей'

22-11-2024T05:48:23 - [MESSAGE][PASSED] - Text of object 'Object Repository/Прогноз по отраслям/Виджеты дашборда' is: 'Год 
2023 год
Сравнение с 
План
Динамика электропотребления, млрд. кВт.ч., по ПАО Россети на 2023 год
10 10
190 190
36 36
14 14
9 9
14 14
4 4
17 17
80 80
19 19
82 82
588 588
10 10
197 197
37 37
48 48
10 10
15 15
4 4
18 18
80 80
19 19
82 82
608 608
План
Ожидаемое (прогноз до конца года)
Интер РАО(для ФСК)
Промышленныепотребители
Транспорт
Нефтедобыча
Нефтеперераб…
Нефтепроводы
Газопроводы
Сельское хозя…
Непромышлен…
Государственн…
Население иприравненныегруппыпотребителей
Территориальн…
Выручка, млрд. руб, по ПАО Россети на 2023 год
5 5
319 319
81 81
16 16
16 16
20 20
2 2
56 56
215 215
67 67
218 218
239 239
6 6
331 331
82 82
77 77
20 20
20 20
3 3
57 57
220 220
68 68
214 214
258 258
План
Ожидаемое (прогноз до конца года)
Интер РАО(для ФСК)
Промышленныепотребители
Транспорт
Нефтедобыча
Нефтеперераб…
Нефтепроводы
Газопроводы
Сельское хозя…
Непромышлен…
Государственн…
Население иприравненныегруппыпотребителей
Территориальн…
Отклонения по ПАО Россети на 2023 год
-4.7% -4.7%
3.8% 3.8%
1.9% 1.9%
230.3% 230.3%
10.9% 10.9%
4.2% 4.2%
21.7% 21.7%
3.9% 3.9%
-0.6% -0.6%
1.6% 1.6%
-1.0% -1.0%
3.3% 3.3%
⬤ Отклонение, %
Интер РАО (для ФСК)
Промышленные потребители
Транспорт
Нефтедобыча
Нефтепереработка
Нефтепроводы
Газопроводы
Сельское хозяйство и пищевая про…
Непромышленные потребители
Государственные (муниципальные)…
Население и приравненные группы…
Территориальные сетевые организ…
Выручка отклонения по ПАО Россети на 2023 год
15.6% 15.6%
3.8% 3.8%
1.2% 1.2%
398.2% 398.2%
26.9% 26.9%
-0.6% -0.6%
26.9% 26.9%
1.5% 1.5%
2.7% 2.7%
2.0% 2.0%
-2.0% -2.0%
7.9% 7.9%
⬤ Отклонение, %
Интер РАО (для ФСК)
Промышленные потребители
Транспорт
Нефтедобыча
Нефтепереработка
Нефтепроводы
Газопроводы
Сельское хозяйство и пищевая про…
Непромышленные потребители
Государственные (муниципальные)…
Население и приравненные группы…
Территориальные сетевые организ…
абс.
%
Прогноз на месяц 
Ноябрь
КПО/Отпуск из сети 
Отпуск из сети, млн. кВт.ч
Организация 
Все
Прогноз электропотребления и выручки за услуги по передаче в разрезе отраслей'

22-11-2024T05:48:23 - [TEST_STEP][PASSED] - b6 = b6.replaceAll("[^0-9]", ""): null

22-11-2024T05:48:23 - [TEST_STEP][PASSED] - println("b6:" + b6): null

22-11-2024T05:48:23 - [TEST_STEP][FAILED] - click(findTestObject("Прогноз по отраслям/Переключить отображение с процентов на абс Стресс-сценарий")): Unable to click on object 'Object Repository/Прогноз по отраслям/Переключить отображение с процентов на абс Стресс-сценарий' (Root cause: com.kms.katalon.core.exception.StepFailedException: Unable to click on object 'Object Repository/Прогноз по отраслям/Переключить отображение с процентов на абс Стресс-сценарий'
	at com.kms.katalon.core.webui.keyword.internal.WebUIKeywordMain.stepFailed(WebUIKeywordMain.groovy:64)
	at com.kms.katalon.core.webui.keyword.internal.WebUIKeywordMain.runKeyword(WebUIKeywordMain.groovy:26)
	at com.kms.katalon.core.webui.keyword.builtin.ClickKeyword.click(ClickKeyword.groovy:74)
	at com.kms.katalon.core.webui.keyword.builtin.ClickKeyword.execute(ClickKeyword.groovy:40)
	at com.kms.katalon.core.keyword.internal.KeywordExecutor.executeKeywordForPlatform(KeywordExecutor.groovy:74)
	at com.kms.katalon.core.webui.keyword.WebUiBuiltInKeywords.click(WebUiBuiltInKeywords.groovy:659)
	at Прогноз по отраслям сверка дашбордов.run(Прогноз по отраслям сверка дашбордов:313)
	at com.kms.katalon.core.main.ScriptEngine.run(ScriptEngine.java:194)
	at com.kms.katalon.core.main.ScriptEngine.runScriptAsRawText(ScriptEngine.java:119)
	at com.kms.katalon.core.main.TestCaseExecutor.runScript(TestCaseExecutor.java:448)
	at com.kms.katalon.core.main.TestCaseExecutor.doExecute(TestCaseExecutor.java:439)
	at com.kms.katalon.core.main.TestCaseExecutor.processExecutionPhase(TestCaseExecutor.java:418)
	at com.kms.katalon.core.main.TestCaseExecutor.accessMainPhase(TestCaseExecutor.java:410)
	at com.kms.katalon.core.main.TestCaseExecutor.execute(TestCaseExecutor.java:285)
	at com.kms.katalon.core.common.CommonExecutor.accessTestCaseMainPhase(CommonExecutor.java:65)
	at com.kms.katalon.core.main.TestSuiteExecutor.accessTestSuiteMainPhase(TestSuiteExecutor.java:150)
	at com.kms.katalon.core.main.TestSuiteExecutor.execute(TestSuiteExecutor.java:106)
	at com.kms.katalon.core.main.TestCaseMain.startTestSuite(TestCaseMain.java:180)
	at TempTestSuite1732232929817.run(TempTestSuite1732232929817.groovy:35)
	at java.base/jdk.internal.reflect.NativeMethodAccessorImpl.invoke0(Native Method)
	at java.base/jdk.internal.reflect.NativeMethodAccessorImpl.invoke(NativeMethodAccessorImpl.java:77)
	at java.base/jdk.internal.reflect.DelegatingMethodAccessorImpl.invoke(DelegatingMethodAccessorImpl.java:43)
Caused by: com.kms.katalon.core.webui.exception.WebElementNotFoundException: Web element with id: 'Object Repository/Прогноз по отраслям/Переключить отображение с процентов на абс Стресс-сценарий' located by '//div[23]/div[2]/div/div' not found
	at com.kms.katalon.core.webui.common.WebUiCommonHelper.findWebElement(WebUiCommonHelper.java:1426)
	at com.kms.katalon.core.webui.keyword.internal.WebUIAbstractKeyword.findWebElement(WebUIAbstractKeyword.groovy:27)
	at com.kms.katalon.core.webui.keyword.builtin.ClickKeyword$_click_closure1.doCall(ClickKeyword.groovy:65)
	at com.kms.katalon.core.webui.keyword.builtin.ClickKeyword$_click_closure1.call(ClickKeyword.groovy)
	at com.kms.katalon.core.webui.keyword.internal.WebUIKeywordMain.runKeyword(WebUIKeywordMain.groovy:20)
	at com.kms.katalon.core.webui.keyword.builtin.ClickKeyword.click(ClickKeyword.groovy:74)
	at com.kms.katalon.core.webui.keyword.builtin.ClickKeyword.execute(ClickKeyword.groovy:40)
	at com.kms.katalon.core.keyword.internal.KeywordExecutor.executeKeywordForPlatform(KeywordExecutor.groovy:74)
	at com.kms.katalon.core.webui.keyword.WebUiBuiltInKeywords.click(WebUiBuiltInKeywords.groovy:659)
	at Script1693826440839.run(Script1693826440839.groovy:313)
	... 15 more
)

22-11-2024T05:49:23 - [MESSAGE][INFO] - Unable to find the element located by 'By.xpath: //div[23]/div[2]/div/div'. Please recheck the objects properties to make sure the desired element is located. 

22-11-2024T05:49:23 - [MESSAGE][FAILED] - Unable to click on object 'Object Repository/Прогноз по отраслям/Переключить отображение с процентов на абс Стресс-сценарий' (Root cause: com.kms.katalon.core.exception.StepFailedException: Unable to click on object 'Object Repository/Прогноз по отраслям/Переключить отображение с процентов на абс Стресс-сценарий'
	at com.kms.katalon.core.webui.keyword.internal.WebUIKeywordMain.stepFailed(WebUIKeywordMain.groovy:64)
	at com.kms.katalon.core.webui.keyword.internal.WebUIKeywordMain.runKeyword(WebUIKeywordMain.groovy:26)
	at com.kms.katalon.core.webui.keyword.builtin.ClickKeyword.click(ClickKeyword.groovy:74)
	at com.kms.katalon.core.webui.keyword.builtin.ClickKeyword.execute(ClickKeyword.groovy:40)
	at com.kms.katalon.core.keyword.internal.KeywordExecutor.executeKeywordForPlatform(KeywordExecutor.groovy:74)
	at com.kms.katalon.core.webui.keyword.WebUiBuiltInKeywords.click(WebUiBuiltInKeywords.groovy:659)
	at Прогноз по отраслям сверка дашбордов.run(Прогноз по отраслям сверка дашбордов:313)
	at com.kms.katalon.core.main.ScriptEngine.run(ScriptEngine.java:194)
	at com.kms.katalon.core.main.ScriptEngine.runScriptAsRawText(ScriptEngine.java:119)
	at com.kms.katalon.core.main.TestCaseExecutor.runScript(TestCaseExecutor.java:448)
	at com.kms.katalon.core.main.TestCaseExecutor.doExecute(TestCaseExecutor.java:439)
	at com.kms.katalon.core.main.TestCaseExecutor.processExecutionPhase(TestCaseExecutor.java:418)
	at com.kms.katalon.core.main.TestCaseExecutor.accessMainPhase(TestCaseExecutor.java:410)
	at com.kms.katalon.core.main.TestCaseExecutor.execute(TestCaseExecutor.java:285)
	at com.kms.katalon.core.common.CommonExecutor.accessTestCaseMainPhase(CommonExecutor.java:65)
	at com.kms.katalon.core.main.TestSuiteExecutor.accessTestSuiteMainPhase(TestSuiteExecutor.java:150)
	at com.kms.katalon.core.main.TestSuiteExecutor.execute(TestSuiteExecutor.java:106)
	at com.kms.katalon.core.main.TestCaseMain.startTestSuite(TestCaseMain.java:180)
	at TempTestSuite1732232929817.run(TempTestSuite1732232929817.groovy:35)
	at java.base/jdk.internal.reflect.NativeMethodAccessorImpl.invoke0(Native Method)
	at java.base/jdk.internal.reflect.NativeMethodAccessorImpl.invoke(NativeMethodAccessorImpl.java:77)
	at java.base/jdk.internal.reflect.DelegatingMethodAccessorImpl.invoke(DelegatingMethodAccessorImpl.java:43)
Caused by: com.kms.katalon.core.webui.exception.WebElementNotFoundException: Web element with id: 'Object Repository/Прогноз по отраслям/Переключить отображение с процентов на абс Стресс-сценарий' located by '//div[23]/div[2]/div/div' not found
	at com.kms.katalon.core.webui.common.WebUiCommonHelper.findWebElement(WebUiCommonHelper.java:1426)
	at com.kms.katalon.core.webui.keyword.internal.WebUIAbstractKeyword.findWebElement(WebUIAbstractKeyword.groovy:27)
	at com.kms.katalon.core.webui.keyword.builtin.ClickKeyword$_click_closure1.doCall(ClickKeyword.groovy:65)
	at com.kms.katalon.core.webui.keyword.builtin.ClickKeyword$_click_closure1.call(ClickKeyword.groovy)
	at com.kms.katalon.core.webui.keyword.internal.WebUIKeywordMain.runKeyword(WebUIKeywordMain.groovy:20)
	at com.kms.katalon.core.webui.keyword.builtin.ClickKeyword.click(ClickKeyword.groovy:74)
	at com.kms.katalon.core.webui.keyword.builtin.ClickKeyword.execute(ClickKeyword.groovy:40)
	at com.kms.katalon.core.keyword.internal.KeywordExecutor.executeKeywordForPlatform(KeywordExecutor.groovy:74)
	at com.kms.katalon.core.webui.keyword.WebUiBuiltInKeywords.click(WebUiBuiltInKeywords.groovy:659)
	at Script1693826440839.run(Script1693826440839.groovy:313)
	... 15 more
)
[[ATTACHMENT|C:\\Users\\LIAZGINA-DI\\git\\SPORU\\Reports\\20241122_024849\\\u041F\u043D-\u0421\u0440-\u041F\u0442\\\u0421\u0432\u0435\u0440\u043A\u0430 \u0434\u0430\u0448\u0431\u043E\u0440\u0434\u043E\u0432 \u0438\u0437 \u0440\u0430\u0437\u043D\u044B\u0445 \u0431\u043B\u043E\u043A\u043E\u0432\\20241122_024849\\1732243763574.png]]

22-11-2024T05:49:23 - [TEST_STEP][FAILED] - click(findTestObject("Прогноз по отраслям/Фильтр Сравнение с Стресс")): Unable to click on object 'Object Repository/Прогноз по отраслям/Фильтр Сравнение с Стресс' (Root cause: com.kms.katalon.core.exception.StepFailedException: Unable to click on object 'Object Repository/Прогноз по отраслям/Фильтр Сравнение с Стресс'
	at com.kms.katalon.core.webui.keyword.internal.WebUIKeywordMain.stepFailed(WebUIKeywordMain.groovy:64)
	at com.kms.katalon.core.webui.keyword.internal.WebUIKeywordMain.runKeyword(WebUIKeywordMain.groovy:26)
	at com.kms.katalon.core.webui.keyword.builtin.ClickKeyword.click(ClickKeyword.groovy:74)
	at com.kms.katalon.core.webui.keyword.builtin.ClickKeyword.execute(ClickKeyword.groovy:40)
	at com.kms.katalon.core.keyword.internal.KeywordExecutor.executeKeywordForPlatform(KeywordExecutor.groovy:74)
	at com.kms.katalon.core.webui.keyword.WebUiBuiltInKeywords.click(WebUiBuiltInKeywords.groovy:659)
	at Прогноз по отраслям сверка дашбордов.run(Прогноз по отраслям сверка дашбордов:315)
	at com.kms.katalon.core.main.ScriptEngine.run(ScriptEngine.java:194)
	at com.kms.katalon.core.main.ScriptEngine.runScriptAsRawText(ScriptEngine.java:119)
	at com.kms.katalon.core.main.TestCaseExecutor.runScript(TestCaseExecutor.java:448)
	at com.kms.katalon.core.main.TestCaseExecutor.doExecute(TestCaseExecutor.java:439)
	at com.kms.katalon.core.main.TestCaseExecutor.processExecutionPhase(TestCaseExecutor.java:418)
	at com.kms.katalon.core.main.TestCaseExecutor.accessMainPhase(TestCaseExecutor.java:410)
	at com.kms.katalon.core.main.TestCaseExecutor.execute(TestCaseExecutor.java:285)
	at com.kms.katalon.core.common.CommonExecutor.accessTestCaseMainPhase(CommonExecutor.java:65)
	at com.kms.katalon.core.main.TestSuiteExecutor.accessTestSuiteMainPhase(TestSuiteExecutor.java:150)
	at com.kms.katalon.core.main.TestSuiteExecutor.execute(TestSuiteExecutor.java:106)
	at com.kms.katalon.core.main.TestCaseMain.startTestSuite(TestCaseMain.java:180)
	at TempTestSuite1732232929817.run(TempTestSuite1732232929817.groovy:35)
	at java.base/jdk.internal.reflect.NativeMethodAccessorImpl.invoke0(Native Method)
	at java.base/jdk.internal.reflect.NativeMethodAccessorImpl.invoke(NativeMethodAccessorImpl.java:77)
	at java.base/jdk.internal.reflect.DelegatingMethodAccessorImpl.invoke(DelegatingMethodAccessorImpl.java:43)
Caused by: com.kms.katalon.core.webui.exception.WebElementNotFoundException: Web element with id: 'Object Repository/Прогноз по отраслям/Фильтр Сравнение с Стресс' located by '//div[5]/div[2]/div/div/div/div' not found
	at com.kms.katalon.core.webui.common.WebUiCommonHelper.findWebElement(WebUiCommonHelper.java:1426)
	at com.kms.katalon.core.webui.keyword.internal.WebUIAbstractKeyword.findWebElement(WebUIAbstractKeyword.groovy:27)
	at com.kms.katalon.core.webui.keyword.builtin.ClickKeyword$_click_closure1.doCall(ClickKeyword.groovy:65)
	at com.kms.katalon.core.webui.keyword.builtin.ClickKeyword$_click_closure1.call(ClickKeyword.groovy)
	at com.kms.katalon.core.webui.keyword.internal.WebUIKeywordMain.runKeyword(WebUIKeywordMain.groovy:20)
	at com.kms.katalon.core.webui.keyword.builtin.ClickKeyword.click(ClickKeyword.groovy:74)
	at com.kms.katalon.core.webui.keyword.builtin.ClickKeyword.execute(ClickKeyword.groovy:40)
	at com.kms.katalon.core.keyword.internal.KeywordExecutor.executeKeywordForPlatform(KeywordExecutor.groovy:74)
	at com.kms.katalon.core.webui.keyword.WebUiBuiltInKeywords.click(WebUiBuiltInKeywords.groovy:659)
	at Script1693826440839.run(Script1693826440839.groovy:315)
	... 15 more
)

22-11-2024T05:50:23 - [MESSAGE][INFO] - Unable to find the element located by 'By.xpath: //div[5]/div[2]/div/div/div/div'. Please recheck the objects properties to make sure the desired element is located. 

22-11-2024T05:50:23 - [MESSAGE][FAILED] - Unable to click on object 'Object Repository/Прогноз по отраслям/Фильтр Сравнение с Стресс' (Root cause: com.kms.katalon.core.exception.StepFailedException: Unable to click on object 'Object Repository/Прогноз по отраслям/Фильтр Сравнение с Стресс'
	at com.kms.katalon.core.webui.keyword.internal.WebUIKeywordMain.stepFailed(WebUIKeywordMain.groovy:64)
	at com.kms.katalon.core.webui.keyword.internal.WebUIKeywordMain.runKeyword(WebUIKeywordMain.groovy:26)
	at com.kms.katalon.core.webui.keyword.builtin.ClickKeyword.click(ClickKeyword.groovy:74)
	at com.kms.katalon.core.webui.keyword.builtin.ClickKeyword.execute(ClickKeyword.groovy:40)
	at com.kms.katalon.core.keyword.internal.KeywordExecutor.executeKeywordForPlatform(KeywordExecutor.groovy:74)
	at com.kms.katalon.core.webui.keyword.WebUiBuiltInKeywords.click(WebUiBuiltInKeywords.groovy:659)
	at Прогноз по отраслям сверка дашбордов.run(Прогноз по отраслям сверка дашбордов:315)
	at com.kms.katalon.core.main.ScriptEngine.run(ScriptEngine.java:194)
	at com.kms.katalon.core.main.ScriptEngine.runScriptAsRawText(ScriptEngine.java:119)
	at com.kms.katalon.core.main.TestCaseExecutor.runScript(TestCaseExecutor.java:448)
	at com.kms.katalon.core.main.TestCaseExecutor.doExecute(TestCaseExecutor.java:439)
	at com.kms.katalon.core.main.TestCaseExecutor.processExecutionPhase(TestCaseExecutor.java:418)
	at com.kms.katalon.core.main.TestCaseExecutor.accessMainPhase(TestCaseExecutor.java:410)
	at com.kms.katalon.core.main.TestCaseExecutor.execute(TestCaseExecutor.java:285)
	at com.kms.katalon.core.common.CommonExecutor.accessTestCaseMainPhase(CommonExecutor.java:65)
	at com.kms.katalon.core.main.TestSuiteExecutor.accessTestSuiteMainPhase(TestSuiteExecutor.java:150)
	at com.kms.katalon.core.main.TestSuiteExecutor.execute(TestSuiteExecutor.java:106)
	at com.kms.katalon.core.main.TestCaseMain.startTestSuite(TestCaseMain.java:180)
	at TempTestSuite1732232929817.run(TempTestSuite1732232929817.groovy:35)
	at java.base/jdk.internal.reflect.NativeMethodAccessorImpl.invoke0(Native Method)
	at java.base/jdk.internal.reflect.NativeMethodAccessorImpl.invoke(NativeMethodAccessorImpl.java:77)
	at java.base/jdk.internal.reflect.DelegatingMethodAccessorImpl.invoke(DelegatingMethodAccessorImpl.java:43)
Caused by: com.kms.katalon.core.webui.exception.WebElementNotFoundException: Web element with id: 'Object Repository/Прогноз по отраслям/Фильтр Сравнение с Стресс' located by '//div[5]/div[2]/div/div/div/div' not found
	at com.kms.katalon.core.webui.common.WebUiCommonHelper.findWebElement(WebUiCommonHelper.java:1426)
	at com.kms.katalon.core.webui.keyword.internal.WebUIAbstractKeyword.findWebElement(WebUIAbstractKeyword.groovy:27)
	at com.kms.katalon.core.webui.keyword.builtin.ClickKeyword$_click_closure1.doCall(ClickKeyword.groovy:65)
	at com.kms.katalon.core.webui.keyword.builtin.ClickKeyword$_click_closure1.call(ClickKeyword.groovy)
	at com.kms.katalon.core.webui.keyword.internal.WebUIKeywordMain.runKeyword(WebUIKeywordMain.groovy:20)
	at com.kms.katalon.core.webui.keyword.builtin.ClickKeyword.click(ClickKeyword.groovy:74)
	at com.kms.katalon.core.webui.keyword.builtin.ClickKeyword.execute(ClickKeyword.groovy:40)
	at com.kms.katalon.core.keyword.internal.KeywordExecutor.executeKeywordForPlatform(KeywordExecutor.groovy:74)
	at com.kms.katalon.core.webui.keyword.WebUiBuiltInKeywords.click(WebUiBuiltInKeywords.groovy:659)
	at Script1693826440839.run(Script1693826440839.groovy:315)
	... 15 more
)
[[ATTACHMENT|C:\\Users\\LIAZGINA-DI\\git\\SPORU\\Reports\\20241122_024849\\\u041F\u043D-\u0421\u0440-\u041F\u0442\\\u0421\u0432\u0435\u0440\u043A\u0430 \u0434\u0430\u0448\u0431\u043E\u0440\u0434\u043E\u0432 \u0438\u0437 \u0440\u0430\u0437\u043D\u044B\u0445 \u0431\u043B\u043E\u043A\u043E\u0432\\20241122_024849\\1732243823770.png]]

22-11-2024T05:50:23 - [TEST_STEP][FAILED] - click(findTestObject("Прогноз по отраслям/Факт прошлого года Стресс")): Unable to click on object 'Object Repository/Прогноз по отраслям/Факт прошлого года Стресс' (Root cause: com.kms.katalon.core.exception.StepFailedException: Unable to click on object 'Object Repository/Прогноз по отраслям/Факт прошлого года Стресс'
	at com.kms.katalon.core.webui.keyword.internal.WebUIKeywordMain.stepFailed(WebUIKeywordMain.groovy:64)
	at com.kms.katalon.core.webui.keyword.internal.WebUIKeywordMain.runKeyword(WebUIKeywordMain.groovy:26)
	at com.kms.katalon.core.webui.keyword.builtin.ClickKeyword.click(ClickKeyword.groovy:74)
	at com.kms.katalon.core.webui.keyword.builtin.ClickKeyword.execute(ClickKeyword.groovy:40)
	at com.kms.katalon.core.keyword.internal.KeywordExecutor.executeKeywordForPlatform(KeywordExecutor.groovy:74)
	at com.kms.katalon.core.webui.keyword.WebUiBuiltInKeywords.click(WebUiBuiltInKeywords.groovy:659)
	at Прогноз по отраслям сверка дашбордов.run(Прогноз по отраслям сверка дашбордов:317)
	at com.kms.katalon.core.main.ScriptEngine.run(ScriptEngine.java:194)
	at com.kms.katalon.core.main.ScriptEngine.runScriptAsRawText(ScriptEngine.java:119)
	at com.kms.katalon.core.main.TestCaseExecutor.runScript(TestCaseExecutor.java:448)
	at com.kms.katalon.core.main.TestCaseExecutor.doExecute(TestCaseExecutor.java:439)
	at com.kms.katalon.core.main.TestCaseExecutor.processExecutionPhase(TestCaseExecutor.java:418)
	at com.kms.katalon.core.main.TestCaseExecutor.accessMainPhase(TestCaseExecutor.java:410)
	at com.kms.katalon.core.main.TestCaseExecutor.execute(TestCaseExecutor.java:285)
	at com.kms.katalon.core.common.CommonExecutor.accessTestCaseMainPhase(CommonExecutor.java:65)
	at com.kms.katalon.core.main.TestSuiteExecutor.accessTestSuiteMainPhase(TestSuiteExecutor.java:150)
	at com.kms.katalon.core.main.TestSuiteExecutor.execute(TestSuiteExecutor.java:106)
	at com.kms.katalon.core.main.TestCaseMain.startTestSuite(TestCaseMain.java:180)
	at TempTestSuite1732232929817.run(TempTestSuite1732232929817.groovy:35)
	at java.base/jdk.internal.reflect.NativeMethodAccessorImpl.invoke0(Native Method)
	at java.base/jdk.internal.reflect.NativeMethodAccessorImpl.invoke(NativeMethodAccessorImpl.java:77)
	at java.base/jdk.internal.reflect.DelegatingMethodAccessorImpl.invoke(DelegatingMethodAccessorImpl.java:43)
Caused by: com.kms.katalon.core.webui.exception.WebElementNotFoundException: Web element with id: 'Object Repository/Прогноз по отраслям/Факт прошлого года Стресс' located by '//div[5]/div[2]/div/div/div[2]/div/ul/li/div/div' not found
	at com.kms.katalon.core.webui.common.WebUiCommonHelper.findWebElement(WebUiCommonHelper.java:1426)
	at com.kms.katalon.core.webui.keyword.internal.WebUIAbstractKeyword.findWebElement(WebUIAbstractKeyword.groovy:27)
	at com.kms.katalon.core.webui.keyword.builtin.ClickKeyword$_click_closure1.doCall(ClickKeyword.groovy:65)
	at com.kms.katalon.core.webui.keyword.builtin.ClickKeyword$_click_closure1.call(ClickKeyword.groovy)
	at com.kms.katalon.core.webui.keyword.internal.WebUIKeywordMain.runKeyword(WebUIKeywordMain.groovy:20)
	at com.kms.katalon.core.webui.keyword.builtin.ClickKeyword.click(ClickKeyword.groovy:74)
	at com.kms.katalon.core.webui.keyword.builtin.ClickKeyword.execute(ClickKeyword.groovy:40)
	at com.kms.katalon.core.keyword.internal.KeywordExecutor.executeKeywordForPlatform(KeywordExecutor.groovy:74)
	at com.kms.katalon.core.webui.keyword.WebUiBuiltInKeywords.click(WebUiBuiltInKeywords.groovy:659)
	at Script1693826440839.run(Script1693826440839.groovy:317)
	... 15 more
)

22-11-2024T05:51:23 - [MESSAGE][INFO] - Unable to find the element located by 'By.xpath: //div[5]/div[2]/div/div/div[2]/div/ul/li/div/div'. Please recheck the objects properties to make sure the desired element is located. 

22-11-2024T05:51:24 - [MESSAGE][FAILED] - Unable to click on object 'Object Repository/Прогноз по отраслям/Факт прошлого года Стресс' (Root cause: com.kms.katalon.core.exception.StepFailedException: Unable to click on object 'Object Repository/Прогноз по отраслям/Факт прошлого года Стресс'
	at com.kms.katalon.core.webui.keyword.internal.WebUIKeywordMain.stepFailed(WebUIKeywordMain.groovy:64)
	at com.kms.katalon.core.webui.keyword.internal.WebUIKeywordMain.runKeyword(WebUIKeywordMain.groovy:26)
	at com.kms.katalon.core.webui.keyword.builtin.ClickKeyword.click(ClickKeyword.groovy:74)
	at com.kms.katalon.core.webui.keyword.builtin.ClickKeyword.execute(ClickKeyword.groovy:40)
	at com.kms.katalon.core.keyword.internal.KeywordExecutor.executeKeywordForPlatform(KeywordExecutor.groovy:74)
	at com.kms.katalon.core.webui.keyword.WebUiBuiltInKeywords.click(WebUiBuiltInKeywords.groovy:659)
	at Прогноз по отраслям сверка дашбордов.run(Прогноз по отраслям сверка дашбордов:317)
	at com.kms.katalon.core.main.ScriptEngine.run(ScriptEngine.java:194)
	at com.kms.katalon.core.main.ScriptEngine.runScriptAsRawText(ScriptEngine.java:119)
	at com.kms.katalon.core.main.TestCaseExecutor.runScript(TestCaseExecutor.java:448)
	at com.kms.katalon.core.main.TestCaseExecutor.doExecute(TestCaseExecutor.java:439)
	at com.kms.katalon.core.main.TestCaseExecutor.processExecutionPhase(TestCaseExecutor.java:418)
	at com.kms.katalon.core.main.TestCaseExecutor.accessMainPhase(TestCaseExecutor.java:410)
	at com.kms.katalon.core.main.TestCaseExecutor.execute(TestCaseExecutor.java:285)
	at com.kms.katalon.core.common.CommonExecutor.accessTestCaseMainPhase(CommonExecutor.java:65)
	at com.kms.katalon.core.main.TestSuiteExecutor.accessTestSuiteMainPhase(TestSuiteExecutor.java:150)
	at com.kms.katalon.core.main.TestSuiteExecutor.execute(TestSuiteExecutor.java:106)
	at com.kms.katalon.core.main.TestCaseMain.startTestSuite(TestCaseMain.java:180)
	at TempTestSuite1732232929817.run(TempTestSuite1732232929817.groovy:35)
	at java.base/jdk.internal.reflect.NativeMethodAccessorImpl.invoke0(Native Method)
	at java.base/jdk.internal.reflect.NativeMethodAccessorImpl.invoke(NativeMethodAccessorImpl.java:77)
	at java.base/jdk.internal.reflect.DelegatingMethodAccessorImpl.invoke(DelegatingMethodAccessorImpl.java:43)
Caused by: com.kms.katalon.core.webui.exception.WebElementNotFoundException: Web element with id: 'Object Repository/Прогноз по отраслям/Факт прошлого года Стресс' located by '//div[5]/div[2]/div/div/div[2]/div/ul/li/div/div' not found
	at com.kms.katalon.core.webui.common.WebUiCommonHelper.findWebElement(WebUiCommonHelper.java:1426)
	at com.kms.katalon.core.webui.keyword.internal.WebUIAbstractKeyword.findWebElement(WebUIAbstractKeyword.groovy:27)
	at com.kms.katalon.core.webui.keyword.builtin.ClickKeyword$_click_closure1.doCall(ClickKeyword.groovy:65)
	at com.kms.katalon.core.webui.keyword.builtin.ClickKeyword$_click_closure1.call(ClickKeyword.groovy)
	at com.kms.katalon.core.webui.keyword.internal.WebUIKeywordMain.runKeyword(WebUIKeywordMain.groovy:20)
	at com.kms.katalon.core.webui.keyword.builtin.ClickKeyword.click(ClickKeyword.groovy:74)
	at com.kms.katalon.core.webui.keyword.builtin.ClickKeyword.execute(ClickKeyword.groovy:40)
	at com.kms.katalon.core.keyword.internal.KeywordExecutor.executeKeywordForPlatform(KeywordExecutor.groovy:74)
	at com.kms.katalon.core.webui.keyword.WebUiBuiltInKeywords.click(WebUiBuiltInKeywords.groovy:659)
	at Script1693826440839.run(Script1693826440839.groovy:317)
	... 15 more
)
[[ATTACHMENT|C:\\Users\\LIAZGINA-DI\\git\\SPORU\\Reports\\20241122_024849\\\u041F\u043D-\u0421\u0440-\u041F\u0442\\\u0421\u0432\u0435\u0440\u043A\u0430 \u0434\u0430\u0448\u0431\u043E\u0440\u0434\u043E\u0432 \u0438\u0437 \u0440\u0430\u0437\u043D\u044B\u0445 \u0431\u043B\u043E\u043A\u043E\u0432\\20241122_024849\\1732243883984.png]]

22-11-2024T05:51:24 - [TEST_STEP][FAILED] - click(findTestObject("Прогноз по отраслям/Фильтр КПО-Отпуск Стресс")): Unable to click on object 'Object Repository/Прогноз по отраслям/Фильтр КПО-Отпуск Стресс' (Root cause: com.kms.katalon.core.exception.StepFailedException: Unable to click on object 'Object Repository/Прогноз по отраслям/Фильтр КПО-Отпуск Стресс'
	at com.kms.katalon.core.webui.keyword.internal.WebUIKeywordMain.stepFailed(WebUIKeywordMain.groovy:64)
	at com.kms.katalon.core.webui.keyword.internal.WebUIKeywordMain.runKeyword(WebUIKeywordMain.groovy:26)
	at com.kms.katalon.core.webui.keyword.builtin.ClickKeyword.click(ClickKeyword.groovy:74)
	at com.kms.katalon.core.webui.keyword.builtin.ClickKeyword.execute(ClickKeyword.groovy:40)
	at com.kms.katalon.core.keyword.internal.KeywordExecutor.executeKeywordForPlatform(KeywordExecutor.groovy:74)
	at com.kms.katalon.core.webui.keyword.WebUiBuiltInKeywords.click(WebUiBuiltInKeywords.groovy:659)
	at Прогноз по отраслям сверка дашбордов.run(Прогноз по отраслям сверка дашбордов:319)
	at com.kms.katalon.core.main.ScriptEngine.run(ScriptEngine.java:194)
	at com.kms.katalon.core.main.ScriptEngine.runScriptAsRawText(ScriptEngine.java:119)
	at com.kms.katalon.core.main.TestCaseExecutor.runScript(TestCaseExecutor.java:448)
	at com.kms.katalon.core.main.TestCaseExecutor.doExecute(TestCaseExecutor.java:439)
	at com.kms.katalon.core.main.TestCaseExecutor.processExecutionPhase(TestCaseExecutor.java:418)
	at com.kms.katalon.core.main.TestCaseExecutor.accessMainPhase(TestCaseExecutor.java:410)
	at com.kms.katalon.core.main.TestCaseExecutor.execute(TestCaseExecutor.java:285)
	at com.kms.katalon.core.common.CommonExecutor.accessTestCaseMainPhase(CommonExecutor.java:65)
	at com.kms.katalon.core.main.TestSuiteExecutor.accessTestSuiteMainPhase(TestSuiteExecutor.java:150)
	at com.kms.katalon.core.main.TestSuiteExecutor.execute(TestSuiteExecutor.java:106)
	at com.kms.katalon.core.main.TestCaseMain.startTestSuite(TestCaseMain.java:180)
	at TempTestSuite1732232929817.run(TempTestSuite1732232929817.groovy:35)
	at java.base/jdk.internal.reflect.NativeMethodAccessorImpl.invoke0(Native Method)
	at java.base/jdk.internal.reflect.NativeMethodAccessorImpl.invoke(NativeMethodAccessorImpl.java:77)
	at java.base/jdk.internal.reflect.DelegatingMethodAccessorImpl.invoke(DelegatingMethodAccessorImpl.java:43)
Caused by: com.kms.katalon.core.webui.exception.WebElementNotFoundException: Web element with id: 'Object Repository/Прогноз по отраслям/Фильтр КПО-Отпуск Стресс' located by '//div[31]/div[2]/div/div/div/div/span' not found
	at com.kms.katalon.core.webui.common.WebUiCommonHelper.findWebElement(WebUiCommonHelper.java:1426)
	at com.kms.katalon.core.webui.keyword.internal.WebUIAbstractKeyword.findWebElement(WebUIAbstractKeyword.groovy:27)
	at com.kms.katalon.core.webui.keyword.builtin.ClickKeyword$_click_closure1.doCall(ClickKeyword.groovy:65)
	at com.kms.katalon.core.webui.keyword.builtin.ClickKeyword$_click_closure1.call(ClickKeyword.groovy)
	at com.kms.katalon.core.webui.keyword.internal.WebUIKeywordMain.runKeyword(WebUIKeywordMain.groovy:20)
	at com.kms.katalon.core.webui.keyword.builtin.ClickKeyword.click(ClickKeyword.groovy:74)
	at com.kms.katalon.core.webui.keyword.builtin.ClickKeyword.execute(ClickKeyword.groovy:40)
	at com.kms.katalon.core.keyword.internal.KeywordExecutor.executeKeywordForPlatform(KeywordExecutor.groovy:74)
	at com.kms.katalon.core.webui.keyword.WebUiBuiltInKeywords.click(WebUiBuiltInKeywords.groovy:659)
	at Script1693826440839.run(Script1693826440839.groovy:319)
	... 15 more
)

22-11-2024T05:52:24 - [MESSAGE][INFO] - Unable to find the element located by 'By.xpath: //div[31]/div[2]/div/div/div/div/span'. Please recheck the objects properties to make sure the desired element is located. 

22-11-2024T05:52:24 - [MESSAGE][FAILED] - Unable to click on object 'Object Repository/Прогноз по отраслям/Фильтр КПО-Отпуск Стресс' (Root cause: com.kms.katalon.core.exception.StepFailedException: Unable to click on object 'Object Repository/Прогноз по отраслям/Фильтр КПО-Отпуск Стресс'
	at com.kms.katalon.core.webui.keyword.internal.WebUIKeywordMain.stepFailed(WebUIKeywordMain.groovy:64)
	at com.kms.katalon.core.webui.keyword.internal.WebUIKeywordMain.runKeyword(WebUIKeywordMain.groovy:26)
	at com.kms.katalon.core.webui.keyword.builtin.ClickKeyword.click(ClickKeyword.groovy:74)
	at com.kms.katalon.core.webui.keyword.builtin.ClickKeyword.execute(ClickKeyword.groovy:40)
	at com.kms.katalon.core.keyword.internal.KeywordExecutor.executeKeywordForPlatform(KeywordExecutor.groovy:74)
	at com.kms.katalon.core.webui.keyword.WebUiBuiltInKeywords.click(WebUiBuiltInKeywords.groovy:659)
	at Прогноз по отраслям сверка дашбордов.run(Прогноз по отраслям сверка дашбордов:319)
	at com.kms.katalon.core.main.ScriptEngine.run(ScriptEngine.java:194)
	at com.kms.katalon.core.main.ScriptEngine.runScriptAsRawText(ScriptEngine.java:119)
	at com.kms.katalon.core.main.TestCaseExecutor.runScript(TestCaseExecutor.java:448)
	at com.kms.katalon.core.main.TestCaseExecutor.doExecute(TestCaseExecutor.java:439)
	at com.kms.katalon.core.main.TestCaseExecutor.processExecutionPhase(TestCaseExecutor.java:418)
	at com.kms.katalon.core.main.TestCaseExecutor.accessMainPhase(TestCaseExecutor.java:410)
	at com.kms.katalon.core.main.TestCaseExecutor.execute(TestCaseExecutor.java:285)
	at com.kms.katalon.core.common.CommonExecutor.accessTestCaseMainPhase(CommonExecutor.java:65)
	at com.kms.katalon.core.main.TestSuiteExecutor.accessTestSuiteMainPhase(TestSuiteExecutor.java:150)
	at com.kms.katalon.core.main.TestSuiteExecutor.execute(TestSuiteExecutor.java:106)
	at com.kms.katalon.core.main.TestCaseMain.startTestSuite(TestCaseMain.java:180)
	at TempTestSuite1732232929817.run(TempTestSuite1732232929817.groovy:35)
	at java.base/jdk.internal.reflect.NativeMethodAccessorImpl.invoke0(Native Method)
	at java.base/jdk.internal.reflect.NativeMethodAccessorImpl.invoke(NativeMethodAccessorImpl.java:77)
	at java.base/jdk.internal.reflect.DelegatingMethodAccessorImpl.invoke(DelegatingMethodAccessorImpl.java:43)
Caused by: com.kms.katalon.core.webui.exception.WebElementNotFoundException: Web element with id: 'Object Repository/Прогноз по отраслям/Фильтр КПО-Отпуск Стресс' located by '//div[31]/div[2]/div/div/div/div/span' not found
	at com.kms.katalon.core.webui.common.WebUiCommonHelper.findWebElement(WebUiCommonHelper.java:1426)
	at com.kms.katalon.core.webui.keyword.internal.WebUIAbstractKeyword.findWebElement(WebUIAbstractKeyword.groovy:27)
	at com.kms.katalon.core.webui.keyword.builtin.ClickKeyword$_click_closure1.doCall(ClickKeyword.groovy:65)
	at com.kms.katalon.core.webui.keyword.builtin.ClickKeyword$_click_closure1.call(ClickKeyword.groovy)
	at com.kms.katalon.core.webui.keyword.internal.WebUIKeywordMain.runKeyword(WebUIKeywordMain.groovy:20)
	at com.kms.katalon.core.webui.keyword.builtin.ClickKeyword.click(ClickKeyword.groovy:74)
	at com.kms.katalon.core.webui.keyword.builtin.ClickKeyword.execute(ClickKeyword.groovy:40)
	at com.kms.katalon.core.keyword.internal.KeywordExecutor.executeKeywordForPlatform(KeywordExecutor.groovy:74)
	at com.kms.katalon.core.webui.keyword.WebUiBuiltInKeywords.click(WebUiBuiltInKeywords.groovy:659)
	at Script1693826440839.run(Script1693826440839.groovy:319)
	... 15 more
)
[[ATTACHMENT|C:\\Users\\LIAZGINA-DI\\git\\SPORU\\Reports\\20241122_024849\\\u041F\u043D-\u0421\u0440-\u041F\u0442\\\u0421\u0432\u0435\u0440\u043A\u0430 \u0434\u0430\u0448\u0431\u043E\u0440\u0434\u043E\u0432 \u0438\u0437 \u0440\u0430\u0437\u043D\u044B\u0445 \u0431\u043B\u043E\u043A\u043E\u0432\\20241122_024849\\1732243944201.png]]

22-11-2024T05:52:24 - [TEST_STEP][FAILED] - click(findTestObject("Прогноз по отраслям/Отпуск Стресс")): Unable to click on object 'Object Repository/Прогноз по отраслям/Отпуск Стресс' (Root cause: com.kms.katalon.core.exception.StepFailedException: Unable to click on object 'Object Repository/Прогноз по отраслям/Отпуск Стресс'
	at com.kms.katalon.core.webui.keyword.internal.WebUIKeywordMain.stepFailed(WebUIKeywordMain.groovy:64)
	at com.kms.katalon.core.webui.keyword.internal.WebUIKeywordMain.runKeyword(WebUIKeywordMain.groovy:26)
	at com.kms.katalon.core.webui.keyword.builtin.ClickKeyword.click(ClickKeyword.groovy:74)
	at com.kms.katalon.core.webui.keyword.builtin.ClickKeyword.execute(ClickKeyword.groovy:40)
	at com.kms.katalon.core.keyword.internal.KeywordExecutor.executeKeywordForPlatform(KeywordExecutor.groovy:74)
	at com.kms.katalon.core.webui.keyword.WebUiBuiltInKeywords.click(WebUiBuiltInKeywords.groovy:659)
	at Прогноз по отраслям сверка дашбордов.run(Прогноз по отраслям сверка дашбордов:321)
	at com.kms.katalon.core.main.ScriptEngine.run(ScriptEngine.java:194)
	at com.kms.katalon.core.main.ScriptEngine.runScriptAsRawText(ScriptEngine.java:119)
	at com.kms.katalon.core.main.TestCaseExecutor.runScript(TestCaseExecutor.java:448)
	at com.kms.katalon.core.main.TestCaseExecutor.doExecute(TestCaseExecutor.java:439)
	at com.kms.katalon.core.main.TestCaseExecutor.processExecutionPhase(TestCaseExecutor.java:418)
	at com.kms.katalon.core.main.TestCaseExecutor.accessMainPhase(TestCaseExecutor.java:410)
	at com.kms.katalon.core.main.TestCaseExecutor.execute(TestCaseExecutor.java:285)
	at com.kms.katalon.core.common.CommonExecutor.accessTestCaseMainPhase(CommonExecutor.java:65)
	at com.kms.katalon.core.main.TestSuiteExecutor.accessTestSuiteMainPhase(TestSuiteExecutor.java:150)
	at com.kms.katalon.core.main.TestSuiteExecutor.execute(TestSuiteExecutor.java:106)
	at com.kms.katalon.core.main.TestCaseMain.startTestSuite(TestCaseMain.java:180)
	at TempTestSuite1732232929817.run(TempTestSuite1732232929817.groovy:35)
	at java.base/jdk.internal.reflect.NativeMethodAccessorImpl.invoke0(Native Method)
	at java.base/jdk.internal.reflect.NativeMethodAccessorImpl.invoke(NativeMethodAccessorImpl.java:77)
	at java.base/jdk.internal.reflect.DelegatingMethodAccessorImpl.invoke(DelegatingMethodAccessorImpl.java:43)
Caused by: com.kms.katalon.core.webui.exception.WebElementNotFoundException: Web element with id: 'Object Repository/Прогноз по отраслям/Отпуск Стресс' located by '//div[31]/div[2]/div/div/div[2]/div/ul/li[2]/div/div' not found
	at com.kms.katalon.core.webui.common.WebUiCommonHelper.findWebElement(WebUiCommonHelper.java:1426)
	at com.kms.katalon.core.webui.keyword.internal.WebUIAbstractKeyword.findWebElement(WebUIAbstractKeyword.groovy:27)
	at com.kms.katalon.core.webui.keyword.builtin.ClickKeyword$_click_closure1.doCall(ClickKeyword.groovy:65)
	at com.kms.katalon.core.webui.keyword.builtin.ClickKeyword$_click_closure1.call(ClickKeyword.groovy)
	at com.kms.katalon.core.webui.keyword.internal.WebUIKeywordMain.runKeyword(WebUIKeywordMain.groovy:20)
	at com.kms.katalon.core.webui.keyword.builtin.ClickKeyword.click(ClickKeyword.groovy:74)
	at com.kms.katalon.core.webui.keyword.builtin.ClickKeyword.execute(ClickKeyword.groovy:40)
	at com.kms.katalon.core.keyword.internal.KeywordExecutor.executeKeywordForPlatform(KeywordExecutor.groovy:74)
	at com.kms.katalon.core.webui.keyword.WebUiBuiltInKeywords.click(WebUiBuiltInKeywords.groovy:659)
	at Script1693826440839.run(Script1693826440839.groovy:321)
	... 15 more
)

22-11-2024T05:53:24 - [MESSAGE][INFO] - Unable to find the element located by 'By.xpath: //div[31]/div[2]/div/div/div[2]/div/ul/li[2]/div/div'. Please recheck the objects properties to make sure the desired element is located. 

22-11-2024T05:53:24 - [MESSAGE][FAILED] - Unable to click on object 'Object Repository/Прогноз по отраслям/Отпуск Стресс' (Root cause: com.kms.katalon.core.exception.StepFailedException: Unable to click on object 'Object Repository/Прогноз по отраслям/Отпуск Стресс'
	at com.kms.katalon.core.webui.keyword.internal.WebUIKeywordMain.stepFailed(WebUIKeywordMain.groovy:64)
	at com.kms.katalon.core.webui.keyword.internal.WebUIKeywordMain.runKeyword(WebUIKeywordMain.groovy:26)
	at com.kms.katalon.core.webui.keyword.builtin.ClickKeyword.click(ClickKeyword.groovy:74)
	at com.kms.katalon.core.webui.keyword.builtin.ClickKeyword.execute(ClickKeyword.groovy:40)
	at com.kms.katalon.core.keyword.internal.KeywordExecutor.executeKeywordForPlatform(KeywordExecutor.groovy:74)
	at com.kms.katalon.core.webui.keyword.WebUiBuiltInKeywords.click(WebUiBuiltInKeywords.groovy:659)
	at Прогноз по отраслям сверка дашбордов.run(Прогноз по отраслям сверка дашбордов:321)
	at com.kms.katalon.core.main.ScriptEngine.run(ScriptEngine.java:194)
	at com.kms.katalon.core.main.ScriptEngine.runScriptAsRawText(ScriptEngine.java:119)
	at com.kms.katalon.core.main.TestCaseExecutor.runScript(TestCaseExecutor.java:448)
	at com.kms.katalon.core.main.TestCaseExecutor.doExecute(TestCaseExecutor.java:439)
	at com.kms.katalon.core.main.TestCaseExecutor.processExecutionPhase(TestCaseExecutor.java:418)
	at com.kms.katalon.core.main.TestCaseExecutor.accessMainPhase(TestCaseExecutor.java:410)
	at com.kms.katalon.core.main.TestCaseExecutor.execute(TestCaseExecutor.java:285)
	at com.kms.katalon.core.common.CommonExecutor.accessTestCaseMainPhase(CommonExecutor.java:65)
	at com.kms.katalon.core.main.TestSuiteExecutor.accessTestSuiteMainPhase(TestSuiteExecutor.java:150)
	at com.kms.katalon.core.main.TestSuiteExecutor.execute(TestSuiteExecutor.java:106)
	at com.kms.katalon.core.main.TestCaseMain.startTestSuite(TestCaseMain.java:180)
	at TempTestSuite1732232929817.run(TempTestSuite1732232929817.groovy:35)
	at java.base/jdk.internal.reflect.NativeMethodAccessorImpl.invoke0(Native Method)
	at java.base/jdk.internal.reflect.NativeMethodAccessorImpl.invoke(NativeMethodAccessorImpl.java:77)
	at java.base/jdk.internal.reflect.DelegatingMethodAccessorImpl.invoke(DelegatingMethodAccessorImpl.java:43)
Caused by: com.kms.katalon.core.webui.exception.WebElementNotFoundException: Web element with id: 'Object Repository/Прогноз по отраслям/Отпуск Стресс' located by '//div[31]/div[2]/div/div/div[2]/div/ul/li[2]/div/div' not found
	at com.kms.katalon.core.webui.common.WebUiCommonHelper.findWebElement(WebUiCommonHelper.java:1426)
	at com.kms.katalon.core.webui.keyword.internal.WebUIAbstractKeyword.findWebElement(WebUIAbstractKeyword.groovy:27)
	at com.kms.katalon.core.webui.keyword.builtin.ClickKeyword$_click_closure1.doCall(ClickKeyword.groovy:65)
	at com.kms.katalon.core.webui.keyword.builtin.ClickKeyword$_click_closure1.call(ClickKeyword.groovy)
	at com.kms.katalon.core.webui.keyword.internal.WebUIKeywordMain.runKeyword(WebUIKeywordMain.groovy:20)
	at com.kms.katalon.core.webui.keyword.builtin.ClickKeyword.click(ClickKeyword.groovy:74)
	at com.kms.katalon.core.webui.keyword.builtin.ClickKeyword.execute(ClickKeyword.groovy:40)
	at com.kms.katalon.core.keyword.internal.KeywordExecutor.executeKeywordForPlatform(KeywordExecutor.groovy:74)
	at com.kms.katalon.core.webui.keyword.WebUiBuiltInKeywords.click(WebUiBuiltInKeywords.groovy:659)
	at Script1693826440839.run(Script1693826440839.groovy:321)
	... 15 more
)
[[ATTACHMENT|C:\\Users\\LIAZGINA-DI\\git\\SPORU\\Reports\\20241122_024849\\\u041F\u043D-\u0421\u0440-\u041F\u0442\\\u0421\u0432\u0435\u0440\u043A\u0430 \u0434\u0430\u0448\u0431\u043E\u0440\u0434\u043E\u0432 \u0438\u0437 \u0440\u0430\u0437\u043D\u044B\u0445 \u0431\u043B\u043E\u043A\u043E\u0432\\20241122_024849\\1732244004422.png]]

22-11-2024T05:53:24 - [TEST_STEP][PASSED] - delay(40): Delayed 40 second(s)

22-11-2024T05:54:04 - [MESSAGE][PASSED] - Delayed 40 second(s)

22-11-2024T05:54:04 - [TEST_STEP][PASSED] - b7 = getText(findTestObject("Прогноз по отраслям/Виджеты дашборда")): Text of object 'Object Repository/Прогноз по отраслям/Виджеты дашборда' is: 'Год 
2023 год
Сравнение с 
План
Динамика электропотребления, млрд. кВт.ч., по ПАО Россети на 2023 год
10 10
190 190
36 36
14 14
9 9
14 14
4 4
17 17
80 80
19 19
82 82
588 588
10 10
197 197
37 37
48 48
10 10
15 15
4 4
18 18
80 80
19 19
82 82
608 608
План
Ожидаемое (прогноз до конца года)
Интер РАО(для ФСК)
Промышленныепотребители
Транспорт
Нефтедобыча
Нефтеперераб…
Нефтепроводы
Газопроводы
Сельское хозя…
Непромышлен…
Государственн…
Население иприравненныегруппыпотребителей
Территориальн…
Выручка, млрд. руб, по ПАО Россети на 2023 год
5 5
319 319
81 81
16 16
16 16
20 20
2 2
56 56
215 215
67 67
218 218
239 239
6 6
331 331
82 82
77 77
20 20
20 20
3 3
57 57
220 220
68 68
214 214
258 258
План
Ожидаемое (прогноз до конца года)
Интер РАО(для ФСК)
Промышленныепотребители
Транспорт
Нефтедобыча
Нефтеперераб…
Нефтепроводы
Газопроводы
Сельское хозя…
Непромышлен…
Государственн…
Население иприравненныегруппыпотребителей
Территориальн…
Отклонения по ПАО Россети на 2023 год
-4.7% -4.7%
3.8% 3.8%
1.9% 1.9%
230.3% 230.3%
10.9% 10.9%
4.2% 4.2%
21.7% 21.7%
3.9% 3.9%
-0.6% -0.6%
1.6% 1.6%
-1.0% -1.0%
3.3% 3.3%
⬤ Отклонение, %
Интер РАО (для ФСК)
Промышленные потребители
Транспорт
Нефтедобыча
Нефтепереработка
Нефтепроводы
Газопроводы
Сельское хозяйство и пищевая про…
Непромышленные потребители
Государственные (муниципальные)…
Население и приравненные группы…
Территориальные сетевые организ…
Выручка отклонения по ПАО Россети на 2023 год
15.6% 15.6%
3.8% 3.8%
1.2% 1.2%
398.2% 398.2%
26.9% 26.9%
-0.6% -0.6%
26.9% 26.9%
1.5% 1.5%
2.7% 2.7%
2.0% 2.0%
-2.0% -2.0%
7.9% 7.9%
⬤ Отклонение, %
Интер РАО (для ФСК)
Промышленные потребители
Транспорт
Нефтедобыча
Нефтепереработка
Нефтепроводы
Газопроводы
Сельское хозяйство и пищевая про…
Непромышленные потребители
Государственные (муниципальные)…
Население и приравненные группы…
Территориальные сетевые организ…
абс.
%
Прогноз на месяц 
Ноябрь
КПО/Отпуск из сети 
Отпуск из сети, млн. кВт.ч
Организация 
Все
Прогноз электропотребления и выручки за услуги по передаче в разрезе отраслей'

22-11-2024T05:54:35 - [MESSAGE][PASSED] - Text of object 'Object Repository/Прогноз по отраслям/Виджеты дашборда' is: 'Год 
2023 год
Сравнение с 
План
Динамика электропотребления, млрд. кВт.ч., по ПАО Россети на 2023 год
10 10
190 190
36 36
14 14
9 9
14 14
4 4
17 17
80 80
19 19
82 82
588 588
10 10
197 197
37 37
48 48
10 10
15 15
4 4
18 18
80 80
19 19
82 82
608 608
План
Ожидаемое (прогноз до конца года)
Интер РАО(для ФСК)
Промышленныепотребители
Транспорт
Нефтедобыча
Нефтеперераб…
Нефтепроводы
Газопроводы
Сельское хозя…
Непромышлен…
Государственн…
Население иприравненныегруппыпотребителей
Территориальн…
Выручка, млрд. руб, по ПАО Россети на 2023 год
5 5
319 319
81 81
16 16
16 16
20 20
2 2
56 56
215 215
67 67
218 218
239 239
6 6
331 331
82 82
77 77
20 20
20 20
3 3
57 57
220 220
68 68
214 214
258 258
План
Ожидаемое (прогноз до конца года)
Интер РАО(для ФСК)
Промышленныепотребители
Транспорт
Нефтедобыча
Нефтеперераб…
Нефтепроводы
Газопроводы
Сельское хозя…
Непромышлен…
Государственн…
Население иприравненныегруппыпотребителей
Территориальн…
Отклонения по ПАО Россети на 2023 год
-4.7% -4.7%
3.8% 3.8%
1.9% 1.9%
230.3% 230.3%
10.9% 10.9%
4.2% 4.2%
21.7% 21.7%
3.9% 3.9%
-0.6% -0.6%
1.6% 1.6%
-1.0% -1.0%
3.3% 3.3%
⬤ Отклонение, %
Интер РАО (для ФСК)
Промышленные потребители
Транспорт
Нефтедобыча
Нефтепереработка
Нефтепроводы
Газопроводы
Сельское хозяйство и пищевая про…
Непромышленные потребители
Государственные (муниципальные)…
Население и приравненные группы…
Территориальные сетевые организ…
Выручка отклонения по ПАО Россети на 2023 год
15.6% 15.6%
3.8% 3.8%
1.2% 1.2%
398.2% 398.2%
26.9% 26.9%
-0.6% -0.6%
26.9% 26.9%
1.5% 1.5%
2.7% 2.7%
2.0% 2.0%
-2.0% -2.0%
7.9% 7.9%
⬤ Отклонение, %
Интер РАО (для ФСК)
Промышленные потребители
Транспорт
Нефтедобыча
Нефтепереработка
Нефтепроводы
Газопроводы
Сельское хозяйство и пищевая про…
Непромышленные потребители
Государственные (муниципальные)…
Население и приравненные группы…
Территориальные сетевые организ…
абс.
%
Прогноз на месяц 
Ноябрь
КПО/Отпуск из сети 
Отпуск из сети, млн. кВт.ч
Организация 
Все
Прогноз электропотребления и выручки за услуги по передаче в разрезе отраслей'

22-11-2024T05:54:35 - [TEST_STEP][PASSED] - b7 = b7.replaceAll("[^0-9]", ""): null

22-11-2024T05:54:35 - [TEST_STEP][PASSED] - println("b7:" + b7): null

22-11-2024T05:54:35 - [TEST_STEP][FAILED] - click(findTestObject("Прогноз по отраслям/Фильтр Сравнение с Стресс")): Unable to click on object 'Object Repository/Прогноз по отраслям/Фильтр Сравнение с Стресс' (Root cause: com.kms.katalon.core.exception.StepFailedException: Unable to click on object 'Object Repository/Прогноз по отраслям/Фильтр Сравнение с Стресс'
	at com.kms.katalon.core.webui.keyword.internal.WebUIKeywordMain.stepFailed(WebUIKeywordMain.groovy:64)
	at com.kms.katalon.core.webui.keyword.internal.WebUIKeywordMain.runKeyword(WebUIKeywordMain.groovy:26)
	at com.kms.katalon.core.webui.keyword.builtin.ClickKeyword.click(ClickKeyword.groovy:74)
	at com.kms.katalon.core.webui.keyword.builtin.ClickKeyword.execute(ClickKeyword.groovy:40)
	at com.kms.katalon.core.keyword.internal.KeywordExecutor.executeKeywordForPlatform(KeywordExecutor.groovy:74)
	at com.kms.katalon.core.webui.keyword.WebUiBuiltInKeywords.click(WebUiBuiltInKeywords.groovy:659)
	at Прогноз по отраслям сверка дашбордов.run(Прогноз по отраслям сверка дашбордов:331)
	at com.kms.katalon.core.main.ScriptEngine.run(ScriptEngine.java:194)
	at com.kms.katalon.core.main.ScriptEngine.runScriptAsRawText(ScriptEngine.java:119)
	at com.kms.katalon.core.main.TestCaseExecutor.runScript(TestCaseExecutor.java:448)
	at com.kms.katalon.core.main.TestCaseExecutor.doExecute(TestCaseExecutor.java:439)
	at com.kms.katalon.core.main.TestCaseExecutor.processExecutionPhase(TestCaseExecutor.java:418)
	at com.kms.katalon.core.main.TestCaseExecutor.accessMainPhase(TestCaseExecutor.java:410)
	at com.kms.katalon.core.main.TestCaseExecutor.execute(TestCaseExecutor.java:285)
	at com.kms.katalon.core.common.CommonExecutor.accessTestCaseMainPhase(CommonExecutor.java:65)
	at com.kms.katalon.core.main.TestSuiteExecutor.accessTestSuiteMainPhase(TestSuiteExecutor.java:150)
	at com.kms.katalon.core.main.TestSuiteExecutor.execute(TestSuiteExecutor.java:106)
	at com.kms.katalon.core.main.TestCaseMain.startTestSuite(TestCaseMain.java:180)
	at TempTestSuite1732232929817.run(TempTestSuite1732232929817.groovy:35)
	at java.base/jdk.internal.reflect.NativeMethodAccessorImpl.invoke0(Native Method)
	at java.base/jdk.internal.reflect.NativeMethodAccessorImpl.invoke(NativeMethodAccessorImpl.java:77)
	at java.base/jdk.internal.reflect.DelegatingMethodAccessorImpl.invoke(DelegatingMethodAccessorImpl.java:43)
Caused by: com.kms.katalon.core.webui.exception.WebElementNotFoundException: Web element with id: 'Object Repository/Прогноз по отраслям/Фильтр Сравнение с Стресс' located by '//div[5]/div[2]/div/div/div/div' not found
	at com.kms.katalon.core.webui.common.WebUiCommonHelper.findWebElement(WebUiCommonHelper.java:1426)
	at com.kms.katalon.core.webui.keyword.internal.WebUIAbstractKeyword.findWebElement(WebUIAbstractKeyword.groovy:27)
	at com.kms.katalon.core.webui.keyword.builtin.ClickKeyword$_click_closure1.doCall(ClickKeyword.groovy:65)
	at com.kms.katalon.core.webui.keyword.builtin.ClickKeyword$_click_closure1.call(ClickKeyword.groovy)
	at com.kms.katalon.core.webui.keyword.internal.WebUIKeywordMain.runKeyword(WebUIKeywordMain.groovy:20)
	at com.kms.katalon.core.webui.keyword.builtin.ClickKeyword.click(ClickKeyword.groovy:74)
	at com.kms.katalon.core.webui.keyword.builtin.ClickKeyword.execute(ClickKeyword.groovy:40)
	at com.kms.katalon.core.keyword.internal.KeywordExecutor.executeKeywordForPlatform(KeywordExecutor.groovy:74)
	at com.kms.katalon.core.webui.keyword.WebUiBuiltInKeywords.click(WebUiBuiltInKeywords.groovy:659)
	at Script1693826440839.run(Script1693826440839.groovy:331)
	... 15 more
)

22-11-2024T05:55:35 - [MESSAGE][INFO] - Unable to find the element located by 'By.xpath: //div[5]/div[2]/div/div/div/div'. Please recheck the objects properties to make sure the desired element is located. 

22-11-2024T05:55:35 - [MESSAGE][FAILED] - Unable to click on object 'Object Repository/Прогноз по отраслям/Фильтр Сравнение с Стресс' (Root cause: com.kms.katalon.core.exception.StepFailedException: Unable to click on object 'Object Repository/Прогноз по отраслям/Фильтр Сравнение с Стресс'
	at com.kms.katalon.core.webui.keyword.internal.WebUIKeywordMain.stepFailed(WebUIKeywordMain.groovy:64)
	at com.kms.katalon.core.webui.keyword.internal.WebUIKeywordMain.runKeyword(WebUIKeywordMain.groovy:26)
	at com.kms.katalon.core.webui.keyword.builtin.ClickKeyword.click(ClickKeyword.groovy:74)
	at com.kms.katalon.core.webui.keyword.builtin.ClickKeyword.execute(ClickKeyword.groovy:40)
	at com.kms.katalon.core.keyword.internal.KeywordExecutor.executeKeywordForPlatform(KeywordExecutor.groovy:74)
	at com.kms.katalon.core.webui.keyword.WebUiBuiltInKeywords.click(WebUiBuiltInKeywords.groovy:659)
	at Прогноз по отраслям сверка дашбордов.run(Прогноз по отраслям сверка дашбордов:331)
	at com.kms.katalon.core.main.ScriptEngine.run(ScriptEngine.java:194)
	at com.kms.katalon.core.main.ScriptEngine.runScriptAsRawText(ScriptEngine.java:119)
	at com.kms.katalon.core.main.TestCaseExecutor.runScript(TestCaseExecutor.java:448)
	at com.kms.katalon.core.main.TestCaseExecutor.doExecute(TestCaseExecutor.java:439)
	at com.kms.katalon.core.main.TestCaseExecutor.processExecutionPhase(TestCaseExecutor.java:418)
	at com.kms.katalon.core.main.TestCaseExecutor.accessMainPhase(TestCaseExecutor.java:410)
	at com.kms.katalon.core.main.TestCaseExecutor.execute(TestCaseExecutor.java:285)
	at com.kms.katalon.core.common.CommonExecutor.accessTestCaseMainPhase(CommonExecutor.java:65)
	at com.kms.katalon.core.main.TestSuiteExecutor.accessTestSuiteMainPhase(TestSuiteExecutor.java:150)
	at com.kms.katalon.core.main.TestSuiteExecutor.execute(TestSuiteExecutor.java:106)
	at com.kms.katalon.core.main.TestCaseMain.startTestSuite(TestCaseMain.java:180)
	at TempTestSuite1732232929817.run(TempTestSuite1732232929817.groovy:35)
	at java.base/jdk.internal.reflect.NativeMethodAccessorImpl.invoke0(Native Method)
	at java.base/jdk.internal.reflect.NativeMethodAccessorImpl.invoke(NativeMethodAccessorImpl.java:77)
	at java.base/jdk.internal.reflect.DelegatingMethodAccessorImpl.invoke(DelegatingMethodAccessorImpl.java:43)
Caused by: com.kms.katalon.core.webui.exception.WebElementNotFoundException: Web element with id: 'Object Repository/Прогноз по отраслям/Фильтр Сравнение с Стресс' located by '//div[5]/div[2]/div/div/div/div' not found
	at com.kms.katalon.core.webui.common.WebUiCommonHelper.findWebElement(WebUiCommonHelper.java:1426)
	at com.kms.katalon.core.webui.keyword.internal.WebUIAbstractKeyword.findWebElement(WebUIAbstractKeyword.groovy:27)
	at com.kms.katalon.core.webui.keyword.builtin.ClickKeyword$_click_closure1.doCall(ClickKeyword.groovy:65)
	at com.kms.katalon.core.webui.keyword.builtin.ClickKeyword$_click_closure1.call(ClickKeyword.groovy)
	at com.kms.katalon.core.webui.keyword.internal.WebUIKeywordMain.runKeyword(WebUIKeywordMain.groovy:20)
	at com.kms.katalon.core.webui.keyword.builtin.ClickKeyword.click(ClickKeyword.groovy:74)
	at com.kms.katalon.core.webui.keyword.builtin.ClickKeyword.execute(ClickKeyword.groovy:40)
	at com.kms.katalon.core.keyword.internal.KeywordExecutor.executeKeywordForPlatform(KeywordExecutor.groovy:74)
	at com.kms.katalon.core.webui.keyword.WebUiBuiltInKeywords.click(WebUiBuiltInKeywords.groovy:659)
	at Script1693826440839.run(Script1693826440839.groovy:331)
	... 15 more
)
[[ATTACHMENT|C:\\Users\\LIAZGINA-DI\\git\\SPORU\\Reports\\20241122_024849\\\u041F\u043D-\u0421\u0440-\u041F\u0442\\\u0421\u0432\u0435\u0440\u043A\u0430 \u0434\u0430\u0448\u0431\u043E\u0440\u0434\u043E\u0432 \u0438\u0437 \u0440\u0430\u0437\u043D\u044B\u0445 \u0431\u043B\u043E\u043A\u043E\u0432\\20241122_024849\\1732244135085.png]]

22-11-2024T05:55:35 - [TEST_STEP][FAILED] - click(findTestObject("Прогноз по отраслям/План Стресс")): Unable to click on object 'Object Repository/Прогноз по отраслям/План Стресс' (Root cause: com.kms.katalon.core.exception.StepFailedException: Unable to click on object 'Object Repository/Прогноз по отраслям/План Стресс'
	at com.kms.katalon.core.webui.keyword.internal.WebUIKeywordMain.stepFailed(WebUIKeywordMain.groovy:64)
	at com.kms.katalon.core.webui.keyword.internal.WebUIKeywordMain.runKeyword(WebUIKeywordMain.groovy:26)
	at com.kms.katalon.core.webui.keyword.builtin.ClickKeyword.click(ClickKeyword.groovy:74)
	at com.kms.katalon.core.webui.keyword.builtin.ClickKeyword.execute(ClickKeyword.groovy:40)
	at com.kms.katalon.core.keyword.internal.KeywordExecutor.executeKeywordForPlatform(KeywordExecutor.groovy:74)
	at com.kms.katalon.core.webui.keyword.WebUiBuiltInKeywords.click(WebUiBuiltInKeywords.groovy:659)
	at Прогноз по отраслям сверка дашбордов.run(Прогноз по отраслям сверка дашбордов:333)
	at com.kms.katalon.core.main.ScriptEngine.run(ScriptEngine.java:194)
	at com.kms.katalon.core.main.ScriptEngine.runScriptAsRawText(ScriptEngine.java:119)
	at com.kms.katalon.core.main.TestCaseExecutor.runScript(TestCaseExecutor.java:448)
	at com.kms.katalon.core.main.TestCaseExecutor.doExecute(TestCaseExecutor.java:439)
	at com.kms.katalon.core.main.TestCaseExecutor.processExecutionPhase(TestCaseExecutor.java:418)
	at com.kms.katalon.core.main.TestCaseExecutor.accessMainPhase(TestCaseExecutor.java:410)
	at com.kms.katalon.core.main.TestCaseExecutor.execute(TestCaseExecutor.java:285)
	at com.kms.katalon.core.common.CommonExecutor.accessTestCaseMainPhase(CommonExecutor.java:65)
	at com.kms.katalon.core.main.TestSuiteExecutor.accessTestSuiteMainPhase(TestSuiteExecutor.java:150)
	at com.kms.katalon.core.main.TestSuiteExecutor.execute(TestSuiteExecutor.java:106)
	at com.kms.katalon.core.main.TestCaseMain.startTestSuite(TestCaseMain.java:180)
	at TempTestSuite1732232929817.run(TempTestSuite1732232929817.groovy:35)
	at java.base/jdk.internal.reflect.NativeMethodAccessorImpl.invoke0(Native Method)
	at java.base/jdk.internal.reflect.NativeMethodAccessorImpl.invoke(NativeMethodAccessorImpl.java:77)
	at java.base/jdk.internal.reflect.DelegatingMethodAccessorImpl.invoke(DelegatingMethodAccessorImpl.java:43)
Caused by: com.kms.katalon.core.webui.exception.WebElementNotFoundException: Web element with id: 'Object Repository/Прогноз по отраслям/План Стресс' located by '//div[5]/div[2]/div/div/div[2]/div/ul/li[2]/div/div' not found
	at com.kms.katalon.core.webui.common.WebUiCommonHelper.findWebElement(WebUiCommonHelper.java:1426)
	at com.kms.katalon.core.webui.keyword.internal.WebUIAbstractKeyword.findWebElement(WebUIAbstractKeyword.groovy:27)
	at com.kms.katalon.core.webui.keyword.builtin.ClickKeyword$_click_closure1.doCall(ClickKeyword.groovy:65)
	at com.kms.katalon.core.webui.keyword.builtin.ClickKeyword$_click_closure1.call(ClickKeyword.groovy)
	at com.kms.katalon.core.webui.keyword.internal.WebUIKeywordMain.runKeyword(WebUIKeywordMain.groovy:20)
	at com.kms.katalon.core.webui.keyword.builtin.ClickKeyword.click(ClickKeyword.groovy:74)
	at com.kms.katalon.core.webui.keyword.builtin.ClickKeyword.execute(ClickKeyword.groovy:40)
	at com.kms.katalon.core.keyword.internal.KeywordExecutor.executeKeywordForPlatform(KeywordExecutor.groovy:74)
	at com.kms.katalon.core.webui.keyword.WebUiBuiltInKeywords.click(WebUiBuiltInKeywords.groovy:659)
	at Script1693826440839.run(Script1693826440839.groovy:333)
	... 15 more
)

22-11-2024T05:56:35 - [MESSAGE][INFO] - Unable to find the element located by 'By.xpath: //div[5]/div[2]/div/div/div[2]/div/ul/li[2]/div/div'. Please recheck the objects properties to make sure the desired element is located. 

22-11-2024T05:56:35 - [MESSAGE][FAILED] - Unable to click on object 'Object Repository/Прогноз по отраслям/План Стресс' (Root cause: com.kms.katalon.core.exception.StepFailedException: Unable to click on object 'Object Repository/Прогноз по отраслям/План Стресс'
	at com.kms.katalon.core.webui.keyword.internal.WebUIKeywordMain.stepFailed(WebUIKeywordMain.groovy:64)
	at com.kms.katalon.core.webui.keyword.internal.WebUIKeywordMain.runKeyword(WebUIKeywordMain.groovy:26)
	at com.kms.katalon.core.webui.keyword.builtin.ClickKeyword.click(ClickKeyword.groovy:74)
	at com.kms.katalon.core.webui.keyword.builtin.ClickKeyword.execute(ClickKeyword.groovy:40)
	at com.kms.katalon.core.keyword.internal.KeywordExecutor.executeKeywordForPlatform(KeywordExecutor.groovy:74)
	at com.kms.katalon.core.webui.keyword.WebUiBuiltInKeywords.click(WebUiBuiltInKeywords.groovy:659)
	at Прогноз по отраслям сверка дашбордов.run(Прогноз по отраслям сверка дашбордов:333)
	at com.kms.katalon.core.main.ScriptEngine.run(ScriptEngine.java:194)
	at com.kms.katalon.core.main.ScriptEngine.runScriptAsRawText(ScriptEngine.java:119)
	at com.kms.katalon.core.main.TestCaseExecutor.runScript(TestCaseExecutor.java:448)
	at com.kms.katalon.core.main.TestCaseExecutor.doExecute(TestCaseExecutor.java:439)
	at com.kms.katalon.core.main.TestCaseExecutor.processExecutionPhase(TestCaseExecutor.java:418)
	at com.kms.katalon.core.main.TestCaseExecutor.accessMainPhase(TestCaseExecutor.java:410)
	at com.kms.katalon.core.main.TestCaseExecutor.execute(TestCaseExecutor.java:285)
	at com.kms.katalon.core.common.CommonExecutor.accessTestCaseMainPhase(CommonExecutor.java:65)
	at com.kms.katalon.core.main.TestSuiteExecutor.accessTestSuiteMainPhase(TestSuiteExecutor.java:150)
	at com.kms.katalon.core.main.TestSuiteExecutor.execute(TestSuiteExecutor.java:106)
	at com.kms.katalon.core.main.TestCaseMain.startTestSuite(TestCaseMain.java:180)
	at TempTestSuite1732232929817.run(TempTestSuite1732232929817.groovy:35)
	at java.base/jdk.internal.reflect.NativeMethodAccessorImpl.invoke0(Native Method)
	at java.base/jdk.internal.reflect.NativeMethodAccessorImpl.invoke(NativeMethodAccessorImpl.java:77)
	at java.base/jdk.internal.reflect.DelegatingMethodAccessorImpl.invoke(DelegatingMethodAccessorImpl.java:43)
Caused by: com.kms.katalon.core.webui.exception.WebElementNotFoundException: Web element with id: 'Object Repository/Прогноз по отраслям/План Стресс' located by '//div[5]/div[2]/div/div/div[2]/div/ul/li[2]/div/div' not found
	at com.kms.katalon.core.webui.common.WebUiCommonHelper.findWebElement(WebUiCommonHelper.java:1426)
	at com.kms.katalon.core.webui.keyword.internal.WebUIAbstractKeyword.findWebElement(WebUIAbstractKeyword.groovy:27)
	at com.kms.katalon.core.webui.keyword.builtin.ClickKeyword$_click_closure1.doCall(ClickKeyword.groovy:65)
	at com.kms.katalon.core.webui.keyword.builtin.ClickKeyword$_click_closure1.call(ClickKeyword.groovy)
	at com.kms.katalon.core.webui.keyword.internal.WebUIKeywordMain.runKeyword(WebUIKeywordMain.groovy:20)
	at com.kms.katalon.core.webui.keyword.builtin.ClickKeyword.click(ClickKeyword.groovy:74)
	at com.kms.katalon.core.webui.keyword.builtin.ClickKeyword.execute(ClickKeyword.groovy:40)
	at com.kms.katalon.core.keyword.internal.KeywordExecutor.executeKeywordForPlatform(KeywordExecutor.groovy:74)
	at com.kms.katalon.core.webui.keyword.WebUiBuiltInKeywords.click(WebUiBuiltInKeywords.groovy:659)
	at Script1693826440839.run(Script1693826440839.groovy:333)
	... 15 more
)
[[ATTACHMENT|C:\\Users\\LIAZGINA-DI\\git\\SPORU\\Reports\\20241122_024849\\\u041F\u043D-\u0421\u0440-\u041F\u0442\\\u0421\u0432\u0435\u0440\u043A\u0430 \u0434\u0430\u0448\u0431\u043E\u0440\u0434\u043E\u0432 \u0438\u0437 \u0440\u0430\u0437\u043D\u044B\u0445 \u0431\u043B\u043E\u043A\u043E\u0432\\20241122_024849\\1732244195271.png]]

22-11-2024T05:56:35 - [TEST_STEP][PASSED] - delay(40): Delayed 40 second(s)

22-11-2024T05:57:15 - [MESSAGE][PASSED] - Delayed 40 second(s)

22-11-2024T05:57:15 - [TEST_STEP][PASSED] - b8 = getText(findTestObject("Прогноз по отраслям/Виджеты дашборда")): Text of object 'Object Repository/Прогноз по отраслям/Виджеты дашборда' is: 'Год 
2023 год
Сравнение с 
План
Динамика электропотребления, млрд. кВт.ч., по ПАО Россети на 2023 год
10 10
190 190
36 36
14 14
9 9
14 14
4 4
17 17
80 80
19 19
82 82
588 588
10 10
197 197
37 37
48 48
10 10
15 15
4 4
18 18
80 80
19 19
82 82
608 608
План
Ожидаемое (прогноз до конца года)
Интер РАО(для ФСК)
Промышленныепотребители
Транспорт
Нефтедобыча
Нефтеперераб…
Нефтепроводы
Газопроводы
Сельское хозя…
Непромышлен…
Государственн…
Население иприравненныегруппыпотребителей
Территориальн…
Выручка, млрд. руб, по ПАО Россети на 2023 год
5 5
319 319
81 81
16 16
16 16
20 20
2 2
56 56
215 215
67 67
218 218
239 239
6 6
331 331
82 82
77 77
20 20
20 20
3 3
57 57
220 220
68 68
214 214
258 258
План
Ожидаемое (прогноз до конца года)
Интер РАО(для ФСК)
Промышленныепотребители
Транспорт
Нефтедобыча
Нефтеперераб…
Нефтепроводы
Газопроводы
Сельское хозя…
Непромышлен…
Государственн…
Население иприравненныегруппыпотребителей
Территориальн…
Отклонения по ПАО Россети на 2023 год
-4.7% -4.7%
3.8% 3.8%
1.9% 1.9%
230.3% 230.3%
10.9% 10.9%
4.2% 4.2%
21.7% 21.7%
3.9% 3.9%
-0.6% -0.6%
1.6% 1.6%
-1.0% -1.0%
3.3% 3.3%
⬤ Отклонение, %
Интер РАО (для ФСК)
Промышленные потребители
Транспорт
Нефтедобыча
Нефтепереработка
Нефтепроводы
Газопроводы
Сельское хозяйство и пищевая про…
Непромышленные потребители
Государственные (муниципальные)…
Население и приравненные группы…
Территориальные сетевые организ…
Выручка отклонения по ПАО Россети на 2023 год
15.6% 15.6%
3.8% 3.8%
1.2% 1.2%
398.2% 398.2%
26.9% 26.9%
-0.6% -0.6%
26.9% 26.9%
1.5% 1.5%
2.7% 2.7%
2.0% 2.0%
-2.0% -2.0%
7.9% 7.9%
⬤ Отклонение, %
Интер РАО (для ФСК)
Промышленные потребители
Транспорт
Нефтедобыча
Нефтепереработка
Нефтепроводы
Газопроводы
Сельское хозяйство и пищевая про…
Непромышленные потребители
Государственные (муниципальные)…
Население и приравненные группы…
Территориальные сетевые организ…
абс.
%
Прогноз на месяц 
Ноябрь
КПО/Отпуск из сети 
Отпуск из сети, млн. кВт.ч
Организация 
Все
Прогноз электропотребления и выручки за услуги по передаче в разрезе отраслей'

22-11-2024T05:57:45 - [MESSAGE][PASSED] - Text of object 'Object Repository/Прогноз по отраслям/Виджеты дашборда' is: 'Год 
2023 год
Сравнение с 
План
Динамика электропотребления, млрд. кВт.ч., по ПАО Россети на 2023 год
10 10
190 190
36 36
14 14
9 9
14 14
4 4
17 17
80 80
19 19
82 82
588 588
10 10
197 197
37 37
48 48
10 10
15 15
4 4
18 18
80 80
19 19
82 82
608 608
План
Ожидаемое (прогноз до конца года)
Интер РАО(для ФСК)
Промышленныепотребители
Транспорт
Нефтедобыча
Нефтеперераб…
Нефтепроводы
Газопроводы
Сельское хозя…
Непромышлен…
Государственн…
Население иприравненныегруппыпотребителей
Территориальн…
Выручка, млрд. руб, по ПАО Россети на 2023 год
5 5
319 319
81 81
16 16
16 16
20 20
2 2
56 56
215 215
67 67
218 218
239 239
6 6
331 331
82 82
77 77
20 20
20 20
3 3
57 57
220 220
68 68
214 214
258 258
План
Ожидаемое (прогноз до конца года)
Интер РАО(для ФСК)
Промышленныепотребители
Транспорт
Нефтедобыча
Нефтеперераб…
Нефтепроводы
Газопроводы
Сельское хозя…
Непромышлен…
Государственн…
Население иприравненныегруппыпотребителей
Территориальн…
Отклонения по ПАО Россети на 2023 год
-4.7% -4.7%
3.8% 3.8%
1.9% 1.9%
230.3% 230.3%
10.9% 10.9%
4.2% 4.2%
21.7% 21.7%
3.9% 3.9%
-0.6% -0.6%
1.6% 1.6%
-1.0% -1.0%
3.3% 3.3%
⬤ Отклонение, %
Интер РАО (для ФСК)
Промышленные потребители
Транспорт
Нефтедобыча
Нефтепереработка
Нефтепроводы
Газопроводы
Сельское хозяйство и пищевая про…
Непромышленные потребители
Государственные (муниципальные)…
Население и приравненные группы…
Территориальные сетевые организ…
Выручка отклонения по ПАО Россети на 2023 год
15.6% 15.6%
3.8% 3.8%
1.2% 1.2%
398.2% 398.2%
26.9% 26.9%
-0.6% -0.6%
26.9% 26.9%
1.5% 1.5%
2.7% 2.7%
2.0% 2.0%
-2.0% -2.0%
7.9% 7.9%
⬤ Отклонение, %
Интер РАО (для ФСК)
Промышленные потребители
Транспорт
Нефтедобыча
Нефтепереработка
Нефтепроводы
Газопроводы
Сельское хозяйство и пищевая про…
Непромышленные потребители
Государственные (муниципальные)…
Население и приравненные группы…
Территориальные сетевые организ…
абс.
%
Прогноз на месяц 
Ноябрь
КПО/Отпуск из сети 
Отпуск из сети, млн. кВт.ч
Организация 
Все
Прогноз электропотребления и выручки за услуги по передаче в разрезе отраслей'

22-11-2024T05:57:45 - [TEST_STEP][PASSED] - b8 = b8.replaceAll("[^0-9]", ""): null

22-11-2024T05:57:45 - [TEST_STEP][PASSED] - println("b8:" + b8): null

22-11-2024T05:57:45 - [TEST_STEP][FAILED] - click(findTestObject("Прогноз по отраслям/Фильтр Сравнение с Стресс")): Unable to click on object 'Object Repository/Прогноз по отраслям/Фильтр Сравнение с Стресс' (Root cause: com.kms.katalon.core.exception.StepFailedException: Unable to click on object 'Object Repository/Прогноз по отраслям/Фильтр Сравнение с Стресс'
	at com.kms.katalon.core.webui.keyword.internal.WebUIKeywordMain.stepFailed(WebUIKeywordMain.groovy:64)
	at com.kms.katalon.core.webui.keyword.internal.WebUIKeywordMain.runKeyword(WebUIKeywordMain.groovy:26)
	at com.kms.katalon.core.webui.keyword.builtin.ClickKeyword.click(ClickKeyword.groovy:74)
	at com.kms.katalon.core.webui.keyword.builtin.ClickKeyword.execute(ClickKeyword.groovy:40)
	at com.kms.katalon.core.keyword.internal.KeywordExecutor.executeKeywordForPlatform(KeywordExecutor.groovy:74)
	at com.kms.katalon.core.webui.keyword.WebUiBuiltInKeywords.click(WebUiBuiltInKeywords.groovy:659)
	at Прогноз по отраслям сверка дашбордов.run(Прогноз по отраслям сверка дашбордов:343)
	at com.kms.katalon.core.main.ScriptEngine.run(ScriptEngine.java:194)
	at com.kms.katalon.core.main.ScriptEngine.runScriptAsRawText(ScriptEngine.java:119)
	at com.kms.katalon.core.main.TestCaseExecutor.runScript(TestCaseExecutor.java:448)
	at com.kms.katalon.core.main.TestCaseExecutor.doExecute(TestCaseExecutor.java:439)
	at com.kms.katalon.core.main.TestCaseExecutor.processExecutionPhase(TestCaseExecutor.java:418)
	at com.kms.katalon.core.main.TestCaseExecutor.accessMainPhase(TestCaseExecutor.java:410)
	at com.kms.katalon.core.main.TestCaseExecutor.execute(TestCaseExecutor.java:285)
	at com.kms.katalon.core.common.CommonExecutor.accessTestCaseMainPhase(CommonExecutor.java:65)
	at com.kms.katalon.core.main.TestSuiteExecutor.accessTestSuiteMainPhase(TestSuiteExecutor.java:150)
	at com.kms.katalon.core.main.TestSuiteExecutor.execute(TestSuiteExecutor.java:106)
	at com.kms.katalon.core.main.TestCaseMain.startTestSuite(TestCaseMain.java:180)
	at TempTestSuite1732232929817.run(TempTestSuite1732232929817.groovy:35)
	at java.base/jdk.internal.reflect.NativeMethodAccessorImpl.invoke0(Native Method)
	at java.base/jdk.internal.reflect.NativeMethodAccessorImpl.invoke(NativeMethodAccessorImpl.java:77)
	at java.base/jdk.internal.reflect.DelegatingMethodAccessorImpl.invoke(DelegatingMethodAccessorImpl.java:43)
Caused by: com.kms.katalon.core.webui.exception.WebElementNotFoundException: Web element with id: 'Object Repository/Прогноз по отраслям/Фильтр Сравнение с Стресс' located by '//div[5]/div[2]/div/div/div/div' not found
	at com.kms.katalon.core.webui.common.WebUiCommonHelper.findWebElement(WebUiCommonHelper.java:1426)
	at com.kms.katalon.core.webui.keyword.internal.WebUIAbstractKeyword.findWebElement(WebUIAbstractKeyword.groovy:27)
	at com.kms.katalon.core.webui.keyword.builtin.ClickKeyword$_click_closure1.doCall(ClickKeyword.groovy:65)
	at com.kms.katalon.core.webui.keyword.builtin.ClickKeyword$_click_closure1.call(ClickKeyword.groovy)
	at com.kms.katalon.core.webui.keyword.internal.WebUIKeywordMain.runKeyword(WebUIKeywordMain.groovy:20)
	at com.kms.katalon.core.webui.keyword.builtin.ClickKeyword.click(ClickKeyword.groovy:74)
	at com.kms.katalon.core.webui.keyword.builtin.ClickKeyword.execute(ClickKeyword.groovy:40)
	at com.kms.katalon.core.keyword.internal.KeywordExecutor.executeKeywordForPlatform(KeywordExecutor.groovy:74)
	at com.kms.katalon.core.webui.keyword.WebUiBuiltInKeywords.click(WebUiBuiltInKeywords.groovy:659)
	at Script1693826440839.run(Script1693826440839.groovy:343)
	... 15 more
)

22-11-2024T05:58:45 - [MESSAGE][INFO] - Unable to find the element located by 'By.xpath: //div[5]/div[2]/div/div/div/div'. Please recheck the objects properties to make sure the desired element is located. 

22-11-2024T05:58:46 - [MESSAGE][FAILED] - Unable to click on object 'Object Repository/Прогноз по отраслям/Фильтр Сравнение с Стресс' (Root cause: com.kms.katalon.core.exception.StepFailedException: Unable to click on object 'Object Repository/Прогноз по отраслям/Фильтр Сравнение с Стресс'
	at com.kms.katalon.core.webui.keyword.internal.WebUIKeywordMain.stepFailed(WebUIKeywordMain.groovy:64)
	at com.kms.katalon.core.webui.keyword.internal.WebUIKeywordMain.runKeyword(WebUIKeywordMain.groovy:26)
	at com.kms.katalon.core.webui.keyword.builtin.ClickKeyword.click(ClickKeyword.groovy:74)
	at com.kms.katalon.core.webui.keyword.builtin.ClickKeyword.execute(ClickKeyword.groovy:40)
	at com.kms.katalon.core.keyword.internal.KeywordExecutor.executeKeywordForPlatform(KeywordExecutor.groovy:74)
	at com.kms.katalon.core.webui.keyword.WebUiBuiltInKeywords.click(WebUiBuiltInKeywords.groovy:659)
	at Прогноз по отраслям сверка дашбордов.run(Прогноз по отраслям сверка дашбордов:343)
	at com.kms.katalon.core.main.ScriptEngine.run(ScriptEngine.java:194)
	at com.kms.katalon.core.main.ScriptEngine.runScriptAsRawText(ScriptEngine.java:119)
	at com.kms.katalon.core.main.TestCaseExecutor.runScript(TestCaseExecutor.java:448)
	at com.kms.katalon.core.main.TestCaseExecutor.doExecute(TestCaseExecutor.java:439)
	at com.kms.katalon.core.main.TestCaseExecutor.processExecutionPhase(TestCaseExecutor.java:418)
	at com.kms.katalon.core.main.TestCaseExecutor.accessMainPhase(TestCaseExecutor.java:410)
	at com.kms.katalon.core.main.TestCaseExecutor.execute(TestCaseExecutor.java:285)
	at com.kms.katalon.core.common.CommonExecutor.accessTestCaseMainPhase(CommonExecutor.java:65)
	at com.kms.katalon.core.main.TestSuiteExecutor.accessTestSuiteMainPhase(TestSuiteExecutor.java:150)
	at com.kms.katalon.core.main.TestSuiteExecutor.execute(TestSuiteExecutor.java:106)
	at com.kms.katalon.core.main.TestCaseMain.startTestSuite(TestCaseMain.java:180)
	at TempTestSuite1732232929817.run(TempTestSuite1732232929817.groovy:35)
	at java.base/jdk.internal.reflect.NativeMethodAccessorImpl.invoke0(Native Method)
	at java.base/jdk.internal.reflect.NativeMethodAccessorImpl.invoke(NativeMethodAccessorImpl.java:77)
	at java.base/jdk.internal.reflect.DelegatingMethodAccessorImpl.invoke(DelegatingMethodAccessorImpl.java:43)
Caused by: com.kms.katalon.core.webui.exception.WebElementNotFoundException: Web element with id: 'Object Repository/Прогноз по отраслям/Фильтр Сравнение с Стресс' located by '//div[5]/div[2]/div/div/div/div' not found
	at com.kms.katalon.core.webui.common.WebUiCommonHelper.findWebElement(WebUiCommonHelper.java:1426)
	at com.kms.katalon.core.webui.keyword.internal.WebUIAbstractKeyword.findWebElement(WebUIAbstractKeyword.groovy:27)
	at com.kms.katalon.core.webui.keyword.builtin.ClickKeyword$_click_closure1.doCall(ClickKeyword.groovy:65)
	at com.kms.katalon.core.webui.keyword.builtin.ClickKeyword$_click_closure1.call(ClickKeyword.groovy)
	at com.kms.katalon.core.webui.keyword.internal.WebUIKeywordMain.runKeyword(WebUIKeywordMain.groovy:20)
	at com.kms.katalon.core.webui.keyword.builtin.ClickKeyword.click(ClickKeyword.groovy:74)
	at com.kms.katalon.core.webui.keyword.builtin.ClickKeyword.execute(ClickKeyword.groovy:40)
	at com.kms.katalon.core.keyword.internal.KeywordExecutor.executeKeywordForPlatform(KeywordExecutor.groovy:74)
	at com.kms.katalon.core.webui.keyword.WebUiBuiltInKeywords.click(WebUiBuiltInKeywords.groovy:659)
	at Script1693826440839.run(Script1693826440839.groovy:343)
	... 15 more
)
[[ATTACHMENT|C:\\Users\\LIAZGINA-DI\\git\\SPORU\\Reports\\20241122_024849\\\u041F\u043D-\u0421\u0440-\u041F\u0442\\\u0421\u0432\u0435\u0440\u043A\u0430 \u0434\u0430\u0448\u0431\u043E\u0440\u0434\u043E\u0432 \u0438\u0437 \u0440\u0430\u0437\u043D\u044B\u0445 \u0431\u043B\u043E\u043A\u043E\u0432\\20241122_024849\\1732244325959.png]]

22-11-2024T05:58:46 - [TEST_STEP][FAILED] - click(findTestObject("Прогноз по отраслям/План СУ Стресс")): Unable to click on object 'Object Repository/Прогноз по отраслям/План СУ Стресс' (Root cause: com.kms.katalon.core.exception.StepFailedException: Unable to click on object 'Object Repository/Прогноз по отраслям/План СУ Стресс'
	at com.kms.katalon.core.webui.keyword.internal.WebUIKeywordMain.stepFailed(WebUIKeywordMain.groovy:64)
	at com.kms.katalon.core.webui.keyword.internal.WebUIKeywordMain.runKeyword(WebUIKeywordMain.groovy:26)
	at com.kms.katalon.core.webui.keyword.builtin.ClickKeyword.click(ClickKeyword.groovy:74)
	at com.kms.katalon.core.webui.keyword.builtin.ClickKeyword.execute(ClickKeyword.groovy:40)
	at com.kms.katalon.core.keyword.internal.KeywordExecutor.executeKeywordForPlatform(KeywordExecutor.groovy:74)
	at com.kms.katalon.core.webui.keyword.WebUiBuiltInKeywords.click(WebUiBuiltInKeywords.groovy:659)
	at Прогноз по отраслям сверка дашбордов.run(Прогноз по отраслям сверка дашбордов:345)
	at com.kms.katalon.core.main.ScriptEngine.run(ScriptEngine.java:194)
	at com.kms.katalon.core.main.ScriptEngine.runScriptAsRawText(ScriptEngine.java:119)
	at com.kms.katalon.core.main.TestCaseExecutor.runScript(TestCaseExecutor.java:448)
	at com.kms.katalon.core.main.TestCaseExecutor.doExecute(TestCaseExecutor.java:439)
	at com.kms.katalon.core.main.TestCaseExecutor.processExecutionPhase(TestCaseExecutor.java:418)
	at com.kms.katalon.core.main.TestCaseExecutor.accessMainPhase(TestCaseExecutor.java:410)
	at com.kms.katalon.core.main.TestCaseExecutor.execute(TestCaseExecutor.java:285)
	at com.kms.katalon.core.common.CommonExecutor.accessTestCaseMainPhase(CommonExecutor.java:65)
	at com.kms.katalon.core.main.TestSuiteExecutor.accessTestSuiteMainPhase(TestSuiteExecutor.java:150)
	at com.kms.katalon.core.main.TestSuiteExecutor.execute(TestSuiteExecutor.java:106)
	at com.kms.katalon.core.main.TestCaseMain.startTestSuite(TestCaseMain.java:180)
	at TempTestSuite1732232929817.run(TempTestSuite1732232929817.groovy:35)
	at java.base/jdk.internal.reflect.NativeMethodAccessorImpl.invoke0(Native Method)
	at java.base/jdk.internal.reflect.NativeMethodAccessorImpl.invoke(NativeMethodAccessorImpl.java:77)
	at java.base/jdk.internal.reflect.DelegatingMethodAccessorImpl.invoke(DelegatingMethodAccessorImpl.java:43)
Caused by: com.kms.katalon.core.webui.exception.WebElementNotFoundException: Web element with id: 'Object Repository/Прогноз по отраслям/План СУ Стресс' located by '//div[5]/div[2]/div/div/div[2]/div/ul/li[3]/div/div' not found
	at com.kms.katalon.core.webui.common.WebUiCommonHelper.findWebElement(WebUiCommonHelper.java:1426)
	at com.kms.katalon.core.webui.keyword.internal.WebUIAbstractKeyword.findWebElement(WebUIAbstractKeyword.groovy:27)
	at com.kms.katalon.core.webui.keyword.builtin.ClickKeyword$_click_closure1.doCall(ClickKeyword.groovy:65)
	at com.kms.katalon.core.webui.keyword.builtin.ClickKeyword$_click_closure1.call(ClickKeyword.groovy)
	at com.kms.katalon.core.webui.keyword.internal.WebUIKeywordMain.runKeyword(WebUIKeywordMain.groovy:20)
	at com.kms.katalon.core.webui.keyword.builtin.ClickKeyword.click(ClickKeyword.groovy:74)
	at com.kms.katalon.core.webui.keyword.builtin.ClickKeyword.execute(ClickKeyword.groovy:40)
	at com.kms.katalon.core.keyword.internal.KeywordExecutor.executeKeywordForPlatform(KeywordExecutor.groovy:74)
	at com.kms.katalon.core.webui.keyword.WebUiBuiltInKeywords.click(WebUiBuiltInKeywords.groovy:659)
	at Script1693826440839.run(Script1693826440839.groovy:345)
	... 15 more
)

22-11-2024T05:59:46 - [MESSAGE][INFO] - Unable to find the element located by 'By.xpath: //div[5]/div[2]/div/div/div[2]/div/ul/li[3]/div/div'. Please recheck the objects properties to make sure the desired element is located. 

22-11-2024T05:59:46 - [MESSAGE][FAILED] - Unable to click on object 'Object Repository/Прогноз по отраслям/План СУ Стресс' (Root cause: com.kms.katalon.core.exception.StepFailedException: Unable to click on object 'Object Repository/Прогноз по отраслям/План СУ Стресс'
	at com.kms.katalon.core.webui.keyword.internal.WebUIKeywordMain.stepFailed(WebUIKeywordMain.groovy:64)
	at com.kms.katalon.core.webui.keyword.internal.WebUIKeywordMain.runKeyword(WebUIKeywordMain.groovy:26)
	at com.kms.katalon.core.webui.keyword.builtin.ClickKeyword.click(ClickKeyword.groovy:74)
	at com.kms.katalon.core.webui.keyword.builtin.ClickKeyword.execute(ClickKeyword.groovy:40)
	at com.kms.katalon.core.keyword.internal.KeywordExecutor.executeKeywordForPlatform(KeywordExecutor.groovy:74)
	at com.kms.katalon.core.webui.keyword.WebUiBuiltInKeywords.click(WebUiBuiltInKeywords.groovy:659)
	at Прогноз по отраслям сверка дашбордов.run(Прогноз по отраслям сверка дашбордов:345)
	at com.kms.katalon.core.main.ScriptEngine.run(ScriptEngine.java:194)
	at com.kms.katalon.core.main.ScriptEngine.runScriptAsRawText(ScriptEngine.java:119)
	at com.kms.katalon.core.main.TestCaseExecutor.runScript(TestCaseExecutor.java:448)
	at com.kms.katalon.core.main.TestCaseExecutor.doExecute(TestCaseExecutor.java:439)
	at com.kms.katalon.core.main.TestCaseExecutor.processExecutionPhase(TestCaseExecutor.java:418)
	at com.kms.katalon.core.main.TestCaseExecutor.accessMainPhase(TestCaseExecutor.java:410)
	at com.kms.katalon.core.main.TestCaseExecutor.execute(TestCaseExecutor.java:285)
	at com.kms.katalon.core.common.CommonExecutor.accessTestCaseMainPhase(CommonExecutor.java:65)
	at com.kms.katalon.core.main.TestSuiteExecutor.accessTestSuiteMainPhase(TestSuiteExecutor.java:150)
	at com.kms.katalon.core.main.TestSuiteExecutor.execute(TestSuiteExecutor.java:106)
	at com.kms.katalon.core.main.TestCaseMain.startTestSuite(TestCaseMain.java:180)
	at TempTestSuite1732232929817.run(TempTestSuite1732232929817.groovy:35)
	at java.base/jdk.internal.reflect.NativeMethodAccessorImpl.invoke0(Native Method)
	at java.base/jdk.internal.reflect.NativeMethodAccessorImpl.invoke(NativeMethodAccessorImpl.java:77)
	at java.base/jdk.internal.reflect.DelegatingMethodAccessorImpl.invoke(DelegatingMethodAccessorImpl.java:43)
Caused by: com.kms.katalon.core.webui.exception.WebElementNotFoundException: Web element with id: 'Object Repository/Прогноз по отраслям/План СУ Стресс' located by '//div[5]/div[2]/div/div/div[2]/div/ul/li[3]/div/div' not found
	at com.kms.katalon.core.webui.common.WebUiCommonHelper.findWebElement(WebUiCommonHelper.java:1426)
	at com.kms.katalon.core.webui.keyword.internal.WebUIAbstractKeyword.findWebElement(WebUIAbstractKeyword.groovy:27)
	at com.kms.katalon.core.webui.keyword.builtin.ClickKeyword$_click_closure1.doCall(ClickKeyword.groovy:65)
	at com.kms.katalon.core.webui.keyword.builtin.ClickKeyword$_click_closure1.call(ClickKeyword.groovy)
	at com.kms.katalon.core.webui.keyword.internal.WebUIKeywordMain.runKeyword(WebUIKeywordMain.groovy:20)
	at com.kms.katalon.core.webui.keyword.builtin.ClickKeyword.click(ClickKeyword.groovy:74)
	at com.kms.katalon.core.webui.keyword.builtin.ClickKeyword.execute(ClickKeyword.groovy:40)
	at com.kms.katalon.core.keyword.internal.KeywordExecutor.executeKeywordForPlatform(KeywordExecutor.groovy:74)
	at com.kms.katalon.core.webui.keyword.WebUiBuiltInKeywords.click(WebUiBuiltInKeywords.groovy:659)
	at Script1693826440839.run(Script1693826440839.groovy:345)
	... 15 more
)
[[ATTACHMENT|C:\\Users\\LIAZGINA-DI\\git\\SPORU\\Reports\\20241122_024849\\\u041F\u043D-\u0421\u0440-\u041F\u0442\\\u0421\u0432\u0435\u0440\u043A\u0430 \u0434\u0430\u0448\u0431\u043E\u0440\u0434\u043E\u0432 \u0438\u0437 \u0440\u0430\u0437\u043D\u044B\u0445 \u0431\u043B\u043E\u043A\u043E\u0432\\20241122_024849\\1732244386155.png]]

22-11-2024T05:59:46 - [TEST_STEP][PASSED] - delay(40): Delayed 40 second(s)

22-11-2024T06:00:26 - [MESSAGE][PASSED] - Delayed 40 second(s)

22-11-2024T06:00:26 - [TEST_STEP][PASSED] - b9 = getText(findTestObject("Прогноз по отраслям/Виджеты дашборда")): Text of object 'Object Repository/Прогноз по отраслям/Виджеты дашборда' is: 'Год 
2023 год
Сравнение с 
План
Динамика электропотребления, млрд. кВт.ч., по ПАО Россети на 2023 год
10 10
190 190
36 36
14 14
9 9
14 14
4 4
17 17
80 80
19 19
82 82
588 588
10 10
197 197
37 37
48 48
10 10
15 15
4 4
18 18
80 80
19 19
82 82
608 608
План
Ожидаемое (прогноз до конца года)
Интер РАО(для ФСК)
Промышленныепотребители
Транспорт
Нефтедобыча
Нефтеперераб…
Нефтепроводы
Газопроводы
Сельское хозя…
Непромышлен…
Государственн…
Население иприравненныегруппыпотребителей
Территориальн…
Выручка, млрд. руб, по ПАО Россети на 2023 год
5 5
319 319
81 81
16 16
16 16
20 20
2 2
56 56
215 215
67 67
218 218
239 239
6 6
331 331
82 82
77 77
20 20
20 20
3 3
57 57
220 220
68 68
214 214
258 258
План
Ожидаемое (прогноз до конца года)
Интер РАО(для ФСК)
Промышленныепотребители
Транспорт
Нефтедобыча
Нефтеперераб…
Нефтепроводы
Газопроводы
Сельское хозя…
Непромышлен…
Государственн…
Население иприравненныегруппыпотребителей
Территориальн…
Отклонения по ПАО Россети на 2023 год
-4.7% -4.7%
3.8% 3.8%
1.9% 1.9%
230.3% 230.3%
10.9% 10.9%
4.2% 4.2%
21.7% 21.7%
3.9% 3.9%
-0.6% -0.6%
1.6% 1.6%
-1.0% -1.0%
3.3% 3.3%
⬤ Отклонение, %
Интер РАО (для ФСК)
Промышленные потребители
Транспорт
Нефтедобыча
Нефтепереработка
Нефтепроводы
Газопроводы
Сельское хозяйство и пищевая про…
Непромышленные потребители
Государственные (муниципальные)…
Население и приравненные группы…
Территориальные сетевые организ…
Выручка отклонения по ПАО Россети на 2023 год
15.6% 15.6%
3.8% 3.8%
1.2% 1.2%
398.2% 398.2%
26.9% 26.9%
-0.6% -0.6%
26.9% 26.9%
1.5% 1.5%
2.7% 2.7%
2.0% 2.0%
-2.0% -2.0%
7.9% 7.9%
⬤ Отклонение, %
Интер РАО (для ФСК)
Промышленные потребители
Транспорт
Нефтедобыча
Нефтепереработка
Нефтепроводы
Газопроводы
Сельское хозяйство и пищевая про…
Непромышленные потребители
Государственные (муниципальные)…
Население и приравненные группы…
Территориальные сетевые организ…
абс.
%
Прогноз на месяц 
Ноябрь
КПО/Отпуск из сети 
Отпуск из сети, млн. кВт.ч
Организация 
Все
Прогноз электропотребления и выручки за услуги по передаче в разрезе отраслей'

22-11-2024T06:00:56 - [MESSAGE][PASSED] - Text of object 'Object Repository/Прогноз по отраслям/Виджеты дашборда' is: 'Год 
2023 год
Сравнение с 
План
Динамика электропотребления, млрд. кВт.ч., по ПАО Россети на 2023 год
10 10
190 190
36 36
14 14
9 9
14 14
4 4
17 17
80 80
19 19
82 82
588 588
10 10
197 197
37 37
48 48
10 10
15 15
4 4
18 18
80 80
19 19
82 82
608 608
План
Ожидаемое (прогноз до конца года)
Интер РАО(для ФСК)
Промышленныепотребители
Транспорт
Нефтедобыча
Нефтеперераб…
Нефтепроводы
Газопроводы
Сельское хозя…
Непромышлен…
Государственн…
Население иприравненныегруппыпотребителей
Территориальн…
Выручка, млрд. руб, по ПАО Россети на 2023 год
5 5
319 319
81 81
16 16
16 16
20 20
2 2
56 56
215 215
67 67
218 218
239 239
6 6
331 331
82 82
77 77
20 20
20 20
3 3
57 57
220 220
68 68
214 214
258 258
План
Ожидаемое (прогноз до конца года)
Интер РАО(для ФСК)
Промышленныепотребители
Транспорт
Нефтедобыча
Нефтеперераб…
Нефтепроводы
Газопроводы
Сельское хозя…
Непромышлен…
Государственн…
Население иприравненныегруппыпотребителей
Территориальн…
Отклонения по ПАО Россети на 2023 год
-4.7% -4.7%
3.8% 3.8%
1.9% 1.9%
230.3% 230.3%
10.9% 10.9%
4.2% 4.2%
21.7% 21.7%
3.9% 3.9%
-0.6% -0.6%
1.6% 1.6%
-1.0% -1.0%
3.3% 3.3%
⬤ Отклонение, %
Интер РАО (для ФСК)
Промышленные потребители
Транспорт
Нефтедобыча
Нефтепереработка
Нефтепроводы
Газопроводы
Сельское хозяйство и пищевая про…
Непромышленные потребители
Государственные (муниципальные)…
Население и приравненные группы…
Территориальные сетевые организ…
Выручка отклонения по ПАО Россети на 2023 год
15.6% 15.6%
3.8% 3.8%
1.2% 1.2%
398.2% 398.2%
26.9% 26.9%
-0.6% -0.6%
26.9% 26.9%
1.5% 1.5%
2.7% 2.7%
2.0% 2.0%
-2.0% -2.0%
7.9% 7.9%
⬤ Отклонение, %
Интер РАО (для ФСК)
Промышленные потребители
Транспорт
Нефтедобыча
Нефтепереработка
Нефтепроводы
Газопроводы
Сельское хозяйство и пищевая про…
Непромышленные потребители
Государственные (муниципальные)…
Население и приравненные группы…
Территориальные сетевые организ…
абс.
%
Прогноз на месяц 
Ноябрь
КПО/Отпуск из сети 
Отпуск из сети, млн. кВт.ч
Организация 
Все
Прогноз электропотребления и выручки за услуги по передаче в разрезе отраслей'

22-11-2024T06:00:56 - [TEST_STEP][PASSED] - b9 = b9.replaceAll("[^0-9]", ""): null

22-11-2024T06:00:56 - [TEST_STEP][PASSED] - println("b9:" + b9): null

22-11-2024T06:00:56 - [TEST_STEP][FAILED] - click(findTestObject("Прогноз по отраслям/Фильтр Сравнение с Стресс")): Unable to click on object 'Object Repository/Прогноз по отраслям/Фильтр Сравнение с Стресс' (Root cause: com.kms.katalon.core.exception.StepFailedException: Unable to click on object 'Object Repository/Прогноз по отраслям/Фильтр Сравнение с Стресс'
	at com.kms.katalon.core.webui.keyword.internal.WebUIKeywordMain.stepFailed(WebUIKeywordMain.groovy:64)
	at com.kms.katalon.core.webui.keyword.internal.WebUIKeywordMain.runKeyword(WebUIKeywordMain.groovy:26)
	at com.kms.katalon.core.webui.keyword.builtin.ClickKeyword.click(ClickKeyword.groovy:74)
	at com.kms.katalon.core.webui.keyword.builtin.ClickKeyword.execute(ClickKeyword.groovy:40)
	at com.kms.katalon.core.keyword.internal.KeywordExecutor.executeKeywordForPlatform(KeywordExecutor.groovy:74)
	at com.kms.katalon.core.webui.keyword.WebUiBuiltInKeywords.click(WebUiBuiltInKeywords.groovy:659)
	at Прогноз по отраслям сверка дашбордов.run(Прогноз по отраслям сверка дашбордов:355)
	at com.kms.katalon.core.main.ScriptEngine.run(ScriptEngine.java:194)
	at com.kms.katalon.core.main.ScriptEngine.runScriptAsRawText(ScriptEngine.java:119)
	at com.kms.katalon.core.main.TestCaseExecutor.runScript(TestCaseExecutor.java:448)
	at com.kms.katalon.core.main.TestCaseExecutor.doExecute(TestCaseExecutor.java:439)
	at com.kms.katalon.core.main.TestCaseExecutor.processExecutionPhase(TestCaseExecutor.java:418)
	at com.kms.katalon.core.main.TestCaseExecutor.accessMainPhase(TestCaseExecutor.java:410)
	at com.kms.katalon.core.main.TestCaseExecutor.execute(TestCaseExecutor.java:285)
	at com.kms.katalon.core.common.CommonExecutor.accessTestCaseMainPhase(CommonExecutor.java:65)
	at com.kms.katalon.core.main.TestSuiteExecutor.accessTestSuiteMainPhase(TestSuiteExecutor.java:150)
	at com.kms.katalon.core.main.TestSuiteExecutor.execute(TestSuiteExecutor.java:106)
	at com.kms.katalon.core.main.TestCaseMain.startTestSuite(TestCaseMain.java:180)
	at TempTestSuite1732232929817.run(TempTestSuite1732232929817.groovy:35)
	at java.base/jdk.internal.reflect.NativeMethodAccessorImpl.invoke0(Native Method)
	at java.base/jdk.internal.reflect.NativeMethodAccessorImpl.invoke(NativeMethodAccessorImpl.java:77)
	at java.base/jdk.internal.reflect.DelegatingMethodAccessorImpl.invoke(DelegatingMethodAccessorImpl.java:43)
Caused by: com.kms.katalon.core.webui.exception.WebElementNotFoundException: Web element with id: 'Object Repository/Прогноз по отраслям/Фильтр Сравнение с Стресс' located by '//div[5]/div[2]/div/div/div/div' not found
	at com.kms.katalon.core.webui.common.WebUiCommonHelper.findWebElement(WebUiCommonHelper.java:1426)
	at com.kms.katalon.core.webui.keyword.internal.WebUIAbstractKeyword.findWebElement(WebUIAbstractKeyword.groovy:27)
	at com.kms.katalon.core.webui.keyword.builtin.ClickKeyword$_click_closure1.doCall(ClickKeyword.groovy:65)
	at com.kms.katalon.core.webui.keyword.builtin.ClickKeyword$_click_closure1.call(ClickKeyword.groovy)
	at com.kms.katalon.core.webui.keyword.internal.WebUIKeywordMain.runKeyword(WebUIKeywordMain.groovy:20)
	at com.kms.katalon.core.webui.keyword.builtin.ClickKeyword.click(ClickKeyword.groovy:74)
	at com.kms.katalon.core.webui.keyword.builtin.ClickKeyword.execute(ClickKeyword.groovy:40)
	at com.kms.katalon.core.keyword.internal.KeywordExecutor.executeKeywordForPlatform(KeywordExecutor.groovy:74)
	at com.kms.katalon.core.webui.keyword.WebUiBuiltInKeywords.click(WebUiBuiltInKeywords.groovy:659)
	at Script1693826440839.run(Script1693826440839.groovy:355)
	... 15 more
)

22-11-2024T06:01:56 - [MESSAGE][INFO] - Unable to find the element located by 'By.xpath: //div[5]/div[2]/div/div/div/div'. Please recheck the objects properties to make sure the desired element is located. 

22-11-2024T06:01:56 - [MESSAGE][FAILED] - Unable to click on object 'Object Repository/Прогноз по отраслям/Фильтр Сравнение с Стресс' (Root cause: com.kms.katalon.core.exception.StepFailedException: Unable to click on object 'Object Repository/Прогноз по отраслям/Фильтр Сравнение с Стресс'
	at com.kms.katalon.core.webui.keyword.internal.WebUIKeywordMain.stepFailed(WebUIKeywordMain.groovy:64)
	at com.kms.katalon.core.webui.keyword.internal.WebUIKeywordMain.runKeyword(WebUIKeywordMain.groovy:26)
	at com.kms.katalon.core.webui.keyword.builtin.ClickKeyword.click(ClickKeyword.groovy:74)
	at com.kms.katalon.core.webui.keyword.builtin.ClickKeyword.execute(ClickKeyword.groovy:40)
	at com.kms.katalon.core.keyword.internal.KeywordExecutor.executeKeywordForPlatform(KeywordExecutor.groovy:74)
	at com.kms.katalon.core.webui.keyword.WebUiBuiltInKeywords.click(WebUiBuiltInKeywords.groovy:659)
	at Прогноз по отраслям сверка дашбордов.run(Прогноз по отраслям сверка дашбордов:355)
	at com.kms.katalon.core.main.ScriptEngine.run(ScriptEngine.java:194)
	at com.kms.katalon.core.main.ScriptEngine.runScriptAsRawText(ScriptEngine.java:119)
	at com.kms.katalon.core.main.TestCaseExecutor.runScript(TestCaseExecutor.java:448)
	at com.kms.katalon.core.main.TestCaseExecutor.doExecute(TestCaseExecutor.java:439)
	at com.kms.katalon.core.main.TestCaseExecutor.processExecutionPhase(TestCaseExecutor.java:418)
	at com.kms.katalon.core.main.TestCaseExecutor.accessMainPhase(TestCaseExecutor.java:410)
	at com.kms.katalon.core.main.TestCaseExecutor.execute(TestCaseExecutor.java:285)
	at com.kms.katalon.core.common.CommonExecutor.accessTestCaseMainPhase(CommonExecutor.java:65)
	at com.kms.katalon.core.main.TestSuiteExecutor.accessTestSuiteMainPhase(TestSuiteExecutor.java:150)
	at com.kms.katalon.core.main.TestSuiteExecutor.execute(TestSuiteExecutor.java:106)
	at com.kms.katalon.core.main.TestCaseMain.startTestSuite(TestCaseMain.java:180)
	at TempTestSuite1732232929817.run(TempTestSuite1732232929817.groovy:35)
	at java.base/jdk.internal.reflect.NativeMethodAccessorImpl.invoke0(Native Method)
	at java.base/jdk.internal.reflect.NativeMethodAccessorImpl.invoke(NativeMethodAccessorImpl.java:77)
	at java.base/jdk.internal.reflect.DelegatingMethodAccessorImpl.invoke(DelegatingMethodAccessorImpl.java:43)
Caused by: com.kms.katalon.core.webui.exception.WebElementNotFoundException: Web element with id: 'Object Repository/Прогноз по отраслям/Фильтр Сравнение с Стресс' located by '//div[5]/div[2]/div/div/div/div' not found
	at com.kms.katalon.core.webui.common.WebUiCommonHelper.findWebElement(WebUiCommonHelper.java:1426)
	at com.kms.katalon.core.webui.keyword.internal.WebUIAbstractKeyword.findWebElement(WebUIAbstractKeyword.groovy:27)
	at com.kms.katalon.core.webui.keyword.builtin.ClickKeyword$_click_closure1.doCall(ClickKeyword.groovy:65)
	at com.kms.katalon.core.webui.keyword.builtin.ClickKeyword$_click_closure1.call(ClickKeyword.groovy)
	at com.kms.katalon.core.webui.keyword.internal.WebUIKeywordMain.runKeyword(WebUIKeywordMain.groovy:20)
	at com.kms.katalon.core.webui.keyword.builtin.ClickKeyword.click(ClickKeyword.groovy:74)
	at com.kms.katalon.core.webui.keyword.builtin.ClickKeyword.execute(ClickKeyword.groovy:40)
	at com.kms.katalon.core.keyword.internal.KeywordExecutor.executeKeywordForPlatform(KeywordExecutor.groovy:74)
	at com.kms.katalon.core.webui.keyword.WebUiBuiltInKeywords.click(WebUiBuiltInKeywords.groovy:659)
	at Script1693826440839.run(Script1693826440839.groovy:355)
	... 15 more
)
[[ATTACHMENT|C:\\Users\\LIAZGINA-DI\\git\\SPORU\\Reports\\20241122_024849\\\u041F\u043D-\u0421\u0440-\u041F\u0442\\\u0421\u0432\u0435\u0440\u043A\u0430 \u0434\u0430\u0448\u0431\u043E\u0440\u0434\u043E\u0432 \u0438\u0437 \u0440\u0430\u0437\u043D\u044B\u0445 \u0431\u043B\u043E\u043A\u043E\u0432\\20241122_024849\\1732244516856.png]]

22-11-2024T06:01:56 - [TEST_STEP][FAILED] - click(findTestObject("Прогноз по отраслям/Факт прошлого года Стресс")): Unable to click on object 'Object Repository/Прогноз по отраслям/Факт прошлого года Стресс' (Root cause: com.kms.katalon.core.exception.StepFailedException: Unable to click on object 'Object Repository/Прогноз по отраслям/Факт прошлого года Стресс'
	at com.kms.katalon.core.webui.keyword.internal.WebUIKeywordMain.stepFailed(WebUIKeywordMain.groovy:64)
	at com.kms.katalon.core.webui.keyword.internal.WebUIKeywordMain.runKeyword(WebUIKeywordMain.groovy:26)
	at com.kms.katalon.core.webui.keyword.builtin.ClickKeyword.click(ClickKeyword.groovy:74)
	at com.kms.katalon.core.webui.keyword.builtin.ClickKeyword.execute(ClickKeyword.groovy:40)
	at com.kms.katalon.core.keyword.internal.KeywordExecutor.executeKeywordForPlatform(KeywordExecutor.groovy:74)
	at com.kms.katalon.core.webui.keyword.WebUiBuiltInKeywords.click(WebUiBuiltInKeywords.groovy:659)
	at Прогноз по отраслям сверка дашбордов.run(Прогноз по отраслям сверка дашбордов:357)
	at com.kms.katalon.core.main.ScriptEngine.run(ScriptEngine.java:194)
	at com.kms.katalon.core.main.ScriptEngine.runScriptAsRawText(ScriptEngine.java:119)
	at com.kms.katalon.core.main.TestCaseExecutor.runScript(TestCaseExecutor.java:448)
	at com.kms.katalon.core.main.TestCaseExecutor.doExecute(TestCaseExecutor.java:439)
	at com.kms.katalon.core.main.TestCaseExecutor.processExecutionPhase(TestCaseExecutor.java:418)
	at com.kms.katalon.core.main.TestCaseExecutor.accessMainPhase(TestCaseExecutor.java:410)
	at com.kms.katalon.core.main.TestCaseExecutor.execute(TestCaseExecutor.java:285)
	at com.kms.katalon.core.common.CommonExecutor.accessTestCaseMainPhase(CommonExecutor.java:65)
	at com.kms.katalon.core.main.TestSuiteExecutor.accessTestSuiteMainPhase(TestSuiteExecutor.java:150)
	at com.kms.katalon.core.main.TestSuiteExecutor.execute(TestSuiteExecutor.java:106)
	at com.kms.katalon.core.main.TestCaseMain.startTestSuite(TestCaseMain.java:180)
	at TempTestSuite1732232929817.run(TempTestSuite1732232929817.groovy:35)
	at java.base/jdk.internal.reflect.NativeMethodAccessorImpl.invoke0(Native Method)
	at java.base/jdk.internal.reflect.NativeMethodAccessorImpl.invoke(NativeMethodAccessorImpl.java:77)
	at java.base/jdk.internal.reflect.DelegatingMethodAccessorImpl.invoke(DelegatingMethodAccessorImpl.java:43)
Caused by: com.kms.katalon.core.webui.exception.WebElementNotFoundException: Web element with id: 'Object Repository/Прогноз по отраслям/Факт прошлого года Стресс' located by '//div[5]/div[2]/div/div/div[2]/div/ul/li/div/div' not found
	at com.kms.katalon.core.webui.common.WebUiCommonHelper.findWebElement(WebUiCommonHelper.java:1426)
	at com.kms.katalon.core.webui.keyword.internal.WebUIAbstractKeyword.findWebElement(WebUIAbstractKeyword.groovy:27)
	at com.kms.katalon.core.webui.keyword.builtin.ClickKeyword$_click_closure1.doCall(ClickKeyword.groovy:65)
	at com.kms.katalon.core.webui.keyword.builtin.ClickKeyword$_click_closure1.call(ClickKeyword.groovy)
	at com.kms.katalon.core.webui.keyword.internal.WebUIKeywordMain.runKeyword(WebUIKeywordMain.groovy:20)
	at com.kms.katalon.core.webui.keyword.builtin.ClickKeyword.click(ClickKeyword.groovy:74)
	at com.kms.katalon.core.webui.keyword.builtin.ClickKeyword.execute(ClickKeyword.groovy:40)
	at com.kms.katalon.core.keyword.internal.KeywordExecutor.executeKeywordForPlatform(KeywordExecutor.groovy:74)
	at com.kms.katalon.core.webui.keyword.WebUiBuiltInKeywords.click(WebUiBuiltInKeywords.groovy:659)
	at Script1693826440839.run(Script1693826440839.groovy:357)
	... 15 more
)

22-11-2024T06:02:57 - [MESSAGE][INFO] - Unable to find the element located by 'By.xpath: //div[5]/div[2]/div/div/div[2]/div/ul/li/div/div'. Please recheck the objects properties to make sure the desired element is located. 

22-11-2024T06:02:57 - [MESSAGE][FAILED] - Unable to click on object 'Object Repository/Прогноз по отраслям/Факт прошлого года Стресс' (Root cause: com.kms.katalon.core.exception.StepFailedException: Unable to click on object 'Object Repository/Прогноз по отраслям/Факт прошлого года Стресс'
	at com.kms.katalon.core.webui.keyword.internal.WebUIKeywordMain.stepFailed(WebUIKeywordMain.groovy:64)
	at com.kms.katalon.core.webui.keyword.internal.WebUIKeywordMain.runKeyword(WebUIKeywordMain.groovy:26)
	at com.kms.katalon.core.webui.keyword.builtin.ClickKeyword.click(ClickKeyword.groovy:74)
	at com.kms.katalon.core.webui.keyword.builtin.ClickKeyword.execute(ClickKeyword.groovy:40)
	at com.kms.katalon.core.keyword.internal.KeywordExecutor.executeKeywordForPlatform(KeywordExecutor.groovy:74)
	at com.kms.katalon.core.webui.keyword.WebUiBuiltInKeywords.click(WebUiBuiltInKeywords.groovy:659)
	at Прогноз по отраслям сверка дашбордов.run(Прогноз по отраслям сверка дашбордов:357)
	at com.kms.katalon.core.main.ScriptEngine.run(ScriptEngine.java:194)
	at com.kms.katalon.core.main.ScriptEngine.runScriptAsRawText(ScriptEngine.java:119)
	at com.kms.katalon.core.main.TestCaseExecutor.runScript(TestCaseExecutor.java:448)
	at com.kms.katalon.core.main.TestCaseExecutor.doExecute(TestCaseExecutor.java:439)
	at com.kms.katalon.core.main.TestCaseExecutor.processExecutionPhase(TestCaseExecutor.java:418)
	at com.kms.katalon.core.main.TestCaseExecutor.accessMainPhase(TestCaseExecutor.java:410)
	at com.kms.katalon.core.main.TestCaseExecutor.execute(TestCaseExecutor.java:285)
	at com.kms.katalon.core.common.CommonExecutor.accessTestCaseMainPhase(CommonExecutor.java:65)
	at com.kms.katalon.core.main.TestSuiteExecutor.accessTestSuiteMainPhase(TestSuiteExecutor.java:150)
	at com.kms.katalon.core.main.TestSuiteExecutor.execute(TestSuiteExecutor.java:106)
	at com.kms.katalon.core.main.TestCaseMain.startTestSuite(TestCaseMain.java:180)
	at TempTestSuite1732232929817.run(TempTestSuite1732232929817.groovy:35)
	at java.base/jdk.internal.reflect.NativeMethodAccessorImpl.invoke0(Native Method)
	at java.base/jdk.internal.reflect.NativeMethodAccessorImpl.invoke(NativeMethodAccessorImpl.java:77)
	at java.base/jdk.internal.reflect.DelegatingMethodAccessorImpl.invoke(DelegatingMethodAccessorImpl.java:43)
Caused by: com.kms.katalon.core.webui.exception.WebElementNotFoundException: Web element with id: 'Object Repository/Прогноз по отраслям/Факт прошлого года Стресс' located by '//div[5]/div[2]/div/div/div[2]/div/ul/li/div/div' not found
	at com.kms.katalon.core.webui.common.WebUiCommonHelper.findWebElement(WebUiCommonHelper.java:1426)
	at com.kms.katalon.core.webui.keyword.internal.WebUIAbstractKeyword.findWebElement(WebUIAbstractKeyword.groovy:27)
	at com.kms.katalon.core.webui.keyword.builtin.ClickKeyword$_click_closure1.doCall(ClickKeyword.groovy:65)
	at com.kms.katalon.core.webui.keyword.builtin.ClickKeyword$_click_closure1.call(ClickKeyword.groovy)
	at com.kms.katalon.core.webui.keyword.internal.WebUIKeywordMain.runKeyword(WebUIKeywordMain.groovy:20)
	at com.kms.katalon.core.webui.keyword.builtin.ClickKeyword.click(ClickKeyword.groovy:74)
	at com.kms.katalon.core.webui.keyword.builtin.ClickKeyword.execute(ClickKeyword.groovy:40)
	at com.kms.katalon.core.keyword.internal.KeywordExecutor.executeKeywordForPlatform(KeywordExecutor.groovy:74)
	at com.kms.katalon.core.webui.keyword.WebUiBuiltInKeywords.click(WebUiBuiltInKeywords.groovy:659)
	at Script1693826440839.run(Script1693826440839.groovy:357)
	... 15 more
)
[[ATTACHMENT|C:\\Users\\LIAZGINA-DI\\git\\SPORU\\Reports\\20241122_024849\\\u041F\u043D-\u0421\u0440-\u041F\u0442\\\u0421\u0432\u0435\u0440\u043A\u0430 \u0434\u0430\u0448\u0431\u043E\u0440\u0434\u043E\u0432 \u0438\u0437 \u0440\u0430\u0437\u043D\u044B\u0445 \u0431\u043B\u043E\u043A\u043E\u0432\\20241122_024849\\1732244577072.png]]

22-11-2024T06:02:57 - [TEST_STEP][FAILED] - click(findTestObject("Прогноз по отраслям/Фильтр КПО-Отпуск Стресс")): Unable to click on object 'Object Repository/Прогноз по отраслям/Фильтр КПО-Отпуск Стресс' (Root cause: com.kms.katalon.core.exception.StepFailedException: Unable to click on object 'Object Repository/Прогноз по отраслям/Фильтр КПО-Отпуск Стресс'
	at com.kms.katalon.core.webui.keyword.internal.WebUIKeywordMain.stepFailed(WebUIKeywordMain.groovy:64)
	at com.kms.katalon.core.webui.keyword.internal.WebUIKeywordMain.runKeyword(WebUIKeywordMain.groovy:26)
	at com.kms.katalon.core.webui.keyword.builtin.ClickKeyword.click(ClickKeyword.groovy:74)
	at com.kms.katalon.core.webui.keyword.builtin.ClickKeyword.execute(ClickKeyword.groovy:40)
	at com.kms.katalon.core.keyword.internal.KeywordExecutor.executeKeywordForPlatform(KeywordExecutor.groovy:74)
	at com.kms.katalon.core.webui.keyword.WebUiBuiltInKeywords.click(WebUiBuiltInKeywords.groovy:659)
	at Прогноз по отраслям сверка дашбордов.run(Прогноз по отраслям сверка дашбордов:359)
	at com.kms.katalon.core.main.ScriptEngine.run(ScriptEngine.java:194)
	at com.kms.katalon.core.main.ScriptEngine.runScriptAsRawText(ScriptEngine.java:119)
	at com.kms.katalon.core.main.TestCaseExecutor.runScript(TestCaseExecutor.java:448)
	at com.kms.katalon.core.main.TestCaseExecutor.doExecute(TestCaseExecutor.java:439)
	at com.kms.katalon.core.main.TestCaseExecutor.processExecutionPhase(TestCaseExecutor.java:418)
	at com.kms.katalon.core.main.TestCaseExecutor.accessMainPhase(TestCaseExecutor.java:410)
	at com.kms.katalon.core.main.TestCaseExecutor.execute(TestCaseExecutor.java:285)
	at com.kms.katalon.core.common.CommonExecutor.accessTestCaseMainPhase(CommonExecutor.java:65)
	at com.kms.katalon.core.main.TestSuiteExecutor.accessTestSuiteMainPhase(TestSuiteExecutor.java:150)
	at com.kms.katalon.core.main.TestSuiteExecutor.execute(TestSuiteExecutor.java:106)
	at com.kms.katalon.core.main.TestCaseMain.startTestSuite(TestCaseMain.java:180)
	at TempTestSuite1732232929817.run(TempTestSuite1732232929817.groovy:35)
	at java.base/jdk.internal.reflect.NativeMethodAccessorImpl.invoke0(Native Method)
	at java.base/jdk.internal.reflect.NativeMethodAccessorImpl.invoke(NativeMethodAccessorImpl.java:77)
	at java.base/jdk.internal.reflect.DelegatingMethodAccessorImpl.invoke(DelegatingMethodAccessorImpl.java:43)
Caused by: com.kms.katalon.core.webui.exception.WebElementNotFoundException: Web element with id: 'Object Repository/Прогноз по отраслям/Фильтр КПО-Отпуск Стресс' located by '//div[31]/div[2]/div/div/div/div/span' not found
	at com.kms.katalon.core.webui.common.WebUiCommonHelper.findWebElement(WebUiCommonHelper.java:1426)
	at com.kms.katalon.core.webui.keyword.internal.WebUIAbstractKeyword.findWebElement(WebUIAbstractKeyword.groovy:27)
	at com.kms.katalon.core.webui.keyword.builtin.ClickKeyword$_click_closure1.doCall(ClickKeyword.groovy:65)
	at com.kms.katalon.core.webui.keyword.builtin.ClickKeyword$_click_closure1.call(ClickKeyword.groovy)
	at com.kms.katalon.core.webui.keyword.internal.WebUIKeywordMain.runKeyword(WebUIKeywordMain.groovy:20)
	at com.kms.katalon.core.webui.keyword.builtin.ClickKeyword.click(ClickKeyword.groovy:74)
	at com.kms.katalon.core.webui.keyword.builtin.ClickKeyword.execute(ClickKeyword.groovy:40)
	at com.kms.katalon.core.keyword.internal.KeywordExecutor.executeKeywordForPlatform(KeywordExecutor.groovy:74)
	at com.kms.katalon.core.webui.keyword.WebUiBuiltInKeywords.click(WebUiBuiltInKeywords.groovy:659)
	at Script1693826440839.run(Script1693826440839.groovy:359)
	... 15 more
)

22-11-2024T06:03:57 - [MESSAGE][INFO] - Unable to find the element located by 'By.xpath: //div[31]/div[2]/div/div/div/div/span'. Please recheck the objects properties to make sure the desired element is located. 

22-11-2024T06:03:57 - [MESSAGE][FAILED] - Unable to click on object 'Object Repository/Прогноз по отраслям/Фильтр КПО-Отпуск Стресс' (Root cause: com.kms.katalon.core.exception.StepFailedException: Unable to click on object 'Object Repository/Прогноз по отраслям/Фильтр КПО-Отпуск Стресс'
	at com.kms.katalon.core.webui.keyword.internal.WebUIKeywordMain.stepFailed(WebUIKeywordMain.groovy:64)
	at com.kms.katalon.core.webui.keyword.internal.WebUIKeywordMain.runKeyword(WebUIKeywordMain.groovy:26)
	at com.kms.katalon.core.webui.keyword.builtin.ClickKeyword.click(ClickKeyword.groovy:74)
	at com.kms.katalon.core.webui.keyword.builtin.ClickKeyword.execute(ClickKeyword.groovy:40)
	at com.kms.katalon.core.keyword.internal.KeywordExecutor.executeKeywordForPlatform(KeywordExecutor.groovy:74)
	at com.kms.katalon.core.webui.keyword.WebUiBuiltInKeywords.click(WebUiBuiltInKeywords.groovy:659)
	at Прогноз по отраслям сверка дашбордов.run(Прогноз по отраслям сверка дашбордов:359)
	at com.kms.katalon.core.main.ScriptEngine.run(ScriptEngine.java:194)
	at com.kms.katalon.core.main.ScriptEngine.runScriptAsRawText(ScriptEngine.java:119)
	at com.kms.katalon.core.main.TestCaseExecutor.runScript(TestCaseExecutor.java:448)
	at com.kms.katalon.core.main.TestCaseExecutor.doExecute(TestCaseExecutor.java:439)
	at com.kms.katalon.core.main.TestCaseExecutor.processExecutionPhase(TestCaseExecutor.java:418)
	at com.kms.katalon.core.main.TestCaseExecutor.accessMainPhase(TestCaseExecutor.java:410)
	at com.kms.katalon.core.main.TestCaseExecutor.execute(TestCaseExecutor.java:285)
	at com.kms.katalon.core.common.CommonExecutor.accessTestCaseMainPhase(CommonExecutor.java:65)
	at com.kms.katalon.core.main.TestSuiteExecutor.accessTestSuiteMainPhase(TestSuiteExecutor.java:150)
	at com.kms.katalon.core.main.TestSuiteExecutor.execute(TestSuiteExecutor.java:106)
	at com.kms.katalon.core.main.TestCaseMain.startTestSuite(TestCaseMain.java:180)
	at TempTestSuite1732232929817.run(TempTestSuite1732232929817.groovy:35)
	at java.base/jdk.internal.reflect.NativeMethodAccessorImpl.invoke0(Native Method)
	at java.base/jdk.internal.reflect.NativeMethodAccessorImpl.invoke(NativeMethodAccessorImpl.java:77)
	at java.base/jdk.internal.reflect.DelegatingMethodAccessorImpl.invoke(DelegatingMethodAccessorImpl.java:43)
Caused by: com.kms.katalon.core.webui.exception.WebElementNotFoundException: Web element with id: 'Object Repository/Прогноз по отраслям/Фильтр КПО-Отпуск Стресс' located by '//div[31]/div[2]/div/div/div/div/span' not found
	at com.kms.katalon.core.webui.common.WebUiCommonHelper.findWebElement(WebUiCommonHelper.java:1426)
	at com.kms.katalon.core.webui.keyword.internal.WebUIAbstractKeyword.findWebElement(WebUIAbstractKeyword.groovy:27)
	at com.kms.katalon.core.webui.keyword.builtin.ClickKeyword$_click_closure1.doCall(ClickKeyword.groovy:65)
	at com.kms.katalon.core.webui.keyword.builtin.ClickKeyword$_click_closure1.call(ClickKeyword.groovy)
	at com.kms.katalon.core.webui.keyword.internal.WebUIKeywordMain.runKeyword(WebUIKeywordMain.groovy:20)
	at com.kms.katalon.core.webui.keyword.builtin.ClickKeyword.click(ClickKeyword.groovy:74)
	at com.kms.katalon.core.webui.keyword.builtin.ClickKeyword.execute(ClickKeyword.groovy:40)
	at com.kms.katalon.core.keyword.internal.KeywordExecutor.executeKeywordForPlatform(KeywordExecutor.groovy:74)
	at com.kms.katalon.core.webui.keyword.WebUiBuiltInKeywords.click(WebUiBuiltInKeywords.groovy:659)
	at Script1693826440839.run(Script1693826440839.groovy:359)
	... 15 more
)
[[ATTACHMENT|C:\\Users\\LIAZGINA-DI\\git\\SPORU\\Reports\\20241122_024849\\\u041F\u043D-\u0421\u0440-\u041F\u0442\\\u0421\u0432\u0435\u0440\u043A\u0430 \u0434\u0430\u0448\u0431\u043E\u0440\u0434\u043E\u0432 \u0438\u0437 \u0440\u0430\u0437\u043D\u044B\u0445 \u0431\u043B\u043E\u043A\u043E\u0432\\20241122_024849\\1732244637262.png]]

22-11-2024T06:03:57 - [TEST_STEP][FAILED] - click(findTestObject("Прогноз по отраслям/КПО Стресс")): Unable to click on object 'Object Repository/Прогноз по отраслям/КПО Стресс' (Root cause: com.kms.katalon.core.exception.StepFailedException: Unable to click on object 'Object Repository/Прогноз по отраслям/КПО Стресс'
	at com.kms.katalon.core.webui.keyword.internal.WebUIKeywordMain.stepFailed(WebUIKeywordMain.groovy:64)
	at com.kms.katalon.core.webui.keyword.internal.WebUIKeywordMain.runKeyword(WebUIKeywordMain.groovy:26)
	at com.kms.katalon.core.webui.keyword.builtin.ClickKeyword.click(ClickKeyword.groovy:74)
	at com.kms.katalon.core.webui.keyword.builtin.ClickKeyword.execute(ClickKeyword.groovy:40)
	at com.kms.katalon.core.keyword.internal.KeywordExecutor.executeKeywordForPlatform(KeywordExecutor.groovy:74)
	at com.kms.katalon.core.webui.keyword.WebUiBuiltInKeywords.click(WebUiBuiltInKeywords.groovy:659)
	at Прогноз по отраслям сверка дашбордов.run(Прогноз по отраслям сверка дашбордов:361)
	at com.kms.katalon.core.main.ScriptEngine.run(ScriptEngine.java:194)
	at com.kms.katalon.core.main.ScriptEngine.runScriptAsRawText(ScriptEngine.java:119)
	at com.kms.katalon.core.main.TestCaseExecutor.runScript(TestCaseExecutor.java:448)
	at com.kms.katalon.core.main.TestCaseExecutor.doExecute(TestCaseExecutor.java:439)
	at com.kms.katalon.core.main.TestCaseExecutor.processExecutionPhase(TestCaseExecutor.java:418)
	at com.kms.katalon.core.main.TestCaseExecutor.accessMainPhase(TestCaseExecutor.java:410)
	at com.kms.katalon.core.main.TestCaseExecutor.execute(TestCaseExecutor.java:285)
	at com.kms.katalon.core.common.CommonExecutor.accessTestCaseMainPhase(CommonExecutor.java:65)
	at com.kms.katalon.core.main.TestSuiteExecutor.accessTestSuiteMainPhase(TestSuiteExecutor.java:150)
	at com.kms.katalon.core.main.TestSuiteExecutor.execute(TestSuiteExecutor.java:106)
	at com.kms.katalon.core.main.TestCaseMain.startTestSuite(TestCaseMain.java:180)
	at TempTestSuite1732232929817.run(TempTestSuite1732232929817.groovy:35)
	at java.base/jdk.internal.reflect.NativeMethodAccessorImpl.invoke0(Native Method)
	at java.base/jdk.internal.reflect.NativeMethodAccessorImpl.invoke(NativeMethodAccessorImpl.java:77)
	at java.base/jdk.internal.reflect.DelegatingMethodAccessorImpl.invoke(DelegatingMethodAccessorImpl.java:43)
Caused by: com.kms.katalon.core.webui.exception.WebElementNotFoundException: Web element with id: 'Object Repository/Прогноз по отраслям/КПО Стресс' located by '//div[31]/div[2]/div/div/div[2]/div/ul/li/div/div' not found
	at com.kms.katalon.core.webui.common.WebUiCommonHelper.findWebElement(WebUiCommonHelper.java:1426)
	at com.kms.katalon.core.webui.keyword.internal.WebUIAbstractKeyword.findWebElement(WebUIAbstractKeyword.groovy:27)
	at com.kms.katalon.core.webui.keyword.builtin.ClickKeyword$_click_closure1.doCall(ClickKeyword.groovy:65)
	at com.kms.katalon.core.webui.keyword.builtin.ClickKeyword$_click_closure1.call(ClickKeyword.groovy)
	at com.kms.katalon.core.webui.keyword.internal.WebUIKeywordMain.runKeyword(WebUIKeywordMain.groovy:20)
	at com.kms.katalon.core.webui.keyword.builtin.ClickKeyword.click(ClickKeyword.groovy:74)
	at com.kms.katalon.core.webui.keyword.builtin.ClickKeyword.execute(ClickKeyword.groovy:40)
	at com.kms.katalon.core.keyword.internal.KeywordExecutor.executeKeywordForPlatform(KeywordExecutor.groovy:74)
	at com.kms.katalon.core.webui.keyword.WebUiBuiltInKeywords.click(WebUiBuiltInKeywords.groovy:659)
	at Script1693826440839.run(Script1693826440839.groovy:361)
	... 15 more
)

22-11-2024T06:04:57 - [MESSAGE][INFO] - Unable to find the element located by 'By.xpath: //div[31]/div[2]/div/div/div[2]/div/ul/li/div/div'. Please recheck the objects properties to make sure the desired element is located. 

22-11-2024T06:04:57 - [MESSAGE][FAILED] - Unable to click on object 'Object Repository/Прогноз по отраслям/КПО Стресс' (Root cause: com.kms.katalon.core.exception.StepFailedException: Unable to click on object 'Object Repository/Прогноз по отраслям/КПО Стресс'
	at com.kms.katalon.core.webui.keyword.internal.WebUIKeywordMain.stepFailed(WebUIKeywordMain.groovy:64)
	at com.kms.katalon.core.webui.keyword.internal.WebUIKeywordMain.runKeyword(WebUIKeywordMain.groovy:26)
	at com.kms.katalon.core.webui.keyword.builtin.ClickKeyword.click(ClickKeyword.groovy:74)
	at com.kms.katalon.core.webui.keyword.builtin.ClickKeyword.execute(ClickKeyword.groovy:40)
	at com.kms.katalon.core.keyword.internal.KeywordExecutor.executeKeywordForPlatform(KeywordExecutor.groovy:74)
	at com.kms.katalon.core.webui.keyword.WebUiBuiltInKeywords.click(WebUiBuiltInKeywords.groovy:659)
	at Прогноз по отраслям сверка дашбордов.run(Прогноз по отраслям сверка дашбордов:361)
	at com.kms.katalon.core.main.ScriptEngine.run(ScriptEngine.java:194)
	at com.kms.katalon.core.main.ScriptEngine.runScriptAsRawText(ScriptEngine.java:119)
	at com.kms.katalon.core.main.TestCaseExecutor.runScript(TestCaseExecutor.java:448)
	at com.kms.katalon.core.main.TestCaseExecutor.doExecute(TestCaseExecutor.java:439)
	at com.kms.katalon.core.main.TestCaseExecutor.processExecutionPhase(TestCaseExecutor.java:418)
	at com.kms.katalon.core.main.TestCaseExecutor.accessMainPhase(TestCaseExecutor.java:410)
	at com.kms.katalon.core.main.TestCaseExecutor.execute(TestCaseExecutor.java:285)
	at com.kms.katalon.core.common.CommonExecutor.accessTestCaseMainPhase(CommonExecutor.java:65)
	at com.kms.katalon.core.main.TestSuiteExecutor.accessTestSuiteMainPhase(TestSuiteExecutor.java:150)
	at com.kms.katalon.core.main.TestSuiteExecutor.execute(TestSuiteExecutor.java:106)
	at com.kms.katalon.core.main.TestCaseMain.startTestSuite(TestCaseMain.java:180)
	at TempTestSuite1732232929817.run(TempTestSuite1732232929817.groovy:35)
	at java.base/jdk.internal.reflect.NativeMethodAccessorImpl.invoke0(Native Method)
	at java.base/jdk.internal.reflect.NativeMethodAccessorImpl.invoke(NativeMethodAccessorImpl.java:77)
	at java.base/jdk.internal.reflect.DelegatingMethodAccessorImpl.invoke(DelegatingMethodAccessorImpl.java:43)
Caused by: com.kms.katalon.core.webui.exception.WebElementNotFoundException: Web element with id: 'Object Repository/Прогноз по отраслям/КПО Стресс' located by '//div[31]/div[2]/div/div/div[2]/div/ul/li/div/div' not found
	at com.kms.katalon.core.webui.common.WebUiCommonHelper.findWebElement(WebUiCommonHelper.java:1426)
	at com.kms.katalon.core.webui.keyword.internal.WebUIAbstractKeyword.findWebElement(WebUIAbstractKeyword.groovy:27)
	at com.kms.katalon.core.webui.keyword.builtin.ClickKeyword$_click_closure1.doCall(ClickKeyword.groovy:65)
	at com.kms.katalon.core.webui.keyword.builtin.ClickKeyword$_click_closure1.call(ClickKeyword.groovy)
	at com.kms.katalon.core.webui.keyword.internal.WebUIKeywordMain.runKeyword(WebUIKeywordMain.groovy:20)
	at com.kms.katalon.core.webui.keyword.builtin.ClickKeyword.click(ClickKeyword.groovy:74)
	at com.kms.katalon.core.webui.keyword.builtin.ClickKeyword.execute(ClickKeyword.groovy:40)
	at com.kms.katalon.core.keyword.internal.KeywordExecutor.executeKeywordForPlatform(KeywordExecutor.groovy:74)
	at com.kms.katalon.core.webui.keyword.WebUiBuiltInKeywords.click(WebUiBuiltInKeywords.groovy:659)
	at Script1693826440839.run(Script1693826440839.groovy:361)
	... 15 more
)
[[ATTACHMENT|C:\\Users\\LIAZGINA-DI\\git\\SPORU\\Reports\\20241122_024849\\\u041F\u043D-\u0421\u0440-\u041F\u0442\\\u0421\u0432\u0435\u0440\u043A\u0430 \u0434\u0430\u0448\u0431\u043E\u0440\u0434\u043E\u0432 \u0438\u0437 \u0440\u0430\u0437\u043D\u044B\u0445 \u0431\u043B\u043E\u043A\u043E\u0432\\20241122_024849\\1732244697455.png]]

22-11-2024T06:04:57 - [TEST_STEP][PASSED] - delay(40): Delayed 40 second(s)

22-11-2024T06:05:37 - [MESSAGE][PASSED] - Delayed 40 second(s)

22-11-2024T06:05:37 - [TEST_STEP][PASSED] - b10 = getText(findTestObject("Прогноз по отраслям/Виджеты дашборда")): Text of object 'Object Repository/Прогноз по отраслям/Виджеты дашборда' is: 'Год 
2023 год
Сравнение с 
План
Динамика электропотребления, млрд. кВт.ч., по ПАО Россети на 2023 год
10 10
190 190
36 36
14 14
9 9
14 14
4 4
17 17
80 80
19 19
82 82
588 588
10 10
197 197
37 37
48 48
10 10
15 15
4 4
18 18
80 80
19 19
82 82
608 608
План
Ожидаемое (прогноз до конца года)
Интер РАО(для ФСК)
Промышленныепотребители
Транспорт
Нефтедобыча
Нефтеперераб…
Нефтепроводы
Газопроводы
Сельское хозя…
Непромышлен…
Государственн…
Население иприравненныегруппыпотребителей
Территориальн…
Выручка, млрд. руб, по ПАО Россети на 2023 год
5 5
319 319
81 81
16 16
16 16
20 20
2 2
56 56
215 215
67 67
218 218
239 239
6 6
331 331
82 82
77 77
20 20
20 20
3 3
57 57
220 220
68 68
214 214
258 258
План
Ожидаемое (прогноз до конца года)
Интер РАО(для ФСК)
Промышленныепотребители
Транспорт
Нефтедобыча
Нефтеперераб…
Нефтепроводы
Газопроводы
Сельское хозя…
Непромышлен…
Государственн…
Население иприравненныегруппыпотребителей
Территориальн…
Отклонения по ПАО Россети на 2023 год
-4.7% -4.7%
3.8% 3.8%
1.9% 1.9%
230.3% 230.3%
10.9% 10.9%
4.2% 4.2%
21.7% 21.7%
3.9% 3.9%
-0.6% -0.6%
1.6% 1.6%
-1.0% -1.0%
3.3% 3.3%
⬤ Отклонение, %
Интер РАО (для ФСК)
Промышленные потребители
Транспорт
Нефтедобыча
Нефтепереработка
Нефтепроводы
Газопроводы
Сельское хозяйство и пищевая про…
Непромышленные потребители
Государственные (муниципальные)…
Население и приравненные группы…
Территориальные сетевые организ…
Выручка отклонения по ПАО Россети на 2023 год
15.6% 15.6%
3.8% 3.8%
1.2% 1.2%
398.2% 398.2%
26.9% 26.9%
-0.6% -0.6%
26.9% 26.9%
1.5% 1.5%
2.7% 2.7%
2.0% 2.0%
-2.0% -2.0%
7.9% 7.9%
⬤ Отклонение, %
Интер РАО (для ФСК)
Промышленные потребители
Транспорт
Нефтедобыча
Нефтепереработка
Нефтепроводы
Газопроводы
Сельское хозяйство и пищевая про…
Непромышленные потребители
Государственные (муниципальные)…
Население и приравненные группы…
Территориальные сетевые организ…
абс.
%
Прогноз на месяц 
Ноябрь
КПО/Отпуск из сети 
Отпуск из сети, млн. кВт.ч
Организация 
Все
Прогноз электропотребления и выручки за услуги по передаче в разрезе отраслей'

22-11-2024T06:06:08 - [MESSAGE][PASSED] - Text of object 'Object Repository/Прогноз по отраслям/Виджеты дашборда' is: 'Год 
2023 год
Сравнение с 
План
Динамика электропотребления, млрд. кВт.ч., по ПАО Россети на 2023 год
10 10
190 190
36 36
14 14
9 9
14 14
4 4
17 17
80 80
19 19
82 82
588 588
10 10
197 197
37 37
48 48
10 10
15 15
4 4
18 18
80 80
19 19
82 82
608 608
План
Ожидаемое (прогноз до конца года)
Интер РАО(для ФСК)
Промышленныепотребители
Транспорт
Нефтедобыча
Нефтеперераб…
Нефтепроводы
Газопроводы
Сельское хозя…
Непромышлен…
Государственн…
Население иприравненныегруппыпотребителей
Территориальн…
Выручка, млрд. руб, по ПАО Россети на 2023 год
5 5
319 319
81 81
16 16
16 16
20 20
2 2
56 56
215 215
67 67
218 218
239 239
6 6
331 331
82 82
77 77
20 20
20 20
3 3
57 57
220 220
68 68
214 214
258 258
План
Ожидаемое (прогноз до конца года)
Интер РАО(для ФСК)
Промышленныепотребители
Транспорт
Нефтедобыча
Нефтеперераб…
Нефтепроводы
Газопроводы
Сельское хозя…
Непромышлен…
Государственн…
Население иприравненныегруппыпотребителей
Территориальн…
Отклонения по ПАО Россети на 2023 год
-4.7% -4.7%
3.8% 3.8%
1.9% 1.9%
230.3% 230.3%
10.9% 10.9%
4.2% 4.2%
21.7% 21.7%
3.9% 3.9%
-0.6% -0.6%
1.6% 1.6%
-1.0% -1.0%
3.3% 3.3%
⬤ Отклонение, %
Интер РАО (для ФСК)
Промышленные потребители
Транспорт
Нефтедобыча
Нефтепереработка
Нефтепроводы
Газопроводы
Сельское хозяйство и пищевая про…
Непромышленные потребители
Государственные (муниципальные)…
Население и приравненные группы…
Территориальные сетевые организ…
Выручка отклонения по ПАО Россети на 2023 год
15.6% 15.6%
3.8% 3.8%
1.2% 1.2%
398.2% 398.2%
26.9% 26.9%
-0.6% -0.6%
26.9% 26.9%
1.5% 1.5%
2.7% 2.7%
2.0% 2.0%
-2.0% -2.0%
7.9% 7.9%
⬤ Отклонение, %
Интер РАО (для ФСК)
Промышленные потребители
Транспорт
Нефтедобыча
Нефтепереработка
Нефтепроводы
Газопроводы
Сельское хозяйство и пищевая про…
Непромышленные потребители
Государственные (муниципальные)…
Население и приравненные группы…
Территориальные сетевые организ…
абс.
%
Прогноз на месяц 
Ноябрь
КПО/Отпуск из сети 
Отпуск из сети, млн. кВт.ч
Организация 
Все
Прогноз электропотребления и выручки за услуги по передаче в разрезе отраслей'

22-11-2024T06:06:08 - [TEST_STEP][PASSED] - b10 = b10.replaceAll("[^0-9]", ""): null

22-11-2024T06:06:08 - [TEST_STEP][PASSED] - println("b10:" + b10): null

22-11-2024T06:06:08 - [TEST_STEP][FAILED] - click(findTestObject("Прогноз по отраслям/Фильтр Сравнение с Стресс")): Unable to click on object 'Object Repository/Прогноз по отраслям/Фильтр Сравнение с Стресс' (Root cause: com.kms.katalon.core.exception.StepFailedException: Unable to click on object 'Object Repository/Прогноз по отраслям/Фильтр Сравнение с Стресс'
	at com.kms.katalon.core.webui.keyword.internal.WebUIKeywordMain.stepFailed(WebUIKeywordMain.groovy:64)
	at com.kms.katalon.core.webui.keyword.internal.WebUIKeywordMain.runKeyword(WebUIKeywordMain.groovy:26)
	at com.kms.katalon.core.webui.keyword.builtin.ClickKeyword.click(ClickKeyword.groovy:74)
	at com.kms.katalon.core.webui.keyword.builtin.ClickKeyword.execute(ClickKeyword.groovy:40)
	at com.kms.katalon.core.keyword.internal.KeywordExecutor.executeKeywordForPlatform(KeywordExecutor.groovy:74)
	at com.kms.katalon.core.webui.keyword.WebUiBuiltInKeywords.click(WebUiBuiltInKeywords.groovy:659)
	at Прогноз по отраслям сверка дашбордов.run(Прогноз по отраслям сверка дашбордов:371)
	at com.kms.katalon.core.main.ScriptEngine.run(ScriptEngine.java:194)
	at com.kms.katalon.core.main.ScriptEngine.runScriptAsRawText(ScriptEngine.java:119)
	at com.kms.katalon.core.main.TestCaseExecutor.runScript(TestCaseExecutor.java:448)
	at com.kms.katalon.core.main.TestCaseExecutor.doExecute(TestCaseExecutor.java:439)
	at com.kms.katalon.core.main.TestCaseExecutor.processExecutionPhase(TestCaseExecutor.java:418)
	at com.kms.katalon.core.main.TestCaseExecutor.accessMainPhase(TestCaseExecutor.java:410)
	at com.kms.katalon.core.main.TestCaseExecutor.execute(TestCaseExecutor.java:285)
	at com.kms.katalon.core.common.CommonExecutor.accessTestCaseMainPhase(CommonExecutor.java:65)
	at com.kms.katalon.core.main.TestSuiteExecutor.accessTestSuiteMainPhase(TestSuiteExecutor.java:150)
	at com.kms.katalon.core.main.TestSuiteExecutor.execute(TestSuiteExecutor.java:106)
	at com.kms.katalon.core.main.TestCaseMain.startTestSuite(TestCaseMain.java:180)
	at TempTestSuite1732232929817.run(TempTestSuite1732232929817.groovy:35)
	at java.base/jdk.internal.reflect.NativeMethodAccessorImpl.invoke0(Native Method)
	at java.base/jdk.internal.reflect.NativeMethodAccessorImpl.invoke(NativeMethodAccessorImpl.java:77)
	at java.base/jdk.internal.reflect.DelegatingMethodAccessorImpl.invoke(DelegatingMethodAccessorImpl.java:43)
Caused by: com.kms.katalon.core.webui.exception.WebElementNotFoundException: Web element with id: 'Object Repository/Прогноз по отраслям/Фильтр Сравнение с Стресс' located by '//div[5]/div[2]/div/div/div/div' not found
	at com.kms.katalon.core.webui.common.WebUiCommonHelper.findWebElement(WebUiCommonHelper.java:1426)
	at com.kms.katalon.core.webui.keyword.internal.WebUIAbstractKeyword.findWebElement(WebUIAbstractKeyword.groovy:27)
	at com.kms.katalon.core.webui.keyword.builtin.ClickKeyword$_click_closure1.doCall(ClickKeyword.groovy:65)
	at com.kms.katalon.core.webui.keyword.builtin.ClickKeyword$_click_closure1.call(ClickKeyword.groovy)
	at com.kms.katalon.core.webui.keyword.internal.WebUIKeywordMain.runKeyword(WebUIKeywordMain.groovy:20)
	at com.kms.katalon.core.webui.keyword.builtin.ClickKeyword.click(ClickKeyword.groovy:74)
	at com.kms.katalon.core.webui.keyword.builtin.ClickKeyword.execute(ClickKeyword.groovy:40)
	at com.kms.katalon.core.keyword.internal.KeywordExecutor.executeKeywordForPlatform(KeywordExecutor.groovy:74)
	at com.kms.katalon.core.webui.keyword.WebUiBuiltInKeywords.click(WebUiBuiltInKeywords.groovy:659)
	at Script1693826440839.run(Script1693826440839.groovy:371)
	... 15 more
)

22-11-2024T06:07:08 - [MESSAGE][INFO] - Unable to find the element located by 'By.xpath: //div[5]/div[2]/div/div/div/div'. Please recheck the objects properties to make sure the desired element is located. 

22-11-2024T06:07:08 - [MESSAGE][FAILED] - Unable to click on object 'Object Repository/Прогноз по отраслям/Фильтр Сравнение с Стресс' (Root cause: com.kms.katalon.core.exception.StepFailedException: Unable to click on object 'Object Repository/Прогноз по отраслям/Фильтр Сравнение с Стресс'
	at com.kms.katalon.core.webui.keyword.internal.WebUIKeywordMain.stepFailed(WebUIKeywordMain.groovy:64)
	at com.kms.katalon.core.webui.keyword.internal.WebUIKeywordMain.runKeyword(WebUIKeywordMain.groovy:26)
	at com.kms.katalon.core.webui.keyword.builtin.ClickKeyword.click(ClickKeyword.groovy:74)
	at com.kms.katalon.core.webui.keyword.builtin.ClickKeyword.execute(ClickKeyword.groovy:40)
	at com.kms.katalon.core.keyword.internal.KeywordExecutor.executeKeywordForPlatform(KeywordExecutor.groovy:74)
	at com.kms.katalon.core.webui.keyword.WebUiBuiltInKeywords.click(WebUiBuiltInKeywords.groovy:659)
	at Прогноз по отраслям сверка дашбордов.run(Прогноз по отраслям сверка дашбордов:371)
	at com.kms.katalon.core.main.ScriptEngine.run(ScriptEngine.java:194)
	at com.kms.katalon.core.main.ScriptEngine.runScriptAsRawText(ScriptEngine.java:119)
	at com.kms.katalon.core.main.TestCaseExecutor.runScript(TestCaseExecutor.java:448)
	at com.kms.katalon.core.main.TestCaseExecutor.doExecute(TestCaseExecutor.java:439)
	at com.kms.katalon.core.main.TestCaseExecutor.processExecutionPhase(TestCaseExecutor.java:418)
	at com.kms.katalon.core.main.TestCaseExecutor.accessMainPhase(TestCaseExecutor.java:410)
	at com.kms.katalon.core.main.TestCaseExecutor.execute(TestCaseExecutor.java:285)
	at com.kms.katalon.core.common.CommonExecutor.accessTestCaseMainPhase(CommonExecutor.java:65)
	at com.kms.katalon.core.main.TestSuiteExecutor.accessTestSuiteMainPhase(TestSuiteExecutor.java:150)
	at com.kms.katalon.core.main.TestSuiteExecutor.execute(TestSuiteExecutor.java:106)
	at com.kms.katalon.core.main.TestCaseMain.startTestSuite(TestCaseMain.java:180)
	at TempTestSuite1732232929817.run(TempTestSuite1732232929817.groovy:35)
	at java.base/jdk.internal.reflect.NativeMethodAccessorImpl.invoke0(Native Method)
	at java.base/jdk.internal.reflect.NativeMethodAccessorImpl.invoke(NativeMethodAccessorImpl.java:77)
	at java.base/jdk.internal.reflect.DelegatingMethodAccessorImpl.invoke(DelegatingMethodAccessorImpl.java:43)
Caused by: com.kms.katalon.core.webui.exception.WebElementNotFoundException: Web element with id: 'Object Repository/Прогноз по отраслям/Фильтр Сравнение с Стресс' located by '//div[5]/div[2]/div/div/div/div' not found
	at com.kms.katalon.core.webui.common.WebUiCommonHelper.findWebElement(WebUiCommonHelper.java:1426)
	at com.kms.katalon.core.webui.keyword.internal.WebUIAbstractKeyword.findWebElement(WebUIAbstractKeyword.groovy:27)
	at com.kms.katalon.core.webui.keyword.builtin.ClickKeyword$_click_closure1.doCall(ClickKeyword.groovy:65)
	at com.kms.katalon.core.webui.keyword.builtin.ClickKeyword$_click_closure1.call(ClickKeyword.groovy)
	at com.kms.katalon.core.webui.keyword.internal.WebUIKeywordMain.runKeyword(WebUIKeywordMain.groovy:20)
	at com.kms.katalon.core.webui.keyword.builtin.ClickKeyword.click(ClickKeyword.groovy:74)
	at com.kms.katalon.core.webui.keyword.builtin.ClickKeyword.execute(ClickKeyword.groovy:40)
	at com.kms.katalon.core.keyword.internal.KeywordExecutor.executeKeywordForPlatform(KeywordExecutor.groovy:74)
	at com.kms.katalon.core.webui.keyword.WebUiBuiltInKeywords.click(WebUiBuiltInKeywords.groovy:659)
	at Script1693826440839.run(Script1693826440839.groovy:371)
	... 15 more
)
[[ATTACHMENT|C:\\Users\\LIAZGINA-DI\\git\\SPORU\\Reports\\20241122_024849\\\u041F\u043D-\u0421\u0440-\u041F\u0442\\\u0421\u0432\u0435\u0440\u043A\u0430 \u0434\u0430\u0448\u0431\u043E\u0440\u0434\u043E\u0432 \u0438\u0437 \u0440\u0430\u0437\u043D\u044B\u0445 \u0431\u043B\u043E\u043A\u043E\u0432\\20241122_024849\\1732244828138.png]]

22-11-2024T06:07:08 - [TEST_STEP][FAILED] - click(findTestObject("Прогноз по отраслям/План Стресс")): Unable to click on object 'Object Repository/Прогноз по отраслям/План Стресс' (Root cause: com.kms.katalon.core.exception.StepFailedException: Unable to click on object 'Object Repository/Прогноз по отраслям/План Стресс'
	at com.kms.katalon.core.webui.keyword.internal.WebUIKeywordMain.stepFailed(WebUIKeywordMain.groovy:64)
	at com.kms.katalon.core.webui.keyword.internal.WebUIKeywordMain.runKeyword(WebUIKeywordMain.groovy:26)
	at com.kms.katalon.core.webui.keyword.builtin.ClickKeyword.click(ClickKeyword.groovy:74)
	at com.kms.katalon.core.webui.keyword.builtin.ClickKeyword.execute(ClickKeyword.groovy:40)
	at com.kms.katalon.core.keyword.internal.KeywordExecutor.executeKeywordForPlatform(KeywordExecutor.groovy:74)
	at com.kms.katalon.core.webui.keyword.WebUiBuiltInKeywords.click(WebUiBuiltInKeywords.groovy:659)
	at Прогноз по отраслям сверка дашбордов.run(Прогноз по отраслям сверка дашбордов:373)
	at com.kms.katalon.core.main.ScriptEngine.run(ScriptEngine.java:194)
	at com.kms.katalon.core.main.ScriptEngine.runScriptAsRawText(ScriptEngine.java:119)
	at com.kms.katalon.core.main.TestCaseExecutor.runScript(TestCaseExecutor.java:448)
	at com.kms.katalon.core.main.TestCaseExecutor.doExecute(TestCaseExecutor.java:439)
	at com.kms.katalon.core.main.TestCaseExecutor.processExecutionPhase(TestCaseExecutor.java:418)
	at com.kms.katalon.core.main.TestCaseExecutor.accessMainPhase(TestCaseExecutor.java:410)
	at com.kms.katalon.core.main.TestCaseExecutor.execute(TestCaseExecutor.java:285)
	at com.kms.katalon.core.common.CommonExecutor.accessTestCaseMainPhase(CommonExecutor.java:65)
	at com.kms.katalon.core.main.TestSuiteExecutor.accessTestSuiteMainPhase(TestSuiteExecutor.java:150)
	at com.kms.katalon.core.main.TestSuiteExecutor.execute(TestSuiteExecutor.java:106)
	at com.kms.katalon.core.main.TestCaseMain.startTestSuite(TestCaseMain.java:180)
	at TempTestSuite1732232929817.run(TempTestSuite1732232929817.groovy:35)
	at java.base/jdk.internal.reflect.NativeMethodAccessorImpl.invoke0(Native Method)
	at java.base/jdk.internal.reflect.NativeMethodAccessorImpl.invoke(NativeMethodAccessorImpl.java:77)
	at java.base/jdk.internal.reflect.DelegatingMethodAccessorImpl.invoke(DelegatingMethodAccessorImpl.java:43)
Caused by: com.kms.katalon.core.webui.exception.WebElementNotFoundException: Web element with id: 'Object Repository/Прогноз по отраслям/План Стресс' located by '//div[5]/div[2]/div/div/div[2]/div/ul/li[2]/div/div' not found
	at com.kms.katalon.core.webui.common.WebUiCommonHelper.findWebElement(WebUiCommonHelper.java:1426)
	at com.kms.katalon.core.webui.keyword.internal.WebUIAbstractKeyword.findWebElement(WebUIAbstractKeyword.groovy:27)
	at com.kms.katalon.core.webui.keyword.builtin.ClickKeyword$_click_closure1.doCall(ClickKeyword.groovy:65)
	at com.kms.katalon.core.webui.keyword.builtin.ClickKeyword$_click_closure1.call(ClickKeyword.groovy)
	at com.kms.katalon.core.webui.keyword.internal.WebUIKeywordMain.runKeyword(WebUIKeywordMain.groovy:20)
	at com.kms.katalon.core.webui.keyword.builtin.ClickKeyword.click(ClickKeyword.groovy:74)
	at com.kms.katalon.core.webui.keyword.builtin.ClickKeyword.execute(ClickKeyword.groovy:40)
	at com.kms.katalon.core.keyword.internal.KeywordExecutor.executeKeywordForPlatform(KeywordExecutor.groovy:74)
	at com.kms.katalon.core.webui.keyword.WebUiBuiltInKeywords.click(WebUiBuiltInKeywords.groovy:659)
	at Script1693826440839.run(Script1693826440839.groovy:373)
	... 15 more
)

22-11-2024T06:08:08 - [MESSAGE][INFO] - Unable to find the element located by 'By.xpath: //div[5]/div[2]/div/div/div[2]/div/ul/li[2]/div/div'. Please recheck the objects properties to make sure the desired element is located. 

22-11-2024T06:08:08 - [MESSAGE][FAILED] - Unable to click on object 'Object Repository/Прогноз по отраслям/План Стресс' (Root cause: com.kms.katalon.core.exception.StepFailedException: Unable to click on object 'Object Repository/Прогноз по отраслям/План Стресс'
	at com.kms.katalon.core.webui.keyword.internal.WebUIKeywordMain.stepFailed(WebUIKeywordMain.groovy:64)
	at com.kms.katalon.core.webui.keyword.internal.WebUIKeywordMain.runKeyword(WebUIKeywordMain.groovy:26)
	at com.kms.katalon.core.webui.keyword.builtin.ClickKeyword.click(ClickKeyword.groovy:74)
	at com.kms.katalon.core.webui.keyword.builtin.ClickKeyword.execute(ClickKeyword.groovy:40)
	at com.kms.katalon.core.keyword.internal.KeywordExecutor.executeKeywordForPlatform(KeywordExecutor.groovy:74)
	at com.kms.katalon.core.webui.keyword.WebUiBuiltInKeywords.click(WebUiBuiltInKeywords.groovy:659)
	at Прогноз по отраслям сверка дашбордов.run(Прогноз по отраслям сверка дашбордов:373)
	at com.kms.katalon.core.main.ScriptEngine.run(ScriptEngine.java:194)
	at com.kms.katalon.core.main.ScriptEngine.runScriptAsRawText(ScriptEngine.java:119)
	at com.kms.katalon.core.main.TestCaseExecutor.runScript(TestCaseExecutor.java:448)
	at com.kms.katalon.core.main.TestCaseExecutor.doExecute(TestCaseExecutor.java:439)
	at com.kms.katalon.core.main.TestCaseExecutor.processExecutionPhase(TestCaseExecutor.java:418)
	at com.kms.katalon.core.main.TestCaseExecutor.accessMainPhase(TestCaseExecutor.java:410)
	at com.kms.katalon.core.main.TestCaseExecutor.execute(TestCaseExecutor.java:285)
	at com.kms.katalon.core.common.CommonExecutor.accessTestCaseMainPhase(CommonExecutor.java:65)
	at com.kms.katalon.core.main.TestSuiteExecutor.accessTestSuiteMainPhase(TestSuiteExecutor.java:150)
	at com.kms.katalon.core.main.TestSuiteExecutor.execute(TestSuiteExecutor.java:106)
	at com.kms.katalon.core.main.TestCaseMain.startTestSuite(TestCaseMain.java:180)
	at TempTestSuite1732232929817.run(TempTestSuite1732232929817.groovy:35)
	at java.base/jdk.internal.reflect.NativeMethodAccessorImpl.invoke0(Native Method)
	at java.base/jdk.internal.reflect.NativeMethodAccessorImpl.invoke(NativeMethodAccessorImpl.java:77)
	at java.base/jdk.internal.reflect.DelegatingMethodAccessorImpl.invoke(DelegatingMethodAccessorImpl.java:43)
Caused by: com.kms.katalon.core.webui.exception.WebElementNotFoundException: Web element with id: 'Object Repository/Прогноз по отраслям/План Стресс' located by '//div[5]/div[2]/div/div/div[2]/div/ul/li[2]/div/div' not found
	at com.kms.katalon.core.webui.common.WebUiCommonHelper.findWebElement(WebUiCommonHelper.java:1426)
	at com.kms.katalon.core.webui.keyword.internal.WebUIAbstractKeyword.findWebElement(WebUIAbstractKeyword.groovy:27)
	at com.kms.katalon.core.webui.keyword.builtin.ClickKeyword$_click_closure1.doCall(ClickKeyword.groovy:65)
	at com.kms.katalon.core.webui.keyword.builtin.ClickKeyword$_click_closure1.call(ClickKeyword.groovy)
	at com.kms.katalon.core.webui.keyword.internal.WebUIKeywordMain.runKeyword(WebUIKeywordMain.groovy:20)
	at com.kms.katalon.core.webui.keyword.builtin.ClickKeyword.click(ClickKeyword.groovy:74)
	at com.kms.katalon.core.webui.keyword.builtin.ClickKeyword.execute(ClickKeyword.groovy:40)
	at com.kms.katalon.core.keyword.internal.KeywordExecutor.executeKeywordForPlatform(KeywordExecutor.groovy:74)
	at com.kms.katalon.core.webui.keyword.WebUiBuiltInKeywords.click(WebUiBuiltInKeywords.groovy:659)
	at Script1693826440839.run(Script1693826440839.groovy:373)
	... 15 more
)
[[ATTACHMENT|C:\\Users\\LIAZGINA-DI\\git\\SPORU\\Reports\\20241122_024849\\\u041F\u043D-\u0421\u0440-\u041F\u0442\\\u0421\u0432\u0435\u0440\u043A\u0430 \u0434\u0430\u0448\u0431\u043E\u0440\u0434\u043E\u0432 \u0438\u0437 \u0440\u0430\u0437\u043D\u044B\u0445 \u0431\u043B\u043E\u043A\u043E\u0432\\20241122_024849\\1732244888350.png]]

22-11-2024T06:08:08 - [TEST_STEP][PASSED] - delay(40): Delayed 40 second(s)

22-11-2024T06:08:48 - [MESSAGE][PASSED] - Delayed 40 second(s)

22-11-2024T06:08:48 - [TEST_STEP][PASSED] - b11 = getText(findTestObject("Прогноз по отраслям/Виджеты дашборда")): Text of object 'Object Repository/Прогноз по отраслям/Виджеты дашборда' is: 'Год 
2023 год
Сравнение с 
План
Динамика электропотребления, млрд. кВт.ч., по ПАО Россети на 2023 год
10 10
190 190
36 36
14 14
9 9
14 14
4 4
17 17
80 80
19 19
82 82
588 588
10 10
197 197
37 37
48 48
10 10
15 15
4 4
18 18
80 80
19 19
82 82
608 608
План
Ожидаемое (прогноз до конца года)
Интер РАО(для ФСК)
Промышленныепотребители
Транспорт
Нефтедобыча
Нефтеперераб…
Нефтепроводы
Газопроводы
Сельское хозя…
Непромышлен…
Государственн…
Население иприравненныегруппыпотребителей
Территориальн…
Выручка, млрд. руб, по ПАО Россети на 2023 год
5 5
319 319
81 81
16 16
16 16
20 20
2 2
56 56
215 215
67 67
218 218
239 239
6 6
331 331
82 82
77 77
20 20
20 20
3 3
57 57
220 220
68 68
214 214
258 258
План
Ожидаемое (прогноз до конца года)
Интер РАО(для ФСК)
Промышленныепотребители
Транспорт
Нефтедобыча
Нефтеперераб…
Нефтепроводы
Газопроводы
Сельское хозя…
Непромышлен…
Государственн…
Население иприравненныегруппыпотребителей
Территориальн…
Отклонения по ПАО Россети на 2023 год
-4.7% -4.7%
3.8% 3.8%
1.9% 1.9%
230.3% 230.3%
10.9% 10.9%
4.2% 4.2%
21.7% 21.7%
3.9% 3.9%
-0.6% -0.6%
1.6% 1.6%
-1.0% -1.0%
3.3% 3.3%
⬤ Отклонение, %
Интер РАО (для ФСК)
Промышленные потребители
Транспорт
Нефтедобыча
Нефтепереработка
Нефтепроводы
Газопроводы
Сельское хозяйство и пищевая про…
Непромышленные потребители
Государственные (муниципальные)…
Население и приравненные группы…
Территориальные сетевые организ…
Выручка отклонения по ПАО Россети на 2023 год
15.6% 15.6%
3.8% 3.8%
1.2% 1.2%
398.2% 398.2%
26.9% 26.9%
-0.6% -0.6%
26.9% 26.9%
1.5% 1.5%
2.7% 2.7%
2.0% 2.0%
-2.0% -2.0%
7.9% 7.9%
⬤ Отклонение, %
Интер РАО (для ФСК)
Промышленные потребители
Транспорт
Нефтедобыча
Нефтепереработка
Нефтепроводы
Газопроводы
Сельское хозяйство и пищевая про…
Непромышленные потребители
Государственные (муниципальные)…
Население и приравненные группы…
Территориальные сетевые организ…
абс.
%
Прогноз на месяц 
Ноябрь
КПО/Отпуск из сети 
Отпуск из сети, млн. кВт.ч
Организация 
Все
Прогноз электропотребления и выручки за услуги по передаче в разрезе отраслей'

22-11-2024T06:09:18 - [MESSAGE][PASSED] - Text of object 'Object Repository/Прогноз по отраслям/Виджеты дашборда' is: 'Год 
2023 год
Сравнение с 
План
Динамика электропотребления, млрд. кВт.ч., по ПАО Россети на 2023 год
10 10
190 190
36 36
14 14
9 9
14 14
4 4
17 17
80 80
19 19
82 82
588 588
10 10
197 197
37 37
48 48
10 10
15 15
4 4
18 18
80 80
19 19
82 82
608 608
План
Ожидаемое (прогноз до конца года)
Интер РАО(для ФСК)
Промышленныепотребители
Транспорт
Нефтедобыча
Нефтеперераб…
Нефтепроводы
Газопроводы
Сельское хозя…
Непромышлен…
Государственн…
Население иприравненныегруппыпотребителей
Территориальн…
Выручка, млрд. руб, по ПАО Россети на 2023 год
5 5
319 319
81 81
16 16
16 16
20 20
2 2
56 56
215 215
67 67
218 218
239 239
6 6
331 331
82 82
77 77
20 20
20 20
3 3
57 57
220 220
68 68
214 214
258 258
План
Ожидаемое (прогноз до конца года)
Интер РАО(для ФСК)
Промышленныепотребители
Транспорт
Нефтедобыча
Нефтеперераб…
Нефтепроводы
Газопроводы
Сельское хозя…
Непромышлен…
Государственн…
Население иприравненныегруппыпотребителей
Территориальн…
Отклонения по ПАО Россети на 2023 год
-4.7% -4.7%
3.8% 3.8%
1.9% 1.9%
230.3% 230.3%
10.9% 10.9%
4.2% 4.2%
21.7% 21.7%
3.9% 3.9%
-0.6% -0.6%
1.6% 1.6%
-1.0% -1.0%
3.3% 3.3%
⬤ Отклонение, %
Интер РАО (для ФСК)
Промышленные потребители
Транспорт
Нефтедобыча
Нефтепереработка
Нефтепроводы
Газопроводы
Сельское хозяйство и пищевая про…
Непромышленные потребители
Государственные (муниципальные)…
Население и приравненные группы…
Территориальные сетевые организ…
Выручка отклонения по ПАО Россети на 2023 год
15.6% 15.6%
3.8% 3.8%
1.2% 1.2%
398.2% 398.2%
26.9% 26.9%
-0.6% -0.6%
26.9% 26.9%
1.5% 1.5%
2.7% 2.7%
2.0% 2.0%
-2.0% -2.0%
7.9% 7.9%
⬤ Отклонение, %
Интер РАО (для ФСК)
Промышленные потребители
Транспорт
Нефтедобыча
Нефтепереработка
Нефтепроводы
Газопроводы
Сельское хозяйство и пищевая про…
Непромышленные потребители
Государственные (муниципальные)…
Население и приравненные группы…
Территориальные сетевые организ…
абс.
%
Прогноз на месяц 
Ноябрь
КПО/Отпуск из сети 
Отпуск из сети, млн. кВт.ч
Организация 
Все
Прогноз электропотребления и выручки за услуги по передаче в разрезе отраслей'

22-11-2024T06:09:18 - [TEST_STEP][PASSED] - println("b11:" + b11): null

22-11-2024T06:09:18 - [TEST_STEP][PASSED] - b11 = b11.replaceAll("[^0-9]", ""): null

22-11-2024T06:09:18 - [TEST_STEP][PASSED] - println("b11:" + b11): null

22-11-2024T06:09:18 - [TEST_STEP][FAILED] - click(findTestObject("Прогноз по отраслям/Фильтр Сравнение с Стресс")): Unable to click on object 'Object Repository/Прогноз по отраслям/Фильтр Сравнение с Стресс' (Root cause: com.kms.katalon.core.exception.StepFailedException: Unable to click on object 'Object Repository/Прогноз по отраслям/Фильтр Сравнение с Стресс'
	at com.kms.katalon.core.webui.keyword.internal.WebUIKeywordMain.stepFailed(WebUIKeywordMain.groovy:64)
	at com.kms.katalon.core.webui.keyword.internal.WebUIKeywordMain.runKeyword(WebUIKeywordMain.groovy:26)
	at com.kms.katalon.core.webui.keyword.builtin.ClickKeyword.click(ClickKeyword.groovy:74)
	at com.kms.katalon.core.webui.keyword.builtin.ClickKeyword.execute(ClickKeyword.groovy:40)
	at com.kms.katalon.core.keyword.internal.KeywordExecutor.executeKeywordForPlatform(KeywordExecutor.groovy:74)
	at com.kms.katalon.core.webui.keyword.WebUiBuiltInKeywords.click(WebUiBuiltInKeywords.groovy:659)
	at Прогноз по отраслям сверка дашбордов.run(Прогноз по отраслям сверка дашбордов:385)
	at com.kms.katalon.core.main.ScriptEngine.run(ScriptEngine.java:194)
	at com.kms.katalon.core.main.ScriptEngine.runScriptAsRawText(ScriptEngine.java:119)
	at com.kms.katalon.core.main.TestCaseExecutor.runScript(TestCaseExecutor.java:448)
	at com.kms.katalon.core.main.TestCaseExecutor.doExecute(TestCaseExecutor.java:439)
	at com.kms.katalon.core.main.TestCaseExecutor.processExecutionPhase(TestCaseExecutor.java:418)
	at com.kms.katalon.core.main.TestCaseExecutor.accessMainPhase(TestCaseExecutor.java:410)
	at com.kms.katalon.core.main.TestCaseExecutor.execute(TestCaseExecutor.java:285)
	at com.kms.katalon.core.common.CommonExecutor.accessTestCaseMainPhase(CommonExecutor.java:65)
	at com.kms.katalon.core.main.TestSuiteExecutor.accessTestSuiteMainPhase(TestSuiteExecutor.java:150)
	at com.kms.katalon.core.main.TestSuiteExecutor.execute(TestSuiteExecutor.java:106)
	at com.kms.katalon.core.main.TestCaseMain.startTestSuite(TestCaseMain.java:180)
	at TempTestSuite1732232929817.run(TempTestSuite1732232929817.groovy:35)
	at java.base/jdk.internal.reflect.NativeMethodAccessorImpl.invoke0(Native Method)
	at java.base/jdk.internal.reflect.NativeMethodAccessorImpl.invoke(NativeMethodAccessorImpl.java:77)
	at java.base/jdk.internal.reflect.DelegatingMethodAccessorImpl.invoke(DelegatingMethodAccessorImpl.java:43)
Caused by: com.kms.katalon.core.webui.exception.WebElementNotFoundException: Web element with id: 'Object Repository/Прогноз по отраслям/Фильтр Сравнение с Стресс' located by '//div[5]/div[2]/div/div/div/div' not found
	at com.kms.katalon.core.webui.common.WebUiCommonHelper.findWebElement(WebUiCommonHelper.java:1426)
	at com.kms.katalon.core.webui.keyword.internal.WebUIAbstractKeyword.findWebElement(WebUIAbstractKeyword.groovy:27)
	at com.kms.katalon.core.webui.keyword.builtin.ClickKeyword$_click_closure1.doCall(ClickKeyword.groovy:65)
	at com.kms.katalon.core.webui.keyword.builtin.ClickKeyword$_click_closure1.call(ClickKeyword.groovy)
	at com.kms.katalon.core.webui.keyword.internal.WebUIKeywordMain.runKeyword(WebUIKeywordMain.groovy:20)
	at com.kms.katalon.core.webui.keyword.builtin.ClickKeyword.click(ClickKeyword.groovy:74)
	at com.kms.katalon.core.webui.keyword.builtin.ClickKeyword.execute(ClickKeyword.groovy:40)
	at com.kms.katalon.core.keyword.internal.KeywordExecutor.executeKeywordForPlatform(KeywordExecutor.groovy:74)
	at com.kms.katalon.core.webui.keyword.WebUiBuiltInKeywords.click(WebUiBuiltInKeywords.groovy:659)
	at Script1693826440839.run(Script1693826440839.groovy:385)
	... 15 more
)

22-11-2024T06:10:19 - [MESSAGE][INFO] - Unable to find the element located by 'By.xpath: //div[5]/div[2]/div/div/div/div'. Please recheck the objects properties to make sure the desired element is located. 

22-11-2024T06:10:19 - [MESSAGE][FAILED] - Unable to click on object 'Object Repository/Прогноз по отраслям/Фильтр Сравнение с Стресс' (Root cause: com.kms.katalon.core.exception.StepFailedException: Unable to click on object 'Object Repository/Прогноз по отраслям/Фильтр Сравнение с Стресс'
	at com.kms.katalon.core.webui.keyword.internal.WebUIKeywordMain.stepFailed(WebUIKeywordMain.groovy:64)
	at com.kms.katalon.core.webui.keyword.internal.WebUIKeywordMain.runKeyword(WebUIKeywordMain.groovy:26)
	at com.kms.katalon.core.webui.keyword.builtin.ClickKeyword.click(ClickKeyword.groovy:74)
	at com.kms.katalon.core.webui.keyword.builtin.ClickKeyword.execute(ClickKeyword.groovy:40)
	at com.kms.katalon.core.keyword.internal.KeywordExecutor.executeKeywordForPlatform(KeywordExecutor.groovy:74)
	at com.kms.katalon.core.webui.keyword.WebUiBuiltInKeywords.click(WebUiBuiltInKeywords.groovy:659)
	at Прогноз по отраслям сверка дашбордов.run(Прогноз по отраслям сверка дашбордов:385)
	at com.kms.katalon.core.main.ScriptEngine.run(ScriptEngine.java:194)
	at com.kms.katalon.core.main.ScriptEngine.runScriptAsRawText(ScriptEngine.java:119)
	at com.kms.katalon.core.main.TestCaseExecutor.runScript(TestCaseExecutor.java:448)
	at com.kms.katalon.core.main.TestCaseExecutor.doExecute(TestCaseExecutor.java:439)
	at com.kms.katalon.core.main.TestCaseExecutor.processExecutionPhase(TestCaseExecutor.java:418)
	at com.kms.katalon.core.main.TestCaseExecutor.accessMainPhase(TestCaseExecutor.java:410)
	at com.kms.katalon.core.main.TestCaseExecutor.execute(TestCaseExecutor.java:285)
	at com.kms.katalon.core.common.CommonExecutor.accessTestCaseMainPhase(CommonExecutor.java:65)
	at com.kms.katalon.core.main.TestSuiteExecutor.accessTestSuiteMainPhase(TestSuiteExecutor.java:150)
	at com.kms.katalon.core.main.TestSuiteExecutor.execute(TestSuiteExecutor.java:106)
	at com.kms.katalon.core.main.TestCaseMain.startTestSuite(TestCaseMain.java:180)
	at TempTestSuite1732232929817.run(TempTestSuite1732232929817.groovy:35)
	at java.base/jdk.internal.reflect.NativeMethodAccessorImpl.invoke0(Native Method)
	at java.base/jdk.internal.reflect.NativeMethodAccessorImpl.invoke(NativeMethodAccessorImpl.java:77)
	at java.base/jdk.internal.reflect.DelegatingMethodAccessorImpl.invoke(DelegatingMethodAccessorImpl.java:43)
Caused by: com.kms.katalon.core.webui.exception.WebElementNotFoundException: Web element with id: 'Object Repository/Прогноз по отраслям/Фильтр Сравнение с Стресс' located by '//div[5]/div[2]/div/div/div/div' not found
	at com.kms.katalon.core.webui.common.WebUiCommonHelper.findWebElement(WebUiCommonHelper.java:1426)
	at com.kms.katalon.core.webui.keyword.internal.WebUIAbstractKeyword.findWebElement(WebUIAbstractKeyword.groovy:27)
	at com.kms.katalon.core.webui.keyword.builtin.ClickKeyword$_click_closure1.doCall(ClickKeyword.groovy:65)
	at com.kms.katalon.core.webui.keyword.builtin.ClickKeyword$_click_closure1.call(ClickKeyword.groovy)
	at com.kms.katalon.core.webui.keyword.internal.WebUIKeywordMain.runKeyword(WebUIKeywordMain.groovy:20)
	at com.kms.katalon.core.webui.keyword.builtin.ClickKeyword.click(ClickKeyword.groovy:74)
	at com.kms.katalon.core.webui.keyword.builtin.ClickKeyword.execute(ClickKeyword.groovy:40)
	at com.kms.katalon.core.keyword.internal.KeywordExecutor.executeKeywordForPlatform(KeywordExecutor.groovy:74)
	at com.kms.katalon.core.webui.keyword.WebUiBuiltInKeywords.click(WebUiBuiltInKeywords.groovy:659)
	at Script1693826440839.run(Script1693826440839.groovy:385)
	... 15 more
)
[[ATTACHMENT|C:\\Users\\LIAZGINA-DI\\git\\SPORU\\Reports\\20241122_024849\\\u041F\u043D-\u0421\u0440-\u041F\u0442\\\u0421\u0432\u0435\u0440\u043A\u0430 \u0434\u0430\u0448\u0431\u043E\u0440\u0434\u043E\u0432 \u0438\u0437 \u0440\u0430\u0437\u043D\u044B\u0445 \u0431\u043B\u043E\u043A\u043E\u0432\\20241122_024849\\1732245019023.png]]

22-11-2024T06:10:19 - [TEST_STEP][FAILED] - click(findTestObject("Прогноз по отраслям/План СУ Стресс")): Unable to click on object 'Object Repository/Прогноз по отраслям/План СУ Стресс' (Root cause: com.kms.katalon.core.exception.StepFailedException: Unable to click on object 'Object Repository/Прогноз по отраслям/План СУ Стресс'
	at com.kms.katalon.core.webui.keyword.internal.WebUIKeywordMain.stepFailed(WebUIKeywordMain.groovy:64)
	at com.kms.katalon.core.webui.keyword.internal.WebUIKeywordMain.runKeyword(WebUIKeywordMain.groovy:26)
	at com.kms.katalon.core.webui.keyword.builtin.ClickKeyword.click(ClickKeyword.groovy:74)
	at com.kms.katalon.core.webui.keyword.builtin.ClickKeyword.execute(ClickKeyword.groovy:40)
	at com.kms.katalon.core.keyword.internal.KeywordExecutor.executeKeywordForPlatform(KeywordExecutor.groovy:74)
	at com.kms.katalon.core.webui.keyword.WebUiBuiltInKeywords.click(WebUiBuiltInKeywords.groovy:659)
	at Прогноз по отраслям сверка дашбордов.run(Прогноз по отраслям сверка дашбордов:387)
	at com.kms.katalon.core.main.ScriptEngine.run(ScriptEngine.java:194)
	at com.kms.katalon.core.main.ScriptEngine.runScriptAsRawText(ScriptEngine.java:119)
	at com.kms.katalon.core.main.TestCaseExecutor.runScript(TestCaseExecutor.java:448)
	at com.kms.katalon.core.main.TestCaseExecutor.doExecute(TestCaseExecutor.java:439)
	at com.kms.katalon.core.main.TestCaseExecutor.processExecutionPhase(TestCaseExecutor.java:418)
	at com.kms.katalon.core.main.TestCaseExecutor.accessMainPhase(TestCaseExecutor.java:410)
	at com.kms.katalon.core.main.TestCaseExecutor.execute(TestCaseExecutor.java:285)
	at com.kms.katalon.core.common.CommonExecutor.accessTestCaseMainPhase(CommonExecutor.java:65)
	at com.kms.katalon.core.main.TestSuiteExecutor.accessTestSuiteMainPhase(TestSuiteExecutor.java:150)
	at com.kms.katalon.core.main.TestSuiteExecutor.execute(TestSuiteExecutor.java:106)
	at com.kms.katalon.core.main.TestCaseMain.startTestSuite(TestCaseMain.java:180)
	at TempTestSuite1732232929817.run(TempTestSuite1732232929817.groovy:35)
	at java.base/jdk.internal.reflect.NativeMethodAccessorImpl.invoke0(Native Method)
	at java.base/jdk.internal.reflect.NativeMethodAccessorImpl.invoke(NativeMethodAccessorImpl.java:77)
	at java.base/jdk.internal.reflect.DelegatingMethodAccessorImpl.invoke(DelegatingMethodAccessorImpl.java:43)
Caused by: com.kms.katalon.core.webui.exception.WebElementNotFoundException: Web element with id: 'Object Repository/Прогноз по отраслям/План СУ Стресс' located by '//div[5]/div[2]/div/div/div[2]/div/ul/li[3]/div/div' not found
	at com.kms.katalon.core.webui.common.WebUiCommonHelper.findWebElement(WebUiCommonHelper.java:1426)
	at com.kms.katalon.core.webui.keyword.internal.WebUIAbstractKeyword.findWebElement(WebUIAbstractKeyword.groovy:27)
	at com.kms.katalon.core.webui.keyword.builtin.ClickKeyword$_click_closure1.doCall(ClickKeyword.groovy:65)
	at com.kms.katalon.core.webui.keyword.builtin.ClickKeyword$_click_closure1.call(ClickKeyword.groovy)
	at com.kms.katalon.core.webui.keyword.internal.WebUIKeywordMain.runKeyword(WebUIKeywordMain.groovy:20)
	at com.kms.katalon.core.webui.keyword.builtin.ClickKeyword.click(ClickKeyword.groovy:74)
	at com.kms.katalon.core.webui.keyword.builtin.ClickKeyword.execute(ClickKeyword.groovy:40)
	at com.kms.katalon.core.keyword.internal.KeywordExecutor.executeKeywordForPlatform(KeywordExecutor.groovy:74)
	at com.kms.katalon.core.webui.keyword.WebUiBuiltInKeywords.click(WebUiBuiltInKeywords.groovy:659)
	at Script1693826440839.run(Script1693826440839.groovy:387)
	... 15 more
)

22-11-2024T06:11:19 - [MESSAGE][INFO] - Unable to find the element located by 'By.xpath: //div[5]/div[2]/div/div/div[2]/div/ul/li[3]/div/div'. Please recheck the objects properties to make sure the desired element is located. 

22-11-2024T06:11:19 - [MESSAGE][FAILED] - Unable to click on object 'Object Repository/Прогноз по отраслям/План СУ Стресс' (Root cause: com.kms.katalon.core.exception.StepFailedException: Unable to click on object 'Object Repository/Прогноз по отраслям/План СУ Стресс'
	at com.kms.katalon.core.webui.keyword.internal.WebUIKeywordMain.stepFailed(WebUIKeywordMain.groovy:64)
	at com.kms.katalon.core.webui.keyword.internal.WebUIKeywordMain.runKeyword(WebUIKeywordMain.groovy:26)
	at com.kms.katalon.core.webui.keyword.builtin.ClickKeyword.click(ClickKeyword.groovy:74)
	at com.kms.katalon.core.webui.keyword.builtin.ClickKeyword.execute(ClickKeyword.groovy:40)
	at com.kms.katalon.core.keyword.internal.KeywordExecutor.executeKeywordForPlatform(KeywordExecutor.groovy:74)
	at com.kms.katalon.core.webui.keyword.WebUiBuiltInKeywords.click(WebUiBuiltInKeywords.groovy:659)
	at Прогноз по отраслям сверка дашбордов.run(Прогноз по отраслям сверка дашбордов:387)
	at com.kms.katalon.core.main.ScriptEngine.run(ScriptEngine.java:194)
	at com.kms.katalon.core.main.ScriptEngine.runScriptAsRawText(ScriptEngine.java:119)
	at com.kms.katalon.core.main.TestCaseExecutor.runScript(TestCaseExecutor.java:448)
	at com.kms.katalon.core.main.TestCaseExecutor.doExecute(TestCaseExecutor.java:439)
	at com.kms.katalon.core.main.TestCaseExecutor.processExecutionPhase(TestCaseExecutor.java:418)
	at com.kms.katalon.core.main.TestCaseExecutor.accessMainPhase(TestCaseExecutor.java:410)
	at com.kms.katalon.core.main.TestCaseExecutor.execute(TestCaseExecutor.java:285)
	at com.kms.katalon.core.common.CommonExecutor.accessTestCaseMainPhase(CommonExecutor.java:65)
	at com.kms.katalon.core.main.TestSuiteExecutor.accessTestSuiteMainPhase(TestSuiteExecutor.java:150)
	at com.kms.katalon.core.main.TestSuiteExecutor.execute(TestSuiteExecutor.java:106)
	at com.kms.katalon.core.main.TestCaseMain.startTestSuite(TestCaseMain.java:180)
	at TempTestSuite1732232929817.run(TempTestSuite1732232929817.groovy:35)
	at java.base/jdk.internal.reflect.NativeMethodAccessorImpl.invoke0(Native Method)
	at java.base/jdk.internal.reflect.NativeMethodAccessorImpl.invoke(NativeMethodAccessorImpl.java:77)
	at java.base/jdk.internal.reflect.DelegatingMethodAccessorImpl.invoke(DelegatingMethodAccessorImpl.java:43)
Caused by: com.kms.katalon.core.webui.exception.WebElementNotFoundException: Web element with id: 'Object Repository/Прогноз по отраслям/План СУ Стресс' located by '//div[5]/div[2]/div/div/div[2]/div/ul/li[3]/div/div' not found
	at com.kms.katalon.core.webui.common.WebUiCommonHelper.findWebElement(WebUiCommonHelper.java:1426)
	at com.kms.katalon.core.webui.keyword.internal.WebUIAbstractKeyword.findWebElement(WebUIAbstractKeyword.groovy:27)
	at com.kms.katalon.core.webui.keyword.builtin.ClickKeyword$_click_closure1.doCall(ClickKeyword.groovy:65)
	at com.kms.katalon.core.webui.keyword.builtin.ClickKeyword$_click_closure1.call(ClickKeyword.groovy)
	at com.kms.katalon.core.webui.keyword.internal.WebUIKeywordMain.runKeyword(WebUIKeywordMain.groovy:20)
	at com.kms.katalon.core.webui.keyword.builtin.ClickKeyword.click(ClickKeyword.groovy:74)
	at com.kms.katalon.core.webui.keyword.builtin.ClickKeyword.execute(ClickKeyword.groovy:40)
	at com.kms.katalon.core.keyword.internal.KeywordExecutor.executeKeywordForPlatform(KeywordExecutor.groovy:74)
	at com.kms.katalon.core.webui.keyword.WebUiBuiltInKeywords.click(WebUiBuiltInKeywords.groovy:659)
	at Script1693826440839.run(Script1693826440839.groovy:387)
	... 15 more
)
[[ATTACHMENT|C:\\Users\\LIAZGINA-DI\\git\\SPORU\\Reports\\20241122_024849\\\u041F\u043D-\u0421\u0440-\u041F\u0442\\\u0421\u0432\u0435\u0440\u043A\u0430 \u0434\u0430\u0448\u0431\u043E\u0440\u0434\u043E\u0432 \u0438\u0437 \u0440\u0430\u0437\u043D\u044B\u0445 \u0431\u043B\u043E\u043A\u043E\u0432\\20241122_024849\\1732245079217.png]]

22-11-2024T06:11:19 - [TEST_STEP][PASSED] - delay(40): Delayed 40 second(s)

22-11-2024T06:11:59 - [MESSAGE][PASSED] - Delayed 40 second(s)

22-11-2024T06:11:59 - [TEST_STEP][PASSED] - b12 = getText(findTestObject("Прогноз по отраслям/Виджеты дашборда")): Text of object 'Object Repository/Прогноз по отраслям/Виджеты дашборда' is: 'Год 
2023 год
Сравнение с 
План
Динамика электропотребления, млрд. кВт.ч., по ПАО Россети на 2023 год
10 10
190 190
36 36
14 14
9 9
14 14
4 4
17 17
80 80
19 19
82 82
588 588
10 10
197 197
37 37
48 48
10 10
15 15
4 4
18 18
80 80
19 19
82 82
608 608
План
Ожидаемое (прогноз до конца года)
Интер РАО(для ФСК)
Промышленныепотребители
Транспорт
Нефтедобыча
Нефтеперераб…
Нефтепроводы
Газопроводы
Сельское хозя…
Непромышлен…
Государственн…
Население иприравненныегруппыпотребителей
Территориальн…
Выручка, млрд. руб, по ПАО Россети на 2023 год
5 5
319 319
81 81
16 16
16 16
20 20
2 2
56 56
215 215
67 67
218 218
239 239
6 6
331 331
82 82
77 77
20 20
20 20
3 3
57 57
220 220
68 68
214 214
258 258
План
Ожидаемое (прогноз до конца года)
Интер РАО(для ФСК)
Промышленныепотребители
Транспорт
Нефтедобыча
Нефтеперераб…
Нефтепроводы
Газопроводы
Сельское хозя…
Непромышлен…
Государственн…
Население иприравненныегруппыпотребителей
Территориальн…
Отклонения по ПАО Россети на 2023 год
-4.7% -4.7%
3.8% 3.8%
1.9% 1.9%
230.3% 230.3%
10.9% 10.9%
4.2% 4.2%
21.7% 21.7%
3.9% 3.9%
-0.6% -0.6%
1.6% 1.6%
-1.0% -1.0%
3.3% 3.3%
⬤ Отклонение, %
Интер РАО (для ФСК)
Промышленные потребители
Транспорт
Нефтедобыча
Нефтепереработка
Нефтепроводы
Газопроводы
Сельское хозяйство и пищевая про…
Непромышленные потребители
Государственные (муниципальные)…
Население и приравненные группы…
Территориальные сетевые организ…
Выручка отклонения по ПАО Россети на 2023 год
15.6% 15.6%
3.8% 3.8%
1.2% 1.2%
398.2% 398.2%
26.9% 26.9%
-0.6% -0.6%
26.9% 26.9%
1.5% 1.5%
2.7% 2.7%
2.0% 2.0%
-2.0% -2.0%
7.9% 7.9%
⬤ Отклонение, %
Интер РАО (для ФСК)
Промышленные потребители
Транспорт
Нефтедобыча
Нефтепереработка
Нефтепроводы
Газопроводы
Сельское хозяйство и пищевая про…
Непромышленные потребители
Государственные (муниципальные)…
Население и приравненные группы…
Территориальные сетевые организ…
абс.
%
Прогноз на месяц 
Ноябрь
КПО/Отпуск из сети 
Отпуск из сети, млн. кВт.ч
Организация 
Все
Прогноз электропотребления и выручки за услуги по передаче в разрезе отраслей'

22-11-2024T06:12:29 - [MESSAGE][PASSED] - Text of object 'Object Repository/Прогноз по отраслям/Виджеты дашборда' is: 'Год 
2023 год
Сравнение с 
План
Динамика электропотребления, млрд. кВт.ч., по ПАО Россети на 2023 год
10 10
190 190
36 36
14 14
9 9
14 14
4 4
17 17
80 80
19 19
82 82
588 588
10 10
197 197
37 37
48 48
10 10
15 15
4 4
18 18
80 80
19 19
82 82
608 608
План
Ожидаемое (прогноз до конца года)
Интер РАО(для ФСК)
Промышленныепотребители
Транспорт
Нефтедобыча
Нефтеперераб…
Нефтепроводы
Газопроводы
Сельское хозя…
Непромышлен…
Государственн…
Население иприравненныегруппыпотребителей
Территориальн…
Выручка, млрд. руб, по ПАО Россети на 2023 год
5 5
319 319
81 81
16 16
16 16
20 20
2 2
56 56
215 215
67 67
218 218
239 239
6 6
331 331
82 82
77 77
20 20
20 20
3 3
57 57
220 220
68 68
214 214
258 258
План
Ожидаемое (прогноз до конца года)
Интер РАО(для ФСК)
Промышленныепотребители
Транспорт
Нефтедобыча
Нефтеперераб…
Нефтепроводы
Газопроводы
Сельское хозя…
Непромышлен…
Государственн…
Население иприравненныегруппыпотребителей
Территориальн…
Отклонения по ПАО Россети на 2023 год
-4.7% -4.7%
3.8% 3.8%
1.9% 1.9%
230.3% 230.3%
10.9% 10.9%
4.2% 4.2%
21.7% 21.7%
3.9% 3.9%
-0.6% -0.6%
1.6% 1.6%
-1.0% -1.0%
3.3% 3.3%
⬤ Отклонение, %
Интер РАО (для ФСК)
Промышленные потребители
Транспорт
Нефтедобыча
Нефтепереработка
Нефтепроводы
Газопроводы
Сельское хозяйство и пищевая про…
Непромышленные потребители
Государственные (муниципальные)…
Население и приравненные группы…
Территориальные сетевые организ…
Выручка отклонения по ПАО Россети на 2023 год
15.6% 15.6%
3.8% 3.8%
1.2% 1.2%
398.2% 398.2%
26.9% 26.9%
-0.6% -0.6%
26.9% 26.9%
1.5% 1.5%
2.7% 2.7%
2.0% 2.0%
-2.0% -2.0%
7.9% 7.9%
⬤ Отклонение, %
Интер РАО (для ФСК)
Промышленные потребители
Транспорт
Нефтедобыча
Нефтепереработка
Нефтепроводы
Газопроводы
Сельское хозяйство и пищевая про…
Непромышленные потребители
Государственные (муниципальные)…
Население и приравненные группы…
Территориальные сетевые организ…
абс.
%
Прогноз на месяц 
Ноябрь
КПО/Отпуск из сети 
Отпуск из сети, млн. кВт.ч
Организация 
Все
Прогноз электропотребления и выручки за услуги по передаче в разрезе отраслей'

22-11-2024T06:12:29 - [TEST_STEP][PASSED] - b12 = b12.replaceAll("[^0-9]", ""): null

22-11-2024T06:12:29 - [TEST_STEP][PASSED] - println("b12:" + b12): null

22-11-2024T06:12:29 - [TEST_STEP][FAILED] - if (verifyEqual(a1, b1) == true): Unable to verify equal between actual object '20232023121218618636365050101019190017178585191982826046041010197197373748481010151544181880801919828260860820235528528572727272181822220050502012016161190190227227663313318282777720202020335757220220686821421425825820231851855959363639390909207207331323313238385656131309090707202377771601601321326767133133777713315133151421429999120120124124137137' and expected object '202320231010190190363614149914144417178080191982825885881010197197373748481010151544181880801919828260860820235531931981811616161620202256562152156767218218239239663313318282777720202020335757220220686821421425825820234747383819192303230310910942422172173939060616161010333320231561563838121239823982269269060626926915152727202020207979' (Root cause: com.kms.katalon.core.exception.StepFailedException: Actual object '20232023121218618636365050101019190017178585191982826046041010197197373748481010151544181880801919828260860820235528528572727272181822220050502012016161190190227227663313318282777720202020335757220220686821421425825820231851855959363639390909207207331323313238385656131309090707202377771601601321326767133133777713315133151421429999120120124124137137' and expected object '202320231010190190363614149914144417178080191982825885881010197197373748481010151544181880801919828260860820235531931981811616161620202256562152156767218218239239663313318282777720202020335757220220686821421425825820234747383819192303230310910942422172173939060616161010333320231561563838121239823982269269060626926915152727202020207979' are not equal
	at com.kms.katalon.core.keyword.builtin.VerifyEqualKeyword$_verifyEqual_closure1.doCall(VerifyEqualKeyword.groovy:58)
	at com.kms.katalon.core.keyword.builtin.VerifyEqualKeyword$_verifyEqual_closure1.call(VerifyEqualKeyword.groovy)
	at com.kms.katalon.core.keyword.internal.KeywordMain.runKeyword(KeywordMain.groovy:75)
	at com.kms.katalon.core.keyword.builtin.VerifyEqualKeyword.verifyEqual(VerifyEqualKeyword.groovy:63)
	at com.kms.katalon.core.keyword.builtin.VerifyEqualKeyword.execute(VerifyEqualKeyword.groovy:44)
	at com.kms.katalon.core.keyword.internal.KeywordExecutor.executeKeywordForPlatform(KeywordExecutor.groovy:74)
	at com.kms.katalon.core.keyword.BuiltinKeywords.verifyEqual(BuiltinKeywords.groovy:146)
	at jdk.internal.reflect.GeneratedMethodAccessor25.invoke(Unknown Source)
	at java.base/jdk.internal.reflect.DelegatingMethodAccessorImpl.invoke(DelegatingMethodAccessorImpl.java:43)
	at Прогноз по отраслям сверка дашбордов.run(Прогноз по отраслям сверка дашбордов:397)
	at com.kms.katalon.core.main.ScriptEngine.run(ScriptEngine.java:194)
	at com.kms.katalon.core.main.ScriptEngine.runScriptAsRawText(ScriptEngine.java:119)
	at com.kms.katalon.core.main.TestCaseExecutor.runScript(TestCaseExecutor.java:448)
	at com.kms.katalon.core.main.TestCaseExecutor.doExecute(TestCaseExecutor.java:439)
	at com.kms.katalon.core.main.TestCaseExecutor.processExecutionPhase(TestCaseExecutor.java:418)
	at com.kms.katalon.core.main.TestCaseExecutor.accessMainPhase(TestCaseExecutor.java:410)
	at com.kms.katalon.core.main.TestCaseExecutor.execute(TestCaseExecutor.java:285)
	at com.kms.katalon.core.common.CommonExecutor.accessTestCaseMainPhase(CommonExecutor.java:65)
	at com.kms.katalon.core.main.TestSuiteExecutor.accessTestSuiteMainPhase(TestSuiteExecutor.java:150)
	at com.kms.katalon.core.main.TestSuiteExecutor.execute(TestSuiteExecutor.java:106)
	at com.kms.katalon.core.main.TestCaseMain.startTestSuite(TestCaseMain.java:180)
	at TempTestSuite1732232929817.run(TempTestSuite1732232929817.groovy:35)
	at java.base/jdk.internal.reflect.NativeMethodAccessorImpl.invoke0(Native Method)
	at java.base/jdk.internal.reflect.NativeMethodAccessorImpl.invoke(NativeMethodAccessorImpl.java:77)
	at java.base/jdk.internal.reflect.DelegatingMethodAccessorImpl.invoke(DelegatingMethodAccessorImpl.java:43)
)

22-11-2024T06:12:29 - [MESSAGE][FAILED] - Unable to verify equal between actual object '20232023121218618636365050101019190017178585191982826046041010197197373748481010151544181880801919828260860820235528528572727272181822220050502012016161190190227227663313318282777720202020335757220220686821421425825820231851855959363639390909207207331323313238385656131309090707202377771601601321326767133133777713315133151421429999120120124124137137' and expected object '202320231010190190363614149914144417178080191982825885881010197197373748481010151544181880801919828260860820235531931981811616161620202256562152156767218218239239663313318282777720202020335757220220686821421425825820234747383819192303230310910942422172173939060616161010333320231561563838121239823982269269060626926915152727202020207979' (Root cause: com.kms.katalon.core.exception.StepFailedException: Actual object '20232023121218618636365050101019190017178585191982826046041010197197373748481010151544181880801919828260860820235528528572727272181822220050502012016161190190227227663313318282777720202020335757220220686821421425825820231851855959363639390909207207331323313238385656131309090707202377771601601321326767133133777713315133151421429999120120124124137137' and expected object '202320231010190190363614149914144417178080191982825885881010197197373748481010151544181880801919828260860820235531931981811616161620202256562152156767218218239239663313318282777720202020335757220220686821421425825820234747383819192303230310910942422172173939060616161010333320231561563838121239823982269269060626926915152727202020207979' are not equal
	at com.kms.katalon.core.keyword.builtin.VerifyEqualKeyword$_verifyEqual_closure1.doCall(VerifyEqualKeyword.groovy:58)
	at com.kms.katalon.core.keyword.builtin.VerifyEqualKeyword$_verifyEqual_closure1.call(VerifyEqualKeyword.groovy)
	at com.kms.katalon.core.keyword.internal.KeywordMain.runKeyword(KeywordMain.groovy:75)
	at com.kms.katalon.core.keyword.builtin.VerifyEqualKeyword.verifyEqual(VerifyEqualKeyword.groovy:63)
	at com.kms.katalon.core.keyword.builtin.VerifyEqualKeyword.execute(VerifyEqualKeyword.groovy:44)
	at com.kms.katalon.core.keyword.internal.KeywordExecutor.executeKeywordForPlatform(KeywordExecutor.groovy:74)
	at com.kms.katalon.core.keyword.BuiltinKeywords.verifyEqual(BuiltinKeywords.groovy:146)
	at jdk.internal.reflect.GeneratedMethodAccessor25.invoke(Unknown Source)
	at java.base/jdk.internal.reflect.DelegatingMethodAccessorImpl.invoke(DelegatingMethodAccessorImpl.java:43)
	at Прогноз по отраслям сверка дашбордов.run(Прогноз по отраслям сверка дашбордов:397)
	at com.kms.katalon.core.main.ScriptEngine.run(ScriptEngine.java:194)
	at com.kms.katalon.core.main.ScriptEngine.runScriptAsRawText(ScriptEngine.java:119)
	at com.kms.katalon.core.main.TestCaseExecutor.runScript(TestCaseExecutor.java:448)
	at com.kms.katalon.core.main.TestCaseExecutor.doExecute(TestCaseExecutor.java:439)
	at com.kms.katalon.core.main.TestCaseExecutor.processExecutionPhase(TestCaseExecutor.java:418)
	at com.kms.katalon.core.main.TestCaseExecutor.accessMainPhase(TestCaseExecutor.java:410)
	at com.kms.katalon.core.main.TestCaseExecutor.execute(TestCaseExecutor.java:285)
	at com.kms.katalon.core.common.CommonExecutor.accessTestCaseMainPhase(CommonExecutor.java:65)
	at com.kms.katalon.core.main.TestSuiteExecutor.accessTestSuiteMainPhase(TestSuiteExecutor.java:150)
	at com.kms.katalon.core.main.TestSuiteExecutor.execute(TestSuiteExecutor.java:106)
	at com.kms.katalon.core.main.TestCaseMain.startTestSuite(TestCaseMain.java:180)
	at TempTestSuite1732232929817.run(TempTestSuite1732232929817.groovy:35)
	at java.base/jdk.internal.reflect.NativeMethodAccessorImpl.invoke0(Native Method)
	at java.base/jdk.internal.reflect.NativeMethodAccessorImpl.invoke(NativeMethodAccessorImpl.java:77)
	at java.base/jdk.internal.reflect.DelegatingMethodAccessorImpl.invoke(DelegatingMethodAccessorImpl.java:43)
)

22-11-2024T06:12:29 - [TEST_STEP][PASSED] - else: null

22-11-2024T06:12:29 - [TEST_STEP][PASSED] - typeOfData = "Проценты": null

22-11-2024T06:12:29 - [TEST_STEP][PASSED] - filterSravnenie = "Факт прошлого года": null

22-11-2024T06:12:29 - [TEST_STEP][PASSED] - kpoOtpusk = "Отпуск": null

22-11-2024T06:12:29 - [TEST_STEP][PASSED] - Script1693826440839.WriteToExcel(todaysDate, typeOfData, filterSravnenie, kpoOtpusk): null

22-11-2024T06:12:29 - [TEST_STEP][PASSED] - sheetName = "Sheet1": null

22-11-2024T06:12:29 - [TEST_STEP][PASSED] - data = findTestData("PlanFact"): null

22-11-2024T06:12:29 - [TEST_STEP][PASSED] - n = data.getRowNumbers() + 1: null

22-11-2024T06:12:29 - [TEST_STEP][PASSED] - dZO = getText(findTestObject("Прогноз по отраслям/Фильтр Организация")): Text of object 'Object Repository/Прогноз по отраслям/Фильтр Организация' is: 'Все'

22-11-2024T06:12:59 - [MESSAGE][PASSED] - Text of object 'Object Repository/Прогноз по отраслям/Фильтр Организация' is: 'Все'

22-11-2024T06:12:59 - [TEST_STEP][FAILED] - period = getText(findTestObject("Прогноз по отраслям/Фильтр Месяц")): Unable to get text of object 'Object Repository/Прогноз по отраслям/Фильтр Месяц' (Root cause: com.kms.katalon.core.exception.StepFailedException: Unable to get text of object 'Object Repository/Прогноз по отраслям/Фильтр Месяц'
	at com.kms.katalon.core.webui.keyword.internal.WebUIKeywordMain.stepFailed(WebUIKeywordMain.groovy:64)
	at com.kms.katalon.core.webui.keyword.internal.WebUIKeywordMain.runKeyword(WebUIKeywordMain.groovy:26)
	at com.kms.katalon.core.webui.keyword.builtin.GetTextKeyword.getText(GetTextKeyword.groovy:88)
	at com.kms.katalon.core.webui.keyword.builtin.GetTextKeyword.execute(GetTextKeyword.groovy:67)
	at com.kms.katalon.core.keyword.internal.KeywordExecutor.executeKeywordForPlatform(KeywordExecutor.groovy:74)
	at com.kms.katalon.core.webui.keyword.WebUiBuiltInKeywords.getText(WebUiBuiltInKeywords.groovy:957)
	at Прогноз по отраслям сверка дашбордов.WriteToExcel(Прогноз по отраслям сверка дашбордов:540)
	at Прогноз по отраслям сверка дашбордов.run(Прогноз по отраслям сверка дашбордов:405)
	at com.kms.katalon.core.main.ScriptEngine.run(ScriptEngine.java:194)
	at com.kms.katalon.core.main.ScriptEngine.runScriptAsRawText(ScriptEngine.java:119)
	at com.kms.katalon.core.main.TestCaseExecutor.runScript(TestCaseExecutor.java:448)
	at com.kms.katalon.core.main.TestCaseExecutor.doExecute(TestCaseExecutor.java:439)
	at com.kms.katalon.core.main.TestCaseExecutor.processExecutionPhase(TestCaseExecutor.java:418)
	at com.kms.katalon.core.main.TestCaseExecutor.accessMainPhase(TestCaseExecutor.java:410)
	at com.kms.katalon.core.main.TestCaseExecutor.execute(TestCaseExecutor.java:285)
	at com.kms.katalon.core.common.CommonExecutor.accessTestCaseMainPhase(CommonExecutor.java:65)
	at com.kms.katalon.core.main.TestSuiteExecutor.accessTestSuiteMainPhase(TestSuiteExecutor.java:150)
	at com.kms.katalon.core.main.TestSuiteExecutor.execute(TestSuiteExecutor.java:106)
	at com.kms.katalon.core.main.TestCaseMain.startTestSuite(TestCaseMain.java:180)
	at TempTestSuite1732232929817.run(TempTestSuite1732232929817.groovy:35)
	at java.base/jdk.internal.reflect.NativeMethodAccessorImpl.invoke0(Native Method)
	at java.base/jdk.internal.reflect.NativeMethodAccessorImpl.invoke(NativeMethodAccessorImpl.java:77)
	at java.base/jdk.internal.reflect.DelegatingMethodAccessorImpl.invoke(DelegatingMethodAccessorImpl.java:43)
Caused by: com.kms.katalon.core.webui.exception.WebElementNotFoundException: Web element with id: 'Object Repository/Прогноз по отраслям/Фильтр Месяц' located by '//div[31]/div[2]/div/div/div/div' not found
	at com.kms.katalon.core.webui.common.WebUiCommonHelper.findWebElement(WebUiCommonHelper.java:1426)
	at com.kms.katalon.core.webui.keyword.internal.WebUIAbstractKeyword.findWebElement(WebUIAbstractKeyword.groovy:27)
	at com.kms.katalon.core.webui.keyword.internal.WebUIAbstractKeyword.findWebElement(WebUIAbstractKeyword.groovy:26)
	at com.kms.katalon.core.webui.keyword.builtin.GetTextKeyword$_getText_closure1.doCall(GetTextKeyword.groovy:78)
	at com.kms.katalon.core.webui.keyword.builtin.GetTextKeyword$_getText_closure1.call(GetTextKeyword.groovy)
	at com.kms.katalon.core.webui.keyword.internal.WebUIKeywordMain.runKeyword(WebUIKeywordMain.groovy:20)
	at com.kms.katalon.core.webui.keyword.builtin.GetTextKeyword.getText(GetTextKeyword.groovy:88)
	at com.kms.katalon.core.webui.keyword.builtin.GetTextKeyword.execute(GetTextKeyword.groovy:67)
	at com.kms.katalon.core.keyword.internal.KeywordExecutor.executeKeywordForPlatform(KeywordExecutor.groovy:74)
	at com.kms.katalon.core.webui.keyword.WebUiBuiltInKeywords.getText(WebUiBuiltInKeywords.groovy:957)
	at Script1693826440839.WriteToExcel(Script1693826440839.groovy:540)
	at Script1693826440839.run(Script1693826440839.groovy:405)
	... 15 more
)

22-11-2024T06:14:00 - [MESSAGE][INFO] - Unable to find the element located by 'By.xpath: //div[31]/div[2]/div/div/div/div'. Please recheck the objects properties to make sure the desired element is located. 

22-11-2024T06:14:00 - [MESSAGE][FAILED] - Unable to get text of object 'Object Repository/Прогноз по отраслям/Фильтр Месяц' (Root cause: com.kms.katalon.core.exception.StepFailedException: Unable to get text of object 'Object Repository/Прогноз по отраслям/Фильтр Месяц'
	at com.kms.katalon.core.webui.keyword.internal.WebUIKeywordMain.stepFailed(WebUIKeywordMain.groovy:64)
	at com.kms.katalon.core.webui.keyword.internal.WebUIKeywordMain.runKeyword(WebUIKeywordMain.groovy:26)
	at com.kms.katalon.core.webui.keyword.builtin.GetTextKeyword.getText(GetTextKeyword.groovy:88)
	at com.kms.katalon.core.webui.keyword.builtin.GetTextKeyword.execute(GetTextKeyword.groovy:67)
	at com.kms.katalon.core.keyword.internal.KeywordExecutor.executeKeywordForPlatform(KeywordExecutor.groovy:74)
	at com.kms.katalon.core.webui.keyword.WebUiBuiltInKeywords.getText(WebUiBuiltInKeywords.groovy:957)
	at Прогноз по отраслям сверка дашбордов.WriteToExcel(Прогноз по отраслям сверка дашбордов:540)
	at Прогноз по отраслям сверка дашбордов.run(Прогноз по отраслям сверка дашбордов:405)
	at com.kms.katalon.core.main.ScriptEngine.run(ScriptEngine.java:194)
	at com.kms.katalon.core.main.ScriptEngine.runScriptAsRawText(ScriptEngine.java:119)
	at com.kms.katalon.core.main.TestCaseExecutor.runScript(TestCaseExecutor.java:448)
	at com.kms.katalon.core.main.TestCaseExecutor.doExecute(TestCaseExecutor.java:439)
	at com.kms.katalon.core.main.TestCaseExecutor.processExecutionPhase(TestCaseExecutor.java:418)
	at com.kms.katalon.core.main.TestCaseExecutor.accessMainPhase(TestCaseExecutor.java:410)
	at com.kms.katalon.core.main.TestCaseExecutor.execute(TestCaseExecutor.java:285)
	at com.kms.katalon.core.common.CommonExecutor.accessTestCaseMainPhase(CommonExecutor.java:65)
	at com.kms.katalon.core.main.TestSuiteExecutor.accessTestSuiteMainPhase(TestSuiteExecutor.java:150)
	at com.kms.katalon.core.main.TestSuiteExecutor.execute(TestSuiteExecutor.java:106)
	at com.kms.katalon.core.main.TestCaseMain.startTestSuite(TestCaseMain.java:180)
	at TempTestSuite1732232929817.run(TempTestSuite1732232929817.groovy:35)
	at java.base/jdk.internal.reflect.NativeMethodAccessorImpl.invoke0(Native Method)
	at java.base/jdk.internal.reflect.NativeMethodAccessorImpl.invoke(NativeMethodAccessorImpl.java:77)
	at java.base/jdk.internal.reflect.DelegatingMethodAccessorImpl.invoke(DelegatingMethodAccessorImpl.java:43)
Caused by: com.kms.katalon.core.webui.exception.WebElementNotFoundException: Web element with id: 'Object Repository/Прогноз по отраслям/Фильтр Месяц' located by '//div[31]/div[2]/div/div/div/div' not found
	at com.kms.katalon.core.webui.common.WebUiCommonHelper.findWebElement(WebUiCommonHelper.java:1426)
	at com.kms.katalon.core.webui.keyword.internal.WebUIAbstractKeyword.findWebElement(WebUIAbstractKeyword.groovy:27)
	at com.kms.katalon.core.webui.keyword.internal.WebUIAbstractKeyword.findWebElement(WebUIAbstractKeyword.groovy:26)
	at com.kms.katalon.core.webui.keyword.builtin.GetTextKeyword$_getText_closure1.doCall(GetTextKeyword.groovy:78)
	at com.kms.katalon.core.webui.keyword.builtin.GetTextKeyword$_getText_closure1.call(GetTextKeyword.groovy)
	at com.kms.katalon.core.webui.keyword.internal.WebUIKeywordMain.runKeyword(WebUIKeywordMain.groovy:20)
	at com.kms.katalon.core.webui.keyword.builtin.GetTextKeyword.getText(GetTextKeyword.groovy:88)
	at com.kms.katalon.core.webui.keyword.builtin.GetTextKeyword.execute(GetTextKeyword.groovy:67)
	at com.kms.katalon.core.keyword.internal.KeywordExecutor.executeKeywordForPlatform(KeywordExecutor.groovy:74)
	at com.kms.katalon.core.webui.keyword.WebUiBuiltInKeywords.getText(WebUiBuiltInKeywords.groovy:957)
	at Script1693826440839.WriteToExcel(Script1693826440839.groovy:540)
	at Script1693826440839.run(Script1693826440839.groovy:405)
	... 15 more
)
[[ATTACHMENT|C:\\Users\\LIAZGINA-DI\\git\\SPORU\\Reports\\20241122_024849\\\u041F\u043D-\u0421\u0440-\u041F\u0442\\\u0421\u0432\u0435\u0440\u043A\u0430 \u0434\u0430\u0448\u0431\u043E\u0440\u0434\u043E\u0432 \u0438\u0437 \u0440\u0430\u0437\u043D\u044B\u0445 \u0431\u043B\u043E\u043A\u043E\u0432\\20241122_024849\\1732245240069.png]]

22-11-2024T06:14:00 - [TEST_STEP][PASSED] - println(period): null

22-11-2024T06:14:00 - [TEST_STEP][PASSED] - dashboardName = "Прогноз по отраслям": null

22-11-2024T06:14:00 - [TEST_STEP][PASSED] - workbook01 = getWorkbook(excelFilePath): null

22-11-2024T06:14:00 - [TEST_STEP][PASSED] - sheet01 = getExcelSheet(workbook01, sheetName): null

22-11-2024T06:14:00 - [TEST_STEP][PASSED] - setValueToCellByIndex(sheet01, n, 0, dashboardName): null

22-11-2024T06:14:00 - [TEST_STEP][PASSED] - setValueToCellByIndex(sheet01, n, 1, dZO): null

22-11-2024T06:14:00 - [TEST_STEP][PASSED] - setValueToCellByIndex(sheet01, n, 2, period): null

22-11-2024T06:14:00 - [TEST_STEP][PASSED] - setValueToCellByIndex(sheet01, n, 3, typeOfData): null

22-11-2024T06:14:00 - [TEST_STEP][PASSED] - setValueToCellByIndex(sheet01, n, 4, filterSravnenie): null

22-11-2024T06:14:00 - [TEST_STEP][PASSED] - setValueToCellByIndex(sheet01, n, 5, kpoOtpusk): null

22-11-2024T06:14:00 - [TEST_STEP][PASSED] - setValueToCellByIndex(sheet01, n, 6, todaysDate): null

22-11-2024T06:14:00 - [TEST_STEP][PASSED] - n = n + 1: null

22-11-2024T06:14:00 - [TEST_STEP][PASSED] - saveWorkbook(excelFilePath, workbook01): null

22-11-2024T06:14:00 - [TEST_STEP][PASSED] - if (verifyEqual(a2, b2) == true): Actual object '202320231010190190363614149914144417178080191982825885881010197197373748481010151544181880801919828260860820235531931981811616161620202256562152156767218218239239663313318282777720202020335757220220686821421425825820234747383819192303230310910942422172173939060616161010333320231561563838121239823982269269060626926915152727202020207979' and expected object '202320231010190190363614149914144417178080191982825885881010197197373748481010151544181880801919828260860820235531931981811616161620202256562152156767218218239239663313318282777720202020335757220220686821421425825820234747383819192303230310910942422172173939060616161010333320231561563838121239823982269269060626926915152727202020207979' are equal

22-11-2024T06:14:00 - [MESSAGE][PASSED] - Actual object '202320231010190190363614149914144417178080191982825885881010197197373748481010151544181880801919828260860820235531931981811616161620202256562152156767218218239239663313318282777720202020335757220220686821421425825820234747383819192303230310910942422172173939060616161010333320231561563838121239823982269269060626926915152727202020207979' and expected object '202320231010190190363614149914144417178080191982825885881010197197373748481010151544181880801919828260860820235531931981811616161620202256562152156767218218239239663313318282777720202020335757220220686821421425825820234747383819192303230310910942422172173939060616161010333320231561563838121239823982269269060626926915152727202020207979' are equal

22-11-2024T06:14:00 - [TEST_STEP][FAILED] - if (verifyEqual(a3, b3) == true): Unable to verify equal between actual object '2023202310101861863636151599141444171788881919838359759710101971973737484810101515441818808019198282608608202366331331828277772020202033575722022068682142142582582023252559591919219121911171171919131131353587870202161618182023' and expected object '202320231010190190363614149914144417178080191982825885881010197197373748481010151544181880801919828260860820235531931981811616161620202256562152156767218218239239663313318282777720202020335757220220686821421425825820234747383819192303230310910942422172173939060616161010333320231561563838121239823982269269060626926915152727202020207979' (Root cause: com.kms.katalon.core.exception.StepFailedException: Actual object '2023202310101861863636151599141444171788881919838359759710101971973737484810101515441818808019198282608608202366331331828277772020202033575722022068682142142582582023252559591919219121911171171919131131353587870202161618182023' and expected object '202320231010190190363614149914144417178080191982825885881010197197373748481010151544181880801919828260860820235531931981811616161620202256562152156767218218239239663313318282777720202020335757220220686821421425825820234747383819192303230310910942422172173939060616161010333320231561563838121239823982269269060626926915152727202020207979' are not equal
	at com.kms.katalon.core.keyword.builtin.VerifyEqualKeyword$_verifyEqual_closure1.doCall(VerifyEqualKeyword.groovy:58)
	at com.kms.katalon.core.keyword.builtin.VerifyEqualKeyword$_verifyEqual_closure1.call(VerifyEqualKeyword.groovy)
	at com.kms.katalon.core.keyword.internal.KeywordMain.runKeyword(KeywordMain.groovy:75)
	at com.kms.katalon.core.keyword.builtin.VerifyEqualKeyword.verifyEqual(VerifyEqualKeyword.groovy:63)
	at com.kms.katalon.core.keyword.builtin.VerifyEqualKeyword.execute(VerifyEqualKeyword.groovy:44)
	at com.kms.katalon.core.keyword.internal.KeywordExecutor.executeKeywordForPlatform(KeywordExecutor.groovy:74)
	at com.kms.katalon.core.keyword.BuiltinKeywords.verifyEqual(BuiltinKeywords.groovy:146)
	at jdk.internal.reflect.GeneratedMethodAccessor25.invoke(Unknown Source)
	at java.base/jdk.internal.reflect.DelegatingMethodAccessorImpl.invoke(DelegatingMethodAccessorImpl.java:43)
	at Прогноз по отраслям сверка дашбордов.run(Прогноз по отраслям сверка дашбордов:419)
	at com.kms.katalon.core.main.ScriptEngine.run(ScriptEngine.java:194)
	at com.kms.katalon.core.main.ScriptEngine.runScriptAsRawText(ScriptEngine.java:119)
	at com.kms.katalon.core.main.TestCaseExecutor.runScript(TestCaseExecutor.java:448)
	at com.kms.katalon.core.main.TestCaseExecutor.doExecute(TestCaseExecutor.java:439)
	at com.kms.katalon.core.main.TestCaseExecutor.processExecutionPhase(TestCaseExecutor.java:418)
	at com.kms.katalon.core.main.TestCaseExecutor.accessMainPhase(TestCaseExecutor.java:410)
	at com.kms.katalon.core.main.TestCaseExecutor.execute(TestCaseExecutor.java:285)
	at com.kms.katalon.core.common.CommonExecutor.accessTestCaseMainPhase(CommonExecutor.java:65)
	at com.kms.katalon.core.main.TestSuiteExecutor.accessTestSuiteMainPhase(TestSuiteExecutor.java:150)
	at com.kms.katalon.core.main.TestSuiteExecutor.execute(TestSuiteExecutor.java:106)
	at com.kms.katalon.core.main.TestCaseMain.startTestSuite(TestCaseMain.java:180)
	at TempTestSuite1732232929817.run(TempTestSuite1732232929817.groovy:35)
	at java.base/jdk.internal.reflect.NativeMethodAccessorImpl.invoke0(Native Method)
	at java.base/jdk.internal.reflect.NativeMethodAccessorImpl.invoke(NativeMethodAccessorImpl.java:77)
	at java.base/jdk.internal.reflect.DelegatingMethodAccessorImpl.invoke(DelegatingMethodAccessorImpl.java:43)
)

22-11-2024T06:14:00 - [MESSAGE][FAILED] - Unable to verify equal between actual object '2023202310101861863636151599141444171788881919838359759710101971973737484810101515441818808019198282608608202366331331828277772020202033575722022068682142142582582023252559591919219121911171171919131131353587870202161618182023' and expected object '202320231010190190363614149914144417178080191982825885881010197197373748481010151544181880801919828260860820235531931981811616161620202256562152156767218218239239663313318282777720202020335757220220686821421425825820234747383819192303230310910942422172173939060616161010333320231561563838121239823982269269060626926915152727202020207979' (Root cause: com.kms.katalon.core.exception.StepFailedException: Actual object '2023202310101861863636151599141444171788881919838359759710101971973737484810101515441818808019198282608608202366331331828277772020202033575722022068682142142582582023252559591919219121911171171919131131353587870202161618182023' and expected object '202320231010190190363614149914144417178080191982825885881010197197373748481010151544181880801919828260860820235531931981811616161620202256562152156767218218239239663313318282777720202020335757220220686821421425825820234747383819192303230310910942422172173939060616161010333320231561563838121239823982269269060626926915152727202020207979' are not equal
	at com.kms.katalon.core.keyword.builtin.VerifyEqualKeyword$_verifyEqual_closure1.doCall(VerifyEqualKeyword.groovy:58)
	at com.kms.katalon.core.keyword.builtin.VerifyEqualKeyword$_verifyEqual_closure1.call(VerifyEqualKeyword.groovy)
	at com.kms.katalon.core.keyword.internal.KeywordMain.runKeyword(KeywordMain.groovy:75)
	at com.kms.katalon.core.keyword.builtin.VerifyEqualKeyword.verifyEqual(VerifyEqualKeyword.groovy:63)
	at com.kms.katalon.core.keyword.builtin.VerifyEqualKeyword.execute(VerifyEqualKeyword.groovy:44)
	at com.kms.katalon.core.keyword.internal.KeywordExecutor.executeKeywordForPlatform(KeywordExecutor.groovy:74)
	at com.kms.katalon.core.keyword.BuiltinKeywords.verifyEqual(BuiltinKeywords.groovy:146)
	at jdk.internal.reflect.GeneratedMethodAccessor25.invoke(Unknown Source)
	at java.base/jdk.internal.reflect.DelegatingMethodAccessorImpl.invoke(DelegatingMethodAccessorImpl.java:43)
	at Прогноз по отраслям сверка дашбордов.run(Прогноз по отраслям сверка дашбордов:419)
	at com.kms.katalon.core.main.ScriptEngine.run(ScriptEngine.java:194)
	at com.kms.katalon.core.main.ScriptEngine.runScriptAsRawText(ScriptEngine.java:119)
	at com.kms.katalon.core.main.TestCaseExecutor.runScript(TestCaseExecutor.java:448)
	at com.kms.katalon.core.main.TestCaseExecutor.doExecute(TestCaseExecutor.java:439)
	at com.kms.katalon.core.main.TestCaseExecutor.processExecutionPhase(TestCaseExecutor.java:418)
	at com.kms.katalon.core.main.TestCaseExecutor.accessMainPhase(TestCaseExecutor.java:410)
	at com.kms.katalon.core.main.TestCaseExecutor.execute(TestCaseExecutor.java:285)
	at com.kms.katalon.core.common.CommonExecutor.accessTestCaseMainPhase(CommonExecutor.java:65)
	at com.kms.katalon.core.main.TestSuiteExecutor.accessTestSuiteMainPhase(TestSuiteExecutor.java:150)
	at com.kms.katalon.core.main.TestSuiteExecutor.execute(TestSuiteExecutor.java:106)
	at com.kms.katalon.core.main.TestCaseMain.startTestSuite(TestCaseMain.java:180)
	at TempTestSuite1732232929817.run(TempTestSuite1732232929817.groovy:35)
	at java.base/jdk.internal.reflect.NativeMethodAccessorImpl.invoke0(Native Method)
	at java.base/jdk.internal.reflect.NativeMethodAccessorImpl.invoke(NativeMethodAccessorImpl.java:77)
	at java.base/jdk.internal.reflect.DelegatingMethodAccessorImpl.invoke(DelegatingMethodAccessorImpl.java:43)
)

22-11-2024T06:14:00 - [TEST_STEP][PASSED] - else: null

22-11-2024T06:14:00 - [TEST_STEP][PASSED] - typeOfData = "Проценты": null

22-11-2024T06:14:00 - [TEST_STEP][PASSED] - filterSravnenie = "План СУ": null

22-11-2024T06:14:00 - [TEST_STEP][PASSED] - kpoOtpusk = "Отпуск": null

22-11-2024T06:14:00 - [TEST_STEP][PASSED] - Script1693826440839.WriteToExcel(todaysDate, typeOfData, filterSravnenie, kpoOtpusk): null

22-11-2024T06:14:00 - [TEST_STEP][PASSED] - sheetName = "Sheet1": null

22-11-2024T06:14:00 - [TEST_STEP][PASSED] - data = findTestData("PlanFact"): null

22-11-2024T06:14:00 - [TEST_STEP][PASSED] - n = data.getRowNumbers() + 1: null

22-11-2024T06:14:00 - [TEST_STEP][PASSED] - dZO = getText(findTestObject("Прогноз по отраслям/Фильтр Организация")): Text of object 'Object Repository/Прогноз по отраслям/Фильтр Организация' is: 'Все'

22-11-2024T06:14:30 - [MESSAGE][PASSED] - Text of object 'Object Repository/Прогноз по отраслям/Фильтр Организация' is: 'Все'

22-11-2024T06:14:30 - [TEST_STEP][FAILED] - period = getText(findTestObject("Прогноз по отраслям/Фильтр Месяц")): Unable to get text of object 'Object Repository/Прогноз по отраслям/Фильтр Месяц' (Root cause: com.kms.katalon.core.exception.StepFailedException: Unable to get text of object 'Object Repository/Прогноз по отраслям/Фильтр Месяц'
	at com.kms.katalon.core.webui.keyword.internal.WebUIKeywordMain.stepFailed(WebUIKeywordMain.groovy:64)
	at com.kms.katalon.core.webui.keyword.internal.WebUIKeywordMain.runKeyword(WebUIKeywordMain.groovy:26)
	at com.kms.katalon.core.webui.keyword.builtin.GetTextKeyword.getText(GetTextKeyword.groovy:88)
	at com.kms.katalon.core.webui.keyword.builtin.GetTextKeyword.execute(GetTextKeyword.groovy:67)
	at com.kms.katalon.core.keyword.internal.KeywordExecutor.executeKeywordForPlatform(KeywordExecutor.groovy:74)
	at com.kms.katalon.core.webui.keyword.WebUiBuiltInKeywords.getText(WebUiBuiltInKeywords.groovy:957)
	at Прогноз по отраслям сверка дашбордов.WriteToExcel(Прогноз по отраслям сверка дашбордов:540)
	at Прогноз по отраслям сверка дашбордов.run(Прогноз по отраслям сверка дашбордов:427)
	at com.kms.katalon.core.main.ScriptEngine.run(ScriptEngine.java:194)
	at com.kms.katalon.core.main.ScriptEngine.runScriptAsRawText(ScriptEngine.java:119)
	at com.kms.katalon.core.main.TestCaseExecutor.runScript(TestCaseExecutor.java:448)
	at com.kms.katalon.core.main.TestCaseExecutor.doExecute(TestCaseExecutor.java:439)
	at com.kms.katalon.core.main.TestCaseExecutor.processExecutionPhase(TestCaseExecutor.java:418)
	at com.kms.katalon.core.main.TestCaseExecutor.accessMainPhase(TestCaseExecutor.java:410)
	at com.kms.katalon.core.main.TestCaseExecutor.execute(TestCaseExecutor.java:285)
	at com.kms.katalon.core.common.CommonExecutor.accessTestCaseMainPhase(CommonExecutor.java:65)
	at com.kms.katalon.core.main.TestSuiteExecutor.accessTestSuiteMainPhase(TestSuiteExecutor.java:150)
	at com.kms.katalon.core.main.TestSuiteExecutor.execute(TestSuiteExecutor.java:106)
	at com.kms.katalon.core.main.TestCaseMain.startTestSuite(TestCaseMain.java:180)
	at TempTestSuite1732232929817.run(TempTestSuite1732232929817.groovy:35)
	at java.base/jdk.internal.reflect.NativeMethodAccessorImpl.invoke0(Native Method)
	at java.base/jdk.internal.reflect.NativeMethodAccessorImpl.invoke(NativeMethodAccessorImpl.java:77)
	at java.base/jdk.internal.reflect.DelegatingMethodAccessorImpl.invoke(DelegatingMethodAccessorImpl.java:43)
Caused by: com.kms.katalon.core.webui.exception.WebElementNotFoundException: Web element with id: 'Object Repository/Прогноз по отраслям/Фильтр Месяц' located by '//div[31]/div[2]/div/div/div/div' not found
	at com.kms.katalon.core.webui.common.WebUiCommonHelper.findWebElement(WebUiCommonHelper.java:1426)
	at com.kms.katalon.core.webui.keyword.internal.WebUIAbstractKeyword.findWebElement(WebUIAbstractKeyword.groovy:27)
	at com.kms.katalon.core.webui.keyword.internal.WebUIAbstractKeyword.findWebElement(WebUIAbstractKeyword.groovy:26)
	at com.kms.katalon.core.webui.keyword.builtin.GetTextKeyword$_getText_closure1.doCall(GetTextKeyword.groovy:78)
	at com.kms.katalon.core.webui.keyword.builtin.GetTextKeyword$_getText_closure1.call(GetTextKeyword.groovy)
	at com.kms.katalon.core.webui.keyword.internal.WebUIKeywordMain.runKeyword(WebUIKeywordMain.groovy:20)
	at com.kms.katalon.core.webui.keyword.builtin.GetTextKeyword.getText(GetTextKeyword.groovy:88)
	at com.kms.katalon.core.webui.keyword.builtin.GetTextKeyword.execute(GetTextKeyword.groovy:67)
	at com.kms.katalon.core.keyword.internal.KeywordExecutor.executeKeywordForPlatform(KeywordExecutor.groovy:74)
	at com.kms.katalon.core.webui.keyword.WebUiBuiltInKeywords.getText(WebUiBuiltInKeywords.groovy:957)
	at Script1693826440839.WriteToExcel(Script1693826440839.groovy:540)
	at Script1693826440839.run(Script1693826440839.groovy:427)
	... 15 more
)

22-11-2024T06:15:30 - [MESSAGE][INFO] - Unable to find the element located by 'By.xpath: //div[31]/div[2]/div/div/div/div'. Please recheck the objects properties to make sure the desired element is located. 

22-11-2024T06:15:30 - [MESSAGE][FAILED] - Unable to get text of object 'Object Repository/Прогноз по отраслям/Фильтр Месяц' (Root cause: com.kms.katalon.core.exception.StepFailedException: Unable to get text of object 'Object Repository/Прогноз по отраслям/Фильтр Месяц'
	at com.kms.katalon.core.webui.keyword.internal.WebUIKeywordMain.stepFailed(WebUIKeywordMain.groovy:64)
	at com.kms.katalon.core.webui.keyword.internal.WebUIKeywordMain.runKeyword(WebUIKeywordMain.groovy:26)
	at com.kms.katalon.core.webui.keyword.builtin.GetTextKeyword.getText(GetTextKeyword.groovy:88)
	at com.kms.katalon.core.webui.keyword.builtin.GetTextKeyword.execute(GetTextKeyword.groovy:67)
	at com.kms.katalon.core.keyword.internal.KeywordExecutor.executeKeywordForPlatform(KeywordExecutor.groovy:74)
	at com.kms.katalon.core.webui.keyword.WebUiBuiltInKeywords.getText(WebUiBuiltInKeywords.groovy:957)
	at Прогноз по отраслям сверка дашбордов.WriteToExcel(Прогноз по отраслям сверка дашбордов:540)
	at Прогноз по отраслям сверка дашбордов.run(Прогноз по отраслям сверка дашбордов:427)
	at com.kms.katalon.core.main.ScriptEngine.run(ScriptEngine.java:194)
	at com.kms.katalon.core.main.ScriptEngine.runScriptAsRawText(ScriptEngine.java:119)
	at com.kms.katalon.core.main.TestCaseExecutor.runScript(TestCaseExecutor.java:448)
	at com.kms.katalon.core.main.TestCaseExecutor.doExecute(TestCaseExecutor.java:439)
	at com.kms.katalon.core.main.TestCaseExecutor.processExecutionPhase(TestCaseExecutor.java:418)
	at com.kms.katalon.core.main.TestCaseExecutor.accessMainPhase(TestCaseExecutor.java:410)
	at com.kms.katalon.core.main.TestCaseExecutor.execute(TestCaseExecutor.java:285)
	at com.kms.katalon.core.common.CommonExecutor.accessTestCaseMainPhase(CommonExecutor.java:65)
	at com.kms.katalon.core.main.TestSuiteExecutor.accessTestSuiteMainPhase(TestSuiteExecutor.java:150)
	at com.kms.katalon.core.main.TestSuiteExecutor.execute(TestSuiteExecutor.java:106)
	at com.kms.katalon.core.main.TestCaseMain.startTestSuite(TestCaseMain.java:180)
	at TempTestSuite1732232929817.run(TempTestSuite1732232929817.groovy:35)
	at java.base/jdk.internal.reflect.NativeMethodAccessorImpl.invoke0(Native Method)
	at java.base/jdk.internal.reflect.NativeMethodAccessorImpl.invoke(NativeMethodAccessorImpl.java:77)
	at java.base/jdk.internal.reflect.DelegatingMethodAccessorImpl.invoke(DelegatingMethodAccessorImpl.java:43)
Caused by: com.kms.katalon.core.webui.exception.WebElementNotFoundException: Web element with id: 'Object Repository/Прогноз по отраслям/Фильтр Месяц' located by '//div[31]/div[2]/div/div/div/div' not found
	at com.kms.katalon.core.webui.common.WebUiCommonHelper.findWebElement(WebUiCommonHelper.java:1426)
	at com.kms.katalon.core.webui.keyword.internal.WebUIAbstractKeyword.findWebElement(WebUIAbstractKeyword.groovy:27)
	at com.kms.katalon.core.webui.keyword.internal.WebUIAbstractKeyword.findWebElement(WebUIAbstractKeyword.groovy:26)
	at com.kms.katalon.core.webui.keyword.builtin.GetTextKeyword$_getText_closure1.doCall(GetTextKeyword.groovy:78)
	at com.kms.katalon.core.webui.keyword.builtin.GetTextKeyword$_getText_closure1.call(GetTextKeyword.groovy)
	at com.kms.katalon.core.webui.keyword.internal.WebUIKeywordMain.runKeyword(WebUIKeywordMain.groovy:20)
	at com.kms.katalon.core.webui.keyword.builtin.GetTextKeyword.getText(GetTextKeyword.groovy:88)
	at com.kms.katalon.core.webui.keyword.builtin.GetTextKeyword.execute(GetTextKeyword.groovy:67)
	at com.kms.katalon.core.keyword.internal.KeywordExecutor.executeKeywordForPlatform(KeywordExecutor.groovy:74)
	at com.kms.katalon.core.webui.keyword.WebUiBuiltInKeywords.getText(WebUiBuiltInKeywords.groovy:957)
	at Script1693826440839.WriteToExcel(Script1693826440839.groovy:540)
	at Script1693826440839.run(Script1693826440839.groovy:427)
	... 15 more
)
[[ATTACHMENT|C:\\Users\\LIAZGINA-DI\\git\\SPORU\\Reports\\20241122_024849\\\u041F\u043D-\u0421\u0440-\u041F\u0442\\\u0421\u0432\u0435\u0440\u043A\u0430 \u0434\u0430\u0448\u0431\u043E\u0440\u0434\u043E\u0432 \u0438\u0437 \u0440\u0430\u0437\u043D\u044B\u0445 \u0431\u043B\u043E\u043A\u043E\u0432\\20241122_024849\\1732245330664.png]]

22-11-2024T06:15:30 - [TEST_STEP][PASSED] - println(period): null

22-11-2024T06:15:30 - [TEST_STEP][PASSED] - dashboardName = "Прогноз по отраслям": null

22-11-2024T06:15:30 - [TEST_STEP][PASSED] - workbook01 = getWorkbook(excelFilePath): null

22-11-2024T06:15:30 - [TEST_STEP][PASSED] - sheet01 = getExcelSheet(workbook01, sheetName): null

22-11-2024T06:15:30 - [TEST_STEP][PASSED] - setValueToCellByIndex(sheet01, n, 0, dashboardName): null

22-11-2024T06:15:30 - [TEST_STEP][PASSED] - setValueToCellByIndex(sheet01, n, 1, dZO): null

22-11-2024T06:15:30 - [TEST_STEP][PASSED] - setValueToCellByIndex(sheet01, n, 2, period): null

22-11-2024T06:15:30 - [TEST_STEP][PASSED] - setValueToCellByIndex(sheet01, n, 3, typeOfData): null

22-11-2024T06:15:30 - [TEST_STEP][PASSED] - setValueToCellByIndex(sheet01, n, 4, filterSravnenie): null

22-11-2024T06:15:30 - [TEST_STEP][PASSED] - setValueToCellByIndex(sheet01, n, 5, kpoOtpusk): null

22-11-2024T06:15:30 - [TEST_STEP][PASSED] - setValueToCellByIndex(sheet01, n, 6, todaysDate): null

22-11-2024T06:15:30 - [TEST_STEP][PASSED] - n = n + 1: null

22-11-2024T06:15:30 - [TEST_STEP][PASSED] - saveWorkbook(excelFilePath, workbook01): null

22-11-2024T06:15:31 - [TEST_STEP][FAILED] - if (verifyEqual(a4, b4) == true): Unable to verify equal between actual object '20232023001201203838414188101000191977772525122122616100120120393939398888112020787826261211216060202355285285727272721818222200505020120161611901902272276633133182827777202020203357572202206868214214258258202305050909595931311791795784578423231818212109090202202377771601601321326767133133777713315133151421429999120120124124137137' and expected object '202320231010190190363614149914144417178080191982825885881010197197373748481010151544181880801919828260860820235531931981811616161620202256562152156767218218239239663313318282777720202020335757220220686821421425825820234747383819192303230310910942422172173939060616161010333320231561563838121239823982269269060626926915152727202020207979' (Root cause: com.kms.katalon.core.exception.StepFailedException: Actual object '20232023001201203838414188101000191977772525122122616100120120393939398888112020787826261211216060202355285285727272721818222200505020120161611901902272276633133182827777202020203357572202206868214214258258202305050909595931311791795784578423231818212109090202202377771601601321326767133133777713315133151421429999120120124124137137' and expected object '202320231010190190363614149914144417178080191982825885881010197197373748481010151544181880801919828260860820235531931981811616161620202256562152156767218218239239663313318282777720202020335757220220686821421425825820234747383819192303230310910942422172173939060616161010333320231561563838121239823982269269060626926915152727202020207979' are not equal
	at com.kms.katalon.core.keyword.builtin.VerifyEqualKeyword$_verifyEqual_closure1.doCall(VerifyEqualKeyword.groovy:58)
	at com.kms.katalon.core.keyword.builtin.VerifyEqualKeyword$_verifyEqual_closure1.call(VerifyEqualKeyword.groovy)
	at com.kms.katalon.core.keyword.internal.KeywordMain.runKeyword(KeywordMain.groovy:75)
	at com.kms.katalon.core.keyword.builtin.VerifyEqualKeyword.verifyEqual(VerifyEqualKeyword.groovy:63)
	at com.kms.katalon.core.keyword.builtin.VerifyEqualKeyword.execute(VerifyEqualKeyword.groovy:44)
	at com.kms.katalon.core.keyword.internal.KeywordExecutor.executeKeywordForPlatform(KeywordExecutor.groovy:74)
	at com.kms.katalon.core.keyword.BuiltinKeywords.verifyEqual(BuiltinKeywords.groovy:146)
	at jdk.internal.reflect.GeneratedMethodAccessor25.invoke(Unknown Source)
	at java.base/jdk.internal.reflect.DelegatingMethodAccessorImpl.invoke(DelegatingMethodAccessorImpl.java:43)
	at Прогноз по отраслям сверка дашбордов.run(Прогноз по отраслям сверка дашбордов:430)
	at com.kms.katalon.core.main.ScriptEngine.run(ScriptEngine.java:194)
	at com.kms.katalon.core.main.ScriptEngine.runScriptAsRawText(ScriptEngine.java:119)
	at com.kms.katalon.core.main.TestCaseExecutor.runScript(TestCaseExecutor.java:448)
	at com.kms.katalon.core.main.TestCaseExecutor.doExecute(TestCaseExecutor.java:439)
	at com.kms.katalon.core.main.TestCaseExecutor.processExecutionPhase(TestCaseExecutor.java:418)
	at com.kms.katalon.core.main.TestCaseExecutor.accessMainPhase(TestCaseExecutor.java:410)
	at com.kms.katalon.core.main.TestCaseExecutor.execute(TestCaseExecutor.java:285)
	at com.kms.katalon.core.common.CommonExecutor.accessTestCaseMainPhase(CommonExecutor.java:65)
	at com.kms.katalon.core.main.TestSuiteExecutor.accessTestSuiteMainPhase(TestSuiteExecutor.java:150)
	at com.kms.katalon.core.main.TestSuiteExecutor.execute(TestSuiteExecutor.java:106)
	at com.kms.katalon.core.main.TestCaseMain.startTestSuite(TestCaseMain.java:180)
	at TempTestSuite1732232929817.run(TempTestSuite1732232929817.groovy:35)
	at java.base/jdk.internal.reflect.NativeMethodAccessorImpl.invoke0(Native Method)
	at java.base/jdk.internal.reflect.NativeMethodAccessorImpl.invoke(NativeMethodAccessorImpl.java:77)
	at java.base/jdk.internal.reflect.DelegatingMethodAccessorImpl.invoke(DelegatingMethodAccessorImpl.java:43)
)

22-11-2024T06:15:31 - [MESSAGE][FAILED] - Unable to verify equal between actual object '20232023001201203838414188101000191977772525122122616100120120393939398888112020787826261211216060202355285285727272721818222200505020120161611901902272276633133182827777202020203357572202206868214214258258202305050909595931311791795784578423231818212109090202202377771601601321326767133133777713315133151421429999120120124124137137' and expected object '202320231010190190363614149914144417178080191982825885881010197197373748481010151544181880801919828260860820235531931981811616161620202256562152156767218218239239663313318282777720202020335757220220686821421425825820234747383819192303230310910942422172173939060616161010333320231561563838121239823982269269060626926915152727202020207979' (Root cause: com.kms.katalon.core.exception.StepFailedException: Actual object '20232023001201203838414188101000191977772525122122616100120120393939398888112020787826261211216060202355285285727272721818222200505020120161611901902272276633133182827777202020203357572202206868214214258258202305050909595931311791795784578423231818212109090202202377771601601321326767133133777713315133151421429999120120124124137137' and expected object '202320231010190190363614149914144417178080191982825885881010197197373748481010151544181880801919828260860820235531931981811616161620202256562152156767218218239239663313318282777720202020335757220220686821421425825820234747383819192303230310910942422172173939060616161010333320231561563838121239823982269269060626926915152727202020207979' are not equal
	at com.kms.katalon.core.keyword.builtin.VerifyEqualKeyword$_verifyEqual_closure1.doCall(VerifyEqualKeyword.groovy:58)
	at com.kms.katalon.core.keyword.builtin.VerifyEqualKeyword$_verifyEqual_closure1.call(VerifyEqualKeyword.groovy)
	at com.kms.katalon.core.keyword.internal.KeywordMain.runKeyword(KeywordMain.groovy:75)
	at com.kms.katalon.core.keyword.builtin.VerifyEqualKeyword.verifyEqual(VerifyEqualKeyword.groovy:63)
	at com.kms.katalon.core.keyword.builtin.VerifyEqualKeyword.execute(VerifyEqualKeyword.groovy:44)
	at com.kms.katalon.core.keyword.internal.KeywordExecutor.executeKeywordForPlatform(KeywordExecutor.groovy:74)
	at com.kms.katalon.core.keyword.BuiltinKeywords.verifyEqual(BuiltinKeywords.groovy:146)
	at jdk.internal.reflect.GeneratedMethodAccessor25.invoke(Unknown Source)
	at java.base/jdk.internal.reflect.DelegatingMethodAccessorImpl.invoke(DelegatingMethodAccessorImpl.java:43)
	at Прогноз по отраслям сверка дашбордов.run(Прогноз по отраслям сверка дашбордов:430)
	at com.kms.katalon.core.main.ScriptEngine.run(ScriptEngine.java:194)
	at com.kms.katalon.core.main.ScriptEngine.runScriptAsRawText(ScriptEngine.java:119)
	at com.kms.katalon.core.main.TestCaseExecutor.runScript(TestCaseExecutor.java:448)
	at com.kms.katalon.core.main.TestCaseExecutor.doExecute(TestCaseExecutor.java:439)
	at com.kms.katalon.core.main.TestCaseExecutor.processExecutionPhase(TestCaseExecutor.java:418)
	at com.kms.katalon.core.main.TestCaseExecutor.accessMainPhase(TestCaseExecutor.java:410)
	at com.kms.katalon.core.main.TestCaseExecutor.execute(TestCaseExecutor.java:285)
	at com.kms.katalon.core.common.CommonExecutor.accessTestCaseMainPhase(CommonExecutor.java:65)
	at com.kms.katalon.core.main.TestSuiteExecutor.accessTestSuiteMainPhase(TestSuiteExecutor.java:150)
	at com.kms.katalon.core.main.TestSuiteExecutor.execute(TestSuiteExecutor.java:106)
	at com.kms.katalon.core.main.TestCaseMain.startTestSuite(TestCaseMain.java:180)
	at TempTestSuite1732232929817.run(TempTestSuite1732232929817.groovy:35)
	at java.base/jdk.internal.reflect.NativeMethodAccessorImpl.invoke0(Native Method)
	at java.base/jdk.internal.reflect.NativeMethodAccessorImpl.invoke(NativeMethodAccessorImpl.java:77)
	at java.base/jdk.internal.reflect.DelegatingMethodAccessorImpl.invoke(DelegatingMethodAccessorImpl.java:43)
)

22-11-2024T06:15:31 - [TEST_STEP][PASSED] - else: null

22-11-2024T06:15:31 - [TEST_STEP][PASSED] - typeOfData = "Проценты": null

22-11-2024T06:15:31 - [TEST_STEP][PASSED] - filterSravnenie = "Факт прошлого года": null

22-11-2024T06:15:31 - [TEST_STEP][PASSED] - kpoOtpusk = "КПО": null

22-11-2024T06:15:31 - [TEST_STEP][PASSED] - Script1693826440839.WriteToExcel(todaysDate, typeOfData, filterSravnenie, kpoOtpusk): null

22-11-2024T06:15:31 - [TEST_STEP][PASSED] - sheetName = "Sheet1": null

22-11-2024T06:15:31 - [TEST_STEP][PASSED] - data = findTestData("PlanFact"): null

22-11-2024T06:15:31 - [TEST_STEP][PASSED] - n = data.getRowNumbers() + 1: null

22-11-2024T06:15:31 - [TEST_STEP][PASSED] - dZO = getText(findTestObject("Прогноз по отраслям/Фильтр Организация")): Text of object 'Object Repository/Прогноз по отраслям/Фильтр Организация' is: 'Все'

22-11-2024T06:16:01 - [MESSAGE][PASSED] - Text of object 'Object Repository/Прогноз по отраслям/Фильтр Организация' is: 'Все'

22-11-2024T06:16:01 - [TEST_STEP][FAILED] - period = getText(findTestObject("Прогноз по отраслям/Фильтр Месяц")): Unable to get text of object 'Object Repository/Прогноз по отраслям/Фильтр Месяц' (Root cause: com.kms.katalon.core.exception.StepFailedException: Unable to get text of object 'Object Repository/Прогноз по отраслям/Фильтр Месяц'
	at com.kms.katalon.core.webui.keyword.internal.WebUIKeywordMain.stepFailed(WebUIKeywordMain.groovy:64)
	at com.kms.katalon.core.webui.keyword.internal.WebUIKeywordMain.runKeyword(WebUIKeywordMain.groovy:26)
	at com.kms.katalon.core.webui.keyword.builtin.GetTextKeyword.getText(GetTextKeyword.groovy:88)
	at com.kms.katalon.core.webui.keyword.builtin.GetTextKeyword.execute(GetTextKeyword.groovy:67)
	at com.kms.katalon.core.keyword.internal.KeywordExecutor.executeKeywordForPlatform(KeywordExecutor.groovy:74)
	at com.kms.katalon.core.webui.keyword.WebUiBuiltInKeywords.getText(WebUiBuiltInKeywords.groovy:957)
	at Прогноз по отраслям сверка дашбордов.WriteToExcel(Прогноз по отраслям сверка дашбордов:540)
	at Прогноз по отраслям сверка дашбордов.run(Прогноз по отраслям сверка дашбордов:438)
	at com.kms.katalon.core.main.ScriptEngine.run(ScriptEngine.java:194)
	at com.kms.katalon.core.main.ScriptEngine.runScriptAsRawText(ScriptEngine.java:119)
	at com.kms.katalon.core.main.TestCaseExecutor.runScript(TestCaseExecutor.java:448)
	at com.kms.katalon.core.main.TestCaseExecutor.doExecute(TestCaseExecutor.java:439)
	at com.kms.katalon.core.main.TestCaseExecutor.processExecutionPhase(TestCaseExecutor.java:418)
	at com.kms.katalon.core.main.TestCaseExecutor.accessMainPhase(TestCaseExecutor.java:410)
	at com.kms.katalon.core.main.TestCaseExecutor.execute(TestCaseExecutor.java:285)
	at com.kms.katalon.core.common.CommonExecutor.accessTestCaseMainPhase(CommonExecutor.java:65)
	at com.kms.katalon.core.main.TestSuiteExecutor.accessTestSuiteMainPhase(TestSuiteExecutor.java:150)
	at com.kms.katalon.core.main.TestSuiteExecutor.execute(TestSuiteExecutor.java:106)
	at com.kms.katalon.core.main.TestCaseMain.startTestSuite(TestCaseMain.java:180)
	at TempTestSuite1732232929817.run(TempTestSuite1732232929817.groovy:35)
	at java.base/jdk.internal.reflect.NativeMethodAccessorImpl.invoke0(Native Method)
	at java.base/jdk.internal.reflect.NativeMethodAccessorImpl.invoke(NativeMethodAccessorImpl.java:77)
	at java.base/jdk.internal.reflect.DelegatingMethodAccessorImpl.invoke(DelegatingMethodAccessorImpl.java:43)
Caused by: com.kms.katalon.core.webui.exception.WebElementNotFoundException: Web element with id: 'Object Repository/Прогноз по отраслям/Фильтр Месяц' located by '//div[31]/div[2]/div/div/div/div' not found
	at com.kms.katalon.core.webui.common.WebUiCommonHelper.findWebElement(WebUiCommonHelper.java:1426)
	at com.kms.katalon.core.webui.keyword.internal.WebUIAbstractKeyword.findWebElement(WebUIAbstractKeyword.groovy:27)
	at com.kms.katalon.core.webui.keyword.internal.WebUIAbstractKeyword.findWebElement(WebUIAbstractKeyword.groovy:26)
	at com.kms.katalon.core.webui.keyword.builtin.GetTextKeyword$_getText_closure1.doCall(GetTextKeyword.groovy:78)
	at com.kms.katalon.core.webui.keyword.builtin.GetTextKeyword$_getText_closure1.call(GetTextKeyword.groovy)
	at com.kms.katalon.core.webui.keyword.internal.WebUIKeywordMain.runKeyword(WebUIKeywordMain.groovy:20)
	at com.kms.katalon.core.webui.keyword.builtin.GetTextKeyword.getText(GetTextKeyword.groovy:88)
	at com.kms.katalon.core.webui.keyword.builtin.GetTextKeyword.execute(GetTextKeyword.groovy:67)
	at com.kms.katalon.core.keyword.internal.KeywordExecutor.executeKeywordForPlatform(KeywordExecutor.groovy:74)
	at com.kms.katalon.core.webui.keyword.WebUiBuiltInKeywords.getText(WebUiBuiltInKeywords.groovy:957)
	at Script1693826440839.WriteToExcel(Script1693826440839.groovy:540)
	at Script1693826440839.run(Script1693826440839.groovy:438)
	... 15 more
)

22-11-2024T06:17:01 - [MESSAGE][INFO] - Unable to find the element located by 'By.xpath: //div[31]/div[2]/div/div/div/div'. Please recheck the objects properties to make sure the desired element is located. 

22-11-2024T06:17:01 - [MESSAGE][FAILED] - Unable to get text of object 'Object Repository/Прогноз по отраслям/Фильтр Месяц' (Root cause: com.kms.katalon.core.exception.StepFailedException: Unable to get text of object 'Object Repository/Прогноз по отраслям/Фильтр Месяц'
	at com.kms.katalon.core.webui.keyword.internal.WebUIKeywordMain.stepFailed(WebUIKeywordMain.groovy:64)
	at com.kms.katalon.core.webui.keyword.internal.WebUIKeywordMain.runKeyword(WebUIKeywordMain.groovy:26)
	at com.kms.katalon.core.webui.keyword.builtin.GetTextKeyword.getText(GetTextKeyword.groovy:88)
	at com.kms.katalon.core.webui.keyword.builtin.GetTextKeyword.execute(GetTextKeyword.groovy:67)
	at com.kms.katalon.core.keyword.internal.KeywordExecutor.executeKeywordForPlatform(KeywordExecutor.groovy:74)
	at com.kms.katalon.core.webui.keyword.WebUiBuiltInKeywords.getText(WebUiBuiltInKeywords.groovy:957)
	at Прогноз по отраслям сверка дашбордов.WriteToExcel(Прогноз по отраслям сверка дашбордов:540)
	at Прогноз по отраслям сверка дашбордов.run(Прогноз по отраслям сверка дашбордов:438)
	at com.kms.katalon.core.main.ScriptEngine.run(ScriptEngine.java:194)
	at com.kms.katalon.core.main.ScriptEngine.runScriptAsRawText(ScriptEngine.java:119)
	at com.kms.katalon.core.main.TestCaseExecutor.runScript(TestCaseExecutor.java:448)
	at com.kms.katalon.core.main.TestCaseExecutor.doExecute(TestCaseExecutor.java:439)
	at com.kms.katalon.core.main.TestCaseExecutor.processExecutionPhase(TestCaseExecutor.java:418)
	at com.kms.katalon.core.main.TestCaseExecutor.accessMainPhase(TestCaseExecutor.java:410)
	at com.kms.katalon.core.main.TestCaseExecutor.execute(TestCaseExecutor.java:285)
	at com.kms.katalon.core.common.CommonExecutor.accessTestCaseMainPhase(CommonExecutor.java:65)
	at com.kms.katalon.core.main.TestSuiteExecutor.accessTestSuiteMainPhase(TestSuiteExecutor.java:150)
	at com.kms.katalon.core.main.TestSuiteExecutor.execute(TestSuiteExecutor.java:106)
	at com.kms.katalon.core.main.TestCaseMain.startTestSuite(TestCaseMain.java:180)
	at TempTestSuite1732232929817.run(TempTestSuite1732232929817.groovy:35)
	at java.base/jdk.internal.reflect.NativeMethodAccessorImpl.invoke0(Native Method)
	at java.base/jdk.internal.reflect.NativeMethodAccessorImpl.invoke(NativeMethodAccessorImpl.java:77)
	at java.base/jdk.internal.reflect.DelegatingMethodAccessorImpl.invoke(DelegatingMethodAccessorImpl.java:43)
Caused by: com.kms.katalon.core.webui.exception.WebElementNotFoundException: Web element with id: 'Object Repository/Прогноз по отраслям/Фильтр Месяц' located by '//div[31]/div[2]/div/div/div/div' not found
	at com.kms.katalon.core.webui.common.WebUiCommonHelper.findWebElement(WebUiCommonHelper.java:1426)
	at com.kms.katalon.core.webui.keyword.internal.WebUIAbstractKeyword.findWebElement(WebUIAbstractKeyword.groovy:27)
	at com.kms.katalon.core.webui.keyword.internal.WebUIAbstractKeyword.findWebElement(WebUIAbstractKeyword.groovy:26)
	at com.kms.katalon.core.webui.keyword.builtin.GetTextKeyword$_getText_closure1.doCall(GetTextKeyword.groovy:78)
	at com.kms.katalon.core.webui.keyword.builtin.GetTextKeyword$_getText_closure1.call(GetTextKeyword.groovy)
	at com.kms.katalon.core.webui.keyword.internal.WebUIKeywordMain.runKeyword(WebUIKeywordMain.groovy:20)
	at com.kms.katalon.core.webui.keyword.builtin.GetTextKeyword.getText(GetTextKeyword.groovy:88)
	at com.kms.katalon.core.webui.keyword.builtin.GetTextKeyword.execute(GetTextKeyword.groovy:67)
	at com.kms.katalon.core.keyword.internal.KeywordExecutor.executeKeywordForPlatform(KeywordExecutor.groovy:74)
	at com.kms.katalon.core.webui.keyword.WebUiBuiltInKeywords.getText(WebUiBuiltInKeywords.groovy:957)
	at Script1693826440839.WriteToExcel(Script1693826440839.groovy:540)
	at Script1693826440839.run(Script1693826440839.groovy:438)
	... 15 more
)
[[ATTACHMENT|C:\\Users\\LIAZGINA-DI\\git\\SPORU\\Reports\\20241122_024849\\\u041F\u043D-\u0421\u0440-\u041F\u0442\\\u0421\u0432\u0435\u0440\u043A\u0430 \u0434\u0430\u0448\u0431\u043E\u0440\u0434\u043E\u0432 \u0438\u0437 \u0440\u0430\u0437\u043D\u044B\u0445 \u0431\u043B\u043E\u043A\u043E\u0432\\20241122_024849\\1732245421259.png]]

22-11-2024T06:17:01 - [TEST_STEP][PASSED] - println(period): null

22-11-2024T06:17:01 - [TEST_STEP][PASSED] - dashboardName = "Прогноз по отраслям": null

22-11-2024T06:17:01 - [TEST_STEP][PASSED] - workbook01 = getWorkbook(excelFilePath): null

22-11-2024T06:17:01 - [TEST_STEP][PASSED] - sheet01 = getExcelSheet(workbook01, sheetName): null

22-11-2024T06:17:01 - [TEST_STEP][PASSED] - setValueToCellByIndex(sheet01, n, 0, dashboardName): null

22-11-2024T06:17:01 - [TEST_STEP][PASSED] - setValueToCellByIndex(sheet01, n, 1, dZO): null

22-11-2024T06:17:01 - [TEST_STEP][PASSED] - setValueToCellByIndex(sheet01, n, 2, period): null

22-11-2024T06:17:01 - [TEST_STEP][PASSED] - setValueToCellByIndex(sheet01, n, 3, typeOfData): null

22-11-2024T06:17:01 - [TEST_STEP][PASSED] - setValueToCellByIndex(sheet01, n, 4, filterSravnenie): null

22-11-2024T06:17:01 - [TEST_STEP][PASSED] - setValueToCellByIndex(sheet01, n, 5, kpoOtpusk): null

22-11-2024T06:17:01 - [TEST_STEP][PASSED] - setValueToCellByIndex(sheet01, n, 6, todaysDate): null

22-11-2024T06:17:01 - [TEST_STEP][PASSED] - n = n + 1: null

22-11-2024T06:17:01 - [TEST_STEP][PASSED] - saveWorkbook(excelFilePath, workbook01): null

22-11-2024T06:17:01 - [TEST_STEP][FAILED] - if (verifyEqual(a5, b5) == true): Unable to verify equal between actual object '20232023001191193737777788111919757525251231235555001201203939393988881120207878262612112160602023553193198181161616162020225656215215676721821823923966331331828277772020202033575722022068682142142582582023121232324921492118118144441191191212414124241414979720231561563838121239823982269269060626926915152727202020207979' and expected object '202320231010190190363614149914144417178080191982825885881010197197373748481010151544181880801919828260860820235531931981811616161620202256562152156767218218239239663313318282777720202020335757220220686821421425825820234747383819192303230310910942422172173939060616161010333320231561563838121239823982269269060626926915152727202020207979' (Root cause: com.kms.katalon.core.exception.StepFailedException: Actual object '20232023001191193737777788111919757525251231235555001201203939393988881120207878262612112160602023553193198181161616162020225656215215676721821823923966331331828277772020202033575722022068682142142582582023121232324921492118118144441191191212414124241414979720231561563838121239823982269269060626926915152727202020207979' and expected object '202320231010190190363614149914144417178080191982825885881010197197373748481010151544181880801919828260860820235531931981811616161620202256562152156767218218239239663313318282777720202020335757220220686821421425825820234747383819192303230310910942422172173939060616161010333320231561563838121239823982269269060626926915152727202020207979' are not equal
	at com.kms.katalon.core.keyword.builtin.VerifyEqualKeyword$_verifyEqual_closure1.doCall(VerifyEqualKeyword.groovy:58)
	at com.kms.katalon.core.keyword.builtin.VerifyEqualKeyword$_verifyEqual_closure1.call(VerifyEqualKeyword.groovy)
	at com.kms.katalon.core.keyword.internal.KeywordMain.runKeyword(KeywordMain.groovy:75)
	at com.kms.katalon.core.keyword.builtin.VerifyEqualKeyword.verifyEqual(VerifyEqualKeyword.groovy:63)
	at com.kms.katalon.core.keyword.builtin.VerifyEqualKeyword.execute(VerifyEqualKeyword.groovy:44)
	at com.kms.katalon.core.keyword.internal.KeywordExecutor.executeKeywordForPlatform(KeywordExecutor.groovy:74)
	at com.kms.katalon.core.keyword.BuiltinKeywords.verifyEqual(BuiltinKeywords.groovy:146)
	at jdk.internal.reflect.GeneratedMethodAccessor25.invoke(Unknown Source)
	at java.base/jdk.internal.reflect.DelegatingMethodAccessorImpl.invoke(DelegatingMethodAccessorImpl.java:43)
	at Прогноз по отраслям сверка дашбордов.run(Прогноз по отраслям сверка дашбордов:441)
	at com.kms.katalon.core.main.ScriptEngine.run(ScriptEngine.java:194)
	at com.kms.katalon.core.main.ScriptEngine.runScriptAsRawText(ScriptEngine.java:119)
	at com.kms.katalon.core.main.TestCaseExecutor.runScript(TestCaseExecutor.java:448)
	at com.kms.katalon.core.main.TestCaseExecutor.doExecute(TestCaseExecutor.java:439)
	at com.kms.katalon.core.main.TestCaseExecutor.processExecutionPhase(TestCaseExecutor.java:418)
	at com.kms.katalon.core.main.TestCaseExecutor.accessMainPhase(TestCaseExecutor.java:410)
	at com.kms.katalon.core.main.TestCaseExecutor.execute(TestCaseExecutor.java:285)
	at com.kms.katalon.core.common.CommonExecutor.accessTestCaseMainPhase(CommonExecutor.java:65)
	at com.kms.katalon.core.main.TestSuiteExecutor.accessTestSuiteMainPhase(TestSuiteExecutor.java:150)
	at com.kms.katalon.core.main.TestSuiteExecutor.execute(TestSuiteExecutor.java:106)
	at com.kms.katalon.core.main.TestCaseMain.startTestSuite(TestCaseMain.java:180)
	at TempTestSuite1732232929817.run(TempTestSuite1732232929817.groovy:35)
	at java.base/jdk.internal.reflect.NativeMethodAccessorImpl.invoke0(Native Method)
	at java.base/jdk.internal.reflect.NativeMethodAccessorImpl.invoke(NativeMethodAccessorImpl.java:77)
	at java.base/jdk.internal.reflect.DelegatingMethodAccessorImpl.invoke(DelegatingMethodAccessorImpl.java:43)
)

22-11-2024T06:17:01 - [MESSAGE][FAILED] - Unable to verify equal between actual object '20232023001191193737777788111919757525251231235555001201203939393988881120207878262612112160602023553193198181161616162020225656215215676721821823923966331331828277772020202033575722022068682142142582582023121232324921492118118144441191191212414124241414979720231561563838121239823982269269060626926915152727202020207979' and expected object '202320231010190190363614149914144417178080191982825885881010197197373748481010151544181880801919828260860820235531931981811616161620202256562152156767218218239239663313318282777720202020335757220220686821421425825820234747383819192303230310910942422172173939060616161010333320231561563838121239823982269269060626926915152727202020207979' (Root cause: com.kms.katalon.core.exception.StepFailedException: Actual object '20232023001191193737777788111919757525251231235555001201203939393988881120207878262612112160602023553193198181161616162020225656215215676721821823923966331331828277772020202033575722022068682142142582582023121232324921492118118144441191191212414124241414979720231561563838121239823982269269060626926915152727202020207979' and expected object '202320231010190190363614149914144417178080191982825885881010197197373748481010151544181880801919828260860820235531931981811616161620202256562152156767218218239239663313318282777720202020335757220220686821421425825820234747383819192303230310910942422172173939060616161010333320231561563838121239823982269269060626926915152727202020207979' are not equal
	at com.kms.katalon.core.keyword.builtin.VerifyEqualKeyword$_verifyEqual_closure1.doCall(VerifyEqualKeyword.groovy:58)
	at com.kms.katalon.core.keyword.builtin.VerifyEqualKeyword$_verifyEqual_closure1.call(VerifyEqualKeyword.groovy)
	at com.kms.katalon.core.keyword.internal.KeywordMain.runKeyword(KeywordMain.groovy:75)
	at com.kms.katalon.core.keyword.builtin.VerifyEqualKeyword.verifyEqual(VerifyEqualKeyword.groovy:63)
	at com.kms.katalon.core.keyword.builtin.VerifyEqualKeyword.execute(VerifyEqualKeyword.groovy:44)
	at com.kms.katalon.core.keyword.internal.KeywordExecutor.executeKeywordForPlatform(KeywordExecutor.groovy:74)
	at com.kms.katalon.core.keyword.BuiltinKeywords.verifyEqual(BuiltinKeywords.groovy:146)
	at jdk.internal.reflect.GeneratedMethodAccessor25.invoke(Unknown Source)
	at java.base/jdk.internal.reflect.DelegatingMethodAccessorImpl.invoke(DelegatingMethodAccessorImpl.java:43)
	at Прогноз по отраслям сверка дашбордов.run(Прогноз по отраслям сверка дашбордов:441)
	at com.kms.katalon.core.main.ScriptEngine.run(ScriptEngine.java:194)
	at com.kms.katalon.core.main.ScriptEngine.runScriptAsRawText(ScriptEngine.java:119)
	at com.kms.katalon.core.main.TestCaseExecutor.runScript(TestCaseExecutor.java:448)
	at com.kms.katalon.core.main.TestCaseExecutor.doExecute(TestCaseExecutor.java:439)
	at com.kms.katalon.core.main.TestCaseExecutor.processExecutionPhase(TestCaseExecutor.java:418)
	at com.kms.katalon.core.main.TestCaseExecutor.accessMainPhase(TestCaseExecutor.java:410)
	at com.kms.katalon.core.main.TestCaseExecutor.execute(TestCaseExecutor.java:285)
	at com.kms.katalon.core.common.CommonExecutor.accessTestCaseMainPhase(CommonExecutor.java:65)
	at com.kms.katalon.core.main.TestSuiteExecutor.accessTestSuiteMainPhase(TestSuiteExecutor.java:150)
	at com.kms.katalon.core.main.TestSuiteExecutor.execute(TestSuiteExecutor.java:106)
	at com.kms.katalon.core.main.TestCaseMain.startTestSuite(TestCaseMain.java:180)
	at TempTestSuite1732232929817.run(TempTestSuite1732232929817.groovy:35)
	at java.base/jdk.internal.reflect.NativeMethodAccessorImpl.invoke0(Native Method)
	at java.base/jdk.internal.reflect.NativeMethodAccessorImpl.invoke(NativeMethodAccessorImpl.java:77)
	at java.base/jdk.internal.reflect.DelegatingMethodAccessorImpl.invoke(DelegatingMethodAccessorImpl.java:43)
)

22-11-2024T06:17:01 - [TEST_STEP][PASSED] - else: null

22-11-2024T06:17:01 - [TEST_STEP][PASSED] - typeOfData = "Проценты": null

22-11-2024T06:17:01 - [TEST_STEP][PASSED] - filterSravnenie = "План": null

22-11-2024T06:17:01 - [TEST_STEP][PASSED] - kpoOtpusk = "КПО": null

22-11-2024T06:17:01 - [TEST_STEP][PASSED] - Script1693826440839.WriteToExcel(todaysDate, typeOfData, filterSravnenie, kpoOtpusk): null

22-11-2024T06:17:01 - [TEST_STEP][PASSED] - sheetName = "Sheet1": null

22-11-2024T06:17:01 - [TEST_STEP][PASSED] - data = findTestData("PlanFact"): null

22-11-2024T06:17:01 - [TEST_STEP][PASSED] - n = data.getRowNumbers() + 1: null

22-11-2024T06:17:01 - [TEST_STEP][PASSED] - dZO = getText(findTestObject("Прогноз по отраслям/Фильтр Организация")): Text of object 'Object Repository/Прогноз по отраслям/Фильтр Организация' is: 'Все'

22-11-2024T06:17:31 - [MESSAGE][PASSED] - Text of object 'Object Repository/Прогноз по отраслям/Фильтр Организация' is: 'Все'

22-11-2024T06:17:31 - [TEST_STEP][FAILED] - period = getText(findTestObject("Прогноз по отраслям/Фильтр Месяц")): Unable to get text of object 'Object Repository/Прогноз по отраслям/Фильтр Месяц' (Root cause: com.kms.katalon.core.exception.StepFailedException: Unable to get text of object 'Object Repository/Прогноз по отраслям/Фильтр Месяц'
	at com.kms.katalon.core.webui.keyword.internal.WebUIKeywordMain.stepFailed(WebUIKeywordMain.groovy:64)
	at com.kms.katalon.core.webui.keyword.internal.WebUIKeywordMain.runKeyword(WebUIKeywordMain.groovy:26)
	at com.kms.katalon.core.webui.keyword.builtin.GetTextKeyword.getText(GetTextKeyword.groovy:88)
	at com.kms.katalon.core.webui.keyword.builtin.GetTextKeyword.execute(GetTextKeyword.groovy:67)
	at com.kms.katalon.core.keyword.internal.KeywordExecutor.executeKeywordForPlatform(KeywordExecutor.groovy:74)
	at com.kms.katalon.core.webui.keyword.WebUiBuiltInKeywords.getText(WebUiBuiltInKeywords.groovy:957)
	at Прогноз по отраслям сверка дашбордов.WriteToExcel(Прогноз по отраслям сверка дашбордов:540)
	at Прогноз по отраслям сверка дашбордов.run(Прогноз по отраслям сверка дашбордов:449)
	at com.kms.katalon.core.main.ScriptEngine.run(ScriptEngine.java:194)
	at com.kms.katalon.core.main.ScriptEngine.runScriptAsRawText(ScriptEngine.java:119)
	at com.kms.katalon.core.main.TestCaseExecutor.runScript(TestCaseExecutor.java:448)
	at com.kms.katalon.core.main.TestCaseExecutor.doExecute(TestCaseExecutor.java:439)
	at com.kms.katalon.core.main.TestCaseExecutor.processExecutionPhase(TestCaseExecutor.java:418)
	at com.kms.katalon.core.main.TestCaseExecutor.accessMainPhase(TestCaseExecutor.java:410)
	at com.kms.katalon.core.main.TestCaseExecutor.execute(TestCaseExecutor.java:285)
	at com.kms.katalon.core.common.CommonExecutor.accessTestCaseMainPhase(CommonExecutor.java:65)
	at com.kms.katalon.core.main.TestSuiteExecutor.accessTestSuiteMainPhase(TestSuiteExecutor.java:150)
	at com.kms.katalon.core.main.TestSuiteExecutor.execute(TestSuiteExecutor.java:106)
	at com.kms.katalon.core.main.TestCaseMain.startTestSuite(TestCaseMain.java:180)
	at TempTestSuite1732232929817.run(TempTestSuite1732232929817.groovy:35)
	at java.base/jdk.internal.reflect.NativeMethodAccessorImpl.invoke0(Native Method)
	at java.base/jdk.internal.reflect.NativeMethodAccessorImpl.invoke(NativeMethodAccessorImpl.java:77)
	at java.base/jdk.internal.reflect.DelegatingMethodAccessorImpl.invoke(DelegatingMethodAccessorImpl.java:43)
Caused by: com.kms.katalon.core.webui.exception.WebElementNotFoundException: Web element with id: 'Object Repository/Прогноз по отраслям/Фильтр Месяц' located by '//div[31]/div[2]/div/div/div/div' not found
	at com.kms.katalon.core.webui.common.WebUiCommonHelper.findWebElement(WebUiCommonHelper.java:1426)
	at com.kms.katalon.core.webui.keyword.internal.WebUIAbstractKeyword.findWebElement(WebUIAbstractKeyword.groovy:27)
	at com.kms.katalon.core.webui.keyword.internal.WebUIAbstractKeyword.findWebElement(WebUIAbstractKeyword.groovy:26)
	at com.kms.katalon.core.webui.keyword.builtin.GetTextKeyword$_getText_closure1.doCall(GetTextKeyword.groovy:78)
	at com.kms.katalon.core.webui.keyword.builtin.GetTextKeyword$_getText_closure1.call(GetTextKeyword.groovy)
	at com.kms.katalon.core.webui.keyword.internal.WebUIKeywordMain.runKeyword(WebUIKeywordMain.groovy:20)
	at com.kms.katalon.core.webui.keyword.builtin.GetTextKeyword.getText(GetTextKeyword.groovy:88)
	at com.kms.katalon.core.webui.keyword.builtin.GetTextKeyword.execute(GetTextKeyword.groovy:67)
	at com.kms.katalon.core.keyword.internal.KeywordExecutor.executeKeywordForPlatform(KeywordExecutor.groovy:74)
	at com.kms.katalon.core.webui.keyword.WebUiBuiltInKeywords.getText(WebUiBuiltInKeywords.groovy:957)
	at Script1693826440839.WriteToExcel(Script1693826440839.groovy:540)
	at Script1693826440839.run(Script1693826440839.groovy:449)
	... 15 more
)

22-11-2024T06:18:31 - [MESSAGE][INFO] - Unable to find the element located by 'By.xpath: //div[31]/div[2]/div/div/div/div'. Please recheck the objects properties to make sure the desired element is located. 

22-11-2024T06:18:31 - [MESSAGE][FAILED] - Unable to get text of object 'Object Repository/Прогноз по отраслям/Фильтр Месяц' (Root cause: com.kms.katalon.core.exception.StepFailedException: Unable to get text of object 'Object Repository/Прогноз по отраслям/Фильтр Месяц'
	at com.kms.katalon.core.webui.keyword.internal.WebUIKeywordMain.stepFailed(WebUIKeywordMain.groovy:64)
	at com.kms.katalon.core.webui.keyword.internal.WebUIKeywordMain.runKeyword(WebUIKeywordMain.groovy:26)
	at com.kms.katalon.core.webui.keyword.builtin.GetTextKeyword.getText(GetTextKeyword.groovy:88)
	at com.kms.katalon.core.webui.keyword.builtin.GetTextKeyword.execute(GetTextKeyword.groovy:67)
	at com.kms.katalon.core.keyword.internal.KeywordExecutor.executeKeywordForPlatform(KeywordExecutor.groovy:74)
	at com.kms.katalon.core.webui.keyword.WebUiBuiltInKeywords.getText(WebUiBuiltInKeywords.groovy:957)
	at Прогноз по отраслям сверка дашбордов.WriteToExcel(Прогноз по отраслям сверка дашбордов:540)
	at Прогноз по отраслям сверка дашбордов.run(Прогноз по отраслям сверка дашбордов:449)
	at com.kms.katalon.core.main.ScriptEngine.run(ScriptEngine.java:194)
	at com.kms.katalon.core.main.ScriptEngine.runScriptAsRawText(ScriptEngine.java:119)
	at com.kms.katalon.core.main.TestCaseExecutor.runScript(TestCaseExecutor.java:448)
	at com.kms.katalon.core.main.TestCaseExecutor.doExecute(TestCaseExecutor.java:439)
	at com.kms.katalon.core.main.TestCaseExecutor.processExecutionPhase(TestCaseExecutor.java:418)
	at com.kms.katalon.core.main.TestCaseExecutor.accessMainPhase(TestCaseExecutor.java:410)
	at com.kms.katalon.core.main.TestCaseExecutor.execute(TestCaseExecutor.java:285)
	at com.kms.katalon.core.common.CommonExecutor.accessTestCaseMainPhase(CommonExecutor.java:65)
	at com.kms.katalon.core.main.TestSuiteExecutor.accessTestSuiteMainPhase(TestSuiteExecutor.java:150)
	at com.kms.katalon.core.main.TestSuiteExecutor.execute(TestSuiteExecutor.java:106)
	at com.kms.katalon.core.main.TestCaseMain.startTestSuite(TestCaseMain.java:180)
	at TempTestSuite1732232929817.run(TempTestSuite1732232929817.groovy:35)
	at java.base/jdk.internal.reflect.NativeMethodAccessorImpl.invoke0(Native Method)
	at java.base/jdk.internal.reflect.NativeMethodAccessorImpl.invoke(NativeMethodAccessorImpl.java:77)
	at java.base/jdk.internal.reflect.DelegatingMethodAccessorImpl.invoke(DelegatingMethodAccessorImpl.java:43)
Caused by: com.kms.katalon.core.webui.exception.WebElementNotFoundException: Web element with id: 'Object Repository/Прогноз по отраслям/Фильтр Месяц' located by '//div[31]/div[2]/div/div/div/div' not found
	at com.kms.katalon.core.webui.common.WebUiCommonHelper.findWebElement(WebUiCommonHelper.java:1426)
	at com.kms.katalon.core.webui.keyword.internal.WebUIAbstractKeyword.findWebElement(WebUIAbstractKeyword.groovy:27)
	at com.kms.katalon.core.webui.keyword.internal.WebUIAbstractKeyword.findWebElement(WebUIAbstractKeyword.groovy:26)
	at com.kms.katalon.core.webui.keyword.builtin.GetTextKeyword$_getText_closure1.doCall(GetTextKeyword.groovy:78)
	at com.kms.katalon.core.webui.keyword.builtin.GetTextKeyword$_getText_closure1.call(GetTextKeyword.groovy)
	at com.kms.katalon.core.webui.keyword.internal.WebUIKeywordMain.runKeyword(WebUIKeywordMain.groovy:20)
	at com.kms.katalon.core.webui.keyword.builtin.GetTextKeyword.getText(GetTextKeyword.groovy:88)
	at com.kms.katalon.core.webui.keyword.builtin.GetTextKeyword.execute(GetTextKeyword.groovy:67)
	at com.kms.katalon.core.keyword.internal.KeywordExecutor.executeKeywordForPlatform(KeywordExecutor.groovy:74)
	at com.kms.katalon.core.webui.keyword.WebUiBuiltInKeywords.getText(WebUiBuiltInKeywords.groovy:957)
	at Script1693826440839.WriteToExcel(Script1693826440839.groovy:540)
	at Script1693826440839.run(Script1693826440839.groovy:449)
	... 15 more
)
[[ATTACHMENT|C:\\Users\\LIAZGINA-DI\\git\\SPORU\\Reports\\20241122_024849\\\u041F\u043D-\u0421\u0440-\u041F\u0442\\\u0421\u0432\u0435\u0440\u043A\u0430 \u0434\u0430\u0448\u0431\u043E\u0440\u0434\u043E\u0432 \u0438\u0437 \u0440\u0430\u0437\u043D\u044B\u0445 \u0431\u043B\u043E\u043A\u043E\u0432\\20241122_024849\\1732245511839.png]]

22-11-2024T06:18:31 - [TEST_STEP][PASSED] - println(period): null

22-11-2024T06:18:31 - [TEST_STEP][PASSED] - dashboardName = "Прогноз по отраслям": null

22-11-2024T06:18:31 - [TEST_STEP][PASSED] - workbook01 = getWorkbook(excelFilePath): null

22-11-2024T06:18:32 - [TEST_STEP][PASSED] - sheet01 = getExcelSheet(workbook01, sheetName): null

22-11-2024T06:18:32 - [TEST_STEP][PASSED] - setValueToCellByIndex(sheet01, n, 0, dashboardName): null

22-11-2024T06:18:32 - [TEST_STEP][PASSED] - setValueToCellByIndex(sheet01, n, 1, dZO): null

22-11-2024T06:18:32 - [TEST_STEP][PASSED] - setValueToCellByIndex(sheet01, n, 2, period): null

22-11-2024T06:18:32 - [TEST_STEP][PASSED] - setValueToCellByIndex(sheet01, n, 3, typeOfData): null

22-11-2024T06:18:32 - [TEST_STEP][PASSED] - setValueToCellByIndex(sheet01, n, 4, filterSravnenie): null

22-11-2024T06:18:32 - [TEST_STEP][PASSED] - setValueToCellByIndex(sheet01, n, 5, kpoOtpusk): null

22-11-2024T06:18:32 - [TEST_STEP][PASSED] - setValueToCellByIndex(sheet01, n, 6, todaysDate): null

22-11-2024T06:18:32 - [TEST_STEP][PASSED] - n = n + 1: null

22-11-2024T06:18:32 - [TEST_STEP][PASSED] - saveWorkbook(excelFilePath, workbook01): null

22-11-2024T06:18:32 - [TEST_STEP][FAILED] - if (verifyEqual(a6, b6) == true): Unable to verify equal between actual object '20232023000000000000000000000000001201203939393988881120207878262612112160602023663313318282777720202020335757220220686821421425825820232023' and expected object '202320231010190190363614149914144417178080191982825885881010197197373748481010151544181880801919828260860820235531931981811616161620202256562152156767218218239239663313318282777720202020335757220220686821421425825820234747383819192303230310910942422172173939060616161010333320231561563838121239823982269269060626926915152727202020207979' (Root cause: com.kms.katalon.core.exception.StepFailedException: Actual object '20232023000000000000000000000000001201203939393988881120207878262612112160602023663313318282777720202020335757220220686821421425825820232023' and expected object '202320231010190190363614149914144417178080191982825885881010197197373748481010151544181880801919828260860820235531931981811616161620202256562152156767218218239239663313318282777720202020335757220220686821421425825820234747383819192303230310910942422172173939060616161010333320231561563838121239823982269269060626926915152727202020207979' are not equal
	at com.kms.katalon.core.keyword.builtin.VerifyEqualKeyword$_verifyEqual_closure1.doCall(VerifyEqualKeyword.groovy:58)
	at com.kms.katalon.core.keyword.builtin.VerifyEqualKeyword$_verifyEqual_closure1.call(VerifyEqualKeyword.groovy)
	at com.kms.katalon.core.keyword.internal.KeywordMain.runKeyword(KeywordMain.groovy:75)
	at com.kms.katalon.core.keyword.builtin.VerifyEqualKeyword.verifyEqual(VerifyEqualKeyword.groovy:63)
	at com.kms.katalon.core.keyword.builtin.VerifyEqualKeyword.execute(VerifyEqualKeyword.groovy:44)
	at com.kms.katalon.core.keyword.internal.KeywordExecutor.executeKeywordForPlatform(KeywordExecutor.groovy:74)
	at com.kms.katalon.core.keyword.BuiltinKeywords.verifyEqual(BuiltinKeywords.groovy:146)
	at jdk.internal.reflect.GeneratedMethodAccessor25.invoke(Unknown Source)
	at java.base/jdk.internal.reflect.DelegatingMethodAccessorImpl.invoke(DelegatingMethodAccessorImpl.java:43)
	at Прогноз по отраслям сверка дашбордов.run(Прогноз по отраслям сверка дашбордов:452)
	at com.kms.katalon.core.main.ScriptEngine.run(ScriptEngine.java:194)
	at com.kms.katalon.core.main.ScriptEngine.runScriptAsRawText(ScriptEngine.java:119)
	at com.kms.katalon.core.main.TestCaseExecutor.runScript(TestCaseExecutor.java:448)
	at com.kms.katalon.core.main.TestCaseExecutor.doExecute(TestCaseExecutor.java:439)
	at com.kms.katalon.core.main.TestCaseExecutor.processExecutionPhase(TestCaseExecutor.java:418)
	at com.kms.katalon.core.main.TestCaseExecutor.accessMainPhase(TestCaseExecutor.java:410)
	at com.kms.katalon.core.main.TestCaseExecutor.execute(TestCaseExecutor.java:285)
	at com.kms.katalon.core.common.CommonExecutor.accessTestCaseMainPhase(CommonExecutor.java:65)
	at com.kms.katalon.core.main.TestSuiteExecutor.accessTestSuiteMainPhase(TestSuiteExecutor.java:150)
	at com.kms.katalon.core.main.TestSuiteExecutor.execute(TestSuiteExecutor.java:106)
	at com.kms.katalon.core.main.TestCaseMain.startTestSuite(TestCaseMain.java:180)
	at TempTestSuite1732232929817.run(TempTestSuite1732232929817.groovy:35)
	at java.base/jdk.internal.reflect.NativeMethodAccessorImpl.invoke0(Native Method)
	at java.base/jdk.internal.reflect.NativeMethodAccessorImpl.invoke(NativeMethodAccessorImpl.java:77)
	at java.base/jdk.internal.reflect.DelegatingMethodAccessorImpl.invoke(DelegatingMethodAccessorImpl.java:43)
)

22-11-2024T06:18:32 - [MESSAGE][FAILED] - Unable to verify equal between actual object '20232023000000000000000000000000001201203939393988881120207878262612112160602023663313318282777720202020335757220220686821421425825820232023' and expected object '202320231010190190363614149914144417178080191982825885881010197197373748481010151544181880801919828260860820235531931981811616161620202256562152156767218218239239663313318282777720202020335757220220686821421425825820234747383819192303230310910942422172173939060616161010333320231561563838121239823982269269060626926915152727202020207979' (Root cause: com.kms.katalon.core.exception.StepFailedException: Actual object '20232023000000000000000000000000001201203939393988881120207878262612112160602023663313318282777720202020335757220220686821421425825820232023' and expected object '202320231010190190363614149914144417178080191982825885881010197197373748481010151544181880801919828260860820235531931981811616161620202256562152156767218218239239663313318282777720202020335757220220686821421425825820234747383819192303230310910942422172173939060616161010333320231561563838121239823982269269060626926915152727202020207979' are not equal
	at com.kms.katalon.core.keyword.builtin.VerifyEqualKeyword$_verifyEqual_closure1.doCall(VerifyEqualKeyword.groovy:58)
	at com.kms.katalon.core.keyword.builtin.VerifyEqualKeyword$_verifyEqual_closure1.call(VerifyEqualKeyword.groovy)
	at com.kms.katalon.core.keyword.internal.KeywordMain.runKeyword(KeywordMain.groovy:75)
	at com.kms.katalon.core.keyword.builtin.VerifyEqualKeyword.verifyEqual(VerifyEqualKeyword.groovy:63)
	at com.kms.katalon.core.keyword.builtin.VerifyEqualKeyword.execute(VerifyEqualKeyword.groovy:44)
	at com.kms.katalon.core.keyword.internal.KeywordExecutor.executeKeywordForPlatform(KeywordExecutor.groovy:74)
	at com.kms.katalon.core.keyword.BuiltinKeywords.verifyEqual(BuiltinKeywords.groovy:146)
	at jdk.internal.reflect.GeneratedMethodAccessor25.invoke(Unknown Source)
	at java.base/jdk.internal.reflect.DelegatingMethodAccessorImpl.invoke(DelegatingMethodAccessorImpl.java:43)
	at Прогноз по отраслям сверка дашбордов.run(Прогноз по отраслям сверка дашбордов:452)
	at com.kms.katalon.core.main.ScriptEngine.run(ScriptEngine.java:194)
	at com.kms.katalon.core.main.ScriptEngine.runScriptAsRawText(ScriptEngine.java:119)
	at com.kms.katalon.core.main.TestCaseExecutor.runScript(TestCaseExecutor.java:448)
	at com.kms.katalon.core.main.TestCaseExecutor.doExecute(TestCaseExecutor.java:439)
	at com.kms.katalon.core.main.TestCaseExecutor.processExecutionPhase(TestCaseExecutor.java:418)
	at com.kms.katalon.core.main.TestCaseExecutor.accessMainPhase(TestCaseExecutor.java:410)
	at com.kms.katalon.core.main.TestCaseExecutor.execute(TestCaseExecutor.java:285)
	at com.kms.katalon.core.common.CommonExecutor.accessTestCaseMainPhase(CommonExecutor.java:65)
	at com.kms.katalon.core.main.TestSuiteExecutor.accessTestSuiteMainPhase(TestSuiteExecutor.java:150)
	at com.kms.katalon.core.main.TestSuiteExecutor.execute(TestSuiteExecutor.java:106)
	at com.kms.katalon.core.main.TestCaseMain.startTestSuite(TestCaseMain.java:180)
	at TempTestSuite1732232929817.run(TempTestSuite1732232929817.groovy:35)
	at java.base/jdk.internal.reflect.NativeMethodAccessorImpl.invoke0(Native Method)
	at java.base/jdk.internal.reflect.NativeMethodAccessorImpl.invoke(NativeMethodAccessorImpl.java:77)
	at java.base/jdk.internal.reflect.DelegatingMethodAccessorImpl.invoke(DelegatingMethodAccessorImpl.java:43)
)

22-11-2024T06:18:32 - [TEST_STEP][PASSED] - else: null

22-11-2024T06:18:32 - [TEST_STEP][PASSED] - typeOfData = "Проценты": null

22-11-2024T06:18:32 - [TEST_STEP][PASSED] - filterSravnenie = "План СУ": null

22-11-2024T06:18:32 - [TEST_STEP][PASSED] - kpoOtpusk = "КПО": null

22-11-2024T06:18:32 - [TEST_STEP][PASSED] - Script1693826440839.WriteToExcel(todaysDate, typeOfData, filterSravnenie, kpoOtpusk): null

22-11-2024T06:18:32 - [TEST_STEP][PASSED] - sheetName = "Sheet1": null

22-11-2024T06:18:32 - [TEST_STEP][PASSED] - data = findTestData("PlanFact"): null

22-11-2024T06:18:32 - [TEST_STEP][PASSED] - n = data.getRowNumbers() + 1: null

22-11-2024T06:18:32 - [TEST_STEP][PASSED] - dZO = getText(findTestObject("Прогноз по отраслям/Фильтр Организация")): Text of object 'Object Repository/Прогноз по отраслям/Фильтр Организация' is: 'Все'

22-11-2024T06:19:02 - [MESSAGE][PASSED] - Text of object 'Object Repository/Прогноз по отраслям/Фильтр Организация' is: 'Все'

22-11-2024T06:19:02 - [TEST_STEP][FAILED] - period = getText(findTestObject("Прогноз по отраслям/Фильтр Месяц")): Unable to get text of object 'Object Repository/Прогноз по отраслям/Фильтр Месяц' (Root cause: com.kms.katalon.core.exception.StepFailedException: Unable to get text of object 'Object Repository/Прогноз по отраслям/Фильтр Месяц'
	at com.kms.katalon.core.webui.keyword.internal.WebUIKeywordMain.stepFailed(WebUIKeywordMain.groovy:64)
	at com.kms.katalon.core.webui.keyword.internal.WebUIKeywordMain.runKeyword(WebUIKeywordMain.groovy:26)
	at com.kms.katalon.core.webui.keyword.builtin.GetTextKeyword.getText(GetTextKeyword.groovy:88)
	at com.kms.katalon.core.webui.keyword.builtin.GetTextKeyword.execute(GetTextKeyword.groovy:67)
	at com.kms.katalon.core.keyword.internal.KeywordExecutor.executeKeywordForPlatform(KeywordExecutor.groovy:74)
	at com.kms.katalon.core.webui.keyword.WebUiBuiltInKeywords.getText(WebUiBuiltInKeywords.groovy:957)
	at Прогноз по отраслям сверка дашбордов.WriteToExcel(Прогноз по отраслям сверка дашбордов:540)
	at Прогноз по отраслям сверка дашбордов.run(Прогноз по отраслям сверка дашбордов:460)
	at com.kms.katalon.core.main.ScriptEngine.run(ScriptEngine.java:194)
	at com.kms.katalon.core.main.ScriptEngine.runScriptAsRawText(ScriptEngine.java:119)
	at com.kms.katalon.core.main.TestCaseExecutor.runScript(TestCaseExecutor.java:448)
	at com.kms.katalon.core.main.TestCaseExecutor.doExecute(TestCaseExecutor.java:439)
	at com.kms.katalon.core.main.TestCaseExecutor.processExecutionPhase(TestCaseExecutor.java:418)
	at com.kms.katalon.core.main.TestCaseExecutor.accessMainPhase(TestCaseExecutor.java:410)
	at com.kms.katalon.core.main.TestCaseExecutor.execute(TestCaseExecutor.java:285)
	at com.kms.katalon.core.common.CommonExecutor.accessTestCaseMainPhase(CommonExecutor.java:65)
	at com.kms.katalon.core.main.TestSuiteExecutor.accessTestSuiteMainPhase(TestSuiteExecutor.java:150)
	at com.kms.katalon.core.main.TestSuiteExecutor.execute(TestSuiteExecutor.java:106)
	at com.kms.katalon.core.main.TestCaseMain.startTestSuite(TestCaseMain.java:180)
	at TempTestSuite1732232929817.run(TempTestSuite1732232929817.groovy:35)
	at java.base/jdk.internal.reflect.NativeMethodAccessorImpl.invoke0(Native Method)
	at java.base/jdk.internal.reflect.NativeMethodAccessorImpl.invoke(NativeMethodAccessorImpl.java:77)
	at java.base/jdk.internal.reflect.DelegatingMethodAccessorImpl.invoke(DelegatingMethodAccessorImpl.java:43)
Caused by: com.kms.katalon.core.webui.exception.WebElementNotFoundException: Web element with id: 'Object Repository/Прогноз по отраслям/Фильтр Месяц' located by '//div[31]/div[2]/div/div/div/div' not found
	at com.kms.katalon.core.webui.common.WebUiCommonHelper.findWebElement(WebUiCommonHelper.java:1426)
	at com.kms.katalon.core.webui.keyword.internal.WebUIAbstractKeyword.findWebElement(WebUIAbstractKeyword.groovy:27)
	at com.kms.katalon.core.webui.keyword.internal.WebUIAbstractKeyword.findWebElement(WebUIAbstractKeyword.groovy:26)
	at com.kms.katalon.core.webui.keyword.builtin.GetTextKeyword$_getText_closure1.doCall(GetTextKeyword.groovy:78)
	at com.kms.katalon.core.webui.keyword.builtin.GetTextKeyword$_getText_closure1.call(GetTextKeyword.groovy)
	at com.kms.katalon.core.webui.keyword.internal.WebUIKeywordMain.runKeyword(WebUIKeywordMain.groovy:20)
	at com.kms.katalon.core.webui.keyword.builtin.GetTextKeyword.getText(GetTextKeyword.groovy:88)
	at com.kms.katalon.core.webui.keyword.builtin.GetTextKeyword.execute(GetTextKeyword.groovy:67)
	at com.kms.katalon.core.keyword.internal.KeywordExecutor.executeKeywordForPlatform(KeywordExecutor.groovy:74)
	at com.kms.katalon.core.webui.keyword.WebUiBuiltInKeywords.getText(WebUiBuiltInKeywords.groovy:957)
	at Script1693826440839.WriteToExcel(Script1693826440839.groovy:540)
	at Script1693826440839.run(Script1693826440839.groovy:460)
	... 15 more
)

22-11-2024T06:20:02 - [MESSAGE][INFO] - Unable to find the element located by 'By.xpath: //div[31]/div[2]/div/div/div/div'. Please recheck the objects properties to make sure the desired element is located. 

22-11-2024T06:20:02 - [MESSAGE][FAILED] - Unable to get text of object 'Object Repository/Прогноз по отраслям/Фильтр Месяц' (Root cause: com.kms.katalon.core.exception.StepFailedException: Unable to get text of object 'Object Repository/Прогноз по отраслям/Фильтр Месяц'
	at com.kms.katalon.core.webui.keyword.internal.WebUIKeywordMain.stepFailed(WebUIKeywordMain.groovy:64)
	at com.kms.katalon.core.webui.keyword.internal.WebUIKeywordMain.runKeyword(WebUIKeywordMain.groovy:26)
	at com.kms.katalon.core.webui.keyword.builtin.GetTextKeyword.getText(GetTextKeyword.groovy:88)
	at com.kms.katalon.core.webui.keyword.builtin.GetTextKeyword.execute(GetTextKeyword.groovy:67)
	at com.kms.katalon.core.keyword.internal.KeywordExecutor.executeKeywordForPlatform(KeywordExecutor.groovy:74)
	at com.kms.katalon.core.webui.keyword.WebUiBuiltInKeywords.getText(WebUiBuiltInKeywords.groovy:957)
	at Прогноз по отраслям сверка дашбордов.WriteToExcel(Прогноз по отраслям сверка дашбордов:540)
	at Прогноз по отраслям сверка дашбордов.run(Прогноз по отраслям сверка дашбордов:460)
	at com.kms.katalon.core.main.ScriptEngine.run(ScriptEngine.java:194)
	at com.kms.katalon.core.main.ScriptEngine.runScriptAsRawText(ScriptEngine.java:119)
	at com.kms.katalon.core.main.TestCaseExecutor.runScript(TestCaseExecutor.java:448)
	at com.kms.katalon.core.main.TestCaseExecutor.doExecute(TestCaseExecutor.java:439)
	at com.kms.katalon.core.main.TestCaseExecutor.processExecutionPhase(TestCaseExecutor.java:418)
	at com.kms.katalon.core.main.TestCaseExecutor.accessMainPhase(TestCaseExecutor.java:410)
	at com.kms.katalon.core.main.TestCaseExecutor.execute(TestCaseExecutor.java:285)
	at com.kms.katalon.core.common.CommonExecutor.accessTestCaseMainPhase(CommonExecutor.java:65)
	at com.kms.katalon.core.main.TestSuiteExecutor.accessTestSuiteMainPhase(TestSuiteExecutor.java:150)
	at com.kms.katalon.core.main.TestSuiteExecutor.execute(TestSuiteExecutor.java:106)
	at com.kms.katalon.core.main.TestCaseMain.startTestSuite(TestCaseMain.java:180)
	at TempTestSuite1732232929817.run(TempTestSuite1732232929817.groovy:35)
	at java.base/jdk.internal.reflect.NativeMethodAccessorImpl.invoke0(Native Method)
	at java.base/jdk.internal.reflect.NativeMethodAccessorImpl.invoke(NativeMethodAccessorImpl.java:77)
	at java.base/jdk.internal.reflect.DelegatingMethodAccessorImpl.invoke(DelegatingMethodAccessorImpl.java:43)
Caused by: com.kms.katalon.core.webui.exception.WebElementNotFoundException: Web element with id: 'Object Repository/Прогноз по отраслям/Фильтр Месяц' located by '//div[31]/div[2]/div/div/div/div' not found
	at com.kms.katalon.core.webui.common.WebUiCommonHelper.findWebElement(WebUiCommonHelper.java:1426)
	at com.kms.katalon.core.webui.keyword.internal.WebUIAbstractKeyword.findWebElement(WebUIAbstractKeyword.groovy:27)
	at com.kms.katalon.core.webui.keyword.internal.WebUIAbstractKeyword.findWebElement(WebUIAbstractKeyword.groovy:26)
	at com.kms.katalon.core.webui.keyword.builtin.GetTextKeyword$_getText_closure1.doCall(GetTextKeyword.groovy:78)
	at com.kms.katalon.core.webui.keyword.builtin.GetTextKeyword$_getText_closure1.call(GetTextKeyword.groovy)
	at com.kms.katalon.core.webui.keyword.internal.WebUIKeywordMain.runKeyword(WebUIKeywordMain.groovy:20)
	at com.kms.katalon.core.webui.keyword.builtin.GetTextKeyword.getText(GetTextKeyword.groovy:88)
	at com.kms.katalon.core.webui.keyword.builtin.GetTextKeyword.execute(GetTextKeyword.groovy:67)
	at com.kms.katalon.core.keyword.internal.KeywordExecutor.executeKeywordForPlatform(KeywordExecutor.groovy:74)
	at com.kms.katalon.core.webui.keyword.WebUiBuiltInKeywords.getText(WebUiBuiltInKeywords.groovy:957)
	at Script1693826440839.WriteToExcel(Script1693826440839.groovy:540)
	at Script1693826440839.run(Script1693826440839.groovy:460)
	... 15 more
)
[[ATTACHMENT|C:\\Users\\LIAZGINA-DI\\git\\SPORU\\Reports\\20241122_024849\\\u041F\u043D-\u0421\u0440-\u041F\u0442\\\u0421\u0432\u0435\u0440\u043A\u0430 \u0434\u0430\u0448\u0431\u043E\u0440\u0434\u043E\u0432 \u0438\u0437 \u0440\u0430\u0437\u043D\u044B\u0445 \u0431\u043B\u043E\u043A\u043E\u0432\\20241122_024849\\1732245602392.png]]

22-11-2024T06:20:02 - [TEST_STEP][PASSED] - println(period): null

22-11-2024T06:20:02 - [TEST_STEP][PASSED] - dashboardName = "Прогноз по отраслям": null

22-11-2024T06:20:02 - [TEST_STEP][PASSED] - workbook01 = getWorkbook(excelFilePath): null

22-11-2024T06:20:02 - [TEST_STEP][PASSED] - sheet01 = getExcelSheet(workbook01, sheetName): null

22-11-2024T06:20:02 - [TEST_STEP][PASSED] - setValueToCellByIndex(sheet01, n, 0, dashboardName): null

22-11-2024T06:20:02 - [TEST_STEP][PASSED] - setValueToCellByIndex(sheet01, n, 1, dZO): null

22-11-2024T06:20:02 - [TEST_STEP][PASSED] - setValueToCellByIndex(sheet01, n, 2, period): null

22-11-2024T06:20:02 - [TEST_STEP][PASSED] - setValueToCellByIndex(sheet01, n, 3, typeOfData): null

22-11-2024T06:20:02 - [TEST_STEP][PASSED] - setValueToCellByIndex(sheet01, n, 4, filterSravnenie): null

22-11-2024T06:20:02 - [TEST_STEP][PASSED] - setValueToCellByIndex(sheet01, n, 5, kpoOtpusk): null

22-11-2024T06:20:02 - [TEST_STEP][PASSED] - setValueToCellByIndex(sheet01, n, 6, todaysDate): null

22-11-2024T06:20:02 - [TEST_STEP][PASSED] - n = n + 1: null

22-11-2024T06:20:02 - [TEST_STEP][PASSED] - saveWorkbook(excelFilePath, workbook01): null

22-11-2024T06:20:02 - [TEST_STEP][FAILED] - if (verifyEqual(a7, b7) == true): Unable to verify equal between actual object '202320232263522635110546110546128021280219475194759099093845038450416214162165176517472774727725652565723972394292342923202342134213455749455749954759547548893488932337423374168261682629194291947110271102198408198408728957289523664823664831028331028320231212186186363650501010191900171785851919828260460410101971973737484810101515441818808019198282608608202355285285727272721818222200505020120161611901902272276633133182827777202020203357572202206868214214258258' and expected object '202320231010190190363614149914144417178080191982825885881010197197373748481010151544181880801919828260860820235531931981811616161620202256562152156767218218239239663313318282777720202020335757220220686821421425825820234747383819192303230310910942422172173939060616161010333320231561563838121239823982269269060626926915152727202020207979' (Root cause: com.kms.katalon.core.exception.StepFailedException: Actual object '202320232263522635110546110546128021280219475194759099093845038450416214162165176517472774727725652565723972394292342923202342134213455749455749954759547548893488932337423374168261682629194291947110271102198408198408728957289523664823664831028331028320231212186186363650501010191900171785851919828260460410101971973737484810101515441818808019198282608608202355285285727272721818222200505020120161611901902272276633133182827777202020203357572202206868214214258258' and expected object '202320231010190190363614149914144417178080191982825885881010197197373748481010151544181880801919828260860820235531931981811616161620202256562152156767218218239239663313318282777720202020335757220220686821421425825820234747383819192303230310910942422172173939060616161010333320231561563838121239823982269269060626926915152727202020207979' are not equal
	at com.kms.katalon.core.keyword.builtin.VerifyEqualKeyword$_verifyEqual_closure1.doCall(VerifyEqualKeyword.groovy:58)
	at com.kms.katalon.core.keyword.builtin.VerifyEqualKeyword$_verifyEqual_closure1.call(VerifyEqualKeyword.groovy)
	at com.kms.katalon.core.keyword.internal.KeywordMain.runKeyword(KeywordMain.groovy:75)
	at com.kms.katalon.core.keyword.builtin.VerifyEqualKeyword.verifyEqual(VerifyEqualKeyword.groovy:63)
	at com.kms.katalon.core.keyword.builtin.VerifyEqualKeyword.execute(VerifyEqualKeyword.groovy:44)
	at com.kms.katalon.core.keyword.internal.KeywordExecutor.executeKeywordForPlatform(KeywordExecutor.groovy:74)
	at com.kms.katalon.core.keyword.BuiltinKeywords.verifyEqual(BuiltinKeywords.groovy:146)
	at jdk.internal.reflect.GeneratedMethodAccessor25.invoke(Unknown Source)
	at java.base/jdk.internal.reflect.DelegatingMethodAccessorImpl.invoke(DelegatingMethodAccessorImpl.java:43)
	at Прогноз по отраслям сверка дашбордов.run(Прогноз по отраслям сверка дашбордов:463)
	at com.kms.katalon.core.main.ScriptEngine.run(ScriptEngine.java:194)
	at com.kms.katalon.core.main.ScriptEngine.runScriptAsRawText(ScriptEngine.java:119)
	at com.kms.katalon.core.main.TestCaseExecutor.runScript(TestCaseExecutor.java:448)
	at com.kms.katalon.core.main.TestCaseExecutor.doExecute(TestCaseExecutor.java:439)
	at com.kms.katalon.core.main.TestCaseExecutor.processExecutionPhase(TestCaseExecutor.java:418)
	at com.kms.katalon.core.main.TestCaseExecutor.accessMainPhase(TestCaseExecutor.java:410)
	at com.kms.katalon.core.main.TestCaseExecutor.execute(TestCaseExecutor.java:285)
	at com.kms.katalon.core.common.CommonExecutor.accessTestCaseMainPhase(CommonExecutor.java:65)
	at com.kms.katalon.core.main.TestSuiteExecutor.accessTestSuiteMainPhase(TestSuiteExecutor.java:150)
	at com.kms.katalon.core.main.TestSuiteExecutor.execute(TestSuiteExecutor.java:106)
	at com.kms.katalon.core.main.TestCaseMain.startTestSuite(TestCaseMain.java:180)
	at TempTestSuite1732232929817.run(TempTestSuite1732232929817.groovy:35)
	at java.base/jdk.internal.reflect.NativeMethodAccessorImpl.invoke0(Native Method)
	at java.base/jdk.internal.reflect.NativeMethodAccessorImpl.invoke(NativeMethodAccessorImpl.java:77)
	at java.base/jdk.internal.reflect.DelegatingMethodAccessorImpl.invoke(DelegatingMethodAccessorImpl.java:43)
)

22-11-2024T06:20:02 - [MESSAGE][FAILED] - Unable to verify equal between actual object '202320232263522635110546110546128021280219475194759099093845038450416214162165176517472774727725652565723972394292342923202342134213455749455749954759547548893488932337423374168261682629194291947110271102198408198408728957289523664823664831028331028320231212186186363650501010191900171785851919828260460410101971973737484810101515441818808019198282608608202355285285727272721818222200505020120161611901902272276633133182827777202020203357572202206868214214258258' and expected object '202320231010190190363614149914144417178080191982825885881010197197373748481010151544181880801919828260860820235531931981811616161620202256562152156767218218239239663313318282777720202020335757220220686821421425825820234747383819192303230310910942422172173939060616161010333320231561563838121239823982269269060626926915152727202020207979' (Root cause: com.kms.katalon.core.exception.StepFailedException: Actual object '202320232263522635110546110546128021280219475194759099093845038450416214162165176517472774727725652565723972394292342923202342134213455749455749954759547548893488932337423374168261682629194291947110271102198408198408728957289523664823664831028331028320231212186186363650501010191900171785851919828260460410101971973737484810101515441818808019198282608608202355285285727272721818222200505020120161611901902272276633133182827777202020203357572202206868214214258258' and expected object '202320231010190190363614149914144417178080191982825885881010197197373748481010151544181880801919828260860820235531931981811616161620202256562152156767218218239239663313318282777720202020335757220220686821421425825820234747383819192303230310910942422172173939060616161010333320231561563838121239823982269269060626926915152727202020207979' are not equal
	at com.kms.katalon.core.keyword.builtin.VerifyEqualKeyword$_verifyEqual_closure1.doCall(VerifyEqualKeyword.groovy:58)
	at com.kms.katalon.core.keyword.builtin.VerifyEqualKeyword$_verifyEqual_closure1.call(VerifyEqualKeyword.groovy)
	at com.kms.katalon.core.keyword.internal.KeywordMain.runKeyword(KeywordMain.groovy:75)
	at com.kms.katalon.core.keyword.builtin.VerifyEqualKeyword.verifyEqual(VerifyEqualKeyword.groovy:63)
	at com.kms.katalon.core.keyword.builtin.VerifyEqualKeyword.execute(VerifyEqualKeyword.groovy:44)
	at com.kms.katalon.core.keyword.internal.KeywordExecutor.executeKeywordForPlatform(KeywordExecutor.groovy:74)
	at com.kms.katalon.core.keyword.BuiltinKeywords.verifyEqual(BuiltinKeywords.groovy:146)
	at jdk.internal.reflect.GeneratedMethodAccessor25.invoke(Unknown Source)
	at java.base/jdk.internal.reflect.DelegatingMethodAccessorImpl.invoke(DelegatingMethodAccessorImpl.java:43)
	at Прогноз по отраслям сверка дашбордов.run(Прогноз по отраслям сверка дашбордов:463)
	at com.kms.katalon.core.main.ScriptEngine.run(ScriptEngine.java:194)
	at com.kms.katalon.core.main.ScriptEngine.runScriptAsRawText(ScriptEngine.java:119)
	at com.kms.katalon.core.main.TestCaseExecutor.runScript(TestCaseExecutor.java:448)
	at com.kms.katalon.core.main.TestCaseExecutor.doExecute(TestCaseExecutor.java:439)
	at com.kms.katalon.core.main.TestCaseExecutor.processExecutionPhase(TestCaseExecutor.java:418)
	at com.kms.katalon.core.main.TestCaseExecutor.accessMainPhase(TestCaseExecutor.java:410)
	at com.kms.katalon.core.main.TestCaseExecutor.execute(TestCaseExecutor.java:285)
	at com.kms.katalon.core.common.CommonExecutor.accessTestCaseMainPhase(CommonExecutor.java:65)
	at com.kms.katalon.core.main.TestSuiteExecutor.accessTestSuiteMainPhase(TestSuiteExecutor.java:150)
	at com.kms.katalon.core.main.TestSuiteExecutor.execute(TestSuiteExecutor.java:106)
	at com.kms.katalon.core.main.TestCaseMain.startTestSuite(TestCaseMain.java:180)
	at TempTestSuite1732232929817.run(TempTestSuite1732232929817.groovy:35)
	at java.base/jdk.internal.reflect.NativeMethodAccessorImpl.invoke0(Native Method)
	at java.base/jdk.internal.reflect.NativeMethodAccessorImpl.invoke(NativeMethodAccessorImpl.java:77)
	at java.base/jdk.internal.reflect.DelegatingMethodAccessorImpl.invoke(DelegatingMethodAccessorImpl.java:43)
)

22-11-2024T06:20:02 - [TEST_STEP][PASSED] - else: null

22-11-2024T06:20:02 - [TEST_STEP][PASSED] - typeOfData = "абс": null

22-11-2024T06:20:02 - [TEST_STEP][PASSED] - filterSravnenie = "Факт прошлого года": null

22-11-2024T06:20:02 - [TEST_STEP][PASSED] - kpoOtpusk = "Отпуск": null

22-11-2024T06:20:02 - [TEST_STEP][PASSED] - Script1693826440839.WriteToExcel(todaysDate, typeOfData, filterSravnenie, kpoOtpusk): null

22-11-2024T06:20:02 - [TEST_STEP][PASSED] - sheetName = "Sheet1": null

22-11-2024T06:20:02 - [TEST_STEP][PASSED] - data = findTestData("PlanFact"): null

22-11-2024T06:20:02 - [TEST_STEP][PASSED] - n = data.getRowNumbers() + 1: null

22-11-2024T06:20:02 - [TEST_STEP][PASSED] - dZO = getText(findTestObject("Прогноз по отраслям/Фильтр Организация")): Text of object 'Object Repository/Прогноз по отраслям/Фильтр Организация' is: 'Все'

22-11-2024T06:20:32 - [MESSAGE][PASSED] - Text of object 'Object Repository/Прогноз по отраслям/Фильтр Организация' is: 'Все'

22-11-2024T06:20:32 - [TEST_STEP][FAILED] - period = getText(findTestObject("Прогноз по отраслям/Фильтр Месяц")): Unable to get text of object 'Object Repository/Прогноз по отраслям/Фильтр Месяц' (Root cause: com.kms.katalon.core.exception.StepFailedException: Unable to get text of object 'Object Repository/Прогноз по отраслям/Фильтр Месяц'
	at com.kms.katalon.core.webui.keyword.internal.WebUIKeywordMain.stepFailed(WebUIKeywordMain.groovy:64)
	at com.kms.katalon.core.webui.keyword.internal.WebUIKeywordMain.runKeyword(WebUIKeywordMain.groovy:26)
	at com.kms.katalon.core.webui.keyword.builtin.GetTextKeyword.getText(GetTextKeyword.groovy:88)
	at com.kms.katalon.core.webui.keyword.builtin.GetTextKeyword.execute(GetTextKeyword.groovy:67)
	at com.kms.katalon.core.keyword.internal.KeywordExecutor.executeKeywordForPlatform(KeywordExecutor.groovy:74)
	at com.kms.katalon.core.webui.keyword.WebUiBuiltInKeywords.getText(WebUiBuiltInKeywords.groovy:957)
	at Прогноз по отраслям сверка дашбордов.WriteToExcel(Прогноз по отраслям сверка дашбордов:540)
	at Прогноз по отраслям сверка дашбордов.run(Прогноз по отраслям сверка дашбордов:471)
	at com.kms.katalon.core.main.ScriptEngine.run(ScriptEngine.java:194)
	at com.kms.katalon.core.main.ScriptEngine.runScriptAsRawText(ScriptEngine.java:119)
	at com.kms.katalon.core.main.TestCaseExecutor.runScript(TestCaseExecutor.java:448)
	at com.kms.katalon.core.main.TestCaseExecutor.doExecute(TestCaseExecutor.java:439)
	at com.kms.katalon.core.main.TestCaseExecutor.processExecutionPhase(TestCaseExecutor.java:418)
	at com.kms.katalon.core.main.TestCaseExecutor.accessMainPhase(TestCaseExecutor.java:410)
	at com.kms.katalon.core.main.TestCaseExecutor.execute(TestCaseExecutor.java:285)
	at com.kms.katalon.core.common.CommonExecutor.accessTestCaseMainPhase(CommonExecutor.java:65)
	at com.kms.katalon.core.main.TestSuiteExecutor.accessTestSuiteMainPhase(TestSuiteExecutor.java:150)
	at com.kms.katalon.core.main.TestSuiteExecutor.execute(TestSuiteExecutor.java:106)
	at com.kms.katalon.core.main.TestCaseMain.startTestSuite(TestCaseMain.java:180)
	at TempTestSuite1732232929817.run(TempTestSuite1732232929817.groovy:35)
	at java.base/jdk.internal.reflect.NativeMethodAccessorImpl.invoke0(Native Method)
	at java.base/jdk.internal.reflect.NativeMethodAccessorImpl.invoke(NativeMethodAccessorImpl.java:77)
	at java.base/jdk.internal.reflect.DelegatingMethodAccessorImpl.invoke(DelegatingMethodAccessorImpl.java:43)
Caused by: com.kms.katalon.core.webui.exception.WebElementNotFoundException: Web element with id: 'Object Repository/Прогноз по отраслям/Фильтр Месяц' located by '//div[31]/div[2]/div/div/div/div' not found
	at com.kms.katalon.core.webui.common.WebUiCommonHelper.findWebElement(WebUiCommonHelper.java:1426)
	at com.kms.katalon.core.webui.keyword.internal.WebUIAbstractKeyword.findWebElement(WebUIAbstractKeyword.groovy:27)
	at com.kms.katalon.core.webui.keyword.internal.WebUIAbstractKeyword.findWebElement(WebUIAbstractKeyword.groovy:26)
	at com.kms.katalon.core.webui.keyword.builtin.GetTextKeyword$_getText_closure1.doCall(GetTextKeyword.groovy:78)
	at com.kms.katalon.core.webui.keyword.builtin.GetTextKeyword$_getText_closure1.call(GetTextKeyword.groovy)
	at com.kms.katalon.core.webui.keyword.internal.WebUIKeywordMain.runKeyword(WebUIKeywordMain.groovy:20)
	at com.kms.katalon.core.webui.keyword.builtin.GetTextKeyword.getText(GetTextKeyword.groovy:88)
	at com.kms.katalon.core.webui.keyword.builtin.GetTextKeyword.execute(GetTextKeyword.groovy:67)
	at com.kms.katalon.core.keyword.internal.KeywordExecutor.executeKeywordForPlatform(KeywordExecutor.groovy:74)
	at com.kms.katalon.core.webui.keyword.WebUiBuiltInKeywords.getText(WebUiBuiltInKeywords.groovy:957)
	at Script1693826440839.WriteToExcel(Script1693826440839.groovy:540)
	at Script1693826440839.run(Script1693826440839.groovy:471)
	... 15 more
)

22-11-2024T06:21:32 - [MESSAGE][INFO] - Unable to find the element located by 'By.xpath: //div[31]/div[2]/div/div/div/div'. Please recheck the objects properties to make sure the desired element is located. 

22-11-2024T06:21:33 - [MESSAGE][FAILED] - Unable to get text of object 'Object Repository/Прогноз по отраслям/Фильтр Месяц' (Root cause: com.kms.katalon.core.exception.StepFailedException: Unable to get text of object 'Object Repository/Прогноз по отраслям/Фильтр Месяц'
	at com.kms.katalon.core.webui.keyword.internal.WebUIKeywordMain.stepFailed(WebUIKeywordMain.groovy:64)
	at com.kms.katalon.core.webui.keyword.internal.WebUIKeywordMain.runKeyword(WebUIKeywordMain.groovy:26)
	at com.kms.katalon.core.webui.keyword.builtin.GetTextKeyword.getText(GetTextKeyword.groovy:88)
	at com.kms.katalon.core.webui.keyword.builtin.GetTextKeyword.execute(GetTextKeyword.groovy:67)
	at com.kms.katalon.core.keyword.internal.KeywordExecutor.executeKeywordForPlatform(KeywordExecutor.groovy:74)
	at com.kms.katalon.core.webui.keyword.WebUiBuiltInKeywords.getText(WebUiBuiltInKeywords.groovy:957)
	at Прогноз по отраслям сверка дашбордов.WriteToExcel(Прогноз по отраслям сверка дашбордов:540)
	at Прогноз по отраслям сверка дашбордов.run(Прогноз по отраслям сверка дашбордов:471)
	at com.kms.katalon.core.main.ScriptEngine.run(ScriptEngine.java:194)
	at com.kms.katalon.core.main.ScriptEngine.runScriptAsRawText(ScriptEngine.java:119)
	at com.kms.katalon.core.main.TestCaseExecutor.runScript(TestCaseExecutor.java:448)
	at com.kms.katalon.core.main.TestCaseExecutor.doExecute(TestCaseExecutor.java:439)
	at com.kms.katalon.core.main.TestCaseExecutor.processExecutionPhase(TestCaseExecutor.java:418)
	at com.kms.katalon.core.main.TestCaseExecutor.accessMainPhase(TestCaseExecutor.java:410)
	at com.kms.katalon.core.main.TestCaseExecutor.execute(TestCaseExecutor.java:285)
	at com.kms.katalon.core.common.CommonExecutor.accessTestCaseMainPhase(CommonExecutor.java:65)
	at com.kms.katalon.core.main.TestSuiteExecutor.accessTestSuiteMainPhase(TestSuiteExecutor.java:150)
	at com.kms.katalon.core.main.TestSuiteExecutor.execute(TestSuiteExecutor.java:106)
	at com.kms.katalon.core.main.TestCaseMain.startTestSuite(TestCaseMain.java:180)
	at TempTestSuite1732232929817.run(TempTestSuite1732232929817.groovy:35)
	at java.base/jdk.internal.reflect.NativeMethodAccessorImpl.invoke0(Native Method)
	at java.base/jdk.internal.reflect.NativeMethodAccessorImpl.invoke(NativeMethodAccessorImpl.java:77)
	at java.base/jdk.internal.reflect.DelegatingMethodAccessorImpl.invoke(DelegatingMethodAccessorImpl.java:43)
Caused by: com.kms.katalon.core.webui.exception.WebElementNotFoundException: Web element with id: 'Object Repository/Прогноз по отраслям/Фильтр Месяц' located by '//div[31]/div[2]/div/div/div/div' not found
	at com.kms.katalon.core.webui.common.WebUiCommonHelper.findWebElement(WebUiCommonHelper.java:1426)
	at com.kms.katalon.core.webui.keyword.internal.WebUIAbstractKeyword.findWebElement(WebUIAbstractKeyword.groovy:27)
	at com.kms.katalon.core.webui.keyword.internal.WebUIAbstractKeyword.findWebElement(WebUIAbstractKeyword.groovy:26)
	at com.kms.katalon.core.webui.keyword.builtin.GetTextKeyword$_getText_closure1.doCall(GetTextKeyword.groovy:78)
	at com.kms.katalon.core.webui.keyword.builtin.GetTextKeyword$_getText_closure1.call(GetTextKeyword.groovy)
	at com.kms.katalon.core.webui.keyword.internal.WebUIKeywordMain.runKeyword(WebUIKeywordMain.groovy:20)
	at com.kms.katalon.core.webui.keyword.builtin.GetTextKeyword.getText(GetTextKeyword.groovy:88)
	at com.kms.katalon.core.webui.keyword.builtin.GetTextKeyword.execute(GetTextKeyword.groovy:67)
	at com.kms.katalon.core.keyword.internal.KeywordExecutor.executeKeywordForPlatform(KeywordExecutor.groovy:74)
	at com.kms.katalon.core.webui.keyword.WebUiBuiltInKeywords.getText(WebUiBuiltInKeywords.groovy:957)
	at Script1693826440839.WriteToExcel(Script1693826440839.groovy:540)
	at Script1693826440839.run(Script1693826440839.groovy:471)
	... 15 more
)
[[ATTACHMENT|C:\\Users\\LIAZGINA-DI\\git\\SPORU\\Reports\\20241122_024849\\\u041F\u043D-\u0421\u0440-\u041F\u0442\\\u0421\u0432\u0435\u0440\u043A\u0430 \u0434\u0430\u0448\u0431\u043E\u0440\u0434\u043E\u0432 \u0438\u0437 \u0440\u0430\u0437\u043D\u044B\u0445 \u0431\u043B\u043E\u043A\u043E\u0432\\20241122_024849\\1732245692975.png]]

22-11-2024T06:21:33 - [TEST_STEP][PASSED] - println(period): null

22-11-2024T06:21:33 - [TEST_STEP][PASSED] - dashboardName = "Прогноз по отраслям": null

22-11-2024T06:21:33 - [TEST_STEP][PASSED] - workbook01 = getWorkbook(excelFilePath): null

22-11-2024T06:21:33 - [TEST_STEP][PASSED] - sheet01 = getExcelSheet(workbook01, sheetName): null

22-11-2024T06:21:33 - [TEST_STEP][PASSED] - setValueToCellByIndex(sheet01, n, 0, dashboardName): null

22-11-2024T06:21:33 - [TEST_STEP][PASSED] - setValueToCellByIndex(sheet01, n, 1, dZO): null

22-11-2024T06:21:33 - [TEST_STEP][PASSED] - setValueToCellByIndex(sheet01, n, 2, period): null

22-11-2024T06:21:33 - [TEST_STEP][PASSED] - setValueToCellByIndex(sheet01, n, 3, typeOfData): null

22-11-2024T06:21:33 - [TEST_STEP][PASSED] - setValueToCellByIndex(sheet01, n, 4, filterSravnenie): null

22-11-2024T06:21:33 - [TEST_STEP][PASSED] - setValueToCellByIndex(sheet01, n, 5, kpoOtpusk): null

22-11-2024T06:21:33 - [TEST_STEP][PASSED] - setValueToCellByIndex(sheet01, n, 6, todaysDate): null

22-11-2024T06:21:33 - [TEST_STEP][PASSED] - n = n + 1: null

22-11-2024T06:21:33 - [TEST_STEP][PASSED] - saveWorkbook(excelFilePath, workbook01): null

22-11-2024T06:21:33 - [TEST_STEP][FAILED] - if (verifyEqual(a8, b8) == true): Unable to verify equal between actual object '202320234922492271651716516893689333271733271798649864593859387640764067046704592459243088308894099409196041196041202379497949121950121950972797276180396180394222342223121812186662666287328732580965809613426134264463244632183755183755202310101901903636141499141444171780801919828258858810101971973737484810101515441818808019198282608608202355319319818116161616202022565621521567672182182392396633133182827777202020203357572202206868214214258258' and expected object '202320231010190190363614149914144417178080191982825885881010197197373748481010151544181880801919828260860820235531931981811616161620202256562152156767218218239239663313318282777720202020335757220220686821421425825820234747383819192303230310910942422172173939060616161010333320231561563838121239823982269269060626926915152727202020207979' (Root cause: com.kms.katalon.core.exception.StepFailedException: Actual object '202320234922492271651716516893689333271733271798649864593859387640764067046704592459243088308894099409196041196041202379497949121950121950972797276180396180394222342223121812186662666287328732580965809613426134264463244632183755183755202310101901903636141499141444171780801919828258858810101971973737484810101515441818808019198282608608202355319319818116161616202022565621521567672182182392396633133182827777202020203357572202206868214214258258' and expected object '202320231010190190363614149914144417178080191982825885881010197197373748481010151544181880801919828260860820235531931981811616161620202256562152156767218218239239663313318282777720202020335757220220686821421425825820234747383819192303230310910942422172173939060616161010333320231561563838121239823982269269060626926915152727202020207979' are not equal
	at com.kms.katalon.core.keyword.builtin.VerifyEqualKeyword$_verifyEqual_closure1.doCall(VerifyEqualKeyword.groovy:58)
	at com.kms.katalon.core.keyword.builtin.VerifyEqualKeyword$_verifyEqual_closure1.call(VerifyEqualKeyword.groovy)
	at com.kms.katalon.core.keyword.internal.KeywordMain.runKeyword(KeywordMain.groovy:75)
	at com.kms.katalon.core.keyword.builtin.VerifyEqualKeyword.verifyEqual(VerifyEqualKeyword.groovy:63)
	at com.kms.katalon.core.keyword.builtin.VerifyEqualKeyword.execute(VerifyEqualKeyword.groovy:44)
	at com.kms.katalon.core.keyword.internal.KeywordExecutor.executeKeywordForPlatform(KeywordExecutor.groovy:74)
	at com.kms.katalon.core.keyword.BuiltinKeywords.verifyEqual(BuiltinKeywords.groovy:146)
	at jdk.internal.reflect.GeneratedMethodAccessor25.invoke(Unknown Source)
	at java.base/jdk.internal.reflect.DelegatingMethodAccessorImpl.invoke(DelegatingMethodAccessorImpl.java:43)
	at Прогноз по отраслям сверка дашбордов.run(Прогноз по отраслям сверка дашбордов:474)
	at com.kms.katalon.core.main.ScriptEngine.run(ScriptEngine.java:194)
	at com.kms.katalon.core.main.ScriptEngine.runScriptAsRawText(ScriptEngine.java:119)
	at com.kms.katalon.core.main.TestCaseExecutor.runScript(TestCaseExecutor.java:448)
	at com.kms.katalon.core.main.TestCaseExecutor.doExecute(TestCaseExecutor.java:439)
	at com.kms.katalon.core.main.TestCaseExecutor.processExecutionPhase(TestCaseExecutor.java:418)
	at com.kms.katalon.core.main.TestCaseExecutor.accessMainPhase(TestCaseExecutor.java:410)
	at com.kms.katalon.core.main.TestCaseExecutor.execute(TestCaseExecutor.java:285)
	at com.kms.katalon.core.common.CommonExecutor.accessTestCaseMainPhase(CommonExecutor.java:65)
	at com.kms.katalon.core.main.TestSuiteExecutor.accessTestSuiteMainPhase(TestSuiteExecutor.java:150)
	at com.kms.katalon.core.main.TestSuiteExecutor.execute(TestSuiteExecutor.java:106)
	at com.kms.katalon.core.main.TestCaseMain.startTestSuite(TestCaseMain.java:180)
	at TempTestSuite1732232929817.run(TempTestSuite1732232929817.groovy:35)
	at java.base/jdk.internal.reflect.NativeMethodAccessorImpl.invoke0(Native Method)
	at java.base/jdk.internal.reflect.NativeMethodAccessorImpl.invoke(NativeMethodAccessorImpl.java:77)
	at java.base/jdk.internal.reflect.DelegatingMethodAccessorImpl.invoke(DelegatingMethodAccessorImpl.java:43)
)

22-11-2024T06:21:33 - [MESSAGE][FAILED] - Unable to verify equal between actual object '202320234922492271651716516893689333271733271798649864593859387640764067046704592459243088308894099409196041196041202379497949121950121950972797276180396180394222342223121812186662666287328732580965809613426134264463244632183755183755202310101901903636141499141444171780801919828258858810101971973737484810101515441818808019198282608608202355319319818116161616202022565621521567672182182392396633133182827777202020203357572202206868214214258258' and expected object '202320231010190190363614149914144417178080191982825885881010197197373748481010151544181880801919828260860820235531931981811616161620202256562152156767218218239239663313318282777720202020335757220220686821421425825820234747383819192303230310910942422172173939060616161010333320231561563838121239823982269269060626926915152727202020207979' (Root cause: com.kms.katalon.core.exception.StepFailedException: Actual object '202320234922492271651716516893689333271733271798649864593859387640764067046704592459243088308894099409196041196041202379497949121950121950972797276180396180394222342223121812186662666287328732580965809613426134264463244632183755183755202310101901903636141499141444171780801919828258858810101971973737484810101515441818808019198282608608202355319319818116161616202022565621521567672182182392396633133182827777202020203357572202206868214214258258' and expected object '202320231010190190363614149914144417178080191982825885881010197197373748481010151544181880801919828260860820235531931981811616161620202256562152156767218218239239663313318282777720202020335757220220686821421425825820234747383819192303230310910942422172173939060616161010333320231561563838121239823982269269060626926915152727202020207979' are not equal
	at com.kms.katalon.core.keyword.builtin.VerifyEqualKeyword$_verifyEqual_closure1.doCall(VerifyEqualKeyword.groovy:58)
	at com.kms.katalon.core.keyword.builtin.VerifyEqualKeyword$_verifyEqual_closure1.call(VerifyEqualKeyword.groovy)
	at com.kms.katalon.core.keyword.internal.KeywordMain.runKeyword(KeywordMain.groovy:75)
	at com.kms.katalon.core.keyword.builtin.VerifyEqualKeyword.verifyEqual(VerifyEqualKeyword.groovy:63)
	at com.kms.katalon.core.keyword.builtin.VerifyEqualKeyword.execute(VerifyEqualKeyword.groovy:44)
	at com.kms.katalon.core.keyword.internal.KeywordExecutor.executeKeywordForPlatform(KeywordExecutor.groovy:74)
	at com.kms.katalon.core.keyword.BuiltinKeywords.verifyEqual(BuiltinKeywords.groovy:146)
	at jdk.internal.reflect.GeneratedMethodAccessor25.invoke(Unknown Source)
	at java.base/jdk.internal.reflect.DelegatingMethodAccessorImpl.invoke(DelegatingMethodAccessorImpl.java:43)
	at Прогноз по отраслям сверка дашбордов.run(Прогноз по отраслям сверка дашбордов:474)
	at com.kms.katalon.core.main.ScriptEngine.run(ScriptEngine.java:194)
	at com.kms.katalon.core.main.ScriptEngine.runScriptAsRawText(ScriptEngine.java:119)
	at com.kms.katalon.core.main.TestCaseExecutor.runScript(TestCaseExecutor.java:448)
	at com.kms.katalon.core.main.TestCaseExecutor.doExecute(TestCaseExecutor.java:439)
	at com.kms.katalon.core.main.TestCaseExecutor.processExecutionPhase(TestCaseExecutor.java:418)
	at com.kms.katalon.core.main.TestCaseExecutor.accessMainPhase(TestCaseExecutor.java:410)
	at com.kms.katalon.core.main.TestCaseExecutor.execute(TestCaseExecutor.java:285)
	at com.kms.katalon.core.common.CommonExecutor.accessTestCaseMainPhase(CommonExecutor.java:65)
	at com.kms.katalon.core.main.TestSuiteExecutor.accessTestSuiteMainPhase(TestSuiteExecutor.java:150)
	at com.kms.katalon.core.main.TestSuiteExecutor.execute(TestSuiteExecutor.java:106)
	at com.kms.katalon.core.main.TestCaseMain.startTestSuite(TestCaseMain.java:180)
	at TempTestSuite1732232929817.run(TempTestSuite1732232929817.groovy:35)
	at java.base/jdk.internal.reflect.NativeMethodAccessorImpl.invoke0(Native Method)
	at java.base/jdk.internal.reflect.NativeMethodAccessorImpl.invoke(NativeMethodAccessorImpl.java:77)
	at java.base/jdk.internal.reflect.DelegatingMethodAccessorImpl.invoke(DelegatingMethodAccessorImpl.java:43)
)

22-11-2024T06:21:33 - [TEST_STEP][PASSED] - else: null

22-11-2024T06:21:33 - [TEST_STEP][PASSED] - typeOfData = "абс": null

22-11-2024T06:21:33 - [TEST_STEP][PASSED] - filterSravnenie = "План": null

22-11-2024T06:21:33 - [TEST_STEP][PASSED] - kpoOtpusk = "Отпуск": null

22-11-2024T06:21:33 - [TEST_STEP][PASSED] - Script1693826440839.WriteToExcel(todaysDate, typeOfData, filterSravnenie, kpoOtpusk): null

22-11-2024T06:21:33 - [TEST_STEP][PASSED] - sheetName = "Sheet1": null

22-11-2024T06:21:33 - [TEST_STEP][PASSED] - data = findTestData("PlanFact"): null

22-11-2024T06:21:33 - [TEST_STEP][PASSED] - n = data.getRowNumbers() + 1: null

22-11-2024T06:21:33 - [TEST_STEP][PASSED] - dZO = getText(findTestObject("Прогноз по отраслям/Фильтр Организация")): Text of object 'Object Repository/Прогноз по отраслям/Фильтр Организация' is: 'Все'

22-11-2024T06:22:03 - [MESSAGE][PASSED] - Text of object 'Object Repository/Прогноз по отраслям/Фильтр Организация' is: 'Все'

22-11-2024T06:22:03 - [TEST_STEP][FAILED] - period = getText(findTestObject("Прогноз по отраслям/Фильтр Месяц")): Unable to get text of object 'Object Repository/Прогноз по отраслям/Фильтр Месяц' (Root cause: com.kms.katalon.core.exception.StepFailedException: Unable to get text of object 'Object Repository/Прогноз по отраслям/Фильтр Месяц'
	at com.kms.katalon.core.webui.keyword.internal.WebUIKeywordMain.stepFailed(WebUIKeywordMain.groovy:64)
	at com.kms.katalon.core.webui.keyword.internal.WebUIKeywordMain.runKeyword(WebUIKeywordMain.groovy:26)
	at com.kms.katalon.core.webui.keyword.builtin.GetTextKeyword.getText(GetTextKeyword.groovy:88)
	at com.kms.katalon.core.webui.keyword.builtin.GetTextKeyword.execute(GetTextKeyword.groovy:67)
	at com.kms.katalon.core.keyword.internal.KeywordExecutor.executeKeywordForPlatform(KeywordExecutor.groovy:74)
	at com.kms.katalon.core.webui.keyword.WebUiBuiltInKeywords.getText(WebUiBuiltInKeywords.groovy:957)
	at Прогноз по отраслям сверка дашбордов.WriteToExcel(Прогноз по отраслям сверка дашбордов:540)
	at Прогноз по отраслям сверка дашбордов.run(Прогноз по отраслям сверка дашбордов:482)
	at com.kms.katalon.core.main.ScriptEngine.run(ScriptEngine.java:194)
	at com.kms.katalon.core.main.ScriptEngine.runScriptAsRawText(ScriptEngine.java:119)
	at com.kms.katalon.core.main.TestCaseExecutor.runScript(TestCaseExecutor.java:448)
	at com.kms.katalon.core.main.TestCaseExecutor.doExecute(TestCaseExecutor.java:439)
	at com.kms.katalon.core.main.TestCaseExecutor.processExecutionPhase(TestCaseExecutor.java:418)
	at com.kms.katalon.core.main.TestCaseExecutor.accessMainPhase(TestCaseExecutor.java:410)
	at com.kms.katalon.core.main.TestCaseExecutor.execute(TestCaseExecutor.java:285)
	at com.kms.katalon.core.common.CommonExecutor.accessTestCaseMainPhase(CommonExecutor.java:65)
	at com.kms.katalon.core.main.TestSuiteExecutor.accessTestSuiteMainPhase(TestSuiteExecutor.java:150)
	at com.kms.katalon.core.main.TestSuiteExecutor.execute(TestSuiteExecutor.java:106)
	at com.kms.katalon.core.main.TestCaseMain.startTestSuite(TestCaseMain.java:180)
	at TempTestSuite1732232929817.run(TempTestSuite1732232929817.groovy:35)
	at java.base/jdk.internal.reflect.NativeMethodAccessorImpl.invoke0(Native Method)
	at java.base/jdk.internal.reflect.NativeMethodAccessorImpl.invoke(NativeMethodAccessorImpl.java:77)
	at java.base/jdk.internal.reflect.DelegatingMethodAccessorImpl.invoke(DelegatingMethodAccessorImpl.java:43)
Caused by: com.kms.katalon.core.webui.exception.WebElementNotFoundException: Web element with id: 'Object Repository/Прогноз по отраслям/Фильтр Месяц' located by '//div[31]/div[2]/div/div/div/div' not found
	at com.kms.katalon.core.webui.common.WebUiCommonHelper.findWebElement(WebUiCommonHelper.java:1426)
	at com.kms.katalon.core.webui.keyword.internal.WebUIAbstractKeyword.findWebElement(WebUIAbstractKeyword.groovy:27)
	at com.kms.katalon.core.webui.keyword.internal.WebUIAbstractKeyword.findWebElement(WebUIAbstractKeyword.groovy:26)
	at com.kms.katalon.core.webui.keyword.builtin.GetTextKeyword$_getText_closure1.doCall(GetTextKeyword.groovy:78)
	at com.kms.katalon.core.webui.keyword.builtin.GetTextKeyword$_getText_closure1.call(GetTextKeyword.groovy)
	at com.kms.katalon.core.webui.keyword.internal.WebUIKeywordMain.runKeyword(WebUIKeywordMain.groovy:20)
	at com.kms.katalon.core.webui.keyword.builtin.GetTextKeyword.getText(GetTextKeyword.groovy:88)
	at com.kms.katalon.core.webui.keyword.builtin.GetTextKeyword.execute(GetTextKeyword.groovy:67)
	at com.kms.katalon.core.keyword.internal.KeywordExecutor.executeKeywordForPlatform(KeywordExecutor.groovy:74)
	at com.kms.katalon.core.webui.keyword.WebUiBuiltInKeywords.getText(WebUiBuiltInKeywords.groovy:957)
	at Script1693826440839.WriteToExcel(Script1693826440839.groovy:540)
	at Script1693826440839.run(Script1693826440839.groovy:482)
	... 15 more
)

22-11-2024T06:22:34 - [MESSAGE][INFO] - Unable to find the element located by 'By.xpath: //div[31]/div[2]/div/div/div/div'. Please recheck the objects properties to make sure the desired element is located. 

22-11-2024T06:22:34 - [MESSAGE][FAILED] - Unable to get text of object 'Object Repository/Прогноз по отраслям/Фильтр Месяц' (Root cause: com.kms.katalon.core.exception.StepFailedException: Unable to get text of object 'Object Repository/Прогноз по отраслям/Фильтр Месяц'
	at com.kms.katalon.core.webui.keyword.internal.WebUIKeywordMain.stepFailed(WebUIKeywordMain.groovy:64)
	at com.kms.katalon.core.webui.keyword.internal.WebUIKeywordMain.runKeyword(WebUIKeywordMain.groovy:26)
	at com.kms.katalon.core.webui.keyword.builtin.GetTextKeyword.getText(GetTextKeyword.groovy:88)
	at com.kms.katalon.core.webui.keyword.builtin.GetTextKeyword.execute(GetTextKeyword.groovy:67)
	at com.kms.katalon.core.keyword.internal.KeywordExecutor.executeKeywordForPlatform(KeywordExecutor.groovy:74)
	at com.kms.katalon.core.webui.keyword.WebUiBuiltInKeywords.getText(WebUiBuiltInKeywords.groovy:957)
	at Прогноз по отраслям сверка дашбордов.WriteToExcel(Прогноз по отраслям сверка дашбордов:540)
	at Прогноз по отраслям сверка дашбордов.run(Прогноз по отраслям сверка дашбордов:482)
	at com.kms.katalon.core.main.ScriptEngine.run(ScriptEngine.java:194)
	at com.kms.katalon.core.main.ScriptEngine.runScriptAsRawText(ScriptEngine.java:119)
	at com.kms.katalon.core.main.TestCaseExecutor.runScript(TestCaseExecutor.java:448)
	at com.kms.katalon.core.main.TestCaseExecutor.doExecute(TestCaseExecutor.java:439)
	at com.kms.katalon.core.main.TestCaseExecutor.processExecutionPhase(TestCaseExecutor.java:418)
	at com.kms.katalon.core.main.TestCaseExecutor.accessMainPhase(TestCaseExecutor.java:410)
	at com.kms.katalon.core.main.TestCaseExecutor.execute(TestCaseExecutor.java:285)
	at com.kms.katalon.core.common.CommonExecutor.accessTestCaseMainPhase(CommonExecutor.java:65)
	at com.kms.katalon.core.main.TestSuiteExecutor.accessTestSuiteMainPhase(TestSuiteExecutor.java:150)
	at com.kms.katalon.core.main.TestSuiteExecutor.execute(TestSuiteExecutor.java:106)
	at com.kms.katalon.core.main.TestCaseMain.startTestSuite(TestCaseMain.java:180)
	at TempTestSuite1732232929817.run(TempTestSuite1732232929817.groovy:35)
	at java.base/jdk.internal.reflect.NativeMethodAccessorImpl.invoke0(Native Method)
	at java.base/jdk.internal.reflect.NativeMethodAccessorImpl.invoke(NativeMethodAccessorImpl.java:77)
	at java.base/jdk.internal.reflect.DelegatingMethodAccessorImpl.invoke(DelegatingMethodAccessorImpl.java:43)
Caused by: com.kms.katalon.core.webui.exception.WebElementNotFoundException: Web element with id: 'Object Repository/Прогноз по отраслям/Фильтр Месяц' located by '//div[31]/div[2]/div/div/div/div' not found
	at com.kms.katalon.core.webui.common.WebUiCommonHelper.findWebElement(WebUiCommonHelper.java:1426)
	at com.kms.katalon.core.webui.keyword.internal.WebUIAbstractKeyword.findWebElement(WebUIAbstractKeyword.groovy:27)
	at com.kms.katalon.core.webui.keyword.internal.WebUIAbstractKeyword.findWebElement(WebUIAbstractKeyword.groovy:26)
	at com.kms.katalon.core.webui.keyword.builtin.GetTextKeyword$_getText_closure1.doCall(GetTextKeyword.groovy:78)
	at com.kms.katalon.core.webui.keyword.builtin.GetTextKeyword$_getText_closure1.call(GetTextKeyword.groovy)
	at com.kms.katalon.core.webui.keyword.internal.WebUIKeywordMain.runKeyword(WebUIKeywordMain.groovy:20)
	at com.kms.katalon.core.webui.keyword.builtin.GetTextKeyword.getText(GetTextKeyword.groovy:88)
	at com.kms.katalon.core.webui.keyword.builtin.GetTextKeyword.execute(GetTextKeyword.groovy:67)
	at com.kms.katalon.core.keyword.internal.KeywordExecutor.executeKeywordForPlatform(KeywordExecutor.groovy:74)
	at com.kms.katalon.core.webui.keyword.WebUiBuiltInKeywords.getText(WebUiBuiltInKeywords.groovy:957)
	at Script1693826440839.WriteToExcel(Script1693826440839.groovy:540)
	at Script1693826440839.run(Script1693826440839.groovy:482)
	... 15 more
)
[[ATTACHMENT|C:\\Users\\LIAZGINA-DI\\git\\SPORU\\Reports\\20241122_024849\\\u041F\u043D-\u0421\u0440-\u041F\u0442\\\u0421\u0432\u0435\u0440\u043A\u0430 \u0434\u0430\u0448\u0431\u043E\u0440\u0434\u043E\u0432 \u0438\u0437 \u0440\u0430\u0437\u043D\u044B\u0445 \u0431\u043B\u043E\u043A\u043E\u0432\\20241122_024849\\1732245754624.png]]

22-11-2024T06:22:34 - [TEST_STEP][PASSED] - println(period): null

22-11-2024T06:22:34 - [TEST_STEP][PASSED] - dashboardName = "Прогноз по отраслям": null

22-11-2024T06:22:34 - [TEST_STEP][PASSED] - workbook01 = getWorkbook(excelFilePath): null

22-11-2024T06:22:34 - [TEST_STEP][PASSED] - sheet01 = getExcelSheet(workbook01, sheetName): null

22-11-2024T06:22:34 - [TEST_STEP][PASSED] - setValueToCellByIndex(sheet01, n, 0, dashboardName): null

22-11-2024T06:22:34 - [TEST_STEP][PASSED] - setValueToCellByIndex(sheet01, n, 1, dZO): null

22-11-2024T06:22:34 - [TEST_STEP][PASSED] - setValueToCellByIndex(sheet01, n, 2, period): null

22-11-2024T06:22:34 - [TEST_STEP][PASSED] - setValueToCellByIndex(sheet01, n, 3, typeOfData): null

22-11-2024T06:22:34 - [TEST_STEP][PASSED] - setValueToCellByIndex(sheet01, n, 4, filterSravnenie): null

22-11-2024T06:22:34 - [TEST_STEP][PASSED] - setValueToCellByIndex(sheet01, n, 5, kpoOtpusk): null

22-11-2024T06:22:34 - [TEST_STEP][PASSED] - setValueToCellByIndex(sheet01, n, 6, todaysDate): null

22-11-2024T06:22:34 - [TEST_STEP][PASSED] - n = n + 1: null

22-11-2024T06:22:34 - [TEST_STEP][PASSED] - saveWorkbook(excelFilePath, workbook01): null

22-11-2024T06:22:34 - [TEST_STEP][FAILED] - if (verifyEqual(a9, b9) == true): Unable to verify equal between actual object '202320232435243511013511013567486748327653327653104941049427182718495249525887588776077760773193191318113181109065109065202320231010186186363615159914144417178888191983835975971010197197373748481010151544181880801919828260860820236633133182827777202020203357572202206868214214258258' and expected object '202320231010190190363614149914144417178080191982825885881010197197373748481010151544181880801919828260860820235531931981811616161620202256562152156767218218239239663313318282777720202020335757220220686821421425825820234747383819192303230310910942422172173939060616161010333320231561563838121239823982269269060626926915152727202020207979' (Root cause: com.kms.katalon.core.exception.StepFailedException: Actual object '202320232435243511013511013567486748327653327653104941049427182718495249525887588776077760773193191318113181109065109065202320231010186186363615159914144417178888191983835975971010197197373748481010151544181880801919828260860820236633133182827777202020203357572202206868214214258258' and expected object '202320231010190190363614149914144417178080191982825885881010197197373748481010151544181880801919828260860820235531931981811616161620202256562152156767218218239239663313318282777720202020335757220220686821421425825820234747383819192303230310910942422172173939060616161010333320231561563838121239823982269269060626926915152727202020207979' are not equal
	at com.kms.katalon.core.keyword.builtin.VerifyEqualKeyword$_verifyEqual_closure1.doCall(VerifyEqualKeyword.groovy:58)
	at com.kms.katalon.core.keyword.builtin.VerifyEqualKeyword$_verifyEqual_closure1.call(VerifyEqualKeyword.groovy)
	at com.kms.katalon.core.keyword.internal.KeywordMain.runKeyword(KeywordMain.groovy:75)
	at com.kms.katalon.core.keyword.builtin.VerifyEqualKeyword.verifyEqual(VerifyEqualKeyword.groovy:63)
	at com.kms.katalon.core.keyword.builtin.VerifyEqualKeyword.execute(VerifyEqualKeyword.groovy:44)
	at com.kms.katalon.core.keyword.internal.KeywordExecutor.executeKeywordForPlatform(KeywordExecutor.groovy:74)
	at com.kms.katalon.core.keyword.BuiltinKeywords.verifyEqual(BuiltinKeywords.groovy:146)
	at jdk.internal.reflect.GeneratedMethodAccessor25.invoke(Unknown Source)
	at java.base/jdk.internal.reflect.DelegatingMethodAccessorImpl.invoke(DelegatingMethodAccessorImpl.java:43)
	at Прогноз по отраслям сверка дашбордов.run(Прогноз по отраслям сверка дашбордов:485)
	at com.kms.katalon.core.main.ScriptEngine.run(ScriptEngine.java:194)
	at com.kms.katalon.core.main.ScriptEngine.runScriptAsRawText(ScriptEngine.java:119)
	at com.kms.katalon.core.main.TestCaseExecutor.runScript(TestCaseExecutor.java:448)
	at com.kms.katalon.core.main.TestCaseExecutor.doExecute(TestCaseExecutor.java:439)
	at com.kms.katalon.core.main.TestCaseExecutor.processExecutionPhase(TestCaseExecutor.java:418)
	at com.kms.katalon.core.main.TestCaseExecutor.accessMainPhase(TestCaseExecutor.java:410)
	at com.kms.katalon.core.main.TestCaseExecutor.execute(TestCaseExecutor.java:285)
	at com.kms.katalon.core.common.CommonExecutor.accessTestCaseMainPhase(CommonExecutor.java:65)
	at com.kms.katalon.core.main.TestSuiteExecutor.accessTestSuiteMainPhase(TestSuiteExecutor.java:150)
	at com.kms.katalon.core.main.TestSuiteExecutor.execute(TestSuiteExecutor.java:106)
	at com.kms.katalon.core.main.TestCaseMain.startTestSuite(TestCaseMain.java:180)
	at TempTestSuite1732232929817.run(TempTestSuite1732232929817.groovy:35)
	at java.base/jdk.internal.reflect.NativeMethodAccessorImpl.invoke0(Native Method)
	at java.base/jdk.internal.reflect.NativeMethodAccessorImpl.invoke(NativeMethodAccessorImpl.java:77)
	at java.base/jdk.internal.reflect.DelegatingMethodAccessorImpl.invoke(DelegatingMethodAccessorImpl.java:43)
)

22-11-2024T06:22:34 - [MESSAGE][FAILED] - Unable to verify equal between actual object '202320232435243511013511013567486748327653327653104941049427182718495249525887588776077760773193191318113181109065109065202320231010186186363615159914144417178888191983835975971010197197373748481010151544181880801919828260860820236633133182827777202020203357572202206868214214258258' and expected object '202320231010190190363614149914144417178080191982825885881010197197373748481010151544181880801919828260860820235531931981811616161620202256562152156767218218239239663313318282777720202020335757220220686821421425825820234747383819192303230310910942422172173939060616161010333320231561563838121239823982269269060626926915152727202020207979' (Root cause: com.kms.katalon.core.exception.StepFailedException: Actual object '202320232435243511013511013567486748327653327653104941049427182718495249525887588776077760773193191318113181109065109065202320231010186186363615159914144417178888191983835975971010197197373748481010151544181880801919828260860820236633133182827777202020203357572202206868214214258258' and expected object '202320231010190190363614149914144417178080191982825885881010197197373748481010151544181880801919828260860820235531931981811616161620202256562152156767218218239239663313318282777720202020335757220220686821421425825820234747383819192303230310910942422172173939060616161010333320231561563838121239823982269269060626926915152727202020207979' are not equal
	at com.kms.katalon.core.keyword.builtin.VerifyEqualKeyword$_verifyEqual_closure1.doCall(VerifyEqualKeyword.groovy:58)
	at com.kms.katalon.core.keyword.builtin.VerifyEqualKeyword$_verifyEqual_closure1.call(VerifyEqualKeyword.groovy)
	at com.kms.katalon.core.keyword.internal.KeywordMain.runKeyword(KeywordMain.groovy:75)
	at com.kms.katalon.core.keyword.builtin.VerifyEqualKeyword.verifyEqual(VerifyEqualKeyword.groovy:63)
	at com.kms.katalon.core.keyword.builtin.VerifyEqualKeyword.execute(VerifyEqualKeyword.groovy:44)
	at com.kms.katalon.core.keyword.internal.KeywordExecutor.executeKeywordForPlatform(KeywordExecutor.groovy:74)
	at com.kms.katalon.core.keyword.BuiltinKeywords.verifyEqual(BuiltinKeywords.groovy:146)
	at jdk.internal.reflect.GeneratedMethodAccessor25.invoke(Unknown Source)
	at java.base/jdk.internal.reflect.DelegatingMethodAccessorImpl.invoke(DelegatingMethodAccessorImpl.java:43)
	at Прогноз по отраслям сверка дашбордов.run(Прогноз по отраслям сверка дашбордов:485)
	at com.kms.katalon.core.main.ScriptEngine.run(ScriptEngine.java:194)
	at com.kms.katalon.core.main.ScriptEngine.runScriptAsRawText(ScriptEngine.java:119)
	at com.kms.katalon.core.main.TestCaseExecutor.runScript(TestCaseExecutor.java:448)
	at com.kms.katalon.core.main.TestCaseExecutor.doExecute(TestCaseExecutor.java:439)
	at com.kms.katalon.core.main.TestCaseExecutor.processExecutionPhase(TestCaseExecutor.java:418)
	at com.kms.katalon.core.main.TestCaseExecutor.accessMainPhase(TestCaseExecutor.java:410)
	at com.kms.katalon.core.main.TestCaseExecutor.execute(TestCaseExecutor.java:285)
	at com.kms.katalon.core.common.CommonExecutor.accessTestCaseMainPhase(CommonExecutor.java:65)
	at com.kms.katalon.core.main.TestSuiteExecutor.accessTestSuiteMainPhase(TestSuiteExecutor.java:150)
	at com.kms.katalon.core.main.TestSuiteExecutor.execute(TestSuiteExecutor.java:106)
	at com.kms.katalon.core.main.TestCaseMain.startTestSuite(TestCaseMain.java:180)
	at TempTestSuite1732232929817.run(TempTestSuite1732232929817.groovy:35)
	at java.base/jdk.internal.reflect.NativeMethodAccessorImpl.invoke0(Native Method)
	at java.base/jdk.internal.reflect.NativeMethodAccessorImpl.invoke(NativeMethodAccessorImpl.java:77)
	at java.base/jdk.internal.reflect.DelegatingMethodAccessorImpl.invoke(DelegatingMethodAccessorImpl.java:43)
)

22-11-2024T06:22:34 - [TEST_STEP][PASSED] - else: null

22-11-2024T06:22:34 - [TEST_STEP][PASSED] - typeOfData = "абс": null

22-11-2024T06:22:34 - [TEST_STEP][PASSED] - filterSravnenie = "План СУ": null

22-11-2024T06:22:34 - [TEST_STEP][PASSED] - kpoOtpusk = "Отпуск": null

22-11-2024T06:22:34 - [TEST_STEP][PASSED] - Script1693826440839.WriteToExcel(todaysDate, typeOfData, filterSravnenie, kpoOtpusk): null

22-11-2024T06:22:34 - [TEST_STEP][PASSED] - sheetName = "Sheet1": null

22-11-2024T06:22:34 - [TEST_STEP][PASSED] - data = findTestData("PlanFact"): null

22-11-2024T06:22:35 - [TEST_STEP][PASSED] - n = data.getRowNumbers() + 1: null

22-11-2024T06:22:35 - [TEST_STEP][PASSED] - dZO = getText(findTestObject("Прогноз по отраслям/Фильтр Организация")): Text of object 'Object Repository/Прогноз по отраслям/Фильтр Организация' is: 'Все'

22-11-2024T06:22:35 - [MESSAGE][PASSED] - Text of object 'Object Repository/Прогноз по отраслям/Фильтр Организация' is: 'Все'

22-11-2024T06:22:35 - [TEST_STEP][FAILED] - period = getText(findTestObject("Прогноз по отраслям/Фильтр Месяц")): Unable to get text of object 'Object Repository/Прогноз по отраслям/Фильтр Месяц' (Root cause: com.kms.katalon.core.exception.StepFailedException: Unable to get text of object 'Object Repository/Прогноз по отраслям/Фильтр Месяц'
	at com.kms.katalon.core.webui.keyword.internal.WebUIKeywordMain.stepFailed(WebUIKeywordMain.groovy:64)
	at com.kms.katalon.core.webui.keyword.internal.WebUIKeywordMain.runKeyword(WebUIKeywordMain.groovy:26)
	at com.kms.katalon.core.webui.keyword.builtin.GetTextKeyword.getText(GetTextKeyword.groovy:88)
	at com.kms.katalon.core.webui.keyword.builtin.GetTextKeyword.execute(GetTextKeyword.groovy:67)
	at com.kms.katalon.core.keyword.internal.KeywordExecutor.executeKeywordForPlatform(KeywordExecutor.groovy:74)
	at com.kms.katalon.core.webui.keyword.WebUiBuiltInKeywords.getText(WebUiBuiltInKeywords.groovy:957)
	at Прогноз по отраслям сверка дашбордов.WriteToExcel(Прогноз по отраслям сверка дашбордов:540)
	at Прогноз по отраслям сверка дашбордов.run(Прогноз по отраслям сверка дашбордов:493)
	at com.kms.katalon.core.main.ScriptEngine.run(ScriptEngine.java:194)
	at com.kms.katalon.core.main.ScriptEngine.runScriptAsRawText(ScriptEngine.java:119)
	at com.kms.katalon.core.main.TestCaseExecutor.runScript(TestCaseExecutor.java:448)
	at com.kms.katalon.core.main.TestCaseExecutor.doExecute(TestCaseExecutor.java:439)
	at com.kms.katalon.core.main.TestCaseExecutor.processExecutionPhase(TestCaseExecutor.java:418)
	at com.kms.katalon.core.main.TestCaseExecutor.accessMainPhase(TestCaseExecutor.java:410)
	at com.kms.katalon.core.main.TestCaseExecutor.execute(TestCaseExecutor.java:285)
	at com.kms.katalon.core.common.CommonExecutor.accessTestCaseMainPhase(CommonExecutor.java:65)
	at com.kms.katalon.core.main.TestSuiteExecutor.accessTestSuiteMainPhase(TestSuiteExecutor.java:150)
	at com.kms.katalon.core.main.TestSuiteExecutor.execute(TestSuiteExecutor.java:106)
	at com.kms.katalon.core.main.TestCaseMain.startTestSuite(TestCaseMain.java:180)
	at TempTestSuite1732232929817.run(TempTestSuite1732232929817.groovy:35)
	at java.base/jdk.internal.reflect.NativeMethodAccessorImpl.invoke0(Native Method)
	at java.base/jdk.internal.reflect.NativeMethodAccessorImpl.invoke(NativeMethodAccessorImpl.java:77)
	at java.base/jdk.internal.reflect.DelegatingMethodAccessorImpl.invoke(DelegatingMethodAccessorImpl.java:43)
Caused by: com.kms.katalon.core.webui.exception.WebElementNotFoundException: Web element with id: 'Object Repository/Прогноз по отраслям/Фильтр Месяц' located by '//div[31]/div[2]/div/div/div/div' not found
	at com.kms.katalon.core.webui.common.WebUiCommonHelper.findWebElement(WebUiCommonHelper.java:1426)
	at com.kms.katalon.core.webui.keyword.internal.WebUIAbstractKeyword.findWebElement(WebUIAbstractKeyword.groovy:27)
	at com.kms.katalon.core.webui.keyword.internal.WebUIAbstractKeyword.findWebElement(WebUIAbstractKeyword.groovy:26)
	at com.kms.katalon.core.webui.keyword.builtin.GetTextKeyword$_getText_closure1.doCall(GetTextKeyword.groovy:78)
	at com.kms.katalon.core.webui.keyword.builtin.GetTextKeyword$_getText_closure1.call(GetTextKeyword.groovy)
	at com.kms.katalon.core.webui.keyword.internal.WebUIKeywordMain.runKeyword(WebUIKeywordMain.groovy:20)
	at com.kms.katalon.core.webui.keyword.builtin.GetTextKeyword.getText(GetTextKeyword.groovy:88)
	at com.kms.katalon.core.webui.keyword.builtin.GetTextKeyword.execute(GetTextKeyword.groovy:67)
	at com.kms.katalon.core.keyword.internal.KeywordExecutor.executeKeywordForPlatform(KeywordExecutor.groovy:74)
	at com.kms.katalon.core.webui.keyword.WebUiBuiltInKeywords.getText(WebUiBuiltInKeywords.groovy:957)
	at Script1693826440839.WriteToExcel(Script1693826440839.groovy:540)
	at Script1693826440839.run(Script1693826440839.groovy:493)
	... 15 more
)

22-11-2024T06:23:06 - [MESSAGE][INFO] - Unable to find the element located by 'By.xpath: //div[31]/div[2]/div/div/div/div'. Please recheck the objects properties to make sure the desired element is located. 

22-11-2024T06:23:06 - [MESSAGE][FAILED] - Unable to get text of object 'Object Repository/Прогноз по отраслям/Фильтр Месяц' (Root cause: com.kms.katalon.core.exception.StepFailedException: Unable to get text of object 'Object Repository/Прогноз по отраслям/Фильтр Месяц'
	at com.kms.katalon.core.webui.keyword.internal.WebUIKeywordMain.stepFailed(WebUIKeywordMain.groovy:64)
	at com.kms.katalon.core.webui.keyword.internal.WebUIKeywordMain.runKeyword(WebUIKeywordMain.groovy:26)
	at com.kms.katalon.core.webui.keyword.builtin.GetTextKeyword.getText(GetTextKeyword.groovy:88)
	at com.kms.katalon.core.webui.keyword.builtin.GetTextKeyword.execute(GetTextKeyword.groovy:67)
	at com.kms.katalon.core.keyword.internal.KeywordExecutor.executeKeywordForPlatform(KeywordExecutor.groovy:74)
	at com.kms.katalon.core.webui.keyword.WebUiBuiltInKeywords.getText(WebUiBuiltInKeywords.groovy:957)
	at Прогноз по отраслям сверка дашбордов.WriteToExcel(Прогноз по отраслям сверка дашбордов:540)
	at Прогноз по отраслям сверка дашбордов.run(Прогноз по отраслям сверка дашбордов:493)
	at com.kms.katalon.core.main.ScriptEngine.run(ScriptEngine.java:194)
	at com.kms.katalon.core.main.ScriptEngine.runScriptAsRawText(ScriptEngine.java:119)
	at com.kms.katalon.core.main.TestCaseExecutor.runScript(TestCaseExecutor.java:448)
	at com.kms.katalon.core.main.TestCaseExecutor.doExecute(TestCaseExecutor.java:439)
	at com.kms.katalon.core.main.TestCaseExecutor.processExecutionPhase(TestCaseExecutor.java:418)
	at com.kms.katalon.core.main.TestCaseExecutor.accessMainPhase(TestCaseExecutor.java:410)
	at com.kms.katalon.core.main.TestCaseExecutor.execute(TestCaseExecutor.java:285)
	at com.kms.katalon.core.common.CommonExecutor.accessTestCaseMainPhase(CommonExecutor.java:65)
	at com.kms.katalon.core.main.TestSuiteExecutor.accessTestSuiteMainPhase(TestSuiteExecutor.java:150)
	at com.kms.katalon.core.main.TestSuiteExecutor.execute(TestSuiteExecutor.java:106)
	at com.kms.katalon.core.main.TestCaseMain.startTestSuite(TestCaseMain.java:180)
	at TempTestSuite1732232929817.run(TempTestSuite1732232929817.groovy:35)
	at java.base/jdk.internal.reflect.NativeMethodAccessorImpl.invoke0(Native Method)
	at java.base/jdk.internal.reflect.NativeMethodAccessorImpl.invoke(NativeMethodAccessorImpl.java:77)
	at java.base/jdk.internal.reflect.DelegatingMethodAccessorImpl.invoke(DelegatingMethodAccessorImpl.java:43)
Caused by: com.kms.katalon.core.webui.exception.WebElementNotFoundException: Web element with id: 'Object Repository/Прогноз по отраслям/Фильтр Месяц' located by '//div[31]/div[2]/div/div/div/div' not found
	at com.kms.katalon.core.webui.common.WebUiCommonHelper.findWebElement(WebUiCommonHelper.java:1426)
	at com.kms.katalon.core.webui.keyword.internal.WebUIAbstractKeyword.findWebElement(WebUIAbstractKeyword.groovy:27)
	at com.kms.katalon.core.webui.keyword.internal.WebUIAbstractKeyword.findWebElement(WebUIAbstractKeyword.groovy:26)
	at com.kms.katalon.core.webui.keyword.builtin.GetTextKeyword$_getText_closure1.doCall(GetTextKeyword.groovy:78)
	at com.kms.katalon.core.webui.keyword.builtin.GetTextKeyword$_getText_closure1.call(GetTextKeyword.groovy)
	at com.kms.katalon.core.webui.keyword.internal.WebUIKeywordMain.runKeyword(WebUIKeywordMain.groovy:20)
	at com.kms.katalon.core.webui.keyword.builtin.GetTextKeyword.getText(GetTextKeyword.groovy:88)
	at com.kms.katalon.core.webui.keyword.builtin.GetTextKeyword.execute(GetTextKeyword.groovy:67)
	at com.kms.katalon.core.keyword.internal.KeywordExecutor.executeKeywordForPlatform(KeywordExecutor.groovy:74)
	at com.kms.katalon.core.webui.keyword.WebUiBuiltInKeywords.getText(WebUiBuiltInKeywords.groovy:957)
	at Script1693826440839.WriteToExcel(Script1693826440839.groovy:540)
	at Script1693826440839.run(Script1693826440839.groovy:493)
	... 15 more
)
[[ATTACHMENT|C:\\Users\\LIAZGINA-DI\\git\\SPORU\\Reports\\20241122_024849\\\u041F\u043D-\u0421\u0440-\u041F\u0442\\\u0421\u0432\u0435\u0440\u043A\u0430 \u0434\u0430\u0448\u0431\u043E\u0440\u0434\u043E\u0432 \u0438\u0437 \u0440\u0430\u0437\u043D\u044B\u0445 \u0431\u043B\u043E\u043A\u043E\u0432\\20241122_024849\\1732245786409.png]]

22-11-2024T06:23:06 - [TEST_STEP][PASSED] - println(period): null

22-11-2024T06:23:06 - [TEST_STEP][PASSED] - dashboardName = "Прогноз по отраслям": null

22-11-2024T06:23:06 - [TEST_STEP][PASSED] - workbook01 = getWorkbook(excelFilePath): null

22-11-2024T06:23:06 - [TEST_STEP][PASSED] - sheet01 = getExcelSheet(workbook01, sheetName): null

22-11-2024T06:23:06 - [TEST_STEP][PASSED] - setValueToCellByIndex(sheet01, n, 0, dashboardName): null

22-11-2024T06:23:06 - [TEST_STEP][PASSED] - setValueToCellByIndex(sheet01, n, 1, dZO): null

22-11-2024T06:23:06 - [TEST_STEP][PASSED] - setValueToCellByIndex(sheet01, n, 2, period): null

22-11-2024T06:23:06 - [TEST_STEP][PASSED] - setValueToCellByIndex(sheet01, n, 3, typeOfData): null

22-11-2024T06:23:06 - [TEST_STEP][PASSED] - setValueToCellByIndex(sheet01, n, 4, filterSravnenie): null

22-11-2024T06:23:06 - [TEST_STEP][PASSED] - setValueToCellByIndex(sheet01, n, 5, kpoOtpusk): null

22-11-2024T06:23:06 - [TEST_STEP][PASSED] - setValueToCellByIndex(sheet01, n, 6, todaysDate): null

22-11-2024T06:23:06 - [TEST_STEP][PASSED] - n = n + 1: null

22-11-2024T06:23:06 - [TEST_STEP][PASSED] - saveWorkbook(excelFilePath, workbook01): null

22-11-2024T06:23:06 - [TEST_STEP][FAILED] - if (verifyEqual(a10, b10) == true): Unable to verify equal between actual object '20232023000064656465341134112455624556245624561796017960676267624524452413862138625275527511304113041287128720234213421345574945574995475954754889348893233742337416826168262919429194711027110219840819840872895728952366482366483102833102832023001201203838414188101000191977772525122122616100120120393939398888112020787826261211216060202355285285727272721818222200505020120161611901902272276633133182827777202020203357572202206868214214258258' and expected object '202320231010190190363614149914144417178080191982825885881010197197373748481010151544181880801919828260860820235531931981811616161620202256562152156767218218239239663313318282777720202020335757220220686821421425825820234747383819192303230310910942422172173939060616161010333320231561563838121239823982269269060626926915152727202020207979' (Root cause: com.kms.katalon.core.exception.StepFailedException: Actual object '20232023000064656465341134112455624556245624561796017960676267624524452413862138625275527511304113041287128720234213421345574945574995475954754889348893233742337416826168262919429194711027110219840819840872895728952366482366483102833102832023001201203838414188101000191977772525122122616100120120393939398888112020787826261211216060202355285285727272721818222200505020120161611901902272276633133182827777202020203357572202206868214214258258' and expected object '202320231010190190363614149914144417178080191982825885881010197197373748481010151544181880801919828260860820235531931981811616161620202256562152156767218218239239663313318282777720202020335757220220686821421425825820234747383819192303230310910942422172173939060616161010333320231561563838121239823982269269060626926915152727202020207979' are not equal
	at com.kms.katalon.core.keyword.builtin.VerifyEqualKeyword$_verifyEqual_closure1.doCall(VerifyEqualKeyword.groovy:58)
	at com.kms.katalon.core.keyword.builtin.VerifyEqualKeyword$_verifyEqual_closure1.call(VerifyEqualKeyword.groovy)
	at com.kms.katalon.core.keyword.internal.KeywordMain.runKeyword(KeywordMain.groovy:75)
	at com.kms.katalon.core.keyword.builtin.VerifyEqualKeyword.verifyEqual(VerifyEqualKeyword.groovy:63)
	at com.kms.katalon.core.keyword.builtin.VerifyEqualKeyword.execute(VerifyEqualKeyword.groovy:44)
	at com.kms.katalon.core.keyword.internal.KeywordExecutor.executeKeywordForPlatform(KeywordExecutor.groovy:74)
	at com.kms.katalon.core.keyword.BuiltinKeywords.verifyEqual(BuiltinKeywords.groovy:146)
	at jdk.internal.reflect.GeneratedMethodAccessor25.invoke(Unknown Source)
	at java.base/jdk.internal.reflect.DelegatingMethodAccessorImpl.invoke(DelegatingMethodAccessorImpl.java:43)
	at Прогноз по отраслям сверка дашбордов.run(Прогноз по отраслям сверка дашбордов:496)
	at com.kms.katalon.core.main.ScriptEngine.run(ScriptEngine.java:194)
	at com.kms.katalon.core.main.ScriptEngine.runScriptAsRawText(ScriptEngine.java:119)
	at com.kms.katalon.core.main.TestCaseExecutor.runScript(TestCaseExecutor.java:448)
	at com.kms.katalon.core.main.TestCaseExecutor.doExecute(TestCaseExecutor.java:439)
	at com.kms.katalon.core.main.TestCaseExecutor.processExecutionPhase(TestCaseExecutor.java:418)
	at com.kms.katalon.core.main.TestCaseExecutor.accessMainPhase(TestCaseExecutor.java:410)
	at com.kms.katalon.core.main.TestCaseExecutor.execute(TestCaseExecutor.java:285)
	at com.kms.katalon.core.common.CommonExecutor.accessTestCaseMainPhase(CommonExecutor.java:65)
	at com.kms.katalon.core.main.TestSuiteExecutor.accessTestSuiteMainPhase(TestSuiteExecutor.java:150)
	at com.kms.katalon.core.main.TestSuiteExecutor.execute(TestSuiteExecutor.java:106)
	at com.kms.katalon.core.main.TestCaseMain.startTestSuite(TestCaseMain.java:180)
	at TempTestSuite1732232929817.run(TempTestSuite1732232929817.groovy:35)
	at java.base/jdk.internal.reflect.NativeMethodAccessorImpl.invoke0(Native Method)
	at java.base/jdk.internal.reflect.NativeMethodAccessorImpl.invoke(NativeMethodAccessorImpl.java:77)
	at java.base/jdk.internal.reflect.DelegatingMethodAccessorImpl.invoke(DelegatingMethodAccessorImpl.java:43)
)

22-11-2024T06:23:06 - [MESSAGE][FAILED] - Unable to verify equal between actual object '20232023000064656465341134112455624556245624561796017960676267624524452413862138625275527511304113041287128720234213421345574945574995475954754889348893233742337416826168262919429194711027110219840819840872895728952366482366483102833102832023001201203838414188101000191977772525122122616100120120393939398888112020787826261211216060202355285285727272721818222200505020120161611901902272276633133182827777202020203357572202206868214214258258' and expected object '202320231010190190363614149914144417178080191982825885881010197197373748481010151544181880801919828260860820235531931981811616161620202256562152156767218218239239663313318282777720202020335757220220686821421425825820234747383819192303230310910942422172173939060616161010333320231561563838121239823982269269060626926915152727202020207979' (Root cause: com.kms.katalon.core.exception.StepFailedException: Actual object '20232023000064656465341134112455624556245624561796017960676267624524452413862138625275527511304113041287128720234213421345574945574995475954754889348893233742337416826168262919429194711027110219840819840872895728952366482366483102833102832023001201203838414188101000191977772525122122616100120120393939398888112020787826261211216060202355285285727272721818222200505020120161611901902272276633133182827777202020203357572202206868214214258258' and expected object '202320231010190190363614149914144417178080191982825885881010197197373748481010151544181880801919828260860820235531931981811616161620202256562152156767218218239239663313318282777720202020335757220220686821421425825820234747383819192303230310910942422172173939060616161010333320231561563838121239823982269269060626926915152727202020207979' are not equal
	at com.kms.katalon.core.keyword.builtin.VerifyEqualKeyword$_verifyEqual_closure1.doCall(VerifyEqualKeyword.groovy:58)
	at com.kms.katalon.core.keyword.builtin.VerifyEqualKeyword$_verifyEqual_closure1.call(VerifyEqualKeyword.groovy)
	at com.kms.katalon.core.keyword.internal.KeywordMain.runKeyword(KeywordMain.groovy:75)
	at com.kms.katalon.core.keyword.builtin.VerifyEqualKeyword.verifyEqual(VerifyEqualKeyword.groovy:63)
	at com.kms.katalon.core.keyword.builtin.VerifyEqualKeyword.execute(VerifyEqualKeyword.groovy:44)
	at com.kms.katalon.core.keyword.internal.KeywordExecutor.executeKeywordForPlatform(KeywordExecutor.groovy:74)
	at com.kms.katalon.core.keyword.BuiltinKeywords.verifyEqual(BuiltinKeywords.groovy:146)
	at jdk.internal.reflect.GeneratedMethodAccessor25.invoke(Unknown Source)
	at java.base/jdk.internal.reflect.DelegatingMethodAccessorImpl.invoke(DelegatingMethodAccessorImpl.java:43)
	at Прогноз по отраслям сверка дашбордов.run(Прогноз по отраслям сверка дашбордов:496)
	at com.kms.katalon.core.main.ScriptEngine.run(ScriptEngine.java:194)
	at com.kms.katalon.core.main.ScriptEngine.runScriptAsRawText(ScriptEngine.java:119)
	at com.kms.katalon.core.main.TestCaseExecutor.runScript(TestCaseExecutor.java:448)
	at com.kms.katalon.core.main.TestCaseExecutor.doExecute(TestCaseExecutor.java:439)
	at com.kms.katalon.core.main.TestCaseExecutor.processExecutionPhase(TestCaseExecutor.java:418)
	at com.kms.katalon.core.main.TestCaseExecutor.accessMainPhase(TestCaseExecutor.java:410)
	at com.kms.katalon.core.main.TestCaseExecutor.execute(TestCaseExecutor.java:285)
	at com.kms.katalon.core.common.CommonExecutor.accessTestCaseMainPhase(CommonExecutor.java:65)
	at com.kms.katalon.core.main.TestSuiteExecutor.accessTestSuiteMainPhase(TestSuiteExecutor.java:150)
	at com.kms.katalon.core.main.TestSuiteExecutor.execute(TestSuiteExecutor.java:106)
	at com.kms.katalon.core.main.TestCaseMain.startTestSuite(TestCaseMain.java:180)
	at TempTestSuite1732232929817.run(TempTestSuite1732232929817.groovy:35)
	at java.base/jdk.internal.reflect.NativeMethodAccessorImpl.invoke0(Native Method)
	at java.base/jdk.internal.reflect.NativeMethodAccessorImpl.invoke(NativeMethodAccessorImpl.java:77)
	at java.base/jdk.internal.reflect.DelegatingMethodAccessorImpl.invoke(DelegatingMethodAccessorImpl.java:43)
)

22-11-2024T06:23:06 - [TEST_STEP][PASSED] - else: null

22-11-2024T06:23:06 - [TEST_STEP][PASSED] - typeOfData = "абс": null

22-11-2024T06:23:06 - [TEST_STEP][PASSED] - filterSravnenie = "Факт прошлого года": null

22-11-2024T06:23:06 - [TEST_STEP][PASSED] - kpoOtpusk = "КПО": null

22-11-2024T06:23:06 - [TEST_STEP][PASSED] - Script1693826440839.WriteToExcel(todaysDate, typeOfData, filterSravnenie, kpoOtpusk): null

22-11-2024T06:23:06 - [TEST_STEP][PASSED] - sheetName = "Sheet1": null

22-11-2024T06:23:06 - [TEST_STEP][PASSED] - data = findTestData("PlanFact"): null

22-11-2024T06:23:06 - [TEST_STEP][PASSED] - n = data.getRowNumbers() + 1: null

22-11-2024T06:23:06 - [TEST_STEP][PASSED] - dZO = getText(findTestObject("Прогноз по отраслям/Фильтр Организация")): Text of object 'Object Repository/Прогноз по отраслям/Фильтр Организация' is: 'Все'

22-11-2024T06:23:07 - [MESSAGE][PASSED] - Text of object 'Object Repository/Прогноз по отраслям/Фильтр Организация' is: 'Все'

22-11-2024T06:23:07 - [TEST_STEP][FAILED] - period = getText(findTestObject("Прогноз по отраслям/Фильтр Месяц")): Unable to get text of object 'Object Repository/Прогноз по отраслям/Фильтр Месяц' (Root cause: com.kms.katalon.core.exception.StepFailedException: Unable to get text of object 'Object Repository/Прогноз по отраслям/Фильтр Месяц'
	at com.kms.katalon.core.webui.keyword.internal.WebUIKeywordMain.stepFailed(WebUIKeywordMain.groovy:64)
	at com.kms.katalon.core.webui.keyword.internal.WebUIKeywordMain.runKeyword(WebUIKeywordMain.groovy:26)
	at com.kms.katalon.core.webui.keyword.builtin.GetTextKeyword.getText(GetTextKeyword.groovy:88)
	at com.kms.katalon.core.webui.keyword.builtin.GetTextKeyword.execute(GetTextKeyword.groovy:67)
	at com.kms.katalon.core.keyword.internal.KeywordExecutor.executeKeywordForPlatform(KeywordExecutor.groovy:74)
	at com.kms.katalon.core.webui.keyword.WebUiBuiltInKeywords.getText(WebUiBuiltInKeywords.groovy:957)
	at Прогноз по отраслям сверка дашбордов.WriteToExcel(Прогноз по отраслям сверка дашбордов:540)
	at Прогноз по отраслям сверка дашбордов.run(Прогноз по отраслям сверка дашбордов:504)
	at com.kms.katalon.core.main.ScriptEngine.run(ScriptEngine.java:194)
	at com.kms.katalon.core.main.ScriptEngine.runScriptAsRawText(ScriptEngine.java:119)
	at com.kms.katalon.core.main.TestCaseExecutor.runScript(TestCaseExecutor.java:448)
	at com.kms.katalon.core.main.TestCaseExecutor.doExecute(TestCaseExecutor.java:439)
	at com.kms.katalon.core.main.TestCaseExecutor.processExecutionPhase(TestCaseExecutor.java:418)
	at com.kms.katalon.core.main.TestCaseExecutor.accessMainPhase(TestCaseExecutor.java:410)
	at com.kms.katalon.core.main.TestCaseExecutor.execute(TestCaseExecutor.java:285)
	at com.kms.katalon.core.common.CommonExecutor.accessTestCaseMainPhase(CommonExecutor.java:65)
	at com.kms.katalon.core.main.TestSuiteExecutor.accessTestSuiteMainPhase(TestSuiteExecutor.java:150)
	at com.kms.katalon.core.main.TestSuiteExecutor.execute(TestSuiteExecutor.java:106)
	at com.kms.katalon.core.main.TestCaseMain.startTestSuite(TestCaseMain.java:180)
	at TempTestSuite1732232929817.run(TempTestSuite1732232929817.groovy:35)
	at java.base/jdk.internal.reflect.NativeMethodAccessorImpl.invoke0(Native Method)
	at java.base/jdk.internal.reflect.NativeMethodAccessorImpl.invoke(NativeMethodAccessorImpl.java:77)
	at java.base/jdk.internal.reflect.DelegatingMethodAccessorImpl.invoke(DelegatingMethodAccessorImpl.java:43)
Caused by: com.kms.katalon.core.webui.exception.WebElementNotFoundException: Web element with id: 'Object Repository/Прогноз по отраслям/Фильтр Месяц' located by '//div[31]/div[2]/div/div/div/div' not found
	at com.kms.katalon.core.webui.common.WebUiCommonHelper.findWebElement(WebUiCommonHelper.java:1426)
	at com.kms.katalon.core.webui.keyword.internal.WebUIAbstractKeyword.findWebElement(WebUIAbstractKeyword.groovy:27)
	at com.kms.katalon.core.webui.keyword.internal.WebUIAbstractKeyword.findWebElement(WebUIAbstractKeyword.groovy:26)
	at com.kms.katalon.core.webui.keyword.builtin.GetTextKeyword$_getText_closure1.doCall(GetTextKeyword.groovy:78)
	at com.kms.katalon.core.webui.keyword.builtin.GetTextKeyword$_getText_closure1.call(GetTextKeyword.groovy)
	at com.kms.katalon.core.webui.keyword.internal.WebUIKeywordMain.runKeyword(WebUIKeywordMain.groovy:20)
	at com.kms.katalon.core.webui.keyword.builtin.GetTextKeyword.getText(GetTextKeyword.groovy:88)
	at com.kms.katalon.core.webui.keyword.builtin.GetTextKeyword.execute(GetTextKeyword.groovy:67)
	at com.kms.katalon.core.keyword.internal.KeywordExecutor.executeKeywordForPlatform(KeywordExecutor.groovy:74)
	at com.kms.katalon.core.webui.keyword.WebUiBuiltInKeywords.getText(WebUiBuiltInKeywords.groovy:957)
	at Script1693826440839.WriteToExcel(Script1693826440839.groovy:540)
	at Script1693826440839.run(Script1693826440839.groovy:504)
	... 15 more
)

22-11-2024T06:23:38 - [MESSAGE][INFO] - Unable to find the element located by 'By.xpath: //div[31]/div[2]/div/div/div/div'. Please recheck the objects properties to make sure the desired element is located. 

22-11-2024T06:23:38 - [MESSAGE][FAILED] - Unable to get text of object 'Object Repository/Прогноз по отраслям/Фильтр Месяц' (Root cause: com.kms.katalon.core.exception.StepFailedException: Unable to get text of object 'Object Repository/Прогноз по отраслям/Фильтр Месяц'
	at com.kms.katalon.core.webui.keyword.internal.WebUIKeywordMain.stepFailed(WebUIKeywordMain.groovy:64)
	at com.kms.katalon.core.webui.keyword.internal.WebUIKeywordMain.runKeyword(WebUIKeywordMain.groovy:26)
	at com.kms.katalon.core.webui.keyword.builtin.GetTextKeyword.getText(GetTextKeyword.groovy:88)
	at com.kms.katalon.core.webui.keyword.builtin.GetTextKeyword.execute(GetTextKeyword.groovy:67)
	at com.kms.katalon.core.keyword.internal.KeywordExecutor.executeKeywordForPlatform(KeywordExecutor.groovy:74)
	at com.kms.katalon.core.webui.keyword.WebUiBuiltInKeywords.getText(WebUiBuiltInKeywords.groovy:957)
	at Прогноз по отраслям сверка дашбордов.WriteToExcel(Прогноз по отраслям сверка дашбордов:540)
	at Прогноз по отраслям сверка дашбордов.run(Прогноз по отраслям сверка дашбордов:504)
	at com.kms.katalon.core.main.ScriptEngine.run(ScriptEngine.java:194)
	at com.kms.katalon.core.main.ScriptEngine.runScriptAsRawText(ScriptEngine.java:119)
	at com.kms.katalon.core.main.TestCaseExecutor.runScript(TestCaseExecutor.java:448)
	at com.kms.katalon.core.main.TestCaseExecutor.doExecute(TestCaseExecutor.java:439)
	at com.kms.katalon.core.main.TestCaseExecutor.processExecutionPhase(TestCaseExecutor.java:418)
	at com.kms.katalon.core.main.TestCaseExecutor.accessMainPhase(TestCaseExecutor.java:410)
	at com.kms.katalon.core.main.TestCaseExecutor.execute(TestCaseExecutor.java:285)
	at com.kms.katalon.core.common.CommonExecutor.accessTestCaseMainPhase(CommonExecutor.java:65)
	at com.kms.katalon.core.main.TestSuiteExecutor.accessTestSuiteMainPhase(TestSuiteExecutor.java:150)
	at com.kms.katalon.core.main.TestSuiteExecutor.execute(TestSuiteExecutor.java:106)
	at com.kms.katalon.core.main.TestCaseMain.startTestSuite(TestCaseMain.java:180)
	at TempTestSuite1732232929817.run(TempTestSuite1732232929817.groovy:35)
	at java.base/jdk.internal.reflect.NativeMethodAccessorImpl.invoke0(Native Method)
	at java.base/jdk.internal.reflect.NativeMethodAccessorImpl.invoke(NativeMethodAccessorImpl.java:77)
	at java.base/jdk.internal.reflect.DelegatingMethodAccessorImpl.invoke(DelegatingMethodAccessorImpl.java:43)
Caused by: com.kms.katalon.core.webui.exception.WebElementNotFoundException: Web element with id: 'Object Repository/Прогноз по отраслям/Фильтр Месяц' located by '//div[31]/div[2]/div/div/div/div' not found
	at com.kms.katalon.core.webui.common.WebUiCommonHelper.findWebElement(WebUiCommonHelper.java:1426)
	at com.kms.katalon.core.webui.keyword.internal.WebUIAbstractKeyword.findWebElement(WebUIAbstractKeyword.groovy:27)
	at com.kms.katalon.core.webui.keyword.internal.WebUIAbstractKeyword.findWebElement(WebUIAbstractKeyword.groovy:26)
	at com.kms.katalon.core.webui.keyword.builtin.GetTextKeyword$_getText_closure1.doCall(GetTextKeyword.groovy:78)
	at com.kms.katalon.core.webui.keyword.builtin.GetTextKeyword$_getText_closure1.call(GetTextKeyword.groovy)
	at com.kms.katalon.core.webui.keyword.internal.WebUIKeywordMain.runKeyword(WebUIKeywordMain.groovy:20)
	at com.kms.katalon.core.webui.keyword.builtin.GetTextKeyword.getText(GetTextKeyword.groovy:88)
	at com.kms.katalon.core.webui.keyword.builtin.GetTextKeyword.execute(GetTextKeyword.groovy:67)
	at com.kms.katalon.core.keyword.internal.KeywordExecutor.executeKeywordForPlatform(KeywordExecutor.groovy:74)
	at com.kms.katalon.core.webui.keyword.WebUiBuiltInKeywords.getText(WebUiBuiltInKeywords.groovy:957)
	at Script1693826440839.WriteToExcel(Script1693826440839.groovy:540)
	at Script1693826440839.run(Script1693826440839.groovy:504)
	... 15 more
)
[[ATTACHMENT|C:\\Users\\LIAZGINA-DI\\git\\SPORU\\Reports\\20241122_024849\\\u041F\u043D-\u0421\u0440-\u041F\u0442\\\u0421\u0432\u0435\u0440\u043A\u0430 \u0434\u0430\u0448\u0431\u043E\u0440\u0434\u043E\u0432 \u0438\u0437 \u0440\u0430\u0437\u043D\u044B\u0445 \u0431\u043B\u043E\u043A\u043E\u0432\\20241122_024849\\1732245818175.png]]

22-11-2024T06:23:38 - [TEST_STEP][PASSED] - println(period): null

22-11-2024T06:23:38 - [TEST_STEP][PASSED] - dashboardName = "Прогноз по отраслям": null

22-11-2024T06:23:38 - [TEST_STEP][PASSED] - workbook01 = getWorkbook(excelFilePath): null

22-11-2024T06:23:38 - [TEST_STEP][PASSED] - sheet01 = getExcelSheet(workbook01, sheetName): null

22-11-2024T06:23:38 - [TEST_STEP][PASSED] - setValueToCellByIndex(sheet01, n, 0, dashboardName): null

22-11-2024T06:23:38 - [TEST_STEP][PASSED] - setValueToCellByIndex(sheet01, n, 1, dZO): null

22-11-2024T06:23:38 - [TEST_STEP][PASSED] - setValueToCellByIndex(sheet01, n, 2, period): null

22-11-2024T06:23:38 - [TEST_STEP][PASSED] - setValueToCellByIndex(sheet01, n, 3, typeOfData): null

22-11-2024T06:23:38 - [TEST_STEP][PASSED] - setValueToCellByIndex(sheet01, n, 4, filterSravnenie): null

22-11-2024T06:23:38 - [TEST_STEP][PASSED] - setValueToCellByIndex(sheet01, n, 5, kpoOtpusk): null

22-11-2024T06:23:38 - [TEST_STEP][PASSED] - setValueToCellByIndex(sheet01, n, 6, todaysDate): null

22-11-2024T06:23:38 - [TEST_STEP][PASSED] - n = n + 1: null

22-11-2024T06:23:38 - [TEST_STEP][PASSED] - saveWorkbook(excelFilePath, workbook01): null

22-11-2024T06:23:38 - [TEST_STEP][FAILED] - if (verifyEqual(a11, b11) == true): Unable to verify equal between actual object '202320230000147171471711865118653244523244521268312683349434948438432398239829694296945892589217984179845359353593202379497949121950121950972797276180396180394222342223121812186662666287328732580965809613426134264463244632183755183755202300119119373777778811191975752525123123555500120120393939398888112020787826261211216060202355319319818116161616202022565621521567672182182392396633133182827777202020203357572202206868214214258258' and expected object '202320231010190190363614149914144417178080191982825885881010197197373748481010151544181880801919828260860820235531931981811616161620202256562152156767218218239239663313318282777720202020335757220220686821421425825820234747383819192303230310910942422172173939060616161010333320231561563838121239823982269269060626926915152727202020207979' (Root cause: com.kms.katalon.core.exception.StepFailedException: Actual object '202320230000147171471711865118653244523244521268312683349434948438432398239829694296945892589217984179845359353593202379497949121950121950972797276180396180394222342223121812186662666287328732580965809613426134264463244632183755183755202300119119373777778811191975752525123123555500120120393939398888112020787826261211216060202355319319818116161616202022565621521567672182182392396633133182827777202020203357572202206868214214258258' and expected object '202320231010190190363614149914144417178080191982825885881010197197373748481010151544181880801919828260860820235531931981811616161620202256562152156767218218239239663313318282777720202020335757220220686821421425825820234747383819192303230310910942422172173939060616161010333320231561563838121239823982269269060626926915152727202020207979' are not equal
	at com.kms.katalon.core.keyword.builtin.VerifyEqualKeyword$_verifyEqual_closure1.doCall(VerifyEqualKeyword.groovy:58)
	at com.kms.katalon.core.keyword.builtin.VerifyEqualKeyword$_verifyEqual_closure1.call(VerifyEqualKeyword.groovy)
	at com.kms.katalon.core.keyword.internal.KeywordMain.runKeyword(KeywordMain.groovy:75)
	at com.kms.katalon.core.keyword.builtin.VerifyEqualKeyword.verifyEqual(VerifyEqualKeyword.groovy:63)
	at com.kms.katalon.core.keyword.builtin.VerifyEqualKeyword.execute(VerifyEqualKeyword.groovy:44)
	at com.kms.katalon.core.keyword.internal.KeywordExecutor.executeKeywordForPlatform(KeywordExecutor.groovy:74)
	at com.kms.katalon.core.keyword.BuiltinKeywords.verifyEqual(BuiltinKeywords.groovy:146)
	at jdk.internal.reflect.GeneratedMethodAccessor25.invoke(Unknown Source)
	at java.base/jdk.internal.reflect.DelegatingMethodAccessorImpl.invoke(DelegatingMethodAccessorImpl.java:43)
	at Прогноз по отраслям сверка дашбордов.run(Прогноз по отраслям сверка дашбордов:507)
	at com.kms.katalon.core.main.ScriptEngine.run(ScriptEngine.java:194)
	at com.kms.katalon.core.main.ScriptEngine.runScriptAsRawText(ScriptEngine.java:119)
	at com.kms.katalon.core.main.TestCaseExecutor.runScript(TestCaseExecutor.java:448)
	at com.kms.katalon.core.main.TestCaseExecutor.doExecute(TestCaseExecutor.java:439)
	at com.kms.katalon.core.main.TestCaseExecutor.processExecutionPhase(TestCaseExecutor.java:418)
	at com.kms.katalon.core.main.TestCaseExecutor.accessMainPhase(TestCaseExecutor.java:410)
	at com.kms.katalon.core.main.TestCaseExecutor.execute(TestCaseExecutor.java:285)
	at com.kms.katalon.core.common.CommonExecutor.accessTestCaseMainPhase(CommonExecutor.java:65)
	at com.kms.katalon.core.main.TestSuiteExecutor.accessTestSuiteMainPhase(TestSuiteExecutor.java:150)
	at com.kms.katalon.core.main.TestSuiteExecutor.execute(TestSuiteExecutor.java:106)
	at com.kms.katalon.core.main.TestCaseMain.startTestSuite(TestCaseMain.java:180)
	at TempTestSuite1732232929817.run(TempTestSuite1732232929817.groovy:35)
	at java.base/jdk.internal.reflect.NativeMethodAccessorImpl.invoke0(Native Method)
	at java.base/jdk.internal.reflect.NativeMethodAccessorImpl.invoke(NativeMethodAccessorImpl.java:77)
	at java.base/jdk.internal.reflect.DelegatingMethodAccessorImpl.invoke(DelegatingMethodAccessorImpl.java:43)
)

22-11-2024T06:23:38 - [MESSAGE][FAILED] - Unable to verify equal between actual object '202320230000147171471711865118653244523244521268312683349434948438432398239829694296945892589217984179845359353593202379497949121950121950972797276180396180394222342223121812186662666287328732580965809613426134264463244632183755183755202300119119373777778811191975752525123123555500120120393939398888112020787826261211216060202355319319818116161616202022565621521567672182182392396633133182827777202020203357572202206868214214258258' and expected object '202320231010190190363614149914144417178080191982825885881010197197373748481010151544181880801919828260860820235531931981811616161620202256562152156767218218239239663313318282777720202020335757220220686821421425825820234747383819192303230310910942422172173939060616161010333320231561563838121239823982269269060626926915152727202020207979' (Root cause: com.kms.katalon.core.exception.StepFailedException: Actual object '202320230000147171471711865118653244523244521268312683349434948438432398239829694296945892589217984179845359353593202379497949121950121950972797276180396180394222342223121812186662666287328732580965809613426134264463244632183755183755202300119119373777778811191975752525123123555500120120393939398888112020787826261211216060202355319319818116161616202022565621521567672182182392396633133182827777202020203357572202206868214214258258' and expected object '202320231010190190363614149914144417178080191982825885881010197197373748481010151544181880801919828260860820235531931981811616161620202256562152156767218218239239663313318282777720202020335757220220686821421425825820234747383819192303230310910942422172173939060616161010333320231561563838121239823982269269060626926915152727202020207979' are not equal
	at com.kms.katalon.core.keyword.builtin.VerifyEqualKeyword$_verifyEqual_closure1.doCall(VerifyEqualKeyword.groovy:58)
	at com.kms.katalon.core.keyword.builtin.VerifyEqualKeyword$_verifyEqual_closure1.call(VerifyEqualKeyword.groovy)
	at com.kms.katalon.core.keyword.internal.KeywordMain.runKeyword(KeywordMain.groovy:75)
	at com.kms.katalon.core.keyword.builtin.VerifyEqualKeyword.verifyEqual(VerifyEqualKeyword.groovy:63)
	at com.kms.katalon.core.keyword.builtin.VerifyEqualKeyword.execute(VerifyEqualKeyword.groovy:44)
	at com.kms.katalon.core.keyword.internal.KeywordExecutor.executeKeywordForPlatform(KeywordExecutor.groovy:74)
	at com.kms.katalon.core.keyword.BuiltinKeywords.verifyEqual(BuiltinKeywords.groovy:146)
	at jdk.internal.reflect.GeneratedMethodAccessor25.invoke(Unknown Source)
	at java.base/jdk.internal.reflect.DelegatingMethodAccessorImpl.invoke(DelegatingMethodAccessorImpl.java:43)
	at Прогноз по отраслям сверка дашбордов.run(Прогноз по отраслям сверка дашбордов:507)
	at com.kms.katalon.core.main.ScriptEngine.run(ScriptEngine.java:194)
	at com.kms.katalon.core.main.ScriptEngine.runScriptAsRawText(ScriptEngine.java:119)
	at com.kms.katalon.core.main.TestCaseExecutor.runScript(TestCaseExecutor.java:448)
	at com.kms.katalon.core.main.TestCaseExecutor.doExecute(TestCaseExecutor.java:439)
	at com.kms.katalon.core.main.TestCaseExecutor.processExecutionPhase(TestCaseExecutor.java:418)
	at com.kms.katalon.core.main.TestCaseExecutor.accessMainPhase(TestCaseExecutor.java:410)
	at com.kms.katalon.core.main.TestCaseExecutor.execute(TestCaseExecutor.java:285)
	at com.kms.katalon.core.common.CommonExecutor.accessTestCaseMainPhase(CommonExecutor.java:65)
	at com.kms.katalon.core.main.TestSuiteExecutor.accessTestSuiteMainPhase(TestSuiteExecutor.java:150)
	at com.kms.katalon.core.main.TestSuiteExecutor.execute(TestSuiteExecutor.java:106)
	at com.kms.katalon.core.main.TestCaseMain.startTestSuite(TestCaseMain.java:180)
	at TempTestSuite1732232929817.run(TempTestSuite1732232929817.groovy:35)
	at java.base/jdk.internal.reflect.NativeMethodAccessorImpl.invoke0(Native Method)
	at java.base/jdk.internal.reflect.NativeMethodAccessorImpl.invoke(NativeMethodAccessorImpl.java:77)
	at java.base/jdk.internal.reflect.DelegatingMethodAccessorImpl.invoke(DelegatingMethodAccessorImpl.java:43)
)

22-11-2024T06:23:38 - [TEST_STEP][PASSED] - else: null

22-11-2024T06:23:38 - [TEST_STEP][PASSED] - typeOfData = "абс": null

22-11-2024T06:23:38 - [TEST_STEP][PASSED] - filterSravnenie = "План": null

22-11-2024T06:23:38 - [TEST_STEP][PASSED] - kpoOtpusk = "КПО": null

22-11-2024T06:23:38 - [TEST_STEP][PASSED] - Script1693826440839.WriteToExcel(todaysDate, typeOfData, filterSravnenie, kpoOtpusk): null

22-11-2024T06:23:38 - [TEST_STEP][PASSED] - sheetName = "Sheet1": null

22-11-2024T06:23:38 - [TEST_STEP][PASSED] - data = findTestData("PlanFact"): null

22-11-2024T06:23:38 - [TEST_STEP][PASSED] - n = data.getRowNumbers() + 1: null

22-11-2024T06:23:38 - [TEST_STEP][PASSED] - dZO = getText(findTestObject("Прогноз по отраслям/Фильтр Организация")): Text of object 'Object Repository/Прогноз по отраслям/Фильтр Организация' is: 'Все'

22-11-2024T06:23:38 - [MESSAGE][PASSED] - Text of object 'Object Repository/Прогноз по отраслям/Фильтр Организация' is: 'Все'

22-11-2024T06:23:38 - [TEST_STEP][FAILED] - period = getText(findTestObject("Прогноз по отраслям/Фильтр Месяц")): Unable to get text of object 'Object Repository/Прогноз по отраслям/Фильтр Месяц' (Root cause: com.kms.katalon.core.exception.StepFailedException: Unable to get text of object 'Object Repository/Прогноз по отраслям/Фильтр Месяц'
	at com.kms.katalon.core.webui.keyword.internal.WebUIKeywordMain.stepFailed(WebUIKeywordMain.groovy:64)
	at com.kms.katalon.core.webui.keyword.internal.WebUIKeywordMain.runKeyword(WebUIKeywordMain.groovy:26)
	at com.kms.katalon.core.webui.keyword.builtin.GetTextKeyword.getText(GetTextKeyword.groovy:88)
	at com.kms.katalon.core.webui.keyword.builtin.GetTextKeyword.execute(GetTextKeyword.groovy:67)
	at com.kms.katalon.core.keyword.internal.KeywordExecutor.executeKeywordForPlatform(KeywordExecutor.groovy:74)
	at com.kms.katalon.core.webui.keyword.WebUiBuiltInKeywords.getText(WebUiBuiltInKeywords.groovy:957)
	at Прогноз по отраслям сверка дашбордов.WriteToExcel(Прогноз по отраслям сверка дашбордов:540)
	at Прогноз по отраслям сверка дашбордов.run(Прогноз по отраслям сверка дашбордов:515)
	at com.kms.katalon.core.main.ScriptEngine.run(ScriptEngine.java:194)
	at com.kms.katalon.core.main.ScriptEngine.runScriptAsRawText(ScriptEngine.java:119)
	at com.kms.katalon.core.main.TestCaseExecutor.runScript(TestCaseExecutor.java:448)
	at com.kms.katalon.core.main.TestCaseExecutor.doExecute(TestCaseExecutor.java:439)
	at com.kms.katalon.core.main.TestCaseExecutor.processExecutionPhase(TestCaseExecutor.java:418)
	at com.kms.katalon.core.main.TestCaseExecutor.accessMainPhase(TestCaseExecutor.java:410)
	at com.kms.katalon.core.main.TestCaseExecutor.execute(TestCaseExecutor.java:285)
	at com.kms.katalon.core.common.CommonExecutor.accessTestCaseMainPhase(CommonExecutor.java:65)
	at com.kms.katalon.core.main.TestSuiteExecutor.accessTestSuiteMainPhase(TestSuiteExecutor.java:150)
	at com.kms.katalon.core.main.TestSuiteExecutor.execute(TestSuiteExecutor.java:106)
	at com.kms.katalon.core.main.TestCaseMain.startTestSuite(TestCaseMain.java:180)
	at TempTestSuite1732232929817.run(TempTestSuite1732232929817.groovy:35)
	at java.base/jdk.internal.reflect.NativeMethodAccessorImpl.invoke0(Native Method)
	at java.base/jdk.internal.reflect.NativeMethodAccessorImpl.invoke(NativeMethodAccessorImpl.java:77)
	at java.base/jdk.internal.reflect.DelegatingMethodAccessorImpl.invoke(DelegatingMethodAccessorImpl.java:43)
Caused by: com.kms.katalon.core.webui.exception.WebElementNotFoundException: Web element with id: 'Object Repository/Прогноз по отраслям/Фильтр Месяц' located by '//div[31]/div[2]/div/div/div/div' not found
	at com.kms.katalon.core.webui.common.WebUiCommonHelper.findWebElement(WebUiCommonHelper.java:1426)
	at com.kms.katalon.core.webui.keyword.internal.WebUIAbstractKeyword.findWebElement(WebUIAbstractKeyword.groovy:27)
	at com.kms.katalon.core.webui.keyword.internal.WebUIAbstractKeyword.findWebElement(WebUIAbstractKeyword.groovy:26)
	at com.kms.katalon.core.webui.keyword.builtin.GetTextKeyword$_getText_closure1.doCall(GetTextKeyword.groovy:78)
	at com.kms.katalon.core.webui.keyword.builtin.GetTextKeyword$_getText_closure1.call(GetTextKeyword.groovy)
	at com.kms.katalon.core.webui.keyword.internal.WebUIKeywordMain.runKeyword(WebUIKeywordMain.groovy:20)
	at com.kms.katalon.core.webui.keyword.builtin.GetTextKeyword.getText(GetTextKeyword.groovy:88)
	at com.kms.katalon.core.webui.keyword.builtin.GetTextKeyword.execute(GetTextKeyword.groovy:67)
	at com.kms.katalon.core.keyword.internal.KeywordExecutor.executeKeywordForPlatform(KeywordExecutor.groovy:74)
	at com.kms.katalon.core.webui.keyword.WebUiBuiltInKeywords.getText(WebUiBuiltInKeywords.groovy:957)
	at Script1693826440839.WriteToExcel(Script1693826440839.groovy:540)
	at Script1693826440839.run(Script1693826440839.groovy:515)
	... 15 more
)

22-11-2024T06:24:09 - [MESSAGE][INFO] - Unable to find the element located by 'By.xpath: //div[31]/div[2]/div/div/div/div'. Please recheck the objects properties to make sure the desired element is located. 

22-11-2024T06:24:10 - [MESSAGE][FAILED] - Unable to get text of object 'Object Repository/Прогноз по отраслям/Фильтр Месяц' (Root cause: com.kms.katalon.core.exception.StepFailedException: Unable to get text of object 'Object Repository/Прогноз по отраслям/Фильтр Месяц'
	at com.kms.katalon.core.webui.keyword.internal.WebUIKeywordMain.stepFailed(WebUIKeywordMain.groovy:64)
	at com.kms.katalon.core.webui.keyword.internal.WebUIKeywordMain.runKeyword(WebUIKeywordMain.groovy:26)
	at com.kms.katalon.core.webui.keyword.builtin.GetTextKeyword.getText(GetTextKeyword.groovy:88)
	at com.kms.katalon.core.webui.keyword.builtin.GetTextKeyword.execute(GetTextKeyword.groovy:67)
	at com.kms.katalon.core.keyword.internal.KeywordExecutor.executeKeywordForPlatform(KeywordExecutor.groovy:74)
	at com.kms.katalon.core.webui.keyword.WebUiBuiltInKeywords.getText(WebUiBuiltInKeywords.groovy:957)
	at Прогноз по отраслям сверка дашбордов.WriteToExcel(Прогноз по отраслям сверка дашбордов:540)
	at Прогноз по отраслям сверка дашбордов.run(Прогноз по отраслям сверка дашбордов:515)
	at com.kms.katalon.core.main.ScriptEngine.run(ScriptEngine.java:194)
	at com.kms.katalon.core.main.ScriptEngine.runScriptAsRawText(ScriptEngine.java:119)
	at com.kms.katalon.core.main.TestCaseExecutor.runScript(TestCaseExecutor.java:448)
	at com.kms.katalon.core.main.TestCaseExecutor.doExecute(TestCaseExecutor.java:439)
	at com.kms.katalon.core.main.TestCaseExecutor.processExecutionPhase(TestCaseExecutor.java:418)
	at com.kms.katalon.core.main.TestCaseExecutor.accessMainPhase(TestCaseExecutor.java:410)
	at com.kms.katalon.core.main.TestCaseExecutor.execute(TestCaseExecutor.java:285)
	at com.kms.katalon.core.common.CommonExecutor.accessTestCaseMainPhase(CommonExecutor.java:65)
	at com.kms.katalon.core.main.TestSuiteExecutor.accessTestSuiteMainPhase(TestSuiteExecutor.java:150)
	at com.kms.katalon.core.main.TestSuiteExecutor.execute(TestSuiteExecutor.java:106)
	at com.kms.katalon.core.main.TestCaseMain.startTestSuite(TestCaseMain.java:180)
	at TempTestSuite1732232929817.run(TempTestSuite1732232929817.groovy:35)
	at java.base/jdk.internal.reflect.NativeMethodAccessorImpl.invoke0(Native Method)
	at java.base/jdk.internal.reflect.NativeMethodAccessorImpl.invoke(NativeMethodAccessorImpl.java:77)
	at java.base/jdk.internal.reflect.DelegatingMethodAccessorImpl.invoke(DelegatingMethodAccessorImpl.java:43)
Caused by: com.kms.katalon.core.webui.exception.WebElementNotFoundException: Web element with id: 'Object Repository/Прогноз по отраслям/Фильтр Месяц' located by '//div[31]/div[2]/div/div/div/div' not found
	at com.kms.katalon.core.webui.common.WebUiCommonHelper.findWebElement(WebUiCommonHelper.java:1426)
	at com.kms.katalon.core.webui.keyword.internal.WebUIAbstractKeyword.findWebElement(WebUIAbstractKeyword.groovy:27)
	at com.kms.katalon.core.webui.keyword.internal.WebUIAbstractKeyword.findWebElement(WebUIAbstractKeyword.groovy:26)
	at com.kms.katalon.core.webui.keyword.builtin.GetTextKeyword$_getText_closure1.doCall(GetTextKeyword.groovy:78)
	at com.kms.katalon.core.webui.keyword.builtin.GetTextKeyword$_getText_closure1.call(GetTextKeyword.groovy)
	at com.kms.katalon.core.webui.keyword.internal.WebUIKeywordMain.runKeyword(WebUIKeywordMain.groovy:20)
	at com.kms.katalon.core.webui.keyword.builtin.GetTextKeyword.getText(GetTextKeyword.groovy:88)
	at com.kms.katalon.core.webui.keyword.builtin.GetTextKeyword.execute(GetTextKeyword.groovy:67)
	at com.kms.katalon.core.keyword.internal.KeywordExecutor.executeKeywordForPlatform(KeywordExecutor.groovy:74)
	at com.kms.katalon.core.webui.keyword.WebUiBuiltInKeywords.getText(WebUiBuiltInKeywords.groovy:957)
	at Script1693826440839.WriteToExcel(Script1693826440839.groovy:540)
	at Script1693826440839.run(Script1693826440839.groovy:515)
	... 15 more
)
[[ATTACHMENT|C:\\Users\\LIAZGINA-DI\\git\\SPORU\\Reports\\20241122_024849\\\u041F\u043D-\u0421\u0440-\u041F\u0442\\\u0421\u0432\u0435\u0440\u043A\u0430 \u0434\u0430\u0448\u0431\u043E\u0440\u0434\u043E\u0432 \u0438\u0437 \u0440\u0430\u0437\u043D\u044B\u0445 \u0431\u043B\u043E\u043A\u043E\u0432\\20241122_024849\\1732245849981.png]]

22-11-2024T06:24:10 - [TEST_STEP][PASSED] - println(period): null

22-11-2024T06:24:10 - [TEST_STEP][PASSED] - dashboardName = "Прогноз по отраслям": null

22-11-2024T06:24:10 - [TEST_STEP][PASSED] - workbook01 = getWorkbook(excelFilePath): null

22-11-2024T06:24:10 - [TEST_STEP][PASSED] - sheet01 = getExcelSheet(workbook01, sheetName): null

22-11-2024T06:24:10 - [TEST_STEP][PASSED] - setValueToCellByIndex(sheet01, n, 0, dashboardName): null

22-11-2024T06:24:10 - [TEST_STEP][PASSED] - setValueToCellByIndex(sheet01, n, 1, dZO): null

22-11-2024T06:24:10 - [TEST_STEP][PASSED] - setValueToCellByIndex(sheet01, n, 2, period): null

22-11-2024T06:24:10 - [TEST_STEP][PASSED] - setValueToCellByIndex(sheet01, n, 3, typeOfData): null

22-11-2024T06:24:10 - [TEST_STEP][PASSED] - setValueToCellByIndex(sheet01, n, 4, filterSravnenie): null

22-11-2024T06:24:10 - [TEST_STEP][PASSED] - setValueToCellByIndex(sheet01, n, 5, kpoOtpusk): null

22-11-2024T06:24:10 - [TEST_STEP][PASSED] - setValueToCellByIndex(sheet01, n, 6, todaysDate): null

22-11-2024T06:24:10 - [TEST_STEP][PASSED] - n = n + 1: null

22-11-2024T06:24:10 - [TEST_STEP][PASSED] - saveWorkbook(excelFilePath, workbook01): null

22-11-2024T06:24:10 - [TEST_STEP][FAILED] - if (verifyEqual(a12, b12) == true): Unable to verify equal between actual object '20232023000012032261203226386554386554390378390378829178291782595825957931793119706619706678310278310225579525579512121971212197604149604149202320230000000000000000000000000012012039393939888811202078782626121121606020236633133182827777202020203357572202206868214214258258' and expected object '202320231010190190363614149914144417178080191982825885881010197197373748481010151544181880801919828260860820235531931981811616161620202256562152156767218218239239663313318282777720202020335757220220686821421425825820234747383819192303230310910942422172173939060616161010333320231561563838121239823982269269060626926915152727202020207979' (Root cause: com.kms.katalon.core.exception.StepFailedException: Actual object '20232023000012032261203226386554386554390378390378829178291782595825957931793119706619706678310278310225579525579512121971212197604149604149202320230000000000000000000000000012012039393939888811202078782626121121606020236633133182827777202020203357572202206868214214258258' and expected object '202320231010190190363614149914144417178080191982825885881010197197373748481010151544181880801919828260860820235531931981811616161620202256562152156767218218239239663313318282777720202020335757220220686821421425825820234747383819192303230310910942422172173939060616161010333320231561563838121239823982269269060626926915152727202020207979' are not equal
	at com.kms.katalon.core.keyword.builtin.VerifyEqualKeyword$_verifyEqual_closure1.doCall(VerifyEqualKeyword.groovy:58)
	at com.kms.katalon.core.keyword.builtin.VerifyEqualKeyword$_verifyEqual_closure1.call(VerifyEqualKeyword.groovy)
	at com.kms.katalon.core.keyword.internal.KeywordMain.runKeyword(KeywordMain.groovy:75)
	at com.kms.katalon.core.keyword.builtin.VerifyEqualKeyword.verifyEqual(VerifyEqualKeyword.groovy:63)
	at com.kms.katalon.core.keyword.builtin.VerifyEqualKeyword.execute(VerifyEqualKeyword.groovy:44)
	at com.kms.katalon.core.keyword.internal.KeywordExecutor.executeKeywordForPlatform(KeywordExecutor.groovy:74)
	at com.kms.katalon.core.keyword.BuiltinKeywords.verifyEqual(BuiltinKeywords.groovy:146)
	at jdk.internal.reflect.GeneratedMethodAccessor25.invoke(Unknown Source)
	at java.base/jdk.internal.reflect.DelegatingMethodAccessorImpl.invoke(DelegatingMethodAccessorImpl.java:43)
	at Прогноз по отраслям сверка дашбордов.run(Прогноз по отраслям сверка дашбордов:518)
	at com.kms.katalon.core.main.ScriptEngine.run(ScriptEngine.java:194)
	at com.kms.katalon.core.main.ScriptEngine.runScriptAsRawText(ScriptEngine.java:119)
	at com.kms.katalon.core.main.TestCaseExecutor.runScript(TestCaseExecutor.java:448)
	at com.kms.katalon.core.main.TestCaseExecutor.doExecute(TestCaseExecutor.java:439)
	at com.kms.katalon.core.main.TestCaseExecutor.processExecutionPhase(TestCaseExecutor.java:418)
	at com.kms.katalon.core.main.TestCaseExecutor.accessMainPhase(TestCaseExecutor.java:410)
	at com.kms.katalon.core.main.TestCaseExecutor.execute(TestCaseExecutor.java:285)
	at com.kms.katalon.core.common.CommonExecutor.accessTestCaseMainPhase(CommonExecutor.java:65)
	at com.kms.katalon.core.main.TestSuiteExecutor.accessTestSuiteMainPhase(TestSuiteExecutor.java:150)
	at com.kms.katalon.core.main.TestSuiteExecutor.execute(TestSuiteExecutor.java:106)
	at com.kms.katalon.core.main.TestCaseMain.startTestSuite(TestCaseMain.java:180)
	at TempTestSuite1732232929817.run(TempTestSuite1732232929817.groovy:35)
	at java.base/jdk.internal.reflect.NativeMethodAccessorImpl.invoke0(Native Method)
	at java.base/jdk.internal.reflect.NativeMethodAccessorImpl.invoke(NativeMethodAccessorImpl.java:77)
	at java.base/jdk.internal.reflect.DelegatingMethodAccessorImpl.invoke(DelegatingMethodAccessorImpl.java:43)
)

22-11-2024T06:24:10 - [MESSAGE][FAILED] - Unable to verify equal between actual object '20232023000012032261203226386554386554390378390378829178291782595825957931793119706619706678310278310225579525579512121971212197604149604149202320230000000000000000000000000012012039393939888811202078782626121121606020236633133182827777202020203357572202206868214214258258' and expected object '202320231010190190363614149914144417178080191982825885881010197197373748481010151544181880801919828260860820235531931981811616161620202256562152156767218218239239663313318282777720202020335757220220686821421425825820234747383819192303230310910942422172173939060616161010333320231561563838121239823982269269060626926915152727202020207979' (Root cause: com.kms.katalon.core.exception.StepFailedException: Actual object '20232023000012032261203226386554386554390378390378829178291782595825957931793119706619706678310278310225579525579512121971212197604149604149202320230000000000000000000000000012012039393939888811202078782626121121606020236633133182827777202020203357572202206868214214258258' and expected object '202320231010190190363614149914144417178080191982825885881010197197373748481010151544181880801919828260860820235531931981811616161620202256562152156767218218239239663313318282777720202020335757220220686821421425825820234747383819192303230310910942422172173939060616161010333320231561563838121239823982269269060626926915152727202020207979' are not equal
	at com.kms.katalon.core.keyword.builtin.VerifyEqualKeyword$_verifyEqual_closure1.doCall(VerifyEqualKeyword.groovy:58)
	at com.kms.katalon.core.keyword.builtin.VerifyEqualKeyword$_verifyEqual_closure1.call(VerifyEqualKeyword.groovy)
	at com.kms.katalon.core.keyword.internal.KeywordMain.runKeyword(KeywordMain.groovy:75)
	at com.kms.katalon.core.keyword.builtin.VerifyEqualKeyword.verifyEqual(VerifyEqualKeyword.groovy:63)
	at com.kms.katalon.core.keyword.builtin.VerifyEqualKeyword.execute(VerifyEqualKeyword.groovy:44)
	at com.kms.katalon.core.keyword.internal.KeywordExecutor.executeKeywordForPlatform(KeywordExecutor.groovy:74)
	at com.kms.katalon.core.keyword.BuiltinKeywords.verifyEqual(BuiltinKeywords.groovy:146)
	at jdk.internal.reflect.GeneratedMethodAccessor25.invoke(Unknown Source)
	at java.base/jdk.internal.reflect.DelegatingMethodAccessorImpl.invoke(DelegatingMethodAccessorImpl.java:43)
	at Прогноз по отраслям сверка дашбордов.run(Прогноз по отраслям сверка дашбордов:518)
	at com.kms.katalon.core.main.ScriptEngine.run(ScriptEngine.java:194)
	at com.kms.katalon.core.main.ScriptEngine.runScriptAsRawText(ScriptEngine.java:119)
	at com.kms.katalon.core.main.TestCaseExecutor.runScript(TestCaseExecutor.java:448)
	at com.kms.katalon.core.main.TestCaseExecutor.doExecute(TestCaseExecutor.java:439)
	at com.kms.katalon.core.main.TestCaseExecutor.processExecutionPhase(TestCaseExecutor.java:418)
	at com.kms.katalon.core.main.TestCaseExecutor.accessMainPhase(TestCaseExecutor.java:410)
	at com.kms.katalon.core.main.TestCaseExecutor.execute(TestCaseExecutor.java:285)
	at com.kms.katalon.core.common.CommonExecutor.accessTestCaseMainPhase(CommonExecutor.java:65)
	at com.kms.katalon.core.main.TestSuiteExecutor.accessTestSuiteMainPhase(TestSuiteExecutor.java:150)
	at com.kms.katalon.core.main.TestSuiteExecutor.execute(TestSuiteExecutor.java:106)
	at com.kms.katalon.core.main.TestCaseMain.startTestSuite(TestCaseMain.java:180)
	at TempTestSuite1732232929817.run(TempTestSuite1732232929817.groovy:35)
	at java.base/jdk.internal.reflect.NativeMethodAccessorImpl.invoke0(Native Method)
	at java.base/jdk.internal.reflect.NativeMethodAccessorImpl.invoke(NativeMethodAccessorImpl.java:77)
	at java.base/jdk.internal.reflect.DelegatingMethodAccessorImpl.invoke(DelegatingMethodAccessorImpl.java:43)
)

22-11-2024T06:24:10 - [TEST_STEP][PASSED] - else: null

22-11-2024T06:24:10 - [TEST_STEP][PASSED] - typeOfData = "абс": null

22-11-2024T06:24:10 - [TEST_STEP][PASSED] - filterSravnenie = "План СУ": null

22-11-2024T06:24:10 - [TEST_STEP][PASSED] - kpoOtpusk = "КПО": null

22-11-2024T06:24:10 - [TEST_STEP][PASSED] - Script1693826440839.WriteToExcel(todaysDate, typeOfData, filterSravnenie, kpoOtpusk): null

22-11-2024T06:24:10 - [TEST_STEP][PASSED] - sheetName = "Sheet1": null

22-11-2024T06:24:10 - [TEST_STEP][PASSED] - data = findTestData("PlanFact"): null

22-11-2024T06:24:10 - [TEST_STEP][PASSED] - n = data.getRowNumbers() + 1: null

22-11-2024T06:24:10 - [TEST_STEP][PASSED] - dZO = getText(findTestObject("Прогноз по отраслям/Фильтр Организация")): Text of object 'Object Repository/Прогноз по отраслям/Фильтр Организация' is: 'Все'

22-11-2024T06:24:10 - [MESSAGE][PASSED] - Text of object 'Object Repository/Прогноз по отраслям/Фильтр Организация' is: 'Все'

22-11-2024T06:24:10 - [TEST_STEP][FAILED] - period = getText(findTestObject("Прогноз по отраслям/Фильтр Месяц")): Unable to get text of object 'Object Repository/Прогноз по отраслям/Фильтр Месяц' (Root cause: com.kms.katalon.core.exception.StepFailedException: Unable to get text of object 'Object Repository/Прогноз по отраслям/Фильтр Месяц'
	at com.kms.katalon.core.webui.keyword.internal.WebUIKeywordMain.stepFailed(WebUIKeywordMain.groovy:64)
	at com.kms.katalon.core.webui.keyword.internal.WebUIKeywordMain.runKeyword(WebUIKeywordMain.groovy:26)
	at com.kms.katalon.core.webui.keyword.builtin.GetTextKeyword.getText(GetTextKeyword.groovy:88)
	at com.kms.katalon.core.webui.keyword.builtin.GetTextKeyword.execute(GetTextKeyword.groovy:67)
	at com.kms.katalon.core.keyword.internal.KeywordExecutor.executeKeywordForPlatform(KeywordExecutor.groovy:74)
	at com.kms.katalon.core.webui.keyword.WebUiBuiltInKeywords.getText(WebUiBuiltInKeywords.groovy:957)
	at Прогноз по отраслям сверка дашбордов.WriteToExcel(Прогноз по отраслям сверка дашбордов:540)
	at Прогноз по отраслям сверка дашбордов.run(Прогноз по отраслям сверка дашбордов:526)
	at com.kms.katalon.core.main.ScriptEngine.run(ScriptEngine.java:194)
	at com.kms.katalon.core.main.ScriptEngine.runScriptAsRawText(ScriptEngine.java:119)
	at com.kms.katalon.core.main.TestCaseExecutor.runScript(TestCaseExecutor.java:448)
	at com.kms.katalon.core.main.TestCaseExecutor.doExecute(TestCaseExecutor.java:439)
	at com.kms.katalon.core.main.TestCaseExecutor.processExecutionPhase(TestCaseExecutor.java:418)
	at com.kms.katalon.core.main.TestCaseExecutor.accessMainPhase(TestCaseExecutor.java:410)
	at com.kms.katalon.core.main.TestCaseExecutor.execute(TestCaseExecutor.java:285)
	at com.kms.katalon.core.common.CommonExecutor.accessTestCaseMainPhase(CommonExecutor.java:65)
	at com.kms.katalon.core.main.TestSuiteExecutor.accessTestSuiteMainPhase(TestSuiteExecutor.java:150)
	at com.kms.katalon.core.main.TestSuiteExecutor.execute(TestSuiteExecutor.java:106)
	at com.kms.katalon.core.main.TestCaseMain.startTestSuite(TestCaseMain.java:180)
	at TempTestSuite1732232929817.run(TempTestSuite1732232929817.groovy:35)
	at java.base/jdk.internal.reflect.NativeMethodAccessorImpl.invoke0(Native Method)
	at java.base/jdk.internal.reflect.NativeMethodAccessorImpl.invoke(NativeMethodAccessorImpl.java:77)
	at java.base/jdk.internal.reflect.DelegatingMethodAccessorImpl.invoke(DelegatingMethodAccessorImpl.java:43)
Caused by: com.kms.katalon.core.webui.exception.WebElementNotFoundException: Web element with id: 'Object Repository/Прогноз по отраслям/Фильтр Месяц' located by '//div[31]/div[2]/div/div/div/div' not found
	at com.kms.katalon.core.webui.common.WebUiCommonHelper.findWebElement(WebUiCommonHelper.java:1426)
	at com.kms.katalon.core.webui.keyword.internal.WebUIAbstractKeyword.findWebElement(WebUIAbstractKeyword.groovy:27)
	at com.kms.katalon.core.webui.keyword.internal.WebUIAbstractKeyword.findWebElement(WebUIAbstractKeyword.groovy:26)
	at com.kms.katalon.core.webui.keyword.builtin.GetTextKeyword$_getText_closure1.doCall(GetTextKeyword.groovy:78)
	at com.kms.katalon.core.webui.keyword.builtin.GetTextKeyword$_getText_closure1.call(GetTextKeyword.groovy)
	at com.kms.katalon.core.webui.keyword.internal.WebUIKeywordMain.runKeyword(WebUIKeywordMain.groovy:20)
	at com.kms.katalon.core.webui.keyword.builtin.GetTextKeyword.getText(GetTextKeyword.groovy:88)
	at com.kms.katalon.core.webui.keyword.builtin.GetTextKeyword.execute(GetTextKeyword.groovy:67)
	at com.kms.katalon.core.keyword.internal.KeywordExecutor.executeKeywordForPlatform(KeywordExecutor.groovy:74)
	at com.kms.katalon.core.webui.keyword.WebUiBuiltInKeywords.getText(WebUiBuiltInKeywords.groovy:957)
	at Script1693826440839.WriteToExcel(Script1693826440839.groovy:540)
	at Script1693826440839.run(Script1693826440839.groovy:526)
	... 15 more
)

22-11-2024T06:24:41 - [MESSAGE][INFO] - Unable to find the element located by 'By.xpath: //div[31]/div[2]/div/div/div/div'. Please recheck the objects properties to make sure the desired element is located. 

22-11-2024T06:24:41 - [MESSAGE][FAILED] - Unable to get text of object 'Object Repository/Прогноз по отраслям/Фильтр Месяц' (Root cause: com.kms.katalon.core.exception.StepFailedException: Unable to get text of object 'Object Repository/Прогноз по отраслям/Фильтр Месяц'
	at com.kms.katalon.core.webui.keyword.internal.WebUIKeywordMain.stepFailed(WebUIKeywordMain.groovy:64)
	at com.kms.katalon.core.webui.keyword.internal.WebUIKeywordMain.runKeyword(WebUIKeywordMain.groovy:26)
	at com.kms.katalon.core.webui.keyword.builtin.GetTextKeyword.getText(GetTextKeyword.groovy:88)
	at com.kms.katalon.core.webui.keyword.builtin.GetTextKeyword.execute(GetTextKeyword.groovy:67)
	at com.kms.katalon.core.keyword.internal.KeywordExecutor.executeKeywordForPlatform(KeywordExecutor.groovy:74)
	at com.kms.katalon.core.webui.keyword.WebUiBuiltInKeywords.getText(WebUiBuiltInKeywords.groovy:957)
	at Прогноз по отраслям сверка дашбордов.WriteToExcel(Прогноз по отраслям сверка дашбордов:540)
	at Прогноз по отраслям сверка дашбордов.run(Прогноз по отраслям сверка дашбордов:526)
	at com.kms.katalon.core.main.ScriptEngine.run(ScriptEngine.java:194)
	at com.kms.katalon.core.main.ScriptEngine.runScriptAsRawText(ScriptEngine.java:119)
	at com.kms.katalon.core.main.TestCaseExecutor.runScript(TestCaseExecutor.java:448)
	at com.kms.katalon.core.main.TestCaseExecutor.doExecute(TestCaseExecutor.java:439)
	at com.kms.katalon.core.main.TestCaseExecutor.processExecutionPhase(TestCaseExecutor.java:418)
	at com.kms.katalon.core.main.TestCaseExecutor.accessMainPhase(TestCaseExecutor.java:410)
	at com.kms.katalon.core.main.TestCaseExecutor.execute(TestCaseExecutor.java:285)
	at com.kms.katalon.core.common.CommonExecutor.accessTestCaseMainPhase(CommonExecutor.java:65)
	at com.kms.katalon.core.main.TestSuiteExecutor.accessTestSuiteMainPhase(TestSuiteExecutor.java:150)
	at com.kms.katalon.core.main.TestSuiteExecutor.execute(TestSuiteExecutor.java:106)
	at com.kms.katalon.core.main.TestCaseMain.startTestSuite(TestCaseMain.java:180)
	at TempTestSuite1732232929817.run(TempTestSuite1732232929817.groovy:35)
	at java.base/jdk.internal.reflect.NativeMethodAccessorImpl.invoke0(Native Method)
	at java.base/jdk.internal.reflect.NativeMethodAccessorImpl.invoke(NativeMethodAccessorImpl.java:77)
	at java.base/jdk.internal.reflect.DelegatingMethodAccessorImpl.invoke(DelegatingMethodAccessorImpl.java:43)
Caused by: com.kms.katalon.core.webui.exception.WebElementNotFoundException: Web element with id: 'Object Repository/Прогноз по отраслям/Фильтр Месяц' located by '//div[31]/div[2]/div/div/div/div' not found
	at com.kms.katalon.core.webui.common.WebUiCommonHelper.findWebElement(WebUiCommonHelper.java:1426)
	at com.kms.katalon.core.webui.keyword.internal.WebUIAbstractKeyword.findWebElement(WebUIAbstractKeyword.groovy:27)
	at com.kms.katalon.core.webui.keyword.internal.WebUIAbstractKeyword.findWebElement(WebUIAbstractKeyword.groovy:26)
	at com.kms.katalon.core.webui.keyword.builtin.GetTextKeyword$_getText_closure1.doCall(GetTextKeyword.groovy:78)
	at com.kms.katalon.core.webui.keyword.builtin.GetTextKeyword$_getText_closure1.call(GetTextKeyword.groovy)
	at com.kms.katalon.core.webui.keyword.internal.WebUIKeywordMain.runKeyword(WebUIKeywordMain.groovy:20)
	at com.kms.katalon.core.webui.keyword.builtin.GetTextKeyword.getText(GetTextKeyword.groovy:88)
	at com.kms.katalon.core.webui.keyword.builtin.GetTextKeyword.execute(GetTextKeyword.groovy:67)
	at com.kms.katalon.core.keyword.internal.KeywordExecutor.executeKeywordForPlatform(KeywordExecutor.groovy:74)
	at com.kms.katalon.core.webui.keyword.WebUiBuiltInKeywords.getText(WebUiBuiltInKeywords.groovy:957)
	at Script1693826440839.WriteToExcel(Script1693826440839.groovy:540)
	at Script1693826440839.run(Script1693826440839.groovy:526)
	... 15 more
)
[[ATTACHMENT|C:\\Users\\LIAZGINA-DI\\git\\SPORU\\Reports\\20241122_024849\\\u041F\u043D-\u0421\u0440-\u041F\u0442\\\u0421\u0432\u0435\u0440\u043A\u0430 \u0434\u0430\u0448\u0431\u043E\u0440\u0434\u043E\u0432 \u0438\u0437 \u0440\u0430\u0437\u043D\u044B\u0445 \u0431\u043B\u043E\u043A\u043E\u0432\\20241122_024849\\1732245881798.png]]

22-11-2024T06:24:41 - [TEST_STEP][PASSED] - println(period): null

22-11-2024T06:24:41 - [TEST_STEP][PASSED] - dashboardName = "Прогноз по отраслям": null

22-11-2024T06:24:41 - [TEST_STEP][PASSED] - workbook01 = getWorkbook(excelFilePath): null

22-11-2024T06:24:41 - [TEST_STEP][PASSED] - sheet01 = getExcelSheet(workbook01, sheetName): null

22-11-2024T06:24:41 - [TEST_STEP][PASSED] - setValueToCellByIndex(sheet01, n, 0, dashboardName): null

22-11-2024T06:24:41 - [TEST_STEP][PASSED] - setValueToCellByIndex(sheet01, n, 1, dZO): null

22-11-2024T06:24:41 - [TEST_STEP][PASSED] - setValueToCellByIndex(sheet01, n, 2, period): null

22-11-2024T06:24:41 - [TEST_STEP][PASSED] - setValueToCellByIndex(sheet01, n, 3, typeOfData): null

22-11-2024T06:24:41 - [TEST_STEP][PASSED] - setValueToCellByIndex(sheet01, n, 4, filterSravnenie): null

22-11-2024T06:24:41 - [TEST_STEP][PASSED] - setValueToCellByIndex(sheet01, n, 5, kpoOtpusk): null

22-11-2024T06:24:41 - [TEST_STEP][PASSED] - setValueToCellByIndex(sheet01, n, 6, todaysDate): null

22-11-2024T06:24:41 - [TEST_STEP][PASSED] - n = n + 1: null

22-11-2024T06:24:41 - [TEST_STEP][PASSED] - saveWorkbook(excelFilePath, workbook01): null

22-11-2024T06:24:42 - [TEST_STEP][PASSED] - closeBrowser(): Browser is closed

22-11-2024T06:24:42 - [MESSAGE][PASSED] - Browser is closed]]></system-out>
         <system-err><![CDATA[22-11-2024T05:10:40 - [TEST_CASE][FAILED] - Test Cases/Сверки дашбордов/Прогноз по отраслям сверка дашбордов: Test Cases/Сверки дашбордов/Прогноз по отраслям сверка дашбордов FAILED.
Reason:
com.kms.katalon.core.exception.StepFailedException: Unable to click on object 'Object Repository/Прогноз по отраслям/Фильтр месяц Стресс' (Root cause: com.kms.katalon.core.exception.StepFailedException: Unable to click on object 'Object Repository/Прогноз по отраслям/Фильтр месяц Стресс'
	at com.kms.katalon.core.webui.keyword.internal.WebUIKeywordMain.stepFailed(WebUIKeywordMain.groovy:64)
	at com.kms.katalon.core.webui.keyword.internal.WebUIKeywordMain.runKeyword(WebUIKeywordMain.groovy:26)
	at com.kms.katalon.core.webui.keyword.builtin.ClickKeyword.click(ClickKeyword.groovy:74)
	at com.kms.katalon.core.webui.keyword.builtin.ClickKeyword.execute(ClickKeyword.groovy:40)
	at com.kms.katalon.core.keyword.internal.KeywordExecutor.executeKeywordForPlatform(KeywordExecutor.groovy:74)
	at com.kms.katalon.core.webui.keyword.WebUiBuiltInKeywords.click(WebUiBuiltInKeywords.groovy:659)
	at Прогноз по отраслям сверка дашбордов.run(Прогноз по отраслям сверка дашбордов:223)
	at com.kms.katalon.core.main.ScriptEngine.run(ScriptEngine.java:194)
	at com.kms.katalon.core.main.ScriptEngine.runScriptAsRawText(ScriptEngine.java:119)
	at com.kms.katalon.core.main.TestCaseExecutor.runScript(TestCaseExecutor.java:448)
	at com.kms.katalon.core.main.TestCaseExecutor.doExecute(TestCaseExecutor.java:439)
	at com.kms.katalon.core.main.TestCaseExecutor.processExecutionPhase(TestCaseExecutor.java:418)
	at com.kms.katalon.core.main.TestCaseExecutor.accessMainPhase(TestCaseExecutor.java:410)
	at com.kms.katalon.core.main.TestCaseExecutor.execute(TestCaseExecutor.java:285)
	at com.kms.katalon.core.common.CommonExecutor.accessTestCaseMainPhase(CommonExecutor.java:65)
	at com.kms.katalon.core.main.TestSuiteExecutor.accessTestSuiteMainPhase(TestSuiteExecutor.java:150)
	at com.kms.katalon.core.main.TestSuiteExecutor.execute(TestSuiteExecutor.java:106)
	at com.kms.katalon.core.main.TestCaseMain.startTestSuite(TestCaseMain.java:180)
	at TempTestSuite1732232929817.run(TempTestSuite1732232929817.groovy:35)
	at java.base/jdk.internal.reflect.NativeMethodAccessorImpl.invoke0(Native Method)
	at java.base/jdk.internal.reflect.NativeMethodAccessorImpl.invoke(NativeMethodAccessorImpl.java:77)
	at java.base/jdk.internal.reflect.DelegatingMethodAccessorImpl.invoke(DelegatingMethodAccessorImpl.java:43)
Caused by: com.kms.katalon.core.webui.exception.WebElementNotFoundException: Web element with id: 'Object Repository/Прогноз по отраслям/Фильтр месяц Стресс' located by '//div[29]/div[2]/div/div/div/div' not found
	at com.kms.katalon.core.webui.common.WebUiCommonHelper.findWebElement(WebUiCommonHelper.java:1426)
	at com.kms.katalon.core.webui.keyword.internal.WebUIAbstractKeyword.findWebElement(WebUIAbstractKeyword.groovy:27)
	at com.kms.katalon.core.webui.keyword.builtin.ClickKeyword$_click_closure1.doCall(ClickKeyword.groovy:65)
	at com.kms.katalon.core.webui.keyword.builtin.ClickKeyword$_click_closure1.call(ClickKeyword.groovy)
	at com.kms.katalon.core.webui.keyword.internal.WebUIKeywordMain.runKeyword(WebUIKeywordMain.groovy:20)
	at com.kms.katalon.core.webui.keyword.builtin.ClickKeyword.click(ClickKeyword.groovy:74)
	at com.kms.katalon.core.webui.keyword.builtin.ClickKeyword.execute(ClickKeyword.groovy:40)
	at com.kms.katalon.core.keyword.internal.KeywordExecutor.executeKeywordForPlatform(KeywordExecutor.groovy:74)
	at com.kms.katalon.core.webui.keyword.WebUiBuiltInKeywords.click(WebUiBuiltInKeywords.groovy:659)
	at Script1693826440839.run(Script1693826440839.groovy:223)
	... 15 more
)
	at com.kms.katalon.core.keyword.internal.KeywordMain.stepFailed(KeywordMain.groovy:39)
	at com.kms.katalon.core.webui.keyword.internal.WebUIKeywordMain.stepFailed(WebUIKeywordMain.groovy:64)
	at com.kms.katalon.core.webui.keyword.internal.WebUIKeywordMain.runKeyword(WebUIKeywordMain.groovy:26)
	at com.kms.katalon.core.webui.keyword.builtin.ClickKeyword.click(ClickKeyword.groovy:74)
	at com.kms.katalon.core.webui.keyword.builtin.ClickKeyword.execute(ClickKeyword.groovy:40)
	at com.kms.katalon.core.keyword.internal.KeywordExecutor.executeKeywordForPlatform(KeywordExecutor.groovy:74)
	at com.kms.katalon.core.webui.keyword.WebUiBuiltInKeywords.click(WebUiBuiltInKeywords.groovy:659)
	at Прогноз по отраслям сверка дашбордов.run(Прогноз по отраслям сверка дашбордов:223)
	at com.kms.katalon.core.main.ScriptEngine.run(ScriptEngine.java:194)
	at com.kms.katalon.core.main.ScriptEngine.runScriptAsRawText(ScriptEngine.java:119)
	at com.kms.katalon.core.main.TestCaseExecutor.runScript(TestCaseExecutor.java:448)
	at com.kms.katalon.core.main.TestCaseExecutor.doExecute(TestCaseExecutor.java:439)
	at com.kms.katalon.core.main.TestCaseExecutor.processExecutionPhase(TestCaseExecutor.java:418)
	at com.kms.katalon.core.main.TestCaseExecutor.accessMainPhase(TestCaseExecutor.java:410)
	at com.kms.katalon.core.main.TestCaseExecutor.execute(TestCaseExecutor.java:285)
	at com.kms.katalon.core.common.CommonExecutor.accessTestCaseMainPhase(CommonExecutor.java:65)
	at com.kms.katalon.core.main.TestSuiteExecutor.accessTestSuiteMainPhase(TestSuiteExecutor.java:150)
	at com.kms.katalon.core.main.TestSuiteExecutor.execute(TestSuiteExecutor.java:106)
	at com.kms.katalon.core.main.TestCaseMain.startTestSuite(TestCaseMain.java:180)
	at TempTestSuite1732232929817.run(TempTestSuite1732232929817.groovy:35)
	at java.base/jdk.internal.reflect.NativeMethodAccessorImpl.invoke0(Native Method)
	at java.base/jdk.internal.reflect.NativeMethodAccessorImpl.invoke(NativeMethodAccessorImpl.java:77)
	at java.base/jdk.internal.reflect.DelegatingMethodAccessorImpl.invoke(DelegatingMethodAccessorImpl.java:43)
Caused by: com.kms.katalon.core.exception.StepFailedException: Unable to click on object 'Object Repository/Прогноз по отраслям/Фильтр месяц Стресс'
	... 22 more
Caused by: com.kms.katalon.core.webui.exception.WebElementNotFoundException: Web element with id: 'Object Repository/Прогноз по отраслям/Фильтр месяц Стресс' located by '//div[29]/div[2]/div/div/div/div' not found
	at com.kms.katalon.core.webui.common.WebUiCommonHelper.findWebElement(WebUiCommonHelper.java:1426)
	at com.kms.katalon.core.webui.keyword.internal.WebUIAbstractKeyword.findWebElement(WebUIAbstractKeyword.groovy:27)
	at com.kms.katalon.core.webui.keyword.builtin.ClickKeyword$_click_closure1.doCall(ClickKeyword.groovy:65)
	at com.kms.katalon.core.webui.keyword.builtin.ClickKeyword$_click_closure1.call(ClickKeyword.groovy)
	at com.kms.katalon.core.webui.keyword.internal.WebUIKeywordMain.runKeyword(WebUIKeywordMain.groovy:20)
	... 20 more]]></system-err>
      </testcase>
      <testcase name="Test Cases/Сверки дашбордов/Факторный анализ сверка дашбордов" time="664.336" classname="Test Cases/Сверки дашбордов/Факторный анализ сверка дашбордов" status="FAILED">
         <failure type="FAILED" message="Test Cases/Сверки дашбордов/Факторный анализ сверка дашбордов FAILED.&#xa;Reason:&#xa;com.kms.katalon.core.exception.StepFailedException: Unable to verify equal between actual object '-331405' and expected object '34260' (Root cause: com.kms.katalon.core.exception.StepFailedException: Actual object '-331405' and expected object '34260' are not equal&#xa;	at com.kms.katalon.core.keyword.builtin.VerifyEqualKeyword$_verifyEqual_closure1.doCall(VerifyEqualKeyword.groovy:58)&#xa;	at com.kms.katalon.core.keyword.builtin.VerifyEqualKeyword$_verifyEqual_closure1.call(VerifyEqualKeyword.groovy)&#xa;	at com.kms.katalon.core.keyword.internal.KeywordMain.runKeyword(KeywordMain.groovy:75)&#xa;	at com.kms.katalon.core.keyword.builtin.VerifyEqualKeyword.verifyEqual(VerifyEqualKeyword.groovy:63)&#xa;	at com.kms.katalon.core.keyword.builtin.VerifyEqualKeyword.execute(VerifyEqualKeyword.groovy:44)&#xa;	at com.kms.katalon.core.keyword.internal.KeywordExecutor.executeKeywordForPlatform(KeywordExecutor.groovy:74)&#xa;	at com.kms.katalon.core.keyword.BuiltinKeywords.verifyEqual(BuiltinKeywords.groovy:146)&#xa;	at jdk.internal.reflect.GeneratedMethodAccessor25.invoke(Unknown Source)&#xa;	at java.base/jdk.internal.reflect.DelegatingMethodAccessorImpl.invoke(DelegatingMethodAccessorImpl.java:43)&#xa;	at Факторный анализ сверка дашбордов.Compare(Факторный анализ сверка дашбордов:658)&#xa;	at Факторный анализ сверка дашбордов.Test(Факторный анализ сверка дашбордов:422)&#xa;	at Факторный анализ сверка дашбордов.run(Факторный анализ сверка дашбордов:44)&#xa;	at com.kms.katalon.core.main.ScriptEngine.run(ScriptEngine.java:194)&#xa;	at com.kms.katalon.core.main.ScriptEngine.runScriptAsRawText(ScriptEngine.java:119)&#xa;	at com.kms.katalon.core.main.TestCaseExecutor.runScript(TestCaseExecutor.java:448)&#xa;	at com.kms.katalon.core.main.TestCaseExecutor.doExecute(TestCaseExecutor.java:439)&#xa;	at com.kms.katalon.core.main.TestCaseExecutor.processExecutionPhase(TestCaseExecutor.java:418)&#xa;	at com.kms.katalon.core.main.TestCaseExecutor.accessMainPhase(TestCaseExecutor.java:410)&#xa;	at com.kms.katalon.core.main.TestCaseExecutor.execute(TestCaseExecutor.java:285)&#xa;	at com.kms.katalon.core.common.CommonExecutor.accessTestCaseMainPhase(CommonExecutor.java:65)&#xa;	at com.kms.katalon.core.main.TestSuiteExecutor.accessTestSuiteMainPhase(TestSuiteExecutor.java:150)&#xa;	at com.kms.katalon.core.main.TestSuiteExecutor.execute(TestSuiteExecutor.java:106)&#xa;	at com.kms.katalon.core.main.TestCaseMain.startTestSuite(TestCaseMain.java:180)&#xa;	at TempTestSuite1732232929817.run(TempTestSuite1732232929817.groovy:35)&#xa;	at java.base/jdk.internal.reflect.NativeMethodAccessorImpl.invoke0(Native Method)&#xa;	at java.base/jdk.internal.reflect.NativeMethodAccessorImpl.invoke(NativeMethodAccessorImpl.java:77)&#xa;	at java.base/jdk.internal.reflect.DelegatingMethodAccessorImpl.invoke(DelegatingMethodAccessorImpl.java:43)&#xa;)&#xa;	at com.kms.katalon.core.keyword.internal.KeywordMain.stepFailed(KeywordMain.groovy:39)&#xa;	at com.kms.katalon.core.keyword.internal.KeywordMain.stepFailed(KeywordMain.groovy)&#xa;	at com.kms.katalon.core.keyword.internal.KeywordMain.runKeyword(KeywordMain.groovy:77)&#xa;	at com.kms.katalon.core.keyword.builtin.VerifyEqualKeyword.verifyEqual(VerifyEqualKeyword.groovy:63)&#xa;	at com.kms.katalon.core.keyword.builtin.VerifyEqualKeyword.execute(VerifyEqualKeyword.groovy:44)&#xa;	at com.kms.katalon.core.keyword.internal.KeywordExecutor.executeKeywordForPlatform(KeywordExecutor.groovy:74)&#xa;	at com.kms.katalon.core.keyword.BuiltinKeywords.verifyEqual(BuiltinKeywords.groovy:146)&#xa;	at jdk.internal.reflect.GeneratedMethodAccessor25.invoke(Unknown Source)&#xa;	at java.base/jdk.internal.reflect.DelegatingMethodAccessorImpl.invoke(DelegatingMethodAccessorImpl.java:43)&#xa;	at Факторный анализ сверка дашбордов.Compare(Факторный анализ сверка дашбордов:658)&#xa;	at Факторный анализ сверка дашбордов.Test(Факторный анализ сверка дашбордов:422)&#xa;	at Факторный анализ сверка дашбордов.run(Факторный анализ сверка дашбордов:44)&#xa;	at com.kms.katalon.core.main.ScriptEngine.run(ScriptEngine.java:194)&#xa;	at com.kms.katalon.core.main.ScriptEngine.runScriptAsRawText(ScriptEngine.java:119)&#xa;	at com.kms.katalon.core.main.TestCaseExecutor.runScript(TestCaseExecutor.java:448)&#xa;	at com.kms.katalon.core.main.TestCaseExecutor.doExecute(TestCaseExecutor.java:439)&#xa;	at com.kms.katalon.core.main.TestCaseExecutor.processExecutionPhase(TestCaseExecutor.java:418)&#xa;	at com.kms.katalon.core.main.TestCaseExecutor.accessMainPhase(TestCaseExecutor.java:410)&#xa;	at com.kms.katalon.core.main.TestCaseExecutor.execute(TestCaseExecutor.java:285)&#xa;	at com.kms.katalon.core.common.CommonExecutor.accessTestCaseMainPhase(CommonExecutor.java:65)&#xa;	at com.kms.katalon.core.main.TestSuiteExecutor.accessTestSuiteMainPhase(TestSuiteExecutor.java:150)&#xa;	at com.kms.katalon.core.main.TestSuiteExecutor.execute(TestSuiteExecutor.java:106)&#xa;	at com.kms.katalon.core.main.TestCaseMain.startTestSuite(TestCaseMain.java:180)&#xa;	at TempTestSuite1732232929817.run(TempTestSuite1732232929817.groovy:35)&#xa;	at java.base/jdk.internal.reflect.NativeMethodAccessorImpl.invoke0(Native Method)&#xa;	at java.base/jdk.internal.reflect.NativeMethodAccessorImpl.invoke(NativeMethodAccessorImpl.java:77)&#xa;	at java.base/jdk.internal.reflect.DelegatingMethodAccessorImpl.invoke(DelegatingMethodAccessorImpl.java:43)&#xa;Caused by: com.kms.katalon.core.exception.StepFailedException: Actual object '-331405' and expected object '34260' are not equal&#xa;	at com.kms.katalon.core.keyword.builtin.VerifyEqualKeyword$_verifyEqual_closure1.doCall(VerifyEqualKeyword.groovy:58)&#xa;	at com.kms.katalon.core.keyword.builtin.VerifyEqualKeyword$_verifyEqual_closure1.call(VerifyEqualKeyword.groovy)&#xa;	at com.kms.katalon.core.keyword.internal.KeywordMain.runKeyword(KeywordMain.groovy:75)&#xa;	... 24 more&#xa;"/>
         <system-out><![CDATA[22-11-2024T06:24:42 - [TEST_CASE][FAILED] - Test Cases/Сверки дашбордов/Факторный анализ сверка дашбордов: Test Cases/Сверки дашбордов/Факторный анализ сверка дашбордов FAILED.
Reason:
com.kms.katalon.core.exception.StepFailedException: Unable to verify equal between actual object '-331405' and expected object '34260' (Root cause: com.kms.katalon.core.exception.StepFailedException: Actual object '-331405' and expected object '34260' are not equal
	at com.kms.katalon.core.keyword.builtin.VerifyEqualKeyword$_verifyEqual_closure1.doCall(VerifyEqualKeyword.groovy:58)
	at com.kms.katalon.core.keyword.builtin.VerifyEqualKeyword$_verifyEqual_closure1.call(VerifyEqualKeyword.groovy)
	at com.kms.katalon.core.keyword.internal.KeywordMain.runKeyword(KeywordMain.groovy:75)
	at com.kms.katalon.core.keyword.builtin.VerifyEqualKeyword.verifyEqual(VerifyEqualKeyword.groovy:63)
	at com.kms.katalon.core.keyword.builtin.VerifyEqualKeyword.execute(VerifyEqualKeyword.groovy:44)
	at com.kms.katalon.core.keyword.internal.KeywordExecutor.executeKeywordForPlatform(KeywordExecutor.groovy:74)
	at com.kms.katalon.core.keyword.BuiltinKeywords.verifyEqual(BuiltinKeywords.groovy:146)
	at jdk.internal.reflect.GeneratedMethodAccessor25.invoke(Unknown Source)
	at java.base/jdk.internal.reflect.DelegatingMethodAccessorImpl.invoke(DelegatingMethodAccessorImpl.java:43)
	at Факторный анализ сверка дашбордов.Compare(Факторный анализ сверка дашбордов:658)
	at Факторный анализ сверка дашбордов.Test(Факторный анализ сверка дашбордов:422)
	at Факторный анализ сверка дашбордов.run(Факторный анализ сверка дашбордов:44)
	at com.kms.katalon.core.main.ScriptEngine.run(ScriptEngine.java:194)
	at com.kms.katalon.core.main.ScriptEngine.runScriptAsRawText(ScriptEngine.java:119)
	at com.kms.katalon.core.main.TestCaseExecutor.runScript(TestCaseExecutor.java:448)
	at com.kms.katalon.core.main.TestCaseExecutor.doExecute(TestCaseExecutor.java:439)
	at com.kms.katalon.core.main.TestCaseExecutor.processExecutionPhase(TestCaseExecutor.java:418)
	at com.kms.katalon.core.main.TestCaseExecutor.accessMainPhase(TestCaseExecutor.java:410)
	at com.kms.katalon.core.main.TestCaseExecutor.execute(TestCaseExecutor.java:285)
	at com.kms.katalon.core.common.CommonExecutor.accessTestCaseMainPhase(CommonExecutor.java:65)
	at com.kms.katalon.core.main.TestSuiteExecutor.accessTestSuiteMainPhase(TestSuiteExecutor.java:150)
	at com.kms.katalon.core.main.TestSuiteExecutor.execute(TestSuiteExecutor.java:106)
	at com.kms.katalon.core.main.TestCaseMain.startTestSuite(TestCaseMain.java:180)
	at TempTestSuite1732232929817.run(TempTestSuite1732232929817.groovy:35)
	at java.base/jdk.internal.reflect.NativeMethodAccessorImpl.invoke0(Native Method)
	at java.base/jdk.internal.reflect.NativeMethodAccessorImpl.invoke(NativeMethodAccessorImpl.java:77)
	at java.base/jdk.internal.reflect.DelegatingMethodAccessorImpl.invoke(DelegatingMethodAccessorImpl.java:43)
)
	at com.kms.katalon.core.keyword.internal.KeywordMain.stepFailed(KeywordMain.groovy:39)
	at com.kms.katalon.core.keyword.internal.KeywordMain.stepFailed(KeywordMain.groovy)
	at com.kms.katalon.core.keyword.internal.KeywordMain.runKeyword(KeywordMain.groovy:77)
	at com.kms.katalon.core.keyword.builtin.VerifyEqualKeyword.verifyEqual(VerifyEqualKeyword.groovy:63)
	at com.kms.katalon.core.keyword.builtin.VerifyEqualKeyword.execute(VerifyEqualKeyword.groovy:44)
	at com.kms.katalon.core.keyword.internal.KeywordExecutor.executeKeywordForPlatform(KeywordExecutor.groovy:74)
	at com.kms.katalon.core.keyword.BuiltinKeywords.verifyEqual(BuiltinKeywords.groovy:146)
	at jdk.internal.reflect.GeneratedMethodAccessor25.invoke(Unknown Source)
	at java.base/jdk.internal.reflect.DelegatingMethodAccessorImpl.invoke(DelegatingMethodAccessorImpl.java:43)
	at Факторный анализ сверка дашбордов.Compare(Факторный анализ сверка дашбордов:658)
	at Факторный анализ сверка дашбордов.Test(Факторный анализ сверка дашбордов:422)
	at Факторный анализ сверка дашбордов.run(Факторный анализ сверка дашбордов:44)
	at com.kms.katalon.core.main.ScriptEngine.run(ScriptEngine.java:194)
	at com.kms.katalon.core.main.ScriptEngine.runScriptAsRawText(ScriptEngine.java:119)
	at com.kms.katalon.core.main.TestCaseExecutor.runScript(TestCaseExecutor.java:448)
	at com.kms.katalon.core.main.TestCaseExecutor.doExecute(TestCaseExecutor.java:439)
	at com.kms.katalon.core.main.TestCaseExecutor.processExecutionPhase(TestCaseExecutor.java:418)
	at com.kms.katalon.core.main.TestCaseExecutor.accessMainPhase(TestCaseExecutor.java:410)
	at com.kms.katalon.core.main.TestCaseExecutor.execute(TestCaseExecutor.java:285)
	at com.kms.katalon.core.common.CommonExecutor.accessTestCaseMainPhase(CommonExecutor.java:65)
	at com.kms.katalon.core.main.TestSuiteExecutor.accessTestSuiteMainPhase(TestSuiteExecutor.java:150)
	at com.kms.katalon.core.main.TestSuiteExecutor.execute(TestSuiteExecutor.java:106)
	at com.kms.katalon.core.main.TestCaseMain.startTestSuite(TestCaseMain.java:180)
	at TempTestSuite1732232929817.run(TempTestSuite1732232929817.groovy:35)
	at java.base/jdk.internal.reflect.NativeMethodAccessorImpl.invoke0(Native Method)
	at java.base/jdk.internal.reflect.NativeMethodAccessorImpl.invoke(NativeMethodAccessorImpl.java:77)
	at java.base/jdk.internal.reflect.DelegatingMethodAccessorImpl.invoke(DelegatingMethodAccessorImpl.java:43)
Caused by: com.kms.katalon.core.exception.StepFailedException: Actual object '-331405' and expected object '34260' are not equal
	at com.kms.katalon.core.keyword.builtin.VerifyEqualKeyword$_verifyEqual_closure1.doCall(VerifyEqualKeyword.groovy:58)
	at com.kms.katalon.core.keyword.builtin.VerifyEqualKeyword$_verifyEqual_closure1.call(VerifyEqualKeyword.groovy)
	at com.kms.katalon.core.keyword.internal.KeywordMain.runKeyword(KeywordMain.groovy:75)
	... 24 more


22-11-2024T06:24:42 - [TEST_STEP][PASSED] - date = new java.util.Date(): null

22-11-2024T06:24:42 - [TEST_STEP][PASSED] - todaysDate = date.format("dd.MM.yyyy"): null

22-11-2024T06:24:42 - [TEST_STEP][PASSED] - typeOfData = <not implemented yet for class: org.codehaus.groovy.ast.expr.EmptyExpression>: null

22-11-2024T06:24:42 - [TEST_STEP][PASSED] - otobrajeniyeDannyh = <not implemented yet for class: org.codehaus.groovy.ast.expr.EmptyExpression>: null

22-11-2024T06:24:42 - [TEST_STEP][PASSED] - println(todaysDate): null

22-11-2024T06:24:42 - [TEST_STEP][PASSED] - vidget = <not implemented yet for class: org.codehaus.groovy.ast.expr.EmptyExpression>: null

22-11-2024T06:24:42 - [TEST_STEP][PASSED] - x = <not implemented yet for class: org.codehaus.groovy.ast.expr.EmptyExpression>: null

22-11-2024T06:24:42 - [TEST_STEP][PASSED] - y = <not implemented yet for class: org.codehaus.groovy.ast.expr.EmptyExpression>: null

22-11-2024T06:24:42 - [TEST_STEP][PASSED] - DZO = <not implemented yet for class: org.codehaus.groovy.ast.expr.EmptyExpression>: null

22-11-2024T06:24:42 - [TEST_STEP][PASSED] - openBrowser(""): Browser is opened with url: ''

22-11-2024T06:24:42 - [MESSAGE][INFO] - Starting 'Chrome' driver

22-11-2024T06:24:42 - [MESSAGE][INFO] - Action delay is set to 0 milliseconds

22-11-2024T06:24:43 - [MESSAGE][PASSED] - Browser is opened with url: ''

22-11-2024T06:24:43 - [TEST_STEP][PASSED] - run = 1: null

22-11-2024T06:24:43 - [TEST_STEP][PASSED] - for ([run = 1, run < 3, (run++)]): null

22-11-2024T06:24:43 - [TEST_STEP][PASSED] - Script1719551244403.Test(run, todaysDate, typeOfData, otobrajeniyeDannyh, x, y, vidget, DZO): null

22-11-2024T06:24:43 - [TEST_STEP][PASSED] - navigateToUrl(findTestData("PlanFact").getValue(10, 3)): Navigate to 'https://bi.rosseti.digital/viewer?dashboardGuid=2301950b23be4ed89c1df75f2020051e&sheetGuid=ccd7d7486b3d4e6fa0ee9b1eaebed46c&fit=true' successfully

22-11-2024T06:24:55 - [MESSAGE][PASSED] - Navigate to 'https://bi.rosseti.digital/viewer?dashboardGuid=2301950b23be4ed89c1df75f2020051e&sheetGuid=ccd7d7486b3d4e6fa0ee9b1eaebed46c&fit=true' successfully

22-11-2024T06:24:55 - [TEST_STEP][PASSED] - Script1719551244403.Autorization(run): null

22-11-2024T06:24:55 - [TEST_STEP][PASSED] - delay(10): Delayed 10 second(s)

22-11-2024T06:25:05 - [MESSAGE][PASSED] - Delayed 10 second(s)

22-11-2024T06:25:05 - [TEST_STEP][PASSED] - if (run == 1): Delayed 10 second(s)

22-11-2024T06:25:05 - [TEST_STEP][PASSED] - setText(findTestObject("Страница авторизации/input__username"), findTestData("PlanFact").getValue(8, 1)): Text 'liazgina-di' is set on object 'Object Repository/Страница авторизации/input__username'

22-11-2024T06:25:06 - [MESSAGE][PASSED] - Text 'liazgina-di' is set on object 'Object Repository/Страница авторизации/input__username'

22-11-2024T06:25:06 - [TEST_STEP][PASSED] - setText(findTestObject("Страница авторизации/input__password"), findTestData("PlanFact").getValue(9, 1)): Text ')$%5srZ8o688Dm#q' is set on object 'Object Repository/Страница авторизации/input__password'

22-11-2024T06:25:06 - [MESSAGE][PASSED] - Text ')$%5srZ8o688Dm#q' is set on object 'Object Repository/Страница авторизации/input__password'

22-11-2024T06:25:06 - [TEST_STEP][PASSED] - click(findTestObject("Страница авторизации/button_")): Object: 'Object Repository/Страница авторизации/button_' is clicked on

22-11-2024T06:25:09 - [MESSAGE][PASSED] - Object: 'Object Repository/Страница авторизации/button_' is clicked on

22-11-2024T06:25:09 - [TEST_STEP][PASSED] - delay(10): Delayed 10 second(s)

22-11-2024T06:25:19 - [MESSAGE][PASSED] - Delayed 10 second(s)

22-11-2024T06:25:19 - [TEST_STEP][PASSED] - i = <not implemented yet for class: org.codehaus.groovy.ast.expr.EmptyExpression>: null

22-11-2024T06:25:19 - [TEST_STEP][PASSED] - ii = <not implemented yet for class: org.codehaus.groovy.ast.expr.EmptyExpression>: null

22-11-2024T06:25:19 - [TEST_STEP][PASSED] - a = <not implemented yet for class: org.codehaus.groovy.ast.expr.EmptyExpression>: null

22-11-2024T06:25:19 - [TEST_STEP][PASSED] - a1 = <not implemented yet for class: org.codehaus.groovy.ast.expr.EmptyExpression>: null

22-11-2024T06:25:19 - [TEST_STEP][PASSED] - a2 = <not implemented yet for class: org.codehaus.groovy.ast.expr.EmptyExpression>: null

22-11-2024T06:25:19 - [TEST_STEP][PASSED] - click(findTestObject("Факторный анализ/Фильтр Период")): Object: 'Object Repository/Факторный анализ/Фильтр Период' is clicked on

22-11-2024T06:25:30 - [MESSAGE][PASSED] - Object: 'Object Repository/Факторный анализ/Фильтр Период' is clicked on

22-11-2024T06:25:30 - [TEST_STEP][PASSED] - click(findTestObject("Факторный анализ/Снять выделение в фильтре Дата")): Object: 'Object Repository/Факторный анализ/Снять выделение в фильтре Дата' is clicked on

22-11-2024T06:25:30 - [MESSAGE][PASSED] - Object: 'Object Repository/Факторный анализ/Снять выделение в фильтре Дата' is clicked on

22-11-2024T06:25:30 - [TEST_STEP][PASSED] - click(findTestObject("Факторный анализ/Применить в фильтре Дата")): Object: 'Object Repository/Факторный анализ/Применить в фильтре Дата' is clicked on

22-11-2024T06:25:31 - [MESSAGE][PASSED] - Object: 'Object Repository/Факторный анализ/Применить в фильтре Дата' is clicked on

22-11-2024T06:25:31 - [TEST_STEP][PASSED] - delay(10): Delayed 10 second(s)

22-11-2024T06:25:41 - [MESSAGE][PASSED] - Delayed 10 second(s)

22-11-2024T06:25:41 - [TEST_STEP][PASSED] - click(findTestObject("Факторный анализ/Фильтр Период")): Object: 'Object Repository/Факторный анализ/Фильтр Период' is clicked on

22-11-2024T06:25:41 - [MESSAGE][PASSED] - Object: 'Object Repository/Факторный анализ/Фильтр Период' is clicked on

22-11-2024T06:25:41 - [TEST_STEP][PASSED] - click(findTestObject("Факторный анализ/Снять выделение в фильтре Дата")): Object: 'Object Repository/Факторный анализ/Снять выделение в фильтре Дата' is clicked on

22-11-2024T06:25:42 - [MESSAGE][PASSED] - Object: 'Object Repository/Факторный анализ/Снять выделение в фильтре Дата' is clicked on

22-11-2024T06:25:42 - [TEST_STEP][PASSED] - scrollToElement(findTestObject("Факторный анализ/2024 список"), 30): Scroll to object 'Object Repository/Факторный анализ/2024 список' successfully

22-11-2024T06:25:42 - [MESSAGE][PASSED] - Scroll to object 'Object Repository/Факторный анализ/2024 список' successfully

22-11-2024T06:25:42 - [TEST_STEP][PASSED] - click(findTestObject("Факторный анализ/2024 список")): Object: 'Object Repository/Факторный анализ/2024 список' is clicked on

22-11-2024T06:25:43 - [MESSAGE][PASSED] - Object: 'Object Repository/Факторный анализ/2024 список' is clicked on

22-11-2024T06:25:43 - [TEST_STEP][PASSED] - scrollToElement(findTestObject("Факторный анализ/1 квартал 2024 выбрать"), 30): Scroll to object 'Object Repository/Факторный анализ/1 квартал 2024 выбрать' successfully

22-11-2024T06:25:43 - [MESSAGE][PASSED] - Scroll to object 'Object Repository/Факторный анализ/1 квартал 2024 выбрать' successfully

22-11-2024T06:25:43 - [TEST_STEP][PASSED] - click(findTestObject("Факторный анализ/1 квартал 2024 выбрать")): Object: 'Object Repository/Факторный анализ/1 квартал 2024 выбрать' is clicked on

22-11-2024T06:25:43 - [MESSAGE][PASSED] - Object: 'Object Repository/Факторный анализ/1 квартал 2024 выбрать' is clicked on

22-11-2024T06:25:43 - [TEST_STEP][PASSED] - scrollToElement(findTestObject("Факторный анализ/1 квартал 2024 выбрать"), 30): Scroll to object 'Object Repository/Факторный анализ/1 квартал 2024 выбрать' successfully

22-11-2024T06:25:44 - [MESSAGE][PASSED] - Scroll to object 'Object Repository/Факторный анализ/1 квартал 2024 выбрать' successfully

22-11-2024T06:25:44 - [TEST_STEP][PASSED] - click(findTestObject("Факторный анализ/2 квартал 2024 выбрать"), CONTINUE_ON_FAILURE): Object: 'Object Repository/Факторный анализ/2 квартал 2024 выбрать' is clicked on

22-11-2024T06:25:44 - [MESSAGE][PASSED] - Object: 'Object Repository/Факторный анализ/2 квартал 2024 выбрать' is clicked on

22-11-2024T06:25:44 - [TEST_STEP][PASSED] - click(findTestObject("Факторный анализ/3 квартал 2024 выбрать"), CONTINUE_ON_FAILURE): Object: 'Object Repository/Факторный анализ/3 квартал 2024 выбрать' is clicked on

22-11-2024T06:25:45 - [MESSAGE][PASSED] - Object: 'Object Repository/Факторный анализ/3 квартал 2024 выбрать' is clicked on

22-11-2024T06:25:45 - [TEST_STEP][PASSED] - scrollToElement(findTestObject("Факторный анализ/Заголовок дашборда"), 30): Scroll to object 'Object Repository/Факторный анализ/Заголовок дашборда' successfully

22-11-2024T06:25:45 - [MESSAGE][PASSED] - Scroll to object 'Object Repository/Факторный анализ/Заголовок дашборда' successfully

22-11-2024T06:25:45 - [TEST_STEP][PASSED] - click(findTestObject("Факторный анализ/Применить в фильтре Дата")): Object: 'Object Repository/Факторный анализ/Применить в фильтре Дата' is clicked on

22-11-2024T06:25:46 - [MESSAGE][PASSED] - Object: 'Object Repository/Факторный анализ/Применить в фильтре Дата' is clicked on

22-11-2024T06:25:46 - [TEST_STEP][PASSED] - if (run == 1): null

22-11-2024T06:25:46 - [TEST_STEP][PASSED] - a = getText(findTestObject("Факторный анализ/Отклонения выручки по факторам Блок руководителя")): Text of object 'Object Repository/Факторный анализ/Отклонения выручки по факторам Блок руководителя' is: '-331 405-331 405
-7 906-7 906
Отклонение (объём услуг)
Отклонение (средний тариф)
ПАО Россети'

22-11-2024T06:25:48 - [MESSAGE][PASSED] - Text of object 'Object Repository/Факторный анализ/Отклонения выручки по факторам Блок руководителя' is: '-331 405-331 405
-7 906-7 906
Отклонение (объём услуг)
Отклонение (средний тариф)
ПАО Россети'

22-11-2024T06:25:48 - [TEST_STEP][PASSED] - a = a.replaceAll("[\r?
|
]", "/"): null

22-11-2024T06:25:48 - [TEST_STEP][PASSED] - i = a.indexOf("Отклонение"): null

22-11-2024T06:25:48 - [TEST_STEP][PASSED] - if (i > -1): null

22-11-2024T06:25:48 - [TEST_STEP][PASSED] - i = i: null

22-11-2024T06:25:48 - [TEST_STEP][PASSED] - a = substring(0, i).trim(): null

22-11-2024T06:25:48 - [TEST_STEP][PASSED] - println("a: " + a): null

22-11-2024T06:25:48 - [TEST_STEP][PASSED] - i = a.indexOf("/"): null

22-11-2024T06:25:48 - [TEST_STEP][PASSED] - if (i > -1): null

22-11-2024T06:25:48 - [TEST_STEP][PASSED] - a1 = a.substring(0, i): null

22-11-2024T06:25:48 - [TEST_STEP][PASSED] - println("a1: " + a1): null

22-11-2024T06:25:48 - [TEST_STEP][PASSED] - a2 = a.substring(a1.length() + 1, a.length()): null

22-11-2024T06:25:48 - [TEST_STEP][PASSED] - println("a2: " + a2): null

22-11-2024T06:25:48 - [TEST_STEP][PASSED] - i = a1.length() / 2: null

22-11-2024T06:25:48 - [TEST_STEP][PASSED] - if (i > -1): null

22-11-2024T06:25:48 - [TEST_STEP][PASSED] - a1 = replaceAll("\s+", "").trim(): null

22-11-2024T06:25:48 - [TEST_STEP][PASSED] - println("a1: " + a1): null

22-11-2024T06:25:48 - [TEST_STEP][PASSED] - i = a2.length() / 2: null

22-11-2024T06:25:48 - [TEST_STEP][PASSED] - if (i > -1): null

22-11-2024T06:25:48 - [TEST_STEP][PASSED] - a2 = replaceAll("\s+", "").trim(): null

22-11-2024T06:25:48 - [TEST_STEP][PASSED] - println("a2: " + a2): null

22-11-2024T06:25:48 - [TEST_STEP][PASSED] - tableA = getText(findTestObject("Факторный анализ/AllTable1")).replaceAll("[\r?
|
]", "/"): Text of object 'Object Repository/Факторный анализ/AllTable1' is: 'ДЗО
Филиал
Отклонение (объём услуг)
Отклонение (средний тариф)
АО «Тываэнерго» АО "Тываэнерго" 276 -37
АО «Чеченэнерго» АО «Чеченэнерго» -3 339 14
Россети Волга Мордовэнерго -2 825 -86
Оренбургэнерго -11 247 - 162
Пензаэнерго -6 748 -72
Самарские РС -13 058 -1 024
Саратовские РС -13 303 - 443
Ульяновские РС -4 845 - 201
Чувашэнерго -4 186 126
Россети Кубань Кубаньэнерго -53 529 241
Россети Ленэнерго (ГК) Ленинградская область -29 499 598
г. Санкт-Петербург -41 171 -39
Россети Московский регион Московская область 4 566 - 535
г. Москва 2 812 57
Россети Северный Кавказ (ГК) Дагестанская энергосбытовая компания - 111 69
Дагэнерго -6 378 480
Ингушэнерго -1 440 100
Каббалкэнерго -2 677 26
Карачаево-Черкесскэнерго -1 725 -9
Севкавказэнерго -3 016 125
Ставропольэнерго -8 347 - 222
Россети Северо-Запад Архангельский филиал 63 -80
Вологодский филиал 229 -6
Карельский филиал -21 160
Мурманский филиал 102 64
Новгородский филиал 207 -40
Псковский филиал 146 -18
филиал в Республике Коми 10 23
Россети Сибирь (ГК) Алтайэнерго 275 275
Бурятэнерго -95 298
ГАЭС 114 -15
Красноярскэнерго 1 087 - 413
Кузбассэнерго-РЭС 329 205
Омскэнерго 127 - 112
Хакасэнерго 327 - 363
Читаэнерго -44 120
Россети Томск Томская распределительная компания -6 624 - 125
Россети Тюмень Россети Тюмень -65 636 - 459
Россети Урал (ГК) Пермэнерго 594 - 218
Свердловэнерго 805 233
Челябэнерго 973 - 671
Россети ФСК ЕЭС Итого по ФСК ЕЭС 8 044 -6 045
Россети Центр Белгородэнерго 299 111
Брянскэнерго -4 489 32
Воронежэнерго -12 187 182
Костромаэнерго 83 2
Курскэнерго -2 381 132
Липецкэнерго 731 - 322
Орелэнерго -3 553 -22
Смоленскэнерго -6 765 35
Тамбовэнерго -5 262 -4
Тверьэнерго 319 127
Ярэнерго -6 307 31
Россети Центр и Приволжье (ГК) Владимирэнерго 517 49
Ивэнерго 169 40
Калугаэнерго 558 -42
Кировэнерго 403 0
Мариэнерго 144 19
Нижновэнерго 658 231
Рязаньэнерго 259 47
Тулэнерго 733 - 209
Удмуртэнерго 294 3
Россети Юг (ГК) АО «ВМЭС» -3 370 41
Астраханьэнерго -5 158 90
Волгоградэнерго -8 953 - 310
Калмэнерго -1 477 -5
Ростовэнерго -18 198 44
Россети Янтарь Россети Янтарь 305 -28'

22-11-2024T06:25:48 - [MESSAGE][PASSED] - Text of object 'Object Repository/Факторный анализ/AllTable1' is: 'ДЗО
Филиал
Отклонение (объём услуг)
Отклонение (средний тариф)
АО «Тываэнерго» АО "Тываэнерго" 276 -37
АО «Чеченэнерго» АО «Чеченэнерго» -3 339 14
Россети Волга Мордовэнерго -2 825 -86
Оренбургэнерго -11 247 - 162
Пензаэнерго -6 748 -72
Самарские РС -13 058 -1 024
Саратовские РС -13 303 - 443
Ульяновские РС -4 845 - 201
Чувашэнерго -4 186 126
Россети Кубань Кубаньэнерго -53 529 241
Россети Ленэнерго (ГК) Ленинградская область -29 499 598
г. Санкт-Петербург -41 171 -39
Россети Московский регион Московская область 4 566 - 535
г. Москва 2 812 57
Россети Северный Кавказ (ГК) Дагестанская энергосбытовая компания - 111 69
Дагэнерго -6 378 480
Ингушэнерго -1 440 100
Каббалкэнерго -2 677 26
Карачаево-Черкесскэнерго -1 725 -9
Севкавказэнерго -3 016 125
Ставропольэнерго -8 347 - 222
Россети Северо-Запад Архангельский филиал 63 -80
Вологодский филиал 229 -6
Карельский филиал -21 160
Мурманский филиал 102 64
Новгородский филиал 207 -40
Псковский филиал 146 -18
филиал в Республике Коми 10 23
Россети Сибирь (ГК) Алтайэнерго 275 275
Бурятэнерго -95 298
ГАЭС 114 -15
Красноярскэнерго 1 087 - 413
Кузбассэнерго-РЭС 329 205
Омскэнерго 127 - 112
Хакасэнерго 327 - 363
Читаэнерго -44 120
Россети Томск Томская распределительная компания -6 624 - 125
Россети Тюмень Россети Тюмень -65 636 - 459
Россети Урал (ГК) Пермэнерго 594 - 218
Свердловэнерго 805 233
Челябэнерго 973 - 671
Россети ФСК ЕЭС Итого по ФСК ЕЭС 8 044 -6 045
Россети Центр Белгородэнерго 299 111
Брянскэнерго -4 489 32
Воронежэнерго -12 187 182
Костромаэнерго 83 2
Курскэнерго -2 381 132
Липецкэнерго 731 - 322
Орелэнерго -3 553 -22
Смоленскэнерго -6 765 35
Тамбовэнерго -5 262 -4
Тверьэнерго 319 127
Ярэнерго -6 307 31
Россети Центр и Приволжье (ГК) Владимирэнерго 517 49
Ивэнерго 169 40
Калугаэнерго 558 -42
Кировэнерго 403 0
Мариэнерго 144 19
Нижновэнерго 658 231
Рязаньэнерго 259 47
Тулэнерго 733 - 209
Удмуртэнерго 294 3
Россети Юг (ГК) АО «ВМЭС» -3 370 41
Астраханьэнерго -5 158 90
Волгоградэнерго -8 953 - 310
Калмэнерго -1 477 -5
Ростовэнерго -18 198 44
Россети Янтарь Россети Янтарь 305 -28'

22-11-2024T06:25:48 - [TEST_STEP][PASSED] - println("tableA: " + tableA): null

22-11-2024T06:25:48 - [TEST_STEP][PASSED] - for ([i = 1, i < 5, (i++)]): null

22-11-2024T06:25:48 - [TEST_STEP][PASSED] - ii = tableA.indexOf("/") + 1: null

22-11-2024T06:25:48 - [TEST_STEP][PASSED] - tableA = tableA.substring(ii, tableA.length()): null

22-11-2024T06:25:48 - [TEST_STEP][PASSED] - ii = tableA.indexOf("/") + 1: null

22-11-2024T06:25:48 - [TEST_STEP][PASSED] - tableA = tableA.substring(ii, tableA.length()): null

22-11-2024T06:25:48 - [TEST_STEP][PASSED] - ii = tableA.indexOf("/") + 1: null

22-11-2024T06:25:48 - [TEST_STEP][PASSED] - tableA = tableA.substring(ii, tableA.length()): null

22-11-2024T06:25:48 - [TEST_STEP][PASSED] - ii = tableA.indexOf("/") + 1: null

22-11-2024T06:25:48 - [TEST_STEP][PASSED] - tableA = tableA.substring(ii, tableA.length()): null

22-11-2024T06:25:48 - [TEST_STEP][PASSED] - println("tableA: " + tableA): null

22-11-2024T06:25:48 - [TEST_STEP][PASSED] - TyA = Script1719551244403.GetData(x = tableA): null

22-11-2024T06:25:48 - [TEST_STEP][PASSED] - i2 = <not implemented yet for class: org.codehaus.groovy.ast.expr.EmptyExpression>: null

22-11-2024T06:25:48 - [TEST_STEP][PASSED] - i2 = x.indexOf("/") + 1: null

22-11-2024T06:25:48 - [TEST_STEP][PASSED] - x = replaceAll("\p{P}", "").trim(): null

22-11-2024T06:25:48 - [TEST_STEP][PASSED] - return x: null

22-11-2024T06:25:48 - [TEST_STEP][PASSED] - println("TyA: " + TyA): null

22-11-2024T06:25:48 - [TEST_STEP][PASSED] - tableA = Script1719551244403.NewDZO(x = tableA): null

22-11-2024T06:25:48 - [TEST_STEP][PASSED] - i3 = <not implemented yet for class: org.codehaus.groovy.ast.expr.EmptyExpression>: null

22-11-2024T06:25:48 - [TEST_STEP][PASSED] - i3 = x.indexOf("/") + 1: null

22-11-2024T06:25:48 - [TEST_STEP][PASSED] - x = x.substring(i3, x.length()): null

22-11-2024T06:25:48 - [TEST_STEP][PASSED] - return x: null

22-11-2024T06:25:48 - [TEST_STEP][PASSED] - ChA = Script1719551244403.GetData(x = tableA): null

22-11-2024T06:25:48 - [TEST_STEP][PASSED] - i2 = <not implemented yet for class: org.codehaus.groovy.ast.expr.EmptyExpression>: null

22-11-2024T06:25:48 - [TEST_STEP][PASSED] - i2 = x.indexOf("/") + 1: null

22-11-2024T06:25:48 - [TEST_STEP][PASSED] - x = replaceAll("\p{P}", "").trim(): null

22-11-2024T06:25:48 - [TEST_STEP][PASSED] - return x: null

22-11-2024T06:25:48 - [TEST_STEP][PASSED] - println("ChA: " + ChA): null

22-11-2024T06:25:48 - [TEST_STEP][PASSED] - tableA = Script1719551244403.NewDZO(x = tableA): null

22-11-2024T06:25:48 - [TEST_STEP][PASSED] - i3 = <not implemented yet for class: org.codehaus.groovy.ast.expr.EmptyExpression>: null

22-11-2024T06:25:48 - [TEST_STEP][PASSED] - i3 = x.indexOf("/") + 1: null

22-11-2024T06:25:48 - [TEST_STEP][PASSED] - x = x.substring(i3, x.length()): null

22-11-2024T06:25:48 - [TEST_STEP][PASSED] - return x: null

22-11-2024T06:25:48 - [TEST_STEP][PASSED] - i = tableA.indexOf("Кубань"): null

22-11-2024T06:25:48 - [TEST_STEP][PASSED] - VA = replaceAll("\p{P}", "").trim(): null

22-11-2024T06:25:48 - [TEST_STEP][PASSED] - println("VA: " + VA): null

22-11-2024T06:25:48 - [TEST_STEP][PASSED] - for ([i = 1, i < 8, (i++)]): null

22-11-2024T06:25:48 - [TEST_STEP][PASSED] - tableA = Script1719551244403.NewDZO(x = tableA): null

22-11-2024T06:25:48 - [TEST_STEP][PASSED] - i3 = <not implemented yet for class: org.codehaus.groovy.ast.expr.EmptyExpression>: null

22-11-2024T06:25:48 - [TEST_STEP][PASSED] - i3 = x.indexOf("/") + 1: null

22-11-2024T06:25:48 - [TEST_STEP][PASSED] - x = x.substring(i3, x.length()): null

22-11-2024T06:25:48 - [TEST_STEP][PASSED] - return x: null

22-11-2024T06:25:48 - [TEST_STEP][PASSED] - tableA = Script1719551244403.NewDZO(x = tableA): null

22-11-2024T06:25:48 - [TEST_STEP][PASSED] - i3 = <not implemented yet for class: org.codehaus.groovy.ast.expr.EmptyExpression>: null

22-11-2024T06:25:48 - [TEST_STEP][PASSED] - i3 = x.indexOf("/") + 1: null

22-11-2024T06:25:48 - [TEST_STEP][PASSED] - x = x.substring(i3, x.length()): null

22-11-2024T06:25:48 - [TEST_STEP][PASSED] - return x: null

22-11-2024T06:25:48 - [TEST_STEP][PASSED] - tableA = Script1719551244403.NewDZO(x = tableA): null

22-11-2024T06:25:48 - [TEST_STEP][PASSED] - i3 = <not implemented yet for class: org.codehaus.groovy.ast.expr.EmptyExpression>: null

22-11-2024T06:25:48 - [TEST_STEP][PASSED] - i3 = x.indexOf("/") + 1: null

22-11-2024T06:25:48 - [TEST_STEP][PASSED] - x = x.substring(i3, x.length()): null

22-11-2024T06:25:48 - [TEST_STEP][PASSED] - return x: null

22-11-2024T06:25:48 - [TEST_STEP][PASSED] - tableA = Script1719551244403.NewDZO(x = tableA): null

22-11-2024T06:25:48 - [TEST_STEP][PASSED] - i3 = <not implemented yet for class: org.codehaus.groovy.ast.expr.EmptyExpression>: null

22-11-2024T06:25:48 - [TEST_STEP][PASSED] - i3 = x.indexOf("/") + 1: null

22-11-2024T06:25:48 - [TEST_STEP][PASSED] - x = x.substring(i3, x.length()): null

22-11-2024T06:25:48 - [TEST_STEP][PASSED] - return x: null

22-11-2024T06:25:48 - [TEST_STEP][PASSED] - tableA = Script1719551244403.NewDZO(x = tableA): null

22-11-2024T06:25:48 - [TEST_STEP][PASSED] - i3 = <not implemented yet for class: org.codehaus.groovy.ast.expr.EmptyExpression>: null

22-11-2024T06:25:48 - [TEST_STEP][PASSED] - i3 = x.indexOf("/") + 1: null

22-11-2024T06:25:48 - [TEST_STEP][PASSED] - x = x.substring(i3, x.length()): null

22-11-2024T06:25:48 - [TEST_STEP][PASSED] - return x: null

22-11-2024T06:25:48 - [TEST_STEP][PASSED] - tableA = Script1719551244403.NewDZO(x = tableA): null

22-11-2024T06:25:48 - [TEST_STEP][PASSED] - i3 = <not implemented yet for class: org.codehaus.groovy.ast.expr.EmptyExpression>: null

22-11-2024T06:25:48 - [TEST_STEP][PASSED] - i3 = x.indexOf("/") + 1: null

22-11-2024T06:25:48 - [TEST_STEP][PASSED] - x = x.substring(i3, x.length()): null

22-11-2024T06:25:48 - [TEST_STEP][PASSED] - return x: null

22-11-2024T06:25:48 - [TEST_STEP][PASSED] - tableA = Script1719551244403.NewDZO(x = tableA): null

22-11-2024T06:25:48 - [TEST_STEP][PASSED] - i3 = <not implemented yet for class: org.codehaus.groovy.ast.expr.EmptyExpression>: null

22-11-2024T06:25:48 - [TEST_STEP][PASSED] - i3 = x.indexOf("/") + 1: null

22-11-2024T06:25:48 - [TEST_STEP][PASSED] - x = x.substring(i3, x.length()): null

22-11-2024T06:25:48 - [TEST_STEP][PASSED] - return x: null

22-11-2024T06:25:48 - [TEST_STEP][PASSED] - i = tableA.indexOf("Ленэнерго"): null

22-11-2024T06:25:48 - [TEST_STEP][PASSED] - KuA = Script1719551244403.GetData(x = tableA): null

22-11-2024T06:25:48 - [TEST_STEP][PASSED] - i2 = <not implemented yet for class: org.codehaus.groovy.ast.expr.EmptyExpression>: null

22-11-2024T06:25:48 - [TEST_STEP][PASSED] - i2 = x.indexOf("/") + 1: null

22-11-2024T06:25:48 - [TEST_STEP][PASSED] - x = replaceAll("\p{P}", "").trim(): null

22-11-2024T06:25:48 - [TEST_STEP][PASSED] - return x: null

22-11-2024T06:25:48 - [TEST_STEP][PASSED] - println("KuA: " + KuA): null

22-11-2024T06:25:48 - [TEST_STEP][PASSED] - tableA = Script1719551244403.NewDZO(x = tableA): null

22-11-2024T06:25:48 - [TEST_STEP][PASSED] - i3 = <not implemented yet for class: org.codehaus.groovy.ast.expr.EmptyExpression>: null

22-11-2024T06:25:48 - [TEST_STEP][PASSED] - i3 = x.indexOf("/") + 1: null

22-11-2024T06:25:48 - [TEST_STEP][PASSED] - x = x.substring(i3, x.length()): null

22-11-2024T06:25:48 - [TEST_STEP][PASSED] - return x: null

22-11-2024T06:25:48 - [TEST_STEP][PASSED] - i = tableA.indexOf("Московский"): null

22-11-2024T06:25:48 - [TEST_STEP][PASSED] - LenA = replaceAll("\p{P}", "").trim(): null

22-11-2024T06:25:48 - [TEST_STEP][PASSED] - println("LenA: " + LenA): null

22-11-2024T06:25:48 - [TEST_STEP][PASSED] - tableA = Script1719551244403.NewDZO(x = tableA): null

22-11-2024T06:25:48 - [TEST_STEP][PASSED] - i3 = <not implemented yet for class: org.codehaus.groovy.ast.expr.EmptyExpression>: null

22-11-2024T06:25:48 - [TEST_STEP][PASSED] - i3 = x.indexOf("/") + 1: null

22-11-2024T06:25:48 - [TEST_STEP][PASSED] - x = x.substring(i3, x.length()): null

22-11-2024T06:25:48 - [TEST_STEP][PASSED] - return x: null

22-11-2024T06:25:48 - [TEST_STEP][PASSED] - tableA = Script1719551244403.NewDZO(x = tableA): null

22-11-2024T06:25:48 - [TEST_STEP][PASSED] - i3 = <not implemented yet for class: org.codehaus.groovy.ast.expr.EmptyExpression>: null

22-11-2024T06:25:48 - [TEST_STEP][PASSED] - i3 = x.indexOf("/") + 1: null

22-11-2024T06:25:48 - [TEST_STEP][PASSED] - x = x.substring(i3, x.length()): null

22-11-2024T06:25:48 - [TEST_STEP][PASSED] - return x: null

22-11-2024T06:25:48 - [TEST_STEP][PASSED] - i = tableA.indexOf("Кавказ"): null

22-11-2024T06:25:48 - [TEST_STEP][PASSED] - MosA = replaceAll("\p{P}", "").trim(): null

22-11-2024T06:25:48 - [TEST_STEP][PASSED] - println("MosA: " + MosA): null

22-11-2024T06:25:48 - [TEST_STEP][PASSED] - for ([i = 1, i < 3, (i++)]): null

22-11-2024T06:25:48 - [TEST_STEP][PASSED] - tableA = Script1719551244403.NewDZO(x = tableA): null

22-11-2024T06:25:48 - [TEST_STEP][PASSED] - i3 = <not implemented yet for class: org.codehaus.groovy.ast.expr.EmptyExpression>: null

22-11-2024T06:25:48 - [TEST_STEP][PASSED] - i3 = x.indexOf("/") + 1: null

22-11-2024T06:25:48 - [TEST_STEP][PASSED] - x = x.substring(i3, x.length()): null

22-11-2024T06:25:48 - [TEST_STEP][PASSED] - return x: null

22-11-2024T06:25:48 - [TEST_STEP][PASSED] - tableA = Script1719551244403.NewDZO(x = tableA): null

22-11-2024T06:25:48 - [TEST_STEP][PASSED] - i3 = <not implemented yet for class: org.codehaus.groovy.ast.expr.EmptyExpression>: null

22-11-2024T06:25:48 - [TEST_STEP][PASSED] - i3 = x.indexOf("/") + 1: null

22-11-2024T06:25:48 - [TEST_STEP][PASSED] - x = x.substring(i3, x.length()): null

22-11-2024T06:25:48 - [TEST_STEP][PASSED] - return x: null

22-11-2024T06:25:48 - [TEST_STEP][PASSED] - i = tableA.indexOf("Запад"): null

22-11-2024T06:25:48 - [TEST_STEP][PASSED] - SKA = replaceAll("\p{P}", "").trim(): null

22-11-2024T06:25:48 - [TEST_STEP][PASSED] - println("SKA: " + SKA): null

22-11-2024T06:25:48 - [TEST_STEP][PASSED] - for ([i = 1, i < 7, (i++)]): null

22-11-2024T06:25:48 - [TEST_STEP][PASSED] - tableA = Script1719551244403.NewDZO(x = tableA): null

22-11-2024T06:25:48 - [TEST_STEP][PASSED] - i3 = <not implemented yet for class: org.codehaus.groovy.ast.expr.EmptyExpression>: null

22-11-2024T06:25:48 - [TEST_STEP][PASSED] - i3 = x.indexOf("/") + 1: null

22-11-2024T06:25:48 - [TEST_STEP][PASSED] - x = x.substring(i3, x.length()): null

22-11-2024T06:25:48 - [TEST_STEP][PASSED] - return x: null

22-11-2024T06:25:48 - [TEST_STEP][PASSED] - tableA = Script1719551244403.NewDZO(x = tableA): null

22-11-2024T06:25:48 - [TEST_STEP][PASSED] - i3 = <not implemented yet for class: org.codehaus.groovy.ast.expr.EmptyExpression>: null

22-11-2024T06:25:48 - [TEST_STEP][PASSED] - i3 = x.indexOf("/") + 1: null

22-11-2024T06:25:48 - [TEST_STEP][PASSED] - x = x.substring(i3, x.length()): null

22-11-2024T06:25:48 - [TEST_STEP][PASSED] - return x: null

22-11-2024T06:25:48 - [TEST_STEP][PASSED] - tableA = Script1719551244403.NewDZO(x = tableA): null

22-11-2024T06:25:48 - [TEST_STEP][PASSED] - i3 = <not implemented yet for class: org.codehaus.groovy.ast.expr.EmptyExpression>: null

22-11-2024T06:25:48 - [TEST_STEP][PASSED] - i3 = x.indexOf("/") + 1: null

22-11-2024T06:25:48 - [TEST_STEP][PASSED] - x = x.substring(i3, x.length()): null

22-11-2024T06:25:48 - [TEST_STEP][PASSED] - return x: null

22-11-2024T06:25:48 - [TEST_STEP][PASSED] - tableA = Script1719551244403.NewDZO(x = tableA): null

22-11-2024T06:25:48 - [TEST_STEP][PASSED] - i3 = <not implemented yet for class: org.codehaus.groovy.ast.expr.EmptyExpression>: null

22-11-2024T06:25:48 - [TEST_STEP][PASSED] - i3 = x.indexOf("/") + 1: null

22-11-2024T06:25:48 - [TEST_STEP][PASSED] - x = x.substring(i3, x.length()): null

22-11-2024T06:25:48 - [TEST_STEP][PASSED] - return x: null

22-11-2024T06:25:48 - [TEST_STEP][PASSED] - tableA = Script1719551244403.NewDZO(x = tableA): null

22-11-2024T06:25:48 - [TEST_STEP][PASSED] - i3 = <not implemented yet for class: org.codehaus.groovy.ast.expr.EmptyExpression>: null

22-11-2024T06:25:48 - [TEST_STEP][PASSED] - i3 = x.indexOf("/") + 1: null

22-11-2024T06:25:48 - [TEST_STEP][PASSED] - x = x.substring(i3, x.length()): null

22-11-2024T06:25:48 - [TEST_STEP][PASSED] - return x: null

22-11-2024T06:25:48 - [TEST_STEP][PASSED] - tableA = Script1719551244403.NewDZO(x = tableA): null

22-11-2024T06:25:48 - [TEST_STEP][PASSED] - i3 = <not implemented yet for class: org.codehaus.groovy.ast.expr.EmptyExpression>: null

22-11-2024T06:25:48 - [TEST_STEP][PASSED] - i3 = x.indexOf("/") + 1: null

22-11-2024T06:25:48 - [TEST_STEP][PASSED] - x = x.substring(i3, x.length()): null

22-11-2024T06:25:48 - [TEST_STEP][PASSED] - return x: null

22-11-2024T06:25:48 - [TEST_STEP][PASSED] - i = tableA.indexOf("Сибирь"): null

22-11-2024T06:25:48 - [TEST_STEP][PASSED] - SZA = replaceAll("\p{P}", "").trim(): null

22-11-2024T06:25:48 - [TEST_STEP][PASSED] - println("SZA: " + SZA): null

22-11-2024T06:25:48 - [TEST_STEP][PASSED] - for ([i = 1, i < 8, (i++)]): null

22-11-2024T06:25:48 - [TEST_STEP][PASSED] - tableA = Script1719551244403.NewDZO(x = tableA): null

22-11-2024T06:25:48 - [TEST_STEP][PASSED] - i3 = <not implemented yet for class: org.codehaus.groovy.ast.expr.EmptyExpression>: null

22-11-2024T06:25:48 - [TEST_STEP][PASSED] - i3 = x.indexOf("/") + 1: null

22-11-2024T06:25:48 - [TEST_STEP][PASSED] - x = x.substring(i3, x.length()): null

22-11-2024T06:25:48 - [TEST_STEP][PASSED] - return x: null

22-11-2024T06:25:48 - [TEST_STEP][PASSED] - tableA = Script1719551244403.NewDZO(x = tableA): null

22-11-2024T06:25:48 - [TEST_STEP][PASSED] - i3 = <not implemented yet for class: org.codehaus.groovy.ast.expr.EmptyExpression>: null

22-11-2024T06:25:48 - [TEST_STEP][PASSED] - i3 = x.indexOf("/") + 1: null

22-11-2024T06:25:48 - [TEST_STEP][PASSED] - x = x.substring(i3, x.length()): null

22-11-2024T06:25:48 - [TEST_STEP][PASSED] - return x: null

22-11-2024T06:25:48 - [TEST_STEP][PASSED] - tableA = Script1719551244403.NewDZO(x = tableA): null

22-11-2024T06:25:48 - [TEST_STEP][PASSED] - i3 = <not implemented yet for class: org.codehaus.groovy.ast.expr.EmptyExpression>: null

22-11-2024T06:25:48 - [TEST_STEP][PASSED] - i3 = x.indexOf("/") + 1: null

22-11-2024T06:25:48 - [TEST_STEP][PASSED] - x = x.substring(i3, x.length()): null

22-11-2024T06:25:48 - [TEST_STEP][PASSED] - return x: null

22-11-2024T06:25:48 - [TEST_STEP][PASSED] - tableA = Script1719551244403.NewDZO(x = tableA): null

22-11-2024T06:25:48 - [TEST_STEP][PASSED] - i3 = <not implemented yet for class: org.codehaus.groovy.ast.expr.EmptyExpression>: null

22-11-2024T06:25:48 - [TEST_STEP][PASSED] - i3 = x.indexOf("/") + 1: null

22-11-2024T06:25:48 - [TEST_STEP][PASSED] - x = x.substring(i3, x.length()): null

22-11-2024T06:25:48 - [TEST_STEP][PASSED] - return x: null

22-11-2024T06:25:48 - [TEST_STEP][PASSED] - tableA = Script1719551244403.NewDZO(x = tableA): null

22-11-2024T06:25:48 - [TEST_STEP][PASSED] - i3 = <not implemented yet for class: org.codehaus.groovy.ast.expr.EmptyExpression>: null

22-11-2024T06:25:48 - [TEST_STEP][PASSED] - i3 = x.indexOf("/") + 1: null

22-11-2024T06:25:48 - [TEST_STEP][PASSED] - x = x.substring(i3, x.length()): null

22-11-2024T06:25:48 - [TEST_STEP][PASSED] - return x: null

22-11-2024T06:25:48 - [TEST_STEP][PASSED] - tableA = Script1719551244403.NewDZO(x = tableA): null

22-11-2024T06:25:48 - [TEST_STEP][PASSED] - i3 = <not implemented yet for class: org.codehaus.groovy.ast.expr.EmptyExpression>: null

22-11-2024T06:25:48 - [TEST_STEP][PASSED] - i3 = x.indexOf("/") + 1: null

22-11-2024T06:25:48 - [TEST_STEP][PASSED] - x = x.substring(i3, x.length()): null

22-11-2024T06:25:48 - [TEST_STEP][PASSED] - return x: null

22-11-2024T06:25:48 - [TEST_STEP][PASSED] - tableA = Script1719551244403.NewDZO(x = tableA): null

22-11-2024T06:25:48 - [TEST_STEP][PASSED] - i3 = <not implemented yet for class: org.codehaus.groovy.ast.expr.EmptyExpression>: null

22-11-2024T06:25:48 - [TEST_STEP][PASSED] - i3 = x.indexOf("/") + 1: null

22-11-2024T06:25:48 - [TEST_STEP][PASSED] - x = x.substring(i3, x.length()): null

22-11-2024T06:25:48 - [TEST_STEP][PASSED] - return x: null

22-11-2024T06:25:48 - [TEST_STEP][PASSED] - i = tableA.indexOf("Томск"): null

22-11-2024T06:25:48 - [TEST_STEP][PASSED] - SiA = replaceAll("\p{P}", "").trim(): null

22-11-2024T06:25:48 - [TEST_STEP][PASSED] - println("SiA: " + SiA): null

22-11-2024T06:25:48 - [TEST_STEP][PASSED] - for ([i = 1, i < 9, (i++)]): null

22-11-2024T06:25:48 - [TEST_STEP][PASSED] - tableA = Script1719551244403.NewDZO(x = tableA): null

22-11-2024T06:25:48 - [TEST_STEP][PASSED] - i3 = <not implemented yet for class: org.codehaus.groovy.ast.expr.EmptyExpression>: null

22-11-2024T06:25:48 - [TEST_STEP][PASSED] - i3 = x.indexOf("/") + 1: null

22-11-2024T06:25:48 - [TEST_STEP][PASSED] - x = x.substring(i3, x.length()): null

22-11-2024T06:25:48 - [TEST_STEP][PASSED] - return x: null

22-11-2024T06:25:48 - [TEST_STEP][PASSED] - tableA = Script1719551244403.NewDZO(x = tableA): null

22-11-2024T06:25:48 - [TEST_STEP][PASSED] - i3 = <not implemented yet for class: org.codehaus.groovy.ast.expr.EmptyExpression>: null

22-11-2024T06:25:48 - [TEST_STEP][PASSED] - i3 = x.indexOf("/") + 1: null

22-11-2024T06:25:48 - [TEST_STEP][PASSED] - x = x.substring(i3, x.length()): null

22-11-2024T06:25:48 - [TEST_STEP][PASSED] - return x: null

22-11-2024T06:25:48 - [TEST_STEP][PASSED] - tableA = Script1719551244403.NewDZO(x = tableA): null

22-11-2024T06:25:48 - [TEST_STEP][PASSED] - i3 = <not implemented yet for class: org.codehaus.groovy.ast.expr.EmptyExpression>: null

22-11-2024T06:25:48 - [TEST_STEP][PASSED] - i3 = x.indexOf("/") + 1: null

22-11-2024T06:25:48 - [TEST_STEP][PASSED] - x = x.substring(i3, x.length()): null

22-11-2024T06:25:48 - [TEST_STEP][PASSED] - return x: null

22-11-2024T06:25:48 - [TEST_STEP][PASSED] - tableA = Script1719551244403.NewDZO(x = tableA): null

22-11-2024T06:25:48 - [TEST_STEP][PASSED] - i3 = <not implemented yet for class: org.codehaus.groovy.ast.expr.EmptyExpression>: null

22-11-2024T06:25:48 - [TEST_STEP][PASSED] - i3 = x.indexOf("/") + 1: null

22-11-2024T06:25:48 - [TEST_STEP][PASSED] - x = x.substring(i3, x.length()): null

22-11-2024T06:25:48 - [TEST_STEP][PASSED] - return x: null

22-11-2024T06:25:48 - [TEST_STEP][PASSED] - tableA = Script1719551244403.NewDZO(x = tableA): null

22-11-2024T06:25:48 - [TEST_STEP][PASSED] - i3 = <not implemented yet for class: org.codehaus.groovy.ast.expr.EmptyExpression>: null

22-11-2024T06:25:48 - [TEST_STEP][PASSED] - i3 = x.indexOf("/") + 1: null

22-11-2024T06:25:48 - [TEST_STEP][PASSED] - x = x.substring(i3, x.length()): null

22-11-2024T06:25:48 - [TEST_STEP][PASSED] - return x: null

22-11-2024T06:25:48 - [TEST_STEP][PASSED] - tableA = Script1719551244403.NewDZO(x = tableA): null

22-11-2024T06:25:48 - [TEST_STEP][PASSED] - i3 = <not implemented yet for class: org.codehaus.groovy.ast.expr.EmptyExpression>: null

22-11-2024T06:25:48 - [TEST_STEP][PASSED] - i3 = x.indexOf("/") + 1: null

22-11-2024T06:25:48 - [TEST_STEP][PASSED] - x = x.substring(i3, x.length()): null

22-11-2024T06:25:48 - [TEST_STEP][PASSED] - return x: null

22-11-2024T06:25:48 - [TEST_STEP][PASSED] - tableA = Script1719551244403.NewDZO(x = tableA): null

22-11-2024T06:25:48 - [TEST_STEP][PASSED] - i3 = <not implemented yet for class: org.codehaus.groovy.ast.expr.EmptyExpression>: null

22-11-2024T06:25:48 - [TEST_STEP][PASSED] - i3 = x.indexOf("/") + 1: null

22-11-2024T06:25:48 - [TEST_STEP][PASSED] - x = x.substring(i3, x.length()): null

22-11-2024T06:25:48 - [TEST_STEP][PASSED] - return x: null

22-11-2024T06:25:48 - [TEST_STEP][PASSED] - tableA = Script1719551244403.NewDZO(x = tableA): null

22-11-2024T06:25:48 - [TEST_STEP][PASSED] - i3 = <not implemented yet for class: org.codehaus.groovy.ast.expr.EmptyExpression>: null

22-11-2024T06:25:48 - [TEST_STEP][PASSED] - i3 = x.indexOf("/") + 1: null

22-11-2024T06:25:48 - [TEST_STEP][PASSED] - x = x.substring(i3, x.length()): null

22-11-2024T06:25:48 - [TEST_STEP][PASSED] - return x: null

22-11-2024T06:25:48 - [TEST_STEP][PASSED] - i = tableA.indexOf("Тюмень"): null

22-11-2024T06:25:48 - [TEST_STEP][PASSED] - ToA = replaceAll("\p{P}", "").trim(): null

22-11-2024T06:25:48 - [TEST_STEP][PASSED] - println("ToA: " + ToA): null

22-11-2024T06:25:48 - [TEST_STEP][PASSED] - tableA = Script1719551244403.NewDZO(x = tableA): null

22-11-2024T06:25:48 - [TEST_STEP][PASSED] - i3 = <not implemented yet for class: org.codehaus.groovy.ast.expr.EmptyExpression>: null

22-11-2024T06:25:48 - [TEST_STEP][PASSED] - i3 = x.indexOf("/") + 1: null

22-11-2024T06:25:48 - [TEST_STEP][PASSED] - x = x.substring(i3, x.length()): null

22-11-2024T06:25:48 - [TEST_STEP][PASSED] - return x: null

22-11-2024T06:25:48 - [TEST_STEP][PASSED] - TyuA = replaceAll("\p{P}", "").trim(): null

22-11-2024T06:25:48 - [TEST_STEP][PASSED] - println("TyuA: " + TyuA): null

22-11-2024T06:25:48 - [TEST_STEP][PASSED] - tableA = Script1719551244403.NewDZO(x = tableA): null

22-11-2024T06:25:48 - [TEST_STEP][PASSED] - i3 = <not implemented yet for class: org.codehaus.groovy.ast.expr.EmptyExpression>: null

22-11-2024T06:25:48 - [TEST_STEP][PASSED] - i3 = x.indexOf("/") + 1: null

22-11-2024T06:25:48 - [TEST_STEP][PASSED] - x = x.substring(i3, x.length()): null

22-11-2024T06:25:48 - [TEST_STEP][PASSED] - return x: null

22-11-2024T06:25:48 - [TEST_STEP][PASSED] - i = tableA.indexOf("ЕЭС"): null

22-11-2024T06:25:48 - [TEST_STEP][PASSED] - UrA = replaceAll("\p{P}", "").trim(): null

22-11-2024T06:25:48 - [TEST_STEP][PASSED] - println("UrA: " + UrA): null

22-11-2024T06:25:48 - [TEST_STEP][PASSED] - for ([i = 1, i < 4, (i++)]): null

22-11-2024T06:25:48 - [TEST_STEP][PASSED] - tableA = Script1719551244403.NewDZO(x = tableA): null

22-11-2024T06:25:48 - [TEST_STEP][PASSED] - i3 = <not implemented yet for class: org.codehaus.groovy.ast.expr.EmptyExpression>: null

22-11-2024T06:25:48 - [TEST_STEP][PASSED] - i3 = x.indexOf("/") + 1: null

22-11-2024T06:25:48 - [TEST_STEP][PASSED] - x = x.substring(i3, x.length()): null

22-11-2024T06:25:48 - [TEST_STEP][PASSED] - return x: null

22-11-2024T06:25:48 - [TEST_STEP][PASSED] - tableA = Script1719551244403.NewDZO(x = tableA): null

22-11-2024T06:25:48 - [TEST_STEP][PASSED] - i3 = <not implemented yet for class: org.codehaus.groovy.ast.expr.EmptyExpression>: null

22-11-2024T06:25:48 - [TEST_STEP][PASSED] - i3 = x.indexOf("/") + 1: null

22-11-2024T06:25:48 - [TEST_STEP][PASSED] - x = x.substring(i3, x.length()): null

22-11-2024T06:25:48 - [TEST_STEP][PASSED] - return x: null

22-11-2024T06:25:48 - [TEST_STEP][PASSED] - tableA = Script1719551244403.NewDZO(x = tableA): null

22-11-2024T06:25:48 - [TEST_STEP][PASSED] - i3 = <not implemented yet for class: org.codehaus.groovy.ast.expr.EmptyExpression>: null

22-11-2024T06:25:48 - [TEST_STEP][PASSED] - i3 = x.indexOf("/") + 1: null

22-11-2024T06:25:48 - [TEST_STEP][PASSED] - x = x.substring(i3, x.length()): null

22-11-2024T06:25:48 - [TEST_STEP][PASSED] - return x: null

22-11-2024T06:25:48 - [TEST_STEP][PASSED] - i = tableA.indexOf("Центр"): null

22-11-2024T06:25:48 - [TEST_STEP][PASSED] - FSKA = replaceAll("\p{P}", "").trim(): null

22-11-2024T06:25:48 - [TEST_STEP][PASSED] - println("FSKA: " + FSKA): null

22-11-2024T06:25:48 - [TEST_STEP][PASSED] - tableA = Script1719551244403.NewDZO(x = tableA): null

22-11-2024T06:25:48 - [TEST_STEP][PASSED] - i3 = <not implemented yet for class: org.codehaus.groovy.ast.expr.EmptyExpression>: null

22-11-2024T06:25:48 - [TEST_STEP][PASSED] - i3 = x.indexOf("/") + 1: null

22-11-2024T06:25:48 - [TEST_STEP][PASSED] - x = x.substring(i3, x.length()): null

22-11-2024T06:25:48 - [TEST_STEP][PASSED] - return x: null

22-11-2024T06:25:48 - [TEST_STEP][PASSED] - i = tableA.indexOf("Приволжье"): null

22-11-2024T06:25:48 - [TEST_STEP][PASSED] - CenA = replaceAll("\p{P}", "").trim(): null

22-11-2024T06:25:48 - [TEST_STEP][PASSED] - println("CenA: " + CenA): null

22-11-2024T06:25:48 - [TEST_STEP][PASSED] - for ([i = 1, i < 12, (i++)]): null

22-11-2024T06:25:48 - [TEST_STEP][PASSED] - tableA = Script1719551244403.NewDZO(x = tableA): null

22-11-2024T06:25:48 - [TEST_STEP][PASSED] - i3 = <not implemented yet for class: org.codehaus.groovy.ast.expr.EmptyExpression>: null

22-11-2024T06:25:48 - [TEST_STEP][PASSED] - i3 = x.indexOf("/") + 1: null

22-11-2024T06:25:48 - [TEST_STEP][PASSED] - x = x.substring(i3, x.length()): null

22-11-2024T06:25:48 - [TEST_STEP][PASSED] - return x: null

22-11-2024T06:25:48 - [TEST_STEP][PASSED] - tableA = Script1719551244403.NewDZO(x = tableA): null

22-11-2024T06:25:48 - [TEST_STEP][PASSED] - i3 = <not implemented yet for class: org.codehaus.groovy.ast.expr.EmptyExpression>: null

22-11-2024T06:25:48 - [TEST_STEP][PASSED] - i3 = x.indexOf("/") + 1: null

22-11-2024T06:25:48 - [TEST_STEP][PASSED] - x = x.substring(i3, x.length()): null

22-11-2024T06:25:48 - [TEST_STEP][PASSED] - return x: null

22-11-2024T06:25:48 - [TEST_STEP][PASSED] - tableA = Script1719551244403.NewDZO(x = tableA): null

22-11-2024T06:25:48 - [TEST_STEP][PASSED] - i3 = <not implemented yet for class: org.codehaus.groovy.ast.expr.EmptyExpression>: null

22-11-2024T06:25:48 - [TEST_STEP][PASSED] - i3 = x.indexOf("/") + 1: null

22-11-2024T06:25:48 - [TEST_STEP][PASSED] - x = x.substring(i3, x.length()): null

22-11-2024T06:25:48 - [TEST_STEP][PASSED] - return x: null

22-11-2024T06:25:48 - [TEST_STEP][PASSED] - tableA = Script1719551244403.NewDZO(x = tableA): null

22-11-2024T06:25:48 - [TEST_STEP][PASSED] - i3 = <not implemented yet for class: org.codehaus.groovy.ast.expr.EmptyExpression>: null

22-11-2024T06:25:48 - [TEST_STEP][PASSED] - i3 = x.indexOf("/") + 1: null

22-11-2024T06:25:48 - [TEST_STEP][PASSED] - x = x.substring(i3, x.length()): null

22-11-2024T06:25:48 - [TEST_STEP][PASSED] - return x: null

22-11-2024T06:25:48 - [TEST_STEP][PASSED] - tableA = Script1719551244403.NewDZO(x = tableA): null

22-11-2024T06:25:48 - [TEST_STEP][PASSED] - i3 = <not implemented yet for class: org.codehaus.groovy.ast.expr.EmptyExpression>: null

22-11-2024T06:25:48 - [TEST_STEP][PASSED] - i3 = x.indexOf("/") + 1: null

22-11-2024T06:25:48 - [TEST_STEP][PASSED] - x = x.substring(i3, x.length()): null

22-11-2024T06:25:48 - [TEST_STEP][PASSED] - return x: null

22-11-2024T06:25:48 - [TEST_STEP][PASSED] - tableA = Script1719551244403.NewDZO(x = tableA): null

22-11-2024T06:25:48 - [TEST_STEP][PASSED] - i3 = <not implemented yet for class: org.codehaus.groovy.ast.expr.EmptyExpression>: null

22-11-2024T06:25:48 - [TEST_STEP][PASSED] - i3 = x.indexOf("/") + 1: null

22-11-2024T06:25:48 - [TEST_STEP][PASSED] - x = x.substring(i3, x.length()): null

22-11-2024T06:25:48 - [TEST_STEP][PASSED] - return x: null

22-11-2024T06:25:48 - [TEST_STEP][PASSED] - tableA = Script1719551244403.NewDZO(x = tableA): null

22-11-2024T06:25:48 - [TEST_STEP][PASSED] - i3 = <not implemented yet for class: org.codehaus.groovy.ast.expr.EmptyExpression>: null

22-11-2024T06:25:48 - [TEST_STEP][PASSED] - i3 = x.indexOf("/") + 1: null

22-11-2024T06:25:48 - [TEST_STEP][PASSED] - x = x.substring(i3, x.length()): null

22-11-2024T06:25:48 - [TEST_STEP][PASSED] - return x: null

22-11-2024T06:25:48 - [TEST_STEP][PASSED] - tableA = Script1719551244403.NewDZO(x = tableA): null

22-11-2024T06:25:48 - [TEST_STEP][PASSED] - i3 = <not implemented yet for class: org.codehaus.groovy.ast.expr.EmptyExpression>: null

22-11-2024T06:25:48 - [TEST_STEP][PASSED] - i3 = x.indexOf("/") + 1: null

22-11-2024T06:25:48 - [TEST_STEP][PASSED] - x = x.substring(i3, x.length()): null

22-11-2024T06:25:48 - [TEST_STEP][PASSED] - return x: null

22-11-2024T06:25:48 - [TEST_STEP][PASSED] - tableA = Script1719551244403.NewDZO(x = tableA): null

22-11-2024T06:25:48 - [TEST_STEP][PASSED] - i3 = <not implemented yet for class: org.codehaus.groovy.ast.expr.EmptyExpression>: null

22-11-2024T06:25:48 - [TEST_STEP][PASSED] - i3 = x.indexOf("/") + 1: null

22-11-2024T06:25:48 - [TEST_STEP][PASSED] - x = x.substring(i3, x.length()): null

22-11-2024T06:25:48 - [TEST_STEP][PASSED] - return x: null

22-11-2024T06:25:48 - [TEST_STEP][PASSED] - tableA = Script1719551244403.NewDZO(x = tableA): null

22-11-2024T06:25:48 - [TEST_STEP][PASSED] - i3 = <not implemented yet for class: org.codehaus.groovy.ast.expr.EmptyExpression>: null

22-11-2024T06:25:48 - [TEST_STEP][PASSED] - i3 = x.indexOf("/") + 1: null

22-11-2024T06:25:48 - [TEST_STEP][PASSED] - x = x.substring(i3, x.length()): null

22-11-2024T06:25:48 - [TEST_STEP][PASSED] - return x: null

22-11-2024T06:25:48 - [TEST_STEP][PASSED] - tableA = Script1719551244403.NewDZO(x = tableA): null

22-11-2024T06:25:48 - [TEST_STEP][PASSED] - i3 = <not implemented yet for class: org.codehaus.groovy.ast.expr.EmptyExpression>: null

22-11-2024T06:25:48 - [TEST_STEP][PASSED] - i3 = x.indexOf("/") + 1: null

22-11-2024T06:25:48 - [TEST_STEP][PASSED] - x = x.substring(i3, x.length()): null

22-11-2024T06:25:48 - [TEST_STEP][PASSED] - return x: null

22-11-2024T06:25:48 - [TEST_STEP][PASSED] - i = tableA.indexOf("Юг"): null

22-11-2024T06:25:48 - [TEST_STEP][PASSED] - CiPA = replaceAll("\p{P}", "").trim(): null

22-11-2024T06:25:48 - [TEST_STEP][PASSED] - println("CiPA: " + CiPA): null

22-11-2024T06:25:48 - [TEST_STEP][PASSED] - for ([i = 1, i < 10, (i++)]): null

22-11-2024T06:25:48 - [TEST_STEP][PASSED] - tableA = Script1719551244403.NewDZO(x = tableA): null

22-11-2024T06:25:48 - [TEST_STEP][PASSED] - i3 = <not implemented yet for class: org.codehaus.groovy.ast.expr.EmptyExpression>: null

22-11-2024T06:25:48 - [TEST_STEP][PASSED] - i3 = x.indexOf("/") + 1: null

22-11-2024T06:25:48 - [TEST_STEP][PASSED] - x = x.substring(i3, x.length()): null

22-11-2024T06:25:48 - [TEST_STEP][PASSED] - return x: null

22-11-2024T06:25:48 - [TEST_STEP][PASSED] - tableA = Script1719551244403.NewDZO(x = tableA): null

22-11-2024T06:25:48 - [TEST_STEP][PASSED] - i3 = <not implemented yet for class: org.codehaus.groovy.ast.expr.EmptyExpression>: null

22-11-2024T06:25:48 - [TEST_STEP][PASSED] - i3 = x.indexOf("/") + 1: null

22-11-2024T06:25:48 - [TEST_STEP][PASSED] - x = x.substring(i3, x.length()): null

22-11-2024T06:25:48 - [TEST_STEP][PASSED] - return x: null

22-11-2024T06:25:48 - [TEST_STEP][PASSED] - tableA = Script1719551244403.NewDZO(x = tableA): null

22-11-2024T06:25:48 - [TEST_STEP][PASSED] - i3 = <not implemented yet for class: org.codehaus.groovy.ast.expr.EmptyExpression>: null

22-11-2024T06:25:48 - [TEST_STEP][PASSED] - i3 = x.indexOf("/") + 1: null

22-11-2024T06:25:48 - [TEST_STEP][PASSED] - x = x.substring(i3, x.length()): null

22-11-2024T06:25:48 - [TEST_STEP][PASSED] - return x: null

22-11-2024T06:25:48 - [TEST_STEP][PASSED] - tableA = Script1719551244403.NewDZO(x = tableA): null

22-11-2024T06:25:48 - [TEST_STEP][PASSED] - i3 = <not implemented yet for class: org.codehaus.groovy.ast.expr.EmptyExpression>: null

22-11-2024T06:25:48 - [TEST_STEP][PASSED] - i3 = x.indexOf("/") + 1: null

22-11-2024T06:25:48 - [TEST_STEP][PASSED] - x = x.substring(i3, x.length()): null

22-11-2024T06:25:48 - [TEST_STEP][PASSED] - return x: null

22-11-2024T06:25:48 - [TEST_STEP][PASSED] - tableA = Script1719551244403.NewDZO(x = tableA): null

22-11-2024T06:25:48 - [TEST_STEP][PASSED] - i3 = <not implemented yet for class: org.codehaus.groovy.ast.expr.EmptyExpression>: null

22-11-2024T06:25:48 - [TEST_STEP][PASSED] - i3 = x.indexOf("/") + 1: null

22-11-2024T06:25:48 - [TEST_STEP][PASSED] - x = x.substring(i3, x.length()): null

22-11-2024T06:25:48 - [TEST_STEP][PASSED] - return x: null

22-11-2024T06:25:48 - [TEST_STEP][PASSED] - tableA = Script1719551244403.NewDZO(x = tableA): null

22-11-2024T06:25:48 - [TEST_STEP][PASSED] - i3 = <not implemented yet for class: org.codehaus.groovy.ast.expr.EmptyExpression>: null

22-11-2024T06:25:48 - [TEST_STEP][PASSED] - i3 = x.indexOf("/") + 1: null

22-11-2024T06:25:48 - [TEST_STEP][PASSED] - x = x.substring(i3, x.length()): null

22-11-2024T06:25:48 - [TEST_STEP][PASSED] - return x: null

22-11-2024T06:25:48 - [TEST_STEP][PASSED] - tableA = Script1719551244403.NewDZO(x = tableA): null

22-11-2024T06:25:48 - [TEST_STEP][PASSED] - i3 = <not implemented yet for class: org.codehaus.groovy.ast.expr.EmptyExpression>: null

22-11-2024T06:25:48 - [TEST_STEP][PASSED] - i3 = x.indexOf("/") + 1: null

22-11-2024T06:25:48 - [TEST_STEP][PASSED] - x = x.substring(i3, x.length()): null

22-11-2024T06:25:48 - [TEST_STEP][PASSED] - return x: null

22-11-2024T06:25:48 - [TEST_STEP][PASSED] - tableA = Script1719551244403.NewDZO(x = tableA): null

22-11-2024T06:25:48 - [TEST_STEP][PASSED] - i3 = <not implemented yet for class: org.codehaus.groovy.ast.expr.EmptyExpression>: null

22-11-2024T06:25:48 - [TEST_STEP][PASSED] - i3 = x.indexOf("/") + 1: null

22-11-2024T06:25:48 - [TEST_STEP][PASSED] - x = x.substring(i3, x.length()): null

22-11-2024T06:25:48 - [TEST_STEP][PASSED] - return x: null

22-11-2024T06:25:48 - [TEST_STEP][PASSED] - tableA = Script1719551244403.NewDZO(x = tableA): null

22-11-2024T06:25:48 - [TEST_STEP][PASSED] - i3 = <not implemented yet for class: org.codehaus.groovy.ast.expr.EmptyExpression>: null

22-11-2024T06:25:48 - [TEST_STEP][PASSED] - i3 = x.indexOf("/") + 1: null

22-11-2024T06:25:48 - [TEST_STEP][PASSED] - x = x.substring(i3, x.length()): null

22-11-2024T06:25:48 - [TEST_STEP][PASSED] - return x: null

22-11-2024T06:25:48 - [TEST_STEP][PASSED] - i = tableA.indexOf("Янтарь"): null

22-11-2024T06:25:48 - [TEST_STEP][PASSED] - UgA = replaceAll("\p{P}", "").trim(): null

22-11-2024T06:25:48 - [TEST_STEP][PASSED] - println("UgA: " + UgA): null

22-11-2024T06:25:48 - [TEST_STEP][PASSED] - i = tableA.lastIndexOf("/"): null

22-11-2024T06:25:48 - [TEST_STEP][PASSED] - YaA = replaceAll("\p{P}", "").trim(): null

22-11-2024T06:25:48 - [TEST_STEP][PASSED] - println("YaA: " + YaA): null

22-11-2024T06:25:48 - [TEST_STEP][PASSED] - delay(10): Delayed 10 second(s)

22-11-2024T06:25:58 - [MESSAGE][PASSED] - Delayed 10 second(s)

22-11-2024T06:25:58 - [TEST_STEP][PASSED] - navigateToUrl(findTestData("PlanFact").getValue(10, 11)): Navigate to 'https://bi.rosseti.digital/viewer?dashboardGuid=a1fd28b3785d443cbc4d7690a1d78e31&sheetGuid=d3a0ddec2e914cb380b20dca74903099&fit=true' successfully

22-11-2024T06:25:59 - [MESSAGE][PASSED] - Navigate to 'https://bi.rosseti.digital/viewer?dashboardGuid=a1fd28b3785d443cbc4d7690a1d78e31&sheetGuid=d3a0ddec2e914cb380b20dca74903099&fit=true' successfully

22-11-2024T06:25:59 - [TEST_STEP][PASSED] - b = <not implemented yet for class: org.codehaus.groovy.ast.expr.EmptyExpression>: null

22-11-2024T06:25:59 - [TEST_STEP][PASSED] - b1 = <not implemented yet for class: org.codehaus.groovy.ast.expr.EmptyExpression>: null

22-11-2024T06:25:59 - [TEST_STEP][PASSED] - b2 = <not implemented yet for class: org.codehaus.groovy.ast.expr.EmptyExpression>: null

22-11-2024T06:25:59 - [TEST_STEP][PASSED] - click(findTestObject("Факторный анализ/Фильтр Дата Выручка")): Object: 'Object Repository/Факторный анализ/Фильтр Дата Выручка' is clicked on

22-11-2024T06:26:21 - [MESSAGE][PASSED] - Object: 'Object Repository/Факторный анализ/Фильтр Дата Выручка' is clicked on

22-11-2024T06:26:21 - [TEST_STEP][PASSED] - click(findTestObject("Факторный анализ/Снять выделение в фильтре Дата Выручка")): Object: 'Object Repository/Факторный анализ/Снять выделение в фильтре Дата Выручка' is clicked on

22-11-2024T06:26:22 - [MESSAGE][PASSED] - Object: 'Object Repository/Факторный анализ/Снять выделение в фильтре Дата Выручка' is clicked on

22-11-2024T06:26:22 - [TEST_STEP][PASSED] - click(findTestObject("Факторный анализ/Применить в фильтре Дата Выручка")): Object: 'Object Repository/Факторный анализ/Применить в фильтре Дата Выручка' is clicked on

22-11-2024T06:26:22 - [MESSAGE][PASSED] - Object: 'Object Repository/Факторный анализ/Применить в фильтре Дата Выручка' is clicked on

22-11-2024T06:26:22 - [TEST_STEP][PASSED] - delay(10): Delayed 10 second(s)

22-11-2024T06:26:32 - [MESSAGE][PASSED] - Delayed 10 second(s)

22-11-2024T06:26:32 - [TEST_STEP][PASSED] - click(findTestObject("Факторный анализ/Фильтр Дата Выручка")): Object: 'Object Repository/Факторный анализ/Фильтр Дата Выручка' is clicked on

22-11-2024T06:26:33 - [MESSAGE][PASSED] - Object: 'Object Repository/Факторный анализ/Фильтр Дата Выручка' is clicked on

22-11-2024T06:26:33 - [TEST_STEP][PASSED] - click(findTestObject("Факторный анализ/Снять выделение в фильтре Дата Выручка")): Object: 'Object Repository/Факторный анализ/Снять выделение в фильтре Дата Выручка' is clicked on

22-11-2024T06:26:33 - [MESSAGE][PASSED] - Object: 'Object Repository/Факторный анализ/Снять выделение в фильтре Дата Выручка' is clicked on

22-11-2024T06:26:33 - [TEST_STEP][PASSED] - scrollToElement(findTestObject("Факторный анализ/2024 список Выручка"), 30): Scroll to object 'Object Repository/Факторный анализ/2024 список Выручка' successfully

22-11-2024T06:26:33 - [MESSAGE][PASSED] - Scroll to object 'Object Repository/Факторный анализ/2024 список Выручка' successfully

22-11-2024T06:26:33 - [TEST_STEP][PASSED] - click(findTestObject("Факторный анализ/2024 список Выручка")): Object: 'Object Repository/Факторный анализ/2024 список Выручка' is clicked on

22-11-2024T06:26:34 - [MESSAGE][PASSED] - Object: 'Object Repository/Факторный анализ/2024 список Выручка' is clicked on

22-11-2024T06:26:34 - [TEST_STEP][PASSED] - scrollToElement(findTestObject("Факторный анализ/1 квартал 2024 выбрать Выручка"), 30): Scroll to object 'Object Repository/Факторный анализ/1 квартал 2024 выбрать Выручка' successfully

22-11-2024T06:26:34 - [MESSAGE][PASSED] - Scroll to object 'Object Repository/Факторный анализ/1 квартал 2024 выбрать Выручка' successfully

22-11-2024T06:26:34 - [TEST_STEP][PASSED] - click(findTestObject("Факторный анализ/1 квартал 2024 выбрать Выручка")): Object: 'Object Repository/Факторный анализ/1 квартал 2024 выбрать Выручка' is clicked on

22-11-2024T06:26:35 - [MESSAGE][PASSED] - Object: 'Object Repository/Факторный анализ/1 квартал 2024 выбрать Выручка' is clicked on

22-11-2024T06:26:35 - [TEST_STEP][PASSED] - scrollToElement(findTestObject("Факторный анализ/2 квартал 2024 выбрать Выручка"), 30): Scroll to object 'Object Repository/Факторный анализ/2 квартал 2024 выбрать Выручка' successfully

22-11-2024T06:26:35 - [MESSAGE][PASSED] - Scroll to object 'Object Repository/Факторный анализ/2 квартал 2024 выбрать Выручка' successfully

22-11-2024T06:26:35 - [TEST_STEP][PASSED] - click(findTestObject("Факторный анализ/2 квартал 2024 выбрать Выручка"), CONTINUE_ON_FAILURE): Object: 'Object Repository/Факторный анализ/2 квартал 2024 выбрать Выручка' is clicked on

22-11-2024T06:26:35 - [MESSAGE][PASSED] - Object: 'Object Repository/Факторный анализ/2 квартал 2024 выбрать Выручка' is clicked on

22-11-2024T06:26:35 - [TEST_STEP][PASSED] - click(findTestObject("Факторный анализ/3 квартал 2024 выбрать Выручка"), CONTINUE_ON_FAILURE): Object: 'Object Repository/Факторный анализ/3 квартал 2024 выбрать Выручка' is clicked on

22-11-2024T06:26:36 - [MESSAGE][PASSED] - Object: 'Object Repository/Факторный анализ/3 квартал 2024 выбрать Выручка' is clicked on

22-11-2024T06:26:36 - [TEST_STEP][PASSED] - scrollToElement(findTestObject("Факторный анализ/Заголовок дашборда Выручка"), 30): Scroll to object 'Object Repository/Факторный анализ/Заголовок дашборда Выручка' successfully

22-11-2024T06:26:36 - [MESSAGE][PASSED] - Scroll to object 'Object Repository/Факторный анализ/Заголовок дашборда Выручка' successfully

22-11-2024T06:26:36 - [TEST_STEP][PASSED] - click(findTestObject("Факторный анализ/Применить в фильтре Дата Выручка")): Object: 'Object Repository/Факторный анализ/Применить в фильтре Дата Выручка' is clicked on

22-11-2024T06:26:37 - [MESSAGE][PASSED] - Object: 'Object Repository/Факторный анализ/Применить в фильтре Дата Выручка' is clicked on

22-11-2024T06:26:37 - [TEST_STEP][PASSED] - if (run == 1): null

22-11-2024T06:26:37 - [TEST_STEP][PASSED] - b = getText(findTestObject("Факторный анализ/Отклонения выручки по факторам Выручка")): Text of object 'Object Repository/Факторный анализ/Отклонения выручки по факторам Выручка' is: '34 26034 260
-8 105-8 105
Отклонение (объём услуг) филиал без Nan
Отклонение (средний тариф) филиал без Nan
ПАО Россети'

22-11-2024T06:27:07 - [MESSAGE][PASSED] - Text of object 'Object Repository/Факторный анализ/Отклонения выручки по факторам Выручка' is: '34 26034 260
-8 105-8 105
Отклонение (объём услуг) филиал без Nan
Отклонение (средний тариф) филиал без Nan
ПАО Россети'

22-11-2024T06:27:07 - [TEST_STEP][PASSED] - b = b.replaceAll("[\r?
|
]", "/"): null

22-11-2024T06:27:07 - [TEST_STEP][PASSED] - println("b: " + b): null

22-11-2024T06:27:07 - [TEST_STEP][PASSED] - i = b.indexOf("Отклонение"): null

22-11-2024T06:27:07 - [TEST_STEP][PASSED] - if (i > -1): null

22-11-2024T06:27:07 - [TEST_STEP][PASSED] - i = i: null

22-11-2024T06:27:07 - [TEST_STEP][PASSED] - b = substring(0, i).trim(): null

22-11-2024T06:27:07 - [TEST_STEP][PASSED] - println("b: " + b): null

22-11-2024T06:27:07 - [TEST_STEP][PASSED] - i = b.indexOf("/"): null

22-11-2024T06:27:07 - [TEST_STEP][PASSED] - if (i > -1): null

22-11-2024T06:27:07 - [TEST_STEP][PASSED] - b1 = b.substring(0, i): null

22-11-2024T06:27:07 - [TEST_STEP][PASSED] - println("b1: " + b1): null

22-11-2024T06:27:07 - [TEST_STEP][PASSED] - b2 = b.substring(b1.length() + 1, b.length()): null

22-11-2024T06:27:07 - [TEST_STEP][PASSED] - println("b2: " + b2): null

22-11-2024T06:27:07 - [TEST_STEP][PASSED] - i = b1.length() / 2: null

22-11-2024T06:27:07 - [TEST_STEP][PASSED] - if (i > -1): null

22-11-2024T06:27:07 - [TEST_STEP][PASSED] - b1 = replaceAll("\s+", "").trim(): null

22-11-2024T06:27:07 - [TEST_STEP][PASSED] - println("b1: " + b1): null

22-11-2024T06:27:07 - [TEST_STEP][PASSED] - i = b2.length() / 2: null

22-11-2024T06:27:07 - [TEST_STEP][PASSED] - if (i > -1): null

22-11-2024T06:27:07 - [TEST_STEP][PASSED] - b2 = replaceAll("\s+", "").trim(): null

22-11-2024T06:27:07 - [TEST_STEP][PASSED] - println("b2: " + b2): null

22-11-2024T06:27:07 - [TEST_STEP][PASSED] - vidget = "Отклонения выручки по факторам": null

22-11-2024T06:27:07 - [TEST_STEP][PASSED] - DZO = "ПАО Россети": null

22-11-2024T06:27:07 - [TEST_STEP][PASSED] - typeOfData = "Отклонение (объём услуг)": null

22-11-2024T06:27:07 - [TEST_STEP][PASSED] - Script1719551244403.Compare(x = a1, y = b1, run, typeOfData, otobrajeniyeDannyh, todaysDate, vidget, DZO): null

22-11-2024T06:27:07 - [TEST_STEP][FAILED] - if (verifyEqual(x, y) == true): Unable to verify equal between actual object '-331405' and expected object '34260' (Root cause: com.kms.katalon.core.exception.StepFailedException: Actual object '-331405' and expected object '34260' are not equal
	at com.kms.katalon.core.keyword.builtin.VerifyEqualKeyword$_verifyEqual_closure1.doCall(VerifyEqualKeyword.groovy:58)
	at com.kms.katalon.core.keyword.builtin.VerifyEqualKeyword$_verifyEqual_closure1.call(VerifyEqualKeyword.groovy)
	at com.kms.katalon.core.keyword.internal.KeywordMain.runKeyword(KeywordMain.groovy:75)
	at com.kms.katalon.core.keyword.builtin.VerifyEqualKeyword.verifyEqual(VerifyEqualKeyword.groovy:63)
	at com.kms.katalon.core.keyword.builtin.VerifyEqualKeyword.execute(VerifyEqualKeyword.groovy:44)
	at com.kms.katalon.core.keyword.internal.KeywordExecutor.executeKeywordForPlatform(KeywordExecutor.groovy:74)
	at com.kms.katalon.core.keyword.BuiltinKeywords.verifyEqual(BuiltinKeywords.groovy:146)
	at jdk.internal.reflect.GeneratedMethodAccessor25.invoke(Unknown Source)
	at java.base/jdk.internal.reflect.DelegatingMethodAccessorImpl.invoke(DelegatingMethodAccessorImpl.java:43)
	at Факторный анализ сверка дашбордов.Compare(Факторный анализ сверка дашбордов:658)
	at Факторный анализ сверка дашбордов.Test(Факторный анализ сверка дашбордов:422)
	at Факторный анализ сверка дашбордов.run(Факторный анализ сверка дашбордов:44)
	at com.kms.katalon.core.main.ScriptEngine.run(ScriptEngine.java:194)
	at com.kms.katalon.core.main.ScriptEngine.runScriptAsRawText(ScriptEngine.java:119)
	at com.kms.katalon.core.main.TestCaseExecutor.runScript(TestCaseExecutor.java:448)
	at com.kms.katalon.core.main.TestCaseExecutor.doExecute(TestCaseExecutor.java:439)
	at com.kms.katalon.core.main.TestCaseExecutor.processExecutionPhase(TestCaseExecutor.java:418)
	at com.kms.katalon.core.main.TestCaseExecutor.accessMainPhase(TestCaseExecutor.java:410)
	at com.kms.katalon.core.main.TestCaseExecutor.execute(TestCaseExecutor.java:285)
	at com.kms.katalon.core.common.CommonExecutor.accessTestCaseMainPhase(CommonExecutor.java:65)
	at com.kms.katalon.core.main.TestSuiteExecutor.accessTestSuiteMainPhase(TestSuiteExecutor.java:150)
	at com.kms.katalon.core.main.TestSuiteExecutor.execute(TestSuiteExecutor.java:106)
	at com.kms.katalon.core.main.TestCaseMain.startTestSuite(TestCaseMain.java:180)
	at TempTestSuite1732232929817.run(TempTestSuite1732232929817.groovy:35)
	at java.base/jdk.internal.reflect.NativeMethodAccessorImpl.invoke0(Native Method)
	at java.base/jdk.internal.reflect.NativeMethodAccessorImpl.invoke(NativeMethodAccessorImpl.java:77)
	at java.base/jdk.internal.reflect.DelegatingMethodAccessorImpl.invoke(DelegatingMethodAccessorImpl.java:43)
)

22-11-2024T06:27:07 - [MESSAGE][FAILED] - Unable to verify equal between actual object '-331405' and expected object '34260' (Root cause: com.kms.katalon.core.exception.StepFailedException: Actual object '-331405' and expected object '34260' are not equal
	at com.kms.katalon.core.keyword.builtin.VerifyEqualKeyword$_verifyEqual_closure1.doCall(VerifyEqualKeyword.groovy:58)
	at com.kms.katalon.core.keyword.builtin.VerifyEqualKeyword$_verifyEqual_closure1.call(VerifyEqualKeyword.groovy)
	at com.kms.katalon.core.keyword.internal.KeywordMain.runKeyword(KeywordMain.groovy:75)
	at com.kms.katalon.core.keyword.builtin.VerifyEqualKeyword.verifyEqual(VerifyEqualKeyword.groovy:63)
	at com.kms.katalon.core.keyword.builtin.VerifyEqualKeyword.execute(VerifyEqualKeyword.groovy:44)
	at com.kms.katalon.core.keyword.internal.KeywordExecutor.executeKeywordForPlatform(KeywordExecutor.groovy:74)
	at com.kms.katalon.core.keyword.BuiltinKeywords.verifyEqual(BuiltinKeywords.groovy:146)
	at jdk.internal.reflect.GeneratedMethodAccessor25.invoke(Unknown Source)
	at java.base/jdk.internal.reflect.DelegatingMethodAccessorImpl.invoke(DelegatingMethodAccessorImpl.java:43)
	at Факторный анализ сверка дашбордов.Compare(Факторный анализ сверка дашбордов:658)
	at Факторный анализ сверка дашбордов.Test(Факторный анализ сверка дашбордов:422)
	at Факторный анализ сверка дашбордов.run(Факторный анализ сверка дашбордов:44)
	at com.kms.katalon.core.main.ScriptEngine.run(ScriptEngine.java:194)
	at com.kms.katalon.core.main.ScriptEngine.runScriptAsRawText(ScriptEngine.java:119)
	at com.kms.katalon.core.main.TestCaseExecutor.runScript(TestCaseExecutor.java:448)
	at com.kms.katalon.core.main.TestCaseExecutor.doExecute(TestCaseExecutor.java:439)
	at com.kms.katalon.core.main.TestCaseExecutor.processExecutionPhase(TestCaseExecutor.java:418)
	at com.kms.katalon.core.main.TestCaseExecutor.accessMainPhase(TestCaseExecutor.java:410)
	at com.kms.katalon.core.main.TestCaseExecutor.execute(TestCaseExecutor.java:285)
	at com.kms.katalon.core.common.CommonExecutor.accessTestCaseMainPhase(CommonExecutor.java:65)
	at com.kms.katalon.core.main.TestSuiteExecutor.accessTestSuiteMainPhase(TestSuiteExecutor.java:150)
	at com.kms.katalon.core.main.TestSuiteExecutor.execute(TestSuiteExecutor.java:106)
	at com.kms.katalon.core.main.TestCaseMain.startTestSuite(TestCaseMain.java:180)
	at TempTestSuite1732232929817.run(TempTestSuite1732232929817.groovy:35)
	at java.base/jdk.internal.reflect.NativeMethodAccessorImpl.invoke0(Native Method)
	at java.base/jdk.internal.reflect.NativeMethodAccessorImpl.invoke(NativeMethodAccessorImpl.java:77)
	at java.base/jdk.internal.reflect.DelegatingMethodAccessorImpl.invoke(DelegatingMethodAccessorImpl.java:43)
)

22-11-2024T06:27:07 - [TEST_STEP][PASSED] - else: null

22-11-2024T06:27:07 - [TEST_STEP][PASSED] - if (run == 1): null

22-11-2024T06:27:07 - [TEST_STEP][PASSED] - otobrajeniyeDannyh = "Филиал": null

22-11-2024T06:27:07 - [TEST_STEP][PASSED] - Script1719551244403.WriteToExcel(todaysDate, typeOfData, otobrajeniyeDannyh, x, y, vidget, DZO): null

22-11-2024T06:27:07 - [TEST_STEP][PASSED] - sheetName = "Sheet1": null

22-11-2024T06:27:07 - [TEST_STEP][PASSED] - data = findTestData("PlanFact"): null

22-11-2024T06:27:07 - [TEST_STEP][PASSED] - n = data.getRowNumbers() + 1: null

22-11-2024T06:27:07 - [TEST_STEP][PASSED] - period = getText(findTestObject("Факторный анализ/Фильтр Период")): Text of object 'Object Repository/Факторный анализ/Фильтр Период' is: '1, 2, 3 кв. 2024 года'

22-11-2024T06:27:37 - [MESSAGE][PASSED] - Text of object 'Object Repository/Факторный анализ/Фильтр Период' is: '1, 2, 3 кв. 2024 года'

22-11-2024T06:27:37 - [TEST_STEP][PASSED] - println(period): null

22-11-2024T06:27:37 - [TEST_STEP][PASSED] - dashboardName = "Факторный анализ": null

22-11-2024T06:27:37 - [TEST_STEP][PASSED] - workbook01 = getWorkbook(excelFilePath): null

22-11-2024T06:27:37 - [TEST_STEP][PASSED] - sheet01 = getExcelSheet(workbook01, sheetName): null

22-11-2024T06:27:37 - [TEST_STEP][PASSED] - setValueToCellByIndex(sheet01, n, 0, dashboardName): null

22-11-2024T06:27:37 - [TEST_STEP][PASSED] - setValueToCellByIndex(sheet01, n, 1, DZO): null

22-11-2024T06:27:37 - [TEST_STEP][PASSED] - setValueToCellByIndex(sheet01, n, 2, vidget): null

22-11-2024T06:27:37 - [TEST_STEP][PASSED] - setValueToCellByIndex(sheet01, n, 3, typeOfData): null

22-11-2024T06:27:37 - [TEST_STEP][PASSED] - setValueToCellByIndex(sheet01, n, 4, otobrajeniyeDannyh): null

22-11-2024T06:27:37 - [TEST_STEP][PASSED] - setValueToCellByIndex(sheet01, n, 5, period): null

22-11-2024T06:27:37 - [TEST_STEP][PASSED] - setValueToCellByIndex(sheet01, n, 6, todaysDate): null

22-11-2024T06:27:37 - [TEST_STEP][PASSED] - n = n + 1: null

22-11-2024T06:27:37 - [TEST_STEP][PASSED] - saveWorkbook(excelFilePath, workbook01): null

22-11-2024T06:27:38 - [TEST_STEP][PASSED] - typeOfData = "Отклонение (средний тариф)": null

22-11-2024T06:27:38 - [TEST_STEP][PASSED] - Script1719551244403.Compare(x = a2, y = b2, run, typeOfData, otobrajeniyeDannyh, todaysDate, vidget, DZO): null

22-11-2024T06:27:38 - [TEST_STEP][FAILED] - if (verifyEqual(x, y) == true): Unable to verify equal between actual object '-7906' and expected object '-8105' (Root cause: com.kms.katalon.core.exception.StepFailedException: Actual object '-7906' and expected object '-8105' are not equal
	at com.kms.katalon.core.keyword.builtin.VerifyEqualKeyword$_verifyEqual_closure1.doCall(VerifyEqualKeyword.groovy:58)
	at com.kms.katalon.core.keyword.builtin.VerifyEqualKeyword$_verifyEqual_closure1.call(VerifyEqualKeyword.groovy)
	at com.kms.katalon.core.keyword.internal.KeywordMain.runKeyword(KeywordMain.groovy:75)
	at com.kms.katalon.core.keyword.builtin.VerifyEqualKeyword.verifyEqual(VerifyEqualKeyword.groovy:63)
	at com.kms.katalon.core.keyword.builtin.VerifyEqualKeyword.execute(VerifyEqualKeyword.groovy:44)
	at com.kms.katalon.core.keyword.internal.KeywordExecutor.executeKeywordForPlatform(KeywordExecutor.groovy:74)
	at com.kms.katalon.core.keyword.BuiltinKeywords.verifyEqual(BuiltinKeywords.groovy:146)
	at jdk.internal.reflect.GeneratedMethodAccessor25.invoke(Unknown Source)
	at java.base/jdk.internal.reflect.DelegatingMethodAccessorImpl.invoke(DelegatingMethodAccessorImpl.java:43)
	at Факторный анализ сверка дашбордов.Compare(Факторный анализ сверка дашбордов:658)
	at Факторный анализ сверка дашбордов.Test(Факторный анализ сверка дашбордов:426)
	at Факторный анализ сверка дашбордов.run(Факторный анализ сверка дашбордов:44)
	at com.kms.katalon.core.main.ScriptEngine.run(ScriptEngine.java:194)
	at com.kms.katalon.core.main.ScriptEngine.runScriptAsRawText(ScriptEngine.java:119)
	at com.kms.katalon.core.main.TestCaseExecutor.runScript(TestCaseExecutor.java:448)
	at com.kms.katalon.core.main.TestCaseExecutor.doExecute(TestCaseExecutor.java:439)
	at com.kms.katalon.core.main.TestCaseExecutor.processExecutionPhase(TestCaseExecutor.java:418)
	at com.kms.katalon.core.main.TestCaseExecutor.accessMainPhase(TestCaseExecutor.java:410)
	at com.kms.katalon.core.main.TestCaseExecutor.execute(TestCaseExecutor.java:285)
	at com.kms.katalon.core.common.CommonExecutor.accessTestCaseMainPhase(CommonExecutor.java:65)
	at com.kms.katalon.core.main.TestSuiteExecutor.accessTestSuiteMainPhase(TestSuiteExecutor.java:150)
	at com.kms.katalon.core.main.TestSuiteExecutor.execute(TestSuiteExecutor.java:106)
	at com.kms.katalon.core.main.TestCaseMain.startTestSuite(TestCaseMain.java:180)
	at TempTestSuite1732232929817.run(TempTestSuite1732232929817.groovy:35)
	at java.base/jdk.internal.reflect.NativeMethodAccessorImpl.invoke0(Native Method)
	at java.base/jdk.internal.reflect.NativeMethodAccessorImpl.invoke(NativeMethodAccessorImpl.java:77)
	at java.base/jdk.internal.reflect.DelegatingMethodAccessorImpl.invoke(DelegatingMethodAccessorImpl.java:43)
)

22-11-2024T06:27:38 - [MESSAGE][FAILED] - Unable to verify equal between actual object '-7906' and expected object '-8105' (Root cause: com.kms.katalon.core.exception.StepFailedException: Actual object '-7906' and expected object '-8105' are not equal
	at com.kms.katalon.core.keyword.builtin.VerifyEqualKeyword$_verifyEqual_closure1.doCall(VerifyEqualKeyword.groovy:58)
	at com.kms.katalon.core.keyword.builtin.VerifyEqualKeyword$_verifyEqual_closure1.call(VerifyEqualKeyword.groovy)
	at com.kms.katalon.core.keyword.internal.KeywordMain.runKeyword(KeywordMain.groovy:75)
	at com.kms.katalon.core.keyword.builtin.VerifyEqualKeyword.verifyEqual(VerifyEqualKeyword.groovy:63)
	at com.kms.katalon.core.keyword.builtin.VerifyEqualKeyword.execute(VerifyEqualKeyword.groovy:44)
	at com.kms.katalon.core.keyword.internal.KeywordExecutor.executeKeywordForPlatform(KeywordExecutor.groovy:74)
	at com.kms.katalon.core.keyword.BuiltinKeywords.verifyEqual(BuiltinKeywords.groovy:146)
	at jdk.internal.reflect.GeneratedMethodAccessor25.invoke(Unknown Source)
	at java.base/jdk.internal.reflect.DelegatingMethodAccessorImpl.invoke(DelegatingMethodAccessorImpl.java:43)
	at Факторный анализ сверка дашбордов.Compare(Факторный анализ сверка дашбордов:658)
	at Факторный анализ сверка дашбордов.Test(Факторный анализ сверка дашбордов:426)
	at Факторный анализ сверка дашбордов.run(Факторный анализ сверка дашбордов:44)
	at com.kms.katalon.core.main.ScriptEngine.run(ScriptEngine.java:194)
	at com.kms.katalon.core.main.ScriptEngine.runScriptAsRawText(ScriptEngine.java:119)
	at com.kms.katalon.core.main.TestCaseExecutor.runScript(TestCaseExecutor.java:448)
	at com.kms.katalon.core.main.TestCaseExecutor.doExecute(TestCaseExecutor.java:439)
	at com.kms.katalon.core.main.TestCaseExecutor.processExecutionPhase(TestCaseExecutor.java:418)
	at com.kms.katalon.core.main.TestCaseExecutor.accessMainPhase(TestCaseExecutor.java:410)
	at com.kms.katalon.core.main.TestCaseExecutor.execute(TestCaseExecutor.java:285)
	at com.kms.katalon.core.common.CommonExecutor.accessTestCaseMainPhase(CommonExecutor.java:65)
	at com.kms.katalon.core.main.TestSuiteExecutor.accessTestSuiteMainPhase(TestSuiteExecutor.java:150)
	at com.kms.katalon.core.main.TestSuiteExecutor.execute(TestSuiteExecutor.java:106)
	at com.kms.katalon.core.main.TestCaseMain.startTestSuite(TestCaseMain.java:180)
	at TempTestSuite1732232929817.run(TempTestSuite1732232929817.groovy:35)
	at java.base/jdk.internal.reflect.NativeMethodAccessorImpl.invoke0(Native Method)
	at java.base/jdk.internal.reflect.NativeMethodAccessorImpl.invoke(NativeMethodAccessorImpl.java:77)
	at java.base/jdk.internal.reflect.DelegatingMethodAccessorImpl.invoke(DelegatingMethodAccessorImpl.java:43)
)

22-11-2024T06:27:38 - [TEST_STEP][PASSED] - else: null

22-11-2024T06:27:38 - [TEST_STEP][PASSED] - if (run == 1): null

22-11-2024T06:27:38 - [TEST_STEP][PASSED] - otobrajeniyeDannyh = "Филиал": null

22-11-2024T06:27:38 - [TEST_STEP][PASSED] - Script1719551244403.WriteToExcel(todaysDate, typeOfData, otobrajeniyeDannyh, x, y, vidget, DZO): null

22-11-2024T06:27:38 - [TEST_STEP][PASSED] - sheetName = "Sheet1": null

22-11-2024T06:27:38 - [TEST_STEP][PASSED] - data = findTestData("PlanFact"): null

22-11-2024T06:27:38 - [TEST_STEP][PASSED] - n = data.getRowNumbers() + 1: null

22-11-2024T06:27:38 - [TEST_STEP][PASSED] - period = getText(findTestObject("Факторный анализ/Фильтр Период")): Text of object 'Object Repository/Факторный анализ/Фильтр Период' is: '1, 2, 3 кв. 2024 года'

22-11-2024T06:28:08 - [MESSAGE][PASSED] - Text of object 'Object Repository/Факторный анализ/Фильтр Период' is: '1, 2, 3 кв. 2024 года'

22-11-2024T06:28:08 - [TEST_STEP][PASSED] - println(period): null

22-11-2024T06:28:08 - [TEST_STEP][PASSED] - dashboardName = "Факторный анализ": null

22-11-2024T06:28:08 - [TEST_STEP][PASSED] - workbook01 = getWorkbook(excelFilePath): null

22-11-2024T06:28:08 - [TEST_STEP][PASSED] - sheet01 = getExcelSheet(workbook01, sheetName): null

22-11-2024T06:28:08 - [TEST_STEP][PASSED] - setValueToCellByIndex(sheet01, n, 0, dashboardName): null

22-11-2024T06:28:08 - [TEST_STEP][PASSED] - setValueToCellByIndex(sheet01, n, 1, DZO): null

22-11-2024T06:28:08 - [TEST_STEP][PASSED] - setValueToCellByIndex(sheet01, n, 2, vidget): null

22-11-2024T06:28:08 - [TEST_STEP][PASSED] - setValueToCellByIndex(sheet01, n, 3, typeOfData): null

22-11-2024T06:28:08 - [TEST_STEP][PASSED] - setValueToCellByIndex(sheet01, n, 4, otobrajeniyeDannyh): null

22-11-2024T06:28:08 - [TEST_STEP][PASSED] - setValueToCellByIndex(sheet01, n, 5, period): null

22-11-2024T06:28:08 - [TEST_STEP][PASSED] - setValueToCellByIndex(sheet01, n, 6, todaysDate): null

22-11-2024T06:28:08 - [TEST_STEP][PASSED] - n = n + 1: null

22-11-2024T06:28:08 - [TEST_STEP][PASSED] - saveWorkbook(excelFilePath, workbook01): null

22-11-2024T06:28:08 - [TEST_STEP][PASSED] - tableB = getText(findTestObject("Факторный анализ/AllTable1 Выручка")).replaceAll("[\r?
|
]", "/"): Text of object 'Object Repository/Факторный анализ/AllTable1 Выручка' is: 'ДЗО
Филиал
Отклонение (объём услуг) филиал без Nan
Отклонение (средний тариф) филиал без Nan
АО «Тываэнерго» АО "Тываэнерго" 276 -37
АО «Чеченэнерго» АО «Чеченэнерго» 54 14
Россети Волга Мордовэнерго 169 -86
Оренбургэнерго 532 - 162
Пензаэнерго 259 -72
Самарские РС 395 -1 024
Саратовские РС 428 - 443
Ульяновские РС 231 - 201
Чувашэнерго - 126 126
Россети Кубань Кубаньэнерго 3 229 241
Россети Ленэнерго (ГК) Ленинградская область 1 191 598
г. Санкт-Петербург 2 106 -39
Россети Московский регион Московская область 4 566 - 535
г. Москва 2 812 57
Россети Северный Кавказ (ГК) Дагестанская энергосбытовая компания 0 0
Дагэнерго - 462 480
Ингушэнерго - 185 100
Каббалкэнерго 212 26
Карачаево-Черкесскэнерго 111 -9
Севкавказэнерго - 316 125
Ставропольэнерго 289 - 222
Россети Северо-Запад Архангельский филиал 63 -80
Вологодский филиал 229 -6
Карельский филиал -21 160
Мурманский филиал 102 64
Новгородский филиал 207 -40
Псковский филиал 146 -18
филиал в Республике Коми 10 23
Россети Сибирь (ГК) Алтайэнерго 275 275
Бурятэнерго -95 298
ГАЭС 114 -15
Красноярскэнерго 1 087 - 413
Кузбассэнерго-РЭС 329 205
Омскэнерго 127 - 112
Хакасэнерго 327 - 363
Читаэнерго -44 120
Россети Томск Томская распределительная компания 338 - 125
Россети Тюмень Россети Тюмень -3 853 - 459
Россети Урал (ГК) Пермэнерго 594 - 218
Свердловэнерго 805 233
Челябэнерго 973 - 671
Россети ФСК ЕЭС Итого по ФСК ЕЭС 8 044 -6 045
Россети Центр Белгородэнерго 299 111
Брянскэнерго 73 22
Воронежэнерго 602 133
Костромаэнерго 83 2
Курскэнерго 96 86
Липецкэнерго 731 - 322
Орелэнерго 148 -21
Смоленскэнерго 64 35
Тамбовэнерго 276 -4
Тверьэнерго 319 127
Ярэнерго 545 4
Россети Центр и Приволжье (ГК) Владимирэнерго 517 49
Ивэнерго 169 40
Калугаэнерго 558 -42
Кировэнерго 403 0
Мариэнерго 144 19
Нижновэнерго 658 231
Рязаньэнерго 259 47
Тулэнерго 733 - 209
Удмуртэнерго 294 3
Россети Юг (ГК) АО «ВМЭС» 153 41
Астраханьэнерго 73 90
Волгоградэнерго 392 - 310
Калмэнерго 58 -5
Ростовэнерго 779 44
Россети Янтарь Россети Янтарь 305 -28'

22-11-2024T06:28:38 - [MESSAGE][PASSED] - Text of object 'Object Repository/Факторный анализ/AllTable1 Выручка' is: 'ДЗО
Филиал
Отклонение (объём услуг) филиал без Nan
Отклонение (средний тариф) филиал без Nan
АО «Тываэнерго» АО "Тываэнерго" 276 -37
АО «Чеченэнерго» АО «Чеченэнерго» 54 14
Россети Волга Мордовэнерго 169 -86
Оренбургэнерго 532 - 162
Пензаэнерго 259 -72
Самарские РС 395 -1 024
Саратовские РС 428 - 443
Ульяновские РС 231 - 201
Чувашэнерго - 126 126
Россети Кубань Кубаньэнерго 3 229 241
Россети Ленэнерго (ГК) Ленинградская область 1 191 598
г. Санкт-Петербург 2 106 -39
Россети Московский регион Московская область 4 566 - 535
г. Москва 2 812 57
Россети Северный Кавказ (ГК) Дагестанская энергосбытовая компания 0 0
Дагэнерго - 462 480
Ингушэнерго - 185 100
Каббалкэнерго 212 26
Карачаево-Черкесскэнерго 111 -9
Севкавказэнерго - 316 125
Ставропольэнерго 289 - 222
Россети Северо-Запад Архангельский филиал 63 -80
Вологодский филиал 229 -6
Карельский филиал -21 160
Мурманский филиал 102 64
Новгородский филиал 207 -40
Псковский филиал 146 -18
филиал в Республике Коми 10 23
Россети Сибирь (ГК) Алтайэнерго 275 275
Бурятэнерго -95 298
ГАЭС 114 -15
Красноярскэнерго 1 087 - 413
Кузбассэнерго-РЭС 329 205
Омскэнерго 127 - 112
Хакасэнерго 327 - 363
Читаэнерго -44 120
Россети Томск Томская распределительная компания 338 - 125
Россети Тюмень Россети Тюмень -3 853 - 459
Россети Урал (ГК) Пермэнерго 594 - 218
Свердловэнерго 805 233
Челябэнерго 973 - 671
Россети ФСК ЕЭС Итого по ФСК ЕЭС 8 044 -6 045
Россети Центр Белгородэнерго 299 111
Брянскэнерго 73 22
Воронежэнерго 602 133
Костромаэнерго 83 2
Курскэнерго 96 86
Липецкэнерго 731 - 322
Орелэнерго 148 -21
Смоленскэнерго 64 35
Тамбовэнерго 276 -4
Тверьэнерго 319 127
Ярэнерго 545 4
Россети Центр и Приволжье (ГК) Владимирэнерго 517 49
Ивэнерго 169 40
Калугаэнерго 558 -42
Кировэнерго 403 0
Мариэнерго 144 19
Нижновэнерго 658 231
Рязаньэнерго 259 47
Тулэнерго 733 - 209
Удмуртэнерго 294 3
Россети Юг (ГК) АО «ВМЭС» 153 41
Астраханьэнерго 73 90
Волгоградэнерго 392 - 310
Калмэнерго 58 -5
Ростовэнерго 779 44
Россети Янтарь Россети Янтарь 305 -28'

22-11-2024T06:28:38 - [TEST_STEP][PASSED] - println("tableB: " + tableB): null

22-11-2024T06:28:38 - [TEST_STEP][PASSED] - for ([i = 1, i < 5, (i++)]): null

22-11-2024T06:28:38 - [TEST_STEP][PASSED] - ii = tableB.indexOf("/") + 1: null

22-11-2024T06:28:38 - [TEST_STEP][PASSED] - tableB = tableB.substring(ii, tableB.length()): null

22-11-2024T06:28:38 - [TEST_STEP][PASSED] - ii = tableB.indexOf("/") + 1: null

22-11-2024T06:28:38 - [TEST_STEP][PASSED] - tableB = tableB.substring(ii, tableB.length()): null

22-11-2024T06:28:38 - [TEST_STEP][PASSED] - ii = tableB.indexOf("/") + 1: null

22-11-2024T06:28:38 - [TEST_STEP][PASSED] - tableB = tableB.substring(ii, tableB.length()): null

22-11-2024T06:28:38 - [TEST_STEP][PASSED] - ii = tableB.indexOf("/") + 1: null

22-11-2024T06:28:38 - [TEST_STEP][PASSED] - tableB = tableB.substring(ii, tableB.length()): null

22-11-2024T06:28:38 - [TEST_STEP][PASSED] - println("tableB: " + tableB): null

22-11-2024T06:28:38 - [TEST_STEP][PASSED] - TyB = Script1719551244403.GetData(x = tableB): null

22-11-2024T06:28:38 - [TEST_STEP][PASSED] - i2 = <not implemented yet for class: org.codehaus.groovy.ast.expr.EmptyExpression>: null

22-11-2024T06:28:38 - [TEST_STEP][PASSED] - i2 = x.indexOf("/") + 1: null

22-11-2024T06:28:38 - [TEST_STEP][PASSED] - x = replaceAll("\p{P}", "").trim(): null

22-11-2024T06:28:38 - [TEST_STEP][PASSED] - return x: null

22-11-2024T06:28:38 - [TEST_STEP][PASSED] - println("TyB: " + TyB): null

22-11-2024T06:28:38 - [TEST_STEP][PASSED] - tableB = Script1719551244403.NewDZO(x = tableB): null

22-11-2024T06:28:38 - [TEST_STEP][PASSED] - i3 = <not implemented yet for class: org.codehaus.groovy.ast.expr.EmptyExpression>: null

22-11-2024T06:28:38 - [TEST_STEP][PASSED] - i3 = x.indexOf("/") + 1: null

22-11-2024T06:28:38 - [TEST_STEP][PASSED] - x = x.substring(i3, x.length()): null

22-11-2024T06:28:38 - [TEST_STEP][PASSED] - return x: null

22-11-2024T06:28:38 - [TEST_STEP][PASSED] - ChB = Script1719551244403.GetData(x = tableB): null

22-11-2024T06:28:38 - [TEST_STEP][PASSED] - i2 = <not implemented yet for class: org.codehaus.groovy.ast.expr.EmptyExpression>: null

22-11-2024T06:28:38 - [TEST_STEP][PASSED] - i2 = x.indexOf("/") + 1: null

22-11-2024T06:28:38 - [TEST_STEP][PASSED] - x = replaceAll("\p{P}", "").trim(): null

22-11-2024T06:28:38 - [TEST_STEP][PASSED] - return x: null

22-11-2024T06:28:38 - [TEST_STEP][PASSED] - println("ChB: " + ChB): null

22-11-2024T06:28:38 - [TEST_STEP][PASSED] - tableB = Script1719551244403.NewDZO(x = tableB): null

22-11-2024T06:28:38 - [TEST_STEP][PASSED] - i3 = <not implemented yet for class: org.codehaus.groovy.ast.expr.EmptyExpression>: null

22-11-2024T06:28:38 - [TEST_STEP][PASSED] - i3 = x.indexOf("/") + 1: null

22-11-2024T06:28:38 - [TEST_STEP][PASSED] - x = x.substring(i3, x.length()): null

22-11-2024T06:28:38 - [TEST_STEP][PASSED] - return x: null

22-11-2024T06:28:38 - [TEST_STEP][PASSED] - i = tableB.indexOf("Кубань"): null

22-11-2024T06:28:38 - [TEST_STEP][PASSED] - VB = replaceAll("\p{P}", "").trim(): null

22-11-2024T06:28:38 - [TEST_STEP][PASSED] - println("VB: " + VB): null

22-11-2024T06:28:38 - [TEST_STEP][PASSED] - for ([i = 1, i < 8, (i++)]): null

22-11-2024T06:28:38 - [TEST_STEP][PASSED] - tableB = Script1719551244403.NewDZO(x = tableB): null

22-11-2024T06:28:38 - [TEST_STEP][PASSED] - i3 = <not implemented yet for class: org.codehaus.groovy.ast.expr.EmptyExpression>: null

22-11-2024T06:28:38 - [TEST_STEP][PASSED] - i3 = x.indexOf("/") + 1: null

22-11-2024T06:28:38 - [TEST_STEP][PASSED] - x = x.substring(i3, x.length()): null

22-11-2024T06:28:38 - [TEST_STEP][PASSED] - return x: null

22-11-2024T06:28:38 - [TEST_STEP][PASSED] - tableB = Script1719551244403.NewDZO(x = tableB): null

22-11-2024T06:28:38 - [TEST_STEP][PASSED] - i3 = <not implemented yet for class: org.codehaus.groovy.ast.expr.EmptyExpression>: null

22-11-2024T06:28:38 - [TEST_STEP][PASSED] - i3 = x.indexOf("/") + 1: null

22-11-2024T06:28:38 - [TEST_STEP][PASSED] - x = x.substring(i3, x.length()): null

22-11-2024T06:28:38 - [TEST_STEP][PASSED] - return x: null

22-11-2024T06:28:38 - [TEST_STEP][PASSED] - tableB = Script1719551244403.NewDZO(x = tableB): null

22-11-2024T06:28:38 - [TEST_STEP][PASSED] - i3 = <not implemented yet for class: org.codehaus.groovy.ast.expr.EmptyExpression>: null

22-11-2024T06:28:38 - [TEST_STEP][PASSED] - i3 = x.indexOf("/") + 1: null

22-11-2024T06:28:38 - [TEST_STEP][PASSED] - x = x.substring(i3, x.length()): null

22-11-2024T06:28:38 - [TEST_STEP][PASSED] - return x: null

22-11-2024T06:28:38 - [TEST_STEP][PASSED] - tableB = Script1719551244403.NewDZO(x = tableB): null

22-11-2024T06:28:38 - [TEST_STEP][PASSED] - i3 = <not implemented yet for class: org.codehaus.groovy.ast.expr.EmptyExpression>: null

22-11-2024T06:28:38 - [TEST_STEP][PASSED] - i3 = x.indexOf("/") + 1: null

22-11-2024T06:28:38 - [TEST_STEP][PASSED] - x = x.substring(i3, x.length()): null

22-11-2024T06:28:38 - [TEST_STEP][PASSED] - return x: null

22-11-2024T06:28:38 - [TEST_STEP][PASSED] - tableB = Script1719551244403.NewDZO(x = tableB): null

22-11-2024T06:28:38 - [TEST_STEP][PASSED] - i3 = <not implemented yet for class: org.codehaus.groovy.ast.expr.EmptyExpression>: null

22-11-2024T06:28:38 - [TEST_STEP][PASSED] - i3 = x.indexOf("/") + 1: null

22-11-2024T06:28:38 - [TEST_STEP][PASSED] - x = x.substring(i3, x.length()): null

22-11-2024T06:28:38 - [TEST_STEP][PASSED] - return x: null

22-11-2024T06:28:38 - [TEST_STEP][PASSED] - tableB = Script1719551244403.NewDZO(x = tableB): null

22-11-2024T06:28:38 - [TEST_STEP][PASSED] - i3 = <not implemented yet for class: org.codehaus.groovy.ast.expr.EmptyExpression>: null

22-11-2024T06:28:38 - [TEST_STEP][PASSED] - i3 = x.indexOf("/") + 1: null

22-11-2024T06:28:38 - [TEST_STEP][PASSED] - x = x.substring(i3, x.length()): null

22-11-2024T06:28:38 - [TEST_STEP][PASSED] - return x: null

22-11-2024T06:28:38 - [TEST_STEP][PASSED] - tableB = Script1719551244403.NewDZO(x = tableB): null

22-11-2024T06:28:38 - [TEST_STEP][PASSED] - i3 = <not implemented yet for class: org.codehaus.groovy.ast.expr.EmptyExpression>: null

22-11-2024T06:28:38 - [TEST_STEP][PASSED] - i3 = x.indexOf("/") + 1: null

22-11-2024T06:28:38 - [TEST_STEP][PASSED] - x = x.substring(i3, x.length()): null

22-11-2024T06:28:38 - [TEST_STEP][PASSED] - return x: null

22-11-2024T06:28:38 - [TEST_STEP][PASSED] - i = tableB.indexOf("Ленэнерго"): null

22-11-2024T06:28:38 - [TEST_STEP][PASSED] - KuB = Script1719551244403.GetData(x = tableB): null

22-11-2024T06:28:38 - [TEST_STEP][PASSED] - i2 = <not implemented yet for class: org.codehaus.groovy.ast.expr.EmptyExpression>: null

22-11-2024T06:28:38 - [TEST_STEP][PASSED] - i2 = x.indexOf("/") + 1: null

22-11-2024T06:28:38 - [TEST_STEP][PASSED] - x = replaceAll("\p{P}", "").trim(): null

22-11-2024T06:28:38 - [TEST_STEP][PASSED] - return x: null

22-11-2024T06:28:38 - [TEST_STEP][PASSED] - println("KuB: " + KuB): null

22-11-2024T06:28:38 - [TEST_STEP][PASSED] - tableB = Script1719551244403.NewDZO(x = tableB): null

22-11-2024T06:28:38 - [TEST_STEP][PASSED] - i3 = <not implemented yet for class: org.codehaus.groovy.ast.expr.EmptyExpression>: null

22-11-2024T06:28:38 - [TEST_STEP][PASSED] - i3 = x.indexOf("/") + 1: null

22-11-2024T06:28:38 - [TEST_STEP][PASSED] - x = x.substring(i3, x.length()): null

22-11-2024T06:28:38 - [TEST_STEP][PASSED] - return x: null

22-11-2024T06:28:38 - [TEST_STEP][PASSED] - i = tableB.indexOf("Московский"): null

22-11-2024T06:28:38 - [TEST_STEP][PASSED] - LenB = replaceAll("\p{P}", "").trim(): null

22-11-2024T06:28:38 - [TEST_STEP][PASSED] - println("LenB: " + LenB): null

22-11-2024T06:28:38 - [TEST_STEP][PASSED] - tableB = Script1719551244403.NewDZO(x = tableB): null

22-11-2024T06:28:38 - [TEST_STEP][PASSED] - i3 = <not implemented yet for class: org.codehaus.groovy.ast.expr.EmptyExpression>: null

22-11-2024T06:28:38 - [TEST_STEP][PASSED] - i3 = x.indexOf("/") + 1: null

22-11-2024T06:28:38 - [TEST_STEP][PASSED] - x = x.substring(i3, x.length()): null

22-11-2024T06:28:38 - [TEST_STEP][PASSED] - return x: null

22-11-2024T06:28:38 - [TEST_STEP][PASSED] - tableB = Script1719551244403.NewDZO(x = tableB): null

22-11-2024T06:28:38 - [TEST_STEP][PASSED] - i3 = <not implemented yet for class: org.codehaus.groovy.ast.expr.EmptyExpression>: null

22-11-2024T06:28:38 - [TEST_STEP][PASSED] - i3 = x.indexOf("/") + 1: null

22-11-2024T06:28:38 - [TEST_STEP][PASSED] - x = x.substring(i3, x.length()): null

22-11-2024T06:28:38 - [TEST_STEP][PASSED] - return x: null

22-11-2024T06:28:38 - [TEST_STEP][PASSED] - i = tableB.indexOf("Кавказ"): null

22-11-2024T06:28:38 - [TEST_STEP][PASSED] - MosB = replaceAll("\p{P}", "").trim(): null

22-11-2024T06:28:38 - [TEST_STEP][PASSED] - println("MosB: " + MosB): null

22-11-2024T06:28:38 - [TEST_STEP][PASSED] - for ([i = 1, i < 3, (i++)]): null

22-11-2024T06:28:38 - [TEST_STEP][PASSED] - tableB = Script1719551244403.NewDZO(x = tableB): null

22-11-2024T06:28:38 - [TEST_STEP][PASSED] - i3 = <not implemented yet for class: org.codehaus.groovy.ast.expr.EmptyExpression>: null

22-11-2024T06:28:38 - [TEST_STEP][PASSED] - i3 = x.indexOf("/") + 1: null

22-11-2024T06:28:38 - [TEST_STEP][PASSED] - x = x.substring(i3, x.length()): null

22-11-2024T06:28:38 - [TEST_STEP][PASSED] - return x: null

22-11-2024T06:28:38 - [TEST_STEP][PASSED] - tableB = Script1719551244403.NewDZO(x = tableB): null

22-11-2024T06:28:38 - [TEST_STEP][PASSED] - i3 = <not implemented yet for class: org.codehaus.groovy.ast.expr.EmptyExpression>: null

22-11-2024T06:28:38 - [TEST_STEP][PASSED] - i3 = x.indexOf("/") + 1: null

22-11-2024T06:28:38 - [TEST_STEP][PASSED] - x = x.substring(i3, x.length()): null

22-11-2024T06:28:38 - [TEST_STEP][PASSED] - return x: null

22-11-2024T06:28:38 - [TEST_STEP][PASSED] - i = tableB.indexOf("Запад"): null

22-11-2024T06:28:38 - [TEST_STEP][PASSED] - SKB = replaceAll("\p{P}", "").trim(): null

22-11-2024T06:28:38 - [TEST_STEP][PASSED] - println("SKB: " + SKB): null

22-11-2024T06:28:38 - [TEST_STEP][PASSED] - for ([i = 1, i < 7, (i++)]): null

22-11-2024T06:28:38 - [TEST_STEP][PASSED] - tableB = Script1719551244403.NewDZO(x = tableB): null

22-11-2024T06:28:38 - [TEST_STEP][PASSED] - i3 = <not implemented yet for class: org.codehaus.groovy.ast.expr.EmptyExpression>: null

22-11-2024T06:28:38 - [TEST_STEP][PASSED] - i3 = x.indexOf("/") + 1: null

22-11-2024T06:28:38 - [TEST_STEP][PASSED] - x = x.substring(i3, x.length()): null

22-11-2024T06:28:38 - [TEST_STEP][PASSED] - return x: null

22-11-2024T06:28:38 - [TEST_STEP][PASSED] - tableB = Script1719551244403.NewDZO(x = tableB): null

22-11-2024T06:28:38 - [TEST_STEP][PASSED] - i3 = <not implemented yet for class: org.codehaus.groovy.ast.expr.EmptyExpression>: null

22-11-2024T06:28:38 - [TEST_STEP][PASSED] - i3 = x.indexOf("/") + 1: null

22-11-2024T06:28:38 - [TEST_STEP][PASSED] - x = x.substring(i3, x.length()): null

22-11-2024T06:28:38 - [TEST_STEP][PASSED] - return x: null

22-11-2024T06:28:38 - [TEST_STEP][PASSED] - tableB = Script1719551244403.NewDZO(x = tableB): null

22-11-2024T06:28:38 - [TEST_STEP][PASSED] - i3 = <not implemented yet for class: org.codehaus.groovy.ast.expr.EmptyExpression>: null

22-11-2024T06:28:38 - [TEST_STEP][PASSED] - i3 = x.indexOf("/") + 1: null

22-11-2024T06:28:38 - [TEST_STEP][PASSED] - x = x.substring(i3, x.length()): null

22-11-2024T06:28:38 - [TEST_STEP][PASSED] - return x: null

22-11-2024T06:28:38 - [TEST_STEP][PASSED] - tableB = Script1719551244403.NewDZO(x = tableB): null

22-11-2024T06:28:38 - [TEST_STEP][PASSED] - i3 = <not implemented yet for class: org.codehaus.groovy.ast.expr.EmptyExpression>: null

22-11-2024T06:28:38 - [TEST_STEP][PASSED] - i3 = x.indexOf("/") + 1: null

22-11-2024T06:28:38 - [TEST_STEP][PASSED] - x = x.substring(i3, x.length()): null

22-11-2024T06:28:38 - [TEST_STEP][PASSED] - return x: null

22-11-2024T06:28:38 - [TEST_STEP][PASSED] - tableB = Script1719551244403.NewDZO(x = tableB): null

22-11-2024T06:28:38 - [TEST_STEP][PASSED] - i3 = <not implemented yet for class: org.codehaus.groovy.ast.expr.EmptyExpression>: null

22-11-2024T06:28:38 - [TEST_STEP][PASSED] - i3 = x.indexOf("/") + 1: null

22-11-2024T06:28:38 - [TEST_STEP][PASSED] - x = x.substring(i3, x.length()): null

22-11-2024T06:28:38 - [TEST_STEP][PASSED] - return x: null

22-11-2024T06:28:38 - [TEST_STEP][PASSED] - tableB = Script1719551244403.NewDZO(x = tableB): null

22-11-2024T06:28:38 - [TEST_STEP][PASSED] - i3 = <not implemented yet for class: org.codehaus.groovy.ast.expr.EmptyExpression>: null

22-11-2024T06:28:38 - [TEST_STEP][PASSED] - i3 = x.indexOf("/") + 1: null

22-11-2024T06:28:38 - [TEST_STEP][PASSED] - x = x.substring(i3, x.length()): null

22-11-2024T06:28:38 - [TEST_STEP][PASSED] - return x: null

22-11-2024T06:28:38 - [TEST_STEP][PASSED] - i = tableB.indexOf("Сибирь"): null

22-11-2024T06:28:38 - [TEST_STEP][PASSED] - SZB = replaceAll("\p{P}", "").trim(): null

22-11-2024T06:28:38 - [TEST_STEP][PASSED] - println("SZB: " + SZB): null

22-11-2024T06:28:38 - [TEST_STEP][PASSED] - for ([i = 1, i < 8, (i++)]): null

22-11-2024T06:28:38 - [TEST_STEP][PASSED] - tableB = Script1719551244403.NewDZO(x = tableB): null

22-11-2024T06:28:38 - [TEST_STEP][PASSED] - i3 = <not implemented yet for class: org.codehaus.groovy.ast.expr.EmptyExpression>: null

22-11-2024T06:28:38 - [TEST_STEP][PASSED] - i3 = x.indexOf("/") + 1: null

22-11-2024T06:28:38 - [TEST_STEP][PASSED] - x = x.substring(i3, x.length()): null

22-11-2024T06:28:38 - [TEST_STEP][PASSED] - return x: null

22-11-2024T06:28:38 - [TEST_STEP][PASSED] - tableB = Script1719551244403.NewDZO(x = tableB): null

22-11-2024T06:28:38 - [TEST_STEP][PASSED] - i3 = <not implemented yet for class: org.codehaus.groovy.ast.expr.EmptyExpression>: null

22-11-2024T06:28:38 - [TEST_STEP][PASSED] - i3 = x.indexOf("/") + 1: null

22-11-2024T06:28:38 - [TEST_STEP][PASSED] - x = x.substring(i3, x.length()): null

22-11-2024T06:28:38 - [TEST_STEP][PASSED] - return x: null

22-11-2024T06:28:38 - [TEST_STEP][PASSED] - tableB = Script1719551244403.NewDZO(x = tableB): null

22-11-2024T06:28:38 - [TEST_STEP][PASSED] - i3 = <not implemented yet for class: org.codehaus.groovy.ast.expr.EmptyExpression>: null

22-11-2024T06:28:38 - [TEST_STEP][PASSED] - i3 = x.indexOf("/") + 1: null

22-11-2024T06:28:38 - [TEST_STEP][PASSED] - x = x.substring(i3, x.length()): null

22-11-2024T06:28:38 - [TEST_STEP][PASSED] - return x: null

22-11-2024T06:28:38 - [TEST_STEP][PASSED] - tableB = Script1719551244403.NewDZO(x = tableB): null

22-11-2024T06:28:38 - [TEST_STEP][PASSED] - i3 = <not implemented yet for class: org.codehaus.groovy.ast.expr.EmptyExpression>: null

22-11-2024T06:28:38 - [TEST_STEP][PASSED] - i3 = x.indexOf("/") + 1: null

22-11-2024T06:28:38 - [TEST_STEP][PASSED] - x = x.substring(i3, x.length()): null

22-11-2024T06:28:38 - [TEST_STEP][PASSED] - return x: null

22-11-2024T06:28:38 - [TEST_STEP][PASSED] - tableB = Script1719551244403.NewDZO(x = tableB): null

22-11-2024T06:28:38 - [TEST_STEP][PASSED] - i3 = <not implemented yet for class: org.codehaus.groovy.ast.expr.EmptyExpression>: null

22-11-2024T06:28:38 - [TEST_STEP][PASSED] - i3 = x.indexOf("/") + 1: null

22-11-2024T06:28:38 - [TEST_STEP][PASSED] - x = x.substring(i3, x.length()): null

22-11-2024T06:28:38 - [TEST_STEP][PASSED] - return x: null

22-11-2024T06:28:38 - [TEST_STEP][PASSED] - tableB = Script1719551244403.NewDZO(x = tableB): null

22-11-2024T06:28:38 - [TEST_STEP][PASSED] - i3 = <not implemented yet for class: org.codehaus.groovy.ast.expr.EmptyExpression>: null

22-11-2024T06:28:38 - [TEST_STEP][PASSED] - i3 = x.indexOf("/") + 1: null

22-11-2024T06:28:38 - [TEST_STEP][PASSED] - x = x.substring(i3, x.length()): null

22-11-2024T06:28:38 - [TEST_STEP][PASSED] - return x: null

22-11-2024T06:28:38 - [TEST_STEP][PASSED] - tableB = Script1719551244403.NewDZO(x = tableB): null

22-11-2024T06:28:38 - [TEST_STEP][PASSED] - i3 = <not implemented yet for class: org.codehaus.groovy.ast.expr.EmptyExpression>: null

22-11-2024T06:28:38 - [TEST_STEP][PASSED] - i3 = x.indexOf("/") + 1: null

22-11-2024T06:28:38 - [TEST_STEP][PASSED] - x = x.substring(i3, x.length()): null

22-11-2024T06:28:38 - [TEST_STEP][PASSED] - return x: null

22-11-2024T06:28:38 - [TEST_STEP][PASSED] - i = tableB.indexOf("Томск"): null

22-11-2024T06:28:38 - [TEST_STEP][PASSED] - SiB = replaceAll("\p{P}", "").trim(): null

22-11-2024T06:28:38 - [TEST_STEP][PASSED] - println("SiB: " + SiB): null

22-11-2024T06:28:38 - [TEST_STEP][PASSED] - for ([i = 1, i < 9, (i++)]): null

22-11-2024T06:28:38 - [TEST_STEP][PASSED] - tableB = Script1719551244403.NewDZO(x = tableB): null

22-11-2024T06:28:38 - [TEST_STEP][PASSED] - i3 = <not implemented yet for class: org.codehaus.groovy.ast.expr.EmptyExpression>: null

22-11-2024T06:28:38 - [TEST_STEP][PASSED] - i3 = x.indexOf("/") + 1: null

22-11-2024T06:28:38 - [TEST_STEP][PASSED] - x = x.substring(i3, x.length()): null

22-11-2024T06:28:38 - [TEST_STEP][PASSED] - return x: null

22-11-2024T06:28:38 - [TEST_STEP][PASSED] - tableB = Script1719551244403.NewDZO(x = tableB): null

22-11-2024T06:28:38 - [TEST_STEP][PASSED] - i3 = <not implemented yet for class: org.codehaus.groovy.ast.expr.EmptyExpression>: null

22-11-2024T06:28:38 - [TEST_STEP][PASSED] - i3 = x.indexOf("/") + 1: null

22-11-2024T06:28:38 - [TEST_STEP][PASSED] - x = x.substring(i3, x.length()): null

22-11-2024T06:28:38 - [TEST_STEP][PASSED] - return x: null

22-11-2024T06:28:38 - [TEST_STEP][PASSED] - tableB = Script1719551244403.NewDZO(x = tableB): null

22-11-2024T06:28:38 - [TEST_STEP][PASSED] - i3 = <not implemented yet for class: org.codehaus.groovy.ast.expr.EmptyExpression>: null

22-11-2024T06:28:38 - [TEST_STEP][PASSED] - i3 = x.indexOf("/") + 1: null

22-11-2024T06:28:38 - [TEST_STEP][PASSED] - x = x.substring(i3, x.length()): null

22-11-2024T06:28:38 - [TEST_STEP][PASSED] - return x: null

22-11-2024T06:28:38 - [TEST_STEP][PASSED] - tableB = Script1719551244403.NewDZO(x = tableB): null

22-11-2024T06:28:38 - [TEST_STEP][PASSED] - i3 = <not implemented yet for class: org.codehaus.groovy.ast.expr.EmptyExpression>: null

22-11-2024T06:28:38 - [TEST_STEP][PASSED] - i3 = x.indexOf("/") + 1: null

22-11-2024T06:28:38 - [TEST_STEP][PASSED] - x = x.substring(i3, x.length()): null

22-11-2024T06:28:38 - [TEST_STEP][PASSED] - return x: null

22-11-2024T06:28:38 - [TEST_STEP][PASSED] - tableB = Script1719551244403.NewDZO(x = tableB): null

22-11-2024T06:28:38 - [TEST_STEP][PASSED] - i3 = <not implemented yet for class: org.codehaus.groovy.ast.expr.EmptyExpression>: null

22-11-2024T06:28:38 - [TEST_STEP][PASSED] - i3 = x.indexOf("/") + 1: null

22-11-2024T06:28:38 - [TEST_STEP][PASSED] - x = x.substring(i3, x.length()): null

22-11-2024T06:28:38 - [TEST_STEP][PASSED] - return x: null

22-11-2024T06:28:38 - [TEST_STEP][PASSED] - tableB = Script1719551244403.NewDZO(x = tableB): null

22-11-2024T06:28:38 - [TEST_STEP][PASSED] - i3 = <not implemented yet for class: org.codehaus.groovy.ast.expr.EmptyExpression>: null

22-11-2024T06:28:38 - [TEST_STEP][PASSED] - i3 = x.indexOf("/") + 1: null

22-11-2024T06:28:38 - [TEST_STEP][PASSED] - x = x.substring(i3, x.length()): null

22-11-2024T06:28:38 - [TEST_STEP][PASSED] - return x: null

22-11-2024T06:28:38 - [TEST_STEP][PASSED] - tableB = Script1719551244403.NewDZO(x = tableB): null

22-11-2024T06:28:38 - [TEST_STEP][PASSED] - i3 = <not implemented yet for class: org.codehaus.groovy.ast.expr.EmptyExpression>: null

22-11-2024T06:28:38 - [TEST_STEP][PASSED] - i3 = x.indexOf("/") + 1: null

22-11-2024T06:28:38 - [TEST_STEP][PASSED] - x = x.substring(i3, x.length()): null

22-11-2024T06:28:38 - [TEST_STEP][PASSED] - return x: null

22-11-2024T06:28:38 - [TEST_STEP][PASSED] - tableB = Script1719551244403.NewDZO(x = tableB): null

22-11-2024T06:28:38 - [TEST_STEP][PASSED] - i3 = <not implemented yet for class: org.codehaus.groovy.ast.expr.EmptyExpression>: null

22-11-2024T06:28:38 - [TEST_STEP][PASSED] - i3 = x.indexOf("/") + 1: null

22-11-2024T06:28:38 - [TEST_STEP][PASSED] - x = x.substring(i3, x.length()): null

22-11-2024T06:28:38 - [TEST_STEP][PASSED] - return x: null

22-11-2024T06:28:38 - [TEST_STEP][PASSED] - i = tableB.indexOf("Тюмень"): null

22-11-2024T06:28:38 - [TEST_STEP][PASSED] - ToB = replaceAll("\p{P}", "").trim(): null

22-11-2024T06:28:38 - [TEST_STEP][PASSED] - println("ToB: " + ToB): null

22-11-2024T06:28:38 - [TEST_STEP][PASSED] - tableB = Script1719551244403.NewDZO(x = tableB): null

22-11-2024T06:28:38 - [TEST_STEP][PASSED] - i3 = <not implemented yet for class: org.codehaus.groovy.ast.expr.EmptyExpression>: null

22-11-2024T06:28:38 - [TEST_STEP][PASSED] - i3 = x.indexOf("/") + 1: null

22-11-2024T06:28:38 - [TEST_STEP][PASSED] - x = x.substring(i3, x.length()): null

22-11-2024T06:28:38 - [TEST_STEP][PASSED] - return x: null

22-11-2024T06:28:38 - [TEST_STEP][PASSED] - TyuB = replaceAll("\p{P}", "").trim(): null

22-11-2024T06:28:38 - [TEST_STEP][PASSED] - println("TyuB: " + TyuB): null

22-11-2024T06:28:38 - [TEST_STEP][PASSED] - tableB = Script1719551244403.NewDZO(x = tableB): null

22-11-2024T06:28:38 - [TEST_STEP][PASSED] - i3 = <not implemented yet for class: org.codehaus.groovy.ast.expr.EmptyExpression>: null

22-11-2024T06:28:38 - [TEST_STEP][PASSED] - i3 = x.indexOf("/") + 1: null

22-11-2024T06:28:38 - [TEST_STEP][PASSED] - x = x.substring(i3, x.length()): null

22-11-2024T06:28:38 - [TEST_STEP][PASSED] - return x: null

22-11-2024T06:28:38 - [TEST_STEP][PASSED] - i = tableB.indexOf("ЕЭС"): null

22-11-2024T06:28:38 - [TEST_STEP][PASSED] - UrB = replaceAll("\p{P}", "").trim(): null

22-11-2024T06:28:38 - [TEST_STEP][PASSED] - println("UrB: " + UrB): null

22-11-2024T06:28:38 - [TEST_STEP][PASSED] - for ([i = 1, i < 4, (i++)]): null

22-11-2024T06:28:38 - [TEST_STEP][PASSED] - tableB = Script1719551244403.NewDZO(x = tableB): null

22-11-2024T06:28:38 - [TEST_STEP][PASSED] - i3 = <not implemented yet for class: org.codehaus.groovy.ast.expr.EmptyExpression>: null

22-11-2024T06:28:38 - [TEST_STEP][PASSED] - i3 = x.indexOf("/") + 1: null

22-11-2024T06:28:38 - [TEST_STEP][PASSED] - x = x.substring(i3, x.length()): null

22-11-2024T06:28:38 - [TEST_STEP][PASSED] - return x: null

22-11-2024T06:28:38 - [TEST_STEP][PASSED] - tableB = Script1719551244403.NewDZO(x = tableB): null

22-11-2024T06:28:38 - [TEST_STEP][PASSED] - i3 = <not implemented yet for class: org.codehaus.groovy.ast.expr.EmptyExpression>: null

22-11-2024T06:28:38 - [TEST_STEP][PASSED] - i3 = x.indexOf("/") + 1: null

22-11-2024T06:28:38 - [TEST_STEP][PASSED] - x = x.substring(i3, x.length()): null

22-11-2024T06:28:38 - [TEST_STEP][PASSED] - return x: null

22-11-2024T06:28:38 - [TEST_STEP][PASSED] - tableB = Script1719551244403.NewDZO(x = tableB): null

22-11-2024T06:28:38 - [TEST_STEP][PASSED] - i3 = <not implemented yet for class: org.codehaus.groovy.ast.expr.EmptyExpression>: null

22-11-2024T06:28:38 - [TEST_STEP][PASSED] - i3 = x.indexOf("/") + 1: null

22-11-2024T06:28:38 - [TEST_STEP][PASSED] - x = x.substring(i3, x.length()): null

22-11-2024T06:28:38 - [TEST_STEP][PASSED] - return x: null

22-11-2024T06:28:38 - [TEST_STEP][PASSED] - i = tableB.indexOf("Центр"): null

22-11-2024T06:28:38 - [TEST_STEP][PASSED] - FSKB = replaceAll("\p{P}", "").trim(): null

22-11-2024T06:28:38 - [TEST_STEP][PASSED] - println("FSKB: " + FSKB): null

22-11-2024T06:28:38 - [TEST_STEP][PASSED] - tableB = Script1719551244403.NewDZO(x = tableB): null

22-11-2024T06:28:38 - [TEST_STEP][PASSED] - i3 = <not implemented yet for class: org.codehaus.groovy.ast.expr.EmptyExpression>: null

22-11-2024T06:28:38 - [TEST_STEP][PASSED] - i3 = x.indexOf("/") + 1: null

22-11-2024T06:28:38 - [TEST_STEP][PASSED] - x = x.substring(i3, x.length()): null

22-11-2024T06:28:38 - [TEST_STEP][PASSED] - return x: null

22-11-2024T06:28:38 - [TEST_STEP][PASSED] - i = tableB.indexOf("Приволжье"): null

22-11-2024T06:28:38 - [TEST_STEP][PASSED] - CenB = replaceAll("\p{P}", "").trim(): null

22-11-2024T06:28:38 - [TEST_STEP][PASSED] - println("CenB: " + CenB): null

22-11-2024T06:28:38 - [TEST_STEP][PASSED] - for ([i = 1, i < 12, (i++)]): null

22-11-2024T06:28:38 - [TEST_STEP][PASSED] - tableB = Script1719551244403.NewDZO(x = tableB): null

22-11-2024T06:28:38 - [TEST_STEP][PASSED] - i3 = <not implemented yet for class: org.codehaus.groovy.ast.expr.EmptyExpression>: null

22-11-2024T06:28:38 - [TEST_STEP][PASSED] - i3 = x.indexOf("/") + 1: null

22-11-2024T06:28:38 - [TEST_STEP][PASSED] - x = x.substring(i3, x.length()): null

22-11-2024T06:28:38 - [TEST_STEP][PASSED] - return x: null

22-11-2024T06:28:38 - [TEST_STEP][PASSED] - tableB = Script1719551244403.NewDZO(x = tableB): null

22-11-2024T06:28:38 - [TEST_STEP][PASSED] - i3 = <not implemented yet for class: org.codehaus.groovy.ast.expr.EmptyExpression>: null

22-11-2024T06:28:38 - [TEST_STEP][PASSED] - i3 = x.indexOf("/") + 1: null

22-11-2024T06:28:38 - [TEST_STEP][PASSED] - x = x.substring(i3, x.length()): null

22-11-2024T06:28:38 - [TEST_STEP][PASSED] - return x: null

22-11-2024T06:28:38 - [TEST_STEP][PASSED] - tableB = Script1719551244403.NewDZO(x = tableB): null

22-11-2024T06:28:38 - [TEST_STEP][PASSED] - i3 = <not implemented yet for class: org.codehaus.groovy.ast.expr.EmptyExpression>: null

22-11-2024T06:28:38 - [TEST_STEP][PASSED] - i3 = x.indexOf("/") + 1: null

22-11-2024T06:28:38 - [TEST_STEP][PASSED] - x = x.substring(i3, x.length()): null

22-11-2024T06:28:38 - [TEST_STEP][PASSED] - return x: null

22-11-2024T06:28:38 - [TEST_STEP][PASSED] - tableB = Script1719551244403.NewDZO(x = tableB): null

22-11-2024T06:28:38 - [TEST_STEP][PASSED] - i3 = <not implemented yet for class: org.codehaus.groovy.ast.expr.EmptyExpression>: null

22-11-2024T06:28:38 - [TEST_STEP][PASSED] - i3 = x.indexOf("/") + 1: null

22-11-2024T06:28:38 - [TEST_STEP][PASSED] - x = x.substring(i3, x.length()): null

22-11-2024T06:28:38 - [TEST_STEP][PASSED] - return x: null

22-11-2024T06:28:38 - [TEST_STEP][PASSED] - tableB = Script1719551244403.NewDZO(x = tableB): null

22-11-2024T06:28:38 - [TEST_STEP][PASSED] - i3 = <not implemented yet for class: org.codehaus.groovy.ast.expr.EmptyExpression>: null

22-11-2024T06:28:38 - [TEST_STEP][PASSED] - i3 = x.indexOf("/") + 1: null

22-11-2024T06:28:38 - [TEST_STEP][PASSED] - x = x.substring(i3, x.length()): null

22-11-2024T06:28:38 - [TEST_STEP][PASSED] - return x: null

22-11-2024T06:28:38 - [TEST_STEP][PASSED] - tableB = Script1719551244403.NewDZO(x = tableB): null

22-11-2024T06:28:38 - [TEST_STEP][PASSED] - i3 = <not implemented yet for class: org.codehaus.groovy.ast.expr.EmptyExpression>: null

22-11-2024T06:28:38 - [TEST_STEP][PASSED] - i3 = x.indexOf("/") + 1: null

22-11-2024T06:28:38 - [TEST_STEP][PASSED] - x = x.substring(i3, x.length()): null

22-11-2024T06:28:38 - [TEST_STEP][PASSED] - return x: null

22-11-2024T06:28:38 - [TEST_STEP][PASSED] - tableB = Script1719551244403.NewDZO(x = tableB): null

22-11-2024T06:28:38 - [TEST_STEP][PASSED] - i3 = <not implemented yet for class: org.codehaus.groovy.ast.expr.EmptyExpression>: null

22-11-2024T06:28:38 - [TEST_STEP][PASSED] - i3 = x.indexOf("/") + 1: null

22-11-2024T06:28:38 - [TEST_STEP][PASSED] - x = x.substring(i3, x.length()): null

22-11-2024T06:28:38 - [TEST_STEP][PASSED] - return x: null

22-11-2024T06:28:38 - [TEST_STEP][PASSED] - tableB = Script1719551244403.NewDZO(x = tableB): null

22-11-2024T06:28:38 - [TEST_STEP][PASSED] - i3 = <not implemented yet for class: org.codehaus.groovy.ast.expr.EmptyExpression>: null

22-11-2024T06:28:38 - [TEST_STEP][PASSED] - i3 = x.indexOf("/") + 1: null

22-11-2024T06:28:38 - [TEST_STEP][PASSED] - x = x.substring(i3, x.length()): null

22-11-2024T06:28:38 - [TEST_STEP][PASSED] - return x: null

22-11-2024T06:28:38 - [TEST_STEP][PASSED] - tableB = Script1719551244403.NewDZO(x = tableB): null

22-11-2024T06:28:38 - [TEST_STEP][PASSED] - i3 = <not implemented yet for class: org.codehaus.groovy.ast.expr.EmptyExpression>: null

22-11-2024T06:28:38 - [TEST_STEP][PASSED] - i3 = x.indexOf("/") + 1: null

22-11-2024T06:28:38 - [TEST_STEP][PASSED] - x = x.substring(i3, x.length()): null

22-11-2024T06:28:38 - [TEST_STEP][PASSED] - return x: null

22-11-2024T06:28:38 - [TEST_STEP][PASSED] - tableB = Script1719551244403.NewDZO(x = tableB): null

22-11-2024T06:28:38 - [TEST_STEP][PASSED] - i3 = <not implemented yet for class: org.codehaus.groovy.ast.expr.EmptyExpression>: null

22-11-2024T06:28:38 - [TEST_STEP][PASSED] - i3 = x.indexOf("/") + 1: null

22-11-2024T06:28:38 - [TEST_STEP][PASSED] - x = x.substring(i3, x.length()): null

22-11-2024T06:28:38 - [TEST_STEP][PASSED] - return x: null

22-11-2024T06:28:38 - [TEST_STEP][PASSED] - tableB = Script1719551244403.NewDZO(x = tableB): null

22-11-2024T06:28:38 - [TEST_STEP][PASSED] - i3 = <not implemented yet for class: org.codehaus.groovy.ast.expr.EmptyExpression>: null

22-11-2024T06:28:38 - [TEST_STEP][PASSED] - i3 = x.indexOf("/") + 1: null

22-11-2024T06:28:38 - [TEST_STEP][PASSED] - x = x.substring(i3, x.length()): null

22-11-2024T06:28:38 - [TEST_STEP][PASSED] - return x: null

22-11-2024T06:28:38 - [TEST_STEP][PASSED] - i = tableB.indexOf("Юг"): null

22-11-2024T06:28:38 - [TEST_STEP][PASSED] - CiPB = replaceAll("\p{P}", "").trim(): null

22-11-2024T06:28:38 - [TEST_STEP][PASSED] - println("CiPB: " + CiPB): null

22-11-2024T06:28:38 - [TEST_STEP][PASSED] - for ([i = 1, i < 10, (i++)]): null

22-11-2024T06:28:38 - [TEST_STEP][PASSED] - tableB = Script1719551244403.NewDZO(x = tableB): null

22-11-2024T06:28:38 - [TEST_STEP][PASSED] - i3 = <not implemented yet for class: org.codehaus.groovy.ast.expr.EmptyExpression>: null

22-11-2024T06:28:38 - [TEST_STEP][PASSED] - i3 = x.indexOf("/") + 1: null

22-11-2024T06:28:38 - [TEST_STEP][PASSED] - x = x.substring(i3, x.length()): null

22-11-2024T06:28:38 - [TEST_STEP][PASSED] - return x: null

22-11-2024T06:28:38 - [TEST_STEP][PASSED] - tableB = Script1719551244403.NewDZO(x = tableB): null

22-11-2024T06:28:38 - [TEST_STEP][PASSED] - i3 = <not implemented yet for class: org.codehaus.groovy.ast.expr.EmptyExpression>: null

22-11-2024T06:28:38 - [TEST_STEP][PASSED] - i3 = x.indexOf("/") + 1: null

22-11-2024T06:28:38 - [TEST_STEP][PASSED] - x = x.substring(i3, x.length()): null

22-11-2024T06:28:38 - [TEST_STEP][PASSED] - return x: null

22-11-2024T06:28:38 - [TEST_STEP][PASSED] - tableB = Script1719551244403.NewDZO(x = tableB): null

22-11-2024T06:28:38 - [TEST_STEP][PASSED] - i3 = <not implemented yet for class: org.codehaus.groovy.ast.expr.EmptyExpression>: null

22-11-2024T06:28:38 - [TEST_STEP][PASSED] - i3 = x.indexOf("/") + 1: null

22-11-2024T06:28:38 - [TEST_STEP][PASSED] - x = x.substring(i3, x.length()): null

22-11-2024T06:28:38 - [TEST_STEP][PASSED] - return x: null

22-11-2024T06:28:38 - [TEST_STEP][PASSED] - tableB = Script1719551244403.NewDZO(x = tableB): null

22-11-2024T06:28:38 - [TEST_STEP][PASSED] - i3 = <not implemented yet for class: org.codehaus.groovy.ast.expr.EmptyExpression>: null

22-11-2024T06:28:38 - [TEST_STEP][PASSED] - i3 = x.indexOf("/") + 1: null

22-11-2024T06:28:38 - [TEST_STEP][PASSED] - x = x.substring(i3, x.length()): null

22-11-2024T06:28:38 - [TEST_STEP][PASSED] - return x: null

22-11-2024T06:28:38 - [TEST_STEP][PASSED] - tableB = Script1719551244403.NewDZO(x = tableB): null

22-11-2024T06:28:38 - [TEST_STEP][PASSED] - i3 = <not implemented yet for class: org.codehaus.groovy.ast.expr.EmptyExpression>: null

22-11-2024T06:28:38 - [TEST_STEP][PASSED] - i3 = x.indexOf("/") + 1: null

22-11-2024T06:28:38 - [TEST_STEP][PASSED] - x = x.substring(i3, x.length()): null

22-11-2024T06:28:38 - [TEST_STEP][PASSED] - return x: null

22-11-2024T06:28:38 - [TEST_STEP][PASSED] - tableB = Script1719551244403.NewDZO(x = tableB): null

22-11-2024T06:28:38 - [TEST_STEP][PASSED] - i3 = <not implemented yet for class: org.codehaus.groovy.ast.expr.EmptyExpression>: null

22-11-2024T06:28:38 - [TEST_STEP][PASSED] - i3 = x.indexOf("/") + 1: null

22-11-2024T06:28:38 - [TEST_STEP][PASSED] - x = x.substring(i3, x.length()): null

22-11-2024T06:28:38 - [TEST_STEP][PASSED] - return x: null

22-11-2024T06:28:38 - [TEST_STEP][PASSED] - tableB = Script1719551244403.NewDZO(x = tableB): null

22-11-2024T06:28:38 - [TEST_STEP][PASSED] - i3 = <not implemented yet for class: org.codehaus.groovy.ast.expr.EmptyExpression>: null

22-11-2024T06:28:38 - [TEST_STEP][PASSED] - i3 = x.indexOf("/") + 1: null

22-11-2024T06:28:38 - [TEST_STEP][PASSED] - x = x.substring(i3, x.length()): null

22-11-2024T06:28:38 - [TEST_STEP][PASSED] - return x: null

22-11-2024T06:28:38 - [TEST_STEP][PASSED] - tableB = Script1719551244403.NewDZO(x = tableB): null

22-11-2024T06:28:38 - [TEST_STEP][PASSED] - i3 = <not implemented yet for class: org.codehaus.groovy.ast.expr.EmptyExpression>: null

22-11-2024T06:28:38 - [TEST_STEP][PASSED] - i3 = x.indexOf("/") + 1: null

22-11-2024T06:28:38 - [TEST_STEP][PASSED] - x = x.substring(i3, x.length()): null

22-11-2024T06:28:38 - [TEST_STEP][PASSED] - return x: null

22-11-2024T06:28:38 - [TEST_STEP][PASSED] - tableB = Script1719551244403.NewDZO(x = tableB): null

22-11-2024T06:28:38 - [TEST_STEP][PASSED] - i3 = <not implemented yet for class: org.codehaus.groovy.ast.expr.EmptyExpression>: null

22-11-2024T06:28:38 - [TEST_STEP][PASSED] - i3 = x.indexOf("/") + 1: null

22-11-2024T06:28:38 - [TEST_STEP][PASSED] - x = x.substring(i3, x.length()): null

22-11-2024T06:28:38 - [TEST_STEP][PASSED] - return x: null

22-11-2024T06:28:38 - [TEST_STEP][PASSED] - i = tableB.indexOf("Янтарь"): null

22-11-2024T06:28:38 - [TEST_STEP][PASSED] - UgB = replaceAll("\p{P}", "").trim(): null

22-11-2024T06:28:38 - [TEST_STEP][PASSED] - println("UgB: " + UgB): null

22-11-2024T06:28:38 - [TEST_STEP][PASSED] - i = tableB.lastIndexOf("/"): null

22-11-2024T06:28:38 - [TEST_STEP][PASSED] - YaB = replaceAll("\p{P}", "").trim(): null

22-11-2024T06:28:38 - [TEST_STEP][PASSED] - println("YaB: " + YaB): null

22-11-2024T06:28:38 - [TEST_STEP][PASSED] - vidget = "Отклонения выручки по факторам": null

22-11-2024T06:28:38 - [TEST_STEP][PASSED] - if (run == 2): null

22-11-2024T06:28:38 - [TEST_STEP][PASSED] - Script1719551244403.Test(run, todaysDate, typeOfData, otobrajeniyeDannyh, x, y, vidget, DZO): null

22-11-2024T06:28:38 - [TEST_STEP][PASSED] - navigateToUrl(findTestData("PlanFact").getValue(10, 3)): Navigate to 'https://bi.rosseti.digital/viewer?dashboardGuid=2301950b23be4ed89c1df75f2020051e&sheetGuid=ccd7d7486b3d4e6fa0ee9b1eaebed46c&fit=true' successfully

22-11-2024T06:28:40 - [MESSAGE][PASSED] - Navigate to 'https://bi.rosseti.digital/viewer?dashboardGuid=2301950b23be4ed89c1df75f2020051e&sheetGuid=ccd7d7486b3d4e6fa0ee9b1eaebed46c&fit=true' successfully

22-11-2024T06:28:40 - [TEST_STEP][PASSED] - Script1719551244403.Autorization(run): null

22-11-2024T06:28:40 - [TEST_STEP][PASSED] - delay(10): Delayed 10 second(s)

22-11-2024T06:28:50 - [MESSAGE][PASSED] - Delayed 10 second(s)

22-11-2024T06:28:50 - [TEST_STEP][PASSED] - if (run == 1): null

22-11-2024T06:28:50 - [TEST_STEP][PASSED] - i = <not implemented yet for class: org.codehaus.groovy.ast.expr.EmptyExpression>: null

22-11-2024T06:28:50 - [TEST_STEP][PASSED] - ii = <not implemented yet for class: org.codehaus.groovy.ast.expr.EmptyExpression>: null

22-11-2024T06:28:50 - [TEST_STEP][PASSED] - a = <not implemented yet for class: org.codehaus.groovy.ast.expr.EmptyExpression>: null

22-11-2024T06:28:50 - [TEST_STEP][PASSED] - a1 = <not implemented yet for class: org.codehaus.groovy.ast.expr.EmptyExpression>: null

22-11-2024T06:28:50 - [TEST_STEP][PASSED] - a2 = <not implemented yet for class: org.codehaus.groovy.ast.expr.EmptyExpression>: null

22-11-2024T06:28:50 - [TEST_STEP][PASSED] - click(findTestObject("Факторный анализ/Фильтр Период")): Object: 'Object Repository/Факторный анализ/Фильтр Период' is clicked on

22-11-2024T06:29:00 - [MESSAGE][PASSED] - Object: 'Object Repository/Факторный анализ/Фильтр Период' is clicked on

22-11-2024T06:29:00 - [TEST_STEP][PASSED] - click(findTestObject("Факторный анализ/Снять выделение в фильтре Дата")): Object: 'Object Repository/Факторный анализ/Снять выделение в фильтре Дата' is clicked on

22-11-2024T06:29:01 - [MESSAGE][PASSED] - Object: 'Object Repository/Факторный анализ/Снять выделение в фильтре Дата' is clicked on

22-11-2024T06:29:01 - [TEST_STEP][PASSED] - click(findTestObject("Факторный анализ/Применить в фильтре Дата")): Object: 'Object Repository/Факторный анализ/Применить в фильтре Дата' is clicked on

22-11-2024T06:29:01 - [MESSAGE][PASSED] - Object: 'Object Repository/Факторный анализ/Применить в фильтре Дата' is clicked on

22-11-2024T06:29:01 - [TEST_STEP][PASSED] - delay(10): Delayed 10 second(s)

22-11-2024T06:29:11 - [MESSAGE][PASSED] - Delayed 10 second(s)

22-11-2024T06:29:11 - [TEST_STEP][PASSED] - click(findTestObject("Факторный анализ/Фильтр Период")): Object: 'Object Repository/Факторный анализ/Фильтр Период' is clicked on

22-11-2024T06:29:12 - [MESSAGE][PASSED] - Object: 'Object Repository/Факторный анализ/Фильтр Период' is clicked on

22-11-2024T06:29:12 - [TEST_STEP][PASSED] - click(findTestObject("Факторный анализ/Снять выделение в фильтре Дата")): Object: 'Object Repository/Факторный анализ/Снять выделение в фильтре Дата' is clicked on

22-11-2024T06:29:12 - [MESSAGE][PASSED] - Object: 'Object Repository/Факторный анализ/Снять выделение в фильтре Дата' is clicked on

22-11-2024T06:29:12 - [TEST_STEP][PASSED] - scrollToElement(findTestObject("Факторный анализ/2024 список"), 30): Scroll to object 'Object Repository/Факторный анализ/2024 список' successfully

22-11-2024T06:29:12 - [MESSAGE][PASSED] - Scroll to object 'Object Repository/Факторный анализ/2024 список' successfully

22-11-2024T06:29:12 - [TEST_STEP][PASSED] - click(findTestObject("Факторный анализ/2024 список")): Object: 'Object Repository/Факторный анализ/2024 список' is clicked on

22-11-2024T06:29:13 - [MESSAGE][PASSED] - Object: 'Object Repository/Факторный анализ/2024 список' is clicked on

22-11-2024T06:29:13 - [TEST_STEP][PASSED] - scrollToElement(findTestObject("Факторный анализ/1 квартал 2024 выбрать"), 30): Scroll to object 'Object Repository/Факторный анализ/1 квартал 2024 выбрать' successfully

22-11-2024T06:29:13 - [MESSAGE][PASSED] - Scroll to object 'Object Repository/Факторный анализ/1 квартал 2024 выбрать' successfully

22-11-2024T06:29:13 - [TEST_STEP][PASSED] - click(findTestObject("Факторный анализ/1 квартал 2024 выбрать")): Object: 'Object Repository/Факторный анализ/1 квартал 2024 выбрать' is clicked on

22-11-2024T06:29:14 - [MESSAGE][PASSED] - Object: 'Object Repository/Факторный анализ/1 квартал 2024 выбрать' is clicked on

22-11-2024T06:29:14 - [TEST_STEP][PASSED] - scrollToElement(findTestObject("Факторный анализ/1 квартал 2024 выбрать"), 30): Scroll to object 'Object Repository/Факторный анализ/1 квартал 2024 выбрать' successfully

22-11-2024T06:29:14 - [MESSAGE][PASSED] - Scroll to object 'Object Repository/Факторный анализ/1 квартал 2024 выбрать' successfully

22-11-2024T06:29:14 - [TEST_STEP][PASSED] - click(findTestObject("Факторный анализ/2 квартал 2024 выбрать"), CONTINUE_ON_FAILURE): Object: 'Object Repository/Факторный анализ/2 квартал 2024 выбрать' is clicked on

22-11-2024T06:29:15 - [MESSAGE][PASSED] - Object: 'Object Repository/Факторный анализ/2 квартал 2024 выбрать' is clicked on

22-11-2024T06:29:15 - [TEST_STEP][PASSED] - click(findTestObject("Факторный анализ/3 квартал 2024 выбрать"), CONTINUE_ON_FAILURE): Object: 'Object Repository/Факторный анализ/3 квартал 2024 выбрать' is clicked on

22-11-2024T06:29:15 - [MESSAGE][PASSED] - Object: 'Object Repository/Факторный анализ/3 квартал 2024 выбрать' is clicked on

22-11-2024T06:29:15 - [TEST_STEP][PASSED] - scrollToElement(findTestObject("Факторный анализ/Заголовок дашборда"), 30): Scroll to object 'Object Repository/Факторный анализ/Заголовок дашборда' successfully

22-11-2024T06:29:16 - [MESSAGE][PASSED] - Scroll to object 'Object Repository/Факторный анализ/Заголовок дашборда' successfully

22-11-2024T06:29:16 - [TEST_STEP][PASSED] - click(findTestObject("Факторный анализ/Применить в фильтре Дата")): Object: 'Object Repository/Факторный анализ/Применить в фильтре Дата' is clicked on

22-11-2024T06:29:16 - [MESSAGE][PASSED] - Object: 'Object Repository/Факторный анализ/Применить в фильтре Дата' is clicked on

22-11-2024T06:29:16 - [TEST_STEP][PASSED] - if (run == 1): null

22-11-2024T06:29:16 - [TEST_STEP][PASSED] - else: null

22-11-2024T06:29:16 - [TEST_STEP][PASSED] - click(findTestObject("Факторный анализ/Переключить отображение с филиала на месяц")): Object: 'Object Repository/Факторный анализ/Переключить отображение с филиала на месяц' is clicked on

22-11-2024T06:29:19 - [MESSAGE][PASSED] - Object: 'Object Repository/Факторный анализ/Переключить отображение с филиала на месяц' is clicked on

22-11-2024T06:29:19 - [TEST_STEP][PASSED] - a1 = replaceAll("\s+", "").trim(): Text of object 'Object Repository/Факторный анализ/span1 Блок руководителя' is: '-379 098'

22-11-2024T06:29:19 - [MESSAGE][PASSED] - Text of object 'Object Repository/Факторный анализ/span1 Блок руководителя' is: '-379 098'

22-11-2024T06:29:19 - [TEST_STEP][PASSED] - a2 = replaceAll("\s+", "").trim(): Text of object 'Object Repository/Факторный анализ/span2 Блок руководителя' is: '39 749'

22-11-2024T06:29:19 - [MESSAGE][PASSED] - Text of object 'Object Repository/Факторный анализ/span2 Блок руководителя' is: '39 749'

22-11-2024T06:29:19 - [TEST_STEP][PASSED] - println("a1: " + a1): null

22-11-2024T06:29:19 - [TEST_STEP][PASSED] - println("a2: " + a2): null

22-11-2024T06:29:19 - [TEST_STEP][PASSED] - tableA = getText(findTestObject("Факторный анализ/AllTable1")).replaceAll("[\r?
|
]", "/"): Text of object 'Object Repository/Факторный анализ/AllTable1' is: 'ДЗО
Филиал
Отклонение (объём услуг)
Отклонение (средний тариф)
АО «Тываэнерго» АО "Тываэнерго" 276 -37
АО «Чеченэнерго» АО «Чеченэнерго» -3 339 14
Россети Волга Мордовэнерго -2 825 -86
Оренбургэнерго -11 247 - 162
Пензаэнерго -6 748 -72
Самарские РС -13 058 -1 024
Саратовские РС -13 303 - 443
Ульяновские РС -4 845 - 201
Чувашэнерго -4 186 126
Россети Кубань Кубаньэнерго -53 529 241
Россети Ленэнерго (ГК) Ленинградская область -29 499 598
г. Санкт-Петербург -41 171 -39
Россети Московский регион Московская область 4 566 - 535
г. Москва 2 812 57
Россети Северный Кавказ (ГК) Дагестанская энергосбытовая компания - 111 69
Дагэнерго -6 378 480
Ингушэнерго -1 440 100
Каббалкэнерго -2 677 26
Карачаево-Черкесскэнерго -1 725 -9
Севкавказэнерго -3 016 125
Ставропольэнерго -8 347 - 222
Россети Северо-Запад Архангельский филиал 63 -80
Вологодский филиал 229 -6
Карельский филиал -21 160
Мурманский филиал 102 64
Новгородский филиал 207 -40
Псковский филиал 146 -18
филиал в Республике Коми 10 23
Россети Сибирь (ГК) Алтайэнерго 275 275
Бурятэнерго -95 298
ГАЭС 114 -15
Красноярскэнерго 1 087 - 413
Кузбассэнерго-РЭС 329 205
Омскэнерго 127 - 112
Хакасэнерго 327 - 363
Читаэнерго -44 120
Россети Томск Томская распределительная компания -6 624 - 125
Россети Тюмень Россети Тюмень -65 636 - 459
Россети Урал (ГК) Пермэнерго 594 - 218
Свердловэнерго 805 233
Челябэнерго 973 - 671
Россети ФСК ЕЭС Итого по ФСК ЕЭС 8 044 -6 045
Россети Центр Белгородэнерго 299 111
Брянскэнерго -4 489 32
Воронежэнерго -12 187 182
Костромаэнерго 83 2
Курскэнерго -2 381 132
Липецкэнерго 731 - 322
Орелэнерго -3 553 -22
Смоленскэнерго -6 765 35
Тамбовэнерго -5 262 -4
Тверьэнерго 319 127
Ярэнерго -6 307 31
Россети Центр и Приволжье (ГК) Владимирэнерго 517 49
Ивэнерго 169 40
Калугаэнерго 558 -42
Кировэнерго 403 0
Мариэнерго 144 19
Нижновэнерго 658 231
Рязаньэнерго 259 47
Тулэнерго 733 - 209
Удмуртэнерго 294 3
Россети Юг (ГК) АО «ВМЭС» -3 370 41
Астраханьэнерго -5 158 90
Волгоградэнерго -8 953 - 310
Калмэнерго -1 477 -5
Ростовэнерго -18 198 44
Россети Янтарь Россети Янтарь 305 -28'

22-11-2024T06:29:20 - [MESSAGE][PASSED] - Text of object 'Object Repository/Факторный анализ/AllTable1' is: 'ДЗО
Филиал
Отклонение (объём услуг)
Отклонение (средний тариф)
АО «Тываэнерго» АО "Тываэнерго" 276 -37
АО «Чеченэнерго» АО «Чеченэнерго» -3 339 14
Россети Волга Мордовэнерго -2 825 -86
Оренбургэнерго -11 247 - 162
Пензаэнерго -6 748 -72
Самарские РС -13 058 -1 024
Саратовские РС -13 303 - 443
Ульяновские РС -4 845 - 201
Чувашэнерго -4 186 126
Россети Кубань Кубаньэнерго -53 529 241
Россети Ленэнерго (ГК) Ленинградская область -29 499 598
г. Санкт-Петербург -41 171 -39
Россети Московский регион Московская область 4 566 - 535
г. Москва 2 812 57
Россети Северный Кавказ (ГК) Дагестанская энергосбытовая компания - 111 69
Дагэнерго -6 378 480
Ингушэнерго -1 440 100
Каббалкэнерго -2 677 26
Карачаево-Черкесскэнерго -1 725 -9
Севкавказэнерго -3 016 125
Ставропольэнерго -8 347 - 222
Россети Северо-Запад Архангельский филиал 63 -80
Вологодский филиал 229 -6
Карельский филиал -21 160
Мурманский филиал 102 64
Новгородский филиал 207 -40
Псковский филиал 146 -18
филиал в Республике Коми 10 23
Россети Сибирь (ГК) Алтайэнерго 275 275
Бурятэнерго -95 298
ГАЭС 114 -15
Красноярскэнерго 1 087 - 413
Кузбассэнерго-РЭС 329 205
Омскэнерго 127 - 112
Хакасэнерго 327 - 363
Читаэнерго -44 120
Россети Томск Томская распределительная компания -6 624 - 125
Россети Тюмень Россети Тюмень -65 636 - 459
Россети Урал (ГК) Пермэнерго 594 - 218
Свердловэнерго 805 233
Челябэнерго 973 - 671
Россети ФСК ЕЭС Итого по ФСК ЕЭС 8 044 -6 045
Россети Центр Белгородэнерго 299 111
Брянскэнерго -4 489 32
Воронежэнерго -12 187 182
Костромаэнерго 83 2
Курскэнерго -2 381 132
Липецкэнерго 731 - 322
Орелэнерго -3 553 -22
Смоленскэнерго -6 765 35
Тамбовэнерго -5 262 -4
Тверьэнерго 319 127
Ярэнерго -6 307 31
Россети Центр и Приволжье (ГК) Владимирэнерго 517 49
Ивэнерго 169 40
Калугаэнерго 558 -42
Кировэнерго 403 0
Мариэнерго 144 19
Нижновэнерго 658 231
Рязаньэнерго 259 47
Тулэнерго 733 - 209
Удмуртэнерго 294 3
Россети Юг (ГК) АО «ВМЭС» -3 370 41
Астраханьэнерго -5 158 90
Волгоградэнерго -8 953 - 310
Калмэнерго -1 477 -5
Ростовэнерго -18 198 44
Россети Янтарь Россети Янтарь 305 -28'

22-11-2024T06:29:20 - [TEST_STEP][PASSED] - println("tableA: " + tableA): null

22-11-2024T06:29:20 - [TEST_STEP][PASSED] - for ([i = 1, i < 5, (i++)]): null

22-11-2024T06:29:20 - [TEST_STEP][PASSED] - ii = tableA.indexOf("/") + 1: null

22-11-2024T06:29:20 - [TEST_STEP][PASSED] - tableA = tableA.substring(ii, tableA.length()): null

22-11-2024T06:29:20 - [TEST_STEP][PASSED] - ii = tableA.indexOf("/") + 1: null

22-11-2024T06:29:20 - [TEST_STEP][PASSED] - tableA = tableA.substring(ii, tableA.length()): null

22-11-2024T06:29:20 - [TEST_STEP][PASSED] - ii = tableA.indexOf("/") + 1: null

22-11-2024T06:29:20 - [TEST_STEP][PASSED] - tableA = tableA.substring(ii, tableA.length()): null

22-11-2024T06:29:20 - [TEST_STEP][PASSED] - ii = tableA.indexOf("/") + 1: null

22-11-2024T06:29:20 - [TEST_STEP][PASSED] - tableA = tableA.substring(ii, tableA.length()): null

22-11-2024T06:29:20 - [TEST_STEP][PASSED] - println("tableA: " + tableA): null

22-11-2024T06:29:20 - [TEST_STEP][PASSED] - TyA = Script1719551244403.GetData(x = tableA): null

22-11-2024T06:29:20 - [TEST_STEP][PASSED] - i2 = <not implemented yet for class: org.codehaus.groovy.ast.expr.EmptyExpression>: null

22-11-2024T06:29:20 - [TEST_STEP][PASSED] - i2 = x.indexOf("/") + 1: null

22-11-2024T06:29:20 - [TEST_STEP][PASSED] - x = replaceAll("\p{P}", "").trim(): null

22-11-2024T06:29:20 - [TEST_STEP][PASSED] - return x: null

22-11-2024T06:29:20 - [TEST_STEP][PASSED] - println("TyA: " + TyA): null

22-11-2024T06:29:20 - [TEST_STEP][PASSED] - tableA = Script1719551244403.NewDZO(x = tableA): null

22-11-2024T06:29:20 - [TEST_STEP][PASSED] - i3 = <not implemented yet for class: org.codehaus.groovy.ast.expr.EmptyExpression>: null

22-11-2024T06:29:20 - [TEST_STEP][PASSED] - i3 = x.indexOf("/") + 1: null

22-11-2024T06:29:20 - [TEST_STEP][PASSED] - x = x.substring(i3, x.length()): null

22-11-2024T06:29:20 - [TEST_STEP][PASSED] - return x: null

22-11-2024T06:29:20 - [TEST_STEP][PASSED] - ChA = Script1719551244403.GetData(x = tableA): null

22-11-2024T06:29:20 - [TEST_STEP][PASSED] - i2 = <not implemented yet for class: org.codehaus.groovy.ast.expr.EmptyExpression>: null

22-11-2024T06:29:20 - [TEST_STEP][PASSED] - i2 = x.indexOf("/") + 1: null

22-11-2024T06:29:20 - [TEST_STEP][PASSED] - x = replaceAll("\p{P}", "").trim(): null

22-11-2024T06:29:20 - [TEST_STEP][PASSED] - return x: null

22-11-2024T06:29:20 - [TEST_STEP][PASSED] - println("ChA: " + ChA): null

22-11-2024T06:29:20 - [TEST_STEP][PASSED] - tableA = Script1719551244403.NewDZO(x = tableA): null

22-11-2024T06:29:20 - [TEST_STEP][PASSED] - i3 = <not implemented yet for class: org.codehaus.groovy.ast.expr.EmptyExpression>: null

22-11-2024T06:29:20 - [TEST_STEP][PASSED] - i3 = x.indexOf("/") + 1: null

22-11-2024T06:29:20 - [TEST_STEP][PASSED] - x = x.substring(i3, x.length()): null

22-11-2024T06:29:20 - [TEST_STEP][PASSED] - return x: null

22-11-2024T06:29:20 - [TEST_STEP][PASSED] - i = tableA.indexOf("Кубань"): null

22-11-2024T06:29:20 - [TEST_STEP][PASSED] - VA = replaceAll("\p{P}", "").trim(): null

22-11-2024T06:29:20 - [TEST_STEP][PASSED] - println("VA: " + VA): null

22-11-2024T06:29:20 - [TEST_STEP][PASSED] - for ([i = 1, i < 8, (i++)]): null

22-11-2024T06:29:20 - [TEST_STEP][PASSED] - tableA = Script1719551244403.NewDZO(x = tableA): null

22-11-2024T06:29:20 - [TEST_STEP][PASSED] - i3 = <not implemented yet for class: org.codehaus.groovy.ast.expr.EmptyExpression>: null

22-11-2024T06:29:20 - [TEST_STEP][PASSED] - i3 = x.indexOf("/") + 1: null

22-11-2024T06:29:20 - [TEST_STEP][PASSED] - x = x.substring(i3, x.length()): null

22-11-2024T06:29:20 - [TEST_STEP][PASSED] - return x: null

22-11-2024T06:29:20 - [TEST_STEP][PASSED] - tableA = Script1719551244403.NewDZO(x = tableA): null

22-11-2024T06:29:20 - [TEST_STEP][PASSED] - i3 = <not implemented yet for class: org.codehaus.groovy.ast.expr.EmptyExpression>: null

22-11-2024T06:29:20 - [TEST_STEP][PASSED] - i3 = x.indexOf("/") + 1: null

22-11-2024T06:29:20 - [TEST_STEP][PASSED] - x = x.substring(i3, x.length()): null

22-11-2024T06:29:20 - [TEST_STEP][PASSED] - return x: null

22-11-2024T06:29:20 - [TEST_STEP][PASSED] - tableA = Script1719551244403.NewDZO(x = tableA): null

22-11-2024T06:29:20 - [TEST_STEP][PASSED] - i3 = <not implemented yet for class: org.codehaus.groovy.ast.expr.EmptyExpression>: null

22-11-2024T06:29:20 - [TEST_STEP][PASSED] - i3 = x.indexOf("/") + 1: null

22-11-2024T06:29:20 - [TEST_STEP][PASSED] - x = x.substring(i3, x.length()): null

22-11-2024T06:29:20 - [TEST_STEP][PASSED] - return x: null

22-11-2024T06:29:20 - [TEST_STEP][PASSED] - tableA = Script1719551244403.NewDZO(x = tableA): null

22-11-2024T06:29:20 - [TEST_STEP][PASSED] - i3 = <not implemented yet for class: org.codehaus.groovy.ast.expr.EmptyExpression>: null

22-11-2024T06:29:20 - [TEST_STEP][PASSED] - i3 = x.indexOf("/") + 1: null

22-11-2024T06:29:20 - [TEST_STEP][PASSED] - x = x.substring(i3, x.length()): null

22-11-2024T06:29:20 - [TEST_STEP][PASSED] - return x: null

22-11-2024T06:29:20 - [TEST_STEP][PASSED] - tableA = Script1719551244403.NewDZO(x = tableA): null

22-11-2024T06:29:20 - [TEST_STEP][PASSED] - i3 = <not implemented yet for class: org.codehaus.groovy.ast.expr.EmptyExpression>: null

22-11-2024T06:29:20 - [TEST_STEP][PASSED] - i3 = x.indexOf("/") + 1: null

22-11-2024T06:29:20 - [TEST_STEP][PASSED] - x = x.substring(i3, x.length()): null

22-11-2024T06:29:20 - [TEST_STEP][PASSED] - return x: null

22-11-2024T06:29:20 - [TEST_STEP][PASSED] - tableA = Script1719551244403.NewDZO(x = tableA): null

22-11-2024T06:29:20 - [TEST_STEP][PASSED] - i3 = <not implemented yet for class: org.codehaus.groovy.ast.expr.EmptyExpression>: null

22-11-2024T06:29:20 - [TEST_STEP][PASSED] - i3 = x.indexOf("/") + 1: null

22-11-2024T06:29:20 - [TEST_STEP][PASSED] - x = x.substring(i3, x.length()): null

22-11-2024T06:29:20 - [TEST_STEP][PASSED] - return x: null

22-11-2024T06:29:20 - [TEST_STEP][PASSED] - tableA = Script1719551244403.NewDZO(x = tableA): null

22-11-2024T06:29:20 - [TEST_STEP][PASSED] - i3 = <not implemented yet for class: org.codehaus.groovy.ast.expr.EmptyExpression>: null

22-11-2024T06:29:20 - [TEST_STEP][PASSED] - i3 = x.indexOf("/") + 1: null

22-11-2024T06:29:20 - [TEST_STEP][PASSED] - x = x.substring(i3, x.length()): null

22-11-2024T06:29:20 - [TEST_STEP][PASSED] - return x: null

22-11-2024T06:29:20 - [TEST_STEP][PASSED] - i = tableA.indexOf("Ленэнерго"): null

22-11-2024T06:29:20 - [TEST_STEP][PASSED] - KuA = Script1719551244403.GetData(x = tableA): null

22-11-2024T06:29:20 - [TEST_STEP][PASSED] - i2 = <not implemented yet for class: org.codehaus.groovy.ast.expr.EmptyExpression>: null

22-11-2024T06:29:20 - [TEST_STEP][PASSED] - i2 = x.indexOf("/") + 1: null

22-11-2024T06:29:20 - [TEST_STEP][PASSED] - x = replaceAll("\p{P}", "").trim(): null

22-11-2024T06:29:20 - [TEST_STEP][PASSED] - return x: null

22-11-2024T06:29:20 - [TEST_STEP][PASSED] - println("KuA: " + KuA): null

22-11-2024T06:29:20 - [TEST_STEP][PASSED] - tableA = Script1719551244403.NewDZO(x = tableA): null

22-11-2024T06:29:20 - [TEST_STEP][PASSED] - i3 = <not implemented yet for class: org.codehaus.groovy.ast.expr.EmptyExpression>: null

22-11-2024T06:29:20 - [TEST_STEP][PASSED] - i3 = x.indexOf("/") + 1: null

22-11-2024T06:29:20 - [TEST_STEP][PASSED] - x = x.substring(i3, x.length()): null

22-11-2024T06:29:20 - [TEST_STEP][PASSED] - return x: null

22-11-2024T06:29:20 - [TEST_STEP][PASSED] - i = tableA.indexOf("Московский"): null

22-11-2024T06:29:20 - [TEST_STEP][PASSED] - LenA = replaceAll("\p{P}", "").trim(): null

22-11-2024T06:29:20 - [TEST_STEP][PASSED] - println("LenA: " + LenA): null

22-11-2024T06:29:20 - [TEST_STEP][PASSED] - tableA = Script1719551244403.NewDZO(x = tableA): null

22-11-2024T06:29:20 - [TEST_STEP][PASSED] - i3 = <not implemented yet for class: org.codehaus.groovy.ast.expr.EmptyExpression>: null

22-11-2024T06:29:20 - [TEST_STEP][PASSED] - i3 = x.indexOf("/") + 1: null

22-11-2024T06:29:20 - [TEST_STEP][PASSED] - x = x.substring(i3, x.length()): null

22-11-2024T06:29:20 - [TEST_STEP][PASSED] - return x: null

22-11-2024T06:29:20 - [TEST_STEP][PASSED] - tableA = Script1719551244403.NewDZO(x = tableA): null

22-11-2024T06:29:20 - [TEST_STEP][PASSED] - i3 = <not implemented yet for class: org.codehaus.groovy.ast.expr.EmptyExpression>: null

22-11-2024T06:29:20 - [TEST_STEP][PASSED] - i3 = x.indexOf("/") + 1: null

22-11-2024T06:29:20 - [TEST_STEP][PASSED] - x = x.substring(i3, x.length()): null

22-11-2024T06:29:20 - [TEST_STEP][PASSED] - return x: null

22-11-2024T06:29:20 - [TEST_STEP][PASSED] - i = tableA.indexOf("Кавказ"): null

22-11-2024T06:29:20 - [TEST_STEP][PASSED] - MosA = replaceAll("\p{P}", "").trim(): null

22-11-2024T06:29:20 - [TEST_STEP][PASSED] - println("MosA: " + MosA): null

22-11-2024T06:29:20 - [TEST_STEP][PASSED] - for ([i = 1, i < 3, (i++)]): null

22-11-2024T06:29:20 - [TEST_STEP][PASSED] - tableA = Script1719551244403.NewDZO(x = tableA): null

22-11-2024T06:29:20 - [TEST_STEP][PASSED] - i3 = <not implemented yet for class: org.codehaus.groovy.ast.expr.EmptyExpression>: null

22-11-2024T06:29:20 - [TEST_STEP][PASSED] - i3 = x.indexOf("/") + 1: null

22-11-2024T06:29:20 - [TEST_STEP][PASSED] - x = x.substring(i3, x.length()): null

22-11-2024T06:29:20 - [TEST_STEP][PASSED] - return x: null

22-11-2024T06:29:20 - [TEST_STEP][PASSED] - tableA = Script1719551244403.NewDZO(x = tableA): null

22-11-2024T06:29:20 - [TEST_STEP][PASSED] - i3 = <not implemented yet for class: org.codehaus.groovy.ast.expr.EmptyExpression>: null

22-11-2024T06:29:20 - [TEST_STEP][PASSED] - i3 = x.indexOf("/") + 1: null

22-11-2024T06:29:20 - [TEST_STEP][PASSED] - x = x.substring(i3, x.length()): null

22-11-2024T06:29:20 - [TEST_STEP][PASSED] - return x: null

22-11-2024T06:29:20 - [TEST_STEP][PASSED] - i = tableA.indexOf("Запад"): null

22-11-2024T06:29:20 - [TEST_STEP][PASSED] - SKA = replaceAll("\p{P}", "").trim(): null

22-11-2024T06:29:20 - [TEST_STEP][PASSED] - println("SKA: " + SKA): null

22-11-2024T06:29:20 - [TEST_STEP][PASSED] - for ([i = 1, i < 7, (i++)]): null

22-11-2024T06:29:20 - [TEST_STEP][PASSED] - tableA = Script1719551244403.NewDZO(x = tableA): null

22-11-2024T06:29:20 - [TEST_STEP][PASSED] - i3 = <not implemented yet for class: org.codehaus.groovy.ast.expr.EmptyExpression>: null

22-11-2024T06:29:20 - [TEST_STEP][PASSED] - i3 = x.indexOf("/") + 1: null

22-11-2024T06:29:20 - [TEST_STEP][PASSED] - x = x.substring(i3, x.length()): null

22-11-2024T06:29:20 - [TEST_STEP][PASSED] - return x: null

22-11-2024T06:29:20 - [TEST_STEP][PASSED] - tableA = Script1719551244403.NewDZO(x = tableA): null

22-11-2024T06:29:20 - [TEST_STEP][PASSED] - i3 = <not implemented yet for class: org.codehaus.groovy.ast.expr.EmptyExpression>: null

22-11-2024T06:29:20 - [TEST_STEP][PASSED] - i3 = x.indexOf("/") + 1: null

22-11-2024T06:29:20 - [TEST_STEP][PASSED] - x = x.substring(i3, x.length()): null

22-11-2024T06:29:20 - [TEST_STEP][PASSED] - return x: null

22-11-2024T06:29:20 - [TEST_STEP][PASSED] - tableA = Script1719551244403.NewDZO(x = tableA): null

22-11-2024T06:29:20 - [TEST_STEP][PASSED] - i3 = <not implemented yet for class: org.codehaus.groovy.ast.expr.EmptyExpression>: null

22-11-2024T06:29:20 - [TEST_STEP][PASSED] - i3 = x.indexOf("/") + 1: null

22-11-2024T06:29:20 - [TEST_STEP][PASSED] - x = x.substring(i3, x.length()): null

22-11-2024T06:29:20 - [TEST_STEP][PASSED] - return x: null

22-11-2024T06:29:20 - [TEST_STEP][PASSED] - tableA = Script1719551244403.NewDZO(x = tableA): null

22-11-2024T06:29:20 - [TEST_STEP][PASSED] - i3 = <not implemented yet for class: org.codehaus.groovy.ast.expr.EmptyExpression>: null

22-11-2024T06:29:20 - [TEST_STEP][PASSED] - i3 = x.indexOf("/") + 1: null

22-11-2024T06:29:20 - [TEST_STEP][PASSED] - x = x.substring(i3, x.length()): null

22-11-2024T06:29:20 - [TEST_STEP][PASSED] - return x: null

22-11-2024T06:29:20 - [TEST_STEP][PASSED] - tableA = Script1719551244403.NewDZO(x = tableA): null

22-11-2024T06:29:20 - [TEST_STEP][PASSED] - i3 = <not implemented yet for class: org.codehaus.groovy.ast.expr.EmptyExpression>: null

22-11-2024T06:29:20 - [TEST_STEP][PASSED] - i3 = x.indexOf("/") + 1: null

22-11-2024T06:29:20 - [TEST_STEP][PASSED] - x = x.substring(i3, x.length()): null

22-11-2024T06:29:20 - [TEST_STEP][PASSED] - return x: null

22-11-2024T06:29:20 - [TEST_STEP][PASSED] - tableA = Script1719551244403.NewDZO(x = tableA): null

22-11-2024T06:29:20 - [TEST_STEP][PASSED] - i3 = <not implemented yet for class: org.codehaus.groovy.ast.expr.EmptyExpression>: null

22-11-2024T06:29:20 - [TEST_STEP][PASSED] - i3 = x.indexOf("/") + 1: null

22-11-2024T06:29:20 - [TEST_STEP][PASSED] - x = x.substring(i3, x.length()): null

22-11-2024T06:29:20 - [TEST_STEP][PASSED] - return x: null

22-11-2024T06:29:20 - [TEST_STEP][PASSED] - i = tableA.indexOf("Сибирь"): null

22-11-2024T06:29:20 - [TEST_STEP][PASSED] - SZA = replaceAll("\p{P}", "").trim(): null

22-11-2024T06:29:20 - [TEST_STEP][PASSED] - println("SZA: " + SZA): null

22-11-2024T06:29:20 - [TEST_STEP][PASSED] - for ([i = 1, i < 8, (i++)]): null

22-11-2024T06:29:20 - [TEST_STEP][PASSED] - tableA = Script1719551244403.NewDZO(x = tableA): null

22-11-2024T06:29:20 - [TEST_STEP][PASSED] - i3 = <not implemented yet for class: org.codehaus.groovy.ast.expr.EmptyExpression>: null

22-11-2024T06:29:20 - [TEST_STEP][PASSED] - i3 = x.indexOf("/") + 1: null

22-11-2024T06:29:20 - [TEST_STEP][PASSED] - x = x.substring(i3, x.length()): null

22-11-2024T06:29:20 - [TEST_STEP][PASSED] - return x: null

22-11-2024T06:29:20 - [TEST_STEP][PASSED] - tableA = Script1719551244403.NewDZO(x = tableA): null

22-11-2024T06:29:20 - [TEST_STEP][PASSED] - i3 = <not implemented yet for class: org.codehaus.groovy.ast.expr.EmptyExpression>: null

22-11-2024T06:29:20 - [TEST_STEP][PASSED] - i3 = x.indexOf("/") + 1: null

22-11-2024T06:29:20 - [TEST_STEP][PASSED] - x = x.substring(i3, x.length()): null

22-11-2024T06:29:20 - [TEST_STEP][PASSED] - return x: null

22-11-2024T06:29:20 - [TEST_STEP][PASSED] - tableA = Script1719551244403.NewDZO(x = tableA): null

22-11-2024T06:29:20 - [TEST_STEP][PASSED] - i3 = <not implemented yet for class: org.codehaus.groovy.ast.expr.EmptyExpression>: null

22-11-2024T06:29:20 - [TEST_STEP][PASSED] - i3 = x.indexOf("/") + 1: null

22-11-2024T06:29:20 - [TEST_STEP][PASSED] - x = x.substring(i3, x.length()): null

22-11-2024T06:29:20 - [TEST_STEP][PASSED] - return x: null

22-11-2024T06:29:20 - [TEST_STEP][PASSED] - tableA = Script1719551244403.NewDZO(x = tableA): null

22-11-2024T06:29:20 - [TEST_STEP][PASSED] - i3 = <not implemented yet for class: org.codehaus.groovy.ast.expr.EmptyExpression>: null

22-11-2024T06:29:20 - [TEST_STEP][PASSED] - i3 = x.indexOf("/") + 1: null

22-11-2024T06:29:20 - [TEST_STEP][PASSED] - x = x.substring(i3, x.length()): null

22-11-2024T06:29:20 - [TEST_STEP][PASSED] - return x: null

22-11-2024T06:29:20 - [TEST_STEP][PASSED] - tableA = Script1719551244403.NewDZO(x = tableA): null

22-11-2024T06:29:20 - [TEST_STEP][PASSED] - i3 = <not implemented yet for class: org.codehaus.groovy.ast.expr.EmptyExpression>: null

22-11-2024T06:29:20 - [TEST_STEP][PASSED] - i3 = x.indexOf("/") + 1: null

22-11-2024T06:29:20 - [TEST_STEP][PASSED] - x = x.substring(i3, x.length()): null

22-11-2024T06:29:20 - [TEST_STEP][PASSED] - return x: null

22-11-2024T06:29:20 - [TEST_STEP][PASSED] - tableA = Script1719551244403.NewDZO(x = tableA): null

22-11-2024T06:29:20 - [TEST_STEP][PASSED] - i3 = <not implemented yet for class: org.codehaus.groovy.ast.expr.EmptyExpression>: null

22-11-2024T06:29:20 - [TEST_STEP][PASSED] - i3 = x.indexOf("/") + 1: null

22-11-2024T06:29:20 - [TEST_STEP][PASSED] - x = x.substring(i3, x.length()): null

22-11-2024T06:29:20 - [TEST_STEP][PASSED] - return x: null

22-11-2024T06:29:20 - [TEST_STEP][PASSED] - tableA = Script1719551244403.NewDZO(x = tableA): null

22-11-2024T06:29:20 - [TEST_STEP][PASSED] - i3 = <not implemented yet for class: org.codehaus.groovy.ast.expr.EmptyExpression>: null

22-11-2024T06:29:20 - [TEST_STEP][PASSED] - i3 = x.indexOf("/") + 1: null

22-11-2024T06:29:20 - [TEST_STEP][PASSED] - x = x.substring(i3, x.length()): null

22-11-2024T06:29:20 - [TEST_STEP][PASSED] - return x: null

22-11-2024T06:29:20 - [TEST_STEP][PASSED] - i = tableA.indexOf("Томск"): null

22-11-2024T06:29:20 - [TEST_STEP][PASSED] - SiA = replaceAll("\p{P}", "").trim(): null

22-11-2024T06:29:20 - [TEST_STEP][PASSED] - println("SiA: " + SiA): null

22-11-2024T06:29:20 - [TEST_STEP][PASSED] - for ([i = 1, i < 9, (i++)]): null

22-11-2024T06:29:20 - [TEST_STEP][PASSED] - tableA = Script1719551244403.NewDZO(x = tableA): null

22-11-2024T06:29:20 - [TEST_STEP][PASSED] - i3 = <not implemented yet for class: org.codehaus.groovy.ast.expr.EmptyExpression>: null

22-11-2024T06:29:20 - [TEST_STEP][PASSED] - i3 = x.indexOf("/") + 1: null

22-11-2024T06:29:20 - [TEST_STEP][PASSED] - x = x.substring(i3, x.length()): null

22-11-2024T06:29:20 - [TEST_STEP][PASSED] - return x: null

22-11-2024T06:29:20 - [TEST_STEP][PASSED] - tableA = Script1719551244403.NewDZO(x = tableA): null

22-11-2024T06:29:20 - [TEST_STEP][PASSED] - i3 = <not implemented yet for class: org.codehaus.groovy.ast.expr.EmptyExpression>: null

22-11-2024T06:29:20 - [TEST_STEP][PASSED] - i3 = x.indexOf("/") + 1: null

22-11-2024T06:29:20 - [TEST_STEP][PASSED] - x = x.substring(i3, x.length()): null

22-11-2024T06:29:20 - [TEST_STEP][PASSED] - return x: null

22-11-2024T06:29:20 - [TEST_STEP][PASSED] - tableA = Script1719551244403.NewDZO(x = tableA): null

22-11-2024T06:29:20 - [TEST_STEP][PASSED] - i3 = <not implemented yet for class: org.codehaus.groovy.ast.expr.EmptyExpression>: null

22-11-2024T06:29:20 - [TEST_STEP][PASSED] - i3 = x.indexOf("/") + 1: null

22-11-2024T06:29:20 - [TEST_STEP][PASSED] - x = x.substring(i3, x.length()): null

22-11-2024T06:29:20 - [TEST_STEP][PASSED] - return x: null

22-11-2024T06:29:20 - [TEST_STEP][PASSED] - tableA = Script1719551244403.NewDZO(x = tableA): null

22-11-2024T06:29:20 - [TEST_STEP][PASSED] - i3 = <not implemented yet for class: org.codehaus.groovy.ast.expr.EmptyExpression>: null

22-11-2024T06:29:20 - [TEST_STEP][PASSED] - i3 = x.indexOf("/") + 1: null

22-11-2024T06:29:20 - [TEST_STEP][PASSED] - x = x.substring(i3, x.length()): null

22-11-2024T06:29:20 - [TEST_STEP][PASSED] - return x: null

22-11-2024T06:29:20 - [TEST_STEP][PASSED] - tableA = Script1719551244403.NewDZO(x = tableA): null

22-11-2024T06:29:20 - [TEST_STEP][PASSED] - i3 = <not implemented yet for class: org.codehaus.groovy.ast.expr.EmptyExpression>: null

22-11-2024T06:29:20 - [TEST_STEP][PASSED] - i3 = x.indexOf("/") + 1: null

22-11-2024T06:29:20 - [TEST_STEP][PASSED] - x = x.substring(i3, x.length()): null

22-11-2024T06:29:20 - [TEST_STEP][PASSED] - return x: null

22-11-2024T06:29:20 - [TEST_STEP][PASSED] - tableA = Script1719551244403.NewDZO(x = tableA): null

22-11-2024T06:29:20 - [TEST_STEP][PASSED] - i3 = <not implemented yet for class: org.codehaus.groovy.ast.expr.EmptyExpression>: null

22-11-2024T06:29:20 - [TEST_STEP][PASSED] - i3 = x.indexOf("/") + 1: null

22-11-2024T06:29:20 - [TEST_STEP][PASSED] - x = x.substring(i3, x.length()): null

22-11-2024T06:29:20 - [TEST_STEP][PASSED] - return x: null

22-11-2024T06:29:20 - [TEST_STEP][PASSED] - tableA = Script1719551244403.NewDZO(x = tableA): null

22-11-2024T06:29:20 - [TEST_STEP][PASSED] - i3 = <not implemented yet for class: org.codehaus.groovy.ast.expr.EmptyExpression>: null

22-11-2024T06:29:20 - [TEST_STEP][PASSED] - i3 = x.indexOf("/") + 1: null

22-11-2024T06:29:20 - [TEST_STEP][PASSED] - x = x.substring(i3, x.length()): null

22-11-2024T06:29:20 - [TEST_STEP][PASSED] - return x: null

22-11-2024T06:29:20 - [TEST_STEP][PASSED] - tableA = Script1719551244403.NewDZO(x = tableA): null

22-11-2024T06:29:20 - [TEST_STEP][PASSED] - i3 = <not implemented yet for class: org.codehaus.groovy.ast.expr.EmptyExpression>: null

22-11-2024T06:29:20 - [TEST_STEP][PASSED] - i3 = x.indexOf("/") + 1: null

22-11-2024T06:29:20 - [TEST_STEP][PASSED] - x = x.substring(i3, x.length()): null

22-11-2024T06:29:20 - [TEST_STEP][PASSED] - return x: null

22-11-2024T06:29:20 - [TEST_STEP][PASSED] - i = tableA.indexOf("Тюмень"): null

22-11-2024T06:29:20 - [TEST_STEP][PASSED] - ToA = replaceAll("\p{P}", "").trim(): null

22-11-2024T06:29:20 - [TEST_STEP][PASSED] - println("ToA: " + ToA): null

22-11-2024T06:29:20 - [TEST_STEP][PASSED] - tableA = Script1719551244403.NewDZO(x = tableA): null

22-11-2024T06:29:20 - [TEST_STEP][PASSED] - i3 = <not implemented yet for class: org.codehaus.groovy.ast.expr.EmptyExpression>: null

22-11-2024T06:29:20 - [TEST_STEP][PASSED] - i3 = x.indexOf("/") + 1: null

22-11-2024T06:29:20 - [TEST_STEP][PASSED] - x = x.substring(i3, x.length()): null

22-11-2024T06:29:20 - [TEST_STEP][PASSED] - return x: null

22-11-2024T06:29:20 - [TEST_STEP][PASSED] - TyuA = replaceAll("\p{P}", "").trim(): null

22-11-2024T06:29:20 - [TEST_STEP][PASSED] - println("TyuA: " + TyuA): null

22-11-2024T06:29:20 - [TEST_STEP][PASSED] - tableA = Script1719551244403.NewDZO(x = tableA): null

22-11-2024T06:29:20 - [TEST_STEP][PASSED] - i3 = <not implemented yet for class: org.codehaus.groovy.ast.expr.EmptyExpression>: null

22-11-2024T06:29:20 - [TEST_STEP][PASSED] - i3 = x.indexOf("/") + 1: null

22-11-2024T06:29:20 - [TEST_STEP][PASSED] - x = x.substring(i3, x.length()): null

22-11-2024T06:29:20 - [TEST_STEP][PASSED] - return x: null

22-11-2024T06:29:20 - [TEST_STEP][PASSED] - i = tableA.indexOf("ЕЭС"): null

22-11-2024T06:29:20 - [TEST_STEP][PASSED] - UrA = replaceAll("\p{P}", "").trim(): null

22-11-2024T06:29:20 - [TEST_STEP][PASSED] - println("UrA: " + UrA): null

22-11-2024T06:29:20 - [TEST_STEP][PASSED] - for ([i = 1, i < 4, (i++)]): null

22-11-2024T06:29:20 - [TEST_STEP][PASSED] - tableA = Script1719551244403.NewDZO(x = tableA): null

22-11-2024T06:29:20 - [TEST_STEP][PASSED] - i3 = <not implemented yet for class: org.codehaus.groovy.ast.expr.EmptyExpression>: null

22-11-2024T06:29:20 - [TEST_STEP][PASSED] - i3 = x.indexOf("/") + 1: null

22-11-2024T06:29:20 - [TEST_STEP][PASSED] - x = x.substring(i3, x.length()): null

22-11-2024T06:29:20 - [TEST_STEP][PASSED] - return x: null

22-11-2024T06:29:20 - [TEST_STEP][PASSED] - tableA = Script1719551244403.NewDZO(x = tableA): null

22-11-2024T06:29:20 - [TEST_STEP][PASSED] - i3 = <not implemented yet for class: org.codehaus.groovy.ast.expr.EmptyExpression>: null

22-11-2024T06:29:20 - [TEST_STEP][PASSED] - i3 = x.indexOf("/") + 1: null

22-11-2024T06:29:20 - [TEST_STEP][PASSED] - x = x.substring(i3, x.length()): null

22-11-2024T06:29:20 - [TEST_STEP][PASSED] - return x: null

22-11-2024T06:29:20 - [TEST_STEP][PASSED] - tableA = Script1719551244403.NewDZO(x = tableA): null

22-11-2024T06:29:20 - [TEST_STEP][PASSED] - i3 = <not implemented yet for class: org.codehaus.groovy.ast.expr.EmptyExpression>: null

22-11-2024T06:29:20 - [TEST_STEP][PASSED] - i3 = x.indexOf("/") + 1: null

22-11-2024T06:29:20 - [TEST_STEP][PASSED] - x = x.substring(i3, x.length()): null

22-11-2024T06:29:20 - [TEST_STEP][PASSED] - return x: null

22-11-2024T06:29:20 - [TEST_STEP][PASSED] - i = tableA.indexOf("Центр"): null

22-11-2024T06:29:20 - [TEST_STEP][PASSED] - FSKA = replaceAll("\p{P}", "").trim(): null

22-11-2024T06:29:20 - [TEST_STEP][PASSED] - println("FSKA: " + FSKA): null

22-11-2024T06:29:20 - [TEST_STEP][PASSED] - tableA = Script1719551244403.NewDZO(x = tableA): null

22-11-2024T06:29:20 - [TEST_STEP][PASSED] - i3 = <not implemented yet for class: org.codehaus.groovy.ast.expr.EmptyExpression>: null

22-11-2024T06:29:20 - [TEST_STEP][PASSED] - i3 = x.indexOf("/") + 1: null

22-11-2024T06:29:20 - [TEST_STEP][PASSED] - x = x.substring(i3, x.length()): null

22-11-2024T06:29:20 - [TEST_STEP][PASSED] - return x: null

22-11-2024T06:29:20 - [TEST_STEP][PASSED] - i = tableA.indexOf("Приволжье"): null

22-11-2024T06:29:20 - [TEST_STEP][PASSED] - CenA = replaceAll("\p{P}", "").trim(): null

22-11-2024T06:29:20 - [TEST_STEP][PASSED] - println("CenA: " + CenA): null

22-11-2024T06:29:20 - [TEST_STEP][PASSED] - for ([i = 1, i < 12, (i++)]): null

22-11-2024T06:29:20 - [TEST_STEP][PASSED] - tableA = Script1719551244403.NewDZO(x = tableA): null

22-11-2024T06:29:20 - [TEST_STEP][PASSED] - i3 = <not implemented yet for class: org.codehaus.groovy.ast.expr.EmptyExpression>: null

22-11-2024T06:29:20 - [TEST_STEP][PASSED] - i3 = x.indexOf("/") + 1: null

22-11-2024T06:29:20 - [TEST_STEP][PASSED] - x = x.substring(i3, x.length()): null

22-11-2024T06:29:20 - [TEST_STEP][PASSED] - return x: null

22-11-2024T06:29:20 - [TEST_STEP][PASSED] - tableA = Script1719551244403.NewDZO(x = tableA): null

22-11-2024T06:29:20 - [TEST_STEP][PASSED] - i3 = <not implemented yet for class: org.codehaus.groovy.ast.expr.EmptyExpression>: null

22-11-2024T06:29:20 - [TEST_STEP][PASSED] - i3 = x.indexOf("/") + 1: null

22-11-2024T06:29:20 - [TEST_STEP][PASSED] - x = x.substring(i3, x.length()): null

22-11-2024T06:29:20 - [TEST_STEP][PASSED] - return x: null

22-11-2024T06:29:20 - [TEST_STEP][PASSED] - tableA = Script1719551244403.NewDZO(x = tableA): null

22-11-2024T06:29:20 - [TEST_STEP][PASSED] - i3 = <not implemented yet for class: org.codehaus.groovy.ast.expr.EmptyExpression>: null

22-11-2024T06:29:20 - [TEST_STEP][PASSED] - i3 = x.indexOf("/") + 1: null

22-11-2024T06:29:20 - [TEST_STEP][PASSED] - x = x.substring(i3, x.length()): null

22-11-2024T06:29:20 - [TEST_STEP][PASSED] - return x: null

22-11-2024T06:29:20 - [TEST_STEP][PASSED] - tableA = Script1719551244403.NewDZO(x = tableA): null

22-11-2024T06:29:20 - [TEST_STEP][PASSED] - i3 = <not implemented yet for class: org.codehaus.groovy.ast.expr.EmptyExpression>: null

22-11-2024T06:29:20 - [TEST_STEP][PASSED] - i3 = x.indexOf("/") + 1: null

22-11-2024T06:29:20 - [TEST_STEP][PASSED] - x = x.substring(i3, x.length()): null

22-11-2024T06:29:20 - [TEST_STEP][PASSED] - return x: null

22-11-2024T06:29:20 - [TEST_STEP][PASSED] - tableA = Script1719551244403.NewDZO(x = tableA): null

22-11-2024T06:29:20 - [TEST_STEP][PASSED] - i3 = <not implemented yet for class: org.codehaus.groovy.ast.expr.EmptyExpression>: null

22-11-2024T06:29:20 - [TEST_STEP][PASSED] - i3 = x.indexOf("/") + 1: null

22-11-2024T06:29:20 - [TEST_STEP][PASSED] - x = x.substring(i3, x.length()): null

22-11-2024T06:29:20 - [TEST_STEP][PASSED] - return x: null

22-11-2024T06:29:20 - [TEST_STEP][PASSED] - tableA = Script1719551244403.NewDZO(x = tableA): null

22-11-2024T06:29:20 - [TEST_STEP][PASSED] - i3 = <not implemented yet for class: org.codehaus.groovy.ast.expr.EmptyExpression>: null

22-11-2024T06:29:20 - [TEST_STEP][PASSED] - i3 = x.indexOf("/") + 1: null

22-11-2024T06:29:20 - [TEST_STEP][PASSED] - x = x.substring(i3, x.length()): null

22-11-2024T06:29:20 - [TEST_STEP][PASSED] - return x: null

22-11-2024T06:29:20 - [TEST_STEP][PASSED] - tableA = Script1719551244403.NewDZO(x = tableA): null

22-11-2024T06:29:20 - [TEST_STEP][PASSED] - i3 = <not implemented yet for class: org.codehaus.groovy.ast.expr.EmptyExpression>: null

22-11-2024T06:29:20 - [TEST_STEP][PASSED] - i3 = x.indexOf("/") + 1: null

22-11-2024T06:29:20 - [TEST_STEP][PASSED] - x = x.substring(i3, x.length()): null

22-11-2024T06:29:20 - [TEST_STEP][PASSED] - return x: null

22-11-2024T06:29:20 - [TEST_STEP][PASSED] - tableA = Script1719551244403.NewDZO(x = tableA): null

22-11-2024T06:29:20 - [TEST_STEP][PASSED] - i3 = <not implemented yet for class: org.codehaus.groovy.ast.expr.EmptyExpression>: null

22-11-2024T06:29:20 - [TEST_STEP][PASSED] - i3 = x.indexOf("/") + 1: null

22-11-2024T06:29:20 - [TEST_STEP][PASSED] - x = x.substring(i3, x.length()): null

22-11-2024T06:29:20 - [TEST_STEP][PASSED] - return x: null

22-11-2024T06:29:20 - [TEST_STEP][PASSED] - tableA = Script1719551244403.NewDZO(x = tableA): null

22-11-2024T06:29:20 - [TEST_STEP][PASSED] - i3 = <not implemented yet for class: org.codehaus.groovy.ast.expr.EmptyExpression>: null

22-11-2024T06:29:20 - [TEST_STEP][PASSED] - i3 = x.indexOf("/") + 1: null

22-11-2024T06:29:20 - [TEST_STEP][PASSED] - x = x.substring(i3, x.length()): null

22-11-2024T06:29:20 - [TEST_STEP][PASSED] - return x: null

22-11-2024T06:29:20 - [TEST_STEP][PASSED] - tableA = Script1719551244403.NewDZO(x = tableA): null

22-11-2024T06:29:20 - [TEST_STEP][PASSED] - i3 = <not implemented yet for class: org.codehaus.groovy.ast.expr.EmptyExpression>: null

22-11-2024T06:29:20 - [TEST_STEP][PASSED] - i3 = x.indexOf("/") + 1: null

22-11-2024T06:29:20 - [TEST_STEP][PASSED] - x = x.substring(i3, x.length()): null

22-11-2024T06:29:20 - [TEST_STEP][PASSED] - return x: null

22-11-2024T06:29:20 - [TEST_STEP][PASSED] - tableA = Script1719551244403.NewDZO(x = tableA): null

22-11-2024T06:29:20 - [TEST_STEP][PASSED] - i3 = <not implemented yet for class: org.codehaus.groovy.ast.expr.EmptyExpression>: null

22-11-2024T06:29:20 - [TEST_STEP][PASSED] - i3 = x.indexOf("/") + 1: null

22-11-2024T06:29:20 - [TEST_STEP][PASSED] - x = x.substring(i3, x.length()): null

22-11-2024T06:29:20 - [TEST_STEP][PASSED] - return x: null

22-11-2024T06:29:20 - [TEST_STEP][PASSED] - i = tableA.indexOf("Юг"): null

22-11-2024T06:29:20 - [TEST_STEP][PASSED] - CiPA = replaceAll("\p{P}", "").trim(): null

22-11-2024T06:29:20 - [TEST_STEP][PASSED] - println("CiPA: " + CiPA): null

22-11-2024T06:29:20 - [TEST_STEP][PASSED] - for ([i = 1, i < 10, (i++)]): null

22-11-2024T06:29:20 - [TEST_STEP][PASSED] - tableA = Script1719551244403.NewDZO(x = tableA): null

22-11-2024T06:29:20 - [TEST_STEP][PASSED] - i3 = <not implemented yet for class: org.codehaus.groovy.ast.expr.EmptyExpression>: null

22-11-2024T06:29:20 - [TEST_STEP][PASSED] - i3 = x.indexOf("/") + 1: null

22-11-2024T06:29:20 - [TEST_STEP][PASSED] - x = x.substring(i3, x.length()): null

22-11-2024T06:29:20 - [TEST_STEP][PASSED] - return x: null

22-11-2024T06:29:20 - [TEST_STEP][PASSED] - tableA = Script1719551244403.NewDZO(x = tableA): null

22-11-2024T06:29:20 - [TEST_STEP][PASSED] - i3 = <not implemented yet for class: org.codehaus.groovy.ast.expr.EmptyExpression>: null

22-11-2024T06:29:20 - [TEST_STEP][PASSED] - i3 = x.indexOf("/") + 1: null

22-11-2024T06:29:20 - [TEST_STEP][PASSED] - x = x.substring(i3, x.length()): null

22-11-2024T06:29:20 - [TEST_STEP][PASSED] - return x: null

22-11-2024T06:29:20 - [TEST_STEP][PASSED] - tableA = Script1719551244403.NewDZO(x = tableA): null

22-11-2024T06:29:20 - [TEST_STEP][PASSED] - i3 = <not implemented yet for class: org.codehaus.groovy.ast.expr.EmptyExpression>: null

22-11-2024T06:29:20 - [TEST_STEP][PASSED] - i3 = x.indexOf("/") + 1: null

22-11-2024T06:29:20 - [TEST_STEP][PASSED] - x = x.substring(i3, x.length()): null

22-11-2024T06:29:20 - [TEST_STEP][PASSED] - return x: null

22-11-2024T06:29:20 - [TEST_STEP][PASSED] - tableA = Script1719551244403.NewDZO(x = tableA): null

22-11-2024T06:29:20 - [TEST_STEP][PASSED] - i3 = <not implemented yet for class: org.codehaus.groovy.ast.expr.EmptyExpression>: null

22-11-2024T06:29:20 - [TEST_STEP][PASSED] - i3 = x.indexOf("/") + 1: null

22-11-2024T06:29:20 - [TEST_STEP][PASSED] - x = x.substring(i3, x.length()): null

22-11-2024T06:29:20 - [TEST_STEP][PASSED] - return x: null

22-11-2024T06:29:20 - [TEST_STEP][PASSED] - tableA = Script1719551244403.NewDZO(x = tableA): null

22-11-2024T06:29:20 - [TEST_STEP][PASSED] - i3 = <not implemented yet for class: org.codehaus.groovy.ast.expr.EmptyExpression>: null

22-11-2024T06:29:20 - [TEST_STEP][PASSED] - i3 = x.indexOf("/") + 1: null

22-11-2024T06:29:20 - [TEST_STEP][PASSED] - x = x.substring(i3, x.length()): null

22-11-2024T06:29:20 - [TEST_STEP][PASSED] - return x: null

22-11-2024T06:29:20 - [TEST_STEP][PASSED] - tableA = Script1719551244403.NewDZO(x = tableA): null

22-11-2024T06:29:20 - [TEST_STEP][PASSED] - i3 = <not implemented yet for class: org.codehaus.groovy.ast.expr.EmptyExpression>: null

22-11-2024T06:29:20 - [TEST_STEP][PASSED] - i3 = x.indexOf("/") + 1: null

22-11-2024T06:29:20 - [TEST_STEP][PASSED] - x = x.substring(i3, x.length()): null

22-11-2024T06:29:20 - [TEST_STEP][PASSED] - return x: null

22-11-2024T06:29:20 - [TEST_STEP][PASSED] - tableA = Script1719551244403.NewDZO(x = tableA): null

22-11-2024T06:29:20 - [TEST_STEP][PASSED] - i3 = <not implemented yet for class: org.codehaus.groovy.ast.expr.EmptyExpression>: null

22-11-2024T06:29:20 - [TEST_STEP][PASSED] - i3 = x.indexOf("/") + 1: null

22-11-2024T06:29:20 - [TEST_STEP][PASSED] - x = x.substring(i3, x.length()): null

22-11-2024T06:29:20 - [TEST_STEP][PASSED] - return x: null

22-11-2024T06:29:20 - [TEST_STEP][PASSED] - tableA = Script1719551244403.NewDZO(x = tableA): null

22-11-2024T06:29:20 - [TEST_STEP][PASSED] - i3 = <not implemented yet for class: org.codehaus.groovy.ast.expr.EmptyExpression>: null

22-11-2024T06:29:20 - [TEST_STEP][PASSED] - i3 = x.indexOf("/") + 1: null

22-11-2024T06:29:20 - [TEST_STEP][PASSED] - x = x.substring(i3, x.length()): null

22-11-2024T06:29:20 - [TEST_STEP][PASSED] - return x: null

22-11-2024T06:29:20 - [TEST_STEP][PASSED] - tableA = Script1719551244403.NewDZO(x = tableA): null

22-11-2024T06:29:20 - [TEST_STEP][PASSED] - i3 = <not implemented yet for class: org.codehaus.groovy.ast.expr.EmptyExpression>: null

22-11-2024T06:29:20 - [TEST_STEP][PASSED] - i3 = x.indexOf("/") + 1: null

22-11-2024T06:29:20 - [TEST_STEP][PASSED] - x = x.substring(i3, x.length()): null

22-11-2024T06:29:20 - [TEST_STEP][PASSED] - return x: null

22-11-2024T06:29:20 - [TEST_STEP][PASSED] - i = tableA.indexOf("Янтарь"): null

22-11-2024T06:29:20 - [TEST_STEP][PASSED] - UgA = replaceAll("\p{P}", "").trim(): null

22-11-2024T06:29:20 - [TEST_STEP][PASSED] - println("UgA: " + UgA): null

22-11-2024T06:29:20 - [TEST_STEP][PASSED] - i = tableA.lastIndexOf("/"): null

22-11-2024T06:29:20 - [TEST_STEP][PASSED] - YaA = replaceAll("\p{P}", "").trim(): null

22-11-2024T06:29:20 - [TEST_STEP][PASSED] - println("YaA: " + YaA): null

22-11-2024T06:29:20 - [TEST_STEP][PASSED] - delay(10): Delayed 10 second(s)

22-11-2024T06:29:30 - [MESSAGE][PASSED] - Delayed 10 second(s)

22-11-2024T06:29:30 - [TEST_STEP][PASSED] - navigateToUrl(findTestData("PlanFact").getValue(10, 11)): Navigate to 'https://bi.rosseti.digital/viewer?dashboardGuid=a1fd28b3785d443cbc4d7690a1d78e31&sheetGuid=d3a0ddec2e914cb380b20dca74903099&fit=true' successfully

22-11-2024T06:29:30 - [MESSAGE][PASSED] - Navigate to 'https://bi.rosseti.digital/viewer?dashboardGuid=a1fd28b3785d443cbc4d7690a1d78e31&sheetGuid=d3a0ddec2e914cb380b20dca74903099&fit=true' successfully

22-11-2024T06:29:30 - [TEST_STEP][PASSED] - b = <not implemented yet for class: org.codehaus.groovy.ast.expr.EmptyExpression>: null

22-11-2024T06:29:30 - [TEST_STEP][PASSED] - b1 = <not implemented yet for class: org.codehaus.groovy.ast.expr.EmptyExpression>: null

22-11-2024T06:29:30 - [TEST_STEP][PASSED] - b2 = <not implemented yet for class: org.codehaus.groovy.ast.expr.EmptyExpression>: null

22-11-2024T06:29:30 - [TEST_STEP][PASSED] - click(findTestObject("Факторный анализ/Фильтр Дата Выручка")): Object: 'Object Repository/Факторный анализ/Фильтр Дата Выручка' is clicked on

22-11-2024T06:29:50 - [MESSAGE][PASSED] - Object: 'Object Repository/Факторный анализ/Фильтр Дата Выручка' is clicked on

22-11-2024T06:29:50 - [TEST_STEP][PASSED] - click(findTestObject("Факторный анализ/Снять выделение в фильтре Дата Выручка")): Object: 'Object Repository/Факторный анализ/Снять выделение в фильтре Дата Выручка' is clicked on

22-11-2024T06:29:51 - [MESSAGE][PASSED] - Object: 'Object Repository/Факторный анализ/Снять выделение в фильтре Дата Выручка' is clicked on

22-11-2024T06:29:51 - [TEST_STEP][PASSED] - click(findTestObject("Факторный анализ/Применить в фильтре Дата Выручка")): Object: 'Object Repository/Факторный анализ/Применить в фильтре Дата Выручка' is clicked on

22-11-2024T06:29:51 - [MESSAGE][PASSED] - Object: 'Object Repository/Факторный анализ/Применить в фильтре Дата Выручка' is clicked on

22-11-2024T06:29:51 - [TEST_STEP][PASSED] - delay(10): Delayed 10 second(s)

22-11-2024T06:30:01 - [MESSAGE][PASSED] - Delayed 10 second(s)

22-11-2024T06:30:01 - [TEST_STEP][PASSED] - click(findTestObject("Факторный анализ/Фильтр Дата Выручка")): Object: 'Object Repository/Факторный анализ/Фильтр Дата Выручка' is clicked on

22-11-2024T06:30:32 - [MESSAGE][PASSED] - Object: 'Object Repository/Факторный анализ/Фильтр Дата Выручка' is clicked on

22-11-2024T06:30:32 - [TEST_STEP][PASSED] - click(findTestObject("Факторный анализ/Снять выделение в фильтре Дата Выручка")): Object: 'Object Repository/Факторный анализ/Снять выделение в фильтре Дата Выручка' is clicked on

22-11-2024T06:31:02 - [MESSAGE][PASSED] - Object: 'Object Repository/Факторный анализ/Снять выделение в фильтре Дата Выручка' is clicked on

22-11-2024T06:31:02 - [TEST_STEP][PASSED] - scrollToElement(findTestObject("Факторный анализ/2024 список Выручка"), 30): Scroll to object 'Object Repository/Факторный анализ/2024 список Выручка' successfully

22-11-2024T06:31:32 - [MESSAGE][PASSED] - Scroll to object 'Object Repository/Факторный анализ/2024 список Выручка' successfully

22-11-2024T06:31:32 - [TEST_STEP][PASSED] - click(findTestObject("Факторный анализ/2024 список Выручка")): Object: 'Object Repository/Факторный анализ/2024 список Выручка' is clicked on

22-11-2024T06:32:02 - [MESSAGE][PASSED] - Object: 'Object Repository/Факторный анализ/2024 список Выручка' is clicked on

22-11-2024T06:32:02 - [TEST_STEP][PASSED] - scrollToElement(findTestObject("Факторный анализ/1 квартал 2024 выбрать Выручка"), 30): Scroll to object 'Object Repository/Факторный анализ/1 квартал 2024 выбрать Выручка' successfully

22-11-2024T06:32:32 - [MESSAGE][PASSED] - Scroll to object 'Object Repository/Факторный анализ/1 квартал 2024 выбрать Выручка' successfully

22-11-2024T06:32:32 - [TEST_STEP][PASSED] - click(findTestObject("Факторный анализ/1 квартал 2024 выбрать Выручка")): Object: 'Object Repository/Факторный анализ/1 квартал 2024 выбрать Выручка' is clicked on

22-11-2024T06:33:02 - [MESSAGE][PASSED] - Object: 'Object Repository/Факторный анализ/1 квартал 2024 выбрать Выручка' is clicked on

22-11-2024T06:33:02 - [TEST_STEP][PASSED] - scrollToElement(findTestObject("Факторный анализ/2 квартал 2024 выбрать Выручка"), 30): Scroll to object 'Object Repository/Факторный анализ/2 квартал 2024 выбрать Выручка' successfully

22-11-2024T06:33:32 - [MESSAGE][PASSED] - Scroll to object 'Object Repository/Факторный анализ/2 квартал 2024 выбрать Выручка' successfully

22-11-2024T06:33:32 - [TEST_STEP][PASSED] - click(findTestObject("Факторный анализ/2 квартал 2024 выбрать Выручка"), CONTINUE_ON_FAILURE): Object: 'Object Repository/Факторный анализ/2 квартал 2024 выбрать Выручка' is clicked on

22-11-2024T06:34:02 - [MESSAGE][PASSED] - Object: 'Object Repository/Факторный анализ/2 квартал 2024 выбрать Выручка' is clicked on

22-11-2024T06:34:02 - [TEST_STEP][PASSED] - click(findTestObject("Факторный анализ/3 квартал 2024 выбрать Выручка"), CONTINUE_ON_FAILURE): Object: 'Object Repository/Факторный анализ/3 квартал 2024 выбрать Выручка' is clicked on

22-11-2024T06:34:32 - [MESSAGE][PASSED] - Object: 'Object Repository/Факторный анализ/3 квартал 2024 выбрать Выручка' is clicked on

22-11-2024T06:34:32 - [TEST_STEP][PASSED] - scrollToElement(findTestObject("Факторный анализ/Заголовок дашборда Выручка"), 30): Scroll to object 'Object Repository/Факторный анализ/Заголовок дашборда Выручка' successfully

22-11-2024T06:35:02 - [MESSAGE][PASSED] - Scroll to object 'Object Repository/Факторный анализ/Заголовок дашборда Выручка' successfully

22-11-2024T06:35:02 - [TEST_STEP][PASSED] - click(findTestObject("Факторный анализ/Применить в фильтре Дата Выручка")): Object: 'Object Repository/Факторный анализ/Применить в фильтре Дата Выручка' is clicked on

22-11-2024T06:35:33 - [MESSAGE][PASSED] - Object: 'Object Repository/Факторный анализ/Применить в фильтре Дата Выручка' is clicked on

22-11-2024T06:35:33 - [TEST_STEP][PASSED] - if (run == 1): null

22-11-2024T06:35:33 - [TEST_STEP][PASSED] - else: null

22-11-2024T06:35:33 - [TEST_STEP][PASSED] - click(findTestObject("Факторный анализ/Переключить отображение с филиала на месяц")): Object: 'Object Repository/Факторный анализ/Переключить отображение с филиала на месяц' is clicked on

22-11-2024T06:35:37 - [MESSAGE][PASSED] - Object: 'Object Repository/Факторный анализ/Переключить отображение с филиала на месяц' is clicked on

22-11-2024T06:35:37 - [TEST_STEP][PASSED] - b1 = replaceAll("\s+", "").trim(): Text of object 'Object Repository/Факторный анализ/span1 Выручка' is: '-379 098'

22-11-2024T06:35:38 - [MESSAGE][PASSED] - Text of object 'Object Repository/Факторный анализ/span1 Выручка' is: '-379 098'

22-11-2024T06:35:38 - [TEST_STEP][PASSED] - b2 = replaceAll("\s+", "").trim(): Text of object 'Object Repository/Факторный анализ/span2 Выручка' is: '39 749'

22-11-2024T06:35:38 - [MESSAGE][PASSED] - Text of object 'Object Repository/Факторный анализ/span2 Выручка' is: '39 749'

22-11-2024T06:35:38 - [TEST_STEP][PASSED] - println("b1: " + b1): null

22-11-2024T06:35:38 - [TEST_STEP][PASSED] - println("b2: " + b2): null

22-11-2024T06:35:38 - [TEST_STEP][PASSED] - vidget = "Отклонения выручки по факторам": null

22-11-2024T06:35:38 - [TEST_STEP][PASSED] - DZO = "ПАО Россети": null

22-11-2024T06:35:38 - [TEST_STEP][PASSED] - typeOfData = "Отклонение (объём услуг)": null

22-11-2024T06:35:38 - [TEST_STEP][PASSED] - Script1719551244403.Compare(x = a1, y = b1, run, typeOfData, otobrajeniyeDannyh, todaysDate, vidget, DZO): null

22-11-2024T06:35:38 - [TEST_STEP][PASSED] - if (verifyEqual(x, y) == true): Actual object '-379098' and expected object '-379098' are equal

22-11-2024T06:35:38 - [MESSAGE][PASSED] - Actual object '-379098' and expected object '-379098' are equal

22-11-2024T06:35:38 - [TEST_STEP][PASSED] - typeOfData = "Отклонение (средний тариф)": null

22-11-2024T06:35:38 - [TEST_STEP][PASSED] - Script1719551244403.Compare(x = a2, y = b2, run, typeOfData, otobrajeniyeDannyh, todaysDate, vidget, DZO): null

22-11-2024T06:35:38 - [TEST_STEP][PASSED] - if (verifyEqual(x, y) == true): Actual object '39749' and expected object '39749' are equal

22-11-2024T06:35:38 - [MESSAGE][PASSED] - Actual object '39749' and expected object '39749' are equal

22-11-2024T06:35:38 - [TEST_STEP][PASSED] - tableB = getText(findTestObject("Факторный анализ/AllTable1 Выручка")).replaceAll("[\r?
|
]", "/"): Text of object 'Object Repository/Факторный анализ/AllTable1 Выручка' is: 'ДЗО
Филиал
Отклонение (объём услуг) филиал без Nan
Отклонение (средний тариф) филиал без Nan
АО «Тываэнерго» АО "Тываэнерго" 276 -37
АО «Чеченэнерго» АО «Чеченэнерго» 54 14
Россети Волга Мордовэнерго 169 -86
Оренбургэнерго 532 - 162
Пензаэнерго 259 -72
Самарские РС 395 -1 024
Саратовские РС 428 - 443
Ульяновские РС 231 - 201
Чувашэнерго - 126 126
Россети Кубань Кубаньэнерго 3 229 241
Россети Ленэнерго (ГК) Ленинградская область 1 191 598
г. Санкт-Петербург 2 106 -39
Россети Московский регион Московская область 4 566 - 535
г. Москва 2 812 57
Россети Северный Кавказ (ГК) Дагестанская энергосбытовая компания 0 0
Дагэнерго - 462 480
Ингушэнерго - 185 100
Каббалкэнерго 212 26
Карачаево-Черкесскэнерго 111 -9
Севкавказэнерго - 316 125
Ставропольэнерго 289 - 222
Россети Северо-Запад Архангельский филиал 63 -80
Вологодский филиал 229 -6
Карельский филиал -21 160
Мурманский филиал 102 64
Новгородский филиал 207 -40
Псковский филиал 146 -18
филиал в Республике Коми 10 23
Россети Сибирь (ГК) Алтайэнерго 275 275
Бурятэнерго -95 298
ГАЭС 114 -15
Красноярскэнерго 1 087 - 413
Кузбассэнерго-РЭС 329 205
Омскэнерго 127 - 112
Хакасэнерго 327 - 363
Читаэнерго -44 120
Россети Томск Томская распределительная компания 338 - 125
Россети Тюмень Россети Тюмень -3 853 - 459
Россети Урал (ГК) Пермэнерго 594 - 218
Свердловэнерго 805 233
Челябэнерго 973 - 671
Россети ФСК ЕЭС Итого по ФСК ЕЭС 8 044 -6 045
Россети Центр Белгородэнерго 299 111
Брянскэнерго 73 22
Воронежэнерго 602 133
Костромаэнерго 83 2
Курскэнерго 96 86
Липецкэнерго 731 - 322
Орелэнерго 148 -21
Смоленскэнерго 64 35
Тамбовэнерго 276 -4
Тверьэнерго 319 127
Ярэнерго 545 4
Россети Центр и Приволжье (ГК) Владимирэнерго 517 49
Ивэнерго 169 40
Калугаэнерго 558 -42
Кировэнерго 403 0
Мариэнерго 144 19
Нижновэнерго 658 231
Рязаньэнерго 259 47
Тулэнерго 733 - 209
Удмуртэнерго 294 3
Россети Юг (ГК) АО «ВМЭС» 153 41
Астраханьэнерго 73 90
Волгоградэнерго 392 - 310
Калмэнерго 58 -5
Ростовэнерго 779 44
Россети Янтарь Россети Янтарь 305 -28'

22-11-2024T06:35:38 - [MESSAGE][PASSED] - Text of object 'Object Repository/Факторный анализ/AllTable1 Выручка' is: 'ДЗО
Филиал
Отклонение (объём услуг) филиал без Nan
Отклонение (средний тариф) филиал без Nan
АО «Тываэнерго» АО "Тываэнерго" 276 -37
АО «Чеченэнерго» АО «Чеченэнерго» 54 14
Россети Волга Мордовэнерго 169 -86
Оренбургэнерго 532 - 162
Пензаэнерго 259 -72
Самарские РС 395 -1 024
Саратовские РС 428 - 443
Ульяновские РС 231 - 201
Чувашэнерго - 126 126
Россети Кубань Кубаньэнерго 3 229 241
Россети Ленэнерго (ГК) Ленинградская область 1 191 598
г. Санкт-Петербург 2 106 -39
Россети Московский регион Московская область 4 566 - 535
г. Москва 2 812 57
Россети Северный Кавказ (ГК) Дагестанская энергосбытовая компания 0 0
Дагэнерго - 462 480
Ингушэнерго - 185 100
Каббалкэнерго 212 26
Карачаево-Черкесскэнерго 111 -9
Севкавказэнерго - 316 125
Ставропольэнерго 289 - 222
Россети Северо-Запад Архангельский филиал 63 -80
Вологодский филиал 229 -6
Карельский филиал -21 160
Мурманский филиал 102 64
Новгородский филиал 207 -40
Псковский филиал 146 -18
филиал в Республике Коми 10 23
Россети Сибирь (ГК) Алтайэнерго 275 275
Бурятэнерго -95 298
ГАЭС 114 -15
Красноярскэнерго 1 087 - 413
Кузбассэнерго-РЭС 329 205
Омскэнерго 127 - 112
Хакасэнерго 327 - 363
Читаэнерго -44 120
Россети Томск Томская распределительная компания 338 - 125
Россети Тюмень Россети Тюмень -3 853 - 459
Россети Урал (ГК) Пермэнерго 594 - 218
Свердловэнерго 805 233
Челябэнерго 973 - 671
Россети ФСК ЕЭС Итого по ФСК ЕЭС 8 044 -6 045
Россети Центр Белгородэнерго 299 111
Брянскэнерго 73 22
Воронежэнерго 602 133
Костромаэнерго 83 2
Курскэнерго 96 86
Липецкэнерго 731 - 322
Орелэнерго 148 -21
Смоленскэнерго 64 35
Тамбовэнерго 276 -4
Тверьэнерго 319 127
Ярэнерго 545 4
Россети Центр и Приволжье (ГК) Владимирэнерго 517 49
Ивэнерго 169 40
Калугаэнерго 558 -42
Кировэнерго 403 0
Мариэнерго 144 19
Нижновэнерго 658 231
Рязаньэнерго 259 47
Тулэнерго 733 - 209
Удмуртэнерго 294 3
Россети Юг (ГК) АО «ВМЭС» 153 41
Астраханьэнерго 73 90
Волгоградэнерго 392 - 310
Калмэнерго 58 -5
Ростовэнерго 779 44
Россети Янтарь Россети Янтарь 305 -28'

22-11-2024T06:35:38 - [TEST_STEP][PASSED] - println("tableB: " + tableB): null

22-11-2024T06:35:38 - [TEST_STEP][PASSED] - for ([i = 1, i < 5, (i++)]): null

22-11-2024T06:35:38 - [TEST_STEP][PASSED] - ii = tableB.indexOf("/") + 1: null

22-11-2024T06:35:38 - [TEST_STEP][PASSED] - tableB = tableB.substring(ii, tableB.length()): null

22-11-2024T06:35:38 - [TEST_STEP][PASSED] - ii = tableB.indexOf("/") + 1: null

22-11-2024T06:35:38 - [TEST_STEP][PASSED] - tableB = tableB.substring(ii, tableB.length()): null

22-11-2024T06:35:38 - [TEST_STEP][PASSED] - ii = tableB.indexOf("/") + 1: null

22-11-2024T06:35:38 - [TEST_STEP][PASSED] - tableB = tableB.substring(ii, tableB.length()): null

22-11-2024T06:35:38 - [TEST_STEP][PASSED] - ii = tableB.indexOf("/") + 1: null

22-11-2024T06:35:38 - [TEST_STEP][PASSED] - tableB = tableB.substring(ii, tableB.length()): null

22-11-2024T06:35:38 - [TEST_STEP][PASSED] - println("tableB: " + tableB): null

22-11-2024T06:35:38 - [TEST_STEP][PASSED] - TyB = Script1719551244403.GetData(x = tableB): null

22-11-2024T06:35:38 - [TEST_STEP][PASSED] - i2 = <not implemented yet for class: org.codehaus.groovy.ast.expr.EmptyExpression>: null

22-11-2024T06:35:38 - [TEST_STEP][PASSED] - i2 = x.indexOf("/") + 1: null

22-11-2024T06:35:38 - [TEST_STEP][PASSED] - x = replaceAll("\p{P}", "").trim(): null

22-11-2024T06:35:38 - [TEST_STEP][PASSED] - return x: null

22-11-2024T06:35:38 - [TEST_STEP][PASSED] - println("TyB: " + TyB): null

22-11-2024T06:35:38 - [TEST_STEP][PASSED] - tableB = Script1719551244403.NewDZO(x = tableB): null

22-11-2024T06:35:38 - [TEST_STEP][PASSED] - i3 = <not implemented yet for class: org.codehaus.groovy.ast.expr.EmptyExpression>: null

22-11-2024T06:35:38 - [TEST_STEP][PASSED] - i3 = x.indexOf("/") + 1: null

22-11-2024T06:35:38 - [TEST_STEP][PASSED] - x = x.substring(i3, x.length()): null

22-11-2024T06:35:38 - [TEST_STEP][PASSED] - return x: null

22-11-2024T06:35:38 - [TEST_STEP][PASSED] - ChB = Script1719551244403.GetData(x = tableB): null

22-11-2024T06:35:38 - [TEST_STEP][PASSED] - i2 = <not implemented yet for class: org.codehaus.groovy.ast.expr.EmptyExpression>: null

22-11-2024T06:35:38 - [TEST_STEP][PASSED] - i2 = x.indexOf("/") + 1: null

22-11-2024T06:35:38 - [TEST_STEP][PASSED] - x = replaceAll("\p{P}", "").trim(): null

22-11-2024T06:35:38 - [TEST_STEP][PASSED] - return x: null

22-11-2024T06:35:38 - [TEST_STEP][PASSED] - println("ChB: " + ChB): null

22-11-2024T06:35:38 - [TEST_STEP][PASSED] - tableB = Script1719551244403.NewDZO(x = tableB): null

22-11-2024T06:35:38 - [TEST_STEP][PASSED] - i3 = <not implemented yet for class: org.codehaus.groovy.ast.expr.EmptyExpression>: null

22-11-2024T06:35:38 - [TEST_STEP][PASSED] - i3 = x.indexOf("/") + 1: null

22-11-2024T06:35:38 - [TEST_STEP][PASSED] - x = x.substring(i3, x.length()): null

22-11-2024T06:35:38 - [TEST_STEP][PASSED] - return x: null

22-11-2024T06:35:38 - [TEST_STEP][PASSED] - i = tableB.indexOf("Кубань"): null

22-11-2024T06:35:38 - [TEST_STEP][PASSED] - VB = replaceAll("\p{P}", "").trim(): null

22-11-2024T06:35:38 - [TEST_STEP][PASSED] - println("VB: " + VB): null

22-11-2024T06:35:38 - [TEST_STEP][PASSED] - for ([i = 1, i < 8, (i++)]): null

22-11-2024T06:35:38 - [TEST_STEP][PASSED] - tableB = Script1719551244403.NewDZO(x = tableB): null

22-11-2024T06:35:38 - [TEST_STEP][PASSED] - i3 = <not implemented yet for class: org.codehaus.groovy.ast.expr.EmptyExpression>: null

22-11-2024T06:35:38 - [TEST_STEP][PASSED] - i3 = x.indexOf("/") + 1: null

22-11-2024T06:35:38 - [TEST_STEP][PASSED] - x = x.substring(i3, x.length()): null

22-11-2024T06:35:38 - [TEST_STEP][PASSED] - return x: null

22-11-2024T06:35:38 - [TEST_STEP][PASSED] - tableB = Script1719551244403.NewDZO(x = tableB): null

22-11-2024T06:35:38 - [TEST_STEP][PASSED] - i3 = <not implemented yet for class: org.codehaus.groovy.ast.expr.EmptyExpression>: null

22-11-2024T06:35:38 - [TEST_STEP][PASSED] - i3 = x.indexOf("/") + 1: null

22-11-2024T06:35:38 - [TEST_STEP][PASSED] - x = x.substring(i3, x.length()): null

22-11-2024T06:35:38 - [TEST_STEP][PASSED] - return x: null

22-11-2024T06:35:38 - [TEST_STEP][PASSED] - tableB = Script1719551244403.NewDZO(x = tableB): null

22-11-2024T06:35:38 - [TEST_STEP][PASSED] - i3 = <not implemented yet for class: org.codehaus.groovy.ast.expr.EmptyExpression>: null

22-11-2024T06:35:38 - [TEST_STEP][PASSED] - i3 = x.indexOf("/") + 1: null

22-11-2024T06:35:38 - [TEST_STEP][PASSED] - x = x.substring(i3, x.length()): null

22-11-2024T06:35:38 - [TEST_STEP][PASSED] - return x: null

22-11-2024T06:35:38 - [TEST_STEP][PASSED] - tableB = Script1719551244403.NewDZO(x = tableB): null

22-11-2024T06:35:38 - [TEST_STEP][PASSED] - i3 = <not implemented yet for class: org.codehaus.groovy.ast.expr.EmptyExpression>: null

22-11-2024T06:35:38 - [TEST_STEP][PASSED] - i3 = x.indexOf("/") + 1: null

22-11-2024T06:35:38 - [TEST_STEP][PASSED] - x = x.substring(i3, x.length()): null

22-11-2024T06:35:38 - [TEST_STEP][PASSED] - return x: null

22-11-2024T06:35:38 - [TEST_STEP][PASSED] - tableB = Script1719551244403.NewDZO(x = tableB): null

22-11-2024T06:35:38 - [TEST_STEP][PASSED] - i3 = <not implemented yet for class: org.codehaus.groovy.ast.expr.EmptyExpression>: null

22-11-2024T06:35:38 - [TEST_STEP][PASSED] - i3 = x.indexOf("/") + 1: null

22-11-2024T06:35:38 - [TEST_STEP][PASSED] - x = x.substring(i3, x.length()): null

22-11-2024T06:35:38 - [TEST_STEP][PASSED] - return x: null

22-11-2024T06:35:38 - [TEST_STEP][PASSED] - tableB = Script1719551244403.NewDZO(x = tableB): null

22-11-2024T06:35:38 - [TEST_STEP][PASSED] - i3 = <not implemented yet for class: org.codehaus.groovy.ast.expr.EmptyExpression>: null

22-11-2024T06:35:38 - [TEST_STEP][PASSED] - i3 = x.indexOf("/") + 1: null

22-11-2024T06:35:38 - [TEST_STEP][PASSED] - x = x.substring(i3, x.length()): null

22-11-2024T06:35:38 - [TEST_STEP][PASSED] - return x: null

22-11-2024T06:35:38 - [TEST_STEP][PASSED] - tableB = Script1719551244403.NewDZO(x = tableB): null

22-11-2024T06:35:38 - [TEST_STEP][PASSED] - i3 = <not implemented yet for class: org.codehaus.groovy.ast.expr.EmptyExpression>: null

22-11-2024T06:35:38 - [TEST_STEP][PASSED] - i3 = x.indexOf("/") + 1: null

22-11-2024T06:35:38 - [TEST_STEP][PASSED] - x = x.substring(i3, x.length()): null

22-11-2024T06:35:38 - [TEST_STEP][PASSED] - return x: null

22-11-2024T06:35:38 - [TEST_STEP][PASSED] - i = tableB.indexOf("Ленэнерго"): null

22-11-2024T06:35:38 - [TEST_STEP][PASSED] - KuB = Script1719551244403.GetData(x = tableB): null

22-11-2024T06:35:38 - [TEST_STEP][PASSED] - i2 = <not implemented yet for class: org.codehaus.groovy.ast.expr.EmptyExpression>: null

22-11-2024T06:35:38 - [TEST_STEP][PASSED] - i2 = x.indexOf("/") + 1: null

22-11-2024T06:35:38 - [TEST_STEP][PASSED] - x = replaceAll("\p{P}", "").trim(): null

22-11-2024T06:35:38 - [TEST_STEP][PASSED] - return x: null

22-11-2024T06:35:38 - [TEST_STEP][PASSED] - println("KuB: " + KuB): null

22-11-2024T06:35:38 - [TEST_STEP][PASSED] - tableB = Script1719551244403.NewDZO(x = tableB): null

22-11-2024T06:35:38 - [TEST_STEP][PASSED] - i3 = <not implemented yet for class: org.codehaus.groovy.ast.expr.EmptyExpression>: null

22-11-2024T06:35:38 - [TEST_STEP][PASSED] - i3 = x.indexOf("/") + 1: null

22-11-2024T06:35:38 - [TEST_STEP][PASSED] - x = x.substring(i3, x.length()): null

22-11-2024T06:35:38 - [TEST_STEP][PASSED] - return x: null

22-11-2024T06:35:38 - [TEST_STEP][PASSED] - i = tableB.indexOf("Московский"): null

22-11-2024T06:35:38 - [TEST_STEP][PASSED] - LenB = replaceAll("\p{P}", "").trim(): null

22-11-2024T06:35:38 - [TEST_STEP][PASSED] - println("LenB: " + LenB): null

22-11-2024T06:35:38 - [TEST_STEP][PASSED] - tableB = Script1719551244403.NewDZO(x = tableB): null

22-11-2024T06:35:38 - [TEST_STEP][PASSED] - i3 = <not implemented yet for class: org.codehaus.groovy.ast.expr.EmptyExpression>: null

22-11-2024T06:35:38 - [TEST_STEP][PASSED] - i3 = x.indexOf("/") + 1: null

22-11-2024T06:35:38 - [TEST_STEP][PASSED] - x = x.substring(i3, x.length()): null

22-11-2024T06:35:38 - [TEST_STEP][PASSED] - return x: null

22-11-2024T06:35:38 - [TEST_STEP][PASSED] - tableB = Script1719551244403.NewDZO(x = tableB): null

22-11-2024T06:35:38 - [TEST_STEP][PASSED] - i3 = <not implemented yet for class: org.codehaus.groovy.ast.expr.EmptyExpression>: null

22-11-2024T06:35:38 - [TEST_STEP][PASSED] - i3 = x.indexOf("/") + 1: null

22-11-2024T06:35:38 - [TEST_STEP][PASSED] - x = x.substring(i3, x.length()): null

22-11-2024T06:35:38 - [TEST_STEP][PASSED] - return x: null

22-11-2024T06:35:38 - [TEST_STEP][PASSED] - i = tableB.indexOf("Кавказ"): null

22-11-2024T06:35:38 - [TEST_STEP][PASSED] - MosB = replaceAll("\p{P}", "").trim(): null

22-11-2024T06:35:38 - [TEST_STEP][PASSED] - println("MosB: " + MosB): null

22-11-2024T06:35:38 - [TEST_STEP][PASSED] - for ([i = 1, i < 3, (i++)]): null

22-11-2024T06:35:38 - [TEST_STEP][PASSED] - tableB = Script1719551244403.NewDZO(x = tableB): null

22-11-2024T06:35:38 - [TEST_STEP][PASSED] - i3 = <not implemented yet for class: org.codehaus.groovy.ast.expr.EmptyExpression>: null

22-11-2024T06:35:38 - [TEST_STEP][PASSED] - i3 = x.indexOf("/") + 1: null

22-11-2024T06:35:38 - [TEST_STEP][PASSED] - x = x.substring(i3, x.length()): null

22-11-2024T06:35:38 - [TEST_STEP][PASSED] - return x: null

22-11-2024T06:35:38 - [TEST_STEP][PASSED] - tableB = Script1719551244403.NewDZO(x = tableB): null

22-11-2024T06:35:38 - [TEST_STEP][PASSED] - i3 = <not implemented yet for class: org.codehaus.groovy.ast.expr.EmptyExpression>: null

22-11-2024T06:35:38 - [TEST_STEP][PASSED] - i3 = x.indexOf("/") + 1: null

22-11-2024T06:35:38 - [TEST_STEP][PASSED] - x = x.substring(i3, x.length()): null

22-11-2024T06:35:38 - [TEST_STEP][PASSED] - return x: null

22-11-2024T06:35:38 - [TEST_STEP][PASSED] - i = tableB.indexOf("Запад"): null

22-11-2024T06:35:38 - [TEST_STEP][PASSED] - SKB = replaceAll("\p{P}", "").trim(): null

22-11-2024T06:35:38 - [TEST_STEP][PASSED] - println("SKB: " + SKB): null

22-11-2024T06:35:38 - [TEST_STEP][PASSED] - for ([i = 1, i < 7, (i++)]): null

22-11-2024T06:35:38 - [TEST_STEP][PASSED] - tableB = Script1719551244403.NewDZO(x = tableB): null

22-11-2024T06:35:38 - [TEST_STEP][PASSED] - i3 = <not implemented yet for class: org.codehaus.groovy.ast.expr.EmptyExpression>: null

22-11-2024T06:35:38 - [TEST_STEP][PASSED] - i3 = x.indexOf("/") + 1: null

22-11-2024T06:35:38 - [TEST_STEP][PASSED] - x = x.substring(i3, x.length()): null

22-11-2024T06:35:38 - [TEST_STEP][PASSED] - return x: null

22-11-2024T06:35:38 - [TEST_STEP][PASSED] - tableB = Script1719551244403.NewDZO(x = tableB): null

22-11-2024T06:35:38 - [TEST_STEP][PASSED] - i3 = <not implemented yet for class: org.codehaus.groovy.ast.expr.EmptyExpression>: null

22-11-2024T06:35:38 - [TEST_STEP][PASSED] - i3 = x.indexOf("/") + 1: null

22-11-2024T06:35:38 - [TEST_STEP][PASSED] - x = x.substring(i3, x.length()): null

22-11-2024T06:35:38 - [TEST_STEP][PASSED] - return x: null

22-11-2024T06:35:38 - [TEST_STEP][PASSED] - tableB = Script1719551244403.NewDZO(x = tableB): null

22-11-2024T06:35:38 - [TEST_STEP][PASSED] - i3 = <not implemented yet for class: org.codehaus.groovy.ast.expr.EmptyExpression>: null

22-11-2024T06:35:38 - [TEST_STEP][PASSED] - i3 = x.indexOf("/") + 1: null

22-11-2024T06:35:38 - [TEST_STEP][PASSED] - x = x.substring(i3, x.length()): null

22-11-2024T06:35:38 - [TEST_STEP][PASSED] - return x: null

22-11-2024T06:35:38 - [TEST_STEP][PASSED] - tableB = Script1719551244403.NewDZO(x = tableB): null

22-11-2024T06:35:38 - [TEST_STEP][PASSED] - i3 = <not implemented yet for class: org.codehaus.groovy.ast.expr.EmptyExpression>: null

22-11-2024T06:35:38 - [TEST_STEP][PASSED] - i3 = x.indexOf("/") + 1: null

22-11-2024T06:35:38 - [TEST_STEP][PASSED] - x = x.substring(i3, x.length()): null

22-11-2024T06:35:38 - [TEST_STEP][PASSED] - return x: null

22-11-2024T06:35:38 - [TEST_STEP][PASSED] - tableB = Script1719551244403.NewDZO(x = tableB): null

22-11-2024T06:35:38 - [TEST_STEP][PASSED] - i3 = <not implemented yet for class: org.codehaus.groovy.ast.expr.EmptyExpression>: null

22-11-2024T06:35:38 - [TEST_STEP][PASSED] - i3 = x.indexOf("/") + 1: null

22-11-2024T06:35:38 - [TEST_STEP][PASSED] - x = x.substring(i3, x.length()): null

22-11-2024T06:35:38 - [TEST_STEP][PASSED] - return x: null

22-11-2024T06:35:38 - [TEST_STEP][PASSED] - tableB = Script1719551244403.NewDZO(x = tableB): null

22-11-2024T06:35:38 - [TEST_STEP][PASSED] - i3 = <not implemented yet for class: org.codehaus.groovy.ast.expr.EmptyExpression>: null

22-11-2024T06:35:38 - [TEST_STEP][PASSED] - i3 = x.indexOf("/") + 1: null

22-11-2024T06:35:38 - [TEST_STEP][PASSED] - x = x.substring(i3, x.length()): null

22-11-2024T06:35:38 - [TEST_STEP][PASSED] - return x: null

22-11-2024T06:35:38 - [TEST_STEP][PASSED] - i = tableB.indexOf("Сибирь"): null

22-11-2024T06:35:38 - [TEST_STEP][PASSED] - SZB = replaceAll("\p{P}", "").trim(): null

22-11-2024T06:35:38 - [TEST_STEP][PASSED] - println("SZB: " + SZB): null

22-11-2024T06:35:38 - [TEST_STEP][PASSED] - for ([i = 1, i < 8, (i++)]): null

22-11-2024T06:35:38 - [TEST_STEP][PASSED] - tableB = Script1719551244403.NewDZO(x = tableB): null

22-11-2024T06:35:38 - [TEST_STEP][PASSED] - i3 = <not implemented yet for class: org.codehaus.groovy.ast.expr.EmptyExpression>: null

22-11-2024T06:35:38 - [TEST_STEP][PASSED] - i3 = x.indexOf("/") + 1: null

22-11-2024T06:35:38 - [TEST_STEP][PASSED] - x = x.substring(i3, x.length()): null

22-11-2024T06:35:38 - [TEST_STEP][PASSED] - return x: null

22-11-2024T06:35:38 - [TEST_STEP][PASSED] - tableB = Script1719551244403.NewDZO(x = tableB): null

22-11-2024T06:35:38 - [TEST_STEP][PASSED] - i3 = <not implemented yet for class: org.codehaus.groovy.ast.expr.EmptyExpression>: null

22-11-2024T06:35:38 - [TEST_STEP][PASSED] - i3 = x.indexOf("/") + 1: null

22-11-2024T06:35:38 - [TEST_STEP][PASSED] - x = x.substring(i3, x.length()): null

22-11-2024T06:35:38 - [TEST_STEP][PASSED] - return x: null

22-11-2024T06:35:38 - [TEST_STEP][PASSED] - tableB = Script1719551244403.NewDZO(x = tableB): null

22-11-2024T06:35:38 - [TEST_STEP][PASSED] - i3 = <not implemented yet for class: org.codehaus.groovy.ast.expr.EmptyExpression>: null

22-11-2024T06:35:38 - [TEST_STEP][PASSED] - i3 = x.indexOf("/") + 1: null

22-11-2024T06:35:38 - [TEST_STEP][PASSED] - x = x.substring(i3, x.length()): null

22-11-2024T06:35:38 - [TEST_STEP][PASSED] - return x: null

22-11-2024T06:35:38 - [TEST_STEP][PASSED] - tableB = Script1719551244403.NewDZO(x = tableB): null

22-11-2024T06:35:38 - [TEST_STEP][PASSED] - i3 = <not implemented yet for class: org.codehaus.groovy.ast.expr.EmptyExpression>: null

22-11-2024T06:35:38 - [TEST_STEP][PASSED] - i3 = x.indexOf("/") + 1: null

22-11-2024T06:35:38 - [TEST_STEP][PASSED] - x = x.substring(i3, x.length()): null

22-11-2024T06:35:38 - [TEST_STEP][PASSED] - return x: null

22-11-2024T06:35:38 - [TEST_STEP][PASSED] - tableB = Script1719551244403.NewDZO(x = tableB): null

22-11-2024T06:35:38 - [TEST_STEP][PASSED] - i3 = <not implemented yet for class: org.codehaus.groovy.ast.expr.EmptyExpression>: null

22-11-2024T06:35:38 - [TEST_STEP][PASSED] - i3 = x.indexOf("/") + 1: null

22-11-2024T06:35:38 - [TEST_STEP][PASSED] - x = x.substring(i3, x.length()): null

22-11-2024T06:35:38 - [TEST_STEP][PASSED] - return x: null

22-11-2024T06:35:38 - [TEST_STEP][PASSED] - tableB = Script1719551244403.NewDZO(x = tableB): null

22-11-2024T06:35:38 - [TEST_STEP][PASSED] - i3 = <not implemented yet for class: org.codehaus.groovy.ast.expr.EmptyExpression>: null

22-11-2024T06:35:38 - [TEST_STEP][PASSED] - i3 = x.indexOf("/") + 1: null

22-11-2024T06:35:38 - [TEST_STEP][PASSED] - x = x.substring(i3, x.length()): null

22-11-2024T06:35:38 - [TEST_STEP][PASSED] - return x: null

22-11-2024T06:35:38 - [TEST_STEP][PASSED] - tableB = Script1719551244403.NewDZO(x = tableB): null

22-11-2024T06:35:38 - [TEST_STEP][PASSED] - i3 = <not implemented yet for class: org.codehaus.groovy.ast.expr.EmptyExpression>: null

22-11-2024T06:35:38 - [TEST_STEP][PASSED] - i3 = x.indexOf("/") + 1: null

22-11-2024T06:35:38 - [TEST_STEP][PASSED] - x = x.substring(i3, x.length()): null

22-11-2024T06:35:38 - [TEST_STEP][PASSED] - return x: null

22-11-2024T06:35:38 - [TEST_STEP][PASSED] - i = tableB.indexOf("Томск"): null

22-11-2024T06:35:38 - [TEST_STEP][PASSED] - SiB = replaceAll("\p{P}", "").trim(): null

22-11-2024T06:35:38 - [TEST_STEP][PASSED] - println("SiB: " + SiB): null

22-11-2024T06:35:38 - [TEST_STEP][PASSED] - for ([i = 1, i < 9, (i++)]): null

22-11-2024T06:35:38 - [TEST_STEP][PASSED] - tableB = Script1719551244403.NewDZO(x = tableB): null

22-11-2024T06:35:38 - [TEST_STEP][PASSED] - i3 = <not implemented yet for class: org.codehaus.groovy.ast.expr.EmptyExpression>: null

22-11-2024T06:35:38 - [TEST_STEP][PASSED] - i3 = x.indexOf("/") + 1: null

22-11-2024T06:35:38 - [TEST_STEP][PASSED] - x = x.substring(i3, x.length()): null

22-11-2024T06:35:38 - [TEST_STEP][PASSED] - return x: null

22-11-2024T06:35:38 - [TEST_STEP][PASSED] - tableB = Script1719551244403.NewDZO(x = tableB): null

22-11-2024T06:35:38 - [TEST_STEP][PASSED] - i3 = <not implemented yet for class: org.codehaus.groovy.ast.expr.EmptyExpression>: null

22-11-2024T06:35:38 - [TEST_STEP][PASSED] - i3 = x.indexOf("/") + 1: null

22-11-2024T06:35:38 - [TEST_STEP][PASSED] - x = x.substring(i3, x.length()): null

22-11-2024T06:35:38 - [TEST_STEP][PASSED] - return x: null

22-11-2024T06:35:38 - [TEST_STEP][PASSED] - tableB = Script1719551244403.NewDZO(x = tableB): null

22-11-2024T06:35:38 - [TEST_STEP][PASSED] - i3 = <not implemented yet for class: org.codehaus.groovy.ast.expr.EmptyExpression>: null

22-11-2024T06:35:38 - [TEST_STEP][PASSED] - i3 = x.indexOf("/") + 1: null

22-11-2024T06:35:38 - [TEST_STEP][PASSED] - x = x.substring(i3, x.length()): null

22-11-2024T06:35:38 - [TEST_STEP][PASSED] - return x: null

22-11-2024T06:35:38 - [TEST_STEP][PASSED] - tableB = Script1719551244403.NewDZO(x = tableB): null

22-11-2024T06:35:38 - [TEST_STEP][PASSED] - i3 = <not implemented yet for class: org.codehaus.groovy.ast.expr.EmptyExpression>: null

22-11-2024T06:35:38 - [TEST_STEP][PASSED] - i3 = x.indexOf("/") + 1: null

22-11-2024T06:35:38 - [TEST_STEP][PASSED] - x = x.substring(i3, x.length()): null

22-11-2024T06:35:38 - [TEST_STEP][PASSED] - return x: null

22-11-2024T06:35:38 - [TEST_STEP][PASSED] - tableB = Script1719551244403.NewDZO(x = tableB): null

22-11-2024T06:35:38 - [TEST_STEP][PASSED] - i3 = <not implemented yet for class: org.codehaus.groovy.ast.expr.EmptyExpression>: null

22-11-2024T06:35:38 - [TEST_STEP][PASSED] - i3 = x.indexOf("/") + 1: null

22-11-2024T06:35:38 - [TEST_STEP][PASSED] - x = x.substring(i3, x.length()): null

22-11-2024T06:35:38 - [TEST_STEP][PASSED] - return x: null

22-11-2024T06:35:38 - [TEST_STEP][PASSED] - tableB = Script1719551244403.NewDZO(x = tableB): null

22-11-2024T06:35:38 - [TEST_STEP][PASSED] - i3 = <not implemented yet for class: org.codehaus.groovy.ast.expr.EmptyExpression>: null

22-11-2024T06:35:38 - [TEST_STEP][PASSED] - i3 = x.indexOf("/") + 1: null

22-11-2024T06:35:38 - [TEST_STEP][PASSED] - x = x.substring(i3, x.length()): null

22-11-2024T06:35:38 - [TEST_STEP][PASSED] - return x: null

22-11-2024T06:35:38 - [TEST_STEP][PASSED] - tableB = Script1719551244403.NewDZO(x = tableB): null

22-11-2024T06:35:38 - [TEST_STEP][PASSED] - i3 = <not implemented yet for class: org.codehaus.groovy.ast.expr.EmptyExpression>: null

22-11-2024T06:35:38 - [TEST_STEP][PASSED] - i3 = x.indexOf("/") + 1: null

22-11-2024T06:35:38 - [TEST_STEP][PASSED] - x = x.substring(i3, x.length()): null

22-11-2024T06:35:38 - [TEST_STEP][PASSED] - return x: null

22-11-2024T06:35:38 - [TEST_STEP][PASSED] - tableB = Script1719551244403.NewDZO(x = tableB): null

22-11-2024T06:35:38 - [TEST_STEP][PASSED] - i3 = <not implemented yet for class: org.codehaus.groovy.ast.expr.EmptyExpression>: null

22-11-2024T06:35:38 - [TEST_STEP][PASSED] - i3 = x.indexOf("/") + 1: null

22-11-2024T06:35:38 - [TEST_STEP][PASSED] - x = x.substring(i3, x.length()): null

22-11-2024T06:35:38 - [TEST_STEP][PASSED] - return x: null

22-11-2024T06:35:38 - [TEST_STEP][PASSED] - i = tableB.indexOf("Тюмень"): null

22-11-2024T06:35:38 - [TEST_STEP][PASSED] - ToB = replaceAll("\p{P}", "").trim(): null

22-11-2024T06:35:38 - [TEST_STEP][PASSED] - println("ToB: " + ToB): null

22-11-2024T06:35:38 - [TEST_STEP][PASSED] - tableB = Script1719551244403.NewDZO(x = tableB): null

22-11-2024T06:35:38 - [TEST_STEP][PASSED] - i3 = <not implemented yet for class: org.codehaus.groovy.ast.expr.EmptyExpression>: null

22-11-2024T06:35:38 - [TEST_STEP][PASSED] - i3 = x.indexOf("/") + 1: null

22-11-2024T06:35:38 - [TEST_STEP][PASSED] - x = x.substring(i3, x.length()): null

22-11-2024T06:35:38 - [TEST_STEP][PASSED] - return x: null

22-11-2024T06:35:38 - [TEST_STEP][PASSED] - TyuB = replaceAll("\p{P}", "").trim(): null

22-11-2024T06:35:38 - [TEST_STEP][PASSED] - println("TyuB: " + TyuB): null

22-11-2024T06:35:38 - [TEST_STEP][PASSED] - tableB = Script1719551244403.NewDZO(x = tableB): null

22-11-2024T06:35:38 - [TEST_STEP][PASSED] - i3 = <not implemented yet for class: org.codehaus.groovy.ast.expr.EmptyExpression>: null

22-11-2024T06:35:38 - [TEST_STEP][PASSED] - i3 = x.indexOf("/") + 1: null

22-11-2024T06:35:38 - [TEST_STEP][PASSED] - x = x.substring(i3, x.length()): null

22-11-2024T06:35:38 - [TEST_STEP][PASSED] - return x: null

22-11-2024T06:35:38 - [TEST_STEP][PASSED] - i = tableB.indexOf("ЕЭС"): null

22-11-2024T06:35:38 - [TEST_STEP][PASSED] - UrB = replaceAll("\p{P}", "").trim(): null

22-11-2024T06:35:38 - [TEST_STEP][PASSED] - println("UrB: " + UrB): null

22-11-2024T06:35:38 - [TEST_STEP][PASSED] - for ([i = 1, i < 4, (i++)]): null

22-11-2024T06:35:38 - [TEST_STEP][PASSED] - tableB = Script1719551244403.NewDZO(x = tableB): null

22-11-2024T06:35:38 - [TEST_STEP][PASSED] - i3 = <not implemented yet for class: org.codehaus.groovy.ast.expr.EmptyExpression>: null

22-11-2024T06:35:38 - [TEST_STEP][PASSED] - i3 = x.indexOf("/") + 1: null

22-11-2024T06:35:38 - [TEST_STEP][PASSED] - x = x.substring(i3, x.length()): null

22-11-2024T06:35:38 - [TEST_STEP][PASSED] - return x: null

22-11-2024T06:35:38 - [TEST_STEP][PASSED] - tableB = Script1719551244403.NewDZO(x = tableB): null

22-11-2024T06:35:38 - [TEST_STEP][PASSED] - i3 = <not implemented yet for class: org.codehaus.groovy.ast.expr.EmptyExpression>: null

22-11-2024T06:35:38 - [TEST_STEP][PASSED] - i3 = x.indexOf("/") + 1: null

22-11-2024T06:35:38 - [TEST_STEP][PASSED] - x = x.substring(i3, x.length()): null

22-11-2024T06:35:38 - [TEST_STEP][PASSED] - return x: null

22-11-2024T06:35:38 - [TEST_STEP][PASSED] - tableB = Script1719551244403.NewDZO(x = tableB): null

22-11-2024T06:35:38 - [TEST_STEP][PASSED] - i3 = <not implemented yet for class: org.codehaus.groovy.ast.expr.EmptyExpression>: null

22-11-2024T06:35:38 - [TEST_STEP][PASSED] - i3 = x.indexOf("/") + 1: null

22-11-2024T06:35:38 - [TEST_STEP][PASSED] - x = x.substring(i3, x.length()): null

22-11-2024T06:35:38 - [TEST_STEP][PASSED] - return x: null

22-11-2024T06:35:38 - [TEST_STEP][PASSED] - i = tableB.indexOf("Центр"): null

22-11-2024T06:35:38 - [TEST_STEP][PASSED] - FSKB = replaceAll("\p{P}", "").trim(): null

22-11-2024T06:35:38 - [TEST_STEP][PASSED] - println("FSKB: " + FSKB): null

22-11-2024T06:35:38 - [TEST_STEP][PASSED] - tableB = Script1719551244403.NewDZO(x = tableB): null

22-11-2024T06:35:38 - [TEST_STEP][PASSED] - i3 = <not implemented yet for class: org.codehaus.groovy.ast.expr.EmptyExpression>: null

22-11-2024T06:35:38 - [TEST_STEP][PASSED] - i3 = x.indexOf("/") + 1: null

22-11-2024T06:35:38 - [TEST_STEP][PASSED] - x = x.substring(i3, x.length()): null

22-11-2024T06:35:38 - [TEST_STEP][PASSED] - return x: null

22-11-2024T06:35:38 - [TEST_STEP][PASSED] - i = tableB.indexOf("Приволжье"): null

22-11-2024T06:35:38 - [TEST_STEP][PASSED] - CenB = replaceAll("\p{P}", "").trim(): null

22-11-2024T06:35:38 - [TEST_STEP][PASSED] - println("CenB: " + CenB): null

22-11-2024T06:35:38 - [TEST_STEP][PASSED] - for ([i = 1, i < 12, (i++)]): null

22-11-2024T06:35:38 - [TEST_STEP][PASSED] - tableB = Script1719551244403.NewDZO(x = tableB): null

22-11-2024T06:35:38 - [TEST_STEP][PASSED] - i3 = <not implemented yet for class: org.codehaus.groovy.ast.expr.EmptyExpression>: null

22-11-2024T06:35:38 - [TEST_STEP][PASSED] - i3 = x.indexOf("/") + 1: null

22-11-2024T06:35:38 - [TEST_STEP][PASSED] - x = x.substring(i3, x.length()): null

22-11-2024T06:35:38 - [TEST_STEP][PASSED] - return x: null

22-11-2024T06:35:38 - [TEST_STEP][PASSED] - tableB = Script1719551244403.NewDZO(x = tableB): null

22-11-2024T06:35:38 - [TEST_STEP][PASSED] - i3 = <not implemented yet for class: org.codehaus.groovy.ast.expr.EmptyExpression>: null

22-11-2024T06:35:38 - [TEST_STEP][PASSED] - i3 = x.indexOf("/") + 1: null

22-11-2024T06:35:38 - [TEST_STEP][PASSED] - x = x.substring(i3, x.length()): null

22-11-2024T06:35:38 - [TEST_STEP][PASSED] - return x: null

22-11-2024T06:35:38 - [TEST_STEP][PASSED] - tableB = Script1719551244403.NewDZO(x = tableB): null

22-11-2024T06:35:38 - [TEST_STEP][PASSED] - i3 = <not implemented yet for class: org.codehaus.groovy.ast.expr.EmptyExpression>: null

22-11-2024T06:35:38 - [TEST_STEP][PASSED] - i3 = x.indexOf("/") + 1: null

22-11-2024T06:35:38 - [TEST_STEP][PASSED] - x = x.substring(i3, x.length()): null

22-11-2024T06:35:38 - [TEST_STEP][PASSED] - return x: null

22-11-2024T06:35:38 - [TEST_STEP][PASSED] - tableB = Script1719551244403.NewDZO(x = tableB): null

22-11-2024T06:35:38 - [TEST_STEP][PASSED] - i3 = <not implemented yet for class: org.codehaus.groovy.ast.expr.EmptyExpression>: null

22-11-2024T06:35:38 - [TEST_STEP][PASSED] - i3 = x.indexOf("/") + 1: null

22-11-2024T06:35:38 - [TEST_STEP][PASSED] - x = x.substring(i3, x.length()): null

22-11-2024T06:35:38 - [TEST_STEP][PASSED] - return x: null

22-11-2024T06:35:38 - [TEST_STEP][PASSED] - tableB = Script1719551244403.NewDZO(x = tableB): null

22-11-2024T06:35:38 - [TEST_STEP][PASSED] - i3 = <not implemented yet for class: org.codehaus.groovy.ast.expr.EmptyExpression>: null

22-11-2024T06:35:38 - [TEST_STEP][PASSED] - i3 = x.indexOf("/") + 1: null

22-11-2024T06:35:38 - [TEST_STEP][PASSED] - x = x.substring(i3, x.length()): null

22-11-2024T06:35:38 - [TEST_STEP][PASSED] - return x: null

22-11-2024T06:35:38 - [TEST_STEP][PASSED] - tableB = Script1719551244403.NewDZO(x = tableB): null

22-11-2024T06:35:38 - [TEST_STEP][PASSED] - i3 = <not implemented yet for class: org.codehaus.groovy.ast.expr.EmptyExpression>: null

22-11-2024T06:35:38 - [TEST_STEP][PASSED] - i3 = x.indexOf("/") + 1: null

22-11-2024T06:35:38 - [TEST_STEP][PASSED] - x = x.substring(i3, x.length()): null

22-11-2024T06:35:38 - [TEST_STEP][PASSED] - return x: null

22-11-2024T06:35:38 - [TEST_STEP][PASSED] - tableB = Script1719551244403.NewDZO(x = tableB): null

22-11-2024T06:35:38 - [TEST_STEP][PASSED] - i3 = <not implemented yet for class: org.codehaus.groovy.ast.expr.EmptyExpression>: null

22-11-2024T06:35:38 - [TEST_STEP][PASSED] - i3 = x.indexOf("/") + 1: null

22-11-2024T06:35:38 - [TEST_STEP][PASSED] - x = x.substring(i3, x.length()): null

22-11-2024T06:35:38 - [TEST_STEP][PASSED] - return x: null

22-11-2024T06:35:38 - [TEST_STEP][PASSED] - tableB = Script1719551244403.NewDZO(x = tableB): null

22-11-2024T06:35:38 - [TEST_STEP][PASSED] - i3 = <not implemented yet for class: org.codehaus.groovy.ast.expr.EmptyExpression>: null

22-11-2024T06:35:38 - [TEST_STEP][PASSED] - i3 = x.indexOf("/") + 1: null

22-11-2024T06:35:38 - [TEST_STEP][PASSED] - x = x.substring(i3, x.length()): null

22-11-2024T06:35:38 - [TEST_STEP][PASSED] - return x: null

22-11-2024T06:35:38 - [TEST_STEP][PASSED] - tableB = Script1719551244403.NewDZO(x = tableB): null

22-11-2024T06:35:38 - [TEST_STEP][PASSED] - i3 = <not implemented yet for class: org.codehaus.groovy.ast.expr.EmptyExpression>: null

22-11-2024T06:35:38 - [TEST_STEP][PASSED] - i3 = x.indexOf("/") + 1: null

22-11-2024T06:35:38 - [TEST_STEP][PASSED] - x = x.substring(i3, x.length()): null

22-11-2024T06:35:38 - [TEST_STEP][PASSED] - return x: null

22-11-2024T06:35:38 - [TEST_STEP][PASSED] - tableB = Script1719551244403.NewDZO(x = tableB): null

22-11-2024T06:35:38 - [TEST_STEP][PASSED] - i3 = <not implemented yet for class: org.codehaus.groovy.ast.expr.EmptyExpression>: null

22-11-2024T06:35:38 - [TEST_STEP][PASSED] - i3 = x.indexOf("/") + 1: null

22-11-2024T06:35:38 - [TEST_STEP][PASSED] - x = x.substring(i3, x.length()): null

22-11-2024T06:35:38 - [TEST_STEP][PASSED] - return x: null

22-11-2024T06:35:38 - [TEST_STEP][PASSED] - tableB = Script1719551244403.NewDZO(x = tableB): null

22-11-2024T06:35:38 - [TEST_STEP][PASSED] - i3 = <not implemented yet for class: org.codehaus.groovy.ast.expr.EmptyExpression>: null

22-11-2024T06:35:38 - [TEST_STEP][PASSED] - i3 = x.indexOf("/") + 1: null

22-11-2024T06:35:38 - [TEST_STEP][PASSED] - x = x.substring(i3, x.length()): null

22-11-2024T06:35:38 - [TEST_STEP][PASSED] - return x: null

22-11-2024T06:35:38 - [TEST_STEP][PASSED] - i = tableB.indexOf("Юг"): null

22-11-2024T06:35:38 - [TEST_STEP][PASSED] - CiPB = replaceAll("\p{P}", "").trim(): null

22-11-2024T06:35:38 - [TEST_STEP][PASSED] - println("CiPB: " + CiPB): null

22-11-2024T06:35:38 - [TEST_STEP][PASSED] - for ([i = 1, i < 10, (i++)]): null

22-11-2024T06:35:38 - [TEST_STEP][PASSED] - tableB = Script1719551244403.NewDZO(x = tableB): null

22-11-2024T06:35:38 - [TEST_STEP][PASSED] - i3 = <not implemented yet for class: org.codehaus.groovy.ast.expr.EmptyExpression>: null

22-11-2024T06:35:38 - [TEST_STEP][PASSED] - i3 = x.indexOf("/") + 1: null

22-11-2024T06:35:38 - [TEST_STEP][PASSED] - x = x.substring(i3, x.length()): null

22-11-2024T06:35:38 - [TEST_STEP][PASSED] - return x: null

22-11-2024T06:35:38 - [TEST_STEP][PASSED] - tableB = Script1719551244403.NewDZO(x = tableB): null

22-11-2024T06:35:38 - [TEST_STEP][PASSED] - i3 = <not implemented yet for class: org.codehaus.groovy.ast.expr.EmptyExpression>: null

22-11-2024T06:35:38 - [TEST_STEP][PASSED] - i3 = x.indexOf("/") + 1: null

22-11-2024T06:35:38 - [TEST_STEP][PASSED] - x = x.substring(i3, x.length()): null

22-11-2024T06:35:38 - [TEST_STEP][PASSED] - return x: null

22-11-2024T06:35:38 - [TEST_STEP][PASSED] - tableB = Script1719551244403.NewDZO(x = tableB): null

22-11-2024T06:35:38 - [TEST_STEP][PASSED] - i3 = <not implemented yet for class: org.codehaus.groovy.ast.expr.EmptyExpression>: null

22-11-2024T06:35:38 - [TEST_STEP][PASSED] - i3 = x.indexOf("/") + 1: null

22-11-2024T06:35:38 - [TEST_STEP][PASSED] - x = x.substring(i3, x.length()): null

22-11-2024T06:35:38 - [TEST_STEP][PASSED] - return x: null

22-11-2024T06:35:38 - [TEST_STEP][PASSED] - tableB = Script1719551244403.NewDZO(x = tableB): null

22-11-2024T06:35:38 - [TEST_STEP][PASSED] - i3 = <not implemented yet for class: org.codehaus.groovy.ast.expr.EmptyExpression>: null

22-11-2024T06:35:38 - [TEST_STEP][PASSED] - i3 = x.indexOf("/") + 1: null

22-11-2024T06:35:38 - [TEST_STEP][PASSED] - x = x.substring(i3, x.length()): null

22-11-2024T06:35:38 - [TEST_STEP][PASSED] - return x: null

22-11-2024T06:35:38 - [TEST_STEP][PASSED] - tableB = Script1719551244403.NewDZO(x = tableB): null

22-11-2024T06:35:38 - [TEST_STEP][PASSED] - i3 = <not implemented yet for class: org.codehaus.groovy.ast.expr.EmptyExpression>: null

22-11-2024T06:35:38 - [TEST_STEP][PASSED] - i3 = x.indexOf("/") + 1: null

22-11-2024T06:35:38 - [TEST_STEP][PASSED] - x = x.substring(i3, x.length()): null

22-11-2024T06:35:38 - [TEST_STEP][PASSED] - return x: null

22-11-2024T06:35:38 - [TEST_STEP][PASSED] - tableB = Script1719551244403.NewDZO(x = tableB): null

22-11-2024T06:35:38 - [TEST_STEP][PASSED] - i3 = <not implemented yet for class: org.codehaus.groovy.ast.expr.EmptyExpression>: null

22-11-2024T06:35:38 - [TEST_STEP][PASSED] - i3 = x.indexOf("/") + 1: null

22-11-2024T06:35:38 - [TEST_STEP][PASSED] - x = x.substring(i3, x.length()): null

22-11-2024T06:35:38 - [TEST_STEP][PASSED] - return x: null

22-11-2024T06:35:38 - [TEST_STEP][PASSED] - tableB = Script1719551244403.NewDZO(x = tableB): null

22-11-2024T06:35:38 - [TEST_STEP][PASSED] - i3 = <not implemented yet for class: org.codehaus.groovy.ast.expr.EmptyExpression>: null

22-11-2024T06:35:38 - [TEST_STEP][PASSED] - i3 = x.indexOf("/") + 1: null

22-11-2024T06:35:38 - [TEST_STEP][PASSED] - x = x.substring(i3, x.length()): null

22-11-2024T06:35:38 - [TEST_STEP][PASSED] - return x: null

22-11-2024T06:35:38 - [TEST_STEP][PASSED] - tableB = Script1719551244403.NewDZO(x = tableB): null

22-11-2024T06:35:38 - [TEST_STEP][PASSED] - i3 = <not implemented yet for class: org.codehaus.groovy.ast.expr.EmptyExpression>: null

22-11-2024T06:35:38 - [TEST_STEP][PASSED] - i3 = x.indexOf("/") + 1: null

22-11-2024T06:35:38 - [TEST_STEP][PASSED] - x = x.substring(i3, x.length()): null

22-11-2024T06:35:38 - [TEST_STEP][PASSED] - return x: null

22-11-2024T06:35:38 - [TEST_STEP][PASSED] - tableB = Script1719551244403.NewDZO(x = tableB): null

22-11-2024T06:35:38 - [TEST_STEP][PASSED] - i3 = <not implemented yet for class: org.codehaus.groovy.ast.expr.EmptyExpression>: null

22-11-2024T06:35:38 - [TEST_STEP][PASSED] - i3 = x.indexOf("/") + 1: null

22-11-2024T06:35:38 - [TEST_STEP][PASSED] - x = x.substring(i3, x.length()): null

22-11-2024T06:35:38 - [TEST_STEP][PASSED] - return x: null

22-11-2024T06:35:38 - [TEST_STEP][PASSED] - i = tableB.indexOf("Янтарь"): null

22-11-2024T06:35:38 - [TEST_STEP][PASSED] - UgB = replaceAll("\p{P}", "").trim(): null

22-11-2024T06:35:38 - [TEST_STEP][PASSED] - println("UgB: " + UgB): null

22-11-2024T06:35:38 - [TEST_STEP][PASSED] - i = tableB.lastIndexOf("/"): null

22-11-2024T06:35:38 - [TEST_STEP][PASSED] - YaB = replaceAll("\p{P}", "").trim(): null

22-11-2024T06:35:38 - [TEST_STEP][PASSED] - println("YaB: " + YaB): null

22-11-2024T06:35:38 - [TEST_STEP][PASSED] - vidget = "Отклонения выручки по факторам": null

22-11-2024T06:35:38 - [TEST_STEP][PASSED] - if (run == 2): null

22-11-2024T06:35:38 - [TEST_STEP][PASSED] - DZO = "АО «Тываэнерго»": null

22-11-2024T06:35:38 - [TEST_STEP][PASSED] - Script1719551244403.CompareDZO(x = TyA, y = TyB, run, typeOfData, otobrajeniyeDannyh, todaysDate, vidget, DZO): null

22-11-2024T06:35:38 - [TEST_STEP][PASSED] - x1 = x: null

22-11-2024T06:35:38 - [TEST_STEP][PASSED] - y1 = y: null

22-11-2024T06:35:38 - [TEST_STEP][PASSED] - i1 = <not implemented yet for class: org.codehaus.groovy.ast.expr.EmptyExpression>: null

22-11-2024T06:35:38 - [TEST_STEP][PASSED] - if (verifyEqual(x, y) == true): null

22-11-2024T06:35:38 - [MESSAGE][PASSED] - Actual object '276 37' and expected object '276 37' are equal

22-11-2024T06:35:38 - [TEST_STEP][PASSED] - DZO = "АО «Чеченэнерго»": null

22-11-2024T06:35:38 - [TEST_STEP][PASSED] - Script1719551244403.CompareDZO(x = ChA, y = ChB, run, typeOfData, otobrajeniyeDannyh, todaysDate, vidget, DZO): null

22-11-2024T06:35:38 - [TEST_STEP][PASSED] - x1 = x: null

22-11-2024T06:35:38 - [TEST_STEP][PASSED] - y1 = y: null

22-11-2024T06:35:38 - [TEST_STEP][PASSED] - i1 = <not implemented yet for class: org.codehaus.groovy.ast.expr.EmptyExpression>: null

22-11-2024T06:35:38 - [TEST_STEP][FAILED] - if (verifyEqual(x, y) == true): Unable to verify equal between actual object '3 339 14' and expected object '54 14' (Root cause: com.kms.katalon.core.exception.StepFailedException: Actual object '3 339 14' and expected object '54 14' are not equal
	at com.kms.katalon.core.keyword.builtin.VerifyEqualKeyword$_verifyEqual_closure1.doCall(VerifyEqualKeyword.groovy:58)
	at com.kms.katalon.core.keyword.builtin.VerifyEqualKeyword$_verifyEqual_closure1.call(VerifyEqualKeyword.groovy)
	at com.kms.katalon.core.keyword.internal.KeywordMain.runKeyword(KeywordMain.groovy:75)
	at com.kms.katalon.core.keyword.builtin.VerifyEqualKeyword.verifyEqual(VerifyEqualKeyword.groovy:63)
	at com.kms.katalon.core.keyword.builtin.VerifyEqualKeyword.execute(VerifyEqualKeyword.groovy:44)
	at com.kms.katalon.core.keyword.internal.KeywordExecutor.executeKeywordForPlatform(KeywordExecutor.groovy:74)
	at com.kms.katalon.core.keyword.BuiltinKeywords.verifyEqual(BuiltinKeywords.groovy:146)
	at jdk.internal.reflect.GeneratedMethodAccessor25.invoke(Unknown Source)
	at java.base/jdk.internal.reflect.DelegatingMethodAccessorImpl.invoke(DelegatingMethodAccessorImpl.java:43)
	at Факторный анализ сверка дашбордов.CompareDZO(Факторный анализ сверка дашбордов:679)
	at Факторный анализ сверка дашбордов.Test(Факторный анализ сверка дашбордов:593)
	at Факторный анализ сверка дашбордов.run(Факторный анализ сверка дашбордов:44)
	at com.kms.katalon.core.main.ScriptEngine.run(ScriptEngine.java:194)
	at com.kms.katalon.core.main.ScriptEngine.runScriptAsRawText(ScriptEngine.java:119)
	at com.kms.katalon.core.main.TestCaseExecutor.runScript(TestCaseExecutor.java:448)
	at com.kms.katalon.core.main.TestCaseExecutor.doExecute(TestCaseExecutor.java:439)
	at com.kms.katalon.core.main.TestCaseExecutor.processExecutionPhase(TestCaseExecutor.java:418)
	at com.kms.katalon.core.main.TestCaseExecutor.accessMainPhase(TestCaseExecutor.java:410)
	at com.kms.katalon.core.main.TestCaseExecutor.execute(TestCaseExecutor.java:285)
	at com.kms.katalon.core.common.CommonExecutor.accessTestCaseMainPhase(CommonExecutor.java:65)
	at com.kms.katalon.core.main.TestSuiteExecutor.accessTestSuiteMainPhase(TestSuiteExecutor.java:150)
	at com.kms.katalon.core.main.TestSuiteExecutor.execute(TestSuiteExecutor.java:106)
	at com.kms.katalon.core.main.TestCaseMain.startTestSuite(TestCaseMain.java:180)
	at TempTestSuite1732232929817.run(TempTestSuite1732232929817.groovy:35)
	at java.base/jdk.internal.reflect.NativeMethodAccessorImpl.invoke0(Native Method)
	at java.base/jdk.internal.reflect.NativeMethodAccessorImpl.invoke(NativeMethodAccessorImpl.java:77)
	at java.base/jdk.internal.reflect.DelegatingMethodAccessorImpl.invoke(DelegatingMethodAccessorImpl.java:43)
)

22-11-2024T06:35:38 - [MESSAGE][FAILED] - Unable to verify equal between actual object '3 339 14' and expected object '54 14' (Root cause: com.kms.katalon.core.exception.StepFailedException: Actual object '3 339 14' and expected object '54 14' are not equal
	at com.kms.katalon.core.keyword.builtin.VerifyEqualKeyword$_verifyEqual_closure1.doCall(VerifyEqualKeyword.groovy:58)
	at com.kms.katalon.core.keyword.builtin.VerifyEqualKeyword$_verifyEqual_closure1.call(VerifyEqualKeyword.groovy)
	at com.kms.katalon.core.keyword.internal.KeywordMain.runKeyword(KeywordMain.groovy:75)
	at com.kms.katalon.core.keyword.builtin.VerifyEqualKeyword.verifyEqual(VerifyEqualKeyword.groovy:63)
	at com.kms.katalon.core.keyword.builtin.VerifyEqualKeyword.execute(VerifyEqualKeyword.groovy:44)
	at com.kms.katalon.core.keyword.internal.KeywordExecutor.executeKeywordForPlatform(KeywordExecutor.groovy:74)
	at com.kms.katalon.core.keyword.BuiltinKeywords.verifyEqual(BuiltinKeywords.groovy:146)
	at jdk.internal.reflect.GeneratedMethodAccessor25.invoke(Unknown Source)
	at java.base/jdk.internal.reflect.DelegatingMethodAccessorImpl.invoke(DelegatingMethodAccessorImpl.java:43)
	at Факторный анализ сверка дашбордов.CompareDZO(Факторный анализ сверка дашбордов:679)
	at Факторный анализ сверка дашбордов.Test(Факторный анализ сверка дашбордов:593)
	at Факторный анализ сверка дашбордов.run(Факторный анализ сверка дашбордов:44)
	at com.kms.katalon.core.main.ScriptEngine.run(ScriptEngine.java:194)
	at com.kms.katalon.core.main.ScriptEngine.runScriptAsRawText(ScriptEngine.java:119)
	at com.kms.katalon.core.main.TestCaseExecutor.runScript(TestCaseExecutor.java:448)
	at com.kms.katalon.core.main.TestCaseExecutor.doExecute(TestCaseExecutor.java:439)
	at com.kms.katalon.core.main.TestCaseExecutor.processExecutionPhase(TestCaseExecutor.java:418)
	at com.kms.katalon.core.main.TestCaseExecutor.accessMainPhase(TestCaseExecutor.java:410)
	at com.kms.katalon.core.main.TestCaseExecutor.execute(TestCaseExecutor.java:285)
	at com.kms.katalon.core.common.CommonExecutor.accessTestCaseMainPhase(CommonExecutor.java:65)
	at com.kms.katalon.core.main.TestSuiteExecutor.accessTestSuiteMainPhase(TestSuiteExecutor.java:150)
	at com.kms.katalon.core.main.TestSuiteExecutor.execute(TestSuiteExecutor.java:106)
	at com.kms.katalon.core.main.TestCaseMain.startTestSuite(TestCaseMain.java:180)
	at TempTestSuite1732232929817.run(TempTestSuite1732232929817.groovy:35)
	at java.base/jdk.internal.reflect.NativeMethodAccessorImpl.invoke0(Native Method)
	at java.base/jdk.internal.reflect.NativeMethodAccessorImpl.invoke(NativeMethodAccessorImpl.java:77)
	at java.base/jdk.internal.reflect.DelegatingMethodAccessorImpl.invoke(DelegatingMethodAccessorImpl.java:43)
)

22-11-2024T06:35:38 - [TEST_STEP][PASSED] - else: null

22-11-2024T06:35:38 - [TEST_STEP][PASSED] - otobrajeniyeDannyh = "Все": null

22-11-2024T06:35:38 - [TEST_STEP][PASSED] - vidget = "Всего отклонения по факторам": null

22-11-2024T06:35:38 - [TEST_STEP][PASSED] - Script1719551244403.WriteToExcel(todaysDate, typeOfData, otobrajeniyeDannyh, x, y, vidget, DZO): null

22-11-2024T06:35:38 - [TEST_STEP][PASSED] - sheetName = "Sheet1": null

22-11-2024T06:35:38 - [TEST_STEP][PASSED] - data = findTestData("PlanFact"): null

22-11-2024T06:35:39 - [TEST_STEP][PASSED] - n = data.getRowNumbers() + 1: null

22-11-2024T06:35:39 - [TEST_STEP][PASSED] - period = getText(findTestObject("Факторный анализ/Фильтр Период")): Text of object 'Object Repository/Факторный анализ/Фильтр Период' is: '1, 2, 3 кв. 2024 года'

22-11-2024T06:35:39 - [MESSAGE][PASSED] - Text of object 'Object Repository/Факторный анализ/Фильтр Период' is: '1, 2, 3 кв. 2024 года'

22-11-2024T06:35:39 - [TEST_STEP][PASSED] - println(period): null

22-11-2024T06:35:39 - [TEST_STEP][PASSED] - dashboardName = "Факторный анализ": null

22-11-2024T06:35:39 - [TEST_STEP][PASSED] - workbook01 = getWorkbook(excelFilePath): null

22-11-2024T06:35:39 - [TEST_STEP][PASSED] - sheet01 = getExcelSheet(workbook01, sheetName): null

22-11-2024T06:35:39 - [TEST_STEP][PASSED] - setValueToCellByIndex(sheet01, n, 0, dashboardName): null

22-11-2024T06:35:39 - [TEST_STEP][PASSED] - setValueToCellByIndex(sheet01, n, 1, DZO): null

22-11-2024T06:35:39 - [TEST_STEP][PASSED] - setValueToCellByIndex(sheet01, n, 2, vidget): null

22-11-2024T06:35:39 - [TEST_STEP][PASSED] - setValueToCellByIndex(sheet01, n, 3, typeOfData): null

22-11-2024T06:35:39 - [TEST_STEP][PASSED] - setValueToCellByIndex(sheet01, n, 4, otobrajeniyeDannyh): null

22-11-2024T06:35:39 - [TEST_STEP][PASSED] - setValueToCellByIndex(sheet01, n, 5, period): null

22-11-2024T06:35:39 - [TEST_STEP][PASSED] - setValueToCellByIndex(sheet01, n, 6, todaysDate): null

22-11-2024T06:35:39 - [TEST_STEP][PASSED] - n = n + 1: null

22-11-2024T06:35:39 - [TEST_STEP][PASSED] - saveWorkbook(excelFilePath, workbook01): null

22-11-2024T06:35:39 - [TEST_STEP][PASSED] - DZO = "Россети Волга": null

22-11-2024T06:35:39 - [TEST_STEP][PASSED] - Script1719551244403.CompareDZO(x = VA, y = VB, run, typeOfData, otobrajeniyeDannyh, todaysDate, vidget, DZO): null

22-11-2024T06:35:39 - [TEST_STEP][PASSED] - x1 = x: null

22-11-2024T06:35:39 - [TEST_STEP][PASSED] - y1 = y: null

22-11-2024T06:35:39 - [TEST_STEP][PASSED] - i1 = <not implemented yet for class: org.codehaus.groovy.ast.expr.EmptyExpression>: null

22-11-2024T06:35:39 - [TEST_STEP][FAILED] - if (verifyEqual(x, y) == true): Unable to verify equal between actual object '2 825 86 11 247  162 6 748 72  13 058 1 024  13 303  443  4 845  201 4 186 126' and expected object '169 86 532  162 259 72  395 1 024  428  443  231  201  126 126' (Root cause: com.kms.katalon.core.exception.StepFailedException: Actual object '2 825 86 11 247  162 6 748 72  13 058 1 024  13 303  443  4 845  201 4 186 126' and expected object '169 86 532  162 259 72  395 1 024  428  443  231  201  126 126' are not equal
	at com.kms.katalon.core.keyword.builtin.VerifyEqualKeyword$_verifyEqual_closure1.doCall(VerifyEqualKeyword.groovy:58)
	at com.kms.katalon.core.keyword.builtin.VerifyEqualKeyword$_verifyEqual_closure1.call(VerifyEqualKeyword.groovy)
	at com.kms.katalon.core.keyword.internal.KeywordMain.runKeyword(KeywordMain.groovy:75)
	at com.kms.katalon.core.keyword.builtin.VerifyEqualKeyword.verifyEqual(VerifyEqualKeyword.groovy:63)
	at com.kms.katalon.core.keyword.builtin.VerifyEqualKeyword.execute(VerifyEqualKeyword.groovy:44)
	at com.kms.katalon.core.keyword.internal.KeywordExecutor.executeKeywordForPlatform(KeywordExecutor.groovy:74)
	at com.kms.katalon.core.keyword.BuiltinKeywords.verifyEqual(BuiltinKeywords.groovy:146)
	at jdk.internal.reflect.GeneratedMethodAccessor25.invoke(Unknown Source)
	at java.base/jdk.internal.reflect.DelegatingMethodAccessorImpl.invoke(DelegatingMethodAccessorImpl.java:43)
	at Факторный анализ сверка дашбордов.CompareDZO(Факторный анализ сверка дашбордов:679)
	at Факторный анализ сверка дашбордов.Test(Факторный анализ сверка дашбордов:597)
	at Факторный анализ сверка дашбордов.run(Факторный анализ сверка дашбордов:44)
	at com.kms.katalon.core.main.ScriptEngine.run(ScriptEngine.java:194)
	at com.kms.katalon.core.main.ScriptEngine.runScriptAsRawText(ScriptEngine.java:119)
	at com.kms.katalon.core.main.TestCaseExecutor.runScript(TestCaseExecutor.java:448)
	at com.kms.katalon.core.main.TestCaseExecutor.doExecute(TestCaseExecutor.java:439)
	at com.kms.katalon.core.main.TestCaseExecutor.processExecutionPhase(TestCaseExecutor.java:418)
	at com.kms.katalon.core.main.TestCaseExecutor.accessMainPhase(TestCaseExecutor.java:410)
	at com.kms.katalon.core.main.TestCaseExecutor.execute(TestCaseExecutor.java:285)
	at com.kms.katalon.core.common.CommonExecutor.accessTestCaseMainPhase(CommonExecutor.java:65)
	at com.kms.katalon.core.main.TestSuiteExecutor.accessTestSuiteMainPhase(TestSuiteExecutor.java:150)
	at com.kms.katalon.core.main.TestSuiteExecutor.execute(TestSuiteExecutor.java:106)
	at com.kms.katalon.core.main.TestCaseMain.startTestSuite(TestCaseMain.java:180)
	at TempTestSuite1732232929817.run(TempTestSuite1732232929817.groovy:35)
	at java.base/jdk.internal.reflect.NativeMethodAccessorImpl.invoke0(Native Method)
	at java.base/jdk.internal.reflect.NativeMethodAccessorImpl.invoke(NativeMethodAccessorImpl.java:77)
	at java.base/jdk.internal.reflect.DelegatingMethodAccessorImpl.invoke(DelegatingMethodAccessorImpl.java:43)
)

22-11-2024T06:35:39 - [MESSAGE][FAILED] - Unable to verify equal between actual object '2 825 86 11 247  162 6 748 72  13 058 1 024  13 303  443  4 845  201 4 186 126' and expected object '169 86 532  162 259 72  395 1 024  428  443  231  201  126 126' (Root cause: com.kms.katalon.core.exception.StepFailedException: Actual object '2 825 86 11 247  162 6 748 72  13 058 1 024  13 303  443  4 845  201 4 186 126' and expected object '169 86 532  162 259 72  395 1 024  428  443  231  201  126 126' are not equal
	at com.kms.katalon.core.keyword.builtin.VerifyEqualKeyword$_verifyEqual_closure1.doCall(VerifyEqualKeyword.groovy:58)
	at com.kms.katalon.core.keyword.builtin.VerifyEqualKeyword$_verifyEqual_closure1.call(VerifyEqualKeyword.groovy)
	at com.kms.katalon.core.keyword.internal.KeywordMain.runKeyword(KeywordMain.groovy:75)
	at com.kms.katalon.core.keyword.builtin.VerifyEqualKeyword.verifyEqual(VerifyEqualKeyword.groovy:63)
	at com.kms.katalon.core.keyword.builtin.VerifyEqualKeyword.execute(VerifyEqualKeyword.groovy:44)
	at com.kms.katalon.core.keyword.internal.KeywordExecutor.executeKeywordForPlatform(KeywordExecutor.groovy:74)
	at com.kms.katalon.core.keyword.BuiltinKeywords.verifyEqual(BuiltinKeywords.groovy:146)
	at jdk.internal.reflect.GeneratedMethodAccessor25.invoke(Unknown Source)
	at java.base/jdk.internal.reflect.DelegatingMethodAccessorImpl.invoke(DelegatingMethodAccessorImpl.java:43)
	at Факторный анализ сверка дашбордов.CompareDZO(Факторный анализ сверка дашбордов:679)
	at Факторный анализ сверка дашбордов.Test(Факторный анализ сверка дашбордов:597)
	at Факторный анализ сверка дашбордов.run(Факторный анализ сверка дашбордов:44)
	at com.kms.katalon.core.main.ScriptEngine.run(ScriptEngine.java:194)
	at com.kms.katalon.core.main.ScriptEngine.runScriptAsRawText(ScriptEngine.java:119)
	at com.kms.katalon.core.main.TestCaseExecutor.runScript(TestCaseExecutor.java:448)
	at com.kms.katalon.core.main.TestCaseExecutor.doExecute(TestCaseExecutor.java:439)
	at com.kms.katalon.core.main.TestCaseExecutor.processExecutionPhase(TestCaseExecutor.java:418)
	at com.kms.katalon.core.main.TestCaseExecutor.accessMainPhase(TestCaseExecutor.java:410)
	at com.kms.katalon.core.main.TestCaseExecutor.execute(TestCaseExecutor.java:285)
	at com.kms.katalon.core.common.CommonExecutor.accessTestCaseMainPhase(CommonExecutor.java:65)
	at com.kms.katalon.core.main.TestSuiteExecutor.accessTestSuiteMainPhase(TestSuiteExecutor.java:150)
	at com.kms.katalon.core.main.TestSuiteExecutor.execute(TestSuiteExecutor.java:106)
	at com.kms.katalon.core.main.TestCaseMain.startTestSuite(TestCaseMain.java:180)
	at TempTestSuite1732232929817.run(TempTestSuite1732232929817.groovy:35)
	at java.base/jdk.internal.reflect.NativeMethodAccessorImpl.invoke0(Native Method)
	at java.base/jdk.internal.reflect.NativeMethodAccessorImpl.invoke(NativeMethodAccessorImpl.java:77)
	at java.base/jdk.internal.reflect.DelegatingMethodAccessorImpl.invoke(DelegatingMethodAccessorImpl.java:43)
)

22-11-2024T06:35:39 - [TEST_STEP][PASSED] - else: null

22-11-2024T06:35:39 - [TEST_STEP][PASSED] - otobrajeniyeDannyh = "Все": null

22-11-2024T06:35:39 - [TEST_STEP][PASSED] - vidget = "Всего отклонения по факторам": null

22-11-2024T06:35:39 - [TEST_STEP][PASSED] - Script1719551244403.WriteToExcel(todaysDate, typeOfData, otobrajeniyeDannyh, x, y, vidget, DZO): null

22-11-2024T06:35:39 - [TEST_STEP][PASSED] - sheetName = "Sheet1": null

22-11-2024T06:35:39 - [TEST_STEP][PASSED] - data = findTestData("PlanFact"): null

22-11-2024T06:35:39 - [TEST_STEP][PASSED] - n = data.getRowNumbers() + 1: null

22-11-2024T06:35:39 - [TEST_STEP][PASSED] - period = getText(findTestObject("Факторный анализ/Фильтр Период")): Text of object 'Object Repository/Факторный анализ/Фильтр Период' is: '1, 2, 3 кв. 2024 года'

22-11-2024T06:35:39 - [MESSAGE][PASSED] - Text of object 'Object Repository/Факторный анализ/Фильтр Период' is: '1, 2, 3 кв. 2024 года'

22-11-2024T06:35:39 - [TEST_STEP][PASSED] - println(period): null

22-11-2024T06:35:39 - [TEST_STEP][PASSED] - dashboardName = "Факторный анализ": null

22-11-2024T06:35:39 - [TEST_STEP][PASSED] - workbook01 = getWorkbook(excelFilePath): null

22-11-2024T06:35:39 - [TEST_STEP][PASSED] - sheet01 = getExcelSheet(workbook01, sheetName): null

22-11-2024T06:35:39 - [TEST_STEP][PASSED] - setValueToCellByIndex(sheet01, n, 0, dashboardName): null

22-11-2024T06:35:39 - [TEST_STEP][PASSED] - setValueToCellByIndex(sheet01, n, 1, DZO): null

22-11-2024T06:35:39 - [TEST_STEP][PASSED] - setValueToCellByIndex(sheet01, n, 2, vidget): null

22-11-2024T06:35:39 - [TEST_STEP][PASSED] - setValueToCellByIndex(sheet01, n, 3, typeOfData): null

22-11-2024T06:35:39 - [TEST_STEP][PASSED] - setValueToCellByIndex(sheet01, n, 4, otobrajeniyeDannyh): null

22-11-2024T06:35:39 - [TEST_STEP][PASSED] - setValueToCellByIndex(sheet01, n, 5, period): null

22-11-2024T06:35:39 - [TEST_STEP][PASSED] - setValueToCellByIndex(sheet01, n, 6, todaysDate): null

22-11-2024T06:35:39 - [TEST_STEP][PASSED] - n = n + 1: null

22-11-2024T06:35:39 - [TEST_STEP][PASSED] - saveWorkbook(excelFilePath, workbook01): null

22-11-2024T06:35:40 - [TEST_STEP][PASSED] - DZO = "Россети Кубань": null

22-11-2024T06:35:40 - [TEST_STEP][PASSED] - Script1719551244403.CompareDZO(x = KuA, y = KuB, run, typeOfData, otobrajeniyeDannyh, todaysDate, vidget, DZO): null

22-11-2024T06:35:40 - [TEST_STEP][PASSED] - x1 = x: null

22-11-2024T06:35:40 - [TEST_STEP][PASSED] - y1 = y: null

22-11-2024T06:35:40 - [TEST_STEP][PASSED] - i1 = <not implemented yet for class: org.codehaus.groovy.ast.expr.EmptyExpression>: null

22-11-2024T06:35:40 - [TEST_STEP][FAILED] - if (verifyEqual(x, y) == true): Unable to verify equal between actual object '53 529 241' and expected object '3 229 241' (Root cause: com.kms.katalon.core.exception.StepFailedException: Actual object '53 529 241' and expected object '3 229 241' are not equal
	at com.kms.katalon.core.keyword.builtin.VerifyEqualKeyword$_verifyEqual_closure1.doCall(VerifyEqualKeyword.groovy:58)
	at com.kms.katalon.core.keyword.builtin.VerifyEqualKeyword$_verifyEqual_closure1.call(VerifyEqualKeyword.groovy)
	at com.kms.katalon.core.keyword.internal.KeywordMain.runKeyword(KeywordMain.groovy:75)
	at com.kms.katalon.core.keyword.builtin.VerifyEqualKeyword.verifyEqual(VerifyEqualKeyword.groovy:63)
	at com.kms.katalon.core.keyword.builtin.VerifyEqualKeyword.execute(VerifyEqualKeyword.groovy:44)
	at com.kms.katalon.core.keyword.internal.KeywordExecutor.executeKeywordForPlatform(KeywordExecutor.groovy:74)
	at com.kms.katalon.core.keyword.BuiltinKeywords.verifyEqual(BuiltinKeywords.groovy:146)
	at jdk.internal.reflect.GeneratedMethodAccessor25.invoke(Unknown Source)
	at java.base/jdk.internal.reflect.DelegatingMethodAccessorImpl.invoke(DelegatingMethodAccessorImpl.java:43)
	at Факторный анализ сверка дашбордов.CompareDZO(Факторный анализ сверка дашбордов:679)
	at Факторный анализ сверка дашбордов.Test(Факторный анализ сверка дашбордов:601)
	at Факторный анализ сверка дашбордов.run(Факторный анализ сверка дашбордов:44)
	at com.kms.katalon.core.main.ScriptEngine.run(ScriptEngine.java:194)
	at com.kms.katalon.core.main.ScriptEngine.runScriptAsRawText(ScriptEngine.java:119)
	at com.kms.katalon.core.main.TestCaseExecutor.runScript(TestCaseExecutor.java:448)
	at com.kms.katalon.core.main.TestCaseExecutor.doExecute(TestCaseExecutor.java:439)
	at com.kms.katalon.core.main.TestCaseExecutor.processExecutionPhase(TestCaseExecutor.java:418)
	at com.kms.katalon.core.main.TestCaseExecutor.accessMainPhase(TestCaseExecutor.java:410)
	at com.kms.katalon.core.main.TestCaseExecutor.execute(TestCaseExecutor.java:285)
	at com.kms.katalon.core.common.CommonExecutor.accessTestCaseMainPhase(CommonExecutor.java:65)
	at com.kms.katalon.core.main.TestSuiteExecutor.accessTestSuiteMainPhase(TestSuiteExecutor.java:150)
	at com.kms.katalon.core.main.TestSuiteExecutor.execute(TestSuiteExecutor.java:106)
	at com.kms.katalon.core.main.TestCaseMain.startTestSuite(TestCaseMain.java:180)
	at TempTestSuite1732232929817.run(TempTestSuite1732232929817.groovy:35)
	at java.base/jdk.internal.reflect.NativeMethodAccessorImpl.invoke0(Native Method)
	at java.base/jdk.internal.reflect.NativeMethodAccessorImpl.invoke(NativeMethodAccessorImpl.java:77)
	at java.base/jdk.internal.reflect.DelegatingMethodAccessorImpl.invoke(DelegatingMethodAccessorImpl.java:43)
)

22-11-2024T06:35:40 - [MESSAGE][FAILED] - Unable to verify equal between actual object '53 529 241' and expected object '3 229 241' (Root cause: com.kms.katalon.core.exception.StepFailedException: Actual object '53 529 241' and expected object '3 229 241' are not equal
	at com.kms.katalon.core.keyword.builtin.VerifyEqualKeyword$_verifyEqual_closure1.doCall(VerifyEqualKeyword.groovy:58)
	at com.kms.katalon.core.keyword.builtin.VerifyEqualKeyword$_verifyEqual_closure1.call(VerifyEqualKeyword.groovy)
	at com.kms.katalon.core.keyword.internal.KeywordMain.runKeyword(KeywordMain.groovy:75)
	at com.kms.katalon.core.keyword.builtin.VerifyEqualKeyword.verifyEqual(VerifyEqualKeyword.groovy:63)
	at com.kms.katalon.core.keyword.builtin.VerifyEqualKeyword.execute(VerifyEqualKeyword.groovy:44)
	at com.kms.katalon.core.keyword.internal.KeywordExecutor.executeKeywordForPlatform(KeywordExecutor.groovy:74)
	at com.kms.katalon.core.keyword.BuiltinKeywords.verifyEqual(BuiltinKeywords.groovy:146)
	at jdk.internal.reflect.GeneratedMethodAccessor25.invoke(Unknown Source)
	at java.base/jdk.internal.reflect.DelegatingMethodAccessorImpl.invoke(DelegatingMethodAccessorImpl.java:43)
	at Факторный анализ сверка дашбордов.CompareDZO(Факторный анализ сверка дашбордов:679)
	at Факторный анализ сверка дашбордов.Test(Факторный анализ сверка дашбордов:601)
	at Факторный анализ сверка дашбордов.run(Факторный анализ сверка дашбордов:44)
	at com.kms.katalon.core.main.ScriptEngine.run(ScriptEngine.java:194)
	at com.kms.katalon.core.main.ScriptEngine.runScriptAsRawText(ScriptEngine.java:119)
	at com.kms.katalon.core.main.TestCaseExecutor.runScript(TestCaseExecutor.java:448)
	at com.kms.katalon.core.main.TestCaseExecutor.doExecute(TestCaseExecutor.java:439)
	at com.kms.katalon.core.main.TestCaseExecutor.processExecutionPhase(TestCaseExecutor.java:418)
	at com.kms.katalon.core.main.TestCaseExecutor.accessMainPhase(TestCaseExecutor.java:410)
	at com.kms.katalon.core.main.TestCaseExecutor.execute(TestCaseExecutor.java:285)
	at com.kms.katalon.core.common.CommonExecutor.accessTestCaseMainPhase(CommonExecutor.java:65)
	at com.kms.katalon.core.main.TestSuiteExecutor.accessTestSuiteMainPhase(TestSuiteExecutor.java:150)
	at com.kms.katalon.core.main.TestSuiteExecutor.execute(TestSuiteExecutor.java:106)
	at com.kms.katalon.core.main.TestCaseMain.startTestSuite(TestCaseMain.java:180)
	at TempTestSuite1732232929817.run(TempTestSuite1732232929817.groovy:35)
	at java.base/jdk.internal.reflect.NativeMethodAccessorImpl.invoke0(Native Method)
	at java.base/jdk.internal.reflect.NativeMethodAccessorImpl.invoke(NativeMethodAccessorImpl.java:77)
	at java.base/jdk.internal.reflect.DelegatingMethodAccessorImpl.invoke(DelegatingMethodAccessorImpl.java:43)
)

22-11-2024T06:35:40 - [TEST_STEP][PASSED] - else: null

22-11-2024T06:35:40 - [TEST_STEP][PASSED] - otobrajeniyeDannyh = "Все": null

22-11-2024T06:35:40 - [TEST_STEP][PASSED] - vidget = "Всего отклонения по факторам": null

22-11-2024T06:35:40 - [TEST_STEP][PASSED] - Script1719551244403.WriteToExcel(todaysDate, typeOfData, otobrajeniyeDannyh, x, y, vidget, DZO): null

22-11-2024T06:35:40 - [TEST_STEP][PASSED] - sheetName = "Sheet1": null

22-11-2024T06:35:40 - [TEST_STEP][PASSED] - data = findTestData("PlanFact"): null

22-11-2024T06:35:40 - [TEST_STEP][PASSED] - n = data.getRowNumbers() + 1: null

22-11-2024T06:35:40 - [TEST_STEP][PASSED] - period = getText(findTestObject("Факторный анализ/Фильтр Период")): Text of object 'Object Repository/Факторный анализ/Фильтр Период' is: '1, 2, 3 кв. 2024 года'

22-11-2024T06:35:40 - [MESSAGE][PASSED] - Text of object 'Object Repository/Факторный анализ/Фильтр Период' is: '1, 2, 3 кв. 2024 года'

22-11-2024T06:35:40 - [TEST_STEP][PASSED] - println(period): null

22-11-2024T06:35:40 - [TEST_STEP][PASSED] - dashboardName = "Факторный анализ": null

22-11-2024T06:35:40 - [TEST_STEP][PASSED] - workbook01 = getWorkbook(excelFilePath): null

22-11-2024T06:35:40 - [TEST_STEP][PASSED] - sheet01 = getExcelSheet(workbook01, sheetName): null

22-11-2024T06:35:40 - [TEST_STEP][PASSED] - setValueToCellByIndex(sheet01, n, 0, dashboardName): null

22-11-2024T06:35:40 - [TEST_STEP][PASSED] - setValueToCellByIndex(sheet01, n, 1, DZO): null

22-11-2024T06:35:40 - [TEST_STEP][PASSED] - setValueToCellByIndex(sheet01, n, 2, vidget): null

22-11-2024T06:35:40 - [TEST_STEP][PASSED] - setValueToCellByIndex(sheet01, n, 3, typeOfData): null

22-11-2024T06:35:40 - [TEST_STEP][PASSED] - setValueToCellByIndex(sheet01, n, 4, otobrajeniyeDannyh): null

22-11-2024T06:35:40 - [TEST_STEP][PASSED] - setValueToCellByIndex(sheet01, n, 5, period): null

22-11-2024T06:35:40 - [TEST_STEP][PASSED] - setValueToCellByIndex(sheet01, n, 6, todaysDate): null

22-11-2024T06:35:40 - [TEST_STEP][PASSED] - n = n + 1: null

22-11-2024T06:35:40 - [TEST_STEP][PASSED] - saveWorkbook(excelFilePath, workbook01): null

22-11-2024T06:35:40 - [TEST_STEP][PASSED] - DZO = "Московский регион": null

22-11-2024T06:35:40 - [TEST_STEP][PASSED] - Script1719551244403.CompareDZO(x = MosA, y = MosB, run, typeOfData, otobrajeniyeDannyh, todaysDate, vidget, DZO): null

22-11-2024T06:35:40 - [TEST_STEP][PASSED] - x1 = x: null

22-11-2024T06:35:40 - [TEST_STEP][PASSED] - y1 = y: null

22-11-2024T06:35:40 - [TEST_STEP][PASSED] - i1 = <not implemented yet for class: org.codehaus.groovy.ast.expr.EmptyExpression>: null

22-11-2024T06:35:40 - [TEST_STEP][PASSED] - if (verifyEqual(x, y) == true): null

22-11-2024T06:35:40 - [MESSAGE][PASSED] - Actual object '4 566  535  2 812 57' and expected object '4 566  535  2 812 57' are equal

22-11-2024T06:35:40 - [TEST_STEP][PASSED] - DZO = "Россети Ленэнерго (ГК)": null

22-11-2024T06:35:40 - [TEST_STEP][PASSED] - Script1719551244403.CompareDZO(x = LenA, y = LenB, run, typeOfData, otobrajeniyeDannyh, todaysDate, vidget, DZO): null

22-11-2024T06:35:40 - [TEST_STEP][PASSED] - x1 = x: null

22-11-2024T06:35:40 - [TEST_STEP][PASSED] - y1 = y: null

22-11-2024T06:35:40 - [TEST_STEP][PASSED] - i1 = <not implemented yet for class: org.codehaus.groovy.ast.expr.EmptyExpression>: null

22-11-2024T06:35:40 - [TEST_STEP][FAILED] - if (verifyEqual(x, y) == true): Unable to verify equal between actual object '29 499 598  41 171 39' and expected object '1 191 598  2 106 39' (Root cause: com.kms.katalon.core.exception.StepFailedException: Actual object '29 499 598  41 171 39' and expected object '1 191 598  2 106 39' are not equal
	at com.kms.katalon.core.keyword.builtin.VerifyEqualKeyword$_verifyEqual_closure1.doCall(VerifyEqualKeyword.groovy:58)
	at com.kms.katalon.core.keyword.builtin.VerifyEqualKeyword$_verifyEqual_closure1.call(VerifyEqualKeyword.groovy)
	at com.kms.katalon.core.keyword.internal.KeywordMain.runKeyword(KeywordMain.groovy:75)
	at com.kms.katalon.core.keyword.builtin.VerifyEqualKeyword.verifyEqual(VerifyEqualKeyword.groovy:63)
	at com.kms.katalon.core.keyword.builtin.VerifyEqualKeyword.execute(VerifyEqualKeyword.groovy:44)
	at com.kms.katalon.core.keyword.internal.KeywordExecutor.executeKeywordForPlatform(KeywordExecutor.groovy:74)
	at com.kms.katalon.core.keyword.BuiltinKeywords.verifyEqual(BuiltinKeywords.groovy:146)
	at jdk.internal.reflect.GeneratedMethodAccessor25.invoke(Unknown Source)
	at java.base/jdk.internal.reflect.DelegatingMethodAccessorImpl.invoke(DelegatingMethodAccessorImpl.java:43)
	at Факторный анализ сверка дашбордов.CompareDZO(Факторный анализ сверка дашбордов:679)
	at Факторный анализ сверка дашбордов.Test(Факторный анализ сверка дашбордов:609)
	at Факторный анализ сверка дашбордов.run(Факторный анализ сверка дашбордов:44)
	at com.kms.katalon.core.main.ScriptEngine.run(ScriptEngine.java:194)
	at com.kms.katalon.core.main.ScriptEngine.runScriptAsRawText(ScriptEngine.java:119)
	at com.kms.katalon.core.main.TestCaseExecutor.runScript(TestCaseExecutor.java:448)
	at com.kms.katalon.core.main.TestCaseExecutor.doExecute(TestCaseExecutor.java:439)
	at com.kms.katalon.core.main.TestCaseExecutor.processExecutionPhase(TestCaseExecutor.java:418)
	at com.kms.katalon.core.main.TestCaseExecutor.accessMainPhase(TestCaseExecutor.java:410)
	at com.kms.katalon.core.main.TestCaseExecutor.execute(TestCaseExecutor.java:285)
	at com.kms.katalon.core.common.CommonExecutor.accessTestCaseMainPhase(CommonExecutor.java:65)
	at com.kms.katalon.core.main.TestSuiteExecutor.accessTestSuiteMainPhase(TestSuiteExecutor.java:150)
	at com.kms.katalon.core.main.TestSuiteExecutor.execute(TestSuiteExecutor.java:106)
	at com.kms.katalon.core.main.TestCaseMain.startTestSuite(TestCaseMain.java:180)
	at TempTestSuite1732232929817.run(TempTestSuite1732232929817.groovy:35)
	at java.base/jdk.internal.reflect.NativeMethodAccessorImpl.invoke0(Native Method)
	at java.base/jdk.internal.reflect.NativeMethodAccessorImpl.invoke(NativeMethodAccessorImpl.java:77)
	at java.base/jdk.internal.reflect.DelegatingMethodAccessorImpl.invoke(DelegatingMethodAccessorImpl.java:43)
)

22-11-2024T06:35:40 - [MESSAGE][FAILED] - Unable to verify equal between actual object '29 499 598  41 171 39' and expected object '1 191 598  2 106 39' (Root cause: com.kms.katalon.core.exception.StepFailedException: Actual object '29 499 598  41 171 39' and expected object '1 191 598  2 106 39' are not equal
	at com.kms.katalon.core.keyword.builtin.VerifyEqualKeyword$_verifyEqual_closure1.doCall(VerifyEqualKeyword.groovy:58)
	at com.kms.katalon.core.keyword.builtin.VerifyEqualKeyword$_verifyEqual_closure1.call(VerifyEqualKeyword.groovy)
	at com.kms.katalon.core.keyword.internal.KeywordMain.runKeyword(KeywordMain.groovy:75)
	at com.kms.katalon.core.keyword.builtin.VerifyEqualKeyword.verifyEqual(VerifyEqualKeyword.groovy:63)
	at com.kms.katalon.core.keyword.builtin.VerifyEqualKeyword.execute(VerifyEqualKeyword.groovy:44)
	at com.kms.katalon.core.keyword.internal.KeywordExecutor.executeKeywordForPlatform(KeywordExecutor.groovy:74)
	at com.kms.katalon.core.keyword.BuiltinKeywords.verifyEqual(BuiltinKeywords.groovy:146)
	at jdk.internal.reflect.GeneratedMethodAccessor25.invoke(Unknown Source)
	at java.base/jdk.internal.reflect.DelegatingMethodAccessorImpl.invoke(DelegatingMethodAccessorImpl.java:43)
	at Факторный анализ сверка дашбордов.CompareDZO(Факторный анализ сверка дашбордов:679)
	at Факторный анализ сверка дашбордов.Test(Факторный анализ сверка дашбордов:609)
	at Факторный анализ сверка дашбордов.run(Факторный анализ сверка дашбордов:44)
	at com.kms.katalon.core.main.ScriptEngine.run(ScriptEngine.java:194)
	at com.kms.katalon.core.main.ScriptEngine.runScriptAsRawText(ScriptEngine.java:119)
	at com.kms.katalon.core.main.TestCaseExecutor.runScript(TestCaseExecutor.java:448)
	at com.kms.katalon.core.main.TestCaseExecutor.doExecute(TestCaseExecutor.java:439)
	at com.kms.katalon.core.main.TestCaseExecutor.processExecutionPhase(TestCaseExecutor.java:418)
	at com.kms.katalon.core.main.TestCaseExecutor.accessMainPhase(TestCaseExecutor.java:410)
	at com.kms.katalon.core.main.TestCaseExecutor.execute(TestCaseExecutor.java:285)
	at com.kms.katalon.core.common.CommonExecutor.accessTestCaseMainPhase(CommonExecutor.java:65)
	at com.kms.katalon.core.main.TestSuiteExecutor.accessTestSuiteMainPhase(TestSuiteExecutor.java:150)
	at com.kms.katalon.core.main.TestSuiteExecutor.execute(TestSuiteExecutor.java:106)
	at com.kms.katalon.core.main.TestCaseMain.startTestSuite(TestCaseMain.java:180)
	at TempTestSuite1732232929817.run(TempTestSuite1732232929817.groovy:35)
	at java.base/jdk.internal.reflect.NativeMethodAccessorImpl.invoke0(Native Method)
	at java.base/jdk.internal.reflect.NativeMethodAccessorImpl.invoke(NativeMethodAccessorImpl.java:77)
	at java.base/jdk.internal.reflect.DelegatingMethodAccessorImpl.invoke(DelegatingMethodAccessorImpl.java:43)
)

22-11-2024T06:35:40 - [TEST_STEP][PASSED] - else: null

22-11-2024T06:35:40 - [TEST_STEP][PASSED] - otobrajeniyeDannyh = "Все": null

22-11-2024T06:35:40 - [TEST_STEP][PASSED] - vidget = "Всего отклонения по факторам": null

22-11-2024T06:35:40 - [TEST_STEP][PASSED] - Script1719551244403.WriteToExcel(todaysDate, typeOfData, otobrajeniyeDannyh, x, y, vidget, DZO): null

22-11-2024T06:35:40 - [TEST_STEP][PASSED] - sheetName = "Sheet1": null

22-11-2024T06:35:40 - [TEST_STEP][PASSED] - data = findTestData("PlanFact"): null

22-11-2024T06:35:40 - [TEST_STEP][PASSED] - n = data.getRowNumbers() + 1: null

22-11-2024T06:35:40 - [TEST_STEP][PASSED] - period = getText(findTestObject("Факторный анализ/Фильтр Период")): Text of object 'Object Repository/Факторный анализ/Фильтр Период' is: '1, 2, 3 кв. 2024 года'

22-11-2024T06:35:41 - [MESSAGE][PASSED] - Text of object 'Object Repository/Факторный анализ/Фильтр Период' is: '1, 2, 3 кв. 2024 года'

22-11-2024T06:35:41 - [TEST_STEP][PASSED] - println(period): null

22-11-2024T06:35:41 - [TEST_STEP][PASSED] - dashboardName = "Факторный анализ": null

22-11-2024T06:35:41 - [TEST_STEP][PASSED] - workbook01 = getWorkbook(excelFilePath): null

22-11-2024T06:35:41 - [TEST_STEP][PASSED] - sheet01 = getExcelSheet(workbook01, sheetName): null

22-11-2024T06:35:41 - [TEST_STEP][PASSED] - setValueToCellByIndex(sheet01, n, 0, dashboardName): null

22-11-2024T06:35:41 - [TEST_STEP][PASSED] - setValueToCellByIndex(sheet01, n, 1, DZO): null

22-11-2024T06:35:41 - [TEST_STEP][PASSED] - setValueToCellByIndex(sheet01, n, 2, vidget): null

22-11-2024T06:35:41 - [TEST_STEP][PASSED] - setValueToCellByIndex(sheet01, n, 3, typeOfData): null

22-11-2024T06:35:41 - [TEST_STEP][PASSED] - setValueToCellByIndex(sheet01, n, 4, otobrajeniyeDannyh): null

22-11-2024T06:35:41 - [TEST_STEP][PASSED] - setValueToCellByIndex(sheet01, n, 5, period): null

22-11-2024T06:35:41 - [TEST_STEP][PASSED] - setValueToCellByIndex(sheet01, n, 6, todaysDate): null

22-11-2024T06:35:41 - [TEST_STEP][PASSED] - n = n + 1: null

22-11-2024T06:35:41 - [TEST_STEP][PASSED] - saveWorkbook(excelFilePath, workbook01): null

22-11-2024T06:35:41 - [TEST_STEP][PASSED] - DZO = "Россети Северный Кавказ (ГК)": null

22-11-2024T06:35:41 - [TEST_STEP][PASSED] - Script1719551244403.CompareDZO(x = SKA, y = SKB, run, typeOfData, otobrajeniyeDannyh, todaysDate, vidget, DZO): null

22-11-2024T06:35:41 - [TEST_STEP][PASSED] - x1 = x: null

22-11-2024T06:35:41 - [TEST_STEP][PASSED] - y1 = y: null

22-11-2024T06:35:41 - [TEST_STEP][PASSED] - i1 = <not implemented yet for class: org.codehaus.groovy.ast.expr.EmptyExpression>: null

22-11-2024T06:35:41 - [TEST_STEP][FAILED] - if (verifyEqual(x, y) == true): Unable to verify equal between actual object '111 69 6 378 480 1 440 100 2 677 26 1 725 9 3 016 125 8 347  222' and expected object '0 0  462 480  185 100 212 26 111 9  316 125 289  222' (Root cause: com.kms.katalon.core.exception.StepFailedException: Actual object '111 69 6 378 480 1 440 100 2 677 26 1 725 9 3 016 125 8 347  222' and expected object '0 0  462 480  185 100 212 26 111 9  316 125 289  222' are not equal
	at com.kms.katalon.core.keyword.builtin.VerifyEqualKeyword$_verifyEqual_closure1.doCall(VerifyEqualKeyword.groovy:58)
	at com.kms.katalon.core.keyword.builtin.VerifyEqualKeyword$_verifyEqual_closure1.call(VerifyEqualKeyword.groovy)
	at com.kms.katalon.core.keyword.internal.KeywordMain.runKeyword(KeywordMain.groovy:75)
	at com.kms.katalon.core.keyword.builtin.VerifyEqualKeyword.verifyEqual(VerifyEqualKeyword.groovy:63)
	at com.kms.katalon.core.keyword.builtin.VerifyEqualKeyword.execute(VerifyEqualKeyword.groovy:44)
	at com.kms.katalon.core.keyword.internal.KeywordExecutor.executeKeywordForPlatform(KeywordExecutor.groovy:74)
	at com.kms.katalon.core.keyword.BuiltinKeywords.verifyEqual(BuiltinKeywords.groovy:146)
	at jdk.internal.reflect.GeneratedMethodAccessor25.invoke(Unknown Source)
	at java.base/jdk.internal.reflect.DelegatingMethodAccessorImpl.invoke(DelegatingMethodAccessorImpl.java:43)
	at Факторный анализ сверка дашбордов.CompareDZO(Факторный анализ сверка дашбордов:679)
	at Факторный анализ сверка дашбордов.Test(Факторный анализ сверка дашбордов:613)
	at Факторный анализ сверка дашбордов.run(Факторный анализ сверка дашбордов:44)
	at com.kms.katalon.core.main.ScriptEngine.run(ScriptEngine.java:194)
	at com.kms.katalon.core.main.ScriptEngine.runScriptAsRawText(ScriptEngine.java:119)
	at com.kms.katalon.core.main.TestCaseExecutor.runScript(TestCaseExecutor.java:448)
	at com.kms.katalon.core.main.TestCaseExecutor.doExecute(TestCaseExecutor.java:439)
	at com.kms.katalon.core.main.TestCaseExecutor.processExecutionPhase(TestCaseExecutor.java:418)
	at com.kms.katalon.core.main.TestCaseExecutor.accessMainPhase(TestCaseExecutor.java:410)
	at com.kms.katalon.core.main.TestCaseExecutor.execute(TestCaseExecutor.java:285)
	at com.kms.katalon.core.common.CommonExecutor.accessTestCaseMainPhase(CommonExecutor.java:65)
	at com.kms.katalon.core.main.TestSuiteExecutor.accessTestSuiteMainPhase(TestSuiteExecutor.java:150)
	at com.kms.katalon.core.main.TestSuiteExecutor.execute(TestSuiteExecutor.java:106)
	at com.kms.katalon.core.main.TestCaseMain.startTestSuite(TestCaseMain.java:180)
	at TempTestSuite1732232929817.run(TempTestSuite1732232929817.groovy:35)
	at java.base/jdk.internal.reflect.NativeMethodAccessorImpl.invoke0(Native Method)
	at java.base/jdk.internal.reflect.NativeMethodAccessorImpl.invoke(NativeMethodAccessorImpl.java:77)
	at java.base/jdk.internal.reflect.DelegatingMethodAccessorImpl.invoke(DelegatingMethodAccessorImpl.java:43)
)

22-11-2024T06:35:41 - [MESSAGE][FAILED] - Unable to verify equal between actual object '111 69 6 378 480 1 440 100 2 677 26 1 725 9 3 016 125 8 347  222' and expected object '0 0  462 480  185 100 212 26 111 9  316 125 289  222' (Root cause: com.kms.katalon.core.exception.StepFailedException: Actual object '111 69 6 378 480 1 440 100 2 677 26 1 725 9 3 016 125 8 347  222' and expected object '0 0  462 480  185 100 212 26 111 9  316 125 289  222' are not equal
	at com.kms.katalon.core.keyword.builtin.VerifyEqualKeyword$_verifyEqual_closure1.doCall(VerifyEqualKeyword.groovy:58)
	at com.kms.katalon.core.keyword.builtin.VerifyEqualKeyword$_verifyEqual_closure1.call(VerifyEqualKeyword.groovy)
	at com.kms.katalon.core.keyword.internal.KeywordMain.runKeyword(KeywordMain.groovy:75)
	at com.kms.katalon.core.keyword.builtin.VerifyEqualKeyword.verifyEqual(VerifyEqualKeyword.groovy:63)
	at com.kms.katalon.core.keyword.builtin.VerifyEqualKeyword.execute(VerifyEqualKeyword.groovy:44)
	at com.kms.katalon.core.keyword.internal.KeywordExecutor.executeKeywordForPlatform(KeywordExecutor.groovy:74)
	at com.kms.katalon.core.keyword.BuiltinKeywords.verifyEqual(BuiltinKeywords.groovy:146)
	at jdk.internal.reflect.GeneratedMethodAccessor25.invoke(Unknown Source)
	at java.base/jdk.internal.reflect.DelegatingMethodAccessorImpl.invoke(DelegatingMethodAccessorImpl.java:43)
	at Факторный анализ сверка дашбордов.CompareDZO(Факторный анализ сверка дашбордов:679)
	at Факторный анализ сверка дашбордов.Test(Факторный анализ сверка дашбордов:613)
	at Факторный анализ сверка дашбордов.run(Факторный анализ сверка дашбордов:44)
	at com.kms.katalon.core.main.ScriptEngine.run(ScriptEngine.java:194)
	at com.kms.katalon.core.main.ScriptEngine.runScriptAsRawText(ScriptEngine.java:119)
	at com.kms.katalon.core.main.TestCaseExecutor.runScript(TestCaseExecutor.java:448)
	at com.kms.katalon.core.main.TestCaseExecutor.doExecute(TestCaseExecutor.java:439)
	at com.kms.katalon.core.main.TestCaseExecutor.processExecutionPhase(TestCaseExecutor.java:418)
	at com.kms.katalon.core.main.TestCaseExecutor.accessMainPhase(TestCaseExecutor.java:410)
	at com.kms.katalon.core.main.TestCaseExecutor.execute(TestCaseExecutor.java:285)
	at com.kms.katalon.core.common.CommonExecutor.accessTestCaseMainPhase(CommonExecutor.java:65)
	at com.kms.katalon.core.main.TestSuiteExecutor.accessTestSuiteMainPhase(TestSuiteExecutor.java:150)
	at com.kms.katalon.core.main.TestSuiteExecutor.execute(TestSuiteExecutor.java:106)
	at com.kms.katalon.core.main.TestCaseMain.startTestSuite(TestCaseMain.java:180)
	at TempTestSuite1732232929817.run(TempTestSuite1732232929817.groovy:35)
	at java.base/jdk.internal.reflect.NativeMethodAccessorImpl.invoke0(Native Method)
	at java.base/jdk.internal.reflect.NativeMethodAccessorImpl.invoke(NativeMethodAccessorImpl.java:77)
	at java.base/jdk.internal.reflect.DelegatingMethodAccessorImpl.invoke(DelegatingMethodAccessorImpl.java:43)
)

22-11-2024T06:35:41 - [TEST_STEP][PASSED] - else: null

22-11-2024T06:35:41 - [TEST_STEP][PASSED] - otobrajeniyeDannyh = "Все": null

22-11-2024T06:35:41 - [TEST_STEP][PASSED] - vidget = "Всего отклонения по факторам": null

22-11-2024T06:35:41 - [TEST_STEP][PASSED] - Script1719551244403.WriteToExcel(todaysDate, typeOfData, otobrajeniyeDannyh, x, y, vidget, DZO): null

22-11-2024T06:35:41 - [TEST_STEP][PASSED] - sheetName = "Sheet1": null

22-11-2024T06:35:41 - [TEST_STEP][PASSED] - data = findTestData("PlanFact"): null

22-11-2024T06:35:41 - [TEST_STEP][PASSED] - n = data.getRowNumbers() + 1: null

22-11-2024T06:35:41 - [TEST_STEP][PASSED] - period = getText(findTestObject("Факторный анализ/Фильтр Период")): Text of object 'Object Repository/Факторный анализ/Фильтр Период' is: '1, 2, 3 кв. 2024 года'

22-11-2024T06:35:41 - [MESSAGE][PASSED] - Text of object 'Object Repository/Факторный анализ/Фильтр Период' is: '1, 2, 3 кв. 2024 года'

22-11-2024T06:35:41 - [TEST_STEP][PASSED] - println(period): null

22-11-2024T06:35:41 - [TEST_STEP][PASSED] - dashboardName = "Факторный анализ": null

22-11-2024T06:35:41 - [TEST_STEP][PASSED] - workbook01 = getWorkbook(excelFilePath): null

22-11-2024T06:35:41 - [TEST_STEP][PASSED] - sheet01 = getExcelSheet(workbook01, sheetName): null

22-11-2024T06:35:41 - [TEST_STEP][PASSED] - setValueToCellByIndex(sheet01, n, 0, dashboardName): null

22-11-2024T06:35:41 - [TEST_STEP][PASSED] - setValueToCellByIndex(sheet01, n, 1, DZO): null

22-11-2024T06:35:41 - [TEST_STEP][PASSED] - setValueToCellByIndex(sheet01, n, 2, vidget): null

22-11-2024T06:35:41 - [TEST_STEP][PASSED] - setValueToCellByIndex(sheet01, n, 3, typeOfData): null

22-11-2024T06:35:41 - [TEST_STEP][PASSED] - setValueToCellByIndex(sheet01, n, 4, otobrajeniyeDannyh): null

22-11-2024T06:35:41 - [TEST_STEP][PASSED] - setValueToCellByIndex(sheet01, n, 5, period): null

22-11-2024T06:35:41 - [TEST_STEP][PASSED] - setValueToCellByIndex(sheet01, n, 6, todaysDate): null

22-11-2024T06:35:41 - [TEST_STEP][PASSED] - n = n + 1: null

22-11-2024T06:35:41 - [TEST_STEP][PASSED] - saveWorkbook(excelFilePath, workbook01): null

22-11-2024T06:35:42 - [TEST_STEP][PASSED] - DZO = "Россети Северо-Запад": null

22-11-2024T06:35:42 - [TEST_STEP][PASSED] - Script1719551244403.CompareDZO(x = SZA, y = SZB, run, typeOfData, otobrajeniyeDannyh, todaysDate, vidget, DZO): null

22-11-2024T06:35:42 - [TEST_STEP][PASSED] - x1 = x: null

22-11-2024T06:35:42 - [TEST_STEP][PASSED] - y1 = y: null

22-11-2024T06:35:42 - [TEST_STEP][PASSED] - i1 = <not implemented yet for class: org.codehaus.groovy.ast.expr.EmptyExpression>: null

22-11-2024T06:35:42 - [TEST_STEP][FAILED] - if (verifyEqual(x, y) == true): Unable to verify equal between actual object '8 347  222    63 80  229 6  21 160  102 64  207 40  146 18    10 23' and expected object '289  222    63 80  229 6  21 160  102 64  207 40  146 18    10 23' (Root cause: com.kms.katalon.core.exception.StepFailedException: Actual object '8 347  222    63 80  229 6  21 160  102 64  207 40  146 18    10 23' and expected object '289  222    63 80  229 6  21 160  102 64  207 40  146 18    10 23' are not equal
	at com.kms.katalon.core.keyword.builtin.VerifyEqualKeyword$_verifyEqual_closure1.doCall(VerifyEqualKeyword.groovy:58)
	at com.kms.katalon.core.keyword.builtin.VerifyEqualKeyword$_verifyEqual_closure1.call(VerifyEqualKeyword.groovy)
	at com.kms.katalon.core.keyword.internal.KeywordMain.runKeyword(KeywordMain.groovy:75)
	at com.kms.katalon.core.keyword.builtin.VerifyEqualKeyword.verifyEqual(VerifyEqualKeyword.groovy:63)
	at com.kms.katalon.core.keyword.builtin.VerifyEqualKeyword.execute(VerifyEqualKeyword.groovy:44)
	at com.kms.katalon.core.keyword.internal.KeywordExecutor.executeKeywordForPlatform(KeywordExecutor.groovy:74)
	at com.kms.katalon.core.keyword.BuiltinKeywords.verifyEqual(BuiltinKeywords.groovy:146)
	at jdk.internal.reflect.GeneratedMethodAccessor25.invoke(Unknown Source)
	at java.base/jdk.internal.reflect.DelegatingMethodAccessorImpl.invoke(DelegatingMethodAccessorImpl.java:43)
	at Факторный анализ сверка дашбордов.CompareDZO(Факторный анализ сверка дашбордов:679)
	at Факторный анализ сверка дашбордов.Test(Факторный анализ сверка дашбордов:617)
	at Факторный анализ сверка дашбордов.run(Факторный анализ сверка дашбордов:44)
	at com.kms.katalon.core.main.ScriptEngine.run(ScriptEngine.java:194)
	at com.kms.katalon.core.main.ScriptEngine.runScriptAsRawText(ScriptEngine.java:119)
	at com.kms.katalon.core.main.TestCaseExecutor.runScript(TestCaseExecutor.java:448)
	at com.kms.katalon.core.main.TestCaseExecutor.doExecute(TestCaseExecutor.java:439)
	at com.kms.katalon.core.main.TestCaseExecutor.processExecutionPhase(TestCaseExecutor.java:418)
	at com.kms.katalon.core.main.TestCaseExecutor.accessMainPhase(TestCaseExecutor.java:410)
	at com.kms.katalon.core.main.TestCaseExecutor.execute(TestCaseExecutor.java:285)
	at com.kms.katalon.core.common.CommonExecutor.accessTestCaseMainPhase(CommonExecutor.java:65)
	at com.kms.katalon.core.main.TestSuiteExecutor.accessTestSuiteMainPhase(TestSuiteExecutor.java:150)
	at com.kms.katalon.core.main.TestSuiteExecutor.execute(TestSuiteExecutor.java:106)
	at com.kms.katalon.core.main.TestCaseMain.startTestSuite(TestCaseMain.java:180)
	at TempTestSuite1732232929817.run(TempTestSuite1732232929817.groovy:35)
	at java.base/jdk.internal.reflect.NativeMethodAccessorImpl.invoke0(Native Method)
	at java.base/jdk.internal.reflect.NativeMethodAccessorImpl.invoke(NativeMethodAccessorImpl.java:77)
	at java.base/jdk.internal.reflect.DelegatingMethodAccessorImpl.invoke(DelegatingMethodAccessorImpl.java:43)
)

22-11-2024T06:35:42 - [MESSAGE][FAILED] - Unable to verify equal between actual object '8 347  222    63 80  229 6  21 160  102 64  207 40  146 18    10 23' and expected object '289  222    63 80  229 6  21 160  102 64  207 40  146 18    10 23' (Root cause: com.kms.katalon.core.exception.StepFailedException: Actual object '8 347  222    63 80  229 6  21 160  102 64  207 40  146 18    10 23' and expected object '289  222    63 80  229 6  21 160  102 64  207 40  146 18    10 23' are not equal
	at com.kms.katalon.core.keyword.builtin.VerifyEqualKeyword$_verifyEqual_closure1.doCall(VerifyEqualKeyword.groovy:58)
	at com.kms.katalon.core.keyword.builtin.VerifyEqualKeyword$_verifyEqual_closure1.call(VerifyEqualKeyword.groovy)
	at com.kms.katalon.core.keyword.internal.KeywordMain.runKeyword(KeywordMain.groovy:75)
	at com.kms.katalon.core.keyword.builtin.VerifyEqualKeyword.verifyEqual(VerifyEqualKeyword.groovy:63)
	at com.kms.katalon.core.keyword.builtin.VerifyEqualKeyword.execute(VerifyEqualKeyword.groovy:44)
	at com.kms.katalon.core.keyword.internal.KeywordExecutor.executeKeywordForPlatform(KeywordExecutor.groovy:74)
	at com.kms.katalon.core.keyword.BuiltinKeywords.verifyEqual(BuiltinKeywords.groovy:146)
	at jdk.internal.reflect.GeneratedMethodAccessor25.invoke(Unknown Source)
	at java.base/jdk.internal.reflect.DelegatingMethodAccessorImpl.invoke(DelegatingMethodAccessorImpl.java:43)
	at Факторный анализ сверка дашбордов.CompareDZO(Факторный анализ сверка дашбордов:679)
	at Факторный анализ сверка дашбордов.Test(Факторный анализ сверка дашбордов:617)
	at Факторный анализ сверка дашбордов.run(Факторный анализ сверка дашбордов:44)
	at com.kms.katalon.core.main.ScriptEngine.run(ScriptEngine.java:194)
	at com.kms.katalon.core.main.ScriptEngine.runScriptAsRawText(ScriptEngine.java:119)
	at com.kms.katalon.core.main.TestCaseExecutor.runScript(TestCaseExecutor.java:448)
	at com.kms.katalon.core.main.TestCaseExecutor.doExecute(TestCaseExecutor.java:439)
	at com.kms.katalon.core.main.TestCaseExecutor.processExecutionPhase(TestCaseExecutor.java:418)
	at com.kms.katalon.core.main.TestCaseExecutor.accessMainPhase(TestCaseExecutor.java:410)
	at com.kms.katalon.core.main.TestCaseExecutor.execute(TestCaseExecutor.java:285)
	at com.kms.katalon.core.common.CommonExecutor.accessTestCaseMainPhase(CommonExecutor.java:65)
	at com.kms.katalon.core.main.TestSuiteExecutor.accessTestSuiteMainPhase(TestSuiteExecutor.java:150)
	at com.kms.katalon.core.main.TestSuiteExecutor.execute(TestSuiteExecutor.java:106)
	at com.kms.katalon.core.main.TestCaseMain.startTestSuite(TestCaseMain.java:180)
	at TempTestSuite1732232929817.run(TempTestSuite1732232929817.groovy:35)
	at java.base/jdk.internal.reflect.NativeMethodAccessorImpl.invoke0(Native Method)
	at java.base/jdk.internal.reflect.NativeMethodAccessorImpl.invoke(NativeMethodAccessorImpl.java:77)
	at java.base/jdk.internal.reflect.DelegatingMethodAccessorImpl.invoke(DelegatingMethodAccessorImpl.java:43)
)

22-11-2024T06:35:42 - [TEST_STEP][PASSED] - else: null

22-11-2024T06:35:42 - [TEST_STEP][PASSED] - otobrajeniyeDannyh = "Все": null

22-11-2024T06:35:42 - [TEST_STEP][PASSED] - vidget = "Всего отклонения по факторам": null

22-11-2024T06:35:42 - [TEST_STEP][PASSED] - Script1719551244403.WriteToExcel(todaysDate, typeOfData, otobrajeniyeDannyh, x, y, vidget, DZO): null

22-11-2024T06:35:42 - [TEST_STEP][PASSED] - sheetName = "Sheet1": null

22-11-2024T06:35:42 - [TEST_STEP][PASSED] - data = findTestData("PlanFact"): null

22-11-2024T06:35:42 - [TEST_STEP][PASSED] - n = data.getRowNumbers() + 1: null

22-11-2024T06:35:42 - [TEST_STEP][PASSED] - period = getText(findTestObject("Факторный анализ/Фильтр Период")): Text of object 'Object Repository/Факторный анализ/Фильтр Период' is: '1, 2, 3 кв. 2024 года'

22-11-2024T06:35:42 - [MESSAGE][PASSED] - Text of object 'Object Repository/Факторный анализ/Фильтр Период' is: '1, 2, 3 кв. 2024 года'

22-11-2024T06:35:42 - [TEST_STEP][PASSED] - println(period): null

22-11-2024T06:35:42 - [TEST_STEP][PASSED] - dashboardName = "Факторный анализ": null

22-11-2024T06:35:42 - [TEST_STEP][PASSED] - workbook01 = getWorkbook(excelFilePath): null

22-11-2024T06:35:42 - [TEST_STEP][PASSED] - sheet01 = getExcelSheet(workbook01, sheetName): null

22-11-2024T06:35:42 - [TEST_STEP][PASSED] - setValueToCellByIndex(sheet01, n, 0, dashboardName): null

22-11-2024T06:35:42 - [TEST_STEP][PASSED] - setValueToCellByIndex(sheet01, n, 1, DZO): null

22-11-2024T06:35:42 - [TEST_STEP][PASSED] - setValueToCellByIndex(sheet01, n, 2, vidget): null

22-11-2024T06:35:42 - [TEST_STEP][PASSED] - setValueToCellByIndex(sheet01, n, 3, typeOfData): null

22-11-2024T06:35:42 - [TEST_STEP][PASSED] - setValueToCellByIndex(sheet01, n, 4, otobrajeniyeDannyh): null

22-11-2024T06:35:42 - [TEST_STEP][PASSED] - setValueToCellByIndex(sheet01, n, 5, period): null

22-11-2024T06:35:42 - [TEST_STEP][PASSED] - setValueToCellByIndex(sheet01, n, 6, todaysDate): null

22-11-2024T06:35:42 - [TEST_STEP][PASSED] - n = n + 1: null

22-11-2024T06:35:42 - [TEST_STEP][PASSED] - saveWorkbook(excelFilePath, workbook01): null

22-11-2024T06:35:42 - [TEST_STEP][PASSED] - DZO = "Россети Сибирь (ГК)": null

22-11-2024T06:35:42 - [TEST_STEP][PASSED] - Script1719551244403.CompareDZO(x = SiA, y = SiB, run, typeOfData, otobrajeniyeDannyh, todaysDate, vidget, DZO): null

22-11-2024T06:35:42 - [TEST_STEP][PASSED] - x1 = x: null

22-11-2024T06:35:42 - [TEST_STEP][PASSED] - y1 = y: null

22-11-2024T06:35:42 - [TEST_STEP][PASSED] - i1 = <not implemented yet for class: org.codehaus.groovy.ast.expr.EmptyExpression>: null

22-11-2024T06:35:42 - [TEST_STEP][PASSED] - if (verifyEqual(x, y) == true): null

22-11-2024T06:35:42 - [MESSAGE][PASSED] - Actual object '10 23    275 275 95 298 114 15 1 087  413 329 205 127  112 327  363 44 120' and expected object '10 23    275 275 95 298 114 15 1 087  413 329 205 127  112 327  363 44 120' are equal

22-11-2024T06:35:42 - [TEST_STEP][PASSED] - DZO = "Россети Томск": null

22-11-2024T06:35:42 - [TEST_STEP][PASSED] - Script1719551244403.CompareDZO(x = ToA, y = ToB, run, typeOfData, otobrajeniyeDannyh, todaysDate, vidget, DZO): null

22-11-2024T06:35:42 - [TEST_STEP][PASSED] - x1 = x: null

22-11-2024T06:35:42 - [TEST_STEP][PASSED] - y1 = y: null

22-11-2024T06:35:42 - [TEST_STEP][PASSED] - i1 = <not implemented yet for class: org.codehaus.groovy.ast.expr.EmptyExpression>: null

22-11-2024T06:35:42 - [TEST_STEP][FAILED] - if (verifyEqual(x, y) == true): Unable to verify equal between actual object '44 120     6 624  125' and expected object '44 120     338  125' (Root cause: com.kms.katalon.core.exception.StepFailedException: Actual object '44 120     6 624  125' and expected object '44 120     338  125' are not equal
	at com.kms.katalon.core.keyword.builtin.VerifyEqualKeyword$_verifyEqual_closure1.doCall(VerifyEqualKeyword.groovy:58)
	at com.kms.katalon.core.keyword.builtin.VerifyEqualKeyword$_verifyEqual_closure1.call(VerifyEqualKeyword.groovy)
	at com.kms.katalon.core.keyword.internal.KeywordMain.runKeyword(KeywordMain.groovy:75)
	at com.kms.katalon.core.keyword.builtin.VerifyEqualKeyword.verifyEqual(VerifyEqualKeyword.groovy:63)
	at com.kms.katalon.core.keyword.builtin.VerifyEqualKeyword.execute(VerifyEqualKeyword.groovy:44)
	at com.kms.katalon.core.keyword.internal.KeywordExecutor.executeKeywordForPlatform(KeywordExecutor.groovy:74)
	at com.kms.katalon.core.keyword.BuiltinKeywords.verifyEqual(BuiltinKeywords.groovy:146)
	at jdk.internal.reflect.GeneratedMethodAccessor25.invoke(Unknown Source)
	at java.base/jdk.internal.reflect.DelegatingMethodAccessorImpl.invoke(DelegatingMethodAccessorImpl.java:43)
	at Факторный анализ сверка дашбордов.CompareDZO(Факторный анализ сверка дашбордов:679)
	at Факторный анализ сверка дашбордов.Test(Факторный анализ сверка дашбордов:625)
	at Факторный анализ сверка дашбордов.run(Факторный анализ сверка дашбордов:44)
	at com.kms.katalon.core.main.ScriptEngine.run(ScriptEngine.java:194)
	at com.kms.katalon.core.main.ScriptEngine.runScriptAsRawText(ScriptEngine.java:119)
	at com.kms.katalon.core.main.TestCaseExecutor.runScript(TestCaseExecutor.java:448)
	at com.kms.katalon.core.main.TestCaseExecutor.doExecute(TestCaseExecutor.java:439)
	at com.kms.katalon.core.main.TestCaseExecutor.processExecutionPhase(TestCaseExecutor.java:418)
	at com.kms.katalon.core.main.TestCaseExecutor.accessMainPhase(TestCaseExecutor.java:410)
	at com.kms.katalon.core.main.TestCaseExecutor.execute(TestCaseExecutor.java:285)
	at com.kms.katalon.core.common.CommonExecutor.accessTestCaseMainPhase(CommonExecutor.java:65)
	at com.kms.katalon.core.main.TestSuiteExecutor.accessTestSuiteMainPhase(TestSuiteExecutor.java:150)
	at com.kms.katalon.core.main.TestSuiteExecutor.execute(TestSuiteExecutor.java:106)
	at com.kms.katalon.core.main.TestCaseMain.startTestSuite(TestCaseMain.java:180)
	at TempTestSuite1732232929817.run(TempTestSuite1732232929817.groovy:35)
	at java.base/jdk.internal.reflect.NativeMethodAccessorImpl.invoke0(Native Method)
	at java.base/jdk.internal.reflect.NativeMethodAccessorImpl.invoke(NativeMethodAccessorImpl.java:77)
	at java.base/jdk.internal.reflect.DelegatingMethodAccessorImpl.invoke(DelegatingMethodAccessorImpl.java:43)
)

22-11-2024T06:35:42 - [MESSAGE][FAILED] - Unable to verify equal between actual object '44 120     6 624  125' and expected object '44 120     338  125' (Root cause: com.kms.katalon.core.exception.StepFailedException: Actual object '44 120     6 624  125' and expected object '44 120     338  125' are not equal
	at com.kms.katalon.core.keyword.builtin.VerifyEqualKeyword$_verifyEqual_closure1.doCall(VerifyEqualKeyword.groovy:58)
	at com.kms.katalon.core.keyword.builtin.VerifyEqualKeyword$_verifyEqual_closure1.call(VerifyEqualKeyword.groovy)
	at com.kms.katalon.core.keyword.internal.KeywordMain.runKeyword(KeywordMain.groovy:75)
	at com.kms.katalon.core.keyword.builtin.VerifyEqualKeyword.verifyEqual(VerifyEqualKeyword.groovy:63)
	at com.kms.katalon.core.keyword.builtin.VerifyEqualKeyword.execute(VerifyEqualKeyword.groovy:44)
	at com.kms.katalon.core.keyword.internal.KeywordExecutor.executeKeywordForPlatform(KeywordExecutor.groovy:74)
	at com.kms.katalon.core.keyword.BuiltinKeywords.verifyEqual(BuiltinKeywords.groovy:146)
	at jdk.internal.reflect.GeneratedMethodAccessor25.invoke(Unknown Source)
	at java.base/jdk.internal.reflect.DelegatingMethodAccessorImpl.invoke(DelegatingMethodAccessorImpl.java:43)
	at Факторный анализ сверка дашбордов.CompareDZO(Факторный анализ сверка дашбордов:679)
	at Факторный анализ сверка дашбордов.Test(Факторный анализ сверка дашбордов:625)
	at Факторный анализ сверка дашбордов.run(Факторный анализ сверка дашбордов:44)
	at com.kms.katalon.core.main.ScriptEngine.run(ScriptEngine.java:194)
	at com.kms.katalon.core.main.ScriptEngine.runScriptAsRawText(ScriptEngine.java:119)
	at com.kms.katalon.core.main.TestCaseExecutor.runScript(TestCaseExecutor.java:448)
	at com.kms.katalon.core.main.TestCaseExecutor.doExecute(TestCaseExecutor.java:439)
	at com.kms.katalon.core.main.TestCaseExecutor.processExecutionPhase(TestCaseExecutor.java:418)
	at com.kms.katalon.core.main.TestCaseExecutor.accessMainPhase(TestCaseExecutor.java:410)
	at com.kms.katalon.core.main.TestCaseExecutor.execute(TestCaseExecutor.java:285)
	at com.kms.katalon.core.common.CommonExecutor.accessTestCaseMainPhase(CommonExecutor.java:65)
	at com.kms.katalon.core.main.TestSuiteExecutor.accessTestSuiteMainPhase(TestSuiteExecutor.java:150)
	at com.kms.katalon.core.main.TestSuiteExecutor.execute(TestSuiteExecutor.java:106)
	at com.kms.katalon.core.main.TestCaseMain.startTestSuite(TestCaseMain.java:180)
	at TempTestSuite1732232929817.run(TempTestSuite1732232929817.groovy:35)
	at java.base/jdk.internal.reflect.NativeMethodAccessorImpl.invoke0(Native Method)
	at java.base/jdk.internal.reflect.NativeMethodAccessorImpl.invoke(NativeMethodAccessorImpl.java:77)
	at java.base/jdk.internal.reflect.DelegatingMethodAccessorImpl.invoke(DelegatingMethodAccessorImpl.java:43)
)

22-11-2024T06:35:42 - [TEST_STEP][PASSED] - else: null

22-11-2024T06:35:42 - [TEST_STEP][PASSED] - otobrajeniyeDannyh = "Все": null

22-11-2024T06:35:42 - [TEST_STEP][PASSED] - vidget = "Всего отклонения по факторам": null

22-11-2024T06:35:42 - [TEST_STEP][PASSED] - Script1719551244403.WriteToExcel(todaysDate, typeOfData, otobrajeniyeDannyh, x, y, vidget, DZO): null

22-11-2024T06:35:42 - [TEST_STEP][PASSED] - sheetName = "Sheet1": null

22-11-2024T06:35:42 - [TEST_STEP][PASSED] - data = findTestData("PlanFact"): null

22-11-2024T06:35:42 - [TEST_STEP][PASSED] - n = data.getRowNumbers() + 1: null

22-11-2024T06:35:42 - [TEST_STEP][PASSED] - period = getText(findTestObject("Факторный анализ/Фильтр Период")): Text of object 'Object Repository/Факторный анализ/Фильтр Период' is: '1, 2, 3 кв. 2024 года'

22-11-2024T06:35:43 - [MESSAGE][PASSED] - Text of object 'Object Repository/Факторный анализ/Фильтр Период' is: '1, 2, 3 кв. 2024 года'

22-11-2024T06:35:43 - [TEST_STEP][PASSED] - println(period): null

22-11-2024T06:35:43 - [TEST_STEP][PASSED] - dashboardName = "Факторный анализ": null

22-11-2024T06:35:43 - [TEST_STEP][PASSED] - workbook01 = getWorkbook(excelFilePath): null

22-11-2024T06:35:43 - [TEST_STEP][PASSED] - sheet01 = getExcelSheet(workbook01, sheetName): null

22-11-2024T06:35:43 - [TEST_STEP][PASSED] - setValueToCellByIndex(sheet01, n, 0, dashboardName): null

22-11-2024T06:35:43 - [TEST_STEP][PASSED] - setValueToCellByIndex(sheet01, n, 1, DZO): null

22-11-2024T06:35:43 - [TEST_STEP][PASSED] - setValueToCellByIndex(sheet01, n, 2, vidget): null

22-11-2024T06:35:43 - [TEST_STEP][PASSED] - setValueToCellByIndex(sheet01, n, 3, typeOfData): null

22-11-2024T06:35:43 - [TEST_STEP][PASSED] - setValueToCellByIndex(sheet01, n, 4, otobrajeniyeDannyh): null

22-11-2024T06:35:43 - [TEST_STEP][PASSED] - setValueToCellByIndex(sheet01, n, 5, period): null

22-11-2024T06:35:43 - [TEST_STEP][PASSED] - setValueToCellByIndex(sheet01, n, 6, todaysDate): null

22-11-2024T06:35:43 - [TEST_STEP][PASSED] - n = n + 1: null

22-11-2024T06:35:43 - [TEST_STEP][PASSED] - saveWorkbook(excelFilePath, workbook01): null

22-11-2024T06:35:43 - [TEST_STEP][PASSED] - DZO = "Россети Тюмень": null

22-11-2024T06:35:43 - [TEST_STEP][PASSED] - Script1719551244403.CompareDZO(x = TyuA, y = TyuB, run, typeOfData, otobrajeniyeDannyh, todaysDate, vidget, DZO): null

22-11-2024T06:35:43 - [TEST_STEP][PASSED] - x1 = x: null

22-11-2024T06:35:43 - [TEST_STEP][PASSED] - y1 = y: null

22-11-2024T06:35:43 - [TEST_STEP][PASSED] - i1 = <not implemented yet for class: org.codehaus.groovy.ast.expr.EmptyExpression>: null

22-11-2024T06:35:43 - [TEST_STEP][FAILED] - if (verifyEqual(x, y) == true): Unable to verify equal between actual object '6 624  125' and expected object '338  125' (Root cause: com.kms.katalon.core.exception.StepFailedException: Actual object '6 624  125' and expected object '338  125' are not equal
	at com.kms.katalon.core.keyword.builtin.VerifyEqualKeyword$_verifyEqual_closure1.doCall(VerifyEqualKeyword.groovy:58)
	at com.kms.katalon.core.keyword.builtin.VerifyEqualKeyword$_verifyEqual_closure1.call(VerifyEqualKeyword.groovy)
	at com.kms.katalon.core.keyword.internal.KeywordMain.runKeyword(KeywordMain.groovy:75)
	at com.kms.katalon.core.keyword.builtin.VerifyEqualKeyword.verifyEqual(VerifyEqualKeyword.groovy:63)
	at com.kms.katalon.core.keyword.builtin.VerifyEqualKeyword.execute(VerifyEqualKeyword.groovy:44)
	at com.kms.katalon.core.keyword.internal.KeywordExecutor.executeKeywordForPlatform(KeywordExecutor.groovy:74)
	at com.kms.katalon.core.keyword.BuiltinKeywords.verifyEqual(BuiltinKeywords.groovy:146)
	at jdk.internal.reflect.GeneratedMethodAccessor25.invoke(Unknown Source)
	at java.base/jdk.internal.reflect.DelegatingMethodAccessorImpl.invoke(DelegatingMethodAccessorImpl.java:43)
	at Факторный анализ сверка дашбордов.CompareDZO(Факторный анализ сверка дашбордов:679)
	at Факторный анализ сверка дашбордов.Test(Факторный анализ сверка дашбордов:629)
	at Факторный анализ сверка дашбордов.run(Факторный анализ сверка дашбордов:44)
	at com.kms.katalon.core.main.ScriptEngine.run(ScriptEngine.java:194)
	at com.kms.katalon.core.main.ScriptEngine.runScriptAsRawText(ScriptEngine.java:119)
	at com.kms.katalon.core.main.TestCaseExecutor.runScript(TestCaseExecutor.java:448)
	at com.kms.katalon.core.main.TestCaseExecutor.doExecute(TestCaseExecutor.java:439)
	at com.kms.katalon.core.main.TestCaseExecutor.processExecutionPhase(TestCaseExecutor.java:418)
	at com.kms.katalon.core.main.TestCaseExecutor.accessMainPhase(TestCaseExecutor.java:410)
	at com.kms.katalon.core.main.TestCaseExecutor.execute(TestCaseExecutor.java:285)
	at com.kms.katalon.core.common.CommonExecutor.accessTestCaseMainPhase(CommonExecutor.java:65)
	at com.kms.katalon.core.main.TestSuiteExecutor.accessTestSuiteMainPhase(TestSuiteExecutor.java:150)
	at com.kms.katalon.core.main.TestSuiteExecutor.execute(TestSuiteExecutor.java:106)
	at com.kms.katalon.core.main.TestCaseMain.startTestSuite(TestCaseMain.java:180)
	at TempTestSuite1732232929817.run(TempTestSuite1732232929817.groovy:35)
	at java.base/jdk.internal.reflect.NativeMethodAccessorImpl.invoke0(Native Method)
	at java.base/jdk.internal.reflect.NativeMethodAccessorImpl.invoke(NativeMethodAccessorImpl.java:77)
	at java.base/jdk.internal.reflect.DelegatingMethodAccessorImpl.invoke(DelegatingMethodAccessorImpl.java:43)
)

22-11-2024T06:35:43 - [MESSAGE][FAILED] - Unable to verify equal between actual object '6 624  125' and expected object '338  125' (Root cause: com.kms.katalon.core.exception.StepFailedException: Actual object '6 624  125' and expected object '338  125' are not equal
	at com.kms.katalon.core.keyword.builtin.VerifyEqualKeyword$_verifyEqual_closure1.doCall(VerifyEqualKeyword.groovy:58)
	at com.kms.katalon.core.keyword.builtin.VerifyEqualKeyword$_verifyEqual_closure1.call(VerifyEqualKeyword.groovy)
	at com.kms.katalon.core.keyword.internal.KeywordMain.runKeyword(KeywordMain.groovy:75)
	at com.kms.katalon.core.keyword.builtin.VerifyEqualKeyword.verifyEqual(VerifyEqualKeyword.groovy:63)
	at com.kms.katalon.core.keyword.builtin.VerifyEqualKeyword.execute(VerifyEqualKeyword.groovy:44)
	at com.kms.katalon.core.keyword.internal.KeywordExecutor.executeKeywordForPlatform(KeywordExecutor.groovy:74)
	at com.kms.katalon.core.keyword.BuiltinKeywords.verifyEqual(BuiltinKeywords.groovy:146)
	at jdk.internal.reflect.GeneratedMethodAccessor25.invoke(Unknown Source)
	at java.base/jdk.internal.reflect.DelegatingMethodAccessorImpl.invoke(DelegatingMethodAccessorImpl.java:43)
	at Факторный анализ сверка дашбордов.CompareDZO(Факторный анализ сверка дашбордов:679)
	at Факторный анализ сверка дашбордов.Test(Факторный анализ сверка дашбордов:629)
	at Факторный анализ сверка дашбордов.run(Факторный анализ сверка дашбордов:44)
	at com.kms.katalon.core.main.ScriptEngine.run(ScriptEngine.java:194)
	at com.kms.katalon.core.main.ScriptEngine.runScriptAsRawText(ScriptEngine.java:119)
	at com.kms.katalon.core.main.TestCaseExecutor.runScript(TestCaseExecutor.java:448)
	at com.kms.katalon.core.main.TestCaseExecutor.doExecute(TestCaseExecutor.java:439)
	at com.kms.katalon.core.main.TestCaseExecutor.processExecutionPhase(TestCaseExecutor.java:418)
	at com.kms.katalon.core.main.TestCaseExecutor.accessMainPhase(TestCaseExecutor.java:410)
	at com.kms.katalon.core.main.TestCaseExecutor.execute(TestCaseExecutor.java:285)
	at com.kms.katalon.core.common.CommonExecutor.accessTestCaseMainPhase(CommonExecutor.java:65)
	at com.kms.katalon.core.main.TestSuiteExecutor.accessTestSuiteMainPhase(TestSuiteExecutor.java:150)
	at com.kms.katalon.core.main.TestSuiteExecutor.execute(TestSuiteExecutor.java:106)
	at com.kms.katalon.core.main.TestCaseMain.startTestSuite(TestCaseMain.java:180)
	at TempTestSuite1732232929817.run(TempTestSuite1732232929817.groovy:35)
	at java.base/jdk.internal.reflect.NativeMethodAccessorImpl.invoke0(Native Method)
	at java.base/jdk.internal.reflect.NativeMethodAccessorImpl.invoke(NativeMethodAccessorImpl.java:77)
	at java.base/jdk.internal.reflect.DelegatingMethodAccessorImpl.invoke(DelegatingMethodAccessorImpl.java:43)
)

22-11-2024T06:35:43 - [TEST_STEP][PASSED] - else: null

22-11-2024T06:35:43 - [TEST_STEP][PASSED] - otobrajeniyeDannyh = "Все": null

22-11-2024T06:35:43 - [TEST_STEP][PASSED] - vidget = "Всего отклонения по факторам": null

22-11-2024T06:35:43 - [TEST_STEP][PASSED] - Script1719551244403.WriteToExcel(todaysDate, typeOfData, otobrajeniyeDannyh, x, y, vidget, DZO): null

22-11-2024T06:35:43 - [TEST_STEP][PASSED] - sheetName = "Sheet1": null

22-11-2024T06:35:43 - [TEST_STEP][PASSED] - data = findTestData("PlanFact"): null

22-11-2024T06:35:43 - [TEST_STEP][PASSED] - n = data.getRowNumbers() + 1: null

22-11-2024T06:35:43 - [TEST_STEP][PASSED] - period = getText(findTestObject("Факторный анализ/Фильтр Период")): Text of object 'Object Repository/Факторный анализ/Фильтр Период' is: '1, 2, 3 кв. 2024 года'

22-11-2024T06:35:43 - [MESSAGE][PASSED] - Text of object 'Object Repository/Факторный анализ/Фильтр Период' is: '1, 2, 3 кв. 2024 года'

22-11-2024T06:35:43 - [TEST_STEP][PASSED] - println(period): null

22-11-2024T06:35:43 - [TEST_STEP][PASSED] - dashboardName = "Факторный анализ": null

22-11-2024T06:35:43 - [TEST_STEP][PASSED] - workbook01 = getWorkbook(excelFilePath): null

22-11-2024T06:35:43 - [TEST_STEP][PASSED] - sheet01 = getExcelSheet(workbook01, sheetName): null

22-11-2024T06:35:43 - [TEST_STEP][PASSED] - setValueToCellByIndex(sheet01, n, 0, dashboardName): null

22-11-2024T06:35:43 - [TEST_STEP][PASSED] - setValueToCellByIndex(sheet01, n, 1, DZO): null

22-11-2024T06:35:43 - [TEST_STEP][PASSED] - setValueToCellByIndex(sheet01, n, 2, vidget): null

22-11-2024T06:35:43 - [TEST_STEP][PASSED] - setValueToCellByIndex(sheet01, n, 3, typeOfData): null

22-11-2024T06:35:43 - [TEST_STEP][PASSED] - setValueToCellByIndex(sheet01, n, 4, otobrajeniyeDannyh): null

22-11-2024T06:35:43 - [TEST_STEP][PASSED] - setValueToCellByIndex(sheet01, n, 5, period): null

22-11-2024T06:35:43 - [TEST_STEP][PASSED] - setValueToCellByIndex(sheet01, n, 6, todaysDate): null

22-11-2024T06:35:43 - [TEST_STEP][PASSED] - n = n + 1: null

22-11-2024T06:35:43 - [TEST_STEP][PASSED] - saveWorkbook(excelFilePath, workbook01): null

22-11-2024T06:35:44 - [TEST_STEP][PASSED] - DZO = "Россети Урал (ГК)": null

22-11-2024T06:35:44 - [TEST_STEP][PASSED] - Script1719551244403.CompareDZO(x = UrA, y = UrB, run, typeOfData, otobrajeniyeDannyh, todaysDate, vidget, DZO): null

22-11-2024T06:35:44 - [TEST_STEP][PASSED] - x1 = x: null

22-11-2024T06:35:44 - [TEST_STEP][PASSED] - y1 = y: null

22-11-2024T06:35:44 - [TEST_STEP][PASSED] - i1 = <not implemented yet for class: org.codehaus.groovy.ast.expr.EmptyExpression>: null

22-11-2024T06:35:44 - [TEST_STEP][FAILED] - if (verifyEqual(x, y) == true): Unable to verify equal between actual object '65 636  459    594  218 805 233 973  671' and expected object '3 853  459    594  218 805 233 973  671' (Root cause: com.kms.katalon.core.exception.StepFailedException: Actual object '65 636  459    594  218 805 233 973  671' and expected object '3 853  459    594  218 805 233 973  671' are not equal
	at com.kms.katalon.core.keyword.builtin.VerifyEqualKeyword$_verifyEqual_closure1.doCall(VerifyEqualKeyword.groovy:58)
	at com.kms.katalon.core.keyword.builtin.VerifyEqualKeyword$_verifyEqual_closure1.call(VerifyEqualKeyword.groovy)
	at com.kms.katalon.core.keyword.internal.KeywordMain.runKeyword(KeywordMain.groovy:75)
	at com.kms.katalon.core.keyword.builtin.VerifyEqualKeyword.verifyEqual(VerifyEqualKeyword.groovy:63)
	at com.kms.katalon.core.keyword.builtin.VerifyEqualKeyword.execute(VerifyEqualKeyword.groovy:44)
	at com.kms.katalon.core.keyword.internal.KeywordExecutor.executeKeywordForPlatform(KeywordExecutor.groovy:74)
	at com.kms.katalon.core.keyword.BuiltinKeywords.verifyEqual(BuiltinKeywords.groovy:146)
	at jdk.internal.reflect.GeneratedMethodAccessor25.invoke(Unknown Source)
	at java.base/jdk.internal.reflect.DelegatingMethodAccessorImpl.invoke(DelegatingMethodAccessorImpl.java:43)
	at Факторный анализ сверка дашбордов.CompareDZO(Факторный анализ сверка дашбордов:679)
	at Факторный анализ сверка дашбордов.Test(Факторный анализ сверка дашбордов:633)
	at Факторный анализ сверка дашбордов.run(Факторный анализ сверка дашбордов:44)
	at com.kms.katalon.core.main.ScriptEngine.run(ScriptEngine.java:194)
	at com.kms.katalon.core.main.ScriptEngine.runScriptAsRawText(ScriptEngine.java:119)
	at com.kms.katalon.core.main.TestCaseExecutor.runScript(TestCaseExecutor.java:448)
	at com.kms.katalon.core.main.TestCaseExecutor.doExecute(TestCaseExecutor.java:439)
	at com.kms.katalon.core.main.TestCaseExecutor.processExecutionPhase(TestCaseExecutor.java:418)
	at com.kms.katalon.core.main.TestCaseExecutor.accessMainPhase(TestCaseExecutor.java:410)
	at com.kms.katalon.core.main.TestCaseExecutor.execute(TestCaseExecutor.java:285)
	at com.kms.katalon.core.common.CommonExecutor.accessTestCaseMainPhase(CommonExecutor.java:65)
	at com.kms.katalon.core.main.TestSuiteExecutor.accessTestSuiteMainPhase(TestSuiteExecutor.java:150)
	at com.kms.katalon.core.main.TestSuiteExecutor.execute(TestSuiteExecutor.java:106)
	at com.kms.katalon.core.main.TestCaseMain.startTestSuite(TestCaseMain.java:180)
	at TempTestSuite1732232929817.run(TempTestSuite1732232929817.groovy:35)
	at java.base/jdk.internal.reflect.NativeMethodAccessorImpl.invoke0(Native Method)
	at java.base/jdk.internal.reflect.NativeMethodAccessorImpl.invoke(NativeMethodAccessorImpl.java:77)
	at java.base/jdk.internal.reflect.DelegatingMethodAccessorImpl.invoke(DelegatingMethodAccessorImpl.java:43)
)

22-11-2024T06:35:44 - [MESSAGE][FAILED] - Unable to verify equal between actual object '65 636  459    594  218 805 233 973  671' and expected object '3 853  459    594  218 805 233 973  671' (Root cause: com.kms.katalon.core.exception.StepFailedException: Actual object '65 636  459    594  218 805 233 973  671' and expected object '3 853  459    594  218 805 233 973  671' are not equal
	at com.kms.katalon.core.keyword.builtin.VerifyEqualKeyword$_verifyEqual_closure1.doCall(VerifyEqualKeyword.groovy:58)
	at com.kms.katalon.core.keyword.builtin.VerifyEqualKeyword$_verifyEqual_closure1.call(VerifyEqualKeyword.groovy)
	at com.kms.katalon.core.keyword.internal.KeywordMain.runKeyword(KeywordMain.groovy:75)
	at com.kms.katalon.core.keyword.builtin.VerifyEqualKeyword.verifyEqual(VerifyEqualKeyword.groovy:63)
	at com.kms.katalon.core.keyword.builtin.VerifyEqualKeyword.execute(VerifyEqualKeyword.groovy:44)
	at com.kms.katalon.core.keyword.internal.KeywordExecutor.executeKeywordForPlatform(KeywordExecutor.groovy:74)
	at com.kms.katalon.core.keyword.BuiltinKeywords.verifyEqual(BuiltinKeywords.groovy:146)
	at jdk.internal.reflect.GeneratedMethodAccessor25.invoke(Unknown Source)
	at java.base/jdk.internal.reflect.DelegatingMethodAccessorImpl.invoke(DelegatingMethodAccessorImpl.java:43)
	at Факторный анализ сверка дашбордов.CompareDZO(Факторный анализ сверка дашбордов:679)
	at Факторный анализ сверка дашбордов.Test(Факторный анализ сверка дашбордов:633)
	at Факторный анализ сверка дашбордов.run(Факторный анализ сверка дашбордов:44)
	at com.kms.katalon.core.main.ScriptEngine.run(ScriptEngine.java:194)
	at com.kms.katalon.core.main.ScriptEngine.runScriptAsRawText(ScriptEngine.java:119)
	at com.kms.katalon.core.main.TestCaseExecutor.runScript(TestCaseExecutor.java:448)
	at com.kms.katalon.core.main.TestCaseExecutor.doExecute(TestCaseExecutor.java:439)
	at com.kms.katalon.core.main.TestCaseExecutor.processExecutionPhase(TestCaseExecutor.java:418)
	at com.kms.katalon.core.main.TestCaseExecutor.accessMainPhase(TestCaseExecutor.java:410)
	at com.kms.katalon.core.main.TestCaseExecutor.execute(TestCaseExecutor.java:285)
	at com.kms.katalon.core.common.CommonExecutor.accessTestCaseMainPhase(CommonExecutor.java:65)
	at com.kms.katalon.core.main.TestSuiteExecutor.accessTestSuiteMainPhase(TestSuiteExecutor.java:150)
	at com.kms.katalon.core.main.TestSuiteExecutor.execute(TestSuiteExecutor.java:106)
	at com.kms.katalon.core.main.TestCaseMain.startTestSuite(TestCaseMain.java:180)
	at TempTestSuite1732232929817.run(TempTestSuite1732232929817.groovy:35)
	at java.base/jdk.internal.reflect.NativeMethodAccessorImpl.invoke0(Native Method)
	at java.base/jdk.internal.reflect.NativeMethodAccessorImpl.invoke(NativeMethodAccessorImpl.java:77)
	at java.base/jdk.internal.reflect.DelegatingMethodAccessorImpl.invoke(DelegatingMethodAccessorImpl.java:43)
)

22-11-2024T06:35:44 - [TEST_STEP][PASSED] - else: null

22-11-2024T06:35:44 - [TEST_STEP][PASSED] - otobrajeniyeDannyh = "Все": null

22-11-2024T06:35:44 - [TEST_STEP][PASSED] - vidget = "Всего отклонения по факторам": null

22-11-2024T06:35:44 - [TEST_STEP][PASSED] - Script1719551244403.WriteToExcel(todaysDate, typeOfData, otobrajeniyeDannyh, x, y, vidget, DZO): null

22-11-2024T06:35:44 - [TEST_STEP][PASSED] - sheetName = "Sheet1": null

22-11-2024T06:35:44 - [TEST_STEP][PASSED] - data = findTestData("PlanFact"): null

22-11-2024T06:35:44 - [TEST_STEP][PASSED] - n = data.getRowNumbers() + 1: null

22-11-2024T06:35:44 - [TEST_STEP][PASSED] - period = getText(findTestObject("Факторный анализ/Фильтр Период")): Text of object 'Object Repository/Факторный анализ/Фильтр Период' is: '1, 2, 3 кв. 2024 года'

22-11-2024T06:35:44 - [MESSAGE][PASSED] - Text of object 'Object Repository/Факторный анализ/Фильтр Период' is: '1, 2, 3 кв. 2024 года'

22-11-2024T06:35:44 - [TEST_STEP][PASSED] - println(period): null

22-11-2024T06:35:44 - [TEST_STEP][PASSED] - dashboardName = "Факторный анализ": null

22-11-2024T06:35:44 - [TEST_STEP][PASSED] - workbook01 = getWorkbook(excelFilePath): null

22-11-2024T06:35:44 - [TEST_STEP][PASSED] - sheet01 = getExcelSheet(workbook01, sheetName): null

22-11-2024T06:35:44 - [TEST_STEP][PASSED] - setValueToCellByIndex(sheet01, n, 0, dashboardName): null

22-11-2024T06:35:44 - [TEST_STEP][PASSED] - setValueToCellByIndex(sheet01, n, 1, DZO): null

22-11-2024T06:35:44 - [TEST_STEP][PASSED] - setValueToCellByIndex(sheet01, n, 2, vidget): null

22-11-2024T06:35:44 - [TEST_STEP][PASSED] - setValueToCellByIndex(sheet01, n, 3, typeOfData): null

22-11-2024T06:35:44 - [TEST_STEP][PASSED] - setValueToCellByIndex(sheet01, n, 4, otobrajeniyeDannyh): null

22-11-2024T06:35:44 - [TEST_STEP][PASSED] - setValueToCellByIndex(sheet01, n, 5, period): null

22-11-2024T06:35:44 - [TEST_STEP][PASSED] - setValueToCellByIndex(sheet01, n, 6, todaysDate): null

22-11-2024T06:35:44 - [TEST_STEP][PASSED] - n = n + 1: null

22-11-2024T06:35:44 - [TEST_STEP][PASSED] - saveWorkbook(excelFilePath, workbook01): null

22-11-2024T06:35:44 - [TEST_STEP][PASSED] - DZO = "Россети ФСК ЕЭС": null

22-11-2024T06:35:44 - [TEST_STEP][PASSED] - Script1719551244403.CompareDZO(x = FSKA, y = FSKB, run, typeOfData, otobrajeniyeDannyh, todaysDate, vidget, DZO): null

22-11-2024T06:35:44 - [TEST_STEP][PASSED] - x1 = x: null

22-11-2024T06:35:44 - [TEST_STEP][PASSED] - y1 = y: null

22-11-2024T06:35:44 - [TEST_STEP][PASSED] - i1 = <not implemented yet for class: org.codehaus.groovy.ast.expr.EmptyExpression>: null

22-11-2024T06:35:44 - [TEST_STEP][PASSED] - if (verifyEqual(x, y) == true): null

22-11-2024T06:35:44 - [MESSAGE][PASSED] - Actual object '973  671       8 044 6 045' and expected object '973  671       8 044 6 045' are equal

22-11-2024T06:35:44 - [TEST_STEP][PASSED] - DZO = "Центр": null

22-11-2024T06:35:44 - [TEST_STEP][PASSED] - Script1719551244403.CompareDZO(x = CenA, y = CenB, run, typeOfData, otobrajeniyeDannyh, todaysDate, vidget, DZO): null

22-11-2024T06:35:44 - [TEST_STEP][PASSED] - x1 = x: null

22-11-2024T06:35:44 - [TEST_STEP][PASSED] - y1 = y: null

22-11-2024T06:35:44 - [TEST_STEP][PASSED] - i1 = <not implemented yet for class: org.codehaus.groovy.ast.expr.EmptyExpression>: null

22-11-2024T06:35:44 - [TEST_STEP][FAILED] - if (verifyEqual(x, y) == true): Unable to verify equal between actual object '8 044 6 045   299 111 4 489 32 12 187 182 83 2 2 381 132 731  322 3 553 22 6 765 35 5 262 4 319 127 6 307 31' and expected object '8 044 6 045   299 111 73 22 602 133 83 2 96 86 731  322 148 21 64 35 276 4 319 127 545 4' (Root cause: com.kms.katalon.core.exception.StepFailedException: Actual object '8 044 6 045   299 111 4 489 32 12 187 182 83 2 2 381 132 731  322 3 553 22 6 765 35 5 262 4 319 127 6 307 31' and expected object '8 044 6 045   299 111 73 22 602 133 83 2 96 86 731  322 148 21 64 35 276 4 319 127 545 4' are not equal
	at com.kms.katalon.core.keyword.builtin.VerifyEqualKeyword$_verifyEqual_closure1.doCall(VerifyEqualKeyword.groovy:58)
	at com.kms.katalon.core.keyword.builtin.VerifyEqualKeyword$_verifyEqual_closure1.call(VerifyEqualKeyword.groovy)
	at com.kms.katalon.core.keyword.internal.KeywordMain.runKeyword(KeywordMain.groovy:75)
	at com.kms.katalon.core.keyword.builtin.VerifyEqualKeyword.verifyEqual(VerifyEqualKeyword.groovy:63)
	at com.kms.katalon.core.keyword.builtin.VerifyEqualKeyword.execute(VerifyEqualKeyword.groovy:44)
	at com.kms.katalon.core.keyword.internal.KeywordExecutor.executeKeywordForPlatform(KeywordExecutor.groovy:74)
	at com.kms.katalon.core.keyword.BuiltinKeywords.verifyEqual(BuiltinKeywords.groovy:146)
	at jdk.internal.reflect.GeneratedMethodAccessor25.invoke(Unknown Source)
	at java.base/jdk.internal.reflect.DelegatingMethodAccessorImpl.invoke(DelegatingMethodAccessorImpl.java:43)
	at Факторный анализ сверка дашбордов.CompareDZO(Факторный анализ сверка дашбордов:679)
	at Факторный анализ сверка дашбордов.Test(Факторный анализ сверка дашбордов:641)
	at Факторный анализ сверка дашбордов.run(Факторный анализ сверка дашбордов:44)
	at com.kms.katalon.core.main.ScriptEngine.run(ScriptEngine.java:194)
	at com.kms.katalon.core.main.ScriptEngine.runScriptAsRawText(ScriptEngine.java:119)
	at com.kms.katalon.core.main.TestCaseExecutor.runScript(TestCaseExecutor.java:448)
	at com.kms.katalon.core.main.TestCaseExecutor.doExecute(TestCaseExecutor.java:439)
	at com.kms.katalon.core.main.TestCaseExecutor.processExecutionPhase(TestCaseExecutor.java:418)
	at com.kms.katalon.core.main.TestCaseExecutor.accessMainPhase(TestCaseExecutor.java:410)
	at com.kms.katalon.core.main.TestCaseExecutor.execute(TestCaseExecutor.java:285)
	at com.kms.katalon.core.common.CommonExecutor.accessTestCaseMainPhase(CommonExecutor.java:65)
	at com.kms.katalon.core.main.TestSuiteExecutor.accessTestSuiteMainPhase(TestSuiteExecutor.java:150)
	at com.kms.katalon.core.main.TestSuiteExecutor.execute(TestSuiteExecutor.java:106)
	at com.kms.katalon.core.main.TestCaseMain.startTestSuite(TestCaseMain.java:180)
	at TempTestSuite1732232929817.run(TempTestSuite1732232929817.groovy:35)
	at java.base/jdk.internal.reflect.NativeMethodAccessorImpl.invoke0(Native Method)
	at java.base/jdk.internal.reflect.NativeMethodAccessorImpl.invoke(NativeMethodAccessorImpl.java:77)
	at java.base/jdk.internal.reflect.DelegatingMethodAccessorImpl.invoke(DelegatingMethodAccessorImpl.java:43)
)

22-11-2024T06:35:44 - [MESSAGE][FAILED] - Unable to verify equal between actual object '8 044 6 045   299 111 4 489 32 12 187 182 83 2 2 381 132 731  322 3 553 22 6 765 35 5 262 4 319 127 6 307 31' and expected object '8 044 6 045   299 111 73 22 602 133 83 2 96 86 731  322 148 21 64 35 276 4 319 127 545 4' (Root cause: com.kms.katalon.core.exception.StepFailedException: Actual object '8 044 6 045   299 111 4 489 32 12 187 182 83 2 2 381 132 731  322 3 553 22 6 765 35 5 262 4 319 127 6 307 31' and expected object '8 044 6 045   299 111 73 22 602 133 83 2 96 86 731  322 148 21 64 35 276 4 319 127 545 4' are not equal
	at com.kms.katalon.core.keyword.builtin.VerifyEqualKeyword$_verifyEqual_closure1.doCall(VerifyEqualKeyword.groovy:58)
	at com.kms.katalon.core.keyword.builtin.VerifyEqualKeyword$_verifyEqual_closure1.call(VerifyEqualKeyword.groovy)
	at com.kms.katalon.core.keyword.internal.KeywordMain.runKeyword(KeywordMain.groovy:75)
	at com.kms.katalon.core.keyword.builtin.VerifyEqualKeyword.verifyEqual(VerifyEqualKeyword.groovy:63)
	at com.kms.katalon.core.keyword.builtin.VerifyEqualKeyword.execute(VerifyEqualKeyword.groovy:44)
	at com.kms.katalon.core.keyword.internal.KeywordExecutor.executeKeywordForPlatform(KeywordExecutor.groovy:74)
	at com.kms.katalon.core.keyword.BuiltinKeywords.verifyEqual(BuiltinKeywords.groovy:146)
	at jdk.internal.reflect.GeneratedMethodAccessor25.invoke(Unknown Source)
	at java.base/jdk.internal.reflect.DelegatingMethodAccessorImpl.invoke(DelegatingMethodAccessorImpl.java:43)
	at Факторный анализ сверка дашбордов.CompareDZO(Факторный анализ сверка дашбордов:679)
	at Факторный анализ сверка дашбордов.Test(Факторный анализ сверка дашбордов:641)
	at Факторный анализ сверка дашбордов.run(Факторный анализ сверка дашбордов:44)
	at com.kms.katalon.core.main.ScriptEngine.run(ScriptEngine.java:194)
	at com.kms.katalon.core.main.ScriptEngine.runScriptAsRawText(ScriptEngine.java:119)
	at com.kms.katalon.core.main.TestCaseExecutor.runScript(TestCaseExecutor.java:448)
	at com.kms.katalon.core.main.TestCaseExecutor.doExecute(TestCaseExecutor.java:439)
	at com.kms.katalon.core.main.TestCaseExecutor.processExecutionPhase(TestCaseExecutor.java:418)
	at com.kms.katalon.core.main.TestCaseExecutor.accessMainPhase(TestCaseExecutor.java:410)
	at com.kms.katalon.core.main.TestCaseExecutor.execute(TestCaseExecutor.java:285)
	at com.kms.katalon.core.common.CommonExecutor.accessTestCaseMainPhase(CommonExecutor.java:65)
	at com.kms.katalon.core.main.TestSuiteExecutor.accessTestSuiteMainPhase(TestSuiteExecutor.java:150)
	at com.kms.katalon.core.main.TestSuiteExecutor.execute(TestSuiteExecutor.java:106)
	at com.kms.katalon.core.main.TestCaseMain.startTestSuite(TestCaseMain.java:180)
	at TempTestSuite1732232929817.run(TempTestSuite1732232929817.groovy:35)
	at java.base/jdk.internal.reflect.NativeMethodAccessorImpl.invoke0(Native Method)
	at java.base/jdk.internal.reflect.NativeMethodAccessorImpl.invoke(NativeMethodAccessorImpl.java:77)
	at java.base/jdk.internal.reflect.DelegatingMethodAccessorImpl.invoke(DelegatingMethodAccessorImpl.java:43)
)

22-11-2024T06:35:44 - [TEST_STEP][PASSED] - else: null

22-11-2024T06:35:44 - [TEST_STEP][PASSED] - otobrajeniyeDannyh = "Все": null

22-11-2024T06:35:44 - [TEST_STEP][PASSED] - vidget = "Всего отклонения по факторам": null

22-11-2024T06:35:44 - [TEST_STEP][PASSED] - Script1719551244403.WriteToExcel(todaysDate, typeOfData, otobrajeniyeDannyh, x, y, vidget, DZO): null

22-11-2024T06:35:44 - [TEST_STEP][PASSED] - sheetName = "Sheet1": null

22-11-2024T06:35:44 - [TEST_STEP][PASSED] - data = findTestData("PlanFact"): null

22-11-2024T06:35:44 - [TEST_STEP][PASSED] - n = data.getRowNumbers() + 1: null

22-11-2024T06:35:44 - [TEST_STEP][PASSED] - period = getText(findTestObject("Факторный анализ/Фильтр Период")): Text of object 'Object Repository/Факторный анализ/Фильтр Период' is: '1, 2, 3 кв. 2024 года'

22-11-2024T06:35:44 - [MESSAGE][PASSED] - Text of object 'Object Repository/Факторный анализ/Фильтр Период' is: '1, 2, 3 кв. 2024 года'

22-11-2024T06:35:44 - [TEST_STEP][PASSED] - println(period): null

22-11-2024T06:35:44 - [TEST_STEP][PASSED] - dashboardName = "Факторный анализ": null

22-11-2024T06:35:44 - [TEST_STEP][PASSED] - workbook01 = getWorkbook(excelFilePath): null

22-11-2024T06:35:45 - [TEST_STEP][PASSED] - sheet01 = getExcelSheet(workbook01, sheetName): null

22-11-2024T06:35:45 - [TEST_STEP][PASSED] - setValueToCellByIndex(sheet01, n, 0, dashboardName): null

22-11-2024T06:35:45 - [TEST_STEP][PASSED] - setValueToCellByIndex(sheet01, n, 1, DZO): null

22-11-2024T06:35:45 - [TEST_STEP][PASSED] - setValueToCellByIndex(sheet01, n, 2, vidget): null

22-11-2024T06:35:45 - [TEST_STEP][PASSED] - setValueToCellByIndex(sheet01, n, 3, typeOfData): null

22-11-2024T06:35:45 - [TEST_STEP][PASSED] - setValueToCellByIndex(sheet01, n, 4, otobrajeniyeDannyh): null

22-11-2024T06:35:45 - [TEST_STEP][PASSED] - setValueToCellByIndex(sheet01, n, 5, period): null

22-11-2024T06:35:45 - [TEST_STEP][PASSED] - setValueToCellByIndex(sheet01, n, 6, todaysDate): null

22-11-2024T06:35:45 - [TEST_STEP][PASSED] - n = n + 1: null

22-11-2024T06:35:45 - [TEST_STEP][PASSED] - saveWorkbook(excelFilePath, workbook01): null

22-11-2024T06:35:45 - [TEST_STEP][PASSED] - DZO = "Центр и Приволжье (ГК)": null

22-11-2024T06:35:45 - [TEST_STEP][PASSED] - Script1719551244403.CompareDZO(x = CiPA, y = CiPB, run, typeOfData, otobrajeniyeDannyh, todaysDate, vidget, DZO): null

22-11-2024T06:35:45 - [TEST_STEP][PASSED] - x1 = x: null

22-11-2024T06:35:45 - [TEST_STEP][PASSED] - y1 = y: null

22-11-2024T06:35:45 - [TEST_STEP][PASSED] - i1 = <not implemented yet for class: org.codehaus.groovy.ast.expr.EmptyExpression>: null

22-11-2024T06:35:45 - [TEST_STEP][FAILED] - if (verifyEqual(x, y) == true): Unable to verify equal between actual object '6 307 31      517 49 169 40 558 42 403 0 144 19 658 231 259 47 733  209 294 3' and expected object '545 4      517 49 169 40 558 42 403 0 144 19 658 231 259 47 733  209 294 3' (Root cause: com.kms.katalon.core.exception.StepFailedException: Actual object '6 307 31      517 49 169 40 558 42 403 0 144 19 658 231 259 47 733  209 294 3' and expected object '545 4      517 49 169 40 558 42 403 0 144 19 658 231 259 47 733  209 294 3' are not equal
	at com.kms.katalon.core.keyword.builtin.VerifyEqualKeyword$_verifyEqual_closure1.doCall(VerifyEqualKeyword.groovy:58)
	at com.kms.katalon.core.keyword.builtin.VerifyEqualKeyword$_verifyEqual_closure1.call(VerifyEqualKeyword.groovy)
	at com.kms.katalon.core.keyword.internal.KeywordMain.runKeyword(KeywordMain.groovy:75)
	at com.kms.katalon.core.keyword.builtin.VerifyEqualKeyword.verifyEqual(VerifyEqualKeyword.groovy:63)
	at com.kms.katalon.core.keyword.builtin.VerifyEqualKeyword.execute(VerifyEqualKeyword.groovy:44)
	at com.kms.katalon.core.keyword.internal.KeywordExecutor.executeKeywordForPlatform(KeywordExecutor.groovy:74)
	at com.kms.katalon.core.keyword.BuiltinKeywords.verifyEqual(BuiltinKeywords.groovy:146)
	at jdk.internal.reflect.GeneratedMethodAccessor25.invoke(Unknown Source)
	at java.base/jdk.internal.reflect.DelegatingMethodAccessorImpl.invoke(DelegatingMethodAccessorImpl.java:43)
	at Факторный анализ сверка дашбордов.CompareDZO(Факторный анализ сверка дашбордов:679)
	at Факторный анализ сверка дашбордов.Test(Факторный анализ сверка дашбордов:645)
	at Факторный анализ сверка дашбордов.run(Факторный анализ сверка дашбордов:44)
	at com.kms.katalon.core.main.ScriptEngine.run(ScriptEngine.java:194)
	at com.kms.katalon.core.main.ScriptEngine.runScriptAsRawText(ScriptEngine.java:119)
	at com.kms.katalon.core.main.TestCaseExecutor.runScript(TestCaseExecutor.java:448)
	at com.kms.katalon.core.main.TestCaseExecutor.doExecute(TestCaseExecutor.java:439)
	at com.kms.katalon.core.main.TestCaseExecutor.processExecutionPhase(TestCaseExecutor.java:418)
	at com.kms.katalon.core.main.TestCaseExecutor.accessMainPhase(TestCaseExecutor.java:410)
	at com.kms.katalon.core.main.TestCaseExecutor.execute(TestCaseExecutor.java:285)
	at com.kms.katalon.core.common.CommonExecutor.accessTestCaseMainPhase(CommonExecutor.java:65)
	at com.kms.katalon.core.main.TestSuiteExecutor.accessTestSuiteMainPhase(TestSuiteExecutor.java:150)
	at com.kms.katalon.core.main.TestSuiteExecutor.execute(TestSuiteExecutor.java:106)
	at com.kms.katalon.core.main.TestCaseMain.startTestSuite(TestCaseMain.java:180)
	at TempTestSuite1732232929817.run(TempTestSuite1732232929817.groovy:35)
	at java.base/jdk.internal.reflect.NativeMethodAccessorImpl.invoke0(Native Method)
	at java.base/jdk.internal.reflect.NativeMethodAccessorImpl.invoke(NativeMethodAccessorImpl.java:77)
	at java.base/jdk.internal.reflect.DelegatingMethodAccessorImpl.invoke(DelegatingMethodAccessorImpl.java:43)
)

22-11-2024T06:35:45 - [MESSAGE][FAILED] - Unable to verify equal between actual object '6 307 31      517 49 169 40 558 42 403 0 144 19 658 231 259 47 733  209 294 3' and expected object '545 4      517 49 169 40 558 42 403 0 144 19 658 231 259 47 733  209 294 3' (Root cause: com.kms.katalon.core.exception.StepFailedException: Actual object '6 307 31      517 49 169 40 558 42 403 0 144 19 658 231 259 47 733  209 294 3' and expected object '545 4      517 49 169 40 558 42 403 0 144 19 658 231 259 47 733  209 294 3' are not equal
	at com.kms.katalon.core.keyword.builtin.VerifyEqualKeyword$_verifyEqual_closure1.doCall(VerifyEqualKeyword.groovy:58)
	at com.kms.katalon.core.keyword.builtin.VerifyEqualKeyword$_verifyEqual_closure1.call(VerifyEqualKeyword.groovy)
	at com.kms.katalon.core.keyword.internal.KeywordMain.runKeyword(KeywordMain.groovy:75)
	at com.kms.katalon.core.keyword.builtin.VerifyEqualKeyword.verifyEqual(VerifyEqualKeyword.groovy:63)
	at com.kms.katalon.core.keyword.builtin.VerifyEqualKeyword.execute(VerifyEqualKeyword.groovy:44)
	at com.kms.katalon.core.keyword.internal.KeywordExecutor.executeKeywordForPlatform(KeywordExecutor.groovy:74)
	at com.kms.katalon.core.keyword.BuiltinKeywords.verifyEqual(BuiltinKeywords.groovy:146)
	at jdk.internal.reflect.GeneratedMethodAccessor25.invoke(Unknown Source)
	at java.base/jdk.internal.reflect.DelegatingMethodAccessorImpl.invoke(DelegatingMethodAccessorImpl.java:43)
	at Факторный анализ сверка дашбордов.CompareDZO(Факторный анализ сверка дашбордов:679)
	at Факторный анализ сверка дашбордов.Test(Факторный анализ сверка дашбордов:645)
	at Факторный анализ сверка дашбордов.run(Факторный анализ сверка дашбордов:44)
	at com.kms.katalon.core.main.ScriptEngine.run(ScriptEngine.java:194)
	at com.kms.katalon.core.main.ScriptEngine.runScriptAsRawText(ScriptEngine.java:119)
	at com.kms.katalon.core.main.TestCaseExecutor.runScript(TestCaseExecutor.java:448)
	at com.kms.katalon.core.main.TestCaseExecutor.doExecute(TestCaseExecutor.java:439)
	at com.kms.katalon.core.main.TestCaseExecutor.processExecutionPhase(TestCaseExecutor.java:418)
	at com.kms.katalon.core.main.TestCaseExecutor.accessMainPhase(TestCaseExecutor.java:410)
	at com.kms.katalon.core.main.TestCaseExecutor.execute(TestCaseExecutor.java:285)
	at com.kms.katalon.core.common.CommonExecutor.accessTestCaseMainPhase(CommonExecutor.java:65)
	at com.kms.katalon.core.main.TestSuiteExecutor.accessTestSuiteMainPhase(TestSuiteExecutor.java:150)
	at com.kms.katalon.core.main.TestSuiteExecutor.execute(TestSuiteExecutor.java:106)
	at com.kms.katalon.core.main.TestCaseMain.startTestSuite(TestCaseMain.java:180)
	at TempTestSuite1732232929817.run(TempTestSuite1732232929817.groovy:35)
	at java.base/jdk.internal.reflect.NativeMethodAccessorImpl.invoke0(Native Method)
	at java.base/jdk.internal.reflect.NativeMethodAccessorImpl.invoke(NativeMethodAccessorImpl.java:77)
	at java.base/jdk.internal.reflect.DelegatingMethodAccessorImpl.invoke(DelegatingMethodAccessorImpl.java:43)
)

22-11-2024T06:35:45 - [TEST_STEP][PASSED] - else: null

22-11-2024T06:35:45 - [TEST_STEP][PASSED] - otobrajeniyeDannyh = "Все": null

22-11-2024T06:35:45 - [TEST_STEP][PASSED] - vidget = "Всего отклонения по факторам": null

22-11-2024T06:35:45 - [TEST_STEP][PASSED] - Script1719551244403.WriteToExcel(todaysDate, typeOfData, otobrajeniyeDannyh, x, y, vidget, DZO): null

22-11-2024T06:35:45 - [TEST_STEP][PASSED] - sheetName = "Sheet1": null

22-11-2024T06:35:45 - [TEST_STEP][PASSED] - data = findTestData("PlanFact"): null

22-11-2024T06:35:45 - [TEST_STEP][PASSED] - n = data.getRowNumbers() + 1: null

22-11-2024T06:35:45 - [TEST_STEP][PASSED] - period = getText(findTestObject("Факторный анализ/Фильтр Период")): Text of object 'Object Repository/Факторный анализ/Фильтр Период' is: '1, 2, 3 кв. 2024 года'

22-11-2024T06:35:45 - [MESSAGE][PASSED] - Text of object 'Object Repository/Факторный анализ/Фильтр Период' is: '1, 2, 3 кв. 2024 года'

22-11-2024T06:35:45 - [TEST_STEP][PASSED] - println(period): null

22-11-2024T06:35:45 - [TEST_STEP][PASSED] - dashboardName = "Факторный анализ": null

22-11-2024T06:35:45 - [TEST_STEP][PASSED] - workbook01 = getWorkbook(excelFilePath): null

22-11-2024T06:35:45 - [TEST_STEP][PASSED] - sheet01 = getExcelSheet(workbook01, sheetName): null

22-11-2024T06:35:45 - [TEST_STEP][PASSED] - setValueToCellByIndex(sheet01, n, 0, dashboardName): null

22-11-2024T06:35:45 - [TEST_STEP][PASSED] - setValueToCellByIndex(sheet01, n, 1, DZO): null

22-11-2024T06:35:45 - [TEST_STEP][PASSED] - setValueToCellByIndex(sheet01, n, 2, vidget): null

22-11-2024T06:35:45 - [TEST_STEP][PASSED] - setValueToCellByIndex(sheet01, n, 3, typeOfData): null

22-11-2024T06:35:45 - [TEST_STEP][PASSED] - setValueToCellByIndex(sheet01, n, 4, otobrajeniyeDannyh): null

22-11-2024T06:35:45 - [TEST_STEP][PASSED] - setValueToCellByIndex(sheet01, n, 5, period): null

22-11-2024T06:35:45 - [TEST_STEP][PASSED] - setValueToCellByIndex(sheet01, n, 6, todaysDate): null

22-11-2024T06:35:45 - [TEST_STEP][PASSED] - n = n + 1: null

22-11-2024T06:35:45 - [TEST_STEP][PASSED] - saveWorkbook(excelFilePath, workbook01): null

22-11-2024T06:35:45 - [TEST_STEP][PASSED] - DZO = "Россети Юг (ГК)": null

22-11-2024T06:35:45 - [TEST_STEP][PASSED] - Script1719551244403.CompareDZO(x = UgA, y = UgB, run, typeOfData, otobrajeniyeDannyh, todaysDate, vidget, DZO): null

22-11-2024T06:35:45 - [TEST_STEP][PASSED] - x1 = x: null

22-11-2024T06:35:45 - [TEST_STEP][PASSED] - y1 = y: null

22-11-2024T06:35:45 - [TEST_STEP][PASSED] - i1 = <not implemented yet for class: org.codehaus.groovy.ast.expr.EmptyExpression>: null

22-11-2024T06:35:45 - [TEST_STEP][FAILED] - if (verifyEqual(x, y) == true): Unable to verify equal between actual object '294 3     3 370 41 5 158 90 8 953  310 1 477 5 18 198 44' and expected object '294 3     153 41 73 90 392  310 58 5 779 44' (Root cause: com.kms.katalon.core.exception.StepFailedException: Actual object '294 3     3 370 41 5 158 90 8 953  310 1 477 5 18 198 44' and expected object '294 3     153 41 73 90 392  310 58 5 779 44' are not equal
	at com.kms.katalon.core.keyword.builtin.VerifyEqualKeyword$_verifyEqual_closure1.doCall(VerifyEqualKeyword.groovy:58)
	at com.kms.katalon.core.keyword.builtin.VerifyEqualKeyword$_verifyEqual_closure1.call(VerifyEqualKeyword.groovy)
	at com.kms.katalon.core.keyword.internal.KeywordMain.runKeyword(KeywordMain.groovy:75)
	at com.kms.katalon.core.keyword.builtin.VerifyEqualKeyword.verifyEqual(VerifyEqualKeyword.groovy:63)
	at com.kms.katalon.core.keyword.builtin.VerifyEqualKeyword.execute(VerifyEqualKeyword.groovy:44)
	at com.kms.katalon.core.keyword.internal.KeywordExecutor.executeKeywordForPlatform(KeywordExecutor.groovy:74)
	at com.kms.katalon.core.keyword.BuiltinKeywords.verifyEqual(BuiltinKeywords.groovy:146)
	at jdk.internal.reflect.GeneratedMethodAccessor25.invoke(Unknown Source)
	at java.base/jdk.internal.reflect.DelegatingMethodAccessorImpl.invoke(DelegatingMethodAccessorImpl.java:43)
	at Факторный анализ сверка дашбордов.CompareDZO(Факторный анализ сверка дашбордов:679)
	at Факторный анализ сверка дашбордов.Test(Факторный анализ сверка дашбордов:649)
	at Факторный анализ сверка дашбордов.run(Факторный анализ сверка дашбордов:44)
	at com.kms.katalon.core.main.ScriptEngine.run(ScriptEngine.java:194)
	at com.kms.katalon.core.main.ScriptEngine.runScriptAsRawText(ScriptEngine.java:119)
	at com.kms.katalon.core.main.TestCaseExecutor.runScript(TestCaseExecutor.java:448)
	at com.kms.katalon.core.main.TestCaseExecutor.doExecute(TestCaseExecutor.java:439)
	at com.kms.katalon.core.main.TestCaseExecutor.processExecutionPhase(TestCaseExecutor.java:418)
	at com.kms.katalon.core.main.TestCaseExecutor.accessMainPhase(TestCaseExecutor.java:410)
	at com.kms.katalon.core.main.TestCaseExecutor.execute(TestCaseExecutor.java:285)
	at com.kms.katalon.core.common.CommonExecutor.accessTestCaseMainPhase(CommonExecutor.java:65)
	at com.kms.katalon.core.main.TestSuiteExecutor.accessTestSuiteMainPhase(TestSuiteExecutor.java:150)
	at com.kms.katalon.core.main.TestSuiteExecutor.execute(TestSuiteExecutor.java:106)
	at com.kms.katalon.core.main.TestCaseMain.startTestSuite(TestCaseMain.java:180)
	at TempTestSuite1732232929817.run(TempTestSuite1732232929817.groovy:35)
	at java.base/jdk.internal.reflect.NativeMethodAccessorImpl.invoke0(Native Method)
	at java.base/jdk.internal.reflect.NativeMethodAccessorImpl.invoke(NativeMethodAccessorImpl.java:77)
	at java.base/jdk.internal.reflect.DelegatingMethodAccessorImpl.invoke(DelegatingMethodAccessorImpl.java:43)
)

22-11-2024T06:35:45 - [MESSAGE][FAILED] - Unable to verify equal between actual object '294 3     3 370 41 5 158 90 8 953  310 1 477 5 18 198 44' and expected object '294 3     153 41 73 90 392  310 58 5 779 44' (Root cause: com.kms.katalon.core.exception.StepFailedException: Actual object '294 3     3 370 41 5 158 90 8 953  310 1 477 5 18 198 44' and expected object '294 3     153 41 73 90 392  310 58 5 779 44' are not equal
	at com.kms.katalon.core.keyword.builtin.VerifyEqualKeyword$_verifyEqual_closure1.doCall(VerifyEqualKeyword.groovy:58)
	at com.kms.katalon.core.keyword.builtin.VerifyEqualKeyword$_verifyEqual_closure1.call(VerifyEqualKeyword.groovy)
	at com.kms.katalon.core.keyword.internal.KeywordMain.runKeyword(KeywordMain.groovy:75)
	at com.kms.katalon.core.keyword.builtin.VerifyEqualKeyword.verifyEqual(VerifyEqualKeyword.groovy:63)
	at com.kms.katalon.core.keyword.builtin.VerifyEqualKeyword.execute(VerifyEqualKeyword.groovy:44)
	at com.kms.katalon.core.keyword.internal.KeywordExecutor.executeKeywordForPlatform(KeywordExecutor.groovy:74)
	at com.kms.katalon.core.keyword.BuiltinKeywords.verifyEqual(BuiltinKeywords.groovy:146)
	at jdk.internal.reflect.GeneratedMethodAccessor25.invoke(Unknown Source)
	at java.base/jdk.internal.reflect.DelegatingMethodAccessorImpl.invoke(DelegatingMethodAccessorImpl.java:43)
	at Факторный анализ сверка дашбордов.CompareDZO(Факторный анализ сверка дашбордов:679)
	at Факторный анализ сверка дашбордов.Test(Факторный анализ сверка дашбордов:649)
	at Факторный анализ сверка дашбордов.run(Факторный анализ сверка дашбордов:44)
	at com.kms.katalon.core.main.ScriptEngine.run(ScriptEngine.java:194)
	at com.kms.katalon.core.main.ScriptEngine.runScriptAsRawText(ScriptEngine.java:119)
	at com.kms.katalon.core.main.TestCaseExecutor.runScript(TestCaseExecutor.java:448)
	at com.kms.katalon.core.main.TestCaseExecutor.doExecute(TestCaseExecutor.java:439)
	at com.kms.katalon.core.main.TestCaseExecutor.processExecutionPhase(TestCaseExecutor.java:418)
	at com.kms.katalon.core.main.TestCaseExecutor.accessMainPhase(TestCaseExecutor.java:410)
	at com.kms.katalon.core.main.TestCaseExecutor.execute(TestCaseExecutor.java:285)
	at com.kms.katalon.core.common.CommonExecutor.accessTestCaseMainPhase(CommonExecutor.java:65)
	at com.kms.katalon.core.main.TestSuiteExecutor.accessTestSuiteMainPhase(TestSuiteExecutor.java:150)
	at com.kms.katalon.core.main.TestSuiteExecutor.execute(TestSuiteExecutor.java:106)
	at com.kms.katalon.core.main.TestCaseMain.startTestSuite(TestCaseMain.java:180)
	at TempTestSuite1732232929817.run(TempTestSuite1732232929817.groovy:35)
	at java.base/jdk.internal.reflect.NativeMethodAccessorImpl.invoke0(Native Method)
	at java.base/jdk.internal.reflect.NativeMethodAccessorImpl.invoke(NativeMethodAccessorImpl.java:77)
	at java.base/jdk.internal.reflect.DelegatingMethodAccessorImpl.invoke(DelegatingMethodAccessorImpl.java:43)
)

22-11-2024T06:35:45 - [TEST_STEP][PASSED] - else: null

22-11-2024T06:35:45 - [TEST_STEP][PASSED] - otobrajeniyeDannyh = "Все": null

22-11-2024T06:35:45 - [TEST_STEP][PASSED] - vidget = "Всего отклонения по факторам": null

22-11-2024T06:35:45 - [TEST_STEP][PASSED] - Script1719551244403.WriteToExcel(todaysDate, typeOfData, otobrajeniyeDannyh, x, y, vidget, DZO): null

22-11-2024T06:35:45 - [TEST_STEP][PASSED] - sheetName = "Sheet1": null

22-11-2024T06:35:45 - [TEST_STEP][PASSED] - data = findTestData("PlanFact"): null

22-11-2024T06:35:45 - [TEST_STEP][PASSED] - n = data.getRowNumbers() + 1: null

22-11-2024T06:35:45 - [TEST_STEP][PASSED] - period = getText(findTestObject("Факторный анализ/Фильтр Период")): Text of object 'Object Repository/Факторный анализ/Фильтр Период' is: '1, 2, 3 кв. 2024 года'

22-11-2024T06:35:46 - [MESSAGE][PASSED] - Text of object 'Object Repository/Факторный анализ/Фильтр Период' is: '1, 2, 3 кв. 2024 года'

22-11-2024T06:35:46 - [TEST_STEP][PASSED] - println(period): null

22-11-2024T06:35:46 - [TEST_STEP][PASSED] - dashboardName = "Факторный анализ": null

22-11-2024T06:35:46 - [TEST_STEP][PASSED] - workbook01 = getWorkbook(excelFilePath): null

22-11-2024T06:35:46 - [TEST_STEP][PASSED] - sheet01 = getExcelSheet(workbook01, sheetName): null

22-11-2024T06:35:46 - [TEST_STEP][PASSED] - setValueToCellByIndex(sheet01, n, 0, dashboardName): null

22-11-2024T06:35:46 - [TEST_STEP][PASSED] - setValueToCellByIndex(sheet01, n, 1, DZO): null

22-11-2024T06:35:46 - [TEST_STEP][PASSED] - setValueToCellByIndex(sheet01, n, 2, vidget): null

22-11-2024T06:35:46 - [TEST_STEP][PASSED] - setValueToCellByIndex(sheet01, n, 3, typeOfData): null

22-11-2024T06:35:46 - [TEST_STEP][PASSED] - setValueToCellByIndex(sheet01, n, 4, otobrajeniyeDannyh): null

22-11-2024T06:35:46 - [TEST_STEP][PASSED] - setValueToCellByIndex(sheet01, n, 5, period): null

22-11-2024T06:35:46 - [TEST_STEP][PASSED] - setValueToCellByIndex(sheet01, n, 6, todaysDate): null

22-11-2024T06:35:46 - [TEST_STEP][PASSED] - n = n + 1: null

22-11-2024T06:35:46 - [TEST_STEP][PASSED] - saveWorkbook(excelFilePath, workbook01): null

22-11-2024T06:35:46 - [TEST_STEP][PASSED] - DZO = "Россети Янтарь": null

22-11-2024T06:35:46 - [TEST_STEP][PASSED] - Script1719551244403.CompareDZO(x = YaA, y = YaB, run, typeOfData, otobrajeniyeDannyh, todaysDate, vidget, DZO): null

22-11-2024T06:35:46 - [TEST_STEP][PASSED] - x1 = x: null

22-11-2024T06:35:46 - [TEST_STEP][PASSED] - y1 = y: null

22-11-2024T06:35:46 - [TEST_STEP][PASSED] - i1 = <not implemented yet for class: org.codehaus.groovy.ast.expr.EmptyExpression>: null

22-11-2024T06:35:46 - [TEST_STEP][PASSED] - if (verifyEqual(x, y) == true): Actual object '305 28' and expected object '305 28' are equal

22-11-2024T06:35:46 - [MESSAGE][PASSED] - Actual object '305 28' and expected object '305 28' are equal

22-11-2024T06:35:46 - [TEST_STEP][PASSED] - closeBrowser(): Browser is closed

22-11-2024T06:35:46 - [MESSAGE][PASSED] - Browser is closed]]></system-out>
         <system-err><![CDATA[22-11-2024T06:24:42 - [TEST_CASE][FAILED] - Test Cases/Сверки дашбордов/Факторный анализ сверка дашбордов: Test Cases/Сверки дашбордов/Факторный анализ сверка дашбордов FAILED.
Reason:
com.kms.katalon.core.exception.StepFailedException: Unable to verify equal between actual object '-331405' and expected object '34260' (Root cause: com.kms.katalon.core.exception.StepFailedException: Actual object '-331405' and expected object '34260' are not equal
	at com.kms.katalon.core.keyword.builtin.VerifyEqualKeyword$_verifyEqual_closure1.doCall(VerifyEqualKeyword.groovy:58)
	at com.kms.katalon.core.keyword.builtin.VerifyEqualKeyword$_verifyEqual_closure1.call(VerifyEqualKeyword.groovy)
	at com.kms.katalon.core.keyword.internal.KeywordMain.runKeyword(KeywordMain.groovy:75)
	at com.kms.katalon.core.keyword.builtin.VerifyEqualKeyword.verifyEqual(VerifyEqualKeyword.groovy:63)
	at com.kms.katalon.core.keyword.builtin.VerifyEqualKeyword.execute(VerifyEqualKeyword.groovy:44)
	at com.kms.katalon.core.keyword.internal.KeywordExecutor.executeKeywordForPlatform(KeywordExecutor.groovy:74)
	at com.kms.katalon.core.keyword.BuiltinKeywords.verifyEqual(BuiltinKeywords.groovy:146)
	at jdk.internal.reflect.GeneratedMethodAccessor25.invoke(Unknown Source)
	at java.base/jdk.internal.reflect.DelegatingMethodAccessorImpl.invoke(DelegatingMethodAccessorImpl.java:43)
	at Факторный анализ сверка дашбордов.Compare(Факторный анализ сверка дашбордов:658)
	at Факторный анализ сверка дашбордов.Test(Факторный анализ сверка дашбордов:422)
	at Факторный анализ сверка дашбордов.run(Факторный анализ сверка дашбордов:44)
	at com.kms.katalon.core.main.ScriptEngine.run(ScriptEngine.java:194)
	at com.kms.katalon.core.main.ScriptEngine.runScriptAsRawText(ScriptEngine.java:119)
	at com.kms.katalon.core.main.TestCaseExecutor.runScript(TestCaseExecutor.java:448)
	at com.kms.katalon.core.main.TestCaseExecutor.doExecute(TestCaseExecutor.java:439)
	at com.kms.katalon.core.main.TestCaseExecutor.processExecutionPhase(TestCaseExecutor.java:418)
	at com.kms.katalon.core.main.TestCaseExecutor.accessMainPhase(TestCaseExecutor.java:410)
	at com.kms.katalon.core.main.TestCaseExecutor.execute(TestCaseExecutor.java:285)
	at com.kms.katalon.core.common.CommonExecutor.accessTestCaseMainPhase(CommonExecutor.java:65)
	at com.kms.katalon.core.main.TestSuiteExecutor.accessTestSuiteMainPhase(TestSuiteExecutor.java:150)
	at com.kms.katalon.core.main.TestSuiteExecutor.execute(TestSuiteExecutor.java:106)
	at com.kms.katalon.core.main.TestCaseMain.startTestSuite(TestCaseMain.java:180)
	at TempTestSuite1732232929817.run(TempTestSuite1732232929817.groovy:35)
	at java.base/jdk.internal.reflect.NativeMethodAccessorImpl.invoke0(Native Method)
	at java.base/jdk.internal.reflect.NativeMethodAccessorImpl.invoke(NativeMethodAccessorImpl.java:77)
	at java.base/jdk.internal.reflect.DelegatingMethodAccessorImpl.invoke(DelegatingMethodAccessorImpl.java:43)
)
	at com.kms.katalon.core.keyword.internal.KeywordMain.stepFailed(KeywordMain.groovy:39)
	at com.kms.katalon.core.keyword.internal.KeywordMain.stepFailed(KeywordMain.groovy)
	at com.kms.katalon.core.keyword.internal.KeywordMain.runKeyword(KeywordMain.groovy:77)
	at com.kms.katalon.core.keyword.builtin.VerifyEqualKeyword.verifyEqual(VerifyEqualKeyword.groovy:63)
	at com.kms.katalon.core.keyword.builtin.VerifyEqualKeyword.execute(VerifyEqualKeyword.groovy:44)
	at com.kms.katalon.core.keyword.internal.KeywordExecutor.executeKeywordForPlatform(KeywordExecutor.groovy:74)
	at com.kms.katalon.core.keyword.BuiltinKeywords.verifyEqual(BuiltinKeywords.groovy:146)
	at jdk.internal.reflect.GeneratedMethodAccessor25.invoke(Unknown Source)
	at java.base/jdk.internal.reflect.DelegatingMethodAccessorImpl.invoke(DelegatingMethodAccessorImpl.java:43)
	at Факторный анализ сверка дашбордов.Compare(Факторный анализ сверка дашбордов:658)
	at Факторный анализ сверка дашбордов.Test(Факторный анализ сверка дашбордов:422)
	at Факторный анализ сверка дашбордов.run(Факторный анализ сверка дашбордов:44)
	at com.kms.katalon.core.main.ScriptEngine.run(ScriptEngine.java:194)
	at com.kms.katalon.core.main.ScriptEngine.runScriptAsRawText(ScriptEngine.java:119)
	at com.kms.katalon.core.main.TestCaseExecutor.runScript(TestCaseExecutor.java:448)
	at com.kms.katalon.core.main.TestCaseExecutor.doExecute(TestCaseExecutor.java:439)
	at com.kms.katalon.core.main.TestCaseExecutor.processExecutionPhase(TestCaseExecutor.java:418)
	at com.kms.katalon.core.main.TestCaseExecutor.accessMainPhase(TestCaseExecutor.java:410)
	at com.kms.katalon.core.main.TestCaseExecutor.execute(TestCaseExecutor.java:285)
	at com.kms.katalon.core.common.CommonExecutor.accessTestCaseMainPhase(CommonExecutor.java:65)
	at com.kms.katalon.core.main.TestSuiteExecutor.accessTestSuiteMainPhase(TestSuiteExecutor.java:150)
	at com.kms.katalon.core.main.TestSuiteExecutor.execute(TestSuiteExecutor.java:106)
	at com.kms.katalon.core.main.TestCaseMain.startTestSuite(TestCaseMain.java:180)
	at TempTestSuite1732232929817.run(TempTestSuite1732232929817.groovy:35)
	at java.base/jdk.internal.reflect.NativeMethodAccessorImpl.invoke0(Native Method)
	at java.base/jdk.internal.reflect.NativeMethodAccessorImpl.invoke(NativeMethodAccessorImpl.java:77)
	at java.base/jdk.internal.reflect.DelegatingMethodAccessorImpl.invoke(DelegatingMethodAccessorImpl.java:43)
Caused by: com.kms.katalon.core.exception.StepFailedException: Actual object '-331405' and expected object '34260' are not equal
	at com.kms.katalon.core.keyword.builtin.VerifyEqualKeyword$_verifyEqual_closure1.doCall(VerifyEqualKeyword.groovy:58)
	at com.kms.katalon.core.keyword.builtin.VerifyEqualKeyword$_verifyEqual_closure1.call(VerifyEqualKeyword.groovy)
	at com.kms.katalon.core.keyword.internal.KeywordMain.runKeyword(KeywordMain.groovy:75)
	... 24 more]]></system-err>
      </testcase>
      <system-out><![CDATA[22-11-2024T02:48:54 - [TEST_SUITE][FAILED] - Сверка дашбордов из разных блоков: Test Cases/Сверки дашбордов/Выполнение бизнес-плана сверка дашбордов FAILED.
Reason:
com.kms.katalon.core.exception.StepFailedException: Unable to verify object is present (Root cause: com.kms.katalon.core.exception.StepFailedException: Unable to verify object is present
	at com.kms.katalon.core.webui.keyword.internal.WebUIKeywordMain.stepFailed(WebUIKeywordMain.groovy:64)
	at com.kms.katalon.core.webui.keyword.internal.WebUIKeywordMain.runKeyword(WebUIKeywordMain.groovy:26)
	at com.kms.katalon.core.webui.keyword.builtin.VerifyElementPresentKeyword.verifyElementPresent(VerifyElementPresentKeyword.groovy:92)
	at com.kms.katalon.core.webui.keyword.builtin.VerifyElementPresentKeyword.execute(VerifyElementPresentKeyword.groovy:68)
	at com.kms.katalon.core.keyword.internal.KeywordExecutor.executeKeywordForPlatform(KeywordExecutor.groovy:74)
	at com.kms.katalon.core.webui.keyword.WebUiBuiltInKeywords.verifyElementPresent(WebUiBuiltInKeywords.groovy:1503)
	at Выполнение бизнес-плана сверка дашбордов.GetAllPAOData(Выполнение бизнес-плана сверка дашбордов:862)
	at Выполнение бизнес-плана сверка дашбордов.run(Выполнение бизнес-плана сверка дашбордов:362)
	at com.kms.katalon.core.main.ScriptEngine.run(ScriptEngine.java:194)
	at com.kms.katalon.core.main.ScriptEngine.runScriptAsRawText(ScriptEngine.java:119)
	at com.kms.katalon.core.main.TestCaseExecutor.runScript(TestCaseExecutor.java:448)
	at com.kms.katalon.core.main.TestCaseExecutor.doExecute(TestCaseExecutor.java:439)
	at com.kms.katalon.core.main.TestCaseExecutor.processExecutionPhase(TestCaseExecutor.java:418)
	at com.kms.katalon.core.main.TestCaseExecutor.accessMainPhase(TestCaseExecutor.java:410)
	at com.kms.katalon.core.main.TestCaseExecutor.execute(TestCaseExecutor.java:285)
	at com.kms.katalon.core.common.CommonExecutor.accessTestCaseMainPhase(CommonExecutor.java:65)
	at com.kms.katalon.core.main.TestSuiteExecutor.accessTestSuiteMainPhase(TestSuiteExecutor.java:150)
	at com.kms.katalon.core.main.TestSuiteExecutor.execute(TestSuiteExecutor.java:106)
	at com.kms.katalon.core.main.TestCaseMain.startTestSuite(TestCaseMain.java:180)
	at TempTestSuite1732232929817.run(TempTestSuite1732232929817.groovy:35)
	at java.base/jdk.internal.reflect.NativeMethodAccessorImpl.invoke0(Native Method)
	at java.base/jdk.internal.reflect.NativeMethodAccessorImpl.invoke(NativeMethodAccessorImpl.java:77)
	at java.base/jdk.internal.reflect.DelegatingMethodAccessorImpl.invoke(DelegatingMethodAccessorImpl.java:43)
Caused by: java.lang.IllegalArgumentException: Object is null
	at com.kms.katalon.core.helper.KeywordHelper.checkTestObjectParameter(KeywordHelper.java:33)
	at com.kms.katalon.core.webui.keyword.builtin.VerifyElementPresentKeyword$_verifyElementPresent_closure1.doCall(VerifyElementPresentKeyword.groovy:76)
	at com.kms.katalon.core.webui.keyword.builtin.VerifyElementPresentKeyword$_verifyElementPresent_closure1.call(VerifyElementPresentKeyword.groovy)
	at com.kms.katalon.core.webui.keyword.internal.WebUIKeywordMain.runKeyword(WebUIKeywordMain.groovy:20)
	at com.kms.katalon.core.webui.keyword.builtin.VerifyElementPresentKeyword.verifyElementPresent(VerifyElementPresentKeyword.groovy:92)
	at com.kms.katalon.core.webui.keyword.builtin.VerifyElementPresentKeyword.execute(VerifyElementPresentKeyword.groovy:68)
	at com.kms.katalon.core.keyword.internal.KeywordExecutor.executeKeywordForPlatform(KeywordExecutor.groovy:74)
	at com.kms.katalon.core.webui.keyword.WebUiBuiltInKeywords.verifyElementPresent(WebUiBuiltInKeywords.groovy:1503)
	at Script1719299571342.GetAllPAOData(Script1719299571342.groovy:862)
	at Script1719299571342.run(Script1719299571342.groovy:362)
	... 15 more
)
	at com.kms.katalon.core.keyword.internal.KeywordMain.stepFailed(KeywordMain.groovy:39)
	at com.kms.katalon.core.webui.keyword.internal.WebUIKeywordMain.stepFailed(WebUIKeywordMain.groovy:64)
	at com.kms.katalon.core.webui.keyword.internal.WebUIKeywordMain.runKeyword(WebUIKeywordMain.groovy:26)
	at com.kms.katalon.core.webui.keyword.builtin.VerifyElementPresentKeyword.verifyElementPresent(VerifyElementPresentKeyword.groovy:92)
	at com.kms.katalon.core.webui.keyword.builtin.VerifyElementPresentKeyword.execute(VerifyElementPresentKeyword.groovy:68)
	at com.kms.katalon.core.keyword.internal.KeywordExecutor.executeKeywordForPlatform(KeywordExecutor.groovy:74)
	at com.kms.katalon.core.webui.keyword.WebUiBuiltInKeywords.verifyElementPresent(WebUiBuiltInKeywords.groovy:1503)
	at Выполнение бизнес-плана сверка дашбордов.GetAllPAOData(Выполнение бизнес-плана сверка дашбордов:862)
	at Выполнение бизнес-плана сверка дашбордов.run(Выполнение бизнес-плана сверка дашбордов:362)
	at com.kms.katalon.core.main.ScriptEngine.run(ScriptEngine.java:194)
	at com.kms.katalon.core.main.ScriptEngine.runScriptAsRawText(ScriptEngine.java:119)
	at com.kms.katalon.core.main.TestCaseExecutor.runScript(TestCaseExecutor.java:448)
	at com.kms.katalon.core.main.TestCaseExecutor.doExecute(TestCaseExecutor.java:439)
	at com.kms.katalon.core.main.TestCaseExecutor.processExecutionPhase(TestCaseExecutor.java:418)
	at com.kms.katalon.core.main.TestCaseExecutor.accessMainPhase(TestCaseExecutor.java:410)
	at com.kms.katalon.core.main.TestCaseExecutor.execute(TestCaseExecutor.java:285)
	at com.kms.katalon.core.common.CommonExecutor.accessTestCaseMainPhase(CommonExecutor.java:65)
	at com.kms.katalon.core.main.TestSuiteExecutor.accessTestSuiteMainPhase(TestSuiteExecutor.java:150)
	at com.kms.katalon.core.main.TestSuiteExecutor.execute(TestSuiteExecutor.java:106)
	at com.kms.katalon.core.main.TestCaseMain.startTestSuite(TestCaseMain.java:180)
	at TempTestSuite1732232929817.run(TempTestSuite1732232929817.groovy:35)
	at java.base/jdk.internal.reflect.NativeMethodAccessorImpl.invoke0(Native Method)
	at java.base/jdk.internal.reflect.NativeMethodAccessorImpl.invoke(NativeMethodAccessorImpl.java:77)
	at java.base/jdk.internal.reflect.DelegatingMethodAccessorImpl.invoke(DelegatingMethodAccessorImpl.java:43)
Caused by: com.kms.katalon.core.exception.StepFailedException: Unable to verify object is present
	... 23 more
Caused by: java.lang.IllegalArgumentException: Object is null
	at com.kms.katalon.core.helper.KeywordHelper.checkTestObjectParameter(KeywordHelper.java:33)
	at com.kms.katalon.core.webui.keyword.builtin.VerifyElementPresentKeyword$_verifyElementPresent_closure1.doCall(VerifyElementPresentKeyword.groovy:76)
	at com.kms.katalon.core.webui.keyword.builtin.VerifyElementPresentKeyword$_verifyElementPresent_closure1.call(VerifyElementPresentKeyword.groovy)
	at com.kms.katalon.core.webui.keyword.internal.WebUIKeywordMain.runKeyword(WebUIKeywordMain.groovy:20)
	... 21 more]]></system-out>
      <system-err><![CDATA[22-11-2024T02:48:54 - [TEST_SUITE][FAILED] - Сверка дашбордов из разных блоков: Test Cases/Сверки дашбордов/Выполнение бизнес-плана сверка дашбордов FAILED.
Reason:
com.kms.katalon.core.exception.StepFailedException: Unable to verify object is present (Root cause: com.kms.katalon.core.exception.StepFailedException: Unable to verify object is present
	at com.kms.katalon.core.webui.keyword.internal.WebUIKeywordMain.stepFailed(WebUIKeywordMain.groovy:64)
	at com.kms.katalon.core.webui.keyword.internal.WebUIKeywordMain.runKeyword(WebUIKeywordMain.groovy:26)
	at com.kms.katalon.core.webui.keyword.builtin.VerifyElementPresentKeyword.verifyElementPresent(VerifyElementPresentKeyword.groovy:92)
	at com.kms.katalon.core.webui.keyword.builtin.VerifyElementPresentKeyword.execute(VerifyElementPresentKeyword.groovy:68)
	at com.kms.katalon.core.keyword.internal.KeywordExecutor.executeKeywordForPlatform(KeywordExecutor.groovy:74)
	at com.kms.katalon.core.webui.keyword.WebUiBuiltInKeywords.verifyElementPresent(WebUiBuiltInKeywords.groovy:1503)
	at Выполнение бизнес-плана сверка дашбордов.GetAllPAOData(Выполнение бизнес-плана сверка дашбордов:862)
	at Выполнение бизнес-плана сверка дашбордов.run(Выполнение бизнес-плана сверка дашбордов:362)
	at com.kms.katalon.core.main.ScriptEngine.run(ScriptEngine.java:194)
	at com.kms.katalon.core.main.ScriptEngine.runScriptAsRawText(ScriptEngine.java:119)
	at com.kms.katalon.core.main.TestCaseExecutor.runScript(TestCaseExecutor.java:448)
	at com.kms.katalon.core.main.TestCaseExecutor.doExecute(TestCaseExecutor.java:439)
	at com.kms.katalon.core.main.TestCaseExecutor.processExecutionPhase(TestCaseExecutor.java:418)
	at com.kms.katalon.core.main.TestCaseExecutor.accessMainPhase(TestCaseExecutor.java:410)
	at com.kms.katalon.core.main.TestCaseExecutor.execute(TestCaseExecutor.java:285)
	at com.kms.katalon.core.common.CommonExecutor.accessTestCaseMainPhase(CommonExecutor.java:65)
	at com.kms.katalon.core.main.TestSuiteExecutor.accessTestSuiteMainPhase(TestSuiteExecutor.java:150)
	at com.kms.katalon.core.main.TestSuiteExecutor.execute(TestSuiteExecutor.java:106)
	at com.kms.katalon.core.main.TestCaseMain.startTestSuite(TestCaseMain.java:180)
	at TempTestSuite1732232929817.run(TempTestSuite1732232929817.groovy:35)
	at java.base/jdk.internal.reflect.NativeMethodAccessorImpl.invoke0(Native Method)
	at java.base/jdk.internal.reflect.NativeMethodAccessorImpl.invoke(NativeMethodAccessorImpl.java:77)
	at java.base/jdk.internal.reflect.DelegatingMethodAccessorImpl.invoke(DelegatingMethodAccessorImpl.java:43)
Caused by: java.lang.IllegalArgumentException: Object is null
	at com.kms.katalon.core.helper.KeywordHelper.checkTestObjectParameter(KeywordHelper.java:33)
	at com.kms.katalon.core.webui.keyword.builtin.VerifyElementPresentKeyword$_verifyElementPresent_closure1.doCall(VerifyElementPresentKeyword.groovy:76)
	at com.kms.katalon.core.webui.keyword.builtin.VerifyElementPresentKeyword$_verifyElementPresent_closure1.call(VerifyElementPresentKeyword.groovy)
	at com.kms.katalon.core.webui.keyword.internal.WebUIKeywordMain.runKeyword(WebUIKeywordMain.groovy:20)
	at com.kms.katalon.core.webui.keyword.builtin.VerifyElementPresentKeyword.verifyElementPresent(VerifyElementPresentKeyword.groovy:92)
	at com.kms.katalon.core.webui.keyword.builtin.VerifyElementPresentKeyword.execute(VerifyElementPresentKeyword.groovy:68)
	at com.kms.katalon.core.keyword.internal.KeywordExecutor.executeKeywordForPlatform(KeywordExecutor.groovy:74)
	at com.kms.katalon.core.webui.keyword.WebUiBuiltInKeywords.verifyElementPresent(WebUiBuiltInKeywords.groovy:1503)
	at Script1719299571342.GetAllPAOData(Script1719299571342.groovy:862)
	at Script1719299571342.run(Script1719299571342.groovy:362)
	... 15 more
)
	at com.kms.katalon.core.keyword.internal.KeywordMain.stepFailed(KeywordMain.groovy:39)
	at com.kms.katalon.core.webui.keyword.internal.WebUIKeywordMain.stepFailed(WebUIKeywordMain.groovy:64)
	at com.kms.katalon.core.webui.keyword.internal.WebUIKeywordMain.runKeyword(WebUIKeywordMain.groovy:26)
	at com.kms.katalon.core.webui.keyword.builtin.VerifyElementPresentKeyword.verifyElementPresent(VerifyElementPresentKeyword.groovy:92)
	at com.kms.katalon.core.webui.keyword.builtin.VerifyElementPresentKeyword.execute(VerifyElementPresentKeyword.groovy:68)
	at com.kms.katalon.core.keyword.internal.KeywordExecutor.executeKeywordForPlatform(KeywordExecutor.groovy:74)
	at com.kms.katalon.core.webui.keyword.WebUiBuiltInKeywords.verifyElementPresent(WebUiBuiltInKeywords.groovy:1503)
	at Выполнение бизнес-плана сверка дашбордов.GetAllPAOData(Выполнение бизнес-плана сверка дашбордов:862)
	at Выполнение бизнес-плана сверка дашбордов.run(Выполнение бизнес-плана сверка дашбордов:362)
	at com.kms.katalon.core.main.ScriptEngine.run(ScriptEngine.java:194)
	at com.kms.katalon.core.main.ScriptEngine.runScriptAsRawText(ScriptEngine.java:119)
	at com.kms.katalon.core.main.TestCaseExecutor.runScript(TestCaseExecutor.java:448)
	at com.kms.katalon.core.main.TestCaseExecutor.doExecute(TestCaseExecutor.java:439)
	at com.kms.katalon.core.main.TestCaseExecutor.processExecutionPhase(TestCaseExecutor.java:418)
	at com.kms.katalon.core.main.TestCaseExecutor.accessMainPhase(TestCaseExecutor.java:410)
	at com.kms.katalon.core.main.TestCaseExecutor.execute(TestCaseExecutor.java:285)
	at com.kms.katalon.core.common.CommonExecutor.accessTestCaseMainPhase(CommonExecutor.java:65)
	at com.kms.katalon.core.main.TestSuiteExecutor.accessTestSuiteMainPhase(TestSuiteExecutor.java:150)
	at com.kms.katalon.core.main.TestSuiteExecutor.execute(TestSuiteExecutor.java:106)
	at com.kms.katalon.core.main.TestCaseMain.startTestSuite(TestCaseMain.java:180)
	at TempTestSuite1732232929817.run(TempTestSuite1732232929817.groovy:35)
	at java.base/jdk.internal.reflect.NativeMethodAccessorImpl.invoke0(Native Method)
	at java.base/jdk.internal.reflect.NativeMethodAccessorImpl.invoke(NativeMethodAccessorImpl.java:77)
	at java.base/jdk.internal.reflect.DelegatingMethodAccessorImpl.invoke(DelegatingMethodAccessorImpl.java:43)
Caused by: com.kms.katalon.core.exception.StepFailedException: Unable to verify object is present
	... 23 more
Caused by: java.lang.IllegalArgumentException: Object is null
	at com.kms.katalon.core.helper.KeywordHelper.checkTestObjectParameter(KeywordHelper.java:33)
	at com.kms.katalon.core.webui.keyword.builtin.VerifyElementPresentKeyword$_verifyElementPresent_closure1.doCall(VerifyElementPresentKeyword.groovy:76)
	at com.kms.katalon.core.webui.keyword.builtin.VerifyElementPresentKeyword$_verifyElementPresent_closure1.call(VerifyElementPresentKeyword.groovy)
	at com.kms.katalon.core.webui.keyword.internal.WebUIKeywordMain.runKeyword(WebUIKeywordMain.groovy:20)
	... 21 more]]></system-err>
   </testsuite>
</testsuites>
