<?xml version="1.0" encoding="UTF-8"?>
<testsuites name="Сверка дашбордов из разных блоков" time="8407.958" tests="7" failures="4" errors="1">
   <testsuite name="Сверка дашбордов из разных блоков" tests="7" failures="4" errors="1" time="8407.958" skipped="0" timestamp="31-03-2025T10:08:03" hostname="liazgina-di - UVV-WS904-D.ot.ru" id="Test Suites/Пн-Ср-Пт/Сверка дашбордов из разных блоков">
      <properties>
         <property name="deviceName" value=""/>
         <property name="devicePlatform"/>
         <property name="logFolder" value="C:\\Users\\LIAZGINA-DI\\git\\SPORU\\Reports\\20250331_100758\\\u041F\u043D-\u0421\u0440-\u041F\u0442\\\u0421\u0432\u0435\u0440\u043A\u0430 \u0434\u0430\u0448\u0431\u043E\u0440\u0434\u043E\u0432 \u0438\u0437 \u0440\u0430\u0437\u043D\u044B\u0445 \u0431\u043B\u043E\u043A\u043E\u0432\\20250331_100758"/>
         <property name="logFiles" value="C:\\Users\\LIAZGINA-DI\\git\\SPORU\\Reports\\20250331_100758\\\u041F\u043D-\u0421\u0440-\u041F\u0442\\\u0421\u0432\u0435\u0440\u043A\u0430 \u0434\u0430\u0448\u0431\u043E\u0440\u0434\u043E\u0432 \u0438\u0437 \u0440\u0430\u0437\u043D\u044B\u0445 \u0431\u043B\u043E\u043A\u043E\u0432\\20250331_100758\\execution0.log, C:\\Users\\LIAZGINA-DI\\git\\SPORU\\Reports\\20250331_100758\\\u041F\u043D-\u0421\u0440-\u041F\u0442\\\u0421\u0432\u0435\u0440\u043A\u0430 \u0434\u0430\u0448\u0431\u043E\u0440\u0434\u043E\u0432 \u0438\u0437 \u0440\u0430\u0437\u043D\u044B\u0445 \u0431\u043B\u043E\u043A\u043E\u0432\\20250331_100758\\execution1.log"/>
         <property name="attachments" value="C:\\Users\\LIAZGINA-DI\\git\\SPORU\\Reports\\20250331_100758\\\u041F\u043D-\u0421\u0440-\u041F\u0442\\\u0421\u0432\u0435\u0440\u043A\u0430 \u0434\u0430\u0448\u0431\u043E\u0440\u0434\u043E\u0432 \u0438\u0437 \u0440\u0430\u0437\u043D\u044B\u0445 \u0431\u043B\u043E\u043A\u043E\u0432\\20250331_100758\\1743405797030.png, C:\\Users\\LIAZGINA-DI\\git\\SPORU\\Reports\\20250331_100758\\\u041F\u043D-\u0421\u0440-\u041F\u0442\\\u0421\u0432\u0435\u0440\u043A\u0430 \u0434\u0430\u0448\u0431\u043E\u0440\u0434\u043E\u0432 \u0438\u0437 \u0440\u0430\u0437\u043D\u044B\u0445 \u0431\u043B\u043E\u043A\u043E\u0432\\20250331_100758\\1743412063079.png, C:\\Users\\LIAZGINA-DI\\git\\SPORU\\Reports\\20250331_100758\\\u041F\u043D-\u0421\u0440-\u041F\u0442\\\u0421\u0432\u0435\u0440\u043A\u0430 \u0434\u0430\u0448\u0431\u043E\u0440\u0434\u043E\u0432 \u0438\u0437 \u0440\u0430\u0437\u043D\u044B\u0445 \u0431\u043B\u043E\u043A\u043E\u0432\\20250331_100758\\1743412391582.png, C:\\Users\\LIAZGINA-DI\\git\\SPORU\\Reports\\20250331_100758\\\u041F\u043D-\u0421\u0440-\u041F\u0442\\\u0421\u0432\u0435\u0440\u043A\u0430 \u0434\u0430\u0448\u0431\u043E\u0440\u0434\u043E\u0432 \u0438\u0437 \u0440\u0430\u0437\u043D\u044B\u0445 \u0431\u043B\u043E\u043A\u043E\u0432\\20250331_100758\\1743412479676.png, C:\\Users\\LIAZGINA-DI\\git\\SPORU\\Reports\\20250331_100758\\\u041F\u043D-\u0421\u0440-\u041F\u0442\\\u0421\u0432\u0435\u0440\u043A\u0430 \u0434\u0430\u0448\u0431\u043E\u0440\u0434\u043E\u0432 \u0438\u0437 \u0440\u0430\u0437\u043D\u044B\u0445 \u0431\u043B\u043E\u043A\u043E\u0432\\20250331_100758\\1743412664857.png, C:\\Users\\LIAZGINA-DI\\git\\SPORU\\Reports\\20250331_100758\\\u041F\u043D-\u0421\u0440-\u041F\u0442\\\u0421\u0432\u0435\u0440\u043A\u0430 \u0434\u0430\u0448\u0431\u043E\u0440\u0434\u043E\u0432 \u0438\u0437 \u0440\u0430\u0437\u043D\u044B\u0445 \u0431\u043B\u043E\u043A\u043E\u0432\\20250331_100758\\1743412829293.png, C:\\Users\\LIAZGINA-DI\\git\\SPORU\\Reports\\20250331_100758\\\u041F\u043D-\u0421\u0440-\u041F\u0442\\\u0421\u0432\u0435\u0440\u043A\u0430 \u0434\u0430\u0448\u0431\u043E\u0440\u0434\u043E\u0432 \u0438\u0437 \u0440\u0430\u0437\u043D\u044B\u0445 \u0431\u043B\u043E\u043A\u043E\u0432\\20250331_100758\\1743412862155.png, C:\\Users\\LIAZGINA-DI\\git\\SPORU\\Reports\\20250331_100758\\\u041F\u043D-\u0421\u0440-\u041F\u0442\\\u0421\u0432\u0435\u0440\u043A\u0430 \u0434\u0430\u0448\u0431\u043E\u0440\u0434\u043E\u0432 \u0438\u0437 \u0440\u0430\u0437\u043D\u044B\u0445 \u0431\u043B\u043E\u043A\u043E\u0432\\20250331_100758\\1743412901652.png, C:\\Users\\LIAZGINA-DI\\git\\SPORU\\Reports\\20250331_100758\\\u041F\u043D-\u0421\u0440-\u041F\u0442\\\u0421\u0432\u0435\u0440\u043A\u0430 \u0434\u0430\u0448\u0431\u043E\u0440\u0434\u043E\u0432 \u0438\u0437 \u0440\u0430\u0437\u043D\u044B\u0445 \u0431\u043B\u043E\u043A\u043E\u0432\\20250331_100758\\1743412941737.png, C:\\Users\\LIAZGINA-DI\\git\\SPORU\\Reports\\20250331_100758\\\u041F\u043D-\u0421\u0440-\u041F\u0442\\\u0421\u0432\u0435\u0440\u043A\u0430 \u0434\u0430\u0448\u0431\u043E\u0440\u0434\u043E\u0432 \u0438\u0437 \u0440\u0430\u0437\u043D\u044B\u0445 \u0431\u043B\u043E\u043A\u043E\u0432\\20250331_100758\\1743413115837.png, C:\\Users\\LIAZGINA-DI\\git\\SPORU\\Reports\\20250331_100758\\\u041F\u043D-\u0421\u0440-\u041F\u0442\\\u0421\u0432\u0435\u0440\u043A\u0430 \u0434\u0430\u0448\u0431\u043E\u0440\u0434\u043E\u0432 \u0438\u0437 \u0440\u0430\u0437\u043D\u044B\u0445 \u0431\u043B\u043E\u043A\u043E\u0432\\20250331_100758\\1743413288464.png"/>
         <property name="hostName" value="liazgina-di - UVV-WS904-D.ot.ru"/>
         <property name="os" value="Windows 10 64bit"/>
         <property name="katalonVersion" value="9.5.0.217"/>
         <property name="browser" value="Chrome 134.0.0.0"/>
         <property name="hostAddress" value="192.168.0.19"/>
         <property name="sessionId" value="e9318f25236172416669ac1a3d765be5"/>
         <property name="seleniumVersion" value="3.141.59"/>
         <property name="proxyInformation" value="ProxyInformation { proxyOption=NO_PROXY, proxyServerType=HTTP, username=, password=********, proxyServerAddress=, proxyServerPort=0, executionList=&quot;&quot;, isApplyToDesiredCapabilities=true }"/>
         <property name="platform" value="Windows 10"/>
      </properties>
      <testcase name="Test Cases/Сверки дашбордов/Блок руководителя сверка дашбордов под разными учётками" time="685.216" classname="Test Cases/Сверки дашбордов/Блок руководителя сверка дашбордов под разными учётками" status="FAILED">
         <failure type="FAILED" message="Test Cases/Сверки дашбордов/Блок руководителя сверка дашбордов под разными учётками FAILED.&#xa;Reason:&#xa;com.kms.katalon.core.exception.StepFailedException: Unable to navigate to 'https://bi.rosseti.digital/viewer?dashboardGuid=d154a8eaf6824e2b9de1bb04dd061c18&amp;sheetGuid=1305e8ce744049e1abdacea1ea397a26&amp;fit=true' (Root cause: com.kms.katalon.core.exception.StepFailedException: Unable to navigate to 'https://bi.rosseti.digital/viewer?dashboardGuid=d154a8eaf6824e2b9de1bb04dd061c18&amp;sheetGuid=1305e8ce744049e1abdacea1ea397a26&amp;fit=true'&#xa;	at com.kms.katalon.core.webui.keyword.internal.WebUIKeywordMain.stepFailed(WebUIKeywordMain.groovy:64)&#xa;	at com.kms.katalon.core.webui.keyword.internal.WebUIKeywordMain.runKeyword(WebUIKeywordMain.groovy:26)&#xa;	at com.kms.katalon.core.webui.keyword.builtin.NavigateToUrlKeyword.navigateToUrl(NavigateToUrlKeyword.groovy:83)&#xa;	at com.kms.katalon.core.webui.keyword.builtin.NavigateToUrlKeyword.execute(NavigateToUrlKeyword.groovy:67)&#xa;	at com.kms.katalon.core.keyword.internal.KeywordExecutor.executeKeywordForPlatform(KeywordExecutor.groovy:74)&#xa;	at com.kms.katalon.core.webui.keyword.WebUiBuiltInKeywords.navigateToUrl(WebUiBuiltInKeywords.groovy:187)&#xa;	at Блок руководителя сверка дашбордов под разными учётками.CheckPageDownload(Блок руководителя сверка дашбордов под разными учётками:130)&#xa;	at Блок руководителя сверка дашбордов под разными учётками.VipolnenieBiznesPlana(Блок руководителя сверка дашбордов под разными учётками:214)&#xa;	at Блок руководителя сверка дашбордов под разными учётками.run(Блок руководителя сверка дашбордов под разными учётками:52)&#xa;	at com.kms.katalon.core.main.ScriptEngine.run(ScriptEngine.java:194)&#xa;	at com.kms.katalon.core.main.ScriptEngine.runScriptAsRawText(ScriptEngine.java:119)&#xa;	at com.kms.katalon.core.main.TestCaseExecutor.runScript(TestCaseExecutor.java:448)&#xa;	at com.kms.katalon.core.main.TestCaseExecutor.doExecute(TestCaseExecutor.java:439)&#xa;	at com.kms.katalon.core.main.TestCaseExecutor.processExecutionPhase(TestCaseExecutor.java:418)&#xa;	at com.kms.katalon.core.main.TestCaseExecutor.accessMainPhase(TestCaseExecutor.java:410)&#xa;	at com.kms.katalon.core.main.TestCaseExecutor.execute(TestCaseExecutor.java:285)&#xa;	at com.kms.katalon.core.common.CommonExecutor.accessTestCaseMainPhase(CommonExecutor.java:65)&#xa;	at com.kms.katalon.core.main.TestSuiteExecutor.accessTestSuiteMainPhase(TestSuiteExecutor.java:150)&#xa;	at com.kms.katalon.core.main.TestSuiteExecutor.execute(TestSuiteExecutor.java:106)&#xa;	at com.kms.katalon.core.main.TestCaseMain.startTestSuite(TestCaseMain.java:180)&#xa;	at TempTestSuite1743404878601.run(TempTestSuite1743404878601.groovy:35)&#xa;	at java.base/jdk.internal.reflect.NativeMethodAccessorImpl.invoke0(Native Method)&#xa;	at java.base/jdk.internal.reflect.NativeMethodAccessorImpl.invoke(NativeMethodAccessorImpl.java:77)&#xa;	at java.base/jdk.internal.reflect.DelegatingMethodAccessorImpl.invoke(DelegatingMethodAccessorImpl.java:43)&#xa;Caused by: org.openqa.selenium.NoSuchSessionException: invalid session id&#xa;Build info: version: '3.141.59', revision: 'unknown', time: 'unknown'&#xa;System info: host: 'UVV-WS904-D', ip: '192.168.0.19', os.name: 'Windows 10', os.arch: 'amd64', os.version: '10.0', java.version: '17.0.7'&#xa;Driver info: com.kms.katalon.selenium.driver.CChromeDriver&#xa;Capabilities {acceptInsecureCerts: false, browserName: chrome, browserVersion: 134.0.6998.178, chrome: {chromedriverVersion: 134.0.6998.165 (fd886e2cb29..., userDataDir: C:\Users\LIAZGI~1\AppData\L...}, fedcm:accounts: true, goog:chromeOptions: {debuggerAddress: localhost:56027}, javascriptEnabled: true, networkConnectionEnabled: false, pageLoadStrategy: normal, platform: WINDOWS, platformName: WINDOWS, proxy: Proxy(), setWindowRect: true, strictFileInteractability: false, timeouts: {implicit: 0, pageLoad: 300000, script: 30000}, unhandledPromptBehavior: dismiss and notify, webauthn:extension:credBlob: true, webauthn:extension:largeBlob: true, webauthn:extension:minPinLength: true, webauthn:extension:prf: true, webauthn:virtualAuthenticators: true}&#xa;Session ID: b6e65ccba40b1587eaabac2d5d735ca5&#xa;	at java.base/jdk.internal.reflect.NativeConstructorAccessorImpl.newInstance0(Native Method)&#xa;	at java.base/jdk.internal.reflect.NativeConstructorAccessorImpl.newInstance(NativeConstructorAccessorImpl.java:77)&#xa;	at java.base/jdk.internal.reflect.DelegatingConstructorAccessorImpl.newInstance(DelegatingConstructorAccessorImpl.java:45)&#xa;	at org.openqa.selenium.remote.http.W3CHttpResponseCodec.createException(W3CHttpResponseCodec.java:187)&#xa;	at org.openqa.selenium.remote.http.W3CHttpResponseCodec.decode(W3CHttpResponseCodec.java:122)&#xa;	at org.openqa.selenium.remote.http.W3CHttpResponseCodec.decode(W3CHttpResponseCodec.java:49)&#xa;	at org.openqa.selenium.remote.HttpCommandExecutor.execute(HttpCommandExecutor.java:158)&#xa;	at org.openqa.selenium.remote.service.DriverCommandExecutor.execute(DriverCommandExecutor.java:83)&#xa;	at org.openqa.selenium.remote.RemoteWebDriver.execute(RemoteWebDriver.java:552)&#xa;	at com.kms.katalon.selenium.driver.CChromeDriver.execute(CChromeDriver.java:19)&#xa;	at org.openqa.selenium.remote.RemoteWebDriver.get(RemoteWebDriver.java:277)&#xa;	at org.openqa.selenium.remote.RemoteWebDriver$RemoteNavigation.to(RemoteWebDriver.java:857)&#xa;	at org.openqa.selenium.support.events.EventFiringWebDriver$EventFiringNavigation.to(EventFiringWebDriver.java:569)&#xa;	at com.kms.katalon.core.webui.keyword.builtin.NavigateToUrlKeyword$_navigateToUrl_closure1.doCall(NavigateToUrlKeyword.groovy:81)&#xa;	at com.kms.katalon.core.webui.keyword.builtin.NavigateToUrlKeyword$_navigateToUrl_closure1.call(NavigateToUrlKeyword.groovy)&#xa;	at com.kms.katalon.core.webui.keyword.internal.WebUIKeywordMain.runKeyword(WebUIKeywordMain.groovy:20)&#xa;	at com.kms.katalon.core.webui.keyword.builtin.NavigateToUrlKeyword.navigateToUrl(NavigateToUrlKeyword.groovy:83)&#xa;	at com.kms.katalon.core.webui.keyword.builtin.NavigateToUrlKeyword.execute(NavigateToUrlKeyword.groovy:67)&#xa;	at com.kms.katalon.core.keyword.internal.KeywordExecutor.executeKeywordForPlatform(KeywordExecutor.groovy:74)&#xa;	at com.kms.katalon.core.webui.keyword.WebUiBuiltInKeywords.navigateToUrl(WebUiBuiltInKeywords.groovy:187)&#xa;	at Script1686231490255.CheckPageDownload(Script1686231490255.groovy:130)&#xa;	at Script1686231490255.VipolnenieBiznesPlana(Script1686231490255.groovy:214)&#xa;	at Script1686231490255.run(Script1686231490255.groovy:52)&#xa;	... 15 more&#xa;)&#xa;	at com.kms.katalon.core.keyword.internal.KeywordMain.stepFailed(KeywordMain.groovy:39)&#xa;	at com.kms.katalon.core.webui.keyword.internal.WebUIKeywordMain.stepFailed(WebUIKeywordMain.groovy:64)&#xa;	at com.kms.katalon.core.webui.keyword.internal.WebUIKeywordMain.runKeyword(WebUIKeywordMain.groovy:26)&#xa;	at com.kms.katalon.core.webui.keyword.builtin.NavigateToUrlKeyword.navigateToUrl(NavigateToUrlKeyword.groovy:83)&#xa;	at com.kms.katalon.core.webui.keyword.builtin.NavigateToUrlKeyword.execute(NavigateToUrlKeyword.groovy:67)&#xa;	at com.kms.katalon.core.keyword.internal.KeywordExecutor.executeKeywordForPlatform(KeywordExecutor.groovy:74)&#xa;	at com.kms.katalon.core.webui.keyword.WebUiBuiltInKeywords.navigateToUrl(WebUiBuiltInKeywords.groovy:187)&#xa;	at Блок руководителя сверка дашбордов под разными учётками.CheckPageDownload(Блок руководителя сверка дашбордов под разными учётками:130)&#xa;	at Блок руководителя сверка дашбордов под разными учётками.VipolnenieBiznesPlana(Блок руководителя сверка дашбордов под разными учётками:214)&#xa;	at Блок руководителя сверка дашбордов под разными учётками.run(Блок руководителя сверка дашбордов под разными учётками:52)&#xa;	at com.kms.katalon.core.main.ScriptEngine.run(ScriptEngine.java:194)&#xa;	at com.kms.katalon.core.main.ScriptEngine.runScriptAsRawText(ScriptEngine.java:119)&#xa;	at com.kms.katalon.core.main.TestCaseExecutor.runScript(TestCaseExecutor.java:448)&#xa;	at com.kms.katalon.core.main.TestCaseExecutor.doExecute(TestCaseExecutor.java:439)&#xa;	at com.kms.katalon.core.main.TestCaseExecutor.processExecutionPhase(TestCaseExecutor.java:418)&#xa;	at com.kms.katalon.core.main.TestCaseExecutor.accessMainPhase(TestCaseExecutor.java:410)&#xa;	at com.kms.katalon.core.main.TestCaseExecutor.execute(TestCaseExecutor.java:285)&#xa;	at com.kms.katalon.core.common.CommonExecutor.accessTestCaseMainPhase(CommonExecutor.java:65)&#xa;	at com.kms.katalon.core.main.TestSuiteExecutor.accessTestSuiteMainPhase(TestSuiteExecutor.java:150)&#xa;	at com.kms.katalon.core.main.TestSuiteExecutor.execute(TestSuiteExecutor.java:106)&#xa;	at com.kms.katalon.core.main.TestCaseMain.startTestSuite(TestCaseMain.java:180)&#xa;	at TempTestSuite1743404878601.run(TempTestSuite1743404878601.groovy:35)&#xa;	at java.base/jdk.internal.reflect.NativeMethodAccessorImpl.invoke0(Native Method)&#xa;	at java.base/jdk.internal.reflect.NativeMethodAccessorImpl.invoke(NativeMethodAccessorImpl.java:77)&#xa;	at java.base/jdk.internal.reflect.DelegatingMethodAccessorImpl.invoke(DelegatingMethodAccessorImpl.java:43)&#xa;Caused by: com.kms.katalon.core.exception.StepFailedException: Unable to navigate to 'https://bi.rosseti.digital/viewer?dashboardGuid=d154a8eaf6824e2b9de1bb04dd061c18&amp;sheetGuid=1305e8ce744049e1abdacea1ea397a26&amp;fit=true'&#xa;	... 24 more&#xa;Caused by: org.openqa.selenium.NoSuchSessionException: invalid session id&#xa;Build info: version: '3.141.59', revision: 'unknown', time: 'unknown'&#xa;System info: host: 'UVV-WS904-D', ip: '192.168.0.19', os.name: 'Windows 10', os.arch: 'amd64', os.version: '10.0', java.version: '17.0.7'&#xa;Driver info: com.kms.katalon.selenium.driver.CChromeDriver&#xa;Capabilities {acceptInsecureCerts: false, browserName: chrome, browserVersion: 134.0.6998.178, chrome: {chromedriverVersion: 134.0.6998.165 (fd886e2cb29..., userDataDir: C:\Users\LIAZGI~1\AppData\L...}, fedcm:accounts: true, goog:chromeOptions: {debuggerAddress: localhost:56027}, javascriptEnabled: true, networkConnectionEnabled: false, pageLoadStrategy: normal, platform: WINDOWS, platformName: WINDOWS, proxy: Proxy(), setWindowRect: true, strictFileInteractability: false, timeouts: {implicit: 0, pageLoad: 300000, script: 30000}, unhandledPromptBehavior: dismiss and notify, webauthn:extension:credBlob: true, webauthn:extension:largeBlob: true, webauthn:extension:minPinLength: true, webauthn:extension:prf: true, webauthn:virtualAuthenticators: true}&#xa;Session ID: b6e65ccba40b1587eaabac2d5d735ca5&#xa;	at java.base/jdk.internal.reflect.NativeConstructorAccessorImpl.newInstance0(Native Method)&#xa;	at java.base/jdk.internal.reflect.NativeConstructorAccessorImpl.newInstance(NativeConstructorAccessorImpl.java:77)&#xa;	at java.base/jdk.internal.reflect.DelegatingConstructorAccessorImpl.newInstance(DelegatingConstructorAccessorImpl.java:45)&#xa;	at org.openqa.selenium.remote.http.W3CHttpResponseCodec.createException(W3CHttpResponseCodec.java:187)&#xa;	at org.openqa.selenium.remote.http.W3CHttpResponseCodec.decode(W3CHttpResponseCodec.java:122)&#xa;	at org.openqa.selenium.remote.http.W3CHttpResponseCodec.decode(W3CHttpResponseCodec.java:49)&#xa;	at org.openqa.selenium.remote.HttpCommandExecutor.execute(HttpCommandExecutor.java:158)&#xa;	at org.openqa.selenium.remote.service.DriverCommandExecutor.execute(DriverCommandExecutor.java:83)&#xa;	at org.openqa.selenium.remote.RemoteWebDriver.execute(RemoteWebDriver.java:552)&#xa;	at com.kms.katalon.selenium.driver.CChromeDriver.execute(CChromeDriver.java:19)&#xa;	at org.openqa.selenium.remote.RemoteWebDriver.get(RemoteWebDriver.java:277)&#xa;	at org.openqa.selenium.remote.RemoteWebDriver$RemoteNavigation.to(RemoteWebDriver.java:857)&#xa;	at org.openqa.selenium.support.events.EventFiringWebDriver$EventFiringNavigation.to(EventFiringWebDriver.java:569)&#xa;	at com.kms.katalon.core.webui.keyword.builtin.NavigateToUrlKeyword$_navigateToUrl_closure1.doCall(NavigateToUrlKeyword.groovy:81)&#xa;	at com.kms.katalon.core.webui.keyword.builtin.NavigateToUrlKeyword$_navigateToUrl_closure1.call(NavigateToUrlKeyword.groovy)&#xa;	at com.kms.katalon.core.webui.keyword.internal.WebUIKeywordMain.runKeyword(WebUIKeywordMain.groovy:20)&#xa;	... 22 more&#xa;"/>
         <system-out><![CDATA[31-03-2025T10:08:03 - [TEST_CASE][FAILED] - Test Cases/Сверки дашбордов/Блок руководителя сверка дашбордов под разными учётками: Test Cases/Сверки дашбордов/Блок руководителя сверка дашбордов под разными учётками FAILED.
Reason:
com.kms.katalon.core.exception.StepFailedException: Unable to navigate to 'https://bi.rosseti.digital/viewer?dashboardGuid=d154a8eaf6824e2b9de1bb04dd061c18&sheetGuid=1305e8ce744049e1abdacea1ea397a26&fit=true' (Root cause: com.kms.katalon.core.exception.StepFailedException: Unable to navigate to 'https://bi.rosseti.digital/viewer?dashboardGuid=d154a8eaf6824e2b9de1bb04dd061c18&sheetGuid=1305e8ce744049e1abdacea1ea397a26&fit=true'
	at com.kms.katalon.core.webui.keyword.internal.WebUIKeywordMain.stepFailed(WebUIKeywordMain.groovy:64)
	at com.kms.katalon.core.webui.keyword.internal.WebUIKeywordMain.runKeyword(WebUIKeywordMain.groovy:26)
	at com.kms.katalon.core.webui.keyword.builtin.NavigateToUrlKeyword.navigateToUrl(NavigateToUrlKeyword.groovy:83)
	at com.kms.katalon.core.webui.keyword.builtin.NavigateToUrlKeyword.execute(NavigateToUrlKeyword.groovy:67)
	at com.kms.katalon.core.keyword.internal.KeywordExecutor.executeKeywordForPlatform(KeywordExecutor.groovy:74)
	at com.kms.katalon.core.webui.keyword.WebUiBuiltInKeywords.navigateToUrl(WebUiBuiltInKeywords.groovy:187)
	at Блок руководителя сверка дашбордов под разными учётками.CheckPageDownload(Блок руководителя сверка дашбордов под разными учётками:130)
	at Блок руководителя сверка дашбордов под разными учётками.VipolnenieBiznesPlana(Блок руководителя сверка дашбордов под разными учётками:214)
	at Блок руководителя сверка дашбордов под разными учётками.run(Блок руководителя сверка дашбордов под разными учётками:52)
	at com.kms.katalon.core.main.ScriptEngine.run(ScriptEngine.java:194)
	at com.kms.katalon.core.main.ScriptEngine.runScriptAsRawText(ScriptEngine.java:119)
	at com.kms.katalon.core.main.TestCaseExecutor.runScript(TestCaseExecutor.java:448)
	at com.kms.katalon.core.main.TestCaseExecutor.doExecute(TestCaseExecutor.java:439)
	at com.kms.katalon.core.main.TestCaseExecutor.processExecutionPhase(TestCaseExecutor.java:418)
	at com.kms.katalon.core.main.TestCaseExecutor.accessMainPhase(TestCaseExecutor.java:410)
	at com.kms.katalon.core.main.TestCaseExecutor.execute(TestCaseExecutor.java:285)
	at com.kms.katalon.core.common.CommonExecutor.accessTestCaseMainPhase(CommonExecutor.java:65)
	at com.kms.katalon.core.main.TestSuiteExecutor.accessTestSuiteMainPhase(TestSuiteExecutor.java:150)
	at com.kms.katalon.core.main.TestSuiteExecutor.execute(TestSuiteExecutor.java:106)
	at com.kms.katalon.core.main.TestCaseMain.startTestSuite(TestCaseMain.java:180)
	at TempTestSuite1743404878601.run(TempTestSuite1743404878601.groovy:35)
	at java.base/jdk.internal.reflect.NativeMethodAccessorImpl.invoke0(Native Method)
	at java.base/jdk.internal.reflect.NativeMethodAccessorImpl.invoke(NativeMethodAccessorImpl.java:77)
	at java.base/jdk.internal.reflect.DelegatingMethodAccessorImpl.invoke(DelegatingMethodAccessorImpl.java:43)
Caused by: org.openqa.selenium.NoSuchSessionException: invalid session id
Build info: version: '3.141.59', revision: 'unknown', time: 'unknown'
System info: host: 'UVV-WS904-D', ip: '192.168.0.19', os.name: 'Windows 10', os.arch: 'amd64', os.version: '10.0', java.version: '17.0.7'
Driver info: com.kms.katalon.selenium.driver.CChromeDriver
Capabilities {acceptInsecureCerts: false, browserName: chrome, browserVersion: 134.0.6998.178, chrome: {chromedriverVersion: 134.0.6998.165 (fd886e2cb29..., userDataDir: C:\Users\LIAZGI~1\AppData\L...}, fedcm:accounts: true, goog:chromeOptions: {debuggerAddress: localhost:56027}, javascriptEnabled: true, networkConnectionEnabled: false, pageLoadStrategy: normal, platform: WINDOWS, platformName: WINDOWS, proxy: Proxy(), setWindowRect: true, strictFileInteractability: false, timeouts: {implicit: 0, pageLoad: 300000, script: 30000}, unhandledPromptBehavior: dismiss and notify, webauthn:extension:credBlob: true, webauthn:extension:largeBlob: true, webauthn:extension:minPinLength: true, webauthn:extension:prf: true, webauthn:virtualAuthenticators: true}
Session ID: b6e65ccba40b1587eaabac2d5d735ca5
	at java.base/jdk.internal.reflect.NativeConstructorAccessorImpl.newInstance0(Native Method)
	at java.base/jdk.internal.reflect.NativeConstructorAccessorImpl.newInstance(NativeConstructorAccessorImpl.java:77)
	at java.base/jdk.internal.reflect.DelegatingConstructorAccessorImpl.newInstance(DelegatingConstructorAccessorImpl.java:45)
	at org.openqa.selenium.remote.http.W3CHttpResponseCodec.createException(W3CHttpResponseCodec.java:187)
	at org.openqa.selenium.remote.http.W3CHttpResponseCodec.decode(W3CHttpResponseCodec.java:122)
	at org.openqa.selenium.remote.http.W3CHttpResponseCodec.decode(W3CHttpResponseCodec.java:49)
	at org.openqa.selenium.remote.HttpCommandExecutor.execute(HttpCommandExecutor.java:158)
	at org.openqa.selenium.remote.service.DriverCommandExecutor.execute(DriverCommandExecutor.java:83)
	at org.openqa.selenium.remote.RemoteWebDriver.execute(RemoteWebDriver.java:552)
	at com.kms.katalon.selenium.driver.CChromeDriver.execute(CChromeDriver.java:19)
	at org.openqa.selenium.remote.RemoteWebDriver.get(RemoteWebDriver.java:277)
	at org.openqa.selenium.remote.RemoteWebDriver$RemoteNavigation.to(RemoteWebDriver.java:857)
	at org.openqa.selenium.support.events.EventFiringWebDriver$EventFiringNavigation.to(EventFiringWebDriver.java:569)
	at com.kms.katalon.core.webui.keyword.builtin.NavigateToUrlKeyword$_navigateToUrl_closure1.doCall(NavigateToUrlKeyword.groovy:81)
	at com.kms.katalon.core.webui.keyword.builtin.NavigateToUrlKeyword$_navigateToUrl_closure1.call(NavigateToUrlKeyword.groovy)
	at com.kms.katalon.core.webui.keyword.internal.WebUIKeywordMain.runKeyword(WebUIKeywordMain.groovy:20)
	at com.kms.katalon.core.webui.keyword.builtin.NavigateToUrlKeyword.navigateToUrl(NavigateToUrlKeyword.groovy:83)
	at com.kms.katalon.core.webui.keyword.builtin.NavigateToUrlKeyword.execute(NavigateToUrlKeyword.groovy:67)
	at com.kms.katalon.core.keyword.internal.KeywordExecutor.executeKeywordForPlatform(KeywordExecutor.groovy:74)
	at com.kms.katalon.core.webui.keyword.WebUiBuiltInKeywords.navigateToUrl(WebUiBuiltInKeywords.groovy:187)
	at Script1686231490255.CheckPageDownload(Script1686231490255.groovy:130)
	at Script1686231490255.VipolnenieBiznesPlana(Script1686231490255.groovy:214)
	at Script1686231490255.run(Script1686231490255.groovy:52)
	... 15 more
)
	at com.kms.katalon.core.keyword.internal.KeywordMain.stepFailed(KeywordMain.groovy:39)
	at com.kms.katalon.core.webui.keyword.internal.WebUIKeywordMain.stepFailed(WebUIKeywordMain.groovy:64)
	at com.kms.katalon.core.webui.keyword.internal.WebUIKeywordMain.runKeyword(WebUIKeywordMain.groovy:26)
	at com.kms.katalon.core.webui.keyword.builtin.NavigateToUrlKeyword.navigateToUrl(NavigateToUrlKeyword.groovy:83)
	at com.kms.katalon.core.webui.keyword.builtin.NavigateToUrlKeyword.execute(NavigateToUrlKeyword.groovy:67)
	at com.kms.katalon.core.keyword.internal.KeywordExecutor.executeKeywordForPlatform(KeywordExecutor.groovy:74)
	at com.kms.katalon.core.webui.keyword.WebUiBuiltInKeywords.navigateToUrl(WebUiBuiltInKeywords.groovy:187)
	at Блок руководителя сверка дашбордов под разными учётками.CheckPageDownload(Блок руководителя сверка дашбордов под разными учётками:130)
	at Блок руководителя сверка дашбордов под разными учётками.VipolnenieBiznesPlana(Блок руководителя сверка дашбордов под разными учётками:214)
	at Блок руководителя сверка дашбордов под разными учётками.run(Блок руководителя сверка дашбордов под разными учётками:52)
	at com.kms.katalon.core.main.ScriptEngine.run(ScriptEngine.java:194)
	at com.kms.katalon.core.main.ScriptEngine.runScriptAsRawText(ScriptEngine.java:119)
	at com.kms.katalon.core.main.TestCaseExecutor.runScript(TestCaseExecutor.java:448)
	at com.kms.katalon.core.main.TestCaseExecutor.doExecute(TestCaseExecutor.java:439)
	at com.kms.katalon.core.main.TestCaseExecutor.processExecutionPhase(TestCaseExecutor.java:418)
	at com.kms.katalon.core.main.TestCaseExecutor.accessMainPhase(TestCaseExecutor.java:410)
	at com.kms.katalon.core.main.TestCaseExecutor.execute(TestCaseExecutor.java:285)
	at com.kms.katalon.core.common.CommonExecutor.accessTestCaseMainPhase(CommonExecutor.java:65)
	at com.kms.katalon.core.main.TestSuiteExecutor.accessTestSuiteMainPhase(TestSuiteExecutor.java:150)
	at com.kms.katalon.core.main.TestSuiteExecutor.execute(TestSuiteExecutor.java:106)
	at com.kms.katalon.core.main.TestCaseMain.startTestSuite(TestCaseMain.java:180)
	at TempTestSuite1743404878601.run(TempTestSuite1743404878601.groovy:35)
	at java.base/jdk.internal.reflect.NativeMethodAccessorImpl.invoke0(Native Method)
	at java.base/jdk.internal.reflect.NativeMethodAccessorImpl.invoke(NativeMethodAccessorImpl.java:77)
	at java.base/jdk.internal.reflect.DelegatingMethodAccessorImpl.invoke(DelegatingMethodAccessorImpl.java:43)
Caused by: com.kms.katalon.core.exception.StepFailedException: Unable to navigate to 'https://bi.rosseti.digital/viewer?dashboardGuid=d154a8eaf6824e2b9de1bb04dd061c18&sheetGuid=1305e8ce744049e1abdacea1ea397a26&fit=true'
	... 24 more
Caused by: org.openqa.selenium.NoSuchSessionException: invalid session id
Build info: version: '3.141.59', revision: 'unknown', time: 'unknown'
System info: host: 'UVV-WS904-D', ip: '192.168.0.19', os.name: 'Windows 10', os.arch: 'amd64', os.version: '10.0', java.version: '17.0.7'
Driver info: com.kms.katalon.selenium.driver.CChromeDriver
Capabilities {acceptInsecureCerts: false, browserName: chrome, browserVersion: 134.0.6998.178, chrome: {chromedriverVersion: 134.0.6998.165 (fd886e2cb29..., userDataDir: C:\Users\LIAZGI~1\AppData\L...}, fedcm:accounts: true, goog:chromeOptions: {debuggerAddress: localhost:56027}, javascriptEnabled: true, networkConnectionEnabled: false, pageLoadStrategy: normal, platform: WINDOWS, platformName: WINDOWS, proxy: Proxy(), setWindowRect: true, strictFileInteractability: false, timeouts: {implicit: 0, pageLoad: 300000, script: 30000}, unhandledPromptBehavior: dismiss and notify, webauthn:extension:credBlob: true, webauthn:extension:largeBlob: true, webauthn:extension:minPinLength: true, webauthn:extension:prf: true, webauthn:virtualAuthenticators: true}
Session ID: b6e65ccba40b1587eaabac2d5d735ca5
	at java.base/jdk.internal.reflect.NativeConstructorAccessorImpl.newInstance0(Native Method)
	at java.base/jdk.internal.reflect.NativeConstructorAccessorImpl.newInstance(NativeConstructorAccessorImpl.java:77)
	at java.base/jdk.internal.reflect.DelegatingConstructorAccessorImpl.newInstance(DelegatingConstructorAccessorImpl.java:45)
	at org.openqa.selenium.remote.http.W3CHttpResponseCodec.createException(W3CHttpResponseCodec.java:187)
	at org.openqa.selenium.remote.http.W3CHttpResponseCodec.decode(W3CHttpResponseCodec.java:122)
	at org.openqa.selenium.remote.http.W3CHttpResponseCodec.decode(W3CHttpResponseCodec.java:49)
	at org.openqa.selenium.remote.HttpCommandExecutor.execute(HttpCommandExecutor.java:158)
	at org.openqa.selenium.remote.service.DriverCommandExecutor.execute(DriverCommandExecutor.java:83)
	at org.openqa.selenium.remote.RemoteWebDriver.execute(RemoteWebDriver.java:552)
	at com.kms.katalon.selenium.driver.CChromeDriver.execute(CChromeDriver.java:19)
	at org.openqa.selenium.remote.RemoteWebDriver.get(RemoteWebDriver.java:277)
	at org.openqa.selenium.remote.RemoteWebDriver$RemoteNavigation.to(RemoteWebDriver.java:857)
	at org.openqa.selenium.support.events.EventFiringWebDriver$EventFiringNavigation.to(EventFiringWebDriver.java:569)
	at com.kms.katalon.core.webui.keyword.builtin.NavigateToUrlKeyword$_navigateToUrl_closure1.doCall(NavigateToUrlKeyword.groovy:81)
	at com.kms.katalon.core.webui.keyword.builtin.NavigateToUrlKeyword$_navigateToUrl_closure1.call(NavigateToUrlKeyword.groovy)
	at com.kms.katalon.core.webui.keyword.internal.WebUIKeywordMain.runKeyword(WebUIKeywordMain.groovy:20)
	... 22 more


31-03-2025T10:08:04 - [TEST_STEP][PASSED] - run = 1: null

31-03-2025T10:08:04 - [TEST_STEP][PASSED] - data = findTestData("PlanFact"): null

31-03-2025T10:08:05 - [TEST_STEP][PASSED] - n = <not implemented yet for class: org.codehaus.groovy.ast.expr.EmptyExpression>: null

31-03-2025T10:08:05 - [TEST_STEP][PASSED] - urlData = <not implemented yet for class: org.codehaus.groovy.ast.expr.EmptyExpression>: null

31-03-2025T10:08:05 - [TEST_STEP][PASSED] - dashboardName = <not implemented yet for class: org.codehaus.groovy.ast.expr.EmptyExpression>: null

31-03-2025T10:08:05 - [TEST_STEP][PASSED] - a1 = <not implemented yet for class: org.codehaus.groovy.ast.expr.EmptyExpression>: null

31-03-2025T10:08:05 - [TEST_STEP][PASSED] - a2 = <not implemented yet for class: org.codehaus.groovy.ast.expr.EmptyExpression>: null

31-03-2025T10:08:05 - [TEST_STEP][PASSED] - a3 = <not implemented yet for class: org.codehaus.groovy.ast.expr.EmptyExpression>: null

31-03-2025T10:08:05 - [TEST_STEP][PASSED] - a4 = <not implemented yet for class: org.codehaus.groovy.ast.expr.EmptyExpression>: null

31-03-2025T10:08:05 - [TEST_STEP][PASSED] - a5 = <not implemented yet for class: org.codehaus.groovy.ast.expr.EmptyExpression>: null

31-03-2025T10:08:05 - [TEST_STEP][PASSED] - a6 = <not implemented yet for class: org.codehaus.groovy.ast.expr.EmptyExpression>: null

31-03-2025T10:08:05 - [TEST_STEP][PASSED] - a7 = <not implemented yet for class: org.codehaus.groovy.ast.expr.EmptyExpression>: null

31-03-2025T10:08:05 - [TEST_STEP][PASSED] - a8 = <not implemented yet for class: org.codehaus.groovy.ast.expr.EmptyExpression>: null

31-03-2025T10:08:05 - [TEST_STEP][PASSED] - a9 = <not implemented yet for class: org.codehaus.groovy.ast.expr.EmptyExpression>: null

31-03-2025T10:08:05 - [TEST_STEP][PASSED] - user = <not implemented yet for class: org.codehaus.groovy.ast.expr.EmptyExpression>: null

31-03-2025T10:08:05 - [TEST_STEP][PASSED] - for ([run = 1, run < 4, (run++)]): null

31-03-2025T10:08:05 - [TEST_STEP][PASSED] - VipolnenieBiznesPlana(user, dashboardName, n, data, run, a1, a2, a3, a4, a5, a6, a7, a8, a9, urlData): null

31-03-2025T10:08:05 - [TEST_STEP][PASSED] - n = data.getRowNumbers() + 1: null

31-03-2025T10:08:05 - [TEST_STEP][PASSED] - println(n): null

31-03-2025T10:08:05 - [TEST_STEP][PASSED] - dashboardName = "Выполнение бизнес-плана": null

31-03-2025T10:08:05 - [TEST_STEP][PASSED] - openBrowser(""): Browser is opened with url: ''

31-03-2025T10:08:05 - [MESSAGE][INFO] - Starting 'Chrome' driver

31-03-2025T10:08:05 - [MESSAGE][INFO] - Action delay is set to 0 milliseconds

31-03-2025T10:08:07 - [MESSAGE][PASSED] - Browser is opened with url: ''

31-03-2025T10:08:07 - [TEST_STEP][PASSED] - urlData = 1: null

31-03-2025T10:08:07 - [TEST_STEP][PASSED] - Script1686231490255.CheckPageDownload(urlData, run): null

31-03-2025T10:08:07 - [TEST_STEP][PASSED] - i = 1: null

31-03-2025T10:08:07 - [TEST_STEP][PASSED] - ii = 0: null

31-03-2025T10:08:07 - [TEST_STEP][PASSED] - urlText = <not implemented yet for class: org.codehaus.groovy.ast.expr.EmptyExpression>: null

31-03-2025T10:08:07 - [TEST_STEP][PASSED] - searchWord = <not implemented yet for class: org.codehaus.groovy.ast.expr.EmptyExpression>: null

31-03-2025T10:08:07 - [TEST_STEP][PASSED] - deleteAllCookies(): Delete all cookies successfully

31-03-2025T10:08:07 - [MESSAGE][PASSED] - Delete all cookies successfully

31-03-2025T10:08:07 - [TEST_STEP][PASSED] - refresh(): Refresh successfully

31-03-2025T10:08:08 - [MESSAGE][PASSED] - Refresh successfully

31-03-2025T10:08:08 - [TEST_STEP][PASSED] - delay(70): Delayed 70 second(s)

31-03-2025T10:09:18 - [MESSAGE][PASSED] - Delayed 70 second(s)

31-03-2025T10:09:18 - [TEST_STEP][PASSED] - navigateToUrl(findTestData("PlanFact").getValue(10, urlData)): Navigate to 'https://bi.rosseti.digital/viewer?dashboardGuid=d154a8eaf6824e2b9de1bb04dd061c18&sheetGuid=1305e8ce744049e1abdacea1ea397a26&fit=true' successfully

31-03-2025T10:09:22 - [MESSAGE][PASSED] - Navigate to 'https://bi.rosseti.digital/viewer?dashboardGuid=d154a8eaf6824e2b9de1bb04dd061c18&sheetGuid=1305e8ce744049e1abdacea1ea397a26&fit=true' successfully

31-03-2025T10:09:22 - [TEST_STEP][PASSED] - pageLoaded1 = verifyElementPresent(findTestObject("Страница авторизации/Text"), 30): Object 'Object Repository/Страница авторизации/Text' is present

31-03-2025T10:09:23 - [MESSAGE][PASSED] - Object 'Object Repository/Страница авторизации/Text' is present

31-03-2025T10:09:23 - [TEST_STEP][PASSED] - if (pageLoaded1 == false): null

31-03-2025T10:09:23 - [TEST_STEP][PASSED] - urlText = getText(findTestObject("Страница авторизации/Text")): Text of object 'Object Repository/Страница авторизации/Text' is: 'Вход'

31-03-2025T10:09:24 - [MESSAGE][PASSED] - Text of object 'Object Repository/Страница авторизации/Text' is: 'Вход'

31-03-2025T10:09:24 - [TEST_STEP][PASSED] - delay(70): Delayed 70 second(s)

31-03-2025T10:10:34 - [MESSAGE][PASSED] - Delayed 70 second(s)

31-03-2025T10:10:34 - [TEST_STEP][PASSED] - searchWord = "Вход": null

31-03-2025T10:10:34 - [TEST_STEP][PASSED] - if (urlText.contains(searchWord) == false): null

31-03-2025T10:10:34 - [TEST_STEP][PASSED] - setText(findTestObject("Страница авторизации/input__username"), findTestData("PlanFact").getValue(8, run)): Text 'liazgina-di' is set on object 'Object Repository/Страница авторизации/input__username'

31-03-2025T10:10:34 - [MESSAGE][PASSED] - Text 'liazgina-di' is set on object 'Object Repository/Страница авторизации/input__username'

31-03-2025T10:10:34 - [TEST_STEP][PASSED] - setText(findTestObject("Страница авторизации/input__password"), findTestData("PlanFact").getValue(9, run)): Text ')$%5srZ8o688Dm#q' is set on object 'Object Repository/Страница авторизации/input__password'

31-03-2025T10:10:35 - [MESSAGE][PASSED] - Text ')$%5srZ8o688Dm#q' is set on object 'Object Repository/Страница авторизации/input__password'

31-03-2025T10:10:35 - [TEST_STEP][PASSED] - click(findTestObject("Страница авторизации/button_")): Object: 'Object Repository/Страница авторизации/button_' is clicked on

31-03-2025T10:10:37 - [MESSAGE][PASSED] - Object: 'Object Repository/Страница авторизации/button_' is clicked on

31-03-2025T10:10:37 - [TEST_STEP][PASSED] - delay(70): Delayed 70 second(s)

31-03-2025T10:11:47 - [MESSAGE][PASSED] - Delayed 70 second(s)

31-03-2025T10:11:47 - [TEST_STEP][PASSED] - searchWord = "а": null

31-03-2025T10:11:47 - [TEST_STEP][PASSED] - pageLoaded2 = verifyElementPresent(findTestObject("Страница авторизации/Text"), 50): Object 'Object Repository/Страница авторизации/Text' is present

31-03-2025T10:11:47 - [MESSAGE][PASSED] - Object 'Object Repository/Страница авторизации/Text' is present

31-03-2025T10:11:47 - [TEST_STEP][PASSED] - if (pageLoaded2 == false): null

31-03-2025T10:11:47 - [TEST_STEP][PASSED] - urlText = getText(findTestObject("Страница авторизации/Text")): Text of object 'Object Repository/Страница авторизации/Text' is: 'ДЗО 
ПАО Россети
Период
Январь, Февраль 2025 года
Отклонения фактического уровня потерь от бизнес-плана, п.п.
0.14
-0.99
-0.65
-1.51
-0.23
-0.38
-0.54
-1.82
-1.45
-1.44
-1.52
Россети ФСК ЕЭС
Россети Волга
Россети Московскийрегион
Россети Северо-Запад
Россети Томск
Россети Тюмень
Россети Урал (ГК)
Россети Центр (ГК)
Россети Центр иПриволжье (ГК)
Россети Юг (ГК)
Россети Янтарь
-4
-2
0
2
4
6
8

Уровень потерь электроэнергии
Россети ФСК ЕЭС
Россети Волга
Россети Московский регион
Россети Северо-Запад
Россети Томск
Россети Урал (ГК)
Россети Юг (ГК)
Россети Янтарь
0
10
20
30
40
50
60
70
3.84
7.22
|
9.59
|
6.73
|
10.78
|
6.88
|
10.84
|
10.39
|
3.99
|
6.22
8.94
5.22
10.54
6.34
9.40
8.87
п.п.
2.30
Итого
0
1
2
3
%
5.73 5.73
8.03 8.03
План
Факт
1
100

● Бизнес-план выполнен● ●● Превышение бизнес-плана
Отклонения фактического уровня потерь от бизнес-плана за 3 месяца (нарастающим итогом), п.п.
-0.2-0.2
-8.4-8.4
2.92.9
-0.4-0.4
-0.5-0.5
-0.0-0.0
0.20.2
3.83.8
-0.3-0.3
-7.9-7.9
-0.0-0.0
0.20.2
-0.2-0.2
-0.5-0.5
-0.2-0.2
-0.3-0.3
-0.1-0.1
-0.0-0.0
-1.0-1.0
-0.4-0.4
-2.5-2.5
-0.3-0.3
-0.2-0.2
-0.3-0.3
-2.6-2.6
-1.9-1.9
-1.4-1.4
-2.4-2.4
0.10.1
-1.0-1.0
-0.7-0.7
-1.5-1.5
-0.2-0.2
-0.4-0.4
-0.5-0.5
-1.8-1.8
-1.5-1.5
-1.4-1.4
-1.5-1.5
Россети ФСКЕЭС
АО«Тываэнерго»
АО«Чеченэнерго»
Россети Волга
РоссетиКубань
РоссетиЛенэнерго(ГК)
РоссетиМосковскийрегион
РоссетиСеверныйКавказ (ГК)
Россети Северо-Запад
Россети Сибирь(ГК)
Россети Томск
Россети Тюмень
Россети Урал(ГК)
Россети Центр
Россети Центри Приволжье(ГК)
Россети Юг (Г…
РоссетиЯнтарь
-10
0
10
п.п.
Отклонения фактического уровня потерь от бизнес-плана за 3 месяца (нарастающим итогом)
-0.2-0.2
-8.4-8.4
-0.4-0.4
-0.0-0.0
-0.1-0.1
5.25.2
-1.3-1.3
-0.4-0.4
-8.1-8.1
-0.1-0.1
0.10.1
-0.4-0.4
-0.1-0.1
-6.9-6.9
-0.3-0.3
-0.8-0.8
-0.8-0.8
-0.4-0.4
8.38.3
0.50.5
12.512.5
-3.4-3.4
-2.5-2.5
-6.0-6.0
-1.5-1.5
-0.6-0.6
-1.6-1.6
-1.4-1.4
-4.5-4.5
-1.8-1.8
-1.9-1.9
-5.3-5.3
-1.1-1.1
-0.5-0.5
-0.7-0.7
-0.9-0.9
-2.8-2.8
Итого по ФСК ЕЭС
АО "Тываэнерго"
АО «ВМЭС»
АО «Воронежская горэлектросеть»
АО «Тульские городские электрические сети»
АО «Чеченэнерго»
АО «Ярославская электросетевая компания»
АО ЕЭСК
Алтайэнерго
Архангельский филиал
Астраханьэнерго
Белгородэнерго
Брянскэнерго
Бурятэнерго
Владимирэнерго
Волгоградэнерго
Вологодский филиал
Воронежэнерго
Дагэнерго
Ивэнерго
Ингушэнерго
-24
24

Статус данных
Просьба обратить внимание
— все данные не занесены
Факт
План
Итого – Факт
Отпуск в сеть 126 427 751
Отпуск из сети 116 275 127
Потери 10 152 624
Итого – План
Отпуск в сеть 195 873 599
Отпуск из сети 184 656 820
Потери 11 216 779
Выполнение бизнес-плана в части показателя «Уровень потерь электроэнергии»
Показатели баланса электроэнергии по ДЗО – Факт 
110 269 467 4 949 974 19 320 144 6 258 254 916 358 13 172 022 3 467 484 901 140
106 042 826 4 641 851 17 593 829 5 931 711 819 733 12 337 301 3 141 633 821 181
4 226 641 308 123 1 726 314 326 542 96 625 834 722 325 852 79 959
Показатели баланса электроэнергии по ДЗО – План
112 774 173 5 172 896 20 226 117 6 540 566 962 437 13 672 013 3 760 351 908 608
108 600 475 4 799 582 18 287 074 6 100 575 858 729 12 731 776 3 352 866 814 188
4 173 698 373 314 1 939 043 439 991 103 708 940 237 407 485 94 420'

31-03-2025T10:11:49 - [MESSAGE][PASSED] - Text of object 'Object Repository/Страница авторизации/Text' is: 'ДЗО 
ПАО Россети
Период
Январь, Февраль 2025 года
Отклонения фактического уровня потерь от бизнес-плана, п.п.
0.14
-0.99
-0.65
-1.51
-0.23
-0.38
-0.54
-1.82
-1.45
-1.44
-1.52
Россети ФСК ЕЭС
Россети Волга
Россети Московскийрегион
Россети Северо-Запад
Россети Томск
Россети Тюмень
Россети Урал (ГК)
Россети Центр (ГК)
Россети Центр иПриволжье (ГК)
Россети Юг (ГК)
Россети Янтарь
-4
-2
0
2
4
6
8

Уровень потерь электроэнергии
Россети ФСК ЕЭС
Россети Волга
Россети Московский регион
Россети Северо-Запад
Россети Томск
Россети Урал (ГК)
Россети Юг (ГК)
Россети Янтарь
0
10
20
30
40
50
60
70
3.84
7.22
|
9.59
|
6.73
|
10.78
|
6.88
|
10.84
|
10.39
|
3.99
|
6.22
8.94
5.22
10.54
6.34
9.40
8.87
п.п.
2.30
Итого
0
1
2
3
%
5.73 5.73
8.03 8.03
План
Факт
1
100

● Бизнес-план выполнен● ●● Превышение бизнес-плана
Отклонения фактического уровня потерь от бизнес-плана за 3 месяца (нарастающим итогом), п.п.
-0.2-0.2
-8.4-8.4
2.92.9
-0.4-0.4
-0.5-0.5
-0.0-0.0
0.20.2
3.83.8
-0.3-0.3
-7.9-7.9
-0.0-0.0
0.20.2
-0.2-0.2
-0.5-0.5
-0.2-0.2
-0.3-0.3
-0.1-0.1
-0.0-0.0
-1.0-1.0
-0.4-0.4
-2.5-2.5
-0.3-0.3
-0.2-0.2
-0.3-0.3
-2.6-2.6
-1.9-1.9
-1.4-1.4
-2.4-2.4
0.10.1
-1.0-1.0
-0.7-0.7
-1.5-1.5
-0.2-0.2
-0.4-0.4
-0.5-0.5
-1.8-1.8
-1.5-1.5
-1.4-1.4
-1.5-1.5
Россети ФСКЕЭС
АО«Тываэнерго»
АО«Чеченэнерго»
Россети Волга
РоссетиКубань
РоссетиЛенэнерго(ГК)
РоссетиМосковскийрегион
РоссетиСеверныйКавказ (ГК)
Россети Северо-Запад
Россети Сибирь(ГК)
Россети Томск
Россети Тюмень
Россети Урал(ГК)
Россети Центр
Россети Центри Приволжье(ГК)
Россети Юг (Г…
РоссетиЯнтарь
-10
0
10
п.п.
Отклонения фактического уровня потерь от бизнес-плана за 3 месяца (нарастающим итогом)
-0.2-0.2
-8.4-8.4
-0.4-0.4
-0.0-0.0
-0.1-0.1
5.25.2
-1.3-1.3
-0.4-0.4
-8.1-8.1
-0.1-0.1
0.10.1
-0.4-0.4
-0.1-0.1
-6.9-6.9
-0.3-0.3
-0.8-0.8
-0.8-0.8
-0.4-0.4
8.38.3
0.50.5
12.512.5
-3.4-3.4
-2.5-2.5
-6.0-6.0
-1.5-1.5
-0.6-0.6
-1.6-1.6
-1.4-1.4
-4.5-4.5
-1.8-1.8
-1.9-1.9
-5.3-5.3
-1.1-1.1
-0.5-0.5
-0.7-0.7
-0.9-0.9
-2.8-2.8
Итого по ФСК ЕЭС
АО "Тываэнерго"
АО «ВМЭС»
АО «Воронежская горэлектросеть»
АО «Тульские городские электрические сети»
АО «Чеченэнерго»
АО «Ярославская электросетевая компания»
АО ЕЭСК
Алтайэнерго
Архангельский филиал
Астраханьэнерго
Белгородэнерго
Брянскэнерго
Бурятэнерго
Владимирэнерго
Волгоградэнерго
Вологодский филиал
Воронежэнерго
Дагэнерго
Ивэнерго
Ингушэнерго
-24
24

Статус данных
Просьба обратить внимание
— все данные не занесены
Факт
План
Итого – Факт
Отпуск в сеть 126 427 751
Отпуск из сети 116 275 127
Потери 10 152 624
Итого – План
Отпуск в сеть 195 873 599
Отпуск из сети 184 656 820
Потери 11 216 779
Выполнение бизнес-плана в части показателя «Уровень потерь электроэнергии»
Показатели баланса электроэнергии по ДЗО – Факт 
110 269 467 4 949 974 19 320 144 6 258 254 916 358 13 172 022 3 467 484 901 140
106 042 826 4 641 851 17 593 829 5 931 711 819 733 12 337 301 3 141 633 821 181
4 226 641 308 123 1 726 314 326 542 96 625 834 722 325 852 79 959
Показатели баланса электроэнергии по ДЗО – План
112 774 173 5 172 896 20 226 117 6 540 566 962 437 13 672 013 3 760 351 908 608
108 600 475 4 799 582 18 287 074 6 100 575 858 729 12 731 776 3 352 866 814 188
4 173 698 373 314 1 939 043 439 991 103 708 940 237 407 485 94 420'

31-03-2025T10:11:49 - [TEST_STEP][PASSED] - if (urlText.contains("ошибка") || urlText.contains(searchWord) == false): null

31-03-2025T10:11:49 - [TEST_STEP][PASSED] - Script1686231490255.ZakrytOpoveshenie(): null

31-03-2025T10:11:49 - [TEST_STEP][PASSED] - opoveshenie = getText(findTestObject("Выполнение бизнес-плана/Просьба обратить внимание")): Text of object 'Object Repository/Выполнение бизнес-плана/Просьба обратить внимание' is: 'Просьба обратить внимание'

31-03-2025T10:11:49 - [MESSAGE][PASSED] - Text of object 'Object Repository/Выполнение бизнес-плана/Просьба обратить внимание' is: 'Просьба обратить внимание'

31-03-2025T10:11:49 - [TEST_STEP][PASSED] - println(opoveshenie): null

31-03-2025T10:11:49 - [TEST_STEP][PASSED] - if (opoveshenie == "Просьба обратить внимание"): Object: 'Object Repository/Выполнение бизнес-плана/Закрыть оповещение' is clicked on

31-03-2025T10:11:49 - [TEST_STEP][PASSED] - click(findTestObject("Выполнение бизнес-плана/Закрыть оповещение")): Object: 'Object Repository/Выполнение бизнес-плана/Закрыть оповещение' is clicked on

31-03-2025T10:11:50 - [MESSAGE][PASSED] - Object: 'Object Repository/Выполнение бизнес-плана/Закрыть оповещение' is clicked on

31-03-2025T10:11:50 - [TEST_STEP][PASSED] - click(findTestObject("Object Repository/Выполнение бизнес-плана/Фильтр Дата")): Object: 'Object Repository/Выполнение бизнес-плана/Фильтр Дата' is clicked on

31-03-2025T10:11:50 - [MESSAGE][PASSED] - Object: 'Object Repository/Выполнение бизнес-плана/Фильтр Дата' is clicked on

31-03-2025T10:11:50 - [TEST_STEP][PASSED] - click(findTestObject("Выполнение бизнес-плана/Снять выделение в фильтре Дата")): Object: 'Object Repository/Выполнение бизнес-плана/Снять выделение в фильтре Дата' is clicked on

31-03-2025T10:11:51 - [MESSAGE][PASSED] - Object: 'Object Repository/Выполнение бизнес-плана/Снять выделение в фильтре Дата' is clicked on

31-03-2025T10:11:51 - [TEST_STEP][PASSED] - click(findTestObject("Object Repository/Выполнение бизнес-плана/Применить в фильтре Дата")): Object: 'Object Repository/Выполнение бизнес-плана/Применить в фильтре Дата' is clicked on

31-03-2025T10:11:51 - [MESSAGE][PASSED] - Object: 'Object Repository/Выполнение бизнес-плана/Применить в фильтре Дата' is clicked on

31-03-2025T10:11:51 - [TEST_STEP][PASSED] - delay(70): Delayed 70 second(s)

31-03-2025T10:13:01 - [MESSAGE][PASSED] - Delayed 70 second(s)

31-03-2025T10:13:01 - [TEST_STEP][PASSED] - Script1686231490255.ZakrytOpoveshenie(): null

31-03-2025T10:13:01 - [TEST_STEP][PASSED] - opoveshenie = getText(findTestObject("Выполнение бизнес-плана/Просьба обратить внимание")): Text of object 'Object Repository/Выполнение бизнес-плана/Просьба обратить внимание' is: 'Просьба обратить внимание'

31-03-2025T10:13:02 - [MESSAGE][PASSED] - Text of object 'Object Repository/Выполнение бизнес-плана/Просьба обратить внимание' is: 'Просьба обратить внимание'

31-03-2025T10:13:02 - [TEST_STEP][PASSED] - println(opoveshenie): null

31-03-2025T10:13:02 - [TEST_STEP][PASSED] - if (opoveshenie == "Просьба обратить внимание"): Object: 'Object Repository/Выполнение бизнес-плана/Закрыть оповещение' is clicked on

31-03-2025T10:13:02 - [TEST_STEP][PASSED] - click(findTestObject("Выполнение бизнес-плана/Закрыть оповещение")): Object: 'Object Repository/Выполнение бизнес-плана/Закрыть оповещение' is clicked on

31-03-2025T10:13:02 - [MESSAGE][PASSED] - Object: 'Object Repository/Выполнение бизнес-плана/Закрыть оповещение' is clicked on

31-03-2025T10:13:02 - [TEST_STEP][PASSED] - click(findTestObject("Object Repository/Выполнение бизнес-плана/Фильтр Дата")): Object: 'Object Repository/Выполнение бизнес-плана/Фильтр Дата' is clicked on

31-03-2025T10:13:02 - [MESSAGE][PASSED] - Object: 'Object Repository/Выполнение бизнес-плана/Фильтр Дата' is clicked on

31-03-2025T10:13:02 - [TEST_STEP][PASSED] - scrollToElement(findTestObject("Выполнение бизнес-плана/2025 список"), 30): Scroll to object 'Object Repository/Выполнение бизнес-плана/2025 список' successfully

31-03-2025T10:13:03 - [MESSAGE][PASSED] - Scroll to object 'Object Repository/Выполнение бизнес-плана/2025 список' successfully

31-03-2025T10:13:03 - [TEST_STEP][PASSED] - click(findTestObject("Выполнение бизнес-плана/2025 список"), CONTINUE_ON_FAILURE): Object: 'Object Repository/Выполнение бизнес-плана/2025 список' is clicked on

31-03-2025T10:13:03 - [MESSAGE][PASSED] - Object: 'Object Repository/Выполнение бизнес-плана/2025 список' is clicked on

31-03-2025T10:13:03 - [TEST_STEP][PASSED] - scrollToElement(findTestObject("Выполнение бизнес-плана/1 квартал 2025 список"), 30): Scroll to object 'Object Repository/Выполнение бизнес-плана/1 квартал 2025 список' successfully

31-03-2025T10:13:04 - [MESSAGE][PASSED] - Scroll to object 'Object Repository/Выполнение бизнес-плана/1 квартал 2025 список' successfully

31-03-2025T10:13:04 - [TEST_STEP][PASSED] - click(findTestObject("Выполнение бизнес-плана/1 квартал 2025 список"), CONTINUE_ON_FAILURE): Object: 'Object Repository/Выполнение бизнес-плана/1 квартал 2025 список' is clicked on

31-03-2025T10:13:04 - [MESSAGE][PASSED] - Object: 'Object Repository/Выполнение бизнес-плана/1 квартал 2025 список' is clicked on

31-03-2025T10:13:04 - [TEST_STEP][PASSED] - scrollToElement(findTestObject("Выполнение бизнес-плана/Январь 2025"), 30): Scroll to object 'Object Repository/Выполнение бизнес-плана/Январь 2025' successfully

31-03-2025T10:13:05 - [MESSAGE][PASSED] - Scroll to object 'Object Repository/Выполнение бизнес-плана/Январь 2025' successfully

31-03-2025T10:13:05 - [TEST_STEP][PASSED] - click(findTestObject("Выполнение бизнес-плана/Январь 2025"), CONTINUE_ON_FAILURE): Object: 'Object Repository/Выполнение бизнес-плана/Январь 2025' is clicked on

31-03-2025T10:13:05 - [MESSAGE][PASSED] - Object: 'Object Repository/Выполнение бизнес-плана/Январь 2025' is clicked on

31-03-2025T10:13:05 - [TEST_STEP][PASSED] - scrollToElement(findTestObject("Выполнение бизнес-плана/Февраль 2025"), 30): Scroll to object 'Object Repository/Выполнение бизнес-плана/Февраль 2025' successfully

31-03-2025T10:13:05 - [MESSAGE][PASSED] - Scroll to object 'Object Repository/Выполнение бизнес-плана/Февраль 2025' successfully

31-03-2025T10:13:05 - [TEST_STEP][PASSED] - click(findTestObject("Выполнение бизнес-плана/Февраль 2025"), CONTINUE_ON_FAILURE): Object: 'Object Repository/Выполнение бизнес-плана/Февраль 2025' is clicked on

31-03-2025T10:13:06 - [MESSAGE][PASSED] - Object: 'Object Repository/Выполнение бизнес-плана/Февраль 2025' is clicked on

31-03-2025T10:13:06 - [TEST_STEP][PASSED] - click(findTestObject("Object Repository/Выполнение бизнес-плана/Применить в фильтре Дата")): Object: 'Object Repository/Выполнение бизнес-плана/Применить в фильтре Дата' is clicked on

31-03-2025T10:13:07 - [MESSAGE][PASSED] - Object: 'Object Repository/Выполнение бизнес-плана/Применить в фильтре Дата' is clicked on

31-03-2025T10:13:07 - [TEST_STEP][PASSED] - scrollToElement(findTestObject("Выполнение бизнес-плана/Заголовок дашборда"), 30): Scroll to object 'Object Repository/Выполнение бизнес-плана/Заголовок дашборда' successfully

31-03-2025T10:13:30 - [MESSAGE][PASSED] - Scroll to object 'Object Repository/Выполнение бизнес-плана/Заголовок дашборда' successfully

31-03-2025T10:13:30 - [TEST_STEP][PASSED] - delay(70): Delayed 70 second(s)

31-03-2025T10:14:40 - [MESSAGE][PASSED] - Delayed 70 second(s)

31-03-2025T10:14:40 - [TEST_STEP][PASSED] - Script1686231490255.ZakrytOpoveshenie(): null

31-03-2025T10:14:40 - [TEST_STEP][PASSED] - opoveshenie = getText(findTestObject("Выполнение бизнес-плана/Просьба обратить внимание")): Text of object 'Object Repository/Выполнение бизнес-плана/Просьба обратить внимание' is: 'Просьба обратить внимание'

31-03-2025T10:14:40 - [MESSAGE][PASSED] - Text of object 'Object Repository/Выполнение бизнес-плана/Просьба обратить внимание' is: 'Просьба обратить внимание'

31-03-2025T10:14:40 - [TEST_STEP][PASSED] - println(opoveshenie): null

31-03-2025T10:14:41 - [TEST_STEP][PASSED] - if (opoveshenie == "Просьба обратить внимание"): Object: 'Object Repository/Выполнение бизнес-плана/Закрыть оповещение' is clicked on

31-03-2025T10:14:41 - [TEST_STEP][PASSED] - click(findTestObject("Выполнение бизнес-плана/Закрыть оповещение")): Object: 'Object Repository/Выполнение бизнес-плана/Закрыть оповещение' is clicked on

31-03-2025T10:14:41 - [MESSAGE][PASSED] - Object: 'Object Repository/Выполнение бизнес-плана/Закрыть оповещение' is clicked on

31-03-2025T10:14:41 - [TEST_STEP][PASSED] - click(findTestObject("Object Repository/Выполнение бизнес-плана/Фильтр ДЗО")): Object: 'Object Repository/Выполнение бизнес-плана/Фильтр ДЗО' is clicked on

31-03-2025T10:14:41 - [MESSAGE][PASSED] - Object: 'Object Repository/Выполнение бизнес-плана/Фильтр ДЗО' is clicked on

31-03-2025T10:14:41 - [TEST_STEP][PASSED] - click(findTestObject("Выполнение бизнес-плана/Снять выделение в фильтре ДЗО")): Object: 'Object Repository/Выполнение бизнес-плана/Снять выделение в фильтре ДЗО' is clicked on

31-03-2025T10:14:42 - [MESSAGE][PASSED] - Object: 'Object Repository/Выполнение бизнес-плана/Снять выделение в фильтре ДЗО' is clicked on

31-03-2025T10:14:42 - [TEST_STEP][PASSED] - click(findTestObject("Выполнение бизнес-плана/ПАО Россети")): Object: 'Object Repository/Выполнение бизнес-плана/ПАО Россети' is clicked on

31-03-2025T10:14:42 - [MESSAGE][PASSED] - Object: 'Object Repository/Выполнение бизнес-плана/ПАО Россети' is clicked on

31-03-2025T10:14:42 - [TEST_STEP][PASSED] - click(findTestObject("Object Repository/Выполнение бизнес-плана/Применить в фильтре ДЗО")): Object: 'Object Repository/Выполнение бизнес-плана/Применить в фильтре ДЗО' is clicked on

31-03-2025T10:14:43 - [MESSAGE][PASSED] - Object: 'Object Repository/Выполнение бизнес-плана/Применить в фильтре ДЗО' is clicked on

31-03-2025T10:14:43 - [TEST_STEP][PASSED] - delay(70): Delayed 70 second(s)

31-03-2025T10:15:53 - [MESSAGE][PASSED] - Delayed 70 second(s)

31-03-2025T10:15:53 - [TEST_STEP][PASSED] - if (run == 1): null

31-03-2025T10:15:53 - [TEST_STEP][PASSED] - user = "админ": null

31-03-2025T10:15:53 - [TEST_STEP][PASSED] - a1 = getText(findTestObject("Выполнение бизнес-плана/Проценты")): Text of object 'Object Repository/Выполнение бизнес-плана/Проценты' is: '%
5.73 5.73
8.03 8.03
План
Факт
1
100'

31-03-2025T10:15:53 - [MESSAGE][PASSED] - Text of object 'Object Repository/Выполнение бизнес-плана/Проценты' is: '%
5.73 5.73
8.03 8.03
План
Факт
1
100'

31-03-2025T10:15:53 - [TEST_STEP][PASSED] - a2 = getText(findTestObject("Выполнение бизнес-плана/vidget 2")): Text of object 'Object Repository/Выполнение бизнес-плана/vidget 2' is: 'Россети ФСК ЕЭС
Россети Волга
Россети Московский регион
Россети Северо-Запад
Россети Томск
Россети Урал (ГК)
Россети Юг (ГК)
Россети Янтарь
0
10
20
30
40
50
60
70'

31-03-2025T10:15:54 - [MESSAGE][PASSED] - Text of object 'Object Repository/Выполнение бизнес-плана/vidget 2' is: 'Россети ФСК ЕЭС
Россети Волга
Россети Московский регион
Россети Северо-Запад
Россети Томск
Россети Урал (ГК)
Россети Юг (ГК)
Россети Янтарь
0
10
20
30
40
50
60
70'

31-03-2025T10:15:54 - [TEST_STEP][PASSED] - a3 = getText(findTestObject("Выполнение бизнес-плана/table")): Text of object 'Object Repository/Выполнение бизнес-плана/table' is: ''

31-03-2025T10:15:54 - [MESSAGE][PASSED] - Text of object 'Object Repository/Выполнение бизнес-плана/table' is: ''

31-03-2025T10:15:54 - [TEST_STEP][PASSED] - a4 = getText(findTestObject("Выполнение бизнес-плана/Список ДЗО")): Text of object 'Object Repository/Выполнение бизнес-плана/Список ДЗО' is: '0.14
-0.99
-0.65
-1.51
-0.23
-0.38
-0.54
-1.82
-1.45
-1.44
-1.52
Россети ФСК ЕЭС
Россети Волга
Россети Московскийрегион
Россети Северо-Запад
Россети Томск
Россети Тюмень
Россети Урал (ГК)
Россети Центр (ГК)
Россети Центр иПриволжье (ГК)
Россети Юг (ГК)
Россети Янтарь
-4
-2
0
2
4
6
8'

31-03-2025T10:15:54 - [MESSAGE][PASSED] - Text of object 'Object Repository/Выполнение бизнес-плана/Список ДЗО' is: '0.14
-0.99
-0.65
-1.51
-0.23
-0.38
-0.54
-1.82
-1.45
-1.44
-1.52
Россети ФСК ЕЭС
Россети Волга
Россети Московскийрегион
Россети Северо-Запад
Россети Томск
Россети Тюмень
Россети Урал (ГК)
Россети Центр (ГК)
Россети Центр иПриволжье (ГК)
Россети Юг (ГК)
Россети Янтарь
-4
-2
0
2
4
6
8'

31-03-2025T10:15:54 - [TEST_STEP][PASSED] - a5 = getText(findTestObject("Выполнение бизнес-плана/svg1")): Text of object 'Object Repository/Выполнение бизнес-плана/svg1' is: '%
5.73 5.73
8.03 8.03
План
Факт
1
100'

31-03-2025T10:15:55 - [MESSAGE][PASSED] - Text of object 'Object Repository/Выполнение бизнес-плана/svg1' is: '%
5.73 5.73
8.03 8.03
План
Факт
1
100'

31-03-2025T10:15:55 - [TEST_STEP][PASSED] - a6 = getText(findTestObject("Выполнение бизнес-плана/svg2")): Text of object 'Object Repository/Выполнение бизнес-плана/svg2' is: 'п.п.
2.30
Итого
0
1
2
3'

31-03-2025T10:15:55 - [MESSAGE][PASSED] - Text of object 'Object Repository/Выполнение бизнес-плана/svg2' is: 'п.п.
2.30
Итого
0
1
2
3'

31-03-2025T10:15:55 - [TEST_STEP][PASSED] - a7 = getText(findTestObject("Выполнение бизнес-плана/Значения со страницы Выполнение бизнес-плана/Факт Отпуск в сеть за отчётный период ПАО Россети")): Text of object 'Object Repository/Выполнение бизнес-плана/Значения со страницы Выполнение бизнес-плана/Факт Отпуск в сеть за отчётный период ПАО Россети' is: '126 427 751'

31-03-2025T10:15:55 - [MESSAGE][PASSED] - Text of object 'Object Repository/Выполнение бизнес-плана/Значения со страницы Выполнение бизнес-плана/Факт Отпуск в сеть за отчётный период ПАО Россети' is: '126 427 751'

31-03-2025T10:15:55 - [TEST_STEP][PASSED] - a8 = getText(findTestObject("Выполнение бизнес-плана/Значения со страницы Выполнение бизнес-плана/Факт Отпуск из сети за отчётный период ПАО Россети")): Text of object 'Object Repository/Выполнение бизнес-плана/Значения со страницы Выполнение бизнес-плана/Факт Отпуск из сети за отчётный период ПАО Россети' is: '116 275 127'

31-03-2025T10:15:56 - [MESSAGE][PASSED] - Text of object 'Object Repository/Выполнение бизнес-плана/Значения со страницы Выполнение бизнес-плана/Факт Отпуск из сети за отчётный период ПАО Россети' is: '116 275 127'

31-03-2025T10:15:56 - [TEST_STEP][PASSED] - a9 = getText(findTestObject("Выполнение бизнес-плана/Значения со страницы Выполнение бизнес-плана/Факт Потери за отчётный период ПАО Россети")): Text of object 'Object Repository/Выполнение бизнес-плана/Значения со страницы Выполнение бизнес-плана/Факт Потери за отчётный период ПАО Россети' is: '10 152 624'

31-03-2025T10:15:56 - [MESSAGE][PASSED] - Text of object 'Object Repository/Выполнение бизнес-плана/Значения со страницы Выполнение бизнес-плана/Факт Потери за отчётный период ПАО Россети' is: '10 152 624'

31-03-2025T10:15:56 - [TEST_STEP][PASSED] - Script1686231490255.WriteToExcel(user, dashboardName, n, data, run, a1, a2, a3, a4, a5, a6, a7, a8, a9): null

31-03-2025T10:15:56 - [TEST_STEP][PASSED] - sheetName = "Sheet1": null

31-03-2025T10:15:56 - [TEST_STEP][PASSED] - workbook01 = getWorkbook(excelFilePath): null

31-03-2025T10:15:56 - [TEST_STEP][PASSED] - sheet01 = getExcelSheet(workbook01, sheetName): null

31-03-2025T10:15:56 - [TEST_STEP][PASSED] - setValueToCellByIndex(sheet01, n, 0, dashboardName): null

31-03-2025T10:15:56 - [TEST_STEP][PASSED] - setValueToCellByIndex(sheet01, n, 10, user): null

31-03-2025T10:15:56 - [TEST_STEP][PASSED] - setValueToCellByIndex(sheet01, n, 1, a1): null

31-03-2025T10:15:56 - [TEST_STEP][PASSED] - setValueToCellByIndex(sheet01, n, 2, a2): null

31-03-2025T10:15:56 - [TEST_STEP][PASSED] - setValueToCellByIndex(sheet01, n, 3, a3): null

31-03-2025T10:15:56 - [TEST_STEP][PASSED] - setValueToCellByIndex(sheet01, n, 4, a4): null

31-03-2025T10:15:56 - [TEST_STEP][PASSED] - setValueToCellByIndex(sheet01, n, 5, a5): null

31-03-2025T10:15:56 - [TEST_STEP][PASSED] - setValueToCellByIndex(sheet01, n, 6, a6): null

31-03-2025T10:15:56 - [TEST_STEP][PASSED] - setValueToCellByIndex(sheet01, n, 7, a7): null

31-03-2025T10:15:56 - [TEST_STEP][PASSED] - setValueToCellByIndex(sheet01, n, 8, a8): null

31-03-2025T10:15:56 - [TEST_STEP][PASSED] - setValueToCellByIndex(sheet01, n, 9, a9): null

31-03-2025T10:15:56 - [TEST_STEP][PASSED] - n = n + 1: null

31-03-2025T10:15:56 - [TEST_STEP][PASSED] - saveWorkbook(excelFilePath, workbook01): null

31-03-2025T10:15:56 - [TEST_STEP][PASSED] - if (run == 2): null

31-03-2025T10:15:56 - [TEST_STEP][PASSED] - if (run == 3): null

31-03-2025T10:15:56 - [TEST_STEP][PASSED] - closeBrowser(): null

31-03-2025T10:15:57 - [MESSAGE][PASSED] - Browser is closed

31-03-2025T10:15:57 - [TEST_STEP][PASSED] - VipolnenieBiznesPlana(user, dashboardName, n, data, run, a1, a2, a3, a4, a5, a6, a7, a8, a9, urlData): null

31-03-2025T10:15:57 - [TEST_STEP][PASSED] - n = data.getRowNumbers() + 1: null

31-03-2025T10:15:57 - [TEST_STEP][PASSED] - println(n): null

31-03-2025T10:15:57 - [TEST_STEP][PASSED] - dashboardName = "Выполнение бизнес-плана": null

31-03-2025T10:15:57 - [TEST_STEP][PASSED] - openBrowser(""): Browser is opened with url: ''

31-03-2025T10:15:57 - [MESSAGE][INFO] - Starting 'Chrome' driver

31-03-2025T10:15:57 - [MESSAGE][INFO] - Action delay is set to 0 milliseconds

31-03-2025T10:15:58 - [MESSAGE][PASSED] - Browser is opened with url: ''

31-03-2025T10:15:58 - [TEST_STEP][PASSED] - urlData = 1: null

31-03-2025T10:15:58 - [TEST_STEP][PASSED] - Script1686231490255.CheckPageDownload(urlData, run): null

31-03-2025T10:15:58 - [TEST_STEP][PASSED] - i = 1: null

31-03-2025T10:15:58 - [TEST_STEP][PASSED] - ii = 0: null

31-03-2025T10:15:58 - [TEST_STEP][PASSED] - urlText = <not implemented yet for class: org.codehaus.groovy.ast.expr.EmptyExpression>: null

31-03-2025T10:15:58 - [TEST_STEP][PASSED] - searchWord = <not implemented yet for class: org.codehaus.groovy.ast.expr.EmptyExpression>: null

31-03-2025T10:15:58 - [TEST_STEP][PASSED] - deleteAllCookies(): Delete all cookies successfully

31-03-2025T10:15:58 - [MESSAGE][PASSED] - Delete all cookies successfully

31-03-2025T10:15:58 - [TEST_STEP][PASSED] - refresh(): Refresh successfully

31-03-2025T10:15:58 - [MESSAGE][PASSED] - Refresh successfully

31-03-2025T10:15:58 - [TEST_STEP][PASSED] - delay(70): Delayed 70 second(s)

31-03-2025T10:17:08 - [MESSAGE][PASSED] - Delayed 70 second(s)

31-03-2025T10:17:08 - [TEST_STEP][FAILED] - navigateToUrl(findTestData("PlanFact").getValue(10, urlData)): Unable to navigate to 'https://bi.rosseti.digital/viewer?dashboardGuid=d154a8eaf6824e2b9de1bb04dd061c18&sheetGuid=1305e8ce744049e1abdacea1ea397a26&fit=true' (Root cause: com.kms.katalon.core.exception.StepFailedException: Unable to navigate to 'https://bi.rosseti.digital/viewer?dashboardGuid=d154a8eaf6824e2b9de1bb04dd061c18&sheetGuid=1305e8ce744049e1abdacea1ea397a26&fit=true'
	at com.kms.katalon.core.webui.keyword.internal.WebUIKeywordMain.stepFailed(WebUIKeywordMain.groovy:64)
	at com.kms.katalon.core.webui.keyword.internal.WebUIKeywordMain.runKeyword(WebUIKeywordMain.groovy:26)
	at com.kms.katalon.core.webui.keyword.builtin.NavigateToUrlKeyword.navigateToUrl(NavigateToUrlKeyword.groovy:83)
	at com.kms.katalon.core.webui.keyword.builtin.NavigateToUrlKeyword.execute(NavigateToUrlKeyword.groovy:67)
	at com.kms.katalon.core.keyword.internal.KeywordExecutor.executeKeywordForPlatform(KeywordExecutor.groovy:74)
	at com.kms.katalon.core.webui.keyword.WebUiBuiltInKeywords.navigateToUrl(WebUiBuiltInKeywords.groovy:187)
	at Блок руководителя сверка дашбордов под разными учётками.CheckPageDownload(Блок руководителя сверка дашбордов под разными учётками:130)
	at Блок руководителя сверка дашбордов под разными учётками.VipolnenieBiznesPlana(Блок руководителя сверка дашбордов под разными учётками:214)
	at Блок руководителя сверка дашбордов под разными учётками.run(Блок руководителя сверка дашбордов под разными учётками:52)
	at com.kms.katalon.core.main.ScriptEngine.run(ScriptEngine.java:194)
	at com.kms.katalon.core.main.ScriptEngine.runScriptAsRawText(ScriptEngine.java:119)
	at com.kms.katalon.core.main.TestCaseExecutor.runScript(TestCaseExecutor.java:448)
	at com.kms.katalon.core.main.TestCaseExecutor.doExecute(TestCaseExecutor.java:439)
	at com.kms.katalon.core.main.TestCaseExecutor.processExecutionPhase(TestCaseExecutor.java:418)
	at com.kms.katalon.core.main.TestCaseExecutor.accessMainPhase(TestCaseExecutor.java:410)
	at com.kms.katalon.core.main.TestCaseExecutor.execute(TestCaseExecutor.java:285)
	at com.kms.katalon.core.common.CommonExecutor.accessTestCaseMainPhase(CommonExecutor.java:65)
	at com.kms.katalon.core.main.TestSuiteExecutor.accessTestSuiteMainPhase(TestSuiteExecutor.java:150)
	at com.kms.katalon.core.main.TestSuiteExecutor.execute(TestSuiteExecutor.java:106)
	at com.kms.katalon.core.main.TestCaseMain.startTestSuite(TestCaseMain.java:180)
	at TempTestSuite1743404878601.run(TempTestSuite1743404878601.groovy:35)
	at java.base/jdk.internal.reflect.NativeMethodAccessorImpl.invoke0(Native Method)
	at java.base/jdk.internal.reflect.NativeMethodAccessorImpl.invoke(NativeMethodAccessorImpl.java:77)
	at java.base/jdk.internal.reflect.DelegatingMethodAccessorImpl.invoke(DelegatingMethodAccessorImpl.java:43)
Caused by: org.openqa.selenium.NoSuchSessionException: invalid session id
Build info: version: '3.141.59', revision: 'unknown', time: 'unknown'
System info: host: 'UVV-WS904-D', ip: '192.168.0.19', os.name: 'Windows 10', os.arch: 'amd64', os.version: '10.0', java.version: '17.0.7'
Driver info: com.kms.katalon.selenium.driver.CChromeDriver
Capabilities {acceptInsecureCerts: false, browserName: chrome, browserVersion: 134.0.6998.178, chrome: {chromedriverVersion: 134.0.6998.165 (fd886e2cb29..., userDataDir: C:\Users\LIAZGI~1\AppData\L...}, fedcm:accounts: true, goog:chromeOptions: {debuggerAddress: localhost:56027}, javascriptEnabled: true, networkConnectionEnabled: false, pageLoadStrategy: normal, platform: WINDOWS, platformName: WINDOWS, proxy: Proxy(), setWindowRect: true, strictFileInteractability: false, timeouts: {implicit: 0, pageLoad: 300000, script: 30000}, unhandledPromptBehavior: dismiss and notify, webauthn:extension:credBlob: true, webauthn:extension:largeBlob: true, webauthn:extension:minPinLength: true, webauthn:extension:prf: true, webauthn:virtualAuthenticators: true}
Session ID: b6e65ccba40b1587eaabac2d5d735ca5
	at java.base/jdk.internal.reflect.NativeConstructorAccessorImpl.newInstance0(Native Method)
	at java.base/jdk.internal.reflect.NativeConstructorAccessorImpl.newInstance(NativeConstructorAccessorImpl.java:77)
	at java.base/jdk.internal.reflect.DelegatingConstructorAccessorImpl.newInstance(DelegatingConstructorAccessorImpl.java:45)
	at org.openqa.selenium.remote.http.W3CHttpResponseCodec.createException(W3CHttpResponseCodec.java:187)
	at org.openqa.selenium.remote.http.W3CHttpResponseCodec.decode(W3CHttpResponseCodec.java:122)
	at org.openqa.selenium.remote.http.W3CHttpResponseCodec.decode(W3CHttpResponseCodec.java:49)
	at org.openqa.selenium.remote.HttpCommandExecutor.execute(HttpCommandExecutor.java:158)
	at org.openqa.selenium.remote.service.DriverCommandExecutor.execute(DriverCommandExecutor.java:83)
	at org.openqa.selenium.remote.RemoteWebDriver.execute(RemoteWebDriver.java:552)
	at com.kms.katalon.selenium.driver.CChromeDriver.execute(CChromeDriver.java:19)
	at org.openqa.selenium.remote.RemoteWebDriver.get(RemoteWebDriver.java:277)
	at org.openqa.selenium.remote.RemoteWebDriver$RemoteNavigation.to(RemoteWebDriver.java:857)
	at org.openqa.selenium.support.events.EventFiringWebDriver$EventFiringNavigation.to(EventFiringWebDriver.java:569)
	at com.kms.katalon.core.webui.keyword.builtin.NavigateToUrlKeyword$_navigateToUrl_closure1.doCall(NavigateToUrlKeyword.groovy:81)
	at com.kms.katalon.core.webui.keyword.builtin.NavigateToUrlKeyword$_navigateToUrl_closure1.call(NavigateToUrlKeyword.groovy)
	at com.kms.katalon.core.webui.keyword.internal.WebUIKeywordMain.runKeyword(WebUIKeywordMain.groovy:20)
	at com.kms.katalon.core.webui.keyword.builtin.NavigateToUrlKeyword.navigateToUrl(NavigateToUrlKeyword.groovy:83)
	at com.kms.katalon.core.webui.keyword.builtin.NavigateToUrlKeyword.execute(NavigateToUrlKeyword.groovy:67)
	at com.kms.katalon.core.keyword.internal.KeywordExecutor.executeKeywordForPlatform(KeywordExecutor.groovy:74)
	at com.kms.katalon.core.webui.keyword.WebUiBuiltInKeywords.navigateToUrl(WebUiBuiltInKeywords.groovy:187)
	at Script1686231490255.CheckPageDownload(Script1686231490255.groovy:130)
	at Script1686231490255.VipolnenieBiznesPlana(Script1686231490255.groovy:214)
	at Script1686231490255.run(Script1686231490255.groovy:52)
	... 15 more
)

31-03-2025T10:17:08 - [MESSAGE][WARNING] - Cannot take screenshot

31-03-2025T10:17:08 - [MESSAGE][FAILED] - Unable to navigate to 'https://bi.rosseti.digital/viewer?dashboardGuid=d154a8eaf6824e2b9de1bb04dd061c18&sheetGuid=1305e8ce744049e1abdacea1ea397a26&fit=true' (Root cause: com.kms.katalon.core.exception.StepFailedException: Unable to navigate to 'https://bi.rosseti.digital/viewer?dashboardGuid=d154a8eaf6824e2b9de1bb04dd061c18&sheetGuid=1305e8ce744049e1abdacea1ea397a26&fit=true'
	at com.kms.katalon.core.webui.keyword.internal.WebUIKeywordMain.stepFailed(WebUIKeywordMain.groovy:64)
	at com.kms.katalon.core.webui.keyword.internal.WebUIKeywordMain.runKeyword(WebUIKeywordMain.groovy:26)
	at com.kms.katalon.core.webui.keyword.builtin.NavigateToUrlKeyword.navigateToUrl(NavigateToUrlKeyword.groovy:83)
	at com.kms.katalon.core.webui.keyword.builtin.NavigateToUrlKeyword.execute(NavigateToUrlKeyword.groovy:67)
	at com.kms.katalon.core.keyword.internal.KeywordExecutor.executeKeywordForPlatform(KeywordExecutor.groovy:74)
	at com.kms.katalon.core.webui.keyword.WebUiBuiltInKeywords.navigateToUrl(WebUiBuiltInKeywords.groovy:187)
	at Блок руководителя сверка дашбордов под разными учётками.CheckPageDownload(Блок руководителя сверка дашбордов под разными учётками:130)
	at Блок руководителя сверка дашбордов под разными учётками.VipolnenieBiznesPlana(Блок руководителя сверка дашбордов под разными учётками:214)
	at Блок руководителя сверка дашбордов под разными учётками.run(Блок руководителя сверка дашбордов под разными учётками:52)
	at com.kms.katalon.core.main.ScriptEngine.run(ScriptEngine.java:194)
	at com.kms.katalon.core.main.ScriptEngine.runScriptAsRawText(ScriptEngine.java:119)
	at com.kms.katalon.core.main.TestCaseExecutor.runScript(TestCaseExecutor.java:448)
	at com.kms.katalon.core.main.TestCaseExecutor.doExecute(TestCaseExecutor.java:439)
	at com.kms.katalon.core.main.TestCaseExecutor.processExecutionPhase(TestCaseExecutor.java:418)
	at com.kms.katalon.core.main.TestCaseExecutor.accessMainPhase(TestCaseExecutor.java:410)
	at com.kms.katalon.core.main.TestCaseExecutor.execute(TestCaseExecutor.java:285)
	at com.kms.katalon.core.common.CommonExecutor.accessTestCaseMainPhase(CommonExecutor.java:65)
	at com.kms.katalon.core.main.TestSuiteExecutor.accessTestSuiteMainPhase(TestSuiteExecutor.java:150)
	at com.kms.katalon.core.main.TestSuiteExecutor.execute(TestSuiteExecutor.java:106)
	at com.kms.katalon.core.main.TestCaseMain.startTestSuite(TestCaseMain.java:180)
	at TempTestSuite1743404878601.run(TempTestSuite1743404878601.groovy:35)
	at java.base/jdk.internal.reflect.NativeMethodAccessorImpl.invoke0(Native Method)
	at java.base/jdk.internal.reflect.NativeMethodAccessorImpl.invoke(NativeMethodAccessorImpl.java:77)
	at java.base/jdk.internal.reflect.DelegatingMethodAccessorImpl.invoke(DelegatingMethodAccessorImpl.java:43)
Caused by: org.openqa.selenium.NoSuchSessionException: invalid session id
Build info: version: '3.141.59', revision: 'unknown', time: 'unknown'
System info: host: 'UVV-WS904-D', ip: '192.168.0.19', os.name: 'Windows 10', os.arch: 'amd64', os.version: '10.0', java.version: '17.0.7'
Driver info: com.kms.katalon.selenium.driver.CChromeDriver
Capabilities {acceptInsecureCerts: false, browserName: chrome, browserVersion: 134.0.6998.178, chrome: {chromedriverVersion: 134.0.6998.165 (fd886e2cb29..., userDataDir: C:\Users\LIAZGI~1\AppData\L...}, fedcm:accounts: true, goog:chromeOptions: {debuggerAddress: localhost:56027}, javascriptEnabled: true, networkConnectionEnabled: false, pageLoadStrategy: normal, platform: WINDOWS, platformName: WINDOWS, proxy: Proxy(), setWindowRect: true, strictFileInteractability: false, timeouts: {implicit: 0, pageLoad: 300000, script: 30000}, unhandledPromptBehavior: dismiss and notify, webauthn:extension:credBlob: true, webauthn:extension:largeBlob: true, webauthn:extension:minPinLength: true, webauthn:extension:prf: true, webauthn:virtualAuthenticators: true}
Session ID: b6e65ccba40b1587eaabac2d5d735ca5
	at java.base/jdk.internal.reflect.NativeConstructorAccessorImpl.newInstance0(Native Method)
	at java.base/jdk.internal.reflect.NativeConstructorAccessorImpl.newInstance(NativeConstructorAccessorImpl.java:77)
	at java.base/jdk.internal.reflect.DelegatingConstructorAccessorImpl.newInstance(DelegatingConstructorAccessorImpl.java:45)
	at org.openqa.selenium.remote.http.W3CHttpResponseCodec.createException(W3CHttpResponseCodec.java:187)
	at org.openqa.selenium.remote.http.W3CHttpResponseCodec.decode(W3CHttpResponseCodec.java:122)
	at org.openqa.selenium.remote.http.W3CHttpResponseCodec.decode(W3CHttpResponseCodec.java:49)
	at org.openqa.selenium.remote.HttpCommandExecutor.execute(HttpCommandExecutor.java:158)
	at org.openqa.selenium.remote.service.DriverCommandExecutor.execute(DriverCommandExecutor.java:83)
	at org.openqa.selenium.remote.RemoteWebDriver.execute(RemoteWebDriver.java:552)
	at com.kms.katalon.selenium.driver.CChromeDriver.execute(CChromeDriver.java:19)
	at org.openqa.selenium.remote.RemoteWebDriver.get(RemoteWebDriver.java:277)
	at org.openqa.selenium.remote.RemoteWebDriver$RemoteNavigation.to(RemoteWebDriver.java:857)
	at org.openqa.selenium.support.events.EventFiringWebDriver$EventFiringNavigation.to(EventFiringWebDriver.java:569)
	at com.kms.katalon.core.webui.keyword.builtin.NavigateToUrlKeyword$_navigateToUrl_closure1.doCall(NavigateToUrlKeyword.groovy:81)
	at com.kms.katalon.core.webui.keyword.builtin.NavigateToUrlKeyword$_navigateToUrl_closure1.call(NavigateToUrlKeyword.groovy)
	at com.kms.katalon.core.webui.keyword.internal.WebUIKeywordMain.runKeyword(WebUIKeywordMain.groovy:20)
	at com.kms.katalon.core.webui.keyword.builtin.NavigateToUrlKeyword.navigateToUrl(NavigateToUrlKeyword.groovy:83)
	at com.kms.katalon.core.webui.keyword.builtin.NavigateToUrlKeyword.execute(NavigateToUrlKeyword.groovy:67)
	at com.kms.katalon.core.keyword.internal.KeywordExecutor.executeKeywordForPlatform(KeywordExecutor.groovy:74)
	at com.kms.katalon.core.webui.keyword.WebUiBuiltInKeywords.navigateToUrl(WebUiBuiltInKeywords.groovy:187)
	at Script1686231490255.CheckPageDownload(Script1686231490255.groovy:130)
	at Script1686231490255.VipolnenieBiznesPlana(Script1686231490255.groovy:214)
	at Script1686231490255.run(Script1686231490255.groovy:52)
	... 15 more
)

31-03-2025T10:17:08 - [TEST_STEP][FAILED] - pageLoaded1 = verifyElementPresent(findTestObject("Страница авторизации/Text"), 30): Unable to verify object 'Object Repository/Страница авторизации/Text' is present (Root cause: com.kms.katalon.core.exception.StepFailedException: Unable to verify object 'Object Repository/Страница авторизации/Text' is present
	at com.kms.katalon.core.webui.keyword.internal.WebUIKeywordMain.stepFailed(WebUIKeywordMain.groovy:64)
	at com.kms.katalon.core.webui.keyword.internal.WebUIKeywordMain.runKeyword(WebUIKeywordMain.groovy:26)
	at com.kms.katalon.core.webui.keyword.builtin.VerifyElementPresentKeyword.verifyElementPresent(VerifyElementPresentKeyword.groovy:92)
	at com.kms.katalon.core.webui.keyword.builtin.VerifyElementPresentKeyword.execute(VerifyElementPresentKeyword.groovy:68)
	at com.kms.katalon.core.keyword.internal.KeywordExecutor.executeKeywordForPlatform(KeywordExecutor.groovy:74)
	at com.kms.katalon.core.webui.keyword.WebUiBuiltInKeywords.verifyElementPresent(WebUiBuiltInKeywords.groovy:1503)
	at Блок руководителя сверка дашбордов под разными учётками.CheckPageDownload(Блок руководителя сверка дашбордов под разными учётками:132)
	at Блок руководителя сверка дашбордов под разными учётками.VipolnenieBiznesPlana(Блок руководителя сверка дашбордов под разными учётками:214)
	at Блок руководителя сверка дашбордов под разными учётками.run(Блок руководителя сверка дашбордов под разными учётками:52)
	at com.kms.katalon.core.main.ScriptEngine.run(ScriptEngine.java:194)
	at com.kms.katalon.core.main.ScriptEngine.runScriptAsRawText(ScriptEngine.java:119)
	at com.kms.katalon.core.main.TestCaseExecutor.runScript(TestCaseExecutor.java:448)
	at com.kms.katalon.core.main.TestCaseExecutor.doExecute(TestCaseExecutor.java:439)
	at com.kms.katalon.core.main.TestCaseExecutor.processExecutionPhase(TestCaseExecutor.java:418)
	at com.kms.katalon.core.main.TestCaseExecutor.accessMainPhase(TestCaseExecutor.java:410)
	at com.kms.katalon.core.main.TestCaseExecutor.execute(TestCaseExecutor.java:285)
	at com.kms.katalon.core.common.CommonExecutor.accessTestCaseMainPhase(CommonExecutor.java:65)
	at com.kms.katalon.core.main.TestSuiteExecutor.accessTestSuiteMainPhase(TestSuiteExecutor.java:150)
	at com.kms.katalon.core.main.TestSuiteExecutor.execute(TestSuiteExecutor.java:106)
	at com.kms.katalon.core.main.TestCaseMain.startTestSuite(TestCaseMain.java:180)
	at TempTestSuite1743404878601.run(TempTestSuite1743404878601.groovy:35)
	at java.base/jdk.internal.reflect.NativeMethodAccessorImpl.invoke0(Native Method)
	at java.base/jdk.internal.reflect.NativeMethodAccessorImpl.invoke(NativeMethodAccessorImpl.java:77)
	at java.base/jdk.internal.reflect.DelegatingMethodAccessorImpl.invoke(DelegatingMethodAccessorImpl.java:43)
Caused by: org.openqa.selenium.NoSuchSessionException: invalid session id
Build info: version: '3.141.59', revision: 'unknown', time: 'unknown'
System info: host: 'UVV-WS904-D', ip: '192.168.0.19', os.name: 'Windows 10', os.arch: 'amd64', os.version: '10.0', java.version: '17.0.7'
Driver info: com.kms.katalon.selenium.driver.CChromeDriver
Capabilities {acceptInsecureCerts: false, browserName: chrome, browserVersion: 134.0.6998.178, chrome: {chromedriverVersion: 134.0.6998.165 (fd886e2cb29..., userDataDir: C:\Users\LIAZGI~1\AppData\L...}, fedcm:accounts: true, goog:chromeOptions: {debuggerAddress: localhost:56027}, javascriptEnabled: true, networkConnectionEnabled: false, pageLoadStrategy: normal, platform: WINDOWS, platformName: WINDOWS, proxy: Proxy(), setWindowRect: true, strictFileInteractability: false, timeouts: {implicit: 0, pageLoad: 300000, script: 30000}, unhandledPromptBehavior: dismiss and notify, webauthn:extension:credBlob: true, webauthn:extension:largeBlob: true, webauthn:extension:minPinLength: true, webauthn:extension:prf: true, webauthn:virtualAuthenticators: true}
Session ID: b6e65ccba40b1587eaabac2d5d735ca5
*** Element info: {Using=xpath, value=//div}
	at java.base/jdk.internal.reflect.NativeConstructorAccessorImpl.newInstance0(Native Method)
	at java.base/jdk.internal.reflect.NativeConstructorAccessorImpl.newInstance(NativeConstructorAccessorImpl.java:77)
	at java.base/jdk.internal.reflect.DelegatingConstructorAccessorImpl.newInstance(DelegatingConstructorAccessorImpl.java:45)
	at org.openqa.selenium.remote.http.W3CHttpResponseCodec.createException(W3CHttpResponseCodec.java:187)
	at org.openqa.selenium.remote.http.W3CHttpResponseCodec.decode(W3CHttpResponseCodec.java:122)
	at org.openqa.selenium.remote.http.W3CHttpResponseCodec.decode(W3CHttpResponseCodec.java:49)
	at org.openqa.selenium.remote.HttpCommandExecutor.execute(HttpCommandExecutor.java:158)
	at org.openqa.selenium.remote.service.DriverCommandExecutor.execute(DriverCommandExecutor.java:83)
	at org.openqa.selenium.remote.RemoteWebDriver.execute(RemoteWebDriver.java:552)
	at com.kms.katalon.selenium.driver.CChromeDriver.execute(CChromeDriver.java:19)
	at org.openqa.selenium.remote.RemoteWebDriver.findElements(RemoteWebDriver.java:353)
	at org.openqa.selenium.remote.RemoteWebDriver.findElementsByXPath(RemoteWebDriver.java:432)
	at org.openqa.selenium.By$ByXPath.findElements(By.java:348)
	at org.openqa.selenium.remote.RemoteWebDriver.findElements(RemoteWebDriver.java:311)
	at jdk.internal.reflect.GeneratedMethodAccessor10.invoke(Unknown Source)
	at java.base/jdk.internal.reflect.DelegatingMethodAccessorImpl.invoke(DelegatingMethodAccessorImpl.java:43)
	at org.openqa.selenium.support.events.EventFiringWebDriver.lambda$new$1(EventFiringWebDriver.java:105)
	at jdk.proxy2/jdk.proxy2.$Proxy23.findElements(Unknown Source)
	at org.openqa.selenium.support.events.EventFiringWebDriver.findElements(EventFiringWebDriver.java:182)
	at com.kms.katalon.core.webui.common.WebUiCommonHelper.findElementByNormalMethods(WebUiCommonHelper.java:1036)
	at com.kms.katalon.core.webui.common.WebUiCommonHelper.findElementsBySelectedMethod(WebUiCommonHelper.java:921)
	at com.kms.katalon.core.webui.common.WebUiCommonHelper.findElementsBySelectedMethod(WebUiCommonHelper.java:902)
	at com.kms.katalon.core.webui.common.WebUiCommonHelper.findElementsBySelectedMethod(WebUiCommonHelper.java:897)
	at com.kms.katalon.core.webui.common.WebUiCommonHelper.findElementsByDefault(WebUiCommonHelper.java:893)
	at com.kms.katalon.core.webui.common.WebUiCommonHelper.findWebElements(WebUiCommonHelper.java:725)
	at com.kms.katalon.core.webui.common.WebUiCommonHelper.findWebElement(WebUiCommonHelper.java:1416)
	at com.kms.katalon.core.webui.keyword.internal.WebUIAbstractKeyword.findWebElement(WebUIAbstractKeyword.groovy:27)
	at com.kms.katalon.core.webui.keyword.builtin.VerifyElementPresentKeyword$_verifyElementPresent_closure1.doCall(VerifyElementPresentKeyword.groovy:79)
	at com.kms.katalon.core.webui.keyword.builtin.VerifyElementPresentKeyword$_verifyElementPresent_closure1.call(VerifyElementPresentKeyword.groovy)
	at com.kms.katalon.core.webui.keyword.internal.WebUIKeywordMain.runKeyword(WebUIKeywordMain.groovy:20)
	at com.kms.katalon.core.webui.keyword.builtin.VerifyElementPresentKeyword.verifyElementPresent(VerifyElementPresentKeyword.groovy:92)
	at com.kms.katalon.core.webui.keyword.builtin.VerifyElementPresentKeyword.execute(VerifyElementPresentKeyword.groovy:68)
	at com.kms.katalon.core.keyword.internal.KeywordExecutor.executeKeywordForPlatform(KeywordExecutor.groovy:74)
	at com.kms.katalon.core.webui.keyword.WebUiBuiltInKeywords.verifyElementPresent(WebUiBuiltInKeywords.groovy:1503)
	at Script1686231490255.CheckPageDownload(Script1686231490255.groovy:132)
	at Script1686231490255.VipolnenieBiznesPlana(Script1686231490255.groovy:214)
	at Script1686231490255.run(Script1686231490255.groovy:52)
	... 15 more
)

31-03-2025T10:17:08 - [MESSAGE][WARNING] - Cannot take screenshot

31-03-2025T10:17:08 - [MESSAGE][FAILED] - Unable to verify object 'Object Repository/Страница авторизации/Text' is present (Root cause: com.kms.katalon.core.exception.StepFailedException: Unable to verify object 'Object Repository/Страница авторизации/Text' is present
	at com.kms.katalon.core.webui.keyword.internal.WebUIKeywordMain.stepFailed(WebUIKeywordMain.groovy:64)
	at com.kms.katalon.core.webui.keyword.internal.WebUIKeywordMain.runKeyword(WebUIKeywordMain.groovy:26)
	at com.kms.katalon.core.webui.keyword.builtin.VerifyElementPresentKeyword.verifyElementPresent(VerifyElementPresentKeyword.groovy:92)
	at com.kms.katalon.core.webui.keyword.builtin.VerifyElementPresentKeyword.execute(VerifyElementPresentKeyword.groovy:68)
	at com.kms.katalon.core.keyword.internal.KeywordExecutor.executeKeywordForPlatform(KeywordExecutor.groovy:74)
	at com.kms.katalon.core.webui.keyword.WebUiBuiltInKeywords.verifyElementPresent(WebUiBuiltInKeywords.groovy:1503)
	at Блок руководителя сверка дашбордов под разными учётками.CheckPageDownload(Блок руководителя сверка дашбордов под разными учётками:132)
	at Блок руководителя сверка дашбордов под разными учётками.VipolnenieBiznesPlana(Блок руководителя сверка дашбордов под разными учётками:214)
	at Блок руководителя сверка дашбордов под разными учётками.run(Блок руководителя сверка дашбордов под разными учётками:52)
	at com.kms.katalon.core.main.ScriptEngine.run(ScriptEngine.java:194)
	at com.kms.katalon.core.main.ScriptEngine.runScriptAsRawText(ScriptEngine.java:119)
	at com.kms.katalon.core.main.TestCaseExecutor.runScript(TestCaseExecutor.java:448)
	at com.kms.katalon.core.main.TestCaseExecutor.doExecute(TestCaseExecutor.java:439)
	at com.kms.katalon.core.main.TestCaseExecutor.processExecutionPhase(TestCaseExecutor.java:418)
	at com.kms.katalon.core.main.TestCaseExecutor.accessMainPhase(TestCaseExecutor.java:410)
	at com.kms.katalon.core.main.TestCaseExecutor.execute(TestCaseExecutor.java:285)
	at com.kms.katalon.core.common.CommonExecutor.accessTestCaseMainPhase(CommonExecutor.java:65)
	at com.kms.katalon.core.main.TestSuiteExecutor.accessTestSuiteMainPhase(TestSuiteExecutor.java:150)
	at com.kms.katalon.core.main.TestSuiteExecutor.execute(TestSuiteExecutor.java:106)
	at com.kms.katalon.core.main.TestCaseMain.startTestSuite(TestCaseMain.java:180)
	at TempTestSuite1743404878601.run(TempTestSuite1743404878601.groovy:35)
	at java.base/jdk.internal.reflect.NativeMethodAccessorImpl.invoke0(Native Method)
	at java.base/jdk.internal.reflect.NativeMethodAccessorImpl.invoke(NativeMethodAccessorImpl.java:77)
	at java.base/jdk.internal.reflect.DelegatingMethodAccessorImpl.invoke(DelegatingMethodAccessorImpl.java:43)
Caused by: org.openqa.selenium.NoSuchSessionException: invalid session id
Build info: version: '3.141.59', revision: 'unknown', time: 'unknown'
System info: host: 'UVV-WS904-D', ip: '192.168.0.19', os.name: 'Windows 10', os.arch: 'amd64', os.version: '10.0', java.version: '17.0.7'
Driver info: com.kms.katalon.selenium.driver.CChromeDriver
Capabilities {acceptInsecureCerts: false, browserName: chrome, browserVersion: 134.0.6998.178, chrome: {chromedriverVersion: 134.0.6998.165 (fd886e2cb29..., userDataDir: C:\Users\LIAZGI~1\AppData\L...}, fedcm:accounts: true, goog:chromeOptions: {debuggerAddress: localhost:56027}, javascriptEnabled: true, networkConnectionEnabled: false, pageLoadStrategy: normal, platform: WINDOWS, platformName: WINDOWS, proxy: Proxy(), setWindowRect: true, strictFileInteractability: false, timeouts: {implicit: 0, pageLoad: 300000, script: 30000}, unhandledPromptBehavior: dismiss and notify, webauthn:extension:credBlob: true, webauthn:extension:largeBlob: true, webauthn:extension:minPinLength: true, webauthn:extension:prf: true, webauthn:virtualAuthenticators: true}
Session ID: b6e65ccba40b1587eaabac2d5d735ca5
*** Element info: {Using=xpath, value=//div}
	at java.base/jdk.internal.reflect.NativeConstructorAccessorImpl.newInstance0(Native Method)
	at java.base/jdk.internal.reflect.NativeConstructorAccessorImpl.newInstance(NativeConstructorAccessorImpl.java:77)
	at java.base/jdk.internal.reflect.DelegatingConstructorAccessorImpl.newInstance(DelegatingConstructorAccessorImpl.java:45)
	at org.openqa.selenium.remote.http.W3CHttpResponseCodec.createException(W3CHttpResponseCodec.java:187)
	at org.openqa.selenium.remote.http.W3CHttpResponseCodec.decode(W3CHttpResponseCodec.java:122)
	at org.openqa.selenium.remote.http.W3CHttpResponseCodec.decode(W3CHttpResponseCodec.java:49)
	at org.openqa.selenium.remote.HttpCommandExecutor.execute(HttpCommandExecutor.java:158)
	at org.openqa.selenium.remote.service.DriverCommandExecutor.execute(DriverCommandExecutor.java:83)
	at org.openqa.selenium.remote.RemoteWebDriver.execute(RemoteWebDriver.java:552)
	at com.kms.katalon.selenium.driver.CChromeDriver.execute(CChromeDriver.java:19)
	at org.openqa.selenium.remote.RemoteWebDriver.findElements(RemoteWebDriver.java:353)
	at org.openqa.selenium.remote.RemoteWebDriver.findElementsByXPath(RemoteWebDriver.java:432)
	at org.openqa.selenium.By$ByXPath.findElements(By.java:348)
	at org.openqa.selenium.remote.RemoteWebDriver.findElements(RemoteWebDriver.java:311)
	at jdk.internal.reflect.GeneratedMethodAccessor10.invoke(Unknown Source)
	at java.base/jdk.internal.reflect.DelegatingMethodAccessorImpl.invoke(DelegatingMethodAccessorImpl.java:43)
	at org.openqa.selenium.support.events.EventFiringWebDriver.lambda$new$1(EventFiringWebDriver.java:105)
	at jdk.proxy2/jdk.proxy2.$Proxy23.findElements(Unknown Source)
	at org.openqa.selenium.support.events.EventFiringWebDriver.findElements(EventFiringWebDriver.java:182)
	at com.kms.katalon.core.webui.common.WebUiCommonHelper.findElementByNormalMethods(WebUiCommonHelper.java:1036)
	at com.kms.katalon.core.webui.common.WebUiCommonHelper.findElementsBySelectedMethod(WebUiCommonHelper.java:921)
	at com.kms.katalon.core.webui.common.WebUiCommonHelper.findElementsBySelectedMethod(WebUiCommonHelper.java:902)
	at com.kms.katalon.core.webui.common.WebUiCommonHelper.findElementsBySelectedMethod(WebUiCommonHelper.java:897)
	at com.kms.katalon.core.webui.common.WebUiCommonHelper.findElementsByDefault(WebUiCommonHelper.java:893)
	at com.kms.katalon.core.webui.common.WebUiCommonHelper.findWebElements(WebUiCommonHelper.java:725)
	at com.kms.katalon.core.webui.common.WebUiCommonHelper.findWebElement(WebUiCommonHelper.java:1416)
	at com.kms.katalon.core.webui.keyword.internal.WebUIAbstractKeyword.findWebElement(WebUIAbstractKeyword.groovy:27)
	at com.kms.katalon.core.webui.keyword.builtin.VerifyElementPresentKeyword$_verifyElementPresent_closure1.doCall(VerifyElementPresentKeyword.groovy:79)
	at com.kms.katalon.core.webui.keyword.builtin.VerifyElementPresentKeyword$_verifyElementPresent_closure1.call(VerifyElementPresentKeyword.groovy)
	at com.kms.katalon.core.webui.keyword.internal.WebUIKeywordMain.runKeyword(WebUIKeywordMain.groovy:20)
	at com.kms.katalon.core.webui.keyword.builtin.VerifyElementPresentKeyword.verifyElementPresent(VerifyElementPresentKeyword.groovy:92)
	at com.kms.katalon.core.webui.keyword.builtin.VerifyElementPresentKeyword.execute(VerifyElementPresentKeyword.groovy:68)
	at com.kms.katalon.core.keyword.internal.KeywordExecutor.executeKeywordForPlatform(KeywordExecutor.groovy:74)
	at com.kms.katalon.core.webui.keyword.WebUiBuiltInKeywords.verifyElementPresent(WebUiBuiltInKeywords.groovy:1503)
	at Script1686231490255.CheckPageDownload(Script1686231490255.groovy:132)
	at Script1686231490255.VipolnenieBiznesPlana(Script1686231490255.groovy:214)
	at Script1686231490255.run(Script1686231490255.groovy:52)
	... 15 more
)

31-03-2025T10:17:08 - [TEST_STEP][FAILED] - if (pageLoaded1 == false): null

31-03-2025T10:17:08 - [TEST_STEP][FAILED] - refresh(): Unable to refresh page (Root cause: com.kms.katalon.core.exception.StepFailedException: Unable to refresh page
	at com.kms.katalon.core.webui.keyword.internal.WebUIKeywordMain.stepFailed(WebUIKeywordMain.groovy:64)
	at com.kms.katalon.core.webui.keyword.internal.WebUIKeywordMain.runKeyword(WebUIKeywordMain.groovy:26)
	at com.kms.katalon.core.webui.keyword.builtin.RefreshKeyword.refresh(RefreshKeyword.groovy:71)
	at com.kms.katalon.core.webui.keyword.builtin.RefreshKeyword.execute(RefreshKeyword.groovy:66)
	at com.kms.katalon.core.keyword.internal.KeywordExecutor.executeKeywordForPlatform(KeywordExecutor.groovy:74)
	at com.kms.katalon.core.webui.keyword.WebUiBuiltInKeywords.refresh(WebUiBuiltInKeywords.groovy:148)
	at Блок руководителя сверка дашбордов под разными учётками.CheckPageDownload(Блок руководителя сверка дашбордов под разными учётками:135)
	at Блок руководителя сверка дашбордов под разными учётками.VipolnenieBiznesPlana(Блок руководителя сверка дашбордов под разными учётками:214)
	at Блок руководителя сверка дашбордов под разными учётками.run(Блок руководителя сверка дашбордов под разными учётками:52)
	at com.kms.katalon.core.main.ScriptEngine.run(ScriptEngine.java:194)
	at com.kms.katalon.core.main.ScriptEngine.runScriptAsRawText(ScriptEngine.java:119)
	at com.kms.katalon.core.main.TestCaseExecutor.runScript(TestCaseExecutor.java:448)
	at com.kms.katalon.core.main.TestCaseExecutor.doExecute(TestCaseExecutor.java:439)
	at com.kms.katalon.core.main.TestCaseExecutor.processExecutionPhase(TestCaseExecutor.java:418)
	at com.kms.katalon.core.main.TestCaseExecutor.accessMainPhase(TestCaseExecutor.java:410)
	at com.kms.katalon.core.main.TestCaseExecutor.execute(TestCaseExecutor.java:285)
	at com.kms.katalon.core.common.CommonExecutor.accessTestCaseMainPhase(CommonExecutor.java:65)
	at com.kms.katalon.core.main.TestSuiteExecutor.accessTestSuiteMainPhase(TestSuiteExecutor.java:150)
	at com.kms.katalon.core.main.TestSuiteExecutor.execute(TestSuiteExecutor.java:106)
	at com.kms.katalon.core.main.TestCaseMain.startTestSuite(TestCaseMain.java:180)
	at TempTestSuite1743404878601.run(TempTestSuite1743404878601.groovy:35)
	at java.base/jdk.internal.reflect.NativeMethodAccessorImpl.invoke0(Native Method)
	at java.base/jdk.internal.reflect.NativeMethodAccessorImpl.invoke(NativeMethodAccessorImpl.java:77)
	at java.base/jdk.internal.reflect.DelegatingMethodAccessorImpl.invoke(DelegatingMethodAccessorImpl.java:43)
Caused by: org.openqa.selenium.NoSuchSessionException: invalid session id
Build info: version: '3.141.59', revision: 'unknown', time: 'unknown'
System info: host: 'UVV-WS904-D', ip: '192.168.0.19', os.name: 'Windows 10', os.arch: 'amd64', os.version: '10.0', java.version: '17.0.7'
Driver info: com.kms.katalon.selenium.driver.CChromeDriver
Capabilities {acceptInsecureCerts: false, browserName: chrome, browserVersion: 134.0.6998.178, chrome: {chromedriverVersion: 134.0.6998.165 (fd886e2cb29..., userDataDir: C:\Users\LIAZGI~1\AppData\L...}, fedcm:accounts: true, goog:chromeOptions: {debuggerAddress: localhost:56027}, javascriptEnabled: true, networkConnectionEnabled: false, pageLoadStrategy: normal, platform: WINDOWS, platformName: WINDOWS, proxy: Proxy(), setWindowRect: true, strictFileInteractability: false, timeouts: {implicit: 0, pageLoad: 300000, script: 30000}, unhandledPromptBehavior: dismiss and notify, webauthn:extension:credBlob: true, webauthn:extension:largeBlob: true, webauthn:extension:minPinLength: true, webauthn:extension:prf: true, webauthn:virtualAuthenticators: true}
Session ID: b6e65ccba40b1587eaabac2d5d735ca5
	at java.base/jdk.internal.reflect.NativeConstructorAccessorImpl.newInstance0(Native Method)
	at java.base/jdk.internal.reflect.NativeConstructorAccessorImpl.newInstance(NativeConstructorAccessorImpl.java:77)
	at java.base/jdk.internal.reflect.DelegatingConstructorAccessorImpl.newInstance(DelegatingConstructorAccessorImpl.java:45)
	at org.openqa.selenium.remote.http.W3CHttpResponseCodec.createException(W3CHttpResponseCodec.java:187)
	at org.openqa.selenium.remote.http.W3CHttpResponseCodec.decode(W3CHttpResponseCodec.java:122)
	at org.openqa.selenium.remote.http.W3CHttpResponseCodec.decode(W3CHttpResponseCodec.java:49)
	at org.openqa.selenium.remote.HttpCommandExecutor.execute(HttpCommandExecutor.java:158)
	at org.openqa.selenium.remote.service.DriverCommandExecutor.execute(DriverCommandExecutor.java:83)
	at org.openqa.selenium.remote.RemoteWebDriver.execute(RemoteWebDriver.java:552)
	at com.kms.katalon.selenium.driver.CChromeDriver.execute(CChromeDriver.java:19)
	at org.openqa.selenium.remote.RemoteWebDriver.execute(RemoteWebDriver.java:609)
	at org.openqa.selenium.remote.RemoteWebDriver$RemoteNavigation.refresh(RemoteWebDriver.java:865)
	at org.openqa.selenium.support.events.EventFiringWebDriver$EventFiringNavigation.refresh(EventFiringWebDriver.java:595)
	at com.kms.katalon.core.webui.keyword.builtin.RefreshKeyword$_refresh_closure1.doCall(RefreshKeyword.groovy:73)
	at com.kms.katalon.core.webui.keyword.builtin.RefreshKeyword$_refresh_closure1.call(RefreshKeyword.groovy)
	at com.kms.katalon.core.webui.keyword.internal.WebUIKeywordMain.runKeyword(WebUIKeywordMain.groovy:20)
	at com.kms.katalon.core.webui.keyword.builtin.RefreshKeyword.refresh(RefreshKeyword.groovy:71)
	at com.kms.katalon.core.webui.keyword.builtin.RefreshKeyword.execute(RefreshKeyword.groovy:66)
	at com.kms.katalon.core.keyword.internal.KeywordExecutor.executeKeywordForPlatform(KeywordExecutor.groovy:74)
	at com.kms.katalon.core.webui.keyword.WebUiBuiltInKeywords.refresh(WebUiBuiltInKeywords.groovy:148)
	at Script1686231490255.CheckPageDownload(Script1686231490255.groovy:135)
	at Script1686231490255.VipolnenieBiznesPlana(Script1686231490255.groovy:214)
	at Script1686231490255.run(Script1686231490255.groovy:52)
	... 15 more
)

31-03-2025T10:17:08 - [MESSAGE][WARNING] - Cannot take screenshot

31-03-2025T10:17:08 - [MESSAGE][FAILED] - Unable to refresh page (Root cause: com.kms.katalon.core.exception.StepFailedException: Unable to refresh page
	at com.kms.katalon.core.webui.keyword.internal.WebUIKeywordMain.stepFailed(WebUIKeywordMain.groovy:64)
	at com.kms.katalon.core.webui.keyword.internal.WebUIKeywordMain.runKeyword(WebUIKeywordMain.groovy:26)
	at com.kms.katalon.core.webui.keyword.builtin.RefreshKeyword.refresh(RefreshKeyword.groovy:71)
	at com.kms.katalon.core.webui.keyword.builtin.RefreshKeyword.execute(RefreshKeyword.groovy:66)
	at com.kms.katalon.core.keyword.internal.KeywordExecutor.executeKeywordForPlatform(KeywordExecutor.groovy:74)
	at com.kms.katalon.core.webui.keyword.WebUiBuiltInKeywords.refresh(WebUiBuiltInKeywords.groovy:148)
	at Блок руководителя сверка дашбордов под разными учётками.CheckPageDownload(Блок руководителя сверка дашбордов под разными учётками:135)
	at Блок руководителя сверка дашбордов под разными учётками.VipolnenieBiznesPlana(Блок руководителя сверка дашбордов под разными учётками:214)
	at Блок руководителя сверка дашбордов под разными учётками.run(Блок руководителя сверка дашбордов под разными учётками:52)
	at com.kms.katalon.core.main.ScriptEngine.run(ScriptEngine.java:194)
	at com.kms.katalon.core.main.ScriptEngine.runScriptAsRawText(ScriptEngine.java:119)
	at com.kms.katalon.core.main.TestCaseExecutor.runScript(TestCaseExecutor.java:448)
	at com.kms.katalon.core.main.TestCaseExecutor.doExecute(TestCaseExecutor.java:439)
	at com.kms.katalon.core.main.TestCaseExecutor.processExecutionPhase(TestCaseExecutor.java:418)
	at com.kms.katalon.core.main.TestCaseExecutor.accessMainPhase(TestCaseExecutor.java:410)
	at com.kms.katalon.core.main.TestCaseExecutor.execute(TestCaseExecutor.java:285)
	at com.kms.katalon.core.common.CommonExecutor.accessTestCaseMainPhase(CommonExecutor.java:65)
	at com.kms.katalon.core.main.TestSuiteExecutor.accessTestSuiteMainPhase(TestSuiteExecutor.java:150)
	at com.kms.katalon.core.main.TestSuiteExecutor.execute(TestSuiteExecutor.java:106)
	at com.kms.katalon.core.main.TestCaseMain.startTestSuite(TestCaseMain.java:180)
	at TempTestSuite1743404878601.run(TempTestSuite1743404878601.groovy:35)
	at java.base/jdk.internal.reflect.NativeMethodAccessorImpl.invoke0(Native Method)
	at java.base/jdk.internal.reflect.NativeMethodAccessorImpl.invoke(NativeMethodAccessorImpl.java:77)
	at java.base/jdk.internal.reflect.DelegatingMethodAccessorImpl.invoke(DelegatingMethodAccessorImpl.java:43)
Caused by: org.openqa.selenium.NoSuchSessionException: invalid session id
Build info: version: '3.141.59', revision: 'unknown', time: 'unknown'
System info: host: 'UVV-WS904-D', ip: '192.168.0.19', os.name: 'Windows 10', os.arch: 'amd64', os.version: '10.0', java.version: '17.0.7'
Driver info: com.kms.katalon.selenium.driver.CChromeDriver
Capabilities {acceptInsecureCerts: false, browserName: chrome, browserVersion: 134.0.6998.178, chrome: {chromedriverVersion: 134.0.6998.165 (fd886e2cb29..., userDataDir: C:\Users\LIAZGI~1\AppData\L...}, fedcm:accounts: true, goog:chromeOptions: {debuggerAddress: localhost:56027}, javascriptEnabled: true, networkConnectionEnabled: false, pageLoadStrategy: normal, platform: WINDOWS, platformName: WINDOWS, proxy: Proxy(), setWindowRect: true, strictFileInteractability: false, timeouts: {implicit: 0, pageLoad: 300000, script: 30000}, unhandledPromptBehavior: dismiss and notify, webauthn:extension:credBlob: true, webauthn:extension:largeBlob: true, webauthn:extension:minPinLength: true, webauthn:extension:prf: true, webauthn:virtualAuthenticators: true}
Session ID: b6e65ccba40b1587eaabac2d5d735ca5
	at java.base/jdk.internal.reflect.NativeConstructorAccessorImpl.newInstance0(Native Method)
	at java.base/jdk.internal.reflect.NativeConstructorAccessorImpl.newInstance(NativeConstructorAccessorImpl.java:77)
	at java.base/jdk.internal.reflect.DelegatingConstructorAccessorImpl.newInstance(DelegatingConstructorAccessorImpl.java:45)
	at org.openqa.selenium.remote.http.W3CHttpResponseCodec.createException(W3CHttpResponseCodec.java:187)
	at org.openqa.selenium.remote.http.W3CHttpResponseCodec.decode(W3CHttpResponseCodec.java:122)
	at org.openqa.selenium.remote.http.W3CHttpResponseCodec.decode(W3CHttpResponseCodec.java:49)
	at org.openqa.selenium.remote.HttpCommandExecutor.execute(HttpCommandExecutor.java:158)
	at org.openqa.selenium.remote.service.DriverCommandExecutor.execute(DriverCommandExecutor.java:83)
	at org.openqa.selenium.remote.RemoteWebDriver.execute(RemoteWebDriver.java:552)
	at com.kms.katalon.selenium.driver.CChromeDriver.execute(CChromeDriver.java:19)
	at org.openqa.selenium.remote.RemoteWebDriver.execute(RemoteWebDriver.java:609)
	at org.openqa.selenium.remote.RemoteWebDriver$RemoteNavigation.refresh(RemoteWebDriver.java:865)
	at org.openqa.selenium.support.events.EventFiringWebDriver$EventFiringNavigation.refresh(EventFiringWebDriver.java:595)
	at com.kms.katalon.core.webui.keyword.builtin.RefreshKeyword$_refresh_closure1.doCall(RefreshKeyword.groovy:73)
	at com.kms.katalon.core.webui.keyword.builtin.RefreshKeyword$_refresh_closure1.call(RefreshKeyword.groovy)
	at com.kms.katalon.core.webui.keyword.internal.WebUIKeywordMain.runKeyword(WebUIKeywordMain.groovy:20)
	at com.kms.katalon.core.webui.keyword.builtin.RefreshKeyword.refresh(RefreshKeyword.groovy:71)
	at com.kms.katalon.core.webui.keyword.builtin.RefreshKeyword.execute(RefreshKeyword.groovy:66)
	at com.kms.katalon.core.keyword.internal.KeywordExecutor.executeKeywordForPlatform(KeywordExecutor.groovy:74)
	at com.kms.katalon.core.webui.keyword.WebUiBuiltInKeywords.refresh(WebUiBuiltInKeywords.groovy:148)
	at Script1686231490255.CheckPageDownload(Script1686231490255.groovy:135)
	at Script1686231490255.VipolnenieBiznesPlana(Script1686231490255.groovy:214)
	at Script1686231490255.run(Script1686231490255.groovy:52)
	... 15 more
)

31-03-2025T10:17:08 - [TEST_STEP][PASSED] - delay(70): Delayed 70 second(s)

31-03-2025T10:18:18 - [MESSAGE][PASSED] - Delayed 70 second(s)

31-03-2025T10:18:18 - [TEST_STEP][FAILED] - navigateToUrl(findTestData("PlanFact").getValue(10, urlData)): Unable to navigate to 'https://bi.rosseti.digital/viewer?dashboardGuid=d154a8eaf6824e2b9de1bb04dd061c18&sheetGuid=1305e8ce744049e1abdacea1ea397a26&fit=true' (Root cause: com.kms.katalon.core.exception.StepFailedException: Unable to navigate to 'https://bi.rosseti.digital/viewer?dashboardGuid=d154a8eaf6824e2b9de1bb04dd061c18&sheetGuid=1305e8ce744049e1abdacea1ea397a26&fit=true'
	at com.kms.katalon.core.webui.keyword.internal.WebUIKeywordMain.stepFailed(WebUIKeywordMain.groovy:64)
	at com.kms.katalon.core.webui.keyword.internal.WebUIKeywordMain.runKeyword(WebUIKeywordMain.groovy:26)
	at com.kms.katalon.core.webui.keyword.builtin.NavigateToUrlKeyword.navigateToUrl(NavigateToUrlKeyword.groovy:83)
	at com.kms.katalon.core.webui.keyword.builtin.NavigateToUrlKeyword.execute(NavigateToUrlKeyword.groovy:67)
	at com.kms.katalon.core.keyword.internal.KeywordExecutor.executeKeywordForPlatform(KeywordExecutor.groovy:74)
	at com.kms.katalon.core.webui.keyword.WebUiBuiltInKeywords.navigateToUrl(WebUiBuiltInKeywords.groovy:187)
	at Блок руководителя сверка дашбордов под разными учётками.CheckPageDownload(Блок руководителя сверка дашбордов под разными учётками:139)
	at Блок руководителя сверка дашбордов под разными учётками.VipolnenieBiznesPlana(Блок руководителя сверка дашбордов под разными учётками:214)
	at Блок руководителя сверка дашбордов под разными учётками.run(Блок руководителя сверка дашбордов под разными учётками:52)
	at com.kms.katalon.core.main.ScriptEngine.run(ScriptEngine.java:194)
	at com.kms.katalon.core.main.ScriptEngine.runScriptAsRawText(ScriptEngine.java:119)
	at com.kms.katalon.core.main.TestCaseExecutor.runScript(TestCaseExecutor.java:448)
	at com.kms.katalon.core.main.TestCaseExecutor.doExecute(TestCaseExecutor.java:439)
	at com.kms.katalon.core.main.TestCaseExecutor.processExecutionPhase(TestCaseExecutor.java:418)
	at com.kms.katalon.core.main.TestCaseExecutor.accessMainPhase(TestCaseExecutor.java:410)
	at com.kms.katalon.core.main.TestCaseExecutor.execute(TestCaseExecutor.java:285)
	at com.kms.katalon.core.common.CommonExecutor.accessTestCaseMainPhase(CommonExecutor.java:65)
	at com.kms.katalon.core.main.TestSuiteExecutor.accessTestSuiteMainPhase(TestSuiteExecutor.java:150)
	at com.kms.katalon.core.main.TestSuiteExecutor.execute(TestSuiteExecutor.java:106)
	at com.kms.katalon.core.main.TestCaseMain.startTestSuite(TestCaseMain.java:180)
	at TempTestSuite1743404878601.run(TempTestSuite1743404878601.groovy:35)
	at java.base/jdk.internal.reflect.NativeMethodAccessorImpl.invoke0(Native Method)
	at java.base/jdk.internal.reflect.NativeMethodAccessorImpl.invoke(NativeMethodAccessorImpl.java:77)
	at java.base/jdk.internal.reflect.DelegatingMethodAccessorImpl.invoke(DelegatingMethodAccessorImpl.java:43)
Caused by: org.openqa.selenium.NoSuchSessionException: invalid session id
Build info: version: '3.141.59', revision: 'unknown', time: 'unknown'
System info: host: 'UVV-WS904-D', ip: '192.168.0.19', os.name: 'Windows 10', os.arch: 'amd64', os.version: '10.0', java.version: '17.0.7'
Driver info: com.kms.katalon.selenium.driver.CChromeDriver
Capabilities {acceptInsecureCerts: false, browserName: chrome, browserVersion: 134.0.6998.178, chrome: {chromedriverVersion: 134.0.6998.165 (fd886e2cb29..., userDataDir: C:\Users\LIAZGI~1\AppData\L...}, fedcm:accounts: true, goog:chromeOptions: {debuggerAddress: localhost:56027}, javascriptEnabled: true, networkConnectionEnabled: false, pageLoadStrategy: normal, platform: WINDOWS, platformName: WINDOWS, proxy: Proxy(), setWindowRect: true, strictFileInteractability: false, timeouts: {implicit: 0, pageLoad: 300000, script: 30000}, unhandledPromptBehavior: dismiss and notify, webauthn:extension:credBlob: true, webauthn:extension:largeBlob: true, webauthn:extension:minPinLength: true, webauthn:extension:prf: true, webauthn:virtualAuthenticators: true}
Session ID: b6e65ccba40b1587eaabac2d5d735ca5
	at java.base/jdk.internal.reflect.NativeConstructorAccessorImpl.newInstance0(Native Method)
	at java.base/jdk.internal.reflect.NativeConstructorAccessorImpl.newInstance(NativeConstructorAccessorImpl.java:77)
	at java.base/jdk.internal.reflect.DelegatingConstructorAccessorImpl.newInstance(DelegatingConstructorAccessorImpl.java:45)
	at org.openqa.selenium.remote.http.W3CHttpResponseCodec.createException(W3CHttpResponseCodec.java:187)
	at org.openqa.selenium.remote.http.W3CHttpResponseCodec.decode(W3CHttpResponseCodec.java:122)
	at org.openqa.selenium.remote.http.W3CHttpResponseCodec.decode(W3CHttpResponseCodec.java:49)
	at org.openqa.selenium.remote.HttpCommandExecutor.execute(HttpCommandExecutor.java:158)
	at org.openqa.selenium.remote.service.DriverCommandExecutor.execute(DriverCommandExecutor.java:83)
	at org.openqa.selenium.remote.RemoteWebDriver.execute(RemoteWebDriver.java:552)
	at com.kms.katalon.selenium.driver.CChromeDriver.execute(CChromeDriver.java:19)
	at org.openqa.selenium.remote.RemoteWebDriver.get(RemoteWebDriver.java:277)
	at org.openqa.selenium.remote.RemoteWebDriver$RemoteNavigation.to(RemoteWebDriver.java:857)
	at org.openqa.selenium.support.events.EventFiringWebDriver$EventFiringNavigation.to(EventFiringWebDriver.java:569)
	at com.kms.katalon.core.webui.keyword.builtin.NavigateToUrlKeyword$_navigateToUrl_closure1.doCall(NavigateToUrlKeyword.groovy:81)
	at com.kms.katalon.core.webui.keyword.builtin.NavigateToUrlKeyword$_navigateToUrl_closure1.call(NavigateToUrlKeyword.groovy)
	at com.kms.katalon.core.webui.keyword.internal.WebUIKeywordMain.runKeyword(WebUIKeywordMain.groovy:20)
	at com.kms.katalon.core.webui.keyword.builtin.NavigateToUrlKeyword.navigateToUrl(NavigateToUrlKeyword.groovy:83)
	at com.kms.katalon.core.webui.keyword.builtin.NavigateToUrlKeyword.execute(NavigateToUrlKeyword.groovy:67)
	at com.kms.katalon.core.keyword.internal.KeywordExecutor.executeKeywordForPlatform(KeywordExecutor.groovy:74)
	at com.kms.katalon.core.webui.keyword.WebUiBuiltInKeywords.navigateToUrl(WebUiBuiltInKeywords.groovy:187)
	at Script1686231490255.CheckPageDownload(Script1686231490255.groovy:139)
	at Script1686231490255.VipolnenieBiznesPlana(Script1686231490255.groovy:214)
	at Script1686231490255.run(Script1686231490255.groovy:52)
	... 15 more
)

31-03-2025T10:18:18 - [MESSAGE][WARNING] - Cannot take screenshot

31-03-2025T10:18:18 - [MESSAGE][FAILED] - Unable to navigate to 'https://bi.rosseti.digital/viewer?dashboardGuid=d154a8eaf6824e2b9de1bb04dd061c18&sheetGuid=1305e8ce744049e1abdacea1ea397a26&fit=true' (Root cause: com.kms.katalon.core.exception.StepFailedException: Unable to navigate to 'https://bi.rosseti.digital/viewer?dashboardGuid=d154a8eaf6824e2b9de1bb04dd061c18&sheetGuid=1305e8ce744049e1abdacea1ea397a26&fit=true'
	at com.kms.katalon.core.webui.keyword.internal.WebUIKeywordMain.stepFailed(WebUIKeywordMain.groovy:64)
	at com.kms.katalon.core.webui.keyword.internal.WebUIKeywordMain.runKeyword(WebUIKeywordMain.groovy:26)
	at com.kms.katalon.core.webui.keyword.builtin.NavigateToUrlKeyword.navigateToUrl(NavigateToUrlKeyword.groovy:83)
	at com.kms.katalon.core.webui.keyword.builtin.NavigateToUrlKeyword.execute(NavigateToUrlKeyword.groovy:67)
	at com.kms.katalon.core.keyword.internal.KeywordExecutor.executeKeywordForPlatform(KeywordExecutor.groovy:74)
	at com.kms.katalon.core.webui.keyword.WebUiBuiltInKeywords.navigateToUrl(WebUiBuiltInKeywords.groovy:187)
	at Блок руководителя сверка дашбордов под разными учётками.CheckPageDownload(Блок руководителя сверка дашбордов под разными учётками:139)
	at Блок руководителя сверка дашбордов под разными учётками.VipolnenieBiznesPlana(Блок руководителя сверка дашбордов под разными учётками:214)
	at Блок руководителя сверка дашбордов под разными учётками.run(Блок руководителя сверка дашбордов под разными учётками:52)
	at com.kms.katalon.core.main.ScriptEngine.run(ScriptEngine.java:194)
	at com.kms.katalon.core.main.ScriptEngine.runScriptAsRawText(ScriptEngine.java:119)
	at com.kms.katalon.core.main.TestCaseExecutor.runScript(TestCaseExecutor.java:448)
	at com.kms.katalon.core.main.TestCaseExecutor.doExecute(TestCaseExecutor.java:439)
	at com.kms.katalon.core.main.TestCaseExecutor.processExecutionPhase(TestCaseExecutor.java:418)
	at com.kms.katalon.core.main.TestCaseExecutor.accessMainPhase(TestCaseExecutor.java:410)
	at com.kms.katalon.core.main.TestCaseExecutor.execute(TestCaseExecutor.java:285)
	at com.kms.katalon.core.common.CommonExecutor.accessTestCaseMainPhase(CommonExecutor.java:65)
	at com.kms.katalon.core.main.TestSuiteExecutor.accessTestSuiteMainPhase(TestSuiteExecutor.java:150)
	at com.kms.katalon.core.main.TestSuiteExecutor.execute(TestSuiteExecutor.java:106)
	at com.kms.katalon.core.main.TestCaseMain.startTestSuite(TestCaseMain.java:180)
	at TempTestSuite1743404878601.run(TempTestSuite1743404878601.groovy:35)
	at java.base/jdk.internal.reflect.NativeMethodAccessorImpl.invoke0(Native Method)
	at java.base/jdk.internal.reflect.NativeMethodAccessorImpl.invoke(NativeMethodAccessorImpl.java:77)
	at java.base/jdk.internal.reflect.DelegatingMethodAccessorImpl.invoke(DelegatingMethodAccessorImpl.java:43)
Caused by: org.openqa.selenium.NoSuchSessionException: invalid session id
Build info: version: '3.141.59', revision: 'unknown', time: 'unknown'
System info: host: 'UVV-WS904-D', ip: '192.168.0.19', os.name: 'Windows 10', os.arch: 'amd64', os.version: '10.0', java.version: '17.0.7'
Driver info: com.kms.katalon.selenium.driver.CChromeDriver
Capabilities {acceptInsecureCerts: false, browserName: chrome, browserVersion: 134.0.6998.178, chrome: {chromedriverVersion: 134.0.6998.165 (fd886e2cb29..., userDataDir: C:\Users\LIAZGI~1\AppData\L...}, fedcm:accounts: true, goog:chromeOptions: {debuggerAddress: localhost:56027}, javascriptEnabled: true, networkConnectionEnabled: false, pageLoadStrategy: normal, platform: WINDOWS, platformName: WINDOWS, proxy: Proxy(), setWindowRect: true, strictFileInteractability: false, timeouts: {implicit: 0, pageLoad: 300000, script: 30000}, unhandledPromptBehavior: dismiss and notify, webauthn:extension:credBlob: true, webauthn:extension:largeBlob: true, webauthn:extension:minPinLength: true, webauthn:extension:prf: true, webauthn:virtualAuthenticators: true}
Session ID: b6e65ccba40b1587eaabac2d5d735ca5
	at java.base/jdk.internal.reflect.NativeConstructorAccessorImpl.newInstance0(Native Method)
	at java.base/jdk.internal.reflect.NativeConstructorAccessorImpl.newInstance(NativeConstructorAccessorImpl.java:77)
	at java.base/jdk.internal.reflect.DelegatingConstructorAccessorImpl.newInstance(DelegatingConstructorAccessorImpl.java:45)
	at org.openqa.selenium.remote.http.W3CHttpResponseCodec.createException(W3CHttpResponseCodec.java:187)
	at org.openqa.selenium.remote.http.W3CHttpResponseCodec.decode(W3CHttpResponseCodec.java:122)
	at org.openqa.selenium.remote.http.W3CHttpResponseCodec.decode(W3CHttpResponseCodec.java:49)
	at org.openqa.selenium.remote.HttpCommandExecutor.execute(HttpCommandExecutor.java:158)
	at org.openqa.selenium.remote.service.DriverCommandExecutor.execute(DriverCommandExecutor.java:83)
	at org.openqa.selenium.remote.RemoteWebDriver.execute(RemoteWebDriver.java:552)
	at com.kms.katalon.selenium.driver.CChromeDriver.execute(CChromeDriver.java:19)
	at org.openqa.selenium.remote.RemoteWebDriver.get(RemoteWebDriver.java:277)
	at org.openqa.selenium.remote.RemoteWebDriver$RemoteNavigation.to(RemoteWebDriver.java:857)
	at org.openqa.selenium.support.events.EventFiringWebDriver$EventFiringNavigation.to(EventFiringWebDriver.java:569)
	at com.kms.katalon.core.webui.keyword.builtin.NavigateToUrlKeyword$_navigateToUrl_closure1.doCall(NavigateToUrlKeyword.groovy:81)
	at com.kms.katalon.core.webui.keyword.builtin.NavigateToUrlKeyword$_navigateToUrl_closure1.call(NavigateToUrlKeyword.groovy)
	at com.kms.katalon.core.webui.keyword.internal.WebUIKeywordMain.runKeyword(WebUIKeywordMain.groovy:20)
	at com.kms.katalon.core.webui.keyword.builtin.NavigateToUrlKeyword.navigateToUrl(NavigateToUrlKeyword.groovy:83)
	at com.kms.katalon.core.webui.keyword.builtin.NavigateToUrlKeyword.execute(NavigateToUrlKeyword.groovy:67)
	at com.kms.katalon.core.keyword.internal.KeywordExecutor.executeKeywordForPlatform(KeywordExecutor.groovy:74)
	at com.kms.katalon.core.webui.keyword.WebUiBuiltInKeywords.navigateToUrl(WebUiBuiltInKeywords.groovy:187)
	at Script1686231490255.CheckPageDownload(Script1686231490255.groovy:139)
	at Script1686231490255.VipolnenieBiznesPlana(Script1686231490255.groovy:214)
	at Script1686231490255.run(Script1686231490255.groovy:52)
	... 15 more
)

31-03-2025T10:18:18 - [TEST_STEP][FAILED] - urlText = getText(findTestObject("Страница авторизации/Text")): Unable to get text of object 'Object Repository/Страница авторизации/Text' (Root cause: com.kms.katalon.core.exception.StepFailedException: Unable to get text of object 'Object Repository/Страница авторизации/Text'
	at com.kms.katalon.core.webui.keyword.internal.WebUIKeywordMain.stepFailed(WebUIKeywordMain.groovy:64)
	at com.kms.katalon.core.webui.keyword.internal.WebUIKeywordMain.runKeyword(WebUIKeywordMain.groovy:26)
	at com.kms.katalon.core.webui.keyword.builtin.GetTextKeyword.getText(GetTextKeyword.groovy:88)
	at com.kms.katalon.core.webui.keyword.builtin.GetTextKeyword.execute(GetTextKeyword.groovy:67)
	at com.kms.katalon.core.keyword.internal.KeywordExecutor.executeKeywordForPlatform(KeywordExecutor.groovy:74)
	at com.kms.katalon.core.webui.keyword.WebUiBuiltInKeywords.getText(WebUiBuiltInKeywords.groovy:957)
	at Блок руководителя сверка дашбордов под разными учётками.CheckPageDownload(Блок руководителя сверка дашбордов под разными учётками:142)
	at Блок руководителя сверка дашбордов под разными учётками.VipolnenieBiznesPlana(Блок руководителя сверка дашбордов под разными учётками:214)
	at Блок руководителя сверка дашбордов под разными учётками.run(Блок руководителя сверка дашбордов под разными учётками:52)
	at com.kms.katalon.core.main.ScriptEngine.run(ScriptEngine.java:194)
	at com.kms.katalon.core.main.ScriptEngine.runScriptAsRawText(ScriptEngine.java:119)
	at com.kms.katalon.core.main.TestCaseExecutor.runScript(TestCaseExecutor.java:448)
	at com.kms.katalon.core.main.TestCaseExecutor.doExecute(TestCaseExecutor.java:439)
	at com.kms.katalon.core.main.TestCaseExecutor.processExecutionPhase(TestCaseExecutor.java:418)
	at com.kms.katalon.core.main.TestCaseExecutor.accessMainPhase(TestCaseExecutor.java:410)
	at com.kms.katalon.core.main.TestCaseExecutor.execute(TestCaseExecutor.java:285)
	at com.kms.katalon.core.common.CommonExecutor.accessTestCaseMainPhase(CommonExecutor.java:65)
	at com.kms.katalon.core.main.TestSuiteExecutor.accessTestSuiteMainPhase(TestSuiteExecutor.java:150)
	at com.kms.katalon.core.main.TestSuiteExecutor.execute(TestSuiteExecutor.java:106)
	at com.kms.katalon.core.main.TestCaseMain.startTestSuite(TestCaseMain.java:180)
	at TempTestSuite1743404878601.run(TempTestSuite1743404878601.groovy:35)
	at java.base/jdk.internal.reflect.NativeMethodAccessorImpl.invoke0(Native Method)
	at java.base/jdk.internal.reflect.NativeMethodAccessorImpl.invoke(NativeMethodAccessorImpl.java:77)
	at java.base/jdk.internal.reflect.DelegatingMethodAccessorImpl.invoke(DelegatingMethodAccessorImpl.java:43)
Caused by: org.openqa.selenium.NoSuchSessionException: invalid session id
Build info: version: '3.141.59', revision: 'unknown', time: 'unknown'
System info: host: 'UVV-WS904-D', ip: '192.168.0.19', os.name: 'Windows 10', os.arch: 'amd64', os.version: '10.0', java.version: '17.0.7'
Driver info: com.kms.katalon.selenium.driver.CChromeDriver
Capabilities {acceptInsecureCerts: false, browserName: chrome, browserVersion: 134.0.6998.178, chrome: {chromedriverVersion: 134.0.6998.165 (fd886e2cb29..., userDataDir: C:\Users\LIAZGI~1\AppData\L...}, fedcm:accounts: true, goog:chromeOptions: {debuggerAddress: localhost:56027}, javascriptEnabled: true, networkConnectionEnabled: false, pageLoadStrategy: normal, platform: WINDOWS, platformName: WINDOWS, proxy: Proxy(), setWindowRect: true, strictFileInteractability: false, timeouts: {implicit: 0, pageLoad: 300000, script: 30000}, unhandledPromptBehavior: dismiss and notify, webauthn:extension:credBlob: true, webauthn:extension:largeBlob: true, webauthn:extension:minPinLength: true, webauthn:extension:prf: true, webauthn:virtualAuthenticators: true}
Session ID: b6e65ccba40b1587eaabac2d5d735ca5
*** Element info: {Using=xpath, value=//div}
	at java.base/jdk.internal.reflect.NativeConstructorAccessorImpl.newInstance0(Native Method)
	at java.base/jdk.internal.reflect.NativeConstructorAccessorImpl.newInstance(NativeConstructorAccessorImpl.java:77)
	at java.base/jdk.internal.reflect.DelegatingConstructorAccessorImpl.newInstance(DelegatingConstructorAccessorImpl.java:45)
	at org.openqa.selenium.remote.http.W3CHttpResponseCodec.createException(W3CHttpResponseCodec.java:187)
	at org.openqa.selenium.remote.http.W3CHttpResponseCodec.decode(W3CHttpResponseCodec.java:122)
	at org.openqa.selenium.remote.http.W3CHttpResponseCodec.decode(W3CHttpResponseCodec.java:49)
	at org.openqa.selenium.remote.HttpCommandExecutor.execute(HttpCommandExecutor.java:158)
	at org.openqa.selenium.remote.service.DriverCommandExecutor.execute(DriverCommandExecutor.java:83)
	at org.openqa.selenium.remote.RemoteWebDriver.execute(RemoteWebDriver.java:552)
	at com.kms.katalon.selenium.driver.CChromeDriver.execute(CChromeDriver.java:19)
	at org.openqa.selenium.remote.RemoteWebDriver.findElements(RemoteWebDriver.java:353)
	at org.openqa.selenium.remote.RemoteWebDriver.findElementsByXPath(RemoteWebDriver.java:432)
	at org.openqa.selenium.By$ByXPath.findElements(By.java:348)
	at org.openqa.selenium.remote.RemoteWebDriver.findElements(RemoteWebDriver.java:311)
	at jdk.internal.reflect.GeneratedMethodAccessor10.invoke(Unknown Source)
	at java.base/jdk.internal.reflect.DelegatingMethodAccessorImpl.invoke(DelegatingMethodAccessorImpl.java:43)
	at org.openqa.selenium.support.events.EventFiringWebDriver.lambda$new$1(EventFiringWebDriver.java:105)
	at jdk.proxy2/jdk.proxy2.$Proxy23.findElements(Unknown Source)
	at org.openqa.selenium.support.events.EventFiringWebDriver.findElements(EventFiringWebDriver.java:182)
	at com.kms.katalon.core.webui.common.WebUiCommonHelper.findElementByNormalMethods(WebUiCommonHelper.java:1036)
	at com.kms.katalon.core.webui.common.WebUiCommonHelper.findElementsBySelectedMethod(WebUiCommonHelper.java:921)
	at com.kms.katalon.core.webui.common.WebUiCommonHelper.findElementsBySelectedMethod(WebUiCommonHelper.java:902)
	at com.kms.katalon.core.webui.common.WebUiCommonHelper.findElementsBySelectedMethod(WebUiCommonHelper.java:897)
	at com.kms.katalon.core.webui.common.WebUiCommonHelper.findElementsByDefault(WebUiCommonHelper.java:893)
	at com.kms.katalon.core.webui.common.WebUiCommonHelper.findWebElements(WebUiCommonHelper.java:725)
	at com.kms.katalon.core.webui.common.WebUiCommonHelper.findWebElement(WebUiCommonHelper.java:1416)
	at com.kms.katalon.core.webui.keyword.internal.WebUIAbstractKeyword.findWebElement(WebUIAbstractKeyword.groovy:27)
	at com.kms.katalon.core.webui.keyword.internal.WebUIAbstractKeyword.findWebElement(WebUIAbstractKeyword.groovy:26)
	at com.kms.katalon.core.webui.keyword.builtin.GetTextKeyword$_getText_closure1.doCall(GetTextKeyword.groovy:78)
	at com.kms.katalon.core.webui.keyword.builtin.GetTextKeyword$_getText_closure1.call(GetTextKeyword.groovy)
	at com.kms.katalon.core.webui.keyword.internal.WebUIKeywordMain.runKeyword(WebUIKeywordMain.groovy:20)
	at com.kms.katalon.core.webui.keyword.builtin.GetTextKeyword.getText(GetTextKeyword.groovy:88)
	at com.kms.katalon.core.webui.keyword.builtin.GetTextKeyword.execute(GetTextKeyword.groovy:67)
	at com.kms.katalon.core.keyword.internal.KeywordExecutor.executeKeywordForPlatform(KeywordExecutor.groovy:74)
	at com.kms.katalon.core.webui.keyword.WebUiBuiltInKeywords.getText(WebUiBuiltInKeywords.groovy:957)
	at Script1686231490255.CheckPageDownload(Script1686231490255.groovy:142)
	at Script1686231490255.VipolnenieBiznesPlana(Script1686231490255.groovy:214)
	at Script1686231490255.run(Script1686231490255.groovy:52)
	... 15 more
)

31-03-2025T10:18:18 - [MESSAGE][WARNING] - Cannot take screenshot

31-03-2025T10:18:18 - [MESSAGE][FAILED] - Unable to get text of object 'Object Repository/Страница авторизации/Text' (Root cause: com.kms.katalon.core.exception.StepFailedException: Unable to get text of object 'Object Repository/Страница авторизации/Text'
	at com.kms.katalon.core.webui.keyword.internal.WebUIKeywordMain.stepFailed(WebUIKeywordMain.groovy:64)
	at com.kms.katalon.core.webui.keyword.internal.WebUIKeywordMain.runKeyword(WebUIKeywordMain.groovy:26)
	at com.kms.katalon.core.webui.keyword.builtin.GetTextKeyword.getText(GetTextKeyword.groovy:88)
	at com.kms.katalon.core.webui.keyword.builtin.GetTextKeyword.execute(GetTextKeyword.groovy:67)
	at com.kms.katalon.core.keyword.internal.KeywordExecutor.executeKeywordForPlatform(KeywordExecutor.groovy:74)
	at com.kms.katalon.core.webui.keyword.WebUiBuiltInKeywords.getText(WebUiBuiltInKeywords.groovy:957)
	at Блок руководителя сверка дашбордов под разными учётками.CheckPageDownload(Блок руководителя сверка дашбордов под разными учётками:142)
	at Блок руководителя сверка дашбордов под разными учётками.VipolnenieBiznesPlana(Блок руководителя сверка дашбордов под разными учётками:214)
	at Блок руководителя сверка дашбордов под разными учётками.run(Блок руководителя сверка дашбордов под разными учётками:52)
	at com.kms.katalon.core.main.ScriptEngine.run(ScriptEngine.java:194)
	at com.kms.katalon.core.main.ScriptEngine.runScriptAsRawText(ScriptEngine.java:119)
	at com.kms.katalon.core.main.TestCaseExecutor.runScript(TestCaseExecutor.java:448)
	at com.kms.katalon.core.main.TestCaseExecutor.doExecute(TestCaseExecutor.java:439)
	at com.kms.katalon.core.main.TestCaseExecutor.processExecutionPhase(TestCaseExecutor.java:418)
	at com.kms.katalon.core.main.TestCaseExecutor.accessMainPhase(TestCaseExecutor.java:410)
	at com.kms.katalon.core.main.TestCaseExecutor.execute(TestCaseExecutor.java:285)
	at com.kms.katalon.core.common.CommonExecutor.accessTestCaseMainPhase(CommonExecutor.java:65)
	at com.kms.katalon.core.main.TestSuiteExecutor.accessTestSuiteMainPhase(TestSuiteExecutor.java:150)
	at com.kms.katalon.core.main.TestSuiteExecutor.execute(TestSuiteExecutor.java:106)
	at com.kms.katalon.core.main.TestCaseMain.startTestSuite(TestCaseMain.java:180)
	at TempTestSuite1743404878601.run(TempTestSuite1743404878601.groovy:35)
	at java.base/jdk.internal.reflect.NativeMethodAccessorImpl.invoke0(Native Method)
	at java.base/jdk.internal.reflect.NativeMethodAccessorImpl.invoke(NativeMethodAccessorImpl.java:77)
	at java.base/jdk.internal.reflect.DelegatingMethodAccessorImpl.invoke(DelegatingMethodAccessorImpl.java:43)
Caused by: org.openqa.selenium.NoSuchSessionException: invalid session id
Build info: version: '3.141.59', revision: 'unknown', time: 'unknown'
System info: host: 'UVV-WS904-D', ip: '192.168.0.19', os.name: 'Windows 10', os.arch: 'amd64', os.version: '10.0', java.version: '17.0.7'
Driver info: com.kms.katalon.selenium.driver.CChromeDriver
Capabilities {acceptInsecureCerts: false, browserName: chrome, browserVersion: 134.0.6998.178, chrome: {chromedriverVersion: 134.0.6998.165 (fd886e2cb29..., userDataDir: C:\Users\LIAZGI~1\AppData\L...}, fedcm:accounts: true, goog:chromeOptions: {debuggerAddress: localhost:56027}, javascriptEnabled: true, networkConnectionEnabled: false, pageLoadStrategy: normal, platform: WINDOWS, platformName: WINDOWS, proxy: Proxy(), setWindowRect: true, strictFileInteractability: false, timeouts: {implicit: 0, pageLoad: 300000, script: 30000}, unhandledPromptBehavior: dismiss and notify, webauthn:extension:credBlob: true, webauthn:extension:largeBlob: true, webauthn:extension:minPinLength: true, webauthn:extension:prf: true, webauthn:virtualAuthenticators: true}
Session ID: b6e65ccba40b1587eaabac2d5d735ca5
*** Element info: {Using=xpath, value=//div}
	at java.base/jdk.internal.reflect.NativeConstructorAccessorImpl.newInstance0(Native Method)
	at java.base/jdk.internal.reflect.NativeConstructorAccessorImpl.newInstance(NativeConstructorAccessorImpl.java:77)
	at java.base/jdk.internal.reflect.DelegatingConstructorAccessorImpl.newInstance(DelegatingConstructorAccessorImpl.java:45)
	at org.openqa.selenium.remote.http.W3CHttpResponseCodec.createException(W3CHttpResponseCodec.java:187)
	at org.openqa.selenium.remote.http.W3CHttpResponseCodec.decode(W3CHttpResponseCodec.java:122)
	at org.openqa.selenium.remote.http.W3CHttpResponseCodec.decode(W3CHttpResponseCodec.java:49)
	at org.openqa.selenium.remote.HttpCommandExecutor.execute(HttpCommandExecutor.java:158)
	at org.openqa.selenium.remote.service.DriverCommandExecutor.execute(DriverCommandExecutor.java:83)
	at org.openqa.selenium.remote.RemoteWebDriver.execute(RemoteWebDriver.java:552)
	at com.kms.katalon.selenium.driver.CChromeDriver.execute(CChromeDriver.java:19)
	at org.openqa.selenium.remote.RemoteWebDriver.findElements(RemoteWebDriver.java:353)
	at org.openqa.selenium.remote.RemoteWebDriver.findElementsByXPath(RemoteWebDriver.java:432)
	at org.openqa.selenium.By$ByXPath.findElements(By.java:348)
	at org.openqa.selenium.remote.RemoteWebDriver.findElements(RemoteWebDriver.java:311)
	at jdk.internal.reflect.GeneratedMethodAccessor10.invoke(Unknown Source)
	at java.base/jdk.internal.reflect.DelegatingMethodAccessorImpl.invoke(DelegatingMethodAccessorImpl.java:43)
	at org.openqa.selenium.support.events.EventFiringWebDriver.lambda$new$1(EventFiringWebDriver.java:105)
	at jdk.proxy2/jdk.proxy2.$Proxy23.findElements(Unknown Source)
	at org.openqa.selenium.support.events.EventFiringWebDriver.findElements(EventFiringWebDriver.java:182)
	at com.kms.katalon.core.webui.common.WebUiCommonHelper.findElementByNormalMethods(WebUiCommonHelper.java:1036)
	at com.kms.katalon.core.webui.common.WebUiCommonHelper.findElementsBySelectedMethod(WebUiCommonHelper.java:921)
	at com.kms.katalon.core.webui.common.WebUiCommonHelper.findElementsBySelectedMethod(WebUiCommonHelper.java:902)
	at com.kms.katalon.core.webui.common.WebUiCommonHelper.findElementsBySelectedMethod(WebUiCommonHelper.java:897)
	at com.kms.katalon.core.webui.common.WebUiCommonHelper.findElementsByDefault(WebUiCommonHelper.java:893)
	at com.kms.katalon.core.webui.common.WebUiCommonHelper.findWebElements(WebUiCommonHelper.java:725)
	at com.kms.katalon.core.webui.common.WebUiCommonHelper.findWebElement(WebUiCommonHelper.java:1416)
	at com.kms.katalon.core.webui.keyword.internal.WebUIAbstractKeyword.findWebElement(WebUIAbstractKeyword.groovy:27)
	at com.kms.katalon.core.webui.keyword.internal.WebUIAbstractKeyword.findWebElement(WebUIAbstractKeyword.groovy:26)
	at com.kms.katalon.core.webui.keyword.builtin.GetTextKeyword$_getText_closure1.doCall(GetTextKeyword.groovy:78)
	at com.kms.katalon.core.webui.keyword.builtin.GetTextKeyword$_getText_closure1.call(GetTextKeyword.groovy)
	at com.kms.katalon.core.webui.keyword.internal.WebUIKeywordMain.runKeyword(WebUIKeywordMain.groovy:20)
	at com.kms.katalon.core.webui.keyword.builtin.GetTextKeyword.getText(GetTextKeyword.groovy:88)
	at com.kms.katalon.core.webui.keyword.builtin.GetTextKeyword.execute(GetTextKeyword.groovy:67)
	at com.kms.katalon.core.keyword.internal.KeywordExecutor.executeKeywordForPlatform(KeywordExecutor.groovy:74)
	at com.kms.katalon.core.webui.keyword.WebUiBuiltInKeywords.getText(WebUiBuiltInKeywords.groovy:957)
	at Script1686231490255.CheckPageDownload(Script1686231490255.groovy:142)
	at Script1686231490255.VipolnenieBiznesPlana(Script1686231490255.groovy:214)
	at Script1686231490255.run(Script1686231490255.groovy:52)
	... 15 more
)

31-03-2025T10:18:18 - [TEST_STEP][PASSED] - delay(70): Delayed 70 second(s)

31-03-2025T10:19:28 - [MESSAGE][PASSED] - Delayed 70 second(s)

31-03-2025T10:19:28 - [TEST_STEP][PASSED] - searchWord = "Вход": null

31-03-2025T10:19:28 - [TEST_STEP][ERROR] - if (urlText.contains(searchWord) == false): Test Cases/Сверки дашбордов/Блок руководителя сверка дашбордов под разными учётками FAILED.
Reason:
java.lang.NullPointerException: Cannot invoke method contains() on null object
	at Блок руководителя сверка дашбордов под разными учётками.CheckPageDownload(Блок руководителя сверка дашбордов под разными учётками:148)
	at Блок руководителя сверка дашбордов под разными учётками.VipolnenieBiznesPlana(Блок руководителя сверка дашбордов под разными учётками:214)
	at Блок руководителя сверка дашбордов под разными учётками.run(Блок руководителя сверка дашбордов под разными учётками:52)
	at com.kms.katalon.core.main.ScriptEngine.run(ScriptEngine.java:194)
	at com.kms.katalon.core.main.ScriptEngine.runScriptAsRawText(ScriptEngine.java:119)
	at com.kms.katalon.core.main.TestCaseExecutor.runScript(TestCaseExecutor.java:448)
	at com.kms.katalon.core.main.TestCaseExecutor.doExecute(TestCaseExecutor.java:439)
	at com.kms.katalon.core.main.TestCaseExecutor.processExecutionPhase(TestCaseExecutor.java:418)
	at com.kms.katalon.core.main.TestCaseExecutor.accessMainPhase(TestCaseExecutor.java:410)
	at com.kms.katalon.core.main.TestCaseExecutor.execute(TestCaseExecutor.java:285)
	at com.kms.katalon.core.common.CommonExecutor.accessTestCaseMainPhase(CommonExecutor.java:65)
	at com.kms.katalon.core.main.TestSuiteExecutor.accessTestSuiteMainPhase(TestSuiteExecutor.java:150)
	at com.kms.katalon.core.main.TestSuiteExecutor.execute(TestSuiteExecutor.java:106)
	at com.kms.katalon.core.main.TestCaseMain.startTestSuite(TestCaseMain.java:180)
	at TempTestSuite1743404878601.run(TempTestSuite1743404878601.groovy:35)
	at java.base/jdk.internal.reflect.NativeMethodAccessorImpl.invoke0(Native Method)
	at java.base/jdk.internal.reflect.NativeMethodAccessorImpl.invoke(NativeMethodAccessorImpl.java:77)
	at java.base/jdk.internal.reflect.DelegatingMethodAccessorImpl.invoke(DelegatingMethodAccessorImpl.java:43)


31-03-2025T10:19:28 - [MESSAGE][ERROR] - Test Cases/Сверки дашбордов/Блок руководителя сверка дашбордов под разными учётками FAILED.
Reason:
java.lang.NullPointerException: Cannot invoke method contains() on null object
	at Блок руководителя сверка дашбордов под разными учётками.CheckPageDownload(Блок руководителя сверка дашбордов под разными учётками:148)
	at Блок руководителя сверка дашбордов под разными учётками.VipolnenieBiznesPlana(Блок руководителя сверка дашбордов под разными учётками:214)
	at Блок руководителя сверка дашбордов под разными учётками.run(Блок руководителя сверка дашбордов под разными учётками:52)
	at com.kms.katalon.core.main.ScriptEngine.run(ScriptEngine.java:194)
	at com.kms.katalon.core.main.ScriptEngine.runScriptAsRawText(ScriptEngine.java:119)
	at com.kms.katalon.core.main.TestCaseExecutor.runScript(TestCaseExecutor.java:448)
	at com.kms.katalon.core.main.TestCaseExecutor.doExecute(TestCaseExecutor.java:439)
	at com.kms.katalon.core.main.TestCaseExecutor.processExecutionPhase(TestCaseExecutor.java:418)
	at com.kms.katalon.core.main.TestCaseExecutor.accessMainPhase(TestCaseExecutor.java:410)
	at com.kms.katalon.core.main.TestCaseExecutor.execute(TestCaseExecutor.java:285)
	at com.kms.katalon.core.common.CommonExecutor.accessTestCaseMainPhase(CommonExecutor.java:65)
	at com.kms.katalon.core.main.TestSuiteExecutor.accessTestSuiteMainPhase(TestSuiteExecutor.java:150)
	at com.kms.katalon.core.main.TestSuiteExecutor.execute(TestSuiteExecutor.java:106)
	at com.kms.katalon.core.main.TestCaseMain.startTestSuite(TestCaseMain.java:180)
	at TempTestSuite1743404878601.run(TempTestSuite1743404878601.groovy:35)
	at java.base/jdk.internal.reflect.NativeMethodAccessorImpl.invoke0(Native Method)
	at java.base/jdk.internal.reflect.NativeMethodAccessorImpl.invoke(NativeMethodAccessorImpl.java:77)
	at java.base/jdk.internal.reflect.DelegatingMethodAccessorImpl.invoke(DelegatingMethodAccessorImpl.java:43)]]></system-out>
         <system-err><![CDATA[31-03-2025T10:08:03 - [TEST_CASE][FAILED] - Test Cases/Сверки дашбордов/Блок руководителя сверка дашбордов под разными учётками: Test Cases/Сверки дашбордов/Блок руководителя сверка дашбордов под разными учётками FAILED.
Reason:
com.kms.katalon.core.exception.StepFailedException: Unable to navigate to 'https://bi.rosseti.digital/viewer?dashboardGuid=d154a8eaf6824e2b9de1bb04dd061c18&sheetGuid=1305e8ce744049e1abdacea1ea397a26&fit=true' (Root cause: com.kms.katalon.core.exception.StepFailedException: Unable to navigate to 'https://bi.rosseti.digital/viewer?dashboardGuid=d154a8eaf6824e2b9de1bb04dd061c18&sheetGuid=1305e8ce744049e1abdacea1ea397a26&fit=true'
	at com.kms.katalon.core.webui.keyword.internal.WebUIKeywordMain.stepFailed(WebUIKeywordMain.groovy:64)
	at com.kms.katalon.core.webui.keyword.internal.WebUIKeywordMain.runKeyword(WebUIKeywordMain.groovy:26)
	at com.kms.katalon.core.webui.keyword.builtin.NavigateToUrlKeyword.navigateToUrl(NavigateToUrlKeyword.groovy:83)
	at com.kms.katalon.core.webui.keyword.builtin.NavigateToUrlKeyword.execute(NavigateToUrlKeyword.groovy:67)
	at com.kms.katalon.core.keyword.internal.KeywordExecutor.executeKeywordForPlatform(KeywordExecutor.groovy:74)
	at com.kms.katalon.core.webui.keyword.WebUiBuiltInKeywords.navigateToUrl(WebUiBuiltInKeywords.groovy:187)
	at Блок руководителя сверка дашбордов под разными учётками.CheckPageDownload(Блок руководителя сверка дашбордов под разными учётками:130)
	at Блок руководителя сверка дашбордов под разными учётками.VipolnenieBiznesPlana(Блок руководителя сверка дашбордов под разными учётками:214)
	at Блок руководителя сверка дашбордов под разными учётками.run(Блок руководителя сверка дашбордов под разными учётками:52)
	at com.kms.katalon.core.main.ScriptEngine.run(ScriptEngine.java:194)
	at com.kms.katalon.core.main.ScriptEngine.runScriptAsRawText(ScriptEngine.java:119)
	at com.kms.katalon.core.main.TestCaseExecutor.runScript(TestCaseExecutor.java:448)
	at com.kms.katalon.core.main.TestCaseExecutor.doExecute(TestCaseExecutor.java:439)
	at com.kms.katalon.core.main.TestCaseExecutor.processExecutionPhase(TestCaseExecutor.java:418)
	at com.kms.katalon.core.main.TestCaseExecutor.accessMainPhase(TestCaseExecutor.java:410)
	at com.kms.katalon.core.main.TestCaseExecutor.execute(TestCaseExecutor.java:285)
	at com.kms.katalon.core.common.CommonExecutor.accessTestCaseMainPhase(CommonExecutor.java:65)
	at com.kms.katalon.core.main.TestSuiteExecutor.accessTestSuiteMainPhase(TestSuiteExecutor.java:150)
	at com.kms.katalon.core.main.TestSuiteExecutor.execute(TestSuiteExecutor.java:106)
	at com.kms.katalon.core.main.TestCaseMain.startTestSuite(TestCaseMain.java:180)
	at TempTestSuite1743404878601.run(TempTestSuite1743404878601.groovy:35)
	at java.base/jdk.internal.reflect.NativeMethodAccessorImpl.invoke0(Native Method)
	at java.base/jdk.internal.reflect.NativeMethodAccessorImpl.invoke(NativeMethodAccessorImpl.java:77)
	at java.base/jdk.internal.reflect.DelegatingMethodAccessorImpl.invoke(DelegatingMethodAccessorImpl.java:43)
Caused by: org.openqa.selenium.NoSuchSessionException: invalid session id
Build info: version: '3.141.59', revision: 'unknown', time: 'unknown'
System info: host: 'UVV-WS904-D', ip: '192.168.0.19', os.name: 'Windows 10', os.arch: 'amd64', os.version: '10.0', java.version: '17.0.7'
Driver info: com.kms.katalon.selenium.driver.CChromeDriver
Capabilities {acceptInsecureCerts: false, browserName: chrome, browserVersion: 134.0.6998.178, chrome: {chromedriverVersion: 134.0.6998.165 (fd886e2cb29..., userDataDir: C:\Users\LIAZGI~1\AppData\L...}, fedcm:accounts: true, goog:chromeOptions: {debuggerAddress: localhost:56027}, javascriptEnabled: true, networkConnectionEnabled: false, pageLoadStrategy: normal, platform: WINDOWS, platformName: WINDOWS, proxy: Proxy(), setWindowRect: true, strictFileInteractability: false, timeouts: {implicit: 0, pageLoad: 300000, script: 30000}, unhandledPromptBehavior: dismiss and notify, webauthn:extension:credBlob: true, webauthn:extension:largeBlob: true, webauthn:extension:minPinLength: true, webauthn:extension:prf: true, webauthn:virtualAuthenticators: true}
Session ID: b6e65ccba40b1587eaabac2d5d735ca5
	at java.base/jdk.internal.reflect.NativeConstructorAccessorImpl.newInstance0(Native Method)
	at java.base/jdk.internal.reflect.NativeConstructorAccessorImpl.newInstance(NativeConstructorAccessorImpl.java:77)
	at java.base/jdk.internal.reflect.DelegatingConstructorAccessorImpl.newInstance(DelegatingConstructorAccessorImpl.java:45)
	at org.openqa.selenium.remote.http.W3CHttpResponseCodec.createException(W3CHttpResponseCodec.java:187)
	at org.openqa.selenium.remote.http.W3CHttpResponseCodec.decode(W3CHttpResponseCodec.java:122)
	at org.openqa.selenium.remote.http.W3CHttpResponseCodec.decode(W3CHttpResponseCodec.java:49)
	at org.openqa.selenium.remote.HttpCommandExecutor.execute(HttpCommandExecutor.java:158)
	at org.openqa.selenium.remote.service.DriverCommandExecutor.execute(DriverCommandExecutor.java:83)
	at org.openqa.selenium.remote.RemoteWebDriver.execute(RemoteWebDriver.java:552)
	at com.kms.katalon.selenium.driver.CChromeDriver.execute(CChromeDriver.java:19)
	at org.openqa.selenium.remote.RemoteWebDriver.get(RemoteWebDriver.java:277)
	at org.openqa.selenium.remote.RemoteWebDriver$RemoteNavigation.to(RemoteWebDriver.java:857)
	at org.openqa.selenium.support.events.EventFiringWebDriver$EventFiringNavigation.to(EventFiringWebDriver.java:569)
	at com.kms.katalon.core.webui.keyword.builtin.NavigateToUrlKeyword$_navigateToUrl_closure1.doCall(NavigateToUrlKeyword.groovy:81)
	at com.kms.katalon.core.webui.keyword.builtin.NavigateToUrlKeyword$_navigateToUrl_closure1.call(NavigateToUrlKeyword.groovy)
	at com.kms.katalon.core.webui.keyword.internal.WebUIKeywordMain.runKeyword(WebUIKeywordMain.groovy:20)
	at com.kms.katalon.core.webui.keyword.builtin.NavigateToUrlKeyword.navigateToUrl(NavigateToUrlKeyword.groovy:83)
	at com.kms.katalon.core.webui.keyword.builtin.NavigateToUrlKeyword.execute(NavigateToUrlKeyword.groovy:67)
	at com.kms.katalon.core.keyword.internal.KeywordExecutor.executeKeywordForPlatform(KeywordExecutor.groovy:74)
	at com.kms.katalon.core.webui.keyword.WebUiBuiltInKeywords.navigateToUrl(WebUiBuiltInKeywords.groovy:187)
	at Script1686231490255.CheckPageDownload(Script1686231490255.groovy:130)
	at Script1686231490255.VipolnenieBiznesPlana(Script1686231490255.groovy:214)
	at Script1686231490255.run(Script1686231490255.groovy:52)
	... 15 more
)
	at com.kms.katalon.core.keyword.internal.KeywordMain.stepFailed(KeywordMain.groovy:39)
	at com.kms.katalon.core.webui.keyword.internal.WebUIKeywordMain.stepFailed(WebUIKeywordMain.groovy:64)
	at com.kms.katalon.core.webui.keyword.internal.WebUIKeywordMain.runKeyword(WebUIKeywordMain.groovy:26)
	at com.kms.katalon.core.webui.keyword.builtin.NavigateToUrlKeyword.navigateToUrl(NavigateToUrlKeyword.groovy:83)
	at com.kms.katalon.core.webui.keyword.builtin.NavigateToUrlKeyword.execute(NavigateToUrlKeyword.groovy:67)
	at com.kms.katalon.core.keyword.internal.KeywordExecutor.executeKeywordForPlatform(KeywordExecutor.groovy:74)
	at com.kms.katalon.core.webui.keyword.WebUiBuiltInKeywords.navigateToUrl(WebUiBuiltInKeywords.groovy:187)
	at Блок руководителя сверка дашбордов под разными учётками.CheckPageDownload(Блок руководителя сверка дашбордов под разными учётками:130)
	at Блок руководителя сверка дашбордов под разными учётками.VipolnenieBiznesPlana(Блок руководителя сверка дашбордов под разными учётками:214)
	at Блок руководителя сверка дашбордов под разными учётками.run(Блок руководителя сверка дашбордов под разными учётками:52)
	at com.kms.katalon.core.main.ScriptEngine.run(ScriptEngine.java:194)
	at com.kms.katalon.core.main.ScriptEngine.runScriptAsRawText(ScriptEngine.java:119)
	at com.kms.katalon.core.main.TestCaseExecutor.runScript(TestCaseExecutor.java:448)
	at com.kms.katalon.core.main.TestCaseExecutor.doExecute(TestCaseExecutor.java:439)
	at com.kms.katalon.core.main.TestCaseExecutor.processExecutionPhase(TestCaseExecutor.java:418)
	at com.kms.katalon.core.main.TestCaseExecutor.accessMainPhase(TestCaseExecutor.java:410)
	at com.kms.katalon.core.main.TestCaseExecutor.execute(TestCaseExecutor.java:285)
	at com.kms.katalon.core.common.CommonExecutor.accessTestCaseMainPhase(CommonExecutor.java:65)
	at com.kms.katalon.core.main.TestSuiteExecutor.accessTestSuiteMainPhase(TestSuiteExecutor.java:150)
	at com.kms.katalon.core.main.TestSuiteExecutor.execute(TestSuiteExecutor.java:106)
	at com.kms.katalon.core.main.TestCaseMain.startTestSuite(TestCaseMain.java:180)
	at TempTestSuite1743404878601.run(TempTestSuite1743404878601.groovy:35)
	at java.base/jdk.internal.reflect.NativeMethodAccessorImpl.invoke0(Native Method)
	at java.base/jdk.internal.reflect.NativeMethodAccessorImpl.invoke(NativeMethodAccessorImpl.java:77)
	at java.base/jdk.internal.reflect.DelegatingMethodAccessorImpl.invoke(DelegatingMethodAccessorImpl.java:43)
Caused by: com.kms.katalon.core.exception.StepFailedException: Unable to navigate to 'https://bi.rosseti.digital/viewer?dashboardGuid=d154a8eaf6824e2b9de1bb04dd061c18&sheetGuid=1305e8ce744049e1abdacea1ea397a26&fit=true'
	... 24 more
Caused by: org.openqa.selenium.NoSuchSessionException: invalid session id
Build info: version: '3.141.59', revision: 'unknown', time: 'unknown'
System info: host: 'UVV-WS904-D', ip: '192.168.0.19', os.name: 'Windows 10', os.arch: 'amd64', os.version: '10.0', java.version: '17.0.7'
Driver info: com.kms.katalon.selenium.driver.CChromeDriver
Capabilities {acceptInsecureCerts: false, browserName: chrome, browserVersion: 134.0.6998.178, chrome: {chromedriverVersion: 134.0.6998.165 (fd886e2cb29..., userDataDir: C:\Users\LIAZGI~1\AppData\L...}, fedcm:accounts: true, goog:chromeOptions: {debuggerAddress: localhost:56027}, javascriptEnabled: true, networkConnectionEnabled: false, pageLoadStrategy: normal, platform: WINDOWS, platformName: WINDOWS, proxy: Proxy(), setWindowRect: true, strictFileInteractability: false, timeouts: {implicit: 0, pageLoad: 300000, script: 30000}, unhandledPromptBehavior: dismiss and notify, webauthn:extension:credBlob: true, webauthn:extension:largeBlob: true, webauthn:extension:minPinLength: true, webauthn:extension:prf: true, webauthn:virtualAuthenticators: true}
Session ID: b6e65ccba40b1587eaabac2d5d735ca5
	at java.base/jdk.internal.reflect.NativeConstructorAccessorImpl.newInstance0(Native Method)
	at java.base/jdk.internal.reflect.NativeConstructorAccessorImpl.newInstance(NativeConstructorAccessorImpl.java:77)
	at java.base/jdk.internal.reflect.DelegatingConstructorAccessorImpl.newInstance(DelegatingConstructorAccessorImpl.java:45)
	at org.openqa.selenium.remote.http.W3CHttpResponseCodec.createException(W3CHttpResponseCodec.java:187)
	at org.openqa.selenium.remote.http.W3CHttpResponseCodec.decode(W3CHttpResponseCodec.java:122)
	at org.openqa.selenium.remote.http.W3CHttpResponseCodec.decode(W3CHttpResponseCodec.java:49)
	at org.openqa.selenium.remote.HttpCommandExecutor.execute(HttpCommandExecutor.java:158)
	at org.openqa.selenium.remote.service.DriverCommandExecutor.execute(DriverCommandExecutor.java:83)
	at org.openqa.selenium.remote.RemoteWebDriver.execute(RemoteWebDriver.java:552)
	at com.kms.katalon.selenium.driver.CChromeDriver.execute(CChromeDriver.java:19)
	at org.openqa.selenium.remote.RemoteWebDriver.get(RemoteWebDriver.java:277)
	at org.openqa.selenium.remote.RemoteWebDriver$RemoteNavigation.to(RemoteWebDriver.java:857)
	at org.openqa.selenium.support.events.EventFiringWebDriver$EventFiringNavigation.to(EventFiringWebDriver.java:569)
	at com.kms.katalon.core.webui.keyword.builtin.NavigateToUrlKeyword$_navigateToUrl_closure1.doCall(NavigateToUrlKeyword.groovy:81)
	at com.kms.katalon.core.webui.keyword.builtin.NavigateToUrlKeyword$_navigateToUrl_closure1.call(NavigateToUrlKeyword.groovy)
	at com.kms.katalon.core.webui.keyword.internal.WebUIKeywordMain.runKeyword(WebUIKeywordMain.groovy:20)
	... 22 more]]></system-err>
      </testcase>
      <testcase name="Test Cases/Сверки дашбордов/Выполнение бизнес-плана сверка дашбордов" time="228.367" classname="Test Cases/Сверки дашбордов/Выполнение бизнес-плана сверка дашбордов" status="FAILED">
         <failure type="FAILED" message="Test Cases/Сверки дашбордов/Выполнение бизнес-плана сверка дашбордов FAILED.&#xa;Reason:&#xa;com.kms.katalon.core.exception.StepFailedException: Unable to get text of object 'Object Repository/Выполнение бизнес-плана/Значения со страницы Выполнение бизнес-плана/Table Data/План Потери за отчётный период 1' (Root cause: com.kms.katalon.core.exception.StepFailedException: Unable to get text of object 'Object Repository/Выполнение бизнес-плана/Значения со страницы Выполнение бизнес-плана/Table Data/План Потери за отчётный период 1'&#xa;	at com.kms.katalon.core.webui.keyword.internal.WebUIKeywordMain.stepFailed(WebUIKeywordMain.groovy:64)&#xa;	at com.kms.katalon.core.webui.keyword.internal.WebUIKeywordMain.runKeyword(WebUIKeywordMain.groovy:26)&#xa;	at com.kms.katalon.core.webui.keyword.builtin.GetTextKeyword.getText(GetTextKeyword.groovy:88)&#xa;	at com.kms.katalon.core.webui.keyword.builtin.GetTextKeyword.execute(GetTextKeyword.groovy:67)&#xa;	at com.kms.katalon.core.keyword.internal.KeywordExecutor.executeKeywordForPlatform(KeywordExecutor.groovy:74)&#xa;	at com.kms.katalon.core.webui.keyword.WebUiBuiltInKeywords.getText(WebUiBuiltInKeywords.groovy:957)&#xa;	at Выполнение бизнес-плана сверка дашбордов.GetAllData(Выполнение бизнес-плана сверка дашбордов:985)&#xa;	at Выполнение бизнес-плана сверка дашбордов.run(Выполнение бизнес-плана сверка дашбордов:156)&#xa;	at com.kms.katalon.core.main.ScriptEngine.run(ScriptEngine.java:194)&#xa;	at com.kms.katalon.core.main.ScriptEngine.runScriptAsRawText(ScriptEngine.java:119)&#xa;	at com.kms.katalon.core.main.TestCaseExecutor.runScript(TestCaseExecutor.java:448)&#xa;	at com.kms.katalon.core.main.TestCaseExecutor.doExecute(TestCaseExecutor.java:439)&#xa;	at com.kms.katalon.core.main.TestCaseExecutor.processExecutionPhase(TestCaseExecutor.java:418)&#xa;	at com.kms.katalon.core.main.TestCaseExecutor.accessMainPhase(TestCaseExecutor.java:410)&#xa;	at com.kms.katalon.core.main.TestCaseExecutor.execute(TestCaseExecutor.java:285)&#xa;	at com.kms.katalon.core.common.CommonExecutor.accessTestCaseMainPhase(CommonExecutor.java:65)&#xa;	at com.kms.katalon.core.main.TestSuiteExecutor.accessTestSuiteMainPhase(TestSuiteExecutor.java:150)&#xa;	at com.kms.katalon.core.main.TestSuiteExecutor.execute(TestSuiteExecutor.java:106)&#xa;	at com.kms.katalon.core.main.TestCaseMain.startTestSuite(TestCaseMain.java:180)&#xa;	at TempTestSuite1743404878601.run(TempTestSuite1743404878601.groovy:35)&#xa;	at java.base/jdk.internal.reflect.NativeMethodAccessorImpl.invoke0(Native Method)&#xa;	at java.base/jdk.internal.reflect.NativeMethodAccessorImpl.invoke(NativeMethodAccessorImpl.java:77)&#xa;	at java.base/jdk.internal.reflect.DelegatingMethodAccessorImpl.invoke(DelegatingMethodAccessorImpl.java:43)&#xa;Caused by: com.kms.katalon.core.webui.exception.WebElementNotFoundException: Web element with id: 'Object Repository/Выполнение бизнес-плана/Значения со страницы Выполнение бизнес-плана/Table Data/План Потери за отчётный период 1' located by '(.//*[normalize-space(text()) and normalize-space(.)='Показатели баланса электроэнергии по ДЗО – План'])[2]/following::td[35]' not found&#xa;	at com.kms.katalon.core.webui.common.WebUiCommonHelper.findWebElement(WebUiCommonHelper.java:1426)&#xa;	at com.kms.katalon.core.webui.keyword.internal.WebUIAbstractKeyword.findWebElement(WebUIAbstractKeyword.groovy:27)&#xa;	at com.kms.katalon.core.webui.keyword.internal.WebUIAbstractKeyword.findWebElement(WebUIAbstractKeyword.groovy:26)&#xa;	at com.kms.katalon.core.webui.keyword.builtin.GetTextKeyword$_getText_closure1.doCall(GetTextKeyword.groovy:78)&#xa;	at com.kms.katalon.core.webui.keyword.builtin.GetTextKeyword$_getText_closure1.call(GetTextKeyword.groovy)&#xa;	at com.kms.katalon.core.webui.keyword.internal.WebUIKeywordMain.runKeyword(WebUIKeywordMain.groovy:20)&#xa;	at com.kms.katalon.core.webui.keyword.builtin.GetTextKeyword.getText(GetTextKeyword.groovy:88)&#xa;	at com.kms.katalon.core.webui.keyword.builtin.GetTextKeyword.execute(GetTextKeyword.groovy:67)&#xa;	at com.kms.katalon.core.keyword.internal.KeywordExecutor.executeKeywordForPlatform(KeywordExecutor.groovy:74)&#xa;	at com.kms.katalon.core.webui.keyword.WebUiBuiltInKeywords.getText(WebUiBuiltInKeywords.groovy:957)&#xa;	at Script1719299571342.GetAllData(Script1719299571342.groovy:985)&#xa;	at Script1719299571342.run(Script1719299571342.groovy:156)&#xa;	... 15 more&#xa;)&#xa;	at com.kms.katalon.core.keyword.internal.KeywordMain.stepFailed(KeywordMain.groovy:39)&#xa;	at com.kms.katalon.core.webui.keyword.internal.WebUIKeywordMain.stepFailed(WebUIKeywordMain.groovy:64)&#xa;	at com.kms.katalon.core.webui.keyword.internal.WebUIKeywordMain.runKeyword(WebUIKeywordMain.groovy:26)&#xa;	at com.kms.katalon.core.webui.keyword.builtin.GetTextKeyword.getText(GetTextKeyword.groovy:88)&#xa;	at com.kms.katalon.core.webui.keyword.builtin.GetTextKeyword.execute(GetTextKeyword.groovy:67)&#xa;	at com.kms.katalon.core.keyword.internal.KeywordExecutor.executeKeywordForPlatform(KeywordExecutor.groovy:74)&#xa;	at com.kms.katalon.core.webui.keyword.WebUiBuiltInKeywords.getText(WebUiBuiltInKeywords.groovy:957)&#xa;	at Выполнение бизнес-плана сверка дашбордов.GetAllData(Выполнение бизнес-плана сверка дашбордов:985)&#xa;	at Выполнение бизнес-плана сверка дашбордов.run(Выполнение бизнес-плана сверка дашбордов:156)&#xa;	at com.kms.katalon.core.main.ScriptEngine.run(ScriptEngine.java:194)&#xa;	at com.kms.katalon.core.main.ScriptEngine.runScriptAsRawText(ScriptEngine.java:119)&#xa;	at com.kms.katalon.core.main.TestCaseExecutor.runScript(TestCaseExecutor.java:448)&#xa;	at com.kms.katalon.core.main.TestCaseExecutor.doExecute(TestCaseExecutor.java:439)&#xa;	at com.kms.katalon.core.main.TestCaseExecutor.processExecutionPhase(TestCaseExecutor.java:418)&#xa;	at com.kms.katalon.core.main.TestCaseExecutor.accessMainPhase(TestCaseExecutor.java:410)&#xa;	at com.kms.katalon.core.main.TestCaseExecutor.execute(TestCaseExecutor.java:285)&#xa;	at com.kms.katalon.core.common.CommonExecutor.accessTestCaseMainPhase(CommonExecutor.java:65)&#xa;	at com.kms.katalon.core.main.TestSuiteExecutor.accessTestSuiteMainPhase(TestSuiteExecutor.java:150)&#xa;	at com.kms.katalon.core.main.TestSuiteExecutor.execute(TestSuiteExecutor.java:106)&#xa;	at com.kms.katalon.core.main.TestCaseMain.startTestSuite(TestCaseMain.java:180)&#xa;	at TempTestSuite1743404878601.run(TempTestSuite1743404878601.groovy:35)&#xa;	at java.base/jdk.internal.reflect.NativeMethodAccessorImpl.invoke0(Native Method)&#xa;	at java.base/jdk.internal.reflect.NativeMethodAccessorImpl.invoke(NativeMethodAccessorImpl.java:77)&#xa;	at java.base/jdk.internal.reflect.DelegatingMethodAccessorImpl.invoke(DelegatingMethodAccessorImpl.java:43)&#xa;Caused by: com.kms.katalon.core.exception.StepFailedException: Unable to get text of object 'Object Repository/Выполнение бизнес-плана/Значения со страницы Выполнение бизнес-плана/Table Data/План Потери за отчётный период 1'&#xa;	... 23 more&#xa;Caused by: com.kms.katalon.core.webui.exception.WebElementNotFoundException: Web element with id: 'Object Repository/Выполнение бизнес-плана/Значения со страницы Выполнение бизнес-плана/Table Data/План Потери за отчётный период 1' located by '(.//*[normalize-space(text()) and normalize-space(.)='Показатели баланса электроэнергии по ДЗО – План'])[2]/following::td[35]' not found&#xa;	at com.kms.katalon.core.webui.common.WebUiCommonHelper.findWebElement(WebUiCommonHelper.java:1426)&#xa;	at com.kms.katalon.core.webui.keyword.internal.WebUIAbstractKeyword.findWebElement(WebUIAbstractKeyword.groovy:27)&#xa;	at com.kms.katalon.core.webui.keyword.internal.WebUIAbstractKeyword.findWebElement(WebUIAbstractKeyword.groovy:26)&#xa;	at com.kms.katalon.core.webui.keyword.builtin.GetTextKeyword$_getText_closure1.doCall(GetTextKeyword.groovy:78)&#xa;	at com.kms.katalon.core.webui.keyword.builtin.GetTextKeyword$_getText_closure1.call(GetTextKeyword.groovy)&#xa;	at com.kms.katalon.core.webui.keyword.internal.WebUIKeywordMain.runKeyword(WebUIKeywordMain.groovy:20)&#xa;	... 21 more&#xa;"/>
         <system-out><![CDATA[31-03-2025T10:19:28 - [TEST_CASE][FAILED] - Test Cases/Сверки дашбордов/Выполнение бизнес-плана сверка дашбордов: Test Cases/Сверки дашбордов/Выполнение бизнес-плана сверка дашбордов FAILED.
Reason:
com.kms.katalon.core.exception.StepFailedException: Unable to get text of object 'Object Repository/Выполнение бизнес-плана/Значения со страницы Выполнение бизнес-плана/Table Data/План Потери за отчётный период 1' (Root cause: com.kms.katalon.core.exception.StepFailedException: Unable to get text of object 'Object Repository/Выполнение бизнес-плана/Значения со страницы Выполнение бизнес-плана/Table Data/План Потери за отчётный период 1'
	at com.kms.katalon.core.webui.keyword.internal.WebUIKeywordMain.stepFailed(WebUIKeywordMain.groovy:64)
	at com.kms.katalon.core.webui.keyword.internal.WebUIKeywordMain.runKeyword(WebUIKeywordMain.groovy:26)
	at com.kms.katalon.core.webui.keyword.builtin.GetTextKeyword.getText(GetTextKeyword.groovy:88)
	at com.kms.katalon.core.webui.keyword.builtin.GetTextKeyword.execute(GetTextKeyword.groovy:67)
	at com.kms.katalon.core.keyword.internal.KeywordExecutor.executeKeywordForPlatform(KeywordExecutor.groovy:74)
	at com.kms.katalon.core.webui.keyword.WebUiBuiltInKeywords.getText(WebUiBuiltInKeywords.groovy:957)
	at Выполнение бизнес-плана сверка дашбордов.GetAllData(Выполнение бизнес-плана сверка дашбордов:985)
	at Выполнение бизнес-плана сверка дашбордов.run(Выполнение бизнес-плана сверка дашбордов:156)
	at com.kms.katalon.core.main.ScriptEngine.run(ScriptEngine.java:194)
	at com.kms.katalon.core.main.ScriptEngine.runScriptAsRawText(ScriptEngine.java:119)
	at com.kms.katalon.core.main.TestCaseExecutor.runScript(TestCaseExecutor.java:448)
	at com.kms.katalon.core.main.TestCaseExecutor.doExecute(TestCaseExecutor.java:439)
	at com.kms.katalon.core.main.TestCaseExecutor.processExecutionPhase(TestCaseExecutor.java:418)
	at com.kms.katalon.core.main.TestCaseExecutor.accessMainPhase(TestCaseExecutor.java:410)
	at com.kms.katalon.core.main.TestCaseExecutor.execute(TestCaseExecutor.java:285)
	at com.kms.katalon.core.common.CommonExecutor.accessTestCaseMainPhase(CommonExecutor.java:65)
	at com.kms.katalon.core.main.TestSuiteExecutor.accessTestSuiteMainPhase(TestSuiteExecutor.java:150)
	at com.kms.katalon.core.main.TestSuiteExecutor.execute(TestSuiteExecutor.java:106)
	at com.kms.katalon.core.main.TestCaseMain.startTestSuite(TestCaseMain.java:180)
	at TempTestSuite1743404878601.run(TempTestSuite1743404878601.groovy:35)
	at java.base/jdk.internal.reflect.NativeMethodAccessorImpl.invoke0(Native Method)
	at java.base/jdk.internal.reflect.NativeMethodAccessorImpl.invoke(NativeMethodAccessorImpl.java:77)
	at java.base/jdk.internal.reflect.DelegatingMethodAccessorImpl.invoke(DelegatingMethodAccessorImpl.java:43)
Caused by: com.kms.katalon.core.webui.exception.WebElementNotFoundException: Web element with id: 'Object Repository/Выполнение бизнес-плана/Значения со страницы Выполнение бизнес-плана/Table Data/План Потери за отчётный период 1' located by '(.//*[normalize-space(text()) and normalize-space(.)='Показатели баланса электроэнергии по ДЗО – План'])[2]/following::td[35]' not found
	at com.kms.katalon.core.webui.common.WebUiCommonHelper.findWebElement(WebUiCommonHelper.java:1426)
	at com.kms.katalon.core.webui.keyword.internal.WebUIAbstractKeyword.findWebElement(WebUIAbstractKeyword.groovy:27)
	at com.kms.katalon.core.webui.keyword.internal.WebUIAbstractKeyword.findWebElement(WebUIAbstractKeyword.groovy:26)
	at com.kms.katalon.core.webui.keyword.builtin.GetTextKeyword$_getText_closure1.doCall(GetTextKeyword.groovy:78)
	at com.kms.katalon.core.webui.keyword.builtin.GetTextKeyword$_getText_closure1.call(GetTextKeyword.groovy)
	at com.kms.katalon.core.webui.keyword.internal.WebUIKeywordMain.runKeyword(WebUIKeywordMain.groovy:20)
	at com.kms.katalon.core.webui.keyword.builtin.GetTextKeyword.getText(GetTextKeyword.groovy:88)
	at com.kms.katalon.core.webui.keyword.builtin.GetTextKeyword.execute(GetTextKeyword.groovy:67)
	at com.kms.katalon.core.keyword.internal.KeywordExecutor.executeKeywordForPlatform(KeywordExecutor.groovy:74)
	at com.kms.katalon.core.webui.keyword.WebUiBuiltInKeywords.getText(WebUiBuiltInKeywords.groovy:957)
	at Script1719299571342.GetAllData(Script1719299571342.groovy:985)
	at Script1719299571342.run(Script1719299571342.groovy:156)
	... 15 more
)
	at com.kms.katalon.core.keyword.internal.KeywordMain.stepFailed(KeywordMain.groovy:39)
	at com.kms.katalon.core.webui.keyword.internal.WebUIKeywordMain.stepFailed(WebUIKeywordMain.groovy:64)
	at com.kms.katalon.core.webui.keyword.internal.WebUIKeywordMain.runKeyword(WebUIKeywordMain.groovy:26)
	at com.kms.katalon.core.webui.keyword.builtin.GetTextKeyword.getText(GetTextKeyword.groovy:88)
	at com.kms.katalon.core.webui.keyword.builtin.GetTextKeyword.execute(GetTextKeyword.groovy:67)
	at com.kms.katalon.core.keyword.internal.KeywordExecutor.executeKeywordForPlatform(KeywordExecutor.groovy:74)
	at com.kms.katalon.core.webui.keyword.WebUiBuiltInKeywords.getText(WebUiBuiltInKeywords.groovy:957)
	at Выполнение бизнес-плана сверка дашбордов.GetAllData(Выполнение бизнес-плана сверка дашбордов:985)
	at Выполнение бизнес-плана сверка дашбордов.run(Выполнение бизнес-плана сверка дашбордов:156)
	at com.kms.katalon.core.main.ScriptEngine.run(ScriptEngine.java:194)
	at com.kms.katalon.core.main.ScriptEngine.runScriptAsRawText(ScriptEngine.java:119)
	at com.kms.katalon.core.main.TestCaseExecutor.runScript(TestCaseExecutor.java:448)
	at com.kms.katalon.core.main.TestCaseExecutor.doExecute(TestCaseExecutor.java:439)
	at com.kms.katalon.core.main.TestCaseExecutor.processExecutionPhase(TestCaseExecutor.java:418)
	at com.kms.katalon.core.main.TestCaseExecutor.accessMainPhase(TestCaseExecutor.java:410)
	at com.kms.katalon.core.main.TestCaseExecutor.execute(TestCaseExecutor.java:285)
	at com.kms.katalon.core.common.CommonExecutor.accessTestCaseMainPhase(CommonExecutor.java:65)
	at com.kms.katalon.core.main.TestSuiteExecutor.accessTestSuiteMainPhase(TestSuiteExecutor.java:150)
	at com.kms.katalon.core.main.TestSuiteExecutor.execute(TestSuiteExecutor.java:106)
	at com.kms.katalon.core.main.TestCaseMain.startTestSuite(TestCaseMain.java:180)
	at TempTestSuite1743404878601.run(TempTestSuite1743404878601.groovy:35)
	at java.base/jdk.internal.reflect.NativeMethodAccessorImpl.invoke0(Native Method)
	at java.base/jdk.internal.reflect.NativeMethodAccessorImpl.invoke(NativeMethodAccessorImpl.java:77)
	at java.base/jdk.internal.reflect.DelegatingMethodAccessorImpl.invoke(DelegatingMethodAccessorImpl.java:43)
Caused by: com.kms.katalon.core.exception.StepFailedException: Unable to get text of object 'Object Repository/Выполнение бизнес-плана/Значения со страницы Выполнение бизнес-плана/Table Data/План Потери за отчётный период 1'
	... 23 more
Caused by: com.kms.katalon.core.webui.exception.WebElementNotFoundException: Web element with id: 'Object Repository/Выполнение бизнес-плана/Значения со страницы Выполнение бизнес-плана/Table Data/План Потери за отчётный период 1' located by '(.//*[normalize-space(text()) and normalize-space(.)='Показатели баланса электроэнергии по ДЗО – План'])[2]/following::td[35]' not found
	at com.kms.katalon.core.webui.common.WebUiCommonHelper.findWebElement(WebUiCommonHelper.java:1426)
	at com.kms.katalon.core.webui.keyword.internal.WebUIAbstractKeyword.findWebElement(WebUIAbstractKeyword.groovy:27)
	at com.kms.katalon.core.webui.keyword.internal.WebUIAbstractKeyword.findWebElement(WebUIAbstractKeyword.groovy:26)
	at com.kms.katalon.core.webui.keyword.builtin.GetTextKeyword$_getText_closure1.doCall(GetTextKeyword.groovy:78)
	at com.kms.katalon.core.webui.keyword.builtin.GetTextKeyword$_getText_closure1.call(GetTextKeyword.groovy)
	at com.kms.katalon.core.webui.keyword.internal.WebUIKeywordMain.runKeyword(WebUIKeywordMain.groovy:20)
	... 21 more


31-03-2025T10:19:29 - [TEST_STEP][PASSED] - date = new java.util.Date(): null

31-03-2025T10:19:29 - [TEST_STEP][PASSED] - todaysDate = date.format("dd.MM.yyyy"): null

31-03-2025T10:19:29 - [TEST_STEP][PASSED] - blockNum = <not implemented yet for class: org.codehaus.groovy.ast.expr.EmptyExpression>: null

31-03-2025T10:19:29 - [TEST_STEP][PASSED] - path = <not implemented yet for class: org.codehaus.groovy.ast.expr.EmptyExpression>: null

31-03-2025T10:19:29 - [TEST_STEP][PASSED] - typeOfData = <not implemented yet for class: org.codehaus.groovy.ast.expr.EmptyExpression>: null

31-03-2025T10:19:29 - [TEST_STEP][PASSED] - i = <not implemented yet for class: org.codehaus.groovy.ast.expr.EmptyExpression>: null

31-03-2025T10:19:29 - [TEST_STEP][PASSED] - dZO = <not implemented yet for class: org.codehaus.groovy.ast.expr.EmptyExpression>: null

31-03-2025T10:19:29 - [TEST_STEP][PASSED] - vidget = <not implemented yet for class: org.codehaus.groovy.ast.expr.EmptyExpression>: null

31-03-2025T10:19:29 - [TEST_STEP][PASSED] - tabR = <not implemented yet for class: org.codehaus.groovy.ast.expr.EmptyExpression>: null

31-03-2025T10:19:29 - [TEST_STEP][PASSED] - tabB = <not implemented yet for class: org.codehaus.groovy.ast.expr.EmptyExpression>: null

31-03-2025T10:19:29 - [TEST_STEP][PASSED] - o1R = <not implemented yet for class: org.codehaus.groovy.ast.expr.EmptyExpression>: null

31-03-2025T10:19:29 - [TEST_STEP][PASSED] - o1B = <not implemented yet for class: org.codehaus.groovy.ast.expr.EmptyExpression>: null

31-03-2025T10:19:29 - [TEST_STEP][PASSED] - PercPlanR = <not implemented yet for class: org.codehaus.groovy.ast.expr.EmptyExpression>: null

31-03-2025T10:19:29 - [TEST_STEP][PASSED] - PercPlanB = <not implemented yet for class: org.codehaus.groovy.ast.expr.EmptyExpression>: null

31-03-2025T10:19:29 - [TEST_STEP][PASSED] - PercFactR = <not implemented yet for class: org.codehaus.groovy.ast.expr.EmptyExpression>: null

31-03-2025T10:19:29 - [TEST_STEP][PASSED] - PercFactB = <not implemented yet for class: org.codehaus.groovy.ast.expr.EmptyExpression>: null

31-03-2025T10:19:29 - [TEST_STEP][PASSED] - pRR = "ПАО Россети/": null

31-03-2025T10:19:29 - [TEST_STEP][PASSED] - fR = "Россети ФСК ЕЭС/": null

31-03-2025T10:19:29 - [TEST_STEP][PASSED] - tyR = "АО "Тываэнерго"/": null

31-03-2025T10:19:29 - [TEST_STEP][PASSED] - chR = "Чеченэнерго": null

31-03-2025T10:19:29 - [TEST_STEP][PASSED] - vR = "Россети Волга/": null

31-03-2025T10:19:29 - [TEST_STEP][PASSED] - kR = "Россети Кубань/": null

31-03-2025T10:19:29 - [TEST_STEP][PASSED] - lR = "Россети Ленэнерго (ГК)/": null

31-03-2025T10:19:29 - [TEST_STEP][PASSED] - mR = "Россети Московский регион/": null

31-03-2025T10:19:29 - [TEST_STEP][PASSED] - sKR = "Россети Северный Кавказ (ГК)/": null

31-03-2025T10:19:29 - [TEST_STEP][PASSED] - sZR = "Россети Северо-Запад/": null

31-03-2025T10:19:29 - [TEST_STEP][PASSED] - siR = "Россети Сибирь (ГК)/": null

31-03-2025T10:19:29 - [TEST_STEP][PASSED] - tomR = "Россети Томск/": null

31-03-2025T10:19:29 - [TEST_STEP][PASSED] - tyumR = "Россети Тюмень/": null

31-03-2025T10:19:29 - [TEST_STEP][PASSED] - urR = "Россети Урал (ГК)/": null

31-03-2025T10:19:29 - [TEST_STEP][PASSED] - cenR = "Россети Центр (ГК)/": null

31-03-2025T10:19:29 - [TEST_STEP][PASSED] - cIPR = "Россети Центр и Приволжье (ГК)/": null

31-03-2025T10:19:29 - [TEST_STEP][PASSED] - ugR = "Россети Юг (ГК)/": null

31-03-2025T10:19:29 - [TEST_STEP][PASSED] - yR = "Россети Янтарь/": null

31-03-2025T10:19:29 - [TEST_STEP][PASSED] - pRB = "ПАО Россети/": null

31-03-2025T10:19:29 - [TEST_STEP][PASSED] - fB = "Россети ФСК ЕЭС/": null

31-03-2025T10:19:29 - [TEST_STEP][PASSED] - tyB = "АО "Тываэнерго"/": null

31-03-2025T10:19:29 - [TEST_STEP][PASSED] - chB = "Чеченэнерго": null

31-03-2025T10:19:29 - [TEST_STEP][PASSED] - vB = "Россети Волга/": null

31-03-2025T10:19:29 - [TEST_STEP][PASSED] - kB = "Россети Кубань/": null

31-03-2025T10:19:29 - [TEST_STEP][PASSED] - lB = "Россети Ленэнерго (ГК)/": null

31-03-2025T10:19:29 - [TEST_STEP][PASSED] - mB = "Россети Московский регион/": null

31-03-2025T10:19:29 - [TEST_STEP][PASSED] - sKB = "Россети Северный Кавказ (ГК)/": null

31-03-2025T10:19:29 - [TEST_STEP][PASSED] - sZB = "Россети Северо-Запад/": null

31-03-2025T10:19:29 - [TEST_STEP][PASSED] - siB = "Россети Сибирь (ГК)/": null

31-03-2025T10:19:29 - [TEST_STEP][PASSED] - tomB = "Россети Томск/": null

31-03-2025T10:19:29 - [TEST_STEP][PASSED] - tyumB = "Россети Тюмень/": null

31-03-2025T10:19:29 - [TEST_STEP][PASSED] - urB = "Россети Урал (ГК)/": null

31-03-2025T10:19:29 - [TEST_STEP][PASSED] - cenB = "Россети Центр (ГК)/": null

31-03-2025T10:19:29 - [TEST_STEP][PASSED] - cIPB = "Россети Центр и Приволжье (ГК)/": null

31-03-2025T10:19:29 - [TEST_STEP][PASSED] - ugB = "Россети Юг (ГК)/": null

31-03-2025T10:19:29 - [TEST_STEP][PASSED] - yB = "Россети Янтарь/": null

31-03-2025T10:19:29 - [TEST_STEP][PASSED] - VseDZO = <not implemented yet for class: org.codehaus.groovy.ast.expr.EmptyExpression>: null

31-03-2025T10:19:29 - [TEST_STEP][PASSED] - a = <not implemented yet for class: org.codehaus.groovy.ast.expr.EmptyExpression>: null

31-03-2025T10:19:29 - [TEST_STEP][PASSED] - b = <not implemented yet for class: org.codehaus.groovy.ast.expr.EmptyExpression>: null

31-03-2025T10:19:29 - [TEST_STEP][PASSED] - dZONum = 0: null

31-03-2025T10:19:29 - [TEST_STEP][PASSED] - x = <not implemented yet for class: org.codehaus.groovy.ast.expr.EmptyExpression>: null

31-03-2025T10:19:29 - [TEST_STEP][PASSED] - blockNum = 1: null

31-03-2025T10:19:29 - [TEST_STEP][PASSED] - path = "Object Repository/Выполнение бизнес-плана/": null

31-03-2025T10:19:29 - [TEST_STEP][PASSED] - Script1719299571342.Presettings(blockNum, path): null

31-03-2025T10:19:29 - [TEST_STEP][PASSED] - blockNumber = <not implemented yet for class: org.codehaus.groovy.ast.expr.EmptyExpression>: null

31-03-2025T10:19:29 - [TEST_STEP][PASSED] - urlText = <not implemented yet for class: org.codehaus.groovy.ast.expr.EmptyExpression>: null

31-03-2025T10:19:29 - [TEST_STEP][PASSED] - searchWord = <not implemented yet for class: org.codehaus.groovy.ast.expr.EmptyExpression>: null

31-03-2025T10:19:29 - [TEST_STEP][PASSED] - i = <not implemented yet for class: org.codehaus.groovy.ast.expr.EmptyExpression>: null

31-03-2025T10:19:29 - [TEST_STEP][PASSED] - ii = <not implemented yet for class: org.codehaus.groovy.ast.expr.EmptyExpression>: null

31-03-2025T10:19:29 - [TEST_STEP][PASSED] - openBrowser(""): Browser is opened with url: ''

31-03-2025T10:19:29 - [MESSAGE][WARNING] - A browser is already opened. Closing browser and opening a new one

31-03-2025T10:19:29 - [MESSAGE][INFO] - Starting 'Chrome' driver

31-03-2025T10:19:29 - [MESSAGE][INFO] - Action delay is set to 0 milliseconds

31-03-2025T10:19:30 - [MESSAGE][PASSED] - Browser is opened with url: ''

31-03-2025T10:19:30 - [TEST_STEP][PASSED] - if (blockNum == 1): null

31-03-2025T10:19:30 - [TEST_STEP][PASSED] - path = "Object Repository/Выполнение бизнес-плана/": null

31-03-2025T10:19:30 - [TEST_STEP][PASSED] - blockNumber = 1: null

31-03-2025T10:19:30 - [TEST_STEP][PASSED] - navigateToUrl(findTestData("PlanFact").getValue(10, blockNumber)): Navigate to 'https://bi.rosseti.digital/viewer?dashboardGuid=d154a8eaf6824e2b9de1bb04dd061c18&sheetGuid=1305e8ce744049e1abdacea1ea397a26&fit=true' successfully

31-03-2025T10:19:35 - [MESSAGE][PASSED] - Navigate to 'https://bi.rosseti.digital/viewer?dashboardGuid=d154a8eaf6824e2b9de1bb04dd061c18&sheetGuid=1305e8ce744049e1abdacea1ea397a26&fit=true' successfully

31-03-2025T10:19:35 - [TEST_STEP][PASSED] - urlText = getText(findTestObject("Страница авторизации/Text")): Text of object 'Object Repository/Страница авторизации/Text' is: 'Вход'

31-03-2025T10:19:36 - [MESSAGE][PASSED] - Text of object 'Object Repository/Страница авторизации/Text' is: 'Вход'

31-03-2025T10:19:36 - [TEST_STEP][PASSED] - delay(10): Delayed 10 second(s)

31-03-2025T10:19:46 - [MESSAGE][PASSED] - Delayed 10 second(s)

31-03-2025T10:19:46 - [TEST_STEP][PASSED] - searchWord = "Вход": null

31-03-2025T10:19:46 - [TEST_STEP][PASSED] - if (urlText.contains(searchWord) == false): null

31-03-2025T10:19:46 - [TEST_STEP][PASSED] - setText(findTestObject("Страница авторизации/input__username"), findTestData("PlanFact").getValue(8, 1)): Text 'liazgina-di' is set on object 'Object Repository/Страница авторизации/input__username'

31-03-2025T10:19:46 - [MESSAGE][PASSED] - Text 'liazgina-di' is set on object 'Object Repository/Страница авторизации/input__username'

31-03-2025T10:19:46 - [TEST_STEP][PASSED] - setText(findTestObject("Страница авторизации/input__password"), findTestData("PlanFact").getValue(9, 1)): Text ')$%5srZ8o688Dm#q' is set on object 'Object Repository/Страница авторизации/input__password'

31-03-2025T10:19:47 - [MESSAGE][PASSED] - Text ')$%5srZ8o688Dm#q' is set on object 'Object Repository/Страница авторизации/input__password'

31-03-2025T10:19:47 - [TEST_STEP][PASSED] - click(findTestObject("Страница авторизации/button_")): Object: 'Object Repository/Страница авторизации/button_' is clicked on

31-03-2025T10:19:48 - [MESSAGE][PASSED] - Object: 'Object Repository/Страница авторизации/button_' is clicked on

31-03-2025T10:19:48 - [TEST_STEP][PASSED] - delay(50): Delayed 50 second(s)

31-03-2025T10:20:38 - [MESSAGE][PASSED] - Delayed 50 second(s)

31-03-2025T10:20:38 - [TEST_STEP][PASSED] - searchWord = "ДЗО": null

31-03-2025T10:20:38 - [TEST_STEP][PASSED] - urlText = getText(findTestObject("Страница авторизации/Text")): Text of object 'Object Repository/Страница авторизации/Text' is: 'ДЗО 
ПАО Россети
Период
Январь, Февраль 2025 года
Отклонения фактического уровня потерь от бизнес-плана, п.п.
0.14
-0.99
-0.65
-1.51
-0.23
-0.38
-0.54
-1.82
-1.45
-1.44
-1.52
Россети ФСК ЕЭС
Россети Волга
Россети Московскийрегион
Россети Северо-Запад
Россети Томск
Россети Тюмень
Россети Урал (ГК)
Россети Центр (ГК)
Россети Центр иПриволжье (ГК)
Россети Юг (ГК)
Россети Янтарь
-4
-2
0
2
4
6
8

Уровень потерь электроэнергии
Россети ФСК ЕЭС
Россети Волга
Россети Московский регион
Россети Северо-Запад
Россети Томск
Россети Урал (ГК)
Россети Юг (ГК)
Россети Янтарь
0
10
20
30
40
50
60
70
3.84
7.22
|
9.59
|
6.73
|
10.78
|
6.88
|
10.84
|
10.39
|
3.99
|
6.22
8.94
5.22
10.54
6.34
9.40
8.87
п.п.
2.30
Итого
0
1
2
3
%
5.73 5.73
8.03 8.03
План
Факт
1
100

● Бизнес-план выполнен● ●● Превышение бизнес-плана
Отклонения фактического уровня потерь от бизнес-плана за 3 месяца (нарастающим итогом), п.п.
-0.2-0.2
-8.4-8.4
2.92.9
-0.4-0.4
-0.5-0.5
-0.0-0.0
0.20.2
3.83.8
-0.3-0.3
-7.9-7.9
-0.0-0.0
0.20.2
-0.2-0.2
-0.5-0.5
-0.2-0.2
-0.3-0.3
-0.1-0.1
-0.0-0.0
-1.0-1.0
-0.4-0.4
-2.5-2.5
-0.3-0.3
-0.2-0.2
-0.3-0.3
-2.6-2.6
-1.9-1.9
-1.4-1.4
-2.4-2.4
0.10.1
-1.0-1.0
-0.7-0.7
-1.5-1.5
-0.2-0.2
-0.4-0.4
-0.5-0.5
-1.8-1.8
-1.5-1.5
-1.4-1.4
-1.5-1.5
Россети ФСКЕЭС
АО«Тываэнерго»
АО«Чеченэнерго»
Россети Волга
РоссетиКубань
РоссетиЛенэнерго(ГК)
РоссетиМосковскийрегион
РоссетиСеверныйКавказ (ГК)
Россети Северо-Запад
Россети Сибирь(ГК)
Россети Томск
Россети Тюмень
Россети Урал(ГК)
Россети Центр
Россети Центри Приволжье(ГК)
Россети Юг (Г…
РоссетиЯнтарь
-10
0
10
п.п.
Отклонения фактического уровня потерь от бизнес-плана за 3 месяца (нарастающим итогом)
-0.2-0.2
-8.4-8.4
-0.4-0.4
-0.0-0.0
-0.1-0.1
5.25.2
-1.3-1.3
-0.4-0.4
-8.1-8.1
-0.1-0.1
0.10.1
-0.4-0.4
-0.1-0.1
-6.9-6.9
-0.3-0.3
-0.8-0.8
-0.8-0.8
-0.4-0.4
8.38.3
0.50.5
12.512.5
-3.4-3.4
-2.5-2.5
-6.0-6.0
-1.5-1.5
-0.6-0.6
-1.6-1.6
-1.4-1.4
-4.5-4.5
-1.8-1.8
-1.9-1.9
-5.3-5.3
-1.1-1.1
-0.5-0.5
-0.7-0.7
-0.9-0.9
-2.8-2.8
Итого по ФСК ЕЭС
АО "Тываэнерго"
АО «ВМЭС»
АО «Воронежская горэлектросеть»
АО «Тульские городские электрические сети»
АО «Чеченэнерго»
АО «Ярославская электросетевая компания»
АО ЕЭСК
Алтайэнерго
Архангельский филиал
Астраханьэнерго
Белгородэнерго
Брянскэнерго
Бурятэнерго
Владимирэнерго
Волгоградэнерго
Вологодский филиал
Воронежэнерго
Дагэнерго
Ивэнерго
Ингушэнерго
-24
24

Статус данных
Просьба обратить внимание
— все данные не занесены
Факт
План
Итого – Факт
Отпуск в сеть 126 427 751
Отпуск из сети 116 275 127
Потери 10 152 624
Итого – План
Отпуск в сеть 195 873 599
Отпуск из сети 184 656 820
Потери 11 216 779
Выполнение бизнес-плана в части показателя «Уровень потерь электроэнергии»
Показатели баланса электроэнергии по ДЗО – Факт 
110 269 467 4 949 974 19 320 144 6 258 254 916 358 13 172 022 3 467 484 901 140
106 042 826 4 641 851 17 593 829 5 931 711 819 733 12 337 301 3 141 633 821 181
4 226 641 308 123 1 726 314 326 542 96 625 834 722 325 852 79 959
Показатели баланса электроэнергии по ДЗО – План
112 774 173 5 172 896 20 226 117 6 540 566 962 437 13 672 013 3 760 351 908 608
108 600 475 4 799 582 18 287 074 6 100 575 858 729 12 731 776 3 352 866 814 188
4 173 698 373 314 1 939 043 439 991 103 708 940 237 407 485 94 420'

31-03-2025T10:20:40 - [MESSAGE][PASSED] - Text of object 'Object Repository/Страница авторизации/Text' is: 'ДЗО 
ПАО Россети
Период
Январь, Февраль 2025 года
Отклонения фактического уровня потерь от бизнес-плана, п.п.
0.14
-0.99
-0.65
-1.51
-0.23
-0.38
-0.54
-1.82
-1.45
-1.44
-1.52
Россети ФСК ЕЭС
Россети Волга
Россети Московскийрегион
Россети Северо-Запад
Россети Томск
Россети Тюмень
Россети Урал (ГК)
Россети Центр (ГК)
Россети Центр иПриволжье (ГК)
Россети Юг (ГК)
Россети Янтарь
-4
-2
0
2
4
6
8

Уровень потерь электроэнергии
Россети ФСК ЕЭС
Россети Волга
Россети Московский регион
Россети Северо-Запад
Россети Томск
Россети Урал (ГК)
Россети Юг (ГК)
Россети Янтарь
0
10
20
30
40
50
60
70
3.84
7.22
|
9.59
|
6.73
|
10.78
|
6.88
|
10.84
|
10.39
|
3.99
|
6.22
8.94
5.22
10.54
6.34
9.40
8.87
п.п.
2.30
Итого
0
1
2
3
%
5.73 5.73
8.03 8.03
План
Факт
1
100

● Бизнес-план выполнен● ●● Превышение бизнес-плана
Отклонения фактического уровня потерь от бизнес-плана за 3 месяца (нарастающим итогом), п.п.
-0.2-0.2
-8.4-8.4
2.92.9
-0.4-0.4
-0.5-0.5
-0.0-0.0
0.20.2
3.83.8
-0.3-0.3
-7.9-7.9
-0.0-0.0
0.20.2
-0.2-0.2
-0.5-0.5
-0.2-0.2
-0.3-0.3
-0.1-0.1
-0.0-0.0
-1.0-1.0
-0.4-0.4
-2.5-2.5
-0.3-0.3
-0.2-0.2
-0.3-0.3
-2.6-2.6
-1.9-1.9
-1.4-1.4
-2.4-2.4
0.10.1
-1.0-1.0
-0.7-0.7
-1.5-1.5
-0.2-0.2
-0.4-0.4
-0.5-0.5
-1.8-1.8
-1.5-1.5
-1.4-1.4
-1.5-1.5
Россети ФСКЕЭС
АО«Тываэнерго»
АО«Чеченэнерго»
Россети Волга
РоссетиКубань
РоссетиЛенэнерго(ГК)
РоссетиМосковскийрегион
РоссетиСеверныйКавказ (ГК)
Россети Северо-Запад
Россети Сибирь(ГК)
Россети Томск
Россети Тюмень
Россети Урал(ГК)
Россети Центр
Россети Центри Приволжье(ГК)
Россети Юг (Г…
РоссетиЯнтарь
-10
0
10
п.п.
Отклонения фактического уровня потерь от бизнес-плана за 3 месяца (нарастающим итогом)
-0.2-0.2
-8.4-8.4
-0.4-0.4
-0.0-0.0
-0.1-0.1
5.25.2
-1.3-1.3
-0.4-0.4
-8.1-8.1
-0.1-0.1
0.10.1
-0.4-0.4
-0.1-0.1
-6.9-6.9
-0.3-0.3
-0.8-0.8
-0.8-0.8
-0.4-0.4
8.38.3
0.50.5
12.512.5
-3.4-3.4
-2.5-2.5
-6.0-6.0
-1.5-1.5
-0.6-0.6
-1.6-1.6
-1.4-1.4
-4.5-4.5
-1.8-1.8
-1.9-1.9
-5.3-5.3
-1.1-1.1
-0.5-0.5
-0.7-0.7
-0.9-0.9
-2.8-2.8
Итого по ФСК ЕЭС
АО "Тываэнерго"
АО «ВМЭС»
АО «Воронежская горэлектросеть»
АО «Тульские городские электрические сети»
АО «Чеченэнерго»
АО «Ярославская электросетевая компания»
АО ЕЭСК
Алтайэнерго
Архангельский филиал
Астраханьэнерго
Белгородэнерго
Брянскэнерго
Бурятэнерго
Владимирэнерго
Волгоградэнерго
Вологодский филиал
Воронежэнерго
Дагэнерго
Ивэнерго
Ингушэнерго
-24
24

Статус данных
Просьба обратить внимание
— все данные не занесены
Факт
План
Итого – Факт
Отпуск в сеть 126 427 751
Отпуск из сети 116 275 127
Потери 10 152 624
Итого – План
Отпуск в сеть 195 873 599
Отпуск из сети 184 656 820
Потери 11 216 779
Выполнение бизнес-плана в части показателя «Уровень потерь электроэнергии»
Показатели баланса электроэнергии по ДЗО – Факт 
110 269 467 4 949 974 19 320 144 6 258 254 916 358 13 172 022 3 467 484 901 140
106 042 826 4 641 851 17 593 829 5 931 711 819 733 12 337 301 3 141 633 821 181
4 226 641 308 123 1 726 314 326 542 96 625 834 722 325 852 79 959
Показатели баланса электроэнергии по ДЗО – План
112 774 173 5 172 896 20 226 117 6 540 566 962 437 13 672 013 3 760 351 908 608
108 600 475 4 799 582 18 287 074 6 100 575 858 729 12 731 776 3 352 866 814 188
4 173 698 373 314 1 939 043 439 991 103 708 940 237 407 485 94 420'

31-03-2025T10:20:40 - [TEST_STEP][PASSED] - if (urlText.contains("ошибка") || urlText.contains(searchWord) == false): null

31-03-2025T10:20:40 - [TEST_STEP][PASSED] - Script1719299571342.ZakrytOpoveshenie(): null

31-03-2025T10:20:40 - [TEST_STEP][PASSED] - opoveshenie = getText(findTestObject("Выполнение бизнес-плана/Просьба обратить внимание")): Text of object 'Object Repository/Выполнение бизнес-плана/Просьба обратить внимание' is: 'Просьба обратить внимание'

31-03-2025T10:20:40 - [MESSAGE][PASSED] - Text of object 'Object Repository/Выполнение бизнес-плана/Просьба обратить внимание' is: 'Просьба обратить внимание'

31-03-2025T10:20:40 - [TEST_STEP][PASSED] - if (opoveshenie == "Просьба обратить внимание"): Object: 'Object Repository/Выполнение бизнес-плана/Закрыть оповещение' is clicked on

31-03-2025T10:20:40 - [TEST_STEP][PASSED] - click(findTestObject("Выполнение бизнес-плана/Закрыть оповещение")): Object: 'Object Repository/Выполнение бизнес-плана/Закрыть оповещение' is clicked on

31-03-2025T10:20:41 - [MESSAGE][PASSED] - Object: 'Object Repository/Выполнение бизнес-плана/Закрыть оповещение' is clicked on

31-03-2025T10:20:41 - [TEST_STEP][PASSED] - click(findTestObject(path + "Фильтр Дата")): Object: 'Object Repository/Выполнение бизнес-плана/Фильтр Дата' is clicked on

31-03-2025T10:20:41 - [MESSAGE][PASSED] - Object: 'Object Repository/Выполнение бизнес-плана/Фильтр Дата' is clicked on

31-03-2025T10:20:41 - [TEST_STEP][PASSED] - click(findTestObject(path + "Снять выделение в фильтре Дата")): Object: 'Object Repository/Выполнение бизнес-плана/Снять выделение в фильтре Дата' is clicked on

31-03-2025T10:20:42 - [MESSAGE][PASSED] - Object: 'Object Repository/Выполнение бизнес-плана/Снять выделение в фильтре Дата' is clicked on

31-03-2025T10:20:42 - [TEST_STEP][PASSED] - click(findTestObject(path + "Применить в фильтре Дата")): Object: 'Object Repository/Выполнение бизнес-плана/Применить в фильтре Дата' is clicked on

31-03-2025T10:20:42 - [MESSAGE][PASSED] - Object: 'Object Repository/Выполнение бизнес-плана/Применить в фильтре Дата' is clicked on

31-03-2025T10:20:42 - [TEST_STEP][PASSED] - delay(50): Delayed 50 second(s)

31-03-2025T10:21:32 - [MESSAGE][PASSED] - Delayed 50 second(s)

31-03-2025T10:21:32 - [TEST_STEP][PASSED] - Script1719299571342.ZakrytOpoveshenie(): null

31-03-2025T10:21:32 - [TEST_STEP][PASSED] - opoveshenie = getText(findTestObject("Выполнение бизнес-плана/Просьба обратить внимание")): Text of object 'Object Repository/Выполнение бизнес-плана/Просьба обратить внимание' is: 'Просьба обратить внимание'

31-03-2025T10:21:33 - [MESSAGE][PASSED] - Text of object 'Object Repository/Выполнение бизнес-плана/Просьба обратить внимание' is: 'Просьба обратить внимание'

31-03-2025T10:21:33 - [TEST_STEP][PASSED] - if (opoveshenie == "Просьба обратить внимание"): Object: 'Object Repository/Выполнение бизнес-плана/Закрыть оповещение' is clicked on

31-03-2025T10:21:33 - [TEST_STEP][PASSED] - click(findTestObject("Выполнение бизнес-плана/Закрыть оповещение")): Object: 'Object Repository/Выполнение бизнес-плана/Закрыть оповещение' is clicked on

31-03-2025T10:21:33 - [MESSAGE][PASSED] - Object: 'Object Repository/Выполнение бизнес-плана/Закрыть оповещение' is clicked on

31-03-2025T10:21:33 - [TEST_STEP][PASSED] - click(findTestObject(path + "Фильтр Дата")): Object: 'Object Repository/Выполнение бизнес-плана/Фильтр Дата' is clicked on

31-03-2025T10:21:33 - [MESSAGE][PASSED] - Object: 'Object Repository/Выполнение бизнес-плана/Фильтр Дата' is clicked on

31-03-2025T10:21:33 - [TEST_STEP][PASSED] - scrollToElement(findTestObject(path + "2025 список"), 30): Scroll to object 'Object Repository/Выполнение бизнес-плана/2025 список' successfully

31-03-2025T10:21:34 - [MESSAGE][PASSED] - Scroll to object 'Object Repository/Выполнение бизнес-плана/2025 список' successfully

31-03-2025T10:21:34 - [TEST_STEP][PASSED] - click(findTestObject(path + "2025 список")): Object: 'Object Repository/Выполнение бизнес-плана/2025 список' is clicked on

31-03-2025T10:21:34 - [MESSAGE][PASSED] - Object: 'Object Repository/Выполнение бизнес-плана/2025 список' is clicked on

31-03-2025T10:21:34 - [TEST_STEP][PASSED] - scrollToElement(findTestObject(path + "1 квартал 2025 список"), 30): Scroll to object 'Object Repository/Выполнение бизнес-плана/1 квартал 2025 список' successfully

31-03-2025T10:21:35 - [MESSAGE][PASSED] - Scroll to object 'Object Repository/Выполнение бизнес-плана/1 квартал 2025 список' successfully

31-03-2025T10:21:35 - [TEST_STEP][PASSED] - click(findTestObject(path + "1 квартал 2025 список")): Object: 'Object Repository/Выполнение бизнес-плана/1 квартал 2025 список' is clicked on

31-03-2025T10:21:35 - [MESSAGE][PASSED] - Object: 'Object Repository/Выполнение бизнес-плана/1 квартал 2025 список' is clicked on

31-03-2025T10:21:35 - [TEST_STEP][PASSED] - scrollToElement(findTestObject(path + "Январь 2025"), 30): Scroll to object 'Object Repository/Выполнение бизнес-плана/Январь 2025' successfully

31-03-2025T10:21:35 - [MESSAGE][PASSED] - Scroll to object 'Object Repository/Выполнение бизнес-плана/Январь 2025' successfully

31-03-2025T10:21:35 - [TEST_STEP][PASSED] - click(findTestObject(path + "Январь 2025")): Object: 'Object Repository/Выполнение бизнес-плана/Январь 2025' is clicked on

31-03-2025T10:21:36 - [MESSAGE][PASSED] - Object: 'Object Repository/Выполнение бизнес-плана/Январь 2025' is clicked on

31-03-2025T10:21:36 - [TEST_STEP][PASSED] - scrollToElement(findTestObject(path + "Февраль 2025"), 30): Scroll to object 'Object Repository/Выполнение бизнес-плана/Февраль 2025' successfully

31-03-2025T10:21:36 - [MESSAGE][PASSED] - Scroll to object 'Object Repository/Выполнение бизнес-плана/Февраль 2025' successfully

31-03-2025T10:21:36 - [TEST_STEP][PASSED] - click(findTestObject(path + "Февраль 2025")): Object: 'Object Repository/Выполнение бизнес-плана/Февраль 2025' is clicked on

31-03-2025T10:21:37 - [MESSAGE][PASSED] - Object: 'Object Repository/Выполнение бизнес-плана/Февраль 2025' is clicked on

31-03-2025T10:21:37 - [TEST_STEP][PASSED] - scrollToElement(findTestObject(path + "Заголовок дашборда"), 30): Scroll to object 'Object Repository/Выполнение бизнес-плана/Заголовок дашборда' successfully

31-03-2025T10:21:37 - [MESSAGE][PASSED] - Scroll to object 'Object Repository/Выполнение бизнес-плана/Заголовок дашборда' successfully

31-03-2025T10:21:37 - [TEST_STEP][PASSED] - click(findTestObject(path + "Применить в фильтре Дата")): Object: 'Object Repository/Выполнение бизнес-плана/Применить в фильтре Дата' is clicked on

31-03-2025T10:21:38 - [MESSAGE][PASSED] - Object: 'Object Repository/Выполнение бизнес-плана/Применить в фильтре Дата' is clicked on

31-03-2025T10:21:38 - [TEST_STEP][PASSED] - delay(30): Delayed 30 second(s)

31-03-2025T10:22:08 - [MESSAGE][PASSED] - Delayed 30 second(s)

31-03-2025T10:22:08 - [TEST_STEP][PASSED] - Script1719299571342.ZakrytOpoveshenie(): null

31-03-2025T10:22:08 - [TEST_STEP][PASSED] - opoveshenie = getText(findTestObject("Выполнение бизнес-плана/Просьба обратить внимание")): Text of object 'Object Repository/Выполнение бизнес-плана/Просьба обратить внимание' is: 'Просьба обратить внимание'

31-03-2025T10:22:08 - [MESSAGE][PASSED] - Text of object 'Object Repository/Выполнение бизнес-плана/Просьба обратить внимание' is: 'Просьба обратить внимание'

31-03-2025T10:22:08 - [TEST_STEP][PASSED] - if (opoveshenie == "Просьба обратить внимание"): Object: 'Object Repository/Выполнение бизнес-плана/Закрыть оповещение' is clicked on

31-03-2025T10:22:08 - [TEST_STEP][PASSED] - click(findTestObject("Выполнение бизнес-плана/Закрыть оповещение")): Object: 'Object Repository/Выполнение бизнес-плана/Закрыть оповещение' is clicked on

31-03-2025T10:22:09 - [MESSAGE][PASSED] - Object: 'Object Repository/Выполнение бизнес-плана/Закрыть оповещение' is clicked on

31-03-2025T10:22:09 - [TEST_STEP][PASSED] - click(findTestObject(path + "Фильтр ДЗО")): Object: 'Object Repository/Выполнение бизнес-плана/Фильтр ДЗО' is clicked on

31-03-2025T10:22:09 - [MESSAGE][PASSED] - Object: 'Object Repository/Выполнение бизнес-плана/Фильтр ДЗО' is clicked on

31-03-2025T10:22:09 - [TEST_STEP][PASSED] - click(findTestObject(path + "Снять выделение в фильтре ДЗО")): Object: 'Object Repository/Выполнение бизнес-плана/Снять выделение в фильтре ДЗО' is clicked on

31-03-2025T10:22:10 - [MESSAGE][PASSED] - Object: 'Object Repository/Выполнение бизнес-плана/Снять выделение в фильтре ДЗО' is clicked on

31-03-2025T10:22:10 - [TEST_STEP][PASSED] - click(findTestObject(path + "ПАО Россети")): Object: 'Object Repository/Выполнение бизнес-плана/ПАО Россети' is clicked on

31-03-2025T10:22:10 - [MESSAGE][PASSED] - Object: 'Object Repository/Выполнение бизнес-плана/ПАО Россети' is clicked on

31-03-2025T10:22:10 - [TEST_STEP][PASSED] - click(findTestObject(path + "Применить в фильтре ДЗО")): Object: 'Object Repository/Выполнение бизнес-плана/Применить в фильтре ДЗО' is clicked on

31-03-2025T10:22:11 - [MESSAGE][PASSED] - Object: 'Object Repository/Выполнение бизнес-плана/Применить в фильтре ДЗО' is clicked on

31-03-2025T10:22:11 - [TEST_STEP][PASSED] - delay(30): Delayed 30 second(s)

31-03-2025T10:22:41 - [MESSAGE][PASSED] - Delayed 30 second(s)

31-03-2025T10:22:41 - [TEST_STEP][PASSED] - VseDZO = getText(findTestObject(path + "Список ДЗО")): Text of object 'Object Repository/Выполнение бизнес-плана/Список ДЗО' is: '0.14
-0.99
-0.65
-1.51
-0.23
-0.38
-0.54
-1.82
-1.45
-1.44
-1.52
Россети ФСК ЕЭС
Россети Волга
Россети Московскийрегион
Россети Северо-Запад
Россети Томск
Россети Тюмень
Россети Урал (ГК)
Россети Центр (ГК)
Россети Центр иПриволжье (ГК)
Россети Юг (ГК)
Россети Янтарь
-4
-2
0
2
4
6
8'

31-03-2025T10:22:41 - [MESSAGE][PASSED] - Text of object 'Object Repository/Выполнение бизнес-плана/Список ДЗО' is: '0.14
-0.99
-0.65
-1.51
-0.23
-0.38
-0.54
-1.82
-1.45
-1.44
-1.52
Россети ФСК ЕЭС
Россети Волга
Россети Московскийрегион
Россети Северо-Запад
Россети Томск
Россети Тюмень
Россети Урал (ГК)
Россети Центр (ГК)
Россети Центр иПриволжье (ГК)
Россети Юг (ГК)
Россети Янтарь
-4
-2
0
2
4
6
8'

31-03-2025T10:22:41 - [TEST_STEP][PASSED] - pRR = GetAllPAOData(path, dZONum, VseDZO, z = "ПАО Россети/"): null

31-03-2025T10:22:41 - [TEST_STEP][PASSED] - path2 = "Значения со страницы Выполнение бизнес-плана/Table Data/": null

31-03-2025T10:22:41 - [TEST_STEP][PASSED] - ii = <not implemented yet for class: org.codehaus.groovy.ast.expr.EmptyExpression>: null

31-03-2025T10:22:41 - [TEST_STEP][PASSED] - i1 = <not implemented yet for class: org.codehaus.groovy.ast.expr.EmptyExpression>: null

31-03-2025T10:22:41 - [TEST_STEP][PASSED] - z = <not implemented yet for class: org.codehaus.groovy.ast.expr.EmptyExpression>: null

31-03-2025T10:22:41 - [TEST_STEP][PASSED] - z1 = <not implemented yet for class: org.codehaus.groovy.ast.expr.EmptyExpression>: null

31-03-2025T10:22:41 - [TEST_STEP][PASSED] - println("path: " + path): null

31-03-2025T10:22:41 - [TEST_STEP][PASSED] - z = getText(findTestObject(path + "Итого")).replaceAll("[\r?
|
]", "/"): Text of object 'Object Repository/Выполнение бизнес-плана/Итого' is: '%
5.73 5.73
8.03 8.03
План
Факт
1
100'

31-03-2025T10:22:42 - [MESSAGE][PASSED] - Text of object 'Object Repository/Выполнение бизнес-плана/Итого' is: '%
5.73 5.73
8.03 8.03
План
Факт
1
100'

31-03-2025T10:22:42 - [TEST_STEP][PASSED] - ii = z.indexOf("%") + 2: null

31-03-2025T10:22:42 - [TEST_STEP][PASSED] - if (ii > -1): null

31-03-2025T10:22:42 - [TEST_STEP][PASSED] - z = z.substring(ii, z.length()): null

31-03-2025T10:22:42 - [TEST_STEP][PASSED] - println(z): null

31-03-2025T10:22:42 - [TEST_STEP][PASSED] - ii = z.indexOf("/1/100") - 1: null

31-03-2025T10:22:42 - [TEST_STEP][PASSED] - if (ii > -1): null

31-03-2025T10:22:42 - [TEST_STEP][PASSED] - z = z.substring(0, ii): null

31-03-2025T10:22:42 - [TEST_STEP][PASSED] - println(z): null

31-03-2025T10:22:42 - [TEST_STEP][PASSED] - ii = z.indexOf("План"): null

31-03-2025T10:22:42 - [TEST_STEP][PASSED] - if (ii > -1): null

31-03-2025T10:22:42 - [TEST_STEP][PASSED] - z = z.substring(0, ii): null

31-03-2025T10:22:42 - [TEST_STEP][PASSED] - println(z): null

31-03-2025T10:22:42 - [TEST_STEP][PASSED] - ii = z.indexOf("/") + 1: null

31-03-2025T10:22:42 - [TEST_STEP][PASSED] - z1 = z.substring(0, ii): null

31-03-2025T10:22:42 - [TEST_STEP][PASSED] - println(z1): null

31-03-2025T10:22:42 - [TEST_STEP][PASSED] - z = z.substring(ii, z.length()): null

31-03-2025T10:22:42 - [TEST_STEP][PASSED] - println(z): null

31-03-2025T10:22:42 - [TEST_STEP][PASSED] - ii = z1.length() / 2: null

31-03-2025T10:22:42 - [TEST_STEP][PASSED] - z1 = replaceAll("[\r?
|
]", "/").trim(): null

31-03-2025T10:22:42 - [TEST_STEP][PASSED] - println(z1): null

31-03-2025T10:22:42 - [TEST_STEP][PASSED] - ii = z.length() / 2: null

31-03-2025T10:22:42 - [TEST_STEP][PASSED] - z = replace("/", "").trim(): null

31-03-2025T10:22:42 - [TEST_STEP][PASSED] - println(z): null

31-03-2025T10:22:42 - [TEST_STEP][PASSED] - x = x + z1 + "/" + z: null

31-03-2025T10:22:42 - [TEST_STEP][PASSED] - println(x): null

31-03-2025T10:22:42 - [TEST_STEP][PASSED] - if (verifyElementPresent(findTestObject(path + "Таблица Итого-Факт"), 30)): null

31-03-2025T10:22:42 - [MESSAGE][PASSED] - Object 'Object Repository/Выполнение бизнес-плана/Таблица Итого-Факт' is present

31-03-2025T10:22:42 - [TEST_STEP][PASSED] - z = replaceAll("\s+", "").replaceAll("[а-яА-Я]", ""): Text of object 'Object Repository/Выполнение бизнес-плана/Таблица Итого-Факт' is: 'Отпуск в сеть 126 427 751
Отпуск из сети 116 275 127
Потери 10 152 624'

31-03-2025T10:22:42 - [MESSAGE][PASSED] - Text of object 'Object Repository/Выполнение бизнес-плана/Таблица Итого-Факт' is: 'Отпуск в сеть 126 427 751
Отпуск из сети 116 275 127
Потери 10 152 624'

31-03-2025T10:22:42 - [TEST_STEP][PASSED] - println(z): null

31-03-2025T10:22:42 - [TEST_STEP][PASSED] - x = x + "/" + z: null

31-03-2025T10:22:42 - [TEST_STEP][PASSED] - println(x): null

31-03-2025T10:22:42 - [TEST_STEP][PASSED] - click(findTestObject(path + "Кнопка План")): Object: 'Object Repository/Выполнение бизнес-плана/Кнопка План' is clicked on

31-03-2025T10:22:43 - [MESSAGE][PASSED] - Object: 'Object Repository/Выполнение бизнес-плана/Кнопка План' is clicked on

31-03-2025T10:22:43 - [TEST_STEP][PASSED] - z = replaceAll("\s+", "").replaceAll("[а-яА-Я]", ""): Text of object 'Object Repository/Выполнение бизнес-плана/Таблица Итого-План' is: 'Отпуск в сеть 195 873 599
Отпуск из сети 184 656 820
Потери 11 216 779'

31-03-2025T10:22:43 - [MESSAGE][PASSED] - Text of object 'Object Repository/Выполнение бизнес-плана/Таблица Итого-План' is: 'Отпуск в сеть 195 873 599
Отпуск из сети 184 656 820
Потери 11 216 779'

31-03-2025T10:22:43 - [TEST_STEP][PASSED] - x = x + "/" + z: null

31-03-2025T10:22:43 - [TEST_STEP][PASSED] - println(x): null

31-03-2025T10:22:43 - [TEST_STEP][PASSED] - click(findTestObject(path + "Кнопка Факт")): Object: 'Object Repository/Выполнение бизнес-плана/Кнопка Факт' is clicked on

31-03-2025T10:22:43 - [MESSAGE][PASSED] - Object: 'Object Repository/Выполнение бизнес-плана/Кнопка Факт' is clicked on

31-03-2025T10:22:43 - [TEST_STEP][PASSED] - return x: null

31-03-2025T10:22:43 - [TEST_STEP][PASSED] - println("pRR: " + pRR): null

31-03-2025T10:22:43 - [TEST_STEP][PASSED] - i = VseDZO.indexOf("ЕЭС"): null

31-03-2025T10:22:43 - [TEST_STEP][PASSED] - if (i > -1): null

31-03-2025T10:22:43 - [TEST_STEP][PASSED] - dZONum = dZONum + 1: null

31-03-2025T10:22:43 - [TEST_STEP][PASSED] - fR = GetAllData(path, dZONum, VseDZO, x = "Россети ФСК ЕЭС/"): null

31-03-2025T10:22:43 - [TEST_STEP][PASSED] - ii = <not implemented yet for class: org.codehaus.groovy.ast.expr.EmptyExpression>: null

31-03-2025T10:22:43 - [TEST_STEP][PASSED] - i1 = <not implemented yet for class: org.codehaus.groovy.ast.expr.EmptyExpression>: null

31-03-2025T10:22:43 - [TEST_STEP][PASSED] - z = <not implemented yet for class: org.codehaus.groovy.ast.expr.EmptyExpression>: null

31-03-2025T10:22:43 - [TEST_STEP][PASSED] - path2 = "Значения со страницы Выполнение бизнес-плана/Table Data/": null

31-03-2025T10:22:43 - [TEST_STEP][PASSED] - println("path: " + path): null

31-03-2025T10:22:43 - [TEST_STEP][PASSED] - println("dZONum: " + dZONum): null

31-03-2025T10:22:43 - [TEST_STEP][PASSED] - z = getText(findTestObject(path + "spanPlan" + dZONum)): Text of object 'Object Repository/Выполнение бизнес-плана/spanPlan1' is: '3.84'

31-03-2025T10:22:44 - [MESSAGE][PASSED] - Text of object 'Object Repository/Выполнение бизнес-плана/spanPlan1' is: '3.84'

31-03-2025T10:22:44 - [TEST_STEP][PASSED] - println(z): null

31-03-2025T10:22:44 - [TEST_STEP][PASSED] - ii = z.indexOf("|"): null

31-03-2025T10:22:44 - [TEST_STEP][PASSED] - if (ii > -1): null

31-03-2025T10:22:44 - [TEST_STEP][PASSED] - z = z.replaceAll("\s+", ""): null

31-03-2025T10:22:44 - [TEST_STEP][PASSED] - z = z.replace("[\r?
|
]", "/"): null

31-03-2025T10:22:44 - [TEST_STEP][PASSED] - println(z): null

31-03-2025T10:22:44 - [TEST_STEP][PASSED] - x = x + z: null

31-03-2025T10:22:44 - [TEST_STEP][PASSED] - z = getText(findTestObject(path + "spanFact" + dZONum)): Text of object 'Object Repository/Выполнение бизнес-плана/spanFact1' is: '3.99
|'

31-03-2025T10:22:44 - [MESSAGE][PASSED] - Text of object 'Object Repository/Выполнение бизнес-плана/spanFact1' is: '3.99
|'

31-03-2025T10:22:44 - [TEST_STEP][PASSED] - ii = z.indexOf("|"): null

31-03-2025T10:22:44 - [TEST_STEP][PASSED] - if (ii > -1): null

31-03-2025T10:22:44 - [TEST_STEP][PASSED] - z = length() - 1).replace("[\r?
|
]", "/"): null

31-03-2025T10:22:44 - [TEST_STEP][PASSED] - x = x + "/" + z: null

31-03-2025T10:22:44 - [TEST_STEP][PASSED] - z = getText(findTestObject(path + path2 + "Факт Отпуск в сеть за отчётный период " + dZONum)).replaceAll("\s+", ""): Text of object 'Object Repository/Выполнение бизнес-плана/Значения со страницы Выполнение бизнес-плана/Table Data/Факт Отпуск в сеть за отчётный период 1' is: '110 269 467'

31-03-2025T10:22:44 - [MESSAGE][PASSED] - Text of object 'Object Repository/Выполнение бизнес-плана/Значения со страницы Выполнение бизнес-плана/Table Data/Факт Отпуск в сеть за отчётный период 1' is: '110 269 467'

31-03-2025T10:22:44 - [TEST_STEP][PASSED] - println("z=" + z): null

31-03-2025T10:22:44 - [TEST_STEP][PASSED] - x = x + "/" + z: null

31-03-2025T10:22:44 - [TEST_STEP][PASSED] - z = getText(findTestObject(path + path2 + "Факт Отпуск из сети за отчётный период " + dZONum)).replaceAll("\s+", ""): Text of object 'Object Repository/Выполнение бизнес-плана/Значения со страницы Выполнение бизнес-плана/Table Data/Факт Отпуск из сети за отчётный период 1' is: '308 123'

31-03-2025T10:22:44 - [MESSAGE][PASSED] - Text of object 'Object Repository/Выполнение бизнес-плана/Значения со страницы Выполнение бизнес-плана/Table Data/Факт Отпуск из сети за отчётный период 1' is: '308 123'

31-03-2025T10:22:44 - [TEST_STEP][PASSED] - x = x + "/" + z: null

31-03-2025T10:22:44 - [TEST_STEP][PASSED] - z = getText(findTestObject(path + path2 + "Факт Потери за отчётный период " + dZONum)).replaceAll("\s+", ""): Text of object 'Object Repository/Выполнение бизнес-плана/Значения со страницы Выполнение бизнес-плана/Table Data/Факт Потери за отчётный период 1' is: '18 287 074'

31-03-2025T10:22:45 - [MESSAGE][PASSED] - Text of object 'Object Repository/Выполнение бизнес-плана/Значения со страницы Выполнение бизнес-плана/Table Data/Факт Потери за отчётный период 1' is: '18 287 074'

31-03-2025T10:22:45 - [TEST_STEP][PASSED] - x = x + "/" + z: null

31-03-2025T10:22:45 - [TEST_STEP][PASSED] - z = getText(findTestObject(path + path2 + "План Отпуск в сеть за отчётный период " + dZONum)).replaceAll("\s+", ""): Text of object 'Object Repository/Выполнение бизнес-плана/Значения со страницы Выполнение бизнес-плана/Table Data/План Отпуск в сеть за отчётный период 1' is: '112 774 173'

31-03-2025T10:22:45 - [MESSAGE][PASSED] - Text of object 'Object Repository/Выполнение бизнес-плана/Значения со страницы Выполнение бизнес-плана/Table Data/План Отпуск в сеть за отчётный период 1' is: '112 774 173'

31-03-2025T10:22:45 - [TEST_STEP][PASSED] - x = x + "/" + z: null

31-03-2025T10:22:45 - [TEST_STEP][PASSED] - z = getText(findTestObject(path + path2 + "План Отпуск из сети за отчётный период " + dZONum)).replaceAll("\s+", ""): Text of object 'Object Repository/Выполнение бизнес-плана/Значения со страницы Выполнение бизнес-плана/Table Data/План Отпуск из сети за отчётный период 1' is: '373 314'

31-03-2025T10:22:45 - [MESSAGE][PASSED] - Text of object 'Object Repository/Выполнение бизнес-плана/Значения со страницы Выполнение бизнес-плана/Table Data/План Отпуск из сети за отчётный период 1' is: '373 314'

31-03-2025T10:22:45 - [TEST_STEP][PASSED] - x = x + "/" + z: null

31-03-2025T10:22:45 - [TEST_STEP][ERROR] - z = getText(findTestObject(path + path2 + "План Потери за отчётный период " + dZONum)).replaceAll("\s+", ""): Test Cases/Сверки дашбордов/Выполнение бизнес-плана сверка дашбордов FAILED.
Reason:
java.lang.NullPointerException: Cannot invoke method replaceAll() on null object
	at Выполнение бизнес-плана сверка дашбордов.GetAllData(Выполнение бизнес-плана сверка дашбордов:985)
	at Выполнение бизнес-плана сверка дашбордов.run(Выполнение бизнес-плана сверка дашбордов:156)
	at com.kms.katalon.core.main.ScriptEngine.run(ScriptEngine.java:194)
	at com.kms.katalon.core.main.ScriptEngine.runScriptAsRawText(ScriptEngine.java:119)
	at com.kms.katalon.core.main.TestCaseExecutor.runScript(TestCaseExecutor.java:448)
	at com.kms.katalon.core.main.TestCaseExecutor.doExecute(TestCaseExecutor.java:439)
	at com.kms.katalon.core.main.TestCaseExecutor.processExecutionPhase(TestCaseExecutor.java:418)
	at com.kms.katalon.core.main.TestCaseExecutor.accessMainPhase(TestCaseExecutor.java:410)
	at com.kms.katalon.core.main.TestCaseExecutor.execute(TestCaseExecutor.java:285)
	at com.kms.katalon.core.common.CommonExecutor.accessTestCaseMainPhase(CommonExecutor.java:65)
	at com.kms.katalon.core.main.TestSuiteExecutor.accessTestSuiteMainPhase(TestSuiteExecutor.java:150)
	at com.kms.katalon.core.main.TestSuiteExecutor.execute(TestSuiteExecutor.java:106)
	at com.kms.katalon.core.main.TestCaseMain.startTestSuite(TestCaseMain.java:180)
	at TempTestSuite1743404878601.run(TempTestSuite1743404878601.groovy:35)
	at java.base/jdk.internal.reflect.NativeMethodAccessorImpl.invoke0(Native Method)
	at java.base/jdk.internal.reflect.NativeMethodAccessorImpl.invoke(NativeMethodAccessorImpl.java:77)
	at java.base/jdk.internal.reflect.DelegatingMethodAccessorImpl.invoke(DelegatingMethodAccessorImpl.java:43)


31-03-2025T10:23:17 - [MESSAGE][INFO] - Unable to find the element located by 'By.xpath: (.//*[normalize-space(text()) and normalize-space(.)='Показатели баланса электроэнергии по ДЗО – План'])[2]/following::td[35]'. Please recheck the objects properties to make sure the desired element is located. 

31-03-2025T10:23:17 - [MESSAGE][FAILED] - Unable to get text of object 'Object Repository/Выполнение бизнес-плана/Значения со страницы Выполнение бизнес-плана/Table Data/План Потери за отчётный период 1' (Root cause: com.kms.katalon.core.exception.StepFailedException: Unable to get text of object 'Object Repository/Выполнение бизнес-плана/Значения со страницы Выполнение бизнес-плана/Table Data/План Потери за отчётный период 1'
	at com.kms.katalon.core.webui.keyword.internal.WebUIKeywordMain.stepFailed(WebUIKeywordMain.groovy:64)
	at com.kms.katalon.core.webui.keyword.internal.WebUIKeywordMain.runKeyword(WebUIKeywordMain.groovy:26)
	at com.kms.katalon.core.webui.keyword.builtin.GetTextKeyword.getText(GetTextKeyword.groovy:88)
	at com.kms.katalon.core.webui.keyword.builtin.GetTextKeyword.execute(GetTextKeyword.groovy:67)
	at com.kms.katalon.core.keyword.internal.KeywordExecutor.executeKeywordForPlatform(KeywordExecutor.groovy:74)
	at com.kms.katalon.core.webui.keyword.WebUiBuiltInKeywords.getText(WebUiBuiltInKeywords.groovy:957)
	at Выполнение бизнес-плана сверка дашбордов.GetAllData(Выполнение бизнес-плана сверка дашбордов:985)
	at Выполнение бизнес-плана сверка дашбордов.run(Выполнение бизнес-плана сверка дашбордов:156)
	at com.kms.katalon.core.main.ScriptEngine.run(ScriptEngine.java:194)
	at com.kms.katalon.core.main.ScriptEngine.runScriptAsRawText(ScriptEngine.java:119)
	at com.kms.katalon.core.main.TestCaseExecutor.runScript(TestCaseExecutor.java:448)
	at com.kms.katalon.core.main.TestCaseExecutor.doExecute(TestCaseExecutor.java:439)
	at com.kms.katalon.core.main.TestCaseExecutor.processExecutionPhase(TestCaseExecutor.java:418)
	at com.kms.katalon.core.main.TestCaseExecutor.accessMainPhase(TestCaseExecutor.java:410)
	at com.kms.katalon.core.main.TestCaseExecutor.execute(TestCaseExecutor.java:285)
	at com.kms.katalon.core.common.CommonExecutor.accessTestCaseMainPhase(CommonExecutor.java:65)
	at com.kms.katalon.core.main.TestSuiteExecutor.accessTestSuiteMainPhase(TestSuiteExecutor.java:150)
	at com.kms.katalon.core.main.TestSuiteExecutor.execute(TestSuiteExecutor.java:106)
	at com.kms.katalon.core.main.TestCaseMain.startTestSuite(TestCaseMain.java:180)
	at TempTestSuite1743404878601.run(TempTestSuite1743404878601.groovy:35)
	at java.base/jdk.internal.reflect.NativeMethodAccessorImpl.invoke0(Native Method)
	at java.base/jdk.internal.reflect.NativeMethodAccessorImpl.invoke(NativeMethodAccessorImpl.java:77)
	at java.base/jdk.internal.reflect.DelegatingMethodAccessorImpl.invoke(DelegatingMethodAccessorImpl.java:43)
Caused by: com.kms.katalon.core.webui.exception.WebElementNotFoundException: Web element with id: 'Object Repository/Выполнение бизнес-плана/Значения со страницы Выполнение бизнес-плана/Table Data/План Потери за отчётный период 1' located by '(.//*[normalize-space(text()) and normalize-space(.)='Показатели баланса электроэнергии по ДЗО – План'])[2]/following::td[35]' not found
	at com.kms.katalon.core.webui.common.WebUiCommonHelper.findWebElement(WebUiCommonHelper.java:1426)
	at com.kms.katalon.core.webui.keyword.internal.WebUIAbstractKeyword.findWebElement(WebUIAbstractKeyword.groovy:27)
	at com.kms.katalon.core.webui.keyword.internal.WebUIAbstractKeyword.findWebElement(WebUIAbstractKeyword.groovy:26)
	at com.kms.katalon.core.webui.keyword.builtin.GetTextKeyword$_getText_closure1.doCall(GetTextKeyword.groovy:78)
	at com.kms.katalon.core.webui.keyword.builtin.GetTextKeyword$_getText_closure1.call(GetTextKeyword.groovy)
	at com.kms.katalon.core.webui.keyword.internal.WebUIKeywordMain.runKeyword(WebUIKeywordMain.groovy:20)
	at com.kms.katalon.core.webui.keyword.builtin.GetTextKeyword.getText(GetTextKeyword.groovy:88)
	at com.kms.katalon.core.webui.keyword.builtin.GetTextKeyword.execute(GetTextKeyword.groovy:67)
	at com.kms.katalon.core.keyword.internal.KeywordExecutor.executeKeywordForPlatform(KeywordExecutor.groovy:74)
	at com.kms.katalon.core.webui.keyword.WebUiBuiltInKeywords.getText(WebUiBuiltInKeywords.groovy:957)
	at Script1719299571342.GetAllData(Script1719299571342.groovy:985)
	at Script1719299571342.run(Script1719299571342.groovy:156)
	... 15 more
)
[[ATTACHMENT|C:\\Users\\LIAZGINA-DI\\git\\SPORU\\Reports\\20250331_100758\\\u041F\u043D-\u0421\u0440-\u041F\u0442\\\u0421\u0432\u0435\u0440\u043A\u0430 \u0434\u0430\u0448\u0431\u043E\u0440\u0434\u043E\u0432 \u0438\u0437 \u0440\u0430\u0437\u043D\u044B\u0445 \u0431\u043B\u043E\u043A\u043E\u0432\\20250331_100758\\1743405797030.png]]

31-03-2025T10:23:17 - [MESSAGE][ERROR] - Test Cases/Сверки дашбордов/Выполнение бизнес-плана сверка дашбордов FAILED.
Reason:
java.lang.NullPointerException: Cannot invoke method replaceAll() on null object
	at Выполнение бизнес-плана сверка дашбордов.GetAllData(Выполнение бизнес-плана сверка дашбордов:985)
	at Выполнение бизнес-плана сверка дашбордов.run(Выполнение бизнес-плана сверка дашбордов:156)
	at com.kms.katalon.core.main.ScriptEngine.run(ScriptEngine.java:194)
	at com.kms.katalon.core.main.ScriptEngine.runScriptAsRawText(ScriptEngine.java:119)
	at com.kms.katalon.core.main.TestCaseExecutor.runScript(TestCaseExecutor.java:448)
	at com.kms.katalon.core.main.TestCaseExecutor.doExecute(TestCaseExecutor.java:439)
	at com.kms.katalon.core.main.TestCaseExecutor.processExecutionPhase(TestCaseExecutor.java:418)
	at com.kms.katalon.core.main.TestCaseExecutor.accessMainPhase(TestCaseExecutor.java:410)
	at com.kms.katalon.core.main.TestCaseExecutor.execute(TestCaseExecutor.java:285)
	at com.kms.katalon.core.common.CommonExecutor.accessTestCaseMainPhase(CommonExecutor.java:65)
	at com.kms.katalon.core.main.TestSuiteExecutor.accessTestSuiteMainPhase(TestSuiteExecutor.java:150)
	at com.kms.katalon.core.main.TestSuiteExecutor.execute(TestSuiteExecutor.java:106)
	at com.kms.katalon.core.main.TestCaseMain.startTestSuite(TestCaseMain.java:180)
	at TempTestSuite1743404878601.run(TempTestSuite1743404878601.groovy:35)
	at java.base/jdk.internal.reflect.NativeMethodAccessorImpl.invoke0(Native Method)
	at java.base/jdk.internal.reflect.NativeMethodAccessorImpl.invoke(NativeMethodAccessorImpl.java:77)
	at java.base/jdk.internal.reflect.DelegatingMethodAccessorImpl.invoke(DelegatingMethodAccessorImpl.java:43)]]></system-out>
         <system-err><![CDATA[31-03-2025T10:19:28 - [TEST_CASE][FAILED] - Test Cases/Сверки дашбордов/Выполнение бизнес-плана сверка дашбордов: Test Cases/Сверки дашбордов/Выполнение бизнес-плана сверка дашбордов FAILED.
Reason:
com.kms.katalon.core.exception.StepFailedException: Unable to get text of object 'Object Repository/Выполнение бизнес-плана/Значения со страницы Выполнение бизнес-плана/Table Data/План Потери за отчётный период 1' (Root cause: com.kms.katalon.core.exception.StepFailedException: Unable to get text of object 'Object Repository/Выполнение бизнес-плана/Значения со страницы Выполнение бизнес-плана/Table Data/План Потери за отчётный период 1'
	at com.kms.katalon.core.webui.keyword.internal.WebUIKeywordMain.stepFailed(WebUIKeywordMain.groovy:64)
	at com.kms.katalon.core.webui.keyword.internal.WebUIKeywordMain.runKeyword(WebUIKeywordMain.groovy:26)
	at com.kms.katalon.core.webui.keyword.builtin.GetTextKeyword.getText(GetTextKeyword.groovy:88)
	at com.kms.katalon.core.webui.keyword.builtin.GetTextKeyword.execute(GetTextKeyword.groovy:67)
	at com.kms.katalon.core.keyword.internal.KeywordExecutor.executeKeywordForPlatform(KeywordExecutor.groovy:74)
	at com.kms.katalon.core.webui.keyword.WebUiBuiltInKeywords.getText(WebUiBuiltInKeywords.groovy:957)
	at Выполнение бизнес-плана сверка дашбордов.GetAllData(Выполнение бизнес-плана сверка дашбордов:985)
	at Выполнение бизнес-плана сверка дашбордов.run(Выполнение бизнес-плана сверка дашбордов:156)
	at com.kms.katalon.core.main.ScriptEngine.run(ScriptEngine.java:194)
	at com.kms.katalon.core.main.ScriptEngine.runScriptAsRawText(ScriptEngine.java:119)
	at com.kms.katalon.core.main.TestCaseExecutor.runScript(TestCaseExecutor.java:448)
	at com.kms.katalon.core.main.TestCaseExecutor.doExecute(TestCaseExecutor.java:439)
	at com.kms.katalon.core.main.TestCaseExecutor.processExecutionPhase(TestCaseExecutor.java:418)
	at com.kms.katalon.core.main.TestCaseExecutor.accessMainPhase(TestCaseExecutor.java:410)
	at com.kms.katalon.core.main.TestCaseExecutor.execute(TestCaseExecutor.java:285)
	at com.kms.katalon.core.common.CommonExecutor.accessTestCaseMainPhase(CommonExecutor.java:65)
	at com.kms.katalon.core.main.TestSuiteExecutor.accessTestSuiteMainPhase(TestSuiteExecutor.java:150)
	at com.kms.katalon.core.main.TestSuiteExecutor.execute(TestSuiteExecutor.java:106)
	at com.kms.katalon.core.main.TestCaseMain.startTestSuite(TestCaseMain.java:180)
	at TempTestSuite1743404878601.run(TempTestSuite1743404878601.groovy:35)
	at java.base/jdk.internal.reflect.NativeMethodAccessorImpl.invoke0(Native Method)
	at java.base/jdk.internal.reflect.NativeMethodAccessorImpl.invoke(NativeMethodAccessorImpl.java:77)
	at java.base/jdk.internal.reflect.DelegatingMethodAccessorImpl.invoke(DelegatingMethodAccessorImpl.java:43)
Caused by: com.kms.katalon.core.webui.exception.WebElementNotFoundException: Web element with id: 'Object Repository/Выполнение бизнес-плана/Значения со страницы Выполнение бизнес-плана/Table Data/План Потери за отчётный период 1' located by '(.//*[normalize-space(text()) and normalize-space(.)='Показатели баланса электроэнергии по ДЗО – План'])[2]/following::td[35]' not found
	at com.kms.katalon.core.webui.common.WebUiCommonHelper.findWebElement(WebUiCommonHelper.java:1426)
	at com.kms.katalon.core.webui.keyword.internal.WebUIAbstractKeyword.findWebElement(WebUIAbstractKeyword.groovy:27)
	at com.kms.katalon.core.webui.keyword.internal.WebUIAbstractKeyword.findWebElement(WebUIAbstractKeyword.groovy:26)
	at com.kms.katalon.core.webui.keyword.builtin.GetTextKeyword$_getText_closure1.doCall(GetTextKeyword.groovy:78)
	at com.kms.katalon.core.webui.keyword.builtin.GetTextKeyword$_getText_closure1.call(GetTextKeyword.groovy)
	at com.kms.katalon.core.webui.keyword.internal.WebUIKeywordMain.runKeyword(WebUIKeywordMain.groovy:20)
	at com.kms.katalon.core.webui.keyword.builtin.GetTextKeyword.getText(GetTextKeyword.groovy:88)
	at com.kms.katalon.core.webui.keyword.builtin.GetTextKeyword.execute(GetTextKeyword.groovy:67)
	at com.kms.katalon.core.keyword.internal.KeywordExecutor.executeKeywordForPlatform(KeywordExecutor.groovy:74)
	at com.kms.katalon.core.webui.keyword.WebUiBuiltInKeywords.getText(WebUiBuiltInKeywords.groovy:957)
	at Script1719299571342.GetAllData(Script1719299571342.groovy:985)
	at Script1719299571342.run(Script1719299571342.groovy:156)
	... 15 more
)
	at com.kms.katalon.core.keyword.internal.KeywordMain.stepFailed(KeywordMain.groovy:39)
	at com.kms.katalon.core.webui.keyword.internal.WebUIKeywordMain.stepFailed(WebUIKeywordMain.groovy:64)
	at com.kms.katalon.core.webui.keyword.internal.WebUIKeywordMain.runKeyword(WebUIKeywordMain.groovy:26)
	at com.kms.katalon.core.webui.keyword.builtin.GetTextKeyword.getText(GetTextKeyword.groovy:88)
	at com.kms.katalon.core.webui.keyword.builtin.GetTextKeyword.execute(GetTextKeyword.groovy:67)
	at com.kms.katalon.core.keyword.internal.KeywordExecutor.executeKeywordForPlatform(KeywordExecutor.groovy:74)
	at com.kms.katalon.core.webui.keyword.WebUiBuiltInKeywords.getText(WebUiBuiltInKeywords.groovy:957)
	at Выполнение бизнес-плана сверка дашбордов.GetAllData(Выполнение бизнес-плана сверка дашбордов:985)
	at Выполнение бизнес-плана сверка дашбордов.run(Выполнение бизнес-плана сверка дашбордов:156)
	at com.kms.katalon.core.main.ScriptEngine.run(ScriptEngine.java:194)
	at com.kms.katalon.core.main.ScriptEngine.runScriptAsRawText(ScriptEngine.java:119)
	at com.kms.katalon.core.main.TestCaseExecutor.runScript(TestCaseExecutor.java:448)
	at com.kms.katalon.core.main.TestCaseExecutor.doExecute(TestCaseExecutor.java:439)
	at com.kms.katalon.core.main.TestCaseExecutor.processExecutionPhase(TestCaseExecutor.java:418)
	at com.kms.katalon.core.main.TestCaseExecutor.accessMainPhase(TestCaseExecutor.java:410)
	at com.kms.katalon.core.main.TestCaseExecutor.execute(TestCaseExecutor.java:285)
	at com.kms.katalon.core.common.CommonExecutor.accessTestCaseMainPhase(CommonExecutor.java:65)
	at com.kms.katalon.core.main.TestSuiteExecutor.accessTestSuiteMainPhase(TestSuiteExecutor.java:150)
	at com.kms.katalon.core.main.TestSuiteExecutor.execute(TestSuiteExecutor.java:106)
	at com.kms.katalon.core.main.TestCaseMain.startTestSuite(TestCaseMain.java:180)
	at TempTestSuite1743404878601.run(TempTestSuite1743404878601.groovy:35)
	at java.base/jdk.internal.reflect.NativeMethodAccessorImpl.invoke0(Native Method)
	at java.base/jdk.internal.reflect.NativeMethodAccessorImpl.invoke(NativeMethodAccessorImpl.java:77)
	at java.base/jdk.internal.reflect.DelegatingMethodAccessorImpl.invoke(DelegatingMethodAccessorImpl.java:43)
Caused by: com.kms.katalon.core.exception.StepFailedException: Unable to get text of object 'Object Repository/Выполнение бизнес-плана/Значения со страницы Выполнение бизнес-плана/Table Data/План Потери за отчётный период 1'
	... 23 more
Caused by: com.kms.katalon.core.webui.exception.WebElementNotFoundException: Web element with id: 'Object Repository/Выполнение бизнес-плана/Значения со страницы Выполнение бизнес-плана/Table Data/План Потери за отчётный период 1' located by '(.//*[normalize-space(text()) and normalize-space(.)='Показатели баланса электроэнергии по ДЗО – План'])[2]/following::td[35]' not found
	at com.kms.katalon.core.webui.common.WebUiCommonHelper.findWebElement(WebUiCommonHelper.java:1426)
	at com.kms.katalon.core.webui.keyword.internal.WebUIAbstractKeyword.findWebElement(WebUIAbstractKeyword.groovy:27)
	at com.kms.katalon.core.webui.keyword.internal.WebUIAbstractKeyword.findWebElement(WebUIAbstractKeyword.groovy:26)
	at com.kms.katalon.core.webui.keyword.builtin.GetTextKeyword$_getText_closure1.doCall(GetTextKeyword.groovy:78)
	at com.kms.katalon.core.webui.keyword.builtin.GetTextKeyword$_getText_closure1.call(GetTextKeyword.groovy)
	at com.kms.katalon.core.webui.keyword.internal.WebUIKeywordMain.runKeyword(WebUIKeywordMain.groovy:20)
	... 21 more]]></system-err>
      </testcase>
      <testcase name="Test Cases/Сверки дашбордов/Выручка в рублях сверка дашбордов ПАО Россети" time="4993.479" classname="Test Cases/Сверки дашбордов/Выручка в рублях сверка дашбордов ПАО Россети" status="PASSED">
         <system-out><![CDATA[31-03-2025T10:23:17 - [TEST_CASE][PASSED] - Test Cases/Сверки дашбордов/Выручка в рублях сверка дашбордов ПАО Россети: Test Cases/Сверки дашбордов/Выручка в рублях сверка дашбордов ПАО Россети

31-03-2025T10:23:17 - [TEST_STEP][PASSED] - date = new java.util.Date(): null

31-03-2025T10:23:17 - [TEST_STEP][PASSED] - todaysDate = date.format("dd.MM.yyyy"): null

31-03-2025T10:23:17 - [TEST_STEP][PASSED] - println(todaysDate): null

31-03-2025T10:23:17 - [TEST_STEP][PASSED] - run = 1: null

31-03-2025T10:23:17 - [TEST_STEP][PASSED] - vir = 1: null

31-03-2025T10:23:17 - [TEST_STEP][PASSED] - block = 1: null

31-03-2025T10:23:17 - [TEST_STEP][PASSED] - vidget = <not implemented yet for class: org.codehaus.groovy.ast.expr.EmptyExpression>: null

31-03-2025T10:23:17 - [TEST_STEP][PASSED] - nameOfBlock = <not implemented yet for class: org.codehaus.groovy.ast.expr.EmptyExpression>: null

31-03-2025T10:23:17 - [TEST_STEP][PASSED] - typeOfData = <not implemented yet for class: org.codehaus.groovy.ast.expr.EmptyExpression>: null

31-03-2025T10:23:17 - [TEST_STEP][PASSED] - viruchka = <not implemented yet for class: org.codehaus.groovy.ast.expr.EmptyExpression>: null

31-03-2025T10:23:17 - [TEST_STEP][PASSED] - a = <not implemented yet for class: org.codehaus.groovy.ast.expr.EmptyExpression>: null

31-03-2025T10:23:17 - [TEST_STEP][PASSED] - b = <not implemented yet for class: org.codehaus.groovy.ast.expr.EmptyExpression>: null

31-03-2025T10:23:17 - [TEST_STEP][PASSED] - x = <not implemented yet for class: org.codehaus.groovy.ast.expr.EmptyExpression>: null

31-03-2025T10:23:17 - [TEST_STEP][PASSED] - y = <not implemented yet for class: org.codehaus.groovy.ast.expr.EmptyExpression>: null

31-03-2025T10:23:17 - [TEST_STEP][PASSED] - dZO = "ПАО Россети": null

31-03-2025T10:23:17 - [TEST_STEP][PASSED] - for ([run = 1, run < 3, (run++)]): null

31-03-2025T10:23:17 - [TEST_STEP][PASSED] - Script1742558545601.ViruchkaChange(run, vir, block, nameOfBlock, typeOfData, viruchka, vidget, todaysDate, a, b, dZO, x, y): null

31-03-2025T10:23:17 - [TEST_STEP][PASSED] - for ([vir = 1, vir < 4, (vir++)]): null

31-03-2025T10:23:17 - [TEST_STEP][PASSED] - Script1742558545601.Blocks(run, vir, block, nameOfBlock, typeOfData, viruchka, vidget, todaysDate, a, b, dZO, x, y): null

31-03-2025T10:23:17 - [TEST_STEP][PASSED] - i = <not implemented yet for class: org.codehaus.groovy.ast.expr.EmptyExpression>: null

31-03-2025T10:23:17 - [TEST_STEP][PASSED] - perc = "": null

31-03-2025T10:23:17 - [TEST_STEP][PASSED] - a1 = <not implemented yet for class: org.codehaus.groovy.ast.expr.EmptyExpression>: null

31-03-2025T10:23:17 - [TEST_STEP][PASSED] - a2 = <not implemented yet for class: org.codehaus.groovy.ast.expr.EmptyExpression>: null

31-03-2025T10:23:17 - [TEST_STEP][PASSED] - a30 = <not implemented yet for class: org.codehaus.groovy.ast.expr.EmptyExpression>: null

31-03-2025T10:23:17 - [TEST_STEP][PASSED] - a31 = <not implemented yet for class: org.codehaus.groovy.ast.expr.EmptyExpression>: null

31-03-2025T10:23:17 - [TEST_STEP][PASSED] - a32 = <not implemented yet for class: org.codehaus.groovy.ast.expr.EmptyExpression>: null

31-03-2025T10:23:17 - [TEST_STEP][PASSED] - a33 = <not implemented yet for class: org.codehaus.groovy.ast.expr.EmptyExpression>: null

31-03-2025T10:23:17 - [TEST_STEP][PASSED] - a34 = <not implemented yet for class: org.codehaus.groovy.ast.expr.EmptyExpression>: null

31-03-2025T10:23:17 - [TEST_STEP][PASSED] - a35 = <not implemented yet for class: org.codehaus.groovy.ast.expr.EmptyExpression>: null

31-03-2025T10:23:17 - [TEST_STEP][PASSED] - a36 = <not implemented yet for class: org.codehaus.groovy.ast.expr.EmptyExpression>: null

31-03-2025T10:23:17 - [TEST_STEP][PASSED] - a37 = <not implemented yet for class: org.codehaus.groovy.ast.expr.EmptyExpression>: null

31-03-2025T10:23:17 - [TEST_STEP][PASSED] - a38 = <not implemented yet for class: org.codehaus.groovy.ast.expr.EmptyExpression>: null

31-03-2025T10:23:17 - [TEST_STEP][PASSED] - a39 = <not implemented yet for class: org.codehaus.groovy.ast.expr.EmptyExpression>: null

31-03-2025T10:23:17 - [TEST_STEP][PASSED] - a310 = <not implemented yet for class: org.codehaus.groovy.ast.expr.EmptyExpression>: null

31-03-2025T10:23:17 - [TEST_STEP][PASSED] - a311 = <not implemented yet for class: org.codehaus.groovy.ast.expr.EmptyExpression>: null

31-03-2025T10:23:17 - [TEST_STEP][PASSED] - a312 = <not implemented yet for class: org.codehaus.groovy.ast.expr.EmptyExpression>: null

31-03-2025T10:23:17 - [TEST_STEP][PASSED] - a313 = <not implemented yet for class: org.codehaus.groovy.ast.expr.EmptyExpression>: null

31-03-2025T10:23:17 - [TEST_STEP][PASSED] - a314 = <not implemented yet for class: org.codehaus.groovy.ast.expr.EmptyExpression>: null

31-03-2025T10:23:17 - [TEST_STEP][PASSED] - a315 = <not implemented yet for class: org.codehaus.groovy.ast.expr.EmptyExpression>: null

31-03-2025T10:23:17 - [TEST_STEP][PASSED] - a316 = <not implemented yet for class: org.codehaus.groovy.ast.expr.EmptyExpression>: null

31-03-2025T10:23:17 - [TEST_STEP][PASSED] - a317 = <not implemented yet for class: org.codehaus.groovy.ast.expr.EmptyExpression>: null

31-03-2025T10:23:17 - [TEST_STEP][PASSED] - a318 = <not implemented yet for class: org.codehaus.groovy.ast.expr.EmptyExpression>: null

31-03-2025T10:23:17 - [TEST_STEP][PASSED] - b1 = <not implemented yet for class: org.codehaus.groovy.ast.expr.EmptyExpression>: null

31-03-2025T10:23:17 - [TEST_STEP][PASSED] - b2 = <not implemented yet for class: org.codehaus.groovy.ast.expr.EmptyExpression>: null

31-03-2025T10:23:17 - [TEST_STEP][PASSED] - b30 = <not implemented yet for class: org.codehaus.groovy.ast.expr.EmptyExpression>: null

31-03-2025T10:23:17 - [TEST_STEP][PASSED] - b31 = <not implemented yet for class: org.codehaus.groovy.ast.expr.EmptyExpression>: null

31-03-2025T10:23:17 - [TEST_STEP][PASSED] - b32 = <not implemented yet for class: org.codehaus.groovy.ast.expr.EmptyExpression>: null

31-03-2025T10:23:17 - [TEST_STEP][PASSED] - b33 = <not implemented yet for class: org.codehaus.groovy.ast.expr.EmptyExpression>: null

31-03-2025T10:23:17 - [TEST_STEP][PASSED] - b34 = <not implemented yet for class: org.codehaus.groovy.ast.expr.EmptyExpression>: null

31-03-2025T10:23:17 - [TEST_STEP][PASSED] - b35 = <not implemented yet for class: org.codehaus.groovy.ast.expr.EmptyExpression>: null

31-03-2025T10:23:17 - [TEST_STEP][PASSED] - b36 = <not implemented yet for class: org.codehaus.groovy.ast.expr.EmptyExpression>: null

31-03-2025T10:23:17 - [TEST_STEP][PASSED] - b37 = <not implemented yet for class: org.codehaus.groovy.ast.expr.EmptyExpression>: null

31-03-2025T10:23:17 - [TEST_STEP][PASSED] - b38 = <not implemented yet for class: org.codehaus.groovy.ast.expr.EmptyExpression>: null

31-03-2025T10:23:17 - [TEST_STEP][PASSED] - b39 = <not implemented yet for class: org.codehaus.groovy.ast.expr.EmptyExpression>: null

31-03-2025T10:23:17 - [TEST_STEP][PASSED] - b310 = <not implemented yet for class: org.codehaus.groovy.ast.expr.EmptyExpression>: null

31-03-2025T10:23:17 - [TEST_STEP][PASSED] - b311 = <not implemented yet for class: org.codehaus.groovy.ast.expr.EmptyExpression>: null

31-03-2025T10:23:17 - [TEST_STEP][PASSED] - b312 = <not implemented yet for class: org.codehaus.groovy.ast.expr.EmptyExpression>: null

31-03-2025T10:23:17 - [TEST_STEP][PASSED] - b313 = <not implemented yet for class: org.codehaus.groovy.ast.expr.EmptyExpression>: null

31-03-2025T10:23:17 - [TEST_STEP][PASSED] - b314 = <not implemented yet for class: org.codehaus.groovy.ast.expr.EmptyExpression>: null

31-03-2025T10:23:17 - [TEST_STEP][PASSED] - b315 = <not implemented yet for class: org.codehaus.groovy.ast.expr.EmptyExpression>: null

31-03-2025T10:23:17 - [TEST_STEP][PASSED] - b316 = <not implemented yet for class: org.codehaus.groovy.ast.expr.EmptyExpression>: null

31-03-2025T10:23:17 - [TEST_STEP][PASSED] - b317 = <not implemented yet for class: org.codehaus.groovy.ast.expr.EmptyExpression>: null

31-03-2025T10:23:17 - [TEST_STEP][PASSED] - b318 = <not implemented yet for class: org.codehaus.groovy.ast.expr.EmptyExpression>: null

31-03-2025T10:23:17 - [TEST_STEP][PASSED] - block = 1: null

31-03-2025T10:23:17 - [TEST_STEP][PASSED] - nameOfBlock = "": null

31-03-2025T10:23:17 - [TEST_STEP][PASSED] - Script1742558545601.PreSettings(run, vir, block, nameOfBlock, typeOfData, todaysDate): null

31-03-2025T10:23:17 - [TEST_STEP][PASSED] - openBrowser(""): Browser is opened with url: ''

31-03-2025T10:23:17 - [MESSAGE][WARNING] - A browser is already opened. Closing browser and opening a new one

31-03-2025T10:23:17 - [MESSAGE][INFO] - Starting 'Chrome' driver

31-03-2025T10:23:17 - [MESSAGE][INFO] - Action delay is set to 0 milliseconds

31-03-2025T10:23:19 - [MESSAGE][PASSED] - Browser is opened with url: ''

31-03-2025T10:23:19 - [TEST_STEP][PASSED] - refresh(): Refresh successfully

31-03-2025T10:23:19 - [MESSAGE][PASSED] - Refresh successfully

31-03-2025T10:23:19 - [TEST_STEP][PASSED] - delay(50): Delayed 50 second(s)

31-03-2025T10:24:09 - [MESSAGE][PASSED] - Delayed 50 second(s)

31-03-2025T10:24:09 - [TEST_STEP][PASSED] - println("run:" + run): null

31-03-2025T10:24:09 - [TEST_STEP][PASSED] - println("vir:" + vir): null

31-03-2025T10:24:09 - [TEST_STEP][PASSED] - println("block:" + block): null

31-03-2025T10:24:09 - [TEST_STEP][PASSED] - if (block == 1): null

31-03-2025T10:24:09 - [TEST_STEP][PASSED] - nameOfBlock = "": null

31-03-2025T10:24:09 - [TEST_STEP][PASSED] - println("nameOfBlock:" + nameOfBlock): null

31-03-2025T10:24:09 - [TEST_STEP][PASSED] - println("typeOfData:" + typeOfData): null

31-03-2025T10:24:09 - [TEST_STEP][PASSED] - println("todaysDate:" + todaysDate): null

31-03-2025T10:24:09 - [TEST_STEP][PASSED] - Script1742558545601.Autorization(block, nameOfBlock): null

31-03-2025T10:24:09 - [TEST_STEP][PASSED] - i = <not implemented yet for class: org.codehaus.groovy.ast.expr.EmptyExpression>: null

31-03-2025T10:24:09 - [TEST_STEP][PASSED] - ii = <not implemented yet for class: org.codehaus.groovy.ast.expr.EmptyExpression>: null

31-03-2025T10:24:09 - [TEST_STEP][PASSED] - urlData = <not implemented yet for class: org.codehaus.groovy.ast.expr.EmptyExpression>: null

31-03-2025T10:24:09 - [TEST_STEP][PASSED] - searchWord = <not implemented yet for class: org.codehaus.groovy.ast.expr.EmptyExpression>: null

31-03-2025T10:24:09 - [TEST_STEP][PASSED] - urlText = <not implemented yet for class: org.codehaus.groovy.ast.expr.EmptyExpression>: null

31-03-2025T10:24:09 - [TEST_STEP][PASSED] - println("block:" + block): null

31-03-2025T10:24:09 - [TEST_STEP][PASSED] - if (block == 1): null

31-03-2025T10:24:09 - [TEST_STEP][PASSED] - nameOfBlock = "": null

31-03-2025T10:24:09 - [TEST_STEP][PASSED] - println("nameOfBlock:" + nameOfBlock): null

31-03-2025T10:24:09 - [TEST_STEP][PASSED] - if (block == 1): Delayed 45 second(s)

31-03-2025T10:24:09 - [TEST_STEP][PASSED] - urlData = 2: null

31-03-2025T10:24:09 - [TEST_STEP][PASSED] - delay(45): Delayed 45 second(s)

31-03-2025T10:24:54 - [MESSAGE][PASSED] - Delayed 45 second(s)

31-03-2025T10:24:54 - [TEST_STEP][PASSED] - navigateToUrl(findTestData("PlanFact").getValue(10, urlData)): Navigate to 'https://bi.rosseti.digital/viewer?dashboardGuid=2301950b23be4ed89c1df75f2020051e&sheetGuid=b723206f698544fb87299f3095c00435&fit=true' successfully

31-03-2025T10:24:58 - [MESSAGE][PASSED] - Navigate to 'https://bi.rosseti.digital/viewer?dashboardGuid=2301950b23be4ed89c1df75f2020051e&sheetGuid=b723206f698544fb87299f3095c00435&fit=true' successfully

31-03-2025T10:24:58 - [TEST_STEP][PASSED] - urlText = getText(findTestObject("Страница авторизации/Text")): Text of object 'Object Repository/Страница авторизации/Text' is: 'Вход'

31-03-2025T10:25:00 - [MESSAGE][PASSED] - Text of object 'Object Repository/Страница авторизации/Text' is: 'Вход'

31-03-2025T10:25:00 - [TEST_STEP][PASSED] - searchWord = "Вход": null

31-03-2025T10:25:00 - [TEST_STEP][PASSED] - if (urlText == null || urlText.contains("ошибка") || urlText.contains(searchWord) == false): null

31-03-2025T10:25:00 - [TEST_STEP][PASSED] - if (verifyElementPresent(findTestObject("Страница авторизации/button_"), 30) == true): null

31-03-2025T10:25:00 - [MESSAGE][PASSED] - Object 'Object Repository/Страница авторизации/button_' is present

31-03-2025T10:25:00 - [TEST_STEP][PASSED] - setText(findTestObject("Страница авторизации/input__username"), findTestData("PlanFact").getValue(8, 1)): Text 'liazgina-di' is set on object 'Object Repository/Страница авторизации/input__username'

31-03-2025T10:25:01 - [MESSAGE][PASSED] - Text 'liazgina-di' is set on object 'Object Repository/Страница авторизации/input__username'

31-03-2025T10:25:01 - [TEST_STEP][PASSED] - setText(findTestObject("Страница авторизации/input__password"), findTestData("PlanFact").getValue(9, 1)): Text ')$%5srZ8o688Dm#q' is set on object 'Object Repository/Страница авторизации/input__password'

31-03-2025T10:25:01 - [MESSAGE][PASSED] - Text ')$%5srZ8o688Dm#q' is set on object 'Object Repository/Страница авторизации/input__password'

31-03-2025T10:25:01 - [TEST_STEP][PASSED] - click(findTestObject("Страница авторизации/button_")): Object: 'Object Repository/Страница авторизации/button_' is clicked on

31-03-2025T10:25:03 - [MESSAGE][PASSED] - Object: 'Object Repository/Страница авторизации/button_' is clicked on

31-03-2025T10:25:03 - [TEST_STEP][PASSED] - delay(45): Delayed 45 second(s)

31-03-2025T10:25:48 - [MESSAGE][PASSED] - Delayed 45 second(s)

31-03-2025T10:25:48 - [TEST_STEP][PASSED] - urlText = getText(findTestObject("Страница авторизации/Text")): Text of object 'Object Repository/Страница авторизации/Text' is: 'Период
Январь, Февраль 2025 года
Выручка
Все
Выполнение плановых показателей по ПАО Россети за Январь, Февраль 2025 года
План
Факт
Динамика
2025 год
0 млн.руб.
25 000 млн.руб.
50 000 млн.руб.
75 000 млн.руб.
100 000 млн.руб.
125 000 млн.руб.
150 000 млн.руб.
175 000 млн.руб.
200 000 млн.руб.
225 000 млн.руб.
250 000 млн.руб.
275 000 млн.руб.
300 000 млн.руб.
325 000 млн.руб.
350 000 млн.руб.
375 000 млн.руб.
318 025
284 426
↓
ДЗО 
ПАО Россети
Внутренний оборот - выручка за услуги по передаче электрической энергии, учтенная в выручке за электроэнергию для конечных потребителей, при выполнении ДЗО функций гарантирующего поставщика
Подписи данных
⬤Отклонение
АО "РЭС"
АО «Тываэнерго»
АО «Чеченэнерго»
Россети Волга
Россети Кубань
Россети Ленэнерго (ГК)
Россети Московский регион
Россети Северный Кавказ (ГК)
Россети Северо-Запад
Россети Сибирь (ГК)
Россети Томск
Россети Тюмень
Россети Урал (ГК)
Россети ФСК ЕЭС
Россети Центр
Россети Центр и Приволжье (ГК)
Россети Юг (ГК)
Россети Янтарь
-30 000млн.руб.
-25 000млн.руб.
-20 000млн.руб.
-15 000млн.руб.
-10 000млн.руб.
-5 000млн.руб.
0 млн.руб.
5 00…
-170
27
-76
-270
552
-244
-1 353
-805
-232
848
-47
-1 858
-701
-28 384
-520
-484
68
50
млн.
%
Выручка
Отклонение выручки по ПАО Россети за Январь, Февраль 2025 года (факт/план, млн. руб)
ПАО Россети
-33 598.6 млн.руб.
 '

31-03-2025T10:25:49 - [MESSAGE][PASSED] - Text of object 'Object Repository/Страница авторизации/Text' is: 'Период
Январь, Февраль 2025 года
Выручка
Все
Выполнение плановых показателей по ПАО Россети за Январь, Февраль 2025 года
План
Факт
Динамика
2025 год
0 млн.руб.
25 000 млн.руб.
50 000 млн.руб.
75 000 млн.руб.
100 000 млн.руб.
125 000 млн.руб.
150 000 млн.руб.
175 000 млн.руб.
200 000 млн.руб.
225 000 млн.руб.
250 000 млн.руб.
275 000 млн.руб.
300 000 млн.руб.
325 000 млн.руб.
350 000 млн.руб.
375 000 млн.руб.
318 025
284 426
↓
ДЗО 
ПАО Россети
Внутренний оборот - выручка за услуги по передаче электрической энергии, учтенная в выручке за электроэнергию для конечных потребителей, при выполнении ДЗО функций гарантирующего поставщика
Подписи данных
⬤Отклонение
АО "РЭС"
АО «Тываэнерго»
АО «Чеченэнерго»
Россети Волга
Россети Кубань
Россети Ленэнерго (ГК)
Россети Московский регион
Россети Северный Кавказ (ГК)
Россети Северо-Запад
Россети Сибирь (ГК)
Россети Томск
Россети Тюмень
Россети Урал (ГК)
Россети ФСК ЕЭС
Россети Центр
Россети Центр и Приволжье (ГК)
Россети Юг (ГК)
Россети Янтарь
-30 000млн.руб.
-25 000млн.руб.
-20 000млн.руб.
-15 000млн.руб.
-10 000млн.руб.
-5 000млн.руб.
0 млн.руб.
5 00…
-170
27
-76
-270
552
-244
-1 353
-805
-232
848
-47
-1 858
-701
-28 384
-520
-484
68
50
млн.
%
Выручка
Отклонение выручки по ПАО Россети за Январь, Февраль 2025 года (факт/план, млн. руб)
ПАО Россети
-33 598.6 млн.руб.
 '

31-03-2025T10:25:49 - [TEST_STEP][PASSED] - searchWord = "а": null

31-03-2025T10:25:49 - [TEST_STEP][PASSED] - if (urlText.contains("ошибка") || urlText.contains(searchWord) == false): null

31-03-2025T10:25:49 - [TEST_STEP][PASSED] - delay(45): Delayed 45 second(s)

31-03-2025T10:26:34 - [MESSAGE][PASSED] - Delayed 45 second(s)

31-03-2025T10:26:34 - [TEST_STEP][PASSED] - if (block == 2): null

31-03-2025T10:26:34 - [TEST_STEP][PASSED] - click(findTestObject("Выручка в рублях/Фильтр Период" + nameOfBlock)): Object: 'Object Repository/Выручка в рублях/Фильтр Период' is clicked on

31-03-2025T10:26:34 - [MESSAGE][PASSED] - Object: 'Object Repository/Выручка в рублях/Фильтр Период' is clicked on

31-03-2025T10:26:34 - [TEST_STEP][PASSED] - click(findTestObject("Выручка в рублях/Снять выделение в фильтре Дата" + nameOfBlock)): Object: 'Object Repository/Выручка в рублях/Снять выделение в фильтре Дата' is clicked on

31-03-2025T10:26:35 - [MESSAGE][PASSED] - Object: 'Object Repository/Выручка в рублях/Снять выделение в фильтре Дата' is clicked on

31-03-2025T10:26:35 - [TEST_STEP][PASSED] - click(findTestObject("Выручка в рублях/Применить в фильтре Дата" + nameOfBlock)): Object: 'Object Repository/Выручка в рублях/Применить в фильтре Дата' is clicked on

31-03-2025T10:26:35 - [MESSAGE][PASSED] - Object: 'Object Repository/Выручка в рублях/Применить в фильтре Дата' is clicked on

31-03-2025T10:26:35 - [TEST_STEP][PASSED] - delay(50): Delayed 50 second(s)

31-03-2025T10:27:25 - [MESSAGE][PASSED] - Delayed 50 second(s)

31-03-2025T10:27:25 - [TEST_STEP][PASSED] - click(findTestObject("Выручка в рублях/Фильтр Период" + nameOfBlock)): Object: 'Object Repository/Выручка в рублях/Фильтр Период' is clicked on

31-03-2025T10:27:25 - [MESSAGE][PASSED] - Object: 'Object Repository/Выручка в рублях/Фильтр Период' is clicked on

31-03-2025T10:27:25 - [TEST_STEP][PASSED] - click(findTestObject("Выручка в рублях/Снять выделение в фильтре Дата" + nameOfBlock)): Object: 'Object Repository/Выручка в рублях/Снять выделение в фильтре Дата' is clicked on

31-03-2025T10:27:26 - [MESSAGE][PASSED] - Object: 'Object Repository/Выручка в рублях/Снять выделение в фильтре Дата' is clicked on

31-03-2025T10:27:26 - [TEST_STEP][PASSED] - scrollToElement(findTestObject("Выручка в рублях/2025 список" + nameOfBlock), 30): Scroll to object 'Object Repository/Выручка в рублях/2025 список' successfully

31-03-2025T10:27:26 - [MESSAGE][PASSED] - Scroll to object 'Object Repository/Выручка в рублях/2025 список' successfully

31-03-2025T10:27:26 - [TEST_STEP][PASSED] - click(findTestObject("Выручка в рублях/2025 список" + nameOfBlock)): Object: 'Object Repository/Выручка в рублях/2025 список' is clicked on

31-03-2025T10:27:27 - [MESSAGE][PASSED] - Object: 'Object Repository/Выручка в рублях/2025 список' is clicked on

31-03-2025T10:27:27 - [TEST_STEP][PASSED] - scrollToElement(findTestObject("Выручка в рублях/1 квартал 2025 список Выручка"), 30): Scroll to object 'Object Repository/Выручка в рублях/1 квартал 2025 список Выручка' successfully

31-03-2025T10:27:27 - [MESSAGE][PASSED] - Scroll to object 'Object Repository/Выручка в рублях/1 квартал 2025 список Выручка' successfully

31-03-2025T10:27:27 - [TEST_STEP][PASSED] - click(findTestObject("Выручка в рублях/1 квартал 2025 список" + nameOfBlock)): Object: 'Object Repository/Выручка в рублях/1 квартал 2025 список' is clicked on

31-03-2025T10:27:27 - [MESSAGE][PASSED] - Object: 'Object Repository/Выручка в рублях/1 квартал 2025 список' is clicked on

31-03-2025T10:27:27 - [TEST_STEP][PASSED] - scrollToElement(findTestObject("Выручка в рублях/Январь 2025" + nameOfBlock), 30): Scroll to object 'Object Repository/Выручка в рублях/Январь 2025' successfully

31-03-2025T10:27:28 - [MESSAGE][PASSED] - Scroll to object 'Object Repository/Выручка в рублях/Январь 2025' successfully

31-03-2025T10:27:28 - [TEST_STEP][PASSED] - click(findTestObject("Выручка в рублях/Январь 2025" + nameOfBlock)): Object: 'Object Repository/Выручка в рублях/Январь 2025' is clicked on

31-03-2025T10:27:28 - [MESSAGE][PASSED] - Object: 'Object Repository/Выручка в рублях/Январь 2025' is clicked on

31-03-2025T10:27:28 - [TEST_STEP][PASSED] - scrollToElement(findTestObject("Выручка в рублях/Февраль 2025" + nameOfBlock), 30): Scroll to object 'Object Repository/Выручка в рублях/Февраль 2025' successfully

31-03-2025T10:27:29 - [MESSAGE][PASSED] - Scroll to object 'Object Repository/Выручка в рублях/Февраль 2025' successfully

31-03-2025T10:27:29 - [TEST_STEP][PASSED] - click(findTestObject("Выручка в рублях/Февраль 2025" + nameOfBlock)): Object: 'Object Repository/Выручка в рублях/Февраль 2025' is clicked on

31-03-2025T10:27:29 - [MESSAGE][PASSED] - Object: 'Object Repository/Выручка в рублях/Февраль 2025' is clicked on

31-03-2025T10:27:29 - [TEST_STEP][PASSED] - scrollToElement(findTestObject("Выручка в рублях/Заголовок дашборда" + nameOfBlock), 30): Scroll to object 'Object Repository/Выручка в рублях/Заголовок дашборда' successfully

31-03-2025T10:27:29 - [MESSAGE][PASSED] - Scroll to object 'Object Repository/Выручка в рублях/Заголовок дашборда' successfully

31-03-2025T10:27:29 - [TEST_STEP][PASSED] - click(findTestObject("Выручка в рублях/Применить в фильтре Дата" + nameOfBlock)): Object: 'Object Repository/Выручка в рублях/Применить в фильтре Дата' is clicked on

31-03-2025T10:27:30 - [MESSAGE][PASSED] - Object: 'Object Repository/Выручка в рублях/Применить в фильтре Дата' is clicked on

31-03-2025T10:27:30 - [TEST_STEP][PASSED] - delay(55): Delayed 55 second(s)

31-03-2025T10:28:25 - [MESSAGE][PASSED] - Delayed 55 second(s)

31-03-2025T10:28:25 - [TEST_STEP][PASSED] - click(findTestObject("Выручка в рублях/Фильтр ДЗО" + nameOfBlock)): Object: 'Object Repository/Выручка в рублях/Фильтр ДЗО' is clicked on

31-03-2025T10:28:25 - [MESSAGE][PASSED] - Object: 'Object Repository/Выручка в рублях/Фильтр ДЗО' is clicked on

31-03-2025T10:28:25 - [TEST_STEP][PASSED] - click(findTestObject("Выручка в рублях/Снять выделение в фильтре ДЗО" + nameOfBlock)): Object: 'Object Repository/Выручка в рублях/Снять выделение в фильтре ДЗО' is clicked on

31-03-2025T10:28:26 - [MESSAGE][PASSED] - Object: 'Object Repository/Выручка в рублях/Снять выделение в фильтре ДЗО' is clicked on

31-03-2025T10:28:26 - [TEST_STEP][PASSED] - click(findTestObject("Выручка в рублях/Применить в фильтре ДЗО" + nameOfBlock)): Object: 'Object Repository/Выручка в рублях/Применить в фильтре ДЗО' is clicked on

31-03-2025T10:28:26 - [MESSAGE][PASSED] - Object: 'Object Repository/Выручка в рублях/Применить в фильтре ДЗО' is clicked on

31-03-2025T10:28:26 - [TEST_STEP][PASSED] - delay(50): Delayed 50 second(s)

31-03-2025T10:29:16 - [MESSAGE][PASSED] - Delayed 50 second(s)

31-03-2025T10:29:16 - [TEST_STEP][PASSED] - Script1742558545601.Tumbler(run, vir, block, nameOfBlock): null

31-03-2025T10:29:16 - [TEST_STEP][PASSED] - println("run:" + run): null

31-03-2025T10:29:16 - [TEST_STEP][PASSED] - println("vir:" + vir): null

31-03-2025T10:29:16 - [TEST_STEP][PASSED] - println("block:" + block): null

31-03-2025T10:29:16 - [TEST_STEP][PASSED] - println("nameOfBlock:" + nameOfBlock): null

31-03-2025T10:29:16 - [TEST_STEP][PASSED] - if (vir == 1): null

31-03-2025T10:29:16 - [TEST_STEP][PASSED] - if (run == 2): null

31-03-2025T10:29:16 - [TEST_STEP][PASSED] - click(findTestObject("Выручка в рублях/Фильтр ДЗО" + nameOfBlock)): Object: 'Object Repository/Выручка в рублях/Фильтр ДЗО' is clicked on

31-03-2025T10:29:17 - [MESSAGE][PASSED] - Object: 'Object Repository/Выручка в рублях/Фильтр ДЗО' is clicked on

31-03-2025T10:29:17 - [TEST_STEP][PASSED] - Script1742558545601.Rosseti(nameOfBlock): null

31-03-2025T10:29:17 - [TEST_STEP][PASSED] - println("nameOfBlock:" + nameOfBlock): null

31-03-2025T10:29:17 - [TEST_STEP][PASSED] - click(findTestObject("Выручка в рублях/ПАО Россети" + nameOfBlock)): Object: 'Object Repository/Выручка в рублях/ПАО Россети' is clicked on

31-03-2025T10:29:17 - [MESSAGE][PASSED] - Object: 'Object Repository/Выручка в рублях/ПАО Россети' is clicked on

31-03-2025T10:29:17 - [TEST_STEP][PASSED] - click(findTestObject("Выручка в рублях/Применить в фильтре ДЗО" + nameOfBlock)): Object: 'Object Repository/Выручка в рублях/Применить в фильтре ДЗО' is clicked on

31-03-2025T10:29:18 - [MESSAGE][PASSED] - Object: 'Object Repository/Выручка в рублях/Применить в фильтре ДЗО' is clicked on

31-03-2025T10:29:18 - [TEST_STEP][PASSED] - if (run == 2): null

31-03-2025T10:29:18 - [TEST_STEP][PASSED] - if (vir == 1 || vir == 2): Text of object 'Object Repository/Выручка в рублях/График План' is: '318 025'

31-03-2025T10:29:18 - [TEST_STEP][PASSED] - a1 = getText(findTestObject("Выручка в рублях/График План")): Text of object 'Object Repository/Выручка в рублях/График План' is: '318 025'

31-03-2025T10:29:21 - [MESSAGE][PASSED] - Text of object 'Object Repository/Выручка в рублях/График План' is: '318 025'

31-03-2025T10:29:21 - [TEST_STEP][PASSED] - if (vir == 1 || vir == 2): Text of object 'Object Repository/Выручка в рублях/График Факт' is: '284 426'

31-03-2025T10:29:21 - [TEST_STEP][PASSED] - a2 = getText(findTestObject("Выручка в рублях/График Факт")): Text of object 'Object Repository/Выручка в рублях/График Факт' is: '284 426'

31-03-2025T10:29:21 - [MESSAGE][PASSED] - Text of object 'Object Repository/Выручка в рублях/График Факт' is: '284 426'

31-03-2025T10:29:21 - [TEST_STEP][PASSED] - a30 = getText(findTestObject("Выручка в рублях/span1" + perc)): Text of object 'Object Repository/Выручка в рублях/span1' is: '-33 598.6 млн.руб.'

31-03-2025T10:29:21 - [MESSAGE][PASSED] - Text of object 'Object Repository/Выручка в рублях/span1' is: '-33 598.6 млн.руб.'

31-03-2025T10:29:21 - [TEST_STEP][PASSED] - i = a30.indexOf("млн.руб."): null

31-03-2025T10:29:21 - [TEST_STEP][PASSED] - if (i > -1): null

31-03-2025T10:29:21 - [TEST_STEP][PASSED] - a30 = a30.substring(0, i): null

31-03-2025T10:29:21 - [TEST_STEP][PASSED] - a30 = a30.replaceAll(" ", ""): null

31-03-2025T10:29:21 - [TEST_STEP][PASSED] - if (a30.contains("%")): null

31-03-2025T10:29:21 - [TEST_STEP][PASSED] - a30 = ").trim(): null

31-03-2025T10:29:21 - [TEST_STEP][PASSED] - println("a30: " + a30): null

31-03-2025T10:29:21 - [TEST_STEP][PASSED] - if (vir == 1): Text of object 'Object Repository/Выручка в рублях/span19' is: '50'

31-03-2025T10:29:21 - [TEST_STEP][PASSED] - a31 = ").trim(): Text of object 'Object Repository/Выручка в рублях/span2' is: '-170'

31-03-2025T10:29:21 - [MESSAGE][PASSED] - Text of object 'Object Repository/Выручка в рублях/span2' is: '-170'

31-03-2025T10:29:21 - [TEST_STEP][PASSED] - a32 = ").trim(): Text of object 'Object Repository/Выручка в рублях/span3' is: '27'

31-03-2025T10:29:22 - [MESSAGE][PASSED] - Text of object 'Object Repository/Выручка в рублях/span3' is: '27'

31-03-2025T10:29:22 - [TEST_STEP][PASSED] - a33 = ").trim(): Text of object 'Object Repository/Выручка в рублях/span4' is: '-76'

31-03-2025T10:29:22 - [MESSAGE][PASSED] - Text of object 'Object Repository/Выручка в рублях/span4' is: '-76'

31-03-2025T10:29:22 - [TEST_STEP][PASSED] - a34 = ").trim(): Text of object 'Object Repository/Выручка в рублях/span5' is: '-270'

31-03-2025T10:29:22 - [MESSAGE][PASSED] - Text of object 'Object Repository/Выручка в рублях/span5' is: '-270'

31-03-2025T10:29:22 - [TEST_STEP][PASSED] - a35 = ").trim(): Text of object 'Object Repository/Выручка в рублях/span6' is: '552'

31-03-2025T10:29:23 - [MESSAGE][PASSED] - Text of object 'Object Repository/Выручка в рублях/span6' is: '552'

31-03-2025T10:29:23 - [TEST_STEP][PASSED] - a36 = ").trim(): Text of object 'Object Repository/Выручка в рублях/span7' is: '-244'

31-03-2025T10:29:23 - [MESSAGE][PASSED] - Text of object 'Object Repository/Выручка в рублях/span7' is: '-244'

31-03-2025T10:29:23 - [TEST_STEP][PASSED] - a37 = ").trim(): Text of object 'Object Repository/Выручка в рублях/span8' is: '-1 353'

31-03-2025T10:29:23 - [MESSAGE][PASSED] - Text of object 'Object Repository/Выручка в рублях/span8' is: '-1 353'

31-03-2025T10:29:23 - [TEST_STEP][PASSED] - a38 = ").trim(): Text of object 'Object Repository/Выручка в рублях/span9' is: '-805'

31-03-2025T10:29:23 - [MESSAGE][PASSED] - Text of object 'Object Repository/Выручка в рублях/span9' is: '-805'

31-03-2025T10:29:23 - [TEST_STEP][PASSED] - a39 = ").trim(): Text of object 'Object Repository/Выручка в рублях/span10' is: '-232'

31-03-2025T10:29:24 - [MESSAGE][PASSED] - Text of object 'Object Repository/Выручка в рублях/span10' is: '-232'

31-03-2025T10:29:24 - [TEST_STEP][PASSED] - a310 = ").trim(): Text of object 'Object Repository/Выручка в рублях/span11' is: '848'

31-03-2025T10:29:24 - [MESSAGE][PASSED] - Text of object 'Object Repository/Выручка в рублях/span11' is: '848'

31-03-2025T10:29:24 - [TEST_STEP][PASSED] - a311 = ").trim(): Text of object 'Object Repository/Выручка в рублях/span12' is: '-47'

31-03-2025T10:29:24 - [MESSAGE][PASSED] - Text of object 'Object Repository/Выручка в рублях/span12' is: '-47'

31-03-2025T10:29:24 - [TEST_STEP][PASSED] - a312 = ").trim(): Text of object 'Object Repository/Выручка в рублях/span13' is: '-1 858'

31-03-2025T10:29:25 - [MESSAGE][PASSED] - Text of object 'Object Repository/Выручка в рублях/span13' is: '-1 858'

31-03-2025T10:29:25 - [TEST_STEP][PASSED] - a313 = ").trim(): Text of object 'Object Repository/Выручка в рублях/span14' is: '-701'

31-03-2025T10:29:25 - [MESSAGE][PASSED] - Text of object 'Object Repository/Выручка в рублях/span14' is: '-701'

31-03-2025T10:29:25 - [TEST_STEP][PASSED] - a314 = ").trim(): Text of object 'Object Repository/Выручка в рублях/span15' is: '-28 384'

31-03-2025T10:29:25 - [MESSAGE][PASSED] - Text of object 'Object Repository/Выручка в рублях/span15' is: '-28 384'

31-03-2025T10:29:25 - [TEST_STEP][PASSED] - a315 = ").trim(): Text of object 'Object Repository/Выручка в рублях/span16' is: '-520'

31-03-2025T10:29:25 - [MESSAGE][PASSED] - Text of object 'Object Repository/Выручка в рублях/span16' is: '-520'

31-03-2025T10:29:25 - [TEST_STEP][PASSED] - a316 = ").trim(): Text of object 'Object Repository/Выручка в рублях/span17' is: '-484'

31-03-2025T10:29:26 - [MESSAGE][PASSED] - Text of object 'Object Repository/Выручка в рублях/span17' is: '-484'

31-03-2025T10:29:26 - [TEST_STEP][PASSED] - a317 = ").trim(): Text of object 'Object Repository/Выручка в рублях/span18' is: '68'

31-03-2025T10:29:26 - [MESSAGE][PASSED] - Text of object 'Object Repository/Выручка в рублях/span18' is: '68'

31-03-2025T10:29:26 - [TEST_STEP][PASSED] - a318 = ").trim(): Text of object 'Object Repository/Выручка в рублях/span19' is: '50'

31-03-2025T10:29:26 - [MESSAGE][PASSED] - Text of object 'Object Repository/Выручка в рублях/span19' is: '50'

31-03-2025T10:29:26 - [TEST_STEP][PASSED] - block = 2: null

31-03-2025T10:29:26 - [TEST_STEP][PASSED] - nameOfBlock = " Выручка": null

31-03-2025T10:29:26 - [TEST_STEP][PASSED] - Script1742558545601.PreSettings(run, vir, block, nameOfBlock, typeOfData, todaysDate): null

31-03-2025T10:29:26 - [TEST_STEP][PASSED] - openBrowser(""): Browser is opened with url: ''

31-03-2025T10:29:26 - [MESSAGE][WARNING] - A browser is already opened. Closing browser and opening a new one

31-03-2025T10:29:27 - [MESSAGE][INFO] - Starting 'Chrome' driver

31-03-2025T10:29:27 - [MESSAGE][INFO] - Action delay is set to 0 milliseconds

31-03-2025T10:29:27 - [MESSAGE][PASSED] - Browser is opened with url: ''

31-03-2025T10:29:27 - [TEST_STEP][PASSED] - refresh(): Refresh successfully

31-03-2025T10:29:27 - [MESSAGE][PASSED] - Refresh successfully

31-03-2025T10:29:27 - [TEST_STEP][PASSED] - delay(50): Delayed 50 second(s)

31-03-2025T10:30:17 - [MESSAGE][PASSED] - Delayed 50 second(s)

31-03-2025T10:30:17 - [TEST_STEP][PASSED] - println("run:" + run): null

31-03-2025T10:30:17 - [TEST_STEP][PASSED] - println("vir:" + vir): null

31-03-2025T10:30:17 - [TEST_STEP][PASSED] - println("block:" + block): null

31-03-2025T10:30:17 - [TEST_STEP][PASSED] - if (block == 1): null

31-03-2025T10:30:17 - [TEST_STEP][PASSED] - else: null

31-03-2025T10:30:17 - [TEST_STEP][PASSED] - nameOfBlock = " Выручка": null

31-03-2025T10:30:17 - [TEST_STEP][PASSED] - println("nameOfBlock:" + nameOfBlock): null

31-03-2025T10:30:17 - [TEST_STEP][PASSED] - println("typeOfData:" + typeOfData): null

31-03-2025T10:30:17 - [TEST_STEP][PASSED] - println("todaysDate:" + todaysDate): null

31-03-2025T10:30:17 - [TEST_STEP][PASSED] - Script1742558545601.Autorization(block, nameOfBlock): null

31-03-2025T10:30:17 - [TEST_STEP][PASSED] - i = <not implemented yet for class: org.codehaus.groovy.ast.expr.EmptyExpression>: null

31-03-2025T10:30:17 - [TEST_STEP][PASSED] - ii = <not implemented yet for class: org.codehaus.groovy.ast.expr.EmptyExpression>: null

31-03-2025T10:30:17 - [TEST_STEP][PASSED] - urlData = <not implemented yet for class: org.codehaus.groovy.ast.expr.EmptyExpression>: null

31-03-2025T10:30:17 - [TEST_STEP][PASSED] - searchWord = <not implemented yet for class: org.codehaus.groovy.ast.expr.EmptyExpression>: null

31-03-2025T10:30:17 - [TEST_STEP][PASSED] - urlText = <not implemented yet for class: org.codehaus.groovy.ast.expr.EmptyExpression>: null

31-03-2025T10:30:17 - [TEST_STEP][PASSED] - println("block:" + block): null

31-03-2025T10:30:17 - [TEST_STEP][PASSED] - if (block == 1): null

31-03-2025T10:30:17 - [TEST_STEP][PASSED] - else: null

31-03-2025T10:30:17 - [TEST_STEP][PASSED] - delay(45): Delayed 45 second(s)

31-03-2025T10:31:02 - [MESSAGE][PASSED] - Delayed 45 second(s)

31-03-2025T10:31:02 - [TEST_STEP][PASSED] - nameOfBlock = " Выручка": null

31-03-2025T10:31:02 - [TEST_STEP][PASSED] - println("nameOfBlock:" + nameOfBlock): null

31-03-2025T10:31:02 - [TEST_STEP][PASSED] - if (block == 1): null

31-03-2025T10:31:02 - [TEST_STEP][PASSED] - else: Delayed 45 second(s)

31-03-2025T10:31:02 - [TEST_STEP][PASSED] - urlData = 9: null

31-03-2025T10:31:02 - [TEST_STEP][PASSED] - delay(45): Delayed 45 second(s)

31-03-2025T10:31:47 - [MESSAGE][PASSED] - Delayed 45 second(s)

31-03-2025T10:31:47 - [TEST_STEP][PASSED] - navigateToUrl(findTestData("PlanFact").getValue(10, urlData)): Navigate to 'https://bi.rosseti.digital/viewer?dashboardGuid=a1fd28b3785d443cbc4d7690a1d78e31&sheetGuid=86092a20c5984827a0c87b24cac76a50&fit=true' successfully

31-03-2025T10:31:52 - [MESSAGE][PASSED] - Navigate to 'https://bi.rosseti.digital/viewer?dashboardGuid=a1fd28b3785d443cbc4d7690a1d78e31&sheetGuid=86092a20c5984827a0c87b24cac76a50&fit=true' successfully

31-03-2025T10:31:52 - [TEST_STEP][PASSED] - urlText = getText(findTestObject("Страница авторизации/Text")): Text of object 'Object Repository/Страница авторизации/Text' is: 'Вход'

31-03-2025T10:31:54 - [MESSAGE][PASSED] - Text of object 'Object Repository/Страница авторизации/Text' is: 'Вход'

31-03-2025T10:31:54 - [TEST_STEP][PASSED] - searchWord = "Вход": null

31-03-2025T10:31:54 - [TEST_STEP][PASSED] - if (urlText == null || urlText.contains("ошибка") || urlText.contains(searchWord) == false): null

31-03-2025T10:31:54 - [TEST_STEP][PASSED] - if (verifyElementPresent(findTestObject("Страница авторизации/button_"), 30) == true): null

31-03-2025T10:31:54 - [MESSAGE][PASSED] - Object 'Object Repository/Страница авторизации/button_' is present

31-03-2025T10:31:54 - [TEST_STEP][PASSED] - setText(findTestObject("Страница авторизации/input__username"), findTestData("PlanFact").getValue(8, 1)): Text 'liazgina-di' is set on object 'Object Repository/Страница авторизации/input__username'

31-03-2025T10:31:55 - [MESSAGE][PASSED] - Text 'liazgina-di' is set on object 'Object Repository/Страница авторизации/input__username'

31-03-2025T10:31:55 - [TEST_STEP][PASSED] - setText(findTestObject("Страница авторизации/input__password"), findTestData("PlanFact").getValue(9, 1)): Text ')$%5srZ8o688Dm#q' is set on object 'Object Repository/Страница авторизации/input__password'

31-03-2025T10:31:56 - [MESSAGE][PASSED] - Text ')$%5srZ8o688Dm#q' is set on object 'Object Repository/Страница авторизации/input__password'

31-03-2025T10:31:56 - [TEST_STEP][PASSED] - click(findTestObject("Страница авторизации/button_")): Object: 'Object Repository/Страница авторизации/button_' is clicked on

31-03-2025T10:31:57 - [MESSAGE][PASSED] - Object: 'Object Repository/Страница авторизации/button_' is clicked on

31-03-2025T10:31:57 - [TEST_STEP][PASSED] - delay(45): Delayed 45 second(s)

31-03-2025T10:32:42 - [MESSAGE][PASSED] - Delayed 45 second(s)

31-03-2025T10:32:42 - [TEST_STEP][PASSED] - urlText = getText(findTestObject("Страница авторизации/Text")): Text of object 'Object Repository/Страница авторизации/Text' is: 'Период
Выбрано: 2
Выручка
Все
Выполнение плановых показателей, млн.руб.
План
Факт
Динамика
2025 год
0 млн.руб.
50 000 млн.руб.
100 000 млн.руб.
150 000 млн.руб.
200 000 млн.руб.
250 000 млн.руб.
300 000 млн.руб.
350 000 млн.руб.
400 000 млн.руб.
318 025
284 426
↓
ДЗО 
Все
Подписи данных
⬤Отклонение
АО "РЭС"
АО «Тываэнерго»
АО «Чеченэнерго»
Россети Волга
Россети Кубань
Россети Ленэнерго (ГК)
Россети Московский регион
Россети Северный Кавказ (ГК)
Россети Северо-Запад
Россети Сибирь (ГК)
Россети Томск
Россети Тюмень
Россети Урал (ГК)
Россети ФСК ЕЭС
Россети Центр
Россети Центр и Приволжье (ГК)
Россети Юг (ГК)
Россети Янтарь
-30 000 млн.руб.
-27 500 млн.руб.
-25 000 млн.руб.
-22 500 млн.руб.
-20 000 млн.руб.
-17 500 млн.руб.
-15 000 млн.руб.
-12 500 млн.руб.
-10 000 млн.руб.
-7 500 млн.руб.
-5 000 млн.руб.
-2 500 млн.руб.
0 млн.руб.
2 500 млн.руб.
-170
27
-76
-270
552
-244
-1 353
-805
-232
848
-47
-1 858
-701
-28 384
-520
-484
68
50
млн.
%
Выручка
Отклонение выручки (факт/план, млн. руб) 
ПАО Россети
-33 598.6 млн.руб.
Статус данных
×
Просьба обратить внимание
Данные занесены не полностью
ВЫБРАННЫЕ ЗНАЧЕНИЯ ФИЛЬТРОВ
ДЗО | ПЕРИОД
ПАО Россети: [«Выбраны все филиалы по всем ДЗО по всем категориям»]
2025: [Янв, Фев]
*Внутренний оборот'

31-03-2025T10:32:43 - [MESSAGE][PASSED] - Text of object 'Object Repository/Страница авторизации/Text' is: 'Период
Выбрано: 2
Выручка
Все
Выполнение плановых показателей, млн.руб.
План
Факт
Динамика
2025 год
0 млн.руб.
50 000 млн.руб.
100 000 млн.руб.
150 000 млн.руб.
200 000 млн.руб.
250 000 млн.руб.
300 000 млн.руб.
350 000 млн.руб.
400 000 млн.руб.
318 025
284 426
↓
ДЗО 
Все
Подписи данных
⬤Отклонение
АО "РЭС"
АО «Тываэнерго»
АО «Чеченэнерго»
Россети Волга
Россети Кубань
Россети Ленэнерго (ГК)
Россети Московский регион
Россети Северный Кавказ (ГК)
Россети Северо-Запад
Россети Сибирь (ГК)
Россети Томск
Россети Тюмень
Россети Урал (ГК)
Россети ФСК ЕЭС
Россети Центр
Россети Центр и Приволжье (ГК)
Россети Юг (ГК)
Россети Янтарь
-30 000 млн.руб.
-27 500 млн.руб.
-25 000 млн.руб.
-22 500 млн.руб.
-20 000 млн.руб.
-17 500 млн.руб.
-15 000 млн.руб.
-12 500 млн.руб.
-10 000 млн.руб.
-7 500 млн.руб.
-5 000 млн.руб.
-2 500 млн.руб.
0 млн.руб.
2 500 млн.руб.
-170
27
-76
-270
552
-244
-1 353
-805
-232
848
-47
-1 858
-701
-28 384
-520
-484
68
50
млн.
%
Выручка
Отклонение выручки (факт/план, млн. руб) 
ПАО Россети
-33 598.6 млн.руб.
Статус данных
×
Просьба обратить внимание
Данные занесены не полностью
ВЫБРАННЫЕ ЗНАЧЕНИЯ ФИЛЬТРОВ
ДЗО | ПЕРИОД
ПАО Россети: [«Выбраны все филиалы по всем ДЗО по всем категориям»]
2025: [Янв, Фев]
*Внутренний оборот'

31-03-2025T10:32:43 - [TEST_STEP][PASSED] - searchWord = "а": null

31-03-2025T10:32:43 - [TEST_STEP][PASSED] - if (urlText.contains("ошибка") || urlText.contains(searchWord) == false): null

31-03-2025T10:32:43 - [TEST_STEP][PASSED] - delay(45): Delayed 45 second(s)

31-03-2025T10:33:28 - [MESSAGE][PASSED] - Delayed 45 second(s)

31-03-2025T10:33:28 - [TEST_STEP][PASSED] - if (block == 2): Delayed 50 second(s)

31-03-2025T10:33:28 - [TEST_STEP][PASSED] - opoveshenie = getText(findTestObject("Выручка в рублях/Просьба обратить внимание")): Text of object 'Object Repository/Выручка в рублях/Просьба обратить внимание' is: 'Просьба обратить внимание'

31-03-2025T10:33:28 - [MESSAGE][PASSED] - Text of object 'Object Repository/Выручка в рублях/Просьба обратить внимание' is: 'Просьба обратить внимание'

31-03-2025T10:33:28 - [TEST_STEP][PASSED] - if (opoveshenie == "Просьба обратить внимание"): Delayed 50 second(s)

31-03-2025T10:33:28 - [TEST_STEP][PASSED] - click(findTestObject("Выручка в рублях/Закрыть оповещение")): Object: 'Object Repository/Выручка в рублях/Закрыть оповещение' is clicked on

31-03-2025T10:33:28 - [MESSAGE][PASSED] - Object: 'Object Repository/Выручка в рублях/Закрыть оповещение' is clicked on

31-03-2025T10:33:28 - [TEST_STEP][PASSED] - delay(50): Delayed 50 second(s)

31-03-2025T10:34:18 - [MESSAGE][PASSED] - Delayed 50 second(s)

31-03-2025T10:34:18 - [TEST_STEP][PASSED] - click(findTestObject("Выручка в рублях/Фильтр Период" + nameOfBlock)): Object: 'Object Repository/Выручка в рублях/Фильтр Период Выручка' is clicked on

31-03-2025T10:34:19 - [MESSAGE][PASSED] - Object: 'Object Repository/Выручка в рублях/Фильтр Период Выручка' is clicked on

31-03-2025T10:34:19 - [TEST_STEP][PASSED] - click(findTestObject("Выручка в рублях/Снять выделение в фильтре Дата" + nameOfBlock)): Object: 'Object Repository/Выручка в рублях/Снять выделение в фильтре Дата Выручка' is clicked on

31-03-2025T10:34:19 - [MESSAGE][PASSED] - Object: 'Object Repository/Выручка в рублях/Снять выделение в фильтре Дата Выручка' is clicked on

31-03-2025T10:34:19 - [TEST_STEP][PASSED] - click(findTestObject("Выручка в рублях/Применить в фильтре Дата" + nameOfBlock)): Object: 'Object Repository/Выручка в рублях/Применить в фильтре Дата Выручка' is clicked on

31-03-2025T10:34:20 - [MESSAGE][PASSED] - Object: 'Object Repository/Выручка в рублях/Применить в фильтре Дата Выручка' is clicked on

31-03-2025T10:34:20 - [TEST_STEP][PASSED] - delay(50): Delayed 50 second(s)

31-03-2025T10:35:10 - [MESSAGE][PASSED] - Delayed 50 second(s)

31-03-2025T10:35:10 - [TEST_STEP][PASSED] - click(findTestObject("Выручка в рублях/Фильтр Период" + nameOfBlock)): Object: 'Object Repository/Выручка в рублях/Фильтр Период Выручка' is clicked on

31-03-2025T10:35:10 - [MESSAGE][PASSED] - Object: 'Object Repository/Выручка в рублях/Фильтр Период Выручка' is clicked on

31-03-2025T10:35:10 - [TEST_STEP][PASSED] - click(findTestObject("Выручка в рублях/Снять выделение в фильтре Дата" + nameOfBlock)): Object: 'Object Repository/Выручка в рублях/Снять выделение в фильтре Дата Выручка' is clicked on

31-03-2025T10:35:11 - [MESSAGE][PASSED] - Object: 'Object Repository/Выручка в рублях/Снять выделение в фильтре Дата Выручка' is clicked on

31-03-2025T10:35:11 - [TEST_STEP][PASSED] - scrollToElement(findTestObject("Выручка в рублях/2025 список" + nameOfBlock), 30): Scroll to object 'Object Repository/Выручка в рублях/2025 список Выручка' successfully

31-03-2025T10:35:11 - [MESSAGE][PASSED] - Scroll to object 'Object Repository/Выручка в рублях/2025 список Выручка' successfully

31-03-2025T10:35:11 - [TEST_STEP][PASSED] - click(findTestObject("Выручка в рублях/2025 список" + nameOfBlock)): Object: 'Object Repository/Выручка в рублях/2025 список Выручка' is clicked on

31-03-2025T10:35:11 - [MESSAGE][PASSED] - Object: 'Object Repository/Выручка в рублях/2025 список Выручка' is clicked on

31-03-2025T10:35:11 - [TEST_STEP][PASSED] - scrollToElement(findTestObject("Выручка в рублях/1 квартал 2025 список Выручка"), 30): Scroll to object 'Object Repository/Выручка в рублях/1 квартал 2025 список Выручка' successfully

31-03-2025T10:35:12 - [MESSAGE][PASSED] - Scroll to object 'Object Repository/Выручка в рублях/1 квартал 2025 список Выручка' successfully

31-03-2025T10:35:12 - [TEST_STEP][PASSED] - click(findTestObject("Выручка в рублях/1 квартал 2025 список" + nameOfBlock)): Object: 'Object Repository/Выручка в рублях/1 квартал 2025 список Выручка' is clicked on

31-03-2025T10:35:12 - [MESSAGE][PASSED] - Object: 'Object Repository/Выручка в рублях/1 квартал 2025 список Выручка' is clicked on

31-03-2025T10:35:12 - [TEST_STEP][PASSED] - scrollToElement(findTestObject("Выручка в рублях/Январь 2025" + nameOfBlock), 30): Scroll to object 'Object Repository/Выручка в рублях/Январь 2025 Выручка' successfully

31-03-2025T10:35:12 - [MESSAGE][PASSED] - Scroll to object 'Object Repository/Выручка в рублях/Январь 2025 Выручка' successfully

31-03-2025T10:35:12 - [TEST_STEP][PASSED] - click(findTestObject("Выручка в рублях/Январь 2025" + nameOfBlock)): Object: 'Object Repository/Выручка в рублях/Январь 2025 Выручка' is clicked on

31-03-2025T10:35:13 - [MESSAGE][PASSED] - Object: 'Object Repository/Выручка в рублях/Январь 2025 Выручка' is clicked on

31-03-2025T10:35:13 - [TEST_STEP][PASSED] - scrollToElement(findTestObject("Выручка в рублях/Февраль 2025" + nameOfBlock), 30): Scroll to object 'Object Repository/Выручка в рублях/Февраль 2025 Выручка' successfully

31-03-2025T10:35:13 - [MESSAGE][PASSED] - Scroll to object 'Object Repository/Выручка в рублях/Февраль 2025 Выручка' successfully

31-03-2025T10:35:13 - [TEST_STEP][PASSED] - click(findTestObject("Выручка в рублях/Февраль 2025" + nameOfBlock)): Object: 'Object Repository/Выручка в рублях/Февраль 2025 Выручка' is clicked on

31-03-2025T10:35:14 - [MESSAGE][PASSED] - Object: 'Object Repository/Выручка в рублях/Февраль 2025 Выручка' is clicked on

31-03-2025T10:35:14 - [TEST_STEP][PASSED] - scrollToElement(findTestObject("Выручка в рублях/Заголовок дашборда" + nameOfBlock), 30): Scroll to object 'Object Repository/Выручка в рублях/Заголовок дашборда Выручка' successfully

31-03-2025T10:35:14 - [MESSAGE][PASSED] - Scroll to object 'Object Repository/Выручка в рублях/Заголовок дашборда Выручка' successfully

31-03-2025T10:35:14 - [TEST_STEP][PASSED] - click(findTestObject("Выручка в рублях/Применить в фильтре Дата" + nameOfBlock)): Object: 'Object Repository/Выручка в рублях/Применить в фильтре Дата Выручка' is clicked on

31-03-2025T10:35:15 - [MESSAGE][PASSED] - Object: 'Object Repository/Выручка в рублях/Применить в фильтре Дата Выручка' is clicked on

31-03-2025T10:35:15 - [TEST_STEP][PASSED] - delay(55): Delayed 55 second(s)

31-03-2025T10:36:10 - [MESSAGE][PASSED] - Delayed 55 second(s)

31-03-2025T10:36:10 - [TEST_STEP][PASSED] - click(findTestObject("Выручка в рублях/Фильтр ДЗО" + nameOfBlock)): Object: 'Object Repository/Выручка в рублях/Фильтр ДЗО Выручка' is clicked on

31-03-2025T10:36:10 - [MESSAGE][PASSED] - Object: 'Object Repository/Выручка в рублях/Фильтр ДЗО Выручка' is clicked on

31-03-2025T10:36:10 - [TEST_STEP][PASSED] - click(findTestObject("Выручка в рублях/Снять выделение в фильтре ДЗО" + nameOfBlock)): Object: 'Object Repository/Выручка в рублях/Снять выделение в фильтре ДЗО Выручка' is clicked on

31-03-2025T10:36:10 - [MESSAGE][PASSED] - Object: 'Object Repository/Выручка в рублях/Снять выделение в фильтре ДЗО Выручка' is clicked on

31-03-2025T10:36:10 - [TEST_STEP][PASSED] - click(findTestObject("Выручка в рублях/Применить в фильтре ДЗО" + nameOfBlock)): Object: 'Object Repository/Выручка в рублях/Применить в фильтре ДЗО Выручка' is clicked on

31-03-2025T10:36:11 - [MESSAGE][PASSED] - Object: 'Object Repository/Выручка в рублях/Применить в фильтре ДЗО Выручка' is clicked on

31-03-2025T10:36:11 - [TEST_STEP][PASSED] - delay(50): Delayed 50 second(s)

31-03-2025T10:37:01 - [MESSAGE][PASSED] - Delayed 50 second(s)

31-03-2025T10:37:01 - [TEST_STEP][PASSED] - Script1742558545601.Tumbler(run, vir, block, nameOfBlock): null

31-03-2025T10:37:01 - [TEST_STEP][PASSED] - println("run:" + run): null

31-03-2025T10:37:01 - [TEST_STEP][PASSED] - println("vir:" + vir): null

31-03-2025T10:37:01 - [TEST_STEP][PASSED] - println("block:" + block): null

31-03-2025T10:37:01 - [TEST_STEP][PASSED] - println("nameOfBlock:" + nameOfBlock): null

31-03-2025T10:37:01 - [TEST_STEP][PASSED] - if (vir == 1): null

31-03-2025T10:37:01 - [TEST_STEP][PASSED] - if (run == 2): null

31-03-2025T10:37:01 - [TEST_STEP][PASSED] - click(findTestObject("Выручка в рублях/Фильтр ДЗО" + nameOfBlock)): Object: 'Object Repository/Выручка в рублях/Фильтр ДЗО Выручка' is clicked on

31-03-2025T10:37:01 - [MESSAGE][PASSED] - Object: 'Object Repository/Выручка в рублях/Фильтр ДЗО Выручка' is clicked on

31-03-2025T10:37:01 - [TEST_STEP][PASSED] - Script1742558545601.Rosseti(nameOfBlock): null

31-03-2025T10:37:01 - [TEST_STEP][PASSED] - println("nameOfBlock:" + nameOfBlock): null

31-03-2025T10:37:01 - [TEST_STEP][PASSED] - click(findTestObject("Выручка в рублях/ПАО Россети" + nameOfBlock)): Object: 'Object Repository/Выручка в рублях/ПАО Россети Выручка' is clicked on

31-03-2025T10:37:02 - [MESSAGE][PASSED] - Object: 'Object Repository/Выручка в рублях/ПАО Россети Выручка' is clicked on

31-03-2025T10:37:02 - [TEST_STEP][PASSED] - click(findTestObject("Выручка в рублях/Применить в фильтре ДЗО" + nameOfBlock)): Object: 'Object Repository/Выручка в рублях/Применить в фильтре ДЗО Выручка' is clicked on

31-03-2025T10:37:03 - [MESSAGE][PASSED] - Object: 'Object Repository/Выручка в рублях/Применить в фильтре ДЗО Выручка' is clicked on

31-03-2025T10:37:03 - [TEST_STEP][PASSED] - if (vir == 1 || vir == 2): Text of object 'Object Repository/Выручка в рублях/График План Выручка' is: '318 025'

31-03-2025T10:37:03 - [TEST_STEP][PASSED] - b1 = getText(findTestObject("Выручка в рублях/График План Выручка")): Text of object 'Object Repository/Выручка в рублях/График План Выручка' is: '318 025'

31-03-2025T10:37:05 - [MESSAGE][PASSED] - Text of object 'Object Repository/Выручка в рублях/График План Выручка' is: '318 025'

31-03-2025T10:37:05 - [TEST_STEP][PASSED] - if (vir == 1 || vir == 2): Text of object 'Object Repository/Выручка в рублях/График Факт Выручка' is: '284 426'

31-03-2025T10:37:05 - [TEST_STEP][PASSED] - b2 = getText(findTestObject("Выручка в рублях/График Факт Выручка")): Text of object 'Object Repository/Выручка в рублях/График Факт Выручка' is: '284 426'

31-03-2025T10:37:05 - [MESSAGE][PASSED] - Text of object 'Object Repository/Выручка в рублях/График Факт Выручка' is: '284 426'

31-03-2025T10:37:05 - [TEST_STEP][PASSED] - b30 = getText(findTestObject("Выручка в рублях/span1" + perc)): Text of object 'Object Repository/Выручка в рублях/span1' is: '-33 598.6 млн.руб.'

31-03-2025T10:37:05 - [MESSAGE][PASSED] - Text of object 'Object Repository/Выручка в рублях/span1' is: '-33 598.6 млн.руб.'

31-03-2025T10:37:05 - [TEST_STEP][PASSED] - i = b30.indexOf("млн.руб."): null

31-03-2025T10:37:05 - [TEST_STEP][PASSED] - if (i > -1): null

31-03-2025T10:37:05 - [TEST_STEP][PASSED] - b30 = b30.substring(0, i): null

31-03-2025T10:37:05 - [TEST_STEP][PASSED] - b30 = b30.replaceAll(" ", ""): null

31-03-2025T10:37:05 - [TEST_STEP][PASSED] - if (b30.contains("%")): null

31-03-2025T10:37:05 - [TEST_STEP][PASSED] - b30 = ").trim(): null

31-03-2025T10:37:05 - [TEST_STEP][PASSED] - println("b30: " + b30): null

31-03-2025T10:37:05 - [TEST_STEP][PASSED] - if (vir == 1): Text of object 'Object Repository/Выручка в рублях/span19' is: '50'

31-03-2025T10:37:05 - [TEST_STEP][PASSED] - b31 = ").trim(): Text of object 'Object Repository/Выручка в рублях/span2' is: '-170'

31-03-2025T10:37:06 - [MESSAGE][PASSED] - Text of object 'Object Repository/Выручка в рублях/span2' is: '-170'

31-03-2025T10:37:06 - [TEST_STEP][PASSED] - b32 = ").trim(): Text of object 'Object Repository/Выручка в рублях/span3' is: '27'

31-03-2025T10:37:06 - [MESSAGE][PASSED] - Text of object 'Object Repository/Выручка в рублях/span3' is: '27'

31-03-2025T10:37:06 - [TEST_STEP][PASSED] - b33 = ").trim(): Text of object 'Object Repository/Выручка в рублях/span4' is: '-76'

31-03-2025T10:37:06 - [MESSAGE][PASSED] - Text of object 'Object Repository/Выручка в рублях/span4' is: '-76'

31-03-2025T10:37:06 - [TEST_STEP][PASSED] - b34 = ").trim(): Text of object 'Object Repository/Выручка в рублях/span5' is: '-270'

31-03-2025T10:37:07 - [MESSAGE][PASSED] - Text of object 'Object Repository/Выручка в рублях/span5' is: '-270'

31-03-2025T10:37:07 - [TEST_STEP][PASSED] - b35 = ").trim(): Text of object 'Object Repository/Выручка в рублях/span6' is: '552'

31-03-2025T10:37:07 - [MESSAGE][PASSED] - Text of object 'Object Repository/Выручка в рублях/span6' is: '552'

31-03-2025T10:37:07 - [TEST_STEP][PASSED] - b36 = ").trim(): Text of object 'Object Repository/Выручка в рублях/span7' is: '-244'

31-03-2025T10:37:07 - [MESSAGE][PASSED] - Text of object 'Object Repository/Выручка в рублях/span7' is: '-244'

31-03-2025T10:37:07 - [TEST_STEP][PASSED] - b37 = ").trim(): Text of object 'Object Repository/Выручка в рублях/span8' is: '-1 353'

31-03-2025T10:37:07 - [MESSAGE][PASSED] - Text of object 'Object Repository/Выручка в рублях/span8' is: '-1 353'

31-03-2025T10:37:07 - [TEST_STEP][PASSED] - b38 = ").trim(): Text of object 'Object Repository/Выручка в рублях/span9' is: '-805'

31-03-2025T10:37:08 - [MESSAGE][PASSED] - Text of object 'Object Repository/Выручка в рублях/span9' is: '-805'

31-03-2025T10:37:08 - [TEST_STEP][PASSED] - b39 = ").trim(): Text of object 'Object Repository/Выручка в рублях/span10' is: '-232'

31-03-2025T10:37:08 - [MESSAGE][PASSED] - Text of object 'Object Repository/Выручка в рублях/span10' is: '-232'

31-03-2025T10:37:08 - [TEST_STEP][PASSED] - b310 = ").trim(): Text of object 'Object Repository/Выручка в рублях/span11' is: '848'

31-03-2025T10:37:08 - [MESSAGE][PASSED] - Text of object 'Object Repository/Выручка в рублях/span11' is: '848'

31-03-2025T10:37:08 - [TEST_STEP][PASSED] - b311 = ").trim(): Text of object 'Object Repository/Выручка в рублях/span12' is: '-47'

31-03-2025T10:37:09 - [MESSAGE][PASSED] - Text of object 'Object Repository/Выручка в рублях/span12' is: '-47'

31-03-2025T10:37:09 - [TEST_STEP][PASSED] - b312 = ").trim(): Text of object 'Object Repository/Выручка в рублях/span13' is: '-1 858'

31-03-2025T10:37:09 - [MESSAGE][PASSED] - Text of object 'Object Repository/Выручка в рублях/span13' is: '-1 858'

31-03-2025T10:37:09 - [TEST_STEP][PASSED] - b313 = ").trim(): Text of object 'Object Repository/Выручка в рублях/span14' is: '-701'

31-03-2025T10:37:09 - [MESSAGE][PASSED] - Text of object 'Object Repository/Выручка в рублях/span14' is: '-701'

31-03-2025T10:37:09 - [TEST_STEP][PASSED] - b314 = ").trim(): Text of object 'Object Repository/Выручка в рублях/span15' is: '-28 384'

31-03-2025T10:37:09 - [MESSAGE][PASSED] - Text of object 'Object Repository/Выручка в рублях/span15' is: '-28 384'

31-03-2025T10:37:09 - [TEST_STEP][PASSED] - b315 = ").trim(): Text of object 'Object Repository/Выручка в рублях/span16' is: '-520'

31-03-2025T10:37:10 - [MESSAGE][PASSED] - Text of object 'Object Repository/Выручка в рублях/span16' is: '-520'

31-03-2025T10:37:10 - [TEST_STEP][PASSED] - b316 = ").trim(): Text of object 'Object Repository/Выручка в рублях/span17' is: '-484'

31-03-2025T10:37:10 - [MESSAGE][PASSED] - Text of object 'Object Repository/Выручка в рублях/span17' is: '-484'

31-03-2025T10:37:10 - [TEST_STEP][PASSED] - b317 = ").trim(): Text of object 'Object Repository/Выручка в рублях/span18' is: '68'

31-03-2025T10:37:10 - [MESSAGE][PASSED] - Text of object 'Object Repository/Выручка в рублях/span18' is: '68'

31-03-2025T10:37:10 - [TEST_STEP][PASSED] - b318 = ").trim(): Text of object 'Object Repository/Выручка в рублях/span19' is: '50'

31-03-2025T10:37:11 - [MESSAGE][PASSED] - Text of object 'Object Repository/Выручка в рублях/span19' is: '50'

31-03-2025T10:37:11 - [TEST_STEP][PASSED] - dZO = "ПАО Россети": null

31-03-2025T10:37:11 - [TEST_STEP][PASSED] - if (verifyEqual(a1, b1) == false): Actual object '318 025' and expected object '318 025' are equal

31-03-2025T10:37:11 - [MESSAGE][PASSED] - Actual object '318 025' and expected object '318 025' are equal

31-03-2025T10:37:11 - [TEST_STEP][PASSED] - if (verifyEqual(a2, b2) == false): Actual object '284 426' and expected object '284 426' are equal

31-03-2025T10:37:11 - [MESSAGE][PASSED] - Actual object '284 426' and expected object '284 426' are equal

31-03-2025T10:37:11 - [TEST_STEP][PASSED] - vidget = "Отклонения": null

31-03-2025T10:37:11 - [TEST_STEP][PASSED] - if (verifyEqual(a30, b30) == false): Actual object '-33598.6' and expected object '-33598.6' are equal

31-03-2025T10:37:11 - [MESSAGE][PASSED] - Actual object '-33598.6' and expected object '-33598.6' are equal

31-03-2025T10:37:11 - [TEST_STEP][PASSED] - dZO = "АО «РЭС»": null

31-03-2025T10:37:11 - [TEST_STEP][PASSED] - if (verifyEqual(a31, b31) == false): Actual object '-170' and expected object '-170' are equal

31-03-2025T10:37:11 - [MESSAGE][PASSED] - Actual object '-170' and expected object '-170' are equal

31-03-2025T10:37:11 - [TEST_STEP][PASSED] - dZO = "АО «Тываэнерго»": null

31-03-2025T10:37:11 - [TEST_STEP][PASSED] - if (verifyEqual(a32, b32) == false): Actual object '27' and expected object '27' are equal

31-03-2025T10:37:11 - [MESSAGE][PASSED] - Actual object '27' and expected object '27' are equal

31-03-2025T10:37:11 - [TEST_STEP][PASSED] - dZO = "АО «Чеченэнерго»": null

31-03-2025T10:37:11 - [TEST_STEP][PASSED] - if (verifyEqual(a33, b33) == false): Actual object '-76' and expected object '-76' are equal

31-03-2025T10:37:11 - [MESSAGE][PASSED] - Actual object '-76' and expected object '-76' are equal

31-03-2025T10:37:11 - [TEST_STEP][PASSED] - dZO = "Россети Волга": null

31-03-2025T10:37:11 - [TEST_STEP][PASSED] - if (verifyEqual(a34, b34) == false): Actual object '-270' and expected object '-270' are equal

31-03-2025T10:37:11 - [MESSAGE][PASSED] - Actual object '-270' and expected object '-270' are equal

31-03-2025T10:37:11 - [TEST_STEP][PASSED] - dZO = "Россети Кубань": null

31-03-2025T10:37:11 - [TEST_STEP][PASSED] - if (verifyEqual(a35, b35) == false): Actual object '552' and expected object '552' are equal

31-03-2025T10:37:11 - [MESSAGE][PASSED] - Actual object '552' and expected object '552' are equal

31-03-2025T10:37:11 - [TEST_STEP][PASSED] - dZO = "Россети Ленэнерго (ГК)": null

31-03-2025T10:37:11 - [TEST_STEP][PASSED] - if (verifyEqual(a36, b36) == false): Actual object '-244' and expected object '-244' are equal

31-03-2025T10:37:11 - [MESSAGE][PASSED] - Actual object '-244' and expected object '-244' are equal

31-03-2025T10:37:11 - [TEST_STEP][PASSED] - dZO = "Россети Московский регион": null

31-03-2025T10:37:11 - [TEST_STEP][PASSED] - if (verifyEqual(a37, b37) == false): Actual object '-1 353' and expected object '-1 353' are equal

31-03-2025T10:37:11 - [MESSAGE][PASSED] - Actual object '-1 353' and expected object '-1 353' are equal

31-03-2025T10:37:11 - [TEST_STEP][PASSED] - dZO = "Россети Северный Кавказ (ГК)": null

31-03-2025T10:37:11 - [TEST_STEP][PASSED] - if (verifyEqual(a38, b38) == false): Actual object '-805' and expected object '-805' are equal

31-03-2025T10:37:11 - [MESSAGE][PASSED] - Actual object '-805' and expected object '-805' are equal

31-03-2025T10:37:11 - [TEST_STEP][PASSED] - dZO = "Россети Северо-Запад": null

31-03-2025T10:37:11 - [TEST_STEP][PASSED] - if (verifyEqual(a39, b39) == false): Actual object '-232' and expected object '-232' are equal

31-03-2025T10:37:11 - [MESSAGE][PASSED] - Actual object '-232' and expected object '-232' are equal

31-03-2025T10:37:11 - [TEST_STEP][PASSED] - dZO = "Россети Сибирь (ГК)": null

31-03-2025T10:37:11 - [TEST_STEP][PASSED] - if (verifyEqual(a310, b310) == false): Actual object '848' and expected object '848' are equal

31-03-2025T10:37:11 - [MESSAGE][PASSED] - Actual object '848' and expected object '848' are equal

31-03-2025T10:37:11 - [TEST_STEP][PASSED] - dZO = "Россети Томск": null

31-03-2025T10:37:11 - [TEST_STEP][PASSED] - if (verifyEqual(a311, b311) == false): Actual object '-47' and expected object '-47' are equal

31-03-2025T10:37:11 - [MESSAGE][PASSED] - Actual object '-47' and expected object '-47' are equal

31-03-2025T10:37:11 - [TEST_STEP][PASSED] - dZO = "Россети Тюмень": null

31-03-2025T10:37:11 - [TEST_STEP][PASSED] - if (verifyEqual(a312, b312) == false): Actual object '-1 858' and expected object '-1 858' are equal

31-03-2025T10:37:11 - [MESSAGE][PASSED] - Actual object '-1 858' and expected object '-1 858' are equal

31-03-2025T10:37:11 - [TEST_STEP][PASSED] - dZO = "Россети Урал (ГК)": null

31-03-2025T10:37:11 - [TEST_STEP][PASSED] - if (verifyEqual(a313, b313) == false): Actual object '-701' and expected object '-701' are equal

31-03-2025T10:37:11 - [MESSAGE][PASSED] - Actual object '-701' and expected object '-701' are equal

31-03-2025T10:37:11 - [TEST_STEP][PASSED] - dZO = "Россети ФСК ЕЭС": null

31-03-2025T10:37:11 - [TEST_STEP][PASSED] - if (verifyEqual(a314, b314) == false): Actual object '-28 384' and expected object '-28 384' are equal

31-03-2025T10:37:11 - [MESSAGE][PASSED] - Actual object '-28 384' and expected object '-28 384' are equal

31-03-2025T10:37:11 - [TEST_STEP][PASSED] - dZO = "Россети Центр": null

31-03-2025T10:37:11 - [TEST_STEP][PASSED] - if (verifyEqual(a315, b315) == false): Actual object '-520' and expected object '-520' are equal

31-03-2025T10:37:11 - [MESSAGE][PASSED] - Actual object '-520' and expected object '-520' are equal

31-03-2025T10:37:11 - [TEST_STEP][PASSED] - dZO = "Россети Центр и Приволжье (ГК)": null

31-03-2025T10:37:11 - [TEST_STEP][PASSED] - if (verifyEqual(a316, b316) == false): Actual object '-484' and expected object '-484' are equal

31-03-2025T10:37:11 - [MESSAGE][PASSED] - Actual object '-484' and expected object '-484' are equal

31-03-2025T10:37:11 - [TEST_STEP][PASSED] - dZO = "Россети Юг (ГК)": null

31-03-2025T10:37:11 - [TEST_STEP][PASSED] - if (verifyEqual(a317, b317) == false): Actual object '68' and expected object '68' are equal

31-03-2025T10:37:11 - [MESSAGE][PASSED] - Actual object '68' and expected object '68' are equal

31-03-2025T10:37:11 - [TEST_STEP][PASSED] - dZO = "Россети Янтарь": null

31-03-2025T10:37:11 - [TEST_STEP][PASSED] - if (verifyEqual(a318, b318) == false): Actual object '50' and expected object '50' are equal

31-03-2025T10:37:11 - [MESSAGE][PASSED] - Actual object '50' and expected object '50' are equal

31-03-2025T10:37:11 - [TEST_STEP][PASSED] - closeBrowser(): null

31-03-2025T10:37:11 - [MESSAGE][PASSED] - Browser is closed

31-03-2025T10:37:11 - [TEST_STEP][PASSED] - Script1742558545601.Blocks(run, vir, block, nameOfBlock, typeOfData, viruchka, vidget, todaysDate, a, b, dZO, x, y): null

31-03-2025T10:37:11 - [TEST_STEP][PASSED] - i = <not implemented yet for class: org.codehaus.groovy.ast.expr.EmptyExpression>: null

31-03-2025T10:37:11 - [TEST_STEP][PASSED] - perc = "": null

31-03-2025T10:37:11 - [TEST_STEP][PASSED] - a1 = <not implemented yet for class: org.codehaus.groovy.ast.expr.EmptyExpression>: null

31-03-2025T10:37:11 - [TEST_STEP][PASSED] - a2 = <not implemented yet for class: org.codehaus.groovy.ast.expr.EmptyExpression>: null

31-03-2025T10:37:11 - [TEST_STEP][PASSED] - a30 = <not implemented yet for class: org.codehaus.groovy.ast.expr.EmptyExpression>: null

31-03-2025T10:37:11 - [TEST_STEP][PASSED] - a31 = <not implemented yet for class: org.codehaus.groovy.ast.expr.EmptyExpression>: null

31-03-2025T10:37:11 - [TEST_STEP][PASSED] - a32 = <not implemented yet for class: org.codehaus.groovy.ast.expr.EmptyExpression>: null

31-03-2025T10:37:11 - [TEST_STEP][PASSED] - a33 = <not implemented yet for class: org.codehaus.groovy.ast.expr.EmptyExpression>: null

31-03-2025T10:37:11 - [TEST_STEP][PASSED] - a34 = <not implemented yet for class: org.codehaus.groovy.ast.expr.EmptyExpression>: null

31-03-2025T10:37:11 - [TEST_STEP][PASSED] - a35 = <not implemented yet for class: org.codehaus.groovy.ast.expr.EmptyExpression>: null

31-03-2025T10:37:11 - [TEST_STEP][PASSED] - a36 = <not implemented yet for class: org.codehaus.groovy.ast.expr.EmptyExpression>: null

31-03-2025T10:37:11 - [TEST_STEP][PASSED] - a37 = <not implemented yet for class: org.codehaus.groovy.ast.expr.EmptyExpression>: null

31-03-2025T10:37:11 - [TEST_STEP][PASSED] - a38 = <not implemented yet for class: org.codehaus.groovy.ast.expr.EmptyExpression>: null

31-03-2025T10:37:11 - [TEST_STEP][PASSED] - a39 = <not implemented yet for class: org.codehaus.groovy.ast.expr.EmptyExpression>: null

31-03-2025T10:37:11 - [TEST_STEP][PASSED] - a310 = <not implemented yet for class: org.codehaus.groovy.ast.expr.EmptyExpression>: null

31-03-2025T10:37:11 - [TEST_STEP][PASSED] - a311 = <not implemented yet for class: org.codehaus.groovy.ast.expr.EmptyExpression>: null

31-03-2025T10:37:11 - [TEST_STEP][PASSED] - a312 = <not implemented yet for class: org.codehaus.groovy.ast.expr.EmptyExpression>: null

31-03-2025T10:37:11 - [TEST_STEP][PASSED] - a313 = <not implemented yet for class: org.codehaus.groovy.ast.expr.EmptyExpression>: null

31-03-2025T10:37:11 - [TEST_STEP][PASSED] - a314 = <not implemented yet for class: org.codehaus.groovy.ast.expr.EmptyExpression>: null

31-03-2025T10:37:11 - [TEST_STEP][PASSED] - a315 = <not implemented yet for class: org.codehaus.groovy.ast.expr.EmptyExpression>: null

31-03-2025T10:37:11 - [TEST_STEP][PASSED] - a316 = <not implemented yet for class: org.codehaus.groovy.ast.expr.EmptyExpression>: null

31-03-2025T10:37:11 - [TEST_STEP][PASSED] - a317 = <not implemented yet for class: org.codehaus.groovy.ast.expr.EmptyExpression>: null

31-03-2025T10:37:11 - [TEST_STEP][PASSED] - a318 = <not implemented yet for class: org.codehaus.groovy.ast.expr.EmptyExpression>: null

31-03-2025T10:37:11 - [TEST_STEP][PASSED] - b1 = <not implemented yet for class: org.codehaus.groovy.ast.expr.EmptyExpression>: null

31-03-2025T10:37:11 - [TEST_STEP][PASSED] - b2 = <not implemented yet for class: org.codehaus.groovy.ast.expr.EmptyExpression>: null

31-03-2025T10:37:11 - [TEST_STEP][PASSED] - b30 = <not implemented yet for class: org.codehaus.groovy.ast.expr.EmptyExpression>: null

31-03-2025T10:37:11 - [TEST_STEP][PASSED] - b31 = <not implemented yet for class: org.codehaus.groovy.ast.expr.EmptyExpression>: null

31-03-2025T10:37:11 - [TEST_STEP][PASSED] - b32 = <not implemented yet for class: org.codehaus.groovy.ast.expr.EmptyExpression>: null

31-03-2025T10:37:11 - [TEST_STEP][PASSED] - b33 = <not implemented yet for class: org.codehaus.groovy.ast.expr.EmptyExpression>: null

31-03-2025T10:37:11 - [TEST_STEP][PASSED] - b34 = <not implemented yet for class: org.codehaus.groovy.ast.expr.EmptyExpression>: null

31-03-2025T10:37:11 - [TEST_STEP][PASSED] - b35 = <not implemented yet for class: org.codehaus.groovy.ast.expr.EmptyExpression>: null

31-03-2025T10:37:11 - [TEST_STEP][PASSED] - b36 = <not implemented yet for class: org.codehaus.groovy.ast.expr.EmptyExpression>: null

31-03-2025T10:37:11 - [TEST_STEP][PASSED] - b37 = <not implemented yet for class: org.codehaus.groovy.ast.expr.EmptyExpression>: null

31-03-2025T10:37:11 - [TEST_STEP][PASSED] - b38 = <not implemented yet for class: org.codehaus.groovy.ast.expr.EmptyExpression>: null

31-03-2025T10:37:11 - [TEST_STEP][PASSED] - b39 = <not implemented yet for class: org.codehaus.groovy.ast.expr.EmptyExpression>: null

31-03-2025T10:37:11 - [TEST_STEP][PASSED] - b310 = <not implemented yet for class: org.codehaus.groovy.ast.expr.EmptyExpression>: null

31-03-2025T10:37:11 - [TEST_STEP][PASSED] - b311 = <not implemented yet for class: org.codehaus.groovy.ast.expr.EmptyExpression>: null

31-03-2025T10:37:11 - [TEST_STEP][PASSED] - b312 = <not implemented yet for class: org.codehaus.groovy.ast.expr.EmptyExpression>: null

31-03-2025T10:37:11 - [TEST_STEP][PASSED] - b313 = <not implemented yet for class: org.codehaus.groovy.ast.expr.EmptyExpression>: null

31-03-2025T10:37:11 - [TEST_STEP][PASSED] - b314 = <not implemented yet for class: org.codehaus.groovy.ast.expr.EmptyExpression>: null

31-03-2025T10:37:11 - [TEST_STEP][PASSED] - b315 = <not implemented yet for class: org.codehaus.groovy.ast.expr.EmptyExpression>: null

31-03-2025T10:37:11 - [TEST_STEP][PASSED] - b316 = <not implemented yet for class: org.codehaus.groovy.ast.expr.EmptyExpression>: null

31-03-2025T10:37:11 - [TEST_STEP][PASSED] - b317 = <not implemented yet for class: org.codehaus.groovy.ast.expr.EmptyExpression>: null

31-03-2025T10:37:11 - [TEST_STEP][PASSED] - b318 = <not implemented yet for class: org.codehaus.groovy.ast.expr.EmptyExpression>: null

31-03-2025T10:37:11 - [TEST_STEP][PASSED] - block = 1: null

31-03-2025T10:37:11 - [TEST_STEP][PASSED] - nameOfBlock = "": null

31-03-2025T10:37:11 - [TEST_STEP][PASSED] - Script1742558545601.PreSettings(run, vir, block, nameOfBlock, typeOfData, todaysDate): null

31-03-2025T10:37:11 - [TEST_STEP][PASSED] - openBrowser(""): Browser is opened with url: ''

31-03-2025T10:37:11 - [MESSAGE][INFO] - Starting 'Chrome' driver

31-03-2025T10:37:11 - [MESSAGE][INFO] - Action delay is set to 0 milliseconds

31-03-2025T10:37:12 - [MESSAGE][PASSED] - Browser is opened with url: ''

31-03-2025T10:37:12 - [TEST_STEP][PASSED] - refresh(): Refresh successfully

31-03-2025T10:37:12 - [MESSAGE][PASSED] - Refresh successfully

31-03-2025T10:37:12 - [TEST_STEP][PASSED] - delay(50): Delayed 50 second(s)

31-03-2025T10:38:02 - [MESSAGE][PASSED] - Delayed 50 second(s)

31-03-2025T10:38:02 - [TEST_STEP][PASSED] - println("run:" + run): null

31-03-2025T10:38:02 - [TEST_STEP][PASSED] - println("vir:" + vir): null

31-03-2025T10:38:02 - [TEST_STEP][PASSED] - println("block:" + block): null

31-03-2025T10:38:02 - [TEST_STEP][PASSED] - if (block == 1): null

31-03-2025T10:38:02 - [TEST_STEP][PASSED] - nameOfBlock = "": null

31-03-2025T10:38:02 - [TEST_STEP][PASSED] - println("nameOfBlock:" + nameOfBlock): null

31-03-2025T10:38:02 - [TEST_STEP][PASSED] - println("typeOfData:" + typeOfData): null

31-03-2025T10:38:02 - [TEST_STEP][PASSED] - println("todaysDate:" + todaysDate): null

31-03-2025T10:38:02 - [TEST_STEP][PASSED] - Script1742558545601.Autorization(block, nameOfBlock): null

31-03-2025T10:38:02 - [TEST_STEP][PASSED] - i = <not implemented yet for class: org.codehaus.groovy.ast.expr.EmptyExpression>: null

31-03-2025T10:38:02 - [TEST_STEP][PASSED] - ii = <not implemented yet for class: org.codehaus.groovy.ast.expr.EmptyExpression>: null

31-03-2025T10:38:02 - [TEST_STEP][PASSED] - urlData = <not implemented yet for class: org.codehaus.groovy.ast.expr.EmptyExpression>: null

31-03-2025T10:38:02 - [TEST_STEP][PASSED] - searchWord = <not implemented yet for class: org.codehaus.groovy.ast.expr.EmptyExpression>: null

31-03-2025T10:38:02 - [TEST_STEP][PASSED] - urlText = <not implemented yet for class: org.codehaus.groovy.ast.expr.EmptyExpression>: null

31-03-2025T10:38:02 - [TEST_STEP][PASSED] - println("block:" + block): null

31-03-2025T10:38:02 - [TEST_STEP][PASSED] - if (block == 1): null

31-03-2025T10:38:02 - [TEST_STEP][PASSED] - nameOfBlock = "": null

31-03-2025T10:38:02 - [TEST_STEP][PASSED] - println("nameOfBlock:" + nameOfBlock): null

31-03-2025T10:38:02 - [TEST_STEP][PASSED] - if (block == 1): Delayed 45 second(s)

31-03-2025T10:38:02 - [TEST_STEP][PASSED] - urlData = 2: null

31-03-2025T10:38:02 - [TEST_STEP][PASSED] - delay(45): Delayed 45 second(s)

31-03-2025T10:38:47 - [MESSAGE][PASSED] - Delayed 45 second(s)

31-03-2025T10:38:47 - [TEST_STEP][PASSED] - navigateToUrl(findTestData("PlanFact").getValue(10, urlData)): Navigate to 'https://bi.rosseti.digital/viewer?dashboardGuid=2301950b23be4ed89c1df75f2020051e&sheetGuid=b723206f698544fb87299f3095c00435&fit=true' successfully

31-03-2025T10:38:52 - [MESSAGE][PASSED] - Navigate to 'https://bi.rosseti.digital/viewer?dashboardGuid=2301950b23be4ed89c1df75f2020051e&sheetGuid=b723206f698544fb87299f3095c00435&fit=true' successfully

31-03-2025T10:38:52 - [TEST_STEP][PASSED] - urlText = getText(findTestObject("Страница авторизации/Text")): Text of object 'Object Repository/Страница авторизации/Text' is: 'Вход'

31-03-2025T10:38:54 - [MESSAGE][PASSED] - Text of object 'Object Repository/Страница авторизации/Text' is: 'Вход'

31-03-2025T10:38:54 - [TEST_STEP][PASSED] - searchWord = "Вход": null

31-03-2025T10:38:54 - [TEST_STEP][PASSED] - if (urlText == null || urlText.contains("ошибка") || urlText.contains(searchWord) == false): null

31-03-2025T10:38:54 - [TEST_STEP][PASSED] - if (verifyElementPresent(findTestObject("Страница авторизации/button_"), 30) == true): null

31-03-2025T10:38:54 - [MESSAGE][PASSED] - Object 'Object Repository/Страница авторизации/button_' is present

31-03-2025T10:38:54 - [TEST_STEP][PASSED] - setText(findTestObject("Страница авторизации/input__username"), findTestData("PlanFact").getValue(8, 1)): Text 'liazgina-di' is set on object 'Object Repository/Страница авторизации/input__username'

31-03-2025T10:38:55 - [MESSAGE][PASSED] - Text 'liazgina-di' is set on object 'Object Repository/Страница авторизации/input__username'

31-03-2025T10:38:55 - [TEST_STEP][PASSED] - setText(findTestObject("Страница авторизации/input__password"), findTestData("PlanFact").getValue(9, 1)): Text ')$%5srZ8o688Dm#q' is set on object 'Object Repository/Страница авторизации/input__password'

31-03-2025T10:38:56 - [MESSAGE][PASSED] - Text ')$%5srZ8o688Dm#q' is set on object 'Object Repository/Страница авторизации/input__password'

31-03-2025T10:38:56 - [TEST_STEP][PASSED] - click(findTestObject("Страница авторизации/button_")): Object: 'Object Repository/Страница авторизации/button_' is clicked on

31-03-2025T10:38:57 - [MESSAGE][PASSED] - Object: 'Object Repository/Страница авторизации/button_' is clicked on

31-03-2025T10:38:57 - [TEST_STEP][PASSED] - delay(45): Delayed 45 second(s)

31-03-2025T10:39:42 - [MESSAGE][PASSED] - Delayed 45 second(s)

31-03-2025T10:39:42 - [TEST_STEP][PASSED] - urlText = getText(findTestObject("Страница авторизации/Text")): Text of object 'Object Repository/Страница авторизации/Text' is: 'Период
Январь, Февраль 2025 года
Выручка
Все
Выполнение плановых показателей по ПАО Россети за Январь, Февраль 2025 года
План
Факт
Динамика
2025 год
0 млн.руб.
25 000 млн.руб.
50 000 млн.руб.
75 000 млн.руб.
100 000 млн.руб.
125 000 млн.руб.
150 000 млн.руб.
175 000 млн.руб.
200 000 млн.руб.
225 000 млн.руб.
250 000 млн.руб.
275 000 млн.руб.
300 000 млн.руб.
325 000 млн.руб.
350 000 млн.руб.
375 000 млн.руб.
318 025
284 426
↓
ДЗО 
ПАО Россети
Внутренний оборот - выручка за услуги по передаче электрической энергии, учтенная в выручке за электроэнергию для конечных потребителей, при выполнении ДЗО функций гарантирующего поставщика
Подписи данных
⬤Отклонение
АО "РЭС"
АО «Тываэнерго»
АО «Чеченэнерго»
Россети Волга
Россети Кубань
Россети Ленэнерго (ГК)
Россети Московский регион
Россети Северный Кавказ (ГК)
Россети Северо-Запад
Россети Сибирь (ГК)
Россети Томск
Россети Тюмень
Россети Урал (ГК)
Россети ФСК ЕЭС
Россети Центр
Россети Центр и Приволжье (ГК)
Россети Юг (ГК)
Россети Янтарь
-30 000млн.руб.
-25 000млн.руб.
-20 000млн.руб.
-15 000млн.руб.
-10 000млн.руб.
-5 000млн.руб.
0 млн.руб.
5 00…
-170
27
-76
-270
552
-244
-1 353
-805
-232
848
-47
-1 858
-701
-28 384
-520
-484
68
50
млн.
%
Выручка
Отклонение выручки по ПАО Россети за Январь, Февраль 2025 года (факт/план, млн. руб)
ПАО Россети
-33 598.6 млн.руб.
 '

31-03-2025T10:39:43 - [MESSAGE][PASSED] - Text of object 'Object Repository/Страница авторизации/Text' is: 'Период
Январь, Февраль 2025 года
Выручка
Все
Выполнение плановых показателей по ПАО Россети за Январь, Февраль 2025 года
План
Факт
Динамика
2025 год
0 млн.руб.
25 000 млн.руб.
50 000 млн.руб.
75 000 млн.руб.
100 000 млн.руб.
125 000 млн.руб.
150 000 млн.руб.
175 000 млн.руб.
200 000 млн.руб.
225 000 млн.руб.
250 000 млн.руб.
275 000 млн.руб.
300 000 млн.руб.
325 000 млн.руб.
350 000 млн.руб.
375 000 млн.руб.
318 025
284 426
↓
ДЗО 
ПАО Россети
Внутренний оборот - выручка за услуги по передаче электрической энергии, учтенная в выручке за электроэнергию для конечных потребителей, при выполнении ДЗО функций гарантирующего поставщика
Подписи данных
⬤Отклонение
АО "РЭС"
АО «Тываэнерго»
АО «Чеченэнерго»
Россети Волга
Россети Кубань
Россети Ленэнерго (ГК)
Россети Московский регион
Россети Северный Кавказ (ГК)
Россети Северо-Запад
Россети Сибирь (ГК)
Россети Томск
Россети Тюмень
Россети Урал (ГК)
Россети ФСК ЕЭС
Россети Центр
Россети Центр и Приволжье (ГК)
Россети Юг (ГК)
Россети Янтарь
-30 000млн.руб.
-25 000млн.руб.
-20 000млн.руб.
-15 000млн.руб.
-10 000млн.руб.
-5 000млн.руб.
0 млн.руб.
5 00…
-170
27
-76
-270
552
-244
-1 353
-805
-232
848
-47
-1 858
-701
-28 384
-520
-484
68
50
млн.
%
Выручка
Отклонение выручки по ПАО Россети за Январь, Февраль 2025 года (факт/план, млн. руб)
ПАО Россети
-33 598.6 млн.руб.
 '

31-03-2025T10:39:43 - [TEST_STEP][PASSED] - searchWord = "а": null

31-03-2025T10:39:43 - [TEST_STEP][PASSED] - if (urlText.contains("ошибка") || urlText.contains(searchWord) == false): null

31-03-2025T10:39:43 - [TEST_STEP][PASSED] - delay(45): Delayed 45 second(s)

31-03-2025T10:40:28 - [MESSAGE][PASSED] - Delayed 45 second(s)

31-03-2025T10:40:28 - [TEST_STEP][PASSED] - if (block == 2): null

31-03-2025T10:40:28 - [TEST_STEP][PASSED] - click(findTestObject("Выручка в рублях/Фильтр Период" + nameOfBlock)): Object: 'Object Repository/Выручка в рублях/Фильтр Период' is clicked on

31-03-2025T10:40:28 - [MESSAGE][PASSED] - Object: 'Object Repository/Выручка в рублях/Фильтр Период' is clicked on

31-03-2025T10:40:28 - [TEST_STEP][PASSED] - click(findTestObject("Выручка в рублях/Снять выделение в фильтре Дата" + nameOfBlock)): Object: 'Object Repository/Выручка в рублях/Снять выделение в фильтре Дата' is clicked on

31-03-2025T10:40:29 - [MESSAGE][PASSED] - Object: 'Object Repository/Выручка в рублях/Снять выделение в фильтре Дата' is clicked on

31-03-2025T10:40:29 - [TEST_STEP][PASSED] - click(findTestObject("Выручка в рублях/Применить в фильтре Дата" + nameOfBlock)): Object: 'Object Repository/Выручка в рублях/Применить в фильтре Дата' is clicked on

31-03-2025T10:40:29 - [MESSAGE][PASSED] - Object: 'Object Repository/Выручка в рублях/Применить в фильтре Дата' is clicked on

31-03-2025T10:40:29 - [TEST_STEP][PASSED] - delay(50): Delayed 50 second(s)

31-03-2025T10:41:19 - [MESSAGE][PASSED] - Delayed 50 second(s)

31-03-2025T10:41:19 - [TEST_STEP][PASSED] - click(findTestObject("Выручка в рублях/Фильтр Период" + nameOfBlock)): Object: 'Object Repository/Выручка в рублях/Фильтр Период' is clicked on

31-03-2025T10:41:20 - [MESSAGE][PASSED] - Object: 'Object Repository/Выручка в рублях/Фильтр Период' is clicked on

31-03-2025T10:41:20 - [TEST_STEP][PASSED] - click(findTestObject("Выручка в рублях/Снять выделение в фильтре Дата" + nameOfBlock)): Object: 'Object Repository/Выручка в рублях/Снять выделение в фильтре Дата' is clicked on

31-03-2025T10:41:20 - [MESSAGE][PASSED] - Object: 'Object Repository/Выручка в рублях/Снять выделение в фильтре Дата' is clicked on

31-03-2025T10:41:20 - [TEST_STEP][PASSED] - scrollToElement(findTestObject("Выручка в рублях/2025 список" + nameOfBlock), 30): Scroll to object 'Object Repository/Выручка в рублях/2025 список' successfully

31-03-2025T10:41:21 - [MESSAGE][PASSED] - Scroll to object 'Object Repository/Выручка в рублях/2025 список' successfully

31-03-2025T10:41:21 - [TEST_STEP][PASSED] - click(findTestObject("Выручка в рублях/2025 список" + nameOfBlock)): Object: 'Object Repository/Выручка в рублях/2025 список' is clicked on

31-03-2025T10:41:21 - [MESSAGE][PASSED] - Object: 'Object Repository/Выручка в рублях/2025 список' is clicked on

31-03-2025T10:41:21 - [TEST_STEP][PASSED] - scrollToElement(findTestObject("Выручка в рублях/1 квартал 2025 список Выручка"), 30): Scroll to object 'Object Repository/Выручка в рублях/1 квартал 2025 список Выручка' successfully

31-03-2025T10:41:21 - [MESSAGE][PASSED] - Scroll to object 'Object Repository/Выручка в рублях/1 квартал 2025 список Выручка' successfully

31-03-2025T10:41:21 - [TEST_STEP][PASSED] - click(findTestObject("Выручка в рублях/1 квартал 2025 список" + nameOfBlock)): Object: 'Object Repository/Выручка в рублях/1 квартал 2025 список' is clicked on

31-03-2025T10:41:22 - [MESSAGE][PASSED] - Object: 'Object Repository/Выручка в рублях/1 квартал 2025 список' is clicked on

31-03-2025T10:41:22 - [TEST_STEP][PASSED] - scrollToElement(findTestObject("Выручка в рублях/Январь 2025" + nameOfBlock), 30): Scroll to object 'Object Repository/Выручка в рублях/Январь 2025' successfully

31-03-2025T10:41:22 - [MESSAGE][PASSED] - Scroll to object 'Object Repository/Выручка в рублях/Январь 2025' successfully

31-03-2025T10:41:22 - [TEST_STEP][PASSED] - click(findTestObject("Выручка в рублях/Январь 2025" + nameOfBlock)): Object: 'Object Repository/Выручка в рублях/Январь 2025' is clicked on

31-03-2025T10:41:22 - [MESSAGE][PASSED] - Object: 'Object Repository/Выручка в рублях/Январь 2025' is clicked on

31-03-2025T10:41:22 - [TEST_STEP][PASSED] - scrollToElement(findTestObject("Выручка в рублях/Февраль 2025" + nameOfBlock), 30): Scroll to object 'Object Repository/Выручка в рублях/Февраль 2025' successfully

31-03-2025T10:41:23 - [MESSAGE][PASSED] - Scroll to object 'Object Repository/Выручка в рублях/Февраль 2025' successfully

31-03-2025T10:41:23 - [TEST_STEP][PASSED] - click(findTestObject("Выручка в рублях/Февраль 2025" + nameOfBlock)): Object: 'Object Repository/Выручка в рублях/Февраль 2025' is clicked on

31-03-2025T10:41:23 - [MESSAGE][PASSED] - Object: 'Object Repository/Выручка в рублях/Февраль 2025' is clicked on

31-03-2025T10:41:23 - [TEST_STEP][PASSED] - scrollToElement(findTestObject("Выручка в рублях/Заголовок дашборда" + nameOfBlock), 30): Scroll to object 'Object Repository/Выручка в рублях/Заголовок дашборда' successfully

31-03-2025T10:41:24 - [MESSAGE][PASSED] - Scroll to object 'Object Repository/Выручка в рублях/Заголовок дашборда' successfully

31-03-2025T10:41:24 - [TEST_STEP][PASSED] - click(findTestObject("Выручка в рублях/Применить в фильтре Дата" + nameOfBlock)): Object: 'Object Repository/Выручка в рублях/Применить в фильтре Дата' is clicked on

31-03-2025T10:41:24 - [MESSAGE][PASSED] - Object: 'Object Repository/Выручка в рублях/Применить в фильтре Дата' is clicked on

31-03-2025T10:41:24 - [TEST_STEP][PASSED] - delay(55): Delayed 55 second(s)

31-03-2025T10:42:19 - [MESSAGE][PASSED] - Delayed 55 second(s)

31-03-2025T10:42:19 - [TEST_STEP][PASSED] - click(findTestObject("Выручка в рублях/Фильтр ДЗО" + nameOfBlock)): Object: 'Object Repository/Выручка в рублях/Фильтр ДЗО' is clicked on

31-03-2025T10:42:20 - [MESSAGE][PASSED] - Object: 'Object Repository/Выручка в рублях/Фильтр ДЗО' is clicked on

31-03-2025T10:42:20 - [TEST_STEP][PASSED] - click(findTestObject("Выручка в рублях/Снять выделение в фильтре ДЗО" + nameOfBlock)): Object: 'Object Repository/Выручка в рублях/Снять выделение в фильтре ДЗО' is clicked on

31-03-2025T10:42:20 - [MESSAGE][PASSED] - Object: 'Object Repository/Выручка в рублях/Снять выделение в фильтре ДЗО' is clicked on

31-03-2025T10:42:20 - [TEST_STEP][PASSED] - click(findTestObject("Выручка в рублях/Применить в фильтре ДЗО" + nameOfBlock)): Object: 'Object Repository/Выручка в рублях/Применить в фильтре ДЗО' is clicked on

31-03-2025T10:42:21 - [MESSAGE][PASSED] - Object: 'Object Repository/Выручка в рублях/Применить в фильтре ДЗО' is clicked on

31-03-2025T10:42:21 - [TEST_STEP][PASSED] - delay(50): Delayed 50 second(s)

31-03-2025T10:43:11 - [MESSAGE][PASSED] - Delayed 50 second(s)

31-03-2025T10:43:11 - [TEST_STEP][PASSED] - Script1742558545601.Tumbler(run, vir, block, nameOfBlock): null

31-03-2025T10:43:11 - [TEST_STEP][PASSED] - println("run:" + run): null

31-03-2025T10:43:11 - [TEST_STEP][PASSED] - println("vir:" + vir): null

31-03-2025T10:43:11 - [TEST_STEP][PASSED] - println("block:" + block): null

31-03-2025T10:43:11 - [TEST_STEP][PASSED] - println("nameOfBlock:" + nameOfBlock): null

31-03-2025T10:43:11 - [TEST_STEP][PASSED] - if (vir == 1): null

31-03-2025T10:43:11 - [TEST_STEP][PASSED] - else if (vir == 2): Object: 'Object Repository/Выручка в рублях/Применить в фильтре Выручка' is clicked on

31-03-2025T10:43:11 - [TEST_STEP][PASSED] - if (run == 2): null

31-03-2025T10:43:11 - [TEST_STEP][PASSED] - click(findTestObject("Выручка в рублях/Фильтр Выручка" + nameOfBlock)): Object: 'Object Repository/Выручка в рублях/Фильтр Выручка' is clicked on

31-03-2025T10:43:11 - [MESSAGE][PASSED] - Object: 'Object Repository/Выручка в рублях/Фильтр Выручка' is clicked on

31-03-2025T10:43:11 - [TEST_STEP][PASSED] - click(findTestObject("Выручка в рублях/Итого в фильтре Выручка" + nameOfBlock)): Object: 'Object Repository/Выручка в рублях/Итого в фильтре Выручка' is clicked on

31-03-2025T10:43:12 - [MESSAGE][PASSED] - Object: 'Object Repository/Выручка в рублях/Итого в фильтре Выручка' is clicked on

31-03-2025T10:43:12 - [TEST_STEP][PASSED] - click(findTestObject("Выручка в рублях/Применить в фильтре Выручка" + nameOfBlock)): Object: 'Object Repository/Выручка в рублях/Применить в фильтре Выручка' is clicked on

31-03-2025T10:43:12 - [MESSAGE][PASSED] - Object: 'Object Repository/Выручка в рублях/Применить в фильтре Выручка' is clicked on

31-03-2025T10:43:12 - [TEST_STEP][PASSED] - click(findTestObject("Выручка в рублях/Фильтр ДЗО" + nameOfBlock)): Object: 'Object Repository/Выручка в рублях/Фильтр ДЗО' is clicked on

31-03-2025T10:43:14 - [MESSAGE][PASSED] - Object: 'Object Repository/Выручка в рублях/Фильтр ДЗО' is clicked on

31-03-2025T10:43:14 - [TEST_STEP][PASSED] - Script1742558545601.Rosseti(nameOfBlock): null

31-03-2025T10:43:14 - [TEST_STEP][PASSED] - println("nameOfBlock:" + nameOfBlock): null

31-03-2025T10:43:14 - [TEST_STEP][PASSED] - click(findTestObject("Выручка в рублях/ПАО Россети" + nameOfBlock)): Object: 'Object Repository/Выручка в рублях/ПАО Россети' is clicked on

31-03-2025T10:43:14 - [MESSAGE][PASSED] - Object: 'Object Repository/Выручка в рублях/ПАО Россети' is clicked on

31-03-2025T10:43:14 - [TEST_STEP][PASSED] - click(findTestObject("Выручка в рублях/Применить в фильтре ДЗО" + nameOfBlock)): Object: 'Object Repository/Выручка в рублях/Применить в фильтре ДЗО' is clicked on

31-03-2025T10:43:15 - [MESSAGE][PASSED] - Object: 'Object Repository/Выручка в рублях/Применить в фильтре ДЗО' is clicked on

31-03-2025T10:43:15 - [TEST_STEP][PASSED] - if (run == 2): null

31-03-2025T10:43:15 - [TEST_STEP][PASSED] - if (vir == 1 || vir == 2): Text of object 'Object Repository/Выручка в рублях/График План' is: '312 362'

31-03-2025T10:43:15 - [TEST_STEP][PASSED] - a1 = getText(findTestObject("Выручка в рублях/График План")): Text of object 'Object Repository/Выручка в рублях/График План' is: '312 362'

31-03-2025T10:43:16 - [MESSAGE][PASSED] - Text of object 'Object Repository/Выручка в рублях/График План' is: '312 362'

31-03-2025T10:43:16 - [TEST_STEP][PASSED] - if (vir == 1 || vir == 2): Text of object 'Object Repository/Выручка в рублях/График Факт' is: '279 580'

31-03-2025T10:43:16 - [TEST_STEP][PASSED] - a2 = getText(findTestObject("Выручка в рублях/График Факт")): Text of object 'Object Repository/Выручка в рублях/График Факт' is: '279 580'

31-03-2025T10:43:16 - [MESSAGE][PASSED] - Text of object 'Object Repository/Выручка в рублях/График Факт' is: '279 580'

31-03-2025T10:43:16 - [TEST_STEP][PASSED] - a30 = getText(findTestObject("Выручка в рублях/span1" + perc)): Text of object 'Object Repository/Выручка в рублях/span1' is: '-32 781.5 млн.руб.'

31-03-2025T10:43:16 - [MESSAGE][PASSED] - Text of object 'Object Repository/Выручка в рублях/span1' is: '-32 781.5 млн.руб.'

31-03-2025T10:43:16 - [TEST_STEP][PASSED] - i = a30.indexOf("млн.руб."): null

31-03-2025T10:43:16 - [TEST_STEP][PASSED] - if (i > -1): null

31-03-2025T10:43:16 - [TEST_STEP][PASSED] - a30 = a30.substring(0, i): null

31-03-2025T10:43:16 - [TEST_STEP][PASSED] - a30 = a30.replaceAll(" ", ""): null

31-03-2025T10:43:16 - [TEST_STEP][PASSED] - if (a30.contains("%")): null

31-03-2025T10:43:16 - [TEST_STEP][PASSED] - a30 = ").trim(): null

31-03-2025T10:43:16 - [TEST_STEP][PASSED] - println("a30: " + a30): null

31-03-2025T10:43:16 - [TEST_STEP][PASSED] - if (vir == 1): null

31-03-2025T10:43:17 - [TEST_STEP][PASSED] - else if (vir == 2): Text of object 'Object Repository/Выручка в рублях/span18' is: '50'

31-03-2025T10:43:17 - [TEST_STEP][PASSED] - a31 = ").trim(): Text of object 'Object Repository/Выручка в рублях/span2' is: '-170'

31-03-2025T10:43:17 - [MESSAGE][PASSED] - Text of object 'Object Repository/Выручка в рублях/span2' is: '-170'

31-03-2025T10:43:17 - [TEST_STEP][PASSED] - a32 = ").trim(): Text of object 'Object Repository/Выручка в рублях/span3' is: '-0'

31-03-2025T10:43:17 - [MESSAGE][PASSED] - Text of object 'Object Repository/Выручка в рублях/span3' is: '-0'

31-03-2025T10:43:17 - [TEST_STEP][PASSED] - a34 = ").trim(): Text of object 'Object Repository/Выручка в рублях/span4' is: '-270'

31-03-2025T10:43:17 - [MESSAGE][PASSED] - Text of object 'Object Repository/Выручка в рублях/span4' is: '-270'

31-03-2025T10:43:17 - [TEST_STEP][PASSED] - a35 = ").trim(): Text of object 'Object Repository/Выручка в рублях/span5' is: '552'

31-03-2025T10:43:18 - [MESSAGE][PASSED] - Text of object 'Object Repository/Выручка в рублях/span5' is: '552'

31-03-2025T10:43:18 - [TEST_STEP][PASSED] - a36 = ").trim(): Text of object 'Object Repository/Выручка в рублях/span6' is: '-244'

31-03-2025T10:43:18 - [MESSAGE][PASSED] - Text of object 'Object Repository/Выручка в рублях/span6' is: '-244'

31-03-2025T10:43:18 - [TEST_STEP][PASSED] - a37 = ").trim(): Text of object 'Object Repository/Выручка в рублях/span7' is: '-1 353'

31-03-2025T10:43:18 - [MESSAGE][PASSED] - Text of object 'Object Repository/Выручка в рублях/span7' is: '-1 353'

31-03-2025T10:43:18 - [TEST_STEP][PASSED] - a38 = ").trim(): Text of object 'Object Repository/Выручка в рублях/span8' is: '-35'

31-03-2025T10:43:18 - [MESSAGE][PASSED] - Text of object 'Object Repository/Выручка в рублях/span8' is: '-35'

31-03-2025T10:43:18 - [TEST_STEP][PASSED] - a39 = ").trim(): Text of object 'Object Repository/Выручка в рублях/span9' is: '-232'

31-03-2025T10:43:19 - [MESSAGE][PASSED] - Text of object 'Object Repository/Выручка в рублях/span9' is: '-232'

31-03-2025T10:43:19 - [TEST_STEP][PASSED] - a310 = ").trim(): Text of object 'Object Repository/Выручка в рублях/span10' is: '848'

31-03-2025T10:43:19 - [MESSAGE][PASSED] - Text of object 'Object Repository/Выручка в рублях/span10' is: '848'

31-03-2025T10:43:19 - [TEST_STEP][PASSED] - a311 = ").trim(): Text of object 'Object Repository/Выручка в рублях/span11' is: '-47'

31-03-2025T10:43:19 - [MESSAGE][PASSED] - Text of object 'Object Repository/Выручка в рублях/span11' is: '-47'

31-03-2025T10:43:19 - [TEST_STEP][PASSED] - a312 = ").trim(): Text of object 'Object Repository/Выручка в рублях/span12' is: '-1 858'

31-03-2025T10:43:20 - [MESSAGE][PASSED] - Text of object 'Object Repository/Выручка в рублях/span12' is: '-1 858'

31-03-2025T10:43:20 - [TEST_STEP][PASSED] - a313 = ").trim(): Text of object 'Object Repository/Выручка в рублях/span13' is: '-701'

31-03-2025T10:43:20 - [MESSAGE][PASSED] - Text of object 'Object Repository/Выручка в рублях/span13' is: '-701'

31-03-2025T10:43:20 - [TEST_STEP][PASSED] - a314 = ").trim(): Text of object 'Object Repository/Выручка в рублях/span14' is: '-28 384'

31-03-2025T10:43:20 - [MESSAGE][PASSED] - Text of object 'Object Repository/Выручка в рублях/span14' is: '-28 384'

31-03-2025T10:43:20 - [TEST_STEP][PASSED] - a315 = ").trim(): Text of object 'Object Repository/Выручка в рублях/span15' is: '-520'

31-03-2025T10:43:20 - [MESSAGE][PASSED] - Text of object 'Object Repository/Выручка в рублях/span15' is: '-520'

31-03-2025T10:43:20 - [TEST_STEP][PASSED] - a316 = ").trim(): Text of object 'Object Repository/Выручка в рублях/span16' is: '-484'

31-03-2025T10:43:21 - [MESSAGE][PASSED] - Text of object 'Object Repository/Выручка в рублях/span16' is: '-484'

31-03-2025T10:43:21 - [TEST_STEP][PASSED] - a317 = ").trim(): Text of object 'Object Repository/Выручка в рублях/span17' is: '66'

31-03-2025T10:43:21 - [MESSAGE][PASSED] - Text of object 'Object Repository/Выручка в рублях/span17' is: '66'

31-03-2025T10:43:21 - [TEST_STEP][PASSED] - a318 = ").trim(): Text of object 'Object Repository/Выручка в рублях/span18' is: '50'

31-03-2025T10:43:21 - [MESSAGE][PASSED] - Text of object 'Object Repository/Выручка в рублях/span18' is: '50'

31-03-2025T10:43:21 - [TEST_STEP][PASSED] - block = 2: null

31-03-2025T10:43:21 - [TEST_STEP][PASSED] - nameOfBlock = " Выручка": null

31-03-2025T10:43:21 - [TEST_STEP][PASSED] - Script1742558545601.PreSettings(run, vir, block, nameOfBlock, typeOfData, todaysDate): null

31-03-2025T10:43:21 - [TEST_STEP][PASSED] - openBrowser(""): Browser is opened with url: ''

31-03-2025T10:43:21 - [MESSAGE][WARNING] - A browser is already opened. Closing browser and opening a new one

31-03-2025T10:43:22 - [MESSAGE][INFO] - Starting 'Chrome' driver

31-03-2025T10:43:22 - [MESSAGE][INFO] - Action delay is set to 0 milliseconds

31-03-2025T10:43:22 - [MESSAGE][PASSED] - Browser is opened with url: ''

31-03-2025T10:43:22 - [TEST_STEP][PASSED] - refresh(): Refresh successfully

31-03-2025T10:43:22 - [MESSAGE][PASSED] - Refresh successfully

31-03-2025T10:43:22 - [TEST_STEP][PASSED] - delay(50): Delayed 50 second(s)

31-03-2025T10:44:12 - [MESSAGE][PASSED] - Delayed 50 second(s)

31-03-2025T10:44:12 - [TEST_STEP][PASSED] - println("run:" + run): null

31-03-2025T10:44:12 - [TEST_STEP][PASSED] - println("vir:" + vir): null

31-03-2025T10:44:12 - [TEST_STEP][PASSED] - println("block:" + block): null

31-03-2025T10:44:12 - [TEST_STEP][PASSED] - if (block == 1): null

31-03-2025T10:44:12 - [TEST_STEP][PASSED] - else: null

31-03-2025T10:44:12 - [TEST_STEP][PASSED] - nameOfBlock = " Выручка": null

31-03-2025T10:44:12 - [TEST_STEP][PASSED] - println("nameOfBlock:" + nameOfBlock): null

31-03-2025T10:44:12 - [TEST_STEP][PASSED] - println("typeOfData:" + typeOfData): null

31-03-2025T10:44:12 - [TEST_STEP][PASSED] - println("todaysDate:" + todaysDate): null

31-03-2025T10:44:12 - [TEST_STEP][PASSED] - Script1742558545601.Autorization(block, nameOfBlock): null

31-03-2025T10:44:13 - [TEST_STEP][PASSED] - i = <not implemented yet for class: org.codehaus.groovy.ast.expr.EmptyExpression>: null

31-03-2025T10:44:13 - [TEST_STEP][PASSED] - ii = <not implemented yet for class: org.codehaus.groovy.ast.expr.EmptyExpression>: null

31-03-2025T10:44:13 - [TEST_STEP][PASSED] - urlData = <not implemented yet for class: org.codehaus.groovy.ast.expr.EmptyExpression>: null

31-03-2025T10:44:13 - [TEST_STEP][PASSED] - searchWord = <not implemented yet for class: org.codehaus.groovy.ast.expr.EmptyExpression>: null

31-03-2025T10:44:13 - [TEST_STEP][PASSED] - urlText = <not implemented yet for class: org.codehaus.groovy.ast.expr.EmptyExpression>: null

31-03-2025T10:44:13 - [TEST_STEP][PASSED] - println("block:" + block): null

31-03-2025T10:44:13 - [TEST_STEP][PASSED] - if (block == 1): null

31-03-2025T10:44:13 - [TEST_STEP][PASSED] - else: null

31-03-2025T10:44:13 - [TEST_STEP][PASSED] - delay(45): Delayed 45 second(s)

31-03-2025T10:44:58 - [MESSAGE][PASSED] - Delayed 45 second(s)

31-03-2025T10:44:58 - [TEST_STEP][PASSED] - nameOfBlock = " Выручка": null

31-03-2025T10:44:58 - [TEST_STEP][PASSED] - println("nameOfBlock:" + nameOfBlock): null

31-03-2025T10:44:58 - [TEST_STEP][PASSED] - if (block == 1): null

31-03-2025T10:44:58 - [TEST_STEP][PASSED] - else: Delayed 45 second(s)

31-03-2025T10:44:58 - [TEST_STEP][PASSED] - urlData = 9: null

31-03-2025T10:44:58 - [TEST_STEP][PASSED] - delay(45): Delayed 45 second(s)

31-03-2025T10:45:43 - [MESSAGE][PASSED] - Delayed 45 second(s)

31-03-2025T10:45:43 - [TEST_STEP][PASSED] - navigateToUrl(findTestData("PlanFact").getValue(10, urlData)): Navigate to 'https://bi.rosseti.digital/viewer?dashboardGuid=a1fd28b3785d443cbc4d7690a1d78e31&sheetGuid=86092a20c5984827a0c87b24cac76a50&fit=true' successfully

31-03-2025T10:45:46 - [MESSAGE][PASSED] - Navigate to 'https://bi.rosseti.digital/viewer?dashboardGuid=a1fd28b3785d443cbc4d7690a1d78e31&sheetGuid=86092a20c5984827a0c87b24cac76a50&fit=true' successfully

31-03-2025T10:45:46 - [TEST_STEP][PASSED] - urlText = getText(findTestObject("Страница авторизации/Text")): Text of object 'Object Repository/Страница авторизации/Text' is: 'Вход'

31-03-2025T10:45:48 - [MESSAGE][PASSED] - Text of object 'Object Repository/Страница авторизации/Text' is: 'Вход'

31-03-2025T10:45:48 - [TEST_STEP][PASSED] - searchWord = "Вход": null

31-03-2025T10:45:48 - [TEST_STEP][PASSED] - if (urlText == null || urlText.contains("ошибка") || urlText.contains(searchWord) == false): null

31-03-2025T10:45:48 - [TEST_STEP][PASSED] - if (verifyElementPresent(findTestObject("Страница авторизации/button_"), 30) == true): null

31-03-2025T10:45:48 - [MESSAGE][PASSED] - Object 'Object Repository/Страница авторизации/button_' is present

31-03-2025T10:45:48 - [TEST_STEP][PASSED] - setText(findTestObject("Страница авторизации/input__username"), findTestData("PlanFact").getValue(8, 1)): Text 'liazgina-di' is set on object 'Object Repository/Страница авторизации/input__username'

31-03-2025T10:45:48 - [MESSAGE][PASSED] - Text 'liazgina-di' is set on object 'Object Repository/Страница авторизации/input__username'

31-03-2025T10:45:48 - [TEST_STEP][PASSED] - setText(findTestObject("Страница авторизации/input__password"), findTestData("PlanFact").getValue(9, 1)): Text ')$%5srZ8o688Dm#q' is set on object 'Object Repository/Страница авторизации/input__password'

31-03-2025T10:45:49 - [MESSAGE][PASSED] - Text ')$%5srZ8o688Dm#q' is set on object 'Object Repository/Страница авторизации/input__password'

31-03-2025T10:45:49 - [TEST_STEP][PASSED] - click(findTestObject("Страница авторизации/button_")): Object: 'Object Repository/Страница авторизации/button_' is clicked on

31-03-2025T10:45:51 - [MESSAGE][PASSED] - Object: 'Object Repository/Страница авторизации/button_' is clicked on

31-03-2025T10:45:51 - [TEST_STEP][PASSED] - delay(45): Delayed 45 second(s)

31-03-2025T10:46:36 - [MESSAGE][PASSED] - Delayed 45 second(s)

31-03-2025T10:46:36 - [TEST_STEP][PASSED] - urlText = getText(findTestObject("Страница авторизации/Text")): Text of object 'Object Repository/Страница авторизации/Text' is: 'Период
Январь, Февраль 2025 года
Выручка
Все
Выполнение плановых показателей по ПАО Россети за Январь, Февраль 2025 года
План
Факт
Динамика
2025 год
0 млн.руб.
50 000 млн.руб.
100 000 млн.руб.
150 000 млн.руб.
200 000 млн.руб.
250 000 млн.руб.
300 000 млн.руб.
350 000 млн.руб.
400 000 млн.руб.
318 025
284 426
↓
ДЗО 
Все
Подписи данных
⬤Отклонение
АО "РЭС"
АО «Тываэнерго»
АО «Чеченэнерго»
Россети Волга
Россети Кубань
Россети Ленэнерго (ГК)
Россети Московский регион
Россети Северный Кавказ (ГК)
Россети Северо-Запад
Россети Сибирь (ГК)
Россети Томск
Россети Тюмень
Россети Урал (ГК)
Россети ФСК ЕЭС
Россети Центр
Россети Центр и Приволжье (ГК)
Россети Юг (ГК)
Россети Янтарь
-30 000 млн.руб.
-27 500 млн.руб.
-25 000 млн.руб.
-22 500 млн.руб.
-20 000 млн.руб.
-17 500 млн.руб.
-15 000 млн.руб.
-12 500 млн.руб.
-10 000 млн.руб.
-7 500 млн.руб.
-5 000 млн.руб.
-2 500 млн.руб.
0 млн.руб.
2 500 млн.руб.
-170
27
-76
-270
552
-244
-1 353
-805
-232
848
-47
-1 858
-701
-28 384
-520
-484
68
50
млн.
%
Выручка
Отклонение выручки по ПАО Россети за Январь, Февраль 2025 года (факт/план, млн. руб)
ПАО Россети
-33 598.6 млн.руб.
Статус данных
×
Просьба обратить внимание
Данные занесены не полностью
ВЫБРАННЫЕ ЗНАЧЕНИЯ ФИЛЬТРОВ
ДЗО | ПЕРИОД
ПАО Россети: [«Выбраны все филиалы по всем ДЗО по всем категориям»]
2025: [Янв, Фев]
*Внутренний оборот'

31-03-2025T10:46:36 - [MESSAGE][PASSED] - Text of object 'Object Repository/Страница авторизации/Text' is: 'Период
Январь, Февраль 2025 года
Выручка
Все
Выполнение плановых показателей по ПАО Россети за Январь, Февраль 2025 года
План
Факт
Динамика
2025 год
0 млн.руб.
50 000 млн.руб.
100 000 млн.руб.
150 000 млн.руб.
200 000 млн.руб.
250 000 млн.руб.
300 000 млн.руб.
350 000 млн.руб.
400 000 млн.руб.
318 025
284 426
↓
ДЗО 
Все
Подписи данных
⬤Отклонение
АО "РЭС"
АО «Тываэнерго»
АО «Чеченэнерго»
Россети Волга
Россети Кубань
Россети Ленэнерго (ГК)
Россети Московский регион
Россети Северный Кавказ (ГК)
Россети Северо-Запад
Россети Сибирь (ГК)
Россети Томск
Россети Тюмень
Россети Урал (ГК)
Россети ФСК ЕЭС
Россети Центр
Россети Центр и Приволжье (ГК)
Россети Юг (ГК)
Россети Янтарь
-30 000 млн.руб.
-27 500 млн.руб.
-25 000 млн.руб.
-22 500 млн.руб.
-20 000 млн.руб.
-17 500 млн.руб.
-15 000 млн.руб.
-12 500 млн.руб.
-10 000 млн.руб.
-7 500 млн.руб.
-5 000 млн.руб.
-2 500 млн.руб.
0 млн.руб.
2 500 млн.руб.
-170
27
-76
-270
552
-244
-1 353
-805
-232
848
-47
-1 858
-701
-28 384
-520
-484
68
50
млн.
%
Выручка
Отклонение выручки по ПАО Россети за Январь, Февраль 2025 года (факт/план, млн. руб)
ПАО Россети
-33 598.6 млн.руб.
Статус данных
×
Просьба обратить внимание
Данные занесены не полностью
ВЫБРАННЫЕ ЗНАЧЕНИЯ ФИЛЬТРОВ
ДЗО | ПЕРИОД
ПАО Россети: [«Выбраны все филиалы по всем ДЗО по всем категориям»]
2025: [Янв, Фев]
*Внутренний оборот'

31-03-2025T10:46:36 - [TEST_STEP][PASSED] - searchWord = "а": null

31-03-2025T10:46:36 - [TEST_STEP][PASSED] - if (urlText.contains("ошибка") || urlText.contains(searchWord) == false): null

31-03-2025T10:46:36 - [TEST_STEP][PASSED] - delay(45): Delayed 45 second(s)

31-03-2025T10:47:21 - [MESSAGE][PASSED] - Delayed 45 second(s)

31-03-2025T10:47:21 - [TEST_STEP][PASSED] - if (block == 2): Delayed 50 second(s)

31-03-2025T10:47:21 - [TEST_STEP][PASSED] - opoveshenie = getText(findTestObject("Выручка в рублях/Просьба обратить внимание")): Text of object 'Object Repository/Выручка в рублях/Просьба обратить внимание' is: 'Просьба обратить внимание'

31-03-2025T10:47:22 - [MESSAGE][PASSED] - Text of object 'Object Repository/Выручка в рублях/Просьба обратить внимание' is: 'Просьба обратить внимание'

31-03-2025T10:47:22 - [TEST_STEP][PASSED] - if (opoveshenie == "Просьба обратить внимание"): Delayed 50 second(s)

31-03-2025T10:47:22 - [TEST_STEP][PASSED] - click(findTestObject("Выручка в рублях/Закрыть оповещение")): Object: 'Object Repository/Выручка в рублях/Закрыть оповещение' is clicked on

31-03-2025T10:47:22 - [MESSAGE][PASSED] - Object: 'Object Repository/Выручка в рублях/Закрыть оповещение' is clicked on

31-03-2025T10:47:22 - [TEST_STEP][PASSED] - delay(50): Delayed 50 second(s)

31-03-2025T10:48:12 - [MESSAGE][PASSED] - Delayed 50 second(s)

31-03-2025T10:48:12 - [TEST_STEP][PASSED] - click(findTestObject("Выручка в рублях/Фильтр Период" + nameOfBlock)): Object: 'Object Repository/Выручка в рублях/Фильтр Период Выручка' is clicked on

31-03-2025T10:48:12 - [MESSAGE][PASSED] - Object: 'Object Repository/Выручка в рублях/Фильтр Период Выручка' is clicked on

31-03-2025T10:48:12 - [TEST_STEP][PASSED] - click(findTestObject("Выручка в рублях/Снять выделение в фильтре Дата" + nameOfBlock)): Object: 'Object Repository/Выручка в рублях/Снять выделение в фильтре Дата Выручка' is clicked on

31-03-2025T10:48:13 - [MESSAGE][PASSED] - Object: 'Object Repository/Выручка в рублях/Снять выделение в фильтре Дата Выручка' is clicked on

31-03-2025T10:48:13 - [TEST_STEP][PASSED] - click(findTestObject("Выручка в рублях/Применить в фильтре Дата" + nameOfBlock)): Object: 'Object Repository/Выручка в рублях/Применить в фильтре Дата Выручка' is clicked on

31-03-2025T10:48:13 - [MESSAGE][PASSED] - Object: 'Object Repository/Выручка в рублях/Применить в фильтре Дата Выручка' is clicked on

31-03-2025T10:48:13 - [TEST_STEP][PASSED] - delay(50): Delayed 50 second(s)

31-03-2025T10:49:03 - [MESSAGE][PASSED] - Delayed 50 second(s)

31-03-2025T10:49:03 - [TEST_STEP][PASSED] - click(findTestObject("Выручка в рублях/Фильтр Период" + nameOfBlock)): Object: 'Object Repository/Выручка в рублях/Фильтр Период Выручка' is clicked on

31-03-2025T10:49:04 - [MESSAGE][PASSED] - Object: 'Object Repository/Выручка в рублях/Фильтр Период Выручка' is clicked on

31-03-2025T10:49:04 - [TEST_STEP][PASSED] - click(findTestObject("Выручка в рублях/Снять выделение в фильтре Дата" + nameOfBlock)): Object: 'Object Repository/Выручка в рублях/Снять выделение в фильтре Дата Выручка' is clicked on

31-03-2025T10:49:04 - [MESSAGE][PASSED] - Object: 'Object Repository/Выручка в рублях/Снять выделение в фильтре Дата Выручка' is clicked on

31-03-2025T10:49:04 - [TEST_STEP][PASSED] - scrollToElement(findTestObject("Выручка в рублях/2025 список" + nameOfBlock), 30): Scroll to object 'Object Repository/Выручка в рублях/2025 список Выручка' successfully

31-03-2025T10:49:05 - [MESSAGE][PASSED] - Scroll to object 'Object Repository/Выручка в рублях/2025 список Выручка' successfully

31-03-2025T10:49:05 - [TEST_STEP][PASSED] - click(findTestObject("Выручка в рублях/2025 список" + nameOfBlock)): Object: 'Object Repository/Выручка в рублях/2025 список Выручка' is clicked on

31-03-2025T10:49:05 - [MESSAGE][PASSED] - Object: 'Object Repository/Выручка в рублях/2025 список Выручка' is clicked on

31-03-2025T10:49:05 - [TEST_STEP][PASSED] - scrollToElement(findTestObject("Выручка в рублях/1 квартал 2025 список Выручка"), 30): Scroll to object 'Object Repository/Выручка в рублях/1 квартал 2025 список Выручка' successfully

31-03-2025T10:49:05 - [MESSAGE][PASSED] - Scroll to object 'Object Repository/Выручка в рублях/1 квартал 2025 список Выручка' successfully

31-03-2025T10:49:05 - [TEST_STEP][PASSED] - click(findTestObject("Выручка в рублях/1 квартал 2025 список" + nameOfBlock)): Object: 'Object Repository/Выручка в рублях/1 квартал 2025 список Выручка' is clicked on

31-03-2025T10:49:06 - [MESSAGE][PASSED] - Object: 'Object Repository/Выручка в рублях/1 квартал 2025 список Выручка' is clicked on

31-03-2025T10:49:06 - [TEST_STEP][PASSED] - scrollToElement(findTestObject("Выручка в рублях/Январь 2025" + nameOfBlock), 30): Scroll to object 'Object Repository/Выручка в рублях/Январь 2025 Выручка' successfully

31-03-2025T10:49:06 - [MESSAGE][PASSED] - Scroll to object 'Object Repository/Выручка в рублях/Январь 2025 Выручка' successfully

31-03-2025T10:49:06 - [TEST_STEP][PASSED] - click(findTestObject("Выручка в рублях/Январь 2025" + nameOfBlock)): Object: 'Object Repository/Выручка в рублях/Январь 2025 Выручка' is clicked on

31-03-2025T10:49:06 - [MESSAGE][PASSED] - Object: 'Object Repository/Выручка в рублях/Январь 2025 Выручка' is clicked on

31-03-2025T10:49:06 - [TEST_STEP][PASSED] - scrollToElement(findTestObject("Выручка в рублях/Февраль 2025" + nameOfBlock), 30): Scroll to object 'Object Repository/Выручка в рублях/Февраль 2025 Выручка' successfully

31-03-2025T10:49:07 - [MESSAGE][PASSED] - Scroll to object 'Object Repository/Выручка в рублях/Февраль 2025 Выручка' successfully

31-03-2025T10:49:07 - [TEST_STEP][PASSED] - click(findTestObject("Выручка в рублях/Февраль 2025" + nameOfBlock)): Object: 'Object Repository/Выручка в рублях/Февраль 2025 Выручка' is clicked on

31-03-2025T10:49:07 - [MESSAGE][PASSED] - Object: 'Object Repository/Выручка в рублях/Февраль 2025 Выручка' is clicked on

31-03-2025T10:49:07 - [TEST_STEP][PASSED] - scrollToElement(findTestObject("Выручка в рублях/Заголовок дашборда" + nameOfBlock), 30): Scroll to object 'Object Repository/Выручка в рублях/Заголовок дашборда Выручка' successfully

31-03-2025T10:49:08 - [MESSAGE][PASSED] - Scroll to object 'Object Repository/Выручка в рублях/Заголовок дашборда Выручка' successfully

31-03-2025T10:49:08 - [TEST_STEP][PASSED] - click(findTestObject("Выручка в рублях/Применить в фильтре Дата" + nameOfBlock)): Object: 'Object Repository/Выручка в рублях/Применить в фильтре Дата Выручка' is clicked on

31-03-2025T10:49:08 - [MESSAGE][PASSED] - Object: 'Object Repository/Выручка в рублях/Применить в фильтре Дата Выручка' is clicked on

31-03-2025T10:49:08 - [TEST_STEP][PASSED] - delay(55): Delayed 55 second(s)

31-03-2025T10:50:03 - [MESSAGE][PASSED] - Delayed 55 second(s)

31-03-2025T10:50:03 - [TEST_STEP][PASSED] - click(findTestObject("Выручка в рублях/Фильтр ДЗО" + nameOfBlock)): Object: 'Object Repository/Выручка в рублях/Фильтр ДЗО Выручка' is clicked on

31-03-2025T10:50:04 - [MESSAGE][PASSED] - Object: 'Object Repository/Выручка в рублях/Фильтр ДЗО Выручка' is clicked on

31-03-2025T10:50:04 - [TEST_STEP][PASSED] - click(findTestObject("Выручка в рублях/Снять выделение в фильтре ДЗО" + nameOfBlock)): Object: 'Object Repository/Выручка в рублях/Снять выделение в фильтре ДЗО Выручка' is clicked on

31-03-2025T10:50:04 - [MESSAGE][PASSED] - Object: 'Object Repository/Выручка в рублях/Снять выделение в фильтре ДЗО Выручка' is clicked on

31-03-2025T10:50:04 - [TEST_STEP][PASSED] - click(findTestObject("Выручка в рублях/Применить в фильтре ДЗО" + nameOfBlock)): Object: 'Object Repository/Выручка в рублях/Применить в фильтре ДЗО Выручка' is clicked on

31-03-2025T10:50:05 - [MESSAGE][PASSED] - Object: 'Object Repository/Выручка в рублях/Применить в фильтре ДЗО Выручка' is clicked on

31-03-2025T10:50:05 - [TEST_STEP][PASSED] - delay(50): Delayed 50 second(s)

31-03-2025T10:50:55 - [MESSAGE][PASSED] - Delayed 50 second(s)

31-03-2025T10:50:55 - [TEST_STEP][PASSED] - Script1742558545601.Tumbler(run, vir, block, nameOfBlock): null

31-03-2025T10:50:55 - [TEST_STEP][PASSED] - println("run:" + run): null

31-03-2025T10:50:55 - [TEST_STEP][PASSED] - println("vir:" + vir): null

31-03-2025T10:50:55 - [TEST_STEP][PASSED] - println("block:" + block): null

31-03-2025T10:50:55 - [TEST_STEP][PASSED] - println("nameOfBlock:" + nameOfBlock): null

31-03-2025T10:50:55 - [TEST_STEP][PASSED] - if (vir == 1): null

31-03-2025T10:50:55 - [TEST_STEP][PASSED] - else if (vir == 2): Object: 'Object Repository/Выручка в рублях/Применить в фильтре Выручка Выручка' is clicked on

31-03-2025T10:50:55 - [TEST_STEP][PASSED] - if (run == 2): null

31-03-2025T10:50:55 - [TEST_STEP][PASSED] - click(findTestObject("Выручка в рублях/Фильтр Выручка" + nameOfBlock)): Object: 'Object Repository/Выручка в рублях/Фильтр Выручка Выручка' is clicked on

31-03-2025T10:50:55 - [MESSAGE][PASSED] - Object: 'Object Repository/Выручка в рублях/Фильтр Выручка Выручка' is clicked on

31-03-2025T10:50:55 - [TEST_STEP][PASSED] - click(findTestObject("Выручка в рублях/Итого в фильтре Выручка" + nameOfBlock)): Object: 'Object Repository/Выручка в рублях/Итого в фильтре Выручка Выручка' is clicked on

31-03-2025T10:50:56 - [MESSAGE][PASSED] - Object: 'Object Repository/Выручка в рублях/Итого в фильтре Выручка Выручка' is clicked on

31-03-2025T10:50:56 - [TEST_STEP][PASSED] - click(findTestObject("Выручка в рублях/Применить в фильтре Выручка" + nameOfBlock)): Object: 'Object Repository/Выручка в рублях/Применить в фильтре Выручка Выручка' is clicked on

31-03-2025T10:50:56 - [MESSAGE][PASSED] - Object: 'Object Repository/Выручка в рублях/Применить в фильтре Выручка Выручка' is clicked on

31-03-2025T10:50:56 - [TEST_STEP][PASSED] - click(findTestObject("Выручка в рублях/Фильтр ДЗО" + nameOfBlock)): Object: 'Object Repository/Выручка в рублях/Фильтр ДЗО Выручка' is clicked on

31-03-2025T10:50:57 - [MESSAGE][PASSED] - Object: 'Object Repository/Выручка в рублях/Фильтр ДЗО Выручка' is clicked on

31-03-2025T10:50:57 - [TEST_STEP][PASSED] - Script1742558545601.Rosseti(nameOfBlock): null

31-03-2025T10:50:57 - [TEST_STEP][PASSED] - println("nameOfBlock:" + nameOfBlock): null

31-03-2025T10:50:57 - [TEST_STEP][PASSED] - click(findTestObject("Выручка в рублях/ПАО Россети" + nameOfBlock)): Object: 'Object Repository/Выручка в рублях/ПАО Россети Выручка' is clicked on

31-03-2025T10:50:58 - [MESSAGE][PASSED] - Object: 'Object Repository/Выручка в рублях/ПАО Россети Выручка' is clicked on

31-03-2025T10:50:58 - [TEST_STEP][PASSED] - click(findTestObject("Выручка в рублях/Применить в фильтре ДЗО" + nameOfBlock)): Object: 'Object Repository/Выручка в рублях/Применить в фильтре ДЗО Выручка' is clicked on

31-03-2025T10:50:58 - [MESSAGE][PASSED] - Object: 'Object Repository/Выручка в рублях/Применить в фильтре ДЗО Выручка' is clicked on

31-03-2025T10:50:58 - [TEST_STEP][PASSED] - if (vir == 1 || vir == 2): Text of object 'Object Repository/Выручка в рублях/График План Выручка' is: '312 362'

31-03-2025T10:50:58 - [TEST_STEP][PASSED] - b1 = getText(findTestObject("Выручка в рублях/График План Выручка")): Text of object 'Object Repository/Выручка в рублях/График План Выручка' is: '312 362'

31-03-2025T10:50:59 - [MESSAGE][PASSED] - Text of object 'Object Repository/Выручка в рублях/График План Выручка' is: '312 362'

31-03-2025T10:50:59 - [TEST_STEP][PASSED] - if (vir == 1 || vir == 2): Text of object 'Object Repository/Выручка в рублях/График Факт Выручка' is: '279 580'

31-03-2025T10:50:59 - [TEST_STEP][PASSED] - b2 = getText(findTestObject("Выручка в рублях/График Факт Выручка")): Text of object 'Object Repository/Выручка в рублях/График Факт Выручка' is: '279 580'

31-03-2025T10:51:00 - [MESSAGE][PASSED] - Text of object 'Object Repository/Выручка в рублях/График Факт Выручка' is: '279 580'

31-03-2025T10:51:00 - [TEST_STEP][PASSED] - b30 = getText(findTestObject("Выручка в рублях/span1" + perc)): Text of object 'Object Repository/Выручка в рублях/span1' is: '-32 781.5 млн.руб.'

31-03-2025T10:51:00 - [MESSAGE][PASSED] - Text of object 'Object Repository/Выручка в рублях/span1' is: '-32 781.5 млн.руб.'

31-03-2025T10:51:00 - [TEST_STEP][PASSED] - i = b30.indexOf("млн.руб."): null

31-03-2025T10:51:00 - [TEST_STEP][PASSED] - if (i > -1): null

31-03-2025T10:51:00 - [TEST_STEP][PASSED] - b30 = b30.substring(0, i): null

31-03-2025T10:51:00 - [TEST_STEP][PASSED] - b30 = b30.replaceAll(" ", ""): null

31-03-2025T10:51:00 - [TEST_STEP][PASSED] - if (b30.contains("%")): null

31-03-2025T10:51:00 - [TEST_STEP][PASSED] - b30 = ").trim(): null

31-03-2025T10:51:00 - [TEST_STEP][PASSED] - println("b30: " + b30): null

31-03-2025T10:51:00 - [TEST_STEP][PASSED] - if (vir == 1): null

31-03-2025T10:51:00 - [TEST_STEP][PASSED] - else if (vir == 2): Text of object 'Object Repository/Выручка в рублях/span18' is: '50'

31-03-2025T10:51:00 - [TEST_STEP][PASSED] - b31 = ").trim(): Text of object 'Object Repository/Выручка в рублях/span2' is: '-170'

31-03-2025T10:51:00 - [MESSAGE][PASSED] - Text of object 'Object Repository/Выручка в рублях/span2' is: '-170'

31-03-2025T10:51:00 - [TEST_STEP][PASSED] - b32 = ").trim(): Text of object 'Object Repository/Выручка в рублях/span3' is: '-0'

31-03-2025T10:51:01 - [MESSAGE][PASSED] - Text of object 'Object Repository/Выручка в рублях/span3' is: '-0'

31-03-2025T10:51:01 - [TEST_STEP][PASSED] - b34 = ").trim(): Text of object 'Object Repository/Выручка в рублях/span4' is: '-270'

31-03-2025T10:51:01 - [MESSAGE][PASSED] - Text of object 'Object Repository/Выручка в рублях/span4' is: '-270'

31-03-2025T10:51:01 - [TEST_STEP][PASSED] - b35 = ").trim(): Text of object 'Object Repository/Выручка в рублях/span5' is: '552'

31-03-2025T10:51:01 - [MESSAGE][PASSED] - Text of object 'Object Repository/Выручка в рублях/span5' is: '552'

31-03-2025T10:51:01 - [TEST_STEP][PASSED] - b36 = ").trim(): Text of object 'Object Repository/Выручка в рублях/span6' is: '-244'

31-03-2025T10:51:01 - [MESSAGE][PASSED] - Text of object 'Object Repository/Выручка в рублях/span6' is: '-244'

31-03-2025T10:51:01 - [TEST_STEP][PASSED] - b37 = ").trim(): Text of object 'Object Repository/Выручка в рублях/span7' is: '-1 353'

31-03-2025T10:51:02 - [MESSAGE][PASSED] - Text of object 'Object Repository/Выручка в рублях/span7' is: '-1 353'

31-03-2025T10:51:02 - [TEST_STEP][PASSED] - b38 = ").trim(): Text of object 'Object Repository/Выручка в рублях/span8' is: '-35'

31-03-2025T10:51:02 - [MESSAGE][PASSED] - Text of object 'Object Repository/Выручка в рублях/span8' is: '-35'

31-03-2025T10:51:02 - [TEST_STEP][PASSED] - b39 = ").trim(): Text of object 'Object Repository/Выручка в рублях/span9' is: '-232'

31-03-2025T10:51:02 - [MESSAGE][PASSED] - Text of object 'Object Repository/Выручка в рублях/span9' is: '-232'

31-03-2025T10:51:02 - [TEST_STEP][PASSED] - b310 = ").trim(): Text of object 'Object Repository/Выручка в рублях/span10' is: '848'

31-03-2025T10:51:02 - [MESSAGE][PASSED] - Text of object 'Object Repository/Выручка в рублях/span10' is: '848'

31-03-2025T10:51:02 - [TEST_STEP][PASSED] - b311 = ").trim(): Text of object 'Object Repository/Выручка в рублях/span11' is: '-47'

31-03-2025T10:51:03 - [MESSAGE][PASSED] - Text of object 'Object Repository/Выручка в рублях/span11' is: '-47'

31-03-2025T10:51:03 - [TEST_STEP][PASSED] - b312 = ").trim(): Text of object 'Object Repository/Выручка в рублях/span12' is: '-1 858'

31-03-2025T10:51:03 - [MESSAGE][PASSED] - Text of object 'Object Repository/Выручка в рублях/span12' is: '-1 858'

31-03-2025T10:51:03 - [TEST_STEP][PASSED] - b313 = ").trim(): Text of object 'Object Repository/Выручка в рублях/span13' is: '-701'

31-03-2025T10:51:03 - [MESSAGE][PASSED] - Text of object 'Object Repository/Выручка в рублях/span13' is: '-701'

31-03-2025T10:51:03 - [TEST_STEP][PASSED] - b314 = ").trim(): Text of object 'Object Repository/Выручка в рублях/span14' is: '-28 384'

31-03-2025T10:51:04 - [MESSAGE][PASSED] - Text of object 'Object Repository/Выручка в рублях/span14' is: '-28 384'

31-03-2025T10:51:04 - [TEST_STEP][PASSED] - b315 = ").trim(): Text of object 'Object Repository/Выручка в рублях/span15' is: '-520'

31-03-2025T10:51:04 - [MESSAGE][PASSED] - Text of object 'Object Repository/Выручка в рублях/span15' is: '-520'

31-03-2025T10:51:04 - [TEST_STEP][PASSED] - b316 = ").trim(): Text of object 'Object Repository/Выручка в рублях/span16' is: '-484'

31-03-2025T10:51:04 - [MESSAGE][PASSED] - Text of object 'Object Repository/Выручка в рублях/span16' is: '-484'

31-03-2025T10:51:04 - [TEST_STEP][PASSED] - b317 = ").trim(): Text of object 'Object Repository/Выручка в рублях/span17' is: '66'

31-03-2025T10:51:04 - [MESSAGE][PASSED] - Text of object 'Object Repository/Выручка в рублях/span17' is: '66'

31-03-2025T10:51:04 - [TEST_STEP][PASSED] - b318 = ").trim(): Text of object 'Object Repository/Выручка в рублях/span18' is: '50'

31-03-2025T10:51:05 - [MESSAGE][PASSED] - Text of object 'Object Repository/Выручка в рублях/span18' is: '50'

31-03-2025T10:51:05 - [TEST_STEP][PASSED] - dZO = "ПАО Россети": null

31-03-2025T10:51:05 - [TEST_STEP][PASSED] - if (verifyEqual(a1, b1) == false): Actual object '312 362' and expected object '312 362' are equal

31-03-2025T10:51:05 - [MESSAGE][PASSED] - Actual object '312 362' and expected object '312 362' are equal

31-03-2025T10:51:05 - [TEST_STEP][PASSED] - if (verifyEqual(a2, b2) == false): Actual object '279 580' and expected object '279 580' are equal

31-03-2025T10:51:05 - [MESSAGE][PASSED] - Actual object '279 580' and expected object '279 580' are equal

31-03-2025T10:51:05 - [TEST_STEP][PASSED] - vidget = "Отклонения": null

31-03-2025T10:51:05 - [TEST_STEP][PASSED] - if (verifyEqual(a30, b30) == false): Actual object '-32781.5' and expected object '-32781.5' are equal

31-03-2025T10:51:05 - [MESSAGE][PASSED] - Actual object '-32781.5' and expected object '-32781.5' are equal

31-03-2025T10:51:05 - [TEST_STEP][PASSED] - dZO = "АО «РЭС»": null

31-03-2025T10:51:05 - [TEST_STEP][PASSED] - if (verifyEqual(a31, b31) == false): Actual object '-170' and expected object '-170' are equal

31-03-2025T10:51:05 - [MESSAGE][PASSED] - Actual object '-170' and expected object '-170' are equal

31-03-2025T10:51:05 - [TEST_STEP][PASSED] - dZO = "АО «Тываэнерго»": null

31-03-2025T10:51:05 - [TEST_STEP][PASSED] - if (verifyEqual(a32, b32) == false): Actual object '-0' and expected object '-0' are equal

31-03-2025T10:51:05 - [MESSAGE][PASSED] - Actual object '-0' and expected object '-0' are equal

31-03-2025T10:51:05 - [TEST_STEP][PASSED] - dZO = "АО «Чеченэнерго»": null

31-03-2025T10:51:05 - [TEST_STEP][PASSED] - if (verifyEqual(a33, b33) == false): Actual object 'null' and expected object 'null' are equal

31-03-2025T10:51:05 - [MESSAGE][PASSED] - Actual object 'null' and expected object 'null' are equal

31-03-2025T10:51:05 - [TEST_STEP][PASSED] - dZO = "Россети Волга": null

31-03-2025T10:51:05 - [TEST_STEP][PASSED] - if (verifyEqual(a34, b34) == false): Actual object '-270' and expected object '-270' are equal

31-03-2025T10:51:05 - [MESSAGE][PASSED] - Actual object '-270' and expected object '-270' are equal

31-03-2025T10:51:05 - [TEST_STEP][PASSED] - dZO = "Россети Кубань": null

31-03-2025T10:51:05 - [TEST_STEP][PASSED] - if (verifyEqual(a35, b35) == false): Actual object '552' and expected object '552' are equal

31-03-2025T10:51:05 - [MESSAGE][PASSED] - Actual object '552' and expected object '552' are equal

31-03-2025T10:51:05 - [TEST_STEP][PASSED] - dZO = "Россети Ленэнерго (ГК)": null

31-03-2025T10:51:05 - [TEST_STEP][PASSED] - if (verifyEqual(a36, b36) == false): Actual object '-244' and expected object '-244' are equal

31-03-2025T10:51:05 - [MESSAGE][PASSED] - Actual object '-244' and expected object '-244' are equal

31-03-2025T10:51:05 - [TEST_STEP][PASSED] - dZO = "Россети Московский регион": null

31-03-2025T10:51:05 - [TEST_STEP][PASSED] - if (verifyEqual(a37, b37) == false): Actual object '-1 353' and expected object '-1 353' are equal

31-03-2025T10:51:05 - [MESSAGE][PASSED] - Actual object '-1 353' and expected object '-1 353' are equal

31-03-2025T10:51:05 - [TEST_STEP][PASSED] - dZO = "Россети Северный Кавказ (ГК)": null

31-03-2025T10:51:05 - [TEST_STEP][PASSED] - if (verifyEqual(a38, b38) == false): Actual object '-35' and expected object '-35' are equal

31-03-2025T10:51:05 - [MESSAGE][PASSED] - Actual object '-35' and expected object '-35' are equal

31-03-2025T10:51:05 - [TEST_STEP][PASSED] - dZO = "Россети Северо-Запад": null

31-03-2025T10:51:05 - [TEST_STEP][PASSED] - if (verifyEqual(a39, b39) == false): Actual object '-232' and expected object '-232' are equal

31-03-2025T10:51:05 - [MESSAGE][PASSED] - Actual object '-232' and expected object '-232' are equal

31-03-2025T10:51:05 - [TEST_STEP][PASSED] - dZO = "Россети Сибирь (ГК)": null

31-03-2025T10:51:05 - [TEST_STEP][PASSED] - if (verifyEqual(a310, b310) == false): Actual object '848' and expected object '848' are equal

31-03-2025T10:51:05 - [MESSAGE][PASSED] - Actual object '848' and expected object '848' are equal

31-03-2025T10:51:05 - [TEST_STEP][PASSED] - dZO = "Россети Томск": null

31-03-2025T10:51:05 - [TEST_STEP][PASSED] - if (verifyEqual(a311, b311) == false): Actual object '-47' and expected object '-47' are equal

31-03-2025T10:51:05 - [MESSAGE][PASSED] - Actual object '-47' and expected object '-47' are equal

31-03-2025T10:51:05 - [TEST_STEP][PASSED] - dZO = "Россети Тюмень": null

31-03-2025T10:51:05 - [TEST_STEP][PASSED] - if (verifyEqual(a312, b312) == false): Actual object '-1 858' and expected object '-1 858' are equal

31-03-2025T10:51:05 - [MESSAGE][PASSED] - Actual object '-1 858' and expected object '-1 858' are equal

31-03-2025T10:51:05 - [TEST_STEP][PASSED] - dZO = "Россети Урал (ГК)": null

31-03-2025T10:51:05 - [TEST_STEP][PASSED] - if (verifyEqual(a313, b313) == false): Actual object '-701' and expected object '-701' are equal

31-03-2025T10:51:05 - [MESSAGE][PASSED] - Actual object '-701' and expected object '-701' are equal

31-03-2025T10:51:05 - [TEST_STEP][PASSED] - dZO = "Россети ФСК ЕЭС": null

31-03-2025T10:51:05 - [TEST_STEP][PASSED] - if (verifyEqual(a314, b314) == false): Actual object '-28 384' and expected object '-28 384' are equal

31-03-2025T10:51:05 - [MESSAGE][PASSED] - Actual object '-28 384' and expected object '-28 384' are equal

31-03-2025T10:51:05 - [TEST_STEP][PASSED] - dZO = "Россети Центр": null

31-03-2025T10:51:05 - [TEST_STEP][PASSED] - if (verifyEqual(a315, b315) == false): Actual object '-520' and expected object '-520' are equal

31-03-2025T10:51:05 - [MESSAGE][PASSED] - Actual object '-520' and expected object '-520' are equal

31-03-2025T10:51:05 - [TEST_STEP][PASSED] - dZO = "Россети Центр и Приволжье (ГК)": null

31-03-2025T10:51:05 - [TEST_STEP][PASSED] - if (verifyEqual(a316, b316) == false): Actual object '-484' and expected object '-484' are equal

31-03-2025T10:51:05 - [MESSAGE][PASSED] - Actual object '-484' and expected object '-484' are equal

31-03-2025T10:51:05 - [TEST_STEP][PASSED] - dZO = "Россети Юг (ГК)": null

31-03-2025T10:51:05 - [TEST_STEP][PASSED] - if (verifyEqual(a317, b317) == false): Actual object '66' and expected object '66' are equal

31-03-2025T10:51:05 - [MESSAGE][PASSED] - Actual object '66' and expected object '66' are equal

31-03-2025T10:51:05 - [TEST_STEP][PASSED] - dZO = "Россети Янтарь": null

31-03-2025T10:51:05 - [TEST_STEP][PASSED] - if (verifyEqual(a318, b318) == false): Actual object '50' and expected object '50' are equal

31-03-2025T10:51:05 - [MESSAGE][PASSED] - Actual object '50' and expected object '50' are equal

31-03-2025T10:51:05 - [TEST_STEP][PASSED] - closeBrowser(): null

31-03-2025T10:51:05 - [MESSAGE][PASSED] - Browser is closed

31-03-2025T10:51:05 - [TEST_STEP][PASSED] - Script1742558545601.Blocks(run, vir, block, nameOfBlock, typeOfData, viruchka, vidget, todaysDate, a, b, dZO, x, y): null

31-03-2025T10:51:05 - [TEST_STEP][PASSED] - i = <not implemented yet for class: org.codehaus.groovy.ast.expr.EmptyExpression>: null

31-03-2025T10:51:05 - [TEST_STEP][PASSED] - perc = "": null

31-03-2025T10:51:05 - [TEST_STEP][PASSED] - a1 = <not implemented yet for class: org.codehaus.groovy.ast.expr.EmptyExpression>: null

31-03-2025T10:51:05 - [TEST_STEP][PASSED] - a2 = <not implemented yet for class: org.codehaus.groovy.ast.expr.EmptyExpression>: null

31-03-2025T10:51:05 - [TEST_STEP][PASSED] - a30 = <not implemented yet for class: org.codehaus.groovy.ast.expr.EmptyExpression>: null

31-03-2025T10:51:05 - [TEST_STEP][PASSED] - a31 = <not implemented yet for class: org.codehaus.groovy.ast.expr.EmptyExpression>: null

31-03-2025T10:51:05 - [TEST_STEP][PASSED] - a32 = <not implemented yet for class: org.codehaus.groovy.ast.expr.EmptyExpression>: null

31-03-2025T10:51:05 - [TEST_STEP][PASSED] - a33 = <not implemented yet for class: org.codehaus.groovy.ast.expr.EmptyExpression>: null

31-03-2025T10:51:05 - [TEST_STEP][PASSED] - a34 = <not implemented yet for class: org.codehaus.groovy.ast.expr.EmptyExpression>: null

31-03-2025T10:51:05 - [TEST_STEP][PASSED] - a35 = <not implemented yet for class: org.codehaus.groovy.ast.expr.EmptyExpression>: null

31-03-2025T10:51:05 - [TEST_STEP][PASSED] - a36 = <not implemented yet for class: org.codehaus.groovy.ast.expr.EmptyExpression>: null

31-03-2025T10:51:05 - [TEST_STEP][PASSED] - a37 = <not implemented yet for class: org.codehaus.groovy.ast.expr.EmptyExpression>: null

31-03-2025T10:51:05 - [TEST_STEP][PASSED] - a38 = <not implemented yet for class: org.codehaus.groovy.ast.expr.EmptyExpression>: null

31-03-2025T10:51:05 - [TEST_STEP][PASSED] - a39 = <not implemented yet for class: org.codehaus.groovy.ast.expr.EmptyExpression>: null

31-03-2025T10:51:05 - [TEST_STEP][PASSED] - a310 = <not implemented yet for class: org.codehaus.groovy.ast.expr.EmptyExpression>: null

31-03-2025T10:51:05 - [TEST_STEP][PASSED] - a311 = <not implemented yet for class: org.codehaus.groovy.ast.expr.EmptyExpression>: null

31-03-2025T10:51:05 - [TEST_STEP][PASSED] - a312 = <not implemented yet for class: org.codehaus.groovy.ast.expr.EmptyExpression>: null

31-03-2025T10:51:05 - [TEST_STEP][PASSED] - a313 = <not implemented yet for class: org.codehaus.groovy.ast.expr.EmptyExpression>: null

31-03-2025T10:51:05 - [TEST_STEP][PASSED] - a314 = <not implemented yet for class: org.codehaus.groovy.ast.expr.EmptyExpression>: null

31-03-2025T10:51:05 - [TEST_STEP][PASSED] - a315 = <not implemented yet for class: org.codehaus.groovy.ast.expr.EmptyExpression>: null

31-03-2025T10:51:05 - [TEST_STEP][PASSED] - a316 = <not implemented yet for class: org.codehaus.groovy.ast.expr.EmptyExpression>: null

31-03-2025T10:51:05 - [TEST_STEP][PASSED] - a317 = <not implemented yet for class: org.codehaus.groovy.ast.expr.EmptyExpression>: null

31-03-2025T10:51:05 - [TEST_STEP][PASSED] - a318 = <not implemented yet for class: org.codehaus.groovy.ast.expr.EmptyExpression>: null

31-03-2025T10:51:05 - [TEST_STEP][PASSED] - b1 = <not implemented yet for class: org.codehaus.groovy.ast.expr.EmptyExpression>: null

31-03-2025T10:51:05 - [TEST_STEP][PASSED] - b2 = <not implemented yet for class: org.codehaus.groovy.ast.expr.EmptyExpression>: null

31-03-2025T10:51:05 - [TEST_STEP][PASSED] - b30 = <not implemented yet for class: org.codehaus.groovy.ast.expr.EmptyExpression>: null

31-03-2025T10:51:05 - [TEST_STEP][PASSED] - b31 = <not implemented yet for class: org.codehaus.groovy.ast.expr.EmptyExpression>: null

31-03-2025T10:51:05 - [TEST_STEP][PASSED] - b32 = <not implemented yet for class: org.codehaus.groovy.ast.expr.EmptyExpression>: null

31-03-2025T10:51:05 - [TEST_STEP][PASSED] - b33 = <not implemented yet for class: org.codehaus.groovy.ast.expr.EmptyExpression>: null

31-03-2025T10:51:05 - [TEST_STEP][PASSED] - b34 = <not implemented yet for class: org.codehaus.groovy.ast.expr.EmptyExpression>: null

31-03-2025T10:51:05 - [TEST_STEP][PASSED] - b35 = <not implemented yet for class: org.codehaus.groovy.ast.expr.EmptyExpression>: null

31-03-2025T10:51:05 - [TEST_STEP][PASSED] - b36 = <not implemented yet for class: org.codehaus.groovy.ast.expr.EmptyExpression>: null

31-03-2025T10:51:05 - [TEST_STEP][PASSED] - b37 = <not implemented yet for class: org.codehaus.groovy.ast.expr.EmptyExpression>: null

31-03-2025T10:51:05 - [TEST_STEP][PASSED] - b38 = <not implemented yet for class: org.codehaus.groovy.ast.expr.EmptyExpression>: null

31-03-2025T10:51:05 - [TEST_STEP][PASSED] - b39 = <not implemented yet for class: org.codehaus.groovy.ast.expr.EmptyExpression>: null

31-03-2025T10:51:05 - [TEST_STEP][PASSED] - b310 = <not implemented yet for class: org.codehaus.groovy.ast.expr.EmptyExpression>: null

31-03-2025T10:51:05 - [TEST_STEP][PASSED] - b311 = <not implemented yet for class: org.codehaus.groovy.ast.expr.EmptyExpression>: null

31-03-2025T10:51:05 - [TEST_STEP][PASSED] - b312 = <not implemented yet for class: org.codehaus.groovy.ast.expr.EmptyExpression>: null

31-03-2025T10:51:05 - [TEST_STEP][PASSED] - b313 = <not implemented yet for class: org.codehaus.groovy.ast.expr.EmptyExpression>: null

31-03-2025T10:51:05 - [TEST_STEP][PASSED] - b314 = <not implemented yet for class: org.codehaus.groovy.ast.expr.EmptyExpression>: null

31-03-2025T10:51:05 - [TEST_STEP][PASSED] - b315 = <not implemented yet for class: org.codehaus.groovy.ast.expr.EmptyExpression>: null

31-03-2025T10:51:05 - [TEST_STEP][PASSED] - b316 = <not implemented yet for class: org.codehaus.groovy.ast.expr.EmptyExpression>: null

31-03-2025T10:51:05 - [TEST_STEP][PASSED] - b317 = <not implemented yet for class: org.codehaus.groovy.ast.expr.EmptyExpression>: null

31-03-2025T10:51:05 - [TEST_STEP][PASSED] - b318 = <not implemented yet for class: org.codehaus.groovy.ast.expr.EmptyExpression>: null

31-03-2025T10:51:05 - [TEST_STEP][PASSED] - block = 1: null

31-03-2025T10:51:05 - [TEST_STEP][PASSED] - nameOfBlock = "": null

31-03-2025T10:51:05 - [TEST_STEP][PASSED] - Script1742558545601.PreSettings(run, vir, block, nameOfBlock, typeOfData, todaysDate): null

31-03-2025T10:51:05 - [TEST_STEP][PASSED] - openBrowser(""): Browser is opened with url: ''

31-03-2025T10:51:05 - [MESSAGE][INFO] - Starting 'Chrome' driver

31-03-2025T10:51:05 - [MESSAGE][INFO] - Action delay is set to 0 milliseconds

31-03-2025T10:51:06 - [MESSAGE][PASSED] - Browser is opened with url: ''

31-03-2025T10:51:06 - [TEST_STEP][PASSED] - refresh(): Refresh successfully

31-03-2025T10:51:06 - [MESSAGE][PASSED] - Refresh successfully

31-03-2025T10:51:06 - [TEST_STEP][PASSED] - delay(50): Delayed 50 second(s)

31-03-2025T10:51:56 - [MESSAGE][PASSED] - Delayed 50 second(s)

31-03-2025T10:51:56 - [TEST_STEP][PASSED] - println("run:" + run): null

31-03-2025T10:51:56 - [TEST_STEP][PASSED] - println("vir:" + vir): null

31-03-2025T10:51:56 - [TEST_STEP][PASSED] - println("block:" + block): null

31-03-2025T10:51:56 - [TEST_STEP][PASSED] - if (block == 1): null

31-03-2025T10:51:56 - [TEST_STEP][PASSED] - nameOfBlock = "": null

31-03-2025T10:51:56 - [TEST_STEP][PASSED] - println("nameOfBlock:" + nameOfBlock): null

31-03-2025T10:51:56 - [TEST_STEP][PASSED] - println("typeOfData:" + typeOfData): null

31-03-2025T10:51:56 - [TEST_STEP][PASSED] - println("todaysDate:" + todaysDate): null

31-03-2025T10:51:56 - [TEST_STEP][PASSED] - Script1742558545601.Autorization(block, nameOfBlock): null

31-03-2025T10:51:56 - [TEST_STEP][PASSED] - i = <not implemented yet for class: org.codehaus.groovy.ast.expr.EmptyExpression>: null

31-03-2025T10:51:56 - [TEST_STEP][PASSED] - ii = <not implemented yet for class: org.codehaus.groovy.ast.expr.EmptyExpression>: null

31-03-2025T10:51:56 - [TEST_STEP][PASSED] - urlData = <not implemented yet for class: org.codehaus.groovy.ast.expr.EmptyExpression>: null

31-03-2025T10:51:56 - [TEST_STEP][PASSED] - searchWord = <not implemented yet for class: org.codehaus.groovy.ast.expr.EmptyExpression>: null

31-03-2025T10:51:56 - [TEST_STEP][PASSED] - urlText = <not implemented yet for class: org.codehaus.groovy.ast.expr.EmptyExpression>: null

31-03-2025T10:51:56 - [TEST_STEP][PASSED] - println("block:" + block): null

31-03-2025T10:51:56 - [TEST_STEP][PASSED] - if (block == 1): null

31-03-2025T10:51:56 - [TEST_STEP][PASSED] - nameOfBlock = "": null

31-03-2025T10:51:56 - [TEST_STEP][PASSED] - println("nameOfBlock:" + nameOfBlock): null

31-03-2025T10:51:56 - [TEST_STEP][PASSED] - if (block == 1): Delayed 45 second(s)

31-03-2025T10:51:56 - [TEST_STEP][PASSED] - urlData = 2: null

31-03-2025T10:51:56 - [TEST_STEP][PASSED] - delay(45): Delayed 45 second(s)

31-03-2025T10:52:41 - [MESSAGE][PASSED] - Delayed 45 second(s)

31-03-2025T10:52:41 - [TEST_STEP][PASSED] - navigateToUrl(findTestData("PlanFact").getValue(10, urlData)): Navigate to 'https://bi.rosseti.digital/viewer?dashboardGuid=2301950b23be4ed89c1df75f2020051e&sheetGuid=b723206f698544fb87299f3095c00435&fit=true' successfully

31-03-2025T10:52:46 - [MESSAGE][PASSED] - Navigate to 'https://bi.rosseti.digital/viewer?dashboardGuid=2301950b23be4ed89c1df75f2020051e&sheetGuid=b723206f698544fb87299f3095c00435&fit=true' successfully

31-03-2025T10:52:46 - [TEST_STEP][PASSED] - urlText = getText(findTestObject("Страница авторизации/Text")): Text of object 'Object Repository/Страница авторизации/Text' is: 'Вход'

31-03-2025T10:52:48 - [MESSAGE][PASSED] - Text of object 'Object Repository/Страница авторизации/Text' is: 'Вход'

31-03-2025T10:52:48 - [TEST_STEP][PASSED] - searchWord = "Вход": null

31-03-2025T10:52:48 - [TEST_STEP][PASSED] - if (urlText == null || urlText.contains("ошибка") || urlText.contains(searchWord) == false): null

31-03-2025T10:52:48 - [TEST_STEP][PASSED] - if (verifyElementPresent(findTestObject("Страница авторизации/button_"), 30) == true): null

31-03-2025T10:52:48 - [MESSAGE][PASSED] - Object 'Object Repository/Страница авторизации/button_' is present

31-03-2025T10:52:48 - [TEST_STEP][PASSED] - setText(findTestObject("Страница авторизации/input__username"), findTestData("PlanFact").getValue(8, 1)): Text 'liazgina-di' is set on object 'Object Repository/Страница авторизации/input__username'

31-03-2025T10:52:49 - [MESSAGE][PASSED] - Text 'liazgina-di' is set on object 'Object Repository/Страница авторизации/input__username'

31-03-2025T10:52:49 - [TEST_STEP][PASSED] - setText(findTestObject("Страница авторизации/input__password"), findTestData("PlanFact").getValue(9, 1)): Text ')$%5srZ8o688Dm#q' is set on object 'Object Repository/Страница авторизации/input__password'

31-03-2025T10:52:49 - [MESSAGE][PASSED] - Text ')$%5srZ8o688Dm#q' is set on object 'Object Repository/Страница авторизации/input__password'

31-03-2025T10:52:49 - [TEST_STEP][PASSED] - click(findTestObject("Страница авторизации/button_")): Object: 'Object Repository/Страница авторизации/button_' is clicked on

31-03-2025T10:52:51 - [MESSAGE][PASSED] - Object: 'Object Repository/Страница авторизации/button_' is clicked on

31-03-2025T10:52:51 - [TEST_STEP][PASSED] - delay(45): Delayed 45 second(s)

31-03-2025T10:53:36 - [MESSAGE][PASSED] - Delayed 45 second(s)

31-03-2025T10:53:36 - [TEST_STEP][PASSED] - urlText = getText(findTestObject("Страница авторизации/Text")): Text of object 'Object Repository/Страница авторизации/Text' is: 'Период
Январь, Февраль 2025 года
Выручка
Все
Выполнение плановых показателей по ПАО Россети за Январь, Февраль 2025 года
План
Факт
Динамика
2025 год
0 млн.руб.
25 000 млн.руб.
50 000 млн.руб.
75 000 млн.руб.
100 000 млн.руб.
125 000 млн.руб.
150 000 млн.руб.
175 000 млн.руб.
200 000 млн.руб.
225 000 млн.руб.
250 000 млн.руб.
275 000 млн.руб.
300 000 млн.руб.
325 000 млн.руб.
350 000 млн.руб.
375 000 млн.руб.
318 025
284 426
↓
ДЗО 
ПАО Россети
Внутренний оборот - выручка за услуги по передаче электрической энергии, учтенная в выручке за электроэнергию для конечных потребителей, при выполнении ДЗО функций гарантирующего поставщика
Подписи данных
⬤Отклонение
АО "РЭС"
АО «Тываэнерго»
АО «Чеченэнерго»
Россети Волга
Россети Кубань
Россети Ленэнерго (ГК)
Россети Московский регион
Россети Северный Кавказ (ГК)
Россети Северо-Запад
Россети Сибирь (ГК)
Россети Томск
Россети Тюмень
Россети Урал (ГК)
Россети ФСК ЕЭС
Россети Центр
Россети Центр и Приволжье (ГК)
Россети Юг (ГК)
Россети Янтарь
-30 000млн.руб.
-25 000млн.руб.
-20 000млн.руб.
-15 000млн.руб.
-10 000млн.руб.
-5 000млн.руб.
0 млн.руб.
5 00…
-170
27
-76
-270
552
-244
-1 353
-805
-232
848
-47
-1 858
-701
-28 384
-520
-484
68
50
млн.
%
Выручка
Отклонение выручки по ПАО Россети за Январь, Февраль 2025 года (факт/план, млн. руб)
ПАО Россети
-33 598.6 млн.руб.
 '

31-03-2025T10:53:36 - [MESSAGE][PASSED] - Text of object 'Object Repository/Страница авторизации/Text' is: 'Период
Январь, Февраль 2025 года
Выручка
Все
Выполнение плановых показателей по ПАО Россети за Январь, Февраль 2025 года
План
Факт
Динамика
2025 год
0 млн.руб.
25 000 млн.руб.
50 000 млн.руб.
75 000 млн.руб.
100 000 млн.руб.
125 000 млн.руб.
150 000 млн.руб.
175 000 млн.руб.
200 000 млн.руб.
225 000 млн.руб.
250 000 млн.руб.
275 000 млн.руб.
300 000 млн.руб.
325 000 млн.руб.
350 000 млн.руб.
375 000 млн.руб.
318 025
284 426
↓
ДЗО 
ПАО Россети
Внутренний оборот - выручка за услуги по передаче электрической энергии, учтенная в выручке за электроэнергию для конечных потребителей, при выполнении ДЗО функций гарантирующего поставщика
Подписи данных
⬤Отклонение
АО "РЭС"
АО «Тываэнерго»
АО «Чеченэнерго»
Россети Волга
Россети Кубань
Россети Ленэнерго (ГК)
Россети Московский регион
Россети Северный Кавказ (ГК)
Россети Северо-Запад
Россети Сибирь (ГК)
Россети Томск
Россети Тюмень
Россети Урал (ГК)
Россети ФСК ЕЭС
Россети Центр
Россети Центр и Приволжье (ГК)
Россети Юг (ГК)
Россети Янтарь
-30 000млн.руб.
-25 000млн.руб.
-20 000млн.руб.
-15 000млн.руб.
-10 000млн.руб.
-5 000млн.руб.
0 млн.руб.
5 00…
-170
27
-76
-270
552
-244
-1 353
-805
-232
848
-47
-1 858
-701
-28 384
-520
-484
68
50
млн.
%
Выручка
Отклонение выручки по ПАО Россети за Январь, Февраль 2025 года (факт/план, млн. руб)
ПАО Россети
-33 598.6 млн.руб.
 '

31-03-2025T10:53:36 - [TEST_STEP][PASSED] - searchWord = "а": null

31-03-2025T10:53:36 - [TEST_STEP][PASSED] - if (urlText.contains("ошибка") || urlText.contains(searchWord) == false): null

31-03-2025T10:53:36 - [TEST_STEP][PASSED] - delay(45): Delayed 45 second(s)

31-03-2025T10:54:21 - [MESSAGE][PASSED] - Delayed 45 second(s)

31-03-2025T10:54:21 - [TEST_STEP][PASSED] - if (block == 2): null

31-03-2025T10:54:21 - [TEST_STEP][PASSED] - click(findTestObject("Выручка в рублях/Фильтр Период" + nameOfBlock)): Object: 'Object Repository/Выручка в рублях/Фильтр Период' is clicked on

31-03-2025T10:54:22 - [MESSAGE][PASSED] - Object: 'Object Repository/Выручка в рублях/Фильтр Период' is clicked on

31-03-2025T10:54:22 - [TEST_STEP][PASSED] - click(findTestObject("Выручка в рублях/Снять выделение в фильтре Дата" + nameOfBlock)): Object: 'Object Repository/Выручка в рублях/Снять выделение в фильтре Дата' is clicked on

31-03-2025T10:54:22 - [MESSAGE][PASSED] - Object: 'Object Repository/Выручка в рублях/Снять выделение в фильтре Дата' is clicked on

31-03-2025T10:54:22 - [TEST_STEP][PASSED] - click(findTestObject("Выручка в рублях/Применить в фильтре Дата" + nameOfBlock)): Object: 'Object Repository/Выручка в рублях/Применить в фильтре Дата' is clicked on

31-03-2025T10:54:23 - [MESSAGE][PASSED] - Object: 'Object Repository/Выручка в рублях/Применить в фильтре Дата' is clicked on

31-03-2025T10:54:23 - [TEST_STEP][PASSED] - delay(50): Delayed 50 second(s)

31-03-2025T10:55:13 - [MESSAGE][PASSED] - Delayed 50 second(s)

31-03-2025T10:55:13 - [TEST_STEP][PASSED] - click(findTestObject("Выручка в рублях/Фильтр Период" + nameOfBlock)): Object: 'Object Repository/Выручка в рублях/Фильтр Период' is clicked on

31-03-2025T10:55:13 - [MESSAGE][PASSED] - Object: 'Object Repository/Выручка в рублях/Фильтр Период' is clicked on

31-03-2025T10:55:13 - [TEST_STEP][PASSED] - click(findTestObject("Выручка в рублях/Снять выделение в фильтре Дата" + nameOfBlock)): Object: 'Object Repository/Выручка в рублях/Снять выделение в фильтре Дата' is clicked on

31-03-2025T10:55:14 - [MESSAGE][PASSED] - Object: 'Object Repository/Выручка в рублях/Снять выделение в фильтре Дата' is clicked on

31-03-2025T10:55:14 - [TEST_STEP][PASSED] - scrollToElement(findTestObject("Выручка в рублях/2025 список" + nameOfBlock), 30): Scroll to object 'Object Repository/Выручка в рублях/2025 список' successfully

31-03-2025T10:55:14 - [MESSAGE][PASSED] - Scroll to object 'Object Repository/Выручка в рублях/2025 список' successfully

31-03-2025T10:55:14 - [TEST_STEP][PASSED] - click(findTestObject("Выручка в рублях/2025 список" + nameOfBlock)): Object: 'Object Repository/Выручка в рублях/2025 список' is clicked on

31-03-2025T10:55:14 - [MESSAGE][PASSED] - Object: 'Object Repository/Выручка в рублях/2025 список' is clicked on

31-03-2025T10:55:14 - [TEST_STEP][PASSED] - scrollToElement(findTestObject("Выручка в рублях/1 квартал 2025 список Выручка"), 30): Scroll to object 'Object Repository/Выручка в рублях/1 квартал 2025 список Выручка' successfully

31-03-2025T10:55:15 - [MESSAGE][PASSED] - Scroll to object 'Object Repository/Выручка в рублях/1 квартал 2025 список Выручка' successfully

31-03-2025T10:55:15 - [TEST_STEP][PASSED] - click(findTestObject("Выручка в рублях/1 квартал 2025 список" + nameOfBlock)): Object: 'Object Repository/Выручка в рублях/1 квартал 2025 список' is clicked on

31-03-2025T10:55:15 - [MESSAGE][PASSED] - Object: 'Object Repository/Выручка в рублях/1 квартал 2025 список' is clicked on

31-03-2025T10:55:15 - [TEST_STEP][PASSED] - scrollToElement(findTestObject("Выручка в рублях/Январь 2025" + nameOfBlock), 30): Scroll to object 'Object Repository/Выручка в рублях/Январь 2025' successfully

31-03-2025T10:55:15 - [MESSAGE][PASSED] - Scroll to object 'Object Repository/Выручка в рублях/Январь 2025' successfully

31-03-2025T10:55:15 - [TEST_STEP][PASSED] - click(findTestObject("Выручка в рублях/Январь 2025" + nameOfBlock)): Object: 'Object Repository/Выручка в рублях/Январь 2025' is clicked on

31-03-2025T10:55:16 - [MESSAGE][PASSED] - Object: 'Object Repository/Выручка в рублях/Январь 2025' is clicked on

31-03-2025T10:55:16 - [TEST_STEP][PASSED] - scrollToElement(findTestObject("Выручка в рублях/Февраль 2025" + nameOfBlock), 30): Scroll to object 'Object Repository/Выручка в рублях/Февраль 2025' successfully

31-03-2025T10:55:16 - [MESSAGE][PASSED] - Scroll to object 'Object Repository/Выручка в рублях/Февраль 2025' successfully

31-03-2025T10:55:16 - [TEST_STEP][PASSED] - click(findTestObject("Выручка в рублях/Февраль 2025" + nameOfBlock)): Object: 'Object Repository/Выручка в рублях/Февраль 2025' is clicked on

31-03-2025T10:55:17 - [MESSAGE][PASSED] - Object: 'Object Repository/Выручка в рублях/Февраль 2025' is clicked on

31-03-2025T10:55:17 - [TEST_STEP][PASSED] - scrollToElement(findTestObject("Выручка в рублях/Заголовок дашборда" + nameOfBlock), 30): Scroll to object 'Object Repository/Выручка в рублях/Заголовок дашборда' successfully

31-03-2025T10:55:17 - [MESSAGE][PASSED] - Scroll to object 'Object Repository/Выручка в рублях/Заголовок дашборда' successfully

31-03-2025T10:55:17 - [TEST_STEP][PASSED] - click(findTestObject("Выручка в рублях/Применить в фильтре Дата" + nameOfBlock)): Object: 'Object Repository/Выручка в рублях/Применить в фильтре Дата' is clicked on

31-03-2025T10:55:18 - [MESSAGE][PASSED] - Object: 'Object Repository/Выручка в рублях/Применить в фильтре Дата' is clicked on

31-03-2025T10:55:18 - [TEST_STEP][PASSED] - delay(55): Delayed 55 second(s)

31-03-2025T10:56:13 - [MESSAGE][PASSED] - Delayed 55 second(s)

31-03-2025T10:56:13 - [TEST_STEP][PASSED] - click(findTestObject("Выручка в рублях/Фильтр ДЗО" + nameOfBlock)): Object: 'Object Repository/Выручка в рублях/Фильтр ДЗО' is clicked on

31-03-2025T10:56:13 - [MESSAGE][PASSED] - Object: 'Object Repository/Выручка в рублях/Фильтр ДЗО' is clicked on

31-03-2025T10:56:13 - [TEST_STEP][PASSED] - click(findTestObject("Выручка в рублях/Снять выделение в фильтре ДЗО" + nameOfBlock)): Object: 'Object Repository/Выручка в рублях/Снять выделение в фильтре ДЗО' is clicked on

31-03-2025T10:56:13 - [MESSAGE][PASSED] - Object: 'Object Repository/Выручка в рублях/Снять выделение в фильтре ДЗО' is clicked on

31-03-2025T10:56:13 - [TEST_STEP][PASSED] - click(findTestObject("Выручка в рублях/Применить в фильтре ДЗО" + nameOfBlock)): Object: 'Object Repository/Выручка в рублях/Применить в фильтре ДЗО' is clicked on

31-03-2025T10:56:14 - [MESSAGE][PASSED] - Object: 'Object Repository/Выручка в рублях/Применить в фильтре ДЗО' is clicked on

31-03-2025T10:56:14 - [TEST_STEP][PASSED] - delay(50): Delayed 50 second(s)

31-03-2025T10:57:04 - [MESSAGE][PASSED] - Delayed 50 second(s)

31-03-2025T10:57:04 - [TEST_STEP][PASSED] - Script1742558545601.Tumbler(run, vir, block, nameOfBlock): null

31-03-2025T10:57:04 - [TEST_STEP][PASSED] - println("run:" + run): null

31-03-2025T10:57:04 - [TEST_STEP][PASSED] - println("vir:" + vir): null

31-03-2025T10:57:04 - [TEST_STEP][PASSED] - println("block:" + block): null

31-03-2025T10:57:04 - [TEST_STEP][PASSED] - println("nameOfBlock:" + nameOfBlock): null

31-03-2025T10:57:04 - [TEST_STEP][PASSED] - if (vir == 1): null

31-03-2025T10:57:04 - [TEST_STEP][PASSED] - else if (vir == 2): null

31-03-2025T10:57:04 - [TEST_STEP][PASSED] - else if (vir == 3): Object: 'Object Repository/Выручка в рублях/Применить в фильтре Выручка' is clicked on

31-03-2025T10:57:04 - [TEST_STEP][PASSED] - if (run == 2): null

31-03-2025T10:57:04 - [TEST_STEP][PASSED] - click(findTestObject("Выручка в рублях/Фильтр Выручка" + nameOfBlock)): Object: 'Object Repository/Выручка в рублях/Фильтр Выручка' is clicked on

31-03-2025T10:57:04 - [MESSAGE][PASSED] - Object: 'Object Repository/Выручка в рублях/Фильтр Выручка' is clicked on

31-03-2025T10:57:04 - [TEST_STEP][PASSED] - click(findTestObject("Выручка в рублях/Внутренний оборот в фильтре Выручка" + nameOfBlock)): Object: 'Object Repository/Выручка в рублях/Внутренний оборот в фильтре Выручка' is clicked on

31-03-2025T10:57:05 - [MESSAGE][PASSED] - Object: 'Object Repository/Выручка в рублях/Внутренний оборот в фильтре Выручка' is clicked on

31-03-2025T10:57:05 - [TEST_STEP][PASSED] - click(findTestObject("Выручка в рублях/Применить в фильтре Выручка" + nameOfBlock)): Object: 'Object Repository/Выручка в рублях/Применить в фильтре Выручка' is clicked on

31-03-2025T10:57:06 - [MESSAGE][PASSED] - Object: 'Object Repository/Выручка в рублях/Применить в фильтре Выручка' is clicked on

31-03-2025T10:57:06 - [TEST_STEP][PASSED] - click(findTestObject("Выручка в рублях/Фильтр ДЗО" + nameOfBlock)): Object: 'Object Repository/Выручка в рублях/Фильтр ДЗО' is clicked on

31-03-2025T10:57:07 - [MESSAGE][PASSED] - Object: 'Object Repository/Выручка в рублях/Фильтр ДЗО' is clicked on

31-03-2025T10:57:07 - [TEST_STEP][PASSED] - Script1742558545601.Rosseti(nameOfBlock): null

31-03-2025T10:57:07 - [TEST_STEP][PASSED] - println("nameOfBlock:" + nameOfBlock): null

31-03-2025T10:57:07 - [TEST_STEP][PASSED] - click(findTestObject("Выручка в рублях/ПАО Россети" + nameOfBlock)): Object: 'Object Repository/Выручка в рублях/ПАО Россети' is clicked on

31-03-2025T10:57:07 - [MESSAGE][PASSED] - Object: 'Object Repository/Выручка в рублях/ПАО Россети' is clicked on

31-03-2025T10:57:07 - [TEST_STEP][PASSED] - click(findTestObject("Выручка в рублях/Применить в фильтре ДЗО" + nameOfBlock)): Object: 'Object Repository/Выручка в рублях/Применить в фильтре ДЗО' is clicked on

31-03-2025T10:57:08 - [MESSAGE][PASSED] - Object: 'Object Repository/Выручка в рублях/Применить в фильтре ДЗО' is clicked on

31-03-2025T10:57:08 - [TEST_STEP][PASSED] - if (run == 2): null

31-03-2025T10:57:08 - [TEST_STEP][PASSED] - if (vir == 1 || vir == 2): null

31-03-2025T10:57:08 - [TEST_STEP][PASSED] - else: Text of object 'Object Repository/Выручка в рублях/vir3Plan' is: '5 663'

31-03-2025T10:57:08 - [TEST_STEP][PASSED] - a1 = getText(findTestObject("Выручка в рублях/vir3Plan")): Text of object 'Object Repository/Выручка в рублях/vir3Plan' is: '5 663'

31-03-2025T10:57:09 - [MESSAGE][PASSED] - Text of object 'Object Repository/Выручка в рублях/vir3Plan' is: '5 663'

31-03-2025T10:57:09 - [TEST_STEP][PASSED] - if (vir == 1 || vir == 2): null

31-03-2025T10:57:09 - [TEST_STEP][PASSED] - else: Text of object 'Object Repository/Выручка в рублях/vir3Fact' is: '4 846'

31-03-2025T10:57:09 - [TEST_STEP][PASSED] - a2 = getText(findTestObject("Выручка в рублях/vir3Fact")): Text of object 'Object Repository/Выручка в рублях/vir3Fact' is: '4 846'

31-03-2025T10:57:10 - [MESSAGE][PASSED] - Text of object 'Object Repository/Выручка в рублях/vir3Fact' is: '4 846'

31-03-2025T10:57:10 - [TEST_STEP][PASSED] - a30 = getText(findTestObject("Выручка в рублях/span1" + perc)): Text of object 'Object Repository/Выручка в рублях/span1' is: '-817.1 млн.руб.'

31-03-2025T10:57:10 - [MESSAGE][PASSED] - Text of object 'Object Repository/Выручка в рублях/span1' is: '-817.1 млн.руб.'

31-03-2025T10:57:10 - [TEST_STEP][PASSED] - i = a30.indexOf("млн.руб."): null

31-03-2025T10:57:10 - [TEST_STEP][PASSED] - if (i > -1): null

31-03-2025T10:57:10 - [TEST_STEP][PASSED] - a30 = a30.substring(0, i): null

31-03-2025T10:57:10 - [TEST_STEP][PASSED] - a30 = a30.replaceAll(" ", ""): null

31-03-2025T10:57:10 - [TEST_STEP][PASSED] - if (a30.contains("%")): null

31-03-2025T10:57:10 - [TEST_STEP][PASSED] - a30 = ").trim(): null

31-03-2025T10:57:10 - [TEST_STEP][PASSED] - println("a30: " + a30): null

31-03-2025T10:57:10 - [TEST_STEP][PASSED] - if (vir == 1): null

31-03-2025T10:57:10 - [TEST_STEP][PASSED] - else if (vir == 2): null

31-03-2025T10:57:10 - [TEST_STEP][PASSED] - else: Text of object 'Object Repository/Выручка в рублях/span5' is: '2'

31-03-2025T10:57:10 - [TEST_STEP][PASSED] - a32 = ").trim(): Text of object 'Object Repository/Выручка в рублях/span2' is: '28'

31-03-2025T10:57:10 - [MESSAGE][PASSED] - Text of object 'Object Repository/Выручка в рублях/span2' is: '28'

31-03-2025T10:57:10 - [TEST_STEP][PASSED] - a33 = ").trim(): Text of object 'Object Repository/Выручка в рублях/span3' is: '-76'

31-03-2025T10:57:10 - [MESSAGE][PASSED] - Text of object 'Object Repository/Выручка в рублях/span3' is: '-76'

31-03-2025T10:57:10 - [TEST_STEP][PASSED] - a38 = ").trim(): Text of object 'Object Repository/Выручка в рублях/span4' is: '-770'

31-03-2025T10:57:11 - [MESSAGE][PASSED] - Text of object 'Object Repository/Выручка в рублях/span4' is: '-770'

31-03-2025T10:57:11 - [TEST_STEP][PASSED] - a317 = ").trim(): Text of object 'Object Repository/Выручка в рублях/span5' is: '2'

31-03-2025T10:57:11 - [MESSAGE][PASSED] - Text of object 'Object Repository/Выручка в рублях/span5' is: '2'

31-03-2025T10:57:11 - [TEST_STEP][PASSED] - block = 2: null

31-03-2025T10:57:11 - [TEST_STEP][PASSED] - nameOfBlock = " Выручка": null

31-03-2025T10:57:11 - [TEST_STEP][PASSED] - Script1742558545601.PreSettings(run, vir, block, nameOfBlock, typeOfData, todaysDate): null

31-03-2025T10:57:11 - [TEST_STEP][PASSED] - openBrowser(""): Browser is opened with url: ''

31-03-2025T10:57:11 - [MESSAGE][WARNING] - A browser is already opened. Closing browser and opening a new one

31-03-2025T10:57:11 - [MESSAGE][INFO] - Starting 'Chrome' driver

31-03-2025T10:57:11 - [MESSAGE][INFO] - Action delay is set to 0 milliseconds

31-03-2025T10:57:12 - [MESSAGE][PASSED] - Browser is opened with url: ''

31-03-2025T10:57:12 - [TEST_STEP][PASSED] - refresh(): Refresh successfully

31-03-2025T10:57:12 - [MESSAGE][PASSED] - Refresh successfully

31-03-2025T10:57:12 - [TEST_STEP][PASSED] - delay(50): Delayed 50 second(s)

31-03-2025T10:58:02 - [MESSAGE][PASSED] - Delayed 50 second(s)

31-03-2025T10:58:02 - [TEST_STEP][PASSED] - println("run:" + run): null

31-03-2025T10:58:02 - [TEST_STEP][PASSED] - println("vir:" + vir): null

31-03-2025T10:58:02 - [TEST_STEP][PASSED] - println("block:" + block): null

31-03-2025T10:58:02 - [TEST_STEP][PASSED] - if (block == 1): null

31-03-2025T10:58:02 - [TEST_STEP][PASSED] - else: null

31-03-2025T10:58:02 - [TEST_STEP][PASSED] - nameOfBlock = " Выручка": null

31-03-2025T10:58:02 - [TEST_STEP][PASSED] - println("nameOfBlock:" + nameOfBlock): null

31-03-2025T10:58:02 - [TEST_STEP][PASSED] - println("typeOfData:" + typeOfData): null

31-03-2025T10:58:02 - [TEST_STEP][PASSED] - println("todaysDate:" + todaysDate): null

31-03-2025T10:58:02 - [TEST_STEP][PASSED] - Script1742558545601.Autorization(block, nameOfBlock): null

31-03-2025T10:58:02 - [TEST_STEP][PASSED] - i = <not implemented yet for class: org.codehaus.groovy.ast.expr.EmptyExpression>: null

31-03-2025T10:58:02 - [TEST_STEP][PASSED] - ii = <not implemented yet for class: org.codehaus.groovy.ast.expr.EmptyExpression>: null

31-03-2025T10:58:02 - [TEST_STEP][PASSED] - urlData = <not implemented yet for class: org.codehaus.groovy.ast.expr.EmptyExpression>: null

31-03-2025T10:58:02 - [TEST_STEP][PASSED] - searchWord = <not implemented yet for class: org.codehaus.groovy.ast.expr.EmptyExpression>: null

31-03-2025T10:58:02 - [TEST_STEP][PASSED] - urlText = <not implemented yet for class: org.codehaus.groovy.ast.expr.EmptyExpression>: null

31-03-2025T10:58:02 - [TEST_STEP][PASSED] - println("block:" + block): null

31-03-2025T10:58:02 - [TEST_STEP][PASSED] - if (block == 1): null

31-03-2025T10:58:02 - [TEST_STEP][PASSED] - else: null

31-03-2025T10:58:02 - [TEST_STEP][PASSED] - delay(45): Delayed 45 second(s)

31-03-2025T10:58:47 - [MESSAGE][PASSED] - Delayed 45 second(s)

31-03-2025T10:58:47 - [TEST_STEP][PASSED] - nameOfBlock = " Выручка": null

31-03-2025T10:58:47 - [TEST_STEP][PASSED] - println("nameOfBlock:" + nameOfBlock): null

31-03-2025T10:58:47 - [TEST_STEP][PASSED] - if (block == 1): null

31-03-2025T10:58:47 - [TEST_STEP][PASSED] - else: Delayed 45 second(s)

31-03-2025T10:58:47 - [TEST_STEP][PASSED] - urlData = 9: null

31-03-2025T10:58:47 - [TEST_STEP][PASSED] - delay(45): Delayed 45 second(s)

31-03-2025T10:59:32 - [MESSAGE][PASSED] - Delayed 45 second(s)

31-03-2025T10:59:32 - [TEST_STEP][PASSED] - navigateToUrl(findTestData("PlanFact").getValue(10, urlData)): Navigate to 'https://bi.rosseti.digital/viewer?dashboardGuid=a1fd28b3785d443cbc4d7690a1d78e31&sheetGuid=86092a20c5984827a0c87b24cac76a50&fit=true' successfully

31-03-2025T10:59:37 - [MESSAGE][PASSED] - Navigate to 'https://bi.rosseti.digital/viewer?dashboardGuid=a1fd28b3785d443cbc4d7690a1d78e31&sheetGuid=86092a20c5984827a0c87b24cac76a50&fit=true' successfully

31-03-2025T10:59:37 - [TEST_STEP][PASSED] - urlText = getText(findTestObject("Страница авторизации/Text")): Text of object 'Object Repository/Страница авторизации/Text' is: 'Вход'

31-03-2025T10:59:39 - [MESSAGE][PASSED] - Text of object 'Object Repository/Страница авторизации/Text' is: 'Вход'

31-03-2025T10:59:39 - [TEST_STEP][PASSED] - searchWord = "Вход": null

31-03-2025T10:59:39 - [TEST_STEP][PASSED] - if (urlText == null || urlText.contains("ошибка") || urlText.contains(searchWord) == false): null

31-03-2025T10:59:39 - [TEST_STEP][PASSED] - if (verifyElementPresent(findTestObject("Страница авторизации/button_"), 30) == true): null

31-03-2025T10:59:39 - [MESSAGE][PASSED] - Object 'Object Repository/Страница авторизации/button_' is present

31-03-2025T10:59:39 - [TEST_STEP][PASSED] - setText(findTestObject("Страница авторизации/input__username"), findTestData("PlanFact").getValue(8, 1)): Text 'liazgina-di' is set on object 'Object Repository/Страница авторизации/input__username'

31-03-2025T10:59:40 - [MESSAGE][PASSED] - Text 'liazgina-di' is set on object 'Object Repository/Страница авторизации/input__username'

31-03-2025T10:59:40 - [TEST_STEP][PASSED] - setText(findTestObject("Страница авторизации/input__password"), findTestData("PlanFact").getValue(9, 1)): Text ')$%5srZ8o688Dm#q' is set on object 'Object Repository/Страница авторизации/input__password'

31-03-2025T10:59:40 - [MESSAGE][PASSED] - Text ')$%5srZ8o688Dm#q' is set on object 'Object Repository/Страница авторизации/input__password'

31-03-2025T10:59:40 - [TEST_STEP][PASSED] - click(findTestObject("Страница авторизации/button_")): Object: 'Object Repository/Страница авторизации/button_' is clicked on

31-03-2025T10:59:42 - [MESSAGE][PASSED] - Object: 'Object Repository/Страница авторизации/button_' is clicked on

31-03-2025T10:59:42 - [TEST_STEP][PASSED] - delay(45): Delayed 45 second(s)

31-03-2025T11:00:27 - [MESSAGE][PASSED] - Delayed 45 second(s)

31-03-2025T11:00:27 - [TEST_STEP][PASSED] - urlText = getText(findTestObject("Страница авторизации/Text")): Text of object 'Object Repository/Страница авторизации/Text' is: 'Период
Январь, Февраль 2025 года
Выручка
Все
Выполнение плановых показателей по ПАО Россети за Январь, Февраль 2025 года
План
Факт
Динамика
2025 год
0 млн.руб.
50 000 млн.руб.
100 000 млн.руб.
150 000 млн.руб.
200 000 млн.руб.
250 000 млн.руб.
300 000 млн.руб.
350 000 млн.руб.
400 000 млн.руб.
318 025
284 426
↓
ДЗО 
Все
Подписи данных
⬤Отклонение
АО "РЭС"
АО «Тываэнерго»
АО «Чеченэнерго»
Россети Волга
Россети Кубань
Россети Ленэнерго (ГК)
Россети Московский регион
Россети Северный Кавказ (ГК)
Россети Северо-Запад
Россети Сибирь (ГК)
Россети Томск
Россети Тюмень
Россети Урал (ГК)
Россети ФСК ЕЭС
Россети Центр
Россети Центр и Приволжье (ГК)
Россети Юг (ГК)
Россети Янтарь
-30 000 млн.руб.
-27 500 млн.руб.
-25 000 млн.руб.
-22 500 млн.руб.
-20 000 млн.руб.
-17 500 млн.руб.
-15 000 млн.руб.
-12 500 млн.руб.
-10 000 млн.руб.
-7 500 млн.руб.
-5 000 млн.руб.
-2 500 млн.руб.
0 млн.руб.
2 500 млн.руб.
-170
27
-76
-270
552
-244
-1 353
-805
-232
848
-47
-1 858
-701
-28 384
-520
-484
68
50
млн.
%
Выручка
Отклонение выручки по ПАО Россети за Январь, Февраль 2025 года (факт/план, млн. руб)
ПАО Россети
-33 598.6 млн.руб.
Статус данных
×
Просьба обратить внимание
Данные занесены не полностью
ВЫБРАННЫЕ ЗНАЧЕНИЯ ФИЛЬТРОВ
ДЗО | ПЕРИОД
ПАО Россети: [«Выбраны все филиалы по всем ДЗО по всем категориям»]
2025: [Янв, Фев]
*Внутренний оборот'

31-03-2025T11:00:28 - [MESSAGE][PASSED] - Text of object 'Object Repository/Страница авторизации/Text' is: 'Период
Январь, Февраль 2025 года
Выручка
Все
Выполнение плановых показателей по ПАО Россети за Январь, Февраль 2025 года
План
Факт
Динамика
2025 год
0 млн.руб.
50 000 млн.руб.
100 000 млн.руб.
150 000 млн.руб.
200 000 млн.руб.
250 000 млн.руб.
300 000 млн.руб.
350 000 млн.руб.
400 000 млн.руб.
318 025
284 426
↓
ДЗО 
Все
Подписи данных
⬤Отклонение
АО "РЭС"
АО «Тываэнерго»
АО «Чеченэнерго»
Россети Волга
Россети Кубань
Россети Ленэнерго (ГК)
Россети Московский регион
Россети Северный Кавказ (ГК)
Россети Северо-Запад
Россети Сибирь (ГК)
Россети Томск
Россети Тюмень
Россети Урал (ГК)
Россети ФСК ЕЭС
Россети Центр
Россети Центр и Приволжье (ГК)
Россети Юг (ГК)
Россети Янтарь
-30 000 млн.руб.
-27 500 млн.руб.
-25 000 млн.руб.
-22 500 млн.руб.
-20 000 млн.руб.
-17 500 млн.руб.
-15 000 млн.руб.
-12 500 млн.руб.
-10 000 млн.руб.
-7 500 млн.руб.
-5 000 млн.руб.
-2 500 млн.руб.
0 млн.руб.
2 500 млн.руб.
-170
27
-76
-270
552
-244
-1 353
-805
-232
848
-47
-1 858
-701
-28 384
-520
-484
68
50
млн.
%
Выручка
Отклонение выручки по ПАО Россети за Январь, Февраль 2025 года (факт/план, млн. руб)
ПАО Россети
-33 598.6 млн.руб.
Статус данных
×
Просьба обратить внимание
Данные занесены не полностью
ВЫБРАННЫЕ ЗНАЧЕНИЯ ФИЛЬТРОВ
ДЗО | ПЕРИОД
ПАО Россети: [«Выбраны все филиалы по всем ДЗО по всем категориям»]
2025: [Янв, Фев]
*Внутренний оборот'

31-03-2025T11:00:28 - [TEST_STEP][PASSED] - searchWord = "а": null

31-03-2025T11:00:28 - [TEST_STEP][PASSED] - if (urlText.contains("ошибка") || urlText.contains(searchWord) == false): null

31-03-2025T11:00:28 - [TEST_STEP][PASSED] - delay(45): Delayed 45 second(s)

31-03-2025T11:01:13 - [MESSAGE][PASSED] - Delayed 45 second(s)

31-03-2025T11:01:13 - [TEST_STEP][PASSED] - if (block == 2): Delayed 50 second(s)

31-03-2025T11:01:13 - [TEST_STEP][PASSED] - opoveshenie = getText(findTestObject("Выручка в рублях/Просьба обратить внимание")): Text of object 'Object Repository/Выручка в рублях/Просьба обратить внимание' is: 'Просьба обратить внимание'

31-03-2025T11:01:13 - [MESSAGE][PASSED] - Text of object 'Object Repository/Выручка в рублях/Просьба обратить внимание' is: 'Просьба обратить внимание'

31-03-2025T11:01:13 - [TEST_STEP][PASSED] - if (opoveshenie == "Просьба обратить внимание"): Delayed 50 second(s)

31-03-2025T11:01:13 - [TEST_STEP][PASSED] - click(findTestObject("Выручка в рублях/Закрыть оповещение")): Object: 'Object Repository/Выручка в рублях/Закрыть оповещение' is clicked on

31-03-2025T11:01:13 - [MESSAGE][PASSED] - Object: 'Object Repository/Выручка в рублях/Закрыть оповещение' is clicked on

31-03-2025T11:01:13 - [TEST_STEP][PASSED] - delay(50): Delayed 50 second(s)

31-03-2025T11:02:03 - [MESSAGE][PASSED] - Delayed 50 second(s)

31-03-2025T11:02:03 - [TEST_STEP][PASSED] - click(findTestObject("Выручка в рублях/Фильтр Период" + nameOfBlock)): Object: 'Object Repository/Выручка в рублях/Фильтр Период Выручка' is clicked on

31-03-2025T11:02:04 - [MESSAGE][PASSED] - Object: 'Object Repository/Выручка в рублях/Фильтр Период Выручка' is clicked on

31-03-2025T11:02:04 - [TEST_STEP][PASSED] - click(findTestObject("Выручка в рублях/Снять выделение в фильтре Дата" + nameOfBlock)): Object: 'Object Repository/Выручка в рублях/Снять выделение в фильтре Дата Выручка' is clicked on

31-03-2025T11:02:04 - [MESSAGE][PASSED] - Object: 'Object Repository/Выручка в рублях/Снять выделение в фильтре Дата Выручка' is clicked on

31-03-2025T11:02:04 - [TEST_STEP][PASSED] - click(findTestObject("Выручка в рублях/Применить в фильтре Дата" + nameOfBlock)): Object: 'Object Repository/Выручка в рублях/Применить в фильтре Дата Выручка' is clicked on

31-03-2025T11:02:05 - [MESSAGE][PASSED] - Object: 'Object Repository/Выручка в рублях/Применить в фильтре Дата Выручка' is clicked on

31-03-2025T11:02:05 - [TEST_STEP][PASSED] - delay(50): Delayed 50 second(s)

31-03-2025T11:02:55 - [MESSAGE][PASSED] - Delayed 50 second(s)

31-03-2025T11:02:55 - [TEST_STEP][PASSED] - click(findTestObject("Выручка в рублях/Фильтр Период" + nameOfBlock)): Object: 'Object Repository/Выручка в рублях/Фильтр Период Выручка' is clicked on

31-03-2025T11:02:55 - [MESSAGE][PASSED] - Object: 'Object Repository/Выручка в рублях/Фильтр Период Выручка' is clicked on

31-03-2025T11:02:55 - [TEST_STEP][PASSED] - click(findTestObject("Выручка в рублях/Снять выделение в фильтре Дата" + nameOfBlock)): Object: 'Object Repository/Выручка в рублях/Снять выделение в фильтре Дата Выручка' is clicked on

31-03-2025T11:02:56 - [MESSAGE][PASSED] - Object: 'Object Repository/Выручка в рублях/Снять выделение в фильтре Дата Выручка' is clicked on

31-03-2025T11:02:56 - [TEST_STEP][PASSED] - scrollToElement(findTestObject("Выручка в рублях/2025 список" + nameOfBlock), 30): Scroll to object 'Object Repository/Выручка в рублях/2025 список Выручка' successfully

31-03-2025T11:02:56 - [MESSAGE][PASSED] - Scroll to object 'Object Repository/Выручка в рублях/2025 список Выручка' successfully

31-03-2025T11:02:56 - [TEST_STEP][PASSED] - click(findTestObject("Выручка в рублях/2025 список" + nameOfBlock)): Object: 'Object Repository/Выручка в рублях/2025 список Выручка' is clicked on

31-03-2025T11:02:56 - [MESSAGE][PASSED] - Object: 'Object Repository/Выручка в рублях/2025 список Выручка' is clicked on

31-03-2025T11:02:56 - [TEST_STEP][PASSED] - scrollToElement(findTestObject("Выручка в рублях/1 квартал 2025 список Выручка"), 30): Scroll to object 'Object Repository/Выручка в рублях/1 квартал 2025 список Выручка' successfully

31-03-2025T11:02:57 - [MESSAGE][PASSED] - Scroll to object 'Object Repository/Выручка в рублях/1 квартал 2025 список Выручка' successfully

31-03-2025T11:02:57 - [TEST_STEP][PASSED] - click(findTestObject("Выручка в рублях/1 квартал 2025 список" + nameOfBlock)): Object: 'Object Repository/Выручка в рублях/1 квартал 2025 список Выручка' is clicked on

31-03-2025T11:02:57 - [MESSAGE][PASSED] - Object: 'Object Repository/Выручка в рублях/1 квартал 2025 список Выручка' is clicked on

31-03-2025T11:02:57 - [TEST_STEP][PASSED] - scrollToElement(findTestObject("Выручка в рублях/Январь 2025" + nameOfBlock), 30): Scroll to object 'Object Repository/Выручка в рублях/Январь 2025 Выручка' successfully

31-03-2025T11:02:57 - [MESSAGE][PASSED] - Scroll to object 'Object Repository/Выручка в рублях/Январь 2025 Выручка' successfully

31-03-2025T11:02:57 - [TEST_STEP][PASSED] - click(findTestObject("Выручка в рублях/Январь 2025" + nameOfBlock)): Object: 'Object Repository/Выручка в рублях/Январь 2025 Выручка' is clicked on

31-03-2025T11:02:58 - [MESSAGE][PASSED] - Object: 'Object Repository/Выручка в рублях/Январь 2025 Выручка' is clicked on

31-03-2025T11:02:58 - [TEST_STEP][PASSED] - scrollToElement(findTestObject("Выручка в рублях/Февраль 2025" + nameOfBlock), 30): Scroll to object 'Object Repository/Выручка в рублях/Февраль 2025 Выручка' successfully

31-03-2025T11:02:58 - [MESSAGE][PASSED] - Scroll to object 'Object Repository/Выручка в рублях/Февраль 2025 Выручка' successfully

31-03-2025T11:02:58 - [TEST_STEP][PASSED] - click(findTestObject("Выручка в рублях/Февраль 2025" + nameOfBlock)): Object: 'Object Repository/Выручка в рублях/Февраль 2025 Выручка' is clicked on

31-03-2025T11:02:59 - [MESSAGE][PASSED] - Object: 'Object Repository/Выручка в рублях/Февраль 2025 Выручка' is clicked on

31-03-2025T11:02:59 - [TEST_STEP][PASSED] - scrollToElement(findTestObject("Выручка в рублях/Заголовок дашборда" + nameOfBlock), 30): Scroll to object 'Object Repository/Выручка в рублях/Заголовок дашборда Выручка' successfully

31-03-2025T11:02:59 - [MESSAGE][PASSED] - Scroll to object 'Object Repository/Выручка в рублях/Заголовок дашборда Выручка' successfully

31-03-2025T11:02:59 - [TEST_STEP][PASSED] - click(findTestObject("Выручка в рублях/Применить в фильтре Дата" + nameOfBlock)): Object: 'Object Repository/Выручка в рублях/Применить в фильтре Дата Выручка' is clicked on

31-03-2025T11:03:00 - [MESSAGE][PASSED] - Object: 'Object Repository/Выручка в рублях/Применить в фильтре Дата Выручка' is clicked on

31-03-2025T11:03:00 - [TEST_STEP][PASSED] - delay(55): Delayed 55 second(s)

31-03-2025T11:03:55 - [MESSAGE][PASSED] - Delayed 55 second(s)

31-03-2025T11:03:55 - [TEST_STEP][PASSED] - click(findTestObject("Выручка в рублях/Фильтр ДЗО" + nameOfBlock)): Object: 'Object Repository/Выручка в рублях/Фильтр ДЗО Выручка' is clicked on

31-03-2025T11:03:55 - [MESSAGE][PASSED] - Object: 'Object Repository/Выручка в рублях/Фильтр ДЗО Выручка' is clicked on

31-03-2025T11:03:55 - [TEST_STEP][PASSED] - click(findTestObject("Выручка в рублях/Снять выделение в фильтре ДЗО" + nameOfBlock)): Object: 'Object Repository/Выручка в рублях/Снять выделение в фильтре ДЗО Выручка' is clicked on

31-03-2025T11:03:55 - [MESSAGE][PASSED] - Object: 'Object Repository/Выручка в рублях/Снять выделение в фильтре ДЗО Выручка' is clicked on

31-03-2025T11:03:55 - [TEST_STEP][PASSED] - click(findTestObject("Выручка в рублях/Применить в фильтре ДЗО" + nameOfBlock)): Object: 'Object Repository/Выручка в рублях/Применить в фильтре ДЗО Выручка' is clicked on

31-03-2025T11:03:56 - [MESSAGE][PASSED] - Object: 'Object Repository/Выручка в рублях/Применить в фильтре ДЗО Выручка' is clicked on

31-03-2025T11:03:56 - [TEST_STEP][PASSED] - delay(50): Delayed 50 second(s)

31-03-2025T11:04:46 - [MESSAGE][PASSED] - Delayed 50 second(s)

31-03-2025T11:04:46 - [TEST_STEP][PASSED] - Script1742558545601.Tumbler(run, vir, block, nameOfBlock): null

31-03-2025T11:04:46 - [TEST_STEP][PASSED] - println("run:" + run): null

31-03-2025T11:04:46 - [TEST_STEP][PASSED] - println("vir:" + vir): null

31-03-2025T11:04:46 - [TEST_STEP][PASSED] - println("block:" + block): null

31-03-2025T11:04:46 - [TEST_STEP][PASSED] - println("nameOfBlock:" + nameOfBlock): null

31-03-2025T11:04:46 - [TEST_STEP][PASSED] - if (vir == 1): null

31-03-2025T11:04:46 - [TEST_STEP][PASSED] - else if (vir == 2): null

31-03-2025T11:04:46 - [TEST_STEP][PASSED] - else if (vir == 3): Object: 'Object Repository/Выручка в рублях/Применить в фильтре Выручка Выручка' is clicked on

31-03-2025T11:04:46 - [TEST_STEP][PASSED] - if (run == 2): null

31-03-2025T11:04:46 - [TEST_STEP][PASSED] - click(findTestObject("Выручка в рублях/Фильтр Выручка" + nameOfBlock)): Object: 'Object Repository/Выручка в рублях/Фильтр Выручка Выручка' is clicked on

31-03-2025T11:04:46 - [MESSAGE][PASSED] - Object: 'Object Repository/Выручка в рублях/Фильтр Выручка Выручка' is clicked on

31-03-2025T11:04:46 - [TEST_STEP][PASSED] - click(findTestObject("Выручка в рублях/Внутренний оборот в фильтре Выручка" + nameOfBlock)): Object: 'Object Repository/Выручка в рублях/Внутренний оборот в фильтре Выручка Выручка' is clicked on

31-03-2025T11:04:47 - [MESSAGE][PASSED] - Object: 'Object Repository/Выручка в рублях/Внутренний оборот в фильтре Выручка Выручка' is clicked on

31-03-2025T11:04:47 - [TEST_STEP][PASSED] - click(findTestObject("Выручка в рублях/Применить в фильтре Выручка" + nameOfBlock)): Object: 'Object Repository/Выручка в рублях/Применить в фильтре Выручка Выручка' is clicked on

31-03-2025T11:04:48 - [MESSAGE][PASSED] - Object: 'Object Repository/Выручка в рублях/Применить в фильтре Выручка Выручка' is clicked on

31-03-2025T11:04:48 - [TEST_STEP][PASSED] - click(findTestObject("Выручка в рублях/Фильтр ДЗО" + nameOfBlock)): Object: 'Object Repository/Выручка в рублях/Фильтр ДЗО Выручка' is clicked on

31-03-2025T11:04:50 - [MESSAGE][PASSED] - Object: 'Object Repository/Выручка в рублях/Фильтр ДЗО Выручка' is clicked on

31-03-2025T11:04:50 - [TEST_STEP][PASSED] - Script1742558545601.Rosseti(nameOfBlock): null

31-03-2025T11:04:50 - [TEST_STEP][PASSED] - println("nameOfBlock:" + nameOfBlock): null

31-03-2025T11:04:50 - [TEST_STEP][PASSED] - click(findTestObject("Выручка в рублях/ПАО Россети" + nameOfBlock)): Object: 'Object Repository/Выручка в рублях/ПАО Россети Выручка' is clicked on

31-03-2025T11:04:50 - [MESSAGE][PASSED] - Object: 'Object Repository/Выручка в рублях/ПАО Россети Выручка' is clicked on

31-03-2025T11:04:50 - [TEST_STEP][PASSED] - click(findTestObject("Выручка в рублях/Применить в фильтре ДЗО" + nameOfBlock)): Object: 'Object Repository/Выручка в рублях/Применить в фильтре ДЗО Выручка' is clicked on

31-03-2025T11:04:51 - [MESSAGE][PASSED] - Object: 'Object Repository/Выручка в рублях/Применить в фильтре ДЗО Выручка' is clicked on

31-03-2025T11:04:51 - [TEST_STEP][PASSED] - if (vir == 1 || vir == 2): null

31-03-2025T11:04:51 - [TEST_STEP][PASSED] - else: Text of object 'Object Repository/Выручка в рублях/vir3Plan Выручка' is: '5 663'

31-03-2025T11:04:51 - [TEST_STEP][PASSED] - b1 = getText(findTestObject("Выручка в рублях/vir3Plan Выручка")): Text of object 'Object Repository/Выручка в рублях/vir3Plan Выручка' is: '5 663'

31-03-2025T11:04:52 - [MESSAGE][PASSED] - Text of object 'Object Repository/Выручка в рублях/vir3Plan Выручка' is: '5 663'

31-03-2025T11:04:52 - [TEST_STEP][PASSED] - if (vir == 1 || vir == 2): null

31-03-2025T11:04:52 - [TEST_STEP][PASSED] - else: Text of object 'Object Repository/Выручка в рублях/vir3Fact Выручка' is: '4 846'

31-03-2025T11:04:52 - [TEST_STEP][PASSED] - b2 = getText(findTestObject("Выручка в рублях/vir3Fact Выручка")): Text of object 'Object Repository/Выручка в рублях/vir3Fact Выручка' is: '4 846'

31-03-2025T11:04:53 - [MESSAGE][PASSED] - Text of object 'Object Repository/Выручка в рублях/vir3Fact Выручка' is: '4 846'

31-03-2025T11:04:53 - [TEST_STEP][PASSED] - b30 = getText(findTestObject("Выручка в рублях/span1" + perc)): Text of object 'Object Repository/Выручка в рублях/span1' is: '-817.1 млн.руб.'

31-03-2025T11:04:53 - [MESSAGE][PASSED] - Text of object 'Object Repository/Выручка в рублях/span1' is: '-817.1 млн.руб.'

31-03-2025T11:04:53 - [TEST_STEP][PASSED] - i = b30.indexOf("млн.руб."): null

31-03-2025T11:04:53 - [TEST_STEP][PASSED] - if (i > -1): null

31-03-2025T11:04:53 - [TEST_STEP][PASSED] - b30 = b30.substring(0, i): null

31-03-2025T11:04:53 - [TEST_STEP][PASSED] - b30 = b30.replaceAll(" ", ""): null

31-03-2025T11:04:53 - [TEST_STEP][PASSED] - if (b30.contains("%")): null

31-03-2025T11:04:53 - [TEST_STEP][PASSED] - b30 = ").trim(): null

31-03-2025T11:04:53 - [TEST_STEP][PASSED] - println("b30: " + b30): null

31-03-2025T11:04:53 - [TEST_STEP][PASSED] - if (vir == 1): null

31-03-2025T11:04:53 - [TEST_STEP][PASSED] - else if (vir == 2): null

31-03-2025T11:04:53 - [TEST_STEP][PASSED] - else: Text of object 'Object Repository/Выручка в рублях/span5' is: '2'

31-03-2025T11:04:53 - [TEST_STEP][PASSED] - b32 = ").trim(): Text of object 'Object Repository/Выручка в рублях/span2' is: '28'

31-03-2025T11:04:53 - [MESSAGE][PASSED] - Text of object 'Object Repository/Выручка в рублях/span2' is: '28'

31-03-2025T11:04:53 - [TEST_STEP][PASSED] - b33 = ").trim(): Text of object 'Object Repository/Выручка в рублях/span3' is: '-76'

31-03-2025T11:04:54 - [MESSAGE][PASSED] - Text of object 'Object Repository/Выручка в рублях/span3' is: '-76'

31-03-2025T11:04:54 - [TEST_STEP][PASSED] - b38 = ").trim(): Text of object 'Object Repository/Выручка в рублях/span4' is: '-770'

31-03-2025T11:04:54 - [MESSAGE][PASSED] - Text of object 'Object Repository/Выручка в рублях/span4' is: '-770'

31-03-2025T11:04:54 - [TEST_STEP][PASSED] - b317 = ").trim(): Text of object 'Object Repository/Выручка в рублях/span5' is: '2'

31-03-2025T11:04:54 - [MESSAGE][PASSED] - Text of object 'Object Repository/Выручка в рублях/span5' is: '2'

31-03-2025T11:04:54 - [TEST_STEP][PASSED] - dZO = "ПАО Россети": null

31-03-2025T11:04:54 - [TEST_STEP][PASSED] - if (verifyEqual(a1, b1) == false): Actual object '5 663' and expected object '5 663' are equal

31-03-2025T11:04:54 - [MESSAGE][PASSED] - Actual object '5 663' and expected object '5 663' are equal

31-03-2025T11:04:54 - [TEST_STEP][PASSED] - if (verifyEqual(a2, b2) == false): Actual object '4 846' and expected object '4 846' are equal

31-03-2025T11:04:54 - [MESSAGE][PASSED] - Actual object '4 846' and expected object '4 846' are equal

31-03-2025T11:04:54 - [TEST_STEP][PASSED] - vidget = "Отклонения": null

31-03-2025T11:04:54 - [TEST_STEP][PASSED] - if (verifyEqual(a30, b30) == false): Actual object '-817.1' and expected object '-817.1' are equal

31-03-2025T11:04:54 - [MESSAGE][PASSED] - Actual object '-817.1' and expected object '-817.1' are equal

31-03-2025T11:04:54 - [TEST_STEP][PASSED] - dZO = "АО «РЭС»": null

31-03-2025T11:04:54 - [TEST_STEP][PASSED] - if (verifyEqual(a31, b31) == false): Actual object 'null' and expected object 'null' are equal

31-03-2025T11:04:54 - [MESSAGE][PASSED] - Actual object 'null' and expected object 'null' are equal

31-03-2025T11:04:54 - [TEST_STEP][PASSED] - dZO = "АО «Тываэнерго»": null

31-03-2025T11:04:54 - [TEST_STEP][PASSED] - if (verifyEqual(a32, b32) == false): Actual object '28' and expected object '28' are equal

31-03-2025T11:04:54 - [MESSAGE][PASSED] - Actual object '28' and expected object '28' are equal

31-03-2025T11:04:54 - [TEST_STEP][PASSED] - dZO = "АО «Чеченэнерго»": null

31-03-2025T11:04:54 - [TEST_STEP][PASSED] - if (verifyEqual(a33, b33) == false): Actual object '-76' and expected object '-76' are equal

31-03-2025T11:04:54 - [MESSAGE][PASSED] - Actual object '-76' and expected object '-76' are equal

31-03-2025T11:04:54 - [TEST_STEP][PASSED] - dZO = "Россети Волга": null

31-03-2025T11:04:54 - [TEST_STEP][PASSED] - if (verifyEqual(a34, b34) == false): Actual object 'null' and expected object 'null' are equal

31-03-2025T11:04:54 - [MESSAGE][PASSED] - Actual object 'null' and expected object 'null' are equal

31-03-2025T11:04:54 - [TEST_STEP][PASSED] - dZO = "Россети Кубань": null

31-03-2025T11:04:54 - [TEST_STEP][PASSED] - if (verifyEqual(a35, b35) == false): Actual object 'null' and expected object 'null' are equal

31-03-2025T11:04:54 - [MESSAGE][PASSED] - Actual object 'null' and expected object 'null' are equal

31-03-2025T11:04:54 - [TEST_STEP][PASSED] - dZO = "Россети Ленэнерго (ГК)": null

31-03-2025T11:04:54 - [TEST_STEP][PASSED] - if (verifyEqual(a36, b36) == false): Actual object 'null' and expected object 'null' are equal

31-03-2025T11:04:54 - [MESSAGE][PASSED] - Actual object 'null' and expected object 'null' are equal

31-03-2025T11:04:54 - [TEST_STEP][PASSED] - dZO = "Россети Московский регион": null

31-03-2025T11:04:54 - [TEST_STEP][PASSED] - if (verifyEqual(a37, b37) == false): Actual object 'null' and expected object 'null' are equal

31-03-2025T11:04:54 - [MESSAGE][PASSED] - Actual object 'null' and expected object 'null' are equal

31-03-2025T11:04:54 - [TEST_STEP][PASSED] - dZO = "Россети Северный Кавказ (ГК)": null

31-03-2025T11:04:54 - [TEST_STEP][PASSED] - if (verifyEqual(a38, b38) == false): Actual object '-770' and expected object '-770' are equal

31-03-2025T11:04:54 - [MESSAGE][PASSED] - Actual object '-770' and expected object '-770' are equal

31-03-2025T11:04:54 - [TEST_STEP][PASSED] - dZO = "Россети Северо-Запад": null

31-03-2025T11:04:54 - [TEST_STEP][PASSED] - if (verifyEqual(a39, b39) == false): Actual object 'null' and expected object 'null' are equal

31-03-2025T11:04:54 - [MESSAGE][PASSED] - Actual object 'null' and expected object 'null' are equal

31-03-2025T11:04:54 - [TEST_STEP][PASSED] - dZO = "Россети Сибирь (ГК)": null

31-03-2025T11:04:54 - [TEST_STEP][PASSED] - if (verifyEqual(a310, b310) == false): Actual object 'null' and expected object 'null' are equal

31-03-2025T11:04:54 - [MESSAGE][PASSED] - Actual object 'null' and expected object 'null' are equal

31-03-2025T11:04:54 - [TEST_STEP][PASSED] - dZO = "Россети Томск": null

31-03-2025T11:04:54 - [TEST_STEP][PASSED] - if (verifyEqual(a311, b311) == false): Actual object 'null' and expected object 'null' are equal

31-03-2025T11:04:54 - [MESSAGE][PASSED] - Actual object 'null' and expected object 'null' are equal

31-03-2025T11:04:54 - [TEST_STEP][PASSED] - dZO = "Россети Тюмень": null

31-03-2025T11:04:54 - [TEST_STEP][PASSED] - if (verifyEqual(a312, b312) == false): Actual object 'null' and expected object 'null' are equal

31-03-2025T11:04:54 - [MESSAGE][PASSED] - Actual object 'null' and expected object 'null' are equal

31-03-2025T11:04:54 - [TEST_STEP][PASSED] - dZO = "Россети Урал (ГК)": null

31-03-2025T11:04:54 - [TEST_STEP][PASSED] - if (verifyEqual(a313, b313) == false): Actual object 'null' and expected object 'null' are equal

31-03-2025T11:04:54 - [MESSAGE][PASSED] - Actual object 'null' and expected object 'null' are equal

31-03-2025T11:04:54 - [TEST_STEP][PASSED] - dZO = "Россети ФСК ЕЭС": null

31-03-2025T11:04:54 - [TEST_STEP][PASSED] - if (verifyEqual(a314, b314) == false): Actual object 'null' and expected object 'null' are equal

31-03-2025T11:04:54 - [MESSAGE][PASSED] - Actual object 'null' and expected object 'null' are equal

31-03-2025T11:04:54 - [TEST_STEP][PASSED] - dZO = "Россети Центр": null

31-03-2025T11:04:54 - [TEST_STEP][PASSED] - if (verifyEqual(a315, b315) == false): Actual object 'null' and expected object 'null' are equal

31-03-2025T11:04:54 - [MESSAGE][PASSED] - Actual object 'null' and expected object 'null' are equal

31-03-2025T11:04:54 - [TEST_STEP][PASSED] - dZO = "Россети Центр и Приволжье (ГК)": null

31-03-2025T11:04:54 - [TEST_STEP][PASSED] - if (verifyEqual(a316, b316) == false): Actual object 'null' and expected object 'null' are equal

31-03-2025T11:04:54 - [MESSAGE][PASSED] - Actual object 'null' and expected object 'null' are equal

31-03-2025T11:04:54 - [TEST_STEP][PASSED] - dZO = "Россети Юг (ГК)": null

31-03-2025T11:04:54 - [TEST_STEP][PASSED] - if (verifyEqual(a317, b317) == false): Actual object '2' and expected object '2' are equal

31-03-2025T11:04:54 - [MESSAGE][PASSED] - Actual object '2' and expected object '2' are equal

31-03-2025T11:04:54 - [TEST_STEP][PASSED] - dZO = "Россети Янтарь": null

31-03-2025T11:04:54 - [TEST_STEP][PASSED] - if (verifyEqual(a318, b318) == false): Actual object 'null' and expected object 'null' are equal

31-03-2025T11:04:54 - [MESSAGE][PASSED] - Actual object 'null' and expected object 'null' are equal

31-03-2025T11:04:54 - [TEST_STEP][PASSED] - closeBrowser(): null

31-03-2025T11:04:54 - [MESSAGE][PASSED] - Browser is closed

31-03-2025T11:04:54 - [TEST_STEP][PASSED] - Script1742558545601.ViruchkaChange(run, vir, block, nameOfBlock, typeOfData, viruchka, vidget, todaysDate, a, b, dZO, x, y): null

31-03-2025T11:04:54 - [TEST_STEP][PASSED] - for ([vir = 1, vir < 4, (vir++)]): null

31-03-2025T11:04:54 - [TEST_STEP][PASSED] - Script1742558545601.Blocks(run, vir, block, nameOfBlock, typeOfData, viruchka, vidget, todaysDate, a, b, dZO, x, y): null

31-03-2025T11:04:54 - [TEST_STEP][PASSED] - i = <not implemented yet for class: org.codehaus.groovy.ast.expr.EmptyExpression>: null

31-03-2025T11:04:54 - [TEST_STEP][PASSED] - perc = "": null

31-03-2025T11:04:54 - [TEST_STEP][PASSED] - a1 = <not implemented yet for class: org.codehaus.groovy.ast.expr.EmptyExpression>: null

31-03-2025T11:04:54 - [TEST_STEP][PASSED] - a2 = <not implemented yet for class: org.codehaus.groovy.ast.expr.EmptyExpression>: null

31-03-2025T11:04:54 - [TEST_STEP][PASSED] - a30 = <not implemented yet for class: org.codehaus.groovy.ast.expr.EmptyExpression>: null

31-03-2025T11:04:54 - [TEST_STEP][PASSED] - a31 = <not implemented yet for class: org.codehaus.groovy.ast.expr.EmptyExpression>: null

31-03-2025T11:04:54 - [TEST_STEP][PASSED] - a32 = <not implemented yet for class: org.codehaus.groovy.ast.expr.EmptyExpression>: null

31-03-2025T11:04:54 - [TEST_STEP][PASSED] - a33 = <not implemented yet for class: org.codehaus.groovy.ast.expr.EmptyExpression>: null

31-03-2025T11:04:54 - [TEST_STEP][PASSED] - a34 = <not implemented yet for class: org.codehaus.groovy.ast.expr.EmptyExpression>: null

31-03-2025T11:04:54 - [TEST_STEP][PASSED] - a35 = <not implemented yet for class: org.codehaus.groovy.ast.expr.EmptyExpression>: null

31-03-2025T11:04:54 - [TEST_STEP][PASSED] - a36 = <not implemented yet for class: org.codehaus.groovy.ast.expr.EmptyExpression>: null

31-03-2025T11:04:54 - [TEST_STEP][PASSED] - a37 = <not implemented yet for class: org.codehaus.groovy.ast.expr.EmptyExpression>: null

31-03-2025T11:04:54 - [TEST_STEP][PASSED] - a38 = <not implemented yet for class: org.codehaus.groovy.ast.expr.EmptyExpression>: null

31-03-2025T11:04:54 - [TEST_STEP][PASSED] - a39 = <not implemented yet for class: org.codehaus.groovy.ast.expr.EmptyExpression>: null

31-03-2025T11:04:54 - [TEST_STEP][PASSED] - a310 = <not implemented yet for class: org.codehaus.groovy.ast.expr.EmptyExpression>: null

31-03-2025T11:04:54 - [TEST_STEP][PASSED] - a311 = <not implemented yet for class: org.codehaus.groovy.ast.expr.EmptyExpression>: null

31-03-2025T11:04:54 - [TEST_STEP][PASSED] - a312 = <not implemented yet for class: org.codehaus.groovy.ast.expr.EmptyExpression>: null

31-03-2025T11:04:54 - [TEST_STEP][PASSED] - a313 = <not implemented yet for class: org.codehaus.groovy.ast.expr.EmptyExpression>: null

31-03-2025T11:04:54 - [TEST_STEP][PASSED] - a314 = <not implemented yet for class: org.codehaus.groovy.ast.expr.EmptyExpression>: null

31-03-2025T11:04:54 - [TEST_STEP][PASSED] - a315 = <not implemented yet for class: org.codehaus.groovy.ast.expr.EmptyExpression>: null

31-03-2025T11:04:54 - [TEST_STEP][PASSED] - a316 = <not implemented yet for class: org.codehaus.groovy.ast.expr.EmptyExpression>: null

31-03-2025T11:04:54 - [TEST_STEP][PASSED] - a317 = <not implemented yet for class: org.codehaus.groovy.ast.expr.EmptyExpression>: null

31-03-2025T11:04:54 - [TEST_STEP][PASSED] - a318 = <not implemented yet for class: org.codehaus.groovy.ast.expr.EmptyExpression>: null

31-03-2025T11:04:54 - [TEST_STEP][PASSED] - b1 = <not implemented yet for class: org.codehaus.groovy.ast.expr.EmptyExpression>: null

31-03-2025T11:04:54 - [TEST_STEP][PASSED] - b2 = <not implemented yet for class: org.codehaus.groovy.ast.expr.EmptyExpression>: null

31-03-2025T11:04:54 - [TEST_STEP][PASSED] - b30 = <not implemented yet for class: org.codehaus.groovy.ast.expr.EmptyExpression>: null

31-03-2025T11:04:54 - [TEST_STEP][PASSED] - b31 = <not implemented yet for class: org.codehaus.groovy.ast.expr.EmptyExpression>: null

31-03-2025T11:04:54 - [TEST_STEP][PASSED] - b32 = <not implemented yet for class: org.codehaus.groovy.ast.expr.EmptyExpression>: null

31-03-2025T11:04:54 - [TEST_STEP][PASSED] - b33 = <not implemented yet for class: org.codehaus.groovy.ast.expr.EmptyExpression>: null

31-03-2025T11:04:54 - [TEST_STEP][PASSED] - b34 = <not implemented yet for class: org.codehaus.groovy.ast.expr.EmptyExpression>: null

31-03-2025T11:04:54 - [TEST_STEP][PASSED] - b35 = <not implemented yet for class: org.codehaus.groovy.ast.expr.EmptyExpression>: null

31-03-2025T11:04:54 - [TEST_STEP][PASSED] - b36 = <not implemented yet for class: org.codehaus.groovy.ast.expr.EmptyExpression>: null

31-03-2025T11:04:54 - [TEST_STEP][PASSED] - b37 = <not implemented yet for class: org.codehaus.groovy.ast.expr.EmptyExpression>: null

31-03-2025T11:04:54 - [TEST_STEP][PASSED] - b38 = <not implemented yet for class: org.codehaus.groovy.ast.expr.EmptyExpression>: null

31-03-2025T11:04:54 - [TEST_STEP][PASSED] - b39 = <not implemented yet for class: org.codehaus.groovy.ast.expr.EmptyExpression>: null

31-03-2025T11:04:54 - [TEST_STEP][PASSED] - b310 = <not implemented yet for class: org.codehaus.groovy.ast.expr.EmptyExpression>: null

31-03-2025T11:04:54 - [TEST_STEP][PASSED] - b311 = <not implemented yet for class: org.codehaus.groovy.ast.expr.EmptyExpression>: null

31-03-2025T11:04:54 - [TEST_STEP][PASSED] - b312 = <not implemented yet for class: org.codehaus.groovy.ast.expr.EmptyExpression>: null

31-03-2025T11:04:54 - [TEST_STEP][PASSED] - b313 = <not implemented yet for class: org.codehaus.groovy.ast.expr.EmptyExpression>: null

31-03-2025T11:04:54 - [TEST_STEP][PASSED] - b314 = <not implemented yet for class: org.codehaus.groovy.ast.expr.EmptyExpression>: null

31-03-2025T11:04:54 - [TEST_STEP][PASSED] - b315 = <not implemented yet for class: org.codehaus.groovy.ast.expr.EmptyExpression>: null

31-03-2025T11:04:54 - [TEST_STEP][PASSED] - b316 = <not implemented yet for class: org.codehaus.groovy.ast.expr.EmptyExpression>: null

31-03-2025T11:04:54 - [TEST_STEP][PASSED] - b317 = <not implemented yet for class: org.codehaus.groovy.ast.expr.EmptyExpression>: null

31-03-2025T11:04:54 - [TEST_STEP][PASSED] - b318 = <not implemented yet for class: org.codehaus.groovy.ast.expr.EmptyExpression>: null

31-03-2025T11:04:54 - [TEST_STEP][PASSED] - block = 1: null

31-03-2025T11:04:54 - [TEST_STEP][PASSED] - nameOfBlock = "": null

31-03-2025T11:04:54 - [TEST_STEP][PASSED] - Script1742558545601.PreSettings(run, vir, block, nameOfBlock, typeOfData, todaysDate): null

31-03-2025T11:04:54 - [TEST_STEP][PASSED] - openBrowser(""): Browser is opened with url: ''

31-03-2025T11:04:54 - [MESSAGE][INFO] - Starting 'Chrome' driver

31-03-2025T11:04:54 - [MESSAGE][INFO] - Action delay is set to 0 milliseconds

31-03-2025T11:04:55 - [MESSAGE][PASSED] - Browser is opened with url: ''

31-03-2025T11:04:55 - [TEST_STEP][PASSED] - refresh(): Refresh successfully

31-03-2025T11:04:55 - [MESSAGE][PASSED] - Refresh successfully

31-03-2025T11:04:55 - [TEST_STEP][PASSED] - delay(50): Delayed 50 second(s)

31-03-2025T11:05:45 - [MESSAGE][PASSED] - Delayed 50 second(s)

31-03-2025T11:05:45 - [TEST_STEP][PASSED] - println("run:" + run): null

31-03-2025T11:05:45 - [TEST_STEP][PASSED] - println("vir:" + vir): null

31-03-2025T11:05:45 - [TEST_STEP][PASSED] - println("block:" + block): null

31-03-2025T11:05:45 - [TEST_STEP][PASSED] - if (block == 1): null

31-03-2025T11:05:45 - [TEST_STEP][PASSED] - nameOfBlock = "": null

31-03-2025T11:05:45 - [TEST_STEP][PASSED] - println("nameOfBlock:" + nameOfBlock): null

31-03-2025T11:05:45 - [TEST_STEP][PASSED] - println("typeOfData:" + typeOfData): null

31-03-2025T11:05:45 - [TEST_STEP][PASSED] - println("todaysDate:" + todaysDate): null

31-03-2025T11:05:45 - [TEST_STEP][PASSED] - Script1742558545601.Autorization(block, nameOfBlock): null

31-03-2025T11:05:45 - [TEST_STEP][PASSED] - i = <not implemented yet for class: org.codehaus.groovy.ast.expr.EmptyExpression>: null

31-03-2025T11:05:45 - [TEST_STEP][PASSED] - ii = <not implemented yet for class: org.codehaus.groovy.ast.expr.EmptyExpression>: null

31-03-2025T11:05:45 - [TEST_STEP][PASSED] - urlData = <not implemented yet for class: org.codehaus.groovy.ast.expr.EmptyExpression>: null

31-03-2025T11:05:45 - [TEST_STEP][PASSED] - searchWord = <not implemented yet for class: org.codehaus.groovy.ast.expr.EmptyExpression>: null

31-03-2025T11:05:45 - [TEST_STEP][PASSED] - urlText = <not implemented yet for class: org.codehaus.groovy.ast.expr.EmptyExpression>: null

31-03-2025T11:05:45 - [TEST_STEP][PASSED] - println("block:" + block): null

31-03-2025T11:05:45 - [TEST_STEP][PASSED] - if (block == 1): null

31-03-2025T11:05:45 - [TEST_STEP][PASSED] - nameOfBlock = "": null

31-03-2025T11:05:45 - [TEST_STEP][PASSED] - println("nameOfBlock:" + nameOfBlock): null

31-03-2025T11:05:45 - [TEST_STEP][PASSED] - if (block == 1): Delayed 45 second(s)

31-03-2025T11:05:45 - [TEST_STEP][PASSED] - urlData = 2: null

31-03-2025T11:05:45 - [TEST_STEP][PASSED] - delay(45): Delayed 45 second(s)

31-03-2025T11:06:30 - [MESSAGE][PASSED] - Delayed 45 second(s)

31-03-2025T11:06:30 - [TEST_STEP][PASSED] - navigateToUrl(findTestData("PlanFact").getValue(10, urlData)): Navigate to 'https://bi.rosseti.digital/viewer?dashboardGuid=2301950b23be4ed89c1df75f2020051e&sheetGuid=b723206f698544fb87299f3095c00435&fit=true' successfully

31-03-2025T11:06:34 - [MESSAGE][PASSED] - Navigate to 'https://bi.rosseti.digital/viewer?dashboardGuid=2301950b23be4ed89c1df75f2020051e&sheetGuid=b723206f698544fb87299f3095c00435&fit=true' successfully

31-03-2025T11:06:34 - [TEST_STEP][PASSED] - urlText = getText(findTestObject("Страница авторизации/Text")): Text of object 'Object Repository/Страница авторизации/Text' is: 'Вход'

31-03-2025T11:06:35 - [MESSAGE][PASSED] - Text of object 'Object Repository/Страница авторизации/Text' is: 'Вход'

31-03-2025T11:06:35 - [TEST_STEP][PASSED] - searchWord = "Вход": null

31-03-2025T11:06:35 - [TEST_STEP][PASSED] - if (urlText == null || urlText.contains("ошибка") || urlText.contains(searchWord) == false): null

31-03-2025T11:06:35 - [TEST_STEP][PASSED] - if (verifyElementPresent(findTestObject("Страница авторизации/button_"), 30) == true): null

31-03-2025T11:06:36 - [MESSAGE][PASSED] - Object 'Object Repository/Страница авторизации/button_' is present

31-03-2025T11:06:36 - [TEST_STEP][PASSED] - setText(findTestObject("Страница авторизации/input__username"), findTestData("PlanFact").getValue(8, 1)): Text 'liazgina-di' is set on object 'Object Repository/Страница авторизации/input__username'

31-03-2025T11:06:36 - [MESSAGE][PASSED] - Text 'liazgina-di' is set on object 'Object Repository/Страница авторизации/input__username'

31-03-2025T11:06:36 - [TEST_STEP][PASSED] - setText(findTestObject("Страница авторизации/input__password"), findTestData("PlanFact").getValue(9, 1)): Text ')$%5srZ8o688Dm#q' is set on object 'Object Repository/Страница авторизации/input__password'

31-03-2025T11:06:37 - [MESSAGE][PASSED] - Text ')$%5srZ8o688Dm#q' is set on object 'Object Repository/Страница авторизации/input__password'

31-03-2025T11:06:37 - [TEST_STEP][PASSED] - click(findTestObject("Страница авторизации/button_")): Object: 'Object Repository/Страница авторизации/button_' is clicked on

31-03-2025T11:06:38 - [MESSAGE][PASSED] - Object: 'Object Repository/Страница авторизации/button_' is clicked on

31-03-2025T11:06:38 - [TEST_STEP][PASSED] - delay(45): Delayed 45 second(s)

31-03-2025T11:07:23 - [MESSAGE][PASSED] - Delayed 45 second(s)

31-03-2025T11:07:23 - [TEST_STEP][PASSED] - urlText = getText(findTestObject("Страница авторизации/Text")): Text of object 'Object Repository/Страница авторизации/Text' is: 'Период
Январь, Февраль 2025 года
Выручка
Все
Выполнение плановых показателей по ПАО Россети за Январь, Февраль 2025 года
План
Факт
Динамика
2025 год
0 млн.руб.
25 000 млн.руб.
50 000 млн.руб.
75 000 млн.руб.
100 000 млн.руб.
125 000 млн.руб.
150 000 млн.руб.
175 000 млн.руб.
200 000 млн.руб.
225 000 млн.руб.
250 000 млн.руб.
275 000 млн.руб.
300 000 млн.руб.
325 000 млн.руб.
350 000 млн.руб.
375 000 млн.руб.
318 025
284 426
↓
ДЗО 
ПАО Россети
Внутренний оборот - выручка за услуги по передаче электрической энергии, учтенная в выручке за электроэнергию для конечных потребителей, при выполнении ДЗО функций гарантирующего поставщика
Подписи данных
⬤Отклонение
АО "РЭС"
АО «Тываэнерго»
АО «Чеченэнерго»
Россети Волга
Россети Кубань
Россети Ленэнерго (ГК)
Россети Московский регион
Россети Северный Кавказ (ГК)
Россети Северо-Запад
Россети Сибирь (ГК)
Россети Томск
Россети Тюмень
Россети Урал (ГК)
Россети ФСК ЕЭС
Россети Центр
Россети Центр и Приволжье (ГК)
Россети Юг (ГК)
Россети Янтарь
-30 000млн.руб.
-25 000млн.руб.
-20 000млн.руб.
-15 000млн.руб.
-10 000млн.руб.
-5 000млн.руб.
0 млн.руб.
5 00…
-170
27
-76
-270
552
-244
-1 353
-805
-232
848
-47
-1 858
-701
-28 384
-520
-484
68
50
млн.
%
Выручка
Отклонение выручки по ПАО Россети за Январь, Февраль 2025 года (факт/план, млн. руб)
ПАО Россети
-33 598.6 млн.руб.
 '

31-03-2025T11:07:24 - [MESSAGE][PASSED] - Text of object 'Object Repository/Страница авторизации/Text' is: 'Период
Январь, Февраль 2025 года
Выручка
Все
Выполнение плановых показателей по ПАО Россети за Январь, Февраль 2025 года
План
Факт
Динамика
2025 год
0 млн.руб.
25 000 млн.руб.
50 000 млн.руб.
75 000 млн.руб.
100 000 млн.руб.
125 000 млн.руб.
150 000 млн.руб.
175 000 млн.руб.
200 000 млн.руб.
225 000 млн.руб.
250 000 млн.руб.
275 000 млн.руб.
300 000 млн.руб.
325 000 млн.руб.
350 000 млн.руб.
375 000 млн.руб.
318 025
284 426
↓
ДЗО 
ПАО Россети
Внутренний оборот - выручка за услуги по передаче электрической энергии, учтенная в выручке за электроэнергию для конечных потребителей, при выполнении ДЗО функций гарантирующего поставщика
Подписи данных
⬤Отклонение
АО "РЭС"
АО «Тываэнерго»
АО «Чеченэнерго»
Россети Волга
Россети Кубань
Россети Ленэнерго (ГК)
Россети Московский регион
Россети Северный Кавказ (ГК)
Россети Северо-Запад
Россети Сибирь (ГК)
Россети Томск
Россети Тюмень
Россети Урал (ГК)
Россети ФСК ЕЭС
Россети Центр
Россети Центр и Приволжье (ГК)
Россети Юг (ГК)
Россети Янтарь
-30 000млн.руб.
-25 000млн.руб.
-20 000млн.руб.
-15 000млн.руб.
-10 000млн.руб.
-5 000млн.руб.
0 млн.руб.
5 00…
-170
27
-76
-270
552
-244
-1 353
-805
-232
848
-47
-1 858
-701
-28 384
-520
-484
68
50
млн.
%
Выручка
Отклонение выручки по ПАО Россети за Январь, Февраль 2025 года (факт/план, млн. руб)
ПАО Россети
-33 598.6 млн.руб.
 '

31-03-2025T11:07:24 - [TEST_STEP][PASSED] - searchWord = "а": null

31-03-2025T11:07:24 - [TEST_STEP][PASSED] - if (urlText.contains("ошибка") || urlText.contains(searchWord) == false): null

31-03-2025T11:07:24 - [TEST_STEP][PASSED] - delay(45): Delayed 45 second(s)

31-03-2025T11:08:09 - [MESSAGE][PASSED] - Delayed 45 second(s)

31-03-2025T11:08:09 - [TEST_STEP][PASSED] - if (block == 2): null

31-03-2025T11:08:09 - [TEST_STEP][PASSED] - click(findTestObject("Выручка в рублях/Фильтр Период" + nameOfBlock)): Object: 'Object Repository/Выручка в рублях/Фильтр Период' is clicked on

31-03-2025T11:08:09 - [MESSAGE][PASSED] - Object: 'Object Repository/Выручка в рублях/Фильтр Период' is clicked on

31-03-2025T11:08:09 - [TEST_STEP][PASSED] - click(findTestObject("Выручка в рублях/Снять выделение в фильтре Дата" + nameOfBlock)): Object: 'Object Repository/Выручка в рублях/Снять выделение в фильтре Дата' is clicked on

31-03-2025T11:08:10 - [MESSAGE][PASSED] - Object: 'Object Repository/Выручка в рублях/Снять выделение в фильтре Дата' is clicked on

31-03-2025T11:08:10 - [TEST_STEP][PASSED] - click(findTestObject("Выручка в рублях/Применить в фильтре Дата" + nameOfBlock)): Object: 'Object Repository/Выручка в рублях/Применить в фильтре Дата' is clicked on

31-03-2025T11:08:10 - [MESSAGE][PASSED] - Object: 'Object Repository/Выручка в рублях/Применить в фильтре Дата' is clicked on

31-03-2025T11:08:10 - [TEST_STEP][PASSED] - delay(50): Delayed 50 second(s)

31-03-2025T11:09:00 - [MESSAGE][PASSED] - Delayed 50 second(s)

31-03-2025T11:09:00 - [TEST_STEP][PASSED] - click(findTestObject("Выручка в рублях/Фильтр Период" + nameOfBlock)): Object: 'Object Repository/Выручка в рублях/Фильтр Период' is clicked on

31-03-2025T11:09:01 - [MESSAGE][PASSED] - Object: 'Object Repository/Выручка в рублях/Фильтр Период' is clicked on

31-03-2025T11:09:01 - [TEST_STEP][PASSED] - click(findTestObject("Выручка в рублях/Снять выделение в фильтре Дата" + nameOfBlock)): Object: 'Object Repository/Выручка в рублях/Снять выделение в фильтре Дата' is clicked on

31-03-2025T11:09:01 - [MESSAGE][PASSED] - Object: 'Object Repository/Выручка в рублях/Снять выделение в фильтре Дата' is clicked on

31-03-2025T11:09:01 - [TEST_STEP][PASSED] - scrollToElement(findTestObject("Выручка в рублях/2025 список" + nameOfBlock), 30): Scroll to object 'Object Repository/Выручка в рублях/2025 список' successfully

31-03-2025T11:09:02 - [MESSAGE][PASSED] - Scroll to object 'Object Repository/Выручка в рублях/2025 список' successfully

31-03-2025T11:09:02 - [TEST_STEP][PASSED] - click(findTestObject("Выручка в рублях/2025 список" + nameOfBlock)): Object: 'Object Repository/Выручка в рублях/2025 список' is clicked on

31-03-2025T11:09:02 - [MESSAGE][PASSED] - Object: 'Object Repository/Выручка в рублях/2025 список' is clicked on

31-03-2025T11:09:02 - [TEST_STEP][PASSED] - scrollToElement(findTestObject("Выручка в рублях/1 квартал 2025 список Выручка"), 30): Scroll to object 'Object Repository/Выручка в рублях/1 квартал 2025 список Выручка' successfully

31-03-2025T11:09:02 - [MESSAGE][PASSED] - Scroll to object 'Object Repository/Выручка в рублях/1 квартал 2025 список Выручка' successfully

31-03-2025T11:09:02 - [TEST_STEP][PASSED] - click(findTestObject("Выручка в рублях/1 квартал 2025 список" + nameOfBlock)): Object: 'Object Repository/Выручка в рублях/1 квартал 2025 список' is clicked on

31-03-2025T11:09:03 - [MESSAGE][PASSED] - Object: 'Object Repository/Выручка в рублях/1 квартал 2025 список' is clicked on

31-03-2025T11:09:03 - [TEST_STEP][PASSED] - scrollToElement(findTestObject("Выручка в рублях/Январь 2025" + nameOfBlock), 30): Scroll to object 'Object Repository/Выручка в рублях/Январь 2025' successfully

31-03-2025T11:09:03 - [MESSAGE][PASSED] - Scroll to object 'Object Repository/Выручка в рублях/Январь 2025' successfully

31-03-2025T11:09:03 - [TEST_STEP][PASSED] - click(findTestObject("Выручка в рублях/Январь 2025" + nameOfBlock)): Object: 'Object Repository/Выручка в рублях/Январь 2025' is clicked on

31-03-2025T11:09:03 - [MESSAGE][PASSED] - Object: 'Object Repository/Выручка в рублях/Январь 2025' is clicked on

31-03-2025T11:09:03 - [TEST_STEP][PASSED] - scrollToElement(findTestObject("Выручка в рублях/Февраль 2025" + nameOfBlock), 30): Scroll to object 'Object Repository/Выручка в рублях/Февраль 2025' successfully

31-03-2025T11:09:04 - [MESSAGE][PASSED] - Scroll to object 'Object Repository/Выручка в рублях/Февраль 2025' successfully

31-03-2025T11:09:04 - [TEST_STEP][PASSED] - click(findTestObject("Выручка в рублях/Февраль 2025" + nameOfBlock)): Object: 'Object Repository/Выручка в рублях/Февраль 2025' is clicked on

31-03-2025T11:09:04 - [MESSAGE][PASSED] - Object: 'Object Repository/Выручка в рублях/Февраль 2025' is clicked on

31-03-2025T11:09:04 - [TEST_STEP][PASSED] - scrollToElement(findTestObject("Выручка в рублях/Заголовок дашборда" + nameOfBlock), 30): Scroll to object 'Object Repository/Выручка в рублях/Заголовок дашборда' successfully

31-03-2025T11:09:05 - [MESSAGE][PASSED] - Scroll to object 'Object Repository/Выручка в рублях/Заголовок дашборда' successfully

31-03-2025T11:09:05 - [TEST_STEP][PASSED] - click(findTestObject("Выручка в рублях/Применить в фильтре Дата" + nameOfBlock)): Object: 'Object Repository/Выручка в рублях/Применить в фильтре Дата' is clicked on

31-03-2025T11:09:05 - [MESSAGE][PASSED] - Object: 'Object Repository/Выручка в рублях/Применить в фильтре Дата' is clicked on

31-03-2025T11:09:05 - [TEST_STEP][PASSED] - delay(55): Delayed 55 second(s)

31-03-2025T11:10:00 - [MESSAGE][PASSED] - Delayed 55 second(s)

31-03-2025T11:10:00 - [TEST_STEP][PASSED] - click(findTestObject("Выручка в рублях/Фильтр ДЗО" + nameOfBlock)): Object: 'Object Repository/Выручка в рублях/Фильтр ДЗО' is clicked on

31-03-2025T11:10:01 - [MESSAGE][PASSED] - Object: 'Object Repository/Выручка в рублях/Фильтр ДЗО' is clicked on

31-03-2025T11:10:01 - [TEST_STEP][PASSED] - click(findTestObject("Выручка в рублях/Снять выделение в фильтре ДЗО" + nameOfBlock)): Object: 'Object Repository/Выручка в рублях/Снять выделение в фильтре ДЗО' is clicked on

31-03-2025T11:10:01 - [MESSAGE][PASSED] - Object: 'Object Repository/Выручка в рублях/Снять выделение в фильтре ДЗО' is clicked on

31-03-2025T11:10:01 - [TEST_STEP][PASSED] - click(findTestObject("Выручка в рублях/Применить в фильтре ДЗО" + nameOfBlock)): Object: 'Object Repository/Выручка в рублях/Применить в фильтре ДЗО' is clicked on

31-03-2025T11:10:02 - [MESSAGE][PASSED] - Object: 'Object Repository/Выручка в рублях/Применить в фильтре ДЗО' is clicked on

31-03-2025T11:10:02 - [TEST_STEP][PASSED] - delay(50): Delayed 50 second(s)

31-03-2025T11:10:52 - [MESSAGE][PASSED] - Delayed 50 second(s)

31-03-2025T11:10:52 - [TEST_STEP][PASSED] - Script1742558545601.Tumbler(run, vir, block, nameOfBlock): null

31-03-2025T11:10:52 - [TEST_STEP][PASSED] - println("run:" + run): null

31-03-2025T11:10:52 - [TEST_STEP][PASSED] - println("vir:" + vir): null

31-03-2025T11:10:52 - [TEST_STEP][PASSED] - println("block:" + block): null

31-03-2025T11:10:52 - [TEST_STEP][PASSED] - println("nameOfBlock:" + nameOfBlock): null

31-03-2025T11:10:52 - [TEST_STEP][PASSED] - if (vir == 1): Object: 'Object Repository/Выручка в рублях/Переключить отображение с млн на проценты Выручка в рублях' is clicked on

31-03-2025T11:10:52 - [TEST_STEP][PASSED] - if (run == 2): Object: 'Object Repository/Выручка в рублях/Переключить отображение с млн на проценты Выручка в рублях' is clicked on

31-03-2025T11:10:52 - [TEST_STEP][PASSED] - click(findTestObject("Выручка в рублях/Переключить отображение с млн на проценты Выручка в рублях" + nameOfBlock)): Object: 'Object Repository/Выручка в рублях/Переключить отображение с млн на проценты Выручка в рублях' is clicked on

31-03-2025T11:10:52 - [MESSAGE][PASSED] - Object: 'Object Repository/Выручка в рублях/Переключить отображение с млн на проценты Выручка в рублях' is clicked on

31-03-2025T11:10:52 - [TEST_STEP][PASSED] - click(findTestObject("Выручка в рублях/Фильтр ДЗО" + nameOfBlock)): Object: 'Object Repository/Выручка в рублях/Фильтр ДЗО' is clicked on

31-03-2025T11:10:52 - [MESSAGE][PASSED] - Object: 'Object Repository/Выручка в рублях/Фильтр ДЗО' is clicked on

31-03-2025T11:10:52 - [TEST_STEP][PASSED] - Script1742558545601.Rosseti(nameOfBlock): null

31-03-2025T11:10:52 - [TEST_STEP][PASSED] - println("nameOfBlock:" + nameOfBlock): null

31-03-2025T11:10:52 - [TEST_STEP][PASSED] - click(findTestObject("Выручка в рублях/ПАО Россети" + nameOfBlock)): Object: 'Object Repository/Выручка в рублях/ПАО Россети' is clicked on

31-03-2025T11:10:53 - [MESSAGE][PASSED] - Object: 'Object Repository/Выручка в рублях/ПАО Россети' is clicked on

31-03-2025T11:10:53 - [TEST_STEP][PASSED] - click(findTestObject("Выручка в рублях/Применить в фильтре ДЗО" + nameOfBlock)): Object: 'Object Repository/Выручка в рублях/Применить в фильтре ДЗО' is clicked on

31-03-2025T11:10:54 - [MESSAGE][PASSED] - Object: 'Object Repository/Выручка в рублях/Применить в фильтре ДЗО' is clicked on

31-03-2025T11:10:54 - [TEST_STEP][PASSED] - if (run == 2): null

31-03-2025T11:10:54 - [TEST_STEP][PASSED] - perc = " Perc": null

31-03-2025T11:10:54 - [TEST_STEP][PASSED] - if (vir == 1 || vir == 2): Text of object 'Object Repository/Выручка в рублях/График План' is: '318 025'

31-03-2025T11:10:54 - [TEST_STEP][PASSED] - a1 = getText(findTestObject("Выручка в рублях/График План")): Text of object 'Object Repository/Выручка в рублях/График План' is: '318 025'

31-03-2025T11:10:55 - [MESSAGE][PASSED] - Text of object 'Object Repository/Выручка в рублях/График План' is: '318 025'

31-03-2025T11:10:55 - [TEST_STEP][PASSED] - if (vir == 1 || vir == 2): Text of object 'Object Repository/Выручка в рублях/График Факт' is: '284 426'

31-03-2025T11:10:55 - [TEST_STEP][PASSED] - a2 = getText(findTestObject("Выручка в рублях/График Факт")): Text of object 'Object Repository/Выручка в рублях/График Факт' is: '284 426'

31-03-2025T11:10:55 - [MESSAGE][PASSED] - Text of object 'Object Repository/Выручка в рублях/График Факт' is: '284 426'

31-03-2025T11:10:55 - [TEST_STEP][PASSED] - a30 = getText(findTestObject("Выручка в рублях/span1" + perc)): Text of object 'Object Repository/Выручка в рублях/span1 Perc' is: '-10.56 %'

31-03-2025T11:10:55 - [MESSAGE][PASSED] - Text of object 'Object Repository/Выручка в рублях/span1 Perc' is: '-10.56 %'

31-03-2025T11:10:55 - [TEST_STEP][PASSED] - i = a30.indexOf("млн.руб."): null

31-03-2025T11:10:55 - [TEST_STEP][PASSED] - if (i > -1): null

31-03-2025T11:10:55 - [TEST_STEP][PASSED] - if (a30.contains("%")): null

31-03-2025T11:10:55 - [TEST_STEP][PASSED] - a30 = a30.replaceAll("%", ""): null

31-03-2025T11:10:55 - [TEST_STEP][PASSED] - a30 = ").trim(): null

31-03-2025T11:10:55 - [TEST_STEP][PASSED] - println("a30: " + a30): null

31-03-2025T11:10:55 - [TEST_STEP][PASSED] - if (vir == 1): Text of object 'Object Repository/Выручка в рублях/span19 Perc' is: '2.48 %'

31-03-2025T11:10:55 - [TEST_STEP][PASSED] - a31 = ").trim(): Text of object 'Object Repository/Выручка в рублях/span2 Perc' is: '-3.76 %'

31-03-2025T11:10:55 - [MESSAGE][PASSED] - Text of object 'Object Repository/Выручка в рублях/span2 Perc' is: '-3.76 %'

31-03-2025T11:10:55 - [TEST_STEP][PASSED] - a32 = ").trim(): Text of object 'Object Repository/Выручка в рублях/span3 Perc' is: '5.38 %'

31-03-2025T11:10:56 - [MESSAGE][PASSED] - Text of object 'Object Repository/Выручка в рублях/span3 Perc' is: '5.38 %'

31-03-2025T11:10:56 - [TEST_STEP][PASSED] - a33 = ").trim(): Text of object 'Object Repository/Выручка в рублях/span4 Perc' is: '-7.67 %'

31-03-2025T11:10:56 - [MESSAGE][PASSED] - Text of object 'Object Repository/Выручка в рублях/span4 Perc' is: '-7.67 %'

31-03-2025T11:10:56 - [TEST_STEP][PASSED] - a34 = ").trim(): Text of object 'Object Repository/Выручка в рублях/span5 Perc' is: '-1.27 %'

31-03-2025T11:10:56 - [MESSAGE][PASSED] - Text of object 'Object Repository/Выручка в рублях/span5 Perc' is: '-1.27 %'

31-03-2025T11:10:56 - [TEST_STEP][PASSED] - a35 = ").trim(): Text of object 'Object Repository/Выручка в рублях/span6 Perc' is: '3.73 %'

31-03-2025T11:10:57 - [MESSAGE][PASSED] - Text of object 'Object Repository/Выручка в рублях/span6 Perc' is: '3.73 %'

31-03-2025T11:10:57 - [TEST_STEP][PASSED] - a36 = ").trim(): Text of object 'Object Repository/Выручка в рублях/span7 Perc' is: '-1.07 %'

31-03-2025T11:10:57 - [MESSAGE][PASSED] - Text of object 'Object Repository/Выручка в рублях/span7 Perc' is: '-1.07 %'

31-03-2025T11:10:57 - [TEST_STEP][PASSED] - a37 = ").trim(): Text of object 'Object Repository/Выручка в рублях/span8 Perc' is: '-3.07 %'

31-03-2025T11:10:57 - [MESSAGE][PASSED] - Text of object 'Object Repository/Выручка в рублях/span8 Perc' is: '-3.07 %'

31-03-2025T11:10:57 - [TEST_STEP][PASSED] - a38 = ").trim(): Text of object 'Object Repository/Выручка в рублях/span9 Perc' is: '-9.46 %'

31-03-2025T11:10:57 - [MESSAGE][PASSED] - Text of object 'Object Repository/Выручка в рублях/span9 Perc' is: '-9.46 %'

31-03-2025T11:10:57 - [TEST_STEP][PASSED] - a39 = ").trim(): Text of object 'Object Repository/Выручка в рублях/span10 Perc' is: '-1.71 %'

31-03-2025T11:10:58 - [MESSAGE][PASSED] - Text of object 'Object Repository/Выручка в рублях/span10 Perc' is: '-1.71 %'

31-03-2025T11:10:58 - [TEST_STEP][PASSED] - a310 = ").trim(): Text of object 'Object Repository/Выручка в рублях/span11 Perc' is: '3.95 %'

31-03-2025T11:10:58 - [MESSAGE][PASSED] - Text of object 'Object Repository/Выручка в рублях/span11 Perc' is: '3.95 %'

31-03-2025T11:10:58 - [TEST_STEP][PASSED] - a311 = ").trim(): Text of object 'Object Repository/Выручка в рублях/span12 Perc' is: '-2.24 %'

31-03-2025T11:10:58 - [MESSAGE][PASSED] - Text of object 'Object Repository/Выручка в рублях/span12 Perc' is: '-2.24 %'

31-03-2025T11:10:58 - [TEST_STEP][PASSED] - a312 = ").trim(): Text of object 'Object Repository/Выручка в рублях/span13 Perc' is: '-9.45 %'

31-03-2025T11:10:59 - [MESSAGE][PASSED] - Text of object 'Object Repository/Выручка в рублях/span13 Perc' is: '-9.45 %'

31-03-2025T11:10:59 - [TEST_STEP][PASSED] - a313 = ").trim(): Text of object 'Object Repository/Выручка в рублях/span14 Perc' is: '-3.3 %'

31-03-2025T11:10:59 - [MESSAGE][PASSED] - Text of object 'Object Repository/Выручка в рублях/span14 Perc' is: '-3.3 %'

31-03-2025T11:10:59 - [TEST_STEP][PASSED] - a314 = ").trim(): Text of object 'Object Repository/Выручка в рублях/span15 Perc' is: '-50.04 %'

31-03-2025T11:10:59 - [MESSAGE][PASSED] - Text of object 'Object Repository/Выручка в рублях/span15 Perc' is: '-50.04 %'

31-03-2025T11:10:59 - [TEST_STEP][PASSED] - a315 = ").trim(): Text of object 'Object Repository/Выручка в рублях/span16 Perc' is: '-2.12 %'

31-03-2025T11:10:59 - [MESSAGE][PASSED] - Text of object 'Object Repository/Выручка в рублях/span16 Perc' is: '-2.12 %'

31-03-2025T11:10:59 - [TEST_STEP][PASSED] - a316 = ").trim(): Text of object 'Object Repository/Выручка в рублях/span17 Perc' is: '-1.84 %'

31-03-2025T11:11:00 - [MESSAGE][PASSED] - Text of object 'Object Repository/Выручка в рублях/span17 Perc' is: '-1.84 %'

31-03-2025T11:11:00 - [TEST_STEP][PASSED] - a317 = ").trim(): Text of object 'Object Repository/Выручка в рублях/span18 Perc' is: '0.5 %'

31-03-2025T11:11:00 - [MESSAGE][PASSED] - Text of object 'Object Repository/Выручка в рублях/span18 Perc' is: '0.5 %'

31-03-2025T11:11:00 - [TEST_STEP][PASSED] - a318 = ").trim(): Text of object 'Object Repository/Выручка в рублях/span19 Perc' is: '2.48 %'

31-03-2025T11:11:00 - [MESSAGE][PASSED] - Text of object 'Object Repository/Выручка в рублях/span19 Perc' is: '2.48 %'

31-03-2025T11:11:00 - [TEST_STEP][PASSED] - block = 2: null

31-03-2025T11:11:00 - [TEST_STEP][PASSED] - nameOfBlock = " Выручка": null

31-03-2025T11:11:00 - [TEST_STEP][PASSED] - Script1742558545601.PreSettings(run, vir, block, nameOfBlock, typeOfData, todaysDate): null

31-03-2025T11:11:00 - [TEST_STEP][PASSED] - openBrowser(""): Browser is opened with url: ''

31-03-2025T11:11:00 - [MESSAGE][WARNING] - A browser is already opened. Closing browser and opening a new one

31-03-2025T11:11:01 - [MESSAGE][INFO] - Starting 'Chrome' driver

31-03-2025T11:11:01 - [MESSAGE][INFO] - Action delay is set to 0 milliseconds

31-03-2025T11:11:01 - [MESSAGE][PASSED] - Browser is opened with url: ''

31-03-2025T11:11:01 - [TEST_STEP][PASSED] - refresh(): Refresh successfully

31-03-2025T11:11:01 - [MESSAGE][PASSED] - Refresh successfully

31-03-2025T11:11:01 - [TEST_STEP][PASSED] - delay(50): Delayed 50 second(s)

31-03-2025T11:11:51 - [MESSAGE][PASSED] - Delayed 50 second(s)

31-03-2025T11:11:51 - [TEST_STEP][PASSED] - println("run:" + run): null

31-03-2025T11:11:51 - [TEST_STEP][PASSED] - println("vir:" + vir): null

31-03-2025T11:11:51 - [TEST_STEP][PASSED] - println("block:" + block): null

31-03-2025T11:11:51 - [TEST_STEP][PASSED] - if (block == 1): null

31-03-2025T11:11:51 - [TEST_STEP][PASSED] - else: null

31-03-2025T11:11:51 - [TEST_STEP][PASSED] - nameOfBlock = " Выручка": null

31-03-2025T11:11:51 - [TEST_STEP][PASSED] - println("nameOfBlock:" + nameOfBlock): null

31-03-2025T11:11:51 - [TEST_STEP][PASSED] - println("typeOfData:" + typeOfData): null

31-03-2025T11:11:51 - [TEST_STEP][PASSED] - println("todaysDate:" + todaysDate): null

31-03-2025T11:11:51 - [TEST_STEP][PASSED] - Script1742558545601.Autorization(block, nameOfBlock): null

31-03-2025T11:11:51 - [TEST_STEP][PASSED] - i = <not implemented yet for class: org.codehaus.groovy.ast.expr.EmptyExpression>: null

31-03-2025T11:11:51 - [TEST_STEP][PASSED] - ii = <not implemented yet for class: org.codehaus.groovy.ast.expr.EmptyExpression>: null

31-03-2025T11:11:51 - [TEST_STEP][PASSED] - urlData = <not implemented yet for class: org.codehaus.groovy.ast.expr.EmptyExpression>: null

31-03-2025T11:11:51 - [TEST_STEP][PASSED] - searchWord = <not implemented yet for class: org.codehaus.groovy.ast.expr.EmptyExpression>: null

31-03-2025T11:11:51 - [TEST_STEP][PASSED] - urlText = <not implemented yet for class: org.codehaus.groovy.ast.expr.EmptyExpression>: null

31-03-2025T11:11:51 - [TEST_STEP][PASSED] - println("block:" + block): null

31-03-2025T11:11:51 - [TEST_STEP][PASSED] - if (block == 1): null

31-03-2025T11:11:51 - [TEST_STEP][PASSED] - else: null

31-03-2025T11:11:51 - [TEST_STEP][PASSED] - delay(45): Delayed 45 second(s)

31-03-2025T11:12:36 - [MESSAGE][PASSED] - Delayed 45 second(s)

31-03-2025T11:12:36 - [TEST_STEP][PASSED] - nameOfBlock = " Выручка": null

31-03-2025T11:12:36 - [TEST_STEP][PASSED] - println("nameOfBlock:" + nameOfBlock): null

31-03-2025T11:12:36 - [TEST_STEP][PASSED] - if (block == 1): null

31-03-2025T11:12:36 - [TEST_STEP][PASSED] - else: Delayed 45 second(s)

31-03-2025T11:12:36 - [TEST_STEP][PASSED] - urlData = 9: null

31-03-2025T11:12:36 - [TEST_STEP][PASSED] - delay(45): Delayed 45 second(s)

31-03-2025T11:13:21 - [MESSAGE][PASSED] - Delayed 45 second(s)

31-03-2025T11:13:21 - [TEST_STEP][PASSED] - navigateToUrl(findTestData("PlanFact").getValue(10, urlData)): Navigate to 'https://bi.rosseti.digital/viewer?dashboardGuid=a1fd28b3785d443cbc4d7690a1d78e31&sheetGuid=86092a20c5984827a0c87b24cac76a50&fit=true' successfully

31-03-2025T11:13:27 - [MESSAGE][PASSED] - Navigate to 'https://bi.rosseti.digital/viewer?dashboardGuid=a1fd28b3785d443cbc4d7690a1d78e31&sheetGuid=86092a20c5984827a0c87b24cac76a50&fit=true' successfully

31-03-2025T11:13:27 - [TEST_STEP][PASSED] - urlText = getText(findTestObject("Страница авторизации/Text")): Text of object 'Object Repository/Страница авторизации/Text' is: 'Вход'

31-03-2025T11:13:28 - [MESSAGE][PASSED] - Text of object 'Object Repository/Страница авторизации/Text' is: 'Вход'

31-03-2025T11:13:28 - [TEST_STEP][PASSED] - searchWord = "Вход": null

31-03-2025T11:13:28 - [TEST_STEP][PASSED] - if (urlText == null || urlText.contains("ошибка") || urlText.contains(searchWord) == false): null

31-03-2025T11:13:28 - [TEST_STEP][PASSED] - if (verifyElementPresent(findTestObject("Страница авторизации/button_"), 30) == true): null

31-03-2025T11:13:29 - [MESSAGE][PASSED] - Object 'Object Repository/Страница авторизации/button_' is present

31-03-2025T11:13:29 - [TEST_STEP][PASSED] - setText(findTestObject("Страница авторизации/input__username"), findTestData("PlanFact").getValue(8, 1)): Text 'liazgina-di' is set on object 'Object Repository/Страница авторизации/input__username'

31-03-2025T11:13:29 - [MESSAGE][PASSED] - Text 'liazgina-di' is set on object 'Object Repository/Страница авторизации/input__username'

31-03-2025T11:13:29 - [TEST_STEP][PASSED] - setText(findTestObject("Страница авторизации/input__password"), findTestData("PlanFact").getValue(9, 1)): Text ')$%5srZ8o688Dm#q' is set on object 'Object Repository/Страница авторизации/input__password'

31-03-2025T11:13:30 - [MESSAGE][PASSED] - Text ')$%5srZ8o688Dm#q' is set on object 'Object Repository/Страница авторизации/input__password'

31-03-2025T11:13:30 - [TEST_STEP][PASSED] - click(findTestObject("Страница авторизации/button_")): Object: 'Object Repository/Страница авторизации/button_' is clicked on

31-03-2025T11:13:31 - [MESSAGE][PASSED] - Object: 'Object Repository/Страница авторизации/button_' is clicked on

31-03-2025T11:13:31 - [TEST_STEP][PASSED] - delay(45): Delayed 45 second(s)

31-03-2025T11:14:16 - [MESSAGE][PASSED] - Delayed 45 second(s)

31-03-2025T11:14:16 - [TEST_STEP][PASSED] - urlText = getText(findTestObject("Страница авторизации/Text")): Text of object 'Object Repository/Страница авторизации/Text' is: 'Период
Январь, Февраль 2025 года
Выручка
Все
Выполнение плановых показателей по ПАО Россети за Январь, Февраль 2025 года
План
Факт
Динамика
2025 год
0 млн.руб.
50 000 млн.руб.
100 000 млн.руб.
150 000 млн.руб.
200 000 млн.руб.
250 000 млн.руб.
300 000 млн.руб.
350 000 млн.руб.
400 000 млн.руб.
318 025
284 426
↓
ДЗО 
Все
Подписи данных
⬤Отклонение
АО "РЭС"
АО «Тываэнерго»
АО «Чеченэнерго»
Россети Волга
Россети Кубань
Россети Ленэнерго (ГК)
Россети Московский регион
Россети Северный Кавказ (ГК)
Россети Северо-Запад
Россети Сибирь (ГК)
Россети Томск
Россети Тюмень
Россети Урал (ГК)
Россети ФСК ЕЭС
Россети Центр
Россети Центр и Приволжье (ГК)
Россети Юг (ГК)
Россети Янтарь
-30 000 млн.руб.
-27 500 млн.руб.
-25 000 млн.руб.
-22 500 млн.руб.
-20 000 млн.руб.
-17 500 млн.руб.
-15 000 млн.руб.
-12 500 млн.руб.
-10 000 млн.руб.
-7 500 млн.руб.
-5 000 млн.руб.
-2 500 млн.руб.
0 млн.руб.
2 500 млн.руб.
-170
27
-76
-270
552
-244
-1 353
-805
-232
848
-47
-1 858
-701
-28 384
-520
-484
68
50
млн.
%
Выручка
Отклонение выручки по ПАО Россети за Январь, Февраль 2025 года (факт/план, млн. руб)
ПАО Россети
-33 598.6 млн.руб.
Статус данных
×
Просьба обратить внимание
Данные занесены не полностью
ВЫБРАННЫЕ ЗНАЧЕНИЯ ФИЛЬТРОВ
ДЗО | ПЕРИОД
ПАО Россети: [«Выбраны все филиалы по всем ДЗО по всем категориям»]
2025: [Янв, Фев]
*Внутренний оборот'

31-03-2025T11:14:17 - [MESSAGE][PASSED] - Text of object 'Object Repository/Страница авторизации/Text' is: 'Период
Январь, Февраль 2025 года
Выручка
Все
Выполнение плановых показателей по ПАО Россети за Январь, Февраль 2025 года
План
Факт
Динамика
2025 год
0 млн.руб.
50 000 млн.руб.
100 000 млн.руб.
150 000 млн.руб.
200 000 млн.руб.
250 000 млн.руб.
300 000 млн.руб.
350 000 млн.руб.
400 000 млн.руб.
318 025
284 426
↓
ДЗО 
Все
Подписи данных
⬤Отклонение
АО "РЭС"
АО «Тываэнерго»
АО «Чеченэнерго»
Россети Волга
Россети Кубань
Россети Ленэнерго (ГК)
Россети Московский регион
Россети Северный Кавказ (ГК)
Россети Северо-Запад
Россети Сибирь (ГК)
Россети Томск
Россети Тюмень
Россети Урал (ГК)
Россети ФСК ЕЭС
Россети Центр
Россети Центр и Приволжье (ГК)
Россети Юг (ГК)
Россети Янтарь
-30 000 млн.руб.
-27 500 млн.руб.
-25 000 млн.руб.
-22 500 млн.руб.
-20 000 млн.руб.
-17 500 млн.руб.
-15 000 млн.руб.
-12 500 млн.руб.
-10 000 млн.руб.
-7 500 млн.руб.
-5 000 млн.руб.
-2 500 млн.руб.
0 млн.руб.
2 500 млн.руб.
-170
27
-76
-270
552
-244
-1 353
-805
-232
848
-47
-1 858
-701
-28 384
-520
-484
68
50
млн.
%
Выручка
Отклонение выручки по ПАО Россети за Январь, Февраль 2025 года (факт/план, млн. руб)
ПАО Россети
-33 598.6 млн.руб.
Статус данных
×
Просьба обратить внимание
Данные занесены не полностью
ВЫБРАННЫЕ ЗНАЧЕНИЯ ФИЛЬТРОВ
ДЗО | ПЕРИОД
ПАО Россети: [«Выбраны все филиалы по всем ДЗО по всем категориям»]
2025: [Янв, Фев]
*Внутренний оборот'

31-03-2025T11:14:17 - [TEST_STEP][PASSED] - searchWord = "а": null

31-03-2025T11:14:17 - [TEST_STEP][PASSED] - if (urlText.contains("ошибка") || urlText.contains(searchWord) == false): null

31-03-2025T11:14:17 - [TEST_STEP][PASSED] - delay(45): Delayed 45 second(s)

31-03-2025T11:15:02 - [MESSAGE][PASSED] - Delayed 45 second(s)

31-03-2025T11:15:02 - [TEST_STEP][PASSED] - if (block == 2): Delayed 50 second(s)

31-03-2025T11:15:02 - [TEST_STEP][PASSED] - opoveshenie = getText(findTestObject("Выручка в рублях/Просьба обратить внимание")): Text of object 'Object Repository/Выручка в рублях/Просьба обратить внимание' is: 'Просьба обратить внимание'

31-03-2025T11:15:02 - [MESSAGE][PASSED] - Text of object 'Object Repository/Выручка в рублях/Просьба обратить внимание' is: 'Просьба обратить внимание'

31-03-2025T11:15:02 - [TEST_STEP][PASSED] - if (opoveshenie == "Просьба обратить внимание"): Delayed 50 second(s)

31-03-2025T11:15:02 - [TEST_STEP][PASSED] - click(findTestObject("Выручка в рублях/Закрыть оповещение")): Object: 'Object Repository/Выручка в рублях/Закрыть оповещение' is clicked on

31-03-2025T11:15:03 - [MESSAGE][PASSED] - Object: 'Object Repository/Выручка в рублях/Закрыть оповещение' is clicked on

31-03-2025T11:15:03 - [TEST_STEP][PASSED] - delay(50): Delayed 50 second(s)

31-03-2025T11:15:53 - [MESSAGE][PASSED] - Delayed 50 second(s)

31-03-2025T11:15:53 - [TEST_STEP][PASSED] - click(findTestObject("Выручка в рублях/Фильтр Период" + nameOfBlock)): Object: 'Object Repository/Выручка в рублях/Фильтр Период Выручка' is clicked on

31-03-2025T11:15:53 - [MESSAGE][PASSED] - Object: 'Object Repository/Выручка в рублях/Фильтр Период Выручка' is clicked on

31-03-2025T11:15:53 - [TEST_STEP][PASSED] - click(findTestObject("Выручка в рублях/Снять выделение в фильтре Дата" + nameOfBlock)): Object: 'Object Repository/Выручка в рублях/Снять выделение в фильтре Дата Выручка' is clicked on

31-03-2025T11:15:54 - [MESSAGE][PASSED] - Object: 'Object Repository/Выручка в рублях/Снять выделение в фильтре Дата Выручка' is clicked on

31-03-2025T11:15:54 - [TEST_STEP][PASSED] - click(findTestObject("Выручка в рублях/Применить в фильтре Дата" + nameOfBlock)): Object: 'Object Repository/Выручка в рублях/Применить в фильтре Дата Выручка' is clicked on

31-03-2025T11:15:54 - [MESSAGE][PASSED] - Object: 'Object Repository/Выручка в рублях/Применить в фильтре Дата Выручка' is clicked on

31-03-2025T11:15:54 - [TEST_STEP][PASSED] - delay(50): Delayed 50 second(s)

31-03-2025T11:16:44 - [MESSAGE][PASSED] - Delayed 50 second(s)

31-03-2025T11:16:44 - [TEST_STEP][PASSED] - click(findTestObject("Выручка в рублях/Фильтр Период" + nameOfBlock)): Object: 'Object Repository/Выручка в рублях/Фильтр Период Выручка' is clicked on

31-03-2025T11:16:44 - [MESSAGE][PASSED] - Object: 'Object Repository/Выручка в рублях/Фильтр Период Выручка' is clicked on

31-03-2025T11:16:44 - [TEST_STEP][PASSED] - click(findTestObject("Выручка в рублях/Снять выделение в фильтре Дата" + nameOfBlock)): Object: 'Object Repository/Выручка в рублях/Снять выделение в фильтре Дата Выручка' is clicked on

31-03-2025T11:16:45 - [MESSAGE][PASSED] - Object: 'Object Repository/Выручка в рублях/Снять выделение в фильтре Дата Выручка' is clicked on

31-03-2025T11:16:45 - [TEST_STEP][PASSED] - scrollToElement(findTestObject("Выручка в рублях/2025 список" + nameOfBlock), 30): Scroll to object 'Object Repository/Выручка в рублях/2025 список Выручка' successfully

31-03-2025T11:16:45 - [MESSAGE][PASSED] - Scroll to object 'Object Repository/Выручка в рублях/2025 список Выручка' successfully

31-03-2025T11:16:45 - [TEST_STEP][PASSED] - click(findTestObject("Выручка в рублях/2025 список" + nameOfBlock)): Object: 'Object Repository/Выручка в рублях/2025 список Выручка' is clicked on

31-03-2025T11:16:46 - [MESSAGE][PASSED] - Object: 'Object Repository/Выручка в рублях/2025 список Выручка' is clicked on

31-03-2025T11:16:46 - [TEST_STEP][PASSED] - scrollToElement(findTestObject("Выручка в рублях/1 квартал 2025 список Выручка"), 30): Scroll to object 'Object Repository/Выручка в рублях/1 квартал 2025 список Выручка' successfully

31-03-2025T11:16:46 - [MESSAGE][PASSED] - Scroll to object 'Object Repository/Выручка в рублях/1 квартал 2025 список Выручка' successfully

31-03-2025T11:16:46 - [TEST_STEP][PASSED] - click(findTestObject("Выручка в рублях/1 квартал 2025 список" + nameOfBlock)): Object: 'Object Repository/Выручка в рублях/1 квартал 2025 список Выручка' is clicked on

31-03-2025T11:16:46 - [MESSAGE][PASSED] - Object: 'Object Repository/Выручка в рублях/1 квартал 2025 список Выручка' is clicked on

31-03-2025T11:16:46 - [TEST_STEP][PASSED] - scrollToElement(findTestObject("Выручка в рублях/Январь 2025" + nameOfBlock), 30): Scroll to object 'Object Repository/Выручка в рублях/Январь 2025 Выручка' successfully

31-03-2025T11:16:47 - [MESSAGE][PASSED] - Scroll to object 'Object Repository/Выручка в рублях/Январь 2025 Выручка' successfully

31-03-2025T11:16:47 - [TEST_STEP][PASSED] - click(findTestObject("Выручка в рублях/Январь 2025" + nameOfBlock)): Object: 'Object Repository/Выручка в рублях/Январь 2025 Выручка' is clicked on

31-03-2025T11:16:47 - [MESSAGE][PASSED] - Object: 'Object Repository/Выручка в рублях/Январь 2025 Выручка' is clicked on

31-03-2025T11:16:47 - [TEST_STEP][PASSED] - scrollToElement(findTestObject("Выручка в рублях/Февраль 2025" + nameOfBlock), 30): Scroll to object 'Object Repository/Выручка в рублях/Февраль 2025 Выручка' successfully

31-03-2025T11:16:48 - [MESSAGE][PASSED] - Scroll to object 'Object Repository/Выручка в рублях/Февраль 2025 Выручка' successfully

31-03-2025T11:16:48 - [TEST_STEP][PASSED] - click(findTestObject("Выручка в рублях/Февраль 2025" + nameOfBlock)): Object: 'Object Repository/Выручка в рублях/Февраль 2025 Выручка' is clicked on

31-03-2025T11:16:48 - [MESSAGE][PASSED] - Object: 'Object Repository/Выручка в рублях/Февраль 2025 Выручка' is clicked on

31-03-2025T11:16:48 - [TEST_STEP][PASSED] - scrollToElement(findTestObject("Выручка в рублях/Заголовок дашборда" + nameOfBlock), 30): Scroll to object 'Object Repository/Выручка в рублях/Заголовок дашборда Выручка' successfully

31-03-2025T11:16:48 - [MESSAGE][PASSED] - Scroll to object 'Object Repository/Выручка в рублях/Заголовок дашборда Выручка' successfully

31-03-2025T11:16:48 - [TEST_STEP][PASSED] - click(findTestObject("Выручка в рублях/Применить в фильтре Дата" + nameOfBlock)): Object: 'Object Repository/Выручка в рублях/Применить в фильтре Дата Выручка' is clicked on

31-03-2025T11:16:49 - [MESSAGE][PASSED] - Object: 'Object Repository/Выручка в рублях/Применить в фильтре Дата Выручка' is clicked on

31-03-2025T11:16:49 - [TEST_STEP][PASSED] - delay(55): Delayed 55 second(s)

31-03-2025T11:17:44 - [MESSAGE][PASSED] - Delayed 55 second(s)

31-03-2025T11:17:44 - [TEST_STEP][PASSED] - click(findTestObject("Выручка в рублях/Фильтр ДЗО" + nameOfBlock)): Object: 'Object Repository/Выручка в рублях/Фильтр ДЗО Выручка' is clicked on

31-03-2025T11:17:44 - [MESSAGE][PASSED] - Object: 'Object Repository/Выручка в рублях/Фильтр ДЗО Выручка' is clicked on

31-03-2025T11:17:44 - [TEST_STEP][PASSED] - click(findTestObject("Выручка в рублях/Снять выделение в фильтре ДЗО" + nameOfBlock)): Object: 'Object Repository/Выручка в рублях/Снять выделение в фильтре ДЗО Выручка' is clicked on

31-03-2025T11:17:45 - [MESSAGE][PASSED] - Object: 'Object Repository/Выручка в рублях/Снять выделение в фильтре ДЗО Выручка' is clicked on

31-03-2025T11:17:45 - [TEST_STEP][PASSED] - click(findTestObject("Выручка в рублях/Применить в фильтре ДЗО" + nameOfBlock)): Object: 'Object Repository/Выручка в рублях/Применить в фильтре ДЗО Выручка' is clicked on

31-03-2025T11:17:45 - [MESSAGE][PASSED] - Object: 'Object Repository/Выручка в рублях/Применить в фильтре ДЗО Выручка' is clicked on

31-03-2025T11:17:45 - [TEST_STEP][PASSED] - delay(50): Delayed 50 second(s)

31-03-2025T11:18:35 - [MESSAGE][PASSED] - Delayed 50 second(s)

31-03-2025T11:18:35 - [TEST_STEP][PASSED] - Script1742558545601.Tumbler(run, vir, block, nameOfBlock): null

31-03-2025T11:18:35 - [TEST_STEP][PASSED] - println("run:" + run): null

31-03-2025T11:18:35 - [TEST_STEP][PASSED] - println("vir:" + vir): null

31-03-2025T11:18:35 - [TEST_STEP][PASSED] - println("block:" + block): null

31-03-2025T11:18:35 - [TEST_STEP][PASSED] - println("nameOfBlock:" + nameOfBlock): null

31-03-2025T11:18:35 - [TEST_STEP][PASSED] - if (vir == 1): Object: 'Object Repository/Выручка в рублях/Переключить отображение с млн на проценты Выручка в рублях Выручка' is clicked on

31-03-2025T11:18:35 - [TEST_STEP][PASSED] - if (run == 2): Object: 'Object Repository/Выручка в рублях/Переключить отображение с млн на проценты Выручка в рублях Выручка' is clicked on

31-03-2025T11:18:35 - [TEST_STEP][PASSED] - click(findTestObject("Выручка в рублях/Переключить отображение с млн на проценты Выручка в рублях" + nameOfBlock)): Object: 'Object Repository/Выручка в рублях/Переключить отображение с млн на проценты Выручка в рублях Выручка' is clicked on

31-03-2025T11:18:36 - [MESSAGE][PASSED] - Object: 'Object Repository/Выручка в рублях/Переключить отображение с млн на проценты Выручка в рублях Выручка' is clicked on

31-03-2025T11:18:36 - [TEST_STEP][PASSED] - click(findTestObject("Выручка в рублях/Фильтр ДЗО" + nameOfBlock)): Object: 'Object Repository/Выручка в рублях/Фильтр ДЗО Выручка' is clicked on

31-03-2025T11:18:36 - [MESSAGE][PASSED] - Object: 'Object Repository/Выручка в рублях/Фильтр ДЗО Выручка' is clicked on

31-03-2025T11:18:36 - [TEST_STEP][PASSED] - Script1742558545601.Rosseti(nameOfBlock): null

31-03-2025T11:18:36 - [TEST_STEP][PASSED] - println("nameOfBlock:" + nameOfBlock): null

31-03-2025T11:18:36 - [TEST_STEP][PASSED] - click(findTestObject("Выручка в рублях/ПАО Россети" + nameOfBlock)): Object: 'Object Repository/Выручка в рублях/ПАО Россети Выручка' is clicked on

31-03-2025T11:18:37 - [MESSAGE][PASSED] - Object: 'Object Repository/Выручка в рублях/ПАО Россети Выручка' is clicked on

31-03-2025T11:18:37 - [TEST_STEP][PASSED] - click(findTestObject("Выручка в рублях/Применить в фильтре ДЗО" + nameOfBlock)): Object: 'Object Repository/Выручка в рублях/Применить в фильтре ДЗО Выручка' is clicked on

31-03-2025T11:18:37 - [MESSAGE][PASSED] - Object: 'Object Repository/Выручка в рублях/Применить в фильтре ДЗО Выручка' is clicked on

31-03-2025T11:18:37 - [TEST_STEP][PASSED] - if (vir == 1 || vir == 2): Text of object 'Object Repository/Выручка в рублях/График План Выручка' is: '318 025'

31-03-2025T11:18:37 - [TEST_STEP][PASSED] - b1 = getText(findTestObject("Выручка в рублях/График План Выручка")): Text of object 'Object Repository/Выручка в рублях/График План Выручка' is: '318 025'

31-03-2025T11:18:39 - [MESSAGE][PASSED] - Text of object 'Object Repository/Выручка в рублях/График План Выручка' is: '318 025'

31-03-2025T11:18:39 - [TEST_STEP][PASSED] - if (vir == 1 || vir == 2): Text of object 'Object Repository/Выручка в рублях/График Факт Выручка' is: '284 426'

31-03-2025T11:18:39 - [TEST_STEP][PASSED] - b2 = getText(findTestObject("Выручка в рублях/График Факт Выручка")): Text of object 'Object Repository/Выручка в рублях/График Факт Выручка' is: '284 426'

31-03-2025T11:18:39 - [MESSAGE][PASSED] - Text of object 'Object Repository/Выручка в рублях/График Факт Выручка' is: '284 426'

31-03-2025T11:18:39 - [TEST_STEP][PASSED] - b30 = getText(findTestObject("Выручка в рублях/span1" + perc)): Text of object 'Object Repository/Выручка в рублях/span1 Perc' is: '-10.56 %'

31-03-2025T11:18:40 - [MESSAGE][PASSED] - Text of object 'Object Repository/Выручка в рублях/span1 Perc' is: '-10.56 %'

31-03-2025T11:18:40 - [TEST_STEP][PASSED] - i = b30.indexOf("млн.руб."): null

31-03-2025T11:18:40 - [TEST_STEP][PASSED] - if (i > -1): null

31-03-2025T11:18:40 - [TEST_STEP][PASSED] - if (b30.contains("%")): null

31-03-2025T11:18:40 - [TEST_STEP][PASSED] - b30 = b30.replaceAll("%", ""): null

31-03-2025T11:18:40 - [TEST_STEP][PASSED] - b30 = ").trim(): null

31-03-2025T11:18:40 - [TEST_STEP][PASSED] - println("b30: " + b30): null

31-03-2025T11:18:40 - [TEST_STEP][PASSED] - if (vir == 1): Text of object 'Object Repository/Выручка в рублях/span19 Perc' is: '2.48 %'

31-03-2025T11:18:40 - [TEST_STEP][PASSED] - b31 = ").trim(): Text of object 'Object Repository/Выручка в рублях/span2 Perc' is: '-3.76 %'

31-03-2025T11:18:40 - [MESSAGE][PASSED] - Text of object 'Object Repository/Выручка в рублях/span2 Perc' is: '-3.76 %'

31-03-2025T11:18:40 - [TEST_STEP][PASSED] - b32 = ").trim(): Text of object 'Object Repository/Выручка в рублях/span3 Perc' is: '5.38 %'

31-03-2025T11:18:40 - [MESSAGE][PASSED] - Text of object 'Object Repository/Выручка в рублях/span3 Perc' is: '5.38 %'

31-03-2025T11:18:40 - [TEST_STEP][PASSED] - b33 = ").trim(): Text of object 'Object Repository/Выручка в рублях/span4 Perc' is: '-7.67 %'

31-03-2025T11:18:40 - [MESSAGE][PASSED] - Text of object 'Object Repository/Выручка в рублях/span4 Perc' is: '-7.67 %'

31-03-2025T11:18:40 - [TEST_STEP][PASSED] - b34 = ").trim(): Text of object 'Object Repository/Выручка в рублях/span5 Perc' is: '-1.27 %'

31-03-2025T11:18:41 - [MESSAGE][PASSED] - Text of object 'Object Repository/Выручка в рублях/span5 Perc' is: '-1.27 %'

31-03-2025T11:18:41 - [TEST_STEP][PASSED] - b35 = ").trim(): Text of object 'Object Repository/Выручка в рублях/span6 Perc' is: '3.73 %'

31-03-2025T11:18:41 - [MESSAGE][PASSED] - Text of object 'Object Repository/Выручка в рублях/span6 Perc' is: '3.73 %'

31-03-2025T11:18:41 - [TEST_STEP][PASSED] - b36 = ").trim(): Text of object 'Object Repository/Выручка в рублях/span7 Perc' is: '-1.07 %'

31-03-2025T11:18:41 - [MESSAGE][PASSED] - Text of object 'Object Repository/Выручка в рублях/span7 Perc' is: '-1.07 %'

31-03-2025T11:18:41 - [TEST_STEP][PASSED] - b37 = ").trim(): Text of object 'Object Repository/Выручка в рублях/span8 Perc' is: '-3.07 %'

31-03-2025T11:18:42 - [MESSAGE][PASSED] - Text of object 'Object Repository/Выручка в рублях/span8 Perc' is: '-3.07 %'

31-03-2025T11:18:42 - [TEST_STEP][PASSED] - b38 = ").trim(): Text of object 'Object Repository/Выручка в рублях/span9 Perc' is: '-9.46 %'

31-03-2025T11:18:42 - [MESSAGE][PASSED] - Text of object 'Object Repository/Выручка в рублях/span9 Perc' is: '-9.46 %'

31-03-2025T11:18:42 - [TEST_STEP][PASSED] - b39 = ").trim(): Text of object 'Object Repository/Выручка в рублях/span10 Perc' is: '-1.71 %'

31-03-2025T11:18:42 - [MESSAGE][PASSED] - Text of object 'Object Repository/Выручка в рублях/span10 Perc' is: '-1.71 %'

31-03-2025T11:18:42 - [TEST_STEP][PASSED] - b310 = ").trim(): Text of object 'Object Repository/Выручка в рублях/span11 Perc' is: '3.95 %'

31-03-2025T11:18:42 - [MESSAGE][PASSED] - Text of object 'Object Repository/Выручка в рублях/span11 Perc' is: '3.95 %'

31-03-2025T11:18:42 - [TEST_STEP][PASSED] - b311 = ").trim(): Text of object 'Object Repository/Выручка в рублях/span12 Perc' is: '-2.24 %'

31-03-2025T11:18:43 - [MESSAGE][PASSED] - Text of object 'Object Repository/Выручка в рублях/span12 Perc' is: '-2.24 %'

31-03-2025T11:18:43 - [TEST_STEP][PASSED] - b312 = ").trim(): Text of object 'Object Repository/Выручка в рублях/span13 Perc' is: '-9.45 %'

31-03-2025T11:18:43 - [MESSAGE][PASSED] - Text of object 'Object Repository/Выручка в рублях/span13 Perc' is: '-9.45 %'

31-03-2025T11:18:43 - [TEST_STEP][PASSED] - b313 = ").trim(): Text of object 'Object Repository/Выручка в рублях/span14 Perc' is: '-3.3 %'

31-03-2025T11:18:43 - [MESSAGE][PASSED] - Text of object 'Object Repository/Выручка в рублях/span14 Perc' is: '-3.3 %'

31-03-2025T11:18:43 - [TEST_STEP][PASSED] - b314 = ").trim(): Text of object 'Object Repository/Выручка в рублях/span15 Perc' is: '-50.04 %'

31-03-2025T11:18:43 - [MESSAGE][PASSED] - Text of object 'Object Repository/Выручка в рублях/span15 Perc' is: '-50.04 %'

31-03-2025T11:18:43 - [TEST_STEP][PASSED] - b315 = ").trim(): Text of object 'Object Repository/Выручка в рублях/span16 Perc' is: '-2.12 %'

31-03-2025T11:18:44 - [MESSAGE][PASSED] - Text of object 'Object Repository/Выручка в рублях/span16 Perc' is: '-2.12 %'

31-03-2025T11:18:44 - [TEST_STEP][PASSED] - b316 = ").trim(): Text of object 'Object Repository/Выручка в рублях/span17 Perc' is: '-1.84 %'

31-03-2025T11:18:44 - [MESSAGE][PASSED] - Text of object 'Object Repository/Выручка в рублях/span17 Perc' is: '-1.84 %'

31-03-2025T11:18:44 - [TEST_STEP][PASSED] - b317 = ").trim(): Text of object 'Object Repository/Выручка в рублях/span18 Perc' is: '0.5 %'

31-03-2025T11:18:44 - [MESSAGE][PASSED] - Text of object 'Object Repository/Выручка в рублях/span18 Perc' is: '0.5 %'

31-03-2025T11:18:44 - [TEST_STEP][PASSED] - b318 = ").trim(): Text of object 'Object Repository/Выручка в рублях/span19 Perc' is: '2.48 %'

31-03-2025T11:18:45 - [MESSAGE][PASSED] - Text of object 'Object Repository/Выручка в рублях/span19 Perc' is: '2.48 %'

31-03-2025T11:18:45 - [TEST_STEP][PASSED] - dZO = "ПАО Россети": null

31-03-2025T11:18:45 - [TEST_STEP][PASSED] - if (verifyEqual(a1, b1) == false): Actual object '318 025' and expected object '318 025' are equal

31-03-2025T11:18:45 - [MESSAGE][PASSED] - Actual object '318 025' and expected object '318 025' are equal

31-03-2025T11:18:45 - [TEST_STEP][PASSED] - if (verifyEqual(a2, b2) == false): Actual object '284 426' and expected object '284 426' are equal

31-03-2025T11:18:45 - [MESSAGE][PASSED] - Actual object '284 426' and expected object '284 426' are equal

31-03-2025T11:18:45 - [TEST_STEP][PASSED] - vidget = "Отклонения": null

31-03-2025T11:18:45 - [TEST_STEP][PASSED] - if (verifyEqual(a30, b30) == false): Actual object '-10.56' and expected object '-10.56' are equal

31-03-2025T11:18:45 - [MESSAGE][PASSED] - Actual object '-10.56' and expected object '-10.56' are equal

31-03-2025T11:18:45 - [TEST_STEP][PASSED] - dZO = "АО «РЭС»": null

31-03-2025T11:18:45 - [TEST_STEP][PASSED] - if (verifyEqual(a31, b31) == false): Actual object '-3.76' and expected object '-3.76' are equal

31-03-2025T11:18:45 - [MESSAGE][PASSED] - Actual object '-3.76' and expected object '-3.76' are equal

31-03-2025T11:18:45 - [TEST_STEP][PASSED] - dZO = "АО «Тываэнерго»": null

31-03-2025T11:18:45 - [TEST_STEP][PASSED] - if (verifyEqual(a32, b32) == false): Actual object '5.38' and expected object '5.38' are equal

31-03-2025T11:18:45 - [MESSAGE][PASSED] - Actual object '5.38' and expected object '5.38' are equal

31-03-2025T11:18:45 - [TEST_STEP][PASSED] - dZO = "АО «Чеченэнерго»": null

31-03-2025T11:18:45 - [TEST_STEP][PASSED] - if (verifyEqual(a33, b33) == false): Actual object '-7.67' and expected object '-7.67' are equal

31-03-2025T11:18:45 - [MESSAGE][PASSED] - Actual object '-7.67' and expected object '-7.67' are equal

31-03-2025T11:18:45 - [TEST_STEP][PASSED] - dZO = "Россети Волга": null

31-03-2025T11:18:45 - [TEST_STEP][PASSED] - if (verifyEqual(a34, b34) == false): Actual object '-1.27' and expected object '-1.27' are equal

31-03-2025T11:18:45 - [MESSAGE][PASSED] - Actual object '-1.27' and expected object '-1.27' are equal

31-03-2025T11:18:45 - [TEST_STEP][PASSED] - dZO = "Россети Кубань": null

31-03-2025T11:18:45 - [TEST_STEP][PASSED] - if (verifyEqual(a35, b35) == false): Actual object '3.73' and expected object '3.73' are equal

31-03-2025T11:18:45 - [MESSAGE][PASSED] - Actual object '3.73' and expected object '3.73' are equal

31-03-2025T11:18:45 - [TEST_STEP][PASSED] - dZO = "Россети Ленэнерго (ГК)": null

31-03-2025T11:18:45 - [TEST_STEP][PASSED] - if (verifyEqual(a36, b36) == false): Actual object '-1.07' and expected object '-1.07' are equal

31-03-2025T11:18:45 - [MESSAGE][PASSED] - Actual object '-1.07' and expected object '-1.07' are equal

31-03-2025T11:18:45 - [TEST_STEP][PASSED] - dZO = "Россети Московский регион": null

31-03-2025T11:18:45 - [TEST_STEP][PASSED] - if (verifyEqual(a37, b37) == false): Actual object '-3.07' and expected object '-3.07' are equal

31-03-2025T11:18:45 - [MESSAGE][PASSED] - Actual object '-3.07' and expected object '-3.07' are equal

31-03-2025T11:18:45 - [TEST_STEP][PASSED] - dZO = "Россети Северный Кавказ (ГК)": null

31-03-2025T11:18:45 - [TEST_STEP][PASSED] - if (verifyEqual(a38, b38) == false): Actual object '-9.46' and expected object '-9.46' are equal

31-03-2025T11:18:45 - [MESSAGE][PASSED] - Actual object '-9.46' and expected object '-9.46' are equal

31-03-2025T11:18:45 - [TEST_STEP][PASSED] - dZO = "Россети Северо-Запад": null

31-03-2025T11:18:45 - [TEST_STEP][PASSED] - if (verifyEqual(a39, b39) == false): Actual object '-1.71' and expected object '-1.71' are equal

31-03-2025T11:18:45 - [MESSAGE][PASSED] - Actual object '-1.71' and expected object '-1.71' are equal

31-03-2025T11:18:45 - [TEST_STEP][PASSED] - dZO = "Россети Сибирь (ГК)": null

31-03-2025T11:18:45 - [TEST_STEP][PASSED] - if (verifyEqual(a310, b310) == false): Actual object '3.95' and expected object '3.95' are equal

31-03-2025T11:18:45 - [MESSAGE][PASSED] - Actual object '3.95' and expected object '3.95' are equal

31-03-2025T11:18:45 - [TEST_STEP][PASSED] - dZO = "Россети Томск": null

31-03-2025T11:18:45 - [TEST_STEP][PASSED] - if (verifyEqual(a311, b311) == false): Actual object '-2.24' and expected object '-2.24' are equal

31-03-2025T11:18:45 - [MESSAGE][PASSED] - Actual object '-2.24' and expected object '-2.24' are equal

31-03-2025T11:18:45 - [TEST_STEP][PASSED] - dZO = "Россети Тюмень": null

31-03-2025T11:18:45 - [TEST_STEP][PASSED] - if (verifyEqual(a312, b312) == false): Actual object '-9.45' and expected object '-9.45' are equal

31-03-2025T11:18:45 - [MESSAGE][PASSED] - Actual object '-9.45' and expected object '-9.45' are equal

31-03-2025T11:18:45 - [TEST_STEP][PASSED] - dZO = "Россети Урал (ГК)": null

31-03-2025T11:18:45 - [TEST_STEP][PASSED] - if (verifyEqual(a313, b313) == false): Actual object '-3.3' and expected object '-3.3' are equal

31-03-2025T11:18:45 - [MESSAGE][PASSED] - Actual object '-3.3' and expected object '-3.3' are equal

31-03-2025T11:18:45 - [TEST_STEP][PASSED] - dZO = "Россети ФСК ЕЭС": null

31-03-2025T11:18:45 - [TEST_STEP][PASSED] - if (verifyEqual(a314, b314) == false): Actual object '-50.04' and expected object '-50.04' are equal

31-03-2025T11:18:45 - [MESSAGE][PASSED] - Actual object '-50.04' and expected object '-50.04' are equal

31-03-2025T11:18:45 - [TEST_STEP][PASSED] - dZO = "Россети Центр": null

31-03-2025T11:18:45 - [TEST_STEP][PASSED] - if (verifyEqual(a315, b315) == false): Actual object '-2.12' and expected object '-2.12' are equal

31-03-2025T11:18:45 - [MESSAGE][PASSED] - Actual object '-2.12' and expected object '-2.12' are equal

31-03-2025T11:18:45 - [TEST_STEP][PASSED] - dZO = "Россети Центр и Приволжье (ГК)": null

31-03-2025T11:18:45 - [TEST_STEP][PASSED] - if (verifyEqual(a316, b316) == false): Actual object '-1.84' and expected object '-1.84' are equal

31-03-2025T11:18:45 - [MESSAGE][PASSED] - Actual object '-1.84' and expected object '-1.84' are equal

31-03-2025T11:18:45 - [TEST_STEP][PASSED] - dZO = "Россети Юг (ГК)": null

31-03-2025T11:18:45 - [TEST_STEP][PASSED] - if (verifyEqual(a317, b317) == false): Actual object '0.5' and expected object '0.5' are equal

31-03-2025T11:18:45 - [MESSAGE][PASSED] - Actual object '0.5' and expected object '0.5' are equal

31-03-2025T11:18:45 - [TEST_STEP][PASSED] - dZO = "Россети Янтарь": null

31-03-2025T11:18:45 - [TEST_STEP][PASSED] - if (verifyEqual(a318, b318) == false): Actual object '2.48' and expected object '2.48' are equal

31-03-2025T11:18:45 - [MESSAGE][PASSED] - Actual object '2.48' and expected object '2.48' are equal

31-03-2025T11:18:45 - [TEST_STEP][PASSED] - closeBrowser(): null

31-03-2025T11:18:45 - [MESSAGE][PASSED] - Browser is closed

31-03-2025T11:18:45 - [TEST_STEP][PASSED] - Script1742558545601.Blocks(run, vir, block, nameOfBlock, typeOfData, viruchka, vidget, todaysDate, a, b, dZO, x, y): null

31-03-2025T11:18:45 - [TEST_STEP][PASSED] - i = <not implemented yet for class: org.codehaus.groovy.ast.expr.EmptyExpression>: null

31-03-2025T11:18:45 - [TEST_STEP][PASSED] - perc = "": null

31-03-2025T11:18:45 - [TEST_STEP][PASSED] - a1 = <not implemented yet for class: org.codehaus.groovy.ast.expr.EmptyExpression>: null

31-03-2025T11:18:45 - [TEST_STEP][PASSED] - a2 = <not implemented yet for class: org.codehaus.groovy.ast.expr.EmptyExpression>: null

31-03-2025T11:18:45 - [TEST_STEP][PASSED] - a30 = <not implemented yet for class: org.codehaus.groovy.ast.expr.EmptyExpression>: null

31-03-2025T11:18:45 - [TEST_STEP][PASSED] - a31 = <not implemented yet for class: org.codehaus.groovy.ast.expr.EmptyExpression>: null

31-03-2025T11:18:45 - [TEST_STEP][PASSED] - a32 = <not implemented yet for class: org.codehaus.groovy.ast.expr.EmptyExpression>: null

31-03-2025T11:18:45 - [TEST_STEP][PASSED] - a33 = <not implemented yet for class: org.codehaus.groovy.ast.expr.EmptyExpression>: null

31-03-2025T11:18:45 - [TEST_STEP][PASSED] - a34 = <not implemented yet for class: org.codehaus.groovy.ast.expr.EmptyExpression>: null

31-03-2025T11:18:45 - [TEST_STEP][PASSED] - a35 = <not implemented yet for class: org.codehaus.groovy.ast.expr.EmptyExpression>: null

31-03-2025T11:18:45 - [TEST_STEP][PASSED] - a36 = <not implemented yet for class: org.codehaus.groovy.ast.expr.EmptyExpression>: null

31-03-2025T11:18:45 - [TEST_STEP][PASSED] - a37 = <not implemented yet for class: org.codehaus.groovy.ast.expr.EmptyExpression>: null

31-03-2025T11:18:45 - [TEST_STEP][PASSED] - a38 = <not implemented yet for class: org.codehaus.groovy.ast.expr.EmptyExpression>: null

31-03-2025T11:18:45 - [TEST_STEP][PASSED] - a39 = <not implemented yet for class: org.codehaus.groovy.ast.expr.EmptyExpression>: null

31-03-2025T11:18:45 - [TEST_STEP][PASSED] - a310 = <not implemented yet for class: org.codehaus.groovy.ast.expr.EmptyExpression>: null

31-03-2025T11:18:45 - [TEST_STEP][PASSED] - a311 = <not implemented yet for class: org.codehaus.groovy.ast.expr.EmptyExpression>: null

31-03-2025T11:18:45 - [TEST_STEP][PASSED] - a312 = <not implemented yet for class: org.codehaus.groovy.ast.expr.EmptyExpression>: null

31-03-2025T11:18:45 - [TEST_STEP][PASSED] - a313 = <not implemented yet for class: org.codehaus.groovy.ast.expr.EmptyExpression>: null

31-03-2025T11:18:45 - [TEST_STEP][PASSED] - a314 = <not implemented yet for class: org.codehaus.groovy.ast.expr.EmptyExpression>: null

31-03-2025T11:18:45 - [TEST_STEP][PASSED] - a315 = <not implemented yet for class: org.codehaus.groovy.ast.expr.EmptyExpression>: null

31-03-2025T11:18:45 - [TEST_STEP][PASSED] - a316 = <not implemented yet for class: org.codehaus.groovy.ast.expr.EmptyExpression>: null

31-03-2025T11:18:45 - [TEST_STEP][PASSED] - a317 = <not implemented yet for class: org.codehaus.groovy.ast.expr.EmptyExpression>: null

31-03-2025T11:18:45 - [TEST_STEP][PASSED] - a318 = <not implemented yet for class: org.codehaus.groovy.ast.expr.EmptyExpression>: null

31-03-2025T11:18:45 - [TEST_STEP][PASSED] - b1 = <not implemented yet for class: org.codehaus.groovy.ast.expr.EmptyExpression>: null

31-03-2025T11:18:45 - [TEST_STEP][PASSED] - b2 = <not implemented yet for class: org.codehaus.groovy.ast.expr.EmptyExpression>: null

31-03-2025T11:18:45 - [TEST_STEP][PASSED] - b30 = <not implemented yet for class: org.codehaus.groovy.ast.expr.EmptyExpression>: null

31-03-2025T11:18:45 - [TEST_STEP][PASSED] - b31 = <not implemented yet for class: org.codehaus.groovy.ast.expr.EmptyExpression>: null

31-03-2025T11:18:45 - [TEST_STEP][PASSED] - b32 = <not implemented yet for class: org.codehaus.groovy.ast.expr.EmptyExpression>: null

31-03-2025T11:18:45 - [TEST_STEP][PASSED] - b33 = <not implemented yet for class: org.codehaus.groovy.ast.expr.EmptyExpression>: null

31-03-2025T11:18:45 - [TEST_STEP][PASSED] - b34 = <not implemented yet for class: org.codehaus.groovy.ast.expr.EmptyExpression>: null

31-03-2025T11:18:45 - [TEST_STEP][PASSED] - b35 = <not implemented yet for class: org.codehaus.groovy.ast.expr.EmptyExpression>: null

31-03-2025T11:18:45 - [TEST_STEP][PASSED] - b36 = <not implemented yet for class: org.codehaus.groovy.ast.expr.EmptyExpression>: null

31-03-2025T11:18:45 - [TEST_STEP][PASSED] - b37 = <not implemented yet for class: org.codehaus.groovy.ast.expr.EmptyExpression>: null

31-03-2025T11:18:45 - [TEST_STEP][PASSED] - b38 = <not implemented yet for class: org.codehaus.groovy.ast.expr.EmptyExpression>: null

31-03-2025T11:18:45 - [TEST_STEP][PASSED] - b39 = <not implemented yet for class: org.codehaus.groovy.ast.expr.EmptyExpression>: null

31-03-2025T11:18:45 - [TEST_STEP][PASSED] - b310 = <not implemented yet for class: org.codehaus.groovy.ast.expr.EmptyExpression>: null

31-03-2025T11:18:45 - [TEST_STEP][PASSED] - b311 = <not implemented yet for class: org.codehaus.groovy.ast.expr.EmptyExpression>: null

31-03-2025T11:18:45 - [TEST_STEP][PASSED] - b312 = <not implemented yet for class: org.codehaus.groovy.ast.expr.EmptyExpression>: null

31-03-2025T11:18:45 - [TEST_STEP][PASSED] - b313 = <not implemented yet for class: org.codehaus.groovy.ast.expr.EmptyExpression>: null

31-03-2025T11:18:45 - [TEST_STEP][PASSED] - b314 = <not implemented yet for class: org.codehaus.groovy.ast.expr.EmptyExpression>: null

31-03-2025T11:18:45 - [TEST_STEP][PASSED] - b315 = <not implemented yet for class: org.codehaus.groovy.ast.expr.EmptyExpression>: null

31-03-2025T11:18:45 - [TEST_STEP][PASSED] - b316 = <not implemented yet for class: org.codehaus.groovy.ast.expr.EmptyExpression>: null

31-03-2025T11:18:45 - [TEST_STEP][PASSED] - b317 = <not implemented yet for class: org.codehaus.groovy.ast.expr.EmptyExpression>: null

31-03-2025T11:18:45 - [TEST_STEP][PASSED] - b318 = <not implemented yet for class: org.codehaus.groovy.ast.expr.EmptyExpression>: null

31-03-2025T11:18:45 - [TEST_STEP][PASSED] - block = 1: null

31-03-2025T11:18:45 - [TEST_STEP][PASSED] - nameOfBlock = "": null

31-03-2025T11:18:45 - [TEST_STEP][PASSED] - Script1742558545601.PreSettings(run, vir, block, nameOfBlock, typeOfData, todaysDate): null

31-03-2025T11:18:45 - [TEST_STEP][PASSED] - openBrowser(""): Browser is opened with url: ''

31-03-2025T11:18:45 - [MESSAGE][INFO] - Starting 'Chrome' driver

31-03-2025T11:18:45 - [MESSAGE][INFO] - Action delay is set to 0 milliseconds

31-03-2025T11:18:46 - [MESSAGE][PASSED] - Browser is opened with url: ''

31-03-2025T11:18:46 - [TEST_STEP][PASSED] - refresh(): Refresh successfully

31-03-2025T11:18:46 - [MESSAGE][PASSED] - Refresh successfully

31-03-2025T11:18:46 - [TEST_STEP][PASSED] - delay(50): Delayed 50 second(s)

31-03-2025T11:19:36 - [MESSAGE][PASSED] - Delayed 50 second(s)

31-03-2025T11:19:36 - [TEST_STEP][PASSED] - println("run:" + run): null

31-03-2025T11:19:36 - [TEST_STEP][PASSED] - println("vir:" + vir): null

31-03-2025T11:19:36 - [TEST_STEP][PASSED] - println("block:" + block): null

31-03-2025T11:19:36 - [TEST_STEP][PASSED] - if (block == 1): null

31-03-2025T11:19:36 - [TEST_STEP][PASSED] - nameOfBlock = "": null

31-03-2025T11:19:36 - [TEST_STEP][PASSED] - println("nameOfBlock:" + nameOfBlock): null

31-03-2025T11:19:36 - [TEST_STEP][PASSED] - println("typeOfData:" + typeOfData): null

31-03-2025T11:19:36 - [TEST_STEP][PASSED] - println("todaysDate:" + todaysDate): null

31-03-2025T11:19:36 - [TEST_STEP][PASSED] - Script1742558545601.Autorization(block, nameOfBlock): null

31-03-2025T11:19:36 - [TEST_STEP][PASSED] - i = <not implemented yet for class: org.codehaus.groovy.ast.expr.EmptyExpression>: null

31-03-2025T11:19:36 - [TEST_STEP][PASSED] - ii = <not implemented yet for class: org.codehaus.groovy.ast.expr.EmptyExpression>: null

31-03-2025T11:19:36 - [TEST_STEP][PASSED] - urlData = <not implemented yet for class: org.codehaus.groovy.ast.expr.EmptyExpression>: null

31-03-2025T11:19:36 - [TEST_STEP][PASSED] - searchWord = <not implemented yet for class: org.codehaus.groovy.ast.expr.EmptyExpression>: null

31-03-2025T11:19:36 - [TEST_STEP][PASSED] - urlText = <not implemented yet for class: org.codehaus.groovy.ast.expr.EmptyExpression>: null

31-03-2025T11:19:36 - [TEST_STEP][PASSED] - println("block:" + block): null

31-03-2025T11:19:36 - [TEST_STEP][PASSED] - if (block == 1): null

31-03-2025T11:19:36 - [TEST_STEP][PASSED] - nameOfBlock = "": null

31-03-2025T11:19:36 - [TEST_STEP][PASSED] - println("nameOfBlock:" + nameOfBlock): null

31-03-2025T11:19:36 - [TEST_STEP][PASSED] - if (block == 1): Delayed 45 second(s)

31-03-2025T11:19:36 - [TEST_STEP][PASSED] - urlData = 2: null

31-03-2025T11:19:36 - [TEST_STEP][PASSED] - delay(45): Delayed 45 second(s)

31-03-2025T11:20:21 - [MESSAGE][PASSED] - Delayed 45 second(s)

31-03-2025T11:20:21 - [TEST_STEP][PASSED] - navigateToUrl(findTestData("PlanFact").getValue(10, urlData)): Navigate to 'https://bi.rosseti.digital/viewer?dashboardGuid=2301950b23be4ed89c1df75f2020051e&sheetGuid=b723206f698544fb87299f3095c00435&fit=true' successfully

31-03-2025T11:20:27 - [MESSAGE][PASSED] - Navigate to 'https://bi.rosseti.digital/viewer?dashboardGuid=2301950b23be4ed89c1df75f2020051e&sheetGuid=b723206f698544fb87299f3095c00435&fit=true' successfully

31-03-2025T11:20:27 - [TEST_STEP][PASSED] - urlText = getText(findTestObject("Страница авторизации/Text")): Text of object 'Object Repository/Страница авторизации/Text' is: 'Вход'

31-03-2025T11:20:29 - [MESSAGE][PASSED] - Text of object 'Object Repository/Страница авторизации/Text' is: 'Вход'

31-03-2025T11:20:29 - [TEST_STEP][PASSED] - searchWord = "Вход": null

31-03-2025T11:20:29 - [TEST_STEP][PASSED] - if (urlText == null || urlText.contains("ошибка") || urlText.contains(searchWord) == false): null

31-03-2025T11:20:29 - [TEST_STEP][PASSED] - if (verifyElementPresent(findTestObject("Страница авторизации/button_"), 30) == true): null

31-03-2025T11:20:29 - [MESSAGE][PASSED] - Object 'Object Repository/Страница авторизации/button_' is present

31-03-2025T11:20:29 - [TEST_STEP][PASSED] - setText(findTestObject("Страница авторизации/input__username"), findTestData("PlanFact").getValue(8, 1)): Text 'liazgina-di' is set on object 'Object Repository/Страница авторизации/input__username'

31-03-2025T11:20:30 - [MESSAGE][PASSED] - Text 'liazgina-di' is set on object 'Object Repository/Страница авторизации/input__username'

31-03-2025T11:20:30 - [TEST_STEP][PASSED] - setText(findTestObject("Страница авторизации/input__password"), findTestData("PlanFact").getValue(9, 1)): Text ')$%5srZ8o688Dm#q' is set on object 'Object Repository/Страница авторизации/input__password'

31-03-2025T11:20:30 - [MESSAGE][PASSED] - Text ')$%5srZ8o688Dm#q' is set on object 'Object Repository/Страница авторизации/input__password'

31-03-2025T11:20:30 - [TEST_STEP][PASSED] - click(findTestObject("Страница авторизации/button_")): Object: 'Object Repository/Страница авторизации/button_' is clicked on

31-03-2025T11:20:32 - [MESSAGE][PASSED] - Object: 'Object Repository/Страница авторизации/button_' is clicked on

31-03-2025T11:20:32 - [TEST_STEP][PASSED] - delay(45): Delayed 45 second(s)

31-03-2025T11:21:17 - [MESSAGE][PASSED] - Delayed 45 second(s)

31-03-2025T11:21:17 - [TEST_STEP][PASSED] - urlText = getText(findTestObject("Страница авторизации/Text")): Text of object 'Object Repository/Страница авторизации/Text' is: 'Период
Январь, Февраль 2025 года
Выручка
Все
Выполнение плановых показателей по ПАО Россети за Январь, Февраль 2025 года
План
Факт
Динамика
2025 год
0 млн.руб.
25 000 млн.руб.
50 000 млн.руб.
75 000 млн.руб.
100 000 млн.руб.
125 000 млн.руб.
150 000 млн.руб.
175 000 млн.руб.
200 000 млн.руб.
225 000 млн.руб.
250 000 млн.руб.
275 000 млн.руб.
300 000 млн.руб.
325 000 млн.руб.
350 000 млн.руб.
375 000 млн.руб.
318 025
284 426
↓
ДЗО 
ПАО Россети
Внутренний оборот - выручка за услуги по передаче электрической энергии, учтенная в выручке за электроэнергию для конечных потребителей, при выполнении ДЗО функций гарантирующего поставщика
Подписи данных
⬤Отклонение
АО "РЭС"
АО «Тываэнерго»
АО «Чеченэнерго»
Россети Волга
Россети Кубань
Россети Ленэнерго (ГК)
Россети Московский регион
Россети Северный Кавказ (ГК)
Россети Северо-Запад
Россети Сибирь (ГК)
Россети Томск
Россети Тюмень
Россети Урал (ГК)
Россети ФСК ЕЭС
Россети Центр
Россети Центр и Приволжье (ГК)
Россети Юг (ГК)
Россети Янтарь
-30 000млн.руб.
-25 000млн.руб.
-20 000млн.руб.
-15 000млн.руб.
-10 000млн.руб.
-5 000млн.руб.
0 млн.руб.
5 00…
-170
27
-76
-270
552
-244
-1 353
-805
-232
848
-47
-1 858
-701
-28 384
-520
-484
68
50
млн.
%
Выручка
Отклонение выручки по ПАО Россети за Январь, Февраль 2025 года (факт/план, млн. руб)
ПАО Россети
-33 598.6 млн.руб.
 '

31-03-2025T11:21:17 - [MESSAGE][PASSED] - Text of object 'Object Repository/Страница авторизации/Text' is: 'Период
Январь, Февраль 2025 года
Выручка
Все
Выполнение плановых показателей по ПАО Россети за Январь, Февраль 2025 года
План
Факт
Динамика
2025 год
0 млн.руб.
25 000 млн.руб.
50 000 млн.руб.
75 000 млн.руб.
100 000 млн.руб.
125 000 млн.руб.
150 000 млн.руб.
175 000 млн.руб.
200 000 млн.руб.
225 000 млн.руб.
250 000 млн.руб.
275 000 млн.руб.
300 000 млн.руб.
325 000 млн.руб.
350 000 млн.руб.
375 000 млн.руб.
318 025
284 426
↓
ДЗО 
ПАО Россети
Внутренний оборот - выручка за услуги по передаче электрической энергии, учтенная в выручке за электроэнергию для конечных потребителей, при выполнении ДЗО функций гарантирующего поставщика
Подписи данных
⬤Отклонение
АО "РЭС"
АО «Тываэнерго»
АО «Чеченэнерго»
Россети Волга
Россети Кубань
Россети Ленэнерго (ГК)
Россети Московский регион
Россети Северный Кавказ (ГК)
Россети Северо-Запад
Россети Сибирь (ГК)
Россети Томск
Россети Тюмень
Россети Урал (ГК)
Россети ФСК ЕЭС
Россети Центр
Россети Центр и Приволжье (ГК)
Россети Юг (ГК)
Россети Янтарь
-30 000млн.руб.
-25 000млн.руб.
-20 000млн.руб.
-15 000млн.руб.
-10 000млн.руб.
-5 000млн.руб.
0 млн.руб.
5 00…
-170
27
-76
-270
552
-244
-1 353
-805
-232
848
-47
-1 858
-701
-28 384
-520
-484
68
50
млн.
%
Выручка
Отклонение выручки по ПАО Россети за Январь, Февраль 2025 года (факт/план, млн. руб)
ПАО Россети
-33 598.6 млн.руб.
 '

31-03-2025T11:21:17 - [TEST_STEP][PASSED] - searchWord = "а": null

31-03-2025T11:21:17 - [TEST_STEP][PASSED] - if (urlText.contains("ошибка") || urlText.contains(searchWord) == false): null

31-03-2025T11:21:17 - [TEST_STEP][PASSED] - delay(45): Delayed 45 second(s)

31-03-2025T11:22:02 - [MESSAGE][PASSED] - Delayed 45 second(s)

31-03-2025T11:22:02 - [TEST_STEP][PASSED] - if (block == 2): null

31-03-2025T11:22:02 - [TEST_STEP][PASSED] - click(findTestObject("Выручка в рублях/Фильтр Период" + nameOfBlock)): Object: 'Object Repository/Выручка в рублях/Фильтр Период' is clicked on

31-03-2025T11:22:03 - [MESSAGE][PASSED] - Object: 'Object Repository/Выручка в рублях/Фильтр Период' is clicked on

31-03-2025T11:22:03 - [TEST_STEP][PASSED] - click(findTestObject("Выручка в рублях/Снять выделение в фильтре Дата" + nameOfBlock)): Object: 'Object Repository/Выручка в рублях/Снять выделение в фильтре Дата' is clicked on

31-03-2025T11:22:03 - [MESSAGE][PASSED] - Object: 'Object Repository/Выручка в рублях/Снять выделение в фильтре Дата' is clicked on

31-03-2025T11:22:03 - [TEST_STEP][PASSED] - click(findTestObject("Выручка в рублях/Применить в фильтре Дата" + nameOfBlock)): Object: 'Object Repository/Выручка в рублях/Применить в фильтре Дата' is clicked on

31-03-2025T11:22:04 - [MESSAGE][PASSED] - Object: 'Object Repository/Выручка в рублях/Применить в фильтре Дата' is clicked on

31-03-2025T11:22:04 - [TEST_STEP][PASSED] - delay(50): Delayed 50 second(s)

31-03-2025T11:22:54 - [MESSAGE][PASSED] - Delayed 50 second(s)

31-03-2025T11:22:54 - [TEST_STEP][PASSED] - click(findTestObject("Выручка в рублях/Фильтр Период" + nameOfBlock)): Object: 'Object Repository/Выручка в рублях/Фильтр Период' is clicked on

31-03-2025T11:22:54 - [MESSAGE][PASSED] - Object: 'Object Repository/Выручка в рублях/Фильтр Период' is clicked on

31-03-2025T11:22:54 - [TEST_STEP][PASSED] - click(findTestObject("Выручка в рублях/Снять выделение в фильтре Дата" + nameOfBlock)): Object: 'Object Repository/Выручка в рублях/Снять выделение в фильтре Дата' is clicked on

31-03-2025T11:22:55 - [MESSAGE][PASSED] - Object: 'Object Repository/Выручка в рублях/Снять выделение в фильтре Дата' is clicked on

31-03-2025T11:22:55 - [TEST_STEP][PASSED] - scrollToElement(findTestObject("Выручка в рублях/2025 список" + nameOfBlock), 30): Scroll to object 'Object Repository/Выручка в рублях/2025 список' successfully

31-03-2025T11:22:55 - [MESSAGE][PASSED] - Scroll to object 'Object Repository/Выручка в рублях/2025 список' successfully

31-03-2025T11:22:55 - [TEST_STEP][PASSED] - click(findTestObject("Выручка в рублях/2025 список" + nameOfBlock)): Object: 'Object Repository/Выручка в рублях/2025 список' is clicked on

31-03-2025T11:22:55 - [MESSAGE][PASSED] - Object: 'Object Repository/Выручка в рублях/2025 список' is clicked on

31-03-2025T11:22:55 - [TEST_STEP][PASSED] - scrollToElement(findTestObject("Выручка в рублях/1 квартал 2025 список Выручка"), 30): Scroll to object 'Object Repository/Выручка в рублях/1 квартал 2025 список Выручка' successfully

31-03-2025T11:22:56 - [MESSAGE][PASSED] - Scroll to object 'Object Repository/Выручка в рублях/1 квартал 2025 список Выручка' successfully

31-03-2025T11:22:56 - [TEST_STEP][PASSED] - click(findTestObject("Выручка в рублях/1 квартал 2025 список" + nameOfBlock)): Object: 'Object Repository/Выручка в рублях/1 квартал 2025 список' is clicked on

31-03-2025T11:22:56 - [MESSAGE][PASSED] - Object: 'Object Repository/Выручка в рублях/1 квартал 2025 список' is clicked on

31-03-2025T11:22:56 - [TEST_STEP][PASSED] - scrollToElement(findTestObject("Выручка в рублях/Январь 2025" + nameOfBlock), 30): Scroll to object 'Object Repository/Выручка в рублях/Январь 2025' successfully

31-03-2025T11:22:56 - [MESSAGE][PASSED] - Scroll to object 'Object Repository/Выручка в рублях/Январь 2025' successfully

31-03-2025T11:22:56 - [TEST_STEP][PASSED] - click(findTestObject("Выручка в рублях/Январь 2025" + nameOfBlock)): Object: 'Object Repository/Выручка в рублях/Январь 2025' is clicked on

31-03-2025T11:22:57 - [MESSAGE][PASSED] - Object: 'Object Repository/Выручка в рублях/Январь 2025' is clicked on

31-03-2025T11:22:57 - [TEST_STEP][PASSED] - scrollToElement(findTestObject("Выручка в рублях/Февраль 2025" + nameOfBlock), 30): Scroll to object 'Object Repository/Выручка в рублях/Февраль 2025' successfully

31-03-2025T11:22:57 - [MESSAGE][PASSED] - Scroll to object 'Object Repository/Выручка в рублях/Февраль 2025' successfully

31-03-2025T11:22:57 - [TEST_STEP][PASSED] - click(findTestObject("Выручка в рублях/Февраль 2025" + nameOfBlock)): Object: 'Object Repository/Выручка в рублях/Февраль 2025' is clicked on

31-03-2025T11:22:58 - [MESSAGE][PASSED] - Object: 'Object Repository/Выручка в рублях/Февраль 2025' is clicked on

31-03-2025T11:22:58 - [TEST_STEP][PASSED] - scrollToElement(findTestObject("Выручка в рублях/Заголовок дашборда" + nameOfBlock), 30): Scroll to object 'Object Repository/Выручка в рублях/Заголовок дашборда' successfully

31-03-2025T11:22:58 - [MESSAGE][PASSED] - Scroll to object 'Object Repository/Выручка в рублях/Заголовок дашборда' successfully

31-03-2025T11:22:58 - [TEST_STEP][PASSED] - click(findTestObject("Выручка в рублях/Применить в фильтре Дата" + nameOfBlock)): Object: 'Object Repository/Выручка в рублях/Применить в фильтре Дата' is clicked on

31-03-2025T11:22:59 - [MESSAGE][PASSED] - Object: 'Object Repository/Выручка в рублях/Применить в фильтре Дата' is clicked on

31-03-2025T11:22:59 - [TEST_STEP][PASSED] - delay(55): Delayed 55 second(s)

31-03-2025T11:23:54 - [MESSAGE][PASSED] - Delayed 55 second(s)

31-03-2025T11:23:54 - [TEST_STEP][PASSED] - click(findTestObject("Выручка в рублях/Фильтр ДЗО" + nameOfBlock)): Object: 'Object Repository/Выручка в рублях/Фильтр ДЗО' is clicked on

31-03-2025T11:23:54 - [MESSAGE][PASSED] - Object: 'Object Repository/Выручка в рублях/Фильтр ДЗО' is clicked on

31-03-2025T11:23:54 - [TEST_STEP][PASSED] - click(findTestObject("Выручка в рублях/Снять выделение в фильтре ДЗО" + nameOfBlock)): Object: 'Object Repository/Выручка в рублях/Снять выделение в фильтре ДЗО' is clicked on

31-03-2025T11:23:55 - [MESSAGE][PASSED] - Object: 'Object Repository/Выручка в рублях/Снять выделение в фильтре ДЗО' is clicked on

31-03-2025T11:23:55 - [TEST_STEP][PASSED] - click(findTestObject("Выручка в рублях/Применить в фильтре ДЗО" + nameOfBlock)): Object: 'Object Repository/Выручка в рублях/Применить в фильтре ДЗО' is clicked on

31-03-2025T11:23:55 - [MESSAGE][PASSED] - Object: 'Object Repository/Выручка в рублях/Применить в фильтре ДЗО' is clicked on

31-03-2025T11:23:55 - [TEST_STEP][PASSED] - delay(50): Delayed 50 second(s)

31-03-2025T11:24:45 - [MESSAGE][PASSED] - Delayed 50 second(s)

31-03-2025T11:24:45 - [TEST_STEP][PASSED] - Script1742558545601.Tumbler(run, vir, block, nameOfBlock): null

31-03-2025T11:24:45 - [TEST_STEP][PASSED] - println("run:" + run): null

31-03-2025T11:24:45 - [TEST_STEP][PASSED] - println("vir:" + vir): null

31-03-2025T11:24:45 - [TEST_STEP][PASSED] - println("block:" + block): null

31-03-2025T11:24:45 - [TEST_STEP][PASSED] - println("nameOfBlock:" + nameOfBlock): null

31-03-2025T11:24:45 - [TEST_STEP][PASSED] - if (vir == 1): null

31-03-2025T11:24:45 - [TEST_STEP][PASSED] - else if (vir == 2): Object: 'Object Repository/Выручка в рублях/Применить в фильтре Выручка' is clicked on

31-03-2025T11:24:45 - [TEST_STEP][PASSED] - if (run == 2): Object: 'Object Repository/Выручка в рублях/Переключить отображение с млн на проценты Выручка в рублях' is clicked on

31-03-2025T11:24:45 - [TEST_STEP][PASSED] - click(findTestObject("Выручка в рублях/Переключить отображение с млн на проценты Выручка в рублях" + nameOfBlock)): Object: 'Object Repository/Выручка в рублях/Переключить отображение с млн на проценты Выручка в рублях' is clicked on

31-03-2025T11:24:46 - [MESSAGE][PASSED] - Object: 'Object Repository/Выручка в рублях/Переключить отображение с млн на проценты Выручка в рублях' is clicked on

31-03-2025T11:24:46 - [TEST_STEP][PASSED] - click(findTestObject("Выручка в рублях/Фильтр Выручка" + nameOfBlock)): Object: 'Object Repository/Выручка в рублях/Фильтр Выручка' is clicked on

31-03-2025T11:24:46 - [MESSAGE][PASSED] - Object: 'Object Repository/Выручка в рублях/Фильтр Выручка' is clicked on

31-03-2025T11:24:46 - [TEST_STEP][PASSED] - click(findTestObject("Выручка в рублях/Итого в фильтре Выручка" + nameOfBlock)): Object: 'Object Repository/Выручка в рублях/Итого в фильтре Выручка' is clicked on

31-03-2025T11:24:46 - [MESSAGE][PASSED] - Object: 'Object Repository/Выручка в рублях/Итого в фильтре Выручка' is clicked on

31-03-2025T11:24:46 - [TEST_STEP][PASSED] - click(findTestObject("Выручка в рублях/Применить в фильтре Выручка" + nameOfBlock)): Object: 'Object Repository/Выручка в рублях/Применить в фильтре Выручка' is clicked on

31-03-2025T11:24:47 - [MESSAGE][PASSED] - Object: 'Object Repository/Выручка в рублях/Применить в фильтре Выручка' is clicked on

31-03-2025T11:24:47 - [TEST_STEP][PASSED] - click(findTestObject("Выручка в рублях/Фильтр ДЗО" + nameOfBlock)): Object: 'Object Repository/Выручка в рублях/Фильтр ДЗО' is clicked on

31-03-2025T11:24:48 - [MESSAGE][PASSED] - Object: 'Object Repository/Выручка в рублях/Фильтр ДЗО' is clicked on

31-03-2025T11:24:48 - [TEST_STEP][PASSED] - Script1742558545601.Rosseti(nameOfBlock): null

31-03-2025T11:24:48 - [TEST_STEP][PASSED] - println("nameOfBlock:" + nameOfBlock): null

31-03-2025T11:24:48 - [TEST_STEP][PASSED] - click(findTestObject("Выручка в рублях/ПАО Россети" + nameOfBlock)): Object: 'Object Repository/Выручка в рублях/ПАО Россети' is clicked on

31-03-2025T11:24:49 - [MESSAGE][PASSED] - Object: 'Object Repository/Выручка в рублях/ПАО Россети' is clicked on

31-03-2025T11:24:49 - [TEST_STEP][PASSED] - click(findTestObject("Выручка в рублях/Применить в фильтре ДЗО" + nameOfBlock)): Object: 'Object Repository/Выручка в рублях/Применить в фильтре ДЗО' is clicked on

31-03-2025T11:24:50 - [MESSAGE][PASSED] - Object: 'Object Repository/Выручка в рублях/Применить в фильтре ДЗО' is clicked on

31-03-2025T11:24:50 - [TEST_STEP][PASSED] - if (run == 2): null

31-03-2025T11:24:50 - [TEST_STEP][PASSED] - perc = " Perc": null

31-03-2025T11:24:50 - [TEST_STEP][PASSED] - if (vir == 1 || vir == 2): Text of object 'Object Repository/Выручка в рублях/График План' is: '312 362'

31-03-2025T11:24:50 - [TEST_STEP][PASSED] - a1 = getText(findTestObject("Выручка в рублях/График План")): Text of object 'Object Repository/Выручка в рублях/График План' is: '312 362'

31-03-2025T11:24:51 - [MESSAGE][PASSED] - Text of object 'Object Repository/Выручка в рублях/График План' is: '312 362'

31-03-2025T11:24:51 - [TEST_STEP][PASSED] - if (vir == 1 || vir == 2): Text of object 'Object Repository/Выручка в рублях/График Факт' is: '279 580'

31-03-2025T11:24:51 - [TEST_STEP][PASSED] - a2 = getText(findTestObject("Выручка в рублях/График Факт")): Text of object 'Object Repository/Выручка в рублях/График Факт' is: '279 580'

31-03-2025T11:24:51 - [MESSAGE][PASSED] - Text of object 'Object Repository/Выручка в рублях/График Факт' is: '279 580'

31-03-2025T11:24:51 - [TEST_STEP][PASSED] - a30 = getText(findTestObject("Выручка в рублях/span1" + perc)): Text of object 'Object Repository/Выручка в рублях/span1 Perc' is: '-10.49 %'

31-03-2025T11:24:51 - [MESSAGE][PASSED] - Text of object 'Object Repository/Выручка в рублях/span1 Perc' is: '-10.49 %'

31-03-2025T11:24:51 - [TEST_STEP][PASSED] - i = a30.indexOf("млн.руб."): null

31-03-2025T11:24:51 - [TEST_STEP][PASSED] - if (i > -1): null

31-03-2025T11:24:51 - [TEST_STEP][PASSED] - if (a30.contains("%")): null

31-03-2025T11:24:51 - [TEST_STEP][PASSED] - a30 = a30.replaceAll("%", ""): null

31-03-2025T11:24:51 - [TEST_STEP][PASSED] - a30 = ").trim(): null

31-03-2025T11:24:51 - [TEST_STEP][PASSED] - println("a30: " + a30): null

31-03-2025T11:24:51 - [TEST_STEP][PASSED] - if (vir == 1): null

31-03-2025T11:24:51 - [TEST_STEP][PASSED] - else if (vir == 2): Text of object 'Object Repository/Выручка в рублях/span18 Perc' is: '2.48 %'

31-03-2025T11:24:51 - [TEST_STEP][PASSED] - a31 = ").trim(): Text of object 'Object Repository/Выручка в рублях/span2 Perc' is: '-3.76 %'

31-03-2025T11:24:51 - [MESSAGE][PASSED] - Text of object 'Object Repository/Выручка в рублях/span2 Perc' is: '-3.76 %'

31-03-2025T11:24:51 - [TEST_STEP][PASSED] - a32 = ").trim(): Text of object 'Object Repository/Выручка в рублях/span3 Perc' is: '-0.2 %'

31-03-2025T11:24:52 - [MESSAGE][PASSED] - Text of object 'Object Repository/Выручка в рублях/span3 Perc' is: '-0.2 %'

31-03-2025T11:24:52 - [TEST_STEP][PASSED] - a34 = ").trim(): Text of object 'Object Repository/Выручка в рублях/span4 Perc' is: '-1.27 %'

31-03-2025T11:24:52 - [MESSAGE][PASSED] - Text of object 'Object Repository/Выручка в рублях/span4 Perc' is: '-1.27 %'

31-03-2025T11:24:52 - [TEST_STEP][PASSED] - a35 = ").trim(): Text of object 'Object Repository/Выручка в рублях/span5 Perc' is: '3.73 %'

31-03-2025T11:24:52 - [MESSAGE][PASSED] - Text of object 'Object Repository/Выручка в рублях/span5 Perc' is: '3.73 %'

31-03-2025T11:24:52 - [TEST_STEP][PASSED] - a36 = ").trim(): Text of object 'Object Repository/Выручка в рублях/span6 Perc' is: '-1.07 %'

31-03-2025T11:24:53 - [MESSAGE][PASSED] - Text of object 'Object Repository/Выручка в рублях/span6 Perc' is: '-1.07 %'

31-03-2025T11:24:53 - [TEST_STEP][PASSED] - a37 = ").trim(): Text of object 'Object Repository/Выручка в рублях/span7 Perc' is: '-3.07 %'

31-03-2025T11:24:53 - [MESSAGE][PASSED] - Text of object 'Object Repository/Выручка в рублях/span7 Perc' is: '-3.07 %'

31-03-2025T11:24:53 - [TEST_STEP][PASSED] - a38 = ").trim(): Text of object 'Object Repository/Выручка в рублях/span8 Perc' is: '-0.82 %'

31-03-2025T11:24:53 - [MESSAGE][PASSED] - Text of object 'Object Repository/Выручка в рублях/span8 Perc' is: '-0.82 %'

31-03-2025T11:24:53 - [TEST_STEP][PASSED] - a39 = ").trim(): Text of object 'Object Repository/Выручка в рублях/span9 Perc' is: '-1.71 %'

31-03-2025T11:24:53 - [MESSAGE][PASSED] - Text of object 'Object Repository/Выручка в рублях/span9 Perc' is: '-1.71 %'

31-03-2025T11:24:53 - [TEST_STEP][PASSED] - a310 = ").trim(): Text of object 'Object Repository/Выручка в рублях/span10 Perc' is: '3.95 %'

31-03-2025T11:24:54 - [MESSAGE][PASSED] - Text of object 'Object Repository/Выручка в рублях/span10 Perc' is: '3.95 %'

31-03-2025T11:24:54 - [TEST_STEP][PASSED] - a311 = ").trim(): Text of object 'Object Repository/Выручка в рублях/span11 Perc' is: '-2.24 %'

31-03-2025T11:24:54 - [MESSAGE][PASSED] - Text of object 'Object Repository/Выручка в рублях/span11 Perc' is: '-2.24 %'

31-03-2025T11:24:54 - [TEST_STEP][PASSED] - a312 = ").trim(): Text of object 'Object Repository/Выручка в рублях/span12 Perc' is: '-9.45 %'

31-03-2025T11:24:54 - [MESSAGE][PASSED] - Text of object 'Object Repository/Выручка в рублях/span12 Perc' is: '-9.45 %'

31-03-2025T11:24:54 - [TEST_STEP][PASSED] - a313 = ").trim(): Text of object 'Object Repository/Выручка в рублях/span13 Perc' is: '-3.3 %'

31-03-2025T11:24:55 - [MESSAGE][PASSED] - Text of object 'Object Repository/Выручка в рублях/span13 Perc' is: '-3.3 %'

31-03-2025T11:24:55 - [TEST_STEP][PASSED] - a314 = ").trim(): Text of object 'Object Repository/Выручка в рублях/span14 Perc' is: '-50.04 %'

31-03-2025T11:24:55 - [MESSAGE][PASSED] - Text of object 'Object Repository/Выручка в рублях/span14 Perc' is: '-50.04 %'

31-03-2025T11:24:55 - [TEST_STEP][PASSED] - a315 = ").trim(): Text of object 'Object Repository/Выручка в рублях/span15 Perc' is: '-2.12 %'

31-03-2025T11:24:55 - [MESSAGE][PASSED] - Text of object 'Object Repository/Выручка в рублях/span15 Perc' is: '-2.12 %'

31-03-2025T11:24:55 - [TEST_STEP][PASSED] - a316 = ").trim(): Text of object 'Object Repository/Выручка в рублях/span16 Perc' is: '-1.84 %'

31-03-2025T11:24:55 - [MESSAGE][PASSED] - Text of object 'Object Repository/Выручка в рублях/span16 Perc' is: '-1.84 %'

31-03-2025T11:24:55 - [TEST_STEP][PASSED] - a317 = ").trim(): Text of object 'Object Repository/Выручка в рублях/span17 Perc' is: '0.49 %'

31-03-2025T11:24:56 - [MESSAGE][PASSED] - Text of object 'Object Repository/Выручка в рублях/span17 Perc' is: '0.49 %'

31-03-2025T11:24:56 - [TEST_STEP][PASSED] - a318 = ").trim(): Text of object 'Object Repository/Выручка в рублях/span18 Perc' is: '2.48 %'

31-03-2025T11:24:56 - [MESSAGE][PASSED] - Text of object 'Object Repository/Выручка в рублях/span18 Perc' is: '2.48 %'

31-03-2025T11:24:56 - [TEST_STEP][PASSED] - block = 2: null

31-03-2025T11:24:56 - [TEST_STEP][PASSED] - nameOfBlock = " Выручка": null

31-03-2025T11:24:56 - [TEST_STEP][PASSED] - Script1742558545601.PreSettings(run, vir, block, nameOfBlock, typeOfData, todaysDate): null

31-03-2025T11:24:56 - [TEST_STEP][PASSED] - openBrowser(""): Browser is opened with url: ''

31-03-2025T11:24:56 - [MESSAGE][WARNING] - A browser is already opened. Closing browser and opening a new one

31-03-2025T11:24:56 - [MESSAGE][INFO] - Starting 'Chrome' driver

31-03-2025T11:24:56 - [MESSAGE][INFO] - Action delay is set to 0 milliseconds

31-03-2025T11:24:57 - [MESSAGE][PASSED] - Browser is opened with url: ''

31-03-2025T11:24:57 - [TEST_STEP][PASSED] - refresh(): Refresh successfully

31-03-2025T11:24:57 - [MESSAGE][PASSED] - Refresh successfully

31-03-2025T11:24:57 - [TEST_STEP][PASSED] - delay(50): Delayed 50 second(s)

31-03-2025T11:25:47 - [MESSAGE][PASSED] - Delayed 50 second(s)

31-03-2025T11:25:47 - [TEST_STEP][PASSED] - println("run:" + run): null

31-03-2025T11:25:47 - [TEST_STEP][PASSED] - println("vir:" + vir): null

31-03-2025T11:25:47 - [TEST_STEP][PASSED] - println("block:" + block): null

31-03-2025T11:25:47 - [TEST_STEP][PASSED] - if (block == 1): null

31-03-2025T11:25:47 - [TEST_STEP][PASSED] - else: null

31-03-2025T11:25:47 - [TEST_STEP][PASSED] - nameOfBlock = " Выручка": null

31-03-2025T11:25:47 - [TEST_STEP][PASSED] - println("nameOfBlock:" + nameOfBlock): null

31-03-2025T11:25:47 - [TEST_STEP][PASSED] - println("typeOfData:" + typeOfData): null

31-03-2025T11:25:47 - [TEST_STEP][PASSED] - println("todaysDate:" + todaysDate): null

31-03-2025T11:25:47 - [TEST_STEP][PASSED] - Script1742558545601.Autorization(block, nameOfBlock): null

31-03-2025T11:25:47 - [TEST_STEP][PASSED] - i = <not implemented yet for class: org.codehaus.groovy.ast.expr.EmptyExpression>: null

31-03-2025T11:25:47 - [TEST_STEP][PASSED] - ii = <not implemented yet for class: org.codehaus.groovy.ast.expr.EmptyExpression>: null

31-03-2025T11:25:47 - [TEST_STEP][PASSED] - urlData = <not implemented yet for class: org.codehaus.groovy.ast.expr.EmptyExpression>: null

31-03-2025T11:25:47 - [TEST_STEP][PASSED] - searchWord = <not implemented yet for class: org.codehaus.groovy.ast.expr.EmptyExpression>: null

31-03-2025T11:25:47 - [TEST_STEP][PASSED] - urlText = <not implemented yet for class: org.codehaus.groovy.ast.expr.EmptyExpression>: null

31-03-2025T11:25:47 - [TEST_STEP][PASSED] - println("block:" + block): null

31-03-2025T11:25:47 - [TEST_STEP][PASSED] - if (block == 1): null

31-03-2025T11:25:47 - [TEST_STEP][PASSED] - else: null

31-03-2025T11:25:47 - [TEST_STEP][PASSED] - delay(45): Delayed 45 second(s)

31-03-2025T11:26:32 - [MESSAGE][PASSED] - Delayed 45 second(s)

31-03-2025T11:26:32 - [TEST_STEP][PASSED] - nameOfBlock = " Выручка": null

31-03-2025T11:26:32 - [TEST_STEP][PASSED] - println("nameOfBlock:" + nameOfBlock): null

31-03-2025T11:26:32 - [TEST_STEP][PASSED] - if (block == 1): null

31-03-2025T11:26:32 - [TEST_STEP][PASSED] - else: Delayed 45 second(s)

31-03-2025T11:26:32 - [TEST_STEP][PASSED] - urlData = 9: null

31-03-2025T11:26:32 - [TEST_STEP][PASSED] - delay(45): Delayed 45 second(s)

31-03-2025T11:27:17 - [MESSAGE][PASSED] - Delayed 45 second(s)

31-03-2025T11:27:17 - [TEST_STEP][PASSED] - navigateToUrl(findTestData("PlanFact").getValue(10, urlData)): Navigate to 'https://bi.rosseti.digital/viewer?dashboardGuid=a1fd28b3785d443cbc4d7690a1d78e31&sheetGuid=86092a20c5984827a0c87b24cac76a50&fit=true' successfully

31-03-2025T11:27:22 - [MESSAGE][PASSED] - Navigate to 'https://bi.rosseti.digital/viewer?dashboardGuid=a1fd28b3785d443cbc4d7690a1d78e31&sheetGuid=86092a20c5984827a0c87b24cac76a50&fit=true' successfully

31-03-2025T11:27:22 - [TEST_STEP][PASSED] - urlText = getText(findTestObject("Страница авторизации/Text")): Text of object 'Object Repository/Страница авторизации/Text' is: 'Вход'

31-03-2025T11:27:22 - [MESSAGE][PASSED] - Text of object 'Object Repository/Страница авторизации/Text' is: 'Вход'

31-03-2025T11:27:22 - [TEST_STEP][PASSED] - searchWord = "Вход": null

31-03-2025T11:27:22 - [TEST_STEP][PASSED] - if (urlText == null || urlText.contains("ошибка") || urlText.contains(searchWord) == false): null

31-03-2025T11:27:22 - [TEST_STEP][PASSED] - if (verifyElementPresent(findTestObject("Страница авторизации/button_"), 30) == true): null

31-03-2025T11:27:22 - [MESSAGE][PASSED] - Object 'Object Repository/Страница авторизации/button_' is present

31-03-2025T11:27:22 - [TEST_STEP][PASSED] - setText(findTestObject("Страница авторизации/input__username"), findTestData("PlanFact").getValue(8, 1)): Text 'liazgina-di' is set on object 'Object Repository/Страница авторизации/input__username'

31-03-2025T11:27:23 - [MESSAGE][PASSED] - Text 'liazgina-di' is set on object 'Object Repository/Страница авторизации/input__username'

31-03-2025T11:27:23 - [TEST_STEP][PASSED] - setText(findTestObject("Страница авторизации/input__password"), findTestData("PlanFact").getValue(9, 1)): Text ')$%5srZ8o688Dm#q' is set on object 'Object Repository/Страница авторизации/input__password'

31-03-2025T11:27:24 - [MESSAGE][PASSED] - Text ')$%5srZ8o688Dm#q' is set on object 'Object Repository/Страница авторизации/input__password'

31-03-2025T11:27:24 - [TEST_STEP][PASSED] - click(findTestObject("Страница авторизации/button_")): Object: 'Object Repository/Страница авторизации/button_' is clicked on

31-03-2025T11:27:25 - [MESSAGE][PASSED] - Object: 'Object Repository/Страница авторизации/button_' is clicked on

31-03-2025T11:27:25 - [TEST_STEP][PASSED] - delay(45): Delayed 45 second(s)

31-03-2025T11:28:10 - [MESSAGE][PASSED] - Delayed 45 second(s)

31-03-2025T11:28:10 - [TEST_STEP][PASSED] - urlText = getText(findTestObject("Страница авторизации/Text")): Text of object 'Object Repository/Страница авторизации/Text' is: 'Период
Выбрано: 2
Выручка
Все
Выполнение плановых показателей, млн.руб.
План
Факт
Динамика
2025 год
0 млн.руб.
50 000 млн.руб.
100 000 млн.руб.
150 000 млн.руб.
200 000 млн.руб.
250 000 млн.руб.
300 000 млн.руб.
350 000 млн.руб.
400 000 млн.руб.
318 025
284 426
↓
ДЗО 
Все
Подписи данных
⬤Отклонение
АО "РЭС"
АО «Тываэнерго»
АО «Чеченэнерго»
Россети Волга
Россети Кубань
Россети Ленэнерго (ГК)
Россети Московский регион
Россети Северный Кавказ (ГК)
Россети Северо-Запад
Россети Сибирь (ГК)
Россети Томск
Россети Тюмень
Россети Урал (ГК)
Россети ФСК ЕЭС
Россети Центр
Россети Центр и Приволжье (ГК)
Россети Юг (ГК)
Россети Янтарь
-30 000 млн.руб.
-27 500 млн.руб.
-25 000 млн.руб.
-22 500 млн.руб.
-20 000 млн.руб.
-17 500 млн.руб.
-15 000 млн.руб.
-12 500 млн.руб.
-10 000 млн.руб.
-7 500 млн.руб.
-5 000 млн.руб.
-2 500 млн.руб.
0 млн.руб.
2 500 млн.руб.
-170
27
-76
-270
552
-244
-1 353
-805
-232
848
-47
-1 858
-701
-28 384
-520
-484
68
50
млн.
%
Выручка
Отклонение выручки (факт/план, млн. руб) 
ПАО Россети
-33 598.6 млн.руб.
Статус данных
×
Просьба обратить внимание
Данные занесены не полностью
ВЫБРАННЫЕ ЗНАЧЕНИЯ ФИЛЬТРОВ
ДЗО | ПЕРИОД
ПАО Россети: [«Выбраны все филиалы по всем ДЗО по всем категориям»]
2025: [Янв, Фев]
*Внутренний оборот'

31-03-2025T11:28:11 - [MESSAGE][PASSED] - Text of object 'Object Repository/Страница авторизации/Text' is: 'Период
Выбрано: 2
Выручка
Все
Выполнение плановых показателей, млн.руб.
План
Факт
Динамика
2025 год
0 млн.руб.
50 000 млн.руб.
100 000 млн.руб.
150 000 млн.руб.
200 000 млн.руб.
250 000 млн.руб.
300 000 млн.руб.
350 000 млн.руб.
400 000 млн.руб.
318 025
284 426
↓
ДЗО 
Все
Подписи данных
⬤Отклонение
АО "РЭС"
АО «Тываэнерго»
АО «Чеченэнерго»
Россети Волга
Россети Кубань
Россети Ленэнерго (ГК)
Россети Московский регион
Россети Северный Кавказ (ГК)
Россети Северо-Запад
Россети Сибирь (ГК)
Россети Томск
Россети Тюмень
Россети Урал (ГК)
Россети ФСК ЕЭС
Россети Центр
Россети Центр и Приволжье (ГК)
Россети Юг (ГК)
Россети Янтарь
-30 000 млн.руб.
-27 500 млн.руб.
-25 000 млн.руб.
-22 500 млн.руб.
-20 000 млн.руб.
-17 500 млн.руб.
-15 000 млн.руб.
-12 500 млн.руб.
-10 000 млн.руб.
-7 500 млн.руб.
-5 000 млн.руб.
-2 500 млн.руб.
0 млн.руб.
2 500 млн.руб.
-170
27
-76
-270
552
-244
-1 353
-805
-232
848
-47
-1 858
-701
-28 384
-520
-484
68
50
млн.
%
Выручка
Отклонение выручки (факт/план, млн. руб) 
ПАО Россети
-33 598.6 млн.руб.
Статус данных
×
Просьба обратить внимание
Данные занесены не полностью
ВЫБРАННЫЕ ЗНАЧЕНИЯ ФИЛЬТРОВ
ДЗО | ПЕРИОД
ПАО Россети: [«Выбраны все филиалы по всем ДЗО по всем категориям»]
2025: [Янв, Фев]
*Внутренний оборот'

31-03-2025T11:28:11 - [TEST_STEP][PASSED] - searchWord = "а": null

31-03-2025T11:28:11 - [TEST_STEP][PASSED] - if (urlText.contains("ошибка") || urlText.contains(searchWord) == false): null

31-03-2025T11:28:11 - [TEST_STEP][PASSED] - delay(45): Delayed 45 second(s)

31-03-2025T11:28:56 - [MESSAGE][PASSED] - Delayed 45 second(s)

31-03-2025T11:28:56 - [TEST_STEP][PASSED] - if (block == 2): Delayed 50 second(s)

31-03-2025T11:28:56 - [TEST_STEP][PASSED] - opoveshenie = getText(findTestObject("Выручка в рублях/Просьба обратить внимание")): Text of object 'Object Repository/Выручка в рублях/Просьба обратить внимание' is: 'Просьба обратить внимание'

31-03-2025T11:28:56 - [MESSAGE][PASSED] - Text of object 'Object Repository/Выручка в рублях/Просьба обратить внимание' is: 'Просьба обратить внимание'

31-03-2025T11:28:56 - [TEST_STEP][PASSED] - if (opoveshenie == "Просьба обратить внимание"): Delayed 50 second(s)

31-03-2025T11:28:56 - [TEST_STEP][PASSED] - click(findTestObject("Выручка в рублях/Закрыть оповещение")): Object: 'Object Repository/Выручка в рублях/Закрыть оповещение' is clicked on

31-03-2025T11:28:57 - [MESSAGE][PASSED] - Object: 'Object Repository/Выручка в рублях/Закрыть оповещение' is clicked on

31-03-2025T11:28:57 - [TEST_STEP][PASSED] - delay(50): Delayed 50 second(s)

31-03-2025T11:29:47 - [MESSAGE][PASSED] - Delayed 50 second(s)

31-03-2025T11:29:47 - [TEST_STEP][PASSED] - click(findTestObject("Выручка в рублях/Фильтр Период" + nameOfBlock)): Object: 'Object Repository/Выручка в рублях/Фильтр Период Выручка' is clicked on

31-03-2025T11:29:47 - [MESSAGE][PASSED] - Object: 'Object Repository/Выручка в рублях/Фильтр Период Выручка' is clicked on

31-03-2025T11:29:47 - [TEST_STEP][PASSED] - click(findTestObject("Выручка в рублях/Снять выделение в фильтре Дата" + nameOfBlock)): Object: 'Object Repository/Выручка в рублях/Снять выделение в фильтре Дата Выручка' is clicked on

31-03-2025T11:29:48 - [MESSAGE][PASSED] - Object: 'Object Repository/Выручка в рублях/Снять выделение в фильтре Дата Выручка' is clicked on

31-03-2025T11:29:48 - [TEST_STEP][PASSED] - click(findTestObject("Выручка в рублях/Применить в фильтре Дата" + nameOfBlock)): Object: 'Object Repository/Выручка в рублях/Применить в фильтре Дата Выручка' is clicked on

31-03-2025T11:29:48 - [MESSAGE][PASSED] - Object: 'Object Repository/Выручка в рублях/Применить в фильтре Дата Выручка' is clicked on

31-03-2025T11:29:48 - [TEST_STEP][PASSED] - delay(50): Delayed 50 second(s)

31-03-2025T11:30:38 - [MESSAGE][PASSED] - Delayed 50 second(s)

31-03-2025T11:30:38 - [TEST_STEP][PASSED] - click(findTestObject("Выручка в рублях/Фильтр Период" + nameOfBlock)): Object: 'Object Repository/Выручка в рублях/Фильтр Период Выручка' is clicked on

31-03-2025T11:30:38 - [MESSAGE][PASSED] - Object: 'Object Repository/Выручка в рублях/Фильтр Период Выручка' is clicked on

31-03-2025T11:30:38 - [TEST_STEP][PASSED] - click(findTestObject("Выручка в рублях/Снять выделение в фильтре Дата" + nameOfBlock)): Object: 'Object Repository/Выручка в рублях/Снять выделение в фильтре Дата Выручка' is clicked on

31-03-2025T11:30:39 - [MESSAGE][PASSED] - Object: 'Object Repository/Выручка в рублях/Снять выделение в фильтре Дата Выручка' is clicked on

31-03-2025T11:30:39 - [TEST_STEP][PASSED] - scrollToElement(findTestObject("Выручка в рублях/2025 список" + nameOfBlock), 30): Scroll to object 'Object Repository/Выручка в рублях/2025 список Выручка' successfully

31-03-2025T11:30:39 - [MESSAGE][PASSED] - Scroll to object 'Object Repository/Выручка в рублях/2025 список Выручка' successfully

31-03-2025T11:30:39 - [TEST_STEP][PASSED] - click(findTestObject("Выручка в рублях/2025 список" + nameOfBlock)): Object: 'Object Repository/Выручка в рублях/2025 список Выручка' is clicked on

31-03-2025T11:30:40 - [MESSAGE][PASSED] - Object: 'Object Repository/Выручка в рублях/2025 список Выручка' is clicked on

31-03-2025T11:30:40 - [TEST_STEP][PASSED] - scrollToElement(findTestObject("Выручка в рублях/1 квартал 2025 список Выручка"), 30): Scroll to object 'Object Repository/Выручка в рублях/1 квартал 2025 список Выручка' successfully

31-03-2025T11:30:40 - [MESSAGE][PASSED] - Scroll to object 'Object Repository/Выручка в рублях/1 квартал 2025 список Выручка' successfully

31-03-2025T11:30:40 - [TEST_STEP][PASSED] - click(findTestObject("Выручка в рублях/1 квартал 2025 список" + nameOfBlock)): Object: 'Object Repository/Выручка в рублях/1 квартал 2025 список Выручка' is clicked on

31-03-2025T11:30:40 - [MESSAGE][PASSED] - Object: 'Object Repository/Выручка в рублях/1 квартал 2025 список Выручка' is clicked on

31-03-2025T11:30:40 - [TEST_STEP][PASSED] - scrollToElement(findTestObject("Выручка в рублях/Январь 2025" + nameOfBlock), 30): Scroll to object 'Object Repository/Выручка в рублях/Январь 2025 Выручка' successfully

31-03-2025T11:30:41 - [MESSAGE][PASSED] - Scroll to object 'Object Repository/Выручка в рублях/Январь 2025 Выручка' successfully

31-03-2025T11:30:41 - [TEST_STEP][PASSED] - click(findTestObject("Выручка в рублях/Январь 2025" + nameOfBlock)): Object: 'Object Repository/Выручка в рублях/Январь 2025 Выручка' is clicked on

31-03-2025T11:30:41 - [MESSAGE][PASSED] - Object: 'Object Repository/Выручка в рублях/Январь 2025 Выручка' is clicked on

31-03-2025T11:30:41 - [TEST_STEP][PASSED] - scrollToElement(findTestObject("Выручка в рублях/Февраль 2025" + nameOfBlock), 30): Scroll to object 'Object Repository/Выручка в рублях/Февраль 2025 Выручка' successfully

31-03-2025T11:30:41 - [MESSAGE][PASSED] - Scroll to object 'Object Repository/Выручка в рублях/Февраль 2025 Выручка' successfully

31-03-2025T11:30:41 - [TEST_STEP][PASSED] - click(findTestObject("Выручка в рублях/Февраль 2025" + nameOfBlock)): Object: 'Object Repository/Выручка в рублях/Февраль 2025 Выручка' is clicked on

31-03-2025T11:30:42 - [MESSAGE][PASSED] - Object: 'Object Repository/Выручка в рублях/Февраль 2025 Выручка' is clicked on

31-03-2025T11:30:42 - [TEST_STEP][PASSED] - scrollToElement(findTestObject("Выручка в рублях/Заголовок дашборда" + nameOfBlock), 30): Scroll to object 'Object Repository/Выручка в рублях/Заголовок дашборда Выручка' successfully

31-03-2025T11:30:42 - [MESSAGE][PASSED] - Scroll to object 'Object Repository/Выручка в рублях/Заголовок дашборда Выручка' successfully

31-03-2025T11:30:42 - [TEST_STEP][PASSED] - click(findTestObject("Выручка в рублях/Применить в фильтре Дата" + nameOfBlock)): Object: 'Object Repository/Выручка в рублях/Применить в фильтре Дата Выручка' is clicked on

31-03-2025T11:30:43 - [MESSAGE][PASSED] - Object: 'Object Repository/Выручка в рублях/Применить в фильтре Дата Выручка' is clicked on

31-03-2025T11:30:43 - [TEST_STEP][PASSED] - delay(55): Delayed 55 second(s)

31-03-2025T11:31:38 - [MESSAGE][PASSED] - Delayed 55 second(s)

31-03-2025T11:31:38 - [TEST_STEP][PASSED] - click(findTestObject("Выручка в рублях/Фильтр ДЗО" + nameOfBlock)): Object: 'Object Repository/Выручка в рублях/Фильтр ДЗО Выручка' is clicked on

31-03-2025T11:31:38 - [MESSAGE][PASSED] - Object: 'Object Repository/Выручка в рублях/Фильтр ДЗО Выручка' is clicked on

31-03-2025T11:31:38 - [TEST_STEP][PASSED] - click(findTestObject("Выручка в рублях/Снять выделение в фильтре ДЗО" + nameOfBlock)): Object: 'Object Repository/Выручка в рублях/Снять выделение в фильтре ДЗО Выручка' is clicked on

31-03-2025T11:31:39 - [MESSAGE][PASSED] - Object: 'Object Repository/Выручка в рублях/Снять выделение в фильтре ДЗО Выручка' is clicked on

31-03-2025T11:31:39 - [TEST_STEP][PASSED] - click(findTestObject("Выручка в рублях/Применить в фильтре ДЗО" + nameOfBlock)): Object: 'Object Repository/Выручка в рублях/Применить в фильтре ДЗО Выручка' is clicked on

31-03-2025T11:31:39 - [MESSAGE][PASSED] - Object: 'Object Repository/Выручка в рублях/Применить в фильтре ДЗО Выручка' is clicked on

31-03-2025T11:31:39 - [TEST_STEP][PASSED] - delay(50): Delayed 50 second(s)

31-03-2025T11:32:29 - [MESSAGE][PASSED] - Delayed 50 second(s)

31-03-2025T11:32:29 - [TEST_STEP][PASSED] - Script1742558545601.Tumbler(run, vir, block, nameOfBlock): null

31-03-2025T11:32:29 - [TEST_STEP][PASSED] - println("run:" + run): null

31-03-2025T11:32:29 - [TEST_STEP][PASSED] - println("vir:" + vir): null

31-03-2025T11:32:29 - [TEST_STEP][PASSED] - println("block:" + block): null

31-03-2025T11:32:29 - [TEST_STEP][PASSED] - println("nameOfBlock:" + nameOfBlock): null

31-03-2025T11:32:29 - [TEST_STEP][PASSED] - if (vir == 1): null

31-03-2025T11:32:29 - [TEST_STEP][PASSED] - else if (vir == 2): Object: 'Object Repository/Выручка в рублях/Применить в фильтре Выручка Выручка' is clicked on

31-03-2025T11:32:29 - [TEST_STEP][PASSED] - if (run == 2): Object: 'Object Repository/Выручка в рублях/Переключить отображение с млн на проценты Выручка в рублях Выручка' is clicked on

31-03-2025T11:32:29 - [TEST_STEP][PASSED] - click(findTestObject("Выручка в рублях/Переключить отображение с млн на проценты Выручка в рублях" + nameOfBlock)): Object: 'Object Repository/Выручка в рублях/Переключить отображение с млн на проценты Выручка в рублях Выручка' is clicked on

31-03-2025T11:32:30 - [MESSAGE][PASSED] - Object: 'Object Repository/Выручка в рублях/Переключить отображение с млн на проценты Выручка в рублях Выручка' is clicked on

31-03-2025T11:32:30 - [TEST_STEP][PASSED] - click(findTestObject("Выручка в рублях/Фильтр Выручка" + nameOfBlock)): Object: 'Object Repository/Выручка в рублях/Фильтр Выручка Выручка' is clicked on

31-03-2025T11:32:30 - [MESSAGE][PASSED] - Object: 'Object Repository/Выручка в рублях/Фильтр Выручка Выручка' is clicked on

31-03-2025T11:32:30 - [TEST_STEP][PASSED] - click(findTestObject("Выручка в рублях/Итого в фильтре Выручка" + nameOfBlock)): Object: 'Object Repository/Выручка в рублях/Итого в фильтре Выручка Выручка' is clicked on

31-03-2025T11:32:31 - [MESSAGE][PASSED] - Object: 'Object Repository/Выручка в рублях/Итого в фильтре Выручка Выручка' is clicked on

31-03-2025T11:32:31 - [TEST_STEP][PASSED] - click(findTestObject("Выручка в рублях/Применить в фильтре Выручка" + nameOfBlock)): Object: 'Object Repository/Выручка в рублях/Применить в фильтре Выручка Выручка' is clicked on

31-03-2025T11:32:31 - [MESSAGE][PASSED] - Object: 'Object Repository/Выручка в рублях/Применить в фильтре Выручка Выручка' is clicked on

31-03-2025T11:32:31 - [TEST_STEP][PASSED] - click(findTestObject("Выручка в рублях/Фильтр ДЗО" + nameOfBlock)): Object: 'Object Repository/Выручка в рублях/Фильтр ДЗО Выручка' is clicked on

31-03-2025T11:32:33 - [MESSAGE][PASSED] - Object: 'Object Repository/Выручка в рублях/Фильтр ДЗО Выручка' is clicked on

31-03-2025T11:32:33 - [TEST_STEP][PASSED] - Script1742558545601.Rosseti(nameOfBlock): null

31-03-2025T11:32:33 - [TEST_STEP][PASSED] - println("nameOfBlock:" + nameOfBlock): null

31-03-2025T11:32:33 - [TEST_STEP][PASSED] - click(findTestObject("Выручка в рублях/ПАО Россети" + nameOfBlock)): Object: 'Object Repository/Выручка в рублях/ПАО Россети Выручка' is clicked on

31-03-2025T11:32:33 - [MESSAGE][PASSED] - Object: 'Object Repository/Выручка в рублях/ПАО Россети Выручка' is clicked on

31-03-2025T11:32:33 - [TEST_STEP][PASSED] - click(findTestObject("Выручка в рублях/Применить в фильтре ДЗО" + nameOfBlock)): Object: 'Object Repository/Выручка в рублях/Применить в фильтре ДЗО Выручка' is clicked on

31-03-2025T11:32:34 - [MESSAGE][PASSED] - Object: 'Object Repository/Выручка в рублях/Применить в фильтре ДЗО Выручка' is clicked on

31-03-2025T11:32:34 - [TEST_STEP][PASSED] - if (vir == 1 || vir == 2): Text of object 'Object Repository/Выручка в рублях/График План Выручка' is: '312 362'

31-03-2025T11:32:34 - [TEST_STEP][PASSED] - b1 = getText(findTestObject("Выручка в рублях/График План Выручка")): Text of object 'Object Repository/Выручка в рублях/График План Выручка' is: '312 362'

31-03-2025T11:32:35 - [MESSAGE][PASSED] - Text of object 'Object Repository/Выручка в рублях/График План Выручка' is: '312 362'

31-03-2025T11:32:35 - [TEST_STEP][PASSED] - if (vir == 1 || vir == 2): Text of object 'Object Repository/Выручка в рублях/График Факт Выручка' is: '279 580'

31-03-2025T11:32:35 - [TEST_STEP][PASSED] - b2 = getText(findTestObject("Выручка в рублях/График Факт Выручка")): Text of object 'Object Repository/Выручка в рублях/График Факт Выручка' is: '279 580'

31-03-2025T11:32:35 - [MESSAGE][PASSED] - Text of object 'Object Repository/Выручка в рублях/График Факт Выручка' is: '279 580'

31-03-2025T11:32:35 - [TEST_STEP][PASSED] - b30 = getText(findTestObject("Выручка в рублях/span1" + perc)): Text of object 'Object Repository/Выручка в рублях/span1 Perc' is: '-10.49 %'

31-03-2025T11:32:36 - [MESSAGE][PASSED] - Text of object 'Object Repository/Выручка в рублях/span1 Perc' is: '-10.49 %'

31-03-2025T11:32:36 - [TEST_STEP][PASSED] - i = b30.indexOf("млн.руб."): null

31-03-2025T11:32:36 - [TEST_STEP][PASSED] - if (i > -1): null

31-03-2025T11:32:36 - [TEST_STEP][PASSED] - if (b30.contains("%")): null

31-03-2025T11:32:36 - [TEST_STEP][PASSED] - b30 = b30.replaceAll("%", ""): null

31-03-2025T11:32:36 - [TEST_STEP][PASSED] - b30 = ").trim(): null

31-03-2025T11:32:36 - [TEST_STEP][PASSED] - println("b30: " + b30): null

31-03-2025T11:32:36 - [TEST_STEP][PASSED] - if (vir == 1): null

31-03-2025T11:32:36 - [TEST_STEP][PASSED] - else if (vir == 2): Text of object 'Object Repository/Выручка в рублях/span18 Perc' is: '2.48 %'

31-03-2025T11:32:36 - [TEST_STEP][PASSED] - b31 = ").trim(): Text of object 'Object Repository/Выручка в рублях/span2 Perc' is: '-3.76 %'

31-03-2025T11:32:36 - [MESSAGE][PASSED] - Text of object 'Object Repository/Выручка в рублях/span2 Perc' is: '-3.76 %'

31-03-2025T11:32:36 - [TEST_STEP][PASSED] - b32 = ").trim(): Text of object 'Object Repository/Выручка в рублях/span3 Perc' is: '-0.2 %'

31-03-2025T11:32:36 - [MESSAGE][PASSED] - Text of object 'Object Repository/Выручка в рублях/span3 Perc' is: '-0.2 %'

31-03-2025T11:32:36 - [TEST_STEP][PASSED] - b34 = ").trim(): Text of object 'Object Repository/Выручка в рублях/span4 Perc' is: '-1.27 %'

31-03-2025T11:32:37 - [MESSAGE][PASSED] - Text of object 'Object Repository/Выручка в рублях/span4 Perc' is: '-1.27 %'

31-03-2025T11:32:37 - [TEST_STEP][PASSED] - b35 = ").trim(): Text of object 'Object Repository/Выручка в рублях/span5 Perc' is: '3.73 %'

31-03-2025T11:32:37 - [MESSAGE][PASSED] - Text of object 'Object Repository/Выручка в рублях/span5 Perc' is: '3.73 %'

31-03-2025T11:32:37 - [TEST_STEP][PASSED] - b36 = ").trim(): Text of object 'Object Repository/Выручка в рублях/span6 Perc' is: '-1.07 %'

31-03-2025T11:32:37 - [MESSAGE][PASSED] - Text of object 'Object Repository/Выручка в рублях/span6 Perc' is: '-1.07 %'

31-03-2025T11:32:37 - [TEST_STEP][PASSED] - b37 = ").trim(): Text of object 'Object Repository/Выручка в рублях/span7 Perc' is: '-3.07 %'

31-03-2025T11:32:37 - [MESSAGE][PASSED] - Text of object 'Object Repository/Выручка в рублях/span7 Perc' is: '-3.07 %'

31-03-2025T11:32:37 - [TEST_STEP][PASSED] - b38 = ").trim(): Text of object 'Object Repository/Выручка в рублях/span8 Perc' is: '-0.82 %'

31-03-2025T11:32:38 - [MESSAGE][PASSED] - Text of object 'Object Repository/Выручка в рублях/span8 Perc' is: '-0.82 %'

31-03-2025T11:32:38 - [TEST_STEP][PASSED] - b39 = ").trim(): Text of object 'Object Repository/Выручка в рублях/span9 Perc' is: '-1.71 %'

31-03-2025T11:32:38 - [MESSAGE][PASSED] - Text of object 'Object Repository/Выручка в рублях/span9 Perc' is: '-1.71 %'

31-03-2025T11:32:38 - [TEST_STEP][PASSED] - b310 = ").trim(): Text of object 'Object Repository/Выручка в рублях/span10 Perc' is: '3.95 %'

31-03-2025T11:32:38 - [MESSAGE][PASSED] - Text of object 'Object Repository/Выручка в рублях/span10 Perc' is: '3.95 %'

31-03-2025T11:32:38 - [TEST_STEP][PASSED] - b311 = ").trim(): Text of object 'Object Repository/Выручка в рублях/span11 Perc' is: '-2.24 %'

31-03-2025T11:32:38 - [MESSAGE][PASSED] - Text of object 'Object Repository/Выручка в рублях/span11 Perc' is: '-2.24 %'

31-03-2025T11:32:38 - [TEST_STEP][PASSED] - b312 = ").trim(): Text of object 'Object Repository/Выручка в рублях/span12 Perc' is: '-9.45 %'

31-03-2025T11:32:39 - [MESSAGE][PASSED] - Text of object 'Object Repository/Выручка в рублях/span12 Perc' is: '-9.45 %'

31-03-2025T11:32:39 - [TEST_STEP][PASSED] - b313 = ").trim(): Text of object 'Object Repository/Выручка в рублях/span13 Perc' is: '-3.3 %'

31-03-2025T11:32:39 - [MESSAGE][PASSED] - Text of object 'Object Repository/Выручка в рублях/span13 Perc' is: '-3.3 %'

31-03-2025T11:32:39 - [TEST_STEP][PASSED] - b314 = ").trim(): Text of object 'Object Repository/Выручка в рублях/span14 Perc' is: '-50.04 %'

31-03-2025T11:32:39 - [MESSAGE][PASSED] - Text of object 'Object Repository/Выручка в рублях/span14 Perc' is: '-50.04 %'

31-03-2025T11:32:39 - [TEST_STEP][PASSED] - b315 = ").trim(): Text of object 'Object Repository/Выручка в рублях/span15 Perc' is: '-2.12 %'

31-03-2025T11:32:40 - [MESSAGE][PASSED] - Text of object 'Object Repository/Выручка в рублях/span15 Perc' is: '-2.12 %'

31-03-2025T11:32:40 - [TEST_STEP][PASSED] - b316 = ").trim(): Text of object 'Object Repository/Выручка в рублях/span16 Perc' is: '-1.84 %'

31-03-2025T11:32:40 - [MESSAGE][PASSED] - Text of object 'Object Repository/Выручка в рублях/span16 Perc' is: '-1.84 %'

31-03-2025T11:32:40 - [TEST_STEP][PASSED] - b317 = ").trim(): Text of object 'Object Repository/Выручка в рублях/span17 Perc' is: '0.49 %'

31-03-2025T11:32:40 - [MESSAGE][PASSED] - Text of object 'Object Repository/Выручка в рублях/span17 Perc' is: '0.49 %'

31-03-2025T11:32:40 - [TEST_STEP][PASSED] - b318 = ").trim(): Text of object 'Object Repository/Выручка в рублях/span18 Perc' is: '2.48 %'

31-03-2025T11:32:40 - [MESSAGE][PASSED] - Text of object 'Object Repository/Выручка в рублях/span18 Perc' is: '2.48 %'

31-03-2025T11:32:40 - [TEST_STEP][PASSED] - dZO = "ПАО Россети": null

31-03-2025T11:32:40 - [TEST_STEP][PASSED] - if (verifyEqual(a1, b1) == false): Actual object '312 362' and expected object '312 362' are equal

31-03-2025T11:32:40 - [MESSAGE][PASSED] - Actual object '312 362' and expected object '312 362' are equal

31-03-2025T11:32:40 - [TEST_STEP][PASSED] - if (verifyEqual(a2, b2) == false): Actual object '279 580' and expected object '279 580' are equal

31-03-2025T11:32:40 - [MESSAGE][PASSED] - Actual object '279 580' and expected object '279 580' are equal

31-03-2025T11:32:40 - [TEST_STEP][PASSED] - vidget = "Отклонения": null

31-03-2025T11:32:40 - [TEST_STEP][PASSED] - if (verifyEqual(a30, b30) == false): Actual object '-10.49' and expected object '-10.49' are equal

31-03-2025T11:32:40 - [MESSAGE][PASSED] - Actual object '-10.49' and expected object '-10.49' are equal

31-03-2025T11:32:40 - [TEST_STEP][PASSED] - dZO = "АО «РЭС»": null

31-03-2025T11:32:40 - [TEST_STEP][PASSED] - if (verifyEqual(a31, b31) == false): Actual object '-3.76' and expected object '-3.76' are equal

31-03-2025T11:32:40 - [MESSAGE][PASSED] - Actual object '-3.76' and expected object '-3.76' are equal

31-03-2025T11:32:40 - [TEST_STEP][PASSED] - dZO = "АО «Тываэнерго»": null

31-03-2025T11:32:40 - [TEST_STEP][PASSED] - if (verifyEqual(a32, b32) == false): Actual object '-0.2' and expected object '-0.2' are equal

31-03-2025T11:32:40 - [MESSAGE][PASSED] - Actual object '-0.2' and expected object '-0.2' are equal

31-03-2025T11:32:40 - [TEST_STEP][PASSED] - dZO = "АО «Чеченэнерго»": null

31-03-2025T11:32:40 - [TEST_STEP][PASSED] - if (verifyEqual(a33, b33) == false): Actual object 'null' and expected object 'null' are equal

31-03-2025T11:32:40 - [MESSAGE][PASSED] - Actual object 'null' and expected object 'null' are equal

31-03-2025T11:32:40 - [TEST_STEP][PASSED] - dZO = "Россети Волга": null

31-03-2025T11:32:40 - [TEST_STEP][PASSED] - if (verifyEqual(a34, b34) == false): Actual object '-1.27' and expected object '-1.27' are equal

31-03-2025T11:32:40 - [MESSAGE][PASSED] - Actual object '-1.27' and expected object '-1.27' are equal

31-03-2025T11:32:40 - [TEST_STEP][PASSED] - dZO = "Россети Кубань": null

31-03-2025T11:32:40 - [TEST_STEP][PASSED] - if (verifyEqual(a35, b35) == false): Actual object '3.73' and expected object '3.73' are equal

31-03-2025T11:32:40 - [MESSAGE][PASSED] - Actual object '3.73' and expected object '3.73' are equal

31-03-2025T11:32:40 - [TEST_STEP][PASSED] - dZO = "Россети Ленэнерго (ГК)": null

31-03-2025T11:32:40 - [TEST_STEP][PASSED] - if (verifyEqual(a36, b36) == false): Actual object '-1.07' and expected object '-1.07' are equal

31-03-2025T11:32:40 - [MESSAGE][PASSED] - Actual object '-1.07' and expected object '-1.07' are equal

31-03-2025T11:32:40 - [TEST_STEP][PASSED] - dZO = "Россети Московский регион": null

31-03-2025T11:32:40 - [TEST_STEP][PASSED] - if (verifyEqual(a37, b37) == false): Actual object '-3.07' and expected object '-3.07' are equal

31-03-2025T11:32:40 - [MESSAGE][PASSED] - Actual object '-3.07' and expected object '-3.07' are equal

31-03-2025T11:32:40 - [TEST_STEP][PASSED] - dZO = "Россети Северный Кавказ (ГК)": null

31-03-2025T11:32:40 - [TEST_STEP][PASSED] - if (verifyEqual(a38, b38) == false): Actual object '-0.82' and expected object '-0.82' are equal

31-03-2025T11:32:40 - [MESSAGE][PASSED] - Actual object '-0.82' and expected object '-0.82' are equal

31-03-2025T11:32:40 - [TEST_STEP][PASSED] - dZO = "Россети Северо-Запад": null

31-03-2025T11:32:40 - [TEST_STEP][PASSED] - if (verifyEqual(a39, b39) == false): Actual object '-1.71' and expected object '-1.71' are equal

31-03-2025T11:32:40 - [MESSAGE][PASSED] - Actual object '-1.71' and expected object '-1.71' are equal

31-03-2025T11:32:40 - [TEST_STEP][PASSED] - dZO = "Россети Сибирь (ГК)": null

31-03-2025T11:32:40 - [TEST_STEP][PASSED] - if (verifyEqual(a310, b310) == false): Actual object '3.95' and expected object '3.95' are equal

31-03-2025T11:32:40 - [MESSAGE][PASSED] - Actual object '3.95' and expected object '3.95' are equal

31-03-2025T11:32:40 - [TEST_STEP][PASSED] - dZO = "Россети Томск": null

31-03-2025T11:32:40 - [TEST_STEP][PASSED] - if (verifyEqual(a311, b311) == false): Actual object '-2.24' and expected object '-2.24' are equal

31-03-2025T11:32:40 - [MESSAGE][PASSED] - Actual object '-2.24' and expected object '-2.24' are equal

31-03-2025T11:32:40 - [TEST_STEP][PASSED] - dZO = "Россети Тюмень": null

31-03-2025T11:32:40 - [TEST_STEP][PASSED] - if (verifyEqual(a312, b312) == false): Actual object '-9.45' and expected object '-9.45' are equal

31-03-2025T11:32:40 - [MESSAGE][PASSED] - Actual object '-9.45' and expected object '-9.45' are equal

31-03-2025T11:32:40 - [TEST_STEP][PASSED] - dZO = "Россети Урал (ГК)": null

31-03-2025T11:32:40 - [TEST_STEP][PASSED] - if (verifyEqual(a313, b313) == false): Actual object '-3.3' and expected object '-3.3' are equal

31-03-2025T11:32:40 - [MESSAGE][PASSED] - Actual object '-3.3' and expected object '-3.3' are equal

31-03-2025T11:32:40 - [TEST_STEP][PASSED] - dZO = "Россети ФСК ЕЭС": null

31-03-2025T11:32:40 - [TEST_STEP][PASSED] - if (verifyEqual(a314, b314) == false): Actual object '-50.04' and expected object '-50.04' are equal

31-03-2025T11:32:40 - [MESSAGE][PASSED] - Actual object '-50.04' and expected object '-50.04' are equal

31-03-2025T11:32:40 - [TEST_STEP][PASSED] - dZO = "Россети Центр": null

31-03-2025T11:32:40 - [TEST_STEP][PASSED] - if (verifyEqual(a315, b315) == false): Actual object '-2.12' and expected object '-2.12' are equal

31-03-2025T11:32:40 - [MESSAGE][PASSED] - Actual object '-2.12' and expected object '-2.12' are equal

31-03-2025T11:32:40 - [TEST_STEP][PASSED] - dZO = "Россети Центр и Приволжье (ГК)": null

31-03-2025T11:32:40 - [TEST_STEP][PASSED] - if (verifyEqual(a316, b316) == false): Actual object '-1.84' and expected object '-1.84' are equal

31-03-2025T11:32:40 - [MESSAGE][PASSED] - Actual object '-1.84' and expected object '-1.84' are equal

31-03-2025T11:32:40 - [TEST_STEP][PASSED] - dZO = "Россети Юг (ГК)": null

31-03-2025T11:32:40 - [TEST_STEP][PASSED] - if (verifyEqual(a317, b317) == false): Actual object '0.49' and expected object '0.49' are equal

31-03-2025T11:32:40 - [MESSAGE][PASSED] - Actual object '0.49' and expected object '0.49' are equal

31-03-2025T11:32:40 - [TEST_STEP][PASSED] - dZO = "Россети Янтарь": null

31-03-2025T11:32:40 - [TEST_STEP][PASSED] - if (verifyEqual(a318, b318) == false): Actual object '2.48' and expected object '2.48' are equal

31-03-2025T11:32:40 - [MESSAGE][PASSED] - Actual object '2.48' and expected object '2.48' are equal

31-03-2025T11:32:40 - [TEST_STEP][PASSED] - closeBrowser(): null

31-03-2025T11:32:41 - [MESSAGE][PASSED] - Browser is closed

31-03-2025T11:32:41 - [TEST_STEP][PASSED] - Script1742558545601.Blocks(run, vir, block, nameOfBlock, typeOfData, viruchka, vidget, todaysDate, a, b, dZO, x, y): null

31-03-2025T11:32:41 - [TEST_STEP][PASSED] - i = <not implemented yet for class: org.codehaus.groovy.ast.expr.EmptyExpression>: null

31-03-2025T11:32:41 - [TEST_STEP][PASSED] - perc = "": null

31-03-2025T11:32:41 - [TEST_STEP][PASSED] - a1 = <not implemented yet for class: org.codehaus.groovy.ast.expr.EmptyExpression>: null

31-03-2025T11:32:41 - [TEST_STEP][PASSED] - a2 = <not implemented yet for class: org.codehaus.groovy.ast.expr.EmptyExpression>: null

31-03-2025T11:32:41 - [TEST_STEP][PASSED] - a30 = <not implemented yet for class: org.codehaus.groovy.ast.expr.EmptyExpression>: null

31-03-2025T11:32:41 - [TEST_STEP][PASSED] - a31 = <not implemented yet for class: org.codehaus.groovy.ast.expr.EmptyExpression>: null

31-03-2025T11:32:41 - [TEST_STEP][PASSED] - a32 = <not implemented yet for class: org.codehaus.groovy.ast.expr.EmptyExpression>: null

31-03-2025T11:32:41 - [TEST_STEP][PASSED] - a33 = <not implemented yet for class: org.codehaus.groovy.ast.expr.EmptyExpression>: null

31-03-2025T11:32:41 - [TEST_STEP][PASSED] - a34 = <not implemented yet for class: org.codehaus.groovy.ast.expr.EmptyExpression>: null

31-03-2025T11:32:41 - [TEST_STEP][PASSED] - a35 = <not implemented yet for class: org.codehaus.groovy.ast.expr.EmptyExpression>: null

31-03-2025T11:32:41 - [TEST_STEP][PASSED] - a36 = <not implemented yet for class: org.codehaus.groovy.ast.expr.EmptyExpression>: null

31-03-2025T11:32:41 - [TEST_STEP][PASSED] - a37 = <not implemented yet for class: org.codehaus.groovy.ast.expr.EmptyExpression>: null

31-03-2025T11:32:41 - [TEST_STEP][PASSED] - a38 = <not implemented yet for class: org.codehaus.groovy.ast.expr.EmptyExpression>: null

31-03-2025T11:32:41 - [TEST_STEP][PASSED] - a39 = <not implemented yet for class: org.codehaus.groovy.ast.expr.EmptyExpression>: null

31-03-2025T11:32:41 - [TEST_STEP][PASSED] - a310 = <not implemented yet for class: org.codehaus.groovy.ast.expr.EmptyExpression>: null

31-03-2025T11:32:41 - [TEST_STEP][PASSED] - a311 = <not implemented yet for class: org.codehaus.groovy.ast.expr.EmptyExpression>: null

31-03-2025T11:32:41 - [TEST_STEP][PASSED] - a312 = <not implemented yet for class: org.codehaus.groovy.ast.expr.EmptyExpression>: null

31-03-2025T11:32:41 - [TEST_STEP][PASSED] - a313 = <not implemented yet for class: org.codehaus.groovy.ast.expr.EmptyExpression>: null

31-03-2025T11:32:41 - [TEST_STEP][PASSED] - a314 = <not implemented yet for class: org.codehaus.groovy.ast.expr.EmptyExpression>: null

31-03-2025T11:32:41 - [TEST_STEP][PASSED] - a315 = <not implemented yet for class: org.codehaus.groovy.ast.expr.EmptyExpression>: null

31-03-2025T11:32:41 - [TEST_STEP][PASSED] - a316 = <not implemented yet for class: org.codehaus.groovy.ast.expr.EmptyExpression>: null

31-03-2025T11:32:41 - [TEST_STEP][PASSED] - a317 = <not implemented yet for class: org.codehaus.groovy.ast.expr.EmptyExpression>: null

31-03-2025T11:32:41 - [TEST_STEP][PASSED] - a318 = <not implemented yet for class: org.codehaus.groovy.ast.expr.EmptyExpression>: null

31-03-2025T11:32:41 - [TEST_STEP][PASSED] - b1 = <not implemented yet for class: org.codehaus.groovy.ast.expr.EmptyExpression>: null

31-03-2025T11:32:41 - [TEST_STEP][PASSED] - b2 = <not implemented yet for class: org.codehaus.groovy.ast.expr.EmptyExpression>: null

31-03-2025T11:32:41 - [TEST_STEP][PASSED] - b30 = <not implemented yet for class: org.codehaus.groovy.ast.expr.EmptyExpression>: null

31-03-2025T11:32:41 - [TEST_STEP][PASSED] - b31 = <not implemented yet for class: org.codehaus.groovy.ast.expr.EmptyExpression>: null

31-03-2025T11:32:41 - [TEST_STEP][PASSED] - b32 = <not implemented yet for class: org.codehaus.groovy.ast.expr.EmptyExpression>: null

31-03-2025T11:32:41 - [TEST_STEP][PASSED] - b33 = <not implemented yet for class: org.codehaus.groovy.ast.expr.EmptyExpression>: null

31-03-2025T11:32:41 - [TEST_STEP][PASSED] - b34 = <not implemented yet for class: org.codehaus.groovy.ast.expr.EmptyExpression>: null

31-03-2025T11:32:41 - [TEST_STEP][PASSED] - b35 = <not implemented yet for class: org.codehaus.groovy.ast.expr.EmptyExpression>: null

31-03-2025T11:32:41 - [TEST_STEP][PASSED] - b36 = <not implemented yet for class: org.codehaus.groovy.ast.expr.EmptyExpression>: null

31-03-2025T11:32:41 - [TEST_STEP][PASSED] - b37 = <not implemented yet for class: org.codehaus.groovy.ast.expr.EmptyExpression>: null

31-03-2025T11:32:41 - [TEST_STEP][PASSED] - b38 = <not implemented yet for class: org.codehaus.groovy.ast.expr.EmptyExpression>: null

31-03-2025T11:32:41 - [TEST_STEP][PASSED] - b39 = <not implemented yet for class: org.codehaus.groovy.ast.expr.EmptyExpression>: null

31-03-2025T11:32:41 - [TEST_STEP][PASSED] - b310 = <not implemented yet for class: org.codehaus.groovy.ast.expr.EmptyExpression>: null

31-03-2025T11:32:41 - [TEST_STEP][PASSED] - b311 = <not implemented yet for class: org.codehaus.groovy.ast.expr.EmptyExpression>: null

31-03-2025T11:32:41 - [TEST_STEP][PASSED] - b312 = <not implemented yet for class: org.codehaus.groovy.ast.expr.EmptyExpression>: null

31-03-2025T11:32:41 - [TEST_STEP][PASSED] - b313 = <not implemented yet for class: org.codehaus.groovy.ast.expr.EmptyExpression>: null

31-03-2025T11:32:41 - [TEST_STEP][PASSED] - b314 = <not implemented yet for class: org.codehaus.groovy.ast.expr.EmptyExpression>: null

31-03-2025T11:32:41 - [TEST_STEP][PASSED] - b315 = <not implemented yet for class: org.codehaus.groovy.ast.expr.EmptyExpression>: null

31-03-2025T11:32:41 - [TEST_STEP][PASSED] - b316 = <not implemented yet for class: org.codehaus.groovy.ast.expr.EmptyExpression>: null

31-03-2025T11:32:41 - [TEST_STEP][PASSED] - b317 = <not implemented yet for class: org.codehaus.groovy.ast.expr.EmptyExpression>: null

31-03-2025T11:32:41 - [TEST_STEP][PASSED] - b318 = <not implemented yet for class: org.codehaus.groovy.ast.expr.EmptyExpression>: null

31-03-2025T11:32:41 - [TEST_STEP][PASSED] - block = 1: null

31-03-2025T11:32:41 - [TEST_STEP][PASSED] - nameOfBlock = "": null

31-03-2025T11:32:41 - [TEST_STEP][PASSED] - Script1742558545601.PreSettings(run, vir, block, nameOfBlock, typeOfData, todaysDate): null

31-03-2025T11:32:41 - [TEST_STEP][PASSED] - openBrowser(""): Browser is opened with url: ''

31-03-2025T11:32:41 - [MESSAGE][INFO] - Starting 'Chrome' driver

31-03-2025T11:32:41 - [MESSAGE][INFO] - Action delay is set to 0 milliseconds

31-03-2025T11:32:41 - [MESSAGE][PASSED] - Browser is opened with url: ''

31-03-2025T11:32:41 - [TEST_STEP][PASSED] - refresh(): Refresh successfully

31-03-2025T11:32:42 - [MESSAGE][PASSED] - Refresh successfully

31-03-2025T11:32:42 - [TEST_STEP][PASSED] - delay(50): Delayed 50 second(s)

31-03-2025T11:33:32 - [MESSAGE][PASSED] - Delayed 50 second(s)

31-03-2025T11:33:32 - [TEST_STEP][PASSED] - println("run:" + run): null

31-03-2025T11:33:32 - [TEST_STEP][PASSED] - println("vir:" + vir): null

31-03-2025T11:33:32 - [TEST_STEP][PASSED] - println("block:" + block): null

31-03-2025T11:33:32 - [TEST_STEP][PASSED] - if (block == 1): null

31-03-2025T11:33:32 - [TEST_STEP][PASSED] - nameOfBlock = "": null

31-03-2025T11:33:32 - [TEST_STEP][PASSED] - println("nameOfBlock:" + nameOfBlock): null

31-03-2025T11:33:32 - [TEST_STEP][PASSED] - println("typeOfData:" + typeOfData): null

31-03-2025T11:33:32 - [TEST_STEP][PASSED] - println("todaysDate:" + todaysDate): null

31-03-2025T11:33:32 - [TEST_STEP][PASSED] - Script1742558545601.Autorization(block, nameOfBlock): null

31-03-2025T11:33:32 - [TEST_STEP][PASSED] - i = <not implemented yet for class: org.codehaus.groovy.ast.expr.EmptyExpression>: null

31-03-2025T11:33:32 - [TEST_STEP][PASSED] - ii = <not implemented yet for class: org.codehaus.groovy.ast.expr.EmptyExpression>: null

31-03-2025T11:33:32 - [TEST_STEP][PASSED] - urlData = <not implemented yet for class: org.codehaus.groovy.ast.expr.EmptyExpression>: null

31-03-2025T11:33:32 - [TEST_STEP][PASSED] - searchWord = <not implemented yet for class: org.codehaus.groovy.ast.expr.EmptyExpression>: null

31-03-2025T11:33:32 - [TEST_STEP][PASSED] - urlText = <not implemented yet for class: org.codehaus.groovy.ast.expr.EmptyExpression>: null

31-03-2025T11:33:32 - [TEST_STEP][PASSED] - println("block:" + block): null

31-03-2025T11:33:32 - [TEST_STEP][PASSED] - if (block == 1): null

31-03-2025T11:33:32 - [TEST_STEP][PASSED] - nameOfBlock = "": null

31-03-2025T11:33:32 - [TEST_STEP][PASSED] - println("nameOfBlock:" + nameOfBlock): null

31-03-2025T11:33:32 - [TEST_STEP][PASSED] - if (block == 1): Delayed 45 second(s)

31-03-2025T11:33:32 - [TEST_STEP][PASSED] - urlData = 2: null

31-03-2025T11:33:32 - [TEST_STEP][PASSED] - delay(45): Delayed 45 second(s)

31-03-2025T11:34:17 - [MESSAGE][PASSED] - Delayed 45 second(s)

31-03-2025T11:34:17 - [TEST_STEP][PASSED] - navigateToUrl(findTestData("PlanFact").getValue(10, urlData)): Navigate to 'https://bi.rosseti.digital/viewer?dashboardGuid=2301950b23be4ed89c1df75f2020051e&sheetGuid=b723206f698544fb87299f3095c00435&fit=true' successfully

31-03-2025T11:34:23 - [MESSAGE][PASSED] - Navigate to 'https://bi.rosseti.digital/viewer?dashboardGuid=2301950b23be4ed89c1df75f2020051e&sheetGuid=b723206f698544fb87299f3095c00435&fit=true' successfully

31-03-2025T11:34:23 - [TEST_STEP][PASSED] - urlText = getText(findTestObject("Страница авторизации/Text")): Text of object 'Object Repository/Страница авторизации/Text' is: 'Вход'

31-03-2025T11:34:25 - [MESSAGE][PASSED] - Text of object 'Object Repository/Страница авторизации/Text' is: 'Вход'

31-03-2025T11:34:25 - [TEST_STEP][PASSED] - searchWord = "Вход": null

31-03-2025T11:34:25 - [TEST_STEP][PASSED] - if (urlText == null || urlText.contains("ошибка") || urlText.contains(searchWord) == false): null

31-03-2025T11:34:25 - [TEST_STEP][PASSED] - if (verifyElementPresent(findTestObject("Страница авторизации/button_"), 30) == true): null

31-03-2025T11:34:25 - [MESSAGE][PASSED] - Object 'Object Repository/Страница авторизации/button_' is present

31-03-2025T11:34:25 - [TEST_STEP][PASSED] - setText(findTestObject("Страница авторизации/input__username"), findTestData("PlanFact").getValue(8, 1)): Text 'liazgina-di' is set on object 'Object Repository/Страница авторизации/input__username'

31-03-2025T11:34:26 - [MESSAGE][PASSED] - Text 'liazgina-di' is set on object 'Object Repository/Страница авторизации/input__username'

31-03-2025T11:34:26 - [TEST_STEP][PASSED] - setText(findTestObject("Страница авторизации/input__password"), findTestData("PlanFact").getValue(9, 1)): Text ')$%5srZ8o688Dm#q' is set on object 'Object Repository/Страница авторизации/input__password'

31-03-2025T11:34:27 - [MESSAGE][PASSED] - Text ')$%5srZ8o688Dm#q' is set on object 'Object Repository/Страница авторизации/input__password'

31-03-2025T11:34:27 - [TEST_STEP][PASSED] - click(findTestObject("Страница авторизации/button_")): Object: 'Object Repository/Страница авторизации/button_' is clicked on

31-03-2025T11:34:28 - [MESSAGE][PASSED] - Object: 'Object Repository/Страница авторизации/button_' is clicked on

31-03-2025T11:34:28 - [TEST_STEP][PASSED] - delay(45): Delayed 45 second(s)

31-03-2025T11:35:13 - [MESSAGE][PASSED] - Delayed 45 second(s)

31-03-2025T11:35:13 - [TEST_STEP][PASSED] - urlText = getText(findTestObject("Страница авторизации/Text")): Text of object 'Object Repository/Страница авторизации/Text' is: 'Период
Январь, Февраль 2025 года
Выручка
Все
Выполнение плановых показателей по ПАО Россети за Январь, Февраль 2025 года
План
Факт
Динамика
2025 год
0 млн.руб.
25 000 млн.руб.
50 000 млн.руб.
75 000 млн.руб.
100 000 млн.руб.
125 000 млн.руб.
150 000 млн.руб.
175 000 млн.руб.
200 000 млн.руб.
225 000 млн.руб.
250 000 млн.руб.
275 000 млн.руб.
300 000 млн.руб.
325 000 млн.руб.
350 000 млн.руб.
375 000 млн.руб.
318 025
284 426
↓
ДЗО 
ПАО Россети
Внутренний оборот - выручка за услуги по передаче электрической энергии, учтенная в выручке за электроэнергию для конечных потребителей, при выполнении ДЗО функций гарантирующего поставщика
Подписи данных
⬤Отклонение
АО "РЭС"
АО «Тываэнерго»
АО «Чеченэнерго»
Россети Волга
Россети Кубань
Россети Ленэнерго (ГК)
Россети Московский регион
Россети Северный Кавказ (ГК)
Россети Северо-Запад
Россети Сибирь (ГК)
Россети Томск
Россети Тюмень
Россети Урал (ГК)
Россети ФСК ЕЭС
Россети Центр
Россети Центр и Приволжье (ГК)
Россети Юг (ГК)
Россети Янтарь
-30 000млн.руб.
-25 000млн.руб.
-20 000млн.руб.
-15 000млн.руб.
-10 000млн.руб.
-5 000млн.руб.
0 млн.руб.
5 00…
-170
27
-76
-270
552
-244
-1 353
-805
-232
848
-47
-1 858
-701
-28 384
-520
-484
68
50
млн.
%
Выручка
Отклонение выручки по ПАО Россети за Январь, Февраль 2025 года (факт/план, млн. руб)
ПАО Россети
-33 598.6 млн.руб.
 '

31-03-2025T11:35:14 - [MESSAGE][PASSED] - Text of object 'Object Repository/Страница авторизации/Text' is: 'Период
Январь, Февраль 2025 года
Выручка
Все
Выполнение плановых показателей по ПАО Россети за Январь, Февраль 2025 года
План
Факт
Динамика
2025 год
0 млн.руб.
25 000 млн.руб.
50 000 млн.руб.
75 000 млн.руб.
100 000 млн.руб.
125 000 млн.руб.
150 000 млн.руб.
175 000 млн.руб.
200 000 млн.руб.
225 000 млн.руб.
250 000 млн.руб.
275 000 млн.руб.
300 000 млн.руб.
325 000 млн.руб.
350 000 млн.руб.
375 000 млн.руб.
318 025
284 426
↓
ДЗО 
ПАО Россети
Внутренний оборот - выручка за услуги по передаче электрической энергии, учтенная в выручке за электроэнергию для конечных потребителей, при выполнении ДЗО функций гарантирующего поставщика
Подписи данных
⬤Отклонение
АО "РЭС"
АО «Тываэнерго»
АО «Чеченэнерго»
Россети Волга
Россети Кубань
Россети Ленэнерго (ГК)
Россети Московский регион
Россети Северный Кавказ (ГК)
Россети Северо-Запад
Россети Сибирь (ГК)
Россети Томск
Россети Тюмень
Россети Урал (ГК)
Россети ФСК ЕЭС
Россети Центр
Россети Центр и Приволжье (ГК)
Россети Юг (ГК)
Россети Янтарь
-30 000млн.руб.
-25 000млн.руб.
-20 000млн.руб.
-15 000млн.руб.
-10 000млн.руб.
-5 000млн.руб.
0 млн.руб.
5 00…
-170
27
-76
-270
552
-244
-1 353
-805
-232
848
-47
-1 858
-701
-28 384
-520
-484
68
50
млн.
%
Выручка
Отклонение выручки по ПАО Россети за Январь, Февраль 2025 года (факт/план, млн. руб)
ПАО Россети
-33 598.6 млн.руб.
 '

31-03-2025T11:35:14 - [TEST_STEP][PASSED] - searchWord = "а": null

31-03-2025T11:35:14 - [TEST_STEP][PASSED] - if (urlText.contains("ошибка") || urlText.contains(searchWord) == false): null

31-03-2025T11:35:14 - [TEST_STEP][PASSED] - delay(45): Delayed 45 second(s)

31-03-2025T11:35:59 - [MESSAGE][PASSED] - Delayed 45 second(s)

31-03-2025T11:35:59 - [TEST_STEP][PASSED] - if (block == 2): null

31-03-2025T11:35:59 - [TEST_STEP][PASSED] - click(findTestObject("Выручка в рублях/Фильтр Период" + nameOfBlock)): Object: 'Object Repository/Выручка в рублях/Фильтр Период' is clicked on

31-03-2025T11:35:59 - [MESSAGE][PASSED] - Object: 'Object Repository/Выручка в рублях/Фильтр Период' is clicked on

31-03-2025T11:35:59 - [TEST_STEP][PASSED] - click(findTestObject("Выручка в рублях/Снять выделение в фильтре Дата" + nameOfBlock)): Object: 'Object Repository/Выручка в рублях/Снять выделение в фильтре Дата' is clicked on

31-03-2025T11:36:00 - [MESSAGE][PASSED] - Object: 'Object Repository/Выручка в рублях/Снять выделение в фильтре Дата' is clicked on

31-03-2025T11:36:00 - [TEST_STEP][PASSED] - click(findTestObject("Выручка в рублях/Применить в фильтре Дата" + nameOfBlock)): Object: 'Object Repository/Выручка в рублях/Применить в фильтре Дата' is clicked on

31-03-2025T11:36:00 - [MESSAGE][PASSED] - Object: 'Object Repository/Выручка в рублях/Применить в фильтре Дата' is clicked on

31-03-2025T11:36:00 - [TEST_STEP][PASSED] - delay(50): Delayed 50 second(s)

31-03-2025T11:36:50 - [MESSAGE][PASSED] - Delayed 50 second(s)

31-03-2025T11:36:50 - [TEST_STEP][PASSED] - click(findTestObject("Выручка в рублях/Фильтр Период" + nameOfBlock)): Object: 'Object Repository/Выручка в рублях/Фильтр Период' is clicked on

31-03-2025T11:36:51 - [MESSAGE][PASSED] - Object: 'Object Repository/Выручка в рублях/Фильтр Период' is clicked on

31-03-2025T11:36:51 - [TEST_STEP][PASSED] - click(findTestObject("Выручка в рублях/Снять выделение в фильтре Дата" + nameOfBlock)): Object: 'Object Repository/Выручка в рублях/Снять выделение в фильтре Дата' is clicked on

31-03-2025T11:36:51 - [MESSAGE][PASSED] - Object: 'Object Repository/Выручка в рублях/Снять выделение в фильтре Дата' is clicked on

31-03-2025T11:36:51 - [TEST_STEP][PASSED] - scrollToElement(findTestObject("Выручка в рублях/2025 список" + nameOfBlock), 30): Scroll to object 'Object Repository/Выручка в рублях/2025 список' successfully

31-03-2025T11:36:52 - [MESSAGE][PASSED] - Scroll to object 'Object Repository/Выручка в рублях/2025 список' successfully

31-03-2025T11:36:52 - [TEST_STEP][PASSED] - click(findTestObject("Выручка в рублях/2025 список" + nameOfBlock)): Object: 'Object Repository/Выручка в рублях/2025 список' is clicked on

31-03-2025T11:36:52 - [MESSAGE][PASSED] - Object: 'Object Repository/Выручка в рублях/2025 список' is clicked on

31-03-2025T11:36:52 - [TEST_STEP][PASSED] - scrollToElement(findTestObject("Выручка в рублях/1 квартал 2025 список Выручка"), 30): Scroll to object 'Object Repository/Выручка в рублях/1 квартал 2025 список Выручка' successfully

31-03-2025T11:36:52 - [MESSAGE][PASSED] - Scroll to object 'Object Repository/Выручка в рублях/1 квартал 2025 список Выручка' successfully

31-03-2025T11:36:52 - [TEST_STEP][PASSED] - click(findTestObject("Выручка в рублях/1 квартал 2025 список" + nameOfBlock)): Object: 'Object Repository/Выручка в рублях/1 квартал 2025 список' is clicked on

31-03-2025T11:36:53 - [MESSAGE][PASSED] - Object: 'Object Repository/Выручка в рублях/1 квартал 2025 список' is clicked on

31-03-2025T11:36:53 - [TEST_STEP][PASSED] - scrollToElement(findTestObject("Выручка в рублях/Январь 2025" + nameOfBlock), 30): Scroll to object 'Object Repository/Выручка в рублях/Январь 2025' successfully

31-03-2025T11:36:53 - [MESSAGE][PASSED] - Scroll to object 'Object Repository/Выручка в рублях/Январь 2025' successfully

31-03-2025T11:36:53 - [TEST_STEP][PASSED] - click(findTestObject("Выручка в рублях/Январь 2025" + nameOfBlock)): Object: 'Object Repository/Выручка в рублях/Январь 2025' is clicked on

31-03-2025T11:36:53 - [MESSAGE][PASSED] - Object: 'Object Repository/Выручка в рублях/Январь 2025' is clicked on

31-03-2025T11:36:53 - [TEST_STEP][PASSED] - scrollToElement(findTestObject("Выручка в рублях/Февраль 2025" + nameOfBlock), 30): Scroll to object 'Object Repository/Выручка в рублях/Февраль 2025' successfully

31-03-2025T11:36:54 - [MESSAGE][PASSED] - Scroll to object 'Object Repository/Выручка в рублях/Февраль 2025' successfully

31-03-2025T11:36:54 - [TEST_STEP][PASSED] - click(findTestObject("Выручка в рублях/Февраль 2025" + nameOfBlock)): Object: 'Object Repository/Выручка в рублях/Февраль 2025' is clicked on

31-03-2025T11:36:54 - [MESSAGE][PASSED] - Object: 'Object Repository/Выручка в рублях/Февраль 2025' is clicked on

31-03-2025T11:36:54 - [TEST_STEP][PASSED] - scrollToElement(findTestObject("Выручка в рублях/Заголовок дашборда" + nameOfBlock), 30): Scroll to object 'Object Repository/Выручка в рублях/Заголовок дашборда' successfully

31-03-2025T11:36:55 - [MESSAGE][PASSED] - Scroll to object 'Object Repository/Выручка в рублях/Заголовок дашборда' successfully

31-03-2025T11:36:55 - [TEST_STEP][PASSED] - click(findTestObject("Выручка в рублях/Применить в фильтре Дата" + nameOfBlock)): Object: 'Object Repository/Выручка в рублях/Применить в фильтре Дата' is clicked on

31-03-2025T11:36:55 - [MESSAGE][PASSED] - Object: 'Object Repository/Выручка в рублях/Применить в фильтре Дата' is clicked on

31-03-2025T11:36:55 - [TEST_STEP][PASSED] - delay(55): Delayed 55 second(s)

31-03-2025T11:37:50 - [MESSAGE][PASSED] - Delayed 55 second(s)

31-03-2025T11:37:50 - [TEST_STEP][PASSED] - click(findTestObject("Выручка в рублях/Фильтр ДЗО" + nameOfBlock)): Object: 'Object Repository/Выручка в рублях/Фильтр ДЗО' is clicked on

31-03-2025T11:37:51 - [MESSAGE][PASSED] - Object: 'Object Repository/Выручка в рублях/Фильтр ДЗО' is clicked on

31-03-2025T11:37:51 - [TEST_STEP][PASSED] - click(findTestObject("Выручка в рублях/Снять выделение в фильтре ДЗО" + nameOfBlock)): Object: 'Object Repository/Выручка в рублях/Снять выделение в фильтре ДЗО' is clicked on

31-03-2025T11:37:51 - [MESSAGE][PASSED] - Object: 'Object Repository/Выручка в рублях/Снять выделение в фильтре ДЗО' is clicked on

31-03-2025T11:37:51 - [TEST_STEP][PASSED] - click(findTestObject("Выручка в рублях/Применить в фильтре ДЗО" + nameOfBlock)): Object: 'Object Repository/Выручка в рублях/Применить в фильтре ДЗО' is clicked on

31-03-2025T11:37:52 - [MESSAGE][PASSED] - Object: 'Object Repository/Выручка в рублях/Применить в фильтре ДЗО' is clicked on

31-03-2025T11:37:52 - [TEST_STEP][PASSED] - delay(50): Delayed 50 second(s)

31-03-2025T11:38:42 - [MESSAGE][PASSED] - Delayed 50 second(s)

31-03-2025T11:38:42 - [TEST_STEP][PASSED] - Script1742558545601.Tumbler(run, vir, block, nameOfBlock): null

31-03-2025T11:38:42 - [TEST_STEP][PASSED] - println("run:" + run): null

31-03-2025T11:38:42 - [TEST_STEP][PASSED] - println("vir:" + vir): null

31-03-2025T11:38:42 - [TEST_STEP][PASSED] - println("block:" + block): null

31-03-2025T11:38:42 - [TEST_STEP][PASSED] - println("nameOfBlock:" + nameOfBlock): null

31-03-2025T11:38:42 - [TEST_STEP][PASSED] - if (vir == 1): null

31-03-2025T11:38:42 - [TEST_STEP][PASSED] - else if (vir == 2): null

31-03-2025T11:38:42 - [TEST_STEP][PASSED] - else if (vir == 3): Object: 'Object Repository/Выручка в рублях/Применить в фильтре Выручка' is clicked on

31-03-2025T11:38:42 - [TEST_STEP][PASSED] - if (run == 2): Object: 'Object Repository/Выручка в рублях/Переключить отображение с млн на проценты Выручка в рублях' is clicked on

31-03-2025T11:38:42 - [TEST_STEP][PASSED] - click(findTestObject("Выручка в рублях/Переключить отображение с млн на проценты Выручка в рублях" + nameOfBlock)): Object: 'Object Repository/Выручка в рублях/Переключить отображение с млн на проценты Выручка в рублях' is clicked on

31-03-2025T11:38:42 - [MESSAGE][PASSED] - Object: 'Object Repository/Выручка в рублях/Переключить отображение с млн на проценты Выручка в рублях' is clicked on

31-03-2025T11:38:42 - [TEST_STEP][PASSED] - click(findTestObject("Выручка в рублях/Фильтр Выручка" + nameOfBlock)): Object: 'Object Repository/Выручка в рублях/Фильтр Выручка' is clicked on

31-03-2025T11:38:42 - [MESSAGE][PASSED] - Object: 'Object Repository/Выручка в рублях/Фильтр Выручка' is clicked on

31-03-2025T11:38:42 - [TEST_STEP][PASSED] - click(findTestObject("Выручка в рублях/Внутренний оборот в фильтре Выручка" + nameOfBlock)): Object: 'Object Repository/Выручка в рублях/Внутренний оборот в фильтре Выручка' is clicked on

31-03-2025T11:38:43 - [MESSAGE][PASSED] - Object: 'Object Repository/Выручка в рублях/Внутренний оборот в фильтре Выручка' is clicked on

31-03-2025T11:38:43 - [TEST_STEP][PASSED] - click(findTestObject("Выручка в рублях/Применить в фильтре Выручка" + nameOfBlock)): Object: 'Object Repository/Выручка в рублях/Применить в фильтре Выручка' is clicked on

31-03-2025T11:38:44 - [MESSAGE][PASSED] - Object: 'Object Repository/Выручка в рублях/Применить в фильтре Выручка' is clicked on

31-03-2025T11:38:44 - [TEST_STEP][PASSED] - click(findTestObject("Выручка в рублях/Фильтр ДЗО" + nameOfBlock)): Object: 'Object Repository/Выручка в рублях/Фильтр ДЗО' is clicked on

31-03-2025T11:38:45 - [MESSAGE][PASSED] - Object: 'Object Repository/Выручка в рублях/Фильтр ДЗО' is clicked on

31-03-2025T11:38:45 - [TEST_STEP][PASSED] - Script1742558545601.Rosseti(nameOfBlock): null

31-03-2025T11:38:45 - [TEST_STEP][PASSED] - println("nameOfBlock:" + nameOfBlock): null

31-03-2025T11:38:45 - [TEST_STEP][PASSED] - click(findTestObject("Выручка в рублях/ПАО Россети" + nameOfBlock)): Object: 'Object Repository/Выручка в рублях/ПАО Россети' is clicked on

31-03-2025T11:38:46 - [MESSAGE][PASSED] - Object: 'Object Repository/Выручка в рублях/ПАО Россети' is clicked on

31-03-2025T11:38:46 - [TEST_STEP][PASSED] - click(findTestObject("Выручка в рублях/Применить в фильтре ДЗО" + nameOfBlock)): Object: 'Object Repository/Выручка в рублях/Применить в фильтре ДЗО' is clicked on

31-03-2025T11:38:46 - [MESSAGE][PASSED] - Object: 'Object Repository/Выручка в рублях/Применить в фильтре ДЗО' is clicked on

31-03-2025T11:38:46 - [TEST_STEP][PASSED] - if (run == 2): null

31-03-2025T11:38:46 - [TEST_STEP][PASSED] - perc = " Perc": null

31-03-2025T11:38:46 - [TEST_STEP][PASSED] - if (vir == 1 || vir == 2): null

31-03-2025T11:38:46 - [TEST_STEP][PASSED] - else: Text of object 'Object Repository/Выручка в рублях/vir3Plan' is: '5 663'

31-03-2025T11:38:46 - [TEST_STEP][PASSED] - a1 = getText(findTestObject("Выручка в рублях/vir3Plan")): Text of object 'Object Repository/Выручка в рублях/vir3Plan' is: '5 663'

31-03-2025T11:38:47 - [MESSAGE][PASSED] - Text of object 'Object Repository/Выручка в рублях/vir3Plan' is: '5 663'

31-03-2025T11:38:47 - [TEST_STEP][PASSED] - if (vir == 1 || vir == 2): null

31-03-2025T11:38:47 - [TEST_STEP][PASSED] - else: Text of object 'Object Repository/Выручка в рублях/vir3Fact' is: '4 846'

31-03-2025T11:38:47 - [TEST_STEP][PASSED] - a2 = getText(findTestObject("Выручка в рублях/vir3Fact")): Text of object 'Object Repository/Выручка в рублях/vir3Fact' is: '4 846'

31-03-2025T11:38:47 - [MESSAGE][PASSED] - Text of object 'Object Repository/Выручка в рублях/vir3Fact' is: '4 846'

31-03-2025T11:38:47 - [TEST_STEP][PASSED] - a30 = getText(findTestObject("Выручка в рублях/span1" + perc)): Text of object 'Object Repository/Выручка в рублях/span1 Perc' is: '-14.43 %'

31-03-2025T11:38:48 - [MESSAGE][PASSED] - Text of object 'Object Repository/Выручка в рублях/span1 Perc' is: '-14.43 %'

31-03-2025T11:38:48 - [TEST_STEP][PASSED] - i = a30.indexOf("млн.руб."): null

31-03-2025T11:38:48 - [TEST_STEP][PASSED] - if (i > -1): null

31-03-2025T11:38:48 - [TEST_STEP][PASSED] - if (a30.contains("%")): null

31-03-2025T11:38:48 - [TEST_STEP][PASSED] - a30 = a30.replaceAll("%", ""): null

31-03-2025T11:38:48 - [TEST_STEP][PASSED] - a30 = ").trim(): null

31-03-2025T11:38:48 - [TEST_STEP][PASSED] - println("a30: " + a30): null

31-03-2025T11:38:48 - [TEST_STEP][PASSED] - if (vir == 1): null

31-03-2025T11:38:48 - [TEST_STEP][PASSED] - else if (vir == 2): null

31-03-2025T11:38:48 - [TEST_STEP][PASSED] - else: Text of object 'Object Repository/Выручка в рублях/span5 Perc' is: '1.5 %'

31-03-2025T11:38:48 - [TEST_STEP][PASSED] - a32 = ").trim(): Text of object 'Object Repository/Выручка в рублях/span2 Perc' is: '10.07 %'

31-03-2025T11:38:48 - [MESSAGE][PASSED] - Text of object 'Object Repository/Выручка в рублях/span2 Perc' is: '10.07 %'

31-03-2025T11:38:48 - [TEST_STEP][PASSED] - a33 = ").trim(): Text of object 'Object Repository/Выручка в рублях/span3 Perc' is: '-7.67 %'

31-03-2025T11:38:48 - [MESSAGE][PASSED] - Text of object 'Object Repository/Выручка в рублях/span3 Perc' is: '-7.67 %'

31-03-2025T11:38:48 - [TEST_STEP][PASSED] - a38 = ").trim(): Text of object 'Object Repository/Выручка в рублях/span4 Perc' is: '-17.97 %'

31-03-2025T11:38:49 - [MESSAGE][PASSED] - Text of object 'Object Repository/Выручка в рублях/span4 Perc' is: '-17.97 %'

31-03-2025T11:38:49 - [TEST_STEP][PASSED] - a317 = ").trim(): Text of object 'Object Repository/Выручка в рублях/span5 Perc' is: '1.5 %'

31-03-2025T11:38:49 - [MESSAGE][PASSED] - Text of object 'Object Repository/Выручка в рублях/span5 Perc' is: '1.5 %'

31-03-2025T11:38:49 - [TEST_STEP][PASSED] - block = 2: null

31-03-2025T11:38:49 - [TEST_STEP][PASSED] - nameOfBlock = " Выручка": null

31-03-2025T11:38:49 - [TEST_STEP][PASSED] - Script1742558545601.PreSettings(run, vir, block, nameOfBlock, typeOfData, todaysDate): null

31-03-2025T11:38:49 - [TEST_STEP][PASSED] - openBrowser(""): Browser is opened with url: ''

31-03-2025T11:38:49 - [MESSAGE][WARNING] - A browser is already opened. Closing browser and opening a new one

31-03-2025T11:38:49 - [MESSAGE][INFO] - Starting 'Chrome' driver

31-03-2025T11:38:49 - [MESSAGE][INFO] - Action delay is set to 0 milliseconds

31-03-2025T11:38:50 - [MESSAGE][PASSED] - Browser is opened with url: ''

31-03-2025T11:38:50 - [TEST_STEP][PASSED] - refresh(): Refresh successfully

31-03-2025T11:38:50 - [MESSAGE][PASSED] - Refresh successfully

31-03-2025T11:38:50 - [TEST_STEP][PASSED] - delay(50): Delayed 50 second(s)

31-03-2025T11:39:40 - [MESSAGE][PASSED] - Delayed 50 second(s)

31-03-2025T11:39:40 - [TEST_STEP][PASSED] - println("run:" + run): null

31-03-2025T11:39:40 - [TEST_STEP][PASSED] - println("vir:" + vir): null

31-03-2025T11:39:40 - [TEST_STEP][PASSED] - println("block:" + block): null

31-03-2025T11:39:40 - [TEST_STEP][PASSED] - if (block == 1): null

31-03-2025T11:39:40 - [TEST_STEP][PASSED] - else: null

31-03-2025T11:39:40 - [TEST_STEP][PASSED] - nameOfBlock = " Выручка": null

31-03-2025T11:39:40 - [TEST_STEP][PASSED] - println("nameOfBlock:" + nameOfBlock): null

31-03-2025T11:39:40 - [TEST_STEP][PASSED] - println("typeOfData:" + typeOfData): null

31-03-2025T11:39:40 - [TEST_STEP][PASSED] - println("todaysDate:" + todaysDate): null

31-03-2025T11:39:40 - [TEST_STEP][PASSED] - Script1742558545601.Autorization(block, nameOfBlock): null

31-03-2025T11:39:40 - [TEST_STEP][PASSED] - i = <not implemented yet for class: org.codehaus.groovy.ast.expr.EmptyExpression>: null

31-03-2025T11:39:40 - [TEST_STEP][PASSED] - ii = <not implemented yet for class: org.codehaus.groovy.ast.expr.EmptyExpression>: null

31-03-2025T11:39:40 - [TEST_STEP][PASSED] - urlData = <not implemented yet for class: org.codehaus.groovy.ast.expr.EmptyExpression>: null

31-03-2025T11:39:40 - [TEST_STEP][PASSED] - searchWord = <not implemented yet for class: org.codehaus.groovy.ast.expr.EmptyExpression>: null

31-03-2025T11:39:40 - [TEST_STEP][PASSED] - urlText = <not implemented yet for class: org.codehaus.groovy.ast.expr.EmptyExpression>: null

31-03-2025T11:39:40 - [TEST_STEP][PASSED] - println("block:" + block): null

31-03-2025T11:39:40 - [TEST_STEP][PASSED] - if (block == 1): null

31-03-2025T11:39:40 - [TEST_STEP][PASSED] - else: null

31-03-2025T11:39:40 - [TEST_STEP][PASSED] - delay(45): Delayed 45 second(s)

31-03-2025T11:40:25 - [MESSAGE][PASSED] - Delayed 45 second(s)

31-03-2025T11:40:25 - [TEST_STEP][PASSED] - nameOfBlock = " Выручка": null

31-03-2025T11:40:25 - [TEST_STEP][PASSED] - println("nameOfBlock:" + nameOfBlock): null

31-03-2025T11:40:25 - [TEST_STEP][PASSED] - if (block == 1): null

31-03-2025T11:40:25 - [TEST_STEP][PASSED] - else: Delayed 45 second(s)

31-03-2025T11:40:25 - [TEST_STEP][PASSED] - urlData = 9: null

31-03-2025T11:40:25 - [TEST_STEP][PASSED] - delay(45): Delayed 45 second(s)

31-03-2025T11:41:10 - [MESSAGE][PASSED] - Delayed 45 second(s)

31-03-2025T11:41:10 - [TEST_STEP][PASSED] - navigateToUrl(findTestData("PlanFact").getValue(10, urlData)): Navigate to 'https://bi.rosseti.digital/viewer?dashboardGuid=a1fd28b3785d443cbc4d7690a1d78e31&sheetGuid=86092a20c5984827a0c87b24cac76a50&fit=true' successfully

31-03-2025T11:41:14 - [MESSAGE][PASSED] - Navigate to 'https://bi.rosseti.digital/viewer?dashboardGuid=a1fd28b3785d443cbc4d7690a1d78e31&sheetGuid=86092a20c5984827a0c87b24cac76a50&fit=true' successfully

31-03-2025T11:41:14 - [TEST_STEP][PASSED] - urlText = getText(findTestObject("Страница авторизации/Text")): Text of object 'Object Repository/Страница авторизации/Text' is: 'Вход'

31-03-2025T11:41:15 - [MESSAGE][PASSED] - Text of object 'Object Repository/Страница авторизации/Text' is: 'Вход'

31-03-2025T11:41:15 - [TEST_STEP][PASSED] - searchWord = "Вход": null

31-03-2025T11:41:15 - [TEST_STEP][PASSED] - if (urlText == null || urlText.contains("ошибка") || urlText.contains(searchWord) == false): null

31-03-2025T11:41:15 - [TEST_STEP][PASSED] - if (verifyElementPresent(findTestObject("Страница авторизации/button_"), 30) == true): null

31-03-2025T11:41:16 - [MESSAGE][PASSED] - Object 'Object Repository/Страница авторизации/button_' is present

31-03-2025T11:41:16 - [TEST_STEP][PASSED] - setText(findTestObject("Страница авторизации/input__username"), findTestData("PlanFact").getValue(8, 1)): Text 'liazgina-di' is set on object 'Object Repository/Страница авторизации/input__username'

31-03-2025T11:41:16 - [MESSAGE][PASSED] - Text 'liazgina-di' is set on object 'Object Repository/Страница авторизации/input__username'

31-03-2025T11:41:16 - [TEST_STEP][PASSED] - setText(findTestObject("Страница авторизации/input__password"), findTestData("PlanFact").getValue(9, 1)): Text ')$%5srZ8o688Dm#q' is set on object 'Object Repository/Страница авторизации/input__password'

31-03-2025T11:41:17 - [MESSAGE][PASSED] - Text ')$%5srZ8o688Dm#q' is set on object 'Object Repository/Страница авторизации/input__password'

31-03-2025T11:41:17 - [TEST_STEP][PASSED] - click(findTestObject("Страница авторизации/button_")): Object: 'Object Repository/Страница авторизации/button_' is clicked on

31-03-2025T11:41:18 - [MESSAGE][PASSED] - Object: 'Object Repository/Страница авторизации/button_' is clicked on

31-03-2025T11:41:18 - [TEST_STEP][PASSED] - delay(45): Delayed 45 second(s)

31-03-2025T11:42:03 - [MESSAGE][PASSED] - Delayed 45 second(s)

31-03-2025T11:42:03 - [TEST_STEP][PASSED] - urlText = getText(findTestObject("Страница авторизации/Text")): Text of object 'Object Repository/Страница авторизации/Text' is: 'Период
Выбрано: 2
Выручка
Все
Выполнение плановых показателей, млн.руб.
План
Факт
Динамика
2025 год
0 млн.руб.
50 000 млн.руб.
100 000 млн.руб.
150 000 млн.руб.
200 000 млн.руб.
250 000 млн.руб.
300 000 млн.руб.
350 000 млн.руб.
400 000 млн.руб.
318 025
284 426
↓
ДЗО 
Все
Подписи данных
⬤Отклонение
АО "РЭС"
АО «Тываэнерго»
АО «Чеченэнерго»
Россети Волга
Россети Кубань
Россети Ленэнерго (ГК)
Россети Московский регион
Россети Северный Кавказ (ГК)
Россети Северо-Запад
Россети Сибирь (ГК)
Россети Томск
Россети Тюмень
Россети Урал (ГК)
Россети ФСК ЕЭС
Россети Центр
Россети Центр и Приволжье (ГК)
Россети Юг (ГК)
Россети Янтарь
-30 000 млн.руб.
-27 500 млн.руб.
-25 000 млн.руб.
-22 500 млн.руб.
-20 000 млн.руб.
-17 500 млн.руб.
-15 000 млн.руб.
-12 500 млн.руб.
-10 000 млн.руб.
-7 500 млн.руб.
-5 000 млн.руб.
-2 500 млн.руб.
0 млн.руб.
2 500 млн.руб.
-170
27
-76
-270
552
-244
-1 353
-805
-232
848
-47
-1 858
-701
-28 384
-520
-484
68
50
млн.
%
Выручка
Отклонение выручки (факт/план, млн. руб) 
ПАО Россети
-33 598.6 млн.руб.
Статус данных
×
Просьба обратить внимание
Данные занесены не полностью
ВЫБРАННЫЕ ЗНАЧЕНИЯ ФИЛЬТРОВ
ДЗО | ПЕРИОД
ПАО Россети: [«Выбраны все филиалы по всем ДЗО по всем категориям»]
2025: [Янв, Фев]
*Внутренний оборот'

31-03-2025T11:42:04 - [MESSAGE][PASSED] - Text of object 'Object Repository/Страница авторизации/Text' is: 'Период
Выбрано: 2
Выручка
Все
Выполнение плановых показателей, млн.руб.
План
Факт
Динамика
2025 год
0 млн.руб.
50 000 млн.руб.
100 000 млн.руб.
150 000 млн.руб.
200 000 млн.руб.
250 000 млн.руб.
300 000 млн.руб.
350 000 млн.руб.
400 000 млн.руб.
318 025
284 426
↓
ДЗО 
Все
Подписи данных
⬤Отклонение
АО "РЭС"
АО «Тываэнерго»
АО «Чеченэнерго»
Россети Волга
Россети Кубань
Россети Ленэнерго (ГК)
Россети Московский регион
Россети Северный Кавказ (ГК)
Россети Северо-Запад
Россети Сибирь (ГК)
Россети Томск
Россети Тюмень
Россети Урал (ГК)
Россети ФСК ЕЭС
Россети Центр
Россети Центр и Приволжье (ГК)
Россети Юг (ГК)
Россети Янтарь
-30 000 млн.руб.
-27 500 млн.руб.
-25 000 млн.руб.
-22 500 млн.руб.
-20 000 млн.руб.
-17 500 млн.руб.
-15 000 млн.руб.
-12 500 млн.руб.
-10 000 млн.руб.
-7 500 млн.руб.
-5 000 млн.руб.
-2 500 млн.руб.
0 млн.руб.
2 500 млн.руб.
-170
27
-76
-270
552
-244
-1 353
-805
-232
848
-47
-1 858
-701
-28 384
-520
-484
68
50
млн.
%
Выручка
Отклонение выручки (факт/план, млн. руб) 
ПАО Россети
-33 598.6 млн.руб.
Статус данных
×
Просьба обратить внимание
Данные занесены не полностью
ВЫБРАННЫЕ ЗНАЧЕНИЯ ФИЛЬТРОВ
ДЗО | ПЕРИОД
ПАО Россети: [«Выбраны все филиалы по всем ДЗО по всем категориям»]
2025: [Янв, Фев]
*Внутренний оборот'

31-03-2025T11:42:04 - [TEST_STEP][PASSED] - searchWord = "а": null

31-03-2025T11:42:04 - [TEST_STEP][PASSED] - if (urlText.contains("ошибка") || urlText.contains(searchWord) == false): null

31-03-2025T11:42:04 - [TEST_STEP][PASSED] - delay(45): Delayed 45 second(s)

31-03-2025T11:42:49 - [MESSAGE][PASSED] - Delayed 45 second(s)

31-03-2025T11:42:49 - [TEST_STEP][PASSED] - if (block == 2): Delayed 50 second(s)

31-03-2025T11:42:49 - [TEST_STEP][PASSED] - opoveshenie = getText(findTestObject("Выручка в рублях/Просьба обратить внимание")): Text of object 'Object Repository/Выручка в рублях/Просьба обратить внимание' is: 'Просьба обратить внимание'

31-03-2025T11:42:49 - [MESSAGE][PASSED] - Text of object 'Object Repository/Выручка в рублях/Просьба обратить внимание' is: 'Просьба обратить внимание'

31-03-2025T11:42:49 - [TEST_STEP][PASSED] - if (opoveshenie == "Просьба обратить внимание"): Delayed 50 second(s)

31-03-2025T11:42:49 - [TEST_STEP][PASSED] - click(findTestObject("Выручка в рублях/Закрыть оповещение")): Object: 'Object Repository/Выручка в рублях/Закрыть оповещение' is clicked on

31-03-2025T11:42:50 - [MESSAGE][PASSED] - Object: 'Object Repository/Выручка в рублях/Закрыть оповещение' is clicked on

31-03-2025T11:42:50 - [TEST_STEP][PASSED] - delay(50): Delayed 50 second(s)

31-03-2025T11:43:40 - [MESSAGE][PASSED] - Delayed 50 second(s)

31-03-2025T11:43:40 - [TEST_STEP][PASSED] - click(findTestObject("Выручка в рублях/Фильтр Период" + nameOfBlock)): Object: 'Object Repository/Выручка в рублях/Фильтр Период Выручка' is clicked on

31-03-2025T11:43:40 - [MESSAGE][PASSED] - Object: 'Object Repository/Выручка в рублях/Фильтр Период Выручка' is clicked on

31-03-2025T11:43:40 - [TEST_STEP][PASSED] - click(findTestObject("Выручка в рублях/Снять выделение в фильтре Дата" + nameOfBlock)): Object: 'Object Repository/Выручка в рублях/Снять выделение в фильтре Дата Выручка' is clicked on

31-03-2025T11:43:41 - [MESSAGE][PASSED] - Object: 'Object Repository/Выручка в рублях/Снять выделение в фильтре Дата Выручка' is clicked on

31-03-2025T11:43:41 - [TEST_STEP][PASSED] - click(findTestObject("Выручка в рублях/Применить в фильтре Дата" + nameOfBlock)): Object: 'Object Repository/Выручка в рублях/Применить в фильтре Дата Выручка' is clicked on

31-03-2025T11:43:41 - [MESSAGE][PASSED] - Object: 'Object Repository/Выручка в рублях/Применить в фильтре Дата Выручка' is clicked on

31-03-2025T11:43:41 - [TEST_STEP][PASSED] - delay(50): Delayed 50 second(s)

31-03-2025T11:44:31 - [MESSAGE][PASSED] - Delayed 50 second(s)

31-03-2025T11:44:31 - [TEST_STEP][PASSED] - click(findTestObject("Выручка в рублях/Фильтр Период" + nameOfBlock)): Object: 'Object Repository/Выручка в рублях/Фильтр Период Выручка' is clicked on

31-03-2025T11:44:31 - [MESSAGE][PASSED] - Object: 'Object Repository/Выручка в рублях/Фильтр Период Выручка' is clicked on

31-03-2025T11:44:31 - [TEST_STEP][PASSED] - click(findTestObject("Выручка в рублях/Снять выделение в фильтре Дата" + nameOfBlock)): Object: 'Object Repository/Выручка в рублях/Снять выделение в фильтре Дата Выручка' is clicked on

31-03-2025T11:44:32 - [MESSAGE][PASSED] - Object: 'Object Repository/Выручка в рублях/Снять выделение в фильтре Дата Выручка' is clicked on

31-03-2025T11:44:32 - [TEST_STEP][PASSED] - scrollToElement(findTestObject("Выручка в рублях/2025 список" + nameOfBlock), 30): Scroll to object 'Object Repository/Выручка в рублях/2025 список Выручка' successfully

31-03-2025T11:44:32 - [MESSAGE][PASSED] - Scroll to object 'Object Repository/Выручка в рублях/2025 список Выручка' successfully

31-03-2025T11:44:32 - [TEST_STEP][PASSED] - click(findTestObject("Выручка в рублях/2025 список" + nameOfBlock)): Object: 'Object Repository/Выручка в рублях/2025 список Выручка' is clicked on

31-03-2025T11:44:33 - [MESSAGE][PASSED] - Object: 'Object Repository/Выручка в рублях/2025 список Выручка' is clicked on

31-03-2025T11:44:33 - [TEST_STEP][PASSED] - scrollToElement(findTestObject("Выручка в рублях/1 квартал 2025 список Выручка"), 30): Scroll to object 'Object Repository/Выручка в рублях/1 квартал 2025 список Выручка' successfully

31-03-2025T11:44:33 - [MESSAGE][PASSED] - Scroll to object 'Object Repository/Выручка в рублях/1 квартал 2025 список Выручка' successfully

31-03-2025T11:44:33 - [TEST_STEP][PASSED] - click(findTestObject("Выручка в рублях/1 квартал 2025 список" + nameOfBlock)): Object: 'Object Repository/Выручка в рублях/1 квартал 2025 список Выручка' is clicked on

31-03-2025T11:44:33 - [MESSAGE][PASSED] - Object: 'Object Repository/Выручка в рублях/1 квартал 2025 список Выручка' is clicked on

31-03-2025T11:44:33 - [TEST_STEP][PASSED] - scrollToElement(findTestObject("Выручка в рублях/Январь 2025" + nameOfBlock), 30): Scroll to object 'Object Repository/Выручка в рублях/Январь 2025 Выручка' successfully

31-03-2025T11:44:34 - [MESSAGE][PASSED] - Scroll to object 'Object Repository/Выручка в рублях/Январь 2025 Выручка' successfully

31-03-2025T11:44:34 - [TEST_STEP][PASSED] - click(findTestObject("Выручка в рублях/Январь 2025" + nameOfBlock)): Object: 'Object Repository/Выручка в рублях/Январь 2025 Выручка' is clicked on

31-03-2025T11:44:34 - [MESSAGE][PASSED] - Object: 'Object Repository/Выручка в рублях/Январь 2025 Выручка' is clicked on

31-03-2025T11:44:34 - [TEST_STEP][PASSED] - scrollToElement(findTestObject("Выручка в рублях/Февраль 2025" + nameOfBlock), 30): Scroll to object 'Object Repository/Выручка в рублях/Февраль 2025 Выручка' successfully

31-03-2025T11:44:35 - [MESSAGE][PASSED] - Scroll to object 'Object Repository/Выручка в рублях/Февраль 2025 Выручка' successfully

31-03-2025T11:44:35 - [TEST_STEP][PASSED] - click(findTestObject("Выручка в рублях/Февраль 2025" + nameOfBlock)): Object: 'Object Repository/Выручка в рублях/Февраль 2025 Выручка' is clicked on

31-03-2025T11:44:35 - [MESSAGE][PASSED] - Object: 'Object Repository/Выручка в рублях/Февраль 2025 Выручка' is clicked on

31-03-2025T11:44:35 - [TEST_STEP][PASSED] - scrollToElement(findTestObject("Выручка в рублях/Заголовок дашборда" + nameOfBlock), 30): Scroll to object 'Object Repository/Выручка в рублях/Заголовок дашборда Выручка' successfully

31-03-2025T11:44:35 - [MESSAGE][PASSED] - Scroll to object 'Object Repository/Выручка в рублях/Заголовок дашборда Выручка' successfully

31-03-2025T11:44:35 - [TEST_STEP][PASSED] - click(findTestObject("Выручка в рублях/Применить в фильтре Дата" + nameOfBlock)): Object: 'Object Repository/Выручка в рублях/Применить в фильтре Дата Выручка' is clicked on

31-03-2025T11:44:36 - [MESSAGE][PASSED] - Object: 'Object Repository/Выручка в рублях/Применить в фильтре Дата Выручка' is clicked on

31-03-2025T11:44:36 - [TEST_STEP][PASSED] - delay(55): Delayed 55 second(s)

31-03-2025T11:45:31 - [MESSAGE][PASSED] - Delayed 55 second(s)

31-03-2025T11:45:31 - [TEST_STEP][PASSED] - click(findTestObject("Выручка в рублях/Фильтр ДЗО" + nameOfBlock)): Object: 'Object Repository/Выручка в рублях/Фильтр ДЗО Выручка' is clicked on

31-03-2025T11:45:31 - [MESSAGE][PASSED] - Object: 'Object Repository/Выручка в рублях/Фильтр ДЗО Выручка' is clicked on

31-03-2025T11:45:31 - [TEST_STEP][PASSED] - click(findTestObject("Выручка в рублях/Снять выделение в фильтре ДЗО" + nameOfBlock)): Object: 'Object Repository/Выручка в рублях/Снять выделение в фильтре ДЗО Выручка' is clicked on

31-03-2025T11:45:32 - [MESSAGE][PASSED] - Object: 'Object Repository/Выручка в рублях/Снять выделение в фильтре ДЗО Выручка' is clicked on

31-03-2025T11:45:32 - [TEST_STEP][PASSED] - click(findTestObject("Выручка в рублях/Применить в фильтре ДЗО" + nameOfBlock)): Object: 'Object Repository/Выручка в рублях/Применить в фильтре ДЗО Выручка' is clicked on

31-03-2025T11:45:32 - [MESSAGE][PASSED] - Object: 'Object Repository/Выручка в рублях/Применить в фильтре ДЗО Выручка' is clicked on

31-03-2025T11:45:32 - [TEST_STEP][PASSED] - delay(50): Delayed 50 second(s)

31-03-2025T11:46:22 - [MESSAGE][PASSED] - Delayed 50 second(s)

31-03-2025T11:46:22 - [TEST_STEP][PASSED] - Script1742558545601.Tumbler(run, vir, block, nameOfBlock): null

31-03-2025T11:46:22 - [TEST_STEP][PASSED] - println("run:" + run): null

31-03-2025T11:46:22 - [TEST_STEP][PASSED] - println("vir:" + vir): null

31-03-2025T11:46:22 - [TEST_STEP][PASSED] - println("block:" + block): null

31-03-2025T11:46:22 - [TEST_STEP][PASSED] - println("nameOfBlock:" + nameOfBlock): null

31-03-2025T11:46:22 - [TEST_STEP][PASSED] - if (vir == 1): null

31-03-2025T11:46:22 - [TEST_STEP][PASSED] - else if (vir == 2): null

31-03-2025T11:46:22 - [TEST_STEP][PASSED] - else if (vir == 3): Object: 'Object Repository/Выручка в рублях/Применить в фильтре Выручка Выручка' is clicked on

31-03-2025T11:46:22 - [TEST_STEP][PASSED] - if (run == 2): Object: 'Object Repository/Выручка в рублях/Переключить отображение с млн на проценты Выручка в рублях Выручка' is clicked on

31-03-2025T11:46:22 - [TEST_STEP][PASSED] - click(findTestObject("Выручка в рублях/Переключить отображение с млн на проценты Выручка в рублях" + nameOfBlock)): Object: 'Object Repository/Выручка в рублях/Переключить отображение с млн на проценты Выручка в рублях Выручка' is clicked on

31-03-2025T11:46:23 - [MESSAGE][PASSED] - Object: 'Object Repository/Выручка в рублях/Переключить отображение с млн на проценты Выручка в рублях Выручка' is clicked on

31-03-2025T11:46:23 - [TEST_STEP][PASSED] - click(findTestObject("Выручка в рублях/Фильтр Выручка" + nameOfBlock)): Object: 'Object Repository/Выручка в рублях/Фильтр Выручка Выручка' is clicked on

31-03-2025T11:46:23 - [MESSAGE][PASSED] - Object: 'Object Repository/Выручка в рублях/Фильтр Выручка Выручка' is clicked on

31-03-2025T11:46:23 - [TEST_STEP][PASSED] - click(findTestObject("Выручка в рублях/Внутренний оборот в фильтре Выручка" + nameOfBlock)): Object: 'Object Repository/Выручка в рублях/Внутренний оборот в фильтре Выручка Выручка' is clicked on

31-03-2025T11:46:24 - [MESSAGE][PASSED] - Object: 'Object Repository/Выручка в рублях/Внутренний оборот в фильтре Выручка Выручка' is clicked on

31-03-2025T11:46:24 - [TEST_STEP][PASSED] - click(findTestObject("Выручка в рублях/Применить в фильтре Выручка" + nameOfBlock)): Object: 'Object Repository/Выручка в рублях/Применить в фильтре Выручка Выручка' is clicked on

31-03-2025T11:46:24 - [MESSAGE][PASSED] - Object: 'Object Repository/Выручка в рублях/Применить в фильтре Выручка Выручка' is clicked on

31-03-2025T11:46:24 - [TEST_STEP][PASSED] - click(findTestObject("Выручка в рублях/Фильтр ДЗО" + nameOfBlock)): Object: 'Object Repository/Выручка в рублях/Фильтр ДЗО Выручка' is clicked on

31-03-2025T11:46:26 - [MESSAGE][PASSED] - Object: 'Object Repository/Выручка в рублях/Фильтр ДЗО Выручка' is clicked on

31-03-2025T11:46:26 - [TEST_STEP][PASSED] - Script1742558545601.Rosseti(nameOfBlock): null

31-03-2025T11:46:26 - [TEST_STEP][PASSED] - println("nameOfBlock:" + nameOfBlock): null

31-03-2025T11:46:26 - [TEST_STEP][PASSED] - click(findTestObject("Выручка в рублях/ПАО Россети" + nameOfBlock)): Object: 'Object Repository/Выручка в рублях/ПАО Россети Выручка' is clicked on

31-03-2025T11:46:27 - [MESSAGE][PASSED] - Object: 'Object Repository/Выручка в рублях/ПАО Россети Выручка' is clicked on

31-03-2025T11:46:27 - [TEST_STEP][PASSED] - click(findTestObject("Выручка в рублях/Применить в фильтре ДЗО" + nameOfBlock)): Object: 'Object Repository/Выручка в рублях/Применить в фильтре ДЗО Выручка' is clicked on

31-03-2025T11:46:27 - [MESSAGE][PASSED] - Object: 'Object Repository/Выручка в рублях/Применить в фильтре ДЗО Выручка' is clicked on

31-03-2025T11:46:27 - [TEST_STEP][PASSED] - if (vir == 1 || vir == 2): null

31-03-2025T11:46:27 - [TEST_STEP][PASSED] - else: Text of object 'Object Repository/Выручка в рублях/vir3Plan Выручка' is: '5 663'

31-03-2025T11:46:27 - [TEST_STEP][PASSED] - b1 = getText(findTestObject("Выручка в рублях/vir3Plan Выручка")): Text of object 'Object Repository/Выручка в рублях/vir3Plan Выручка' is: '5 663'

31-03-2025T11:46:28 - [MESSAGE][PASSED] - Text of object 'Object Repository/Выручка в рублях/vir3Plan Выручка' is: '5 663'

31-03-2025T11:46:28 - [TEST_STEP][PASSED] - if (vir == 1 || vir == 2): null

31-03-2025T11:46:28 - [TEST_STEP][PASSED] - else: Text of object 'Object Repository/Выручка в рублях/vir3Fact Выручка' is: '4 846'

31-03-2025T11:46:28 - [TEST_STEP][PASSED] - b2 = getText(findTestObject("Выручка в рублях/vir3Fact Выручка")): Text of object 'Object Repository/Выручка в рублях/vir3Fact Выручка' is: '4 846'

31-03-2025T11:46:28 - [MESSAGE][PASSED] - Text of object 'Object Repository/Выручка в рублях/vir3Fact Выручка' is: '4 846'

31-03-2025T11:46:28 - [TEST_STEP][PASSED] - b30 = getText(findTestObject("Выручка в рублях/span1" + perc)): Text of object 'Object Repository/Выручка в рублях/span1 Perc' is: '-14.43 %'

31-03-2025T11:46:29 - [MESSAGE][PASSED] - Text of object 'Object Repository/Выручка в рублях/span1 Perc' is: '-14.43 %'

31-03-2025T11:46:29 - [TEST_STEP][PASSED] - i = b30.indexOf("млн.руб."): null

31-03-2025T11:46:29 - [TEST_STEP][PASSED] - if (i > -1): null

31-03-2025T11:46:29 - [TEST_STEP][PASSED] - if (b30.contains("%")): null

31-03-2025T11:46:29 - [TEST_STEP][PASSED] - b30 = b30.replaceAll("%", ""): null

31-03-2025T11:46:29 - [TEST_STEP][PASSED] - b30 = ").trim(): null

31-03-2025T11:46:29 - [TEST_STEP][PASSED] - println("b30: " + b30): null

31-03-2025T11:46:29 - [TEST_STEP][PASSED] - if (vir == 1): null

31-03-2025T11:46:29 - [TEST_STEP][PASSED] - else if (vir == 2): null

31-03-2025T11:46:29 - [TEST_STEP][PASSED] - else: Text of object 'Object Repository/Выручка в рублях/span5 Perc' is: '1.5 %'

31-03-2025T11:46:29 - [TEST_STEP][PASSED] - b32 = ").trim(): Text of object 'Object Repository/Выручка в рублях/span2 Perc' is: '10.07 %'

31-03-2025T11:46:29 - [MESSAGE][PASSED] - Text of object 'Object Repository/Выручка в рублях/span2 Perc' is: '10.07 %'

31-03-2025T11:46:29 - [TEST_STEP][PASSED] - b33 = ").trim(): Text of object 'Object Repository/Выручка в рублях/span3 Perc' is: '-7.67 %'

31-03-2025T11:46:29 - [MESSAGE][PASSED] - Text of object 'Object Repository/Выручка в рублях/span3 Perc' is: '-7.67 %'

31-03-2025T11:46:29 - [TEST_STEP][PASSED] - b38 = ").trim(): Text of object 'Object Repository/Выручка в рублях/span4 Perc' is: '-17.97 %'

31-03-2025T11:46:30 - [MESSAGE][PASSED] - Text of object 'Object Repository/Выручка в рублях/span4 Perc' is: '-17.97 %'

31-03-2025T11:46:30 - [TEST_STEP][PASSED] - b317 = ").trim(): Text of object 'Object Repository/Выручка в рублях/span5 Perc' is: '1.5 %'

31-03-2025T11:46:30 - [MESSAGE][PASSED] - Text of object 'Object Repository/Выручка в рублях/span5 Perc' is: '1.5 %'

31-03-2025T11:46:30 - [TEST_STEP][PASSED] - dZO = "ПАО Россети": null

31-03-2025T11:46:30 - [TEST_STEP][PASSED] - if (verifyEqual(a1, b1) == false): Actual object '5 663' and expected object '5 663' are equal

31-03-2025T11:46:30 - [MESSAGE][PASSED] - Actual object '5 663' and expected object '5 663' are equal

31-03-2025T11:46:30 - [TEST_STEP][PASSED] - if (verifyEqual(a2, b2) == false): Actual object '4 846' and expected object '4 846' are equal

31-03-2025T11:46:30 - [MESSAGE][PASSED] - Actual object '4 846' and expected object '4 846' are equal

31-03-2025T11:46:30 - [TEST_STEP][PASSED] - vidget = "Отклонения": null

31-03-2025T11:46:30 - [TEST_STEP][PASSED] - if (verifyEqual(a30, b30) == false): Actual object '-14.43' and expected object '-14.43' are equal

31-03-2025T11:46:30 - [MESSAGE][PASSED] - Actual object '-14.43' and expected object '-14.43' are equal

31-03-2025T11:46:30 - [TEST_STEP][PASSED] - dZO = "АО «РЭС»": null

31-03-2025T11:46:30 - [TEST_STEP][PASSED] - if (verifyEqual(a31, b31) == false): Actual object 'null' and expected object 'null' are equal

31-03-2025T11:46:30 - [MESSAGE][PASSED] - Actual object 'null' and expected object 'null' are equal

31-03-2025T11:46:30 - [TEST_STEP][PASSED] - dZO = "АО «Тываэнерго»": null

31-03-2025T11:46:30 - [TEST_STEP][PASSED] - if (verifyEqual(a32, b32) == false): Actual object '10.07' and expected object '10.07' are equal

31-03-2025T11:46:30 - [MESSAGE][PASSED] - Actual object '10.07' and expected object '10.07' are equal

31-03-2025T11:46:30 - [TEST_STEP][PASSED] - dZO = "АО «Чеченэнерго»": null

31-03-2025T11:46:30 - [TEST_STEP][PASSED] - if (verifyEqual(a33, b33) == false): Actual object '-7.67' and expected object '-7.67' are equal

31-03-2025T11:46:30 - [MESSAGE][PASSED] - Actual object '-7.67' and expected object '-7.67' are equal

31-03-2025T11:46:30 - [TEST_STEP][PASSED] - dZO = "Россети Волга": null

31-03-2025T11:46:30 - [TEST_STEP][PASSED] - if (verifyEqual(a34, b34) == false): Actual object 'null' and expected object 'null' are equal

31-03-2025T11:46:30 - [MESSAGE][PASSED] - Actual object 'null' and expected object 'null' are equal

31-03-2025T11:46:30 - [TEST_STEP][PASSED] - dZO = "Россети Кубань": null

31-03-2025T11:46:30 - [TEST_STEP][PASSED] - if (verifyEqual(a35, b35) == false): Actual object 'null' and expected object 'null' are equal

31-03-2025T11:46:30 - [MESSAGE][PASSED] - Actual object 'null' and expected object 'null' are equal

31-03-2025T11:46:30 - [TEST_STEP][PASSED] - dZO = "Россети Ленэнерго (ГК)": null

31-03-2025T11:46:30 - [TEST_STEP][PASSED] - if (verifyEqual(a36, b36) == false): Actual object 'null' and expected object 'null' are equal

31-03-2025T11:46:30 - [MESSAGE][PASSED] - Actual object 'null' and expected object 'null' are equal

31-03-2025T11:46:30 - [TEST_STEP][PASSED] - dZO = "Россети Московский регион": null

31-03-2025T11:46:30 - [TEST_STEP][PASSED] - if (verifyEqual(a37, b37) == false): Actual object 'null' and expected object 'null' are equal

31-03-2025T11:46:30 - [MESSAGE][PASSED] - Actual object 'null' and expected object 'null' are equal

31-03-2025T11:46:30 - [TEST_STEP][PASSED] - dZO = "Россети Северный Кавказ (ГК)": null

31-03-2025T11:46:30 - [TEST_STEP][PASSED] - if (verifyEqual(a38, b38) == false): Actual object '-17.97' and expected object '-17.97' are equal

31-03-2025T11:46:30 - [MESSAGE][PASSED] - Actual object '-17.97' and expected object '-17.97' are equal

31-03-2025T11:46:30 - [TEST_STEP][PASSED] - dZO = "Россети Северо-Запад": null

31-03-2025T11:46:30 - [TEST_STEP][PASSED] - if (verifyEqual(a39, b39) == false): Actual object 'null' and expected object 'null' are equal

31-03-2025T11:46:30 - [MESSAGE][PASSED] - Actual object 'null' and expected object 'null' are equal

31-03-2025T11:46:30 - [TEST_STEP][PASSED] - dZO = "Россети Сибирь (ГК)": null

31-03-2025T11:46:30 - [TEST_STEP][PASSED] - if (verifyEqual(a310, b310) == false): Actual object 'null' and expected object 'null' are equal

31-03-2025T11:46:30 - [MESSAGE][PASSED] - Actual object 'null' and expected object 'null' are equal

31-03-2025T11:46:30 - [TEST_STEP][PASSED] - dZO = "Россети Томск": null

31-03-2025T11:46:30 - [TEST_STEP][PASSED] - if (verifyEqual(a311, b311) == false): Actual object 'null' and expected object 'null' are equal

31-03-2025T11:46:30 - [MESSAGE][PASSED] - Actual object 'null' and expected object 'null' are equal

31-03-2025T11:46:30 - [TEST_STEP][PASSED] - dZO = "Россети Тюмень": null

31-03-2025T11:46:30 - [TEST_STEP][PASSED] - if (verifyEqual(a312, b312) == false): Actual object 'null' and expected object 'null' are equal

31-03-2025T11:46:30 - [MESSAGE][PASSED] - Actual object 'null' and expected object 'null' are equal

31-03-2025T11:46:30 - [TEST_STEP][PASSED] - dZO = "Россети Урал (ГК)": null

31-03-2025T11:46:30 - [TEST_STEP][PASSED] - if (verifyEqual(a313, b313) == false): Actual object 'null' and expected object 'null' are equal

31-03-2025T11:46:30 - [MESSAGE][PASSED] - Actual object 'null' and expected object 'null' are equal

31-03-2025T11:46:30 - [TEST_STEP][PASSED] - dZO = "Россети ФСК ЕЭС": null

31-03-2025T11:46:30 - [TEST_STEP][PASSED] - if (verifyEqual(a314, b314) == false): Actual object 'null' and expected object 'null' are equal

31-03-2025T11:46:30 - [MESSAGE][PASSED] - Actual object 'null' and expected object 'null' are equal

31-03-2025T11:46:30 - [TEST_STEP][PASSED] - dZO = "Россети Центр": null

31-03-2025T11:46:30 - [TEST_STEP][PASSED] - if (verifyEqual(a315, b315) == false): Actual object 'null' and expected object 'null' are equal

31-03-2025T11:46:30 - [MESSAGE][PASSED] - Actual object 'null' and expected object 'null' are equal

31-03-2025T11:46:30 - [TEST_STEP][PASSED] - dZO = "Россети Центр и Приволжье (ГК)": null

31-03-2025T11:46:30 - [TEST_STEP][PASSED] - if (verifyEqual(a316, b316) == false): Actual object 'null' and expected object 'null' are equal

31-03-2025T11:46:30 - [MESSAGE][PASSED] - Actual object 'null' and expected object 'null' are equal

31-03-2025T11:46:30 - [TEST_STEP][PASSED] - dZO = "Россети Юг (ГК)": null

31-03-2025T11:46:30 - [TEST_STEP][PASSED] - if (verifyEqual(a317, b317) == false): Actual object '1.5' and expected object '1.5' are equal

31-03-2025T11:46:30 - [MESSAGE][PASSED] - Actual object '1.5' and expected object '1.5' are equal

31-03-2025T11:46:30 - [TEST_STEP][PASSED] - dZO = "Россети Янтарь": null

31-03-2025T11:46:30 - [TEST_STEP][PASSED] - if (verifyEqual(a318, b318) == false): Actual object 'null' and expected object 'null' are equal

31-03-2025T11:46:30 - [MESSAGE][PASSED] - Actual object 'null' and expected object 'null' are equal

31-03-2025T11:46:30 - [TEST_STEP][PASSED] - closeBrowser(): Browser is closed

31-03-2025T11:46:30 - [MESSAGE][PASSED] - Browser is closed]]></system-out>
         <system-err><![CDATA[]]></system-err>
      </testcase>
      <testcase name="Test Cases/Сверки дашбордов/Выручка по ДЗО сверка дашбордов" time="4.934" classname="Test Cases/Сверки дашбордов/Выручка по ДЗО сверка дашбордов" status="ERROR">
         <error type="ERROR" message="Test Cases/Сверки дашбордов/Выручка по ДЗО сверка дашбордов FAILED.&#xa;Reason:&#xa;java.lang.IllegalArgumentException: Cannot find test data with id 'Data Files/PlanFact' because (of) 'java.lang.IllegalArgumentException: File is unsupported: C:\Users\LIAZGINA-DI\git\SPORU\Data Files\ПланФакт1.xls'&#xa;	at com.kms.katalon.core.testdata.TestDataFactory.findTestData(TestDataFactory.java:132)&#xa;	at Выручка по ДЗО сверка дашбордов.run(Выручка по ДЗО сверка дашбордов:31)&#xa;	at com.kms.katalon.core.main.ScriptEngine.run(ScriptEngine.java:194)&#xa;	at com.kms.katalon.core.main.ScriptEngine.runScriptAsRawText(ScriptEngine.java:119)&#xa;	at com.kms.katalon.core.main.TestCaseExecutor.runScript(TestCaseExecutor.java:448)&#xa;	at com.kms.katalon.core.main.TestCaseExecutor.doExecute(TestCaseExecutor.java:439)&#xa;	at com.kms.katalon.core.main.TestCaseExecutor.processExecutionPhase(TestCaseExecutor.java:418)&#xa;	at com.kms.katalon.core.main.TestCaseExecutor.accessMainPhase(TestCaseExecutor.java:410)&#xa;	at com.kms.katalon.core.main.TestCaseExecutor.execute(TestCaseExecutor.java:285)&#xa;	at com.kms.katalon.core.common.CommonExecutor.accessTestCaseMainPhase(CommonExecutor.java:65)&#xa;	at com.kms.katalon.core.main.TestSuiteExecutor.accessTestSuiteMainPhase(TestSuiteExecutor.java:150)&#xa;	at com.kms.katalon.core.main.TestSuiteExecutor.execute(TestSuiteExecutor.java:106)&#xa;	at com.kms.katalon.core.main.TestCaseMain.startTestSuite(TestCaseMain.java:180)&#xa;	at TempTestSuite1743404878601.run(TempTestSuite1743404878601.groovy:35)&#xa;	at java.base/jdk.internal.reflect.NativeMethodAccessorImpl.invoke0(Native Method)&#xa;	at java.base/jdk.internal.reflect.NativeMethodAccessorImpl.invoke(NativeMethodAccessorImpl.java:77)&#xa;	at java.base/jdk.internal.reflect.DelegatingMethodAccessorImpl.invoke(DelegatingMethodAccessorImpl.java:43)&#xa;"/>
         <system-out><![CDATA[31-03-2025T11:46:30 - [TEST_CASE][ERROR] - Test Cases/Сверки дашбордов/Выручка по ДЗО сверка дашбордов: Test Cases/Сверки дашбордов/Выручка по ДЗО сверка дашбордов FAILED.
Reason:
java.lang.IllegalArgumentException: Cannot find test data with id 'Data Files/PlanFact' because (of) 'java.lang.IllegalArgumentException: File is unsupported: C:\Users\LIAZGINA-DI\git\SPORU\Data Files\ПланФакт1.xls'
	at com.kms.katalon.core.testdata.TestDataFactory.findTestData(TestDataFactory.java:132)
	at Выручка по ДЗО сверка дашбордов.run(Выручка по ДЗО сверка дашбордов:31)
	at com.kms.katalon.core.main.ScriptEngine.run(ScriptEngine.java:194)
	at com.kms.katalon.core.main.ScriptEngine.runScriptAsRawText(ScriptEngine.java:119)
	at com.kms.katalon.core.main.TestCaseExecutor.runScript(TestCaseExecutor.java:448)
	at com.kms.katalon.core.main.TestCaseExecutor.doExecute(TestCaseExecutor.java:439)
	at com.kms.katalon.core.main.TestCaseExecutor.processExecutionPhase(TestCaseExecutor.java:418)
	at com.kms.katalon.core.main.TestCaseExecutor.accessMainPhase(TestCaseExecutor.java:410)
	at com.kms.katalon.core.main.TestCaseExecutor.execute(TestCaseExecutor.java:285)
	at com.kms.katalon.core.common.CommonExecutor.accessTestCaseMainPhase(CommonExecutor.java:65)
	at com.kms.katalon.core.main.TestSuiteExecutor.accessTestSuiteMainPhase(TestSuiteExecutor.java:150)
	at com.kms.katalon.core.main.TestSuiteExecutor.execute(TestSuiteExecutor.java:106)
	at com.kms.katalon.core.main.TestCaseMain.startTestSuite(TestCaseMain.java:180)
	at TempTestSuite1743404878601.run(TempTestSuite1743404878601.groovy:35)
	at java.base/jdk.internal.reflect.NativeMethodAccessorImpl.invoke0(Native Method)
	at java.base/jdk.internal.reflect.NativeMethodAccessorImpl.invoke(NativeMethodAccessorImpl.java:77)
	at java.base/jdk.internal.reflect.DelegatingMethodAccessorImpl.invoke(DelegatingMethodAccessorImpl.java:43)


31-03-2025T11:46:30 - [TEST_STEP][PASSED] - date = new java.util.Date(): null

31-03-2025T11:46:30 - [TEST_STEP][PASSED] - todaysDate = date.format("dd.MM.yyyy"): null

31-03-2025T11:46:30 - [TEST_STEP][PASSED] - println(todaysDate): null

31-03-2025T11:46:30 - [TEST_STEP][PASSED] - openBrowser(""): Browser is opened with url: ''

31-03-2025T11:46:30 - [MESSAGE][INFO] - Starting 'Chrome' driver

31-03-2025T11:46:30 - [MESSAGE][INFO] - Action delay is set to 0 milliseconds

31-03-2025T11:46:31 - [MESSAGE][PASSED] - Browser is opened with url: ''

31-03-2025T11:46:31 - [TEST_STEP][PASSED] - navigateToUrl(findTestData("PlanFact").getValue(10, 5)): Navigate to 'https://bi.rosseti.digital/viewer?dashboardGuid=2301950b23be4ed89c1df75f2020051e&sheetGuid=31530aa0b6664c09b016b7f2ab9d853e&fit=true' successfully

31-03-2025T11:46:35 - [MESSAGE][PASSED] - Navigate to 'https://bi.rosseti.digital/viewer?dashboardGuid=2301950b23be4ed89c1df75f2020051e&sheetGuid=31530aa0b6664c09b016b7f2ab9d853e&fit=true' successfully

31-03-2025T11:46:35 - [TEST_STEP][ERROR] - setText(findTestObject("Страница авторизации/input__username"), findTestData("PlanFact").getValue(8, 1)): Test Cases/Сверки дашбордов/Выручка по ДЗО сверка дашбордов FAILED.
Reason:
java.lang.IllegalArgumentException: Cannot find test data with id 'Data Files/PlanFact' because (of) 'java.lang.IllegalArgumentException: File is unsupported: C:\Users\LIAZGINA-DI\git\SPORU\Data Files\ПланФакт1.xls'
	at com.kms.katalon.core.testdata.TestDataFactory.findTestData(TestDataFactory.java:132)
	at Выручка по ДЗО сверка дашбордов.run(Выручка по ДЗО сверка дашбордов:31)
	at com.kms.katalon.core.main.ScriptEngine.run(ScriptEngine.java:194)
	at com.kms.katalon.core.main.ScriptEngine.runScriptAsRawText(ScriptEngine.java:119)
	at com.kms.katalon.core.main.TestCaseExecutor.runScript(TestCaseExecutor.java:448)
	at com.kms.katalon.core.main.TestCaseExecutor.doExecute(TestCaseExecutor.java:439)
	at com.kms.katalon.core.main.TestCaseExecutor.processExecutionPhase(TestCaseExecutor.java:418)
	at com.kms.katalon.core.main.TestCaseExecutor.accessMainPhase(TestCaseExecutor.java:410)
	at com.kms.katalon.core.main.TestCaseExecutor.execute(TestCaseExecutor.java:285)
	at com.kms.katalon.core.common.CommonExecutor.accessTestCaseMainPhase(CommonExecutor.java:65)
	at com.kms.katalon.core.main.TestSuiteExecutor.accessTestSuiteMainPhase(TestSuiteExecutor.java:150)
	at com.kms.katalon.core.main.TestSuiteExecutor.execute(TestSuiteExecutor.java:106)
	at com.kms.katalon.core.main.TestCaseMain.startTestSuite(TestCaseMain.java:180)
	at TempTestSuite1743404878601.run(TempTestSuite1743404878601.groovy:35)
	at java.base/jdk.internal.reflect.NativeMethodAccessorImpl.invoke0(Native Method)
	at java.base/jdk.internal.reflect.NativeMethodAccessorImpl.invoke(NativeMethodAccessorImpl.java:77)
	at java.base/jdk.internal.reflect.DelegatingMethodAccessorImpl.invoke(DelegatingMethodAccessorImpl.java:43)


31-03-2025T11:46:35 - [MESSAGE][ERROR] - Test Cases/Сверки дашбордов/Выручка по ДЗО сверка дашбордов FAILED.
Reason:
java.lang.IllegalArgumentException: Cannot find test data with id 'Data Files/PlanFact' because (of) 'java.lang.IllegalArgumentException: File is unsupported: C:\Users\LIAZGINA-DI\git\SPORU\Data Files\ПланФакт1.xls'
	at com.kms.katalon.core.testdata.TestDataFactory.findTestData(TestDataFactory.java:132)
	at Выручка по ДЗО сверка дашбордов.run(Выручка по ДЗО сверка дашбордов:31)
	at com.kms.katalon.core.main.ScriptEngine.run(ScriptEngine.java:194)
	at com.kms.katalon.core.main.ScriptEngine.runScriptAsRawText(ScriptEngine.java:119)
	at com.kms.katalon.core.main.TestCaseExecutor.runScript(TestCaseExecutor.java:448)
	at com.kms.katalon.core.main.TestCaseExecutor.doExecute(TestCaseExecutor.java:439)
	at com.kms.katalon.core.main.TestCaseExecutor.processExecutionPhase(TestCaseExecutor.java:418)
	at com.kms.katalon.core.main.TestCaseExecutor.accessMainPhase(TestCaseExecutor.java:410)
	at com.kms.katalon.core.main.TestCaseExecutor.execute(TestCaseExecutor.java:285)
	at com.kms.katalon.core.common.CommonExecutor.accessTestCaseMainPhase(CommonExecutor.java:65)
	at com.kms.katalon.core.main.TestSuiteExecutor.accessTestSuiteMainPhase(TestSuiteExecutor.java:150)
	at com.kms.katalon.core.main.TestSuiteExecutor.execute(TestSuiteExecutor.java:106)
	at com.kms.katalon.core.main.TestCaseMain.startTestSuite(TestCaseMain.java:180)
	at TempTestSuite1743404878601.run(TempTestSuite1743404878601.groovy:35)
	at java.base/jdk.internal.reflect.NativeMethodAccessorImpl.invoke0(Native Method)
	at java.base/jdk.internal.reflect.NativeMethodAccessorImpl.invoke(NativeMethodAccessorImpl.java:77)
	at java.base/jdk.internal.reflect.DelegatingMethodAccessorImpl.invoke(DelegatingMethodAccessorImpl.java:43)]]></system-out>
         <system-err><![CDATA[31-03-2025T11:46:30 - [TEST_CASE][ERROR] - Test Cases/Сверки дашбордов/Выручка по ДЗО сверка дашбордов: Test Cases/Сверки дашбордов/Выручка по ДЗО сверка дашбордов FAILED.
Reason:
java.lang.IllegalArgumentException: Cannot find test data with id 'Data Files/PlanFact' because (of) 'java.lang.IllegalArgumentException: File is unsupported: C:\Users\LIAZGINA-DI\git\SPORU\Data Files\ПланФакт1.xls'
	at com.kms.katalon.core.testdata.TestDataFactory.findTestData(TestDataFactory.java:132)
	at Выручка по ДЗО сверка дашбордов.run(Выручка по ДЗО сверка дашбордов:31)
	at com.kms.katalon.core.main.ScriptEngine.run(ScriptEngine.java:194)
	at com.kms.katalon.core.main.ScriptEngine.runScriptAsRawText(ScriptEngine.java:119)
	at com.kms.katalon.core.main.TestCaseExecutor.runScript(TestCaseExecutor.java:448)
	at com.kms.katalon.core.main.TestCaseExecutor.doExecute(TestCaseExecutor.java:439)
	at com.kms.katalon.core.main.TestCaseExecutor.processExecutionPhase(TestCaseExecutor.java:418)
	at com.kms.katalon.core.main.TestCaseExecutor.accessMainPhase(TestCaseExecutor.java:410)
	at com.kms.katalon.core.main.TestCaseExecutor.execute(TestCaseExecutor.java:285)
	at com.kms.katalon.core.common.CommonExecutor.accessTestCaseMainPhase(CommonExecutor.java:65)
	at com.kms.katalon.core.main.TestSuiteExecutor.accessTestSuiteMainPhase(TestSuiteExecutor.java:150)
	at com.kms.katalon.core.main.TestSuiteExecutor.execute(TestSuiteExecutor.java:106)
	at com.kms.katalon.core.main.TestCaseMain.startTestSuite(TestCaseMain.java:180)
	at TempTestSuite1743404878601.run(TempTestSuite1743404878601.groovy:35)
	at java.base/jdk.internal.reflect.NativeMethodAccessorImpl.invoke0(Native Method)
	at java.base/jdk.internal.reflect.NativeMethodAccessorImpl.invoke(NativeMethodAccessorImpl.java:77)
	at java.base/jdk.internal.reflect.DelegatingMethodAccessorImpl.invoke(DelegatingMethodAccessorImpl.java:43)]]></system-err>
      </testcase>
      <testcase name="Test Cases/Сверки дашбордов/Прогноз по отраслям сверка дашбордов" time="1145.584" classname="Test Cases/Сверки дашбордов/Прогноз по отраслям сверка дашбордов" status="PASSED">
         <system-out><![CDATA[31-03-2025T11:46:35 - [TEST_CASE][PASSED] - Test Cases/Сверки дашбордов/Прогноз по отраслям сверка дашбордов: Test Cases/Сверки дашбордов/Прогноз по отраслям сверка дашбордов

31-03-2025T11:46:35 - [TEST_STEP][PASSED] - date = new java.util.Date(): null

31-03-2025T11:46:35 - [TEST_STEP][PASSED] - todaysDate = date.format("dd.MM.yyyy"): null

31-03-2025T11:46:35 - [TEST_STEP][PASSED] - println(todaysDate): null

31-03-2025T11:46:35 - [TEST_STEP][PASSED] - typeOfData = <not implemented yet for class: org.codehaus.groovy.ast.expr.EmptyExpression>: null

31-03-2025T11:46:35 - [TEST_STEP][PASSED] - filterSravnenie = <not implemented yet for class: org.codehaus.groovy.ast.expr.EmptyExpression>: null

31-03-2025T11:46:35 - [TEST_STEP][PASSED] - kpoOtpusk = <not implemented yet for class: org.codehaus.groovy.ast.expr.EmptyExpression>: null

31-03-2025T11:46:35 - [TEST_STEP][PASSED] - openBrowser(""): Browser is opened with url: ''

31-03-2025T11:46:35 - [MESSAGE][WARNING] - A browser is already opened. Closing browser and opening a new one

31-03-2025T11:46:36 - [MESSAGE][INFO] - Starting 'Chrome' driver

31-03-2025T11:46:36 - [MESSAGE][INFO] - Action delay is set to 0 milliseconds

31-03-2025T11:46:37 - [MESSAGE][PASSED] - Browser is opened with url: ''

31-03-2025T11:46:37 - [TEST_STEP][PASSED] - navigateToUrl(findTestData("PlanFact").getValue(10, 6)): Navigate to 'https://bi.rosseti.digital/viewer?dashboardGuid=d6acb5b1a7114a9791b34de39263106e&sheetGuid=0b6d261d7f7b4424a967aa8f3a724189&fit=true' successfully

31-03-2025T11:46:41 - [MESSAGE][PASSED] - Navigate to 'https://bi.rosseti.digital/viewer?dashboardGuid=d6acb5b1a7114a9791b34de39263106e&sheetGuid=0b6d261d7f7b4424a967aa8f3a724189&fit=true' successfully

31-03-2025T11:46:41 - [TEST_STEP][PASSED] - setText(findTestObject("Страница авторизации/input__username"), findTestData("PlanFact").getValue(8, 1)): Text 'liazgina-di' is set on object 'Object Repository/Страница авторизации/input__username'

31-03-2025T11:46:43 - [MESSAGE][PASSED] - Text 'liazgina-di' is set on object 'Object Repository/Страница авторизации/input__username'

31-03-2025T11:46:43 - [TEST_STEP][PASSED] - setText(findTestObject("Страница авторизации/input__password"), findTestData("PlanFact").getValue(9, 1)): Text ')$%5srZ8o688Dm#q' is set on object 'Object Repository/Страница авторизации/input__password'

31-03-2025T11:46:44 - [MESSAGE][PASSED] - Text ')$%5srZ8o688Dm#q' is set on object 'Object Repository/Страница авторизации/input__password'

31-03-2025T11:46:44 - [TEST_STEP][PASSED] - click(findTestObject("Страница авторизации/button_")): Object: 'Object Repository/Страница авторизации/button_' is clicked on

31-03-2025T11:46:45 - [MESSAGE][PASSED] - Object: 'Object Repository/Страница авторизации/button_' is clicked on

31-03-2025T11:46:45 - [TEST_STEP][PASSED] - delay(50): Delayed 50 second(s)

31-03-2025T11:47:35 - [MESSAGE][PASSED] - Delayed 50 second(s)

31-03-2025T11:47:35 - [TEST_STEP][PASSED] - click(findTestObject("Прогноз по отраслям/Фильтр Месяц")): Object: 'Object Repository/Прогноз по отраслям/Фильтр Месяц' is clicked on

31-03-2025T11:47:35 - [MESSAGE][PASSED] - Object: 'Object Repository/Прогноз по отраслям/Фильтр Месяц' is clicked on

31-03-2025T11:47:35 - [TEST_STEP][PASSED] - scrollToElement(findTestObject("Прогноз по отраслям/Ноябрь"), 30): Scroll to object 'Object Repository/Прогноз по отраслям/Ноябрь' successfully

31-03-2025T11:47:35 - [MESSAGE][PASSED] - Scroll to object 'Object Repository/Прогноз по отраслям/Ноябрь' successfully

31-03-2025T11:47:35 - [TEST_STEP][PASSED] - click(findTestObject("Прогноз по отраслям/Ноябрь"), CONTINUE_ON_FAILURE): Object: 'Object Repository/Прогноз по отраслям/Ноябрь' is clicked on

31-03-2025T11:47:36 - [MESSAGE][PASSED] - Object: 'Object Repository/Прогноз по отраслям/Ноябрь' is clicked on

31-03-2025T11:47:36 - [TEST_STEP][PASSED] - scrollToElement(findTestObject("Прогноз по отраслям/Заголовок дашборда"), 30): Scroll to object 'Object Repository/Прогноз по отраслям/Заголовок дашборда' successfully

31-03-2025T11:47:38 - [MESSAGE][PASSED] - Scroll to object 'Object Repository/Прогноз по отраслям/Заголовок дашборда' successfully

31-03-2025T11:47:38 - [TEST_STEP][PASSED] - click(findTestObject("Прогноз по отраслям/Фильтр Сравнение с")): Object: 'Object Repository/Прогноз по отраслям/Фильтр Сравнение с' is clicked on

31-03-2025T11:47:38 - [MESSAGE][PASSED] - Object: 'Object Repository/Прогноз по отраслям/Фильтр Сравнение с' is clicked on

31-03-2025T11:47:38 - [TEST_STEP][PASSED] - click(findTestObject("Прогноз по отраслям/Факт прошлого года")): Object: 'Object Repository/Прогноз по отраслям/Факт прошлого года' is clicked on

31-03-2025T11:47:39 - [MESSAGE][PASSED] - Object: 'Object Repository/Прогноз по отраслям/Факт прошлого года' is clicked on

31-03-2025T11:47:39 - [TEST_STEP][PASSED] - click(findTestObject("Прогноз по отраслям/Фильтр КПО-Отпуск")): Object: 'Object Repository/Прогноз по отраслям/Фильтр КПО-Отпуск' is clicked on

31-03-2025T11:47:40 - [MESSAGE][PASSED] - Object: 'Object Repository/Прогноз по отраслям/Фильтр КПО-Отпуск' is clicked on

31-03-2025T11:47:40 - [TEST_STEP][PASSED] - click(findTestObject("Прогноз по отраслям/Отпуск")): Object: 'Object Repository/Прогноз по отраслям/Отпуск' is clicked on

31-03-2025T11:47:41 - [MESSAGE][PASSED] - Object: 'Object Repository/Прогноз по отраслям/Отпуск' is clicked on

31-03-2025T11:47:41 - [TEST_STEP][PASSED] - delay(40): Delayed 40 second(s)

31-03-2025T11:48:21 - [MESSAGE][PASSED] - Delayed 40 second(s)

31-03-2025T11:48:21 - [TEST_STEP][PASSED] - a1 = getText(findTestObject("Прогноз по отраслям/Виджеты дашборда")): Text of object 'Object Repository/Прогноз по отраслям/Виджеты дашборда' is: 'Год 
2023 год
Сравнение с 
Факт прошлого года
Динамика электропотребления, млрд. кВт.ч. по ПАО Россети на 2023 год
12 12
186 186
36 36
50 50
10 10
19 19
0 0
17 17
85 85
19 19
82 82
604 604
10 10
197 197
37 37
48 48
10 10
15 15
4 4
18 18
80 80
19 19
82 82
608 608
Факт прошлого года
Ожидаемое (прогноз по конца года)
Интер РАО (дляФСК)
Промышленныепотребители
Транспорт
Нефтедобыча
Нефтепереработка
Нефтепроводы
Газопроводы
Сельскоехозяйство ипищеваяпромышленность
Непромышленныепотребители
Государственные(муниципальные)организации ипрочиебюджетныепотребители
Население иприравненныегруппыпотребителей
Территориальныесетевыеорганизации
Выручка по ПАО Россети на 2023 год
5 5
285 285
72 72
72 72
18 18
22 22
0 0
50 50
201 201
61 61
190 190
227 227
6 6
331 331
82 82
77 77
20 20
20 20
3 3
57 57
220 220
68 68
214 214
258 258
Факт прошлого года
Ожидаемое (прогноз по конца года)
Интер РАО (дляФСК)
Промышленныепотребители
Транспорт
Нефтедобыча
Нефтепереработка
Нефтепроводы
Газопроводы
Сельскоехозяйство ипищеваяпромышленность
Непромышленныепотребители
Государственные(муниципальные)организации ипрочиебюджетныепотребители
Население иприравненныегруппыпотребителей
Территориальныесетевыеорганизации
Отклонения по ПАО Россети на 2023 год
-18.5% -18.5%
5.9% 5.9%
3.6% 3.6%
-3.9% -3.9%
0.9% 0.9%
-20.7% -20.7%
3 313.2% 3 313.2%
3.8% 3.8%
-5.6% -5.6%
1.3% 1.3%
-0.9% -0.9%
0.7% 0.7%
⬤ Отклонение, %
Интер РАО (для ФСК)
Промышленные потребители
Транспорт
Нефтедобыча
Нефтепереработка
Нефтепроводы
Газопроводы
Сельское хозяйство и пищевая пр…
Непромышленные потребители
Государственные (муниципальные…
Население и приравненные групп…
Территориальные сетевые органи…
Выручка отклонения по ПАО Россети на 2023 год
7.7% 7.7%
16.0% 16.0%
13.2% 13.2%
6.7% 6.7%
13.3% 13.3%
-7.7% -7.7%
1 331.5% 1 331.5%
14.2% 14.2%
9.9% 9.9%
12.0% 12.0%
12.4% 12.4%
13.7% 13.7%
⬤ Отклонение, %
Интер РАО (для ФСК)
Промышленные потребители
Транспорт
Нефтедобыча
Нефтепереработка
Нефтепроводы
Газопроводы
Сельское хозяйство и пищевая пр…
Непромышленные потребители
Государственные (муниципальные…
Население и приравненные групп…
Территориальные сетевые органи…
абс.
%
Прогноз на месяц 
Ноябрь
КПО/Отпуск из сети 
Отпуск из сети, млн. кВт.ч
Организация 
Все
Прогноз электропотребления и выручки за услуги по передаче в разрезе отраслей'

31-03-2025T11:48:22 - [MESSAGE][PASSED] - Text of object 'Object Repository/Прогноз по отраслям/Виджеты дашборда' is: 'Год 
2023 год
Сравнение с 
Факт прошлого года
Динамика электропотребления, млрд. кВт.ч. по ПАО Россети на 2023 год
12 12
186 186
36 36
50 50
10 10
19 19
0 0
17 17
85 85
19 19
82 82
604 604
10 10
197 197
37 37
48 48
10 10
15 15
4 4
18 18
80 80
19 19
82 82
608 608
Факт прошлого года
Ожидаемое (прогноз по конца года)
Интер РАО (дляФСК)
Промышленныепотребители
Транспорт
Нефтедобыча
Нефтепереработка
Нефтепроводы
Газопроводы
Сельскоехозяйство ипищеваяпромышленность
Непромышленныепотребители
Государственные(муниципальные)организации ипрочиебюджетныепотребители
Население иприравненныегруппыпотребителей
Территориальныесетевыеорганизации
Выручка по ПАО Россети на 2023 год
5 5
285 285
72 72
72 72
18 18
22 22
0 0
50 50
201 201
61 61
190 190
227 227
6 6
331 331
82 82
77 77
20 20
20 20
3 3
57 57
220 220
68 68
214 214
258 258
Факт прошлого года
Ожидаемое (прогноз по конца года)
Интер РАО (дляФСК)
Промышленныепотребители
Транспорт
Нефтедобыча
Нефтепереработка
Нефтепроводы
Газопроводы
Сельскоехозяйство ипищеваяпромышленность
Непромышленныепотребители
Государственные(муниципальные)организации ипрочиебюджетныепотребители
Население иприравненныегруппыпотребителей
Территориальныесетевыеорганизации
Отклонения по ПАО Россети на 2023 год
-18.5% -18.5%
5.9% 5.9%
3.6% 3.6%
-3.9% -3.9%
0.9% 0.9%
-20.7% -20.7%
3 313.2% 3 313.2%
3.8% 3.8%
-5.6% -5.6%
1.3% 1.3%
-0.9% -0.9%
0.7% 0.7%
⬤ Отклонение, %
Интер РАО (для ФСК)
Промышленные потребители
Транспорт
Нефтедобыча
Нефтепереработка
Нефтепроводы
Газопроводы
Сельское хозяйство и пищевая пр…
Непромышленные потребители
Государственные (муниципальные…
Население и приравненные групп…
Территориальные сетевые органи…
Выручка отклонения по ПАО Россети на 2023 год
7.7% 7.7%
16.0% 16.0%
13.2% 13.2%
6.7% 6.7%
13.3% 13.3%
-7.7% -7.7%
1 331.5% 1 331.5%
14.2% 14.2%
9.9% 9.9%
12.0% 12.0%
12.4% 12.4%
13.7% 13.7%
⬤ Отклонение, %
Интер РАО (для ФСК)
Промышленные потребители
Транспорт
Нефтедобыча
Нефтепереработка
Нефтепроводы
Газопроводы
Сельское хозяйство и пищевая пр…
Непромышленные потребители
Государственные (муниципальные…
Население и приравненные групп…
Территориальные сетевые органи…
абс.
%
Прогноз на месяц 
Ноябрь
КПО/Отпуск из сети 
Отпуск из сети, млн. кВт.ч
Организация 
Все
Прогноз электропотребления и выручки за услуги по передаче в разрезе отраслей'

31-03-2025T11:48:22 - [TEST_STEP][PASSED] - a1 = a1.replaceAll("[^0-9]", ""): null

31-03-2025T11:48:22 - [TEST_STEP][PASSED] - println("a1:" + a1): null

31-03-2025T11:48:22 - [TEST_STEP][PASSED] - click(findTestObject("Прогноз по отраслям/Фильтр Сравнение с")): Object: 'Object Repository/Прогноз по отраслям/Фильтр Сравнение с' is clicked on

31-03-2025T11:48:22 - [MESSAGE][PASSED] - Object: 'Object Repository/Прогноз по отраслям/Фильтр Сравнение с' is clicked on

31-03-2025T11:48:22 - [TEST_STEP][PASSED] - click(findTestObject("Прогноз по отраслям/План")): Object: 'Object Repository/Прогноз по отраслям/План' is clicked on

31-03-2025T11:48:23 - [MESSAGE][PASSED] - Object: 'Object Repository/Прогноз по отраслям/План' is clicked on

31-03-2025T11:48:23 - [TEST_STEP][PASSED] - delay(40): Delayed 40 second(s)

31-03-2025T11:49:03 - [MESSAGE][PASSED] - Delayed 40 second(s)

31-03-2025T11:49:03 - [TEST_STEP][PASSED] - a2 = getText(findTestObject("Прогноз по отраслям/Виджеты дашборда")): Text of object 'Object Repository/Прогноз по отраслям/Виджеты дашборда' is: 'Год 
2023 год
Сравнение с 
План
Динамика электропотребления, млрд. кВт.ч. по ПАО Россети на 2023 год
10 10
190 190
36 36
14 14
9 9
14 14
4 4
17 17
80 80
19 19
82 82
588 588
10 10
197 197
37 37
48 48
10 10
15 15
4 4
18 18
80 80
19 19
82 82
608 608
План
Ожидаемое (прогноз по конца года)
Интер РАО (дляФСК)
Промышленныепотребители
Транспорт
Нефтедобыча
Нефтепереработка
Нефтепроводы
Газопроводы
Сельскоехозяйство ипищеваяпромышленность
Непромышленныепотребители
Государственные(муниципальные)организации ипрочиебюджетныепотребители
Население иприравненныегруппыпотребителей
Территориальныесетевыеорганизации
Выручка по ПАО Россети на 2023 год
5 5
319 319
81 81
16 16
16 16
20 20
2 2
56 56
215 215
67 67
218 218
239 239
6 6
331 331
82 82
77 77
20 20
20 20
3 3
57 57
220 220
68 68
214 214
258 258
План
Ожидаемое (прогноз по конца года)
Интер РАО (дляФСК)
Промышленныепотребители
Транспорт
Нефтедобыча
Нефтепереработка
Нефтепроводы
Газопроводы
Сельскоехозяйство ипищеваяпромышленность
Непромышленныепотребители
Государственные(муниципальные)организации ипрочиебюджетныепотребители
Население иприравненныегруппыпотребителей
Территориальныесетевыеорганизации
Отклонения по ПАО Россети на 2023 год
-4.7% -4.7%
3.8% 3.8%
1.9% 1.9%
230.3% 230.3%
10.9% 10.9%
4.2% 4.2%
21.7% 21.7%
3.9% 3.9%
-0.6% -0.6%
1.6% 1.6%
-1.0% -1.0%
3.3% 3.3%
⬤ Отклонение, %
Интер РАО (для ФСК)
Промышленные потребители
Транспорт
Нефтедобыча
Нефтепереработка
Нефтепроводы
Газопроводы
Сельское хозяйство и пищевая пр…
Непромышленные потребители
Государственные (муниципальные…
Население и приравненные групп…
Территориальные сетевые органи…
Выручка отклонения по ПАО Россети на 2023 год
15.6% 15.6%
3.8% 3.8%
1.2% 1.2%
398.2% 398.2%
26.9% 26.9%
-0.6% -0.6%
26.9% 26.9%
1.5% 1.5%
2.7% 2.7%
2.0% 2.0%
-2.0% -2.0%
7.9% 7.9%
⬤ Отклонение, %
Интер РАО (для ФСК)
Промышленные потребители
Транспорт
Нефтедобыча
Нефтепереработка
Нефтепроводы
Газопроводы
Сельское хозяйство и пищевая пр…
Непромышленные потребители
Государственные (муниципальные…
Население и приравненные групп…
Территориальные сетевые органи…
абс.
%
Прогноз на месяц 
Ноябрь
КПО/Отпуск из сети 
Отпуск из сети, млн. кВт.ч
Организация 
Все
Прогноз электропотребления и выручки за услуги по передаче в разрезе отраслей'

31-03-2025T11:49:03 - [MESSAGE][PASSED] - Text of object 'Object Repository/Прогноз по отраслям/Виджеты дашборда' is: 'Год 
2023 год
Сравнение с 
План
Динамика электропотребления, млрд. кВт.ч. по ПАО Россети на 2023 год
10 10
190 190
36 36
14 14
9 9
14 14
4 4
17 17
80 80
19 19
82 82
588 588
10 10
197 197
37 37
48 48
10 10
15 15
4 4
18 18
80 80
19 19
82 82
608 608
План
Ожидаемое (прогноз по конца года)
Интер РАО (дляФСК)
Промышленныепотребители
Транспорт
Нефтедобыча
Нефтепереработка
Нефтепроводы
Газопроводы
Сельскоехозяйство ипищеваяпромышленность
Непромышленныепотребители
Государственные(муниципальные)организации ипрочиебюджетныепотребители
Население иприравненныегруппыпотребителей
Территориальныесетевыеорганизации
Выручка по ПАО Россети на 2023 год
5 5
319 319
81 81
16 16
16 16
20 20
2 2
56 56
215 215
67 67
218 218
239 239
6 6
331 331
82 82
77 77
20 20
20 20
3 3
57 57
220 220
68 68
214 214
258 258
План
Ожидаемое (прогноз по конца года)
Интер РАО (дляФСК)
Промышленныепотребители
Транспорт
Нефтедобыча
Нефтепереработка
Нефтепроводы
Газопроводы
Сельскоехозяйство ипищеваяпромышленность
Непромышленныепотребители
Государственные(муниципальные)организации ипрочиебюджетныепотребители
Население иприравненныегруппыпотребителей
Территориальныесетевыеорганизации
Отклонения по ПАО Россети на 2023 год
-4.7% -4.7%
3.8% 3.8%
1.9% 1.9%
230.3% 230.3%
10.9% 10.9%
4.2% 4.2%
21.7% 21.7%
3.9% 3.9%
-0.6% -0.6%
1.6% 1.6%
-1.0% -1.0%
3.3% 3.3%
⬤ Отклонение, %
Интер РАО (для ФСК)
Промышленные потребители
Транспорт
Нефтедобыча
Нефтепереработка
Нефтепроводы
Газопроводы
Сельское хозяйство и пищевая пр…
Непромышленные потребители
Государственные (муниципальные…
Население и приравненные групп…
Территориальные сетевые органи…
Выручка отклонения по ПАО Россети на 2023 год
15.6% 15.6%
3.8% 3.8%
1.2% 1.2%
398.2% 398.2%
26.9% 26.9%
-0.6% -0.6%
26.9% 26.9%
1.5% 1.5%
2.7% 2.7%
2.0% 2.0%
-2.0% -2.0%
7.9% 7.9%
⬤ Отклонение, %
Интер РАО (для ФСК)
Промышленные потребители
Транспорт
Нефтедобыча
Нефтепереработка
Нефтепроводы
Газопроводы
Сельское хозяйство и пищевая пр…
Непромышленные потребители
Государственные (муниципальные…
Население и приравненные групп…
Территориальные сетевые органи…
абс.
%
Прогноз на месяц 
Ноябрь
КПО/Отпуск из сети 
Отпуск из сети, млн. кВт.ч
Организация 
Все
Прогноз электропотребления и выручки за услуги по передаче в разрезе отраслей'

31-03-2025T11:49:03 - [TEST_STEP][PASSED] - a2 = a2.replaceAll("[^0-9]", ""): null

31-03-2025T11:49:03 - [TEST_STEP][PASSED] - println("a2:" + a2): null

31-03-2025T11:49:03 - [TEST_STEP][PASSED] - click(findTestObject("Прогноз по отраслям/Фильтр Сравнение с")): Object: 'Object Repository/Прогноз по отраслям/Фильтр Сравнение с' is clicked on

31-03-2025T11:49:04 - [MESSAGE][PASSED] - Object: 'Object Repository/Прогноз по отраслям/Фильтр Сравнение с' is clicked on

31-03-2025T11:49:04 - [TEST_STEP][PASSED] - click(findTestObject("Прогноз по отраслям/План СУ")): Object: 'Object Repository/Прогноз по отраслям/План СУ' is clicked on

31-03-2025T11:49:05 - [MESSAGE][PASSED] - Object: 'Object Repository/Прогноз по отраслям/План СУ' is clicked on

31-03-2025T11:49:05 - [TEST_STEP][PASSED] - delay(40): Delayed 40 second(s)

31-03-2025T11:49:45 - [MESSAGE][PASSED] - Delayed 40 second(s)

31-03-2025T11:49:45 - [TEST_STEP][PASSED] - a3 = getText(findTestObject("Прогноз по отраслям/Виджеты дашборда")): Text of object 'Object Repository/Прогноз по отраслям/Виджеты дашборда' is: 'Год 
2023 год
Сравнение с 
План/СУ
Динамика электропотребления, млрд. кВт.ч. по ПАО Россети на 2023 год
10 10
181 181
36 36
15 15
9 9
14 14
4 4
16 16
86 86
19 19
79 79
586 586
10 10
197 197
37 37
48 48
10 10
15 15
4 4
18 18
80 80
19 19
82 82
608 608
СУ
Ожидаемое (прогноз по конца года)
Интер РАО (дляФСК)
Промышленныепотребители
Транспорт
Нефтедобыча
Нефтепереработка
Нефтепроводы
Газопроводы
Сельскоехозяйство ипищеваяпромышленность
Непромышленныепотребители
Государственные(муниципальные)организации ипрочиебюджетныепотребители
Население иприравненныегруппыпотребителей
Территориальныесетевыеорганизации
Выручка по ПАО Россети на 2023 год
6 6
331 331
82 82
77 77
20 20
20 20
3 3
57 57
220 220
68 68
214 214
258 258
Ожидаемое (прогноз по конца года)
Интер РАО (дляФСК)
Промышленныепотребители
Транспорт
Нефтедобыча
Нефтепереработка
Нефтепроводы
Газопроводы
Сельскоехозяйство ипищеваяпромышленность
Непромышленныепотребители
Государственные(муниципальные)организации ипрочиебюджетныепотребители
Население иприравненныегруппыпотребителей
Территориальныесетевыеорганизации
Отклонения по ПАО Россети на 2023 год
2.5% 2.5%
8.9% 8.9%
3.5% 3.5%
221.4% 221.4%
12.8% 12.8%
6.9% 6.9%
13.5% 13.5%
8.1% 8.1%
-6.9% -6.9%
2.3% 2.3%
3.1% 3.1%
3.8% 3.8%
⬤ Отклонение, %
Интер РАО (для ФСК)
Промышленные потребители
Транспорт
Нефтедобыча
Нефтепереработка
Нефтепроводы
Газопроводы
Сельское хозяйство и пищевая пр…
Непромышленные потребители
Государственные (муниципальные…
Население и приравненные групп…
Территориальные сетевые органи…
Выручка отклонения по ПАО Россети на 2023 год
⬤ Отклонение, %
Интер РАО (для ФСК)
Промышленные потребители
Транспорт
Нефтедобыча
Нефтепереработка
Нефтепроводы
Газопроводы
Сельское хозяйство и пищевая пр…
Непромышленные потребители
Государственные (муниципальные…
Население и приравненные групп…
Территориальные сетевые органи…
абс.
%
Прогноз на месяц 
Ноябрь
КПО/Отпуск из сети 
Отпуск из сети, млн. кВт.ч
Организация 
Все
Прогноз электропотребления и выручки за услуги по передаче в разрезе отраслей'

31-03-2025T11:49:45 - [MESSAGE][PASSED] - Text of object 'Object Repository/Прогноз по отраслям/Виджеты дашборда' is: 'Год 
2023 год
Сравнение с 
План/СУ
Динамика электропотребления, млрд. кВт.ч. по ПАО Россети на 2023 год
10 10
181 181
36 36
15 15
9 9
14 14
4 4
16 16
86 86
19 19
79 79
586 586
10 10
197 197
37 37
48 48
10 10
15 15
4 4
18 18
80 80
19 19
82 82
608 608
СУ
Ожидаемое (прогноз по конца года)
Интер РАО (дляФСК)
Промышленныепотребители
Транспорт
Нефтедобыча
Нефтепереработка
Нефтепроводы
Газопроводы
Сельскоехозяйство ипищеваяпромышленность
Непромышленныепотребители
Государственные(муниципальные)организации ипрочиебюджетныепотребители
Население иприравненныегруппыпотребителей
Территориальныесетевыеорганизации
Выручка по ПАО Россети на 2023 год
6 6
331 331
82 82
77 77
20 20
20 20
3 3
57 57
220 220
68 68
214 214
258 258
Ожидаемое (прогноз по конца года)
Интер РАО (дляФСК)
Промышленныепотребители
Транспорт
Нефтедобыча
Нефтепереработка
Нефтепроводы
Газопроводы
Сельскоехозяйство ипищеваяпромышленность
Непромышленныепотребители
Государственные(муниципальные)организации ипрочиебюджетныепотребители
Население иприравненныегруппыпотребителей
Территориальныесетевыеорганизации
Отклонения по ПАО Россети на 2023 год
2.5% 2.5%
8.9% 8.9%
3.5% 3.5%
221.4% 221.4%
12.8% 12.8%
6.9% 6.9%
13.5% 13.5%
8.1% 8.1%
-6.9% -6.9%
2.3% 2.3%
3.1% 3.1%
3.8% 3.8%
⬤ Отклонение, %
Интер РАО (для ФСК)
Промышленные потребители
Транспорт
Нефтедобыча
Нефтепереработка
Нефтепроводы
Газопроводы
Сельское хозяйство и пищевая пр…
Непромышленные потребители
Государственные (муниципальные…
Население и приравненные групп…
Территориальные сетевые органи…
Выручка отклонения по ПАО Россети на 2023 год
⬤ Отклонение, %
Интер РАО (для ФСК)
Промышленные потребители
Транспорт
Нефтедобыча
Нефтепереработка
Нефтепроводы
Газопроводы
Сельское хозяйство и пищевая пр…
Непромышленные потребители
Государственные (муниципальные…
Население и приравненные групп…
Территориальные сетевые органи…
абс.
%
Прогноз на месяц 
Ноябрь
КПО/Отпуск из сети 
Отпуск из сети, млн. кВт.ч
Организация 
Все
Прогноз электропотребления и выручки за услуги по передаче в разрезе отраслей'

31-03-2025T11:49:45 - [TEST_STEP][PASSED] - a3 = a3.replaceAll("[^0-9]", ""): null

31-03-2025T11:49:45 - [TEST_STEP][PASSED] - println("a3:" + a3): null

31-03-2025T11:49:45 - [TEST_STEP][PASSED] - click(findTestObject("Прогноз по отраслям/Фильтр Сравнение с")): Object: 'Object Repository/Прогноз по отраслям/Фильтр Сравнение с' is clicked on

31-03-2025T11:49:46 - [MESSAGE][PASSED] - Object: 'Object Repository/Прогноз по отраслям/Фильтр Сравнение с' is clicked on

31-03-2025T11:49:46 - [TEST_STEP][PASSED] - click(findTestObject("Прогноз по отраслям/Факт прошлого года")): Object: 'Object Repository/Прогноз по отраслям/Факт прошлого года' is clicked on

31-03-2025T11:49:46 - [MESSAGE][PASSED] - Object: 'Object Repository/Прогноз по отраслям/Факт прошлого года' is clicked on

31-03-2025T11:49:46 - [TEST_STEP][PASSED] - click(findTestObject("Прогноз по отраслям/Фильтр КПО-Отпуск")): Object: 'Object Repository/Прогноз по отраслям/Фильтр КПО-Отпуск' is clicked on

31-03-2025T11:49:47 - [MESSAGE][PASSED] - Object: 'Object Repository/Прогноз по отраслям/Фильтр КПО-Отпуск' is clicked on

31-03-2025T11:49:47 - [TEST_STEP][PASSED] - click(findTestObject("Прогноз по отраслям/КПО")): Object: 'Object Repository/Прогноз по отраслям/КПО' is clicked on

31-03-2025T11:49:48 - [MESSAGE][PASSED] - Object: 'Object Repository/Прогноз по отраслям/КПО' is clicked on

31-03-2025T11:49:48 - [TEST_STEP][PASSED] - delay(40): Delayed 40 second(s)

31-03-2025T11:50:28 - [MESSAGE][PASSED] - Delayed 40 second(s)

31-03-2025T11:50:28 - [TEST_STEP][PASSED] - a4 = getText(findTestObject("Прогноз по отраслям/Виджеты дашборда")): Text of object 'Object Repository/Прогноз по отраслям/Виджеты дашборда' is: 'Год 
2023 год
Сравнение с 
Факт прошлого года
Динамика электропотребления, млрд. кВт.ч. по ПАО Россети на 2023 год
0 0
120 120
38 38
41 41
8 8
10 10
0 0
19 19
77 77
25 25
122 122
61 61
0 0
120 120
39 39
39 39
8 8
8 8
1 1
20 20
78 78
26 26
121 121
60 60
Факт прошлого года
Ожидаемое (прогноз по конца года)
Интер РАО (дляФСК)
Промышленныепотребители
Транспорт
Нефтедобыча
Нефтепереработка
Нефтепроводы
Газопроводы
Сельскоехозяйство ипищеваяпромышленность
Непромышленныепотребители
Государственные(муниципальные)организации ипрочиебюджетныепотребители
Население иприравненныегруппыпотребителей
Территориальныесетевыеорганизации
Выручка по ПАО Россети на 2023 год
5 5
285 285
72 72
72 72
18 18
22 22
0 0
50 50
201 201
61 61
190 190
227 227
6 6
331 331
82 82
77 77
20 20
20 20
3 3
57 57
220 220
68 68
214 214
258 258
Факт прошлого года
Ожидаемое (прогноз по конца года)
Интер РАО (дляФСК)
Промышленныепотребители
Транспорт
Нефтедобыча
Нефтепереработка
Нефтепроводы
Газопроводы
Сельскоехозяйство ипищеваяпромышленность
Непромышленныепотребители
Государственные(муниципальные)организации ипрочиебюджетныепотребители
Население иприравненныегруппыпотребителей
Территориальныесетевыеорганизации
Отклонения по ПАО Россети на 2023 год
0.5% 0.5%
0.9% 0.9%
-5.9% -5.9%
3.1% 3.1%
-17.9% -17.9%
578.4% 578.4%
2.3% 2.3%
1.8% 1.8%
2.1% 2.1%
-0.9% -0.9%
-0.2% -0.2%
⬤ Отклонение, %
Интер РАО (для ФСК)
Промышленные потребители
Транспорт
Нефтедобыча
Нефтепереработка
Нефтепроводы
Газопроводы
Сельское хозяйство и пищевая пр…
Непромышленные потребители
Государственные (муниципальные…
Население и приравненные групп…
Территориальные сетевые органи…
Выручка отклонения по ПАО Россети на 2023 год
7.7% 7.7%
16.0% 16.0%
13.2% 13.2%
6.7% 6.7%
13.3% 13.3%
-7.7% -7.7%
1 331.5% 1 331.5%
14.2% 14.2%
9.9% 9.9%
12.0% 12.0%
12.4% 12.4%
13.7% 13.7%
⬤ Отклонение, %
Интер РАО (для ФСК)
Промышленные потребители
Транспорт
Нефтедобыча
Нефтепереработка
Нефтепроводы
Газопроводы
Сельское хозяйство и пищевая пр…
Непромышленные потребители
Государственные (муниципальные…
Население и приравненные групп…
Территориальные сетевые органи…
абс.
%
Прогноз на месяц 
Ноябрь
КПО/Отпуск из сети 
Котловой полезный отпуск, млн. кВт.ч
Организация 
Все
Прогноз электропотребления и выручки за услуги по передаче в разрезе отраслей'

31-03-2025T11:50:29 - [MESSAGE][PASSED] - Text of object 'Object Repository/Прогноз по отраслям/Виджеты дашборда' is: 'Год 
2023 год
Сравнение с 
Факт прошлого года
Динамика электропотребления, млрд. кВт.ч. по ПАО Россети на 2023 год
0 0
120 120
38 38
41 41
8 8
10 10
0 0
19 19
77 77
25 25
122 122
61 61
0 0
120 120
39 39
39 39
8 8
8 8
1 1
20 20
78 78
26 26
121 121
60 60
Факт прошлого года
Ожидаемое (прогноз по конца года)
Интер РАО (дляФСК)
Промышленныепотребители
Транспорт
Нефтедобыча
Нефтепереработка
Нефтепроводы
Газопроводы
Сельскоехозяйство ипищеваяпромышленность
Непромышленныепотребители
Государственные(муниципальные)организации ипрочиебюджетныепотребители
Население иприравненныегруппыпотребителей
Территориальныесетевыеорганизации
Выручка по ПАО Россети на 2023 год
5 5
285 285
72 72
72 72
18 18
22 22
0 0
50 50
201 201
61 61
190 190
227 227
6 6
331 331
82 82
77 77
20 20
20 20
3 3
57 57
220 220
68 68
214 214
258 258
Факт прошлого года
Ожидаемое (прогноз по конца года)
Интер РАО (дляФСК)
Промышленныепотребители
Транспорт
Нефтедобыча
Нефтепереработка
Нефтепроводы
Газопроводы
Сельскоехозяйство ипищеваяпромышленность
Непромышленныепотребители
Государственные(муниципальные)организации ипрочиебюджетныепотребители
Население иприравненныегруппыпотребителей
Территориальныесетевыеорганизации
Отклонения по ПАО Россети на 2023 год
0.5% 0.5%
0.9% 0.9%
-5.9% -5.9%
3.1% 3.1%
-17.9% -17.9%
578.4% 578.4%
2.3% 2.3%
1.8% 1.8%
2.1% 2.1%
-0.9% -0.9%
-0.2% -0.2%
⬤ Отклонение, %
Интер РАО (для ФСК)
Промышленные потребители
Транспорт
Нефтедобыча
Нефтепереработка
Нефтепроводы
Газопроводы
Сельское хозяйство и пищевая пр…
Непромышленные потребители
Государственные (муниципальные…
Население и приравненные групп…
Территориальные сетевые органи…
Выручка отклонения по ПАО Россети на 2023 год
7.7% 7.7%
16.0% 16.0%
13.2% 13.2%
6.7% 6.7%
13.3% 13.3%
-7.7% -7.7%
1 331.5% 1 331.5%
14.2% 14.2%
9.9% 9.9%
12.0% 12.0%
12.4% 12.4%
13.7% 13.7%
⬤ Отклонение, %
Интер РАО (для ФСК)
Промышленные потребители
Транспорт
Нефтедобыча
Нефтепереработка
Нефтепроводы
Газопроводы
Сельское хозяйство и пищевая пр…
Непромышленные потребители
Государственные (муниципальные…
Население и приравненные групп…
Территориальные сетевые органи…
абс.
%
Прогноз на месяц 
Ноябрь
КПО/Отпуск из сети 
Котловой полезный отпуск, млн. кВт.ч
Организация 
Все
Прогноз электропотребления и выручки за услуги по передаче в разрезе отраслей'

31-03-2025T11:50:29 - [TEST_STEP][PASSED] - a4 = a4.replaceAll("[^0-9]", ""): null

31-03-2025T11:50:29 - [TEST_STEP][PASSED] - println("a4:" + a4): null

31-03-2025T11:50:29 - [TEST_STEP][PASSED] - click(findTestObject("Прогноз по отраслям/Фильтр Сравнение с")): Object: 'Object Repository/Прогноз по отраслям/Фильтр Сравнение с' is clicked on

31-03-2025T11:50:29 - [MESSAGE][PASSED] - Object: 'Object Repository/Прогноз по отраслям/Фильтр Сравнение с' is clicked on

31-03-2025T11:50:29 - [TEST_STEP][PASSED] - click(findTestObject("Прогноз по отраслям/План")): Object: 'Object Repository/Прогноз по отраслям/План' is clicked on

31-03-2025T11:50:30 - [MESSAGE][PASSED] - Object: 'Object Repository/Прогноз по отраслям/План' is clicked on

31-03-2025T11:50:30 - [TEST_STEP][PASSED] - delay(40): Delayed 40 second(s)

31-03-2025T11:51:10 - [MESSAGE][PASSED] - Delayed 40 second(s)

31-03-2025T11:51:10 - [TEST_STEP][PASSED] - a5 = getText(findTestObject("Прогноз по отраслям/Виджеты дашборда")): Text of object 'Object Repository/Прогноз по отраслям/Виджеты дашборда' is: 'Год 
2023 год
Сравнение с 
План
Динамика электропотребления, млрд. кВт.ч. по ПАО Россети на 2023 год
0 0
119 119
37 37
7 7
7 7
8 8
1 1
19 19
75 75
25 25
123 123
55 55
0 0
120 120
39 39
39 39
8 8
8 8
1 1
20 20
78 78
26 26
121 121
60 60
План
Ожидаемое (прогноз по конца года)
Интер РАО (дляФСК)
Промышленныепотребители
Транспорт
Нефтедобыча
Нефтепереработка
Нефтепроводы
Газопроводы
Сельскоехозяйство ипищеваяпромышленность
Непромышленныепотребители
Государственные(муниципальные)организации ипрочиебюджетныепотребители
Население иприравненныегруппыпотребителей
Территориальныесетевыеорганизации
Выручка по ПАО Россети на 2023 год
5 5
319 319
81 81
16 16
16 16
20 20
2 2
56 56
215 215
67 67
218 218
239 239
6 6
331 331
82 82
77 77
20 20
20 20
3 3
57 57
220 220
68 68
214 214
258 258
План
Ожидаемое (прогноз по конца года)
Интер РАО (дляФСК)
Промышленныепотребители
Транспорт
Нефтедобыча
Нефтепереработка
Нефтепроводы
Газопроводы
Сельскоехозяйство ипищеваяпромышленность
Непромышленныепотребители
Государственные(муниципальные)организации ипрочиебюджетныепотребители
Население иприравненныегруппыпотребителей
Территориальныесетевыеорганизации
Отклонения по ПАО Россети на 2023 год
1.2% 1.2%
3.2% 3.2%
492.1% 492.1%
18.1% 18.1%
4.4% 4.4%
11.9% 11.9%
1.2% 1.2%
4.1% 4.1%
2.4% 2.4%
-1.4% -1.4%
9.7% 9.7%
⬤ Отклонение, %
Интер РАО (для ФСК)
Промышленные потребители
Транспорт
Нефтедобыча
Нефтепереработка
Нефтепроводы
Газопроводы
Сельское хозяйство и пищевая пр…
Непромышленные потребители
Государственные (муниципальные…
Население и приравненные групп…
Территориальные сетевые органи…
Выручка отклонения по ПАО Россети на 2023 год
15.6% 15.6%
3.8% 3.8%
1.2% 1.2%
398.2% 398.2%
26.9% 26.9%
-0.6% -0.6%
26.9% 26.9%
1.5% 1.5%
2.7% 2.7%
2.0% 2.0%
-2.0% -2.0%
7.9% 7.9%
⬤ Отклонение, %
Интер РАО (для ФСК)
Промышленные потребители
Транспорт
Нефтедобыча
Нефтепереработка
Нефтепроводы
Газопроводы
Сельское хозяйство и пищевая пр…
Непромышленные потребители
Государственные (муниципальные…
Население и приравненные групп…
Территориальные сетевые органи…
абс.
%
Прогноз на месяц 
Ноябрь
КПО/Отпуск из сети 
Котловой полезный отпуск, млн. кВт.ч
Организация 
Все
Прогноз электропотребления и выручки за услуги по передаче в разрезе отраслей'

31-03-2025T11:51:10 - [MESSAGE][PASSED] - Text of object 'Object Repository/Прогноз по отраслям/Виджеты дашборда' is: 'Год 
2023 год
Сравнение с 
План
Динамика электропотребления, млрд. кВт.ч. по ПАО Россети на 2023 год
0 0
119 119
37 37
7 7
7 7
8 8
1 1
19 19
75 75
25 25
123 123
55 55
0 0
120 120
39 39
39 39
8 8
8 8
1 1
20 20
78 78
26 26
121 121
60 60
План
Ожидаемое (прогноз по конца года)
Интер РАО (дляФСК)
Промышленныепотребители
Транспорт
Нефтедобыча
Нефтепереработка
Нефтепроводы
Газопроводы
Сельскоехозяйство ипищеваяпромышленность
Непромышленныепотребители
Государственные(муниципальные)организации ипрочиебюджетныепотребители
Население иприравненныегруппыпотребителей
Территориальныесетевыеорганизации
Выручка по ПАО Россети на 2023 год
5 5
319 319
81 81
16 16
16 16
20 20
2 2
56 56
215 215
67 67
218 218
239 239
6 6
331 331
82 82
77 77
20 20
20 20
3 3
57 57
220 220
68 68
214 214
258 258
План
Ожидаемое (прогноз по конца года)
Интер РАО (дляФСК)
Промышленныепотребители
Транспорт
Нефтедобыча
Нефтепереработка
Нефтепроводы
Газопроводы
Сельскоехозяйство ипищеваяпромышленность
Непромышленныепотребители
Государственные(муниципальные)организации ипрочиебюджетныепотребители
Население иприравненныегруппыпотребителей
Территориальныесетевыеорганизации
Отклонения по ПАО Россети на 2023 год
1.2% 1.2%
3.2% 3.2%
492.1% 492.1%
18.1% 18.1%
4.4% 4.4%
11.9% 11.9%
1.2% 1.2%
4.1% 4.1%
2.4% 2.4%
-1.4% -1.4%
9.7% 9.7%
⬤ Отклонение, %
Интер РАО (для ФСК)
Промышленные потребители
Транспорт
Нефтедобыча
Нефтепереработка
Нефтепроводы
Газопроводы
Сельское хозяйство и пищевая пр…
Непромышленные потребители
Государственные (муниципальные…
Население и приравненные групп…
Территориальные сетевые органи…
Выручка отклонения по ПАО Россети на 2023 год
15.6% 15.6%
3.8% 3.8%
1.2% 1.2%
398.2% 398.2%
26.9% 26.9%
-0.6% -0.6%
26.9% 26.9%
1.5% 1.5%
2.7% 2.7%
2.0% 2.0%
-2.0% -2.0%
7.9% 7.9%
⬤ Отклонение, %
Интер РАО (для ФСК)
Промышленные потребители
Транспорт
Нефтедобыча
Нефтепереработка
Нефтепроводы
Газопроводы
Сельское хозяйство и пищевая пр…
Непромышленные потребители
Государственные (муниципальные…
Население и приравненные групп…
Территориальные сетевые органи…
абс.
%
Прогноз на месяц 
Ноябрь
КПО/Отпуск из сети 
Котловой полезный отпуск, млн. кВт.ч
Организация 
Все
Прогноз электропотребления и выручки за услуги по передаче в разрезе отраслей'

31-03-2025T11:51:10 - [TEST_STEP][PASSED] - println("a5:" + a5): null

31-03-2025T11:51:10 - [TEST_STEP][PASSED] - a5 = a5.replaceAll("[^0-9]", ""): null

31-03-2025T11:51:10 - [TEST_STEP][PASSED] - println("a5:" + a5): null

31-03-2025T11:51:10 - [TEST_STEP][PASSED] - click(findTestObject("Прогноз по отраслям/Фильтр Сравнение с")): Object: 'Object Repository/Прогноз по отраслям/Фильтр Сравнение с' is clicked on

31-03-2025T11:51:11 - [MESSAGE][PASSED] - Object: 'Object Repository/Прогноз по отраслям/Фильтр Сравнение с' is clicked on

31-03-2025T11:51:11 - [TEST_STEP][PASSED] - click(findTestObject("Прогноз по отраслям/План СУ")): Object: 'Object Repository/Прогноз по отраслям/План СУ' is clicked on

31-03-2025T11:51:12 - [MESSAGE][PASSED] - Object: 'Object Repository/Прогноз по отраслям/План СУ' is clicked on

31-03-2025T11:51:12 - [TEST_STEP][PASSED] - delay(40): Delayed 40 second(s)

31-03-2025T11:51:52 - [MESSAGE][PASSED] - Delayed 40 second(s)

31-03-2025T11:51:52 - [TEST_STEP][PASSED] - a6 = getText(findTestObject("Прогноз по отраслям/Виджеты дашборда")): Text of object 'Object Repository/Прогноз по отраслям/Виджеты дашборда' is: 'Год 
2023 год
Сравнение с 
План/СУ
Динамика электропотребления, млрд. кВт.ч. по ПАО Россети на 2023 год
0 0
0 0
0 0
0 0
0 0
0 0
0 0
0 0
0 0
0 0
0 0
0 0
0 0
120 120
39 39
39 39
8 8
8 8
1 1
20 20
78 78
26 26
121 121
60 60
СУ
Ожидаемое (прогноз по конца года)
Интер РАО (дляФСК)
Промышленныепотребители
Транспорт
Нефтедобыча
Нефтепереработка
Нефтепроводы
Газопроводы
Сельскоехозяйство ипищеваяпромышленность
Непромышленныепотребители
Государственные(муниципальные)организации ипрочиебюджетныепотребители
Население иприравненныегруппыпотребителей
Территориальныесетевыеорганизации
Выручка по ПАО Россети на 2023 год
6 6
331 331
82 82
77 77
20 20
20 20
3 3
57 57
220 220
68 68
214 214
258 258
Ожидаемое (прогноз по конца года)
Интер РАО (дляФСК)
Промышленныепотребители
Транспорт
Нефтедобыча
Нефтепереработка
Нефтепроводы
Газопроводы
Сельскоехозяйство ипищеваяпромышленность
Непромышленныепотребители
Государственные(муниципальные)организации ипрочиебюджетныепотребители
Население иприравненныегруппыпотребителей
Территориальныесетевыеорганизации
Отклонения по ПАО Россети на 2023 год
⬤ Отклонение, %
Интер РАО (для ФСК)
Промышленные потребители
Транспорт
Нефтедобыча
Нефтепереработка
Нефтепроводы
Газопроводы
Сельское хозяйство и пищевая пр…
Непромышленные потребители
Государственные (муниципальные…
Население и приравненные групп…
Территориальные сетевые органи…
Выручка отклонения по ПАО Россети на 2023 год
⬤ Отклонение, %
Интер РАО (для ФСК)
Промышленные потребители
Транспорт
Нефтедобыча
Нефтепереработка
Нефтепроводы
Газопроводы
Сельское хозяйство и пищевая пр…
Непромышленные потребители
Государственные (муниципальные…
Население и приравненные групп…
Территориальные сетевые органи…
абс.
%
Прогноз на месяц 
Ноябрь
КПО/Отпуск из сети 
Котловой полезный отпуск, млн. кВт.ч
Организация 
Все
Прогноз электропотребления и выручки за услуги по передаче в разрезе отраслей'

31-03-2025T11:51:52 - [MESSAGE][PASSED] - Text of object 'Object Repository/Прогноз по отраслям/Виджеты дашборда' is: 'Год 
2023 год
Сравнение с 
План/СУ
Динамика электропотребления, млрд. кВт.ч. по ПАО Россети на 2023 год
0 0
0 0
0 0
0 0
0 0
0 0
0 0
0 0
0 0
0 0
0 0
0 0
0 0
120 120
39 39
39 39
8 8
8 8
1 1
20 20
78 78
26 26
121 121
60 60
СУ
Ожидаемое (прогноз по конца года)
Интер РАО (дляФСК)
Промышленныепотребители
Транспорт
Нефтедобыча
Нефтепереработка
Нефтепроводы
Газопроводы
Сельскоехозяйство ипищеваяпромышленность
Непромышленныепотребители
Государственные(муниципальные)организации ипрочиебюджетныепотребители
Население иприравненныегруппыпотребителей
Территориальныесетевыеорганизации
Выручка по ПАО Россети на 2023 год
6 6
331 331
82 82
77 77
20 20
20 20
3 3
57 57
220 220
68 68
214 214
258 258
Ожидаемое (прогноз по конца года)
Интер РАО (дляФСК)
Промышленныепотребители
Транспорт
Нефтедобыча
Нефтепереработка
Нефтепроводы
Газопроводы
Сельскоехозяйство ипищеваяпромышленность
Непромышленныепотребители
Государственные(муниципальные)организации ипрочиебюджетныепотребители
Население иприравненныегруппыпотребителей
Территориальныесетевыеорганизации
Отклонения по ПАО Россети на 2023 год
⬤ Отклонение, %
Интер РАО (для ФСК)
Промышленные потребители
Транспорт
Нефтедобыча
Нефтепереработка
Нефтепроводы
Газопроводы
Сельское хозяйство и пищевая пр…
Непромышленные потребители
Государственные (муниципальные…
Население и приравненные групп…
Территориальные сетевые органи…
Выручка отклонения по ПАО Россети на 2023 год
⬤ Отклонение, %
Интер РАО (для ФСК)
Промышленные потребители
Транспорт
Нефтедобыча
Нефтепереработка
Нефтепроводы
Газопроводы
Сельское хозяйство и пищевая пр…
Непромышленные потребители
Государственные (муниципальные…
Население и приравненные групп…
Территориальные сетевые органи…
абс.
%
Прогноз на месяц 
Ноябрь
КПО/Отпуск из сети 
Котловой полезный отпуск, млн. кВт.ч
Организация 
Все
Прогноз электропотребления и выручки за услуги по передаче в разрезе отраслей'

31-03-2025T11:51:52 - [TEST_STEP][PASSED] - a6 = a6.replaceAll("[^0-9]", ""): null

31-03-2025T11:51:52 - [TEST_STEP][PASSED] - println("a6:" + a6): null

31-03-2025T11:51:52 - [TEST_STEP][PASSED] - click(findTestObject("Прогноз по отраслям/Переключить отображение с процентов на абс Блок руководителя")): Object: 'Object Repository/Прогноз по отраслям/Переключить отображение с процентов на абс Блок руководителя' is clicked on

31-03-2025T11:51:53 - [MESSAGE][PASSED] - Object: 'Object Repository/Прогноз по отраслям/Переключить отображение с процентов на абс Блок руководителя' is clicked on

31-03-2025T11:51:53 - [TEST_STEP][PASSED] - click(findTestObject("Прогноз по отраслям/Фильтр Сравнение с")): Object: 'Object Repository/Прогноз по отраслям/Фильтр Сравнение с' is clicked on

31-03-2025T11:51:53 - [MESSAGE][PASSED] - Object: 'Object Repository/Прогноз по отраслям/Фильтр Сравнение с' is clicked on

31-03-2025T11:51:53 - [TEST_STEP][PASSED] - click(findTestObject("Прогноз по отраслям/Факт прошлого года")): Object: 'Object Repository/Прогноз по отраслям/Факт прошлого года' is clicked on

31-03-2025T11:51:54 - [MESSAGE][PASSED] - Object: 'Object Repository/Прогноз по отраслям/Факт прошлого года' is clicked on

31-03-2025T11:51:54 - [TEST_STEP][PASSED] - click(findTestObject("Прогноз по отраслям/Фильтр КПО-Отпуск")): Object: 'Object Repository/Прогноз по отраслям/Фильтр КПО-Отпуск' is clicked on

31-03-2025T11:51:55 - [MESSAGE][PASSED] - Object: 'Object Repository/Прогноз по отраслям/Фильтр КПО-Отпуск' is clicked on

31-03-2025T11:51:55 - [TEST_STEP][PASSED] - click(findTestObject("Прогноз по отраслям/Отпуск")): Object: 'Object Repository/Прогноз по отраслям/Отпуск' is clicked on

31-03-2025T11:51:56 - [MESSAGE][PASSED] - Object: 'Object Repository/Прогноз по отраслям/Отпуск' is clicked on

31-03-2025T11:51:56 - [TEST_STEP][PASSED] - delay(40): Delayed 40 second(s)

31-03-2025T11:52:36 - [MESSAGE][PASSED] - Delayed 40 second(s)

31-03-2025T11:52:36 - [TEST_STEP][PASSED] - a7 = getText(findTestObject("Прогноз по отраслям/Виджеты дашборда")): Text of object 'Object Repository/Прогноз по отраслям/Виджеты дашборда' is: 'Год 
2023 год
Сравнение с 
Факт прошлого года
Отклонения по ПАО Россети на 2023 год
-2 263.5 -2 263.5
11 054.6 11 054.6
1 280.2 1 280.2
-1 947.5 -1 947.5
90.9 90.9
-3 845.0 -3 845.0
4 162.1 4 162.1
651.7 651.7
-4 727.7 -4 727.7
256.5 256.5
-723.9 -723.9
4 292.3 4 292.3
⬤ Отклонение, млн. кВт.ч
Интер РАО (для ФСК)
Промышленные потребители
Транспорт
Нефтедобыча
Нефтепереработка
Нефтепроводы
Газопроводы
Сельское хозяйство и пищевая пр…
Непромышленные потребители
Государственные (муниципальные…
Население и приравненные групп…
Территориальные сетевые органи…
Выручка отклонения по ПАО Россети на 2023 год
421.3 421.3
45 574.9 45 574.9
9 547.5 9 547.5
4 889.3 4 889.3
2 337.4 2 337.4
-1 682.6 -1 682.6
2 919.4 2 919.4
7 110.2 7 110.2
19 840.8 19 840.8
7 289.5 7 289.5
23 664.8 23 664.8
31 028.3 31 028.3
⬤ Отклонение, млн. руб.
Интер РАО (для ФСК)
Промышленные потребители
Транспорт
Нефтедобыча
Нефтепереработка
Нефтепроводы
Газопроводы
Сельское хозяйство и пищевая пр…
Непромышленные потребители
Государственные (муниципальные…
Население и приравненные групп…
Территориальные сетевые органи…
Динамика электропотребления, млрд. кВт.ч. по ПАО Россети на 2023 год
12 12
186 186
36 36
50 50
10 10
19 19
0 0
17 17
85 85
19 19
82 82
604 604
10 10
197 197
37 37
48 48
10 10
15 15
4 4
18 18
80 80
19 19
82 82
608 608
Факт прошлого года
Ожидаемое (прогноз по конца года)
Интер РАО (дляФСК)
Промышленныепотребители
Транспорт
Нефтедобыча
Нефтепереработка
Нефтепроводы
Газопроводы
Сельскоехозяйство ипищеваяпромышленность
Непромышленныепотребители
Государственные(муниципальные)организации ипрочиебюджетныепотребители
Население иприравненныегруппыпотребителей
Территориальныесетевыеорганизации
Выручка по ПАО Россети на 2023 год
5 5
285 285
72 72
72 72
18 18
22 22
0 0
50 50
201 201
61 61
190 190
227 227
6 6
331 331
82 82
77 77
20 20
20 20
3 3
57 57
220 220
68 68
214 214
258 258
Факт прошлого года
Ожидаемое (прогноз по конца года)
Интер РАО (дляФСК)
Промышленныепотребители
Транспорт
Нефтедобыча
Нефтепереработка
Нефтепроводы
Газопроводы
Сельскоехозяйство ипищеваяпромышленность
Непромышленныепотребители
Государственные(муниципальные)организации ипрочиебюджетныепотребители
Население иприравненныегруппыпотребителей
Территориальныесетевыеорганизации
абс.
%
Прогноз на месяц 
Ноябрь
КПО/Отпуск из сети 
Отпуск из сети, млн. кВт.ч
Организация 
Все
Прогноз электропотребления и выручки за услуги по передаче в разрезе отраслей'

31-03-2025T11:52:36 - [MESSAGE][PASSED] - Text of object 'Object Repository/Прогноз по отраслям/Виджеты дашборда' is: 'Год 
2023 год
Сравнение с 
Факт прошлого года
Отклонения по ПАО Россети на 2023 год
-2 263.5 -2 263.5
11 054.6 11 054.6
1 280.2 1 280.2
-1 947.5 -1 947.5
90.9 90.9
-3 845.0 -3 845.0
4 162.1 4 162.1
651.7 651.7
-4 727.7 -4 727.7
256.5 256.5
-723.9 -723.9
4 292.3 4 292.3
⬤ Отклонение, млн. кВт.ч
Интер РАО (для ФСК)
Промышленные потребители
Транспорт
Нефтедобыча
Нефтепереработка
Нефтепроводы
Газопроводы
Сельское хозяйство и пищевая пр…
Непромышленные потребители
Государственные (муниципальные…
Население и приравненные групп…
Территориальные сетевые органи…
Выручка отклонения по ПАО Россети на 2023 год
421.3 421.3
45 574.9 45 574.9
9 547.5 9 547.5
4 889.3 4 889.3
2 337.4 2 337.4
-1 682.6 -1 682.6
2 919.4 2 919.4
7 110.2 7 110.2
19 840.8 19 840.8
7 289.5 7 289.5
23 664.8 23 664.8
31 028.3 31 028.3
⬤ Отклонение, млн. руб.
Интер РАО (для ФСК)
Промышленные потребители
Транспорт
Нефтедобыча
Нефтепереработка
Нефтепроводы
Газопроводы
Сельское хозяйство и пищевая пр…
Непромышленные потребители
Государственные (муниципальные…
Население и приравненные групп…
Территориальные сетевые органи…
Динамика электропотребления, млрд. кВт.ч. по ПАО Россети на 2023 год
12 12
186 186
36 36
50 50
10 10
19 19
0 0
17 17
85 85
19 19
82 82
604 604
10 10
197 197
37 37
48 48
10 10
15 15
4 4
18 18
80 80
19 19
82 82
608 608
Факт прошлого года
Ожидаемое (прогноз по конца года)
Интер РАО (дляФСК)
Промышленныепотребители
Транспорт
Нефтедобыча
Нефтепереработка
Нефтепроводы
Газопроводы
Сельскоехозяйство ипищеваяпромышленность
Непромышленныепотребители
Государственные(муниципальные)организации ипрочиебюджетныепотребители
Население иприравненныегруппыпотребителей
Территориальныесетевыеорганизации
Выручка по ПАО Россети на 2023 год
5 5
285 285
72 72
72 72
18 18
22 22
0 0
50 50
201 201
61 61
190 190
227 227
6 6
331 331
82 82
77 77
20 20
20 20
3 3
57 57
220 220
68 68
214 214
258 258
Факт прошлого года
Ожидаемое (прогноз по конца года)
Интер РАО (дляФСК)
Промышленныепотребители
Транспорт
Нефтедобыча
Нефтепереработка
Нефтепроводы
Газопроводы
Сельскоехозяйство ипищеваяпромышленность
Непромышленныепотребители
Государственные(муниципальные)организации ипрочиебюджетныепотребители
Население иприравненныегруппыпотребителей
Территориальныесетевыеорганизации
абс.
%
Прогноз на месяц 
Ноябрь
КПО/Отпуск из сети 
Отпуск из сети, млн. кВт.ч
Организация 
Все
Прогноз электропотребления и выручки за услуги по передаче в разрезе отраслей'

31-03-2025T11:52:36 - [TEST_STEP][PASSED] - a7 = a7.replaceAll("[^0-9]", ""): null

31-03-2025T11:52:36 - [TEST_STEP][PASSED] - println("a7:" + a7): null

31-03-2025T11:52:36 - [TEST_STEP][PASSED] - click(findTestObject("Прогноз по отраслям/Фильтр Сравнение с")): Object: 'Object Repository/Прогноз по отраслям/Фильтр Сравнение с' is clicked on

31-03-2025T11:52:36 - [MESSAGE][PASSED] - Object: 'Object Repository/Прогноз по отраслям/Фильтр Сравнение с' is clicked on

31-03-2025T11:52:36 - [TEST_STEP][PASSED] - click(findTestObject("Прогноз по отраслям/План")): Object: 'Object Repository/Прогноз по отраслям/План' is clicked on

31-03-2025T11:52:37 - [MESSAGE][PASSED] - Object: 'Object Repository/Прогноз по отраслям/План' is clicked on

31-03-2025T11:52:37 - [TEST_STEP][PASSED] - delay(40): Delayed 40 second(s)

31-03-2025T11:53:17 - [MESSAGE][PASSED] - Delayed 40 second(s)

31-03-2025T11:53:17 - [TEST_STEP][PASSED] - a8 = getText(findTestObject("Прогноз по отраслям/Виджеты дашборда")): Text of object 'Object Repository/Прогноз по отраслям/Виджеты дашборда' is: 'Год 
2023 год
Сравнение с 
План
Отклонения по ПАО Россети на 2023 год
-492.2 -492.2
7 165.1 7 165.1
689.3 689.3
33 271.7 33 271.7
986.4 986.4
593.8 593.8
764.0 764.0
670.4 670.4
-592.4 -592.4
308.8 308.8
-940.9 -940.9
19 604.1 19 604.1
⬤ Отклонение, млн. кВт.ч
Интер РАО (для ФСК)
Промышленные потребители
Транспорт
Нефтедобыча
Нефтепереработка
Нефтепроводы
Газопроводы
Сельское хозяйство и пищевая пр…
Непромышленные потребители
Государственные (муниципальные…
Население и приравненные групп…
Территориальные сетевые органи…
Выручка отклонения по ПАО Россети на 2023 год
794.9 794.9
12 195.0 12 195.0
972.7 972.7
61 803.9 61 803.9
4 222.3 4 222.3
-121.8 -121.8
666.2 666.2
873.2 873.2
5 809.6 5 809.6
1 342.6 1 342.6
-4 463.2 -4 463.2
18 375.5 18 375.5
⬤ Отклонение, млн. руб.
Интер РАО (для ФСК)
Промышленные потребители
Транспорт
Нефтедобыча
Нефтепереработка
Нефтепроводы
Газопроводы
Сельское хозяйство и пищевая пр…
Непромышленные потребители
Государственные (муниципальные…
Население и приравненные групп…
Территориальные сетевые органи…
Динамика электропотребления, млрд. кВт.ч. по ПАО Россети на 2023 год
10 10
190 190
36 36
14 14
9 9
14 14
4 4
17 17
80 80
19 19
82 82
588 588
10 10
197 197
37 37
48 48
10 10
15 15
4 4
18 18
80 80
19 19
82 82
608 608
План
Ожидаемое (прогноз по конца года)
Интер РАО (дляФСК)
Промышленныепотребители
Транспорт
Нефтедобыча
Нефтепереработка
Нефтепроводы
Газопроводы
Сельскоехозяйство ипищеваяпромышленность
Непромышленныепотребители
Государственные(муниципальные)организации ипрочиебюджетныепотребители
Население иприравненныегруппыпотребителей
Территориальныесетевыеорганизации
Выручка по ПАО Россети на 2023 год
5 5
319 319
81 81
16 16
16 16
20 20
2 2
56 56
215 215
67 67
218 218
239 239
6 6
331 331
82 82
77 77
20 20
20 20
3 3
57 57
220 220
68 68
214 214
258 258
План
Ожидаемое (прогноз по конца года)
Интер РАО (дляФСК)
Промышленныепотребители
Транспорт
Нефтедобыча
Нефтепереработка
Нефтепроводы
Газопроводы
Сельскоехозяйство ипищеваяпромышленность
Непромышленныепотребители
Государственные(муниципальные)организации ипрочиебюджетныепотребители
Население иприравненныегруппыпотребителей
Территориальныесетевыеорганизации
абс.
%
Прогноз на месяц 
Ноябрь
КПО/Отпуск из сети 
Отпуск из сети, млн. кВт.ч
Организация 
Все
Прогноз электропотребления и выручки за услуги по передаче в разрезе отраслей'

31-03-2025T11:53:18 - [MESSAGE][PASSED] - Text of object 'Object Repository/Прогноз по отраслям/Виджеты дашборда' is: 'Год 
2023 год
Сравнение с 
План
Отклонения по ПАО Россети на 2023 год
-492.2 -492.2
7 165.1 7 165.1
689.3 689.3
33 271.7 33 271.7
986.4 986.4
593.8 593.8
764.0 764.0
670.4 670.4
-592.4 -592.4
308.8 308.8
-940.9 -940.9
19 604.1 19 604.1
⬤ Отклонение, млн. кВт.ч
Интер РАО (для ФСК)
Промышленные потребители
Транспорт
Нефтедобыча
Нефтепереработка
Нефтепроводы
Газопроводы
Сельское хозяйство и пищевая пр…
Непромышленные потребители
Государственные (муниципальные…
Население и приравненные групп…
Территориальные сетевые органи…
Выручка отклонения по ПАО Россети на 2023 год
794.9 794.9
12 195.0 12 195.0
972.7 972.7
61 803.9 61 803.9
4 222.3 4 222.3
-121.8 -121.8
666.2 666.2
873.2 873.2
5 809.6 5 809.6
1 342.6 1 342.6
-4 463.2 -4 463.2
18 375.5 18 375.5
⬤ Отклонение, млн. руб.
Интер РАО (для ФСК)
Промышленные потребители
Транспорт
Нефтедобыча
Нефтепереработка
Нефтепроводы
Газопроводы
Сельское хозяйство и пищевая пр…
Непромышленные потребители
Государственные (муниципальные…
Население и приравненные групп…
Территориальные сетевые органи…
Динамика электропотребления, млрд. кВт.ч. по ПАО Россети на 2023 год
10 10
190 190
36 36
14 14
9 9
14 14
4 4
17 17
80 80
19 19
82 82
588 588
10 10
197 197
37 37
48 48
10 10
15 15
4 4
18 18
80 80
19 19
82 82
608 608
План
Ожидаемое (прогноз по конца года)
Интер РАО (дляФСК)
Промышленныепотребители
Транспорт
Нефтедобыча
Нефтепереработка
Нефтепроводы
Газопроводы
Сельскоехозяйство ипищеваяпромышленность
Непромышленныепотребители
Государственные(муниципальные)организации ипрочиебюджетныепотребители
Население иприравненныегруппыпотребителей
Территориальныесетевыеорганизации
Выручка по ПАО Россети на 2023 год
5 5
319 319
81 81
16 16
16 16
20 20
2 2
56 56
215 215
67 67
218 218
239 239
6 6
331 331
82 82
77 77
20 20
20 20
3 3
57 57
220 220
68 68
214 214
258 258
План
Ожидаемое (прогноз по конца года)
Интер РАО (дляФСК)
Промышленныепотребители
Транспорт
Нефтедобыча
Нефтепереработка
Нефтепроводы
Газопроводы
Сельскоехозяйство ипищеваяпромышленность
Непромышленныепотребители
Государственные(муниципальные)организации ипрочиебюджетныепотребители
Население иприравненныегруппыпотребителей
Территориальныесетевыеорганизации
абс.
%
Прогноз на месяц 
Ноябрь
КПО/Отпуск из сети 
Отпуск из сети, млн. кВт.ч
Организация 
Все
Прогноз электропотребления и выручки за услуги по передаче в разрезе отраслей'

31-03-2025T11:53:18 - [TEST_STEP][PASSED] - a8 = a8.replaceAll("[^0-9]", ""): null

31-03-2025T11:53:18 - [TEST_STEP][PASSED] - println("a8:" + a8): null

31-03-2025T11:53:18 - [TEST_STEP][PASSED] - click(findTestObject("Прогноз по отраслям/Фильтр Сравнение с")): Object: 'Object Repository/Прогноз по отраслям/Фильтр Сравнение с' is clicked on

31-03-2025T11:53:18 - [MESSAGE][PASSED] - Object: 'Object Repository/Прогноз по отраслям/Фильтр Сравнение с' is clicked on

31-03-2025T11:53:18 - [TEST_STEP][PASSED] - click(findTestObject("Прогноз по отраслям/План СУ")): Object: 'Object Repository/Прогноз по отраслям/План СУ' is clicked on

31-03-2025T11:53:19 - [MESSAGE][PASSED] - Object: 'Object Repository/Прогноз по отраслям/План СУ' is clicked on

31-03-2025T11:53:19 - [TEST_STEP][PASSED] - delay(40): Delayed 40 second(s)

31-03-2025T11:53:59 - [MESSAGE][PASSED] - Delayed 40 second(s)

31-03-2025T11:53:59 - [TEST_STEP][PASSED] - a9 = getText(findTestObject("Прогноз по отраслям/Виджеты дашборда")): Text of object 'Object Repository/Прогноз по отраслям/Виджеты дашборда' is: 'Год 
2023 год
Сравнение с 
План/СУ
Отклонения по ПАО Россети на 2023 год
243.5 243.5
16 024.4 16 024.4
1 255.1 1 255.1
32 869.9 32 869.9
1 135.7 1 135.7
950.0 950.0
511.1 511.1
1 324.2 1 324.2
-5 962.8 -5 962.8
433.5 433.5
2 431.5 2 431.5
22 321.4 22 321.4
⬤ Отклонение, млн. кВт.ч
Интер РАО (для ФСК)
Промышленные потребители
Транспорт
Нефтедобыча
Нефтепереработка
Нефтепроводы
Газопроводы
Сельское хозяйство и пищевая пр…
Непромышленные потребители
Государственные (муниципальные…
Население и приравненные групп…
Территориальные сетевые органи…
Выручка отклонения по ПАО Россети на 2023 год
⬤ Отклонение, млн. руб.
Интер РАО (для ФСК)
Промышленные потребители
Транспорт
Нефтедобыча
Нефтепереработка
Нефтепроводы
Газопроводы
Сельское хозяйство и пищевая пр…
Непромышленные потребители
Государственные (муниципальные…
Население и приравненные групп…
Территориальные сетевые органи…
Динамика электропотребления, млрд. кВт.ч. по ПАО Россети на 2023 год
10 10
181 181
36 36
15 15
9 9
14 14
4 4
16 16
86 86
19 19
79 79
586 586
10 10
197 197
37 37
48 48
10 10
15 15
4 4
18 18
80 80
19 19
82 82
608 608
СУ
Ожидаемое (прогноз по конца года)
Интер РАО (дляФСК)
Промышленныепотребители
Транспорт
Нефтедобыча
Нефтепереработка
Нефтепроводы
Газопроводы
Сельскоехозяйство ипищеваяпромышленность
Непромышленныепотребители
Государственные(муниципальные)организации ипрочиебюджетныепотребители
Население иприравненныегруппыпотребителей
Территориальныесетевыеорганизации
Выручка по ПАО Россети на 2023 год
6 6
331 331
82 82
77 77
20 20
20 20
3 3
57 57
220 220
68 68
214 214
258 258
Ожидаемое (прогноз по конца года)
Интер РАО (дляФСК)
Промышленныепотребители
Транспорт
Нефтедобыча
Нефтепереработка
Нефтепроводы
Газопроводы
Сельскоехозяйство ипищеваяпромышленность
Непромышленныепотребители
Государственные(муниципальные)организации ипрочиебюджетныепотребители
Население иприравненныегруппыпотребителей
Территориальныесетевыеорганизации
абс.
%
Прогноз на месяц 
Ноябрь
КПО/Отпуск из сети 
Отпуск из сети, млн. кВт.ч
Организация 
Все
Прогноз электропотребления и выручки за услуги по передаче в разрезе отраслей'

31-03-2025T11:54:00 - [MESSAGE][PASSED] - Text of object 'Object Repository/Прогноз по отраслям/Виджеты дашборда' is: 'Год 
2023 год
Сравнение с 
План/СУ
Отклонения по ПАО Россети на 2023 год
243.5 243.5
16 024.4 16 024.4
1 255.1 1 255.1
32 869.9 32 869.9
1 135.7 1 135.7
950.0 950.0
511.1 511.1
1 324.2 1 324.2
-5 962.8 -5 962.8
433.5 433.5
2 431.5 2 431.5
22 321.4 22 321.4
⬤ Отклонение, млн. кВт.ч
Интер РАО (для ФСК)
Промышленные потребители
Транспорт
Нефтедобыча
Нефтепереработка
Нефтепроводы
Газопроводы
Сельское хозяйство и пищевая пр…
Непромышленные потребители
Государственные (муниципальные…
Население и приравненные групп…
Территориальные сетевые органи…
Выручка отклонения по ПАО Россети на 2023 год
⬤ Отклонение, млн. руб.
Интер РАО (для ФСК)
Промышленные потребители
Транспорт
Нефтедобыча
Нефтепереработка
Нефтепроводы
Газопроводы
Сельское хозяйство и пищевая пр…
Непромышленные потребители
Государственные (муниципальные…
Население и приравненные групп…
Территориальные сетевые органи…
Динамика электропотребления, млрд. кВт.ч. по ПАО Россети на 2023 год
10 10
181 181
36 36
15 15
9 9
14 14
4 4
16 16
86 86
19 19
79 79
586 586
10 10
197 197
37 37
48 48
10 10
15 15
4 4
18 18
80 80
19 19
82 82
608 608
СУ
Ожидаемое (прогноз по конца года)
Интер РАО (дляФСК)
Промышленныепотребители
Транспорт
Нефтедобыча
Нефтепереработка
Нефтепроводы
Газопроводы
Сельскоехозяйство ипищеваяпромышленность
Непромышленныепотребители
Государственные(муниципальные)организации ипрочиебюджетныепотребители
Население иприравненныегруппыпотребителей
Территориальныесетевыеорганизации
Выручка по ПАО Россети на 2023 год
6 6
331 331
82 82
77 77
20 20
20 20
3 3
57 57
220 220
68 68
214 214
258 258
Ожидаемое (прогноз по конца года)
Интер РАО (дляФСК)
Промышленныепотребители
Транспорт
Нефтедобыча
Нефтепереработка
Нефтепроводы
Газопроводы
Сельскоехозяйство ипищеваяпромышленность
Непромышленныепотребители
Государственные(муниципальные)организации ипрочиебюджетныепотребители
Население иприравненныегруппыпотребителей
Территориальныесетевыеорганизации
абс.
%
Прогноз на месяц 
Ноябрь
КПО/Отпуск из сети 
Отпуск из сети, млн. кВт.ч
Организация 
Все
Прогноз электропотребления и выручки за услуги по передаче в разрезе отраслей'

31-03-2025T11:54:00 - [TEST_STEP][PASSED] - a9 = a9.replaceAll("[^0-9]", ""): null

31-03-2025T11:54:00 - [TEST_STEP][PASSED] - println("a9:" + a9): null

31-03-2025T11:54:00 - [TEST_STEP][PASSED] - click(findTestObject("Прогноз по отраслям/Фильтр Сравнение с")): Object: 'Object Repository/Прогноз по отраслям/Фильтр Сравнение с' is clicked on

31-03-2025T11:54:00 - [MESSAGE][PASSED] - Object: 'Object Repository/Прогноз по отраслям/Фильтр Сравнение с' is clicked on

31-03-2025T11:54:00 - [TEST_STEP][PASSED] - click(findTestObject("Прогноз по отраслям/Факт прошлого года")): Object: 'Object Repository/Прогноз по отраслям/Факт прошлого года' is clicked on

31-03-2025T11:54:01 - [MESSAGE][PASSED] - Object: 'Object Repository/Прогноз по отраслям/Факт прошлого года' is clicked on

31-03-2025T11:54:01 - [TEST_STEP][PASSED] - click(findTestObject("Прогноз по отраслям/Фильтр КПО-Отпуск")): Object: 'Object Repository/Прогноз по отраслям/Фильтр КПО-Отпуск' is clicked on

31-03-2025T11:54:02 - [MESSAGE][PASSED] - Object: 'Object Repository/Прогноз по отраслям/Фильтр КПО-Отпуск' is clicked on

31-03-2025T11:54:02 - [TEST_STEP][PASSED] - click(findTestObject("Прогноз по отраслям/КПО")): Object: 'Object Repository/Прогноз по отраслям/КПО' is clicked on

31-03-2025T11:54:03 - [MESSAGE][PASSED] - Object: 'Object Repository/Прогноз по отраслям/КПО' is clicked on

31-03-2025T11:54:03 - [TEST_STEP][PASSED] - delay(40): Delayed 40 second(s)

31-03-2025T11:54:43 - [MESSAGE][PASSED] - Delayed 40 second(s)

31-03-2025T11:54:43 - [TEST_STEP][PASSED] - a10 = getText(findTestObject("Прогноз по отраслям/Виджеты дашборда")): Text of object 'Object Repository/Прогноз по отраслям/Виджеты дашборда' is: 'Год 
2023 год
Сравнение с 
Факт прошлого года
Отклонения по ПАО Россети на 2023 год
0.0 0.0
646.5 646.5
341.1 341.1
-2 455.6 -2 455.6
245.6 245.6
-1 796.0 -1 796.0
676.2 676.2
452.4 452.4
1 386.2 1 386.2
527.5 527.5
-1 130.4 -1 130.4
-128.7 -128.7
⬤ Отклонение, млн. кВт.ч
Интер РАО (для ФСК)
Промышленные потребители
Транспорт
Нефтедобыча
Нефтепереработка
Нефтепроводы
Газопроводы
Сельское хозяйство и пищевая пр…
Непромышленные потребители
Государственные (муниципальные…
Население и приравненные групп…
Территориальные сетевые органи…
Выручка отклонения по ПАО Россети на 2023 год
421.3 421.3
45 574.9 45 574.9
9 547.5 9 547.5
4 889.3 4 889.3
2 337.4 2 337.4
-1 682.6 -1 682.6
2 919.4 2 919.4
7 110.2 7 110.2
19 840.8 19 840.8
7 289.5 7 289.5
23 664.8 23 664.8
31 028.3 31 028.3
⬤ Отклонение, млн. руб.
Интер РАО (для ФСК)
Промышленные потребители
Транспорт
Нефтедобыча
Нефтепереработка
Нефтепроводы
Газопроводы
Сельское хозяйство и пищевая пр…
Непромышленные потребители
Государственные (муниципальные…
Население и приравненные групп…
Территориальные сетевые органи…
Динамика электропотребления, млрд. кВт.ч. по ПАО Россети на 2023 год
0 0
120 120
38 38
41 41
8 8
10 10
0 0
19 19
77 77
25 25
122 122
61 61
0 0
120 120
39 39
39 39
8 8
8 8
1 1
20 20
78 78
26 26
121 121
60 60
Факт прошлого года
Ожидаемое (прогноз по конца года)
Интер РАО (дляФСК)
Промышленныепотребители
Транспорт
Нефтедобыча
Нефтепереработка
Нефтепроводы
Газопроводы
Сельскоехозяйство ипищеваяпромышленность
Непромышленныепотребители
Государственные(муниципальные)организации ипрочиебюджетныепотребители
Население иприравненныегруппыпотребителей
Территориальныесетевыеорганизации
Выручка по ПАО Россети на 2023 год
5 5
285 285
72 72
72 72
18 18
22 22
0 0
50 50
201 201
61 61
190 190
227 227
6 6
331 331
82 82
77 77
20 20
20 20
3 3
57 57
220 220
68 68
214 214
258 258
Факт прошлого года
Ожидаемое (прогноз по конца года)
Интер РАО (дляФСК)
Промышленныепотребители
Транспорт
Нефтедобыча
Нефтепереработка
Нефтепроводы
Газопроводы
Сельскоехозяйство ипищеваяпромышленность
Непромышленныепотребители
Государственные(муниципальные)организации ипрочиебюджетныепотребители
Население иприравненныегруппыпотребителей
Территориальныесетевыеорганизации
абс.
%
Прогноз на месяц 
Ноябрь
КПО/Отпуск из сети 
Котловой полезный отпуск, млн. кВт.ч
Организация 
Все
Прогноз электропотребления и выручки за услуги по передаче в разрезе отраслей'

31-03-2025T11:54:43 - [MESSAGE][PASSED] - Text of object 'Object Repository/Прогноз по отраслям/Виджеты дашборда' is: 'Год 
2023 год
Сравнение с 
Факт прошлого года
Отклонения по ПАО Россети на 2023 год
0.0 0.0
646.5 646.5
341.1 341.1
-2 455.6 -2 455.6
245.6 245.6
-1 796.0 -1 796.0
676.2 676.2
452.4 452.4
1 386.2 1 386.2
527.5 527.5
-1 130.4 -1 130.4
-128.7 -128.7
⬤ Отклонение, млн. кВт.ч
Интер РАО (для ФСК)
Промышленные потребители
Транспорт
Нефтедобыча
Нефтепереработка
Нефтепроводы
Газопроводы
Сельское хозяйство и пищевая пр…
Непромышленные потребители
Государственные (муниципальные…
Население и приравненные групп…
Территориальные сетевые органи…
Выручка отклонения по ПАО Россети на 2023 год
421.3 421.3
45 574.9 45 574.9
9 547.5 9 547.5
4 889.3 4 889.3
2 337.4 2 337.4
-1 682.6 -1 682.6
2 919.4 2 919.4
7 110.2 7 110.2
19 840.8 19 840.8
7 289.5 7 289.5
23 664.8 23 664.8
31 028.3 31 028.3
⬤ Отклонение, млн. руб.
Интер РАО (для ФСК)
Промышленные потребители
Транспорт
Нефтедобыча
Нефтепереработка
Нефтепроводы
Газопроводы
Сельское хозяйство и пищевая пр…
Непромышленные потребители
Государственные (муниципальные…
Население и приравненные групп…
Территориальные сетевые органи…
Динамика электропотребления, млрд. кВт.ч. по ПАО Россети на 2023 год
0 0
120 120
38 38
41 41
8 8
10 10
0 0
19 19
77 77
25 25
122 122
61 61
0 0
120 120
39 39
39 39
8 8
8 8
1 1
20 20
78 78
26 26
121 121
60 60
Факт прошлого года
Ожидаемое (прогноз по конца года)
Интер РАО (дляФСК)
Промышленныепотребители
Транспорт
Нефтедобыча
Нефтепереработка
Нефтепроводы
Газопроводы
Сельскоехозяйство ипищеваяпромышленность
Непромышленныепотребители
Государственные(муниципальные)организации ипрочиебюджетныепотребители
Население иприравненныегруппыпотребителей
Территориальныесетевыеорганизации
Выручка по ПАО Россети на 2023 год
5 5
285 285
72 72
72 72
18 18
22 22
0 0
50 50
201 201
61 61
190 190
227 227
6 6
331 331
82 82
77 77
20 20
20 20
3 3
57 57
220 220
68 68
214 214
258 258
Факт прошлого года
Ожидаемое (прогноз по конца года)
Интер РАО (дляФСК)
Промышленныепотребители
Транспорт
Нефтедобыча
Нефтепереработка
Нефтепроводы
Газопроводы
Сельскоехозяйство ипищеваяпромышленность
Непромышленныепотребители
Государственные(муниципальные)организации ипрочиебюджетныепотребители
Население иприравненныегруппыпотребителей
Территориальныесетевыеорганизации
абс.
%
Прогноз на месяц 
Ноябрь
КПО/Отпуск из сети 
Котловой полезный отпуск, млн. кВт.ч
Организация 
Все
Прогноз электропотребления и выручки за услуги по передаче в разрезе отраслей'

31-03-2025T11:54:43 - [TEST_STEP][PASSED] - a10 = a10.replaceAll("[^0-9]", ""): null

31-03-2025T11:54:43 - [TEST_STEP][PASSED] - println("a10:" + a10): null

31-03-2025T11:54:43 - [TEST_STEP][PASSED] - click(findTestObject("Прогноз по отраслям/Фильтр Сравнение с")): Object: 'Object Repository/Прогноз по отраслям/Фильтр Сравнение с' is clicked on

31-03-2025T11:54:43 - [MESSAGE][PASSED] - Object: 'Object Repository/Прогноз по отраслям/Фильтр Сравнение с' is clicked on

31-03-2025T11:54:43 - [TEST_STEP][PASSED] - click(findTestObject("Прогноз по отраслям/План")): Object: 'Object Repository/Прогноз по отраслям/План' is clicked on

31-03-2025T11:54:44 - [MESSAGE][PASSED] - Object: 'Object Repository/Прогноз по отраслям/План' is clicked on

31-03-2025T11:54:44 - [TEST_STEP][PASSED] - delay(40): Delayed 40 second(s)

31-03-2025T11:55:24 - [MESSAGE][PASSED] - Delayed 40 second(s)

31-03-2025T11:55:24 - [TEST_STEP][PASSED] - a11 = getText(findTestObject("Прогноз по отраслям/Виджеты дашборда")): Text of object 'Object Repository/Прогноз по отраслям/Виджеты дашборда' is: 'Год 
2023 год
Сравнение с 
План
Отклонения по ПАО Россети на 2023 год
0.0 0.0
1 471.7 1 471.7
1 186.5 1 186.5
32 445.2 32 445.2
1 268.3 1 268.3
349.4 349.4
84.3 84.3
239.8 239.8
2 969.4 2 969.4
589.2 589.2
-1 798.4 -1 798.4
5 359.3 5 359.3
⬤ Отклонение, млн. кВт.ч
Интер РАО (для ФСК)
Промышленные потребители
Транспорт
Нефтедобыча
Нефтепереработка
Нефтепроводы
Газопроводы
Сельское хозяйство и пищевая пр…
Непромышленные потребители
Государственные (муниципальные…
Население и приравненные групп…
Территориальные сетевые органи…
Выручка отклонения по ПАО Россети на 2023 год
794.9 794.9
12 195.0 12 195.0
972.7 972.7
61 803.9 61 803.9
4 222.3 4 222.3
-121.8 -121.8
666.2 666.2
873.2 873.2
5 809.6 5 809.6
1 342.6 1 342.6
-4 463.2 -4 463.2
18 375.5 18 375.5
⬤ Отклонение, млн. руб.
Интер РАО (для ФСК)
Промышленные потребители
Транспорт
Нефтедобыча
Нефтепереработка
Нефтепроводы
Газопроводы
Сельское хозяйство и пищевая пр…
Непромышленные потребители
Государственные (муниципальные…
Население и приравненные групп…
Территориальные сетевые органи…
Динамика электропотребления, млрд. кВт.ч. по ПАО Россети на 2023 год
0 0
119 119
37 37
7 7
7 7
8 8
1 1
19 19
75 75
25 25
123 123
55 55
0 0
120 120
39 39
39 39
8 8
8 8
1 1
20 20
78 78
26 26
121 121
60 60
План
Ожидаемое (прогноз по конца года)
Интер РАО (дляФСК)
Промышленныепотребители
Транспорт
Нефтедобыча
Нефтепереработка
Нефтепроводы
Газопроводы
Сельскоехозяйство ипищеваяпромышленность
Непромышленныепотребители
Государственные(муниципальные)организации ипрочиебюджетныепотребители
Население иприравненныегруппыпотребителей
Территориальныесетевыеорганизации
Выручка по ПАО Россети на 2023 год
5 5
319 319
81 81
16 16
16 16
20 20
2 2
56 56
215 215
67 67
218 218
239 239
6 6
331 331
82 82
77 77
20 20
20 20
3 3
57 57
220 220
68 68
214 214
258 258
План
Ожидаемое (прогноз по конца года)
Интер РАО (дляФСК)
Промышленныепотребители
Транспорт
Нефтедобыча
Нефтепереработка
Нефтепроводы
Газопроводы
Сельскоехозяйство ипищеваяпромышленность
Непромышленныепотребители
Государственные(муниципальные)организации ипрочиебюджетныепотребители
Население иприравненныегруппыпотребителей
Территориальныесетевыеорганизации
абс.
%
Прогноз на месяц 
Ноябрь
КПО/Отпуск из сети 
Котловой полезный отпуск, млн. кВт.ч
Организация 
Все
Прогноз электропотребления и выручки за услуги по передаче в разрезе отраслей'

31-03-2025T11:55:25 - [MESSAGE][PASSED] - Text of object 'Object Repository/Прогноз по отраслям/Виджеты дашборда' is: 'Год 
2023 год
Сравнение с 
План
Отклонения по ПАО Россети на 2023 год
0.0 0.0
1 471.7 1 471.7
1 186.5 1 186.5
32 445.2 32 445.2
1 268.3 1 268.3
349.4 349.4
84.3 84.3
239.8 239.8
2 969.4 2 969.4
589.2 589.2
-1 798.4 -1 798.4
5 359.3 5 359.3
⬤ Отклонение, млн. кВт.ч
Интер РАО (для ФСК)
Промышленные потребители
Транспорт
Нефтедобыча
Нефтепереработка
Нефтепроводы
Газопроводы
Сельское хозяйство и пищевая пр…
Непромышленные потребители
Государственные (муниципальные…
Население и приравненные групп…
Территориальные сетевые органи…
Выручка отклонения по ПАО Россети на 2023 год
794.9 794.9
12 195.0 12 195.0
972.7 972.7
61 803.9 61 803.9
4 222.3 4 222.3
-121.8 -121.8
666.2 666.2
873.2 873.2
5 809.6 5 809.6
1 342.6 1 342.6
-4 463.2 -4 463.2
18 375.5 18 375.5
⬤ Отклонение, млн. руб.
Интер РАО (для ФСК)
Промышленные потребители
Транспорт
Нефтедобыча
Нефтепереработка
Нефтепроводы
Газопроводы
Сельское хозяйство и пищевая пр…
Непромышленные потребители
Государственные (муниципальные…
Население и приравненные групп…
Территориальные сетевые органи…
Динамика электропотребления, млрд. кВт.ч. по ПАО Россети на 2023 год
0 0
119 119
37 37
7 7
7 7
8 8
1 1
19 19
75 75
25 25
123 123
55 55
0 0
120 120
39 39
39 39
8 8
8 8
1 1
20 20
78 78
26 26
121 121
60 60
План
Ожидаемое (прогноз по конца года)
Интер РАО (дляФСК)
Промышленныепотребители
Транспорт
Нефтедобыча
Нефтепереработка
Нефтепроводы
Газопроводы
Сельскоехозяйство ипищеваяпромышленность
Непромышленныепотребители
Государственные(муниципальные)организации ипрочиебюджетныепотребители
Население иприравненныегруппыпотребителей
Территориальныесетевыеорганизации
Выручка по ПАО Россети на 2023 год
5 5
319 319
81 81
16 16
16 16
20 20
2 2
56 56
215 215
67 67
218 218
239 239
6 6
331 331
82 82
77 77
20 20
20 20
3 3
57 57
220 220
68 68
214 214
258 258
План
Ожидаемое (прогноз по конца года)
Интер РАО (дляФСК)
Промышленныепотребители
Транспорт
Нефтедобыча
Нефтепереработка
Нефтепроводы
Газопроводы
Сельскоехозяйство ипищеваяпромышленность
Непромышленныепотребители
Государственные(муниципальные)организации ипрочиебюджетныепотребители
Население иприравненныегруппыпотребителей
Территориальныесетевыеорганизации
абс.
%
Прогноз на месяц 
Ноябрь
КПО/Отпуск из сети 
Котловой полезный отпуск, млн. кВт.ч
Организация 
Все
Прогноз электропотребления и выручки за услуги по передаче в разрезе отраслей'

31-03-2025T11:55:25 - [TEST_STEP][PASSED] - println("a11:" + a11): null

31-03-2025T11:55:25 - [TEST_STEP][PASSED] - a11 = a11.replaceAll("[^0-9]", ""): null

31-03-2025T11:55:25 - [TEST_STEP][PASSED] - println("a11:" + a11): null

31-03-2025T11:55:25 - [TEST_STEP][PASSED] - click(findTestObject("Прогноз по отраслям/Фильтр Сравнение с")): Object: 'Object Repository/Прогноз по отраслям/Фильтр Сравнение с' is clicked on

31-03-2025T11:55:25 - [MESSAGE][PASSED] - Object: 'Object Repository/Прогноз по отраслям/Фильтр Сравнение с' is clicked on

31-03-2025T11:55:25 - [TEST_STEP][PASSED] - click(findTestObject("Прогноз по отраслям/План СУ")): Object: 'Object Repository/Прогноз по отраслям/План СУ' is clicked on

31-03-2025T11:55:26 - [MESSAGE][PASSED] - Object: 'Object Repository/Прогноз по отраслям/План СУ' is clicked on

31-03-2025T11:55:26 - [TEST_STEP][PASSED] - delay(40): Delayed 40 second(s)

31-03-2025T11:56:06 - [MESSAGE][PASSED] - Delayed 40 second(s)

31-03-2025T11:56:06 - [TEST_STEP][PASSED] - a12 = getText(findTestObject("Прогноз по отраслям/Виджеты дашборда")): Text of object 'Object Repository/Прогноз по отраслям/Виджеты дашборда' is: 'Год 
2023 год
Сравнение с 
План/СУ
Отклонения по ПАО Россети на 2023 год
0.0 0.0
120 322.6 120 322.6
38 655.4 38 655.4
39 037.8 39 037.8
8 291.7 8 291.7
8 259.5 8 259.5
793.1 793.1
19 706.6 19 706.6
78 310.2 78 310.2
25 579.5 25 579.5
121 219.7 121 219.7
60 414.9 60 414.9
⬤ Отклонение, млн. кВт.ч
Интер РАО (для ФСК)
Промышленные потребители
Транспорт
Нефтедобыча
Нефтепереработка
Нефтепроводы
Газопроводы
Сельское хозяйство и пищевая пр…
Непромышленные потребители
Государственные (муниципальные…
Население и приравненные групп…
Территориальные сетевые органи…
Выручка отклонения по ПАО Россети на 2023 год
⬤ Отклонение, млн. руб.
Интер РАО (для ФСК)
Промышленные потребители
Транспорт
Нефтедобыча
Нефтепереработка
Нефтепроводы
Газопроводы
Сельское хозяйство и пищевая пр…
Непромышленные потребители
Государственные (муниципальные…
Население и приравненные групп…
Территориальные сетевые органи…
Динамика электропотребления, млрд. кВт.ч. по ПАО Россети на 2023 год
0 0
0 0
0 0
0 0
0 0
0 0
0 0
0 0
0 0
0 0
0 0
0 0
0 0
120 120
39 39
39 39
8 8
8 8
1 1
20 20
78 78
26 26
121 121
60 60
СУ
Ожидаемое (прогноз по конца года)
Интер РАО (дляФСК)
Промышленныепотребители
Транспорт
Нефтедобыча
Нефтепереработка
Нефтепроводы
Газопроводы
Сельскоехозяйство ипищеваяпромышленность
Непромышленныепотребители
Государственные(муниципальные)организации ипрочиебюджетныепотребители
Население иприравненныегруппыпотребителей
Территориальныесетевыеорганизации
Выручка по ПАО Россети на 2023 год
6 6
331 331
82 82
77 77
20 20
20 20
3 3
57 57
220 220
68 68
214 214
258 258
Ожидаемое (прогноз по конца года)
Интер РАО (дляФСК)
Промышленныепотребители
Транспорт
Нефтедобыча
Нефтепереработка
Нефтепроводы
Газопроводы
Сельскоехозяйство ипищеваяпромышленность
Непромышленныепотребители
Государственные(муниципальные)организации ипрочиебюджетныепотребители
Население иприравненныегруппыпотребителей
Территориальныесетевыеорганизации
абс.
%
Прогноз на месяц 
Ноябрь
КПО/Отпуск из сети 
Котловой полезный отпуск, млн. кВт.ч
Организация 
Все
Прогноз электропотребления и выручки за услуги по передаче в разрезе отраслей'

31-03-2025T11:56:07 - [MESSAGE][PASSED] - Text of object 'Object Repository/Прогноз по отраслям/Виджеты дашборда' is: 'Год 
2023 год
Сравнение с 
План/СУ
Отклонения по ПАО Россети на 2023 год
0.0 0.0
120 322.6 120 322.6
38 655.4 38 655.4
39 037.8 39 037.8
8 291.7 8 291.7
8 259.5 8 259.5
793.1 793.1
19 706.6 19 706.6
78 310.2 78 310.2
25 579.5 25 579.5
121 219.7 121 219.7
60 414.9 60 414.9
⬤ Отклонение, млн. кВт.ч
Интер РАО (для ФСК)
Промышленные потребители
Транспорт
Нефтедобыча
Нефтепереработка
Нефтепроводы
Газопроводы
Сельское хозяйство и пищевая пр…
Непромышленные потребители
Государственные (муниципальные…
Население и приравненные групп…
Территориальные сетевые органи…
Выручка отклонения по ПАО Россети на 2023 год
⬤ Отклонение, млн. руб.
Интер РАО (для ФСК)
Промышленные потребители
Транспорт
Нефтедобыча
Нефтепереработка
Нефтепроводы
Газопроводы
Сельское хозяйство и пищевая пр…
Непромышленные потребители
Государственные (муниципальные…
Население и приравненные групп…
Территориальные сетевые органи…
Динамика электропотребления, млрд. кВт.ч. по ПАО Россети на 2023 год
0 0
0 0
0 0
0 0
0 0
0 0
0 0
0 0
0 0
0 0
0 0
0 0
0 0
120 120
39 39
39 39
8 8
8 8
1 1
20 20
78 78
26 26
121 121
60 60
СУ
Ожидаемое (прогноз по конца года)
Интер РАО (дляФСК)
Промышленныепотребители
Транспорт
Нефтедобыча
Нефтепереработка
Нефтепроводы
Газопроводы
Сельскоехозяйство ипищеваяпромышленность
Непромышленныепотребители
Государственные(муниципальные)организации ипрочиебюджетныепотребители
Население иприравненныегруппыпотребителей
Территориальныесетевыеорганизации
Выручка по ПАО Россети на 2023 год
6 6
331 331
82 82
77 77
20 20
20 20
3 3
57 57
220 220
68 68
214 214
258 258
Ожидаемое (прогноз по конца года)
Интер РАО (дляФСК)
Промышленныепотребители
Транспорт
Нефтедобыча
Нефтепереработка
Нефтепроводы
Газопроводы
Сельскоехозяйство ипищеваяпромышленность
Непромышленныепотребители
Государственные(муниципальные)организации ипрочиебюджетныепотребители
Население иприравненныегруппыпотребителей
Территориальныесетевыеорганизации
абс.
%
Прогноз на месяц 
Ноябрь
КПО/Отпуск из сети 
Котловой полезный отпуск, млн. кВт.ч
Организация 
Все
Прогноз электропотребления и выручки за услуги по передаче в разрезе отраслей'

31-03-2025T11:56:07 - [TEST_STEP][PASSED] - a12 = a12.replaceAll("[^0-9]", ""): null

31-03-2025T11:56:07 - [TEST_STEP][PASSED] - println("a12:" + a12): null

31-03-2025T11:56:07 - [TEST_STEP][PASSED] - navigateToUrl(findTestData("PlanFact").getValue(10, 12)): Navigate to 'https://bi.rosseti.digital/viewer?dashboardGuid=d218b6eb1b7845df8f1994d6a65c072b&sheetGuid=3059d1e0f28043ee8c80901707e9c246&fit=true' successfully

31-03-2025T11:56:07 - [MESSAGE][PASSED] - Navigate to 'https://bi.rosseti.digital/viewer?dashboardGuid=d218b6eb1b7845df8f1994d6a65c072b&sheetGuid=3059d1e0f28043ee8c80901707e9c246&fit=true' successfully

31-03-2025T11:56:07 - [TEST_STEP][PASSED] - delay(50): Delayed 50 second(s)

31-03-2025T11:56:57 - [MESSAGE][PASSED] - Delayed 50 second(s)

31-03-2025T11:56:57 - [TEST_STEP][PASSED] - click(findTestObject("Прогноз по отраслям/Фильтр месяц Стресс")): Object: 'Object Repository/Прогноз по отраслям/Фильтр месяц Стресс' is clicked on

31-03-2025T11:56:57 - [MESSAGE][PASSED] - Object: 'Object Repository/Прогноз по отраслям/Фильтр месяц Стресс' is clicked on

31-03-2025T11:56:57 - [TEST_STEP][PASSED] - scrollToElement(findTestObject("Прогноз по отраслям/Ноябрь Стресс"), 30): Scroll to object 'Object Repository/Прогноз по отраслям/Ноябрь Стресс' successfully

31-03-2025T11:56:58 - [MESSAGE][PASSED] - Scroll to object 'Object Repository/Прогноз по отраслям/Ноябрь Стресс' successfully

31-03-2025T11:56:58 - [TEST_STEP][PASSED] - click(findTestObject("Прогноз по отраслям/Ноябрь Стресс")): Object: 'Object Repository/Прогноз по отраслям/Ноябрь Стресс' is clicked on

31-03-2025T11:56:59 - [MESSAGE][PASSED] - Object: 'Object Repository/Прогноз по отраслям/Ноябрь Стресс' is clicked on

31-03-2025T11:56:59 - [TEST_STEP][PASSED] - scrollToElement(findTestObject("Прогноз по отраслям/Заголовок дашборда Стресс"), 30): Scroll to object 'Object Repository/Прогноз по отраслям/Заголовок дашборда Стресс' successfully

31-03-2025T11:57:01 - [MESSAGE][PASSED] - Scroll to object 'Object Repository/Прогноз по отраслям/Заголовок дашборда Стресс' successfully

31-03-2025T11:57:01 - [TEST_STEP][PASSED] - click(findTestObject("Прогноз по отраслям/Фильтр Сравнение с Стресс")): Object: 'Object Repository/Прогноз по отраслям/Фильтр Сравнение с Стресс' is clicked on

31-03-2025T11:57:01 - [MESSAGE][PASSED] - Object: 'Object Repository/Прогноз по отраслям/Фильтр Сравнение с Стресс' is clicked on

31-03-2025T11:57:01 - [TEST_STEP][PASSED] - click(findTestObject("Прогноз по отраслям/Факт прошлого года Стресс")): Object: 'Object Repository/Прогноз по отраслям/Факт прошлого года Стресс' is clicked on

31-03-2025T11:57:02 - [MESSAGE][PASSED] - Object: 'Object Repository/Прогноз по отраслям/Факт прошлого года Стресс' is clicked on

31-03-2025T11:57:02 - [TEST_STEP][PASSED] - click(findTestObject("Прогноз по отраслям/Фильтр КПО-Отпуск Стресс")): Object: 'Object Repository/Прогноз по отраслям/Фильтр КПО-Отпуск Стресс' is clicked on

31-03-2025T11:57:04 - [MESSAGE][PASSED] - Object: 'Object Repository/Прогноз по отраслям/Фильтр КПО-Отпуск Стресс' is clicked on

31-03-2025T11:57:04 - [TEST_STEP][PASSED] - click(findTestObject("Прогноз по отраслям/Отпуск Стресс")): Object: 'Object Repository/Прогноз по отраслям/Отпуск Стресс' is clicked on

31-03-2025T11:57:05 - [MESSAGE][PASSED] - Object: 'Object Repository/Прогноз по отраслям/Отпуск Стресс' is clicked on

31-03-2025T11:57:05 - [TEST_STEP][PASSED] - delay(40): Delayed 40 second(s)

31-03-2025T11:57:45 - [MESSAGE][PASSED] - Delayed 40 second(s)

31-03-2025T11:57:45 - [TEST_STEP][PASSED] - b1 = getText(findTestObject("Прогноз по отраслям/Виджеты дашборда")): Text of object 'Object Repository/Прогноз по отраслям/Виджеты дашборда' is: 'Год 
2023 год
Сравнение с 
Факт прошлого года
Динамика электропотребления, млрд. кВт.ч., по ПАО Россети на 2023 год
12 12
186 186
36 36
50 50
10 10
19 19
0 0
17 17
85 85
19 19
82 82
604 604
10 10
197 197
37 37
48 48
10 10
15 15
4 4
18 18
80 80
19 19
82 82
608 608
Факт прошлого года
Ожидаемое (прогноз до конца года)
Интер РАО(для ФСК)
Промышленныепотребители
Транспорт
Нефтедобыча
Нефтеперераб…
Нефтепроводы
Газопроводы
Сельское хозя…
Непромышлен…
Государственн…
Население иприравненныегруппыпотребителей
Территориальн…
Выручка, млрд. руб, по ПАО Россети на 2023 год
5 5
285 285
72 72
72 72
18 18
22 22
0 0
50 50
201 201
61 61
190 190
227 227
6 6
331 331
82 82
77 77
20 20
20 20
3 3
57 57
220 220
68 68
214 214
258 258
Факт прошлого года
Ожидаемое (прогноз до конца года)
Интер РАО(для ФСК)
Промышленныепотребители
Транспорт
Нефтедобыча
Нефтеперераб…
Нефтепроводы
Газопроводы
Сельское хозя…
Непромышлен…
Государственн…
Население иприравненныегруппыпотребителей
Территориальн…
Отклонения по ПАО Россети на 2023 год
-18.5% -18.5%
5.9% 5.9%
3.6% 3.6%
-3.9% -3.9%
0.9% 0.9%
-20.7% -20.7%
3 313.2% 3 313.2%
3.8% 3.8%
-5.6% -5.6%
1.3% 1.3%
-0.9% -0.9%
0.7% 0.7%
⬤ Отклонение, %
Интер РАО (для ФСК)
Промышленные потребители
Транспорт
Нефтедобыча
Нефтепереработка
Нефтепроводы
Газопроводы
Сельское хозяйство и пищевая про…
Непромышленные потребители
Государственные (муниципальные)…
Население и приравненные группы…
Территориальные сетевые организ…
Выручка отклонения по ПАО Россети на 2023 год
7.7% 7.7%
16.0% 16.0%
13.2% 13.2%
6.7% 6.7%
13.3% 13.3%
-7.7% -7.7%
1 331.5% 1 331.5%
14.2% 14.2%
9.9% 9.9%
12.0% 12.0%
12.4% 12.4%
13.7% 13.7%
⬤ Отклонение, %
Интер РАО (для ФСК)
Промышленные потребители
Транспорт
Нефтедобыча
Нефтепереработка
Нефтепроводы
Газопроводы
Сельское хозяйство и пищевая про…
Непромышленные потребители
Государственные (муниципальные)…
Население и приравненные группы…
Территориальные сетевые организ…
абс.
%
Прогноз на месяц 
Ноябрь
КПО/Отпуск из сети 
Отпуск из сети, млн. кВт.ч
Организация 
Все
Прогноз электропотребления и выручки за услуги по передаче в разрезе отраслей'

31-03-2025T11:57:45 - [MESSAGE][PASSED] - Text of object 'Object Repository/Прогноз по отраслям/Виджеты дашборда' is: 'Год 
2023 год
Сравнение с 
Факт прошлого года
Динамика электропотребления, млрд. кВт.ч., по ПАО Россети на 2023 год
12 12
186 186
36 36
50 50
10 10
19 19
0 0
17 17
85 85
19 19
82 82
604 604
10 10
197 197
37 37
48 48
10 10
15 15
4 4
18 18
80 80
19 19
82 82
608 608
Факт прошлого года
Ожидаемое (прогноз до конца года)
Интер РАО(для ФСК)
Промышленныепотребители
Транспорт
Нефтедобыча
Нефтеперераб…
Нефтепроводы
Газопроводы
Сельское хозя…
Непромышлен…
Государственн…
Население иприравненныегруппыпотребителей
Территориальн…
Выручка, млрд. руб, по ПАО Россети на 2023 год
5 5
285 285
72 72
72 72
18 18
22 22
0 0
50 50
201 201
61 61
190 190
227 227
6 6
331 331
82 82
77 77
20 20
20 20
3 3
57 57
220 220
68 68
214 214
258 258
Факт прошлого года
Ожидаемое (прогноз до конца года)
Интер РАО(для ФСК)
Промышленныепотребители
Транспорт
Нефтедобыча
Нефтеперераб…
Нефтепроводы
Газопроводы
Сельское хозя…
Непромышлен…
Государственн…
Население иприравненныегруппыпотребителей
Территориальн…
Отклонения по ПАО Россети на 2023 год
-18.5% -18.5%
5.9% 5.9%
3.6% 3.6%
-3.9% -3.9%
0.9% 0.9%
-20.7% -20.7%
3 313.2% 3 313.2%
3.8% 3.8%
-5.6% -5.6%
1.3% 1.3%
-0.9% -0.9%
0.7% 0.7%
⬤ Отклонение, %
Интер РАО (для ФСК)
Промышленные потребители
Транспорт
Нефтедобыча
Нефтепереработка
Нефтепроводы
Газопроводы
Сельское хозяйство и пищевая про…
Непромышленные потребители
Государственные (муниципальные)…
Население и приравненные группы…
Территориальные сетевые организ…
Выручка отклонения по ПАО Россети на 2023 год
7.7% 7.7%
16.0% 16.0%
13.2% 13.2%
6.7% 6.7%
13.3% 13.3%
-7.7% -7.7%
1 331.5% 1 331.5%
14.2% 14.2%
9.9% 9.9%
12.0% 12.0%
12.4% 12.4%
13.7% 13.7%
⬤ Отклонение, %
Интер РАО (для ФСК)
Промышленные потребители
Транспорт
Нефтедобыча
Нефтепереработка
Нефтепроводы
Газопроводы
Сельское хозяйство и пищевая про…
Непромышленные потребители
Государственные (муниципальные)…
Население и приравненные группы…
Территориальные сетевые организ…
абс.
%
Прогноз на месяц 
Ноябрь
КПО/Отпуск из сети 
Отпуск из сети, млн. кВт.ч
Организация 
Все
Прогноз электропотребления и выручки за услуги по передаче в разрезе отраслей'

31-03-2025T11:57:45 - [TEST_STEP][PASSED] - b1 = b1.replaceAll("[^0-9]", ""): null

31-03-2025T11:57:45 - [TEST_STEP][PASSED] - println("b1:" + b1): null

31-03-2025T11:57:45 - [TEST_STEP][PASSED] - click(findTestObject("Прогноз по отраслям/Фильтр Сравнение с Стресс")): Object: 'Object Repository/Прогноз по отраслям/Фильтр Сравнение с Стресс' is clicked on

31-03-2025T11:57:46 - [MESSAGE][PASSED] - Object: 'Object Repository/Прогноз по отраслям/Фильтр Сравнение с Стресс' is clicked on

31-03-2025T11:57:46 - [TEST_STEP][PASSED] - click(findTestObject("Прогноз по отраслям/План Стресс")): Object: 'Object Repository/Прогноз по отраслям/План Стресс' is clicked on

31-03-2025T11:57:47 - [MESSAGE][PASSED] - Object: 'Object Repository/Прогноз по отраслям/План Стресс' is clicked on

31-03-2025T11:57:47 - [TEST_STEP][PASSED] - delay(40): Delayed 40 second(s)

31-03-2025T11:58:27 - [MESSAGE][PASSED] - Delayed 40 second(s)

31-03-2025T11:58:27 - [TEST_STEP][PASSED] - b2 = getText(findTestObject("Прогноз по отраслям/Виджеты дашборда")): Text of object 'Object Repository/Прогноз по отраслям/Виджеты дашборда' is: 'Год 
2023 год
Сравнение с 
План
Динамика электропотребления, млрд. кВт.ч., по ПАО Россети на 2023 год
10 10
190 190
36 36
14 14
9 9
14 14
4 4
17 17
80 80
19 19
82 82
588 588
10 10
197 197
37 37
48 48
10 10
15 15
4 4
18 18
80 80
19 19
82 82
608 608
План
Ожидаемое (прогноз до конца года)
Интер РАО(для ФСК)
Промышленныепотребители
Транспорт
Нефтедобыча
Нефтеперераб…
Нефтепроводы
Газопроводы
Сельское хозя…
Непромышлен…
Государственн…
Население иприравненныегруппыпотребителей
Территориальн…
Выручка, млрд. руб, по ПАО Россети на 2023 год
5 5
319 319
81 81
16 16
16 16
20 20
2 2
56 56
215 215
67 67
218 218
239 239
6 6
331 331
82 82
77 77
20 20
20 20
3 3
57 57
220 220
68 68
214 214
258 258
План
Ожидаемое (прогноз до конца года)
Интер РАО(для ФСК)
Промышленныепотребители
Транспорт
Нефтедобыча
Нефтеперераб…
Нефтепроводы
Газопроводы
Сельское хозя…
Непромышлен…
Государственн…
Население иприравненныегруппыпотребителей
Территориальн…
Отклонения по ПАО Россети на 2023 год
-4.7% -4.7%
3.8% 3.8%
1.9% 1.9%
230.3% 230.3%
10.9% 10.9%
4.2% 4.2%
21.7% 21.7%
3.9% 3.9%
-0.6% -0.6%
1.6% 1.6%
-1.0% -1.0%
3.3% 3.3%
⬤ Отклонение, %
Интер РАО (для ФСК)
Промышленные потребители
Транспорт
Нефтедобыча
Нефтепереработка
Нефтепроводы
Газопроводы
Сельское хозяйство и пищевая про…
Непромышленные потребители
Государственные (муниципальные)…
Население и приравненные группы…
Территориальные сетевые организ…
Выручка отклонения по ПАО Россети на 2023 год
15.6% 15.6%
3.8% 3.8%
1.2% 1.2%
398.2% 398.2%
26.9% 26.9%
-0.6% -0.6%
26.9% 26.9%
1.5% 1.5%
2.7% 2.7%
2.0% 2.0%
-2.0% -2.0%
7.9% 7.9%
⬤ Отклонение, %
Интер РАО (для ФСК)
Промышленные потребители
Транспорт
Нефтедобыча
Нефтепереработка
Нефтепроводы
Газопроводы
Сельское хозяйство и пищевая про…
Непромышленные потребители
Государственные (муниципальные)…
Население и приравненные группы…
Территориальные сетевые организ…
абс.
%
Прогноз на месяц 
Ноябрь
КПО/Отпуск из сети 
Отпуск из сети, млн. кВт.ч
Организация 
Все
Прогноз электропотребления и выручки за услуги по передаче в разрезе отраслей'

31-03-2025T11:58:28 - [MESSAGE][PASSED] - Text of object 'Object Repository/Прогноз по отраслям/Виджеты дашборда' is: 'Год 
2023 год
Сравнение с 
План
Динамика электропотребления, млрд. кВт.ч., по ПАО Россети на 2023 год
10 10
190 190
36 36
14 14
9 9
14 14
4 4
17 17
80 80
19 19
82 82
588 588
10 10
197 197
37 37
48 48
10 10
15 15
4 4
18 18
80 80
19 19
82 82
608 608
План
Ожидаемое (прогноз до конца года)
Интер РАО(для ФСК)
Промышленныепотребители
Транспорт
Нефтедобыча
Нефтеперераб…
Нефтепроводы
Газопроводы
Сельское хозя…
Непромышлен…
Государственн…
Население иприравненныегруппыпотребителей
Территориальн…
Выручка, млрд. руб, по ПАО Россети на 2023 год
5 5
319 319
81 81
16 16
16 16
20 20
2 2
56 56
215 215
67 67
218 218
239 239
6 6
331 331
82 82
77 77
20 20
20 20
3 3
57 57
220 220
68 68
214 214
258 258
План
Ожидаемое (прогноз до конца года)
Интер РАО(для ФСК)
Промышленныепотребители
Транспорт
Нефтедобыча
Нефтеперераб…
Нефтепроводы
Газопроводы
Сельское хозя…
Непромышлен…
Государственн…
Население иприравненныегруппыпотребителей
Территориальн…
Отклонения по ПАО Россети на 2023 год
-4.7% -4.7%
3.8% 3.8%
1.9% 1.9%
230.3% 230.3%
10.9% 10.9%
4.2% 4.2%
21.7% 21.7%
3.9% 3.9%
-0.6% -0.6%
1.6% 1.6%
-1.0% -1.0%
3.3% 3.3%
⬤ Отклонение, %
Интер РАО (для ФСК)
Промышленные потребители
Транспорт
Нефтедобыча
Нефтепереработка
Нефтепроводы
Газопроводы
Сельское хозяйство и пищевая про…
Непромышленные потребители
Государственные (муниципальные)…
Население и приравненные группы…
Территориальные сетевые организ…
Выручка отклонения по ПАО Россети на 2023 год
15.6% 15.6%
3.8% 3.8%
1.2% 1.2%
398.2% 398.2%
26.9% 26.9%
-0.6% -0.6%
26.9% 26.9%
1.5% 1.5%
2.7% 2.7%
2.0% 2.0%
-2.0% -2.0%
7.9% 7.9%
⬤ Отклонение, %
Интер РАО (для ФСК)
Промышленные потребители
Транспорт
Нефтедобыча
Нефтепереработка
Нефтепроводы
Газопроводы
Сельское хозяйство и пищевая про…
Непромышленные потребители
Государственные (муниципальные)…
Население и приравненные группы…
Территориальные сетевые организ…
абс.
%
Прогноз на месяц 
Ноябрь
КПО/Отпуск из сети 
Отпуск из сети, млн. кВт.ч
Организация 
Все
Прогноз электропотребления и выручки за услуги по передаче в разрезе отраслей'

31-03-2025T11:58:28 - [TEST_STEP][PASSED] - b2 = b2.replaceAll("[^0-9]", ""): null

31-03-2025T11:58:28 - [TEST_STEP][PASSED] - println("b2:" + b2): null

31-03-2025T11:58:28 - [TEST_STEP][PASSED] - click(findTestObject("Прогноз по отраслям/Фильтр Сравнение с Стресс")): Object: 'Object Repository/Прогноз по отраслям/Фильтр Сравнение с Стресс' is clicked on

31-03-2025T11:58:28 - [MESSAGE][PASSED] - Object: 'Object Repository/Прогноз по отраслям/Фильтр Сравнение с Стресс' is clicked on

31-03-2025T11:58:28 - [TEST_STEP][PASSED] - click(findTestObject("Прогноз по отраслям/План СУ Стресс")): Object: 'Object Repository/Прогноз по отраслям/План СУ Стресс' is clicked on

31-03-2025T11:58:29 - [MESSAGE][PASSED] - Object: 'Object Repository/Прогноз по отраслям/План СУ Стресс' is clicked on

31-03-2025T11:58:29 - [TEST_STEP][PASSED] - delay(40): Delayed 40 second(s)

31-03-2025T11:59:09 - [MESSAGE][PASSED] - Delayed 40 second(s)

31-03-2025T11:59:09 - [TEST_STEP][PASSED] - b3 = getText(findTestObject("Прогноз по отраслям/Виджеты дашборда")): Text of object 'Object Repository/Прогноз по отраслям/Виджеты дашборда' is: 'Год 
2023 год
Сравнение с 
План/СУ
Динамика электропотребления, млрд. кВт.ч., по ПАО Россети на 2023 год
10 10
181 181
36 36
15 15
9 9
14 14
4 4
16 16
86 86
19 19
79 79
586 586
10 10
197 197
37 37
48 48
10 10
15 15
4 4
18 18
80 80
19 19
82 82
608 608
СУ
Ожидаемое (прогноз до конца года)
Интер РАО(для ФСК)
Промышленныепотребители
Транспорт
Нефтедобыча
Нефтеперераб…
Нефтепроводы
Газопроводы
Сельское хозя…
Непромышлен…
Государственн…
Население иприравненныегруппыпотребителей
Территориальн…
Выручка, млрд. руб, по ПАО Россети на 2023 год
6 6
331 331
82 82
77 77
20 20
20 20
3 3
57 57
220 220
68 68
214 214
258 258
Ожидаемое (прогноз до конца года)
Интер РАО(для ФСК)
Промышленныепотребители
Транспорт
Нефтедобыча
Нефтеперераб…
Нефтепроводы
Газопроводы
Сельское хозя…
Непромышлен…
Государственн…
Население иприравненныегруппыпотребителей
Территориальн…
Отклонения по ПАО Россети на 2023 год
2.5% 2.5%
8.9% 8.9%
3.5% 3.5%
221.4% 221.4%
12.8% 12.8%
6.9% 6.9%
13.5% 13.5%
8.1% 8.1%
-6.9% -6.9%
2.3% 2.3%
3.1% 3.1%
3.8% 3.8%
⬤ Отклонение, %
Интер РАО (для ФСК)
Промышленные потребители
Транспорт
Нефтедобыча
Нефтепереработка
Нефтепроводы
Газопроводы
Сельское хозяйство и пищевая про…
Непромышленные потребители
Государственные (муниципальные)…
Население и приравненные группы…
Территориальные сетевые организ…
Выручка отклонения по ПАО Россети на 2023 год
⬤ Отклонение, %
Интер РАО (для ФСК)
Промышленные потребители
Транспорт
Нефтедобыча
Нефтепереработка
Нефтепроводы
Газопроводы
Сельское хозяйство и пищевая про…
Непромышленные потребители
Государственные (муниципальные)…
Население и приравненные группы…
Территориальные сетевые организ…
абс.
%
Прогноз на месяц 
Ноябрь
КПО/Отпуск из сети 
Отпуск из сети, млн. кВт.ч
Организация 
Все
Прогноз электропотребления и выручки за услуги по передаче в разрезе отраслей'

31-03-2025T11:59:10 - [MESSAGE][PASSED] - Text of object 'Object Repository/Прогноз по отраслям/Виджеты дашборда' is: 'Год 
2023 год
Сравнение с 
План/СУ
Динамика электропотребления, млрд. кВт.ч., по ПАО Россети на 2023 год
10 10
181 181
36 36
15 15
9 9
14 14
4 4
16 16
86 86
19 19
79 79
586 586
10 10
197 197
37 37
48 48
10 10
15 15
4 4
18 18
80 80
19 19
82 82
608 608
СУ
Ожидаемое (прогноз до конца года)
Интер РАО(для ФСК)
Промышленныепотребители
Транспорт
Нефтедобыча
Нефтеперераб…
Нефтепроводы
Газопроводы
Сельское хозя…
Непромышлен…
Государственн…
Население иприравненныегруппыпотребителей
Территориальн…
Выручка, млрд. руб, по ПАО Россети на 2023 год
6 6
331 331
82 82
77 77
20 20
20 20
3 3
57 57
220 220
68 68
214 214
258 258
Ожидаемое (прогноз до конца года)
Интер РАО(для ФСК)
Промышленныепотребители
Транспорт
Нефтедобыча
Нефтеперераб…
Нефтепроводы
Газопроводы
Сельское хозя…
Непромышлен…
Государственн…
Население иприравненныегруппыпотребителей
Территориальн…
Отклонения по ПАО Россети на 2023 год
2.5% 2.5%
8.9% 8.9%
3.5% 3.5%
221.4% 221.4%
12.8% 12.8%
6.9% 6.9%
13.5% 13.5%
8.1% 8.1%
-6.9% -6.9%
2.3% 2.3%
3.1% 3.1%
3.8% 3.8%
⬤ Отклонение, %
Интер РАО (для ФСК)
Промышленные потребители
Транспорт
Нефтедобыча
Нефтепереработка
Нефтепроводы
Газопроводы
Сельское хозяйство и пищевая про…
Непромышленные потребители
Государственные (муниципальные)…
Население и приравненные группы…
Территориальные сетевые организ…
Выручка отклонения по ПАО Россети на 2023 год
⬤ Отклонение, %
Интер РАО (для ФСК)
Промышленные потребители
Транспорт
Нефтедобыча
Нефтепереработка
Нефтепроводы
Газопроводы
Сельское хозяйство и пищевая про…
Непромышленные потребители
Государственные (муниципальные)…
Население и приравненные группы…
Территориальные сетевые организ…
абс.
%
Прогноз на месяц 
Ноябрь
КПО/Отпуск из сети 
Отпуск из сети, млн. кВт.ч
Организация 
Все
Прогноз электропотребления и выручки за услуги по передаче в разрезе отраслей'

31-03-2025T11:59:10 - [TEST_STEP][PASSED] - b3 = b3.replaceAll("[^0-9]", ""): null

31-03-2025T11:59:10 - [TEST_STEP][PASSED] - println("b3:" + b3): null

31-03-2025T11:59:10 - [TEST_STEP][PASSED] - click(findTestObject("Прогноз по отраслям/Фильтр Сравнение с Стресс")): Object: 'Object Repository/Прогноз по отраслям/Фильтр Сравнение с Стресс' is clicked on

31-03-2025T11:59:10 - [MESSAGE][PASSED] - Object: 'Object Repository/Прогноз по отраслям/Фильтр Сравнение с Стресс' is clicked on

31-03-2025T11:59:10 - [TEST_STEP][PASSED] - click(findTestObject("Прогноз по отраслям/Факт прошлого года Стресс")): Object: 'Object Repository/Прогноз по отраслям/Факт прошлого года Стресс' is clicked on

31-03-2025T11:59:12 - [MESSAGE][PASSED] - Object: 'Object Repository/Прогноз по отраслям/Факт прошлого года Стресс' is clicked on

31-03-2025T11:59:12 - [TEST_STEP][PASSED] - click(findTestObject("Прогноз по отраслям/Фильтр КПО-Отпуск Стресс")): Object: 'Object Repository/Прогноз по отраслям/Фильтр КПО-Отпуск Стресс' is clicked on

31-03-2025T11:59:13 - [MESSAGE][PASSED] - Object: 'Object Repository/Прогноз по отраслям/Фильтр КПО-Отпуск Стресс' is clicked on

31-03-2025T11:59:13 - [TEST_STEP][PASSED] - click(findTestObject("Прогноз по отраслям/КПО Стресс")): Object: 'Object Repository/Прогноз по отраслям/КПО Стресс' is clicked on

31-03-2025T11:59:15 - [MESSAGE][PASSED] - Object: 'Object Repository/Прогноз по отраслям/КПО Стресс' is clicked on

31-03-2025T11:59:15 - [TEST_STEP][PASSED] - delay(40): Delayed 40 second(s)

31-03-2025T11:59:55 - [MESSAGE][PASSED] - Delayed 40 second(s)

31-03-2025T11:59:55 - [TEST_STEP][PASSED] - b4 = getText(findTestObject("Прогноз по отраслям/Виджеты дашборда")): Text of object 'Object Repository/Прогноз по отраслям/Виджеты дашборда' is: 'Год 
2023 год
Сравнение с 
Факт прошлого года
Динамика электропотребления, млрд. кВт.ч., по ПАО Россети на 2023 год
0 0
120 120
38 38
41 41
8 8
10 10
0 0
19 19
77 77
25 25
122 122
61 61
0 0
120 120
39 39
39 39
8 8
8 8
1 1
20 20
78 78
26 26
121 121
60 60
Факт прошлого года
Ожидаемое (прогноз до конца года)
Интер РАО(для ФСК)
Промышленныепотребители
Транспорт
Нефтедобыча
Нефтеперераб…
Нефтепроводы
Газопроводы
Сельское хозя…
Непромышлен…
Государственн…
Население иприравненныегруппыпотребителей
Территориальн…
Выручка, млрд. руб, по ПАО Россети на 2023 год
5 5
285 285
72 72
72 72
18 18
22 22
0 0
50 50
201 201
61 61
190 190
227 227
6 6
331 331
82 82
77 77
20 20
20 20
3 3
57 57
220 220
68 68
214 214
258 258
Факт прошлого года
Ожидаемое (прогноз до конца года)
Интер РАО(для ФСК)
Промышленныепотребители
Транспорт
Нефтедобыча
Нефтеперераб…
Нефтепроводы
Газопроводы
Сельское хозя…
Непромышлен…
Государственн…
Население иприравненныегруппыпотребителей
Территориальн…
Отклонения по ПАО Россети на 2023 год
0.5% 0.5%
0.9% 0.9%
-5.9% -5.9%
3.1% 3.1%
-17.9% -17.9%
578.4% 578.4%
2.3% 2.3%
1.8% 1.8%
2.1% 2.1%
-0.9% -0.9%
-0.2% -0.2%
⬤ Отклонение, %
Интер РАО (для ФСК)
Промышленные потребители
Транспорт
Нефтедобыча
Нефтепереработка
Нефтепроводы
Газопроводы
Сельское хозяйство и пищевая про…
Непромышленные потребители
Государственные (муниципальные)…
Население и приравненные группы…
Территориальные сетевые организ…
Выручка отклонения по ПАО Россети на 2023 год
7.7% 7.7%
16.0% 16.0%
13.2% 13.2%
6.7% 6.7%
13.3% 13.3%
-7.7% -7.7%
1 331.5% 1 331.5%
14.2% 14.2%
9.9% 9.9%
12.0% 12.0%
12.4% 12.4%
13.7% 13.7%
⬤ Отклонение, %
Интер РАО (для ФСК)
Промышленные потребители
Транспорт
Нефтедобыча
Нефтепереработка
Нефтепроводы
Газопроводы
Сельское хозяйство и пищевая про…
Непромышленные потребители
Государственные (муниципальные)…
Население и приравненные группы…
Территориальные сетевые организ…
абс.
%
Прогноз на месяц 
Ноябрь
КПО/Отпуск из сети 
Котловой полезный отпуск, млн. кВт.ч
Организация 
Все
Прогноз электропотребления и выручки за услуги по передаче в разрезе отраслей'

31-03-2025T11:59:55 - [MESSAGE][PASSED] - Text of object 'Object Repository/Прогноз по отраслям/Виджеты дашборда' is: 'Год 
2023 год
Сравнение с 
Факт прошлого года
Динамика электропотребления, млрд. кВт.ч., по ПАО Россети на 2023 год
0 0
120 120
38 38
41 41
8 8
10 10
0 0
19 19
77 77
25 25
122 122
61 61
0 0
120 120
39 39
39 39
8 8
8 8
1 1
20 20
78 78
26 26
121 121
60 60
Факт прошлого года
Ожидаемое (прогноз до конца года)
Интер РАО(для ФСК)
Промышленныепотребители
Транспорт
Нефтедобыча
Нефтеперераб…
Нефтепроводы
Газопроводы
Сельское хозя…
Непромышлен…
Государственн…
Население иприравненныегруппыпотребителей
Территориальн…
Выручка, млрд. руб, по ПАО Россети на 2023 год
5 5
285 285
72 72
72 72
18 18
22 22
0 0
50 50
201 201
61 61
190 190
227 227
6 6
331 331
82 82
77 77
20 20
20 20
3 3
57 57
220 220
68 68
214 214
258 258
Факт прошлого года
Ожидаемое (прогноз до конца года)
Интер РАО(для ФСК)
Промышленныепотребители
Транспорт
Нефтедобыча
Нефтеперераб…
Нефтепроводы
Газопроводы
Сельское хозя…
Непромышлен…
Государственн…
Население иприравненныегруппыпотребителей
Территориальн…
Отклонения по ПАО Россети на 2023 год
0.5% 0.5%
0.9% 0.9%
-5.9% -5.9%
3.1% 3.1%
-17.9% -17.9%
578.4% 578.4%
2.3% 2.3%
1.8% 1.8%
2.1% 2.1%
-0.9% -0.9%
-0.2% -0.2%
⬤ Отклонение, %
Интер РАО (для ФСК)
Промышленные потребители
Транспорт
Нефтедобыча
Нефтепереработка
Нефтепроводы
Газопроводы
Сельское хозяйство и пищевая про…
Непромышленные потребители
Государственные (муниципальные)…
Население и приравненные группы…
Территориальные сетевые организ…
Выручка отклонения по ПАО Россети на 2023 год
7.7% 7.7%
16.0% 16.0%
13.2% 13.2%
6.7% 6.7%
13.3% 13.3%
-7.7% -7.7%
1 331.5% 1 331.5%
14.2% 14.2%
9.9% 9.9%
12.0% 12.0%
12.4% 12.4%
13.7% 13.7%
⬤ Отклонение, %
Интер РАО (для ФСК)
Промышленные потребители
Транспорт
Нефтедобыча
Нефтепереработка
Нефтепроводы
Газопроводы
Сельское хозяйство и пищевая про…
Непромышленные потребители
Государственные (муниципальные)…
Население и приравненные группы…
Территориальные сетевые организ…
абс.
%
Прогноз на месяц 
Ноябрь
КПО/Отпуск из сети 
Котловой полезный отпуск, млн. кВт.ч
Организация 
Все
Прогноз электропотребления и выручки за услуги по передаче в разрезе отраслей'

31-03-2025T11:59:55 - [TEST_STEP][PASSED] - b4 = b4.replaceAll("[^0-9]", ""): null

31-03-2025T11:59:55 - [TEST_STEP][PASSED] - println("b4:" + b4): null

31-03-2025T11:59:55 - [TEST_STEP][PASSED] - click(findTestObject("Прогноз по отраслям/Фильтр Сравнение с Стресс")): Object: 'Object Repository/Прогноз по отраслям/Фильтр Сравнение с Стресс' is clicked on

31-03-2025T11:59:56 - [MESSAGE][PASSED] - Object: 'Object Repository/Прогноз по отраслям/Фильтр Сравнение с Стресс' is clicked on

31-03-2025T11:59:56 - [TEST_STEP][PASSED] - click(findTestObject("Прогноз по отраслям/План Стресс")): Object: 'Object Repository/Прогноз по отраслям/План Стресс' is clicked on

31-03-2025T11:59:57 - [MESSAGE][PASSED] - Object: 'Object Repository/Прогноз по отраслям/План Стресс' is clicked on

31-03-2025T11:59:57 - [TEST_STEP][PASSED] - delay(40): Delayed 40 second(s)

31-03-2025T12:00:37 - [MESSAGE][PASSED] - Delayed 40 second(s)

31-03-2025T12:00:37 - [TEST_STEP][PASSED] - b5 = getText(findTestObject("Прогноз по отраслям/Виджеты дашборда")): Text of object 'Object Repository/Прогноз по отраслям/Виджеты дашборда' is: 'Год 
2023 год
Сравнение с 
План
Динамика электропотребления, млрд. кВт.ч., по ПАО Россети на 2023 год
0 0
119 119
37 37
7 7
7 7
8 8
1 1
19 19
75 75
25 25
123 123
55 55
0 0
120 120
39 39
39 39
8 8
8 8
1 1
20 20
78 78
26 26
121 121
60 60
План
Ожидаемое (прогноз до конца года)
Интер РАО(для ФСК)
Промышленныепотребители
Транспорт
Нефтедобыча
Нефтеперераб…
Нефтепроводы
Газопроводы
Сельское хозя…
Непромышлен…
Государственн…
Население иприравненныегруппыпотребителей
Территориальн…
Выручка, млрд. руб, по ПАО Россети на 2023 год
5 5
319 319
81 81
16 16
16 16
20 20
2 2
56 56
215 215
67 67
218 218
239 239
6 6
331 331
82 82
77 77
20 20
20 20
3 3
57 57
220 220
68 68
214 214
258 258
План
Ожидаемое (прогноз до конца года)
Интер РАО(для ФСК)
Промышленныепотребители
Транспорт
Нефтедобыча
Нефтеперераб…
Нефтепроводы
Газопроводы
Сельское хозя…
Непромышлен…
Государственн…
Население иприравненныегруппыпотребителей
Территориальн…
Отклонения по ПАО Россети на 2023 год
1.2% 1.2%
3.2% 3.2%
492.1% 492.1%
18.1% 18.1%
4.4% 4.4%
11.9% 11.9%
1.2% 1.2%
4.1% 4.1%
2.4% 2.4%
-1.4% -1.4%
9.7% 9.7%
⬤ Отклонение, %
Интер РАО (для ФСК)
Промышленные потребители
Транспорт
Нефтедобыча
Нефтепереработка
Нефтепроводы
Газопроводы
Сельское хозяйство и пищевая про…
Непромышленные потребители
Государственные (муниципальные)…
Население и приравненные группы…
Территориальные сетевые организ…
Выручка отклонения по ПАО Россети на 2023 год
15.6% 15.6%
3.8% 3.8%
1.2% 1.2%
398.2% 398.2%
26.9% 26.9%
-0.6% -0.6%
26.9% 26.9%
1.5% 1.5%
2.7% 2.7%
2.0% 2.0%
-2.0% -2.0%
7.9% 7.9%
⬤ Отклонение, %
Интер РАО (для ФСК)
Промышленные потребители
Транспорт
Нефтедобыча
Нефтепереработка
Нефтепроводы
Газопроводы
Сельское хозяйство и пищевая про…
Непромышленные потребители
Государственные (муниципальные)…
Население и приравненные группы…
Территориальные сетевые организ…
абс.
%
Прогноз на месяц 
Ноябрь
КПО/Отпуск из сети 
Котловой полезный отпуск, млн. кВт.ч
Организация 
Все
Прогноз электропотребления и выручки за услуги по передаче в разрезе отраслей'

31-03-2025T12:00:38 - [MESSAGE][PASSED] - Text of object 'Object Repository/Прогноз по отраслям/Виджеты дашборда' is: 'Год 
2023 год
Сравнение с 
План
Динамика электропотребления, млрд. кВт.ч., по ПАО Россети на 2023 год
0 0
119 119
37 37
7 7
7 7
8 8
1 1
19 19
75 75
25 25
123 123
55 55
0 0
120 120
39 39
39 39
8 8
8 8
1 1
20 20
78 78
26 26
121 121
60 60
План
Ожидаемое (прогноз до конца года)
Интер РАО(для ФСК)
Промышленныепотребители
Транспорт
Нефтедобыча
Нефтеперераб…
Нефтепроводы
Газопроводы
Сельское хозя…
Непромышлен…
Государственн…
Население иприравненныегруппыпотребителей
Территориальн…
Выручка, млрд. руб, по ПАО Россети на 2023 год
5 5
319 319
81 81
16 16
16 16
20 20
2 2
56 56
215 215
67 67
218 218
239 239
6 6
331 331
82 82
77 77
20 20
20 20
3 3
57 57
220 220
68 68
214 214
258 258
План
Ожидаемое (прогноз до конца года)
Интер РАО(для ФСК)
Промышленныепотребители
Транспорт
Нефтедобыча
Нефтеперераб…
Нефтепроводы
Газопроводы
Сельское хозя…
Непромышлен…
Государственн…
Население иприравненныегруппыпотребителей
Территориальн…
Отклонения по ПАО Россети на 2023 год
1.2% 1.2%
3.2% 3.2%
492.1% 492.1%
18.1% 18.1%
4.4% 4.4%
11.9% 11.9%
1.2% 1.2%
4.1% 4.1%
2.4% 2.4%
-1.4% -1.4%
9.7% 9.7%
⬤ Отклонение, %
Интер РАО (для ФСК)
Промышленные потребители
Транспорт
Нефтедобыча
Нефтепереработка
Нефтепроводы
Газопроводы
Сельское хозяйство и пищевая про…
Непромышленные потребители
Государственные (муниципальные)…
Население и приравненные группы…
Территориальные сетевые организ…
Выручка отклонения по ПАО Россети на 2023 год
15.6% 15.6%
3.8% 3.8%
1.2% 1.2%
398.2% 398.2%
26.9% 26.9%
-0.6% -0.6%
26.9% 26.9%
1.5% 1.5%
2.7% 2.7%
2.0% 2.0%
-2.0% -2.0%
7.9% 7.9%
⬤ Отклонение, %
Интер РАО (для ФСК)
Промышленные потребители
Транспорт
Нефтедобыча
Нефтепереработка
Нефтепроводы
Газопроводы
Сельское хозяйство и пищевая про…
Непромышленные потребители
Государственные (муниципальные)…
Население и приравненные группы…
Территориальные сетевые организ…
абс.
%
Прогноз на месяц 
Ноябрь
КПО/Отпуск из сети 
Котловой полезный отпуск, млн. кВт.ч
Организация 
Все
Прогноз электропотребления и выручки за услуги по передаче в разрезе отраслей'

31-03-2025T12:00:38 - [TEST_STEP][PASSED] - println("b5:" + b5): null

31-03-2025T12:00:38 - [TEST_STEP][PASSED] - b5 = b5.replaceAll("[^0-9]", ""): null

31-03-2025T12:00:38 - [TEST_STEP][PASSED] - println("b5:" + b5): null

31-03-2025T12:00:38 - [TEST_STEP][PASSED] - click(findTestObject("Прогноз по отраслям/Фильтр Сравнение с Стресс")): Object: 'Object Repository/Прогноз по отраслям/Фильтр Сравнение с Стресс' is clicked on

31-03-2025T12:00:38 - [MESSAGE][PASSED] - Object: 'Object Repository/Прогноз по отраслям/Фильтр Сравнение с Стресс' is clicked on

31-03-2025T12:00:38 - [TEST_STEP][PASSED] - click(findTestObject("Прогноз по отраслям/План СУ Стресс")): Object: 'Object Repository/Прогноз по отраслям/План СУ Стресс' is clicked on

31-03-2025T12:00:39 - [MESSAGE][PASSED] - Object: 'Object Repository/Прогноз по отраслям/План СУ Стресс' is clicked on

31-03-2025T12:00:39 - [TEST_STEP][PASSED] - delay(40): Delayed 40 second(s)

31-03-2025T12:01:19 - [MESSAGE][PASSED] - Delayed 40 second(s)

31-03-2025T12:01:19 - [TEST_STEP][PASSED] - b6 = getText(findTestObject("Прогноз по отраслям/Виджеты дашборда")): Text of object 'Object Repository/Прогноз по отраслям/Виджеты дашборда' is: 'Год 
2023 год
Сравнение с 
План/СУ
Динамика электропотребления, млрд. кВт.ч., по ПАО Россети на 2023 год
0 0
0 0
0 0
0 0
0 0
0 0
0 0
0 0
0 0
0 0
0 0
0 0
0 0
120 120
39 39
39 39
8 8
8 8
1 1
20 20
78 78
26 26
121 121
60 60
СУ
Ожидаемое (прогноз до конца года)
Интер РАО(для ФСК)
Промышленныепотребители
Транспорт
Нефтедобыча
Нефтеперераб…
Нефтепроводы
Газопроводы
Сельское хозя…
Непромышлен…
Государственн…
Население иприравненныегруппыпотребителей
Территориальн…
Выручка, млрд. руб, по ПАО Россети на 2023 год
6 6
331 331
82 82
77 77
20 20
20 20
3 3
57 57
220 220
68 68
214 214
258 258
Ожидаемое (прогноз до конца года)
Интер РАО(для ФСК)
Промышленныепотребители
Транспорт
Нефтедобыча
Нефтеперераб…
Нефтепроводы
Газопроводы
Сельское хозя…
Непромышлен…
Государственн…
Население иприравненныегруппыпотребителей
Территориальн…
Отклонения по ПАО Россети на 2023 год
⬤ Отклонение, %
Интер РАО (для ФСК)
Промышленные потребители
Транспорт
Нефтедобыча
Нефтепереработка
Нефтепроводы
Газопроводы
Сельское хозяйство и пищевая про…
Непромышленные потребители
Государственные (муниципальные)…
Население и приравненные группы…
Территориальные сетевые организ…
Выручка отклонения по ПАО Россети на 2023 год
⬤ Отклонение, %
Интер РАО (для ФСК)
Промышленные потребители
Транспорт
Нефтедобыча
Нефтепереработка
Нефтепроводы
Газопроводы
Сельское хозяйство и пищевая про…
Непромышленные потребители
Государственные (муниципальные)…
Население и приравненные группы…
Территориальные сетевые организ…
абс.
%
Прогноз на месяц 
Ноябрь
КПО/Отпуск из сети 
Котловой полезный отпуск, млн. кВт.ч
Организация 
Все
Прогноз электропотребления и выручки за услуги по передаче в разрезе отраслей'

31-03-2025T12:01:20 - [MESSAGE][PASSED] - Text of object 'Object Repository/Прогноз по отраслям/Виджеты дашборда' is: 'Год 
2023 год
Сравнение с 
План/СУ
Динамика электропотребления, млрд. кВт.ч., по ПАО Россети на 2023 год
0 0
0 0
0 0
0 0
0 0
0 0
0 0
0 0
0 0
0 0
0 0
0 0
0 0
120 120
39 39
39 39
8 8
8 8
1 1
20 20
78 78
26 26
121 121
60 60
СУ
Ожидаемое (прогноз до конца года)
Интер РАО(для ФСК)
Промышленныепотребители
Транспорт
Нефтедобыча
Нефтеперераб…
Нефтепроводы
Газопроводы
Сельское хозя…
Непромышлен…
Государственн…
Население иприравненныегруппыпотребителей
Территориальн…
Выручка, млрд. руб, по ПАО Россети на 2023 год
6 6
331 331
82 82
77 77
20 20
20 20
3 3
57 57
220 220
68 68
214 214
258 258
Ожидаемое (прогноз до конца года)
Интер РАО(для ФСК)
Промышленныепотребители
Транспорт
Нефтедобыча
Нефтеперераб…
Нефтепроводы
Газопроводы
Сельское хозя…
Непромышлен…
Государственн…
Население иприравненныегруппыпотребителей
Территориальн…
Отклонения по ПАО Россети на 2023 год
⬤ Отклонение, %
Интер РАО (для ФСК)
Промышленные потребители
Транспорт
Нефтедобыча
Нефтепереработка
Нефтепроводы
Газопроводы
Сельское хозяйство и пищевая про…
Непромышленные потребители
Государственные (муниципальные)…
Население и приравненные группы…
Территориальные сетевые организ…
Выручка отклонения по ПАО Россети на 2023 год
⬤ Отклонение, %
Интер РАО (для ФСК)
Промышленные потребители
Транспорт
Нефтедобыча
Нефтепереработка
Нефтепроводы
Газопроводы
Сельское хозяйство и пищевая про…
Непромышленные потребители
Государственные (муниципальные)…
Население и приравненные группы…
Территориальные сетевые организ…
абс.
%
Прогноз на месяц 
Ноябрь
КПО/Отпуск из сети 
Котловой полезный отпуск, млн. кВт.ч
Организация 
Все
Прогноз электропотребления и выручки за услуги по передаче в разрезе отраслей'

31-03-2025T12:01:20 - [TEST_STEP][PASSED] - b6 = b6.replaceAll("[^0-9]", ""): null

31-03-2025T12:01:20 - [TEST_STEP][PASSED] - println("b6:" + b6): null

31-03-2025T12:01:20 - [TEST_STEP][PASSED] - click(findTestObject("Прогноз по отраслям/Переключить отображение с процентов на абс Стресс-сценарий")): Object: 'Object Repository/Прогноз по отраслям/Переключить отображение с процентов на абс Стресс-сценарий' is clicked on

31-03-2025T12:01:20 - [MESSAGE][PASSED] - Object: 'Object Repository/Прогноз по отраслям/Переключить отображение с процентов на абс Стресс-сценарий' is clicked on

31-03-2025T12:01:20 - [TEST_STEP][PASSED] - click(findTestObject("Прогноз по отраслям/Фильтр Сравнение с Стресс")): Object: 'Object Repository/Прогноз по отраслям/Фильтр Сравнение с Стресс' is clicked on

31-03-2025T12:01:20 - [MESSAGE][PASSED] - Object: 'Object Repository/Прогноз по отраслям/Фильтр Сравнение с Стресс' is clicked on

31-03-2025T12:01:20 - [TEST_STEP][PASSED] - click(findTestObject("Прогноз по отраслям/Факт прошлого года Стресс")): Object: 'Object Repository/Прогноз по отраслям/Факт прошлого года Стресс' is clicked on

31-03-2025T12:01:22 - [MESSAGE][PASSED] - Object: 'Object Repository/Прогноз по отраслям/Факт прошлого года Стресс' is clicked on

31-03-2025T12:01:22 - [TEST_STEP][PASSED] - click(findTestObject("Прогноз по отраслям/Фильтр КПО-Отпуск Стресс")): Object: 'Object Repository/Прогноз по отраслям/Фильтр КПО-Отпуск Стресс' is clicked on

31-03-2025T12:01:24 - [MESSAGE][PASSED] - Object: 'Object Repository/Прогноз по отраслям/Фильтр КПО-Отпуск Стресс' is clicked on

31-03-2025T12:01:24 - [TEST_STEP][PASSED] - click(findTestObject("Прогноз по отраслям/Отпуск Стресс")): Object: 'Object Repository/Прогноз по отраслям/Отпуск Стресс' is clicked on

31-03-2025T12:01:25 - [MESSAGE][PASSED] - Object: 'Object Repository/Прогноз по отраслям/Отпуск Стресс' is clicked on

31-03-2025T12:01:25 - [TEST_STEP][PASSED] - delay(40): Delayed 40 second(s)

31-03-2025T12:02:05 - [MESSAGE][PASSED] - Delayed 40 second(s)

31-03-2025T12:02:05 - [TEST_STEP][PASSED] - b7 = getText(findTestObject("Прогноз по отраслям/Виджеты дашборда")): Text of object 'Object Repository/Прогноз по отраслям/Виджеты дашборда' is: 'Год 
2023 год
Сравнение с 
Факт прошлого года
Отклонения по ПАО Россети на 2023 год
-2 263.5 -2 263.5
11 054.6 11 054.6
1 280.2 1 280.2
-1 947.5 -1 947.5
90.9 90.9
-3 845.0 -3 845.0
4 162.1 4 162.1
651.7 651.7
-4 727.7 -4 727.7
256.5 256.5
-723.9 -723.9
4 292.3 4 292.3
⬤ Отклонение, млн. кВт.ч
Интер РАО (для ФСК)
Промышленные потребители
Транспорт
Нефтедобыча
Нефтепереработка
Нефтепроводы
Газопроводы
Сельское хозяйство и пищевая про…
Непромышленные потребители
Государственные (муниципальные…
Население и приравненные группы…
Территориальные сетевые организ…
Выручка отклонения по ПАО Россети на 2023 год
421.3 421.3
45 574.9 45 574.9
9 547.5 9 547.5
4 889.3 4 889.3
2 337.4 2 337.4
-1 682.6 -1 682.6
2 919.4 2 919.4
7 110.2 7 110.2
19 840.8 19 840.8
7 289.5 7 289.5
23 664.8 23 664.8
31 028.3 31 028.3
⬤ Отклонение, млн. руб
Интер РАО (для ФСК)
Промышленные потребители
Транспорт
Нефтедобыча
Нефтепереработка
Нефтепроводы
Газопроводы
Сельское хозяйство и пищевая про…
Непромышленные потребители
Государственные (муниципальные…
Население и приравненные группы…
Территориальные сетевые организ…
Динамика электропотребления, млрд. кВт.ч., по ПАО Россети на 2023 год
12 12
186 186
36 36
50 50
10 10
19 19
0 0
17 17
85 85
19 19
82 82
604 604
10 10
197 197
37 37
48 48
10 10
15 15
4 4
18 18
80 80
19 19
82 82
608 608
Факт прошлого года
Ожидаемое (прогноз до конца года)
Интер РАО(для ФСК)
Промышленныепотребители
Транспорт
Нефтедобыча
Нефтеперераб…
Нефтепроводы
Газопроводы
Сельское хозя…
Непромышлен…
Государственн…
Население иприравненныегруппыпотребителей
Территориальн…
Выручка, млрд. руб, по ПАО Россети на 2023 год
5 5
285 285
72 72
72 72
18 18
22 22
0 0
50 50
201 201
61 61
190 190
227 227
6 6
331 331
82 82
77 77
20 20
20 20
3 3
57 57
220 220
68 68
214 214
258 258
Факт прошлого года
Ожидаемое (прогноз до конца года)
Интер РАО(для ФСК)
Промышленныепотребители
Транспорт
Нефтедобыча
Нефтеперераб…
Нефтепроводы
Газопроводы
Сельское хозя…
Непромышлен…
Государственн…
Население иприравненныегруппыпотребителей
Территориальн…
абс.
%
Прогноз на месяц 
Ноябрь
КПО/Отпуск из сети 
Отпуск из сети, млн. кВт.ч
Организация 
Все
Прогноз электропотребления и выручки за услуги по передаче в разрезе отраслей'

31-03-2025T12:02:06 - [MESSAGE][PASSED] - Text of object 'Object Repository/Прогноз по отраслям/Виджеты дашборда' is: 'Год 
2023 год
Сравнение с 
Факт прошлого года
Отклонения по ПАО Россети на 2023 год
-2 263.5 -2 263.5
11 054.6 11 054.6
1 280.2 1 280.2
-1 947.5 -1 947.5
90.9 90.9
-3 845.0 -3 845.0
4 162.1 4 162.1
651.7 651.7
-4 727.7 -4 727.7
256.5 256.5
-723.9 -723.9
4 292.3 4 292.3
⬤ Отклонение, млн. кВт.ч
Интер РАО (для ФСК)
Промышленные потребители
Транспорт
Нефтедобыча
Нефтепереработка
Нефтепроводы
Газопроводы
Сельское хозяйство и пищевая про…
Непромышленные потребители
Государственные (муниципальные…
Население и приравненные группы…
Территориальные сетевые организ…
Выручка отклонения по ПАО Россети на 2023 год
421.3 421.3
45 574.9 45 574.9
9 547.5 9 547.5
4 889.3 4 889.3
2 337.4 2 337.4
-1 682.6 -1 682.6
2 919.4 2 919.4
7 110.2 7 110.2
19 840.8 19 840.8
7 289.5 7 289.5
23 664.8 23 664.8
31 028.3 31 028.3
⬤ Отклонение, млн. руб
Интер РАО (для ФСК)
Промышленные потребители
Транспорт
Нефтедобыча
Нефтепереработка
Нефтепроводы
Газопроводы
Сельское хозяйство и пищевая про…
Непромышленные потребители
Государственные (муниципальные…
Население и приравненные группы…
Территориальные сетевые организ…
Динамика электропотребления, млрд. кВт.ч., по ПАО Россети на 2023 год
12 12
186 186
36 36
50 50
10 10
19 19
0 0
17 17
85 85
19 19
82 82
604 604
10 10
197 197
37 37
48 48
10 10
15 15
4 4
18 18
80 80
19 19
82 82
608 608
Факт прошлого года
Ожидаемое (прогноз до конца года)
Интер РАО(для ФСК)
Промышленныепотребители
Транспорт
Нефтедобыча
Нефтеперераб…
Нефтепроводы
Газопроводы
Сельское хозя…
Непромышлен…
Государственн…
Население иприравненныегруппыпотребителей
Территориальн…
Выручка, млрд. руб, по ПАО Россети на 2023 год
5 5
285 285
72 72
72 72
18 18
22 22
0 0
50 50
201 201
61 61
190 190
227 227
6 6
331 331
82 82
77 77
20 20
20 20
3 3
57 57
220 220
68 68
214 214
258 258
Факт прошлого года
Ожидаемое (прогноз до конца года)
Интер РАО(для ФСК)
Промышленныепотребители
Транспорт
Нефтедобыча
Нефтеперераб…
Нефтепроводы
Газопроводы
Сельское хозя…
Непромышлен…
Государственн…
Население иприравненныегруппыпотребителей
Территориальн…
абс.
%
Прогноз на месяц 
Ноябрь
КПО/Отпуск из сети 
Отпуск из сети, млн. кВт.ч
Организация 
Все
Прогноз электропотребления и выручки за услуги по передаче в разрезе отраслей'

31-03-2025T12:02:06 - [TEST_STEP][PASSED] - b7 = b7.replaceAll("[^0-9]", ""): null

31-03-2025T12:02:06 - [TEST_STEP][PASSED] - println("b7:" + b7): null

31-03-2025T12:02:06 - [TEST_STEP][PASSED] - click(findTestObject("Прогноз по отраслям/Фильтр Сравнение с Стресс")): Object: 'Object Repository/Прогноз по отраслям/Фильтр Сравнение с Стресс' is clicked on

31-03-2025T12:02:06 - [MESSAGE][PASSED] - Object: 'Object Repository/Прогноз по отраслям/Фильтр Сравнение с Стресс' is clicked on

31-03-2025T12:02:06 - [TEST_STEP][PASSED] - click(findTestObject("Прогноз по отраслям/План Стресс")): Object: 'Object Repository/Прогноз по отраслям/План Стресс' is clicked on

31-03-2025T12:02:08 - [MESSAGE][PASSED] - Object: 'Object Repository/Прогноз по отраслям/План Стресс' is clicked on

31-03-2025T12:02:08 - [TEST_STEP][PASSED] - delay(40): Delayed 40 second(s)

31-03-2025T12:02:48 - [MESSAGE][PASSED] - Delayed 40 second(s)

31-03-2025T12:02:48 - [TEST_STEP][PASSED] - b8 = getText(findTestObject("Прогноз по отраслям/Виджеты дашборда")): Text of object 'Object Repository/Прогноз по отраслям/Виджеты дашборда' is: 'Год 
2023 год
Сравнение с 
План
Отклонения по ПАО Россети на 2023 год
-492.2 -492.2
7 165.1 7 165.1
689.3 689.3
33 271.7 33 271.7
986.4 986.4
593.8 593.8
764.0 764.0
670.4 670.4
-592.4 -592.4
308.8 308.8
-940.9 -940.9
19 604.1 19 604.1
⬤ Отклонение, млн. кВт.ч
Интер РАО (для ФСК)
Промышленные потребители
Транспорт
Нефтедобыча
Нефтепереработка
Нефтепроводы
Газопроводы
Сельское хозяйство и пищевая про…
Непромышленные потребители
Государственные (муниципальные…
Население и приравненные группы…
Территориальные сетевые организ…
Выручка отклонения по ПАО Россети на 2023 год
794.9 794.9
12 195.0 12 195.0
972.7 972.7
61 803.9 61 803.9
4 222.3 4 222.3
-121.8 -121.8
666.2 666.2
873.2 873.2
5 809.6 5 809.6
1 342.6 1 342.6
-4 463.2 -4 463.2
18 375.5 18 375.5
⬤ Отклонение, млн. руб
Интер РАО (для ФСК)
Промышленные потребители
Транспорт
Нефтедобыча
Нефтепереработка
Нефтепроводы
Газопроводы
Сельское хозяйство и пищевая про…
Непромышленные потребители
Государственные (муниципальные…
Население и приравненные группы…
Территориальные сетевые организ…
Динамика электропотребления, млрд. кВт.ч., по ПАО Россети на 2023 год
10 10
190 190
36 36
14 14
9 9
14 14
4 4
17 17
80 80
19 19
82 82
588 588
10 10
197 197
37 37
48 48
10 10
15 15
4 4
18 18
80 80
19 19
82 82
608 608
План
Ожидаемое (прогноз до конца года)
Интер РАО(для ФСК)
Промышленныепотребители
Транспорт
Нефтедобыча
Нефтеперераб…
Нефтепроводы
Газопроводы
Сельское хозя…
Непромышлен…
Государственн…
Население иприравненныегруппыпотребителей
Территориальн…
Выручка, млрд. руб, по ПАО Россети на 2023 год
5 5
319 319
81 81
16 16
16 16
20 20
2 2
56 56
215 215
67 67
218 218
239 239
6 6
331 331
82 82
77 77
20 20
20 20
3 3
57 57
220 220
68 68
214 214
258 258
План
Ожидаемое (прогноз до конца года)
Интер РАО(для ФСК)
Промышленныепотребители
Транспорт
Нефтедобыча
Нефтеперераб…
Нефтепроводы
Газопроводы
Сельское хозя…
Непромышлен…
Государственн…
Население иприравненныегруппыпотребителей
Территориальн…
абс.
%
Прогноз на месяц 
Ноябрь
КПО/Отпуск из сети 
Отпуск из сети, млн. кВт.ч
Организация 
Все
Прогноз электропотребления и выручки за услуги по передаче в разрезе отраслей'

31-03-2025T12:02:48 - [MESSAGE][PASSED] - Text of object 'Object Repository/Прогноз по отраслям/Виджеты дашборда' is: 'Год 
2023 год
Сравнение с 
План
Отклонения по ПАО Россети на 2023 год
-492.2 -492.2
7 165.1 7 165.1
689.3 689.3
33 271.7 33 271.7
986.4 986.4
593.8 593.8
764.0 764.0
670.4 670.4
-592.4 -592.4
308.8 308.8
-940.9 -940.9
19 604.1 19 604.1
⬤ Отклонение, млн. кВт.ч
Интер РАО (для ФСК)
Промышленные потребители
Транспорт
Нефтедобыча
Нефтепереработка
Нефтепроводы
Газопроводы
Сельское хозяйство и пищевая про…
Непромышленные потребители
Государственные (муниципальные…
Население и приравненные группы…
Территориальные сетевые организ…
Выручка отклонения по ПАО Россети на 2023 год
794.9 794.9
12 195.0 12 195.0
972.7 972.7
61 803.9 61 803.9
4 222.3 4 222.3
-121.8 -121.8
666.2 666.2
873.2 873.2
5 809.6 5 809.6
1 342.6 1 342.6
-4 463.2 -4 463.2
18 375.5 18 375.5
⬤ Отклонение, млн. руб
Интер РАО (для ФСК)
Промышленные потребители
Транспорт
Нефтедобыча
Нефтепереработка
Нефтепроводы
Газопроводы
Сельское хозяйство и пищевая про…
Непромышленные потребители
Государственные (муниципальные…
Население и приравненные группы…
Территориальные сетевые организ…
Динамика электропотребления, млрд. кВт.ч., по ПАО Россети на 2023 год
10 10
190 190
36 36
14 14
9 9
14 14
4 4
17 17
80 80
19 19
82 82
588 588
10 10
197 197
37 37
48 48
10 10
15 15
4 4
18 18
80 80
19 19
82 82
608 608
План
Ожидаемое (прогноз до конца года)
Интер РАО(для ФСК)
Промышленныепотребители
Транспорт
Нефтедобыча
Нефтеперераб…
Нефтепроводы
Газопроводы
Сельское хозя…
Непромышлен…
Государственн…
Население иприравненныегруппыпотребителей
Территориальн…
Выручка, млрд. руб, по ПАО Россети на 2023 год
5 5
319 319
81 81
16 16
16 16
20 20
2 2
56 56
215 215
67 67
218 218
239 239
6 6
331 331
82 82
77 77
20 20
20 20
3 3
57 57
220 220
68 68
214 214
258 258
План
Ожидаемое (прогноз до конца года)
Интер РАО(для ФСК)
Промышленныепотребители
Транспорт
Нефтедобыча
Нефтеперераб…
Нефтепроводы
Газопроводы
Сельское хозя…
Непромышлен…
Государственн…
Население иприравненныегруппыпотребителей
Территориальн…
абс.
%
Прогноз на месяц 
Ноябрь
КПО/Отпуск из сети 
Отпуск из сети, млн. кВт.ч
Организация 
Все
Прогноз электропотребления и выручки за услуги по передаче в разрезе отраслей'

31-03-2025T12:02:48 - [TEST_STEP][PASSED] - b8 = b8.replaceAll("[^0-9]", ""): null

31-03-2025T12:02:48 - [TEST_STEP][PASSED] - println("b8:" + b8): null

31-03-2025T12:02:48 - [TEST_STEP][PASSED] - click(findTestObject("Прогноз по отраслям/Фильтр Сравнение с Стресс")): Object: 'Object Repository/Прогноз по отраслям/Фильтр Сравнение с Стресс' is clicked on

31-03-2025T12:02:49 - [MESSAGE][PASSED] - Object: 'Object Repository/Прогноз по отраслям/Фильтр Сравнение с Стресс' is clicked on

31-03-2025T12:02:49 - [TEST_STEP][PASSED] - click(findTestObject("Прогноз по отраслям/План СУ Стресс")): Object: 'Object Repository/Прогноз по отраслям/План СУ Стресс' is clicked on

31-03-2025T12:02:50 - [MESSAGE][PASSED] - Object: 'Object Repository/Прогноз по отраслям/План СУ Стресс' is clicked on

31-03-2025T12:02:50 - [TEST_STEP][PASSED] - delay(40): Delayed 40 second(s)

31-03-2025T12:03:30 - [MESSAGE][PASSED] - Delayed 40 second(s)

31-03-2025T12:03:30 - [TEST_STEP][PASSED] - b9 = getText(findTestObject("Прогноз по отраслям/Виджеты дашборда")): Text of object 'Object Repository/Прогноз по отраслям/Виджеты дашборда' is: 'Год 
2023 год
Сравнение с 
План/СУ
Отклонения по ПАО Россети на 2023 год
243.5 243.5
16 024.4 16 024.4
1 255.1 1 255.1
32 869.9 32 869.9
1 135.7 1 135.7
950.0 950.0
511.1 511.1
1 324.2 1 324.2
-5 962.8 -5 962.8
433.5 433.5
2 431.5 2 431.5
22 321.4 22 321.4
⬤ Отклонение, млн. кВт.ч
Интер РАО (для ФСК)
Промышленные потребители
Транспорт
Нефтедобыча
Нефтепереработка
Нефтепроводы
Газопроводы
Сельское хозяйство и пищевая про…
Непромышленные потребители
Государственные (муниципальные…
Население и приравненные группы…
Территориальные сетевые организ…
Выручка отклонения по ПАО Россети на 2023 год
⬤ Отклонение, млн. руб
Интер РАО (для ФСК)
Промышленные потребители
Транспорт
Нефтедобыча
Нефтепереработка
Нефтепроводы
Газопроводы
Сельское хозяйство и пищевая про…
Непромышленные потребители
Государственные (муниципальные…
Население и приравненные группы…
Территориальные сетевые организ…
Динамика электропотребления, млрд. кВт.ч., по ПАО Россети на 2023 год
10 10
181 181
36 36
15 15
9 9
14 14
4 4
16 16
86 86
19 19
79 79
586 586
10 10
197 197
37 37
48 48
10 10
15 15
4 4
18 18
80 80
19 19
82 82
608 608
СУ
Ожидаемое (прогноз до конца года)
Интер РАО(для ФСК)
Промышленныепотребители
Транспорт
Нефтедобыча
Нефтеперераб…
Нефтепроводы
Газопроводы
Сельское хозя…
Непромышлен…
Государственн…
Население иприравненныегруппыпотребителей
Территориальн…
Выручка, млрд. руб, по ПАО Россети на 2023 год
6 6
331 331
82 82
77 77
20 20
20 20
3 3
57 57
220 220
68 68
214 214
258 258
Ожидаемое (прогноз до конца года)
Интер РАО(для ФСК)
Промышленныепотребители
Транспорт
Нефтедобыча
Нефтеперераб…
Нефтепроводы
Газопроводы
Сельское хозя…
Непромышлен…
Государственн…
Население иприравненныегруппыпотребителей
Территориальн…
абс.
%
Прогноз на месяц 
Ноябрь
КПО/Отпуск из сети 
Отпуск из сети, млн. кВт.ч
Организация 
Все
Прогноз электропотребления и выручки за услуги по передаче в разрезе отраслей'

31-03-2025T12:03:31 - [MESSAGE][PASSED] - Text of object 'Object Repository/Прогноз по отраслям/Виджеты дашборда' is: 'Год 
2023 год
Сравнение с 
План/СУ
Отклонения по ПАО Россети на 2023 год
243.5 243.5
16 024.4 16 024.4
1 255.1 1 255.1
32 869.9 32 869.9
1 135.7 1 135.7
950.0 950.0
511.1 511.1
1 324.2 1 324.2
-5 962.8 -5 962.8
433.5 433.5
2 431.5 2 431.5
22 321.4 22 321.4
⬤ Отклонение, млн. кВт.ч
Интер РАО (для ФСК)
Промышленные потребители
Транспорт
Нефтедобыча
Нефтепереработка
Нефтепроводы
Газопроводы
Сельское хозяйство и пищевая про…
Непромышленные потребители
Государственные (муниципальные…
Население и приравненные группы…
Территориальные сетевые организ…
Выручка отклонения по ПАО Россети на 2023 год
⬤ Отклонение, млн. руб
Интер РАО (для ФСК)
Промышленные потребители
Транспорт
Нефтедобыча
Нефтепереработка
Нефтепроводы
Газопроводы
Сельское хозяйство и пищевая про…
Непромышленные потребители
Государственные (муниципальные…
Население и приравненные группы…
Территориальные сетевые организ…
Динамика электропотребления, млрд. кВт.ч., по ПАО Россети на 2023 год
10 10
181 181
36 36
15 15
9 9
14 14
4 4
16 16
86 86
19 19
79 79
586 586
10 10
197 197
37 37
48 48
10 10
15 15
4 4
18 18
80 80
19 19
82 82
608 608
СУ
Ожидаемое (прогноз до конца года)
Интер РАО(для ФСК)
Промышленныепотребители
Транспорт
Нефтедобыча
Нефтеперераб…
Нефтепроводы
Газопроводы
Сельское хозя…
Непромышлен…
Государственн…
Население иприравненныегруппыпотребителей
Территориальн…
Выручка, млрд. руб, по ПАО Россети на 2023 год
6 6
331 331
82 82
77 77
20 20
20 20
3 3
57 57
220 220
68 68
214 214
258 258
Ожидаемое (прогноз до конца года)
Интер РАО(для ФСК)
Промышленныепотребители
Транспорт
Нефтедобыча
Нефтеперераб…
Нефтепроводы
Газопроводы
Сельское хозя…
Непромышлен…
Государственн…
Население иприравненныегруппыпотребителей
Территориальн…
абс.
%
Прогноз на месяц 
Ноябрь
КПО/Отпуск из сети 
Отпуск из сети, млн. кВт.ч
Организация 
Все
Прогноз электропотребления и выручки за услуги по передаче в разрезе отраслей'

31-03-2025T12:03:31 - [TEST_STEP][PASSED] - b9 = b9.replaceAll("[^0-9]", ""): null

31-03-2025T12:03:31 - [TEST_STEP][PASSED] - println("b9:" + b9): null

31-03-2025T12:03:31 - [TEST_STEP][PASSED] - click(findTestObject("Прогноз по отраслям/Фильтр Сравнение с Стресс")): Object: 'Object Repository/Прогноз по отраслям/Фильтр Сравнение с Стресс' is clicked on

31-03-2025T12:03:31 - [MESSAGE][PASSED] - Object: 'Object Repository/Прогноз по отраслям/Фильтр Сравнение с Стресс' is clicked on

31-03-2025T12:03:31 - [TEST_STEP][PASSED] - click(findTestObject("Прогноз по отраслям/Факт прошлого года Стресс")): Object: 'Object Repository/Прогноз по отраслям/Факт прошлого года Стресс' is clicked on

31-03-2025T12:03:32 - [MESSAGE][PASSED] - Object: 'Object Repository/Прогноз по отраслям/Факт прошлого года Стресс' is clicked on

31-03-2025T12:03:32 - [TEST_STEP][PASSED] - click(findTestObject("Прогноз по отраслям/Фильтр КПО-Отпуск Стресс")): Object: 'Object Repository/Прогноз по отраслям/Фильтр КПО-Отпуск Стресс' is clicked on

31-03-2025T12:03:34 - [MESSAGE][PASSED] - Object: 'Object Repository/Прогноз по отраслям/Фильтр КПО-Отпуск Стресс' is clicked on

31-03-2025T12:03:34 - [TEST_STEP][PASSED] - click(findTestObject("Прогноз по отраслям/КПО Стресс")): Object: 'Object Repository/Прогноз по отраслям/КПО Стресс' is clicked on

31-03-2025T12:03:35 - [MESSAGE][PASSED] - Object: 'Object Repository/Прогноз по отраслям/КПО Стресс' is clicked on

31-03-2025T12:03:35 - [TEST_STEP][PASSED] - delay(40): Delayed 40 second(s)

31-03-2025T12:04:15 - [MESSAGE][PASSED] - Delayed 40 second(s)

31-03-2025T12:04:15 - [TEST_STEP][PASSED] - b10 = getText(findTestObject("Прогноз по отраслям/Виджеты дашборда")): Text of object 'Object Repository/Прогноз по отраслям/Виджеты дашборда' is: 'Год 
2023 год
Сравнение с 
Факт прошлого года
Отклонения по ПАО Россети на 2023 год
0.0 0.0
646.5 646.5
341.1 341.1
-2 455.6 -2 455.6
245.6 245.6
-1 796.0 -1 796.0
676.2 676.2
452.4 452.4
1 386.2 1 386.2
527.5 527.5
-1 130.4 -1 130.4
-128.7 -128.7
⬤ Отклонение, млн. кВт.ч
Интер РАО (для ФСК)
Промышленные потребители
Транспорт
Нефтедобыча
Нефтепереработка
Нефтепроводы
Газопроводы
Сельское хозяйство и пищевая про…
Непромышленные потребители
Государственные (муниципальные…
Население и приравненные группы…
Территориальные сетевые организ…
Выручка отклонения по ПАО Россети на 2023 год
421.3 421.3
45 574.9 45 574.9
9 547.5 9 547.5
4 889.3 4 889.3
2 337.4 2 337.4
-1 682.6 -1 682.6
2 919.4 2 919.4
7 110.2 7 110.2
19 840.8 19 840.8
7 289.5 7 289.5
23 664.8 23 664.8
31 028.3 31 028.3
⬤ Отклонение, млн. руб
Интер РАО (для ФСК)
Промышленные потребители
Транспорт
Нефтедобыча
Нефтепереработка
Нефтепроводы
Газопроводы
Сельское хозяйство и пищевая про…
Непромышленные потребители
Государственные (муниципальные…
Население и приравненные группы…
Территориальные сетевые организ…
Динамика электропотребления, млрд. кВт.ч., по ПАО Россети на 2023 год
0 0
120 120
38 38
41 41
8 8
10 10
0 0
19 19
77 77
25 25
122 122
61 61
0 0
120 120
39 39
39 39
8 8
8 8
1 1
20 20
78 78
26 26
121 121
60 60
Факт прошлого года
Ожидаемое (прогноз до конца года)
Интер РАО(для ФСК)
Промышленныепотребители
Транспорт
Нефтедобыча
Нефтеперераб…
Нефтепроводы
Газопроводы
Сельское хозя…
Непромышлен…
Государственн…
Население иприравненныегруппыпотребителей
Территориальн…
Выручка, млрд. руб, по ПАО Россети на 2023 год
5 5
285 285
72 72
72 72
18 18
22 22
0 0
50 50
201 201
61 61
190 190
227 227
6 6
331 331
82 82
77 77
20 20
20 20
3 3
57 57
220 220
68 68
214 214
258 258
Факт прошлого года
Ожидаемое (прогноз до конца года)
Интер РАО(для ФСК)
Промышленныепотребители
Транспорт
Нефтедобыча
Нефтеперераб…
Нефтепроводы
Газопроводы
Сельское хозя…
Непромышлен…
Государственн…
Население иприравненныегруппыпотребителей
Территориальн…
абс.
%
Прогноз на месяц 
Ноябрь
КПО/Отпуск из сети 
Котловой полезный отпуск, млн. кВт.ч
Организация 
Все
Прогноз электропотребления и выручки за услуги по передаче в разрезе отраслей'

31-03-2025T12:04:15 - [MESSAGE][PASSED] - Text of object 'Object Repository/Прогноз по отраслям/Виджеты дашборда' is: 'Год 
2023 год
Сравнение с 
Факт прошлого года
Отклонения по ПАО Россети на 2023 год
0.0 0.0
646.5 646.5
341.1 341.1
-2 455.6 -2 455.6
245.6 245.6
-1 796.0 -1 796.0
676.2 676.2
452.4 452.4
1 386.2 1 386.2
527.5 527.5
-1 130.4 -1 130.4
-128.7 -128.7
⬤ Отклонение, млн. кВт.ч
Интер РАО (для ФСК)
Промышленные потребители
Транспорт
Нефтедобыча
Нефтепереработка
Нефтепроводы
Газопроводы
Сельское хозяйство и пищевая про…
Непромышленные потребители
Государственные (муниципальные…
Население и приравненные группы…
Территориальные сетевые организ…
Выручка отклонения по ПАО Россети на 2023 год
421.3 421.3
45 574.9 45 574.9
9 547.5 9 547.5
4 889.3 4 889.3
2 337.4 2 337.4
-1 682.6 -1 682.6
2 919.4 2 919.4
7 110.2 7 110.2
19 840.8 19 840.8
7 289.5 7 289.5
23 664.8 23 664.8
31 028.3 31 028.3
⬤ Отклонение, млн. руб
Интер РАО (для ФСК)
Промышленные потребители
Транспорт
Нефтедобыча
Нефтепереработка
Нефтепроводы
Газопроводы
Сельское хозяйство и пищевая про…
Непромышленные потребители
Государственные (муниципальные…
Население и приравненные группы…
Территориальные сетевые организ…
Динамика электропотребления, млрд. кВт.ч., по ПАО Россети на 2023 год
0 0
120 120
38 38
41 41
8 8
10 10
0 0
19 19
77 77
25 25
122 122
61 61
0 0
120 120
39 39
39 39
8 8
8 8
1 1
20 20
78 78
26 26
121 121
60 60
Факт прошлого года
Ожидаемое (прогноз до конца года)
Интер РАО(для ФСК)
Промышленныепотребители
Транспорт
Нефтедобыча
Нефтеперераб…
Нефтепроводы
Газопроводы
Сельское хозя…
Непромышлен…
Государственн…
Население иприравненныегруппыпотребителей
Территориальн…
Выручка, млрд. руб, по ПАО Россети на 2023 год
5 5
285 285
72 72
72 72
18 18
22 22
0 0
50 50
201 201
61 61
190 190
227 227
6 6
331 331
82 82
77 77
20 20
20 20
3 3
57 57
220 220
68 68
214 214
258 258
Факт прошлого года
Ожидаемое (прогноз до конца года)
Интер РАО(для ФСК)
Промышленныепотребители
Транспорт
Нефтедобыча
Нефтеперераб…
Нефтепроводы
Газопроводы
Сельское хозя…
Непромышлен…
Государственн…
Население иприравненныегруппыпотребителей
Территориальн…
абс.
%
Прогноз на месяц 
Ноябрь
КПО/Отпуск из сети 
Котловой полезный отпуск, млн. кВт.ч
Организация 
Все
Прогноз электропотребления и выручки за услуги по передаче в разрезе отраслей'

31-03-2025T12:04:15 - [TEST_STEP][PASSED] - b10 = b10.replaceAll("[^0-9]", ""): null

31-03-2025T12:04:15 - [TEST_STEP][PASSED] - println("b10:" + b10): null

31-03-2025T12:04:15 - [TEST_STEP][PASSED] - click(findTestObject("Прогноз по отраслям/Фильтр Сравнение с Стресс")): Object: 'Object Repository/Прогноз по отраслям/Фильтр Сравнение с Стресс' is clicked on

31-03-2025T12:04:16 - [MESSAGE][PASSED] - Object: 'Object Repository/Прогноз по отраслям/Фильтр Сравнение с Стресс' is clicked on

31-03-2025T12:04:16 - [TEST_STEP][PASSED] - click(findTestObject("Прогноз по отраслям/План Стресс")): Object: 'Object Repository/Прогноз по отраслям/План Стресс' is clicked on

31-03-2025T12:04:17 - [MESSAGE][PASSED] - Object: 'Object Repository/Прогноз по отраслям/План Стресс' is clicked on

31-03-2025T12:04:17 - [TEST_STEP][PASSED] - delay(40): Delayed 40 second(s)

31-03-2025T12:04:57 - [MESSAGE][PASSED] - Delayed 40 second(s)

31-03-2025T12:04:57 - [TEST_STEP][PASSED] - b11 = getText(findTestObject("Прогноз по отраслям/Виджеты дашборда")): Text of object 'Object Repository/Прогноз по отраслям/Виджеты дашборда' is: 'Год 
2023 год
Сравнение с 
План
Отклонения по ПАО Россети на 2023 год
0.0 0.0
1 471.7 1 471.7
1 186.5 1 186.5
32 445.2 32 445.2
1 268.3 1 268.3
349.4 349.4
84.3 84.3
239.8 239.8
2 969.4 2 969.4
589.2 589.2
-1 798.4 -1 798.4
5 359.3 5 359.3
⬤ Отклонение, млн. кВт.ч
Интер РАО (для ФСК)
Промышленные потребители
Транспорт
Нефтедобыча
Нефтепереработка
Нефтепроводы
Газопроводы
Сельское хозяйство и пищевая про…
Непромышленные потребители
Государственные (муниципальные…
Население и приравненные группы…
Территориальные сетевые организ…
Выручка отклонения по ПАО Россети на 2023 год
794.9 794.9
12 195.0 12 195.0
972.7 972.7
61 803.9 61 803.9
4 222.3 4 222.3
-121.8 -121.8
666.2 666.2
873.2 873.2
5 809.6 5 809.6
1 342.6 1 342.6
-4 463.2 -4 463.2
18 375.5 18 375.5
⬤ Отклонение, млн. руб
Интер РАО (для ФСК)
Промышленные потребители
Транспорт
Нефтедобыча
Нефтепереработка
Нефтепроводы
Газопроводы
Сельское хозяйство и пищевая про…
Непромышленные потребители
Государственные (муниципальные…
Население и приравненные группы…
Территориальные сетевые организ…
Динамика электропотребления, млрд. кВт.ч., по ПАО Россети на 2023 год
0 0
119 119
37 37
7 7
7 7
8 8
1 1
19 19
75 75
25 25
123 123
55 55
0 0
120 120
39 39
39 39
8 8
8 8
1 1
20 20
78 78
26 26
121 121
60 60
План
Ожидаемое (прогноз до конца года)
Интер РАО(для ФСК)
Промышленныепотребители
Транспорт
Нефтедобыча
Нефтеперераб…
Нефтепроводы
Газопроводы
Сельское хозя…
Непромышлен…
Государственн…
Население иприравненныегруппыпотребителей
Территориальн…
Выручка, млрд. руб, по ПАО Россети на 2023 год
5 5
319 319
81 81
16 16
16 16
20 20
2 2
56 56
215 215
67 67
218 218
239 239
6 6
331 331
82 82
77 77
20 20
20 20
3 3
57 57
220 220
68 68
214 214
258 258
План
Ожидаемое (прогноз до конца года)
Интер РАО(для ФСК)
Промышленныепотребители
Транспорт
Нефтедобыча
Нефтеперераб…
Нефтепроводы
Газопроводы
Сельское хозя…
Непромышлен…
Государственн…
Население иприравненныегруппыпотребителей
Территориальн…
абс.
%
Прогноз на месяц 
Ноябрь
КПО/Отпуск из сети 
Котловой полезный отпуск, млн. кВт.ч
Организация 
Все
Прогноз электропотребления и выручки за услуги по передаче в разрезе отраслей'

31-03-2025T12:04:58 - [MESSAGE][PASSED] - Text of object 'Object Repository/Прогноз по отраслям/Виджеты дашборда' is: 'Год 
2023 год
Сравнение с 
План
Отклонения по ПАО Россети на 2023 год
0.0 0.0
1 471.7 1 471.7
1 186.5 1 186.5
32 445.2 32 445.2
1 268.3 1 268.3
349.4 349.4
84.3 84.3
239.8 239.8
2 969.4 2 969.4
589.2 589.2
-1 798.4 -1 798.4
5 359.3 5 359.3
⬤ Отклонение, млн. кВт.ч
Интер РАО (для ФСК)
Промышленные потребители
Транспорт
Нефтедобыча
Нефтепереработка
Нефтепроводы
Газопроводы
Сельское хозяйство и пищевая про…
Непромышленные потребители
Государственные (муниципальные…
Население и приравненные группы…
Территориальные сетевые организ…
Выручка отклонения по ПАО Россети на 2023 год
794.9 794.9
12 195.0 12 195.0
972.7 972.7
61 803.9 61 803.9
4 222.3 4 222.3
-121.8 -121.8
666.2 666.2
873.2 873.2
5 809.6 5 809.6
1 342.6 1 342.6
-4 463.2 -4 463.2
18 375.5 18 375.5
⬤ Отклонение, млн. руб
Интер РАО (для ФСК)
Промышленные потребители
Транспорт
Нефтедобыча
Нефтепереработка
Нефтепроводы
Газопроводы
Сельское хозяйство и пищевая про…
Непромышленные потребители
Государственные (муниципальные…
Население и приравненные группы…
Территориальные сетевые организ…
Динамика электропотребления, млрд. кВт.ч., по ПАО Россети на 2023 год
0 0
119 119
37 37
7 7
7 7
8 8
1 1
19 19
75 75
25 25
123 123
55 55
0 0
120 120
39 39
39 39
8 8
8 8
1 1
20 20
78 78
26 26
121 121
60 60
План
Ожидаемое (прогноз до конца года)
Интер РАО(для ФСК)
Промышленныепотребители
Транспорт
Нефтедобыча
Нефтеперераб…
Нефтепроводы
Газопроводы
Сельское хозя…
Непромышлен…
Государственн…
Население иприравненныегруппыпотребителей
Территориальн…
Выручка, млрд. руб, по ПАО Россети на 2023 год
5 5
319 319
81 81
16 16
16 16
20 20
2 2
56 56
215 215
67 67
218 218
239 239
6 6
331 331
82 82
77 77
20 20
20 20
3 3
57 57
220 220
68 68
214 214
258 258
План
Ожидаемое (прогноз до конца года)
Интер РАО(для ФСК)
Промышленныепотребители
Транспорт
Нефтедобыча
Нефтеперераб…
Нефтепроводы
Газопроводы
Сельское хозя…
Непромышлен…
Государственн…
Население иприравненныегруппыпотребителей
Территориальн…
абс.
%
Прогноз на месяц 
Ноябрь
КПО/Отпуск из сети 
Котловой полезный отпуск, млн. кВт.ч
Организация 
Все
Прогноз электропотребления и выручки за услуги по передаче в разрезе отраслей'

31-03-2025T12:04:58 - [TEST_STEP][PASSED] - println("b11:" + b11): null

31-03-2025T12:04:58 - [TEST_STEP][PASSED] - b11 = b11.replaceAll("[^0-9]", ""): null

31-03-2025T12:04:58 - [TEST_STEP][PASSED] - println("b11:" + b11): null

31-03-2025T12:04:58 - [TEST_STEP][PASSED] - click(findTestObject("Прогноз по отраслям/Фильтр Сравнение с Стресс")): Object: 'Object Repository/Прогноз по отраслям/Фильтр Сравнение с Стресс' is clicked on

31-03-2025T12:04:58 - [MESSAGE][PASSED] - Object: 'Object Repository/Прогноз по отраслям/Фильтр Сравнение с Стресс' is clicked on

31-03-2025T12:04:58 - [TEST_STEP][PASSED] - click(findTestObject("Прогноз по отраслям/План СУ Стресс")): Object: 'Object Repository/Прогноз по отраслям/План СУ Стресс' is clicked on

31-03-2025T12:05:00 - [MESSAGE][PASSED] - Object: 'Object Repository/Прогноз по отраслям/План СУ Стресс' is clicked on

31-03-2025T12:05:00 - [TEST_STEP][PASSED] - delay(40): Delayed 40 second(s)

31-03-2025T12:05:40 - [MESSAGE][PASSED] - Delayed 40 second(s)

31-03-2025T12:05:40 - [TEST_STEP][PASSED] - b12 = getText(findTestObject("Прогноз по отраслям/Виджеты дашборда")): Text of object 'Object Repository/Прогноз по отраслям/Виджеты дашборда' is: 'Год 
2023 год
Сравнение с 
План/СУ
Отклонения по ПАО Россети на 2023 год
0.0 0.0
120 322.6 120 322.6
38 655.4 38 655.4
39 037.8 39 037.8
8 291.7 8 291.7
8 259.5 8 259.5
793.1 793.1
19 706.6 19 706.6
78 310.2 78 310.2
25 579.5 25 579.5
121 219.7 121 219.7
60 414.9 60 414.9
⬤ Отклонение, млн. кВт.ч
Интер РАО (для ФСК)
Промышленные потребители
Транспорт
Нефтедобыча
Нефтепереработка
Нефтепроводы
Газопроводы
Сельское хозяйство и пищевая про…
Непромышленные потребители
Государственные (муниципальные…
Население и приравненные группы…
Территориальные сетевые организ…
Выручка отклонения по ПАО Россети на 2023 год
⬤ Отклонение, млн. руб
Интер РАО (для ФСК)
Промышленные потребители
Транспорт
Нефтедобыча
Нефтепереработка
Нефтепроводы
Газопроводы
Сельское хозяйство и пищевая про…
Непромышленные потребители
Государственные (муниципальные…
Население и приравненные группы…
Территориальные сетевые организ…
Динамика электропотребления, млрд. кВт.ч., по ПАО Россети на 2023 год
0 0
0 0
0 0
0 0
0 0
0 0
0 0
0 0
0 0
0 0
0 0
0 0
0 0
120 120
39 39
39 39
8 8
8 8
1 1
20 20
78 78
26 26
121 121
60 60
СУ
Ожидаемое (прогноз до конца года)
Интер РАО(для ФСК)
Промышленныепотребители
Транспорт
Нефтедобыча
Нефтеперераб…
Нефтепроводы
Газопроводы
Сельское хозя…
Непромышлен…
Государственн…
Население иприравненныегруппыпотребителей
Территориальн…
Выручка, млрд. руб, по ПАО Россети на 2023 год
6 6
331 331
82 82
77 77
20 20
20 20
3 3
57 57
220 220
68 68
214 214
258 258
Ожидаемое (прогноз до конца года)
Интер РАО(для ФСК)
Промышленныепотребители
Транспорт
Нефтедобыча
Нефтеперераб…
Нефтепроводы
Газопроводы
Сельское хозя…
Непромышлен…
Государственн…
Население иприравненныегруппыпотребителей
Территориальн…
абс.
%
Прогноз на месяц 
Ноябрь
КПО/Отпуск из сети 
Котловой полезный отпуск, млн. кВт.ч
Организация 
Все
Прогноз электропотребления и выручки за услуги по передаче в разрезе отраслей'

31-03-2025T12:05:40 - [MESSAGE][PASSED] - Text of object 'Object Repository/Прогноз по отраслям/Виджеты дашборда' is: 'Год 
2023 год
Сравнение с 
План/СУ
Отклонения по ПАО Россети на 2023 год
0.0 0.0
120 322.6 120 322.6
38 655.4 38 655.4
39 037.8 39 037.8
8 291.7 8 291.7
8 259.5 8 259.5
793.1 793.1
19 706.6 19 706.6
78 310.2 78 310.2
25 579.5 25 579.5
121 219.7 121 219.7
60 414.9 60 414.9
⬤ Отклонение, млн. кВт.ч
Интер РАО (для ФСК)
Промышленные потребители
Транспорт
Нефтедобыча
Нефтепереработка
Нефтепроводы
Газопроводы
Сельское хозяйство и пищевая про…
Непромышленные потребители
Государственные (муниципальные…
Население и приравненные группы…
Территориальные сетевые организ…
Выручка отклонения по ПАО Россети на 2023 год
⬤ Отклонение, млн. руб
Интер РАО (для ФСК)
Промышленные потребители
Транспорт
Нефтедобыча
Нефтепереработка
Нефтепроводы
Газопроводы
Сельское хозяйство и пищевая про…
Непромышленные потребители
Государственные (муниципальные…
Население и приравненные группы…
Территориальные сетевые организ…
Динамика электропотребления, млрд. кВт.ч., по ПАО Россети на 2023 год
0 0
0 0
0 0
0 0
0 0
0 0
0 0
0 0
0 0
0 0
0 0
0 0
0 0
120 120
39 39
39 39
8 8
8 8
1 1
20 20
78 78
26 26
121 121
60 60
СУ
Ожидаемое (прогноз до конца года)
Интер РАО(для ФСК)
Промышленныепотребители
Транспорт
Нефтедобыча
Нефтеперераб…
Нефтепроводы
Газопроводы
Сельское хозя…
Непромышлен…
Государственн…
Население иприравненныегруппыпотребителей
Территориальн…
Выручка, млрд. руб, по ПАО Россети на 2023 год
6 6
331 331
82 82
77 77
20 20
20 20
3 3
57 57
220 220
68 68
214 214
258 258
Ожидаемое (прогноз до конца года)
Интер РАО(для ФСК)
Промышленныепотребители
Транспорт
Нефтедобыча
Нефтеперераб…
Нефтепроводы
Газопроводы
Сельское хозя…
Непромышлен…
Государственн…
Население иприравненныегруппыпотребителей
Территориальн…
абс.
%
Прогноз на месяц 
Ноябрь
КПО/Отпуск из сети 
Котловой полезный отпуск, млн. кВт.ч
Организация 
Все
Прогноз электропотребления и выручки за услуги по передаче в разрезе отраслей'

31-03-2025T12:05:40 - [TEST_STEP][PASSED] - b12 = b12.replaceAll("[^0-9]", ""): null

31-03-2025T12:05:40 - [TEST_STEP][PASSED] - println("b12:" + b12): null

31-03-2025T12:05:40 - [TEST_STEP][PASSED] - if (verifyEqual(a1, b1) == true): Actual object '20232023121218618636365050101019190017178585191982826046041010197197373748481010151544181880801919828260860820235528528572727272181822220050502012016161190190227227663313318282777720202020335757220220686821421425825820231851855959363639390909207207331323313238385656131309090707202377771601601321326767133133777713315133151421429999120120124124137137' and expected object '20232023121218618636365050101019190017178585191982826046041010197197373748481010151544181880801919828260860820235528528572727272181822220050502012016161190190227227663313318282777720202020335757220220686821421425825820231851855959363639390909207207331323313238385656131309090707202377771601601321326767133133777713315133151421429999120120124124137137' are equal

31-03-2025T12:05:40 - [MESSAGE][PASSED] - Actual object '20232023121218618636365050101019190017178585191982826046041010197197373748481010151544181880801919828260860820235528528572727272181822220050502012016161190190227227663313318282777720202020335757220220686821421425825820231851855959363639390909207207331323313238385656131309090707202377771601601321326767133133777713315133151421429999120120124124137137' and expected object '20232023121218618636365050101019190017178585191982826046041010197197373748481010151544181880801919828260860820235528528572727272181822220050502012016161190190227227663313318282777720202020335757220220686821421425825820231851855959363639390909207207331323313238385656131309090707202377771601601321326767133133777713315133151421429999120120124124137137' are equal

31-03-2025T12:05:40 - [TEST_STEP][PASSED] - if (verifyEqual(a2, b2) == true): Actual object '202320231010190190363614149914144417178080191982825885881010197197373748481010151544181880801919828260860820235531931981811616161620202256562152156767218218239239663313318282777720202020335757220220686821421425825820234747383819192303230310910942422172173939060616161010333320231561563838121239823982269269060626926915152727202020207979' and expected object '202320231010190190363614149914144417178080191982825885881010197197373748481010151544181880801919828260860820235531931981811616161620202256562152156767218218239239663313318282777720202020335757220220686821421425825820234747383819192303230310910942422172173939060616161010333320231561563838121239823982269269060626926915152727202020207979' are equal

31-03-2025T12:05:40 - [MESSAGE][PASSED] - Actual object '202320231010190190363614149914144417178080191982825885881010197197373748481010151544181880801919828260860820235531931981811616161620202256562152156767218218239239663313318282777720202020335757220220686821421425825820234747383819192303230310910942422172173939060616161010333320231561563838121239823982269269060626926915152727202020207979' and expected object '202320231010190190363614149914144417178080191982825885881010197197373748481010151544181880801919828260860820235531931981811616161620202256562152156767218218239239663313318282777720202020335757220220686821421425825820234747383819192303230310910942422172173939060616161010333320231561563838121239823982269269060626926915152727202020207979' are equal

31-03-2025T12:05:40 - [TEST_STEP][PASSED] - if (verifyEqual(a3, b3) == true): Actual object '2023202310101811813636151599141444161686861919797958658610101971973737484810101515441818808019198282608608202366331331828277772020202033575722022068682142142582582023252589893535221422141281286969135135818169692323313138382023' and expected object '2023202310101811813636151599141444161686861919797958658610101971973737484810101515441818808019198282608608202366331331828277772020202033575722022068682142142582582023252589893535221422141281286969135135818169692323313138382023' are equal

31-03-2025T12:05:40 - [MESSAGE][PASSED] - Actual object '2023202310101811813636151599141444161686861919797958658610101971973737484810101515441818808019198282608608202366331331828277772020202033575722022068682142142582582023252589893535221422141281286969135135818169692323313138382023' and expected object '2023202310101811813636151599141444161686861919797958658610101971973737484810101515441818808019198282608608202366331331828277772020202033575722022068682142142582582023252589893535221422141281286969135135818169692323313138382023' are equal

31-03-2025T12:05:40 - [TEST_STEP][PASSED] - if (verifyEqual(a4, b4) == true): Actual object '20232023001201203838414188101000191977772525122122616100120120393939398888112020787826261211216060202355285285727272721818222200505020120161611901902272276633133182827777202020203357572202206868214214258258202305050909595931311791795784578423231818212109090202202377771601601321326767133133777713315133151421429999120120124124137137' and expected object '20232023001201203838414188101000191977772525122122616100120120393939398888112020787826261211216060202355285285727272721818222200505020120161611901902272276633133182827777202020203357572202206868214214258258202305050909595931311791795784578423231818212109090202202377771601601321326767133133777713315133151421429999120120124124137137' are equal

31-03-2025T12:05:40 - [MESSAGE][PASSED] - Actual object '20232023001201203838414188101000191977772525122122616100120120393939398888112020787826261211216060202355285285727272721818222200505020120161611901902272276633133182827777202020203357572202206868214214258258202305050909595931311791795784578423231818212109090202202377771601601321326767133133777713315133151421429999120120124124137137' and expected object '20232023001201203838414188101000191977772525122122616100120120393939398888112020787826261211216060202355285285727272721818222200505020120161611901902272276633133182827777202020203357572202206868214214258258202305050909595931311791795784578423231818212109090202202377771601601321326767133133777713315133151421429999120120124124137137' are equal

31-03-2025T12:05:40 - [TEST_STEP][PASSED] - if (verifyEqual(a5, b5) == true): Actual object '20232023001191193737777788111919757525251231235555001201203939393988881120207878262612112160602023553193198181161616162020225656215215676721821823923966331331828277772020202033575722022068682142142582582023121232324921492118118144441191191212414124241414979720231561563838121239823982269269060626926915152727202020207979' and expected object '20232023001191193737777788111919757525251231235555001201203939393988881120207878262612112160602023553193198181161616162020225656215215676721821823923966331331828277772020202033575722022068682142142582582023121232324921492118118144441191191212414124241414979720231561563838121239823982269269060626926915152727202020207979' are equal

31-03-2025T12:05:40 - [MESSAGE][PASSED] - Actual object '20232023001191193737777788111919757525251231235555001201203939393988881120207878262612112160602023553193198181161616162020225656215215676721821823923966331331828277772020202033575722022068682142142582582023121232324921492118118144441191191212414124241414979720231561563838121239823982269269060626926915152727202020207979' and expected object '20232023001191193737777788111919757525251231235555001201203939393988881120207878262612112160602023553193198181161616162020225656215215676721821823923966331331828277772020202033575722022068682142142582582023121232324921492118118144441191191212414124241414979720231561563838121239823982269269060626926915152727202020207979' are equal

31-03-2025T12:05:40 - [TEST_STEP][PASSED] - if (verifyEqual(a6, b6) == true): Actual object '20232023000000000000000000000000001201203939393988881120207878262612112160602023663313318282777720202020335757220220686821421425825820232023' and expected object '20232023000000000000000000000000001201203939393988881120207878262612112160602023663313318282777720202020335757220220686821421425825820232023' are equal

31-03-2025T12:05:40 - [MESSAGE][PASSED] - Actual object '20232023000000000000000000000000001201203939393988881120207878262612112160602023663313318282777720202020335757220220686821421425825820232023' and expected object '20232023000000000000000000000000001201203939393988881120207878262612112160602023663313318282777720202020335757220220686821421425825820232023' are equal

31-03-2025T12:05:40 - [TEST_STEP][PASSED] - if (verifyEqual(a7, b7) == true): Actual object '202320232263522635110546110546128021280219475194759099093845038450416214162165176517472774727725652565723972394292342923202342134213455749455749954759547548893488932337423374168261682629194291947110271102198408198408728957289523664823664831028331028320231212186186363650501010191900171785851919828260460410101971973737484810101515441818808019198282608608202355285285727272721818222200505020120161611901902272276633133182827777202020203357572202206868214214258258' and expected object '202320232263522635110546110546128021280219475194759099093845038450416214162165176517472774727725652565723972394292342923202342134213455749455749954759547548893488932337423374168261682629194291947110271102198408198408728957289523664823664831028331028320231212186186363650501010191900171785851919828260460410101971973737484810101515441818808019198282608608202355285285727272721818222200505020120161611901902272276633133182827777202020203357572202206868214214258258' are equal

31-03-2025T12:05:40 - [MESSAGE][PASSED] - Actual object '202320232263522635110546110546128021280219475194759099093845038450416214162165176517472774727725652565723972394292342923202342134213455749455749954759547548893488932337423374168261682629194291947110271102198408198408728957289523664823664831028331028320231212186186363650501010191900171785851919828260460410101971973737484810101515441818808019198282608608202355285285727272721818222200505020120161611901902272276633133182827777202020203357572202206868214214258258' and expected object '202320232263522635110546110546128021280219475194759099093845038450416214162165176517472774727725652565723972394292342923202342134213455749455749954759547548893488932337423374168261682629194291947110271102198408198408728957289523664823664831028331028320231212186186363650501010191900171785851919828260460410101971973737484810101515441818808019198282608608202355285285727272721818222200505020120161611901902272276633133182827777202020203357572202206868214214258258' are equal

31-03-2025T12:05:40 - [TEST_STEP][PASSED] - if (verifyEqual(a8, b8) == true): Actual object '202320234922492271651716516893689333271733271798649864593859387640764067046704592459243088308894099409196041196041202379497949121950121950972797276180396180394222342223121812186662666287328732580965809613426134264463244632183755183755202310101901903636141499141444171780801919828258858810101971973737484810101515441818808019198282608608202355319319818116161616202022565621521567672182182392396633133182827777202020203357572202206868214214258258' and expected object '202320234922492271651716516893689333271733271798649864593859387640764067046704592459243088308894099409196041196041202379497949121950121950972797276180396180394222342223121812186662666287328732580965809613426134264463244632183755183755202310101901903636141499141444171780801919828258858810101971973737484810101515441818808019198282608608202355319319818116161616202022565621521567672182182392396633133182827777202020203357572202206868214214258258' are equal

31-03-2025T12:05:40 - [MESSAGE][PASSED] - Actual object '202320234922492271651716516893689333271733271798649864593859387640764067046704592459243088308894099409196041196041202379497949121950121950972797276180396180394222342223121812186662666287328732580965809613426134264463244632183755183755202310101901903636141499141444171780801919828258858810101971973737484810101515441818808019198282608608202355319319818116161616202022565621521567672182182392396633133182827777202020203357572202206868214214258258' and expected object '202320234922492271651716516893689333271733271798649864593859387640764067046704592459243088308894099409196041196041202379497949121950121950972797276180396180394222342223121812186662666287328732580965809613426134264463244632183755183755202310101901903636141499141444171780801919828258858810101971973737484810101515441818808019198282608608202355319319818116161616202022565621521567672182182392396633133182827777202020203357572202206868214214258258' are equal

31-03-2025T12:05:40 - [TEST_STEP][PASSED] - if (verifyEqual(a9, b9) == true): Actual object '202320232435243516024416024412551125513286993286991135711357950095005111511113242132425962859628433543352431524315223214223214202320231010181181363615159914144416168686191979795865861010197197373748481010151544181880801919828260860820236633133182827777202020203357572202206868214214258258' and expected object '202320232435243516024416024412551125513286993286991135711357950095005111511113242132425962859628433543352431524315223214223214202320231010181181363615159914144416168686191979795865861010197197373748481010151544181880801919828260860820236633133182827777202020203357572202206868214214258258' are equal

31-03-2025T12:05:40 - [MESSAGE][PASSED] - Actual object '202320232435243516024416024412551125513286993286991135711357950095005111511113242132425962859628433543352431524315223214223214202320231010181181363615159914144416168686191979795865861010197197373748481010151544181880801919828260860820236633133182827777202020203357572202206868214214258258' and expected object '202320232435243516024416024412551125513286993286991135711357950095005111511113242132425962859628433543352431524315223214223214202320231010181181363615159914144416168686191979795865861010197197373748481010151544181880801919828260860820236633133182827777202020203357572202206868214214258258' are equal

31-03-2025T12:05:40 - [TEST_STEP][PASSED] - if (verifyEqual(a10, b10) == true): Actual object '20232023000064656465341134112455624556245624561796017960676267624524452413862138625275527511304113041287128720234213421345574945574995475954754889348893233742337416826168262919429194711027110219840819840872895728952366482366483102833102832023001201203838414188101000191977772525122122616100120120393939398888112020787826261211216060202355285285727272721818222200505020120161611901902272276633133182827777202020203357572202206868214214258258' and expected object '20232023000064656465341134112455624556245624561796017960676267624524452413862138625275527511304113041287128720234213421345574945574995475954754889348893233742337416826168262919429194711027110219840819840872895728952366482366483102833102832023001201203838414188101000191977772525122122616100120120393939398888112020787826261211216060202355285285727272721818222200505020120161611901902272276633133182827777202020203357572202206868214214258258' are equal

31-03-2025T12:05:40 - [MESSAGE][PASSED] - Actual object '20232023000064656465341134112455624556245624561796017960676267624524452413862138625275527511304113041287128720234213421345574945574995475954754889348893233742337416826168262919429194711027110219840819840872895728952366482366483102833102832023001201203838414188101000191977772525122122616100120120393939398888112020787826261211216060202355285285727272721818222200505020120161611901902272276633133182827777202020203357572202206868214214258258' and expected object '20232023000064656465341134112455624556245624561796017960676267624524452413862138625275527511304113041287128720234213421345574945574995475954754889348893233742337416826168262919429194711027110219840819840872895728952366482366483102833102832023001201203838414188101000191977772525122122616100120120393939398888112020787826261211216060202355285285727272721818222200505020120161611901902272276633133182827777202020203357572202206868214214258258' are equal

31-03-2025T12:05:40 - [TEST_STEP][PASSED] - if (verifyEqual(a11, b11) == true): Actual object '202320230000147171471711865118653244523244521268312683349434948438432398239829694296945892589217984179845359353593202379497949121950121950972797276180396180394222342223121812186662666287328732580965809613426134264463244632183755183755202300119119373777778811191975752525123123555500120120393939398888112020787826261211216060202355319319818116161616202022565621521567672182182392396633133182827777202020203357572202206868214214258258' and expected object '202320230000147171471711865118653244523244521268312683349434948438432398239829694296945892589217984179845359353593202379497949121950121950972797276180396180394222342223121812186662666287328732580965809613426134264463244632183755183755202300119119373777778811191975752525123123555500120120393939398888112020787826261211216060202355319319818116161616202022565621521567672182182392396633133182827777202020203357572202206868214214258258' are equal

31-03-2025T12:05:40 - [MESSAGE][PASSED] - Actual object '202320230000147171471711865118653244523244521268312683349434948438432398239829694296945892589217984179845359353593202379497949121950121950972797276180396180394222342223121812186662666287328732580965809613426134264463244632183755183755202300119119373777778811191975752525123123555500120120393939398888112020787826261211216060202355319319818116161616202022565621521567672182182392396633133182827777202020203357572202206868214214258258' and expected object '202320230000147171471711865118653244523244521268312683349434948438432398239829694296945892589217984179845359353593202379497949121950121950972797276180396180394222342223121812186662666287328732580965809613426134264463244632183755183755202300119119373777778811191975752525123123555500120120393939398888112020787826261211216060202355319319818116161616202022565621521567672182182392396633133182827777202020203357572202206868214214258258' are equal

31-03-2025T12:05:40 - [TEST_STEP][PASSED] - if (verifyEqual(a12, b12) == true): Actual object '20232023000012032261203226386554386554390378390378829178291782595825957931793119706619706678310278310225579525579512121971212197604149604149202320230000000000000000000000000012012039393939888811202078782626121121606020236633133182827777202020203357572202206868214214258258' and expected object '20232023000012032261203226386554386554390378390378829178291782595825957931793119706619706678310278310225579525579512121971212197604149604149202320230000000000000000000000000012012039393939888811202078782626121121606020236633133182827777202020203357572202206868214214258258' are equal

31-03-2025T12:05:40 - [MESSAGE][PASSED] - Actual object '20232023000012032261203226386554386554390378390378829178291782595825957931793119706619706678310278310225579525579512121971212197604149604149202320230000000000000000000000000012012039393939888811202078782626121121606020236633133182827777202020203357572202206868214214258258' and expected object '20232023000012032261203226386554386554390378390378829178291782595825957931793119706619706678310278310225579525579512121971212197604149604149202320230000000000000000000000000012012039393939888811202078782626121121606020236633133182827777202020203357572202206868214214258258' are equal

31-03-2025T12:05:40 - [TEST_STEP][PASSED] - closeBrowser(): Browser is closed

31-03-2025T12:05:41 - [MESSAGE][PASSED] - Browser is closed]]></system-out>
         <system-err><![CDATA[]]></system-err>
      </testcase>
      <testcase name="Test Cases/Сверки дашбордов/Факторный анализ сверка дашбордов" time="122.033" classname="Test Cases/Сверки дашбордов/Факторный анализ сверка дашбордов" status="FAILED">
         <failure type="FAILED" message="Test Cases/Сверки дашбордов/Факторный анализ сверка дашбордов FAILED.&#xa;Reason:&#xa;com.kms.katalon.core.exception.StepFailedException: Unable to get text of object 'Object Repository/Факторный анализ/Отклонения выручки по факторам Выручка' (Root cause: com.kms.katalon.core.exception.StepFailedException: Unable to get text of object 'Object Repository/Факторный анализ/Отклонения выручки по факторам Выручка'&#xa;	at com.kms.katalon.core.webui.keyword.internal.WebUIKeywordMain.stepFailed(WebUIKeywordMain.groovy:64)&#xa;	at com.kms.katalon.core.webui.keyword.internal.WebUIKeywordMain.runKeyword(WebUIKeywordMain.groovy:26)&#xa;	at com.kms.katalon.core.webui.keyword.builtin.GetTextKeyword.getText(GetTextKeyword.groovy:88)&#xa;	at com.kms.katalon.core.webui.keyword.builtin.GetTextKeyword.execute(GetTextKeyword.groovy:67)&#xa;	at com.kms.katalon.core.keyword.internal.KeywordExecutor.executeKeywordForPlatform(KeywordExecutor.groovy:74)&#xa;	at com.kms.katalon.core.webui.keyword.WebUiBuiltInKeywords.getText(WebUiBuiltInKeywords.groovy:957)&#xa;	at Факторный анализ сверка дашбордов.Test(Факторный анализ сверка дашбордов:365)&#xa;	at Факторный анализ сверка дашбордов.run(Факторный анализ сверка дашбордов:44)&#xa;	at com.kms.katalon.core.main.ScriptEngine.run(ScriptEngine.java:194)&#xa;	at com.kms.katalon.core.main.ScriptEngine.runScriptAsRawText(ScriptEngine.java:119)&#xa;	at com.kms.katalon.core.main.TestCaseExecutor.runScript(TestCaseExecutor.java:448)&#xa;	at com.kms.katalon.core.main.TestCaseExecutor.doExecute(TestCaseExecutor.java:439)&#xa;	at com.kms.katalon.core.main.TestCaseExecutor.processExecutionPhase(TestCaseExecutor.java:418)&#xa;	at com.kms.katalon.core.main.TestCaseExecutor.accessMainPhase(TestCaseExecutor.java:410)&#xa;	at com.kms.katalon.core.main.TestCaseExecutor.execute(TestCaseExecutor.java:285)&#xa;	at com.kms.katalon.core.common.CommonExecutor.accessTestCaseMainPhase(CommonExecutor.java:65)&#xa;	at com.kms.katalon.core.main.TestSuiteExecutor.accessTestSuiteMainPhase(TestSuiteExecutor.java:150)&#xa;	at com.kms.katalon.core.main.TestSuiteExecutor.execute(TestSuiteExecutor.java:106)&#xa;	at com.kms.katalon.core.main.TestCaseMain.startTestSuite(TestCaseMain.java:180)&#xa;	at TempTestSuite1743404878601.run(TempTestSuite1743404878601.groovy:35)&#xa;	at java.base/jdk.internal.reflect.NativeMethodAccessorImpl.invoke0(Native Method)&#xa;	at java.base/jdk.internal.reflect.NativeMethodAccessorImpl.invoke(NativeMethodAccessorImpl.java:77)&#xa;	at java.base/jdk.internal.reflect.DelegatingMethodAccessorImpl.invoke(DelegatingMethodAccessorImpl.java:43)&#xa;Caused by: com.kms.katalon.core.webui.exception.WebElementNotFoundException: Web element with id: 'Object Repository/Факторный анализ/Отклонения выручки по факторам Выручка' located by '(.//*[normalize-space(text()) and normalize-space(.)='В начало'])[20]/following::*[name()='svg'][1]' not found&#xa;	at com.kms.katalon.core.webui.common.WebUiCommonHelper.findWebElement(WebUiCommonHelper.java:1426)&#xa;	at com.kms.katalon.core.webui.keyword.internal.WebUIAbstractKeyword.findWebElement(WebUIAbstractKeyword.groovy:27)&#xa;	at com.kms.katalon.core.webui.keyword.internal.WebUIAbstractKeyword.findWebElement(WebUIAbstractKeyword.groovy:26)&#xa;	at com.kms.katalon.core.webui.keyword.builtin.GetTextKeyword$_getText_closure1.doCall(GetTextKeyword.groovy:78)&#xa;	at com.kms.katalon.core.webui.keyword.builtin.GetTextKeyword$_getText_closure1.call(GetTextKeyword.groovy)&#xa;	at com.kms.katalon.core.webui.keyword.internal.WebUIKeywordMain.runKeyword(WebUIKeywordMain.groovy:20)&#xa;	at com.kms.katalon.core.webui.keyword.builtin.GetTextKeyword.getText(GetTextKeyword.groovy:88)&#xa;	at com.kms.katalon.core.webui.keyword.builtin.GetTextKeyword.execute(GetTextKeyword.groovy:67)&#xa;	at com.kms.katalon.core.keyword.internal.KeywordExecutor.executeKeywordForPlatform(KeywordExecutor.groovy:74)&#xa;	at com.kms.katalon.core.webui.keyword.WebUiBuiltInKeywords.getText(WebUiBuiltInKeywords.groovy:957)&#xa;	at Script1719551244403.Test(Script1719551244403.groovy:365)&#xa;	at Script1719551244403.run(Script1719551244403.groovy:44)&#xa;	... 15 more&#xa;)&#xa;	at com.kms.katalon.core.keyword.internal.KeywordMain.stepFailed(KeywordMain.groovy:39)&#xa;	at com.kms.katalon.core.webui.keyword.internal.WebUIKeywordMain.stepFailed(WebUIKeywordMain.groovy:64)&#xa;	at com.kms.katalon.core.webui.keyword.internal.WebUIKeywordMain.runKeyword(WebUIKeywordMain.groovy:26)&#xa;	at com.kms.katalon.core.webui.keyword.builtin.GetTextKeyword.getText(GetTextKeyword.groovy:88)&#xa;	at com.kms.katalon.core.webui.keyword.builtin.GetTextKeyword.execute(GetTextKeyword.groovy:67)&#xa;	at com.kms.katalon.core.keyword.internal.KeywordExecutor.executeKeywordForPlatform(KeywordExecutor.groovy:74)&#xa;	at com.kms.katalon.core.webui.keyword.WebUiBuiltInKeywords.getText(WebUiBuiltInKeywords.groovy:957)&#xa;	at Факторный анализ сверка дашбордов.Test(Факторный анализ сверка дашбордов:365)&#xa;	at Факторный анализ сверка дашбордов.run(Факторный анализ сверка дашбордов:44)&#xa;	at com.kms.katalon.core.main.ScriptEngine.run(ScriptEngine.java:194)&#xa;	at com.kms.katalon.core.main.ScriptEngine.runScriptAsRawText(ScriptEngine.java:119)&#xa;	at com.kms.katalon.core.main.TestCaseExecutor.runScript(TestCaseExecutor.java:448)&#xa;	at com.kms.katalon.core.main.TestCaseExecutor.doExecute(TestCaseExecutor.java:439)&#xa;	at com.kms.katalon.core.main.TestCaseExecutor.processExecutionPhase(TestCaseExecutor.java:418)&#xa;	at com.kms.katalon.core.main.TestCaseExecutor.accessMainPhase(TestCaseExecutor.java:410)&#xa;	at com.kms.katalon.core.main.TestCaseExecutor.execute(TestCaseExecutor.java:285)&#xa;	at com.kms.katalon.core.common.CommonExecutor.accessTestCaseMainPhase(CommonExecutor.java:65)&#xa;	at com.kms.katalon.core.main.TestSuiteExecutor.accessTestSuiteMainPhase(TestSuiteExecutor.java:150)&#xa;	at com.kms.katalon.core.main.TestSuiteExecutor.execute(TestSuiteExecutor.java:106)&#xa;	at com.kms.katalon.core.main.TestCaseMain.startTestSuite(TestCaseMain.java:180)&#xa;	at TempTestSuite1743404878601.run(TempTestSuite1743404878601.groovy:35)&#xa;	at java.base/jdk.internal.reflect.NativeMethodAccessorImpl.invoke0(Native Method)&#xa;	at java.base/jdk.internal.reflect.NativeMethodAccessorImpl.invoke(NativeMethodAccessorImpl.java:77)&#xa;	at java.base/jdk.internal.reflect.DelegatingMethodAccessorImpl.invoke(DelegatingMethodAccessorImpl.java:43)&#xa;Caused by: com.kms.katalon.core.exception.StepFailedException: Unable to get text of object 'Object Repository/Факторный анализ/Отклонения выручки по факторам Выручка'&#xa;	... 23 more&#xa;Caused by: com.kms.katalon.core.webui.exception.WebElementNotFoundException: Web element with id: 'Object Repository/Факторный анализ/Отклонения выручки по факторам Выручка' located by '(.//*[normalize-space(text()) and normalize-space(.)='В начало'])[20]/following::*[name()='svg'][1]' not found&#xa;	at com.kms.katalon.core.webui.common.WebUiCommonHelper.findWebElement(WebUiCommonHelper.java:1426)&#xa;	at com.kms.katalon.core.webui.keyword.internal.WebUIAbstractKeyword.findWebElement(WebUIAbstractKeyword.groovy:27)&#xa;	at com.kms.katalon.core.webui.keyword.internal.WebUIAbstractKeyword.findWebElement(WebUIAbstractKeyword.groovy:26)&#xa;	at com.kms.katalon.core.webui.keyword.builtin.GetTextKeyword$_getText_closure1.doCall(GetTextKeyword.groovy:78)&#xa;	at com.kms.katalon.core.webui.keyword.builtin.GetTextKeyword$_getText_closure1.call(GetTextKeyword.groovy)&#xa;	at com.kms.katalon.core.webui.keyword.internal.WebUIKeywordMain.runKeyword(WebUIKeywordMain.groovy:20)&#xa;	... 21 more&#xa;"/>
         <system-out><![CDATA[31-03-2025T12:05:41 - [TEST_CASE][FAILED] - Test Cases/Сверки дашбордов/Факторный анализ сверка дашбордов: Test Cases/Сверки дашбордов/Факторный анализ сверка дашбордов FAILED.
Reason:
com.kms.katalon.core.exception.StepFailedException: Unable to get text of object 'Object Repository/Факторный анализ/Отклонения выручки по факторам Выручка' (Root cause: com.kms.katalon.core.exception.StepFailedException: Unable to get text of object 'Object Repository/Факторный анализ/Отклонения выручки по факторам Выручка'
	at com.kms.katalon.core.webui.keyword.internal.WebUIKeywordMain.stepFailed(WebUIKeywordMain.groovy:64)
	at com.kms.katalon.core.webui.keyword.internal.WebUIKeywordMain.runKeyword(WebUIKeywordMain.groovy:26)
	at com.kms.katalon.core.webui.keyword.builtin.GetTextKeyword.getText(GetTextKeyword.groovy:88)
	at com.kms.katalon.core.webui.keyword.builtin.GetTextKeyword.execute(GetTextKeyword.groovy:67)
	at com.kms.katalon.core.keyword.internal.KeywordExecutor.executeKeywordForPlatform(KeywordExecutor.groovy:74)
	at com.kms.katalon.core.webui.keyword.WebUiBuiltInKeywords.getText(WebUiBuiltInKeywords.groovy:957)
	at Факторный анализ сверка дашбордов.Test(Факторный анализ сверка дашбордов:365)
	at Факторный анализ сверка дашбордов.run(Факторный анализ сверка дашбордов:44)
	at com.kms.katalon.core.main.ScriptEngine.run(ScriptEngine.java:194)
	at com.kms.katalon.core.main.ScriptEngine.runScriptAsRawText(ScriptEngine.java:119)
	at com.kms.katalon.core.main.TestCaseExecutor.runScript(TestCaseExecutor.java:448)
	at com.kms.katalon.core.main.TestCaseExecutor.doExecute(TestCaseExecutor.java:439)
	at com.kms.katalon.core.main.TestCaseExecutor.processExecutionPhase(TestCaseExecutor.java:418)
	at com.kms.katalon.core.main.TestCaseExecutor.accessMainPhase(TestCaseExecutor.java:410)
	at com.kms.katalon.core.main.TestCaseExecutor.execute(TestCaseExecutor.java:285)
	at com.kms.katalon.core.common.CommonExecutor.accessTestCaseMainPhase(CommonExecutor.java:65)
	at com.kms.katalon.core.main.TestSuiteExecutor.accessTestSuiteMainPhase(TestSuiteExecutor.java:150)
	at com.kms.katalon.core.main.TestSuiteExecutor.execute(TestSuiteExecutor.java:106)
	at com.kms.katalon.core.main.TestCaseMain.startTestSuite(TestCaseMain.java:180)
	at TempTestSuite1743404878601.run(TempTestSuite1743404878601.groovy:35)
	at java.base/jdk.internal.reflect.NativeMethodAccessorImpl.invoke0(Native Method)
	at java.base/jdk.internal.reflect.NativeMethodAccessorImpl.invoke(NativeMethodAccessorImpl.java:77)
	at java.base/jdk.internal.reflect.DelegatingMethodAccessorImpl.invoke(DelegatingMethodAccessorImpl.java:43)
Caused by: com.kms.katalon.core.webui.exception.WebElementNotFoundException: Web element with id: 'Object Repository/Факторный анализ/Отклонения выручки по факторам Выручка' located by '(.//*[normalize-space(text()) and normalize-space(.)='В начало'])[20]/following::*[name()='svg'][1]' not found
	at com.kms.katalon.core.webui.common.WebUiCommonHelper.findWebElement(WebUiCommonHelper.java:1426)
	at com.kms.katalon.core.webui.keyword.internal.WebUIAbstractKeyword.findWebElement(WebUIAbstractKeyword.groovy:27)
	at com.kms.katalon.core.webui.keyword.internal.WebUIAbstractKeyword.findWebElement(WebUIAbstractKeyword.groovy:26)
	at com.kms.katalon.core.webui.keyword.builtin.GetTextKeyword$_getText_closure1.doCall(GetTextKeyword.groovy:78)
	at com.kms.katalon.core.webui.keyword.builtin.GetTextKeyword$_getText_closure1.call(GetTextKeyword.groovy)
	at com.kms.katalon.core.webui.keyword.internal.WebUIKeywordMain.runKeyword(WebUIKeywordMain.groovy:20)
	at com.kms.katalon.core.webui.keyword.builtin.GetTextKeyword.getText(GetTextKeyword.groovy:88)
	at com.kms.katalon.core.webui.keyword.builtin.GetTextKeyword.execute(GetTextKeyword.groovy:67)
	at com.kms.katalon.core.keyword.internal.KeywordExecutor.executeKeywordForPlatform(KeywordExecutor.groovy:74)
	at com.kms.katalon.core.webui.keyword.WebUiBuiltInKeywords.getText(WebUiBuiltInKeywords.groovy:957)
	at Script1719551244403.Test(Script1719551244403.groovy:365)
	at Script1719551244403.run(Script1719551244403.groovy:44)
	... 15 more
)
	at com.kms.katalon.core.keyword.internal.KeywordMain.stepFailed(KeywordMain.groovy:39)
	at com.kms.katalon.core.webui.keyword.internal.WebUIKeywordMain.stepFailed(WebUIKeywordMain.groovy:64)
	at com.kms.katalon.core.webui.keyword.internal.WebUIKeywordMain.runKeyword(WebUIKeywordMain.groovy:26)
	at com.kms.katalon.core.webui.keyword.builtin.GetTextKeyword.getText(GetTextKeyword.groovy:88)
	at com.kms.katalon.core.webui.keyword.builtin.GetTextKeyword.execute(GetTextKeyword.groovy:67)
	at com.kms.katalon.core.keyword.internal.KeywordExecutor.executeKeywordForPlatform(KeywordExecutor.groovy:74)
	at com.kms.katalon.core.webui.keyword.WebUiBuiltInKeywords.getText(WebUiBuiltInKeywords.groovy:957)
	at Факторный анализ сверка дашбордов.Test(Факторный анализ сверка дашбордов:365)
	at Факторный анализ сверка дашбордов.run(Факторный анализ сверка дашбордов:44)
	at com.kms.katalon.core.main.ScriptEngine.run(ScriptEngine.java:194)
	at com.kms.katalon.core.main.ScriptEngine.runScriptAsRawText(ScriptEngine.java:119)
	at com.kms.katalon.core.main.TestCaseExecutor.runScript(TestCaseExecutor.java:448)
	at com.kms.katalon.core.main.TestCaseExecutor.doExecute(TestCaseExecutor.java:439)
	at com.kms.katalon.core.main.TestCaseExecutor.processExecutionPhase(TestCaseExecutor.java:418)
	at com.kms.katalon.core.main.TestCaseExecutor.accessMainPhase(TestCaseExecutor.java:410)
	at com.kms.katalon.core.main.TestCaseExecutor.execute(TestCaseExecutor.java:285)
	at com.kms.katalon.core.common.CommonExecutor.accessTestCaseMainPhase(CommonExecutor.java:65)
	at com.kms.katalon.core.main.TestSuiteExecutor.accessTestSuiteMainPhase(TestSuiteExecutor.java:150)
	at com.kms.katalon.core.main.TestSuiteExecutor.execute(TestSuiteExecutor.java:106)
	at com.kms.katalon.core.main.TestCaseMain.startTestSuite(TestCaseMain.java:180)
	at TempTestSuite1743404878601.run(TempTestSuite1743404878601.groovy:35)
	at java.base/jdk.internal.reflect.NativeMethodAccessorImpl.invoke0(Native Method)
	at java.base/jdk.internal.reflect.NativeMethodAccessorImpl.invoke(NativeMethodAccessorImpl.java:77)
	at java.base/jdk.internal.reflect.DelegatingMethodAccessorImpl.invoke(DelegatingMethodAccessorImpl.java:43)
Caused by: com.kms.katalon.core.exception.StepFailedException: Unable to get text of object 'Object Repository/Факторный анализ/Отклонения выручки по факторам Выручка'
	... 23 more
Caused by: com.kms.katalon.core.webui.exception.WebElementNotFoundException: Web element with id: 'Object Repository/Факторный анализ/Отклонения выручки по факторам Выручка' located by '(.//*[normalize-space(text()) and normalize-space(.)='В начало'])[20]/following::*[name()='svg'][1]' not found
	at com.kms.katalon.core.webui.common.WebUiCommonHelper.findWebElement(WebUiCommonHelper.java:1426)
	at com.kms.katalon.core.webui.keyword.internal.WebUIAbstractKeyword.findWebElement(WebUIAbstractKeyword.groovy:27)
	at com.kms.katalon.core.webui.keyword.internal.WebUIAbstractKeyword.findWebElement(WebUIAbstractKeyword.groovy:26)
	at com.kms.katalon.core.webui.keyword.builtin.GetTextKeyword$_getText_closure1.doCall(GetTextKeyword.groovy:78)
	at com.kms.katalon.core.webui.keyword.builtin.GetTextKeyword$_getText_closure1.call(GetTextKeyword.groovy)
	at com.kms.katalon.core.webui.keyword.internal.WebUIKeywordMain.runKeyword(WebUIKeywordMain.groovy:20)
	... 21 more


31-03-2025T12:05:41 - [TEST_STEP][PASSED] - date = new java.util.Date(): null

31-03-2025T12:05:41 - [TEST_STEP][PASSED] - todaysDate = date.format("dd.MM.yyyy"): null

31-03-2025T12:05:41 - [TEST_STEP][PASSED] - typeOfData = <not implemented yet for class: org.codehaus.groovy.ast.expr.EmptyExpression>: null

31-03-2025T12:05:41 - [TEST_STEP][PASSED] - otobrajeniyeDannyh = <not implemented yet for class: org.codehaus.groovy.ast.expr.EmptyExpression>: null

31-03-2025T12:05:41 - [TEST_STEP][PASSED] - println(todaysDate): null

31-03-2025T12:05:41 - [TEST_STEP][PASSED] - vidget = <not implemented yet for class: org.codehaus.groovy.ast.expr.EmptyExpression>: null

31-03-2025T12:05:41 - [TEST_STEP][PASSED] - x = <not implemented yet for class: org.codehaus.groovy.ast.expr.EmptyExpression>: null

31-03-2025T12:05:41 - [TEST_STEP][PASSED] - y = <not implemented yet for class: org.codehaus.groovy.ast.expr.EmptyExpression>: null

31-03-2025T12:05:41 - [TEST_STEP][PASSED] - DZO = <not implemented yet for class: org.codehaus.groovy.ast.expr.EmptyExpression>: null

31-03-2025T12:05:41 - [TEST_STEP][PASSED] - openBrowser(""): Browser is opened with url: ''

31-03-2025T12:05:41 - [MESSAGE][INFO] - Starting 'Chrome' driver

31-03-2025T12:05:41 - [MESSAGE][INFO] - Action delay is set to 0 milliseconds

31-03-2025T12:05:42 - [MESSAGE][PASSED] - Browser is opened with url: ''

31-03-2025T12:05:42 - [TEST_STEP][PASSED] - run = 1: null

31-03-2025T12:05:42 - [TEST_STEP][PASSED] - for ([run = 1, run < 3, (run++)]): null

31-03-2025T12:05:42 - [TEST_STEP][PASSED] - Script1719551244403.Test(run, todaysDate, typeOfData, otobrajeniyeDannyh, x, y, vidget, DZO): null

31-03-2025T12:05:42 - [TEST_STEP][PASSED] - navigateToUrl(findTestData("PlanFact").getValue(10, 3)): Navigate to 'https://bi.rosseti.digital/viewer?dashboardGuid=2301950b23be4ed89c1df75f2020051e&sheetGuid=ccd7d7486b3d4e6fa0ee9b1eaebed46c&fit=true' successfully

31-03-2025T12:05:46 - [MESSAGE][PASSED] - Navigate to 'https://bi.rosseti.digital/viewer?dashboardGuid=2301950b23be4ed89c1df75f2020051e&sheetGuid=ccd7d7486b3d4e6fa0ee9b1eaebed46c&fit=true' successfully

31-03-2025T12:05:46 - [TEST_STEP][PASSED] - Script1719551244403.Autorization(run): null

31-03-2025T12:05:46 - [TEST_STEP][PASSED] - delay(10): Delayed 10 second(s)

31-03-2025T12:05:56 - [MESSAGE][PASSED] - Delayed 10 second(s)

31-03-2025T12:05:56 - [TEST_STEP][PASSED] - if (run == 1): Delayed 10 second(s)

31-03-2025T12:05:56 - [TEST_STEP][PASSED] - setText(findTestObject("Страница авторизации/input__username"), findTestData("PlanFact").getValue(8, 1)): Text 'liazgina-di' is set on object 'Object Repository/Страница авторизации/input__username'

31-03-2025T12:05:57 - [MESSAGE][PASSED] - Text 'liazgina-di' is set on object 'Object Repository/Страница авторизации/input__username'

31-03-2025T12:05:57 - [TEST_STEP][PASSED] - setText(findTestObject("Страница авторизации/input__password"), findTestData("PlanFact").getValue(9, 1)): Text ')$%5srZ8o688Dm#q' is set on object 'Object Repository/Страница авторизации/input__password'

31-03-2025T12:05:58 - [MESSAGE][PASSED] - Text ')$%5srZ8o688Dm#q' is set on object 'Object Repository/Страница авторизации/input__password'

31-03-2025T12:05:58 - [TEST_STEP][PASSED] - click(findTestObject("Страница авторизации/button_")): Object: 'Object Repository/Страница авторизации/button_' is clicked on

31-03-2025T12:05:59 - [MESSAGE][PASSED] - Object: 'Object Repository/Страница авторизации/button_' is clicked on

31-03-2025T12:05:59 - [TEST_STEP][PASSED] - delay(10): Delayed 10 second(s)

31-03-2025T12:06:09 - [MESSAGE][PASSED] - Delayed 10 second(s)

31-03-2025T12:06:09 - [TEST_STEP][PASSED] - i = <not implemented yet for class: org.codehaus.groovy.ast.expr.EmptyExpression>: null

31-03-2025T12:06:09 - [TEST_STEP][PASSED] - ii = <not implemented yet for class: org.codehaus.groovy.ast.expr.EmptyExpression>: null

31-03-2025T12:06:09 - [TEST_STEP][PASSED] - a = <not implemented yet for class: org.codehaus.groovy.ast.expr.EmptyExpression>: null

31-03-2025T12:06:09 - [TEST_STEP][PASSED] - a1 = <not implemented yet for class: org.codehaus.groovy.ast.expr.EmptyExpression>: null

31-03-2025T12:06:09 - [TEST_STEP][PASSED] - a2 = <not implemented yet for class: org.codehaus.groovy.ast.expr.EmptyExpression>: null

31-03-2025T12:06:09 - [TEST_STEP][PASSED] - click(findTestObject("Факторный анализ/Фильтр Период")): Object: 'Object Repository/Факторный анализ/Фильтр Период' is clicked on

31-03-2025T12:06:18 - [MESSAGE][PASSED] - Object: 'Object Repository/Факторный анализ/Фильтр Период' is clicked on

31-03-2025T12:06:18 - [TEST_STEP][PASSED] - click(findTestObject("Факторный анализ/Снять выделение в фильтре Дата")): Object: 'Object Repository/Факторный анализ/Снять выделение в фильтре Дата' is clicked on

31-03-2025T12:06:19 - [MESSAGE][PASSED] - Object: 'Object Repository/Факторный анализ/Снять выделение в фильтре Дата' is clicked on

31-03-2025T12:06:19 - [TEST_STEP][PASSED] - click(findTestObject("Факторный анализ/Применить в фильтре Дата")): Object: 'Object Repository/Факторный анализ/Применить в фильтре Дата' is clicked on

31-03-2025T12:06:20 - [MESSAGE][PASSED] - Object: 'Object Repository/Факторный анализ/Применить в фильтре Дата' is clicked on

31-03-2025T12:06:20 - [TEST_STEP][PASSED] - delay(10): Delayed 10 second(s)

31-03-2025T12:06:30 - [MESSAGE][PASSED] - Delayed 10 second(s)

31-03-2025T12:06:30 - [TEST_STEP][PASSED] - click(findTestObject("Факторный анализ/Фильтр Период")): Object: 'Object Repository/Факторный анализ/Фильтр Период' is clicked on

31-03-2025T12:06:30 - [MESSAGE][PASSED] - Object: 'Object Repository/Факторный анализ/Фильтр Период' is clicked on

31-03-2025T12:06:30 - [TEST_STEP][PASSED] - click(findTestObject("Факторный анализ/Снять выделение в фильтре Дата")): Object: 'Object Repository/Факторный анализ/Снять выделение в фильтре Дата' is clicked on

31-03-2025T12:06:31 - [MESSAGE][PASSED] - Object: 'Object Repository/Факторный анализ/Снять выделение в фильтре Дата' is clicked on

31-03-2025T12:06:31 - [TEST_STEP][PASSED] - scrollToElement(findTestObject("Факторный анализ/2025 список"), 30): Scroll to object 'Object Repository/Факторный анализ/2025 список' successfully

31-03-2025T12:06:31 - [MESSAGE][PASSED] - Scroll to object 'Object Repository/Факторный анализ/2025 список' successfully

31-03-2025T12:06:31 - [TEST_STEP][PASSED] - click(findTestObject("Факторный анализ/2025 список")): Object: 'Object Repository/Факторный анализ/2025 список' is clicked on

31-03-2025T12:06:31 - [MESSAGE][PASSED] - Object: 'Object Repository/Факторный анализ/2025 список' is clicked on

31-03-2025T12:06:31 - [TEST_STEP][PASSED] - scrollToElement(findTestObject("Факторный анализ/1 квартал 2025 список"), 30): Scroll to object 'Object Repository/Факторный анализ/1 квартал 2025 список' successfully

31-03-2025T12:06:32 - [MESSAGE][PASSED] - Scroll to object 'Object Repository/Факторный анализ/1 квартал 2025 список' successfully

31-03-2025T12:06:32 - [TEST_STEP][PASSED] - click(findTestObject("Факторный анализ/1 квартал 2025 список"), CONTINUE_ON_FAILURE): Object: 'Object Repository/Факторный анализ/1 квартал 2025 список' is clicked on

31-03-2025T12:06:32 - [MESSAGE][PASSED] - Object: 'Object Repository/Факторный анализ/1 квартал 2025 список' is clicked on

31-03-2025T12:06:32 - [TEST_STEP][PASSED] - scrollToElement(findTestObject("Факторный анализ/Январь 2025"), 30): Scroll to object 'Object Repository/Факторный анализ/Январь 2025' successfully

31-03-2025T12:06:33 - [MESSAGE][PASSED] - Scroll to object 'Object Repository/Факторный анализ/Январь 2025' successfully

31-03-2025T12:06:33 - [TEST_STEP][PASSED] - click(findTestObject("Факторный анализ/Январь 2025"), CONTINUE_ON_FAILURE): Object: 'Object Repository/Факторный анализ/Январь 2025' is clicked on

31-03-2025T12:06:33 - [MESSAGE][PASSED] - Object: 'Object Repository/Факторный анализ/Январь 2025' is clicked on

31-03-2025T12:06:33 - [TEST_STEP][PASSED] - scrollToElement(findTestObject("Факторный анализ/Февраль 2025"), 30): Scroll to object 'Object Repository/Факторный анализ/Февраль 2025' successfully

31-03-2025T12:06:33 - [MESSAGE][PASSED] - Scroll to object 'Object Repository/Факторный анализ/Февраль 2025' successfully

31-03-2025T12:06:33 - [TEST_STEP][PASSED] - click(findTestObject("Факторный анализ/Февраль 2025"), CONTINUE_ON_FAILURE): Object: 'Object Repository/Факторный анализ/Февраль 2025' is clicked on

31-03-2025T12:06:34 - [MESSAGE][PASSED] - Object: 'Object Repository/Факторный анализ/Февраль 2025' is clicked on

31-03-2025T12:06:34 - [TEST_STEP][PASSED] - scrollToElement(findTestObject("Факторный анализ/Заголовок дашборда"), 30): Scroll to object 'Object Repository/Факторный анализ/Заголовок дашборда' successfully

31-03-2025T12:06:34 - [MESSAGE][PASSED] - Scroll to object 'Object Repository/Факторный анализ/Заголовок дашборда' successfully

31-03-2025T12:06:34 - [TEST_STEP][PASSED] - click(findTestObject("Факторный анализ/Применить в фильтре Дата")): Object: 'Object Repository/Факторный анализ/Применить в фильтре Дата' is clicked on

31-03-2025T12:06:35 - [MESSAGE][PASSED] - Object: 'Object Repository/Факторный анализ/Применить в фильтре Дата' is clicked on

31-03-2025T12:06:35 - [TEST_STEP][PASSED] - if (run == 1): null

31-03-2025T12:06:35 - [TEST_STEP][PASSED] - a = getText(findTestObject("Факторный анализ/Отклонения выручки по факторам Блок руководителя")): Text of object 'Object Repository/Факторный анализ/Отклонения выручки по факторам Блок руководителя' is: '-34 614-34 614
1 0161 016
Отклонение (объём услуг)
Отклонение (средний тариф)
ПАО Россети'

31-03-2025T12:06:36 - [MESSAGE][PASSED] - Text of object 'Object Repository/Факторный анализ/Отклонения выручки по факторам Блок руководителя' is: '-34 614-34 614
1 0161 016
Отклонение (объём услуг)
Отклонение (средний тариф)
ПАО Россети'

31-03-2025T12:06:36 - [TEST_STEP][PASSED] - a = a.replaceAll("[\r?
|
]", "/"): null

31-03-2025T12:06:36 - [TEST_STEP][PASSED] - i = a.indexOf("Отклонение"): null

31-03-2025T12:06:36 - [TEST_STEP][PASSED] - if (i > -1): null

31-03-2025T12:06:36 - [TEST_STEP][PASSED] - i = i: null

31-03-2025T12:06:36 - [TEST_STEP][PASSED] - a = substring(0, i).trim(): null

31-03-2025T12:06:36 - [TEST_STEP][PASSED] - println("a: " + a): null

31-03-2025T12:06:36 - [TEST_STEP][PASSED] - i = a.indexOf("/"): null

31-03-2025T12:06:36 - [TEST_STEP][PASSED] - if (i > -1): null

31-03-2025T12:06:36 - [TEST_STEP][PASSED] - a1 = a.substring(0, i): null

31-03-2025T12:06:36 - [TEST_STEP][PASSED] - println("a1: " + a1): null

31-03-2025T12:06:36 - [TEST_STEP][PASSED] - a2 = a.substring(a1.length() + 1, a.length()): null

31-03-2025T12:06:36 - [TEST_STEP][PASSED] - println("a2: " + a2): null

31-03-2025T12:06:36 - [TEST_STEP][PASSED] - i = a1.length() / 2: null

31-03-2025T12:06:36 - [TEST_STEP][PASSED] - if (i > -1): null

31-03-2025T12:06:36 - [TEST_STEP][PASSED] - a1 = replaceAll("\s+", "").trim(): null

31-03-2025T12:06:36 - [TEST_STEP][PASSED] - println("a1: " + a1): null

31-03-2025T12:06:36 - [TEST_STEP][PASSED] - i = a2.length() / 2: null

31-03-2025T12:06:36 - [TEST_STEP][PASSED] - if (i > -1): null

31-03-2025T12:06:36 - [TEST_STEP][PASSED] - a2 = replaceAll("\s+", "").trim(): null

31-03-2025T12:06:36 - [TEST_STEP][PASSED] - println("a2: " + a2): null

31-03-2025T12:06:36 - [TEST_STEP][PASSED] - tableA = getText(findTestObject("Факторный анализ/AllTable1")).replaceAll("[\r?
|
]", "/"): Text of object 'Object Repository/Факторный анализ/AllTable1' is: 'ДЗО
Филиал
Отклонение (объём услуг)
Отклонение (средний тариф)
АО "РЭС" АО "РЭС" - 166 -3
АО «Тываэнерго» АО "Тываэнерго" 14 13
АО «Чеченэнерго» АО «Чеченэнерго» -34 -42
Россети Волга Мордовэнерго - 158 -6
Оренбургэнерго - 115 -31
Пензаэнерго -18 -5
Самарские РС - 184 291
Саратовские РС -52 -90
Ульяновские РС 74 1
Чувашэнерго -4 28
Россети Кубань Кубаньэнерго 32 520
Россети Ленэнерго (ГК) Ленинградская область - 345 367
г. Санкт-Петербург - 293 28
Россети Московский регион Московская область -1 445 173
г. Москва - 232 152
Россети Северный Кавказ (ГК) Дагэнерго - 396 -40
Ингушэнерго -73 46
Каббалкэнерго 49 -2
Карачаево-Черкесскэнерго 7 - 221
Севкавказэнерго - 220 -22
Ставропольэнерго 10 58
Россети Северо-Запад Архангельский филиал -63 45
Вологодский филиал -23 35
Карельский филиал -62 -30
Мурманский филиал 12 -47
Новгородский филиал -45 13
Псковский филиал -45 33
филиал в Республике Коми -89 35
Россети Сибирь (ГК) Алтайэнерго 86 34
Бурятэнерго 52 -7
ГАЭС 19 4
Красноярскэнерго 230 44
Кузбассэнерго-РЭС 0 360
Омскэнерго 29 -34
Хакасэнерго -7 -33
Читаэнерго 0 71
Россети Томск Томская распределительная компания -71 24
Россети Тюмень Россети Тюмень -1 627 - 231
Россети Урал (ГК) Пермэнерго - 303 12
Свердловэнерго - 169 -5
Челябэнерго - 198 -38
Россети ФСК ЕЭС Итого по ФСК ЕЭС -27 513 - 872
Россети Центр Белгородэнерго -59 17
Брянскэнерго -29 -8
Воронежэнерго -36 14
Костромаэнерго -35 0
Курскэнерго -15 27
Липецкэнерго - 121 33
Орелэнерго -21 3
Смоленскэнерго -34 -4
Тамбовэнерго -2 -8
Тверьэнерго - 144 -3
Ярэнерго -96 2
Россети Центр и Приволжье (ГК) Владимирэнерго - 154 -23
Ивэнерго -4 -18
Калугаэнерго -15 30
Кировэнерго -37 16
Мариэнерго -19 17
Нижновэнерго - 195 38
Рязаньэнерго - 150 31
Тулэнерго -49 35
Удмуртэнерго -59 71
Россети Юг (ГК) АО «ВМЭС» -2 8
Астраханьэнерго 30 -20
Волгоградэнерго - 200 16
Калмэнерго 4 -1
Ростовэнерго 149 82
Россети Янтарь Россети Янтарь 19 31'

31-03-2025T12:06:36 - [MESSAGE][PASSED] - Text of object 'Object Repository/Факторный анализ/AllTable1' is: 'ДЗО
Филиал
Отклонение (объём услуг)
Отклонение (средний тариф)
АО "РЭС" АО "РЭС" - 166 -3
АО «Тываэнерго» АО "Тываэнерго" 14 13
АО «Чеченэнерго» АО «Чеченэнерго» -34 -42
Россети Волга Мордовэнерго - 158 -6
Оренбургэнерго - 115 -31
Пензаэнерго -18 -5
Самарские РС - 184 291
Саратовские РС -52 -90
Ульяновские РС 74 1
Чувашэнерго -4 28
Россети Кубань Кубаньэнерго 32 520
Россети Ленэнерго (ГК) Ленинградская область - 345 367
г. Санкт-Петербург - 293 28
Россети Московский регион Московская область -1 445 173
г. Москва - 232 152
Россети Северный Кавказ (ГК) Дагэнерго - 396 -40
Ингушэнерго -73 46
Каббалкэнерго 49 -2
Карачаево-Черкесскэнерго 7 - 221
Севкавказэнерго - 220 -22
Ставропольэнерго 10 58
Россети Северо-Запад Архангельский филиал -63 45
Вологодский филиал -23 35
Карельский филиал -62 -30
Мурманский филиал 12 -47
Новгородский филиал -45 13
Псковский филиал -45 33
филиал в Республике Коми -89 35
Россети Сибирь (ГК) Алтайэнерго 86 34
Бурятэнерго 52 -7
ГАЭС 19 4
Красноярскэнерго 230 44
Кузбассэнерго-РЭС 0 360
Омскэнерго 29 -34
Хакасэнерго -7 -33
Читаэнерго 0 71
Россети Томск Томская распределительная компания -71 24
Россети Тюмень Россети Тюмень -1 627 - 231
Россети Урал (ГК) Пермэнерго - 303 12
Свердловэнерго - 169 -5
Челябэнерго - 198 -38
Россети ФСК ЕЭС Итого по ФСК ЕЭС -27 513 - 872
Россети Центр Белгородэнерго -59 17
Брянскэнерго -29 -8
Воронежэнерго -36 14
Костромаэнерго -35 0
Курскэнерго -15 27
Липецкэнерго - 121 33
Орелэнерго -21 3
Смоленскэнерго -34 -4
Тамбовэнерго -2 -8
Тверьэнерго - 144 -3
Ярэнерго -96 2
Россети Центр и Приволжье (ГК) Владимирэнерго - 154 -23
Ивэнерго -4 -18
Калугаэнерго -15 30
Кировэнерго -37 16
Мариэнерго -19 17
Нижновэнерго - 195 38
Рязаньэнерго - 150 31
Тулэнерго -49 35
Удмуртэнерго -59 71
Россети Юг (ГК) АО «ВМЭС» -2 8
Астраханьэнерго 30 -20
Волгоградэнерго - 200 16
Калмэнерго 4 -1
Ростовэнерго 149 82
Россети Янтарь Россети Янтарь 19 31'

31-03-2025T12:06:36 - [TEST_STEP][PASSED] - println("tableA: " + tableA): null

31-03-2025T12:06:36 - [TEST_STEP][PASSED] - for ([i = 1, i < 5, (i++)]): null

31-03-2025T12:06:36 - [TEST_STEP][PASSED] - ii = tableA.indexOf("/") + 1: null

31-03-2025T12:06:36 - [TEST_STEP][PASSED] - tableA = tableA.substring(ii, tableA.length()): null

31-03-2025T12:06:36 - [TEST_STEP][PASSED] - ii = tableA.indexOf("/") + 1: null

31-03-2025T12:06:36 - [TEST_STEP][PASSED] - tableA = tableA.substring(ii, tableA.length()): null

31-03-2025T12:06:36 - [TEST_STEP][PASSED] - ii = tableA.indexOf("/") + 1: null

31-03-2025T12:06:36 - [TEST_STEP][PASSED] - tableA = tableA.substring(ii, tableA.length()): null

31-03-2025T12:06:36 - [TEST_STEP][PASSED] - ii = tableA.indexOf("/") + 1: null

31-03-2025T12:06:36 - [TEST_STEP][PASSED] - tableA = tableA.substring(ii, tableA.length()): null

31-03-2025T12:06:36 - [TEST_STEP][PASSED] - println("tableA: " + tableA): null

31-03-2025T12:06:36 - [TEST_STEP][PASSED] - TyA = Script1719551244403.GetData(x = tableA): null

31-03-2025T12:06:36 - [TEST_STEP][PASSED] - i2 = <not implemented yet for class: org.codehaus.groovy.ast.expr.EmptyExpression>: null

31-03-2025T12:06:36 - [TEST_STEP][PASSED] - i2 = x.indexOf("/") + 1: null

31-03-2025T12:06:36 - [TEST_STEP][PASSED] - x = replaceAll("\p{P}", "").trim(): null

31-03-2025T12:06:36 - [TEST_STEP][PASSED] - return x: null

31-03-2025T12:06:36 - [TEST_STEP][PASSED] - println("TyA: " + TyA): null

31-03-2025T12:06:36 - [TEST_STEP][PASSED] - tableA = Script1719551244403.NewDZO(x = tableA): null

31-03-2025T12:06:36 - [TEST_STEP][PASSED] - i3 = <not implemented yet for class: org.codehaus.groovy.ast.expr.EmptyExpression>: null

31-03-2025T12:06:36 - [TEST_STEP][PASSED] - i3 = x.indexOf("/") + 1: null

31-03-2025T12:06:36 - [TEST_STEP][PASSED] - x = x.substring(i3, x.length()): null

31-03-2025T12:06:36 - [TEST_STEP][PASSED] - return x: null

31-03-2025T12:06:36 - [TEST_STEP][PASSED] - ChA = Script1719551244403.GetData(x = tableA): null

31-03-2025T12:06:36 - [TEST_STEP][PASSED] - i2 = <not implemented yet for class: org.codehaus.groovy.ast.expr.EmptyExpression>: null

31-03-2025T12:06:36 - [TEST_STEP][PASSED] - i2 = x.indexOf("/") + 1: null

31-03-2025T12:06:36 - [TEST_STEP][PASSED] - x = replaceAll("\p{P}", "").trim(): null

31-03-2025T12:06:36 - [TEST_STEP][PASSED] - return x: null

31-03-2025T12:06:36 - [TEST_STEP][PASSED] - println("ChA: " + ChA): null

31-03-2025T12:06:36 - [TEST_STEP][PASSED] - tableA = Script1719551244403.NewDZO(x = tableA): null

31-03-2025T12:06:36 - [TEST_STEP][PASSED] - i3 = <not implemented yet for class: org.codehaus.groovy.ast.expr.EmptyExpression>: null

31-03-2025T12:06:36 - [TEST_STEP][PASSED] - i3 = x.indexOf("/") + 1: null

31-03-2025T12:06:36 - [TEST_STEP][PASSED] - x = x.substring(i3, x.length()): null

31-03-2025T12:06:36 - [TEST_STEP][PASSED] - return x: null

31-03-2025T12:06:36 - [TEST_STEP][PASSED] - i = tableA.indexOf("Кубань"): null

31-03-2025T12:06:36 - [TEST_STEP][PASSED] - VA = replaceAll("\p{P}", "").trim(): null

31-03-2025T12:06:36 - [TEST_STEP][PASSED] - println("VA: " + VA): null

31-03-2025T12:06:36 - [TEST_STEP][PASSED] - for ([i = 1, i < 8, (i++)]): null

31-03-2025T12:06:36 - [TEST_STEP][PASSED] - tableA = Script1719551244403.NewDZO(x = tableA): null

31-03-2025T12:06:36 - [TEST_STEP][PASSED] - i3 = <not implemented yet for class: org.codehaus.groovy.ast.expr.EmptyExpression>: null

31-03-2025T12:06:36 - [TEST_STEP][PASSED] - i3 = x.indexOf("/") + 1: null

31-03-2025T12:06:36 - [TEST_STEP][PASSED] - x = x.substring(i3, x.length()): null

31-03-2025T12:06:36 - [TEST_STEP][PASSED] - return x: null

31-03-2025T12:06:36 - [TEST_STEP][PASSED] - tableA = Script1719551244403.NewDZO(x = tableA): null

31-03-2025T12:06:36 - [TEST_STEP][PASSED] - i3 = <not implemented yet for class: org.codehaus.groovy.ast.expr.EmptyExpression>: null

31-03-2025T12:06:36 - [TEST_STEP][PASSED] - i3 = x.indexOf("/") + 1: null

31-03-2025T12:06:36 - [TEST_STEP][PASSED] - x = x.substring(i3, x.length()): null

31-03-2025T12:06:36 - [TEST_STEP][PASSED] - return x: null

31-03-2025T12:06:36 - [TEST_STEP][PASSED] - tableA = Script1719551244403.NewDZO(x = tableA): null

31-03-2025T12:06:36 - [TEST_STEP][PASSED] - i3 = <not implemented yet for class: org.codehaus.groovy.ast.expr.EmptyExpression>: null

31-03-2025T12:06:36 - [TEST_STEP][PASSED] - i3 = x.indexOf("/") + 1: null

31-03-2025T12:06:36 - [TEST_STEP][PASSED] - x = x.substring(i3, x.length()): null

31-03-2025T12:06:36 - [TEST_STEP][PASSED] - return x: null

31-03-2025T12:06:36 - [TEST_STEP][PASSED] - tableA = Script1719551244403.NewDZO(x = tableA): null

31-03-2025T12:06:36 - [TEST_STEP][PASSED] - i3 = <not implemented yet for class: org.codehaus.groovy.ast.expr.EmptyExpression>: null

31-03-2025T12:06:36 - [TEST_STEP][PASSED] - i3 = x.indexOf("/") + 1: null

31-03-2025T12:06:36 - [TEST_STEP][PASSED] - x = x.substring(i3, x.length()): null

31-03-2025T12:06:36 - [TEST_STEP][PASSED] - return x: null

31-03-2025T12:06:36 - [TEST_STEP][PASSED] - tableA = Script1719551244403.NewDZO(x = tableA): null

31-03-2025T12:06:36 - [TEST_STEP][PASSED] - i3 = <not implemented yet for class: org.codehaus.groovy.ast.expr.EmptyExpression>: null

31-03-2025T12:06:36 - [TEST_STEP][PASSED] - i3 = x.indexOf("/") + 1: null

31-03-2025T12:06:36 - [TEST_STEP][PASSED] - x = x.substring(i3, x.length()): null

31-03-2025T12:06:36 - [TEST_STEP][PASSED] - return x: null

31-03-2025T12:06:36 - [TEST_STEP][PASSED] - tableA = Script1719551244403.NewDZO(x = tableA): null

31-03-2025T12:06:36 - [TEST_STEP][PASSED] - i3 = <not implemented yet for class: org.codehaus.groovy.ast.expr.EmptyExpression>: null

31-03-2025T12:06:36 - [TEST_STEP][PASSED] - i3 = x.indexOf("/") + 1: null

31-03-2025T12:06:36 - [TEST_STEP][PASSED] - x = x.substring(i3, x.length()): null

31-03-2025T12:06:36 - [TEST_STEP][PASSED] - return x: null

31-03-2025T12:06:36 - [TEST_STEP][PASSED] - tableA = Script1719551244403.NewDZO(x = tableA): null

31-03-2025T12:06:36 - [TEST_STEP][PASSED] - i3 = <not implemented yet for class: org.codehaus.groovy.ast.expr.EmptyExpression>: null

31-03-2025T12:06:36 - [TEST_STEP][PASSED] - i3 = x.indexOf("/") + 1: null

31-03-2025T12:06:36 - [TEST_STEP][PASSED] - x = x.substring(i3, x.length()): null

31-03-2025T12:06:36 - [TEST_STEP][PASSED] - return x: null

31-03-2025T12:06:36 - [TEST_STEP][PASSED] - i = tableA.indexOf("Ленэнерго"): null

31-03-2025T12:06:36 - [TEST_STEP][PASSED] - KuA = Script1719551244403.GetData(x = tableA): null

31-03-2025T12:06:36 - [TEST_STEP][PASSED] - i2 = <not implemented yet for class: org.codehaus.groovy.ast.expr.EmptyExpression>: null

31-03-2025T12:06:36 - [TEST_STEP][PASSED] - i2 = x.indexOf("/") + 1: null

31-03-2025T12:06:36 - [TEST_STEP][PASSED] - x = replaceAll("\p{P}", "").trim(): null

31-03-2025T12:06:36 - [TEST_STEP][PASSED] - return x: null

31-03-2025T12:06:36 - [TEST_STEP][PASSED] - println("KuA: " + KuA): null

31-03-2025T12:06:36 - [TEST_STEP][PASSED] - tableA = Script1719551244403.NewDZO(x = tableA): null

31-03-2025T12:06:36 - [TEST_STEP][PASSED] - i3 = <not implemented yet for class: org.codehaus.groovy.ast.expr.EmptyExpression>: null

31-03-2025T12:06:36 - [TEST_STEP][PASSED] - i3 = x.indexOf("/") + 1: null

31-03-2025T12:06:36 - [TEST_STEP][PASSED] - x = x.substring(i3, x.length()): null

31-03-2025T12:06:36 - [TEST_STEP][PASSED] - return x: null

31-03-2025T12:06:36 - [TEST_STEP][PASSED] - i = tableA.indexOf("Московский"): null

31-03-2025T12:06:36 - [TEST_STEP][PASSED] - LenA = replaceAll("\p{P}", "").trim(): null

31-03-2025T12:06:36 - [TEST_STEP][PASSED] - println("LenA: " + LenA): null

31-03-2025T12:06:36 - [TEST_STEP][PASSED] - tableA = Script1719551244403.NewDZO(x = tableA): null

31-03-2025T12:06:36 - [TEST_STEP][PASSED] - i3 = <not implemented yet for class: org.codehaus.groovy.ast.expr.EmptyExpression>: null

31-03-2025T12:06:36 - [TEST_STEP][PASSED] - i3 = x.indexOf("/") + 1: null

31-03-2025T12:06:36 - [TEST_STEP][PASSED] - x = x.substring(i3, x.length()): null

31-03-2025T12:06:36 - [TEST_STEP][PASSED] - return x: null

31-03-2025T12:06:36 - [TEST_STEP][PASSED] - tableA = Script1719551244403.NewDZO(x = tableA): null

31-03-2025T12:06:36 - [TEST_STEP][PASSED] - i3 = <not implemented yet for class: org.codehaus.groovy.ast.expr.EmptyExpression>: null

31-03-2025T12:06:36 - [TEST_STEP][PASSED] - i3 = x.indexOf("/") + 1: null

31-03-2025T12:06:36 - [TEST_STEP][PASSED] - x = x.substring(i3, x.length()): null

31-03-2025T12:06:36 - [TEST_STEP][PASSED] - return x: null

31-03-2025T12:06:36 - [TEST_STEP][PASSED] - i = tableA.indexOf("Кавказ"): null

31-03-2025T12:06:36 - [TEST_STEP][PASSED] - MosA = replaceAll("\p{P}", "").trim(): null

31-03-2025T12:06:36 - [TEST_STEP][PASSED] - println("MosA: " + MosA): null

31-03-2025T12:06:36 - [TEST_STEP][PASSED] - for ([i = 1, i < 3, (i++)]): null

31-03-2025T12:06:36 - [TEST_STEP][PASSED] - tableA = Script1719551244403.NewDZO(x = tableA): null

31-03-2025T12:06:36 - [TEST_STEP][PASSED] - i3 = <not implemented yet for class: org.codehaus.groovy.ast.expr.EmptyExpression>: null

31-03-2025T12:06:36 - [TEST_STEP][PASSED] - i3 = x.indexOf("/") + 1: null

31-03-2025T12:06:36 - [TEST_STEP][PASSED] - x = x.substring(i3, x.length()): null

31-03-2025T12:06:36 - [TEST_STEP][PASSED] - return x: null

31-03-2025T12:06:36 - [TEST_STEP][PASSED] - tableA = Script1719551244403.NewDZO(x = tableA): null

31-03-2025T12:06:36 - [TEST_STEP][PASSED] - i3 = <not implemented yet for class: org.codehaus.groovy.ast.expr.EmptyExpression>: null

31-03-2025T12:06:36 - [TEST_STEP][PASSED] - i3 = x.indexOf("/") + 1: null

31-03-2025T12:06:36 - [TEST_STEP][PASSED] - x = x.substring(i3, x.length()): null

31-03-2025T12:06:36 - [TEST_STEP][PASSED] - return x: null

31-03-2025T12:06:36 - [TEST_STEP][PASSED] - i = tableA.indexOf("Запад"): null

31-03-2025T12:06:36 - [TEST_STEP][PASSED] - SKA = replaceAll("\p{P}", "").trim(): null

31-03-2025T12:06:36 - [TEST_STEP][PASSED] - println("SKA: " + SKA): null

31-03-2025T12:06:36 - [TEST_STEP][PASSED] - for ([i = 1, i < 7, (i++)]): null

31-03-2025T12:06:36 - [TEST_STEP][PASSED] - tableA = Script1719551244403.NewDZO(x = tableA): null

31-03-2025T12:06:36 - [TEST_STEP][PASSED] - i3 = <not implemented yet for class: org.codehaus.groovy.ast.expr.EmptyExpression>: null

31-03-2025T12:06:36 - [TEST_STEP][PASSED] - i3 = x.indexOf("/") + 1: null

31-03-2025T12:06:36 - [TEST_STEP][PASSED] - x = x.substring(i3, x.length()): null

31-03-2025T12:06:36 - [TEST_STEP][PASSED] - return x: null

31-03-2025T12:06:36 - [TEST_STEP][PASSED] - tableA = Script1719551244403.NewDZO(x = tableA): null

31-03-2025T12:06:36 - [TEST_STEP][PASSED] - i3 = <not implemented yet for class: org.codehaus.groovy.ast.expr.EmptyExpression>: null

31-03-2025T12:06:36 - [TEST_STEP][PASSED] - i3 = x.indexOf("/") + 1: null

31-03-2025T12:06:36 - [TEST_STEP][PASSED] - x = x.substring(i3, x.length()): null

31-03-2025T12:06:36 - [TEST_STEP][PASSED] - return x: null

31-03-2025T12:06:36 - [TEST_STEP][PASSED] - tableA = Script1719551244403.NewDZO(x = tableA): null

31-03-2025T12:06:36 - [TEST_STEP][PASSED] - i3 = <not implemented yet for class: org.codehaus.groovy.ast.expr.EmptyExpression>: null

31-03-2025T12:06:36 - [TEST_STEP][PASSED] - i3 = x.indexOf("/") + 1: null

31-03-2025T12:06:36 - [TEST_STEP][PASSED] - x = x.substring(i3, x.length()): null

31-03-2025T12:06:36 - [TEST_STEP][PASSED] - return x: null

31-03-2025T12:06:36 - [TEST_STEP][PASSED] - tableA = Script1719551244403.NewDZO(x = tableA): null

31-03-2025T12:06:36 - [TEST_STEP][PASSED] - i3 = <not implemented yet for class: org.codehaus.groovy.ast.expr.EmptyExpression>: null

31-03-2025T12:06:36 - [TEST_STEP][PASSED] - i3 = x.indexOf("/") + 1: null

31-03-2025T12:06:36 - [TEST_STEP][PASSED] - x = x.substring(i3, x.length()): null

31-03-2025T12:06:36 - [TEST_STEP][PASSED] - return x: null

31-03-2025T12:06:36 - [TEST_STEP][PASSED] - tableA = Script1719551244403.NewDZO(x = tableA): null

31-03-2025T12:06:36 - [TEST_STEP][PASSED] - i3 = <not implemented yet for class: org.codehaus.groovy.ast.expr.EmptyExpression>: null

31-03-2025T12:06:36 - [TEST_STEP][PASSED] - i3 = x.indexOf("/") + 1: null

31-03-2025T12:06:36 - [TEST_STEP][PASSED] - x = x.substring(i3, x.length()): null

31-03-2025T12:06:36 - [TEST_STEP][PASSED] - return x: null

31-03-2025T12:06:36 - [TEST_STEP][PASSED] - tableA = Script1719551244403.NewDZO(x = tableA): null

31-03-2025T12:06:36 - [TEST_STEP][PASSED] - i3 = <not implemented yet for class: org.codehaus.groovy.ast.expr.EmptyExpression>: null

31-03-2025T12:06:36 - [TEST_STEP][PASSED] - i3 = x.indexOf("/") + 1: null

31-03-2025T12:06:36 - [TEST_STEP][PASSED] - x = x.substring(i3, x.length()): null

31-03-2025T12:06:36 - [TEST_STEP][PASSED] - return x: null

31-03-2025T12:06:36 - [TEST_STEP][PASSED] - i = tableA.indexOf("Сибирь"): null

31-03-2025T12:06:36 - [TEST_STEP][PASSED] - SZA = replaceAll("\p{P}", "").trim(): null

31-03-2025T12:06:36 - [TEST_STEP][PASSED] - println("SZA: " + SZA): null

31-03-2025T12:06:36 - [TEST_STEP][PASSED] - for ([i = 1, i < 8, (i++)]): null

31-03-2025T12:06:36 - [TEST_STEP][PASSED] - tableA = Script1719551244403.NewDZO(x = tableA): null

31-03-2025T12:06:36 - [TEST_STEP][PASSED] - i3 = <not implemented yet for class: org.codehaus.groovy.ast.expr.EmptyExpression>: null

31-03-2025T12:06:36 - [TEST_STEP][PASSED] - i3 = x.indexOf("/") + 1: null

31-03-2025T12:06:36 - [TEST_STEP][PASSED] - x = x.substring(i3, x.length()): null

31-03-2025T12:06:36 - [TEST_STEP][PASSED] - return x: null

31-03-2025T12:06:36 - [TEST_STEP][PASSED] - tableA = Script1719551244403.NewDZO(x = tableA): null

31-03-2025T12:06:36 - [TEST_STEP][PASSED] - i3 = <not implemented yet for class: org.codehaus.groovy.ast.expr.EmptyExpression>: null

31-03-2025T12:06:36 - [TEST_STEP][PASSED] - i3 = x.indexOf("/") + 1: null

31-03-2025T12:06:36 - [TEST_STEP][PASSED] - x = x.substring(i3, x.length()): null

31-03-2025T12:06:36 - [TEST_STEP][PASSED] - return x: null

31-03-2025T12:06:36 - [TEST_STEP][PASSED] - tableA = Script1719551244403.NewDZO(x = tableA): null

31-03-2025T12:06:36 - [TEST_STEP][PASSED] - i3 = <not implemented yet for class: org.codehaus.groovy.ast.expr.EmptyExpression>: null

31-03-2025T12:06:36 - [TEST_STEP][PASSED] - i3 = x.indexOf("/") + 1: null

31-03-2025T12:06:36 - [TEST_STEP][PASSED] - x = x.substring(i3, x.length()): null

31-03-2025T12:06:36 - [TEST_STEP][PASSED] - return x: null

31-03-2025T12:06:36 - [TEST_STEP][PASSED] - tableA = Script1719551244403.NewDZO(x = tableA): null

31-03-2025T12:06:36 - [TEST_STEP][PASSED] - i3 = <not implemented yet for class: org.codehaus.groovy.ast.expr.EmptyExpression>: null

31-03-2025T12:06:36 - [TEST_STEP][PASSED] - i3 = x.indexOf("/") + 1: null

31-03-2025T12:06:36 - [TEST_STEP][PASSED] - x = x.substring(i3, x.length()): null

31-03-2025T12:06:36 - [TEST_STEP][PASSED] - return x: null

31-03-2025T12:06:36 - [TEST_STEP][PASSED] - tableA = Script1719551244403.NewDZO(x = tableA): null

31-03-2025T12:06:36 - [TEST_STEP][PASSED] - i3 = <not implemented yet for class: org.codehaus.groovy.ast.expr.EmptyExpression>: null

31-03-2025T12:06:36 - [TEST_STEP][PASSED] - i3 = x.indexOf("/") + 1: null

31-03-2025T12:06:36 - [TEST_STEP][PASSED] - x = x.substring(i3, x.length()): null

31-03-2025T12:06:36 - [TEST_STEP][PASSED] - return x: null

31-03-2025T12:06:36 - [TEST_STEP][PASSED] - tableA = Script1719551244403.NewDZO(x = tableA): null

31-03-2025T12:06:36 - [TEST_STEP][PASSED] - i3 = <not implemented yet for class: org.codehaus.groovy.ast.expr.EmptyExpression>: null

31-03-2025T12:06:36 - [TEST_STEP][PASSED] - i3 = x.indexOf("/") + 1: null

31-03-2025T12:06:36 - [TEST_STEP][PASSED] - x = x.substring(i3, x.length()): null

31-03-2025T12:06:36 - [TEST_STEP][PASSED] - return x: null

31-03-2025T12:06:36 - [TEST_STEP][PASSED] - tableA = Script1719551244403.NewDZO(x = tableA): null

31-03-2025T12:06:36 - [TEST_STEP][PASSED] - i3 = <not implemented yet for class: org.codehaus.groovy.ast.expr.EmptyExpression>: null

31-03-2025T12:06:36 - [TEST_STEP][PASSED] - i3 = x.indexOf("/") + 1: null

31-03-2025T12:06:36 - [TEST_STEP][PASSED] - x = x.substring(i3, x.length()): null

31-03-2025T12:06:36 - [TEST_STEP][PASSED] - return x: null

31-03-2025T12:06:36 - [TEST_STEP][PASSED] - i = tableA.indexOf("Томск"): null

31-03-2025T12:06:36 - [TEST_STEP][PASSED] - SiA = replaceAll("\p{P}", "").trim(): null

31-03-2025T12:06:36 - [TEST_STEP][PASSED] - println("SiA: " + SiA): null

31-03-2025T12:06:36 - [TEST_STEP][PASSED] - for ([i = 1, i < 9, (i++)]): null

31-03-2025T12:06:36 - [TEST_STEP][PASSED] - tableA = Script1719551244403.NewDZO(x = tableA): null

31-03-2025T12:06:36 - [TEST_STEP][PASSED] - i3 = <not implemented yet for class: org.codehaus.groovy.ast.expr.EmptyExpression>: null

31-03-2025T12:06:36 - [TEST_STEP][PASSED] - i3 = x.indexOf("/") + 1: null

31-03-2025T12:06:36 - [TEST_STEP][PASSED] - x = x.substring(i3, x.length()): null

31-03-2025T12:06:36 - [TEST_STEP][PASSED] - return x: null

31-03-2025T12:06:36 - [TEST_STEP][PASSED] - tableA = Script1719551244403.NewDZO(x = tableA): null

31-03-2025T12:06:36 - [TEST_STEP][PASSED] - i3 = <not implemented yet for class: org.codehaus.groovy.ast.expr.EmptyExpression>: null

31-03-2025T12:06:36 - [TEST_STEP][PASSED] - i3 = x.indexOf("/") + 1: null

31-03-2025T12:06:36 - [TEST_STEP][PASSED] - x = x.substring(i3, x.length()): null

31-03-2025T12:06:36 - [TEST_STEP][PASSED] - return x: null

31-03-2025T12:06:36 - [TEST_STEP][PASSED] - tableA = Script1719551244403.NewDZO(x = tableA): null

31-03-2025T12:06:36 - [TEST_STEP][PASSED] - i3 = <not implemented yet for class: org.codehaus.groovy.ast.expr.EmptyExpression>: null

31-03-2025T12:06:36 - [TEST_STEP][PASSED] - i3 = x.indexOf("/") + 1: null

31-03-2025T12:06:36 - [TEST_STEP][PASSED] - x = x.substring(i3, x.length()): null

31-03-2025T12:06:36 - [TEST_STEP][PASSED] - return x: null

31-03-2025T12:06:36 - [TEST_STEP][PASSED] - tableA = Script1719551244403.NewDZO(x = tableA): null

31-03-2025T12:06:36 - [TEST_STEP][PASSED] - i3 = <not implemented yet for class: org.codehaus.groovy.ast.expr.EmptyExpression>: null

31-03-2025T12:06:36 - [TEST_STEP][PASSED] - i3 = x.indexOf("/") + 1: null

31-03-2025T12:06:36 - [TEST_STEP][PASSED] - x = x.substring(i3, x.length()): null

31-03-2025T12:06:36 - [TEST_STEP][PASSED] - return x: null

31-03-2025T12:06:36 - [TEST_STEP][PASSED] - tableA = Script1719551244403.NewDZO(x = tableA): null

31-03-2025T12:06:36 - [TEST_STEP][PASSED] - i3 = <not implemented yet for class: org.codehaus.groovy.ast.expr.EmptyExpression>: null

31-03-2025T12:06:36 - [TEST_STEP][PASSED] - i3 = x.indexOf("/") + 1: null

31-03-2025T12:06:36 - [TEST_STEP][PASSED] - x = x.substring(i3, x.length()): null

31-03-2025T12:06:36 - [TEST_STEP][PASSED] - return x: null

31-03-2025T12:06:36 - [TEST_STEP][PASSED] - tableA = Script1719551244403.NewDZO(x = tableA): null

31-03-2025T12:06:36 - [TEST_STEP][PASSED] - i3 = <not implemented yet for class: org.codehaus.groovy.ast.expr.EmptyExpression>: null

31-03-2025T12:06:36 - [TEST_STEP][PASSED] - i3 = x.indexOf("/") + 1: null

31-03-2025T12:06:36 - [TEST_STEP][PASSED] - x = x.substring(i3, x.length()): null

31-03-2025T12:06:36 - [TEST_STEP][PASSED] - return x: null

31-03-2025T12:06:36 - [TEST_STEP][PASSED] - tableA = Script1719551244403.NewDZO(x = tableA): null

31-03-2025T12:06:36 - [TEST_STEP][PASSED] - i3 = <not implemented yet for class: org.codehaus.groovy.ast.expr.EmptyExpression>: null

31-03-2025T12:06:36 - [TEST_STEP][PASSED] - i3 = x.indexOf("/") + 1: null

31-03-2025T12:06:36 - [TEST_STEP][PASSED] - x = x.substring(i3, x.length()): null

31-03-2025T12:06:36 - [TEST_STEP][PASSED] - return x: null

31-03-2025T12:06:36 - [TEST_STEP][PASSED] - tableA = Script1719551244403.NewDZO(x = tableA): null

31-03-2025T12:06:36 - [TEST_STEP][PASSED] - i3 = <not implemented yet for class: org.codehaus.groovy.ast.expr.EmptyExpression>: null

31-03-2025T12:06:36 - [TEST_STEP][PASSED] - i3 = x.indexOf("/") + 1: null

31-03-2025T12:06:36 - [TEST_STEP][PASSED] - x = x.substring(i3, x.length()): null

31-03-2025T12:06:36 - [TEST_STEP][PASSED] - return x: null

31-03-2025T12:06:36 - [TEST_STEP][PASSED] - i = tableA.indexOf("Тюмень"): null

31-03-2025T12:06:36 - [TEST_STEP][PASSED] - ToA = replaceAll("\p{P}", "").trim(): null

31-03-2025T12:06:36 - [TEST_STEP][PASSED] - println("ToA: " + ToA): null

31-03-2025T12:06:36 - [TEST_STEP][PASSED] - tableA = Script1719551244403.NewDZO(x = tableA): null

31-03-2025T12:06:36 - [TEST_STEP][PASSED] - i3 = <not implemented yet for class: org.codehaus.groovy.ast.expr.EmptyExpression>: null

31-03-2025T12:06:36 - [TEST_STEP][PASSED] - i3 = x.indexOf("/") + 1: null

31-03-2025T12:06:36 - [TEST_STEP][PASSED] - x = x.substring(i3, x.length()): null

31-03-2025T12:06:36 - [TEST_STEP][PASSED] - return x: null

31-03-2025T12:06:36 - [TEST_STEP][PASSED] - TyuA = replaceAll("\p{P}", "").trim(): null

31-03-2025T12:06:36 - [TEST_STEP][PASSED] - println("TyuA: " + TyuA): null

31-03-2025T12:06:36 - [TEST_STEP][PASSED] - tableA = Script1719551244403.NewDZO(x = tableA): null

31-03-2025T12:06:36 - [TEST_STEP][PASSED] - i3 = <not implemented yet for class: org.codehaus.groovy.ast.expr.EmptyExpression>: null

31-03-2025T12:06:36 - [TEST_STEP][PASSED] - i3 = x.indexOf("/") + 1: null

31-03-2025T12:06:36 - [TEST_STEP][PASSED] - x = x.substring(i3, x.length()): null

31-03-2025T12:06:36 - [TEST_STEP][PASSED] - return x: null

31-03-2025T12:06:36 - [TEST_STEP][PASSED] - i = tableA.indexOf("ЕЭС"): null

31-03-2025T12:06:36 - [TEST_STEP][PASSED] - UrA = replaceAll("\p{P}", "").trim(): null

31-03-2025T12:06:36 - [TEST_STEP][PASSED] - println("UrA: " + UrA): null

31-03-2025T12:06:36 - [TEST_STEP][PASSED] - for ([i = 1, i < 4, (i++)]): null

31-03-2025T12:06:36 - [TEST_STEP][PASSED] - tableA = Script1719551244403.NewDZO(x = tableA): null

31-03-2025T12:06:36 - [TEST_STEP][PASSED] - i3 = <not implemented yet for class: org.codehaus.groovy.ast.expr.EmptyExpression>: null

31-03-2025T12:06:36 - [TEST_STEP][PASSED] - i3 = x.indexOf("/") + 1: null

31-03-2025T12:06:36 - [TEST_STEP][PASSED] - x = x.substring(i3, x.length()): null

31-03-2025T12:06:36 - [TEST_STEP][PASSED] - return x: null

31-03-2025T12:06:36 - [TEST_STEP][PASSED] - tableA = Script1719551244403.NewDZO(x = tableA): null

31-03-2025T12:06:36 - [TEST_STEP][PASSED] - i3 = <not implemented yet for class: org.codehaus.groovy.ast.expr.EmptyExpression>: null

31-03-2025T12:06:36 - [TEST_STEP][PASSED] - i3 = x.indexOf("/") + 1: null

31-03-2025T12:06:36 - [TEST_STEP][PASSED] - x = x.substring(i3, x.length()): null

31-03-2025T12:06:36 - [TEST_STEP][PASSED] - return x: null

31-03-2025T12:06:36 - [TEST_STEP][PASSED] - tableA = Script1719551244403.NewDZO(x = tableA): null

31-03-2025T12:06:36 - [TEST_STEP][PASSED] - i3 = <not implemented yet for class: org.codehaus.groovy.ast.expr.EmptyExpression>: null

31-03-2025T12:06:36 - [TEST_STEP][PASSED] - i3 = x.indexOf("/") + 1: null

31-03-2025T12:06:36 - [TEST_STEP][PASSED] - x = x.substring(i3, x.length()): null

31-03-2025T12:06:36 - [TEST_STEP][PASSED] - return x: null

31-03-2025T12:06:36 - [TEST_STEP][PASSED] - i = tableA.indexOf("Центр"): null

31-03-2025T12:06:36 - [TEST_STEP][PASSED] - FSKA = replaceAll("\p{P}", "").trim(): null

31-03-2025T12:06:36 - [TEST_STEP][PASSED] - println("FSKA: " + FSKA): null

31-03-2025T12:06:36 - [TEST_STEP][PASSED] - tableA = Script1719551244403.NewDZO(x = tableA): null

31-03-2025T12:06:36 - [TEST_STEP][PASSED] - i3 = <not implemented yet for class: org.codehaus.groovy.ast.expr.EmptyExpression>: null

31-03-2025T12:06:36 - [TEST_STEP][PASSED] - i3 = x.indexOf("/") + 1: null

31-03-2025T12:06:36 - [TEST_STEP][PASSED] - x = x.substring(i3, x.length()): null

31-03-2025T12:06:36 - [TEST_STEP][PASSED] - return x: null

31-03-2025T12:06:36 - [TEST_STEP][PASSED] - i = tableA.indexOf("Приволжье"): null

31-03-2025T12:06:36 - [TEST_STEP][PASSED] - CenA = replaceAll("\p{P}", "").trim(): null

31-03-2025T12:06:36 - [TEST_STEP][PASSED] - println("CenA: " + CenA): null

31-03-2025T12:06:36 - [TEST_STEP][PASSED] - for ([i = 1, i < 12, (i++)]): null

31-03-2025T12:06:36 - [TEST_STEP][PASSED] - tableA = Script1719551244403.NewDZO(x = tableA): null

31-03-2025T12:06:36 - [TEST_STEP][PASSED] - i3 = <not implemented yet for class: org.codehaus.groovy.ast.expr.EmptyExpression>: null

31-03-2025T12:06:36 - [TEST_STEP][PASSED] - i3 = x.indexOf("/") + 1: null

31-03-2025T12:06:36 - [TEST_STEP][PASSED] - x = x.substring(i3, x.length()): null

31-03-2025T12:06:36 - [TEST_STEP][PASSED] - return x: null

31-03-2025T12:06:36 - [TEST_STEP][PASSED] - tableA = Script1719551244403.NewDZO(x = tableA): null

31-03-2025T12:06:36 - [TEST_STEP][PASSED] - i3 = <not implemented yet for class: org.codehaus.groovy.ast.expr.EmptyExpression>: null

31-03-2025T12:06:36 - [TEST_STEP][PASSED] - i3 = x.indexOf("/") + 1: null

31-03-2025T12:06:36 - [TEST_STEP][PASSED] - x = x.substring(i3, x.length()): null

31-03-2025T12:06:36 - [TEST_STEP][PASSED] - return x: null

31-03-2025T12:06:36 - [TEST_STEP][PASSED] - tableA = Script1719551244403.NewDZO(x = tableA): null

31-03-2025T12:06:36 - [TEST_STEP][PASSED] - i3 = <not implemented yet for class: org.codehaus.groovy.ast.expr.EmptyExpression>: null

31-03-2025T12:06:36 - [TEST_STEP][PASSED] - i3 = x.indexOf("/") + 1: null

31-03-2025T12:06:36 - [TEST_STEP][PASSED] - x = x.substring(i3, x.length()): null

31-03-2025T12:06:36 - [TEST_STEP][PASSED] - return x: null

31-03-2025T12:06:36 - [TEST_STEP][PASSED] - tableA = Script1719551244403.NewDZO(x = tableA): null

31-03-2025T12:06:36 - [TEST_STEP][PASSED] - i3 = <not implemented yet for class: org.codehaus.groovy.ast.expr.EmptyExpression>: null

31-03-2025T12:06:36 - [TEST_STEP][PASSED] - i3 = x.indexOf("/") + 1: null

31-03-2025T12:06:36 - [TEST_STEP][PASSED] - x = x.substring(i3, x.length()): null

31-03-2025T12:06:36 - [TEST_STEP][PASSED] - return x: null

31-03-2025T12:06:36 - [TEST_STEP][PASSED] - tableA = Script1719551244403.NewDZO(x = tableA): null

31-03-2025T12:06:36 - [TEST_STEP][PASSED] - i3 = <not implemented yet for class: org.codehaus.groovy.ast.expr.EmptyExpression>: null

31-03-2025T12:06:36 - [TEST_STEP][PASSED] - i3 = x.indexOf("/") + 1: null

31-03-2025T12:06:36 - [TEST_STEP][PASSED] - x = x.substring(i3, x.length()): null

31-03-2025T12:06:36 - [TEST_STEP][PASSED] - return x: null

31-03-2025T12:06:36 - [TEST_STEP][PASSED] - tableA = Script1719551244403.NewDZO(x = tableA): null

31-03-2025T12:06:36 - [TEST_STEP][PASSED] - i3 = <not implemented yet for class: org.codehaus.groovy.ast.expr.EmptyExpression>: null

31-03-2025T12:06:36 - [TEST_STEP][PASSED] - i3 = x.indexOf("/") + 1: null

31-03-2025T12:06:36 - [TEST_STEP][PASSED] - x = x.substring(i3, x.length()): null

31-03-2025T12:06:36 - [TEST_STEP][PASSED] - return x: null

31-03-2025T12:06:36 - [TEST_STEP][PASSED] - tableA = Script1719551244403.NewDZO(x = tableA): null

31-03-2025T12:06:36 - [TEST_STEP][PASSED] - i3 = <not implemented yet for class: org.codehaus.groovy.ast.expr.EmptyExpression>: null

31-03-2025T12:06:36 - [TEST_STEP][PASSED] - i3 = x.indexOf("/") + 1: null

31-03-2025T12:06:36 - [TEST_STEP][PASSED] - x = x.substring(i3, x.length()): null

31-03-2025T12:06:36 - [TEST_STEP][PASSED] - return x: null

31-03-2025T12:06:36 - [TEST_STEP][PASSED] - tableA = Script1719551244403.NewDZO(x = tableA): null

31-03-2025T12:06:36 - [TEST_STEP][PASSED] - i3 = <not implemented yet for class: org.codehaus.groovy.ast.expr.EmptyExpression>: null

31-03-2025T12:06:36 - [TEST_STEP][PASSED] - i3 = x.indexOf("/") + 1: null

31-03-2025T12:06:36 - [TEST_STEP][PASSED] - x = x.substring(i3, x.length()): null

31-03-2025T12:06:36 - [TEST_STEP][PASSED] - return x: null

31-03-2025T12:06:36 - [TEST_STEP][PASSED] - tableA = Script1719551244403.NewDZO(x = tableA): null

31-03-2025T12:06:36 - [TEST_STEP][PASSED] - i3 = <not implemented yet for class: org.codehaus.groovy.ast.expr.EmptyExpression>: null

31-03-2025T12:06:36 - [TEST_STEP][PASSED] - i3 = x.indexOf("/") + 1: null

31-03-2025T12:06:36 - [TEST_STEP][PASSED] - x = x.substring(i3, x.length()): null

31-03-2025T12:06:36 - [TEST_STEP][PASSED] - return x: null

31-03-2025T12:06:36 - [TEST_STEP][PASSED] - tableA = Script1719551244403.NewDZO(x = tableA): null

31-03-2025T12:06:36 - [TEST_STEP][PASSED] - i3 = <not implemented yet for class: org.codehaus.groovy.ast.expr.EmptyExpression>: null

31-03-2025T12:06:36 - [TEST_STEP][PASSED] - i3 = x.indexOf("/") + 1: null

31-03-2025T12:06:36 - [TEST_STEP][PASSED] - x = x.substring(i3, x.length()): null

31-03-2025T12:06:36 - [TEST_STEP][PASSED] - return x: null

31-03-2025T12:06:36 - [TEST_STEP][PASSED] - tableA = Script1719551244403.NewDZO(x = tableA): null

31-03-2025T12:06:36 - [TEST_STEP][PASSED] - i3 = <not implemented yet for class: org.codehaus.groovy.ast.expr.EmptyExpression>: null

31-03-2025T12:06:36 - [TEST_STEP][PASSED] - i3 = x.indexOf("/") + 1: null

31-03-2025T12:06:36 - [TEST_STEP][PASSED] - x = x.substring(i3, x.length()): null

31-03-2025T12:06:36 - [TEST_STEP][PASSED] - return x: null

31-03-2025T12:06:36 - [TEST_STEP][PASSED] - i = tableA.indexOf("Юг"): null

31-03-2025T12:06:36 - [TEST_STEP][PASSED] - CiPA = replaceAll("\p{P}", "").trim(): null

31-03-2025T12:06:36 - [TEST_STEP][PASSED] - println("CiPA: " + CiPA): null

31-03-2025T12:06:36 - [TEST_STEP][PASSED] - for ([i = 1, i < 10, (i++)]): null

31-03-2025T12:06:36 - [TEST_STEP][PASSED] - tableA = Script1719551244403.NewDZO(x = tableA): null

31-03-2025T12:06:36 - [TEST_STEP][PASSED] - i3 = <not implemented yet for class: org.codehaus.groovy.ast.expr.EmptyExpression>: null

31-03-2025T12:06:36 - [TEST_STEP][PASSED] - i3 = x.indexOf("/") + 1: null

31-03-2025T12:06:36 - [TEST_STEP][PASSED] - x = x.substring(i3, x.length()): null

31-03-2025T12:06:36 - [TEST_STEP][PASSED] - return x: null

31-03-2025T12:06:36 - [TEST_STEP][PASSED] - tableA = Script1719551244403.NewDZO(x = tableA): null

31-03-2025T12:06:36 - [TEST_STEP][PASSED] - i3 = <not implemented yet for class: org.codehaus.groovy.ast.expr.EmptyExpression>: null

31-03-2025T12:06:36 - [TEST_STEP][PASSED] - i3 = x.indexOf("/") + 1: null

31-03-2025T12:06:36 - [TEST_STEP][PASSED] - x = x.substring(i3, x.length()): null

31-03-2025T12:06:36 - [TEST_STEP][PASSED] - return x: null

31-03-2025T12:06:36 - [TEST_STEP][PASSED] - tableA = Script1719551244403.NewDZO(x = tableA): null

31-03-2025T12:06:36 - [TEST_STEP][PASSED] - i3 = <not implemented yet for class: org.codehaus.groovy.ast.expr.EmptyExpression>: null

31-03-2025T12:06:36 - [TEST_STEP][PASSED] - i3 = x.indexOf("/") + 1: null

31-03-2025T12:06:36 - [TEST_STEP][PASSED] - x = x.substring(i3, x.length()): null

31-03-2025T12:06:36 - [TEST_STEP][PASSED] - return x: null

31-03-2025T12:06:36 - [TEST_STEP][PASSED] - tableA = Script1719551244403.NewDZO(x = tableA): null

31-03-2025T12:06:36 - [TEST_STEP][PASSED] - i3 = <not implemented yet for class: org.codehaus.groovy.ast.expr.EmptyExpression>: null

31-03-2025T12:06:36 - [TEST_STEP][PASSED] - i3 = x.indexOf("/") + 1: null

31-03-2025T12:06:36 - [TEST_STEP][PASSED] - x = x.substring(i3, x.length()): null

31-03-2025T12:06:36 - [TEST_STEP][PASSED] - return x: null

31-03-2025T12:06:36 - [TEST_STEP][PASSED] - tableA = Script1719551244403.NewDZO(x = tableA): null

31-03-2025T12:06:36 - [TEST_STEP][PASSED] - i3 = <not implemented yet for class: org.codehaus.groovy.ast.expr.EmptyExpression>: null

31-03-2025T12:06:36 - [TEST_STEP][PASSED] - i3 = x.indexOf("/") + 1: null

31-03-2025T12:06:36 - [TEST_STEP][PASSED] - x = x.substring(i3, x.length()): null

31-03-2025T12:06:36 - [TEST_STEP][PASSED] - return x: null

31-03-2025T12:06:36 - [TEST_STEP][PASSED] - tableA = Script1719551244403.NewDZO(x = tableA): null

31-03-2025T12:06:36 - [TEST_STEP][PASSED] - i3 = <not implemented yet for class: org.codehaus.groovy.ast.expr.EmptyExpression>: null

31-03-2025T12:06:36 - [TEST_STEP][PASSED] - i3 = x.indexOf("/") + 1: null

31-03-2025T12:06:36 - [TEST_STEP][PASSED] - x = x.substring(i3, x.length()): null

31-03-2025T12:06:36 - [TEST_STEP][PASSED] - return x: null

31-03-2025T12:06:36 - [TEST_STEP][PASSED] - tableA = Script1719551244403.NewDZO(x = tableA): null

31-03-2025T12:06:36 - [TEST_STEP][PASSED] - i3 = <not implemented yet for class: org.codehaus.groovy.ast.expr.EmptyExpression>: null

31-03-2025T12:06:36 - [TEST_STEP][PASSED] - i3 = x.indexOf("/") + 1: null

31-03-2025T12:06:36 - [TEST_STEP][PASSED] - x = x.substring(i3, x.length()): null

31-03-2025T12:06:36 - [TEST_STEP][PASSED] - return x: null

31-03-2025T12:06:36 - [TEST_STEP][PASSED] - tableA = Script1719551244403.NewDZO(x = tableA): null

31-03-2025T12:06:36 - [TEST_STEP][PASSED] - i3 = <not implemented yet for class: org.codehaus.groovy.ast.expr.EmptyExpression>: null

31-03-2025T12:06:36 - [TEST_STEP][PASSED] - i3 = x.indexOf("/") + 1: null

31-03-2025T12:06:36 - [TEST_STEP][PASSED] - x = x.substring(i3, x.length()): null

31-03-2025T12:06:36 - [TEST_STEP][PASSED] - return x: null

31-03-2025T12:06:36 - [TEST_STEP][PASSED] - tableA = Script1719551244403.NewDZO(x = tableA): null

31-03-2025T12:06:36 - [TEST_STEP][PASSED] - i3 = <not implemented yet for class: org.codehaus.groovy.ast.expr.EmptyExpression>: null

31-03-2025T12:06:36 - [TEST_STEP][PASSED] - i3 = x.indexOf("/") + 1: null

31-03-2025T12:06:36 - [TEST_STEP][PASSED] - x = x.substring(i3, x.length()): null

31-03-2025T12:06:36 - [TEST_STEP][PASSED] - return x: null

31-03-2025T12:06:36 - [TEST_STEP][PASSED] - i = tableA.indexOf("Янтарь"): null

31-03-2025T12:06:36 - [TEST_STEP][PASSED] - UgA = replaceAll("\p{P}", "").trim(): null

31-03-2025T12:06:36 - [TEST_STEP][PASSED] - println("UgA: " + UgA): null

31-03-2025T12:06:36 - [TEST_STEP][PASSED] - i = tableA.lastIndexOf("/"): null

31-03-2025T12:06:36 - [TEST_STEP][PASSED] - YaA = replaceAll("\p{P}", "").trim(): null

31-03-2025T12:06:36 - [TEST_STEP][PASSED] - println("YaA: " + YaA): null

31-03-2025T12:06:36 - [TEST_STEP][PASSED] - delay(10): Delayed 10 second(s)

31-03-2025T12:06:46 - [MESSAGE][PASSED] - Delayed 10 second(s)

31-03-2025T12:06:46 - [TEST_STEP][PASSED] - navigateToUrl(findTestData("PlanFact").getValue(10, 11)): Navigate to 'https://bi.rosseti.digital/viewer?dashboardGuid=a1fd28b3785d443cbc4d7690a1d78e31&sheetGuid=d3a0ddec2e914cb380b20dca74903099&fit=true' successfully

31-03-2025T12:06:47 - [MESSAGE][PASSED] - Navigate to 'https://bi.rosseti.digital/viewer?dashboardGuid=a1fd28b3785d443cbc4d7690a1d78e31&sheetGuid=d3a0ddec2e914cb380b20dca74903099&fit=true' successfully

31-03-2025T12:06:47 - [TEST_STEP][PASSED] - b = <not implemented yet for class: org.codehaus.groovy.ast.expr.EmptyExpression>: null

31-03-2025T12:06:47 - [TEST_STEP][PASSED] - b1 = <not implemented yet for class: org.codehaus.groovy.ast.expr.EmptyExpression>: null

31-03-2025T12:06:47 - [TEST_STEP][PASSED] - b2 = <not implemented yet for class: org.codehaus.groovy.ast.expr.EmptyExpression>: null

31-03-2025T12:06:47 - [TEST_STEP][PASSED] - click(findTestObject("Факторный анализ/Фильтр Дата Выручка")): Object: 'Object Repository/Факторный анализ/Фильтр Дата Выручка' is clicked on

31-03-2025T12:06:55 - [MESSAGE][PASSED] - Object: 'Object Repository/Факторный анализ/Фильтр Дата Выручка' is clicked on

31-03-2025T12:06:55 - [TEST_STEP][PASSED] - click(findTestObject("Факторный анализ/Снять выделение в фильтре Дата Выручка")): Object: 'Object Repository/Факторный анализ/Снять выделение в фильтре Дата Выручка' is clicked on

31-03-2025T12:06:56 - [MESSAGE][PASSED] - Object: 'Object Repository/Факторный анализ/Снять выделение в фильтре Дата Выручка' is clicked on

31-03-2025T12:06:56 - [TEST_STEP][PASSED] - click(findTestObject("Факторный анализ/Применить в фильтре Дата Выручка")): Object: 'Object Repository/Факторный анализ/Применить в фильтре Дата Выручка' is clicked on

31-03-2025T12:06:56 - [MESSAGE][PASSED] - Object: 'Object Repository/Факторный анализ/Применить в фильтре Дата Выручка' is clicked on

31-03-2025T12:06:56 - [TEST_STEP][PASSED] - delay(10): Delayed 10 second(s)

31-03-2025T12:07:07 - [MESSAGE][PASSED] - Delayed 10 second(s)

31-03-2025T12:07:07 - [TEST_STEP][PASSED] - click(findTestObject("Факторный анализ/Фильтр Дата Выручка")): Object: 'Object Repository/Факторный анализ/Фильтр Дата Выручка' is clicked on

31-03-2025T12:07:07 - [MESSAGE][PASSED] - Object: 'Object Repository/Факторный анализ/Фильтр Дата Выручка' is clicked on

31-03-2025T12:07:07 - [TEST_STEP][PASSED] - click(findTestObject("Факторный анализ/Снять выделение в фильтре Дата Выручка")): Object: 'Object Repository/Факторный анализ/Снять выделение в фильтре Дата Выручка' is clicked on

31-03-2025T12:07:07 - [MESSAGE][PASSED] - Object: 'Object Repository/Факторный анализ/Снять выделение в фильтре Дата Выручка' is clicked on

31-03-2025T12:07:07 - [TEST_STEP][PASSED] - scrollToElement(findTestObject("Факторный анализ/2025 список Выручка"), 30): Scroll to object 'Object Repository/Факторный анализ/2025 список Выручка' successfully

31-03-2025T12:07:08 - [MESSAGE][PASSED] - Scroll to object 'Object Repository/Факторный анализ/2025 список Выручка' successfully

31-03-2025T12:07:08 - [TEST_STEP][PASSED] - click(findTestObject("Факторный анализ/2025 список Выручка")): Object: 'Object Repository/Факторный анализ/2025 список Выручка' is clicked on

31-03-2025T12:07:08 - [MESSAGE][PASSED] - Object: 'Object Repository/Факторный анализ/2025 список Выручка' is clicked on

31-03-2025T12:07:08 - [TEST_STEP][PASSED] - scrollToElement(findTestObject("Факторный анализ/1 квартал 2025 список Выручка"), 30): Scroll to object 'Object Repository/Факторный анализ/1 квартал 2025 список Выручка' successfully

31-03-2025T12:07:09 - [MESSAGE][PASSED] - Scroll to object 'Object Repository/Факторный анализ/1 квартал 2025 список Выручка' successfully

31-03-2025T12:07:09 - [TEST_STEP][PASSED] - click(findTestObject("Факторный анализ/1 квартал 2025 список Выручка"), CONTINUE_ON_FAILURE): Object: 'Object Repository/Факторный анализ/1 квартал 2025 список Выручка' is clicked on

31-03-2025T12:07:09 - [MESSAGE][PASSED] - Object: 'Object Repository/Факторный анализ/1 квартал 2025 список Выручка' is clicked on

31-03-2025T12:07:09 - [TEST_STEP][PASSED] - scrollToElement(findTestObject("Факторный анализ/Январь 2025 Выручка"), 30): Scroll to object 'Object Repository/Факторный анализ/Январь 2025 Выручка' successfully

31-03-2025T12:07:09 - [MESSAGE][PASSED] - Scroll to object 'Object Repository/Факторный анализ/Январь 2025 Выручка' successfully

31-03-2025T12:07:09 - [TEST_STEP][PASSED] - click(findTestObject("Факторный анализ/Январь 2025 Выручка"), CONTINUE_ON_FAILURE): Object: 'Object Repository/Факторный анализ/Январь 2025 Выручка' is clicked on

31-03-2025T12:07:09 - [MESSAGE][PASSED] - Object: 'Object Repository/Факторный анализ/Январь 2025 Выручка' is clicked on

31-03-2025T12:07:09 - [TEST_STEP][PASSED] - scrollToElement(findTestObject("Факторный анализ/Февраль 2025 Выручка"), 30): Scroll to object 'Object Repository/Факторный анализ/Февраль 2025 Выручка' successfully

31-03-2025T12:07:10 - [MESSAGE][PASSED] - Scroll to object 'Object Repository/Факторный анализ/Февраль 2025 Выручка' successfully

31-03-2025T12:07:10 - [TEST_STEP][PASSED] - click(findTestObject("Факторный анализ/Февраль 2025 Выручка"), CONTINUE_ON_FAILURE): Object: 'Object Repository/Факторный анализ/Февраль 2025 Выручка' is clicked on

31-03-2025T12:07:10 - [MESSAGE][PASSED] - Object: 'Object Repository/Факторный анализ/Февраль 2025 Выручка' is clicked on

31-03-2025T12:07:10 - [TEST_STEP][PASSED] - scrollToElement(findTestObject("Факторный анализ/Заголовок дашборда Выручка"), 30): Scroll to object 'Object Repository/Факторный анализ/Заголовок дашборда Выручка' successfully

31-03-2025T12:07:11 - [MESSAGE][PASSED] - Scroll to object 'Object Repository/Факторный анализ/Заголовок дашборда Выручка' successfully

31-03-2025T12:07:11 - [TEST_STEP][PASSED] - click(findTestObject("Факторный анализ/Применить в фильтре Дата Выручка")): Object: 'Object Repository/Факторный анализ/Применить в фильтре Дата Выручка' is clicked on

31-03-2025T12:07:11 - [MESSAGE][PASSED] - Object: 'Object Repository/Факторный анализ/Применить в фильтре Дата Выручка' is clicked on

31-03-2025T12:07:11 - [TEST_STEP][FAILED] - if (run == 1): null

31-03-2025T12:07:11 - [TEST_STEP][FAILED] - b = getText(findTestObject("Факторный анализ/Отклонения выручки по факторам Выручка")): Unable to get text of object 'Object Repository/Факторный анализ/Отклонения выручки по факторам Выручка' (Root cause: com.kms.katalon.core.exception.StepFailedException: Unable to get text of object 'Object Repository/Факторный анализ/Отклонения выручки по факторам Выручка'
	at com.kms.katalon.core.webui.keyword.internal.WebUIKeywordMain.stepFailed(WebUIKeywordMain.groovy:64)
	at com.kms.katalon.core.webui.keyword.internal.WebUIKeywordMain.runKeyword(WebUIKeywordMain.groovy:26)
	at com.kms.katalon.core.webui.keyword.builtin.GetTextKeyword.getText(GetTextKeyword.groovy:88)
	at com.kms.katalon.core.webui.keyword.builtin.GetTextKeyword.execute(GetTextKeyword.groovy:67)
	at com.kms.katalon.core.keyword.internal.KeywordExecutor.executeKeywordForPlatform(KeywordExecutor.groovy:74)
	at com.kms.katalon.core.webui.keyword.WebUiBuiltInKeywords.getText(WebUiBuiltInKeywords.groovy:957)
	at Факторный анализ сверка дашбордов.Test(Факторный анализ сверка дашбордов:365)
	at Факторный анализ сверка дашбордов.run(Факторный анализ сверка дашбордов:44)
	at com.kms.katalon.core.main.ScriptEngine.run(ScriptEngine.java:194)
	at com.kms.katalon.core.main.ScriptEngine.runScriptAsRawText(ScriptEngine.java:119)
	at com.kms.katalon.core.main.TestCaseExecutor.runScript(TestCaseExecutor.java:448)
	at com.kms.katalon.core.main.TestCaseExecutor.doExecute(TestCaseExecutor.java:439)
	at com.kms.katalon.core.main.TestCaseExecutor.processExecutionPhase(TestCaseExecutor.java:418)
	at com.kms.katalon.core.main.TestCaseExecutor.accessMainPhase(TestCaseExecutor.java:410)
	at com.kms.katalon.core.main.TestCaseExecutor.execute(TestCaseExecutor.java:285)
	at com.kms.katalon.core.common.CommonExecutor.accessTestCaseMainPhase(CommonExecutor.java:65)
	at com.kms.katalon.core.main.TestSuiteExecutor.accessTestSuiteMainPhase(TestSuiteExecutor.java:150)
	at com.kms.katalon.core.main.TestSuiteExecutor.execute(TestSuiteExecutor.java:106)
	at com.kms.katalon.core.main.TestCaseMain.startTestSuite(TestCaseMain.java:180)
	at TempTestSuite1743404878601.run(TempTestSuite1743404878601.groovy:35)
	at java.base/jdk.internal.reflect.NativeMethodAccessorImpl.invoke0(Native Method)
	at java.base/jdk.internal.reflect.NativeMethodAccessorImpl.invoke(NativeMethodAccessorImpl.java:77)
	at java.base/jdk.internal.reflect.DelegatingMethodAccessorImpl.invoke(DelegatingMethodAccessorImpl.java:43)
Caused by: com.kms.katalon.core.webui.exception.WebElementNotFoundException: Web element with id: 'Object Repository/Факторный анализ/Отклонения выручки по факторам Выручка' located by '(.//*[normalize-space(text()) and normalize-space(.)='В начало'])[20]/following::*[name()='svg'][1]' not found
	at com.kms.katalon.core.webui.common.WebUiCommonHelper.findWebElement(WebUiCommonHelper.java:1426)
	at com.kms.katalon.core.webui.keyword.internal.WebUIAbstractKeyword.findWebElement(WebUIAbstractKeyword.groovy:27)
	at com.kms.katalon.core.webui.keyword.internal.WebUIAbstractKeyword.findWebElement(WebUIAbstractKeyword.groovy:26)
	at com.kms.katalon.core.webui.keyword.builtin.GetTextKeyword$_getText_closure1.doCall(GetTextKeyword.groovy:78)
	at com.kms.katalon.core.webui.keyword.builtin.GetTextKeyword$_getText_closure1.call(GetTextKeyword.groovy)
	at com.kms.katalon.core.webui.keyword.internal.WebUIKeywordMain.runKeyword(WebUIKeywordMain.groovy:20)
	at com.kms.katalon.core.webui.keyword.builtin.GetTextKeyword.getText(GetTextKeyword.groovy:88)
	at com.kms.katalon.core.webui.keyword.builtin.GetTextKeyword.execute(GetTextKeyword.groovy:67)
	at com.kms.katalon.core.keyword.internal.KeywordExecutor.executeKeywordForPlatform(KeywordExecutor.groovy:74)
	at com.kms.katalon.core.webui.keyword.WebUiBuiltInKeywords.getText(WebUiBuiltInKeywords.groovy:957)
	at Script1719551244403.Test(Script1719551244403.groovy:365)
	at Script1719551244403.run(Script1719551244403.groovy:44)
	... 15 more
)

31-03-2025T12:07:43 - [MESSAGE][INFO] - Unable to find the element located by 'By.xpath: (.//*[normalize-space(text()) and normalize-space(.)='В начало'])[20]/following::*[name()='svg'][1]'. Please recheck the objects properties to make sure the desired element is located. 

31-03-2025T12:07:43 - [MESSAGE][FAILED] - Unable to get text of object 'Object Repository/Факторный анализ/Отклонения выручки по факторам Выручка' (Root cause: com.kms.katalon.core.exception.StepFailedException: Unable to get text of object 'Object Repository/Факторный анализ/Отклонения выручки по факторам Выручка'
	at com.kms.katalon.core.webui.keyword.internal.WebUIKeywordMain.stepFailed(WebUIKeywordMain.groovy:64)
	at com.kms.katalon.core.webui.keyword.internal.WebUIKeywordMain.runKeyword(WebUIKeywordMain.groovy:26)
	at com.kms.katalon.core.webui.keyword.builtin.GetTextKeyword.getText(GetTextKeyword.groovy:88)
	at com.kms.katalon.core.webui.keyword.builtin.GetTextKeyword.execute(GetTextKeyword.groovy:67)
	at com.kms.katalon.core.keyword.internal.KeywordExecutor.executeKeywordForPlatform(KeywordExecutor.groovy:74)
	at com.kms.katalon.core.webui.keyword.WebUiBuiltInKeywords.getText(WebUiBuiltInKeywords.groovy:957)
	at Факторный анализ сверка дашбордов.Test(Факторный анализ сверка дашбордов:365)
	at Факторный анализ сверка дашбордов.run(Факторный анализ сверка дашбордов:44)
	at com.kms.katalon.core.main.ScriptEngine.run(ScriptEngine.java:194)
	at com.kms.katalon.core.main.ScriptEngine.runScriptAsRawText(ScriptEngine.java:119)
	at com.kms.katalon.core.main.TestCaseExecutor.runScript(TestCaseExecutor.java:448)
	at com.kms.katalon.core.main.TestCaseExecutor.doExecute(TestCaseExecutor.java:439)
	at com.kms.katalon.core.main.TestCaseExecutor.processExecutionPhase(TestCaseExecutor.java:418)
	at com.kms.katalon.core.main.TestCaseExecutor.accessMainPhase(TestCaseExecutor.java:410)
	at com.kms.katalon.core.main.TestCaseExecutor.execute(TestCaseExecutor.java:285)
	at com.kms.katalon.core.common.CommonExecutor.accessTestCaseMainPhase(CommonExecutor.java:65)
	at com.kms.katalon.core.main.TestSuiteExecutor.accessTestSuiteMainPhase(TestSuiteExecutor.java:150)
	at com.kms.katalon.core.main.TestSuiteExecutor.execute(TestSuiteExecutor.java:106)
	at com.kms.katalon.core.main.TestCaseMain.startTestSuite(TestCaseMain.java:180)
	at TempTestSuite1743404878601.run(TempTestSuite1743404878601.groovy:35)
	at java.base/jdk.internal.reflect.NativeMethodAccessorImpl.invoke0(Native Method)
	at java.base/jdk.internal.reflect.NativeMethodAccessorImpl.invoke(NativeMethodAccessorImpl.java:77)
	at java.base/jdk.internal.reflect.DelegatingMethodAccessorImpl.invoke(DelegatingMethodAccessorImpl.java:43)
Caused by: com.kms.katalon.core.webui.exception.WebElementNotFoundException: Web element with id: 'Object Repository/Факторный анализ/Отклонения выручки по факторам Выручка' located by '(.//*[normalize-space(text()) and normalize-space(.)='В начало'])[20]/following::*[name()='svg'][1]' not found
	at com.kms.katalon.core.webui.common.WebUiCommonHelper.findWebElement(WebUiCommonHelper.java:1426)
	at com.kms.katalon.core.webui.keyword.internal.WebUIAbstractKeyword.findWebElement(WebUIAbstractKeyword.groovy:27)
	at com.kms.katalon.core.webui.keyword.internal.WebUIAbstractKeyword.findWebElement(WebUIAbstractKeyword.groovy:26)
	at com.kms.katalon.core.webui.keyword.builtin.GetTextKeyword$_getText_closure1.doCall(GetTextKeyword.groovy:78)
	at com.kms.katalon.core.webui.keyword.builtin.GetTextKeyword$_getText_closure1.call(GetTextKeyword.groovy)
	at com.kms.katalon.core.webui.keyword.internal.WebUIKeywordMain.runKeyword(WebUIKeywordMain.groovy:20)
	at com.kms.katalon.core.webui.keyword.builtin.GetTextKeyword.getText(GetTextKeyword.groovy:88)
	at com.kms.katalon.core.webui.keyword.builtin.GetTextKeyword.execute(GetTextKeyword.groovy:67)
	at com.kms.katalon.core.keyword.internal.KeywordExecutor.executeKeywordForPlatform(KeywordExecutor.groovy:74)
	at com.kms.katalon.core.webui.keyword.WebUiBuiltInKeywords.getText(WebUiBuiltInKeywords.groovy:957)
	at Script1719551244403.Test(Script1719551244403.groovy:365)
	at Script1719551244403.run(Script1719551244403.groovy:44)
	... 15 more
)
[[ATTACHMENT|C:\\Users\\LIAZGINA-DI\\git\\SPORU\\Reports\\20250331_100758\\\u041F\u043D-\u0421\u0440-\u041F\u0442\\\u0421\u0432\u0435\u0440\u043A\u0430 \u0434\u0430\u0448\u0431\u043E\u0440\u0434\u043E\u0432 \u0438\u0437 \u0440\u0430\u0437\u043D\u044B\u0445 \u0431\u043B\u043E\u043A\u043E\u0432\\20250331_100758\\1743412063079.png]]

31-03-2025T12:07:43 - [TEST_STEP][ERROR] - b = b.replaceAll("[\r?
|
]", "/"): Test Cases/Сверки дашбордов/Факторный анализ сверка дашбордов FAILED.
Reason:
java.lang.NullPointerException: Cannot invoke method replaceAll() on null object
	at Факторный анализ сверка дашбордов.Test(Факторный анализ сверка дашбордов:367)
	at Факторный анализ сверка дашбордов.run(Факторный анализ сверка дашбордов:44)
	at com.kms.katalon.core.main.ScriptEngine.run(ScriptEngine.java:194)
	at com.kms.katalon.core.main.ScriptEngine.runScriptAsRawText(ScriptEngine.java:119)
	at com.kms.katalon.core.main.TestCaseExecutor.runScript(TestCaseExecutor.java:448)
	at com.kms.katalon.core.main.TestCaseExecutor.doExecute(TestCaseExecutor.java:439)
	at com.kms.katalon.core.main.TestCaseExecutor.processExecutionPhase(TestCaseExecutor.java:418)
	at com.kms.katalon.core.main.TestCaseExecutor.accessMainPhase(TestCaseExecutor.java:410)
	at com.kms.katalon.core.main.TestCaseExecutor.execute(TestCaseExecutor.java:285)
	at com.kms.katalon.core.common.CommonExecutor.accessTestCaseMainPhase(CommonExecutor.java:65)
	at com.kms.katalon.core.main.TestSuiteExecutor.accessTestSuiteMainPhase(TestSuiteExecutor.java:150)
	at com.kms.katalon.core.main.TestSuiteExecutor.execute(TestSuiteExecutor.java:106)
	at com.kms.katalon.core.main.TestCaseMain.startTestSuite(TestCaseMain.java:180)
	at TempTestSuite1743404878601.run(TempTestSuite1743404878601.groovy:35)
	at java.base/jdk.internal.reflect.NativeMethodAccessorImpl.invoke0(Native Method)
	at java.base/jdk.internal.reflect.NativeMethodAccessorImpl.invoke(NativeMethodAccessorImpl.java:77)
	at java.base/jdk.internal.reflect.DelegatingMethodAccessorImpl.invoke(DelegatingMethodAccessorImpl.java:43)


31-03-2025T12:07:43 - [MESSAGE][ERROR] - Test Cases/Сверки дашбордов/Факторный анализ сверка дашбордов FAILED.
Reason:
java.lang.NullPointerException: Cannot invoke method replaceAll() on null object
	at Факторный анализ сверка дашбордов.Test(Факторный анализ сверка дашбордов:367)
	at Факторный анализ сверка дашбордов.run(Факторный анализ сверка дашбордов:44)
	at com.kms.katalon.core.main.ScriptEngine.run(ScriptEngine.java:194)
	at com.kms.katalon.core.main.ScriptEngine.runScriptAsRawText(ScriptEngine.java:119)
	at com.kms.katalon.core.main.TestCaseExecutor.runScript(TestCaseExecutor.java:448)
	at com.kms.katalon.core.main.TestCaseExecutor.doExecute(TestCaseExecutor.java:439)
	at com.kms.katalon.core.main.TestCaseExecutor.processExecutionPhase(TestCaseExecutor.java:418)
	at com.kms.katalon.core.main.TestCaseExecutor.accessMainPhase(TestCaseExecutor.java:410)
	at com.kms.katalon.core.main.TestCaseExecutor.execute(TestCaseExecutor.java:285)
	at com.kms.katalon.core.common.CommonExecutor.accessTestCaseMainPhase(CommonExecutor.java:65)
	at com.kms.katalon.core.main.TestSuiteExecutor.accessTestSuiteMainPhase(TestSuiteExecutor.java:150)
	at com.kms.katalon.core.main.TestSuiteExecutor.execute(TestSuiteExecutor.java:106)
	at com.kms.katalon.core.main.TestCaseMain.startTestSuite(TestCaseMain.java:180)
	at TempTestSuite1743404878601.run(TempTestSuite1743404878601.groovy:35)
	at java.base/jdk.internal.reflect.NativeMethodAccessorImpl.invoke0(Native Method)
	at java.base/jdk.internal.reflect.NativeMethodAccessorImpl.invoke(NativeMethodAccessorImpl.java:77)
	at java.base/jdk.internal.reflect.DelegatingMethodAccessorImpl.invoke(DelegatingMethodAccessorImpl.java:43)]]></system-out>
         <system-err><![CDATA[31-03-2025T12:05:41 - [TEST_CASE][FAILED] - Test Cases/Сверки дашбордов/Факторный анализ сверка дашбордов: Test Cases/Сверки дашбордов/Факторный анализ сверка дашбордов FAILED.
Reason:
com.kms.katalon.core.exception.StepFailedException: Unable to get text of object 'Object Repository/Факторный анализ/Отклонения выручки по факторам Выручка' (Root cause: com.kms.katalon.core.exception.StepFailedException: Unable to get text of object 'Object Repository/Факторный анализ/Отклонения выручки по факторам Выручка'
	at com.kms.katalon.core.webui.keyword.internal.WebUIKeywordMain.stepFailed(WebUIKeywordMain.groovy:64)
	at com.kms.katalon.core.webui.keyword.internal.WebUIKeywordMain.runKeyword(WebUIKeywordMain.groovy:26)
	at com.kms.katalon.core.webui.keyword.builtin.GetTextKeyword.getText(GetTextKeyword.groovy:88)
	at com.kms.katalon.core.webui.keyword.builtin.GetTextKeyword.execute(GetTextKeyword.groovy:67)
	at com.kms.katalon.core.keyword.internal.KeywordExecutor.executeKeywordForPlatform(KeywordExecutor.groovy:74)
	at com.kms.katalon.core.webui.keyword.WebUiBuiltInKeywords.getText(WebUiBuiltInKeywords.groovy:957)
	at Факторный анализ сверка дашбордов.Test(Факторный анализ сверка дашбордов:365)
	at Факторный анализ сверка дашбордов.run(Факторный анализ сверка дашбордов:44)
	at com.kms.katalon.core.main.ScriptEngine.run(ScriptEngine.java:194)
	at com.kms.katalon.core.main.ScriptEngine.runScriptAsRawText(ScriptEngine.java:119)
	at com.kms.katalon.core.main.TestCaseExecutor.runScript(TestCaseExecutor.java:448)
	at com.kms.katalon.core.main.TestCaseExecutor.doExecute(TestCaseExecutor.java:439)
	at com.kms.katalon.core.main.TestCaseExecutor.processExecutionPhase(TestCaseExecutor.java:418)
	at com.kms.katalon.core.main.TestCaseExecutor.accessMainPhase(TestCaseExecutor.java:410)
	at com.kms.katalon.core.main.TestCaseExecutor.execute(TestCaseExecutor.java:285)
	at com.kms.katalon.core.common.CommonExecutor.accessTestCaseMainPhase(CommonExecutor.java:65)
	at com.kms.katalon.core.main.TestSuiteExecutor.accessTestSuiteMainPhase(TestSuiteExecutor.java:150)
	at com.kms.katalon.core.main.TestSuiteExecutor.execute(TestSuiteExecutor.java:106)
	at com.kms.katalon.core.main.TestCaseMain.startTestSuite(TestCaseMain.java:180)
	at TempTestSuite1743404878601.run(TempTestSuite1743404878601.groovy:35)
	at java.base/jdk.internal.reflect.NativeMethodAccessorImpl.invoke0(Native Method)
	at java.base/jdk.internal.reflect.NativeMethodAccessorImpl.invoke(NativeMethodAccessorImpl.java:77)
	at java.base/jdk.internal.reflect.DelegatingMethodAccessorImpl.invoke(DelegatingMethodAccessorImpl.java:43)
Caused by: com.kms.katalon.core.webui.exception.WebElementNotFoundException: Web element with id: 'Object Repository/Факторный анализ/Отклонения выручки по факторам Выручка' located by '(.//*[normalize-space(text()) and normalize-space(.)='В начало'])[20]/following::*[name()='svg'][1]' not found
	at com.kms.katalon.core.webui.common.WebUiCommonHelper.findWebElement(WebUiCommonHelper.java:1426)
	at com.kms.katalon.core.webui.keyword.internal.WebUIAbstractKeyword.findWebElement(WebUIAbstractKeyword.groovy:27)
	at com.kms.katalon.core.webui.keyword.internal.WebUIAbstractKeyword.findWebElement(WebUIAbstractKeyword.groovy:26)
	at com.kms.katalon.core.webui.keyword.builtin.GetTextKeyword$_getText_closure1.doCall(GetTextKeyword.groovy:78)
	at com.kms.katalon.core.webui.keyword.builtin.GetTextKeyword$_getText_closure1.call(GetTextKeyword.groovy)
	at com.kms.katalon.core.webui.keyword.internal.WebUIKeywordMain.runKeyword(WebUIKeywordMain.groovy:20)
	at com.kms.katalon.core.webui.keyword.builtin.GetTextKeyword.getText(GetTextKeyword.groovy:88)
	at com.kms.katalon.core.webui.keyword.builtin.GetTextKeyword.execute(GetTextKeyword.groovy:67)
	at com.kms.katalon.core.keyword.internal.KeywordExecutor.executeKeywordForPlatform(KeywordExecutor.groovy:74)
	at com.kms.katalon.core.webui.keyword.WebUiBuiltInKeywords.getText(WebUiBuiltInKeywords.groovy:957)
	at Script1719551244403.Test(Script1719551244403.groovy:365)
	at Script1719551244403.run(Script1719551244403.groovy:44)
	... 15 more
)
	at com.kms.katalon.core.keyword.internal.KeywordMain.stepFailed(KeywordMain.groovy:39)
	at com.kms.katalon.core.webui.keyword.internal.WebUIKeywordMain.stepFailed(WebUIKeywordMain.groovy:64)
	at com.kms.katalon.core.webui.keyword.internal.WebUIKeywordMain.runKeyword(WebUIKeywordMain.groovy:26)
	at com.kms.katalon.core.webui.keyword.builtin.GetTextKeyword.getText(GetTextKeyword.groovy:88)
	at com.kms.katalon.core.webui.keyword.builtin.GetTextKeyword.execute(GetTextKeyword.groovy:67)
	at com.kms.katalon.core.keyword.internal.KeywordExecutor.executeKeywordForPlatform(KeywordExecutor.groovy:74)
	at com.kms.katalon.core.webui.keyword.WebUiBuiltInKeywords.getText(WebUiBuiltInKeywords.groovy:957)
	at Факторный анализ сверка дашбордов.Test(Факторный анализ сверка дашбордов:365)
	at Факторный анализ сверка дашбордов.run(Факторный анализ сверка дашбордов:44)
	at com.kms.katalon.core.main.ScriptEngine.run(ScriptEngine.java:194)
	at com.kms.katalon.core.main.ScriptEngine.runScriptAsRawText(ScriptEngine.java:119)
	at com.kms.katalon.core.main.TestCaseExecutor.runScript(TestCaseExecutor.java:448)
	at com.kms.katalon.core.main.TestCaseExecutor.doExecute(TestCaseExecutor.java:439)
	at com.kms.katalon.core.main.TestCaseExecutor.processExecutionPhase(TestCaseExecutor.java:418)
	at com.kms.katalon.core.main.TestCaseExecutor.accessMainPhase(TestCaseExecutor.java:410)
	at com.kms.katalon.core.main.TestCaseExecutor.execute(TestCaseExecutor.java:285)
	at com.kms.katalon.core.common.CommonExecutor.accessTestCaseMainPhase(CommonExecutor.java:65)
	at com.kms.katalon.core.main.TestSuiteExecutor.accessTestSuiteMainPhase(TestSuiteExecutor.java:150)
	at com.kms.katalon.core.main.TestSuiteExecutor.execute(TestSuiteExecutor.java:106)
	at com.kms.katalon.core.main.TestCaseMain.startTestSuite(TestCaseMain.java:180)
	at TempTestSuite1743404878601.run(TempTestSuite1743404878601.groovy:35)
	at java.base/jdk.internal.reflect.NativeMethodAccessorImpl.invoke0(Native Method)
	at java.base/jdk.internal.reflect.NativeMethodAccessorImpl.invoke(NativeMethodAccessorImpl.java:77)
	at java.base/jdk.internal.reflect.DelegatingMethodAccessorImpl.invoke(DelegatingMethodAccessorImpl.java:43)
Caused by: com.kms.katalon.core.exception.StepFailedException: Unable to get text of object 'Object Repository/Факторный анализ/Отклонения выручки по факторам Выручка'
	... 23 more
Caused by: com.kms.katalon.core.webui.exception.WebElementNotFoundException: Web element with id: 'Object Repository/Факторный анализ/Отклонения выручки по факторам Выручка' located by '(.//*[normalize-space(text()) and normalize-space(.)='В начало'])[20]/following::*[name()='svg'][1]' not found
	at com.kms.katalon.core.webui.common.WebUiCommonHelper.findWebElement(WebUiCommonHelper.java:1426)
	at com.kms.katalon.core.webui.keyword.internal.WebUIAbstractKeyword.findWebElement(WebUIAbstractKeyword.groovy:27)
	at com.kms.katalon.core.webui.keyword.internal.WebUIAbstractKeyword.findWebElement(WebUIAbstractKeyword.groovy:26)
	at com.kms.katalon.core.webui.keyword.builtin.GetTextKeyword$_getText_closure1.doCall(GetTextKeyword.groovy:78)
	at com.kms.katalon.core.webui.keyword.builtin.GetTextKeyword$_getText_closure1.call(GetTextKeyword.groovy)
	at com.kms.katalon.core.webui.keyword.internal.WebUIKeywordMain.runKeyword(WebUIKeywordMain.groovy:20)
	... 21 more]]></system-err>
      </testcase>
      <testcase name="Test Cases/Выполнение бизнес-плана/Выполнение бизнес-плана Сверка ПАО Россети все филиалы" time="1228.114" classname="Test Cases/Выполнение бизнес-плана/Выполнение бизнес-плана Сверка ПАО Россети все филиалы" status="FAILED">
         <failure type="FAILED" message="Test Cases/Выполнение бизнес-плана/Выполнение бизнес-плана Сверка ПАО Россети все филиалы FAILED.&#xa;Reason:&#xa;com.kms.katalon.core.exception.StepFailedException: Unable to verify equal between actual object '6' and expected object '0' (Root cause: com.kms.katalon.core.exception.StepFailedException: Actual object '6' and expected object '0' are not equal&#xa;	at com.kms.katalon.core.keyword.builtin.VerifyEqualKeyword$_verifyEqual_closure1.doCall(VerifyEqualKeyword.groovy:58)&#xa;	at com.kms.katalon.core.keyword.builtin.VerifyEqualKeyword$_verifyEqual_closure1.call(VerifyEqualKeyword.groovy)&#xa;	at com.kms.katalon.core.keyword.internal.KeywordMain.runKeyword(KeywordMain.groovy:75)&#xa;	at com.kms.katalon.core.keyword.builtin.VerifyEqualKeyword.verifyEqual(VerifyEqualKeyword.groovy:63)&#xa;	at com.kms.katalon.core.keyword.builtin.VerifyEqualKeyword.execute(VerifyEqualKeyword.groovy:44)&#xa;	at com.kms.katalon.core.keyword.internal.KeywordExecutor.executeKeywordForPlatform(KeywordExecutor.groovy:74)&#xa;	at com.kms.katalon.core.keyword.BuiltinKeywords.verifyEqual(BuiltinKeywords.groovy:146)&#xa;	at jdk.internal.reflect.GeneratedMethodAccessor28.invoke(Unknown Source)&#xa;	at java.base/jdk.internal.reflect.DelegatingMethodAccessorImpl.invoke(DelegatingMethodAccessorImpl.java:43)&#xa;	at Выполнение бизнес-плана Сверка ПАО Россети все филиалы.Numbers(Выполнение бизнес-плана Сверка ПАО Россети все филиалы:744)&#xa;	at Выполнение бизнес-плана Сверка ПАО Россети все филиалы.run(Выполнение бизнес-плана Сверка ПАО Россети все филиалы:172)&#xa;	at com.kms.katalon.core.main.ScriptEngine.run(ScriptEngine.java:194)&#xa;	at com.kms.katalon.core.main.ScriptEngine.runScriptAsRawText(ScriptEngine.java:119)&#xa;	at com.kms.katalon.core.main.TestCaseExecutor.runScript(TestCaseExecutor.java:448)&#xa;	at com.kms.katalon.core.main.TestCaseExecutor.doExecute(TestCaseExecutor.java:439)&#xa;	at com.kms.katalon.core.main.TestCaseExecutor.processExecutionPhase(TestCaseExecutor.java:418)&#xa;	at com.kms.katalon.core.main.TestCaseExecutor.accessMainPhase(TestCaseExecutor.java:410)&#xa;	at com.kms.katalon.core.main.TestCaseExecutor.execute(TestCaseExecutor.java:285)&#xa;	at com.kms.katalon.core.common.CommonExecutor.accessTestCaseMainPhase(CommonExecutor.java:65)&#xa;	at com.kms.katalon.core.main.TestSuiteExecutor.accessTestSuiteMainPhase(TestSuiteExecutor.java:150)&#xa;	at com.kms.katalon.core.main.TestSuiteExecutor.execute(TestSuiteExecutor.java:106)&#xa;	at com.kms.katalon.core.main.TestCaseMain.startTestSuite(TestCaseMain.java:180)&#xa;	at TempTestSuite1743404878601.run(TempTestSuite1743404878601.groovy:35)&#xa;	at java.base/jdk.internal.reflect.NativeMethodAccessorImpl.invoke0(Native Method)&#xa;	at java.base/jdk.internal.reflect.NativeMethodAccessorImpl.invoke(NativeMethodAccessorImpl.java:77)&#xa;	at java.base/jdk.internal.reflect.DelegatingMethodAccessorImpl.invoke(DelegatingMethodAccessorImpl.java:43)&#xa;)&#xa;	at com.kms.katalon.core.keyword.internal.KeywordMain.stepFailed(KeywordMain.groovy:39)&#xa;	at com.kms.katalon.core.keyword.internal.KeywordMain.stepFailed(KeywordMain.groovy)&#xa;	at com.kms.katalon.core.keyword.internal.KeywordMain.runKeyword(KeywordMain.groovy:77)&#xa;	at com.kms.katalon.core.keyword.builtin.VerifyEqualKeyword.verifyEqual(VerifyEqualKeyword.groovy:63)&#xa;	at com.kms.katalon.core.keyword.builtin.VerifyEqualKeyword.execute(VerifyEqualKeyword.groovy:44)&#xa;	at com.kms.katalon.core.keyword.internal.KeywordExecutor.executeKeywordForPlatform(KeywordExecutor.groovy:74)&#xa;	at com.kms.katalon.core.keyword.BuiltinKeywords.verifyEqual(BuiltinKeywords.groovy:146)&#xa;	at jdk.internal.reflect.GeneratedMethodAccessor28.invoke(Unknown Source)&#xa;	at java.base/jdk.internal.reflect.DelegatingMethodAccessorImpl.invoke(DelegatingMethodAccessorImpl.java:43)&#xa;	at Выполнение бизнес-плана Сверка ПАО Россети все филиалы.Numbers(Выполнение бизнес-плана Сверка ПАО Россети все филиалы:744)&#xa;	at Выполнение бизнес-плана Сверка ПАО Россети все филиалы.run(Выполнение бизнес-плана Сверка ПАО Россети все филиалы:172)&#xa;	at com.kms.katalon.core.main.ScriptEngine.run(ScriptEngine.java:194)&#xa;	at com.kms.katalon.core.main.ScriptEngine.runScriptAsRawText(ScriptEngine.java:119)&#xa;	at com.kms.katalon.core.main.TestCaseExecutor.runScript(TestCaseExecutor.java:448)&#xa;	at com.kms.katalon.core.main.TestCaseExecutor.doExecute(TestCaseExecutor.java:439)&#xa;	at com.kms.katalon.core.main.TestCaseExecutor.processExecutionPhase(TestCaseExecutor.java:418)&#xa;	at com.kms.katalon.core.main.TestCaseExecutor.accessMainPhase(TestCaseExecutor.java:410)&#xa;	at com.kms.katalon.core.main.TestCaseExecutor.execute(TestCaseExecutor.java:285)&#xa;	at com.kms.katalon.core.common.CommonExecutor.accessTestCaseMainPhase(CommonExecutor.java:65)&#xa;	at com.kms.katalon.core.main.TestSuiteExecutor.accessTestSuiteMainPhase(TestSuiteExecutor.java:150)&#xa;	at com.kms.katalon.core.main.TestSuiteExecutor.execute(TestSuiteExecutor.java:106)&#xa;	at com.kms.katalon.core.main.TestCaseMain.startTestSuite(TestCaseMain.java:180)&#xa;	at TempTestSuite1743404878601.run(TempTestSuite1743404878601.groovy:35)&#xa;	at java.base/jdk.internal.reflect.NativeMethodAccessorImpl.invoke0(Native Method)&#xa;	at java.base/jdk.internal.reflect.NativeMethodAccessorImpl.invoke(NativeMethodAccessorImpl.java:77)&#xa;	at java.base/jdk.internal.reflect.DelegatingMethodAccessorImpl.invoke(DelegatingMethodAccessorImpl.java:43)&#xa;Caused by: com.kms.katalon.core.exception.StepFailedException: Actual object '6' and expected object '0' are not equal&#xa;	at com.kms.katalon.core.keyword.builtin.VerifyEqualKeyword$_verifyEqual_closure1.doCall(VerifyEqualKeyword.groovy:58)&#xa;	at com.kms.katalon.core.keyword.builtin.VerifyEqualKeyword$_verifyEqual_closure1.call(VerifyEqualKeyword.groovy)&#xa;	at com.kms.katalon.core.keyword.internal.KeywordMain.runKeyword(KeywordMain.groovy:75)&#xa;	... 23 more&#xa;"/>
         <system-out><![CDATA[31-03-2025T12:07:43 - [TEST_CASE][FAILED] - Test Cases/Выполнение бизнес-плана/Выполнение бизнес-плана Сверка ПАО Россети все филиалы: Test Cases/Выполнение бизнес-плана/Выполнение бизнес-плана Сверка ПАО Россети все филиалы FAILED.
Reason:
com.kms.katalon.core.exception.StepFailedException: Unable to verify equal between actual object '6' and expected object '0' (Root cause: com.kms.katalon.core.exception.StepFailedException: Actual object '6' and expected object '0' are not equal
	at com.kms.katalon.core.keyword.builtin.VerifyEqualKeyword$_verifyEqual_closure1.doCall(VerifyEqualKeyword.groovy:58)
	at com.kms.katalon.core.keyword.builtin.VerifyEqualKeyword$_verifyEqual_closure1.call(VerifyEqualKeyword.groovy)
	at com.kms.katalon.core.keyword.internal.KeywordMain.runKeyword(KeywordMain.groovy:75)
	at com.kms.katalon.core.keyword.builtin.VerifyEqualKeyword.verifyEqual(VerifyEqualKeyword.groovy:63)
	at com.kms.katalon.core.keyword.builtin.VerifyEqualKeyword.execute(VerifyEqualKeyword.groovy:44)
	at com.kms.katalon.core.keyword.internal.KeywordExecutor.executeKeywordForPlatform(KeywordExecutor.groovy:74)
	at com.kms.katalon.core.keyword.BuiltinKeywords.verifyEqual(BuiltinKeywords.groovy:146)
	at jdk.internal.reflect.GeneratedMethodAccessor28.invoke(Unknown Source)
	at java.base/jdk.internal.reflect.DelegatingMethodAccessorImpl.invoke(DelegatingMethodAccessorImpl.java:43)
	at Выполнение бизнес-плана Сверка ПАО Россети все филиалы.Numbers(Выполнение бизнес-плана Сверка ПАО Россети все филиалы:744)
	at Выполнение бизнес-плана Сверка ПАО Россети все филиалы.run(Выполнение бизнес-плана Сверка ПАО Россети все филиалы:172)
	at com.kms.katalon.core.main.ScriptEngine.run(ScriptEngine.java:194)
	at com.kms.katalon.core.main.ScriptEngine.runScriptAsRawText(ScriptEngine.java:119)
	at com.kms.katalon.core.main.TestCaseExecutor.runScript(TestCaseExecutor.java:448)
	at com.kms.katalon.core.main.TestCaseExecutor.doExecute(TestCaseExecutor.java:439)
	at com.kms.katalon.core.main.TestCaseExecutor.processExecutionPhase(TestCaseExecutor.java:418)
	at com.kms.katalon.core.main.TestCaseExecutor.accessMainPhase(TestCaseExecutor.java:410)
	at com.kms.katalon.core.main.TestCaseExecutor.execute(TestCaseExecutor.java:285)
	at com.kms.katalon.core.common.CommonExecutor.accessTestCaseMainPhase(CommonExecutor.java:65)
	at com.kms.katalon.core.main.TestSuiteExecutor.accessTestSuiteMainPhase(TestSuiteExecutor.java:150)
	at com.kms.katalon.core.main.TestSuiteExecutor.execute(TestSuiteExecutor.java:106)
	at com.kms.katalon.core.main.TestCaseMain.startTestSuite(TestCaseMain.java:180)
	at TempTestSuite1743404878601.run(TempTestSuite1743404878601.groovy:35)
	at java.base/jdk.internal.reflect.NativeMethodAccessorImpl.invoke0(Native Method)
	at java.base/jdk.internal.reflect.NativeMethodAccessorImpl.invoke(NativeMethodAccessorImpl.java:77)
	at java.base/jdk.internal.reflect.DelegatingMethodAccessorImpl.invoke(DelegatingMethodAccessorImpl.java:43)
)
	at com.kms.katalon.core.keyword.internal.KeywordMain.stepFailed(KeywordMain.groovy:39)
	at com.kms.katalon.core.keyword.internal.KeywordMain.stepFailed(KeywordMain.groovy)
	at com.kms.katalon.core.keyword.internal.KeywordMain.runKeyword(KeywordMain.groovy:77)
	at com.kms.katalon.core.keyword.builtin.VerifyEqualKeyword.verifyEqual(VerifyEqualKeyword.groovy:63)
	at com.kms.katalon.core.keyword.builtin.VerifyEqualKeyword.execute(VerifyEqualKeyword.groovy:44)
	at com.kms.katalon.core.keyword.internal.KeywordExecutor.executeKeywordForPlatform(KeywordExecutor.groovy:74)
	at com.kms.katalon.core.keyword.BuiltinKeywords.verifyEqual(BuiltinKeywords.groovy:146)
	at jdk.internal.reflect.GeneratedMethodAccessor28.invoke(Unknown Source)
	at java.base/jdk.internal.reflect.DelegatingMethodAccessorImpl.invoke(DelegatingMethodAccessorImpl.java:43)
	at Выполнение бизнес-плана Сверка ПАО Россети все филиалы.Numbers(Выполнение бизнес-плана Сверка ПАО Россети все филиалы:744)
	at Выполнение бизнес-плана Сверка ПАО Россети все филиалы.run(Выполнение бизнес-плана Сверка ПАО Россети все филиалы:172)
	at com.kms.katalon.core.main.ScriptEngine.run(ScriptEngine.java:194)
	at com.kms.katalon.core.main.ScriptEngine.runScriptAsRawText(ScriptEngine.java:119)
	at com.kms.katalon.core.main.TestCaseExecutor.runScript(TestCaseExecutor.java:448)
	at com.kms.katalon.core.main.TestCaseExecutor.doExecute(TestCaseExecutor.java:439)
	at com.kms.katalon.core.main.TestCaseExecutor.processExecutionPhase(TestCaseExecutor.java:418)
	at com.kms.katalon.core.main.TestCaseExecutor.accessMainPhase(TestCaseExecutor.java:410)
	at com.kms.katalon.core.main.TestCaseExecutor.execute(TestCaseExecutor.java:285)
	at com.kms.katalon.core.common.CommonExecutor.accessTestCaseMainPhase(CommonExecutor.java:65)
	at com.kms.katalon.core.main.TestSuiteExecutor.accessTestSuiteMainPhase(TestSuiteExecutor.java:150)
	at com.kms.katalon.core.main.TestSuiteExecutor.execute(TestSuiteExecutor.java:106)
	at com.kms.katalon.core.main.TestCaseMain.startTestSuite(TestCaseMain.java:180)
	at TempTestSuite1743404878601.run(TempTestSuite1743404878601.groovy:35)
	at java.base/jdk.internal.reflect.NativeMethodAccessorImpl.invoke0(Native Method)
	at java.base/jdk.internal.reflect.NativeMethodAccessorImpl.invoke(NativeMethodAccessorImpl.java:77)
	at java.base/jdk.internal.reflect.DelegatingMethodAccessorImpl.invoke(DelegatingMethodAccessorImpl.java:43)
Caused by: com.kms.katalon.core.exception.StepFailedException: Actual object '6' and expected object '0' are not equal
	at com.kms.katalon.core.keyword.builtin.VerifyEqualKeyword$_verifyEqual_closure1.doCall(VerifyEqualKeyword.groovy:58)
	at com.kms.katalon.core.keyword.builtin.VerifyEqualKeyword$_verifyEqual_closure1.call(VerifyEqualKeyword.groovy)
	at com.kms.katalon.core.keyword.internal.KeywordMain.runKeyword(KeywordMain.groovy:75)
	... 23 more


31-03-2025T12:07:43 - [TEST_STEP][PASSED] - openBrowser(""): Browser is opened with url: ''

31-03-2025T12:07:43 - [MESSAGE][WARNING] - A browser is already opened. Closing browser and opening a new one

31-03-2025T12:07:44 - [MESSAGE][INFO] - Starting 'Chrome' driver

31-03-2025T12:07:44 - [MESSAGE][INFO] - Action delay is set to 0 milliseconds

31-03-2025T12:07:45 - [MESSAGE][PASSED] - Browser is opened with url: ''

31-03-2025T12:07:45 - [TEST_STEP][PASSED] - date = new java.util.Date(): null

31-03-2025T12:07:45 - [TEST_STEP][PASSED] - todaysDate = date.format("dd.MM.yyyy"): null

31-03-2025T12:07:45 - [TEST_STEP][PASSED] - dZO = <not implemented yet for class: org.codehaus.groovy.ast.expr.EmptyExpression>: null

31-03-2025T12:07:45 - [TEST_STEP][PASSED] - a = <not implemented yet for class: org.codehaus.groovy.ast.expr.EmptyExpression>: null

31-03-2025T12:07:45 - [TEST_STEP][PASSED] - fileperc = <not implemented yet for class: org.codehaus.groovy.ast.expr.EmptyExpression>: null

31-03-2025T12:07:45 - [TEST_STEP][PASSED] - pageperc = <not implemented yet for class: org.codehaus.groovy.ast.expr.EmptyExpression>: null

31-03-2025T12:07:45 - [TEST_STEP][PASSED] - pageInt = <not implemented yet for class: org.codehaus.groovy.ast.expr.EmptyExpression>: null

31-03-2025T12:07:45 - [TEST_STEP][PASSED] - fileInt = <not implemented yet for class: org.codehaus.groovy.ast.expr.EmptyExpression>: null

31-03-2025T12:07:45 - [TEST_STEP][PASSED] - pageDouble = <not implemented yet for class: org.codehaus.groovy.ast.expr.EmptyExpression>: null

31-03-2025T12:07:45 - [TEST_STEP][PASSED] - fileDouble = <not implemented yet for class: org.codehaus.groovy.ast.expr.EmptyExpression>: null

31-03-2025T12:07:45 - [TEST_STEP][PASSED] - typeOfData = <not implemented yet for class: org.codehaus.groovy.ast.expr.EmptyExpression>: null

31-03-2025T12:07:45 - [TEST_STEP][PASSED] - dzoNum = 0: null

31-03-2025T12:07:45 - [TEST_STEP][PASSED] - filialNum = 0: null

31-03-2025T12:07:45 - [TEST_STEP][PASSED] - urlText = <not implemented yet for class: org.codehaus.groovy.ast.expr.EmptyExpression>: null

31-03-2025T12:07:45 - [TEST_STEP][PASSED] - searchWord = <not implemented yet for class: org.codehaus.groovy.ast.expr.EmptyExpression>: null

31-03-2025T12:07:45 - [TEST_STEP][PASSED] - i = <not implemented yet for class: org.codehaus.groovy.ast.expr.EmptyExpression>: null

31-03-2025T12:07:45 - [TEST_STEP][PASSED] - ii = <not implemented yet for class: org.codehaus.groovy.ast.expr.EmptyExpression>: null

31-03-2025T12:07:45 - [TEST_STEP][PASSED] - navigateToUrl(findTestData("PlanFact").getValue(10, 1)): Navigate to 'https://bi.rosseti.digital/viewer?dashboardGuid=d154a8eaf6824e2b9de1bb04dd061c18&sheetGuid=1305e8ce744049e1abdacea1ea397a26&fit=true' successfully

31-03-2025T12:07:51 - [MESSAGE][PASSED] - Navigate to 'https://bi.rosseti.digital/viewer?dashboardGuid=d154a8eaf6824e2b9de1bb04dd061c18&sheetGuid=1305e8ce744049e1abdacea1ea397a26&fit=true' successfully

31-03-2025T12:07:51 - [TEST_STEP][PASSED] - urlText = getText(findTestObject("Страница авторизации/Text")): Text of object 'Object Repository/Страница авторизации/Text' is: 'Вход'

31-03-2025T12:07:53 - [MESSAGE][PASSED] - Text of object 'Object Repository/Страница авторизации/Text' is: 'Вход'

31-03-2025T12:07:53 - [TEST_STEP][PASSED] - delay(20): Delayed 20 second(s)

31-03-2025T12:08:13 - [MESSAGE][PASSED] - Delayed 20 second(s)

31-03-2025T12:08:13 - [TEST_STEP][PASSED] - searchWord = "Вход": null

31-03-2025T12:08:13 - [TEST_STEP][PASSED] - if (urlText.contains(searchWord) == false): null

31-03-2025T12:08:13 - [TEST_STEP][PASSED] - setText(findTestObject("Страница авторизации/input__username"), findTestData("PlanFact").getValue(8, 1)): Text 'liazgina-di' is set on object 'Object Repository/Страница авторизации/input__username'

31-03-2025T12:08:14 - [MESSAGE][PASSED] - Text 'liazgina-di' is set on object 'Object Repository/Страница авторизации/input__username'

31-03-2025T12:08:14 - [TEST_STEP][PASSED] - setText(findTestObject("Страница авторизации/input__password"), findTestData("PlanFact").getValue(9, 1)): Text ')$%5srZ8o688Dm#q' is set on object 'Object Repository/Страница авторизации/input__password'

31-03-2025T12:08:14 - [MESSAGE][PASSED] - Text ')$%5srZ8o688Dm#q' is set on object 'Object Repository/Страница авторизации/input__password'

31-03-2025T12:08:14 - [TEST_STEP][PASSED] - click(findTestObject("Страница авторизации/button_")): Object: 'Object Repository/Страница авторизации/button_' is clicked on

31-03-2025T12:08:16 - [MESSAGE][PASSED] - Object: 'Object Repository/Страница авторизации/button_' is clicked on

31-03-2025T12:08:16 - [TEST_STEP][PASSED] - delay(50): Delayed 50 second(s)

31-03-2025T12:09:06 - [MESSAGE][PASSED] - Delayed 50 second(s)

31-03-2025T12:09:06 - [TEST_STEP][PASSED] - searchWord = "ДЗО": null

31-03-2025T12:09:06 - [TEST_STEP][PASSED] - urlText = getText(findTestObject("Страница авторизации/Text")): Text of object 'Object Repository/Страница авторизации/Text' is: 'ДЗО 
ПАО Россети
Период
Январь, Февраль 2025 года
Отклонения фактического уровня потерь от бизнес-плана, п.п.
0.14
-0.99
-0.65
-1.51
-0.23
-0.38
-0.54
-1.82
-1.45
-1.44
-1.52
Россети ФСК ЕЭС
Россети Волга
Россети Московскийрегион
Россети Северо-Запад
Россети Томск
Россети Тюмень
Россети Урал (ГК)
Россети Центр (ГК)
Россети Центр иПриволжье (ГК)
Россети Юг (ГК)
Россети Янтарь
-4
-2
0
2
4
6
8

Уровень потерь электроэнергии
Россети ФСК ЕЭС
Россети Волга
Россети Московский регион
Россети Северо-Запад
Россети Томск
Россети Урал (ГК)
Россети Юг (ГК)
Россети Янтарь
0
10
20
30
40
50
60
70
3.84
7.22
|
9.59
|
6.73
|
10.78
|
6.88
|
10.84
|
10.39
|
3.99
|
6.22
8.94
5.22
10.54
6.34
9.40
8.87
п.п.
2.30
Итого
0
1
2
3
%
5.73 5.73
8.03 8.03
План
Факт
1
100

● Бизнес-план выполнен● ●● Превышение бизнес-плана
Отклонения фактического уровня потерь от бизнес-плана за 3 месяца (нарастающим итогом), п.п.
-0.2-0.2
-8.4-8.4
2.92.9
-0.4-0.4
-0.5-0.5
-0.0-0.0
0.20.2
3.83.8
-0.3-0.3
-7.9-7.9
-0.0-0.0
0.20.2
-0.2-0.2
-0.5-0.5
-0.2-0.2
-0.3-0.3
-0.1-0.1
-0.0-0.0
-1.0-1.0
-0.4-0.4
-2.5-2.5
-0.3-0.3
-0.2-0.2
-0.3-0.3
-2.6-2.6
-1.9-1.9
-1.4-1.4
-2.4-2.4
0.10.1
-1.0-1.0
-0.7-0.7
-1.5-1.5
-0.2-0.2
-0.4-0.4
-0.5-0.5
-1.8-1.8
-1.5-1.5
-1.4-1.4
-1.5-1.5
Россети ФСКЕЭС
АО«Тываэнерго»
АО«Чеченэнерго»
Россети Волга
РоссетиКубань
РоссетиЛенэнерго(ГК)
РоссетиМосковскийрегион
РоссетиСеверныйКавказ (ГК)
Россети Северо-Запад
Россети Сибирь(ГК)
Россети Томск
Россети Тюмень
Россети Урал(ГК)
Россети Центр
Россети Центри Приволжье(ГК)
Россети Юг (Г…
РоссетиЯнтарь
-10
0
10
п.п.
Отклонения фактического уровня потерь от бизнес-плана за 3 месяца (нарастающим итогом)
-0.2-0.2
-8.4-8.4
-0.4-0.4
-0.0-0.0
-0.1-0.1
5.25.2
-1.3-1.3
-0.4-0.4
-8.1-8.1
-0.1-0.1
0.10.1
-0.4-0.4
-0.1-0.1
-6.9-6.9
-0.3-0.3
-0.8-0.8
-0.8-0.8
-0.4-0.4
8.38.3
0.50.5
12.512.5
-3.4-3.4
-2.5-2.5
-6.0-6.0
-1.5-1.5
-0.6-0.6
-1.6-1.6
-1.4-1.4
-4.5-4.5
-1.8-1.8
-1.9-1.9
-5.3-5.3
-1.1-1.1
-0.5-0.5
-0.7-0.7
-0.9-0.9
-2.8-2.8
Итого по ФСК ЕЭС
АО "Тываэнерго"
АО «ВМЭС»
АО «Воронежская горэлектросеть»
АО «Тульские городские электрические сети»
АО «Чеченэнерго»
АО «Ярославская электросетевая компания»
АО ЕЭСК
Алтайэнерго
Архангельский филиал
Астраханьэнерго
Белгородэнерго
Брянскэнерго
Бурятэнерго
Владимирэнерго
Волгоградэнерго
Вологодский филиал
Воронежэнерго
Дагэнерго
Ивэнерго
Ингушэнерго
-24
24

Статус данных
Просьба обратить внимание
— все данные не занесены
Факт
План
Итого – Факт
Отпуск в сеть 126 427 751
Отпуск из сети 116 275 127
Потери 10 152 624
Итого – План
Отпуск в сеть 195 873 599
Отпуск из сети 184 656 820
Потери 11 216 779
Выполнение бизнес-плана в части показателя «Уровень потерь электроэнергии»
Показатели баланса электроэнергии по ДЗО – Факт 
110 269 467 4 949 974 19 320 144 6 258 254 916 358 13 172 022 3 467 484 901 140
106 042 826 4 641 851 17 593 829 5 931 711 819 733 12 337 301 3 141 633 821 181
4 226 641 308 123 1 726 314 326 542 96 625 834 722 325 852 79 959
Показатели баланса электроэнергии по ДЗО – План
112 774 173 5 172 896 20 226 117 6 540 566 962 437 13 672 013 3 760 351 908 608
108 600 475 4 799 582 18 287 074 6 100 575 858 729 12 731 776 3 352 866 814 188
4 173 698 373 314 1 939 043 439 991 103 708 940 237 407 485 94 420'

31-03-2025T12:09:08 - [MESSAGE][PASSED] - Text of object 'Object Repository/Страница авторизации/Text' is: 'ДЗО 
ПАО Россети
Период
Январь, Февраль 2025 года
Отклонения фактического уровня потерь от бизнес-плана, п.п.
0.14
-0.99
-0.65
-1.51
-0.23
-0.38
-0.54
-1.82
-1.45
-1.44
-1.52
Россети ФСК ЕЭС
Россети Волга
Россети Московскийрегион
Россети Северо-Запад
Россети Томск
Россети Тюмень
Россети Урал (ГК)
Россети Центр (ГК)
Россети Центр иПриволжье (ГК)
Россети Юг (ГК)
Россети Янтарь
-4
-2
0
2
4
6
8

Уровень потерь электроэнергии
Россети ФСК ЕЭС
Россети Волга
Россети Московский регион
Россети Северо-Запад
Россети Томск
Россети Урал (ГК)
Россети Юг (ГК)
Россети Янтарь
0
10
20
30
40
50
60
70
3.84
7.22
|
9.59
|
6.73
|
10.78
|
6.88
|
10.84
|
10.39
|
3.99
|
6.22
8.94
5.22
10.54
6.34
9.40
8.87
п.п.
2.30
Итого
0
1
2
3
%
5.73 5.73
8.03 8.03
План
Факт
1
100

● Бизнес-план выполнен● ●● Превышение бизнес-плана
Отклонения фактического уровня потерь от бизнес-плана за 3 месяца (нарастающим итогом), п.п.
-0.2-0.2
-8.4-8.4
2.92.9
-0.4-0.4
-0.5-0.5
-0.0-0.0
0.20.2
3.83.8
-0.3-0.3
-7.9-7.9
-0.0-0.0
0.20.2
-0.2-0.2
-0.5-0.5
-0.2-0.2
-0.3-0.3
-0.1-0.1
-0.0-0.0
-1.0-1.0
-0.4-0.4
-2.5-2.5
-0.3-0.3
-0.2-0.2
-0.3-0.3
-2.6-2.6
-1.9-1.9
-1.4-1.4
-2.4-2.4
0.10.1
-1.0-1.0
-0.7-0.7
-1.5-1.5
-0.2-0.2
-0.4-0.4
-0.5-0.5
-1.8-1.8
-1.5-1.5
-1.4-1.4
-1.5-1.5
Россети ФСКЕЭС
АО«Тываэнерго»
АО«Чеченэнерго»
Россети Волга
РоссетиКубань
РоссетиЛенэнерго(ГК)
РоссетиМосковскийрегион
РоссетиСеверныйКавказ (ГК)
Россети Северо-Запад
Россети Сибирь(ГК)
Россети Томск
Россети Тюмень
Россети Урал(ГК)
Россети Центр
Россети Центри Приволжье(ГК)
Россети Юг (Г…
РоссетиЯнтарь
-10
0
10
п.п.
Отклонения фактического уровня потерь от бизнес-плана за 3 месяца (нарастающим итогом)
-0.2-0.2
-8.4-8.4
-0.4-0.4
-0.0-0.0
-0.1-0.1
5.25.2
-1.3-1.3
-0.4-0.4
-8.1-8.1
-0.1-0.1
0.10.1
-0.4-0.4
-0.1-0.1
-6.9-6.9
-0.3-0.3
-0.8-0.8
-0.8-0.8
-0.4-0.4
8.38.3
0.50.5
12.512.5
-3.4-3.4
-2.5-2.5
-6.0-6.0
-1.5-1.5
-0.6-0.6
-1.6-1.6
-1.4-1.4
-4.5-4.5
-1.8-1.8
-1.9-1.9
-5.3-5.3
-1.1-1.1
-0.5-0.5
-0.7-0.7
-0.9-0.9
-2.8-2.8
Итого по ФСК ЕЭС
АО "Тываэнерго"
АО «ВМЭС»
АО «Воронежская горэлектросеть»
АО «Тульские городские электрические сети»
АО «Чеченэнерго»
АО «Ярославская электросетевая компания»
АО ЕЭСК
Алтайэнерго
Архангельский филиал
Астраханьэнерго
Белгородэнерго
Брянскэнерго
Бурятэнерго
Владимирэнерго
Волгоградэнерго
Вологодский филиал
Воронежэнерго
Дагэнерго
Ивэнерго
Ингушэнерго
-24
24

Статус данных
Просьба обратить внимание
— все данные не занесены
Факт
План
Итого – Факт
Отпуск в сеть 126 427 751
Отпуск из сети 116 275 127
Потери 10 152 624
Итого – План
Отпуск в сеть 195 873 599
Отпуск из сети 184 656 820
Потери 11 216 779
Выполнение бизнес-плана в части показателя «Уровень потерь электроэнергии»
Показатели баланса электроэнергии по ДЗО – Факт 
110 269 467 4 949 974 19 320 144 6 258 254 916 358 13 172 022 3 467 484 901 140
106 042 826 4 641 851 17 593 829 5 931 711 819 733 12 337 301 3 141 633 821 181
4 226 641 308 123 1 726 314 326 542 96 625 834 722 325 852 79 959
Показатели баланса электроэнергии по ДЗО – План
112 774 173 5 172 896 20 226 117 6 540 566 962 437 13 672 013 3 760 351 908 608
108 600 475 4 799 582 18 287 074 6 100 575 858 729 12 731 776 3 352 866 814 188
4 173 698 373 314 1 939 043 439 991 103 708 940 237 407 485 94 420'

31-03-2025T12:09:08 - [TEST_STEP][PASSED] - if (urlText.contains("ошибка") || urlText.contains(searchWord) == false): null

31-03-2025T12:09:08 - [TEST_STEP][PASSED] - Script1718980020443.ZakrytOpoveshenie(): null

31-03-2025T12:09:08 - [TEST_STEP][PASSED] - delay(10): Delayed 10 second(s)

31-03-2025T12:09:18 - [MESSAGE][PASSED] - Delayed 10 second(s)

31-03-2025T12:09:18 - [TEST_STEP][PASSED] - opoveshenie = getText(findTestObject("Выполнение бизнес-плана/Просьба обратить внимание")): Text of object 'Object Repository/Выполнение бизнес-плана/Просьба обратить внимание' is: 'Просьба обратить внимание'

31-03-2025T12:09:19 - [MESSAGE][PASSED] - Text of object 'Object Repository/Выполнение бизнес-плана/Просьба обратить внимание' is: 'Просьба обратить внимание'

31-03-2025T12:09:19 - [TEST_STEP][PASSED] - println(opoveshenie): null

31-03-2025T12:09:19 - [TEST_STEP][PASSED] - if (opoveshenie == "Просьба обратить внимание"): Object: 'Object Repository/Выполнение бизнес-плана/Закрыть оповещение' is clicked on

31-03-2025T12:09:19 - [TEST_STEP][PASSED] - click(findTestObject("Выполнение бизнес-плана/Закрыть оповещение")): Object: 'Object Repository/Выполнение бизнес-плана/Закрыть оповещение' is clicked on

31-03-2025T12:09:19 - [MESSAGE][PASSED] - Object: 'Object Repository/Выполнение бизнес-плана/Закрыть оповещение' is clicked on

31-03-2025T12:09:19 - [TEST_STEP][PASSED] - click(findTestObject("Object Repository/Выполнение бизнес-плана/Фильтр Дата")): Object: 'Object Repository/Выполнение бизнес-плана/Фильтр Дата' is clicked on

31-03-2025T12:09:20 - [MESSAGE][PASSED] - Object: 'Object Repository/Выполнение бизнес-плана/Фильтр Дата' is clicked on

31-03-2025T12:09:20 - [TEST_STEP][PASSED] - click(findTestObject("Выполнение бизнес-плана/Снять выделение в фильтре Дата")): Object: 'Object Repository/Выполнение бизнес-плана/Снять выделение в фильтре Дата' is clicked on

31-03-2025T12:09:20 - [MESSAGE][PASSED] - Object: 'Object Repository/Выполнение бизнес-плана/Снять выделение в фильтре Дата' is clicked on

31-03-2025T12:09:20 - [TEST_STEP][PASSED] - click(findTestObject("Object Repository/Выполнение бизнес-плана/Применить в фильтре Дата")): Object: 'Object Repository/Выполнение бизнес-плана/Применить в фильтре Дата' is clicked on

31-03-2025T12:09:21 - [MESSAGE][PASSED] - Object: 'Object Repository/Выполнение бизнес-плана/Применить в фильтре Дата' is clicked on

31-03-2025T12:09:21 - [TEST_STEP][PASSED] - delay(50): Delayed 50 second(s)

31-03-2025T12:10:11 - [MESSAGE][PASSED] - Delayed 50 second(s)

31-03-2025T12:10:11 - [TEST_STEP][PASSED] - Script1718980020443.ZakrytOpoveshenie(): null

31-03-2025T12:10:11 - [TEST_STEP][PASSED] - delay(10): Delayed 10 second(s)

31-03-2025T12:10:21 - [MESSAGE][PASSED] - Delayed 10 second(s)

31-03-2025T12:10:21 - [TEST_STEP][PASSED] - opoveshenie = getText(findTestObject("Выполнение бизнес-плана/Просьба обратить внимание")): Text of object 'Object Repository/Выполнение бизнес-плана/Просьба обратить внимание' is: 'Просьба обратить внимание'

31-03-2025T12:10:21 - [MESSAGE][PASSED] - Text of object 'Object Repository/Выполнение бизнес-плана/Просьба обратить внимание' is: 'Просьба обратить внимание'

31-03-2025T12:10:21 - [TEST_STEP][PASSED] - println(opoveshenie): null

31-03-2025T12:10:21 - [TEST_STEP][PASSED] - if (opoveshenie == "Просьба обратить внимание"): Object: 'Object Repository/Выполнение бизнес-плана/Закрыть оповещение' is clicked on

31-03-2025T12:10:21 - [TEST_STEP][PASSED] - click(findTestObject("Выполнение бизнес-плана/Закрыть оповещение")): Object: 'Object Repository/Выполнение бизнес-плана/Закрыть оповещение' is clicked on

31-03-2025T12:10:22 - [MESSAGE][PASSED] - Object: 'Object Repository/Выполнение бизнес-плана/Закрыть оповещение' is clicked on

31-03-2025T12:10:22 - [TEST_STEP][PASSED] - click(findTestObject("Object Repository/Выполнение бизнес-плана/Фильтр Дата")): Object: 'Object Repository/Выполнение бизнес-плана/Фильтр Дата' is clicked on

31-03-2025T12:10:22 - [MESSAGE][PASSED] - Object: 'Object Repository/Выполнение бизнес-плана/Фильтр Дата' is clicked on

31-03-2025T12:10:22 - [TEST_STEP][PASSED] - scrollToElement(findTestObject("Выполнение бизнес-плана/2025 список"), 30): Scroll to object 'Object Repository/Выполнение бизнес-плана/2025 список' successfully

31-03-2025T12:10:23 - [MESSAGE][PASSED] - Scroll to object 'Object Repository/Выполнение бизнес-плана/2025 список' successfully

31-03-2025T12:10:23 - [TEST_STEP][PASSED] - click(findTestObject("Выполнение бизнес-плана/2025 список"), CONTINUE_ON_FAILURE): Object: 'Object Repository/Выполнение бизнес-плана/2025 список' is clicked on

31-03-2025T12:10:23 - [MESSAGE][PASSED] - Object: 'Object Repository/Выполнение бизнес-плана/2025 список' is clicked on

31-03-2025T12:10:23 - [TEST_STEP][PASSED] - scrollToElement(findTestObject("Выполнение бизнес-плана/1 квартал 2025 список"), 30): Scroll to object 'Object Repository/Выполнение бизнес-плана/1 квартал 2025 список' successfully

31-03-2025T12:10:24 - [MESSAGE][PASSED] - Scroll to object 'Object Repository/Выполнение бизнес-плана/1 квартал 2025 список' successfully

31-03-2025T12:10:24 - [TEST_STEP][PASSED] - click(findTestObject("Выполнение бизнес-плана/1 квартал 2025 список"), CONTINUE_ON_FAILURE): Object: 'Object Repository/Выполнение бизнес-плана/1 квартал 2025 список' is clicked on

31-03-2025T12:10:24 - [MESSAGE][PASSED] - Object: 'Object Repository/Выполнение бизнес-плана/1 квартал 2025 список' is clicked on

31-03-2025T12:10:24 - [TEST_STEP][PASSED] - scrollToElement(findTestObject("Выполнение бизнес-плана/Январь 2025"), 30): Scroll to object 'Object Repository/Выполнение бизнес-плана/Январь 2025' successfully

31-03-2025T12:10:24 - [MESSAGE][PASSED] - Scroll to object 'Object Repository/Выполнение бизнес-плана/Январь 2025' successfully

31-03-2025T12:10:24 - [TEST_STEP][PASSED] - click(findTestObject("Выполнение бизнес-плана/Январь 2025"), CONTINUE_ON_FAILURE): Object: 'Object Repository/Выполнение бизнес-плана/Январь 2025' is clicked on

31-03-2025T12:10:25 - [MESSAGE][PASSED] - Object: 'Object Repository/Выполнение бизнес-плана/Январь 2025' is clicked on

31-03-2025T12:10:25 - [TEST_STEP][PASSED] - scrollToElement(findTestObject("Выполнение бизнес-плана/Заголовок дашборда"), 30): Scroll to object 'Object Repository/Выполнение бизнес-плана/Заголовок дашборда' successfully

31-03-2025T12:10:25 - [MESSAGE][PASSED] - Scroll to object 'Object Repository/Выполнение бизнес-плана/Заголовок дашборда' successfully

31-03-2025T12:10:25 - [TEST_STEP][PASSED] - click(findTestObject("Object Repository/Выполнение бизнес-плана/Применить в фильтре Дата")): Object: 'Object Repository/Выполнение бизнес-плана/Применить в фильтре Дата' is clicked on

31-03-2025T12:10:26 - [MESSAGE][PASSED] - Object: 'Object Repository/Выполнение бизнес-плана/Применить в фильтре Дата' is clicked on

31-03-2025T12:10:26 - [TEST_STEP][PASSED] - delay(50): Delayed 50 second(s)

31-03-2025T12:11:16 - [MESSAGE][PASSED] - Delayed 50 second(s)

31-03-2025T12:11:16 - [TEST_STEP][PASSED] - Script1718980020443.ZakrytOpoveshenie(): null

31-03-2025T12:11:16 - [TEST_STEP][PASSED] - delay(10): Delayed 10 second(s)

31-03-2025T12:11:26 - [MESSAGE][PASSED] - Delayed 10 second(s)

31-03-2025T12:11:26 - [TEST_STEP][PASSED] - opoveshenie = getText(findTestObject("Выполнение бизнес-плана/Просьба обратить внимание")): Text of object 'Object Repository/Выполнение бизнес-плана/Просьба обратить внимание' is: 'Просьба обратить внимание'

31-03-2025T12:11:27 - [MESSAGE][PASSED] - Text of object 'Object Repository/Выполнение бизнес-плана/Просьба обратить внимание' is: 'Просьба обратить внимание'

31-03-2025T12:11:27 - [TEST_STEP][PASSED] - println(opoveshenie): null

31-03-2025T12:11:27 - [TEST_STEP][PASSED] - if (opoveshenie == "Просьба обратить внимание"): Object: 'Object Repository/Выполнение бизнес-плана/Закрыть оповещение' is clicked on

31-03-2025T12:11:27 - [TEST_STEP][PASSED] - click(findTestObject("Выполнение бизнес-плана/Закрыть оповещение")): Object: 'Object Repository/Выполнение бизнес-плана/Закрыть оповещение' is clicked on

31-03-2025T12:11:27 - [MESSAGE][PASSED] - Object: 'Object Repository/Выполнение бизнес-плана/Закрыть оповещение' is clicked on

31-03-2025T12:11:27 - [TEST_STEP][PASSED] - delay(30): Delayed 30 second(s)

31-03-2025T12:11:57 - [MESSAGE][PASSED] - Delayed 30 second(s)

31-03-2025T12:11:57 - [TEST_STEP][PASSED] - Script1718980020443.OpenFilter(): null

31-03-2025T12:11:57 - [TEST_STEP][PASSED] - click(findTestObject("Object Repository/Выполнение бизнес-плана/Фильтр ДЗО")): Object: 'Object Repository/Выполнение бизнес-плана/Фильтр ДЗО' is clicked on

31-03-2025T12:11:57 - [MESSAGE][PASSED] - Object: 'Object Repository/Выполнение бизнес-плана/Фильтр ДЗО' is clicked on

31-03-2025T12:11:57 - [TEST_STEP][PASSED] - click(findTestObject("Выполнение бизнес-плана/Снять выделение в фильтре ДЗО")): Object: 'Object Repository/Выполнение бизнес-плана/Снять выделение в фильтре ДЗО' is clicked on

31-03-2025T12:11:58 - [MESSAGE][PASSED] - Object: 'Object Repository/Выполнение бизнес-плана/Снять выделение в фильтре ДЗО' is clicked on

31-03-2025T12:11:58 - [TEST_STEP][PASSED] - click(findTestObject("Выполнение бизнес-плана/Раскрыть список ПАО Россети в фильтре ДЗО")): Object: 'Object Repository/Выполнение бизнес-плана/Раскрыть список ПАО Россети в фильтре ДЗО' is clicked on

31-03-2025T12:11:58 - [MESSAGE][PASSED] - Object: 'Object Repository/Выполнение бизнес-плана/Раскрыть список ПАО Россети в фильтре ДЗО' is clicked on

31-03-2025T12:11:58 - [TEST_STEP][PASSED] - click(findTestObject("Выполнение бизнес-плана/ПАО Россети")): Object: 'Object Repository/Выполнение бизнес-плана/ПАО Россети' is clicked on

31-03-2025T12:11:59 - [MESSAGE][PASSED] - Object: 'Object Repository/Выполнение бизнес-плана/ПАО Россети' is clicked on

31-03-2025T12:11:59 - [TEST_STEP][PASSED] - click(findTestObject("Object Repository/Выполнение бизнес-плана/Применить в фильтре ДЗО")): Object: 'Object Repository/Выполнение бизнес-плана/Применить в фильтре ДЗО' is clicked on

31-03-2025T12:12:00 - [MESSAGE][PASSED] - Object: 'Object Repository/Выполнение бизнес-плана/Применить в фильтре ДЗО' is clicked on

31-03-2025T12:12:00 - [TEST_STEP][PASSED] - delay(30): Delayed 30 second(s)

31-03-2025T12:12:30 - [MESSAGE][PASSED] - Delayed 30 second(s)

31-03-2025T12:12:30 - [TEST_STEP][PASSED] - x1 = getText(findTestObject("Выполнение бизнес-плана/Список ДЗО старый")): Text of object 'Object Repository/Выполнение бизнес-плана/Список ДЗО старый' is: 'Россети ФСК ЕЭС
Россети Волга
Россети Московский регион
Россети Северо-Запад
Россети Томск
Россети Урал (ГК)
Россети Юг (ГК)
Россети Янтарь
0
10
20
30
40
50
60
70'

31-03-2025T12:12:31 - [MESSAGE][PASSED] - Text of object 'Object Repository/Выполнение бизнес-плана/Список ДЗО старый' is: 'Россети ФСК ЕЭС
Россети Волга
Россети Московский регион
Россети Северо-Запад
Россети Томск
Россети Урал (ГК)
Россети Юг (ГК)
Россети Янтарь
0
10
20
30
40
50
60
70'

31-03-2025T12:12:31 - [TEST_STEP][PASSED] - dZO = "ПАО Россети": null

31-03-2025T12:12:31 - [TEST_STEP][PASSED] - a = 84: null

31-03-2025T12:12:31 - [TEST_STEP][PASSED] - Script1718980020443.Numbers(a, typeOfData, todaysDate, pageInt, fileInt, pageDouble, fileDouble, dZO, dzoNum, filialNum): null

31-03-2025T12:12:31 - [TEST_STEP][PASSED] - println(dzoNum): null

31-03-2025T12:12:31 - [TEST_STEP][PASSED] - planFact = <not implemented yet for class: org.codehaus.groovy.ast.expr.EmptyExpression>: null

31-03-2025T12:12:31 - [TEST_STEP][PASSED] - page = <not implemented yet for class: org.codehaus.groovy.ast.expr.EmptyExpression>: null

31-03-2025T12:12:31 - [TEST_STEP][PASSED] - page1 = <not implemented yet for class: org.codehaus.groovy.ast.expr.EmptyExpression>: null

31-03-2025T12:12:31 - [TEST_STEP][PASSED] - page2 = <not implemented yet for class: org.codehaus.groovy.ast.expr.EmptyExpression>: null

31-03-2025T12:12:31 - [TEST_STEP][PASSED] - filialNumberInRow = <not implemented yet for class: org.codehaus.groovy.ast.expr.EmptyExpression>: null

31-03-2025T12:12:31 - [TEST_STEP][PASSED] - filialsDzoNames = <not implemented yet for class: org.codehaus.groovy.ast.expr.EmptyExpression>: null

31-03-2025T12:12:31 - [TEST_STEP][PASSED] - numberOfFilials = <not implemented yet for class: org.codehaus.groovy.ast.expr.EmptyExpression>: null

31-03-2025T12:12:31 - [TEST_STEP][PASSED] - numberOfSpaces = <not implemented yet for class: org.codehaus.groovy.ast.expr.EmptyExpression>: null

31-03-2025T12:12:31 - [TEST_STEP][PASSED] - file = <not implemented yet for class: org.codehaus.groovy.ast.expr.EmptyExpression>: null

31-03-2025T12:12:31 - [TEST_STEP][PASSED] - otpusk = <not implemented yet for class: org.codehaus.groovy.ast.expr.EmptyExpression>: null

31-03-2025T12:12:31 - [TEST_STEP][PASSED] - poteri = <not implemented yet for class: org.codehaus.groovy.ast.expr.EmptyExpression>: null

31-03-2025T12:12:31 - [TEST_STEP][PASSED] - dataFolder = "Выполнение бизнес-плана/Значения со страницы Выполнение бизнес-плана/": null

31-03-2025T12:12:31 - [TEST_STEP][PASSED] - path = <not implemented yet for class: org.codehaus.groovy.ast.expr.EmptyExpression>: null

31-03-2025T12:12:31 - [TEST_STEP][PASSED] - typeOfDataMain = <not implemented yet for class: org.codehaus.groovy.ast.expr.EmptyExpression>: null

31-03-2025T12:12:31 - [TEST_STEP][PASSED] - fileOtpuskVSet = <not implemented yet for class: org.codehaus.groovy.ast.expr.EmptyExpression>: null

31-03-2025T12:12:31 - [TEST_STEP][PASSED] - pageOtpuskVSet = <not implemented yet for class: org.codehaus.groovy.ast.expr.EmptyExpression>: null

31-03-2025T12:12:31 - [TEST_STEP][PASSED] - filePoteri = <not implemented yet for class: org.codehaus.groovy.ast.expr.EmptyExpression>: null

31-03-2025T12:12:31 - [TEST_STEP][PASSED] - pagePoteri = <not implemented yet for class: org.codehaus.groovy.ast.expr.EmptyExpression>: null

31-03-2025T12:12:31 - [TEST_STEP][PASSED] - compare = <not implemented yet for class: org.codehaus.groovy.ast.expr.EmptyExpression>: null

31-03-2025T12:12:31 - [TEST_STEP][PASSED] - b = <not implemented yet for class: org.codehaus.groovy.ast.expr.EmptyExpression>: null

31-03-2025T12:12:31 - [TEST_STEP][PASSED] - i = <not implemented yet for class: org.codehaus.groovy.ast.expr.EmptyExpression>: null

31-03-2025T12:12:31 - [TEST_STEP][PASSED] - ii = <not implemented yet for class: org.codehaus.groovy.ast.expr.EmptyExpression>: null

31-03-2025T12:12:31 - [TEST_STEP][PASSED] - c = <not implemented yet for class: org.codehaus.groovy.ast.expr.EmptyExpression>: null

31-03-2025T12:12:31 - [TEST_STEP][PASSED] - numberOfErrors = 0: null

31-03-2025T12:12:31 - [TEST_STEP][PASSED] - if (a == 82): null

31-03-2025T12:12:31 - [TEST_STEP][PASSED] - b = findTestData("PlanFact").getValue(1, a): null

31-03-2025T12:12:31 - [TEST_STEP][PASSED] - i = b.indexOf(" (ГК)"): null

31-03-2025T12:12:31 - [TEST_STEP][PASSED] - if (i > -1): null

31-03-2025T12:12:31 - [TEST_STEP][PASSED] - i = b.indexOf("О ""): null

31-03-2025T12:12:31 - [TEST_STEP][PASSED] - if (i > -1): null

31-03-2025T12:12:31 - [TEST_STEP][PASSED] - i = b.indexOf("О «"): null

31-03-2025T12:12:31 - [TEST_STEP][PASSED] - if (i > -1): null

31-03-2025T12:12:31 - [TEST_STEP][PASSED] - i = b.indexOf("г. "): null

31-03-2025T12:12:31 - [TEST_STEP][PASSED] - if (i > -1): null

31-03-2025T12:12:31 - [TEST_STEP][PASSED] - b = b.trim(): null

31-03-2025T12:12:31 - [TEST_STEP][PASSED] - println(b): null

31-03-2025T12:12:31 - [TEST_STEP][PASSED] - for ([planFact = 1, planFact < 3, (planFact++)]): null

31-03-2025T12:12:31 - [TEST_STEP][PASSED] - if (planFact == 1): null

31-03-2025T12:12:31 - [TEST_STEP][PASSED] - typeOfDataMain = "Факт": null

31-03-2025T12:12:31 - [TEST_STEP][PASSED] - otpusk = findTestData("PlanFact").getValue(5, a): null

31-03-2025T12:12:31 - [TEST_STEP][PASSED] - poteri = findTestData("PlanFact").getValue(6, a): null

31-03-2025T12:12:31 - [TEST_STEP][PASSED] - otpusk = otpusk.replaceAll("\s+", ""): null

31-03-2025T12:12:31 - [TEST_STEP][PASSED] - poteri = poteri.replaceAll("\s+", ""): null

31-03-2025T12:12:31 - [TEST_STEP][PASSED] - typeOfData = typeOfDataMain + " Отпуск в сеть": null

31-03-2025T12:12:31 - [TEST_STEP][PASSED] - if (a == 82): null

31-03-2025T12:12:31 - [TEST_STEP][PASSED] - else if (a == 84): null

31-03-2025T12:12:31 - [TEST_STEP][PASSED] - path = dataFolder + typeOfData + " за отчётный период " + "ПАО Россети": null

31-03-2025T12:12:31 - [TEST_STEP][PASSED] - println(path): null

31-03-2025T12:12:31 - [TEST_STEP][PASSED] - page = getText(findTestObject(path)): Text of object 'Object Repository/Выполнение бизнес-плана/Значения со страницы Выполнение бизнес-плана/Факт Отпуск в сеть за отчётный период ПАО Россети' is: '70 005 861'

31-03-2025T12:12:31 - [MESSAGE][PASSED] - Text of object 'Object Repository/Выполнение бизнес-плана/Значения со страницы Выполнение бизнес-плана/Факт Отпуск в сеть за отчётный период ПАО Россети' is: '70 005 861'

31-03-2025T12:12:31 - [TEST_STEP][PASSED] - if (page == "" || page == null): null

31-03-2025T12:12:31 - [TEST_STEP][PASSED] - else: null

31-03-2025T12:12:31 - [TEST_STEP][PASSED] - page = page.replaceAll("\s+", ""): null

31-03-2025T12:12:31 - [TEST_STEP][PASSED] - if (page == "undefined"): null

31-03-2025T12:12:31 - [TEST_STEP][PASSED] - fileOtpuskVSet = otpusk.toInteger(): null

31-03-2025T12:12:31 - [TEST_STEP][PASSED] - pageOtpuskVSet = page.toInteger(): null

31-03-2025T12:12:31 - [TEST_STEP][PASSED] - typeOfData = typeOfDataMain + " Потери": null

31-03-2025T12:12:31 - [TEST_STEP][PASSED] - if (a == 82): null

31-03-2025T12:12:31 - [TEST_STEP][PASSED] - else if (a == 84): null

31-03-2025T12:12:31 - [TEST_STEP][PASSED] - path = dataFolder + typeOfData + " за отчётный период " + "ПАО Россети": null

31-03-2025T12:12:31 - [TEST_STEP][PASSED] - page = getText(findTestObject(path)): Text of object 'Object Repository/Выполнение бизнес-плана/Значения со страницы Выполнение бизнес-плана/Факт Потери за отчётный период ПАО Россети' is: '5 707 893'

31-03-2025T12:12:32 - [MESSAGE][PASSED] - Text of object 'Object Repository/Выполнение бизнес-плана/Значения со страницы Выполнение бизнес-плана/Факт Потери за отчётный период ПАО Россети' is: '5 707 893'

31-03-2025T12:12:32 - [TEST_STEP][PASSED] - if (page == "" || page == null): null

31-03-2025T12:12:32 - [TEST_STEP][PASSED] - else: null

31-03-2025T12:12:32 - [TEST_STEP][PASSED] - page = page.replaceAll("\s+", ""): null

31-03-2025T12:12:32 - [TEST_STEP][PASSED] - if (page == "undefined"): null

31-03-2025T12:12:32 - [TEST_STEP][PASSED] - filePoteri = poteri.toInteger(): null

31-03-2025T12:12:32 - [TEST_STEP][PASSED] - pagePoteri = page.toInteger(): null

31-03-2025T12:12:32 - [TEST_STEP][PASSED] - compare = pageOtpuskVSet: null

31-03-2025T12:12:32 - [TEST_STEP][PASSED] - if (pageOtpuskVSet != null): null

31-03-2025T12:12:32 - [TEST_STEP][PASSED] - if (compare == fileOtpuskVSet): null

31-03-2025T12:12:32 - [TEST_STEP][PASSED] - else if (compare > fileOtpuskVSet): null

31-03-2025T12:12:32 - [TEST_STEP][PASSED] - else if (compare < fileOtpuskVSet): null

31-03-2025T12:12:32 - [TEST_STEP][PASSED] - compare = compare + 1: null

31-03-2025T12:12:32 - [TEST_STEP][PASSED] - if (compare == fileOtpuskVSet): null

31-03-2025T12:12:32 - [TEST_STEP][PASSED] - else: null

31-03-2025T12:12:32 - [TEST_STEP][PASSED] - numberOfErrors = numberOfErrors + 1: null

31-03-2025T12:12:32 - [TEST_STEP][PASSED] - pageInt = pageOtpuskVSet: null

31-03-2025T12:12:32 - [TEST_STEP][PASSED] - fileInt = fileOtpuskVSet: null

31-03-2025T12:12:32 - [TEST_STEP][PASSED] - typeOfData = typeOfDataMain + " Отпуск в сеть": null

31-03-2025T12:12:32 - [TEST_STEP][PASSED] - Script1718980020443.WriteToExcel(a, typeOfData, todaysDate, pageInt, fileInt, pageDouble, fileDouble, dZO): null

31-03-2025T12:12:32 - [TEST_STEP][PASSED] - sheetName = "Sheet1": null

31-03-2025T12:12:32 - [TEST_STEP][PASSED] - data = findTestData("PlanFact"): null

31-03-2025T12:12:32 - [TEST_STEP][PASSED] - n = data.getRowNumbers() + 1: null

31-03-2025T12:12:32 - [TEST_STEP][PASSED] - day = ")).toInteger(): null

31-03-2025T12:12:32 - [TEST_STEP][PASSED] - println(day): null

31-03-2025T12:12:32 - [TEST_STEP][PASSED] - month = ")).toInteger(): null

31-03-2025T12:12:32 - [TEST_STEP][PASSED] - println(month): null

31-03-2025T12:12:32 - [TEST_STEP][PASSED] - y = <not implemented yet for class: org.codehaus.groovy.ast.expr.EmptyExpression>: null

31-03-2025T12:12:32 - [TEST_STEP][PASSED] - iy = <not implemented yet for class: org.codehaus.groovy.ast.expr.EmptyExpression>: null

31-03-2025T12:12:32 - [TEST_STEP][PASSED] - m = getText(findTestObject("Выполнение бизнес-плана/Период")): Text of object 'Object Repository/Выполнение бизнес-плана/Период' is: 'Январь 2025 года'

31-03-2025T12:12:32 - [MESSAGE][PASSED] - Text of object 'Object Repository/Выполнение бизнес-плана/Период' is: 'Январь 2025 года'

31-03-2025T12:12:32 - [TEST_STEP][PASSED] - iy = m.indexOf("20"): null

31-03-2025T12:12:32 - [TEST_STEP][PASSED] - if (iy > -1): null

31-03-2025T12:12:32 - [TEST_STEP][PASSED] - y = substring(iy, iy + 4).toInteger(): null

31-03-2025T12:12:32 - [TEST_STEP][PASSED] - println(y): null

31-03-2025T12:12:32 - [TEST_STEP][PASSED] - if (toString().length() == 4): null

31-03-2025T12:12:32 - [TEST_STEP][PASSED] - m = m.substring(0, m.indexOf(y.toString())): null

31-03-2025T12:12:32 - [TEST_STEP][PASSED] - m = m.trim(): null

31-03-2025T12:12:32 - [TEST_STEP][PASSED] - if (m == ""): null

31-03-2025T12:12:32 - [TEST_STEP][PASSED] - dashboardName = "Выполнение бизнес-плана": null

31-03-2025T12:12:32 - [TEST_STEP][PASSED] - workbook01 = getWorkbook(excelFilePath): null

31-03-2025T12:12:32 - [TEST_STEP][PASSED] - sheet01 = getExcelSheet(workbook01, sheetName): null

31-03-2025T12:12:32 - [TEST_STEP][PASSED] - setValueToCellByIndex(sheet01, n, 0, dashboardName): null

31-03-2025T12:12:32 - [TEST_STEP][PASSED] - setValueToCellByIndex(sheet01, n, 1, dZO): null

31-03-2025T12:12:32 - [TEST_STEP][PASSED] - setValueToCellByIndex(sheet01, n, 2, typeOfData): null

31-03-2025T12:12:32 - [TEST_STEP][PASSED] - if (typeOfData == "Факт в процентах" || typeOfData == "План в процентах"): null

31-03-2025T12:12:32 - [TEST_STEP][PASSED] - else: null

31-03-2025T12:12:32 - [TEST_STEP][PASSED] - setValueToCellByIndex(sheet01, n, 3, fileInt): null

31-03-2025T12:12:32 - [TEST_STEP][PASSED] - setValueToCellByIndex(sheet01, n, 4, pageInt): null

31-03-2025T12:12:32 - [TEST_STEP][PASSED] - setValueToCellByIndex(sheet01, n, 5, m): null

31-03-2025T12:12:32 - [TEST_STEP][PASSED] - setValueToCellByIndex(sheet01, n, 6, y): null

31-03-2025T12:12:32 - [TEST_STEP][PASSED] - setValueToCellByIndex(sheet01, n, 7, todaysDate): null

31-03-2025T12:12:32 - [TEST_STEP][PASSED] - n = n + 1: null

31-03-2025T12:12:32 - [TEST_STEP][PASSED] - saveWorkbook(excelFilePath, workbook01): null

31-03-2025T12:12:32 - [TEST_STEP][PASSED] - compare = pagePoteri: null

31-03-2025T12:12:32 - [TEST_STEP][PASSED] - if (pageOtpuskVSet != null): null

31-03-2025T12:12:32 - [TEST_STEP][PASSED] - if (compare == filePoteri): null

31-03-2025T12:12:32 - [TEST_STEP][PASSED] - else if (compare > filePoteri): null

31-03-2025T12:12:32 - [TEST_STEP][PASSED] - else if (compare < filePoteri): null

31-03-2025T12:12:32 - [TEST_STEP][PASSED] - compare = compare + 1: null

31-03-2025T12:12:32 - [TEST_STEP][PASSED] - if (compare == filePoteri): null

31-03-2025T12:12:32 - [TEST_STEP][PASSED] - else: null

31-03-2025T12:12:32 - [TEST_STEP][PASSED] - numberOfErrors = numberOfErrors + 1: null

31-03-2025T12:12:32 - [TEST_STEP][PASSED] - pageInt = pagePoteri: null

31-03-2025T12:12:32 - [TEST_STEP][PASSED] - fileInt = filePoteri: null

31-03-2025T12:12:32 - [TEST_STEP][PASSED] - typeOfData = typeOfDataMain + " Потери": null

31-03-2025T12:12:32 - [TEST_STEP][PASSED] - Script1718980020443.WriteToExcel(a, typeOfData, todaysDate, pageInt, fileInt, pageDouble, fileDouble, dZO): null

31-03-2025T12:12:32 - [TEST_STEP][PASSED] - sheetName = "Sheet1": null

31-03-2025T12:12:32 - [TEST_STEP][PASSED] - data = findTestData("PlanFact"): null

31-03-2025T12:12:32 - [TEST_STEP][PASSED] - n = data.getRowNumbers() + 1: null

31-03-2025T12:12:32 - [TEST_STEP][PASSED] - day = ")).toInteger(): null

31-03-2025T12:12:32 - [TEST_STEP][PASSED] - println(day): null

31-03-2025T12:12:32 - [TEST_STEP][PASSED] - month = ")).toInteger(): null

31-03-2025T12:12:32 - [TEST_STEP][PASSED] - println(month): null

31-03-2025T12:12:32 - [TEST_STEP][PASSED] - y = <not implemented yet for class: org.codehaus.groovy.ast.expr.EmptyExpression>: null

31-03-2025T12:12:32 - [TEST_STEP][PASSED] - iy = <not implemented yet for class: org.codehaus.groovy.ast.expr.EmptyExpression>: null

31-03-2025T12:12:32 - [TEST_STEP][PASSED] - m = getText(findTestObject("Выполнение бизнес-плана/Период")): Text of object 'Object Repository/Выполнение бизнес-плана/Период' is: 'Январь 2025 года'

31-03-2025T12:12:33 - [MESSAGE][PASSED] - Text of object 'Object Repository/Выполнение бизнес-плана/Период' is: 'Январь 2025 года'

31-03-2025T12:12:33 - [TEST_STEP][PASSED] - iy = m.indexOf("20"): null

31-03-2025T12:12:33 - [TEST_STEP][PASSED] - if (iy > -1): null

31-03-2025T12:12:33 - [TEST_STEP][PASSED] - y = substring(iy, iy + 4).toInteger(): null

31-03-2025T12:12:33 - [TEST_STEP][PASSED] - println(y): null

31-03-2025T12:12:33 - [TEST_STEP][PASSED] - if (toString().length() == 4): null

31-03-2025T12:12:33 - [TEST_STEP][PASSED] - m = m.substring(0, m.indexOf(y.toString())): null

31-03-2025T12:12:33 - [TEST_STEP][PASSED] - m = m.trim(): null

31-03-2025T12:12:33 - [TEST_STEP][PASSED] - if (m == ""): null

31-03-2025T12:12:33 - [TEST_STEP][PASSED] - dashboardName = "Выполнение бизнес-плана": null

31-03-2025T12:12:33 - [TEST_STEP][PASSED] - workbook01 = getWorkbook(excelFilePath): null

31-03-2025T12:12:33 - [TEST_STEP][PASSED] - sheet01 = getExcelSheet(workbook01, sheetName): null

31-03-2025T12:12:33 - [TEST_STEP][PASSED] - setValueToCellByIndex(sheet01, n, 0, dashboardName): null

31-03-2025T12:12:33 - [TEST_STEP][PASSED] - setValueToCellByIndex(sheet01, n, 1, dZO): null

31-03-2025T12:12:33 - [TEST_STEP][PASSED] - setValueToCellByIndex(sheet01, n, 2, typeOfData): null

31-03-2025T12:12:33 - [TEST_STEP][PASSED] - if (typeOfData == "Факт в процентах" || typeOfData == "План в процентах"): null

31-03-2025T12:12:33 - [TEST_STEP][PASSED] - else: null

31-03-2025T12:12:33 - [TEST_STEP][PASSED] - setValueToCellByIndex(sheet01, n, 3, fileInt): null

31-03-2025T12:12:33 - [TEST_STEP][PASSED] - setValueToCellByIndex(sheet01, n, 4, pageInt): null

31-03-2025T12:12:33 - [TEST_STEP][PASSED] - setValueToCellByIndex(sheet01, n, 5, m): null

31-03-2025T12:12:33 - [TEST_STEP][PASSED] - setValueToCellByIndex(sheet01, n, 6, y): null

31-03-2025T12:12:33 - [TEST_STEP][PASSED] - setValueToCellByIndex(sheet01, n, 7, todaysDate): null

31-03-2025T12:12:33 - [TEST_STEP][PASSED] - n = n + 1: null

31-03-2025T12:12:33 - [TEST_STEP][PASSED] - saveWorkbook(excelFilePath, workbook01): null

31-03-2025T12:12:33 - [TEST_STEP][PASSED] - if (planFact == 2): null

31-03-2025T12:12:33 - [TEST_STEP][PASSED] - if (planFact == 1): null

31-03-2025T12:12:33 - [TEST_STEP][PASSED] - else if (planFact == 2): null

31-03-2025T12:12:33 - [TEST_STEP][PASSED] - click(findTestObject("Выполнение бизнес-плана/Кнопка План")): Object: 'Object Repository/Выполнение бизнес-плана/Кнопка План' is clicked on

31-03-2025T12:12:33 - [MESSAGE][PASSED] - Object: 'Object Repository/Выполнение бизнес-плана/Кнопка План' is clicked on

31-03-2025T12:12:33 - [TEST_STEP][PASSED] - typeOfDataMain = "План": null

31-03-2025T12:12:33 - [TEST_STEP][PASSED] - otpusk = findTestData("PlanFact").getValue(2, a): null

31-03-2025T12:12:33 - [TEST_STEP][PASSED] - poteri = findTestData("PlanFact").getValue(3, a): null

31-03-2025T12:12:33 - [TEST_STEP][PASSED] - otpusk = otpusk.replaceAll("\s+", ""): null

31-03-2025T12:12:33 - [TEST_STEP][PASSED] - poteri = poteri.replaceAll("\s+", ""): null

31-03-2025T12:12:33 - [TEST_STEP][PASSED] - typeOfData = typeOfDataMain + " Отпуск в сеть": null

31-03-2025T12:12:33 - [TEST_STEP][PASSED] - if (a == 82): null

31-03-2025T12:12:33 - [TEST_STEP][PASSED] - else if (a == 84): null

31-03-2025T12:12:33 - [TEST_STEP][PASSED] - path = dataFolder + typeOfData + " за отчётный период " + "ПАО Россети": null

31-03-2025T12:12:33 - [TEST_STEP][PASSED] - println(path): null

31-03-2025T12:12:33 - [TEST_STEP][PASSED] - page = getText(findTestObject(path)): Text of object 'Object Repository/Выполнение бизнес-плана/Значения со страницы Выполнение бизнес-плана/План Отпуск в сеть за отчётный период ПАО Россети' is: '106 559 663'

31-03-2025T12:12:34 - [MESSAGE][PASSED] - Text of object 'Object Repository/Выполнение бизнес-плана/Значения со страницы Выполнение бизнес-плана/План Отпуск в сеть за отчётный период ПАО Россети' is: '106 559 663'

31-03-2025T12:12:34 - [TEST_STEP][PASSED] - if (page == "" || page == null): null

31-03-2025T12:12:34 - [TEST_STEP][PASSED] - else: null

31-03-2025T12:12:34 - [TEST_STEP][PASSED] - page = page.replaceAll("\s+", ""): null

31-03-2025T12:12:34 - [TEST_STEP][PASSED] - if (page == "undefined"): null

31-03-2025T12:12:34 - [TEST_STEP][PASSED] - fileOtpuskVSet = otpusk.toInteger(): null

31-03-2025T12:12:34 - [TEST_STEP][PASSED] - pageOtpuskVSet = page.toInteger(): null

31-03-2025T12:12:34 - [TEST_STEP][PASSED] - typeOfData = typeOfDataMain + " Потери": null

31-03-2025T12:12:34 - [TEST_STEP][PASSED] - if (a == 82): null

31-03-2025T12:12:34 - [TEST_STEP][PASSED] - else if (a == 84): null

31-03-2025T12:12:34 - [TEST_STEP][PASSED] - path = dataFolder + typeOfData + " за отчётный период " + "ПАО Россети": null

31-03-2025T12:12:34 - [TEST_STEP][PASSED] - page = getText(findTestObject(path)): Text of object 'Object Repository/Выполнение бизнес-плана/Значения со страницы Выполнение бизнес-плана/План Потери за отчётный период ПАО Россети' is: '6 557 503'

31-03-2025T12:12:34 - [MESSAGE][PASSED] - Text of object 'Object Repository/Выполнение бизнес-плана/Значения со страницы Выполнение бизнес-плана/План Потери за отчётный период ПАО Россети' is: '6 557 503'

31-03-2025T12:12:34 - [TEST_STEP][PASSED] - if (page == "" || page == null): null

31-03-2025T12:12:34 - [TEST_STEP][PASSED] - else: null

31-03-2025T12:12:34 - [TEST_STEP][PASSED] - page = page.replaceAll("\s+", ""): null

31-03-2025T12:12:34 - [TEST_STEP][PASSED] - if (page == "undefined"): null

31-03-2025T12:12:34 - [TEST_STEP][PASSED] - filePoteri = poteri.toInteger(): null

31-03-2025T12:12:34 - [TEST_STEP][PASSED] - pagePoteri = page.toInteger(): null

31-03-2025T12:12:34 - [TEST_STEP][PASSED] - compare = pageOtpuskVSet: null

31-03-2025T12:12:34 - [TEST_STEP][PASSED] - if (pageOtpuskVSet != null): null

31-03-2025T12:12:34 - [TEST_STEP][PASSED] - if (compare == fileOtpuskVSet): null

31-03-2025T12:12:34 - [TEST_STEP][PASSED] - else if (compare > fileOtpuskVSet): null

31-03-2025T12:12:34 - [TEST_STEP][PASSED] - compare = compare - 1: null

31-03-2025T12:12:34 - [TEST_STEP][PASSED] - if (compare == fileOtpuskVSet): null

31-03-2025T12:12:34 - [TEST_STEP][PASSED] - else: null

31-03-2025T12:12:34 - [TEST_STEP][PASSED] - numberOfErrors = numberOfErrors + 1: null

31-03-2025T12:12:34 - [TEST_STEP][PASSED] - pageInt = pageOtpuskVSet: null

31-03-2025T12:12:34 - [TEST_STEP][PASSED] - fileInt = fileOtpuskVSet: null

31-03-2025T12:12:34 - [TEST_STEP][PASSED] - typeOfData = typeOfDataMain + " Отпуск в сеть": null

31-03-2025T12:12:34 - [TEST_STEP][PASSED] - Script1718980020443.WriteToExcel(a, typeOfData, todaysDate, pageInt, fileInt, pageDouble, fileDouble, dZO): null

31-03-2025T12:12:34 - [TEST_STEP][PASSED] - sheetName = "Sheet1": null

31-03-2025T12:12:34 - [TEST_STEP][PASSED] - data = findTestData("PlanFact"): null

31-03-2025T12:12:34 - [TEST_STEP][PASSED] - n = data.getRowNumbers() + 1: null

31-03-2025T12:12:34 - [TEST_STEP][PASSED] - day = ")).toInteger(): null

31-03-2025T12:12:34 - [TEST_STEP][PASSED] - println(day): null

31-03-2025T12:12:34 - [TEST_STEP][PASSED] - month = ")).toInteger(): null

31-03-2025T12:12:34 - [TEST_STEP][PASSED] - println(month): null

31-03-2025T12:12:34 - [TEST_STEP][PASSED] - y = <not implemented yet for class: org.codehaus.groovy.ast.expr.EmptyExpression>: null

31-03-2025T12:12:34 - [TEST_STEP][PASSED] - iy = <not implemented yet for class: org.codehaus.groovy.ast.expr.EmptyExpression>: null

31-03-2025T12:12:34 - [TEST_STEP][PASSED] - m = getText(findTestObject("Выполнение бизнес-плана/Период")): Text of object 'Object Repository/Выполнение бизнес-плана/Период' is: 'Январь 2025 года'

31-03-2025T12:12:34 - [MESSAGE][PASSED] - Text of object 'Object Repository/Выполнение бизнес-плана/Период' is: 'Январь 2025 года'

31-03-2025T12:12:34 - [TEST_STEP][PASSED] - iy = m.indexOf("20"): null

31-03-2025T12:12:34 - [TEST_STEP][PASSED] - if (iy > -1): null

31-03-2025T12:12:34 - [TEST_STEP][PASSED] - y = substring(iy, iy + 4).toInteger(): null

31-03-2025T12:12:34 - [TEST_STEP][PASSED] - println(y): null

31-03-2025T12:12:34 - [TEST_STEP][PASSED] - if (toString().length() == 4): null

31-03-2025T12:12:34 - [TEST_STEP][PASSED] - m = m.substring(0, m.indexOf(y.toString())): null

31-03-2025T12:12:34 - [TEST_STEP][PASSED] - m = m.trim(): null

31-03-2025T12:12:34 - [TEST_STEP][PASSED] - if (m == ""): null

31-03-2025T12:12:34 - [TEST_STEP][PASSED] - dashboardName = "Выполнение бизнес-плана": null

31-03-2025T12:12:34 - [TEST_STEP][PASSED] - workbook01 = getWorkbook(excelFilePath): null

31-03-2025T12:12:34 - [TEST_STEP][PASSED] - sheet01 = getExcelSheet(workbook01, sheetName): null

31-03-2025T12:12:34 - [TEST_STEP][PASSED] - setValueToCellByIndex(sheet01, n, 0, dashboardName): null

31-03-2025T12:12:34 - [TEST_STEP][PASSED] - setValueToCellByIndex(sheet01, n, 1, dZO): null

31-03-2025T12:12:34 - [TEST_STEP][PASSED] - setValueToCellByIndex(sheet01, n, 2, typeOfData): null

31-03-2025T12:12:34 - [TEST_STEP][PASSED] - if (typeOfData == "Факт в процентах" || typeOfData == "План в процентах"): null

31-03-2025T12:12:34 - [TEST_STEP][PASSED] - else: null

31-03-2025T12:12:34 - [TEST_STEP][PASSED] - setValueToCellByIndex(sheet01, n, 3, fileInt): null

31-03-2025T12:12:34 - [TEST_STEP][PASSED] - setValueToCellByIndex(sheet01, n, 4, pageInt): null

31-03-2025T12:12:34 - [TEST_STEP][PASSED] - setValueToCellByIndex(sheet01, n, 5, m): null

31-03-2025T12:12:34 - [TEST_STEP][PASSED] - setValueToCellByIndex(sheet01, n, 6, y): null

31-03-2025T12:12:34 - [TEST_STEP][PASSED] - setValueToCellByIndex(sheet01, n, 7, todaysDate): null

31-03-2025T12:12:34 - [TEST_STEP][PASSED] - n = n + 1: null

31-03-2025T12:12:34 - [TEST_STEP][PASSED] - saveWorkbook(excelFilePath, workbook01): null

31-03-2025T12:12:35 - [TEST_STEP][PASSED] - compare = pagePoteri: null

31-03-2025T12:12:35 - [TEST_STEP][PASSED] - if (pageOtpuskVSet != null): null

31-03-2025T12:12:35 - [TEST_STEP][PASSED] - if (compare == filePoteri): null

31-03-2025T12:12:35 - [TEST_STEP][PASSED] - else if (compare > filePoteri): null

31-03-2025T12:12:35 - [TEST_STEP][PASSED] - else if (compare < filePoteri): null

31-03-2025T12:12:35 - [TEST_STEP][PASSED] - compare = compare + 1: null

31-03-2025T12:12:35 - [TEST_STEP][PASSED] - if (compare == filePoteri): null

31-03-2025T12:12:35 - [TEST_STEP][PASSED] - else: null

31-03-2025T12:12:35 - [TEST_STEP][PASSED] - numberOfErrors = numberOfErrors + 1: null

31-03-2025T12:12:35 - [TEST_STEP][PASSED] - pageInt = pagePoteri: null

31-03-2025T12:12:35 - [TEST_STEP][PASSED] - fileInt = filePoteri: null

31-03-2025T12:12:35 - [TEST_STEP][PASSED] - typeOfData = typeOfDataMain + " Потери": null

31-03-2025T12:12:35 - [TEST_STEP][PASSED] - Script1718980020443.WriteToExcel(a, typeOfData, todaysDate, pageInt, fileInt, pageDouble, fileDouble, dZO): null

31-03-2025T12:12:35 - [TEST_STEP][PASSED] - sheetName = "Sheet1": null

31-03-2025T12:12:35 - [TEST_STEP][PASSED] - data = findTestData("PlanFact"): null

31-03-2025T12:12:35 - [TEST_STEP][PASSED] - n = data.getRowNumbers() + 1: null

31-03-2025T12:12:35 - [TEST_STEP][PASSED] - day = ")).toInteger(): null

31-03-2025T12:12:35 - [TEST_STEP][PASSED] - println(day): null

31-03-2025T12:12:35 - [TEST_STEP][PASSED] - month = ")).toInteger(): null

31-03-2025T12:12:35 - [TEST_STEP][PASSED] - println(month): null

31-03-2025T12:12:35 - [TEST_STEP][PASSED] - y = <not implemented yet for class: org.codehaus.groovy.ast.expr.EmptyExpression>: null

31-03-2025T12:12:35 - [TEST_STEP][PASSED] - iy = <not implemented yet for class: org.codehaus.groovy.ast.expr.EmptyExpression>: null

31-03-2025T12:12:35 - [TEST_STEP][PASSED] - m = getText(findTestObject("Выполнение бизнес-плана/Период")): Text of object 'Object Repository/Выполнение бизнес-плана/Период' is: 'Январь 2025 года'

31-03-2025T12:12:35 - [MESSAGE][PASSED] - Text of object 'Object Repository/Выполнение бизнес-плана/Период' is: 'Январь 2025 года'

31-03-2025T12:12:35 - [TEST_STEP][PASSED] - iy = m.indexOf("20"): null

31-03-2025T12:12:35 - [TEST_STEP][PASSED] - if (iy > -1): null

31-03-2025T12:12:35 - [TEST_STEP][PASSED] - y = substring(iy, iy + 4).toInteger(): null

31-03-2025T12:12:35 - [TEST_STEP][PASSED] - println(y): null

31-03-2025T12:12:35 - [TEST_STEP][PASSED] - if (toString().length() == 4): null

31-03-2025T12:12:35 - [TEST_STEP][PASSED] - m = m.substring(0, m.indexOf(y.toString())): null

31-03-2025T12:12:35 - [TEST_STEP][PASSED] - m = m.trim(): null

31-03-2025T12:12:35 - [TEST_STEP][PASSED] - if (m == ""): null

31-03-2025T12:12:35 - [TEST_STEP][PASSED] - dashboardName = "Выполнение бизнес-плана": null

31-03-2025T12:12:35 - [TEST_STEP][PASSED] - workbook01 = getWorkbook(excelFilePath): null

31-03-2025T12:12:35 - [TEST_STEP][PASSED] - sheet01 = getExcelSheet(workbook01, sheetName): null

31-03-2025T12:12:35 - [TEST_STEP][PASSED] - setValueToCellByIndex(sheet01, n, 0, dashboardName): null

31-03-2025T12:12:35 - [TEST_STEP][PASSED] - setValueToCellByIndex(sheet01, n, 1, dZO): null

31-03-2025T12:12:35 - [TEST_STEP][PASSED] - setValueToCellByIndex(sheet01, n, 2, typeOfData): null

31-03-2025T12:12:35 - [TEST_STEP][PASSED] - if (typeOfData == "Факт в процентах" || typeOfData == "План в процентах"): null

31-03-2025T12:12:35 - [TEST_STEP][PASSED] - else: null

31-03-2025T12:12:35 - [TEST_STEP][PASSED] - setValueToCellByIndex(sheet01, n, 3, fileInt): null

31-03-2025T12:12:35 - [TEST_STEP][PASSED] - setValueToCellByIndex(sheet01, n, 4, pageInt): null

31-03-2025T12:12:35 - [TEST_STEP][PASSED] - setValueToCellByIndex(sheet01, n, 5, m): null

31-03-2025T12:12:35 - [TEST_STEP][PASSED] - setValueToCellByIndex(sheet01, n, 6, y): null

31-03-2025T12:12:35 - [TEST_STEP][PASSED] - setValueToCellByIndex(sheet01, n, 7, todaysDate): null

31-03-2025T12:12:35 - [TEST_STEP][PASSED] - n = n + 1: null

31-03-2025T12:12:35 - [TEST_STEP][PASSED] - saveWorkbook(excelFilePath, workbook01): Object: 'Object Repository/Выполнение бизнес-плана/Кнопка Факт' is clicked on

31-03-2025T12:12:35 - [TEST_STEP][PASSED] - if (planFact == 2): Object: 'Object Repository/Выполнение бизнес-плана/Кнопка Факт' is clicked on

31-03-2025T12:12:35 - [TEST_STEP][PASSED] - click(findTestObject("Выполнение бизнес-плана/Кнопка Факт")): Object: 'Object Repository/Выполнение бизнес-плана/Кнопка Факт' is clicked on

31-03-2025T12:12:36 - [MESSAGE][PASSED] - Object: 'Object Repository/Выполнение бизнес-плана/Кнопка Факт' is clicked on

31-03-2025T12:12:36 - [TEST_STEP][PASSED] - println("a=" + a): null

31-03-2025T12:12:36 - [TEST_STEP][PASSED] - if (a == 84 || a == 82): null

31-03-2025T12:12:36 - [TEST_STEP][PASSED] - page = getText(findTestObject("Выполнение бизнес-плана/textPlanFact")): Text of object 'Object Repository/Выполнение бизнес-плана/textPlanFact' is: '%
6.15 6.15
8.15 8.15
План
Факт
1
100'

31-03-2025T12:12:36 - [MESSAGE][PASSED] - Text of object 'Object Repository/Выполнение бизнес-плана/textPlanFact' is: '%
6.15 6.15
8.15 8.15
План
Факт
1
100'

31-03-2025T12:12:36 - [TEST_STEP][PASSED] - page = page.replaceAll("\n", "_"): null

31-03-2025T12:12:36 - [TEST_STEP][PASSED] - page = page.substring(page.indexOf("_") + 1, page.length()): null

31-03-2025T12:12:36 - [TEST_STEP][PASSED] - page1 = page.substring(0, page.indexOf("_")): null

31-03-2025T12:12:36 - [TEST_STEP][PASSED] - page1 = page.substring(0, page.indexOf(" ")): null

31-03-2025T12:12:36 - [TEST_STEP][PASSED] - page2 = page.substring(page.indexOf("_") + 1, page.length()): null

31-03-2025T12:12:36 - [TEST_STEP][PASSED] - page2 = page2.substring(0, page.indexOf("_")): null

31-03-2025T12:12:36 - [TEST_STEP][PASSED] - page2 = page2.substring(0, page.indexOf(" ")): null

31-03-2025T12:12:36 - [TEST_STEP][PASSED] - println("page1: " + page1): null

31-03-2025T12:12:36 - [TEST_STEP][PASSED] - println("page2: " + page2): null

31-03-2025T12:12:36 - [TEST_STEP][PASSED] - file = findTestData("PlanFact").getValue(4, a): null

31-03-2025T12:12:36 - [TEST_STEP][PASSED] - file = file.replace(",", "."): null

31-03-2025T12:12:36 - [TEST_STEP][PASSED] - println("file Plan: " + file): null

31-03-2025T12:12:36 - [TEST_STEP][PASSED] - typeOfData = "План в процентах": null

31-03-2025T12:12:36 - [TEST_STEP][PASSED] - fileDouble = file.toDouble(): null

31-03-2025T12:12:36 - [TEST_STEP][PASSED] - pageDouble = page1.toDouble(): null

31-03-2025T12:12:36 - [TEST_STEP][PASSED] - if (fileDouble != pageDouble): null

31-03-2025T12:12:36 - [TEST_STEP][PASSED] - numberOfErrors = numberOfErrors + 1: null

31-03-2025T12:12:36 - [TEST_STEP][PASSED] - Script1718980020443.WriteToExcel(a, typeOfData, todaysDate, pageInt, fileInt, pageDouble, fileDouble, dZO): null

31-03-2025T12:12:36 - [TEST_STEP][PASSED] - sheetName = "Sheet1": null

31-03-2025T12:12:36 - [TEST_STEP][PASSED] - data = findTestData("PlanFact"): null

31-03-2025T12:12:36 - [TEST_STEP][PASSED] - n = data.getRowNumbers() + 1: null

31-03-2025T12:12:36 - [TEST_STEP][PASSED] - day = ")).toInteger(): null

31-03-2025T12:12:36 - [TEST_STEP][PASSED] - println(day): null

31-03-2025T12:12:36 - [TEST_STEP][PASSED] - month = ")).toInteger(): null

31-03-2025T12:12:36 - [TEST_STEP][PASSED] - println(month): null

31-03-2025T12:12:36 - [TEST_STEP][PASSED] - y = <not implemented yet for class: org.codehaus.groovy.ast.expr.EmptyExpression>: null

31-03-2025T12:12:36 - [TEST_STEP][PASSED] - iy = <not implemented yet for class: org.codehaus.groovy.ast.expr.EmptyExpression>: null

31-03-2025T12:12:36 - [TEST_STEP][PASSED] - m = getText(findTestObject("Выполнение бизнес-плана/Период")): Text of object 'Object Repository/Выполнение бизнес-плана/Период' is: 'Январь 2025 года'

31-03-2025T12:12:37 - [MESSAGE][PASSED] - Text of object 'Object Repository/Выполнение бизнес-плана/Период' is: 'Январь 2025 года'

31-03-2025T12:12:37 - [TEST_STEP][PASSED] - iy = m.indexOf("20"): null

31-03-2025T12:12:37 - [TEST_STEP][PASSED] - if (iy > -1): null

31-03-2025T12:12:37 - [TEST_STEP][PASSED] - y = substring(iy, iy + 4).toInteger(): null

31-03-2025T12:12:37 - [TEST_STEP][PASSED] - println(y): null

31-03-2025T12:12:37 - [TEST_STEP][PASSED] - if (toString().length() == 4): null

31-03-2025T12:12:37 - [TEST_STEP][PASSED] - m = m.substring(0, m.indexOf(y.toString())): null

31-03-2025T12:12:37 - [TEST_STEP][PASSED] - m = m.trim(): null

31-03-2025T12:12:37 - [TEST_STEP][PASSED] - if (m == ""): null

31-03-2025T12:12:37 - [TEST_STEP][PASSED] - dashboardName = "Выполнение бизнес-плана": null

31-03-2025T12:12:37 - [TEST_STEP][PASSED] - workbook01 = getWorkbook(excelFilePath): null

31-03-2025T12:12:37 - [TEST_STEP][PASSED] - sheet01 = getExcelSheet(workbook01, sheetName): null

31-03-2025T12:12:37 - [TEST_STEP][PASSED] - setValueToCellByIndex(sheet01, n, 0, dashboardName): null

31-03-2025T12:12:37 - [TEST_STEP][PASSED] - setValueToCellByIndex(sheet01, n, 1, dZO): null

31-03-2025T12:12:37 - [TEST_STEP][PASSED] - setValueToCellByIndex(sheet01, n, 2, typeOfData): null

31-03-2025T12:12:37 - [TEST_STEP][PASSED] - if (typeOfData == "Факт в процентах" || typeOfData == "План в процентах"): null

31-03-2025T12:12:37 - [TEST_STEP][PASSED] - setValueToCellByIndex(sheet01, n, 3, fileDouble): null

31-03-2025T12:12:37 - [TEST_STEP][PASSED] - setValueToCellByIndex(sheet01, n, 4, pageDouble): null

31-03-2025T12:12:37 - [TEST_STEP][PASSED] - setValueToCellByIndex(sheet01, n, 5, m): null

31-03-2025T12:12:37 - [TEST_STEP][PASSED] - setValueToCellByIndex(sheet01, n, 6, y): null

31-03-2025T12:12:37 - [TEST_STEP][PASSED] - setValueToCellByIndex(sheet01, n, 7, todaysDate): null

31-03-2025T12:12:37 - [TEST_STEP][PASSED] - n = n + 1: null

31-03-2025T12:12:37 - [TEST_STEP][PASSED] - saveWorkbook(excelFilePath, workbook01): null

31-03-2025T12:12:37 - [TEST_STEP][PASSED] - file = findTestData("PlanFact").getValue(7, a): null

31-03-2025T12:12:37 - [TEST_STEP][PASSED] - file = file.replace(",", "."): null

31-03-2025T12:12:37 - [TEST_STEP][PASSED] - println("file Fact: " + file): null

31-03-2025T12:12:37 - [TEST_STEP][PASSED] - fileDouble = file.toDouble(): null

31-03-2025T12:12:37 - [TEST_STEP][PASSED] - typeOfData = "Факт в процентах": null

31-03-2025T12:12:37 - [TEST_STEP][PASSED] - fileDouble = file.toDouble(): null

31-03-2025T12:12:37 - [TEST_STEP][PASSED] - pageDouble = page2.toDouble(): null

31-03-2025T12:12:37 - [TEST_STEP][PASSED] - if (fileDouble != pageDouble): null

31-03-2025T12:12:37 - [TEST_STEP][PASSED] - numberOfErrors = numberOfErrors + 1: null

31-03-2025T12:12:37 - [TEST_STEP][PASSED] - Script1718980020443.WriteToExcel(a, typeOfData, todaysDate, pageInt, fileInt, pageDouble, fileDouble, dZO): null

31-03-2025T12:12:37 - [TEST_STEP][PASSED] - sheetName = "Sheet1": null

31-03-2025T12:12:37 - [TEST_STEP][PASSED] - data = findTestData("PlanFact"): null

31-03-2025T12:12:37 - [TEST_STEP][PASSED] - n = data.getRowNumbers() + 1: null

31-03-2025T12:12:37 - [TEST_STEP][PASSED] - day = ")).toInteger(): null

31-03-2025T12:12:37 - [TEST_STEP][PASSED] - println(day): null

31-03-2025T12:12:37 - [TEST_STEP][PASSED] - month = ")).toInteger(): null

31-03-2025T12:12:37 - [TEST_STEP][PASSED] - println(month): null

31-03-2025T12:12:37 - [TEST_STEP][PASSED] - y = <not implemented yet for class: org.codehaus.groovy.ast.expr.EmptyExpression>: null

31-03-2025T12:12:37 - [TEST_STEP][PASSED] - iy = <not implemented yet for class: org.codehaus.groovy.ast.expr.EmptyExpression>: null

31-03-2025T12:12:37 - [TEST_STEP][PASSED] - m = getText(findTestObject("Выполнение бизнес-плана/Период")): Text of object 'Object Repository/Выполнение бизнес-плана/Период' is: 'Январь 2025 года'

31-03-2025T12:12:37 - [MESSAGE][PASSED] - Text of object 'Object Repository/Выполнение бизнес-плана/Период' is: 'Январь 2025 года'

31-03-2025T12:12:37 - [TEST_STEP][PASSED] - iy = m.indexOf("20"): null

31-03-2025T12:12:37 - [TEST_STEP][PASSED] - if (iy > -1): null

31-03-2025T12:12:37 - [TEST_STEP][PASSED] - y = substring(iy, iy + 4).toInteger(): null

31-03-2025T12:12:37 - [TEST_STEP][PASSED] - println(y): null

31-03-2025T12:12:37 - [TEST_STEP][PASSED] - if (toString().length() == 4): null

31-03-2025T12:12:37 - [TEST_STEP][PASSED] - m = m.substring(0, m.indexOf(y.toString())): null

31-03-2025T12:12:37 - [TEST_STEP][PASSED] - m = m.trim(): null

31-03-2025T12:12:37 - [TEST_STEP][PASSED] - if (m == ""): null

31-03-2025T12:12:37 - [TEST_STEP][PASSED] - dashboardName = "Выполнение бизнес-плана": null

31-03-2025T12:12:37 - [TEST_STEP][PASSED] - workbook01 = getWorkbook(excelFilePath): null

31-03-2025T12:12:37 - [TEST_STEP][PASSED] - sheet01 = getExcelSheet(workbook01, sheetName): null

31-03-2025T12:12:37 - [TEST_STEP][PASSED] - setValueToCellByIndex(sheet01, n, 0, dashboardName): null

31-03-2025T12:12:37 - [TEST_STEP][PASSED] - setValueToCellByIndex(sheet01, n, 1, dZO): null

31-03-2025T12:12:37 - [TEST_STEP][PASSED] - setValueToCellByIndex(sheet01, n, 2, typeOfData): null

31-03-2025T12:12:37 - [TEST_STEP][PASSED] - if (typeOfData == "Факт в процентах" || typeOfData == "План в процентах"): null

31-03-2025T12:12:37 - [TEST_STEP][PASSED] - setValueToCellByIndex(sheet01, n, 3, fileDouble): null

31-03-2025T12:12:37 - [TEST_STEP][PASSED] - setValueToCellByIndex(sheet01, n, 4, pageDouble): null

31-03-2025T12:12:37 - [TEST_STEP][PASSED] - setValueToCellByIndex(sheet01, n, 5, m): null

31-03-2025T12:12:37 - [TEST_STEP][PASSED] - setValueToCellByIndex(sheet01, n, 6, y): null

31-03-2025T12:12:37 - [TEST_STEP][PASSED] - setValueToCellByIndex(sheet01, n, 7, todaysDate): null

31-03-2025T12:12:37 - [TEST_STEP][PASSED] - n = n + 1: null

31-03-2025T12:12:37 - [TEST_STEP][PASSED] - saveWorkbook(excelFilePath, workbook01): null

31-03-2025T12:12:38 - [TEST_STEP][FAILED] - if (verifyEqual(numberOfErrors, 0) == false): null

31-03-2025T12:12:38 - [MESSAGE][FAILED] - Unable to verify equal between actual object '6' and expected object '0' (Root cause: com.kms.katalon.core.exception.StepFailedException: Actual object '6' and expected object '0' are not equal
	at com.kms.katalon.core.keyword.builtin.VerifyEqualKeyword$_verifyEqual_closure1.doCall(VerifyEqualKeyword.groovy:58)
	at com.kms.katalon.core.keyword.builtin.VerifyEqualKeyword$_verifyEqual_closure1.call(VerifyEqualKeyword.groovy)
	at com.kms.katalon.core.keyword.internal.KeywordMain.runKeyword(KeywordMain.groovy:75)
	at com.kms.katalon.core.keyword.builtin.VerifyEqualKeyword.verifyEqual(VerifyEqualKeyword.groovy:63)
	at com.kms.katalon.core.keyword.builtin.VerifyEqualKeyword.execute(VerifyEqualKeyword.groovy:44)
	at com.kms.katalon.core.keyword.internal.KeywordExecutor.executeKeywordForPlatform(KeywordExecutor.groovy:74)
	at com.kms.katalon.core.keyword.BuiltinKeywords.verifyEqual(BuiltinKeywords.groovy:146)
	at jdk.internal.reflect.GeneratedMethodAccessor28.invoke(Unknown Source)
	at java.base/jdk.internal.reflect.DelegatingMethodAccessorImpl.invoke(DelegatingMethodAccessorImpl.java:43)
	at Выполнение бизнес-плана Сверка ПАО Россети все филиалы.Numbers(Выполнение бизнес-плана Сверка ПАО Россети все филиалы:744)
	at Выполнение бизнес-плана Сверка ПАО Россети все филиалы.run(Выполнение бизнес-плана Сверка ПАО Россети все филиалы:172)
	at com.kms.katalon.core.main.ScriptEngine.run(ScriptEngine.java:194)
	at com.kms.katalon.core.main.ScriptEngine.runScriptAsRawText(ScriptEngine.java:119)
	at com.kms.katalon.core.main.TestCaseExecutor.runScript(TestCaseExecutor.java:448)
	at com.kms.katalon.core.main.TestCaseExecutor.doExecute(TestCaseExecutor.java:439)
	at com.kms.katalon.core.main.TestCaseExecutor.processExecutionPhase(TestCaseExecutor.java:418)
	at com.kms.katalon.core.main.TestCaseExecutor.accessMainPhase(TestCaseExecutor.java:410)
	at com.kms.katalon.core.main.TestCaseExecutor.execute(TestCaseExecutor.java:285)
	at com.kms.katalon.core.common.CommonExecutor.accessTestCaseMainPhase(CommonExecutor.java:65)
	at com.kms.katalon.core.main.TestSuiteExecutor.accessTestSuiteMainPhase(TestSuiteExecutor.java:150)
	at com.kms.katalon.core.main.TestSuiteExecutor.execute(TestSuiteExecutor.java:106)
	at com.kms.katalon.core.main.TestCaseMain.startTestSuite(TestCaseMain.java:180)
	at TempTestSuite1743404878601.run(TempTestSuite1743404878601.groovy:35)
	at java.base/jdk.internal.reflect.NativeMethodAccessorImpl.invoke0(Native Method)
	at java.base/jdk.internal.reflect.NativeMethodAccessorImpl.invoke(NativeMethodAccessorImpl.java:77)
	at java.base/jdk.internal.reflect.DelegatingMethodAccessorImpl.invoke(DelegatingMethodAccessorImpl.java:43)
)

31-03-2025T12:12:38 - [TEST_STEP][PASSED] - println(numberOfErrors): null

31-03-2025T12:12:38 - [TEST_STEP][PASSED] - println("a=" + a): null

31-03-2025T12:12:38 - [TEST_STEP][PASSED] - if (a == 28 || a == 77 || a == 74 || a == 65 || a == 36 || a == 44 || a == 54 || a == 1 || a == 18 || a == 59): null

31-03-2025T12:12:38 - [TEST_STEP][PASSED] - if (a == 82): null

31-03-2025T12:12:38 - [TEST_STEP][PASSED] - dZO = "Россети ФСК ЕЭС": null

31-03-2025T12:12:38 - [TEST_STEP][PASSED] - a = 83: null

31-03-2025T12:12:38 - [TEST_STEP][PASSED] - if (x1.contains("ЕЭС")): null

31-03-2025T12:12:38 - [TEST_STEP][PASSED] - dzoNum = dzoNum + 1: null

31-03-2025T12:12:38 - [TEST_STEP][PASSED] - println(dzoNum): null

31-03-2025T12:12:38 - [TEST_STEP][PASSED] - Script1718980020443.Numbers(a, typeOfData, todaysDate, pageInt, fileInt, pageDouble, fileDouble, dZO, dzoNum, filialNum): null

31-03-2025T12:12:38 - [TEST_STEP][PASSED] - println(dzoNum): null

31-03-2025T12:12:38 - [TEST_STEP][PASSED] - planFact = <not implemented yet for class: org.codehaus.groovy.ast.expr.EmptyExpression>: null

31-03-2025T12:12:38 - [TEST_STEP][PASSED] - page = <not implemented yet for class: org.codehaus.groovy.ast.expr.EmptyExpression>: null

31-03-2025T12:12:38 - [TEST_STEP][PASSED] - page1 = <not implemented yet for class: org.codehaus.groovy.ast.expr.EmptyExpression>: null

31-03-2025T12:12:38 - [TEST_STEP][PASSED] - page2 = <not implemented yet for class: org.codehaus.groovy.ast.expr.EmptyExpression>: null

31-03-2025T12:12:38 - [TEST_STEP][PASSED] - filialNumberInRow = <not implemented yet for class: org.codehaus.groovy.ast.expr.EmptyExpression>: null

31-03-2025T12:12:38 - [TEST_STEP][PASSED] - filialsDzoNames = <not implemented yet for class: org.codehaus.groovy.ast.expr.EmptyExpression>: null

31-03-2025T12:12:38 - [TEST_STEP][PASSED] - numberOfFilials = <not implemented yet for class: org.codehaus.groovy.ast.expr.EmptyExpression>: null

31-03-2025T12:12:38 - [TEST_STEP][PASSED] - numberOfSpaces = <not implemented yet for class: org.codehaus.groovy.ast.expr.EmptyExpression>: null

31-03-2025T12:12:38 - [TEST_STEP][PASSED] - file = <not implemented yet for class: org.codehaus.groovy.ast.expr.EmptyExpression>: null

31-03-2025T12:12:38 - [TEST_STEP][PASSED] - otpusk = <not implemented yet for class: org.codehaus.groovy.ast.expr.EmptyExpression>: null

31-03-2025T12:12:38 - [TEST_STEP][PASSED] - poteri = <not implemented yet for class: org.codehaus.groovy.ast.expr.EmptyExpression>: null

31-03-2025T12:12:38 - [TEST_STEP][PASSED] - dataFolder = "Выполнение бизнес-плана/Значения со страницы Выполнение бизнес-плана/": null

31-03-2025T12:12:38 - [TEST_STEP][PASSED] - path = <not implemented yet for class: org.codehaus.groovy.ast.expr.EmptyExpression>: null

31-03-2025T12:12:38 - [TEST_STEP][PASSED] - typeOfDataMain = <not implemented yet for class: org.codehaus.groovy.ast.expr.EmptyExpression>: null

31-03-2025T12:12:38 - [TEST_STEP][PASSED] - fileOtpuskVSet = <not implemented yet for class: org.codehaus.groovy.ast.expr.EmptyExpression>: null

31-03-2025T12:12:38 - [TEST_STEP][PASSED] - pageOtpuskVSet = <not implemented yet for class: org.codehaus.groovy.ast.expr.EmptyExpression>: null

31-03-2025T12:12:38 - [TEST_STEP][PASSED] - filePoteri = <not implemented yet for class: org.codehaus.groovy.ast.expr.EmptyExpression>: null

31-03-2025T12:12:38 - [TEST_STEP][PASSED] - pagePoteri = <not implemented yet for class: org.codehaus.groovy.ast.expr.EmptyExpression>: null

31-03-2025T12:12:38 - [TEST_STEP][PASSED] - compare = <not implemented yet for class: org.codehaus.groovy.ast.expr.EmptyExpression>: null

31-03-2025T12:12:38 - [TEST_STEP][PASSED] - b = <not implemented yet for class: org.codehaus.groovy.ast.expr.EmptyExpression>: null

31-03-2025T12:12:38 - [TEST_STEP][PASSED] - i = <not implemented yet for class: org.codehaus.groovy.ast.expr.EmptyExpression>: null

31-03-2025T12:12:38 - [TEST_STEP][PASSED] - ii = <not implemented yet for class: org.codehaus.groovy.ast.expr.EmptyExpression>: null

31-03-2025T12:12:38 - [TEST_STEP][PASSED] - c = <not implemented yet for class: org.codehaus.groovy.ast.expr.EmptyExpression>: null

31-03-2025T12:12:38 - [TEST_STEP][PASSED] - numberOfErrors = 0: null

31-03-2025T12:12:38 - [TEST_STEP][PASSED] - if (a == 82): null

31-03-2025T12:12:38 - [TEST_STEP][PASSED] - b = findTestData("PlanFact").getValue(1, a): null

31-03-2025T12:12:38 - [TEST_STEP][PASSED] - i = b.indexOf(" (ГК)"): null

31-03-2025T12:12:38 - [TEST_STEP][PASSED] - if (i > -1): null

31-03-2025T12:12:38 - [TEST_STEP][PASSED] - i = b.indexOf("О ""): null

31-03-2025T12:12:38 - [TEST_STEP][PASSED] - if (i > -1): null

31-03-2025T12:12:38 - [TEST_STEP][PASSED] - i = b.indexOf("О «"): null

31-03-2025T12:12:38 - [TEST_STEP][PASSED] - if (i > -1): null

31-03-2025T12:12:38 - [TEST_STEP][PASSED] - i = b.indexOf("г. "): null

31-03-2025T12:12:38 - [TEST_STEP][PASSED] - if (i > -1): null

31-03-2025T12:12:38 - [TEST_STEP][PASSED] - b = b.trim(): null

31-03-2025T12:12:38 - [TEST_STEP][PASSED] - println(b): null

31-03-2025T12:12:38 - [TEST_STEP][PASSED] - for ([planFact = 1, planFact < 3, (planFact++)]): null

31-03-2025T12:12:38 - [TEST_STEP][PASSED] - if (planFact == 1): null

31-03-2025T12:12:38 - [TEST_STEP][PASSED] - typeOfDataMain = "Факт": null

31-03-2025T12:12:38 - [TEST_STEP][PASSED] - otpusk = findTestData("PlanFact").getValue(5, a): null

31-03-2025T12:12:38 - [TEST_STEP][PASSED] - poteri = findTestData("PlanFact").getValue(6, a): null

31-03-2025T12:12:38 - [TEST_STEP][PASSED] - otpusk = otpusk.replaceAll("\s+", ""): null

31-03-2025T12:12:38 - [TEST_STEP][PASSED] - poteri = poteri.replaceAll("\s+", ""): null

31-03-2025T12:12:38 - [TEST_STEP][PASSED] - typeOfData = typeOfDataMain + " Отпуск в сеть": null

31-03-2025T12:12:38 - [TEST_STEP][PASSED] - if (a == 82): null

31-03-2025T12:12:38 - [TEST_STEP][PASSED] - else if (a == 84): null

31-03-2025T12:12:38 - [TEST_STEP][PASSED] - else if (a == 83 || a == 52 || a == 72 || a == 28 || a == 73 || a == 77 || a == 74 || a == 65 || a == 36 || a == 44 || a == 53 || a == 80 || a == 54 || a == 1 || a == 18 || a == 59 || a == 81): null

31-03-2025T12:12:38 - [TEST_STEP][PASSED] - path = dataFolder + "Table Data/" + typeOfData + " за отчётный период " + dzoNum: null

31-03-2025T12:12:38 - [TEST_STEP][PASSED] - println(path): null

31-03-2025T12:12:38 - [TEST_STEP][PASSED] - page = getText(findTestObject(path)): Text of object 'Object Repository/Выполнение бизнес-плана/Значения со страницы Выполнение бизнес-плана/Table Data/Факт Отпуск в сеть за отчётный период 1' is: '57 256 396'

31-03-2025T12:12:38 - [MESSAGE][PASSED] - Text of object 'Object Repository/Выполнение бизнес-плана/Значения со страницы Выполнение бизнес-плана/Table Data/Факт Отпуск в сеть за отчётный период 1' is: '57 256 396'

31-03-2025T12:12:38 - [TEST_STEP][PASSED] - if (page == "" || page == null): null

31-03-2025T12:12:38 - [TEST_STEP][PASSED] - else: null

31-03-2025T12:12:38 - [TEST_STEP][PASSED] - page = page.replaceAll("\s+", ""): null

31-03-2025T12:12:38 - [TEST_STEP][PASSED] - if (page == "undefined"): null

31-03-2025T12:12:38 - [TEST_STEP][PASSED] - fileOtpuskVSet = otpusk.toInteger(): null

31-03-2025T12:12:38 - [TEST_STEP][PASSED] - pageOtpuskVSet = page.toInteger(): null

31-03-2025T12:12:38 - [TEST_STEP][PASSED] - typeOfData = typeOfDataMain + " Потери": null

31-03-2025T12:12:38 - [TEST_STEP][PASSED] - if (a == 82): null

31-03-2025T12:12:38 - [TEST_STEP][PASSED] - else if (a == 84): null

31-03-2025T12:12:38 - [TEST_STEP][PASSED] - else if (a == 83 || a == 52 || a == 72 || a == 28 || a == 73 || a == 77 || a == 74 || a == 65 || a == 44 || a == 53 || a == 80 || a == 54 || a == 1 || a == 18 || a == 59 || a == 81): null

31-03-2025T12:12:38 - [TEST_STEP][PASSED] - path = dataFolder + "Table Data/" + typeOfData + " за отчётный период " + dzoNum: null

31-03-2025T12:12:38 - [TEST_STEP][PASSED] - page = getText(findTestObject(path)): Text of object 'Object Repository/Выполнение бизнес-плана/Значения со страницы Выполнение бизнес-плана/Table Data/Факт Потери за отчётный период 1' is: '9 338 688'

31-03-2025T12:12:38 - [MESSAGE][PASSED] - Text of object 'Object Repository/Выполнение бизнес-плана/Значения со страницы Выполнение бизнес-плана/Table Data/Факт Потери за отчётный период 1' is: '9 338 688'

31-03-2025T12:12:38 - [TEST_STEP][PASSED] - if (page == "" || page == null): null

31-03-2025T12:12:38 - [TEST_STEP][PASSED] - else: null

31-03-2025T12:12:38 - [TEST_STEP][PASSED] - page = page.replaceAll("\s+", ""): null

31-03-2025T12:12:38 - [TEST_STEP][PASSED] - if (page == "undefined"): null

31-03-2025T12:12:38 - [TEST_STEP][PASSED] - filePoteri = poteri.toInteger(): null

31-03-2025T12:12:38 - [TEST_STEP][PASSED] - pagePoteri = page.toInteger(): null

31-03-2025T12:12:38 - [TEST_STEP][PASSED] - compare = pageOtpuskVSet: null

31-03-2025T12:12:38 - [TEST_STEP][PASSED] - if (pageOtpuskVSet != null): null

31-03-2025T12:12:38 - [TEST_STEP][PASSED] - if (compare == fileOtpuskVSet): null

31-03-2025T12:12:38 - [TEST_STEP][PASSED] - if (compare == fileOtpuskVSet): null

31-03-2025T12:12:38 - [TEST_STEP][PASSED] - compare = pagePoteri: null

31-03-2025T12:12:38 - [TEST_STEP][PASSED] - if (pageOtpuskVSet != null): null

31-03-2025T12:12:38 - [TEST_STEP][PASSED] - if (compare == filePoteri): null

31-03-2025T12:12:38 - [TEST_STEP][PASSED] - else if (compare > filePoteri): null

31-03-2025T12:12:38 - [TEST_STEP][PASSED] - compare = compare - 1: null

31-03-2025T12:12:38 - [TEST_STEP][PASSED] - if (compare == filePoteri): null

31-03-2025T12:12:38 - [TEST_STEP][PASSED] - else: null

31-03-2025T12:12:38 - [TEST_STEP][PASSED] - numberOfErrors = numberOfErrors + 1: null

31-03-2025T12:12:38 - [TEST_STEP][PASSED] - pageInt = pagePoteri: null

31-03-2025T12:12:38 - [TEST_STEP][PASSED] - fileInt = filePoteri: null

31-03-2025T12:12:38 - [TEST_STEP][PASSED] - typeOfData = typeOfDataMain + " Потери": null

31-03-2025T12:12:38 - [TEST_STEP][PASSED] - Script1718980020443.WriteToExcel(a, typeOfData, todaysDate, pageInt, fileInt, pageDouble, fileDouble, dZO): null

31-03-2025T12:12:38 - [TEST_STEP][PASSED] - sheetName = "Sheet1": null

31-03-2025T12:12:38 - [TEST_STEP][PASSED] - data = findTestData("PlanFact"): null

31-03-2025T12:12:38 - [TEST_STEP][PASSED] - n = data.getRowNumbers() + 1: null

31-03-2025T12:12:38 - [TEST_STEP][PASSED] - day = ")).toInteger(): null

31-03-2025T12:12:38 - [TEST_STEP][PASSED] - println(day): null

31-03-2025T12:12:38 - [TEST_STEP][PASSED] - month = ")).toInteger(): null

31-03-2025T12:12:38 - [TEST_STEP][PASSED] - println(month): null

31-03-2025T12:12:38 - [TEST_STEP][PASSED] - y = <not implemented yet for class: org.codehaus.groovy.ast.expr.EmptyExpression>: null

31-03-2025T12:12:38 - [TEST_STEP][PASSED] - iy = <not implemented yet for class: org.codehaus.groovy.ast.expr.EmptyExpression>: null

31-03-2025T12:12:38 - [TEST_STEP][PASSED] - m = getText(findTestObject("Выполнение бизнес-плана/Период")): Text of object 'Object Repository/Выполнение бизнес-плана/Период' is: 'Январь 2025 года'

31-03-2025T12:12:39 - [MESSAGE][PASSED] - Text of object 'Object Repository/Выполнение бизнес-плана/Период' is: 'Январь 2025 года'

31-03-2025T12:12:39 - [TEST_STEP][PASSED] - iy = m.indexOf("20"): null

31-03-2025T12:12:39 - [TEST_STEP][PASSED] - if (iy > -1): null

31-03-2025T12:12:39 - [TEST_STEP][PASSED] - y = substring(iy, iy + 4).toInteger(): null

31-03-2025T12:12:39 - [TEST_STEP][PASSED] - println(y): null

31-03-2025T12:12:39 - [TEST_STEP][PASSED] - if (toString().length() == 4): null

31-03-2025T12:12:39 - [TEST_STEP][PASSED] - m = m.substring(0, m.indexOf(y.toString())): null

31-03-2025T12:12:39 - [TEST_STEP][PASSED] - m = m.trim(): null

31-03-2025T12:12:39 - [TEST_STEP][PASSED] - if (m == ""): null

31-03-2025T12:12:39 - [TEST_STEP][PASSED] - dashboardName = "Выполнение бизнес-плана": null

31-03-2025T12:12:39 - [TEST_STEP][PASSED] - workbook01 = getWorkbook(excelFilePath): null

31-03-2025T12:12:39 - [TEST_STEP][PASSED] - sheet01 = getExcelSheet(workbook01, sheetName): null

31-03-2025T12:12:39 - [TEST_STEP][PASSED] - setValueToCellByIndex(sheet01, n, 0, dashboardName): null

31-03-2025T12:12:39 - [TEST_STEP][PASSED] - setValueToCellByIndex(sheet01, n, 1, dZO): null

31-03-2025T12:12:39 - [TEST_STEP][PASSED] - setValueToCellByIndex(sheet01, n, 2, typeOfData): null

31-03-2025T12:12:39 - [TEST_STEP][PASSED] - if (typeOfData == "Факт в процентах" || typeOfData == "План в процентах"): null

31-03-2025T12:12:39 - [TEST_STEP][PASSED] - else: null

31-03-2025T12:12:39 - [TEST_STEP][PASSED] - setValueToCellByIndex(sheet01, n, 3, fileInt): null

31-03-2025T12:12:39 - [TEST_STEP][PASSED] - setValueToCellByIndex(sheet01, n, 4, pageInt): null

31-03-2025T12:12:39 - [TEST_STEP][PASSED] - setValueToCellByIndex(sheet01, n, 5, m): null

31-03-2025T12:12:39 - [TEST_STEP][PASSED] - setValueToCellByIndex(sheet01, n, 6, y): null

31-03-2025T12:12:39 - [TEST_STEP][PASSED] - setValueToCellByIndex(sheet01, n, 7, todaysDate): null

31-03-2025T12:12:39 - [TEST_STEP][PASSED] - n = n + 1: null

31-03-2025T12:12:39 - [TEST_STEP][FAILED] - saveWorkbook(excelFilePath, workbook01): null

31-03-2025T12:12:39 - [TEST_STEP][PASSED] - if (planFact == 2): null

31-03-2025T12:12:39 - [TEST_STEP][PASSED] - if (planFact == 1): null

31-03-2025T12:12:39 - [TEST_STEP][PASSED] - else if (planFact == 2): null

31-03-2025T12:12:39 - [TEST_STEP][PASSED] - click(findTestObject("Выполнение бизнес-плана/Кнопка План")): Object: 'Object Repository/Выполнение бизнес-плана/Кнопка План' is clicked on

31-03-2025T12:12:39 - [MESSAGE][PASSED] - Object: 'Object Repository/Выполнение бизнес-плана/Кнопка План' is clicked on

31-03-2025T12:12:39 - [TEST_STEP][PASSED] - typeOfDataMain = "План": null

31-03-2025T12:12:39 - [TEST_STEP][PASSED] - otpusk = findTestData("PlanFact").getValue(2, a): null

31-03-2025T12:12:40 - [TEST_STEP][PASSED] - poteri = findTestData("PlanFact").getValue(3, a): null

31-03-2025T12:12:40 - [TEST_STEP][PASSED] - otpusk = otpusk.replaceAll("\s+", ""): null

31-03-2025T12:12:40 - [TEST_STEP][PASSED] - poteri = poteri.replaceAll("\s+", ""): null

31-03-2025T12:12:40 - [TEST_STEP][PASSED] - typeOfData = typeOfDataMain + " Отпуск в сеть": null

31-03-2025T12:12:40 - [TEST_STEP][PASSED] - if (a == 82): null

31-03-2025T12:12:40 - [TEST_STEP][PASSED] - else if (a == 84): null

31-03-2025T12:12:40 - [TEST_STEP][PASSED] - else if (a == 83 || a == 52 || a == 72 || a == 28 || a == 73 || a == 77 || a == 74 || a == 65 || a == 36 || a == 44 || a == 53 || a == 80 || a == 54 || a == 1 || a == 18 || a == 59 || a == 81): null

31-03-2025T12:12:40 - [TEST_STEP][PASSED] - path = dataFolder + "Table Data/" + typeOfData + " за отчётный период " + dzoNum: null

31-03-2025T12:12:40 - [TEST_STEP][PASSED] - println(path): null

31-03-2025T12:12:40 - [TEST_STEP][PASSED] - page = getText(findTestObject(path)): Text of object 'Object Repository/Выполнение бизнес-плана/Значения со страницы Выполнение бизнес-плана/Table Data/План Отпуск в сеть за отчётный период 1' is: '58 806 842'

31-03-2025T12:12:40 - [MESSAGE][PASSED] - Text of object 'Object Repository/Выполнение бизнес-плана/Значения со страницы Выполнение бизнес-плана/Table Data/План Отпуск в сеть за отчётный период 1' is: '58 806 842'

31-03-2025T12:12:40 - [TEST_STEP][PASSED] - if (page == "" || page == null): null

31-03-2025T12:12:40 - [TEST_STEP][PASSED] - else: null

31-03-2025T12:12:40 - [TEST_STEP][PASSED] - page = page.replaceAll("\s+", ""): null

31-03-2025T12:12:40 - [TEST_STEP][PASSED] - if (page == "undefined"): null

31-03-2025T12:12:40 - [TEST_STEP][PASSED] - fileOtpuskVSet = otpusk.toInteger(): null

31-03-2025T12:12:40 - [TEST_STEP][PASSED] - pageOtpuskVSet = page.toInteger(): null

31-03-2025T12:12:40 - [TEST_STEP][PASSED] - typeOfData = typeOfDataMain + " Потери": null

31-03-2025T12:12:40 - [TEST_STEP][PASSED] - if (a == 82): null

31-03-2025T12:12:40 - [TEST_STEP][PASSED] - else if (a == 84): null

31-03-2025T12:12:40 - [TEST_STEP][PASSED] - else if (a == 83 || a == 52 || a == 72 || a == 28 || a == 73 || a == 77 || a == 74 || a == 65 || a == 44 || a == 53 || a == 80 || a == 54 || a == 1 || a == 18 || a == 59 || a == 81): null

31-03-2025T12:12:40 - [TEST_STEP][PASSED] - path = dataFolder + "Table Data/" + typeOfData + " за отчётный период " + dzoNum: null

31-03-2025T12:12:40 - [TEST_STEP][FAILED] - page = getText(findTestObject(path)): Unable to get text of object 'Object Repository/Выполнение бизнес-плана/Значения со страницы Выполнение бизнес-плана/Table Data/План Потери за отчётный период 1' (Root cause: com.kms.katalon.core.exception.StepFailedException: Unable to get text of object 'Object Repository/Выполнение бизнес-плана/Значения со страницы Выполнение бизнес-плана/Table Data/План Потери за отчётный период 1'
	at com.kms.katalon.core.webui.keyword.internal.WebUIKeywordMain.stepFailed(WebUIKeywordMain.groovy:64)
	at com.kms.katalon.core.webui.keyword.internal.WebUIKeywordMain.runKeyword(WebUIKeywordMain.groovy:26)
	at com.kms.katalon.core.webui.keyword.builtin.GetTextKeyword.getText(GetTextKeyword.groovy:88)
	at com.kms.katalon.core.webui.keyword.builtin.GetTextKeyword.execute(GetTextKeyword.groovy:67)
	at com.kms.katalon.core.keyword.internal.KeywordExecutor.executeKeywordForPlatform(KeywordExecutor.groovy:74)
	at com.kms.katalon.core.webui.keyword.WebUiBuiltInKeywords.getText(WebUiBuiltInKeywords.groovy:957)
	at Выполнение бизнес-плана Сверка ПАО Россети все филиалы.Numbers(Выполнение бизнес-плана Сверка ПАО Россети все филиалы:594)
	at Выполнение бизнес-плана Сверка ПАО Россети все филиалы.run(Выполнение бизнес-плана Сверка ПАО Россети все филиалы:183)
	at com.kms.katalon.core.main.ScriptEngine.run(ScriptEngine.java:194)
	at com.kms.katalon.core.main.ScriptEngine.runScriptAsRawText(ScriptEngine.java:119)
	at com.kms.katalon.core.main.TestCaseExecutor.runScript(TestCaseExecutor.java:448)
	at com.kms.katalon.core.main.TestCaseExecutor.doExecute(TestCaseExecutor.java:439)
	at com.kms.katalon.core.main.TestCaseExecutor.processExecutionPhase(TestCaseExecutor.java:418)
	at com.kms.katalon.core.main.TestCaseExecutor.accessMainPhase(TestCaseExecutor.java:410)
	at com.kms.katalon.core.main.TestCaseExecutor.execute(TestCaseExecutor.java:285)
	at com.kms.katalon.core.common.CommonExecutor.accessTestCaseMainPhase(CommonExecutor.java:65)
	at com.kms.katalon.core.main.TestSuiteExecutor.accessTestSuiteMainPhase(TestSuiteExecutor.java:150)
	at com.kms.katalon.core.main.TestSuiteExecutor.execute(TestSuiteExecutor.java:106)
	at com.kms.katalon.core.main.TestCaseMain.startTestSuite(TestCaseMain.java:180)
	at TempTestSuite1743404878601.run(TempTestSuite1743404878601.groovy:35)
	at java.base/jdk.internal.reflect.NativeMethodAccessorImpl.invoke0(Native Method)
	at java.base/jdk.internal.reflect.NativeMethodAccessorImpl.invoke(NativeMethodAccessorImpl.java:77)
	at java.base/jdk.internal.reflect.DelegatingMethodAccessorImpl.invoke(DelegatingMethodAccessorImpl.java:43)
Caused by: com.kms.katalon.core.webui.exception.WebElementNotFoundException: Web element with id: 'Object Repository/Выполнение бизнес-плана/Значения со страницы Выполнение бизнес-плана/Table Data/План Потери за отчётный период 1' located by '(.//*[normalize-space(text()) and normalize-space(.)='Показатели баланса электроэнергии по ДЗО – План'])[2]/following::td[35]' not found
	at com.kms.katalon.core.webui.common.WebUiCommonHelper.findWebElement(WebUiCommonHelper.java:1426)
	at com.kms.katalon.core.webui.keyword.internal.WebUIAbstractKeyword.findWebElement(WebUIAbstractKeyword.groovy:27)
	at com.kms.katalon.core.webui.keyword.internal.WebUIAbstractKeyword.findWebElement(WebUIAbstractKeyword.groovy:26)
	at com.kms.katalon.core.webui.keyword.builtin.GetTextKeyword$_getText_closure1.doCall(GetTextKeyword.groovy:78)
	at com.kms.katalon.core.webui.keyword.builtin.GetTextKeyword$_getText_closure1.call(GetTextKeyword.groovy)
	at com.kms.katalon.core.webui.keyword.internal.WebUIKeywordMain.runKeyword(WebUIKeywordMain.groovy:20)
	at com.kms.katalon.core.webui.keyword.builtin.GetTextKeyword.getText(GetTextKeyword.groovy:88)
	at com.kms.katalon.core.webui.keyword.builtin.GetTextKeyword.execute(GetTextKeyword.groovy:67)
	at com.kms.katalon.core.keyword.internal.KeywordExecutor.executeKeywordForPlatform(KeywordExecutor.groovy:74)
	at com.kms.katalon.core.webui.keyword.WebUiBuiltInKeywords.getText(WebUiBuiltInKeywords.groovy:957)
	at Script1718980020443.Numbers(Script1718980020443.groovy:594)
	at Script1718980020443.run(Script1718980020443.groovy:183)
	... 15 more
)

31-03-2025T12:13:11 - [MESSAGE][INFO] - Unable to find the element located by 'By.xpath: (.//*[normalize-space(text()) and normalize-space(.)='Показатели баланса электроэнергии по ДЗО – План'])[2]/following::td[35]'. Please recheck the objects properties to make sure the desired element is located. 

31-03-2025T12:13:11 - [MESSAGE][FAILED] - Unable to get text of object 'Object Repository/Выполнение бизнес-плана/Значения со страницы Выполнение бизнес-плана/Table Data/План Потери за отчётный период 1' (Root cause: com.kms.katalon.core.exception.StepFailedException: Unable to get text of object 'Object Repository/Выполнение бизнес-плана/Значения со страницы Выполнение бизнес-плана/Table Data/План Потери за отчётный период 1'
	at com.kms.katalon.core.webui.keyword.internal.WebUIKeywordMain.stepFailed(WebUIKeywordMain.groovy:64)
	at com.kms.katalon.core.webui.keyword.internal.WebUIKeywordMain.runKeyword(WebUIKeywordMain.groovy:26)
	at com.kms.katalon.core.webui.keyword.builtin.GetTextKeyword.getText(GetTextKeyword.groovy:88)
	at com.kms.katalon.core.webui.keyword.builtin.GetTextKeyword.execute(GetTextKeyword.groovy:67)
	at com.kms.katalon.core.keyword.internal.KeywordExecutor.executeKeywordForPlatform(KeywordExecutor.groovy:74)
	at com.kms.katalon.core.webui.keyword.WebUiBuiltInKeywords.getText(WebUiBuiltInKeywords.groovy:957)
	at Выполнение бизнес-плана Сверка ПАО Россети все филиалы.Numbers(Выполнение бизнес-плана Сверка ПАО Россети все филиалы:594)
	at Выполнение бизнес-плана Сверка ПАО Россети все филиалы.run(Выполнение бизнес-плана Сверка ПАО Россети все филиалы:183)
	at com.kms.katalon.core.main.ScriptEngine.run(ScriptEngine.java:194)
	at com.kms.katalon.core.main.ScriptEngine.runScriptAsRawText(ScriptEngine.java:119)
	at com.kms.katalon.core.main.TestCaseExecutor.runScript(TestCaseExecutor.java:448)
	at com.kms.katalon.core.main.TestCaseExecutor.doExecute(TestCaseExecutor.java:439)
	at com.kms.katalon.core.main.TestCaseExecutor.processExecutionPhase(TestCaseExecutor.java:418)
	at com.kms.katalon.core.main.TestCaseExecutor.accessMainPhase(TestCaseExecutor.java:410)
	at com.kms.katalon.core.main.TestCaseExecutor.execute(TestCaseExecutor.java:285)
	at com.kms.katalon.core.common.CommonExecutor.accessTestCaseMainPhase(CommonExecutor.java:65)
	at com.kms.katalon.core.main.TestSuiteExecutor.accessTestSuiteMainPhase(TestSuiteExecutor.java:150)
	at com.kms.katalon.core.main.TestSuiteExecutor.execute(TestSuiteExecutor.java:106)
	at com.kms.katalon.core.main.TestCaseMain.startTestSuite(TestCaseMain.java:180)
	at TempTestSuite1743404878601.run(TempTestSuite1743404878601.groovy:35)
	at java.base/jdk.internal.reflect.NativeMethodAccessorImpl.invoke0(Native Method)
	at java.base/jdk.internal.reflect.NativeMethodAccessorImpl.invoke(NativeMethodAccessorImpl.java:77)
	at java.base/jdk.internal.reflect.DelegatingMethodAccessorImpl.invoke(DelegatingMethodAccessorImpl.java:43)
Caused by: com.kms.katalon.core.webui.exception.WebElementNotFoundException: Web element with id: 'Object Repository/Выполнение бизнес-плана/Значения со страницы Выполнение бизнес-плана/Table Data/План Потери за отчётный период 1' located by '(.//*[normalize-space(text()) and normalize-space(.)='Показатели баланса электроэнергии по ДЗО – План'])[2]/following::td[35]' not found
	at com.kms.katalon.core.webui.common.WebUiCommonHelper.findWebElement(WebUiCommonHelper.java:1426)
	at com.kms.katalon.core.webui.keyword.internal.WebUIAbstractKeyword.findWebElement(WebUIAbstractKeyword.groovy:27)
	at com.kms.katalon.core.webui.keyword.internal.WebUIAbstractKeyword.findWebElement(WebUIAbstractKeyword.groovy:26)
	at com.kms.katalon.core.webui.keyword.builtin.GetTextKeyword$_getText_closure1.doCall(GetTextKeyword.groovy:78)
	at com.kms.katalon.core.webui.keyword.builtin.GetTextKeyword$_getText_closure1.call(GetTextKeyword.groovy)
	at com.kms.katalon.core.webui.keyword.internal.WebUIKeywordMain.runKeyword(WebUIKeywordMain.groovy:20)
	at com.kms.katalon.core.webui.keyword.builtin.GetTextKeyword.getText(GetTextKeyword.groovy:88)
	at com.kms.katalon.core.webui.keyword.builtin.GetTextKeyword.execute(GetTextKeyword.groovy:67)
	at com.kms.katalon.core.keyword.internal.KeywordExecutor.executeKeywordForPlatform(KeywordExecutor.groovy:74)
	at com.kms.katalon.core.webui.keyword.WebUiBuiltInKeywords.getText(WebUiBuiltInKeywords.groovy:957)
	at Script1718980020443.Numbers(Script1718980020443.groovy:594)
	at Script1718980020443.run(Script1718980020443.groovy:183)
	... 15 more
)
[[ATTACHMENT|C:\\Users\\LIAZGINA-DI\\git\\SPORU\\Reports\\20250331_100758\\\u041F\u043D-\u0421\u0440-\u041F\u0442\\\u0421\u0432\u0435\u0440\u043A\u0430 \u0434\u0430\u0448\u0431\u043E\u0440\u0434\u043E\u0432 \u0438\u0437 \u0440\u0430\u0437\u043D\u044B\u0445 \u0431\u043B\u043E\u043A\u043E\u0432\\20250331_100758\\1743412391582.png]]

31-03-2025T12:13:11 - [TEST_STEP][PASSED] - if (page == "" || page == null): null

31-03-2025T12:13:11 - [TEST_STEP][PASSED] - fileInt = poteri.toInteger(): null

31-03-2025T12:13:11 - [TEST_STEP][PASSED] - Script1718980020443.WriteToExcelNoData(a, typeOfData, todaysDate, fileInt, fileDouble, dZO): null

31-03-2025T12:13:11 - [TEST_STEP][PASSED] - sheetName = "Sheet1": null

31-03-2025T12:13:11 - [TEST_STEP][PASSED] - data = findTestData("PlanFact"): null

31-03-2025T12:13:11 - [TEST_STEP][PASSED] - n = data.getRowNumbers() + 1: null

31-03-2025T12:13:11 - [TEST_STEP][PASSED] - day = ")).toInteger(): null

31-03-2025T12:13:11 - [TEST_STEP][PASSED] - println(day): null

31-03-2025T12:13:11 - [TEST_STEP][PASSED] - month = ")).toInteger(): null

31-03-2025T12:13:11 - [TEST_STEP][PASSED] - println(month): null

31-03-2025T12:13:11 - [TEST_STEP][PASSED] - y = <not implemented yet for class: org.codehaus.groovy.ast.expr.EmptyExpression>: null

31-03-2025T12:13:11 - [TEST_STEP][PASSED] - iy = <not implemented yet for class: org.codehaus.groovy.ast.expr.EmptyExpression>: null

31-03-2025T12:13:11 - [TEST_STEP][PASSED] - m = getText(findTestObject("Выполнение бизнес-плана/Период")): Text of object 'Object Repository/Выполнение бизнес-плана/Период' is: 'Январь 2025 года'

31-03-2025T12:13:12 - [MESSAGE][PASSED] - Text of object 'Object Repository/Выполнение бизнес-плана/Период' is: 'Январь 2025 года'

31-03-2025T12:13:12 - [TEST_STEP][PASSED] - iy = m.indexOf("20"): null

31-03-2025T12:13:12 - [TEST_STEP][PASSED] - if (iy > -1): null

31-03-2025T12:13:12 - [TEST_STEP][PASSED] - y = substring(iy, iy + 4).toInteger(): null

31-03-2025T12:13:12 - [TEST_STEP][PASSED] - println(y): null

31-03-2025T12:13:12 - [TEST_STEP][PASSED] - if (toString().length() == 4): null

31-03-2025T12:13:12 - [TEST_STEP][PASSED] - m = m.substring(0, m.indexOf(y.toString())): null

31-03-2025T12:13:12 - [TEST_STEP][PASSED] - m = m.trim(): null

31-03-2025T12:13:12 - [TEST_STEP][PASSED] - if (m == ""): null

31-03-2025T12:13:12 - [TEST_STEP][PASSED] - dashboardName = "Выполнение бизнес-плана": null

31-03-2025T12:13:12 - [TEST_STEP][PASSED] - workbook01 = getWorkbook(excelFilePath): null

31-03-2025T12:13:12 - [TEST_STEP][PASSED] - sheet01 = getExcelSheet(workbook01, sheetName): null

31-03-2025T12:13:12 - [TEST_STEP][PASSED] - setValueToCellByIndex(sheet01, n, 0, dashboardName): null

31-03-2025T12:13:12 - [TEST_STEP][PASSED] - setValueToCellByIndex(sheet01, n, 1, dZO): null

31-03-2025T12:13:12 - [TEST_STEP][PASSED] - setValueToCellByIndex(sheet01, n, 2, typeOfData): null

31-03-2025T12:13:12 - [TEST_STEP][PASSED] - if (typeOfData == "Факт в процентах" || typeOfData == "План в процентах"): null

31-03-2025T12:13:12 - [TEST_STEP][PASSED] - else: null

31-03-2025T12:13:12 - [TEST_STEP][PASSED] - setValueToCellByIndex(sheet01, n, 3, fileInt): null

31-03-2025T12:13:12 - [TEST_STEP][PASSED] - setValueToCellByIndex(sheet01, n, 4, "нет данных"): null

31-03-2025T12:13:12 - [TEST_STEP][PASSED] - setValueToCellByIndex(sheet01, n, 5, m): null

31-03-2025T12:13:12 - [TEST_STEP][PASSED] - setValueToCellByIndex(sheet01, n, 6, y): null

31-03-2025T12:13:12 - [TEST_STEP][PASSED] - setValueToCellByIndex(sheet01, n, 7, todaysDate): null

31-03-2025T12:13:12 - [TEST_STEP][PASSED] - n = n + 1: null

31-03-2025T12:13:12 - [TEST_STEP][PASSED] - saveWorkbook(excelFilePath, workbook01): null

31-03-2025T12:13:12 - [TEST_STEP][PASSED] - compare = pageOtpuskVSet: null

31-03-2025T12:13:12 - [TEST_STEP][PASSED] - if (pageOtpuskVSet != null): null

31-03-2025T12:13:12 - [TEST_STEP][PASSED] - if (compare == fileOtpuskVSet): null

31-03-2025T12:13:12 - [TEST_STEP][PASSED] - if (compare == fileOtpuskVSet): null

31-03-2025T12:13:12 - [TEST_STEP][PASSED] - compare = pagePoteri: null

31-03-2025T12:13:12 - [TEST_STEP][PASSED] - if (pageOtpuskVSet != null): null

31-03-2025T12:13:12 - [TEST_STEP][PASSED] - if (compare == filePoteri): null

31-03-2025T12:13:12 - [TEST_STEP][PASSED] - else if (compare > filePoteri): null

31-03-2025T12:13:12 - [TEST_STEP][PASSED] - compare = compare - 1: null

31-03-2025T12:13:12 - [TEST_STEP][PASSED] - if (compare == filePoteri): null

31-03-2025T12:13:12 - [TEST_STEP][PASSED] - else: null

31-03-2025T12:13:12 - [TEST_STEP][PASSED] - numberOfErrors = numberOfErrors + 1: null

31-03-2025T12:13:12 - [TEST_STEP][PASSED] - pageInt = pagePoteri: null

31-03-2025T12:13:12 - [TEST_STEP][PASSED] - fileInt = filePoteri: null

31-03-2025T12:13:12 - [TEST_STEP][PASSED] - typeOfData = typeOfDataMain + " Потери": null

31-03-2025T12:13:12 - [TEST_STEP][PASSED] - Script1718980020443.WriteToExcel(a, typeOfData, todaysDate, pageInt, fileInt, pageDouble, fileDouble, dZO): null

31-03-2025T12:13:12 - [TEST_STEP][PASSED] - sheetName = "Sheet1": null

31-03-2025T12:13:12 - [TEST_STEP][PASSED] - data = findTestData("PlanFact"): null

31-03-2025T12:13:12 - [TEST_STEP][PASSED] - n = data.getRowNumbers() + 1: null

31-03-2025T12:13:12 - [TEST_STEP][PASSED] - day = ")).toInteger(): null

31-03-2025T12:13:12 - [TEST_STEP][PASSED] - println(day): null

31-03-2025T12:13:12 - [TEST_STEP][PASSED] - month = ")).toInteger(): null

31-03-2025T12:13:12 - [TEST_STEP][PASSED] - println(month): null

31-03-2025T12:13:12 - [TEST_STEP][PASSED] - y = <not implemented yet for class: org.codehaus.groovy.ast.expr.EmptyExpression>: null

31-03-2025T12:13:12 - [TEST_STEP][PASSED] - iy = <not implemented yet for class: org.codehaus.groovy.ast.expr.EmptyExpression>: null

31-03-2025T12:13:12 - [TEST_STEP][PASSED] - m = getText(findTestObject("Выполнение бизнес-плана/Период")): Text of object 'Object Repository/Выполнение бизнес-плана/Период' is: 'Январь 2025 года'

31-03-2025T12:13:12 - [MESSAGE][PASSED] - Text of object 'Object Repository/Выполнение бизнес-плана/Период' is: 'Январь 2025 года'

31-03-2025T12:13:12 - [TEST_STEP][PASSED] - iy = m.indexOf("20"): null

31-03-2025T12:13:12 - [TEST_STEP][PASSED] - if (iy > -1): null

31-03-2025T12:13:12 - [TEST_STEP][PASSED] - y = substring(iy, iy + 4).toInteger(): null

31-03-2025T12:13:12 - [TEST_STEP][PASSED] - println(y): null

31-03-2025T12:13:12 - [TEST_STEP][PASSED] - if (toString().length() == 4): null

31-03-2025T12:13:12 - [TEST_STEP][PASSED] - m = m.substring(0, m.indexOf(y.toString())): null

31-03-2025T12:13:12 - [TEST_STEP][PASSED] - m = m.trim(): null

31-03-2025T12:13:12 - [TEST_STEP][PASSED] - if (m == ""): null

31-03-2025T12:13:12 - [TEST_STEP][PASSED] - dashboardName = "Выполнение бизнес-плана": null

31-03-2025T12:13:12 - [TEST_STEP][PASSED] - workbook01 = getWorkbook(excelFilePath): null

31-03-2025T12:13:12 - [TEST_STEP][PASSED] - sheet01 = getExcelSheet(workbook01, sheetName): null

31-03-2025T12:13:12 - [TEST_STEP][PASSED] - setValueToCellByIndex(sheet01, n, 0, dashboardName): null

31-03-2025T12:13:12 - [TEST_STEP][PASSED] - setValueToCellByIndex(sheet01, n, 1, dZO): null

31-03-2025T12:13:12 - [TEST_STEP][PASSED] - setValueToCellByIndex(sheet01, n, 2, typeOfData): null

31-03-2025T12:13:12 - [TEST_STEP][PASSED] - if (typeOfData == "Факт в процентах" || typeOfData == "План в процентах"): null

31-03-2025T12:13:12 - [TEST_STEP][PASSED] - else: null

31-03-2025T12:13:12 - [TEST_STEP][PASSED] - setValueToCellByIndex(sheet01, n, 3, fileInt): null

31-03-2025T12:13:12 - [TEST_STEP][PASSED] - setValueToCellByIndex(sheet01, n, 4, pageInt): null

31-03-2025T12:13:12 - [TEST_STEP][PASSED] - setValueToCellByIndex(sheet01, n, 5, m): null

31-03-2025T12:13:12 - [TEST_STEP][PASSED] - setValueToCellByIndex(sheet01, n, 6, y): null

31-03-2025T12:13:12 - [TEST_STEP][PASSED] - setValueToCellByIndex(sheet01, n, 7, todaysDate): null

31-03-2025T12:13:12 - [TEST_STEP][PASSED] - n = n + 1: null

31-03-2025T12:13:12 - [TEST_STEP][PASSED] - saveWorkbook(excelFilePath, workbook01): Object: 'Object Repository/Выполнение бизнес-плана/Кнопка Факт' is clicked on

31-03-2025T12:13:13 - [TEST_STEP][PASSED] - if (planFact == 2): Object: 'Object Repository/Выполнение бизнес-плана/Кнопка Факт' is clicked on

31-03-2025T12:13:13 - [TEST_STEP][PASSED] - click(findTestObject("Выполнение бизнес-плана/Кнопка Факт")): Object: 'Object Repository/Выполнение бизнес-плана/Кнопка Факт' is clicked on

31-03-2025T12:13:13 - [MESSAGE][PASSED] - Object: 'Object Repository/Выполнение бизнес-плана/Кнопка Факт' is clicked on

31-03-2025T12:13:13 - [TEST_STEP][PASSED] - println("a=" + a): null

31-03-2025T12:13:13 - [TEST_STEP][PASSED] - if (a == 84 || a == 82): null

31-03-2025T12:13:13 - [TEST_STEP][PASSED] - else if (a == 83 || a == 52 || a == 72 || a == 28 || a == 73 || a == 77 || a == 74 || a == 65 || a == 36 || a == 44 || a == 53 || a == 80 || a == 54 || a == 1 || a == 18 || a == 59 || a == 81): null

31-03-2025T12:13:13 - [TEST_STEP][PASSED] - page1 = getText(findTestObject("Object Repository/Выполнение бизнес-плана/spanPlan" + dzoNum)): Text of object 'Object Repository/Выполнение бизнес-плана/spanPlan1' is: '4.01
|'

31-03-2025T12:13:14 - [MESSAGE][PASSED] - Text of object 'Object Repository/Выполнение бизнес-плана/spanPlan1' is: '4.01
|'

31-03-2025T12:13:14 - [TEST_STEP][PASSED] - page1 = page1.replace("|", ""): null

31-03-2025T12:13:14 - [TEST_STEP][PASSED] - page2 = getText(findTestObject("Object Repository/Выполнение бизнес-плана/spanFact" + dzoNum)): Text of object 'Object Repository/Выполнение бизнес-плана/spanFact1' is: '4.00'

31-03-2025T12:13:14 - [MESSAGE][PASSED] - Text of object 'Object Repository/Выполнение бизнес-плана/spanFact1' is: '4.00'

31-03-2025T12:13:14 - [TEST_STEP][PASSED] - page2 = page2.replace("|", ""): null

31-03-2025T12:13:14 - [TEST_STEP][PASSED] - println("page1: " + page1): null

31-03-2025T12:13:14 - [TEST_STEP][PASSED] - println("page2: " + page2): null

31-03-2025T12:13:14 - [TEST_STEP][PASSED] - file = findTestData("PlanFact").getValue(4, a): null

31-03-2025T12:13:14 - [TEST_STEP][PASSED] - file = file.replace(",", "."): null

31-03-2025T12:13:14 - [TEST_STEP][PASSED] - println("file Plan: " + file): null

31-03-2025T12:13:14 - [TEST_STEP][PASSED] - typeOfData = "План в процентах": null

31-03-2025T12:13:14 - [TEST_STEP][PASSED] - fileDouble = file.toDouble(): null

31-03-2025T12:13:14 - [TEST_STEP][PASSED] - pageDouble = page1.toDouble(): null

31-03-2025T12:13:14 - [TEST_STEP][PASSED] - if (fileDouble != pageDouble): null

31-03-2025T12:13:14 - [TEST_STEP][PASSED] - file = findTestData("PlanFact").getValue(7, a): null

31-03-2025T12:13:14 - [TEST_STEP][PASSED] - file = file.replace(",", "."): null

31-03-2025T12:13:14 - [TEST_STEP][PASSED] - println("file Fact: " + file): null

31-03-2025T12:13:14 - [TEST_STEP][PASSED] - fileDouble = file.toDouble(): null

31-03-2025T12:13:14 - [TEST_STEP][PASSED] - typeOfData = "Факт в процентах": null

31-03-2025T12:13:14 - [TEST_STEP][PASSED] - fileDouble = file.toDouble(): null

31-03-2025T12:13:14 - [TEST_STEP][PASSED] - pageDouble = page2.toDouble(): null

31-03-2025T12:13:14 - [TEST_STEP][PASSED] - if (fileDouble != pageDouble): null

31-03-2025T12:13:14 - [TEST_STEP][FAILED] - if (verifyEqual(numberOfErrors, 0) == false): null

31-03-2025T12:13:14 - [MESSAGE][FAILED] - Unable to verify equal between actual object '2' and expected object '0' (Root cause: com.kms.katalon.core.exception.StepFailedException: Actual object '2' and expected object '0' are not equal
	at com.kms.katalon.core.keyword.builtin.VerifyEqualKeyword$_verifyEqual_closure1.doCall(VerifyEqualKeyword.groovy:58)
	at com.kms.katalon.core.keyword.builtin.VerifyEqualKeyword$_verifyEqual_closure1.call(VerifyEqualKeyword.groovy)
	at com.kms.katalon.core.keyword.internal.KeywordMain.runKeyword(KeywordMain.groovy:75)
	at com.kms.katalon.core.keyword.builtin.VerifyEqualKeyword.verifyEqual(VerifyEqualKeyword.groovy:63)
	at com.kms.katalon.core.keyword.builtin.VerifyEqualKeyword.execute(VerifyEqualKeyword.groovy:44)
	at com.kms.katalon.core.keyword.internal.KeywordExecutor.executeKeywordForPlatform(KeywordExecutor.groovy:74)
	at com.kms.katalon.core.keyword.BuiltinKeywords.verifyEqual(BuiltinKeywords.groovy:146)
	at jdk.internal.reflect.GeneratedMethodAccessor28.invoke(Unknown Source)
	at java.base/jdk.internal.reflect.DelegatingMethodAccessorImpl.invoke(DelegatingMethodAccessorImpl.java:43)
	at Выполнение бизнес-плана Сверка ПАО Россети все филиалы.Numbers(Выполнение бизнес-плана Сверка ПАО Россети все филиалы:744)
	at Выполнение бизнес-плана Сверка ПАО Россети все филиалы.run(Выполнение бизнес-плана Сверка ПАО Россети все филиалы:183)
	at com.kms.katalon.core.main.ScriptEngine.run(ScriptEngine.java:194)
	at com.kms.katalon.core.main.ScriptEngine.runScriptAsRawText(ScriptEngine.java:119)
	at com.kms.katalon.core.main.TestCaseExecutor.runScript(TestCaseExecutor.java:448)
	at com.kms.katalon.core.main.TestCaseExecutor.doExecute(TestCaseExecutor.java:439)
	at com.kms.katalon.core.main.TestCaseExecutor.processExecutionPhase(TestCaseExecutor.java:418)
	at com.kms.katalon.core.main.TestCaseExecutor.accessMainPhase(TestCaseExecutor.java:410)
	at com.kms.katalon.core.main.TestCaseExecutor.execute(TestCaseExecutor.java:285)
	at com.kms.katalon.core.common.CommonExecutor.accessTestCaseMainPhase(CommonExecutor.java:65)
	at com.kms.katalon.core.main.TestSuiteExecutor.accessTestSuiteMainPhase(TestSuiteExecutor.java:150)
	at com.kms.katalon.core.main.TestSuiteExecutor.execute(TestSuiteExecutor.java:106)
	at com.kms.katalon.core.main.TestCaseMain.startTestSuite(TestCaseMain.java:180)
	at TempTestSuite1743404878601.run(TempTestSuite1743404878601.groovy:35)
	at java.base/jdk.internal.reflect.NativeMethodAccessorImpl.invoke0(Native Method)
	at java.base/jdk.internal.reflect.NativeMethodAccessorImpl.invoke(NativeMethodAccessorImpl.java:77)
	at java.base/jdk.internal.reflect.DelegatingMethodAccessorImpl.invoke(DelegatingMethodAccessorImpl.java:43)
)

31-03-2025T12:13:14 - [TEST_STEP][PASSED] - println(numberOfErrors): null

31-03-2025T12:13:14 - [TEST_STEP][PASSED] - println("a=" + a): null

31-03-2025T12:13:14 - [TEST_STEP][PASSED] - if (a == 28 || a == 77 || a == 74 || a == 65 || a == 36 || a == 44 || a == 54 || a == 1 || a == 18 || a == 59): null

31-03-2025T12:13:14 - [TEST_STEP][PASSED] - if (a == 82): null

31-03-2025T12:13:14 - [TEST_STEP][PASSED] - println(dzoNum): null

31-03-2025T12:13:14 - [TEST_STEP][PASSED] - dZO = "РаспредКомплекс": null

31-03-2025T12:13:14 - [TEST_STEP][PASSED] - a = 82: null

31-03-2025T12:13:14 - [TEST_STEP][PASSED] - Script1718980020443.Numbers(a, typeOfData, todaysDate, pageInt, fileInt, pageDouble, fileDouble, dZO, dzoNum, filialNum): null

31-03-2025T12:13:14 - [TEST_STEP][PASSED] - println(dzoNum): null

31-03-2025T12:13:14 - [TEST_STEP][PASSED] - planFact = <not implemented yet for class: org.codehaus.groovy.ast.expr.EmptyExpression>: null

31-03-2025T12:13:14 - [TEST_STEP][PASSED] - page = <not implemented yet for class: org.codehaus.groovy.ast.expr.EmptyExpression>: null

31-03-2025T12:13:14 - [TEST_STEP][PASSED] - page1 = <not implemented yet for class: org.codehaus.groovy.ast.expr.EmptyExpression>: null

31-03-2025T12:13:14 - [TEST_STEP][PASSED] - page2 = <not implemented yet for class: org.codehaus.groovy.ast.expr.EmptyExpression>: null

31-03-2025T12:13:14 - [TEST_STEP][PASSED] - filialNumberInRow = <not implemented yet for class: org.codehaus.groovy.ast.expr.EmptyExpression>: null

31-03-2025T12:13:14 - [TEST_STEP][PASSED] - filialsDzoNames = <not implemented yet for class: org.codehaus.groovy.ast.expr.EmptyExpression>: null

31-03-2025T12:13:14 - [TEST_STEP][PASSED] - numberOfFilials = <not implemented yet for class: org.codehaus.groovy.ast.expr.EmptyExpression>: null

31-03-2025T12:13:14 - [TEST_STEP][PASSED] - numberOfSpaces = <not implemented yet for class: org.codehaus.groovy.ast.expr.EmptyExpression>: null

31-03-2025T12:13:14 - [TEST_STEP][PASSED] - file = <not implemented yet for class: org.codehaus.groovy.ast.expr.EmptyExpression>: null

31-03-2025T12:13:14 - [TEST_STEP][PASSED] - otpusk = <not implemented yet for class: org.codehaus.groovy.ast.expr.EmptyExpression>: null

31-03-2025T12:13:14 - [TEST_STEP][PASSED] - poteri = <not implemented yet for class: org.codehaus.groovy.ast.expr.EmptyExpression>: null

31-03-2025T12:13:14 - [TEST_STEP][PASSED] - dataFolder = "Выполнение бизнес-плана/Значения со страницы Выполнение бизнес-плана/": null

31-03-2025T12:13:14 - [TEST_STEP][PASSED] - path = <not implemented yet for class: org.codehaus.groovy.ast.expr.EmptyExpression>: null

31-03-2025T12:13:14 - [TEST_STEP][PASSED] - typeOfDataMain = <not implemented yet for class: org.codehaus.groovy.ast.expr.EmptyExpression>: null

31-03-2025T12:13:14 - [TEST_STEP][PASSED] - fileOtpuskVSet = <not implemented yet for class: org.codehaus.groovy.ast.expr.EmptyExpression>: null

31-03-2025T12:13:14 - [TEST_STEP][PASSED] - pageOtpuskVSet = <not implemented yet for class: org.codehaus.groovy.ast.expr.EmptyExpression>: null

31-03-2025T12:13:14 - [TEST_STEP][PASSED] - filePoteri = <not implemented yet for class: org.codehaus.groovy.ast.expr.EmptyExpression>: null

31-03-2025T12:13:14 - [TEST_STEP][PASSED] - pagePoteri = <not implemented yet for class: org.codehaus.groovy.ast.expr.EmptyExpression>: null

31-03-2025T12:13:14 - [TEST_STEP][PASSED] - compare = <not implemented yet for class: org.codehaus.groovy.ast.expr.EmptyExpression>: null

31-03-2025T12:13:14 - [TEST_STEP][PASSED] - b = <not implemented yet for class: org.codehaus.groovy.ast.expr.EmptyExpression>: null

31-03-2025T12:13:14 - [TEST_STEP][PASSED] - i = <not implemented yet for class: org.codehaus.groovy.ast.expr.EmptyExpression>: null

31-03-2025T12:13:14 - [TEST_STEP][PASSED] - ii = <not implemented yet for class: org.codehaus.groovy.ast.expr.EmptyExpression>: null

31-03-2025T12:13:14 - [TEST_STEP][PASSED] - c = <not implemented yet for class: org.codehaus.groovy.ast.expr.EmptyExpression>: null

31-03-2025T12:13:14 - [TEST_STEP][PASSED] - numberOfErrors = 0: null

31-03-2025T12:13:14 - [TEST_STEP][PASSED] - if (a == 82): null

31-03-2025T12:13:14 - [TEST_STEP][PASSED] - Script1718980020443.OpenFilter(): null

31-03-2025T12:13:14 - [TEST_STEP][PASSED] - click(findTestObject("Object Repository/Выполнение бизнес-плана/Фильтр ДЗО")): Object: 'Object Repository/Выполнение бизнес-плана/Фильтр ДЗО' is clicked on

31-03-2025T12:13:14 - [MESSAGE][PASSED] - Object: 'Object Repository/Выполнение бизнес-плана/Фильтр ДЗО' is clicked on

31-03-2025T12:13:14 - [TEST_STEP][PASSED] - click(findTestObject("Выполнение бизнес-плана/Снять выделение в фильтре ДЗО")): null

31-03-2025T12:13:15 - [MESSAGE][PASSED] - Object: 'Object Repository/Выполнение бизнес-плана/Снять выделение в фильтре ДЗО' is clicked on

31-03-2025T12:13:15 - [TEST_STEP][PASSED] - click(findTestObject("Выполнение бизнес-плана/Раскрыть список ПАО Россети в фильтре ДЗО")): Object: 'Object Repository/Выполнение бизнес-плана/Раскрыть список ПАО Россети в фильтре ДЗО' is clicked on

31-03-2025T12:13:15 - [MESSAGE][PASSED] - Object: 'Object Repository/Выполнение бизнес-плана/Раскрыть список ПАО Россети в фильтре ДЗО' is clicked on

31-03-2025T12:13:15 - [TEST_STEP][PASSED] - click(findTestObject("Выполнение бизнес-плана/РаспредКомплекс")): Object: 'Object Repository/Выполнение бизнес-плана/РаспредКомплекс' is clicked on

31-03-2025T12:13:16 - [MESSAGE][PASSED] - Object: 'Object Repository/Выполнение бизнес-плана/РаспредКомплекс' is clicked on

31-03-2025T12:13:16 - [TEST_STEP][PASSED] - Script1718980020443.CloseFilter(): null

31-03-2025T12:13:16 - [TEST_STEP][PASSED] - scrollToElement(findTestObject("Выполнение бизнес-плана/Заголовок дашборда"), 30): Scroll to object 'Object Repository/Выполнение бизнес-плана/Заголовок дашборда' successfully

31-03-2025T12:13:16 - [MESSAGE][PASSED] - Scroll to object 'Object Repository/Выполнение бизнес-плана/Заголовок дашборда' successfully

31-03-2025T12:13:16 - [TEST_STEP][PASSED] - click(findTestObject("Object Repository/Выполнение бизнес-плана/Применить в фильтре ДЗО")): null

31-03-2025T12:13:17 - [MESSAGE][PASSED] - Object: 'Object Repository/Выполнение бизнес-плана/Применить в фильтре ДЗО' is clicked on

31-03-2025T12:13:17 - [TEST_STEP][PASSED] - delay(5): Delayed 5 second(s)

31-03-2025T12:13:22 - [MESSAGE][PASSED] - Delayed 5 second(s)

31-03-2025T12:13:22 - [TEST_STEP][PASSED] - b = findTestData("PlanFact").getValue(1, a): null

31-03-2025T12:13:22 - [TEST_STEP][PASSED] - i = b.indexOf(" (ГК)"): null

31-03-2025T12:13:22 - [TEST_STEP][PASSED] - if (i > -1): null

31-03-2025T12:13:22 - [TEST_STEP][PASSED] - i = b.indexOf("О ""): null

31-03-2025T12:13:22 - [TEST_STEP][PASSED] - if (i > -1): null

31-03-2025T12:13:22 - [TEST_STEP][PASSED] - i = b.indexOf("О «"): null

31-03-2025T12:13:22 - [TEST_STEP][PASSED] - if (i > -1): null

31-03-2025T12:13:22 - [TEST_STEP][PASSED] - i = b.indexOf("г. "): null

31-03-2025T12:13:22 - [TEST_STEP][PASSED] - if (i > -1): null

31-03-2025T12:13:22 - [TEST_STEP][PASSED] - b = b.trim(): null

31-03-2025T12:13:22 - [TEST_STEP][PASSED] - println(b): null

31-03-2025T12:13:22 - [TEST_STEP][PASSED] - for ([planFact = 1, planFact < 3, (planFact++)]): null

31-03-2025T12:13:22 - [TEST_STEP][PASSED] - if (planFact == 1): null

31-03-2025T12:13:22 - [TEST_STEP][PASSED] - typeOfDataMain = "Факт": null

31-03-2025T12:13:22 - [TEST_STEP][PASSED] - otpusk = findTestData("PlanFact").getValue(5, a): null

31-03-2025T12:13:23 - [TEST_STEP][PASSED] - poteri = findTestData("PlanFact").getValue(6, a): null

31-03-2025T12:13:23 - [TEST_STEP][PASSED] - otpusk = otpusk.replaceAll("\s+", ""): null

31-03-2025T12:13:23 - [TEST_STEP][PASSED] - poteri = poteri.replaceAll("\s+", ""): null

31-03-2025T12:13:23 - [TEST_STEP][PASSED] - typeOfData = typeOfDataMain + " Отпуск в сеть": null

31-03-2025T12:13:23 - [TEST_STEP][PASSED] - if (a == 82): null

31-03-2025T12:13:23 - [TEST_STEP][PASSED] - path = dataFolder + typeOfData + " за отчётный период " + "РаспредКомплекс": null

31-03-2025T12:13:23 - [TEST_STEP][PASSED] - println(path): null

31-03-2025T12:13:23 - [TEST_STEP][PASSED] - page = getText(findTestObject(path)): Text of object 'Object Repository/Выполнение бизнес-плана/Значения со страницы Выполнение бизнес-плана/Факт Отпуск в сеть за отчётный период РаспредКомплекс' is: '44 714 806'

31-03-2025T12:13:28 - [MESSAGE][PASSED] - Text of object 'Object Repository/Выполнение бизнес-плана/Значения со страницы Выполнение бизнес-плана/Факт Отпуск в сеть за отчётный период РаспредКомплекс' is: '44 714 806'

31-03-2025T12:13:28 - [TEST_STEP][PASSED] - if (page == "" || page == null): null

31-03-2025T12:13:28 - [TEST_STEP][PASSED] - else: null

31-03-2025T12:13:28 - [TEST_STEP][PASSED] - page = page.replaceAll("\s+", ""): null

31-03-2025T12:13:28 - [TEST_STEP][PASSED] - if (page == "undefined"): null

31-03-2025T12:13:28 - [TEST_STEP][PASSED] - fileOtpuskVSet = otpusk.toInteger(): null

31-03-2025T12:13:28 - [TEST_STEP][PASSED] - pageOtpuskVSet = page.toInteger(): null

31-03-2025T12:13:28 - [TEST_STEP][PASSED] - typeOfData = typeOfDataMain + " Потери": null

31-03-2025T12:13:28 - [TEST_STEP][PASSED] - if (a == 82): null

31-03-2025T12:13:28 - [TEST_STEP][PASSED] - path = dataFolder + typeOfData + " за отчётный период " + "РаспредКомплекс": null

31-03-2025T12:13:28 - [TEST_STEP][PASSED] - page = getText(findTestObject(path)): Text of object 'Object Repository/Выполнение бизнес-плана/Значения со страницы Выполнение бизнес-плана/Факт Потери за отчётный период РаспредКомплекс' is: '3 505 733'

31-03-2025T12:13:29 - [MESSAGE][PASSED] - Text of object 'Object Repository/Выполнение бизнес-плана/Значения со страницы Выполнение бизнес-плана/Факт Потери за отчётный период РаспредКомплекс' is: '3 505 733'

31-03-2025T12:13:29 - [TEST_STEP][PASSED] - if (page == "" || page == null): null

31-03-2025T12:13:29 - [TEST_STEP][PASSED] - else: null

31-03-2025T12:13:29 - [TEST_STEP][PASSED] - page = page.replaceAll("\s+", ""): null

31-03-2025T12:13:29 - [TEST_STEP][PASSED] - if (page == "undefined"): null

31-03-2025T12:13:29 - [TEST_STEP][PASSED] - filePoteri = poteri.toInteger(): null

31-03-2025T12:13:29 - [TEST_STEP][PASSED] - pagePoteri = page.toInteger(): null

31-03-2025T12:13:29 - [TEST_STEP][PASSED] - compare = pageOtpuskVSet: null

31-03-2025T12:13:29 - [TEST_STEP][PASSED] - if (pageOtpuskVSet != null): null

31-03-2025T12:13:29 - [TEST_STEP][PASSED] - if (compare == fileOtpuskVSet): null

31-03-2025T12:13:29 - [TEST_STEP][PASSED] - else if (compare > fileOtpuskVSet): null

31-03-2025T12:13:29 - [TEST_STEP][PASSED] - else if (compare < fileOtpuskVSet): null

31-03-2025T12:13:29 - [TEST_STEP][PASSED] - compare = compare + 1: null

31-03-2025T12:13:29 - [TEST_STEP][PASSED] - if (compare == fileOtpuskVSet): null

31-03-2025T12:13:29 - [TEST_STEP][PASSED] - else: null

31-03-2025T12:13:29 - [TEST_STEP][PASSED] - numberOfErrors = numberOfErrors + 1: null

31-03-2025T12:13:29 - [TEST_STEP][PASSED] - pageInt = pageOtpuskVSet: null

31-03-2025T12:13:29 - [TEST_STEP][PASSED] - fileInt = fileOtpuskVSet: null

31-03-2025T12:13:29 - [TEST_STEP][PASSED] - typeOfData = typeOfDataMain + " Отпуск в сеть": null

31-03-2025T12:13:29 - [TEST_STEP][PASSED] - Script1718980020443.WriteToExcel(a, typeOfData, todaysDate, pageInt, fileInt, pageDouble, fileDouble, dZO): null

31-03-2025T12:13:29 - [TEST_STEP][PASSED] - sheetName = "Sheet1": null

31-03-2025T12:13:29 - [TEST_STEP][PASSED] - data = findTestData("PlanFact"): null

31-03-2025T12:13:29 - [TEST_STEP][PASSED] - n = data.getRowNumbers() + 1: null

31-03-2025T12:13:29 - [TEST_STEP][PASSED] - day = ")).toInteger(): null

31-03-2025T12:13:29 - [TEST_STEP][PASSED] - println(day): null

31-03-2025T12:13:29 - [TEST_STEP][PASSED] - month = ")).toInteger(): null

31-03-2025T12:13:29 - [TEST_STEP][PASSED] - println(month): null

31-03-2025T12:13:29 - [TEST_STEP][PASSED] - y = <not implemented yet for class: org.codehaus.groovy.ast.expr.EmptyExpression>: null

31-03-2025T12:13:29 - [TEST_STEP][PASSED] - iy = <not implemented yet for class: org.codehaus.groovy.ast.expr.EmptyExpression>: null

31-03-2025T12:13:29 - [TEST_STEP][PASSED] - m = getText(findTestObject("Выполнение бизнес-плана/Период")): Text of object 'Object Repository/Выполнение бизнес-плана/Период' is: 'Январь 2025 года'

31-03-2025T12:13:29 - [MESSAGE][PASSED] - Text of object 'Object Repository/Выполнение бизнес-плана/Период' is: 'Январь 2025 года'

31-03-2025T12:13:29 - [TEST_STEP][PASSED] - iy = m.indexOf("20"): null

31-03-2025T12:13:29 - [TEST_STEP][PASSED] - if (iy > -1): null

31-03-2025T12:13:29 - [TEST_STEP][PASSED] - y = substring(iy, iy + 4).toInteger(): null

31-03-2025T12:13:29 - [TEST_STEP][PASSED] - println(y): null

31-03-2025T12:13:29 - [TEST_STEP][PASSED] - if (toString().length() == 4): null

31-03-2025T12:13:29 - [TEST_STEP][PASSED] - m = m.substring(0, m.indexOf(y.toString())): null

31-03-2025T12:13:29 - [TEST_STEP][PASSED] - m = m.trim(): null

31-03-2025T12:13:29 - [TEST_STEP][PASSED] - if (m == ""): null

31-03-2025T12:13:29 - [TEST_STEP][PASSED] - dashboardName = "Выполнение бизнес-плана": null

31-03-2025T12:13:29 - [TEST_STEP][PASSED] - workbook01 = getWorkbook(excelFilePath): null

31-03-2025T12:13:29 - [TEST_STEP][PASSED] - sheet01 = getExcelSheet(workbook01, sheetName): null

31-03-2025T12:13:29 - [TEST_STEP][PASSED] - setValueToCellByIndex(sheet01, n, 0, dashboardName): null

31-03-2025T12:13:29 - [TEST_STEP][PASSED] - setValueToCellByIndex(sheet01, n, 1, dZO): null

31-03-2025T12:13:29 - [TEST_STEP][PASSED] - setValueToCellByIndex(sheet01, n, 2, typeOfData): null

31-03-2025T12:13:29 - [TEST_STEP][PASSED] - if (typeOfData == "Факт в процентах" || typeOfData == "План в процентах"): null

31-03-2025T12:13:29 - [TEST_STEP][PASSED] - else: null

31-03-2025T12:13:29 - [TEST_STEP][PASSED] - setValueToCellByIndex(sheet01, n, 3, fileInt): null

31-03-2025T12:13:29 - [TEST_STEP][PASSED] - setValueToCellByIndex(sheet01, n, 4, pageInt): null

31-03-2025T12:13:29 - [TEST_STEP][PASSED] - setValueToCellByIndex(sheet01, n, 5, m): null

31-03-2025T12:13:29 - [TEST_STEP][PASSED] - setValueToCellByIndex(sheet01, n, 6, y): null

31-03-2025T12:13:29 - [TEST_STEP][PASSED] - setValueToCellByIndex(sheet01, n, 7, todaysDate): null

31-03-2025T12:13:29 - [TEST_STEP][PASSED] - n = n + 1: null

31-03-2025T12:13:29 - [TEST_STEP][PASSED] - saveWorkbook(excelFilePath, workbook01): null

31-03-2025T12:13:29 - [TEST_STEP][PASSED] - compare = pagePoteri: null

31-03-2025T12:13:29 - [TEST_STEP][PASSED] - if (pageOtpuskVSet != null): null

31-03-2025T12:13:29 - [TEST_STEP][PASSED] - if (compare == filePoteri): null

31-03-2025T12:13:29 - [TEST_STEP][PASSED] - else if (compare > filePoteri): null

31-03-2025T12:13:29 - [TEST_STEP][PASSED] - else if (compare < filePoteri): null

31-03-2025T12:13:29 - [TEST_STEP][PASSED] - compare = compare + 1: null

31-03-2025T12:13:29 - [TEST_STEP][PASSED] - if (compare == filePoteri): null

31-03-2025T12:13:29 - [TEST_STEP][PASSED] - else: null

31-03-2025T12:13:29 - [TEST_STEP][PASSED] - numberOfErrors = numberOfErrors + 1: null

31-03-2025T12:13:29 - [TEST_STEP][PASSED] - pageInt = pagePoteri: null

31-03-2025T12:13:29 - [TEST_STEP][PASSED] - fileInt = filePoteri: null

31-03-2025T12:13:29 - [TEST_STEP][PASSED] - typeOfData = typeOfDataMain + " Потери": null

31-03-2025T12:13:29 - [TEST_STEP][PASSED] - Script1718980020443.WriteToExcel(a, typeOfData, todaysDate, pageInt, fileInt, pageDouble, fileDouble, dZO): null

31-03-2025T12:13:29 - [TEST_STEP][PASSED] - sheetName = "Sheet1": null

31-03-2025T12:13:29 - [TEST_STEP][PASSED] - data = findTestData("PlanFact"): null

31-03-2025T12:13:29 - [TEST_STEP][PASSED] - n = data.getRowNumbers() + 1: null

31-03-2025T12:13:29 - [TEST_STEP][PASSED] - day = ")).toInteger(): null

31-03-2025T12:13:29 - [TEST_STEP][PASSED] - println(day): null

31-03-2025T12:13:29 - [TEST_STEP][PASSED] - month = ")).toInteger(): null

31-03-2025T12:13:29 - [TEST_STEP][PASSED] - println(month): null

31-03-2025T12:13:29 - [TEST_STEP][PASSED] - y = <not implemented yet for class: org.codehaus.groovy.ast.expr.EmptyExpression>: null

31-03-2025T12:13:29 - [TEST_STEP][PASSED] - iy = <not implemented yet for class: org.codehaus.groovy.ast.expr.EmptyExpression>: null

31-03-2025T12:13:29 - [TEST_STEP][PASSED] - m = getText(findTestObject("Выполнение бизнес-плана/Период")): Text of object 'Object Repository/Выполнение бизнес-плана/Период' is: 'Январь 2025 года'

31-03-2025T12:13:30 - [MESSAGE][PASSED] - Text of object 'Object Repository/Выполнение бизнес-плана/Период' is: 'Январь 2025 года'

31-03-2025T12:13:30 - [TEST_STEP][PASSED] - iy = m.indexOf("20"): null

31-03-2025T12:13:30 - [TEST_STEP][PASSED] - if (iy > -1): null

31-03-2025T12:13:30 - [TEST_STEP][PASSED] - y = substring(iy, iy + 4).toInteger(): null

31-03-2025T12:13:30 - [TEST_STEP][PASSED] - println(y): null

31-03-2025T12:13:30 - [TEST_STEP][PASSED] - if (toString().length() == 4): null

31-03-2025T12:13:30 - [TEST_STEP][PASSED] - m = m.substring(0, m.indexOf(y.toString())): null

31-03-2025T12:13:30 - [TEST_STEP][PASSED] - m = m.trim(): null

31-03-2025T12:13:30 - [TEST_STEP][PASSED] - if (m == ""): null

31-03-2025T12:13:30 - [TEST_STEP][PASSED] - dashboardName = "Выполнение бизнес-плана": null

31-03-2025T12:13:30 - [TEST_STEP][PASSED] - workbook01 = getWorkbook(excelFilePath): null

31-03-2025T12:13:30 - [TEST_STEP][PASSED] - sheet01 = getExcelSheet(workbook01, sheetName): null

31-03-2025T12:13:30 - [TEST_STEP][PASSED] - setValueToCellByIndex(sheet01, n, 0, dashboardName): null

31-03-2025T12:13:30 - [TEST_STEP][PASSED] - setValueToCellByIndex(sheet01, n, 1, dZO): null

31-03-2025T12:13:30 - [TEST_STEP][PASSED] - setValueToCellByIndex(sheet01, n, 2, typeOfData): null

31-03-2025T12:13:30 - [TEST_STEP][PASSED] - if (typeOfData == "Факт в процентах" || typeOfData == "План в процентах"): null

31-03-2025T12:13:30 - [TEST_STEP][PASSED] - else: null

31-03-2025T12:13:30 - [TEST_STEP][PASSED] - setValueToCellByIndex(sheet01, n, 3, fileInt): null

31-03-2025T12:13:30 - [TEST_STEP][PASSED] - setValueToCellByIndex(sheet01, n, 4, pageInt): null

31-03-2025T12:13:30 - [TEST_STEP][PASSED] - setValueToCellByIndex(sheet01, n, 5, m): null

31-03-2025T12:13:30 - [TEST_STEP][PASSED] - setValueToCellByIndex(sheet01, n, 6, y): null

31-03-2025T12:13:30 - [TEST_STEP][PASSED] - setValueToCellByIndex(sheet01, n, 7, todaysDate): null

31-03-2025T12:13:30 - [TEST_STEP][PASSED] - n = n + 1: null

31-03-2025T12:13:30 - [TEST_STEP][PASSED] - saveWorkbook(excelFilePath, workbook01): null

31-03-2025T12:13:30 - [TEST_STEP][PASSED] - if (planFact == 2): null

31-03-2025T12:13:30 - [TEST_STEP][PASSED] - if (planFact == 1): null

31-03-2025T12:13:30 - [TEST_STEP][PASSED] - else if (planFact == 2): null

31-03-2025T12:13:30 - [TEST_STEP][PASSED] - click(findTestObject("Выполнение бизнес-плана/Кнопка План")): Object: 'Object Repository/Выполнение бизнес-плана/Кнопка План' is clicked on

31-03-2025T12:13:30 - [MESSAGE][PASSED] - Object: 'Object Repository/Выполнение бизнес-плана/Кнопка План' is clicked on

31-03-2025T12:13:30 - [TEST_STEP][PASSED] - typeOfDataMain = "План": null

31-03-2025T12:13:30 - [TEST_STEP][PASSED] - otpusk = findTestData("PlanFact").getValue(2, a): null

31-03-2025T12:13:30 - [TEST_STEP][PASSED] - poteri = findTestData("PlanFact").getValue(3, a): null

31-03-2025T12:13:30 - [TEST_STEP][PASSED] - otpusk = otpusk.replaceAll("\s+", ""): null

31-03-2025T12:13:30 - [TEST_STEP][PASSED] - poteri = poteri.replaceAll("\s+", ""): null

31-03-2025T12:13:30 - [TEST_STEP][PASSED] - typeOfData = typeOfDataMain + " Отпуск в сеть": null

31-03-2025T12:13:30 - [TEST_STEP][PASSED] - if (a == 82): null

31-03-2025T12:13:30 - [TEST_STEP][PASSED] - path = dataFolder + typeOfData + " за отчётный период " + "РаспредКомплекс": null

31-03-2025T12:13:30 - [TEST_STEP][PASSED] - println(path): null

31-03-2025T12:13:30 - [TEST_STEP][PASSED] - page = getText(findTestObject(path)): Text of object 'Object Repository/Выполнение бизнес-плана/Значения со страницы Выполнение бизнес-плана/План Отпуск в сеть за отчётный период РаспредКомплекс' is: '47 752 821'

31-03-2025T12:13:31 - [MESSAGE][PASSED] - Text of object 'Object Repository/Выполнение бизнес-плана/Значения со страницы Выполнение бизнес-плана/План Отпуск в сеть за отчётный период РаспредКомплекс' is: '47 752 821'

31-03-2025T12:13:31 - [TEST_STEP][PASSED] - if (page == "" || page == null): null

31-03-2025T12:13:31 - [TEST_STEP][PASSED] - else: null

31-03-2025T12:13:31 - [TEST_STEP][PASSED] - page = page.replaceAll("\s+", ""): null

31-03-2025T12:13:31 - [TEST_STEP][PASSED] - if (page == "undefined"): null

31-03-2025T12:13:31 - [TEST_STEP][PASSED] - fileOtpuskVSet = otpusk.toInteger(): null

31-03-2025T12:13:31 - [TEST_STEP][PASSED] - pageOtpuskVSet = page.toInteger(): null

31-03-2025T12:13:31 - [TEST_STEP][PASSED] - typeOfData = typeOfDataMain + " Потери": null

31-03-2025T12:13:31 - [TEST_STEP][PASSED] - if (a == 82): null

31-03-2025T12:13:31 - [TEST_STEP][PASSED] - path = dataFolder + typeOfData + " за отчётный период " + "РаспредКомплекс": null

31-03-2025T12:13:31 - [TEST_STEP][PASSED] - page = getText(findTestObject(path)): Text of object 'Object Repository/Выполнение бизнес-плана/Значения со страницы Выполнение бизнес-плана/План Потери за отчётный период РаспредКомплекс' is: '4 290 672'

31-03-2025T12:13:31 - [MESSAGE][PASSED] - Text of object 'Object Repository/Выполнение бизнес-плана/Значения со страницы Выполнение бизнес-плана/План Потери за отчётный период РаспредКомплекс' is: '4 290 672'

31-03-2025T12:13:31 - [TEST_STEP][PASSED] - if (page == "" || page == null): null

31-03-2025T12:13:31 - [TEST_STEP][PASSED] - else: null

31-03-2025T12:13:31 - [TEST_STEP][PASSED] - page = page.replaceAll("\s+", ""): null

31-03-2025T12:13:31 - [TEST_STEP][PASSED] - if (page == "undefined"): null

31-03-2025T12:13:31 - [TEST_STEP][PASSED] - filePoteri = poteri.toInteger(): null

31-03-2025T12:13:31 - [TEST_STEP][PASSED] - pagePoteri = page.toInteger(): null

31-03-2025T12:13:31 - [TEST_STEP][PASSED] - compare = pageOtpuskVSet: null

31-03-2025T12:13:31 - [TEST_STEP][PASSED] - if (pageOtpuskVSet != null): null

31-03-2025T12:13:31 - [TEST_STEP][PASSED] - if (compare == fileOtpuskVSet): null

31-03-2025T12:13:31 - [TEST_STEP][PASSED] - else if (compare > fileOtpuskVSet): null

31-03-2025T12:13:31 - [TEST_STEP][PASSED] - else if (compare < fileOtpuskVSet): null

31-03-2025T12:13:31 - [TEST_STEP][PASSED] - compare = compare + 1: null

31-03-2025T12:13:31 - [TEST_STEP][PASSED] - if (compare == fileOtpuskVSet): null

31-03-2025T12:13:31 - [TEST_STEP][PASSED] - else: null

31-03-2025T12:13:31 - [TEST_STEP][PASSED] - numberOfErrors = numberOfErrors + 1: null

31-03-2025T12:13:31 - [TEST_STEP][PASSED] - pageInt = pageOtpuskVSet: null

31-03-2025T12:13:31 - [TEST_STEP][PASSED] - fileInt = fileOtpuskVSet: null

31-03-2025T12:13:31 - [TEST_STEP][PASSED] - typeOfData = typeOfDataMain + " Отпуск в сеть": null

31-03-2025T12:13:31 - [TEST_STEP][PASSED] - Script1718980020443.WriteToExcel(a, typeOfData, todaysDate, pageInt, fileInt, pageDouble, fileDouble, dZO): null

31-03-2025T12:13:31 - [TEST_STEP][PASSED] - sheetName = "Sheet1": null

31-03-2025T12:13:31 - [TEST_STEP][PASSED] - data = findTestData("PlanFact"): null

31-03-2025T12:13:31 - [TEST_STEP][PASSED] - n = data.getRowNumbers() + 1: null

31-03-2025T12:13:31 - [TEST_STEP][PASSED] - day = ")).toInteger(): null

31-03-2025T12:13:31 - [TEST_STEP][PASSED] - println(day): null

31-03-2025T12:13:31 - [TEST_STEP][PASSED] - month = ")).toInteger(): null

31-03-2025T12:13:31 - [TEST_STEP][PASSED] - println(month): null

31-03-2025T12:13:31 - [TEST_STEP][PASSED] - y = <not implemented yet for class: org.codehaus.groovy.ast.expr.EmptyExpression>: null

31-03-2025T12:13:31 - [TEST_STEP][PASSED] - iy = <not implemented yet for class: org.codehaus.groovy.ast.expr.EmptyExpression>: null

31-03-2025T12:13:31 - [TEST_STEP][PASSED] - m = getText(findTestObject("Выполнение бизнес-плана/Период")): Text of object 'Object Repository/Выполнение бизнес-плана/Период' is: 'Январь 2025 года'

31-03-2025T12:13:31 - [MESSAGE][PASSED] - Text of object 'Object Repository/Выполнение бизнес-плана/Период' is: 'Январь 2025 года'

31-03-2025T12:13:31 - [TEST_STEP][PASSED] - iy = m.indexOf("20"): null

31-03-2025T12:13:31 - [TEST_STEP][PASSED] - if (iy > -1): null

31-03-2025T12:13:31 - [TEST_STEP][PASSED] - y = substring(iy, iy + 4).toInteger(): null

31-03-2025T12:13:31 - [TEST_STEP][PASSED] - println(y): null

31-03-2025T12:13:31 - [TEST_STEP][PASSED] - if (toString().length() == 4): null

31-03-2025T12:13:31 - [TEST_STEP][PASSED] - m = m.substring(0, m.indexOf(y.toString())): null

31-03-2025T12:13:31 - [TEST_STEP][PASSED] - m = m.trim(): null

31-03-2025T12:13:31 - [TEST_STEP][PASSED] - if (m == ""): null

31-03-2025T12:13:31 - [TEST_STEP][PASSED] - dashboardName = "Выполнение бизнес-плана": null

31-03-2025T12:13:31 - [TEST_STEP][PASSED] - workbook01 = getWorkbook(excelFilePath): null

31-03-2025T12:13:31 - [TEST_STEP][PASSED] - sheet01 = getExcelSheet(workbook01, sheetName): null

31-03-2025T12:13:31 - [TEST_STEP][PASSED] - setValueToCellByIndex(sheet01, n, 0, dashboardName): null

31-03-2025T12:13:31 - [TEST_STEP][PASSED] - setValueToCellByIndex(sheet01, n, 1, dZO): null

31-03-2025T12:13:31 - [TEST_STEP][PASSED] - setValueToCellByIndex(sheet01, n, 2, typeOfData): null

31-03-2025T12:13:31 - [TEST_STEP][PASSED] - if (typeOfData == "Факт в процентах" || typeOfData == "План в процентах"): null

31-03-2025T12:13:31 - [TEST_STEP][PASSED] - else: null

31-03-2025T12:13:31 - [TEST_STEP][PASSED] - setValueToCellByIndex(sheet01, n, 3, fileInt): null

31-03-2025T12:13:31 - [TEST_STEP][PASSED] - setValueToCellByIndex(sheet01, n, 4, pageInt): null

31-03-2025T12:13:31 - [TEST_STEP][PASSED] - setValueToCellByIndex(sheet01, n, 5, m): null

31-03-2025T12:13:31 - [TEST_STEP][PASSED] - setValueToCellByIndex(sheet01, n, 6, y): null

31-03-2025T12:13:31 - [TEST_STEP][PASSED] - setValueToCellByIndex(sheet01, n, 7, todaysDate): null

31-03-2025T12:13:31 - [TEST_STEP][PASSED] - n = n + 1: null

31-03-2025T12:13:31 - [TEST_STEP][PASSED] - saveWorkbook(excelFilePath, workbook01): null

31-03-2025T12:13:32 - [TEST_STEP][PASSED] - compare = pagePoteri: null

31-03-2025T12:13:32 - [TEST_STEP][PASSED] - if (pageOtpuskVSet != null): null

31-03-2025T12:13:32 - [TEST_STEP][PASSED] - if (compare == filePoteri): null

31-03-2025T12:13:32 - [TEST_STEP][PASSED] - else if (compare > filePoteri): null

31-03-2025T12:13:32 - [TEST_STEP][PASSED] - else if (compare < filePoteri): null

31-03-2025T12:13:32 - [TEST_STEP][PASSED] - compare = compare + 1: null

31-03-2025T12:13:32 - [TEST_STEP][PASSED] - if (compare == filePoteri): null

31-03-2025T12:13:32 - [TEST_STEP][PASSED] - else: null

31-03-2025T12:13:32 - [TEST_STEP][PASSED] - numberOfErrors = numberOfErrors + 1: null

31-03-2025T12:13:32 - [TEST_STEP][PASSED] - pageInt = pagePoteri: null

31-03-2025T12:13:32 - [TEST_STEP][PASSED] - fileInt = filePoteri: null

31-03-2025T12:13:32 - [TEST_STEP][PASSED] - typeOfData = typeOfDataMain + " Потери": null

31-03-2025T12:13:32 - [TEST_STEP][PASSED] - Script1718980020443.WriteToExcel(a, typeOfData, todaysDate, pageInt, fileInt, pageDouble, fileDouble, dZO): null

31-03-2025T12:13:32 - [TEST_STEP][PASSED] - sheetName = "Sheet1": null

31-03-2025T12:13:32 - [TEST_STEP][PASSED] - data = findTestData("PlanFact"): null

31-03-2025T12:13:32 - [TEST_STEP][PASSED] - n = data.getRowNumbers() + 1: null

31-03-2025T12:13:32 - [TEST_STEP][PASSED] - day = ")).toInteger(): null

31-03-2025T12:13:32 - [TEST_STEP][PASSED] - println(day): null

31-03-2025T12:13:32 - [TEST_STEP][PASSED] - month = ")).toInteger(): null

31-03-2025T12:13:32 - [TEST_STEP][PASSED] - println(month): null

31-03-2025T12:13:32 - [TEST_STEP][PASSED] - y = <not implemented yet for class: org.codehaus.groovy.ast.expr.EmptyExpression>: null

31-03-2025T12:13:32 - [TEST_STEP][PASSED] - iy = <not implemented yet for class: org.codehaus.groovy.ast.expr.EmptyExpression>: null

31-03-2025T12:13:32 - [TEST_STEP][PASSED] - m = getText(findTestObject("Выполнение бизнес-плана/Период")): Text of object 'Object Repository/Выполнение бизнес-плана/Период' is: 'Январь 2025 года'

31-03-2025T12:13:32 - [MESSAGE][PASSED] - Text of object 'Object Repository/Выполнение бизнес-плана/Период' is: 'Январь 2025 года'

31-03-2025T12:13:32 - [TEST_STEP][PASSED] - iy = m.indexOf("20"): null

31-03-2025T12:13:32 - [TEST_STEP][PASSED] - if (iy > -1): null

31-03-2025T12:13:32 - [TEST_STEP][PASSED] - y = substring(iy, iy + 4).toInteger(): null

31-03-2025T12:13:32 - [TEST_STEP][PASSED] - println(y): null

31-03-2025T12:13:32 - [TEST_STEP][PASSED] - if (toString().length() == 4): null

31-03-2025T12:13:32 - [TEST_STEP][PASSED] - m = m.substring(0, m.indexOf(y.toString())): null

31-03-2025T12:13:32 - [TEST_STEP][PASSED] - m = m.trim(): null

31-03-2025T12:13:32 - [TEST_STEP][PASSED] - if (m == ""): null

31-03-2025T12:13:32 - [TEST_STEP][PASSED] - dashboardName = "Выполнение бизнес-плана": null

31-03-2025T12:13:32 - [TEST_STEP][PASSED] - workbook01 = getWorkbook(excelFilePath): null

31-03-2025T12:13:32 - [TEST_STEP][PASSED] - sheet01 = getExcelSheet(workbook01, sheetName): null

31-03-2025T12:13:32 - [TEST_STEP][PASSED] - setValueToCellByIndex(sheet01, n, 0, dashboardName): null

31-03-2025T12:13:32 - [TEST_STEP][PASSED] - setValueToCellByIndex(sheet01, n, 1, dZO): null

31-03-2025T12:13:32 - [TEST_STEP][PASSED] - setValueToCellByIndex(sheet01, n, 2, typeOfData): null

31-03-2025T12:13:32 - [TEST_STEP][PASSED] - if (typeOfData == "Факт в процентах" || typeOfData == "План в процентах"): null

31-03-2025T12:13:32 - [TEST_STEP][PASSED] - else: null

31-03-2025T12:13:32 - [TEST_STEP][PASSED] - setValueToCellByIndex(sheet01, n, 3, fileInt): null

31-03-2025T12:13:32 - [TEST_STEP][PASSED] - setValueToCellByIndex(sheet01, n, 4, pageInt): null

31-03-2025T12:13:32 - [TEST_STEP][PASSED] - setValueToCellByIndex(sheet01, n, 5, m): null

31-03-2025T12:13:32 - [TEST_STEP][PASSED] - setValueToCellByIndex(sheet01, n, 6, y): null

31-03-2025T12:13:32 - [TEST_STEP][PASSED] - setValueToCellByIndex(sheet01, n, 7, todaysDate): null

31-03-2025T12:13:32 - [TEST_STEP][PASSED] - n = n + 1: null

31-03-2025T12:13:32 - [TEST_STEP][PASSED] - saveWorkbook(excelFilePath, workbook01): Object: 'Object Repository/Выполнение бизнес-плана/Кнопка Факт' is clicked on

31-03-2025T12:13:32 - [TEST_STEP][PASSED] - if (planFact == 2): Object: 'Object Repository/Выполнение бизнес-плана/Кнопка Факт' is clicked on

31-03-2025T12:13:32 - [TEST_STEP][PASSED] - click(findTestObject("Выполнение бизнес-плана/Кнопка Факт")): Object: 'Object Repository/Выполнение бизнес-плана/Кнопка Факт' is clicked on

31-03-2025T12:13:33 - [MESSAGE][PASSED] - Object: 'Object Repository/Выполнение бизнес-плана/Кнопка Факт' is clicked on

31-03-2025T12:13:33 - [TEST_STEP][PASSED] - println("a=" + a): null

31-03-2025T12:13:33 - [TEST_STEP][PASSED] - if (a == 84 || a == 82): null

31-03-2025T12:13:33 - [TEST_STEP][PASSED] - page = getText(findTestObject("Выполнение бизнес-плана/textPlanFact")): Text of object 'Object Repository/Выполнение бизнес-плана/textPlanFact' is: '%
8.99 8.99
7.84 7.84
План
Факт
1
100'

31-03-2025T12:13:33 - [MESSAGE][PASSED] - Text of object 'Object Repository/Выполнение бизнес-плана/textPlanFact' is: '%
8.99 8.99
7.84 7.84
План
Факт
1
100'

31-03-2025T12:13:33 - [TEST_STEP][PASSED] - page = page.replaceAll("\n", "_"): null

31-03-2025T12:13:33 - [TEST_STEP][PASSED] - page = page.substring(page.indexOf("_") + 1, page.length()): null

31-03-2025T12:13:33 - [TEST_STEP][PASSED] - page1 = page.substring(0, page.indexOf("_")): null

31-03-2025T12:13:33 - [TEST_STEP][PASSED] - page1 = page.substring(0, page.indexOf(" ")): null

31-03-2025T12:13:33 - [TEST_STEP][PASSED] - page2 = page.substring(page.indexOf("_") + 1, page.length()): null

31-03-2025T12:13:33 - [TEST_STEP][PASSED] - page2 = page2.substring(0, page.indexOf("_")): null

31-03-2025T12:13:33 - [TEST_STEP][PASSED] - page2 = page2.substring(0, page.indexOf(" ")): null

31-03-2025T12:13:33 - [TEST_STEP][PASSED] - println("page1: " + page1): null

31-03-2025T12:13:33 - [TEST_STEP][PASSED] - println("page2: " + page2): null

31-03-2025T12:13:33 - [TEST_STEP][PASSED] - file = findTestData("PlanFact").getValue(4, a): null

31-03-2025T12:13:33 - [TEST_STEP][PASSED] - file = file.replace(",", "."): null

31-03-2025T12:13:33 - [TEST_STEP][PASSED] - println("file Plan: " + file): null

31-03-2025T12:13:33 - [TEST_STEP][PASSED] - typeOfData = "План в процентах": null

31-03-2025T12:13:33 - [TEST_STEP][PASSED] - fileDouble = file.toDouble(): null

31-03-2025T12:13:33 - [TEST_STEP][PASSED] - pageDouble = page1.toDouble(): null

31-03-2025T12:13:33 - [TEST_STEP][PASSED] - if (fileDouble != pageDouble): null

31-03-2025T12:13:33 - [TEST_STEP][PASSED] - numberOfErrors = numberOfErrors + 1: null

31-03-2025T12:13:33 - [TEST_STEP][PASSED] - Script1718980020443.WriteToExcel(a, typeOfData, todaysDate, pageInt, fileInt, pageDouble, fileDouble, dZO): null

31-03-2025T12:13:33 - [TEST_STEP][PASSED] - sheetName = "Sheet1": null

31-03-2025T12:13:33 - [TEST_STEP][PASSED] - data = findTestData("PlanFact"): null

31-03-2025T12:13:33 - [TEST_STEP][PASSED] - n = data.getRowNumbers() + 1: null

31-03-2025T12:13:33 - [TEST_STEP][PASSED] - day = ")).toInteger(): null

31-03-2025T12:13:33 - [TEST_STEP][PASSED] - println(day): null

31-03-2025T12:13:33 - [TEST_STEP][PASSED] - month = ")).toInteger(): null

31-03-2025T12:13:33 - [TEST_STEP][PASSED] - println(month): null

31-03-2025T12:13:33 - [TEST_STEP][PASSED] - y = <not implemented yet for class: org.codehaus.groovy.ast.expr.EmptyExpression>: null

31-03-2025T12:13:33 - [TEST_STEP][PASSED] - iy = <not implemented yet for class: org.codehaus.groovy.ast.expr.EmptyExpression>: null

31-03-2025T12:13:33 - [TEST_STEP][PASSED] - m = getText(findTestObject("Выполнение бизнес-плана/Период")): Text of object 'Object Repository/Выполнение бизнес-плана/Период' is: 'Январь 2025 года'

31-03-2025T12:13:33 - [MESSAGE][PASSED] - Text of object 'Object Repository/Выполнение бизнес-плана/Период' is: 'Январь 2025 года'

31-03-2025T12:13:33 - [TEST_STEP][PASSED] - iy = m.indexOf("20"): null

31-03-2025T12:13:33 - [TEST_STEP][PASSED] - if (iy > -1): null

31-03-2025T12:13:33 - [TEST_STEP][PASSED] - y = substring(iy, iy + 4).toInteger(): null

31-03-2025T12:13:33 - [TEST_STEP][PASSED] - println(y): null

31-03-2025T12:13:33 - [TEST_STEP][PASSED] - if (toString().length() == 4): null

31-03-2025T12:13:33 - [TEST_STEP][PASSED] - m = m.substring(0, m.indexOf(y.toString())): null

31-03-2025T12:13:33 - [TEST_STEP][PASSED] - m = m.trim(): null

31-03-2025T12:13:33 - [TEST_STEP][PASSED] - if (m == ""): null

31-03-2025T12:13:33 - [TEST_STEP][PASSED] - dashboardName = "Выполнение бизнес-плана": null

31-03-2025T12:13:33 - [TEST_STEP][PASSED] - workbook01 = getWorkbook(excelFilePath): null

31-03-2025T12:13:33 - [TEST_STEP][PASSED] - sheet01 = getExcelSheet(workbook01, sheetName): null

31-03-2025T12:13:33 - [TEST_STEP][PASSED] - setValueToCellByIndex(sheet01, n, 0, dashboardName): null

31-03-2025T12:13:33 - [TEST_STEP][PASSED] - setValueToCellByIndex(sheet01, n, 1, dZO): null

31-03-2025T12:13:33 - [TEST_STEP][PASSED] - setValueToCellByIndex(sheet01, n, 2, typeOfData): null

31-03-2025T12:13:33 - [TEST_STEP][PASSED] - if (typeOfData == "Факт в процентах" || typeOfData == "План в процентах"): null

31-03-2025T12:13:33 - [TEST_STEP][PASSED] - setValueToCellByIndex(sheet01, n, 3, fileDouble): null

31-03-2025T12:13:33 - [TEST_STEP][PASSED] - setValueToCellByIndex(sheet01, n, 4, pageDouble): null

31-03-2025T12:13:33 - [TEST_STEP][PASSED] - setValueToCellByIndex(sheet01, n, 5, m): null

31-03-2025T12:13:33 - [TEST_STEP][PASSED] - setValueToCellByIndex(sheet01, n, 6, y): null

31-03-2025T12:13:33 - [TEST_STEP][PASSED] - setValueToCellByIndex(sheet01, n, 7, todaysDate): null

31-03-2025T12:13:33 - [TEST_STEP][PASSED] - n = n + 1: null

31-03-2025T12:13:33 - [TEST_STEP][PASSED] - saveWorkbook(excelFilePath, workbook01): null

31-03-2025T12:13:34 - [TEST_STEP][PASSED] - file = findTestData("PlanFact").getValue(7, a): null

31-03-2025T12:13:34 - [TEST_STEP][PASSED] - file = file.replace(",", "."): null

31-03-2025T12:13:34 - [TEST_STEP][PASSED] - println("file Fact: " + file): null

31-03-2025T12:13:34 - [TEST_STEP][PASSED] - fileDouble = file.toDouble(): null

31-03-2025T12:13:34 - [TEST_STEP][PASSED] - typeOfData = "Факт в процентах": null

31-03-2025T12:13:34 - [TEST_STEP][PASSED] - fileDouble = file.toDouble(): null

31-03-2025T12:13:34 - [TEST_STEP][PASSED] - pageDouble = page2.toDouble(): null

31-03-2025T12:13:34 - [TEST_STEP][PASSED] - if (fileDouble != pageDouble): null

31-03-2025T12:13:34 - [TEST_STEP][PASSED] - numberOfErrors = numberOfErrors + 1: null

31-03-2025T12:13:34 - [TEST_STEP][PASSED] - Script1718980020443.WriteToExcel(a, typeOfData, todaysDate, pageInt, fileInt, pageDouble, fileDouble, dZO): null

31-03-2025T12:13:34 - [TEST_STEP][PASSED] - sheetName = "Sheet1": null

31-03-2025T12:13:34 - [TEST_STEP][PASSED] - data = findTestData("PlanFact"): null

31-03-2025T12:13:34 - [TEST_STEP][PASSED] - n = data.getRowNumbers() + 1: null

31-03-2025T12:13:34 - [TEST_STEP][PASSED] - day = ")).toInteger(): null

31-03-2025T12:13:34 - [TEST_STEP][PASSED] - println(day): null

31-03-2025T12:13:34 - [TEST_STEP][PASSED] - month = ")).toInteger(): null

31-03-2025T12:13:34 - [TEST_STEP][PASSED] - println(month): null

31-03-2025T12:13:34 - [TEST_STEP][PASSED] - y = <not implemented yet for class: org.codehaus.groovy.ast.expr.EmptyExpression>: null

31-03-2025T12:13:34 - [TEST_STEP][PASSED] - iy = <not implemented yet for class: org.codehaus.groovy.ast.expr.EmptyExpression>: null

31-03-2025T12:13:34 - [TEST_STEP][PASSED] - m = getText(findTestObject("Выполнение бизнес-плана/Период")): Text of object 'Object Repository/Выполнение бизнес-плана/Период' is: 'Январь 2025 года'

31-03-2025T12:13:34 - [MESSAGE][PASSED] - Text of object 'Object Repository/Выполнение бизнес-плана/Период' is: 'Январь 2025 года'

31-03-2025T12:13:34 - [TEST_STEP][PASSED] - iy = m.indexOf("20"): null

31-03-2025T12:13:34 - [TEST_STEP][PASSED] - if (iy > -1): null

31-03-2025T12:13:34 - [TEST_STEP][PASSED] - y = substring(iy, iy + 4).toInteger(): null

31-03-2025T12:13:34 - [TEST_STEP][PASSED] - println(y): null

31-03-2025T12:13:34 - [TEST_STEP][PASSED] - if (toString().length() == 4): null

31-03-2025T12:13:34 - [TEST_STEP][PASSED] - m = m.substring(0, m.indexOf(y.toString())): null

31-03-2025T12:13:34 - [TEST_STEP][PASSED] - m = m.trim(): null

31-03-2025T12:13:34 - [TEST_STEP][PASSED] - if (m == ""): null

31-03-2025T12:13:34 - [TEST_STEP][PASSED] - dashboardName = "Выполнение бизнес-плана": null

31-03-2025T12:13:34 - [TEST_STEP][PASSED] - workbook01 = getWorkbook(excelFilePath): null

31-03-2025T12:13:34 - [TEST_STEP][PASSED] - sheet01 = getExcelSheet(workbook01, sheetName): null

31-03-2025T12:13:34 - [TEST_STEP][PASSED] - setValueToCellByIndex(sheet01, n, 0, dashboardName): null

31-03-2025T12:13:34 - [TEST_STEP][PASSED] - setValueToCellByIndex(sheet01, n, 1, dZO): null

31-03-2025T12:13:34 - [TEST_STEP][PASSED] - setValueToCellByIndex(sheet01, n, 2, typeOfData): null

31-03-2025T12:13:34 - [TEST_STEP][PASSED] - if (typeOfData == "Факт в процентах" || typeOfData == "План в процентах"): null

31-03-2025T12:13:34 - [TEST_STEP][PASSED] - setValueToCellByIndex(sheet01, n, 3, fileDouble): null

31-03-2025T12:13:34 - [TEST_STEP][PASSED] - setValueToCellByIndex(sheet01, n, 4, pageDouble): null

31-03-2025T12:13:34 - [TEST_STEP][PASSED] - setValueToCellByIndex(sheet01, n, 5, m): null

31-03-2025T12:13:34 - [TEST_STEP][PASSED] - setValueToCellByIndex(sheet01, n, 6, y): null

31-03-2025T12:13:34 - [TEST_STEP][PASSED] - setValueToCellByIndex(sheet01, n, 7, todaysDate): null

31-03-2025T12:13:34 - [TEST_STEP][PASSED] - n = n + 1: null

31-03-2025T12:13:34 - [TEST_STEP][PASSED] - saveWorkbook(excelFilePath, workbook01): null

31-03-2025T12:13:34 - [TEST_STEP][FAILED] - if (verifyEqual(numberOfErrors, 0) == false): null

31-03-2025T12:13:34 - [MESSAGE][FAILED] - Unable to verify equal between actual object '6' and expected object '0' (Root cause: com.kms.katalon.core.exception.StepFailedException: Actual object '6' and expected object '0' are not equal
	at com.kms.katalon.core.keyword.builtin.VerifyEqualKeyword$_verifyEqual_closure1.doCall(VerifyEqualKeyword.groovy:58)
	at com.kms.katalon.core.keyword.builtin.VerifyEqualKeyword$_verifyEqual_closure1.call(VerifyEqualKeyword.groovy)
	at com.kms.katalon.core.keyword.internal.KeywordMain.runKeyword(KeywordMain.groovy:75)
	at com.kms.katalon.core.keyword.builtin.VerifyEqualKeyword.verifyEqual(VerifyEqualKeyword.groovy:63)
	at com.kms.katalon.core.keyword.builtin.VerifyEqualKeyword.execute(VerifyEqualKeyword.groovy:44)
	at com.kms.katalon.core.keyword.internal.KeywordExecutor.executeKeywordForPlatform(KeywordExecutor.groovy:74)
	at com.kms.katalon.core.keyword.BuiltinKeywords.verifyEqual(BuiltinKeywords.groovy:146)
	at jdk.internal.reflect.GeneratedMethodAccessor28.invoke(Unknown Source)
	at java.base/jdk.internal.reflect.DelegatingMethodAccessorImpl.invoke(DelegatingMethodAccessorImpl.java:43)
	at Выполнение бизнес-плана Сверка ПАО Россети все филиалы.Numbers(Выполнение бизнес-плана Сверка ПАО Россети все филиалы:744)
	at Выполнение бизнес-плана Сверка ПАО Россети все филиалы.run(Выполнение бизнес-плана Сверка ПАО Россети все филиалы:194)
	at com.kms.katalon.core.main.ScriptEngine.run(ScriptEngine.java:194)
	at com.kms.katalon.core.main.ScriptEngine.runScriptAsRawText(ScriptEngine.java:119)
	at com.kms.katalon.core.main.TestCaseExecutor.runScript(TestCaseExecutor.java:448)
	at com.kms.katalon.core.main.TestCaseExecutor.doExecute(TestCaseExecutor.java:439)
	at com.kms.katalon.core.main.TestCaseExecutor.processExecutionPhase(TestCaseExecutor.java:418)
	at com.kms.katalon.core.main.TestCaseExecutor.accessMainPhase(TestCaseExecutor.java:410)
	at com.kms.katalon.core.main.TestCaseExecutor.execute(TestCaseExecutor.java:285)
	at com.kms.katalon.core.common.CommonExecutor.accessTestCaseMainPhase(CommonExecutor.java:65)
	at com.kms.katalon.core.main.TestSuiteExecutor.accessTestSuiteMainPhase(TestSuiteExecutor.java:150)
	at com.kms.katalon.core.main.TestSuiteExecutor.execute(TestSuiteExecutor.java:106)
	at com.kms.katalon.core.main.TestCaseMain.startTestSuite(TestCaseMain.java:180)
	at TempTestSuite1743404878601.run(TempTestSuite1743404878601.groovy:35)
	at java.base/jdk.internal.reflect.NativeMethodAccessorImpl.invoke0(Native Method)
	at java.base/jdk.internal.reflect.NativeMethodAccessorImpl.invoke(NativeMethodAccessorImpl.java:77)
	at java.base/jdk.internal.reflect.DelegatingMethodAccessorImpl.invoke(DelegatingMethodAccessorImpl.java:43)
)

31-03-2025T12:13:34 - [TEST_STEP][PASSED] - println(numberOfErrors): null

31-03-2025T12:13:34 - [TEST_STEP][PASSED] - println("a=" + a): null

31-03-2025T12:13:34 - [TEST_STEP][PASSED] - if (a == 28 || a == 77 || a == 74 || a == 65 || a == 36 || a == 44 || a == 54 || a == 1 || a == 18 || a == 59): null

31-03-2025T12:13:34 - [TEST_STEP][PASSED] - if (a == 82): null

31-03-2025T12:13:34 - [TEST_STEP][PASSED] - Script1718980020443.OpenFilter(): null

31-03-2025T12:13:34 - [TEST_STEP][PASSED] - click(findTestObject("Object Repository/Выполнение бизнес-плана/Фильтр ДЗО")): Object: 'Object Repository/Выполнение бизнес-плана/Фильтр ДЗО' is clicked on

31-03-2025T12:13:35 - [MESSAGE][PASSED] - Object: 'Object Repository/Выполнение бизнес-плана/Фильтр ДЗО' is clicked on

31-03-2025T12:13:35 - [TEST_STEP][PASSED] - click(findTestObject("Выполнение бизнес-плана/Снять выделение в фильтре ДЗО")): null

31-03-2025T12:13:35 - [MESSAGE][PASSED] - Object: 'Object Repository/Выполнение бизнес-плана/Снять выделение в фильтре ДЗО' is clicked on

31-03-2025T12:13:35 - [TEST_STEP][PASSED] - Script1718980020443.CloseFilter(): null

31-03-2025T12:13:35 - [TEST_STEP][PASSED] - scrollToElement(findTestObject("Выполнение бизнес-плана/Заголовок дашборда"), 30): Scroll to object 'Object Repository/Выполнение бизнес-плана/Заголовок дашборда' successfully

31-03-2025T12:13:36 - [MESSAGE][PASSED] - Scroll to object 'Object Repository/Выполнение бизнес-плана/Заголовок дашборда' successfully

31-03-2025T12:13:36 - [TEST_STEP][PASSED] - click(findTestObject("Object Repository/Выполнение бизнес-плана/Применить в фильтре ДЗО")): null

31-03-2025T12:13:36 - [MESSAGE][PASSED] - Object: 'Object Repository/Выполнение бизнес-плана/Применить в фильтре ДЗО' is clicked on

31-03-2025T12:13:36 - [TEST_STEP][PASSED] - delay(20): Delayed 20 second(s)

31-03-2025T12:13:56 - [MESSAGE][PASSED] - Delayed 20 second(s)

31-03-2025T12:13:56 - [TEST_STEP][PASSED] - dZO = "АО «Тываэнерго»": null

31-03-2025T12:13:56 - [TEST_STEP][PASSED] - a = 52: null

31-03-2025T12:13:56 - [TEST_STEP][PASSED] - if (x1.contains("Тываэнерго")): null

31-03-2025T12:13:56 - [TEST_STEP][PASSED] - else: null

31-03-2025T12:13:56 - [TEST_STEP][PASSED] - Script1718980020443.NoData(a, typeOfData, todaysDate, fileInt, fileDouble, dZO): null

31-03-2025T12:13:56 - [TEST_STEP][PASSED] - println(a): null

31-03-2025T12:13:56 - [TEST_STEP][PASSED] - println(todaysDate): null

31-03-2025T12:13:56 - [TEST_STEP][PASSED] - println(fileInt): null

31-03-2025T12:13:56 - [TEST_STEP][PASSED] - println(fileDouble): null

31-03-2025T12:13:56 - [TEST_STEP][PASSED] - println(dZO): null

31-03-2025T12:13:56 - [TEST_STEP][PASSED] - typeOfData = "Факт Отпуск в сеть": null

31-03-2025T12:13:56 - [TEST_STEP][PASSED] - fileInt = replaceAll("\s+", "").toInteger(): null

31-03-2025T12:13:57 - [TEST_STEP][PASSED] - Script1718980020443.WriteToExcelNoData(a, typeOfData, todaysDate, fileInt, fileDouble, dZO): null

31-03-2025T12:13:57 - [TEST_STEP][PASSED] - sheetName = "Sheet1": null

31-03-2025T12:13:57 - [TEST_STEP][PASSED] - data = findTestData("PlanFact"): null

31-03-2025T12:13:57 - [TEST_STEP][PASSED] - n = data.getRowNumbers() + 1: null

31-03-2025T12:13:57 - [TEST_STEP][PASSED] - day = ")).toInteger(): null

31-03-2025T12:13:57 - [TEST_STEP][PASSED] - println(day): null

31-03-2025T12:13:57 - [TEST_STEP][PASSED] - month = ")).toInteger(): null

31-03-2025T12:13:57 - [TEST_STEP][PASSED] - println(month): null

31-03-2025T12:13:57 - [TEST_STEP][PASSED] - y = <not implemented yet for class: org.codehaus.groovy.ast.expr.EmptyExpression>: null

31-03-2025T12:13:57 - [TEST_STEP][PASSED] - iy = <not implemented yet for class: org.codehaus.groovy.ast.expr.EmptyExpression>: null

31-03-2025T12:13:57 - [TEST_STEP][PASSED] - m = getText(findTestObject("Выполнение бизнес-плана/Период")): Text of object 'Object Repository/Выполнение бизнес-плана/Период' is: 'Январь 2025 года'

31-03-2025T12:13:57 - [MESSAGE][PASSED] - Text of object 'Object Repository/Выполнение бизнес-плана/Период' is: 'Январь 2025 года'

31-03-2025T12:13:57 - [TEST_STEP][PASSED] - iy = m.indexOf("20"): null

31-03-2025T12:13:57 - [TEST_STEP][PASSED] - if (iy > -1): null

31-03-2025T12:13:57 - [TEST_STEP][PASSED] - y = substring(iy, iy + 4).toInteger(): null

31-03-2025T12:13:57 - [TEST_STEP][PASSED] - println(y): null

31-03-2025T12:13:57 - [TEST_STEP][PASSED] - if (toString().length() == 4): null

31-03-2025T12:13:57 - [TEST_STEP][PASSED] - m = m.substring(0, m.indexOf(y.toString())): null

31-03-2025T12:13:57 - [TEST_STEP][PASSED] - m = m.trim(): null

31-03-2025T12:13:57 - [TEST_STEP][PASSED] - if (m == ""): null

31-03-2025T12:13:57 - [TEST_STEP][PASSED] - dashboardName = "Выполнение бизнес-плана": null

31-03-2025T12:13:57 - [TEST_STEP][PASSED] - workbook01 = getWorkbook(excelFilePath): null

31-03-2025T12:13:57 - [TEST_STEP][PASSED] - sheet01 = getExcelSheet(workbook01, sheetName): null

31-03-2025T12:13:57 - [TEST_STEP][PASSED] - setValueToCellByIndex(sheet01, n, 0, dashboardName): null

31-03-2025T12:13:57 - [TEST_STEP][PASSED] - setValueToCellByIndex(sheet01, n, 1, dZO): null

31-03-2025T12:13:57 - [TEST_STEP][PASSED] - setValueToCellByIndex(sheet01, n, 2, typeOfData): null

31-03-2025T12:13:57 - [TEST_STEP][PASSED] - if (typeOfData == "Факт в процентах" || typeOfData == "План в процентах"): null

31-03-2025T12:13:57 - [TEST_STEP][PASSED] - else: null

31-03-2025T12:13:57 - [TEST_STEP][PASSED] - setValueToCellByIndex(sheet01, n, 3, fileInt): null

31-03-2025T12:13:57 - [TEST_STEP][PASSED] - setValueToCellByIndex(sheet01, n, 4, "нет данных"): null

31-03-2025T12:13:57 - [TEST_STEP][PASSED] - setValueToCellByIndex(sheet01, n, 5, m): null

31-03-2025T12:13:57 - [TEST_STEP][PASSED] - setValueToCellByIndex(sheet01, n, 6, y): null

31-03-2025T12:13:57 - [TEST_STEP][PASSED] - setValueToCellByIndex(sheet01, n, 7, todaysDate): null

31-03-2025T12:13:57 - [TEST_STEP][PASSED] - n = n + 1: null

31-03-2025T12:13:57 - [TEST_STEP][PASSED] - saveWorkbook(excelFilePath, workbook01): null

31-03-2025T12:13:57 - [TEST_STEP][PASSED] - typeOfData = "Факт Потери": null

31-03-2025T12:13:57 - [TEST_STEP][PASSED] - fileInt = replaceAll("\s+", "").toInteger(): null

31-03-2025T12:13:57 - [TEST_STEP][PASSED] - Script1718980020443.WriteToExcelNoData(a, typeOfData, todaysDate, fileInt, fileDouble, dZO): null

31-03-2025T12:13:57 - [TEST_STEP][PASSED] - sheetName = "Sheet1": null

31-03-2025T12:13:57 - [TEST_STEP][PASSED] - data = findTestData("PlanFact"): null

31-03-2025T12:13:57 - [TEST_STEP][PASSED] - n = data.getRowNumbers() + 1: null

31-03-2025T12:13:57 - [TEST_STEP][PASSED] - day = ")).toInteger(): null

31-03-2025T12:13:57 - [TEST_STEP][PASSED] - println(day): null

31-03-2025T12:13:57 - [TEST_STEP][PASSED] - month = ")).toInteger(): null

31-03-2025T12:13:57 - [TEST_STEP][PASSED] - println(month): null

31-03-2025T12:13:57 - [TEST_STEP][PASSED] - y = <not implemented yet for class: org.codehaus.groovy.ast.expr.EmptyExpression>: null

31-03-2025T12:13:57 - [TEST_STEP][PASSED] - iy = <not implemented yet for class: org.codehaus.groovy.ast.expr.EmptyExpression>: null

31-03-2025T12:13:57 - [TEST_STEP][PASSED] - m = getText(findTestObject("Выполнение бизнес-плана/Период")): Text of object 'Object Repository/Выполнение бизнес-плана/Период' is: 'Январь 2025 года'

31-03-2025T12:13:58 - [MESSAGE][PASSED] - Text of object 'Object Repository/Выполнение бизнес-плана/Период' is: 'Январь 2025 года'

31-03-2025T12:13:58 - [TEST_STEP][PASSED] - iy = m.indexOf("20"): null

31-03-2025T12:13:58 - [TEST_STEP][PASSED] - if (iy > -1): null

31-03-2025T12:13:58 - [TEST_STEP][PASSED] - y = substring(iy, iy + 4).toInteger(): null

31-03-2025T12:13:58 - [TEST_STEP][PASSED] - println(y): null

31-03-2025T12:13:58 - [TEST_STEP][PASSED] - if (toString().length() == 4): null

31-03-2025T12:13:58 - [TEST_STEP][PASSED] - m = m.substring(0, m.indexOf(y.toString())): null

31-03-2025T12:13:58 - [TEST_STEP][PASSED] - m = m.trim(): null

31-03-2025T12:13:58 - [TEST_STEP][PASSED] - if (m == ""): null

31-03-2025T12:13:58 - [TEST_STEP][PASSED] - dashboardName = "Выполнение бизнес-плана": null

31-03-2025T12:13:58 - [TEST_STEP][PASSED] - workbook01 = getWorkbook(excelFilePath): null

31-03-2025T12:13:58 - [TEST_STEP][PASSED] - sheet01 = getExcelSheet(workbook01, sheetName): null

31-03-2025T12:13:58 - [TEST_STEP][PASSED] - setValueToCellByIndex(sheet01, n, 0, dashboardName): null

31-03-2025T12:13:58 - [TEST_STEP][PASSED] - setValueToCellByIndex(sheet01, n, 1, dZO): null

31-03-2025T12:13:58 - [TEST_STEP][PASSED] - setValueToCellByIndex(sheet01, n, 2, typeOfData): null

31-03-2025T12:13:58 - [TEST_STEP][PASSED] - if (typeOfData == "Факт в процентах" || typeOfData == "План в процентах"): null

31-03-2025T12:13:58 - [TEST_STEP][PASSED] - else: null

31-03-2025T12:13:58 - [TEST_STEP][PASSED] - setValueToCellByIndex(sheet01, n, 3, fileInt): null

31-03-2025T12:13:58 - [TEST_STEP][PASSED] - setValueToCellByIndex(sheet01, n, 4, "нет данных"): null

31-03-2025T12:13:58 - [TEST_STEP][PASSED] - setValueToCellByIndex(sheet01, n, 5, m): null

31-03-2025T12:13:58 - [TEST_STEP][PASSED] - setValueToCellByIndex(sheet01, n, 6, y): null

31-03-2025T12:13:58 - [TEST_STEP][PASSED] - setValueToCellByIndex(sheet01, n, 7, todaysDate): null

31-03-2025T12:13:58 - [TEST_STEP][PASSED] - n = n + 1: null

31-03-2025T12:13:58 - [TEST_STEP][PASSED] - saveWorkbook(excelFilePath, workbook01): null

31-03-2025T12:13:58 - [TEST_STEP][PASSED] - typeOfData = "План Отпуск в сеть": null

31-03-2025T12:13:58 - [TEST_STEP][PASSED] - fileInt = replaceAll("\s+", "").toInteger(): null

31-03-2025T12:13:58 - [TEST_STEP][PASSED] - Script1718980020443.WriteToExcelNoData(a, typeOfData, todaysDate, fileInt, fileDouble, dZO): null

31-03-2025T12:13:58 - [TEST_STEP][PASSED] - sheetName = "Sheet1": null

31-03-2025T12:13:58 - [TEST_STEP][PASSED] - data = findTestData("PlanFact"): null

31-03-2025T12:13:58 - [TEST_STEP][PASSED] - n = data.getRowNumbers() + 1: null

31-03-2025T12:13:58 - [TEST_STEP][PASSED] - day = ")).toInteger(): null

31-03-2025T12:13:58 - [TEST_STEP][PASSED] - println(day): null

31-03-2025T12:13:58 - [TEST_STEP][PASSED] - month = ")).toInteger(): null

31-03-2025T12:13:58 - [TEST_STEP][PASSED] - println(month): null

31-03-2025T12:13:58 - [TEST_STEP][PASSED] - y = <not implemented yet for class: org.codehaus.groovy.ast.expr.EmptyExpression>: null

31-03-2025T12:13:58 - [TEST_STEP][PASSED] - iy = <not implemented yet for class: org.codehaus.groovy.ast.expr.EmptyExpression>: null

31-03-2025T12:13:58 - [TEST_STEP][PASSED] - m = getText(findTestObject("Выполнение бизнес-плана/Период")): Text of object 'Object Repository/Выполнение бизнес-плана/Период' is: 'Январь 2025 года'

31-03-2025T12:13:58 - [MESSAGE][PASSED] - Text of object 'Object Repository/Выполнение бизнес-плана/Период' is: 'Январь 2025 года'

31-03-2025T12:13:58 - [TEST_STEP][PASSED] - iy = m.indexOf("20"): null

31-03-2025T12:13:58 - [TEST_STEP][PASSED] - if (iy > -1): null

31-03-2025T12:13:58 - [TEST_STEP][PASSED] - y = substring(iy, iy + 4).toInteger(): null

31-03-2025T12:13:58 - [TEST_STEP][PASSED] - println(y): null

31-03-2025T12:13:58 - [TEST_STEP][PASSED] - if (toString().length() == 4): null

31-03-2025T12:13:58 - [TEST_STEP][PASSED] - m = m.substring(0, m.indexOf(y.toString())): null

31-03-2025T12:13:58 - [TEST_STEP][PASSED] - m = m.trim(): null

31-03-2025T12:13:58 - [TEST_STEP][PASSED] - if (m == ""): null

31-03-2025T12:13:58 - [TEST_STEP][PASSED] - dashboardName = "Выполнение бизнес-плана": null

31-03-2025T12:13:58 - [TEST_STEP][PASSED] - workbook01 = getWorkbook(excelFilePath): null

31-03-2025T12:13:58 - [TEST_STEP][PASSED] - sheet01 = getExcelSheet(workbook01, sheetName): null

31-03-2025T12:13:58 - [TEST_STEP][PASSED] - setValueToCellByIndex(sheet01, n, 0, dashboardName): null

31-03-2025T12:13:58 - [TEST_STEP][PASSED] - setValueToCellByIndex(sheet01, n, 1, dZO): null

31-03-2025T12:13:58 - [TEST_STEP][PASSED] - setValueToCellByIndex(sheet01, n, 2, typeOfData): null

31-03-2025T12:13:58 - [TEST_STEP][PASSED] - if (typeOfData == "Факт в процентах" || typeOfData == "План в процентах"): null

31-03-2025T12:13:58 - [TEST_STEP][PASSED] - else: null

31-03-2025T12:13:58 - [TEST_STEP][PASSED] - setValueToCellByIndex(sheet01, n, 3, fileInt): null

31-03-2025T12:13:58 - [TEST_STEP][PASSED] - setValueToCellByIndex(sheet01, n, 4, "нет данных"): null

31-03-2025T12:13:58 - [TEST_STEP][PASSED] - setValueToCellByIndex(sheet01, n, 5, m): null

31-03-2025T12:13:58 - [TEST_STEP][PASSED] - setValueToCellByIndex(sheet01, n, 6, y): null

31-03-2025T12:13:58 - [TEST_STEP][PASSED] - setValueToCellByIndex(sheet01, n, 7, todaysDate): null

31-03-2025T12:13:58 - [TEST_STEP][PASSED] - n = n + 1: null

31-03-2025T12:13:58 - [TEST_STEP][PASSED] - saveWorkbook(excelFilePath, workbook01): null

31-03-2025T12:13:59 - [TEST_STEP][PASSED] - typeOfData = "План Потери": null

31-03-2025T12:13:59 - [TEST_STEP][PASSED] - fileInt = replaceAll("\s+", "").toInteger(): null

31-03-2025T12:13:59 - [TEST_STEP][PASSED] - Script1718980020443.WriteToExcelNoData(a, typeOfData, todaysDate, fileInt, fileDouble, dZO): null

31-03-2025T12:13:59 - [TEST_STEP][PASSED] - sheetName = "Sheet1": null

31-03-2025T12:13:59 - [TEST_STEP][PASSED] - data = findTestData("PlanFact"): null

31-03-2025T12:13:59 - [TEST_STEP][PASSED] - n = data.getRowNumbers() + 1: null

31-03-2025T12:13:59 - [TEST_STEP][PASSED] - day = ")).toInteger(): null

31-03-2025T12:13:59 - [TEST_STEP][PASSED] - println(day): null

31-03-2025T12:13:59 - [TEST_STEP][PASSED] - month = ")).toInteger(): null

31-03-2025T12:13:59 - [TEST_STEP][PASSED] - println(month): null

31-03-2025T12:13:59 - [TEST_STEP][PASSED] - y = <not implemented yet for class: org.codehaus.groovy.ast.expr.EmptyExpression>: null

31-03-2025T12:13:59 - [TEST_STEP][PASSED] - iy = <not implemented yet for class: org.codehaus.groovy.ast.expr.EmptyExpression>: null

31-03-2025T12:13:59 - [TEST_STEP][PASSED] - m = getText(findTestObject("Выполнение бизнес-плана/Период")): Text of object 'Object Repository/Выполнение бизнес-плана/Период' is: 'Январь 2025 года'

31-03-2025T12:13:59 - [MESSAGE][PASSED] - Text of object 'Object Repository/Выполнение бизнес-плана/Период' is: 'Январь 2025 года'

31-03-2025T12:13:59 - [TEST_STEP][PASSED] - iy = m.indexOf("20"): null

31-03-2025T12:13:59 - [TEST_STEP][PASSED] - if (iy > -1): null

31-03-2025T12:13:59 - [TEST_STEP][PASSED] - y = substring(iy, iy + 4).toInteger(): null

31-03-2025T12:13:59 - [TEST_STEP][PASSED] - println(y): null

31-03-2025T12:13:59 - [TEST_STEP][PASSED] - if (toString().length() == 4): null

31-03-2025T12:13:59 - [TEST_STEP][PASSED] - m = m.substring(0, m.indexOf(y.toString())): null

31-03-2025T12:13:59 - [TEST_STEP][PASSED] - m = m.trim(): null

31-03-2025T12:13:59 - [TEST_STEP][PASSED] - if (m == ""): null

31-03-2025T12:13:59 - [TEST_STEP][PASSED] - dashboardName = "Выполнение бизнес-плана": null

31-03-2025T12:13:59 - [TEST_STEP][PASSED] - workbook01 = getWorkbook(excelFilePath): null

31-03-2025T12:13:59 - [TEST_STEP][PASSED] - sheet01 = getExcelSheet(workbook01, sheetName): null

31-03-2025T12:13:59 - [TEST_STEP][PASSED] - setValueToCellByIndex(sheet01, n, 0, dashboardName): null

31-03-2025T12:13:59 - [TEST_STEP][PASSED] - setValueToCellByIndex(sheet01, n, 1, dZO): null

31-03-2025T12:13:59 - [TEST_STEP][PASSED] - setValueToCellByIndex(sheet01, n, 2, typeOfData): null

31-03-2025T12:13:59 - [TEST_STEP][PASSED] - if (typeOfData == "Факт в процентах" || typeOfData == "План в процентах"): null

31-03-2025T12:13:59 - [TEST_STEP][PASSED] - else: null

31-03-2025T12:13:59 - [TEST_STEP][PASSED] - setValueToCellByIndex(sheet01, n, 3, fileInt): null

31-03-2025T12:13:59 - [TEST_STEP][PASSED] - setValueToCellByIndex(sheet01, n, 4, "нет данных"): null

31-03-2025T12:13:59 - [TEST_STEP][PASSED] - setValueToCellByIndex(sheet01, n, 5, m): null

31-03-2025T12:13:59 - [TEST_STEP][PASSED] - setValueToCellByIndex(sheet01, n, 6, y): null

31-03-2025T12:13:59 - [TEST_STEP][PASSED] - setValueToCellByIndex(sheet01, n, 7, todaysDate): null

31-03-2025T12:13:59 - [TEST_STEP][PASSED] - n = n + 1: null

31-03-2025T12:13:59 - [TEST_STEP][PASSED] - saveWorkbook(excelFilePath, workbook01): null

31-03-2025T12:13:59 - [TEST_STEP][PASSED] - typeOfData = "План в процентах": null

31-03-2025T12:13:59 - [TEST_STEP][PASSED] - fileDouble = ").toDouble(): null

31-03-2025T12:13:59 - [TEST_STEP][PASSED] - Script1718980020443.WriteToExcelNoData(a, typeOfData, todaysDate, fileInt, fileDouble, dZO): null

31-03-2025T12:13:59 - [TEST_STEP][PASSED] - sheetName = "Sheet1": null

31-03-2025T12:13:59 - [TEST_STEP][PASSED] - data = findTestData("PlanFact"): null

31-03-2025T12:13:59 - [TEST_STEP][PASSED] - n = data.getRowNumbers() + 1: null

31-03-2025T12:13:59 - [TEST_STEP][PASSED] - day = ")).toInteger(): null

31-03-2025T12:13:59 - [TEST_STEP][PASSED] - println(day): null

31-03-2025T12:13:59 - [TEST_STEP][PASSED] - month = ")).toInteger(): null

31-03-2025T12:13:59 - [TEST_STEP][PASSED] - println(month): null

31-03-2025T12:13:59 - [TEST_STEP][PASSED] - y = <not implemented yet for class: org.codehaus.groovy.ast.expr.EmptyExpression>: null

31-03-2025T12:13:59 - [TEST_STEP][PASSED] - iy = <not implemented yet for class: org.codehaus.groovy.ast.expr.EmptyExpression>: null

31-03-2025T12:13:59 - [TEST_STEP][PASSED] - m = getText(findTestObject("Выполнение бизнес-плана/Период")): Text of object 'Object Repository/Выполнение бизнес-плана/Период' is: 'Январь 2025 года'

31-03-2025T12:14:00 - [MESSAGE][PASSED] - Text of object 'Object Repository/Выполнение бизнес-плана/Период' is: 'Январь 2025 года'

31-03-2025T12:14:00 - [TEST_STEP][PASSED] - iy = m.indexOf("20"): null

31-03-2025T12:14:00 - [TEST_STEP][PASSED] - if (iy > -1): null

31-03-2025T12:14:00 - [TEST_STEP][PASSED] - y = substring(iy, iy + 4).toInteger(): null

31-03-2025T12:14:00 - [TEST_STEP][PASSED] - println(y): null

31-03-2025T12:14:00 - [TEST_STEP][PASSED] - if (toString().length() == 4): null

31-03-2025T12:14:00 - [TEST_STEP][PASSED] - m = m.substring(0, m.indexOf(y.toString())): null

31-03-2025T12:14:00 - [TEST_STEP][PASSED] - m = m.trim(): null

31-03-2025T12:14:00 - [TEST_STEP][PASSED] - if (m == ""): null

31-03-2025T12:14:00 - [TEST_STEP][PASSED] - dashboardName = "Выполнение бизнес-плана": null

31-03-2025T12:14:00 - [TEST_STEP][PASSED] - workbook01 = getWorkbook(excelFilePath): null

31-03-2025T12:14:00 - [TEST_STEP][PASSED] - sheet01 = getExcelSheet(workbook01, sheetName): null

31-03-2025T12:14:00 - [TEST_STEP][PASSED] - setValueToCellByIndex(sheet01, n, 0, dashboardName): null

31-03-2025T12:14:00 - [TEST_STEP][PASSED] - setValueToCellByIndex(sheet01, n, 1, dZO): null

31-03-2025T12:14:00 - [TEST_STEP][PASSED] - setValueToCellByIndex(sheet01, n, 2, typeOfData): null

31-03-2025T12:14:00 - [TEST_STEP][PASSED] - if (typeOfData == "Факт в процентах" || typeOfData == "План в процентах"): null

31-03-2025T12:14:00 - [TEST_STEP][PASSED] - setValueToCellByIndex(sheet01, n, 3, fileDouble): null

31-03-2025T12:14:00 - [TEST_STEP][PASSED] - setValueToCellByIndex(sheet01, n, 4, "нет данных"): null

31-03-2025T12:14:00 - [TEST_STEP][PASSED] - setValueToCellByIndex(sheet01, n, 5, m): null

31-03-2025T12:14:00 - [TEST_STEP][PASSED] - setValueToCellByIndex(sheet01, n, 6, y): null

31-03-2025T12:14:00 - [TEST_STEP][PASSED] - setValueToCellByIndex(sheet01, n, 7, todaysDate): null

31-03-2025T12:14:00 - [TEST_STEP][PASSED] - n = n + 1: null

31-03-2025T12:14:00 - [TEST_STEP][PASSED] - saveWorkbook(excelFilePath, workbook01): null

31-03-2025T12:14:00 - [TEST_STEP][PASSED] - typeOfData = "Факт в процентах": null

31-03-2025T12:14:00 - [TEST_STEP][PASSED] - fileDouble = ").toDouble(): null

31-03-2025T12:14:00 - [TEST_STEP][PASSED] - Script1718980020443.WriteToExcelNoData(a, typeOfData, todaysDate, fileInt, fileDouble, dZO): null

31-03-2025T12:14:00 - [TEST_STEP][PASSED] - sheetName = "Sheet1": null

31-03-2025T12:14:00 - [TEST_STEP][PASSED] - data = findTestData("PlanFact"): null

31-03-2025T12:14:00 - [TEST_STEP][PASSED] - n = data.getRowNumbers() + 1: null

31-03-2025T12:14:00 - [TEST_STEP][PASSED] - day = ")).toInteger(): null

31-03-2025T12:14:00 - [TEST_STEP][PASSED] - println(day): null

31-03-2025T12:14:00 - [TEST_STEP][PASSED] - month = ")).toInteger(): null

31-03-2025T12:14:00 - [TEST_STEP][PASSED] - println(month): null

31-03-2025T12:14:00 - [TEST_STEP][PASSED] - y = <not implemented yet for class: org.codehaus.groovy.ast.expr.EmptyExpression>: null

31-03-2025T12:14:00 - [TEST_STEP][PASSED] - iy = <not implemented yet for class: org.codehaus.groovy.ast.expr.EmptyExpression>: null

31-03-2025T12:14:00 - [TEST_STEP][PASSED] - m = getText(findTestObject("Выполнение бизнес-плана/Период")): Text of object 'Object Repository/Выполнение бизнес-плана/Период' is: 'Январь 2025 года'

31-03-2025T12:14:01 - [MESSAGE][PASSED] - Text of object 'Object Repository/Выполнение бизнес-плана/Период' is: 'Январь 2025 года'

31-03-2025T12:14:01 - [TEST_STEP][PASSED] - iy = m.indexOf("20"): null

31-03-2025T12:14:01 - [TEST_STEP][PASSED] - if (iy > -1): null

31-03-2025T12:14:01 - [TEST_STEP][PASSED] - y = substring(iy, iy + 4).toInteger(): null

31-03-2025T12:14:01 - [TEST_STEP][PASSED] - println(y): null

31-03-2025T12:14:01 - [TEST_STEP][PASSED] - if (toString().length() == 4): null

31-03-2025T12:14:01 - [TEST_STEP][PASSED] - m = m.substring(0, m.indexOf(y.toString())): null

31-03-2025T12:14:01 - [TEST_STEP][PASSED] - m = m.trim(): null

31-03-2025T12:14:01 - [TEST_STEP][PASSED] - if (m == ""): null

31-03-2025T12:14:01 - [TEST_STEP][PASSED] - dashboardName = "Выполнение бизнес-плана": null

31-03-2025T12:14:01 - [TEST_STEP][PASSED] - workbook01 = getWorkbook(excelFilePath): null

31-03-2025T12:14:01 - [TEST_STEP][PASSED] - sheet01 = getExcelSheet(workbook01, sheetName): null

31-03-2025T12:14:01 - [TEST_STEP][PASSED] - setValueToCellByIndex(sheet01, n, 0, dashboardName): null

31-03-2025T12:14:01 - [TEST_STEP][PASSED] - setValueToCellByIndex(sheet01, n, 1, dZO): null

31-03-2025T12:14:01 - [TEST_STEP][PASSED] - setValueToCellByIndex(sheet01, n, 2, typeOfData): null

31-03-2025T12:14:01 - [TEST_STEP][PASSED] - if (typeOfData == "Факт в процентах" || typeOfData == "План в процентах"): null

31-03-2025T12:14:01 - [TEST_STEP][PASSED] - setValueToCellByIndex(sheet01, n, 3, fileDouble): null

31-03-2025T12:14:01 - [TEST_STEP][PASSED] - setValueToCellByIndex(sheet01, n, 4, "нет данных"): null

31-03-2025T12:14:01 - [TEST_STEP][PASSED] - setValueToCellByIndex(sheet01, n, 5, m): null

31-03-2025T12:14:01 - [TEST_STEP][PASSED] - setValueToCellByIndex(sheet01, n, 6, y): null

31-03-2025T12:14:01 - [TEST_STEP][PASSED] - setValueToCellByIndex(sheet01, n, 7, todaysDate): null

31-03-2025T12:14:01 - [TEST_STEP][PASSED] - n = n + 1: null

31-03-2025T12:14:01 - [TEST_STEP][PASSED] - saveWorkbook(excelFilePath, workbook01): null

31-03-2025T12:14:01 - [TEST_STEP][PASSED] - println(dzoNum): null

31-03-2025T12:14:01 - [TEST_STEP][PASSED] - dZO = "АО «Чеченэнерго»": null

31-03-2025T12:14:01 - [TEST_STEP][PASSED] - a = 72: null

31-03-2025T12:14:01 - [TEST_STEP][PASSED] - if (x1.contains("Чеченэнерго")): null

31-03-2025T12:14:01 - [TEST_STEP][PASSED] - else: null

31-03-2025T12:14:01 - [TEST_STEP][PASSED] - Script1718980020443.NoData(a, typeOfData, todaysDate, fileInt, fileDouble, dZO): null

31-03-2025T12:14:01 - [TEST_STEP][PASSED] - println(a): null

31-03-2025T12:14:01 - [TEST_STEP][PASSED] - println(todaysDate): null

31-03-2025T12:14:01 - [TEST_STEP][PASSED] - println(fileInt): null

31-03-2025T12:14:01 - [TEST_STEP][PASSED] - println(fileDouble): null

31-03-2025T12:14:01 - [TEST_STEP][PASSED] - println(dZO): null

31-03-2025T12:14:01 - [TEST_STEP][PASSED] - typeOfData = "Факт Отпуск в сеть": null

31-03-2025T12:14:01 - [TEST_STEP][PASSED] - fileInt = replaceAll("\s+", "").toInteger(): null

31-03-2025T12:14:01 - [TEST_STEP][PASSED] - Script1718980020443.WriteToExcelNoData(a, typeOfData, todaysDate, fileInt, fileDouble, dZO): null

31-03-2025T12:14:01 - [TEST_STEP][PASSED] - sheetName = "Sheet1": null

31-03-2025T12:14:01 - [TEST_STEP][PASSED] - data = findTestData("PlanFact"): null

31-03-2025T12:14:01 - [TEST_STEP][PASSED] - n = data.getRowNumbers() + 1: null

31-03-2025T12:14:01 - [TEST_STEP][PASSED] - day = ")).toInteger(): null

31-03-2025T12:14:01 - [TEST_STEP][PASSED] - println(day): null

31-03-2025T12:14:01 - [TEST_STEP][PASSED] - month = ")).toInteger(): null

31-03-2025T12:14:01 - [TEST_STEP][PASSED] - println(month): null

31-03-2025T12:14:01 - [TEST_STEP][PASSED] - y = <not implemented yet for class: org.codehaus.groovy.ast.expr.EmptyExpression>: null

31-03-2025T12:14:01 - [TEST_STEP][PASSED] - iy = <not implemented yet for class: org.codehaus.groovy.ast.expr.EmptyExpression>: null

31-03-2025T12:14:01 - [TEST_STEP][PASSED] - m = getText(findTestObject("Выполнение бизнес-плана/Период")): Text of object 'Object Repository/Выполнение бизнес-плана/Период' is: 'Январь 2025 года'

31-03-2025T12:14:01 - [MESSAGE][PASSED] - Text of object 'Object Repository/Выполнение бизнес-плана/Период' is: 'Январь 2025 года'

31-03-2025T12:14:01 - [TEST_STEP][PASSED] - iy = m.indexOf("20"): null

31-03-2025T12:14:01 - [TEST_STEP][PASSED] - if (iy > -1): null

31-03-2025T12:14:01 - [TEST_STEP][PASSED] - y = substring(iy, iy + 4).toInteger(): null

31-03-2025T12:14:01 - [TEST_STEP][PASSED] - println(y): null

31-03-2025T12:14:01 - [TEST_STEP][PASSED] - if (toString().length() == 4): null

31-03-2025T12:14:01 - [TEST_STEP][PASSED] - m = m.substring(0, m.indexOf(y.toString())): null

31-03-2025T12:14:01 - [TEST_STEP][PASSED] - m = m.trim(): null

31-03-2025T12:14:01 - [TEST_STEP][PASSED] - if (m == ""): null

31-03-2025T12:14:01 - [TEST_STEP][PASSED] - dashboardName = "Выполнение бизнес-плана": null

31-03-2025T12:14:01 - [TEST_STEP][PASSED] - workbook01 = getWorkbook(excelFilePath): null

31-03-2025T12:14:01 - [TEST_STEP][PASSED] - sheet01 = getExcelSheet(workbook01, sheetName): null

31-03-2025T12:14:01 - [TEST_STEP][PASSED] - setValueToCellByIndex(sheet01, n, 0, dashboardName): null

31-03-2025T12:14:01 - [TEST_STEP][PASSED] - setValueToCellByIndex(sheet01, n, 1, dZO): null

31-03-2025T12:14:01 - [TEST_STEP][PASSED] - setValueToCellByIndex(sheet01, n, 2, typeOfData): null

31-03-2025T12:14:01 - [TEST_STEP][PASSED] - if (typeOfData == "Факт в процентах" || typeOfData == "План в процентах"): null

31-03-2025T12:14:01 - [TEST_STEP][PASSED] - else: null

31-03-2025T12:14:01 - [TEST_STEP][PASSED] - setValueToCellByIndex(sheet01, n, 3, fileInt): null

31-03-2025T12:14:01 - [TEST_STEP][PASSED] - setValueToCellByIndex(sheet01, n, 4, "нет данных"): null

31-03-2025T12:14:01 - [TEST_STEP][PASSED] - setValueToCellByIndex(sheet01, n, 5, m): null

31-03-2025T12:14:01 - [TEST_STEP][PASSED] - setValueToCellByIndex(sheet01, n, 6, y): null

31-03-2025T12:14:01 - [TEST_STEP][PASSED] - setValueToCellByIndex(sheet01, n, 7, todaysDate): null

31-03-2025T12:14:01 - [TEST_STEP][PASSED] - n = n + 1: null

31-03-2025T12:14:01 - [TEST_STEP][PASSED] - saveWorkbook(excelFilePath, workbook01): null

31-03-2025T12:14:02 - [TEST_STEP][PASSED] - typeOfData = "Факт Потери": null

31-03-2025T12:14:02 - [TEST_STEP][PASSED] - fileInt = replaceAll("\s+", "").toInteger(): null

31-03-2025T12:14:02 - [TEST_STEP][PASSED] - Script1718980020443.WriteToExcelNoData(a, typeOfData, todaysDate, fileInt, fileDouble, dZO): null

31-03-2025T12:14:02 - [TEST_STEP][PASSED] - sheetName = "Sheet1": null

31-03-2025T12:14:02 - [TEST_STEP][PASSED] - data = findTestData("PlanFact"): null

31-03-2025T12:14:02 - [TEST_STEP][PASSED] - n = data.getRowNumbers() + 1: null

31-03-2025T12:14:02 - [TEST_STEP][PASSED] - day = ")).toInteger(): null

31-03-2025T12:14:02 - [TEST_STEP][PASSED] - println(day): null

31-03-2025T12:14:02 - [TEST_STEP][PASSED] - month = ")).toInteger(): null

31-03-2025T12:14:02 - [TEST_STEP][PASSED] - println(month): null

31-03-2025T12:14:02 - [TEST_STEP][PASSED] - y = <not implemented yet for class: org.codehaus.groovy.ast.expr.EmptyExpression>: null

31-03-2025T12:14:02 - [TEST_STEP][PASSED] - iy = <not implemented yet for class: org.codehaus.groovy.ast.expr.EmptyExpression>: null

31-03-2025T12:14:02 - [TEST_STEP][PASSED] - m = getText(findTestObject("Выполнение бизнес-плана/Период")): Text of object 'Object Repository/Выполнение бизнес-плана/Период' is: 'Январь 2025 года'

31-03-2025T12:14:02 - [MESSAGE][PASSED] - Text of object 'Object Repository/Выполнение бизнес-плана/Период' is: 'Январь 2025 года'

31-03-2025T12:14:02 - [TEST_STEP][PASSED] - iy = m.indexOf("20"): null

31-03-2025T12:14:02 - [TEST_STEP][PASSED] - if (iy > -1): null

31-03-2025T12:14:02 - [TEST_STEP][PASSED] - y = substring(iy, iy + 4).toInteger(): null

31-03-2025T12:14:02 - [TEST_STEP][PASSED] - println(y): null

31-03-2025T12:14:02 - [TEST_STEP][PASSED] - if (toString().length() == 4): null

31-03-2025T12:14:02 - [TEST_STEP][PASSED] - m = m.substring(0, m.indexOf(y.toString())): null

31-03-2025T12:14:02 - [TEST_STEP][PASSED] - m = m.trim(): null

31-03-2025T12:14:02 - [TEST_STEP][PASSED] - if (m == ""): null

31-03-2025T12:14:02 - [TEST_STEP][PASSED] - dashboardName = "Выполнение бизнес-плана": null

31-03-2025T12:14:02 - [TEST_STEP][PASSED] - workbook01 = getWorkbook(excelFilePath): null

31-03-2025T12:14:02 - [TEST_STEP][PASSED] - sheet01 = getExcelSheet(workbook01, sheetName): null

31-03-2025T12:14:02 - [TEST_STEP][PASSED] - setValueToCellByIndex(sheet01, n, 0, dashboardName): null

31-03-2025T12:14:02 - [TEST_STEP][PASSED] - setValueToCellByIndex(sheet01, n, 1, dZO): null

31-03-2025T12:14:02 - [TEST_STEP][PASSED] - setValueToCellByIndex(sheet01, n, 2, typeOfData): null

31-03-2025T12:14:02 - [TEST_STEP][PASSED] - if (typeOfData == "Факт в процентах" || typeOfData == "План в процентах"): null

31-03-2025T12:14:02 - [TEST_STEP][PASSED] - else: null

31-03-2025T12:14:02 - [TEST_STEP][PASSED] - setValueToCellByIndex(sheet01, n, 3, fileInt): null

31-03-2025T12:14:02 - [TEST_STEP][PASSED] - setValueToCellByIndex(sheet01, n, 4, "нет данных"): null

31-03-2025T12:14:02 - [TEST_STEP][PASSED] - setValueToCellByIndex(sheet01, n, 5, m): null

31-03-2025T12:14:02 - [TEST_STEP][PASSED] - setValueToCellByIndex(sheet01, n, 6, y): null

31-03-2025T12:14:02 - [TEST_STEP][PASSED] - setValueToCellByIndex(sheet01, n, 7, todaysDate): null

31-03-2025T12:14:02 - [TEST_STEP][PASSED] - n = n + 1: null

31-03-2025T12:14:02 - [TEST_STEP][PASSED] - saveWorkbook(excelFilePath, workbook01): null

31-03-2025T12:14:02 - [TEST_STEP][PASSED] - typeOfData = "План Отпуск в сеть": null

31-03-2025T12:14:02 - [TEST_STEP][PASSED] - fileInt = replaceAll("\s+", "").toInteger(): null

31-03-2025T12:14:02 - [TEST_STEP][PASSED] - Script1718980020443.WriteToExcelNoData(a, typeOfData, todaysDate, fileInt, fileDouble, dZO): null

31-03-2025T12:14:02 - [TEST_STEP][PASSED] - sheetName = "Sheet1": null

31-03-2025T12:14:02 - [TEST_STEP][PASSED] - data = findTestData("PlanFact"): null

31-03-2025T12:14:02 - [TEST_STEP][PASSED] - n = data.getRowNumbers() + 1: null

31-03-2025T12:14:02 - [TEST_STEP][PASSED] - day = ")).toInteger(): null

31-03-2025T12:14:02 - [TEST_STEP][PASSED] - println(day): null

31-03-2025T12:14:02 - [TEST_STEP][PASSED] - month = ")).toInteger(): null

31-03-2025T12:14:02 - [TEST_STEP][PASSED] - println(month): null

31-03-2025T12:14:02 - [TEST_STEP][PASSED] - y = <not implemented yet for class: org.codehaus.groovy.ast.expr.EmptyExpression>: null

31-03-2025T12:14:02 - [TEST_STEP][PASSED] - iy = <not implemented yet for class: org.codehaus.groovy.ast.expr.EmptyExpression>: null

31-03-2025T12:14:02 - [TEST_STEP][PASSED] - m = getText(findTestObject("Выполнение бизнес-плана/Период")): Text of object 'Object Repository/Выполнение бизнес-плана/Период' is: 'Январь 2025 года'

31-03-2025T12:14:03 - [MESSAGE][PASSED] - Text of object 'Object Repository/Выполнение бизнес-плана/Период' is: 'Январь 2025 года'

31-03-2025T12:14:03 - [TEST_STEP][PASSED] - iy = m.indexOf("20"): null

31-03-2025T12:14:03 - [TEST_STEP][PASSED] - if (iy > -1): null

31-03-2025T12:14:03 - [TEST_STEP][PASSED] - y = substring(iy, iy + 4).toInteger(): null

31-03-2025T12:14:03 - [TEST_STEP][PASSED] - println(y): null

31-03-2025T12:14:03 - [TEST_STEP][PASSED] - if (toString().length() == 4): null

31-03-2025T12:14:03 - [TEST_STEP][PASSED] - m = m.substring(0, m.indexOf(y.toString())): null

31-03-2025T12:14:03 - [TEST_STEP][PASSED] - m = m.trim(): null

31-03-2025T12:14:03 - [TEST_STEP][PASSED] - if (m == ""): null

31-03-2025T12:14:03 - [TEST_STEP][PASSED] - dashboardName = "Выполнение бизнес-плана": null

31-03-2025T12:14:03 - [TEST_STEP][PASSED] - workbook01 = getWorkbook(excelFilePath): null

31-03-2025T12:14:03 - [TEST_STEP][PASSED] - sheet01 = getExcelSheet(workbook01, sheetName): null

31-03-2025T12:14:03 - [TEST_STEP][PASSED] - setValueToCellByIndex(sheet01, n, 0, dashboardName): null

31-03-2025T12:14:03 - [TEST_STEP][PASSED] - setValueToCellByIndex(sheet01, n, 1, dZO): null

31-03-2025T12:14:03 - [TEST_STEP][PASSED] - setValueToCellByIndex(sheet01, n, 2, typeOfData): null

31-03-2025T12:14:03 - [TEST_STEP][PASSED] - if (typeOfData == "Факт в процентах" || typeOfData == "План в процентах"): null

31-03-2025T12:14:03 - [TEST_STEP][PASSED] - else: null

31-03-2025T12:14:03 - [TEST_STEP][PASSED] - setValueToCellByIndex(sheet01, n, 3, fileInt): null

31-03-2025T12:14:03 - [TEST_STEP][PASSED] - setValueToCellByIndex(sheet01, n, 4, "нет данных"): null

31-03-2025T12:14:03 - [TEST_STEP][PASSED] - setValueToCellByIndex(sheet01, n, 5, m): null

31-03-2025T12:14:03 - [TEST_STEP][PASSED] - setValueToCellByIndex(sheet01, n, 6, y): null

31-03-2025T12:14:03 - [TEST_STEP][PASSED] - setValueToCellByIndex(sheet01, n, 7, todaysDate): null

31-03-2025T12:14:03 - [TEST_STEP][PASSED] - n = n + 1: null

31-03-2025T12:14:03 - [TEST_STEP][PASSED] - saveWorkbook(excelFilePath, workbook01): null

31-03-2025T12:14:03 - [TEST_STEP][PASSED] - typeOfData = "План Потери": null

31-03-2025T12:14:03 - [TEST_STEP][PASSED] - fileInt = replaceAll("\s+", "").toInteger(): null

31-03-2025T12:14:03 - [TEST_STEP][PASSED] - Script1718980020443.WriteToExcelNoData(a, typeOfData, todaysDate, fileInt, fileDouble, dZO): null

31-03-2025T12:14:03 - [TEST_STEP][PASSED] - sheetName = "Sheet1": null

31-03-2025T12:14:03 - [TEST_STEP][PASSED] - data = findTestData("PlanFact"): null

31-03-2025T12:14:03 - [TEST_STEP][PASSED] - n = data.getRowNumbers() + 1: null

31-03-2025T12:14:03 - [TEST_STEP][PASSED] - day = ")).toInteger(): null

31-03-2025T12:14:03 - [TEST_STEP][PASSED] - println(day): null

31-03-2025T12:14:03 - [TEST_STEP][PASSED] - month = ")).toInteger(): null

31-03-2025T12:14:03 - [TEST_STEP][PASSED] - println(month): null

31-03-2025T12:14:03 - [TEST_STEP][PASSED] - y = <not implemented yet for class: org.codehaus.groovy.ast.expr.EmptyExpression>: null

31-03-2025T12:14:03 - [TEST_STEP][PASSED] - iy = <not implemented yet for class: org.codehaus.groovy.ast.expr.EmptyExpression>: null

31-03-2025T12:14:03 - [TEST_STEP][PASSED] - m = getText(findTestObject("Выполнение бизнес-плана/Период")): Text of object 'Object Repository/Выполнение бизнес-плана/Период' is: 'Январь 2025 года'

31-03-2025T12:14:03 - [MESSAGE][PASSED] - Text of object 'Object Repository/Выполнение бизнес-плана/Период' is: 'Январь 2025 года'

31-03-2025T12:14:03 - [TEST_STEP][PASSED] - iy = m.indexOf("20"): null

31-03-2025T12:14:03 - [TEST_STEP][PASSED] - if (iy > -1): null

31-03-2025T12:14:03 - [TEST_STEP][PASSED] - y = substring(iy, iy + 4).toInteger(): null

31-03-2025T12:14:03 - [TEST_STEP][PASSED] - println(y): null

31-03-2025T12:14:03 - [TEST_STEP][PASSED] - if (toString().length() == 4): null

31-03-2025T12:14:03 - [TEST_STEP][PASSED] - m = m.substring(0, m.indexOf(y.toString())): null

31-03-2025T12:14:03 - [TEST_STEP][PASSED] - m = m.trim(): null

31-03-2025T12:14:03 - [TEST_STEP][PASSED] - if (m == ""): null

31-03-2025T12:14:03 - [TEST_STEP][PASSED] - dashboardName = "Выполнение бизнес-плана": null

31-03-2025T12:14:03 - [TEST_STEP][PASSED] - workbook01 = getWorkbook(excelFilePath): null

31-03-2025T12:14:03 - [TEST_STEP][PASSED] - sheet01 = getExcelSheet(workbook01, sheetName): null

31-03-2025T12:14:03 - [TEST_STEP][PASSED] - setValueToCellByIndex(sheet01, n, 0, dashboardName): null

31-03-2025T12:14:03 - [TEST_STEP][PASSED] - setValueToCellByIndex(sheet01, n, 1, dZO): null

31-03-2025T12:14:03 - [TEST_STEP][PASSED] - setValueToCellByIndex(sheet01, n, 2, typeOfData): null

31-03-2025T12:14:03 - [TEST_STEP][PASSED] - if (typeOfData == "Факт в процентах" || typeOfData == "План в процентах"): null

31-03-2025T12:14:03 - [TEST_STEP][PASSED] - else: null

31-03-2025T12:14:03 - [TEST_STEP][PASSED] - setValueToCellByIndex(sheet01, n, 3, fileInt): null

31-03-2025T12:14:03 - [TEST_STEP][PASSED] - setValueToCellByIndex(sheet01, n, 4, "нет данных"): null

31-03-2025T12:14:03 - [TEST_STEP][PASSED] - setValueToCellByIndex(sheet01, n, 5, m): null

31-03-2025T12:14:03 - [TEST_STEP][PASSED] - setValueToCellByIndex(sheet01, n, 6, y): null

31-03-2025T12:14:03 - [TEST_STEP][PASSED] - setValueToCellByIndex(sheet01, n, 7, todaysDate): null

31-03-2025T12:14:03 - [TEST_STEP][PASSED] - n = n + 1: null

31-03-2025T12:14:03 - [TEST_STEP][PASSED] - saveWorkbook(excelFilePath, workbook01): null

31-03-2025T12:14:04 - [TEST_STEP][PASSED] - typeOfData = "План в процентах": null

31-03-2025T12:14:04 - [TEST_STEP][PASSED] - fileDouble = ").toDouble(): null

31-03-2025T12:14:04 - [TEST_STEP][PASSED] - Script1718980020443.WriteToExcelNoData(a, typeOfData, todaysDate, fileInt, fileDouble, dZO): null

31-03-2025T12:14:04 - [TEST_STEP][PASSED] - sheetName = "Sheet1": null

31-03-2025T12:14:04 - [TEST_STEP][PASSED] - data = findTestData("PlanFact"): null

31-03-2025T12:14:04 - [TEST_STEP][PASSED] - n = data.getRowNumbers() + 1: null

31-03-2025T12:14:04 - [TEST_STEP][PASSED] - day = ")).toInteger(): null

31-03-2025T12:14:04 - [TEST_STEP][PASSED] - println(day): null

31-03-2025T12:14:04 - [TEST_STEP][PASSED] - month = ")).toInteger(): null

31-03-2025T12:14:04 - [TEST_STEP][PASSED] - println(month): null

31-03-2025T12:14:04 - [TEST_STEP][PASSED] - y = <not implemented yet for class: org.codehaus.groovy.ast.expr.EmptyExpression>: null

31-03-2025T12:14:04 - [TEST_STEP][PASSED] - iy = <not implemented yet for class: org.codehaus.groovy.ast.expr.EmptyExpression>: null

31-03-2025T12:14:04 - [TEST_STEP][PASSED] - m = getText(findTestObject("Выполнение бизнес-плана/Период")): Text of object 'Object Repository/Выполнение бизнес-плана/Период' is: 'Январь 2025 года'

31-03-2025T12:14:04 - [MESSAGE][PASSED] - Text of object 'Object Repository/Выполнение бизнес-плана/Период' is: 'Январь 2025 года'

31-03-2025T12:14:04 - [TEST_STEP][PASSED] - iy = m.indexOf("20"): null

31-03-2025T12:14:04 - [TEST_STEP][PASSED] - if (iy > -1): null

31-03-2025T12:14:04 - [TEST_STEP][PASSED] - y = substring(iy, iy + 4).toInteger(): null

31-03-2025T12:14:04 - [TEST_STEP][PASSED] - println(y): null

31-03-2025T12:14:04 - [TEST_STEP][PASSED] - if (toString().length() == 4): null

31-03-2025T12:14:04 - [TEST_STEP][PASSED] - m = m.substring(0, m.indexOf(y.toString())): null

31-03-2025T12:14:04 - [TEST_STEP][PASSED] - m = m.trim(): null

31-03-2025T12:14:04 - [TEST_STEP][PASSED] - if (m == ""): null

31-03-2025T12:14:04 - [TEST_STEP][PASSED] - dashboardName = "Выполнение бизнес-плана": null

31-03-2025T12:14:04 - [TEST_STEP][PASSED] - workbook01 = getWorkbook(excelFilePath): null

31-03-2025T12:14:04 - [TEST_STEP][PASSED] - sheet01 = getExcelSheet(workbook01, sheetName): null

31-03-2025T12:14:04 - [TEST_STEP][PASSED] - setValueToCellByIndex(sheet01, n, 0, dashboardName): null

31-03-2025T12:14:04 - [TEST_STEP][PASSED] - setValueToCellByIndex(sheet01, n, 1, dZO): null

31-03-2025T12:14:04 - [TEST_STEP][PASSED] - setValueToCellByIndex(sheet01, n, 2, typeOfData): null

31-03-2025T12:14:04 - [TEST_STEP][PASSED] - if (typeOfData == "Факт в процентах" || typeOfData == "План в процентах"): null

31-03-2025T12:14:04 - [TEST_STEP][PASSED] - setValueToCellByIndex(sheet01, n, 3, fileDouble): null

31-03-2025T12:14:04 - [TEST_STEP][PASSED] - setValueToCellByIndex(sheet01, n, 4, "нет данных"): null

31-03-2025T12:14:04 - [TEST_STEP][PASSED] - setValueToCellByIndex(sheet01, n, 5, m): null

31-03-2025T12:14:04 - [TEST_STEP][PASSED] - setValueToCellByIndex(sheet01, n, 6, y): null

31-03-2025T12:14:04 - [TEST_STEP][PASSED] - setValueToCellByIndex(sheet01, n, 7, todaysDate): null

31-03-2025T12:14:04 - [TEST_STEP][PASSED] - n = n + 1: null

31-03-2025T12:14:04 - [TEST_STEP][PASSED] - saveWorkbook(excelFilePath, workbook01): null

31-03-2025T12:14:04 - [TEST_STEP][PASSED] - typeOfData = "Факт в процентах": null

31-03-2025T12:14:04 - [TEST_STEP][PASSED] - fileDouble = ").toDouble(): null

31-03-2025T12:14:04 - [TEST_STEP][PASSED] - Script1718980020443.WriteToExcelNoData(a, typeOfData, todaysDate, fileInt, fileDouble, dZO): null

31-03-2025T12:14:04 - [TEST_STEP][PASSED] - sheetName = "Sheet1": null

31-03-2025T12:14:04 - [TEST_STEP][PASSED] - data = findTestData("PlanFact"): null

31-03-2025T12:14:04 - [TEST_STEP][PASSED] - n = data.getRowNumbers() + 1: null

31-03-2025T12:14:04 - [TEST_STEP][PASSED] - day = ")).toInteger(): null

31-03-2025T12:14:04 - [TEST_STEP][PASSED] - println(day): null

31-03-2025T12:14:04 - [TEST_STEP][PASSED] - month = ")).toInteger(): null

31-03-2025T12:14:04 - [TEST_STEP][PASSED] - println(month): null

31-03-2025T12:14:04 - [TEST_STEP][PASSED] - y = <not implemented yet for class: org.codehaus.groovy.ast.expr.EmptyExpression>: null

31-03-2025T12:14:04 - [TEST_STEP][PASSED] - iy = <not implemented yet for class: org.codehaus.groovy.ast.expr.EmptyExpression>: null

31-03-2025T12:14:04 - [TEST_STEP][PASSED] - m = getText(findTestObject("Выполнение бизнес-плана/Период")): Text of object 'Object Repository/Выполнение бизнес-плана/Период' is: 'Январь 2025 года'

31-03-2025T12:14:05 - [MESSAGE][PASSED] - Text of object 'Object Repository/Выполнение бизнес-плана/Период' is: 'Январь 2025 года'

31-03-2025T12:14:05 - [TEST_STEP][PASSED] - iy = m.indexOf("20"): null

31-03-2025T12:14:05 - [TEST_STEP][PASSED] - if (iy > -1): null

31-03-2025T12:14:05 - [TEST_STEP][PASSED] - y = substring(iy, iy + 4).toInteger(): null

31-03-2025T12:14:05 - [TEST_STEP][PASSED] - println(y): null

31-03-2025T12:14:05 - [TEST_STEP][PASSED] - if (toString().length() == 4): null

31-03-2025T12:14:05 - [TEST_STEP][PASSED] - m = m.substring(0, m.indexOf(y.toString())): null

31-03-2025T12:14:05 - [TEST_STEP][PASSED] - m = m.trim(): null

31-03-2025T12:14:05 - [TEST_STEP][PASSED] - if (m == ""): null

31-03-2025T12:14:05 - [TEST_STEP][PASSED] - dashboardName = "Выполнение бизнес-плана": null

31-03-2025T12:14:05 - [TEST_STEP][PASSED] - workbook01 = getWorkbook(excelFilePath): null

31-03-2025T12:14:05 - [TEST_STEP][PASSED] - sheet01 = getExcelSheet(workbook01, sheetName): null

31-03-2025T12:14:05 - [TEST_STEP][PASSED] - setValueToCellByIndex(sheet01, n, 0, dashboardName): null

31-03-2025T12:14:05 - [TEST_STEP][PASSED] - setValueToCellByIndex(sheet01, n, 1, dZO): null

31-03-2025T12:14:05 - [TEST_STEP][PASSED] - setValueToCellByIndex(sheet01, n, 2, typeOfData): null

31-03-2025T12:14:05 - [TEST_STEP][PASSED] - if (typeOfData == "Факт в процентах" || typeOfData == "План в процентах"): null

31-03-2025T12:14:05 - [TEST_STEP][PASSED] - setValueToCellByIndex(sheet01, n, 3, fileDouble): null

31-03-2025T12:14:05 - [TEST_STEP][PASSED] - setValueToCellByIndex(sheet01, n, 4, "нет данных"): null

31-03-2025T12:14:05 - [TEST_STEP][PASSED] - setValueToCellByIndex(sheet01, n, 5, m): null

31-03-2025T12:14:05 - [TEST_STEP][PASSED] - setValueToCellByIndex(sheet01, n, 6, y): null

31-03-2025T12:14:05 - [TEST_STEP][PASSED] - setValueToCellByIndex(sheet01, n, 7, todaysDate): null

31-03-2025T12:14:05 - [TEST_STEP][PASSED] - n = n + 1: null

31-03-2025T12:14:05 - [TEST_STEP][PASSED] - saveWorkbook(excelFilePath, workbook01): null

31-03-2025T12:14:05 - [TEST_STEP][PASSED] - println(dzoNum): null

31-03-2025T12:14:05 - [TEST_STEP][PASSED] - a = 28: null

31-03-2025T12:14:05 - [TEST_STEP][PASSED] - dZO = "Россети Волга": null

31-03-2025T12:14:05 - [TEST_STEP][PASSED] - if (x1.contains("Волга")): null

31-03-2025T12:14:05 - [TEST_STEP][PASSED] - dzoNum = dzoNum + 1: null

31-03-2025T12:14:05 - [TEST_STEP][PASSED] - Script1718980020443.Numbers(a, typeOfData, todaysDate, pageInt, fileInt, pageDouble, fileDouble, dZO, dzoNum, filialNum): null

31-03-2025T12:14:05 - [TEST_STEP][PASSED] - println(dzoNum): null

31-03-2025T12:14:05 - [TEST_STEP][PASSED] - planFact = <not implemented yet for class: org.codehaus.groovy.ast.expr.EmptyExpression>: null

31-03-2025T12:14:05 - [TEST_STEP][PASSED] - page = <not implemented yet for class: org.codehaus.groovy.ast.expr.EmptyExpression>: null

31-03-2025T12:14:05 - [TEST_STEP][PASSED] - page1 = <not implemented yet for class: org.codehaus.groovy.ast.expr.EmptyExpression>: null

31-03-2025T12:14:05 - [TEST_STEP][PASSED] - page2 = <not implemented yet for class: org.codehaus.groovy.ast.expr.EmptyExpression>: null

31-03-2025T12:14:05 - [TEST_STEP][PASSED] - filialNumberInRow = <not implemented yet for class: org.codehaus.groovy.ast.expr.EmptyExpression>: null

31-03-2025T12:14:05 - [TEST_STEP][PASSED] - filialsDzoNames = <not implemented yet for class: org.codehaus.groovy.ast.expr.EmptyExpression>: null

31-03-2025T12:14:05 - [TEST_STEP][PASSED] - numberOfFilials = <not implemented yet for class: org.codehaus.groovy.ast.expr.EmptyExpression>: null

31-03-2025T12:14:05 - [TEST_STEP][PASSED] - numberOfSpaces = <not implemented yet for class: org.codehaus.groovy.ast.expr.EmptyExpression>: null

31-03-2025T12:14:05 - [TEST_STEP][PASSED] - file = <not implemented yet for class: org.codehaus.groovy.ast.expr.EmptyExpression>: null

31-03-2025T12:14:05 - [TEST_STEP][PASSED] - otpusk = <not implemented yet for class: org.codehaus.groovy.ast.expr.EmptyExpression>: null

31-03-2025T12:14:05 - [TEST_STEP][PASSED] - poteri = <not implemented yet for class: org.codehaus.groovy.ast.expr.EmptyExpression>: null

31-03-2025T12:14:05 - [TEST_STEP][PASSED] - dataFolder = "Выполнение бизнес-плана/Значения со страницы Выполнение бизнес-плана/": null

31-03-2025T12:14:05 - [TEST_STEP][PASSED] - path = <not implemented yet for class: org.codehaus.groovy.ast.expr.EmptyExpression>: null

31-03-2025T12:14:05 - [TEST_STEP][PASSED] - typeOfDataMain = <not implemented yet for class: org.codehaus.groovy.ast.expr.EmptyExpression>: null

31-03-2025T12:14:05 - [TEST_STEP][PASSED] - fileOtpuskVSet = <not implemented yet for class: org.codehaus.groovy.ast.expr.EmptyExpression>: null

31-03-2025T12:14:05 - [TEST_STEP][PASSED] - pageOtpuskVSet = <not implemented yet for class: org.codehaus.groovy.ast.expr.EmptyExpression>: null

31-03-2025T12:14:05 - [TEST_STEP][PASSED] - filePoteri = <not implemented yet for class: org.codehaus.groovy.ast.expr.EmptyExpression>: null

31-03-2025T12:14:05 - [TEST_STEP][PASSED] - pagePoteri = <not implemented yet for class: org.codehaus.groovy.ast.expr.EmptyExpression>: null

31-03-2025T12:14:05 - [TEST_STEP][PASSED] - compare = <not implemented yet for class: org.codehaus.groovy.ast.expr.EmptyExpression>: null

31-03-2025T12:14:05 - [TEST_STEP][PASSED] - b = <not implemented yet for class: org.codehaus.groovy.ast.expr.EmptyExpression>: null

31-03-2025T12:14:05 - [TEST_STEP][PASSED] - i = <not implemented yet for class: org.codehaus.groovy.ast.expr.EmptyExpression>: null

31-03-2025T12:14:05 - [TEST_STEP][PASSED] - ii = <not implemented yet for class: org.codehaus.groovy.ast.expr.EmptyExpression>: null

31-03-2025T12:14:05 - [TEST_STEP][PASSED] - c = <not implemented yet for class: org.codehaus.groovy.ast.expr.EmptyExpression>: null

31-03-2025T12:14:05 - [TEST_STEP][PASSED] - numberOfErrors = 0: null

31-03-2025T12:14:05 - [TEST_STEP][PASSED] - if (a == 82): null

31-03-2025T12:14:05 - [TEST_STEP][PASSED] - b = findTestData("PlanFact").getValue(1, a): null

31-03-2025T12:14:05 - [TEST_STEP][PASSED] - i = b.indexOf(" (ГК)"): null

31-03-2025T12:14:05 - [TEST_STEP][PASSED] - if (i > -1): null

31-03-2025T12:14:05 - [TEST_STEP][PASSED] - b = b.substring(0, i): null

31-03-2025T12:14:05 - [TEST_STEP][PASSED] - i = b.indexOf("О ""): null

31-03-2025T12:14:05 - [TEST_STEP][PASSED] - if (i > -1): null

31-03-2025T12:14:05 - [TEST_STEP][PASSED] - i = b.indexOf("О «"): null

31-03-2025T12:14:05 - [TEST_STEP][PASSED] - if (i > -1): null

31-03-2025T12:14:05 - [TEST_STEP][PASSED] - i = b.indexOf("г. "): null

31-03-2025T12:14:05 - [TEST_STEP][PASSED] - if (i > -1): null

31-03-2025T12:14:05 - [TEST_STEP][PASSED] - b = b.trim(): null

31-03-2025T12:14:05 - [TEST_STEP][PASSED] - println(b): null

31-03-2025T12:14:05 - [TEST_STEP][PASSED] - for ([planFact = 1, planFact < 3, (planFact++)]): null

31-03-2025T12:14:05 - [TEST_STEP][PASSED] - if (planFact == 1): null

31-03-2025T12:14:05 - [TEST_STEP][PASSED] - typeOfDataMain = "Факт": null

31-03-2025T12:14:05 - [TEST_STEP][PASSED] - otpusk = findTestData("PlanFact").getValue(5, a): null

31-03-2025T12:14:05 - [TEST_STEP][PASSED] - poteri = findTestData("PlanFact").getValue(6, a): null

31-03-2025T12:14:05 - [TEST_STEP][PASSED] - otpusk = otpusk.replaceAll("\s+", ""): null

31-03-2025T12:14:05 - [TEST_STEP][PASSED] - poteri = poteri.replaceAll("\s+", ""): null

31-03-2025T12:14:05 - [TEST_STEP][PASSED] - typeOfData = typeOfDataMain + " Отпуск в сеть": null

31-03-2025T12:14:05 - [TEST_STEP][PASSED] - if (a == 82): null

31-03-2025T12:14:05 - [TEST_STEP][PASSED] - else if (a == 84): null

31-03-2025T12:14:05 - [TEST_STEP][PASSED] - else if (a == 83 || a == 52 || a == 72 || a == 28 || a == 73 || a == 77 || a == 74 || a == 65 || a == 36 || a == 44 || a == 53 || a == 80 || a == 54 || a == 1 || a == 18 || a == 59 || a == 81): null

31-03-2025T12:14:05 - [TEST_STEP][PASSED] - path = dataFolder + "Table Data/" + typeOfData + " за отчётный период " + dzoNum: null

31-03-2025T12:14:05 - [TEST_STEP][PASSED] - println(path): null

31-03-2025T12:14:05 - [TEST_STEP][PASSED] - page = getText(findTestObject(path)): Text of object 'Object Repository/Выполнение бизнес-плана/Значения со страницы Выполнение бизнес-плана/Table Data/Факт Отпуск в сеть за отчётный период 2' is: '4 949 974'

31-03-2025T12:14:06 - [MESSAGE][PASSED] - Text of object 'Object Repository/Выполнение бизнес-плана/Значения со страницы Выполнение бизнес-плана/Table Data/Факт Отпуск в сеть за отчётный период 2' is: '4 949 974'

31-03-2025T12:14:06 - [TEST_STEP][PASSED] - if (page == "" || page == null): null

31-03-2025T12:14:06 - [TEST_STEP][PASSED] - else: null

31-03-2025T12:14:06 - [TEST_STEP][PASSED] - page = page.replaceAll("\s+", ""): null

31-03-2025T12:14:06 - [TEST_STEP][PASSED] - if (page == "undefined"): null

31-03-2025T12:14:06 - [TEST_STEP][PASSED] - fileOtpuskVSet = otpusk.toInteger(): null

31-03-2025T12:14:06 - [TEST_STEP][PASSED] - pageOtpuskVSet = page.toInteger(): null

31-03-2025T12:14:06 - [TEST_STEP][PASSED] - typeOfData = typeOfDataMain + " Потери": null

31-03-2025T12:14:06 - [TEST_STEP][PASSED] - if (a == 82): null

31-03-2025T12:14:06 - [TEST_STEP][PASSED] - else if (a == 84): null

31-03-2025T12:14:06 - [TEST_STEP][PASSED] - else if (a == 83 || a == 52 || a == 72 || a == 28 || a == 73 || a == 77 || a == 74 || a == 65 || a == 44 || a == 53 || a == 80 || a == 54 || a == 1 || a == 18 || a == 59 || a == 81): null

31-03-2025T12:14:06 - [TEST_STEP][PASSED] - path = dataFolder + "Table Data/" + typeOfData + " за отчётный период " + dzoNum: null

31-03-2025T12:14:06 - [TEST_STEP][PASSED] - page = getText(findTestObject(path)): Text of object 'Object Repository/Выполнение бизнес-плана/Значения со страницы Выполнение бизнес-плана/Table Data/Факт Потери за отчётный период 2' is: '3 214 611'

31-03-2025T12:14:06 - [MESSAGE][PASSED] - Text of object 'Object Repository/Выполнение бизнес-плана/Значения со страницы Выполнение бизнес-плана/Table Data/Факт Потери за отчётный период 2' is: '3 214 611'

31-03-2025T12:14:06 - [TEST_STEP][PASSED] - if (page == "" || page == null): null

31-03-2025T12:14:06 - [TEST_STEP][PASSED] - else: null

31-03-2025T12:14:06 - [TEST_STEP][PASSED] - page = page.replaceAll("\s+", ""): null

31-03-2025T12:14:06 - [TEST_STEP][PASSED] - if (page == "undefined"): null

31-03-2025T12:14:06 - [TEST_STEP][PASSED] - filePoteri = poteri.toInteger(): null

31-03-2025T12:14:06 - [TEST_STEP][PASSED] - pagePoteri = page.toInteger(): null

31-03-2025T12:14:06 - [TEST_STEP][PASSED] - compare = pageOtpuskVSet: null

31-03-2025T12:14:06 - [TEST_STEP][PASSED] - if (pageOtpuskVSet != null): null

31-03-2025T12:14:06 - [TEST_STEP][PASSED] - if (compare == fileOtpuskVSet): null

31-03-2025T12:14:06 - [TEST_STEP][PASSED] - else if (compare > fileOtpuskVSet): null

31-03-2025T12:14:06 - [TEST_STEP][PASSED] - else if (compare < fileOtpuskVSet): null

31-03-2025T12:14:06 - [TEST_STEP][PASSED] - compare = compare + 1: null

31-03-2025T12:14:06 - [TEST_STEP][PASSED] - if (compare == fileOtpuskVSet): null

31-03-2025T12:14:06 - [TEST_STEP][PASSED] - else: null

31-03-2025T12:14:06 - [TEST_STEP][PASSED] - numberOfErrors = numberOfErrors + 1: null

31-03-2025T12:14:06 - [TEST_STEP][PASSED] - pageInt = pageOtpuskVSet: null

31-03-2025T12:14:06 - [TEST_STEP][PASSED] - fileInt = fileOtpuskVSet: null

31-03-2025T12:14:06 - [TEST_STEP][PASSED] - typeOfData = typeOfDataMain + " Отпуск в сеть": null

31-03-2025T12:14:06 - [TEST_STEP][PASSED] - Script1718980020443.WriteToExcel(a, typeOfData, todaysDate, pageInt, fileInt, pageDouble, fileDouble, dZO): null

31-03-2025T12:14:06 - [TEST_STEP][PASSED] - sheetName = "Sheet1": null

31-03-2025T12:14:06 - [TEST_STEP][PASSED] - data = findTestData("PlanFact"): null

31-03-2025T12:14:06 - [TEST_STEP][PASSED] - n = data.getRowNumbers() + 1: null

31-03-2025T12:14:06 - [TEST_STEP][PASSED] - day = ")).toInteger(): null

31-03-2025T12:14:06 - [TEST_STEP][PASSED] - println(day): null

31-03-2025T12:14:06 - [TEST_STEP][PASSED] - month = ")).toInteger(): null

31-03-2025T12:14:06 - [TEST_STEP][PASSED] - println(month): null

31-03-2025T12:14:06 - [TEST_STEP][PASSED] - y = <not implemented yet for class: org.codehaus.groovy.ast.expr.EmptyExpression>: null

31-03-2025T12:14:06 - [TEST_STEP][PASSED] - iy = <not implemented yet for class: org.codehaus.groovy.ast.expr.EmptyExpression>: null

31-03-2025T12:14:06 - [TEST_STEP][PASSED] - m = getText(findTestObject("Выполнение бизнес-плана/Период")): Text of object 'Object Repository/Выполнение бизнес-плана/Период' is: 'Январь 2025 года'

31-03-2025T12:14:06 - [MESSAGE][PASSED] - Text of object 'Object Repository/Выполнение бизнес-плана/Период' is: 'Январь 2025 года'

31-03-2025T12:14:06 - [TEST_STEP][PASSED] - iy = m.indexOf("20"): null

31-03-2025T12:14:06 - [TEST_STEP][PASSED] - if (iy > -1): null

31-03-2025T12:14:06 - [TEST_STEP][PASSED] - y = substring(iy, iy + 4).toInteger(): null

31-03-2025T12:14:06 - [TEST_STEP][PASSED] - println(y): null

31-03-2025T12:14:06 - [TEST_STEP][PASSED] - if (toString().length() == 4): null

31-03-2025T12:14:06 - [TEST_STEP][PASSED] - m = m.substring(0, m.indexOf(y.toString())): null

31-03-2025T12:14:06 - [TEST_STEP][PASSED] - m = m.trim(): null

31-03-2025T12:14:06 - [TEST_STEP][PASSED] - if (m == ""): null

31-03-2025T12:14:06 - [TEST_STEP][PASSED] - dashboardName = "Выполнение бизнес-плана": null

31-03-2025T12:14:06 - [TEST_STEP][PASSED] - workbook01 = getWorkbook(excelFilePath): null

31-03-2025T12:14:06 - [TEST_STEP][PASSED] - sheet01 = getExcelSheet(workbook01, sheetName): null

31-03-2025T12:14:06 - [TEST_STEP][PASSED] - setValueToCellByIndex(sheet01, n, 0, dashboardName): null

31-03-2025T12:14:06 - [TEST_STEP][PASSED] - setValueToCellByIndex(sheet01, n, 1, dZO): null

31-03-2025T12:14:06 - [TEST_STEP][PASSED] - setValueToCellByIndex(sheet01, n, 2, typeOfData): null

31-03-2025T12:14:06 - [TEST_STEP][PASSED] - if (typeOfData == "Факт в процентах" || typeOfData == "План в процентах"): null

31-03-2025T12:14:06 - [TEST_STEP][PASSED] - else: null

31-03-2025T12:14:06 - [TEST_STEP][PASSED] - setValueToCellByIndex(sheet01, n, 3, fileInt): null

31-03-2025T12:14:06 - [TEST_STEP][PASSED] - setValueToCellByIndex(sheet01, n, 4, pageInt): null

31-03-2025T12:14:06 - [TEST_STEP][PASSED] - setValueToCellByIndex(sheet01, n, 5, m): null

31-03-2025T12:14:06 - [TEST_STEP][PASSED] - setValueToCellByIndex(sheet01, n, 6, y): null

31-03-2025T12:14:06 - [TEST_STEP][PASSED] - setValueToCellByIndex(sheet01, n, 7, todaysDate): null

31-03-2025T12:14:06 - [TEST_STEP][PASSED] - n = n + 1: null

31-03-2025T12:14:06 - [TEST_STEP][PASSED] - saveWorkbook(excelFilePath, workbook01): null

31-03-2025T12:14:06 - [TEST_STEP][PASSED] - compare = pagePoteri: null

31-03-2025T12:14:06 - [TEST_STEP][PASSED] - if (pageOtpuskVSet != null): null

31-03-2025T12:14:06 - [TEST_STEP][PASSED] - if (compare == filePoteri): null

31-03-2025T12:14:06 - [TEST_STEP][PASSED] - else if (compare > filePoteri): null

31-03-2025T12:14:06 - [TEST_STEP][PASSED] - compare = compare - 1: null

31-03-2025T12:14:06 - [TEST_STEP][PASSED] - if (compare == filePoteri): null

31-03-2025T12:14:06 - [TEST_STEP][PASSED] - else: null

31-03-2025T12:14:06 - [TEST_STEP][PASSED] - numberOfErrors = numberOfErrors + 1: null

31-03-2025T12:14:06 - [TEST_STEP][PASSED] - pageInt = pagePoteri: null

31-03-2025T12:14:06 - [TEST_STEP][PASSED] - fileInt = filePoteri: null

31-03-2025T12:14:06 - [TEST_STEP][PASSED] - typeOfData = typeOfDataMain + " Потери": null

31-03-2025T12:14:06 - [TEST_STEP][PASSED] - Script1718980020443.WriteToExcel(a, typeOfData, todaysDate, pageInt, fileInt, pageDouble, fileDouble, dZO): null

31-03-2025T12:14:06 - [TEST_STEP][PASSED] - sheetName = "Sheet1": null

31-03-2025T12:14:06 - [TEST_STEP][PASSED] - data = findTestData("PlanFact"): null

31-03-2025T12:14:07 - [TEST_STEP][PASSED] - n = data.getRowNumbers() + 1: null

31-03-2025T12:14:07 - [TEST_STEP][PASSED] - day = ")).toInteger(): null

31-03-2025T12:14:07 - [TEST_STEP][PASSED] - println(day): null

31-03-2025T12:14:07 - [TEST_STEP][PASSED] - month = ")).toInteger(): null

31-03-2025T12:14:07 - [TEST_STEP][PASSED] - println(month): null

31-03-2025T12:14:07 - [TEST_STEP][PASSED] - y = <not implemented yet for class: org.codehaus.groovy.ast.expr.EmptyExpression>: null

31-03-2025T12:14:07 - [TEST_STEP][PASSED] - iy = <not implemented yet for class: org.codehaus.groovy.ast.expr.EmptyExpression>: null

31-03-2025T12:14:07 - [TEST_STEP][PASSED] - m = getText(findTestObject("Выполнение бизнес-плана/Период")): Text of object 'Object Repository/Выполнение бизнес-плана/Период' is: 'Январь 2025 года'

31-03-2025T12:14:07 - [MESSAGE][PASSED] - Text of object 'Object Repository/Выполнение бизнес-плана/Период' is: 'Январь 2025 года'

31-03-2025T12:14:07 - [TEST_STEP][PASSED] - iy = m.indexOf("20"): null

31-03-2025T12:14:07 - [TEST_STEP][PASSED] - if (iy > -1): null

31-03-2025T12:14:07 - [TEST_STEP][PASSED] - y = substring(iy, iy + 4).toInteger(): null

31-03-2025T12:14:07 - [TEST_STEP][PASSED] - println(y): null

31-03-2025T12:14:07 - [TEST_STEP][PASSED] - if (toString().length() == 4): null

31-03-2025T12:14:07 - [TEST_STEP][PASSED] - m = m.substring(0, m.indexOf(y.toString())): null

31-03-2025T12:14:07 - [TEST_STEP][PASSED] - m = m.trim(): null

31-03-2025T12:14:07 - [TEST_STEP][PASSED] - if (m == ""): null

31-03-2025T12:14:07 - [TEST_STEP][PASSED] - dashboardName = "Выполнение бизнес-плана": null

31-03-2025T12:14:07 - [TEST_STEP][PASSED] - workbook01 = getWorkbook(excelFilePath): null

31-03-2025T12:14:07 - [TEST_STEP][PASSED] - sheet01 = getExcelSheet(workbook01, sheetName): null

31-03-2025T12:14:07 - [TEST_STEP][PASSED] - setValueToCellByIndex(sheet01, n, 0, dashboardName): null

31-03-2025T12:14:07 - [TEST_STEP][PASSED] - setValueToCellByIndex(sheet01, n, 1, dZO): null

31-03-2025T12:14:07 - [TEST_STEP][PASSED] - setValueToCellByIndex(sheet01, n, 2, typeOfData): null

31-03-2025T12:14:07 - [TEST_STEP][PASSED] - if (typeOfData == "Факт в процентах" || typeOfData == "План в процентах"): null

31-03-2025T12:14:07 - [TEST_STEP][PASSED] - else: null

31-03-2025T12:14:07 - [TEST_STEP][PASSED] - setValueToCellByIndex(sheet01, n, 3, fileInt): null

31-03-2025T12:14:07 - [TEST_STEP][PASSED] - setValueToCellByIndex(sheet01, n, 4, pageInt): null

31-03-2025T12:14:07 - [TEST_STEP][PASSED] - setValueToCellByIndex(sheet01, n, 5, m): null

31-03-2025T12:14:07 - [TEST_STEP][PASSED] - setValueToCellByIndex(sheet01, n, 6, y): null

31-03-2025T12:14:07 - [TEST_STEP][PASSED] - setValueToCellByIndex(sheet01, n, 7, todaysDate): null

31-03-2025T12:14:07 - [TEST_STEP][PASSED] - n = n + 1: null

31-03-2025T12:14:07 - [TEST_STEP][FAILED] - saveWorkbook(excelFilePath, workbook01): null

31-03-2025T12:14:07 - [TEST_STEP][PASSED] - if (planFact == 2): null

31-03-2025T12:14:07 - [TEST_STEP][PASSED] - if (planFact == 1): null

31-03-2025T12:14:07 - [TEST_STEP][PASSED] - else if (planFact == 2): null

31-03-2025T12:14:07 - [TEST_STEP][PASSED] - click(findTestObject("Выполнение бизнес-плана/Кнопка План")): Object: 'Object Repository/Выполнение бизнес-плана/Кнопка План' is clicked on

31-03-2025T12:14:07 - [MESSAGE][PASSED] - Object: 'Object Repository/Выполнение бизнес-плана/Кнопка План' is clicked on

31-03-2025T12:14:07 - [TEST_STEP][PASSED] - typeOfDataMain = "План": null

31-03-2025T12:14:07 - [TEST_STEP][PASSED] - otpusk = findTestData("PlanFact").getValue(2, a): null

31-03-2025T12:14:08 - [TEST_STEP][PASSED] - poteri = findTestData("PlanFact").getValue(3, a): null

31-03-2025T12:14:08 - [TEST_STEP][PASSED] - otpusk = otpusk.replaceAll("\s+", ""): null

31-03-2025T12:14:08 - [TEST_STEP][PASSED] - poteri = poteri.replaceAll("\s+", ""): null

31-03-2025T12:14:08 - [TEST_STEP][PASSED] - typeOfData = typeOfDataMain + " Отпуск в сеть": null

31-03-2025T12:14:08 - [TEST_STEP][PASSED] - if (a == 82): null

31-03-2025T12:14:08 - [TEST_STEP][PASSED] - else if (a == 84): null

31-03-2025T12:14:08 - [TEST_STEP][PASSED] - else if (a == 83 || a == 52 || a == 72 || a == 28 || a == 73 || a == 77 || a == 74 || a == 65 || a == 36 || a == 44 || a == 53 || a == 80 || a == 54 || a == 1 || a == 18 || a == 59 || a == 81): null

31-03-2025T12:14:08 - [TEST_STEP][PASSED] - path = dataFolder + "Table Data/" + typeOfData + " за отчётный период " + dzoNum: null

31-03-2025T12:14:08 - [TEST_STEP][PASSED] - println(path): null

31-03-2025T12:14:08 - [TEST_STEP][PASSED] - page = getText(findTestObject(path)): Text of object 'Object Repository/Выполнение бизнес-плана/Значения со страницы Выполнение бизнес-плана/Table Data/План Отпуск в сеть за отчётный период 2' is: '5 172 896'

31-03-2025T12:14:08 - [MESSAGE][PASSED] - Text of object 'Object Repository/Выполнение бизнес-плана/Значения со страницы Выполнение бизнес-плана/Table Data/План Отпуск в сеть за отчётный период 2' is: '5 172 896'

31-03-2025T12:14:08 - [TEST_STEP][PASSED] - if (page == "" || page == null): null

31-03-2025T12:14:08 - [TEST_STEP][PASSED] - else: null

31-03-2025T12:14:08 - [TEST_STEP][PASSED] - page = page.replaceAll("\s+", ""): null

31-03-2025T12:14:08 - [TEST_STEP][PASSED] - if (page == "undefined"): null

31-03-2025T12:14:08 - [TEST_STEP][PASSED] - fileOtpuskVSet = otpusk.toInteger(): null

31-03-2025T12:14:08 - [TEST_STEP][PASSED] - pageOtpuskVSet = page.toInteger(): null

31-03-2025T12:14:08 - [TEST_STEP][PASSED] - typeOfData = typeOfDataMain + " Потери": null

31-03-2025T12:14:08 - [TEST_STEP][PASSED] - if (a == 82): null

31-03-2025T12:14:08 - [TEST_STEP][PASSED] - else if (a == 84): null

31-03-2025T12:14:08 - [TEST_STEP][PASSED] - else if (a == 83 || a == 52 || a == 72 || a == 28 || a == 73 || a == 77 || a == 74 || a == 65 || a == 44 || a == 53 || a == 80 || a == 54 || a == 1 || a == 18 || a == 59 || a == 81): null

31-03-2025T12:14:08 - [TEST_STEP][PASSED] - path = dataFolder + "Table Data/" + typeOfData + " за отчётный период " + dzoNum: null

31-03-2025T12:14:08 - [TEST_STEP][FAILED] - page = getText(findTestObject(path)): Unable to get text of object 'Object Repository/Выполнение бизнес-плана/Значения со страницы Выполнение бизнес-плана/Table Data/План Потери за отчётный период 2' (Root cause: com.kms.katalon.core.exception.StepFailedException: Unable to get text of object 'Object Repository/Выполнение бизнес-плана/Значения со страницы Выполнение бизнес-плана/Table Data/План Потери за отчётный период 2'
	at com.kms.katalon.core.webui.keyword.internal.WebUIKeywordMain.stepFailed(WebUIKeywordMain.groovy:64)
	at com.kms.katalon.core.webui.keyword.internal.WebUIKeywordMain.runKeyword(WebUIKeywordMain.groovy:26)
	at com.kms.katalon.core.webui.keyword.builtin.GetTextKeyword.getText(GetTextKeyword.groovy:88)
	at com.kms.katalon.core.webui.keyword.builtin.GetTextKeyword.execute(GetTextKeyword.groovy:67)
	at com.kms.katalon.core.keyword.internal.KeywordExecutor.executeKeywordForPlatform(KeywordExecutor.groovy:74)
	at com.kms.katalon.core.webui.keyword.WebUiBuiltInKeywords.getText(WebUiBuiltInKeywords.groovy:957)
	at Выполнение бизнес-плана Сверка ПАО Россети все филиалы.Numbers(Выполнение бизнес-плана Сверка ПАО Россети все филиалы:594)
	at Выполнение бизнес-плана Сверка ПАО Россети все филиалы.run(Выполнение бизнес-плана Сверка ПАО Россети все филиалы:231)
	at com.kms.katalon.core.main.ScriptEngine.run(ScriptEngine.java:194)
	at com.kms.katalon.core.main.ScriptEngine.runScriptAsRawText(ScriptEngine.java:119)
	at com.kms.katalon.core.main.TestCaseExecutor.runScript(TestCaseExecutor.java:448)
	at com.kms.katalon.core.main.TestCaseExecutor.doExecute(TestCaseExecutor.java:439)
	at com.kms.katalon.core.main.TestCaseExecutor.processExecutionPhase(TestCaseExecutor.java:418)
	at com.kms.katalon.core.main.TestCaseExecutor.accessMainPhase(TestCaseExecutor.java:410)
	at com.kms.katalon.core.main.TestCaseExecutor.execute(TestCaseExecutor.java:285)
	at com.kms.katalon.core.common.CommonExecutor.accessTestCaseMainPhase(CommonExecutor.java:65)
	at com.kms.katalon.core.main.TestSuiteExecutor.accessTestSuiteMainPhase(TestSuiteExecutor.java:150)
	at com.kms.katalon.core.main.TestSuiteExecutor.execute(TestSuiteExecutor.java:106)
	at com.kms.katalon.core.main.TestCaseMain.startTestSuite(TestCaseMain.java:180)
	at TempTestSuite1743404878601.run(TempTestSuite1743404878601.groovy:35)
	at java.base/jdk.internal.reflect.NativeMethodAccessorImpl.invoke0(Native Method)
	at java.base/jdk.internal.reflect.NativeMethodAccessorImpl.invoke(NativeMethodAccessorImpl.java:77)
	at java.base/jdk.internal.reflect.DelegatingMethodAccessorImpl.invoke(DelegatingMethodAccessorImpl.java:43)
Caused by: com.kms.katalon.core.webui.exception.WebElementNotFoundException: Web element with id: 'Object Repository/Выполнение бизнес-плана/Значения со страницы Выполнение бизнес-плана/Table Data/План Потери за отчётный период 2' located by '(.//*[normalize-space(text()) and normalize-space(.)='Показатели баланса электроэнергии по ДЗО – План'])[2]/following::td[36]' not found
	at com.kms.katalon.core.webui.common.WebUiCommonHelper.findWebElement(WebUiCommonHelper.java:1426)
	at com.kms.katalon.core.webui.keyword.internal.WebUIAbstractKeyword.findWebElement(WebUIAbstractKeyword.groovy:27)
	at com.kms.katalon.core.webui.keyword.internal.WebUIAbstractKeyword.findWebElement(WebUIAbstractKeyword.groovy:26)
	at com.kms.katalon.core.webui.keyword.builtin.GetTextKeyword$_getText_closure1.doCall(GetTextKeyword.groovy:78)
	at com.kms.katalon.core.webui.keyword.builtin.GetTextKeyword$_getText_closure1.call(GetTextKeyword.groovy)
	at com.kms.katalon.core.webui.keyword.internal.WebUIKeywordMain.runKeyword(WebUIKeywordMain.groovy:20)
	at com.kms.katalon.core.webui.keyword.builtin.GetTextKeyword.getText(GetTextKeyword.groovy:88)
	at com.kms.katalon.core.webui.keyword.builtin.GetTextKeyword.execute(GetTextKeyword.groovy:67)
	at com.kms.katalon.core.keyword.internal.KeywordExecutor.executeKeywordForPlatform(KeywordExecutor.groovy:74)
	at com.kms.katalon.core.webui.keyword.WebUiBuiltInKeywords.getText(WebUiBuiltInKeywords.groovy:957)
	at Script1718980020443.Numbers(Script1718980020443.groovy:594)
	at Script1718980020443.run(Script1718980020443.groovy:231)
	... 15 more
)

31-03-2025T12:14:39 - [MESSAGE][INFO] - Unable to find the element located by 'By.xpath: (.//*[normalize-space(text()) and normalize-space(.)='Показатели баланса электроэнергии по ДЗО – План'])[2]/following::td[36]'. Please recheck the objects properties to make sure the desired element is located. 

31-03-2025T12:14:39 - [MESSAGE][FAILED] - Unable to get text of object 'Object Repository/Выполнение бизнес-плана/Значения со страницы Выполнение бизнес-плана/Table Data/План Потери за отчётный период 2' (Root cause: com.kms.katalon.core.exception.StepFailedException: Unable to get text of object 'Object Repository/Выполнение бизнес-плана/Значения со страницы Выполнение бизнес-плана/Table Data/План Потери за отчётный период 2'
	at com.kms.katalon.core.webui.keyword.internal.WebUIKeywordMain.stepFailed(WebUIKeywordMain.groovy:64)
	at com.kms.katalon.core.webui.keyword.internal.WebUIKeywordMain.runKeyword(WebUIKeywordMain.groovy:26)
	at com.kms.katalon.core.webui.keyword.builtin.GetTextKeyword.getText(GetTextKeyword.groovy:88)
	at com.kms.katalon.core.webui.keyword.builtin.GetTextKeyword.execute(GetTextKeyword.groovy:67)
	at com.kms.katalon.core.keyword.internal.KeywordExecutor.executeKeywordForPlatform(KeywordExecutor.groovy:74)
	at com.kms.katalon.core.webui.keyword.WebUiBuiltInKeywords.getText(WebUiBuiltInKeywords.groovy:957)
	at Выполнение бизнес-плана Сверка ПАО Россети все филиалы.Numbers(Выполнение бизнес-плана Сверка ПАО Россети все филиалы:594)
	at Выполнение бизнес-плана Сверка ПАО Россети все филиалы.run(Выполнение бизнес-плана Сверка ПАО Россети все филиалы:231)
	at com.kms.katalon.core.main.ScriptEngine.run(ScriptEngine.java:194)
	at com.kms.katalon.core.main.ScriptEngine.runScriptAsRawText(ScriptEngine.java:119)
	at com.kms.katalon.core.main.TestCaseExecutor.runScript(TestCaseExecutor.java:448)
	at com.kms.katalon.core.main.TestCaseExecutor.doExecute(TestCaseExecutor.java:439)
	at com.kms.katalon.core.main.TestCaseExecutor.processExecutionPhase(TestCaseExecutor.java:418)
	at com.kms.katalon.core.main.TestCaseExecutor.accessMainPhase(TestCaseExecutor.java:410)
	at com.kms.katalon.core.main.TestCaseExecutor.execute(TestCaseExecutor.java:285)
	at com.kms.katalon.core.common.CommonExecutor.accessTestCaseMainPhase(CommonExecutor.java:65)
	at com.kms.katalon.core.main.TestSuiteExecutor.accessTestSuiteMainPhase(TestSuiteExecutor.java:150)
	at com.kms.katalon.core.main.TestSuiteExecutor.execute(TestSuiteExecutor.java:106)
	at com.kms.katalon.core.main.TestCaseMain.startTestSuite(TestCaseMain.java:180)
	at TempTestSuite1743404878601.run(TempTestSuite1743404878601.groovy:35)
	at java.base/jdk.internal.reflect.NativeMethodAccessorImpl.invoke0(Native Method)
	at java.base/jdk.internal.reflect.NativeMethodAccessorImpl.invoke(NativeMethodAccessorImpl.java:77)
	at java.base/jdk.internal.reflect.DelegatingMethodAccessorImpl.invoke(DelegatingMethodAccessorImpl.java:43)
Caused by: com.kms.katalon.core.webui.exception.WebElementNotFoundException: Web element with id: 'Object Repository/Выполнение бизнес-плана/Значения со страницы Выполнение бизнес-плана/Table Data/План Потери за отчётный период 2' located by '(.//*[normalize-space(text()) and normalize-space(.)='Показатели баланса электроэнергии по ДЗО – План'])[2]/following::td[36]' not found
	at com.kms.katalon.core.webui.common.WebUiCommonHelper.findWebElement(WebUiCommonHelper.java:1426)
	at com.kms.katalon.core.webui.keyword.internal.WebUIAbstractKeyword.findWebElement(WebUIAbstractKeyword.groovy:27)
	at com.kms.katalon.core.webui.keyword.internal.WebUIAbstractKeyword.findWebElement(WebUIAbstractKeyword.groovy:26)
	at com.kms.katalon.core.webui.keyword.builtin.GetTextKeyword$_getText_closure1.doCall(GetTextKeyword.groovy:78)
	at com.kms.katalon.core.webui.keyword.builtin.GetTextKeyword$_getText_closure1.call(GetTextKeyword.groovy)
	at com.kms.katalon.core.webui.keyword.internal.WebUIKeywordMain.runKeyword(WebUIKeywordMain.groovy:20)
	at com.kms.katalon.core.webui.keyword.builtin.GetTextKeyword.getText(GetTextKeyword.groovy:88)
	at com.kms.katalon.core.webui.keyword.builtin.GetTextKeyword.execute(GetTextKeyword.groovy:67)
	at com.kms.katalon.core.keyword.internal.KeywordExecutor.executeKeywordForPlatform(KeywordExecutor.groovy:74)
	at com.kms.katalon.core.webui.keyword.WebUiBuiltInKeywords.getText(WebUiBuiltInKeywords.groovy:957)
	at Script1718980020443.Numbers(Script1718980020443.groovy:594)
	at Script1718980020443.run(Script1718980020443.groovy:231)
	... 15 more
)
[[ATTACHMENT|C:\\Users\\LIAZGINA-DI\\git\\SPORU\\Reports\\20250331_100758\\\u041F\u043D-\u0421\u0440-\u041F\u0442\\\u0421\u0432\u0435\u0440\u043A\u0430 \u0434\u0430\u0448\u0431\u043E\u0440\u0434\u043E\u0432 \u0438\u0437 \u0440\u0430\u0437\u043D\u044B\u0445 \u0431\u043B\u043E\u043A\u043E\u0432\\20250331_100758\\1743412479676.png]]

31-03-2025T12:14:39 - [TEST_STEP][PASSED] - if (page == "" || page == null): null

31-03-2025T12:14:39 - [TEST_STEP][PASSED] - fileInt = poteri.toInteger(): null

31-03-2025T12:14:39 - [TEST_STEP][PASSED] - Script1718980020443.WriteToExcelNoData(a, typeOfData, todaysDate, fileInt, fileDouble, dZO): null

31-03-2025T12:14:39 - [TEST_STEP][PASSED] - sheetName = "Sheet1": null

31-03-2025T12:14:39 - [TEST_STEP][PASSED] - data = findTestData("PlanFact"): null

31-03-2025T12:14:39 - [TEST_STEP][PASSED] - n = data.getRowNumbers() + 1: null

31-03-2025T12:14:39 - [TEST_STEP][PASSED] - day = ")).toInteger(): null

31-03-2025T12:14:39 - [TEST_STEP][PASSED] - println(day): null

31-03-2025T12:14:39 - [TEST_STEP][PASSED] - month = ")).toInteger(): null

31-03-2025T12:14:39 - [TEST_STEP][PASSED] - println(month): null

31-03-2025T12:14:39 - [TEST_STEP][PASSED] - y = <not implemented yet for class: org.codehaus.groovy.ast.expr.EmptyExpression>: null

31-03-2025T12:14:39 - [TEST_STEP][PASSED] - iy = <not implemented yet for class: org.codehaus.groovy.ast.expr.EmptyExpression>: null

31-03-2025T12:14:39 - [TEST_STEP][PASSED] - m = getText(findTestObject("Выполнение бизнес-плана/Период")): Text of object 'Object Repository/Выполнение бизнес-плана/Период' is: 'Январь 2025 года'

31-03-2025T12:14:40 - [MESSAGE][PASSED] - Text of object 'Object Repository/Выполнение бизнес-плана/Период' is: 'Январь 2025 года'

31-03-2025T12:14:40 - [TEST_STEP][PASSED] - iy = m.indexOf("20"): null

31-03-2025T12:14:40 - [TEST_STEP][PASSED] - if (iy > -1): null

31-03-2025T12:14:40 - [TEST_STEP][PASSED] - y = substring(iy, iy + 4).toInteger(): null

31-03-2025T12:14:40 - [TEST_STEP][PASSED] - println(y): null

31-03-2025T12:14:40 - [TEST_STEP][PASSED] - if (toString().length() == 4): null

31-03-2025T12:14:40 - [TEST_STEP][PASSED] - m = m.substring(0, m.indexOf(y.toString())): null

31-03-2025T12:14:40 - [TEST_STEP][PASSED] - m = m.trim(): null

31-03-2025T12:14:40 - [TEST_STEP][PASSED] - if (m == ""): null

31-03-2025T12:14:40 - [TEST_STEP][PASSED] - dashboardName = "Выполнение бизнес-плана": null

31-03-2025T12:14:40 - [TEST_STEP][PASSED] - workbook01 = getWorkbook(excelFilePath): null

31-03-2025T12:14:40 - [TEST_STEP][PASSED] - sheet01 = getExcelSheet(workbook01, sheetName): null

31-03-2025T12:14:40 - [TEST_STEP][PASSED] - setValueToCellByIndex(sheet01, n, 0, dashboardName): null

31-03-2025T12:14:40 - [TEST_STEP][PASSED] - setValueToCellByIndex(sheet01, n, 1, dZO): null

31-03-2025T12:14:40 - [TEST_STEP][PASSED] - setValueToCellByIndex(sheet01, n, 2, typeOfData): null

31-03-2025T12:14:40 - [TEST_STEP][PASSED] - if (typeOfData == "Факт в процентах" || typeOfData == "План в процентах"): null

31-03-2025T12:14:40 - [TEST_STEP][PASSED] - else: null

31-03-2025T12:14:40 - [TEST_STEP][PASSED] - setValueToCellByIndex(sheet01, n, 3, fileInt): null

31-03-2025T12:14:40 - [TEST_STEP][PASSED] - setValueToCellByIndex(sheet01, n, 4, "нет данных"): null

31-03-2025T12:14:40 - [TEST_STEP][PASSED] - setValueToCellByIndex(sheet01, n, 5, m): null

31-03-2025T12:14:40 - [TEST_STEP][PASSED] - setValueToCellByIndex(sheet01, n, 6, y): null

31-03-2025T12:14:40 - [TEST_STEP][PASSED] - setValueToCellByIndex(sheet01, n, 7, todaysDate): null

31-03-2025T12:14:40 - [TEST_STEP][PASSED] - n = n + 1: null

31-03-2025T12:14:40 - [TEST_STEP][PASSED] - saveWorkbook(excelFilePath, workbook01): null

31-03-2025T12:14:40 - [TEST_STEP][PASSED] - compare = pageOtpuskVSet: null

31-03-2025T12:14:40 - [TEST_STEP][PASSED] - if (pageOtpuskVSet != null): null

31-03-2025T12:14:40 - [TEST_STEP][PASSED] - if (compare == fileOtpuskVSet): null

31-03-2025T12:14:40 - [TEST_STEP][PASSED] - else if (compare > fileOtpuskVSet): null

31-03-2025T12:14:40 - [TEST_STEP][PASSED] - else if (compare < fileOtpuskVSet): null

31-03-2025T12:14:40 - [TEST_STEP][PASSED] - compare = compare + 1: null

31-03-2025T12:14:40 - [TEST_STEP][PASSED] - if (compare == fileOtpuskVSet): null

31-03-2025T12:14:40 - [TEST_STEP][PASSED] - else: null

31-03-2025T12:14:40 - [TEST_STEP][PASSED] - numberOfErrors = numberOfErrors + 1: null

31-03-2025T12:14:40 - [TEST_STEP][PASSED] - pageInt = pageOtpuskVSet: null

31-03-2025T12:14:40 - [TEST_STEP][PASSED] - fileInt = fileOtpuskVSet: null

31-03-2025T12:14:40 - [TEST_STEP][PASSED] - typeOfData = typeOfDataMain + " Отпуск в сеть": null

31-03-2025T12:14:40 - [TEST_STEP][PASSED] - Script1718980020443.WriteToExcel(a, typeOfData, todaysDate, pageInt, fileInt, pageDouble, fileDouble, dZO): null

31-03-2025T12:14:40 - [TEST_STEP][PASSED] - sheetName = "Sheet1": null

31-03-2025T12:14:40 - [TEST_STEP][PASSED] - data = findTestData("PlanFact"): null

31-03-2025T12:14:40 - [TEST_STEP][PASSED] - n = data.getRowNumbers() + 1: null

31-03-2025T12:14:40 - [TEST_STEP][PASSED] - day = ")).toInteger(): null

31-03-2025T12:14:40 - [TEST_STEP][PASSED] - println(day): null

31-03-2025T12:14:40 - [TEST_STEP][PASSED] - month = ")).toInteger(): null

31-03-2025T12:14:40 - [TEST_STEP][PASSED] - println(month): null

31-03-2025T12:14:40 - [TEST_STEP][PASSED] - y = <not implemented yet for class: org.codehaus.groovy.ast.expr.EmptyExpression>: null

31-03-2025T12:14:40 - [TEST_STEP][PASSED] - iy = <not implemented yet for class: org.codehaus.groovy.ast.expr.EmptyExpression>: null

31-03-2025T12:14:40 - [TEST_STEP][PASSED] - m = getText(findTestObject("Выполнение бизнес-плана/Период")): Text of object 'Object Repository/Выполнение бизнес-плана/Период' is: 'Январь 2025 года'

31-03-2025T12:14:40 - [MESSAGE][PASSED] - Text of object 'Object Repository/Выполнение бизнес-плана/Период' is: 'Январь 2025 года'

31-03-2025T12:14:40 - [TEST_STEP][PASSED] - iy = m.indexOf("20"): null

31-03-2025T12:14:40 - [TEST_STEP][PASSED] - if (iy > -1): null

31-03-2025T12:14:40 - [TEST_STEP][PASSED] - y = substring(iy, iy + 4).toInteger(): null

31-03-2025T12:14:40 - [TEST_STEP][PASSED] - println(y): null

31-03-2025T12:14:40 - [TEST_STEP][PASSED] - if (toString().length() == 4): null

31-03-2025T12:14:40 - [TEST_STEP][PASSED] - m = m.substring(0, m.indexOf(y.toString())): null

31-03-2025T12:14:40 - [TEST_STEP][PASSED] - m = m.trim(): null

31-03-2025T12:14:40 - [TEST_STEP][PASSED] - if (m == ""): null

31-03-2025T12:14:40 - [TEST_STEP][PASSED] - dashboardName = "Выполнение бизнес-плана": null

31-03-2025T12:14:40 - [TEST_STEP][PASSED] - workbook01 = getWorkbook(excelFilePath): null

31-03-2025T12:14:40 - [TEST_STEP][PASSED] - sheet01 = getExcelSheet(workbook01, sheetName): null

31-03-2025T12:14:40 - [TEST_STEP][PASSED] - setValueToCellByIndex(sheet01, n, 0, dashboardName): null

31-03-2025T12:14:40 - [TEST_STEP][PASSED] - setValueToCellByIndex(sheet01, n, 1, dZO): null

31-03-2025T12:14:40 - [TEST_STEP][PASSED] - setValueToCellByIndex(sheet01, n, 2, typeOfData): null

31-03-2025T12:14:40 - [TEST_STEP][PASSED] - if (typeOfData == "Факт в процентах" || typeOfData == "План в процентах"): null

31-03-2025T12:14:40 - [TEST_STEP][PASSED] - else: null

31-03-2025T12:14:40 - [TEST_STEP][PASSED] - setValueToCellByIndex(sheet01, n, 3, fileInt): null

31-03-2025T12:14:40 - [TEST_STEP][PASSED] - setValueToCellByIndex(sheet01, n, 4, pageInt): null

31-03-2025T12:14:40 - [TEST_STEP][PASSED] - setValueToCellByIndex(sheet01, n, 5, m): null

31-03-2025T12:14:40 - [TEST_STEP][PASSED] - setValueToCellByIndex(sheet01, n, 6, y): null

31-03-2025T12:14:40 - [TEST_STEP][PASSED] - setValueToCellByIndex(sheet01, n, 7, todaysDate): null

31-03-2025T12:14:40 - [TEST_STEP][PASSED] - n = n + 1: null

31-03-2025T12:14:40 - [TEST_STEP][PASSED] - saveWorkbook(excelFilePath, workbook01): null

31-03-2025T12:14:41 - [TEST_STEP][PASSED] - compare = pagePoteri: null

31-03-2025T12:14:41 - [TEST_STEP][PASSED] - if (pageOtpuskVSet != null): null

31-03-2025T12:14:41 - [TEST_STEP][PASSED] - if (compare == filePoteri): null

31-03-2025T12:14:41 - [TEST_STEP][PASSED] - else if (compare > filePoteri): null

31-03-2025T12:14:41 - [TEST_STEP][PASSED] - compare = compare - 1: null

31-03-2025T12:14:41 - [TEST_STEP][PASSED] - if (compare == filePoteri): null

31-03-2025T12:14:41 - [TEST_STEP][PASSED] - else: null

31-03-2025T12:14:41 - [TEST_STEP][PASSED] - numberOfErrors = numberOfErrors + 1: null

31-03-2025T12:14:41 - [TEST_STEP][PASSED] - pageInt = pagePoteri: null

31-03-2025T12:14:41 - [TEST_STEP][PASSED] - fileInt = filePoteri: null

31-03-2025T12:14:41 - [TEST_STEP][PASSED] - typeOfData = typeOfDataMain + " Потери": null

31-03-2025T12:14:41 - [TEST_STEP][PASSED] - Script1718980020443.WriteToExcel(a, typeOfData, todaysDate, pageInt, fileInt, pageDouble, fileDouble, dZO): null

31-03-2025T12:14:41 - [TEST_STEP][PASSED] - sheetName = "Sheet1": null

31-03-2025T12:14:41 - [TEST_STEP][PASSED] - data = findTestData("PlanFact"): null

31-03-2025T12:14:41 - [TEST_STEP][PASSED] - n = data.getRowNumbers() + 1: null

31-03-2025T12:14:41 - [TEST_STEP][PASSED] - day = ")).toInteger(): null

31-03-2025T12:14:41 - [TEST_STEP][PASSED] - println(day): null

31-03-2025T12:14:41 - [TEST_STEP][PASSED] - month = ")).toInteger(): null

31-03-2025T12:14:41 - [TEST_STEP][PASSED] - println(month): null

31-03-2025T12:14:41 - [TEST_STEP][PASSED] - y = <not implemented yet for class: org.codehaus.groovy.ast.expr.EmptyExpression>: null

31-03-2025T12:14:41 - [TEST_STEP][PASSED] - iy = <not implemented yet for class: org.codehaus.groovy.ast.expr.EmptyExpression>: null

31-03-2025T12:14:41 - [TEST_STEP][PASSED] - m = getText(findTestObject("Выполнение бизнес-плана/Период")): Text of object 'Object Repository/Выполнение бизнес-плана/Период' is: 'Январь 2025 года'

31-03-2025T12:14:41 - [MESSAGE][PASSED] - Text of object 'Object Repository/Выполнение бизнес-плана/Период' is: 'Январь 2025 года'

31-03-2025T12:14:41 - [TEST_STEP][PASSED] - iy = m.indexOf("20"): null

31-03-2025T12:14:41 - [TEST_STEP][PASSED] - if (iy > -1): null

31-03-2025T12:14:41 - [TEST_STEP][PASSED] - y = substring(iy, iy + 4).toInteger(): null

31-03-2025T12:14:41 - [TEST_STEP][PASSED] - println(y): null

31-03-2025T12:14:41 - [TEST_STEP][PASSED] - if (toString().length() == 4): null

31-03-2025T12:14:41 - [TEST_STEP][PASSED] - m = m.substring(0, m.indexOf(y.toString())): null

31-03-2025T12:14:41 - [TEST_STEP][PASSED] - m = m.trim(): null

31-03-2025T12:14:41 - [TEST_STEP][PASSED] - if (m == ""): null

31-03-2025T12:14:41 - [TEST_STEP][PASSED] - dashboardName = "Выполнение бизнес-плана": null

31-03-2025T12:14:41 - [TEST_STEP][PASSED] - workbook01 = getWorkbook(excelFilePath): null

31-03-2025T12:14:41 - [TEST_STEP][PASSED] - sheet01 = getExcelSheet(workbook01, sheetName): null

31-03-2025T12:14:41 - [TEST_STEP][PASSED] - setValueToCellByIndex(sheet01, n, 0, dashboardName): null

31-03-2025T12:14:41 - [TEST_STEP][PASSED] - setValueToCellByIndex(sheet01, n, 1, dZO): null

31-03-2025T12:14:41 - [TEST_STEP][PASSED] - setValueToCellByIndex(sheet01, n, 2, typeOfData): null

31-03-2025T12:14:41 - [TEST_STEP][PASSED] - if (typeOfData == "Факт в процентах" || typeOfData == "План в процентах"): null

31-03-2025T12:14:41 - [TEST_STEP][PASSED] - else: null

31-03-2025T12:14:41 - [TEST_STEP][PASSED] - setValueToCellByIndex(sheet01, n, 3, fileInt): null

31-03-2025T12:14:41 - [TEST_STEP][PASSED] - setValueToCellByIndex(sheet01, n, 4, pageInt): null

31-03-2025T12:14:41 - [TEST_STEP][PASSED] - setValueToCellByIndex(sheet01, n, 5, m): null

31-03-2025T12:14:41 - [TEST_STEP][PASSED] - setValueToCellByIndex(sheet01, n, 6, y): null

31-03-2025T12:14:41 - [TEST_STEP][PASSED] - setValueToCellByIndex(sheet01, n, 7, todaysDate): null

31-03-2025T12:14:41 - [TEST_STEP][PASSED] - n = n + 1: null

31-03-2025T12:14:41 - [TEST_STEP][PASSED] - saveWorkbook(excelFilePath, workbook01): Object: 'Object Repository/Выполнение бизнес-плана/Кнопка Факт' is clicked on

31-03-2025T12:14:41 - [TEST_STEP][PASSED] - if (planFact == 2): Object: 'Object Repository/Выполнение бизнес-плана/Кнопка Факт' is clicked on

31-03-2025T12:14:41 - [TEST_STEP][PASSED] - click(findTestObject("Выполнение бизнес-плана/Кнопка Факт")): Object: 'Object Repository/Выполнение бизнес-плана/Кнопка Факт' is clicked on

31-03-2025T12:14:42 - [MESSAGE][PASSED] - Object: 'Object Repository/Выполнение бизнес-плана/Кнопка Факт' is clicked on

31-03-2025T12:14:42 - [TEST_STEP][PASSED] - println("a=" + a): null

31-03-2025T12:14:42 - [TEST_STEP][PASSED] - if (a == 84 || a == 82): null

31-03-2025T12:14:42 - [TEST_STEP][PASSED] - else if (a == 83 || a == 52 || a == 72 || a == 28 || a == 73 || a == 77 || a == 74 || a == 65 || a == 36 || a == 44 || a == 53 || a == 80 || a == 54 || a == 1 || a == 18 || a == 59 || a == 81): null

31-03-2025T12:14:42 - [TEST_STEP][PASSED] - page1 = getText(findTestObject("Object Repository/Выполнение бизнес-плана/spanPlan" + dzoNum)): Text of object 'Object Repository/Выполнение бизнес-плана/spanPlan2' is: '7.22
|'

31-03-2025T12:14:42 - [MESSAGE][PASSED] - Text of object 'Object Repository/Выполнение бизнес-плана/spanPlan2' is: '7.22
|'

31-03-2025T12:14:42 - [TEST_STEP][PASSED] - page1 = page1.replace("|", ""): null

31-03-2025T12:14:42 - [TEST_STEP][PASSED] - page2 = getText(findTestObject("Object Repository/Выполнение бизнес-плана/spanFact" + dzoNum)): Text of object 'Object Repository/Выполнение бизнес-плана/spanFact2' is: '6.22'

31-03-2025T12:14:42 - [MESSAGE][PASSED] - Text of object 'Object Repository/Выполнение бизнес-плана/spanFact2' is: '6.22'

31-03-2025T12:14:42 - [TEST_STEP][PASSED] - page2 = page2.replace("|", ""): null

31-03-2025T12:14:42 - [TEST_STEP][PASSED] - println("page1: " + page1): null

31-03-2025T12:14:42 - [TEST_STEP][PASSED] - println("page2: " + page2): null

31-03-2025T12:14:42 - [TEST_STEP][PASSED] - file = findTestData("PlanFact").getValue(4, a): null

31-03-2025T12:14:42 - [TEST_STEP][PASSED] - file = file.replace(",", "."): null

31-03-2025T12:14:42 - [TEST_STEP][PASSED] - println("file Plan: " + file): null

31-03-2025T12:14:42 - [TEST_STEP][PASSED] - typeOfData = "План в процентах": null

31-03-2025T12:14:42 - [TEST_STEP][PASSED] - fileDouble = file.toDouble(): null

31-03-2025T12:14:42 - [TEST_STEP][PASSED] - pageDouble = page1.toDouble(): null

31-03-2025T12:14:42 - [TEST_STEP][PASSED] - if (fileDouble != pageDouble): null

31-03-2025T12:14:42 - [TEST_STEP][PASSED] - numberOfErrors = numberOfErrors + 1: null

31-03-2025T12:14:42 - [TEST_STEP][PASSED] - Script1718980020443.WriteToExcel(a, typeOfData, todaysDate, pageInt, fileInt, pageDouble, fileDouble, dZO): null

31-03-2025T12:14:42 - [TEST_STEP][PASSED] - sheetName = "Sheet1": null

31-03-2025T12:14:42 - [TEST_STEP][PASSED] - data = findTestData("PlanFact"): null

31-03-2025T12:14:42 - [TEST_STEP][PASSED] - n = data.getRowNumbers() + 1: null

31-03-2025T12:14:42 - [TEST_STEP][PASSED] - day = ")).toInteger(): null

31-03-2025T12:14:42 - [TEST_STEP][PASSED] - println(day): null

31-03-2025T12:14:42 - [TEST_STEP][PASSED] - month = ")).toInteger(): null

31-03-2025T12:14:42 - [TEST_STEP][PASSED] - println(month): null

31-03-2025T12:14:42 - [TEST_STEP][PASSED] - y = <not implemented yet for class: org.codehaus.groovy.ast.expr.EmptyExpression>: null

31-03-2025T12:14:42 - [TEST_STEP][PASSED] - iy = <not implemented yet for class: org.codehaus.groovy.ast.expr.EmptyExpression>: null

31-03-2025T12:14:42 - [TEST_STEP][PASSED] - m = getText(findTestObject("Выполнение бизнес-плана/Период")): Text of object 'Object Repository/Выполнение бизнес-плана/Период' is: 'Январь 2025 года'

31-03-2025T12:14:43 - [MESSAGE][PASSED] - Text of object 'Object Repository/Выполнение бизнес-плана/Период' is: 'Январь 2025 года'

31-03-2025T12:14:43 - [TEST_STEP][PASSED] - iy = m.indexOf("20"): null

31-03-2025T12:14:43 - [TEST_STEP][PASSED] - if (iy > -1): null

31-03-2025T12:14:43 - [TEST_STEP][PASSED] - y = substring(iy, iy + 4).toInteger(): null

31-03-2025T12:14:43 - [TEST_STEP][PASSED] - println(y): null

31-03-2025T12:14:43 - [TEST_STEP][PASSED] - if (toString().length() == 4): null

31-03-2025T12:14:43 - [TEST_STEP][PASSED] - m = m.substring(0, m.indexOf(y.toString())): null

31-03-2025T12:14:43 - [TEST_STEP][PASSED] - m = m.trim(): null

31-03-2025T12:14:43 - [TEST_STEP][PASSED] - if (m == ""): null

31-03-2025T12:14:43 - [TEST_STEP][PASSED] - dashboardName = "Выполнение бизнес-плана": null

31-03-2025T12:14:43 - [TEST_STEP][PASSED] - workbook01 = getWorkbook(excelFilePath): null

31-03-2025T12:14:43 - [TEST_STEP][PASSED] - sheet01 = getExcelSheet(workbook01, sheetName): null

31-03-2025T12:14:43 - [TEST_STEP][PASSED] - setValueToCellByIndex(sheet01, n, 0, dashboardName): null

31-03-2025T12:14:43 - [TEST_STEP][PASSED] - setValueToCellByIndex(sheet01, n, 1, dZO): null

31-03-2025T12:14:43 - [TEST_STEP][PASSED] - setValueToCellByIndex(sheet01, n, 2, typeOfData): null

31-03-2025T12:14:43 - [TEST_STEP][PASSED] - if (typeOfData == "Факт в процентах" || typeOfData == "План в процентах"): null

31-03-2025T12:14:43 - [TEST_STEP][PASSED] - setValueToCellByIndex(sheet01, n, 3, fileDouble): null

31-03-2025T12:14:43 - [TEST_STEP][PASSED] - setValueToCellByIndex(sheet01, n, 4, pageDouble): null

31-03-2025T12:14:43 - [TEST_STEP][PASSED] - setValueToCellByIndex(sheet01, n, 5, m): null

31-03-2025T12:14:43 - [TEST_STEP][PASSED] - setValueToCellByIndex(sheet01, n, 6, y): null

31-03-2025T12:14:43 - [TEST_STEP][PASSED] - setValueToCellByIndex(sheet01, n, 7, todaysDate): null

31-03-2025T12:14:43 - [TEST_STEP][PASSED] - n = n + 1: null

31-03-2025T12:14:43 - [TEST_STEP][PASSED] - saveWorkbook(excelFilePath, workbook01): null

31-03-2025T12:14:43 - [TEST_STEP][PASSED] - file = findTestData("PlanFact").getValue(7, a): null

31-03-2025T12:14:43 - [TEST_STEP][PASSED] - file = file.replace(",", "."): null

31-03-2025T12:14:43 - [TEST_STEP][PASSED] - println("file Fact: " + file): null

31-03-2025T12:14:43 - [TEST_STEP][PASSED] - fileDouble = file.toDouble(): null

31-03-2025T12:14:43 - [TEST_STEP][PASSED] - typeOfData = "Факт в процентах": null

31-03-2025T12:14:43 - [TEST_STEP][PASSED] - fileDouble = file.toDouble(): null

31-03-2025T12:14:43 - [TEST_STEP][PASSED] - pageDouble = page2.toDouble(): null

31-03-2025T12:14:43 - [TEST_STEP][PASSED] - if (fileDouble != pageDouble): null

31-03-2025T12:14:43 - [TEST_STEP][PASSED] - numberOfErrors = numberOfErrors + 1: null

31-03-2025T12:14:43 - [TEST_STEP][PASSED] - Script1718980020443.WriteToExcel(a, typeOfData, todaysDate, pageInt, fileInt, pageDouble, fileDouble, dZO): null

31-03-2025T12:14:43 - [TEST_STEP][PASSED] - sheetName = "Sheet1": null

31-03-2025T12:14:43 - [TEST_STEP][PASSED] - data = findTestData("PlanFact"): null

31-03-2025T12:14:43 - [TEST_STEP][PASSED] - n = data.getRowNumbers() + 1: null

31-03-2025T12:14:43 - [TEST_STEP][PASSED] - day = ")).toInteger(): null

31-03-2025T12:14:43 - [TEST_STEP][PASSED] - println(day): null

31-03-2025T12:14:43 - [TEST_STEP][PASSED] - month = ")).toInteger(): null

31-03-2025T12:14:43 - [TEST_STEP][PASSED] - println(month): null

31-03-2025T12:14:43 - [TEST_STEP][PASSED] - y = <not implemented yet for class: org.codehaus.groovy.ast.expr.EmptyExpression>: null

31-03-2025T12:14:43 - [TEST_STEP][PASSED] - iy = <not implemented yet for class: org.codehaus.groovy.ast.expr.EmptyExpression>: null

31-03-2025T12:14:43 - [TEST_STEP][PASSED] - m = getText(findTestObject("Выполнение бизнес-плана/Период")): Text of object 'Object Repository/Выполнение бизнес-плана/Период' is: 'Январь 2025 года'

31-03-2025T12:14:43 - [MESSAGE][PASSED] - Text of object 'Object Repository/Выполнение бизнес-плана/Период' is: 'Январь 2025 года'

31-03-2025T12:14:43 - [TEST_STEP][PASSED] - iy = m.indexOf("20"): null

31-03-2025T12:14:43 - [TEST_STEP][PASSED] - if (iy > -1): null

31-03-2025T12:14:43 - [TEST_STEP][PASSED] - y = substring(iy, iy + 4).toInteger(): null

31-03-2025T12:14:43 - [TEST_STEP][PASSED] - println(y): null

31-03-2025T12:14:43 - [TEST_STEP][PASSED] - if (toString().length() == 4): null

31-03-2025T12:14:43 - [TEST_STEP][PASSED] - m = m.substring(0, m.indexOf(y.toString())): null

31-03-2025T12:14:43 - [TEST_STEP][PASSED] - m = m.trim(): null

31-03-2025T12:14:43 - [TEST_STEP][PASSED] - if (m == ""): null

31-03-2025T12:14:43 - [TEST_STEP][PASSED] - dashboardName = "Выполнение бизнес-плана": null

31-03-2025T12:14:43 - [TEST_STEP][PASSED] - workbook01 = getWorkbook(excelFilePath): null

31-03-2025T12:14:43 - [TEST_STEP][PASSED] - sheet01 = getExcelSheet(workbook01, sheetName): null

31-03-2025T12:14:43 - [TEST_STEP][PASSED] - setValueToCellByIndex(sheet01, n, 0, dashboardName): null

31-03-2025T12:14:43 - [TEST_STEP][PASSED] - setValueToCellByIndex(sheet01, n, 1, dZO): null

31-03-2025T12:14:43 - [TEST_STEP][PASSED] - setValueToCellByIndex(sheet01, n, 2, typeOfData): null

31-03-2025T12:14:43 - [TEST_STEP][PASSED] - if (typeOfData == "Факт в процентах" || typeOfData == "План в процентах"): null

31-03-2025T12:14:43 - [TEST_STEP][PASSED] - setValueToCellByIndex(sheet01, n, 3, fileDouble): null

31-03-2025T12:14:43 - [TEST_STEP][PASSED] - setValueToCellByIndex(sheet01, n, 4, pageDouble): null

31-03-2025T12:14:43 - [TEST_STEP][PASSED] - setValueToCellByIndex(sheet01, n, 5, m): null

31-03-2025T12:14:43 - [TEST_STEP][PASSED] - setValueToCellByIndex(sheet01, n, 6, y): null

31-03-2025T12:14:43 - [TEST_STEP][PASSED] - setValueToCellByIndex(sheet01, n, 7, todaysDate): null

31-03-2025T12:14:43 - [TEST_STEP][PASSED] - n = n + 1: null

31-03-2025T12:14:43 - [TEST_STEP][PASSED] - saveWorkbook(excelFilePath, workbook01): null

31-03-2025T12:14:44 - [TEST_STEP][FAILED] - if (verifyEqual(numberOfErrors, 0) == false): null

31-03-2025T12:14:44 - [MESSAGE][FAILED] - Unable to verify equal between actual object '6' and expected object '0' (Root cause: com.kms.katalon.core.exception.StepFailedException: Actual object '6' and expected object '0' are not equal
	at com.kms.katalon.core.keyword.builtin.VerifyEqualKeyword$_verifyEqual_closure1.doCall(VerifyEqualKeyword.groovy:58)
	at com.kms.katalon.core.keyword.builtin.VerifyEqualKeyword$_verifyEqual_closure1.call(VerifyEqualKeyword.groovy)
	at com.kms.katalon.core.keyword.internal.KeywordMain.runKeyword(KeywordMain.groovy:75)
	at com.kms.katalon.core.keyword.builtin.VerifyEqualKeyword.verifyEqual(VerifyEqualKeyword.groovy:63)
	at com.kms.katalon.core.keyword.builtin.VerifyEqualKeyword.execute(VerifyEqualKeyword.groovy:44)
	at com.kms.katalon.core.keyword.internal.KeywordExecutor.executeKeywordForPlatform(KeywordExecutor.groovy:74)
	at com.kms.katalon.core.keyword.BuiltinKeywords.verifyEqual(BuiltinKeywords.groovy:146)
	at jdk.internal.reflect.GeneratedMethodAccessor28.invoke(Unknown Source)
	at java.base/jdk.internal.reflect.DelegatingMethodAccessorImpl.invoke(DelegatingMethodAccessorImpl.java:43)
	at Выполнение бизнес-плана Сверка ПАО Россети все филиалы.Numbers(Выполнение бизнес-плана Сверка ПАО Россети все филиалы:744)
	at Выполнение бизнес-плана Сверка ПАО Россети все филиалы.run(Выполнение бизнес-плана Сверка ПАО Россети все филиалы:231)
	at com.kms.katalon.core.main.ScriptEngine.run(ScriptEngine.java:194)
	at com.kms.katalon.core.main.ScriptEngine.runScriptAsRawText(ScriptEngine.java:119)
	at com.kms.katalon.core.main.TestCaseExecutor.runScript(TestCaseExecutor.java:448)
	at com.kms.katalon.core.main.TestCaseExecutor.doExecute(TestCaseExecutor.java:439)
	at com.kms.katalon.core.main.TestCaseExecutor.processExecutionPhase(TestCaseExecutor.java:418)
	at com.kms.katalon.core.main.TestCaseExecutor.accessMainPhase(TestCaseExecutor.java:410)
	at com.kms.katalon.core.main.TestCaseExecutor.execute(TestCaseExecutor.java:285)
	at com.kms.katalon.core.common.CommonExecutor.accessTestCaseMainPhase(CommonExecutor.java:65)
	at com.kms.katalon.core.main.TestSuiteExecutor.accessTestSuiteMainPhase(TestSuiteExecutor.java:150)
	at com.kms.katalon.core.main.TestSuiteExecutor.execute(TestSuiteExecutor.java:106)
	at com.kms.katalon.core.main.TestCaseMain.startTestSuite(TestCaseMain.java:180)
	at TempTestSuite1743404878601.run(TempTestSuite1743404878601.groovy:35)
	at java.base/jdk.internal.reflect.NativeMethodAccessorImpl.invoke0(Native Method)
	at java.base/jdk.internal.reflect.NativeMethodAccessorImpl.invoke(NativeMethodAccessorImpl.java:77)
	at java.base/jdk.internal.reflect.DelegatingMethodAccessorImpl.invoke(DelegatingMethodAccessorImpl.java:43)
)

31-03-2025T12:14:44 - [TEST_STEP][PASSED] - println(numberOfErrors): null

31-03-2025T12:14:44 - [TEST_STEP][PASSED] - println("a=" + a): null

31-03-2025T12:14:44 - [TEST_STEP][PASSED] - if (a == 28 || a == 77 || a == 74 || a == 65 || a == 36 || a == 44 || a == 54 || a == 1 || a == 18 || a == 59): null

31-03-2025T12:14:44 - [TEST_STEP][PASSED] - Script1718980020443.Filials(a, typeOfData, todaysDate, pageInt, fileInt, pageDouble, fileDouble, dZO, dzoNum, filialNum): null

31-03-2025T12:14:44 - [TEST_STEP][PASSED] - i = <not implemented yet for class: org.codehaus.groovy.ast.expr.EmptyExpression>: null

31-03-2025T12:14:44 - [TEST_STEP][PASSED] - c = <not implemented yet for class: org.codehaus.groovy.ast.expr.EmptyExpression>: null

31-03-2025T12:14:44 - [TEST_STEP][PASSED] - page = <not implemented yet for class: org.codehaus.groovy.ast.expr.EmptyExpression>: null

31-03-2025T12:14:44 - [TEST_STEP][PASSED] - println(dZO): null

31-03-2025T12:14:44 - [TEST_STEP][PASSED] - reducedDZO = <not implemented yet for class: org.codehaus.groovy.ast.expr.EmptyExpression>: null

31-03-2025T12:14:44 - [TEST_STEP][PASSED] - reducedDZO = dZO.substring(dZO.indexOf(" ") + 1, dZO.length()): null

31-03-2025T12:14:44 - [TEST_STEP][PASSED] - if (reducedDZO.contains(" ")): null

31-03-2025T12:14:44 - [TEST_STEP][PASSED] - println(reducedDZO): null

31-03-2025T12:14:44 - [TEST_STEP][PASSED] - dzoCut = <not implemented yet for class: org.codehaus.groovy.ast.expr.EmptyExpression>: null

31-03-2025T12:14:44 - [TEST_STEP][PASSED] - Script1718980020443.DZO(a): null

31-03-2025T12:14:44 - [TEST_STEP][PASSED] - delay(20): Delayed 20 second(s)

31-03-2025T12:15:04 - [MESSAGE][PASSED] - Delayed 20 second(s)

31-03-2025T12:15:04 - [TEST_STEP][PASSED] - Script1718980020443.OpenFilter(): null

31-03-2025T12:15:04 - [TEST_STEP][PASSED] - click(findTestObject("Object Repository/Выполнение бизнес-плана/Фильтр ДЗО")): Object: 'Object Repository/Выполнение бизнес-плана/Фильтр ДЗО' is clicked on

31-03-2025T12:15:04 - [MESSAGE][PASSED] - Object: 'Object Repository/Выполнение бизнес-плана/Фильтр ДЗО' is clicked on

31-03-2025T12:15:04 - [TEST_STEP][PASSED] - click(findTestObject("Выполнение бизнес-плана/Снять выделение в фильтре ДЗО")): Object: 'Object Repository/Выполнение бизнес-плана/Снять выделение в фильтре ДЗО' is clicked on

31-03-2025T12:15:05 - [MESSAGE][PASSED] - Object: 'Object Repository/Выполнение бизнес-плана/Снять выделение в фильтре ДЗО' is clicked on

31-03-2025T12:15:05 - [TEST_STEP][PASSED] - Script1718980020443.OpenRSK(): null

31-03-2025T12:15:05 - [TEST_STEP][PASSED] - click(findTestObject("Выполнение бизнес-плана/Раскрыть список ПАО Россети в фильтре ДЗО")): Object: 'Object Repository/Выполнение бизнес-плана/Раскрыть список ПАО Россети в фильтре ДЗО' is clicked on

31-03-2025T12:15:05 - [MESSAGE][PASSED] - Object: 'Object Repository/Выполнение бизнес-плана/Раскрыть список ПАО Россети в фильтре ДЗО' is clicked on

31-03-2025T12:15:05 - [TEST_STEP][PASSED] - click(findTestObject("Выполнение бизнес-плана/Раскрыть список РаспредКомплекс в фильтре ДЗО")): Object: 'Object Repository/Выполнение бизнес-плана/Раскрыть список РаспредКомплекс в фильтре ДЗО' is clicked on

31-03-2025T12:15:05 - [MESSAGE][PASSED] - Object: 'Object Repository/Выполнение бизнес-плана/Раскрыть список РаспредКомплекс в фильтре ДЗО' is clicked on

31-03-2025T12:15:05 - [TEST_STEP][PASSED] - if (a == 28): Object: 'Object Repository/Выполнение бизнес-плана/Россети Волга' is clicked on

31-03-2025T12:15:05 - [TEST_STEP][PASSED] - scrollToElement(findTestObject("Общие объекты/Раскрыть список Россети Волга"), 30): Scroll to object 'Object Repository/Общие объекты/Раскрыть список Россети Волга' successfully

31-03-2025T12:15:06 - [MESSAGE][PASSED] - Scroll to object 'Object Repository/Общие объекты/Раскрыть список Россети Волга' successfully

31-03-2025T12:15:06 - [TEST_STEP][PASSED] - click(findTestObject("Выполнение бизнес-плана/Россети Волга")): Object: 'Object Repository/Выполнение бизнес-плана/Россети Волга' is clicked on

31-03-2025T12:15:06 - [MESSAGE][PASSED] - Object: 'Object Repository/Выполнение бизнес-плана/Россети Волга' is clicked on

31-03-2025T12:15:06 - [TEST_STEP][PASSED] - if (a == 77): null

31-03-2025T12:15:06 - [TEST_STEP][PASSED] - if (a == 74): null

31-03-2025T12:15:06 - [TEST_STEP][PASSED] - if (a == 65): null

31-03-2025T12:15:06 - [TEST_STEP][PASSED] - if (a == 36): null

31-03-2025T12:15:06 - [TEST_STEP][PASSED] - if (a == 44): null

31-03-2025T12:15:06 - [TEST_STEP][PASSED] - if (a == 54): null

31-03-2025T12:15:06 - [TEST_STEP][PASSED] - if (a == 1): null

31-03-2025T12:15:06 - [TEST_STEP][PASSED] - if (a == 18): null

31-03-2025T12:15:06 - [TEST_STEP][PASSED] - if (a == 59): null

31-03-2025T12:15:06 - [TEST_STEP][PASSED] - Script1718980020443.CloseFilter(): null

31-03-2025T12:15:06 - [TEST_STEP][PASSED] - scrollToElement(findTestObject("Выполнение бизнес-плана/Заголовок дашборда"), 30): Scroll to object 'Object Repository/Выполнение бизнес-плана/Заголовок дашборда' successfully

31-03-2025T12:15:07 - [MESSAGE][PASSED] - Scroll to object 'Object Repository/Выполнение бизнес-плана/Заголовок дашборда' successfully

31-03-2025T12:15:07 - [TEST_STEP][PASSED] - click(findTestObject("Object Repository/Выполнение бизнес-плана/Применить в фильтре ДЗО")): Object: 'Object Repository/Выполнение бизнес-плана/Применить в фильтре ДЗО' is clicked on

31-03-2025T12:15:08 - [MESSAGE][PASSED] - Object: 'Object Repository/Выполнение бизнес-плана/Применить в фильтре ДЗО' is clicked on

31-03-2025T12:15:08 - [TEST_STEP][PASSED] - delay(20): Delayed 20 second(s)

31-03-2025T12:15:28 - [MESSAGE][PASSED] - Delayed 20 second(s)

31-03-2025T12:15:28 - [TEST_STEP][PASSED] - Script1718980020443.ZakrytOpoveshenie(): null

31-03-2025T12:15:28 - [TEST_STEP][PASSED] - delay(10): Delayed 10 second(s)

31-03-2025T12:15:38 - [MESSAGE][PASSED] - Delayed 10 second(s)

31-03-2025T12:15:38 - [TEST_STEP][PASSED] - opoveshenie = getText(findTestObject("Выполнение бизнес-плана/Просьба обратить внимание")): Text of object 'Object Repository/Выполнение бизнес-плана/Просьба обратить внимание' is: ''

31-03-2025T12:15:38 - [MESSAGE][PASSED] - Text of object 'Object Repository/Выполнение бизнес-плана/Просьба обратить внимание' is: ''

31-03-2025T12:15:38 - [TEST_STEP][PASSED] - println(opoveshenie): null

31-03-2025T12:15:38 - [TEST_STEP][PASSED] - if (opoveshenie == "Просьба обратить внимание"): null

31-03-2025T12:15:38 - [TEST_STEP][PASSED] - page = getText(findTestObject("Object Repository/Выполнение бизнес-плана/Filials")): Text of object 'Object Repository/Выполнение бизнес-плана/Filials' is: 'Мордовэнерго
Оренбургэнерго
Пензаэнерго
Самарские РС
Саратовские РС
Ульяновские РС
Чувашэнерго
0
10
20
30
40
50
60
70'

31-03-2025T12:15:38 - [MESSAGE][PASSED] - Text of object 'Object Repository/Выполнение бизнес-плана/Filials' is: 'Мордовэнерго
Оренбургэнерго
Пензаэнерго
Самарские РС
Саратовские РС
Ульяновские РС
Чувашэнерго
0
10
20
30
40
50
60
70'

31-03-2025T12:15:38 - [TEST_STEP][PASSED] - println(page): null

31-03-2025T12:15:38 - [TEST_STEP][PASSED] - c = page.indexOf(reducedDZO): null

31-03-2025T12:15:38 - [TEST_STEP][PASSED] - if (c > -1): null

31-03-2025T12:15:38 - [TEST_STEP][PASSED] - x2 = getText(findTestObject("Выполнение бизнес-плана/Список ДЗО старый")): Text of object 'Object Repository/Выполнение бизнес-плана/Список ДЗО старый' is: 'Мордовэнерго
Оренбургэнерго
Пензаэнерго
Самарские РС
Саратовские РС
Ульяновские РС
Чувашэнерго
0
10
20
30
40
50
60
70'

31-03-2025T12:15:39 - [MESSAGE][PASSED] - Text of object 'Object Repository/Выполнение бизнес-плана/Список ДЗО старый' is: 'Мордовэнерго
Оренбургэнерго
Пензаэнерго
Самарские РС
Саратовские РС
Ульяновские РС
Чувашэнерго
0
10
20
30
40
50
60
70'

31-03-2025T12:15:39 - [TEST_STEP][PASSED] - if (a == 28): null

31-03-2025T12:15:39 - [TEST_STEP][PASSED] - dZO = "Мордовэнерго": null

31-03-2025T12:15:39 - [TEST_STEP][PASSED] - a = 29: null

31-03-2025T12:15:39 - [TEST_STEP][PASSED] - if (x2.contains(dZO)): null

31-03-2025T12:15:39 - [TEST_STEP][PASSED] - filialNum = filialNum + 1: null

31-03-2025T12:15:39 - [TEST_STEP][PASSED] - Script1718980020443.Numbers(a, typeOfData, todaysDate, pageInt, fileInt, pageDouble, fileDouble, dZO, dzoNum, filialNum): null

31-03-2025T12:15:39 - [TEST_STEP][PASSED] - println(dzoNum): null

31-03-2025T12:15:39 - [TEST_STEP][PASSED] - planFact = <not implemented yet for class: org.codehaus.groovy.ast.expr.EmptyExpression>: null

31-03-2025T12:15:39 - [TEST_STEP][PASSED] - page = <not implemented yet for class: org.codehaus.groovy.ast.expr.EmptyExpression>: null

31-03-2025T12:15:39 - [TEST_STEP][PASSED] - page1 = <not implemented yet for class: org.codehaus.groovy.ast.expr.EmptyExpression>: null

31-03-2025T12:15:39 - [TEST_STEP][PASSED] - page2 = <not implemented yet for class: org.codehaus.groovy.ast.expr.EmptyExpression>: null

31-03-2025T12:15:39 - [TEST_STEP][PASSED] - filialNumberInRow = <not implemented yet for class: org.codehaus.groovy.ast.expr.EmptyExpression>: null

31-03-2025T12:15:39 - [TEST_STEP][PASSED] - filialsDzoNames = <not implemented yet for class: org.codehaus.groovy.ast.expr.EmptyExpression>: null

31-03-2025T12:15:39 - [TEST_STEP][PASSED] - numberOfFilials = <not implemented yet for class: org.codehaus.groovy.ast.expr.EmptyExpression>: null

31-03-2025T12:15:39 - [TEST_STEP][PASSED] - numberOfSpaces = <not implemented yet for class: org.codehaus.groovy.ast.expr.EmptyExpression>: null

31-03-2025T12:15:39 - [TEST_STEP][PASSED] - file = <not implemented yet for class: org.codehaus.groovy.ast.expr.EmptyExpression>: null

31-03-2025T12:15:39 - [TEST_STEP][PASSED] - otpusk = <not implemented yet for class: org.codehaus.groovy.ast.expr.EmptyExpression>: null

31-03-2025T12:15:39 - [TEST_STEP][PASSED] - poteri = <not implemented yet for class: org.codehaus.groovy.ast.expr.EmptyExpression>: null

31-03-2025T12:15:39 - [TEST_STEP][PASSED] - dataFolder = "Выполнение бизнес-плана/Значения со страницы Выполнение бизнес-плана/": null

31-03-2025T12:15:39 - [TEST_STEP][PASSED] - path = <not implemented yet for class: org.codehaus.groovy.ast.expr.EmptyExpression>: null

31-03-2025T12:15:39 - [TEST_STEP][PASSED] - typeOfDataMain = <not implemented yet for class: org.codehaus.groovy.ast.expr.EmptyExpression>: null

31-03-2025T12:15:39 - [TEST_STEP][PASSED] - fileOtpuskVSet = <not implemented yet for class: org.codehaus.groovy.ast.expr.EmptyExpression>: null

31-03-2025T12:15:39 - [TEST_STEP][PASSED] - pageOtpuskVSet = <not implemented yet for class: org.codehaus.groovy.ast.expr.EmptyExpression>: null

31-03-2025T12:15:39 - [TEST_STEP][PASSED] - filePoteri = <not implemented yet for class: org.codehaus.groovy.ast.expr.EmptyExpression>: null

31-03-2025T12:15:39 - [TEST_STEP][PASSED] - pagePoteri = <not implemented yet for class: org.codehaus.groovy.ast.expr.EmptyExpression>: null

31-03-2025T12:15:39 - [TEST_STEP][PASSED] - compare = <not implemented yet for class: org.codehaus.groovy.ast.expr.EmptyExpression>: null

31-03-2025T12:15:39 - [TEST_STEP][PASSED] - b = <not implemented yet for class: org.codehaus.groovy.ast.expr.EmptyExpression>: null

31-03-2025T12:15:39 - [TEST_STEP][PASSED] - i = <not implemented yet for class: org.codehaus.groovy.ast.expr.EmptyExpression>: null

31-03-2025T12:15:39 - [TEST_STEP][PASSED] - ii = <not implemented yet for class: org.codehaus.groovy.ast.expr.EmptyExpression>: null

31-03-2025T12:15:39 - [TEST_STEP][PASSED] - c = <not implemented yet for class: org.codehaus.groovy.ast.expr.EmptyExpression>: null

31-03-2025T12:15:39 - [TEST_STEP][PASSED] - numberOfErrors = 0: null

31-03-2025T12:15:39 - [TEST_STEP][PASSED] - if (a == 82): null

31-03-2025T12:15:39 - [TEST_STEP][PASSED] - b = findTestData("PlanFact").getValue(1, a): null

31-03-2025T12:15:39 - [TEST_STEP][PASSED] - i = b.indexOf(" (ГК)"): null

31-03-2025T12:15:39 - [TEST_STEP][PASSED] - if (i > -1): null

31-03-2025T12:15:39 - [TEST_STEP][PASSED] - i = b.indexOf("О ""): null

31-03-2025T12:15:39 - [TEST_STEP][PASSED] - if (i > -1): null

31-03-2025T12:15:39 - [TEST_STEP][PASSED] - i = b.indexOf("О «"): null

31-03-2025T12:15:39 - [TEST_STEP][PASSED] - if (i > -1): null

31-03-2025T12:15:39 - [TEST_STEP][PASSED] - i = b.indexOf("г. "): null

31-03-2025T12:15:39 - [TEST_STEP][PASSED] - if (i > -1): null

31-03-2025T12:15:39 - [TEST_STEP][PASSED] - b = b.trim(): null

31-03-2025T12:15:39 - [TEST_STEP][PASSED] - println(b): null

31-03-2025T12:15:39 - [TEST_STEP][PASSED] - for ([planFact = 1, planFact < 3, (planFact++)]): Object: 'Object Repository/Выполнение бизнес-плана/Кнопка Факт' is clicked on

31-03-2025T12:15:39 - [TEST_STEP][PASSED] - if (planFact == 1): null

31-03-2025T12:15:39 - [TEST_STEP][PASSED] - typeOfDataMain = "Факт": null

31-03-2025T12:15:39 - [TEST_STEP][PASSED] - otpusk = findTestData("PlanFact").getValue(5, a): null

31-03-2025T12:15:39 - [TEST_STEP][PASSED] - poteri = findTestData("PlanFact").getValue(6, a): null

31-03-2025T12:15:39 - [TEST_STEP][PASSED] - otpusk = otpusk.replaceAll("\s+", ""): null

31-03-2025T12:15:39 - [TEST_STEP][PASSED] - poteri = poteri.replaceAll("\s+", ""): null

31-03-2025T12:15:39 - [TEST_STEP][PASSED] - typeOfData = typeOfDataMain + " Отпуск в сеть": null

31-03-2025T12:15:39 - [TEST_STEP][PASSED] - if (a == 82): null

31-03-2025T12:15:39 - [TEST_STEP][PASSED] - else if (a == 84): null

31-03-2025T12:15:39 - [TEST_STEP][PASSED] - else if (a == 83 || a == 52 || a == 72 || a == 28 || a == 73 || a == 77 || a == 74 || a == 65 || a == 36 || a == 44 || a == 53 || a == 80 || a == 54 || a == 1 || a == 18 || a == 59 || a == 81): null

31-03-2025T12:15:39 - [TEST_STEP][PASSED] - else: null

31-03-2025T12:15:39 - [TEST_STEP][PASSED] - path = dataFolder + typeOfData + " за отчётный период " + b: null

31-03-2025T12:15:39 - [TEST_STEP][PASSED] - println(path): null

31-03-2025T12:15:39 - [TEST_STEP][PASSED] - page = getText(findTestObject(path)): Text of object 'Object Repository/Выполнение бизнес-плана/Значения со страницы Выполнение бизнес-плана/Факт Отпуск в сеть за отчётный период Мордовэнерго' is: '215 041'

31-03-2025T12:15:39 - [MESSAGE][PASSED] - Text of object 'Object Repository/Выполнение бизнес-плана/Значения со страницы Выполнение бизнес-плана/Факт Отпуск в сеть за отчётный период Мордовэнерго' is: '215 041'

31-03-2025T12:15:39 - [TEST_STEP][PASSED] - if (page == "" || page == null): null

31-03-2025T12:15:39 - [TEST_STEP][PASSED] - else: null

31-03-2025T12:15:39 - [TEST_STEP][PASSED] - page = page.replaceAll("\s+", ""): null

31-03-2025T12:15:39 - [TEST_STEP][PASSED] - if (page == "undefined"): null

31-03-2025T12:15:39 - [TEST_STEP][PASSED] - fileOtpuskVSet = otpusk.toInteger(): null

31-03-2025T12:15:39 - [TEST_STEP][PASSED] - pageOtpuskVSet = page.toInteger(): null

31-03-2025T12:15:39 - [TEST_STEP][PASSED] - typeOfData = typeOfDataMain + " Потери": null

31-03-2025T12:15:39 - [TEST_STEP][PASSED] - if (a == 82): null

31-03-2025T12:15:39 - [TEST_STEP][PASSED] - else if (a == 84): null

31-03-2025T12:15:39 - [TEST_STEP][PASSED] - else if (a == 83 || a == 52 || a == 72 || a == 28 || a == 73 || a == 77 || a == 74 || a == 65 || a == 44 || a == 53 || a == 80 || a == 54 || a == 1 || a == 18 || a == 59 || a == 81): null

31-03-2025T12:15:39 - [TEST_STEP][PASSED] - else: null

31-03-2025T12:15:39 - [TEST_STEP][PASSED] - path = dataFolder + typeOfData + " за отчётный период " + b: null

31-03-2025T12:15:39 - [TEST_STEP][PASSED] - page = getText(findTestObject(path)): Text of object 'Object Repository/Выполнение бизнес-плана/Значения со страницы Выполнение бизнес-плана/Факт Потери за отчётный период Мордовэнерго' is: '17 067'

31-03-2025T12:15:39 - [MESSAGE][PASSED] - Text of object 'Object Repository/Выполнение бизнес-плана/Значения со страницы Выполнение бизнес-плана/Факт Потери за отчётный период Мордовэнерго' is: '17 067'

31-03-2025T12:15:39 - [TEST_STEP][PASSED] - if (page == "" || page == null): null

31-03-2025T12:15:39 - [TEST_STEP][PASSED] - else: null

31-03-2025T12:15:39 - [TEST_STEP][PASSED] - page = page.replaceAll("\s+", ""): null

31-03-2025T12:15:39 - [TEST_STEP][PASSED] - if (page == "undefined"): null

31-03-2025T12:15:39 - [TEST_STEP][PASSED] - filePoteri = poteri.toInteger(): null

31-03-2025T12:15:39 - [TEST_STEP][PASSED] - pagePoteri = page.toInteger(): null

31-03-2025T12:15:39 - [TEST_STEP][PASSED] - compare = pageOtpuskVSet: null

31-03-2025T12:15:39 - [TEST_STEP][PASSED] - if (pageOtpuskVSet != null): null

31-03-2025T12:15:39 - [TEST_STEP][PASSED] - if (compare == fileOtpuskVSet): null

31-03-2025T12:15:39 - [TEST_STEP][PASSED] - if (compare == fileOtpuskVSet): null

31-03-2025T12:15:39 - [TEST_STEP][PASSED] - compare = pagePoteri: null

31-03-2025T12:15:39 - [TEST_STEP][PASSED] - if (pageOtpuskVSet != null): null

31-03-2025T12:15:39 - [TEST_STEP][PASSED] - if (compare == filePoteri): null

31-03-2025T12:15:39 - [TEST_STEP][PASSED] - if (compare == filePoteri): null

31-03-2025T12:15:39 - [TEST_STEP][PASSED] - if (planFact == 2): null

31-03-2025T12:15:39 - [TEST_STEP][PASSED] - if (planFact == 1): null

31-03-2025T12:15:39 - [TEST_STEP][PASSED] - else if (planFact == 2): null

31-03-2025T12:15:39 - [TEST_STEP][PASSED] - click(findTestObject("Выполнение бизнес-плана/Кнопка План")): Object: 'Object Repository/Выполнение бизнес-плана/Кнопка План' is clicked on

31-03-2025T12:15:40 - [MESSAGE][PASSED] - Object: 'Object Repository/Выполнение бизнес-плана/Кнопка План' is clicked on

31-03-2025T12:15:40 - [TEST_STEP][PASSED] - typeOfDataMain = "План": null

31-03-2025T12:15:40 - [TEST_STEP][PASSED] - otpusk = findTestData("PlanFact").getValue(2, a): null

31-03-2025T12:15:40 - [TEST_STEP][PASSED] - poteri = findTestData("PlanFact").getValue(3, a): null

31-03-2025T12:15:40 - [TEST_STEP][PASSED] - otpusk = otpusk.replaceAll("\s+", ""): null

31-03-2025T12:15:40 - [TEST_STEP][PASSED] - poteri = poteri.replaceAll("\s+", ""): null

31-03-2025T12:15:40 - [TEST_STEP][PASSED] - typeOfData = typeOfDataMain + " Отпуск в сеть": null

31-03-2025T12:15:40 - [TEST_STEP][PASSED] - if (a == 82): null

31-03-2025T12:15:40 - [TEST_STEP][PASSED] - else if (a == 84): null

31-03-2025T12:15:40 - [TEST_STEP][PASSED] - else if (a == 83 || a == 52 || a == 72 || a == 28 || a == 73 || a == 77 || a == 74 || a == 65 || a == 36 || a == 44 || a == 53 || a == 80 || a == 54 || a == 1 || a == 18 || a == 59 || a == 81): null

31-03-2025T12:15:40 - [TEST_STEP][PASSED] - else: null

31-03-2025T12:15:40 - [TEST_STEP][PASSED] - path = dataFolder + typeOfData + " за отчётный период " + b: null

31-03-2025T12:15:40 - [TEST_STEP][PASSED] - println(path): null

31-03-2025T12:15:40 - [TEST_STEP][PASSED] - page = getText(findTestObject(path)): Text of object 'Object Repository/Выполнение бизнес-плана/Значения со страницы Выполнение бизнес-плана/План Отпуск в сеть за отчётный период Мордовэнерго' is: '229 662'

31-03-2025T12:15:40 - [MESSAGE][PASSED] - Text of object 'Object Repository/Выполнение бизнес-плана/Значения со страницы Выполнение бизнес-плана/План Отпуск в сеть за отчётный период Мордовэнерго' is: '229 662'

31-03-2025T12:15:40 - [TEST_STEP][PASSED] - if (page == "" || page == null): null

31-03-2025T12:15:40 - [TEST_STEP][PASSED] - else: null

31-03-2025T12:15:40 - [TEST_STEP][PASSED] - page = page.replaceAll("\s+", ""): null

31-03-2025T12:15:40 - [TEST_STEP][PASSED] - if (page == "undefined"): null

31-03-2025T12:15:40 - [TEST_STEP][PASSED] - fileOtpuskVSet = otpusk.toInteger(): null

31-03-2025T12:15:40 - [TEST_STEP][PASSED] - pageOtpuskVSet = page.toInteger(): null

31-03-2025T12:15:40 - [TEST_STEP][PASSED] - typeOfData = typeOfDataMain + " Потери": null

31-03-2025T12:15:40 - [TEST_STEP][PASSED] - if (a == 82): null

31-03-2025T12:15:40 - [TEST_STEP][PASSED] - else if (a == 84): null

31-03-2025T12:15:40 - [TEST_STEP][PASSED] - else if (a == 83 || a == 52 || a == 72 || a == 28 || a == 73 || a == 77 || a == 74 || a == 65 || a == 44 || a == 53 || a == 80 || a == 54 || a == 1 || a == 18 || a == 59 || a == 81): null

31-03-2025T12:15:40 - [TEST_STEP][PASSED] - else: null

31-03-2025T12:15:40 - [TEST_STEP][PASSED] - path = dataFolder + typeOfData + " за отчётный период " + b: null

31-03-2025T12:15:40 - [TEST_STEP][PASSED] - page = getText(findTestObject(path)): Text of object 'Object Repository/Выполнение бизнес-плана/Значения со страницы Выполнение бизнес-плана/План Потери за отчётный период Мордовэнерго' is: '20 787'

31-03-2025T12:15:41 - [MESSAGE][PASSED] - Text of object 'Object Repository/Выполнение бизнес-плана/Значения со страницы Выполнение бизнес-плана/План Потери за отчётный период Мордовэнерго' is: '20 787'

31-03-2025T12:15:41 - [TEST_STEP][PASSED] - if (page == "" || page == null): null

31-03-2025T12:15:41 - [TEST_STEP][PASSED] - else: null

31-03-2025T12:15:41 - [TEST_STEP][PASSED] - page = page.replaceAll("\s+", ""): null

31-03-2025T12:15:41 - [TEST_STEP][PASSED] - if (page == "undefined"): null

31-03-2025T12:15:41 - [TEST_STEP][PASSED] - filePoteri = poteri.toInteger(): null

31-03-2025T12:15:41 - [TEST_STEP][PASSED] - pagePoteri = page.toInteger(): null

31-03-2025T12:15:41 - [TEST_STEP][PASSED] - compare = pageOtpuskVSet: null

31-03-2025T12:15:41 - [TEST_STEP][PASSED] - if (pageOtpuskVSet != null): null

31-03-2025T12:15:41 - [TEST_STEP][PASSED] - if (compare == fileOtpuskVSet): null

31-03-2025T12:15:41 - [TEST_STEP][PASSED] - if (compare == fileOtpuskVSet): null

31-03-2025T12:15:41 - [TEST_STEP][PASSED] - compare = pagePoteri: null

31-03-2025T12:15:41 - [TEST_STEP][PASSED] - if (pageOtpuskVSet != null): null

31-03-2025T12:15:41 - [TEST_STEP][PASSED] - if (compare == filePoteri): null

31-03-2025T12:15:41 - [TEST_STEP][PASSED] - if (compare == filePoteri): null

31-03-2025T12:15:41 - [TEST_STEP][PASSED] - if (planFact == 2): Object: 'Object Repository/Выполнение бизнес-плана/Кнопка Факт' is clicked on

31-03-2025T12:15:41 - [TEST_STEP][PASSED] - click(findTestObject("Выполнение бизнес-плана/Кнопка Факт")): Object: 'Object Repository/Выполнение бизнес-плана/Кнопка Факт' is clicked on

31-03-2025T12:15:41 - [MESSAGE][PASSED] - Object: 'Object Repository/Выполнение бизнес-плана/Кнопка Факт' is clicked on

31-03-2025T12:15:41 - [TEST_STEP][PASSED] - println("a=" + a): null

31-03-2025T12:15:41 - [TEST_STEP][PASSED] - if (a == 84 || a == 82): null

31-03-2025T12:15:41 - [TEST_STEP][PASSED] - else if (a == 83 || a == 52 || a == 72 || a == 28 || a == 73 || a == 77 || a == 74 || a == 65 || a == 36 || a == 44 || a == 53 || a == 80 || a == 54 || a == 1 || a == 18 || a == 59 || a == 81): null

31-03-2025T12:15:41 - [TEST_STEP][PASSED] - else: null

31-03-2025T12:15:41 - [TEST_STEP][PASSED] - page1 = getText(findTestObject("Object Repository/Выполнение бизнес-плана/spanPlan" + filialNum)): Text of object 'Object Repository/Выполнение бизнес-плана/spanPlan1' is: '9.05
|'

31-03-2025T12:15:41 - [MESSAGE][PASSED] - Text of object 'Object Repository/Выполнение бизнес-плана/spanPlan1' is: '9.05
|'

31-03-2025T12:15:41 - [TEST_STEP][PASSED] - page1 = page1.replace("|", ""): null

31-03-2025T12:15:41 - [TEST_STEP][PASSED] - page2 = getText(findTestObject("Object Repository/Выполнение бизнес-плана/spanFact" + filialNum)): Text of object 'Object Repository/Выполнение бизнес-плана/spanFact1' is: '7.94
|'

31-03-2025T12:15:41 - [MESSAGE][PASSED] - Text of object 'Object Repository/Выполнение бизнес-плана/spanFact1' is: '7.94
|'

31-03-2025T12:15:41 - [TEST_STEP][PASSED] - page2 = page2.replace("|", ""): null

31-03-2025T12:15:41 - [TEST_STEP][PASSED] - println("page1: " + page1): null

31-03-2025T12:15:41 - [TEST_STEP][PASSED] - println("page2: " + page2): null

31-03-2025T12:15:41 - [TEST_STEP][PASSED] - file = findTestData("PlanFact").getValue(4, a): null

31-03-2025T12:15:42 - [TEST_STEP][PASSED] - file = file.replace(",", "."): null

31-03-2025T12:15:42 - [TEST_STEP][PASSED] - println("file Plan: " + file): null

31-03-2025T12:15:42 - [TEST_STEP][PASSED] - typeOfData = "План в процентах": null

31-03-2025T12:15:42 - [TEST_STEP][PASSED] - fileDouble = file.toDouble(): null

31-03-2025T12:15:42 - [TEST_STEP][PASSED] - pageDouble = page1.toDouble(): null

31-03-2025T12:15:42 - [TEST_STEP][PASSED] - if (fileDouble != pageDouble): null

31-03-2025T12:15:42 - [TEST_STEP][PASSED] - file = findTestData("PlanFact").getValue(7, a): null

31-03-2025T12:15:42 - [TEST_STEP][PASSED] - file = file.replace(",", "."): null

31-03-2025T12:15:42 - [TEST_STEP][PASSED] - println("file Fact: " + file): null

31-03-2025T12:15:42 - [TEST_STEP][PASSED] - fileDouble = file.toDouble(): null

31-03-2025T12:15:42 - [TEST_STEP][PASSED] - typeOfData = "Факт в процентах": null

31-03-2025T12:15:42 - [TEST_STEP][PASSED] - fileDouble = file.toDouble(): null

31-03-2025T12:15:42 - [TEST_STEP][PASSED] - pageDouble = page2.toDouble(): null

31-03-2025T12:15:42 - [TEST_STEP][PASSED] - if (fileDouble != pageDouble): null

31-03-2025T12:15:42 - [TEST_STEP][PASSED] - if (verifyEqual(numberOfErrors, 0) == false): Actual object '0' and expected object '0' are equal

31-03-2025T12:15:42 - [MESSAGE][PASSED] - Actual object '0' and expected object '0' are equal

31-03-2025T12:15:42 - [TEST_STEP][PASSED] - if (a == 82): null

31-03-2025T12:15:42 - [TEST_STEP][PASSED] - dZO = "Оренбургэнерго": null

31-03-2025T12:15:42 - [TEST_STEP][PASSED] - a = 30: null

31-03-2025T12:15:42 - [TEST_STEP][PASSED] - if (x2.contains(dZO)): null

31-03-2025T12:15:42 - [TEST_STEP][PASSED] - filialNum = filialNum + 1: null

31-03-2025T12:15:42 - [TEST_STEP][PASSED] - Script1718980020443.Numbers(a, typeOfData, todaysDate, pageInt, fileInt, pageDouble, fileDouble, dZO, dzoNum, filialNum): null

31-03-2025T12:15:42 - [TEST_STEP][PASSED] - println(dzoNum): null

31-03-2025T12:15:42 - [TEST_STEP][PASSED] - planFact = <not implemented yet for class: org.codehaus.groovy.ast.expr.EmptyExpression>: null

31-03-2025T12:15:42 - [TEST_STEP][PASSED] - page = <not implemented yet for class: org.codehaus.groovy.ast.expr.EmptyExpression>: null

31-03-2025T12:15:42 - [TEST_STEP][PASSED] - page1 = <not implemented yet for class: org.codehaus.groovy.ast.expr.EmptyExpression>: null

31-03-2025T12:15:42 - [TEST_STEP][PASSED] - page2 = <not implemented yet for class: org.codehaus.groovy.ast.expr.EmptyExpression>: null

31-03-2025T12:15:42 - [TEST_STEP][PASSED] - filialNumberInRow = <not implemented yet for class: org.codehaus.groovy.ast.expr.EmptyExpression>: null

31-03-2025T12:15:42 - [TEST_STEP][PASSED] - filialsDzoNames = <not implemented yet for class: org.codehaus.groovy.ast.expr.EmptyExpression>: null

31-03-2025T12:15:42 - [TEST_STEP][PASSED] - numberOfFilials = <not implemented yet for class: org.codehaus.groovy.ast.expr.EmptyExpression>: null

31-03-2025T12:15:42 - [TEST_STEP][PASSED] - numberOfSpaces = <not implemented yet for class: org.codehaus.groovy.ast.expr.EmptyExpression>: null

31-03-2025T12:15:42 - [TEST_STEP][PASSED] - file = <not implemented yet for class: org.codehaus.groovy.ast.expr.EmptyExpression>: null

31-03-2025T12:15:42 - [TEST_STEP][PASSED] - otpusk = <not implemented yet for class: org.codehaus.groovy.ast.expr.EmptyExpression>: null

31-03-2025T12:15:42 - [TEST_STEP][PASSED] - poteri = <not implemented yet for class: org.codehaus.groovy.ast.expr.EmptyExpression>: null

31-03-2025T12:15:42 - [TEST_STEP][PASSED] - dataFolder = "Выполнение бизнес-плана/Значения со страницы Выполнение бизнес-плана/": null

31-03-2025T12:15:42 - [TEST_STEP][PASSED] - path = <not implemented yet for class: org.codehaus.groovy.ast.expr.EmptyExpression>: null

31-03-2025T12:15:42 - [TEST_STEP][PASSED] - typeOfDataMain = <not implemented yet for class: org.codehaus.groovy.ast.expr.EmptyExpression>: null

31-03-2025T12:15:42 - [TEST_STEP][PASSED] - fileOtpuskVSet = <not implemented yet for class: org.codehaus.groovy.ast.expr.EmptyExpression>: null

31-03-2025T12:15:42 - [TEST_STEP][PASSED] - pageOtpuskVSet = <not implemented yet for class: org.codehaus.groovy.ast.expr.EmptyExpression>: null

31-03-2025T12:15:42 - [TEST_STEP][PASSED] - filePoteri = <not implemented yet for class: org.codehaus.groovy.ast.expr.EmptyExpression>: null

31-03-2025T12:15:42 - [TEST_STEP][PASSED] - pagePoteri = <not implemented yet for class: org.codehaus.groovy.ast.expr.EmptyExpression>: null

31-03-2025T12:15:42 - [TEST_STEP][PASSED] - compare = <not implemented yet for class: org.codehaus.groovy.ast.expr.EmptyExpression>: null

31-03-2025T12:15:42 - [TEST_STEP][PASSED] - b = <not implemented yet for class: org.codehaus.groovy.ast.expr.EmptyExpression>: null

31-03-2025T12:15:42 - [TEST_STEP][PASSED] - i = <not implemented yet for class: org.codehaus.groovy.ast.expr.EmptyExpression>: null

31-03-2025T12:15:42 - [TEST_STEP][PASSED] - ii = <not implemented yet for class: org.codehaus.groovy.ast.expr.EmptyExpression>: null

31-03-2025T12:15:42 - [TEST_STEP][PASSED] - c = <not implemented yet for class: org.codehaus.groovy.ast.expr.EmptyExpression>: null

31-03-2025T12:15:42 - [TEST_STEP][PASSED] - numberOfErrors = 0: null

31-03-2025T12:15:42 - [TEST_STEP][PASSED] - if (a == 82): null

31-03-2025T12:15:42 - [TEST_STEP][PASSED] - b = findTestData("PlanFact").getValue(1, a): null

31-03-2025T12:15:42 - [TEST_STEP][PASSED] - i = b.indexOf(" (ГК)"): null

31-03-2025T12:15:42 - [TEST_STEP][PASSED] - if (i > -1): null

31-03-2025T12:15:42 - [TEST_STEP][PASSED] - i = b.indexOf("О ""): null

31-03-2025T12:15:42 - [TEST_STEP][PASSED] - if (i > -1): null

31-03-2025T12:15:42 - [TEST_STEP][PASSED] - i = b.indexOf("О «"): null

31-03-2025T12:15:42 - [TEST_STEP][PASSED] - if (i > -1): null

31-03-2025T12:15:42 - [TEST_STEP][PASSED] - i = b.indexOf("г. "): null

31-03-2025T12:15:42 - [TEST_STEP][PASSED] - if (i > -1): null

31-03-2025T12:15:42 - [TEST_STEP][PASSED] - b = b.trim(): null

31-03-2025T12:15:42 - [TEST_STEP][PASSED] - println(b): null

31-03-2025T12:15:42 - [TEST_STEP][PASSED] - for ([planFact = 1, planFact < 3, (planFact++)]): Object: 'Object Repository/Выполнение бизнес-плана/Кнопка Факт' is clicked on

31-03-2025T12:15:42 - [TEST_STEP][PASSED] - if (planFact == 1): null

31-03-2025T12:15:42 - [TEST_STEP][PASSED] - typeOfDataMain = "Факт": null

31-03-2025T12:15:42 - [TEST_STEP][PASSED] - otpusk = findTestData("PlanFact").getValue(5, a): null

31-03-2025T12:15:42 - [TEST_STEP][PASSED] - poteri = findTestData("PlanFact").getValue(6, a): null

31-03-2025T12:15:42 - [TEST_STEP][PASSED] - otpusk = otpusk.replaceAll("\s+", ""): null

31-03-2025T12:15:42 - [TEST_STEP][PASSED] - poteri = poteri.replaceAll("\s+", ""): null

31-03-2025T12:15:42 - [TEST_STEP][PASSED] - typeOfData = typeOfDataMain + " Отпуск в сеть": null

31-03-2025T12:15:42 - [TEST_STEP][PASSED] - if (a == 82): null

31-03-2025T12:15:42 - [TEST_STEP][PASSED] - else if (a == 84): null

31-03-2025T12:15:42 - [TEST_STEP][PASSED] - else if (a == 83 || a == 52 || a == 72 || a == 28 || a == 73 || a == 77 || a == 74 || a == 65 || a == 36 || a == 44 || a == 53 || a == 80 || a == 54 || a == 1 || a == 18 || a == 59 || a == 81): null

31-03-2025T12:15:42 - [TEST_STEP][PASSED] - else: null

31-03-2025T12:15:42 - [TEST_STEP][PASSED] - path = dataFolder + typeOfData + " за отчётный период " + b: null

31-03-2025T12:15:42 - [TEST_STEP][PASSED] - println(path): null

31-03-2025T12:15:42 - [TEST_STEP][PASSED] - page = getText(findTestObject(path)): Text of object 'Object Repository/Выполнение бизнес-плана/Значения со страницы Выполнение бизнес-плана/Факт Отпуск в сеть за отчётный период Оренбургэнерго' is: '877 952'

31-03-2025T12:15:42 - [MESSAGE][PASSED] - Text of object 'Object Repository/Выполнение бизнес-плана/Значения со страницы Выполнение бизнес-плана/Факт Отпуск в сеть за отчётный период Оренбургэнерго' is: '877 952'

31-03-2025T12:15:42 - [TEST_STEP][PASSED] - if (page == "" || page == null): null

31-03-2025T12:15:42 - [TEST_STEP][PASSED] - else: null

31-03-2025T12:15:42 - [TEST_STEP][PASSED] - page = page.replaceAll("\s+", ""): null

31-03-2025T12:15:42 - [TEST_STEP][PASSED] - if (page == "undefined"): null

31-03-2025T12:15:42 - [TEST_STEP][PASSED] - fileOtpuskVSet = otpusk.toInteger(): null

31-03-2025T12:15:42 - [TEST_STEP][PASSED] - pageOtpuskVSet = page.toInteger(): null

31-03-2025T12:15:42 - [TEST_STEP][PASSED] - typeOfData = typeOfDataMain + " Потери": null

31-03-2025T12:15:42 - [TEST_STEP][PASSED] - if (a == 82): null

31-03-2025T12:15:42 - [TEST_STEP][PASSED] - else if (a == 84): null

31-03-2025T12:15:42 - [TEST_STEP][PASSED] - else if (a == 83 || a == 52 || a == 72 || a == 28 || a == 73 || a == 77 || a == 74 || a == 65 || a == 44 || a == 53 || a == 80 || a == 54 || a == 1 || a == 18 || a == 59 || a == 81): null

31-03-2025T12:15:42 - [TEST_STEP][PASSED] - else: null

31-03-2025T12:15:42 - [TEST_STEP][PASSED] - path = dataFolder + typeOfData + " за отчётный период " + b: null

31-03-2025T12:15:42 - [TEST_STEP][PASSED] - page = getText(findTestObject(path)): Text of object 'Object Repository/Выполнение бизнес-плана/Значения со страницы Выполнение бизнес-плана/Факт Потери за отчётный период Оренбургэнерго' is: '79 955'

31-03-2025T12:15:42 - [MESSAGE][PASSED] - Text of object 'Object Repository/Выполнение бизнес-плана/Значения со страницы Выполнение бизнес-плана/Факт Потери за отчётный период Оренбургэнерго' is: '79 955'

31-03-2025T12:15:42 - [TEST_STEP][PASSED] - if (page == "" || page == null): null

31-03-2025T12:15:42 - [TEST_STEP][PASSED] - else: null

31-03-2025T12:15:42 - [TEST_STEP][PASSED] - page = page.replaceAll("\s+", ""): null

31-03-2025T12:15:42 - [TEST_STEP][PASSED] - if (page == "undefined"): null

31-03-2025T12:15:42 - [TEST_STEP][PASSED] - filePoteri = poteri.toInteger(): null

31-03-2025T12:15:42 - [TEST_STEP][PASSED] - pagePoteri = page.toInteger(): null

31-03-2025T12:15:42 - [TEST_STEP][PASSED] - compare = pageOtpuskVSet: null

31-03-2025T12:15:42 - [TEST_STEP][PASSED] - if (pageOtpuskVSet != null): null

31-03-2025T12:15:42 - [TEST_STEP][PASSED] - if (compare == fileOtpuskVSet): null

31-03-2025T12:15:42 - [TEST_STEP][PASSED] - if (compare == fileOtpuskVSet): null

31-03-2025T12:15:42 - [TEST_STEP][PASSED] - compare = pagePoteri: null

31-03-2025T12:15:42 - [TEST_STEP][PASSED] - if (pageOtpuskVSet != null): null

31-03-2025T12:15:42 - [TEST_STEP][PASSED] - if (compare == filePoteri): null

31-03-2025T12:15:42 - [TEST_STEP][PASSED] - if (compare == filePoteri): null

31-03-2025T12:15:42 - [TEST_STEP][PASSED] - if (planFact == 2): null

31-03-2025T12:15:42 - [TEST_STEP][PASSED] - if (planFact == 1): null

31-03-2025T12:15:42 - [TEST_STEP][PASSED] - else if (planFact == 2): null

31-03-2025T12:15:42 - [TEST_STEP][PASSED] - click(findTestObject("Выполнение бизнес-плана/Кнопка План")): Object: 'Object Repository/Выполнение бизнес-плана/Кнопка План' is clicked on

31-03-2025T12:15:43 - [MESSAGE][PASSED] - Object: 'Object Repository/Выполнение бизнес-плана/Кнопка План' is clicked on

31-03-2025T12:15:43 - [TEST_STEP][PASSED] - typeOfDataMain = "План": null

31-03-2025T12:15:43 - [TEST_STEP][PASSED] - otpusk = findTestData("PlanFact").getValue(2, a): null

31-03-2025T12:15:43 - [TEST_STEP][PASSED] - poteri = findTestData("PlanFact").getValue(3, a): null

31-03-2025T12:15:43 - [TEST_STEP][PASSED] - otpusk = otpusk.replaceAll("\s+", ""): null

31-03-2025T12:15:43 - [TEST_STEP][PASSED] - poteri = poteri.replaceAll("\s+", ""): null

31-03-2025T12:15:43 - [TEST_STEP][PASSED] - typeOfData = typeOfDataMain + " Отпуск в сеть": null

31-03-2025T12:15:43 - [TEST_STEP][PASSED] - if (a == 82): null

31-03-2025T12:15:43 - [TEST_STEP][PASSED] - else if (a == 84): null

31-03-2025T12:15:43 - [TEST_STEP][PASSED] - else if (a == 83 || a == 52 || a == 72 || a == 28 || a == 73 || a == 77 || a == 74 || a == 65 || a == 36 || a == 44 || a == 53 || a == 80 || a == 54 || a == 1 || a == 18 || a == 59 || a == 81): null

31-03-2025T12:15:43 - [TEST_STEP][PASSED] - else: null

31-03-2025T12:15:43 - [TEST_STEP][PASSED] - path = dataFolder + typeOfData + " за отчётный период " + b: null

31-03-2025T12:15:43 - [TEST_STEP][PASSED] - println(path): null

31-03-2025T12:15:43 - [TEST_STEP][PASSED] - page = getText(findTestObject(path)): Text of object 'Object Repository/Выполнение бизнес-плана/Значения со страницы Выполнение бизнес-плана/План Отпуск в сеть за отчётный период Оренбургэнерго' is: '909 574'

31-03-2025T12:15:43 - [MESSAGE][PASSED] - Text of object 'Object Repository/Выполнение бизнес-плана/Значения со страницы Выполнение бизнес-плана/План Отпуск в сеть за отчётный период Оренбургэнерго' is: '909 574'

31-03-2025T12:15:43 - [TEST_STEP][PASSED] - if (page == "" || page == null): null

31-03-2025T12:15:43 - [TEST_STEP][PASSED] - else: null

31-03-2025T12:15:43 - [TEST_STEP][PASSED] - page = page.replaceAll("\s+", ""): null

31-03-2025T12:15:43 - [TEST_STEP][PASSED] - if (page == "undefined"): null

31-03-2025T12:15:43 - [TEST_STEP][PASSED] - fileOtpuskVSet = otpusk.toInteger(): null

31-03-2025T12:15:43 - [TEST_STEP][PASSED] - pageOtpuskVSet = page.toInteger(): null

31-03-2025T12:15:43 - [TEST_STEP][PASSED] - typeOfData = typeOfDataMain + " Потери": null

31-03-2025T12:15:43 - [TEST_STEP][PASSED] - if (a == 82): null

31-03-2025T12:15:43 - [TEST_STEP][PASSED] - else if (a == 84): null

31-03-2025T12:15:43 - [TEST_STEP][PASSED] - else if (a == 83 || a == 52 || a == 72 || a == 28 || a == 73 || a == 77 || a == 74 || a == 65 || a == 44 || a == 53 || a == 80 || a == 54 || a == 1 || a == 18 || a == 59 || a == 81): null

31-03-2025T12:15:43 - [TEST_STEP][PASSED] - else: null

31-03-2025T12:15:43 - [TEST_STEP][PASSED] - path = dataFolder + typeOfData + " за отчётный период " + b: null

31-03-2025T12:15:43 - [TEST_STEP][PASSED] - page = getText(findTestObject(path)): Text of object 'Object Repository/Выполнение бизнес-плана/Значения со страницы Выполнение бизнес-плана/План Потери за отчётный период Оренбургэнерго' is: '94 703'

31-03-2025T12:15:44 - [MESSAGE][PASSED] - Text of object 'Object Repository/Выполнение бизнес-плана/Значения со страницы Выполнение бизнес-плана/План Потери за отчётный период Оренбургэнерго' is: '94 703'

31-03-2025T12:15:44 - [TEST_STEP][PASSED] - if (page == "" || page == null): null

31-03-2025T12:15:44 - [TEST_STEP][PASSED] - else: null

31-03-2025T12:15:44 - [TEST_STEP][PASSED] - page = page.replaceAll("\s+", ""): null

31-03-2025T12:15:44 - [TEST_STEP][PASSED] - if (page == "undefined"): null

31-03-2025T12:15:44 - [TEST_STEP][PASSED] - filePoteri = poteri.toInteger(): null

31-03-2025T12:15:44 - [TEST_STEP][PASSED] - pagePoteri = page.toInteger(): null

31-03-2025T12:15:44 - [TEST_STEP][PASSED] - compare = pageOtpuskVSet: null

31-03-2025T12:15:44 - [TEST_STEP][PASSED] - if (pageOtpuskVSet != null): null

31-03-2025T12:15:44 - [TEST_STEP][PASSED] - if (compare == fileOtpuskVSet): null

31-03-2025T12:15:44 - [TEST_STEP][PASSED] - if (compare == fileOtpuskVSet): null

31-03-2025T12:15:44 - [TEST_STEP][PASSED] - compare = pagePoteri: null

31-03-2025T12:15:44 - [TEST_STEP][PASSED] - if (pageOtpuskVSet != null): null

31-03-2025T12:15:44 - [TEST_STEP][PASSED] - if (compare == filePoteri): null

31-03-2025T12:15:44 - [TEST_STEP][PASSED] - if (compare == filePoteri): null

31-03-2025T12:15:44 - [TEST_STEP][PASSED] - if (planFact == 2): Object: 'Object Repository/Выполнение бизнес-плана/Кнопка Факт' is clicked on

31-03-2025T12:15:44 - [TEST_STEP][PASSED] - click(findTestObject("Выполнение бизнес-плана/Кнопка Факт")): Object: 'Object Repository/Выполнение бизнес-плана/Кнопка Факт' is clicked on

31-03-2025T12:15:44 - [MESSAGE][PASSED] - Object: 'Object Repository/Выполнение бизнес-плана/Кнопка Факт' is clicked on

31-03-2025T12:15:44 - [TEST_STEP][PASSED] - println("a=" + a): null

31-03-2025T12:15:44 - [TEST_STEP][PASSED] - if (a == 84 || a == 82): null

31-03-2025T12:15:44 - [TEST_STEP][PASSED] - else if (a == 83 || a == 52 || a == 72 || a == 28 || a == 73 || a == 77 || a == 74 || a == 65 || a == 36 || a == 44 || a == 53 || a == 80 || a == 54 || a == 1 || a == 18 || a == 59 || a == 81): null

31-03-2025T12:15:44 - [TEST_STEP][PASSED] - else: null

31-03-2025T12:15:44 - [TEST_STEP][PASSED] - page1 = getText(findTestObject("Object Repository/Выполнение бизнес-плана/spanPlan" + filialNum)): Text of object 'Object Repository/Выполнение бизнес-плана/spanPlan2' is: '10.41
|'

31-03-2025T12:15:44 - [MESSAGE][PASSED] - Text of object 'Object Repository/Выполнение бизнес-плана/spanPlan2' is: '10.41
|'

31-03-2025T12:15:44 - [TEST_STEP][PASSED] - page1 = page1.replace("|", ""): null

31-03-2025T12:15:44 - [TEST_STEP][PASSED] - page2 = getText(findTestObject("Object Repository/Выполнение бизнес-плана/spanFact" + filialNum)): Text of object 'Object Repository/Выполнение бизнес-плана/spanFact2' is: '9.11
|'

31-03-2025T12:15:45 - [MESSAGE][PASSED] - Text of object 'Object Repository/Выполнение бизнес-плана/spanFact2' is: '9.11
|'

31-03-2025T12:15:45 - [TEST_STEP][PASSED] - page2 = page2.replace("|", ""): null

31-03-2025T12:15:45 - [TEST_STEP][PASSED] - println("page1: " + page1): null

31-03-2025T12:15:45 - [TEST_STEP][PASSED] - println("page2: " + page2): null

31-03-2025T12:15:45 - [TEST_STEP][PASSED] - file = findTestData("PlanFact").getValue(4, a): null

31-03-2025T12:15:45 - [TEST_STEP][PASSED] - file = file.replace(",", "."): null

31-03-2025T12:15:45 - [TEST_STEP][PASSED] - println("file Plan: " + file): null

31-03-2025T12:15:45 - [TEST_STEP][PASSED] - typeOfData = "План в процентах": null

31-03-2025T12:15:45 - [TEST_STEP][PASSED] - fileDouble = file.toDouble(): null

31-03-2025T12:15:45 - [TEST_STEP][PASSED] - pageDouble = page1.toDouble(): null

31-03-2025T12:15:45 - [TEST_STEP][PASSED] - if (fileDouble != pageDouble): null

31-03-2025T12:15:45 - [TEST_STEP][PASSED] - file = findTestData("PlanFact").getValue(7, a): null

31-03-2025T12:15:45 - [TEST_STEP][PASSED] - file = file.replace(",", "."): null

31-03-2025T12:15:45 - [TEST_STEP][PASSED] - println("file Fact: " + file): null

31-03-2025T12:15:45 - [TEST_STEP][PASSED] - fileDouble = file.toDouble(): null

31-03-2025T12:15:45 - [TEST_STEP][PASSED] - typeOfData = "Факт в процентах": null

31-03-2025T12:15:45 - [TEST_STEP][PASSED] - fileDouble = file.toDouble(): null

31-03-2025T12:15:45 - [TEST_STEP][PASSED] - pageDouble = page2.toDouble(): null

31-03-2025T12:15:45 - [TEST_STEP][PASSED] - if (fileDouble != pageDouble): null

31-03-2025T12:15:45 - [TEST_STEP][PASSED] - if (verifyEqual(numberOfErrors, 0) == false): Actual object '0' and expected object '0' are equal

31-03-2025T12:15:45 - [MESSAGE][PASSED] - Actual object '0' and expected object '0' are equal

31-03-2025T12:15:45 - [TEST_STEP][PASSED] - if (a == 82): null

31-03-2025T12:15:45 - [TEST_STEP][PASSED] - dZO = "Пензаэнерго": null

31-03-2025T12:15:45 - [TEST_STEP][PASSED] - a = 31: null

31-03-2025T12:15:45 - [TEST_STEP][PASSED] - if (x2.contains(dZO)): null

31-03-2025T12:15:45 - [TEST_STEP][PASSED] - filialNum = filialNum + 1: null

31-03-2025T12:15:45 - [TEST_STEP][PASSED] - Script1718980020443.Numbers(a, typeOfData, todaysDate, pageInt, fileInt, pageDouble, fileDouble, dZO, dzoNum, filialNum): null

31-03-2025T12:15:45 - [TEST_STEP][PASSED] - println(dzoNum): null

31-03-2025T12:15:45 - [TEST_STEP][PASSED] - planFact = <not implemented yet for class: org.codehaus.groovy.ast.expr.EmptyExpression>: null

31-03-2025T12:15:45 - [TEST_STEP][PASSED] - page = <not implemented yet for class: org.codehaus.groovy.ast.expr.EmptyExpression>: null

31-03-2025T12:15:45 - [TEST_STEP][PASSED] - page1 = <not implemented yet for class: org.codehaus.groovy.ast.expr.EmptyExpression>: null

31-03-2025T12:15:45 - [TEST_STEP][PASSED] - page2 = <not implemented yet for class: org.codehaus.groovy.ast.expr.EmptyExpression>: null

31-03-2025T12:15:45 - [TEST_STEP][PASSED] - filialNumberInRow = <not implemented yet for class: org.codehaus.groovy.ast.expr.EmptyExpression>: null

31-03-2025T12:15:45 - [TEST_STEP][PASSED] - filialsDzoNames = <not implemented yet for class: org.codehaus.groovy.ast.expr.EmptyExpression>: null

31-03-2025T12:15:45 - [TEST_STEP][PASSED] - numberOfFilials = <not implemented yet for class: org.codehaus.groovy.ast.expr.EmptyExpression>: null

31-03-2025T12:15:45 - [TEST_STEP][PASSED] - numberOfSpaces = <not implemented yet for class: org.codehaus.groovy.ast.expr.EmptyExpression>: null

31-03-2025T12:15:45 - [TEST_STEP][PASSED] - file = <not implemented yet for class: org.codehaus.groovy.ast.expr.EmptyExpression>: null

31-03-2025T12:15:45 - [TEST_STEP][PASSED] - otpusk = <not implemented yet for class: org.codehaus.groovy.ast.expr.EmptyExpression>: null

31-03-2025T12:15:45 - [TEST_STEP][PASSED] - poteri = <not implemented yet for class: org.codehaus.groovy.ast.expr.EmptyExpression>: null

31-03-2025T12:15:45 - [TEST_STEP][PASSED] - dataFolder = "Выполнение бизнес-плана/Значения со страницы Выполнение бизнес-плана/": null

31-03-2025T12:15:45 - [TEST_STEP][PASSED] - path = <not implemented yet for class: org.codehaus.groovy.ast.expr.EmptyExpression>: null

31-03-2025T12:15:45 - [TEST_STEP][PASSED] - typeOfDataMain = <not implemented yet for class: org.codehaus.groovy.ast.expr.EmptyExpression>: null

31-03-2025T12:15:45 - [TEST_STEP][PASSED] - fileOtpuskVSet = <not implemented yet for class: org.codehaus.groovy.ast.expr.EmptyExpression>: null

31-03-2025T12:15:45 - [TEST_STEP][PASSED] - pageOtpuskVSet = <not implemented yet for class: org.codehaus.groovy.ast.expr.EmptyExpression>: null

31-03-2025T12:15:45 - [TEST_STEP][PASSED] - filePoteri = <not implemented yet for class: org.codehaus.groovy.ast.expr.EmptyExpression>: null

31-03-2025T12:15:45 - [TEST_STEP][PASSED] - pagePoteri = <not implemented yet for class: org.codehaus.groovy.ast.expr.EmptyExpression>: null

31-03-2025T12:15:45 - [TEST_STEP][PASSED] - compare = <not implemented yet for class: org.codehaus.groovy.ast.expr.EmptyExpression>: null

31-03-2025T12:15:45 - [TEST_STEP][PASSED] - b = <not implemented yet for class: org.codehaus.groovy.ast.expr.EmptyExpression>: null

31-03-2025T12:15:45 - [TEST_STEP][PASSED] - i = <not implemented yet for class: org.codehaus.groovy.ast.expr.EmptyExpression>: null

31-03-2025T12:15:45 - [TEST_STEP][PASSED] - ii = <not implemented yet for class: org.codehaus.groovy.ast.expr.EmptyExpression>: null

31-03-2025T12:15:45 - [TEST_STEP][PASSED] - c = <not implemented yet for class: org.codehaus.groovy.ast.expr.EmptyExpression>: null

31-03-2025T12:15:45 - [TEST_STEP][PASSED] - numberOfErrors = 0: null

31-03-2025T12:15:45 - [TEST_STEP][PASSED] - if (a == 82): null

31-03-2025T12:15:45 - [TEST_STEP][PASSED] - b = findTestData("PlanFact").getValue(1, a): null

31-03-2025T12:15:45 - [TEST_STEP][PASSED] - i = b.indexOf(" (ГК)"): null

31-03-2025T12:15:45 - [TEST_STEP][PASSED] - if (i > -1): null

31-03-2025T12:15:45 - [TEST_STEP][PASSED] - i = b.indexOf("О ""): null

31-03-2025T12:15:45 - [TEST_STEP][PASSED] - if (i > -1): null

31-03-2025T12:15:45 - [TEST_STEP][PASSED] - i = b.indexOf("О «"): null

31-03-2025T12:15:45 - [TEST_STEP][PASSED] - if (i > -1): null

31-03-2025T12:15:45 - [TEST_STEP][PASSED] - i = b.indexOf("г. "): null

31-03-2025T12:15:45 - [TEST_STEP][PASSED] - if (i > -1): null

31-03-2025T12:15:45 - [TEST_STEP][PASSED] - b = b.trim(): null

31-03-2025T12:15:45 - [TEST_STEP][PASSED] - println(b): null

31-03-2025T12:15:45 - [TEST_STEP][PASSED] - for ([planFact = 1, planFact < 3, (planFact++)]): Object: 'Object Repository/Выполнение бизнес-плана/Кнопка Факт' is clicked on

31-03-2025T12:15:45 - [TEST_STEP][PASSED] - if (planFact == 1): null

31-03-2025T12:15:45 - [TEST_STEP][PASSED] - typeOfDataMain = "Факт": null

31-03-2025T12:15:45 - [TEST_STEP][PASSED] - otpusk = findTestData("PlanFact").getValue(5, a): null

31-03-2025T12:15:45 - [TEST_STEP][PASSED] - poteri = findTestData("PlanFact").getValue(6, a): null

31-03-2025T12:15:45 - [TEST_STEP][PASSED] - otpusk = otpusk.replaceAll("\s+", ""): null

31-03-2025T12:15:45 - [TEST_STEP][PASSED] - poteri = poteri.replaceAll("\s+", ""): null

31-03-2025T12:15:45 - [TEST_STEP][PASSED] - typeOfData = typeOfDataMain + " Отпуск в сеть": null

31-03-2025T12:15:45 - [TEST_STEP][PASSED] - if (a == 82): null

31-03-2025T12:15:45 - [TEST_STEP][PASSED] - else if (a == 84): null

31-03-2025T12:15:45 - [TEST_STEP][PASSED] - else if (a == 83 || a == 52 || a == 72 || a == 28 || a == 73 || a == 77 || a == 74 || a == 65 || a == 36 || a == 44 || a == 53 || a == 80 || a == 54 || a == 1 || a == 18 || a == 59 || a == 81): null

31-03-2025T12:15:45 - [TEST_STEP][PASSED] - else: null

31-03-2025T12:15:45 - [TEST_STEP][PASSED] - path = dataFolder + typeOfData + " за отчётный период " + b: null

31-03-2025T12:15:45 - [TEST_STEP][PASSED] - println(path): null

31-03-2025T12:15:45 - [TEST_STEP][PASSED] - page = getText(findTestObject(path)): Text of object 'Object Repository/Выполнение бизнес-плана/Значения со страницы Выполнение бизнес-плана/Факт Отпуск в сеть за отчётный период Пензаэнерго' is: '400 272'

31-03-2025T12:15:45 - [MESSAGE][PASSED] - Text of object 'Object Repository/Выполнение бизнес-плана/Значения со страницы Выполнение бизнес-плана/Факт Отпуск в сеть за отчётный период Пензаэнерго' is: '400 272'

31-03-2025T12:15:45 - [TEST_STEP][PASSED] - if (page == "" || page == null): null

31-03-2025T12:15:45 - [TEST_STEP][PASSED] - else: null

31-03-2025T12:15:45 - [TEST_STEP][PASSED] - page = page.replaceAll("\s+", ""): null

31-03-2025T12:15:45 - [TEST_STEP][PASSED] - if (page == "undefined"): null

31-03-2025T12:15:45 - [TEST_STEP][PASSED] - fileOtpuskVSet = otpusk.toInteger(): null

31-03-2025T12:15:45 - [TEST_STEP][PASSED] - pageOtpuskVSet = page.toInteger(): null

31-03-2025T12:15:45 - [TEST_STEP][PASSED] - typeOfData = typeOfDataMain + " Потери": null

31-03-2025T12:15:45 - [TEST_STEP][PASSED] - if (a == 82): null

31-03-2025T12:15:45 - [TEST_STEP][PASSED] - else if (a == 84): null

31-03-2025T12:15:45 - [TEST_STEP][PASSED] - else if (a == 83 || a == 52 || a == 72 || a == 28 || a == 73 || a == 77 || a == 74 || a == 65 || a == 44 || a == 53 || a == 80 || a == 54 || a == 1 || a == 18 || a == 59 || a == 81): null

31-03-2025T12:15:45 - [TEST_STEP][PASSED] - else: null

31-03-2025T12:15:45 - [TEST_STEP][PASSED] - path = dataFolder + typeOfData + " за отчётный период " + b: null

31-03-2025T12:15:45 - [TEST_STEP][PASSED] - page = getText(findTestObject(path)): Text of object 'Object Repository/Выполнение бизнес-плана/Значения со страницы Выполнение бизнес-плана/Факт Потери за отчётный период Пензаэнерго' is: '30 811'

31-03-2025T12:15:46 - [MESSAGE][PASSED] - Text of object 'Object Repository/Выполнение бизнес-плана/Значения со страницы Выполнение бизнес-плана/Факт Потери за отчётный период Пензаэнерго' is: '30 811'

31-03-2025T12:15:46 - [TEST_STEP][PASSED] - if (page == "" || page == null): null

31-03-2025T12:15:46 - [TEST_STEP][PASSED] - else: null

31-03-2025T12:15:46 - [TEST_STEP][PASSED] - page = page.replaceAll("\s+", ""): null

31-03-2025T12:15:46 - [TEST_STEP][PASSED] - if (page == "undefined"): null

31-03-2025T12:15:46 - [TEST_STEP][PASSED] - filePoteri = poteri.toInteger(): null

31-03-2025T12:15:46 - [TEST_STEP][PASSED] - pagePoteri = page.toInteger(): null

31-03-2025T12:15:46 - [TEST_STEP][PASSED] - compare = pageOtpuskVSet: null

31-03-2025T12:15:46 - [TEST_STEP][PASSED] - if (pageOtpuskVSet != null): null

31-03-2025T12:15:46 - [TEST_STEP][PASSED] - if (compare == fileOtpuskVSet): null

31-03-2025T12:15:46 - [TEST_STEP][PASSED] - if (compare == fileOtpuskVSet): null

31-03-2025T12:15:46 - [TEST_STEP][PASSED] - compare = pagePoteri: null

31-03-2025T12:15:46 - [TEST_STEP][PASSED] - if (pageOtpuskVSet != null): null

31-03-2025T12:15:46 - [TEST_STEP][PASSED] - if (compare == filePoteri): null

31-03-2025T12:15:46 - [TEST_STEP][PASSED] - if (compare == filePoteri): null

31-03-2025T12:15:46 - [TEST_STEP][PASSED] - if (planFact == 2): null

31-03-2025T12:15:46 - [TEST_STEP][PASSED] - if (planFact == 1): null

31-03-2025T12:15:46 - [TEST_STEP][PASSED] - else if (planFact == 2): null

31-03-2025T12:15:46 - [TEST_STEP][PASSED] - click(findTestObject("Выполнение бизнес-плана/Кнопка План")): Object: 'Object Repository/Выполнение бизнес-плана/Кнопка План' is clicked on

31-03-2025T12:15:46 - [MESSAGE][PASSED] - Object: 'Object Repository/Выполнение бизнес-плана/Кнопка План' is clicked on

31-03-2025T12:15:46 - [TEST_STEP][PASSED] - typeOfDataMain = "План": null

31-03-2025T12:15:46 - [TEST_STEP][PASSED] - otpusk = findTestData("PlanFact").getValue(2, a): null

31-03-2025T12:15:46 - [TEST_STEP][PASSED] - poteri = findTestData("PlanFact").getValue(3, a): null

31-03-2025T12:15:46 - [TEST_STEP][PASSED] - otpusk = otpusk.replaceAll("\s+", ""): null

31-03-2025T12:15:46 - [TEST_STEP][PASSED] - poteri = poteri.replaceAll("\s+", ""): null

31-03-2025T12:15:46 - [TEST_STEP][PASSED] - typeOfData = typeOfDataMain + " Отпуск в сеть": null

31-03-2025T12:15:46 - [TEST_STEP][PASSED] - if (a == 82): null

31-03-2025T12:15:46 - [TEST_STEP][PASSED] - else if (a == 84): null

31-03-2025T12:15:46 - [TEST_STEP][PASSED] - else if (a == 83 || a == 52 || a == 72 || a == 28 || a == 73 || a == 77 || a == 74 || a == 65 || a == 36 || a == 44 || a == 53 || a == 80 || a == 54 || a == 1 || a == 18 || a == 59 || a == 81): null

31-03-2025T12:15:46 - [TEST_STEP][PASSED] - else: null

31-03-2025T12:15:46 - [TEST_STEP][PASSED] - path = dataFolder + typeOfData + " за отчётный период " + b: null

31-03-2025T12:15:46 - [TEST_STEP][PASSED] - println(path): null

31-03-2025T12:15:46 - [TEST_STEP][PASSED] - page = getText(findTestObject(path)): Text of object 'Object Repository/Выполнение бизнес-плана/Значения со страницы Выполнение бизнес-плана/План Отпуск в сеть за отчётный период Пензаэнерго' is: '419 717'

31-03-2025T12:15:46 - [MESSAGE][PASSED] - Text of object 'Object Repository/Выполнение бизнес-плана/Значения со страницы Выполнение бизнес-плана/План Отпуск в сеть за отчётный период Пензаэнерго' is: '419 717'

31-03-2025T12:15:46 - [TEST_STEP][PASSED] - if (page == "" || page == null): null

31-03-2025T12:15:46 - [TEST_STEP][PASSED] - else: null

31-03-2025T12:15:46 - [TEST_STEP][PASSED] - page = page.replaceAll("\s+", ""): null

31-03-2025T12:15:46 - [TEST_STEP][PASSED] - if (page == "undefined"): null

31-03-2025T12:15:46 - [TEST_STEP][PASSED] - fileOtpuskVSet = otpusk.toInteger(): null

31-03-2025T12:15:46 - [TEST_STEP][PASSED] - pageOtpuskVSet = page.toInteger(): null

31-03-2025T12:15:46 - [TEST_STEP][PASSED] - typeOfData = typeOfDataMain + " Потери": null

31-03-2025T12:15:46 - [TEST_STEP][PASSED] - if (a == 82): null

31-03-2025T12:15:46 - [TEST_STEP][PASSED] - else if (a == 84): null

31-03-2025T12:15:46 - [TEST_STEP][PASSED] - else if (a == 83 || a == 52 || a == 72 || a == 28 || a == 73 || a == 77 || a == 74 || a == 65 || a == 44 || a == 53 || a == 80 || a == 54 || a == 1 || a == 18 || a == 59 || a == 81): null

31-03-2025T12:15:46 - [TEST_STEP][PASSED] - else: null

31-03-2025T12:15:46 - [TEST_STEP][PASSED] - path = dataFolder + typeOfData + " за отчётный период " + b: null

31-03-2025T12:15:46 - [TEST_STEP][PASSED] - page = getText(findTestObject(path)): Text of object 'Object Repository/Выполнение бизнес-плана/Значения со страницы Выполнение бизнес-плана/План Потери за отчётный период Пензаэнерго' is: '36 456'

31-03-2025T12:15:47 - [MESSAGE][PASSED] - Text of object 'Object Repository/Выполнение бизнес-плана/Значения со страницы Выполнение бизнес-плана/План Потери за отчётный период Пензаэнерго' is: '36 456'

31-03-2025T12:15:47 - [TEST_STEP][PASSED] - if (page == "" || page == null): null

31-03-2025T12:15:47 - [TEST_STEP][PASSED] - else: null

31-03-2025T12:15:47 - [TEST_STEP][PASSED] - page = page.replaceAll("\s+", ""): null

31-03-2025T12:15:47 - [TEST_STEP][PASSED] - if (page == "undefined"): null

31-03-2025T12:15:47 - [TEST_STEP][PASSED] - filePoteri = poteri.toInteger(): null

31-03-2025T12:15:47 - [TEST_STEP][PASSED] - pagePoteri = page.toInteger(): null

31-03-2025T12:15:47 - [TEST_STEP][PASSED] - compare = pageOtpuskVSet: null

31-03-2025T12:15:47 - [TEST_STEP][PASSED] - if (pageOtpuskVSet != null): null

31-03-2025T12:15:47 - [TEST_STEP][PASSED] - if (compare == fileOtpuskVSet): null

31-03-2025T12:15:47 - [TEST_STEP][PASSED] - if (compare == fileOtpuskVSet): null

31-03-2025T12:15:47 - [TEST_STEP][PASSED] - compare = pagePoteri: null

31-03-2025T12:15:47 - [TEST_STEP][PASSED] - if (pageOtpuskVSet != null): null

31-03-2025T12:15:47 - [TEST_STEP][PASSED] - if (compare == filePoteri): null

31-03-2025T12:15:47 - [TEST_STEP][PASSED] - if (compare == filePoteri): null

31-03-2025T12:15:47 - [TEST_STEP][PASSED] - if (planFact == 2): Object: 'Object Repository/Выполнение бизнес-плана/Кнопка Факт' is clicked on

31-03-2025T12:15:47 - [TEST_STEP][PASSED] - click(findTestObject("Выполнение бизнес-плана/Кнопка Факт")): Object: 'Object Repository/Выполнение бизнес-плана/Кнопка Факт' is clicked on

31-03-2025T12:15:47 - [MESSAGE][PASSED] - Object: 'Object Repository/Выполнение бизнес-плана/Кнопка Факт' is clicked on

31-03-2025T12:15:47 - [TEST_STEP][PASSED] - println("a=" + a): null

31-03-2025T12:15:47 - [TEST_STEP][PASSED] - if (a == 84 || a == 82): null

31-03-2025T12:15:47 - [TEST_STEP][PASSED] - else if (a == 83 || a == 52 || a == 72 || a == 28 || a == 73 || a == 77 || a == 74 || a == 65 || a == 36 || a == 44 || a == 53 || a == 80 || a == 54 || a == 1 || a == 18 || a == 59 || a == 81): null

31-03-2025T12:15:47 - [TEST_STEP][PASSED] - else: null

31-03-2025T12:15:47 - [TEST_STEP][PASSED] - page1 = getText(findTestObject("Object Repository/Выполнение бизнес-плана/spanPlan" + filialNum)): Text of object 'Object Repository/Выполнение бизнес-плана/spanPlan3' is: '8.69
|'

31-03-2025T12:15:47 - [MESSAGE][PASSED] - Text of object 'Object Repository/Выполнение бизнес-плана/spanPlan3' is: '8.69
|'

31-03-2025T12:15:47 - [TEST_STEP][PASSED] - page1 = page1.replace("|", ""): null

31-03-2025T12:15:47 - [TEST_STEP][PASSED] - page2 = getText(findTestObject("Object Repository/Выполнение бизнес-плана/spanFact" + filialNum)): Text of object 'Object Repository/Выполнение бизнес-плана/spanFact3' is: '7.70
|'

31-03-2025T12:15:48 - [MESSAGE][PASSED] - Text of object 'Object Repository/Выполнение бизнес-плана/spanFact3' is: '7.70
|'

31-03-2025T12:15:48 - [TEST_STEP][PASSED] - page2 = page2.replace("|", ""): null

31-03-2025T12:15:48 - [TEST_STEP][PASSED] - println("page1: " + page1): null

31-03-2025T12:15:48 - [TEST_STEP][PASSED] - println("page2: " + page2): null

31-03-2025T12:15:48 - [TEST_STEP][PASSED] - file = findTestData("PlanFact").getValue(4, a): null

31-03-2025T12:15:48 - [TEST_STEP][PASSED] - file = file.replace(",", "."): null

31-03-2025T12:15:48 - [TEST_STEP][PASSED] - println("file Plan: " + file): null

31-03-2025T12:15:48 - [TEST_STEP][PASSED] - typeOfData = "План в процентах": null

31-03-2025T12:15:48 - [TEST_STEP][PASSED] - fileDouble = file.toDouble(): null

31-03-2025T12:15:48 - [TEST_STEP][PASSED] - pageDouble = page1.toDouble(): null

31-03-2025T12:15:48 - [TEST_STEP][PASSED] - if (fileDouble != pageDouble): null

31-03-2025T12:15:48 - [TEST_STEP][PASSED] - file = findTestData("PlanFact").getValue(7, a): null

31-03-2025T12:15:48 - [TEST_STEP][PASSED] - file = file.replace(",", "."): null

31-03-2025T12:15:48 - [TEST_STEP][PASSED] - println("file Fact: " + file): null

31-03-2025T12:15:48 - [TEST_STEP][PASSED] - fileDouble = file.toDouble(): null

31-03-2025T12:15:48 - [TEST_STEP][PASSED] - typeOfData = "Факт в процентах": null

31-03-2025T12:15:48 - [TEST_STEP][PASSED] - fileDouble = file.toDouble(): null

31-03-2025T12:15:48 - [TEST_STEP][PASSED] - pageDouble = page2.toDouble(): null

31-03-2025T12:15:48 - [TEST_STEP][PASSED] - if (fileDouble != pageDouble): null

31-03-2025T12:15:48 - [TEST_STEP][PASSED] - if (verifyEqual(numberOfErrors, 0) == false): Actual object '0' and expected object '0' are equal

31-03-2025T12:15:48 - [MESSAGE][PASSED] - Actual object '0' and expected object '0' are equal

31-03-2025T12:15:48 - [TEST_STEP][PASSED] - if (a == 82): null

31-03-2025T12:15:48 - [TEST_STEP][PASSED] - dZO = "Самарские РС": null

31-03-2025T12:15:48 - [TEST_STEP][PASSED] - a = 32: null

31-03-2025T12:15:48 - [TEST_STEP][PASSED] - dzoCut = dZO.substring(0, 10): null

31-03-2025T12:15:48 - [TEST_STEP][PASSED] - if (x2.contains(dzoCut)): null

31-03-2025T12:15:48 - [TEST_STEP][PASSED] - filialNum = filialNum + 1: null

31-03-2025T12:15:48 - [TEST_STEP][PASSED] - Script1718980020443.Numbers(a, typeOfData, todaysDate, pageInt, fileInt, pageDouble, fileDouble, dZO, dzoNum, filialNum): null

31-03-2025T12:15:48 - [TEST_STEP][PASSED] - println(dzoNum): null

31-03-2025T12:15:48 - [TEST_STEP][PASSED] - planFact = <not implemented yet for class: org.codehaus.groovy.ast.expr.EmptyExpression>: null

31-03-2025T12:15:48 - [TEST_STEP][PASSED] - page = <not implemented yet for class: org.codehaus.groovy.ast.expr.EmptyExpression>: null

31-03-2025T12:15:48 - [TEST_STEP][PASSED] - page1 = <not implemented yet for class: org.codehaus.groovy.ast.expr.EmptyExpression>: null

31-03-2025T12:15:48 - [TEST_STEP][PASSED] - page2 = <not implemented yet for class: org.codehaus.groovy.ast.expr.EmptyExpression>: null

31-03-2025T12:15:48 - [TEST_STEP][PASSED] - filialNumberInRow = <not implemented yet for class: org.codehaus.groovy.ast.expr.EmptyExpression>: null

31-03-2025T12:15:48 - [TEST_STEP][PASSED] - filialsDzoNames = <not implemented yet for class: org.codehaus.groovy.ast.expr.EmptyExpression>: null

31-03-2025T12:15:48 - [TEST_STEP][PASSED] - numberOfFilials = <not implemented yet for class: org.codehaus.groovy.ast.expr.EmptyExpression>: null

31-03-2025T12:15:48 - [TEST_STEP][PASSED] - numberOfSpaces = <not implemented yet for class: org.codehaus.groovy.ast.expr.EmptyExpression>: null

31-03-2025T12:15:48 - [TEST_STEP][PASSED] - file = <not implemented yet for class: org.codehaus.groovy.ast.expr.EmptyExpression>: null

31-03-2025T12:15:48 - [TEST_STEP][PASSED] - otpusk = <not implemented yet for class: org.codehaus.groovy.ast.expr.EmptyExpression>: null

31-03-2025T12:15:48 - [TEST_STEP][PASSED] - poteri = <not implemented yet for class: org.codehaus.groovy.ast.expr.EmptyExpression>: null

31-03-2025T12:15:48 - [TEST_STEP][PASSED] - dataFolder = "Выполнение бизнес-плана/Значения со страницы Выполнение бизнес-плана/": null

31-03-2025T12:15:48 - [TEST_STEP][PASSED] - path = <not implemented yet for class: org.codehaus.groovy.ast.expr.EmptyExpression>: null

31-03-2025T12:15:48 - [TEST_STEP][PASSED] - typeOfDataMain = <not implemented yet for class: org.codehaus.groovy.ast.expr.EmptyExpression>: null

31-03-2025T12:15:48 - [TEST_STEP][PASSED] - fileOtpuskVSet = <not implemented yet for class: org.codehaus.groovy.ast.expr.EmptyExpression>: null

31-03-2025T12:15:48 - [TEST_STEP][PASSED] - pageOtpuskVSet = <not implemented yet for class: org.codehaus.groovy.ast.expr.EmptyExpression>: null

31-03-2025T12:15:48 - [TEST_STEP][PASSED] - filePoteri = <not implemented yet for class: org.codehaus.groovy.ast.expr.EmptyExpression>: null

31-03-2025T12:15:48 - [TEST_STEP][PASSED] - pagePoteri = <not implemented yet for class: org.codehaus.groovy.ast.expr.EmptyExpression>: null

31-03-2025T12:15:48 - [TEST_STEP][PASSED] - compare = <not implemented yet for class: org.codehaus.groovy.ast.expr.EmptyExpression>: null

31-03-2025T12:15:48 - [TEST_STEP][PASSED] - b = <not implemented yet for class: org.codehaus.groovy.ast.expr.EmptyExpression>: null

31-03-2025T12:15:48 - [TEST_STEP][PASSED] - i = <not implemented yet for class: org.codehaus.groovy.ast.expr.EmptyExpression>: null

31-03-2025T12:15:48 - [TEST_STEP][PASSED] - ii = <not implemented yet for class: org.codehaus.groovy.ast.expr.EmptyExpression>: null

31-03-2025T12:15:48 - [TEST_STEP][PASSED] - c = <not implemented yet for class: org.codehaus.groovy.ast.expr.EmptyExpression>: null

31-03-2025T12:15:48 - [TEST_STEP][PASSED] - numberOfErrors = 0: null

31-03-2025T12:15:48 - [TEST_STEP][PASSED] - if (a == 82): null

31-03-2025T12:15:48 - [TEST_STEP][PASSED] - b = findTestData("PlanFact").getValue(1, a): null

31-03-2025T12:15:48 - [TEST_STEP][PASSED] - i = b.indexOf(" (ГК)"): null

31-03-2025T12:15:48 - [TEST_STEP][PASSED] - if (i > -1): null

31-03-2025T12:15:48 - [TEST_STEP][PASSED] - i = b.indexOf("О ""): null

31-03-2025T12:15:48 - [TEST_STEP][PASSED] - if (i > -1): null

31-03-2025T12:15:48 - [TEST_STEP][PASSED] - i = b.indexOf("О «"): null

31-03-2025T12:15:48 - [TEST_STEP][PASSED] - if (i > -1): null

31-03-2025T12:15:48 - [TEST_STEP][PASSED] - i = b.indexOf("г. "): null

31-03-2025T12:15:48 - [TEST_STEP][PASSED] - if (i > -1): null

31-03-2025T12:15:48 - [TEST_STEP][PASSED] - b = b.trim(): null

31-03-2025T12:15:48 - [TEST_STEP][PASSED] - println(b): null

31-03-2025T12:15:48 - [TEST_STEP][PASSED] - for ([planFact = 1, planFact < 3, (planFact++)]): Object: 'Object Repository/Выполнение бизнес-плана/Кнопка Факт' is clicked on

31-03-2025T12:15:48 - [TEST_STEP][PASSED] - if (planFact == 1): null

31-03-2025T12:15:48 - [TEST_STEP][PASSED] - typeOfDataMain = "Факт": null

31-03-2025T12:15:48 - [TEST_STEP][PASSED] - otpusk = findTestData("PlanFact").getValue(5, a): null

31-03-2025T12:15:48 - [TEST_STEP][PASSED] - poteri = findTestData("PlanFact").getValue(6, a): null

31-03-2025T12:15:48 - [TEST_STEP][PASSED] - otpusk = otpusk.replaceAll("\s+", ""): null

31-03-2025T12:15:48 - [TEST_STEP][PASSED] - poteri = poteri.replaceAll("\s+", ""): null

31-03-2025T12:15:48 - [TEST_STEP][PASSED] - typeOfData = typeOfDataMain + " Отпуск в сеть": null

31-03-2025T12:15:48 - [TEST_STEP][PASSED] - if (a == 82): null

31-03-2025T12:15:48 - [TEST_STEP][PASSED] - else if (a == 84): null

31-03-2025T12:15:48 - [TEST_STEP][PASSED] - else if (a == 83 || a == 52 || a == 72 || a == 28 || a == 73 || a == 77 || a == 74 || a == 65 || a == 36 || a == 44 || a == 53 || a == 80 || a == 54 || a == 1 || a == 18 || a == 59 || a == 81): null

31-03-2025T12:15:48 - [TEST_STEP][PASSED] - else: null

31-03-2025T12:15:48 - [TEST_STEP][PASSED] - path = dataFolder + typeOfData + " за отчётный период " + b: null

31-03-2025T12:15:48 - [TEST_STEP][PASSED] - println(path): null

31-03-2025T12:15:48 - [TEST_STEP][PASSED] - page = getText(findTestObject(path)): Text of object 'Object Repository/Выполнение бизнес-плана/Значения со страницы Выполнение бизнес-плана/Факт Отпуск в сеть за отчётный период Самарские РС' is: '1 727 126'

31-03-2025T12:15:48 - [MESSAGE][PASSED] - Text of object 'Object Repository/Выполнение бизнес-плана/Значения со страницы Выполнение бизнес-плана/Факт Отпуск в сеть за отчётный период Самарские РС' is: '1 727 126'

31-03-2025T12:15:48 - [TEST_STEP][PASSED] - if (page == "" || page == null): null

31-03-2025T12:15:48 - [TEST_STEP][PASSED] - else: null

31-03-2025T12:15:48 - [TEST_STEP][PASSED] - page = page.replaceAll("\s+", ""): null

31-03-2025T12:15:48 - [TEST_STEP][PASSED] - if (page == "undefined"): null

31-03-2025T12:15:48 - [TEST_STEP][PASSED] - fileOtpuskVSet = otpusk.toInteger(): null

31-03-2025T12:15:48 - [TEST_STEP][PASSED] - pageOtpuskVSet = page.toInteger(): null

31-03-2025T12:15:48 - [TEST_STEP][PASSED] - typeOfData = typeOfDataMain + " Потери": null

31-03-2025T12:15:48 - [TEST_STEP][PASSED] - if (a == 82): null

31-03-2025T12:15:48 - [TEST_STEP][PASSED] - else if (a == 84): null

31-03-2025T12:15:48 - [TEST_STEP][PASSED] - else if (a == 83 || a == 52 || a == 72 || a == 28 || a == 73 || a == 77 || a == 74 || a == 65 || a == 44 || a == 53 || a == 80 || a == 54 || a == 1 || a == 18 || a == 59 || a == 81): null

31-03-2025T12:15:48 - [TEST_STEP][PASSED] - else: null

31-03-2025T12:15:48 - [TEST_STEP][PASSED] - path = dataFolder + typeOfData + " за отчётный период " + b: null

31-03-2025T12:15:48 - [TEST_STEP][PASSED] - page = getText(findTestObject(path)): Text of object 'Object Repository/Выполнение бизнес-плана/Значения со страницы Выполнение бизнес-плана/Факт Потери за отчётный период Самарские РС' is: '76 830'

31-03-2025T12:15:49 - [MESSAGE][PASSED] - Text of object 'Object Repository/Выполнение бизнес-плана/Значения со страницы Выполнение бизнес-плана/Факт Потери за отчётный период Самарские РС' is: '76 830'

31-03-2025T12:15:49 - [TEST_STEP][PASSED] - if (page == "" || page == null): null

31-03-2025T12:15:49 - [TEST_STEP][PASSED] - else: null

31-03-2025T12:15:49 - [TEST_STEP][PASSED] - page = page.replaceAll("\s+", ""): null

31-03-2025T12:15:49 - [TEST_STEP][PASSED] - if (page == "undefined"): null

31-03-2025T12:15:49 - [TEST_STEP][PASSED] - filePoteri = poteri.toInteger(): null

31-03-2025T12:15:49 - [TEST_STEP][PASSED] - pagePoteri = page.toInteger(): null

31-03-2025T12:15:49 - [TEST_STEP][PASSED] - compare = pageOtpuskVSet: null

31-03-2025T12:15:49 - [TEST_STEP][PASSED] - if (pageOtpuskVSet != null): null

31-03-2025T12:15:49 - [TEST_STEP][PASSED] - if (compare == fileOtpuskVSet): null

31-03-2025T12:15:49 - [TEST_STEP][PASSED] - if (compare == fileOtpuskVSet): null

31-03-2025T12:15:49 - [TEST_STEP][PASSED] - compare = pagePoteri: null

31-03-2025T12:15:49 - [TEST_STEP][PASSED] - if (pageOtpuskVSet != null): null

31-03-2025T12:15:49 - [TEST_STEP][PASSED] - if (compare == filePoteri): null

31-03-2025T12:15:49 - [TEST_STEP][PASSED] - if (compare == filePoteri): null

31-03-2025T12:15:49 - [TEST_STEP][PASSED] - if (planFact == 2): null

31-03-2025T12:15:49 - [TEST_STEP][PASSED] - if (planFact == 1): null

31-03-2025T12:15:49 - [TEST_STEP][PASSED] - else if (planFact == 2): null

31-03-2025T12:15:49 - [TEST_STEP][PASSED] - click(findTestObject("Выполнение бизнес-плана/Кнопка План")): Object: 'Object Repository/Выполнение бизнес-плана/Кнопка План' is clicked on

31-03-2025T12:15:49 - [MESSAGE][PASSED] - Object: 'Object Repository/Выполнение бизнес-плана/Кнопка План' is clicked on

31-03-2025T12:15:49 - [TEST_STEP][PASSED] - typeOfDataMain = "План": null

31-03-2025T12:15:49 - [TEST_STEP][PASSED] - otpusk = findTestData("PlanFact").getValue(2, a): null

31-03-2025T12:15:49 - [TEST_STEP][PASSED] - poteri = findTestData("PlanFact").getValue(3, a): null

31-03-2025T12:15:49 - [TEST_STEP][PASSED] - otpusk = otpusk.replaceAll("\s+", ""): null

31-03-2025T12:15:49 - [TEST_STEP][PASSED] - poteri = poteri.replaceAll("\s+", ""): null

31-03-2025T12:15:49 - [TEST_STEP][PASSED] - typeOfData = typeOfDataMain + " Отпуск в сеть": null

31-03-2025T12:15:49 - [TEST_STEP][PASSED] - if (a == 82): null

31-03-2025T12:15:49 - [TEST_STEP][PASSED] - else if (a == 84): null

31-03-2025T12:15:49 - [TEST_STEP][PASSED] - else if (a == 83 || a == 52 || a == 72 || a == 28 || a == 73 || a == 77 || a == 74 || a == 65 || a == 36 || a == 44 || a == 53 || a == 80 || a == 54 || a == 1 || a == 18 || a == 59 || a == 81): null

31-03-2025T12:15:49 - [TEST_STEP][PASSED] - else: null

31-03-2025T12:15:49 - [TEST_STEP][PASSED] - path = dataFolder + typeOfData + " за отчётный период " + b: null

31-03-2025T12:15:49 - [TEST_STEP][PASSED] - println(path): null

31-03-2025T12:15:49 - [TEST_STEP][PASSED] - page = getText(findTestObject(path)): Text of object 'Object Repository/Выполнение бизнес-плана/Значения со страницы Выполнение бизнес-плана/План Отпуск в сеть за отчётный период Самарские РС' is: '1 801 121'

31-03-2025T12:15:49 - [MESSAGE][PASSED] - Text of object 'Object Repository/Выполнение бизнес-плана/Значения со страницы Выполнение бизнес-плана/План Отпуск в сеть за отчётный период Самарские РС' is: '1 801 121'

31-03-2025T12:15:49 - [TEST_STEP][PASSED] - if (page == "" || page == null): null

31-03-2025T12:15:49 - [TEST_STEP][PASSED] - else: null

31-03-2025T12:15:49 - [TEST_STEP][PASSED] - page = page.replaceAll("\s+", ""): null

31-03-2025T12:15:49 - [TEST_STEP][PASSED] - if (page == "undefined"): null

31-03-2025T12:15:49 - [TEST_STEP][PASSED] - fileOtpuskVSet = otpusk.toInteger(): null

31-03-2025T12:15:49 - [TEST_STEP][PASSED] - pageOtpuskVSet = page.toInteger(): null

31-03-2025T12:15:49 - [TEST_STEP][PASSED] - typeOfData = typeOfDataMain + " Потери": null

31-03-2025T12:15:49 - [TEST_STEP][PASSED] - if (a == 82): null

31-03-2025T12:15:49 - [TEST_STEP][PASSED] - else if (a == 84): null

31-03-2025T12:15:49 - [TEST_STEP][PASSED] - else if (a == 83 || a == 52 || a == 72 || a == 28 || a == 73 || a == 77 || a == 74 || a == 65 || a == 44 || a == 53 || a == 80 || a == 54 || a == 1 || a == 18 || a == 59 || a == 81): null

31-03-2025T12:15:49 - [TEST_STEP][PASSED] - else: null

31-03-2025T12:15:49 - [TEST_STEP][PASSED] - path = dataFolder + typeOfData + " за отчётный период " + b: null

31-03-2025T12:15:49 - [TEST_STEP][PASSED] - page = getText(findTestObject(path)): Text of object 'Object Repository/Выполнение бизнес-плана/Значения со страницы Выполнение бизнес-плана/План Потери за отчётный период Самарские РС' is: '85 467'

31-03-2025T12:15:50 - [MESSAGE][PASSED] - Text of object 'Object Repository/Выполнение бизнес-плана/Значения со страницы Выполнение бизнес-плана/План Потери за отчётный период Самарские РС' is: '85 467'

31-03-2025T12:15:50 - [TEST_STEP][PASSED] - if (page == "" || page == null): null

31-03-2025T12:15:50 - [TEST_STEP][PASSED] - else: null

31-03-2025T12:15:50 - [TEST_STEP][PASSED] - page = page.replaceAll("\s+", ""): null

31-03-2025T12:15:50 - [TEST_STEP][PASSED] - if (page == "undefined"): null

31-03-2025T12:15:50 - [TEST_STEP][PASSED] - filePoteri = poteri.toInteger(): null

31-03-2025T12:15:50 - [TEST_STEP][PASSED] - pagePoteri = page.toInteger(): null

31-03-2025T12:15:50 - [TEST_STEP][PASSED] - compare = pageOtpuskVSet: null

31-03-2025T12:15:50 - [TEST_STEP][PASSED] - if (pageOtpuskVSet != null): null

31-03-2025T12:15:50 - [TEST_STEP][PASSED] - if (compare == fileOtpuskVSet): null

31-03-2025T12:15:50 - [TEST_STEP][PASSED] - if (compare == fileOtpuskVSet): null

31-03-2025T12:15:50 - [TEST_STEP][PASSED] - compare = pagePoteri: null

31-03-2025T12:15:50 - [TEST_STEP][PASSED] - if (pageOtpuskVSet != null): null

31-03-2025T12:15:50 - [TEST_STEP][PASSED] - if (compare == filePoteri): null

31-03-2025T12:15:50 - [TEST_STEP][PASSED] - if (compare == filePoteri): null

31-03-2025T12:15:50 - [TEST_STEP][PASSED] - if (planFact == 2): Object: 'Object Repository/Выполнение бизнес-плана/Кнопка Факт' is clicked on

31-03-2025T12:15:50 - [TEST_STEP][PASSED] - click(findTestObject("Выполнение бизнес-плана/Кнопка Факт")): Object: 'Object Repository/Выполнение бизнес-плана/Кнопка Факт' is clicked on

31-03-2025T12:15:50 - [MESSAGE][PASSED] - Object: 'Object Repository/Выполнение бизнес-плана/Кнопка Факт' is clicked on

31-03-2025T12:15:50 - [TEST_STEP][PASSED] - println("a=" + a): null

31-03-2025T12:15:50 - [TEST_STEP][PASSED] - if (a == 84 || a == 82): null

31-03-2025T12:15:50 - [TEST_STEP][PASSED] - else if (a == 83 || a == 52 || a == 72 || a == 28 || a == 73 || a == 77 || a == 74 || a == 65 || a == 36 || a == 44 || a == 53 || a == 80 || a == 54 || a == 1 || a == 18 || a == 59 || a == 81): null

31-03-2025T12:15:50 - [TEST_STEP][PASSED] - else: null

31-03-2025T12:15:50 - [TEST_STEP][PASSED] - page1 = getText(findTestObject("Object Repository/Выполнение бизнес-плана/spanPlan" + filialNum)): Text of object 'Object Repository/Выполнение бизнес-плана/spanPlan4' is: '4.75
|'

31-03-2025T12:15:50 - [MESSAGE][PASSED] - Text of object 'Object Repository/Выполнение бизнес-плана/spanPlan4' is: '4.75
|'

31-03-2025T12:15:50 - [TEST_STEP][PASSED] - page1 = page1.replace("|", ""): null

31-03-2025T12:15:50 - [TEST_STEP][PASSED] - page2 = getText(findTestObject("Object Repository/Выполнение бизнес-плана/spanFact" + filialNum)): Text of object 'Object Repository/Выполнение бизнес-плана/spanFact4' is: '4.45
|'

31-03-2025T12:15:51 - [MESSAGE][PASSED] - Text of object 'Object Repository/Выполнение бизнес-плана/spanFact4' is: '4.45
|'

31-03-2025T12:15:51 - [TEST_STEP][PASSED] - page2 = page2.replace("|", ""): null

31-03-2025T12:15:51 - [TEST_STEP][PASSED] - println("page1: " + page1): null

31-03-2025T12:15:51 - [TEST_STEP][PASSED] - println("page2: " + page2): null

31-03-2025T12:15:51 - [TEST_STEP][PASSED] - file = findTestData("PlanFact").getValue(4, a): null

31-03-2025T12:15:51 - [TEST_STEP][PASSED] - file = file.replace(",", "."): null

31-03-2025T12:15:51 - [TEST_STEP][PASSED] - println("file Plan: " + file): null

31-03-2025T12:15:51 - [TEST_STEP][PASSED] - typeOfData = "План в процентах": null

31-03-2025T12:15:51 - [TEST_STEP][PASSED] - fileDouble = file.toDouble(): null

31-03-2025T12:15:51 - [TEST_STEP][PASSED] - pageDouble = page1.toDouble(): null

31-03-2025T12:15:51 - [TEST_STEP][PASSED] - if (fileDouble != pageDouble): null

31-03-2025T12:15:51 - [TEST_STEP][PASSED] - file = findTestData("PlanFact").getValue(7, a): null

31-03-2025T12:15:51 - [TEST_STEP][PASSED] - file = file.replace(",", "."): null

31-03-2025T12:15:51 - [TEST_STEP][PASSED] - println("file Fact: " + file): null

31-03-2025T12:15:51 - [TEST_STEP][PASSED] - fileDouble = file.toDouble(): null

31-03-2025T12:15:51 - [TEST_STEP][PASSED] - typeOfData = "Факт в процентах": null

31-03-2025T12:15:51 - [TEST_STEP][PASSED] - fileDouble = file.toDouble(): null

31-03-2025T12:15:51 - [TEST_STEP][PASSED] - pageDouble = page2.toDouble(): null

31-03-2025T12:15:51 - [TEST_STEP][PASSED] - if (fileDouble != pageDouble): null

31-03-2025T12:15:51 - [TEST_STEP][PASSED] - if (verifyEqual(numberOfErrors, 0) == false): Actual object '0' and expected object '0' are equal

31-03-2025T12:15:51 - [MESSAGE][PASSED] - Actual object '0' and expected object '0' are equal

31-03-2025T12:15:51 - [TEST_STEP][PASSED] - if (a == 82): null

31-03-2025T12:15:51 - [TEST_STEP][PASSED] - dZO = "Саратовские РС": null

31-03-2025T12:15:51 - [TEST_STEP][PASSED] - a = 33: null

31-03-2025T12:15:51 - [TEST_STEP][PASSED] - dzoCut = dZO.substring(0, 10): null

31-03-2025T12:15:51 - [TEST_STEP][PASSED] - if (x2.contains(dzoCut)): null

31-03-2025T12:15:51 - [TEST_STEP][PASSED] - filialNum = filialNum + 1: null

31-03-2025T12:15:51 - [TEST_STEP][PASSED] - Script1718980020443.Numbers(a, typeOfData, todaysDate, pageInt, fileInt, pageDouble, fileDouble, dZO, dzoNum, filialNum): null

31-03-2025T12:15:51 - [TEST_STEP][PASSED] - println(dzoNum): null

31-03-2025T12:15:51 - [TEST_STEP][PASSED] - planFact = <not implemented yet for class: org.codehaus.groovy.ast.expr.EmptyExpression>: null

31-03-2025T12:15:51 - [TEST_STEP][PASSED] - page = <not implemented yet for class: org.codehaus.groovy.ast.expr.EmptyExpression>: null

31-03-2025T12:15:51 - [TEST_STEP][PASSED] - page1 = <not implemented yet for class: org.codehaus.groovy.ast.expr.EmptyExpression>: null

31-03-2025T12:15:51 - [TEST_STEP][PASSED] - page2 = <not implemented yet for class: org.codehaus.groovy.ast.expr.EmptyExpression>: null

31-03-2025T12:15:51 - [TEST_STEP][PASSED] - filialNumberInRow = <not implemented yet for class: org.codehaus.groovy.ast.expr.EmptyExpression>: null

31-03-2025T12:15:51 - [TEST_STEP][PASSED] - filialsDzoNames = <not implemented yet for class: org.codehaus.groovy.ast.expr.EmptyExpression>: null

31-03-2025T12:15:51 - [TEST_STEP][PASSED] - numberOfFilials = <not implemented yet for class: org.codehaus.groovy.ast.expr.EmptyExpression>: null

31-03-2025T12:15:51 - [TEST_STEP][PASSED] - numberOfSpaces = <not implemented yet for class: org.codehaus.groovy.ast.expr.EmptyExpression>: null

31-03-2025T12:15:51 - [TEST_STEP][PASSED] - file = <not implemented yet for class: org.codehaus.groovy.ast.expr.EmptyExpression>: null

31-03-2025T12:15:51 - [TEST_STEP][PASSED] - otpusk = <not implemented yet for class: org.codehaus.groovy.ast.expr.EmptyExpression>: null

31-03-2025T12:15:51 - [TEST_STEP][PASSED] - poteri = <not implemented yet for class: org.codehaus.groovy.ast.expr.EmptyExpression>: null

31-03-2025T12:15:51 - [TEST_STEP][PASSED] - dataFolder = "Выполнение бизнес-плана/Значения со страницы Выполнение бизнес-плана/": null

31-03-2025T12:15:51 - [TEST_STEP][PASSED] - path = <not implemented yet for class: org.codehaus.groovy.ast.expr.EmptyExpression>: null

31-03-2025T12:15:51 - [TEST_STEP][PASSED] - typeOfDataMain = <not implemented yet for class: org.codehaus.groovy.ast.expr.EmptyExpression>: null

31-03-2025T12:15:51 - [TEST_STEP][PASSED] - fileOtpuskVSet = <not implemented yet for class: org.codehaus.groovy.ast.expr.EmptyExpression>: null

31-03-2025T12:15:51 - [TEST_STEP][PASSED] - pageOtpuskVSet = <not implemented yet for class: org.codehaus.groovy.ast.expr.EmptyExpression>: null

31-03-2025T12:15:51 - [TEST_STEP][PASSED] - filePoteri = <not implemented yet for class: org.codehaus.groovy.ast.expr.EmptyExpression>: null

31-03-2025T12:15:51 - [TEST_STEP][PASSED] - pagePoteri = <not implemented yet for class: org.codehaus.groovy.ast.expr.EmptyExpression>: null

31-03-2025T12:15:51 - [TEST_STEP][PASSED] - compare = <not implemented yet for class: org.codehaus.groovy.ast.expr.EmptyExpression>: null

31-03-2025T12:15:51 - [TEST_STEP][PASSED] - b = <not implemented yet for class: org.codehaus.groovy.ast.expr.EmptyExpression>: null

31-03-2025T12:15:51 - [TEST_STEP][PASSED] - i = <not implemented yet for class: org.codehaus.groovy.ast.expr.EmptyExpression>: null

31-03-2025T12:15:51 - [TEST_STEP][PASSED] - ii = <not implemented yet for class: org.codehaus.groovy.ast.expr.EmptyExpression>: null

31-03-2025T12:15:51 - [TEST_STEP][PASSED] - c = <not implemented yet for class: org.codehaus.groovy.ast.expr.EmptyExpression>: null

31-03-2025T12:15:51 - [TEST_STEP][PASSED] - numberOfErrors = 0: null

31-03-2025T12:15:51 - [TEST_STEP][PASSED] - if (a == 82): null

31-03-2025T12:15:51 - [TEST_STEP][PASSED] - b = findTestData("PlanFact").getValue(1, a): null

31-03-2025T12:15:51 - [TEST_STEP][PASSED] - i = b.indexOf(" (ГК)"): null

31-03-2025T12:15:51 - [TEST_STEP][PASSED] - if (i > -1): null

31-03-2025T12:15:51 - [TEST_STEP][PASSED] - i = b.indexOf("О ""): null

31-03-2025T12:15:51 - [TEST_STEP][PASSED] - if (i > -1): null

31-03-2025T12:15:51 - [TEST_STEP][PASSED] - i = b.indexOf("О «"): null

31-03-2025T12:15:51 - [TEST_STEP][PASSED] - if (i > -1): null

31-03-2025T12:15:51 - [TEST_STEP][PASSED] - i = b.indexOf("г. "): null

31-03-2025T12:15:51 - [TEST_STEP][PASSED] - if (i > -1): null

31-03-2025T12:15:51 - [TEST_STEP][PASSED] - b = b.trim(): null

31-03-2025T12:15:51 - [TEST_STEP][PASSED] - println(b): null

31-03-2025T12:15:51 - [TEST_STEP][PASSED] - for ([planFact = 1, planFact < 3, (planFact++)]): Object: 'Object Repository/Выполнение бизнес-плана/Кнопка Факт' is clicked on

31-03-2025T12:15:51 - [TEST_STEP][PASSED] - if (planFact == 1): null

31-03-2025T12:15:51 - [TEST_STEP][PASSED] - typeOfDataMain = "Факт": null

31-03-2025T12:15:51 - [TEST_STEP][PASSED] - otpusk = findTestData("PlanFact").getValue(5, a): null

31-03-2025T12:15:51 - [TEST_STEP][PASSED] - poteri = findTestData("PlanFact").getValue(6, a): null

31-03-2025T12:15:51 - [TEST_STEP][PASSED] - otpusk = otpusk.replaceAll("\s+", ""): null

31-03-2025T12:15:51 - [TEST_STEP][PASSED] - poteri = poteri.replaceAll("\s+", ""): null

31-03-2025T12:15:51 - [TEST_STEP][PASSED] - typeOfData = typeOfDataMain + " Отпуск в сеть": null

31-03-2025T12:15:51 - [TEST_STEP][PASSED] - if (a == 82): null

31-03-2025T12:15:51 - [TEST_STEP][PASSED] - else if (a == 84): null

31-03-2025T12:15:51 - [TEST_STEP][PASSED] - else if (a == 83 || a == 52 || a == 72 || a == 28 || a == 73 || a == 77 || a == 74 || a == 65 || a == 36 || a == 44 || a == 53 || a == 80 || a == 54 || a == 1 || a == 18 || a == 59 || a == 81): null

31-03-2025T12:15:51 - [TEST_STEP][PASSED] - else: null

31-03-2025T12:15:51 - [TEST_STEP][PASSED] - path = dataFolder + typeOfData + " за отчётный период " + b: null

31-03-2025T12:15:51 - [TEST_STEP][PASSED] - println(path): null

31-03-2025T12:15:51 - [TEST_STEP][PASSED] - page = getText(findTestObject(path)): Text of object 'Object Repository/Выполнение бизнес-плана/Значения со страницы Выполнение бизнес-плана/Факт Отпуск в сеть за отчётный период Саратовские РС' is: '880 001'

31-03-2025T12:15:51 - [MESSAGE][PASSED] - Text of object 'Object Repository/Выполнение бизнес-плана/Значения со страницы Выполнение бизнес-плана/Факт Отпуск в сеть за отчётный период Саратовские РС' is: '880 001'

31-03-2025T12:15:51 - [TEST_STEP][PASSED] - if (page == "" || page == null): null

31-03-2025T12:15:51 - [TEST_STEP][PASSED] - else: null

31-03-2025T12:15:51 - [TEST_STEP][PASSED] - page = page.replaceAll("\s+", ""): null

31-03-2025T12:15:51 - [TEST_STEP][PASSED] - if (page == "undefined"): null

31-03-2025T12:15:51 - [TEST_STEP][PASSED] - fileOtpuskVSet = otpusk.toInteger(): null

31-03-2025T12:15:51 - [TEST_STEP][PASSED] - pageOtpuskVSet = page.toInteger(): null

31-03-2025T12:15:51 - [TEST_STEP][PASSED] - typeOfData = typeOfDataMain + " Потери": null

31-03-2025T12:15:51 - [TEST_STEP][PASSED] - if (a == 82): null

31-03-2025T12:15:51 - [TEST_STEP][PASSED] - else if (a == 84): null

31-03-2025T12:15:51 - [TEST_STEP][PASSED] - else if (a == 83 || a == 52 || a == 72 || a == 28 || a == 73 || a == 77 || a == 74 || a == 65 || a == 44 || a == 53 || a == 80 || a == 54 || a == 1 || a == 18 || a == 59 || a == 81): null

31-03-2025T12:15:51 - [TEST_STEP][PASSED] - else: null

31-03-2025T12:15:51 - [TEST_STEP][PASSED] - path = dataFolder + typeOfData + " за отчётный период " + b: null

31-03-2025T12:15:51 - [TEST_STEP][PASSED] - page = getText(findTestObject(path)): Text of object 'Object Repository/Выполнение бизнес-плана/Значения со страницы Выполнение бизнес-плана/Факт Потери за отчётный период Саратовские РС' is: '51 219'

31-03-2025T12:15:52 - [MESSAGE][PASSED] - Text of object 'Object Repository/Выполнение бизнес-плана/Значения со страницы Выполнение бизнес-плана/Факт Потери за отчётный период Саратовские РС' is: '51 219'

31-03-2025T12:15:52 - [TEST_STEP][PASSED] - if (page == "" || page == null): null

31-03-2025T12:15:52 - [TEST_STEP][PASSED] - else: null

31-03-2025T12:15:52 - [TEST_STEP][PASSED] - page = page.replaceAll("\s+", ""): null

31-03-2025T12:15:52 - [TEST_STEP][PASSED] - if (page == "undefined"): null

31-03-2025T12:15:52 - [TEST_STEP][PASSED] - filePoteri = poteri.toInteger(): null

31-03-2025T12:15:52 - [TEST_STEP][PASSED] - pagePoteri = page.toInteger(): null

31-03-2025T12:15:52 - [TEST_STEP][PASSED] - compare = pageOtpuskVSet: null

31-03-2025T12:15:52 - [TEST_STEP][PASSED] - if (pageOtpuskVSet != null): null

31-03-2025T12:15:52 - [TEST_STEP][PASSED] - if (compare == fileOtpuskVSet): null

31-03-2025T12:15:52 - [TEST_STEP][PASSED] - if (compare == fileOtpuskVSet): null

31-03-2025T12:15:52 - [TEST_STEP][PASSED] - compare = pagePoteri: null

31-03-2025T12:15:52 - [TEST_STEP][PASSED] - if (pageOtpuskVSet != null): null

31-03-2025T12:15:52 - [TEST_STEP][PASSED] - if (compare == filePoteri): null

31-03-2025T12:15:52 - [TEST_STEP][PASSED] - if (compare == filePoteri): null

31-03-2025T12:15:52 - [TEST_STEP][PASSED] - if (planFact == 2): null

31-03-2025T12:15:52 - [TEST_STEP][PASSED] - if (planFact == 1): null

31-03-2025T12:15:52 - [TEST_STEP][PASSED] - else if (planFact == 2): null

31-03-2025T12:15:52 - [TEST_STEP][PASSED] - click(findTestObject("Выполнение бизнес-плана/Кнопка План")): Object: 'Object Repository/Выполнение бизнес-плана/Кнопка План' is clicked on

31-03-2025T12:15:52 - [MESSAGE][PASSED] - Object: 'Object Repository/Выполнение бизнес-плана/Кнопка План' is clicked on

31-03-2025T12:15:52 - [TEST_STEP][PASSED] - typeOfDataMain = "План": null

31-03-2025T12:15:52 - [TEST_STEP][PASSED] - otpusk = findTestData("PlanFact").getValue(2, a): null

31-03-2025T12:15:52 - [TEST_STEP][PASSED] - poteri = findTestData("PlanFact").getValue(3, a): null

31-03-2025T12:15:52 - [TEST_STEP][PASSED] - otpusk = otpusk.replaceAll("\s+", ""): null

31-03-2025T12:15:52 - [TEST_STEP][PASSED] - poteri = poteri.replaceAll("\s+", ""): null

31-03-2025T12:15:52 - [TEST_STEP][PASSED] - typeOfData = typeOfDataMain + " Отпуск в сеть": null

31-03-2025T12:15:52 - [TEST_STEP][PASSED] - if (a == 82): null

31-03-2025T12:15:52 - [TEST_STEP][PASSED] - else if (a == 84): null

31-03-2025T12:15:52 - [TEST_STEP][PASSED] - else if (a == 83 || a == 52 || a == 72 || a == 28 || a == 73 || a == 77 || a == 74 || a == 65 || a == 36 || a == 44 || a == 53 || a == 80 || a == 54 || a == 1 || a == 18 || a == 59 || a == 81): null

31-03-2025T12:15:52 - [TEST_STEP][PASSED] - else: null

31-03-2025T12:15:52 - [TEST_STEP][PASSED] - path = dataFolder + typeOfData + " за отчётный период " + b: null

31-03-2025T12:15:52 - [TEST_STEP][PASSED] - println(path): null

31-03-2025T12:15:52 - [TEST_STEP][PASSED] - page = getText(findTestObject(path)): Text of object 'Object Repository/Выполнение бизнес-плана/Значения со страницы Выполнение бизнес-плана/План Отпуск в сеть за отчётный период Саратовские РС' is: '925 980'

31-03-2025T12:15:52 - [MESSAGE][PASSED] - Text of object 'Object Repository/Выполнение бизнес-плана/Значения со страницы Выполнение бизнес-плана/План Отпуск в сеть за отчётный период Саратовские РС' is: '925 980'

31-03-2025T12:15:52 - [TEST_STEP][PASSED] - if (page == "" || page == null): null

31-03-2025T12:15:52 - [TEST_STEP][PASSED] - else: null

31-03-2025T12:15:52 - [TEST_STEP][PASSED] - page = page.replaceAll("\s+", ""): null

31-03-2025T12:15:52 - [TEST_STEP][PASSED] - if (page == "undefined"): null

31-03-2025T12:15:52 - [TEST_STEP][PASSED] - fileOtpuskVSet = otpusk.toInteger(): null

31-03-2025T12:15:52 - [TEST_STEP][PASSED] - pageOtpuskVSet = page.toInteger(): null

31-03-2025T12:15:52 - [TEST_STEP][PASSED] - typeOfData = typeOfDataMain + " Потери": null

31-03-2025T12:15:52 - [TEST_STEP][PASSED] - if (a == 82): null

31-03-2025T12:15:52 - [TEST_STEP][PASSED] - else if (a == 84): null

31-03-2025T12:15:52 - [TEST_STEP][PASSED] - else if (a == 83 || a == 52 || a == 72 || a == 28 || a == 73 || a == 77 || a == 74 || a == 65 || a == 44 || a == 53 || a == 80 || a == 54 || a == 1 || a == 18 || a == 59 || a == 81): null

31-03-2025T12:15:52 - [TEST_STEP][PASSED] - else: null

31-03-2025T12:15:52 - [TEST_STEP][PASSED] - path = dataFolder + typeOfData + " за отчётный период " + b: null

31-03-2025T12:15:52 - [TEST_STEP][PASSED] - page = getText(findTestObject(path)): Text of object 'Object Repository/Выполнение бизнес-плана/Значения со страницы Выполнение бизнес-плана/План Потери за отчётный период Саратовские РС' is: '64 175'

31-03-2025T12:15:53 - [MESSAGE][PASSED] - Text of object 'Object Repository/Выполнение бизнес-плана/Значения со страницы Выполнение бизнес-плана/План Потери за отчётный период Саратовские РС' is: '64 175'

31-03-2025T12:15:53 - [TEST_STEP][PASSED] - if (page == "" || page == null): null

31-03-2025T12:15:53 - [TEST_STEP][PASSED] - else: null

31-03-2025T12:15:53 - [TEST_STEP][PASSED] - page = page.replaceAll("\s+", ""): null

31-03-2025T12:15:53 - [TEST_STEP][PASSED] - if (page == "undefined"): null

31-03-2025T12:15:53 - [TEST_STEP][PASSED] - filePoteri = poteri.toInteger(): null

31-03-2025T12:15:53 - [TEST_STEP][PASSED] - pagePoteri = page.toInteger(): null

31-03-2025T12:15:53 - [TEST_STEP][PASSED] - compare = pageOtpuskVSet: null

31-03-2025T12:15:53 - [TEST_STEP][PASSED] - if (pageOtpuskVSet != null): null

31-03-2025T12:15:53 - [TEST_STEP][PASSED] - if (compare == fileOtpuskVSet): null

31-03-2025T12:15:53 - [TEST_STEP][PASSED] - if (compare == fileOtpuskVSet): null

31-03-2025T12:15:53 - [TEST_STEP][PASSED] - compare = pagePoteri: null

31-03-2025T12:15:53 - [TEST_STEP][PASSED] - if (pageOtpuskVSet != null): null

31-03-2025T12:15:53 - [TEST_STEP][PASSED] - if (compare == filePoteri): null

31-03-2025T12:15:53 - [TEST_STEP][PASSED] - if (compare == filePoteri): null

31-03-2025T12:15:53 - [TEST_STEP][PASSED] - if (planFact == 2): Object: 'Object Repository/Выполнение бизнес-плана/Кнопка Факт' is clicked on

31-03-2025T12:15:53 - [TEST_STEP][PASSED] - click(findTestObject("Выполнение бизнес-плана/Кнопка Факт")): Object: 'Object Repository/Выполнение бизнес-плана/Кнопка Факт' is clicked on

31-03-2025T12:15:53 - [MESSAGE][PASSED] - Object: 'Object Repository/Выполнение бизнес-плана/Кнопка Факт' is clicked on

31-03-2025T12:15:53 - [TEST_STEP][PASSED] - println("a=" + a): null

31-03-2025T12:15:53 - [TEST_STEP][PASSED] - if (a == 84 || a == 82): null

31-03-2025T12:15:53 - [TEST_STEP][PASSED] - else if (a == 83 || a == 52 || a == 72 || a == 28 || a == 73 || a == 77 || a == 74 || a == 65 || a == 36 || a == 44 || a == 53 || a == 80 || a == 54 || a == 1 || a == 18 || a == 59 || a == 81): null

31-03-2025T12:15:53 - [TEST_STEP][PASSED] - else: null

31-03-2025T12:15:53 - [TEST_STEP][PASSED] - page1 = getText(findTestObject("Object Repository/Выполнение бизнес-плана/spanPlan" + filialNum)): Text of object 'Object Repository/Выполнение бизнес-плана/spanPlan5' is: '6.93
|'

31-03-2025T12:15:53 - [MESSAGE][PASSED] - Text of object 'Object Repository/Выполнение бизнес-плана/spanPlan5' is: '6.93
|'

31-03-2025T12:15:53 - [TEST_STEP][PASSED] - page1 = page1.replace("|", ""): null

31-03-2025T12:15:53 - [TEST_STEP][PASSED] - page2 = getText(findTestObject("Object Repository/Выполнение бизнес-плана/spanFact" + filialNum)): Text of object 'Object Repository/Выполнение бизнес-плана/spanFact5' is: '5.82
|'

31-03-2025T12:15:54 - [MESSAGE][PASSED] - Text of object 'Object Repository/Выполнение бизнес-плана/spanFact5' is: '5.82
|'

31-03-2025T12:15:54 - [TEST_STEP][PASSED] - page2 = page2.replace("|", ""): null

31-03-2025T12:15:54 - [TEST_STEP][PASSED] - println("page1: " + page1): null

31-03-2025T12:15:54 - [TEST_STEP][PASSED] - println("page2: " + page2): null

31-03-2025T12:15:54 - [TEST_STEP][PASSED] - file = findTestData("PlanFact").getValue(4, a): null

31-03-2025T12:15:54 - [TEST_STEP][PASSED] - file = file.replace(",", "."): null

31-03-2025T12:15:54 - [TEST_STEP][PASSED] - println("file Plan: " + file): null

31-03-2025T12:15:54 - [TEST_STEP][PASSED] - typeOfData = "План в процентах": null

31-03-2025T12:15:54 - [TEST_STEP][PASSED] - fileDouble = file.toDouble(): null

31-03-2025T12:15:54 - [TEST_STEP][PASSED] - pageDouble = page1.toDouble(): null

31-03-2025T12:15:54 - [TEST_STEP][PASSED] - if (fileDouble != pageDouble): null

31-03-2025T12:15:54 - [TEST_STEP][PASSED] - file = findTestData("PlanFact").getValue(7, a): null

31-03-2025T12:15:54 - [TEST_STEP][PASSED] - file = file.replace(",", "."): null

31-03-2025T12:15:54 - [TEST_STEP][PASSED] - println("file Fact: " + file): null

31-03-2025T12:15:54 - [TEST_STEP][PASSED] - fileDouble = file.toDouble(): null

31-03-2025T12:15:54 - [TEST_STEP][PASSED] - typeOfData = "Факт в процентах": null

31-03-2025T12:15:54 - [TEST_STEP][PASSED] - fileDouble = file.toDouble(): null

31-03-2025T12:15:54 - [TEST_STEP][PASSED] - pageDouble = page2.toDouble(): null

31-03-2025T12:15:54 - [TEST_STEP][PASSED] - if (fileDouble != pageDouble): null

31-03-2025T12:15:54 - [TEST_STEP][PASSED] - if (verifyEqual(numberOfErrors, 0) == false): Actual object '0' and expected object '0' are equal

31-03-2025T12:15:54 - [MESSAGE][PASSED] - Actual object '0' and expected object '0' are equal

31-03-2025T12:15:54 - [TEST_STEP][PASSED] - if (a == 82): null

31-03-2025T12:15:54 - [TEST_STEP][PASSED] - dZO = "Ульяновские РС": null

31-03-2025T12:15:54 - [TEST_STEP][PASSED] - a = 34: null

31-03-2025T12:15:54 - [TEST_STEP][PASSED] - dzoCut = dZO.substring(0, 10): null

31-03-2025T12:15:54 - [TEST_STEP][PASSED] - if (x2.contains(dzoCut)): null

31-03-2025T12:15:54 - [TEST_STEP][PASSED] - filialNum = filialNum + 1: null

31-03-2025T12:15:54 - [TEST_STEP][PASSED] - Script1718980020443.Numbers(a, typeOfData, todaysDate, pageInt, fileInt, pageDouble, fileDouble, dZO, dzoNum, filialNum): null

31-03-2025T12:15:54 - [TEST_STEP][PASSED] - println(dzoNum): null

31-03-2025T12:15:54 - [TEST_STEP][PASSED] - planFact = <not implemented yet for class: org.codehaus.groovy.ast.expr.EmptyExpression>: null

31-03-2025T12:15:54 - [TEST_STEP][PASSED] - page = <not implemented yet for class: org.codehaus.groovy.ast.expr.EmptyExpression>: null

31-03-2025T12:15:54 - [TEST_STEP][PASSED] - page1 = <not implemented yet for class: org.codehaus.groovy.ast.expr.EmptyExpression>: null

31-03-2025T12:15:54 - [TEST_STEP][PASSED] - page2 = <not implemented yet for class: org.codehaus.groovy.ast.expr.EmptyExpression>: null

31-03-2025T12:15:54 - [TEST_STEP][PASSED] - filialNumberInRow = <not implemented yet for class: org.codehaus.groovy.ast.expr.EmptyExpression>: null

31-03-2025T12:15:54 - [TEST_STEP][PASSED] - filialsDzoNames = <not implemented yet for class: org.codehaus.groovy.ast.expr.EmptyExpression>: null

31-03-2025T12:15:54 - [TEST_STEP][PASSED] - numberOfFilials = <not implemented yet for class: org.codehaus.groovy.ast.expr.EmptyExpression>: null

31-03-2025T12:15:54 - [TEST_STEP][PASSED] - numberOfSpaces = <not implemented yet for class: org.codehaus.groovy.ast.expr.EmptyExpression>: null

31-03-2025T12:15:54 - [TEST_STEP][PASSED] - file = <not implemented yet for class: org.codehaus.groovy.ast.expr.EmptyExpression>: null

31-03-2025T12:15:54 - [TEST_STEP][PASSED] - otpusk = <not implemented yet for class: org.codehaus.groovy.ast.expr.EmptyExpression>: null

31-03-2025T12:15:54 - [TEST_STEP][PASSED] - poteri = <not implemented yet for class: org.codehaus.groovy.ast.expr.EmptyExpression>: null

31-03-2025T12:15:54 - [TEST_STEP][PASSED] - dataFolder = "Выполнение бизнес-плана/Значения со страницы Выполнение бизнес-плана/": null

31-03-2025T12:15:54 - [TEST_STEP][PASSED] - path = <not implemented yet for class: org.codehaus.groovy.ast.expr.EmptyExpression>: null

31-03-2025T12:15:54 - [TEST_STEP][PASSED] - typeOfDataMain = <not implemented yet for class: org.codehaus.groovy.ast.expr.EmptyExpression>: null

31-03-2025T12:15:54 - [TEST_STEP][PASSED] - fileOtpuskVSet = <not implemented yet for class: org.codehaus.groovy.ast.expr.EmptyExpression>: null

31-03-2025T12:15:54 - [TEST_STEP][PASSED] - pageOtpuskVSet = <not implemented yet for class: org.codehaus.groovy.ast.expr.EmptyExpression>: null

31-03-2025T12:15:54 - [TEST_STEP][PASSED] - filePoteri = <not implemented yet for class: org.codehaus.groovy.ast.expr.EmptyExpression>: null

31-03-2025T12:15:54 - [TEST_STEP][PASSED] - pagePoteri = <not implemented yet for class: org.codehaus.groovy.ast.expr.EmptyExpression>: null

31-03-2025T12:15:54 - [TEST_STEP][PASSED] - compare = <not implemented yet for class: org.codehaus.groovy.ast.expr.EmptyExpression>: null

31-03-2025T12:15:54 - [TEST_STEP][PASSED] - b = <not implemented yet for class: org.codehaus.groovy.ast.expr.EmptyExpression>: null

31-03-2025T12:15:54 - [TEST_STEP][PASSED] - i = <not implemented yet for class: org.codehaus.groovy.ast.expr.EmptyExpression>: null

31-03-2025T12:15:54 - [TEST_STEP][PASSED] - ii = <not implemented yet for class: org.codehaus.groovy.ast.expr.EmptyExpression>: null

31-03-2025T12:15:54 - [TEST_STEP][PASSED] - c = <not implemented yet for class: org.codehaus.groovy.ast.expr.EmptyExpression>: null

31-03-2025T12:15:54 - [TEST_STEP][PASSED] - numberOfErrors = 0: null

31-03-2025T12:15:54 - [TEST_STEP][PASSED] - if (a == 82): null

31-03-2025T12:15:54 - [TEST_STEP][PASSED] - b = findTestData("PlanFact").getValue(1, a): null

31-03-2025T12:15:54 - [TEST_STEP][PASSED] - i = b.indexOf(" (ГК)"): null

31-03-2025T12:15:54 - [TEST_STEP][PASSED] - if (i > -1): null

31-03-2025T12:15:54 - [TEST_STEP][PASSED] - i = b.indexOf("О ""): null

31-03-2025T12:15:54 - [TEST_STEP][PASSED] - if (i > -1): null

31-03-2025T12:15:54 - [TEST_STEP][PASSED] - i = b.indexOf("О «"): null

31-03-2025T12:15:54 - [TEST_STEP][PASSED] - if (i > -1): null

31-03-2025T12:15:54 - [TEST_STEP][PASSED] - i = b.indexOf("г. "): null

31-03-2025T12:15:54 - [TEST_STEP][PASSED] - if (i > -1): null

31-03-2025T12:15:54 - [TEST_STEP][PASSED] - b = b.trim(): null

31-03-2025T12:15:54 - [TEST_STEP][PASSED] - println(b): null

31-03-2025T12:15:54 - [TEST_STEP][PASSED] - for ([planFact = 1, planFact < 3, (planFact++)]): Object: 'Object Repository/Выполнение бизнес-плана/Кнопка Факт' is clicked on

31-03-2025T12:15:54 - [TEST_STEP][PASSED] - if (planFact == 1): null

31-03-2025T12:15:54 - [TEST_STEP][PASSED] - typeOfDataMain = "Факт": null

31-03-2025T12:15:54 - [TEST_STEP][PASSED] - otpusk = findTestData("PlanFact").getValue(5, a): null

31-03-2025T12:15:54 - [TEST_STEP][PASSED] - poteri = findTestData("PlanFact").getValue(6, a): null

31-03-2025T12:15:54 - [TEST_STEP][PASSED] - otpusk = otpusk.replaceAll("\s+", ""): null

31-03-2025T12:15:54 - [TEST_STEP][PASSED] - poteri = poteri.replaceAll("\s+", ""): null

31-03-2025T12:15:54 - [TEST_STEP][PASSED] - typeOfData = typeOfDataMain + " Отпуск в сеть": null

31-03-2025T12:15:54 - [TEST_STEP][PASSED] - if (a == 82): null

31-03-2025T12:15:54 - [TEST_STEP][PASSED] - else if (a == 84): null

31-03-2025T12:15:54 - [TEST_STEP][PASSED] - else if (a == 83 || a == 52 || a == 72 || a == 28 || a == 73 || a == 77 || a == 74 || a == 65 || a == 36 || a == 44 || a == 53 || a == 80 || a == 54 || a == 1 || a == 18 || a == 59 || a == 81): null

31-03-2025T12:15:54 - [TEST_STEP][PASSED] - else: null

31-03-2025T12:15:54 - [TEST_STEP][PASSED] - path = dataFolder + typeOfData + " за отчётный период " + b: null

31-03-2025T12:15:54 - [TEST_STEP][PASSED] - println(path): null

31-03-2025T12:15:54 - [TEST_STEP][PASSED] - page = getText(findTestObject(path)): Text of object 'Object Repository/Выполнение бизнес-плана/Значения со страницы Выполнение бизнес-плана/Факт Отпуск в сеть за отчётный период Ульяновские РС' is: '426 120'

31-03-2025T12:15:54 - [MESSAGE][PASSED] - Text of object 'Object Repository/Выполнение бизнес-плана/Значения со страницы Выполнение бизнес-плана/Факт Отпуск в сеть за отчётный период Ульяновские РС' is: '426 120'

31-03-2025T12:15:54 - [TEST_STEP][PASSED] - if (page == "" || page == null): null

31-03-2025T12:15:54 - [TEST_STEP][PASSED] - else: null

31-03-2025T12:15:54 - [TEST_STEP][PASSED] - page = page.replaceAll("\s+", ""): null

31-03-2025T12:15:54 - [TEST_STEP][PASSED] - if (page == "undefined"): null

31-03-2025T12:15:54 - [TEST_STEP][PASSED] - fileOtpuskVSet = otpusk.toInteger(): null

31-03-2025T12:15:54 - [TEST_STEP][PASSED] - pageOtpuskVSet = page.toInteger(): null

31-03-2025T12:15:54 - [TEST_STEP][PASSED] - typeOfData = typeOfDataMain + " Потери": null

31-03-2025T12:15:54 - [TEST_STEP][PASSED] - if (a == 82): null

31-03-2025T12:15:54 - [TEST_STEP][PASSED] - else if (a == 84): null

31-03-2025T12:15:54 - [TEST_STEP][PASSED] - else if (a == 83 || a == 52 || a == 72 || a == 28 || a == 73 || a == 77 || a == 74 || a == 65 || a == 44 || a == 53 || a == 80 || a == 54 || a == 1 || a == 18 || a == 59 || a == 81): null

31-03-2025T12:15:54 - [TEST_STEP][PASSED] - else: null

31-03-2025T12:15:54 - [TEST_STEP][PASSED] - path = dataFolder + typeOfData + " за отчётный период " + b: null

31-03-2025T12:15:54 - [TEST_STEP][PASSED] - page = getText(findTestObject(path)): Text of object 'Object Repository/Выполнение бизнес-плана/Значения со страницы Выполнение бизнес-плана/Факт Потери за отчётный период Ульяновские РС' is: '23 552'

31-03-2025T12:15:55 - [MESSAGE][PASSED] - Text of object 'Object Repository/Выполнение бизнес-плана/Значения со страницы Выполнение бизнес-плана/Факт Потери за отчётный период Ульяновские РС' is: '23 552'

31-03-2025T12:15:55 - [TEST_STEP][PASSED] - if (page == "" || page == null): null

31-03-2025T12:15:55 - [TEST_STEP][PASSED] - else: null

31-03-2025T12:15:55 - [TEST_STEP][PASSED] - page = page.replaceAll("\s+", ""): null

31-03-2025T12:15:55 - [TEST_STEP][PASSED] - if (page == "undefined"): null

31-03-2025T12:15:55 - [TEST_STEP][PASSED] - filePoteri = poteri.toInteger(): null

31-03-2025T12:15:55 - [TEST_STEP][PASSED] - pagePoteri = page.toInteger(): null

31-03-2025T12:15:55 - [TEST_STEP][PASSED] - compare = pageOtpuskVSet: null

31-03-2025T12:15:55 - [TEST_STEP][PASSED] - if (pageOtpuskVSet != null): null

31-03-2025T12:15:55 - [TEST_STEP][PASSED] - if (compare == fileOtpuskVSet): null

31-03-2025T12:15:55 - [TEST_STEP][PASSED] - if (compare == fileOtpuskVSet): null

31-03-2025T12:15:55 - [TEST_STEP][PASSED] - compare = pagePoteri: null

31-03-2025T12:15:55 - [TEST_STEP][PASSED] - if (pageOtpuskVSet != null): null

31-03-2025T12:15:55 - [TEST_STEP][PASSED] - if (compare == filePoteri): null

31-03-2025T12:15:55 - [TEST_STEP][PASSED] - if (compare == filePoteri): null

31-03-2025T12:15:55 - [TEST_STEP][PASSED] - if (planFact == 2): null

31-03-2025T12:15:55 - [TEST_STEP][PASSED] - if (planFact == 1): null

31-03-2025T12:15:55 - [TEST_STEP][PASSED] - else if (planFact == 2): null

31-03-2025T12:15:55 - [TEST_STEP][PASSED] - click(findTestObject("Выполнение бизнес-плана/Кнопка План")): Object: 'Object Repository/Выполнение бизнес-плана/Кнопка План' is clicked on

31-03-2025T12:15:55 - [MESSAGE][PASSED] - Object: 'Object Repository/Выполнение бизнес-плана/Кнопка План' is clicked on

31-03-2025T12:15:55 - [TEST_STEP][PASSED] - typeOfDataMain = "План": null

31-03-2025T12:15:55 - [TEST_STEP][PASSED] - otpusk = findTestData("PlanFact").getValue(2, a): null

31-03-2025T12:15:55 - [TEST_STEP][PASSED] - poteri = findTestData("PlanFact").getValue(3, a): null

31-03-2025T12:15:55 - [TEST_STEP][PASSED] - otpusk = otpusk.replaceAll("\s+", ""): null

31-03-2025T12:15:55 - [TEST_STEP][PASSED] - poteri = poteri.replaceAll("\s+", ""): null

31-03-2025T12:15:55 - [TEST_STEP][PASSED] - typeOfData = typeOfDataMain + " Отпуск в сеть": null

31-03-2025T12:15:55 - [TEST_STEP][PASSED] - if (a == 82): null

31-03-2025T12:15:55 - [TEST_STEP][PASSED] - else if (a == 84): null

31-03-2025T12:15:55 - [TEST_STEP][PASSED] - else if (a == 83 || a == 52 || a == 72 || a == 28 || a == 73 || a == 77 || a == 74 || a == 65 || a == 36 || a == 44 || a == 53 || a == 80 || a == 54 || a == 1 || a == 18 || a == 59 || a == 81): null

31-03-2025T12:15:55 - [TEST_STEP][PASSED] - else: null

31-03-2025T12:15:55 - [TEST_STEP][PASSED] - path = dataFolder + typeOfData + " за отчётный период " + b: null

31-03-2025T12:15:55 - [TEST_STEP][PASSED] - println(path): null

31-03-2025T12:15:55 - [TEST_STEP][PASSED] - page = getText(findTestObject(path)): Text of object 'Object Repository/Выполнение бизнес-плана/Значения со страницы Выполнение бизнес-плана/План Отпуск в сеть за отчётный период Ульяновские РС' is: '439 261'

31-03-2025T12:15:55 - [MESSAGE][PASSED] - Text of object 'Object Repository/Выполнение бизнес-плана/Значения со страницы Выполнение бизнес-плана/План Отпуск в сеть за отчётный период Ульяновские РС' is: '439 261'

31-03-2025T12:15:55 - [TEST_STEP][PASSED] - if (page == "" || page == null): null

31-03-2025T12:15:55 - [TEST_STEP][PASSED] - else: null

31-03-2025T12:15:55 - [TEST_STEP][PASSED] - page = page.replaceAll("\s+", ""): null

31-03-2025T12:15:55 - [TEST_STEP][PASSED] - if (page == "undefined"): null

31-03-2025T12:15:55 - [TEST_STEP][PASSED] - fileOtpuskVSet = otpusk.toInteger(): null

31-03-2025T12:15:55 - [TEST_STEP][PASSED] - pageOtpuskVSet = page.toInteger(): null

31-03-2025T12:15:55 - [TEST_STEP][PASSED] - typeOfData = typeOfDataMain + " Потери": null

31-03-2025T12:15:55 - [TEST_STEP][PASSED] - if (a == 82): null

31-03-2025T12:15:55 - [TEST_STEP][PASSED] - else if (a == 84): null

31-03-2025T12:15:55 - [TEST_STEP][PASSED] - else if (a == 83 || a == 52 || a == 72 || a == 28 || a == 73 || a == 77 || a == 74 || a == 65 || a == 44 || a == 53 || a == 80 || a == 54 || a == 1 || a == 18 || a == 59 || a == 81): null

31-03-2025T12:15:55 - [TEST_STEP][PASSED] - else: null

31-03-2025T12:15:55 - [TEST_STEP][PASSED] - path = dataFolder + typeOfData + " за отчётный период " + b: null

31-03-2025T12:15:55 - [TEST_STEP][PASSED] - page = getText(findTestObject(path)): Text of object 'Object Repository/Выполнение бизнес-плана/Значения со страницы Выполнение бизнес-плана/План Потери за отчётный период Ульяновские РС' is: '32 541'

31-03-2025T12:15:56 - [MESSAGE][PASSED] - Text of object 'Object Repository/Выполнение бизнес-плана/Значения со страницы Выполнение бизнес-плана/План Потери за отчётный период Ульяновские РС' is: '32 541'

31-03-2025T12:15:56 - [TEST_STEP][PASSED] - if (page == "" || page == null): null

31-03-2025T12:15:56 - [TEST_STEP][PASSED] - else: null

31-03-2025T12:15:56 - [TEST_STEP][PASSED] - page = page.replaceAll("\s+", ""): null

31-03-2025T12:15:56 - [TEST_STEP][PASSED] - if (page == "undefined"): null

31-03-2025T12:15:56 - [TEST_STEP][PASSED] - filePoteri = poteri.toInteger(): null

31-03-2025T12:15:56 - [TEST_STEP][PASSED] - pagePoteri = page.toInteger(): null

31-03-2025T12:15:56 - [TEST_STEP][PASSED] - compare = pageOtpuskVSet: null

31-03-2025T12:15:56 - [TEST_STEP][PASSED] - if (pageOtpuskVSet != null): null

31-03-2025T12:15:56 - [TEST_STEP][PASSED] - if (compare == fileOtpuskVSet): null

31-03-2025T12:15:56 - [TEST_STEP][PASSED] - if (compare == fileOtpuskVSet): null

31-03-2025T12:15:56 - [TEST_STEP][PASSED] - compare = pagePoteri: null

31-03-2025T12:15:56 - [TEST_STEP][PASSED] - if (pageOtpuskVSet != null): null

31-03-2025T12:15:56 - [TEST_STEP][PASSED] - if (compare == filePoteri): null

31-03-2025T12:15:56 - [TEST_STEP][PASSED] - if (compare == filePoteri): null

31-03-2025T12:15:56 - [TEST_STEP][PASSED] - if (planFact == 2): Object: 'Object Repository/Выполнение бизнес-плана/Кнопка Факт' is clicked on

31-03-2025T12:15:56 - [TEST_STEP][PASSED] - click(findTestObject("Выполнение бизнес-плана/Кнопка Факт")): Object: 'Object Repository/Выполнение бизнес-плана/Кнопка Факт' is clicked on

31-03-2025T12:15:56 - [MESSAGE][PASSED] - Object: 'Object Repository/Выполнение бизнес-плана/Кнопка Факт' is clicked on

31-03-2025T12:15:56 - [TEST_STEP][PASSED] - println("a=" + a): null

31-03-2025T12:15:56 - [TEST_STEP][PASSED] - if (a == 84 || a == 82): null

31-03-2025T12:15:56 - [TEST_STEP][PASSED] - else if (a == 83 || a == 52 || a == 72 || a == 28 || a == 73 || a == 77 || a == 74 || a == 65 || a == 36 || a == 44 || a == 53 || a == 80 || a == 54 || a == 1 || a == 18 || a == 59 || a == 81): null

31-03-2025T12:15:56 - [TEST_STEP][PASSED] - else: null

31-03-2025T12:15:56 - [TEST_STEP][PASSED] - page1 = getText(findTestObject("Object Repository/Выполнение бизнес-плана/spanPlan" + filialNum)): Text of object 'Object Repository/Выполнение бизнес-плана/spanPlan6' is: '7.41
|'

31-03-2025T12:15:56 - [MESSAGE][PASSED] - Text of object 'Object Repository/Выполнение бизнес-плана/spanPlan6' is: '7.41
|'

31-03-2025T12:15:56 - [TEST_STEP][PASSED] - page1 = page1.replace("|", ""): null

31-03-2025T12:15:56 - [TEST_STEP][PASSED] - page2 = getText(findTestObject("Object Repository/Выполнение бизнес-плана/spanFact" + filialNum)): Text of object 'Object Repository/Выполнение бизнес-плана/spanFact6' is: '5.53
|'

31-03-2025T12:15:57 - [MESSAGE][PASSED] - Text of object 'Object Repository/Выполнение бизнес-плана/spanFact6' is: '5.53
|'

31-03-2025T12:15:57 - [TEST_STEP][PASSED] - page2 = page2.replace("|", ""): null

31-03-2025T12:15:57 - [TEST_STEP][PASSED] - println("page1: " + page1): null

31-03-2025T12:15:57 - [TEST_STEP][PASSED] - println("page2: " + page2): null

31-03-2025T12:15:57 - [TEST_STEP][PASSED] - file = findTestData("PlanFact").getValue(4, a): null

31-03-2025T12:15:57 - [TEST_STEP][PASSED] - file = file.replace(",", "."): null

31-03-2025T12:15:57 - [TEST_STEP][PASSED] - println("file Plan: " + file): null

31-03-2025T12:15:57 - [TEST_STEP][PASSED] - typeOfData = "План в процентах": null

31-03-2025T12:15:57 - [TEST_STEP][PASSED] - fileDouble = file.toDouble(): null

31-03-2025T12:15:57 - [TEST_STEP][PASSED] - pageDouble = page1.toDouble(): null

31-03-2025T12:15:57 - [TEST_STEP][PASSED] - if (fileDouble != pageDouble): null

31-03-2025T12:15:57 - [TEST_STEP][PASSED] - file = findTestData("PlanFact").getValue(7, a): null

31-03-2025T12:15:57 - [TEST_STEP][PASSED] - file = file.replace(",", "."): null

31-03-2025T12:15:57 - [TEST_STEP][PASSED] - println("file Fact: " + file): null

31-03-2025T12:15:57 - [TEST_STEP][PASSED] - fileDouble = file.toDouble(): null

31-03-2025T12:15:57 - [TEST_STEP][PASSED] - typeOfData = "Факт в процентах": null

31-03-2025T12:15:57 - [TEST_STEP][PASSED] - fileDouble = file.toDouble(): null

31-03-2025T12:15:57 - [TEST_STEP][PASSED] - pageDouble = page2.toDouble(): null

31-03-2025T12:15:57 - [TEST_STEP][PASSED] - if (fileDouble != pageDouble): null

31-03-2025T12:15:57 - [TEST_STEP][PASSED] - if (verifyEqual(numberOfErrors, 0) == false): Actual object '0' and expected object '0' are equal

31-03-2025T12:15:57 - [MESSAGE][PASSED] - Actual object '0' and expected object '0' are equal

31-03-2025T12:15:57 - [TEST_STEP][PASSED] - if (a == 82): null

31-03-2025T12:15:57 - [TEST_STEP][PASSED] - dZO = "Чувашэнерго": null

31-03-2025T12:15:57 - [TEST_STEP][PASSED] - a = 35: null

31-03-2025T12:15:57 - [TEST_STEP][PASSED] - if (x2.contains(dZO)): null

31-03-2025T12:15:57 - [TEST_STEP][PASSED] - filialNum = filialNum + 1: null

31-03-2025T12:15:57 - [TEST_STEP][PASSED] - Script1718980020443.Numbers(a, typeOfData, todaysDate, pageInt, fileInt, pageDouble, fileDouble, dZO, dzoNum, filialNum): null

31-03-2025T12:15:57 - [TEST_STEP][PASSED] - println(dzoNum): null

31-03-2025T12:15:57 - [TEST_STEP][PASSED] - planFact = <not implemented yet for class: org.codehaus.groovy.ast.expr.EmptyExpression>: null

31-03-2025T12:15:57 - [TEST_STEP][PASSED] - page = <not implemented yet for class: org.codehaus.groovy.ast.expr.EmptyExpression>: null

31-03-2025T12:15:57 - [TEST_STEP][PASSED] - page1 = <not implemented yet for class: org.codehaus.groovy.ast.expr.EmptyExpression>: null

31-03-2025T12:15:57 - [TEST_STEP][PASSED] - page2 = <not implemented yet for class: org.codehaus.groovy.ast.expr.EmptyExpression>: null

31-03-2025T12:15:57 - [TEST_STEP][PASSED] - filialNumberInRow = <not implemented yet for class: org.codehaus.groovy.ast.expr.EmptyExpression>: null

31-03-2025T12:15:57 - [TEST_STEP][PASSED] - filialsDzoNames = <not implemented yet for class: org.codehaus.groovy.ast.expr.EmptyExpression>: null

31-03-2025T12:15:57 - [TEST_STEP][PASSED] - numberOfFilials = <not implemented yet for class: org.codehaus.groovy.ast.expr.EmptyExpression>: null

31-03-2025T12:15:57 - [TEST_STEP][PASSED] - numberOfSpaces = <not implemented yet for class: org.codehaus.groovy.ast.expr.EmptyExpression>: null

31-03-2025T12:15:57 - [TEST_STEP][PASSED] - file = <not implemented yet for class: org.codehaus.groovy.ast.expr.EmptyExpression>: null

31-03-2025T12:15:57 - [TEST_STEP][PASSED] - otpusk = <not implemented yet for class: org.codehaus.groovy.ast.expr.EmptyExpression>: null

31-03-2025T12:15:57 - [TEST_STEP][PASSED] - poteri = <not implemented yet for class: org.codehaus.groovy.ast.expr.EmptyExpression>: null

31-03-2025T12:15:57 - [TEST_STEP][PASSED] - dataFolder = "Выполнение бизнес-плана/Значения со страницы Выполнение бизнес-плана/": null

31-03-2025T12:15:57 - [TEST_STEP][PASSED] - path = <not implemented yet for class: org.codehaus.groovy.ast.expr.EmptyExpression>: null

31-03-2025T12:15:57 - [TEST_STEP][PASSED] - typeOfDataMain = <not implemented yet for class: org.codehaus.groovy.ast.expr.EmptyExpression>: null

31-03-2025T12:15:57 - [TEST_STEP][PASSED] - fileOtpuskVSet = <not implemented yet for class: org.codehaus.groovy.ast.expr.EmptyExpression>: null

31-03-2025T12:15:57 - [TEST_STEP][PASSED] - pageOtpuskVSet = <not implemented yet for class: org.codehaus.groovy.ast.expr.EmptyExpression>: null

31-03-2025T12:15:57 - [TEST_STEP][PASSED] - filePoteri = <not implemented yet for class: org.codehaus.groovy.ast.expr.EmptyExpression>: null

31-03-2025T12:15:57 - [TEST_STEP][PASSED] - pagePoteri = <not implemented yet for class: org.codehaus.groovy.ast.expr.EmptyExpression>: null

31-03-2025T12:15:57 - [TEST_STEP][PASSED] - compare = <not implemented yet for class: org.codehaus.groovy.ast.expr.EmptyExpression>: null

31-03-2025T12:15:57 - [TEST_STEP][PASSED] - b = <not implemented yet for class: org.codehaus.groovy.ast.expr.EmptyExpression>: null

31-03-2025T12:15:57 - [TEST_STEP][PASSED] - i = <not implemented yet for class: org.codehaus.groovy.ast.expr.EmptyExpression>: null

31-03-2025T12:15:57 - [TEST_STEP][PASSED] - ii = <not implemented yet for class: org.codehaus.groovy.ast.expr.EmptyExpression>: null

31-03-2025T12:15:57 - [TEST_STEP][PASSED] - c = <not implemented yet for class: org.codehaus.groovy.ast.expr.EmptyExpression>: null

31-03-2025T12:15:57 - [TEST_STEP][PASSED] - numberOfErrors = 0: null

31-03-2025T12:15:57 - [TEST_STEP][PASSED] - if (a == 82): null

31-03-2025T12:15:57 - [TEST_STEP][PASSED] - b = findTestData("PlanFact").getValue(1, a): null

31-03-2025T12:15:57 - [TEST_STEP][PASSED] - i = b.indexOf(" (ГК)"): null

31-03-2025T12:15:57 - [TEST_STEP][PASSED] - if (i > -1): null

31-03-2025T12:15:57 - [TEST_STEP][PASSED] - i = b.indexOf("О ""): null

31-03-2025T12:15:57 - [TEST_STEP][PASSED] - if (i > -1): null

31-03-2025T12:15:57 - [TEST_STEP][PASSED] - i = b.indexOf("О «"): null

31-03-2025T12:15:57 - [TEST_STEP][PASSED] - if (i > -1): null

31-03-2025T12:15:57 - [TEST_STEP][PASSED] - i = b.indexOf("г. "): null

31-03-2025T12:15:57 - [TEST_STEP][PASSED] - if (i > -1): null

31-03-2025T12:15:57 - [TEST_STEP][PASSED] - b = b.trim(): null

31-03-2025T12:15:57 - [TEST_STEP][PASSED] - println(b): null

31-03-2025T12:15:57 - [TEST_STEP][PASSED] - for ([planFact = 1, planFact < 3, (planFact++)]): Object: 'Object Repository/Выполнение бизнес-плана/Кнопка Факт' is clicked on

31-03-2025T12:15:57 - [TEST_STEP][PASSED] - if (planFact == 1): null

31-03-2025T12:15:57 - [TEST_STEP][PASSED] - typeOfDataMain = "Факт": null

31-03-2025T12:15:57 - [TEST_STEP][PASSED] - otpusk = findTestData("PlanFact").getValue(5, a): null

31-03-2025T12:15:57 - [TEST_STEP][PASSED] - poteri = findTestData("PlanFact").getValue(6, a): null

31-03-2025T12:15:57 - [TEST_STEP][PASSED] - otpusk = otpusk.replaceAll("\s+", ""): null

31-03-2025T12:15:57 - [TEST_STEP][PASSED] - poteri = poteri.replaceAll("\s+", ""): null

31-03-2025T12:15:57 - [TEST_STEP][PASSED] - typeOfData = typeOfDataMain + " Отпуск в сеть": null

31-03-2025T12:15:57 - [TEST_STEP][PASSED] - if (a == 82): null

31-03-2025T12:15:57 - [TEST_STEP][PASSED] - else if (a == 84): null

31-03-2025T12:15:57 - [TEST_STEP][PASSED] - else if (a == 83 || a == 52 || a == 72 || a == 28 || a == 73 || a == 77 || a == 74 || a == 65 || a == 36 || a == 44 || a == 53 || a == 80 || a == 54 || a == 1 || a == 18 || a == 59 || a == 81): null

31-03-2025T12:15:57 - [TEST_STEP][PASSED] - else: null

31-03-2025T12:15:57 - [TEST_STEP][PASSED] - path = dataFolder + typeOfData + " за отчётный период " + b: null

31-03-2025T12:15:57 - [TEST_STEP][PASSED] - println(path): null

31-03-2025T12:15:57 - [TEST_STEP][PASSED] - page = getText(findTestObject(path)): Text of object 'Object Repository/Выполнение бизнес-плана/Значения со страницы Выполнение бизнес-плана/Факт Отпуск в сеть за отчётный период Чувашэнерго' is: '423 462'

31-03-2025T12:15:57 - [MESSAGE][PASSED] - Text of object 'Object Repository/Выполнение бизнес-плана/Значения со страницы Выполнение бизнес-плана/Факт Отпуск в сеть за отчётный период Чувашэнерго' is: '423 462'

31-03-2025T12:15:57 - [TEST_STEP][PASSED] - if (page == "" || page == null): null

31-03-2025T12:15:57 - [TEST_STEP][PASSED] - else: null

31-03-2025T12:15:57 - [TEST_STEP][PASSED] - page = page.replaceAll("\s+", ""): null

31-03-2025T12:15:57 - [TEST_STEP][PASSED] - if (page == "undefined"): null

31-03-2025T12:15:57 - [TEST_STEP][PASSED] - fileOtpuskVSet = otpusk.toInteger(): null

31-03-2025T12:15:57 - [TEST_STEP][PASSED] - pageOtpuskVSet = page.toInteger(): null

31-03-2025T12:15:57 - [TEST_STEP][PASSED] - typeOfData = typeOfDataMain + " Потери": null

31-03-2025T12:15:57 - [TEST_STEP][PASSED] - if (a == 82): null

31-03-2025T12:15:57 - [TEST_STEP][PASSED] - else if (a == 84): null

31-03-2025T12:15:57 - [TEST_STEP][PASSED] - else if (a == 83 || a == 52 || a == 72 || a == 28 || a == 73 || a == 77 || a == 74 || a == 65 || a == 44 || a == 53 || a == 80 || a == 54 || a == 1 || a == 18 || a == 59 || a == 81): null

31-03-2025T12:15:57 - [TEST_STEP][PASSED] - else: null

31-03-2025T12:15:57 - [TEST_STEP][PASSED] - path = dataFolder + typeOfData + " за отчётный период " + b: null

31-03-2025T12:15:57 - [TEST_STEP][PASSED] - page = getText(findTestObject(path)): Text of object 'Object Repository/Выполнение бизнес-плана/Значения со страницы Выполнение бизнес-плана/Факт Потери за отчётный период Чувашэнерго' is: '28 690'

31-03-2025T12:15:58 - [MESSAGE][PASSED] - Text of object 'Object Repository/Выполнение бизнес-плана/Значения со страницы Выполнение бизнес-плана/Факт Потери за отчётный период Чувашэнерго' is: '28 690'

31-03-2025T12:15:58 - [TEST_STEP][PASSED] - if (page == "" || page == null): null

31-03-2025T12:15:58 - [TEST_STEP][PASSED] - else: null

31-03-2025T12:15:58 - [TEST_STEP][PASSED] - page = page.replaceAll("\s+", ""): null

31-03-2025T12:15:58 - [TEST_STEP][PASSED] - if (page == "undefined"): null

31-03-2025T12:15:58 - [TEST_STEP][PASSED] - filePoteri = poteri.toInteger(): null

31-03-2025T12:15:58 - [TEST_STEP][PASSED] - pagePoteri = page.toInteger(): null

31-03-2025T12:15:58 - [TEST_STEP][PASSED] - compare = pageOtpuskVSet: null

31-03-2025T12:15:58 - [TEST_STEP][PASSED] - if (pageOtpuskVSet != null): null

31-03-2025T12:15:58 - [TEST_STEP][PASSED] - if (compare == fileOtpuskVSet): null

31-03-2025T12:15:58 - [TEST_STEP][PASSED] - if (compare == fileOtpuskVSet): null

31-03-2025T12:15:58 - [TEST_STEP][PASSED] - compare = pagePoteri: null

31-03-2025T12:15:58 - [TEST_STEP][PASSED] - if (pageOtpuskVSet != null): null

31-03-2025T12:15:58 - [TEST_STEP][PASSED] - if (compare == filePoteri): null

31-03-2025T12:15:58 - [TEST_STEP][PASSED] - if (compare == filePoteri): null

31-03-2025T12:15:58 - [TEST_STEP][PASSED] - if (planFact == 2): null

31-03-2025T12:15:58 - [TEST_STEP][PASSED] - if (planFact == 1): null

31-03-2025T12:15:58 - [TEST_STEP][PASSED] - else if (planFact == 2): null

31-03-2025T12:15:58 - [TEST_STEP][PASSED] - click(findTestObject("Выполнение бизнес-плана/Кнопка План")): Object: 'Object Repository/Выполнение бизнес-плана/Кнопка План' is clicked on

31-03-2025T12:15:58 - [MESSAGE][PASSED] - Object: 'Object Repository/Выполнение бизнес-плана/Кнопка План' is clicked on

31-03-2025T12:15:58 - [TEST_STEP][PASSED] - typeOfDataMain = "План": null

31-03-2025T12:15:58 - [TEST_STEP][PASSED] - otpusk = findTestData("PlanFact").getValue(2, a): null

31-03-2025T12:15:58 - [TEST_STEP][PASSED] - poteri = findTestData("PlanFact").getValue(3, a): null

31-03-2025T12:15:58 - [TEST_STEP][PASSED] - otpusk = otpusk.replaceAll("\s+", ""): null

31-03-2025T12:15:58 - [TEST_STEP][PASSED] - poteri = poteri.replaceAll("\s+", ""): null

31-03-2025T12:15:58 - [TEST_STEP][PASSED] - typeOfData = typeOfDataMain + " Отпуск в сеть": null

31-03-2025T12:15:58 - [TEST_STEP][PASSED] - if (a == 82): null

31-03-2025T12:15:58 - [TEST_STEP][PASSED] - else if (a == 84): null

31-03-2025T12:15:58 - [TEST_STEP][PASSED] - else if (a == 83 || a == 52 || a == 72 || a == 28 || a == 73 || a == 77 || a == 74 || a == 65 || a == 36 || a == 44 || a == 53 || a == 80 || a == 54 || a == 1 || a == 18 || a == 59 || a == 81): null

31-03-2025T12:15:58 - [TEST_STEP][PASSED] - else: null

31-03-2025T12:15:58 - [TEST_STEP][PASSED] - path = dataFolder + typeOfData + " за отчётный период " + b: null

31-03-2025T12:15:58 - [TEST_STEP][PASSED] - println(path): null

31-03-2025T12:15:58 - [TEST_STEP][PASSED] - page = getText(findTestObject(path)): Text of object 'Object Repository/Выполнение бизнес-плана/Значения со страницы Выполнение бизнес-плана/План Отпуск в сеть за отчётный период Чувашэнерго' is: '447 582'

31-03-2025T12:15:58 - [MESSAGE][PASSED] - Text of object 'Object Repository/Выполнение бизнес-плана/Значения со страницы Выполнение бизнес-плана/План Отпуск в сеть за отчётный период Чувашэнерго' is: '447 582'

31-03-2025T12:15:58 - [TEST_STEP][PASSED] - if (page == "" || page == null): null

31-03-2025T12:15:58 - [TEST_STEP][PASSED] - else: null

31-03-2025T12:15:58 - [TEST_STEP][PASSED] - page = page.replaceAll("\s+", ""): null

31-03-2025T12:15:58 - [TEST_STEP][PASSED] - if (page == "undefined"): null

31-03-2025T12:15:58 - [TEST_STEP][PASSED] - fileOtpuskVSet = otpusk.toInteger(): null

31-03-2025T12:15:58 - [TEST_STEP][PASSED] - pageOtpuskVSet = page.toInteger(): null

31-03-2025T12:15:58 - [TEST_STEP][PASSED] - typeOfData = typeOfDataMain + " Потери": null

31-03-2025T12:15:58 - [TEST_STEP][PASSED] - if (a == 82): null

31-03-2025T12:15:58 - [TEST_STEP][PASSED] - else if (a == 84): null

31-03-2025T12:15:58 - [TEST_STEP][PASSED] - else if (a == 83 || a == 52 || a == 72 || a == 28 || a == 73 || a == 77 || a == 74 || a == 65 || a == 44 || a == 53 || a == 80 || a == 54 || a == 1 || a == 18 || a == 59 || a == 81): null

31-03-2025T12:15:58 - [TEST_STEP][PASSED] - else: null

31-03-2025T12:15:58 - [TEST_STEP][PASSED] - path = dataFolder + typeOfData + " за отчётный период " + b: null

31-03-2025T12:15:58 - [TEST_STEP][PASSED] - page = getText(findTestObject(path)): Text of object 'Object Repository/Выполнение бизнес-плана/Значения со страницы Выполнение бизнес-плана/План Потери за отчётный период Чувашэнерго' is: '39 185'

31-03-2025T12:15:59 - [MESSAGE][PASSED] - Text of object 'Object Repository/Выполнение бизнес-плана/Значения со страницы Выполнение бизнес-плана/План Потери за отчётный период Чувашэнерго' is: '39 185'

31-03-2025T12:15:59 - [TEST_STEP][PASSED] - if (page == "" || page == null): null

31-03-2025T12:15:59 - [TEST_STEP][PASSED] - else: null

31-03-2025T12:15:59 - [TEST_STEP][PASSED] - page = page.replaceAll("\s+", ""): null

31-03-2025T12:15:59 - [TEST_STEP][PASSED] - if (page == "undefined"): null

31-03-2025T12:15:59 - [TEST_STEP][PASSED] - filePoteri = poteri.toInteger(): null

31-03-2025T12:15:59 - [TEST_STEP][PASSED] - pagePoteri = page.toInteger(): null

31-03-2025T12:15:59 - [TEST_STEP][PASSED] - compare = pageOtpuskVSet: null

31-03-2025T12:15:59 - [TEST_STEP][PASSED] - if (pageOtpuskVSet != null): null

31-03-2025T12:15:59 - [TEST_STEP][PASSED] - if (compare == fileOtpuskVSet): null

31-03-2025T12:15:59 - [TEST_STEP][PASSED] - if (compare == fileOtpuskVSet): null

31-03-2025T12:15:59 - [TEST_STEP][PASSED] - compare = pagePoteri: null

31-03-2025T12:15:59 - [TEST_STEP][PASSED] - if (pageOtpuskVSet != null): null

31-03-2025T12:15:59 - [TEST_STEP][PASSED] - if (compare == filePoteri): null

31-03-2025T12:15:59 - [TEST_STEP][PASSED] - if (compare == filePoteri): null

31-03-2025T12:15:59 - [TEST_STEP][PASSED] - if (planFact == 2): Object: 'Object Repository/Выполнение бизнес-плана/Кнопка Факт' is clicked on

31-03-2025T12:15:59 - [TEST_STEP][PASSED] - click(findTestObject("Выполнение бизнес-плана/Кнопка Факт")): Object: 'Object Repository/Выполнение бизнес-плана/Кнопка Факт' is clicked on

31-03-2025T12:15:59 - [MESSAGE][PASSED] - Object: 'Object Repository/Выполнение бизнес-плана/Кнопка Факт' is clicked on

31-03-2025T12:15:59 - [TEST_STEP][PASSED] - println("a=" + a): null

31-03-2025T12:15:59 - [TEST_STEP][PASSED] - if (a == 84 || a == 82): null

31-03-2025T12:15:59 - [TEST_STEP][PASSED] - else if (a == 83 || a == 52 || a == 72 || a == 28 || a == 73 || a == 77 || a == 74 || a == 65 || a == 36 || a == 44 || a == 53 || a == 80 || a == 54 || a == 1 || a == 18 || a == 59 || a == 81): null

31-03-2025T12:15:59 - [TEST_STEP][PASSED] - else: null

31-03-2025T12:15:59 - [TEST_STEP][PASSED] - page1 = getText(findTestObject("Object Repository/Выполнение бизнес-плана/spanPlan" + filialNum)): Text of object 'Object Repository/Выполнение бизнес-плана/spanPlan7' is: '8.75
|'

31-03-2025T12:15:59 - [MESSAGE][PASSED] - Text of object 'Object Repository/Выполнение бизнес-плана/spanPlan7' is: '8.75
|'

31-03-2025T12:15:59 - [TEST_STEP][PASSED] - page1 = page1.replace("|", ""): null

31-03-2025T12:15:59 - [TEST_STEP][PASSED] - page2 = getText(findTestObject("Object Repository/Выполнение бизнес-плана/spanFact" + filialNum)): Text of object 'Object Repository/Выполнение бизнес-плана/spanFact7' is: '6.78
|'

31-03-2025T12:16:00 - [MESSAGE][PASSED] - Text of object 'Object Repository/Выполнение бизнес-плана/spanFact7' is: '6.78
|'

31-03-2025T12:16:00 - [TEST_STEP][PASSED] - page2 = page2.replace("|", ""): null

31-03-2025T12:16:00 - [TEST_STEP][PASSED] - println("page1: " + page1): null

31-03-2025T12:16:00 - [TEST_STEP][PASSED] - println("page2: " + page2): null

31-03-2025T12:16:00 - [TEST_STEP][PASSED] - file = findTestData("PlanFact").getValue(4, a): null

31-03-2025T12:16:00 - [TEST_STEP][PASSED] - file = file.replace(",", "."): null

31-03-2025T12:16:00 - [TEST_STEP][PASSED] - println("file Plan: " + file): null

31-03-2025T12:16:00 - [TEST_STEP][PASSED] - typeOfData = "План в процентах": null

31-03-2025T12:16:00 - [TEST_STEP][PASSED] - fileDouble = file.toDouble(): null

31-03-2025T12:16:00 - [TEST_STEP][PASSED] - pageDouble = page1.toDouble(): null

31-03-2025T12:16:00 - [TEST_STEP][PASSED] - if (fileDouble != pageDouble): null

31-03-2025T12:16:00 - [TEST_STEP][PASSED] - file = findTestData("PlanFact").getValue(7, a): null

31-03-2025T12:16:00 - [TEST_STEP][PASSED] - file = file.replace(",", "."): null

31-03-2025T12:16:00 - [TEST_STEP][PASSED] - println("file Fact: " + file): null

31-03-2025T12:16:00 - [TEST_STEP][PASSED] - fileDouble = file.toDouble(): null

31-03-2025T12:16:00 - [TEST_STEP][PASSED] - typeOfData = "Факт в процентах": null

31-03-2025T12:16:00 - [TEST_STEP][PASSED] - fileDouble = file.toDouble(): null

31-03-2025T12:16:00 - [TEST_STEP][PASSED] - pageDouble = page2.toDouble(): null

31-03-2025T12:16:00 - [TEST_STEP][PASSED] - if (fileDouble != pageDouble): null

31-03-2025T12:16:00 - [TEST_STEP][PASSED] - if (verifyEqual(numberOfErrors, 0) == false): Actual object '0' and expected object '0' are equal

31-03-2025T12:16:00 - [MESSAGE][PASSED] - Actual object '0' and expected object '0' are equal

31-03-2025T12:16:00 - [TEST_STEP][PASSED] - if (a == 82): null

31-03-2025T12:16:00 - [TEST_STEP][PASSED] - filialNum = 0: null

31-03-2025T12:16:00 - [TEST_STEP][PASSED] - if (a == 77): null

31-03-2025T12:16:00 - [TEST_STEP][PASSED] - if (a == 74): null

31-03-2025T12:16:00 - [TEST_STEP][PASSED] - if (a == 65): null

31-03-2025T12:16:00 - [TEST_STEP][PASSED] - if (a == 1): null

31-03-2025T12:16:00 - [TEST_STEP][PASSED] - if (a == 18): null

31-03-2025T12:16:00 - [TEST_STEP][PASSED] - if (a == 36): null

31-03-2025T12:16:00 - [TEST_STEP][PASSED] - if (a == 44): null

31-03-2025T12:16:00 - [TEST_STEP][PASSED] - if (a == 54): null

31-03-2025T12:16:00 - [TEST_STEP][PASSED] - if (a == 59): null

31-03-2025T12:16:00 - [TEST_STEP][PASSED] - Script1718980020443.OpenFilter(): null

31-03-2025T12:16:00 - [TEST_STEP][PASSED] - click(findTestObject("Object Repository/Выполнение бизнес-плана/Фильтр ДЗО")): Object: 'Object Repository/Выполнение бизнес-плана/Фильтр ДЗО' is clicked on

31-03-2025T12:16:00 - [MESSAGE][PASSED] - Object: 'Object Repository/Выполнение бизнес-плана/Фильтр ДЗО' is clicked on

31-03-2025T12:16:00 - [TEST_STEP][PASSED] - click(findTestObject("Выполнение бизнес-плана/Снять выделение в фильтре ДЗО")): Object: 'Object Repository/Выполнение бизнес-плана/Снять выделение в фильтре ДЗО' is clicked on

31-03-2025T12:16:01 - [MESSAGE][PASSED] - Object: 'Object Repository/Выполнение бизнес-плана/Снять выделение в фильтре ДЗО' is clicked on

31-03-2025T12:16:01 - [TEST_STEP][PASSED] - Script1718980020443.CloseFilter(): null

31-03-2025T12:16:01 - [TEST_STEP][PASSED] - scrollToElement(findTestObject("Выполнение бизнес-плана/Заголовок дашборда"), 30): Scroll to object 'Object Repository/Выполнение бизнес-плана/Заголовок дашборда' successfully

31-03-2025T12:16:01 - [MESSAGE][PASSED] - Scroll to object 'Object Repository/Выполнение бизнес-плана/Заголовок дашборда' successfully

31-03-2025T12:16:01 - [TEST_STEP][PASSED] - click(findTestObject("Object Repository/Выполнение бизнес-плана/Применить в фильтре ДЗО")): Object: 'Object Repository/Выполнение бизнес-плана/Применить в фильтре ДЗО' is clicked on

31-03-2025T12:16:02 - [MESSAGE][PASSED] - Object: 'Object Repository/Выполнение бизнес-плана/Применить в фильтре ДЗО' is clicked on

31-03-2025T12:16:02 - [TEST_STEP][PASSED] - delay(60): Delayed 60 second(s)

31-03-2025T12:17:02 - [MESSAGE][PASSED] - Delayed 60 second(s)

31-03-2025T12:17:02 - [TEST_STEP][PASSED] - if (a == 82): null

31-03-2025T12:17:02 - [TEST_STEP][PASSED] - println(dzoNum): null

31-03-2025T12:17:02 - [TEST_STEP][PASSED] - dZO = "Россети Кубань": null

31-03-2025T12:17:02 - [TEST_STEP][PASSED] - a = 73: null

31-03-2025T12:17:02 - [TEST_STEP][PASSED] - if (x1.contains("Кубань")): null

31-03-2025T12:17:02 - [TEST_STEP][PASSED] - else: null

31-03-2025T12:17:02 - [TEST_STEP][PASSED] - Script1718980020443.NoData(a, typeOfData, todaysDate, fileInt, fileDouble, dZO): null

31-03-2025T12:17:02 - [TEST_STEP][PASSED] - println(a): null

31-03-2025T12:17:02 - [TEST_STEP][PASSED] - println(todaysDate): null

31-03-2025T12:17:02 - [TEST_STEP][PASSED] - println(fileInt): null

31-03-2025T12:17:02 - [TEST_STEP][PASSED] - println(fileDouble): null

31-03-2025T12:17:02 - [TEST_STEP][PASSED] - println(dZO): null

31-03-2025T12:17:02 - [TEST_STEP][PASSED] - typeOfData = "Факт Отпуск в сеть": null

31-03-2025T12:17:02 - [TEST_STEP][PASSED] - fileInt = replaceAll("\s+", "").toInteger(): null

31-03-2025T12:17:02 - [TEST_STEP][PASSED] - Script1718980020443.WriteToExcelNoData(a, typeOfData, todaysDate, fileInt, fileDouble, dZO): null

31-03-2025T12:17:02 - [TEST_STEP][PASSED] - sheetName = "Sheet1": null

31-03-2025T12:17:02 - [TEST_STEP][PASSED] - data = findTestData("PlanFact"): null

31-03-2025T12:17:02 - [TEST_STEP][PASSED] - n = data.getRowNumbers() + 1: null

31-03-2025T12:17:02 - [TEST_STEP][PASSED] - day = ")).toInteger(): null

31-03-2025T12:17:02 - [TEST_STEP][PASSED] - println(day): null

31-03-2025T12:17:02 - [TEST_STEP][PASSED] - month = ")).toInteger(): null

31-03-2025T12:17:02 - [TEST_STEP][PASSED] - println(month): null

31-03-2025T12:17:02 - [TEST_STEP][PASSED] - y = <not implemented yet for class: org.codehaus.groovy.ast.expr.EmptyExpression>: null

31-03-2025T12:17:02 - [TEST_STEP][PASSED] - iy = <not implemented yet for class: org.codehaus.groovy.ast.expr.EmptyExpression>: null

31-03-2025T12:17:02 - [TEST_STEP][PASSED] - m = getText(findTestObject("Выполнение бизнес-плана/Период")): Text of object 'Object Repository/Выполнение бизнес-плана/Период' is: 'Январь 2025 года'

31-03-2025T12:17:02 - [MESSAGE][PASSED] - Text of object 'Object Repository/Выполнение бизнес-плана/Период' is: 'Январь 2025 года'

31-03-2025T12:17:02 - [TEST_STEP][PASSED] - iy = m.indexOf("20"): null

31-03-2025T12:17:02 - [TEST_STEP][PASSED] - if (iy > -1): null

31-03-2025T12:17:02 - [TEST_STEP][PASSED] - y = substring(iy, iy + 4).toInteger(): null

31-03-2025T12:17:02 - [TEST_STEP][PASSED] - println(y): null

31-03-2025T12:17:02 - [TEST_STEP][PASSED] - if (toString().length() == 4): null

31-03-2025T12:17:02 - [TEST_STEP][PASSED] - m = m.substring(0, m.indexOf(y.toString())): null

31-03-2025T12:17:02 - [TEST_STEP][PASSED] - m = m.trim(): null

31-03-2025T12:17:02 - [TEST_STEP][PASSED] - if (m == ""): null

31-03-2025T12:17:02 - [TEST_STEP][PASSED] - dashboardName = "Выполнение бизнес-плана": null

31-03-2025T12:17:02 - [TEST_STEP][PASSED] - workbook01 = getWorkbook(excelFilePath): null

31-03-2025T12:17:02 - [TEST_STEP][PASSED] - sheet01 = getExcelSheet(workbook01, sheetName): null

31-03-2025T12:17:02 - [TEST_STEP][PASSED] - setValueToCellByIndex(sheet01, n, 0, dashboardName): null

31-03-2025T12:17:02 - [TEST_STEP][PASSED] - setValueToCellByIndex(sheet01, n, 1, dZO): null

31-03-2025T12:17:02 - [TEST_STEP][PASSED] - setValueToCellByIndex(sheet01, n, 2, typeOfData): null

31-03-2025T12:17:02 - [TEST_STEP][PASSED] - if (typeOfData == "Факт в процентах" || typeOfData == "План в процентах"): null

31-03-2025T12:17:02 - [TEST_STEP][PASSED] - else: null

31-03-2025T12:17:02 - [TEST_STEP][PASSED] - setValueToCellByIndex(sheet01, n, 3, fileInt): null

31-03-2025T12:17:02 - [TEST_STEP][PASSED] - setValueToCellByIndex(sheet01, n, 4, "нет данных"): null

31-03-2025T12:17:02 - [TEST_STEP][PASSED] - setValueToCellByIndex(sheet01, n, 5, m): null

31-03-2025T12:17:02 - [TEST_STEP][PASSED] - setValueToCellByIndex(sheet01, n, 6, y): null

31-03-2025T12:17:02 - [TEST_STEP][PASSED] - setValueToCellByIndex(sheet01, n, 7, todaysDate): null

31-03-2025T12:17:02 - [TEST_STEP][PASSED] - n = n + 1: null

31-03-2025T12:17:02 - [TEST_STEP][PASSED] - saveWorkbook(excelFilePath, workbook01): null

31-03-2025T12:17:03 - [TEST_STEP][PASSED] - typeOfData = "Факт Потери": null

31-03-2025T12:17:03 - [TEST_STEP][PASSED] - fileInt = replaceAll("\s+", "").toInteger(): null

31-03-2025T12:17:03 - [TEST_STEP][PASSED] - Script1718980020443.WriteToExcelNoData(a, typeOfData, todaysDate, fileInt, fileDouble, dZO): null

31-03-2025T12:17:03 - [TEST_STEP][PASSED] - sheetName = "Sheet1": null

31-03-2025T12:17:03 - [TEST_STEP][PASSED] - data = findTestData("PlanFact"): null

31-03-2025T12:17:03 - [TEST_STEP][PASSED] - n = data.getRowNumbers() + 1: null

31-03-2025T12:17:03 - [TEST_STEP][PASSED] - day = ")).toInteger(): null

31-03-2025T12:17:03 - [TEST_STEP][PASSED] - println(day): null

31-03-2025T12:17:03 - [TEST_STEP][PASSED] - month = ")).toInteger(): null

31-03-2025T12:17:03 - [TEST_STEP][PASSED] - println(month): null

31-03-2025T12:17:03 - [TEST_STEP][PASSED] - y = <not implemented yet for class: org.codehaus.groovy.ast.expr.EmptyExpression>: null

31-03-2025T12:17:03 - [TEST_STEP][PASSED] - iy = <not implemented yet for class: org.codehaus.groovy.ast.expr.EmptyExpression>: null

31-03-2025T12:17:03 - [TEST_STEP][PASSED] - m = getText(findTestObject("Выполнение бизнес-плана/Период")): Text of object 'Object Repository/Выполнение бизнес-плана/Период' is: 'Январь 2025 года'

31-03-2025T12:17:03 - [MESSAGE][PASSED] - Text of object 'Object Repository/Выполнение бизнес-плана/Период' is: 'Январь 2025 года'

31-03-2025T12:17:03 - [TEST_STEP][PASSED] - iy = m.indexOf("20"): null

31-03-2025T12:17:03 - [TEST_STEP][PASSED] - if (iy > -1): null

31-03-2025T12:17:03 - [TEST_STEP][PASSED] - y = substring(iy, iy + 4).toInteger(): null

31-03-2025T12:17:03 - [TEST_STEP][PASSED] - println(y): null

31-03-2025T12:17:03 - [TEST_STEP][PASSED] - if (toString().length() == 4): null

31-03-2025T12:17:03 - [TEST_STEP][PASSED] - m = m.substring(0, m.indexOf(y.toString())): null

31-03-2025T12:17:03 - [TEST_STEP][PASSED] - m = m.trim(): null

31-03-2025T12:17:03 - [TEST_STEP][PASSED] - if (m == ""): null

31-03-2025T12:17:03 - [TEST_STEP][PASSED] - dashboardName = "Выполнение бизнес-плана": null

31-03-2025T12:17:03 - [TEST_STEP][PASSED] - workbook01 = getWorkbook(excelFilePath): null

31-03-2025T12:17:03 - [TEST_STEP][PASSED] - sheet01 = getExcelSheet(workbook01, sheetName): null

31-03-2025T12:17:03 - [TEST_STEP][PASSED] - setValueToCellByIndex(sheet01, n, 0, dashboardName): null

31-03-2025T12:17:03 - [TEST_STEP][PASSED] - setValueToCellByIndex(sheet01, n, 1, dZO): null

31-03-2025T12:17:03 - [TEST_STEP][PASSED] - setValueToCellByIndex(sheet01, n, 2, typeOfData): null

31-03-2025T12:17:03 - [TEST_STEP][PASSED] - if (typeOfData == "Факт в процентах" || typeOfData == "План в процентах"): null

31-03-2025T12:17:03 - [TEST_STEP][PASSED] - else: null

31-03-2025T12:17:03 - [TEST_STEP][PASSED] - setValueToCellByIndex(sheet01, n, 3, fileInt): null

31-03-2025T12:17:03 - [TEST_STEP][PASSED] - setValueToCellByIndex(sheet01, n, 4, "нет данных"): null

31-03-2025T12:17:03 - [TEST_STEP][PASSED] - setValueToCellByIndex(sheet01, n, 5, m): null

31-03-2025T12:17:03 - [TEST_STEP][PASSED] - setValueToCellByIndex(sheet01, n, 6, y): null

31-03-2025T12:17:03 - [TEST_STEP][PASSED] - setValueToCellByIndex(sheet01, n, 7, todaysDate): null

31-03-2025T12:17:03 - [TEST_STEP][PASSED] - n = n + 1: null

31-03-2025T12:17:03 - [TEST_STEP][PASSED] - saveWorkbook(excelFilePath, workbook01): null

31-03-2025T12:17:03 - [TEST_STEP][PASSED] - typeOfData = "План Отпуск в сеть": null

31-03-2025T12:17:03 - [TEST_STEP][PASSED] - fileInt = replaceAll("\s+", "").toInteger(): null

31-03-2025T12:17:03 - [TEST_STEP][PASSED] - Script1718980020443.WriteToExcelNoData(a, typeOfData, todaysDate, fileInt, fileDouble, dZO): null

31-03-2025T12:17:03 - [TEST_STEP][PASSED] - sheetName = "Sheet1": null

31-03-2025T12:17:03 - [TEST_STEP][PASSED] - data = findTestData("PlanFact"): null

31-03-2025T12:17:03 - [TEST_STEP][PASSED] - n = data.getRowNumbers() + 1: null

31-03-2025T12:17:03 - [TEST_STEP][PASSED] - day = ")).toInteger(): null

31-03-2025T12:17:03 - [TEST_STEP][PASSED] - println(day): null

31-03-2025T12:17:03 - [TEST_STEP][PASSED] - month = ")).toInteger(): null

31-03-2025T12:17:03 - [TEST_STEP][PASSED] - println(month): null

31-03-2025T12:17:03 - [TEST_STEP][PASSED] - y = <not implemented yet for class: org.codehaus.groovy.ast.expr.EmptyExpression>: null

31-03-2025T12:17:03 - [TEST_STEP][PASSED] - iy = <not implemented yet for class: org.codehaus.groovy.ast.expr.EmptyExpression>: null

31-03-2025T12:17:03 - [TEST_STEP][PASSED] - m = getText(findTestObject("Выполнение бизнес-плана/Период")): Text of object 'Object Repository/Выполнение бизнес-плана/Период' is: 'Январь 2025 года'

31-03-2025T12:17:04 - [MESSAGE][PASSED] - Text of object 'Object Repository/Выполнение бизнес-плана/Период' is: 'Январь 2025 года'

31-03-2025T12:17:04 - [TEST_STEP][PASSED] - iy = m.indexOf("20"): null

31-03-2025T12:17:04 - [TEST_STEP][PASSED] - if (iy > -1): null

31-03-2025T12:17:04 - [TEST_STEP][PASSED] - y = substring(iy, iy + 4).toInteger(): null

31-03-2025T12:17:04 - [TEST_STEP][PASSED] - println(y): null

31-03-2025T12:17:04 - [TEST_STEP][PASSED] - if (toString().length() == 4): null

31-03-2025T12:17:04 - [TEST_STEP][PASSED] - m = m.substring(0, m.indexOf(y.toString())): null

31-03-2025T12:17:04 - [TEST_STEP][PASSED] - m = m.trim(): null

31-03-2025T12:17:04 - [TEST_STEP][PASSED] - if (m == ""): null

31-03-2025T12:17:04 - [TEST_STEP][PASSED] - dashboardName = "Выполнение бизнес-плана": null

31-03-2025T12:17:04 - [TEST_STEP][PASSED] - workbook01 = getWorkbook(excelFilePath): null

31-03-2025T12:17:04 - [TEST_STEP][PASSED] - sheet01 = getExcelSheet(workbook01, sheetName): null

31-03-2025T12:17:04 - [TEST_STEP][PASSED] - setValueToCellByIndex(sheet01, n, 0, dashboardName): null

31-03-2025T12:17:04 - [TEST_STEP][PASSED] - setValueToCellByIndex(sheet01, n, 1, dZO): null

31-03-2025T12:17:04 - [TEST_STEP][PASSED] - setValueToCellByIndex(sheet01, n, 2, typeOfData): null

31-03-2025T12:17:04 - [TEST_STEP][PASSED] - if (typeOfData == "Факт в процентах" || typeOfData == "План в процентах"): null

31-03-2025T12:17:04 - [TEST_STEP][PASSED] - else: null

31-03-2025T12:17:04 - [TEST_STEP][PASSED] - setValueToCellByIndex(sheet01, n, 3, fileInt): null

31-03-2025T12:17:04 - [TEST_STEP][PASSED] - setValueToCellByIndex(sheet01, n, 4, "нет данных"): null

31-03-2025T12:17:04 - [TEST_STEP][PASSED] - setValueToCellByIndex(sheet01, n, 5, m): null

31-03-2025T12:17:04 - [TEST_STEP][PASSED] - setValueToCellByIndex(sheet01, n, 6, y): null

31-03-2025T12:17:04 - [TEST_STEP][PASSED] - setValueToCellByIndex(sheet01, n, 7, todaysDate): null

31-03-2025T12:17:04 - [TEST_STEP][PASSED] - n = n + 1: null

31-03-2025T12:17:04 - [TEST_STEP][PASSED] - saveWorkbook(excelFilePath, workbook01): null

31-03-2025T12:17:04 - [TEST_STEP][PASSED] - typeOfData = "План Потери": null

31-03-2025T12:17:04 - [TEST_STEP][PASSED] - fileInt = replaceAll("\s+", "").toInteger(): null

31-03-2025T12:17:04 - [TEST_STEP][PASSED] - Script1718980020443.WriteToExcelNoData(a, typeOfData, todaysDate, fileInt, fileDouble, dZO): null

31-03-2025T12:17:04 - [TEST_STEP][PASSED] - sheetName = "Sheet1": null

31-03-2025T12:17:04 - [TEST_STEP][PASSED] - data = findTestData("PlanFact"): null

31-03-2025T12:17:04 - [TEST_STEP][PASSED] - n = data.getRowNumbers() + 1: null

31-03-2025T12:17:04 - [TEST_STEP][PASSED] - day = ")).toInteger(): null

31-03-2025T12:17:04 - [TEST_STEP][PASSED] - println(day): null

31-03-2025T12:17:04 - [TEST_STEP][PASSED] - month = ")).toInteger(): null

31-03-2025T12:17:04 - [TEST_STEP][PASSED] - println(month): null

31-03-2025T12:17:04 - [TEST_STEP][PASSED] - y = <not implemented yet for class: org.codehaus.groovy.ast.expr.EmptyExpression>: null

31-03-2025T12:17:04 - [TEST_STEP][PASSED] - iy = <not implemented yet for class: org.codehaus.groovy.ast.expr.EmptyExpression>: null

31-03-2025T12:17:04 - [TEST_STEP][PASSED] - m = getText(findTestObject("Выполнение бизнес-плана/Период")): Text of object 'Object Repository/Выполнение бизнес-плана/Период' is: 'Январь 2025 года'

31-03-2025T12:17:05 - [MESSAGE][PASSED] - Text of object 'Object Repository/Выполнение бизнес-плана/Период' is: 'Январь 2025 года'

31-03-2025T12:17:05 - [TEST_STEP][PASSED] - iy = m.indexOf("20"): null

31-03-2025T12:17:05 - [TEST_STEP][PASSED] - if (iy > -1): null

31-03-2025T12:17:05 - [TEST_STEP][PASSED] - y = substring(iy, iy + 4).toInteger(): null

31-03-2025T12:17:05 - [TEST_STEP][PASSED] - println(y): null

31-03-2025T12:17:05 - [TEST_STEP][PASSED] - if (toString().length() == 4): null

31-03-2025T12:17:05 - [TEST_STEP][PASSED] - m = m.substring(0, m.indexOf(y.toString())): null

31-03-2025T12:17:05 - [TEST_STEP][PASSED] - m = m.trim(): null

31-03-2025T12:17:05 - [TEST_STEP][PASSED] - if (m == ""): null

31-03-2025T12:17:05 - [TEST_STEP][PASSED] - dashboardName = "Выполнение бизнес-плана": null

31-03-2025T12:17:05 - [TEST_STEP][PASSED] - workbook01 = getWorkbook(excelFilePath): null

31-03-2025T12:17:05 - [TEST_STEP][PASSED] - sheet01 = getExcelSheet(workbook01, sheetName): null

31-03-2025T12:17:05 - [TEST_STEP][PASSED] - setValueToCellByIndex(sheet01, n, 0, dashboardName): null

31-03-2025T12:17:05 - [TEST_STEP][PASSED] - setValueToCellByIndex(sheet01, n, 1, dZO): null

31-03-2025T12:17:05 - [TEST_STEP][PASSED] - setValueToCellByIndex(sheet01, n, 2, typeOfData): null

31-03-2025T12:17:05 - [TEST_STEP][PASSED] - if (typeOfData == "Факт в процентах" || typeOfData == "План в процентах"): null

31-03-2025T12:17:05 - [TEST_STEP][PASSED] - else: null

31-03-2025T12:17:05 - [TEST_STEP][PASSED] - setValueToCellByIndex(sheet01, n, 3, fileInt): null

31-03-2025T12:17:05 - [TEST_STEP][PASSED] - setValueToCellByIndex(sheet01, n, 4, "нет данных"): null

31-03-2025T12:17:05 - [TEST_STEP][PASSED] - setValueToCellByIndex(sheet01, n, 5, m): null

31-03-2025T12:17:05 - [TEST_STEP][PASSED] - setValueToCellByIndex(sheet01, n, 6, y): null

31-03-2025T12:17:05 - [TEST_STEP][PASSED] - setValueToCellByIndex(sheet01, n, 7, todaysDate): null

31-03-2025T12:17:05 - [TEST_STEP][PASSED] - n = n + 1: null

31-03-2025T12:17:05 - [TEST_STEP][PASSED] - saveWorkbook(excelFilePath, workbook01): null

31-03-2025T12:17:05 - [TEST_STEP][PASSED] - typeOfData = "План в процентах": null

31-03-2025T12:17:05 - [TEST_STEP][PASSED] - fileDouble = ").toDouble(): null

31-03-2025T12:17:05 - [TEST_STEP][PASSED] - Script1718980020443.WriteToExcelNoData(a, typeOfData, todaysDate, fileInt, fileDouble, dZO): null

31-03-2025T12:17:05 - [TEST_STEP][PASSED] - sheetName = "Sheet1": null

31-03-2025T12:17:05 - [TEST_STEP][PASSED] - data = findTestData("PlanFact"): null

31-03-2025T12:17:05 - [TEST_STEP][PASSED] - n = data.getRowNumbers() + 1: null

31-03-2025T12:17:05 - [TEST_STEP][PASSED] - day = ")).toInteger(): null

31-03-2025T12:17:05 - [TEST_STEP][PASSED] - println(day): null

31-03-2025T12:17:05 - [TEST_STEP][PASSED] - month = ")).toInteger(): null

31-03-2025T12:17:05 - [TEST_STEP][PASSED] - println(month): null

31-03-2025T12:17:05 - [TEST_STEP][PASSED] - y = <not implemented yet for class: org.codehaus.groovy.ast.expr.EmptyExpression>: null

31-03-2025T12:17:05 - [TEST_STEP][PASSED] - iy = <not implemented yet for class: org.codehaus.groovy.ast.expr.EmptyExpression>: null

31-03-2025T12:17:05 - [TEST_STEP][PASSED] - m = getText(findTestObject("Выполнение бизнес-плана/Период")): Text of object 'Object Repository/Выполнение бизнес-плана/Период' is: 'Январь 2025 года'

31-03-2025T12:17:05 - [MESSAGE][PASSED] - Text of object 'Object Repository/Выполнение бизнес-плана/Период' is: 'Январь 2025 года'

31-03-2025T12:17:05 - [TEST_STEP][PASSED] - iy = m.indexOf("20"): null

31-03-2025T12:17:05 - [TEST_STEP][PASSED] - if (iy > -1): null

31-03-2025T12:17:05 - [TEST_STEP][PASSED] - y = substring(iy, iy + 4).toInteger(): null

31-03-2025T12:17:05 - [TEST_STEP][PASSED] - println(y): null

31-03-2025T12:17:05 - [TEST_STEP][PASSED] - if (toString().length() == 4): null

31-03-2025T12:17:05 - [TEST_STEP][PASSED] - m = m.substring(0, m.indexOf(y.toString())): null

31-03-2025T12:17:05 - [TEST_STEP][PASSED] - m = m.trim(): null

31-03-2025T12:17:05 - [TEST_STEP][PASSED] - if (m == ""): null

31-03-2025T12:17:05 - [TEST_STEP][PASSED] - dashboardName = "Выполнение бизнес-плана": null

31-03-2025T12:17:05 - [TEST_STEP][PASSED] - workbook01 = getWorkbook(excelFilePath): null

31-03-2025T12:17:05 - [TEST_STEP][PASSED] - sheet01 = getExcelSheet(workbook01, sheetName): null

31-03-2025T12:17:05 - [TEST_STEP][PASSED] - setValueToCellByIndex(sheet01, n, 0, dashboardName): null

31-03-2025T12:17:05 - [TEST_STEP][PASSED] - setValueToCellByIndex(sheet01, n, 1, dZO): null

31-03-2025T12:17:05 - [TEST_STEP][PASSED] - setValueToCellByIndex(sheet01, n, 2, typeOfData): null

31-03-2025T12:17:05 - [TEST_STEP][PASSED] - if (typeOfData == "Факт в процентах" || typeOfData == "План в процентах"): null

31-03-2025T12:17:05 - [TEST_STEP][PASSED] - setValueToCellByIndex(sheet01, n, 3, fileDouble): null

31-03-2025T12:17:05 - [TEST_STEP][PASSED] - setValueToCellByIndex(sheet01, n, 4, "нет данных"): null

31-03-2025T12:17:05 - [TEST_STEP][PASSED] - setValueToCellByIndex(sheet01, n, 5, m): null

31-03-2025T12:17:05 - [TEST_STEP][PASSED] - setValueToCellByIndex(sheet01, n, 6, y): null

31-03-2025T12:17:05 - [TEST_STEP][PASSED] - setValueToCellByIndex(sheet01, n, 7, todaysDate): null

31-03-2025T12:17:05 - [TEST_STEP][PASSED] - n = n + 1: null

31-03-2025T12:17:05 - [TEST_STEP][PASSED] - saveWorkbook(excelFilePath, workbook01): null

31-03-2025T12:17:06 - [TEST_STEP][PASSED] - typeOfData = "Факт в процентах": null

31-03-2025T12:17:06 - [TEST_STEP][PASSED] - fileDouble = ").toDouble(): null

31-03-2025T12:17:06 - [TEST_STEP][PASSED] - Script1718980020443.WriteToExcelNoData(a, typeOfData, todaysDate, fileInt, fileDouble, dZO): null

31-03-2025T12:17:06 - [TEST_STEP][PASSED] - sheetName = "Sheet1": null

31-03-2025T12:17:06 - [TEST_STEP][PASSED] - data = findTestData("PlanFact"): null

31-03-2025T12:17:06 - [TEST_STEP][PASSED] - n = data.getRowNumbers() + 1: null

31-03-2025T12:17:06 - [TEST_STEP][PASSED] - day = ")).toInteger(): null

31-03-2025T12:17:06 - [TEST_STEP][PASSED] - println(day): null

31-03-2025T12:17:06 - [TEST_STEP][PASSED] - month = ")).toInteger(): null

31-03-2025T12:17:06 - [TEST_STEP][PASSED] - println(month): null

31-03-2025T12:17:06 - [TEST_STEP][PASSED] - y = <not implemented yet for class: org.codehaus.groovy.ast.expr.EmptyExpression>: null

31-03-2025T12:17:06 - [TEST_STEP][PASSED] - iy = <not implemented yet for class: org.codehaus.groovy.ast.expr.EmptyExpression>: null

31-03-2025T12:17:06 - [TEST_STEP][PASSED] - m = getText(findTestObject("Выполнение бизнес-плана/Период")): Text of object 'Object Repository/Выполнение бизнес-плана/Период' is: 'Январь 2025 года'

31-03-2025T12:17:06 - [MESSAGE][PASSED] - Text of object 'Object Repository/Выполнение бизнес-плана/Период' is: 'Январь 2025 года'

31-03-2025T12:17:06 - [TEST_STEP][PASSED] - iy = m.indexOf("20"): null

31-03-2025T12:17:06 - [TEST_STEP][PASSED] - if (iy > -1): null

31-03-2025T12:17:06 - [TEST_STEP][PASSED] - y = substring(iy, iy + 4).toInteger(): null

31-03-2025T12:17:06 - [TEST_STEP][PASSED] - println(y): null

31-03-2025T12:17:06 - [TEST_STEP][PASSED] - if (toString().length() == 4): null

31-03-2025T12:17:06 - [TEST_STEP][PASSED] - m = m.substring(0, m.indexOf(y.toString())): null

31-03-2025T12:17:06 - [TEST_STEP][PASSED] - m = m.trim(): null

31-03-2025T12:17:06 - [TEST_STEP][PASSED] - if (m == ""): null

31-03-2025T12:17:06 - [TEST_STEP][PASSED] - dashboardName = "Выполнение бизнес-плана": null

31-03-2025T12:17:06 - [TEST_STEP][PASSED] - workbook01 = getWorkbook(excelFilePath): null

31-03-2025T12:17:06 - [TEST_STEP][PASSED] - sheet01 = getExcelSheet(workbook01, sheetName): null

31-03-2025T12:17:06 - [TEST_STEP][PASSED] - setValueToCellByIndex(sheet01, n, 0, dashboardName): null

31-03-2025T12:17:06 - [TEST_STEP][PASSED] - setValueToCellByIndex(sheet01, n, 1, dZO): null

31-03-2025T12:17:06 - [TEST_STEP][PASSED] - setValueToCellByIndex(sheet01, n, 2, typeOfData): null

31-03-2025T12:17:06 - [TEST_STEP][PASSED] - if (typeOfData == "Факт в процентах" || typeOfData == "План в процентах"): null

31-03-2025T12:17:06 - [TEST_STEP][PASSED] - setValueToCellByIndex(sheet01, n, 3, fileDouble): null

31-03-2025T12:17:06 - [TEST_STEP][PASSED] - setValueToCellByIndex(sheet01, n, 4, "нет данных"): null

31-03-2025T12:17:06 - [TEST_STEP][PASSED] - setValueToCellByIndex(sheet01, n, 5, m): null

31-03-2025T12:17:06 - [TEST_STEP][PASSED] - setValueToCellByIndex(sheet01, n, 6, y): null

31-03-2025T12:17:06 - [TEST_STEP][PASSED] - setValueToCellByIndex(sheet01, n, 7, todaysDate): null

31-03-2025T12:17:06 - [TEST_STEP][PASSED] - n = n + 1: null

31-03-2025T12:17:06 - [TEST_STEP][PASSED] - saveWorkbook(excelFilePath, workbook01): null

31-03-2025T12:17:06 - [TEST_STEP][PASSED] - println(dzoNum): null

31-03-2025T12:17:06 - [TEST_STEP][PASSED] - dZO = "Россети Ленэнерго": null

31-03-2025T12:17:06 - [TEST_STEP][PASSED] - a = 77: null

31-03-2025T12:17:06 - [TEST_STEP][PASSED] - if (x1.contains("Ленэнерго")): null

31-03-2025T12:17:06 - [TEST_STEP][PASSED] - else: null

31-03-2025T12:17:06 - [TEST_STEP][PASSED] - Script1718980020443.NoData(a, typeOfData, todaysDate, fileInt, fileDouble, dZO): null

31-03-2025T12:17:06 - [TEST_STEP][PASSED] - println(a): null

31-03-2025T12:17:06 - [TEST_STEP][PASSED] - println(todaysDate): null

31-03-2025T12:17:06 - [TEST_STEP][PASSED] - println(fileInt): null

31-03-2025T12:17:06 - [TEST_STEP][PASSED] - println(fileDouble): null

31-03-2025T12:17:06 - [TEST_STEP][PASSED] - println(dZO): null

31-03-2025T12:17:06 - [TEST_STEP][PASSED] - typeOfData = "Факт Отпуск в сеть": null

31-03-2025T12:17:06 - [TEST_STEP][PASSED] - fileInt = replaceAll("\s+", "").toInteger(): null

31-03-2025T12:17:06 - [TEST_STEP][PASSED] - Script1718980020443.WriteToExcelNoData(a, typeOfData, todaysDate, fileInt, fileDouble, dZO): null

31-03-2025T12:17:06 - [TEST_STEP][PASSED] - sheetName = "Sheet1": null

31-03-2025T12:17:06 - [TEST_STEP][PASSED] - data = findTestData("PlanFact"): null

31-03-2025T12:17:06 - [TEST_STEP][PASSED] - n = data.getRowNumbers() + 1: null

31-03-2025T12:17:06 - [TEST_STEP][PASSED] - day = ")).toInteger(): null

31-03-2025T12:17:06 - [TEST_STEP][PASSED] - println(day): null

31-03-2025T12:17:06 - [TEST_STEP][PASSED] - month = ")).toInteger(): null

31-03-2025T12:17:06 - [TEST_STEP][PASSED] - println(month): null

31-03-2025T12:17:06 - [TEST_STEP][PASSED] - y = <not implemented yet for class: org.codehaus.groovy.ast.expr.EmptyExpression>: null

31-03-2025T12:17:06 - [TEST_STEP][PASSED] - iy = <not implemented yet for class: org.codehaus.groovy.ast.expr.EmptyExpression>: null

31-03-2025T12:17:06 - [TEST_STEP][PASSED] - m = getText(findTestObject("Выполнение бизнес-плана/Период")): Text of object 'Object Repository/Выполнение бизнес-плана/Период' is: 'Январь 2025 года'

31-03-2025T12:17:07 - [MESSAGE][PASSED] - Text of object 'Object Repository/Выполнение бизнес-плана/Период' is: 'Январь 2025 года'

31-03-2025T12:17:07 - [TEST_STEP][PASSED] - iy = m.indexOf("20"): null

31-03-2025T12:17:07 - [TEST_STEP][PASSED] - if (iy > -1): null

31-03-2025T12:17:07 - [TEST_STEP][PASSED] - y = substring(iy, iy + 4).toInteger(): null

31-03-2025T12:17:07 - [TEST_STEP][PASSED] - println(y): null

31-03-2025T12:17:07 - [TEST_STEP][PASSED] - if (toString().length() == 4): null

31-03-2025T12:17:07 - [TEST_STEP][PASSED] - m = m.substring(0, m.indexOf(y.toString())): null

31-03-2025T12:17:07 - [TEST_STEP][PASSED] - m = m.trim(): null

31-03-2025T12:17:07 - [TEST_STEP][PASSED] - if (m == ""): null

31-03-2025T12:17:07 - [TEST_STEP][PASSED] - dashboardName = "Выполнение бизнес-плана": null

31-03-2025T12:17:07 - [TEST_STEP][PASSED] - workbook01 = getWorkbook(excelFilePath): null

31-03-2025T12:17:07 - [TEST_STEP][PASSED] - sheet01 = getExcelSheet(workbook01, sheetName): null

31-03-2025T12:17:07 - [TEST_STEP][PASSED] - setValueToCellByIndex(sheet01, n, 0, dashboardName): null

31-03-2025T12:17:07 - [TEST_STEP][PASSED] - setValueToCellByIndex(sheet01, n, 1, dZO): null

31-03-2025T12:17:07 - [TEST_STEP][PASSED] - setValueToCellByIndex(sheet01, n, 2, typeOfData): null

31-03-2025T12:17:07 - [TEST_STEP][PASSED] - if (typeOfData == "Факт в процентах" || typeOfData == "План в процентах"): null

31-03-2025T12:17:07 - [TEST_STEP][PASSED] - else: null

31-03-2025T12:17:07 - [TEST_STEP][PASSED] - setValueToCellByIndex(sheet01, n, 3, fileInt): null

31-03-2025T12:17:07 - [TEST_STEP][PASSED] - setValueToCellByIndex(sheet01, n, 4, "нет данных"): null

31-03-2025T12:17:07 - [TEST_STEP][PASSED] - setValueToCellByIndex(sheet01, n, 5, m): null

31-03-2025T12:17:07 - [TEST_STEP][PASSED] - setValueToCellByIndex(sheet01, n, 6, y): null

31-03-2025T12:17:07 - [TEST_STEP][PASSED] - setValueToCellByIndex(sheet01, n, 7, todaysDate): null

31-03-2025T12:17:07 - [TEST_STEP][PASSED] - n = n + 1: null

31-03-2025T12:17:07 - [TEST_STEP][PASSED] - saveWorkbook(excelFilePath, workbook01): null

31-03-2025T12:17:07 - [TEST_STEP][PASSED] - typeOfData = "Факт Потери": null

31-03-2025T12:17:07 - [TEST_STEP][PASSED] - fileInt = replaceAll("\s+", "").toInteger(): null

31-03-2025T12:17:07 - [TEST_STEP][PASSED] - Script1718980020443.WriteToExcelNoData(a, typeOfData, todaysDate, fileInt, fileDouble, dZO): null

31-03-2025T12:17:07 - [TEST_STEP][PASSED] - sheetName = "Sheet1": null

31-03-2025T12:17:07 - [TEST_STEP][PASSED] - data = findTestData("PlanFact"): null

31-03-2025T12:17:07 - [TEST_STEP][PASSED] - n = data.getRowNumbers() + 1: null

31-03-2025T12:17:07 - [TEST_STEP][PASSED] - day = ")).toInteger(): null

31-03-2025T12:17:07 - [TEST_STEP][PASSED] - println(day): null

31-03-2025T12:17:07 - [TEST_STEP][PASSED] - month = ")).toInteger(): null

31-03-2025T12:17:07 - [TEST_STEP][PASSED] - println(month): null

31-03-2025T12:17:07 - [TEST_STEP][PASSED] - y = <not implemented yet for class: org.codehaus.groovy.ast.expr.EmptyExpression>: null

31-03-2025T12:17:07 - [TEST_STEP][PASSED] - iy = <not implemented yet for class: org.codehaus.groovy.ast.expr.EmptyExpression>: null

31-03-2025T12:17:07 - [TEST_STEP][PASSED] - m = getText(findTestObject("Выполнение бизнес-плана/Период")): Text of object 'Object Repository/Выполнение бизнес-плана/Период' is: 'Январь 2025 года'

31-03-2025T12:17:07 - [MESSAGE][PASSED] - Text of object 'Object Repository/Выполнение бизнес-плана/Период' is: 'Январь 2025 года'

31-03-2025T12:17:07 - [TEST_STEP][PASSED] - iy = m.indexOf("20"): null

31-03-2025T12:17:07 - [TEST_STEP][PASSED] - if (iy > -1): null

31-03-2025T12:17:07 - [TEST_STEP][PASSED] - y = substring(iy, iy + 4).toInteger(): null

31-03-2025T12:17:07 - [TEST_STEP][PASSED] - println(y): null

31-03-2025T12:17:07 - [TEST_STEP][PASSED] - if (toString().length() == 4): null

31-03-2025T12:17:07 - [TEST_STEP][PASSED] - m = m.substring(0, m.indexOf(y.toString())): null

31-03-2025T12:17:07 - [TEST_STEP][PASSED] - m = m.trim(): null

31-03-2025T12:17:07 - [TEST_STEP][PASSED] - if (m == ""): null

31-03-2025T12:17:07 - [TEST_STEP][PASSED] - dashboardName = "Выполнение бизнес-плана": null

31-03-2025T12:17:07 - [TEST_STEP][PASSED] - workbook01 = getWorkbook(excelFilePath): null

31-03-2025T12:17:08 - [TEST_STEP][PASSED] - sheet01 = getExcelSheet(workbook01, sheetName): null

31-03-2025T12:17:08 - [TEST_STEP][PASSED] - setValueToCellByIndex(sheet01, n, 0, dashboardName): null

31-03-2025T12:17:08 - [TEST_STEP][PASSED] - setValueToCellByIndex(sheet01, n, 1, dZO): null

31-03-2025T12:17:08 - [TEST_STEP][PASSED] - setValueToCellByIndex(sheet01, n, 2, typeOfData): null

31-03-2025T12:17:08 - [TEST_STEP][PASSED] - if (typeOfData == "Факт в процентах" || typeOfData == "План в процентах"): null

31-03-2025T12:17:08 - [TEST_STEP][PASSED] - else: null

31-03-2025T12:17:08 - [TEST_STEP][PASSED] - setValueToCellByIndex(sheet01, n, 3, fileInt): null

31-03-2025T12:17:08 - [TEST_STEP][PASSED] - setValueToCellByIndex(sheet01, n, 4, "нет данных"): null

31-03-2025T12:17:08 - [TEST_STEP][PASSED] - setValueToCellByIndex(sheet01, n, 5, m): null

31-03-2025T12:17:08 - [TEST_STEP][PASSED] - setValueToCellByIndex(sheet01, n, 6, y): null

31-03-2025T12:17:08 - [TEST_STEP][PASSED] - setValueToCellByIndex(sheet01, n, 7, todaysDate): null

31-03-2025T12:17:08 - [TEST_STEP][PASSED] - n = n + 1: null

31-03-2025T12:17:08 - [TEST_STEP][PASSED] - saveWorkbook(excelFilePath, workbook01): null

31-03-2025T12:17:08 - [TEST_STEP][PASSED] - typeOfData = "План Отпуск в сеть": null

31-03-2025T12:17:08 - [TEST_STEP][PASSED] - fileInt = replaceAll("\s+", "").toInteger(): null

31-03-2025T12:17:08 - [TEST_STEP][PASSED] - Script1718980020443.WriteToExcelNoData(a, typeOfData, todaysDate, fileInt, fileDouble, dZO): null

31-03-2025T12:17:08 - [TEST_STEP][PASSED] - sheetName = "Sheet1": null

31-03-2025T12:17:08 - [TEST_STEP][PASSED] - data = findTestData("PlanFact"): null

31-03-2025T12:17:08 - [TEST_STEP][PASSED] - n = data.getRowNumbers() + 1: null

31-03-2025T12:17:08 - [TEST_STEP][PASSED] - day = ")).toInteger(): null

31-03-2025T12:17:08 - [TEST_STEP][PASSED] - println(day): null

31-03-2025T12:17:08 - [TEST_STEP][PASSED] - month = ")).toInteger(): null

31-03-2025T12:17:08 - [TEST_STEP][PASSED] - println(month): null

31-03-2025T12:17:08 - [TEST_STEP][PASSED] - y = <not implemented yet for class: org.codehaus.groovy.ast.expr.EmptyExpression>: null

31-03-2025T12:17:08 - [TEST_STEP][PASSED] - iy = <not implemented yet for class: org.codehaus.groovy.ast.expr.EmptyExpression>: null

31-03-2025T12:17:08 - [TEST_STEP][PASSED] - m = getText(findTestObject("Выполнение бизнес-плана/Период")): Text of object 'Object Repository/Выполнение бизнес-плана/Период' is: 'Январь 2025 года'

31-03-2025T12:17:08 - [MESSAGE][PASSED] - Text of object 'Object Repository/Выполнение бизнес-плана/Период' is: 'Январь 2025 года'

31-03-2025T12:17:08 - [TEST_STEP][PASSED] - iy = m.indexOf("20"): null

31-03-2025T12:17:08 - [TEST_STEP][PASSED] - if (iy > -1): null

31-03-2025T12:17:08 - [TEST_STEP][PASSED] - y = substring(iy, iy + 4).toInteger(): null

31-03-2025T12:17:08 - [TEST_STEP][PASSED] - println(y): null

31-03-2025T12:17:08 - [TEST_STEP][PASSED] - if (toString().length() == 4): null

31-03-2025T12:17:08 - [TEST_STEP][PASSED] - m = m.substring(0, m.indexOf(y.toString())): null

31-03-2025T12:17:08 - [TEST_STEP][PASSED] - m = m.trim(): null

31-03-2025T12:17:08 - [TEST_STEP][PASSED] - if (m == ""): null

31-03-2025T12:17:08 - [TEST_STEP][PASSED] - dashboardName = "Выполнение бизнес-плана": null

31-03-2025T12:17:08 - [TEST_STEP][PASSED] - workbook01 = getWorkbook(excelFilePath): null

31-03-2025T12:17:08 - [TEST_STEP][PASSED] - sheet01 = getExcelSheet(workbook01, sheetName): null

31-03-2025T12:17:08 - [TEST_STEP][PASSED] - setValueToCellByIndex(sheet01, n, 0, dashboardName): null

31-03-2025T12:17:08 - [TEST_STEP][PASSED] - setValueToCellByIndex(sheet01, n, 1, dZO): null

31-03-2025T12:17:08 - [TEST_STEP][PASSED] - setValueToCellByIndex(sheet01, n, 2, typeOfData): null

31-03-2025T12:17:08 - [TEST_STEP][PASSED] - if (typeOfData == "Факт в процентах" || typeOfData == "План в процентах"): null

31-03-2025T12:17:08 - [TEST_STEP][PASSED] - else: null

31-03-2025T12:17:08 - [TEST_STEP][PASSED] - setValueToCellByIndex(sheet01, n, 3, fileInt): null

31-03-2025T12:17:08 - [TEST_STEP][PASSED] - setValueToCellByIndex(sheet01, n, 4, "нет данных"): null

31-03-2025T12:17:08 - [TEST_STEP][PASSED] - setValueToCellByIndex(sheet01, n, 5, m): null

31-03-2025T12:17:08 - [TEST_STEP][PASSED] - setValueToCellByIndex(sheet01, n, 6, y): null

31-03-2025T12:17:08 - [TEST_STEP][PASSED] - setValueToCellByIndex(sheet01, n, 7, todaysDate): null

31-03-2025T12:17:08 - [TEST_STEP][PASSED] - n = n + 1: null

31-03-2025T12:17:08 - [TEST_STEP][PASSED] - saveWorkbook(excelFilePath, workbook01): null

31-03-2025T12:17:09 - [TEST_STEP][PASSED] - typeOfData = "План Потери": null

31-03-2025T12:17:09 - [TEST_STEP][PASSED] - fileInt = replaceAll("\s+", "").toInteger(): null

31-03-2025T12:17:09 - [TEST_STEP][PASSED] - Script1718980020443.WriteToExcelNoData(a, typeOfData, todaysDate, fileInt, fileDouble, dZO): null

31-03-2025T12:17:09 - [TEST_STEP][PASSED] - sheetName = "Sheet1": null

31-03-2025T12:17:09 - [TEST_STEP][PASSED] - data = findTestData("PlanFact"): null

31-03-2025T12:17:09 - [TEST_STEP][PASSED] - n = data.getRowNumbers() + 1: null

31-03-2025T12:17:09 - [TEST_STEP][PASSED] - day = ")).toInteger(): null

31-03-2025T12:17:09 - [TEST_STEP][PASSED] - println(day): null

31-03-2025T12:17:09 - [TEST_STEP][PASSED] - month = ")).toInteger(): null

31-03-2025T12:17:09 - [TEST_STEP][PASSED] - println(month): null

31-03-2025T12:17:09 - [TEST_STEP][PASSED] - y = <not implemented yet for class: org.codehaus.groovy.ast.expr.EmptyExpression>: null

31-03-2025T12:17:09 - [TEST_STEP][PASSED] - iy = <not implemented yet for class: org.codehaus.groovy.ast.expr.EmptyExpression>: null

31-03-2025T12:17:09 - [TEST_STEP][PASSED] - m = getText(findTestObject("Выполнение бизнес-плана/Период")): Text of object 'Object Repository/Выполнение бизнес-плана/Период' is: 'Январь 2025 года'

31-03-2025T12:17:09 - [MESSAGE][PASSED] - Text of object 'Object Repository/Выполнение бизнес-плана/Период' is: 'Январь 2025 года'

31-03-2025T12:17:09 - [TEST_STEP][PASSED] - iy = m.indexOf("20"): null

31-03-2025T12:17:09 - [TEST_STEP][PASSED] - if (iy > -1): null

31-03-2025T12:17:09 - [TEST_STEP][PASSED] - y = substring(iy, iy + 4).toInteger(): null

31-03-2025T12:17:09 - [TEST_STEP][PASSED] - println(y): null

31-03-2025T12:17:09 - [TEST_STEP][PASSED] - if (toString().length() == 4): null

31-03-2025T12:17:09 - [TEST_STEP][PASSED] - m = m.substring(0, m.indexOf(y.toString())): null

31-03-2025T12:17:09 - [TEST_STEP][PASSED] - m = m.trim(): null

31-03-2025T12:17:09 - [TEST_STEP][PASSED] - if (m == ""): null

31-03-2025T12:17:09 - [TEST_STEP][PASSED] - dashboardName = "Выполнение бизнес-плана": null

31-03-2025T12:17:09 - [TEST_STEP][PASSED] - workbook01 = getWorkbook(excelFilePath): null

31-03-2025T12:17:09 - [TEST_STEP][PASSED] - sheet01 = getExcelSheet(workbook01, sheetName): null

31-03-2025T12:17:09 - [TEST_STEP][PASSED] - setValueToCellByIndex(sheet01, n, 0, dashboardName): null

31-03-2025T12:17:09 - [TEST_STEP][PASSED] - setValueToCellByIndex(sheet01, n, 1, dZO): null

31-03-2025T12:17:09 - [TEST_STEP][PASSED] - setValueToCellByIndex(sheet01, n, 2, typeOfData): null

31-03-2025T12:17:09 - [TEST_STEP][PASSED] - if (typeOfData == "Факт в процентах" || typeOfData == "План в процентах"): null

31-03-2025T12:17:09 - [TEST_STEP][PASSED] - else: null

31-03-2025T12:17:09 - [TEST_STEP][PASSED] - setValueToCellByIndex(sheet01, n, 3, fileInt): null

31-03-2025T12:17:09 - [TEST_STEP][PASSED] - setValueToCellByIndex(sheet01, n, 4, "нет данных"): null

31-03-2025T12:17:09 - [TEST_STEP][PASSED] - setValueToCellByIndex(sheet01, n, 5, m): null

31-03-2025T12:17:09 - [TEST_STEP][PASSED] - setValueToCellByIndex(sheet01, n, 6, y): null

31-03-2025T12:17:09 - [TEST_STEP][PASSED] - setValueToCellByIndex(sheet01, n, 7, todaysDate): null

31-03-2025T12:17:09 - [TEST_STEP][PASSED] - n = n + 1: null

31-03-2025T12:17:09 - [TEST_STEP][PASSED] - saveWorkbook(excelFilePath, workbook01): null

31-03-2025T12:17:09 - [TEST_STEP][PASSED] - typeOfData = "План в процентах": null

31-03-2025T12:17:09 - [TEST_STEP][PASSED] - fileDouble = ").toDouble(): null

31-03-2025T12:17:09 - [TEST_STEP][PASSED] - Script1718980020443.WriteToExcelNoData(a, typeOfData, todaysDate, fileInt, fileDouble, dZO): null

31-03-2025T12:17:09 - [TEST_STEP][PASSED] - sheetName = "Sheet1": null

31-03-2025T12:17:09 - [TEST_STEP][PASSED] - data = findTestData("PlanFact"): null

31-03-2025T12:17:09 - [TEST_STEP][PASSED] - n = data.getRowNumbers() + 1: null

31-03-2025T12:17:09 - [TEST_STEP][PASSED] - day = ")).toInteger(): null

31-03-2025T12:17:09 - [TEST_STEP][PASSED] - println(day): null

31-03-2025T12:17:09 - [TEST_STEP][PASSED] - month = ")).toInteger(): null

31-03-2025T12:17:09 - [TEST_STEP][PASSED] - println(month): null

31-03-2025T12:17:09 - [TEST_STEP][PASSED] - y = <not implemented yet for class: org.codehaus.groovy.ast.expr.EmptyExpression>: null

31-03-2025T12:17:09 - [TEST_STEP][PASSED] - iy = <not implemented yet for class: org.codehaus.groovy.ast.expr.EmptyExpression>: null

31-03-2025T12:17:09 - [TEST_STEP][PASSED] - m = getText(findTestObject("Выполнение бизнес-плана/Период")): Text of object 'Object Repository/Выполнение бизнес-плана/Период' is: 'Январь 2025 года'

31-03-2025T12:17:10 - [MESSAGE][PASSED] - Text of object 'Object Repository/Выполнение бизнес-плана/Период' is: 'Январь 2025 года'

31-03-2025T12:17:10 - [TEST_STEP][PASSED] - iy = m.indexOf("20"): null

31-03-2025T12:17:10 - [TEST_STEP][PASSED] - if (iy > -1): null

31-03-2025T12:17:10 - [TEST_STEP][PASSED] - y = substring(iy, iy + 4).toInteger(): null

31-03-2025T12:17:10 - [TEST_STEP][PASSED] - println(y): null

31-03-2025T12:17:10 - [TEST_STEP][PASSED] - if (toString().length() == 4): null

31-03-2025T12:17:10 - [TEST_STEP][PASSED] - m = m.substring(0, m.indexOf(y.toString())): null

31-03-2025T12:17:10 - [TEST_STEP][PASSED] - m = m.trim(): null

31-03-2025T12:17:10 - [TEST_STEP][PASSED] - if (m == ""): null

31-03-2025T12:17:10 - [TEST_STEP][PASSED] - dashboardName = "Выполнение бизнес-плана": null

31-03-2025T12:17:10 - [TEST_STEP][PASSED] - workbook01 = getWorkbook(excelFilePath): null

31-03-2025T12:17:10 - [TEST_STEP][PASSED] - sheet01 = getExcelSheet(workbook01, sheetName): null

31-03-2025T12:17:10 - [TEST_STEP][PASSED] - setValueToCellByIndex(sheet01, n, 0, dashboardName): null

31-03-2025T12:17:10 - [TEST_STEP][PASSED] - setValueToCellByIndex(sheet01, n, 1, dZO): null

31-03-2025T12:17:10 - [TEST_STEP][PASSED] - setValueToCellByIndex(sheet01, n, 2, typeOfData): null

31-03-2025T12:17:10 - [TEST_STEP][PASSED] - if (typeOfData == "Факт в процентах" || typeOfData == "План в процентах"): null

31-03-2025T12:17:10 - [TEST_STEP][PASSED] - setValueToCellByIndex(sheet01, n, 3, fileDouble): null

31-03-2025T12:17:10 - [TEST_STEP][PASSED] - setValueToCellByIndex(sheet01, n, 4, "нет данных"): null

31-03-2025T12:17:10 - [TEST_STEP][PASSED] - setValueToCellByIndex(sheet01, n, 5, m): null

31-03-2025T12:17:10 - [TEST_STEP][PASSED] - setValueToCellByIndex(sheet01, n, 6, y): null

31-03-2025T12:17:10 - [TEST_STEP][PASSED] - setValueToCellByIndex(sheet01, n, 7, todaysDate): null

31-03-2025T12:17:10 - [TEST_STEP][PASSED] - n = n + 1: null

31-03-2025T12:17:10 - [TEST_STEP][PASSED] - saveWorkbook(excelFilePath, workbook01): null

31-03-2025T12:17:10 - [TEST_STEP][PASSED] - typeOfData = "Факт в процентах": null

31-03-2025T12:17:10 - [TEST_STEP][PASSED] - fileDouble = ").toDouble(): null

31-03-2025T12:17:10 - [TEST_STEP][PASSED] - Script1718980020443.WriteToExcelNoData(a, typeOfData, todaysDate, fileInt, fileDouble, dZO): null

31-03-2025T12:17:10 - [TEST_STEP][PASSED] - sheetName = "Sheet1": null

31-03-2025T12:17:10 - [TEST_STEP][PASSED] - data = findTestData("PlanFact"): null

31-03-2025T12:17:10 - [TEST_STEP][PASSED] - n = data.getRowNumbers() + 1: null

31-03-2025T12:17:10 - [TEST_STEP][PASSED] - day = ")).toInteger(): null

31-03-2025T12:17:10 - [TEST_STEP][PASSED] - println(day): null

31-03-2025T12:17:10 - [TEST_STEP][PASSED] - month = ")).toInteger(): null

31-03-2025T12:17:10 - [TEST_STEP][PASSED] - println(month): null

31-03-2025T12:17:10 - [TEST_STEP][PASSED] - y = <not implemented yet for class: org.codehaus.groovy.ast.expr.EmptyExpression>: null

31-03-2025T12:17:10 - [TEST_STEP][PASSED] - iy = <not implemented yet for class: org.codehaus.groovy.ast.expr.EmptyExpression>: null

31-03-2025T12:17:10 - [TEST_STEP][PASSED] - m = getText(findTestObject("Выполнение бизнес-плана/Период")): Text of object 'Object Repository/Выполнение бизнес-плана/Период' is: 'Январь 2025 года'

31-03-2025T12:17:11 - [MESSAGE][PASSED] - Text of object 'Object Repository/Выполнение бизнес-плана/Период' is: 'Январь 2025 года'

31-03-2025T12:17:11 - [TEST_STEP][PASSED] - iy = m.indexOf("20"): null

31-03-2025T12:17:11 - [TEST_STEP][PASSED] - if (iy > -1): null

31-03-2025T12:17:11 - [TEST_STEP][PASSED] - y = substring(iy, iy + 4).toInteger(): null

31-03-2025T12:17:11 - [TEST_STEP][PASSED] - println(y): null

31-03-2025T12:17:11 - [TEST_STEP][PASSED] - if (toString().length() == 4): null

31-03-2025T12:17:11 - [TEST_STEP][PASSED] - m = m.substring(0, m.indexOf(y.toString())): null

31-03-2025T12:17:11 - [TEST_STEP][PASSED] - m = m.trim(): null

31-03-2025T12:17:11 - [TEST_STEP][PASSED] - if (m == ""): null

31-03-2025T12:17:11 - [TEST_STEP][PASSED] - dashboardName = "Выполнение бизнес-плана": null

31-03-2025T12:17:11 - [TEST_STEP][PASSED] - workbook01 = getWorkbook(excelFilePath): null

31-03-2025T12:17:11 - [TEST_STEP][PASSED] - sheet01 = getExcelSheet(workbook01, sheetName): null

31-03-2025T12:17:11 - [TEST_STEP][PASSED] - setValueToCellByIndex(sheet01, n, 0, dashboardName): null

31-03-2025T12:17:11 - [TEST_STEP][PASSED] - setValueToCellByIndex(sheet01, n, 1, dZO): null

31-03-2025T12:17:11 - [TEST_STEP][PASSED] - setValueToCellByIndex(sheet01, n, 2, typeOfData): null

31-03-2025T12:17:11 - [TEST_STEP][PASSED] - if (typeOfData == "Факт в процентах" || typeOfData == "План в процентах"): null

31-03-2025T12:17:11 - [TEST_STEP][PASSED] - setValueToCellByIndex(sheet01, n, 3, fileDouble): null

31-03-2025T12:17:11 - [TEST_STEP][PASSED] - setValueToCellByIndex(sheet01, n, 4, "нет данных"): null

31-03-2025T12:17:11 - [TEST_STEP][PASSED] - setValueToCellByIndex(sheet01, n, 5, m): null

31-03-2025T12:17:11 - [TEST_STEP][PASSED] - setValueToCellByIndex(sheet01, n, 6, y): null

31-03-2025T12:17:11 - [TEST_STEP][PASSED] - setValueToCellByIndex(sheet01, n, 7, todaysDate): null

31-03-2025T12:17:11 - [TEST_STEP][PASSED] - n = n + 1: null

31-03-2025T12:17:11 - [TEST_STEP][PASSED] - saveWorkbook(excelFilePath, workbook01): null

31-03-2025T12:17:11 - [TEST_STEP][PASSED] - println(dzoNum): null

31-03-2025T12:17:11 - [TEST_STEP][PASSED] - dZO = "Россети Московский регион": null

31-03-2025T12:17:11 - [TEST_STEP][PASSED] - a = 74: null

31-03-2025T12:17:11 - [TEST_STEP][PASSED] - if (x1.contains("Московский")): null

31-03-2025T12:17:11 - [TEST_STEP][PASSED] - dzoNum = dzoNum + 1: null

31-03-2025T12:17:11 - [TEST_STEP][PASSED] - Script1718980020443.Numbers(a, typeOfData, todaysDate, pageInt, fileInt, pageDouble, fileDouble, dZO, dzoNum, filialNum): null

31-03-2025T12:17:11 - [TEST_STEP][PASSED] - println(dzoNum): null

31-03-2025T12:17:11 - [TEST_STEP][PASSED] - planFact = <not implemented yet for class: org.codehaus.groovy.ast.expr.EmptyExpression>: null

31-03-2025T12:17:11 - [TEST_STEP][PASSED] - page = <not implemented yet for class: org.codehaus.groovy.ast.expr.EmptyExpression>: null

31-03-2025T12:17:11 - [TEST_STEP][PASSED] - page1 = <not implemented yet for class: org.codehaus.groovy.ast.expr.EmptyExpression>: null

31-03-2025T12:17:11 - [TEST_STEP][PASSED] - page2 = <not implemented yet for class: org.codehaus.groovy.ast.expr.EmptyExpression>: null

31-03-2025T12:17:11 - [TEST_STEP][PASSED] - filialNumberInRow = <not implemented yet for class: org.codehaus.groovy.ast.expr.EmptyExpression>: null

31-03-2025T12:17:11 - [TEST_STEP][PASSED] - filialsDzoNames = <not implemented yet for class: org.codehaus.groovy.ast.expr.EmptyExpression>: null

31-03-2025T12:17:11 - [TEST_STEP][PASSED] - numberOfFilials = <not implemented yet for class: org.codehaus.groovy.ast.expr.EmptyExpression>: null

31-03-2025T12:17:11 - [TEST_STEP][PASSED] - numberOfSpaces = <not implemented yet for class: org.codehaus.groovy.ast.expr.EmptyExpression>: null

31-03-2025T12:17:11 - [TEST_STEP][PASSED] - file = <not implemented yet for class: org.codehaus.groovy.ast.expr.EmptyExpression>: null

31-03-2025T12:17:11 - [TEST_STEP][PASSED] - otpusk = <not implemented yet for class: org.codehaus.groovy.ast.expr.EmptyExpression>: null

31-03-2025T12:17:11 - [TEST_STEP][PASSED] - poteri = <not implemented yet for class: org.codehaus.groovy.ast.expr.EmptyExpression>: null

31-03-2025T12:17:11 - [TEST_STEP][PASSED] - dataFolder = "Выполнение бизнес-плана/Значения со страницы Выполнение бизнес-плана/": null

31-03-2025T12:17:11 - [TEST_STEP][PASSED] - path = <not implemented yet for class: org.codehaus.groovy.ast.expr.EmptyExpression>: null

31-03-2025T12:17:11 - [TEST_STEP][PASSED] - typeOfDataMain = <not implemented yet for class: org.codehaus.groovy.ast.expr.EmptyExpression>: null

31-03-2025T12:17:11 - [TEST_STEP][PASSED] - fileOtpuskVSet = <not implemented yet for class: org.codehaus.groovy.ast.expr.EmptyExpression>: null

31-03-2025T12:17:11 - [TEST_STEP][PASSED] - pageOtpuskVSet = <not implemented yet for class: org.codehaus.groovy.ast.expr.EmptyExpression>: null

31-03-2025T12:17:11 - [TEST_STEP][PASSED] - filePoteri = <not implemented yet for class: org.codehaus.groovy.ast.expr.EmptyExpression>: null

31-03-2025T12:17:11 - [TEST_STEP][PASSED] - pagePoteri = <not implemented yet for class: org.codehaus.groovy.ast.expr.EmptyExpression>: null

31-03-2025T12:17:11 - [TEST_STEP][PASSED] - compare = <not implemented yet for class: org.codehaus.groovy.ast.expr.EmptyExpression>: null

31-03-2025T12:17:11 - [TEST_STEP][PASSED] - b = <not implemented yet for class: org.codehaus.groovy.ast.expr.EmptyExpression>: null

31-03-2025T12:17:11 - [TEST_STEP][PASSED] - i = <not implemented yet for class: org.codehaus.groovy.ast.expr.EmptyExpression>: null

31-03-2025T12:17:11 - [TEST_STEP][PASSED] - ii = <not implemented yet for class: org.codehaus.groovy.ast.expr.EmptyExpression>: null

31-03-2025T12:17:11 - [TEST_STEP][PASSED] - c = <not implemented yet for class: org.codehaus.groovy.ast.expr.EmptyExpression>: null

31-03-2025T12:17:11 - [TEST_STEP][PASSED] - numberOfErrors = 0: null

31-03-2025T12:17:11 - [TEST_STEP][PASSED] - if (a == 82): null

31-03-2025T12:17:11 - [TEST_STEP][PASSED] - b = findTestData("PlanFact").getValue(1, a): null

31-03-2025T12:17:11 - [TEST_STEP][PASSED] - i = b.indexOf(" (ГК)"): null

31-03-2025T12:17:11 - [TEST_STEP][PASSED] - if (i > -1): null

31-03-2025T12:17:11 - [TEST_STEP][PASSED] - i = b.indexOf("О ""): null

31-03-2025T12:17:11 - [TEST_STEP][PASSED] - if (i > -1): null

31-03-2025T12:17:11 - [TEST_STEP][PASSED] - i = b.indexOf("О «"): null

31-03-2025T12:17:11 - [TEST_STEP][PASSED] - if (i > -1): null

31-03-2025T12:17:11 - [TEST_STEP][PASSED] - i = b.indexOf("г. "): null

31-03-2025T12:17:11 - [TEST_STEP][PASSED] - if (i > -1): null

31-03-2025T12:17:11 - [TEST_STEP][PASSED] - b = b.trim(): null

31-03-2025T12:17:11 - [TEST_STEP][PASSED] - println(b): null

31-03-2025T12:17:11 - [TEST_STEP][PASSED] - for ([planFact = 1, planFact < 3, (planFact++)]): null

31-03-2025T12:17:11 - [TEST_STEP][PASSED] - if (planFact == 1): null

31-03-2025T12:17:11 - [TEST_STEP][PASSED] - typeOfDataMain = "Факт": null

31-03-2025T12:17:11 - [TEST_STEP][PASSED] - otpusk = findTestData("PlanFact").getValue(5, a): null

31-03-2025T12:17:11 - [TEST_STEP][PASSED] - poteri = findTestData("PlanFact").getValue(6, a): null

31-03-2025T12:17:11 - [TEST_STEP][PASSED] - otpusk = otpusk.replaceAll("\s+", ""): null

31-03-2025T12:17:11 - [TEST_STEP][PASSED] - poteri = poteri.replaceAll("\s+", ""): null

31-03-2025T12:17:11 - [TEST_STEP][PASSED] - typeOfData = typeOfDataMain + " Отпуск в сеть": null

31-03-2025T12:17:11 - [TEST_STEP][PASSED] - if (a == 82): null

31-03-2025T12:17:11 - [TEST_STEP][PASSED] - else if (a == 84): null

31-03-2025T12:17:11 - [TEST_STEP][PASSED] - else if (a == 83 || a == 52 || a == 72 || a == 28 || a == 73 || a == 77 || a == 74 || a == 65 || a == 36 || a == 44 || a == 53 || a == 80 || a == 54 || a == 1 || a == 18 || a == 59 || a == 81): null

31-03-2025T12:17:11 - [TEST_STEP][PASSED] - path = dataFolder + "Table Data/" + typeOfData + " за отчётный период " + dzoNum: null

31-03-2025T12:17:11 - [TEST_STEP][PASSED] - println(path): null

31-03-2025T12:17:11 - [TEST_STEP][PASSED] - page = getText(findTestObject(path)): Text of object 'Object Repository/Выполнение бизнес-плана/Значения со страницы Выполнение бизнес-плана/Table Data/Факт Отпуск в сеть за отчётный период 3' is: '9 778 647'

31-03-2025T12:17:11 - [MESSAGE][PASSED] - Text of object 'Object Repository/Выполнение бизнес-плана/Значения со страницы Выполнение бизнес-плана/Table Data/Факт Отпуск в сеть за отчётный период 3' is: '9 778 647'

31-03-2025T12:17:11 - [TEST_STEP][PASSED] - if (page == "" || page == null): null

31-03-2025T12:17:11 - [TEST_STEP][PASSED] - else: null

31-03-2025T12:17:11 - [TEST_STEP][PASSED] - page = page.replaceAll("\s+", ""): null

31-03-2025T12:17:11 - [TEST_STEP][PASSED] - if (page == "undefined"): null

31-03-2025T12:17:11 - [TEST_STEP][PASSED] - fileOtpuskVSet = otpusk.toInteger(): null

31-03-2025T12:17:11 - [TEST_STEP][PASSED] - pageOtpuskVSet = page.toInteger(): null

31-03-2025T12:17:11 - [TEST_STEP][PASSED] - typeOfData = typeOfDataMain + " Потери": null

31-03-2025T12:17:11 - [TEST_STEP][PASSED] - if (a == 82): null

31-03-2025T12:17:11 - [TEST_STEP][PASSED] - else if (a == 84): null

31-03-2025T12:17:11 - [TEST_STEP][PASSED] - else if (a == 83 || a == 52 || a == 72 || a == 28 || a == 73 || a == 77 || a == 74 || a == 65 || a == 44 || a == 53 || a == 80 || a == 54 || a == 1 || a == 18 || a == 59 || a == 81): null

31-03-2025T12:17:11 - [TEST_STEP][PASSED] - path = dataFolder + "Table Data/" + typeOfData + " за отчётный период " + dzoNum: null

31-03-2025T12:17:11 - [TEST_STEP][PASSED] - page = getText(findTestObject(path)): Text of object 'Object Repository/Выполнение бизнес-плана/Значения со страницы Выполнение бизнес-плана/Table Data/Факт Потери за отчётный период 3' is: '444 962'

31-03-2025T12:17:12 - [MESSAGE][PASSED] - Text of object 'Object Repository/Выполнение бизнес-плана/Значения со страницы Выполнение бизнес-плана/Table Data/Факт Потери за отчётный период 3' is: '444 962'

31-03-2025T12:17:12 - [TEST_STEP][PASSED] - if (page == "" || page == null): null

31-03-2025T12:17:12 - [TEST_STEP][PASSED] - else: null

31-03-2025T12:17:12 - [TEST_STEP][PASSED] - page = page.replaceAll("\s+", ""): null

31-03-2025T12:17:12 - [TEST_STEP][PASSED] - if (page == "undefined"): null

31-03-2025T12:17:12 - [TEST_STEP][PASSED] - filePoteri = poteri.toInteger(): null

31-03-2025T12:17:12 - [TEST_STEP][PASSED] - pagePoteri = page.toInteger(): null

31-03-2025T12:17:12 - [TEST_STEP][PASSED] - compare = pageOtpuskVSet: null

31-03-2025T12:17:12 - [TEST_STEP][PASSED] - if (pageOtpuskVSet != null): null

31-03-2025T12:17:12 - [TEST_STEP][PASSED] - if (compare == fileOtpuskVSet): null

31-03-2025T12:17:12 - [TEST_STEP][PASSED] - if (compare == fileOtpuskVSet): null

31-03-2025T12:17:12 - [TEST_STEP][PASSED] - compare = pagePoteri: null

31-03-2025T12:17:12 - [TEST_STEP][PASSED] - if (pageOtpuskVSet != null): null

31-03-2025T12:17:12 - [TEST_STEP][PASSED] - if (compare == filePoteri): null

31-03-2025T12:17:12 - [TEST_STEP][PASSED] - else if (compare > filePoteri): null

31-03-2025T12:17:12 - [TEST_STEP][PASSED] - else if (compare < filePoteri): null

31-03-2025T12:17:12 - [TEST_STEP][PASSED] - compare = compare + 1: null

31-03-2025T12:17:12 - [TEST_STEP][PASSED] - if (compare == filePoteri): null

31-03-2025T12:17:12 - [TEST_STEP][PASSED] - else: null

31-03-2025T12:17:12 - [TEST_STEP][PASSED] - numberOfErrors = numberOfErrors + 1: null

31-03-2025T12:17:12 - [TEST_STEP][PASSED] - pageInt = pagePoteri: null

31-03-2025T12:17:12 - [TEST_STEP][PASSED] - fileInt = filePoteri: null

31-03-2025T12:17:12 - [TEST_STEP][PASSED] - typeOfData = typeOfDataMain + " Потери": null

31-03-2025T12:17:12 - [TEST_STEP][PASSED] - Script1718980020443.WriteToExcel(a, typeOfData, todaysDate, pageInt, fileInt, pageDouble, fileDouble, dZO): null

31-03-2025T12:17:12 - [TEST_STEP][PASSED] - sheetName = "Sheet1": null

31-03-2025T12:17:12 - [TEST_STEP][PASSED] - data = findTestData("PlanFact"): null

31-03-2025T12:17:12 - [TEST_STEP][PASSED] - n = data.getRowNumbers() + 1: null

31-03-2025T12:17:12 - [TEST_STEP][PASSED] - day = ")).toInteger(): null

31-03-2025T12:17:12 - [TEST_STEP][PASSED] - println(day): null

31-03-2025T12:17:12 - [TEST_STEP][PASSED] - month = ")).toInteger(): null

31-03-2025T12:17:12 - [TEST_STEP][PASSED] - println(month): null

31-03-2025T12:17:12 - [TEST_STEP][PASSED] - y = <not implemented yet for class: org.codehaus.groovy.ast.expr.EmptyExpression>: null

31-03-2025T12:17:12 - [TEST_STEP][PASSED] - iy = <not implemented yet for class: org.codehaus.groovy.ast.expr.EmptyExpression>: null

31-03-2025T12:17:12 - [TEST_STEP][PASSED] - m = getText(findTestObject("Выполнение бизнес-плана/Период")): Text of object 'Object Repository/Выполнение бизнес-плана/Период' is: 'Январь 2025 года'

31-03-2025T12:17:12 - [MESSAGE][PASSED] - Text of object 'Object Repository/Выполнение бизнес-плана/Период' is: 'Январь 2025 года'

31-03-2025T12:17:12 - [TEST_STEP][PASSED] - iy = m.indexOf("20"): null

31-03-2025T12:17:12 - [TEST_STEP][PASSED] - if (iy > -1): null

31-03-2025T12:17:12 - [TEST_STEP][PASSED] - y = substring(iy, iy + 4).toInteger(): null

31-03-2025T12:17:12 - [TEST_STEP][PASSED] - println(y): null

31-03-2025T12:17:12 - [TEST_STEP][PASSED] - if (toString().length() == 4): null

31-03-2025T12:17:12 - [TEST_STEP][PASSED] - m = m.substring(0, m.indexOf(y.toString())): null

31-03-2025T12:17:12 - [TEST_STEP][PASSED] - m = m.trim(): null

31-03-2025T12:17:12 - [TEST_STEP][PASSED] - if (m == ""): null

31-03-2025T12:17:12 - [TEST_STEP][PASSED] - dashboardName = "Выполнение бизнес-плана": null

31-03-2025T12:17:12 - [TEST_STEP][PASSED] - workbook01 = getWorkbook(excelFilePath): null

31-03-2025T12:17:12 - [TEST_STEP][PASSED] - sheet01 = getExcelSheet(workbook01, sheetName): null

31-03-2025T12:17:12 - [TEST_STEP][PASSED] - setValueToCellByIndex(sheet01, n, 0, dashboardName): null

31-03-2025T12:17:12 - [TEST_STEP][PASSED] - setValueToCellByIndex(sheet01, n, 1, dZO): null

31-03-2025T12:17:12 - [TEST_STEP][PASSED] - setValueToCellByIndex(sheet01, n, 2, typeOfData): null

31-03-2025T12:17:12 - [TEST_STEP][PASSED] - if (typeOfData == "Факт в процентах" || typeOfData == "План в процентах"): null

31-03-2025T12:17:12 - [TEST_STEP][PASSED] - else: null

31-03-2025T12:17:12 - [TEST_STEP][PASSED] - setValueToCellByIndex(sheet01, n, 3, fileInt): null

31-03-2025T12:17:12 - [TEST_STEP][PASSED] - setValueToCellByIndex(sheet01, n, 4, pageInt): null

31-03-2025T12:17:12 - [TEST_STEP][PASSED] - setValueToCellByIndex(sheet01, n, 5, m): null

31-03-2025T12:17:12 - [TEST_STEP][PASSED] - setValueToCellByIndex(sheet01, n, 6, y): null

31-03-2025T12:17:12 - [TEST_STEP][PASSED] - setValueToCellByIndex(sheet01, n, 7, todaysDate): null

31-03-2025T12:17:12 - [TEST_STEP][PASSED] - n = n + 1: null

31-03-2025T12:17:12 - [TEST_STEP][FAILED] - saveWorkbook(excelFilePath, workbook01): null

31-03-2025T12:17:12 - [TEST_STEP][PASSED] - if (planFact == 2): null

31-03-2025T12:17:12 - [TEST_STEP][PASSED] - if (planFact == 1): null

31-03-2025T12:17:12 - [TEST_STEP][PASSED] - else if (planFact == 2): null

31-03-2025T12:17:12 - [TEST_STEP][PASSED] - click(findTestObject("Выполнение бизнес-плана/Кнопка План")): Object: 'Object Repository/Выполнение бизнес-плана/Кнопка План' is clicked on

31-03-2025T12:17:13 - [MESSAGE][PASSED] - Object: 'Object Repository/Выполнение бизнес-плана/Кнопка План' is clicked on

31-03-2025T12:17:13 - [TEST_STEP][PASSED] - typeOfDataMain = "План": null

31-03-2025T12:17:13 - [TEST_STEP][PASSED] - otpusk = findTestData("PlanFact").getValue(2, a): null

31-03-2025T12:17:13 - [TEST_STEP][PASSED] - poteri = findTestData("PlanFact").getValue(3, a): null

31-03-2025T12:17:13 - [TEST_STEP][PASSED] - otpusk = otpusk.replaceAll("\s+", ""): null

31-03-2025T12:17:13 - [TEST_STEP][PASSED] - poteri = poteri.replaceAll("\s+", ""): null

31-03-2025T12:17:13 - [TEST_STEP][PASSED] - typeOfData = typeOfDataMain + " Отпуск в сеть": null

31-03-2025T12:17:13 - [TEST_STEP][PASSED] - if (a == 82): null

31-03-2025T12:17:13 - [TEST_STEP][PASSED] - else if (a == 84): null

31-03-2025T12:17:13 - [TEST_STEP][PASSED] - else if (a == 83 || a == 52 || a == 72 || a == 28 || a == 73 || a == 77 || a == 74 || a == 65 || a == 36 || a == 44 || a == 53 || a == 80 || a == 54 || a == 1 || a == 18 || a == 59 || a == 81): null

31-03-2025T12:17:13 - [TEST_STEP][PASSED] - path = dataFolder + "Table Data/" + typeOfData + " за отчётный период " + dzoNum: null

31-03-2025T12:17:13 - [TEST_STEP][PASSED] - println(path): null

31-03-2025T12:17:13 - [TEST_STEP][PASSED] - page = getText(findTestObject(path)): Text of object 'Object Repository/Выполнение бизнес-плана/Значения со страницы Выполнение бизнес-плана/Table Data/План Отпуск в сеть за отчётный период 3' is: '10 346 741'

31-03-2025T12:17:13 - [MESSAGE][PASSED] - Text of object 'Object Repository/Выполнение бизнес-плана/Значения со страницы Выполнение бизнес-плана/Table Data/План Отпуск в сеть за отчётный период 3' is: '10 346 741'

31-03-2025T12:17:13 - [TEST_STEP][PASSED] - if (page == "" || page == null): null

31-03-2025T12:17:13 - [TEST_STEP][PASSED] - else: null

31-03-2025T12:17:13 - [TEST_STEP][PASSED] - page = page.replaceAll("\s+", ""): null

31-03-2025T12:17:13 - [TEST_STEP][PASSED] - if (page == "undefined"): null

31-03-2025T12:17:13 - [TEST_STEP][PASSED] - fileOtpuskVSet = otpusk.toInteger(): null

31-03-2025T12:17:13 - [TEST_STEP][PASSED] - pageOtpuskVSet = page.toInteger(): null

31-03-2025T12:17:13 - [TEST_STEP][PASSED] - typeOfData = typeOfDataMain + " Потери": null

31-03-2025T12:17:13 - [TEST_STEP][PASSED] - if (a == 82): null

31-03-2025T12:17:13 - [TEST_STEP][PASSED] - else if (a == 84): null

31-03-2025T12:17:13 - [TEST_STEP][PASSED] - else if (a == 83 || a == 52 || a == 72 || a == 28 || a == 73 || a == 77 || a == 74 || a == 65 || a == 44 || a == 53 || a == 80 || a == 54 || a == 1 || a == 18 || a == 59 || a == 81): null

31-03-2025T12:17:13 - [TEST_STEP][PASSED] - path = dataFolder + "Table Data/" + typeOfData + " за отчётный период " + dzoNum: null

31-03-2025T12:17:13 - [TEST_STEP][FAILED] - page = getText(findTestObject(path)): Unable to get text of object 'Object Repository/Выполнение бизнес-плана/Значения со страницы Выполнение бизнес-плана/Table Data/План Потери за отчётный период 3' (Root cause: com.kms.katalon.core.exception.StepFailedException: Unable to get text of object 'Object Repository/Выполнение бизнес-плана/Значения со страницы Выполнение бизнес-плана/Table Data/План Потери за отчётный период 3'
	at com.kms.katalon.core.webui.keyword.internal.WebUIKeywordMain.stepFailed(WebUIKeywordMain.groovy:64)
	at com.kms.katalon.core.webui.keyword.internal.WebUIKeywordMain.runKeyword(WebUIKeywordMain.groovy:26)
	at com.kms.katalon.core.webui.keyword.builtin.GetTextKeyword.getText(GetTextKeyword.groovy:88)
	at com.kms.katalon.core.webui.keyword.builtin.GetTextKeyword.execute(GetTextKeyword.groovy:67)
	at com.kms.katalon.core.keyword.internal.KeywordExecutor.executeKeywordForPlatform(KeywordExecutor.groovy:74)
	at com.kms.katalon.core.webui.keyword.WebUiBuiltInKeywords.getText(WebUiBuiltInKeywords.groovy:957)
	at Выполнение бизнес-плана Сверка ПАО Россети все филиалы.Numbers(Выполнение бизнес-плана Сверка ПАО Россети все филиалы:594)
	at Выполнение бизнес-плана Сверка ПАО Россети все филиалы.run(Выполнение бизнес-плана Сверка ПАО Россети все филиалы:273)
	at com.kms.katalon.core.main.ScriptEngine.run(ScriptEngine.java:194)
	at com.kms.katalon.core.main.ScriptEngine.runScriptAsRawText(ScriptEngine.java:119)
	at com.kms.katalon.core.main.TestCaseExecutor.runScript(TestCaseExecutor.java:448)
	at com.kms.katalon.core.main.TestCaseExecutor.doExecute(TestCaseExecutor.java:439)
	at com.kms.katalon.core.main.TestCaseExecutor.processExecutionPhase(TestCaseExecutor.java:418)
	at com.kms.katalon.core.main.TestCaseExecutor.accessMainPhase(TestCaseExecutor.java:410)
	at com.kms.katalon.core.main.TestCaseExecutor.execute(TestCaseExecutor.java:285)
	at com.kms.katalon.core.common.CommonExecutor.accessTestCaseMainPhase(CommonExecutor.java:65)
	at com.kms.katalon.core.main.TestSuiteExecutor.accessTestSuiteMainPhase(TestSuiteExecutor.java:150)
	at com.kms.katalon.core.main.TestSuiteExecutor.execute(TestSuiteExecutor.java:106)
	at com.kms.katalon.core.main.TestCaseMain.startTestSuite(TestCaseMain.java:180)
	at TempTestSuite1743404878601.run(TempTestSuite1743404878601.groovy:35)
	at java.base/jdk.internal.reflect.NativeMethodAccessorImpl.invoke0(Native Method)
	at java.base/jdk.internal.reflect.NativeMethodAccessorImpl.invoke(NativeMethodAccessorImpl.java:77)
	at java.base/jdk.internal.reflect.DelegatingMethodAccessorImpl.invoke(DelegatingMethodAccessorImpl.java:43)
Caused by: com.kms.katalon.core.webui.exception.WebElementNotFoundException: Web element with id: 'Object Repository/Выполнение бизнес-плана/Значения со страницы Выполнение бизнес-плана/Table Data/План Потери за отчётный период 3' located by '(.//*[normalize-space(text()) and normalize-space(.)='Показатели баланса электроэнергии по ДЗО – План'])[2]/following::td[37]' not found
	at com.kms.katalon.core.webui.common.WebUiCommonHelper.findWebElement(WebUiCommonHelper.java:1426)
	at com.kms.katalon.core.webui.keyword.internal.WebUIAbstractKeyword.findWebElement(WebUIAbstractKeyword.groovy:27)
	at com.kms.katalon.core.webui.keyword.internal.WebUIAbstractKeyword.findWebElement(WebUIAbstractKeyword.groovy:26)
	at com.kms.katalon.core.webui.keyword.builtin.GetTextKeyword$_getText_closure1.doCall(GetTextKeyword.groovy:78)
	at com.kms.katalon.core.webui.keyword.builtin.GetTextKeyword$_getText_closure1.call(GetTextKeyword.groovy)
	at com.kms.katalon.core.webui.keyword.internal.WebUIKeywordMain.runKeyword(WebUIKeywordMain.groovy:20)
	at com.kms.katalon.core.webui.keyword.builtin.GetTextKeyword.getText(GetTextKeyword.groovy:88)
	at com.kms.katalon.core.webui.keyword.builtin.GetTextKeyword.execute(GetTextKeyword.groovy:67)
	at com.kms.katalon.core.keyword.internal.KeywordExecutor.executeKeywordForPlatform(KeywordExecutor.groovy:74)
	at com.kms.katalon.core.webui.keyword.WebUiBuiltInKeywords.getText(WebUiBuiltInKeywords.groovy:957)
	at Script1718980020443.Numbers(Script1718980020443.groovy:594)
	at Script1718980020443.run(Script1718980020443.groovy:273)
	... 15 more
)

31-03-2025T12:17:44 - [MESSAGE][INFO] - Unable to find the element located by 'By.xpath: (.//*[normalize-space(text()) and normalize-space(.)='Показатели баланса электроэнергии по ДЗО – План'])[2]/following::td[37]'. Please recheck the objects properties to make sure the desired element is located. 

31-03-2025T12:17:44 - [MESSAGE][FAILED] - Unable to get text of object 'Object Repository/Выполнение бизнес-плана/Значения со страницы Выполнение бизнес-плана/Table Data/План Потери за отчётный период 3' (Root cause: com.kms.katalon.core.exception.StepFailedException: Unable to get text of object 'Object Repository/Выполнение бизнес-плана/Значения со страницы Выполнение бизнес-плана/Table Data/План Потери за отчётный период 3'
	at com.kms.katalon.core.webui.keyword.internal.WebUIKeywordMain.stepFailed(WebUIKeywordMain.groovy:64)
	at com.kms.katalon.core.webui.keyword.internal.WebUIKeywordMain.runKeyword(WebUIKeywordMain.groovy:26)
	at com.kms.katalon.core.webui.keyword.builtin.GetTextKeyword.getText(GetTextKeyword.groovy:88)
	at com.kms.katalon.core.webui.keyword.builtin.GetTextKeyword.execute(GetTextKeyword.groovy:67)
	at com.kms.katalon.core.keyword.internal.KeywordExecutor.executeKeywordForPlatform(KeywordExecutor.groovy:74)
	at com.kms.katalon.core.webui.keyword.WebUiBuiltInKeywords.getText(WebUiBuiltInKeywords.groovy:957)
	at Выполнение бизнес-плана Сверка ПАО Россети все филиалы.Numbers(Выполнение бизнес-плана Сверка ПАО Россети все филиалы:594)
	at Выполнение бизнес-плана Сверка ПАО Россети все филиалы.run(Выполнение бизнес-плана Сверка ПАО Россети все филиалы:273)
	at com.kms.katalon.core.main.ScriptEngine.run(ScriptEngine.java:194)
	at com.kms.katalon.core.main.ScriptEngine.runScriptAsRawText(ScriptEngine.java:119)
	at com.kms.katalon.core.main.TestCaseExecutor.runScript(TestCaseExecutor.java:448)
	at com.kms.katalon.core.main.TestCaseExecutor.doExecute(TestCaseExecutor.java:439)
	at com.kms.katalon.core.main.TestCaseExecutor.processExecutionPhase(TestCaseExecutor.java:418)
	at com.kms.katalon.core.main.TestCaseExecutor.accessMainPhase(TestCaseExecutor.java:410)
	at com.kms.katalon.core.main.TestCaseExecutor.execute(TestCaseExecutor.java:285)
	at com.kms.katalon.core.common.CommonExecutor.accessTestCaseMainPhase(CommonExecutor.java:65)
	at com.kms.katalon.core.main.TestSuiteExecutor.accessTestSuiteMainPhase(TestSuiteExecutor.java:150)
	at com.kms.katalon.core.main.TestSuiteExecutor.execute(TestSuiteExecutor.java:106)
	at com.kms.katalon.core.main.TestCaseMain.startTestSuite(TestCaseMain.java:180)
	at TempTestSuite1743404878601.run(TempTestSuite1743404878601.groovy:35)
	at java.base/jdk.internal.reflect.NativeMethodAccessorImpl.invoke0(Native Method)
	at java.base/jdk.internal.reflect.NativeMethodAccessorImpl.invoke(NativeMethodAccessorImpl.java:77)
	at java.base/jdk.internal.reflect.DelegatingMethodAccessorImpl.invoke(DelegatingMethodAccessorImpl.java:43)
Caused by: com.kms.katalon.core.webui.exception.WebElementNotFoundException: Web element with id: 'Object Repository/Выполнение бизнес-плана/Значения со страницы Выполнение бизнес-плана/Table Data/План Потери за отчётный период 3' located by '(.//*[normalize-space(text()) and normalize-space(.)='Показатели баланса электроэнергии по ДЗО – План'])[2]/following::td[37]' not found
	at com.kms.katalon.core.webui.common.WebUiCommonHelper.findWebElement(WebUiCommonHelper.java:1426)
	at com.kms.katalon.core.webui.keyword.internal.WebUIAbstractKeyword.findWebElement(WebUIAbstractKeyword.groovy:27)
	at com.kms.katalon.core.webui.keyword.internal.WebUIAbstractKeyword.findWebElement(WebUIAbstractKeyword.groovy:26)
	at com.kms.katalon.core.webui.keyword.builtin.GetTextKeyword$_getText_closure1.doCall(GetTextKeyword.groovy:78)
	at com.kms.katalon.core.webui.keyword.builtin.GetTextKeyword$_getText_closure1.call(GetTextKeyword.groovy)
	at com.kms.katalon.core.webui.keyword.internal.WebUIKeywordMain.runKeyword(WebUIKeywordMain.groovy:20)
	at com.kms.katalon.core.webui.keyword.builtin.GetTextKeyword.getText(GetTextKeyword.groovy:88)
	at com.kms.katalon.core.webui.keyword.builtin.GetTextKeyword.execute(GetTextKeyword.groovy:67)
	at com.kms.katalon.core.keyword.internal.KeywordExecutor.executeKeywordForPlatform(KeywordExecutor.groovy:74)
	at com.kms.katalon.core.webui.keyword.WebUiBuiltInKeywords.getText(WebUiBuiltInKeywords.groovy:957)
	at Script1718980020443.Numbers(Script1718980020443.groovy:594)
	at Script1718980020443.run(Script1718980020443.groovy:273)
	... 15 more
)
[[ATTACHMENT|C:\\Users\\LIAZGINA-DI\\git\\SPORU\\Reports\\20250331_100758\\\u041F\u043D-\u0421\u0440-\u041F\u0442\\\u0421\u0432\u0435\u0440\u043A\u0430 \u0434\u0430\u0448\u0431\u043E\u0440\u0434\u043E\u0432 \u0438\u0437 \u0440\u0430\u0437\u043D\u044B\u0445 \u0431\u043B\u043E\u043A\u043E\u0432\\20250331_100758\\1743412664857.png]]

31-03-2025T12:17:44 - [TEST_STEP][PASSED] - if (page == "" || page == null): null

31-03-2025T12:17:44 - [TEST_STEP][PASSED] - fileInt = poteri.toInteger(): null

31-03-2025T12:17:44 - [TEST_STEP][PASSED] - Script1718980020443.WriteToExcelNoData(a, typeOfData, todaysDate, fileInt, fileDouble, dZO): null

31-03-2025T12:17:44 - [TEST_STEP][PASSED] - sheetName = "Sheet1": null

31-03-2025T12:17:44 - [TEST_STEP][PASSED] - data = findTestData("PlanFact"): null

31-03-2025T12:17:44 - [TEST_STEP][PASSED] - n = data.getRowNumbers() + 1: null

31-03-2025T12:17:44 - [TEST_STEP][PASSED] - day = ")).toInteger(): null

31-03-2025T12:17:44 - [TEST_STEP][PASSED] - println(day): null

31-03-2025T12:17:44 - [TEST_STEP][PASSED] - month = ")).toInteger(): null

31-03-2025T12:17:44 - [TEST_STEP][PASSED] - println(month): null

31-03-2025T12:17:44 - [TEST_STEP][PASSED] - y = <not implemented yet for class: org.codehaus.groovy.ast.expr.EmptyExpression>: null

31-03-2025T12:17:44 - [TEST_STEP][PASSED] - iy = <not implemented yet for class: org.codehaus.groovy.ast.expr.EmptyExpression>: null

31-03-2025T12:17:44 - [TEST_STEP][PASSED] - m = getText(findTestObject("Выполнение бизнес-плана/Период")): Text of object 'Object Repository/Выполнение бизнес-плана/Период' is: 'Январь 2025 года'

31-03-2025T12:17:45 - [MESSAGE][PASSED] - Text of object 'Object Repository/Выполнение бизнес-плана/Период' is: 'Январь 2025 года'

31-03-2025T12:17:45 - [TEST_STEP][PASSED] - iy = m.indexOf("20"): null

31-03-2025T12:17:45 - [TEST_STEP][PASSED] - if (iy > -1): null

31-03-2025T12:17:45 - [TEST_STEP][PASSED] - y = substring(iy, iy + 4).toInteger(): null

31-03-2025T12:17:45 - [TEST_STEP][PASSED] - println(y): null

31-03-2025T12:17:45 - [TEST_STEP][PASSED] - if (toString().length() == 4): null

31-03-2025T12:17:45 - [TEST_STEP][PASSED] - m = m.substring(0, m.indexOf(y.toString())): null

31-03-2025T12:17:45 - [TEST_STEP][PASSED] - m = m.trim(): null

31-03-2025T12:17:45 - [TEST_STEP][PASSED] - if (m == ""): null

31-03-2025T12:17:45 - [TEST_STEP][PASSED] - dashboardName = "Выполнение бизнес-плана": null

31-03-2025T12:17:45 - [TEST_STEP][PASSED] - workbook01 = getWorkbook(excelFilePath): null

31-03-2025T12:17:45 - [TEST_STEP][PASSED] - sheet01 = getExcelSheet(workbook01, sheetName): null

31-03-2025T12:17:45 - [TEST_STEP][PASSED] - setValueToCellByIndex(sheet01, n, 0, dashboardName): null

31-03-2025T12:17:45 - [TEST_STEP][PASSED] - setValueToCellByIndex(sheet01, n, 1, dZO): null

31-03-2025T12:17:45 - [TEST_STEP][PASSED] - setValueToCellByIndex(sheet01, n, 2, typeOfData): null

31-03-2025T12:17:45 - [TEST_STEP][PASSED] - if (typeOfData == "Факт в процентах" || typeOfData == "План в процентах"): null

31-03-2025T12:17:45 - [TEST_STEP][PASSED] - else: null

31-03-2025T12:17:45 - [TEST_STEP][PASSED] - setValueToCellByIndex(sheet01, n, 3, fileInt): null

31-03-2025T12:17:45 - [TEST_STEP][PASSED] - setValueToCellByIndex(sheet01, n, 4, "нет данных"): null

31-03-2025T12:17:45 - [TEST_STEP][PASSED] - setValueToCellByIndex(sheet01, n, 5, m): null

31-03-2025T12:17:45 - [TEST_STEP][PASSED] - setValueToCellByIndex(sheet01, n, 6, y): null

31-03-2025T12:17:45 - [TEST_STEP][PASSED] - setValueToCellByIndex(sheet01, n, 7, todaysDate): null

31-03-2025T12:17:45 - [TEST_STEP][PASSED] - n = n + 1: null

31-03-2025T12:17:45 - [TEST_STEP][PASSED] - saveWorkbook(excelFilePath, workbook01): null

31-03-2025T12:17:45 - [TEST_STEP][PASSED] - compare = pageOtpuskVSet: null

31-03-2025T12:17:45 - [TEST_STEP][PASSED] - if (pageOtpuskVSet != null): null

31-03-2025T12:17:45 - [TEST_STEP][PASSED] - if (compare == fileOtpuskVSet): null

31-03-2025T12:17:45 - [TEST_STEP][PASSED] - if (compare == fileOtpuskVSet): null

31-03-2025T12:17:45 - [TEST_STEP][PASSED] - compare = pagePoteri: null

31-03-2025T12:17:45 - [TEST_STEP][PASSED] - if (pageOtpuskVSet != null): null

31-03-2025T12:17:45 - [TEST_STEP][PASSED] - if (compare == filePoteri): null

31-03-2025T12:17:45 - [TEST_STEP][PASSED] - else if (compare > filePoteri): null

31-03-2025T12:17:45 - [TEST_STEP][PASSED] - else if (compare < filePoteri): null

31-03-2025T12:17:45 - [TEST_STEP][PASSED] - compare = compare + 1: null

31-03-2025T12:17:45 - [TEST_STEP][PASSED] - if (compare == filePoteri): null

31-03-2025T12:17:45 - [TEST_STEP][PASSED] - else: null

31-03-2025T12:17:45 - [TEST_STEP][PASSED] - numberOfErrors = numberOfErrors + 1: null

31-03-2025T12:17:45 - [TEST_STEP][PASSED] - pageInt = pagePoteri: null

31-03-2025T12:17:45 - [TEST_STEP][PASSED] - fileInt = filePoteri: null

31-03-2025T12:17:45 - [TEST_STEP][PASSED] - typeOfData = typeOfDataMain + " Потери": null

31-03-2025T12:17:45 - [TEST_STEP][PASSED] - Script1718980020443.WriteToExcel(a, typeOfData, todaysDate, pageInt, fileInt, pageDouble, fileDouble, dZO): null

31-03-2025T12:17:45 - [TEST_STEP][PASSED] - sheetName = "Sheet1": null

31-03-2025T12:17:45 - [TEST_STEP][PASSED] - data = findTestData("PlanFact"): null

31-03-2025T12:17:45 - [TEST_STEP][PASSED] - n = data.getRowNumbers() + 1: null

31-03-2025T12:17:45 - [TEST_STEP][PASSED] - day = ")).toInteger(): null

31-03-2025T12:17:45 - [TEST_STEP][PASSED] - println(day): null

31-03-2025T12:17:45 - [TEST_STEP][PASSED] - month = ")).toInteger(): null

31-03-2025T12:17:45 - [TEST_STEP][PASSED] - println(month): null

31-03-2025T12:17:45 - [TEST_STEP][PASSED] - y = <not implemented yet for class: org.codehaus.groovy.ast.expr.EmptyExpression>: null

31-03-2025T12:17:45 - [TEST_STEP][PASSED] - iy = <not implemented yet for class: org.codehaus.groovy.ast.expr.EmptyExpression>: null

31-03-2025T12:17:45 - [TEST_STEP][PASSED] - m = getText(findTestObject("Выполнение бизнес-плана/Период")): Text of object 'Object Repository/Выполнение бизнес-плана/Период' is: 'Январь 2025 года'

31-03-2025T12:17:45 - [MESSAGE][PASSED] - Text of object 'Object Repository/Выполнение бизнес-плана/Период' is: 'Январь 2025 года'

31-03-2025T12:17:45 - [TEST_STEP][PASSED] - iy = m.indexOf("20"): null

31-03-2025T12:17:45 - [TEST_STEP][PASSED] - if (iy > -1): null

31-03-2025T12:17:45 - [TEST_STEP][PASSED] - y = substring(iy, iy + 4).toInteger(): null

31-03-2025T12:17:45 - [TEST_STEP][PASSED] - println(y): null

31-03-2025T12:17:45 - [TEST_STEP][PASSED] - if (toString().length() == 4): null

31-03-2025T12:17:45 - [TEST_STEP][PASSED] - m = m.substring(0, m.indexOf(y.toString())): null

31-03-2025T12:17:45 - [TEST_STEP][PASSED] - m = m.trim(): null

31-03-2025T12:17:45 - [TEST_STEP][PASSED] - if (m == ""): null

31-03-2025T12:17:45 - [TEST_STEP][PASSED] - dashboardName = "Выполнение бизнес-плана": null

31-03-2025T12:17:45 - [TEST_STEP][PASSED] - workbook01 = getWorkbook(excelFilePath): null

31-03-2025T12:17:46 - [TEST_STEP][PASSED] - sheet01 = getExcelSheet(workbook01, sheetName): null

31-03-2025T12:17:46 - [TEST_STEP][PASSED] - setValueToCellByIndex(sheet01, n, 0, dashboardName): null

31-03-2025T12:17:46 - [TEST_STEP][PASSED] - setValueToCellByIndex(sheet01, n, 1, dZO): null

31-03-2025T12:17:46 - [TEST_STEP][PASSED] - setValueToCellByIndex(sheet01, n, 2, typeOfData): null

31-03-2025T12:17:46 - [TEST_STEP][PASSED] - if (typeOfData == "Факт в процентах" || typeOfData == "План в процентах"): null

31-03-2025T12:17:46 - [TEST_STEP][PASSED] - else: null

31-03-2025T12:17:46 - [TEST_STEP][PASSED] - setValueToCellByIndex(sheet01, n, 3, fileInt): null

31-03-2025T12:17:46 - [TEST_STEP][PASSED] - setValueToCellByIndex(sheet01, n, 4, pageInt): null

31-03-2025T12:17:46 - [TEST_STEP][PASSED] - setValueToCellByIndex(sheet01, n, 5, m): null

31-03-2025T12:17:46 - [TEST_STEP][PASSED] - setValueToCellByIndex(sheet01, n, 6, y): null

31-03-2025T12:17:46 - [TEST_STEP][PASSED] - setValueToCellByIndex(sheet01, n, 7, todaysDate): null

31-03-2025T12:17:46 - [TEST_STEP][PASSED] - n = n + 1: null

31-03-2025T12:17:46 - [TEST_STEP][PASSED] - saveWorkbook(excelFilePath, workbook01): Object: 'Object Repository/Выполнение бизнес-плана/Кнопка Факт' is clicked on

31-03-2025T12:17:46 - [TEST_STEP][PASSED] - if (planFact == 2): Object: 'Object Repository/Выполнение бизнес-плана/Кнопка Факт' is clicked on

31-03-2025T12:17:46 - [TEST_STEP][PASSED] - click(findTestObject("Выполнение бизнес-плана/Кнопка Факт")): Object: 'Object Repository/Выполнение бизнес-плана/Кнопка Факт' is clicked on

31-03-2025T12:17:46 - [MESSAGE][PASSED] - Object: 'Object Repository/Выполнение бизнес-плана/Кнопка Факт' is clicked on

31-03-2025T12:17:46 - [TEST_STEP][PASSED] - println("a=" + a): null

31-03-2025T12:17:46 - [TEST_STEP][PASSED] - if (a == 84 || a == 82): null

31-03-2025T12:17:46 - [TEST_STEP][PASSED] - else if (a == 83 || a == 52 || a == 72 || a == 28 || a == 73 || a == 77 || a == 74 || a == 65 || a == 36 || a == 44 || a == 53 || a == 80 || a == 54 || a == 1 || a == 18 || a == 59 || a == 81): null

31-03-2025T12:17:46 - [TEST_STEP][PASSED] - page1 = getText(findTestObject("Object Repository/Выполнение бизнес-плана/spanPlan" + dzoNum)): Text of object 'Object Repository/Выполнение бизнес-плана/spanPlan3' is: '9.74
|'

31-03-2025T12:17:46 - [MESSAGE][PASSED] - Text of object 'Object Repository/Выполнение бизнес-плана/spanPlan3' is: '9.74
|'

31-03-2025T12:17:46 - [TEST_STEP][PASSED] - page1 = page1.replace("|", ""): null

31-03-2025T12:17:46 - [TEST_STEP][PASSED] - page2 = getText(findTestObject("Object Repository/Выполнение бизнес-плана/spanFact" + dzoNum)): Text of object 'Object Repository/Выполнение бизнес-плана/spanFact3' is: '9.32'

31-03-2025T12:17:47 - [MESSAGE][PASSED] - Text of object 'Object Repository/Выполнение бизнес-плана/spanFact3' is: '9.32'

31-03-2025T12:17:47 - [TEST_STEP][PASSED] - page2 = page2.replace("|", ""): null

31-03-2025T12:17:47 - [TEST_STEP][PASSED] - println("page1: " + page1): null

31-03-2025T12:17:47 - [TEST_STEP][PASSED] - println("page2: " + page2): null

31-03-2025T12:17:47 - [TEST_STEP][PASSED] - file = findTestData("PlanFact").getValue(4, a): null

31-03-2025T12:17:47 - [TEST_STEP][PASSED] - file = file.replace(",", "."): null

31-03-2025T12:17:47 - [TEST_STEP][PASSED] - println("file Plan: " + file): null

31-03-2025T12:17:47 - [TEST_STEP][PASSED] - typeOfData = "План в процентах": null

31-03-2025T12:17:47 - [TEST_STEP][PASSED] - fileDouble = file.toDouble(): null

31-03-2025T12:17:47 - [TEST_STEP][PASSED] - pageDouble = page1.toDouble(): null

31-03-2025T12:17:47 - [TEST_STEP][PASSED] - if (fileDouble != pageDouble): null

31-03-2025T12:17:47 - [TEST_STEP][PASSED] - file = findTestData("PlanFact").getValue(7, a): null

31-03-2025T12:17:47 - [TEST_STEP][PASSED] - file = file.replace(",", "."): null

31-03-2025T12:17:47 - [TEST_STEP][PASSED] - println("file Fact: " + file): null

31-03-2025T12:17:47 - [TEST_STEP][PASSED] - fileDouble = file.toDouble(): null

31-03-2025T12:17:47 - [TEST_STEP][PASSED] - typeOfData = "Факт в процентах": null

31-03-2025T12:17:47 - [TEST_STEP][PASSED] - fileDouble = file.toDouble(): null

31-03-2025T12:17:47 - [TEST_STEP][PASSED] - pageDouble = page2.toDouble(): null

31-03-2025T12:17:47 - [TEST_STEP][PASSED] - if (fileDouble != pageDouble): null

31-03-2025T12:17:47 - [TEST_STEP][FAILED] - if (verifyEqual(numberOfErrors, 0) == false): null

31-03-2025T12:17:47 - [MESSAGE][FAILED] - Unable to verify equal between actual object '2' and expected object '0' (Root cause: com.kms.katalon.core.exception.StepFailedException: Actual object '2' and expected object '0' are not equal
	at com.kms.katalon.core.keyword.builtin.VerifyEqualKeyword$_verifyEqual_closure1.doCall(VerifyEqualKeyword.groovy:58)
	at com.kms.katalon.core.keyword.builtin.VerifyEqualKeyword$_verifyEqual_closure1.call(VerifyEqualKeyword.groovy)
	at com.kms.katalon.core.keyword.internal.KeywordMain.runKeyword(KeywordMain.groovy:75)
	at com.kms.katalon.core.keyword.builtin.VerifyEqualKeyword.verifyEqual(VerifyEqualKeyword.groovy:63)
	at com.kms.katalon.core.keyword.builtin.VerifyEqualKeyword.execute(VerifyEqualKeyword.groovy:44)
	at com.kms.katalon.core.keyword.internal.KeywordExecutor.executeKeywordForPlatform(KeywordExecutor.groovy:74)
	at com.kms.katalon.core.keyword.BuiltinKeywords.verifyEqual(BuiltinKeywords.groovy:146)
	at jdk.internal.reflect.GeneratedMethodAccessor28.invoke(Unknown Source)
	at java.base/jdk.internal.reflect.DelegatingMethodAccessorImpl.invoke(DelegatingMethodAccessorImpl.java:43)
	at Выполнение бизнес-плана Сверка ПАО Россети все филиалы.Numbers(Выполнение бизнес-плана Сверка ПАО Россети все филиалы:744)
	at Выполнение бизнес-плана Сверка ПАО Россети все филиалы.run(Выполнение бизнес-плана Сверка ПАО Россети все филиалы:273)
	at com.kms.katalon.core.main.ScriptEngine.run(ScriptEngine.java:194)
	at com.kms.katalon.core.main.ScriptEngine.runScriptAsRawText(ScriptEngine.java:119)
	at com.kms.katalon.core.main.TestCaseExecutor.runScript(TestCaseExecutor.java:448)
	at com.kms.katalon.core.main.TestCaseExecutor.doExecute(TestCaseExecutor.java:439)
	at com.kms.katalon.core.main.TestCaseExecutor.processExecutionPhase(TestCaseExecutor.java:418)
	at com.kms.katalon.core.main.TestCaseExecutor.accessMainPhase(TestCaseExecutor.java:410)
	at com.kms.katalon.core.main.TestCaseExecutor.execute(TestCaseExecutor.java:285)
	at com.kms.katalon.core.common.CommonExecutor.accessTestCaseMainPhase(CommonExecutor.java:65)
	at com.kms.katalon.core.main.TestSuiteExecutor.accessTestSuiteMainPhase(TestSuiteExecutor.java:150)
	at com.kms.katalon.core.main.TestSuiteExecutor.execute(TestSuiteExecutor.java:106)
	at com.kms.katalon.core.main.TestCaseMain.startTestSuite(TestCaseMain.java:180)
	at TempTestSuite1743404878601.run(TempTestSuite1743404878601.groovy:35)
	at java.base/jdk.internal.reflect.NativeMethodAccessorImpl.invoke0(Native Method)
	at java.base/jdk.internal.reflect.NativeMethodAccessorImpl.invoke(NativeMethodAccessorImpl.java:77)
	at java.base/jdk.internal.reflect.DelegatingMethodAccessorImpl.invoke(DelegatingMethodAccessorImpl.java:43)
)

31-03-2025T12:17:47 - [TEST_STEP][PASSED] - println(numberOfErrors): null

31-03-2025T12:17:47 - [TEST_STEP][PASSED] - println("a=" + a): null

31-03-2025T12:17:47 - [TEST_STEP][PASSED] - if (a == 28 || a == 77 || a == 74 || a == 65 || a == 36 || a == 44 || a == 54 || a == 1 || a == 18 || a == 59): null

31-03-2025T12:17:47 - [TEST_STEP][PASSED] - Script1718980020443.Filials(a, typeOfData, todaysDate, pageInt, fileInt, pageDouble, fileDouble, dZO, dzoNum, filialNum): null

31-03-2025T12:17:47 - [TEST_STEP][PASSED] - i = <not implemented yet for class: org.codehaus.groovy.ast.expr.EmptyExpression>: null

31-03-2025T12:17:47 - [TEST_STEP][PASSED] - c = <not implemented yet for class: org.codehaus.groovy.ast.expr.EmptyExpression>: null

31-03-2025T12:17:47 - [TEST_STEP][PASSED] - page = <not implemented yet for class: org.codehaus.groovy.ast.expr.EmptyExpression>: null

31-03-2025T12:17:47 - [TEST_STEP][PASSED] - println(dZO): null

31-03-2025T12:17:47 - [TEST_STEP][PASSED] - reducedDZO = <not implemented yet for class: org.codehaus.groovy.ast.expr.EmptyExpression>: null

31-03-2025T12:17:47 - [TEST_STEP][PASSED] - reducedDZO = dZO.substring(dZO.indexOf(" ") + 1, dZO.length()): null

31-03-2025T12:17:47 - [TEST_STEP][PASSED] - if (reducedDZO.contains(" ")): null

31-03-2025T12:17:47 - [TEST_STEP][PASSED] - reducedDZO = reducedDZO.substring(reducedDZO.indexOf(" ") + 1, reducedDZO.length()): null

31-03-2025T12:17:47 - [TEST_STEP][PASSED] - if (reducedDZO.contains(" ")): null

31-03-2025T12:17:47 - [TEST_STEP][PASSED] - println(reducedDZO): null

31-03-2025T12:17:47 - [TEST_STEP][PASSED] - dzoCut = <not implemented yet for class: org.codehaus.groovy.ast.expr.EmptyExpression>: null

31-03-2025T12:17:47 - [TEST_STEP][PASSED] - Script1718980020443.DZO(a): null

31-03-2025T12:17:47 - [TEST_STEP][PASSED] - delay(20): Delayed 20 second(s)

31-03-2025T12:18:07 - [MESSAGE][PASSED] - Delayed 20 second(s)

31-03-2025T12:18:07 - [TEST_STEP][PASSED] - Script1718980020443.OpenFilter(): null

31-03-2025T12:18:07 - [TEST_STEP][PASSED] - click(findTestObject("Object Repository/Выполнение бизнес-плана/Фильтр ДЗО")): Object: 'Object Repository/Выполнение бизнес-плана/Фильтр ДЗО' is clicked on

31-03-2025T12:18:07 - [MESSAGE][PASSED] - Object: 'Object Repository/Выполнение бизнес-плана/Фильтр ДЗО' is clicked on

31-03-2025T12:18:07 - [TEST_STEP][PASSED] - click(findTestObject("Выполнение бизнес-плана/Снять выделение в фильтре ДЗО")): Object: 'Object Repository/Выполнение бизнес-плана/Снять выделение в фильтре ДЗО' is clicked on

31-03-2025T12:18:08 - [MESSAGE][PASSED] - Object: 'Object Repository/Выполнение бизнес-плана/Снять выделение в фильтре ДЗО' is clicked on

31-03-2025T12:18:08 - [TEST_STEP][PASSED] - Script1718980020443.OpenRSK(): null

31-03-2025T12:18:08 - [TEST_STEP][PASSED] - click(findTestObject("Выполнение бизнес-плана/Раскрыть список ПАО Россети в фильтре ДЗО")): Object: 'Object Repository/Выполнение бизнес-плана/Раскрыть список ПАО Россети в фильтре ДЗО' is clicked on

31-03-2025T12:18:08 - [MESSAGE][PASSED] - Object: 'Object Repository/Выполнение бизнес-плана/Раскрыть список ПАО Россети в фильтре ДЗО' is clicked on

31-03-2025T12:18:08 - [TEST_STEP][PASSED] - click(findTestObject("Выполнение бизнес-плана/Раскрыть список РаспредКомплекс в фильтре ДЗО")): Object: 'Object Repository/Выполнение бизнес-плана/Раскрыть список РаспредКомплекс в фильтре ДЗО' is clicked on

31-03-2025T12:18:09 - [MESSAGE][PASSED] - Object: 'Object Repository/Выполнение бизнес-плана/Раскрыть список РаспредКомплекс в фильтре ДЗО' is clicked on

31-03-2025T12:18:09 - [TEST_STEP][PASSED] - if (a == 28): null

31-03-2025T12:18:09 - [TEST_STEP][PASSED] - if (a == 77): null

31-03-2025T12:18:09 - [TEST_STEP][PASSED] - if (a == 74): Object: 'Object Repository/Выполнение бизнес-плана/Россети Московский регион' is clicked on

31-03-2025T12:18:09 - [TEST_STEP][PASSED] - scrollToElement(findTestObject("Общие объекты/Раскрыть список Россети Московский регион"), 30): Scroll to object 'Object Repository/Общие объекты/Раскрыть список Россети Московский регион' successfully

31-03-2025T12:18:09 - [MESSAGE][PASSED] - Scroll to object 'Object Repository/Общие объекты/Раскрыть список Россети Московский регион' successfully

31-03-2025T12:18:09 - [TEST_STEP][PASSED] - click(findTestObject("Выполнение бизнес-плана/Россети Московский регион")): Object: 'Object Repository/Выполнение бизнес-плана/Россети Московский регион' is clicked on

31-03-2025T12:18:09 - [MESSAGE][PASSED] - Object: 'Object Repository/Выполнение бизнес-плана/Россети Московский регион' is clicked on

31-03-2025T12:18:09 - [TEST_STEP][PASSED] - if (a == 65): null

31-03-2025T12:18:09 - [TEST_STEP][PASSED] - if (a == 36): null

31-03-2025T12:18:09 - [TEST_STEP][PASSED] - if (a == 44): null

31-03-2025T12:18:09 - [TEST_STEP][PASSED] - if (a == 54): null

31-03-2025T12:18:09 - [TEST_STEP][PASSED] - if (a == 1): null

31-03-2025T12:18:09 - [TEST_STEP][PASSED] - if (a == 18): null

31-03-2025T12:18:09 - [TEST_STEP][PASSED] - if (a == 59): null

31-03-2025T12:18:09 - [TEST_STEP][PASSED] - Script1718980020443.CloseFilter(): null

31-03-2025T12:18:09 - [TEST_STEP][PASSED] - scrollToElement(findTestObject("Выполнение бизнес-плана/Заголовок дашборда"), 30): Scroll to object 'Object Repository/Выполнение бизнес-плана/Заголовок дашборда' successfully

31-03-2025T12:18:10 - [MESSAGE][PASSED] - Scroll to object 'Object Repository/Выполнение бизнес-плана/Заголовок дашборда' successfully

31-03-2025T12:18:10 - [TEST_STEP][PASSED] - click(findTestObject("Object Repository/Выполнение бизнес-плана/Применить в фильтре ДЗО")): Object: 'Object Repository/Выполнение бизнес-плана/Применить в фильтре ДЗО' is clicked on

31-03-2025T12:18:11 - [MESSAGE][PASSED] - Object: 'Object Repository/Выполнение бизнес-плана/Применить в фильтре ДЗО' is clicked on

31-03-2025T12:18:11 - [TEST_STEP][PASSED] - delay(20): Delayed 20 second(s)

31-03-2025T12:18:31 - [MESSAGE][PASSED] - Delayed 20 second(s)

31-03-2025T12:18:31 - [TEST_STEP][PASSED] - Script1718980020443.ZakrytOpoveshenie(): null

31-03-2025T12:18:31 - [TEST_STEP][PASSED] - delay(10): Delayed 10 second(s)

31-03-2025T12:18:41 - [MESSAGE][PASSED] - Delayed 10 second(s)

31-03-2025T12:18:41 - [TEST_STEP][PASSED] - opoveshenie = getText(findTestObject("Выполнение бизнес-плана/Просьба обратить внимание")): Text of object 'Object Repository/Выполнение бизнес-плана/Просьба обратить внимание' is: ''

31-03-2025T12:18:41 - [MESSAGE][PASSED] - Text of object 'Object Repository/Выполнение бизнес-плана/Просьба обратить внимание' is: ''

31-03-2025T12:18:41 - [TEST_STEP][PASSED] - println(opoveshenie): null

31-03-2025T12:18:41 - [TEST_STEP][PASSED] - if (opoveshenie == "Просьба обратить внимание"): null

31-03-2025T12:18:41 - [TEST_STEP][PASSED] - page = getText(findTestObject("Object Repository/Выполнение бизнес-плана/Filials")): Text of object 'Object Repository/Выполнение бизнес-плана/Filials' is: 'Московская область
г. Москва
0
10
20
30
40
50
60
70'

31-03-2025T12:18:42 - [MESSAGE][PASSED] - Text of object 'Object Repository/Выполнение бизнес-плана/Filials' is: 'Московская область
г. Москва
0
10
20
30
40
50
60
70'

31-03-2025T12:18:42 - [TEST_STEP][PASSED] - println(page): null

31-03-2025T12:18:42 - [TEST_STEP][PASSED] - c = page.indexOf(reducedDZO): null

31-03-2025T12:18:42 - [TEST_STEP][PASSED] - if (c > -1): null

31-03-2025T12:18:42 - [TEST_STEP][PASSED] - x2 = getText(findTestObject("Выполнение бизнес-плана/Список ДЗО старый")): Text of object 'Object Repository/Выполнение бизнес-плана/Список ДЗО старый' is: 'Московская область
г. Москва
0
10
20
30
40
50
60
70'

31-03-2025T12:18:42 - [MESSAGE][PASSED] - Text of object 'Object Repository/Выполнение бизнес-плана/Список ДЗО старый' is: 'Московская область
г. Москва
0
10
20
30
40
50
60
70'

31-03-2025T12:18:42 - [TEST_STEP][PASSED] - if (a == 28): null

31-03-2025T12:18:42 - [TEST_STEP][PASSED] - if (a == 77): null

31-03-2025T12:18:42 - [TEST_STEP][PASSED] - if (a == 74): null

31-03-2025T12:18:42 - [TEST_STEP][PASSED] - dZO = "г. Москва": null

31-03-2025T12:18:42 - [TEST_STEP][PASSED] - a = 75: null

31-03-2025T12:18:42 - [TEST_STEP][PASSED] - dzoCut = dZO.substring(3, dZO.length()): null

31-03-2025T12:18:42 - [TEST_STEP][PASSED] - if (x2.contains(dzoCut)): null

31-03-2025T12:18:42 - [TEST_STEP][PASSED] - filialNum = filialNum + 1: null

31-03-2025T12:18:42 - [TEST_STEP][PASSED] - Script1718980020443.Numbers(a, typeOfData, todaysDate, pageInt, fileInt, pageDouble, fileDouble, dZO, dzoNum, filialNum): null

31-03-2025T12:18:42 - [TEST_STEP][PASSED] - println(dzoNum): null

31-03-2025T12:18:42 - [TEST_STEP][PASSED] - planFact = <not implemented yet for class: org.codehaus.groovy.ast.expr.EmptyExpression>: null

31-03-2025T12:18:42 - [TEST_STEP][PASSED] - page = <not implemented yet for class: org.codehaus.groovy.ast.expr.EmptyExpression>: null

31-03-2025T12:18:42 - [TEST_STEP][PASSED] - page1 = <not implemented yet for class: org.codehaus.groovy.ast.expr.EmptyExpression>: null

31-03-2025T12:18:42 - [TEST_STEP][PASSED] - page2 = <not implemented yet for class: org.codehaus.groovy.ast.expr.EmptyExpression>: null

31-03-2025T12:18:42 - [TEST_STEP][PASSED] - filialNumberInRow = <not implemented yet for class: org.codehaus.groovy.ast.expr.EmptyExpression>: null

31-03-2025T12:18:42 - [TEST_STEP][PASSED] - filialsDzoNames = <not implemented yet for class: org.codehaus.groovy.ast.expr.EmptyExpression>: null

31-03-2025T12:18:42 - [TEST_STEP][PASSED] - numberOfFilials = <not implemented yet for class: org.codehaus.groovy.ast.expr.EmptyExpression>: null

31-03-2025T12:18:42 - [TEST_STEP][PASSED] - numberOfSpaces = <not implemented yet for class: org.codehaus.groovy.ast.expr.EmptyExpression>: null

31-03-2025T12:18:42 - [TEST_STEP][PASSED] - file = <not implemented yet for class: org.codehaus.groovy.ast.expr.EmptyExpression>: null

31-03-2025T12:18:42 - [TEST_STEP][PASSED] - otpusk = <not implemented yet for class: org.codehaus.groovy.ast.expr.EmptyExpression>: null

31-03-2025T12:18:42 - [TEST_STEP][PASSED] - poteri = <not implemented yet for class: org.codehaus.groovy.ast.expr.EmptyExpression>: null

31-03-2025T12:18:42 - [TEST_STEP][PASSED] - dataFolder = "Выполнение бизнес-плана/Значения со страницы Выполнение бизнес-плана/": null

31-03-2025T12:18:42 - [TEST_STEP][PASSED] - path = <not implemented yet for class: org.codehaus.groovy.ast.expr.EmptyExpression>: null

31-03-2025T12:18:42 - [TEST_STEP][PASSED] - typeOfDataMain = <not implemented yet for class: org.codehaus.groovy.ast.expr.EmptyExpression>: null

31-03-2025T12:18:42 - [TEST_STEP][PASSED] - fileOtpuskVSet = <not implemented yet for class: org.codehaus.groovy.ast.expr.EmptyExpression>: null

31-03-2025T12:18:42 - [TEST_STEP][PASSED] - pageOtpuskVSet = <not implemented yet for class: org.codehaus.groovy.ast.expr.EmptyExpression>: null

31-03-2025T12:18:42 - [TEST_STEP][PASSED] - filePoteri = <not implemented yet for class: org.codehaus.groovy.ast.expr.EmptyExpression>: null

31-03-2025T12:18:42 - [TEST_STEP][PASSED] - pagePoteri = <not implemented yet for class: org.codehaus.groovy.ast.expr.EmptyExpression>: null

31-03-2025T12:18:42 - [TEST_STEP][PASSED] - compare = <not implemented yet for class: org.codehaus.groovy.ast.expr.EmptyExpression>: null

31-03-2025T12:18:42 - [TEST_STEP][PASSED] - b = <not implemented yet for class: org.codehaus.groovy.ast.expr.EmptyExpression>: null

31-03-2025T12:18:42 - [TEST_STEP][PASSED] - i = <not implemented yet for class: org.codehaus.groovy.ast.expr.EmptyExpression>: null

31-03-2025T12:18:42 - [TEST_STEP][PASSED] - ii = <not implemented yet for class: org.codehaus.groovy.ast.expr.EmptyExpression>: null

31-03-2025T12:18:42 - [TEST_STEP][PASSED] - c = <not implemented yet for class: org.codehaus.groovy.ast.expr.EmptyExpression>: null

31-03-2025T12:18:42 - [TEST_STEP][PASSED] - numberOfErrors = 0: null

31-03-2025T12:18:42 - [TEST_STEP][PASSED] - if (a == 82): null

31-03-2025T12:18:42 - [TEST_STEP][PASSED] - b = findTestData("PlanFact").getValue(1, a): null

31-03-2025T12:18:42 - [TEST_STEP][PASSED] - i = b.indexOf(" (ГК)"): null

31-03-2025T12:18:42 - [TEST_STEP][PASSED] - if (i > -1): null

31-03-2025T12:18:42 - [TEST_STEP][PASSED] - i = b.indexOf("О ""): null

31-03-2025T12:18:42 - [TEST_STEP][PASSED] - if (i > -1): null

31-03-2025T12:18:42 - [TEST_STEP][PASSED] - i = b.indexOf("О «"): null

31-03-2025T12:18:42 - [TEST_STEP][PASSED] - if (i > -1): null

31-03-2025T12:18:42 - [TEST_STEP][PASSED] - i = b.indexOf("г. "): null

31-03-2025T12:18:42 - [TEST_STEP][PASSED] - if (i > -1): null

31-03-2025T12:18:42 - [TEST_STEP][PASSED] - b = b.substring(i + 3, b.length()): null

31-03-2025T12:18:42 - [TEST_STEP][PASSED] - b = b.trim(): null

31-03-2025T12:18:42 - [TEST_STEP][PASSED] - println(b): null

31-03-2025T12:18:42 - [TEST_STEP][PASSED] - for ([planFact = 1, planFact < 3, (planFact++)]): Object: 'Object Repository/Выполнение бизнес-плана/Кнопка Факт' is clicked on

31-03-2025T12:18:42 - [TEST_STEP][PASSED] - if (planFact == 1): null

31-03-2025T12:18:42 - [TEST_STEP][PASSED] - typeOfDataMain = "Факт": null

31-03-2025T12:18:42 - [TEST_STEP][PASSED] - otpusk = findTestData("PlanFact").getValue(5, a): null

31-03-2025T12:18:42 - [TEST_STEP][PASSED] - poteri = findTestData("PlanFact").getValue(6, a): null

31-03-2025T12:18:42 - [TEST_STEP][PASSED] - otpusk = otpusk.replaceAll("\s+", ""): null

31-03-2025T12:18:42 - [TEST_STEP][PASSED] - poteri = poteri.replaceAll("\s+", ""): null

31-03-2025T12:18:42 - [TEST_STEP][PASSED] - typeOfData = typeOfDataMain + " Отпуск в сеть": null

31-03-2025T12:18:42 - [TEST_STEP][PASSED] - if (a == 82): null

31-03-2025T12:18:42 - [TEST_STEP][PASSED] - else if (a == 84): null

31-03-2025T12:18:42 - [TEST_STEP][PASSED] - else if (a == 83 || a == 52 || a == 72 || a == 28 || a == 73 || a == 77 || a == 74 || a == 65 || a == 36 || a == 44 || a == 53 || a == 80 || a == 54 || a == 1 || a == 18 || a == 59 || a == 81): null

31-03-2025T12:18:42 - [TEST_STEP][PASSED] - else: null

31-03-2025T12:18:42 - [TEST_STEP][PASSED] - path = dataFolder + typeOfData + " за отчётный период " + b: null

31-03-2025T12:18:42 - [TEST_STEP][PASSED] - println(path): null

31-03-2025T12:18:42 - [TEST_STEP][PASSED] - page = getText(findTestObject(path)): Text of object 'Object Repository/Выполнение бизнес-плана/Значения со страницы Выполнение бизнес-плана/Факт Отпуск в сеть за отчётный период Москва' is: '4 574 090'

31-03-2025T12:18:42 - [MESSAGE][PASSED] - Text of object 'Object Repository/Выполнение бизнес-плана/Значения со страницы Выполнение бизнес-плана/Факт Отпуск в сеть за отчётный период Москва' is: '4 574 090'

31-03-2025T12:18:42 - [TEST_STEP][PASSED] - if (page == "" || page == null): null

31-03-2025T12:18:42 - [TEST_STEP][PASSED] - else: null

31-03-2025T12:18:42 - [TEST_STEP][PASSED] - page = page.replaceAll("\s+", ""): null

31-03-2025T12:18:42 - [TEST_STEP][PASSED] - if (page == "undefined"): null

31-03-2025T12:18:42 - [TEST_STEP][PASSED] - fileOtpuskVSet = otpusk.toInteger(): null

31-03-2025T12:18:42 - [TEST_STEP][PASSED] - pageOtpuskVSet = page.toInteger(): null

31-03-2025T12:18:42 - [TEST_STEP][PASSED] - typeOfData = typeOfDataMain + " Потери": null

31-03-2025T12:18:42 - [TEST_STEP][PASSED] - if (a == 82): null

31-03-2025T12:18:42 - [TEST_STEP][PASSED] - else if (a == 84): null

31-03-2025T12:18:42 - [TEST_STEP][PASSED] - else if (a == 83 || a == 52 || a == 72 || a == 28 || a == 73 || a == 77 || a == 74 || a == 65 || a == 44 || a == 53 || a == 80 || a == 54 || a == 1 || a == 18 || a == 59 || a == 81): null

31-03-2025T12:18:42 - [TEST_STEP][PASSED] - else: null

31-03-2025T12:18:42 - [TEST_STEP][PASSED] - path = dataFolder + typeOfData + " за отчётный период " + b: null

31-03-2025T12:18:42 - [TEST_STEP][PASSED] - page = getText(findTestObject(path)): Text of object 'Object Repository/Выполнение бизнес-плана/Значения со страницы Выполнение бизнес-плана/Факт Потери за отчётный период Москва' is: '211 224'

31-03-2025T12:18:43 - [MESSAGE][PASSED] - Text of object 'Object Repository/Выполнение бизнес-плана/Значения со страницы Выполнение бизнес-плана/Факт Потери за отчётный период Москва' is: '211 224'

31-03-2025T12:18:43 - [TEST_STEP][PASSED] - if (page == "" || page == null): null

31-03-2025T12:18:43 - [TEST_STEP][PASSED] - else: null

31-03-2025T12:18:43 - [TEST_STEP][PASSED] - page = page.replaceAll("\s+", ""): null

31-03-2025T12:18:43 - [TEST_STEP][PASSED] - if (page == "undefined"): null

31-03-2025T12:18:43 - [TEST_STEP][PASSED] - filePoteri = poteri.toInteger(): null

31-03-2025T12:18:43 - [TEST_STEP][PASSED] - pagePoteri = page.toInteger(): null

31-03-2025T12:18:43 - [TEST_STEP][PASSED] - compare = pageOtpuskVSet: null

31-03-2025T12:18:43 - [TEST_STEP][PASSED] - if (pageOtpuskVSet != null): null

31-03-2025T12:18:43 - [TEST_STEP][PASSED] - if (compare == fileOtpuskVSet): null

31-03-2025T12:18:43 - [TEST_STEP][PASSED] - if (compare == fileOtpuskVSet): null

31-03-2025T12:18:43 - [TEST_STEP][PASSED] - compare = pagePoteri: null

31-03-2025T12:18:43 - [TEST_STEP][PASSED] - if (pageOtpuskVSet != null): null

31-03-2025T12:18:43 - [TEST_STEP][PASSED] - if (compare == filePoteri): null

31-03-2025T12:18:43 - [TEST_STEP][PASSED] - if (compare == filePoteri): null

31-03-2025T12:18:43 - [TEST_STEP][PASSED] - if (planFact == 2): null

31-03-2025T12:18:43 - [TEST_STEP][PASSED] - if (planFact == 1): null

31-03-2025T12:18:43 - [TEST_STEP][PASSED] - else if (planFact == 2): null

31-03-2025T12:18:43 - [TEST_STEP][PASSED] - click(findTestObject("Выполнение бизнес-плана/Кнопка План")): Object: 'Object Repository/Выполнение бизнес-плана/Кнопка План' is clicked on

31-03-2025T12:18:43 - [MESSAGE][PASSED] - Object: 'Object Repository/Выполнение бизнес-плана/Кнопка План' is clicked on

31-03-2025T12:18:43 - [TEST_STEP][PASSED] - typeOfDataMain = "План": null

31-03-2025T12:18:43 - [TEST_STEP][PASSED] - otpusk = findTestData("PlanFact").getValue(2, a): null

31-03-2025T12:18:43 - [TEST_STEP][PASSED] - poteri = findTestData("PlanFact").getValue(3, a): null

31-03-2025T12:18:43 - [TEST_STEP][PASSED] - otpusk = otpusk.replaceAll("\s+", ""): null

31-03-2025T12:18:43 - [TEST_STEP][PASSED] - poteri = poteri.replaceAll("\s+", ""): null

31-03-2025T12:18:43 - [TEST_STEP][PASSED] - typeOfData = typeOfDataMain + " Отпуск в сеть": null

31-03-2025T12:18:43 - [TEST_STEP][PASSED] - if (a == 82): null

31-03-2025T12:18:43 - [TEST_STEP][PASSED] - else if (a == 84): null

31-03-2025T12:18:43 - [TEST_STEP][PASSED] - else if (a == 83 || a == 52 || a == 72 || a == 28 || a == 73 || a == 77 || a == 74 || a == 65 || a == 36 || a == 44 || a == 53 || a == 80 || a == 54 || a == 1 || a == 18 || a == 59 || a == 81): null

31-03-2025T12:18:43 - [TEST_STEP][PASSED] - else: null

31-03-2025T12:18:43 - [TEST_STEP][PASSED] - path = dataFolder + typeOfData + " за отчётный период " + b: null

31-03-2025T12:18:43 - [TEST_STEP][PASSED] - println(path): null

31-03-2025T12:18:43 - [TEST_STEP][PASSED] - page = getText(findTestObject(path)): Text of object 'Object Repository/Выполнение бизнес-плана/Значения со страницы Выполнение бизнес-плана/План Отпуск в сеть за отчётный период Москва' is: '4 682 890'

31-03-2025T12:18:44 - [MESSAGE][PASSED] - Text of object 'Object Repository/Выполнение бизнес-плана/Значения со страницы Выполнение бизнес-плана/План Отпуск в сеть за отчётный период Москва' is: '4 682 890'

31-03-2025T12:18:44 - [TEST_STEP][PASSED] - if (page == "" || page == null): null

31-03-2025T12:18:44 - [TEST_STEP][PASSED] - else: null

31-03-2025T12:18:44 - [TEST_STEP][PASSED] - page = page.replaceAll("\s+", ""): null

31-03-2025T12:18:44 - [TEST_STEP][PASSED] - if (page == "undefined"): null

31-03-2025T12:18:44 - [TEST_STEP][PASSED] - fileOtpuskVSet = otpusk.toInteger(): null

31-03-2025T12:18:44 - [TEST_STEP][PASSED] - pageOtpuskVSet = page.toInteger(): null

31-03-2025T12:18:44 - [TEST_STEP][PASSED] - typeOfData = typeOfDataMain + " Потери": null

31-03-2025T12:18:44 - [TEST_STEP][PASSED] - if (a == 82): null

31-03-2025T12:18:44 - [TEST_STEP][PASSED] - else if (a == 84): null

31-03-2025T12:18:44 - [TEST_STEP][PASSED] - else if (a == 83 || a == 52 || a == 72 || a == 28 || a == 73 || a == 77 || a == 74 || a == 65 || a == 44 || a == 53 || a == 80 || a == 54 || a == 1 || a == 18 || a == 59 || a == 81): null

31-03-2025T12:18:44 - [TEST_STEP][PASSED] - else: null

31-03-2025T12:18:44 - [TEST_STEP][PASSED] - path = dataFolder + typeOfData + " за отчётный период " + b: null

31-03-2025T12:18:44 - [TEST_STEP][PASSED] - page = getText(findTestObject(path)): Text of object 'Object Repository/Выполнение бизнес-плана/Значения со страницы Выполнение бизнес-плана/План Потери за отчётный период Москва' is: '258 159'

31-03-2025T12:18:44 - [MESSAGE][PASSED] - Text of object 'Object Repository/Выполнение бизнес-плана/Значения со страницы Выполнение бизнес-плана/План Потери за отчётный период Москва' is: '258 159'

31-03-2025T12:18:44 - [TEST_STEP][PASSED] - if (page == "" || page == null): null

31-03-2025T12:18:44 - [TEST_STEP][PASSED] - else: null

31-03-2025T12:18:44 - [TEST_STEP][PASSED] - page = page.replaceAll("\s+", ""): null

31-03-2025T12:18:44 - [TEST_STEP][PASSED] - if (page == "undefined"): null

31-03-2025T12:18:44 - [TEST_STEP][PASSED] - filePoteri = poteri.toInteger(): null

31-03-2025T12:18:44 - [TEST_STEP][PASSED] - pagePoteri = page.toInteger(): null

31-03-2025T12:18:44 - [TEST_STEP][PASSED] - compare = pageOtpuskVSet: null

31-03-2025T12:18:44 - [TEST_STEP][PASSED] - if (pageOtpuskVSet != null): null

31-03-2025T12:18:44 - [TEST_STEP][PASSED] - if (compare == fileOtpuskVSet): null

31-03-2025T12:18:44 - [TEST_STEP][PASSED] - if (compare == fileOtpuskVSet): null

31-03-2025T12:18:44 - [TEST_STEP][PASSED] - compare = pagePoteri: null

31-03-2025T12:18:44 - [TEST_STEP][PASSED] - if (pageOtpuskVSet != null): null

31-03-2025T12:18:44 - [TEST_STEP][PASSED] - if (compare == filePoteri): null

31-03-2025T12:18:44 - [TEST_STEP][PASSED] - if (compare == filePoteri): null

31-03-2025T12:18:44 - [TEST_STEP][PASSED] - if (planFact == 2): Object: 'Object Repository/Выполнение бизнес-плана/Кнопка Факт' is clicked on

31-03-2025T12:18:44 - [TEST_STEP][PASSED] - click(findTestObject("Выполнение бизнес-плана/Кнопка Факт")): Object: 'Object Repository/Выполнение бизнес-плана/Кнопка Факт' is clicked on

31-03-2025T12:18:44 - [MESSAGE][PASSED] - Object: 'Object Repository/Выполнение бизнес-плана/Кнопка Факт' is clicked on

31-03-2025T12:18:44 - [TEST_STEP][PASSED] - println("a=" + a): null

31-03-2025T12:18:44 - [TEST_STEP][PASSED] - if (a == 84 || a == 82): null

31-03-2025T12:18:44 - [TEST_STEP][PASSED] - else if (a == 83 || a == 52 || a == 72 || a == 28 || a == 73 || a == 77 || a == 74 || a == 65 || a == 36 || a == 44 || a == 53 || a == 80 || a == 54 || a == 1 || a == 18 || a == 59 || a == 81): null

31-03-2025T12:18:44 - [TEST_STEP][PASSED] - else: null

31-03-2025T12:18:44 - [TEST_STEP][PASSED] - page1 = getText(findTestObject("Object Repository/Выполнение бизнес-плана/spanPlan" + filialNum)): Text of object 'Object Repository/Выполнение бизнес-плана/spanPlan1' is: '13.24
|'

31-03-2025T12:18:44 - [MESSAGE][PASSED] - Text of object 'Object Repository/Выполнение бизнес-плана/spanPlan1' is: '13.24
|'

31-03-2025T12:18:44 - [TEST_STEP][PASSED] - page1 = page1.replace("|", ""): null

31-03-2025T12:18:44 - [TEST_STEP][PASSED] - page2 = getText(findTestObject("Object Repository/Выполнение бизнес-плана/spanFact" + filialNum)): Text of object 'Object Repository/Выполнение бизнес-плана/spanFact1' is: '13.44
|'

31-03-2025T12:18:45 - [MESSAGE][PASSED] - Text of object 'Object Repository/Выполнение бизнес-плана/spanFact1' is: '13.44
|'

31-03-2025T12:18:45 - [TEST_STEP][PASSED] - page2 = page2.replace("|", ""): null

31-03-2025T12:18:45 - [TEST_STEP][PASSED] - println("page1: " + page1): null

31-03-2025T12:18:45 - [TEST_STEP][PASSED] - println("page2: " + page2): null

31-03-2025T12:18:45 - [TEST_STEP][PASSED] - file = findTestData("PlanFact").getValue(4, a): null

31-03-2025T12:18:45 - [TEST_STEP][PASSED] - file = file.replace(",", "."): null

31-03-2025T12:18:45 - [TEST_STEP][PASSED] - println("file Plan: " + file): null

31-03-2025T12:18:45 - [TEST_STEP][PASSED] - typeOfData = "План в процентах": null

31-03-2025T12:18:45 - [TEST_STEP][PASSED] - fileDouble = file.toDouble(): null

31-03-2025T12:18:45 - [TEST_STEP][PASSED] - pageDouble = page1.toDouble(): null

31-03-2025T12:18:45 - [TEST_STEP][PASSED] - if (fileDouble != pageDouble): null

31-03-2025T12:18:45 - [TEST_STEP][PASSED] - numberOfErrors = numberOfErrors + 1: null

31-03-2025T12:18:45 - [TEST_STEP][PASSED] - Script1718980020443.WriteToExcel(a, typeOfData, todaysDate, pageInt, fileInt, pageDouble, fileDouble, dZO): null

31-03-2025T12:18:45 - [TEST_STEP][PASSED] - sheetName = "Sheet1": null

31-03-2025T12:18:45 - [TEST_STEP][PASSED] - data = findTestData("PlanFact"): null

31-03-2025T12:18:45 - [TEST_STEP][PASSED] - n = data.getRowNumbers() + 1: null

31-03-2025T12:18:45 - [TEST_STEP][PASSED] - day = ")).toInteger(): null

31-03-2025T12:18:45 - [TEST_STEP][PASSED] - println(day): null

31-03-2025T12:18:45 - [TEST_STEP][PASSED] - month = ")).toInteger(): null

31-03-2025T12:18:45 - [TEST_STEP][PASSED] - println(month): null

31-03-2025T12:18:45 - [TEST_STEP][PASSED] - y = <not implemented yet for class: org.codehaus.groovy.ast.expr.EmptyExpression>: null

31-03-2025T12:18:45 - [TEST_STEP][PASSED] - iy = <not implemented yet for class: org.codehaus.groovy.ast.expr.EmptyExpression>: null

31-03-2025T12:18:45 - [TEST_STEP][PASSED] - m = getText(findTestObject("Выполнение бизнес-плана/Период")): Text of object 'Object Repository/Выполнение бизнес-плана/Период' is: 'Январь 2025 года'

31-03-2025T12:18:45 - [MESSAGE][PASSED] - Text of object 'Object Repository/Выполнение бизнес-плана/Период' is: 'Январь 2025 года'

31-03-2025T12:18:45 - [TEST_STEP][PASSED] - iy = m.indexOf("20"): null

31-03-2025T12:18:45 - [TEST_STEP][PASSED] - if (iy > -1): null

31-03-2025T12:18:45 - [TEST_STEP][PASSED] - y = substring(iy, iy + 4).toInteger(): null

31-03-2025T12:18:45 - [TEST_STEP][PASSED] - println(y): null

31-03-2025T12:18:45 - [TEST_STEP][PASSED] - if (toString().length() == 4): null

31-03-2025T12:18:45 - [TEST_STEP][PASSED] - m = m.substring(0, m.indexOf(y.toString())): null

31-03-2025T12:18:45 - [TEST_STEP][PASSED] - m = m.trim(): null

31-03-2025T12:18:45 - [TEST_STEP][PASSED] - if (m == ""): null

31-03-2025T12:18:45 - [TEST_STEP][PASSED] - dashboardName = "Выполнение бизнес-плана": null

31-03-2025T12:18:45 - [TEST_STEP][PASSED] - workbook01 = getWorkbook(excelFilePath): null

31-03-2025T12:18:45 - [TEST_STEP][PASSED] - sheet01 = getExcelSheet(workbook01, sheetName): null

31-03-2025T12:18:45 - [TEST_STEP][PASSED] - setValueToCellByIndex(sheet01, n, 0, dashboardName): null

31-03-2025T12:18:45 - [TEST_STEP][PASSED] - setValueToCellByIndex(sheet01, n, 1, dZO): null

31-03-2025T12:18:45 - [TEST_STEP][PASSED] - setValueToCellByIndex(sheet01, n, 2, typeOfData): null

31-03-2025T12:18:45 - [TEST_STEP][PASSED] - if (typeOfData == "Факт в процентах" || typeOfData == "План в процентах"): null

31-03-2025T12:18:45 - [TEST_STEP][PASSED] - setValueToCellByIndex(sheet01, n, 3, fileDouble): null

31-03-2025T12:18:45 - [TEST_STEP][PASSED] - setValueToCellByIndex(sheet01, n, 4, pageDouble): null

31-03-2025T12:18:45 - [TEST_STEP][PASSED] - setValueToCellByIndex(sheet01, n, 5, m): null

31-03-2025T12:18:45 - [TEST_STEP][PASSED] - setValueToCellByIndex(sheet01, n, 6, y): null

31-03-2025T12:18:45 - [TEST_STEP][PASSED] - setValueToCellByIndex(sheet01, n, 7, todaysDate): null

31-03-2025T12:18:45 - [TEST_STEP][PASSED] - n = n + 1: null

31-03-2025T12:18:45 - [TEST_STEP][PASSED] - saveWorkbook(excelFilePath, workbook01): null

31-03-2025T12:18:46 - [TEST_STEP][PASSED] - file = findTestData("PlanFact").getValue(7, a): null

31-03-2025T12:18:46 - [TEST_STEP][PASSED] - file = file.replace(",", "."): null

31-03-2025T12:18:46 - [TEST_STEP][PASSED] - println("file Fact: " + file): null

31-03-2025T12:18:46 - [TEST_STEP][PASSED] - fileDouble = file.toDouble(): null

31-03-2025T12:18:46 - [TEST_STEP][PASSED] - typeOfData = "Факт в процентах": null

31-03-2025T12:18:46 - [TEST_STEP][PASSED] - fileDouble = file.toDouble(): null

31-03-2025T12:18:46 - [TEST_STEP][PASSED] - pageDouble = page2.toDouble(): null

31-03-2025T12:18:46 - [TEST_STEP][PASSED] - if (fileDouble != pageDouble): null

31-03-2025T12:18:46 - [TEST_STEP][PASSED] - numberOfErrors = numberOfErrors + 1: null

31-03-2025T12:18:46 - [TEST_STEP][PASSED] - Script1718980020443.WriteToExcel(a, typeOfData, todaysDate, pageInt, fileInt, pageDouble, fileDouble, dZO): null

31-03-2025T12:18:46 - [TEST_STEP][PASSED] - sheetName = "Sheet1": null

31-03-2025T12:18:46 - [TEST_STEP][PASSED] - data = findTestData("PlanFact"): null

31-03-2025T12:18:46 - [TEST_STEP][PASSED] - n = data.getRowNumbers() + 1: null

31-03-2025T12:18:46 - [TEST_STEP][PASSED] - day = ")).toInteger(): null

31-03-2025T12:18:46 - [TEST_STEP][PASSED] - println(day): null

31-03-2025T12:18:46 - [TEST_STEP][PASSED] - month = ")).toInteger(): null

31-03-2025T12:18:46 - [TEST_STEP][PASSED] - println(month): null

31-03-2025T12:18:46 - [TEST_STEP][PASSED] - y = <not implemented yet for class: org.codehaus.groovy.ast.expr.EmptyExpression>: null

31-03-2025T12:18:46 - [TEST_STEP][PASSED] - iy = <not implemented yet for class: org.codehaus.groovy.ast.expr.EmptyExpression>: null

31-03-2025T12:18:46 - [TEST_STEP][PASSED] - m = getText(findTestObject("Выполнение бизнес-плана/Период")): Text of object 'Object Repository/Выполнение бизнес-плана/Период' is: 'Январь 2025 года'

31-03-2025T12:18:46 - [MESSAGE][PASSED] - Text of object 'Object Repository/Выполнение бизнес-плана/Период' is: 'Январь 2025 года'

31-03-2025T12:18:46 - [TEST_STEP][PASSED] - iy = m.indexOf("20"): null

31-03-2025T12:18:46 - [TEST_STEP][PASSED] - if (iy > -1): null

31-03-2025T12:18:46 - [TEST_STEP][PASSED] - y = substring(iy, iy + 4).toInteger(): null

31-03-2025T12:18:46 - [TEST_STEP][PASSED] - println(y): null

31-03-2025T12:18:46 - [TEST_STEP][PASSED] - if (toString().length() == 4): null

31-03-2025T12:18:46 - [TEST_STEP][PASSED] - m = m.substring(0, m.indexOf(y.toString())): null

31-03-2025T12:18:46 - [TEST_STEP][PASSED] - m = m.trim(): null

31-03-2025T12:18:46 - [TEST_STEP][PASSED] - if (m == ""): null

31-03-2025T12:18:46 - [TEST_STEP][PASSED] - dashboardName = "Выполнение бизнес-плана": null

31-03-2025T12:18:46 - [TEST_STEP][PASSED] - workbook01 = getWorkbook(excelFilePath): null

31-03-2025T12:18:46 - [TEST_STEP][PASSED] - sheet01 = getExcelSheet(workbook01, sheetName): null

31-03-2025T12:18:46 - [TEST_STEP][PASSED] - setValueToCellByIndex(sheet01, n, 0, dashboardName): null

31-03-2025T12:18:46 - [TEST_STEP][PASSED] - setValueToCellByIndex(sheet01, n, 1, dZO): null

31-03-2025T12:18:46 - [TEST_STEP][PASSED] - setValueToCellByIndex(sheet01, n, 2, typeOfData): null

31-03-2025T12:18:46 - [TEST_STEP][PASSED] - if (typeOfData == "Факт в процентах" || typeOfData == "План в процентах"): null

31-03-2025T12:18:46 - [TEST_STEP][PASSED] - setValueToCellByIndex(sheet01, n, 3, fileDouble): null

31-03-2025T12:18:46 - [TEST_STEP][PASSED] - setValueToCellByIndex(sheet01, n, 4, pageDouble): null

31-03-2025T12:18:46 - [TEST_STEP][PASSED] - setValueToCellByIndex(sheet01, n, 5, m): null

31-03-2025T12:18:46 - [TEST_STEP][PASSED] - setValueToCellByIndex(sheet01, n, 6, y): null

31-03-2025T12:18:46 - [TEST_STEP][PASSED] - setValueToCellByIndex(sheet01, n, 7, todaysDate): null

31-03-2025T12:18:46 - [TEST_STEP][PASSED] - n = n + 1: null

31-03-2025T12:18:46 - [TEST_STEP][PASSED] - saveWorkbook(excelFilePath, workbook01): null

31-03-2025T12:18:46 - [TEST_STEP][FAILED] - if (verifyEqual(numberOfErrors, 0) == false): null

31-03-2025T12:18:46 - [MESSAGE][FAILED] - Unable to verify equal between actual object '2' and expected object '0' (Root cause: com.kms.katalon.core.exception.StepFailedException: Actual object '2' and expected object '0' are not equal
	at com.kms.katalon.core.keyword.builtin.VerifyEqualKeyword$_verifyEqual_closure1.doCall(VerifyEqualKeyword.groovy:58)
	at com.kms.katalon.core.keyword.builtin.VerifyEqualKeyword$_verifyEqual_closure1.call(VerifyEqualKeyword.groovy)
	at com.kms.katalon.core.keyword.internal.KeywordMain.runKeyword(KeywordMain.groovy:75)
	at com.kms.katalon.core.keyword.builtin.VerifyEqualKeyword.verifyEqual(VerifyEqualKeyword.groovy:63)
	at com.kms.katalon.core.keyword.builtin.VerifyEqualKeyword.execute(VerifyEqualKeyword.groovy:44)
	at com.kms.katalon.core.keyword.internal.KeywordExecutor.executeKeywordForPlatform(KeywordExecutor.groovy:74)
	at com.kms.katalon.core.keyword.BuiltinKeywords.verifyEqual(BuiltinKeywords.groovy:146)
	at jdk.internal.reflect.GeneratedMethodAccessor28.invoke(Unknown Source)
	at java.base/jdk.internal.reflect.DelegatingMethodAccessorImpl.invoke(DelegatingMethodAccessorImpl.java:43)
	at Выполнение бизнес-плана Сверка ПАО Россети все филиалы.Numbers(Выполнение бизнес-плана Сверка ПАО Россети все филиалы:744)
	at Выполнение бизнес-плана Сверка ПАО Россети все филиалы.Filials(Выполнение бизнес-плана Сверка ПАО Россети все филиалы:1055)
	at Выполнение бизнес-плана Сверка ПАО Россети все филиалы.Numbers(Выполнение бизнес-плана Сверка ПАО Россети все филиалы:751)
	at Выполнение бизнес-плана Сверка ПАО Россети все филиалы.run(Выполнение бизнес-плана Сверка ПАО Россети все филиалы:273)
	at com.kms.katalon.core.main.ScriptEngine.run(ScriptEngine.java:194)
	at com.kms.katalon.core.main.ScriptEngine.runScriptAsRawText(ScriptEngine.java:119)
	at com.kms.katalon.core.main.TestCaseExecutor.runScript(TestCaseExecutor.java:448)
	at com.kms.katalon.core.main.TestCaseExecutor.doExecute(TestCaseExecutor.java:439)
	at com.kms.katalon.core.main.TestCaseExecutor.processExecutionPhase(TestCaseExecutor.java:418)
	at com.kms.katalon.core.main.TestCaseExecutor.accessMainPhase(TestCaseExecutor.java:410)
	at com.kms.katalon.core.main.TestCaseExecutor.execute(TestCaseExecutor.java:285)
	at com.kms.katalon.core.common.CommonExecutor.accessTestCaseMainPhase(CommonExecutor.java:65)
	at com.kms.katalon.core.main.TestSuiteExecutor.accessTestSuiteMainPhase(TestSuiteExecutor.java:150)
	at com.kms.katalon.core.main.TestSuiteExecutor.execute(TestSuiteExecutor.java:106)
	at com.kms.katalon.core.main.TestCaseMain.startTestSuite(TestCaseMain.java:180)
	at TempTestSuite1743404878601.run(TempTestSuite1743404878601.groovy:35)
	at java.base/jdk.internal.reflect.NativeMethodAccessorImpl.invoke0(Native Method)
	at java.base/jdk.internal.reflect.NativeMethodAccessorImpl.invoke(NativeMethodAccessorImpl.java:77)
	at java.base/jdk.internal.reflect.DelegatingMethodAccessorImpl.invoke(DelegatingMethodAccessorImpl.java:43)
)

31-03-2025T12:18:46 - [TEST_STEP][PASSED] - println(numberOfErrors): null

31-03-2025T12:18:46 - [TEST_STEP][PASSED] - println("a=" + a): null

31-03-2025T12:18:46 - [TEST_STEP][PASSED] - if (a == 28 || a == 77 || a == 74 || a == 65 || a == 36 || a == 44 || a == 54 || a == 1 || a == 18 || a == 59): null

31-03-2025T12:18:46 - [TEST_STEP][PASSED] - if (a == 82): null

31-03-2025T12:18:46 - [TEST_STEP][PASSED] - dZO = "Московская область": null

31-03-2025T12:18:46 - [TEST_STEP][PASSED] - a = 76: null

31-03-2025T12:18:46 - [TEST_STEP][PASSED] - dzoCut = dZO.substring(0, 10): null

31-03-2025T12:18:46 - [TEST_STEP][PASSED] - if (x2.contains(dzoCut)): null

31-03-2025T12:18:46 - [TEST_STEP][PASSED] - filialNum = filialNum + 1: null

31-03-2025T12:18:46 - [TEST_STEP][PASSED] - Script1718980020443.Numbers(a, typeOfData, todaysDate, pageInt, fileInt, pageDouble, fileDouble, dZO, dzoNum, filialNum): null

31-03-2025T12:18:46 - [TEST_STEP][PASSED] - println(dzoNum): null

31-03-2025T12:18:46 - [TEST_STEP][PASSED] - planFact = <not implemented yet for class: org.codehaus.groovy.ast.expr.EmptyExpression>: null

31-03-2025T12:18:46 - [TEST_STEP][PASSED] - page = <not implemented yet for class: org.codehaus.groovy.ast.expr.EmptyExpression>: null

31-03-2025T12:18:46 - [TEST_STEP][PASSED] - page1 = <not implemented yet for class: org.codehaus.groovy.ast.expr.EmptyExpression>: null

31-03-2025T12:18:46 - [TEST_STEP][PASSED] - page2 = <not implemented yet for class: org.codehaus.groovy.ast.expr.EmptyExpression>: null

31-03-2025T12:18:46 - [TEST_STEP][PASSED] - filialNumberInRow = <not implemented yet for class: org.codehaus.groovy.ast.expr.EmptyExpression>: null

31-03-2025T12:18:46 - [TEST_STEP][PASSED] - filialsDzoNames = <not implemented yet for class: org.codehaus.groovy.ast.expr.EmptyExpression>: null

31-03-2025T12:18:46 - [TEST_STEP][PASSED] - numberOfFilials = <not implemented yet for class: org.codehaus.groovy.ast.expr.EmptyExpression>: null

31-03-2025T12:18:46 - [TEST_STEP][PASSED] - numberOfSpaces = <not implemented yet for class: org.codehaus.groovy.ast.expr.EmptyExpression>: null

31-03-2025T12:18:46 - [TEST_STEP][PASSED] - file = <not implemented yet for class: org.codehaus.groovy.ast.expr.EmptyExpression>: null

31-03-2025T12:18:46 - [TEST_STEP][PASSED] - otpusk = <not implemented yet for class: org.codehaus.groovy.ast.expr.EmptyExpression>: null

31-03-2025T12:18:46 - [TEST_STEP][PASSED] - poteri = <not implemented yet for class: org.codehaus.groovy.ast.expr.EmptyExpression>: null

31-03-2025T12:18:46 - [TEST_STEP][PASSED] - dataFolder = "Выполнение бизнес-плана/Значения со страницы Выполнение бизнес-плана/": null

31-03-2025T12:18:46 - [TEST_STEP][PASSED] - path = <not implemented yet for class: org.codehaus.groovy.ast.expr.EmptyExpression>: null

31-03-2025T12:18:46 - [TEST_STEP][PASSED] - typeOfDataMain = <not implemented yet for class: org.codehaus.groovy.ast.expr.EmptyExpression>: null

31-03-2025T12:18:46 - [TEST_STEP][PASSED] - fileOtpuskVSet = <not implemented yet for class: org.codehaus.groovy.ast.expr.EmptyExpression>: null

31-03-2025T12:18:46 - [TEST_STEP][PASSED] - pageOtpuskVSet = <not implemented yet for class: org.codehaus.groovy.ast.expr.EmptyExpression>: null

31-03-2025T12:18:46 - [TEST_STEP][PASSED] - filePoteri = <not implemented yet for class: org.codehaus.groovy.ast.expr.EmptyExpression>: null

31-03-2025T12:18:46 - [TEST_STEP][PASSED] - pagePoteri = <not implemented yet for class: org.codehaus.groovy.ast.expr.EmptyExpression>: null

31-03-2025T12:18:46 - [TEST_STEP][PASSED] - compare = <not implemented yet for class: org.codehaus.groovy.ast.expr.EmptyExpression>: null

31-03-2025T12:18:46 - [TEST_STEP][PASSED] - b = <not implemented yet for class: org.codehaus.groovy.ast.expr.EmptyExpression>: null

31-03-2025T12:18:46 - [TEST_STEP][PASSED] - i = <not implemented yet for class: org.codehaus.groovy.ast.expr.EmptyExpression>: null

31-03-2025T12:18:46 - [TEST_STEP][PASSED] - ii = <not implemented yet for class: org.codehaus.groovy.ast.expr.EmptyExpression>: null

31-03-2025T12:18:46 - [TEST_STEP][PASSED] - c = <not implemented yet for class: org.codehaus.groovy.ast.expr.EmptyExpression>: null

31-03-2025T12:18:46 - [TEST_STEP][PASSED] - numberOfErrors = 0: null

31-03-2025T12:18:46 - [TEST_STEP][PASSED] - if (a == 82): null

31-03-2025T12:18:46 - [TEST_STEP][PASSED] - b = findTestData("PlanFact").getValue(1, a): null

31-03-2025T12:18:46 - [TEST_STEP][PASSED] - i = b.indexOf(" (ГК)"): null

31-03-2025T12:18:46 - [TEST_STEP][PASSED] - if (i > -1): null

31-03-2025T12:18:46 - [TEST_STEP][PASSED] - i = b.indexOf("О ""): null

31-03-2025T12:18:46 - [TEST_STEP][PASSED] - if (i > -1): null

31-03-2025T12:18:46 - [TEST_STEP][PASSED] - i = b.indexOf("О «"): null

31-03-2025T12:18:46 - [TEST_STEP][PASSED] - if (i > -1): null

31-03-2025T12:18:46 - [TEST_STEP][PASSED] - i = b.indexOf("г. "): null

31-03-2025T12:18:46 - [TEST_STEP][PASSED] - if (i > -1): null

31-03-2025T12:18:46 - [TEST_STEP][PASSED] - b = b.trim(): null

31-03-2025T12:18:46 - [TEST_STEP][PASSED] - println(b): null

31-03-2025T12:18:46 - [TEST_STEP][PASSED] - for ([planFact = 1, planFact < 3, (planFact++)]): Object: 'Object Repository/Выполнение бизнес-плана/Кнопка Факт' is clicked on

31-03-2025T12:18:46 - [TEST_STEP][PASSED] - if (planFact == 1): null

31-03-2025T12:18:46 - [TEST_STEP][PASSED] - typeOfDataMain = "Факт": null

31-03-2025T12:18:46 - [TEST_STEP][PASSED] - otpusk = findTestData("PlanFact").getValue(5, a): null

31-03-2025T12:18:46 - [TEST_STEP][PASSED] - poteri = findTestData("PlanFact").getValue(6, a): null

31-03-2025T12:18:46 - [TEST_STEP][PASSED] - otpusk = otpusk.replaceAll("\s+", ""): null

31-03-2025T12:18:46 - [TEST_STEP][PASSED] - poteri = poteri.replaceAll("\s+", ""): null

31-03-2025T12:18:46 - [TEST_STEP][PASSED] - typeOfData = typeOfDataMain + " Отпуск в сеть": null

31-03-2025T12:18:46 - [TEST_STEP][PASSED] - if (a == 82): null

31-03-2025T12:18:46 - [TEST_STEP][PASSED] - else if (a == 84): null

31-03-2025T12:18:46 - [TEST_STEP][PASSED] - else if (a == 83 || a == 52 || a == 72 || a == 28 || a == 73 || a == 77 || a == 74 || a == 65 || a == 36 || a == 44 || a == 53 || a == 80 || a == 54 || a == 1 || a == 18 || a == 59 || a == 81): null

31-03-2025T12:18:46 - [TEST_STEP][PASSED] - else: null

31-03-2025T12:18:46 - [TEST_STEP][PASSED] - path = dataFolder + typeOfData + " за отчётный период " + b: null

31-03-2025T12:18:46 - [TEST_STEP][PASSED] - println(path): null

31-03-2025T12:18:46 - [TEST_STEP][PASSED] - page = getText(findTestObject(path)): Text of object 'Object Repository/Выполнение бизнес-плана/Значения со страницы Выполнение бизнес-плана/Факт Отпуск в сеть за отчётный период Московская область' is: '5 204 557'

31-03-2025T12:18:47 - [MESSAGE][PASSED] - Text of object 'Object Repository/Выполнение бизнес-плана/Значения со страницы Выполнение бизнес-плана/Факт Отпуск в сеть за отчётный период Московская область' is: '5 204 557'

31-03-2025T12:18:47 - [TEST_STEP][PASSED] - if (page == "" || page == null): null

31-03-2025T12:18:47 - [TEST_STEP][PASSED] - else: null

31-03-2025T12:18:47 - [TEST_STEP][PASSED] - page = page.replaceAll("\s+", ""): null

31-03-2025T12:18:47 - [TEST_STEP][PASSED] - if (page == "undefined"): null

31-03-2025T12:18:47 - [TEST_STEP][PASSED] - fileOtpuskVSet = otpusk.toInteger(): null

31-03-2025T12:18:47 - [TEST_STEP][PASSED] - pageOtpuskVSet = page.toInteger(): null

31-03-2025T12:18:47 - [TEST_STEP][PASSED] - typeOfData = typeOfDataMain + " Потери": null

31-03-2025T12:18:47 - [TEST_STEP][PASSED] - if (a == 82): null

31-03-2025T12:18:47 - [TEST_STEP][PASSED] - else if (a == 84): null

31-03-2025T12:18:47 - [TEST_STEP][PASSED] - else if (a == 83 || a == 52 || a == 72 || a == 28 || a == 73 || a == 77 || a == 74 || a == 65 || a == 44 || a == 53 || a == 80 || a == 54 || a == 1 || a == 18 || a == 59 || a == 81): null

31-03-2025T12:18:47 - [TEST_STEP][PASSED] - else: null

31-03-2025T12:18:47 - [TEST_STEP][PASSED] - path = dataFolder + typeOfData + " за отчётный период " + b: null

31-03-2025T12:18:47 - [TEST_STEP][PASSED] - page = getText(findTestObject(path)): Text of object 'Object Repository/Выполнение бизнес-плана/Значения со страницы Выполнение бизнес-плана/Факт Потери за отчётный период Московская область' is: '699 689'

31-03-2025T12:18:47 - [MESSAGE][PASSED] - Text of object 'Object Repository/Выполнение бизнес-плана/Значения со страницы Выполнение бизнес-плана/Факт Потери за отчётный период Московская область' is: '699 689'

31-03-2025T12:18:47 - [TEST_STEP][PASSED] - if (page == "" || page == null): null

31-03-2025T12:18:47 - [TEST_STEP][PASSED] - else: null

31-03-2025T12:18:47 - [TEST_STEP][PASSED] - page = page.replaceAll("\s+", ""): null

31-03-2025T12:18:47 - [TEST_STEP][PASSED] - if (page == "undefined"): null

31-03-2025T12:18:47 - [TEST_STEP][PASSED] - filePoteri = poteri.toInteger(): null

31-03-2025T12:18:47 - [TEST_STEP][PASSED] - pagePoteri = page.toInteger(): null

31-03-2025T12:18:47 - [TEST_STEP][PASSED] - compare = pageOtpuskVSet: null

31-03-2025T12:18:47 - [TEST_STEP][PASSED] - if (pageOtpuskVSet != null): null

31-03-2025T12:18:47 - [TEST_STEP][PASSED] - if (compare == fileOtpuskVSet): null

31-03-2025T12:18:47 - [TEST_STEP][PASSED] - if (compare == fileOtpuskVSet): null

31-03-2025T12:18:47 - [TEST_STEP][PASSED] - compare = pagePoteri: null

31-03-2025T12:18:47 - [TEST_STEP][PASSED] - if (pageOtpuskVSet != null): null

31-03-2025T12:18:47 - [TEST_STEP][PASSED] - if (compare == filePoteri): null

31-03-2025T12:18:47 - [TEST_STEP][PASSED] - if (compare == filePoteri): null

31-03-2025T12:18:47 - [TEST_STEP][PASSED] - if (planFact == 2): null

31-03-2025T12:18:47 - [TEST_STEP][PASSED] - if (planFact == 1): null

31-03-2025T12:18:47 - [TEST_STEP][PASSED] - else if (planFact == 2): null

31-03-2025T12:18:47 - [TEST_STEP][PASSED] - click(findTestObject("Выполнение бизнес-плана/Кнопка План")): Object: 'Object Repository/Выполнение бизнес-плана/Кнопка План' is clicked on

31-03-2025T12:18:47 - [MESSAGE][PASSED] - Object: 'Object Repository/Выполнение бизнес-плана/Кнопка План' is clicked on

31-03-2025T12:18:47 - [TEST_STEP][PASSED] - typeOfDataMain = "План": null

31-03-2025T12:18:47 - [TEST_STEP][PASSED] - otpusk = findTestData("PlanFact").getValue(2, a): null

31-03-2025T12:18:47 - [TEST_STEP][PASSED] - poteri = findTestData("PlanFact").getValue(3, a): null

31-03-2025T12:18:48 - [TEST_STEP][PASSED] - otpusk = otpusk.replaceAll("\s+", ""): null

31-03-2025T12:18:48 - [TEST_STEP][PASSED] - poteri = poteri.replaceAll("\s+", ""): null

31-03-2025T12:18:48 - [TEST_STEP][PASSED] - typeOfData = typeOfDataMain + " Отпуск в сеть": null

31-03-2025T12:18:48 - [TEST_STEP][PASSED] - if (a == 82): null

31-03-2025T12:18:48 - [TEST_STEP][PASSED] - else if (a == 84): null

31-03-2025T12:18:48 - [TEST_STEP][PASSED] - else if (a == 83 || a == 52 || a == 72 || a == 28 || a == 73 || a == 77 || a == 74 || a == 65 || a == 36 || a == 44 || a == 53 || a == 80 || a == 54 || a == 1 || a == 18 || a == 59 || a == 81): null

31-03-2025T12:18:48 - [TEST_STEP][PASSED] - else: null

31-03-2025T12:18:48 - [TEST_STEP][PASSED] - path = dataFolder + typeOfData + " за отчётный период " + b: null

31-03-2025T12:18:48 - [TEST_STEP][PASSED] - println(path): null

31-03-2025T12:18:48 - [TEST_STEP][PASSED] - page = getText(findTestObject(path)): Text of object 'Object Repository/Выполнение бизнес-плана/Значения со страницы Выполнение бизнес-плана/План Отпуск в сеть за отчётный период Московская область' is: '5 663 851'

31-03-2025T12:18:48 - [MESSAGE][PASSED] - Text of object 'Object Repository/Выполнение бизнес-плана/Значения со страницы Выполнение бизнес-плана/План Отпуск в сеть за отчётный период Московская область' is: '5 663 851'

31-03-2025T12:18:48 - [TEST_STEP][PASSED] - if (page == "" || page == null): null

31-03-2025T12:18:48 - [TEST_STEP][PASSED] - else: null

31-03-2025T12:18:48 - [TEST_STEP][PASSED] - page = page.replaceAll("\s+", ""): null

31-03-2025T12:18:48 - [TEST_STEP][PASSED] - if (page == "undefined"): null

31-03-2025T12:18:48 - [TEST_STEP][PASSED] - fileOtpuskVSet = otpusk.toInteger(): null

31-03-2025T12:18:48 - [TEST_STEP][PASSED] - pageOtpuskVSet = page.toInteger(): null

31-03-2025T12:18:48 - [TEST_STEP][PASSED] - typeOfData = typeOfDataMain + " Потери": null

31-03-2025T12:18:48 - [TEST_STEP][PASSED] - if (a == 82): null

31-03-2025T12:18:48 - [TEST_STEP][PASSED] - else if (a == 84): null

31-03-2025T12:18:48 - [TEST_STEP][PASSED] - else if (a == 83 || a == 52 || a == 72 || a == 28 || a == 73 || a == 77 || a == 74 || a == 65 || a == 44 || a == 53 || a == 80 || a == 54 || a == 1 || a == 18 || a == 59 || a == 81): null

31-03-2025T12:18:48 - [TEST_STEP][PASSED] - else: null

31-03-2025T12:18:48 - [TEST_STEP][PASSED] - path = dataFolder + typeOfData + " за отчётный период " + b: null

31-03-2025T12:18:48 - [TEST_STEP][PASSED] - page = getText(findTestObject(path)): Text of object 'Object Repository/Выполнение бизнес-плана/Значения со страницы Выполнение бизнес-плана/План Потери за отчётный период Московская область' is: '749 894'

31-03-2025T12:18:48 - [MESSAGE][PASSED] - Text of object 'Object Repository/Выполнение бизнес-плана/Значения со страницы Выполнение бизнес-плана/План Потери за отчётный период Московская область' is: '749 894'

31-03-2025T12:18:48 - [TEST_STEP][PASSED] - if (page == "" || page == null): null

31-03-2025T12:18:48 - [TEST_STEP][PASSED] - else: null

31-03-2025T12:18:48 - [TEST_STEP][PASSED] - page = page.replaceAll("\s+", ""): null

31-03-2025T12:18:48 - [TEST_STEP][PASSED] - if (page == "undefined"): null

31-03-2025T12:18:48 - [TEST_STEP][PASSED] - filePoteri = poteri.toInteger(): null

31-03-2025T12:18:48 - [TEST_STEP][PASSED] - pagePoteri = page.toInteger(): null

31-03-2025T12:18:48 - [TEST_STEP][PASSED] - compare = pageOtpuskVSet: null

31-03-2025T12:18:48 - [TEST_STEP][PASSED] - if (pageOtpuskVSet != null): null

31-03-2025T12:18:48 - [TEST_STEP][PASSED] - if (compare == fileOtpuskVSet): null

31-03-2025T12:18:48 - [TEST_STEP][PASSED] - if (compare == fileOtpuskVSet): null

31-03-2025T12:18:48 - [TEST_STEP][PASSED] - compare = pagePoteri: null

31-03-2025T12:18:48 - [TEST_STEP][PASSED] - if (pageOtpuskVSet != null): null

31-03-2025T12:18:48 - [TEST_STEP][PASSED] - if (compare == filePoteri): null

31-03-2025T12:18:48 - [TEST_STEP][PASSED] - if (compare == filePoteri): null

31-03-2025T12:18:48 - [TEST_STEP][PASSED] - if (planFact == 2): Object: 'Object Repository/Выполнение бизнес-плана/Кнопка Факт' is clicked on

31-03-2025T12:18:48 - [TEST_STEP][PASSED] - click(findTestObject("Выполнение бизнес-плана/Кнопка Факт")): Object: 'Object Repository/Выполнение бизнес-плана/Кнопка Факт' is clicked on

31-03-2025T12:18:49 - [MESSAGE][PASSED] - Object: 'Object Repository/Выполнение бизнес-плана/Кнопка Факт' is clicked on

31-03-2025T12:18:49 - [TEST_STEP][PASSED] - println("a=" + a): null

31-03-2025T12:18:49 - [TEST_STEP][PASSED] - if (a == 84 || a == 82): null

31-03-2025T12:18:49 - [TEST_STEP][PASSED] - else if (a == 83 || a == 52 || a == 72 || a == 28 || a == 73 || a == 77 || a == 74 || a == 65 || a == 36 || a == 44 || a == 53 || a == 80 || a == 54 || a == 1 || a == 18 || a == 59 || a == 81): null

31-03-2025T12:18:49 - [TEST_STEP][PASSED] - else: null

31-03-2025T12:18:49 - [TEST_STEP][PASSED] - page1 = getText(findTestObject("Object Repository/Выполнение бизнес-плана/spanPlan" + filialNum)): Text of object 'Object Repository/Выполнение бизнес-плана/spanPlan2' is: '5.51
|'

31-03-2025T12:18:49 - [MESSAGE][PASSED] - Text of object 'Object Repository/Выполнение бизнес-плана/spanPlan2' is: '5.51
|'

31-03-2025T12:18:49 - [TEST_STEP][PASSED] - page1 = page1.replace("|", ""): null

31-03-2025T12:18:49 - [TEST_STEP][PASSED] - page2 = getText(findTestObject("Object Repository/Выполнение бизнес-плана/spanFact" + filialNum)): Text of object 'Object Repository/Выполнение бизнес-плана/spanFact2' is: '4.62
|'

31-03-2025T12:18:49 - [MESSAGE][PASSED] - Text of object 'Object Repository/Выполнение бизнес-плана/spanFact2' is: '4.62
|'

31-03-2025T12:18:49 - [TEST_STEP][PASSED] - page2 = page2.replace("|", ""): null

31-03-2025T12:18:49 - [TEST_STEP][PASSED] - println("page1: " + page1): null

31-03-2025T12:18:49 - [TEST_STEP][PASSED] - println("page2: " + page2): null

31-03-2025T12:18:49 - [TEST_STEP][PASSED] - file = findTestData("PlanFact").getValue(4, a): null

31-03-2025T12:18:49 - [TEST_STEP][PASSED] - file = file.replace(",", "."): null

31-03-2025T12:18:49 - [TEST_STEP][PASSED] - println("file Plan: " + file): null

31-03-2025T12:18:49 - [TEST_STEP][PASSED] - typeOfData = "План в процентах": null

31-03-2025T12:18:49 - [TEST_STEP][PASSED] - fileDouble = file.toDouble(): null

31-03-2025T12:18:49 - [TEST_STEP][PASSED] - pageDouble = page1.toDouble(): null

31-03-2025T12:18:49 - [TEST_STEP][PASSED] - if (fileDouble != pageDouble): null

31-03-2025T12:18:49 - [TEST_STEP][PASSED] - numberOfErrors = numberOfErrors + 1: null

31-03-2025T12:18:49 - [TEST_STEP][PASSED] - Script1718980020443.WriteToExcel(a, typeOfData, todaysDate, pageInt, fileInt, pageDouble, fileDouble, dZO): null

31-03-2025T12:18:49 - [TEST_STEP][PASSED] - sheetName = "Sheet1": null

31-03-2025T12:18:49 - [TEST_STEP][PASSED] - data = findTestData("PlanFact"): null

31-03-2025T12:18:49 - [TEST_STEP][PASSED] - n = data.getRowNumbers() + 1: null

31-03-2025T12:18:49 - [TEST_STEP][PASSED] - day = ")).toInteger(): null

31-03-2025T12:18:49 - [TEST_STEP][PASSED] - println(day): null

31-03-2025T12:18:49 - [TEST_STEP][PASSED] - month = ")).toInteger(): null

31-03-2025T12:18:49 - [TEST_STEP][PASSED] - println(month): null

31-03-2025T12:18:49 - [TEST_STEP][PASSED] - y = <not implemented yet for class: org.codehaus.groovy.ast.expr.EmptyExpression>: null

31-03-2025T12:18:49 - [TEST_STEP][PASSED] - iy = <not implemented yet for class: org.codehaus.groovy.ast.expr.EmptyExpression>: null

31-03-2025T12:18:49 - [TEST_STEP][PASSED] - m = getText(findTestObject("Выполнение бизнес-плана/Период")): Text of object 'Object Repository/Выполнение бизнес-плана/Период' is: 'Январь 2025 года'

31-03-2025T12:18:50 - [MESSAGE][PASSED] - Text of object 'Object Repository/Выполнение бизнес-плана/Период' is: 'Январь 2025 года'

31-03-2025T12:18:50 - [TEST_STEP][PASSED] - iy = m.indexOf("20"): null

31-03-2025T12:18:50 - [TEST_STEP][PASSED] - if (iy > -1): null

31-03-2025T12:18:50 - [TEST_STEP][PASSED] - y = substring(iy, iy + 4).toInteger(): null

31-03-2025T12:18:50 - [TEST_STEP][PASSED] - println(y): null

31-03-2025T12:18:50 - [TEST_STEP][PASSED] - if (toString().length() == 4): null

31-03-2025T12:18:50 - [TEST_STEP][PASSED] - m = m.substring(0, m.indexOf(y.toString())): null

31-03-2025T12:18:50 - [TEST_STEP][PASSED] - m = m.trim(): null

31-03-2025T12:18:50 - [TEST_STEP][PASSED] - if (m == ""): null

31-03-2025T12:18:50 - [TEST_STEP][PASSED] - dashboardName = "Выполнение бизнес-плана": null

31-03-2025T12:18:50 - [TEST_STEP][PASSED] - workbook01 = getWorkbook(excelFilePath): null

31-03-2025T12:18:50 - [TEST_STEP][PASSED] - sheet01 = getExcelSheet(workbook01, sheetName): null

31-03-2025T12:18:50 - [TEST_STEP][PASSED] - setValueToCellByIndex(sheet01, n, 0, dashboardName): null

31-03-2025T12:18:50 - [TEST_STEP][PASSED] - setValueToCellByIndex(sheet01, n, 1, dZO): null

31-03-2025T12:18:50 - [TEST_STEP][PASSED] - setValueToCellByIndex(sheet01, n, 2, typeOfData): null

31-03-2025T12:18:50 - [TEST_STEP][PASSED] - if (typeOfData == "Факт в процентах" || typeOfData == "План в процентах"): null

31-03-2025T12:18:50 - [TEST_STEP][PASSED] - setValueToCellByIndex(sheet01, n, 3, fileDouble): null

31-03-2025T12:18:50 - [TEST_STEP][PASSED] - setValueToCellByIndex(sheet01, n, 4, pageDouble): null

31-03-2025T12:18:50 - [TEST_STEP][PASSED] - setValueToCellByIndex(sheet01, n, 5, m): null

31-03-2025T12:18:50 - [TEST_STEP][PASSED] - setValueToCellByIndex(sheet01, n, 6, y): null

31-03-2025T12:18:50 - [TEST_STEP][PASSED] - setValueToCellByIndex(sheet01, n, 7, todaysDate): null

31-03-2025T12:18:50 - [TEST_STEP][PASSED] - n = n + 1: null

31-03-2025T12:18:50 - [TEST_STEP][PASSED] - saveWorkbook(excelFilePath, workbook01): null

31-03-2025T12:18:50 - [TEST_STEP][PASSED] - file = findTestData("PlanFact").getValue(7, a): null

31-03-2025T12:18:50 - [TEST_STEP][PASSED] - file = file.replace(",", "."): null

31-03-2025T12:18:50 - [TEST_STEP][PASSED] - println("file Fact: " + file): null

31-03-2025T12:18:50 - [TEST_STEP][PASSED] - fileDouble = file.toDouble(): null

31-03-2025T12:18:50 - [TEST_STEP][PASSED] - typeOfData = "Факт в процентах": null

31-03-2025T12:18:50 - [TEST_STEP][PASSED] - fileDouble = file.toDouble(): null

31-03-2025T12:18:50 - [TEST_STEP][PASSED] - pageDouble = page2.toDouble(): null

31-03-2025T12:18:50 - [TEST_STEP][PASSED] - if (fileDouble != pageDouble): null

31-03-2025T12:18:50 - [TEST_STEP][PASSED] - numberOfErrors = numberOfErrors + 1: null

31-03-2025T12:18:50 - [TEST_STEP][PASSED] - Script1718980020443.WriteToExcel(a, typeOfData, todaysDate, pageInt, fileInt, pageDouble, fileDouble, dZO): null

31-03-2025T12:18:50 - [TEST_STEP][PASSED] - sheetName = "Sheet1": null

31-03-2025T12:18:50 - [TEST_STEP][PASSED] - data = findTestData("PlanFact"): null

31-03-2025T12:18:50 - [TEST_STEP][PASSED] - n = data.getRowNumbers() + 1: null

31-03-2025T12:18:50 - [TEST_STEP][PASSED] - day = ")).toInteger(): null

31-03-2025T12:18:50 - [TEST_STEP][PASSED] - println(day): null

31-03-2025T12:18:50 - [TEST_STEP][PASSED] - month = ")).toInteger(): null

31-03-2025T12:18:50 - [TEST_STEP][PASSED] - println(month): null

31-03-2025T12:18:50 - [TEST_STEP][PASSED] - y = <not implemented yet for class: org.codehaus.groovy.ast.expr.EmptyExpression>: null

31-03-2025T12:18:50 - [TEST_STEP][PASSED] - iy = <not implemented yet for class: org.codehaus.groovy.ast.expr.EmptyExpression>: null

31-03-2025T12:18:50 - [TEST_STEP][PASSED] - m = getText(findTestObject("Выполнение бизнес-плана/Период")): Text of object 'Object Repository/Выполнение бизнес-плана/Период' is: 'Январь 2025 года'

31-03-2025T12:18:50 - [MESSAGE][PASSED] - Text of object 'Object Repository/Выполнение бизнес-плана/Период' is: 'Январь 2025 года'

31-03-2025T12:18:50 - [TEST_STEP][PASSED] - iy = m.indexOf("20"): null

31-03-2025T12:18:50 - [TEST_STEP][PASSED] - if (iy > -1): null

31-03-2025T12:18:50 - [TEST_STEP][PASSED] - y = substring(iy, iy + 4).toInteger(): null

31-03-2025T12:18:50 - [TEST_STEP][PASSED] - println(y): null

31-03-2025T12:18:50 - [TEST_STEP][PASSED] - if (toString().length() == 4): null

31-03-2025T12:18:50 - [TEST_STEP][PASSED] - m = m.substring(0, m.indexOf(y.toString())): null

31-03-2025T12:18:50 - [TEST_STEP][PASSED] - m = m.trim(): null

31-03-2025T12:18:50 - [TEST_STEP][PASSED] - if (m == ""): null

31-03-2025T12:18:50 - [TEST_STEP][PASSED] - dashboardName = "Выполнение бизнес-плана": null

31-03-2025T12:18:50 - [TEST_STEP][PASSED] - workbook01 = getWorkbook(excelFilePath): null

31-03-2025T12:18:50 - [TEST_STEP][PASSED] - sheet01 = getExcelSheet(workbook01, sheetName): null

31-03-2025T12:18:50 - [TEST_STEP][PASSED] - setValueToCellByIndex(sheet01, n, 0, dashboardName): null

31-03-2025T12:18:50 - [TEST_STEP][PASSED] - setValueToCellByIndex(sheet01, n, 1, dZO): null

31-03-2025T12:18:50 - [TEST_STEP][PASSED] - setValueToCellByIndex(sheet01, n, 2, typeOfData): null

31-03-2025T12:18:50 - [TEST_STEP][PASSED] - if (typeOfData == "Факт в процентах" || typeOfData == "План в процентах"): null

31-03-2025T12:18:50 - [TEST_STEP][PASSED] - setValueToCellByIndex(sheet01, n, 3, fileDouble): null

31-03-2025T12:18:50 - [TEST_STEP][PASSED] - setValueToCellByIndex(sheet01, n, 4, pageDouble): null

31-03-2025T12:18:50 - [TEST_STEP][PASSED] - setValueToCellByIndex(sheet01, n, 5, m): null

31-03-2025T12:18:50 - [TEST_STEP][PASSED] - setValueToCellByIndex(sheet01, n, 6, y): null

31-03-2025T12:18:50 - [TEST_STEP][PASSED] - setValueToCellByIndex(sheet01, n, 7, todaysDate): null

31-03-2025T12:18:50 - [TEST_STEP][PASSED] - n = n + 1: null

31-03-2025T12:18:50 - [TEST_STEP][PASSED] - saveWorkbook(excelFilePath, workbook01): null

31-03-2025T12:18:51 - [TEST_STEP][FAILED] - if (verifyEqual(numberOfErrors, 0) == false): null

31-03-2025T12:18:51 - [MESSAGE][FAILED] - Unable to verify equal between actual object '2' and expected object '0' (Root cause: com.kms.katalon.core.exception.StepFailedException: Actual object '2' and expected object '0' are not equal
	at com.kms.katalon.core.keyword.builtin.VerifyEqualKeyword$_verifyEqual_closure1.doCall(VerifyEqualKeyword.groovy:58)
	at com.kms.katalon.core.keyword.builtin.VerifyEqualKeyword$_verifyEqual_closure1.call(VerifyEqualKeyword.groovy)
	at com.kms.katalon.core.keyword.internal.KeywordMain.runKeyword(KeywordMain.groovy:75)
	at com.kms.katalon.core.keyword.builtin.VerifyEqualKeyword.verifyEqual(VerifyEqualKeyword.groovy:63)
	at com.kms.katalon.core.keyword.builtin.VerifyEqualKeyword.execute(VerifyEqualKeyword.groovy:44)
	at com.kms.katalon.core.keyword.internal.KeywordExecutor.executeKeywordForPlatform(KeywordExecutor.groovy:74)
	at com.kms.katalon.core.keyword.BuiltinKeywords.verifyEqual(BuiltinKeywords.groovy:146)
	at jdk.internal.reflect.GeneratedMethodAccessor28.invoke(Unknown Source)
	at java.base/jdk.internal.reflect.DelegatingMethodAccessorImpl.invoke(DelegatingMethodAccessorImpl.java:43)
	at Выполнение бизнес-плана Сверка ПАО Россети все филиалы.Numbers(Выполнение бизнес-плана Сверка ПАО Россети все филиалы:744)
	at Выполнение бизнес-плана Сверка ПАО Россети все филиалы.Filials(Выполнение бизнес-плана Сверка ПАО Россети все филиалы:1069)
	at Выполнение бизнес-плана Сверка ПАО Россети все филиалы.Numbers(Выполнение бизнес-плана Сверка ПАО Россети все филиалы:751)
	at Выполнение бизнес-плана Сверка ПАО Россети все филиалы.run(Выполнение бизнес-плана Сверка ПАО Россети все филиалы:273)
	at com.kms.katalon.core.main.ScriptEngine.run(ScriptEngine.java:194)
	at com.kms.katalon.core.main.ScriptEngine.runScriptAsRawText(ScriptEngine.java:119)
	at com.kms.katalon.core.main.TestCaseExecutor.runScript(TestCaseExecutor.java:448)
	at com.kms.katalon.core.main.TestCaseExecutor.doExecute(TestCaseExecutor.java:439)
	at com.kms.katalon.core.main.TestCaseExecutor.processExecutionPhase(TestCaseExecutor.java:418)
	at com.kms.katalon.core.main.TestCaseExecutor.accessMainPhase(TestCaseExecutor.java:410)
	at com.kms.katalon.core.main.TestCaseExecutor.execute(TestCaseExecutor.java:285)
	at com.kms.katalon.core.common.CommonExecutor.accessTestCaseMainPhase(CommonExecutor.java:65)
	at com.kms.katalon.core.main.TestSuiteExecutor.accessTestSuiteMainPhase(TestSuiteExecutor.java:150)
	at com.kms.katalon.core.main.TestSuiteExecutor.execute(TestSuiteExecutor.java:106)
	at com.kms.katalon.core.main.TestCaseMain.startTestSuite(TestCaseMain.java:180)
	at TempTestSuite1743404878601.run(TempTestSuite1743404878601.groovy:35)
	at java.base/jdk.internal.reflect.NativeMethodAccessorImpl.invoke0(Native Method)
	at java.base/jdk.internal.reflect.NativeMethodAccessorImpl.invoke(NativeMethodAccessorImpl.java:77)
	at java.base/jdk.internal.reflect.DelegatingMethodAccessorImpl.invoke(DelegatingMethodAccessorImpl.java:43)
)

31-03-2025T12:18:51 - [TEST_STEP][PASSED] - println(numberOfErrors): null

31-03-2025T12:18:51 - [TEST_STEP][PASSED] - println("a=" + a): null

31-03-2025T12:18:51 - [TEST_STEP][PASSED] - if (a == 28 || a == 77 || a == 74 || a == 65 || a == 36 || a == 44 || a == 54 || a == 1 || a == 18 || a == 59): null

31-03-2025T12:18:51 - [TEST_STEP][PASSED] - if (a == 82): null

31-03-2025T12:18:51 - [TEST_STEP][PASSED] - filialNum = 0: null

31-03-2025T12:18:51 - [TEST_STEP][PASSED] - if (a == 65): null

31-03-2025T12:18:51 - [TEST_STEP][PASSED] - if (a == 1): null

31-03-2025T12:18:51 - [TEST_STEP][PASSED] - if (a == 18): null

31-03-2025T12:18:51 - [TEST_STEP][PASSED] - if (a == 36): null

31-03-2025T12:18:51 - [TEST_STEP][PASSED] - if (a == 44): null

31-03-2025T12:18:51 - [TEST_STEP][PASSED] - if (a == 54): null

31-03-2025T12:18:51 - [TEST_STEP][PASSED] - if (a == 59): null

31-03-2025T12:18:51 - [TEST_STEP][PASSED] - Script1718980020443.OpenFilter(): null

31-03-2025T12:18:51 - [TEST_STEP][PASSED] - click(findTestObject("Object Repository/Выполнение бизнес-плана/Фильтр ДЗО")): Object: 'Object Repository/Выполнение бизнес-плана/Фильтр ДЗО' is clicked on

31-03-2025T12:18:51 - [MESSAGE][PASSED] - Object: 'Object Repository/Выполнение бизнес-плана/Фильтр ДЗО' is clicked on

31-03-2025T12:18:51 - [TEST_STEP][PASSED] - click(findTestObject("Выполнение бизнес-плана/Снять выделение в фильтре ДЗО")): Object: 'Object Repository/Выполнение бизнес-плана/Снять выделение в фильтре ДЗО' is clicked on

31-03-2025T12:18:52 - [MESSAGE][PASSED] - Object: 'Object Repository/Выполнение бизнес-плана/Снять выделение в фильтре ДЗО' is clicked on

31-03-2025T12:18:52 - [TEST_STEP][PASSED] - Script1718980020443.CloseFilter(): null

31-03-2025T12:18:52 - [TEST_STEP][PASSED] - scrollToElement(findTestObject("Выполнение бизнес-плана/Заголовок дашборда"), 30): Scroll to object 'Object Repository/Выполнение бизнес-плана/Заголовок дашборда' successfully

31-03-2025T12:18:52 - [MESSAGE][PASSED] - Scroll to object 'Object Repository/Выполнение бизнес-плана/Заголовок дашборда' successfully

31-03-2025T12:18:52 - [TEST_STEP][PASSED] - click(findTestObject("Object Repository/Выполнение бизнес-плана/Применить в фильтре ДЗО")): Object: 'Object Repository/Выполнение бизнес-плана/Применить в фильтре ДЗО' is clicked on

31-03-2025T12:18:53 - [MESSAGE][PASSED] - Object: 'Object Repository/Выполнение бизнес-плана/Применить в фильтре ДЗО' is clicked on

31-03-2025T12:18:53 - [TEST_STEP][PASSED] - delay(60): Delayed 60 second(s)

31-03-2025T12:19:53 - [MESSAGE][PASSED] - Delayed 60 second(s)

31-03-2025T12:19:53 - [TEST_STEP][PASSED] - if (a == 82): null

31-03-2025T12:19:53 - [TEST_STEP][PASSED] - println(dzoNum): null

31-03-2025T12:19:53 - [TEST_STEP][PASSED] - dZO = "Россети Северный Кавказ": null

31-03-2025T12:19:53 - [TEST_STEP][PASSED] - a = 65: null

31-03-2025T12:19:53 - [TEST_STEP][PASSED] - if (x1.contains("Кавказ")): null

31-03-2025T12:19:53 - [TEST_STEP][PASSED] - else: null

31-03-2025T12:19:53 - [TEST_STEP][PASSED] - Script1718980020443.NoData(a, typeOfData, todaysDate, fileInt, fileDouble, dZO): null

31-03-2025T12:19:53 - [TEST_STEP][PASSED] - println(a): null

31-03-2025T12:19:53 - [TEST_STEP][PASSED] - println(todaysDate): null

31-03-2025T12:19:53 - [TEST_STEP][PASSED] - println(fileInt): null

31-03-2025T12:19:53 - [TEST_STEP][PASSED] - println(fileDouble): null

31-03-2025T12:19:53 - [TEST_STEP][PASSED] - println(dZO): null

31-03-2025T12:19:53 - [TEST_STEP][PASSED] - typeOfData = "Факт Отпуск в сеть": null

31-03-2025T12:19:53 - [TEST_STEP][PASSED] - fileInt = replaceAll("\s+", "").toInteger(): null

31-03-2025T12:19:53 - [TEST_STEP][PASSED] - Script1718980020443.WriteToExcelNoData(a, typeOfData, todaysDate, fileInt, fileDouble, dZO): null

31-03-2025T12:19:53 - [TEST_STEP][PASSED] - sheetName = "Sheet1": null

31-03-2025T12:19:53 - [TEST_STEP][PASSED] - data = findTestData("PlanFact"): null

31-03-2025T12:19:53 - [TEST_STEP][PASSED] - n = data.getRowNumbers() + 1: null

31-03-2025T12:19:53 - [TEST_STEP][PASSED] - day = ")).toInteger(): null

31-03-2025T12:19:53 - [TEST_STEP][PASSED] - println(day): null

31-03-2025T12:19:53 - [TEST_STEP][PASSED] - month = ")).toInteger(): null

31-03-2025T12:19:53 - [TEST_STEP][PASSED] - println(month): null

31-03-2025T12:19:53 - [TEST_STEP][PASSED] - y = <not implemented yet for class: org.codehaus.groovy.ast.expr.EmptyExpression>: null

31-03-2025T12:19:53 - [TEST_STEP][PASSED] - iy = <not implemented yet for class: org.codehaus.groovy.ast.expr.EmptyExpression>: null

31-03-2025T12:19:53 - [TEST_STEP][PASSED] - m = getText(findTestObject("Выполнение бизнес-плана/Период")): Text of object 'Object Repository/Выполнение бизнес-плана/Период' is: 'Январь 2025 года'

31-03-2025T12:19:53 - [MESSAGE][PASSED] - Text of object 'Object Repository/Выполнение бизнес-плана/Период' is: 'Январь 2025 года'

31-03-2025T12:19:53 - [TEST_STEP][PASSED] - iy = m.indexOf("20"): null

31-03-2025T12:19:53 - [TEST_STEP][PASSED] - if (iy > -1): null

31-03-2025T12:19:53 - [TEST_STEP][PASSED] - y = substring(iy, iy + 4).toInteger(): null

31-03-2025T12:19:53 - [TEST_STEP][PASSED] - println(y): null

31-03-2025T12:19:53 - [TEST_STEP][PASSED] - if (toString().length() == 4): null

31-03-2025T12:19:53 - [TEST_STEP][PASSED] - m = m.substring(0, m.indexOf(y.toString())): null

31-03-2025T12:19:53 - [TEST_STEP][PASSED] - m = m.trim(): null

31-03-2025T12:19:53 - [TEST_STEP][PASSED] - if (m == ""): null

31-03-2025T12:19:53 - [TEST_STEP][PASSED] - dashboardName = "Выполнение бизнес-плана": null

31-03-2025T12:19:53 - [TEST_STEP][PASSED] - workbook01 = getWorkbook(excelFilePath): null

31-03-2025T12:19:53 - [TEST_STEP][PASSED] - sheet01 = getExcelSheet(workbook01, sheetName): null

31-03-2025T12:19:53 - [TEST_STEP][PASSED] - setValueToCellByIndex(sheet01, n, 0, dashboardName): null

31-03-2025T12:19:53 - [TEST_STEP][PASSED] - setValueToCellByIndex(sheet01, n, 1, dZO): null

31-03-2025T12:19:53 - [TEST_STEP][PASSED] - setValueToCellByIndex(sheet01, n, 2, typeOfData): null

31-03-2025T12:19:53 - [TEST_STEP][PASSED] - if (typeOfData == "Факт в процентах" || typeOfData == "План в процентах"): null

31-03-2025T12:19:53 - [TEST_STEP][PASSED] - else: null

31-03-2025T12:19:53 - [TEST_STEP][PASSED] - setValueToCellByIndex(sheet01, n, 3, fileInt): null

31-03-2025T12:19:53 - [TEST_STEP][PASSED] - setValueToCellByIndex(sheet01, n, 4, "нет данных"): null

31-03-2025T12:19:53 - [TEST_STEP][PASSED] - setValueToCellByIndex(sheet01, n, 5, m): null

31-03-2025T12:19:53 - [TEST_STEP][PASSED] - setValueToCellByIndex(sheet01, n, 6, y): null

31-03-2025T12:19:53 - [TEST_STEP][PASSED] - setValueToCellByIndex(sheet01, n, 7, todaysDate): null

31-03-2025T12:19:53 - [TEST_STEP][PASSED] - n = n + 1: null

31-03-2025T12:19:53 - [TEST_STEP][PASSED] - saveWorkbook(excelFilePath, workbook01): null

31-03-2025T12:19:54 - [TEST_STEP][PASSED] - typeOfData = "Факт Потери": null

31-03-2025T12:19:54 - [TEST_STEP][PASSED] - fileInt = replaceAll("\s+", "").toInteger(): null

31-03-2025T12:19:54 - [TEST_STEP][PASSED] - Script1718980020443.WriteToExcelNoData(a, typeOfData, todaysDate, fileInt, fileDouble, dZO): null

31-03-2025T12:19:54 - [TEST_STEP][PASSED] - sheetName = "Sheet1": null

31-03-2025T12:19:54 - [TEST_STEP][PASSED] - data = findTestData("PlanFact"): null

31-03-2025T12:19:54 - [TEST_STEP][PASSED] - n = data.getRowNumbers() + 1: null

31-03-2025T12:19:54 - [TEST_STEP][PASSED] - day = ")).toInteger(): null

31-03-2025T12:19:54 - [TEST_STEP][PASSED] - println(day): null

31-03-2025T12:19:54 - [TEST_STEP][PASSED] - month = ")).toInteger(): null

31-03-2025T12:19:54 - [TEST_STEP][PASSED] - println(month): null

31-03-2025T12:19:54 - [TEST_STEP][PASSED] - y = <not implemented yet for class: org.codehaus.groovy.ast.expr.EmptyExpression>: null

31-03-2025T12:19:54 - [TEST_STEP][PASSED] - iy = <not implemented yet for class: org.codehaus.groovy.ast.expr.EmptyExpression>: null

31-03-2025T12:19:54 - [TEST_STEP][PASSED] - m = getText(findTestObject("Выполнение бизнес-плана/Период")): Text of object 'Object Repository/Выполнение бизнес-плана/Период' is: 'Январь 2025 года'

31-03-2025T12:19:54 - [MESSAGE][PASSED] - Text of object 'Object Repository/Выполнение бизнес-плана/Период' is: 'Январь 2025 года'

31-03-2025T12:19:54 - [TEST_STEP][PASSED] - iy = m.indexOf("20"): null

31-03-2025T12:19:54 - [TEST_STEP][PASSED] - if (iy > -1): null

31-03-2025T12:19:54 - [TEST_STEP][PASSED] - y = substring(iy, iy + 4).toInteger(): null

31-03-2025T12:19:54 - [TEST_STEP][PASSED] - println(y): null

31-03-2025T12:19:54 - [TEST_STEP][PASSED] - if (toString().length() == 4): null

31-03-2025T12:19:54 - [TEST_STEP][PASSED] - m = m.substring(0, m.indexOf(y.toString())): null

31-03-2025T12:19:54 - [TEST_STEP][PASSED] - m = m.trim(): null

31-03-2025T12:19:54 - [TEST_STEP][PASSED] - if (m == ""): null

31-03-2025T12:19:54 - [TEST_STEP][PASSED] - dashboardName = "Выполнение бизнес-плана": null

31-03-2025T12:19:54 - [TEST_STEP][PASSED] - workbook01 = getWorkbook(excelFilePath): null

31-03-2025T12:19:54 - [TEST_STEP][PASSED] - sheet01 = getExcelSheet(workbook01, sheetName): null

31-03-2025T12:19:54 - [TEST_STEP][PASSED] - setValueToCellByIndex(sheet01, n, 0, dashboardName): null

31-03-2025T12:19:54 - [TEST_STEP][PASSED] - setValueToCellByIndex(sheet01, n, 1, dZO): null

31-03-2025T12:19:54 - [TEST_STEP][PASSED] - setValueToCellByIndex(sheet01, n, 2, typeOfData): null

31-03-2025T12:19:54 - [TEST_STEP][PASSED] - if (typeOfData == "Факт в процентах" || typeOfData == "План в процентах"): null

31-03-2025T12:19:54 - [TEST_STEP][PASSED] - else: null

31-03-2025T12:19:54 - [TEST_STEP][PASSED] - setValueToCellByIndex(sheet01, n, 3, fileInt): null

31-03-2025T12:19:54 - [TEST_STEP][PASSED] - setValueToCellByIndex(sheet01, n, 4, "нет данных"): null

31-03-2025T12:19:54 - [TEST_STEP][PASSED] - setValueToCellByIndex(sheet01, n, 5, m): null

31-03-2025T12:19:54 - [TEST_STEP][PASSED] - setValueToCellByIndex(sheet01, n, 6, y): null

31-03-2025T12:19:54 - [TEST_STEP][PASSED] - setValueToCellByIndex(sheet01, n, 7, todaysDate): null

31-03-2025T12:19:54 - [TEST_STEP][PASSED] - n = n + 1: null

31-03-2025T12:19:54 - [TEST_STEP][PASSED] - saveWorkbook(excelFilePath, workbook01): null

31-03-2025T12:19:54 - [TEST_STEP][PASSED] - typeOfData = "План Отпуск в сеть": null

31-03-2025T12:19:54 - [TEST_STEP][PASSED] - fileInt = replaceAll("\s+", "").toInteger(): null

31-03-2025T12:19:54 - [TEST_STEP][PASSED] - Script1718980020443.WriteToExcelNoData(a, typeOfData, todaysDate, fileInt, fileDouble, dZO): null

31-03-2025T12:19:54 - [TEST_STEP][PASSED] - sheetName = "Sheet1": null

31-03-2025T12:19:54 - [TEST_STEP][PASSED] - data = findTestData("PlanFact"): null

31-03-2025T12:19:54 - [TEST_STEP][PASSED] - n = data.getRowNumbers() + 1: null

31-03-2025T12:19:54 - [TEST_STEP][PASSED] - day = ")).toInteger(): null

31-03-2025T12:19:54 - [TEST_STEP][PASSED] - println(day): null

31-03-2025T12:19:54 - [TEST_STEP][PASSED] - month = ")).toInteger(): null

31-03-2025T12:19:54 - [TEST_STEP][PASSED] - println(month): null

31-03-2025T12:19:54 - [TEST_STEP][PASSED] - y = <not implemented yet for class: org.codehaus.groovy.ast.expr.EmptyExpression>: null

31-03-2025T12:19:54 - [TEST_STEP][PASSED] - iy = <not implemented yet for class: org.codehaus.groovy.ast.expr.EmptyExpression>: null

31-03-2025T12:19:54 - [TEST_STEP][PASSED] - m = getText(findTestObject("Выполнение бизнес-плана/Период")): Text of object 'Object Repository/Выполнение бизнес-плана/Период' is: 'Январь 2025 года'

31-03-2025T12:19:55 - [MESSAGE][PASSED] - Text of object 'Object Repository/Выполнение бизнес-плана/Период' is: 'Январь 2025 года'

31-03-2025T12:19:55 - [TEST_STEP][PASSED] - iy = m.indexOf("20"): null

31-03-2025T12:19:55 - [TEST_STEP][PASSED] - if (iy > -1): null

31-03-2025T12:19:55 - [TEST_STEP][PASSED] - y = substring(iy, iy + 4).toInteger(): null

31-03-2025T12:19:55 - [TEST_STEP][PASSED] - println(y): null

31-03-2025T12:19:55 - [TEST_STEP][PASSED] - if (toString().length() == 4): null

31-03-2025T12:19:55 - [TEST_STEP][PASSED] - m = m.substring(0, m.indexOf(y.toString())): null

31-03-2025T12:19:55 - [TEST_STEP][PASSED] - m = m.trim(): null

31-03-2025T12:19:55 - [TEST_STEP][PASSED] - if (m == ""): null

31-03-2025T12:19:55 - [TEST_STEP][PASSED] - dashboardName = "Выполнение бизнес-плана": null

31-03-2025T12:19:55 - [TEST_STEP][PASSED] - workbook01 = getWorkbook(excelFilePath): null

31-03-2025T12:19:55 - [TEST_STEP][PASSED] - sheet01 = getExcelSheet(workbook01, sheetName): null

31-03-2025T12:19:55 - [TEST_STEP][PASSED] - setValueToCellByIndex(sheet01, n, 0, dashboardName): null

31-03-2025T12:19:55 - [TEST_STEP][PASSED] - setValueToCellByIndex(sheet01, n, 1, dZO): null

31-03-2025T12:19:55 - [TEST_STEP][PASSED] - setValueToCellByIndex(sheet01, n, 2, typeOfData): null

31-03-2025T12:19:55 - [TEST_STEP][PASSED] - if (typeOfData == "Факт в процентах" || typeOfData == "План в процентах"): null

31-03-2025T12:19:55 - [TEST_STEP][PASSED] - else: null

31-03-2025T12:19:55 - [TEST_STEP][PASSED] - setValueToCellByIndex(sheet01, n, 3, fileInt): null

31-03-2025T12:19:55 - [TEST_STEP][PASSED] - setValueToCellByIndex(sheet01, n, 4, "нет данных"): null

31-03-2025T12:19:55 - [TEST_STEP][PASSED] - setValueToCellByIndex(sheet01, n, 5, m): null

31-03-2025T12:19:55 - [TEST_STEP][PASSED] - setValueToCellByIndex(sheet01, n, 6, y): null

31-03-2025T12:19:55 - [TEST_STEP][PASSED] - setValueToCellByIndex(sheet01, n, 7, todaysDate): null

31-03-2025T12:19:55 - [TEST_STEP][PASSED] - n = n + 1: null

31-03-2025T12:19:55 - [TEST_STEP][PASSED] - saveWorkbook(excelFilePath, workbook01): null

31-03-2025T12:19:55 - [TEST_STEP][PASSED] - typeOfData = "План Потери": null

31-03-2025T12:19:55 - [TEST_STEP][PASSED] - fileInt = replaceAll("\s+", "").toInteger(): null

31-03-2025T12:19:55 - [TEST_STEP][PASSED] - Script1718980020443.WriteToExcelNoData(a, typeOfData, todaysDate, fileInt, fileDouble, dZO): null

31-03-2025T12:19:55 - [TEST_STEP][PASSED] - sheetName = "Sheet1": null

31-03-2025T12:19:55 - [TEST_STEP][PASSED] - data = findTestData("PlanFact"): null

31-03-2025T12:19:55 - [TEST_STEP][PASSED] - n = data.getRowNumbers() + 1: null

31-03-2025T12:19:55 - [TEST_STEP][PASSED] - day = ")).toInteger(): null

31-03-2025T12:19:55 - [TEST_STEP][PASSED] - println(day): null

31-03-2025T12:19:55 - [TEST_STEP][PASSED] - month = ")).toInteger(): null

31-03-2025T12:19:55 - [TEST_STEP][PASSED] - println(month): null

31-03-2025T12:19:55 - [TEST_STEP][PASSED] - y = <not implemented yet for class: org.codehaus.groovy.ast.expr.EmptyExpression>: null

31-03-2025T12:19:55 - [TEST_STEP][PASSED] - iy = <not implemented yet for class: org.codehaus.groovy.ast.expr.EmptyExpression>: null

31-03-2025T12:19:55 - [TEST_STEP][PASSED] - m = getText(findTestObject("Выполнение бизнес-плана/Период")): Text of object 'Object Repository/Выполнение бизнес-плана/Период' is: 'Январь 2025 года'

31-03-2025T12:19:55 - [MESSAGE][PASSED] - Text of object 'Object Repository/Выполнение бизнес-плана/Период' is: 'Январь 2025 года'

31-03-2025T12:19:55 - [TEST_STEP][PASSED] - iy = m.indexOf("20"): null

31-03-2025T12:19:55 - [TEST_STEP][PASSED] - if (iy > -1): null

31-03-2025T12:19:55 - [TEST_STEP][PASSED] - y = substring(iy, iy + 4).toInteger(): null

31-03-2025T12:19:55 - [TEST_STEP][PASSED] - println(y): null

31-03-2025T12:19:55 - [TEST_STEP][PASSED] - if (toString().length() == 4): null

31-03-2025T12:19:55 - [TEST_STEP][PASSED] - m = m.substring(0, m.indexOf(y.toString())): null

31-03-2025T12:19:55 - [TEST_STEP][PASSED] - m = m.trim(): null

31-03-2025T12:19:55 - [TEST_STEP][PASSED] - if (m == ""): null

31-03-2025T12:19:55 - [TEST_STEP][PASSED] - dashboardName = "Выполнение бизнес-плана": null

31-03-2025T12:19:55 - [TEST_STEP][PASSED] - workbook01 = getWorkbook(excelFilePath): null

31-03-2025T12:19:55 - [TEST_STEP][PASSED] - sheet01 = getExcelSheet(workbook01, sheetName): null

31-03-2025T12:19:55 - [TEST_STEP][PASSED] - setValueToCellByIndex(sheet01, n, 0, dashboardName): null

31-03-2025T12:19:55 - [TEST_STEP][PASSED] - setValueToCellByIndex(sheet01, n, 1, dZO): null

31-03-2025T12:19:55 - [TEST_STEP][PASSED] - setValueToCellByIndex(sheet01, n, 2, typeOfData): null

31-03-2025T12:19:55 - [TEST_STEP][PASSED] - if (typeOfData == "Факт в процентах" || typeOfData == "План в процентах"): null

31-03-2025T12:19:55 - [TEST_STEP][PASSED] - else: null

31-03-2025T12:19:55 - [TEST_STEP][PASSED] - setValueToCellByIndex(sheet01, n, 3, fileInt): null

31-03-2025T12:19:55 - [TEST_STEP][PASSED] - setValueToCellByIndex(sheet01, n, 4, "нет данных"): null

31-03-2025T12:19:55 - [TEST_STEP][PASSED] - setValueToCellByIndex(sheet01, n, 5, m): null

31-03-2025T12:19:55 - [TEST_STEP][PASSED] - setValueToCellByIndex(sheet01, n, 6, y): null

31-03-2025T12:19:55 - [TEST_STEP][PASSED] - setValueToCellByIndex(sheet01, n, 7, todaysDate): null

31-03-2025T12:19:55 - [TEST_STEP][PASSED] - n = n + 1: null

31-03-2025T12:19:55 - [TEST_STEP][PASSED] - saveWorkbook(excelFilePath, workbook01): null

31-03-2025T12:19:56 - [TEST_STEP][PASSED] - typeOfData = "План в процентах": null

31-03-2025T12:19:56 - [TEST_STEP][PASSED] - fileDouble = ").toDouble(): null

31-03-2025T12:19:56 - [TEST_STEP][PASSED] - Script1718980020443.WriteToExcelNoData(a, typeOfData, todaysDate, fileInt, fileDouble, dZO): null

31-03-2025T12:19:56 - [TEST_STEP][PASSED] - sheetName = "Sheet1": null

31-03-2025T12:19:56 - [TEST_STEP][PASSED] - data = findTestData("PlanFact"): null

31-03-2025T12:19:56 - [TEST_STEP][PASSED] - n = data.getRowNumbers() + 1: null

31-03-2025T12:19:56 - [TEST_STEP][PASSED] - day = ")).toInteger(): null

31-03-2025T12:19:56 - [TEST_STEP][PASSED] - println(day): null

31-03-2025T12:19:56 - [TEST_STEP][PASSED] - month = ")).toInteger(): null

31-03-2025T12:19:56 - [TEST_STEP][PASSED] - println(month): null

31-03-2025T12:19:56 - [TEST_STEP][PASSED] - y = <not implemented yet for class: org.codehaus.groovy.ast.expr.EmptyExpression>: null

31-03-2025T12:19:56 - [TEST_STEP][PASSED] - iy = <not implemented yet for class: org.codehaus.groovy.ast.expr.EmptyExpression>: null

31-03-2025T12:19:56 - [TEST_STEP][PASSED] - m = getText(findTestObject("Выполнение бизнес-плана/Период")): Text of object 'Object Repository/Выполнение бизнес-плана/Период' is: 'Январь 2025 года'

31-03-2025T12:19:56 - [MESSAGE][PASSED] - Text of object 'Object Repository/Выполнение бизнес-плана/Период' is: 'Январь 2025 года'

31-03-2025T12:19:56 - [TEST_STEP][PASSED] - iy = m.indexOf("20"): null

31-03-2025T12:19:56 - [TEST_STEP][PASSED] - if (iy > -1): null

31-03-2025T12:19:56 - [TEST_STEP][PASSED] - y = substring(iy, iy + 4).toInteger(): null

31-03-2025T12:19:56 - [TEST_STEP][PASSED] - println(y): null

31-03-2025T12:19:56 - [TEST_STEP][PASSED] - if (toString().length() == 4): null

31-03-2025T12:19:56 - [TEST_STEP][PASSED] - m = m.substring(0, m.indexOf(y.toString())): null

31-03-2025T12:19:56 - [TEST_STEP][PASSED] - m = m.trim(): null

31-03-2025T12:19:56 - [TEST_STEP][PASSED] - if (m == ""): null

31-03-2025T12:19:56 - [TEST_STEP][PASSED] - dashboardName = "Выполнение бизнес-плана": null

31-03-2025T12:19:56 - [TEST_STEP][PASSED] - workbook01 = getWorkbook(excelFilePath): null

31-03-2025T12:19:56 - [TEST_STEP][PASSED] - sheet01 = getExcelSheet(workbook01, sheetName): null

31-03-2025T12:19:56 - [TEST_STEP][PASSED] - setValueToCellByIndex(sheet01, n, 0, dashboardName): null

31-03-2025T12:19:56 - [TEST_STEP][PASSED] - setValueToCellByIndex(sheet01, n, 1, dZO): null

31-03-2025T12:19:56 - [TEST_STEP][PASSED] - setValueToCellByIndex(sheet01, n, 2, typeOfData): null

31-03-2025T12:19:56 - [TEST_STEP][PASSED] - if (typeOfData == "Факт в процентах" || typeOfData == "План в процентах"): null

31-03-2025T12:19:56 - [TEST_STEP][PASSED] - setValueToCellByIndex(sheet01, n, 3, fileDouble): null

31-03-2025T12:19:56 - [TEST_STEP][PASSED] - setValueToCellByIndex(sheet01, n, 4, "нет данных"): null

31-03-2025T12:19:56 - [TEST_STEP][PASSED] - setValueToCellByIndex(sheet01, n, 5, m): null

31-03-2025T12:19:56 - [TEST_STEP][PASSED] - setValueToCellByIndex(sheet01, n, 6, y): null

31-03-2025T12:19:56 - [TEST_STEP][PASSED] - setValueToCellByIndex(sheet01, n, 7, todaysDate): null

31-03-2025T12:19:56 - [TEST_STEP][PASSED] - n = n + 1: null

31-03-2025T12:19:56 - [TEST_STEP][PASSED] - saveWorkbook(excelFilePath, workbook01): null

31-03-2025T12:19:56 - [TEST_STEP][PASSED] - typeOfData = "Факт в процентах": null

31-03-2025T12:19:56 - [TEST_STEP][PASSED] - fileDouble = ").toDouble(): null

31-03-2025T12:19:56 - [TEST_STEP][PASSED] - Script1718980020443.WriteToExcelNoData(a, typeOfData, todaysDate, fileInt, fileDouble, dZO): null

31-03-2025T12:19:56 - [TEST_STEP][PASSED] - sheetName = "Sheet1": null

31-03-2025T12:19:56 - [TEST_STEP][PASSED] - data = findTestData("PlanFact"): null

31-03-2025T12:19:57 - [TEST_STEP][PASSED] - n = data.getRowNumbers() + 1: null

31-03-2025T12:19:57 - [TEST_STEP][PASSED] - day = ")).toInteger(): null

31-03-2025T12:19:57 - [TEST_STEP][PASSED] - println(day): null

31-03-2025T12:19:57 - [TEST_STEP][PASSED] - month = ")).toInteger(): null

31-03-2025T12:19:57 - [TEST_STEP][PASSED] - println(month): null

31-03-2025T12:19:57 - [TEST_STEP][PASSED] - y = <not implemented yet for class: org.codehaus.groovy.ast.expr.EmptyExpression>: null

31-03-2025T12:19:57 - [TEST_STEP][PASSED] - iy = <not implemented yet for class: org.codehaus.groovy.ast.expr.EmptyExpression>: null

31-03-2025T12:19:57 - [TEST_STEP][PASSED] - m = getText(findTestObject("Выполнение бизнес-плана/Период")): Text of object 'Object Repository/Выполнение бизнес-плана/Период' is: 'Январь 2025 года'

31-03-2025T12:19:57 - [MESSAGE][PASSED] - Text of object 'Object Repository/Выполнение бизнес-плана/Период' is: 'Январь 2025 года'

31-03-2025T12:19:57 - [TEST_STEP][PASSED] - iy = m.indexOf("20"): null

31-03-2025T12:19:57 - [TEST_STEP][PASSED] - if (iy > -1): null

31-03-2025T12:19:57 - [TEST_STEP][PASSED] - y = substring(iy, iy + 4).toInteger(): null

31-03-2025T12:19:57 - [TEST_STEP][PASSED] - println(y): null

31-03-2025T12:19:57 - [TEST_STEP][PASSED] - if (toString().length() == 4): null

31-03-2025T12:19:57 - [TEST_STEP][PASSED] - m = m.substring(0, m.indexOf(y.toString())): null

31-03-2025T12:19:57 - [TEST_STEP][PASSED] - m = m.trim(): null

31-03-2025T12:19:57 - [TEST_STEP][PASSED] - if (m == ""): null

31-03-2025T12:19:57 - [TEST_STEP][PASSED] - dashboardName = "Выполнение бизнес-плана": null

31-03-2025T12:19:57 - [TEST_STEP][PASSED] - workbook01 = getWorkbook(excelFilePath): null

31-03-2025T12:19:57 - [TEST_STEP][PASSED] - sheet01 = getExcelSheet(workbook01, sheetName): null

31-03-2025T12:19:57 - [TEST_STEP][PASSED] - setValueToCellByIndex(sheet01, n, 0, dashboardName): null

31-03-2025T12:19:57 - [TEST_STEP][PASSED] - setValueToCellByIndex(sheet01, n, 1, dZO): null

31-03-2025T12:19:57 - [TEST_STEP][PASSED] - setValueToCellByIndex(sheet01, n, 2, typeOfData): null

31-03-2025T12:19:57 - [TEST_STEP][PASSED] - if (typeOfData == "Факт в процентах" || typeOfData == "План в процентах"): null

31-03-2025T12:19:57 - [TEST_STEP][PASSED] - setValueToCellByIndex(sheet01, n, 3, fileDouble): null

31-03-2025T12:19:57 - [TEST_STEP][PASSED] - setValueToCellByIndex(sheet01, n, 4, "нет данных"): null

31-03-2025T12:19:57 - [TEST_STEP][PASSED] - setValueToCellByIndex(sheet01, n, 5, m): null

31-03-2025T12:19:57 - [TEST_STEP][PASSED] - setValueToCellByIndex(sheet01, n, 6, y): null

31-03-2025T12:19:57 - [TEST_STEP][PASSED] - setValueToCellByIndex(sheet01, n, 7, todaysDate): null

31-03-2025T12:19:57 - [TEST_STEP][PASSED] - n = n + 1: null

31-03-2025T12:19:57 - [TEST_STEP][PASSED] - saveWorkbook(excelFilePath, workbook01): null

31-03-2025T12:19:57 - [TEST_STEP][PASSED] - println(dzoNum): null

31-03-2025T12:19:57 - [TEST_STEP][PASSED] - dZO = "Россети Северо-Запад": null

31-03-2025T12:19:57 - [TEST_STEP][PASSED] - a = 36: null

31-03-2025T12:19:57 - [TEST_STEP][PASSED] - if (x1.contains("Северо-Запад")): null

31-03-2025T12:19:57 - [TEST_STEP][PASSED] - dzoNum = dzoNum + 1: null

31-03-2025T12:19:57 - [TEST_STEP][PASSED] - Script1718980020443.Numbers(a, typeOfData, todaysDate, pageInt, fileInt, pageDouble, fileDouble, dZO, dzoNum, filialNum): null

31-03-2025T12:19:57 - [TEST_STEP][PASSED] - println(dzoNum): null

31-03-2025T12:19:57 - [TEST_STEP][PASSED] - planFact = <not implemented yet for class: org.codehaus.groovy.ast.expr.EmptyExpression>: null

31-03-2025T12:19:57 - [TEST_STEP][PASSED] - page = <not implemented yet for class: org.codehaus.groovy.ast.expr.EmptyExpression>: null

31-03-2025T12:19:57 - [TEST_STEP][PASSED] - page1 = <not implemented yet for class: org.codehaus.groovy.ast.expr.EmptyExpression>: null

31-03-2025T12:19:57 - [TEST_STEP][PASSED] - page2 = <not implemented yet for class: org.codehaus.groovy.ast.expr.EmptyExpression>: null

31-03-2025T12:19:57 - [TEST_STEP][PASSED] - filialNumberInRow = <not implemented yet for class: org.codehaus.groovy.ast.expr.EmptyExpression>: null

31-03-2025T12:19:57 - [TEST_STEP][PASSED] - filialsDzoNames = <not implemented yet for class: org.codehaus.groovy.ast.expr.EmptyExpression>: null

31-03-2025T12:19:57 - [TEST_STEP][PASSED] - numberOfFilials = <not implemented yet for class: org.codehaus.groovy.ast.expr.EmptyExpression>: null

31-03-2025T12:19:57 - [TEST_STEP][PASSED] - numberOfSpaces = <not implemented yet for class: org.codehaus.groovy.ast.expr.EmptyExpression>: null

31-03-2025T12:19:57 - [TEST_STEP][PASSED] - file = <not implemented yet for class: org.codehaus.groovy.ast.expr.EmptyExpression>: null

31-03-2025T12:19:57 - [TEST_STEP][PASSED] - otpusk = <not implemented yet for class: org.codehaus.groovy.ast.expr.EmptyExpression>: null

31-03-2025T12:19:57 - [TEST_STEP][PASSED] - poteri = <not implemented yet for class: org.codehaus.groovy.ast.expr.EmptyExpression>: null

31-03-2025T12:19:57 - [TEST_STEP][PASSED] - dataFolder = "Выполнение бизнес-плана/Значения со страницы Выполнение бизнес-плана/": null

31-03-2025T12:19:57 - [TEST_STEP][PASSED] - path = <not implemented yet for class: org.codehaus.groovy.ast.expr.EmptyExpression>: null

31-03-2025T12:19:57 - [TEST_STEP][PASSED] - typeOfDataMain = <not implemented yet for class: org.codehaus.groovy.ast.expr.EmptyExpression>: null

31-03-2025T12:19:57 - [TEST_STEP][PASSED] - fileOtpuskVSet = <not implemented yet for class: org.codehaus.groovy.ast.expr.EmptyExpression>: null

31-03-2025T12:19:57 - [TEST_STEP][PASSED] - pageOtpuskVSet = <not implemented yet for class: org.codehaus.groovy.ast.expr.EmptyExpression>: null

31-03-2025T12:19:57 - [TEST_STEP][PASSED] - filePoteri = <not implemented yet for class: org.codehaus.groovy.ast.expr.EmptyExpression>: null

31-03-2025T12:19:57 - [TEST_STEP][PASSED] - pagePoteri = <not implemented yet for class: org.codehaus.groovy.ast.expr.EmptyExpression>: null

31-03-2025T12:19:57 - [TEST_STEP][PASSED] - compare = <not implemented yet for class: org.codehaus.groovy.ast.expr.EmptyExpression>: null

31-03-2025T12:19:57 - [TEST_STEP][PASSED] - b = <not implemented yet for class: org.codehaus.groovy.ast.expr.EmptyExpression>: null

31-03-2025T12:19:57 - [TEST_STEP][PASSED] - i = <not implemented yet for class: org.codehaus.groovy.ast.expr.EmptyExpression>: null

31-03-2025T12:19:57 - [TEST_STEP][PASSED] - ii = <not implemented yet for class: org.codehaus.groovy.ast.expr.EmptyExpression>: null

31-03-2025T12:19:57 - [TEST_STEP][PASSED] - c = <not implemented yet for class: org.codehaus.groovy.ast.expr.EmptyExpression>: null

31-03-2025T12:19:57 - [TEST_STEP][PASSED] - numberOfErrors = 0: null

31-03-2025T12:19:57 - [TEST_STEP][PASSED] - if (a == 82): null

31-03-2025T12:19:57 - [TEST_STEP][PASSED] - b = findTestData("PlanFact").getValue(1, a): null

31-03-2025T12:19:57 - [TEST_STEP][PASSED] - i = b.indexOf(" (ГК)"): null

31-03-2025T12:19:57 - [TEST_STEP][PASSED] - if (i > -1): null

31-03-2025T12:19:57 - [TEST_STEP][PASSED] - i = b.indexOf("О ""): null

31-03-2025T12:19:57 - [TEST_STEP][PASSED] - if (i > -1): null

31-03-2025T12:19:57 - [TEST_STEP][PASSED] - i = b.indexOf("О «"): null

31-03-2025T12:19:57 - [TEST_STEP][PASSED] - if (i > -1): null

31-03-2025T12:19:57 - [TEST_STEP][PASSED] - i = b.indexOf("г. "): null

31-03-2025T12:19:57 - [TEST_STEP][PASSED] - if (i > -1): null

31-03-2025T12:19:57 - [TEST_STEP][PASSED] - b = b.trim(): null

31-03-2025T12:19:57 - [TEST_STEP][PASSED] - println(b): null

31-03-2025T12:19:57 - [TEST_STEP][FAILED] - for ([planFact = 1, planFact < 3, (planFact++)]): null

31-03-2025T12:19:57 - [TEST_STEP][PASSED] - if (planFact == 1): null

31-03-2025T12:19:57 - [TEST_STEP][PASSED] - typeOfDataMain = "Факт": null

31-03-2025T12:19:57 - [TEST_STEP][PASSED] - otpusk = findTestData("PlanFact").getValue(5, a): null

31-03-2025T12:19:57 - [TEST_STEP][PASSED] - poteri = findTestData("PlanFact").getValue(6, a): null

31-03-2025T12:19:57 - [TEST_STEP][PASSED] - otpusk = otpusk.replaceAll("\s+", ""): null

31-03-2025T12:19:57 - [TEST_STEP][PASSED] - poteri = poteri.replaceAll("\s+", ""): null

31-03-2025T12:19:57 - [TEST_STEP][PASSED] - typeOfData = typeOfDataMain + " Отпуск в сеть": null

31-03-2025T12:19:57 - [TEST_STEP][PASSED] - if (a == 82): null

31-03-2025T12:19:57 - [TEST_STEP][PASSED] - else if (a == 84): null

31-03-2025T12:19:57 - [TEST_STEP][PASSED] - else if (a == 83 || a == 52 || a == 72 || a == 28 || a == 73 || a == 77 || a == 74 || a == 65 || a == 36 || a == 44 || a == 53 || a == 80 || a == 54 || a == 1 || a == 18 || a == 59 || a == 81): null

31-03-2025T12:19:57 - [TEST_STEP][PASSED] - path = dataFolder + "Table Data/" + typeOfData + " за отчётный период " + dzoNum: null

31-03-2025T12:19:57 - [TEST_STEP][PASSED] - println(path): null

31-03-2025T12:19:57 - [TEST_STEP][PASSED] - page = getText(findTestObject(path)): Text of object 'Object Repository/Выполнение бизнес-плана/Значения со страницы Выполнение бизнес-плана/Table Data/Факт Отпуск в сеть за отчётный период 4' is: '3 276 892'

31-03-2025T12:19:58 - [MESSAGE][PASSED] - Text of object 'Object Repository/Выполнение бизнес-плана/Значения со страницы Выполнение бизнес-плана/Table Data/Факт Отпуск в сеть за отчётный период 4' is: '3 276 892'

31-03-2025T12:19:58 - [TEST_STEP][PASSED] - if (page == "" || page == null): null

31-03-2025T12:19:58 - [TEST_STEP][PASSED] - else: null

31-03-2025T12:19:58 - [TEST_STEP][PASSED] - page = page.replaceAll("\s+", ""): null

31-03-2025T12:19:58 - [TEST_STEP][PASSED] - if (page == "undefined"): null

31-03-2025T12:19:58 - [TEST_STEP][PASSED] - fileOtpuskVSet = otpusk.toInteger(): null

31-03-2025T12:19:58 - [TEST_STEP][PASSED] - pageOtpuskVSet = page.toInteger(): null

31-03-2025T12:19:58 - [TEST_STEP][PASSED] - typeOfData = typeOfDataMain + " Потери": null

31-03-2025T12:19:58 - [TEST_STEP][PASSED] - if (a == 82): null

31-03-2025T12:19:58 - [TEST_STEP][PASSED] - else if (a == 84): null

31-03-2025T12:19:58 - [TEST_STEP][PASSED] - else if (a == 83 || a == 52 || a == 72 || a == 28 || a == 73 || a == 77 || a == 74 || a == 65 || a == 44 || a == 53 || a == 80 || a == 54 || a == 1 || a == 18 || a == 59 || a == 81): null

31-03-2025T12:19:58 - [TEST_STEP][PASSED] - else: null

31-03-2025T12:19:58 - [TEST_STEP][PASSED] - path = dataFolder + typeOfData + " за отчётный период " + b: null

31-03-2025T12:19:58 - [TEST_STEP][FAILED] - page = getText(findTestObject(path)): Unable to get text of object 'Object Repository/Выполнение бизнес-плана/Значения со страницы Выполнение бизнес-плана/Факт Потери за отчётный период Россети Северо-Запад' (Root cause: com.kms.katalon.core.exception.StepFailedException: Unable to get text of object 'Object Repository/Выполнение бизнес-плана/Значения со страницы Выполнение бизнес-плана/Факт Потери за отчётный период Россети Северо-Запад'
	at com.kms.katalon.core.webui.keyword.internal.WebUIKeywordMain.stepFailed(WebUIKeywordMain.groovy:64)
	at com.kms.katalon.core.webui.keyword.internal.WebUIKeywordMain.runKeyword(WebUIKeywordMain.groovy:26)
	at com.kms.katalon.core.webui.keyword.builtin.GetTextKeyword.getText(GetTextKeyword.groovy:88)
	at com.kms.katalon.core.webui.keyword.builtin.GetTextKeyword.execute(GetTextKeyword.groovy:67)
	at com.kms.katalon.core.keyword.internal.KeywordExecutor.executeKeywordForPlatform(KeywordExecutor.groovy:74)
	at com.kms.katalon.core.webui.keyword.WebUiBuiltInKeywords.getText(WebUiBuiltInKeywords.groovy:957)
	at Выполнение бизнес-плана Сверка ПАО Россети все филиалы.Numbers(Выполнение бизнес-плана Сверка ПАО Россети все филиалы:594)
	at Выполнение бизнес-плана Сверка ПАО Россети все филиалы.run(Выполнение бизнес-плана Сверка ПАО Россети все филиалы:301)
	at com.kms.katalon.core.main.ScriptEngine.run(ScriptEngine.java:194)
	at com.kms.katalon.core.main.ScriptEngine.runScriptAsRawText(ScriptEngine.java:119)
	at com.kms.katalon.core.main.TestCaseExecutor.runScript(TestCaseExecutor.java:448)
	at com.kms.katalon.core.main.TestCaseExecutor.doExecute(TestCaseExecutor.java:439)
	at com.kms.katalon.core.main.TestCaseExecutor.processExecutionPhase(TestCaseExecutor.java:418)
	at com.kms.katalon.core.main.TestCaseExecutor.accessMainPhase(TestCaseExecutor.java:410)
	at com.kms.katalon.core.main.TestCaseExecutor.execute(TestCaseExecutor.java:285)
	at com.kms.katalon.core.common.CommonExecutor.accessTestCaseMainPhase(CommonExecutor.java:65)
	at com.kms.katalon.core.main.TestSuiteExecutor.accessTestSuiteMainPhase(TestSuiteExecutor.java:150)
	at com.kms.katalon.core.main.TestSuiteExecutor.execute(TestSuiteExecutor.java:106)
	at com.kms.katalon.core.main.TestCaseMain.startTestSuite(TestCaseMain.java:180)
	at TempTestSuite1743404878601.run(TempTestSuite1743404878601.groovy:35)
	at java.base/jdk.internal.reflect.NativeMethodAccessorImpl.invoke0(Native Method)
	at java.base/jdk.internal.reflect.NativeMethodAccessorImpl.invoke(NativeMethodAccessorImpl.java:77)
	at java.base/jdk.internal.reflect.DelegatingMethodAccessorImpl.invoke(DelegatingMethodAccessorImpl.java:43)
Caused by: com.kms.katalon.core.webui.exception.WebElementNotFoundException: Web element with id: 'Object Repository/Выполнение бизнес-плана/Значения со страницы Выполнение бизнес-плана/Факт Потери за отчётный период Россети Северо-Запад' located by '//div[158]/div[2]/div/div/table/tbody/tr[3]/td[9]' not found
	at com.kms.katalon.core.webui.common.WebUiCommonHelper.findWebElement(WebUiCommonHelper.java:1426)
	at com.kms.katalon.core.webui.keyword.internal.WebUIAbstractKeyword.findWebElement(WebUIAbstractKeyword.groovy:27)
	at com.kms.katalon.core.webui.keyword.internal.WebUIAbstractKeyword.findWebElement(WebUIAbstractKeyword.groovy:26)
	at com.kms.katalon.core.webui.keyword.builtin.GetTextKeyword$_getText_closure1.doCall(GetTextKeyword.groovy:78)
	at com.kms.katalon.core.webui.keyword.builtin.GetTextKeyword$_getText_closure1.call(GetTextKeyword.groovy)
	at com.kms.katalon.core.webui.keyword.internal.WebUIKeywordMain.runKeyword(WebUIKeywordMain.groovy:20)
	at com.kms.katalon.core.webui.keyword.builtin.GetTextKeyword.getText(GetTextKeyword.groovy:88)
	at com.kms.katalon.core.webui.keyword.builtin.GetTextKeyword.execute(GetTextKeyword.groovy:67)
	at com.kms.katalon.core.keyword.internal.KeywordExecutor.executeKeywordForPlatform(KeywordExecutor.groovy:74)
	at com.kms.katalon.core.webui.keyword.WebUiBuiltInKeywords.getText(WebUiBuiltInKeywords.groovy:957)
	at Script1718980020443.Numbers(Script1718980020443.groovy:594)
	at Script1718980020443.run(Script1718980020443.groovy:301)
	... 15 more
)

31-03-2025T12:20:29 - [MESSAGE][INFO] - Unable to find the element located by 'By.xpath: //div[158]/div[2]/div/div/table/tbody/tr[3]/td[9]'. Please recheck the objects properties to make sure the desired element is located. 

31-03-2025T12:20:29 - [MESSAGE][FAILED] - Unable to get text of object 'Object Repository/Выполнение бизнес-плана/Значения со страницы Выполнение бизнес-плана/Факт Потери за отчётный период Россети Северо-Запад' (Root cause: com.kms.katalon.core.exception.StepFailedException: Unable to get text of object 'Object Repository/Выполнение бизнес-плана/Значения со страницы Выполнение бизнес-плана/Факт Потери за отчётный период Россети Северо-Запад'
	at com.kms.katalon.core.webui.keyword.internal.WebUIKeywordMain.stepFailed(WebUIKeywordMain.groovy:64)
	at com.kms.katalon.core.webui.keyword.internal.WebUIKeywordMain.runKeyword(WebUIKeywordMain.groovy:26)
	at com.kms.katalon.core.webui.keyword.builtin.GetTextKeyword.getText(GetTextKeyword.groovy:88)
	at com.kms.katalon.core.webui.keyword.builtin.GetTextKeyword.execute(GetTextKeyword.groovy:67)
	at com.kms.katalon.core.keyword.internal.KeywordExecutor.executeKeywordForPlatform(KeywordExecutor.groovy:74)
	at com.kms.katalon.core.webui.keyword.WebUiBuiltInKeywords.getText(WebUiBuiltInKeywords.groovy:957)
	at Выполнение бизнес-плана Сверка ПАО Россети все филиалы.Numbers(Выполнение бизнес-плана Сверка ПАО Россети все филиалы:594)
	at Выполнение бизнес-плана Сверка ПАО Россети все филиалы.run(Выполнение бизнес-плана Сверка ПАО Россети все филиалы:301)
	at com.kms.katalon.core.main.ScriptEngine.run(ScriptEngine.java:194)
	at com.kms.katalon.core.main.ScriptEngine.runScriptAsRawText(ScriptEngine.java:119)
	at com.kms.katalon.core.main.TestCaseExecutor.runScript(TestCaseExecutor.java:448)
	at com.kms.katalon.core.main.TestCaseExecutor.doExecute(TestCaseExecutor.java:439)
	at com.kms.katalon.core.main.TestCaseExecutor.processExecutionPhase(TestCaseExecutor.java:418)
	at com.kms.katalon.core.main.TestCaseExecutor.accessMainPhase(TestCaseExecutor.java:410)
	at com.kms.katalon.core.main.TestCaseExecutor.execute(TestCaseExecutor.java:285)
	at com.kms.katalon.core.common.CommonExecutor.accessTestCaseMainPhase(CommonExecutor.java:65)
	at com.kms.katalon.core.main.TestSuiteExecutor.accessTestSuiteMainPhase(TestSuiteExecutor.java:150)
	at com.kms.katalon.core.main.TestSuiteExecutor.execute(TestSuiteExecutor.java:106)
	at com.kms.katalon.core.main.TestCaseMain.startTestSuite(TestCaseMain.java:180)
	at TempTestSuite1743404878601.run(TempTestSuite1743404878601.groovy:35)
	at java.base/jdk.internal.reflect.NativeMethodAccessorImpl.invoke0(Native Method)
	at java.base/jdk.internal.reflect.NativeMethodAccessorImpl.invoke(NativeMethodAccessorImpl.java:77)
	at java.base/jdk.internal.reflect.DelegatingMethodAccessorImpl.invoke(DelegatingMethodAccessorImpl.java:43)
Caused by: com.kms.katalon.core.webui.exception.WebElementNotFoundException: Web element with id: 'Object Repository/Выполнение бизнес-плана/Значения со страницы Выполнение бизнес-плана/Факт Потери за отчётный период Россети Северо-Запад' located by '//div[158]/div[2]/div/div/table/tbody/tr[3]/td[9]' not found
	at com.kms.katalon.core.webui.common.WebUiCommonHelper.findWebElement(WebUiCommonHelper.java:1426)
	at com.kms.katalon.core.webui.keyword.internal.WebUIAbstractKeyword.findWebElement(WebUIAbstractKeyword.groovy:27)
	at com.kms.katalon.core.webui.keyword.internal.WebUIAbstractKeyword.findWebElement(WebUIAbstractKeyword.groovy:26)
	at com.kms.katalon.core.webui.keyword.builtin.GetTextKeyword$_getText_closure1.doCall(GetTextKeyword.groovy:78)
	at com.kms.katalon.core.webui.keyword.builtin.GetTextKeyword$_getText_closure1.call(GetTextKeyword.groovy)
	at com.kms.katalon.core.webui.keyword.internal.WebUIKeywordMain.runKeyword(WebUIKeywordMain.groovy:20)
	at com.kms.katalon.core.webui.keyword.builtin.GetTextKeyword.getText(GetTextKeyword.groovy:88)
	at com.kms.katalon.core.webui.keyword.builtin.GetTextKeyword.execute(GetTextKeyword.groovy:67)
	at com.kms.katalon.core.keyword.internal.KeywordExecutor.executeKeywordForPlatform(KeywordExecutor.groovy:74)
	at com.kms.katalon.core.webui.keyword.WebUiBuiltInKeywords.getText(WebUiBuiltInKeywords.groovy:957)
	at Script1718980020443.Numbers(Script1718980020443.groovy:594)
	at Script1718980020443.run(Script1718980020443.groovy:301)
	... 15 more
)
[[ATTACHMENT|C:\\Users\\LIAZGINA-DI\\git\\SPORU\\Reports\\20250331_100758\\\u041F\u043D-\u0421\u0440-\u041F\u0442\\\u0421\u0432\u0435\u0440\u043A\u0430 \u0434\u0430\u0448\u0431\u043E\u0440\u0434\u043E\u0432 \u0438\u0437 \u0440\u0430\u0437\u043D\u044B\u0445 \u0431\u043B\u043E\u043A\u043E\u0432\\20250331_100758\\1743412829293.png]]

31-03-2025T12:20:29 - [TEST_STEP][PASSED] - if (page == "" || page == null): null

31-03-2025T12:20:29 - [TEST_STEP][PASSED] - fileInt = poteri.toInteger(): null

31-03-2025T12:20:29 - [TEST_STEP][PASSED] - Script1718980020443.WriteToExcelNoData(a, typeOfData, todaysDate, fileInt, fileDouble, dZO): null

31-03-2025T12:20:29 - [TEST_STEP][PASSED] - sheetName = "Sheet1": null

31-03-2025T12:20:29 - [TEST_STEP][PASSED] - data = findTestData("PlanFact"): null

31-03-2025T12:20:29 - [TEST_STEP][PASSED] - n = data.getRowNumbers() + 1: null

31-03-2025T12:20:29 - [TEST_STEP][PASSED] - day = ")).toInteger(): null

31-03-2025T12:20:29 - [TEST_STEP][PASSED] - println(day): null

31-03-2025T12:20:29 - [TEST_STEP][PASSED] - month = ")).toInteger(): null

31-03-2025T12:20:29 - [TEST_STEP][PASSED] - println(month): null

31-03-2025T12:20:29 - [TEST_STEP][PASSED] - y = <not implemented yet for class: org.codehaus.groovy.ast.expr.EmptyExpression>: null

31-03-2025T12:20:29 - [TEST_STEP][PASSED] - iy = <not implemented yet for class: org.codehaus.groovy.ast.expr.EmptyExpression>: null

31-03-2025T12:20:29 - [TEST_STEP][PASSED] - m = getText(findTestObject("Выполнение бизнес-плана/Период")): Text of object 'Object Repository/Выполнение бизнес-плана/Период' is: 'Январь 2025 года'

31-03-2025T12:20:29 - [MESSAGE][PASSED] - Text of object 'Object Repository/Выполнение бизнес-плана/Период' is: 'Январь 2025 года'

31-03-2025T12:20:29 - [TEST_STEP][PASSED] - iy = m.indexOf("20"): null

31-03-2025T12:20:29 - [TEST_STEP][PASSED] - if (iy > -1): null

31-03-2025T12:20:29 - [TEST_STEP][PASSED] - y = substring(iy, iy + 4).toInteger(): null

31-03-2025T12:20:29 - [TEST_STEP][PASSED] - println(y): null

31-03-2025T12:20:29 - [TEST_STEP][PASSED] - if (toString().length() == 4): null

31-03-2025T12:20:29 - [TEST_STEP][PASSED] - m = m.substring(0, m.indexOf(y.toString())): null

31-03-2025T12:20:29 - [TEST_STEP][PASSED] - m = m.trim(): null

31-03-2025T12:20:29 - [TEST_STEP][PASSED] - if (m == ""): null

31-03-2025T12:20:29 - [TEST_STEP][PASSED] - dashboardName = "Выполнение бизнес-плана": null

31-03-2025T12:20:29 - [TEST_STEP][PASSED] - workbook01 = getWorkbook(excelFilePath): null

31-03-2025T12:20:29 - [TEST_STEP][PASSED] - sheet01 = getExcelSheet(workbook01, sheetName): null

31-03-2025T12:20:29 - [TEST_STEP][PASSED] - setValueToCellByIndex(sheet01, n, 0, dashboardName): null

31-03-2025T12:20:29 - [TEST_STEP][PASSED] - setValueToCellByIndex(sheet01, n, 1, dZO): null

31-03-2025T12:20:29 - [TEST_STEP][PASSED] - setValueToCellByIndex(sheet01, n, 2, typeOfData): null

31-03-2025T12:20:29 - [TEST_STEP][PASSED] - if (typeOfData == "Факт в процентах" || typeOfData == "План в процентах"): null

31-03-2025T12:20:29 - [TEST_STEP][PASSED] - else: null

31-03-2025T12:20:29 - [TEST_STEP][PASSED] - setValueToCellByIndex(sheet01, n, 3, fileInt): null

31-03-2025T12:20:29 - [TEST_STEP][PASSED] - setValueToCellByIndex(sheet01, n, 4, "нет данных"): null

31-03-2025T12:20:29 - [TEST_STEP][PASSED] - setValueToCellByIndex(sheet01, n, 5, m): null

31-03-2025T12:20:29 - [TEST_STEP][PASSED] - setValueToCellByIndex(sheet01, n, 6, y): null

31-03-2025T12:20:29 - [TEST_STEP][PASSED] - setValueToCellByIndex(sheet01, n, 7, todaysDate): null

31-03-2025T12:20:29 - [TEST_STEP][PASSED] - n = n + 1: null

31-03-2025T12:20:29 - [TEST_STEP][FAILED] - saveWorkbook(excelFilePath, workbook01): null

31-03-2025T12:20:30 - [TEST_STEP][PASSED] - compare = pageOtpuskVSet: null

31-03-2025T12:20:30 - [TEST_STEP][PASSED] - if (pageOtpuskVSet != null): null

31-03-2025T12:20:30 - [TEST_STEP][PASSED] - if (compare == fileOtpuskVSet): null

31-03-2025T12:20:30 - [TEST_STEP][PASSED] - if (compare == fileOtpuskVSet): null

31-03-2025T12:20:30 - [TEST_STEP][PASSED] - compare = pagePoteri: null

31-03-2025T12:20:30 - [TEST_STEP][PASSED] - if (pageOtpuskVSet != null): null

31-03-2025T12:20:30 - [TEST_STEP][PASSED] - if (compare == filePoteri): null

31-03-2025T12:20:30 - [TEST_STEP][PASSED] - if (compare == filePoteri): null

31-03-2025T12:20:30 - [TEST_STEP][PASSED] - if (planFact == 2): null

31-03-2025T12:20:30 - [TEST_STEP][PASSED] - if (planFact == 1): null

31-03-2025T12:20:30 - [TEST_STEP][PASSED] - else if (planFact == 2): null

31-03-2025T12:20:30 - [TEST_STEP][PASSED] - click(findTestObject("Выполнение бизнес-плана/Кнопка План")): Object: 'Object Repository/Выполнение бизнес-плана/Кнопка План' is clicked on

31-03-2025T12:20:30 - [MESSAGE][PASSED] - Object: 'Object Repository/Выполнение бизнес-плана/Кнопка План' is clicked on

31-03-2025T12:20:30 - [TEST_STEP][PASSED] - typeOfDataMain = "План": null

31-03-2025T12:20:30 - [TEST_STEP][PASSED] - otpusk = findTestData("PlanFact").getValue(2, a): null

31-03-2025T12:20:30 - [TEST_STEP][PASSED] - poteri = findTestData("PlanFact").getValue(3, a): null

31-03-2025T12:20:30 - [TEST_STEP][PASSED] - otpusk = otpusk.replaceAll("\s+", ""): null

31-03-2025T12:20:30 - [TEST_STEP][PASSED] - poteri = poteri.replaceAll("\s+", ""): null

31-03-2025T12:20:30 - [TEST_STEP][PASSED] - typeOfData = typeOfDataMain + " Отпуск в сеть": null

31-03-2025T12:20:30 - [TEST_STEP][PASSED] - if (a == 82): null

31-03-2025T12:20:30 - [TEST_STEP][PASSED] - else if (a == 84): null

31-03-2025T12:20:30 - [TEST_STEP][PASSED] - else if (a == 83 || a == 52 || a == 72 || a == 28 || a == 73 || a == 77 || a == 74 || a == 65 || a == 36 || a == 44 || a == 53 || a == 80 || a == 54 || a == 1 || a == 18 || a == 59 || a == 81): null

31-03-2025T12:20:30 - [TEST_STEP][PASSED] - path = dataFolder + "Table Data/" + typeOfData + " за отчётный период " + dzoNum: null

31-03-2025T12:20:30 - [TEST_STEP][PASSED] - println(path): null

31-03-2025T12:20:30 - [TEST_STEP][PASSED] - page = getText(findTestObject(path)): Text of object 'Object Repository/Выполнение бизнес-плана/Значения со страницы Выполнение бизнес-плана/Table Data/План Отпуск в сеть за отчётный период 4' is: '3 479 216'

31-03-2025T12:20:30 - [MESSAGE][PASSED] - Text of object 'Object Repository/Выполнение бизнес-плана/Значения со страницы Выполнение бизнес-плана/Table Data/План Отпуск в сеть за отчётный период 4' is: '3 479 216'

31-03-2025T12:20:30 - [TEST_STEP][PASSED] - if (page == "" || page == null): null

31-03-2025T12:20:30 - [TEST_STEP][PASSED] - else: null

31-03-2025T12:20:30 - [TEST_STEP][PASSED] - page = page.replaceAll("\s+", ""): null

31-03-2025T12:20:30 - [TEST_STEP][PASSED] - if (page == "undefined"): null

31-03-2025T12:20:30 - [TEST_STEP][PASSED] - fileOtpuskVSet = otpusk.toInteger(): null

31-03-2025T12:20:30 - [TEST_STEP][PASSED] - pageOtpuskVSet = page.toInteger(): null

31-03-2025T12:20:30 - [TEST_STEP][PASSED] - typeOfData = typeOfDataMain + " Потери": null

31-03-2025T12:20:30 - [TEST_STEP][PASSED] - if (a == 82): null

31-03-2025T12:20:30 - [TEST_STEP][PASSED] - else if (a == 84): null

31-03-2025T12:20:30 - [TEST_STEP][PASSED] - else if (a == 83 || a == 52 || a == 72 || a == 28 || a == 73 || a == 77 || a == 74 || a == 65 || a == 44 || a == 53 || a == 80 || a == 54 || a == 1 || a == 18 || a == 59 || a == 81): null

31-03-2025T12:20:30 - [TEST_STEP][PASSED] - else: null

31-03-2025T12:20:30 - [TEST_STEP][PASSED] - path = dataFolder + typeOfData + " за отчётный период " + b: null

31-03-2025T12:20:30 - [TEST_STEP][FAILED] - page = getText(findTestObject(path)): Unable to get text of object 'Object Repository/Выполнение бизнес-плана/Значения со страницы Выполнение бизнес-плана/План Потери за отчётный период Россети Северо-Запад' (Root cause: com.kms.katalon.core.exception.StepFailedException: Unable to get text of object 'Object Repository/Выполнение бизнес-плана/Значения со страницы Выполнение бизнес-плана/План Потери за отчётный период Россети Северо-Запад'
	at com.kms.katalon.core.webui.keyword.internal.WebUIKeywordMain.stepFailed(WebUIKeywordMain.groovy:64)
	at com.kms.katalon.core.webui.keyword.internal.WebUIKeywordMain.runKeyword(WebUIKeywordMain.groovy:26)
	at com.kms.katalon.core.webui.keyword.builtin.GetTextKeyword.getText(GetTextKeyword.groovy:88)
	at com.kms.katalon.core.webui.keyword.builtin.GetTextKeyword.execute(GetTextKeyword.groovy:67)
	at com.kms.katalon.core.keyword.internal.KeywordExecutor.executeKeywordForPlatform(KeywordExecutor.groovy:74)
	at com.kms.katalon.core.webui.keyword.WebUiBuiltInKeywords.getText(WebUiBuiltInKeywords.groovy:957)
	at Выполнение бизнес-плана Сверка ПАО Россети все филиалы.Numbers(Выполнение бизнес-плана Сверка ПАО Россети все филиалы:594)
	at Выполнение бизнес-плана Сверка ПАО Россети все филиалы.run(Выполнение бизнес-плана Сверка ПАО Россети все филиалы:301)
	at com.kms.katalon.core.main.ScriptEngine.run(ScriptEngine.java:194)
	at com.kms.katalon.core.main.ScriptEngine.runScriptAsRawText(ScriptEngine.java:119)
	at com.kms.katalon.core.main.TestCaseExecutor.runScript(TestCaseExecutor.java:448)
	at com.kms.katalon.core.main.TestCaseExecutor.doExecute(TestCaseExecutor.java:439)
	at com.kms.katalon.core.main.TestCaseExecutor.processExecutionPhase(TestCaseExecutor.java:418)
	at com.kms.katalon.core.main.TestCaseExecutor.accessMainPhase(TestCaseExecutor.java:410)
	at com.kms.katalon.core.main.TestCaseExecutor.execute(TestCaseExecutor.java:285)
	at com.kms.katalon.core.common.CommonExecutor.accessTestCaseMainPhase(CommonExecutor.java:65)
	at com.kms.katalon.core.main.TestSuiteExecutor.accessTestSuiteMainPhase(TestSuiteExecutor.java:150)
	at com.kms.katalon.core.main.TestSuiteExecutor.execute(TestSuiteExecutor.java:106)
	at com.kms.katalon.core.main.TestCaseMain.startTestSuite(TestCaseMain.java:180)
	at TempTestSuite1743404878601.run(TempTestSuite1743404878601.groovy:35)
	at java.base/jdk.internal.reflect.NativeMethodAccessorImpl.invoke0(Native Method)
	at java.base/jdk.internal.reflect.NativeMethodAccessorImpl.invoke(NativeMethodAccessorImpl.java:77)
	at java.base/jdk.internal.reflect.DelegatingMethodAccessorImpl.invoke(DelegatingMethodAccessorImpl.java:43)
Caused by: com.kms.katalon.core.webui.exception.WebElementNotFoundException: Web element with id: 'Object Repository/Выполнение бизнес-плана/Значения со страницы Выполнение бизнес-плана/План Потери за отчётный период Россети Северо-Запад' located by '//div[160]/div[2]/div/div/table/tbody/tr[3]/td[9]' not found
	at com.kms.katalon.core.webui.common.WebUiCommonHelper.findWebElement(WebUiCommonHelper.java:1426)
	at com.kms.katalon.core.webui.keyword.internal.WebUIAbstractKeyword.findWebElement(WebUIAbstractKeyword.groovy:27)
	at com.kms.katalon.core.webui.keyword.internal.WebUIAbstractKeyword.findWebElement(WebUIAbstractKeyword.groovy:26)
	at com.kms.katalon.core.webui.keyword.builtin.GetTextKeyword$_getText_closure1.doCall(GetTextKeyword.groovy:78)
	at com.kms.katalon.core.webui.keyword.builtin.GetTextKeyword$_getText_closure1.call(GetTextKeyword.groovy)
	at com.kms.katalon.core.webui.keyword.internal.WebUIKeywordMain.runKeyword(WebUIKeywordMain.groovy:20)
	at com.kms.katalon.core.webui.keyword.builtin.GetTextKeyword.getText(GetTextKeyword.groovy:88)
	at com.kms.katalon.core.webui.keyword.builtin.GetTextKeyword.execute(GetTextKeyword.groovy:67)
	at com.kms.katalon.core.keyword.internal.KeywordExecutor.executeKeywordForPlatform(KeywordExecutor.groovy:74)
	at com.kms.katalon.core.webui.keyword.WebUiBuiltInKeywords.getText(WebUiBuiltInKeywords.groovy:957)
	at Script1718980020443.Numbers(Script1718980020443.groovy:594)
	at Script1718980020443.run(Script1718980020443.groovy:301)
	... 15 more
)

31-03-2025T12:21:02 - [MESSAGE][INFO] - Unable to find the element located by 'By.xpath: //div[160]/div[2]/div/div/table/tbody/tr[3]/td[9]'. Please recheck the objects properties to make sure the desired element is located. 

31-03-2025T12:21:02 - [MESSAGE][FAILED] - Unable to get text of object 'Object Repository/Выполнение бизнес-плана/Значения со страницы Выполнение бизнес-плана/План Потери за отчётный период Россети Северо-Запад' (Root cause: com.kms.katalon.core.exception.StepFailedException: Unable to get text of object 'Object Repository/Выполнение бизнес-плана/Значения со страницы Выполнение бизнес-плана/План Потери за отчётный период Россети Северо-Запад'
	at com.kms.katalon.core.webui.keyword.internal.WebUIKeywordMain.stepFailed(WebUIKeywordMain.groovy:64)
	at com.kms.katalon.core.webui.keyword.internal.WebUIKeywordMain.runKeyword(WebUIKeywordMain.groovy:26)
	at com.kms.katalon.core.webui.keyword.builtin.GetTextKeyword.getText(GetTextKeyword.groovy:88)
	at com.kms.katalon.core.webui.keyword.builtin.GetTextKeyword.execute(GetTextKeyword.groovy:67)
	at com.kms.katalon.core.keyword.internal.KeywordExecutor.executeKeywordForPlatform(KeywordExecutor.groovy:74)
	at com.kms.katalon.core.webui.keyword.WebUiBuiltInKeywords.getText(WebUiBuiltInKeywords.groovy:957)
	at Выполнение бизнес-плана Сверка ПАО Россети все филиалы.Numbers(Выполнение бизнес-плана Сверка ПАО Россети все филиалы:594)
	at Выполнение бизнес-плана Сверка ПАО Россети все филиалы.run(Выполнение бизнес-плана Сверка ПАО Россети все филиалы:301)
	at com.kms.katalon.core.main.ScriptEngine.run(ScriptEngine.java:194)
	at com.kms.katalon.core.main.ScriptEngine.runScriptAsRawText(ScriptEngine.java:119)
	at com.kms.katalon.core.main.TestCaseExecutor.runScript(TestCaseExecutor.java:448)
	at com.kms.katalon.core.main.TestCaseExecutor.doExecute(TestCaseExecutor.java:439)
	at com.kms.katalon.core.main.TestCaseExecutor.processExecutionPhase(TestCaseExecutor.java:418)
	at com.kms.katalon.core.main.TestCaseExecutor.accessMainPhase(TestCaseExecutor.java:410)
	at com.kms.katalon.core.main.TestCaseExecutor.execute(TestCaseExecutor.java:285)
	at com.kms.katalon.core.common.CommonExecutor.accessTestCaseMainPhase(CommonExecutor.java:65)
	at com.kms.katalon.core.main.TestSuiteExecutor.accessTestSuiteMainPhase(TestSuiteExecutor.java:150)
	at com.kms.katalon.core.main.TestSuiteExecutor.execute(TestSuiteExecutor.java:106)
	at com.kms.katalon.core.main.TestCaseMain.startTestSuite(TestCaseMain.java:180)
	at TempTestSuite1743404878601.run(TempTestSuite1743404878601.groovy:35)
	at java.base/jdk.internal.reflect.NativeMethodAccessorImpl.invoke0(Native Method)
	at java.base/jdk.internal.reflect.NativeMethodAccessorImpl.invoke(NativeMethodAccessorImpl.java:77)
	at java.base/jdk.internal.reflect.DelegatingMethodAccessorImpl.invoke(DelegatingMethodAccessorImpl.java:43)
Caused by: com.kms.katalon.core.webui.exception.WebElementNotFoundException: Web element with id: 'Object Repository/Выполнение бизнес-плана/Значения со страницы Выполнение бизнес-плана/План Потери за отчётный период Россети Северо-Запад' located by '//div[160]/div[2]/div/div/table/tbody/tr[3]/td[9]' not found
	at com.kms.katalon.core.webui.common.WebUiCommonHelper.findWebElement(WebUiCommonHelper.java:1426)
	at com.kms.katalon.core.webui.keyword.internal.WebUIAbstractKeyword.findWebElement(WebUIAbstractKeyword.groovy:27)
	at com.kms.katalon.core.webui.keyword.internal.WebUIAbstractKeyword.findWebElement(WebUIAbstractKeyword.groovy:26)
	at com.kms.katalon.core.webui.keyword.builtin.GetTextKeyword$_getText_closure1.doCall(GetTextKeyword.groovy:78)
	at com.kms.katalon.core.webui.keyword.builtin.GetTextKeyword$_getText_closure1.call(GetTextKeyword.groovy)
	at com.kms.katalon.core.webui.keyword.internal.WebUIKeywordMain.runKeyword(WebUIKeywordMain.groovy:20)
	at com.kms.katalon.core.webui.keyword.builtin.GetTextKeyword.getText(GetTextKeyword.groovy:88)
	at com.kms.katalon.core.webui.keyword.builtin.GetTextKeyword.execute(GetTextKeyword.groovy:67)
	at com.kms.katalon.core.keyword.internal.KeywordExecutor.executeKeywordForPlatform(KeywordExecutor.groovy:74)
	at com.kms.katalon.core.webui.keyword.WebUiBuiltInKeywords.getText(WebUiBuiltInKeywords.groovy:957)
	at Script1718980020443.Numbers(Script1718980020443.groovy:594)
	at Script1718980020443.run(Script1718980020443.groovy:301)
	... 15 more
)
[[ATTACHMENT|C:\\Users\\LIAZGINA-DI\\git\\SPORU\\Reports\\20250331_100758\\\u041F\u043D-\u0421\u0440-\u041F\u0442\\\u0421\u0432\u0435\u0440\u043A\u0430 \u0434\u0430\u0448\u0431\u043E\u0440\u0434\u043E\u0432 \u0438\u0437 \u0440\u0430\u0437\u043D\u044B\u0445 \u0431\u043B\u043E\u043A\u043E\u0432\\20250331_100758\\1743412862155.png]]

31-03-2025T12:21:02 - [TEST_STEP][PASSED] - if (page == "" || page == null): null

31-03-2025T12:21:02 - [TEST_STEP][PASSED] - fileInt = poteri.toInteger(): null

31-03-2025T12:21:02 - [TEST_STEP][PASSED] - Script1718980020443.WriteToExcelNoData(a, typeOfData, todaysDate, fileInt, fileDouble, dZO): null

31-03-2025T12:21:02 - [TEST_STEP][PASSED] - sheetName = "Sheet1": null

31-03-2025T12:21:02 - [TEST_STEP][PASSED] - data = findTestData("PlanFact"): null

31-03-2025T12:21:02 - [TEST_STEP][PASSED] - n = data.getRowNumbers() + 1: null

31-03-2025T12:21:02 - [TEST_STEP][PASSED] - day = ")).toInteger(): null

31-03-2025T12:21:02 - [TEST_STEP][PASSED] - println(day): null

31-03-2025T12:21:02 - [TEST_STEP][PASSED] - month = ")).toInteger(): null

31-03-2025T12:21:02 - [TEST_STEP][PASSED] - println(month): null

31-03-2025T12:21:02 - [TEST_STEP][PASSED] - y = <not implemented yet for class: org.codehaus.groovy.ast.expr.EmptyExpression>: null

31-03-2025T12:21:02 - [TEST_STEP][PASSED] - iy = <not implemented yet for class: org.codehaus.groovy.ast.expr.EmptyExpression>: null

31-03-2025T12:21:02 - [TEST_STEP][PASSED] - m = getText(findTestObject("Выполнение бизнес-плана/Период")): Text of object 'Object Repository/Выполнение бизнес-плана/Период' is: 'Январь 2025 года'

31-03-2025T12:21:02 - [MESSAGE][PASSED] - Text of object 'Object Repository/Выполнение бизнес-плана/Период' is: 'Январь 2025 года'

31-03-2025T12:21:02 - [TEST_STEP][PASSED] - iy = m.indexOf("20"): null

31-03-2025T12:21:02 - [TEST_STEP][PASSED] - if (iy > -1): null

31-03-2025T12:21:02 - [TEST_STEP][PASSED] - y = substring(iy, iy + 4).toInteger(): null

31-03-2025T12:21:02 - [TEST_STEP][PASSED] - println(y): null

31-03-2025T12:21:02 - [TEST_STEP][PASSED] - if (toString().length() == 4): null

31-03-2025T12:21:02 - [TEST_STEP][PASSED] - m = m.substring(0, m.indexOf(y.toString())): null

31-03-2025T12:21:02 - [TEST_STEP][PASSED] - m = m.trim(): null

31-03-2025T12:21:02 - [TEST_STEP][PASSED] - if (m == ""): null

31-03-2025T12:21:02 - [TEST_STEP][PASSED] - dashboardName = "Выполнение бизнес-плана": null

31-03-2025T12:21:02 - [TEST_STEP][PASSED] - workbook01 = getWorkbook(excelFilePath): null

31-03-2025T12:21:02 - [TEST_STEP][PASSED] - sheet01 = getExcelSheet(workbook01, sheetName): null

31-03-2025T12:21:02 - [TEST_STEP][PASSED] - setValueToCellByIndex(sheet01, n, 0, dashboardName): null

31-03-2025T12:21:02 - [TEST_STEP][PASSED] - setValueToCellByIndex(sheet01, n, 1, dZO): null

31-03-2025T12:21:02 - [TEST_STEP][PASSED] - setValueToCellByIndex(sheet01, n, 2, typeOfData): null

31-03-2025T12:21:02 - [TEST_STEP][PASSED] - if (typeOfData == "Факт в процентах" || typeOfData == "План в процентах"): null

31-03-2025T12:21:02 - [TEST_STEP][PASSED] - else: null

31-03-2025T12:21:02 - [TEST_STEP][PASSED] - setValueToCellByIndex(sheet01, n, 3, fileInt): null

31-03-2025T12:21:02 - [TEST_STEP][PASSED] - setValueToCellByIndex(sheet01, n, 4, "нет данных"): null

31-03-2025T12:21:02 - [TEST_STEP][PASSED] - setValueToCellByIndex(sheet01, n, 5, m): null

31-03-2025T12:21:02 - [TEST_STEP][PASSED] - setValueToCellByIndex(sheet01, n, 6, y): null

31-03-2025T12:21:02 - [TEST_STEP][PASSED] - setValueToCellByIndex(sheet01, n, 7, todaysDate): null

31-03-2025T12:21:02 - [TEST_STEP][PASSED] - n = n + 1: null

31-03-2025T12:21:02 - [TEST_STEP][PASSED] - saveWorkbook(excelFilePath, workbook01): Object: 'Object Repository/Выполнение бизнес-плана/Кнопка Факт' is clicked on

31-03-2025T12:21:02 - [TEST_STEP][PASSED] - compare = pageOtpuskVSet: null

31-03-2025T12:21:02 - [TEST_STEP][PASSED] - if (pageOtpuskVSet != null): null

31-03-2025T12:21:02 - [TEST_STEP][PASSED] - if (compare == fileOtpuskVSet): null

31-03-2025T12:21:02 - [TEST_STEP][PASSED] - if (compare == fileOtpuskVSet): null

31-03-2025T12:21:02 - [TEST_STEP][PASSED] - compare = pagePoteri: null

31-03-2025T12:21:02 - [TEST_STEP][PASSED] - if (pageOtpuskVSet != null): null

31-03-2025T12:21:02 - [TEST_STEP][PASSED] - if (compare == filePoteri): null

31-03-2025T12:21:02 - [TEST_STEP][PASSED] - if (compare == filePoteri): null

31-03-2025T12:21:02 - [TEST_STEP][PASSED] - if (planFact == 2): Object: 'Object Repository/Выполнение бизнес-плана/Кнопка Факт' is clicked on

31-03-2025T12:21:02 - [TEST_STEP][PASSED] - click(findTestObject("Выполнение бизнес-плана/Кнопка Факт")): Object: 'Object Repository/Выполнение бизнес-плана/Кнопка Факт' is clicked on

31-03-2025T12:21:03 - [MESSAGE][PASSED] - Object: 'Object Repository/Выполнение бизнес-плана/Кнопка Факт' is clicked on

31-03-2025T12:21:03 - [TEST_STEP][PASSED] - println("a=" + a): null

31-03-2025T12:21:03 - [TEST_STEP][PASSED] - if (a == 84 || a == 82): null

31-03-2025T12:21:03 - [TEST_STEP][PASSED] - else if (a == 83 || a == 52 || a == 72 || a == 28 || a == 73 || a == 77 || a == 74 || a == 65 || a == 36 || a == 44 || a == 53 || a == 80 || a == 54 || a == 1 || a == 18 || a == 59 || a == 81): null

31-03-2025T12:21:03 - [TEST_STEP][PASSED] - page1 = getText(findTestObject("Object Repository/Выполнение бизнес-плана/spanPlan" + dzoNum)): Text of object 'Object Repository/Выполнение бизнес-плана/spanPlan4' is: '7.61
|'

31-03-2025T12:21:03 - [MESSAGE][PASSED] - Text of object 'Object Repository/Выполнение бизнес-плана/spanPlan4' is: '7.61
|'

31-03-2025T12:21:03 - [TEST_STEP][PASSED] - page1 = page1.replace("|", ""): null

31-03-2025T12:21:03 - [TEST_STEP][PASSED] - page2 = getText(findTestObject("Object Repository/Выполнение бизнес-плана/spanFact" + dzoNum)): Text of object 'Object Repository/Выполнение бизнес-плана/spanFact4' is: '5.12'

31-03-2025T12:21:03 - [MESSAGE][PASSED] - Text of object 'Object Repository/Выполнение бизнес-плана/spanFact4' is: '5.12'

31-03-2025T12:21:03 - [TEST_STEP][PASSED] - page2 = page2.replace("|", ""): null

31-03-2025T12:21:03 - [TEST_STEP][PASSED] - println("page1: " + page1): null

31-03-2025T12:21:03 - [TEST_STEP][PASSED] - println("page2: " + page2): null

31-03-2025T12:21:03 - [TEST_STEP][PASSED] - file = findTestData("PlanFact").getValue(4, a): null

31-03-2025T12:21:03 - [TEST_STEP][PASSED] - file = file.replace(",", "."): null

31-03-2025T12:21:03 - [TEST_STEP][PASSED] - println("file Plan: " + file): null

31-03-2025T12:21:03 - [TEST_STEP][PASSED] - typeOfData = "План в процентах": null

31-03-2025T12:21:03 - [TEST_STEP][PASSED] - fileDouble = file.toDouble(): null

31-03-2025T12:21:03 - [TEST_STEP][PASSED] - pageDouble = page1.toDouble(): null

31-03-2025T12:21:03 - [TEST_STEP][PASSED] - if (fileDouble != pageDouble): null

31-03-2025T12:21:03 - [TEST_STEP][PASSED] - file = findTestData("PlanFact").getValue(7, a): null

31-03-2025T12:21:04 - [TEST_STEP][PASSED] - file = file.replace(",", "."): null

31-03-2025T12:21:04 - [TEST_STEP][PASSED] - println("file Fact: " + file): null

31-03-2025T12:21:04 - [TEST_STEP][PASSED] - fileDouble = file.toDouble(): null

31-03-2025T12:21:04 - [TEST_STEP][PASSED] - typeOfData = "Факт в процентах": null

31-03-2025T12:21:04 - [TEST_STEP][PASSED] - fileDouble = file.toDouble(): null

31-03-2025T12:21:04 - [TEST_STEP][PASSED] - pageDouble = page2.toDouble(): null

31-03-2025T12:21:04 - [TEST_STEP][PASSED] - if (fileDouble != pageDouble): null

31-03-2025T12:21:04 - [TEST_STEP][PASSED] - if (verifyEqual(numberOfErrors, 0) == false): Actual object '0' and expected object '0' are equal

31-03-2025T12:21:04 - [MESSAGE][PASSED] - Actual object '0' and expected object '0' are equal

31-03-2025T12:21:04 - [TEST_STEP][PASSED] - if (a == 82): null

31-03-2025T12:21:04 - [TEST_STEP][PASSED] - println(dzoNum): null

31-03-2025T12:21:04 - [TEST_STEP][PASSED] - dZO = "Россети Сибирь": null

31-03-2025T12:21:04 - [TEST_STEP][PASSED] - a = 44: null

31-03-2025T12:21:04 - [TEST_STEP][PASSED] - if (x1.contains("Сибирь")): null

31-03-2025T12:21:04 - [TEST_STEP][PASSED] - else: null

31-03-2025T12:21:04 - [TEST_STEP][PASSED] - Script1718980020443.NoData(a, typeOfData, todaysDate, fileInt, fileDouble, dZO): null

31-03-2025T12:21:04 - [TEST_STEP][PASSED] - println(a): null

31-03-2025T12:21:04 - [TEST_STEP][PASSED] - println(todaysDate): null

31-03-2025T12:21:04 - [TEST_STEP][PASSED] - println(fileInt): null

31-03-2025T12:21:04 - [TEST_STEP][PASSED] - println(fileDouble): null

31-03-2025T12:21:04 - [TEST_STEP][PASSED] - println(dZO): null

31-03-2025T12:21:04 - [TEST_STEP][PASSED] - typeOfData = "Факт Отпуск в сеть": null

31-03-2025T12:21:04 - [TEST_STEP][PASSED] - fileInt = replaceAll("\s+", "").toInteger(): null

31-03-2025T12:21:04 - [TEST_STEP][PASSED] - Script1718980020443.WriteToExcelNoData(a, typeOfData, todaysDate, fileInt, fileDouble, dZO): null

31-03-2025T12:21:04 - [TEST_STEP][PASSED] - sheetName = "Sheet1": null

31-03-2025T12:21:04 - [TEST_STEP][PASSED] - data = findTestData("PlanFact"): null

31-03-2025T12:21:04 - [TEST_STEP][PASSED] - n = data.getRowNumbers() + 1: null

31-03-2025T12:21:04 - [TEST_STEP][PASSED] - day = ")).toInteger(): null

31-03-2025T12:21:04 - [TEST_STEP][PASSED] - println(day): null

31-03-2025T12:21:04 - [TEST_STEP][PASSED] - month = ")).toInteger(): null

31-03-2025T12:21:04 - [TEST_STEP][PASSED] - println(month): null

31-03-2025T12:21:04 - [TEST_STEP][PASSED] - y = <not implemented yet for class: org.codehaus.groovy.ast.expr.EmptyExpression>: null

31-03-2025T12:21:04 - [TEST_STEP][PASSED] - iy = <not implemented yet for class: org.codehaus.groovy.ast.expr.EmptyExpression>: null

31-03-2025T12:21:04 - [TEST_STEP][PASSED] - m = getText(findTestObject("Выполнение бизнес-плана/Период")): Text of object 'Object Repository/Выполнение бизнес-плана/Период' is: 'Январь 2025 года'

31-03-2025T12:21:04 - [MESSAGE][PASSED] - Text of object 'Object Repository/Выполнение бизнес-плана/Период' is: 'Январь 2025 года'

31-03-2025T12:21:04 - [TEST_STEP][PASSED] - iy = m.indexOf("20"): null

31-03-2025T12:21:04 - [TEST_STEP][PASSED] - if (iy > -1): null

31-03-2025T12:21:04 - [TEST_STEP][PASSED] - y = substring(iy, iy + 4).toInteger(): null

31-03-2025T12:21:04 - [TEST_STEP][PASSED] - println(y): null

31-03-2025T12:21:04 - [TEST_STEP][PASSED] - if (toString().length() == 4): null

31-03-2025T12:21:04 - [TEST_STEP][PASSED] - m = m.substring(0, m.indexOf(y.toString())): null

31-03-2025T12:21:04 - [TEST_STEP][PASSED] - m = m.trim(): null

31-03-2025T12:21:04 - [TEST_STEP][PASSED] - if (m == ""): null

31-03-2025T12:21:04 - [TEST_STEP][PASSED] - dashboardName = "Выполнение бизнес-плана": null

31-03-2025T12:21:04 - [TEST_STEP][PASSED] - workbook01 = getWorkbook(excelFilePath): null

31-03-2025T12:21:04 - [TEST_STEP][PASSED] - sheet01 = getExcelSheet(workbook01, sheetName): null

31-03-2025T12:21:04 - [TEST_STEP][PASSED] - setValueToCellByIndex(sheet01, n, 0, dashboardName): null

31-03-2025T12:21:04 - [TEST_STEP][PASSED] - setValueToCellByIndex(sheet01, n, 1, dZO): null

31-03-2025T12:21:04 - [TEST_STEP][PASSED] - setValueToCellByIndex(sheet01, n, 2, typeOfData): null

31-03-2025T12:21:04 - [TEST_STEP][PASSED] - if (typeOfData == "Факт в процентах" || typeOfData == "План в процентах"): null

31-03-2025T12:21:04 - [TEST_STEP][PASSED] - else: null

31-03-2025T12:21:04 - [TEST_STEP][PASSED] - setValueToCellByIndex(sheet01, n, 3, fileInt): null

31-03-2025T12:21:04 - [TEST_STEP][PASSED] - setValueToCellByIndex(sheet01, n, 4, "нет данных"): null

31-03-2025T12:21:04 - [TEST_STEP][PASSED] - setValueToCellByIndex(sheet01, n, 5, m): null

31-03-2025T12:21:04 - [TEST_STEP][PASSED] - setValueToCellByIndex(sheet01, n, 6, y): null

31-03-2025T12:21:04 - [TEST_STEP][PASSED] - setValueToCellByIndex(sheet01, n, 7, todaysDate): null

31-03-2025T12:21:04 - [TEST_STEP][PASSED] - n = n + 1: null

31-03-2025T12:21:04 - [TEST_STEP][PASSED] - saveWorkbook(excelFilePath, workbook01): null

31-03-2025T12:21:04 - [TEST_STEP][PASSED] - typeOfData = "Факт Потери": null

31-03-2025T12:21:04 - [TEST_STEP][PASSED] - fileInt = replaceAll("\s+", "").toInteger(): null

31-03-2025T12:21:04 - [TEST_STEP][PASSED] - Script1718980020443.WriteToExcelNoData(a, typeOfData, todaysDate, fileInt, fileDouble, dZO): null

31-03-2025T12:21:04 - [TEST_STEP][PASSED] - sheetName = "Sheet1": null

31-03-2025T12:21:04 - [TEST_STEP][PASSED] - data = findTestData("PlanFact"): null

31-03-2025T12:21:04 - [TEST_STEP][PASSED] - n = data.getRowNumbers() + 1: null

31-03-2025T12:21:04 - [TEST_STEP][PASSED] - day = ")).toInteger(): null

31-03-2025T12:21:04 - [TEST_STEP][PASSED] - println(day): null

31-03-2025T12:21:04 - [TEST_STEP][PASSED] - month = ")).toInteger(): null

31-03-2025T12:21:04 - [TEST_STEP][PASSED] - println(month): null

31-03-2025T12:21:04 - [TEST_STEP][PASSED] - y = <not implemented yet for class: org.codehaus.groovy.ast.expr.EmptyExpression>: null

31-03-2025T12:21:04 - [TEST_STEP][PASSED] - iy = <not implemented yet for class: org.codehaus.groovy.ast.expr.EmptyExpression>: null

31-03-2025T12:21:04 - [TEST_STEP][PASSED] - m = getText(findTestObject("Выполнение бизнес-плана/Период")): Text of object 'Object Repository/Выполнение бизнес-плана/Период' is: 'Январь 2025 года'

31-03-2025T12:21:05 - [MESSAGE][PASSED] - Text of object 'Object Repository/Выполнение бизнес-плана/Период' is: 'Январь 2025 года'

31-03-2025T12:21:05 - [TEST_STEP][PASSED] - iy = m.indexOf("20"): null

31-03-2025T12:21:05 - [TEST_STEP][PASSED] - if (iy > -1): null

31-03-2025T12:21:05 - [TEST_STEP][PASSED] - y = substring(iy, iy + 4).toInteger(): null

31-03-2025T12:21:05 - [TEST_STEP][PASSED] - println(y): null

31-03-2025T12:21:05 - [TEST_STEP][PASSED] - if (toString().length() == 4): null

31-03-2025T12:21:05 - [TEST_STEP][PASSED] - m = m.substring(0, m.indexOf(y.toString())): null

31-03-2025T12:21:05 - [TEST_STEP][PASSED] - m = m.trim(): null

31-03-2025T12:21:05 - [TEST_STEP][PASSED] - if (m == ""): null

31-03-2025T12:21:05 - [TEST_STEP][PASSED] - dashboardName = "Выполнение бизнес-плана": null

31-03-2025T12:21:05 - [TEST_STEP][PASSED] - workbook01 = getWorkbook(excelFilePath): null

31-03-2025T12:21:05 - [TEST_STEP][PASSED] - sheet01 = getExcelSheet(workbook01, sheetName): null

31-03-2025T12:21:05 - [TEST_STEP][PASSED] - setValueToCellByIndex(sheet01, n, 0, dashboardName): null

31-03-2025T12:21:05 - [TEST_STEP][PASSED] - setValueToCellByIndex(sheet01, n, 1, dZO): null

31-03-2025T12:21:05 - [TEST_STEP][PASSED] - setValueToCellByIndex(sheet01, n, 2, typeOfData): null

31-03-2025T12:21:05 - [TEST_STEP][PASSED] - if (typeOfData == "Факт в процентах" || typeOfData == "План в процентах"): null

31-03-2025T12:21:05 - [TEST_STEP][PASSED] - else: null

31-03-2025T12:21:05 - [TEST_STEP][PASSED] - setValueToCellByIndex(sheet01, n, 3, fileInt): null

31-03-2025T12:21:05 - [TEST_STEP][PASSED] - setValueToCellByIndex(sheet01, n, 4, "нет данных"): null

31-03-2025T12:21:05 - [TEST_STEP][PASSED] - setValueToCellByIndex(sheet01, n, 5, m): null

31-03-2025T12:21:05 - [TEST_STEP][PASSED] - setValueToCellByIndex(sheet01, n, 6, y): null

31-03-2025T12:21:05 - [TEST_STEP][PASSED] - setValueToCellByIndex(sheet01, n, 7, todaysDate): null

31-03-2025T12:21:05 - [TEST_STEP][PASSED] - n = n + 1: null

31-03-2025T12:21:05 - [TEST_STEP][PASSED] - saveWorkbook(excelFilePath, workbook01): null

31-03-2025T12:21:05 - [TEST_STEP][PASSED] - typeOfData = "План Отпуск в сеть": null

31-03-2025T12:21:05 - [TEST_STEP][PASSED] - fileInt = replaceAll("\s+", "").toInteger(): null

31-03-2025T12:21:05 - [TEST_STEP][PASSED] - Script1718980020443.WriteToExcelNoData(a, typeOfData, todaysDate, fileInt, fileDouble, dZO): null

31-03-2025T12:21:05 - [TEST_STEP][PASSED] - sheetName = "Sheet1": null

31-03-2025T12:21:05 - [TEST_STEP][PASSED] - data = findTestData("PlanFact"): null

31-03-2025T12:21:05 - [TEST_STEP][PASSED] - n = data.getRowNumbers() + 1: null

31-03-2025T12:21:05 - [TEST_STEP][PASSED] - day = ")).toInteger(): null

31-03-2025T12:21:05 - [TEST_STEP][PASSED] - println(day): null

31-03-2025T12:21:05 - [TEST_STEP][PASSED] - month = ")).toInteger(): null

31-03-2025T12:21:05 - [TEST_STEP][PASSED] - println(month): null

31-03-2025T12:21:05 - [TEST_STEP][PASSED] - y = <not implemented yet for class: org.codehaus.groovy.ast.expr.EmptyExpression>: null

31-03-2025T12:21:05 - [TEST_STEP][PASSED] - iy = <not implemented yet for class: org.codehaus.groovy.ast.expr.EmptyExpression>: null

31-03-2025T12:21:05 - [TEST_STEP][PASSED] - m = getText(findTestObject("Выполнение бизнес-плана/Период")): Text of object 'Object Repository/Выполнение бизнес-плана/Период' is: 'Январь 2025 года'

31-03-2025T12:21:05 - [MESSAGE][PASSED] - Text of object 'Object Repository/Выполнение бизнес-плана/Период' is: 'Январь 2025 года'

31-03-2025T12:21:05 - [TEST_STEP][PASSED] - iy = m.indexOf("20"): null

31-03-2025T12:21:05 - [TEST_STEP][PASSED] - if (iy > -1): null

31-03-2025T12:21:05 - [TEST_STEP][PASSED] - y = substring(iy, iy + 4).toInteger(): null

31-03-2025T12:21:05 - [TEST_STEP][PASSED] - println(y): null

31-03-2025T12:21:05 - [TEST_STEP][PASSED] - if (toString().length() == 4): null

31-03-2025T12:21:05 - [TEST_STEP][PASSED] - m = m.substring(0, m.indexOf(y.toString())): null

31-03-2025T12:21:05 - [TEST_STEP][PASSED] - m = m.trim(): null

31-03-2025T12:21:05 - [TEST_STEP][PASSED] - if (m == ""): null

31-03-2025T12:21:05 - [TEST_STEP][PASSED] - dashboardName = "Выполнение бизнес-плана": null

31-03-2025T12:21:05 - [TEST_STEP][PASSED] - workbook01 = getWorkbook(excelFilePath): null

31-03-2025T12:21:05 - [TEST_STEP][PASSED] - sheet01 = getExcelSheet(workbook01, sheetName): null

31-03-2025T12:21:05 - [TEST_STEP][PASSED] - setValueToCellByIndex(sheet01, n, 0, dashboardName): null

31-03-2025T12:21:05 - [TEST_STEP][PASSED] - setValueToCellByIndex(sheet01, n, 1, dZO): null

31-03-2025T12:21:05 - [TEST_STEP][PASSED] - setValueToCellByIndex(sheet01, n, 2, typeOfData): null

31-03-2025T12:21:05 - [TEST_STEP][PASSED] - if (typeOfData == "Факт в процентах" || typeOfData == "План в процентах"): null

31-03-2025T12:21:05 - [TEST_STEP][PASSED] - else: null

31-03-2025T12:21:05 - [TEST_STEP][PASSED] - setValueToCellByIndex(sheet01, n, 3, fileInt): null

31-03-2025T12:21:05 - [TEST_STEP][PASSED] - setValueToCellByIndex(sheet01, n, 4, "нет данных"): null

31-03-2025T12:21:05 - [TEST_STEP][PASSED] - setValueToCellByIndex(sheet01, n, 5, m): null

31-03-2025T12:21:05 - [TEST_STEP][PASSED] - setValueToCellByIndex(sheet01, n, 6, y): null

31-03-2025T12:21:05 - [TEST_STEP][PASSED] - setValueToCellByIndex(sheet01, n, 7, todaysDate): null

31-03-2025T12:21:05 - [TEST_STEP][PASSED] - n = n + 1: null

31-03-2025T12:21:05 - [TEST_STEP][PASSED] - saveWorkbook(excelFilePath, workbook01): null

31-03-2025T12:21:06 - [TEST_STEP][PASSED] - typeOfData = "План Потери": null

31-03-2025T12:21:06 - [TEST_STEP][PASSED] - fileInt = replaceAll("\s+", "").toInteger(): null

31-03-2025T12:21:06 - [TEST_STEP][PASSED] - Script1718980020443.WriteToExcelNoData(a, typeOfData, todaysDate, fileInt, fileDouble, dZO): null

31-03-2025T12:21:06 - [TEST_STEP][PASSED] - sheetName = "Sheet1": null

31-03-2025T12:21:06 - [TEST_STEP][PASSED] - data = findTestData("PlanFact"): null

31-03-2025T12:21:06 - [TEST_STEP][PASSED] - n = data.getRowNumbers() + 1: null

31-03-2025T12:21:06 - [TEST_STEP][PASSED] - day = ")).toInteger(): null

31-03-2025T12:21:06 - [TEST_STEP][PASSED] - println(day): null

31-03-2025T12:21:06 - [TEST_STEP][PASSED] - month = ")).toInteger(): null

31-03-2025T12:21:06 - [TEST_STEP][PASSED] - println(month): null

31-03-2025T12:21:06 - [TEST_STEP][PASSED] - y = <not implemented yet for class: org.codehaus.groovy.ast.expr.EmptyExpression>: null

31-03-2025T12:21:06 - [TEST_STEP][PASSED] - iy = <not implemented yet for class: org.codehaus.groovy.ast.expr.EmptyExpression>: null

31-03-2025T12:21:06 - [TEST_STEP][PASSED] - m = getText(findTestObject("Выполнение бизнес-плана/Период")): Text of object 'Object Repository/Выполнение бизнес-плана/Период' is: 'Январь 2025 года'

31-03-2025T12:21:06 - [MESSAGE][PASSED] - Text of object 'Object Repository/Выполнение бизнес-плана/Период' is: 'Январь 2025 года'

31-03-2025T12:21:06 - [TEST_STEP][PASSED] - iy = m.indexOf("20"): null

31-03-2025T12:21:06 - [TEST_STEP][PASSED] - if (iy > -1): null

31-03-2025T12:21:06 - [TEST_STEP][PASSED] - y = substring(iy, iy + 4).toInteger(): null

31-03-2025T12:21:06 - [TEST_STEP][PASSED] - println(y): null

31-03-2025T12:21:06 - [TEST_STEP][PASSED] - if (toString().length() == 4): null

31-03-2025T12:21:06 - [TEST_STEP][PASSED] - m = m.substring(0, m.indexOf(y.toString())): null

31-03-2025T12:21:06 - [TEST_STEP][PASSED] - m = m.trim(): null

31-03-2025T12:21:06 - [TEST_STEP][PASSED] - if (m == ""): null

31-03-2025T12:21:06 - [TEST_STEP][PASSED] - dashboardName = "Выполнение бизнес-плана": null

31-03-2025T12:21:06 - [TEST_STEP][PASSED] - workbook01 = getWorkbook(excelFilePath): null

31-03-2025T12:21:06 - [TEST_STEP][PASSED] - sheet01 = getExcelSheet(workbook01, sheetName): null

31-03-2025T12:21:06 - [TEST_STEP][PASSED] - setValueToCellByIndex(sheet01, n, 0, dashboardName): null

31-03-2025T12:21:06 - [TEST_STEP][PASSED] - setValueToCellByIndex(sheet01, n, 1, dZO): null

31-03-2025T12:21:06 - [TEST_STEP][PASSED] - setValueToCellByIndex(sheet01, n, 2, typeOfData): null

31-03-2025T12:21:06 - [TEST_STEP][PASSED] - if (typeOfData == "Факт в процентах" || typeOfData == "План в процентах"): null

31-03-2025T12:21:06 - [TEST_STEP][PASSED] - else: null

31-03-2025T12:21:06 - [TEST_STEP][PASSED] - setValueToCellByIndex(sheet01, n, 3, fileInt): null

31-03-2025T12:21:06 - [TEST_STEP][PASSED] - setValueToCellByIndex(sheet01, n, 4, "нет данных"): null

31-03-2025T12:21:06 - [TEST_STEP][PASSED] - setValueToCellByIndex(sheet01, n, 5, m): null

31-03-2025T12:21:06 - [TEST_STEP][PASSED] - setValueToCellByIndex(sheet01, n, 6, y): null

31-03-2025T12:21:06 - [TEST_STEP][PASSED] - setValueToCellByIndex(sheet01, n, 7, todaysDate): null

31-03-2025T12:21:06 - [TEST_STEP][PASSED] - n = n + 1: null

31-03-2025T12:21:06 - [TEST_STEP][PASSED] - saveWorkbook(excelFilePath, workbook01): null

31-03-2025T12:21:06 - [TEST_STEP][PASSED] - typeOfData = "План в процентах": null

31-03-2025T12:21:06 - [TEST_STEP][PASSED] - fileDouble = ").toDouble(): null

31-03-2025T12:21:06 - [TEST_STEP][PASSED] - Script1718980020443.WriteToExcelNoData(a, typeOfData, todaysDate, fileInt, fileDouble, dZO): null

31-03-2025T12:21:06 - [TEST_STEP][PASSED] - sheetName = "Sheet1": null

31-03-2025T12:21:06 - [TEST_STEP][PASSED] - data = findTestData("PlanFact"): null

31-03-2025T12:21:06 - [TEST_STEP][PASSED] - n = data.getRowNumbers() + 1: null

31-03-2025T12:21:06 - [TEST_STEP][PASSED] - day = ")).toInteger(): null

31-03-2025T12:21:06 - [TEST_STEP][PASSED] - println(day): null

31-03-2025T12:21:06 - [TEST_STEP][PASSED] - month = ")).toInteger(): null

31-03-2025T12:21:06 - [TEST_STEP][PASSED] - println(month): null

31-03-2025T12:21:06 - [TEST_STEP][PASSED] - y = <not implemented yet for class: org.codehaus.groovy.ast.expr.EmptyExpression>: null

31-03-2025T12:21:06 - [TEST_STEP][PASSED] - iy = <not implemented yet for class: org.codehaus.groovy.ast.expr.EmptyExpression>: null

31-03-2025T12:21:06 - [TEST_STEP][PASSED] - m = getText(findTestObject("Выполнение бизнес-плана/Период")): Text of object 'Object Repository/Выполнение бизнес-плана/Период' is: 'Январь 2025 года'

31-03-2025T12:21:07 - [MESSAGE][PASSED] - Text of object 'Object Repository/Выполнение бизнес-плана/Период' is: 'Январь 2025 года'

31-03-2025T12:21:07 - [TEST_STEP][PASSED] - iy = m.indexOf("20"): null

31-03-2025T12:21:07 - [TEST_STEP][PASSED] - if (iy > -1): null

31-03-2025T12:21:07 - [TEST_STEP][PASSED] - y = substring(iy, iy + 4).toInteger(): null

31-03-2025T12:21:07 - [TEST_STEP][PASSED] - println(y): null

31-03-2025T12:21:07 - [TEST_STEP][PASSED] - if (toString().length() == 4): null

31-03-2025T12:21:07 - [TEST_STEP][PASSED] - m = m.substring(0, m.indexOf(y.toString())): null

31-03-2025T12:21:07 - [TEST_STEP][PASSED] - m = m.trim(): null

31-03-2025T12:21:07 - [TEST_STEP][PASSED] - if (m == ""): null

31-03-2025T12:21:07 - [TEST_STEP][PASSED] - dashboardName = "Выполнение бизнес-плана": null

31-03-2025T12:21:07 - [TEST_STEP][PASSED] - workbook01 = getWorkbook(excelFilePath): null

31-03-2025T12:21:07 - [TEST_STEP][PASSED] - sheet01 = getExcelSheet(workbook01, sheetName): null

31-03-2025T12:21:07 - [TEST_STEP][PASSED] - setValueToCellByIndex(sheet01, n, 0, dashboardName): null

31-03-2025T12:21:07 - [TEST_STEP][PASSED] - setValueToCellByIndex(sheet01, n, 1, dZO): null

31-03-2025T12:21:07 - [TEST_STEP][PASSED] - setValueToCellByIndex(sheet01, n, 2, typeOfData): null

31-03-2025T12:21:07 - [TEST_STEP][PASSED] - if (typeOfData == "Факт в процентах" || typeOfData == "План в процентах"): null

31-03-2025T12:21:07 - [TEST_STEP][PASSED] - setValueToCellByIndex(sheet01, n, 3, fileDouble): null

31-03-2025T12:21:07 - [TEST_STEP][PASSED] - setValueToCellByIndex(sheet01, n, 4, "нет данных"): null

31-03-2025T12:21:07 - [TEST_STEP][PASSED] - setValueToCellByIndex(sheet01, n, 5, m): null

31-03-2025T12:21:07 - [TEST_STEP][PASSED] - setValueToCellByIndex(sheet01, n, 6, y): null

31-03-2025T12:21:07 - [TEST_STEP][PASSED] - setValueToCellByIndex(sheet01, n, 7, todaysDate): null

31-03-2025T12:21:07 - [TEST_STEP][PASSED] - n = n + 1: null

31-03-2025T12:21:07 - [TEST_STEP][PASSED] - saveWorkbook(excelFilePath, workbook01): null

31-03-2025T12:21:07 - [TEST_STEP][PASSED] - typeOfData = "Факт в процентах": null

31-03-2025T12:21:07 - [TEST_STEP][PASSED] - fileDouble = ").toDouble(): null

31-03-2025T12:21:07 - [TEST_STEP][PASSED] - Script1718980020443.WriteToExcelNoData(a, typeOfData, todaysDate, fileInt, fileDouble, dZO): null

31-03-2025T12:21:07 - [TEST_STEP][PASSED] - sheetName = "Sheet1": null

31-03-2025T12:21:07 - [TEST_STEP][PASSED] - data = findTestData("PlanFact"): null

31-03-2025T12:21:07 - [TEST_STEP][PASSED] - n = data.getRowNumbers() + 1: null

31-03-2025T12:21:07 - [TEST_STEP][PASSED] - day = ")).toInteger(): null

31-03-2025T12:21:07 - [TEST_STEP][PASSED] - println(day): null

31-03-2025T12:21:07 - [TEST_STEP][PASSED] - month = ")).toInteger(): null

31-03-2025T12:21:07 - [TEST_STEP][PASSED] - println(month): null

31-03-2025T12:21:07 - [TEST_STEP][PASSED] - y = <not implemented yet for class: org.codehaus.groovy.ast.expr.EmptyExpression>: null

31-03-2025T12:21:07 - [TEST_STEP][PASSED] - iy = <not implemented yet for class: org.codehaus.groovy.ast.expr.EmptyExpression>: null

31-03-2025T12:21:07 - [TEST_STEP][PASSED] - m = getText(findTestObject("Выполнение бизнес-плана/Период")): Text of object 'Object Repository/Выполнение бизнес-плана/Период' is: 'Январь 2025 года'

31-03-2025T12:21:07 - [MESSAGE][PASSED] - Text of object 'Object Repository/Выполнение бизнес-плана/Период' is: 'Январь 2025 года'

31-03-2025T12:21:07 - [TEST_STEP][PASSED] - iy = m.indexOf("20"): null

31-03-2025T12:21:07 - [TEST_STEP][PASSED] - if (iy > -1): null

31-03-2025T12:21:07 - [TEST_STEP][PASSED] - y = substring(iy, iy + 4).toInteger(): null

31-03-2025T12:21:07 - [TEST_STEP][PASSED] - println(y): null

31-03-2025T12:21:07 - [TEST_STEP][PASSED] - if (toString().length() == 4): null

31-03-2025T12:21:07 - [TEST_STEP][PASSED] - m = m.substring(0, m.indexOf(y.toString())): null

31-03-2025T12:21:07 - [TEST_STEP][PASSED] - m = m.trim(): null

31-03-2025T12:21:07 - [TEST_STEP][PASSED] - if (m == ""): null

31-03-2025T12:21:07 - [TEST_STEP][PASSED] - dashboardName = "Выполнение бизнес-плана": null

31-03-2025T12:21:07 - [TEST_STEP][PASSED] - workbook01 = getWorkbook(excelFilePath): null

31-03-2025T12:21:07 - [TEST_STEP][PASSED] - sheet01 = getExcelSheet(workbook01, sheetName): null

31-03-2025T12:21:07 - [TEST_STEP][PASSED] - setValueToCellByIndex(sheet01, n, 0, dashboardName): null

31-03-2025T12:21:07 - [TEST_STEP][PASSED] - setValueToCellByIndex(sheet01, n, 1, dZO): null

31-03-2025T12:21:07 - [TEST_STEP][PASSED] - setValueToCellByIndex(sheet01, n, 2, typeOfData): null

31-03-2025T12:21:07 - [TEST_STEP][PASSED] - if (typeOfData == "Факт в процентах" || typeOfData == "План в процентах"): null

31-03-2025T12:21:07 - [TEST_STEP][PASSED] - setValueToCellByIndex(sheet01, n, 3, fileDouble): null

31-03-2025T12:21:07 - [TEST_STEP][PASSED] - setValueToCellByIndex(sheet01, n, 4, "нет данных"): null

31-03-2025T12:21:07 - [TEST_STEP][PASSED] - setValueToCellByIndex(sheet01, n, 5, m): null

31-03-2025T12:21:07 - [TEST_STEP][PASSED] - setValueToCellByIndex(sheet01, n, 6, y): null

31-03-2025T12:21:07 - [TEST_STEP][PASSED] - setValueToCellByIndex(sheet01, n, 7, todaysDate): null

31-03-2025T12:21:07 - [TEST_STEP][PASSED] - n = n + 1: null

31-03-2025T12:21:07 - [TEST_STEP][PASSED] - saveWorkbook(excelFilePath, workbook01): null

31-03-2025T12:21:08 - [TEST_STEP][PASSED] - println(dzoNum): null

31-03-2025T12:21:08 - [TEST_STEP][PASSED] - dZO = "Россети Томск": null

31-03-2025T12:21:08 - [TEST_STEP][PASSED] - a = 53: null

31-03-2025T12:21:08 - [TEST_STEP][PASSED] - if (x1.contains("Томск")): null

31-03-2025T12:21:08 - [TEST_STEP][PASSED] - dzoNum = dzoNum + 1: null

31-03-2025T12:21:08 - [TEST_STEP][PASSED] - Script1718980020443.Numbers(a, typeOfData, todaysDate, pageInt, fileInt, pageDouble, fileDouble, dZO, dzoNum, filialNum): null

31-03-2025T12:21:08 - [TEST_STEP][PASSED] - println(dzoNum): null

31-03-2025T12:21:08 - [TEST_STEP][PASSED] - planFact = <not implemented yet for class: org.codehaus.groovy.ast.expr.EmptyExpression>: null

31-03-2025T12:21:08 - [TEST_STEP][PASSED] - page = <not implemented yet for class: org.codehaus.groovy.ast.expr.EmptyExpression>: null

31-03-2025T12:21:08 - [TEST_STEP][PASSED] - page1 = <not implemented yet for class: org.codehaus.groovy.ast.expr.EmptyExpression>: null

31-03-2025T12:21:08 - [TEST_STEP][PASSED] - page2 = <not implemented yet for class: org.codehaus.groovy.ast.expr.EmptyExpression>: null

31-03-2025T12:21:08 - [TEST_STEP][PASSED] - filialNumberInRow = <not implemented yet for class: org.codehaus.groovy.ast.expr.EmptyExpression>: null

31-03-2025T12:21:08 - [TEST_STEP][PASSED] - filialsDzoNames = <not implemented yet for class: org.codehaus.groovy.ast.expr.EmptyExpression>: null

31-03-2025T12:21:08 - [TEST_STEP][PASSED] - numberOfFilials = <not implemented yet for class: org.codehaus.groovy.ast.expr.EmptyExpression>: null

31-03-2025T12:21:08 - [TEST_STEP][PASSED] - numberOfSpaces = <not implemented yet for class: org.codehaus.groovy.ast.expr.EmptyExpression>: null

31-03-2025T12:21:08 - [TEST_STEP][PASSED] - file = <not implemented yet for class: org.codehaus.groovy.ast.expr.EmptyExpression>: null

31-03-2025T12:21:08 - [TEST_STEP][PASSED] - otpusk = <not implemented yet for class: org.codehaus.groovy.ast.expr.EmptyExpression>: null

31-03-2025T12:21:08 - [TEST_STEP][PASSED] - poteri = <not implemented yet for class: org.codehaus.groovy.ast.expr.EmptyExpression>: null

31-03-2025T12:21:08 - [TEST_STEP][PASSED] - dataFolder = "Выполнение бизнес-плана/Значения со страницы Выполнение бизнес-плана/": null

31-03-2025T12:21:08 - [TEST_STEP][PASSED] - path = <not implemented yet for class: org.codehaus.groovy.ast.expr.EmptyExpression>: null

31-03-2025T12:21:08 - [TEST_STEP][PASSED] - typeOfDataMain = <not implemented yet for class: org.codehaus.groovy.ast.expr.EmptyExpression>: null

31-03-2025T12:21:08 - [TEST_STEP][PASSED] - fileOtpuskVSet = <not implemented yet for class: org.codehaus.groovy.ast.expr.EmptyExpression>: null

31-03-2025T12:21:08 - [TEST_STEP][PASSED] - pageOtpuskVSet = <not implemented yet for class: org.codehaus.groovy.ast.expr.EmptyExpression>: null

31-03-2025T12:21:08 - [TEST_STEP][PASSED] - filePoteri = <not implemented yet for class: org.codehaus.groovy.ast.expr.EmptyExpression>: null

31-03-2025T12:21:08 - [TEST_STEP][PASSED] - pagePoteri = <not implemented yet for class: org.codehaus.groovy.ast.expr.EmptyExpression>: null

31-03-2025T12:21:08 - [TEST_STEP][PASSED] - compare = <not implemented yet for class: org.codehaus.groovy.ast.expr.EmptyExpression>: null

31-03-2025T12:21:08 - [TEST_STEP][PASSED] - b = <not implemented yet for class: org.codehaus.groovy.ast.expr.EmptyExpression>: null

31-03-2025T12:21:08 - [TEST_STEP][PASSED] - i = <not implemented yet for class: org.codehaus.groovy.ast.expr.EmptyExpression>: null

31-03-2025T12:21:08 - [TEST_STEP][PASSED] - ii = <not implemented yet for class: org.codehaus.groovy.ast.expr.EmptyExpression>: null

31-03-2025T12:21:08 - [TEST_STEP][PASSED] - c = <not implemented yet for class: org.codehaus.groovy.ast.expr.EmptyExpression>: null

31-03-2025T12:21:08 - [TEST_STEP][PASSED] - numberOfErrors = 0: null

31-03-2025T12:21:08 - [TEST_STEP][PASSED] - if (a == 82): null

31-03-2025T12:21:08 - [TEST_STEP][PASSED] - b = findTestData("PlanFact").getValue(1, a): null

31-03-2025T12:21:08 - [TEST_STEP][PASSED] - i = b.indexOf(" (ГК)"): null

31-03-2025T12:21:08 - [TEST_STEP][PASSED] - if (i > -1): null

31-03-2025T12:21:08 - [TEST_STEP][PASSED] - i = b.indexOf("О ""): null

31-03-2025T12:21:08 - [TEST_STEP][PASSED] - if (i > -1): null

31-03-2025T12:21:08 - [TEST_STEP][PASSED] - i = b.indexOf("О «"): null

31-03-2025T12:21:08 - [TEST_STEP][PASSED] - if (i > -1): null

31-03-2025T12:21:08 - [TEST_STEP][PASSED] - i = b.indexOf("г. "): null

31-03-2025T12:21:08 - [TEST_STEP][PASSED] - if (i > -1): null

31-03-2025T12:21:08 - [TEST_STEP][PASSED] - b = b.trim(): null

31-03-2025T12:21:08 - [TEST_STEP][PASSED] - println(b): null

31-03-2025T12:21:08 - [TEST_STEP][PASSED] - for ([planFact = 1, planFact < 3, (planFact++)]): null

31-03-2025T12:21:08 - [TEST_STEP][PASSED] - if (planFact == 1): null

31-03-2025T12:21:08 - [TEST_STEP][PASSED] - typeOfDataMain = "Факт": null

31-03-2025T12:21:08 - [TEST_STEP][PASSED] - otpusk = findTestData("PlanFact").getValue(5, a): null

31-03-2025T12:21:08 - [TEST_STEP][PASSED] - poteri = findTestData("PlanFact").getValue(6, a): null

31-03-2025T12:21:08 - [TEST_STEP][PASSED] - otpusk = otpusk.replaceAll("\s+", ""): null

31-03-2025T12:21:08 - [TEST_STEP][PASSED] - poteri = poteri.replaceAll("\s+", ""): null

31-03-2025T12:21:08 - [TEST_STEP][PASSED] - typeOfData = typeOfDataMain + " Отпуск в сеть": null

31-03-2025T12:21:08 - [TEST_STEP][PASSED] - if (a == 82): null

31-03-2025T12:21:08 - [TEST_STEP][PASSED] - else if (a == 84): null

31-03-2025T12:21:08 - [TEST_STEP][PASSED] - else if (a == 83 || a == 52 || a == 72 || a == 28 || a == 73 || a == 77 || a == 74 || a == 65 || a == 36 || a == 44 || a == 53 || a == 80 || a == 54 || a == 1 || a == 18 || a == 59 || a == 81): null

31-03-2025T12:21:08 - [TEST_STEP][PASSED] - path = dataFolder + "Table Data/" + typeOfData + " за отчётный период " + dzoNum: null

31-03-2025T12:21:08 - [TEST_STEP][PASSED] - println(path): null

31-03-2025T12:21:08 - [TEST_STEP][PASSED] - page = getText(findTestObject(path)): Text of object 'Object Repository/Выполнение бизнес-плана/Значения со страницы Выполнение бизнес-плана/Table Data/Факт Отпуск в сеть за отчётный период 5' is: '476 306'

31-03-2025T12:21:08 - [MESSAGE][PASSED] - Text of object 'Object Repository/Выполнение бизнес-плана/Значения со страницы Выполнение бизнес-плана/Table Data/Факт Отпуск в сеть за отчётный период 5' is: '476 306'

31-03-2025T12:21:08 - [TEST_STEP][PASSED] - if (page == "" || page == null): null

31-03-2025T12:21:08 - [TEST_STEP][PASSED] - else: null

31-03-2025T12:21:08 - [TEST_STEP][PASSED] - page = page.replaceAll("\s+", ""): null

31-03-2025T12:21:08 - [TEST_STEP][PASSED] - if (page == "undefined"): null

31-03-2025T12:21:08 - [TEST_STEP][PASSED] - fileOtpuskVSet = otpusk.toInteger(): null

31-03-2025T12:21:08 - [TEST_STEP][PASSED] - pageOtpuskVSet = page.toInteger(): null

31-03-2025T12:21:08 - [TEST_STEP][PASSED] - typeOfData = typeOfDataMain + " Потери": null

31-03-2025T12:21:08 - [TEST_STEP][PASSED] - if (a == 82): null

31-03-2025T12:21:08 - [TEST_STEP][PASSED] - else if (a == 84): null

31-03-2025T12:21:08 - [TEST_STEP][PASSED] - else if (a == 83 || a == 52 || a == 72 || a == 28 || a == 73 || a == 77 || a == 74 || a == 65 || a == 44 || a == 53 || a == 80 || a == 54 || a == 1 || a == 18 || a == 59 || a == 81): null

31-03-2025T12:21:08 - [TEST_STEP][PASSED] - path = dataFolder + "Table Data/" + typeOfData + " за отчётный период " + dzoNum: null

31-03-2025T12:21:08 - [TEST_STEP][PASSED] - page = getText(findTestObject(path)): Text of object 'Object Repository/Выполнение бизнес-плана/Значения со страницы Выполнение бизнес-плана/Table Data/Факт Потери за отчётный период 5' is: '3 352 866'

31-03-2025T12:21:09 - [MESSAGE][PASSED] - Text of object 'Object Repository/Выполнение бизнес-плана/Значения со страницы Выполнение бизнес-плана/Table Data/Факт Потери за отчётный период 5' is: '3 352 866'

31-03-2025T12:21:09 - [TEST_STEP][PASSED] - if (page == "" || page == null): null

31-03-2025T12:21:09 - [TEST_STEP][PASSED] - else: null

31-03-2025T12:21:09 - [TEST_STEP][PASSED] - page = page.replaceAll("\s+", ""): null

31-03-2025T12:21:09 - [TEST_STEP][PASSED] - if (page == "undefined"): null

31-03-2025T12:21:09 - [TEST_STEP][PASSED] - filePoteri = poteri.toInteger(): null

31-03-2025T12:21:09 - [TEST_STEP][PASSED] - pagePoteri = page.toInteger(): null

31-03-2025T12:21:09 - [TEST_STEP][PASSED] - compare = pageOtpuskVSet: null

31-03-2025T12:21:09 - [TEST_STEP][PASSED] - if (pageOtpuskVSet != null): null

31-03-2025T12:21:09 - [TEST_STEP][PASSED] - if (compare == fileOtpuskVSet): null

31-03-2025T12:21:09 - [TEST_STEP][PASSED] - if (compare == fileOtpuskVSet): null

31-03-2025T12:21:09 - [TEST_STEP][PASSED] - compare = pagePoteri: null

31-03-2025T12:21:09 - [TEST_STEP][PASSED] - if (pageOtpuskVSet != null): null

31-03-2025T12:21:09 - [TEST_STEP][PASSED] - if (compare == filePoteri): null

31-03-2025T12:21:09 - [TEST_STEP][PASSED] - else if (compare > filePoteri): null

31-03-2025T12:21:09 - [TEST_STEP][PASSED] - compare = compare - 1: null

31-03-2025T12:21:09 - [TEST_STEP][PASSED] - if (compare == filePoteri): null

31-03-2025T12:21:09 - [TEST_STEP][PASSED] - else: null

31-03-2025T12:21:09 - [TEST_STEP][PASSED] - numberOfErrors = numberOfErrors + 1: null

31-03-2025T12:21:09 - [TEST_STEP][PASSED] - pageInt = pagePoteri: null

31-03-2025T12:21:09 - [TEST_STEP][PASSED] - fileInt = filePoteri: null

31-03-2025T12:21:09 - [TEST_STEP][PASSED] - typeOfData = typeOfDataMain + " Потери": null

31-03-2025T12:21:09 - [TEST_STEP][PASSED] - Script1718980020443.WriteToExcel(a, typeOfData, todaysDate, pageInt, fileInt, pageDouble, fileDouble, dZO): null

31-03-2025T12:21:09 - [TEST_STEP][PASSED] - sheetName = "Sheet1": null

31-03-2025T12:21:09 - [TEST_STEP][PASSED] - data = findTestData("PlanFact"): null

31-03-2025T12:21:09 - [TEST_STEP][PASSED] - n = data.getRowNumbers() + 1: null

31-03-2025T12:21:09 - [TEST_STEP][PASSED] - day = ")).toInteger(): null

31-03-2025T12:21:09 - [TEST_STEP][PASSED] - println(day): null

31-03-2025T12:21:09 - [TEST_STEP][PASSED] - month = ")).toInteger(): null

31-03-2025T12:21:09 - [TEST_STEP][PASSED] - println(month): null

31-03-2025T12:21:09 - [TEST_STEP][PASSED] - y = <not implemented yet for class: org.codehaus.groovy.ast.expr.EmptyExpression>: null

31-03-2025T12:21:09 - [TEST_STEP][PASSED] - iy = <not implemented yet for class: org.codehaus.groovy.ast.expr.EmptyExpression>: null

31-03-2025T12:21:09 - [TEST_STEP][PASSED] - m = getText(findTestObject("Выполнение бизнес-плана/Период")): Text of object 'Object Repository/Выполнение бизнес-плана/Период' is: 'Январь 2025 года'

31-03-2025T12:21:09 - [MESSAGE][PASSED] - Text of object 'Object Repository/Выполнение бизнес-плана/Период' is: 'Январь 2025 года'

31-03-2025T12:21:09 - [TEST_STEP][PASSED] - iy = m.indexOf("20"): null

31-03-2025T12:21:09 - [TEST_STEP][PASSED] - if (iy > -1): null

31-03-2025T12:21:09 - [TEST_STEP][PASSED] - y = substring(iy, iy + 4).toInteger(): null

31-03-2025T12:21:09 - [TEST_STEP][PASSED] - println(y): null

31-03-2025T12:21:09 - [TEST_STEP][PASSED] - if (toString().length() == 4): null

31-03-2025T12:21:09 - [TEST_STEP][PASSED] - m = m.substring(0, m.indexOf(y.toString())): null

31-03-2025T12:21:09 - [TEST_STEP][PASSED] - m = m.trim(): null

31-03-2025T12:21:09 - [TEST_STEP][PASSED] - if (m == ""): null

31-03-2025T12:21:09 - [TEST_STEP][PASSED] - dashboardName = "Выполнение бизнес-плана": null

31-03-2025T12:21:09 - [TEST_STEP][PASSED] - workbook01 = getWorkbook(excelFilePath): null

31-03-2025T12:21:09 - [TEST_STEP][PASSED] - sheet01 = getExcelSheet(workbook01, sheetName): null

31-03-2025T12:21:09 - [TEST_STEP][PASSED] - setValueToCellByIndex(sheet01, n, 0, dashboardName): null

31-03-2025T12:21:09 - [TEST_STEP][PASSED] - setValueToCellByIndex(sheet01, n, 1, dZO): null

31-03-2025T12:21:09 - [TEST_STEP][PASSED] - setValueToCellByIndex(sheet01, n, 2, typeOfData): null

31-03-2025T12:21:09 - [TEST_STEP][PASSED] - if (typeOfData == "Факт в процентах" || typeOfData == "План в процентах"): null

31-03-2025T12:21:09 - [TEST_STEP][PASSED] - else: null

31-03-2025T12:21:09 - [TEST_STEP][PASSED] - setValueToCellByIndex(sheet01, n, 3, fileInt): null

31-03-2025T12:21:09 - [TEST_STEP][PASSED] - setValueToCellByIndex(sheet01, n, 4, pageInt): null

31-03-2025T12:21:09 - [TEST_STEP][PASSED] - setValueToCellByIndex(sheet01, n, 5, m): null

31-03-2025T12:21:09 - [TEST_STEP][PASSED] - setValueToCellByIndex(sheet01, n, 6, y): null

31-03-2025T12:21:09 - [TEST_STEP][PASSED] - setValueToCellByIndex(sheet01, n, 7, todaysDate): null

31-03-2025T12:21:09 - [TEST_STEP][PASSED] - n = n + 1: null

31-03-2025T12:21:09 - [TEST_STEP][FAILED] - saveWorkbook(excelFilePath, workbook01): null

31-03-2025T12:21:09 - [TEST_STEP][PASSED] - if (planFact == 2): null

31-03-2025T12:21:09 - [TEST_STEP][PASSED] - if (planFact == 1): null

31-03-2025T12:21:09 - [TEST_STEP][PASSED] - else if (planFact == 2): null

31-03-2025T12:21:09 - [TEST_STEP][PASSED] - click(findTestObject("Выполнение бизнес-плана/Кнопка План")): Object: 'Object Repository/Выполнение бизнес-плана/Кнопка План' is clicked on

31-03-2025T12:21:10 - [MESSAGE][PASSED] - Object: 'Object Repository/Выполнение бизнес-плана/Кнопка План' is clicked on

31-03-2025T12:21:10 - [TEST_STEP][PASSED] - typeOfDataMain = "План": null

31-03-2025T12:21:10 - [TEST_STEP][PASSED] - otpusk = findTestData("PlanFact").getValue(2, a): null

31-03-2025T12:21:10 - [TEST_STEP][PASSED] - poteri = findTestData("PlanFact").getValue(3, a): null

31-03-2025T12:21:10 - [TEST_STEP][PASSED] - otpusk = otpusk.replaceAll("\s+", ""): null

31-03-2025T12:21:10 - [TEST_STEP][PASSED] - poteri = poteri.replaceAll("\s+", ""): null

31-03-2025T12:21:10 - [TEST_STEP][PASSED] - typeOfData = typeOfDataMain + " Отпуск в сеть": null

31-03-2025T12:21:10 - [TEST_STEP][PASSED] - if (a == 82): null

31-03-2025T12:21:10 - [TEST_STEP][PASSED] - else if (a == 84): null

31-03-2025T12:21:10 - [TEST_STEP][PASSED] - else if (a == 83 || a == 52 || a == 72 || a == 28 || a == 73 || a == 77 || a == 74 || a == 65 || a == 36 || a == 44 || a == 53 || a == 80 || a == 54 || a == 1 || a == 18 || a == 59 || a == 81): null

31-03-2025T12:21:10 - [TEST_STEP][PASSED] - path = dataFolder + "Table Data/" + typeOfData + " за отчётный период " + dzoNum: null

31-03-2025T12:21:10 - [TEST_STEP][PASSED] - println(path): null

31-03-2025T12:21:10 - [TEST_STEP][PASSED] - page = getText(findTestObject(path)): Text of object 'Object Repository/Выполнение бизнес-плана/Значения со страницы Выполнение бизнес-плана/Table Data/План Отпуск в сеть за отчётный период 5' is: '504 635'

31-03-2025T12:21:10 - [MESSAGE][PASSED] - Text of object 'Object Repository/Выполнение бизнес-плана/Значения со страницы Выполнение бизнес-плана/Table Data/План Отпуск в сеть за отчётный период 5' is: '504 635'

31-03-2025T12:21:10 - [TEST_STEP][PASSED] - if (page == "" || page == null): null

31-03-2025T12:21:10 - [TEST_STEP][PASSED] - else: null

31-03-2025T12:21:10 - [TEST_STEP][PASSED] - page = page.replaceAll("\s+", ""): null

31-03-2025T12:21:10 - [TEST_STEP][PASSED] - if (page == "undefined"): null

31-03-2025T12:21:10 - [TEST_STEP][PASSED] - fileOtpuskVSet = otpusk.toInteger(): null

31-03-2025T12:21:10 - [TEST_STEP][PASSED] - pageOtpuskVSet = page.toInteger(): null

31-03-2025T12:21:10 - [TEST_STEP][PASSED] - typeOfData = typeOfDataMain + " Потери": null

31-03-2025T12:21:10 - [TEST_STEP][PASSED] - if (a == 82): null

31-03-2025T12:21:10 - [TEST_STEP][PASSED] - else if (a == 84): null

31-03-2025T12:21:10 - [TEST_STEP][PASSED] - else if (a == 83 || a == 52 || a == 72 || a == 28 || a == 73 || a == 77 || a == 74 || a == 65 || a == 44 || a == 53 || a == 80 || a == 54 || a == 1 || a == 18 || a == 59 || a == 81): null

31-03-2025T12:21:10 - [TEST_STEP][PASSED] - path = dataFolder + "Table Data/" + typeOfData + " за отчётный период " + dzoNum: null

31-03-2025T12:21:10 - [TEST_STEP][FAILED] - page = getText(findTestObject(path)): Unable to get text of object 'Object Repository/Выполнение бизнес-плана/Значения со страницы Выполнение бизнес-плана/Table Data/План Потери за отчётный период 5' (Root cause: com.kms.katalon.core.exception.StepFailedException: Unable to get text of object 'Object Repository/Выполнение бизнес-плана/Значения со страницы Выполнение бизнес-плана/Table Data/План Потери за отчётный период 5'
	at com.kms.katalon.core.webui.keyword.internal.WebUIKeywordMain.stepFailed(WebUIKeywordMain.groovy:64)
	at com.kms.katalon.core.webui.keyword.internal.WebUIKeywordMain.runKeyword(WebUIKeywordMain.groovy:26)
	at com.kms.katalon.core.webui.keyword.builtin.GetTextKeyword.getText(GetTextKeyword.groovy:88)
	at com.kms.katalon.core.webui.keyword.builtin.GetTextKeyword.execute(GetTextKeyword.groovy:67)
	at com.kms.katalon.core.keyword.internal.KeywordExecutor.executeKeywordForPlatform(KeywordExecutor.groovy:74)
	at com.kms.katalon.core.webui.keyword.WebUiBuiltInKeywords.getText(WebUiBuiltInKeywords.groovy:957)
	at Выполнение бизнес-плана Сверка ПАО Россети все филиалы.Numbers(Выполнение бизнес-плана Сверка ПАО Россети все филиалы:594)
	at Выполнение бизнес-плана Сверка ПАО Россети все филиалы.run(Выполнение бизнес-плана Сверка ПАО Россети все филиалы:329)
	at com.kms.katalon.core.main.ScriptEngine.run(ScriptEngine.java:194)
	at com.kms.katalon.core.main.ScriptEngine.runScriptAsRawText(ScriptEngine.java:119)
	at com.kms.katalon.core.main.TestCaseExecutor.runScript(TestCaseExecutor.java:448)
	at com.kms.katalon.core.main.TestCaseExecutor.doExecute(TestCaseExecutor.java:439)
	at com.kms.katalon.core.main.TestCaseExecutor.processExecutionPhase(TestCaseExecutor.java:418)
	at com.kms.katalon.core.main.TestCaseExecutor.accessMainPhase(TestCaseExecutor.java:410)
	at com.kms.katalon.core.main.TestCaseExecutor.execute(TestCaseExecutor.java:285)
	at com.kms.katalon.core.common.CommonExecutor.accessTestCaseMainPhase(CommonExecutor.java:65)
	at com.kms.katalon.core.main.TestSuiteExecutor.accessTestSuiteMainPhase(TestSuiteExecutor.java:150)
	at com.kms.katalon.core.main.TestSuiteExecutor.execute(TestSuiteExecutor.java:106)
	at com.kms.katalon.core.main.TestCaseMain.startTestSuite(TestCaseMain.java:180)
	at TempTestSuite1743404878601.run(TempTestSuite1743404878601.groovy:35)
	at java.base/jdk.internal.reflect.NativeMethodAccessorImpl.invoke0(Native Method)
	at java.base/jdk.internal.reflect.NativeMethodAccessorImpl.invoke(NativeMethodAccessorImpl.java:77)
	at java.base/jdk.internal.reflect.DelegatingMethodAccessorImpl.invoke(DelegatingMethodAccessorImpl.java:43)
Caused by: com.kms.katalon.core.webui.exception.WebElementNotFoundException: Web element with id: 'Object Repository/Выполнение бизнес-плана/Значения со страницы Выполнение бизнес-плана/Table Data/План Потери за отчётный период 5' located by '(.//*[normalize-space(text()) and normalize-space(.)='Показатели баланса электроэнергии по ДЗО – План'])[2]/following::td[39]' not found
	at com.kms.katalon.core.webui.common.WebUiCommonHelper.findWebElement(WebUiCommonHelper.java:1426)
	at com.kms.katalon.core.webui.keyword.internal.WebUIAbstractKeyword.findWebElement(WebUIAbstractKeyword.groovy:27)
	at com.kms.katalon.core.webui.keyword.internal.WebUIAbstractKeyword.findWebElement(WebUIAbstractKeyword.groovy:26)
	at com.kms.katalon.core.webui.keyword.builtin.GetTextKeyword$_getText_closure1.doCall(GetTextKeyword.groovy:78)
	at com.kms.katalon.core.webui.keyword.builtin.GetTextKeyword$_getText_closure1.call(GetTextKeyword.groovy)
	at com.kms.katalon.core.webui.keyword.internal.WebUIKeywordMain.runKeyword(WebUIKeywordMain.groovy:20)
	at com.kms.katalon.core.webui.keyword.builtin.GetTextKeyword.getText(GetTextKeyword.groovy:88)
	at com.kms.katalon.core.webui.keyword.builtin.GetTextKeyword.execute(GetTextKeyword.groovy:67)
	at com.kms.katalon.core.keyword.internal.KeywordExecutor.executeKeywordForPlatform(KeywordExecutor.groovy:74)
	at com.kms.katalon.core.webui.keyword.WebUiBuiltInKeywords.getText(WebUiBuiltInKeywords.groovy:957)
	at Script1718980020443.Numbers(Script1718980020443.groovy:594)
	at Script1718980020443.run(Script1718980020443.groovy:329)
	... 15 more
)

31-03-2025T12:21:41 - [MESSAGE][INFO] - Unable to find the element located by 'By.xpath: (.//*[normalize-space(text()) and normalize-space(.)='Показатели баланса электроэнергии по ДЗО – План'])[2]/following::td[39]'. Please recheck the objects properties to make sure the desired element is located. 

31-03-2025T12:21:41 - [MESSAGE][FAILED] - Unable to get text of object 'Object Repository/Выполнение бизнес-плана/Значения со страницы Выполнение бизнес-плана/Table Data/План Потери за отчётный период 5' (Root cause: com.kms.katalon.core.exception.StepFailedException: Unable to get text of object 'Object Repository/Выполнение бизнес-плана/Значения со страницы Выполнение бизнес-плана/Table Data/План Потери за отчётный период 5'
	at com.kms.katalon.core.webui.keyword.internal.WebUIKeywordMain.stepFailed(WebUIKeywordMain.groovy:64)
	at com.kms.katalon.core.webui.keyword.internal.WebUIKeywordMain.runKeyword(WebUIKeywordMain.groovy:26)
	at com.kms.katalon.core.webui.keyword.builtin.GetTextKeyword.getText(GetTextKeyword.groovy:88)
	at com.kms.katalon.core.webui.keyword.builtin.GetTextKeyword.execute(GetTextKeyword.groovy:67)
	at com.kms.katalon.core.keyword.internal.KeywordExecutor.executeKeywordForPlatform(KeywordExecutor.groovy:74)
	at com.kms.katalon.core.webui.keyword.WebUiBuiltInKeywords.getText(WebUiBuiltInKeywords.groovy:957)
	at Выполнение бизнес-плана Сверка ПАО Россети все филиалы.Numbers(Выполнение бизнес-плана Сверка ПАО Россети все филиалы:594)
	at Выполнение бизнес-плана Сверка ПАО Россети все филиалы.run(Выполнение бизнес-плана Сверка ПАО Россети все филиалы:329)
	at com.kms.katalon.core.main.ScriptEngine.run(ScriptEngine.java:194)
	at com.kms.katalon.core.main.ScriptEngine.runScriptAsRawText(ScriptEngine.java:119)
	at com.kms.katalon.core.main.TestCaseExecutor.runScript(TestCaseExecutor.java:448)
	at com.kms.katalon.core.main.TestCaseExecutor.doExecute(TestCaseExecutor.java:439)
	at com.kms.katalon.core.main.TestCaseExecutor.processExecutionPhase(TestCaseExecutor.java:418)
	at com.kms.katalon.core.main.TestCaseExecutor.accessMainPhase(TestCaseExecutor.java:410)
	at com.kms.katalon.core.main.TestCaseExecutor.execute(TestCaseExecutor.java:285)
	at com.kms.katalon.core.common.CommonExecutor.accessTestCaseMainPhase(CommonExecutor.java:65)
	at com.kms.katalon.core.main.TestSuiteExecutor.accessTestSuiteMainPhase(TestSuiteExecutor.java:150)
	at com.kms.katalon.core.main.TestSuiteExecutor.execute(TestSuiteExecutor.java:106)
	at com.kms.katalon.core.main.TestCaseMain.startTestSuite(TestCaseMain.java:180)
	at TempTestSuite1743404878601.run(TempTestSuite1743404878601.groovy:35)
	at java.base/jdk.internal.reflect.NativeMethodAccessorImpl.invoke0(Native Method)
	at java.base/jdk.internal.reflect.NativeMethodAccessorImpl.invoke(NativeMethodAccessorImpl.java:77)
	at java.base/jdk.internal.reflect.DelegatingMethodAccessorImpl.invoke(DelegatingMethodAccessorImpl.java:43)
Caused by: com.kms.katalon.core.webui.exception.WebElementNotFoundException: Web element with id: 'Object Repository/Выполнение бизнес-плана/Значения со страницы Выполнение бизнес-плана/Table Data/План Потери за отчётный период 5' located by '(.//*[normalize-space(text()) and normalize-space(.)='Показатели баланса электроэнергии по ДЗО – План'])[2]/following::td[39]' not found
	at com.kms.katalon.core.webui.common.WebUiCommonHelper.findWebElement(WebUiCommonHelper.java:1426)
	at com.kms.katalon.core.webui.keyword.internal.WebUIAbstractKeyword.findWebElement(WebUIAbstractKeyword.groovy:27)
	at com.kms.katalon.core.webui.keyword.internal.WebUIAbstractKeyword.findWebElement(WebUIAbstractKeyword.groovy:26)
	at com.kms.katalon.core.webui.keyword.builtin.GetTextKeyword$_getText_closure1.doCall(GetTextKeyword.groovy:78)
	at com.kms.katalon.core.webui.keyword.builtin.GetTextKeyword$_getText_closure1.call(GetTextKeyword.groovy)
	at com.kms.katalon.core.webui.keyword.internal.WebUIKeywordMain.runKeyword(WebUIKeywordMain.groovy:20)
	at com.kms.katalon.core.webui.keyword.builtin.GetTextKeyword.getText(GetTextKeyword.groovy:88)
	at com.kms.katalon.core.webui.keyword.builtin.GetTextKeyword.execute(GetTextKeyword.groovy:67)
	at com.kms.katalon.core.keyword.internal.KeywordExecutor.executeKeywordForPlatform(KeywordExecutor.groovy:74)
	at com.kms.katalon.core.webui.keyword.WebUiBuiltInKeywords.getText(WebUiBuiltInKeywords.groovy:957)
	at Script1718980020443.Numbers(Script1718980020443.groovy:594)
	at Script1718980020443.run(Script1718980020443.groovy:329)
	... 15 more
)
[[ATTACHMENT|C:\\Users\\LIAZGINA-DI\\git\\SPORU\\Reports\\20250331_100758\\\u041F\u043D-\u0421\u0440-\u041F\u0442\\\u0421\u0432\u0435\u0440\u043A\u0430 \u0434\u0430\u0448\u0431\u043E\u0440\u0434\u043E\u0432 \u0438\u0437 \u0440\u0430\u0437\u043D\u044B\u0445 \u0431\u043B\u043E\u043A\u043E\u0432\\20250331_100758\\1743412901652.png]]

31-03-2025T12:21:41 - [TEST_STEP][PASSED] - if (page == "" || page == null): null

31-03-2025T12:21:41 - [TEST_STEP][PASSED] - fileInt = poteri.toInteger(): null

31-03-2025T12:21:41 - [TEST_STEP][PASSED] - Script1718980020443.WriteToExcelNoData(a, typeOfData, todaysDate, fileInt, fileDouble, dZO): null

31-03-2025T12:21:41 - [TEST_STEP][PASSED] - sheetName = "Sheet1": null

31-03-2025T12:21:41 - [TEST_STEP][PASSED] - data = findTestData("PlanFact"): null

31-03-2025T12:21:41 - [TEST_STEP][PASSED] - n = data.getRowNumbers() + 1: null

31-03-2025T12:21:41 - [TEST_STEP][PASSED] - day = ")).toInteger(): null

31-03-2025T12:21:41 - [TEST_STEP][PASSED] - println(day): null

31-03-2025T12:21:41 - [TEST_STEP][PASSED] - month = ")).toInteger(): null

31-03-2025T12:21:41 - [TEST_STEP][PASSED] - println(month): null

31-03-2025T12:21:41 - [TEST_STEP][PASSED] - y = <not implemented yet for class: org.codehaus.groovy.ast.expr.EmptyExpression>: null

31-03-2025T12:21:41 - [TEST_STEP][PASSED] - iy = <not implemented yet for class: org.codehaus.groovy.ast.expr.EmptyExpression>: null

31-03-2025T12:21:41 - [TEST_STEP][PASSED] - m = getText(findTestObject("Выполнение бизнес-плана/Период")): Text of object 'Object Repository/Выполнение бизнес-плана/Период' is: 'Январь 2025 года'

31-03-2025T12:21:42 - [MESSAGE][PASSED] - Text of object 'Object Repository/Выполнение бизнес-плана/Период' is: 'Январь 2025 года'

31-03-2025T12:21:42 - [TEST_STEP][PASSED] - iy = m.indexOf("20"): null

31-03-2025T12:21:42 - [TEST_STEP][PASSED] - if (iy > -1): null

31-03-2025T12:21:42 - [TEST_STEP][PASSED] - y = substring(iy, iy + 4).toInteger(): null

31-03-2025T12:21:42 - [TEST_STEP][PASSED] - println(y): null

31-03-2025T12:21:42 - [TEST_STEP][PASSED] - if (toString().length() == 4): null

31-03-2025T12:21:42 - [TEST_STEP][PASSED] - m = m.substring(0, m.indexOf(y.toString())): null

31-03-2025T12:21:42 - [TEST_STEP][PASSED] - m = m.trim(): null

31-03-2025T12:21:42 - [TEST_STEP][PASSED] - if (m == ""): null

31-03-2025T12:21:42 - [TEST_STEP][PASSED] - dashboardName = "Выполнение бизнес-плана": null

31-03-2025T12:21:42 - [TEST_STEP][PASSED] - workbook01 = getWorkbook(excelFilePath): null

31-03-2025T12:21:42 - [TEST_STEP][PASSED] - sheet01 = getExcelSheet(workbook01, sheetName): null

31-03-2025T12:21:42 - [TEST_STEP][PASSED] - setValueToCellByIndex(sheet01, n, 0, dashboardName): null

31-03-2025T12:21:42 - [TEST_STEP][PASSED] - setValueToCellByIndex(sheet01, n, 1, dZO): null

31-03-2025T12:21:42 - [TEST_STEP][PASSED] - setValueToCellByIndex(sheet01, n, 2, typeOfData): null

31-03-2025T12:21:42 - [TEST_STEP][PASSED] - if (typeOfData == "Факт в процентах" || typeOfData == "План в процентах"): null

31-03-2025T12:21:42 - [TEST_STEP][PASSED] - else: null

31-03-2025T12:21:42 - [TEST_STEP][PASSED] - setValueToCellByIndex(sheet01, n, 3, fileInt): null

31-03-2025T12:21:42 - [TEST_STEP][PASSED] - setValueToCellByIndex(sheet01, n, 4, "нет данных"): null

31-03-2025T12:21:42 - [TEST_STEP][PASSED] - setValueToCellByIndex(sheet01, n, 5, m): null

31-03-2025T12:21:42 - [TEST_STEP][PASSED] - setValueToCellByIndex(sheet01, n, 6, y): null

31-03-2025T12:21:42 - [TEST_STEP][PASSED] - setValueToCellByIndex(sheet01, n, 7, todaysDate): null

31-03-2025T12:21:42 - [TEST_STEP][PASSED] - n = n + 1: null

31-03-2025T12:21:42 - [TEST_STEP][PASSED] - saveWorkbook(excelFilePath, workbook01): null

31-03-2025T12:21:42 - [TEST_STEP][PASSED] - compare = pageOtpuskVSet: null

31-03-2025T12:21:42 - [TEST_STEP][PASSED] - if (pageOtpuskVSet != null): null

31-03-2025T12:21:42 - [TEST_STEP][PASSED] - if (compare == fileOtpuskVSet): null

31-03-2025T12:21:42 - [TEST_STEP][PASSED] - if (compare == fileOtpuskVSet): null

31-03-2025T12:21:42 - [TEST_STEP][PASSED] - compare = pagePoteri: null

31-03-2025T12:21:42 - [TEST_STEP][PASSED] - if (pageOtpuskVSet != null): null

31-03-2025T12:21:42 - [TEST_STEP][PASSED] - if (compare == filePoteri): null

31-03-2025T12:21:42 - [TEST_STEP][PASSED] - else if (compare > filePoteri): null

31-03-2025T12:21:42 - [TEST_STEP][PASSED] - compare = compare - 1: null

31-03-2025T12:21:42 - [TEST_STEP][PASSED] - if (compare == filePoteri): null

31-03-2025T12:21:42 - [TEST_STEP][PASSED] - else: null

31-03-2025T12:21:42 - [TEST_STEP][PASSED] - numberOfErrors = numberOfErrors + 1: null

31-03-2025T12:21:42 - [TEST_STEP][PASSED] - pageInt = pagePoteri: null

31-03-2025T12:21:42 - [TEST_STEP][PASSED] - fileInt = filePoteri: null

31-03-2025T12:21:42 - [TEST_STEP][PASSED] - typeOfData = typeOfDataMain + " Потери": null

31-03-2025T12:21:42 - [TEST_STEP][PASSED] - Script1718980020443.WriteToExcel(a, typeOfData, todaysDate, pageInt, fileInt, pageDouble, fileDouble, dZO): null

31-03-2025T12:21:42 - [TEST_STEP][PASSED] - sheetName = "Sheet1": null

31-03-2025T12:21:42 - [TEST_STEP][PASSED] - data = findTestData("PlanFact"): null

31-03-2025T12:21:42 - [TEST_STEP][PASSED] - n = data.getRowNumbers() + 1: null

31-03-2025T12:21:42 - [TEST_STEP][PASSED] - day = ")).toInteger(): null

31-03-2025T12:21:42 - [TEST_STEP][PASSED] - println(day): null

31-03-2025T12:21:42 - [TEST_STEP][PASSED] - month = ")).toInteger(): null

31-03-2025T12:21:42 - [TEST_STEP][PASSED] - println(month): null

31-03-2025T12:21:42 - [TEST_STEP][PASSED] - y = <not implemented yet for class: org.codehaus.groovy.ast.expr.EmptyExpression>: null

31-03-2025T12:21:42 - [TEST_STEP][PASSED] - iy = <not implemented yet for class: org.codehaus.groovy.ast.expr.EmptyExpression>: null

31-03-2025T12:21:42 - [TEST_STEP][PASSED] - m = getText(findTestObject("Выполнение бизнес-плана/Период")): Text of object 'Object Repository/Выполнение бизнес-плана/Период' is: 'Январь 2025 года'

31-03-2025T12:21:42 - [MESSAGE][PASSED] - Text of object 'Object Repository/Выполнение бизнес-плана/Период' is: 'Январь 2025 года'

31-03-2025T12:21:42 - [TEST_STEP][PASSED] - iy = m.indexOf("20"): null

31-03-2025T12:21:42 - [TEST_STEP][PASSED] - if (iy > -1): null

31-03-2025T12:21:42 - [TEST_STEP][PASSED] - y = substring(iy, iy + 4).toInteger(): null

31-03-2025T12:21:42 - [TEST_STEP][PASSED] - println(y): null

31-03-2025T12:21:42 - [TEST_STEP][PASSED] - if (toString().length() == 4): null

31-03-2025T12:21:42 - [TEST_STEP][PASSED] - m = m.substring(0, m.indexOf(y.toString())): null

31-03-2025T12:21:42 - [TEST_STEP][PASSED] - m = m.trim(): null

31-03-2025T12:21:42 - [TEST_STEP][PASSED] - if (m == ""): null

31-03-2025T12:21:42 - [TEST_STEP][PASSED] - dashboardName = "Выполнение бизнес-плана": null

31-03-2025T12:21:42 - [TEST_STEP][PASSED] - workbook01 = getWorkbook(excelFilePath): null

31-03-2025T12:21:42 - [TEST_STEP][PASSED] - sheet01 = getExcelSheet(workbook01, sheetName): null

31-03-2025T12:21:42 - [TEST_STEP][PASSED] - setValueToCellByIndex(sheet01, n, 0, dashboardName): null

31-03-2025T12:21:42 - [TEST_STEP][PASSED] - setValueToCellByIndex(sheet01, n, 1, dZO): null

31-03-2025T12:21:42 - [TEST_STEP][PASSED] - setValueToCellByIndex(sheet01, n, 2, typeOfData): null

31-03-2025T12:21:42 - [TEST_STEP][PASSED] - if (typeOfData == "Факт в процентах" || typeOfData == "План в процентах"): null

31-03-2025T12:21:42 - [TEST_STEP][PASSED] - else: null

31-03-2025T12:21:42 - [TEST_STEP][PASSED] - setValueToCellByIndex(sheet01, n, 3, fileInt): null

31-03-2025T12:21:42 - [TEST_STEP][PASSED] - setValueToCellByIndex(sheet01, n, 4, pageInt): null

31-03-2025T12:21:42 - [TEST_STEP][PASSED] - setValueToCellByIndex(sheet01, n, 5, m): null

31-03-2025T12:21:42 - [TEST_STEP][PASSED] - setValueToCellByIndex(sheet01, n, 6, y): null

31-03-2025T12:21:42 - [TEST_STEP][PASSED] - setValueToCellByIndex(sheet01, n, 7, todaysDate): null

31-03-2025T12:21:42 - [TEST_STEP][PASSED] - n = n + 1: null

31-03-2025T12:21:42 - [TEST_STEP][PASSED] - saveWorkbook(excelFilePath, workbook01): Object: 'Object Repository/Выполнение бизнес-плана/Кнопка Факт' is clicked on

31-03-2025T12:21:43 - [TEST_STEP][PASSED] - if (planFact == 2): Object: 'Object Repository/Выполнение бизнес-плана/Кнопка Факт' is clicked on

31-03-2025T12:21:43 - [TEST_STEP][PASSED] - click(findTestObject("Выполнение бизнес-плана/Кнопка Факт")): Object: 'Object Repository/Выполнение бизнес-плана/Кнопка Факт' is clicked on

31-03-2025T12:21:43 - [MESSAGE][PASSED] - Object: 'Object Repository/Выполнение бизнес-плана/Кнопка Факт' is clicked on

31-03-2025T12:21:43 - [TEST_STEP][PASSED] - println("a=" + a): null

31-03-2025T12:21:43 - [TEST_STEP][PASSED] - if (a == 84 || a == 82): null

31-03-2025T12:21:43 - [TEST_STEP][PASSED] - else if (a == 83 || a == 52 || a == 72 || a == 28 || a == 73 || a == 77 || a == 74 || a == 65 || a == 36 || a == 44 || a == 53 || a == 80 || a == 54 || a == 1 || a == 18 || a == 59 || a == 81): null

31-03-2025T12:21:43 - [TEST_STEP][PASSED] - page1 = getText(findTestObject("Object Repository/Выполнение бизнес-плана/spanPlan" + dzoNum)): Text of object 'Object Repository/Выполнение бизнес-плана/spanPlan5' is: '11.82
|'

31-03-2025T12:21:43 - [MESSAGE][PASSED] - Text of object 'Object Repository/Выполнение бизнес-плана/spanPlan5' is: '11.82
|'

31-03-2025T12:21:43 - [TEST_STEP][PASSED] - page1 = page1.replace("|", ""): null

31-03-2025T12:21:43 - [TEST_STEP][PASSED] - page2 = getText(findTestObject("Object Repository/Выполнение бизнес-плана/spanFact" + dzoNum)): Text of object 'Object Repository/Выполнение бизнес-плана/spanFact5' is: '11.52'

31-03-2025T12:21:44 - [MESSAGE][PASSED] - Text of object 'Object Repository/Выполнение бизнес-плана/spanFact5' is: '11.52'

31-03-2025T12:21:44 - [TEST_STEP][PASSED] - page2 = page2.replace("|", ""): null

31-03-2025T12:21:44 - [TEST_STEP][PASSED] - println("page1: " + page1): null

31-03-2025T12:21:44 - [TEST_STEP][PASSED] - println("page2: " + page2): null

31-03-2025T12:21:44 - [TEST_STEP][PASSED] - file = findTestData("PlanFact").getValue(4, a): null

31-03-2025T12:21:44 - [TEST_STEP][PASSED] - file = file.replace(",", "."): null

31-03-2025T12:21:44 - [TEST_STEP][PASSED] - println("file Plan: " + file): null

31-03-2025T12:21:44 - [TEST_STEP][PASSED] - typeOfData = "План в процентах": null

31-03-2025T12:21:44 - [TEST_STEP][PASSED] - fileDouble = file.toDouble(): null

31-03-2025T12:21:44 - [TEST_STEP][PASSED] - pageDouble = page1.toDouble(): null

31-03-2025T12:21:44 - [TEST_STEP][PASSED] - if (fileDouble != pageDouble): null

31-03-2025T12:21:44 - [TEST_STEP][PASSED] - file = findTestData("PlanFact").getValue(7, a): null

31-03-2025T12:21:44 - [TEST_STEP][PASSED] - file = file.replace(",", "."): null

31-03-2025T12:21:44 - [TEST_STEP][PASSED] - println("file Fact: " + file): null

31-03-2025T12:21:44 - [TEST_STEP][PASSED] - fileDouble = file.toDouble(): null

31-03-2025T12:21:44 - [TEST_STEP][PASSED] - typeOfData = "Факт в процентах": null

31-03-2025T12:21:44 - [TEST_STEP][PASSED] - fileDouble = file.toDouble(): null

31-03-2025T12:21:44 - [TEST_STEP][PASSED] - pageDouble = page2.toDouble(): null

31-03-2025T12:21:44 - [TEST_STEP][PASSED] - if (fileDouble != pageDouble): null

31-03-2025T12:21:44 - [TEST_STEP][FAILED] - if (verifyEqual(numberOfErrors, 0) == false): null

31-03-2025T12:21:44 - [MESSAGE][FAILED] - Unable to verify equal between actual object '2' and expected object '0' (Root cause: com.kms.katalon.core.exception.StepFailedException: Actual object '2' and expected object '0' are not equal
	at com.kms.katalon.core.keyword.builtin.VerifyEqualKeyword$_verifyEqual_closure1.doCall(VerifyEqualKeyword.groovy:58)
	at com.kms.katalon.core.keyword.builtin.VerifyEqualKeyword$_verifyEqual_closure1.call(VerifyEqualKeyword.groovy)
	at com.kms.katalon.core.keyword.internal.KeywordMain.runKeyword(KeywordMain.groovy:75)
	at com.kms.katalon.core.keyword.builtin.VerifyEqualKeyword.verifyEqual(VerifyEqualKeyword.groovy:63)
	at com.kms.katalon.core.keyword.builtin.VerifyEqualKeyword.execute(VerifyEqualKeyword.groovy:44)
	at com.kms.katalon.core.keyword.internal.KeywordExecutor.executeKeywordForPlatform(KeywordExecutor.groovy:74)
	at com.kms.katalon.core.keyword.BuiltinKeywords.verifyEqual(BuiltinKeywords.groovy:146)
	at jdk.internal.reflect.GeneratedMethodAccessor28.invoke(Unknown Source)
	at java.base/jdk.internal.reflect.DelegatingMethodAccessorImpl.invoke(DelegatingMethodAccessorImpl.java:43)
	at Выполнение бизнес-плана Сверка ПАО Россети все филиалы.Numbers(Выполнение бизнес-плана Сверка ПАО Россети все филиалы:744)
	at Выполнение бизнес-плана Сверка ПАО Россети все филиалы.run(Выполнение бизнес-плана Сверка ПАО Россети все филиалы:329)
	at com.kms.katalon.core.main.ScriptEngine.run(ScriptEngine.java:194)
	at com.kms.katalon.core.main.ScriptEngine.runScriptAsRawText(ScriptEngine.java:119)
	at com.kms.katalon.core.main.TestCaseExecutor.runScript(TestCaseExecutor.java:448)
	at com.kms.katalon.core.main.TestCaseExecutor.doExecute(TestCaseExecutor.java:439)
	at com.kms.katalon.core.main.TestCaseExecutor.processExecutionPhase(TestCaseExecutor.java:418)
	at com.kms.katalon.core.main.TestCaseExecutor.accessMainPhase(TestCaseExecutor.java:410)
	at com.kms.katalon.core.main.TestCaseExecutor.execute(TestCaseExecutor.java:285)
	at com.kms.katalon.core.common.CommonExecutor.accessTestCaseMainPhase(CommonExecutor.java:65)
	at com.kms.katalon.core.main.TestSuiteExecutor.accessTestSuiteMainPhase(TestSuiteExecutor.java:150)
	at com.kms.katalon.core.main.TestSuiteExecutor.execute(TestSuiteExecutor.java:106)
	at com.kms.katalon.core.main.TestCaseMain.startTestSuite(TestCaseMain.java:180)
	at TempTestSuite1743404878601.run(TempTestSuite1743404878601.groovy:35)
	at java.base/jdk.internal.reflect.NativeMethodAccessorImpl.invoke0(Native Method)
	at java.base/jdk.internal.reflect.NativeMethodAccessorImpl.invoke(NativeMethodAccessorImpl.java:77)
	at java.base/jdk.internal.reflect.DelegatingMethodAccessorImpl.invoke(DelegatingMethodAccessorImpl.java:43)
)

31-03-2025T12:21:44 - [TEST_STEP][PASSED] - println(numberOfErrors): null

31-03-2025T12:21:44 - [TEST_STEP][PASSED] - println("a=" + a): null

31-03-2025T12:21:44 - [TEST_STEP][PASSED] - if (a == 28 || a == 77 || a == 74 || a == 65 || a == 36 || a == 44 || a == 54 || a == 1 || a == 18 || a == 59): null

31-03-2025T12:21:44 - [TEST_STEP][PASSED] - if (a == 82): null

31-03-2025T12:21:44 - [TEST_STEP][PASSED] - println(dzoNum): null

31-03-2025T12:21:44 - [TEST_STEP][PASSED] - dZO = "Россети Тюмень": null

31-03-2025T12:21:44 - [TEST_STEP][PASSED] - a = 80: null

31-03-2025T12:21:44 - [TEST_STEP][PASSED] - if (x1.contains("Тюмень")): null

31-03-2025T12:21:44 - [TEST_STEP][PASSED] - else: null

31-03-2025T12:21:44 - [TEST_STEP][PASSED] - Script1718980020443.NoData(a, typeOfData, todaysDate, fileInt, fileDouble, dZO): null

31-03-2025T12:21:44 - [TEST_STEP][PASSED] - println(a): null

31-03-2025T12:21:44 - [TEST_STEP][PASSED] - println(todaysDate): null

31-03-2025T12:21:44 - [TEST_STEP][PASSED] - println(fileInt): null

31-03-2025T12:21:44 - [TEST_STEP][PASSED] - println(fileDouble): null

31-03-2025T12:21:44 - [TEST_STEP][PASSED] - println(dZO): null

31-03-2025T12:21:44 - [TEST_STEP][PASSED] - typeOfData = "Факт Отпуск в сеть": null

31-03-2025T12:21:44 - [TEST_STEP][PASSED] - fileInt = replaceAll("\s+", "").toInteger(): null

31-03-2025T12:21:44 - [TEST_STEP][PASSED] - Script1718980020443.WriteToExcelNoData(a, typeOfData, todaysDate, fileInt, fileDouble, dZO): null

31-03-2025T12:21:44 - [TEST_STEP][PASSED] - sheetName = "Sheet1": null

31-03-2025T12:21:44 - [TEST_STEP][PASSED] - data = findTestData("PlanFact"): null

31-03-2025T12:21:44 - [TEST_STEP][PASSED] - n = data.getRowNumbers() + 1: null

31-03-2025T12:21:44 - [TEST_STEP][PASSED] - day = ")).toInteger(): null

31-03-2025T12:21:44 - [TEST_STEP][PASSED] - println(day): null

31-03-2025T12:21:44 - [TEST_STEP][PASSED] - month = ")).toInteger(): null

31-03-2025T12:21:44 - [TEST_STEP][PASSED] - println(month): null

31-03-2025T12:21:44 - [TEST_STEP][PASSED] - y = <not implemented yet for class: org.codehaus.groovy.ast.expr.EmptyExpression>: null

31-03-2025T12:21:44 - [TEST_STEP][PASSED] - iy = <not implemented yet for class: org.codehaus.groovy.ast.expr.EmptyExpression>: null

31-03-2025T12:21:44 - [TEST_STEP][PASSED] - m = getText(findTestObject("Выполнение бизнес-плана/Период")): Text of object 'Object Repository/Выполнение бизнес-плана/Период' is: 'Январь 2025 года'

31-03-2025T12:21:44 - [MESSAGE][PASSED] - Text of object 'Object Repository/Выполнение бизнес-плана/Период' is: 'Январь 2025 года'

31-03-2025T12:21:44 - [TEST_STEP][PASSED] - iy = m.indexOf("20"): null

31-03-2025T12:21:44 - [TEST_STEP][PASSED] - if (iy > -1): null

31-03-2025T12:21:44 - [TEST_STEP][PASSED] - y = substring(iy, iy + 4).toInteger(): null

31-03-2025T12:21:44 - [TEST_STEP][PASSED] - println(y): null

31-03-2025T12:21:44 - [TEST_STEP][PASSED] - if (toString().length() == 4): null

31-03-2025T12:21:44 - [TEST_STEP][PASSED] - m = m.substring(0, m.indexOf(y.toString())): null

31-03-2025T12:21:44 - [TEST_STEP][PASSED] - m = m.trim(): null

31-03-2025T12:21:44 - [TEST_STEP][PASSED] - if (m == ""): null

31-03-2025T12:21:44 - [TEST_STEP][PASSED] - dashboardName = "Выполнение бизнес-плана": null

31-03-2025T12:21:44 - [TEST_STEP][PASSED] - workbook01 = getWorkbook(excelFilePath): null

31-03-2025T12:21:44 - [TEST_STEP][PASSED] - sheet01 = getExcelSheet(workbook01, sheetName): null

31-03-2025T12:21:44 - [TEST_STEP][PASSED] - setValueToCellByIndex(sheet01, n, 0, dashboardName): null

31-03-2025T12:21:44 - [TEST_STEP][PASSED] - setValueToCellByIndex(sheet01, n, 1, dZO): null

31-03-2025T12:21:44 - [TEST_STEP][PASSED] - setValueToCellByIndex(sheet01, n, 2, typeOfData): null

31-03-2025T12:21:44 - [TEST_STEP][PASSED] - if (typeOfData == "Факт в процентах" || typeOfData == "План в процентах"): null

31-03-2025T12:21:44 - [TEST_STEP][PASSED] - else: null

31-03-2025T12:21:44 - [TEST_STEP][PASSED] - setValueToCellByIndex(sheet01, n, 3, fileInt): null

31-03-2025T12:21:44 - [TEST_STEP][PASSED] - setValueToCellByIndex(sheet01, n, 4, "нет данных"): null

31-03-2025T12:21:44 - [TEST_STEP][PASSED] - setValueToCellByIndex(sheet01, n, 5, m): null

31-03-2025T12:21:44 - [TEST_STEP][PASSED] - setValueToCellByIndex(sheet01, n, 6, y): null

31-03-2025T12:21:44 - [TEST_STEP][PASSED] - setValueToCellByIndex(sheet01, n, 7, todaysDate): null

31-03-2025T12:21:44 - [TEST_STEP][PASSED] - n = n + 1: null

31-03-2025T12:21:44 - [TEST_STEP][PASSED] - saveWorkbook(excelFilePath, workbook01): null

31-03-2025T12:21:44 - [TEST_STEP][PASSED] - typeOfData = "Факт Потери": null

31-03-2025T12:21:44 - [TEST_STEP][PASSED] - fileInt = replaceAll("\s+", "").toInteger(): null

31-03-2025T12:21:44 - [TEST_STEP][PASSED] - Script1718980020443.WriteToExcelNoData(a, typeOfData, todaysDate, fileInt, fileDouble, dZO): null

31-03-2025T12:21:44 - [TEST_STEP][PASSED] - sheetName = "Sheet1": null

31-03-2025T12:21:44 - [TEST_STEP][PASSED] - data = findTestData("PlanFact"): null

31-03-2025T12:21:44 - [TEST_STEP][PASSED] - n = data.getRowNumbers() + 1: null

31-03-2025T12:21:44 - [TEST_STEP][PASSED] - day = ")).toInteger(): null

31-03-2025T12:21:44 - [TEST_STEP][PASSED] - println(day): null

31-03-2025T12:21:44 - [TEST_STEP][PASSED] - month = ")).toInteger(): null

31-03-2025T12:21:44 - [TEST_STEP][PASSED] - println(month): null

31-03-2025T12:21:44 - [TEST_STEP][PASSED] - y = <not implemented yet for class: org.codehaus.groovy.ast.expr.EmptyExpression>: null

31-03-2025T12:21:44 - [TEST_STEP][PASSED] - iy = <not implemented yet for class: org.codehaus.groovy.ast.expr.EmptyExpression>: null

31-03-2025T12:21:44 - [TEST_STEP][PASSED] - m = getText(findTestObject("Выполнение бизнес-плана/Период")): Text of object 'Object Repository/Выполнение бизнес-плана/Период' is: 'Январь 2025 года'

31-03-2025T12:21:45 - [MESSAGE][PASSED] - Text of object 'Object Repository/Выполнение бизнес-плана/Период' is: 'Январь 2025 года'

31-03-2025T12:21:45 - [TEST_STEP][PASSED] - iy = m.indexOf("20"): null

31-03-2025T12:21:45 - [TEST_STEP][PASSED] - if (iy > -1): null

31-03-2025T12:21:45 - [TEST_STEP][PASSED] - y = substring(iy, iy + 4).toInteger(): null

31-03-2025T12:21:45 - [TEST_STEP][PASSED] - println(y): null

31-03-2025T12:21:45 - [TEST_STEP][PASSED] - if (toString().length() == 4): null

31-03-2025T12:21:45 - [TEST_STEP][PASSED] - m = m.substring(0, m.indexOf(y.toString())): null

31-03-2025T12:21:45 - [TEST_STEP][PASSED] - m = m.trim(): null

31-03-2025T12:21:45 - [TEST_STEP][PASSED] - if (m == ""): null

31-03-2025T12:21:45 - [TEST_STEP][PASSED] - dashboardName = "Выполнение бизнес-плана": null

31-03-2025T12:21:45 - [TEST_STEP][PASSED] - workbook01 = getWorkbook(excelFilePath): null

31-03-2025T12:21:45 - [TEST_STEP][PASSED] - sheet01 = getExcelSheet(workbook01, sheetName): null

31-03-2025T12:21:45 - [TEST_STEP][PASSED] - setValueToCellByIndex(sheet01, n, 0, dashboardName): null

31-03-2025T12:21:45 - [TEST_STEP][PASSED] - setValueToCellByIndex(sheet01, n, 1, dZO): null

31-03-2025T12:21:45 - [TEST_STEP][PASSED] - setValueToCellByIndex(sheet01, n, 2, typeOfData): null

31-03-2025T12:21:45 - [TEST_STEP][PASSED] - if (typeOfData == "Факт в процентах" || typeOfData == "План в процентах"): null

31-03-2025T12:21:45 - [TEST_STEP][PASSED] - else: null

31-03-2025T12:21:45 - [TEST_STEP][PASSED] - setValueToCellByIndex(sheet01, n, 3, fileInt): null

31-03-2025T12:21:45 - [TEST_STEP][PASSED] - setValueToCellByIndex(sheet01, n, 4, "нет данных"): null

31-03-2025T12:21:45 - [TEST_STEP][PASSED] - setValueToCellByIndex(sheet01, n, 5, m): null

31-03-2025T12:21:45 - [TEST_STEP][PASSED] - setValueToCellByIndex(sheet01, n, 6, y): null

31-03-2025T12:21:45 - [TEST_STEP][PASSED] - setValueToCellByIndex(sheet01, n, 7, todaysDate): null

31-03-2025T12:21:45 - [TEST_STEP][PASSED] - n = n + 1: null

31-03-2025T12:21:45 - [TEST_STEP][PASSED] - saveWorkbook(excelFilePath, workbook01): null

31-03-2025T12:21:45 - [TEST_STEP][PASSED] - typeOfData = "План Отпуск в сеть": null

31-03-2025T12:21:45 - [TEST_STEP][PASSED] - fileInt = replaceAll("\s+", "").toInteger(): null

31-03-2025T12:21:45 - [TEST_STEP][PASSED] - Script1718980020443.WriteToExcelNoData(a, typeOfData, todaysDate, fileInt, fileDouble, dZO): null

31-03-2025T12:21:45 - [TEST_STEP][PASSED] - sheetName = "Sheet1": null

31-03-2025T12:21:45 - [TEST_STEP][PASSED] - data = findTestData("PlanFact"): null

31-03-2025T12:21:45 - [TEST_STEP][PASSED] - n = data.getRowNumbers() + 1: null

31-03-2025T12:21:45 - [TEST_STEP][PASSED] - day = ")).toInteger(): null

31-03-2025T12:21:45 - [TEST_STEP][PASSED] - println(day): null

31-03-2025T12:21:45 - [TEST_STEP][PASSED] - month = ")).toInteger(): null

31-03-2025T12:21:45 - [TEST_STEP][PASSED] - println(month): null

31-03-2025T12:21:45 - [TEST_STEP][PASSED] - y = <not implemented yet for class: org.codehaus.groovy.ast.expr.EmptyExpression>: null

31-03-2025T12:21:45 - [TEST_STEP][PASSED] - iy = <not implemented yet for class: org.codehaus.groovy.ast.expr.EmptyExpression>: null

31-03-2025T12:21:45 - [TEST_STEP][PASSED] - m = getText(findTestObject("Выполнение бизнес-плана/Период")): Text of object 'Object Repository/Выполнение бизнес-плана/Период' is: 'Январь 2025 года'

31-03-2025T12:21:45 - [MESSAGE][PASSED] - Text of object 'Object Repository/Выполнение бизнес-плана/Период' is: 'Январь 2025 года'

31-03-2025T12:21:45 - [TEST_STEP][PASSED] - iy = m.indexOf("20"): null

31-03-2025T12:21:45 - [TEST_STEP][PASSED] - if (iy > -1): null

31-03-2025T12:21:45 - [TEST_STEP][PASSED] - y = substring(iy, iy + 4).toInteger(): null

31-03-2025T12:21:45 - [TEST_STEP][PASSED] - println(y): null

31-03-2025T12:21:45 - [TEST_STEP][PASSED] - if (toString().length() == 4): null

31-03-2025T12:21:45 - [TEST_STEP][PASSED] - m = m.substring(0, m.indexOf(y.toString())): null

31-03-2025T12:21:45 - [TEST_STEP][PASSED] - m = m.trim(): null

31-03-2025T12:21:45 - [TEST_STEP][PASSED] - if (m == ""): null

31-03-2025T12:21:45 - [TEST_STEP][PASSED] - dashboardName = "Выполнение бизнес-плана": null

31-03-2025T12:21:45 - [TEST_STEP][PASSED] - workbook01 = getWorkbook(excelFilePath): null

31-03-2025T12:21:46 - [TEST_STEP][PASSED] - sheet01 = getExcelSheet(workbook01, sheetName): null

31-03-2025T12:21:46 - [TEST_STEP][PASSED] - setValueToCellByIndex(sheet01, n, 0, dashboardName): null

31-03-2025T12:21:46 - [TEST_STEP][PASSED] - setValueToCellByIndex(sheet01, n, 1, dZO): null

31-03-2025T12:21:46 - [TEST_STEP][PASSED] - setValueToCellByIndex(sheet01, n, 2, typeOfData): null

31-03-2025T12:21:46 - [TEST_STEP][PASSED] - if (typeOfData == "Факт в процентах" || typeOfData == "План в процентах"): null

31-03-2025T12:21:46 - [TEST_STEP][PASSED] - else: null

31-03-2025T12:21:46 - [TEST_STEP][PASSED] - setValueToCellByIndex(sheet01, n, 3, fileInt): null

31-03-2025T12:21:46 - [TEST_STEP][PASSED] - setValueToCellByIndex(sheet01, n, 4, "нет данных"): null

31-03-2025T12:21:46 - [TEST_STEP][PASSED] - setValueToCellByIndex(sheet01, n, 5, m): null

31-03-2025T12:21:46 - [TEST_STEP][PASSED] - setValueToCellByIndex(sheet01, n, 6, y): null

31-03-2025T12:21:46 - [TEST_STEP][PASSED] - setValueToCellByIndex(sheet01, n, 7, todaysDate): null

31-03-2025T12:21:46 - [TEST_STEP][PASSED] - n = n + 1: null

31-03-2025T12:21:46 - [TEST_STEP][PASSED] - saveWorkbook(excelFilePath, workbook01): null

31-03-2025T12:21:46 - [TEST_STEP][PASSED] - typeOfData = "План Потери": null

31-03-2025T12:21:46 - [TEST_STEP][PASSED] - fileInt = replaceAll("\s+", "").toInteger(): null

31-03-2025T12:21:46 - [TEST_STEP][PASSED] - Script1718980020443.WriteToExcelNoData(a, typeOfData, todaysDate, fileInt, fileDouble, dZO): null

31-03-2025T12:21:46 - [TEST_STEP][PASSED] - sheetName = "Sheet1": null

31-03-2025T12:21:46 - [TEST_STEP][PASSED] - data = findTestData("PlanFact"): null

31-03-2025T12:21:46 - [TEST_STEP][PASSED] - n = data.getRowNumbers() + 1: null

31-03-2025T12:21:46 - [TEST_STEP][PASSED] - day = ")).toInteger(): null

31-03-2025T12:21:46 - [TEST_STEP][PASSED] - println(day): null

31-03-2025T12:21:46 - [TEST_STEP][PASSED] - month = ")).toInteger(): null

31-03-2025T12:21:46 - [TEST_STEP][PASSED] - println(month): null

31-03-2025T12:21:46 - [TEST_STEP][PASSED] - y = <not implemented yet for class: org.codehaus.groovy.ast.expr.EmptyExpression>: null

31-03-2025T12:21:46 - [TEST_STEP][PASSED] - iy = <not implemented yet for class: org.codehaus.groovy.ast.expr.EmptyExpression>: null

31-03-2025T12:21:46 - [TEST_STEP][PASSED] - m = getText(findTestObject("Выполнение бизнес-плана/Период")): Text of object 'Object Repository/Выполнение бизнес-плана/Период' is: 'Январь 2025 года'

31-03-2025T12:21:46 - [MESSAGE][PASSED] - Text of object 'Object Repository/Выполнение бизнес-плана/Период' is: 'Январь 2025 года'

31-03-2025T12:21:46 - [TEST_STEP][PASSED] - iy = m.indexOf("20"): null

31-03-2025T12:21:46 - [TEST_STEP][PASSED] - if (iy > -1): null

31-03-2025T12:21:46 - [TEST_STEP][PASSED] - y = substring(iy, iy + 4).toInteger(): null

31-03-2025T12:21:46 - [TEST_STEP][PASSED] - println(y): null

31-03-2025T12:21:46 - [TEST_STEP][PASSED] - if (toString().length() == 4): null

31-03-2025T12:21:46 - [TEST_STEP][PASSED] - m = m.substring(0, m.indexOf(y.toString())): null

31-03-2025T12:21:46 - [TEST_STEP][PASSED] - m = m.trim(): null

31-03-2025T12:21:46 - [TEST_STEP][PASSED] - if (m == ""): null

31-03-2025T12:21:46 - [TEST_STEP][PASSED] - dashboardName = "Выполнение бизнес-плана": null

31-03-2025T12:21:46 - [TEST_STEP][PASSED] - workbook01 = getWorkbook(excelFilePath): null

31-03-2025T12:21:46 - [TEST_STEP][PASSED] - sheet01 = getExcelSheet(workbook01, sheetName): null

31-03-2025T12:21:46 - [TEST_STEP][PASSED] - setValueToCellByIndex(sheet01, n, 0, dashboardName): null

31-03-2025T12:21:46 - [TEST_STEP][PASSED] - setValueToCellByIndex(sheet01, n, 1, dZO): null

31-03-2025T12:21:46 - [TEST_STEP][PASSED] - setValueToCellByIndex(sheet01, n, 2, typeOfData): null

31-03-2025T12:21:46 - [TEST_STEP][PASSED] - if (typeOfData == "Факт в процентах" || typeOfData == "План в процентах"): null

31-03-2025T12:21:46 - [TEST_STEP][PASSED] - else: null

31-03-2025T12:21:46 - [TEST_STEP][PASSED] - setValueToCellByIndex(sheet01, n, 3, fileInt): null

31-03-2025T12:21:46 - [TEST_STEP][PASSED] - setValueToCellByIndex(sheet01, n, 4, "нет данных"): null

31-03-2025T12:21:46 - [TEST_STEP][PASSED] - setValueToCellByIndex(sheet01, n, 5, m): null

31-03-2025T12:21:46 - [TEST_STEP][PASSED] - setValueToCellByIndex(sheet01, n, 6, y): null

31-03-2025T12:21:46 - [TEST_STEP][PASSED] - setValueToCellByIndex(sheet01, n, 7, todaysDate): null

31-03-2025T12:21:46 - [TEST_STEP][PASSED] - n = n + 1: null

31-03-2025T12:21:46 - [TEST_STEP][PASSED] - saveWorkbook(excelFilePath, workbook01): null

31-03-2025T12:21:46 - [TEST_STEP][PASSED] - typeOfData = "План в процентах": null

31-03-2025T12:21:46 - [TEST_STEP][PASSED] - fileDouble = ").toDouble(): null

31-03-2025T12:21:46 - [TEST_STEP][PASSED] - Script1718980020443.WriteToExcelNoData(a, typeOfData, todaysDate, fileInt, fileDouble, dZO): null

31-03-2025T12:21:46 - [TEST_STEP][PASSED] - sheetName = "Sheet1": null

31-03-2025T12:21:46 - [TEST_STEP][PASSED] - data = findTestData("PlanFact"): null

31-03-2025T12:21:47 - [TEST_STEP][PASSED] - n = data.getRowNumbers() + 1: null

31-03-2025T12:21:47 - [TEST_STEP][PASSED] - day = ")).toInteger(): null

31-03-2025T12:21:47 - [TEST_STEP][PASSED] - println(day): null

31-03-2025T12:21:47 - [TEST_STEP][PASSED] - month = ")).toInteger(): null

31-03-2025T12:21:47 - [TEST_STEP][PASSED] - println(month): null

31-03-2025T12:21:47 - [TEST_STEP][PASSED] - y = <not implemented yet for class: org.codehaus.groovy.ast.expr.EmptyExpression>: null

31-03-2025T12:21:47 - [TEST_STEP][PASSED] - iy = <not implemented yet for class: org.codehaus.groovy.ast.expr.EmptyExpression>: null

31-03-2025T12:21:47 - [TEST_STEP][PASSED] - m = getText(findTestObject("Выполнение бизнес-плана/Период")): Text of object 'Object Repository/Выполнение бизнес-плана/Период' is: 'Январь 2025 года'

31-03-2025T12:21:47 - [MESSAGE][PASSED] - Text of object 'Object Repository/Выполнение бизнес-плана/Период' is: 'Январь 2025 года'

31-03-2025T12:21:47 - [TEST_STEP][PASSED] - iy = m.indexOf("20"): null

31-03-2025T12:21:47 - [TEST_STEP][PASSED] - if (iy > -1): null

31-03-2025T12:21:47 - [TEST_STEP][PASSED] - y = substring(iy, iy + 4).toInteger(): null

31-03-2025T12:21:47 - [TEST_STEP][PASSED] - println(y): null

31-03-2025T12:21:47 - [TEST_STEP][PASSED] - if (toString().length() == 4): null

31-03-2025T12:21:47 - [TEST_STEP][PASSED] - m = m.substring(0, m.indexOf(y.toString())): null

31-03-2025T12:21:47 - [TEST_STEP][PASSED] - m = m.trim(): null

31-03-2025T12:21:47 - [TEST_STEP][PASSED] - if (m == ""): null

31-03-2025T12:21:47 - [TEST_STEP][PASSED] - dashboardName = "Выполнение бизнес-плана": null

31-03-2025T12:21:47 - [TEST_STEP][PASSED] - workbook01 = getWorkbook(excelFilePath): null

31-03-2025T12:21:47 - [TEST_STEP][PASSED] - sheet01 = getExcelSheet(workbook01, sheetName): null

31-03-2025T12:21:47 - [TEST_STEP][PASSED] - setValueToCellByIndex(sheet01, n, 0, dashboardName): null

31-03-2025T12:21:47 - [TEST_STEP][PASSED] - setValueToCellByIndex(sheet01, n, 1, dZO): null

31-03-2025T12:21:47 - [TEST_STEP][PASSED] - setValueToCellByIndex(sheet01, n, 2, typeOfData): null

31-03-2025T12:21:47 - [TEST_STEP][PASSED] - if (typeOfData == "Факт в процентах" || typeOfData == "План в процентах"): null

31-03-2025T12:21:47 - [TEST_STEP][PASSED] - setValueToCellByIndex(sheet01, n, 3, fileDouble): null

31-03-2025T12:21:47 - [TEST_STEP][PASSED] - setValueToCellByIndex(sheet01, n, 4, "нет данных"): null

31-03-2025T12:21:47 - [TEST_STEP][PASSED] - setValueToCellByIndex(sheet01, n, 5, m): null

31-03-2025T12:21:47 - [TEST_STEP][PASSED] - setValueToCellByIndex(sheet01, n, 6, y): null

31-03-2025T12:21:47 - [TEST_STEP][PASSED] - setValueToCellByIndex(sheet01, n, 7, todaysDate): null

31-03-2025T12:21:47 - [TEST_STEP][PASSED] - n = n + 1: null

31-03-2025T12:21:47 - [TEST_STEP][PASSED] - saveWorkbook(excelFilePath, workbook01): null

31-03-2025T12:21:47 - [TEST_STEP][PASSED] - typeOfData = "Факт в процентах": null

31-03-2025T12:21:47 - [TEST_STEP][PASSED] - fileDouble = ").toDouble(): null

31-03-2025T12:21:47 - [TEST_STEP][PASSED] - Script1718980020443.WriteToExcelNoData(a, typeOfData, todaysDate, fileInt, fileDouble, dZO): null

31-03-2025T12:21:47 - [TEST_STEP][PASSED] - sheetName = "Sheet1": null

31-03-2025T12:21:47 - [TEST_STEP][PASSED] - data = findTestData("PlanFact"): null

31-03-2025T12:21:47 - [TEST_STEP][PASSED] - n = data.getRowNumbers() + 1: null

31-03-2025T12:21:47 - [TEST_STEP][PASSED] - day = ")).toInteger(): null

31-03-2025T12:21:47 - [TEST_STEP][PASSED] - println(day): null

31-03-2025T12:21:47 - [TEST_STEP][PASSED] - month = ")).toInteger(): null

31-03-2025T12:21:47 - [TEST_STEP][PASSED] - println(month): null

31-03-2025T12:21:47 - [TEST_STEP][PASSED] - y = <not implemented yet for class: org.codehaus.groovy.ast.expr.EmptyExpression>: null

31-03-2025T12:21:47 - [TEST_STEP][PASSED] - iy = <not implemented yet for class: org.codehaus.groovy.ast.expr.EmptyExpression>: null

31-03-2025T12:21:47 - [TEST_STEP][PASSED] - m = getText(findTestObject("Выполнение бизнес-плана/Период")): Text of object 'Object Repository/Выполнение бизнес-плана/Период' is: 'Январь 2025 года'

31-03-2025T12:21:48 - [MESSAGE][PASSED] - Text of object 'Object Repository/Выполнение бизнес-плана/Период' is: 'Январь 2025 года'

31-03-2025T12:21:48 - [TEST_STEP][PASSED] - iy = m.indexOf("20"): null

31-03-2025T12:21:48 - [TEST_STEP][PASSED] - if (iy > -1): null

31-03-2025T12:21:48 - [TEST_STEP][PASSED] - y = substring(iy, iy + 4).toInteger(): null

31-03-2025T12:21:48 - [TEST_STEP][PASSED] - println(y): null

31-03-2025T12:21:48 - [TEST_STEP][PASSED] - if (toString().length() == 4): null

31-03-2025T12:21:48 - [TEST_STEP][PASSED] - m = m.substring(0, m.indexOf(y.toString())): null

31-03-2025T12:21:48 - [TEST_STEP][PASSED] - m = m.trim(): null

31-03-2025T12:21:48 - [TEST_STEP][PASSED] - if (m == ""): null

31-03-2025T12:21:48 - [TEST_STEP][PASSED] - dashboardName = "Выполнение бизнес-плана": null

31-03-2025T12:21:48 - [TEST_STEP][PASSED] - workbook01 = getWorkbook(excelFilePath): null

31-03-2025T12:21:48 - [TEST_STEP][PASSED] - sheet01 = getExcelSheet(workbook01, sheetName): null

31-03-2025T12:21:48 - [TEST_STEP][PASSED] - setValueToCellByIndex(sheet01, n, 0, dashboardName): null

31-03-2025T12:21:48 - [TEST_STEP][PASSED] - setValueToCellByIndex(sheet01, n, 1, dZO): null

31-03-2025T12:21:48 - [TEST_STEP][PASSED] - setValueToCellByIndex(sheet01, n, 2, typeOfData): null

31-03-2025T12:21:48 - [TEST_STEP][PASSED] - if (typeOfData == "Факт в процентах" || typeOfData == "План в процентах"): null

31-03-2025T12:21:48 - [TEST_STEP][PASSED] - setValueToCellByIndex(sheet01, n, 3, fileDouble): null

31-03-2025T12:21:48 - [TEST_STEP][PASSED] - setValueToCellByIndex(sheet01, n, 4, "нет данных"): null

31-03-2025T12:21:48 - [TEST_STEP][PASSED] - setValueToCellByIndex(sheet01, n, 5, m): null

31-03-2025T12:21:48 - [TEST_STEP][PASSED] - setValueToCellByIndex(sheet01, n, 6, y): null

31-03-2025T12:21:48 - [TEST_STEP][PASSED] - setValueToCellByIndex(sheet01, n, 7, todaysDate): null

31-03-2025T12:21:48 - [TEST_STEP][PASSED] - n = n + 1: null

31-03-2025T12:21:48 - [TEST_STEP][PASSED] - saveWorkbook(excelFilePath, workbook01): null

31-03-2025T12:21:48 - [TEST_STEP][PASSED] - println(dzoNum): null

31-03-2025T12:21:48 - [TEST_STEP][PASSED] - dZO = "Россети Урал (ГК)": null

31-03-2025T12:21:48 - [TEST_STEP][PASSED] - a = 54: null

31-03-2025T12:21:48 - [TEST_STEP][PASSED] - if (x1.contains("Урал")): null

31-03-2025T12:21:48 - [TEST_STEP][PASSED] - dzoNum = dzoNum + 1: null

31-03-2025T12:21:48 - [TEST_STEP][PASSED] - Script1718980020443.Numbers(a, typeOfData, todaysDate, pageInt, fileInt, pageDouble, fileDouble, dZO, dzoNum, filialNum): null

31-03-2025T12:21:48 - [TEST_STEP][PASSED] - println(dzoNum): null

31-03-2025T12:21:48 - [TEST_STEP][PASSED] - planFact = <not implemented yet for class: org.codehaus.groovy.ast.expr.EmptyExpression>: null

31-03-2025T12:21:48 - [TEST_STEP][PASSED] - page = <not implemented yet for class: org.codehaus.groovy.ast.expr.EmptyExpression>: null

31-03-2025T12:21:48 - [TEST_STEP][PASSED] - page1 = <not implemented yet for class: org.codehaus.groovy.ast.expr.EmptyExpression>: null

31-03-2025T12:21:48 - [TEST_STEP][PASSED] - page2 = <not implemented yet for class: org.codehaus.groovy.ast.expr.EmptyExpression>: null

31-03-2025T12:21:48 - [TEST_STEP][PASSED] - filialNumberInRow = <not implemented yet for class: org.codehaus.groovy.ast.expr.EmptyExpression>: null

31-03-2025T12:21:48 - [TEST_STEP][PASSED] - filialsDzoNames = <not implemented yet for class: org.codehaus.groovy.ast.expr.EmptyExpression>: null

31-03-2025T12:21:48 - [TEST_STEP][PASSED] - numberOfFilials = <not implemented yet for class: org.codehaus.groovy.ast.expr.EmptyExpression>: null

31-03-2025T12:21:48 - [TEST_STEP][PASSED] - numberOfSpaces = <not implemented yet for class: org.codehaus.groovy.ast.expr.EmptyExpression>: null

31-03-2025T12:21:48 - [TEST_STEP][PASSED] - file = <not implemented yet for class: org.codehaus.groovy.ast.expr.EmptyExpression>: null

31-03-2025T12:21:48 - [TEST_STEP][PASSED] - otpusk = <not implemented yet for class: org.codehaus.groovy.ast.expr.EmptyExpression>: null

31-03-2025T12:21:48 - [TEST_STEP][PASSED] - poteri = <not implemented yet for class: org.codehaus.groovy.ast.expr.EmptyExpression>: null

31-03-2025T12:21:48 - [TEST_STEP][PASSED] - dataFolder = "Выполнение бизнес-плана/Значения со страницы Выполнение бизнес-плана/": null

31-03-2025T12:21:48 - [TEST_STEP][PASSED] - path = <not implemented yet for class: org.codehaus.groovy.ast.expr.EmptyExpression>: null

31-03-2025T12:21:48 - [TEST_STEP][PASSED] - typeOfDataMain = <not implemented yet for class: org.codehaus.groovy.ast.expr.EmptyExpression>: null

31-03-2025T12:21:48 - [TEST_STEP][PASSED] - fileOtpuskVSet = <not implemented yet for class: org.codehaus.groovy.ast.expr.EmptyExpression>: null

31-03-2025T12:21:48 - [TEST_STEP][PASSED] - pageOtpuskVSet = <not implemented yet for class: org.codehaus.groovy.ast.expr.EmptyExpression>: null

31-03-2025T12:21:48 - [TEST_STEP][PASSED] - filePoteri = <not implemented yet for class: org.codehaus.groovy.ast.expr.EmptyExpression>: null

31-03-2025T12:21:48 - [TEST_STEP][PASSED] - pagePoteri = <not implemented yet for class: org.codehaus.groovy.ast.expr.EmptyExpression>: null

31-03-2025T12:21:48 - [TEST_STEP][PASSED] - compare = <not implemented yet for class: org.codehaus.groovy.ast.expr.EmptyExpression>: null

31-03-2025T12:21:48 - [TEST_STEP][PASSED] - b = <not implemented yet for class: org.codehaus.groovy.ast.expr.EmptyExpression>: null

31-03-2025T12:21:48 - [TEST_STEP][PASSED] - i = <not implemented yet for class: org.codehaus.groovy.ast.expr.EmptyExpression>: null

31-03-2025T12:21:48 - [TEST_STEP][PASSED] - ii = <not implemented yet for class: org.codehaus.groovy.ast.expr.EmptyExpression>: null

31-03-2025T12:21:48 - [TEST_STEP][PASSED] - c = <not implemented yet for class: org.codehaus.groovy.ast.expr.EmptyExpression>: null

31-03-2025T12:21:48 - [TEST_STEP][PASSED] - numberOfErrors = 0: null

31-03-2025T12:21:48 - [TEST_STEP][PASSED] - if (a == 82): null

31-03-2025T12:21:48 - [TEST_STEP][PASSED] - b = findTestData("PlanFact").getValue(1, a): null

31-03-2025T12:21:48 - [TEST_STEP][PASSED] - i = b.indexOf(" (ГК)"): null

31-03-2025T12:21:48 - [TEST_STEP][PASSED] - if (i > -1): null

31-03-2025T12:21:48 - [TEST_STEP][PASSED] - b = b.substring(0, i): null

31-03-2025T12:21:48 - [TEST_STEP][PASSED] - i = b.indexOf("О ""): null

31-03-2025T12:21:48 - [TEST_STEP][PASSED] - if (i > -1): null

31-03-2025T12:21:48 - [TEST_STEP][PASSED] - i = b.indexOf("О «"): null

31-03-2025T12:21:48 - [TEST_STEP][PASSED] - if (i > -1): null

31-03-2025T12:21:48 - [TEST_STEP][PASSED] - i = b.indexOf("г. "): null

31-03-2025T12:21:48 - [TEST_STEP][PASSED] - if (i > -1): null

31-03-2025T12:21:48 - [TEST_STEP][PASSED] - b = b.trim(): null

31-03-2025T12:21:48 - [TEST_STEP][PASSED] - println(b): null

31-03-2025T12:21:48 - [TEST_STEP][PASSED] - for ([planFact = 1, planFact < 3, (planFact++)]): null

31-03-2025T12:21:48 - [TEST_STEP][PASSED] - if (planFact == 1): null

31-03-2025T12:21:48 - [TEST_STEP][PASSED] - typeOfDataMain = "Факт": null

31-03-2025T12:21:48 - [TEST_STEP][PASSED] - otpusk = findTestData("PlanFact").getValue(5, a): null

31-03-2025T12:21:48 - [TEST_STEP][PASSED] - poteri = findTestData("PlanFact").getValue(6, a): null

31-03-2025T12:21:48 - [TEST_STEP][PASSED] - otpusk = otpusk.replaceAll("\s+", ""): null

31-03-2025T12:21:48 - [TEST_STEP][PASSED] - poteri = poteri.replaceAll("\s+", ""): null

31-03-2025T12:21:48 - [TEST_STEP][PASSED] - typeOfData = typeOfDataMain + " Отпуск в сеть": null

31-03-2025T12:21:48 - [TEST_STEP][PASSED] - if (a == 82): null

31-03-2025T12:21:48 - [TEST_STEP][PASSED] - else if (a == 84): null

31-03-2025T12:21:48 - [TEST_STEP][PASSED] - else if (a == 83 || a == 52 || a == 72 || a == 28 || a == 73 || a == 77 || a == 74 || a == 65 || a == 36 || a == 44 || a == 53 || a == 80 || a == 54 || a == 1 || a == 18 || a == 59 || a == 81): null

31-03-2025T12:21:48 - [TEST_STEP][PASSED] - path = dataFolder + "Table Data/" + typeOfData + " за отчётный период " + dzoNum: null

31-03-2025T12:21:48 - [TEST_STEP][PASSED] - println(path): null

31-03-2025T12:21:48 - [TEST_STEP][PASSED] - page = getText(findTestObject(path)): Text of object 'Object Repository/Выполнение бизнес-плана/Значения со страницы Выполнение бизнес-плана/Table Data/Факт Отпуск в сеть за отчётный период 6' is: '6 843 010'

31-03-2025T12:21:48 - [MESSAGE][PASSED] - Text of object 'Object Repository/Выполнение бизнес-плана/Значения со страницы Выполнение бизнес-плана/Table Data/Факт Отпуск в сеть за отчётный период 6' is: '6 843 010'

31-03-2025T12:21:48 - [TEST_STEP][PASSED] - if (page == "" || page == null): null

31-03-2025T12:21:48 - [TEST_STEP][PASSED] - else: null

31-03-2025T12:21:48 - [TEST_STEP][PASSED] - page = page.replaceAll("\s+", ""): null

31-03-2025T12:21:48 - [TEST_STEP][PASSED] - if (page == "undefined"): null

31-03-2025T12:21:48 - [TEST_STEP][PASSED] - fileOtpuskVSet = otpusk.toInteger(): null

31-03-2025T12:21:48 - [TEST_STEP][PASSED] - pageOtpuskVSet = page.toInteger(): null

31-03-2025T12:21:48 - [TEST_STEP][PASSED] - typeOfData = typeOfDataMain + " Потери": null

31-03-2025T12:21:48 - [TEST_STEP][PASSED] - if (a == 82): null

31-03-2025T12:21:48 - [TEST_STEP][PASSED] - else if (a == 84): null

31-03-2025T12:21:48 - [TEST_STEP][PASSED] - else if (a == 83 || a == 52 || a == 72 || a == 28 || a == 73 || a == 77 || a == 74 || a == 65 || a == 44 || a == 53 || a == 80 || a == 54 || a == 1 || a == 18 || a == 59 || a == 81): null

31-03-2025T12:21:48 - [TEST_STEP][PASSED] - path = dataFolder + "Table Data/" + typeOfData + " за отчётный период " + dzoNum: null

31-03-2025T12:21:48 - [TEST_STEP][PASSED] - page = getText(findTestObject(path)): Text of object 'Object Repository/Выполнение бизнес-плана/Значения со страницы Выполнение бизнес-плана/Table Data/Факт Потери за отчётный период 6' is: '429 434'

31-03-2025T12:21:49 - [MESSAGE][PASSED] - Text of object 'Object Repository/Выполнение бизнес-плана/Значения со страницы Выполнение бизнес-плана/Table Data/Факт Потери за отчётный период 6' is: '429 434'

31-03-2025T12:21:49 - [TEST_STEP][PASSED] - if (page == "" || page == null): null

31-03-2025T12:21:49 - [TEST_STEP][PASSED] - else: null

31-03-2025T12:21:49 - [TEST_STEP][PASSED] - page = page.replaceAll("\s+", ""): null

31-03-2025T12:21:49 - [TEST_STEP][PASSED] - if (page == "undefined"): null

31-03-2025T12:21:49 - [TEST_STEP][PASSED] - filePoteri = poteri.toInteger(): null

31-03-2025T12:21:49 - [TEST_STEP][PASSED] - pagePoteri = page.toInteger(): null

31-03-2025T12:21:49 - [TEST_STEP][PASSED] - compare = pageOtpuskVSet: null

31-03-2025T12:21:49 - [TEST_STEP][PASSED] - if (pageOtpuskVSet != null): null

31-03-2025T12:21:49 - [TEST_STEP][PASSED] - if (compare == fileOtpuskVSet): null

31-03-2025T12:21:49 - [TEST_STEP][PASSED] - if (compare == fileOtpuskVSet): null

31-03-2025T12:21:49 - [TEST_STEP][PASSED] - compare = pagePoteri: null

31-03-2025T12:21:49 - [TEST_STEP][PASSED] - if (pageOtpuskVSet != null): null

31-03-2025T12:21:49 - [TEST_STEP][PASSED] - if (compare == filePoteri): null

31-03-2025T12:21:49 - [TEST_STEP][PASSED] - else if (compare > filePoteri): null

31-03-2025T12:21:49 - [TEST_STEP][PASSED] - else if (compare < filePoteri): null

31-03-2025T12:21:49 - [TEST_STEP][PASSED] - compare = compare + 1: null

31-03-2025T12:21:49 - [TEST_STEP][PASSED] - if (compare == filePoteri): null

31-03-2025T12:21:49 - [TEST_STEP][PASSED] - else: null

31-03-2025T12:21:49 - [TEST_STEP][PASSED] - numberOfErrors = numberOfErrors + 1: null

31-03-2025T12:21:49 - [TEST_STEP][PASSED] - pageInt = pagePoteri: null

31-03-2025T12:21:49 - [TEST_STEP][PASSED] - fileInt = filePoteri: null

31-03-2025T12:21:49 - [TEST_STEP][PASSED] - typeOfData = typeOfDataMain + " Потери": null

31-03-2025T12:21:49 - [TEST_STEP][PASSED] - Script1718980020443.WriteToExcel(a, typeOfData, todaysDate, pageInt, fileInt, pageDouble, fileDouble, dZO): null

31-03-2025T12:21:49 - [TEST_STEP][PASSED] - sheetName = "Sheet1": null

31-03-2025T12:21:49 - [TEST_STEP][PASSED] - data = findTestData("PlanFact"): null

31-03-2025T12:21:49 - [TEST_STEP][PASSED] - n = data.getRowNumbers() + 1: null

31-03-2025T12:21:49 - [TEST_STEP][PASSED] - day = ")).toInteger(): null

31-03-2025T12:21:49 - [TEST_STEP][PASSED] - println(day): null

31-03-2025T12:21:49 - [TEST_STEP][PASSED] - month = ")).toInteger(): null

31-03-2025T12:21:49 - [TEST_STEP][PASSED] - println(month): null

31-03-2025T12:21:49 - [TEST_STEP][PASSED] - y = <not implemented yet for class: org.codehaus.groovy.ast.expr.EmptyExpression>: null

31-03-2025T12:21:49 - [TEST_STEP][PASSED] - iy = <not implemented yet for class: org.codehaus.groovy.ast.expr.EmptyExpression>: null

31-03-2025T12:21:49 - [TEST_STEP][PASSED] - m = getText(findTestObject("Выполнение бизнес-плана/Период")): Text of object 'Object Repository/Выполнение бизнес-плана/Период' is: 'Январь 2025 года'

31-03-2025T12:21:49 - [MESSAGE][PASSED] - Text of object 'Object Repository/Выполнение бизнес-плана/Период' is: 'Январь 2025 года'

31-03-2025T12:21:49 - [TEST_STEP][PASSED] - iy = m.indexOf("20"): null

31-03-2025T12:21:49 - [TEST_STEP][PASSED] - if (iy > -1): null

31-03-2025T12:21:49 - [TEST_STEP][PASSED] - y = substring(iy, iy + 4).toInteger(): null

31-03-2025T12:21:49 - [TEST_STEP][PASSED] - println(y): null

31-03-2025T12:21:49 - [TEST_STEP][PASSED] - if (toString().length() == 4): null

31-03-2025T12:21:49 - [TEST_STEP][PASSED] - m = m.substring(0, m.indexOf(y.toString())): null

31-03-2025T12:21:49 - [TEST_STEP][PASSED] - m = m.trim(): null

31-03-2025T12:21:49 - [TEST_STEP][PASSED] - if (m == ""): null

31-03-2025T12:21:49 - [TEST_STEP][PASSED] - dashboardName = "Выполнение бизнес-плана": null

31-03-2025T12:21:49 - [TEST_STEP][PASSED] - workbook01 = getWorkbook(excelFilePath): null

31-03-2025T12:21:49 - [TEST_STEP][PASSED] - sheet01 = getExcelSheet(workbook01, sheetName): null

31-03-2025T12:21:49 - [TEST_STEP][PASSED] - setValueToCellByIndex(sheet01, n, 0, dashboardName): null

31-03-2025T12:21:49 - [TEST_STEP][PASSED] - setValueToCellByIndex(sheet01, n, 1, dZO): null

31-03-2025T12:21:49 - [TEST_STEP][PASSED] - setValueToCellByIndex(sheet01, n, 2, typeOfData): null

31-03-2025T12:21:49 - [TEST_STEP][PASSED] - if (typeOfData == "Факт в процентах" || typeOfData == "План в процентах"): null

31-03-2025T12:21:49 - [TEST_STEP][PASSED] - else: null

31-03-2025T12:21:49 - [TEST_STEP][PASSED] - setValueToCellByIndex(sheet01, n, 3, fileInt): null

31-03-2025T12:21:49 - [TEST_STEP][PASSED] - setValueToCellByIndex(sheet01, n, 4, pageInt): null

31-03-2025T12:21:49 - [TEST_STEP][PASSED] - setValueToCellByIndex(sheet01, n, 5, m): null

31-03-2025T12:21:49 - [TEST_STEP][PASSED] - setValueToCellByIndex(sheet01, n, 6, y): null

31-03-2025T12:21:49 - [TEST_STEP][PASSED] - setValueToCellByIndex(sheet01, n, 7, todaysDate): null

31-03-2025T12:21:49 - [TEST_STEP][PASSED] - n = n + 1: null

31-03-2025T12:21:49 - [TEST_STEP][FAILED] - saveWorkbook(excelFilePath, workbook01): null

31-03-2025T12:21:49 - [TEST_STEP][PASSED] - if (planFact == 2): null

31-03-2025T12:21:49 - [TEST_STEP][PASSED] - if (planFact == 1): null

31-03-2025T12:21:49 - [TEST_STEP][PASSED] - else if (planFact == 2): null

31-03-2025T12:21:49 - [TEST_STEP][PASSED] - click(findTestObject("Выполнение бизнес-плана/Кнопка План")): Object: 'Object Repository/Выполнение бизнес-плана/Кнопка План' is clicked on

31-03-2025T12:21:50 - [MESSAGE][PASSED] - Object: 'Object Repository/Выполнение бизнес-плана/Кнопка План' is clicked on

31-03-2025T12:21:50 - [TEST_STEP][PASSED] - typeOfDataMain = "План": null

31-03-2025T12:21:50 - [TEST_STEP][PASSED] - otpusk = findTestData("PlanFact").getValue(2, a): null

31-03-2025T12:21:50 - [TEST_STEP][PASSED] - poteri = findTestData("PlanFact").getValue(3, a): null

31-03-2025T12:21:50 - [TEST_STEP][PASSED] - otpusk = otpusk.replaceAll("\s+", ""): null

31-03-2025T12:21:50 - [TEST_STEP][PASSED] - poteri = poteri.replaceAll("\s+", ""): null

31-03-2025T12:21:50 - [TEST_STEP][PASSED] - typeOfData = typeOfDataMain + " Отпуск в сеть": null

31-03-2025T12:21:50 - [TEST_STEP][PASSED] - if (a == 82): null

31-03-2025T12:21:50 - [TEST_STEP][PASSED] - else if (a == 84): null

31-03-2025T12:21:50 - [TEST_STEP][PASSED] - else if (a == 83 || a == 52 || a == 72 || a == 28 || a == 73 || a == 77 || a == 74 || a == 65 || a == 36 || a == 44 || a == 53 || a == 80 || a == 54 || a == 1 || a == 18 || a == 59 || a == 81): null

31-03-2025T12:21:50 - [TEST_STEP][PASSED] - path = dataFolder + "Table Data/" + typeOfData + " за отчётный период " + dzoNum: null

31-03-2025T12:21:50 - [TEST_STEP][PASSED] - println(path): null

31-03-2025T12:21:50 - [TEST_STEP][PASSED] - page = getText(findTestObject(path)): Text of object 'Object Repository/Выполнение бизнес-плана/Значения со страницы Выполнение бизнес-плана/Table Data/План Отпуск в сеть за отчётный период 6' is: '7 177 213'

31-03-2025T12:21:50 - [MESSAGE][PASSED] - Text of object 'Object Repository/Выполнение бизнес-плана/Значения со страницы Выполнение бизнес-плана/Table Data/План Отпуск в сеть за отчётный период 6' is: '7 177 213'

31-03-2025T12:21:50 - [TEST_STEP][PASSED] - if (page == "" || page == null): null

31-03-2025T12:21:50 - [TEST_STEP][PASSED] - else: null

31-03-2025T12:21:50 - [TEST_STEP][PASSED] - page = page.replaceAll("\s+", ""): null

31-03-2025T12:21:50 - [TEST_STEP][PASSED] - if (page == "undefined"): null

31-03-2025T12:21:50 - [TEST_STEP][PASSED] - fileOtpuskVSet = otpusk.toInteger(): null

31-03-2025T12:21:50 - [TEST_STEP][PASSED] - pageOtpuskVSet = page.toInteger(): null

31-03-2025T12:21:50 - [TEST_STEP][PASSED] - typeOfData = typeOfDataMain + " Потери": null

31-03-2025T12:21:50 - [TEST_STEP][PASSED] - if (a == 82): null

31-03-2025T12:21:50 - [TEST_STEP][PASSED] - else if (a == 84): null

31-03-2025T12:21:50 - [TEST_STEP][PASSED] - else if (a == 83 || a == 52 || a == 72 || a == 28 || a == 73 || a == 77 || a == 74 || a == 65 || a == 44 || a == 53 || a == 80 || a == 54 || a == 1 || a == 18 || a == 59 || a == 81): null

31-03-2025T12:21:50 - [TEST_STEP][PASSED] - path = dataFolder + "Table Data/" + typeOfData + " за отчётный период " + dzoNum: null

31-03-2025T12:21:50 - [TEST_STEP][FAILED] - page = getText(findTestObject(path)): Unable to get text of object 'Object Repository/Выполнение бизнес-плана/Значения со страницы Выполнение бизнес-плана/Table Data/План Потери за отчётный период 6' (Root cause: com.kms.katalon.core.exception.StepFailedException: Unable to get text of object 'Object Repository/Выполнение бизнес-плана/Значения со страницы Выполнение бизнес-плана/Table Data/План Потери за отчётный период 6'
	at com.kms.katalon.core.webui.keyword.internal.WebUIKeywordMain.stepFailed(WebUIKeywordMain.groovy:64)
	at com.kms.katalon.core.webui.keyword.internal.WebUIKeywordMain.runKeyword(WebUIKeywordMain.groovy:26)
	at com.kms.katalon.core.webui.keyword.builtin.GetTextKeyword.getText(GetTextKeyword.groovy:88)
	at com.kms.katalon.core.webui.keyword.builtin.GetTextKeyword.execute(GetTextKeyword.groovy:67)
	at com.kms.katalon.core.keyword.internal.KeywordExecutor.executeKeywordForPlatform(KeywordExecutor.groovy:74)
	at com.kms.katalon.core.webui.keyword.WebUiBuiltInKeywords.getText(WebUiBuiltInKeywords.groovy:957)
	at Выполнение бизнес-плана Сверка ПАО Россети все филиалы.Numbers(Выполнение бизнес-плана Сверка ПАО Россети все филиалы:594)
	at Выполнение бизнес-плана Сверка ПАО Россети все филиалы.run(Выполнение бизнес-плана Сверка ПАО Россети все филиалы:357)
	at com.kms.katalon.core.main.ScriptEngine.run(ScriptEngine.java:194)
	at com.kms.katalon.core.main.ScriptEngine.runScriptAsRawText(ScriptEngine.java:119)
	at com.kms.katalon.core.main.TestCaseExecutor.runScript(TestCaseExecutor.java:448)
	at com.kms.katalon.core.main.TestCaseExecutor.doExecute(TestCaseExecutor.java:439)
	at com.kms.katalon.core.main.TestCaseExecutor.processExecutionPhase(TestCaseExecutor.java:418)
	at com.kms.katalon.core.main.TestCaseExecutor.accessMainPhase(TestCaseExecutor.java:410)
	at com.kms.katalon.core.main.TestCaseExecutor.execute(TestCaseExecutor.java:285)
	at com.kms.katalon.core.common.CommonExecutor.accessTestCaseMainPhase(CommonExecutor.java:65)
	at com.kms.katalon.core.main.TestSuiteExecutor.accessTestSuiteMainPhase(TestSuiteExecutor.java:150)
	at com.kms.katalon.core.main.TestSuiteExecutor.execute(TestSuiteExecutor.java:106)
	at com.kms.katalon.core.main.TestCaseMain.startTestSuite(TestCaseMain.java:180)
	at TempTestSuite1743404878601.run(TempTestSuite1743404878601.groovy:35)
	at java.base/jdk.internal.reflect.NativeMethodAccessorImpl.invoke0(Native Method)
	at java.base/jdk.internal.reflect.NativeMethodAccessorImpl.invoke(NativeMethodAccessorImpl.java:77)
	at java.base/jdk.internal.reflect.DelegatingMethodAccessorImpl.invoke(DelegatingMethodAccessorImpl.java:43)
Caused by: com.kms.katalon.core.webui.exception.WebElementNotFoundException: Web element with id: 'Object Repository/Выполнение бизнес-плана/Значения со страницы Выполнение бизнес-плана/Table Data/План Потери за отчётный период 6' located by '(.//*[normalize-space(text()) and normalize-space(.)='Показатели баланса электроэнергии по ДЗО – План'])[2]/following::td[40]' not found
	at com.kms.katalon.core.webui.common.WebUiCommonHelper.findWebElement(WebUiCommonHelper.java:1426)
	at com.kms.katalon.core.webui.keyword.internal.WebUIAbstractKeyword.findWebElement(WebUIAbstractKeyword.groovy:27)
	at com.kms.katalon.core.webui.keyword.internal.WebUIAbstractKeyword.findWebElement(WebUIAbstractKeyword.groovy:26)
	at com.kms.katalon.core.webui.keyword.builtin.GetTextKeyword$_getText_closure1.doCall(GetTextKeyword.groovy:78)
	at com.kms.katalon.core.webui.keyword.builtin.GetTextKeyword$_getText_closure1.call(GetTextKeyword.groovy)
	at com.kms.katalon.core.webui.keyword.internal.WebUIKeywordMain.runKeyword(WebUIKeywordMain.groovy:20)
	at com.kms.katalon.core.webui.keyword.builtin.GetTextKeyword.getText(GetTextKeyword.groovy:88)
	at com.kms.katalon.core.webui.keyword.builtin.GetTextKeyword.execute(GetTextKeyword.groovy:67)
	at com.kms.katalon.core.keyword.internal.KeywordExecutor.executeKeywordForPlatform(KeywordExecutor.groovy:74)
	at com.kms.katalon.core.webui.keyword.WebUiBuiltInKeywords.getText(WebUiBuiltInKeywords.groovy:957)
	at Script1718980020443.Numbers(Script1718980020443.groovy:594)
	at Script1718980020443.run(Script1718980020443.groovy:357)
	... 15 more
)

31-03-2025T12:22:21 - [MESSAGE][INFO] - Unable to find the element located by 'By.xpath: (.//*[normalize-space(text()) and normalize-space(.)='Показатели баланса электроэнергии по ДЗО – План'])[2]/following::td[40]'. Please recheck the objects properties to make sure the desired element is located. 

31-03-2025T12:22:21 - [MESSAGE][FAILED] - Unable to get text of object 'Object Repository/Выполнение бизнес-плана/Значения со страницы Выполнение бизнес-плана/Table Data/План Потери за отчётный период 6' (Root cause: com.kms.katalon.core.exception.StepFailedException: Unable to get text of object 'Object Repository/Выполнение бизнес-плана/Значения со страницы Выполнение бизнес-плана/Table Data/План Потери за отчётный период 6'
	at com.kms.katalon.core.webui.keyword.internal.WebUIKeywordMain.stepFailed(WebUIKeywordMain.groovy:64)
	at com.kms.katalon.core.webui.keyword.internal.WebUIKeywordMain.runKeyword(WebUIKeywordMain.groovy:26)
	at com.kms.katalon.core.webui.keyword.builtin.GetTextKeyword.getText(GetTextKeyword.groovy:88)
	at com.kms.katalon.core.webui.keyword.builtin.GetTextKeyword.execute(GetTextKeyword.groovy:67)
	at com.kms.katalon.core.keyword.internal.KeywordExecutor.executeKeywordForPlatform(KeywordExecutor.groovy:74)
	at com.kms.katalon.core.webui.keyword.WebUiBuiltInKeywords.getText(WebUiBuiltInKeywords.groovy:957)
	at Выполнение бизнес-плана Сверка ПАО Россети все филиалы.Numbers(Выполнение бизнес-плана Сверка ПАО Россети все филиалы:594)
	at Выполнение бизнес-плана Сверка ПАО Россети все филиалы.run(Выполнение бизнес-плана Сверка ПАО Россети все филиалы:357)
	at com.kms.katalon.core.main.ScriptEngine.run(ScriptEngine.java:194)
	at com.kms.katalon.core.main.ScriptEngine.runScriptAsRawText(ScriptEngine.java:119)
	at com.kms.katalon.core.main.TestCaseExecutor.runScript(TestCaseExecutor.java:448)
	at com.kms.katalon.core.main.TestCaseExecutor.doExecute(TestCaseExecutor.java:439)
	at com.kms.katalon.core.main.TestCaseExecutor.processExecutionPhase(TestCaseExecutor.java:418)
	at com.kms.katalon.core.main.TestCaseExecutor.accessMainPhase(TestCaseExecutor.java:410)
	at com.kms.katalon.core.main.TestCaseExecutor.execute(TestCaseExecutor.java:285)
	at com.kms.katalon.core.common.CommonExecutor.accessTestCaseMainPhase(CommonExecutor.java:65)
	at com.kms.katalon.core.main.TestSuiteExecutor.accessTestSuiteMainPhase(TestSuiteExecutor.java:150)
	at com.kms.katalon.core.main.TestSuiteExecutor.execute(TestSuiteExecutor.java:106)
	at com.kms.katalon.core.main.TestCaseMain.startTestSuite(TestCaseMain.java:180)
	at TempTestSuite1743404878601.run(TempTestSuite1743404878601.groovy:35)
	at java.base/jdk.internal.reflect.NativeMethodAccessorImpl.invoke0(Native Method)
	at java.base/jdk.internal.reflect.NativeMethodAccessorImpl.invoke(NativeMethodAccessorImpl.java:77)
	at java.base/jdk.internal.reflect.DelegatingMethodAccessorImpl.invoke(DelegatingMethodAccessorImpl.java:43)
Caused by: com.kms.katalon.core.webui.exception.WebElementNotFoundException: Web element with id: 'Object Repository/Выполнение бизнес-плана/Значения со страницы Выполнение бизнес-плана/Table Data/План Потери за отчётный период 6' located by '(.//*[normalize-space(text()) and normalize-space(.)='Показатели баланса электроэнергии по ДЗО – План'])[2]/following::td[40]' not found
	at com.kms.katalon.core.webui.common.WebUiCommonHelper.findWebElement(WebUiCommonHelper.java:1426)
	at com.kms.katalon.core.webui.keyword.internal.WebUIAbstractKeyword.findWebElement(WebUIAbstractKeyword.groovy:27)
	at com.kms.katalon.core.webui.keyword.internal.WebUIAbstractKeyword.findWebElement(WebUIAbstractKeyword.groovy:26)
	at com.kms.katalon.core.webui.keyword.builtin.GetTextKeyword$_getText_closure1.doCall(GetTextKeyword.groovy:78)
	at com.kms.katalon.core.webui.keyword.builtin.GetTextKeyword$_getText_closure1.call(GetTextKeyword.groovy)
	at com.kms.katalon.core.webui.keyword.internal.WebUIKeywordMain.runKeyword(WebUIKeywordMain.groovy:20)
	at com.kms.katalon.core.webui.keyword.builtin.GetTextKeyword.getText(GetTextKeyword.groovy:88)
	at com.kms.katalon.core.webui.keyword.builtin.GetTextKeyword.execute(GetTextKeyword.groovy:67)
	at com.kms.katalon.core.keyword.internal.KeywordExecutor.executeKeywordForPlatform(KeywordExecutor.groovy:74)
	at com.kms.katalon.core.webui.keyword.WebUiBuiltInKeywords.getText(WebUiBuiltInKeywords.groovy:957)
	at Script1718980020443.Numbers(Script1718980020443.groovy:594)
	at Script1718980020443.run(Script1718980020443.groovy:357)
	... 15 more
)
[[ATTACHMENT|C:\\Users\\LIAZGINA-DI\\git\\SPORU\\Reports\\20250331_100758\\\u041F\u043D-\u0421\u0440-\u041F\u0442\\\u0421\u0432\u0435\u0440\u043A\u0430 \u0434\u0430\u0448\u0431\u043E\u0440\u0434\u043E\u0432 \u0438\u0437 \u0440\u0430\u0437\u043D\u044B\u0445 \u0431\u043B\u043E\u043A\u043E\u0432\\20250331_100758\\1743412941737.png]]

31-03-2025T12:22:21 - [TEST_STEP][PASSED] - if (page == "" || page == null): null

31-03-2025T12:22:21 - [TEST_STEP][PASSED] - fileInt = poteri.toInteger(): null

31-03-2025T12:22:21 - [TEST_STEP][PASSED] - Script1718980020443.WriteToExcelNoData(a, typeOfData, todaysDate, fileInt, fileDouble, dZO): null

31-03-2025T12:22:21 - [TEST_STEP][PASSED] - sheetName = "Sheet1": null

31-03-2025T12:22:21 - [TEST_STEP][PASSED] - data = findTestData("PlanFact"): null

31-03-2025T12:22:21 - [TEST_STEP][PASSED] - n = data.getRowNumbers() + 1: null

31-03-2025T12:22:21 - [TEST_STEP][PASSED] - day = ")).toInteger(): null

31-03-2025T12:22:21 - [TEST_STEP][PASSED] - println(day): null

31-03-2025T12:22:21 - [TEST_STEP][PASSED] - month = ")).toInteger(): null

31-03-2025T12:22:21 - [TEST_STEP][PASSED] - println(month): null

31-03-2025T12:22:21 - [TEST_STEP][PASSED] - y = <not implemented yet for class: org.codehaus.groovy.ast.expr.EmptyExpression>: null

31-03-2025T12:22:21 - [TEST_STEP][PASSED] - iy = <not implemented yet for class: org.codehaus.groovy.ast.expr.EmptyExpression>: null

31-03-2025T12:22:21 - [TEST_STEP][PASSED] - m = getText(findTestObject("Выполнение бизнес-плана/Период")): Text of object 'Object Repository/Выполнение бизнес-плана/Период' is: 'Январь 2025 года'

31-03-2025T12:22:22 - [MESSAGE][PASSED] - Text of object 'Object Repository/Выполнение бизнес-плана/Период' is: 'Январь 2025 года'

31-03-2025T12:22:22 - [TEST_STEP][PASSED] - iy = m.indexOf("20"): null

31-03-2025T12:22:22 - [TEST_STEP][PASSED] - if (iy > -1): null

31-03-2025T12:22:22 - [TEST_STEP][PASSED] - y = substring(iy, iy + 4).toInteger(): null

31-03-2025T12:22:22 - [TEST_STEP][PASSED] - println(y): null

31-03-2025T12:22:22 - [TEST_STEP][PASSED] - if (toString().length() == 4): null

31-03-2025T12:22:22 - [TEST_STEP][PASSED] - m = m.substring(0, m.indexOf(y.toString())): null

31-03-2025T12:22:22 - [TEST_STEP][PASSED] - m = m.trim(): null

31-03-2025T12:22:22 - [TEST_STEP][PASSED] - if (m == ""): null

31-03-2025T12:22:22 - [TEST_STEP][PASSED] - dashboardName = "Выполнение бизнес-плана": null

31-03-2025T12:22:22 - [TEST_STEP][PASSED] - workbook01 = getWorkbook(excelFilePath): null

31-03-2025T12:22:22 - [TEST_STEP][PASSED] - sheet01 = getExcelSheet(workbook01, sheetName): null

31-03-2025T12:22:22 - [TEST_STEP][PASSED] - setValueToCellByIndex(sheet01, n, 0, dashboardName): null

31-03-2025T12:22:22 - [TEST_STEP][PASSED] - setValueToCellByIndex(sheet01, n, 1, dZO): null

31-03-2025T12:22:22 - [TEST_STEP][PASSED] - setValueToCellByIndex(sheet01, n, 2, typeOfData): null

31-03-2025T12:22:22 - [TEST_STEP][PASSED] - if (typeOfData == "Факт в процентах" || typeOfData == "План в процентах"): null

31-03-2025T12:22:22 - [TEST_STEP][PASSED] - else: null

31-03-2025T12:22:22 - [TEST_STEP][PASSED] - setValueToCellByIndex(sheet01, n, 3, fileInt): null

31-03-2025T12:22:22 - [TEST_STEP][PASSED] - setValueToCellByIndex(sheet01, n, 4, "нет данных"): null

31-03-2025T12:22:22 - [TEST_STEP][PASSED] - setValueToCellByIndex(sheet01, n, 5, m): null

31-03-2025T12:22:22 - [TEST_STEP][PASSED] - setValueToCellByIndex(sheet01, n, 6, y): null

31-03-2025T12:22:22 - [TEST_STEP][PASSED] - setValueToCellByIndex(sheet01, n, 7, todaysDate): null

31-03-2025T12:22:22 - [TEST_STEP][PASSED] - n = n + 1: null

31-03-2025T12:22:22 - [TEST_STEP][PASSED] - saveWorkbook(excelFilePath, workbook01): null

31-03-2025T12:22:22 - [TEST_STEP][PASSED] - compare = pageOtpuskVSet: null

31-03-2025T12:22:22 - [TEST_STEP][PASSED] - if (pageOtpuskVSet != null): null

31-03-2025T12:22:22 - [TEST_STEP][PASSED] - if (compare == fileOtpuskVSet): null

31-03-2025T12:22:22 - [TEST_STEP][PASSED] - if (compare == fileOtpuskVSet): null

31-03-2025T12:22:22 - [TEST_STEP][PASSED] - compare = pagePoteri: null

31-03-2025T12:22:22 - [TEST_STEP][PASSED] - if (pageOtpuskVSet != null): null

31-03-2025T12:22:22 - [TEST_STEP][PASSED] - if (compare == filePoteri): null

31-03-2025T12:22:22 - [TEST_STEP][PASSED] - else if (compare > filePoteri): null

31-03-2025T12:22:22 - [TEST_STEP][PASSED] - else if (compare < filePoteri): null

31-03-2025T12:22:22 - [TEST_STEP][PASSED] - compare = compare + 1: null

31-03-2025T12:22:22 - [TEST_STEP][PASSED] - if (compare == filePoteri): null

31-03-2025T12:22:22 - [TEST_STEP][PASSED] - else: null

31-03-2025T12:22:22 - [TEST_STEP][PASSED] - numberOfErrors = numberOfErrors + 1: null

31-03-2025T12:22:22 - [TEST_STEP][PASSED] - pageInt = pagePoteri: null

31-03-2025T12:22:22 - [TEST_STEP][PASSED] - fileInt = filePoteri: null

31-03-2025T12:22:22 - [TEST_STEP][PASSED] - typeOfData = typeOfDataMain + " Потери": null

31-03-2025T12:22:22 - [TEST_STEP][PASSED] - Script1718980020443.WriteToExcel(a, typeOfData, todaysDate, pageInt, fileInt, pageDouble, fileDouble, dZO): null

31-03-2025T12:22:22 - [TEST_STEP][PASSED] - sheetName = "Sheet1": null

31-03-2025T12:22:22 - [TEST_STEP][PASSED] - data = findTestData("PlanFact"): null

31-03-2025T12:22:22 - [TEST_STEP][PASSED] - n = data.getRowNumbers() + 1: null

31-03-2025T12:22:22 - [TEST_STEP][PASSED] - day = ")).toInteger(): null

31-03-2025T12:22:22 - [TEST_STEP][PASSED] - println(day): null

31-03-2025T12:22:22 - [TEST_STEP][PASSED] - month = ")).toInteger(): null

31-03-2025T12:22:22 - [TEST_STEP][PASSED] - println(month): null

31-03-2025T12:22:22 - [TEST_STEP][PASSED] - y = <not implemented yet for class: org.codehaus.groovy.ast.expr.EmptyExpression>: null

31-03-2025T12:22:22 - [TEST_STEP][PASSED] - iy = <not implemented yet for class: org.codehaus.groovy.ast.expr.EmptyExpression>: null

31-03-2025T12:22:22 - [TEST_STEP][PASSED] - m = getText(findTestObject("Выполнение бизнес-плана/Период")): Text of object 'Object Repository/Выполнение бизнес-плана/Период' is: 'Январь 2025 года'

31-03-2025T12:22:22 - [MESSAGE][PASSED] - Text of object 'Object Repository/Выполнение бизнес-плана/Период' is: 'Январь 2025 года'

31-03-2025T12:22:22 - [TEST_STEP][PASSED] - iy = m.indexOf("20"): null

31-03-2025T12:22:22 - [TEST_STEP][PASSED] - if (iy > -1): null

31-03-2025T12:22:22 - [TEST_STEP][PASSED] - y = substring(iy, iy + 4).toInteger(): null

31-03-2025T12:22:22 - [TEST_STEP][PASSED] - println(y): null

31-03-2025T12:22:22 - [TEST_STEP][PASSED] - if (toString().length() == 4): null

31-03-2025T12:22:22 - [TEST_STEP][PASSED] - m = m.substring(0, m.indexOf(y.toString())): null

31-03-2025T12:22:22 - [TEST_STEP][PASSED] - m = m.trim(): null

31-03-2025T12:22:22 - [TEST_STEP][PASSED] - if (m == ""): null

31-03-2025T12:22:22 - [TEST_STEP][PASSED] - dashboardName = "Выполнение бизнес-плана": null

31-03-2025T12:22:22 - [TEST_STEP][PASSED] - workbook01 = getWorkbook(excelFilePath): null

31-03-2025T12:22:22 - [TEST_STEP][PASSED] - sheet01 = getExcelSheet(workbook01, sheetName): null

31-03-2025T12:22:22 - [TEST_STEP][PASSED] - setValueToCellByIndex(sheet01, n, 0, dashboardName): null

31-03-2025T12:22:22 - [TEST_STEP][PASSED] - setValueToCellByIndex(sheet01, n, 1, dZO): null

31-03-2025T12:22:22 - [TEST_STEP][PASSED] - setValueToCellByIndex(sheet01, n, 2, typeOfData): null

31-03-2025T12:22:22 - [TEST_STEP][PASSED] - if (typeOfData == "Факт в процентах" || typeOfData == "План в процентах"): null

31-03-2025T12:22:22 - [TEST_STEP][PASSED] - else: null

31-03-2025T12:22:22 - [TEST_STEP][PASSED] - setValueToCellByIndex(sheet01, n, 3, fileInt): null

31-03-2025T12:22:22 - [TEST_STEP][PASSED] - setValueToCellByIndex(sheet01, n, 4, pageInt): null

31-03-2025T12:22:22 - [TEST_STEP][PASSED] - setValueToCellByIndex(sheet01, n, 5, m): null

31-03-2025T12:22:22 - [TEST_STEP][PASSED] - setValueToCellByIndex(sheet01, n, 6, y): null

31-03-2025T12:22:22 - [TEST_STEP][PASSED] - setValueToCellByIndex(sheet01, n, 7, todaysDate): null

31-03-2025T12:22:22 - [TEST_STEP][PASSED] - n = n + 1: null

31-03-2025T12:22:22 - [TEST_STEP][PASSED] - saveWorkbook(excelFilePath, workbook01): Object: 'Object Repository/Выполнение бизнес-плана/Кнопка Факт' is clicked on

31-03-2025T12:22:23 - [TEST_STEP][PASSED] - if (planFact == 2): Object: 'Object Repository/Выполнение бизнес-плана/Кнопка Факт' is clicked on

31-03-2025T12:22:23 - [TEST_STEP][PASSED] - click(findTestObject("Выполнение бизнес-плана/Кнопка Факт")): Object: 'Object Repository/Выполнение бизнес-плана/Кнопка Факт' is clicked on

31-03-2025T12:22:23 - [MESSAGE][PASSED] - Object: 'Object Repository/Выполнение бизнес-плана/Кнопка Факт' is clicked on

31-03-2025T12:22:23 - [TEST_STEP][PASSED] - println("a=" + a): null

31-03-2025T12:22:23 - [TEST_STEP][PASSED] - if (a == 84 || a == 82): null

31-03-2025T12:22:23 - [TEST_STEP][PASSED] - else if (a == 83 || a == 52 || a == 72 || a == 28 || a == 73 || a == 77 || a == 74 || a == 65 || a == 36 || a == 44 || a == 53 || a == 80 || a == 54 || a == 1 || a == 18 || a == 59 || a == 81): null

31-03-2025T12:22:23 - [TEST_STEP][PASSED] - page1 = getText(findTestObject("Object Repository/Выполнение бизнес-плана/spanPlan" + dzoNum)): Text of object 'Object Repository/Выполнение бизнес-плана/spanPlan6' is: '7.40
|'

31-03-2025T12:22:23 - [MESSAGE][PASSED] - Text of object 'Object Repository/Выполнение бизнес-плана/spanPlan6' is: '7.40
|'

31-03-2025T12:22:23 - [TEST_STEP][PASSED] - page1 = page1.replace("|", ""): null

31-03-2025T12:22:23 - [TEST_STEP][PASSED] - page2 = getText(findTestObject("Object Repository/Выполнение бизнес-плана/spanFact" + dzoNum)): Text of object 'Object Repository/Выполнение бизнес-плана/spanFact6' is: '7.12'

31-03-2025T12:22:24 - [MESSAGE][PASSED] - Text of object 'Object Repository/Выполнение бизнес-плана/spanFact6' is: '7.12'

31-03-2025T12:22:24 - [TEST_STEP][PASSED] - page2 = page2.replace("|", ""): null

31-03-2025T12:22:24 - [TEST_STEP][PASSED] - println("page1: " + page1): null

31-03-2025T12:22:24 - [TEST_STEP][PASSED] - println("page2: " + page2): null

31-03-2025T12:22:24 - [TEST_STEP][PASSED] - file = findTestData("PlanFact").getValue(4, a): null

31-03-2025T12:22:24 - [TEST_STEP][PASSED] - file = file.replace(",", "."): null

31-03-2025T12:22:24 - [TEST_STEP][PASSED] - println("file Plan: " + file): null

31-03-2025T12:22:24 - [TEST_STEP][PASSED] - typeOfData = "План в процентах": null

31-03-2025T12:22:24 - [TEST_STEP][PASSED] - fileDouble = file.toDouble(): null

31-03-2025T12:22:24 - [TEST_STEP][PASSED] - pageDouble = page1.toDouble(): null

31-03-2025T12:22:24 - [TEST_STEP][PASSED] - if (fileDouble != pageDouble): null

31-03-2025T12:22:24 - [TEST_STEP][PASSED] - file = findTestData("PlanFact").getValue(7, a): null

31-03-2025T12:22:24 - [TEST_STEP][PASSED] - file = file.replace(",", "."): null

31-03-2025T12:22:24 - [TEST_STEP][PASSED] - println("file Fact: " + file): null

31-03-2025T12:22:24 - [TEST_STEP][PASSED] - fileDouble = file.toDouble(): null

31-03-2025T12:22:24 - [TEST_STEP][PASSED] - typeOfData = "Факт в процентах": null

31-03-2025T12:22:24 - [TEST_STEP][PASSED] - fileDouble = file.toDouble(): null

31-03-2025T12:22:24 - [TEST_STEP][PASSED] - pageDouble = page2.toDouble(): null

31-03-2025T12:22:24 - [TEST_STEP][PASSED] - if (fileDouble != pageDouble): null

31-03-2025T12:22:24 - [TEST_STEP][FAILED] - if (verifyEqual(numberOfErrors, 0) == false): null

31-03-2025T12:22:24 - [MESSAGE][FAILED] - Unable to verify equal between actual object '2' and expected object '0' (Root cause: com.kms.katalon.core.exception.StepFailedException: Actual object '2' and expected object '0' are not equal
	at com.kms.katalon.core.keyword.builtin.VerifyEqualKeyword$_verifyEqual_closure1.doCall(VerifyEqualKeyword.groovy:58)
	at com.kms.katalon.core.keyword.builtin.VerifyEqualKeyword$_verifyEqual_closure1.call(VerifyEqualKeyword.groovy)
	at com.kms.katalon.core.keyword.internal.KeywordMain.runKeyword(KeywordMain.groovy:75)
	at com.kms.katalon.core.keyword.builtin.VerifyEqualKeyword.verifyEqual(VerifyEqualKeyword.groovy:63)
	at com.kms.katalon.core.keyword.builtin.VerifyEqualKeyword.execute(VerifyEqualKeyword.groovy:44)
	at com.kms.katalon.core.keyword.internal.KeywordExecutor.executeKeywordForPlatform(KeywordExecutor.groovy:74)
	at com.kms.katalon.core.keyword.BuiltinKeywords.verifyEqual(BuiltinKeywords.groovy:146)
	at jdk.internal.reflect.GeneratedMethodAccessor28.invoke(Unknown Source)
	at java.base/jdk.internal.reflect.DelegatingMethodAccessorImpl.invoke(DelegatingMethodAccessorImpl.java:43)
	at Выполнение бизнес-плана Сверка ПАО Россети все филиалы.Numbers(Выполнение бизнес-плана Сверка ПАО Россети все филиалы:744)
	at Выполнение бизнес-плана Сверка ПАО Россети все филиалы.run(Выполнение бизнес-плана Сверка ПАО Россети все филиалы:357)
	at com.kms.katalon.core.main.ScriptEngine.run(ScriptEngine.java:194)
	at com.kms.katalon.core.main.ScriptEngine.runScriptAsRawText(ScriptEngine.java:119)
	at com.kms.katalon.core.main.TestCaseExecutor.runScript(TestCaseExecutor.java:448)
	at com.kms.katalon.core.main.TestCaseExecutor.doExecute(TestCaseExecutor.java:439)
	at com.kms.katalon.core.main.TestCaseExecutor.processExecutionPhase(TestCaseExecutor.java:418)
	at com.kms.katalon.core.main.TestCaseExecutor.accessMainPhase(TestCaseExecutor.java:410)
	at com.kms.katalon.core.main.TestCaseExecutor.execute(TestCaseExecutor.java:285)
	at com.kms.katalon.core.common.CommonExecutor.accessTestCaseMainPhase(CommonExecutor.java:65)
	at com.kms.katalon.core.main.TestSuiteExecutor.accessTestSuiteMainPhase(TestSuiteExecutor.java:150)
	at com.kms.katalon.core.main.TestSuiteExecutor.execute(TestSuiteExecutor.java:106)
	at com.kms.katalon.core.main.TestCaseMain.startTestSuite(TestCaseMain.java:180)
	at TempTestSuite1743404878601.run(TempTestSuite1743404878601.groovy:35)
	at java.base/jdk.internal.reflect.NativeMethodAccessorImpl.invoke0(Native Method)
	at java.base/jdk.internal.reflect.NativeMethodAccessorImpl.invoke(NativeMethodAccessorImpl.java:77)
	at java.base/jdk.internal.reflect.DelegatingMethodAccessorImpl.invoke(DelegatingMethodAccessorImpl.java:43)
)

31-03-2025T12:22:24 - [TEST_STEP][PASSED] - println(numberOfErrors): null

31-03-2025T12:22:24 - [TEST_STEP][PASSED] - println("a=" + a): null

31-03-2025T12:22:24 - [TEST_STEP][PASSED] - if (a == 28 || a == 77 || a == 74 || a == 65 || a == 36 || a == 44 || a == 54 || a == 1 || a == 18 || a == 59): null

31-03-2025T12:22:24 - [TEST_STEP][PASSED] - Script1718980020443.Filials(a, typeOfData, todaysDate, pageInt, fileInt, pageDouble, fileDouble, dZO, dzoNum, filialNum): null

31-03-2025T12:22:24 - [TEST_STEP][PASSED] - i = <not implemented yet for class: org.codehaus.groovy.ast.expr.EmptyExpression>: null

31-03-2025T12:22:24 - [TEST_STEP][PASSED] - c = <not implemented yet for class: org.codehaus.groovy.ast.expr.EmptyExpression>: null

31-03-2025T12:22:24 - [TEST_STEP][PASSED] - page = <not implemented yet for class: org.codehaus.groovy.ast.expr.EmptyExpression>: null

31-03-2025T12:22:24 - [TEST_STEP][PASSED] - println(dZO): null

31-03-2025T12:22:24 - [TEST_STEP][PASSED] - reducedDZO = <not implemented yet for class: org.codehaus.groovy.ast.expr.EmptyExpression>: null

31-03-2025T12:22:24 - [TEST_STEP][PASSED] - reducedDZO = dZO.substring(dZO.indexOf(" ") + 1, dZO.length()): null

31-03-2025T12:22:24 - [TEST_STEP][PASSED] - if (reducedDZO.contains(" ")): null

31-03-2025T12:22:24 - [TEST_STEP][PASSED] - reducedDZO = reducedDZO.substring(reducedDZO.indexOf(" ") + 1, reducedDZO.length()): null

31-03-2025T12:22:24 - [TEST_STEP][PASSED] - if (reducedDZO.contains(" ")): null

31-03-2025T12:22:24 - [TEST_STEP][PASSED] - println(reducedDZO): null

31-03-2025T12:22:24 - [TEST_STEP][PASSED] - dzoCut = <not implemented yet for class: org.codehaus.groovy.ast.expr.EmptyExpression>: null

31-03-2025T12:22:24 - [TEST_STEP][PASSED] - Script1718980020443.DZO(a): null

31-03-2025T12:22:24 - [TEST_STEP][PASSED] - delay(20): Delayed 20 second(s)

31-03-2025T12:22:44 - [MESSAGE][PASSED] - Delayed 20 second(s)

31-03-2025T12:22:44 - [TEST_STEP][PASSED] - Script1718980020443.OpenFilter(): null

31-03-2025T12:22:44 - [TEST_STEP][PASSED] - click(findTestObject("Object Repository/Выполнение бизнес-плана/Фильтр ДЗО")): Object: 'Object Repository/Выполнение бизнес-плана/Фильтр ДЗО' is clicked on

31-03-2025T12:22:44 - [MESSAGE][PASSED] - Object: 'Object Repository/Выполнение бизнес-плана/Фильтр ДЗО' is clicked on

31-03-2025T12:22:44 - [TEST_STEP][PASSED] - click(findTestObject("Выполнение бизнес-плана/Снять выделение в фильтре ДЗО")): Object: 'Object Repository/Выполнение бизнес-плана/Снять выделение в фильтре ДЗО' is clicked on

31-03-2025T12:22:45 - [MESSAGE][PASSED] - Object: 'Object Repository/Выполнение бизнес-плана/Снять выделение в фильтре ДЗО' is clicked on

31-03-2025T12:22:45 - [TEST_STEP][PASSED] - Script1718980020443.OpenRSK(): null

31-03-2025T12:22:45 - [TEST_STEP][PASSED] - click(findTestObject("Выполнение бизнес-плана/Раскрыть список ПАО Россети в фильтре ДЗО")): Object: 'Object Repository/Выполнение бизнес-плана/Раскрыть список ПАО Россети в фильтре ДЗО' is clicked on

31-03-2025T12:22:45 - [MESSAGE][PASSED] - Object: 'Object Repository/Выполнение бизнес-плана/Раскрыть список ПАО Россети в фильтре ДЗО' is clicked on

31-03-2025T12:22:45 - [TEST_STEP][PASSED] - click(findTestObject("Выполнение бизнес-плана/Раскрыть список РаспредКомплекс в фильтре ДЗО")): Object: 'Object Repository/Выполнение бизнес-плана/Раскрыть список РаспредКомплекс в фильтре ДЗО' is clicked on

31-03-2025T12:22:45 - [MESSAGE][PASSED] - Object: 'Object Repository/Выполнение бизнес-плана/Раскрыть список РаспредКомплекс в фильтре ДЗО' is clicked on

31-03-2025T12:22:45 - [TEST_STEP][PASSED] - if (a == 28): null

31-03-2025T12:22:45 - [TEST_STEP][PASSED] - if (a == 77): null

31-03-2025T12:22:45 - [TEST_STEP][PASSED] - if (a == 74): null

31-03-2025T12:22:45 - [TEST_STEP][PASSED] - if (a == 65): null

31-03-2025T12:22:45 - [TEST_STEP][PASSED] - if (a == 36): null

31-03-2025T12:22:45 - [TEST_STEP][PASSED] - if (a == 44): null

31-03-2025T12:22:45 - [TEST_STEP][PASSED] - if (a == 54): Object: 'Object Repository/Выполнение бизнес-плана/Россети Урал' is clicked on

31-03-2025T12:22:45 - [TEST_STEP][PASSED] - scrollToElement(findTestObject("Общие объекты/Раскрыть список Россети Урал"), 30): Scroll to object 'Object Repository/Общие объекты/Раскрыть список Россети Урал' successfully

31-03-2025T12:22:46 - [MESSAGE][PASSED] - Scroll to object 'Object Repository/Общие объекты/Раскрыть список Россети Урал' successfully

31-03-2025T12:22:46 - [TEST_STEP][PASSED] - click(findTestObject("Выполнение бизнес-плана/Россети Урал")): Object: 'Object Repository/Выполнение бизнес-плана/Россети Урал' is clicked on

31-03-2025T12:22:46 - [MESSAGE][PASSED] - Object: 'Object Repository/Выполнение бизнес-плана/Россети Урал' is clicked on

31-03-2025T12:22:46 - [TEST_STEP][PASSED] - if (a == 1): null

31-03-2025T12:22:46 - [TEST_STEP][PASSED] - if (a == 18): null

31-03-2025T12:22:46 - [TEST_STEP][PASSED] - if (a == 59): null

31-03-2025T12:22:46 - [TEST_STEP][PASSED] - Script1718980020443.CloseFilter(): null

31-03-2025T12:22:46 - [TEST_STEP][PASSED] - scrollToElement(findTestObject("Выполнение бизнес-плана/Заголовок дашборда"), 30): Scroll to object 'Object Repository/Выполнение бизнес-плана/Заголовок дашборда' successfully

31-03-2025T12:22:47 - [MESSAGE][PASSED] - Scroll to object 'Object Repository/Выполнение бизнес-плана/Заголовок дашборда' successfully

31-03-2025T12:22:47 - [TEST_STEP][PASSED] - click(findTestObject("Object Repository/Выполнение бизнес-плана/Применить в фильтре ДЗО")): Object: 'Object Repository/Выполнение бизнес-плана/Применить в фильтре ДЗО' is clicked on

31-03-2025T12:22:47 - [MESSAGE][PASSED] - Object: 'Object Repository/Выполнение бизнес-плана/Применить в фильтре ДЗО' is clicked on

31-03-2025T12:22:47 - [TEST_STEP][PASSED] - delay(20): Delayed 20 second(s)

31-03-2025T12:23:07 - [MESSAGE][PASSED] - Delayed 20 second(s)

31-03-2025T12:23:07 - [TEST_STEP][PASSED] - Script1718980020443.ZakrytOpoveshenie(): null

31-03-2025T12:23:07 - [TEST_STEP][PASSED] - delay(10): Delayed 10 second(s)

31-03-2025T12:23:18 - [MESSAGE][PASSED] - Delayed 10 second(s)

31-03-2025T12:23:18 - [TEST_STEP][PASSED] - opoveshenie = getText(findTestObject("Выполнение бизнес-плана/Просьба обратить внимание")): Text of object 'Object Repository/Выполнение бизнес-плана/Просьба обратить внимание' is: ''

31-03-2025T12:23:18 - [MESSAGE][PASSED] - Text of object 'Object Repository/Выполнение бизнес-плана/Просьба обратить внимание' is: ''

31-03-2025T12:23:18 - [TEST_STEP][PASSED] - println(opoveshenie): null

31-03-2025T12:23:18 - [TEST_STEP][PASSED] - if (opoveshenie == "Просьба обратить внимание"): null

31-03-2025T12:23:18 - [TEST_STEP][PASSED] - page = getText(findTestObject("Object Repository/Выполнение бизнес-плана/Filials")): Text of object 'Object Repository/Выполнение бизнес-плана/Filials' is: 'АО ЕЭСК
Пермэнерго
Свердловэнерго
Челябэнерго
0
10
20
30
40
50
60
70'

31-03-2025T12:23:18 - [MESSAGE][PASSED] - Text of object 'Object Repository/Выполнение бизнес-плана/Filials' is: 'АО ЕЭСК
Пермэнерго
Свердловэнерго
Челябэнерго
0
10
20
30
40
50
60
70'

31-03-2025T12:23:18 - [TEST_STEP][PASSED] - println(page): null

31-03-2025T12:23:18 - [TEST_STEP][PASSED] - c = page.indexOf(reducedDZO): null

31-03-2025T12:23:18 - [TEST_STEP][PASSED] - if (c > -1): null

31-03-2025T12:23:18 - [TEST_STEP][PASSED] - x2 = getText(findTestObject("Выполнение бизнес-плана/Список ДЗО старый")): Text of object 'Object Repository/Выполнение бизнес-плана/Список ДЗО старый' is: 'АО ЕЭСК
Пермэнерго
Свердловэнерго
Челябэнерго
0
10
20
30
40
50
60
70'

31-03-2025T12:23:18 - [MESSAGE][PASSED] - Text of object 'Object Repository/Выполнение бизнес-плана/Список ДЗО старый' is: 'АО ЕЭСК
Пермэнерго
Свердловэнерго
Челябэнерго
0
10
20
30
40
50
60
70'

31-03-2025T12:23:18 - [TEST_STEP][PASSED] - if (a == 28): null

31-03-2025T12:23:18 - [TEST_STEP][PASSED] - if (a == 77): null

31-03-2025T12:23:18 - [TEST_STEP][PASSED] - if (a == 74): null

31-03-2025T12:23:18 - [TEST_STEP][PASSED] - if (a == 65): null

31-03-2025T12:23:18 - [TEST_STEP][PASSED] - if (a == 1): null

31-03-2025T12:23:18 - [TEST_STEP][PASSED] - if (a == 18): null

31-03-2025T12:23:18 - [TEST_STEP][PASSED] - if (a == 36): null

31-03-2025T12:23:18 - [TEST_STEP][PASSED] - if (a == 44): null

31-03-2025T12:23:18 - [TEST_STEP][PASSED] - if (a == 54): null

31-03-2025T12:23:18 - [TEST_STEP][PASSED] - dZO = "АО ЕЭСК": null

31-03-2025T12:23:18 - [TEST_STEP][PASSED] - a = 58: null

31-03-2025T12:23:18 - [TEST_STEP][PASSED] - dzoCut = dZO.substring(3, dZO.length()): null

31-03-2025T12:23:18 - [TEST_STEP][PASSED] - if (x2.contains(dzoCut)): null

31-03-2025T12:23:18 - [TEST_STEP][PASSED] - filialNum = filialNum + 1: null

31-03-2025T12:23:18 - [TEST_STEP][PASSED] - Script1718980020443.Numbers(a, typeOfData, todaysDate, pageInt, fileInt, pageDouble, fileDouble, dZO, dzoNum, filialNum): null

31-03-2025T12:23:18 - [TEST_STEP][PASSED] - println(dzoNum): null

31-03-2025T12:23:18 - [TEST_STEP][PASSED] - planFact = <not implemented yet for class: org.codehaus.groovy.ast.expr.EmptyExpression>: null

31-03-2025T12:23:18 - [TEST_STEP][PASSED] - page = <not implemented yet for class: org.codehaus.groovy.ast.expr.EmptyExpression>: null

31-03-2025T12:23:18 - [TEST_STEP][PASSED] - page1 = <not implemented yet for class: org.codehaus.groovy.ast.expr.EmptyExpression>: null

31-03-2025T12:23:18 - [TEST_STEP][PASSED] - page2 = <not implemented yet for class: org.codehaus.groovy.ast.expr.EmptyExpression>: null

31-03-2025T12:23:18 - [TEST_STEP][PASSED] - filialNumberInRow = <not implemented yet for class: org.codehaus.groovy.ast.expr.EmptyExpression>: null

31-03-2025T12:23:18 - [TEST_STEP][PASSED] - filialsDzoNames = <not implemented yet for class: org.codehaus.groovy.ast.expr.EmptyExpression>: null

31-03-2025T12:23:18 - [TEST_STEP][PASSED] - numberOfFilials = <not implemented yet for class: org.codehaus.groovy.ast.expr.EmptyExpression>: null

31-03-2025T12:23:18 - [TEST_STEP][PASSED] - numberOfSpaces = <not implemented yet for class: org.codehaus.groovy.ast.expr.EmptyExpression>: null

31-03-2025T12:23:18 - [TEST_STEP][PASSED] - file = <not implemented yet for class: org.codehaus.groovy.ast.expr.EmptyExpression>: null

31-03-2025T12:23:18 - [TEST_STEP][PASSED] - otpusk = <not implemented yet for class: org.codehaus.groovy.ast.expr.EmptyExpression>: null

31-03-2025T12:23:18 - [TEST_STEP][PASSED] - poteri = <not implemented yet for class: org.codehaus.groovy.ast.expr.EmptyExpression>: null

31-03-2025T12:23:18 - [TEST_STEP][PASSED] - dataFolder = "Выполнение бизнес-плана/Значения со страницы Выполнение бизнес-плана/": null

31-03-2025T12:23:18 - [TEST_STEP][PASSED] - path = <not implemented yet for class: org.codehaus.groovy.ast.expr.EmptyExpression>: null

31-03-2025T12:23:18 - [TEST_STEP][PASSED] - typeOfDataMain = <not implemented yet for class: org.codehaus.groovy.ast.expr.EmptyExpression>: null

31-03-2025T12:23:18 - [TEST_STEP][PASSED] - fileOtpuskVSet = <not implemented yet for class: org.codehaus.groovy.ast.expr.EmptyExpression>: null

31-03-2025T12:23:18 - [TEST_STEP][PASSED] - pageOtpuskVSet = <not implemented yet for class: org.codehaus.groovy.ast.expr.EmptyExpression>: null

31-03-2025T12:23:18 - [TEST_STEP][PASSED] - filePoteri = <not implemented yet for class: org.codehaus.groovy.ast.expr.EmptyExpression>: null

31-03-2025T12:23:18 - [TEST_STEP][PASSED] - pagePoteri = <not implemented yet for class: org.codehaus.groovy.ast.expr.EmptyExpression>: null

31-03-2025T12:23:18 - [TEST_STEP][PASSED] - compare = <not implemented yet for class: org.codehaus.groovy.ast.expr.EmptyExpression>: null

31-03-2025T12:23:18 - [TEST_STEP][PASSED] - b = <not implemented yet for class: org.codehaus.groovy.ast.expr.EmptyExpression>: null

31-03-2025T12:23:18 - [TEST_STEP][PASSED] - i = <not implemented yet for class: org.codehaus.groovy.ast.expr.EmptyExpression>: null

31-03-2025T12:23:18 - [TEST_STEP][PASSED] - ii = <not implemented yet for class: org.codehaus.groovy.ast.expr.EmptyExpression>: null

31-03-2025T12:23:18 - [TEST_STEP][PASSED] - c = <not implemented yet for class: org.codehaus.groovy.ast.expr.EmptyExpression>: null

31-03-2025T12:23:18 - [TEST_STEP][PASSED] - numberOfErrors = 0: null

31-03-2025T12:23:18 - [TEST_STEP][PASSED] - if (a == 82): null

31-03-2025T12:23:18 - [TEST_STEP][PASSED] - b = findTestData("PlanFact").getValue(1, a): null

31-03-2025T12:23:18 - [TEST_STEP][PASSED] - i = b.indexOf(" (ГК)"): null

31-03-2025T12:23:18 - [TEST_STEP][PASSED] - if (i > -1): null

31-03-2025T12:23:18 - [TEST_STEP][PASSED] - i = b.indexOf("О ""): null

31-03-2025T12:23:18 - [TEST_STEP][PASSED] - if (i > -1): null

31-03-2025T12:23:18 - [TEST_STEP][PASSED] - i = b.indexOf("О «"): null

31-03-2025T12:23:18 - [TEST_STEP][PASSED] - if (i > -1): null

31-03-2025T12:23:18 - [TEST_STEP][PASSED] - i = b.indexOf("г. "): null

31-03-2025T12:23:18 - [TEST_STEP][PASSED] - if (i > -1): null

31-03-2025T12:23:18 - [TEST_STEP][PASSED] - b = b.trim(): null

31-03-2025T12:23:18 - [TEST_STEP][PASSED] - println(b): null

31-03-2025T12:23:18 - [TEST_STEP][PASSED] - for ([planFact = 1, planFact < 3, (planFact++)]): Object: 'Object Repository/Выполнение бизнес-плана/Кнопка Факт' is clicked on

31-03-2025T12:23:18 - [TEST_STEP][PASSED] - if (planFact == 1): null

31-03-2025T12:23:18 - [TEST_STEP][PASSED] - typeOfDataMain = "Факт": null

31-03-2025T12:23:18 - [TEST_STEP][PASSED] - otpusk = findTestData("PlanFact").getValue(5, a): null

31-03-2025T12:23:19 - [TEST_STEP][PASSED] - poteri = findTestData("PlanFact").getValue(6, a): null

31-03-2025T12:23:19 - [TEST_STEP][PASSED] - otpusk = otpusk.replaceAll("\s+", ""): null

31-03-2025T12:23:19 - [TEST_STEP][PASSED] - poteri = poteri.replaceAll("\s+", ""): null

31-03-2025T12:23:19 - [TEST_STEP][PASSED] - typeOfData = typeOfDataMain + " Отпуск в сеть": null

31-03-2025T12:23:19 - [TEST_STEP][PASSED] - if (a == 82): null

31-03-2025T12:23:19 - [TEST_STEP][PASSED] - else if (a == 84): null

31-03-2025T12:23:19 - [TEST_STEP][PASSED] - else if (a == 83 || a == 52 || a == 72 || a == 28 || a == 73 || a == 77 || a == 74 || a == 65 || a == 36 || a == 44 || a == 53 || a == 80 || a == 54 || a == 1 || a == 18 || a == 59 || a == 81): null

31-03-2025T12:23:19 - [TEST_STEP][PASSED] - else: null

31-03-2025T12:23:19 - [TEST_STEP][PASSED] - path = dataFolder + typeOfData + " за отчётный период " + b: null

31-03-2025T12:23:19 - [TEST_STEP][PASSED] - println(path): null

31-03-2025T12:23:19 - [TEST_STEP][PASSED] - page = getText(findTestObject(path)): Text of object 'Object Repository/Выполнение бизнес-плана/Значения со страницы Выполнение бизнес-плана/Факт Отпуск в сеть за отчётный период АО ЕЭСК' is: '727 699'

31-03-2025T12:23:19 - [MESSAGE][PASSED] - Text of object 'Object Repository/Выполнение бизнес-плана/Значения со страницы Выполнение бизнес-плана/Факт Отпуск в сеть за отчётный период АО ЕЭСК' is: '727 699'

31-03-2025T12:23:19 - [TEST_STEP][PASSED] - if (page == "" || page == null): null

31-03-2025T12:23:19 - [TEST_STEP][PASSED] - else: null

31-03-2025T12:23:19 - [TEST_STEP][PASSED] - page = page.replaceAll("\s+", ""): null

31-03-2025T12:23:19 - [TEST_STEP][PASSED] - if (page == "undefined"): null

31-03-2025T12:23:19 - [TEST_STEP][PASSED] - fileOtpuskVSet = otpusk.toInteger(): null

31-03-2025T12:23:19 - [TEST_STEP][PASSED] - pageOtpuskVSet = page.toInteger(): null

31-03-2025T12:23:19 - [TEST_STEP][PASSED] - typeOfData = typeOfDataMain + " Потери": null

31-03-2025T12:23:19 - [TEST_STEP][PASSED] - if (a == 82): null

31-03-2025T12:23:19 - [TEST_STEP][PASSED] - else if (a == 84): null

31-03-2025T12:23:19 - [TEST_STEP][PASSED] - else if (a == 83 || a == 52 || a == 72 || a == 28 || a == 73 || a == 77 || a == 74 || a == 65 || a == 44 || a == 53 || a == 80 || a == 54 || a == 1 || a == 18 || a == 59 || a == 81): null

31-03-2025T12:23:19 - [TEST_STEP][PASSED] - else: null

31-03-2025T12:23:19 - [TEST_STEP][PASSED] - path = dataFolder + typeOfData + " за отчётный период " + b: null

31-03-2025T12:23:19 - [TEST_STEP][PASSED] - page = getText(findTestObject(path)): Text of object 'Object Repository/Выполнение бизнес-плана/Значения со страницы Выполнение бизнес-плана/Факт Потери за отчётный период АО ЕЭСК' is: '48 504'

31-03-2025T12:23:19 - [MESSAGE][PASSED] - Text of object 'Object Repository/Выполнение бизнес-плана/Значения со страницы Выполнение бизнес-плана/Факт Потери за отчётный период АО ЕЭСК' is: '48 504'

31-03-2025T12:23:19 - [TEST_STEP][PASSED] - if (page == "" || page == null): null

31-03-2025T12:23:19 - [TEST_STEP][PASSED] - else: null

31-03-2025T12:23:19 - [TEST_STEP][PASSED] - page = page.replaceAll("\s+", ""): null

31-03-2025T12:23:19 - [TEST_STEP][PASSED] - if (page == "undefined"): null

31-03-2025T12:23:19 - [TEST_STEP][PASSED] - filePoteri = poteri.toInteger(): null

31-03-2025T12:23:19 - [TEST_STEP][PASSED] - pagePoteri = page.toInteger(): null

31-03-2025T12:23:19 - [TEST_STEP][PASSED] - compare = pageOtpuskVSet: null

31-03-2025T12:23:19 - [TEST_STEP][PASSED] - if (pageOtpuskVSet != null): null

31-03-2025T12:23:19 - [TEST_STEP][PASSED] - if (compare == fileOtpuskVSet): null

31-03-2025T12:23:19 - [TEST_STEP][PASSED] - if (compare == fileOtpuskVSet): null

31-03-2025T12:23:19 - [TEST_STEP][PASSED] - compare = pagePoteri: null

31-03-2025T12:23:19 - [TEST_STEP][PASSED] - if (pageOtpuskVSet != null): null

31-03-2025T12:23:19 - [TEST_STEP][PASSED] - if (compare == filePoteri): null

31-03-2025T12:23:19 - [TEST_STEP][PASSED] - if (compare == filePoteri): null

31-03-2025T12:23:19 - [TEST_STEP][PASSED] - if (planFact == 2): null

31-03-2025T12:23:19 - [TEST_STEP][PASSED] - if (planFact == 1): null

31-03-2025T12:23:19 - [TEST_STEP][PASSED] - else if (planFact == 2): null

31-03-2025T12:23:19 - [TEST_STEP][PASSED] - click(findTestObject("Выполнение бизнес-плана/Кнопка План")): Object: 'Object Repository/Выполнение бизнес-плана/Кнопка План' is clicked on

31-03-2025T12:23:20 - [MESSAGE][PASSED] - Object: 'Object Repository/Выполнение бизнес-плана/Кнопка План' is clicked on

31-03-2025T12:23:20 - [TEST_STEP][PASSED] - typeOfDataMain = "План": null

31-03-2025T12:23:20 - [TEST_STEP][PASSED] - otpusk = findTestData("PlanFact").getValue(2, a): null

31-03-2025T12:23:20 - [TEST_STEP][PASSED] - poteri = findTestData("PlanFact").getValue(3, a): null

31-03-2025T12:23:20 - [TEST_STEP][PASSED] - otpusk = otpusk.replaceAll("\s+", ""): null

31-03-2025T12:23:20 - [TEST_STEP][PASSED] - poteri = poteri.replaceAll("\s+", ""): null

31-03-2025T12:23:20 - [TEST_STEP][PASSED] - typeOfData = typeOfDataMain + " Отпуск в сеть": null

31-03-2025T12:23:20 - [TEST_STEP][PASSED] - if (a == 82): null

31-03-2025T12:23:20 - [TEST_STEP][PASSED] - else if (a == 84): null

31-03-2025T12:23:20 - [TEST_STEP][PASSED] - else if (a == 83 || a == 52 || a == 72 || a == 28 || a == 73 || a == 77 || a == 74 || a == 65 || a == 36 || a == 44 || a == 53 || a == 80 || a == 54 || a == 1 || a == 18 || a == 59 || a == 81): null

31-03-2025T12:23:20 - [TEST_STEP][PASSED] - else: null

31-03-2025T12:23:20 - [TEST_STEP][PASSED] - path = dataFolder + typeOfData + " за отчётный период " + b: null

31-03-2025T12:23:20 - [TEST_STEP][PASSED] - println(path): null

31-03-2025T12:23:20 - [TEST_STEP][PASSED] - page = getText(findTestObject(path)): Text of object 'Object Repository/Выполнение бизнес-плана/Значения со страницы Выполнение бизнес-плана/План Отпуск в сеть за отчётный период АО ЕЭСК' is: '744 743'

31-03-2025T12:23:20 - [MESSAGE][PASSED] - Text of object 'Object Repository/Выполнение бизнес-плана/Значения со страницы Выполнение бизнес-плана/План Отпуск в сеть за отчётный период АО ЕЭСК' is: '744 743'

31-03-2025T12:23:20 - [TEST_STEP][PASSED] - if (page == "" || page == null): null

31-03-2025T12:23:20 - [TEST_STEP][PASSED] - else: null

31-03-2025T12:23:20 - [TEST_STEP][PASSED] - page = page.replaceAll("\s+", ""): null

31-03-2025T12:23:20 - [TEST_STEP][PASSED] - if (page == "undefined"): null

31-03-2025T12:23:20 - [TEST_STEP][PASSED] - fileOtpuskVSet = otpusk.toInteger(): null

31-03-2025T12:23:20 - [TEST_STEP][PASSED] - pageOtpuskVSet = page.toInteger(): null

31-03-2025T12:23:20 - [TEST_STEP][PASSED] - typeOfData = typeOfDataMain + " Потери": null

31-03-2025T12:23:20 - [TEST_STEP][PASSED] - if (a == 82): null

31-03-2025T12:23:20 - [TEST_STEP][PASSED] - else if (a == 84): null

31-03-2025T12:23:20 - [TEST_STEP][PASSED] - else if (a == 83 || a == 52 || a == 72 || a == 28 || a == 73 || a == 77 || a == 74 || a == 65 || a == 44 || a == 53 || a == 80 || a == 54 || a == 1 || a == 18 || a == 59 || a == 81): null

31-03-2025T12:23:20 - [TEST_STEP][PASSED] - else: null

31-03-2025T12:23:20 - [TEST_STEP][PASSED] - path = dataFolder + typeOfData + " за отчётный период " + b: null

31-03-2025T12:23:20 - [TEST_STEP][PASSED] - page = getText(findTestObject(path)): Text of object 'Object Repository/Выполнение бизнес-плана/Значения со страницы Выполнение бизнес-плана/План Потери за отчётный период АО ЕЭСК' is: '56 986'

31-03-2025T12:23:20 - [MESSAGE][PASSED] - Text of object 'Object Repository/Выполнение бизнес-плана/Значения со страницы Выполнение бизнес-плана/План Потери за отчётный период АО ЕЭСК' is: '56 986'

31-03-2025T12:23:20 - [TEST_STEP][PASSED] - if (page == "" || page == null): null

31-03-2025T12:23:20 - [TEST_STEP][PASSED] - else: null

31-03-2025T12:23:20 - [TEST_STEP][PASSED] - page = page.replaceAll("\s+", ""): null

31-03-2025T12:23:20 - [TEST_STEP][PASSED] - if (page == "undefined"): null

31-03-2025T12:23:20 - [TEST_STEP][PASSED] - filePoteri = poteri.toInteger(): null

31-03-2025T12:23:20 - [TEST_STEP][PASSED] - pagePoteri = page.toInteger(): null

31-03-2025T12:23:20 - [TEST_STEP][PASSED] - compare = pageOtpuskVSet: null

31-03-2025T12:23:20 - [TEST_STEP][PASSED] - if (pageOtpuskVSet != null): null

31-03-2025T12:23:20 - [TEST_STEP][PASSED] - if (compare == fileOtpuskVSet): null

31-03-2025T12:23:20 - [TEST_STEP][PASSED] - if (compare == fileOtpuskVSet): null

31-03-2025T12:23:20 - [TEST_STEP][PASSED] - compare = pagePoteri: null

31-03-2025T12:23:20 - [TEST_STEP][PASSED] - if (pageOtpuskVSet != null): null

31-03-2025T12:23:20 - [TEST_STEP][PASSED] - if (compare == filePoteri): null

31-03-2025T12:23:20 - [TEST_STEP][PASSED] - if (compare == filePoteri): null

31-03-2025T12:23:20 - [TEST_STEP][PASSED] - if (planFact == 2): Object: 'Object Repository/Выполнение бизнес-плана/Кнопка Факт' is clicked on

31-03-2025T12:23:20 - [TEST_STEP][PASSED] - click(findTestObject("Выполнение бизнес-плана/Кнопка Факт")): Object: 'Object Repository/Выполнение бизнес-плана/Кнопка Факт' is clicked on

31-03-2025T12:23:21 - [MESSAGE][PASSED] - Object: 'Object Repository/Выполнение бизнес-плана/Кнопка Факт' is clicked on

31-03-2025T12:23:21 - [TEST_STEP][PASSED] - println("a=" + a): null

31-03-2025T12:23:21 - [TEST_STEP][PASSED] - if (a == 84 || a == 82): null

31-03-2025T12:23:21 - [TEST_STEP][PASSED] - else if (a == 83 || a == 52 || a == 72 || a == 28 || a == 73 || a == 77 || a == 74 || a == 65 || a == 36 || a == 44 || a == 53 || a == 80 || a == 54 || a == 1 || a == 18 || a == 59 || a == 81): null

31-03-2025T12:23:21 - [TEST_STEP][PASSED] - else: null

31-03-2025T12:23:21 - [TEST_STEP][PASSED] - page1 = getText(findTestObject("Object Repository/Выполнение бизнес-плана/spanPlan" + filialNum)): Text of object 'Object Repository/Выполнение бизнес-плана/spanPlan1' is: '7.65
|'

31-03-2025T12:23:21 - [MESSAGE][PASSED] - Text of object 'Object Repository/Выполнение бизнес-плана/spanPlan1' is: '7.65
|'

31-03-2025T12:23:21 - [TEST_STEP][PASSED] - page1 = page1.replace("|", ""): null

31-03-2025T12:23:21 - [TEST_STEP][PASSED] - page2 = getText(findTestObject("Object Repository/Выполнение бизнес-плана/spanFact" + filialNum)): Text of object 'Object Repository/Выполнение бизнес-плана/spanFact1' is: '6.67
|'

31-03-2025T12:23:21 - [MESSAGE][PASSED] - Text of object 'Object Repository/Выполнение бизнес-плана/spanFact1' is: '6.67
|'

31-03-2025T12:23:21 - [TEST_STEP][PASSED] - page2 = page2.replace("|", ""): null

31-03-2025T12:23:21 - [TEST_STEP][PASSED] - println("page1: " + page1): null

31-03-2025T12:23:21 - [TEST_STEP][PASSED] - println("page2: " + page2): null

31-03-2025T12:23:21 - [TEST_STEP][PASSED] - file = findTestData("PlanFact").getValue(4, a): null

31-03-2025T12:23:21 - [TEST_STEP][PASSED] - file = file.replace(",", "."): null

31-03-2025T12:23:21 - [TEST_STEP][PASSED] - println("file Plan: " + file): null

31-03-2025T12:23:21 - [TEST_STEP][PASSED] - typeOfData = "План в процентах": null

31-03-2025T12:23:21 - [TEST_STEP][PASSED] - fileDouble = file.toDouble(): null

31-03-2025T12:23:21 - [TEST_STEP][PASSED] - pageDouble = page1.toDouble(): null

31-03-2025T12:23:21 - [TEST_STEP][PASSED] - if (fileDouble != pageDouble): null

31-03-2025T12:23:21 - [TEST_STEP][PASSED] - file = findTestData("PlanFact").getValue(7, a): null

31-03-2025T12:23:21 - [TEST_STEP][PASSED] - file = file.replace(",", "."): null

31-03-2025T12:23:21 - [TEST_STEP][PASSED] - println("file Fact: " + file): null

31-03-2025T12:23:21 - [TEST_STEP][PASSED] - fileDouble = file.toDouble(): null

31-03-2025T12:23:21 - [TEST_STEP][PASSED] - typeOfData = "Факт в процентах": null

31-03-2025T12:23:21 - [TEST_STEP][PASSED] - fileDouble = file.toDouble(): null

31-03-2025T12:23:21 - [TEST_STEP][PASSED] - pageDouble = page2.toDouble(): null

31-03-2025T12:23:21 - [TEST_STEP][PASSED] - if (fileDouble != pageDouble): null

31-03-2025T12:23:21 - [TEST_STEP][PASSED] - if (verifyEqual(numberOfErrors, 0) == false): Actual object '0' and expected object '0' are equal

31-03-2025T12:23:21 - [MESSAGE][PASSED] - Actual object '0' and expected object '0' are equal

31-03-2025T12:23:21 - [TEST_STEP][PASSED] - if (a == 82): null

31-03-2025T12:23:21 - [TEST_STEP][PASSED] - dZO = "Пермэнерго": null

31-03-2025T12:23:21 - [TEST_STEP][PASSED] - a = 55: null

31-03-2025T12:23:21 - [TEST_STEP][PASSED] - if (x2.contains(dZO)): null

31-03-2025T12:23:21 - [TEST_STEP][PASSED] - filialNum = filialNum + 1: null

31-03-2025T12:23:21 - [TEST_STEP][PASSED] - Script1718980020443.Numbers(a, typeOfData, todaysDate, pageInt, fileInt, pageDouble, fileDouble, dZO, dzoNum, filialNum): null

31-03-2025T12:23:21 - [TEST_STEP][PASSED] - println(dzoNum): null

31-03-2025T12:23:21 - [TEST_STEP][PASSED] - planFact = <not implemented yet for class: org.codehaus.groovy.ast.expr.EmptyExpression>: null

31-03-2025T12:23:21 - [TEST_STEP][PASSED] - page = <not implemented yet for class: org.codehaus.groovy.ast.expr.EmptyExpression>: null

31-03-2025T12:23:21 - [TEST_STEP][PASSED] - page1 = <not implemented yet for class: org.codehaus.groovy.ast.expr.EmptyExpression>: null

31-03-2025T12:23:21 - [TEST_STEP][PASSED] - page2 = <not implemented yet for class: org.codehaus.groovy.ast.expr.EmptyExpression>: null

31-03-2025T12:23:21 - [TEST_STEP][PASSED] - filialNumberInRow = <not implemented yet for class: org.codehaus.groovy.ast.expr.EmptyExpression>: null

31-03-2025T12:23:21 - [TEST_STEP][PASSED] - filialsDzoNames = <not implemented yet for class: org.codehaus.groovy.ast.expr.EmptyExpression>: null

31-03-2025T12:23:21 - [TEST_STEP][PASSED] - numberOfFilials = <not implemented yet for class: org.codehaus.groovy.ast.expr.EmptyExpression>: null

31-03-2025T12:23:21 - [TEST_STEP][PASSED] - numberOfSpaces = <not implemented yet for class: org.codehaus.groovy.ast.expr.EmptyExpression>: null

31-03-2025T12:23:21 - [TEST_STEP][PASSED] - file = <not implemented yet for class: org.codehaus.groovy.ast.expr.EmptyExpression>: null

31-03-2025T12:23:21 - [TEST_STEP][PASSED] - otpusk = <not implemented yet for class: org.codehaus.groovy.ast.expr.EmptyExpression>: null

31-03-2025T12:23:21 - [TEST_STEP][PASSED] - poteri = <not implemented yet for class: org.codehaus.groovy.ast.expr.EmptyExpression>: null

31-03-2025T12:23:21 - [TEST_STEP][PASSED] - dataFolder = "Выполнение бизнес-плана/Значения со страницы Выполнение бизнес-плана/": null

31-03-2025T12:23:21 - [TEST_STEP][PASSED] - path = <not implemented yet for class: org.codehaus.groovy.ast.expr.EmptyExpression>: null

31-03-2025T12:23:21 - [TEST_STEP][PASSED] - typeOfDataMain = <not implemented yet for class: org.codehaus.groovy.ast.expr.EmptyExpression>: null

31-03-2025T12:23:21 - [TEST_STEP][PASSED] - fileOtpuskVSet = <not implemented yet for class: org.codehaus.groovy.ast.expr.EmptyExpression>: null

31-03-2025T12:23:21 - [TEST_STEP][PASSED] - pageOtpuskVSet = <not implemented yet for class: org.codehaus.groovy.ast.expr.EmptyExpression>: null

31-03-2025T12:23:21 - [TEST_STEP][PASSED] - filePoteri = <not implemented yet for class: org.codehaus.groovy.ast.expr.EmptyExpression>: null

31-03-2025T12:23:21 - [TEST_STEP][PASSED] - pagePoteri = <not implemented yet for class: org.codehaus.groovy.ast.expr.EmptyExpression>: null

31-03-2025T12:23:21 - [TEST_STEP][PASSED] - compare = <not implemented yet for class: org.codehaus.groovy.ast.expr.EmptyExpression>: null

31-03-2025T12:23:21 - [TEST_STEP][PASSED] - b = <not implemented yet for class: org.codehaus.groovy.ast.expr.EmptyExpression>: null

31-03-2025T12:23:21 - [TEST_STEP][PASSED] - i = <not implemented yet for class: org.codehaus.groovy.ast.expr.EmptyExpression>: null

31-03-2025T12:23:21 - [TEST_STEP][PASSED] - ii = <not implemented yet for class: org.codehaus.groovy.ast.expr.EmptyExpression>: null

31-03-2025T12:23:21 - [TEST_STEP][PASSED] - c = <not implemented yet for class: org.codehaus.groovy.ast.expr.EmptyExpression>: null

31-03-2025T12:23:21 - [TEST_STEP][PASSED] - numberOfErrors = 0: null

31-03-2025T12:23:21 - [TEST_STEP][PASSED] - if (a == 82): null

31-03-2025T12:23:21 - [TEST_STEP][PASSED] - b = findTestData("PlanFact").getValue(1, a): null

31-03-2025T12:23:21 - [TEST_STEP][PASSED] - i = b.indexOf(" (ГК)"): null

31-03-2025T12:23:21 - [TEST_STEP][PASSED] - if (i > -1): null

31-03-2025T12:23:21 - [TEST_STEP][PASSED] - i = b.indexOf("О ""): null

31-03-2025T12:23:21 - [TEST_STEP][PASSED] - if (i > -1): null

31-03-2025T12:23:21 - [TEST_STEP][PASSED] - i = b.indexOf("О «"): null

31-03-2025T12:23:21 - [TEST_STEP][PASSED] - if (i > -1): null

31-03-2025T12:23:21 - [TEST_STEP][PASSED] - i = b.indexOf("г. "): null

31-03-2025T12:23:21 - [TEST_STEP][PASSED] - if (i > -1): null

31-03-2025T12:23:21 - [TEST_STEP][PASSED] - b = b.trim(): null

31-03-2025T12:23:21 - [TEST_STEP][PASSED] - println(b): null

31-03-2025T12:23:21 - [TEST_STEP][PASSED] - for ([planFact = 1, planFact < 3, (planFact++)]): Object: 'Object Repository/Выполнение бизнес-плана/Кнопка Факт' is clicked on

31-03-2025T12:23:21 - [TEST_STEP][PASSED] - if (planFact == 1): null

31-03-2025T12:23:21 - [TEST_STEP][PASSED] - typeOfDataMain = "Факт": null

31-03-2025T12:23:21 - [TEST_STEP][PASSED] - otpusk = findTestData("PlanFact").getValue(5, a): null

31-03-2025T12:23:22 - [TEST_STEP][PASSED] - poteri = findTestData("PlanFact").getValue(6, a): null

31-03-2025T12:23:22 - [TEST_STEP][PASSED] - otpusk = otpusk.replaceAll("\s+", ""): null

31-03-2025T12:23:22 - [TEST_STEP][PASSED] - poteri = poteri.replaceAll("\s+", ""): null

31-03-2025T12:23:22 - [TEST_STEP][PASSED] - typeOfData = typeOfDataMain + " Отпуск в сеть": null

31-03-2025T12:23:22 - [TEST_STEP][PASSED] - if (a == 82): null

31-03-2025T12:23:22 - [TEST_STEP][PASSED] - else if (a == 84): null

31-03-2025T12:23:22 - [TEST_STEP][PASSED] - else if (a == 83 || a == 52 || a == 72 || a == 28 || a == 73 || a == 77 || a == 74 || a == 65 || a == 36 || a == 44 || a == 53 || a == 80 || a == 54 || a == 1 || a == 18 || a == 59 || a == 81): null

31-03-2025T12:23:22 - [TEST_STEP][PASSED] - else: null

31-03-2025T12:23:22 - [TEST_STEP][PASSED] - path = dataFolder + typeOfData + " за отчётный период " + b: null

31-03-2025T12:23:22 - [TEST_STEP][PASSED] - println(path): null

31-03-2025T12:23:22 - [TEST_STEP][PASSED] - page = getText(findTestObject(path)): Text of object 'Object Repository/Выполнение бизнес-плана/Значения со страницы Выполнение бизнес-плана/Факт Отпуск в сеть за отчётный период Пермэнерго' is: '1 612 417'

31-03-2025T12:23:22 - [MESSAGE][PASSED] - Text of object 'Object Repository/Выполнение бизнес-плана/Значения со страницы Выполнение бизнес-плана/Факт Отпуск в сеть за отчётный период Пермэнерго' is: '1 612 417'

31-03-2025T12:23:22 - [TEST_STEP][PASSED] - if (page == "" || page == null): null

31-03-2025T12:23:22 - [TEST_STEP][PASSED] - else: null

31-03-2025T12:23:22 - [TEST_STEP][PASSED] - page = page.replaceAll("\s+", ""): null

31-03-2025T12:23:22 - [TEST_STEP][PASSED] - if (page == "undefined"): null

31-03-2025T12:23:22 - [TEST_STEP][PASSED] - fileOtpuskVSet = otpusk.toInteger(): null

31-03-2025T12:23:22 - [TEST_STEP][PASSED] - pageOtpuskVSet = page.toInteger(): null

31-03-2025T12:23:22 - [TEST_STEP][PASSED] - typeOfData = typeOfDataMain + " Потери": null

31-03-2025T12:23:22 - [TEST_STEP][PASSED] - if (a == 82): null

31-03-2025T12:23:22 - [TEST_STEP][PASSED] - else if (a == 84): null

31-03-2025T12:23:22 - [TEST_STEP][PASSED] - else if (a == 83 || a == 52 || a == 72 || a == 28 || a == 73 || a == 77 || a == 74 || a == 65 || a == 44 || a == 53 || a == 80 || a == 54 || a == 1 || a == 18 || a == 59 || a == 81): null

31-03-2025T12:23:22 - [TEST_STEP][PASSED] - else: null

31-03-2025T12:23:22 - [TEST_STEP][PASSED] - path = dataFolder + typeOfData + " за отчётный период " + b: null

31-03-2025T12:23:22 - [TEST_STEP][PASSED] - page = getText(findTestObject(path)): Text of object 'Object Repository/Выполнение бизнес-плана/Значения со страницы Выполнение бизнес-плана/Факт Потери за отчётный период Пермэнерго' is: '150 891'

31-03-2025T12:23:22 - [MESSAGE][PASSED] - Text of object 'Object Repository/Выполнение бизнес-плана/Значения со страницы Выполнение бизнес-плана/Факт Потери за отчётный период Пермэнерго' is: '150 891'

31-03-2025T12:23:22 - [TEST_STEP][PASSED] - if (page == "" || page == null): null

31-03-2025T12:23:22 - [TEST_STEP][PASSED] - else: null

31-03-2025T12:23:22 - [TEST_STEP][PASSED] - page = page.replaceAll("\s+", ""): null

31-03-2025T12:23:22 - [TEST_STEP][PASSED] - if (page == "undefined"): null

31-03-2025T12:23:22 - [TEST_STEP][PASSED] - filePoteri = poteri.toInteger(): null

31-03-2025T12:23:22 - [TEST_STEP][PASSED] - pagePoteri = page.toInteger(): null

31-03-2025T12:23:22 - [TEST_STEP][PASSED] - compare = pageOtpuskVSet: null

31-03-2025T12:23:22 - [TEST_STEP][PASSED] - if (pageOtpuskVSet != null): null

31-03-2025T12:23:22 - [TEST_STEP][PASSED] - if (compare == fileOtpuskVSet): null

31-03-2025T12:23:22 - [TEST_STEP][PASSED] - if (compare == fileOtpuskVSet): null

31-03-2025T12:23:22 - [TEST_STEP][PASSED] - compare = pagePoteri: null

31-03-2025T12:23:22 - [TEST_STEP][PASSED] - if (pageOtpuskVSet != null): null

31-03-2025T12:23:22 - [TEST_STEP][PASSED] - if (compare == filePoteri): null

31-03-2025T12:23:22 - [TEST_STEP][PASSED] - if (compare == filePoteri): null

31-03-2025T12:23:22 - [TEST_STEP][PASSED] - if (planFact == 2): null

31-03-2025T12:23:22 - [TEST_STEP][PASSED] - if (planFact == 1): null

31-03-2025T12:23:22 - [TEST_STEP][PASSED] - else if (planFact == 2): null

31-03-2025T12:23:22 - [TEST_STEP][PASSED] - click(findTestObject("Выполнение бизнес-плана/Кнопка План")): Object: 'Object Repository/Выполнение бизнес-плана/Кнопка План' is clicked on

31-03-2025T12:23:23 - [MESSAGE][PASSED] - Object: 'Object Repository/Выполнение бизнес-плана/Кнопка План' is clicked on

31-03-2025T12:23:23 - [TEST_STEP][PASSED] - typeOfDataMain = "План": null

31-03-2025T12:23:23 - [TEST_STEP][PASSED] - otpusk = findTestData("PlanFact").getValue(2, a): null

31-03-2025T12:23:23 - [TEST_STEP][PASSED] - poteri = findTestData("PlanFact").getValue(3, a): null

31-03-2025T12:23:23 - [TEST_STEP][PASSED] - otpusk = otpusk.replaceAll("\s+", ""): null

31-03-2025T12:23:23 - [TEST_STEP][PASSED] - poteri = poteri.replaceAll("\s+", ""): null

31-03-2025T12:23:23 - [TEST_STEP][PASSED] - typeOfData = typeOfDataMain + " Отпуск в сеть": null

31-03-2025T12:23:23 - [TEST_STEP][PASSED] - if (a == 82): null

31-03-2025T12:23:23 - [TEST_STEP][PASSED] - else if (a == 84): null

31-03-2025T12:23:23 - [TEST_STEP][PASSED] - else if (a == 83 || a == 52 || a == 72 || a == 28 || a == 73 || a == 77 || a == 74 || a == 65 || a == 36 || a == 44 || a == 53 || a == 80 || a == 54 || a == 1 || a == 18 || a == 59 || a == 81): null

31-03-2025T12:23:23 - [TEST_STEP][PASSED] - else: null

31-03-2025T12:23:23 - [TEST_STEP][PASSED] - path = dataFolder + typeOfData + " за отчётный период " + b: null

31-03-2025T12:23:23 - [TEST_STEP][PASSED] - println(path): null

31-03-2025T12:23:23 - [TEST_STEP][PASSED] - page = getText(findTestObject(path)): Text of object 'Object Repository/Выполнение бизнес-плана/Значения со страницы Выполнение бизнес-плана/План Отпуск в сеть за отчётный период Пермэнерго' is: '1 710 460'

31-03-2025T12:23:23 - [MESSAGE][PASSED] - Text of object 'Object Repository/Выполнение бизнес-плана/Значения со страницы Выполнение бизнес-плана/План Отпуск в сеть за отчётный период Пермэнерго' is: '1 710 460'

31-03-2025T12:23:23 - [TEST_STEP][PASSED] - if (page == "" || page == null): null

31-03-2025T12:23:23 - [TEST_STEP][PASSED] - else: null

31-03-2025T12:23:23 - [TEST_STEP][PASSED] - page = page.replaceAll("\s+", ""): null

31-03-2025T12:23:23 - [TEST_STEP][PASSED] - if (page == "undefined"): null

31-03-2025T12:23:23 - [TEST_STEP][PASSED] - fileOtpuskVSet = otpusk.toInteger(): null

31-03-2025T12:23:23 - [TEST_STEP][PASSED] - pageOtpuskVSet = page.toInteger(): null

31-03-2025T12:23:23 - [TEST_STEP][PASSED] - typeOfData = typeOfDataMain + " Потери": null

31-03-2025T12:23:23 - [TEST_STEP][PASSED] - if (a == 82): null

31-03-2025T12:23:23 - [TEST_STEP][PASSED] - else if (a == 84): null

31-03-2025T12:23:23 - [TEST_STEP][PASSED] - else if (a == 83 || a == 52 || a == 72 || a == 28 || a == 73 || a == 77 || a == 74 || a == 65 || a == 44 || a == 53 || a == 80 || a == 54 || a == 1 || a == 18 || a == 59 || a == 81): null

31-03-2025T12:23:23 - [TEST_STEP][PASSED] - else: null

31-03-2025T12:23:23 - [TEST_STEP][PASSED] - path = dataFolder + typeOfData + " за отчётный период " + b: null

31-03-2025T12:23:23 - [TEST_STEP][PASSED] - page = getText(findTestObject(path)): Text of object 'Object Repository/Выполнение бизнес-плана/Значения со страницы Выполнение бизнес-плана/План Потери за отчётный период Пермэнерго' is: '167 043'

31-03-2025T12:23:23 - [MESSAGE][PASSED] - Text of object 'Object Repository/Выполнение бизнес-плана/Значения со страницы Выполнение бизнес-плана/План Потери за отчётный период Пермэнерго' is: '167 043'

31-03-2025T12:23:23 - [TEST_STEP][PASSED] - if (page == "" || page == null): null

31-03-2025T12:23:23 - [TEST_STEP][PASSED] - else: null

31-03-2025T12:23:23 - [TEST_STEP][PASSED] - page = page.replaceAll("\s+", ""): null

31-03-2025T12:23:23 - [TEST_STEP][PASSED] - if (page == "undefined"): null

31-03-2025T12:23:23 - [TEST_STEP][PASSED] - filePoteri = poteri.toInteger(): null

31-03-2025T12:23:23 - [TEST_STEP][PASSED] - pagePoteri = page.toInteger(): null

31-03-2025T12:23:23 - [TEST_STEP][PASSED] - compare = pageOtpuskVSet: null

31-03-2025T12:23:23 - [TEST_STEP][PASSED] - if (pageOtpuskVSet != null): null

31-03-2025T12:23:23 - [TEST_STEP][PASSED] - if (compare == fileOtpuskVSet): null

31-03-2025T12:23:23 - [TEST_STEP][PASSED] - if (compare == fileOtpuskVSet): null

31-03-2025T12:23:23 - [TEST_STEP][PASSED] - compare = pagePoteri: null

31-03-2025T12:23:23 - [TEST_STEP][PASSED] - if (pageOtpuskVSet != null): null

31-03-2025T12:23:23 - [TEST_STEP][PASSED] - if (compare == filePoteri): null

31-03-2025T12:23:23 - [TEST_STEP][PASSED] - if (compare == filePoteri): null

31-03-2025T12:23:23 - [TEST_STEP][PASSED] - if (planFact == 2): Object: 'Object Repository/Выполнение бизнес-плана/Кнопка Факт' is clicked on

31-03-2025T12:23:23 - [TEST_STEP][PASSED] - click(findTestObject("Выполнение бизнес-плана/Кнопка Факт")): Object: 'Object Repository/Выполнение бизнес-плана/Кнопка Факт' is clicked on

31-03-2025T12:23:24 - [MESSAGE][PASSED] - Object: 'Object Repository/Выполнение бизнес-плана/Кнопка Факт' is clicked on

31-03-2025T12:23:24 - [TEST_STEP][PASSED] - println("a=" + a): null

31-03-2025T12:23:24 - [TEST_STEP][PASSED] - if (a == 84 || a == 82): null

31-03-2025T12:23:24 - [TEST_STEP][PASSED] - else if (a == 83 || a == 52 || a == 72 || a == 28 || a == 73 || a == 77 || a == 74 || a == 65 || a == 36 || a == 44 || a == 53 || a == 80 || a == 54 || a == 1 || a == 18 || a == 59 || a == 81): null

31-03-2025T12:23:24 - [TEST_STEP][PASSED] - else: null

31-03-2025T12:23:24 - [TEST_STEP][PASSED] - page1 = getText(findTestObject("Object Repository/Выполнение бизнес-плана/spanPlan" + filialNum)): Text of object 'Object Repository/Выполнение бизнес-плана/spanPlan2' is: '9.77
|'

31-03-2025T12:23:24 - [MESSAGE][PASSED] - Text of object 'Object Repository/Выполнение бизнес-плана/spanPlan2' is: '9.77
|'

31-03-2025T12:23:24 - [TEST_STEP][PASSED] - page1 = page1.replace("|", ""): null

31-03-2025T12:23:24 - [TEST_STEP][PASSED] - page2 = getText(findTestObject("Object Repository/Выполнение бизнес-плана/spanFact" + filialNum)): Text of object 'Object Repository/Выполнение бизнес-плана/spanFact2' is: '9.36
|'

31-03-2025T12:23:24 - [MESSAGE][PASSED] - Text of object 'Object Repository/Выполнение бизнес-плана/spanFact2' is: '9.36
|'

31-03-2025T12:23:24 - [TEST_STEP][PASSED] - page2 = page2.replace("|", ""): null

31-03-2025T12:23:24 - [TEST_STEP][PASSED] - println("page1: " + page1): null

31-03-2025T12:23:24 - [TEST_STEP][PASSED] - println("page2: " + page2): null

31-03-2025T12:23:24 - [TEST_STEP][PASSED] - file = findTestData("PlanFact").getValue(4, a): null

31-03-2025T12:23:24 - [TEST_STEP][PASSED] - file = file.replace(",", "."): null

31-03-2025T12:23:24 - [TEST_STEP][PASSED] - println("file Plan: " + file): null

31-03-2025T12:23:24 - [TEST_STEP][PASSED] - typeOfData = "План в процентах": null

31-03-2025T12:23:24 - [TEST_STEP][PASSED] - fileDouble = file.toDouble(): null

31-03-2025T12:23:24 - [TEST_STEP][PASSED] - pageDouble = page1.toDouble(): null

31-03-2025T12:23:24 - [TEST_STEP][PASSED] - if (fileDouble != pageDouble): null

31-03-2025T12:23:24 - [TEST_STEP][PASSED] - file = findTestData("PlanFact").getValue(7, a): null

31-03-2025T12:23:24 - [TEST_STEP][PASSED] - file = file.replace(",", "."): null

31-03-2025T12:23:24 - [TEST_STEP][PASSED] - println("file Fact: " + file): null

31-03-2025T12:23:24 - [TEST_STEP][PASSED] - fileDouble = file.toDouble(): null

31-03-2025T12:23:24 - [TEST_STEP][PASSED] - typeOfData = "Факт в процентах": null

31-03-2025T12:23:24 - [TEST_STEP][PASSED] - fileDouble = file.toDouble(): null

31-03-2025T12:23:24 - [TEST_STEP][PASSED] - pageDouble = page2.toDouble(): null

31-03-2025T12:23:24 - [TEST_STEP][PASSED] - if (fileDouble != pageDouble): null

31-03-2025T12:23:24 - [TEST_STEP][PASSED] - if (verifyEqual(numberOfErrors, 0) == false): Actual object '0' and expected object '0' are equal

31-03-2025T12:23:24 - [MESSAGE][PASSED] - Actual object '0' and expected object '0' are equal

31-03-2025T12:23:24 - [TEST_STEP][PASSED] - if (a == 82): null

31-03-2025T12:23:24 - [TEST_STEP][PASSED] - dZO = "Свердловэнерго": null

31-03-2025T12:23:24 - [TEST_STEP][PASSED] - a = 56: null

31-03-2025T12:23:24 - [TEST_STEP][PASSED] - if (x2.contains(dZO)): null

31-03-2025T12:23:24 - [TEST_STEP][PASSED] - filialNum = filialNum + 1: null

31-03-2025T12:23:24 - [TEST_STEP][PASSED] - Script1718980020443.Numbers(a, typeOfData, todaysDate, pageInt, fileInt, pageDouble, fileDouble, dZO, dzoNum, filialNum): null

31-03-2025T12:23:24 - [TEST_STEP][PASSED] - println(dzoNum): null

31-03-2025T12:23:24 - [TEST_STEP][PASSED] - planFact = <not implemented yet for class: org.codehaus.groovy.ast.expr.EmptyExpression>: null

31-03-2025T12:23:24 - [TEST_STEP][PASSED] - page = <not implemented yet for class: org.codehaus.groovy.ast.expr.EmptyExpression>: null

31-03-2025T12:23:24 - [TEST_STEP][PASSED] - page1 = <not implemented yet for class: org.codehaus.groovy.ast.expr.EmptyExpression>: null

31-03-2025T12:23:24 - [TEST_STEP][PASSED] - page2 = <not implemented yet for class: org.codehaus.groovy.ast.expr.EmptyExpression>: null

31-03-2025T12:23:24 - [TEST_STEP][PASSED] - filialNumberInRow = <not implemented yet for class: org.codehaus.groovy.ast.expr.EmptyExpression>: null

31-03-2025T12:23:24 - [TEST_STEP][PASSED] - filialsDzoNames = <not implemented yet for class: org.codehaus.groovy.ast.expr.EmptyExpression>: null

31-03-2025T12:23:24 - [TEST_STEP][PASSED] - numberOfFilials = <not implemented yet for class: org.codehaus.groovy.ast.expr.EmptyExpression>: null

31-03-2025T12:23:24 - [TEST_STEP][PASSED] - numberOfSpaces = <not implemented yet for class: org.codehaus.groovy.ast.expr.EmptyExpression>: null

31-03-2025T12:23:24 - [TEST_STEP][PASSED] - file = <not implemented yet for class: org.codehaus.groovy.ast.expr.EmptyExpression>: null

31-03-2025T12:23:24 - [TEST_STEP][PASSED] - otpusk = <not implemented yet for class: org.codehaus.groovy.ast.expr.EmptyExpression>: null

31-03-2025T12:23:24 - [TEST_STEP][PASSED] - poteri = <not implemented yet for class: org.codehaus.groovy.ast.expr.EmptyExpression>: null

31-03-2025T12:23:24 - [TEST_STEP][PASSED] - dataFolder = "Выполнение бизнес-плана/Значения со страницы Выполнение бизнес-плана/": null

31-03-2025T12:23:24 - [TEST_STEP][PASSED] - path = <not implemented yet for class: org.codehaus.groovy.ast.expr.EmptyExpression>: null

31-03-2025T12:23:24 - [TEST_STEP][PASSED] - typeOfDataMain = <not implemented yet for class: org.codehaus.groovy.ast.expr.EmptyExpression>: null

31-03-2025T12:23:24 - [TEST_STEP][PASSED] - fileOtpuskVSet = <not implemented yet for class: org.codehaus.groovy.ast.expr.EmptyExpression>: null

31-03-2025T12:23:24 - [TEST_STEP][PASSED] - pageOtpuskVSet = <not implemented yet for class: org.codehaus.groovy.ast.expr.EmptyExpression>: null

31-03-2025T12:23:24 - [TEST_STEP][PASSED] - filePoteri = <not implemented yet for class: org.codehaus.groovy.ast.expr.EmptyExpression>: null

31-03-2025T12:23:24 - [TEST_STEP][PASSED] - pagePoteri = <not implemented yet for class: org.codehaus.groovy.ast.expr.EmptyExpression>: null

31-03-2025T12:23:24 - [TEST_STEP][PASSED] - compare = <not implemented yet for class: org.codehaus.groovy.ast.expr.EmptyExpression>: null

31-03-2025T12:23:24 - [TEST_STEP][PASSED] - b = <not implemented yet for class: org.codehaus.groovy.ast.expr.EmptyExpression>: null

31-03-2025T12:23:24 - [TEST_STEP][PASSED] - i = <not implemented yet for class: org.codehaus.groovy.ast.expr.EmptyExpression>: null

31-03-2025T12:23:24 - [TEST_STEP][PASSED] - ii = <not implemented yet for class: org.codehaus.groovy.ast.expr.EmptyExpression>: null

31-03-2025T12:23:24 - [TEST_STEP][PASSED] - c = <not implemented yet for class: org.codehaus.groovy.ast.expr.EmptyExpression>: null

31-03-2025T12:23:24 - [TEST_STEP][PASSED] - numberOfErrors = 0: null

31-03-2025T12:23:24 - [TEST_STEP][PASSED] - if (a == 82): null

31-03-2025T12:23:24 - [TEST_STEP][PASSED] - b = findTestData("PlanFact").getValue(1, a): null

31-03-2025T12:23:24 - [TEST_STEP][PASSED] - i = b.indexOf(" (ГК)"): null

31-03-2025T12:23:24 - [TEST_STEP][PASSED] - if (i > -1): null

31-03-2025T12:23:24 - [TEST_STEP][PASSED] - i = b.indexOf("О ""): null

31-03-2025T12:23:24 - [TEST_STEP][PASSED] - if (i > -1): null

31-03-2025T12:23:24 - [TEST_STEP][PASSED] - i = b.indexOf("О «"): null

31-03-2025T12:23:24 - [TEST_STEP][PASSED] - if (i > -1): null

31-03-2025T12:23:24 - [TEST_STEP][PASSED] - i = b.indexOf("г. "): null

31-03-2025T12:23:24 - [TEST_STEP][PASSED] - if (i > -1): null

31-03-2025T12:23:24 - [TEST_STEP][PASSED] - b = b.trim(): null

31-03-2025T12:23:24 - [TEST_STEP][PASSED] - println(b): null

31-03-2025T12:23:24 - [TEST_STEP][PASSED] - for ([planFact = 1, planFact < 3, (planFact++)]): Object: 'Object Repository/Выполнение бизнес-плана/Кнопка Факт' is clicked on

31-03-2025T12:23:24 - [TEST_STEP][PASSED] - if (planFact == 1): null

31-03-2025T12:23:24 - [TEST_STEP][PASSED] - typeOfDataMain = "Факт": null

31-03-2025T12:23:24 - [TEST_STEP][PASSED] - otpusk = findTestData("PlanFact").getValue(5, a): null

31-03-2025T12:23:24 - [TEST_STEP][PASSED] - poteri = findTestData("PlanFact").getValue(6, a): null

31-03-2025T12:23:25 - [TEST_STEP][PASSED] - otpusk = otpusk.replaceAll("\s+", ""): null

31-03-2025T12:23:25 - [TEST_STEP][PASSED] - poteri = poteri.replaceAll("\s+", ""): null

31-03-2025T12:23:25 - [TEST_STEP][PASSED] - typeOfData = typeOfDataMain + " Отпуск в сеть": null

31-03-2025T12:23:25 - [TEST_STEP][PASSED] - if (a == 82): null

31-03-2025T12:23:25 - [TEST_STEP][PASSED] - else if (a == 84): null

31-03-2025T12:23:25 - [TEST_STEP][PASSED] - else if (a == 83 || a == 52 || a == 72 || a == 28 || a == 73 || a == 77 || a == 74 || a == 65 || a == 36 || a == 44 || a == 53 || a == 80 || a == 54 || a == 1 || a == 18 || a == 59 || a == 81): null

31-03-2025T12:23:25 - [TEST_STEP][PASSED] - else: null

31-03-2025T12:23:25 - [TEST_STEP][PASSED] - path = dataFolder + typeOfData + " за отчётный период " + b: null

31-03-2025T12:23:25 - [TEST_STEP][PASSED] - println(path): null

31-03-2025T12:23:25 - [TEST_STEP][PASSED] - page = getText(findTestObject(path)): Text of object 'Object Repository/Выполнение бизнес-плана/Значения со страницы Выполнение бизнес-плана/Факт Отпуск в сеть за отчётный период Свердловэнерго' is: '2 804 247'

31-03-2025T12:23:25 - [MESSAGE][PASSED] - Text of object 'Object Repository/Выполнение бизнес-плана/Значения со страницы Выполнение бизнес-плана/Факт Отпуск в сеть за отчётный период Свердловэнерго' is: '2 804 247'

31-03-2025T12:23:25 - [TEST_STEP][PASSED] - if (page == "" || page == null): null

31-03-2025T12:23:25 - [TEST_STEP][PASSED] - else: null

31-03-2025T12:23:25 - [TEST_STEP][PASSED] - page = page.replaceAll("\s+", ""): null

31-03-2025T12:23:25 - [TEST_STEP][PASSED] - if (page == "undefined"): null

31-03-2025T12:23:25 - [TEST_STEP][PASSED] - fileOtpuskVSet = otpusk.toInteger(): null

31-03-2025T12:23:25 - [TEST_STEP][PASSED] - pageOtpuskVSet = page.toInteger(): null

31-03-2025T12:23:25 - [TEST_STEP][PASSED] - typeOfData = typeOfDataMain + " Потери": null

31-03-2025T12:23:25 - [TEST_STEP][PASSED] - if (a == 82): null

31-03-2025T12:23:25 - [TEST_STEP][PASSED] - else if (a == 84): null

31-03-2025T12:23:25 - [TEST_STEP][PASSED] - else if (a == 83 || a == 52 || a == 72 || a == 28 || a == 73 || a == 77 || a == 74 || a == 65 || a == 44 || a == 53 || a == 80 || a == 54 || a == 1 || a == 18 || a == 59 || a == 81): null

31-03-2025T12:23:25 - [TEST_STEP][PASSED] - else: null

31-03-2025T12:23:25 - [TEST_STEP][PASSED] - path = dataFolder + typeOfData + " за отчётный период " + b: null

31-03-2025T12:23:25 - [TEST_STEP][PASSED] - page = getText(findTestObject(path)): Text of object 'Object Repository/Выполнение бизнес-плана/Значения со страницы Выполнение бизнес-плана/Факт Потери за отчётный период Свердловэнерго' is: '157 255'

31-03-2025T12:23:25 - [MESSAGE][PASSED] - Text of object 'Object Repository/Выполнение бизнес-плана/Значения со страницы Выполнение бизнес-плана/Факт Потери за отчётный период Свердловэнерго' is: '157 255'

31-03-2025T12:23:25 - [TEST_STEP][PASSED] - if (page == "" || page == null): null

31-03-2025T12:23:25 - [TEST_STEP][PASSED] - else: null

31-03-2025T12:23:25 - [TEST_STEP][PASSED] - page = page.replaceAll("\s+", ""): null

31-03-2025T12:23:25 - [TEST_STEP][PASSED] - if (page == "undefined"): null

31-03-2025T12:23:25 - [TEST_STEP][PASSED] - filePoteri = poteri.toInteger(): null

31-03-2025T12:23:25 - [TEST_STEP][PASSED] - pagePoteri = page.toInteger(): null

31-03-2025T12:23:25 - [TEST_STEP][PASSED] - compare = pageOtpuskVSet: null

31-03-2025T12:23:25 - [TEST_STEP][PASSED] - if (pageOtpuskVSet != null): null

31-03-2025T12:23:25 - [TEST_STEP][PASSED] - if (compare == fileOtpuskVSet): null

31-03-2025T12:23:25 - [TEST_STEP][PASSED] - if (compare == fileOtpuskVSet): null

31-03-2025T12:23:25 - [TEST_STEP][PASSED] - compare = pagePoteri: null

31-03-2025T12:23:25 - [TEST_STEP][PASSED] - if (pageOtpuskVSet != null): null

31-03-2025T12:23:25 - [TEST_STEP][PASSED] - if (compare == filePoteri): null

31-03-2025T12:23:25 - [TEST_STEP][PASSED] - if (compare == filePoteri): null

31-03-2025T12:23:25 - [TEST_STEP][PASSED] - if (planFact == 2): null

31-03-2025T12:23:25 - [TEST_STEP][PASSED] - if (planFact == 1): null

31-03-2025T12:23:25 - [TEST_STEP][PASSED] - else if (planFact == 2): null

31-03-2025T12:23:25 - [TEST_STEP][PASSED] - click(findTestObject("Выполнение бизнес-плана/Кнопка План")): Object: 'Object Repository/Выполнение бизнес-плана/Кнопка План' is clicked on

31-03-2025T12:23:25 - [MESSAGE][PASSED] - Object: 'Object Repository/Выполнение бизнес-плана/Кнопка План' is clicked on

31-03-2025T12:23:25 - [TEST_STEP][PASSED] - typeOfDataMain = "План": null

31-03-2025T12:23:25 - [TEST_STEP][PASSED] - otpusk = findTestData("PlanFact").getValue(2, a): null

31-03-2025T12:23:26 - [TEST_STEP][PASSED] - poteri = findTestData("PlanFact").getValue(3, a): null

31-03-2025T12:23:26 - [TEST_STEP][PASSED] - otpusk = otpusk.replaceAll("\s+", ""): null

31-03-2025T12:23:26 - [TEST_STEP][PASSED] - poteri = poteri.replaceAll("\s+", ""): null

31-03-2025T12:23:26 - [TEST_STEP][PASSED] - typeOfData = typeOfDataMain + " Отпуск в сеть": null

31-03-2025T12:23:26 - [TEST_STEP][PASSED] - if (a == 82): null

31-03-2025T12:23:26 - [TEST_STEP][PASSED] - else if (a == 84): null

31-03-2025T12:23:26 - [TEST_STEP][PASSED] - else if (a == 83 || a == 52 || a == 72 || a == 28 || a == 73 || a == 77 || a == 74 || a == 65 || a == 36 || a == 44 || a == 53 || a == 80 || a == 54 || a == 1 || a == 18 || a == 59 || a == 81): null

31-03-2025T12:23:26 - [TEST_STEP][PASSED] - else: null

31-03-2025T12:23:26 - [TEST_STEP][PASSED] - path = dataFolder + typeOfData + " за отчётный период " + b: null

31-03-2025T12:23:26 - [TEST_STEP][PASSED] - println(path): null

31-03-2025T12:23:26 - [TEST_STEP][PASSED] - page = getText(findTestObject(path)): Text of object 'Object Repository/Выполнение бизнес-плана/Значения со страницы Выполнение бизнес-плана/План Отпуск в сеть за отчётный период Свердловэнерго' is: '2 946 702'

31-03-2025T12:23:26 - [MESSAGE][PASSED] - Text of object 'Object Repository/Выполнение бизнес-плана/Значения со страницы Выполнение бизнес-плана/План Отпуск в сеть за отчётный период Свердловэнерго' is: '2 946 702'

31-03-2025T12:23:26 - [TEST_STEP][PASSED] - if (page == "" || page == null): null

31-03-2025T12:23:26 - [TEST_STEP][PASSED] - else: null

31-03-2025T12:23:26 - [TEST_STEP][PASSED] - page = page.replaceAll("\s+", ""): null

31-03-2025T12:23:26 - [TEST_STEP][PASSED] - if (page == "undefined"): null

31-03-2025T12:23:26 - [TEST_STEP][PASSED] - fileOtpuskVSet = otpusk.toInteger(): null

31-03-2025T12:23:26 - [TEST_STEP][PASSED] - pageOtpuskVSet = page.toInteger(): null

31-03-2025T12:23:26 - [TEST_STEP][PASSED] - typeOfData = typeOfDataMain + " Потери": null

31-03-2025T12:23:26 - [TEST_STEP][PASSED] - if (a == 82): null

31-03-2025T12:23:26 - [TEST_STEP][PASSED] - else if (a == 84): null

31-03-2025T12:23:26 - [TEST_STEP][PASSED] - else if (a == 83 || a == 52 || a == 72 || a == 28 || a == 73 || a == 77 || a == 74 || a == 65 || a == 44 || a == 53 || a == 80 || a == 54 || a == 1 || a == 18 || a == 59 || a == 81): null

31-03-2025T12:23:26 - [TEST_STEP][PASSED] - else: null

31-03-2025T12:23:26 - [TEST_STEP][PASSED] - path = dataFolder + typeOfData + " за отчётный период " + b: null

31-03-2025T12:23:26 - [TEST_STEP][PASSED] - page = getText(findTestObject(path)): Text of object 'Object Repository/Выполнение бизнес-плана/Значения со страницы Выполнение бизнес-плана/План Потери за отчётный период Свердловэнерго' is: '168 110'

31-03-2025T12:23:26 - [MESSAGE][PASSED] - Text of object 'Object Repository/Выполнение бизнес-плана/Значения со страницы Выполнение бизнес-плана/План Потери за отчётный период Свердловэнерго' is: '168 110'

31-03-2025T12:23:26 - [TEST_STEP][PASSED] - if (page == "" || page == null): null

31-03-2025T12:23:26 - [TEST_STEP][PASSED] - else: null

31-03-2025T12:23:26 - [TEST_STEP][PASSED] - page = page.replaceAll("\s+", ""): null

31-03-2025T12:23:26 - [TEST_STEP][PASSED] - if (page == "undefined"): null

31-03-2025T12:23:26 - [TEST_STEP][PASSED] - filePoteri = poteri.toInteger(): null

31-03-2025T12:23:26 - [TEST_STEP][PASSED] - pagePoteri = page.toInteger(): null

31-03-2025T12:23:26 - [TEST_STEP][PASSED] - compare = pageOtpuskVSet: null

31-03-2025T12:23:26 - [TEST_STEP][PASSED] - if (pageOtpuskVSet != null): null

31-03-2025T12:23:26 - [TEST_STEP][PASSED] - if (compare == fileOtpuskVSet): null

31-03-2025T12:23:26 - [TEST_STEP][PASSED] - if (compare == fileOtpuskVSet): null

31-03-2025T12:23:26 - [TEST_STEP][PASSED] - compare = pagePoteri: null

31-03-2025T12:23:26 - [TEST_STEP][PASSED] - if (pageOtpuskVSet != null): null

31-03-2025T12:23:26 - [TEST_STEP][PASSED] - if (compare == filePoteri): null

31-03-2025T12:23:26 - [TEST_STEP][PASSED] - if (compare == filePoteri): null

31-03-2025T12:23:26 - [TEST_STEP][PASSED] - if (planFact == 2): Object: 'Object Repository/Выполнение бизнес-плана/Кнопка Факт' is clicked on

31-03-2025T12:23:26 - [TEST_STEP][PASSED] - click(findTestObject("Выполнение бизнес-плана/Кнопка Факт")): Object: 'Object Repository/Выполнение бизнес-плана/Кнопка Факт' is clicked on

31-03-2025T12:23:27 - [MESSAGE][PASSED] - Object: 'Object Repository/Выполнение бизнес-плана/Кнопка Факт' is clicked on

31-03-2025T12:23:27 - [TEST_STEP][PASSED] - println("a=" + a): null

31-03-2025T12:23:27 - [TEST_STEP][PASSED] - if (a == 84 || a == 82): null

31-03-2025T12:23:27 - [TEST_STEP][PASSED] - else if (a == 83 || a == 52 || a == 72 || a == 28 || a == 73 || a == 77 || a == 74 || a == 65 || a == 36 || a == 44 || a == 53 || a == 80 || a == 54 || a == 1 || a == 18 || a == 59 || a == 81): null

31-03-2025T12:23:27 - [TEST_STEP][PASSED] - else: null

31-03-2025T12:23:27 - [TEST_STEP][PASSED] - page1 = getText(findTestObject("Object Repository/Выполнение бизнес-плана/spanPlan" + filialNum)): Text of object 'Object Repository/Выполнение бизнес-плана/spanPlan3' is: '5.71
|'

31-03-2025T12:23:27 - [MESSAGE][PASSED] - Text of object 'Object Repository/Выполнение бизнес-плана/spanPlan3' is: '5.71
|'

31-03-2025T12:23:27 - [TEST_STEP][PASSED] - page1 = page1.replace("|", ""): null

31-03-2025T12:23:27 - [TEST_STEP][PASSED] - page2 = getText(findTestObject("Object Repository/Выполнение бизнес-плана/spanFact" + filialNum)): Text of object 'Object Repository/Выполнение бизнес-плана/spanFact3' is: '5.61
|'

31-03-2025T12:23:27 - [MESSAGE][PASSED] - Text of object 'Object Repository/Выполнение бизнес-плана/spanFact3' is: '5.61
|'

31-03-2025T12:23:27 - [TEST_STEP][PASSED] - page2 = page2.replace("|", ""): null

31-03-2025T12:23:27 - [TEST_STEP][PASSED] - println("page1: " + page1): null

31-03-2025T12:23:27 - [TEST_STEP][PASSED] - println("page2: " + page2): null

31-03-2025T12:23:27 - [TEST_STEP][PASSED] - file = findTestData("PlanFact").getValue(4, a): null

31-03-2025T12:23:27 - [TEST_STEP][PASSED] - file = file.replace(",", "."): null

31-03-2025T12:23:27 - [TEST_STEP][PASSED] - println("file Plan: " + file): null

31-03-2025T12:23:27 - [TEST_STEP][PASSED] - typeOfData = "План в процентах": null

31-03-2025T12:23:27 - [TEST_STEP][PASSED] - fileDouble = file.toDouble(): null

31-03-2025T12:23:27 - [TEST_STEP][PASSED] - pageDouble = page1.toDouble(): null

31-03-2025T12:23:27 - [TEST_STEP][PASSED] - if (fileDouble != pageDouble): null

31-03-2025T12:23:27 - [TEST_STEP][PASSED] - file = findTestData("PlanFact").getValue(7, a): null

31-03-2025T12:23:27 - [TEST_STEP][PASSED] - file = file.replace(",", "."): null

31-03-2025T12:23:27 - [TEST_STEP][PASSED] - println("file Fact: " + file): null

31-03-2025T12:23:27 - [TEST_STEP][PASSED] - fileDouble = file.toDouble(): null

31-03-2025T12:23:27 - [TEST_STEP][PASSED] - typeOfData = "Факт в процентах": null

31-03-2025T12:23:27 - [TEST_STEP][PASSED] - fileDouble = file.toDouble(): null

31-03-2025T12:23:27 - [TEST_STEP][PASSED] - pageDouble = page2.toDouble(): null

31-03-2025T12:23:27 - [TEST_STEP][PASSED] - if (fileDouble != pageDouble): null

31-03-2025T12:23:27 - [TEST_STEP][PASSED] - if (verifyEqual(numberOfErrors, 0) == false): Actual object '0' and expected object '0' are equal

31-03-2025T12:23:27 - [MESSAGE][PASSED] - Actual object '0' and expected object '0' are equal

31-03-2025T12:23:27 - [TEST_STEP][PASSED] - if (a == 82): null

31-03-2025T12:23:27 - [TEST_STEP][PASSED] - dZO = "Челябэнерго": null

31-03-2025T12:23:27 - [TEST_STEP][PASSED] - a = 57: null

31-03-2025T12:23:27 - [TEST_STEP][PASSED] - if (x2.contains(dZO)): null

31-03-2025T12:23:27 - [TEST_STEP][PASSED] - filialNum = filialNum + 1: null

31-03-2025T12:23:27 - [TEST_STEP][PASSED] - Script1718980020443.Numbers(a, typeOfData, todaysDate, pageInt, fileInt, pageDouble, fileDouble, dZO, dzoNum, filialNum): null

31-03-2025T12:23:27 - [TEST_STEP][PASSED] - println(dzoNum): null

31-03-2025T12:23:27 - [TEST_STEP][PASSED] - planFact = <not implemented yet for class: org.codehaus.groovy.ast.expr.EmptyExpression>: null

31-03-2025T12:23:27 - [TEST_STEP][PASSED] - page = <not implemented yet for class: org.codehaus.groovy.ast.expr.EmptyExpression>: null

31-03-2025T12:23:27 - [TEST_STEP][PASSED] - page1 = <not implemented yet for class: org.codehaus.groovy.ast.expr.EmptyExpression>: null

31-03-2025T12:23:27 - [TEST_STEP][PASSED] - page2 = <not implemented yet for class: org.codehaus.groovy.ast.expr.EmptyExpression>: null

31-03-2025T12:23:27 - [TEST_STEP][PASSED] - filialNumberInRow = <not implemented yet for class: org.codehaus.groovy.ast.expr.EmptyExpression>: null

31-03-2025T12:23:27 - [TEST_STEP][PASSED] - filialsDzoNames = <not implemented yet for class: org.codehaus.groovy.ast.expr.EmptyExpression>: null

31-03-2025T12:23:27 - [TEST_STEP][PASSED] - numberOfFilials = <not implemented yet for class: org.codehaus.groovy.ast.expr.EmptyExpression>: null

31-03-2025T12:23:27 - [TEST_STEP][PASSED] - numberOfSpaces = <not implemented yet for class: org.codehaus.groovy.ast.expr.EmptyExpression>: null

31-03-2025T12:23:27 - [TEST_STEP][PASSED] - file = <not implemented yet for class: org.codehaus.groovy.ast.expr.EmptyExpression>: null

31-03-2025T12:23:27 - [TEST_STEP][PASSED] - otpusk = <not implemented yet for class: org.codehaus.groovy.ast.expr.EmptyExpression>: null

31-03-2025T12:23:27 - [TEST_STEP][PASSED] - poteri = <not implemented yet for class: org.codehaus.groovy.ast.expr.EmptyExpression>: null

31-03-2025T12:23:27 - [TEST_STEP][PASSED] - dataFolder = "Выполнение бизнес-плана/Значения со страницы Выполнение бизнес-плана/": null

31-03-2025T12:23:27 - [TEST_STEP][PASSED] - path = <not implemented yet for class: org.codehaus.groovy.ast.expr.EmptyExpression>: null

31-03-2025T12:23:27 - [TEST_STEP][PASSED] - typeOfDataMain = <not implemented yet for class: org.codehaus.groovy.ast.expr.EmptyExpression>: null

31-03-2025T12:23:27 - [TEST_STEP][PASSED] - fileOtpuskVSet = <not implemented yet for class: org.codehaus.groovy.ast.expr.EmptyExpression>: null

31-03-2025T12:23:27 - [TEST_STEP][PASSED] - pageOtpuskVSet = <not implemented yet for class: org.codehaus.groovy.ast.expr.EmptyExpression>: null

31-03-2025T12:23:27 - [TEST_STEP][PASSED] - filePoteri = <not implemented yet for class: org.codehaus.groovy.ast.expr.EmptyExpression>: null

31-03-2025T12:23:27 - [TEST_STEP][PASSED] - pagePoteri = <not implemented yet for class: org.codehaus.groovy.ast.expr.EmptyExpression>: null

31-03-2025T12:23:27 - [TEST_STEP][PASSED] - compare = <not implemented yet for class: org.codehaus.groovy.ast.expr.EmptyExpression>: null

31-03-2025T12:23:27 - [TEST_STEP][PASSED] - b = <not implemented yet for class: org.codehaus.groovy.ast.expr.EmptyExpression>: null

31-03-2025T12:23:27 - [TEST_STEP][PASSED] - i = <not implemented yet for class: org.codehaus.groovy.ast.expr.EmptyExpression>: null

31-03-2025T12:23:27 - [TEST_STEP][PASSED] - ii = <not implemented yet for class: org.codehaus.groovy.ast.expr.EmptyExpression>: null

31-03-2025T12:23:27 - [TEST_STEP][PASSED] - c = <not implemented yet for class: org.codehaus.groovy.ast.expr.EmptyExpression>: null

31-03-2025T12:23:27 - [TEST_STEP][PASSED] - numberOfErrors = 0: null

31-03-2025T12:23:27 - [TEST_STEP][PASSED] - if (a == 82): null

31-03-2025T12:23:27 - [TEST_STEP][PASSED] - b = findTestData("PlanFact").getValue(1, a): null

31-03-2025T12:23:27 - [TEST_STEP][PASSED] - i = b.indexOf(" (ГК)"): null

31-03-2025T12:23:27 - [TEST_STEP][PASSED] - if (i > -1): null

31-03-2025T12:23:27 - [TEST_STEP][PASSED] - i = b.indexOf("О ""): null

31-03-2025T12:23:27 - [TEST_STEP][PASSED] - if (i > -1): null

31-03-2025T12:23:27 - [TEST_STEP][PASSED] - i = b.indexOf("О «"): null

31-03-2025T12:23:27 - [TEST_STEP][PASSED] - if (i > -1): null

31-03-2025T12:23:27 - [TEST_STEP][PASSED] - i = b.indexOf("г. "): null

31-03-2025T12:23:27 - [TEST_STEP][PASSED] - if (i > -1): null

31-03-2025T12:23:27 - [TEST_STEP][PASSED] - b = b.trim(): null

31-03-2025T12:23:27 - [TEST_STEP][PASSED] - println(b): null

31-03-2025T12:23:27 - [TEST_STEP][PASSED] - for ([planFact = 1, planFact < 3, (planFact++)]): Object: 'Object Repository/Выполнение бизнес-плана/Кнопка Факт' is clicked on

31-03-2025T12:23:27 - [TEST_STEP][PASSED] - if (planFact == 1): null

31-03-2025T12:23:27 - [TEST_STEP][PASSED] - typeOfDataMain = "Факт": null

31-03-2025T12:23:27 - [TEST_STEP][PASSED] - otpusk = findTestData("PlanFact").getValue(5, a): null

31-03-2025T12:23:27 - [TEST_STEP][PASSED] - poteri = findTestData("PlanFact").getValue(6, a): null

31-03-2025T12:23:28 - [TEST_STEP][PASSED] - otpusk = otpusk.replaceAll("\s+", ""): null

31-03-2025T12:23:28 - [TEST_STEP][PASSED] - poteri = poteri.replaceAll("\s+", ""): null

31-03-2025T12:23:28 - [TEST_STEP][PASSED] - typeOfData = typeOfDataMain + " Отпуск в сеть": null

31-03-2025T12:23:28 - [TEST_STEP][PASSED] - if (a == 82): null

31-03-2025T12:23:28 - [TEST_STEP][PASSED] - else if (a == 84): null

31-03-2025T12:23:28 - [TEST_STEP][PASSED] - else if (a == 83 || a == 52 || a == 72 || a == 28 || a == 73 || a == 77 || a == 74 || a == 65 || a == 36 || a == 44 || a == 53 || a == 80 || a == 54 || a == 1 || a == 18 || a == 59 || a == 81): null

31-03-2025T12:23:28 - [TEST_STEP][PASSED] - else: null

31-03-2025T12:23:28 - [TEST_STEP][PASSED] - path = dataFolder + typeOfData + " за отчётный период " + b: null

31-03-2025T12:23:28 - [TEST_STEP][PASSED] - println(path): null

31-03-2025T12:23:28 - [TEST_STEP][PASSED] - page = getText(findTestObject(path)): Text of object 'Object Repository/Выполнение бизнес-плана/Значения со страницы Выполнение бизнес-плана/Факт Отпуск в сеть за отчётный период Челябэнерго' is: '1 698 646'

31-03-2025T12:23:28 - [MESSAGE][PASSED] - Text of object 'Object Repository/Выполнение бизнес-плана/Значения со страницы Выполнение бизнес-плана/Факт Отпуск в сеть за отчётный период Челябэнерго' is: '1 698 646'

31-03-2025T12:23:28 - [TEST_STEP][PASSED] - if (page == "" || page == null): null

31-03-2025T12:23:28 - [TEST_STEP][PASSED] - else: null

31-03-2025T12:23:28 - [TEST_STEP][PASSED] - page = page.replaceAll("\s+", ""): null

31-03-2025T12:23:28 - [TEST_STEP][PASSED] - if (page == "undefined"): null

31-03-2025T12:23:28 - [TEST_STEP][PASSED] - fileOtpuskVSet = otpusk.toInteger(): null

31-03-2025T12:23:28 - [TEST_STEP][PASSED] - pageOtpuskVSet = page.toInteger(): null

31-03-2025T12:23:28 - [TEST_STEP][PASSED] - typeOfData = typeOfDataMain + " Потери": null

31-03-2025T12:23:28 - [TEST_STEP][PASSED] - if (a == 82): null

31-03-2025T12:23:28 - [TEST_STEP][PASSED] - else if (a == 84): null

31-03-2025T12:23:28 - [TEST_STEP][PASSED] - else if (a == 83 || a == 52 || a == 72 || a == 28 || a == 73 || a == 77 || a == 74 || a == 65 || a == 44 || a == 53 || a == 80 || a == 54 || a == 1 || a == 18 || a == 59 || a == 81): null

31-03-2025T12:23:28 - [TEST_STEP][PASSED] - else: null

31-03-2025T12:23:28 - [TEST_STEP][PASSED] - path = dataFolder + typeOfData + " за отчётный период " + b: null

31-03-2025T12:23:28 - [TEST_STEP][PASSED] - page = getText(findTestObject(path)): Text of object 'Object Repository/Выполнение бизнес-плана/Значения со страницы Выполнение бизнес-плана/Факт Потери за отчётный период Челябэнерго' is: '130 600'

31-03-2025T12:23:28 - [MESSAGE][PASSED] - Text of object 'Object Repository/Выполнение бизнес-плана/Значения со страницы Выполнение бизнес-плана/Факт Потери за отчётный период Челябэнерго' is: '130 600'

31-03-2025T12:23:28 - [TEST_STEP][PASSED] - if (page == "" || page == null): null

31-03-2025T12:23:28 - [TEST_STEP][PASSED] - else: null

31-03-2025T12:23:28 - [TEST_STEP][PASSED] - page = page.replaceAll("\s+", ""): null

31-03-2025T12:23:28 - [TEST_STEP][PASSED] - if (page == "undefined"): null

31-03-2025T12:23:28 - [TEST_STEP][PASSED] - filePoteri = poteri.toInteger(): null

31-03-2025T12:23:28 - [TEST_STEP][PASSED] - pagePoteri = page.toInteger(): null

31-03-2025T12:23:28 - [TEST_STEP][PASSED] - compare = pageOtpuskVSet: null

31-03-2025T12:23:28 - [TEST_STEP][PASSED] - if (pageOtpuskVSet != null): null

31-03-2025T12:23:28 - [TEST_STEP][PASSED] - if (compare == fileOtpuskVSet): null

31-03-2025T12:23:28 - [TEST_STEP][PASSED] - if (compare == fileOtpuskVSet): null

31-03-2025T12:23:28 - [TEST_STEP][PASSED] - compare = pagePoteri: null

31-03-2025T12:23:28 - [TEST_STEP][PASSED] - if (pageOtpuskVSet != null): null

31-03-2025T12:23:28 - [TEST_STEP][PASSED] - if (compare == filePoteri): null

31-03-2025T12:23:28 - [TEST_STEP][PASSED] - if (compare == filePoteri): null

31-03-2025T12:23:28 - [TEST_STEP][PASSED] - if (planFact == 2): null

31-03-2025T12:23:28 - [TEST_STEP][PASSED] - if (planFact == 1): null

31-03-2025T12:23:28 - [TEST_STEP][PASSED] - else if (planFact == 2): null

31-03-2025T12:23:28 - [TEST_STEP][PASSED] - click(findTestObject("Выполнение бизнес-плана/Кнопка План")): Object: 'Object Repository/Выполнение бизнес-плана/Кнопка План' is clicked on

31-03-2025T12:23:29 - [MESSAGE][PASSED] - Object: 'Object Repository/Выполнение бизнес-плана/Кнопка План' is clicked on

31-03-2025T12:23:29 - [TEST_STEP][PASSED] - typeOfDataMain = "План": null

31-03-2025T12:23:29 - [TEST_STEP][PASSED] - otpusk = findTestData("PlanFact").getValue(2, a): null

31-03-2025T12:23:29 - [TEST_STEP][PASSED] - poteri = findTestData("PlanFact").getValue(3, a): null

31-03-2025T12:23:29 - [TEST_STEP][PASSED] - otpusk = otpusk.replaceAll("\s+", ""): null

31-03-2025T12:23:29 - [TEST_STEP][PASSED] - poteri = poteri.replaceAll("\s+", ""): null

31-03-2025T12:23:29 - [TEST_STEP][PASSED] - typeOfData = typeOfDataMain + " Отпуск в сеть": null

31-03-2025T12:23:29 - [TEST_STEP][PASSED] - if (a == 82): null

31-03-2025T12:23:29 - [TEST_STEP][PASSED] - else if (a == 84): null

31-03-2025T12:23:29 - [TEST_STEP][PASSED] - else if (a == 83 || a == 52 || a == 72 || a == 28 || a == 73 || a == 77 || a == 74 || a == 65 || a == 36 || a == 44 || a == 53 || a == 80 || a == 54 || a == 1 || a == 18 || a == 59 || a == 81): null

31-03-2025T12:23:29 - [TEST_STEP][PASSED] - else: null

31-03-2025T12:23:29 - [TEST_STEP][PASSED] - path = dataFolder + typeOfData + " за отчётный период " + b: null

31-03-2025T12:23:29 - [TEST_STEP][PASSED] - println(path): null

31-03-2025T12:23:29 - [TEST_STEP][PASSED] - page = getText(findTestObject(path)): Text of object 'Object Repository/Выполнение бизнес-плана/Значения со страницы Выполнение бизнес-плана/План Отпуск в сеть за отчётный период Челябэнерго' is: '1 775 309'

31-03-2025T12:23:29 - [MESSAGE][PASSED] - Text of object 'Object Repository/Выполнение бизнес-плана/Значения со страницы Выполнение бизнес-плана/План Отпуск в сеть за отчётный период Челябэнерго' is: '1 775 309'

31-03-2025T12:23:29 - [TEST_STEP][PASSED] - if (page == "" || page == null): null

31-03-2025T12:23:29 - [TEST_STEP][PASSED] - else: null

31-03-2025T12:23:29 - [TEST_STEP][PASSED] - page = page.replaceAll("\s+", ""): null

31-03-2025T12:23:29 - [TEST_STEP][PASSED] - if (page == "undefined"): null

31-03-2025T12:23:29 - [TEST_STEP][PASSED] - fileOtpuskVSet = otpusk.toInteger(): null

31-03-2025T12:23:29 - [TEST_STEP][PASSED] - pageOtpuskVSet = page.toInteger(): null

31-03-2025T12:23:29 - [TEST_STEP][PASSED] - typeOfData = typeOfDataMain + " Потери": null

31-03-2025T12:23:29 - [TEST_STEP][PASSED] - if (a == 82): null

31-03-2025T12:23:29 - [TEST_STEP][PASSED] - else if (a == 84): null

31-03-2025T12:23:29 - [TEST_STEP][PASSED] - else if (a == 83 || a == 52 || a == 72 || a == 28 || a == 73 || a == 77 || a == 74 || a == 65 || a == 44 || a == 53 || a == 80 || a == 54 || a == 1 || a == 18 || a == 59 || a == 81): null

31-03-2025T12:23:29 - [TEST_STEP][PASSED] - else: null

31-03-2025T12:23:29 - [TEST_STEP][PASSED] - path = dataFolder + typeOfData + " за отчётный период " + b: null

31-03-2025T12:23:29 - [TEST_STEP][PASSED] - page = getText(findTestObject(path)): Text of object 'Object Repository/Выполнение бизнес-плана/Значения со страницы Выполнение бизнес-плана/План Потери за отчётный период Челябэнерго' is: '138 950'

31-03-2025T12:23:29 - [MESSAGE][PASSED] - Text of object 'Object Repository/Выполнение бизнес-плана/Значения со страницы Выполнение бизнес-плана/План Потери за отчётный период Челябэнерго' is: '138 950'

31-03-2025T12:23:29 - [TEST_STEP][PASSED] - if (page == "" || page == null): null

31-03-2025T12:23:29 - [TEST_STEP][PASSED] - else: null

31-03-2025T12:23:29 - [TEST_STEP][PASSED] - page = page.replaceAll("\s+", ""): null

31-03-2025T12:23:29 - [TEST_STEP][PASSED] - if (page == "undefined"): null

31-03-2025T12:23:29 - [TEST_STEP][PASSED] - filePoteri = poteri.toInteger(): null

31-03-2025T12:23:29 - [TEST_STEP][PASSED] - pagePoteri = page.toInteger(): null

31-03-2025T12:23:29 - [TEST_STEP][PASSED] - compare = pageOtpuskVSet: null

31-03-2025T12:23:29 - [TEST_STEP][PASSED] - if (pageOtpuskVSet != null): null

31-03-2025T12:23:29 - [TEST_STEP][PASSED] - if (compare == fileOtpuskVSet): null

31-03-2025T12:23:29 - [TEST_STEP][PASSED] - if (compare == fileOtpuskVSet): null

31-03-2025T12:23:29 - [TEST_STEP][PASSED] - compare = pagePoteri: null

31-03-2025T12:23:29 - [TEST_STEP][PASSED] - if (pageOtpuskVSet != null): null

31-03-2025T12:23:29 - [TEST_STEP][PASSED] - if (compare == filePoteri): null

31-03-2025T12:23:29 - [TEST_STEP][PASSED] - if (compare == filePoteri): null

31-03-2025T12:23:29 - [TEST_STEP][PASSED] - if (planFact == 2): Object: 'Object Repository/Выполнение бизнес-плана/Кнопка Факт' is clicked on

31-03-2025T12:23:29 - [TEST_STEP][PASSED] - click(findTestObject("Выполнение бизнес-плана/Кнопка Факт")): Object: 'Object Repository/Выполнение бизнес-плана/Кнопка Факт' is clicked on

31-03-2025T12:23:30 - [MESSAGE][PASSED] - Object: 'Object Repository/Выполнение бизнес-плана/Кнопка Факт' is clicked on

31-03-2025T12:23:30 - [TEST_STEP][PASSED] - println("a=" + a): null

31-03-2025T12:23:30 - [TEST_STEP][PASSED] - if (a == 84 || a == 82): null

31-03-2025T12:23:30 - [TEST_STEP][PASSED] - else if (a == 83 || a == 52 || a == 72 || a == 28 || a == 73 || a == 77 || a == 74 || a == 65 || a == 36 || a == 44 || a == 53 || a == 80 || a == 54 || a == 1 || a == 18 || a == 59 || a == 81): null

31-03-2025T12:23:30 - [TEST_STEP][PASSED] - else: null

31-03-2025T12:23:30 - [TEST_STEP][PASSED] - page1 = getText(findTestObject("Object Repository/Выполнение бизнес-плана/spanPlan" + filialNum)): Text of object 'Object Repository/Выполнение бизнес-плана/spanPlan4' is: '7.83
|'

31-03-2025T12:23:30 - [MESSAGE][PASSED] - Text of object 'Object Repository/Выполнение бизнес-плана/spanPlan4' is: '7.83
|'

31-03-2025T12:23:30 - [TEST_STEP][PASSED] - page1 = page1.replace("|", ""): null

31-03-2025T12:23:30 - [TEST_STEP][PASSED] - page2 = getText(findTestObject("Object Repository/Выполнение бизнес-плана/spanFact" + filialNum)): Text of object 'Object Repository/Выполнение бизнес-плана/spanFact4' is: '7.69
|'

31-03-2025T12:23:30 - [MESSAGE][PASSED] - Text of object 'Object Repository/Выполнение бизнес-плана/spanFact4' is: '7.69
|'

31-03-2025T12:23:30 - [TEST_STEP][PASSED] - page2 = page2.replace("|", ""): null

31-03-2025T12:23:30 - [TEST_STEP][PASSED] - println("page1: " + page1): null

31-03-2025T12:23:30 - [TEST_STEP][PASSED] - println("page2: " + page2): null

31-03-2025T12:23:30 - [TEST_STEP][PASSED] - file = findTestData("PlanFact").getValue(4, a): null

31-03-2025T12:23:30 - [TEST_STEP][PASSED] - file = file.replace(",", "."): null

31-03-2025T12:23:30 - [TEST_STEP][PASSED] - println("file Plan: " + file): null

31-03-2025T12:23:30 - [TEST_STEP][PASSED] - typeOfData = "План в процентах": null

31-03-2025T12:23:30 - [TEST_STEP][PASSED] - fileDouble = file.toDouble(): null

31-03-2025T12:23:30 - [TEST_STEP][PASSED] - pageDouble = page1.toDouble(): null

31-03-2025T12:23:30 - [TEST_STEP][PASSED] - if (fileDouble != pageDouble): null

31-03-2025T12:23:30 - [TEST_STEP][PASSED] - file = findTestData("PlanFact").getValue(7, a): null

31-03-2025T12:23:30 - [TEST_STEP][PASSED] - file = file.replace(",", "."): null

31-03-2025T12:23:30 - [TEST_STEP][PASSED] - println("file Fact: " + file): null

31-03-2025T12:23:30 - [TEST_STEP][PASSED] - fileDouble = file.toDouble(): null

31-03-2025T12:23:30 - [TEST_STEP][PASSED] - typeOfData = "Факт в процентах": null

31-03-2025T12:23:30 - [TEST_STEP][PASSED] - fileDouble = file.toDouble(): null

31-03-2025T12:23:30 - [TEST_STEP][PASSED] - pageDouble = page2.toDouble(): null

31-03-2025T12:23:30 - [TEST_STEP][PASSED] - if (fileDouble != pageDouble): null

31-03-2025T12:23:30 - [TEST_STEP][PASSED] - if (verifyEqual(numberOfErrors, 0) == false): Actual object '0' and expected object '0' are equal

31-03-2025T12:23:30 - [MESSAGE][PASSED] - Actual object '0' and expected object '0' are equal

31-03-2025T12:23:30 - [TEST_STEP][PASSED] - if (a == 82): null

31-03-2025T12:23:30 - [TEST_STEP][PASSED] - filialNum = 0: null

31-03-2025T12:23:30 - [TEST_STEP][PASSED] - if (a == 59): null

31-03-2025T12:23:30 - [TEST_STEP][PASSED] - Script1718980020443.OpenFilter(): null

31-03-2025T12:23:30 - [TEST_STEP][PASSED] - click(findTestObject("Object Repository/Выполнение бизнес-плана/Фильтр ДЗО")): Object: 'Object Repository/Выполнение бизнес-плана/Фильтр ДЗО' is clicked on

31-03-2025T12:23:31 - [MESSAGE][PASSED] - Object: 'Object Repository/Выполнение бизнес-плана/Фильтр ДЗО' is clicked on

31-03-2025T12:23:31 - [TEST_STEP][PASSED] - click(findTestObject("Выполнение бизнес-плана/Снять выделение в фильтре ДЗО")): Object: 'Object Repository/Выполнение бизнес-плана/Снять выделение в фильтре ДЗО' is clicked on

31-03-2025T12:23:31 - [MESSAGE][PASSED] - Object: 'Object Repository/Выполнение бизнес-плана/Снять выделение в фильтре ДЗО' is clicked on

31-03-2025T12:23:31 - [TEST_STEP][PASSED] - Script1718980020443.CloseFilter(): null

31-03-2025T12:23:31 - [TEST_STEP][PASSED] - scrollToElement(findTestObject("Выполнение бизнес-плана/Заголовок дашборда"), 30): Scroll to object 'Object Repository/Выполнение бизнес-плана/Заголовок дашборда' successfully

31-03-2025T12:23:32 - [MESSAGE][PASSED] - Scroll to object 'Object Repository/Выполнение бизнес-плана/Заголовок дашборда' successfully

31-03-2025T12:23:32 - [TEST_STEP][PASSED] - click(findTestObject("Object Repository/Выполнение бизнес-плана/Применить в фильтре ДЗО")): Object: 'Object Repository/Выполнение бизнес-плана/Применить в фильтре ДЗО' is clicked on

31-03-2025T12:23:33 - [MESSAGE][PASSED] - Object: 'Object Repository/Выполнение бизнес-плана/Применить в фильтре ДЗО' is clicked on

31-03-2025T12:23:33 - [TEST_STEP][PASSED] - delay(60): Delayed 60 second(s)

31-03-2025T12:24:33 - [MESSAGE][PASSED] - Delayed 60 second(s)

31-03-2025T12:24:33 - [TEST_STEP][PASSED] - if (a == 82): null

31-03-2025T12:24:33 - [TEST_STEP][PASSED] - println(dzoNum): null

31-03-2025T12:24:33 - [TEST_STEP][PASSED] - dZO = "Россети Центр (ГК)": null

31-03-2025T12:24:33 - [TEST_STEP][PASSED] - a = 1: null

31-03-2025T12:24:33 - [TEST_STEP][PASSED] - if (x1.contains("Центр (ГК)") || x1.contains("Центр(ГК)")): null

31-03-2025T12:24:33 - [TEST_STEP][PASSED] - else: null

31-03-2025T12:24:33 - [TEST_STEP][PASSED] - Script1718980020443.NoData(a, typeOfData, todaysDate, fileInt, fileDouble, dZO): null

31-03-2025T12:24:33 - [TEST_STEP][PASSED] - println(a): null

31-03-2025T12:24:33 - [TEST_STEP][PASSED] - println(todaysDate): null

31-03-2025T12:24:33 - [TEST_STEP][PASSED] - println(fileInt): null

31-03-2025T12:24:33 - [TEST_STEP][PASSED] - println(fileDouble): null

31-03-2025T12:24:33 - [TEST_STEP][PASSED] - println(dZO): null

31-03-2025T12:24:33 - [TEST_STEP][PASSED] - typeOfData = "Факт Отпуск в сеть": null

31-03-2025T12:24:33 - [TEST_STEP][PASSED] - fileInt = replaceAll("\s+", "").toInteger(): null

31-03-2025T12:24:33 - [TEST_STEP][PASSED] - Script1718980020443.WriteToExcelNoData(a, typeOfData, todaysDate, fileInt, fileDouble, dZO): null

31-03-2025T12:24:33 - [TEST_STEP][PASSED] - sheetName = "Sheet1": null

31-03-2025T12:24:33 - [TEST_STEP][PASSED] - data = findTestData("PlanFact"): null

31-03-2025T12:24:33 - [TEST_STEP][PASSED] - n = data.getRowNumbers() + 1: null

31-03-2025T12:24:33 - [TEST_STEP][PASSED] - day = ")).toInteger(): null

31-03-2025T12:24:33 - [TEST_STEP][PASSED] - println(day): null

31-03-2025T12:24:33 - [TEST_STEP][PASSED] - month = ")).toInteger(): null

31-03-2025T12:24:33 - [TEST_STEP][PASSED] - println(month): null

31-03-2025T12:24:33 - [TEST_STEP][PASSED] - y = <not implemented yet for class: org.codehaus.groovy.ast.expr.EmptyExpression>: null

31-03-2025T12:24:33 - [TEST_STEP][PASSED] - iy = <not implemented yet for class: org.codehaus.groovy.ast.expr.EmptyExpression>: null

31-03-2025T12:24:33 - [TEST_STEP][PASSED] - m = getText(findTestObject("Выполнение бизнес-плана/Период")): Text of object 'Object Repository/Выполнение бизнес-плана/Период' is: 'Январь 2025 года'

31-03-2025T12:24:33 - [MESSAGE][PASSED] - Text of object 'Object Repository/Выполнение бизнес-плана/Период' is: 'Январь 2025 года'

31-03-2025T12:24:33 - [TEST_STEP][PASSED] - iy = m.indexOf("20"): null

31-03-2025T12:24:33 - [TEST_STEP][PASSED] - if (iy > -1): null

31-03-2025T12:24:33 - [TEST_STEP][PASSED] - y = substring(iy, iy + 4).toInteger(): null

31-03-2025T12:24:33 - [TEST_STEP][PASSED] - println(y): null

31-03-2025T12:24:33 - [TEST_STEP][PASSED] - if (toString().length() == 4): null

31-03-2025T12:24:33 - [TEST_STEP][PASSED] - m = m.substring(0, m.indexOf(y.toString())): null

31-03-2025T12:24:33 - [TEST_STEP][PASSED] - m = m.trim(): null

31-03-2025T12:24:33 - [TEST_STEP][PASSED] - if (m == ""): null

31-03-2025T12:24:33 - [TEST_STEP][PASSED] - dashboardName = "Выполнение бизнес-плана": null

31-03-2025T12:24:33 - [TEST_STEP][PASSED] - workbook01 = getWorkbook(excelFilePath): null

31-03-2025T12:24:33 - [TEST_STEP][PASSED] - sheet01 = getExcelSheet(workbook01, sheetName): null

31-03-2025T12:24:33 - [TEST_STEP][PASSED] - setValueToCellByIndex(sheet01, n, 0, dashboardName): null

31-03-2025T12:24:33 - [TEST_STEP][PASSED] - setValueToCellByIndex(sheet01, n, 1, dZO): null

31-03-2025T12:24:33 - [TEST_STEP][PASSED] - setValueToCellByIndex(sheet01, n, 2, typeOfData): null

31-03-2025T12:24:33 - [TEST_STEP][PASSED] - if (typeOfData == "Факт в процентах" || typeOfData == "План в процентах"): null

31-03-2025T12:24:33 - [TEST_STEP][PASSED] - else: null

31-03-2025T12:24:33 - [TEST_STEP][PASSED] - setValueToCellByIndex(sheet01, n, 3, fileInt): null

31-03-2025T12:24:33 - [TEST_STEP][PASSED] - setValueToCellByIndex(sheet01, n, 4, "нет данных"): null

31-03-2025T12:24:33 - [TEST_STEP][PASSED] - setValueToCellByIndex(sheet01, n, 5, m): null

31-03-2025T12:24:33 - [TEST_STEP][PASSED] - setValueToCellByIndex(sheet01, n, 6, y): null

31-03-2025T12:24:33 - [TEST_STEP][PASSED] - setValueToCellByIndex(sheet01, n, 7, todaysDate): null

31-03-2025T12:24:33 - [TEST_STEP][PASSED] - n = n + 1: null

31-03-2025T12:24:33 - [TEST_STEP][PASSED] - saveWorkbook(excelFilePath, workbook01): null

31-03-2025T12:24:33 - [TEST_STEP][PASSED] - typeOfData = "Факт Потери": null

31-03-2025T12:24:33 - [TEST_STEP][PASSED] - fileInt = replaceAll("\s+", "").toInteger(): null

31-03-2025T12:24:33 - [TEST_STEP][PASSED] - Script1718980020443.WriteToExcelNoData(a, typeOfData, todaysDate, fileInt, fileDouble, dZO): null

31-03-2025T12:24:33 - [TEST_STEP][PASSED] - sheetName = "Sheet1": null

31-03-2025T12:24:33 - [TEST_STEP][PASSED] - data = findTestData("PlanFact"): null

31-03-2025T12:24:33 - [TEST_STEP][PASSED] - n = data.getRowNumbers() + 1: null

31-03-2025T12:24:33 - [TEST_STEP][PASSED] - day = ")).toInteger(): null

31-03-2025T12:24:33 - [TEST_STEP][PASSED] - println(day): null

31-03-2025T12:24:33 - [TEST_STEP][PASSED] - month = ")).toInteger(): null

31-03-2025T12:24:33 - [TEST_STEP][PASSED] - println(month): null

31-03-2025T12:24:33 - [TEST_STEP][PASSED] - y = <not implemented yet for class: org.codehaus.groovy.ast.expr.EmptyExpression>: null

31-03-2025T12:24:33 - [TEST_STEP][PASSED] - iy = <not implemented yet for class: org.codehaus.groovy.ast.expr.EmptyExpression>: null

31-03-2025T12:24:33 - [TEST_STEP][PASSED] - m = getText(findTestObject("Выполнение бизнес-плана/Период")): Text of object 'Object Repository/Выполнение бизнес-плана/Период' is: 'Январь 2025 года'

31-03-2025T12:24:34 - [MESSAGE][PASSED] - Text of object 'Object Repository/Выполнение бизнес-плана/Период' is: 'Январь 2025 года'

31-03-2025T12:24:34 - [TEST_STEP][PASSED] - iy = m.indexOf("20"): null

31-03-2025T12:24:34 - [TEST_STEP][PASSED] - if (iy > -1): null

31-03-2025T12:24:34 - [TEST_STEP][PASSED] - y = substring(iy, iy + 4).toInteger(): null

31-03-2025T12:24:34 - [TEST_STEP][PASSED] - println(y): null

31-03-2025T12:24:34 - [TEST_STEP][PASSED] - if (toString().length() == 4): null

31-03-2025T12:24:34 - [TEST_STEP][PASSED] - m = m.substring(0, m.indexOf(y.toString())): null

31-03-2025T12:24:34 - [TEST_STEP][PASSED] - m = m.trim(): null

31-03-2025T12:24:34 - [TEST_STEP][PASSED] - if (m == ""): null

31-03-2025T12:24:34 - [TEST_STEP][PASSED] - dashboardName = "Выполнение бизнес-плана": null

31-03-2025T12:24:34 - [TEST_STEP][PASSED] - workbook01 = getWorkbook(excelFilePath): null

31-03-2025T12:24:34 - [TEST_STEP][PASSED] - sheet01 = getExcelSheet(workbook01, sheetName): null

31-03-2025T12:24:34 - [TEST_STEP][PASSED] - setValueToCellByIndex(sheet01, n, 0, dashboardName): null

31-03-2025T12:24:34 - [TEST_STEP][PASSED] - setValueToCellByIndex(sheet01, n, 1, dZO): null

31-03-2025T12:24:34 - [TEST_STEP][PASSED] - setValueToCellByIndex(sheet01, n, 2, typeOfData): null

31-03-2025T12:24:34 - [TEST_STEP][PASSED] - if (typeOfData == "Факт в процентах" || typeOfData == "План в процентах"): null

31-03-2025T12:24:34 - [TEST_STEP][PASSED] - else: null

31-03-2025T12:24:34 - [TEST_STEP][PASSED] - setValueToCellByIndex(sheet01, n, 3, fileInt): null

31-03-2025T12:24:34 - [TEST_STEP][PASSED] - setValueToCellByIndex(sheet01, n, 4, "нет данных"): null

31-03-2025T12:24:34 - [TEST_STEP][PASSED] - setValueToCellByIndex(sheet01, n, 5, m): null

31-03-2025T12:24:34 - [TEST_STEP][PASSED] - setValueToCellByIndex(sheet01, n, 6, y): null

31-03-2025T12:24:34 - [TEST_STEP][PASSED] - setValueToCellByIndex(sheet01, n, 7, todaysDate): null

31-03-2025T12:24:34 - [TEST_STEP][PASSED] - n = n + 1: null

31-03-2025T12:24:34 - [TEST_STEP][PASSED] - saveWorkbook(excelFilePath, workbook01): null

31-03-2025T12:24:34 - [TEST_STEP][PASSED] - typeOfData = "План Отпуск в сеть": null

31-03-2025T12:24:34 - [TEST_STEP][PASSED] - fileInt = replaceAll("\s+", "").toInteger(): null

31-03-2025T12:24:34 - [TEST_STEP][PASSED] - Script1718980020443.WriteToExcelNoData(a, typeOfData, todaysDate, fileInt, fileDouble, dZO): null

31-03-2025T12:24:34 - [TEST_STEP][PASSED] - sheetName = "Sheet1": null

31-03-2025T12:24:34 - [TEST_STEP][PASSED] - data = findTestData("PlanFact"): null

31-03-2025T12:24:34 - [TEST_STEP][PASSED] - n = data.getRowNumbers() + 1: null

31-03-2025T12:24:34 - [TEST_STEP][PASSED] - day = ")).toInteger(): null

31-03-2025T12:24:34 - [TEST_STEP][PASSED] - println(day): null

31-03-2025T12:24:34 - [TEST_STEP][PASSED] - month = ")).toInteger(): null

31-03-2025T12:24:34 - [TEST_STEP][PASSED] - println(month): null

31-03-2025T12:24:34 - [TEST_STEP][PASSED] - y = <not implemented yet for class: org.codehaus.groovy.ast.expr.EmptyExpression>: null

31-03-2025T12:24:34 - [TEST_STEP][PASSED] - iy = <not implemented yet for class: org.codehaus.groovy.ast.expr.EmptyExpression>: null

31-03-2025T12:24:34 - [TEST_STEP][PASSED] - m = getText(findTestObject("Выполнение бизнес-плана/Период")): Text of object 'Object Repository/Выполнение бизнес-плана/Период' is: 'Январь 2025 года'

31-03-2025T12:24:35 - [MESSAGE][PASSED] - Text of object 'Object Repository/Выполнение бизнес-плана/Период' is: 'Январь 2025 года'

31-03-2025T12:24:35 - [TEST_STEP][PASSED] - iy = m.indexOf("20"): null

31-03-2025T12:24:35 - [TEST_STEP][PASSED] - if (iy > -1): null

31-03-2025T12:24:35 - [TEST_STEP][PASSED] - y = substring(iy, iy + 4).toInteger(): null

31-03-2025T12:24:35 - [TEST_STEP][PASSED] - println(y): null

31-03-2025T12:24:35 - [TEST_STEP][PASSED] - if (toString().length() == 4): null

31-03-2025T12:24:35 - [TEST_STEP][PASSED] - m = m.substring(0, m.indexOf(y.toString())): null

31-03-2025T12:24:35 - [TEST_STEP][PASSED] - m = m.trim(): null

31-03-2025T12:24:35 - [TEST_STEP][PASSED] - if (m == ""): null

31-03-2025T12:24:35 - [TEST_STEP][PASSED] - dashboardName = "Выполнение бизнес-плана": null

31-03-2025T12:24:35 - [TEST_STEP][PASSED] - workbook01 = getWorkbook(excelFilePath): null

31-03-2025T12:24:35 - [TEST_STEP][PASSED] - sheet01 = getExcelSheet(workbook01, sheetName): null

31-03-2025T12:24:35 - [TEST_STEP][PASSED] - setValueToCellByIndex(sheet01, n, 0, dashboardName): null

31-03-2025T12:24:35 - [TEST_STEP][PASSED] - setValueToCellByIndex(sheet01, n, 1, dZO): null

31-03-2025T12:24:35 - [TEST_STEP][PASSED] - setValueToCellByIndex(sheet01, n, 2, typeOfData): null

31-03-2025T12:24:35 - [TEST_STEP][PASSED] - if (typeOfData == "Факт в процентах" || typeOfData == "План в процентах"): null

31-03-2025T12:24:35 - [TEST_STEP][PASSED] - else: null

31-03-2025T12:24:35 - [TEST_STEP][PASSED] - setValueToCellByIndex(sheet01, n, 3, fileInt): null

31-03-2025T12:24:35 - [TEST_STEP][PASSED] - setValueToCellByIndex(sheet01, n, 4, "нет данных"): null

31-03-2025T12:24:35 - [TEST_STEP][PASSED] - setValueToCellByIndex(sheet01, n, 5, m): null

31-03-2025T12:24:35 - [TEST_STEP][PASSED] - setValueToCellByIndex(sheet01, n, 6, y): null

31-03-2025T12:24:35 - [TEST_STEP][PASSED] - setValueToCellByIndex(sheet01, n, 7, todaysDate): null

31-03-2025T12:24:35 - [TEST_STEP][PASSED] - n = n + 1: null

31-03-2025T12:24:35 - [TEST_STEP][PASSED] - saveWorkbook(excelFilePath, workbook01): null

31-03-2025T12:24:35 - [TEST_STEP][PASSED] - typeOfData = "План Потери": null

31-03-2025T12:24:35 - [TEST_STEP][PASSED] - fileInt = replaceAll("\s+", "").toInteger(): null

31-03-2025T12:24:35 - [TEST_STEP][PASSED] - Script1718980020443.WriteToExcelNoData(a, typeOfData, todaysDate, fileInt, fileDouble, dZO): null

31-03-2025T12:24:35 - [TEST_STEP][PASSED] - sheetName = "Sheet1": null

31-03-2025T12:24:35 - [TEST_STEP][PASSED] - data = findTestData("PlanFact"): null

31-03-2025T12:24:35 - [TEST_STEP][PASSED] - n = data.getRowNumbers() + 1: null

31-03-2025T12:24:35 - [TEST_STEP][PASSED] - day = ")).toInteger(): null

31-03-2025T12:24:35 - [TEST_STEP][PASSED] - println(day): null

31-03-2025T12:24:35 - [TEST_STEP][PASSED] - month = ")).toInteger(): null

31-03-2025T12:24:35 - [TEST_STEP][PASSED] - println(month): null

31-03-2025T12:24:35 - [TEST_STEP][PASSED] - y = <not implemented yet for class: org.codehaus.groovy.ast.expr.EmptyExpression>: null

31-03-2025T12:24:35 - [TEST_STEP][PASSED] - iy = <not implemented yet for class: org.codehaus.groovy.ast.expr.EmptyExpression>: null

31-03-2025T12:24:35 - [TEST_STEP][PASSED] - m = getText(findTestObject("Выполнение бизнес-плана/Период")): Text of object 'Object Repository/Выполнение бизнес-плана/Период' is: 'Январь 2025 года'

31-03-2025T12:24:35 - [MESSAGE][PASSED] - Text of object 'Object Repository/Выполнение бизнес-плана/Период' is: 'Январь 2025 года'

31-03-2025T12:24:35 - [TEST_STEP][PASSED] - iy = m.indexOf("20"): null

31-03-2025T12:24:35 - [TEST_STEP][PASSED] - if (iy > -1): null

31-03-2025T12:24:35 - [TEST_STEP][PASSED] - y = substring(iy, iy + 4).toInteger(): null

31-03-2025T12:24:35 - [TEST_STEP][PASSED] - println(y): null

31-03-2025T12:24:35 - [TEST_STEP][PASSED] - if (toString().length() == 4): null

31-03-2025T12:24:35 - [TEST_STEP][PASSED] - m = m.substring(0, m.indexOf(y.toString())): null

31-03-2025T12:24:35 - [TEST_STEP][PASSED] - m = m.trim(): null

31-03-2025T12:24:35 - [TEST_STEP][PASSED] - if (m == ""): null

31-03-2025T12:24:35 - [TEST_STEP][PASSED] - dashboardName = "Выполнение бизнес-плана": null

31-03-2025T12:24:35 - [TEST_STEP][PASSED] - workbook01 = getWorkbook(excelFilePath): null

31-03-2025T12:24:35 - [TEST_STEP][PASSED] - sheet01 = getExcelSheet(workbook01, sheetName): null

31-03-2025T12:24:35 - [TEST_STEP][PASSED] - setValueToCellByIndex(sheet01, n, 0, dashboardName): null

31-03-2025T12:24:35 - [TEST_STEP][PASSED] - setValueToCellByIndex(sheet01, n, 1, dZO): null

31-03-2025T12:24:35 - [TEST_STEP][PASSED] - setValueToCellByIndex(sheet01, n, 2, typeOfData): null

31-03-2025T12:24:35 - [TEST_STEP][PASSED] - if (typeOfData == "Факт в процентах" || typeOfData == "План в процентах"): null

31-03-2025T12:24:35 - [TEST_STEP][PASSED] - else: null

31-03-2025T12:24:35 - [TEST_STEP][PASSED] - setValueToCellByIndex(sheet01, n, 3, fileInt): null

31-03-2025T12:24:35 - [TEST_STEP][PASSED] - setValueToCellByIndex(sheet01, n, 4, "нет данных"): null

31-03-2025T12:24:35 - [TEST_STEP][PASSED] - setValueToCellByIndex(sheet01, n, 5, m): null

31-03-2025T12:24:35 - [TEST_STEP][PASSED] - setValueToCellByIndex(sheet01, n, 6, y): null

31-03-2025T12:24:35 - [TEST_STEP][PASSED] - setValueToCellByIndex(sheet01, n, 7, todaysDate): null

31-03-2025T12:24:35 - [TEST_STEP][PASSED] - n = n + 1: null

31-03-2025T12:24:35 - [TEST_STEP][PASSED] - saveWorkbook(excelFilePath, workbook01): null

31-03-2025T12:24:35 - [TEST_STEP][PASSED] - typeOfData = "План в процентах": null

31-03-2025T12:24:35 - [TEST_STEP][PASSED] - fileDouble = ").toDouble(): null

31-03-2025T12:24:36 - [TEST_STEP][PASSED] - Script1718980020443.WriteToExcelNoData(a, typeOfData, todaysDate, fileInt, fileDouble, dZO): null

31-03-2025T12:24:36 - [TEST_STEP][PASSED] - sheetName = "Sheet1": null

31-03-2025T12:24:36 - [TEST_STEP][PASSED] - data = findTestData("PlanFact"): null

31-03-2025T12:24:36 - [TEST_STEP][PASSED] - n = data.getRowNumbers() + 1: null

31-03-2025T12:24:36 - [TEST_STEP][PASSED] - day = ")).toInteger(): null

31-03-2025T12:24:36 - [TEST_STEP][PASSED] - println(day): null

31-03-2025T12:24:36 - [TEST_STEP][PASSED] - month = ")).toInteger(): null

31-03-2025T12:24:36 - [TEST_STEP][PASSED] - println(month): null

31-03-2025T12:24:36 - [TEST_STEP][PASSED] - y = <not implemented yet for class: org.codehaus.groovy.ast.expr.EmptyExpression>: null

31-03-2025T12:24:36 - [TEST_STEP][PASSED] - iy = <not implemented yet for class: org.codehaus.groovy.ast.expr.EmptyExpression>: null

31-03-2025T12:24:36 - [TEST_STEP][PASSED] - m = getText(findTestObject("Выполнение бизнес-плана/Период")): Text of object 'Object Repository/Выполнение бизнес-плана/Период' is: 'Январь 2025 года'

31-03-2025T12:24:36 - [MESSAGE][PASSED] - Text of object 'Object Repository/Выполнение бизнес-плана/Период' is: 'Январь 2025 года'

31-03-2025T12:24:36 - [TEST_STEP][PASSED] - iy = m.indexOf("20"): null

31-03-2025T12:24:36 - [TEST_STEP][PASSED] - if (iy > -1): null

31-03-2025T12:24:36 - [TEST_STEP][PASSED] - y = substring(iy, iy + 4).toInteger(): null

31-03-2025T12:24:36 - [TEST_STEP][PASSED] - println(y): null

31-03-2025T12:24:36 - [TEST_STEP][PASSED] - if (toString().length() == 4): null

31-03-2025T12:24:36 - [TEST_STEP][PASSED] - m = m.substring(0, m.indexOf(y.toString())): null

31-03-2025T12:24:36 - [TEST_STEP][PASSED] - m = m.trim(): null

31-03-2025T12:24:36 - [TEST_STEP][PASSED] - if (m == ""): null

31-03-2025T12:24:36 - [TEST_STEP][PASSED] - dashboardName = "Выполнение бизнес-плана": null

31-03-2025T12:24:36 - [TEST_STEP][PASSED] - workbook01 = getWorkbook(excelFilePath): null

31-03-2025T12:24:36 - [TEST_STEP][PASSED] - sheet01 = getExcelSheet(workbook01, sheetName): null

31-03-2025T12:24:36 - [TEST_STEP][PASSED] - setValueToCellByIndex(sheet01, n, 0, dashboardName): null

31-03-2025T12:24:36 - [TEST_STEP][PASSED] - setValueToCellByIndex(sheet01, n, 1, dZO): null

31-03-2025T12:24:36 - [TEST_STEP][PASSED] - setValueToCellByIndex(sheet01, n, 2, typeOfData): null

31-03-2025T12:24:36 - [TEST_STEP][PASSED] - if (typeOfData == "Факт в процентах" || typeOfData == "План в процентах"): null

31-03-2025T12:24:36 - [TEST_STEP][PASSED] - setValueToCellByIndex(sheet01, n, 3, fileDouble): null

31-03-2025T12:24:36 - [TEST_STEP][PASSED] - setValueToCellByIndex(sheet01, n, 4, "нет данных"): null

31-03-2025T12:24:36 - [TEST_STEP][PASSED] - setValueToCellByIndex(sheet01, n, 5, m): null

31-03-2025T12:24:36 - [TEST_STEP][PASSED] - setValueToCellByIndex(sheet01, n, 6, y): null

31-03-2025T12:24:36 - [TEST_STEP][PASSED] - setValueToCellByIndex(sheet01, n, 7, todaysDate): null

31-03-2025T12:24:36 - [TEST_STEP][PASSED] - n = n + 1: null

31-03-2025T12:24:36 - [TEST_STEP][PASSED] - saveWorkbook(excelFilePath, workbook01): null

31-03-2025T12:24:36 - [TEST_STEP][PASSED] - typeOfData = "Факт в процентах": null

31-03-2025T12:24:36 - [TEST_STEP][PASSED] - fileDouble = ").toDouble(): null

31-03-2025T12:24:36 - [TEST_STEP][PASSED] - Script1718980020443.WriteToExcelNoData(a, typeOfData, todaysDate, fileInt, fileDouble, dZO): null

31-03-2025T12:24:36 - [TEST_STEP][PASSED] - sheetName = "Sheet1": null

31-03-2025T12:24:36 - [TEST_STEP][PASSED] - data = findTestData("PlanFact"): null

31-03-2025T12:24:36 - [TEST_STEP][PASSED] - n = data.getRowNumbers() + 1: null

31-03-2025T12:24:36 - [TEST_STEP][PASSED] - day = ")).toInteger(): null

31-03-2025T12:24:36 - [TEST_STEP][PASSED] - println(day): null

31-03-2025T12:24:36 - [TEST_STEP][PASSED] - month = ")).toInteger(): null

31-03-2025T12:24:36 - [TEST_STEP][PASSED] - println(month): null

31-03-2025T12:24:36 - [TEST_STEP][PASSED] - y = <not implemented yet for class: org.codehaus.groovy.ast.expr.EmptyExpression>: null

31-03-2025T12:24:36 - [TEST_STEP][PASSED] - iy = <not implemented yet for class: org.codehaus.groovy.ast.expr.EmptyExpression>: null

31-03-2025T12:24:36 - [TEST_STEP][PASSED] - m = getText(findTestObject("Выполнение бизнес-плана/Период")): Text of object 'Object Repository/Выполнение бизнес-плана/Период' is: 'Январь 2025 года'

31-03-2025T12:24:37 - [MESSAGE][PASSED] - Text of object 'Object Repository/Выполнение бизнес-плана/Период' is: 'Январь 2025 года'

31-03-2025T12:24:37 - [TEST_STEP][PASSED] - iy = m.indexOf("20"): null

31-03-2025T12:24:37 - [TEST_STEP][PASSED] - if (iy > -1): null

31-03-2025T12:24:37 - [TEST_STEP][PASSED] - y = substring(iy, iy + 4).toInteger(): null

31-03-2025T12:24:37 - [TEST_STEP][PASSED] - println(y): null

31-03-2025T12:24:37 - [TEST_STEP][PASSED] - if (toString().length() == 4): null

31-03-2025T12:24:37 - [TEST_STEP][PASSED] - m = m.substring(0, m.indexOf(y.toString())): null

31-03-2025T12:24:37 - [TEST_STEP][PASSED] - m = m.trim(): null

31-03-2025T12:24:37 - [TEST_STEP][PASSED] - if (m == ""): null

31-03-2025T12:24:37 - [TEST_STEP][PASSED] - dashboardName = "Выполнение бизнес-плана": null

31-03-2025T12:24:37 - [TEST_STEP][PASSED] - workbook01 = getWorkbook(excelFilePath): null

31-03-2025T12:24:37 - [TEST_STEP][PASSED] - sheet01 = getExcelSheet(workbook01, sheetName): null

31-03-2025T12:24:37 - [TEST_STEP][PASSED] - setValueToCellByIndex(sheet01, n, 0, dashboardName): null

31-03-2025T12:24:37 - [TEST_STEP][PASSED] - setValueToCellByIndex(sheet01, n, 1, dZO): null

31-03-2025T12:24:37 - [TEST_STEP][PASSED] - setValueToCellByIndex(sheet01, n, 2, typeOfData): null

31-03-2025T12:24:37 - [TEST_STEP][PASSED] - if (typeOfData == "Факт в процентах" || typeOfData == "План в процентах"): null

31-03-2025T12:24:37 - [TEST_STEP][PASSED] - setValueToCellByIndex(sheet01, n, 3, fileDouble): null

31-03-2025T12:24:37 - [TEST_STEP][PASSED] - setValueToCellByIndex(sheet01, n, 4, "нет данных"): null

31-03-2025T12:24:37 - [TEST_STEP][PASSED] - setValueToCellByIndex(sheet01, n, 5, m): null

31-03-2025T12:24:37 - [TEST_STEP][PASSED] - setValueToCellByIndex(sheet01, n, 6, y): null

31-03-2025T12:24:37 - [TEST_STEP][PASSED] - setValueToCellByIndex(sheet01, n, 7, todaysDate): null

31-03-2025T12:24:37 - [TEST_STEP][PASSED] - n = n + 1: null

31-03-2025T12:24:37 - [TEST_STEP][PASSED] - saveWorkbook(excelFilePath, workbook01): null

31-03-2025T12:24:37 - [TEST_STEP][PASSED] - println(dzoNum): null

31-03-2025T12:24:37 - [TEST_STEP][PASSED] - dZO = "Россети Центр и Приволжье (ГК)": null

31-03-2025T12:24:37 - [TEST_STEP][PASSED] - a = 18: null

31-03-2025T12:24:37 - [TEST_STEP][PASSED] - if (x1.contains("Приволжье")): null

31-03-2025T12:24:37 - [TEST_STEP][PASSED] - else: null

31-03-2025T12:24:37 - [TEST_STEP][PASSED] - Script1718980020443.NoData(a, typeOfData, todaysDate, fileInt, fileDouble, dZO): null

31-03-2025T12:24:37 - [TEST_STEP][PASSED] - println(a): null

31-03-2025T12:24:37 - [TEST_STEP][PASSED] - println(todaysDate): null

31-03-2025T12:24:37 - [TEST_STEP][PASSED] - println(fileInt): null

31-03-2025T12:24:37 - [TEST_STEP][PASSED] - println(fileDouble): null

31-03-2025T12:24:37 - [TEST_STEP][PASSED] - println(dZO): null

31-03-2025T12:24:37 - [TEST_STEP][PASSED] - typeOfData = "Факт Отпуск в сеть": null

31-03-2025T12:24:37 - [TEST_STEP][PASSED] - fileInt = replaceAll("\s+", "").toInteger(): null

31-03-2025T12:24:37 - [TEST_STEP][PASSED] - Script1718980020443.WriteToExcelNoData(a, typeOfData, todaysDate, fileInt, fileDouble, dZO): null

31-03-2025T12:24:37 - [TEST_STEP][PASSED] - sheetName = "Sheet1": null

31-03-2025T12:24:37 - [TEST_STEP][PASSED] - data = findTestData("PlanFact"): null

31-03-2025T12:24:37 - [TEST_STEP][PASSED] - n = data.getRowNumbers() + 1: null

31-03-2025T12:24:37 - [TEST_STEP][PASSED] - day = ")).toInteger(): null

31-03-2025T12:24:37 - [TEST_STEP][PASSED] - println(day): null

31-03-2025T12:24:37 - [TEST_STEP][PASSED] - month = ")).toInteger(): null

31-03-2025T12:24:37 - [TEST_STEP][PASSED] - println(month): null

31-03-2025T12:24:37 - [TEST_STEP][PASSED] - y = <not implemented yet for class: org.codehaus.groovy.ast.expr.EmptyExpression>: null

31-03-2025T12:24:37 - [TEST_STEP][PASSED] - iy = <not implemented yet for class: org.codehaus.groovy.ast.expr.EmptyExpression>: null

31-03-2025T12:24:37 - [TEST_STEP][PASSED] - m = getText(findTestObject("Выполнение бизнес-плана/Период")): Text of object 'Object Repository/Выполнение бизнес-плана/Период' is: 'Январь 2025 года'

31-03-2025T12:24:37 - [MESSAGE][PASSED] - Text of object 'Object Repository/Выполнение бизнес-плана/Период' is: 'Январь 2025 года'

31-03-2025T12:24:37 - [TEST_STEP][PASSED] - iy = m.indexOf("20"): null

31-03-2025T12:24:37 - [TEST_STEP][PASSED] - if (iy > -1): null

31-03-2025T12:24:37 - [TEST_STEP][PASSED] - y = substring(iy, iy + 4).toInteger(): null

31-03-2025T12:24:37 - [TEST_STEP][PASSED] - println(y): null

31-03-2025T12:24:37 - [TEST_STEP][PASSED] - if (toString().length() == 4): null

31-03-2025T12:24:37 - [TEST_STEP][PASSED] - m = m.substring(0, m.indexOf(y.toString())): null

31-03-2025T12:24:37 - [TEST_STEP][PASSED] - m = m.trim(): null

31-03-2025T12:24:37 - [TEST_STEP][PASSED] - if (m == ""): null

31-03-2025T12:24:37 - [TEST_STEP][PASSED] - dashboardName = "Выполнение бизнес-плана": null

31-03-2025T12:24:37 - [TEST_STEP][PASSED] - workbook01 = getWorkbook(excelFilePath): null

31-03-2025T12:24:38 - [TEST_STEP][PASSED] - sheet01 = getExcelSheet(workbook01, sheetName): null

31-03-2025T12:24:38 - [TEST_STEP][PASSED] - setValueToCellByIndex(sheet01, n, 0, dashboardName): null

31-03-2025T12:24:38 - [TEST_STEP][PASSED] - setValueToCellByIndex(sheet01, n, 1, dZO): null

31-03-2025T12:24:38 - [TEST_STEP][PASSED] - setValueToCellByIndex(sheet01, n, 2, typeOfData): null

31-03-2025T12:24:38 - [TEST_STEP][PASSED] - if (typeOfData == "Факт в процентах" || typeOfData == "План в процентах"): null

31-03-2025T12:24:38 - [TEST_STEP][PASSED] - else: null

31-03-2025T12:24:38 - [TEST_STEP][PASSED] - setValueToCellByIndex(sheet01, n, 3, fileInt): null

31-03-2025T12:24:38 - [TEST_STEP][PASSED] - setValueToCellByIndex(sheet01, n, 4, "нет данных"): null

31-03-2025T12:24:38 - [TEST_STEP][PASSED] - setValueToCellByIndex(sheet01, n, 5, m): null

31-03-2025T12:24:38 - [TEST_STEP][PASSED] - setValueToCellByIndex(sheet01, n, 6, y): null

31-03-2025T12:24:38 - [TEST_STEP][PASSED] - setValueToCellByIndex(sheet01, n, 7, todaysDate): null

31-03-2025T12:24:38 - [TEST_STEP][PASSED] - n = n + 1: null

31-03-2025T12:24:38 - [TEST_STEP][PASSED] - saveWorkbook(excelFilePath, workbook01): null

31-03-2025T12:24:38 - [TEST_STEP][PASSED] - typeOfData = "Факт Потери": null

31-03-2025T12:24:38 - [TEST_STEP][PASSED] - fileInt = replaceAll("\s+", "").toInteger(): null

31-03-2025T12:24:38 - [TEST_STEP][PASSED] - Script1718980020443.WriteToExcelNoData(a, typeOfData, todaysDate, fileInt, fileDouble, dZO): null

31-03-2025T12:24:38 - [TEST_STEP][PASSED] - sheetName = "Sheet1": null

31-03-2025T12:24:38 - [TEST_STEP][PASSED] - data = findTestData("PlanFact"): null

31-03-2025T12:24:38 - [TEST_STEP][PASSED] - n = data.getRowNumbers() + 1: null

31-03-2025T12:24:38 - [TEST_STEP][PASSED] - day = ")).toInteger(): null

31-03-2025T12:24:38 - [TEST_STEP][PASSED] - println(day): null

31-03-2025T12:24:38 - [TEST_STEP][PASSED] - month = ")).toInteger(): null

31-03-2025T12:24:38 - [TEST_STEP][PASSED] - println(month): null

31-03-2025T12:24:38 - [TEST_STEP][PASSED] - y = <not implemented yet for class: org.codehaus.groovy.ast.expr.EmptyExpression>: null

31-03-2025T12:24:38 - [TEST_STEP][PASSED] - iy = <not implemented yet for class: org.codehaus.groovy.ast.expr.EmptyExpression>: null

31-03-2025T12:24:38 - [TEST_STEP][PASSED] - m = getText(findTestObject("Выполнение бизнес-плана/Период")): Text of object 'Object Repository/Выполнение бизнес-плана/Период' is: 'Январь 2025 года'

31-03-2025T12:24:38 - [MESSAGE][PASSED] - Text of object 'Object Repository/Выполнение бизнес-плана/Период' is: 'Январь 2025 года'

31-03-2025T12:24:38 - [TEST_STEP][PASSED] - iy = m.indexOf("20"): null

31-03-2025T12:24:38 - [TEST_STEP][PASSED] - if (iy > -1): null

31-03-2025T12:24:38 - [TEST_STEP][PASSED] - y = substring(iy, iy + 4).toInteger(): null

31-03-2025T12:24:38 - [TEST_STEP][PASSED] - println(y): null

31-03-2025T12:24:38 - [TEST_STEP][PASSED] - if (toString().length() == 4): null

31-03-2025T12:24:38 - [TEST_STEP][PASSED] - m = m.substring(0, m.indexOf(y.toString())): null

31-03-2025T12:24:38 - [TEST_STEP][PASSED] - m = m.trim(): null

31-03-2025T12:24:38 - [TEST_STEP][PASSED] - if (m == ""): null

31-03-2025T12:24:38 - [TEST_STEP][PASSED] - dashboardName = "Выполнение бизнес-плана": null

31-03-2025T12:24:38 - [TEST_STEP][PASSED] - workbook01 = getWorkbook(excelFilePath): null

31-03-2025T12:24:38 - [TEST_STEP][PASSED] - sheet01 = getExcelSheet(workbook01, sheetName): null

31-03-2025T12:24:38 - [TEST_STEP][PASSED] - setValueToCellByIndex(sheet01, n, 0, dashboardName): null

31-03-2025T12:24:38 - [TEST_STEP][PASSED] - setValueToCellByIndex(sheet01, n, 1, dZO): null

31-03-2025T12:24:38 - [TEST_STEP][PASSED] - setValueToCellByIndex(sheet01, n, 2, typeOfData): null

31-03-2025T12:24:38 - [TEST_STEP][PASSED] - if (typeOfData == "Факт в процентах" || typeOfData == "План в процентах"): null

31-03-2025T12:24:38 - [TEST_STEP][PASSED] - else: null

31-03-2025T12:24:38 - [TEST_STEP][PASSED] - setValueToCellByIndex(sheet01, n, 3, fileInt): null

31-03-2025T12:24:38 - [TEST_STEP][PASSED] - setValueToCellByIndex(sheet01, n, 4, "нет данных"): null

31-03-2025T12:24:38 - [TEST_STEP][PASSED] - setValueToCellByIndex(sheet01, n, 5, m): null

31-03-2025T12:24:38 - [TEST_STEP][PASSED] - setValueToCellByIndex(sheet01, n, 6, y): null

31-03-2025T12:24:38 - [TEST_STEP][PASSED] - setValueToCellByIndex(sheet01, n, 7, todaysDate): null

31-03-2025T12:24:38 - [TEST_STEP][PASSED] - n = n + 1: null

31-03-2025T12:24:38 - [TEST_STEP][PASSED] - saveWorkbook(excelFilePath, workbook01): null

31-03-2025T12:24:38 - [TEST_STEP][PASSED] - typeOfData = "План Отпуск в сеть": null

31-03-2025T12:24:38 - [TEST_STEP][PASSED] - fileInt = replaceAll("\s+", "").toInteger(): null

31-03-2025T12:24:39 - [TEST_STEP][PASSED] - Script1718980020443.WriteToExcelNoData(a, typeOfData, todaysDate, fileInt, fileDouble, dZO): null

31-03-2025T12:24:39 - [TEST_STEP][PASSED] - sheetName = "Sheet1": null

31-03-2025T12:24:39 - [TEST_STEP][PASSED] - data = findTestData("PlanFact"): null

31-03-2025T12:24:39 - [TEST_STEP][PASSED] - n = data.getRowNumbers() + 1: null

31-03-2025T12:24:39 - [TEST_STEP][PASSED] - day = ")).toInteger(): null

31-03-2025T12:24:39 - [TEST_STEP][PASSED] - println(day): null

31-03-2025T12:24:39 - [TEST_STEP][PASSED] - month = ")).toInteger(): null

31-03-2025T12:24:39 - [TEST_STEP][PASSED] - println(month): null

31-03-2025T12:24:39 - [TEST_STEP][PASSED] - y = <not implemented yet for class: org.codehaus.groovy.ast.expr.EmptyExpression>: null

31-03-2025T12:24:39 - [TEST_STEP][PASSED] - iy = <not implemented yet for class: org.codehaus.groovy.ast.expr.EmptyExpression>: null

31-03-2025T12:24:39 - [TEST_STEP][PASSED] - m = getText(findTestObject("Выполнение бизнес-плана/Период")): Text of object 'Object Repository/Выполнение бизнес-плана/Период' is: 'Январь 2025 года'

31-03-2025T12:24:39 - [MESSAGE][PASSED] - Text of object 'Object Repository/Выполнение бизнес-плана/Период' is: 'Январь 2025 года'

31-03-2025T12:24:39 - [TEST_STEP][PASSED] - iy = m.indexOf("20"): null

31-03-2025T12:24:39 - [TEST_STEP][PASSED] - if (iy > -1): null

31-03-2025T12:24:39 - [TEST_STEP][PASSED] - y = substring(iy, iy + 4).toInteger(): null

31-03-2025T12:24:39 - [TEST_STEP][PASSED] - println(y): null

31-03-2025T12:24:39 - [TEST_STEP][PASSED] - if (toString().length() == 4): null

31-03-2025T12:24:39 - [TEST_STEP][PASSED] - m = m.substring(0, m.indexOf(y.toString())): null

31-03-2025T12:24:39 - [TEST_STEP][PASSED] - m = m.trim(): null

31-03-2025T12:24:39 - [TEST_STEP][PASSED] - if (m == ""): null

31-03-2025T12:24:39 - [TEST_STEP][PASSED] - dashboardName = "Выполнение бизнес-плана": null

31-03-2025T12:24:39 - [TEST_STEP][PASSED] - workbook01 = getWorkbook(excelFilePath): null

31-03-2025T12:24:39 - [TEST_STEP][PASSED] - sheet01 = getExcelSheet(workbook01, sheetName): null

31-03-2025T12:24:39 - [TEST_STEP][PASSED] - setValueToCellByIndex(sheet01, n, 0, dashboardName): null

31-03-2025T12:24:39 - [TEST_STEP][PASSED] - setValueToCellByIndex(sheet01, n, 1, dZO): null

31-03-2025T12:24:39 - [TEST_STEP][PASSED] - setValueToCellByIndex(sheet01, n, 2, typeOfData): null

31-03-2025T12:24:39 - [TEST_STEP][PASSED] - if (typeOfData == "Факт в процентах" || typeOfData == "План в процентах"): null

31-03-2025T12:24:39 - [TEST_STEP][PASSED] - else: null

31-03-2025T12:24:39 - [TEST_STEP][PASSED] - setValueToCellByIndex(sheet01, n, 3, fileInt): null

31-03-2025T12:24:39 - [TEST_STEP][PASSED] - setValueToCellByIndex(sheet01, n, 4, "нет данных"): null

31-03-2025T12:24:39 - [TEST_STEP][PASSED] - setValueToCellByIndex(sheet01, n, 5, m): null

31-03-2025T12:24:39 - [TEST_STEP][PASSED] - setValueToCellByIndex(sheet01, n, 6, y): null

31-03-2025T12:24:39 - [TEST_STEP][PASSED] - setValueToCellByIndex(sheet01, n, 7, todaysDate): null

31-03-2025T12:24:39 - [TEST_STEP][PASSED] - n = n + 1: null

31-03-2025T12:24:39 - [TEST_STEP][PASSED] - saveWorkbook(excelFilePath, workbook01): null

31-03-2025T12:24:39 - [TEST_STEP][PASSED] - typeOfData = "План Потери": null

31-03-2025T12:24:39 - [TEST_STEP][PASSED] - fileInt = replaceAll("\s+", "").toInteger(): null

31-03-2025T12:24:39 - [TEST_STEP][PASSED] - Script1718980020443.WriteToExcelNoData(a, typeOfData, todaysDate, fileInt, fileDouble, dZO): null

31-03-2025T12:24:39 - [TEST_STEP][PASSED] - sheetName = "Sheet1": null

31-03-2025T12:24:39 - [TEST_STEP][PASSED] - data = findTestData("PlanFact"): null

31-03-2025T12:24:39 - [TEST_STEP][PASSED] - n = data.getRowNumbers() + 1: null

31-03-2025T12:24:39 - [TEST_STEP][PASSED] - day = ")).toInteger(): null

31-03-2025T12:24:39 - [TEST_STEP][PASSED] - println(day): null

31-03-2025T12:24:39 - [TEST_STEP][PASSED] - month = ")).toInteger(): null

31-03-2025T12:24:39 - [TEST_STEP][PASSED] - println(month): null

31-03-2025T12:24:39 - [TEST_STEP][PASSED] - y = <not implemented yet for class: org.codehaus.groovy.ast.expr.EmptyExpression>: null

31-03-2025T12:24:39 - [TEST_STEP][PASSED] - iy = <not implemented yet for class: org.codehaus.groovy.ast.expr.EmptyExpression>: null

31-03-2025T12:24:39 - [TEST_STEP][PASSED] - m = getText(findTestObject("Выполнение бизнес-плана/Период")): Text of object 'Object Repository/Выполнение бизнес-плана/Период' is: 'Январь 2025 года'

31-03-2025T12:24:40 - [MESSAGE][PASSED] - Text of object 'Object Repository/Выполнение бизнес-плана/Период' is: 'Январь 2025 года'

31-03-2025T12:24:40 - [TEST_STEP][PASSED] - iy = m.indexOf("20"): null

31-03-2025T12:24:40 - [TEST_STEP][PASSED] - if (iy > -1): null

31-03-2025T12:24:40 - [TEST_STEP][PASSED] - y = substring(iy, iy + 4).toInteger(): null

31-03-2025T12:24:40 - [TEST_STEP][PASSED] - println(y): null

31-03-2025T12:24:40 - [TEST_STEP][PASSED] - if (toString().length() == 4): null

31-03-2025T12:24:40 - [TEST_STEP][PASSED] - m = m.substring(0, m.indexOf(y.toString())): null

31-03-2025T12:24:40 - [TEST_STEP][PASSED] - m = m.trim(): null

31-03-2025T12:24:40 - [TEST_STEP][PASSED] - if (m == ""): null

31-03-2025T12:24:40 - [TEST_STEP][PASSED] - dashboardName = "Выполнение бизнес-плана": null

31-03-2025T12:24:40 - [TEST_STEP][PASSED] - workbook01 = getWorkbook(excelFilePath): null

31-03-2025T12:24:40 - [TEST_STEP][PASSED] - sheet01 = getExcelSheet(workbook01, sheetName): null

31-03-2025T12:24:40 - [TEST_STEP][PASSED] - setValueToCellByIndex(sheet01, n, 0, dashboardName): null

31-03-2025T12:24:40 - [TEST_STEP][PASSED] - setValueToCellByIndex(sheet01, n, 1, dZO): null

31-03-2025T12:24:40 - [TEST_STEP][PASSED] - setValueToCellByIndex(sheet01, n, 2, typeOfData): null

31-03-2025T12:24:40 - [TEST_STEP][PASSED] - if (typeOfData == "Факт в процентах" || typeOfData == "План в процентах"): null

31-03-2025T12:24:40 - [TEST_STEP][PASSED] - else: null

31-03-2025T12:24:40 - [TEST_STEP][PASSED] - setValueToCellByIndex(sheet01, n, 3, fileInt): null

31-03-2025T12:24:40 - [TEST_STEP][PASSED] - setValueToCellByIndex(sheet01, n, 4, "нет данных"): null

31-03-2025T12:24:40 - [TEST_STEP][PASSED] - setValueToCellByIndex(sheet01, n, 5, m): null

31-03-2025T12:24:40 - [TEST_STEP][PASSED] - setValueToCellByIndex(sheet01, n, 6, y): null

31-03-2025T12:24:40 - [TEST_STEP][PASSED] - setValueToCellByIndex(sheet01, n, 7, todaysDate): null

31-03-2025T12:24:40 - [TEST_STEP][PASSED] - n = n + 1: null

31-03-2025T12:24:40 - [TEST_STEP][PASSED] - saveWorkbook(excelFilePath, workbook01): null

31-03-2025T12:24:40 - [TEST_STEP][PASSED] - typeOfData = "План в процентах": null

31-03-2025T12:24:40 - [TEST_STEP][PASSED] - fileDouble = ").toDouble(): null

31-03-2025T12:24:40 - [TEST_STEP][PASSED] - Script1718980020443.WriteToExcelNoData(a, typeOfData, todaysDate, fileInt, fileDouble, dZO): null

31-03-2025T12:24:40 - [TEST_STEP][PASSED] - sheetName = "Sheet1": null

31-03-2025T12:24:40 - [TEST_STEP][PASSED] - data = findTestData("PlanFact"): null

31-03-2025T12:24:40 - [TEST_STEP][PASSED] - n = data.getRowNumbers() + 1: null

31-03-2025T12:24:40 - [TEST_STEP][PASSED] - day = ")).toInteger(): null

31-03-2025T12:24:40 - [TEST_STEP][PASSED] - println(day): null

31-03-2025T12:24:40 - [TEST_STEP][PASSED] - month = ")).toInteger(): null

31-03-2025T12:24:40 - [TEST_STEP][PASSED] - println(month): null

31-03-2025T12:24:40 - [TEST_STEP][PASSED] - y = <not implemented yet for class: org.codehaus.groovy.ast.expr.EmptyExpression>: null

31-03-2025T12:24:40 - [TEST_STEP][PASSED] - iy = <not implemented yet for class: org.codehaus.groovy.ast.expr.EmptyExpression>: null

31-03-2025T12:24:40 - [TEST_STEP][PASSED] - m = getText(findTestObject("Выполнение бизнес-плана/Период")): Text of object 'Object Repository/Выполнение бизнес-плана/Период' is: 'Январь 2025 года'

31-03-2025T12:24:40 - [MESSAGE][PASSED] - Text of object 'Object Repository/Выполнение бизнес-плана/Период' is: 'Январь 2025 года'

31-03-2025T12:24:40 - [TEST_STEP][PASSED] - iy = m.indexOf("20"): null

31-03-2025T12:24:40 - [TEST_STEP][PASSED] - if (iy > -1): null

31-03-2025T12:24:40 - [TEST_STEP][PASSED] - y = substring(iy, iy + 4).toInteger(): null

31-03-2025T12:24:40 - [TEST_STEP][PASSED] - println(y): null

31-03-2025T12:24:40 - [TEST_STEP][PASSED] - if (toString().length() == 4): null

31-03-2025T12:24:40 - [TEST_STEP][PASSED] - m = m.substring(0, m.indexOf(y.toString())): null

31-03-2025T12:24:40 - [TEST_STEP][PASSED] - m = m.trim(): null

31-03-2025T12:24:40 - [TEST_STEP][PASSED] - if (m == ""): null

31-03-2025T12:24:40 - [TEST_STEP][PASSED] - dashboardName = "Выполнение бизнес-плана": null

31-03-2025T12:24:40 - [TEST_STEP][PASSED] - workbook01 = getWorkbook(excelFilePath): null

31-03-2025T12:24:40 - [TEST_STEP][PASSED] - sheet01 = getExcelSheet(workbook01, sheetName): null

31-03-2025T12:24:40 - [TEST_STEP][PASSED] - setValueToCellByIndex(sheet01, n, 0, dashboardName): null

31-03-2025T12:24:40 - [TEST_STEP][PASSED] - setValueToCellByIndex(sheet01, n, 1, dZO): null

31-03-2025T12:24:40 - [TEST_STEP][PASSED] - setValueToCellByIndex(sheet01, n, 2, typeOfData): null

31-03-2025T12:24:40 - [TEST_STEP][PASSED] - if (typeOfData == "Факт в процентах" || typeOfData == "План в процентах"): null

31-03-2025T12:24:40 - [TEST_STEP][PASSED] - setValueToCellByIndex(sheet01, n, 3, fileDouble): null

31-03-2025T12:24:40 - [TEST_STEP][PASSED] - setValueToCellByIndex(sheet01, n, 4, "нет данных"): null

31-03-2025T12:24:40 - [TEST_STEP][PASSED] - setValueToCellByIndex(sheet01, n, 5, m): null

31-03-2025T12:24:40 - [TEST_STEP][PASSED] - setValueToCellByIndex(sheet01, n, 6, y): null

31-03-2025T12:24:40 - [TEST_STEP][PASSED] - setValueToCellByIndex(sheet01, n, 7, todaysDate): null

31-03-2025T12:24:40 - [TEST_STEP][PASSED] - n = n + 1: null

31-03-2025T12:24:40 - [TEST_STEP][PASSED] - saveWorkbook(excelFilePath, workbook01): null

31-03-2025T12:24:41 - [TEST_STEP][PASSED] - typeOfData = "Факт в процентах": null

31-03-2025T12:24:41 - [TEST_STEP][PASSED] - fileDouble = ").toDouble(): null

31-03-2025T12:24:41 - [TEST_STEP][PASSED] - Script1718980020443.WriteToExcelNoData(a, typeOfData, todaysDate, fileInt, fileDouble, dZO): null

31-03-2025T12:24:41 - [TEST_STEP][PASSED] - sheetName = "Sheet1": null

31-03-2025T12:24:41 - [TEST_STEP][PASSED] - data = findTestData("PlanFact"): null

31-03-2025T12:24:41 - [TEST_STEP][PASSED] - n = data.getRowNumbers() + 1: null

31-03-2025T12:24:41 - [TEST_STEP][PASSED] - day = ")).toInteger(): null

31-03-2025T12:24:41 - [TEST_STEP][PASSED] - println(day): null

31-03-2025T12:24:41 - [TEST_STEP][PASSED] - month = ")).toInteger(): null

31-03-2025T12:24:41 - [TEST_STEP][PASSED] - println(month): null

31-03-2025T12:24:41 - [TEST_STEP][PASSED] - y = <not implemented yet for class: org.codehaus.groovy.ast.expr.EmptyExpression>: null

31-03-2025T12:24:41 - [TEST_STEP][PASSED] - iy = <not implemented yet for class: org.codehaus.groovy.ast.expr.EmptyExpression>: null

31-03-2025T12:24:41 - [TEST_STEP][PASSED] - m = getText(findTestObject("Выполнение бизнес-плана/Период")): Text of object 'Object Repository/Выполнение бизнес-плана/Период' is: 'Январь 2025 года'

31-03-2025T12:24:41 - [MESSAGE][PASSED] - Text of object 'Object Repository/Выполнение бизнес-плана/Период' is: 'Январь 2025 года'

31-03-2025T12:24:41 - [TEST_STEP][PASSED] - iy = m.indexOf("20"): null

31-03-2025T12:24:41 - [TEST_STEP][PASSED] - if (iy > -1): null

31-03-2025T12:24:41 - [TEST_STEP][PASSED] - y = substring(iy, iy + 4).toInteger(): null

31-03-2025T12:24:41 - [TEST_STEP][PASSED] - println(y): null

31-03-2025T12:24:41 - [TEST_STEP][PASSED] - if (toString().length() == 4): null

31-03-2025T12:24:41 - [TEST_STEP][PASSED] - m = m.substring(0, m.indexOf(y.toString())): null

31-03-2025T12:24:41 - [TEST_STEP][PASSED] - m = m.trim(): null

31-03-2025T12:24:41 - [TEST_STEP][PASSED] - if (m == ""): null

31-03-2025T12:24:41 - [TEST_STEP][PASSED] - dashboardName = "Выполнение бизнес-плана": null

31-03-2025T12:24:41 - [TEST_STEP][PASSED] - workbook01 = getWorkbook(excelFilePath): null

31-03-2025T12:24:41 - [TEST_STEP][PASSED] - sheet01 = getExcelSheet(workbook01, sheetName): null

31-03-2025T12:24:41 - [TEST_STEP][PASSED] - setValueToCellByIndex(sheet01, n, 0, dashboardName): null

31-03-2025T12:24:41 - [TEST_STEP][PASSED] - setValueToCellByIndex(sheet01, n, 1, dZO): null

31-03-2025T12:24:41 - [TEST_STEP][PASSED] - setValueToCellByIndex(sheet01, n, 2, typeOfData): null

31-03-2025T12:24:41 - [TEST_STEP][PASSED] - if (typeOfData == "Факт в процентах" || typeOfData == "План в процентах"): null

31-03-2025T12:24:41 - [TEST_STEP][PASSED] - setValueToCellByIndex(sheet01, n, 3, fileDouble): null

31-03-2025T12:24:41 - [TEST_STEP][PASSED] - setValueToCellByIndex(sheet01, n, 4, "нет данных"): null

31-03-2025T12:24:41 - [TEST_STEP][PASSED] - setValueToCellByIndex(sheet01, n, 5, m): null

31-03-2025T12:24:41 - [TEST_STEP][PASSED] - setValueToCellByIndex(sheet01, n, 6, y): null

31-03-2025T12:24:41 - [TEST_STEP][PASSED] - setValueToCellByIndex(sheet01, n, 7, todaysDate): null

31-03-2025T12:24:41 - [TEST_STEP][PASSED] - n = n + 1: null

31-03-2025T12:24:41 - [TEST_STEP][PASSED] - saveWorkbook(excelFilePath, workbook01): null

31-03-2025T12:24:41 - [TEST_STEP][PASSED] - println(dzoNum): null

31-03-2025T12:24:41 - [TEST_STEP][PASSED] - dZO = "Россети Юг": null

31-03-2025T12:24:41 - [TEST_STEP][PASSED] - a = 59: null

31-03-2025T12:24:41 - [TEST_STEP][PASSED] - if (x1.contains("Юг")): null

31-03-2025T12:24:41 - [TEST_STEP][PASSED] - dzoNum = dzoNum + 1: null

31-03-2025T12:24:41 - [TEST_STEP][PASSED] - Script1718980020443.Numbers(a, typeOfData, todaysDate, pageInt, fileInt, pageDouble, fileDouble, dZO, dzoNum, filialNum): null

31-03-2025T12:24:41 - [TEST_STEP][PASSED] - println(dzoNum): null

31-03-2025T12:24:41 - [TEST_STEP][PASSED] - planFact = <not implemented yet for class: org.codehaus.groovy.ast.expr.EmptyExpression>: null

31-03-2025T12:24:41 - [TEST_STEP][PASSED] - page = <not implemented yet for class: org.codehaus.groovy.ast.expr.EmptyExpression>: null

31-03-2025T12:24:41 - [TEST_STEP][PASSED] - page1 = <not implemented yet for class: org.codehaus.groovy.ast.expr.EmptyExpression>: null

31-03-2025T12:24:41 - [TEST_STEP][PASSED] - page2 = <not implemented yet for class: org.codehaus.groovy.ast.expr.EmptyExpression>: null

31-03-2025T12:24:41 - [TEST_STEP][PASSED] - filialNumberInRow = <not implemented yet for class: org.codehaus.groovy.ast.expr.EmptyExpression>: null

31-03-2025T12:24:41 - [TEST_STEP][PASSED] - filialsDzoNames = <not implemented yet for class: org.codehaus.groovy.ast.expr.EmptyExpression>: null

31-03-2025T12:24:41 - [TEST_STEP][PASSED] - numberOfFilials = <not implemented yet for class: org.codehaus.groovy.ast.expr.EmptyExpression>: null

31-03-2025T12:24:41 - [TEST_STEP][PASSED] - numberOfSpaces = <not implemented yet for class: org.codehaus.groovy.ast.expr.EmptyExpression>: null

31-03-2025T12:24:41 - [TEST_STEP][PASSED] - file = <not implemented yet for class: org.codehaus.groovy.ast.expr.EmptyExpression>: null

31-03-2025T12:24:41 - [TEST_STEP][PASSED] - otpusk = <not implemented yet for class: org.codehaus.groovy.ast.expr.EmptyExpression>: null

31-03-2025T12:24:41 - [TEST_STEP][PASSED] - poteri = <not implemented yet for class: org.codehaus.groovy.ast.expr.EmptyExpression>: null

31-03-2025T12:24:41 - [TEST_STEP][PASSED] - dataFolder = "Выполнение бизнес-плана/Значения со страницы Выполнение бизнес-плана/": null

31-03-2025T12:24:41 - [TEST_STEP][PASSED] - path = <not implemented yet for class: org.codehaus.groovy.ast.expr.EmptyExpression>: null

31-03-2025T12:24:41 - [TEST_STEP][PASSED] - typeOfDataMain = <not implemented yet for class: org.codehaus.groovy.ast.expr.EmptyExpression>: null

31-03-2025T12:24:41 - [TEST_STEP][PASSED] - fileOtpuskVSet = <not implemented yet for class: org.codehaus.groovy.ast.expr.EmptyExpression>: null

31-03-2025T12:24:41 - [TEST_STEP][PASSED] - pageOtpuskVSet = <not implemented yet for class: org.codehaus.groovy.ast.expr.EmptyExpression>: null

31-03-2025T12:24:41 - [TEST_STEP][PASSED] - filePoteri = <not implemented yet for class: org.codehaus.groovy.ast.expr.EmptyExpression>: null

31-03-2025T12:24:41 - [TEST_STEP][PASSED] - pagePoteri = <not implemented yet for class: org.codehaus.groovy.ast.expr.EmptyExpression>: null

31-03-2025T12:24:41 - [TEST_STEP][PASSED] - compare = <not implemented yet for class: org.codehaus.groovy.ast.expr.EmptyExpression>: null

31-03-2025T12:24:41 - [TEST_STEP][PASSED] - b = <not implemented yet for class: org.codehaus.groovy.ast.expr.EmptyExpression>: null

31-03-2025T12:24:41 - [TEST_STEP][PASSED] - i = <not implemented yet for class: org.codehaus.groovy.ast.expr.EmptyExpression>: null

31-03-2025T12:24:41 - [TEST_STEP][PASSED] - ii = <not implemented yet for class: org.codehaus.groovy.ast.expr.EmptyExpression>: null

31-03-2025T12:24:41 - [TEST_STEP][PASSED] - c = <not implemented yet for class: org.codehaus.groovy.ast.expr.EmptyExpression>: null

31-03-2025T12:24:41 - [TEST_STEP][PASSED] - numberOfErrors = 0: null

31-03-2025T12:24:41 - [TEST_STEP][PASSED] - if (a == 82): null

31-03-2025T12:24:41 - [TEST_STEP][PASSED] - b = findTestData("PlanFact").getValue(1, a): null

31-03-2025T12:24:41 - [TEST_STEP][PASSED] - i = b.indexOf(" (ГК)"): null

31-03-2025T12:24:41 - [TEST_STEP][PASSED] - if (i > -1): null

31-03-2025T12:24:41 - [TEST_STEP][PASSED] - b = b.substring(0, i): null

31-03-2025T12:24:41 - [TEST_STEP][PASSED] - i = b.indexOf("О ""): null

31-03-2025T12:24:41 - [TEST_STEP][PASSED] - if (i > -1): null

31-03-2025T12:24:41 - [TEST_STEP][PASSED] - i = b.indexOf("О «"): null

31-03-2025T12:24:41 - [TEST_STEP][PASSED] - if (i > -1): null

31-03-2025T12:24:41 - [TEST_STEP][PASSED] - i = b.indexOf("г. "): null

31-03-2025T12:24:41 - [TEST_STEP][PASSED] - if (i > -1): null

31-03-2025T12:24:41 - [TEST_STEP][PASSED] - b = b.trim(): null

31-03-2025T12:24:41 - [TEST_STEP][PASSED] - println(b): null

31-03-2025T12:24:41 - [TEST_STEP][PASSED] - for ([planFact = 1, planFact < 3, (planFact++)]): null

31-03-2025T12:24:41 - [TEST_STEP][PASSED] - if (planFact == 1): null

31-03-2025T12:24:41 - [TEST_STEP][PASSED] - typeOfDataMain = "Факт": null

31-03-2025T12:24:41 - [TEST_STEP][PASSED] - otpusk = findTestData("PlanFact").getValue(5, a): null

31-03-2025T12:24:41 - [TEST_STEP][PASSED] - poteri = findTestData("PlanFact").getValue(6, a): null

31-03-2025T12:24:41 - [TEST_STEP][PASSED] - otpusk = otpusk.replaceAll("\s+", ""): null

31-03-2025T12:24:41 - [TEST_STEP][PASSED] - poteri = poteri.replaceAll("\s+", ""): null

31-03-2025T12:24:41 - [TEST_STEP][PASSED] - typeOfData = typeOfDataMain + " Отпуск в сеть": null

31-03-2025T12:24:41 - [TEST_STEP][PASSED] - if (a == 82): null

31-03-2025T12:24:41 - [TEST_STEP][PASSED] - else if (a == 84): null

31-03-2025T12:24:41 - [TEST_STEP][PASSED] - else if (a == 83 || a == 52 || a == 72 || a == 28 || a == 73 || a == 77 || a == 74 || a == 65 || a == 36 || a == 44 || a == 53 || a == 80 || a == 54 || a == 1 || a == 18 || a == 59 || a == 81): null

31-03-2025T12:24:41 - [TEST_STEP][PASSED] - path = dataFolder + "Table Data/" + typeOfData + " за отчётный период " + dzoNum: null

31-03-2025T12:24:41 - [TEST_STEP][PASSED] - println(path): null

31-03-2025T12:24:41 - [TEST_STEP][PASSED] - page = getText(findTestObject(path)): Text of object 'Object Repository/Выполнение бизнес-плана/Значения со страницы Выполнение бизнес-плана/Table Data/Факт Отпуск в сеть за отчётный период 7' is: '3 467 484'

31-03-2025T12:24:42 - [MESSAGE][PASSED] - Text of object 'Object Repository/Выполнение бизнес-плана/Значения со страницы Выполнение бизнес-плана/Table Data/Факт Отпуск в сеть за отчётный период 7' is: '3 467 484'

31-03-2025T12:24:42 - [TEST_STEP][PASSED] - if (page == "" || page == null): null

31-03-2025T12:24:42 - [TEST_STEP][PASSED] - else: null

31-03-2025T12:24:42 - [TEST_STEP][PASSED] - page = page.replaceAll("\s+", ""): null

31-03-2025T12:24:42 - [TEST_STEP][PASSED] - if (page == "undefined"): null

31-03-2025T12:24:42 - [TEST_STEP][PASSED] - fileOtpuskVSet = otpusk.toInteger(): null

31-03-2025T12:24:42 - [TEST_STEP][PASSED] - pageOtpuskVSet = page.toInteger(): null

31-03-2025T12:24:42 - [TEST_STEP][PASSED] - typeOfData = typeOfDataMain + " Потери": null

31-03-2025T12:24:42 - [TEST_STEP][PASSED] - if (a == 82): null

31-03-2025T12:24:42 - [TEST_STEP][PASSED] - else if (a == 84): null

31-03-2025T12:24:42 - [TEST_STEP][PASSED] - else if (a == 83 || a == 52 || a == 72 || a == 28 || a == 73 || a == 77 || a == 74 || a == 65 || a == 44 || a == 53 || a == 80 || a == 54 || a == 1 || a == 18 || a == 59 || a == 81): null

31-03-2025T12:24:42 - [TEST_STEP][PASSED] - path = dataFolder + "Table Data/" + typeOfData + " за отчётный период " + dzoNum: null

31-03-2025T12:24:42 - [TEST_STEP][PASSED] - page = getText(findTestObject(path)): Text of object 'Object Repository/Выполнение бизнес-плана/Значения со страницы Выполнение бизнес-плана/Table Data/Факт Потери за отчётный период 7' is: '2 266 831'

31-03-2025T12:24:42 - [MESSAGE][PASSED] - Text of object 'Object Repository/Выполнение бизнес-плана/Значения со страницы Выполнение бизнес-плана/Table Data/Факт Потери за отчётный период 7' is: '2 266 831'

31-03-2025T12:24:42 - [TEST_STEP][PASSED] - if (page == "" || page == null): null

31-03-2025T12:24:42 - [TEST_STEP][PASSED] - else: null

31-03-2025T12:24:42 - [TEST_STEP][PASSED] - page = page.replaceAll("\s+", ""): null

31-03-2025T12:24:42 - [TEST_STEP][PASSED] - if (page == "undefined"): null

31-03-2025T12:24:42 - [TEST_STEP][PASSED] - filePoteri = poteri.toInteger(): null

31-03-2025T12:24:42 - [TEST_STEP][PASSED] - pagePoteri = page.toInteger(): null

31-03-2025T12:24:42 - [TEST_STEP][PASSED] - compare = pageOtpuskVSet: null

31-03-2025T12:24:42 - [TEST_STEP][PASSED] - if (pageOtpuskVSet != null): null

31-03-2025T12:24:42 - [TEST_STEP][PASSED] - if (compare == fileOtpuskVSet): null

31-03-2025T12:24:42 - [TEST_STEP][PASSED] - else if (compare > fileOtpuskVSet): null

31-03-2025T12:24:42 - [TEST_STEP][PASSED] - compare = compare - 1: null

31-03-2025T12:24:42 - [TEST_STEP][PASSED] - if (compare == fileOtpuskVSet): null

31-03-2025T12:24:42 - [TEST_STEP][PASSED] - else: null

31-03-2025T12:24:42 - [TEST_STEP][PASSED] - numberOfErrors = numberOfErrors + 1: null

31-03-2025T12:24:42 - [TEST_STEP][PASSED] - pageInt = pageOtpuskVSet: null

31-03-2025T12:24:42 - [TEST_STEP][PASSED] - fileInt = fileOtpuskVSet: null

31-03-2025T12:24:42 - [TEST_STEP][PASSED] - typeOfData = typeOfDataMain + " Отпуск в сеть": null

31-03-2025T12:24:42 - [TEST_STEP][PASSED] - Script1718980020443.WriteToExcel(a, typeOfData, todaysDate, pageInt, fileInt, pageDouble, fileDouble, dZO): null

31-03-2025T12:24:42 - [TEST_STEP][PASSED] - sheetName = "Sheet1": null

31-03-2025T12:24:42 - [TEST_STEP][PASSED] - data = findTestData("PlanFact"): null

31-03-2025T12:24:42 - [TEST_STEP][PASSED] - n = data.getRowNumbers() + 1: null

31-03-2025T12:24:42 - [TEST_STEP][PASSED] - day = ")).toInteger(): null

31-03-2025T12:24:42 - [TEST_STEP][PASSED] - println(day): null

31-03-2025T12:24:42 - [TEST_STEP][PASSED] - month = ")).toInteger(): null

31-03-2025T12:24:42 - [TEST_STEP][PASSED] - println(month): null

31-03-2025T12:24:42 - [TEST_STEP][PASSED] - y = <not implemented yet for class: org.codehaus.groovy.ast.expr.EmptyExpression>: null

31-03-2025T12:24:42 - [TEST_STEP][PASSED] - iy = <not implemented yet for class: org.codehaus.groovy.ast.expr.EmptyExpression>: null

31-03-2025T12:24:42 - [TEST_STEP][PASSED] - m = getText(findTestObject("Выполнение бизнес-плана/Период")): Text of object 'Object Repository/Выполнение бизнес-плана/Период' is: 'Январь 2025 года'

31-03-2025T12:24:42 - [MESSAGE][PASSED] - Text of object 'Object Repository/Выполнение бизнес-плана/Период' is: 'Январь 2025 года'

31-03-2025T12:24:42 - [TEST_STEP][PASSED] - iy = m.indexOf("20"): null

31-03-2025T12:24:42 - [TEST_STEP][PASSED] - if (iy > -1): null

31-03-2025T12:24:42 - [TEST_STEP][PASSED] - y = substring(iy, iy + 4).toInteger(): null

31-03-2025T12:24:42 - [TEST_STEP][PASSED] - println(y): null

31-03-2025T12:24:42 - [TEST_STEP][PASSED] - if (toString().length() == 4): null

31-03-2025T12:24:42 - [TEST_STEP][PASSED] - m = m.substring(0, m.indexOf(y.toString())): null

31-03-2025T12:24:42 - [TEST_STEP][PASSED] - m = m.trim(): null

31-03-2025T12:24:42 - [TEST_STEP][PASSED] - if (m == ""): null

31-03-2025T12:24:42 - [TEST_STEP][PASSED] - dashboardName = "Выполнение бизнес-плана": null

31-03-2025T12:24:42 - [TEST_STEP][PASSED] - workbook01 = getWorkbook(excelFilePath): null

31-03-2025T12:24:43 - [TEST_STEP][PASSED] - sheet01 = getExcelSheet(workbook01, sheetName): null

31-03-2025T12:24:43 - [TEST_STEP][PASSED] - setValueToCellByIndex(sheet01, n, 0, dashboardName): null

31-03-2025T12:24:43 - [TEST_STEP][PASSED] - setValueToCellByIndex(sheet01, n, 1, dZO): null

31-03-2025T12:24:43 - [TEST_STEP][PASSED] - setValueToCellByIndex(sheet01, n, 2, typeOfData): null

31-03-2025T12:24:43 - [TEST_STEP][PASSED] - if (typeOfData == "Факт в процентах" || typeOfData == "План в процентах"): null

31-03-2025T12:24:43 - [TEST_STEP][PASSED] - else: null

31-03-2025T12:24:43 - [TEST_STEP][PASSED] - setValueToCellByIndex(sheet01, n, 3, fileInt): null

31-03-2025T12:24:43 - [TEST_STEP][PASSED] - setValueToCellByIndex(sheet01, n, 4, pageInt): null

31-03-2025T12:24:43 - [TEST_STEP][PASSED] - setValueToCellByIndex(sheet01, n, 5, m): null

31-03-2025T12:24:43 - [TEST_STEP][PASSED] - setValueToCellByIndex(sheet01, n, 6, y): null

31-03-2025T12:24:43 - [TEST_STEP][PASSED] - setValueToCellByIndex(sheet01, n, 7, todaysDate): null

31-03-2025T12:24:43 - [TEST_STEP][PASSED] - n = n + 1: null

31-03-2025T12:24:43 - [TEST_STEP][PASSED] - saveWorkbook(excelFilePath, workbook01): null

31-03-2025T12:24:43 - [TEST_STEP][PASSED] - compare = pagePoteri: null

31-03-2025T12:24:43 - [TEST_STEP][PASSED] - if (pageOtpuskVSet != null): null

31-03-2025T12:24:43 - [TEST_STEP][PASSED] - if (compare == filePoteri): null

31-03-2025T12:24:43 - [TEST_STEP][PASSED] - else if (compare > filePoteri): null

31-03-2025T12:24:43 - [TEST_STEP][PASSED] - compare = compare - 1: null

31-03-2025T12:24:43 - [TEST_STEP][PASSED] - if (compare == filePoteri): null

31-03-2025T12:24:43 - [TEST_STEP][PASSED] - else: null

31-03-2025T12:24:43 - [TEST_STEP][PASSED] - numberOfErrors = numberOfErrors + 1: null

31-03-2025T12:24:43 - [TEST_STEP][PASSED] - pageInt = pagePoteri: null

31-03-2025T12:24:43 - [TEST_STEP][PASSED] - fileInt = filePoteri: null

31-03-2025T12:24:43 - [TEST_STEP][PASSED] - typeOfData = typeOfDataMain + " Потери": null

31-03-2025T12:24:43 - [TEST_STEP][PASSED] - Script1718980020443.WriteToExcel(a, typeOfData, todaysDate, pageInt, fileInt, pageDouble, fileDouble, dZO): null

31-03-2025T12:24:43 - [TEST_STEP][PASSED] - sheetName = "Sheet1": null

31-03-2025T12:24:43 - [TEST_STEP][PASSED] - data = findTestData("PlanFact"): null

31-03-2025T12:24:43 - [TEST_STEP][PASSED] - n = data.getRowNumbers() + 1: null

31-03-2025T12:24:43 - [TEST_STEP][PASSED] - day = ")).toInteger(): null

31-03-2025T12:24:43 - [TEST_STEP][PASSED] - println(day): null

31-03-2025T12:24:43 - [TEST_STEP][PASSED] - month = ")).toInteger(): null

31-03-2025T12:24:43 - [TEST_STEP][PASSED] - println(month): null

31-03-2025T12:24:43 - [TEST_STEP][PASSED] - y = <not implemented yet for class: org.codehaus.groovy.ast.expr.EmptyExpression>: null

31-03-2025T12:24:43 - [TEST_STEP][PASSED] - iy = <not implemented yet for class: org.codehaus.groovy.ast.expr.EmptyExpression>: null

31-03-2025T12:24:43 - [TEST_STEP][PASSED] - m = getText(findTestObject("Выполнение бизнес-плана/Период")): Text of object 'Object Repository/Выполнение бизнес-плана/Период' is: 'Январь 2025 года'

31-03-2025T12:24:43 - [MESSAGE][PASSED] - Text of object 'Object Repository/Выполнение бизнес-плана/Период' is: 'Январь 2025 года'

31-03-2025T12:24:43 - [TEST_STEP][PASSED] - iy = m.indexOf("20"): null

31-03-2025T12:24:43 - [TEST_STEP][PASSED] - if (iy > -1): null

31-03-2025T12:24:43 - [TEST_STEP][PASSED] - y = substring(iy, iy + 4).toInteger(): null

31-03-2025T12:24:43 - [TEST_STEP][PASSED] - println(y): null

31-03-2025T12:24:43 - [TEST_STEP][PASSED] - if (toString().length() == 4): null

31-03-2025T12:24:43 - [TEST_STEP][PASSED] - m = m.substring(0, m.indexOf(y.toString())): null

31-03-2025T12:24:43 - [TEST_STEP][PASSED] - m = m.trim(): null

31-03-2025T12:24:43 - [TEST_STEP][PASSED] - if (m == ""): null

31-03-2025T12:24:43 - [TEST_STEP][PASSED] - dashboardName = "Выполнение бизнес-плана": null

31-03-2025T12:24:43 - [TEST_STEP][PASSED] - workbook01 = getWorkbook(excelFilePath): null

31-03-2025T12:24:43 - [TEST_STEP][PASSED] - sheet01 = getExcelSheet(workbook01, sheetName): null

31-03-2025T12:24:43 - [TEST_STEP][PASSED] - setValueToCellByIndex(sheet01, n, 0, dashboardName): null

31-03-2025T12:24:43 - [TEST_STEP][PASSED] - setValueToCellByIndex(sheet01, n, 1, dZO): null

31-03-2025T12:24:43 - [TEST_STEP][PASSED] - setValueToCellByIndex(sheet01, n, 2, typeOfData): null

31-03-2025T12:24:43 - [TEST_STEP][PASSED] - if (typeOfData == "Факт в процентах" || typeOfData == "План в процентах"): null

31-03-2025T12:24:43 - [TEST_STEP][PASSED] - else: null

31-03-2025T12:24:43 - [TEST_STEP][PASSED] - setValueToCellByIndex(sheet01, n, 3, fileInt): null

31-03-2025T12:24:43 - [TEST_STEP][PASSED] - setValueToCellByIndex(sheet01, n, 4, pageInt): null

31-03-2025T12:24:43 - [TEST_STEP][PASSED] - setValueToCellByIndex(sheet01, n, 5, m): null

31-03-2025T12:24:43 - [TEST_STEP][PASSED] - setValueToCellByIndex(sheet01, n, 6, y): null

31-03-2025T12:24:43 - [TEST_STEP][PASSED] - setValueToCellByIndex(sheet01, n, 7, todaysDate): null

31-03-2025T12:24:43 - [TEST_STEP][PASSED] - n = n + 1: null

31-03-2025T12:24:43 - [TEST_STEP][FAILED] - saveWorkbook(excelFilePath, workbook01): null

31-03-2025T12:24:43 - [TEST_STEP][PASSED] - if (planFact == 2): null

31-03-2025T12:24:43 - [TEST_STEP][PASSED] - if (planFact == 1): null

31-03-2025T12:24:43 - [TEST_STEP][PASSED] - else if (planFact == 2): null

31-03-2025T12:24:43 - [TEST_STEP][PASSED] - click(findTestObject("Выполнение бизнес-плана/Кнопка План")): Object: 'Object Repository/Выполнение бизнес-плана/Кнопка План' is clicked on

31-03-2025T12:24:44 - [MESSAGE][PASSED] - Object: 'Object Repository/Выполнение бизнес-плана/Кнопка План' is clicked on

31-03-2025T12:24:44 - [TEST_STEP][PASSED] - typeOfDataMain = "План": null

31-03-2025T12:24:44 - [TEST_STEP][PASSED] - otpusk = findTestData("PlanFact").getValue(2, a): null

31-03-2025T12:24:44 - [TEST_STEP][PASSED] - poteri = findTestData("PlanFact").getValue(3, a): null

31-03-2025T12:24:44 - [TEST_STEP][PASSED] - otpusk = otpusk.replaceAll("\s+", ""): null

31-03-2025T12:24:44 - [TEST_STEP][PASSED] - poteri = poteri.replaceAll("\s+", ""): null

31-03-2025T12:24:44 - [TEST_STEP][PASSED] - typeOfData = typeOfDataMain + " Отпуск в сеть": null

31-03-2025T12:24:44 - [TEST_STEP][PASSED] - if (a == 82): null

31-03-2025T12:24:44 - [TEST_STEP][PASSED] - else if (a == 84): null

31-03-2025T12:24:44 - [TEST_STEP][PASSED] - else if (a == 83 || a == 52 || a == 72 || a == 28 || a == 73 || a == 77 || a == 74 || a == 65 || a == 36 || a == 44 || a == 53 || a == 80 || a == 54 || a == 1 || a == 18 || a == 59 || a == 81): null

31-03-2025T12:24:44 - [TEST_STEP][PASSED] - path = dataFolder + "Table Data/" + typeOfData + " за отчётный период " + dzoNum: null

31-03-2025T12:24:44 - [TEST_STEP][PASSED] - println(path): null

31-03-2025T12:24:44 - [TEST_STEP][PASSED] - page = getText(findTestObject(path)): Text of object 'Object Repository/Выполнение бизнес-плана/Значения со страницы Выполнение бизнес-плана/Table Data/План Отпуск в сеть за отчётный период 7' is: '3 760 351'

31-03-2025T12:24:44 - [MESSAGE][PASSED] - Text of object 'Object Repository/Выполнение бизнес-плана/Значения со страницы Выполнение бизнес-плана/Table Data/План Отпуск в сеть за отчётный период 7' is: '3 760 351'

31-03-2025T12:24:44 - [TEST_STEP][PASSED] - if (page == "" || page == null): null

31-03-2025T12:24:44 - [TEST_STEP][PASSED] - else: null

31-03-2025T12:24:44 - [TEST_STEP][PASSED] - page = page.replaceAll("\s+", ""): null

31-03-2025T12:24:44 - [TEST_STEP][PASSED] - if (page == "undefined"): null

31-03-2025T12:24:44 - [TEST_STEP][PASSED] - fileOtpuskVSet = otpusk.toInteger(): null

31-03-2025T12:24:44 - [TEST_STEP][PASSED] - pageOtpuskVSet = page.toInteger(): null

31-03-2025T12:24:44 - [TEST_STEP][PASSED] - typeOfData = typeOfDataMain + " Потери": null

31-03-2025T12:24:44 - [TEST_STEP][PASSED] - if (a == 82): null

31-03-2025T12:24:44 - [TEST_STEP][PASSED] - else if (a == 84): null

31-03-2025T12:24:44 - [TEST_STEP][PASSED] - else if (a == 83 || a == 52 || a == 72 || a == 28 || a == 73 || a == 77 || a == 74 || a == 65 || a == 44 || a == 53 || a == 80 || a == 54 || a == 1 || a == 18 || a == 59 || a == 81): null

31-03-2025T12:24:44 - [TEST_STEP][PASSED] - path = dataFolder + "Table Data/" + typeOfData + " за отчётный период " + dzoNum: null

31-03-2025T12:24:44 - [TEST_STEP][FAILED] - page = getText(findTestObject(path)): Unable to get text of object 'Object Repository/Выполнение бизнес-плана/Значения со страницы Выполнение бизнес-плана/Table Data/План Потери за отчётный период 7' (Root cause: com.kms.katalon.core.exception.StepFailedException: Unable to get text of object 'Object Repository/Выполнение бизнес-плана/Значения со страницы Выполнение бизнес-плана/Table Data/План Потери за отчётный период 7'
	at com.kms.katalon.core.webui.keyword.internal.WebUIKeywordMain.stepFailed(WebUIKeywordMain.groovy:64)
	at com.kms.katalon.core.webui.keyword.internal.WebUIKeywordMain.runKeyword(WebUIKeywordMain.groovy:26)
	at com.kms.katalon.core.webui.keyword.builtin.GetTextKeyword.getText(GetTextKeyword.groovy:88)
	at com.kms.katalon.core.webui.keyword.builtin.GetTextKeyword.execute(GetTextKeyword.groovy:67)
	at com.kms.katalon.core.keyword.internal.KeywordExecutor.executeKeywordForPlatform(KeywordExecutor.groovy:74)
	at com.kms.katalon.core.webui.keyword.WebUiBuiltInKeywords.getText(WebUiBuiltInKeywords.groovy:957)
	at Выполнение бизнес-плана Сверка ПАО Россети все филиалы.Numbers(Выполнение бизнес-плана Сверка ПАО Россети все филиалы:594)
	at Выполнение бизнес-плана Сверка ПАО Россети все филиалы.run(Выполнение бизнес-плана Сверка ПАО Россети все филиалы:399)
	at com.kms.katalon.core.main.ScriptEngine.run(ScriptEngine.java:194)
	at com.kms.katalon.core.main.ScriptEngine.runScriptAsRawText(ScriptEngine.java:119)
	at com.kms.katalon.core.main.TestCaseExecutor.runScript(TestCaseExecutor.java:448)
	at com.kms.katalon.core.main.TestCaseExecutor.doExecute(TestCaseExecutor.java:439)
	at com.kms.katalon.core.main.TestCaseExecutor.processExecutionPhase(TestCaseExecutor.java:418)
	at com.kms.katalon.core.main.TestCaseExecutor.accessMainPhase(TestCaseExecutor.java:410)
	at com.kms.katalon.core.main.TestCaseExecutor.execute(TestCaseExecutor.java:285)
	at com.kms.katalon.core.common.CommonExecutor.accessTestCaseMainPhase(CommonExecutor.java:65)
	at com.kms.katalon.core.main.TestSuiteExecutor.accessTestSuiteMainPhase(TestSuiteExecutor.java:150)
	at com.kms.katalon.core.main.TestSuiteExecutor.execute(TestSuiteExecutor.java:106)
	at com.kms.katalon.core.main.TestCaseMain.startTestSuite(TestCaseMain.java:180)
	at TempTestSuite1743404878601.run(TempTestSuite1743404878601.groovy:35)
	at java.base/jdk.internal.reflect.NativeMethodAccessorImpl.invoke0(Native Method)
	at java.base/jdk.internal.reflect.NativeMethodAccessorImpl.invoke(NativeMethodAccessorImpl.java:77)
	at java.base/jdk.internal.reflect.DelegatingMethodAccessorImpl.invoke(DelegatingMethodAccessorImpl.java:43)
Caused by: com.kms.katalon.core.webui.exception.WebElementNotFoundException: Web element with id: 'Object Repository/Выполнение бизнес-плана/Значения со страницы Выполнение бизнес-плана/Table Data/План Потери за отчётный период 7' located by '(.//*[normalize-space(text()) and normalize-space(.)='Показатели баланса электроэнергии по ДЗО – План'])[2]/following::td[41]' not found
	at com.kms.katalon.core.webui.common.WebUiCommonHelper.findWebElement(WebUiCommonHelper.java:1426)
	at com.kms.katalon.core.webui.keyword.internal.WebUIAbstractKeyword.findWebElement(WebUIAbstractKeyword.groovy:27)
	at com.kms.katalon.core.webui.keyword.internal.WebUIAbstractKeyword.findWebElement(WebUIAbstractKeyword.groovy:26)
	at com.kms.katalon.core.webui.keyword.builtin.GetTextKeyword$_getText_closure1.doCall(GetTextKeyword.groovy:78)
	at com.kms.katalon.core.webui.keyword.builtin.GetTextKeyword$_getText_closure1.call(GetTextKeyword.groovy)
	at com.kms.katalon.core.webui.keyword.internal.WebUIKeywordMain.runKeyword(WebUIKeywordMain.groovy:20)
	at com.kms.katalon.core.webui.keyword.builtin.GetTextKeyword.getText(GetTextKeyword.groovy:88)
	at com.kms.katalon.core.webui.keyword.builtin.GetTextKeyword.execute(GetTextKeyword.groovy:67)
	at com.kms.katalon.core.keyword.internal.KeywordExecutor.executeKeywordForPlatform(KeywordExecutor.groovy:74)
	at com.kms.katalon.core.webui.keyword.WebUiBuiltInKeywords.getText(WebUiBuiltInKeywords.groovy:957)
	at Script1718980020443.Numbers(Script1718980020443.groovy:594)
	at Script1718980020443.run(Script1718980020443.groovy:399)
	... 15 more
)

31-03-2025T12:25:15 - [MESSAGE][INFO] - Unable to find the element located by 'By.xpath: (.//*[normalize-space(text()) and normalize-space(.)='Показатели баланса электроэнергии по ДЗО – План'])[2]/following::td[41]'. Please recheck the objects properties to make sure the desired element is located. 

31-03-2025T12:25:15 - [MESSAGE][FAILED] - Unable to get text of object 'Object Repository/Выполнение бизнес-плана/Значения со страницы Выполнение бизнес-плана/Table Data/План Потери за отчётный период 7' (Root cause: com.kms.katalon.core.exception.StepFailedException: Unable to get text of object 'Object Repository/Выполнение бизнес-плана/Значения со страницы Выполнение бизнес-плана/Table Data/План Потери за отчётный период 7'
	at com.kms.katalon.core.webui.keyword.internal.WebUIKeywordMain.stepFailed(WebUIKeywordMain.groovy:64)
	at com.kms.katalon.core.webui.keyword.internal.WebUIKeywordMain.runKeyword(WebUIKeywordMain.groovy:26)
	at com.kms.katalon.core.webui.keyword.builtin.GetTextKeyword.getText(GetTextKeyword.groovy:88)
	at com.kms.katalon.core.webui.keyword.builtin.GetTextKeyword.execute(GetTextKeyword.groovy:67)
	at com.kms.katalon.core.keyword.internal.KeywordExecutor.executeKeywordForPlatform(KeywordExecutor.groovy:74)
	at com.kms.katalon.core.webui.keyword.WebUiBuiltInKeywords.getText(WebUiBuiltInKeywords.groovy:957)
	at Выполнение бизнес-плана Сверка ПАО Россети все филиалы.Numbers(Выполнение бизнес-плана Сверка ПАО Россети все филиалы:594)
	at Выполнение бизнес-плана Сверка ПАО Россети все филиалы.run(Выполнение бизнес-плана Сверка ПАО Россети все филиалы:399)
	at com.kms.katalon.core.main.ScriptEngine.run(ScriptEngine.java:194)
	at com.kms.katalon.core.main.ScriptEngine.runScriptAsRawText(ScriptEngine.java:119)
	at com.kms.katalon.core.main.TestCaseExecutor.runScript(TestCaseExecutor.java:448)
	at com.kms.katalon.core.main.TestCaseExecutor.doExecute(TestCaseExecutor.java:439)
	at com.kms.katalon.core.main.TestCaseExecutor.processExecutionPhase(TestCaseExecutor.java:418)
	at com.kms.katalon.core.main.TestCaseExecutor.accessMainPhase(TestCaseExecutor.java:410)
	at com.kms.katalon.core.main.TestCaseExecutor.execute(TestCaseExecutor.java:285)
	at com.kms.katalon.core.common.CommonExecutor.accessTestCaseMainPhase(CommonExecutor.java:65)
	at com.kms.katalon.core.main.TestSuiteExecutor.accessTestSuiteMainPhase(TestSuiteExecutor.java:150)
	at com.kms.katalon.core.main.TestSuiteExecutor.execute(TestSuiteExecutor.java:106)
	at com.kms.katalon.core.main.TestCaseMain.startTestSuite(TestCaseMain.java:180)
	at TempTestSuite1743404878601.run(TempTestSuite1743404878601.groovy:35)
	at java.base/jdk.internal.reflect.NativeMethodAccessorImpl.invoke0(Native Method)
	at java.base/jdk.internal.reflect.NativeMethodAccessorImpl.invoke(NativeMethodAccessorImpl.java:77)
	at java.base/jdk.internal.reflect.DelegatingMethodAccessorImpl.invoke(DelegatingMethodAccessorImpl.java:43)
Caused by: com.kms.katalon.core.webui.exception.WebElementNotFoundException: Web element with id: 'Object Repository/Выполнение бизнес-плана/Значения со страницы Выполнение бизнес-плана/Table Data/План Потери за отчётный период 7' located by '(.//*[normalize-space(text()) and normalize-space(.)='Показатели баланса электроэнергии по ДЗО – План'])[2]/following::td[41]' not found
	at com.kms.katalon.core.webui.common.WebUiCommonHelper.findWebElement(WebUiCommonHelper.java:1426)
	at com.kms.katalon.core.webui.keyword.internal.WebUIAbstractKeyword.findWebElement(WebUIAbstractKeyword.groovy:27)
	at com.kms.katalon.core.webui.keyword.internal.WebUIAbstractKeyword.findWebElement(WebUIAbstractKeyword.groovy:26)
	at com.kms.katalon.core.webui.keyword.builtin.GetTextKeyword$_getText_closure1.doCall(GetTextKeyword.groovy:78)
	at com.kms.katalon.core.webui.keyword.builtin.GetTextKeyword$_getText_closure1.call(GetTextKeyword.groovy)
	at com.kms.katalon.core.webui.keyword.internal.WebUIKeywordMain.runKeyword(WebUIKeywordMain.groovy:20)
	at com.kms.katalon.core.webui.keyword.builtin.GetTextKeyword.getText(GetTextKeyword.groovy:88)
	at com.kms.katalon.core.webui.keyword.builtin.GetTextKeyword.execute(GetTextKeyword.groovy:67)
	at com.kms.katalon.core.keyword.internal.KeywordExecutor.executeKeywordForPlatform(KeywordExecutor.groovy:74)
	at com.kms.katalon.core.webui.keyword.WebUiBuiltInKeywords.getText(WebUiBuiltInKeywords.groovy:957)
	at Script1718980020443.Numbers(Script1718980020443.groovy:594)
	at Script1718980020443.run(Script1718980020443.groovy:399)
	... 15 more
)
[[ATTACHMENT|C:\\Users\\LIAZGINA-DI\\git\\SPORU\\Reports\\20250331_100758\\\u041F\u043D-\u0421\u0440-\u041F\u0442\\\u0421\u0432\u0435\u0440\u043A\u0430 \u0434\u0430\u0448\u0431\u043E\u0440\u0434\u043E\u0432 \u0438\u0437 \u0440\u0430\u0437\u043D\u044B\u0445 \u0431\u043B\u043E\u043A\u043E\u0432\\20250331_100758\\1743413115837.png]]

31-03-2025T12:25:15 - [TEST_STEP][PASSED] - if (page == "" || page == null): null

31-03-2025T12:25:15 - [TEST_STEP][PASSED] - fileInt = poteri.toInteger(): null

31-03-2025T12:25:15 - [TEST_STEP][PASSED] - Script1718980020443.WriteToExcelNoData(a, typeOfData, todaysDate, fileInt, fileDouble, dZO): null

31-03-2025T12:25:15 - [TEST_STEP][PASSED] - sheetName = "Sheet1": null

31-03-2025T12:25:15 - [TEST_STEP][PASSED] - data = findTestData("PlanFact"): null

31-03-2025T12:25:15 - [TEST_STEP][PASSED] - n = data.getRowNumbers() + 1: null

31-03-2025T12:25:15 - [TEST_STEP][PASSED] - day = ")).toInteger(): null

31-03-2025T12:25:15 - [TEST_STEP][PASSED] - println(day): null

31-03-2025T12:25:15 - [TEST_STEP][PASSED] - month = ")).toInteger(): null

31-03-2025T12:25:15 - [TEST_STEP][PASSED] - println(month): null

31-03-2025T12:25:15 - [TEST_STEP][PASSED] - y = <not implemented yet for class: org.codehaus.groovy.ast.expr.EmptyExpression>: null

31-03-2025T12:25:15 - [TEST_STEP][PASSED] - iy = <not implemented yet for class: org.codehaus.groovy.ast.expr.EmptyExpression>: null

31-03-2025T12:25:15 - [TEST_STEP][PASSED] - m = getText(findTestObject("Выполнение бизнес-плана/Период")): Text of object 'Object Repository/Выполнение бизнес-плана/Период' is: 'Январь 2025 года'

31-03-2025T12:25:16 - [MESSAGE][PASSED] - Text of object 'Object Repository/Выполнение бизнес-плана/Период' is: 'Январь 2025 года'

31-03-2025T12:25:16 - [TEST_STEP][PASSED] - iy = m.indexOf("20"): null

31-03-2025T12:25:16 - [TEST_STEP][PASSED] - if (iy > -1): null

31-03-2025T12:25:16 - [TEST_STEP][PASSED] - y = substring(iy, iy + 4).toInteger(): null

31-03-2025T12:25:16 - [TEST_STEP][PASSED] - println(y): null

31-03-2025T12:25:16 - [TEST_STEP][PASSED] - if (toString().length() == 4): null

31-03-2025T12:25:16 - [TEST_STEP][PASSED] - m = m.substring(0, m.indexOf(y.toString())): null

31-03-2025T12:25:16 - [TEST_STEP][PASSED] - m = m.trim(): null

31-03-2025T12:25:16 - [TEST_STEP][PASSED] - if (m == ""): null

31-03-2025T12:25:16 - [TEST_STEP][PASSED] - dashboardName = "Выполнение бизнес-плана": null

31-03-2025T12:25:16 - [TEST_STEP][PASSED] - workbook01 = getWorkbook(excelFilePath): null

31-03-2025T12:25:16 - [TEST_STEP][PASSED] - sheet01 = getExcelSheet(workbook01, sheetName): null

31-03-2025T12:25:16 - [TEST_STEP][PASSED] - setValueToCellByIndex(sheet01, n, 0, dashboardName): null

31-03-2025T12:25:16 - [TEST_STEP][PASSED] - setValueToCellByIndex(sheet01, n, 1, dZO): null

31-03-2025T12:25:16 - [TEST_STEP][PASSED] - setValueToCellByIndex(sheet01, n, 2, typeOfData): null

31-03-2025T12:25:16 - [TEST_STEP][PASSED] - if (typeOfData == "Факт в процентах" || typeOfData == "План в процентах"): null

31-03-2025T12:25:16 - [TEST_STEP][PASSED] - else: null

31-03-2025T12:25:16 - [TEST_STEP][PASSED] - setValueToCellByIndex(sheet01, n, 3, fileInt): null

31-03-2025T12:25:16 - [TEST_STEP][PASSED] - setValueToCellByIndex(sheet01, n, 4, "нет данных"): null

31-03-2025T12:25:16 - [TEST_STEP][PASSED] - setValueToCellByIndex(sheet01, n, 5, m): null

31-03-2025T12:25:16 - [TEST_STEP][PASSED] - setValueToCellByIndex(sheet01, n, 6, y): null

31-03-2025T12:25:16 - [TEST_STEP][PASSED] - setValueToCellByIndex(sheet01, n, 7, todaysDate): null

31-03-2025T12:25:16 - [TEST_STEP][PASSED] - n = n + 1: null

31-03-2025T12:25:16 - [TEST_STEP][PASSED] - saveWorkbook(excelFilePath, workbook01): null

31-03-2025T12:25:16 - [TEST_STEP][PASSED] - compare = pageOtpuskVSet: null

31-03-2025T12:25:16 - [TEST_STEP][PASSED] - if (pageOtpuskVSet != null): null

31-03-2025T12:25:16 - [TEST_STEP][PASSED] - if (compare == fileOtpuskVSet): null

31-03-2025T12:25:16 - [TEST_STEP][PASSED] - else if (compare > fileOtpuskVSet): null

31-03-2025T12:25:16 - [TEST_STEP][PASSED] - compare = compare - 1: null

31-03-2025T12:25:16 - [TEST_STEP][PASSED] - if (compare == fileOtpuskVSet): null

31-03-2025T12:25:16 - [TEST_STEP][PASSED] - else: null

31-03-2025T12:25:16 - [TEST_STEP][PASSED] - numberOfErrors = numberOfErrors + 1: null

31-03-2025T12:25:16 - [TEST_STEP][PASSED] - pageInt = pageOtpuskVSet: null

31-03-2025T12:25:16 - [TEST_STEP][PASSED] - fileInt = fileOtpuskVSet: null

31-03-2025T12:25:16 - [TEST_STEP][PASSED] - typeOfData = typeOfDataMain + " Отпуск в сеть": null

31-03-2025T12:25:16 - [TEST_STEP][PASSED] - Script1718980020443.WriteToExcel(a, typeOfData, todaysDate, pageInt, fileInt, pageDouble, fileDouble, dZO): null

31-03-2025T12:25:16 - [TEST_STEP][PASSED] - sheetName = "Sheet1": null

31-03-2025T12:25:16 - [TEST_STEP][PASSED] - data = findTestData("PlanFact"): null

31-03-2025T12:25:16 - [TEST_STEP][PASSED] - n = data.getRowNumbers() + 1: null

31-03-2025T12:25:16 - [TEST_STEP][PASSED] - day = ")).toInteger(): null

31-03-2025T12:25:16 - [TEST_STEP][PASSED] - println(day): null

31-03-2025T12:25:16 - [TEST_STEP][PASSED] - month = ")).toInteger(): null

31-03-2025T12:25:16 - [TEST_STEP][PASSED] - println(month): null

31-03-2025T12:25:16 - [TEST_STEP][PASSED] - y = <not implemented yet for class: org.codehaus.groovy.ast.expr.EmptyExpression>: null

31-03-2025T12:25:16 - [TEST_STEP][PASSED] - iy = <not implemented yet for class: org.codehaus.groovy.ast.expr.EmptyExpression>: null

31-03-2025T12:25:16 - [TEST_STEP][PASSED] - m = getText(findTestObject("Выполнение бизнес-плана/Период")): Text of object 'Object Repository/Выполнение бизнес-плана/Период' is: 'Январь 2025 года'

31-03-2025T12:25:16 - [MESSAGE][PASSED] - Text of object 'Object Repository/Выполнение бизнес-плана/Период' is: 'Январь 2025 года'

31-03-2025T12:25:16 - [TEST_STEP][PASSED] - iy = m.indexOf("20"): null

31-03-2025T12:25:16 - [TEST_STEP][PASSED] - if (iy > -1): null

31-03-2025T12:25:16 - [TEST_STEP][PASSED] - y = substring(iy, iy + 4).toInteger(): null

31-03-2025T12:25:16 - [TEST_STEP][PASSED] - println(y): null

31-03-2025T12:25:16 - [TEST_STEP][PASSED] - if (toString().length() == 4): null

31-03-2025T12:25:16 - [TEST_STEP][PASSED] - m = m.substring(0, m.indexOf(y.toString())): null

31-03-2025T12:25:16 - [TEST_STEP][PASSED] - m = m.trim(): null

31-03-2025T12:25:16 - [TEST_STEP][PASSED] - if (m == ""): null

31-03-2025T12:25:16 - [TEST_STEP][PASSED] - dashboardName = "Выполнение бизнес-плана": null

31-03-2025T12:25:16 - [TEST_STEP][PASSED] - workbook01 = getWorkbook(excelFilePath): null

31-03-2025T12:25:16 - [TEST_STEP][PASSED] - sheet01 = getExcelSheet(workbook01, sheetName): null

31-03-2025T12:25:16 - [TEST_STEP][PASSED] - setValueToCellByIndex(sheet01, n, 0, dashboardName): null

31-03-2025T12:25:16 - [TEST_STEP][PASSED] - setValueToCellByIndex(sheet01, n, 1, dZO): null

31-03-2025T12:25:16 - [TEST_STEP][PASSED] - setValueToCellByIndex(sheet01, n, 2, typeOfData): null

31-03-2025T12:25:16 - [TEST_STEP][PASSED] - if (typeOfData == "Факт в процентах" || typeOfData == "План в процентах"): null

31-03-2025T12:25:16 - [TEST_STEP][PASSED] - else: null

31-03-2025T12:25:16 - [TEST_STEP][PASSED] - setValueToCellByIndex(sheet01, n, 3, fileInt): null

31-03-2025T12:25:16 - [TEST_STEP][PASSED] - setValueToCellByIndex(sheet01, n, 4, pageInt): null

31-03-2025T12:25:16 - [TEST_STEP][PASSED] - setValueToCellByIndex(sheet01, n, 5, m): null

31-03-2025T12:25:16 - [TEST_STEP][PASSED] - setValueToCellByIndex(sheet01, n, 6, y): null

31-03-2025T12:25:16 - [TEST_STEP][PASSED] - setValueToCellByIndex(sheet01, n, 7, todaysDate): null

31-03-2025T12:25:16 - [TEST_STEP][PASSED] - n = n + 1: null

31-03-2025T12:25:16 - [TEST_STEP][PASSED] - saveWorkbook(excelFilePath, workbook01): null

31-03-2025T12:25:17 - [TEST_STEP][PASSED] - compare = pagePoteri: null

31-03-2025T12:25:17 - [TEST_STEP][PASSED] - if (pageOtpuskVSet != null): null

31-03-2025T12:25:17 - [TEST_STEP][PASSED] - if (compare == filePoteri): null

31-03-2025T12:25:17 - [TEST_STEP][PASSED] - else if (compare > filePoteri): null

31-03-2025T12:25:17 - [TEST_STEP][PASSED] - compare = compare - 1: null

31-03-2025T12:25:17 - [TEST_STEP][PASSED] - if (compare == filePoteri): null

31-03-2025T12:25:17 - [TEST_STEP][PASSED] - else: null

31-03-2025T12:25:17 - [TEST_STEP][PASSED] - numberOfErrors = numberOfErrors + 1: null

31-03-2025T12:25:17 - [TEST_STEP][PASSED] - pageInt = pagePoteri: null

31-03-2025T12:25:17 - [TEST_STEP][PASSED] - fileInt = filePoteri: null

31-03-2025T12:25:17 - [TEST_STEP][PASSED] - typeOfData = typeOfDataMain + " Потери": null

31-03-2025T12:25:17 - [TEST_STEP][PASSED] - Script1718980020443.WriteToExcel(a, typeOfData, todaysDate, pageInt, fileInt, pageDouble, fileDouble, dZO): null

31-03-2025T12:25:17 - [TEST_STEP][PASSED] - sheetName = "Sheet1": null

31-03-2025T12:25:17 - [TEST_STEP][PASSED] - data = findTestData("PlanFact"): null

31-03-2025T12:25:17 - [TEST_STEP][PASSED] - n = data.getRowNumbers() + 1: null

31-03-2025T12:25:17 - [TEST_STEP][PASSED] - day = ")).toInteger(): null

31-03-2025T12:25:17 - [TEST_STEP][PASSED] - println(day): null

31-03-2025T12:25:17 - [TEST_STEP][PASSED] - month = ")).toInteger(): null

31-03-2025T12:25:17 - [TEST_STEP][PASSED] - println(month): null

31-03-2025T12:25:17 - [TEST_STEP][PASSED] - y = <not implemented yet for class: org.codehaus.groovy.ast.expr.EmptyExpression>: null

31-03-2025T12:25:17 - [TEST_STEP][PASSED] - iy = <not implemented yet for class: org.codehaus.groovy.ast.expr.EmptyExpression>: null

31-03-2025T12:25:17 - [TEST_STEP][PASSED] - m = getText(findTestObject("Выполнение бизнес-плана/Период")): Text of object 'Object Repository/Выполнение бизнес-плана/Период' is: 'Январь 2025 года'

31-03-2025T12:25:17 - [MESSAGE][PASSED] - Text of object 'Object Repository/Выполнение бизнес-плана/Период' is: 'Январь 2025 года'

31-03-2025T12:25:17 - [TEST_STEP][PASSED] - iy = m.indexOf("20"): null

31-03-2025T12:25:17 - [TEST_STEP][PASSED] - if (iy > -1): null

31-03-2025T12:25:17 - [TEST_STEP][PASSED] - y = substring(iy, iy + 4).toInteger(): null

31-03-2025T12:25:17 - [TEST_STEP][PASSED] - println(y): null

31-03-2025T12:25:17 - [TEST_STEP][PASSED] - if (toString().length() == 4): null

31-03-2025T12:25:17 - [TEST_STEP][PASSED] - m = m.substring(0, m.indexOf(y.toString())): null

31-03-2025T12:25:17 - [TEST_STEP][PASSED] - m = m.trim(): null

31-03-2025T12:25:17 - [TEST_STEP][PASSED] - if (m == ""): null

31-03-2025T12:25:17 - [TEST_STEP][PASSED] - dashboardName = "Выполнение бизнес-плана": null

31-03-2025T12:25:17 - [TEST_STEP][PASSED] - workbook01 = getWorkbook(excelFilePath): null

31-03-2025T12:25:17 - [TEST_STEP][PASSED] - sheet01 = getExcelSheet(workbook01, sheetName): null

31-03-2025T12:25:17 - [TEST_STEP][PASSED] - setValueToCellByIndex(sheet01, n, 0, dashboardName): null

31-03-2025T12:25:17 - [TEST_STEP][PASSED] - setValueToCellByIndex(sheet01, n, 1, dZO): null

31-03-2025T12:25:17 - [TEST_STEP][PASSED] - setValueToCellByIndex(sheet01, n, 2, typeOfData): null

31-03-2025T12:25:17 - [TEST_STEP][PASSED] - if (typeOfData == "Факт в процентах" || typeOfData == "План в процентах"): null

31-03-2025T12:25:17 - [TEST_STEP][PASSED] - else: null

31-03-2025T12:25:17 - [TEST_STEP][PASSED] - setValueToCellByIndex(sheet01, n, 3, fileInt): null

31-03-2025T12:25:17 - [TEST_STEP][PASSED] - setValueToCellByIndex(sheet01, n, 4, pageInt): null

31-03-2025T12:25:17 - [TEST_STEP][PASSED] - setValueToCellByIndex(sheet01, n, 5, m): null

31-03-2025T12:25:17 - [TEST_STEP][PASSED] - setValueToCellByIndex(sheet01, n, 6, y): null

31-03-2025T12:25:17 - [TEST_STEP][PASSED] - setValueToCellByIndex(sheet01, n, 7, todaysDate): null

31-03-2025T12:25:17 - [TEST_STEP][PASSED] - n = n + 1: null

31-03-2025T12:25:17 - [TEST_STEP][PASSED] - saveWorkbook(excelFilePath, workbook01): Object: 'Object Repository/Выполнение бизнес-плана/Кнопка Факт' is clicked on

31-03-2025T12:25:17 - [TEST_STEP][PASSED] - if (planFact == 2): Object: 'Object Repository/Выполнение бизнес-плана/Кнопка Факт' is clicked on

31-03-2025T12:25:17 - [TEST_STEP][PASSED] - click(findTestObject("Выполнение бизнес-плана/Кнопка Факт")): Object: 'Object Repository/Выполнение бизнес-плана/Кнопка Факт' is clicked on

31-03-2025T12:25:18 - [MESSAGE][PASSED] - Object: 'Object Repository/Выполнение бизнес-плана/Кнопка Факт' is clicked on

31-03-2025T12:25:18 - [TEST_STEP][PASSED] - println("a=" + a): null

31-03-2025T12:25:18 - [TEST_STEP][PASSED] - if (a == 84 || a == 82): null

31-03-2025T12:25:18 - [TEST_STEP][PASSED] - else if (a == 83 || a == 52 || a == 72 || a == 28 || a == 73 || a == 77 || a == 74 || a == 65 || a == 36 || a == 44 || a == 53 || a == 80 || a == 54 || a == 1 || a == 18 || a == 59 || a == 81): null

31-03-2025T12:25:18 - [TEST_STEP][PASSED] - page1 = getText(findTestObject("Object Repository/Выполнение бизнес-плана/spanPlan" + dzoNum)): Text of object 'Object Repository/Выполнение бизнес-плана/spanPlan7' is: '10.84
|'

31-03-2025T12:25:18 - [MESSAGE][PASSED] - Text of object 'Object Repository/Выполнение бизнес-плана/spanPlan7' is: '10.84
|'

31-03-2025T12:25:18 - [TEST_STEP][PASSED] - page1 = page1.replace("|", ""): null

31-03-2025T12:25:18 - [TEST_STEP][PASSED] - page2 = getText(findTestObject("Object Repository/Выполнение бизнес-плана/spanFact" + dzoNum)): Text of object 'Object Repository/Выполнение бизнес-плана/spanFact7' is: '9.40'

31-03-2025T12:25:18 - [MESSAGE][PASSED] - Text of object 'Object Repository/Выполнение бизнес-плана/spanFact7' is: '9.40'

31-03-2025T12:25:18 - [TEST_STEP][PASSED] - page2 = page2.replace("|", ""): null

31-03-2025T12:25:18 - [TEST_STEP][PASSED] - println("page1: " + page1): null

31-03-2025T12:25:18 - [TEST_STEP][PASSED] - println("page2: " + page2): null

31-03-2025T12:25:18 - [TEST_STEP][PASSED] - file = findTestData("PlanFact").getValue(4, a): null

31-03-2025T12:25:18 - [TEST_STEP][PASSED] - file = file.replace(",", "."): null

31-03-2025T12:25:18 - [TEST_STEP][PASSED] - println("file Plan: " + file): null

31-03-2025T12:25:18 - [TEST_STEP][PASSED] - typeOfData = "План в процентах": null

31-03-2025T12:25:18 - [TEST_STEP][PASSED] - fileDouble = file.toDouble(): null

31-03-2025T12:25:18 - [TEST_STEP][PASSED] - pageDouble = page1.toDouble(): null

31-03-2025T12:25:18 - [TEST_STEP][PASSED] - if (fileDouble != pageDouble): null

31-03-2025T12:25:18 - [TEST_STEP][PASSED] - numberOfErrors = numberOfErrors + 1: null

31-03-2025T12:25:18 - [TEST_STEP][PASSED] - Script1718980020443.WriteToExcel(a, typeOfData, todaysDate, pageInt, fileInt, pageDouble, fileDouble, dZO): null

31-03-2025T12:25:18 - [TEST_STEP][PASSED] - sheetName = "Sheet1": null

31-03-2025T12:25:18 - [TEST_STEP][PASSED] - data = findTestData("PlanFact"): null

31-03-2025T12:25:18 - [TEST_STEP][PASSED] - n = data.getRowNumbers() + 1: null

31-03-2025T12:25:18 - [TEST_STEP][PASSED] - day = ")).toInteger(): null

31-03-2025T12:25:18 - [TEST_STEP][PASSED] - println(day): null

31-03-2025T12:25:18 - [TEST_STEP][PASSED] - month = ")).toInteger(): null

31-03-2025T12:25:18 - [TEST_STEP][PASSED] - println(month): null

31-03-2025T12:25:18 - [TEST_STEP][PASSED] - y = <not implemented yet for class: org.codehaus.groovy.ast.expr.EmptyExpression>: null

31-03-2025T12:25:18 - [TEST_STEP][PASSED] - iy = <not implemented yet for class: org.codehaus.groovy.ast.expr.EmptyExpression>: null

31-03-2025T12:25:18 - [TEST_STEP][PASSED] - m = getText(findTestObject("Выполнение бизнес-плана/Период")): Text of object 'Object Repository/Выполнение бизнес-плана/Период' is: 'Январь 2025 года'

31-03-2025T12:25:19 - [MESSAGE][PASSED] - Text of object 'Object Repository/Выполнение бизнес-плана/Период' is: 'Январь 2025 года'

31-03-2025T12:25:19 - [TEST_STEP][PASSED] - iy = m.indexOf("20"): null

31-03-2025T12:25:19 - [TEST_STEP][PASSED] - if (iy > -1): null

31-03-2025T12:25:19 - [TEST_STEP][PASSED] - y = substring(iy, iy + 4).toInteger(): null

31-03-2025T12:25:19 - [TEST_STEP][PASSED] - println(y): null

31-03-2025T12:25:19 - [TEST_STEP][PASSED] - if (toString().length() == 4): null

31-03-2025T12:25:19 - [TEST_STEP][PASSED] - m = m.substring(0, m.indexOf(y.toString())): null

31-03-2025T12:25:19 - [TEST_STEP][PASSED] - m = m.trim(): null

31-03-2025T12:25:19 - [TEST_STEP][PASSED] - if (m == ""): null

31-03-2025T12:25:19 - [TEST_STEP][PASSED] - dashboardName = "Выполнение бизнес-плана": null

31-03-2025T12:25:19 - [TEST_STEP][PASSED] - workbook01 = getWorkbook(excelFilePath): null

31-03-2025T12:25:19 - [TEST_STEP][PASSED] - sheet01 = getExcelSheet(workbook01, sheetName): null

31-03-2025T12:25:19 - [TEST_STEP][PASSED] - setValueToCellByIndex(sheet01, n, 0, dashboardName): null

31-03-2025T12:25:19 - [TEST_STEP][PASSED] - setValueToCellByIndex(sheet01, n, 1, dZO): null

31-03-2025T12:25:19 - [TEST_STEP][PASSED] - setValueToCellByIndex(sheet01, n, 2, typeOfData): null

31-03-2025T12:25:19 - [TEST_STEP][PASSED] - if (typeOfData == "Факт в процентах" || typeOfData == "План в процентах"): null

31-03-2025T12:25:19 - [TEST_STEP][PASSED] - setValueToCellByIndex(sheet01, n, 3, fileDouble): null

31-03-2025T12:25:19 - [TEST_STEP][PASSED] - setValueToCellByIndex(sheet01, n, 4, pageDouble): null

31-03-2025T12:25:19 - [TEST_STEP][PASSED] - setValueToCellByIndex(sheet01, n, 5, m): null

31-03-2025T12:25:19 - [TEST_STEP][PASSED] - setValueToCellByIndex(sheet01, n, 6, y): null

31-03-2025T12:25:19 - [TEST_STEP][PASSED] - setValueToCellByIndex(sheet01, n, 7, todaysDate): null

31-03-2025T12:25:19 - [TEST_STEP][PASSED] - n = n + 1: null

31-03-2025T12:25:19 - [TEST_STEP][PASSED] - saveWorkbook(excelFilePath, workbook01): null

31-03-2025T12:25:19 - [TEST_STEP][PASSED] - file = findTestData("PlanFact").getValue(7, a): null

31-03-2025T12:25:19 - [TEST_STEP][PASSED] - file = file.replace(",", "."): null

31-03-2025T12:25:19 - [TEST_STEP][PASSED] - println("file Fact: " + file): null

31-03-2025T12:25:19 - [TEST_STEP][PASSED] - fileDouble = file.toDouble(): null

31-03-2025T12:25:19 - [TEST_STEP][PASSED] - typeOfData = "Факт в процентах": null

31-03-2025T12:25:19 - [TEST_STEP][PASSED] - fileDouble = file.toDouble(): null

31-03-2025T12:25:19 - [TEST_STEP][PASSED] - pageDouble = page2.toDouble(): null

31-03-2025T12:25:19 - [TEST_STEP][PASSED] - if (fileDouble != pageDouble): null

31-03-2025T12:25:19 - [TEST_STEP][PASSED] - numberOfErrors = numberOfErrors + 1: null

31-03-2025T12:25:19 - [TEST_STEP][PASSED] - Script1718980020443.WriteToExcel(a, typeOfData, todaysDate, pageInt, fileInt, pageDouble, fileDouble, dZO): null

31-03-2025T12:25:19 - [TEST_STEP][PASSED] - sheetName = "Sheet1": null

31-03-2025T12:25:19 - [TEST_STEP][PASSED] - data = findTestData("PlanFact"): null

31-03-2025T12:25:19 - [TEST_STEP][PASSED] - n = data.getRowNumbers() + 1: null

31-03-2025T12:25:19 - [TEST_STEP][PASSED] - day = ")).toInteger(): null

31-03-2025T12:25:19 - [TEST_STEP][PASSED] - println(day): null

31-03-2025T12:25:19 - [TEST_STEP][PASSED] - month = ")).toInteger(): null

31-03-2025T12:25:19 - [TEST_STEP][PASSED] - println(month): null

31-03-2025T12:25:19 - [TEST_STEP][PASSED] - y = <not implemented yet for class: org.codehaus.groovy.ast.expr.EmptyExpression>: null

31-03-2025T12:25:19 - [TEST_STEP][PASSED] - iy = <not implemented yet for class: org.codehaus.groovy.ast.expr.EmptyExpression>: null

31-03-2025T12:25:19 - [TEST_STEP][PASSED] - m = getText(findTestObject("Выполнение бизнес-плана/Период")): Text of object 'Object Repository/Выполнение бизнес-плана/Период' is: 'Январь 2025 года'

31-03-2025T12:25:19 - [MESSAGE][PASSED] - Text of object 'Object Repository/Выполнение бизнес-плана/Период' is: 'Январь 2025 года'

31-03-2025T12:25:19 - [TEST_STEP][PASSED] - iy = m.indexOf("20"): null

31-03-2025T12:25:19 - [TEST_STEP][PASSED] - if (iy > -1): null

31-03-2025T12:25:19 - [TEST_STEP][PASSED] - y = substring(iy, iy + 4).toInteger(): null

31-03-2025T12:25:19 - [TEST_STEP][PASSED] - println(y): null

31-03-2025T12:25:19 - [TEST_STEP][PASSED] - if (toString().length() == 4): null

31-03-2025T12:25:19 - [TEST_STEP][PASSED] - m = m.substring(0, m.indexOf(y.toString())): null

31-03-2025T12:25:19 - [TEST_STEP][PASSED] - m = m.trim(): null

31-03-2025T12:25:19 - [TEST_STEP][PASSED] - if (m == ""): null

31-03-2025T12:25:19 - [TEST_STEP][PASSED] - dashboardName = "Выполнение бизнес-плана": null

31-03-2025T12:25:19 - [TEST_STEP][PASSED] - workbook01 = getWorkbook(excelFilePath): null

31-03-2025T12:25:19 - [TEST_STEP][PASSED] - sheet01 = getExcelSheet(workbook01, sheetName): null

31-03-2025T12:25:19 - [TEST_STEP][PASSED] - setValueToCellByIndex(sheet01, n, 0, dashboardName): null

31-03-2025T12:25:19 - [TEST_STEP][PASSED] - setValueToCellByIndex(sheet01, n, 1, dZO): null

31-03-2025T12:25:19 - [TEST_STEP][PASSED] - setValueToCellByIndex(sheet01, n, 2, typeOfData): null

31-03-2025T12:25:19 - [TEST_STEP][PASSED] - if (typeOfData == "Факт в процентах" || typeOfData == "План в процентах"): null

31-03-2025T12:25:19 - [TEST_STEP][PASSED] - setValueToCellByIndex(sheet01, n, 3, fileDouble): null

31-03-2025T12:25:19 - [TEST_STEP][PASSED] - setValueToCellByIndex(sheet01, n, 4, pageDouble): null

31-03-2025T12:25:19 - [TEST_STEP][PASSED] - setValueToCellByIndex(sheet01, n, 5, m): null

31-03-2025T12:25:19 - [TEST_STEP][PASSED] - setValueToCellByIndex(sheet01, n, 6, y): null

31-03-2025T12:25:19 - [TEST_STEP][PASSED] - setValueToCellByIndex(sheet01, n, 7, todaysDate): null

31-03-2025T12:25:19 - [TEST_STEP][PASSED] - n = n + 1: null

31-03-2025T12:25:19 - [TEST_STEP][PASSED] - saveWorkbook(excelFilePath, workbook01): null

31-03-2025T12:25:20 - [TEST_STEP][FAILED] - if (verifyEqual(numberOfErrors, 0) == false): null

31-03-2025T12:25:20 - [MESSAGE][FAILED] - Unable to verify equal between actual object '6' and expected object '0' (Root cause: com.kms.katalon.core.exception.StepFailedException: Actual object '6' and expected object '0' are not equal
	at com.kms.katalon.core.keyword.builtin.VerifyEqualKeyword$_verifyEqual_closure1.doCall(VerifyEqualKeyword.groovy:58)
	at com.kms.katalon.core.keyword.builtin.VerifyEqualKeyword$_verifyEqual_closure1.call(VerifyEqualKeyword.groovy)
	at com.kms.katalon.core.keyword.internal.KeywordMain.runKeyword(KeywordMain.groovy:75)
	at com.kms.katalon.core.keyword.builtin.VerifyEqualKeyword.verifyEqual(VerifyEqualKeyword.groovy:63)
	at com.kms.katalon.core.keyword.builtin.VerifyEqualKeyword.execute(VerifyEqualKeyword.groovy:44)
	at com.kms.katalon.core.keyword.internal.KeywordExecutor.executeKeywordForPlatform(KeywordExecutor.groovy:74)
	at com.kms.katalon.core.keyword.BuiltinKeywords.verifyEqual(BuiltinKeywords.groovy:146)
	at jdk.internal.reflect.GeneratedMethodAccessor28.invoke(Unknown Source)
	at java.base/jdk.internal.reflect.DelegatingMethodAccessorImpl.invoke(DelegatingMethodAccessorImpl.java:43)
	at Выполнение бизнес-плана Сверка ПАО Россети все филиалы.Numbers(Выполнение бизнес-плана Сверка ПАО Россети все филиалы:744)
	at Выполнение бизнес-плана Сверка ПАО Россети все филиалы.run(Выполнение бизнес-плана Сверка ПАО Россети все филиалы:399)
	at com.kms.katalon.core.main.ScriptEngine.run(ScriptEngine.java:194)
	at com.kms.katalon.core.main.ScriptEngine.runScriptAsRawText(ScriptEngine.java:119)
	at com.kms.katalon.core.main.TestCaseExecutor.runScript(TestCaseExecutor.java:448)
	at com.kms.katalon.core.main.TestCaseExecutor.doExecute(TestCaseExecutor.java:439)
	at com.kms.katalon.core.main.TestCaseExecutor.processExecutionPhase(TestCaseExecutor.java:418)
	at com.kms.katalon.core.main.TestCaseExecutor.accessMainPhase(TestCaseExecutor.java:410)
	at com.kms.katalon.core.main.TestCaseExecutor.execute(TestCaseExecutor.java:285)
	at com.kms.katalon.core.common.CommonExecutor.accessTestCaseMainPhase(CommonExecutor.java:65)
	at com.kms.katalon.core.main.TestSuiteExecutor.accessTestSuiteMainPhase(TestSuiteExecutor.java:150)
	at com.kms.katalon.core.main.TestSuiteExecutor.execute(TestSuiteExecutor.java:106)
	at com.kms.katalon.core.main.TestCaseMain.startTestSuite(TestCaseMain.java:180)
	at TempTestSuite1743404878601.run(TempTestSuite1743404878601.groovy:35)
	at java.base/jdk.internal.reflect.NativeMethodAccessorImpl.invoke0(Native Method)
	at java.base/jdk.internal.reflect.NativeMethodAccessorImpl.invoke(NativeMethodAccessorImpl.java:77)
	at java.base/jdk.internal.reflect.DelegatingMethodAccessorImpl.invoke(DelegatingMethodAccessorImpl.java:43)
)

31-03-2025T12:25:20 - [TEST_STEP][PASSED] - println(numberOfErrors): null

31-03-2025T12:25:20 - [TEST_STEP][PASSED] - println("a=" + a): null

31-03-2025T12:25:20 - [TEST_STEP][PASSED] - if (a == 28 || a == 77 || a == 74 || a == 65 || a == 36 || a == 44 || a == 54 || a == 1 || a == 18 || a == 59): null

31-03-2025T12:25:20 - [TEST_STEP][PASSED] - Script1718980020443.Filials(a, typeOfData, todaysDate, pageInt, fileInt, pageDouble, fileDouble, dZO, dzoNum, filialNum): null

31-03-2025T12:25:20 - [TEST_STEP][PASSED] - i = <not implemented yet for class: org.codehaus.groovy.ast.expr.EmptyExpression>: null

31-03-2025T12:25:20 - [TEST_STEP][PASSED] - c = <not implemented yet for class: org.codehaus.groovy.ast.expr.EmptyExpression>: null

31-03-2025T12:25:20 - [TEST_STEP][PASSED] - page = <not implemented yet for class: org.codehaus.groovy.ast.expr.EmptyExpression>: null

31-03-2025T12:25:20 - [TEST_STEP][PASSED] - println(dZO): null

31-03-2025T12:25:20 - [TEST_STEP][PASSED] - reducedDZO = <not implemented yet for class: org.codehaus.groovy.ast.expr.EmptyExpression>: null

31-03-2025T12:25:20 - [TEST_STEP][PASSED] - reducedDZO = dZO.substring(dZO.indexOf(" ") + 1, dZO.length()): null

31-03-2025T12:25:20 - [TEST_STEP][PASSED] - if (reducedDZO.contains(" ")): null

31-03-2025T12:25:20 - [TEST_STEP][PASSED] - println(reducedDZO): null

31-03-2025T12:25:20 - [TEST_STEP][PASSED] - dzoCut = <not implemented yet for class: org.codehaus.groovy.ast.expr.EmptyExpression>: null

31-03-2025T12:25:20 - [TEST_STEP][PASSED] - Script1718980020443.DZO(a): null

31-03-2025T12:25:20 - [TEST_STEP][PASSED] - delay(20): Delayed 20 second(s)

31-03-2025T12:25:40 - [MESSAGE][PASSED] - Delayed 20 second(s)

31-03-2025T12:25:40 - [TEST_STEP][PASSED] - Script1718980020443.OpenFilter(): null

31-03-2025T12:25:40 - [TEST_STEP][PASSED] - click(findTestObject("Object Repository/Выполнение бизнес-плана/Фильтр ДЗО")): Object: 'Object Repository/Выполнение бизнес-плана/Фильтр ДЗО' is clicked on

31-03-2025T12:25:40 - [MESSAGE][PASSED] - Object: 'Object Repository/Выполнение бизнес-плана/Фильтр ДЗО' is clicked on

31-03-2025T12:25:40 - [TEST_STEP][PASSED] - click(findTestObject("Выполнение бизнес-плана/Снять выделение в фильтре ДЗО")): Object: 'Object Repository/Выполнение бизнес-плана/Снять выделение в фильтре ДЗО' is clicked on

31-03-2025T12:25:41 - [MESSAGE][PASSED] - Object: 'Object Repository/Выполнение бизнес-плана/Снять выделение в фильтре ДЗО' is clicked on

31-03-2025T12:25:41 - [TEST_STEP][PASSED] - Script1718980020443.OpenRSK(): null

31-03-2025T12:25:41 - [TEST_STEP][PASSED] - click(findTestObject("Выполнение бизнес-плана/Раскрыть список ПАО Россети в фильтре ДЗО")): Object: 'Object Repository/Выполнение бизнес-плана/Раскрыть список ПАО Россети в фильтре ДЗО' is clicked on

31-03-2025T12:25:41 - [MESSAGE][PASSED] - Object: 'Object Repository/Выполнение бизнес-плана/Раскрыть список ПАО Россети в фильтре ДЗО' is clicked on

31-03-2025T12:25:41 - [TEST_STEP][PASSED] - click(findTestObject("Выполнение бизнес-плана/Раскрыть список РаспредКомплекс в фильтре ДЗО")): Object: 'Object Repository/Выполнение бизнес-плана/Раскрыть список РаспредКомплекс в фильтре ДЗО' is clicked on

31-03-2025T12:25:41 - [MESSAGE][PASSED] - Object: 'Object Repository/Выполнение бизнес-плана/Раскрыть список РаспредКомплекс в фильтре ДЗО' is clicked on

31-03-2025T12:25:41 - [TEST_STEP][PASSED] - if (a == 28): null

31-03-2025T12:25:41 - [TEST_STEP][PASSED] - if (a == 77): null

31-03-2025T12:25:41 - [TEST_STEP][PASSED] - if (a == 74): null

31-03-2025T12:25:41 - [TEST_STEP][PASSED] - if (a == 65): null

31-03-2025T12:25:41 - [TEST_STEP][PASSED] - if (a == 36): null

31-03-2025T12:25:41 - [TEST_STEP][PASSED] - if (a == 44): null

31-03-2025T12:25:41 - [TEST_STEP][PASSED] - if (a == 54): null

31-03-2025T12:25:41 - [TEST_STEP][PASSED] - if (a == 1): null

31-03-2025T12:25:41 - [TEST_STEP][PASSED] - if (a == 18): null

31-03-2025T12:25:41 - [TEST_STEP][PASSED] - if (a == 59): Object: 'Object Repository/Выполнение бизнес-плана/Россети Юг' is clicked on

31-03-2025T12:25:41 - [TEST_STEP][PASSED] - scrollToElement(findTestObject("Общие объекты/Раскрыть список Россети Юг"), 30): Scroll to object 'Object Repository/Общие объекты/Раскрыть список Россети Юг' successfully

31-03-2025T12:25:42 - [MESSAGE][PASSED] - Scroll to object 'Object Repository/Общие объекты/Раскрыть список Россети Юг' successfully

31-03-2025T12:25:42 - [TEST_STEP][PASSED] - click(findTestObject("Выполнение бизнес-плана/Россети Юг")): Object: 'Object Repository/Выполнение бизнес-плана/Россети Юг' is clicked on

31-03-2025T12:25:42 - [MESSAGE][PASSED] - Object: 'Object Repository/Выполнение бизнес-плана/Россети Юг' is clicked on

31-03-2025T12:25:42 - [TEST_STEP][PASSED] - Script1718980020443.CloseFilter(): null

31-03-2025T12:25:42 - [TEST_STEP][PASSED] - scrollToElement(findTestObject("Выполнение бизнес-плана/Заголовок дашборда"), 30): Scroll to object 'Object Repository/Выполнение бизнес-плана/Заголовок дашборда' successfully

31-03-2025T12:25:43 - [MESSAGE][PASSED] - Scroll to object 'Object Repository/Выполнение бизнес-плана/Заголовок дашборда' successfully

31-03-2025T12:25:43 - [TEST_STEP][PASSED] - click(findTestObject("Object Repository/Выполнение бизнес-плана/Применить в фильтре ДЗО")): Object: 'Object Repository/Выполнение бизнес-плана/Применить в фильтре ДЗО' is clicked on

31-03-2025T12:25:44 - [MESSAGE][PASSED] - Object: 'Object Repository/Выполнение бизнес-плана/Применить в фильтре ДЗО' is clicked on

31-03-2025T12:25:44 - [TEST_STEP][PASSED] - delay(20): Delayed 20 second(s)

31-03-2025T12:26:04 - [MESSAGE][PASSED] - Delayed 20 second(s)

31-03-2025T12:26:04 - [TEST_STEP][PASSED] - Script1718980020443.ZakrytOpoveshenie(): null

31-03-2025T12:26:04 - [TEST_STEP][PASSED] - delay(10): Delayed 10 second(s)

31-03-2025T12:26:14 - [MESSAGE][PASSED] - Delayed 10 second(s)

31-03-2025T12:26:14 - [TEST_STEP][PASSED] - opoveshenie = getText(findTestObject("Выполнение бизнес-плана/Просьба обратить внимание")): Text of object 'Object Repository/Выполнение бизнес-плана/Просьба обратить внимание' is: ''

31-03-2025T12:26:14 - [MESSAGE][PASSED] - Text of object 'Object Repository/Выполнение бизнес-плана/Просьба обратить внимание' is: ''

31-03-2025T12:26:14 - [TEST_STEP][PASSED] - println(opoveshenie): null

31-03-2025T12:26:14 - [TEST_STEP][PASSED] - if (opoveshenie == "Просьба обратить внимание"): null

31-03-2025T12:26:14 - [TEST_STEP][PASSED] - page = getText(findTestObject("Object Repository/Выполнение бизнес-плана/Filials")): Text of object 'Object Repository/Выполнение бизнес-плана/Filials' is: 'АО «ВМЭС»
Астраханьэнерго
Волгоградэнерго
Калмэнерго
Ростовэнерго
0
10
20
30
40
50
60
70'

31-03-2025T12:26:14 - [MESSAGE][PASSED] - Text of object 'Object Repository/Выполнение бизнес-плана/Filials' is: 'АО «ВМЭС»
Астраханьэнерго
Волгоградэнерго
Калмэнерго
Ростовэнерго
0
10
20
30
40
50
60
70'

31-03-2025T12:26:14 - [TEST_STEP][PASSED] - println(page): null

31-03-2025T12:26:14 - [TEST_STEP][PASSED] - c = page.indexOf(reducedDZO): null

31-03-2025T12:26:14 - [TEST_STEP][PASSED] - if (c > -1): null

31-03-2025T12:26:14 - [TEST_STEP][PASSED] - x2 = getText(findTestObject("Выполнение бизнес-плана/Список ДЗО старый")): Text of object 'Object Repository/Выполнение бизнес-плана/Список ДЗО старый' is: 'АО «ВМЭС»
Астраханьэнерго
Волгоградэнерго
Калмэнерго
Ростовэнерго
0
10
20
30
40
50
60
70'

31-03-2025T12:26:15 - [MESSAGE][PASSED] - Text of object 'Object Repository/Выполнение бизнес-плана/Список ДЗО старый' is: 'АО «ВМЭС»
Астраханьэнерго
Волгоградэнерго
Калмэнерго
Ростовэнерго
0
10
20
30
40
50
60
70'

31-03-2025T12:26:15 - [TEST_STEP][PASSED] - if (a == 28): null

31-03-2025T12:26:15 - [TEST_STEP][PASSED] - if (a == 77): null

31-03-2025T12:26:15 - [TEST_STEP][PASSED] - if (a == 74): null

31-03-2025T12:26:15 - [TEST_STEP][PASSED] - if (a == 65): null

31-03-2025T12:26:15 - [TEST_STEP][PASSED] - if (a == 1): null

31-03-2025T12:26:15 - [TEST_STEP][PASSED] - if (a == 18): null

31-03-2025T12:26:15 - [TEST_STEP][PASSED] - if (a == 36): null

31-03-2025T12:26:15 - [TEST_STEP][PASSED] - if (a == 44): null

31-03-2025T12:26:15 - [TEST_STEP][PASSED] - if (a == 54): null

31-03-2025T12:26:15 - [TEST_STEP][PASSED] - if (a == 59): null

31-03-2025T12:26:15 - [TEST_STEP][PASSED] - dZO = "АО "ВМЭС"": null

31-03-2025T12:26:15 - [TEST_STEP][PASSED] - a = 64: null

31-03-2025T12:26:15 - [TEST_STEP][PASSED] - i = dZO.length() - 1: null

31-03-2025T12:26:15 - [TEST_STEP][PASSED] - dzoCut = dZO.substring(4, i): null

31-03-2025T12:26:15 - [TEST_STEP][PASSED] - if (x2.contains(dzoCut)): null

31-03-2025T12:26:15 - [TEST_STEP][PASSED] - filialNum = filialNum + 1: null

31-03-2025T12:26:15 - [TEST_STEP][PASSED] - Script1718980020443.Numbers(a, typeOfData, todaysDate, pageInt, fileInt, pageDouble, fileDouble, dZO, dzoNum, filialNum): null

31-03-2025T12:26:15 - [TEST_STEP][PASSED] - println(dzoNum): null

31-03-2025T12:26:15 - [TEST_STEP][PASSED] - planFact = <not implemented yet for class: org.codehaus.groovy.ast.expr.EmptyExpression>: null

31-03-2025T12:26:15 - [TEST_STEP][PASSED] - page = <not implemented yet for class: org.codehaus.groovy.ast.expr.EmptyExpression>: null

31-03-2025T12:26:15 - [TEST_STEP][PASSED] - page1 = <not implemented yet for class: org.codehaus.groovy.ast.expr.EmptyExpression>: null

31-03-2025T12:26:15 - [TEST_STEP][PASSED] - page2 = <not implemented yet for class: org.codehaus.groovy.ast.expr.EmptyExpression>: null

31-03-2025T12:26:15 - [TEST_STEP][PASSED] - filialNumberInRow = <not implemented yet for class: org.codehaus.groovy.ast.expr.EmptyExpression>: null

31-03-2025T12:26:15 - [TEST_STEP][PASSED] - filialsDzoNames = <not implemented yet for class: org.codehaus.groovy.ast.expr.EmptyExpression>: null

31-03-2025T12:26:15 - [TEST_STEP][PASSED] - numberOfFilials = <not implemented yet for class: org.codehaus.groovy.ast.expr.EmptyExpression>: null

31-03-2025T12:26:15 - [TEST_STEP][PASSED] - numberOfSpaces = <not implemented yet for class: org.codehaus.groovy.ast.expr.EmptyExpression>: null

31-03-2025T12:26:15 - [TEST_STEP][PASSED] - file = <not implemented yet for class: org.codehaus.groovy.ast.expr.EmptyExpression>: null

31-03-2025T12:26:15 - [TEST_STEP][PASSED] - otpusk = <not implemented yet for class: org.codehaus.groovy.ast.expr.EmptyExpression>: null

31-03-2025T12:26:15 - [TEST_STEP][PASSED] - poteri = <not implemented yet for class: org.codehaus.groovy.ast.expr.EmptyExpression>: null

31-03-2025T12:26:15 - [TEST_STEP][PASSED] - dataFolder = "Выполнение бизнес-плана/Значения со страницы Выполнение бизнес-плана/": null

31-03-2025T12:26:15 - [TEST_STEP][PASSED] - path = <not implemented yet for class: org.codehaus.groovy.ast.expr.EmptyExpression>: null

31-03-2025T12:26:15 - [TEST_STEP][PASSED] - typeOfDataMain = <not implemented yet for class: org.codehaus.groovy.ast.expr.EmptyExpression>: null

31-03-2025T12:26:15 - [TEST_STEP][PASSED] - fileOtpuskVSet = <not implemented yet for class: org.codehaus.groovy.ast.expr.EmptyExpression>: null

31-03-2025T12:26:15 - [TEST_STEP][PASSED] - pageOtpuskVSet = <not implemented yet for class: org.codehaus.groovy.ast.expr.EmptyExpression>: null

31-03-2025T12:26:15 - [TEST_STEP][PASSED] - filePoteri = <not implemented yet for class: org.codehaus.groovy.ast.expr.EmptyExpression>: null

31-03-2025T12:26:15 - [TEST_STEP][PASSED] - pagePoteri = <not implemented yet for class: org.codehaus.groovy.ast.expr.EmptyExpression>: null

31-03-2025T12:26:15 - [TEST_STEP][PASSED] - compare = <not implemented yet for class: org.codehaus.groovy.ast.expr.EmptyExpression>: null

31-03-2025T12:26:15 - [TEST_STEP][PASSED] - b = <not implemented yet for class: org.codehaus.groovy.ast.expr.EmptyExpression>: null

31-03-2025T12:26:15 - [TEST_STEP][PASSED] - i = <not implemented yet for class: org.codehaus.groovy.ast.expr.EmptyExpression>: null

31-03-2025T12:26:15 - [TEST_STEP][PASSED] - ii = <not implemented yet for class: org.codehaus.groovy.ast.expr.EmptyExpression>: null

31-03-2025T12:26:15 - [TEST_STEP][PASSED] - c = <not implemented yet for class: org.codehaus.groovy.ast.expr.EmptyExpression>: null

31-03-2025T12:26:15 - [TEST_STEP][PASSED] - numberOfErrors = 0: null

31-03-2025T12:26:15 - [TEST_STEP][PASSED] - if (a == 82): null

31-03-2025T12:26:15 - [TEST_STEP][PASSED] - b = findTestData("PlanFact").getValue(1, a): null

31-03-2025T12:26:15 - [TEST_STEP][PASSED] - i = b.indexOf(" (ГК)"): null

31-03-2025T12:26:15 - [TEST_STEP][PASSED] - if (i > -1): null

31-03-2025T12:26:15 - [TEST_STEP][PASSED] - i = b.indexOf("О ""): null

31-03-2025T12:26:15 - [TEST_STEP][PASSED] - if (i > -1): null

31-03-2025T12:26:15 - [TEST_STEP][PASSED] - b = b.substring(i + 3, b.length()): null

31-03-2025T12:26:15 - [TEST_STEP][PASSED] - i = b.indexOf("""): null

31-03-2025T12:26:15 - [TEST_STEP][PASSED] - b = b.substring(0, i): null

31-03-2025T12:26:15 - [TEST_STEP][PASSED] - i = b.indexOf("О «"): null

31-03-2025T12:26:15 - [TEST_STEP][PASSED] - if (i > -1): null

31-03-2025T12:26:15 - [TEST_STEP][PASSED] - i = b.indexOf("г. "): null

31-03-2025T12:26:15 - [TEST_STEP][PASSED] - if (i > -1): null

31-03-2025T12:26:15 - [TEST_STEP][PASSED] - b = b.trim(): null

31-03-2025T12:26:15 - [TEST_STEP][PASSED] - println(b): null

31-03-2025T12:26:15 - [TEST_STEP][PASSED] - for ([planFact = 1, planFact < 3, (planFact++)]): Object: 'Object Repository/Выполнение бизнес-плана/Кнопка Факт' is clicked on

31-03-2025T12:26:15 - [TEST_STEP][PASSED] - if (planFact == 1): null

31-03-2025T12:26:15 - [TEST_STEP][PASSED] - typeOfDataMain = "Факт": null

31-03-2025T12:26:15 - [TEST_STEP][PASSED] - otpusk = findTestData("PlanFact").getValue(5, a): null

31-03-2025T12:26:15 - [TEST_STEP][PASSED] - poteri = findTestData("PlanFact").getValue(6, a): null

31-03-2025T12:26:15 - [TEST_STEP][PASSED] - otpusk = otpusk.replaceAll("\s+", ""): null

31-03-2025T12:26:15 - [TEST_STEP][PASSED] - poteri = poteri.replaceAll("\s+", ""): null

31-03-2025T12:26:15 - [TEST_STEP][PASSED] - typeOfData = typeOfDataMain + " Отпуск в сеть": null

31-03-2025T12:26:15 - [TEST_STEP][PASSED] - if (a == 82): null

31-03-2025T12:26:15 - [TEST_STEP][PASSED] - else if (a == 84): null

31-03-2025T12:26:15 - [TEST_STEP][PASSED] - else if (a == 83 || a == 52 || a == 72 || a == 28 || a == 73 || a == 77 || a == 74 || a == 65 || a == 36 || a == 44 || a == 53 || a == 80 || a == 54 || a == 1 || a == 18 || a == 59 || a == 81): null

31-03-2025T12:26:15 - [TEST_STEP][PASSED] - else: null

31-03-2025T12:26:15 - [TEST_STEP][PASSED] - path = dataFolder + typeOfData + " за отчётный период " + b: null

31-03-2025T12:26:15 - [TEST_STEP][PASSED] - println(path): null

31-03-2025T12:26:15 - [TEST_STEP][PASSED] - page = getText(findTestObject(path)): Text of object 'Object Repository/Выполнение бизнес-плана/Значения со страницы Выполнение бизнес-плана/Факт Отпуск в сеть за отчётный период ВМЭС' is: '204 505'

31-03-2025T12:26:15 - [MESSAGE][PASSED] - Text of object 'Object Repository/Выполнение бизнес-плана/Значения со страницы Выполнение бизнес-плана/Факт Отпуск в сеть за отчётный период ВМЭС' is: '204 505'

31-03-2025T12:26:15 - [TEST_STEP][PASSED] - if (page == "" || page == null): null

31-03-2025T12:26:15 - [TEST_STEP][PASSED] - else: null

31-03-2025T12:26:15 - [TEST_STEP][PASSED] - page = page.replaceAll("\s+", ""): null

31-03-2025T12:26:15 - [TEST_STEP][PASSED] - if (page == "undefined"): null

31-03-2025T12:26:15 - [TEST_STEP][PASSED] - fileOtpuskVSet = otpusk.toInteger(): null

31-03-2025T12:26:15 - [TEST_STEP][PASSED] - pageOtpuskVSet = page.toInteger(): null

31-03-2025T12:26:15 - [TEST_STEP][PASSED] - typeOfData = typeOfDataMain + " Потери": null

31-03-2025T12:26:15 - [TEST_STEP][PASSED] - if (a == 82): null

31-03-2025T12:26:15 - [TEST_STEP][PASSED] - else if (a == 84): null

31-03-2025T12:26:15 - [TEST_STEP][PASSED] - else if (a == 83 || a == 52 || a == 72 || a == 28 || a == 73 || a == 77 || a == 74 || a == 65 || a == 44 || a == 53 || a == 80 || a == 54 || a == 1 || a == 18 || a == 59 || a == 81): null

31-03-2025T12:26:15 - [TEST_STEP][PASSED] - else: null

31-03-2025T12:26:15 - [TEST_STEP][PASSED] - path = dataFolder + typeOfData + " за отчётный период " + b: null

31-03-2025T12:26:15 - [TEST_STEP][PASSED] - page = getText(findTestObject(path)): Text of object 'Object Repository/Выполнение бизнес-плана/Значения со страницы Выполнение бизнес-плана/Факт Потери за отчётный период ВМЭС' is: '27 093'

31-03-2025T12:26:16 - [MESSAGE][PASSED] - Text of object 'Object Repository/Выполнение бизнес-плана/Значения со страницы Выполнение бизнес-плана/Факт Потери за отчётный период ВМЭС' is: '27 093'

31-03-2025T12:26:16 - [TEST_STEP][PASSED] - if (page == "" || page == null): null

31-03-2025T12:26:16 - [TEST_STEP][PASSED] - else: null

31-03-2025T12:26:16 - [TEST_STEP][PASSED] - page = page.replaceAll("\s+", ""): null

31-03-2025T12:26:16 - [TEST_STEP][PASSED] - if (page == "undefined"): null

31-03-2025T12:26:16 - [TEST_STEP][PASSED] - filePoteri = poteri.toInteger(): null

31-03-2025T12:26:16 - [TEST_STEP][PASSED] - pagePoteri = page.toInteger(): null

31-03-2025T12:26:16 - [TEST_STEP][PASSED] - compare = pageOtpuskVSet: null

31-03-2025T12:26:16 - [TEST_STEP][PASSED] - if (pageOtpuskVSet != null): null

31-03-2025T12:26:16 - [TEST_STEP][PASSED] - if (compare == fileOtpuskVSet): null

31-03-2025T12:26:16 - [TEST_STEP][PASSED] - if (compare == fileOtpuskVSet): null

31-03-2025T12:26:16 - [TEST_STEP][PASSED] - compare = pagePoteri: null

31-03-2025T12:26:16 - [TEST_STEP][PASSED] - if (pageOtpuskVSet != null): null

31-03-2025T12:26:16 - [TEST_STEP][PASSED] - if (compare == filePoteri): null

31-03-2025T12:26:16 - [TEST_STEP][PASSED] - if (compare == filePoteri): null

31-03-2025T12:26:16 - [TEST_STEP][PASSED] - if (planFact == 2): null

31-03-2025T12:26:16 - [TEST_STEP][PASSED] - if (planFact == 1): null

31-03-2025T12:26:16 - [TEST_STEP][PASSED] - else if (planFact == 2): null

31-03-2025T12:26:16 - [TEST_STEP][PASSED] - click(findTestObject("Выполнение бизнес-плана/Кнопка План")): Object: 'Object Repository/Выполнение бизнес-плана/Кнопка План' is clicked on

31-03-2025T12:26:16 - [MESSAGE][PASSED] - Object: 'Object Repository/Выполнение бизнес-плана/Кнопка План' is clicked on

31-03-2025T12:26:16 - [TEST_STEP][PASSED] - typeOfDataMain = "План": null

31-03-2025T12:26:16 - [TEST_STEP][PASSED] - otpusk = findTestData("PlanFact").getValue(2, a): null

31-03-2025T12:26:16 - [TEST_STEP][PASSED] - poteri = findTestData("PlanFact").getValue(3, a): null

31-03-2025T12:26:16 - [TEST_STEP][PASSED] - otpusk = otpusk.replaceAll("\s+", ""): null

31-03-2025T12:26:16 - [TEST_STEP][PASSED] - poteri = poteri.replaceAll("\s+", ""): null

31-03-2025T12:26:16 - [TEST_STEP][PASSED] - typeOfData = typeOfDataMain + " Отпуск в сеть": null

31-03-2025T12:26:16 - [TEST_STEP][PASSED] - if (a == 82): null

31-03-2025T12:26:16 - [TEST_STEP][PASSED] - else if (a == 84): null

31-03-2025T12:26:16 - [TEST_STEP][PASSED] - else if (a == 83 || a == 52 || a == 72 || a == 28 || a == 73 || a == 77 || a == 74 || a == 65 || a == 36 || a == 44 || a == 53 || a == 80 || a == 54 || a == 1 || a == 18 || a == 59 || a == 81): null

31-03-2025T12:26:16 - [TEST_STEP][PASSED] - else: null

31-03-2025T12:26:16 - [TEST_STEP][PASSED] - path = dataFolder + typeOfData + " за отчётный период " + b: null

31-03-2025T12:26:16 - [TEST_STEP][PASSED] - println(path): null

31-03-2025T12:26:16 - [TEST_STEP][PASSED] - page = getText(findTestObject(path)): Text of object 'Object Repository/Выполнение бизнес-плана/Значения со страницы Выполнение бизнес-плана/План Отпуск в сеть за отчётный период ВМЭС' is: '222 588'

31-03-2025T12:26:16 - [MESSAGE][PASSED] - Text of object 'Object Repository/Выполнение бизнес-плана/Значения со страницы Выполнение бизнес-плана/План Отпуск в сеть за отчётный период ВМЭС' is: '222 588'

31-03-2025T12:26:16 - [TEST_STEP][PASSED] - if (page == "" || page == null): null

31-03-2025T12:26:16 - [TEST_STEP][PASSED] - else: null

31-03-2025T12:26:16 - [TEST_STEP][PASSED] - page = page.replaceAll("\s+", ""): null

31-03-2025T12:26:16 - [TEST_STEP][PASSED] - if (page == "undefined"): null

31-03-2025T12:26:16 - [TEST_STEP][PASSED] - fileOtpuskVSet = otpusk.toInteger(): null

31-03-2025T12:26:16 - [TEST_STEP][PASSED] - pageOtpuskVSet = page.toInteger(): null

31-03-2025T12:26:16 - [TEST_STEP][PASSED] - typeOfData = typeOfDataMain + " Потери": null

31-03-2025T12:26:16 - [TEST_STEP][PASSED] - if (a == 82): null

31-03-2025T12:26:16 - [TEST_STEP][PASSED] - else if (a == 84): null

31-03-2025T12:26:16 - [TEST_STEP][PASSED] - else if (a == 83 || a == 52 || a == 72 || a == 28 || a == 73 || a == 77 || a == 74 || a == 65 || a == 44 || a == 53 || a == 80 || a == 54 || a == 1 || a == 18 || a == 59 || a == 81): null

31-03-2025T12:26:16 - [TEST_STEP][PASSED] - else: null

31-03-2025T12:26:16 - [TEST_STEP][PASSED] - path = dataFolder + typeOfData + " за отчётный период " + b: null

31-03-2025T12:26:16 - [TEST_STEP][PASSED] - page = getText(findTestObject(path)): Text of object 'Object Repository/Выполнение бизнес-плана/Значения со страницы Выполнение бизнес-плана/План Потери за отчётный период ВМЭС' is: '38 831'

31-03-2025T12:26:17 - [MESSAGE][PASSED] - Text of object 'Object Repository/Выполнение бизнес-плана/Значения со страницы Выполнение бизнес-плана/План Потери за отчётный период ВМЭС' is: '38 831'

31-03-2025T12:26:17 - [TEST_STEP][PASSED] - if (page == "" || page == null): null

31-03-2025T12:26:17 - [TEST_STEP][PASSED] - else: null

31-03-2025T12:26:17 - [TEST_STEP][PASSED] - page = page.replaceAll("\s+", ""): null

31-03-2025T12:26:17 - [TEST_STEP][PASSED] - if (page == "undefined"): null

31-03-2025T12:26:17 - [TEST_STEP][PASSED] - filePoteri = poteri.toInteger(): null

31-03-2025T12:26:17 - [TEST_STEP][PASSED] - pagePoteri = page.toInteger(): null

31-03-2025T12:26:17 - [TEST_STEP][PASSED] - compare = pageOtpuskVSet: null

31-03-2025T12:26:17 - [TEST_STEP][PASSED] - if (pageOtpuskVSet != null): null

31-03-2025T12:26:17 - [TEST_STEP][PASSED] - if (compare == fileOtpuskVSet): null

31-03-2025T12:26:17 - [TEST_STEP][PASSED] - if (compare == fileOtpuskVSet): null

31-03-2025T12:26:17 - [TEST_STEP][PASSED] - compare = pagePoteri: null

31-03-2025T12:26:17 - [TEST_STEP][PASSED] - if (pageOtpuskVSet != null): null

31-03-2025T12:26:17 - [TEST_STEP][PASSED] - if (compare == filePoteri): null

31-03-2025T12:26:17 - [TEST_STEP][PASSED] - if (compare == filePoteri): null

31-03-2025T12:26:17 - [TEST_STEP][PASSED] - if (planFact == 2): Object: 'Object Repository/Выполнение бизнес-плана/Кнопка Факт' is clicked on

31-03-2025T12:26:17 - [TEST_STEP][PASSED] - click(findTestObject("Выполнение бизнес-плана/Кнопка Факт")): Object: 'Object Repository/Выполнение бизнес-плана/Кнопка Факт' is clicked on

31-03-2025T12:26:17 - [MESSAGE][PASSED] - Object: 'Object Repository/Выполнение бизнес-плана/Кнопка Факт' is clicked on

31-03-2025T12:26:17 - [TEST_STEP][PASSED] - println("a=" + a): null

31-03-2025T12:26:17 - [TEST_STEP][PASSED] - if (a == 84 || a == 82): null

31-03-2025T12:26:17 - [TEST_STEP][PASSED] - else if (a == 83 || a == 52 || a == 72 || a == 28 || a == 73 || a == 77 || a == 74 || a == 65 || a == 36 || a == 44 || a == 53 || a == 80 || a == 54 || a == 1 || a == 18 || a == 59 || a == 81): null

31-03-2025T12:26:17 - [TEST_STEP][PASSED] - else: null

31-03-2025T12:26:17 - [TEST_STEP][PASSED] - page1 = getText(findTestObject("Object Repository/Выполнение бизнес-плана/spanPlan" + filialNum)): Text of object 'Object Repository/Выполнение бизнес-плана/spanPlan1' is: '17.45
|'

31-03-2025T12:26:17 - [MESSAGE][PASSED] - Text of object 'Object Repository/Выполнение бизнес-плана/spanPlan1' is: '17.45
|'

31-03-2025T12:26:17 - [TEST_STEP][PASSED] - page1 = page1.replace("|", ""): null

31-03-2025T12:26:17 - [TEST_STEP][PASSED] - page2 = getText(findTestObject("Object Repository/Выполнение бизнес-плана/spanFact" + filialNum)): Text of object 'Object Repository/Выполнение бизнес-плана/spanFact1' is: '13.25
|'

31-03-2025T12:26:18 - [MESSAGE][PASSED] - Text of object 'Object Repository/Выполнение бизнес-плана/spanFact1' is: '13.25
|'

31-03-2025T12:26:18 - [TEST_STEP][PASSED] - page2 = page2.replace("|", ""): null

31-03-2025T12:26:18 - [TEST_STEP][PASSED] - println("page1: " + page1): null

31-03-2025T12:26:18 - [TEST_STEP][PASSED] - println("page2: " + page2): null

31-03-2025T12:26:18 - [TEST_STEP][PASSED] - file = findTestData("PlanFact").getValue(4, a): null

31-03-2025T12:26:18 - [TEST_STEP][PASSED] - file = file.replace(",", "."): null

31-03-2025T12:26:18 - [TEST_STEP][PASSED] - println("file Plan: " + file): null

31-03-2025T12:26:18 - [TEST_STEP][PASSED] - typeOfData = "План в процентах": null

31-03-2025T12:26:18 - [TEST_STEP][PASSED] - fileDouble = file.toDouble(): null

31-03-2025T12:26:18 - [TEST_STEP][PASSED] - pageDouble = page1.toDouble(): null

31-03-2025T12:26:18 - [TEST_STEP][PASSED] - if (fileDouble != pageDouble): null

31-03-2025T12:26:18 - [TEST_STEP][PASSED] - file = findTestData("PlanFact").getValue(7, a): null

31-03-2025T12:26:18 - [TEST_STEP][PASSED] - file = file.replace(",", "."): null

31-03-2025T12:26:18 - [TEST_STEP][PASSED] - println("file Fact: " + file): null

31-03-2025T12:26:18 - [TEST_STEP][PASSED] - fileDouble = file.toDouble(): null

31-03-2025T12:26:18 - [TEST_STEP][PASSED] - typeOfData = "Факт в процентах": null

31-03-2025T12:26:18 - [TEST_STEP][PASSED] - fileDouble = file.toDouble(): null

31-03-2025T12:26:18 - [TEST_STEP][PASSED] - pageDouble = page2.toDouble(): null

31-03-2025T12:26:18 - [TEST_STEP][PASSED] - if (fileDouble != pageDouble): null

31-03-2025T12:26:18 - [TEST_STEP][PASSED] - if (verifyEqual(numberOfErrors, 0) == false): Actual object '0' and expected object '0' are equal

31-03-2025T12:26:18 - [MESSAGE][PASSED] - Actual object '0' and expected object '0' are equal

31-03-2025T12:26:18 - [TEST_STEP][PASSED] - if (a == 82): null

31-03-2025T12:26:18 - [TEST_STEP][PASSED] - dZO = "Астраханьэнерго": null

31-03-2025T12:26:18 - [TEST_STEP][PASSED] - a = 60: null

31-03-2025T12:26:18 - [TEST_STEP][PASSED] - if (x2.contains(dZO)): null

31-03-2025T12:26:18 - [TEST_STEP][PASSED] - filialNum = filialNum + 1: null

31-03-2025T12:26:18 - [TEST_STEP][PASSED] - Script1718980020443.Numbers(a, typeOfData, todaysDate, pageInt, fileInt, pageDouble, fileDouble, dZO, dzoNum, filialNum): null

31-03-2025T12:26:18 - [TEST_STEP][PASSED] - println(dzoNum): null

31-03-2025T12:26:18 - [TEST_STEP][PASSED] - planFact = <not implemented yet for class: org.codehaus.groovy.ast.expr.EmptyExpression>: null

31-03-2025T12:26:18 - [TEST_STEP][PASSED] - page = <not implemented yet for class: org.codehaus.groovy.ast.expr.EmptyExpression>: null

31-03-2025T12:26:18 - [TEST_STEP][PASSED] - page1 = <not implemented yet for class: org.codehaus.groovy.ast.expr.EmptyExpression>: null

31-03-2025T12:26:18 - [TEST_STEP][PASSED] - page2 = <not implemented yet for class: org.codehaus.groovy.ast.expr.EmptyExpression>: null

31-03-2025T12:26:18 - [TEST_STEP][PASSED] - filialNumberInRow = <not implemented yet for class: org.codehaus.groovy.ast.expr.EmptyExpression>: null

31-03-2025T12:26:18 - [TEST_STEP][PASSED] - filialsDzoNames = <not implemented yet for class: org.codehaus.groovy.ast.expr.EmptyExpression>: null

31-03-2025T12:26:18 - [TEST_STEP][PASSED] - numberOfFilials = <not implemented yet for class: org.codehaus.groovy.ast.expr.EmptyExpression>: null

31-03-2025T12:26:18 - [TEST_STEP][PASSED] - numberOfSpaces = <not implemented yet for class: org.codehaus.groovy.ast.expr.EmptyExpression>: null

31-03-2025T12:26:18 - [TEST_STEP][PASSED] - file = <not implemented yet for class: org.codehaus.groovy.ast.expr.EmptyExpression>: null

31-03-2025T12:26:18 - [TEST_STEP][PASSED] - otpusk = <not implemented yet for class: org.codehaus.groovy.ast.expr.EmptyExpression>: null

31-03-2025T12:26:18 - [TEST_STEP][PASSED] - poteri = <not implemented yet for class: org.codehaus.groovy.ast.expr.EmptyExpression>: null

31-03-2025T12:26:18 - [TEST_STEP][PASSED] - dataFolder = "Выполнение бизнес-плана/Значения со страницы Выполнение бизнес-плана/": null

31-03-2025T12:26:18 - [TEST_STEP][PASSED] - path = <not implemented yet for class: org.codehaus.groovy.ast.expr.EmptyExpression>: null

31-03-2025T12:26:18 - [TEST_STEP][PASSED] - typeOfDataMain = <not implemented yet for class: org.codehaus.groovy.ast.expr.EmptyExpression>: null

31-03-2025T12:26:18 - [TEST_STEP][PASSED] - fileOtpuskVSet = <not implemented yet for class: org.codehaus.groovy.ast.expr.EmptyExpression>: null

31-03-2025T12:26:18 - [TEST_STEP][PASSED] - pageOtpuskVSet = <not implemented yet for class: org.codehaus.groovy.ast.expr.EmptyExpression>: null

31-03-2025T12:26:18 - [TEST_STEP][PASSED] - filePoteri = <not implemented yet for class: org.codehaus.groovy.ast.expr.EmptyExpression>: null

31-03-2025T12:26:18 - [TEST_STEP][PASSED] - pagePoteri = <not implemented yet for class: org.codehaus.groovy.ast.expr.EmptyExpression>: null

31-03-2025T12:26:18 - [TEST_STEP][PASSED] - compare = <not implemented yet for class: org.codehaus.groovy.ast.expr.EmptyExpression>: null

31-03-2025T12:26:18 - [TEST_STEP][PASSED] - b = <not implemented yet for class: org.codehaus.groovy.ast.expr.EmptyExpression>: null

31-03-2025T12:26:18 - [TEST_STEP][PASSED] - i = <not implemented yet for class: org.codehaus.groovy.ast.expr.EmptyExpression>: null

31-03-2025T12:26:18 - [TEST_STEP][PASSED] - ii = <not implemented yet for class: org.codehaus.groovy.ast.expr.EmptyExpression>: null

31-03-2025T12:26:18 - [TEST_STEP][PASSED] - c = <not implemented yet for class: org.codehaus.groovy.ast.expr.EmptyExpression>: null

31-03-2025T12:26:18 - [TEST_STEP][PASSED] - numberOfErrors = 0: null

31-03-2025T12:26:18 - [TEST_STEP][PASSED] - if (a == 82): null

31-03-2025T12:26:18 - [TEST_STEP][PASSED] - b = findTestData("PlanFact").getValue(1, a): null

31-03-2025T12:26:18 - [TEST_STEP][PASSED] - i = b.indexOf(" (ГК)"): null

31-03-2025T12:26:18 - [TEST_STEP][PASSED] - if (i > -1): null

31-03-2025T12:26:18 - [TEST_STEP][PASSED] - i = b.indexOf("О ""): null

31-03-2025T12:26:18 - [TEST_STEP][PASSED] - if (i > -1): null

31-03-2025T12:26:18 - [TEST_STEP][PASSED] - i = b.indexOf("О «"): null

31-03-2025T12:26:18 - [TEST_STEP][PASSED] - if (i > -1): null

31-03-2025T12:26:18 - [TEST_STEP][PASSED] - i = b.indexOf("г. "): null

31-03-2025T12:26:18 - [TEST_STEP][PASSED] - if (i > -1): null

31-03-2025T12:26:18 - [TEST_STEP][PASSED] - b = b.trim(): null

31-03-2025T12:26:18 - [TEST_STEP][PASSED] - println(b): null

31-03-2025T12:26:18 - [TEST_STEP][PASSED] - for ([planFact = 1, planFact < 3, (planFact++)]): Object: 'Object Repository/Выполнение бизнес-плана/Кнопка Факт' is clicked on

31-03-2025T12:26:18 - [TEST_STEP][PASSED] - if (planFact == 1): null

31-03-2025T12:26:18 - [TEST_STEP][PASSED] - typeOfDataMain = "Факт": null

31-03-2025T12:26:18 - [TEST_STEP][PASSED] - otpusk = findTestData("PlanFact").getValue(5, a): null

31-03-2025T12:26:18 - [TEST_STEP][PASSED] - poteri = findTestData("PlanFact").getValue(6, a): null

31-03-2025T12:26:18 - [TEST_STEP][PASSED] - otpusk = otpusk.replaceAll("\s+", ""): null

31-03-2025T12:26:18 - [TEST_STEP][PASSED] - poteri = poteri.replaceAll("\s+", ""): null

31-03-2025T12:26:18 - [TEST_STEP][PASSED] - typeOfData = typeOfDataMain + " Отпуск в сеть": null

31-03-2025T12:26:18 - [TEST_STEP][PASSED] - if (a == 82): null

31-03-2025T12:26:18 - [TEST_STEP][PASSED] - else if (a == 84): null

31-03-2025T12:26:18 - [TEST_STEP][PASSED] - else if (a == 83 || a == 52 || a == 72 || a == 28 || a == 73 || a == 77 || a == 74 || a == 65 || a == 36 || a == 44 || a == 53 || a == 80 || a == 54 || a == 1 || a == 18 || a == 59 || a == 81): null

31-03-2025T12:26:18 - [TEST_STEP][PASSED] - else: null

31-03-2025T12:26:18 - [TEST_STEP][PASSED] - path = dataFolder + typeOfData + " за отчётный период " + b: null

31-03-2025T12:26:18 - [TEST_STEP][PASSED] - println(path): null

31-03-2025T12:26:18 - [TEST_STEP][PASSED] - page = getText(findTestObject(path)): Text of object 'Object Repository/Выполнение бизнес-плана/Значения со страницы Выполнение бизнес-плана/Факт Отпуск в сеть за отчётный период Астраханьэнерго' is: '312 576'

31-03-2025T12:26:19 - [MESSAGE][PASSED] - Text of object 'Object Repository/Выполнение бизнес-плана/Значения со страницы Выполнение бизнес-плана/Факт Отпуск в сеть за отчётный период Астраханьэнерго' is: '312 576'

31-03-2025T12:26:19 - [TEST_STEP][PASSED] - if (page == "" || page == null): null

31-03-2025T12:26:19 - [TEST_STEP][PASSED] - else: null

31-03-2025T12:26:19 - [TEST_STEP][PASSED] - page = page.replaceAll("\s+", ""): null

31-03-2025T12:26:19 - [TEST_STEP][PASSED] - if (page == "undefined"): null

31-03-2025T12:26:19 - [TEST_STEP][PASSED] - fileOtpuskVSet = otpusk.toInteger(): null

31-03-2025T12:26:19 - [TEST_STEP][PASSED] - pageOtpuskVSet = page.toInteger(): null

31-03-2025T12:26:19 - [TEST_STEP][PASSED] - typeOfData = typeOfDataMain + " Потери": null

31-03-2025T12:26:19 - [TEST_STEP][PASSED] - if (a == 82): null

31-03-2025T12:26:19 - [TEST_STEP][PASSED] - else if (a == 84): null

31-03-2025T12:26:19 - [TEST_STEP][PASSED] - else if (a == 83 || a == 52 || a == 72 || a == 28 || a == 73 || a == 77 || a == 74 || a == 65 || a == 44 || a == 53 || a == 80 || a == 54 || a == 1 || a == 18 || a == 59 || a == 81): null

31-03-2025T12:26:19 - [TEST_STEP][PASSED] - else: null

31-03-2025T12:26:19 - [TEST_STEP][PASSED] - path = dataFolder + typeOfData + " за отчётный период " + b: null

31-03-2025T12:26:19 - [TEST_STEP][PASSED] - page = getText(findTestObject(path)): Text of object 'Object Repository/Выполнение бизнес-плана/Значения со страницы Выполнение бизнес-плана/Факт Потери за отчётный период Астраханьэнерго' is: '55 661'

31-03-2025T12:26:19 - [MESSAGE][PASSED] - Text of object 'Object Repository/Выполнение бизнес-плана/Значения со страницы Выполнение бизнес-плана/Факт Потери за отчётный период Астраханьэнерго' is: '55 661'

31-03-2025T12:26:19 - [TEST_STEP][PASSED] - if (page == "" || page == null): null

31-03-2025T12:26:19 - [TEST_STEP][PASSED] - else: null

31-03-2025T12:26:19 - [TEST_STEP][PASSED] - page = page.replaceAll("\s+", ""): null

31-03-2025T12:26:19 - [TEST_STEP][PASSED] - if (page == "undefined"): null

31-03-2025T12:26:19 - [TEST_STEP][PASSED] - filePoteri = poteri.toInteger(): null

31-03-2025T12:26:19 - [TEST_STEP][PASSED] - pagePoteri = page.toInteger(): null

31-03-2025T12:26:19 - [TEST_STEP][PASSED] - compare = pageOtpuskVSet: null

31-03-2025T12:26:19 - [TEST_STEP][PASSED] - if (pageOtpuskVSet != null): null

31-03-2025T12:26:19 - [TEST_STEP][PASSED] - if (compare == fileOtpuskVSet): null

31-03-2025T12:26:19 - [TEST_STEP][PASSED] - if (compare == fileOtpuskVSet): null

31-03-2025T12:26:19 - [TEST_STEP][PASSED] - compare = pagePoteri: null

31-03-2025T12:26:19 - [TEST_STEP][PASSED] - if (pageOtpuskVSet != null): null

31-03-2025T12:26:19 - [TEST_STEP][PASSED] - if (compare == filePoteri): null

31-03-2025T12:26:19 - [TEST_STEP][PASSED] - if (compare == filePoteri): null

31-03-2025T12:26:19 - [TEST_STEP][PASSED] - if (planFact == 2): null

31-03-2025T12:26:19 - [TEST_STEP][PASSED] - if (planFact == 1): null

31-03-2025T12:26:19 - [TEST_STEP][PASSED] - else if (planFact == 2): null

31-03-2025T12:26:19 - [TEST_STEP][PASSED] - click(findTestObject("Выполнение бизнес-плана/Кнопка План")): Object: 'Object Repository/Выполнение бизнес-плана/Кнопка План' is clicked on

31-03-2025T12:26:19 - [MESSAGE][PASSED] - Object: 'Object Repository/Выполнение бизнес-плана/Кнопка План' is clicked on

31-03-2025T12:26:19 - [TEST_STEP][PASSED] - typeOfDataMain = "План": null

31-03-2025T12:26:19 - [TEST_STEP][PASSED] - otpusk = findTestData("PlanFact").getValue(2, a): null

31-03-2025T12:26:19 - [TEST_STEP][PASSED] - poteri = findTestData("PlanFact").getValue(3, a): null

31-03-2025T12:26:19 - [TEST_STEP][PASSED] - otpusk = otpusk.replaceAll("\s+", ""): null

31-03-2025T12:26:19 - [TEST_STEP][PASSED] - poteri = poteri.replaceAll("\s+", ""): null

31-03-2025T12:26:19 - [TEST_STEP][PASSED] - typeOfData = typeOfDataMain + " Отпуск в сеть": null

31-03-2025T12:26:19 - [TEST_STEP][PASSED] - if (a == 82): null

31-03-2025T12:26:19 - [TEST_STEP][PASSED] - else if (a == 84): null

31-03-2025T12:26:19 - [TEST_STEP][PASSED] - else if (a == 83 || a == 52 || a == 72 || a == 28 || a == 73 || a == 77 || a == 74 || a == 65 || a == 36 || a == 44 || a == 53 || a == 80 || a == 54 || a == 1 || a == 18 || a == 59 || a == 81): null

31-03-2025T12:26:19 - [TEST_STEP][PASSED] - else: null

31-03-2025T12:26:19 - [TEST_STEP][PASSED] - path = dataFolder + typeOfData + " за отчётный период " + b: null

31-03-2025T12:26:19 - [TEST_STEP][PASSED] - println(path): null

31-03-2025T12:26:19 - [TEST_STEP][PASSED] - page = getText(findTestObject(path)): Text of object 'Object Repository/Выполнение бизнес-плана/Значения со страницы Выполнение бизнес-плана/План Отпуск в сеть за отчётный период Астраханьэнерго' is: '326 394'

31-03-2025T12:26:20 - [MESSAGE][PASSED] - Text of object 'Object Repository/Выполнение бизнес-плана/Значения со страницы Выполнение бизнес-плана/План Отпуск в сеть за отчётный период Астраханьэнерго' is: '326 394'

31-03-2025T12:26:20 - [TEST_STEP][PASSED] - if (page == "" || page == null): null

31-03-2025T12:26:20 - [TEST_STEP][PASSED] - else: null

31-03-2025T12:26:20 - [TEST_STEP][PASSED] - page = page.replaceAll("\s+", ""): null

31-03-2025T12:26:20 - [TEST_STEP][PASSED] - if (page == "undefined"): null

31-03-2025T12:26:20 - [TEST_STEP][PASSED] - fileOtpuskVSet = otpusk.toInteger(): null

31-03-2025T12:26:20 - [TEST_STEP][PASSED] - pageOtpuskVSet = page.toInteger(): null

31-03-2025T12:26:20 - [TEST_STEP][PASSED] - typeOfData = typeOfDataMain + " Потери": null

31-03-2025T12:26:20 - [TEST_STEP][PASSED] - if (a == 82): null

31-03-2025T12:26:20 - [TEST_STEP][PASSED] - else if (a == 84): null

31-03-2025T12:26:20 - [TEST_STEP][PASSED] - else if (a == 83 || a == 52 || a == 72 || a == 28 || a == 73 || a == 77 || a == 74 || a == 65 || a == 44 || a == 53 || a == 80 || a == 54 || a == 1 || a == 18 || a == 59 || a == 81): null

31-03-2025T12:26:20 - [TEST_STEP][PASSED] - else: null

31-03-2025T12:26:20 - [TEST_STEP][PASSED] - path = dataFolder + typeOfData + " за отчётный период " + b: null

31-03-2025T12:26:20 - [TEST_STEP][PASSED] - page = getText(findTestObject(path)): Text of object 'Object Repository/Выполнение бизнес-плана/Значения со страницы Выполнение бизнес-плана/План Потери за отчётный период Астраханьэнерго' is: '69 325'

31-03-2025T12:26:20 - [MESSAGE][PASSED] - Text of object 'Object Repository/Выполнение бизнес-плана/Значения со страницы Выполнение бизнес-плана/План Потери за отчётный период Астраханьэнерго' is: '69 325'

31-03-2025T12:26:20 - [TEST_STEP][PASSED] - if (page == "" || page == null): null

31-03-2025T12:26:20 - [TEST_STEP][PASSED] - else: null

31-03-2025T12:26:20 - [TEST_STEP][PASSED] - page = page.replaceAll("\s+", ""): null

31-03-2025T12:26:20 - [TEST_STEP][PASSED] - if (page == "undefined"): null

31-03-2025T12:26:20 - [TEST_STEP][PASSED] - filePoteri = poteri.toInteger(): null

31-03-2025T12:26:20 - [TEST_STEP][PASSED] - pagePoteri = page.toInteger(): null

31-03-2025T12:26:20 - [TEST_STEP][PASSED] - compare = pageOtpuskVSet: null

31-03-2025T12:26:20 - [TEST_STEP][PASSED] - if (pageOtpuskVSet != null): null

31-03-2025T12:26:20 - [TEST_STEP][PASSED] - if (compare == fileOtpuskVSet): null

31-03-2025T12:26:20 - [TEST_STEP][PASSED] - if (compare == fileOtpuskVSet): null

31-03-2025T12:26:20 - [TEST_STEP][PASSED] - compare = pagePoteri: null

31-03-2025T12:26:20 - [TEST_STEP][PASSED] - if (pageOtpuskVSet != null): null

31-03-2025T12:26:20 - [TEST_STEP][PASSED] - if (compare == filePoteri): null

31-03-2025T12:26:20 - [TEST_STEP][PASSED] - if (compare == filePoteri): null

31-03-2025T12:26:20 - [TEST_STEP][PASSED] - if (planFact == 2): Object: 'Object Repository/Выполнение бизнес-плана/Кнопка Факт' is clicked on

31-03-2025T12:26:20 - [TEST_STEP][PASSED] - click(findTestObject("Выполнение бизнес-плана/Кнопка Факт")): Object: 'Object Repository/Выполнение бизнес-плана/Кнопка Факт' is clicked on

31-03-2025T12:26:20 - [MESSAGE][PASSED] - Object: 'Object Repository/Выполнение бизнес-плана/Кнопка Факт' is clicked on

31-03-2025T12:26:20 - [TEST_STEP][PASSED] - println("a=" + a): null

31-03-2025T12:26:20 - [TEST_STEP][PASSED] - if (a == 84 || a == 82): null

31-03-2025T12:26:20 - [TEST_STEP][PASSED] - else if (a == 83 || a == 52 || a == 72 || a == 28 || a == 73 || a == 77 || a == 74 || a == 65 || a == 36 || a == 44 || a == 53 || a == 80 || a == 54 || a == 1 || a == 18 || a == 59 || a == 81): null

31-03-2025T12:26:20 - [TEST_STEP][PASSED] - else: null

31-03-2025T12:26:20 - [TEST_STEP][PASSED] - page1 = getText(findTestObject("Object Repository/Выполнение бизнес-плана/spanPlan" + filialNum)): Text of object 'Object Repository/Выполнение бизнес-плана/spanPlan2' is: '21.24
|'

31-03-2025T12:26:20 - [MESSAGE][PASSED] - Text of object 'Object Repository/Выполнение бизнес-плана/spanPlan2' is: '21.24
|'

31-03-2025T12:26:20 - [TEST_STEP][PASSED] - page1 = page1.replace("|", ""): null

31-03-2025T12:26:20 - [TEST_STEP][PASSED] - page2 = getText(findTestObject("Object Repository/Выполнение бизнес-плана/spanFact" + filialNum)): Text of object 'Object Repository/Выполнение бизнес-плана/spanFact2' is: '17.81
|'

31-03-2025T12:26:21 - [MESSAGE][PASSED] - Text of object 'Object Repository/Выполнение бизнес-плана/spanFact2' is: '17.81
|'

31-03-2025T12:26:21 - [TEST_STEP][PASSED] - page2 = page2.replace("|", ""): null

31-03-2025T12:26:21 - [TEST_STEP][PASSED] - println("page1: " + page1): null

31-03-2025T12:26:21 - [TEST_STEP][PASSED] - println("page2: " + page2): null

31-03-2025T12:26:21 - [TEST_STEP][PASSED] - file = findTestData("PlanFact").getValue(4, a): null

31-03-2025T12:26:21 - [TEST_STEP][PASSED] - file = file.replace(",", "."): null

31-03-2025T12:26:21 - [TEST_STEP][PASSED] - println("file Plan: " + file): null

31-03-2025T12:26:21 - [TEST_STEP][PASSED] - typeOfData = "План в процентах": null

31-03-2025T12:26:21 - [TEST_STEP][PASSED] - fileDouble = file.toDouble(): null

31-03-2025T12:26:21 - [TEST_STEP][PASSED] - pageDouble = page1.toDouble(): null

31-03-2025T12:26:21 - [TEST_STEP][PASSED] - if (fileDouble != pageDouble): null

31-03-2025T12:26:21 - [TEST_STEP][PASSED] - file = findTestData("PlanFact").getValue(7, a): null

31-03-2025T12:26:21 - [TEST_STEP][PASSED] - file = file.replace(",", "."): null

31-03-2025T12:26:21 - [TEST_STEP][PASSED] - println("file Fact: " + file): null

31-03-2025T12:26:21 - [TEST_STEP][PASSED] - fileDouble = file.toDouble(): null

31-03-2025T12:26:21 - [TEST_STEP][PASSED] - typeOfData = "Факт в процентах": null

31-03-2025T12:26:21 - [TEST_STEP][PASSED] - fileDouble = file.toDouble(): null

31-03-2025T12:26:21 - [TEST_STEP][PASSED] - pageDouble = page2.toDouble(): null

31-03-2025T12:26:21 - [TEST_STEP][PASSED] - if (fileDouble != pageDouble): null

31-03-2025T12:26:21 - [TEST_STEP][PASSED] - if (verifyEqual(numberOfErrors, 0) == false): Actual object '0' and expected object '0' are equal

31-03-2025T12:26:21 - [MESSAGE][PASSED] - Actual object '0' and expected object '0' are equal

31-03-2025T12:26:21 - [TEST_STEP][PASSED] - if (a == 82): null

31-03-2025T12:26:21 - [TEST_STEP][PASSED] - dZO = "Волгоградэнерго": null

31-03-2025T12:26:21 - [TEST_STEP][PASSED] - a = 61: null

31-03-2025T12:26:21 - [TEST_STEP][PASSED] - if (x2.contains(dZO)): null

31-03-2025T12:26:21 - [TEST_STEP][PASSED] - filialNum = filialNum + 1: null

31-03-2025T12:26:21 - [TEST_STEP][PASSED] - Script1718980020443.Numbers(a, typeOfData, todaysDate, pageInt, fileInt, pageDouble, fileDouble, dZO, dzoNum, filialNum): null

31-03-2025T12:26:21 - [TEST_STEP][PASSED] - println(dzoNum): null

31-03-2025T12:26:21 - [TEST_STEP][PASSED] - planFact = <not implemented yet for class: org.codehaus.groovy.ast.expr.EmptyExpression>: null

31-03-2025T12:26:21 - [TEST_STEP][PASSED] - page = <not implemented yet for class: org.codehaus.groovy.ast.expr.EmptyExpression>: null

31-03-2025T12:26:21 - [TEST_STEP][PASSED] - page1 = <not implemented yet for class: org.codehaus.groovy.ast.expr.EmptyExpression>: null

31-03-2025T12:26:21 - [TEST_STEP][PASSED] - page2 = <not implemented yet for class: org.codehaus.groovy.ast.expr.EmptyExpression>: null

31-03-2025T12:26:21 - [TEST_STEP][PASSED] - filialNumberInRow = <not implemented yet for class: org.codehaus.groovy.ast.expr.EmptyExpression>: null

31-03-2025T12:26:21 - [TEST_STEP][PASSED] - filialsDzoNames = <not implemented yet for class: org.codehaus.groovy.ast.expr.EmptyExpression>: null

31-03-2025T12:26:21 - [TEST_STEP][PASSED] - numberOfFilials = <not implemented yet for class: org.codehaus.groovy.ast.expr.EmptyExpression>: null

31-03-2025T12:26:21 - [TEST_STEP][PASSED] - numberOfSpaces = <not implemented yet for class: org.codehaus.groovy.ast.expr.EmptyExpression>: null

31-03-2025T12:26:21 - [TEST_STEP][PASSED] - file = <not implemented yet for class: org.codehaus.groovy.ast.expr.EmptyExpression>: null

31-03-2025T12:26:21 - [TEST_STEP][PASSED] - otpusk = <not implemented yet for class: org.codehaus.groovy.ast.expr.EmptyExpression>: null

31-03-2025T12:26:21 - [TEST_STEP][PASSED] - poteri = <not implemented yet for class: org.codehaus.groovy.ast.expr.EmptyExpression>: null

31-03-2025T12:26:21 - [TEST_STEP][PASSED] - dataFolder = "Выполнение бизнес-плана/Значения со страницы Выполнение бизнес-плана/": null

31-03-2025T12:26:21 - [TEST_STEP][PASSED] - path = <not implemented yet for class: org.codehaus.groovy.ast.expr.EmptyExpression>: null

31-03-2025T12:26:21 - [TEST_STEP][PASSED] - typeOfDataMain = <not implemented yet for class: org.codehaus.groovy.ast.expr.EmptyExpression>: null

31-03-2025T12:26:21 - [TEST_STEP][PASSED] - fileOtpuskVSet = <not implemented yet for class: org.codehaus.groovy.ast.expr.EmptyExpression>: null

31-03-2025T12:26:21 - [TEST_STEP][PASSED] - pageOtpuskVSet = <not implemented yet for class: org.codehaus.groovy.ast.expr.EmptyExpression>: null

31-03-2025T12:26:21 - [TEST_STEP][PASSED] - filePoteri = <not implemented yet for class: org.codehaus.groovy.ast.expr.EmptyExpression>: null

31-03-2025T12:26:21 - [TEST_STEP][PASSED] - pagePoteri = <not implemented yet for class: org.codehaus.groovy.ast.expr.EmptyExpression>: null

31-03-2025T12:26:21 - [TEST_STEP][PASSED] - compare = <not implemented yet for class: org.codehaus.groovy.ast.expr.EmptyExpression>: null

31-03-2025T12:26:21 - [TEST_STEP][PASSED] - b = <not implemented yet for class: org.codehaus.groovy.ast.expr.EmptyExpression>: null

31-03-2025T12:26:21 - [TEST_STEP][PASSED] - i = <not implemented yet for class: org.codehaus.groovy.ast.expr.EmptyExpression>: null

31-03-2025T12:26:21 - [TEST_STEP][PASSED] - ii = <not implemented yet for class: org.codehaus.groovy.ast.expr.EmptyExpression>: null

31-03-2025T12:26:21 - [TEST_STEP][PASSED] - c = <not implemented yet for class: org.codehaus.groovy.ast.expr.EmptyExpression>: null

31-03-2025T12:26:21 - [TEST_STEP][PASSED] - numberOfErrors = 0: null

31-03-2025T12:26:21 - [TEST_STEP][PASSED] - if (a == 82): null

31-03-2025T12:26:21 - [TEST_STEP][PASSED] - b = findTestData("PlanFact").getValue(1, a): null

31-03-2025T12:26:21 - [TEST_STEP][PASSED] - i = b.indexOf(" (ГК)"): null

31-03-2025T12:26:21 - [TEST_STEP][PASSED] - if (i > -1): null

31-03-2025T12:26:21 - [TEST_STEP][PASSED] - i = b.indexOf("О ""): null

31-03-2025T12:26:21 - [TEST_STEP][PASSED] - if (i > -1): null

31-03-2025T12:26:21 - [TEST_STEP][PASSED] - i = b.indexOf("О «"): null

31-03-2025T12:26:21 - [TEST_STEP][PASSED] - if (i > -1): null

31-03-2025T12:26:21 - [TEST_STEP][PASSED] - i = b.indexOf("г. "): null

31-03-2025T12:26:21 - [TEST_STEP][PASSED] - if (i > -1): null

31-03-2025T12:26:21 - [TEST_STEP][PASSED] - b = b.trim(): null

31-03-2025T12:26:21 - [TEST_STEP][PASSED] - println(b): null

31-03-2025T12:26:21 - [TEST_STEP][PASSED] - for ([planFact = 1, planFact < 3, (planFact++)]): null

31-03-2025T12:26:21 - [TEST_STEP][PASSED] - if (planFact == 1): null

31-03-2025T12:26:21 - [TEST_STEP][PASSED] - typeOfDataMain = "Факт": null

31-03-2025T12:26:21 - [TEST_STEP][PASSED] - otpusk = findTestData("PlanFact").getValue(5, a): null

31-03-2025T12:26:21 - [TEST_STEP][PASSED] - poteri = findTestData("PlanFact").getValue(6, a): null

31-03-2025T12:26:21 - [TEST_STEP][PASSED] - otpusk = otpusk.replaceAll("\s+", ""): null

31-03-2025T12:26:21 - [TEST_STEP][PASSED] - poteri = poteri.replaceAll("\s+", ""): null

31-03-2025T12:26:21 - [TEST_STEP][PASSED] - typeOfData = typeOfDataMain + " Отпуск в сеть": null

31-03-2025T12:26:21 - [TEST_STEP][PASSED] - if (a == 82): null

31-03-2025T12:26:21 - [TEST_STEP][PASSED] - else if (a == 84): null

31-03-2025T12:26:21 - [TEST_STEP][PASSED] - else if (a == 83 || a == 52 || a == 72 || a == 28 || a == 73 || a == 77 || a == 74 || a == 65 || a == 36 || a == 44 || a == 53 || a == 80 || a == 54 || a == 1 || a == 18 || a == 59 || a == 81): null

31-03-2025T12:26:21 - [TEST_STEP][PASSED] - else: null

31-03-2025T12:26:21 - [TEST_STEP][PASSED] - path = dataFolder + typeOfData + " за отчётный период " + b: null

31-03-2025T12:26:21 - [TEST_STEP][PASSED] - println(path): null

31-03-2025T12:26:21 - [TEST_STEP][PASSED] - page = getText(findTestObject(path)): Text of object 'Object Repository/Выполнение бизнес-плана/Значения со страницы Выполнение бизнес-плана/Факт Отпуск в сеть за отчётный период Волгоградэнерго' is: '1 529 424'

31-03-2025T12:26:21 - [MESSAGE][PASSED] - Text of object 'Object Repository/Выполнение бизнес-плана/Значения со страницы Выполнение бизнес-плана/Факт Отпуск в сеть за отчётный период Волгоградэнерго' is: '1 529 424'

31-03-2025T12:26:21 - [TEST_STEP][PASSED] - if (page == "" || page == null): null

31-03-2025T12:26:21 - [TEST_STEP][PASSED] - else: null

31-03-2025T12:26:21 - [TEST_STEP][PASSED] - page = page.replaceAll("\s+", ""): null

31-03-2025T12:26:21 - [TEST_STEP][PASSED] - if (page == "undefined"): null

31-03-2025T12:26:21 - [TEST_STEP][PASSED] - fileOtpuskVSet = otpusk.toInteger(): null

31-03-2025T12:26:21 - [TEST_STEP][PASSED] - pageOtpuskVSet = page.toInteger(): null

31-03-2025T12:26:21 - [TEST_STEP][PASSED] - typeOfData = typeOfDataMain + " Потери": null

31-03-2025T12:26:21 - [TEST_STEP][PASSED] - if (a == 82): null

31-03-2025T12:26:21 - [TEST_STEP][PASSED] - else if (a == 84): null

31-03-2025T12:26:21 - [TEST_STEP][PASSED] - else if (a == 83 || a == 52 || a == 72 || a == 28 || a == 73 || a == 77 || a == 74 || a == 65 || a == 44 || a == 53 || a == 80 || a == 54 || a == 1 || a == 18 || a == 59 || a == 81): null

31-03-2025T12:26:21 - [TEST_STEP][PASSED] - else: null

31-03-2025T12:26:21 - [TEST_STEP][PASSED] - path = dataFolder + typeOfData + " за отчётный период " + b: null

31-03-2025T12:26:21 - [TEST_STEP][PASSED] - page = getText(findTestObject(path)): Text of object 'Object Repository/Выполнение бизнес-плана/Значения со страницы Выполнение бизнес-плана/Факт Потери за отчётный период Волгоградэнерго' is: '112 811'

31-03-2025T12:26:22 - [MESSAGE][PASSED] - Text of object 'Object Repository/Выполнение бизнес-плана/Значения со страницы Выполнение бизнес-плана/Факт Потери за отчётный период Волгоградэнерго' is: '112 811'

31-03-2025T12:26:22 - [TEST_STEP][PASSED] - if (page == "" || page == null): null

31-03-2025T12:26:22 - [TEST_STEP][PASSED] - else: null

31-03-2025T12:26:22 - [TEST_STEP][PASSED] - page = page.replaceAll("\s+", ""): null

31-03-2025T12:26:22 - [TEST_STEP][PASSED] - if (page == "undefined"): null

31-03-2025T12:26:22 - [TEST_STEP][PASSED] - filePoteri = poteri.toInteger(): null

31-03-2025T12:26:22 - [TEST_STEP][PASSED] - pagePoteri = page.toInteger(): null

31-03-2025T12:26:22 - [TEST_STEP][PASSED] - compare = pageOtpuskVSet: null

31-03-2025T12:26:22 - [TEST_STEP][PASSED] - if (pageOtpuskVSet != null): null

31-03-2025T12:26:22 - [TEST_STEP][PASSED] - if (compare == fileOtpuskVSet): null

31-03-2025T12:26:22 - [TEST_STEP][PASSED] - else if (compare > fileOtpuskVSet): null

31-03-2025T12:26:22 - [TEST_STEP][PASSED] - compare = compare - 1: null

31-03-2025T12:26:22 - [TEST_STEP][PASSED] - if (compare == fileOtpuskVSet): null

31-03-2025T12:26:22 - [TEST_STEP][PASSED] - else: null

31-03-2025T12:26:22 - [TEST_STEP][PASSED] - numberOfErrors = numberOfErrors + 1: null

31-03-2025T12:26:22 - [TEST_STEP][PASSED] - pageInt = pageOtpuskVSet: null

31-03-2025T12:26:22 - [TEST_STEP][PASSED] - fileInt = fileOtpuskVSet: null

31-03-2025T12:26:22 - [TEST_STEP][PASSED] - typeOfData = typeOfDataMain + " Отпуск в сеть": null

31-03-2025T12:26:22 - [TEST_STEP][PASSED] - Script1718980020443.WriteToExcel(a, typeOfData, todaysDate, pageInt, fileInt, pageDouble, fileDouble, dZO): null

31-03-2025T12:26:22 - [TEST_STEP][PASSED] - sheetName = "Sheet1": null

31-03-2025T12:26:22 - [TEST_STEP][PASSED] - data = findTestData("PlanFact"): null

31-03-2025T12:26:22 - [TEST_STEP][PASSED] - n = data.getRowNumbers() + 1: null

31-03-2025T12:26:22 - [TEST_STEP][PASSED] - day = ")).toInteger(): null

31-03-2025T12:26:22 - [TEST_STEP][PASSED] - println(day): null

31-03-2025T12:26:22 - [TEST_STEP][PASSED] - month = ")).toInteger(): null

31-03-2025T12:26:22 - [TEST_STEP][PASSED] - println(month): null

31-03-2025T12:26:22 - [TEST_STEP][PASSED] - y = <not implemented yet for class: org.codehaus.groovy.ast.expr.EmptyExpression>: null

31-03-2025T12:26:22 - [TEST_STEP][PASSED] - iy = <not implemented yet for class: org.codehaus.groovy.ast.expr.EmptyExpression>: null

31-03-2025T12:26:22 - [TEST_STEP][PASSED] - m = getText(findTestObject("Выполнение бизнес-плана/Период")): Text of object 'Object Repository/Выполнение бизнес-плана/Период' is: 'Январь 2025 года'

31-03-2025T12:26:22 - [MESSAGE][PASSED] - Text of object 'Object Repository/Выполнение бизнес-плана/Период' is: 'Январь 2025 года'

31-03-2025T12:26:22 - [TEST_STEP][PASSED] - iy = m.indexOf("20"): null

31-03-2025T12:26:22 - [TEST_STEP][PASSED] - if (iy > -1): null

31-03-2025T12:26:22 - [TEST_STEP][PASSED] - y = substring(iy, iy + 4).toInteger(): null

31-03-2025T12:26:22 - [TEST_STEP][PASSED] - println(y): null

31-03-2025T12:26:22 - [TEST_STEP][PASSED] - if (toString().length() == 4): null

31-03-2025T12:26:22 - [TEST_STEP][PASSED] - m = m.substring(0, m.indexOf(y.toString())): null

31-03-2025T12:26:22 - [TEST_STEP][PASSED] - m = m.trim(): null

31-03-2025T12:26:22 - [TEST_STEP][PASSED] - if (m == ""): null

31-03-2025T12:26:22 - [TEST_STEP][PASSED] - dashboardName = "Выполнение бизнес-плана": null

31-03-2025T12:26:22 - [TEST_STEP][PASSED] - workbook01 = getWorkbook(excelFilePath): null

31-03-2025T12:26:22 - [TEST_STEP][PASSED] - sheet01 = getExcelSheet(workbook01, sheetName): null

31-03-2025T12:26:22 - [TEST_STEP][PASSED] - setValueToCellByIndex(sheet01, n, 0, dashboardName): null

31-03-2025T12:26:22 - [TEST_STEP][PASSED] - setValueToCellByIndex(sheet01, n, 1, dZO): null

31-03-2025T12:26:22 - [TEST_STEP][PASSED] - setValueToCellByIndex(sheet01, n, 2, typeOfData): null

31-03-2025T12:26:22 - [TEST_STEP][PASSED] - if (typeOfData == "Факт в процентах" || typeOfData == "План в процентах"): null

31-03-2025T12:26:22 - [TEST_STEP][PASSED] - else: null

31-03-2025T12:26:22 - [TEST_STEP][PASSED] - setValueToCellByIndex(sheet01, n, 3, fileInt): null

31-03-2025T12:26:22 - [TEST_STEP][PASSED] - setValueToCellByIndex(sheet01, n, 4, pageInt): null

31-03-2025T12:26:22 - [TEST_STEP][PASSED] - setValueToCellByIndex(sheet01, n, 5, m): null

31-03-2025T12:26:22 - [TEST_STEP][PASSED] - setValueToCellByIndex(sheet01, n, 6, y): null

31-03-2025T12:26:22 - [TEST_STEP][PASSED] - setValueToCellByIndex(sheet01, n, 7, todaysDate): null

31-03-2025T12:26:22 - [TEST_STEP][PASSED] - n = n + 1: null

31-03-2025T12:26:22 - [TEST_STEP][PASSED] - saveWorkbook(excelFilePath, workbook01): null

31-03-2025T12:26:22 - [TEST_STEP][PASSED] - compare = pagePoteri: null

31-03-2025T12:26:22 - [TEST_STEP][PASSED] - if (pageOtpuskVSet != null): null

31-03-2025T12:26:22 - [TEST_STEP][PASSED] - if (compare == filePoteri): null

31-03-2025T12:26:22 - [TEST_STEP][PASSED] - else if (compare > filePoteri): null

31-03-2025T12:26:22 - [TEST_STEP][PASSED] - compare = compare - 1: null

31-03-2025T12:26:22 - [TEST_STEP][PASSED] - if (compare == filePoteri): null

31-03-2025T12:26:22 - [TEST_STEP][PASSED] - else: null

31-03-2025T12:26:22 - [TEST_STEP][PASSED] - numberOfErrors = numberOfErrors + 1: null

31-03-2025T12:26:22 - [TEST_STEP][PASSED] - pageInt = pagePoteri: null

31-03-2025T12:26:22 - [TEST_STEP][PASSED] - fileInt = filePoteri: null

31-03-2025T12:26:22 - [TEST_STEP][PASSED] - typeOfData = typeOfDataMain + " Потери": null

31-03-2025T12:26:22 - [TEST_STEP][PASSED] - Script1718980020443.WriteToExcel(a, typeOfData, todaysDate, pageInt, fileInt, pageDouble, fileDouble, dZO): null

31-03-2025T12:26:22 - [TEST_STEP][PASSED] - sheetName = "Sheet1": null

31-03-2025T12:26:22 - [TEST_STEP][PASSED] - data = findTestData("PlanFact"): null

31-03-2025T12:26:22 - [TEST_STEP][PASSED] - n = data.getRowNumbers() + 1: null

31-03-2025T12:26:22 - [TEST_STEP][PASSED] - day = ")).toInteger(): null

31-03-2025T12:26:22 - [TEST_STEP][PASSED] - println(day): null

31-03-2025T12:26:22 - [TEST_STEP][PASSED] - month = ")).toInteger(): null

31-03-2025T12:26:22 - [TEST_STEP][PASSED] - println(month): null

31-03-2025T12:26:22 - [TEST_STEP][PASSED] - y = <not implemented yet for class: org.codehaus.groovy.ast.expr.EmptyExpression>: null

31-03-2025T12:26:22 - [TEST_STEP][PASSED] - iy = <not implemented yet for class: org.codehaus.groovy.ast.expr.EmptyExpression>: null

31-03-2025T12:26:22 - [TEST_STEP][PASSED] - m = getText(findTestObject("Выполнение бизнес-плана/Период")): Text of object 'Object Repository/Выполнение бизнес-плана/Период' is: 'Январь 2025 года'

31-03-2025T12:26:23 - [MESSAGE][PASSED] - Text of object 'Object Repository/Выполнение бизнес-плана/Период' is: 'Январь 2025 года'

31-03-2025T12:26:23 - [TEST_STEP][PASSED] - iy = m.indexOf("20"): null

31-03-2025T12:26:23 - [TEST_STEP][PASSED] - if (iy > -1): null

31-03-2025T12:26:23 - [TEST_STEP][PASSED] - y = substring(iy, iy + 4).toInteger(): null

31-03-2025T12:26:23 - [TEST_STEP][PASSED] - println(y): null

31-03-2025T12:26:23 - [TEST_STEP][PASSED] - if (toString().length() == 4): null

31-03-2025T12:26:23 - [TEST_STEP][PASSED] - m = m.substring(0, m.indexOf(y.toString())): null

31-03-2025T12:26:23 - [TEST_STEP][PASSED] - m = m.trim(): null

31-03-2025T12:26:23 - [TEST_STEP][PASSED] - if (m == ""): null

31-03-2025T12:26:23 - [TEST_STEP][PASSED] - dashboardName = "Выполнение бизнес-плана": null

31-03-2025T12:26:23 - [TEST_STEP][PASSED] - workbook01 = getWorkbook(excelFilePath): null

31-03-2025T12:26:23 - [TEST_STEP][PASSED] - sheet01 = getExcelSheet(workbook01, sheetName): null

31-03-2025T12:26:23 - [TEST_STEP][PASSED] - setValueToCellByIndex(sheet01, n, 0, dashboardName): null

31-03-2025T12:26:23 - [TEST_STEP][PASSED] - setValueToCellByIndex(sheet01, n, 1, dZO): null

31-03-2025T12:26:23 - [TEST_STEP][PASSED] - setValueToCellByIndex(sheet01, n, 2, typeOfData): null

31-03-2025T12:26:23 - [TEST_STEP][PASSED] - if (typeOfData == "Факт в процентах" || typeOfData == "План в процентах"): null

31-03-2025T12:26:23 - [TEST_STEP][PASSED] - else: null

31-03-2025T12:26:23 - [TEST_STEP][PASSED] - setValueToCellByIndex(sheet01, n, 3, fileInt): null

31-03-2025T12:26:23 - [TEST_STEP][PASSED] - setValueToCellByIndex(sheet01, n, 4, pageInt): null

31-03-2025T12:26:23 - [TEST_STEP][PASSED] - setValueToCellByIndex(sheet01, n, 5, m): null

31-03-2025T12:26:23 - [TEST_STEP][PASSED] - setValueToCellByIndex(sheet01, n, 6, y): null

31-03-2025T12:26:23 - [TEST_STEP][PASSED] - setValueToCellByIndex(sheet01, n, 7, todaysDate): null

31-03-2025T12:26:23 - [TEST_STEP][PASSED] - n = n + 1: null

31-03-2025T12:26:23 - [TEST_STEP][PASSED] - saveWorkbook(excelFilePath, workbook01): null

31-03-2025T12:26:23 - [TEST_STEP][PASSED] - if (planFact == 2): null

31-03-2025T12:26:23 - [TEST_STEP][PASSED] - if (planFact == 1): null

31-03-2025T12:26:23 - [TEST_STEP][PASSED] - else if (planFact == 2): null

31-03-2025T12:26:23 - [TEST_STEP][PASSED] - click(findTestObject("Выполнение бизнес-плана/Кнопка План")): Object: 'Object Repository/Выполнение бизнес-плана/Кнопка План' is clicked on

31-03-2025T12:26:23 - [MESSAGE][PASSED] - Object: 'Object Repository/Выполнение бизнес-плана/Кнопка План' is clicked on

31-03-2025T12:26:23 - [TEST_STEP][PASSED] - typeOfDataMain = "План": null

31-03-2025T12:26:23 - [TEST_STEP][PASSED] - otpusk = findTestData("PlanFact").getValue(2, a): null

31-03-2025T12:26:24 - [TEST_STEP][PASSED] - poteri = findTestData("PlanFact").getValue(3, a): null

31-03-2025T12:26:24 - [TEST_STEP][PASSED] - otpusk = otpusk.replaceAll("\s+", ""): null

31-03-2025T12:26:24 - [TEST_STEP][PASSED] - poteri = poteri.replaceAll("\s+", ""): null

31-03-2025T12:26:24 - [TEST_STEP][PASSED] - typeOfData = typeOfDataMain + " Отпуск в сеть": null

31-03-2025T12:26:24 - [TEST_STEP][PASSED] - if (a == 82): null

31-03-2025T12:26:24 - [TEST_STEP][PASSED] - else if (a == 84): null

31-03-2025T12:26:24 - [TEST_STEP][PASSED] - else if (a == 83 || a == 52 || a == 72 || a == 28 || a == 73 || a == 77 || a == 74 || a == 65 || a == 36 || a == 44 || a == 53 || a == 80 || a == 54 || a == 1 || a == 18 || a == 59 || a == 81): null

31-03-2025T12:26:24 - [TEST_STEP][PASSED] - else: null

31-03-2025T12:26:24 - [TEST_STEP][PASSED] - path = dataFolder + typeOfData + " за отчётный период " + b: null

31-03-2025T12:26:24 - [TEST_STEP][PASSED] - println(path): null

31-03-2025T12:26:24 - [TEST_STEP][PASSED] - page = getText(findTestObject(path)): Text of object 'Object Repository/Выполнение бизнес-плана/Значения со страницы Выполнение бизнес-плана/План Отпуск в сеть за отчётный период Волгоградэнерго' is: '1 721 636'

31-03-2025T12:26:24 - [MESSAGE][PASSED] - Text of object 'Object Repository/Выполнение бизнес-плана/Значения со страницы Выполнение бизнес-плана/План Отпуск в сеть за отчётный период Волгоградэнерго' is: '1 721 636'

31-03-2025T12:26:24 - [TEST_STEP][PASSED] - if (page == "" || page == null): null

31-03-2025T12:26:24 - [TEST_STEP][PASSED] - else: null

31-03-2025T12:26:24 - [TEST_STEP][PASSED] - page = page.replaceAll("\s+", ""): null

31-03-2025T12:26:24 - [TEST_STEP][PASSED] - if (page == "undefined"): null

31-03-2025T12:26:24 - [TEST_STEP][PASSED] - fileOtpuskVSet = otpusk.toInteger(): null

31-03-2025T12:26:24 - [TEST_STEP][PASSED] - pageOtpuskVSet = page.toInteger(): null

31-03-2025T12:26:24 - [TEST_STEP][PASSED] - typeOfData = typeOfDataMain + " Потери": null

31-03-2025T12:26:24 - [TEST_STEP][PASSED] - if (a == 82): null

31-03-2025T12:26:24 - [TEST_STEP][PASSED] - else if (a == 84): null

31-03-2025T12:26:24 - [TEST_STEP][PASSED] - else if (a == 83 || a == 52 || a == 72 || a == 28 || a == 73 || a == 77 || a == 74 || a == 65 || a == 44 || a == 53 || a == 80 || a == 54 || a == 1 || a == 18 || a == 59 || a == 81): null

31-03-2025T12:26:24 - [TEST_STEP][PASSED] - else: null

31-03-2025T12:26:24 - [TEST_STEP][PASSED] - path = dataFolder + typeOfData + " за отчётный период " + b: null

31-03-2025T12:26:24 - [TEST_STEP][PASSED] - page = getText(findTestObject(path)): Text of object 'Object Repository/Выполнение бизнес-плана/Значения со страницы Выполнение бизнес-плана/План Потери за отчётный период Волгоградэнерго' is: '146 464'

31-03-2025T12:26:24 - [MESSAGE][PASSED] - Text of object 'Object Repository/Выполнение бизнес-плана/Значения со страницы Выполнение бизнес-плана/План Потери за отчётный период Волгоградэнерго' is: '146 464'

31-03-2025T12:26:24 - [TEST_STEP][PASSED] - if (page == "" || page == null): null

31-03-2025T12:26:24 - [TEST_STEP][PASSED] - else: null

31-03-2025T12:26:24 - [TEST_STEP][PASSED] - page = page.replaceAll("\s+", ""): null

31-03-2025T12:26:24 - [TEST_STEP][PASSED] - if (page == "undefined"): null

31-03-2025T12:26:24 - [TEST_STEP][PASSED] - filePoteri = poteri.toInteger(): null

31-03-2025T12:26:24 - [TEST_STEP][PASSED] - pagePoteri = page.toInteger(): null

31-03-2025T12:26:24 - [TEST_STEP][PASSED] - compare = pageOtpuskVSet: null

31-03-2025T12:26:24 - [TEST_STEP][PASSED] - if (pageOtpuskVSet != null): null

31-03-2025T12:26:24 - [TEST_STEP][PASSED] - if (compare == fileOtpuskVSet): null

31-03-2025T12:26:24 - [TEST_STEP][PASSED] - else if (compare > fileOtpuskVSet): null

31-03-2025T12:26:24 - [TEST_STEP][PASSED] - compare = compare - 1: null

31-03-2025T12:26:24 - [TEST_STEP][PASSED] - if (compare == fileOtpuskVSet): null

31-03-2025T12:26:24 - [TEST_STEP][PASSED] - else: null

31-03-2025T12:26:24 - [TEST_STEP][PASSED] - numberOfErrors = numberOfErrors + 1: null

31-03-2025T12:26:24 - [TEST_STEP][PASSED] - pageInt = pageOtpuskVSet: null

31-03-2025T12:26:24 - [TEST_STEP][PASSED] - fileInt = fileOtpuskVSet: null

31-03-2025T12:26:24 - [TEST_STEP][PASSED] - typeOfData = typeOfDataMain + " Отпуск в сеть": null

31-03-2025T12:26:24 - [TEST_STEP][PASSED] - Script1718980020443.WriteToExcel(a, typeOfData, todaysDate, pageInt, fileInt, pageDouble, fileDouble, dZO): null

31-03-2025T12:26:24 - [TEST_STEP][PASSED] - sheetName = "Sheet1": null

31-03-2025T12:26:24 - [TEST_STEP][PASSED] - data = findTestData("PlanFact"): null

31-03-2025T12:26:24 - [TEST_STEP][PASSED] - n = data.getRowNumbers() + 1: null

31-03-2025T12:26:24 - [TEST_STEP][PASSED] - day = ")).toInteger(): null

31-03-2025T12:26:24 - [TEST_STEP][PASSED] - println(day): null

31-03-2025T12:26:24 - [TEST_STEP][PASSED] - month = ")).toInteger(): null

31-03-2025T12:26:24 - [TEST_STEP][PASSED] - println(month): null

31-03-2025T12:26:24 - [TEST_STEP][PASSED] - y = <not implemented yet for class: org.codehaus.groovy.ast.expr.EmptyExpression>: null

31-03-2025T12:26:24 - [TEST_STEP][PASSED] - iy = <not implemented yet for class: org.codehaus.groovy.ast.expr.EmptyExpression>: null

31-03-2025T12:26:24 - [TEST_STEP][PASSED] - m = getText(findTestObject("Выполнение бизнес-плана/Период")): Text of object 'Object Repository/Выполнение бизнес-плана/Период' is: 'Январь 2025 года'

31-03-2025T12:26:25 - [MESSAGE][PASSED] - Text of object 'Object Repository/Выполнение бизнес-плана/Период' is: 'Январь 2025 года'

31-03-2025T12:26:25 - [TEST_STEP][PASSED] - iy = m.indexOf("20"): null

31-03-2025T12:26:25 - [TEST_STEP][PASSED] - if (iy > -1): null

31-03-2025T12:26:25 - [TEST_STEP][PASSED] - y = substring(iy, iy + 4).toInteger(): null

31-03-2025T12:26:25 - [TEST_STEP][PASSED] - println(y): null

31-03-2025T12:26:25 - [TEST_STEP][PASSED] - if (toString().length() == 4): null

31-03-2025T12:26:25 - [TEST_STEP][PASSED] - m = m.substring(0, m.indexOf(y.toString())): null

31-03-2025T12:26:25 - [TEST_STEP][PASSED] - m = m.trim(): null

31-03-2025T12:26:25 - [TEST_STEP][PASSED] - if (m == ""): null

31-03-2025T12:26:25 - [TEST_STEP][PASSED] - dashboardName = "Выполнение бизнес-плана": null

31-03-2025T12:26:25 - [TEST_STEP][PASSED] - workbook01 = getWorkbook(excelFilePath): null

31-03-2025T12:26:25 - [TEST_STEP][PASSED] - sheet01 = getExcelSheet(workbook01, sheetName): null

31-03-2025T12:26:25 - [TEST_STEP][PASSED] - setValueToCellByIndex(sheet01, n, 0, dashboardName): null

31-03-2025T12:26:25 - [TEST_STEP][PASSED] - setValueToCellByIndex(sheet01, n, 1, dZO): null

31-03-2025T12:26:25 - [TEST_STEP][PASSED] - setValueToCellByIndex(sheet01, n, 2, typeOfData): null

31-03-2025T12:26:25 - [TEST_STEP][PASSED] - if (typeOfData == "Факт в процентах" || typeOfData == "План в процентах"): null

31-03-2025T12:26:25 - [TEST_STEP][PASSED] - else: null

31-03-2025T12:26:25 - [TEST_STEP][PASSED] - setValueToCellByIndex(sheet01, n, 3, fileInt): null

31-03-2025T12:26:25 - [TEST_STEP][PASSED] - setValueToCellByIndex(sheet01, n, 4, pageInt): null

31-03-2025T12:26:25 - [TEST_STEP][PASSED] - setValueToCellByIndex(sheet01, n, 5, m): null

31-03-2025T12:26:25 - [TEST_STEP][PASSED] - setValueToCellByIndex(sheet01, n, 6, y): null

31-03-2025T12:26:25 - [TEST_STEP][PASSED] - setValueToCellByIndex(sheet01, n, 7, todaysDate): null

31-03-2025T12:26:25 - [TEST_STEP][PASSED] - n = n + 1: null

31-03-2025T12:26:25 - [TEST_STEP][PASSED] - saveWorkbook(excelFilePath, workbook01): null

31-03-2025T12:26:25 - [TEST_STEP][PASSED] - compare = pagePoteri: null

31-03-2025T12:26:25 - [TEST_STEP][PASSED] - if (pageOtpuskVSet != null): null

31-03-2025T12:26:25 - [TEST_STEP][PASSED] - if (compare == filePoteri): null

31-03-2025T12:26:25 - [TEST_STEP][PASSED] - else if (compare > filePoteri): null

31-03-2025T12:26:25 - [TEST_STEP][PASSED] - compare = compare - 1: null

31-03-2025T12:26:25 - [TEST_STEP][PASSED] - if (compare == filePoteri): null

31-03-2025T12:26:25 - [TEST_STEP][PASSED] - else: null

31-03-2025T12:26:25 - [TEST_STEP][PASSED] - numberOfErrors = numberOfErrors + 1: null

31-03-2025T12:26:25 - [TEST_STEP][PASSED] - pageInt = pagePoteri: null

31-03-2025T12:26:25 - [TEST_STEP][PASSED] - fileInt = filePoteri: null

31-03-2025T12:26:25 - [TEST_STEP][PASSED] - typeOfData = typeOfDataMain + " Потери": null

31-03-2025T12:26:25 - [TEST_STEP][PASSED] - Script1718980020443.WriteToExcel(a, typeOfData, todaysDate, pageInt, fileInt, pageDouble, fileDouble, dZO): null

31-03-2025T12:26:25 - [TEST_STEP][PASSED] - sheetName = "Sheet1": null

31-03-2025T12:26:25 - [TEST_STEP][PASSED] - data = findTestData("PlanFact"): null

31-03-2025T12:26:25 - [TEST_STEP][PASSED] - n = data.getRowNumbers() + 1: null

31-03-2025T12:26:25 - [TEST_STEP][PASSED] - day = ")).toInteger(): null

31-03-2025T12:26:25 - [TEST_STEP][PASSED] - println(day): null

31-03-2025T12:26:25 - [TEST_STEP][PASSED] - month = ")).toInteger(): null

31-03-2025T12:26:25 - [TEST_STEP][PASSED] - println(month): null

31-03-2025T12:26:25 - [TEST_STEP][PASSED] - y = <not implemented yet for class: org.codehaus.groovy.ast.expr.EmptyExpression>: null

31-03-2025T12:26:25 - [TEST_STEP][PASSED] - iy = <not implemented yet for class: org.codehaus.groovy.ast.expr.EmptyExpression>: null

31-03-2025T12:26:25 - [TEST_STEP][PASSED] - m = getText(findTestObject("Выполнение бизнес-плана/Период")): Text of object 'Object Repository/Выполнение бизнес-плана/Период' is: 'Январь 2025 года'

31-03-2025T12:26:25 - [MESSAGE][PASSED] - Text of object 'Object Repository/Выполнение бизнес-плана/Период' is: 'Январь 2025 года'

31-03-2025T12:26:25 - [TEST_STEP][PASSED] - iy = m.indexOf("20"): null

31-03-2025T12:26:25 - [TEST_STEP][PASSED] - if (iy > -1): null

31-03-2025T12:26:25 - [TEST_STEP][PASSED] - y = substring(iy, iy + 4).toInteger(): null

31-03-2025T12:26:25 - [TEST_STEP][PASSED] - println(y): null

31-03-2025T12:26:25 - [TEST_STEP][PASSED] - if (toString().length() == 4): null

31-03-2025T12:26:25 - [TEST_STEP][PASSED] - m = m.substring(0, m.indexOf(y.toString())): null

31-03-2025T12:26:25 - [TEST_STEP][PASSED] - m = m.trim(): null

31-03-2025T12:26:25 - [TEST_STEP][PASSED] - if (m == ""): null

31-03-2025T12:26:25 - [TEST_STEP][PASSED] - dashboardName = "Выполнение бизнес-плана": null

31-03-2025T12:26:25 - [TEST_STEP][PASSED] - workbook01 = getWorkbook(excelFilePath): null

31-03-2025T12:26:25 - [TEST_STEP][PASSED] - sheet01 = getExcelSheet(workbook01, sheetName): null

31-03-2025T12:26:25 - [TEST_STEP][PASSED] - setValueToCellByIndex(sheet01, n, 0, dashboardName): null

31-03-2025T12:26:25 - [TEST_STEP][PASSED] - setValueToCellByIndex(sheet01, n, 1, dZO): null

31-03-2025T12:26:25 - [TEST_STEP][PASSED] - setValueToCellByIndex(sheet01, n, 2, typeOfData): null

31-03-2025T12:26:25 - [TEST_STEP][PASSED] - if (typeOfData == "Факт в процентах" || typeOfData == "План в процентах"): null

31-03-2025T12:26:25 - [TEST_STEP][PASSED] - else: null

31-03-2025T12:26:25 - [TEST_STEP][PASSED] - setValueToCellByIndex(sheet01, n, 3, fileInt): null

31-03-2025T12:26:25 - [TEST_STEP][PASSED] - setValueToCellByIndex(sheet01, n, 4, pageInt): null

31-03-2025T12:26:25 - [TEST_STEP][PASSED] - setValueToCellByIndex(sheet01, n, 5, m): null

31-03-2025T12:26:25 - [TEST_STEP][PASSED] - setValueToCellByIndex(sheet01, n, 6, y): null

31-03-2025T12:26:25 - [TEST_STEP][PASSED] - setValueToCellByIndex(sheet01, n, 7, todaysDate): null

31-03-2025T12:26:25 - [TEST_STEP][PASSED] - n = n + 1: null

31-03-2025T12:26:25 - [TEST_STEP][PASSED] - saveWorkbook(excelFilePath, workbook01): Object: 'Object Repository/Выполнение бизнес-плана/Кнопка Факт' is clicked on

31-03-2025T12:26:26 - [TEST_STEP][PASSED] - if (planFact == 2): Object: 'Object Repository/Выполнение бизнес-плана/Кнопка Факт' is clicked on

31-03-2025T12:26:26 - [TEST_STEP][PASSED] - click(findTestObject("Выполнение бизнес-плана/Кнопка Факт")): Object: 'Object Repository/Выполнение бизнес-плана/Кнопка Факт' is clicked on

31-03-2025T12:26:26 - [MESSAGE][PASSED] - Object: 'Object Repository/Выполнение бизнес-плана/Кнопка Факт' is clicked on

31-03-2025T12:26:26 - [TEST_STEP][PASSED] - println("a=" + a): null

31-03-2025T12:26:26 - [TEST_STEP][PASSED] - if (a == 84 || a == 82): null

31-03-2025T12:26:26 - [TEST_STEP][PASSED] - else if (a == 83 || a == 52 || a == 72 || a == 28 || a == 73 || a == 77 || a == 74 || a == 65 || a == 36 || a == 44 || a == 53 || a == 80 || a == 54 || a == 1 || a == 18 || a == 59 || a == 81): null

31-03-2025T12:26:26 - [TEST_STEP][PASSED] - else: null

31-03-2025T12:26:26 - [TEST_STEP][PASSED] - page1 = getText(findTestObject("Object Repository/Выполнение бизнес-плана/spanPlan" + filialNum)): Text of object 'Object Repository/Выполнение бизнес-плана/spanPlan3' is: '8.51
|'

31-03-2025T12:26:26 - [MESSAGE][PASSED] - Text of object 'Object Repository/Выполнение бизнес-плана/spanPlan3' is: '8.51
|'

31-03-2025T12:26:26 - [TEST_STEP][PASSED] - page1 = page1.replace("|", ""): null

31-03-2025T12:26:26 - [TEST_STEP][PASSED] - page2 = getText(findTestObject("Object Repository/Выполнение бизнес-плана/spanFact" + filialNum)): Text of object 'Object Repository/Выполнение бизнес-плана/spanFact3' is: '7.38
|'

31-03-2025T12:26:27 - [MESSAGE][PASSED] - Text of object 'Object Repository/Выполнение бизнес-плана/spanFact3' is: '7.38
|'

31-03-2025T12:26:27 - [TEST_STEP][PASSED] - page2 = page2.replace("|", ""): null

31-03-2025T12:26:27 - [TEST_STEP][PASSED] - println("page1: " + page1): null

31-03-2025T12:26:27 - [TEST_STEP][PASSED] - println("page2: " + page2): null

31-03-2025T12:26:27 - [TEST_STEP][PASSED] - file = findTestData("PlanFact").getValue(4, a): null

31-03-2025T12:26:27 - [TEST_STEP][PASSED] - file = file.replace(",", "."): null

31-03-2025T12:26:27 - [TEST_STEP][PASSED] - println("file Plan: " + file): null

31-03-2025T12:26:27 - [TEST_STEP][PASSED] - typeOfData = "План в процентах": null

31-03-2025T12:26:27 - [TEST_STEP][PASSED] - fileDouble = file.toDouble(): null

31-03-2025T12:26:27 - [TEST_STEP][PASSED] - pageDouble = page1.toDouble(): null

31-03-2025T12:26:27 - [TEST_STEP][PASSED] - if (fileDouble != pageDouble): null

31-03-2025T12:26:27 - [TEST_STEP][PASSED] - file = findTestData("PlanFact").getValue(7, a): null

31-03-2025T12:26:27 - [TEST_STEP][PASSED] - file = file.replace(",", "."): null

31-03-2025T12:26:27 - [TEST_STEP][PASSED] - println("file Fact: " + file): null

31-03-2025T12:26:27 - [TEST_STEP][PASSED] - fileDouble = file.toDouble(): null

31-03-2025T12:26:27 - [TEST_STEP][PASSED] - typeOfData = "Факт в процентах": null

31-03-2025T12:26:27 - [TEST_STEP][PASSED] - fileDouble = file.toDouble(): null

31-03-2025T12:26:27 - [TEST_STEP][PASSED] - pageDouble = page2.toDouble(): null

31-03-2025T12:26:27 - [TEST_STEP][PASSED] - if (fileDouble != pageDouble): null

31-03-2025T12:26:27 - [TEST_STEP][FAILED] - if (verifyEqual(numberOfErrors, 0) == false): null

31-03-2025T12:26:27 - [MESSAGE][FAILED] - Unable to verify equal between actual object '4' and expected object '0' (Root cause: com.kms.katalon.core.exception.StepFailedException: Actual object '4' and expected object '0' are not equal
	at com.kms.katalon.core.keyword.builtin.VerifyEqualKeyword$_verifyEqual_closure1.doCall(VerifyEqualKeyword.groovy:58)
	at com.kms.katalon.core.keyword.builtin.VerifyEqualKeyword$_verifyEqual_closure1.call(VerifyEqualKeyword.groovy)
	at com.kms.katalon.core.keyword.internal.KeywordMain.runKeyword(KeywordMain.groovy:75)
	at com.kms.katalon.core.keyword.builtin.VerifyEqualKeyword.verifyEqual(VerifyEqualKeyword.groovy:63)
	at com.kms.katalon.core.keyword.builtin.VerifyEqualKeyword.execute(VerifyEqualKeyword.groovy:44)
	at com.kms.katalon.core.keyword.internal.KeywordExecutor.executeKeywordForPlatform(KeywordExecutor.groovy:74)
	at com.kms.katalon.core.keyword.BuiltinKeywords.verifyEqual(BuiltinKeywords.groovy:146)
	at jdk.internal.reflect.GeneratedMethodAccessor28.invoke(Unknown Source)
	at java.base/jdk.internal.reflect.DelegatingMethodAccessorImpl.invoke(DelegatingMethodAccessorImpl.java:43)
	at Выполнение бизнес-плана Сверка ПАО Россети все филиалы.Numbers(Выполнение бизнес-плана Сверка ПАО Россети все филиалы:744)
	at Выполнение бизнес-плана Сверка ПАО Россети все филиалы.Filials(Выполнение бизнес-плана Сверка ПАО Россети все филиалы:1741)
	at Выполнение бизнес-плана Сверка ПАО Россети все филиалы.Numbers(Выполнение бизнес-плана Сверка ПАО Россети все филиалы:751)
	at Выполнение бизнес-плана Сверка ПАО Россети все филиалы.run(Выполнение бизнес-плана Сверка ПАО Россети все филиалы:399)
	at com.kms.katalon.core.main.ScriptEngine.run(ScriptEngine.java:194)
	at com.kms.katalon.core.main.ScriptEngine.runScriptAsRawText(ScriptEngine.java:119)
	at com.kms.katalon.core.main.TestCaseExecutor.runScript(TestCaseExecutor.java:448)
	at com.kms.katalon.core.main.TestCaseExecutor.doExecute(TestCaseExecutor.java:439)
	at com.kms.katalon.core.main.TestCaseExecutor.processExecutionPhase(TestCaseExecutor.java:418)
	at com.kms.katalon.core.main.TestCaseExecutor.accessMainPhase(TestCaseExecutor.java:410)
	at com.kms.katalon.core.main.TestCaseExecutor.execute(TestCaseExecutor.java:285)
	at com.kms.katalon.core.common.CommonExecutor.accessTestCaseMainPhase(CommonExecutor.java:65)
	at com.kms.katalon.core.main.TestSuiteExecutor.accessTestSuiteMainPhase(TestSuiteExecutor.java:150)
	at com.kms.katalon.core.main.TestSuiteExecutor.execute(TestSuiteExecutor.java:106)
	at com.kms.katalon.core.main.TestCaseMain.startTestSuite(TestCaseMain.java:180)
	at TempTestSuite1743404878601.run(TempTestSuite1743404878601.groovy:35)
	at java.base/jdk.internal.reflect.NativeMethodAccessorImpl.invoke0(Native Method)
	at java.base/jdk.internal.reflect.NativeMethodAccessorImpl.invoke(NativeMethodAccessorImpl.java:77)
	at java.base/jdk.internal.reflect.DelegatingMethodAccessorImpl.invoke(DelegatingMethodAccessorImpl.java:43)
)

31-03-2025T12:26:27 - [TEST_STEP][PASSED] - println(numberOfErrors): null

31-03-2025T12:26:27 - [TEST_STEP][PASSED] - println("a=" + a): null

31-03-2025T12:26:27 - [TEST_STEP][PASSED] - if (a == 28 || a == 77 || a == 74 || a == 65 || a == 36 || a == 44 || a == 54 || a == 1 || a == 18 || a == 59): null

31-03-2025T12:26:27 - [TEST_STEP][PASSED] - if (a == 82): null

31-03-2025T12:26:27 - [TEST_STEP][PASSED] - dZO = "Калмэнерго": null

31-03-2025T12:26:27 - [TEST_STEP][PASSED] - a = 62: null

31-03-2025T12:26:27 - [TEST_STEP][PASSED] - if (x2.contains(dZO)): null

31-03-2025T12:26:27 - [TEST_STEP][PASSED] - filialNum = filialNum + 1: null

31-03-2025T12:26:27 - [TEST_STEP][PASSED] - Script1718980020443.Numbers(a, typeOfData, todaysDate, pageInt, fileInt, pageDouble, fileDouble, dZO, dzoNum, filialNum): null

31-03-2025T12:26:27 - [TEST_STEP][PASSED] - println(dzoNum): null

31-03-2025T12:26:27 - [TEST_STEP][PASSED] - planFact = <not implemented yet for class: org.codehaus.groovy.ast.expr.EmptyExpression>: null

31-03-2025T12:26:27 - [TEST_STEP][PASSED] - page = <not implemented yet for class: org.codehaus.groovy.ast.expr.EmptyExpression>: null

31-03-2025T12:26:27 - [TEST_STEP][PASSED] - page1 = <not implemented yet for class: org.codehaus.groovy.ast.expr.EmptyExpression>: null

31-03-2025T12:26:27 - [TEST_STEP][PASSED] - page2 = <not implemented yet for class: org.codehaus.groovy.ast.expr.EmptyExpression>: null

31-03-2025T12:26:27 - [TEST_STEP][PASSED] - filialNumberInRow = <not implemented yet for class: org.codehaus.groovy.ast.expr.EmptyExpression>: null

31-03-2025T12:26:27 - [TEST_STEP][PASSED] - filialsDzoNames = <not implemented yet for class: org.codehaus.groovy.ast.expr.EmptyExpression>: null

31-03-2025T12:26:27 - [TEST_STEP][PASSED] - numberOfFilials = <not implemented yet for class: org.codehaus.groovy.ast.expr.EmptyExpression>: null

31-03-2025T12:26:27 - [TEST_STEP][PASSED] - numberOfSpaces = <not implemented yet for class: org.codehaus.groovy.ast.expr.EmptyExpression>: null

31-03-2025T12:26:27 - [TEST_STEP][PASSED] - file = <not implemented yet for class: org.codehaus.groovy.ast.expr.EmptyExpression>: null

31-03-2025T12:26:27 - [TEST_STEP][PASSED] - otpusk = <not implemented yet for class: org.codehaus.groovy.ast.expr.EmptyExpression>: null

31-03-2025T12:26:27 - [TEST_STEP][PASSED] - poteri = <not implemented yet for class: org.codehaus.groovy.ast.expr.EmptyExpression>: null

31-03-2025T12:26:27 - [TEST_STEP][PASSED] - dataFolder = "Выполнение бизнес-плана/Значения со страницы Выполнение бизнес-плана/": null

31-03-2025T12:26:27 - [TEST_STEP][PASSED] - path = <not implemented yet for class: org.codehaus.groovy.ast.expr.EmptyExpression>: null

31-03-2025T12:26:27 - [TEST_STEP][PASSED] - typeOfDataMain = <not implemented yet for class: org.codehaus.groovy.ast.expr.EmptyExpression>: null

31-03-2025T12:26:27 - [TEST_STEP][PASSED] - fileOtpuskVSet = <not implemented yet for class: org.codehaus.groovy.ast.expr.EmptyExpression>: null

31-03-2025T12:26:27 - [TEST_STEP][PASSED] - pageOtpuskVSet = <not implemented yet for class: org.codehaus.groovy.ast.expr.EmptyExpression>: null

31-03-2025T12:26:27 - [TEST_STEP][PASSED] - filePoteri = <not implemented yet for class: org.codehaus.groovy.ast.expr.EmptyExpression>: null

31-03-2025T12:26:27 - [TEST_STEP][PASSED] - pagePoteri = <not implemented yet for class: org.codehaus.groovy.ast.expr.EmptyExpression>: null

31-03-2025T12:26:27 - [TEST_STEP][PASSED] - compare = <not implemented yet for class: org.codehaus.groovy.ast.expr.EmptyExpression>: null

31-03-2025T12:26:27 - [TEST_STEP][PASSED] - b = <not implemented yet for class: org.codehaus.groovy.ast.expr.EmptyExpression>: null

31-03-2025T12:26:27 - [TEST_STEP][PASSED] - i = <not implemented yet for class: org.codehaus.groovy.ast.expr.EmptyExpression>: null

31-03-2025T12:26:27 - [TEST_STEP][PASSED] - ii = <not implemented yet for class: org.codehaus.groovy.ast.expr.EmptyExpression>: null

31-03-2025T12:26:27 - [TEST_STEP][PASSED] - c = <not implemented yet for class: org.codehaus.groovy.ast.expr.EmptyExpression>: null

31-03-2025T12:26:27 - [TEST_STEP][PASSED] - numberOfErrors = 0: null

31-03-2025T12:26:27 - [TEST_STEP][PASSED] - if (a == 82): null

31-03-2025T12:26:27 - [TEST_STEP][PASSED] - b = findTestData("PlanFact").getValue(1, a): null

31-03-2025T12:26:27 - [TEST_STEP][PASSED] - i = b.indexOf(" (ГК)"): null

31-03-2025T12:26:27 - [TEST_STEP][PASSED] - if (i > -1): null

31-03-2025T12:26:27 - [TEST_STEP][PASSED] - i = b.indexOf("О ""): null

31-03-2025T12:26:27 - [TEST_STEP][PASSED] - if (i > -1): null

31-03-2025T12:26:27 - [TEST_STEP][PASSED] - i = b.indexOf("О «"): null

31-03-2025T12:26:27 - [TEST_STEP][PASSED] - if (i > -1): null

31-03-2025T12:26:27 - [TEST_STEP][PASSED] - i = b.indexOf("г. "): null

31-03-2025T12:26:27 - [TEST_STEP][PASSED] - if (i > -1): null

31-03-2025T12:26:27 - [TEST_STEP][PASSED] - b = b.trim(): null

31-03-2025T12:26:27 - [TEST_STEP][PASSED] - println(b): null

31-03-2025T12:26:27 - [TEST_STEP][PASSED] - for ([planFact = 1, planFact < 3, (planFact++)]): Object: 'Object Repository/Выполнение бизнес-плана/Кнопка Факт' is clicked on

31-03-2025T12:26:27 - [TEST_STEP][PASSED] - if (planFact == 1): null

31-03-2025T12:26:27 - [TEST_STEP][PASSED] - typeOfDataMain = "Факт": null

31-03-2025T12:26:27 - [TEST_STEP][PASSED] - otpusk = findTestData("PlanFact").getValue(5, a): null

31-03-2025T12:26:27 - [TEST_STEP][PASSED] - poteri = findTestData("PlanFact").getValue(6, a): null

31-03-2025T12:26:27 - [TEST_STEP][PASSED] - otpusk = otpusk.replaceAll("\s+", ""): null

31-03-2025T12:26:27 - [TEST_STEP][PASSED] - poteri = poteri.replaceAll("\s+", ""): null

31-03-2025T12:26:27 - [TEST_STEP][PASSED] - typeOfData = typeOfDataMain + " Отпуск в сеть": null

31-03-2025T12:26:27 - [TEST_STEP][PASSED] - if (a == 82): null

31-03-2025T12:26:27 - [TEST_STEP][PASSED] - else if (a == 84): null

31-03-2025T12:26:27 - [TEST_STEP][PASSED] - else if (a == 83 || a == 52 || a == 72 || a == 28 || a == 73 || a == 77 || a == 74 || a == 65 || a == 36 || a == 44 || a == 53 || a == 80 || a == 54 || a == 1 || a == 18 || a == 59 || a == 81): null

31-03-2025T12:26:27 - [TEST_STEP][PASSED] - else: null

31-03-2025T12:26:27 - [TEST_STEP][PASSED] - path = dataFolder + typeOfData + " за отчётный период " + b: null

31-03-2025T12:26:27 - [TEST_STEP][PASSED] - println(path): null

31-03-2025T12:26:27 - [TEST_STEP][PASSED] - page = getText(findTestObject(path)): Text of object 'Object Repository/Выполнение бизнес-плана/Значения со страницы Выполнение бизнес-плана/Факт Отпуск в сеть за отчётный период Калмэнерго' is: '81 664'

31-03-2025T12:26:27 - [MESSAGE][PASSED] - Text of object 'Object Repository/Выполнение бизнес-плана/Значения со страницы Выполнение бизнес-плана/Факт Отпуск в сеть за отчётный период Калмэнерго' is: '81 664'

31-03-2025T12:26:27 - [TEST_STEP][PASSED] - if (page == "" || page == null): null

31-03-2025T12:26:27 - [TEST_STEP][PASSED] - else: null

31-03-2025T12:26:27 - [TEST_STEP][PASSED] - page = page.replaceAll("\s+", ""): null

31-03-2025T12:26:27 - [TEST_STEP][PASSED] - if (page == "undefined"): null

31-03-2025T12:26:27 - [TEST_STEP][PASSED] - fileOtpuskVSet = otpusk.toInteger(): null

31-03-2025T12:26:27 - [TEST_STEP][PASSED] - pageOtpuskVSet = page.toInteger(): null

31-03-2025T12:26:27 - [TEST_STEP][PASSED] - typeOfData = typeOfDataMain + " Потери": null

31-03-2025T12:26:27 - [TEST_STEP][PASSED] - if (a == 82): null

31-03-2025T12:26:27 - [TEST_STEP][PASSED] - else if (a == 84): null

31-03-2025T12:26:27 - [TEST_STEP][PASSED] - else if (a == 83 || a == 52 || a == 72 || a == 28 || a == 73 || a == 77 || a == 74 || a == 65 || a == 44 || a == 53 || a == 80 || a == 54 || a == 1 || a == 18 || a == 59 || a == 81): null

31-03-2025T12:26:27 - [TEST_STEP][PASSED] - else: null

31-03-2025T12:26:27 - [TEST_STEP][PASSED] - path = dataFolder + typeOfData + " за отчётный период " + b: null

31-03-2025T12:26:27 - [TEST_STEP][PASSED] - page = getText(findTestObject(path)): Text of object 'Object Repository/Выполнение бизнес-плана/Значения со страницы Выполнение бизнес-плана/Факт Потери за отчётный период Калмэнерго' is: '21 020'

31-03-2025T12:26:27 - [MESSAGE][PASSED] - Text of object 'Object Repository/Выполнение бизнес-плана/Значения со страницы Выполнение бизнес-плана/Факт Потери за отчётный период Калмэнерго' is: '21 020'

31-03-2025T12:26:27 - [TEST_STEP][PASSED] - if (page == "" || page == null): null

31-03-2025T12:26:27 - [TEST_STEP][PASSED] - else: null

31-03-2025T12:26:27 - [TEST_STEP][PASSED] - page = page.replaceAll("\s+", ""): null

31-03-2025T12:26:27 - [TEST_STEP][PASSED] - if (page == "undefined"): null

31-03-2025T12:26:27 - [TEST_STEP][PASSED] - filePoteri = poteri.toInteger(): null

31-03-2025T12:26:27 - [TEST_STEP][PASSED] - pagePoteri = page.toInteger(): null

31-03-2025T12:26:27 - [TEST_STEP][PASSED] - compare = pageOtpuskVSet: null

31-03-2025T12:26:27 - [TEST_STEP][PASSED] - if (pageOtpuskVSet != null): null

31-03-2025T12:26:27 - [TEST_STEP][PASSED] - if (compare == fileOtpuskVSet): null

31-03-2025T12:26:27 - [TEST_STEP][PASSED] - if (compare == fileOtpuskVSet): null

31-03-2025T12:26:27 - [TEST_STEP][PASSED] - compare = pagePoteri: null

31-03-2025T12:26:27 - [TEST_STEP][PASSED] - if (pageOtpuskVSet != null): null

31-03-2025T12:26:27 - [TEST_STEP][PASSED] - if (compare == filePoteri): null

31-03-2025T12:26:27 - [TEST_STEP][PASSED] - if (compare == filePoteri): null

31-03-2025T12:26:27 - [TEST_STEP][PASSED] - if (planFact == 2): null

31-03-2025T12:26:27 - [TEST_STEP][PASSED] - if (planFact == 1): null

31-03-2025T12:26:27 - [TEST_STEP][PASSED] - else if (planFact == 2): null

31-03-2025T12:26:27 - [TEST_STEP][PASSED] - click(findTestObject("Выполнение бизнес-плана/Кнопка План")): Object: 'Object Repository/Выполнение бизнес-плана/Кнопка План' is clicked on

31-03-2025T12:26:28 - [MESSAGE][PASSED] - Object: 'Object Repository/Выполнение бизнес-плана/Кнопка План' is clicked on

31-03-2025T12:26:28 - [TEST_STEP][PASSED] - typeOfDataMain = "План": null

31-03-2025T12:26:28 - [TEST_STEP][PASSED] - otpusk = findTestData("PlanFact").getValue(2, a): null

31-03-2025T12:26:28 - [TEST_STEP][PASSED] - poteri = findTestData("PlanFact").getValue(3, a): null

31-03-2025T12:26:28 - [TEST_STEP][PASSED] - otpusk = otpusk.replaceAll("\s+", ""): null

31-03-2025T12:26:28 - [TEST_STEP][PASSED] - poteri = poteri.replaceAll("\s+", ""): null

31-03-2025T12:26:28 - [TEST_STEP][PASSED] - typeOfData = typeOfDataMain + " Отпуск в сеть": null

31-03-2025T12:26:28 - [TEST_STEP][PASSED] - if (a == 82): null

31-03-2025T12:26:28 - [TEST_STEP][PASSED] - else if (a == 84): null

31-03-2025T12:26:28 - [TEST_STEP][PASSED] - else if (a == 83 || a == 52 || a == 72 || a == 28 || a == 73 || a == 77 || a == 74 || a == 65 || a == 36 || a == 44 || a == 53 || a == 80 || a == 54 || a == 1 || a == 18 || a == 59 || a == 81): null

31-03-2025T12:26:28 - [TEST_STEP][PASSED] - else: null

31-03-2025T12:26:28 - [TEST_STEP][PASSED] - path = dataFolder + typeOfData + " за отчётный период " + b: null

31-03-2025T12:26:28 - [TEST_STEP][PASSED] - println(path): null

31-03-2025T12:26:28 - [TEST_STEP][PASSED] - page = getText(findTestObject(path)): Text of object 'Object Repository/Выполнение бизнес-плана/Значения со страницы Выполнение бизнес-плана/План Отпуск в сеть за отчётный период Калмэнерго' is: '86 395'

31-03-2025T12:26:28 - [MESSAGE][PASSED] - Text of object 'Object Repository/Выполнение бизнес-плана/Значения со страницы Выполнение бизнес-плана/План Отпуск в сеть за отчётный период Калмэнерго' is: '86 395'

31-03-2025T12:26:28 - [TEST_STEP][PASSED] - if (page == "" || page == null): null

31-03-2025T12:26:28 - [TEST_STEP][PASSED] - else: null

31-03-2025T12:26:28 - [TEST_STEP][PASSED] - page = page.replaceAll("\s+", ""): null

31-03-2025T12:26:28 - [TEST_STEP][PASSED] - if (page == "undefined"): null

31-03-2025T12:26:28 - [TEST_STEP][PASSED] - fileOtpuskVSet = otpusk.toInteger(): null

31-03-2025T12:26:28 - [TEST_STEP][PASSED] - pageOtpuskVSet = page.toInteger(): null

31-03-2025T12:26:28 - [TEST_STEP][PASSED] - typeOfData = typeOfDataMain + " Потери": null

31-03-2025T12:26:28 - [TEST_STEP][PASSED] - if (a == 82): null

31-03-2025T12:26:28 - [TEST_STEP][PASSED] - else if (a == 84): null

31-03-2025T12:26:28 - [TEST_STEP][PASSED] - else if (a == 83 || a == 52 || a == 72 || a == 28 || a == 73 || a == 77 || a == 74 || a == 65 || a == 44 || a == 53 || a == 80 || a == 54 || a == 1 || a == 18 || a == 59 || a == 81): null

31-03-2025T12:26:28 - [TEST_STEP][PASSED] - else: null

31-03-2025T12:26:28 - [TEST_STEP][PASSED] - path = dataFolder + typeOfData + " за отчётный период " + b: null

31-03-2025T12:26:28 - [TEST_STEP][PASSED] - page = getText(findTestObject(path)): Text of object 'Object Repository/Выполнение бизнес-плана/Значения со страницы Выполнение бизнес-плана/План Потери за отчётный период Калмэнерго' is: '23 319'

31-03-2025T12:26:29 - [MESSAGE][PASSED] - Text of object 'Object Repository/Выполнение бизнес-плана/Значения со страницы Выполнение бизнес-плана/План Потери за отчётный период Калмэнерго' is: '23 319'

31-03-2025T12:26:29 - [TEST_STEP][PASSED] - if (page == "" || page == null): null

31-03-2025T12:26:29 - [TEST_STEP][PASSED] - else: null

31-03-2025T12:26:29 - [TEST_STEP][PASSED] - page = page.replaceAll("\s+", ""): null

31-03-2025T12:26:29 - [TEST_STEP][PASSED] - if (page == "undefined"): null

31-03-2025T12:26:29 - [TEST_STEP][PASSED] - filePoteri = poteri.toInteger(): null

31-03-2025T12:26:29 - [TEST_STEP][PASSED] - pagePoteri = page.toInteger(): null

31-03-2025T12:26:29 - [TEST_STEP][PASSED] - compare = pageOtpuskVSet: null

31-03-2025T12:26:29 - [TEST_STEP][PASSED] - if (pageOtpuskVSet != null): null

31-03-2025T12:26:29 - [TEST_STEP][PASSED] - if (compare == fileOtpuskVSet): null

31-03-2025T12:26:29 - [TEST_STEP][PASSED] - if (compare == fileOtpuskVSet): null

31-03-2025T12:26:29 - [TEST_STEP][PASSED] - compare = pagePoteri: null

31-03-2025T12:26:29 - [TEST_STEP][PASSED] - if (pageOtpuskVSet != null): null

31-03-2025T12:26:29 - [TEST_STEP][PASSED] - if (compare == filePoteri): null

31-03-2025T12:26:29 - [TEST_STEP][PASSED] - if (compare == filePoteri): null

31-03-2025T12:26:29 - [TEST_STEP][PASSED] - if (planFact == 2): Object: 'Object Repository/Выполнение бизнес-плана/Кнопка Факт' is clicked on

31-03-2025T12:26:29 - [TEST_STEP][PASSED] - click(findTestObject("Выполнение бизнес-плана/Кнопка Факт")): Object: 'Object Repository/Выполнение бизнес-плана/Кнопка Факт' is clicked on

31-03-2025T12:26:29 - [MESSAGE][PASSED] - Object: 'Object Repository/Выполнение бизнес-плана/Кнопка Факт' is clicked on

31-03-2025T12:26:29 - [TEST_STEP][PASSED] - println("a=" + a): null

31-03-2025T12:26:29 - [TEST_STEP][PASSED] - if (a == 84 || a == 82): null

31-03-2025T12:26:29 - [TEST_STEP][PASSED] - else if (a == 83 || a == 52 || a == 72 || a == 28 || a == 73 || a == 77 || a == 74 || a == 65 || a == 36 || a == 44 || a == 53 || a == 80 || a == 54 || a == 1 || a == 18 || a == 59 || a == 81): null

31-03-2025T12:26:29 - [TEST_STEP][PASSED] - else: null

31-03-2025T12:26:29 - [TEST_STEP][PASSED] - page1 = getText(findTestObject("Object Repository/Выполнение бизнес-плана/spanPlan" + filialNum)): Text of object 'Object Repository/Выполнение бизнес-плана/spanPlan4' is: '26.99
|'

31-03-2025T12:26:29 - [MESSAGE][PASSED] - Text of object 'Object Repository/Выполнение бизнес-плана/spanPlan4' is: '26.99
|'

31-03-2025T12:26:29 - [TEST_STEP][PASSED] - page1 = page1.replace("|", ""): null

31-03-2025T12:26:29 - [TEST_STEP][PASSED] - page2 = getText(findTestObject("Object Repository/Выполнение бизнес-плана/spanFact" + filialNum)): Text of object 'Object Repository/Выполнение бизнес-плана/spanFact4' is: '25.74
|'

31-03-2025T12:26:29 - [MESSAGE][PASSED] - Text of object 'Object Repository/Выполнение бизнес-плана/spanFact4' is: '25.74
|'

31-03-2025T12:26:29 - [TEST_STEP][PASSED] - page2 = page2.replace("|", ""): null

31-03-2025T12:26:29 - [TEST_STEP][PASSED] - println("page1: " + page1): null

31-03-2025T12:26:29 - [TEST_STEP][PASSED] - println("page2: " + page2): null

31-03-2025T12:26:29 - [TEST_STEP][PASSED] - file = findTestData("PlanFact").getValue(4, a): null

31-03-2025T12:26:29 - [TEST_STEP][PASSED] - file = file.replace(",", "."): null

31-03-2025T12:26:29 - [TEST_STEP][PASSED] - println("file Plan: " + file): null

31-03-2025T12:26:29 - [TEST_STEP][PASSED] - typeOfData = "План в процентах": null

31-03-2025T12:26:29 - [TEST_STEP][PASSED] - fileDouble = file.toDouble(): null

31-03-2025T12:26:29 - [TEST_STEP][PASSED] - pageDouble = page1.toDouble(): null

31-03-2025T12:26:29 - [TEST_STEP][PASSED] - if (fileDouble != pageDouble): null

31-03-2025T12:26:29 - [TEST_STEP][PASSED] - file = findTestData("PlanFact").getValue(7, a): null

31-03-2025T12:26:30 - [TEST_STEP][PASSED] - file = file.replace(",", "."): null

31-03-2025T12:26:30 - [TEST_STEP][PASSED] - println("file Fact: " + file): null

31-03-2025T12:26:30 - [TEST_STEP][PASSED] - fileDouble = file.toDouble(): null

31-03-2025T12:26:30 - [TEST_STEP][PASSED] - typeOfData = "Факт в процентах": null

31-03-2025T12:26:30 - [TEST_STEP][PASSED] - fileDouble = file.toDouble(): null

31-03-2025T12:26:30 - [TEST_STEP][PASSED] - pageDouble = page2.toDouble(): null

31-03-2025T12:26:30 - [TEST_STEP][PASSED] - if (fileDouble != pageDouble): null

31-03-2025T12:26:30 - [TEST_STEP][PASSED] - if (verifyEqual(numberOfErrors, 0) == false): Actual object '0' and expected object '0' are equal

31-03-2025T12:26:30 - [MESSAGE][PASSED] - Actual object '0' and expected object '0' are equal

31-03-2025T12:26:30 - [TEST_STEP][PASSED] - if (a == 82): null

31-03-2025T12:26:30 - [TEST_STEP][PASSED] - dZO = "Ростовэнерго": null

31-03-2025T12:26:30 - [TEST_STEP][PASSED] - a = 63: null

31-03-2025T12:26:30 - [TEST_STEP][PASSED] - if (x2.contains(dZO)): null

31-03-2025T12:26:30 - [TEST_STEP][PASSED] - filialNum = filialNum + 1: null

31-03-2025T12:26:30 - [TEST_STEP][PASSED] - Script1718980020443.Numbers(a, typeOfData, todaysDate, pageInt, fileInt, pageDouble, fileDouble, dZO, dzoNum, filialNum): null

31-03-2025T12:26:30 - [TEST_STEP][PASSED] - println(dzoNum): null

31-03-2025T12:26:30 - [TEST_STEP][PASSED] - planFact = <not implemented yet for class: org.codehaus.groovy.ast.expr.EmptyExpression>: null

31-03-2025T12:26:30 - [TEST_STEP][PASSED] - page = <not implemented yet for class: org.codehaus.groovy.ast.expr.EmptyExpression>: null

31-03-2025T12:26:30 - [TEST_STEP][PASSED] - page1 = <not implemented yet for class: org.codehaus.groovy.ast.expr.EmptyExpression>: null

31-03-2025T12:26:30 - [TEST_STEP][PASSED] - page2 = <not implemented yet for class: org.codehaus.groovy.ast.expr.EmptyExpression>: null

31-03-2025T12:26:30 - [TEST_STEP][PASSED] - filialNumberInRow = <not implemented yet for class: org.codehaus.groovy.ast.expr.EmptyExpression>: null

31-03-2025T12:26:30 - [TEST_STEP][PASSED] - filialsDzoNames = <not implemented yet for class: org.codehaus.groovy.ast.expr.EmptyExpression>: null

31-03-2025T12:26:30 - [TEST_STEP][PASSED] - numberOfFilials = <not implemented yet for class: org.codehaus.groovy.ast.expr.EmptyExpression>: null

31-03-2025T12:26:30 - [TEST_STEP][PASSED] - numberOfSpaces = <not implemented yet for class: org.codehaus.groovy.ast.expr.EmptyExpression>: null

31-03-2025T12:26:30 - [TEST_STEP][PASSED] - file = <not implemented yet for class: org.codehaus.groovy.ast.expr.EmptyExpression>: null

31-03-2025T12:26:30 - [TEST_STEP][PASSED] - otpusk = <not implemented yet for class: org.codehaus.groovy.ast.expr.EmptyExpression>: null

31-03-2025T12:26:30 - [TEST_STEP][PASSED] - poteri = <not implemented yet for class: org.codehaus.groovy.ast.expr.EmptyExpression>: null

31-03-2025T12:26:30 - [TEST_STEP][PASSED] - dataFolder = "Выполнение бизнес-плана/Значения со страницы Выполнение бизнес-плана/": null

31-03-2025T12:26:30 - [TEST_STEP][PASSED] - path = <not implemented yet for class: org.codehaus.groovy.ast.expr.EmptyExpression>: null

31-03-2025T12:26:30 - [TEST_STEP][PASSED] - typeOfDataMain = <not implemented yet for class: org.codehaus.groovy.ast.expr.EmptyExpression>: null

31-03-2025T12:26:30 - [TEST_STEP][PASSED] - fileOtpuskVSet = <not implemented yet for class: org.codehaus.groovy.ast.expr.EmptyExpression>: null

31-03-2025T12:26:30 - [TEST_STEP][PASSED] - pageOtpuskVSet = <not implemented yet for class: org.codehaus.groovy.ast.expr.EmptyExpression>: null

31-03-2025T12:26:30 - [TEST_STEP][PASSED] - filePoteri = <not implemented yet for class: org.codehaus.groovy.ast.expr.EmptyExpression>: null

31-03-2025T12:26:30 - [TEST_STEP][PASSED] - pagePoteri = <not implemented yet for class: org.codehaus.groovy.ast.expr.EmptyExpression>: null

31-03-2025T12:26:30 - [TEST_STEP][PASSED] - compare = <not implemented yet for class: org.codehaus.groovy.ast.expr.EmptyExpression>: null

31-03-2025T12:26:30 - [TEST_STEP][PASSED] - b = <not implemented yet for class: org.codehaus.groovy.ast.expr.EmptyExpression>: null

31-03-2025T12:26:30 - [TEST_STEP][PASSED] - i = <not implemented yet for class: org.codehaus.groovy.ast.expr.EmptyExpression>: null

31-03-2025T12:26:30 - [TEST_STEP][PASSED] - ii = <not implemented yet for class: org.codehaus.groovy.ast.expr.EmptyExpression>: null

31-03-2025T12:26:30 - [TEST_STEP][PASSED] - c = <not implemented yet for class: org.codehaus.groovy.ast.expr.EmptyExpression>: null

31-03-2025T12:26:30 - [TEST_STEP][PASSED] - numberOfErrors = 0: null

31-03-2025T12:26:30 - [TEST_STEP][PASSED] - if (a == 82): null

31-03-2025T12:26:30 - [TEST_STEP][PASSED] - b = findTestData("PlanFact").getValue(1, a): null

31-03-2025T12:26:30 - [TEST_STEP][PASSED] - i = b.indexOf(" (ГК)"): null

31-03-2025T12:26:30 - [TEST_STEP][PASSED] - if (i > -1): null

31-03-2025T12:26:30 - [TEST_STEP][PASSED] - i = b.indexOf("О ""): null

31-03-2025T12:26:30 - [TEST_STEP][PASSED] - if (i > -1): null

31-03-2025T12:26:30 - [TEST_STEP][PASSED] - i = b.indexOf("О «"): null

31-03-2025T12:26:30 - [TEST_STEP][PASSED] - if (i > -1): null

31-03-2025T12:26:30 - [TEST_STEP][PASSED] - i = b.indexOf("г. "): null

31-03-2025T12:26:30 - [TEST_STEP][PASSED] - if (i > -1): null

31-03-2025T12:26:30 - [TEST_STEP][PASSED] - b = b.trim(): null

31-03-2025T12:26:30 - [TEST_STEP][PASSED] - println(b): null

31-03-2025T12:26:30 - [TEST_STEP][PASSED] - for ([planFact = 1, planFact < 3, (planFact++)]): Object: 'Object Repository/Выполнение бизнес-плана/Кнопка Факт' is clicked on

31-03-2025T12:26:30 - [TEST_STEP][PASSED] - if (planFact == 1): null

31-03-2025T12:26:30 - [TEST_STEP][PASSED] - typeOfDataMain = "Факт": null

31-03-2025T12:26:30 - [TEST_STEP][PASSED] - otpusk = findTestData("PlanFact").getValue(5, a): null

31-03-2025T12:26:30 - [TEST_STEP][PASSED] - poteri = findTestData("PlanFact").getValue(6, a): null

31-03-2025T12:26:30 - [TEST_STEP][PASSED] - otpusk = otpusk.replaceAll("\s+", ""): null

31-03-2025T12:26:30 - [TEST_STEP][PASSED] - poteri = poteri.replaceAll("\s+", ""): null

31-03-2025T12:26:30 - [TEST_STEP][PASSED] - typeOfData = typeOfDataMain + " Отпуск в сеть": null

31-03-2025T12:26:30 - [TEST_STEP][PASSED] - if (a == 82): null

31-03-2025T12:26:30 - [TEST_STEP][PASSED] - else if (a == 84): null

31-03-2025T12:26:30 - [TEST_STEP][PASSED] - else if (a == 83 || a == 52 || a == 72 || a == 28 || a == 73 || a == 77 || a == 74 || a == 65 || a == 36 || a == 44 || a == 53 || a == 80 || a == 54 || a == 1 || a == 18 || a == 59 || a == 81): null

31-03-2025T12:26:30 - [TEST_STEP][PASSED] - else: null

31-03-2025T12:26:30 - [TEST_STEP][PASSED] - path = dataFolder + typeOfData + " за отчётный период " + b: null

31-03-2025T12:26:30 - [TEST_STEP][PASSED] - println(path): null

31-03-2025T12:26:30 - [TEST_STEP][PASSED] - page = getText(findTestObject(path)): Text of object 'Object Repository/Выполнение бизнес-плана/Значения со страницы Выполнение бизнес-плана/Факт Отпуск в сеть за отчётный период Ростовэнерго' is: '1 339 315'

31-03-2025T12:26:30 - [MESSAGE][PASSED] - Text of object 'Object Repository/Выполнение бизнес-плана/Значения со страницы Выполнение бизнес-плана/Факт Отпуск в сеть за отчётный период Ростовэнерго' is: '1 339 315'

31-03-2025T12:26:30 - [TEST_STEP][PASSED] - if (page == "" || page == null): null

31-03-2025T12:26:30 - [TEST_STEP][PASSED] - else: null

31-03-2025T12:26:30 - [TEST_STEP][PASSED] - page = page.replaceAll("\s+", ""): null

31-03-2025T12:26:30 - [TEST_STEP][PASSED] - if (page == "undefined"): null

31-03-2025T12:26:30 - [TEST_STEP][PASSED] - fileOtpuskVSet = otpusk.toInteger(): null

31-03-2025T12:26:30 - [TEST_STEP][PASSED] - pageOtpuskVSet = page.toInteger(): null

31-03-2025T12:26:30 - [TEST_STEP][PASSED] - typeOfData = typeOfDataMain + " Потери": null

31-03-2025T12:26:30 - [TEST_STEP][PASSED] - if (a == 82): null

31-03-2025T12:26:30 - [TEST_STEP][PASSED] - else if (a == 84): null

31-03-2025T12:26:30 - [TEST_STEP][PASSED] - else if (a == 83 || a == 52 || a == 72 || a == 28 || a == 73 || a == 77 || a == 74 || a == 65 || a == 44 || a == 53 || a == 80 || a == 54 || a == 1 || a == 18 || a == 59 || a == 81): null

31-03-2025T12:26:30 - [TEST_STEP][PASSED] - else: null

31-03-2025T12:26:30 - [TEST_STEP][PASSED] - path = dataFolder + typeOfData + " за отчётный период " + b: null

31-03-2025T12:26:30 - [TEST_STEP][PASSED] - page = getText(findTestObject(path)): Text of object 'Object Repository/Выполнение бизнес-плана/Значения со страницы Выполнение бизнес-плана/Факт Потери за отчётный период Ростовэнерго' is: '109 266'

31-03-2025T12:26:30 - [MESSAGE][PASSED] - Text of object 'Object Repository/Выполнение бизнес-плана/Значения со страницы Выполнение бизнес-плана/Факт Потери за отчётный период Ростовэнерго' is: '109 266'

31-03-2025T12:26:30 - [TEST_STEP][PASSED] - if (page == "" || page == null): null

31-03-2025T12:26:30 - [TEST_STEP][PASSED] - else: null

31-03-2025T12:26:30 - [TEST_STEP][PASSED] - page = page.replaceAll("\s+", ""): null

31-03-2025T12:26:30 - [TEST_STEP][PASSED] - if (page == "undefined"): null

31-03-2025T12:26:30 - [TEST_STEP][PASSED] - filePoteri = poteri.toInteger(): null

31-03-2025T12:26:30 - [TEST_STEP][PASSED] - pagePoteri = page.toInteger(): null

31-03-2025T12:26:30 - [TEST_STEP][PASSED] - compare = pageOtpuskVSet: null

31-03-2025T12:26:30 - [TEST_STEP][PASSED] - if (pageOtpuskVSet != null): null

31-03-2025T12:26:30 - [TEST_STEP][PASSED] - if (compare == fileOtpuskVSet): null

31-03-2025T12:26:30 - [TEST_STEP][PASSED] - if (compare == fileOtpuskVSet): null

31-03-2025T12:26:30 - [TEST_STEP][PASSED] - compare = pagePoteri: null

31-03-2025T12:26:30 - [TEST_STEP][PASSED] - if (pageOtpuskVSet != null): null

31-03-2025T12:26:30 - [TEST_STEP][PASSED] - if (compare == filePoteri): null

31-03-2025T12:26:30 - [TEST_STEP][PASSED] - if (compare == filePoteri): null

31-03-2025T12:26:30 - [TEST_STEP][PASSED] - if (planFact == 2): null

31-03-2025T12:26:30 - [TEST_STEP][PASSED] - if (planFact == 1): null

31-03-2025T12:26:30 - [TEST_STEP][PASSED] - else if (planFact == 2): null

31-03-2025T12:26:30 - [TEST_STEP][PASSED] - click(findTestObject("Выполнение бизнес-плана/Кнопка План")): Object: 'Object Repository/Выполнение бизнес-плана/Кнопка План' is clicked on

31-03-2025T12:26:31 - [MESSAGE][PASSED] - Object: 'Object Repository/Выполнение бизнес-плана/Кнопка План' is clicked on

31-03-2025T12:26:31 - [TEST_STEP][PASSED] - typeOfDataMain = "План": null

31-03-2025T12:26:31 - [TEST_STEP][PASSED] - otpusk = findTestData("PlanFact").getValue(2, a): null

31-03-2025T12:26:31 - [TEST_STEP][PASSED] - poteri = findTestData("PlanFact").getValue(3, a): null

31-03-2025T12:26:31 - [TEST_STEP][PASSED] - otpusk = otpusk.replaceAll("\s+", ""): null

31-03-2025T12:26:31 - [TEST_STEP][PASSED] - poteri = poteri.replaceAll("\s+", ""): null

31-03-2025T12:26:31 - [TEST_STEP][PASSED] - typeOfData = typeOfDataMain + " Отпуск в сеть": null

31-03-2025T12:26:31 - [TEST_STEP][PASSED] - if (a == 82): null

31-03-2025T12:26:31 - [TEST_STEP][PASSED] - else if (a == 84): null

31-03-2025T12:26:31 - [TEST_STEP][PASSED] - else if (a == 83 || a == 52 || a == 72 || a == 28 || a == 73 || a == 77 || a == 74 || a == 65 || a == 36 || a == 44 || a == 53 || a == 80 || a == 54 || a == 1 || a == 18 || a == 59 || a == 81): null

31-03-2025T12:26:31 - [TEST_STEP][PASSED] - else: null

31-03-2025T12:26:31 - [TEST_STEP][PASSED] - path = dataFolder + typeOfData + " за отчётный период " + b: null

31-03-2025T12:26:31 - [TEST_STEP][PASSED] - println(path): null

31-03-2025T12:26:31 - [TEST_STEP][PASSED] - page = getText(findTestObject(path)): Text of object 'Object Repository/Выполнение бизнес-плана/Значения со страницы Выполнение бизнес-плана/План Отпуск в сеть за отчётный период Ростовэнерго' is: '1 403 337'

31-03-2025T12:26:31 - [MESSAGE][PASSED] - Text of object 'Object Repository/Выполнение бизнес-плана/Значения со страницы Выполнение бизнес-плана/План Отпуск в сеть за отчётный период Ростовэнерго' is: '1 403 337'

31-03-2025T12:26:31 - [TEST_STEP][PASSED] - if (page == "" || page == null): null

31-03-2025T12:26:31 - [TEST_STEP][PASSED] - else: null

31-03-2025T12:26:31 - [TEST_STEP][PASSED] - page = page.replaceAll("\s+", ""): null

31-03-2025T12:26:31 - [TEST_STEP][PASSED] - if (page == "undefined"): null

31-03-2025T12:26:31 - [TEST_STEP][PASSED] - fileOtpuskVSet = otpusk.toInteger(): null

31-03-2025T12:26:31 - [TEST_STEP][PASSED] - pageOtpuskVSet = page.toInteger(): null

31-03-2025T12:26:31 - [TEST_STEP][PASSED] - typeOfData = typeOfDataMain + " Потери": null

31-03-2025T12:26:31 - [TEST_STEP][PASSED] - if (a == 82): null

31-03-2025T12:26:31 - [TEST_STEP][PASSED] - else if (a == 84): null

31-03-2025T12:26:31 - [TEST_STEP][PASSED] - else if (a == 83 || a == 52 || a == 72 || a == 28 || a == 73 || a == 77 || a == 74 || a == 65 || a == 44 || a == 53 || a == 80 || a == 54 || a == 1 || a == 18 || a == 59 || a == 81): null

31-03-2025T12:26:31 - [TEST_STEP][PASSED] - else: null

31-03-2025T12:26:31 - [TEST_STEP][PASSED] - path = dataFolder + typeOfData + " за отчётный период " + b: null

31-03-2025T12:26:31 - [TEST_STEP][PASSED] - page = getText(findTestObject(path)): Text of object 'Object Repository/Выполнение бизнес-плана/Значения со страницы Выполнение бизнес-плана/План Потери за отчётный период Ростовэнерго' is: '129 545'

31-03-2025T12:26:31 - [MESSAGE][PASSED] - Text of object 'Object Repository/Выполнение бизнес-плана/Значения со страницы Выполнение бизнес-плана/План Потери за отчётный период Ростовэнерго' is: '129 545'

31-03-2025T12:26:31 - [TEST_STEP][PASSED] - if (page == "" || page == null): null

31-03-2025T12:26:31 - [TEST_STEP][PASSED] - else: null

31-03-2025T12:26:31 - [TEST_STEP][PASSED] - page = page.replaceAll("\s+", ""): null

31-03-2025T12:26:31 - [TEST_STEP][PASSED] - if (page == "undefined"): null

31-03-2025T12:26:31 - [TEST_STEP][PASSED] - filePoteri = poteri.toInteger(): null

31-03-2025T12:26:31 - [TEST_STEP][PASSED] - pagePoteri = page.toInteger(): null

31-03-2025T12:26:31 - [TEST_STEP][PASSED] - compare = pageOtpuskVSet: null

31-03-2025T12:26:31 - [TEST_STEP][PASSED] - if (pageOtpuskVSet != null): null

31-03-2025T12:26:31 - [TEST_STEP][PASSED] - if (compare == fileOtpuskVSet): null

31-03-2025T12:26:31 - [TEST_STEP][PASSED] - if (compare == fileOtpuskVSet): null

31-03-2025T12:26:31 - [TEST_STEP][PASSED] - compare = pagePoteri: null

31-03-2025T12:26:31 - [TEST_STEP][PASSED] - if (pageOtpuskVSet != null): null

31-03-2025T12:26:31 - [TEST_STEP][PASSED] - if (compare == filePoteri): null

31-03-2025T12:26:31 - [TEST_STEP][PASSED] - if (compare == filePoteri): null

31-03-2025T12:26:31 - [TEST_STEP][PASSED] - if (planFact == 2): Object: 'Object Repository/Выполнение бизнес-плана/Кнопка Факт' is clicked on

31-03-2025T12:26:31 - [TEST_STEP][PASSED] - click(findTestObject("Выполнение бизнес-плана/Кнопка Факт")): Object: 'Object Repository/Выполнение бизнес-плана/Кнопка Факт' is clicked on

31-03-2025T12:26:32 - [MESSAGE][PASSED] - Object: 'Object Repository/Выполнение бизнес-плана/Кнопка Факт' is clicked on

31-03-2025T12:26:32 - [TEST_STEP][PASSED] - println("a=" + a): null

31-03-2025T12:26:32 - [TEST_STEP][PASSED] - if (a == 84 || a == 82): null

31-03-2025T12:26:32 - [TEST_STEP][PASSED] - else if (a == 83 || a == 52 || a == 72 || a == 28 || a == 73 || a == 77 || a == 74 || a == 65 || a == 36 || a == 44 || a == 53 || a == 80 || a == 54 || a == 1 || a == 18 || a == 59 || a == 81): null

31-03-2025T12:26:32 - [TEST_STEP][PASSED] - else: null

31-03-2025T12:26:32 - [TEST_STEP][PASSED] - page1 = getText(findTestObject("Object Repository/Выполнение бизнес-плана/spanPlan" + filialNum)): Text of object 'Object Repository/Выполнение бизнес-плана/spanPlan5' is: '9.23
|'

31-03-2025T12:26:32 - [MESSAGE][PASSED] - Text of object 'Object Repository/Выполнение бизнес-плана/spanPlan5' is: '9.23
|'

31-03-2025T12:26:32 - [TEST_STEP][PASSED] - page1 = page1.replace("|", ""): null

31-03-2025T12:26:32 - [TEST_STEP][PASSED] - page2 = getText(findTestObject("Object Repository/Выполнение бизнес-плана/spanFact" + filialNum)): Text of object 'Object Repository/Выполнение бизнес-плана/spanFact5' is: '8.16
|'

31-03-2025T12:26:32 - [MESSAGE][PASSED] - Text of object 'Object Repository/Выполнение бизнес-плана/spanFact5' is: '8.16
|'

31-03-2025T12:26:32 - [TEST_STEP][PASSED] - page2 = page2.replace("|", ""): null

31-03-2025T12:26:32 - [TEST_STEP][PASSED] - println("page1: " + page1): null

31-03-2025T12:26:32 - [TEST_STEP][PASSED] - println("page2: " + page2): null

31-03-2025T12:26:32 - [TEST_STEP][PASSED] - file = findTestData("PlanFact").getValue(4, a): null

31-03-2025T12:26:32 - [TEST_STEP][PASSED] - file = file.replace(",", "."): null

31-03-2025T12:26:32 - [TEST_STEP][PASSED] - println("file Plan: " + file): null

31-03-2025T12:26:32 - [TEST_STEP][PASSED] - typeOfData = "План в процентах": null

31-03-2025T12:26:32 - [TEST_STEP][PASSED] - fileDouble = file.toDouble(): null

31-03-2025T12:26:32 - [TEST_STEP][PASSED] - pageDouble = page1.toDouble(): null

31-03-2025T12:26:32 - [TEST_STEP][PASSED] - if (fileDouble != pageDouble): null

31-03-2025T12:26:32 - [TEST_STEP][PASSED] - file = findTestData("PlanFact").getValue(7, a): null

31-03-2025T12:26:33 - [TEST_STEP][PASSED] - file = file.replace(",", "."): null

31-03-2025T12:26:33 - [TEST_STEP][PASSED] - println("file Fact: " + file): null

31-03-2025T12:26:33 - [TEST_STEP][PASSED] - fileDouble = file.toDouble(): null

31-03-2025T12:26:33 - [TEST_STEP][PASSED] - typeOfData = "Факт в процентах": null

31-03-2025T12:26:33 - [TEST_STEP][PASSED] - fileDouble = file.toDouble(): null

31-03-2025T12:26:33 - [TEST_STEP][PASSED] - pageDouble = page2.toDouble(): null

31-03-2025T12:26:33 - [TEST_STEP][PASSED] - if (fileDouble != pageDouble): null

31-03-2025T12:26:33 - [TEST_STEP][PASSED] - if (verifyEqual(numberOfErrors, 0) == false): Actual object '0' and expected object '0' are equal

31-03-2025T12:26:33 - [MESSAGE][PASSED] - Actual object '0' and expected object '0' are equal

31-03-2025T12:26:33 - [TEST_STEP][PASSED] - if (a == 82): null

31-03-2025T12:26:33 - [TEST_STEP][PASSED] - filialNum = 0: null

31-03-2025T12:26:33 - [TEST_STEP][PASSED] - Script1718980020443.OpenFilter(): null

31-03-2025T12:26:33 - [TEST_STEP][PASSED] - click(findTestObject("Object Repository/Выполнение бизнес-плана/Фильтр ДЗО")): Object: 'Object Repository/Выполнение бизнес-плана/Фильтр ДЗО' is clicked on

31-03-2025T12:26:33 - [MESSAGE][PASSED] - Object: 'Object Repository/Выполнение бизнес-плана/Фильтр ДЗО' is clicked on

31-03-2025T12:26:33 - [TEST_STEP][PASSED] - click(findTestObject("Выполнение бизнес-плана/Снять выделение в фильтре ДЗО")): Object: 'Object Repository/Выполнение бизнес-плана/Снять выделение в фильтре ДЗО' is clicked on

31-03-2025T12:26:33 - [MESSAGE][PASSED] - Object: 'Object Repository/Выполнение бизнес-плана/Снять выделение в фильтре ДЗО' is clicked on

31-03-2025T12:26:33 - [TEST_STEP][PASSED] - Script1718980020443.CloseFilter(): null

31-03-2025T12:26:33 - [TEST_STEP][PASSED] - scrollToElement(findTestObject("Выполнение бизнес-плана/Заголовок дашборда"), 30): Scroll to object 'Object Repository/Выполнение бизнес-плана/Заголовок дашборда' successfully

31-03-2025T12:26:34 - [MESSAGE][PASSED] - Scroll to object 'Object Repository/Выполнение бизнес-плана/Заголовок дашборда' successfully

31-03-2025T12:26:34 - [TEST_STEP][PASSED] - click(findTestObject("Object Repository/Выполнение бизнес-плана/Применить в фильтре ДЗО")): Object: 'Object Repository/Выполнение бизнес-плана/Применить в фильтре ДЗО' is clicked on

31-03-2025T12:26:35 - [MESSAGE][PASSED] - Object: 'Object Repository/Выполнение бизнес-плана/Применить в фильтре ДЗО' is clicked on

31-03-2025T12:26:35 - [TEST_STEP][PASSED] - delay(60): Delayed 60 second(s)

31-03-2025T12:27:35 - [MESSAGE][PASSED] - Delayed 60 second(s)

31-03-2025T12:27:35 - [TEST_STEP][PASSED] - if (a == 82): null

31-03-2025T12:27:35 - [TEST_STEP][PASSED] - println(dzoNum): null

31-03-2025T12:27:35 - [TEST_STEP][PASSED] - dZO = "Россети Янтарь": null

31-03-2025T12:27:35 - [TEST_STEP][PASSED] - a = 81: null

31-03-2025T12:27:35 - [TEST_STEP][PASSED] - if (x1.contains("Янтарь")): null

31-03-2025T12:27:35 - [TEST_STEP][PASSED] - dzoNum = dzoNum + 1: null

31-03-2025T12:27:35 - [TEST_STEP][PASSED] - Script1718980020443.Numbers(a, typeOfData, todaysDate, pageInt, fileInt, pageDouble, fileDouble, dZO, dzoNum, filialNum): null

31-03-2025T12:27:35 - [TEST_STEP][PASSED] - println(dzoNum): null

31-03-2025T12:27:35 - [TEST_STEP][PASSED] - planFact = <not implemented yet for class: org.codehaus.groovy.ast.expr.EmptyExpression>: null

31-03-2025T12:27:35 - [TEST_STEP][PASSED] - page = <not implemented yet for class: org.codehaus.groovy.ast.expr.EmptyExpression>: null

31-03-2025T12:27:35 - [TEST_STEP][PASSED] - page1 = <not implemented yet for class: org.codehaus.groovy.ast.expr.EmptyExpression>: null

31-03-2025T12:27:35 - [TEST_STEP][PASSED] - page2 = <not implemented yet for class: org.codehaus.groovy.ast.expr.EmptyExpression>: null

31-03-2025T12:27:35 - [TEST_STEP][PASSED] - filialNumberInRow = <not implemented yet for class: org.codehaus.groovy.ast.expr.EmptyExpression>: null

31-03-2025T12:27:35 - [TEST_STEP][PASSED] - filialsDzoNames = <not implemented yet for class: org.codehaus.groovy.ast.expr.EmptyExpression>: null

31-03-2025T12:27:35 - [TEST_STEP][PASSED] - numberOfFilials = <not implemented yet for class: org.codehaus.groovy.ast.expr.EmptyExpression>: null

31-03-2025T12:27:35 - [TEST_STEP][PASSED] - numberOfSpaces = <not implemented yet for class: org.codehaus.groovy.ast.expr.EmptyExpression>: null

31-03-2025T12:27:35 - [TEST_STEP][PASSED] - file = <not implemented yet for class: org.codehaus.groovy.ast.expr.EmptyExpression>: null

31-03-2025T12:27:35 - [TEST_STEP][PASSED] - otpusk = <not implemented yet for class: org.codehaus.groovy.ast.expr.EmptyExpression>: null

31-03-2025T12:27:35 - [TEST_STEP][PASSED] - poteri = <not implemented yet for class: org.codehaus.groovy.ast.expr.EmptyExpression>: null

31-03-2025T12:27:35 - [TEST_STEP][PASSED] - dataFolder = "Выполнение бизнес-плана/Значения со страницы Выполнение бизнес-плана/": null

31-03-2025T12:27:35 - [TEST_STEP][PASSED] - path = <not implemented yet for class: org.codehaus.groovy.ast.expr.EmptyExpression>: null

31-03-2025T12:27:35 - [TEST_STEP][PASSED] - typeOfDataMain = <not implemented yet for class: org.codehaus.groovy.ast.expr.EmptyExpression>: null

31-03-2025T12:27:35 - [TEST_STEP][PASSED] - fileOtpuskVSet = <not implemented yet for class: org.codehaus.groovy.ast.expr.EmptyExpression>: null

31-03-2025T12:27:35 - [TEST_STEP][PASSED] - pageOtpuskVSet = <not implemented yet for class: org.codehaus.groovy.ast.expr.EmptyExpression>: null

31-03-2025T12:27:35 - [TEST_STEP][PASSED] - filePoteri = <not implemented yet for class: org.codehaus.groovy.ast.expr.EmptyExpression>: null

31-03-2025T12:27:35 - [TEST_STEP][PASSED] - pagePoteri = <not implemented yet for class: org.codehaus.groovy.ast.expr.EmptyExpression>: null

31-03-2025T12:27:35 - [TEST_STEP][PASSED] - compare = <not implemented yet for class: org.codehaus.groovy.ast.expr.EmptyExpression>: null

31-03-2025T12:27:35 - [TEST_STEP][PASSED] - b = <not implemented yet for class: org.codehaus.groovy.ast.expr.EmptyExpression>: null

31-03-2025T12:27:35 - [TEST_STEP][PASSED] - i = <not implemented yet for class: org.codehaus.groovy.ast.expr.EmptyExpression>: null

31-03-2025T12:27:35 - [TEST_STEP][PASSED] - ii = <not implemented yet for class: org.codehaus.groovy.ast.expr.EmptyExpression>: null

31-03-2025T12:27:35 - [TEST_STEP][PASSED] - c = <not implemented yet for class: org.codehaus.groovy.ast.expr.EmptyExpression>: null

31-03-2025T12:27:35 - [TEST_STEP][PASSED] - numberOfErrors = 0: null

31-03-2025T12:27:35 - [TEST_STEP][PASSED] - if (a == 82): null

31-03-2025T12:27:35 - [TEST_STEP][PASSED] - b = findTestData("PlanFact").getValue(1, a): null

31-03-2025T12:27:35 - [TEST_STEP][PASSED] - i = b.indexOf(" (ГК)"): null

31-03-2025T12:27:35 - [TEST_STEP][PASSED] - if (i > -1): null

31-03-2025T12:27:35 - [TEST_STEP][PASSED] - i = b.indexOf("О ""): null

31-03-2025T12:27:35 - [TEST_STEP][PASSED] - if (i > -1): null

31-03-2025T12:27:35 - [TEST_STEP][PASSED] - i = b.indexOf("О «"): null

31-03-2025T12:27:35 - [TEST_STEP][PASSED] - if (i > -1): null

31-03-2025T12:27:35 - [TEST_STEP][PASSED] - i = b.indexOf("г. "): null

31-03-2025T12:27:35 - [TEST_STEP][PASSED] - if (i > -1): null

31-03-2025T12:27:35 - [TEST_STEP][PASSED] - b = b.trim(): null

31-03-2025T12:27:35 - [TEST_STEP][PASSED] - println(b): null

31-03-2025T12:27:35 - [TEST_STEP][PASSED] - for ([planFact = 1, planFact < 3, (planFact++)]): null

31-03-2025T12:27:35 - [TEST_STEP][PASSED] - if (planFact == 1): null

31-03-2025T12:27:35 - [TEST_STEP][PASSED] - typeOfDataMain = "Факт": null

31-03-2025T12:27:35 - [TEST_STEP][PASSED] - otpusk = findTestData("PlanFact").getValue(5, a): null

31-03-2025T12:27:35 - [TEST_STEP][PASSED] - poteri = findTestData("PlanFact").getValue(6, a): null

31-03-2025T12:27:35 - [TEST_STEP][PASSED] - otpusk = otpusk.replaceAll("\s+", ""): null

31-03-2025T12:27:35 - [TEST_STEP][PASSED] - poteri = poteri.replaceAll("\s+", ""): null

31-03-2025T12:27:35 - [TEST_STEP][PASSED] - typeOfData = typeOfDataMain + " Отпуск в сеть": null

31-03-2025T12:27:35 - [TEST_STEP][PASSED] - if (a == 82): null

31-03-2025T12:27:35 - [TEST_STEP][PASSED] - else if (a == 84): null

31-03-2025T12:27:35 - [TEST_STEP][PASSED] - else if (a == 83 || a == 52 || a == 72 || a == 28 || a == 73 || a == 77 || a == 74 || a == 65 || a == 36 || a == 44 || a == 53 || a == 80 || a == 54 || a == 1 || a == 18 || a == 59 || a == 81): null

31-03-2025T12:27:35 - [TEST_STEP][PASSED] - path = dataFolder + "Table Data/" + typeOfData + " за отчётный период " + dzoNum: null

31-03-2025T12:27:35 - [TEST_STEP][PASSED] - println(path): null

31-03-2025T12:27:35 - [TEST_STEP][PASSED] - page = getText(findTestObject(path)): Text of object 'Object Repository/Выполнение бизнес-плана/Значения со страницы Выполнение бизнес-плана/Table Data/Факт Отпуск в сеть за отчётный период 8' is: '462 838'

31-03-2025T12:27:35 - [MESSAGE][PASSED] - Text of object 'Object Repository/Выполнение бизнес-плана/Значения со страницы Выполнение бизнес-плана/Table Data/Факт Отпуск в сеть за отчётный период 8' is: '462 838'

31-03-2025T12:27:35 - [TEST_STEP][PASSED] - if (page == "" || page == null): null

31-03-2025T12:27:35 - [TEST_STEP][PASSED] - else: null

31-03-2025T12:27:35 - [TEST_STEP][PASSED] - page = page.replaceAll("\s+", ""): null

31-03-2025T12:27:35 - [TEST_STEP][PASSED] - if (page == "undefined"): null

31-03-2025T12:27:35 - [TEST_STEP][PASSED] - fileOtpuskVSet = otpusk.toInteger(): null

31-03-2025T12:27:35 - [TEST_STEP][PASSED] - pageOtpuskVSet = page.toInteger(): null

31-03-2025T12:27:35 - [TEST_STEP][PASSED] - typeOfData = typeOfDataMain + " Потери": null

31-03-2025T12:27:35 - [TEST_STEP][PASSED] - if (a == 82): null

31-03-2025T12:27:35 - [TEST_STEP][PASSED] - else if (a == 84): null

31-03-2025T12:27:35 - [TEST_STEP][PASSED] - else if (a == 83 || a == 52 || a == 72 || a == 28 || a == 73 || a == 77 || a == 74 || a == 65 || a == 44 || a == 53 || a == 80 || a == 54 || a == 1 || a == 18 || a == 59 || a == 81): null

31-03-2025T12:27:35 - [TEST_STEP][PASSED] - path = dataFolder + "Table Data/" + typeOfData + " за отчётный период " + dzoNum: null

31-03-2025T12:27:35 - [TEST_STEP][PASSED] - page = getText(findTestObject(path)): Text of object 'Object Repository/Выполнение бизнес-плана/Значения со страницы Выполнение бизнес-плана/Table Data/Факт Потери за отчётный период 8' is: '373 314'

31-03-2025T12:27:35 - [MESSAGE][PASSED] - Text of object 'Object Repository/Выполнение бизнес-плана/Значения со страницы Выполнение бизнес-плана/Table Data/Факт Потери за отчётный период 8' is: '373 314'

31-03-2025T12:27:35 - [TEST_STEP][PASSED] - if (page == "" || page == null): null

31-03-2025T12:27:35 - [TEST_STEP][PASSED] - else: null

31-03-2025T12:27:35 - [TEST_STEP][PASSED] - page = page.replaceAll("\s+", ""): null

31-03-2025T12:27:35 - [TEST_STEP][PASSED] - if (page == "undefined"): null

31-03-2025T12:27:35 - [TEST_STEP][PASSED] - filePoteri = poteri.toInteger(): null

31-03-2025T12:27:35 - [TEST_STEP][PASSED] - pagePoteri = page.toInteger(): null

31-03-2025T12:27:35 - [TEST_STEP][PASSED] - compare = pageOtpuskVSet: null

31-03-2025T12:27:35 - [TEST_STEP][PASSED] - if (pageOtpuskVSet != null): null

31-03-2025T12:27:35 - [TEST_STEP][PASSED] - if (compare == fileOtpuskVSet): null

31-03-2025T12:27:35 - [TEST_STEP][PASSED] - if (compare == fileOtpuskVSet): null

31-03-2025T12:27:35 - [TEST_STEP][PASSED] - compare = pagePoteri: null

31-03-2025T12:27:35 - [TEST_STEP][PASSED] - if (pageOtpuskVSet != null): null

31-03-2025T12:27:35 - [TEST_STEP][PASSED] - if (compare == filePoteri): null

31-03-2025T12:27:35 - [TEST_STEP][PASSED] - else if (compare > filePoteri): null

31-03-2025T12:27:35 - [TEST_STEP][PASSED] - compare = compare - 1: null

31-03-2025T12:27:35 - [TEST_STEP][PASSED] - if (compare == filePoteri): null

31-03-2025T12:27:35 - [TEST_STEP][PASSED] - else: null

31-03-2025T12:27:35 - [TEST_STEP][PASSED] - numberOfErrors = numberOfErrors + 1: null

31-03-2025T12:27:35 - [TEST_STEP][PASSED] - pageInt = pagePoteri: null

31-03-2025T12:27:35 - [TEST_STEP][PASSED] - fileInt = filePoteri: null

31-03-2025T12:27:35 - [TEST_STEP][PASSED] - typeOfData = typeOfDataMain + " Потери": null

31-03-2025T12:27:35 - [TEST_STEP][PASSED] - Script1718980020443.WriteToExcel(a, typeOfData, todaysDate, pageInt, fileInt, pageDouble, fileDouble, dZO): null

31-03-2025T12:27:35 - [TEST_STEP][PASSED] - sheetName = "Sheet1": null

31-03-2025T12:27:35 - [TEST_STEP][PASSED] - data = findTestData("PlanFact"): null

31-03-2025T12:27:36 - [TEST_STEP][PASSED] - n = data.getRowNumbers() + 1: null

31-03-2025T12:27:36 - [TEST_STEP][PASSED] - day = ")).toInteger(): null

31-03-2025T12:27:36 - [TEST_STEP][PASSED] - println(day): null

31-03-2025T12:27:36 - [TEST_STEP][PASSED] - month = ")).toInteger(): null

31-03-2025T12:27:36 - [TEST_STEP][PASSED] - println(month): null

31-03-2025T12:27:36 - [TEST_STEP][PASSED] - y = <not implemented yet for class: org.codehaus.groovy.ast.expr.EmptyExpression>: null

31-03-2025T12:27:36 - [TEST_STEP][PASSED] - iy = <not implemented yet for class: org.codehaus.groovy.ast.expr.EmptyExpression>: null

31-03-2025T12:27:36 - [TEST_STEP][PASSED] - m = getText(findTestObject("Выполнение бизнес-плана/Период")): Text of object 'Object Repository/Выполнение бизнес-плана/Период' is: 'Январь 2025 года'

31-03-2025T12:27:36 - [MESSAGE][PASSED] - Text of object 'Object Repository/Выполнение бизнес-плана/Период' is: 'Январь 2025 года'

31-03-2025T12:27:36 - [TEST_STEP][PASSED] - iy = m.indexOf("20"): null

31-03-2025T12:27:36 - [TEST_STEP][PASSED] - if (iy > -1): null

31-03-2025T12:27:36 - [TEST_STEP][PASSED] - y = substring(iy, iy + 4).toInteger(): null

31-03-2025T12:27:36 - [TEST_STEP][PASSED] - println(y): null

31-03-2025T12:27:36 - [TEST_STEP][PASSED] - if (toString().length() == 4): null

31-03-2025T12:27:36 - [TEST_STEP][PASSED] - m = m.substring(0, m.indexOf(y.toString())): null

31-03-2025T12:27:36 - [TEST_STEP][PASSED] - m = m.trim(): null

31-03-2025T12:27:36 - [TEST_STEP][PASSED] - if (m == ""): null

31-03-2025T12:27:36 - [TEST_STEP][PASSED] - dashboardName = "Выполнение бизнес-плана": null

31-03-2025T12:27:36 - [TEST_STEP][PASSED] - workbook01 = getWorkbook(excelFilePath): null

31-03-2025T12:27:36 - [TEST_STEP][PASSED] - sheet01 = getExcelSheet(workbook01, sheetName): null

31-03-2025T12:27:36 - [TEST_STEP][PASSED] - setValueToCellByIndex(sheet01, n, 0, dashboardName): null

31-03-2025T12:27:36 - [TEST_STEP][PASSED] - setValueToCellByIndex(sheet01, n, 1, dZO): null

31-03-2025T12:27:36 - [TEST_STEP][PASSED] - setValueToCellByIndex(sheet01, n, 2, typeOfData): null

31-03-2025T12:27:36 - [TEST_STEP][PASSED] - if (typeOfData == "Факт в процентах" || typeOfData == "План в процентах"): null

31-03-2025T12:27:36 - [TEST_STEP][PASSED] - else: null

31-03-2025T12:27:36 - [TEST_STEP][PASSED] - setValueToCellByIndex(sheet01, n, 3, fileInt): null

31-03-2025T12:27:36 - [TEST_STEP][PASSED] - setValueToCellByIndex(sheet01, n, 4, pageInt): null

31-03-2025T12:27:36 - [TEST_STEP][PASSED] - setValueToCellByIndex(sheet01, n, 5, m): null

31-03-2025T12:27:36 - [TEST_STEP][PASSED] - setValueToCellByIndex(sheet01, n, 6, y): null

31-03-2025T12:27:36 - [TEST_STEP][PASSED] - setValueToCellByIndex(sheet01, n, 7, todaysDate): null

31-03-2025T12:27:36 - [TEST_STEP][PASSED] - n = n + 1: null

31-03-2025T12:27:36 - [TEST_STEP][FAILED] - saveWorkbook(excelFilePath, workbook01): null

31-03-2025T12:27:36 - [TEST_STEP][PASSED] - if (planFact == 2): null

31-03-2025T12:27:36 - [TEST_STEP][PASSED] - if (planFact == 1): null

31-03-2025T12:27:36 - [TEST_STEP][PASSED] - else if (planFact == 2): null

31-03-2025T12:27:36 - [TEST_STEP][PASSED] - click(findTestObject("Выполнение бизнес-плана/Кнопка План")): Object: 'Object Repository/Выполнение бизнес-плана/Кнопка План' is clicked on

31-03-2025T12:27:36 - [MESSAGE][PASSED] - Object: 'Object Repository/Выполнение бизнес-плана/Кнопка План' is clicked on

31-03-2025T12:27:36 - [TEST_STEP][PASSED] - typeOfDataMain = "План": null

31-03-2025T12:27:36 - [TEST_STEP][PASSED] - otpusk = findTestData("PlanFact").getValue(2, a): null

31-03-2025T12:27:36 - [TEST_STEP][PASSED] - poteri = findTestData("PlanFact").getValue(3, a): null

31-03-2025T12:27:37 - [TEST_STEP][PASSED] - otpusk = otpusk.replaceAll("\s+", ""): null

31-03-2025T12:27:37 - [TEST_STEP][PASSED] - poteri = poteri.replaceAll("\s+", ""): null

31-03-2025T12:27:37 - [TEST_STEP][PASSED] - typeOfData = typeOfDataMain + " Отпуск в сеть": null

31-03-2025T12:27:37 - [TEST_STEP][PASSED] - if (a == 82): null

31-03-2025T12:27:37 - [TEST_STEP][PASSED] - else if (a == 84): null

31-03-2025T12:27:37 - [TEST_STEP][PASSED] - else if (a == 83 || a == 52 || a == 72 || a == 28 || a == 73 || a == 77 || a == 74 || a == 65 || a == 36 || a == 44 || a == 53 || a == 80 || a == 54 || a == 1 || a == 18 || a == 59 || a == 81): null

31-03-2025T12:27:37 - [TEST_STEP][PASSED] - path = dataFolder + "Table Data/" + typeOfData + " за отчётный период " + dzoNum: null

31-03-2025T12:27:37 - [TEST_STEP][PASSED] - println(path): null

31-03-2025T12:27:37 - [TEST_STEP][PASSED] - page = getText(findTestObject(path)): Text of object 'Object Repository/Выполнение бизнес-плана/Значения со страницы Выполнение бизнес-плана/Table Data/План Отпуск в сеть за отчётный период 8' is: '489 942'

31-03-2025T12:27:37 - [MESSAGE][PASSED] - Text of object 'Object Repository/Выполнение бизнес-плана/Значения со страницы Выполнение бизнес-плана/Table Data/План Отпуск в сеть за отчётный период 8' is: '489 942'

31-03-2025T12:27:37 - [TEST_STEP][PASSED] - if (page == "" || page == null): null

31-03-2025T12:27:37 - [TEST_STEP][PASSED] - else: null

31-03-2025T12:27:37 - [TEST_STEP][PASSED] - page = page.replaceAll("\s+", ""): null

31-03-2025T12:27:37 - [TEST_STEP][PASSED] - if (page == "undefined"): null

31-03-2025T12:27:37 - [TEST_STEP][PASSED] - fileOtpuskVSet = otpusk.toInteger(): null

31-03-2025T12:27:37 - [TEST_STEP][PASSED] - pageOtpuskVSet = page.toInteger(): null

31-03-2025T12:27:37 - [TEST_STEP][PASSED] - typeOfData = typeOfDataMain + " Потери": null

31-03-2025T12:27:37 - [TEST_STEP][PASSED] - if (a == 82): null

31-03-2025T12:27:37 - [TEST_STEP][PASSED] - else if (a == 84): null

31-03-2025T12:27:37 - [TEST_STEP][PASSED] - else if (a == 83 || a == 52 || a == 72 || a == 28 || a == 73 || a == 77 || a == 74 || a == 65 || a == 44 || a == 53 || a == 80 || a == 54 || a == 1 || a == 18 || a == 59 || a == 81): null

31-03-2025T12:27:37 - [TEST_STEP][PASSED] - path = dataFolder + "Table Data/" + typeOfData + " за отчётный период " + dzoNum: null

31-03-2025T12:27:37 - [TEST_STEP][FAILED] - page = getText(findTestObject(path)): Unable to get text of object 'Object Repository/Выполнение бизнес-плана/Значения со страницы Выполнение бизнес-плана/Table Data/План Потери за отчётный период 8' (Root cause: com.kms.katalon.core.exception.StepFailedException: Unable to get text of object 'Object Repository/Выполнение бизнес-плана/Значения со страницы Выполнение бизнес-плана/Table Data/План Потери за отчётный период 8'
	at com.kms.katalon.core.webui.keyword.internal.WebUIKeywordMain.stepFailed(WebUIKeywordMain.groovy:64)
	at com.kms.katalon.core.webui.keyword.internal.WebUIKeywordMain.runKeyword(WebUIKeywordMain.groovy:26)
	at com.kms.katalon.core.webui.keyword.builtin.GetTextKeyword.getText(GetTextKeyword.groovy:88)
	at com.kms.katalon.core.webui.keyword.builtin.GetTextKeyword.execute(GetTextKeyword.groovy:67)
	at com.kms.katalon.core.keyword.internal.KeywordExecutor.executeKeywordForPlatform(KeywordExecutor.groovy:74)
	at com.kms.katalon.core.webui.keyword.WebUiBuiltInKeywords.getText(WebUiBuiltInKeywords.groovy:957)
	at Выполнение бизнес-плана Сверка ПАО Россети все филиалы.Numbers(Выполнение бизнес-плана Сверка ПАО Россети все филиалы:594)
	at Выполнение бизнес-плана Сверка ПАО Россети все филиалы.run(Выполнение бизнес-плана Сверка ПАО Россети все филиалы:413)
	at com.kms.katalon.core.main.ScriptEngine.run(ScriptEngine.java:194)
	at com.kms.katalon.core.main.ScriptEngine.runScriptAsRawText(ScriptEngine.java:119)
	at com.kms.katalon.core.main.TestCaseExecutor.runScript(TestCaseExecutor.java:448)
	at com.kms.katalon.core.main.TestCaseExecutor.doExecute(TestCaseExecutor.java:439)
	at com.kms.katalon.core.main.TestCaseExecutor.processExecutionPhase(TestCaseExecutor.java:418)
	at com.kms.katalon.core.main.TestCaseExecutor.accessMainPhase(TestCaseExecutor.java:410)
	at com.kms.katalon.core.main.TestCaseExecutor.execute(TestCaseExecutor.java:285)
	at com.kms.katalon.core.common.CommonExecutor.accessTestCaseMainPhase(CommonExecutor.java:65)
	at com.kms.katalon.core.main.TestSuiteExecutor.accessTestSuiteMainPhase(TestSuiteExecutor.java:150)
	at com.kms.katalon.core.main.TestSuiteExecutor.execute(TestSuiteExecutor.java:106)
	at com.kms.katalon.core.main.TestCaseMain.startTestSuite(TestCaseMain.java:180)
	at TempTestSuite1743404878601.run(TempTestSuite1743404878601.groovy:35)
	at java.base/jdk.internal.reflect.NativeMethodAccessorImpl.invoke0(Native Method)
	at java.base/jdk.internal.reflect.NativeMethodAccessorImpl.invoke(NativeMethodAccessorImpl.java:77)
	at java.base/jdk.internal.reflect.DelegatingMethodAccessorImpl.invoke(DelegatingMethodAccessorImpl.java:43)
Caused by: com.kms.katalon.core.webui.exception.WebElementNotFoundException: Web element with id: 'Object Repository/Выполнение бизнес-плана/Значения со страницы Выполнение бизнес-плана/Table Data/План Потери за отчётный период 8' located by '(.//*[normalize-space(text()) and normalize-space(.)='Показатели баланса электроэнергии по ДЗО – План'])[2]/following::td[42]' not found
	at com.kms.katalon.core.webui.common.WebUiCommonHelper.findWebElement(WebUiCommonHelper.java:1426)
	at com.kms.katalon.core.webui.keyword.internal.WebUIAbstractKeyword.findWebElement(WebUIAbstractKeyword.groovy:27)
	at com.kms.katalon.core.webui.keyword.internal.WebUIAbstractKeyword.findWebElement(WebUIAbstractKeyword.groovy:26)
	at com.kms.katalon.core.webui.keyword.builtin.GetTextKeyword$_getText_closure1.doCall(GetTextKeyword.groovy:78)
	at com.kms.katalon.core.webui.keyword.builtin.GetTextKeyword$_getText_closure1.call(GetTextKeyword.groovy)
	at com.kms.katalon.core.webui.keyword.internal.WebUIKeywordMain.runKeyword(WebUIKeywordMain.groovy:20)
	at com.kms.katalon.core.webui.keyword.builtin.GetTextKeyword.getText(GetTextKeyword.groovy:88)
	at com.kms.katalon.core.webui.keyword.builtin.GetTextKeyword.execute(GetTextKeyword.groovy:67)
	at com.kms.katalon.core.keyword.internal.KeywordExecutor.executeKeywordForPlatform(KeywordExecutor.groovy:74)
	at com.kms.katalon.core.webui.keyword.WebUiBuiltInKeywords.getText(WebUiBuiltInKeywords.groovy:957)
	at Script1718980020443.Numbers(Script1718980020443.groovy:594)
	at Script1718980020443.run(Script1718980020443.groovy:413)
	... 15 more
)

31-03-2025T12:28:08 - [MESSAGE][INFO] - Unable to find the element located by 'By.xpath: (.//*[normalize-space(text()) and normalize-space(.)='Показатели баланса электроэнергии по ДЗО – План'])[2]/following::td[42]'. Please recheck the objects properties to make sure the desired element is located. 

31-03-2025T12:28:08 - [MESSAGE][FAILED] - Unable to get text of object 'Object Repository/Выполнение бизнес-плана/Значения со страницы Выполнение бизнес-плана/Table Data/План Потери за отчётный период 8' (Root cause: com.kms.katalon.core.exception.StepFailedException: Unable to get text of object 'Object Repository/Выполнение бизнес-плана/Значения со страницы Выполнение бизнес-плана/Table Data/План Потери за отчётный период 8'
	at com.kms.katalon.core.webui.keyword.internal.WebUIKeywordMain.stepFailed(WebUIKeywordMain.groovy:64)
	at com.kms.katalon.core.webui.keyword.internal.WebUIKeywordMain.runKeyword(WebUIKeywordMain.groovy:26)
	at com.kms.katalon.core.webui.keyword.builtin.GetTextKeyword.getText(GetTextKeyword.groovy:88)
	at com.kms.katalon.core.webui.keyword.builtin.GetTextKeyword.execute(GetTextKeyword.groovy:67)
	at com.kms.katalon.core.keyword.internal.KeywordExecutor.executeKeywordForPlatform(KeywordExecutor.groovy:74)
	at com.kms.katalon.core.webui.keyword.WebUiBuiltInKeywords.getText(WebUiBuiltInKeywords.groovy:957)
	at Выполнение бизнес-плана Сверка ПАО Россети все филиалы.Numbers(Выполнение бизнес-плана Сверка ПАО Россети все филиалы:594)
	at Выполнение бизнес-плана Сверка ПАО Россети все филиалы.run(Выполнение бизнес-плана Сверка ПАО Россети все филиалы:413)
	at com.kms.katalon.core.main.ScriptEngine.run(ScriptEngine.java:194)
	at com.kms.katalon.core.main.ScriptEngine.runScriptAsRawText(ScriptEngine.java:119)
	at com.kms.katalon.core.main.TestCaseExecutor.runScript(TestCaseExecutor.java:448)
	at com.kms.katalon.core.main.TestCaseExecutor.doExecute(TestCaseExecutor.java:439)
	at com.kms.katalon.core.main.TestCaseExecutor.processExecutionPhase(TestCaseExecutor.java:418)
	at com.kms.katalon.core.main.TestCaseExecutor.accessMainPhase(TestCaseExecutor.java:410)
	at com.kms.katalon.core.main.TestCaseExecutor.execute(TestCaseExecutor.java:285)
	at com.kms.katalon.core.common.CommonExecutor.accessTestCaseMainPhase(CommonExecutor.java:65)
	at com.kms.katalon.core.main.TestSuiteExecutor.accessTestSuiteMainPhase(TestSuiteExecutor.java:150)
	at com.kms.katalon.core.main.TestSuiteExecutor.execute(TestSuiteExecutor.java:106)
	at com.kms.katalon.core.main.TestCaseMain.startTestSuite(TestCaseMain.java:180)
	at TempTestSuite1743404878601.run(TempTestSuite1743404878601.groovy:35)
	at java.base/jdk.internal.reflect.NativeMethodAccessorImpl.invoke0(Native Method)
	at java.base/jdk.internal.reflect.NativeMethodAccessorImpl.invoke(NativeMethodAccessorImpl.java:77)
	at java.base/jdk.internal.reflect.DelegatingMethodAccessorImpl.invoke(DelegatingMethodAccessorImpl.java:43)
Caused by: com.kms.katalon.core.webui.exception.WebElementNotFoundException: Web element with id: 'Object Repository/Выполнение бизнес-плана/Значения со страницы Выполнение бизнес-плана/Table Data/План Потери за отчётный период 8' located by '(.//*[normalize-space(text()) and normalize-space(.)='Показатели баланса электроэнергии по ДЗО – План'])[2]/following::td[42]' not found
	at com.kms.katalon.core.webui.common.WebUiCommonHelper.findWebElement(WebUiCommonHelper.java:1426)
	at com.kms.katalon.core.webui.keyword.internal.WebUIAbstractKeyword.findWebElement(WebUIAbstractKeyword.groovy:27)
	at com.kms.katalon.core.webui.keyword.internal.WebUIAbstractKeyword.findWebElement(WebUIAbstractKeyword.groovy:26)
	at com.kms.katalon.core.webui.keyword.builtin.GetTextKeyword$_getText_closure1.doCall(GetTextKeyword.groovy:78)
	at com.kms.katalon.core.webui.keyword.builtin.GetTextKeyword$_getText_closure1.call(GetTextKeyword.groovy)
	at com.kms.katalon.core.webui.keyword.internal.WebUIKeywordMain.runKeyword(WebUIKeywordMain.groovy:20)
	at com.kms.katalon.core.webui.keyword.builtin.GetTextKeyword.getText(GetTextKeyword.groovy:88)
	at com.kms.katalon.core.webui.keyword.builtin.GetTextKeyword.execute(GetTextKeyword.groovy:67)
	at com.kms.katalon.core.keyword.internal.KeywordExecutor.executeKeywordForPlatform(KeywordExecutor.groovy:74)
	at com.kms.katalon.core.webui.keyword.WebUiBuiltInKeywords.getText(WebUiBuiltInKeywords.groovy:957)
	at Script1718980020443.Numbers(Script1718980020443.groovy:594)
	at Script1718980020443.run(Script1718980020443.groovy:413)
	... 15 more
)
[[ATTACHMENT|C:\\Users\\LIAZGINA-DI\\git\\SPORU\\Reports\\20250331_100758\\\u041F\u043D-\u0421\u0440-\u041F\u0442\\\u0421\u0432\u0435\u0440\u043A\u0430 \u0434\u0430\u0448\u0431\u043E\u0440\u0434\u043E\u0432 \u0438\u0437 \u0440\u0430\u0437\u043D\u044B\u0445 \u0431\u043B\u043E\u043A\u043E\u0432\\20250331_100758\\1743413288464.png]]

31-03-2025T12:28:08 - [TEST_STEP][PASSED] - if (page == "" || page == null): null

31-03-2025T12:28:08 - [TEST_STEP][PASSED] - fileInt = poteri.toInteger(): null

31-03-2025T12:28:08 - [TEST_STEP][PASSED] - Script1718980020443.WriteToExcelNoData(a, typeOfData, todaysDate, fileInt, fileDouble, dZO): null

31-03-2025T12:28:08 - [TEST_STEP][PASSED] - sheetName = "Sheet1": null

31-03-2025T12:28:08 - [TEST_STEP][PASSED] - data = findTestData("PlanFact"): null

31-03-2025T12:28:08 - [TEST_STEP][PASSED] - n = data.getRowNumbers() + 1: null

31-03-2025T12:28:08 - [TEST_STEP][PASSED] - day = ")).toInteger(): null

31-03-2025T12:28:08 - [TEST_STEP][PASSED] - println(day): null

31-03-2025T12:28:08 - [TEST_STEP][PASSED] - month = ")).toInteger(): null

31-03-2025T12:28:08 - [TEST_STEP][PASSED] - println(month): null

31-03-2025T12:28:08 - [TEST_STEP][PASSED] - y = <not implemented yet for class: org.codehaus.groovy.ast.expr.EmptyExpression>: null

31-03-2025T12:28:08 - [TEST_STEP][PASSED] - iy = <not implemented yet for class: org.codehaus.groovy.ast.expr.EmptyExpression>: null

31-03-2025T12:28:08 - [TEST_STEP][PASSED] - m = getText(findTestObject("Выполнение бизнес-плана/Период")): Text of object 'Object Repository/Выполнение бизнес-плана/Период' is: 'Январь 2025 года'

31-03-2025T12:28:08 - [MESSAGE][PASSED] - Text of object 'Object Repository/Выполнение бизнес-плана/Период' is: 'Январь 2025 года'

31-03-2025T12:28:08 - [TEST_STEP][PASSED] - iy = m.indexOf("20"): null

31-03-2025T12:28:08 - [TEST_STEP][PASSED] - if (iy > -1): null

31-03-2025T12:28:08 - [TEST_STEP][PASSED] - y = substring(iy, iy + 4).toInteger(): null

31-03-2025T12:28:08 - [TEST_STEP][PASSED] - println(y): null

31-03-2025T12:28:08 - [TEST_STEP][PASSED] - if (toString().length() == 4): null

31-03-2025T12:28:08 - [TEST_STEP][PASSED] - m = m.substring(0, m.indexOf(y.toString())): null

31-03-2025T12:28:08 - [TEST_STEP][PASSED] - m = m.trim(): null

31-03-2025T12:28:08 - [TEST_STEP][PASSED] - if (m == ""): null

31-03-2025T12:28:08 - [TEST_STEP][PASSED] - dashboardName = "Выполнение бизнес-плана": null

31-03-2025T12:28:08 - [TEST_STEP][PASSED] - workbook01 = getWorkbook(excelFilePath): null

31-03-2025T12:28:08 - [TEST_STEP][PASSED] - sheet01 = getExcelSheet(workbook01, sheetName): null

31-03-2025T12:28:08 - [TEST_STEP][PASSED] - setValueToCellByIndex(sheet01, n, 0, dashboardName): null

31-03-2025T12:28:08 - [TEST_STEP][PASSED] - setValueToCellByIndex(sheet01, n, 1, dZO): null

31-03-2025T12:28:08 - [TEST_STEP][PASSED] - setValueToCellByIndex(sheet01, n, 2, typeOfData): null

31-03-2025T12:28:08 - [TEST_STEP][PASSED] - if (typeOfData == "Факт в процентах" || typeOfData == "План в процентах"): null

31-03-2025T12:28:08 - [TEST_STEP][PASSED] - else: null

31-03-2025T12:28:08 - [TEST_STEP][PASSED] - setValueToCellByIndex(sheet01, n, 3, fileInt): null

31-03-2025T12:28:08 - [TEST_STEP][PASSED] - setValueToCellByIndex(sheet01, n, 4, "нет данных"): null

31-03-2025T12:28:08 - [TEST_STEP][PASSED] - setValueToCellByIndex(sheet01, n, 5, m): null

31-03-2025T12:28:08 - [TEST_STEP][PASSED] - setValueToCellByIndex(sheet01, n, 6, y): null

31-03-2025T12:28:08 - [TEST_STEP][PASSED] - setValueToCellByIndex(sheet01, n, 7, todaysDate): null

31-03-2025T12:28:08 - [TEST_STEP][PASSED] - n = n + 1: null

31-03-2025T12:28:08 - [TEST_STEP][PASSED] - saveWorkbook(excelFilePath, workbook01): null

31-03-2025T12:28:09 - [TEST_STEP][PASSED] - compare = pageOtpuskVSet: null

31-03-2025T12:28:09 - [TEST_STEP][PASSED] - if (pageOtpuskVSet != null): null

31-03-2025T12:28:09 - [TEST_STEP][PASSED] - if (compare == fileOtpuskVSet): null

31-03-2025T12:28:09 - [TEST_STEP][PASSED] - if (compare == fileOtpuskVSet): null

31-03-2025T12:28:09 - [TEST_STEP][PASSED] - compare = pagePoteri: null

31-03-2025T12:28:09 - [TEST_STEP][PASSED] - if (pageOtpuskVSet != null): null

31-03-2025T12:28:09 - [TEST_STEP][PASSED] - if (compare == filePoteri): null

31-03-2025T12:28:09 - [TEST_STEP][PASSED] - else if (compare > filePoteri): null

31-03-2025T12:28:09 - [TEST_STEP][PASSED] - compare = compare - 1: null

31-03-2025T12:28:09 - [TEST_STEP][PASSED] - if (compare == filePoteri): null

31-03-2025T12:28:09 - [TEST_STEP][PASSED] - else: null

31-03-2025T12:28:09 - [TEST_STEP][PASSED] - numberOfErrors = numberOfErrors + 1: null

31-03-2025T12:28:09 - [TEST_STEP][PASSED] - pageInt = pagePoteri: null

31-03-2025T12:28:09 - [TEST_STEP][PASSED] - fileInt = filePoteri: null

31-03-2025T12:28:09 - [TEST_STEP][PASSED] - typeOfData = typeOfDataMain + " Потери": null

31-03-2025T12:28:09 - [TEST_STEP][PASSED] - Script1718980020443.WriteToExcel(a, typeOfData, todaysDate, pageInt, fileInt, pageDouble, fileDouble, dZO): null

31-03-2025T12:28:09 - [TEST_STEP][PASSED] - sheetName = "Sheet1": null

31-03-2025T12:28:09 - [TEST_STEP][PASSED] - data = findTestData("PlanFact"): null

31-03-2025T12:28:09 - [TEST_STEP][PASSED] - n = data.getRowNumbers() + 1: null

31-03-2025T12:28:09 - [TEST_STEP][PASSED] - day = ")).toInteger(): null

31-03-2025T12:28:09 - [TEST_STEP][PASSED] - println(day): null

31-03-2025T12:28:09 - [TEST_STEP][PASSED] - month = ")).toInteger(): null

31-03-2025T12:28:09 - [TEST_STEP][PASSED] - println(month): null

31-03-2025T12:28:09 - [TEST_STEP][PASSED] - y = <not implemented yet for class: org.codehaus.groovy.ast.expr.EmptyExpression>: null

31-03-2025T12:28:09 - [TEST_STEP][PASSED] - iy = <not implemented yet for class: org.codehaus.groovy.ast.expr.EmptyExpression>: null

31-03-2025T12:28:09 - [TEST_STEP][PASSED] - m = getText(findTestObject("Выполнение бизнес-плана/Период")): Text of object 'Object Repository/Выполнение бизнес-плана/Период' is: 'Январь 2025 года'

31-03-2025T12:28:09 - [MESSAGE][PASSED] - Text of object 'Object Repository/Выполнение бизнес-плана/Период' is: 'Январь 2025 года'

31-03-2025T12:28:09 - [TEST_STEP][PASSED] - iy = m.indexOf("20"): null

31-03-2025T12:28:09 - [TEST_STEP][PASSED] - if (iy > -1): null

31-03-2025T12:28:09 - [TEST_STEP][PASSED] - y = substring(iy, iy + 4).toInteger(): null

31-03-2025T12:28:09 - [TEST_STEP][PASSED] - println(y): null

31-03-2025T12:28:09 - [TEST_STEP][PASSED] - if (toString().length() == 4): null

31-03-2025T12:28:09 - [TEST_STEP][PASSED] - m = m.substring(0, m.indexOf(y.toString())): null

31-03-2025T12:28:09 - [TEST_STEP][PASSED] - m = m.trim(): null

31-03-2025T12:28:09 - [TEST_STEP][PASSED] - if (m == ""): null

31-03-2025T12:28:09 - [TEST_STEP][PASSED] - dashboardName = "Выполнение бизнес-плана": null

31-03-2025T12:28:09 - [TEST_STEP][PASSED] - workbook01 = getWorkbook(excelFilePath): null

31-03-2025T12:28:09 - [TEST_STEP][PASSED] - sheet01 = getExcelSheet(workbook01, sheetName): null

31-03-2025T12:28:09 - [TEST_STEP][PASSED] - setValueToCellByIndex(sheet01, n, 0, dashboardName): null

31-03-2025T12:28:09 - [TEST_STEP][PASSED] - setValueToCellByIndex(sheet01, n, 1, dZO): null

31-03-2025T12:28:09 - [TEST_STEP][PASSED] - setValueToCellByIndex(sheet01, n, 2, typeOfData): null

31-03-2025T12:28:09 - [TEST_STEP][PASSED] - if (typeOfData == "Факт в процентах" || typeOfData == "План в процентах"): null

31-03-2025T12:28:09 - [TEST_STEP][PASSED] - else: null

31-03-2025T12:28:09 - [TEST_STEP][PASSED] - setValueToCellByIndex(sheet01, n, 3, fileInt): null

31-03-2025T12:28:09 - [TEST_STEP][PASSED] - setValueToCellByIndex(sheet01, n, 4, pageInt): null

31-03-2025T12:28:09 - [TEST_STEP][PASSED] - setValueToCellByIndex(sheet01, n, 5, m): null

31-03-2025T12:28:09 - [TEST_STEP][PASSED] - setValueToCellByIndex(sheet01, n, 6, y): null

31-03-2025T12:28:09 - [TEST_STEP][PASSED] - setValueToCellByIndex(sheet01, n, 7, todaysDate): null

31-03-2025T12:28:09 - [TEST_STEP][PASSED] - n = n + 1: null

31-03-2025T12:28:09 - [TEST_STEP][PASSED] - saveWorkbook(excelFilePath, workbook01): Object: 'Object Repository/Выполнение бизнес-плана/Кнопка Факт' is clicked on

31-03-2025T12:28:09 - [TEST_STEP][PASSED] - if (planFact == 2): Object: 'Object Repository/Выполнение бизнес-плана/Кнопка Факт' is clicked on

31-03-2025T12:28:09 - [TEST_STEP][PASSED] - click(findTestObject("Выполнение бизнес-плана/Кнопка Факт")): Object: 'Object Repository/Выполнение бизнес-плана/Кнопка Факт' is clicked on

31-03-2025T12:28:10 - [MESSAGE][PASSED] - Object: 'Object Repository/Выполнение бизнес-плана/Кнопка Факт' is clicked on

31-03-2025T12:28:10 - [TEST_STEP][PASSED] - println("a=" + a): null

31-03-2025T12:28:10 - [TEST_STEP][PASSED] - if (a == 84 || a == 82): null

31-03-2025T12:28:10 - [TEST_STEP][PASSED] - else if (a == 83 || a == 52 || a == 72 || a == 28 || a == 73 || a == 77 || a == 74 || a == 65 || a == 36 || a == 44 || a == 53 || a == 80 || a == 54 || a == 1 || a == 18 || a == 59 || a == 81): null

31-03-2025T12:28:10 - [TEST_STEP][PASSED] - page1 = getText(findTestObject("Object Repository/Выполнение бизнес-плана/spanPlan" + dzoNum)): Text of object 'Object Repository/Выполнение бизнес-плана/spanPlan8' is: '12.35
|'

31-03-2025T12:28:10 - [MESSAGE][PASSED] - Text of object 'Object Repository/Выполнение бизнес-плана/spanPlan8' is: '12.35
|'

31-03-2025T12:28:10 - [TEST_STEP][PASSED] - page1 = page1.replace("|", ""): null

31-03-2025T12:28:10 - [TEST_STEP][PASSED] - page2 = getText(findTestObject("Object Repository/Выполнение бизнес-плана/spanFact" + dzoNum)): Text of object 'Object Repository/Выполнение бизнес-плана/spanFact8' is: '9.90'

31-03-2025T12:28:10 - [MESSAGE][PASSED] - Text of object 'Object Repository/Выполнение бизнес-плана/spanFact8' is: '9.90'

31-03-2025T12:28:10 - [TEST_STEP][PASSED] - page2 = page2.replace("|", ""): null

31-03-2025T12:28:10 - [TEST_STEP][PASSED] - println("page1: " + page1): null

31-03-2025T12:28:10 - [TEST_STEP][PASSED] - println("page2: " + page2): null

31-03-2025T12:28:10 - [TEST_STEP][PASSED] - file = findTestData("PlanFact").getValue(4, a): null

31-03-2025T12:28:10 - [TEST_STEP][PASSED] - file = file.replace(",", "."): null

31-03-2025T12:28:10 - [TEST_STEP][PASSED] - println("file Plan: " + file): null

31-03-2025T12:28:10 - [TEST_STEP][PASSED] - typeOfData = "План в процентах": null

31-03-2025T12:28:10 - [TEST_STEP][PASSED] - fileDouble = file.toDouble(): null

31-03-2025T12:28:10 - [TEST_STEP][PASSED] - pageDouble = page1.toDouble(): null

31-03-2025T12:28:10 - [TEST_STEP][PASSED] - if (fileDouble != pageDouble): null

31-03-2025T12:28:10 - [TEST_STEP][PASSED] - file = findTestData("PlanFact").getValue(7, a): null

31-03-2025T12:28:10 - [TEST_STEP][PASSED] - file = file.replace(",", "."): null

31-03-2025T12:28:10 - [TEST_STEP][PASSED] - println("file Fact: " + file): null

31-03-2025T12:28:10 - [TEST_STEP][PASSED] - fileDouble = file.toDouble(): null

31-03-2025T12:28:10 - [TEST_STEP][PASSED] - typeOfData = "Факт в процентах": null

31-03-2025T12:28:10 - [TEST_STEP][PASSED] - fileDouble = file.toDouble(): null

31-03-2025T12:28:10 - [TEST_STEP][PASSED] - pageDouble = page2.toDouble(): null

31-03-2025T12:28:10 - [TEST_STEP][PASSED] - if (fileDouble != pageDouble): null

31-03-2025T12:28:10 - [TEST_STEP][FAILED] - if (verifyEqual(numberOfErrors, 0) == false): null

31-03-2025T12:28:10 - [MESSAGE][FAILED] - Unable to verify equal between actual object '2' and expected object '0' (Root cause: com.kms.katalon.core.exception.StepFailedException: Actual object '2' and expected object '0' are not equal
	at com.kms.katalon.core.keyword.builtin.VerifyEqualKeyword$_verifyEqual_closure1.doCall(VerifyEqualKeyword.groovy:58)
	at com.kms.katalon.core.keyword.builtin.VerifyEqualKeyword$_verifyEqual_closure1.call(VerifyEqualKeyword.groovy)
	at com.kms.katalon.core.keyword.internal.KeywordMain.runKeyword(KeywordMain.groovy:75)
	at com.kms.katalon.core.keyword.builtin.VerifyEqualKeyword.verifyEqual(VerifyEqualKeyword.groovy:63)
	at com.kms.katalon.core.keyword.builtin.VerifyEqualKeyword.execute(VerifyEqualKeyword.groovy:44)
	at com.kms.katalon.core.keyword.internal.KeywordExecutor.executeKeywordForPlatform(KeywordExecutor.groovy:74)
	at com.kms.katalon.core.keyword.BuiltinKeywords.verifyEqual(BuiltinKeywords.groovy:146)
	at jdk.internal.reflect.GeneratedMethodAccessor28.invoke(Unknown Source)
	at java.base/jdk.internal.reflect.DelegatingMethodAccessorImpl.invoke(DelegatingMethodAccessorImpl.java:43)
	at Выполнение бизнес-плана Сверка ПАО Россети все филиалы.Numbers(Выполнение бизнес-плана Сверка ПАО Россети все филиалы:744)
	at Выполнение бизнес-плана Сверка ПАО Россети все филиалы.run(Выполнение бизнес-плана Сверка ПАО Россети все филиалы:413)
	at com.kms.katalon.core.main.ScriptEngine.run(ScriptEngine.java:194)
	at com.kms.katalon.core.main.ScriptEngine.runScriptAsRawText(ScriptEngine.java:119)
	at com.kms.katalon.core.main.TestCaseExecutor.runScript(TestCaseExecutor.java:448)
	at com.kms.katalon.core.main.TestCaseExecutor.doExecute(TestCaseExecutor.java:439)
	at com.kms.katalon.core.main.TestCaseExecutor.processExecutionPhase(TestCaseExecutor.java:418)
	at com.kms.katalon.core.main.TestCaseExecutor.accessMainPhase(TestCaseExecutor.java:410)
	at com.kms.katalon.core.main.TestCaseExecutor.execute(TestCaseExecutor.java:285)
	at com.kms.katalon.core.common.CommonExecutor.accessTestCaseMainPhase(CommonExecutor.java:65)
	at com.kms.katalon.core.main.TestSuiteExecutor.accessTestSuiteMainPhase(TestSuiteExecutor.java:150)
	at com.kms.katalon.core.main.TestSuiteExecutor.execute(TestSuiteExecutor.java:106)
	at com.kms.katalon.core.main.TestCaseMain.startTestSuite(TestCaseMain.java:180)
	at TempTestSuite1743404878601.run(TempTestSuite1743404878601.groovy:35)
	at java.base/jdk.internal.reflect.NativeMethodAccessorImpl.invoke0(Native Method)
	at java.base/jdk.internal.reflect.NativeMethodAccessorImpl.invoke(NativeMethodAccessorImpl.java:77)
	at java.base/jdk.internal.reflect.DelegatingMethodAccessorImpl.invoke(DelegatingMethodAccessorImpl.java:43)
)

31-03-2025T12:28:10 - [TEST_STEP][PASSED] - println(numberOfErrors): null

31-03-2025T12:28:10 - [TEST_STEP][PASSED] - println("a=" + a): null

31-03-2025T12:28:10 - [TEST_STEP][PASSED] - if (a == 28 || a == 77 || a == 74 || a == 65 || a == 36 || a == 44 || a == 54 || a == 1 || a == 18 || a == 59): null

31-03-2025T12:28:10 - [TEST_STEP][PASSED] - if (a == 82): null

31-03-2025T12:28:10 - [TEST_STEP][PASSED] - println(dzoNum): null

31-03-2025T12:28:10 - [TEST_STEP][PASSED] - closeBrowser(): Browser is closed

31-03-2025T12:28:11 - [MESSAGE][PASSED] - Browser is closed]]></system-out>
         <system-err><![CDATA[31-03-2025T12:07:43 - [TEST_CASE][FAILED] - Test Cases/Выполнение бизнес-плана/Выполнение бизнес-плана Сверка ПАО Россети все филиалы: Test Cases/Выполнение бизнес-плана/Выполнение бизнес-плана Сверка ПАО Россети все филиалы FAILED.
Reason:
com.kms.katalon.core.exception.StepFailedException: Unable to verify equal between actual object '6' and expected object '0' (Root cause: com.kms.katalon.core.exception.StepFailedException: Actual object '6' and expected object '0' are not equal
	at com.kms.katalon.core.keyword.builtin.VerifyEqualKeyword$_verifyEqual_closure1.doCall(VerifyEqualKeyword.groovy:58)
	at com.kms.katalon.core.keyword.builtin.VerifyEqualKeyword$_verifyEqual_closure1.call(VerifyEqualKeyword.groovy)
	at com.kms.katalon.core.keyword.internal.KeywordMain.runKeyword(KeywordMain.groovy:75)
	at com.kms.katalon.core.keyword.builtin.VerifyEqualKeyword.verifyEqual(VerifyEqualKeyword.groovy:63)
	at com.kms.katalon.core.keyword.builtin.VerifyEqualKeyword.execute(VerifyEqualKeyword.groovy:44)
	at com.kms.katalon.core.keyword.internal.KeywordExecutor.executeKeywordForPlatform(KeywordExecutor.groovy:74)
	at com.kms.katalon.core.keyword.BuiltinKeywords.verifyEqual(BuiltinKeywords.groovy:146)
	at jdk.internal.reflect.GeneratedMethodAccessor28.invoke(Unknown Source)
	at java.base/jdk.internal.reflect.DelegatingMethodAccessorImpl.invoke(DelegatingMethodAccessorImpl.java:43)
	at Выполнение бизнес-плана Сверка ПАО Россети все филиалы.Numbers(Выполнение бизнес-плана Сверка ПАО Россети все филиалы:744)
	at Выполнение бизнес-плана Сверка ПАО Россети все филиалы.run(Выполнение бизнес-плана Сверка ПАО Россети все филиалы:172)
	at com.kms.katalon.core.main.ScriptEngine.run(ScriptEngine.java:194)
	at com.kms.katalon.core.main.ScriptEngine.runScriptAsRawText(ScriptEngine.java:119)
	at com.kms.katalon.core.main.TestCaseExecutor.runScript(TestCaseExecutor.java:448)
	at com.kms.katalon.core.main.TestCaseExecutor.doExecute(TestCaseExecutor.java:439)
	at com.kms.katalon.core.main.TestCaseExecutor.processExecutionPhase(TestCaseExecutor.java:418)
	at com.kms.katalon.core.main.TestCaseExecutor.accessMainPhase(TestCaseExecutor.java:410)
	at com.kms.katalon.core.main.TestCaseExecutor.execute(TestCaseExecutor.java:285)
	at com.kms.katalon.core.common.CommonExecutor.accessTestCaseMainPhase(CommonExecutor.java:65)
	at com.kms.katalon.core.main.TestSuiteExecutor.accessTestSuiteMainPhase(TestSuiteExecutor.java:150)
	at com.kms.katalon.core.main.TestSuiteExecutor.execute(TestSuiteExecutor.java:106)
	at com.kms.katalon.core.main.TestCaseMain.startTestSuite(TestCaseMain.java:180)
	at TempTestSuite1743404878601.run(TempTestSuite1743404878601.groovy:35)
	at java.base/jdk.internal.reflect.NativeMethodAccessorImpl.invoke0(Native Method)
	at java.base/jdk.internal.reflect.NativeMethodAccessorImpl.invoke(NativeMethodAccessorImpl.java:77)
	at java.base/jdk.internal.reflect.DelegatingMethodAccessorImpl.invoke(DelegatingMethodAccessorImpl.java:43)
)
	at com.kms.katalon.core.keyword.internal.KeywordMain.stepFailed(KeywordMain.groovy:39)
	at com.kms.katalon.core.keyword.internal.KeywordMain.stepFailed(KeywordMain.groovy)
	at com.kms.katalon.core.keyword.internal.KeywordMain.runKeyword(KeywordMain.groovy:77)
	at com.kms.katalon.core.keyword.builtin.VerifyEqualKeyword.verifyEqual(VerifyEqualKeyword.groovy:63)
	at com.kms.katalon.core.keyword.builtin.VerifyEqualKeyword.execute(VerifyEqualKeyword.groovy:44)
	at com.kms.katalon.core.keyword.internal.KeywordExecutor.executeKeywordForPlatform(KeywordExecutor.groovy:74)
	at com.kms.katalon.core.keyword.BuiltinKeywords.verifyEqual(BuiltinKeywords.groovy:146)
	at jdk.internal.reflect.GeneratedMethodAccessor28.invoke(Unknown Source)
	at java.base/jdk.internal.reflect.DelegatingMethodAccessorImpl.invoke(DelegatingMethodAccessorImpl.java:43)
	at Выполнение бизнес-плана Сверка ПАО Россети все филиалы.Numbers(Выполнение бизнес-плана Сверка ПАО Россети все филиалы:744)
	at Выполнение бизнес-плана Сверка ПАО Россети все филиалы.run(Выполнение бизнес-плана Сверка ПАО Россети все филиалы:172)
	at com.kms.katalon.core.main.ScriptEngine.run(ScriptEngine.java:194)
	at com.kms.katalon.core.main.ScriptEngine.runScriptAsRawText(ScriptEngine.java:119)
	at com.kms.katalon.core.main.TestCaseExecutor.runScript(TestCaseExecutor.java:448)
	at com.kms.katalon.core.main.TestCaseExecutor.doExecute(TestCaseExecutor.java:439)
	at com.kms.katalon.core.main.TestCaseExecutor.processExecutionPhase(TestCaseExecutor.java:418)
	at com.kms.katalon.core.main.TestCaseExecutor.accessMainPhase(TestCaseExecutor.java:410)
	at com.kms.katalon.core.main.TestCaseExecutor.execute(TestCaseExecutor.java:285)
	at com.kms.katalon.core.common.CommonExecutor.accessTestCaseMainPhase(CommonExecutor.java:65)
	at com.kms.katalon.core.main.TestSuiteExecutor.accessTestSuiteMainPhase(TestSuiteExecutor.java:150)
	at com.kms.katalon.core.main.TestSuiteExecutor.execute(TestSuiteExecutor.java:106)
	at com.kms.katalon.core.main.TestCaseMain.startTestSuite(TestCaseMain.java:180)
	at TempTestSuite1743404878601.run(TempTestSuite1743404878601.groovy:35)
	at java.base/jdk.internal.reflect.NativeMethodAccessorImpl.invoke0(Native Method)
	at java.base/jdk.internal.reflect.NativeMethodAccessorImpl.invoke(NativeMethodAccessorImpl.java:77)
	at java.base/jdk.internal.reflect.DelegatingMethodAccessorImpl.invoke(DelegatingMethodAccessorImpl.java:43)
Caused by: com.kms.katalon.core.exception.StepFailedException: Actual object '6' and expected object '0' are not equal
	at com.kms.katalon.core.keyword.builtin.VerifyEqualKeyword$_verifyEqual_closure1.doCall(VerifyEqualKeyword.groovy:58)
	at com.kms.katalon.core.keyword.builtin.VerifyEqualKeyword$_verifyEqual_closure1.call(VerifyEqualKeyword.groovy)
	at com.kms.katalon.core.keyword.internal.KeywordMain.runKeyword(KeywordMain.groovy:75)
	... 23 more]]></system-err>
      </testcase>
      <system-out><![CDATA[31-03-2025T10:08:03 - [TEST_SUITE][FAILED] - Сверка дашбордов из разных блоков: Test Cases/Сверки дашбордов/Блок руководителя сверка дашбордов под разными учётками FAILED.
Reason:
com.kms.katalon.core.exception.StepFailedException: Unable to navigate to 'https://bi.rosseti.digital/viewer?dashboardGuid=d154a8eaf6824e2b9de1bb04dd061c18&sheetGuid=1305e8ce744049e1abdacea1ea397a26&fit=true' (Root cause: com.kms.katalon.core.exception.StepFailedException: Unable to navigate to 'https://bi.rosseti.digital/viewer?dashboardGuid=d154a8eaf6824e2b9de1bb04dd061c18&sheetGuid=1305e8ce744049e1abdacea1ea397a26&fit=true'
	at com.kms.katalon.core.webui.keyword.internal.WebUIKeywordMain.stepFailed(WebUIKeywordMain.groovy:64)
	at com.kms.katalon.core.webui.keyword.internal.WebUIKeywordMain.runKeyword(WebUIKeywordMain.groovy:26)
	at com.kms.katalon.core.webui.keyword.builtin.NavigateToUrlKeyword.navigateToUrl(NavigateToUrlKeyword.groovy:83)
	at com.kms.katalon.core.webui.keyword.builtin.NavigateToUrlKeyword.execute(NavigateToUrlKeyword.groovy:67)
	at com.kms.katalon.core.keyword.internal.KeywordExecutor.executeKeywordForPlatform(KeywordExecutor.groovy:74)
	at com.kms.katalon.core.webui.keyword.WebUiBuiltInKeywords.navigateToUrl(WebUiBuiltInKeywords.groovy:187)
	at Блок руководителя сверка дашбордов под разными учётками.CheckPageDownload(Блок руководителя сверка дашбордов под разными учётками:130)
	at Блок руководителя сверка дашбордов под разными учётками.VipolnenieBiznesPlana(Блок руководителя сверка дашбордов под разными учётками:214)
	at Блок руководителя сверка дашбордов под разными учётками.run(Блок руководителя сверка дашбордов под разными учётками:52)
	at com.kms.katalon.core.main.ScriptEngine.run(ScriptEngine.java:194)
	at com.kms.katalon.core.main.ScriptEngine.runScriptAsRawText(ScriptEngine.java:119)
	at com.kms.katalon.core.main.TestCaseExecutor.runScript(TestCaseExecutor.java:448)
	at com.kms.katalon.core.main.TestCaseExecutor.doExecute(TestCaseExecutor.java:439)
	at com.kms.katalon.core.main.TestCaseExecutor.processExecutionPhase(TestCaseExecutor.java:418)
	at com.kms.katalon.core.main.TestCaseExecutor.accessMainPhase(TestCaseExecutor.java:410)
	at com.kms.katalon.core.main.TestCaseExecutor.execute(TestCaseExecutor.java:285)
	at com.kms.katalon.core.common.CommonExecutor.accessTestCaseMainPhase(CommonExecutor.java:65)
	at com.kms.katalon.core.main.TestSuiteExecutor.accessTestSuiteMainPhase(TestSuiteExecutor.java:150)
	at com.kms.katalon.core.main.TestSuiteExecutor.execute(TestSuiteExecutor.java:106)
	at com.kms.katalon.core.main.TestCaseMain.startTestSuite(TestCaseMain.java:180)
	at TempTestSuite1743404878601.run(TempTestSuite1743404878601.groovy:35)
	at java.base/jdk.internal.reflect.NativeMethodAccessorImpl.invoke0(Native Method)
	at java.base/jdk.internal.reflect.NativeMethodAccessorImpl.invoke(NativeMethodAccessorImpl.java:77)
	at java.base/jdk.internal.reflect.DelegatingMethodAccessorImpl.invoke(DelegatingMethodAccessorImpl.java:43)
Caused by: org.openqa.selenium.NoSuchSessionException: invalid session id
Build info: version: '3.141.59', revision: 'unknown', time: 'unknown'
System info: host: 'UVV-WS904-D', ip: '192.168.0.19', os.name: 'Windows 10', os.arch: 'amd64', os.version: '10.0', java.version: '17.0.7'
Driver info: com.kms.katalon.selenium.driver.CChromeDriver
Capabilities {acceptInsecureCerts: false, browserName: chrome, browserVersion: 134.0.6998.178, chrome: {chromedriverVersion: 134.0.6998.165 (fd886e2cb29..., userDataDir: C:\Users\LIAZGI~1\AppData\L...}, fedcm:accounts: true, goog:chromeOptions: {debuggerAddress: localhost:56027}, javascriptEnabled: true, networkConnectionEnabled: false, pageLoadStrategy: normal, platform: WINDOWS, platformName: WINDOWS, proxy: Proxy(), setWindowRect: true, strictFileInteractability: false, timeouts: {implicit: 0, pageLoad: 300000, script: 30000}, unhandledPromptBehavior: dismiss and notify, webauthn:extension:credBlob: true, webauthn:extension:largeBlob: true, webauthn:extension:minPinLength: true, webauthn:extension:prf: true, webauthn:virtualAuthenticators: true}
Session ID: b6e65ccba40b1587eaabac2d5d735ca5
	at java.base/jdk.internal.reflect.NativeConstructorAccessorImpl.newInstance0(Native Method)
	at java.base/jdk.internal.reflect.NativeConstructorAccessorImpl.newInstance(NativeConstructorAccessorImpl.java:77)
	at java.base/jdk.internal.reflect.DelegatingConstructorAccessorImpl.newInstance(DelegatingConstructorAccessorImpl.java:45)
	at org.openqa.selenium.remote.http.W3CHttpResponseCodec.createException(W3CHttpResponseCodec.java:187)
	at org.openqa.selenium.remote.http.W3CHttpResponseCodec.decode(W3CHttpResponseCodec.java:122)
	at org.openqa.selenium.remote.http.W3CHttpResponseCodec.decode(W3CHttpResponseCodec.java:49)
	at org.openqa.selenium.remote.HttpCommandExecutor.execute(HttpCommandExecutor.java:158)
	at org.openqa.selenium.remote.service.DriverCommandExecutor.execute(DriverCommandExecutor.java:83)
	at org.openqa.selenium.remote.RemoteWebDriver.execute(RemoteWebDriver.java:552)
	at com.kms.katalon.selenium.driver.CChromeDriver.execute(CChromeDriver.java:19)
	at org.openqa.selenium.remote.RemoteWebDriver.get(RemoteWebDriver.java:277)
	at org.openqa.selenium.remote.RemoteWebDriver$RemoteNavigation.to(RemoteWebDriver.java:857)
	at org.openqa.selenium.support.events.EventFiringWebDriver$EventFiringNavigation.to(EventFiringWebDriver.java:569)
	at com.kms.katalon.core.webui.keyword.builtin.NavigateToUrlKeyword$_navigateToUrl_closure1.doCall(NavigateToUrlKeyword.groovy:81)
	at com.kms.katalon.core.webui.keyword.builtin.NavigateToUrlKeyword$_navigateToUrl_closure1.call(NavigateToUrlKeyword.groovy)
	at com.kms.katalon.core.webui.keyword.internal.WebUIKeywordMain.runKeyword(WebUIKeywordMain.groovy:20)
	at com.kms.katalon.core.webui.keyword.builtin.NavigateToUrlKeyword.navigateToUrl(NavigateToUrlKeyword.groovy:83)
	at com.kms.katalon.core.webui.keyword.builtin.NavigateToUrlKeyword.execute(NavigateToUrlKeyword.groovy:67)
	at com.kms.katalon.core.keyword.internal.KeywordExecutor.executeKeywordForPlatform(KeywordExecutor.groovy:74)
	at com.kms.katalon.core.webui.keyword.WebUiBuiltInKeywords.navigateToUrl(WebUiBuiltInKeywords.groovy:187)
	at Script1686231490255.CheckPageDownload(Script1686231490255.groovy:130)
	at Script1686231490255.VipolnenieBiznesPlana(Script1686231490255.groovy:214)
	at Script1686231490255.run(Script1686231490255.groovy:52)
	... 15 more
)
	at com.kms.katalon.core.keyword.internal.KeywordMain.stepFailed(KeywordMain.groovy:39)
	at com.kms.katalon.core.webui.keyword.internal.WebUIKeywordMain.stepFailed(WebUIKeywordMain.groovy:64)
	at com.kms.katalon.core.webui.keyword.internal.WebUIKeywordMain.runKeyword(WebUIKeywordMain.groovy:26)
	at com.kms.katalon.core.webui.keyword.builtin.NavigateToUrlKeyword.navigateToUrl(NavigateToUrlKeyword.groovy:83)
	at com.kms.katalon.core.webui.keyword.builtin.NavigateToUrlKeyword.execute(NavigateToUrlKeyword.groovy:67)
	at com.kms.katalon.core.keyword.internal.KeywordExecutor.executeKeywordForPlatform(KeywordExecutor.groovy:74)
	at com.kms.katalon.core.webui.keyword.WebUiBuiltInKeywords.navigateToUrl(WebUiBuiltInKeywords.groovy:187)
	at Блок руководителя сверка дашбордов под разными учётками.CheckPageDownload(Блок руководителя сверка дашбордов под разными учётками:130)
	at Блок руководителя сверка дашбордов под разными учётками.VipolnenieBiznesPlana(Блок руководителя сверка дашбордов под разными учётками:214)
	at Блок руководителя сверка дашбордов под разными учётками.run(Блок руководителя сверка дашбордов под разными учётками:52)
	at com.kms.katalon.core.main.ScriptEngine.run(ScriptEngine.java:194)
	at com.kms.katalon.core.main.ScriptEngine.runScriptAsRawText(ScriptEngine.java:119)
	at com.kms.katalon.core.main.TestCaseExecutor.runScript(TestCaseExecutor.java:448)
	at com.kms.katalon.core.main.TestCaseExecutor.doExecute(TestCaseExecutor.java:439)
	at com.kms.katalon.core.main.TestCaseExecutor.processExecutionPhase(TestCaseExecutor.java:418)
	at com.kms.katalon.core.main.TestCaseExecutor.accessMainPhase(TestCaseExecutor.java:410)
	at com.kms.katalon.core.main.TestCaseExecutor.execute(TestCaseExecutor.java:285)
	at com.kms.katalon.core.common.CommonExecutor.accessTestCaseMainPhase(CommonExecutor.java:65)
	at com.kms.katalon.core.main.TestSuiteExecutor.accessTestSuiteMainPhase(TestSuiteExecutor.java:150)
	at com.kms.katalon.core.main.TestSuiteExecutor.execute(TestSuiteExecutor.java:106)
	at com.kms.katalon.core.main.TestCaseMain.startTestSuite(TestCaseMain.java:180)
	at TempTestSuite1743404878601.run(TempTestSuite1743404878601.groovy:35)
	at java.base/jdk.internal.reflect.NativeMethodAccessorImpl.invoke0(Native Method)
	at java.base/jdk.internal.reflect.NativeMethodAccessorImpl.invoke(NativeMethodAccessorImpl.java:77)
	at java.base/jdk.internal.reflect.DelegatingMethodAccessorImpl.invoke(DelegatingMethodAccessorImpl.java:43)
Caused by: com.kms.katalon.core.exception.StepFailedException: Unable to navigate to 'https://bi.rosseti.digital/viewer?dashboardGuid=d154a8eaf6824e2b9de1bb04dd061c18&sheetGuid=1305e8ce744049e1abdacea1ea397a26&fit=true'
	... 24 more
Caused by: org.openqa.selenium.NoSuchSessionException: invalid session id
Build info: version: '3.141.59', revision: 'unknown', time: 'unknown'
System info: host: 'UVV-WS904-D', ip: '192.168.0.19', os.name: 'Windows 10', os.arch: 'amd64', os.version: '10.0', java.version: '17.0.7'
Driver info: com.kms.katalon.selenium.driver.CChromeDriver
Capabilities {acceptInsecureCerts: false, browserName: chrome, browserVersion: 134.0.6998.178, chrome: {chromedriverVersion: 134.0.6998.165 (fd886e2cb29..., userDataDir: C:\Users\LIAZGI~1\AppData\L...}, fedcm:accounts: true, goog:chromeOptions: {debuggerAddress: localhost:56027}, javascriptEnabled: true, networkConnectionEnabled: false, pageLoadStrategy: normal, platform: WINDOWS, platformName: WINDOWS, proxy: Proxy(), setWindowRect: true, strictFileInteractability: false, timeouts: {implicit: 0, pageLoad: 300000, script: 30000}, unhandledPromptBehavior: dismiss and notify, webauthn:extension:credBlob: true, webauthn:extension:largeBlob: true, webauthn:extension:minPinLength: true, webauthn:extension:prf: true, webauthn:virtualAuthenticators: true}
Session ID: b6e65ccba40b1587eaabac2d5d735ca5
	at java.base/jdk.internal.reflect.NativeConstructorAccessorImpl.newInstance0(Native Method)
	at java.base/jdk.internal.reflect.NativeConstructorAccessorImpl.newInstance(NativeConstructorAccessorImpl.java:77)
	at java.base/jdk.internal.reflect.DelegatingConstructorAccessorImpl.newInstance(DelegatingConstructorAccessorImpl.java:45)
	at org.openqa.selenium.remote.http.W3CHttpResponseCodec.createException(W3CHttpResponseCodec.java:187)
	at org.openqa.selenium.remote.http.W3CHttpResponseCodec.decode(W3CHttpResponseCodec.java:122)
	at org.openqa.selenium.remote.http.W3CHttpResponseCodec.decode(W3CHttpResponseCodec.java:49)
	at org.openqa.selenium.remote.HttpCommandExecutor.execute(HttpCommandExecutor.java:158)
	at org.openqa.selenium.remote.service.DriverCommandExecutor.execute(DriverCommandExecutor.java:83)
	at org.openqa.selenium.remote.RemoteWebDriver.execute(RemoteWebDriver.java:552)
	at com.kms.katalon.selenium.driver.CChromeDriver.execute(CChromeDriver.java:19)
	at org.openqa.selenium.remote.RemoteWebDriver.get(RemoteWebDriver.java:277)
	at org.openqa.selenium.remote.RemoteWebDriver$RemoteNavigation.to(RemoteWebDriver.java:857)
	at org.openqa.selenium.support.events.EventFiringWebDriver$EventFiringNavigation.to(EventFiringWebDriver.java:569)
	at com.kms.katalon.core.webui.keyword.builtin.NavigateToUrlKeyword$_navigateToUrl_closure1.doCall(NavigateToUrlKeyword.groovy:81)
	at com.kms.katalon.core.webui.keyword.builtin.NavigateToUrlKeyword$_navigateToUrl_closure1.call(NavigateToUrlKeyword.groovy)
	at com.kms.katalon.core.webui.keyword.internal.WebUIKeywordMain.runKeyword(WebUIKeywordMain.groovy:20)
	... 22 more]]></system-out>
      <system-err><![CDATA[31-03-2025T10:08:03 - [TEST_SUITE][FAILED] - Сверка дашбордов из разных блоков: Test Cases/Сверки дашбордов/Блок руководителя сверка дашбордов под разными учётками FAILED.
Reason:
com.kms.katalon.core.exception.StepFailedException: Unable to navigate to 'https://bi.rosseti.digital/viewer?dashboardGuid=d154a8eaf6824e2b9de1bb04dd061c18&sheetGuid=1305e8ce744049e1abdacea1ea397a26&fit=true' (Root cause: com.kms.katalon.core.exception.StepFailedException: Unable to navigate to 'https://bi.rosseti.digital/viewer?dashboardGuid=d154a8eaf6824e2b9de1bb04dd061c18&sheetGuid=1305e8ce744049e1abdacea1ea397a26&fit=true'
	at com.kms.katalon.core.webui.keyword.internal.WebUIKeywordMain.stepFailed(WebUIKeywordMain.groovy:64)
	at com.kms.katalon.core.webui.keyword.internal.WebUIKeywordMain.runKeyword(WebUIKeywordMain.groovy:26)
	at com.kms.katalon.core.webui.keyword.builtin.NavigateToUrlKeyword.navigateToUrl(NavigateToUrlKeyword.groovy:83)
	at com.kms.katalon.core.webui.keyword.builtin.NavigateToUrlKeyword.execute(NavigateToUrlKeyword.groovy:67)
	at com.kms.katalon.core.keyword.internal.KeywordExecutor.executeKeywordForPlatform(KeywordExecutor.groovy:74)
	at com.kms.katalon.core.webui.keyword.WebUiBuiltInKeywords.navigateToUrl(WebUiBuiltInKeywords.groovy:187)
	at Блок руководителя сверка дашбордов под разными учётками.CheckPageDownload(Блок руководителя сверка дашбордов под разными учётками:130)
	at Блок руководителя сверка дашбордов под разными учётками.VipolnenieBiznesPlana(Блок руководителя сверка дашбордов под разными учётками:214)
	at Блок руководителя сверка дашбордов под разными учётками.run(Блок руководителя сверка дашбордов под разными учётками:52)
	at com.kms.katalon.core.main.ScriptEngine.run(ScriptEngine.java:194)
	at com.kms.katalon.core.main.ScriptEngine.runScriptAsRawText(ScriptEngine.java:119)
	at com.kms.katalon.core.main.TestCaseExecutor.runScript(TestCaseExecutor.java:448)
	at com.kms.katalon.core.main.TestCaseExecutor.doExecute(TestCaseExecutor.java:439)
	at com.kms.katalon.core.main.TestCaseExecutor.processExecutionPhase(TestCaseExecutor.java:418)
	at com.kms.katalon.core.main.TestCaseExecutor.accessMainPhase(TestCaseExecutor.java:410)
	at com.kms.katalon.core.main.TestCaseExecutor.execute(TestCaseExecutor.java:285)
	at com.kms.katalon.core.common.CommonExecutor.accessTestCaseMainPhase(CommonExecutor.java:65)
	at com.kms.katalon.core.main.TestSuiteExecutor.accessTestSuiteMainPhase(TestSuiteExecutor.java:150)
	at com.kms.katalon.core.main.TestSuiteExecutor.execute(TestSuiteExecutor.java:106)
	at com.kms.katalon.core.main.TestCaseMain.startTestSuite(TestCaseMain.java:180)
	at TempTestSuite1743404878601.run(TempTestSuite1743404878601.groovy:35)
	at java.base/jdk.internal.reflect.NativeMethodAccessorImpl.invoke0(Native Method)
	at java.base/jdk.internal.reflect.NativeMethodAccessorImpl.invoke(NativeMethodAccessorImpl.java:77)
	at java.base/jdk.internal.reflect.DelegatingMethodAccessorImpl.invoke(DelegatingMethodAccessorImpl.java:43)
Caused by: org.openqa.selenium.NoSuchSessionException: invalid session id
Build info: version: '3.141.59', revision: 'unknown', time: 'unknown'
System info: host: 'UVV-WS904-D', ip: '192.168.0.19', os.name: 'Windows 10', os.arch: 'amd64', os.version: '10.0', java.version: '17.0.7'
Driver info: com.kms.katalon.selenium.driver.CChromeDriver
Capabilities {acceptInsecureCerts: false, browserName: chrome, browserVersion: 134.0.6998.178, chrome: {chromedriverVersion: 134.0.6998.165 (fd886e2cb29..., userDataDir: C:\Users\LIAZGI~1\AppData\L...}, fedcm:accounts: true, goog:chromeOptions: {debuggerAddress: localhost:56027}, javascriptEnabled: true, networkConnectionEnabled: false, pageLoadStrategy: normal, platform: WINDOWS, platformName: WINDOWS, proxy: Proxy(), setWindowRect: true, strictFileInteractability: false, timeouts: {implicit: 0, pageLoad: 300000, script: 30000}, unhandledPromptBehavior: dismiss and notify, webauthn:extension:credBlob: true, webauthn:extension:largeBlob: true, webauthn:extension:minPinLength: true, webauthn:extension:prf: true, webauthn:virtualAuthenticators: true}
Session ID: b6e65ccba40b1587eaabac2d5d735ca5
	at java.base/jdk.internal.reflect.NativeConstructorAccessorImpl.newInstance0(Native Method)
	at java.base/jdk.internal.reflect.NativeConstructorAccessorImpl.newInstance(NativeConstructorAccessorImpl.java:77)
	at java.base/jdk.internal.reflect.DelegatingConstructorAccessorImpl.newInstance(DelegatingConstructorAccessorImpl.java:45)
	at org.openqa.selenium.remote.http.W3CHttpResponseCodec.createException(W3CHttpResponseCodec.java:187)
	at org.openqa.selenium.remote.http.W3CHttpResponseCodec.decode(W3CHttpResponseCodec.java:122)
	at org.openqa.selenium.remote.http.W3CHttpResponseCodec.decode(W3CHttpResponseCodec.java:49)
	at org.openqa.selenium.remote.HttpCommandExecutor.execute(HttpCommandExecutor.java:158)
	at org.openqa.selenium.remote.service.DriverCommandExecutor.execute(DriverCommandExecutor.java:83)
	at org.openqa.selenium.remote.RemoteWebDriver.execute(RemoteWebDriver.java:552)
	at com.kms.katalon.selenium.driver.CChromeDriver.execute(CChromeDriver.java:19)
	at org.openqa.selenium.remote.RemoteWebDriver.get(RemoteWebDriver.java:277)
	at org.openqa.selenium.remote.RemoteWebDriver$RemoteNavigation.to(RemoteWebDriver.java:857)
	at org.openqa.selenium.support.events.EventFiringWebDriver$EventFiringNavigation.to(EventFiringWebDriver.java:569)
	at com.kms.katalon.core.webui.keyword.builtin.NavigateToUrlKeyword$_navigateToUrl_closure1.doCall(NavigateToUrlKeyword.groovy:81)
	at com.kms.katalon.core.webui.keyword.builtin.NavigateToUrlKeyword$_navigateToUrl_closure1.call(NavigateToUrlKeyword.groovy)
	at com.kms.katalon.core.webui.keyword.internal.WebUIKeywordMain.runKeyword(WebUIKeywordMain.groovy:20)
	at com.kms.katalon.core.webui.keyword.builtin.NavigateToUrlKeyword.navigateToUrl(NavigateToUrlKeyword.groovy:83)
	at com.kms.katalon.core.webui.keyword.builtin.NavigateToUrlKeyword.execute(NavigateToUrlKeyword.groovy:67)
	at com.kms.katalon.core.keyword.internal.KeywordExecutor.executeKeywordForPlatform(KeywordExecutor.groovy:74)
	at com.kms.katalon.core.webui.keyword.WebUiBuiltInKeywords.navigateToUrl(WebUiBuiltInKeywords.groovy:187)
	at Script1686231490255.CheckPageDownload(Script1686231490255.groovy:130)
	at Script1686231490255.VipolnenieBiznesPlana(Script1686231490255.groovy:214)
	at Script1686231490255.run(Script1686231490255.groovy:52)
	... 15 more
)
	at com.kms.katalon.core.keyword.internal.KeywordMain.stepFailed(KeywordMain.groovy:39)
	at com.kms.katalon.core.webui.keyword.internal.WebUIKeywordMain.stepFailed(WebUIKeywordMain.groovy:64)
	at com.kms.katalon.core.webui.keyword.internal.WebUIKeywordMain.runKeyword(WebUIKeywordMain.groovy:26)
	at com.kms.katalon.core.webui.keyword.builtin.NavigateToUrlKeyword.navigateToUrl(NavigateToUrlKeyword.groovy:83)
	at com.kms.katalon.core.webui.keyword.builtin.NavigateToUrlKeyword.execute(NavigateToUrlKeyword.groovy:67)
	at com.kms.katalon.core.keyword.internal.KeywordExecutor.executeKeywordForPlatform(KeywordExecutor.groovy:74)
	at com.kms.katalon.core.webui.keyword.WebUiBuiltInKeywords.navigateToUrl(WebUiBuiltInKeywords.groovy:187)
	at Блок руководителя сверка дашбордов под разными учётками.CheckPageDownload(Блок руководителя сверка дашбордов под разными учётками:130)
	at Блок руководителя сверка дашбордов под разными учётками.VipolnenieBiznesPlana(Блок руководителя сверка дашбордов под разными учётками:214)
	at Блок руководителя сверка дашбордов под разными учётками.run(Блок руководителя сверка дашбордов под разными учётками:52)
	at com.kms.katalon.core.main.ScriptEngine.run(ScriptEngine.java:194)
	at com.kms.katalon.core.main.ScriptEngine.runScriptAsRawText(ScriptEngine.java:119)
	at com.kms.katalon.core.main.TestCaseExecutor.runScript(TestCaseExecutor.java:448)
	at com.kms.katalon.core.main.TestCaseExecutor.doExecute(TestCaseExecutor.java:439)
	at com.kms.katalon.core.main.TestCaseExecutor.processExecutionPhase(TestCaseExecutor.java:418)
	at com.kms.katalon.core.main.TestCaseExecutor.accessMainPhase(TestCaseExecutor.java:410)
	at com.kms.katalon.core.main.TestCaseExecutor.execute(TestCaseExecutor.java:285)
	at com.kms.katalon.core.common.CommonExecutor.accessTestCaseMainPhase(CommonExecutor.java:65)
	at com.kms.katalon.core.main.TestSuiteExecutor.accessTestSuiteMainPhase(TestSuiteExecutor.java:150)
	at com.kms.katalon.core.main.TestSuiteExecutor.execute(TestSuiteExecutor.java:106)
	at com.kms.katalon.core.main.TestCaseMain.startTestSuite(TestCaseMain.java:180)
	at TempTestSuite1743404878601.run(TempTestSuite1743404878601.groovy:35)
	at java.base/jdk.internal.reflect.NativeMethodAccessorImpl.invoke0(Native Method)
	at java.base/jdk.internal.reflect.NativeMethodAccessorImpl.invoke(NativeMethodAccessorImpl.java:77)
	at java.base/jdk.internal.reflect.DelegatingMethodAccessorImpl.invoke(DelegatingMethodAccessorImpl.java:43)
Caused by: com.kms.katalon.core.exception.StepFailedException: Unable to navigate to 'https://bi.rosseti.digital/viewer?dashboardGuid=d154a8eaf6824e2b9de1bb04dd061c18&sheetGuid=1305e8ce744049e1abdacea1ea397a26&fit=true'
	... 24 more
Caused by: org.openqa.selenium.NoSuchSessionException: invalid session id
Build info: version: '3.141.59', revision: 'unknown', time: 'unknown'
System info: host: 'UVV-WS904-D', ip: '192.168.0.19', os.name: 'Windows 10', os.arch: 'amd64', os.version: '10.0', java.version: '17.0.7'
Driver info: com.kms.katalon.selenium.driver.CChromeDriver
Capabilities {acceptInsecureCerts: false, browserName: chrome, browserVersion: 134.0.6998.178, chrome: {chromedriverVersion: 134.0.6998.165 (fd886e2cb29..., userDataDir: C:\Users\LIAZGI~1\AppData\L...}, fedcm:accounts: true, goog:chromeOptions: {debuggerAddress: localhost:56027}, javascriptEnabled: true, networkConnectionEnabled: false, pageLoadStrategy: normal, platform: WINDOWS, platformName: WINDOWS, proxy: Proxy(), setWindowRect: true, strictFileInteractability: false, timeouts: {implicit: 0, pageLoad: 300000, script: 30000}, unhandledPromptBehavior: dismiss and notify, webauthn:extension:credBlob: true, webauthn:extension:largeBlob: true, webauthn:extension:minPinLength: true, webauthn:extension:prf: true, webauthn:virtualAuthenticators: true}
Session ID: b6e65ccba40b1587eaabac2d5d735ca5
	at java.base/jdk.internal.reflect.NativeConstructorAccessorImpl.newInstance0(Native Method)
	at java.base/jdk.internal.reflect.NativeConstructorAccessorImpl.newInstance(NativeConstructorAccessorImpl.java:77)
	at java.base/jdk.internal.reflect.DelegatingConstructorAccessorImpl.newInstance(DelegatingConstructorAccessorImpl.java:45)
	at org.openqa.selenium.remote.http.W3CHttpResponseCodec.createException(W3CHttpResponseCodec.java:187)
	at org.openqa.selenium.remote.http.W3CHttpResponseCodec.decode(W3CHttpResponseCodec.java:122)
	at org.openqa.selenium.remote.http.W3CHttpResponseCodec.decode(W3CHttpResponseCodec.java:49)
	at org.openqa.selenium.remote.HttpCommandExecutor.execute(HttpCommandExecutor.java:158)
	at org.openqa.selenium.remote.service.DriverCommandExecutor.execute(DriverCommandExecutor.java:83)
	at org.openqa.selenium.remote.RemoteWebDriver.execute(RemoteWebDriver.java:552)
	at com.kms.katalon.selenium.driver.CChromeDriver.execute(CChromeDriver.java:19)
	at org.openqa.selenium.remote.RemoteWebDriver.get(RemoteWebDriver.java:277)
	at org.openqa.selenium.remote.RemoteWebDriver$RemoteNavigation.to(RemoteWebDriver.java:857)
	at org.openqa.selenium.support.events.EventFiringWebDriver$EventFiringNavigation.to(EventFiringWebDriver.java:569)
	at com.kms.katalon.core.webui.keyword.builtin.NavigateToUrlKeyword$_navigateToUrl_closure1.doCall(NavigateToUrlKeyword.groovy:81)
	at com.kms.katalon.core.webui.keyword.builtin.NavigateToUrlKeyword$_navigateToUrl_closure1.call(NavigateToUrlKeyword.groovy)
	at com.kms.katalon.core.webui.keyword.internal.WebUIKeywordMain.runKeyword(WebUIKeywordMain.groovy:20)
	... 22 more]]></system-err>
   </testsuite>
</testsuites>
