<?xml version="1.0" encoding="UTF-8"?>
<testsuites name="Отображение данных" time="2601.694" tests="1" failures="1" errors="0">
   <testsuite name="Отображение данных" tests="1" failures="1" errors="0" time="2601.694" skipped="0" timestamp="14-01-2025T09:53:51" hostname="liazgina-di - UVV-WS904-D.ot.ru" id="Test Suites/Вт-Чт/Отображение данных">
      <properties>
         <property name="deviceName" value=""/>
         <property name="devicePlatform"/>
         <property name="logFolder" value="C:\\Users\\LIAZGINA-DI\\git\\SPORU\\Reports\\20250114_095345\\\u0412\u0442-\u0427\u0442\\\u041E\u0442\u043E\u0431\u0440\u0430\u0436\u0435\u043D\u0438\u0435 \u0434\u0430\u043D\u043D\u044B\u0445\\20250114_095346"/>
         <property name="logFiles" value="C:\\Users\\LIAZGINA-DI\\git\\SPORU\\Reports\\20250114_095345\\\u0412\u0442-\u0427\u0442\\\u041E\u0442\u043E\u0431\u0440\u0430\u0436\u0435\u043D\u0438\u0435 \u0434\u0430\u043D\u043D\u044B\u0445\\20250114_095346\\execution0.log"/>
         <property name="attachments" value=""/>
         <property name="hostName" value="liazgina-di - UVV-WS904-D.ot.ru"/>
         <property name="os" value="Windows 10 64bit"/>
         <property name="katalonVersion" value="9.5.0.217"/>
         <property name="browser" value="Chrome 131.0.0.0"/>
         <property name="hostAddress" value="192.168.0.19"/>
         <property name="sessionId" value="6662406c20ba1b502dc909fc4550bedf"/>
         <property name="seleniumVersion" value="3.141.59"/>
         <property name="proxyInformation" value="ProxyInformation { proxyOption=NO_PROXY, proxyServerType=HTTP, username=, password=********, proxyServerAddress=, proxyServerPort=0, executionList=&quot;&quot;, isApplyToDesiredCapabilities=true }"/>
         <property name="platform" value="Windows 10"/>
      </properties>
      <testcase name="Test Cases/Факторный анализ/Факторный анализ отображение данных все филиалы" time="2601.51" classname="Test Cases/Факторный анализ/Факторный анализ отображение данных все филиалы" status="FAILED">
         <failure type="FAILED" message="Test Cases/Факторный анализ/Факторный анализ отображение данных все филиалы FAILED.&#xa;Reason:&#xa;com.kms.katalon.core.exception.StepFailedException: Text 'нет данных' is present on page  (Root cause: com.kms.katalon.core.exception.StepFailedException: Text 'нет данных' is present on page &#xa;	at com.kms.katalon.core.webui.keyword.internal.WebUIKeywordMain.stepFailed(WebUIKeywordMain.groovy:64)&#xa;	at com.kms.katalon.core.webui.keyword.builtin.VerifyTextNotPresentKeyword$_verifyTextNotPresent_closure1.doCall(VerifyTextNotPresentKeyword.groovy:77)&#xa;	at com.kms.katalon.core.webui.keyword.builtin.VerifyTextNotPresentKeyword$_verifyTextNotPresent_closure1.call(VerifyTextNotPresentKeyword.groovy)&#xa;	at com.kms.katalon.core.webui.keyword.internal.WebUIKeywordMain.runKeyword(WebUIKeywordMain.groovy:20)&#xa;	at com.kms.katalon.core.webui.keyword.builtin.VerifyTextNotPresentKeyword.verifyTextNotPresent(VerifyTextNotPresentKeyword.groovy:82)&#xa;	at com.kms.katalon.core.webui.keyword.builtin.VerifyTextNotPresentKeyword.execute(VerifyTextNotPresentKeyword.groovy:68)&#xa;	at com.kms.katalon.core.keyword.internal.KeywordExecutor.executeKeywordForPlatform(KeywordExecutor.groovy:74)&#xa;	at com.kms.katalon.core.webui.keyword.WebUiBuiltInKeywords.verifyTextNotPresent(WebUiBuiltInKeywords.groovy:1795)&#xa;	at Факторный анализ отображение данных все филиалы.Test(Факторный анализ отображение данных все филиалы:805)&#xa;	at Факторный анализ отображение данных все филиалы.Change(Факторный анализ отображение данных все филиалы:785)&#xa;	at Факторный анализ отображение данных все филиалы.run(Факторный анализ отображение данных все филиалы:752)&#xa;	at com.kms.katalon.core.main.ScriptEngine.run(ScriptEngine.java:194)&#xa;	at com.kms.katalon.core.main.ScriptEngine.runScriptAsRawText(ScriptEngine.java:119)&#xa;	at com.kms.katalon.core.main.TestCaseExecutor.runScript(TestCaseExecutor.java:448)&#xa;	at com.kms.katalon.core.main.TestCaseExecutor.doExecute(TestCaseExecutor.java:439)&#xa;	at com.kms.katalon.core.main.TestCaseExecutor.processExecutionPhase(TestCaseExecutor.java:418)&#xa;	at com.kms.katalon.core.main.TestCaseExecutor.accessMainPhase(TestCaseExecutor.java:410)&#xa;	at com.kms.katalon.core.main.TestCaseExecutor.execute(TestCaseExecutor.java:285)&#xa;	at com.kms.katalon.core.common.CommonExecutor.accessTestCaseMainPhase(CommonExecutor.java:65)&#xa;	at com.kms.katalon.core.main.TestSuiteExecutor.accessTestSuiteMainPhase(TestSuiteExecutor.java:150)&#xa;	at com.kms.katalon.core.main.TestSuiteExecutor.execute(TestSuiteExecutor.java:106)&#xa;	at com.kms.katalon.core.main.TestCaseMain.startTestSuite(TestCaseMain.java:180)&#xa;	at TempTestSuite1736837626743.run(TempTestSuite1736837626743.groovy:35)&#xa;	at java.base/jdk.internal.reflect.NativeMethodAccessorImpl.invoke0(Native Method)&#xa;	at java.base/jdk.internal.reflect.NativeMethodAccessorImpl.invoke(NativeMethodAccessorImpl.java:77)&#xa;	at java.base/jdk.internal.reflect.DelegatingMethodAccessorImpl.invoke(DelegatingMethodAccessorImpl.java:43)&#xa;)&#xa;	at com.kms.katalon.core.keyword.internal.KeywordMain.stepFailed(KeywordMain.groovy:39)&#xa;	at com.kms.katalon.core.webui.keyword.internal.WebUIKeywordMain.stepFailed(WebUIKeywordMain.groovy:64)&#xa;	at com.kms.katalon.core.webui.keyword.builtin.VerifyTextNotPresentKeyword$_verifyTextNotPresent_closure1.doCall(VerifyTextNotPresentKeyword.groovy:77)&#xa;	at com.kms.katalon.core.webui.keyword.builtin.VerifyTextNotPresentKeyword$_verifyTextNotPresent_closure1.call(VerifyTextNotPresentKeyword.groovy)&#xa;	at com.kms.katalon.core.webui.keyword.internal.WebUIKeywordMain.runKeyword(WebUIKeywordMain.groovy:20)&#xa;	at com.kms.katalon.core.webui.keyword.builtin.VerifyTextNotPresentKeyword.verifyTextNotPresent(VerifyTextNotPresentKeyword.groovy:82)&#xa;	at com.kms.katalon.core.webui.keyword.builtin.VerifyTextNotPresentKeyword.execute(VerifyTextNotPresentKeyword.groovy:68)&#xa;	at com.kms.katalon.core.keyword.internal.KeywordExecutor.executeKeywordForPlatform(KeywordExecutor.groovy:74)&#xa;	at com.kms.katalon.core.webui.keyword.WebUiBuiltInKeywords.verifyTextNotPresent(WebUiBuiltInKeywords.groovy:1795)&#xa;	at Факторный анализ отображение данных все филиалы.Test(Факторный анализ отображение данных все филиалы:805)&#xa;	at Факторный анализ отображение данных все филиалы.Change(Факторный анализ отображение данных все филиалы:785)&#xa;	at Факторный анализ отображение данных все филиалы.run(Факторный анализ отображение данных все филиалы:752)&#xa;	at com.kms.katalon.core.main.ScriptEngine.run(ScriptEngine.java:194)&#xa;	at com.kms.katalon.core.main.ScriptEngine.runScriptAsRawText(ScriptEngine.java:119)&#xa;	at com.kms.katalon.core.main.TestCaseExecutor.runScript(TestCaseExecutor.java:448)&#xa;	at com.kms.katalon.core.main.TestCaseExecutor.doExecute(TestCaseExecutor.java:439)&#xa;	at com.kms.katalon.core.main.TestCaseExecutor.processExecutionPhase(TestCaseExecutor.java:418)&#xa;	at com.kms.katalon.core.main.TestCaseExecutor.accessMainPhase(TestCaseExecutor.java:410)&#xa;	at com.kms.katalon.core.main.TestCaseExecutor.execute(TestCaseExecutor.java:285)&#xa;	at com.kms.katalon.core.common.CommonExecutor.accessTestCaseMainPhase(CommonExecutor.java:65)&#xa;	at com.kms.katalon.core.main.TestSuiteExecutor.accessTestSuiteMainPhase(TestSuiteExecutor.java:150)&#xa;	at com.kms.katalon.core.main.TestSuiteExecutor.execute(TestSuiteExecutor.java:106)&#xa;	at com.kms.katalon.core.main.TestCaseMain.startTestSuite(TestCaseMain.java:180)&#xa;	at TempTestSuite1736837626743.run(TempTestSuite1736837626743.groovy:35)&#xa;	at java.base/jdk.internal.reflect.NativeMethodAccessorImpl.invoke0(Native Method)&#xa;	at java.base/jdk.internal.reflect.NativeMethodAccessorImpl.invoke(NativeMethodAccessorImpl.java:77)&#xa;	at java.base/jdk.internal.reflect.DelegatingMethodAccessorImpl.invoke(DelegatingMethodAccessorImpl.java:43)&#xa;Caused by: com.kms.katalon.core.exception.StepFailedException: Text 'нет данных' is present on page &#xa;	... 26 more&#xa;"/>
         <system-out><![CDATA[14-01-2025T09:53:51 - [TEST_CASE][FAILED] - Test Cases/Факторный анализ/Факторный анализ отображение данных все филиалы: Test Cases/Факторный анализ/Факторный анализ отображение данных все филиалы FAILED.
Reason:
com.kms.katalon.core.exception.StepFailedException: Text 'нет данных' is present on page  (Root cause: com.kms.katalon.core.exception.StepFailedException: Text 'нет данных' is present on page 
	at com.kms.katalon.core.webui.keyword.internal.WebUIKeywordMain.stepFailed(WebUIKeywordMain.groovy:64)
	at com.kms.katalon.core.webui.keyword.builtin.VerifyTextNotPresentKeyword$_verifyTextNotPresent_closure1.doCall(VerifyTextNotPresentKeyword.groovy:77)
	at com.kms.katalon.core.webui.keyword.builtin.VerifyTextNotPresentKeyword$_verifyTextNotPresent_closure1.call(VerifyTextNotPresentKeyword.groovy)
	at com.kms.katalon.core.webui.keyword.internal.WebUIKeywordMain.runKeyword(WebUIKeywordMain.groovy:20)
	at com.kms.katalon.core.webui.keyword.builtin.VerifyTextNotPresentKeyword.verifyTextNotPresent(VerifyTextNotPresentKeyword.groovy:82)
	at com.kms.katalon.core.webui.keyword.builtin.VerifyTextNotPresentKeyword.execute(VerifyTextNotPresentKeyword.groovy:68)
	at com.kms.katalon.core.keyword.internal.KeywordExecutor.executeKeywordForPlatform(KeywordExecutor.groovy:74)
	at com.kms.katalon.core.webui.keyword.WebUiBuiltInKeywords.verifyTextNotPresent(WebUiBuiltInKeywords.groovy:1795)
	at Факторный анализ отображение данных все филиалы.Test(Факторный анализ отображение данных все филиалы:805)
	at Факторный анализ отображение данных все филиалы.Change(Факторный анализ отображение данных все филиалы:785)
	at Факторный анализ отображение данных все филиалы.run(Факторный анализ отображение данных все филиалы:752)
	at com.kms.katalon.core.main.ScriptEngine.run(ScriptEngine.java:194)
	at com.kms.katalon.core.main.ScriptEngine.runScriptAsRawText(ScriptEngine.java:119)
	at com.kms.katalon.core.main.TestCaseExecutor.runScript(TestCaseExecutor.java:448)
	at com.kms.katalon.core.main.TestCaseExecutor.doExecute(TestCaseExecutor.java:439)
	at com.kms.katalon.core.main.TestCaseExecutor.processExecutionPhase(TestCaseExecutor.java:418)
	at com.kms.katalon.core.main.TestCaseExecutor.accessMainPhase(TestCaseExecutor.java:410)
	at com.kms.katalon.core.main.TestCaseExecutor.execute(TestCaseExecutor.java:285)
	at com.kms.katalon.core.common.CommonExecutor.accessTestCaseMainPhase(CommonExecutor.java:65)
	at com.kms.katalon.core.main.TestSuiteExecutor.accessTestSuiteMainPhase(TestSuiteExecutor.java:150)
	at com.kms.katalon.core.main.TestSuiteExecutor.execute(TestSuiteExecutor.java:106)
	at com.kms.katalon.core.main.TestCaseMain.startTestSuite(TestCaseMain.java:180)
	at TempTestSuite1736837626743.run(TempTestSuite1736837626743.groovy:35)
	at java.base/jdk.internal.reflect.NativeMethodAccessorImpl.invoke0(Native Method)
	at java.base/jdk.internal.reflect.NativeMethodAccessorImpl.invoke(NativeMethodAccessorImpl.java:77)
	at java.base/jdk.internal.reflect.DelegatingMethodAccessorImpl.invoke(DelegatingMethodAccessorImpl.java:43)
)
	at com.kms.katalon.core.keyword.internal.KeywordMain.stepFailed(KeywordMain.groovy:39)
	at com.kms.katalon.core.webui.keyword.internal.WebUIKeywordMain.stepFailed(WebUIKeywordMain.groovy:64)
	at com.kms.katalon.core.webui.keyword.builtin.VerifyTextNotPresentKeyword$_verifyTextNotPresent_closure1.doCall(VerifyTextNotPresentKeyword.groovy:77)
	at com.kms.katalon.core.webui.keyword.builtin.VerifyTextNotPresentKeyword$_verifyTextNotPresent_closure1.call(VerifyTextNotPresentKeyword.groovy)
	at com.kms.katalon.core.webui.keyword.internal.WebUIKeywordMain.runKeyword(WebUIKeywordMain.groovy:20)
	at com.kms.katalon.core.webui.keyword.builtin.VerifyTextNotPresentKeyword.verifyTextNotPresent(VerifyTextNotPresentKeyword.groovy:82)
	at com.kms.katalon.core.webui.keyword.builtin.VerifyTextNotPresentKeyword.execute(VerifyTextNotPresentKeyword.groovy:68)
	at com.kms.katalon.core.keyword.internal.KeywordExecutor.executeKeywordForPlatform(KeywordExecutor.groovy:74)
	at com.kms.katalon.core.webui.keyword.WebUiBuiltInKeywords.verifyTextNotPresent(WebUiBuiltInKeywords.groovy:1795)
	at Факторный анализ отображение данных все филиалы.Test(Факторный анализ отображение данных все филиалы:805)
	at Факторный анализ отображение данных все филиалы.Change(Факторный анализ отображение данных все филиалы:785)
	at Факторный анализ отображение данных все филиалы.run(Факторный анализ отображение данных все филиалы:752)
	at com.kms.katalon.core.main.ScriptEngine.run(ScriptEngine.java:194)
	at com.kms.katalon.core.main.ScriptEngine.runScriptAsRawText(ScriptEngine.java:119)
	at com.kms.katalon.core.main.TestCaseExecutor.runScript(TestCaseExecutor.java:448)
	at com.kms.katalon.core.main.TestCaseExecutor.doExecute(TestCaseExecutor.java:439)
	at com.kms.katalon.core.main.TestCaseExecutor.processExecutionPhase(TestCaseExecutor.java:418)
	at com.kms.katalon.core.main.TestCaseExecutor.accessMainPhase(TestCaseExecutor.java:410)
	at com.kms.katalon.core.main.TestCaseExecutor.execute(TestCaseExecutor.java:285)
	at com.kms.katalon.core.common.CommonExecutor.accessTestCaseMainPhase(CommonExecutor.java:65)
	at com.kms.katalon.core.main.TestSuiteExecutor.accessTestSuiteMainPhase(TestSuiteExecutor.java:150)
	at com.kms.katalon.core.main.TestSuiteExecutor.execute(TestSuiteExecutor.java:106)
	at com.kms.katalon.core.main.TestCaseMain.startTestSuite(TestCaseMain.java:180)
	at TempTestSuite1736837626743.run(TempTestSuite1736837626743.groovy:35)
	at java.base/jdk.internal.reflect.NativeMethodAccessorImpl.invoke0(Native Method)
	at java.base/jdk.internal.reflect.NativeMethodAccessorImpl.invoke(NativeMethodAccessorImpl.java:77)
	at java.base/jdk.internal.reflect.DelegatingMethodAccessorImpl.invoke(DelegatingMethodAccessorImpl.java:43)
Caused by: com.kms.katalon.core.exception.StepFailedException: Text 'нет данных' is present on page 
	... 26 more


14-01-2025T09:53:52 - [TEST_STEP][PASSED] - date = new java.util.Date(): null

14-01-2025T09:53:52 - [TEST_STEP][PASSED] - todaysDate = date.format("dd.MM.yyyy"): null

14-01-2025T09:53:52 - [TEST_STEP][PASSED] - println(todaysDate): null

14-01-2025T09:53:52 - [TEST_STEP][PASSED] - typeOfData = <not implemented yet for class: org.codehaus.groovy.ast.expr.EmptyExpression>: null

14-01-2025T09:53:52 - [TEST_STEP][PASSED] - urlText = <not implemented yet for class: org.codehaus.groovy.ast.expr.EmptyExpression>: null

14-01-2025T09:53:52 - [TEST_STEP][PASSED] - searchWord = <not implemented yet for class: org.codehaus.groovy.ast.expr.EmptyExpression>: null

14-01-2025T09:53:52 - [TEST_STEP][PASSED] - i = <not implemented yet for class: org.codehaus.groovy.ast.expr.EmptyExpression>: null

14-01-2025T09:53:52 - [TEST_STEP][PASSED] - ii = <not implemented yet for class: org.codehaus.groovy.ast.expr.EmptyExpression>: null

14-01-2025T09:53:52 - [TEST_STEP][PASSED] - openBrowser(""): Browser is opened with url: ''

14-01-2025T09:53:52 - [MESSAGE][INFO] - Starting 'Chrome' driver

14-01-2025T09:53:52 - [MESSAGE][INFO] - Action delay is set to 0 milliseconds

14-01-2025T09:53:54 - [MESSAGE][PASSED] - Browser is opened with url: ''

14-01-2025T09:53:54 - [TEST_STEP][PASSED] - navigateToUrl(findTestData("PlanFact").getValue(10, 3)): Navigate to 'https://bi.rosseti.digital/viewer?dashboardGuid=2301950b23be4ed89c1df75f2020051e&sheetGuid=ccd7d7486b3d4e6fa0ee9b1eaebed46c&fit=true' successfully

14-01-2025T09:54:02 - [MESSAGE][PASSED] - Navigate to 'https://bi.rosseti.digital/viewer?dashboardGuid=2301950b23be4ed89c1df75f2020051e&sheetGuid=ccd7d7486b3d4e6fa0ee9b1eaebed46c&fit=true' successfully

14-01-2025T09:54:02 - [TEST_STEP][PASSED] - urlText = getText(findTestObject("Страница авторизации/Text")): Text of object 'Object Repository/Страница авторизации/Text' is: 'Вход'

14-01-2025T09:54:04 - [MESSAGE][PASSED] - Text of object 'Object Repository/Страница авторизации/Text' is: 'Вход'

14-01-2025T09:54:04 - [TEST_STEP][PASSED] - delay(10): Delayed 10 second(s)

14-01-2025T09:54:15 - [MESSAGE][PASSED] - Delayed 10 second(s)

14-01-2025T09:54:15 - [TEST_STEP][PASSED] - searchWord = "Вход": null

14-01-2025T09:54:15 - [TEST_STEP][PASSED] - if (urlText.contains(searchWord) == false): null

14-01-2025T09:54:15 - [TEST_STEP][PASSED] - setText(findTestObject("Страница авторизации/input__username"), findTestData("PlanFact").getValue(8, 1)): Text 'liazgina-di' is set on object 'Object Repository/Страница авторизации/input__username'

14-01-2025T09:54:15 - [MESSAGE][PASSED] - Text 'liazgina-di' is set on object 'Object Repository/Страница авторизации/input__username'

14-01-2025T09:54:15 - [TEST_STEP][PASSED] - setText(findTestObject("Страница авторизации/input__password"), findTestData("PlanFact").getValue(9, 1)): Text ')$%5srZ8o688Dm#q' is set on object 'Object Repository/Страница авторизации/input__password'

14-01-2025T09:54:16 - [MESSAGE][PASSED] - Text ')$%5srZ8o688Dm#q' is set on object 'Object Repository/Страница авторизации/input__password'

14-01-2025T09:54:16 - [TEST_STEP][PASSED] - click(findTestObject("Страница авторизации/button_")): Object: 'Object Repository/Страница авторизации/button_' is clicked on

14-01-2025T09:54:18 - [MESSAGE][PASSED] - Object: 'Object Repository/Страница авторизации/button_' is clicked on

14-01-2025T09:54:18 - [TEST_STEP][PASSED] - delay(50): Delayed 50 second(s)

14-01-2025T09:55:08 - [MESSAGE][PASSED] - Delayed 50 second(s)

14-01-2025T09:55:08 - [TEST_STEP][PASSED] - searchWord = "ДЗО": null

14-01-2025T09:55:08 - [TEST_STEP][PASSED] - urlText = getText(findTestObject("Страница авторизации/Text")): Text of object 'Object Repository/Страница авторизации/Text' is: 'Период
1, 2, 3 кв., Октябрь, Ноябрь 2024 года
ДЗО 
ПАО Россети
Подписи данных
Итого отклонения по группе компаний: - 418 570 млн.руб.
Филиал
Месяц
Факторный анализ
Всего отклонения по факторам по ПАО Россети за 1, 2, 3 кв., Октябрь, Ноябрь 2024 года
ДЗО
Филиал
Отклонение (объём услуг)
Отклонение (средний тариф)
АО «Тываэнерго» АО "Тываэнерго" 486 - 128
АО «Чеченэнерго» АО «Чеченэнерго» -4 079 47
Россети Волга Мордовэнерго -3 530 -93
Оренбургэнерго -13 669 - 135
Пензаэнерго -8 434 -67
Самарские РС -16 427 -1 202
Саратовские РС -16 583 - 569
Ульяновские РС -6 101 - 216
Чувашэнерго -5 275 152
Россети Кубань Кубаньэнерго -64 770 599
Россети Ленэнерго (ГК) Ленинградская область -36 803 1 111
г. Санкт-Петербург -51 373 - 108
Россети Московский регион Московская область 5 429 - 877
г. Москва 4 012 10
Россети Северный Кавказ (ГК) Дагестанская энергосбытовая компания - 111 69
Дагэнерго -8 053 589
Ингушэнерго -1 797 137
Каббалкэнерго -3 286 70
Карачаево-Черкесскэнерго -2 129 13
Севкавказэнерго -3 775 172
Ставропольэнерго -10 373 - 198
Россети Северо-Запад Архангельский филиал 74 - 112
Вологодский филиал 277 8
Карельский филиал -91 186
Мурманский филиал 102 46
Новгородский филиал 227 -48
Псковский филиал 151 -15
филиал в Республике Коми -63 41
Россети Сибирь (ГК) Алтайэнерго 332 333
Бурятэнерго - 119 329
ГАЭС 153 -21
Красноярскэнерго 1 368 - 676
Кузбассэнерго-РЭС - 461 932
Омскэнерго 188 -70
Хакасэнерго 422 - 442
Читаэнерго -77 206
Россети Томск Томская распределительная компания -8 299 - 146
Россети Тюмень Россети Тюмень -82 026 - 638
Россети Урал (ГК) Пермэнерго 669 - 246
Свердловэнерго 964 315
Челябэнерго 1 045 - 720
Россети ФСК ЕЭС Итого по ФСК ЕЭС 10 513 -6 868
Россети Центр Белгородэнерго 347 138
Брянскэнерго -5 765 17
Воронежэнерго -15 652 167
Костромаэнерго 127 -11
Курскэнерго -2 510 157
Липецкэнерго 853 - 381
Орелэнерго -4 613 -57
Смоленскэнерго -8 540 48
Тамбовэнерго -6 716 -12
Тверьэнерго 376 192
Ярэнерго -6 276 95
Россети Центр и Приволжье (ГК) Владимирэнерго 574 64
Ивэнерго 201 62
Калугаэнерго 706 -61
Кировэнерго 511 30
Мариэнерго 189 23
Нижновэнерго 849 359
Рязаньэнерго 229 70
Тулэнерго 877 - 292
Удмуртэнерго 401 20
Россети Юг (ГК) АО «ВМЭС» -4 225 59
Астраханьэнерго -6 426 68
Волгоградэнерго -11 043 - 400
Калмэнерго -1 859 -2
Ростовэнерго -22 464 75
Россети Янтарь Россети Янтарь 419 -47
Отклонения выручки по факторам по выбранным ДЗО, руб
-1 263 324-1 263 324
53 86253 862
Отклонение (объём услуг)
Отклонение (средний тариф)
ПАО Россети'

14-01-2025T09:55:08 - [MESSAGE][PASSED] - Text of object 'Object Repository/Страница авторизации/Text' is: 'Период
1, 2, 3 кв., Октябрь, Ноябрь 2024 года
ДЗО 
ПАО Россети
Подписи данных
Итого отклонения по группе компаний: - 418 570 млн.руб.
Филиал
Месяц
Факторный анализ
Всего отклонения по факторам по ПАО Россети за 1, 2, 3 кв., Октябрь, Ноябрь 2024 года
ДЗО
Филиал
Отклонение (объём услуг)
Отклонение (средний тариф)
АО «Тываэнерго» АО "Тываэнерго" 486 - 128
АО «Чеченэнерго» АО «Чеченэнерго» -4 079 47
Россети Волга Мордовэнерго -3 530 -93
Оренбургэнерго -13 669 - 135
Пензаэнерго -8 434 -67
Самарские РС -16 427 -1 202
Саратовские РС -16 583 - 569
Ульяновские РС -6 101 - 216
Чувашэнерго -5 275 152
Россети Кубань Кубаньэнерго -64 770 599
Россети Ленэнерго (ГК) Ленинградская область -36 803 1 111
г. Санкт-Петербург -51 373 - 108
Россети Московский регион Московская область 5 429 - 877
г. Москва 4 012 10
Россети Северный Кавказ (ГК) Дагестанская энергосбытовая компания - 111 69
Дагэнерго -8 053 589
Ингушэнерго -1 797 137
Каббалкэнерго -3 286 70
Карачаево-Черкесскэнерго -2 129 13
Севкавказэнерго -3 775 172
Ставропольэнерго -10 373 - 198
Россети Северо-Запад Архангельский филиал 74 - 112
Вологодский филиал 277 8
Карельский филиал -91 186
Мурманский филиал 102 46
Новгородский филиал 227 -48
Псковский филиал 151 -15
филиал в Республике Коми -63 41
Россети Сибирь (ГК) Алтайэнерго 332 333
Бурятэнерго - 119 329
ГАЭС 153 -21
Красноярскэнерго 1 368 - 676
Кузбассэнерго-РЭС - 461 932
Омскэнерго 188 -70
Хакасэнерго 422 - 442
Читаэнерго -77 206
Россети Томск Томская распределительная компания -8 299 - 146
Россети Тюмень Россети Тюмень -82 026 - 638
Россети Урал (ГК) Пермэнерго 669 - 246
Свердловэнерго 964 315
Челябэнерго 1 045 - 720
Россети ФСК ЕЭС Итого по ФСК ЕЭС 10 513 -6 868
Россети Центр Белгородэнерго 347 138
Брянскэнерго -5 765 17
Воронежэнерго -15 652 167
Костромаэнерго 127 -11
Курскэнерго -2 510 157
Липецкэнерго 853 - 381
Орелэнерго -4 613 -57
Смоленскэнерго -8 540 48
Тамбовэнерго -6 716 -12
Тверьэнерго 376 192
Ярэнерго -6 276 95
Россети Центр и Приволжье (ГК) Владимирэнерго 574 64
Ивэнерго 201 62
Калугаэнерго 706 -61
Кировэнерго 511 30
Мариэнерго 189 23
Нижновэнерго 849 359
Рязаньэнерго 229 70
Тулэнерго 877 - 292
Удмуртэнерго 401 20
Россети Юг (ГК) АО «ВМЭС» -4 225 59
Астраханьэнерго -6 426 68
Волгоградэнерго -11 043 - 400
Калмэнерго -1 859 -2
Ростовэнерго -22 464 75
Россети Янтарь Россети Янтарь 419 -47
Отклонения выручки по факторам по выбранным ДЗО, руб
-1 263 324-1 263 324
53 86253 862
Отклонение (объём услуг)
Отклонение (средний тариф)
ПАО Россети'

14-01-2025T09:55:08 - [TEST_STEP][PASSED] - if (urlText.contains("ошибка") || urlText.contains(searchWord) == false): null

14-01-2025T09:55:08 - [TEST_STEP][PASSED] - click(findTestObject("Факторный анализ/Фильтр Период")): Object: 'Object Repository/Факторный анализ/Фильтр Период' is clicked on

14-01-2025T09:55:09 - [MESSAGE][PASSED] - Object: 'Object Repository/Факторный анализ/Фильтр Период' is clicked on

14-01-2025T09:55:09 - [TEST_STEP][PASSED] - click(findTestObject("Факторный анализ/Снять выделение в фильтре Дата")): Object: 'Object Repository/Факторный анализ/Снять выделение в фильтре Дата' is clicked on

14-01-2025T09:55:09 - [MESSAGE][PASSED] - Object: 'Object Repository/Факторный анализ/Снять выделение в фильтре Дата' is clicked on

14-01-2025T09:55:09 - [TEST_STEP][PASSED] - click(findTestObject("Факторный анализ/Применить в фильтре Дата")): Object: 'Object Repository/Факторный анализ/Применить в фильтре Дата' is clicked on

14-01-2025T09:55:10 - [MESSAGE][PASSED] - Object: 'Object Repository/Факторный анализ/Применить в фильтре Дата' is clicked on

14-01-2025T09:55:10 - [TEST_STEP][PASSED] - click(findTestObject("Факторный анализ/Фильтр Период")): Object: 'Object Repository/Факторный анализ/Фильтр Период' is clicked on

14-01-2025T09:55:30 - [MESSAGE][PASSED] - Object: 'Object Repository/Факторный анализ/Фильтр Период' is clicked on

14-01-2025T09:55:30 - [TEST_STEP][PASSED] - click(findTestObject("Факторный анализ/Снять выделение в фильтре Дата")): Object: 'Object Repository/Факторный анализ/Снять выделение в фильтре Дата' is clicked on

14-01-2025T09:55:31 - [MESSAGE][PASSED] - Object: 'Object Repository/Факторный анализ/Снять выделение в фильтре Дата' is clicked on

14-01-2025T09:55:31 - [TEST_STEP][PASSED] - scrollToElement(findTestObject("Факторный анализ/2024 список"), 30): Scroll to object 'Object Repository/Факторный анализ/2024 список' successfully

14-01-2025T09:55:31 - [MESSAGE][PASSED] - Scroll to object 'Object Repository/Факторный анализ/2024 список' successfully

14-01-2025T09:55:31 - [TEST_STEP][PASSED] - click(findTestObject("Факторный анализ/2024 список")): Object: 'Object Repository/Факторный анализ/2024 список' is clicked on

14-01-2025T09:55:32 - [MESSAGE][PASSED] - Object: 'Object Repository/Факторный анализ/2024 список' is clicked on

14-01-2025T09:55:32 - [TEST_STEP][PASSED] - scrollToElement(findTestObject("Факторный анализ/1 квартал 2024 выбрать"), 30): Scroll to object 'Object Repository/Факторный анализ/1 квартал 2024 выбрать' successfully

14-01-2025T09:55:32 - [MESSAGE][PASSED] - Scroll to object 'Object Repository/Факторный анализ/1 квартал 2024 выбрать' successfully

14-01-2025T09:55:32 - [TEST_STEP][PASSED] - click(findTestObject("Факторный анализ/1 квартал 2024 выбрать")): Object: 'Object Repository/Факторный анализ/1 квартал 2024 выбрать' is clicked on

14-01-2025T09:55:32 - [MESSAGE][PASSED] - Object: 'Object Repository/Факторный анализ/1 квартал 2024 выбрать' is clicked on

14-01-2025T09:55:32 - [TEST_STEP][PASSED] - scrollToElement(findTestObject("Факторный анализ/1 квартал 2024 выбрать"), 30): Scroll to object 'Object Repository/Факторный анализ/1 квартал 2024 выбрать' successfully

14-01-2025T09:55:33 - [MESSAGE][PASSED] - Scroll to object 'Object Repository/Факторный анализ/1 квартал 2024 выбрать' successfully

14-01-2025T09:55:33 - [TEST_STEP][PASSED] - click(findTestObject("Факторный анализ/2 квартал 2024 выбрать"), CONTINUE_ON_FAILURE): Object: 'Object Repository/Факторный анализ/2 квартал 2024 выбрать' is clicked on

14-01-2025T09:55:33 - [MESSAGE][PASSED] - Object: 'Object Repository/Факторный анализ/2 квартал 2024 выбрать' is clicked on

14-01-2025T09:55:33 - [TEST_STEP][PASSED] - scrollToElement(findTestObject("Факторный анализ/3 квартал 2024 список"), 30): Scroll to object 'Object Repository/Факторный анализ/3 квартал 2024 список' successfully

14-01-2025T09:55:34 - [MESSAGE][PASSED] - Scroll to object 'Object Repository/Факторный анализ/3 квартал 2024 список' successfully

14-01-2025T09:55:34 - [TEST_STEP][PASSED] - click(findTestObject("Факторный анализ/3 квартал 2024 выбрать"), CONTINUE_ON_FAILURE): Object: 'Object Repository/Факторный анализ/3 квартал 2024 выбрать' is clicked on

14-01-2025T09:55:34 - [MESSAGE][PASSED] - Object: 'Object Repository/Факторный анализ/3 квартал 2024 выбрать' is clicked on

14-01-2025T09:55:34 - [TEST_STEP][PASSED] - scrollToElement(findTestObject("Факторный анализ/4 квартал 2024 список"), 30): Scroll to object 'Object Repository/Факторный анализ/4 квартал 2024 список' successfully

14-01-2025T09:55:35 - [MESSAGE][PASSED] - Scroll to object 'Object Repository/Факторный анализ/4 квартал 2024 список' successfully

14-01-2025T09:55:35 - [TEST_STEP][PASSED] - click(findTestObject("Факторный анализ/4 квартал 2024 список"), CONTINUE_ON_FAILURE): Object: 'Object Repository/Факторный анализ/4 квартал 2024 список' is clicked on

14-01-2025T09:55:35 - [MESSAGE][PASSED] - Object: 'Object Repository/Факторный анализ/4 квартал 2024 список' is clicked on

14-01-2025T09:55:35 - [TEST_STEP][PASSED] - scrollToElement(findTestObject("Факторный анализ/Октябрь 2024"), 30): Scroll to object 'Object Repository/Факторный анализ/Октябрь 2024' successfully

14-01-2025T09:55:35 - [MESSAGE][PASSED] - Scroll to object 'Object Repository/Факторный анализ/Октябрь 2024' successfully

14-01-2025T09:55:35 - [TEST_STEP][PASSED] - click(findTestObject("Факторный анализ/Октябрь 2024"), CONTINUE_ON_FAILURE): Object: 'Object Repository/Факторный анализ/Октябрь 2024' is clicked on

14-01-2025T09:55:36 - [MESSAGE][PASSED] - Object: 'Object Repository/Факторный анализ/Октябрь 2024' is clicked on

14-01-2025T09:55:36 - [TEST_STEP][PASSED] - scrollToElement(findTestObject("Факторный анализ/Ноябрь 2024"), 30): Scroll to object 'Object Repository/Факторный анализ/Ноябрь 2024' successfully

14-01-2025T09:55:36 - [MESSAGE][PASSED] - Scroll to object 'Object Repository/Факторный анализ/Ноябрь 2024' successfully

14-01-2025T09:55:36 - [TEST_STEP][PASSED] - click(findTestObject("Факторный анализ/Ноябрь 2024"), CONTINUE_ON_FAILURE): Object: 'Object Repository/Факторный анализ/Ноябрь 2024' is clicked on

14-01-2025T09:55:37 - [MESSAGE][PASSED] - Object: 'Object Repository/Факторный анализ/Ноябрь 2024' is clicked on

14-01-2025T09:55:37 - [TEST_STEP][PASSED] - scrollToElement(findTestObject("Факторный анализ/Заголовок фильтра Период"), 30): Scroll to object 'Object Repository/Факторный анализ/Заголовок фильтра Период' successfully

14-01-2025T09:55:37 - [MESSAGE][PASSED] - Scroll to object 'Object Repository/Факторный анализ/Заголовок фильтра Период' successfully

14-01-2025T09:55:37 - [TEST_STEP][PASSED] - click(findTestObject("Факторный анализ/Применить в фильтре Дата")): Object: 'Object Repository/Факторный анализ/Применить в фильтре Дата' is clicked on

14-01-2025T09:55:38 - [MESSAGE][PASSED] - Object: 'Object Repository/Факторный анализ/Применить в фильтре Дата' is clicked on

14-01-2025T09:55:38 - [TEST_STEP][PASSED] - click(findTestObject("Факторный анализ/Фильтр ДЗО")): Object: 'Object Repository/Факторный анализ/Фильтр ДЗО' is clicked on

14-01-2025T09:55:40 - [MESSAGE][PASSED] - Object: 'Object Repository/Факторный анализ/Фильтр ДЗО' is clicked on

14-01-2025T09:55:40 - [TEST_STEP][PASSED] - click(findTestObject("Факторный анализ/Снять выделение в Фильтре ДЗО")): Object: 'Object Repository/Факторный анализ/Снять выделение в Фильтре ДЗО' is clicked on

14-01-2025T09:55:40 - [MESSAGE][PASSED] - Object: 'Object Repository/Факторный анализ/Снять выделение в Фильтре ДЗО' is clicked on

14-01-2025T09:55:40 - [TEST_STEP][PASSED] - click(findTestObject("Факторный анализ/ПАО Россети")): Object: 'Object Repository/Факторный анализ/ПАО Россети' is clicked on

14-01-2025T09:55:41 - [MESSAGE][PASSED] - Object: 'Object Repository/Факторный анализ/ПАО Россети' is clicked on

14-01-2025T09:55:41 - [TEST_STEP][PASSED] - click(findTestObject("Факторный анализ/ПАО Россети")): Object: 'Object Repository/Факторный анализ/ПАО Россети' is clicked on

14-01-2025T09:55:41 - [MESSAGE][PASSED] - Object: 'Object Repository/Факторный анализ/ПАО Россети' is clicked on

14-01-2025T09:55:41 - [TEST_STEP][PASSED] - Script1687405718449.Change(todaysDate, typeOfData): null

14-01-2025T09:55:41 - [TEST_STEP][PASSED] - scrollToElement(findTestObject("Факторный анализ/Заголовок дашборда"), 30): Scroll to object 'Object Repository/Факторный анализ/Заголовок дашборда' successfully

14-01-2025T09:55:41 - [MESSAGE][PASSED] - Scroll to object 'Object Repository/Факторный анализ/Заголовок дашборда' successfully

14-01-2025T09:55:41 - [TEST_STEP][PASSED] - click(findTestObject("Факторный анализ/Применить в фильтре ДЗО")): Object: 'Object Repository/Факторный анализ/Применить в фильтре ДЗО' is clicked on

14-01-2025T09:55:42 - [MESSAGE][PASSED] - Object: 'Object Repository/Факторный анализ/Применить в фильтре ДЗО' is clicked on

14-01-2025T09:55:42 - [TEST_STEP][PASSED] - typeOfData = "Филиал": null

14-01-2025T09:55:42 - [TEST_STEP][PASSED] - Script1687405718449.Test(todaysDate, typeOfData): null

14-01-2025T09:55:42 - [TEST_STEP][PASSED] - delay(10): Delayed 10 second(s)

14-01-2025T09:55:52 - [MESSAGE][PASSED] - Delayed 10 second(s)

14-01-2025T09:55:52 - [TEST_STEP][PASSED] - if (verifyTextNotPresent("нет данных", false) == true): null

14-01-2025T09:55:53 - [MESSAGE][PASSED] - Text 'нет данных' is not present on page

14-01-2025T09:55:53 - [TEST_STEP][PASSED] - if (verifyTextNotPresent("Ошибка запроса данных", false) == true): null

14-01-2025T09:55:53 - [MESSAGE][PASSED] - Text 'Ошибка запроса данных' is not present on page

14-01-2025T09:55:53 - [TEST_STEP][PASSED] - if (verifyTextNotPresent("Произошла ошибка при выполнении пользовательского кода", false) == true): null

14-01-2025T09:55:54 - [MESSAGE][PASSED] - Text 'Произошла ошибка при выполнении пользовательского кода' is not present on page

14-01-2025T09:55:54 - [TEST_STEP][PASSED] - if (verifyTextNotPresent("У виджета нет данных", false) == true): null

14-01-2025T09:55:54 - [MESSAGE][PASSED] - Text 'У виджета нет данных' is not present on page

14-01-2025T09:55:54 - [TEST_STEP][PASSED] - if (verifyTextNotPresent("У виджета нет данных", false) == true): Text 'У виджета нет данных' is not present on page

14-01-2025T09:55:55 - [MESSAGE][PASSED] - Text 'У виджета нет данных' is not present on page

14-01-2025T09:55:55 - [TEST_STEP][PASSED] - click(findTestObject("Факторный анализ/Переключить отображение с филиала на месяц")): Object: 'Object Repository/Факторный анализ/Переключить отображение с филиала на месяц' is clicked on

14-01-2025T09:55:55 - [MESSAGE][PASSED] - Object: 'Object Repository/Факторный анализ/Переключить отображение с филиала на месяц' is clicked on

14-01-2025T09:55:55 - [TEST_STEP][PASSED] - typeOfData = "Месяц": null

14-01-2025T09:55:55 - [TEST_STEP][PASSED] - Script1687405718449.Test(todaysDate, typeOfData): null

14-01-2025T09:55:55 - [TEST_STEP][PASSED] - delay(10): Delayed 10 second(s)

14-01-2025T09:56:05 - [MESSAGE][PASSED] - Delayed 10 second(s)

14-01-2025T09:56:05 - [TEST_STEP][PASSED] - if (verifyTextNotPresent("нет данных", false) == true): null

14-01-2025T09:56:06 - [MESSAGE][PASSED] - Text 'нет данных' is not present on page

14-01-2025T09:56:06 - [TEST_STEP][PASSED] - if (verifyTextNotPresent("Ошибка запроса данных", false) == true): null

14-01-2025T09:56:06 - [MESSAGE][PASSED] - Text 'Ошибка запроса данных' is not present on page

14-01-2025T09:56:06 - [TEST_STEP][PASSED] - if (verifyTextNotPresent("Произошла ошибка при выполнении пользовательского кода", false) == true): null

14-01-2025T09:56:07 - [MESSAGE][PASSED] - Text 'Произошла ошибка при выполнении пользовательского кода' is not present on page

14-01-2025T09:56:07 - [TEST_STEP][PASSED] - if (verifyTextNotPresent("У виджета нет данных", false) == true): null

14-01-2025T09:56:07 - [MESSAGE][PASSED] - Text 'У виджета нет данных' is not present on page

14-01-2025T09:56:07 - [TEST_STEP][PASSED] - if (verifyTextNotPresent("У виджета нет данных", false) == true): Text 'У виджета нет данных' is not present on page

14-01-2025T09:56:08 - [MESSAGE][PASSED] - Text 'У виджета нет данных' is not present on page

14-01-2025T09:56:08 - [TEST_STEP][PASSED] - click(findTestObject("Факторный анализ/Переключить отображение с месяца на филиал")): Object: 'Object Repository/Факторный анализ/Переключить отображение с месяца на филиал' is clicked on

14-01-2025T09:56:08 - [MESSAGE][PASSED] - Object: 'Object Repository/Факторный анализ/Переключить отображение с месяца на филиал' is clicked on

14-01-2025T09:56:08 - [TEST_STEP][PASSED] - click(findTestObject("Факторный анализ/Фильтр ДЗО")): Object: 'Object Repository/Факторный анализ/Фильтр ДЗО' is clicked on

14-01-2025T09:56:09 - [MESSAGE][PASSED] - Object: 'Object Repository/Факторный анализ/Фильтр ДЗО' is clicked on

14-01-2025T09:56:09 - [TEST_STEP][PASSED] - click(findTestObject("Факторный анализ/Снять выделение в фильтре ДЗО")): Object: 'Object Repository/Факторный анализ/Снять выделение в фильтре ДЗО' is clicked on

14-01-2025T09:56:09 - [MESSAGE][PASSED] - Object: 'Object Repository/Факторный анализ/Снять выделение в фильтре ДЗО' is clicked on

14-01-2025T09:56:09 - [TEST_STEP][PASSED] - doubleClick(findTestObject("Факторный анализ/Раскрыть список ПАО Россети")): Object: 'Object Repository/Факторный анализ/Раскрыть список ПАО Россети' is double clicked on

14-01-2025T09:56:10 - [MESSAGE][PASSED] - Object: 'Object Repository/Факторный анализ/Раскрыть список ПАО Россети' is double clicked on

14-01-2025T09:56:10 - [TEST_STEP][PASSED] - click(findTestObject("Факторный анализ/Магистральные сети")): Object: 'Object Repository/Факторный анализ/Магистральные сети' is clicked on

14-01-2025T09:56:10 - [MESSAGE][PASSED] - Object: 'Object Repository/Факторный анализ/Магистральные сети' is clicked on

14-01-2025T09:56:10 - [TEST_STEP][PASSED] - Script1687405718449.Change(todaysDate, typeOfData): null

14-01-2025T09:56:10 - [TEST_STEP][PASSED] - scrollToElement(findTestObject("Факторный анализ/Заголовок дашборда"), 30): Scroll to object 'Object Repository/Факторный анализ/Заголовок дашборда' successfully

14-01-2025T09:56:11 - [MESSAGE][PASSED] - Scroll to object 'Object Repository/Факторный анализ/Заголовок дашборда' successfully

14-01-2025T09:56:11 - [TEST_STEP][PASSED] - click(findTestObject("Факторный анализ/Применить в фильтре ДЗО")): Object: 'Object Repository/Факторный анализ/Применить в фильтре ДЗО' is clicked on

14-01-2025T09:56:11 - [MESSAGE][PASSED] - Object: 'Object Repository/Факторный анализ/Применить в фильтре ДЗО' is clicked on

14-01-2025T09:56:11 - [TEST_STEP][PASSED] - typeOfData = "Филиал": null

14-01-2025T09:56:11 - [TEST_STEP][PASSED] - Script1687405718449.Test(todaysDate, typeOfData): null

14-01-2025T09:56:11 - [TEST_STEP][PASSED] - delay(10): Delayed 10 second(s)

14-01-2025T09:56:21 - [MESSAGE][PASSED] - Delayed 10 second(s)

14-01-2025T09:56:21 - [TEST_STEP][PASSED] - if (verifyTextNotPresent("нет данных", false) == true): null

14-01-2025T09:56:22 - [MESSAGE][PASSED] - Text 'нет данных' is not present on page

14-01-2025T09:56:22 - [TEST_STEP][PASSED] - if (verifyTextNotPresent("Ошибка запроса данных", false) == true): null

14-01-2025T09:56:22 - [MESSAGE][PASSED] - Text 'Ошибка запроса данных' is not present on page

14-01-2025T09:56:22 - [TEST_STEP][PASSED] - if (verifyTextNotPresent("Произошла ошибка при выполнении пользовательского кода", false) == true): null

14-01-2025T09:56:23 - [MESSAGE][PASSED] - Text 'Произошла ошибка при выполнении пользовательского кода' is not present on page

14-01-2025T09:56:23 - [TEST_STEP][PASSED] - if (verifyTextNotPresent("У виджета нет данных", false) == true): null

14-01-2025T09:56:23 - [MESSAGE][PASSED] - Text 'У виджета нет данных' is not present on page

14-01-2025T09:56:23 - [TEST_STEP][PASSED] - if (verifyTextNotPresent("У виджета нет данных", false) == true): Text 'У виджета нет данных' is not present on page

14-01-2025T09:56:24 - [MESSAGE][PASSED] - Text 'У виджета нет данных' is not present on page

14-01-2025T09:56:24 - [TEST_STEP][PASSED] - click(findTestObject("Факторный анализ/Переключить отображение с филиала на месяц")): Object: 'Object Repository/Факторный анализ/Переключить отображение с филиала на месяц' is clicked on

14-01-2025T09:56:24 - [MESSAGE][PASSED] - Object: 'Object Repository/Факторный анализ/Переключить отображение с филиала на месяц' is clicked on

14-01-2025T09:56:24 - [TEST_STEP][PASSED] - typeOfData = "Месяц": null

14-01-2025T09:56:24 - [TEST_STEP][PASSED] - Script1687405718449.Test(todaysDate, typeOfData): null

14-01-2025T09:56:24 - [TEST_STEP][PASSED] - delay(10): Delayed 10 second(s)

14-01-2025T09:56:34 - [MESSAGE][PASSED] - Delayed 10 second(s)

14-01-2025T09:56:34 - [TEST_STEP][PASSED] - if (verifyTextNotPresent("нет данных", false) == true): null

14-01-2025T09:56:35 - [MESSAGE][PASSED] - Text 'нет данных' is not present on page

14-01-2025T09:56:35 - [TEST_STEP][PASSED] - if (verifyTextNotPresent("Ошибка запроса данных", false) == true): null

14-01-2025T09:56:35 - [MESSAGE][PASSED] - Text 'Ошибка запроса данных' is not present on page

14-01-2025T09:56:35 - [TEST_STEP][PASSED] - if (verifyTextNotPresent("Произошла ошибка при выполнении пользовательского кода", false) == true): null

14-01-2025T09:56:36 - [MESSAGE][PASSED] - Text 'Произошла ошибка при выполнении пользовательского кода' is not present on page

14-01-2025T09:56:36 - [TEST_STEP][PASSED] - if (verifyTextNotPresent("У виджета нет данных", false) == true): null

14-01-2025T09:56:36 - [MESSAGE][PASSED] - Text 'У виджета нет данных' is not present on page

14-01-2025T09:56:36 - [TEST_STEP][PASSED] - if (verifyTextNotPresent("У виджета нет данных", false) == true): Text 'У виджета нет данных' is not present on page

14-01-2025T09:56:37 - [MESSAGE][PASSED] - Text 'У виджета нет данных' is not present on page

14-01-2025T09:56:37 - [TEST_STEP][PASSED] - click(findTestObject("Факторный анализ/Переключить отображение с месяца на филиал")): Object: 'Object Repository/Факторный анализ/Переключить отображение с месяца на филиал' is clicked on

14-01-2025T09:56:37 - [MESSAGE][PASSED] - Object: 'Object Repository/Факторный анализ/Переключить отображение с месяца на филиал' is clicked on

14-01-2025T09:56:37 - [TEST_STEP][PASSED] - click(findTestObject("Факторный анализ/Фильтр ДЗО")): Object: 'Object Repository/Факторный анализ/Фильтр ДЗО' is clicked on

14-01-2025T09:56:37 - [MESSAGE][PASSED] - Object: 'Object Repository/Факторный анализ/Фильтр ДЗО' is clicked on

14-01-2025T09:56:37 - [TEST_STEP][PASSED] - click(findTestObject("Факторный анализ/Снять выделение в фильтре ДЗО")): Object: 'Object Repository/Факторный анализ/Снять выделение в фильтре ДЗО' is clicked on

14-01-2025T09:56:38 - [MESSAGE][PASSED] - Object: 'Object Repository/Факторный анализ/Снять выделение в фильтре ДЗО' is clicked on

14-01-2025T09:56:38 - [TEST_STEP][PASSED] - click(findTestObject("Общие объекты/Развернуть элемент Магистральные сети")): Object: 'Object Repository/Общие объекты/Развернуть элемент Магистральные сети' is clicked on

14-01-2025T09:56:38 - [MESSAGE][PASSED] - Object: 'Object Repository/Общие объекты/Развернуть элемент Магистральные сети' is clicked on

14-01-2025T09:56:38 - [TEST_STEP][PASSED] - click(findTestObject("Факторный анализ/Россети ФСК ЕЭС")): Object: 'Object Repository/Факторный анализ/Россети ФСК ЕЭС' is clicked on

14-01-2025T09:56:39 - [MESSAGE][PASSED] - Object: 'Object Repository/Факторный анализ/Россети ФСК ЕЭС' is clicked on

14-01-2025T09:56:39 - [TEST_STEP][PASSED] - Script1687405718449.Change(todaysDate, typeOfData): null

14-01-2025T09:56:39 - [TEST_STEP][PASSED] - scrollToElement(findTestObject("Факторный анализ/Заголовок дашборда"), 30): Scroll to object 'Object Repository/Факторный анализ/Заголовок дашборда' successfully

14-01-2025T09:56:40 - [MESSAGE][PASSED] - Scroll to object 'Object Repository/Факторный анализ/Заголовок дашборда' successfully

14-01-2025T09:56:40 - [TEST_STEP][PASSED] - click(findTestObject("Факторный анализ/Применить в фильтре ДЗО")): Object: 'Object Repository/Факторный анализ/Применить в фильтре ДЗО' is clicked on

14-01-2025T09:56:40 - [MESSAGE][PASSED] - Object: 'Object Repository/Факторный анализ/Применить в фильтре ДЗО' is clicked on

14-01-2025T09:56:40 - [TEST_STEP][PASSED] - typeOfData = "Филиал": null

14-01-2025T09:56:40 - [TEST_STEP][PASSED] - Script1687405718449.Test(todaysDate, typeOfData): null

14-01-2025T09:56:40 - [TEST_STEP][PASSED] - delay(10): Delayed 10 second(s)

14-01-2025T09:56:50 - [MESSAGE][PASSED] - Delayed 10 second(s)

14-01-2025T09:56:50 - [TEST_STEP][PASSED] - if (verifyTextNotPresent("нет данных", false) == true): null

14-01-2025T09:56:51 - [MESSAGE][PASSED] - Text 'нет данных' is not present on page

14-01-2025T09:56:51 - [TEST_STEP][PASSED] - if (verifyTextNotPresent("Ошибка запроса данных", false) == true): null

14-01-2025T09:56:51 - [MESSAGE][PASSED] - Text 'Ошибка запроса данных' is not present on page

14-01-2025T09:56:51 - [TEST_STEP][PASSED] - if (verifyTextNotPresent("Произошла ошибка при выполнении пользовательского кода", false) == true): null

14-01-2025T09:56:51 - [MESSAGE][PASSED] - Text 'Произошла ошибка при выполнении пользовательского кода' is not present on page

14-01-2025T09:56:51 - [TEST_STEP][PASSED] - if (verifyTextNotPresent("У виджета нет данных", false) == true): null

14-01-2025T09:56:52 - [MESSAGE][PASSED] - Text 'У виджета нет данных' is not present on page

14-01-2025T09:56:52 - [TEST_STEP][PASSED] - if (verifyTextNotPresent("У виджета нет данных", false) == true): Text 'У виджета нет данных' is not present on page

14-01-2025T09:56:52 - [MESSAGE][PASSED] - Text 'У виджета нет данных' is not present on page

14-01-2025T09:56:52 - [TEST_STEP][PASSED] - click(findTestObject("Факторный анализ/Переключить отображение с филиала на месяц")): Object: 'Object Repository/Факторный анализ/Переключить отображение с филиала на месяц' is clicked on

14-01-2025T09:56:53 - [MESSAGE][PASSED] - Object: 'Object Repository/Факторный анализ/Переключить отображение с филиала на месяц' is clicked on

14-01-2025T09:56:53 - [TEST_STEP][PASSED] - typeOfData = "Месяц": null

14-01-2025T09:56:53 - [TEST_STEP][PASSED] - Script1687405718449.Test(todaysDate, typeOfData): null

14-01-2025T09:56:53 - [TEST_STEP][PASSED] - delay(10): Delayed 10 second(s)

14-01-2025T09:57:03 - [MESSAGE][PASSED] - Delayed 10 second(s)

14-01-2025T09:57:03 - [TEST_STEP][PASSED] - if (verifyTextNotPresent("нет данных", false) == true): null

14-01-2025T09:57:03 - [MESSAGE][PASSED] - Text 'нет данных' is not present on page

14-01-2025T09:57:03 - [TEST_STEP][PASSED] - if (verifyTextNotPresent("Ошибка запроса данных", false) == true): null

14-01-2025T09:57:04 - [MESSAGE][PASSED] - Text 'Ошибка запроса данных' is not present on page

14-01-2025T09:57:04 - [TEST_STEP][PASSED] - if (verifyTextNotPresent("Произошла ошибка при выполнении пользовательского кода", false) == true): null

14-01-2025T09:57:04 - [MESSAGE][PASSED] - Text 'Произошла ошибка при выполнении пользовательского кода' is not present on page

14-01-2025T09:57:04 - [TEST_STEP][PASSED] - if (verifyTextNotPresent("У виджета нет данных", false) == true): null

14-01-2025T09:57:05 - [MESSAGE][PASSED] - Text 'У виджета нет данных' is not present on page

14-01-2025T09:57:05 - [TEST_STEP][PASSED] - if (verifyTextNotPresent("У виджета нет данных", false) == true): Text 'У виджета нет данных' is not present on page

14-01-2025T09:57:05 - [MESSAGE][PASSED] - Text 'У виджета нет данных' is not present on page

14-01-2025T09:57:05 - [TEST_STEP][PASSED] - click(findTestObject("Факторный анализ/Переключить отображение с месяца на филиал")): Object: 'Object Repository/Факторный анализ/Переключить отображение с месяца на филиал' is clicked on

14-01-2025T09:57:06 - [MESSAGE][PASSED] - Object: 'Object Repository/Факторный анализ/Переключить отображение с месяца на филиал' is clicked on

14-01-2025T09:57:06 - [TEST_STEP][PASSED] - click(findTestObject("Факторный анализ/Фильтр ДЗО")): Object: 'Object Repository/Факторный анализ/Фильтр ДЗО' is clicked on

14-01-2025T09:57:06 - [MESSAGE][PASSED] - Object: 'Object Repository/Факторный анализ/Фильтр ДЗО' is clicked on

14-01-2025T09:57:06 - [TEST_STEP][PASSED] - click(findTestObject("Факторный анализ/Снять выделение в фильтре ДЗО")): Object: 'Object Repository/Факторный анализ/Снять выделение в фильтре ДЗО' is clicked on

14-01-2025T09:57:06 - [MESSAGE][PASSED] - Object: 'Object Repository/Факторный анализ/Снять выделение в фильтре ДЗО' is clicked on

14-01-2025T09:57:06 - [TEST_STEP][PASSED] - click(findTestObject("Общие объекты/Развернуть элемент Россети ФСК ЕЭС")): Object: 'Object Repository/Общие объекты/Развернуть элемент Россети ФСК ЕЭС' is clicked on

14-01-2025T09:57:07 - [MESSAGE][PASSED] - Object: 'Object Repository/Общие объекты/Развернуть элемент Россети ФСК ЕЭС' is clicked on

14-01-2025T09:57:07 - [TEST_STEP][PASSED] - click(findTestObject("Факторный анализ/Итого по ФСК ЕЭС")): Object: 'Object Repository/Факторный анализ/Итого по ФСК ЕЭС' is clicked on

14-01-2025T09:57:08 - [MESSAGE][PASSED] - Object: 'Object Repository/Факторный анализ/Итого по ФСК ЕЭС' is clicked on

14-01-2025T09:57:08 - [TEST_STEP][PASSED] - Script1687405718449.Change(todaysDate, typeOfData): null

14-01-2025T09:57:08 - [TEST_STEP][PASSED] - scrollToElement(findTestObject("Факторный анализ/Заголовок дашборда"), 30): Scroll to object 'Object Repository/Факторный анализ/Заголовок дашборда' successfully

14-01-2025T09:57:08 - [MESSAGE][PASSED] - Scroll to object 'Object Repository/Факторный анализ/Заголовок дашборда' successfully

14-01-2025T09:57:08 - [TEST_STEP][PASSED] - click(findTestObject("Факторный анализ/Применить в фильтре ДЗО")): Object: 'Object Repository/Факторный анализ/Применить в фильтре ДЗО' is clicked on

14-01-2025T09:57:09 - [MESSAGE][PASSED] - Object: 'Object Repository/Факторный анализ/Применить в фильтре ДЗО' is clicked on

14-01-2025T09:57:09 - [TEST_STEP][PASSED] - typeOfData = "Филиал": null

14-01-2025T09:57:09 - [TEST_STEP][PASSED] - Script1687405718449.Test(todaysDate, typeOfData): null

14-01-2025T09:57:09 - [TEST_STEP][PASSED] - delay(10): Delayed 10 second(s)

14-01-2025T09:57:19 - [MESSAGE][PASSED] - Delayed 10 second(s)

14-01-2025T09:57:19 - [TEST_STEP][PASSED] - if (verifyTextNotPresent("нет данных", false) == true): null

14-01-2025T09:57:19 - [MESSAGE][PASSED] - Text 'нет данных' is not present on page

14-01-2025T09:57:19 - [TEST_STEP][PASSED] - if (verifyTextNotPresent("Ошибка запроса данных", false) == true): null

14-01-2025T09:57:20 - [MESSAGE][PASSED] - Text 'Ошибка запроса данных' is not present on page

14-01-2025T09:57:20 - [TEST_STEP][PASSED] - if (verifyTextNotPresent("Произошла ошибка при выполнении пользовательского кода", false) == true): null

14-01-2025T09:57:20 - [MESSAGE][PASSED] - Text 'Произошла ошибка при выполнении пользовательского кода' is not present on page

14-01-2025T09:57:20 - [TEST_STEP][PASSED] - if (verifyTextNotPresent("У виджета нет данных", false) == true): null

14-01-2025T09:57:21 - [MESSAGE][PASSED] - Text 'У виджета нет данных' is not present on page

14-01-2025T09:57:21 - [TEST_STEP][PASSED] - if (verifyTextNotPresent("У виджета нет данных", false) == true): Text 'У виджета нет данных' is not present on page

14-01-2025T09:57:21 - [MESSAGE][PASSED] - Text 'У виджета нет данных' is not present on page

14-01-2025T09:57:21 - [TEST_STEP][PASSED] - click(findTestObject("Факторный анализ/Переключить отображение с филиала на месяц")): Object: 'Object Repository/Факторный анализ/Переключить отображение с филиала на месяц' is clicked on

14-01-2025T09:57:21 - [MESSAGE][PASSED] - Object: 'Object Repository/Факторный анализ/Переключить отображение с филиала на месяц' is clicked on

14-01-2025T09:57:21 - [TEST_STEP][PASSED] - typeOfData = "Месяц": null

14-01-2025T09:57:21 - [TEST_STEP][PASSED] - Script1687405718449.Test(todaysDate, typeOfData): null

14-01-2025T09:57:21 - [TEST_STEP][PASSED] - delay(10): Delayed 10 second(s)

14-01-2025T09:57:31 - [MESSAGE][PASSED] - Delayed 10 second(s)

14-01-2025T09:57:31 - [TEST_STEP][PASSED] - if (verifyTextNotPresent("нет данных", false) == true): null

14-01-2025T09:57:32 - [MESSAGE][PASSED] - Text 'нет данных' is not present on page

14-01-2025T09:57:32 - [TEST_STEP][PASSED] - if (verifyTextNotPresent("Ошибка запроса данных", false) == true): null

14-01-2025T09:57:32 - [MESSAGE][PASSED] - Text 'Ошибка запроса данных' is not present on page

14-01-2025T09:57:32 - [TEST_STEP][PASSED] - if (verifyTextNotPresent("Произошла ошибка при выполнении пользовательского кода", false) == true): null

14-01-2025T09:57:33 - [MESSAGE][PASSED] - Text 'Произошла ошибка при выполнении пользовательского кода' is not present on page

14-01-2025T09:57:33 - [TEST_STEP][PASSED] - if (verifyTextNotPresent("У виджета нет данных", false) == true): null

14-01-2025T09:57:33 - [MESSAGE][PASSED] - Text 'У виджета нет данных' is not present on page

14-01-2025T09:57:33 - [TEST_STEP][PASSED] - if (verifyTextNotPresent("У виджета нет данных", false) == true): Text 'У виджета нет данных' is not present on page

14-01-2025T09:57:34 - [MESSAGE][PASSED] - Text 'У виджета нет данных' is not present on page

14-01-2025T09:57:34 - [TEST_STEP][PASSED] - click(findTestObject("Факторный анализ/Переключить отображение с месяца на филиал")): Object: 'Object Repository/Факторный анализ/Переключить отображение с месяца на филиал' is clicked on

14-01-2025T09:57:34 - [MESSAGE][PASSED] - Object: 'Object Repository/Факторный анализ/Переключить отображение с месяца на филиал' is clicked on

14-01-2025T09:57:34 - [TEST_STEP][PASSED] - click(findTestObject("Факторный анализ/Фильтр ДЗО")): Object: 'Object Repository/Факторный анализ/Фильтр ДЗО' is clicked on

14-01-2025T09:57:34 - [MESSAGE][PASSED] - Object: 'Object Repository/Факторный анализ/Фильтр ДЗО' is clicked on

14-01-2025T09:57:34 - [TEST_STEP][PASSED] - click(findTestObject("Факторный анализ/Снять выделение в фильтре ДЗО")): Object: 'Object Repository/Факторный анализ/Снять выделение в фильтре ДЗО' is clicked on

14-01-2025T09:57:35 - [MESSAGE][PASSED] - Object: 'Object Repository/Факторный анализ/Снять выделение в фильтре ДЗО' is clicked on

14-01-2025T09:57:35 - [TEST_STEP][PASSED] - click(findTestObject("Общие объекты/Развернуть элемент Магистральные сети")): Object: 'Object Repository/Общие объекты/Развернуть элемент Магистральные сети' is clicked on

14-01-2025T09:57:35 - [MESSAGE][PASSED] - Object: 'Object Repository/Общие объекты/Развернуть элемент Магистральные сети' is clicked on

14-01-2025T09:57:35 - [TEST_STEP][PASSED] - click(findTestObject("Факторный анализ/РаспредКомплекс")): Object: 'Object Repository/Факторный анализ/РаспредКомплекс' is clicked on

14-01-2025T09:57:36 - [MESSAGE][PASSED] - Object: 'Object Repository/Факторный анализ/РаспредКомплекс' is clicked on

14-01-2025T09:57:36 - [TEST_STEP][PASSED] - Script1687405718449.Change(todaysDate, typeOfData): null

14-01-2025T09:57:36 - [TEST_STEP][PASSED] - scrollToElement(findTestObject("Факторный анализ/Заголовок дашборда"), 30): Scroll to object 'Object Repository/Факторный анализ/Заголовок дашборда' successfully

14-01-2025T09:57:36 - [MESSAGE][PASSED] - Scroll to object 'Object Repository/Факторный анализ/Заголовок дашборда' successfully

14-01-2025T09:57:36 - [TEST_STEP][PASSED] - click(findTestObject("Факторный анализ/Применить в фильтре ДЗО")): Object: 'Object Repository/Факторный анализ/Применить в фильтре ДЗО' is clicked on

14-01-2025T09:57:37 - [MESSAGE][PASSED] - Object: 'Object Repository/Факторный анализ/Применить в фильтре ДЗО' is clicked on

14-01-2025T09:57:37 - [TEST_STEP][PASSED] - typeOfData = "Филиал": null

14-01-2025T09:57:37 - [TEST_STEP][PASSED] - Script1687405718449.Test(todaysDate, typeOfData): null

14-01-2025T09:57:37 - [TEST_STEP][PASSED] - delay(10): Delayed 10 second(s)

14-01-2025T09:57:47 - [MESSAGE][PASSED] - Delayed 10 second(s)

14-01-2025T09:57:47 - [TEST_STEP][PASSED] - if (verifyTextNotPresent("нет данных", false) == true): null

14-01-2025T09:57:47 - [MESSAGE][PASSED] - Text 'нет данных' is not present on page

14-01-2025T09:57:47 - [TEST_STEP][PASSED] - if (verifyTextNotPresent("Ошибка запроса данных", false) == true): null

14-01-2025T09:57:48 - [MESSAGE][PASSED] - Text 'Ошибка запроса данных' is not present on page

14-01-2025T09:57:48 - [TEST_STEP][PASSED] - if (verifyTextNotPresent("Произошла ошибка при выполнении пользовательского кода", false) == true): null

14-01-2025T09:57:48 - [MESSAGE][PASSED] - Text 'Произошла ошибка при выполнении пользовательского кода' is not present on page

14-01-2025T09:57:48 - [TEST_STEP][PASSED] - if (verifyTextNotPresent("У виджета нет данных", false) == true): null

14-01-2025T09:57:49 - [MESSAGE][PASSED] - Text 'У виджета нет данных' is not present on page

14-01-2025T09:57:49 - [TEST_STEP][PASSED] - if (verifyTextNotPresent("У виджета нет данных", false) == true): Text 'У виджета нет данных' is not present on page

14-01-2025T09:57:49 - [MESSAGE][PASSED] - Text 'У виджета нет данных' is not present on page

14-01-2025T09:57:49 - [TEST_STEP][PASSED] - click(findTestObject("Факторный анализ/Переключить отображение с филиала на месяц")): Object: 'Object Repository/Факторный анализ/Переключить отображение с филиала на месяц' is clicked on

14-01-2025T09:57:50 - [MESSAGE][PASSED] - Object: 'Object Repository/Факторный анализ/Переключить отображение с филиала на месяц' is clicked on

14-01-2025T09:57:50 - [TEST_STEP][PASSED] - typeOfData = "Месяц": null

14-01-2025T09:57:50 - [TEST_STEP][PASSED] - Script1687405718449.Test(todaysDate, typeOfData): null

14-01-2025T09:57:50 - [TEST_STEP][PASSED] - delay(10): Delayed 10 second(s)

14-01-2025T09:58:00 - [MESSAGE][PASSED] - Delayed 10 second(s)

14-01-2025T09:58:00 - [TEST_STEP][PASSED] - if (verifyTextNotPresent("нет данных", false) == true): null

14-01-2025T09:58:00 - [MESSAGE][PASSED] - Text 'нет данных' is not present on page

14-01-2025T09:58:00 - [TEST_STEP][PASSED] - if (verifyTextNotPresent("Ошибка запроса данных", false) == true): null

14-01-2025T09:58:01 - [MESSAGE][PASSED] - Text 'Ошибка запроса данных' is not present on page

14-01-2025T09:58:01 - [TEST_STEP][PASSED] - if (verifyTextNotPresent("Произошла ошибка при выполнении пользовательского кода", false) == true): null

14-01-2025T09:58:01 - [MESSAGE][PASSED] - Text 'Произошла ошибка при выполнении пользовательского кода' is not present on page

14-01-2025T09:58:01 - [TEST_STEP][PASSED] - if (verifyTextNotPresent("У виджета нет данных", false) == true): null

14-01-2025T09:58:02 - [MESSAGE][PASSED] - Text 'У виджета нет данных' is not present on page

14-01-2025T09:58:02 - [TEST_STEP][PASSED] - if (verifyTextNotPresent("У виджета нет данных", false) == true): Text 'У виджета нет данных' is not present on page

14-01-2025T09:58:02 - [MESSAGE][PASSED] - Text 'У виджета нет данных' is not present on page

14-01-2025T09:58:02 - [TEST_STEP][PASSED] - click(findTestObject("Факторный анализ/Переключить отображение с месяца на филиал")): Object: 'Object Repository/Факторный анализ/Переключить отображение с месяца на филиал' is clicked on

14-01-2025T09:58:03 - [MESSAGE][PASSED] - Object: 'Object Repository/Факторный анализ/Переключить отображение с месяца на филиал' is clicked on

14-01-2025T09:58:03 - [TEST_STEP][PASSED] - click(findTestObject("Факторный анализ/Фильтр ДЗО")): Object: 'Object Repository/Факторный анализ/Фильтр ДЗО' is clicked on

14-01-2025T09:58:03 - [MESSAGE][PASSED] - Object: 'Object Repository/Факторный анализ/Фильтр ДЗО' is clicked on

14-01-2025T09:58:03 - [TEST_STEP][PASSED] - click(findTestObject("Факторный анализ/Снять выделение в фильтре ДЗО")): Object: 'Object Repository/Факторный анализ/Снять выделение в фильтре ДЗО' is clicked on

14-01-2025T09:58:04 - [MESSAGE][PASSED] - Object: 'Object Repository/Факторный анализ/Снять выделение в фильтре ДЗО' is clicked on

14-01-2025T09:58:04 - [TEST_STEP][PASSED] - click(findTestObject("Общие объекты/Раскрыть список РаспредКомплекс")): Object: 'Object Repository/Общие объекты/Раскрыть список РаспредКомплекс' is clicked on

14-01-2025T09:58:04 - [MESSAGE][PASSED] - Object: 'Object Repository/Общие объекты/Раскрыть список РаспредКомплекс' is clicked on

14-01-2025T09:58:04 - [TEST_STEP][PASSED] - click(findTestObject("Общие объекты/Раскрыть список РаспредКомплекс")): Object: 'Object Repository/Общие объекты/Раскрыть список РаспредКомплекс' is clicked on

14-01-2025T09:58:05 - [MESSAGE][PASSED] - Object: 'Object Repository/Общие объекты/Раскрыть список РаспредКомплекс' is clicked on

14-01-2025T09:58:05 - [TEST_STEP][PASSED] - scrollToElement(findTestObject("Факторный анализ/АО Тываэнерго"), 30): Scroll to object 'Object Repository/Факторный анализ/АО Тываэнерго' successfully

14-01-2025T09:58:05 - [MESSAGE][PASSED] - Scroll to object 'Object Repository/Факторный анализ/АО Тываэнерго' successfully

14-01-2025T09:58:05 - [TEST_STEP][PASSED] - click(findTestObject("Факторный анализ/АО Тываэнерго")): Object: 'Object Repository/Факторный анализ/АО Тываэнерго' is clicked on

14-01-2025T09:58:05 - [MESSAGE][PASSED] - Object: 'Object Repository/Факторный анализ/АО Тываэнерго' is clicked on

14-01-2025T09:58:05 - [TEST_STEP][PASSED] - Script1687405718449.Change(todaysDate, typeOfData): null

14-01-2025T09:58:05 - [TEST_STEP][PASSED] - scrollToElement(findTestObject("Факторный анализ/Заголовок дашборда"), 30): Scroll to object 'Object Repository/Факторный анализ/Заголовок дашборда' successfully

14-01-2025T09:58:06 - [MESSAGE][PASSED] - Scroll to object 'Object Repository/Факторный анализ/Заголовок дашборда' successfully

14-01-2025T09:58:06 - [TEST_STEP][PASSED] - click(findTestObject("Факторный анализ/Применить в фильтре ДЗО")): Object: 'Object Repository/Факторный анализ/Применить в фильтре ДЗО' is clicked on

14-01-2025T09:58:06 - [MESSAGE][PASSED] - Object: 'Object Repository/Факторный анализ/Применить в фильтре ДЗО' is clicked on

14-01-2025T09:58:06 - [TEST_STEP][PASSED] - typeOfData = "Филиал": null

14-01-2025T09:58:06 - [TEST_STEP][PASSED] - Script1687405718449.Test(todaysDate, typeOfData): null

14-01-2025T09:58:06 - [TEST_STEP][PASSED] - delay(10): Delayed 10 second(s)

14-01-2025T09:58:16 - [MESSAGE][PASSED] - Delayed 10 second(s)

14-01-2025T09:58:16 - [TEST_STEP][PASSED] - if (verifyTextNotPresent("нет данных", false) == true): null

14-01-2025T09:58:17 - [MESSAGE][PASSED] - Text 'нет данных' is not present on page

14-01-2025T09:58:17 - [TEST_STEP][PASSED] - if (verifyTextNotPresent("Ошибка запроса данных", false) == true): null

14-01-2025T09:58:17 - [MESSAGE][PASSED] - Text 'Ошибка запроса данных' is not present on page

14-01-2025T09:58:17 - [TEST_STEP][PASSED] - if (verifyTextNotPresent("Произошла ошибка при выполнении пользовательского кода", false) == true): null

14-01-2025T09:58:18 - [MESSAGE][PASSED] - Text 'Произошла ошибка при выполнении пользовательского кода' is not present on page

14-01-2025T09:58:18 - [TEST_STEP][PASSED] - if (verifyTextNotPresent("У виджета нет данных", false) == true): null

14-01-2025T09:58:18 - [MESSAGE][PASSED] - Text 'У виджета нет данных' is not present on page

14-01-2025T09:58:18 - [TEST_STEP][PASSED] - if (verifyTextNotPresent("У виджета нет данных", false) == true): Text 'У виджета нет данных' is not present on page

14-01-2025T09:58:19 - [MESSAGE][PASSED] - Text 'У виджета нет данных' is not present on page

14-01-2025T09:58:19 - [TEST_STEP][PASSED] - click(findTestObject("Факторный анализ/Переключить отображение с филиала на месяц")): Object: 'Object Repository/Факторный анализ/Переключить отображение с филиала на месяц' is clicked on

14-01-2025T09:58:19 - [MESSAGE][PASSED] - Object: 'Object Repository/Факторный анализ/Переключить отображение с филиала на месяц' is clicked on

14-01-2025T09:58:19 - [TEST_STEP][PASSED] - typeOfData = "Месяц": null

14-01-2025T09:58:19 - [TEST_STEP][PASSED] - Script1687405718449.Test(todaysDate, typeOfData): null

14-01-2025T09:58:19 - [TEST_STEP][PASSED] - delay(10): Delayed 10 second(s)

14-01-2025T09:58:29 - [MESSAGE][PASSED] - Delayed 10 second(s)

14-01-2025T09:58:29 - [TEST_STEP][PASSED] - if (verifyTextNotPresent("нет данных", false) == true): null

14-01-2025T09:58:30 - [MESSAGE][PASSED] - Text 'нет данных' is not present on page

14-01-2025T09:58:30 - [TEST_STEP][PASSED] - if (verifyTextNotPresent("Ошибка запроса данных", false) == true): null

14-01-2025T09:58:30 - [MESSAGE][PASSED] - Text 'Ошибка запроса данных' is not present on page

14-01-2025T09:58:30 - [TEST_STEP][PASSED] - if (verifyTextNotPresent("Произошла ошибка при выполнении пользовательского кода", false) == true): null

14-01-2025T09:58:31 - [MESSAGE][PASSED] - Text 'Произошла ошибка при выполнении пользовательского кода' is not present on page

14-01-2025T09:58:31 - [TEST_STEP][PASSED] - if (verifyTextNotPresent("У виджета нет данных", false) == true): null

14-01-2025T09:58:31 - [MESSAGE][PASSED] - Text 'У виджета нет данных' is not present on page

14-01-2025T09:58:31 - [TEST_STEP][PASSED] - if (verifyTextNotPresent("У виджета нет данных", false) == true): Text 'У виджета нет данных' is not present on page

14-01-2025T09:58:32 - [MESSAGE][PASSED] - Text 'У виджета нет данных' is not present on page

14-01-2025T09:58:32 - [TEST_STEP][PASSED] - click(findTestObject("Факторный анализ/Переключить отображение с месяца на филиал")): Object: 'Object Repository/Факторный анализ/Переключить отображение с месяца на филиал' is clicked on

14-01-2025T09:58:32 - [MESSAGE][PASSED] - Object: 'Object Repository/Факторный анализ/Переключить отображение с месяца на филиал' is clicked on

14-01-2025T09:58:32 - [TEST_STEP][PASSED] - click(findTestObject("Факторный анализ/Фильтр ДЗО")): Object: 'Object Repository/Факторный анализ/Фильтр ДЗО' is clicked on

14-01-2025T09:58:32 - [MESSAGE][PASSED] - Object: 'Object Repository/Факторный анализ/Фильтр ДЗО' is clicked on

14-01-2025T09:58:32 - [TEST_STEP][PASSED] - click(findTestObject("Факторный анализ/Снять выделение в фильтре ДЗО")): Object: 'Object Repository/Факторный анализ/Снять выделение в фильтре ДЗО' is clicked on

14-01-2025T09:58:33 - [MESSAGE][PASSED] - Object: 'Object Repository/Факторный анализ/Снять выделение в фильтре ДЗО' is clicked on

14-01-2025T09:58:33 - [TEST_STEP][PASSED] - scrollToElement(findTestObject("Общие объекты/Раскрыть список Тываэнерго"), 30): Scroll to object 'Object Repository/Общие объекты/Раскрыть список Тываэнерго' successfully

14-01-2025T09:58:33 - [MESSAGE][PASSED] - Scroll to object 'Object Repository/Общие объекты/Раскрыть список Тываэнерго' successfully

14-01-2025T09:58:33 - [TEST_STEP][PASSED] - click(findTestObject("Общие объекты/Раскрыть список Тываэнерго"), CONTINUE_ON_FAILURE): Object: 'Object Repository/Общие объекты/Раскрыть список Тываэнерго' is clicked on

14-01-2025T09:58:34 - [MESSAGE][PASSED] - Object: 'Object Repository/Общие объекты/Раскрыть список Тываэнерго' is clicked on

14-01-2025T09:58:34 - [TEST_STEP][PASSED] - click(findTestObject("Факторный анализ/Тываэнерго нижний уровень"), CONTINUE_ON_FAILURE): Object: 'Object Repository/Факторный анализ/Тываэнерго нижний уровень' is clicked on

14-01-2025T09:58:34 - [MESSAGE][PASSED] - Object: 'Object Repository/Факторный анализ/Тываэнерго нижний уровень' is clicked on

14-01-2025T09:58:34 - [TEST_STEP][PASSED] - Script1687405718449.Change(todaysDate, typeOfData): null

14-01-2025T09:58:34 - [TEST_STEP][PASSED] - scrollToElement(findTestObject("Факторный анализ/Заголовок дашборда"), 30): Scroll to object 'Object Repository/Факторный анализ/Заголовок дашборда' successfully

14-01-2025T09:58:35 - [MESSAGE][PASSED] - Scroll to object 'Object Repository/Факторный анализ/Заголовок дашборда' successfully

14-01-2025T09:58:35 - [TEST_STEP][PASSED] - click(findTestObject("Факторный анализ/Применить в фильтре ДЗО")): Object: 'Object Repository/Факторный анализ/Применить в фильтре ДЗО' is clicked on

14-01-2025T09:58:35 - [MESSAGE][PASSED] - Object: 'Object Repository/Факторный анализ/Применить в фильтре ДЗО' is clicked on

14-01-2025T09:58:35 - [TEST_STEP][PASSED] - typeOfData = "Филиал": null

14-01-2025T09:58:35 - [TEST_STEP][PASSED] - Script1687405718449.Test(todaysDate, typeOfData): null

14-01-2025T09:58:35 - [TEST_STEP][PASSED] - delay(10): Delayed 10 second(s)

14-01-2025T09:58:45 - [MESSAGE][PASSED] - Delayed 10 second(s)

14-01-2025T09:58:45 - [TEST_STEP][PASSED] - if (verifyTextNotPresent("нет данных", false) == true): null

14-01-2025T09:58:46 - [MESSAGE][PASSED] - Text 'нет данных' is not present on page

14-01-2025T09:58:46 - [TEST_STEP][PASSED] - if (verifyTextNotPresent("Ошибка запроса данных", false) == true): null

14-01-2025T09:58:46 - [MESSAGE][PASSED] - Text 'Ошибка запроса данных' is not present on page

14-01-2025T09:58:46 - [TEST_STEP][PASSED] - if (verifyTextNotPresent("Произошла ошибка при выполнении пользовательского кода", false) == true): null

14-01-2025T09:58:47 - [MESSAGE][PASSED] - Text 'Произошла ошибка при выполнении пользовательского кода' is not present on page

14-01-2025T09:58:47 - [TEST_STEP][PASSED] - if (verifyTextNotPresent("У виджета нет данных", false) == true): null

14-01-2025T09:58:47 - [MESSAGE][PASSED] - Text 'У виджета нет данных' is not present on page

14-01-2025T09:58:47 - [TEST_STEP][PASSED] - if (verifyTextNotPresent("У виджета нет данных", false) == true): Text 'У виджета нет данных' is not present on page

14-01-2025T09:58:48 - [MESSAGE][PASSED] - Text 'У виджета нет данных' is not present on page

14-01-2025T09:58:48 - [TEST_STEP][PASSED] - click(findTestObject("Факторный анализ/Переключить отображение с филиала на месяц")): Object: 'Object Repository/Факторный анализ/Переключить отображение с филиала на месяц' is clicked on

14-01-2025T09:58:48 - [MESSAGE][PASSED] - Object: 'Object Repository/Факторный анализ/Переключить отображение с филиала на месяц' is clicked on

14-01-2025T09:58:48 - [TEST_STEP][PASSED] - typeOfData = "Месяц": null

14-01-2025T09:58:48 - [TEST_STEP][PASSED] - Script1687405718449.Test(todaysDate, typeOfData): null

14-01-2025T09:58:48 - [TEST_STEP][PASSED] - delay(10): Delayed 10 second(s)

14-01-2025T09:58:58 - [MESSAGE][PASSED] - Delayed 10 second(s)

14-01-2025T09:58:58 - [TEST_STEP][PASSED] - if (verifyTextNotPresent("нет данных", false) == true): null

14-01-2025T09:58:59 - [MESSAGE][PASSED] - Text 'нет данных' is not present on page

14-01-2025T09:58:59 - [TEST_STEP][PASSED] - if (verifyTextNotPresent("Ошибка запроса данных", false) == true): null

14-01-2025T09:58:59 - [MESSAGE][PASSED] - Text 'Ошибка запроса данных' is not present on page

14-01-2025T09:58:59 - [TEST_STEP][PASSED] - if (verifyTextNotPresent("Произошла ошибка при выполнении пользовательского кода", false) == true): null

14-01-2025T09:58:59 - [MESSAGE][PASSED] - Text 'Произошла ошибка при выполнении пользовательского кода' is not present on page

14-01-2025T09:58:59 - [TEST_STEP][PASSED] - if (verifyTextNotPresent("У виджета нет данных", false) == true): null

14-01-2025T09:59:00 - [MESSAGE][PASSED] - Text 'У виджета нет данных' is not present on page

14-01-2025T09:59:00 - [TEST_STEP][PASSED] - if (verifyTextNotPresent("У виджета нет данных", false) == true): Text 'У виджета нет данных' is not present on page

14-01-2025T09:59:00 - [MESSAGE][PASSED] - Text 'У виджета нет данных' is not present on page

14-01-2025T09:59:00 - [TEST_STEP][PASSED] - click(findTestObject("Факторный анализ/Переключить отображение с месяца на филиал")): Object: 'Object Repository/Факторный анализ/Переключить отображение с месяца на филиал' is clicked on

14-01-2025T09:59:01 - [MESSAGE][PASSED] - Object: 'Object Repository/Факторный анализ/Переключить отображение с месяца на филиал' is clicked on

14-01-2025T09:59:01 - [TEST_STEP][PASSED] - click(findTestObject("Факторный анализ/Фильтр ДЗО")): Object: 'Object Repository/Факторный анализ/Фильтр ДЗО' is clicked on

14-01-2025T09:59:01 - [MESSAGE][PASSED] - Object: 'Object Repository/Факторный анализ/Фильтр ДЗО' is clicked on

14-01-2025T09:59:01 - [TEST_STEP][PASSED] - click(findTestObject("Факторный анализ/Снять выделение в фильтре ДЗО")): Object: 'Object Repository/Факторный анализ/Снять выделение в фильтре ДЗО' is clicked on

14-01-2025T09:59:02 - [MESSAGE][PASSED] - Object: 'Object Repository/Факторный анализ/Снять выделение в фильтре ДЗО' is clicked on

14-01-2025T09:59:02 - [TEST_STEP][PASSED] - scrollToElement(findTestObject("Факторный анализ/АО Чеченэнерго"), 30): Scroll to object 'Object Repository/Факторный анализ/АО Чеченэнерго' successfully

14-01-2025T09:59:02 - [MESSAGE][PASSED] - Scroll to object 'Object Repository/Факторный анализ/АО Чеченэнерго' successfully

14-01-2025T09:59:02 - [TEST_STEP][PASSED] - click(findTestObject("Факторный анализ/АО Чеченэнерго")): Object: 'Object Repository/Факторный анализ/АО Чеченэнерго' is clicked on

14-01-2025T09:59:02 - [MESSAGE][PASSED] - Object: 'Object Repository/Факторный анализ/АО Чеченэнерго' is clicked on

14-01-2025T09:59:02 - [TEST_STEP][PASSED] - Script1687405718449.Change(todaysDate, typeOfData): null

14-01-2025T09:59:02 - [TEST_STEP][PASSED] - scrollToElement(findTestObject("Факторный анализ/Заголовок дашборда"), 30): Scroll to object 'Object Repository/Факторный анализ/Заголовок дашборда' successfully

14-01-2025T09:59:03 - [MESSAGE][PASSED] - Scroll to object 'Object Repository/Факторный анализ/Заголовок дашборда' successfully

14-01-2025T09:59:03 - [TEST_STEP][PASSED] - click(findTestObject("Факторный анализ/Применить в фильтре ДЗО")): Object: 'Object Repository/Факторный анализ/Применить в фильтре ДЗО' is clicked on

14-01-2025T09:59:03 - [MESSAGE][PASSED] - Object: 'Object Repository/Факторный анализ/Применить в фильтре ДЗО' is clicked on

14-01-2025T09:59:03 - [TEST_STEP][PASSED] - typeOfData = "Филиал": null

14-01-2025T09:59:03 - [TEST_STEP][PASSED] - Script1687405718449.Test(todaysDate, typeOfData): null

14-01-2025T09:59:03 - [TEST_STEP][PASSED] - delay(10): Delayed 10 second(s)

14-01-2025T09:59:13 - [MESSAGE][PASSED] - Delayed 10 second(s)

14-01-2025T09:59:13 - [TEST_STEP][PASSED] - if (verifyTextNotPresent("нет данных", false) == true): null

14-01-2025T09:59:14 - [MESSAGE][PASSED] - Text 'нет данных' is not present on page

14-01-2025T09:59:14 - [TEST_STEP][PASSED] - if (verifyTextNotPresent("Ошибка запроса данных", false) == true): null

14-01-2025T09:59:14 - [MESSAGE][PASSED] - Text 'Ошибка запроса данных' is not present on page

14-01-2025T09:59:14 - [TEST_STEP][PASSED] - if (verifyTextNotPresent("Произошла ошибка при выполнении пользовательского кода", false) == true): null

14-01-2025T09:59:15 - [MESSAGE][PASSED] - Text 'Произошла ошибка при выполнении пользовательского кода' is not present on page

14-01-2025T09:59:15 - [TEST_STEP][PASSED] - if (verifyTextNotPresent("У виджета нет данных", false) == true): null

14-01-2025T09:59:15 - [MESSAGE][PASSED] - Text 'У виджета нет данных' is not present on page

14-01-2025T09:59:15 - [TEST_STEP][PASSED] - if (verifyTextNotPresent("У виджета нет данных", false) == true): Text 'У виджета нет данных' is not present on page

14-01-2025T09:59:16 - [MESSAGE][PASSED] - Text 'У виджета нет данных' is not present on page

14-01-2025T09:59:16 - [TEST_STEP][PASSED] - click(findTestObject("Факторный анализ/Переключить отображение с филиала на месяц")): Object: 'Object Repository/Факторный анализ/Переключить отображение с филиала на месяц' is clicked on

14-01-2025T09:59:16 - [MESSAGE][PASSED] - Object: 'Object Repository/Факторный анализ/Переключить отображение с филиала на месяц' is clicked on

14-01-2025T09:59:16 - [TEST_STEP][PASSED] - typeOfData = "Месяц": null

14-01-2025T09:59:16 - [TEST_STEP][PASSED] - Script1687405718449.Test(todaysDate, typeOfData): null

14-01-2025T09:59:16 - [TEST_STEP][PASSED] - delay(10): Delayed 10 second(s)

14-01-2025T09:59:26 - [MESSAGE][PASSED] - Delayed 10 second(s)

14-01-2025T09:59:26 - [TEST_STEP][PASSED] - if (verifyTextNotPresent("нет данных", false) == true): null

14-01-2025T09:59:27 - [MESSAGE][PASSED] - Text 'нет данных' is not present on page

14-01-2025T09:59:27 - [TEST_STEP][PASSED] - if (verifyTextNotPresent("Ошибка запроса данных", false) == true): null

14-01-2025T09:59:27 - [MESSAGE][PASSED] - Text 'Ошибка запроса данных' is not present on page

14-01-2025T09:59:27 - [TEST_STEP][PASSED] - if (verifyTextNotPresent("Произошла ошибка при выполнении пользовательского кода", false) == true): null

14-01-2025T09:59:27 - [MESSAGE][PASSED] - Text 'Произошла ошибка при выполнении пользовательского кода' is not present on page

14-01-2025T09:59:27 - [TEST_STEP][PASSED] - if (verifyTextNotPresent("У виджета нет данных", false) == true): null

14-01-2025T09:59:28 - [MESSAGE][PASSED] - Text 'У виджета нет данных' is not present on page

14-01-2025T09:59:28 - [TEST_STEP][PASSED] - if (verifyTextNotPresent("У виджета нет данных", false) == true): Text 'У виджета нет данных' is not present on page

14-01-2025T09:59:28 - [MESSAGE][PASSED] - Text 'У виджета нет данных' is not present on page

14-01-2025T09:59:28 - [TEST_STEP][PASSED] - click(findTestObject("Факторный анализ/Переключить отображение с месяца на филиал")): Object: 'Object Repository/Факторный анализ/Переключить отображение с месяца на филиал' is clicked on

14-01-2025T09:59:29 - [MESSAGE][PASSED] - Object: 'Object Repository/Факторный анализ/Переключить отображение с месяца на филиал' is clicked on

14-01-2025T09:59:29 - [TEST_STEP][PASSED] - click(findTestObject("Факторный анализ/Фильтр ДЗО")): Object: 'Object Repository/Факторный анализ/Фильтр ДЗО' is clicked on

14-01-2025T09:59:29 - [MESSAGE][PASSED] - Object: 'Object Repository/Факторный анализ/Фильтр ДЗО' is clicked on

14-01-2025T09:59:29 - [TEST_STEP][PASSED] - click(findTestObject("Факторный анализ/Снять выделение в фильтре ДЗО")): Object: 'Object Repository/Факторный анализ/Снять выделение в фильтре ДЗО' is clicked on

14-01-2025T09:59:30 - [MESSAGE][PASSED] - Object: 'Object Repository/Факторный анализ/Снять выделение в фильтре ДЗО' is clicked on

14-01-2025T09:59:30 - [TEST_STEP][PASSED] - scrollToElement(findTestObject("Факторный анализ/Раскрыть список Чеченэнерго"), 30): Scroll to object 'Object Repository/Факторный анализ/Раскрыть список Чеченэнерго' successfully

14-01-2025T09:59:30 - [MESSAGE][PASSED] - Scroll to object 'Object Repository/Факторный анализ/Раскрыть список Чеченэнерго' successfully

14-01-2025T09:59:30 - [TEST_STEP][PASSED] - click(findTestObject("Факторный анализ/Раскрыть список Чеченэнерго"), CONTINUE_ON_FAILURE): Object: 'Object Repository/Факторный анализ/Раскрыть список Чеченэнерго' is clicked on

14-01-2025T09:59:30 - [MESSAGE][PASSED] - Object: 'Object Repository/Факторный анализ/Раскрыть список Чеченэнерго' is clicked on

14-01-2025T09:59:30 - [TEST_STEP][PASSED] - click(findTestObject("Факторный анализ/Раскрыть список Чеченэнерго"), CONTINUE_ON_FAILURE): Object: 'Object Repository/Факторный анализ/Раскрыть список Чеченэнерго' is clicked on

14-01-2025T09:59:31 - [MESSAGE][PASSED] - Object: 'Object Repository/Факторный анализ/Раскрыть список Чеченэнерго' is clicked on

14-01-2025T09:59:31 - [TEST_STEP][PASSED] - click(findTestObject("Факторный анализ/Чеченэнерго нижний уровень"), CONTINUE_ON_FAILURE): Object: 'Object Repository/Факторный анализ/Чеченэнерго нижний уровень' is clicked on

14-01-2025T09:59:31 - [MESSAGE][PASSED] - Object: 'Object Repository/Факторный анализ/Чеченэнерго нижний уровень' is clicked on

14-01-2025T09:59:31 - [TEST_STEP][PASSED] - Script1687405718449.Change(todaysDate, typeOfData): null

14-01-2025T09:59:31 - [TEST_STEP][PASSED] - scrollToElement(findTestObject("Факторный анализ/Заголовок дашборда"), 30): Scroll to object 'Object Repository/Факторный анализ/Заголовок дашборда' successfully

14-01-2025T09:59:32 - [MESSAGE][PASSED] - Scroll to object 'Object Repository/Факторный анализ/Заголовок дашборда' successfully

14-01-2025T09:59:32 - [TEST_STEP][PASSED] - click(findTestObject("Факторный анализ/Применить в фильтре ДЗО")): Object: 'Object Repository/Факторный анализ/Применить в фильтре ДЗО' is clicked on

14-01-2025T09:59:32 - [MESSAGE][PASSED] - Object: 'Object Repository/Факторный анализ/Применить в фильтре ДЗО' is clicked on

14-01-2025T09:59:32 - [TEST_STEP][PASSED] - typeOfData = "Филиал": null

14-01-2025T09:59:32 - [TEST_STEP][PASSED] - Script1687405718449.Test(todaysDate, typeOfData): null

14-01-2025T09:59:32 - [TEST_STEP][PASSED] - delay(10): Delayed 10 second(s)

14-01-2025T09:59:42 - [MESSAGE][PASSED] - Delayed 10 second(s)

14-01-2025T09:59:42 - [TEST_STEP][PASSED] - if (verifyTextNotPresent("нет данных", false) == true): null

14-01-2025T09:59:43 - [MESSAGE][PASSED] - Text 'нет данных' is not present on page

14-01-2025T09:59:43 - [TEST_STEP][PASSED] - if (verifyTextNotPresent("Ошибка запроса данных", false) == true): null

14-01-2025T09:59:43 - [MESSAGE][PASSED] - Text 'Ошибка запроса данных' is not present on page

14-01-2025T09:59:43 - [TEST_STEP][PASSED] - if (verifyTextNotPresent("Произошла ошибка при выполнении пользовательского кода", false) == true): null

14-01-2025T09:59:44 - [MESSAGE][PASSED] - Text 'Произошла ошибка при выполнении пользовательского кода' is not present on page

14-01-2025T09:59:44 - [TEST_STEP][PASSED] - if (verifyTextNotPresent("У виджета нет данных", false) == true): null

14-01-2025T09:59:44 - [MESSAGE][PASSED] - Text 'У виджета нет данных' is not present on page

14-01-2025T09:59:44 - [TEST_STEP][PASSED] - if (verifyTextNotPresent("У виджета нет данных", false) == true): Text 'У виджета нет данных' is not present on page

14-01-2025T09:59:45 - [MESSAGE][PASSED] - Text 'У виджета нет данных' is not present on page

14-01-2025T09:59:45 - [TEST_STEP][PASSED] - click(findTestObject("Факторный анализ/Переключить отображение с филиала на месяц")): Object: 'Object Repository/Факторный анализ/Переключить отображение с филиала на месяц' is clicked on

14-01-2025T09:59:45 - [MESSAGE][PASSED] - Object: 'Object Repository/Факторный анализ/Переключить отображение с филиала на месяц' is clicked on

14-01-2025T09:59:45 - [TEST_STEP][PASSED] - typeOfData = "Месяц": null

14-01-2025T09:59:45 - [TEST_STEP][PASSED] - Script1687405718449.Test(todaysDate, typeOfData): null

14-01-2025T09:59:45 - [TEST_STEP][PASSED] - delay(10): Delayed 10 second(s)

14-01-2025T09:59:55 - [MESSAGE][PASSED] - Delayed 10 second(s)

14-01-2025T09:59:55 - [TEST_STEP][PASSED] - if (verifyTextNotPresent("нет данных", false) == true): null

14-01-2025T09:59:56 - [MESSAGE][PASSED] - Text 'нет данных' is not present on page

14-01-2025T09:59:56 - [TEST_STEP][PASSED] - if (verifyTextNotPresent("Ошибка запроса данных", false) == true): null

14-01-2025T09:59:56 - [MESSAGE][PASSED] - Text 'Ошибка запроса данных' is not present on page

14-01-2025T09:59:56 - [TEST_STEP][PASSED] - if (verifyTextNotPresent("Произошла ошибка при выполнении пользовательского кода", false) == true): null

14-01-2025T09:59:57 - [MESSAGE][PASSED] - Text 'Произошла ошибка при выполнении пользовательского кода' is not present on page

14-01-2025T09:59:57 - [TEST_STEP][PASSED] - if (verifyTextNotPresent("У виджета нет данных", false) == true): null

14-01-2025T09:59:57 - [MESSAGE][PASSED] - Text 'У виджета нет данных' is not present on page

14-01-2025T09:59:57 - [TEST_STEP][PASSED] - if (verifyTextNotPresent("У виджета нет данных", false) == true): Text 'У виджета нет данных' is not present on page

14-01-2025T09:59:58 - [MESSAGE][PASSED] - Text 'У виджета нет данных' is not present on page

14-01-2025T09:59:58 - [TEST_STEP][PASSED] - click(findTestObject("Факторный анализ/Переключить отображение с месяца на филиал")): Object: 'Object Repository/Факторный анализ/Переключить отображение с месяца на филиал' is clicked on

14-01-2025T09:59:58 - [MESSAGE][PASSED] - Object: 'Object Repository/Факторный анализ/Переключить отображение с месяца на филиал' is clicked on

14-01-2025T09:59:58 - [TEST_STEP][PASSED] - click(findTestObject("Факторный анализ/Фильтр ДЗО")): Object: 'Object Repository/Факторный анализ/Фильтр ДЗО' is clicked on

14-01-2025T09:59:58 - [MESSAGE][PASSED] - Object: 'Object Repository/Факторный анализ/Фильтр ДЗО' is clicked on

14-01-2025T09:59:58 - [TEST_STEP][PASSED] - click(findTestObject("Факторный анализ/Снять выделение в фильтре ДЗО")): Object: 'Object Repository/Факторный анализ/Снять выделение в фильтре ДЗО' is clicked on

14-01-2025T09:59:59 - [MESSAGE][PASSED] - Object: 'Object Repository/Факторный анализ/Снять выделение в фильтре ДЗО' is clicked on

14-01-2025T09:59:59 - [TEST_STEP][PASSED] - scrollToElement(findTestObject("Факторный анализ/Россети Волга"), 30): Scroll to object 'Object Repository/Факторный анализ/Россети Волга' successfully

14-01-2025T09:59:59 - [MESSAGE][PASSED] - Scroll to object 'Object Repository/Факторный анализ/Россети Волга' successfully

14-01-2025T09:59:59 - [TEST_STEP][PASSED] - click(findTestObject("Факторный анализ/Россети Волга")): Object: 'Object Repository/Факторный анализ/Россети Волга' is clicked on

14-01-2025T09:59:59 - [MESSAGE][PASSED] - Object: 'Object Repository/Факторный анализ/Россети Волга' is clicked on

14-01-2025T09:59:59 - [TEST_STEP][PASSED] - Script1687405718449.Change(todaysDate, typeOfData): null

14-01-2025T09:59:59 - [TEST_STEP][PASSED] - scrollToElement(findTestObject("Факторный анализ/Заголовок дашборда"), 30): Scroll to object 'Object Repository/Факторный анализ/Заголовок дашборда' successfully

14-01-2025T10:00:00 - [MESSAGE][PASSED] - Scroll to object 'Object Repository/Факторный анализ/Заголовок дашборда' successfully

14-01-2025T10:00:00 - [TEST_STEP][PASSED] - click(findTestObject("Факторный анализ/Применить в фильтре ДЗО")): Object: 'Object Repository/Факторный анализ/Применить в фильтре ДЗО' is clicked on

14-01-2025T10:00:00 - [MESSAGE][PASSED] - Object: 'Object Repository/Факторный анализ/Применить в фильтре ДЗО' is clicked on

14-01-2025T10:00:00 - [TEST_STEP][PASSED] - typeOfData = "Филиал": null

14-01-2025T10:00:00 - [TEST_STEP][PASSED] - Script1687405718449.Test(todaysDate, typeOfData): null

14-01-2025T10:00:00 - [TEST_STEP][PASSED] - delay(10): Delayed 10 second(s)

14-01-2025T10:00:10 - [MESSAGE][PASSED] - Delayed 10 second(s)

14-01-2025T10:00:10 - [TEST_STEP][PASSED] - if (verifyTextNotPresent("нет данных", false) == true): null

14-01-2025T10:00:11 - [MESSAGE][PASSED] - Text 'нет данных' is not present on page

14-01-2025T10:00:11 - [TEST_STEP][PASSED] - if (verifyTextNotPresent("Ошибка запроса данных", false) == true): null

14-01-2025T10:00:11 - [MESSAGE][PASSED] - Text 'Ошибка запроса данных' is not present on page

14-01-2025T10:00:11 - [TEST_STEP][PASSED] - if (verifyTextNotPresent("Произошла ошибка при выполнении пользовательского кода", false) == true): null

14-01-2025T10:00:12 - [MESSAGE][PASSED] - Text 'Произошла ошибка при выполнении пользовательского кода' is not present on page

14-01-2025T10:00:12 - [TEST_STEP][PASSED] - if (verifyTextNotPresent("У виджета нет данных", false) == true): null

14-01-2025T10:00:12 - [MESSAGE][PASSED] - Text 'У виджета нет данных' is not present on page

14-01-2025T10:00:12 - [TEST_STEP][PASSED] - if (verifyTextNotPresent("У виджета нет данных", false) == true): Text 'У виджета нет данных' is not present on page

14-01-2025T10:00:13 - [MESSAGE][PASSED] - Text 'У виджета нет данных' is not present on page

14-01-2025T10:00:13 - [TEST_STEP][PASSED] - click(findTestObject("Факторный анализ/Переключить отображение с филиала на месяц")): Object: 'Object Repository/Факторный анализ/Переключить отображение с филиала на месяц' is clicked on

14-01-2025T10:00:13 - [MESSAGE][PASSED] - Object: 'Object Repository/Факторный анализ/Переключить отображение с филиала на месяц' is clicked on

14-01-2025T10:00:13 - [TEST_STEP][PASSED] - typeOfData = "Месяц": null

14-01-2025T10:00:13 - [TEST_STEP][PASSED] - Script1687405718449.Test(todaysDate, typeOfData): null

14-01-2025T10:00:13 - [TEST_STEP][PASSED] - delay(10): Delayed 10 second(s)

14-01-2025T10:00:23 - [MESSAGE][PASSED] - Delayed 10 second(s)

14-01-2025T10:00:23 - [TEST_STEP][PASSED] - if (verifyTextNotPresent("нет данных", false) == true): null

14-01-2025T10:00:24 - [MESSAGE][PASSED] - Text 'нет данных' is not present on page

14-01-2025T10:00:24 - [TEST_STEP][PASSED] - if (verifyTextNotPresent("Ошибка запроса данных", false) == true): null

14-01-2025T10:00:24 - [MESSAGE][PASSED] - Text 'Ошибка запроса данных' is not present on page

14-01-2025T10:00:24 - [TEST_STEP][PASSED] - if (verifyTextNotPresent("Произошла ошибка при выполнении пользовательского кода", false) == true): null

14-01-2025T10:00:25 - [MESSAGE][PASSED] - Text 'Произошла ошибка при выполнении пользовательского кода' is not present on page

14-01-2025T10:00:25 - [TEST_STEP][PASSED] - if (verifyTextNotPresent("У виджета нет данных", false) == true): null

14-01-2025T10:00:25 - [MESSAGE][PASSED] - Text 'У виджета нет данных' is not present on page

14-01-2025T10:00:25 - [TEST_STEP][PASSED] - if (verifyTextNotPresent("У виджета нет данных", false) == true): Text 'У виджета нет данных' is not present on page

14-01-2025T10:00:26 - [MESSAGE][PASSED] - Text 'У виджета нет данных' is not present on page

14-01-2025T10:00:26 - [TEST_STEP][PASSED] - click(findTestObject("Факторный анализ/Переключить отображение с месяца на филиал")): Object: 'Object Repository/Факторный анализ/Переключить отображение с месяца на филиал' is clicked on

14-01-2025T10:00:26 - [MESSAGE][PASSED] - Object: 'Object Repository/Факторный анализ/Переключить отображение с месяца на филиал' is clicked on

14-01-2025T10:00:26 - [TEST_STEP][PASSED] - click(findTestObject("Факторный анализ/Фильтр ДЗО")): Object: 'Object Repository/Факторный анализ/Фильтр ДЗО' is clicked on

14-01-2025T10:00:26 - [MESSAGE][PASSED] - Object: 'Object Repository/Факторный анализ/Фильтр ДЗО' is clicked on

14-01-2025T10:00:26 - [TEST_STEP][PASSED] - click(findTestObject("Факторный анализ/Снять выделение в фильтре ДЗО")): Object: 'Object Repository/Факторный анализ/Снять выделение в фильтре ДЗО' is clicked on

14-01-2025T10:00:27 - [MESSAGE][PASSED] - Object: 'Object Repository/Факторный анализ/Снять выделение в фильтре ДЗО' is clicked on

14-01-2025T10:00:27 - [TEST_STEP][PASSED] - click(findTestObject("Общие объекты/Раскрыть список Россети Волга")): Object: 'Object Repository/Общие объекты/Раскрыть список Россети Волга' is clicked on

14-01-2025T10:00:27 - [MESSAGE][PASSED] - Object: 'Object Repository/Общие объекты/Раскрыть список Россети Волга' is clicked on

14-01-2025T10:00:27 - [TEST_STEP][PASSED] - click(findTestObject("Общие объекты/Раскрыть список Россети Волга")): Object: 'Object Repository/Общие объекты/Раскрыть список Россети Волга' is clicked on

14-01-2025T10:00:28 - [MESSAGE][PASSED] - Object: 'Object Repository/Общие объекты/Раскрыть список Россети Волга' is clicked on

14-01-2025T10:00:28 - [TEST_STEP][PASSED] - scrollToElement(findTestObject("Общие объекты/Мордовэнерго"), 30): Scroll to object 'Object Repository/Общие объекты/Мордовэнерго' successfully

14-01-2025T10:00:29 - [MESSAGE][PASSED] - Scroll to object 'Object Repository/Общие объекты/Мордовэнерго' successfully

14-01-2025T10:00:29 - [TEST_STEP][PASSED] - click(findTestObject("Общие объекты/Мордовэнерго")): Object: 'Object Repository/Общие объекты/Мордовэнерго' is clicked on

14-01-2025T10:00:29 - [MESSAGE][PASSED] - Object: 'Object Repository/Общие объекты/Мордовэнерго' is clicked on

14-01-2025T10:00:29 - [TEST_STEP][PASSED] - Script1687405718449.Change(todaysDate, typeOfData): null

14-01-2025T10:00:29 - [TEST_STEP][PASSED] - scrollToElement(findTestObject("Факторный анализ/Заголовок дашборда"), 30): Scroll to object 'Object Repository/Факторный анализ/Заголовок дашборда' successfully

14-01-2025T10:00:30 - [MESSAGE][PASSED] - Scroll to object 'Object Repository/Факторный анализ/Заголовок дашборда' successfully

14-01-2025T10:00:30 - [TEST_STEP][PASSED] - click(findTestObject("Факторный анализ/Применить в фильтре ДЗО")): Object: 'Object Repository/Факторный анализ/Применить в фильтре ДЗО' is clicked on

14-01-2025T10:00:30 - [MESSAGE][PASSED] - Object: 'Object Repository/Факторный анализ/Применить в фильтре ДЗО' is clicked on

14-01-2025T10:00:30 - [TEST_STEP][PASSED] - typeOfData = "Филиал": null

14-01-2025T10:00:30 - [TEST_STEP][PASSED] - Script1687405718449.Test(todaysDate, typeOfData): null

14-01-2025T10:00:30 - [TEST_STEP][PASSED] - delay(10): Delayed 10 second(s)

14-01-2025T10:00:40 - [MESSAGE][PASSED] - Delayed 10 second(s)

14-01-2025T10:00:40 - [TEST_STEP][PASSED] - if (verifyTextNotPresent("нет данных", false) == true): null

14-01-2025T10:00:41 - [MESSAGE][PASSED] - Text 'нет данных' is not present on page

14-01-2025T10:00:41 - [TEST_STEP][PASSED] - if (verifyTextNotPresent("Ошибка запроса данных", false) == true): null

14-01-2025T10:00:41 - [MESSAGE][PASSED] - Text 'Ошибка запроса данных' is not present on page

14-01-2025T10:00:41 - [TEST_STEP][PASSED] - if (verifyTextNotPresent("Произошла ошибка при выполнении пользовательского кода", false) == true): null

14-01-2025T10:00:42 - [MESSAGE][PASSED] - Text 'Произошла ошибка при выполнении пользовательского кода' is not present on page

14-01-2025T10:00:42 - [TEST_STEP][PASSED] - if (verifyTextNotPresent("У виджета нет данных", false) == true): null

14-01-2025T10:00:42 - [MESSAGE][PASSED] - Text 'У виджета нет данных' is not present on page

14-01-2025T10:00:42 - [TEST_STEP][PASSED] - if (verifyTextNotPresent("У виджета нет данных", false) == true): Text 'У виджета нет данных' is not present on page

14-01-2025T10:00:43 - [MESSAGE][PASSED] - Text 'У виджета нет данных' is not present on page

14-01-2025T10:00:43 - [TEST_STEP][PASSED] - click(findTestObject("Факторный анализ/Переключить отображение с филиала на месяц")): Object: 'Object Repository/Факторный анализ/Переключить отображение с филиала на месяц' is clicked on

14-01-2025T10:00:43 - [MESSAGE][PASSED] - Object: 'Object Repository/Факторный анализ/Переключить отображение с филиала на месяц' is clicked on

14-01-2025T10:00:43 - [TEST_STEP][PASSED] - typeOfData = "Месяц": null

14-01-2025T10:00:43 - [TEST_STEP][PASSED] - Script1687405718449.Test(todaysDate, typeOfData): null

14-01-2025T10:00:43 - [TEST_STEP][PASSED] - delay(10): Delayed 10 second(s)

14-01-2025T10:00:53 - [MESSAGE][PASSED] - Delayed 10 second(s)

14-01-2025T10:00:53 - [TEST_STEP][PASSED] - if (verifyTextNotPresent("нет данных", false) == true): null

14-01-2025T10:00:53 - [MESSAGE][PASSED] - Text 'нет данных' is not present on page

14-01-2025T10:00:53 - [TEST_STEP][PASSED] - if (verifyTextNotPresent("Ошибка запроса данных", false) == true): null

14-01-2025T10:00:54 - [MESSAGE][PASSED] - Text 'Ошибка запроса данных' is not present on page

14-01-2025T10:00:54 - [TEST_STEP][PASSED] - if (verifyTextNotPresent("Произошла ошибка при выполнении пользовательского кода", false) == true): null

14-01-2025T10:00:54 - [MESSAGE][PASSED] - Text 'Произошла ошибка при выполнении пользовательского кода' is not present on page

14-01-2025T10:00:54 - [TEST_STEP][PASSED] - if (verifyTextNotPresent("У виджета нет данных", false) == true): null

14-01-2025T10:00:55 - [MESSAGE][PASSED] - Text 'У виджета нет данных' is not present on page

14-01-2025T10:00:55 - [TEST_STEP][PASSED] - if (verifyTextNotPresent("У виджета нет данных", false) == true): Text 'У виджета нет данных' is not present on page

14-01-2025T10:00:55 - [MESSAGE][PASSED] - Text 'У виджета нет данных' is not present on page

14-01-2025T10:00:55 - [TEST_STEP][PASSED] - click(findTestObject("Факторный анализ/Переключить отображение с месяца на филиал")): Object: 'Object Repository/Факторный анализ/Переключить отображение с месяца на филиал' is clicked on

14-01-2025T10:00:56 - [MESSAGE][PASSED] - Object: 'Object Repository/Факторный анализ/Переключить отображение с месяца на филиал' is clicked on

14-01-2025T10:00:56 - [TEST_STEP][PASSED] - click(findTestObject("Факторный анализ/Фильтр ДЗО")): Object: 'Object Repository/Факторный анализ/Фильтр ДЗО' is clicked on

14-01-2025T10:00:56 - [MESSAGE][PASSED] - Object: 'Object Repository/Факторный анализ/Фильтр ДЗО' is clicked on

14-01-2025T10:00:56 - [TEST_STEP][PASSED] - click(findTestObject("Факторный анализ/Снять выделение в фильтре ДЗО")): Object: 'Object Repository/Факторный анализ/Снять выделение в фильтре ДЗО' is clicked on

14-01-2025T10:00:56 - [MESSAGE][PASSED] - Object: 'Object Repository/Факторный анализ/Снять выделение в фильтре ДЗО' is clicked on

14-01-2025T10:00:56 - [TEST_STEP][PASSED] - scrollToElement(findTestObject("Общие объекты/Оренбургэнерго"), 30): Scroll to object 'Object Repository/Общие объекты/Оренбургэнерго' successfully

14-01-2025T10:00:57 - [MESSAGE][PASSED] - Scroll to object 'Object Repository/Общие объекты/Оренбургэнерго' successfully

14-01-2025T10:00:57 - [TEST_STEP][PASSED] - click(findTestObject("Общие объекты/Оренбургэнерго")): Object: 'Object Repository/Общие объекты/Оренбургэнерго' is clicked on

14-01-2025T10:00:57 - [MESSAGE][PASSED] - Object: 'Object Repository/Общие объекты/Оренбургэнерго' is clicked on

14-01-2025T10:00:57 - [TEST_STEP][PASSED] - Script1687405718449.Change(todaysDate, typeOfData): null

14-01-2025T10:00:57 - [TEST_STEP][PASSED] - scrollToElement(findTestObject("Факторный анализ/Заголовок дашборда"), 30): Scroll to object 'Object Repository/Факторный анализ/Заголовок дашборда' successfully

14-01-2025T10:00:58 - [MESSAGE][PASSED] - Scroll to object 'Object Repository/Факторный анализ/Заголовок дашборда' successfully

14-01-2025T10:00:58 - [TEST_STEP][PASSED] - click(findTestObject("Факторный анализ/Применить в фильтре ДЗО")): Object: 'Object Repository/Факторный анализ/Применить в фильтре ДЗО' is clicked on

14-01-2025T10:00:58 - [MESSAGE][PASSED] - Object: 'Object Repository/Факторный анализ/Применить в фильтре ДЗО' is clicked on

14-01-2025T10:00:58 - [TEST_STEP][PASSED] - typeOfData = "Филиал": null

14-01-2025T10:00:58 - [TEST_STEP][PASSED] - Script1687405718449.Test(todaysDate, typeOfData): null

14-01-2025T10:00:58 - [TEST_STEP][PASSED] - delay(10): Delayed 10 second(s)

14-01-2025T10:01:08 - [MESSAGE][PASSED] - Delayed 10 second(s)

14-01-2025T10:01:08 - [TEST_STEP][PASSED] - if (verifyTextNotPresent("нет данных", false) == true): null

14-01-2025T10:01:09 - [MESSAGE][PASSED] - Text 'нет данных' is not present on page

14-01-2025T10:01:09 - [TEST_STEP][PASSED] - if (verifyTextNotPresent("Ошибка запроса данных", false) == true): null

14-01-2025T10:01:09 - [MESSAGE][PASSED] - Text 'Ошибка запроса данных' is not present on page

14-01-2025T10:01:09 - [TEST_STEP][PASSED] - if (verifyTextNotPresent("Произошла ошибка при выполнении пользовательского кода", false) == true): null

14-01-2025T10:01:10 - [MESSAGE][PASSED] - Text 'Произошла ошибка при выполнении пользовательского кода' is not present on page

14-01-2025T10:01:10 - [TEST_STEP][PASSED] - if (verifyTextNotPresent("У виджета нет данных", false) == true): null

14-01-2025T10:01:10 - [MESSAGE][PASSED] - Text 'У виджета нет данных' is not present on page

14-01-2025T10:01:10 - [TEST_STEP][PASSED] - if (verifyTextNotPresent("У виджета нет данных", false) == true): Text 'У виджета нет данных' is not present on page

14-01-2025T10:01:11 - [MESSAGE][PASSED] - Text 'У виджета нет данных' is not present on page

14-01-2025T10:01:11 - [TEST_STEP][PASSED] - click(findTestObject("Факторный анализ/Переключить отображение с филиала на месяц")): Object: 'Object Repository/Факторный анализ/Переключить отображение с филиала на месяц' is clicked on

14-01-2025T10:01:11 - [MESSAGE][PASSED] - Object: 'Object Repository/Факторный анализ/Переключить отображение с филиала на месяц' is clicked on

14-01-2025T10:01:11 - [TEST_STEP][PASSED] - typeOfData = "Месяц": null

14-01-2025T10:01:11 - [TEST_STEP][PASSED] - Script1687405718449.Test(todaysDate, typeOfData): null

14-01-2025T10:01:11 - [TEST_STEP][PASSED] - delay(10): Delayed 10 second(s)

14-01-2025T10:01:21 - [MESSAGE][PASSED] - Delayed 10 second(s)

14-01-2025T10:01:21 - [TEST_STEP][PASSED] - if (verifyTextNotPresent("нет данных", false) == true): null

14-01-2025T10:01:21 - [MESSAGE][PASSED] - Text 'нет данных' is not present on page

14-01-2025T10:01:21 - [TEST_STEP][PASSED] - if (verifyTextNotPresent("Ошибка запроса данных", false) == true): null

14-01-2025T10:01:22 - [MESSAGE][PASSED] - Text 'Ошибка запроса данных' is not present on page

14-01-2025T10:01:22 - [TEST_STEP][PASSED] - if (verifyTextNotPresent("Произошла ошибка при выполнении пользовательского кода", false) == true): null

14-01-2025T10:01:22 - [MESSAGE][PASSED] - Text 'Произошла ошибка при выполнении пользовательского кода' is not present on page

14-01-2025T10:01:22 - [TEST_STEP][PASSED] - if (verifyTextNotPresent("У виджета нет данных", false) == true): null

14-01-2025T10:01:23 - [MESSAGE][PASSED] - Text 'У виджета нет данных' is not present on page

14-01-2025T10:01:23 - [TEST_STEP][PASSED] - if (verifyTextNotPresent("У виджета нет данных", false) == true): Text 'У виджета нет данных' is not present on page

14-01-2025T10:01:23 - [MESSAGE][PASSED] - Text 'У виджета нет данных' is not present on page

14-01-2025T10:01:23 - [TEST_STEP][PASSED] - click(findTestObject("Факторный анализ/Переключить отображение с месяца на филиал")): Object: 'Object Repository/Факторный анализ/Переключить отображение с месяца на филиал' is clicked on

14-01-2025T10:01:24 - [MESSAGE][PASSED] - Object: 'Object Repository/Факторный анализ/Переключить отображение с месяца на филиал' is clicked on

14-01-2025T10:01:24 - [TEST_STEP][PASSED] - click(findTestObject("Факторный анализ/Фильтр ДЗО")): Object: 'Object Repository/Факторный анализ/Фильтр ДЗО' is clicked on

14-01-2025T10:01:24 - [MESSAGE][PASSED] - Object: 'Object Repository/Факторный анализ/Фильтр ДЗО' is clicked on

14-01-2025T10:01:24 - [TEST_STEP][PASSED] - click(findTestObject("Факторный анализ/Снять выделение в фильтре ДЗО")): Object: 'Object Repository/Факторный анализ/Снять выделение в фильтре ДЗО' is clicked on

14-01-2025T10:01:25 - [MESSAGE][PASSED] - Object: 'Object Repository/Факторный анализ/Снять выделение в фильтре ДЗО' is clicked on

14-01-2025T10:01:25 - [TEST_STEP][PASSED] - scrollToElement(findTestObject("Общие объекты/Пензаэнерго"), 30): Scroll to object 'Object Repository/Общие объекты/Пензаэнерго' successfully

14-01-2025T10:01:25 - [MESSAGE][PASSED] - Scroll to object 'Object Repository/Общие объекты/Пензаэнерго' successfully

14-01-2025T10:01:25 - [TEST_STEP][PASSED] - click(findTestObject("Общие объекты/Пензаэнерго")): Object: 'Object Repository/Общие объекты/Пензаэнерго' is clicked on

14-01-2025T10:01:25 - [MESSAGE][PASSED] - Object: 'Object Repository/Общие объекты/Пензаэнерго' is clicked on

14-01-2025T10:01:25 - [TEST_STEP][PASSED] - Script1687405718449.Change(todaysDate, typeOfData): null

14-01-2025T10:01:25 - [TEST_STEP][PASSED] - scrollToElement(findTestObject("Факторный анализ/Заголовок дашборда"), 30): Scroll to object 'Object Repository/Факторный анализ/Заголовок дашборда' successfully

14-01-2025T10:01:26 - [MESSAGE][PASSED] - Scroll to object 'Object Repository/Факторный анализ/Заголовок дашборда' successfully

14-01-2025T10:01:26 - [TEST_STEP][PASSED] - click(findTestObject("Факторный анализ/Применить в фильтре ДЗО")): Object: 'Object Repository/Факторный анализ/Применить в фильтре ДЗО' is clicked on

14-01-2025T10:01:26 - [MESSAGE][PASSED] - Object: 'Object Repository/Факторный анализ/Применить в фильтре ДЗО' is clicked on

14-01-2025T10:01:26 - [TEST_STEP][PASSED] - typeOfData = "Филиал": null

14-01-2025T10:01:26 - [TEST_STEP][PASSED] - Script1687405718449.Test(todaysDate, typeOfData): null

14-01-2025T10:01:26 - [TEST_STEP][PASSED] - delay(10): Delayed 10 second(s)

14-01-2025T10:01:36 - [MESSAGE][PASSED] - Delayed 10 second(s)

14-01-2025T10:01:36 - [TEST_STEP][PASSED] - if (verifyTextNotPresent("нет данных", false) == true): null

14-01-2025T10:01:37 - [MESSAGE][PASSED] - Text 'нет данных' is not present on page

14-01-2025T10:01:37 - [TEST_STEP][PASSED] - if (verifyTextNotPresent("Ошибка запроса данных", false) == true): null

14-01-2025T10:01:37 - [MESSAGE][PASSED] - Text 'Ошибка запроса данных' is not present on page

14-01-2025T10:01:37 - [TEST_STEP][PASSED] - if (verifyTextNotPresent("Произошла ошибка при выполнении пользовательского кода", false) == true): null

14-01-2025T10:01:38 - [MESSAGE][PASSED] - Text 'Произошла ошибка при выполнении пользовательского кода' is not present on page

14-01-2025T10:01:38 - [TEST_STEP][PASSED] - if (verifyTextNotPresent("У виджета нет данных", false) == true): null

14-01-2025T10:01:38 - [MESSAGE][PASSED] - Text 'У виджета нет данных' is not present on page

14-01-2025T10:01:38 - [TEST_STEP][PASSED] - if (verifyTextNotPresent("У виджета нет данных", false) == true): Text 'У виджета нет данных' is not present on page

14-01-2025T10:01:39 - [MESSAGE][PASSED] - Text 'У виджета нет данных' is not present on page

14-01-2025T10:01:39 - [TEST_STEP][PASSED] - click(findTestObject("Факторный анализ/Переключить отображение с филиала на месяц")): Object: 'Object Repository/Факторный анализ/Переключить отображение с филиала на месяц' is clicked on

14-01-2025T10:01:39 - [MESSAGE][PASSED] - Object: 'Object Repository/Факторный анализ/Переключить отображение с филиала на месяц' is clicked on

14-01-2025T10:01:39 - [TEST_STEP][PASSED] - typeOfData = "Месяц": null

14-01-2025T10:01:39 - [TEST_STEP][PASSED] - Script1687405718449.Test(todaysDate, typeOfData): null

14-01-2025T10:01:39 - [TEST_STEP][PASSED] - delay(10): Delayed 10 second(s)

14-01-2025T10:01:49 - [MESSAGE][PASSED] - Delayed 10 second(s)

14-01-2025T10:01:49 - [TEST_STEP][PASSED] - if (verifyTextNotPresent("нет данных", false) == true): null

14-01-2025T10:01:50 - [MESSAGE][PASSED] - Text 'нет данных' is not present on page

14-01-2025T10:01:50 - [TEST_STEP][PASSED] - if (verifyTextNotPresent("Ошибка запроса данных", false) == true): null

14-01-2025T10:01:50 - [MESSAGE][PASSED] - Text 'Ошибка запроса данных' is not present on page

14-01-2025T10:01:50 - [TEST_STEP][PASSED] - if (verifyTextNotPresent("Произошла ошибка при выполнении пользовательского кода", false) == true): null

14-01-2025T10:01:50 - [MESSAGE][PASSED] - Text 'Произошла ошибка при выполнении пользовательского кода' is not present on page

14-01-2025T10:01:50 - [TEST_STEP][PASSED] - if (verifyTextNotPresent("У виджета нет данных", false) == true): null

14-01-2025T10:01:51 - [MESSAGE][PASSED] - Text 'У виджета нет данных' is not present on page

14-01-2025T10:01:51 - [TEST_STEP][PASSED] - if (verifyTextNotPresent("У виджета нет данных", false) == true): Text 'У виджета нет данных' is not present on page

14-01-2025T10:01:51 - [MESSAGE][PASSED] - Text 'У виджета нет данных' is not present on page

14-01-2025T10:01:51 - [TEST_STEP][PASSED] - click(findTestObject("Факторный анализ/Переключить отображение с месяца на филиал")): Object: 'Object Repository/Факторный анализ/Переключить отображение с месяца на филиал' is clicked on

14-01-2025T10:01:52 - [MESSAGE][PASSED] - Object: 'Object Repository/Факторный анализ/Переключить отображение с месяца на филиал' is clicked on

14-01-2025T10:01:52 - [TEST_STEP][PASSED] - click(findTestObject("Факторный анализ/Фильтр ДЗО")): Object: 'Object Repository/Факторный анализ/Фильтр ДЗО' is clicked on

14-01-2025T10:01:52 - [MESSAGE][PASSED] - Object: 'Object Repository/Факторный анализ/Фильтр ДЗО' is clicked on

14-01-2025T10:01:52 - [TEST_STEP][PASSED] - click(findTestObject("Факторный анализ/Снять выделение в фильтре ДЗО")): Object: 'Object Repository/Факторный анализ/Снять выделение в фильтре ДЗО' is clicked on

14-01-2025T10:01:53 - [MESSAGE][PASSED] - Object: 'Object Repository/Факторный анализ/Снять выделение в фильтре ДЗО' is clicked on

14-01-2025T10:01:53 - [TEST_STEP][PASSED] - scrollToElement(findTestObject("Общие объекты/Самарские РС"), 30): Scroll to object 'Object Repository/Общие объекты/Самарские РС' successfully

14-01-2025T10:01:53 - [MESSAGE][PASSED] - Scroll to object 'Object Repository/Общие объекты/Самарские РС' successfully

14-01-2025T10:01:53 - [TEST_STEP][PASSED] - click(findTestObject("Общие объекты/Самарские РС")): Object: 'Object Repository/Общие объекты/Самарские РС' is clicked on

14-01-2025T10:01:53 - [MESSAGE][PASSED] - Object: 'Object Repository/Общие объекты/Самарские РС' is clicked on

14-01-2025T10:01:53 - [TEST_STEP][PASSED] - Script1687405718449.Change(todaysDate, typeOfData): null

14-01-2025T10:01:53 - [TEST_STEP][PASSED] - scrollToElement(findTestObject("Факторный анализ/Заголовок дашборда"), 30): Scroll to object 'Object Repository/Факторный анализ/Заголовок дашборда' successfully

14-01-2025T10:01:54 - [MESSAGE][PASSED] - Scroll to object 'Object Repository/Факторный анализ/Заголовок дашборда' successfully

14-01-2025T10:01:54 - [TEST_STEP][PASSED] - click(findTestObject("Факторный анализ/Применить в фильтре ДЗО")): Object: 'Object Repository/Факторный анализ/Применить в фильтре ДЗО' is clicked on

14-01-2025T10:01:54 - [MESSAGE][PASSED] - Object: 'Object Repository/Факторный анализ/Применить в фильтре ДЗО' is clicked on

14-01-2025T10:01:54 - [TEST_STEP][PASSED] - typeOfData = "Филиал": null

14-01-2025T10:01:54 - [TEST_STEP][PASSED] - Script1687405718449.Test(todaysDate, typeOfData): null

14-01-2025T10:01:54 - [TEST_STEP][PASSED] - delay(10): Delayed 10 second(s)

14-01-2025T10:02:04 - [MESSAGE][PASSED] - Delayed 10 second(s)

14-01-2025T10:02:04 - [TEST_STEP][PASSED] - if (verifyTextNotPresent("нет данных", false) == true): null

14-01-2025T10:02:05 - [MESSAGE][PASSED] - Text 'нет данных' is not present on page

14-01-2025T10:02:05 - [TEST_STEP][PASSED] - if (verifyTextNotPresent("Ошибка запроса данных", false) == true): null

14-01-2025T10:02:05 - [MESSAGE][PASSED] - Text 'Ошибка запроса данных' is not present on page

14-01-2025T10:02:05 - [TEST_STEP][PASSED] - if (verifyTextNotPresent("Произошла ошибка при выполнении пользовательского кода", false) == true): null

14-01-2025T10:02:06 - [MESSAGE][PASSED] - Text 'Произошла ошибка при выполнении пользовательского кода' is not present on page

14-01-2025T10:02:06 - [TEST_STEP][PASSED] - if (verifyTextNotPresent("У виджета нет данных", false) == true): null

14-01-2025T10:02:06 - [MESSAGE][PASSED] - Text 'У виджета нет данных' is not present on page

14-01-2025T10:02:06 - [TEST_STEP][PASSED] - if (verifyTextNotPresent("У виджета нет данных", false) == true): Text 'У виджета нет данных' is not present on page

14-01-2025T10:02:07 - [MESSAGE][PASSED] - Text 'У виджета нет данных' is not present on page

14-01-2025T10:02:07 - [TEST_STEP][PASSED] - click(findTestObject("Факторный анализ/Переключить отображение с филиала на месяц")): Object: 'Object Repository/Факторный анализ/Переключить отображение с филиала на месяц' is clicked on

14-01-2025T10:02:07 - [MESSAGE][PASSED] - Object: 'Object Repository/Факторный анализ/Переключить отображение с филиала на месяц' is clicked on

14-01-2025T10:02:07 - [TEST_STEP][PASSED] - typeOfData = "Месяц": null

14-01-2025T10:02:07 - [TEST_STEP][PASSED] - Script1687405718449.Test(todaysDate, typeOfData): null

14-01-2025T10:02:07 - [TEST_STEP][PASSED] - delay(10): Delayed 10 second(s)

14-01-2025T10:02:17 - [MESSAGE][PASSED] - Delayed 10 second(s)

14-01-2025T10:02:17 - [TEST_STEP][PASSED] - if (verifyTextNotPresent("нет данных", false) == true): null

14-01-2025T10:02:18 - [MESSAGE][PASSED] - Text 'нет данных' is not present on page

14-01-2025T10:02:18 - [TEST_STEP][PASSED] - if (verifyTextNotPresent("Ошибка запроса данных", false) == true): null

14-01-2025T10:02:18 - [MESSAGE][PASSED] - Text 'Ошибка запроса данных' is not present on page

14-01-2025T10:02:18 - [TEST_STEP][PASSED] - if (verifyTextNotPresent("Произошла ошибка при выполнении пользовательского кода", false) == true): null

14-01-2025T10:02:19 - [MESSAGE][PASSED] - Text 'Произошла ошибка при выполнении пользовательского кода' is not present on page

14-01-2025T10:02:19 - [TEST_STEP][PASSED] - if (verifyTextNotPresent("У виджета нет данных", false) == true): null

14-01-2025T10:02:19 - [MESSAGE][PASSED] - Text 'У виджета нет данных' is not present on page

14-01-2025T10:02:19 - [TEST_STEP][PASSED] - if (verifyTextNotPresent("У виджета нет данных", false) == true): Text 'У виджета нет данных' is not present on page

14-01-2025T10:02:19 - [MESSAGE][PASSED] - Text 'У виджета нет данных' is not present on page

14-01-2025T10:02:19 - [TEST_STEP][PASSED] - click(findTestObject("Факторный анализ/Переключить отображение с месяца на филиал")): Object: 'Object Repository/Факторный анализ/Переключить отображение с месяца на филиал' is clicked on

14-01-2025T10:02:20 - [MESSAGE][PASSED] - Object: 'Object Repository/Факторный анализ/Переключить отображение с месяца на филиал' is clicked on

14-01-2025T10:02:20 - [TEST_STEP][PASSED] - click(findTestObject("Факторный анализ/Фильтр ДЗО")): Object: 'Object Repository/Факторный анализ/Фильтр ДЗО' is clicked on

14-01-2025T10:02:20 - [MESSAGE][PASSED] - Object: 'Object Repository/Факторный анализ/Фильтр ДЗО' is clicked on

14-01-2025T10:02:20 - [TEST_STEP][PASSED] - click(findTestObject("Факторный анализ/Снять выделение в фильтре ДЗО")): Object: 'Object Repository/Факторный анализ/Снять выделение в фильтре ДЗО' is clicked on

14-01-2025T10:02:21 - [MESSAGE][PASSED] - Object: 'Object Repository/Факторный анализ/Снять выделение в фильтре ДЗО' is clicked on

14-01-2025T10:02:21 - [TEST_STEP][PASSED] - scrollToElement(findTestObject("Общие объекты/Саратовские РС"), 30): Scroll to object 'Object Repository/Общие объекты/Саратовские РС' successfully

14-01-2025T10:02:21 - [MESSAGE][PASSED] - Scroll to object 'Object Repository/Общие объекты/Саратовские РС' successfully

14-01-2025T10:02:21 - [TEST_STEP][PASSED] - click(findTestObject("Общие объекты/Саратовские РС")): Object: 'Object Repository/Общие объекты/Саратовские РС' is clicked on

14-01-2025T10:02:21 - [MESSAGE][PASSED] - Object: 'Object Repository/Общие объекты/Саратовские РС' is clicked on

14-01-2025T10:02:21 - [TEST_STEP][PASSED] - Script1687405718449.Change(todaysDate, typeOfData): null

14-01-2025T10:02:21 - [TEST_STEP][PASSED] - scrollToElement(findTestObject("Факторный анализ/Заголовок дашборда"), 30): Scroll to object 'Object Repository/Факторный анализ/Заголовок дашборда' successfully

14-01-2025T10:02:22 - [MESSAGE][PASSED] - Scroll to object 'Object Repository/Факторный анализ/Заголовок дашборда' successfully

14-01-2025T10:02:22 - [TEST_STEP][PASSED] - click(findTestObject("Факторный анализ/Применить в фильтре ДЗО")): Object: 'Object Repository/Факторный анализ/Применить в фильтре ДЗО' is clicked on

14-01-2025T10:02:22 - [MESSAGE][PASSED] - Object: 'Object Repository/Факторный анализ/Применить в фильтре ДЗО' is clicked on

14-01-2025T10:02:22 - [TEST_STEP][PASSED] - typeOfData = "Филиал": null

14-01-2025T10:02:22 - [TEST_STEP][PASSED] - Script1687405718449.Test(todaysDate, typeOfData): null

14-01-2025T10:02:22 - [TEST_STEP][PASSED] - delay(10): Delayed 10 second(s)

14-01-2025T10:02:32 - [MESSAGE][PASSED] - Delayed 10 second(s)

14-01-2025T10:02:32 - [TEST_STEP][PASSED] - if (verifyTextNotPresent("нет данных", false) == true): null

14-01-2025T10:02:33 - [MESSAGE][PASSED] - Text 'нет данных' is not present on page

14-01-2025T10:02:33 - [TEST_STEP][PASSED] - if (verifyTextNotPresent("Ошибка запроса данных", false) == true): null

14-01-2025T10:02:33 - [MESSAGE][PASSED] - Text 'Ошибка запроса данных' is not present on page

14-01-2025T10:02:33 - [TEST_STEP][PASSED] - if (verifyTextNotPresent("Произошла ошибка при выполнении пользовательского кода", false) == true): null

14-01-2025T10:02:34 - [MESSAGE][PASSED] - Text 'Произошла ошибка при выполнении пользовательского кода' is not present on page

14-01-2025T10:02:34 - [TEST_STEP][PASSED] - if (verifyTextNotPresent("У виджета нет данных", false) == true): null

14-01-2025T10:02:34 - [MESSAGE][PASSED] - Text 'У виджета нет данных' is not present on page

14-01-2025T10:02:34 - [TEST_STEP][PASSED] - if (verifyTextNotPresent("У виджета нет данных", false) == true): Text 'У виджета нет данных' is not present on page

14-01-2025T10:02:35 - [MESSAGE][PASSED] - Text 'У виджета нет данных' is not present on page

14-01-2025T10:02:35 - [TEST_STEP][PASSED] - click(findTestObject("Факторный анализ/Переключить отображение с филиала на месяц")): Object: 'Object Repository/Факторный анализ/Переключить отображение с филиала на месяц' is clicked on

14-01-2025T10:02:35 - [MESSAGE][PASSED] - Object: 'Object Repository/Факторный анализ/Переключить отображение с филиала на месяц' is clicked on

14-01-2025T10:02:35 - [TEST_STEP][PASSED] - typeOfData = "Месяц": null

14-01-2025T10:02:35 - [TEST_STEP][PASSED] - Script1687405718449.Test(todaysDate, typeOfData): null

14-01-2025T10:02:35 - [TEST_STEP][PASSED] - delay(10): Delayed 10 second(s)

14-01-2025T10:02:45 - [MESSAGE][PASSED] - Delayed 10 second(s)

14-01-2025T10:02:45 - [TEST_STEP][PASSED] - if (verifyTextNotPresent("нет данных", false) == true): null

14-01-2025T10:02:46 - [MESSAGE][PASSED] - Text 'нет данных' is not present on page

14-01-2025T10:02:46 - [TEST_STEP][PASSED] - if (verifyTextNotPresent("Ошибка запроса данных", false) == true): null

14-01-2025T10:02:46 - [MESSAGE][PASSED] - Text 'Ошибка запроса данных' is not present on page

14-01-2025T10:02:46 - [TEST_STEP][PASSED] - if (verifyTextNotPresent("Произошла ошибка при выполнении пользовательского кода", false) == true): null

14-01-2025T10:02:47 - [MESSAGE][PASSED] - Text 'Произошла ошибка при выполнении пользовательского кода' is not present on page

14-01-2025T10:02:47 - [TEST_STEP][PASSED] - if (verifyTextNotPresent("У виджета нет данных", false) == true): null

14-01-2025T10:02:47 - [MESSAGE][PASSED] - Text 'У виджета нет данных' is not present on page

14-01-2025T10:02:47 - [TEST_STEP][PASSED] - if (verifyTextNotPresent("У виджета нет данных", false) == true): Text 'У виджета нет данных' is not present on page

14-01-2025T10:02:48 - [MESSAGE][PASSED] - Text 'У виджета нет данных' is not present on page

14-01-2025T10:02:48 - [TEST_STEP][PASSED] - click(findTestObject("Факторный анализ/Переключить отображение с месяца на филиал")): Object: 'Object Repository/Факторный анализ/Переключить отображение с месяца на филиал' is clicked on

14-01-2025T10:02:48 - [MESSAGE][PASSED] - Object: 'Object Repository/Факторный анализ/Переключить отображение с месяца на филиал' is clicked on

14-01-2025T10:02:48 - [TEST_STEP][PASSED] - click(findTestObject("Факторный анализ/Фильтр ДЗО")): Object: 'Object Repository/Факторный анализ/Фильтр ДЗО' is clicked on

14-01-2025T10:02:48 - [MESSAGE][PASSED] - Object: 'Object Repository/Факторный анализ/Фильтр ДЗО' is clicked on

14-01-2025T10:02:48 - [TEST_STEP][PASSED] - click(findTestObject("Факторный анализ/Снять выделение в фильтре ДЗО")): Object: 'Object Repository/Факторный анализ/Снять выделение в фильтре ДЗО' is clicked on

14-01-2025T10:02:49 - [MESSAGE][PASSED] - Object: 'Object Repository/Факторный анализ/Снять выделение в фильтре ДЗО' is clicked on

14-01-2025T10:02:49 - [TEST_STEP][PASSED] - scrollToElement(findTestObject("Общие объекты/Ульяновские РС"), 30): Scroll to object 'Object Repository/Общие объекты/Ульяновские РС' successfully

14-01-2025T10:02:49 - [MESSAGE][PASSED] - Scroll to object 'Object Repository/Общие объекты/Ульяновские РС' successfully

14-01-2025T10:02:49 - [TEST_STEP][PASSED] - click(findTestObject("Общие объекты/Ульяновские РС")): Object: 'Object Repository/Общие объекты/Ульяновские РС' is clicked on

14-01-2025T10:02:49 - [MESSAGE][PASSED] - Object: 'Object Repository/Общие объекты/Ульяновские РС' is clicked on

14-01-2025T10:02:49 - [TEST_STEP][PASSED] - Script1687405718449.Change(todaysDate, typeOfData): null

14-01-2025T10:02:49 - [TEST_STEP][PASSED] - scrollToElement(findTestObject("Факторный анализ/Заголовок дашборда"), 30): Scroll to object 'Object Repository/Факторный анализ/Заголовок дашборда' successfully

14-01-2025T10:02:50 - [MESSAGE][PASSED] - Scroll to object 'Object Repository/Факторный анализ/Заголовок дашборда' successfully

14-01-2025T10:02:50 - [TEST_STEP][PASSED] - click(findTestObject("Факторный анализ/Применить в фильтре ДЗО")): Object: 'Object Repository/Факторный анализ/Применить в фильтре ДЗО' is clicked on

14-01-2025T10:02:50 - [MESSAGE][PASSED] - Object: 'Object Repository/Факторный анализ/Применить в фильтре ДЗО' is clicked on

14-01-2025T10:02:50 - [TEST_STEP][PASSED] - typeOfData = "Филиал": null

14-01-2025T10:02:50 - [TEST_STEP][PASSED] - Script1687405718449.Test(todaysDate, typeOfData): null

14-01-2025T10:02:50 - [TEST_STEP][PASSED] - delay(10): Delayed 10 second(s)

14-01-2025T10:03:00 - [MESSAGE][PASSED] - Delayed 10 second(s)

14-01-2025T10:03:00 - [TEST_STEP][PASSED] - if (verifyTextNotPresent("нет данных", false) == true): null

14-01-2025T10:03:01 - [MESSAGE][PASSED] - Text 'нет данных' is not present on page

14-01-2025T10:03:01 - [TEST_STEP][PASSED] - if (verifyTextNotPresent("Ошибка запроса данных", false) == true): null

14-01-2025T10:03:01 - [MESSAGE][PASSED] - Text 'Ошибка запроса данных' is not present on page

14-01-2025T10:03:01 - [TEST_STEP][PASSED] - if (verifyTextNotPresent("Произошла ошибка при выполнении пользовательского кода", false) == true): null

14-01-2025T10:03:02 - [MESSAGE][PASSED] - Text 'Произошла ошибка при выполнении пользовательского кода' is not present on page

14-01-2025T10:03:02 - [TEST_STEP][PASSED] - if (verifyTextNotPresent("У виджета нет данных", false) == true): null

14-01-2025T10:03:02 - [MESSAGE][PASSED] - Text 'У виджета нет данных' is not present on page

14-01-2025T10:03:02 - [TEST_STEP][PASSED] - if (verifyTextNotPresent("У виджета нет данных", false) == true): Text 'У виджета нет данных' is not present on page

14-01-2025T10:03:03 - [MESSAGE][PASSED] - Text 'У виджета нет данных' is not present on page

14-01-2025T10:03:03 - [TEST_STEP][PASSED] - click(findTestObject("Факторный анализ/Переключить отображение с филиала на месяц")): Object: 'Object Repository/Факторный анализ/Переключить отображение с филиала на месяц' is clicked on

14-01-2025T10:03:03 - [MESSAGE][PASSED] - Object: 'Object Repository/Факторный анализ/Переключить отображение с филиала на месяц' is clicked on

14-01-2025T10:03:03 - [TEST_STEP][PASSED] - typeOfData = "Месяц": null

14-01-2025T10:03:03 - [TEST_STEP][PASSED] - Script1687405718449.Test(todaysDate, typeOfData): null

14-01-2025T10:03:03 - [TEST_STEP][PASSED] - delay(10): Delayed 10 second(s)

14-01-2025T10:03:13 - [MESSAGE][PASSED] - Delayed 10 second(s)

14-01-2025T10:03:13 - [TEST_STEP][PASSED] - if (verifyTextNotPresent("нет данных", false) == true): null

14-01-2025T10:03:14 - [MESSAGE][PASSED] - Text 'нет данных' is not present on page

14-01-2025T10:03:14 - [TEST_STEP][PASSED] - if (verifyTextNotPresent("Ошибка запроса данных", false) == true): null

14-01-2025T10:03:14 - [MESSAGE][PASSED] - Text 'Ошибка запроса данных' is not present on page

14-01-2025T10:03:14 - [TEST_STEP][PASSED] - if (verifyTextNotPresent("Произошла ошибка при выполнении пользовательского кода", false) == true): null

14-01-2025T10:03:15 - [MESSAGE][PASSED] - Text 'Произошла ошибка при выполнении пользовательского кода' is not present on page

14-01-2025T10:03:15 - [TEST_STEP][PASSED] - if (verifyTextNotPresent("У виджета нет данных", false) == true): null

14-01-2025T10:03:15 - [MESSAGE][PASSED] - Text 'У виджета нет данных' is not present on page

14-01-2025T10:03:15 - [TEST_STEP][PASSED] - if (verifyTextNotPresent("У виджета нет данных", false) == true): Text 'У виджета нет данных' is not present on page

14-01-2025T10:03:16 - [MESSAGE][PASSED] - Text 'У виджета нет данных' is not present on page

14-01-2025T10:03:16 - [TEST_STEP][PASSED] - click(findTestObject("Факторный анализ/Переключить отображение с месяца на филиал")): Object: 'Object Repository/Факторный анализ/Переключить отображение с месяца на филиал' is clicked on

14-01-2025T10:03:16 - [MESSAGE][PASSED] - Object: 'Object Repository/Факторный анализ/Переключить отображение с месяца на филиал' is clicked on

14-01-2025T10:03:16 - [TEST_STEP][PASSED] - click(findTestObject("Факторный анализ/Фильтр ДЗО")): Object: 'Object Repository/Факторный анализ/Фильтр ДЗО' is clicked on

14-01-2025T10:03:16 - [MESSAGE][PASSED] - Object: 'Object Repository/Факторный анализ/Фильтр ДЗО' is clicked on

14-01-2025T10:03:16 - [TEST_STEP][PASSED] - click(findTestObject("Факторный анализ/Снять выделение в фильтре ДЗО")): Object: 'Object Repository/Факторный анализ/Снять выделение в фильтре ДЗО' is clicked on

14-01-2025T10:03:17 - [MESSAGE][PASSED] - Object: 'Object Repository/Факторный анализ/Снять выделение в фильтре ДЗО' is clicked on

14-01-2025T10:03:17 - [TEST_STEP][PASSED] - scrollToElement(findTestObject("Общие объекты/Чувашэнерго"), 30): Scroll to object 'Object Repository/Общие объекты/Чувашэнерго' successfully

14-01-2025T10:03:17 - [MESSAGE][PASSED] - Scroll to object 'Object Repository/Общие объекты/Чувашэнерго' successfully

14-01-2025T10:03:17 - [TEST_STEP][PASSED] - click(findTestObject("Общие объекты/Чувашэнерго")): Object: 'Object Repository/Общие объекты/Чувашэнерго' is clicked on

14-01-2025T10:03:17 - [MESSAGE][PASSED] - Object: 'Object Repository/Общие объекты/Чувашэнерго' is clicked on

14-01-2025T10:03:17 - [TEST_STEP][PASSED] - Script1687405718449.Change(todaysDate, typeOfData): null

14-01-2025T10:03:17 - [TEST_STEP][PASSED] - scrollToElement(findTestObject("Факторный анализ/Заголовок дашборда"), 30): Scroll to object 'Object Repository/Факторный анализ/Заголовок дашборда' successfully

14-01-2025T10:03:18 - [MESSAGE][PASSED] - Scroll to object 'Object Repository/Факторный анализ/Заголовок дашборда' successfully

14-01-2025T10:03:18 - [TEST_STEP][PASSED] - click(findTestObject("Факторный анализ/Применить в фильтре ДЗО")): Object: 'Object Repository/Факторный анализ/Применить в фильтре ДЗО' is clicked on

14-01-2025T10:03:19 - [MESSAGE][PASSED] - Object: 'Object Repository/Факторный анализ/Применить в фильтре ДЗО' is clicked on

14-01-2025T10:03:19 - [TEST_STEP][PASSED] - typeOfData = "Филиал": null

14-01-2025T10:03:19 - [TEST_STEP][PASSED] - Script1687405718449.Test(todaysDate, typeOfData): null

14-01-2025T10:03:19 - [TEST_STEP][PASSED] - delay(10): Delayed 10 second(s)

14-01-2025T10:03:29 - [MESSAGE][PASSED] - Delayed 10 second(s)

14-01-2025T10:03:29 - [TEST_STEP][PASSED] - if (verifyTextNotPresent("нет данных", false) == true): null

14-01-2025T10:03:29 - [MESSAGE][PASSED] - Text 'нет данных' is not present on page

14-01-2025T10:03:29 - [TEST_STEP][PASSED] - if (verifyTextNotPresent("Ошибка запроса данных", false) == true): null

14-01-2025T10:03:30 - [MESSAGE][PASSED] - Text 'Ошибка запроса данных' is not present on page

14-01-2025T10:03:30 - [TEST_STEP][PASSED] - if (verifyTextNotPresent("Произошла ошибка при выполнении пользовательского кода", false) == true): null

14-01-2025T10:03:30 - [MESSAGE][PASSED] - Text 'Произошла ошибка при выполнении пользовательского кода' is not present on page

14-01-2025T10:03:30 - [TEST_STEP][PASSED] - if (verifyTextNotPresent("У виджета нет данных", false) == true): null

14-01-2025T10:03:30 - [MESSAGE][PASSED] - Text 'У виджета нет данных' is not present on page

14-01-2025T10:03:30 - [TEST_STEP][PASSED] - if (verifyTextNotPresent("У виджета нет данных", false) == true): Text 'У виджета нет данных' is not present on page

14-01-2025T10:03:31 - [MESSAGE][PASSED] - Text 'У виджета нет данных' is not present on page

14-01-2025T10:03:31 - [TEST_STEP][PASSED] - click(findTestObject("Факторный анализ/Переключить отображение с филиала на месяц")): Object: 'Object Repository/Факторный анализ/Переключить отображение с филиала на месяц' is clicked on

14-01-2025T10:03:31 - [MESSAGE][PASSED] - Object: 'Object Repository/Факторный анализ/Переключить отображение с филиала на месяц' is clicked on

14-01-2025T10:03:31 - [TEST_STEP][PASSED] - typeOfData = "Месяц": null

14-01-2025T10:03:31 - [TEST_STEP][PASSED] - Script1687405718449.Test(todaysDate, typeOfData): null

14-01-2025T10:03:31 - [TEST_STEP][PASSED] - delay(10): Delayed 10 second(s)

14-01-2025T10:03:41 - [MESSAGE][PASSED] - Delayed 10 second(s)

14-01-2025T10:03:41 - [TEST_STEP][PASSED] - if (verifyTextNotPresent("нет данных", false) == true): null

14-01-2025T10:03:42 - [MESSAGE][PASSED] - Text 'нет данных' is not present on page

14-01-2025T10:03:42 - [TEST_STEP][PASSED] - if (verifyTextNotPresent("Ошибка запроса данных", false) == true): null

14-01-2025T10:03:42 - [MESSAGE][PASSED] - Text 'Ошибка запроса данных' is not present on page

14-01-2025T10:03:42 - [TEST_STEP][PASSED] - if (verifyTextNotPresent("Произошла ошибка при выполнении пользовательского кода", false) == true): null

14-01-2025T10:03:43 - [MESSAGE][PASSED] - Text 'Произошла ошибка при выполнении пользовательского кода' is not present on page

14-01-2025T10:03:43 - [TEST_STEP][PASSED] - if (verifyTextNotPresent("У виджета нет данных", false) == true): null

14-01-2025T10:03:43 - [MESSAGE][PASSED] - Text 'У виджета нет данных' is not present on page

14-01-2025T10:03:43 - [TEST_STEP][PASSED] - if (verifyTextNotPresent("У виджета нет данных", false) == true): Text 'У виджета нет данных' is not present on page

14-01-2025T10:03:44 - [MESSAGE][PASSED] - Text 'У виджета нет данных' is not present on page

14-01-2025T10:03:44 - [TEST_STEP][PASSED] - click(findTestObject("Факторный анализ/Переключить отображение с месяца на филиал")): Object: 'Object Repository/Факторный анализ/Переключить отображение с месяца на филиал' is clicked on

14-01-2025T10:03:44 - [MESSAGE][PASSED] - Object: 'Object Repository/Факторный анализ/Переключить отображение с месяца на филиал' is clicked on

14-01-2025T10:03:44 - [TEST_STEP][PASSED] - click(findTestObject("Факторный анализ/Фильтр ДЗО")): Object: 'Object Repository/Факторный анализ/Фильтр ДЗО' is clicked on

14-01-2025T10:03:44 - [MESSAGE][PASSED] - Object: 'Object Repository/Факторный анализ/Фильтр ДЗО' is clicked on

14-01-2025T10:03:44 - [TEST_STEP][PASSED] - click(findTestObject("Факторный анализ/Снять выделение в фильтре ДЗО")): Object: 'Object Repository/Факторный анализ/Снять выделение в фильтре ДЗО' is clicked on

14-01-2025T10:03:45 - [MESSAGE][PASSED] - Object: 'Object Repository/Факторный анализ/Снять выделение в фильтре ДЗО' is clicked on

14-01-2025T10:03:45 - [TEST_STEP][PASSED] - scrollToElement(findTestObject("Общие объекты/Раскрыть список Россети Кубань"), 30): Scroll to object 'Object Repository/Общие объекты/Раскрыть список Россети Кубань' successfully

14-01-2025T10:03:45 - [MESSAGE][PASSED] - Scroll to object 'Object Repository/Общие объекты/Раскрыть список Россети Кубань' successfully

14-01-2025T10:03:45 - [TEST_STEP][PASSED] - click(findTestObject("Факторный анализ/Россети Кубань")): Object: 'Object Repository/Факторный анализ/Россети Кубань' is clicked on

14-01-2025T10:03:46 - [MESSAGE][PASSED] - Object: 'Object Repository/Факторный анализ/Россети Кубань' is clicked on

14-01-2025T10:03:46 - [TEST_STEP][PASSED] - Script1687405718449.Change(todaysDate, typeOfData): null

14-01-2025T10:03:46 - [TEST_STEP][PASSED] - scrollToElement(findTestObject("Факторный анализ/Заголовок дашборда"), 30): Scroll to object 'Object Repository/Факторный анализ/Заголовок дашборда' successfully

14-01-2025T10:03:46 - [MESSAGE][PASSED] - Scroll to object 'Object Repository/Факторный анализ/Заголовок дашборда' successfully

14-01-2025T10:03:46 - [TEST_STEP][PASSED] - click(findTestObject("Факторный анализ/Применить в фильтре ДЗО")): Object: 'Object Repository/Факторный анализ/Применить в фильтре ДЗО' is clicked on

14-01-2025T10:03:47 - [MESSAGE][PASSED] - Object: 'Object Repository/Факторный анализ/Применить в фильтре ДЗО' is clicked on

14-01-2025T10:03:47 - [TEST_STEP][PASSED] - typeOfData = "Филиал": null

14-01-2025T10:03:47 - [TEST_STEP][PASSED] - Script1687405718449.Test(todaysDate, typeOfData): null

14-01-2025T10:03:47 - [TEST_STEP][PASSED] - delay(10): Delayed 10 second(s)

14-01-2025T10:03:57 - [MESSAGE][PASSED] - Delayed 10 second(s)

14-01-2025T10:03:57 - [TEST_STEP][PASSED] - if (verifyTextNotPresent("нет данных", false) == true): null

14-01-2025T10:03:57 - [MESSAGE][PASSED] - Text 'нет данных' is not present on page

14-01-2025T10:03:57 - [TEST_STEP][PASSED] - if (verifyTextNotPresent("Ошибка запроса данных", false) == true): null

14-01-2025T10:03:58 - [MESSAGE][PASSED] - Text 'Ошибка запроса данных' is not present on page

14-01-2025T10:03:58 - [TEST_STEP][PASSED] - if (verifyTextNotPresent("Произошла ошибка при выполнении пользовательского кода", false) == true): null

14-01-2025T10:03:58 - [MESSAGE][PASSED] - Text 'Произошла ошибка при выполнении пользовательского кода' is not present on page

14-01-2025T10:03:58 - [TEST_STEP][PASSED] - if (verifyTextNotPresent("У виджета нет данных", false) == true): null

14-01-2025T10:03:59 - [MESSAGE][PASSED] - Text 'У виджета нет данных' is not present on page

14-01-2025T10:03:59 - [TEST_STEP][PASSED] - if (verifyTextNotPresent("У виджета нет данных", false) == true): Text 'У виджета нет данных' is not present on page

14-01-2025T10:03:59 - [MESSAGE][PASSED] - Text 'У виджета нет данных' is not present on page

14-01-2025T10:03:59 - [TEST_STEP][PASSED] - click(findTestObject("Факторный анализ/Переключить отображение с филиала на месяц")): Object: 'Object Repository/Факторный анализ/Переключить отображение с филиала на месяц' is clicked on

14-01-2025T10:03:59 - [MESSAGE][PASSED] - Object: 'Object Repository/Факторный анализ/Переключить отображение с филиала на месяц' is clicked on

14-01-2025T10:03:59 - [TEST_STEP][PASSED] - typeOfData = "Месяц": null

14-01-2025T10:03:59 - [TEST_STEP][PASSED] - Script1687405718449.Test(todaysDate, typeOfData): null

14-01-2025T10:03:59 - [TEST_STEP][PASSED] - delay(10): Delayed 10 second(s)

14-01-2025T10:04:09 - [MESSAGE][PASSED] - Delayed 10 second(s)

14-01-2025T10:04:09 - [TEST_STEP][PASSED] - if (verifyTextNotPresent("нет данных", false) == true): null

14-01-2025T10:04:10 - [MESSAGE][PASSED] - Text 'нет данных' is not present on page

14-01-2025T10:04:10 - [TEST_STEP][PASSED] - if (verifyTextNotPresent("Ошибка запроса данных", false) == true): null

14-01-2025T10:04:10 - [MESSAGE][PASSED] - Text 'Ошибка запроса данных' is not present on page

14-01-2025T10:04:10 - [TEST_STEP][PASSED] - if (verifyTextNotPresent("Произошла ошибка при выполнении пользовательского кода", false) == true): null

14-01-2025T10:04:11 - [MESSAGE][PASSED] - Text 'Произошла ошибка при выполнении пользовательского кода' is not present on page

14-01-2025T10:04:11 - [TEST_STEP][PASSED] - if (verifyTextNotPresent("У виджета нет данных", false) == true): null

14-01-2025T10:04:11 - [MESSAGE][PASSED] - Text 'У виджета нет данных' is not present on page

14-01-2025T10:04:11 - [TEST_STEP][PASSED] - if (verifyTextNotPresent("У виджета нет данных", false) == true): Text 'У виджета нет данных' is not present on page

14-01-2025T10:04:12 - [MESSAGE][PASSED] - Text 'У виджета нет данных' is not present on page

14-01-2025T10:04:12 - [TEST_STEP][PASSED] - click(findTestObject("Факторный анализ/Переключить отображение с месяца на филиал")): Object: 'Object Repository/Факторный анализ/Переключить отображение с месяца на филиал' is clicked on

14-01-2025T10:04:12 - [MESSAGE][PASSED] - Object: 'Object Repository/Факторный анализ/Переключить отображение с месяца на филиал' is clicked on

14-01-2025T10:04:12 - [TEST_STEP][PASSED] - click(findTestObject("Факторный анализ/Фильтр ДЗО")): Object: 'Object Repository/Факторный анализ/Фильтр ДЗО' is clicked on

14-01-2025T10:04:12 - [MESSAGE][PASSED] - Object: 'Object Repository/Факторный анализ/Фильтр ДЗО' is clicked on

14-01-2025T10:04:12 - [TEST_STEP][PASSED] - click(findTestObject("Факторный анализ/Снять выделение в фильтре ДЗО")): Object: 'Object Repository/Факторный анализ/Снять выделение в фильтре ДЗО' is clicked on

14-01-2025T10:04:13 - [MESSAGE][PASSED] - Object: 'Object Repository/Факторный анализ/Снять выделение в фильтре ДЗО' is clicked on

14-01-2025T10:04:13 - [TEST_STEP][PASSED] - scrollToElement(findTestObject("Общие объекты/Раскрыть список Россети Кубань"), 30): Scroll to object 'Object Repository/Общие объекты/Раскрыть список Россети Кубань' successfully

14-01-2025T10:04:13 - [MESSAGE][PASSED] - Scroll to object 'Object Repository/Общие объекты/Раскрыть список Россети Кубань' successfully

14-01-2025T10:04:13 - [TEST_STEP][PASSED] - click(findTestObject("Общие объекты/Раскрыть список Россети Кубань")): Object: 'Object Repository/Общие объекты/Раскрыть список Россети Кубань' is clicked on

14-01-2025T10:04:14 - [MESSAGE][PASSED] - Object: 'Object Repository/Общие объекты/Раскрыть список Россети Кубань' is clicked on

14-01-2025T10:04:14 - [TEST_STEP][PASSED] - click(findTestObject("Общие объекты/Раскрыть список Россети Кубань")): Object: 'Object Repository/Общие объекты/Раскрыть список Россети Кубань' is clicked on

14-01-2025T10:04:14 - [MESSAGE][PASSED] - Object: 'Object Repository/Общие объекты/Раскрыть список Россети Кубань' is clicked on

14-01-2025T10:04:14 - [TEST_STEP][PASSED] - scrollToElement(findTestObject("Общие объекты/Кубаньэнерго"), 30): Scroll to object 'Object Repository/Общие объекты/Кубаньэнерго' successfully

14-01-2025T10:04:15 - [MESSAGE][PASSED] - Scroll to object 'Object Repository/Общие объекты/Кубаньэнерго' successfully

14-01-2025T10:04:15 - [TEST_STEP][PASSED] - click(findTestObject("Общие объекты/Кубаньэнерго")): Object: 'Object Repository/Общие объекты/Кубаньэнерго' is clicked on

14-01-2025T10:04:15 - [MESSAGE][PASSED] - Object: 'Object Repository/Общие объекты/Кубаньэнерго' is clicked on

14-01-2025T10:04:15 - [TEST_STEP][PASSED] - Script1687405718449.Change(todaysDate, typeOfData): null

14-01-2025T10:04:15 - [TEST_STEP][PASSED] - scrollToElement(findTestObject("Факторный анализ/Заголовок дашборда"), 30): Scroll to object 'Object Repository/Факторный анализ/Заголовок дашборда' successfully

14-01-2025T10:04:16 - [MESSAGE][PASSED] - Scroll to object 'Object Repository/Факторный анализ/Заголовок дашборда' successfully

14-01-2025T10:04:16 - [TEST_STEP][PASSED] - click(findTestObject("Факторный анализ/Применить в фильтре ДЗО")): Object: 'Object Repository/Факторный анализ/Применить в фильтре ДЗО' is clicked on

14-01-2025T10:04:16 - [MESSAGE][PASSED] - Object: 'Object Repository/Факторный анализ/Применить в фильтре ДЗО' is clicked on

14-01-2025T10:04:16 - [TEST_STEP][PASSED] - typeOfData = "Филиал": null

14-01-2025T10:04:16 - [TEST_STEP][PASSED] - Script1687405718449.Test(todaysDate, typeOfData): null

14-01-2025T10:04:16 - [TEST_STEP][PASSED] - delay(10): Delayed 10 second(s)

14-01-2025T10:04:26 - [MESSAGE][PASSED] - Delayed 10 second(s)

14-01-2025T10:04:26 - [TEST_STEP][PASSED] - if (verifyTextNotPresent("нет данных", false) == true): null

14-01-2025T10:04:27 - [MESSAGE][PASSED] - Text 'нет данных' is not present on page

14-01-2025T10:04:27 - [TEST_STEP][PASSED] - if (verifyTextNotPresent("Ошибка запроса данных", false) == true): null

14-01-2025T10:04:27 - [MESSAGE][PASSED] - Text 'Ошибка запроса данных' is not present on page

14-01-2025T10:04:27 - [TEST_STEP][PASSED] - if (verifyTextNotPresent("Произошла ошибка при выполнении пользовательского кода", false) == true): null

14-01-2025T10:04:28 - [MESSAGE][PASSED] - Text 'Произошла ошибка при выполнении пользовательского кода' is not present on page

14-01-2025T10:04:28 - [TEST_STEP][PASSED] - if (verifyTextNotPresent("У виджета нет данных", false) == true): null

14-01-2025T10:04:28 - [MESSAGE][PASSED] - Text 'У виджета нет данных' is not present on page

14-01-2025T10:04:28 - [TEST_STEP][PASSED] - if (verifyTextNotPresent("У виджета нет данных", false) == true): Text 'У виджета нет данных' is not present on page

14-01-2025T10:04:28 - [MESSAGE][PASSED] - Text 'У виджета нет данных' is not present on page

14-01-2025T10:04:28 - [TEST_STEP][PASSED] - click(findTestObject("Факторный анализ/Переключить отображение с филиала на месяц")): Object: 'Object Repository/Факторный анализ/Переключить отображение с филиала на месяц' is clicked on

14-01-2025T10:04:29 - [MESSAGE][PASSED] - Object: 'Object Repository/Факторный анализ/Переключить отображение с филиала на месяц' is clicked on

14-01-2025T10:04:29 - [TEST_STEP][PASSED] - typeOfData = "Месяц": null

14-01-2025T10:04:29 - [TEST_STEP][PASSED] - Script1687405718449.Test(todaysDate, typeOfData): null

14-01-2025T10:04:29 - [TEST_STEP][PASSED] - delay(10): Delayed 10 second(s)

14-01-2025T10:04:39 - [MESSAGE][PASSED] - Delayed 10 second(s)

14-01-2025T10:04:39 - [TEST_STEP][PASSED] - if (verifyTextNotPresent("нет данных", false) == true): null

14-01-2025T10:04:39 - [MESSAGE][PASSED] - Text 'нет данных' is not present on page

14-01-2025T10:04:39 - [TEST_STEP][PASSED] - if (verifyTextNotPresent("Ошибка запроса данных", false) == true): null

14-01-2025T10:04:40 - [MESSAGE][PASSED] - Text 'Ошибка запроса данных' is not present on page

14-01-2025T10:04:40 - [TEST_STEP][PASSED] - if (verifyTextNotPresent("Произошла ошибка при выполнении пользовательского кода", false) == true): null

14-01-2025T10:04:40 - [MESSAGE][PASSED] - Text 'Произошла ошибка при выполнении пользовательского кода' is not present on page

14-01-2025T10:04:40 - [TEST_STEP][PASSED] - if (verifyTextNotPresent("У виджета нет данных", false) == true): null

14-01-2025T10:04:41 - [MESSAGE][PASSED] - Text 'У виджета нет данных' is not present on page

14-01-2025T10:04:41 - [TEST_STEP][PASSED] - if (verifyTextNotPresent("У виджета нет данных", false) == true): Text 'У виджета нет данных' is not present on page

14-01-2025T10:04:41 - [MESSAGE][PASSED] - Text 'У виджета нет данных' is not present on page

14-01-2025T10:04:41 - [TEST_STEP][PASSED] - click(findTestObject("Факторный анализ/Переключить отображение с месяца на филиал")): Object: 'Object Repository/Факторный анализ/Переключить отображение с месяца на филиал' is clicked on

14-01-2025T10:04:42 - [MESSAGE][PASSED] - Object: 'Object Repository/Факторный анализ/Переключить отображение с месяца на филиал' is clicked on

14-01-2025T10:04:42 - [TEST_STEP][PASSED] - click(findTestObject("Факторный анализ/Фильтр ДЗО")): Object: 'Object Repository/Факторный анализ/Фильтр ДЗО' is clicked on

14-01-2025T10:04:42 - [MESSAGE][PASSED] - Object: 'Object Repository/Факторный анализ/Фильтр ДЗО' is clicked on

14-01-2025T10:04:42 - [TEST_STEP][PASSED] - click(findTestObject("Факторный анализ/Снять выделение в фильтре ДЗО")): Object: 'Object Repository/Факторный анализ/Снять выделение в фильтре ДЗО' is clicked on

14-01-2025T10:04:42 - [MESSAGE][PASSED] - Object: 'Object Repository/Факторный анализ/Снять выделение в фильтре ДЗО' is clicked on

14-01-2025T10:04:42 - [TEST_STEP][PASSED] - scrollToElement(findTestObject("Общие объекты/Раскрыть список Россети Ленэнерго"), 30): Scroll to object 'Object Repository/Общие объекты/Раскрыть список Россети Ленэнерго' successfully

14-01-2025T10:04:43 - [MESSAGE][PASSED] - Scroll to object 'Object Repository/Общие объекты/Раскрыть список Россети Ленэнерго' successfully

14-01-2025T10:04:43 - [TEST_STEP][PASSED] - click(findTestObject("Факторный анализ/Россети Ленэнерго")): Object: 'Object Repository/Факторный анализ/Россети Ленэнерго' is clicked on

14-01-2025T10:04:43 - [MESSAGE][PASSED] - Object: 'Object Repository/Факторный анализ/Россети Ленэнерго' is clicked on

14-01-2025T10:04:43 - [TEST_STEP][PASSED] - Script1687405718449.Change(todaysDate, typeOfData): null

14-01-2025T10:04:43 - [TEST_STEP][PASSED] - scrollToElement(findTestObject("Факторный анализ/Заголовок дашборда"), 30): Scroll to object 'Object Repository/Факторный анализ/Заголовок дашборда' successfully

14-01-2025T10:04:44 - [MESSAGE][PASSED] - Scroll to object 'Object Repository/Факторный анализ/Заголовок дашборда' successfully

14-01-2025T10:04:44 - [TEST_STEP][PASSED] - click(findTestObject("Факторный анализ/Применить в фильтре ДЗО")): Object: 'Object Repository/Факторный анализ/Применить в фильтре ДЗО' is clicked on

14-01-2025T10:04:44 - [MESSAGE][PASSED] - Object: 'Object Repository/Факторный анализ/Применить в фильтре ДЗО' is clicked on

14-01-2025T10:04:44 - [TEST_STEP][PASSED] - typeOfData = "Филиал": null

14-01-2025T10:04:44 - [TEST_STEP][PASSED] - Script1687405718449.Test(todaysDate, typeOfData): null

14-01-2025T10:04:44 - [TEST_STEP][PASSED] - delay(10): Delayed 10 second(s)

14-01-2025T10:04:54 - [MESSAGE][PASSED] - Delayed 10 second(s)

14-01-2025T10:04:54 - [TEST_STEP][PASSED] - if (verifyTextNotPresent("нет данных", false) == true): null

14-01-2025T10:04:55 - [MESSAGE][PASSED] - Text 'нет данных' is not present on page

14-01-2025T10:04:55 - [TEST_STEP][PASSED] - if (verifyTextNotPresent("Ошибка запроса данных", false) == true): null

14-01-2025T10:04:55 - [MESSAGE][PASSED] - Text 'Ошибка запроса данных' is not present on page

14-01-2025T10:04:55 - [TEST_STEP][PASSED] - if (verifyTextNotPresent("Произошла ошибка при выполнении пользовательского кода", false) == true): null

14-01-2025T10:04:56 - [MESSAGE][PASSED] - Text 'Произошла ошибка при выполнении пользовательского кода' is not present on page

14-01-2025T10:04:56 - [TEST_STEP][PASSED] - if (verifyTextNotPresent("У виджета нет данных", false) == true): null

14-01-2025T10:04:56 - [MESSAGE][PASSED] - Text 'У виджета нет данных' is not present on page

14-01-2025T10:04:56 - [TEST_STEP][PASSED] - if (verifyTextNotPresent("У виджета нет данных", false) == true): Text 'У виджета нет данных' is not present on page

14-01-2025T10:04:56 - [MESSAGE][PASSED] - Text 'У виджета нет данных' is not present on page

14-01-2025T10:04:56 - [TEST_STEP][PASSED] - click(findTestObject("Факторный анализ/Переключить отображение с филиала на месяц")): Object: 'Object Repository/Факторный анализ/Переключить отображение с филиала на месяц' is clicked on

14-01-2025T10:04:57 - [MESSAGE][PASSED] - Object: 'Object Repository/Факторный анализ/Переключить отображение с филиала на месяц' is clicked on

14-01-2025T10:04:57 - [TEST_STEP][PASSED] - typeOfData = "Месяц": null

14-01-2025T10:04:57 - [TEST_STEP][PASSED] - Script1687405718449.Test(todaysDate, typeOfData): null

14-01-2025T10:04:57 - [TEST_STEP][PASSED] - delay(10): Delayed 10 second(s)

14-01-2025T10:05:07 - [MESSAGE][PASSED] - Delayed 10 second(s)

14-01-2025T10:05:07 - [TEST_STEP][PASSED] - if (verifyTextNotPresent("нет данных", false) == true): null

14-01-2025T10:05:07 - [MESSAGE][PASSED] - Text 'нет данных' is not present on page

14-01-2025T10:05:07 - [TEST_STEP][PASSED] - if (verifyTextNotPresent("Ошибка запроса данных", false) == true): null

14-01-2025T10:05:08 - [MESSAGE][PASSED] - Text 'Ошибка запроса данных' is not present on page

14-01-2025T10:05:08 - [TEST_STEP][PASSED] - if (verifyTextNotPresent("Произошла ошибка при выполнении пользовательского кода", false) == true): null

14-01-2025T10:05:08 - [MESSAGE][PASSED] - Text 'Произошла ошибка при выполнении пользовательского кода' is not present on page

14-01-2025T10:05:08 - [TEST_STEP][PASSED] - if (verifyTextNotPresent("У виджета нет данных", false) == true): null

14-01-2025T10:05:09 - [MESSAGE][PASSED] - Text 'У виджета нет данных' is not present on page

14-01-2025T10:05:09 - [TEST_STEP][PASSED] - if (verifyTextNotPresent("У виджета нет данных", false) == true): Text 'У виджета нет данных' is not present on page

14-01-2025T10:05:09 - [MESSAGE][PASSED] - Text 'У виджета нет данных' is not present on page

14-01-2025T10:05:09 - [TEST_STEP][PASSED] - click(findTestObject("Факторный анализ/Переключить отображение с месяца на филиал")): Object: 'Object Repository/Факторный анализ/Переключить отображение с месяца на филиал' is clicked on

14-01-2025T10:05:09 - [MESSAGE][PASSED] - Object: 'Object Repository/Факторный анализ/Переключить отображение с месяца на филиал' is clicked on

14-01-2025T10:05:09 - [TEST_STEP][PASSED] - click(findTestObject("Факторный анализ/Фильтр ДЗО")): Object: 'Object Repository/Факторный анализ/Фильтр ДЗО' is clicked on

14-01-2025T10:05:10 - [MESSAGE][PASSED] - Object: 'Object Repository/Факторный анализ/Фильтр ДЗО' is clicked on

14-01-2025T10:05:10 - [TEST_STEP][PASSED] - click(findTestObject("Факторный анализ/Снять выделение в фильтре ДЗО")): Object: 'Object Repository/Факторный анализ/Снять выделение в фильтре ДЗО' is clicked on

14-01-2025T10:05:10 - [MESSAGE][PASSED] - Object: 'Object Repository/Факторный анализ/Снять выделение в фильтре ДЗО' is clicked on

14-01-2025T10:05:10 - [TEST_STEP][PASSED] - scrollToElement(findTestObject("Общие объекты/Раскрыть список Россети Ленэнерго"), 30): Scroll to object 'Object Repository/Общие объекты/Раскрыть список Россети Ленэнерго' successfully

14-01-2025T10:05:11 - [MESSAGE][PASSED] - Scroll to object 'Object Repository/Общие объекты/Раскрыть список Россети Ленэнерго' successfully

14-01-2025T10:05:11 - [TEST_STEP][PASSED] - click(findTestObject("Общие объекты/Раскрыть список Россети Ленэнерго")): Object: 'Object Repository/Общие объекты/Раскрыть список Россети Ленэнерго' is clicked on

14-01-2025T10:05:11 - [MESSAGE][PASSED] - Object: 'Object Repository/Общие объекты/Раскрыть список Россети Ленэнерго' is clicked on

14-01-2025T10:05:11 - [TEST_STEP][PASSED] - click(findTestObject("Общие объекты/Раскрыть список Россети Ленэнерго")): Object: 'Object Repository/Общие объекты/Раскрыть список Россети Ленэнерго' is clicked on

14-01-2025T10:05:12 - [MESSAGE][PASSED] - Object: 'Object Repository/Общие объекты/Раскрыть список Россети Ленэнерго' is clicked on

14-01-2025T10:05:12 - [TEST_STEP][PASSED] - scrollToElement(findTestObject("Общие объекты/Ленинградская область"), 30): Scroll to object 'Object Repository/Общие объекты/Ленинградская область' successfully

14-01-2025T10:05:12 - [MESSAGE][PASSED] - Scroll to object 'Object Repository/Общие объекты/Ленинградская область' successfully

14-01-2025T10:05:12 - [TEST_STEP][PASSED] - click(findTestObject("Общие объекты/Ленинградская область")): Object: 'Object Repository/Общие объекты/Ленинградская область' is clicked on

14-01-2025T10:05:12 - [MESSAGE][PASSED] - Object: 'Object Repository/Общие объекты/Ленинградская область' is clicked on

14-01-2025T10:05:12 - [TEST_STEP][PASSED] - Script1687405718449.Change(todaysDate, typeOfData): null

14-01-2025T10:05:12 - [TEST_STEP][PASSED] - scrollToElement(findTestObject("Факторный анализ/Заголовок дашборда"), 30): Scroll to object 'Object Repository/Факторный анализ/Заголовок дашборда' successfully

14-01-2025T10:05:13 - [MESSAGE][PASSED] - Scroll to object 'Object Repository/Факторный анализ/Заголовок дашборда' successfully

14-01-2025T10:05:13 - [TEST_STEP][PASSED] - click(findTestObject("Факторный анализ/Применить в фильтре ДЗО")): Object: 'Object Repository/Факторный анализ/Применить в фильтре ДЗО' is clicked on

14-01-2025T10:05:13 - [MESSAGE][PASSED] - Object: 'Object Repository/Факторный анализ/Применить в фильтре ДЗО' is clicked on

14-01-2025T10:05:13 - [TEST_STEP][PASSED] - typeOfData = "Филиал": null

14-01-2025T10:05:13 - [TEST_STEP][PASSED] - Script1687405718449.Test(todaysDate, typeOfData): null

14-01-2025T10:05:13 - [TEST_STEP][PASSED] - delay(10): Delayed 10 second(s)

14-01-2025T10:05:23 - [MESSAGE][PASSED] - Delayed 10 second(s)

14-01-2025T10:05:23 - [TEST_STEP][PASSED] - if (verifyTextNotPresent("нет данных", false) == true): null

14-01-2025T10:05:24 - [MESSAGE][PASSED] - Text 'нет данных' is not present on page

14-01-2025T10:05:24 - [TEST_STEP][PASSED] - if (verifyTextNotPresent("Ошибка запроса данных", false) == true): null

14-01-2025T10:05:24 - [MESSAGE][PASSED] - Text 'Ошибка запроса данных' is not present on page

14-01-2025T10:05:24 - [TEST_STEP][PASSED] - if (verifyTextNotPresent("Произошла ошибка при выполнении пользовательского кода", false) == true): null

14-01-2025T10:05:25 - [MESSAGE][PASSED] - Text 'Произошла ошибка при выполнении пользовательского кода' is not present on page

14-01-2025T10:05:25 - [TEST_STEP][PASSED] - if (verifyTextNotPresent("У виджета нет данных", false) == true): null

14-01-2025T10:05:25 - [MESSAGE][PASSED] - Text 'У виджета нет данных' is not present on page

14-01-2025T10:05:25 - [TEST_STEP][PASSED] - if (verifyTextNotPresent("У виджета нет данных", false) == true): Text 'У виджета нет данных' is not present on page

14-01-2025T10:05:26 - [MESSAGE][PASSED] - Text 'У виджета нет данных' is not present on page

14-01-2025T10:05:26 - [TEST_STEP][PASSED] - click(findTestObject("Факторный анализ/Переключить отображение с филиала на месяц")): Object: 'Object Repository/Факторный анализ/Переключить отображение с филиала на месяц' is clicked on

14-01-2025T10:05:26 - [MESSAGE][PASSED] - Object: 'Object Repository/Факторный анализ/Переключить отображение с филиала на месяц' is clicked on

14-01-2025T10:05:26 - [TEST_STEP][PASSED] - typeOfData = "Месяц": null

14-01-2025T10:05:26 - [TEST_STEP][PASSED] - Script1687405718449.Test(todaysDate, typeOfData): null

14-01-2025T10:05:26 - [TEST_STEP][PASSED] - delay(10): Delayed 10 second(s)

14-01-2025T10:05:36 - [MESSAGE][PASSED] - Delayed 10 second(s)

14-01-2025T10:05:36 - [TEST_STEP][PASSED] - if (verifyTextNotPresent("нет данных", false) == true): null

14-01-2025T10:05:37 - [MESSAGE][PASSED] - Text 'нет данных' is not present on page

14-01-2025T10:05:37 - [TEST_STEP][PASSED] - if (verifyTextNotPresent("Ошибка запроса данных", false) == true): null

14-01-2025T10:05:37 - [MESSAGE][PASSED] - Text 'Ошибка запроса данных' is not present on page

14-01-2025T10:05:37 - [TEST_STEP][PASSED] - if (verifyTextNotPresent("Произошла ошибка при выполнении пользовательского кода", false) == true): null

14-01-2025T10:05:38 - [MESSAGE][PASSED] - Text 'Произошла ошибка при выполнении пользовательского кода' is not present on page

14-01-2025T10:05:38 - [TEST_STEP][PASSED] - if (verifyTextNotPresent("У виджета нет данных", false) == true): null

14-01-2025T10:05:38 - [MESSAGE][PASSED] - Text 'У виджета нет данных' is not present on page

14-01-2025T10:05:38 - [TEST_STEP][PASSED] - if (verifyTextNotPresent("У виджета нет данных", false) == true): Text 'У виджета нет данных' is not present on page

14-01-2025T10:05:39 - [MESSAGE][PASSED] - Text 'У виджета нет данных' is not present on page

14-01-2025T10:05:39 - [TEST_STEP][PASSED] - click(findTestObject("Факторный анализ/Переключить отображение с месяца на филиал")): Object: 'Object Repository/Факторный анализ/Переключить отображение с месяца на филиал' is clicked on

14-01-2025T10:05:39 - [MESSAGE][PASSED] - Object: 'Object Repository/Факторный анализ/Переключить отображение с месяца на филиал' is clicked on

14-01-2025T10:05:39 - [TEST_STEP][PASSED] - click(findTestObject("Факторный анализ/Фильтр ДЗО")): Object: 'Object Repository/Факторный анализ/Фильтр ДЗО' is clicked on

14-01-2025T10:05:39 - [MESSAGE][PASSED] - Object: 'Object Repository/Факторный анализ/Фильтр ДЗО' is clicked on

14-01-2025T10:05:39 - [TEST_STEP][PASSED] - click(findTestObject("Факторный анализ/Снять выделение в фильтре ДЗО")): Object: 'Object Repository/Факторный анализ/Снять выделение в фильтре ДЗО' is clicked on

14-01-2025T10:05:40 - [MESSAGE][PASSED] - Object: 'Object Repository/Факторный анализ/Снять выделение в фильтре ДЗО' is clicked on

14-01-2025T10:05:40 - [TEST_STEP][PASSED] - scrollToElement(findTestObject("Общие объекты/Санкт-Петербург"), 30): Scroll to object 'Object Repository/Общие объекты/Санкт-Петербург' successfully

14-01-2025T10:05:40 - [MESSAGE][PASSED] - Scroll to object 'Object Repository/Общие объекты/Санкт-Петербург' successfully

14-01-2025T10:05:40 - [TEST_STEP][PASSED] - click(findTestObject("Общие объекты/Санкт-Петербург")): Object: 'Object Repository/Общие объекты/Санкт-Петербург' is clicked on

14-01-2025T10:05:40 - [MESSAGE][PASSED] - Object: 'Object Repository/Общие объекты/Санкт-Петербург' is clicked on

14-01-2025T10:05:40 - [TEST_STEP][PASSED] - Script1687405718449.Change(todaysDate, typeOfData): null

14-01-2025T10:05:40 - [TEST_STEP][PASSED] - scrollToElement(findTestObject("Факторный анализ/Заголовок дашборда"), 30): Scroll to object 'Object Repository/Факторный анализ/Заголовок дашборда' successfully

14-01-2025T10:05:41 - [MESSAGE][PASSED] - Scroll to object 'Object Repository/Факторный анализ/Заголовок дашборда' successfully

14-01-2025T10:05:41 - [TEST_STEP][PASSED] - click(findTestObject("Факторный анализ/Применить в фильтре ДЗО")): Object: 'Object Repository/Факторный анализ/Применить в фильтре ДЗО' is clicked on

14-01-2025T10:05:41 - [MESSAGE][PASSED] - Object: 'Object Repository/Факторный анализ/Применить в фильтре ДЗО' is clicked on

14-01-2025T10:05:41 - [TEST_STEP][PASSED] - typeOfData = "Филиал": null

14-01-2025T10:05:41 - [TEST_STEP][PASSED] - Script1687405718449.Test(todaysDate, typeOfData): null

14-01-2025T10:05:41 - [TEST_STEP][PASSED] - delay(10): Delayed 10 second(s)

14-01-2025T10:05:51 - [MESSAGE][PASSED] - Delayed 10 second(s)

14-01-2025T10:05:51 - [TEST_STEP][PASSED] - if (verifyTextNotPresent("нет данных", false) == true): null

14-01-2025T10:05:52 - [MESSAGE][PASSED] - Text 'нет данных' is not present on page

14-01-2025T10:05:52 - [TEST_STEP][PASSED] - if (verifyTextNotPresent("Ошибка запроса данных", false) == true): null

14-01-2025T10:05:53 - [MESSAGE][PASSED] - Text 'Ошибка запроса данных' is not present on page

14-01-2025T10:05:53 - [TEST_STEP][PASSED] - if (verifyTextNotPresent("Произошла ошибка при выполнении пользовательского кода", false) == true): null

14-01-2025T10:05:53 - [MESSAGE][PASSED] - Text 'Произошла ошибка при выполнении пользовательского кода' is not present on page

14-01-2025T10:05:53 - [TEST_STEP][PASSED] - if (verifyTextNotPresent("У виджета нет данных", false) == true): null

14-01-2025T10:05:53 - [MESSAGE][PASSED] - Text 'У виджета нет данных' is not present on page

14-01-2025T10:05:53 - [TEST_STEP][PASSED] - if (verifyTextNotPresent("У виджета нет данных", false) == true): Text 'У виджета нет данных' is not present on page

14-01-2025T10:05:54 - [MESSAGE][PASSED] - Text 'У виджета нет данных' is not present on page

14-01-2025T10:05:54 - [TEST_STEP][PASSED] - click(findTestObject("Факторный анализ/Переключить отображение с филиала на месяц")): Object: 'Object Repository/Факторный анализ/Переключить отображение с филиала на месяц' is clicked on

14-01-2025T10:05:54 - [MESSAGE][PASSED] - Object: 'Object Repository/Факторный анализ/Переключить отображение с филиала на месяц' is clicked on

14-01-2025T10:05:54 - [TEST_STEP][PASSED] - typeOfData = "Месяц": null

14-01-2025T10:05:54 - [TEST_STEP][PASSED] - Script1687405718449.Test(todaysDate, typeOfData): null

14-01-2025T10:05:54 - [TEST_STEP][PASSED] - delay(10): Delayed 10 second(s)

14-01-2025T10:06:04 - [MESSAGE][PASSED] - Delayed 10 second(s)

14-01-2025T10:06:04 - [TEST_STEP][PASSED] - if (verifyTextNotPresent("нет данных", false) == true): null

14-01-2025T10:06:05 - [MESSAGE][PASSED] - Text 'нет данных' is not present on page

14-01-2025T10:06:05 - [TEST_STEP][PASSED] - if (verifyTextNotPresent("Ошибка запроса данных", false) == true): null

14-01-2025T10:06:05 - [MESSAGE][PASSED] - Text 'Ошибка запроса данных' is not present on page

14-01-2025T10:06:05 - [TEST_STEP][PASSED] - if (verifyTextNotPresent("Произошла ошибка при выполнении пользовательского кода", false) == true): null

14-01-2025T10:06:06 - [MESSAGE][PASSED] - Text 'Произошла ошибка при выполнении пользовательского кода' is not present on page

14-01-2025T10:06:06 - [TEST_STEP][PASSED] - if (verifyTextNotPresent("У виджета нет данных", false) == true): null

14-01-2025T10:06:06 - [MESSAGE][PASSED] - Text 'У виджета нет данных' is not present on page

14-01-2025T10:06:06 - [TEST_STEP][PASSED] - if (verifyTextNotPresent("У виджета нет данных", false) == true): Text 'У виджета нет данных' is not present on page

14-01-2025T10:06:07 - [MESSAGE][PASSED] - Text 'У виджета нет данных' is not present on page

14-01-2025T10:06:07 - [TEST_STEP][PASSED] - click(findTestObject("Факторный анализ/Переключить отображение с месяца на филиал")): Object: 'Object Repository/Факторный анализ/Переключить отображение с месяца на филиал' is clicked on

14-01-2025T10:06:07 - [MESSAGE][PASSED] - Object: 'Object Repository/Факторный анализ/Переключить отображение с месяца на филиал' is clicked on

14-01-2025T10:06:07 - [TEST_STEP][PASSED] - click(findTestObject("Факторный анализ/Фильтр ДЗО")): Object: 'Object Repository/Факторный анализ/Фильтр ДЗО' is clicked on

14-01-2025T10:06:07 - [MESSAGE][PASSED] - Object: 'Object Repository/Факторный анализ/Фильтр ДЗО' is clicked on

14-01-2025T10:06:07 - [TEST_STEP][PASSED] - click(findTestObject("Факторный анализ/Снять выделение в фильтре ДЗО")): Object: 'Object Repository/Факторный анализ/Снять выделение в фильтре ДЗО' is clicked on

14-01-2025T10:06:08 - [MESSAGE][PASSED] - Object: 'Object Repository/Факторный анализ/Снять выделение в фильтре ДЗО' is clicked on

14-01-2025T10:06:08 - [TEST_STEP][PASSED] - scrollToElement(findTestObject("Общие объекты/Раскрыть список Россети Московский регион"), 30): Scroll to object 'Object Repository/Общие объекты/Раскрыть список Россети Московский регион' successfully

14-01-2025T10:06:08 - [MESSAGE][PASSED] - Scroll to object 'Object Repository/Общие объекты/Раскрыть список Россети Московский регион' successfully

14-01-2025T10:06:08 - [TEST_STEP][PASSED] - click(findTestObject("Факторный анализ/Россети Московский регион")): Object: 'Object Repository/Факторный анализ/Россети Московский регион' is clicked on

14-01-2025T10:06:09 - [MESSAGE][PASSED] - Object: 'Object Repository/Факторный анализ/Россети Московский регион' is clicked on

14-01-2025T10:06:09 - [TEST_STEP][PASSED] - Script1687405718449.Change(todaysDate, typeOfData): null

14-01-2025T10:06:09 - [TEST_STEP][PASSED] - scrollToElement(findTestObject("Факторный анализ/Заголовок дашборда"), 30): Scroll to object 'Object Repository/Факторный анализ/Заголовок дашборда' successfully

14-01-2025T10:06:09 - [MESSAGE][PASSED] - Scroll to object 'Object Repository/Факторный анализ/Заголовок дашборда' successfully

14-01-2025T10:06:09 - [TEST_STEP][PASSED] - click(findTestObject("Факторный анализ/Применить в фильтре ДЗО")): Object: 'Object Repository/Факторный анализ/Применить в фильтре ДЗО' is clicked on

14-01-2025T10:06:10 - [MESSAGE][PASSED] - Object: 'Object Repository/Факторный анализ/Применить в фильтре ДЗО' is clicked on

14-01-2025T10:06:10 - [TEST_STEP][PASSED] - typeOfData = "Филиал": null

14-01-2025T10:06:10 - [TEST_STEP][PASSED] - Script1687405718449.Test(todaysDate, typeOfData): null

14-01-2025T10:06:10 - [TEST_STEP][PASSED] - delay(10): Delayed 10 second(s)

14-01-2025T10:06:20 - [MESSAGE][PASSED] - Delayed 10 second(s)

14-01-2025T10:06:20 - [TEST_STEP][PASSED] - if (verifyTextNotPresent("нет данных", false) == true): null

14-01-2025T10:06:20 - [MESSAGE][PASSED] - Text 'нет данных' is not present on page

14-01-2025T10:06:20 - [TEST_STEP][PASSED] - if (verifyTextNotPresent("Ошибка запроса данных", false) == true): null

14-01-2025T10:06:21 - [MESSAGE][PASSED] - Text 'Ошибка запроса данных' is not present on page

14-01-2025T10:06:21 - [TEST_STEP][PASSED] - if (verifyTextNotPresent("Произошла ошибка при выполнении пользовательского кода", false) == true): null

14-01-2025T10:06:21 - [MESSAGE][PASSED] - Text 'Произошла ошибка при выполнении пользовательского кода' is not present on page

14-01-2025T10:06:21 - [TEST_STEP][PASSED] - if (verifyTextNotPresent("У виджета нет данных", false) == true): null

14-01-2025T10:06:21 - [MESSAGE][PASSED] - Text 'У виджета нет данных' is not present on page

14-01-2025T10:06:21 - [TEST_STEP][PASSED] - if (verifyTextNotPresent("У виджета нет данных", false) == true): Text 'У виджета нет данных' is not present on page

14-01-2025T10:06:22 - [MESSAGE][PASSED] - Text 'У виджета нет данных' is not present on page

14-01-2025T10:06:22 - [TEST_STEP][PASSED] - click(findTestObject("Факторный анализ/Переключить отображение с филиала на месяц")): Object: 'Object Repository/Факторный анализ/Переключить отображение с филиала на месяц' is clicked on

14-01-2025T10:06:22 - [MESSAGE][PASSED] - Object: 'Object Repository/Факторный анализ/Переключить отображение с филиала на месяц' is clicked on

14-01-2025T10:06:22 - [TEST_STEP][PASSED] - typeOfData = "Месяц": null

14-01-2025T10:06:22 - [TEST_STEP][PASSED] - Script1687405718449.Test(todaysDate, typeOfData): null

14-01-2025T10:06:22 - [TEST_STEP][PASSED] - delay(10): Delayed 10 second(s)

14-01-2025T10:06:32 - [MESSAGE][PASSED] - Delayed 10 second(s)

14-01-2025T10:06:32 - [TEST_STEP][PASSED] - if (verifyTextNotPresent("нет данных", false) == true): null

14-01-2025T10:06:33 - [MESSAGE][PASSED] - Text 'нет данных' is not present on page

14-01-2025T10:06:33 - [TEST_STEP][PASSED] - if (verifyTextNotPresent("Ошибка запроса данных", false) == true): null

14-01-2025T10:06:33 - [MESSAGE][PASSED] - Text 'Ошибка запроса данных' is not present on page

14-01-2025T10:06:33 - [TEST_STEP][PASSED] - if (verifyTextNotPresent("Произошла ошибка при выполнении пользовательского кода", false) == true): null

14-01-2025T10:06:34 - [MESSAGE][PASSED] - Text 'Произошла ошибка при выполнении пользовательского кода' is not present on page

14-01-2025T10:06:34 - [TEST_STEP][PASSED] - if (verifyTextNotPresent("У виджета нет данных", false) == true): null

14-01-2025T10:06:34 - [MESSAGE][PASSED] - Text 'У виджета нет данных' is not present on page

14-01-2025T10:06:34 - [TEST_STEP][PASSED] - if (verifyTextNotPresent("У виджета нет данных", false) == true): Text 'У виджета нет данных' is not present on page

14-01-2025T10:06:35 - [MESSAGE][PASSED] - Text 'У виджета нет данных' is not present on page

14-01-2025T10:06:35 - [TEST_STEP][PASSED] - click(findTestObject("Факторный анализ/Переключить отображение с месяца на филиал")): Object: 'Object Repository/Факторный анализ/Переключить отображение с месяца на филиал' is clicked on

14-01-2025T10:06:35 - [MESSAGE][PASSED] - Object: 'Object Repository/Факторный анализ/Переключить отображение с месяца на филиал' is clicked on

14-01-2025T10:06:35 - [TEST_STEP][PASSED] - click(findTestObject("Факторный анализ/Фильтр ДЗО")): Object: 'Object Repository/Факторный анализ/Фильтр ДЗО' is clicked on

14-01-2025T10:06:35 - [MESSAGE][PASSED] - Object: 'Object Repository/Факторный анализ/Фильтр ДЗО' is clicked on

14-01-2025T10:06:35 - [TEST_STEP][PASSED] - click(findTestObject("Факторный анализ/Снять выделение в фильтре ДЗО")): Object: 'Object Repository/Факторный анализ/Снять выделение в фильтре ДЗО' is clicked on

14-01-2025T10:06:36 - [MESSAGE][PASSED] - Object: 'Object Repository/Факторный анализ/Снять выделение в фильтре ДЗО' is clicked on

14-01-2025T10:06:36 - [TEST_STEP][PASSED] - scrollToElement(findTestObject("Общие объекты/Раскрыть список Россети Московский регион"), 30): Scroll to object 'Object Repository/Общие объекты/Раскрыть список Россети Московский регион' successfully

14-01-2025T10:06:36 - [MESSAGE][PASSED] - Scroll to object 'Object Repository/Общие объекты/Раскрыть список Россети Московский регион' successfully

14-01-2025T10:06:36 - [TEST_STEP][PASSED] - click(findTestObject("Общие объекты/Раскрыть список Россети Московский регион")): Object: 'Object Repository/Общие объекты/Раскрыть список Россети Московский регион' is clicked on

14-01-2025T10:06:37 - [MESSAGE][PASSED] - Object: 'Object Repository/Общие объекты/Раскрыть список Россети Московский регион' is clicked on

14-01-2025T10:06:37 - [TEST_STEP][PASSED] - click(findTestObject("Общие объекты/Раскрыть список Россети Московский регион")): Object: 'Object Repository/Общие объекты/Раскрыть список Россети Московский регион' is clicked on

14-01-2025T10:06:38 - [MESSAGE][PASSED] - Object: 'Object Repository/Общие объекты/Раскрыть список Россети Московский регион' is clicked on

14-01-2025T10:06:38 - [TEST_STEP][PASSED] - click(findTestObject("Общие объекты/Московская область")): Object: 'Object Repository/Общие объекты/Московская область' is clicked on

14-01-2025T10:06:39 - [MESSAGE][PASSED] - Object: 'Object Repository/Общие объекты/Московская область' is clicked on

14-01-2025T10:06:39 - [TEST_STEP][PASSED] - Script1687405718449.Change(todaysDate, typeOfData): null

14-01-2025T10:06:39 - [TEST_STEP][PASSED] - scrollToElement(findTestObject("Факторный анализ/Заголовок дашборда"), 30): Scroll to object 'Object Repository/Факторный анализ/Заголовок дашборда' successfully

14-01-2025T10:06:39 - [MESSAGE][PASSED] - Scroll to object 'Object Repository/Факторный анализ/Заголовок дашборда' successfully

14-01-2025T10:06:39 - [TEST_STEP][PASSED] - click(findTestObject("Факторный анализ/Применить в фильтре ДЗО")): Object: 'Object Repository/Факторный анализ/Применить в фильтре ДЗО' is clicked on

14-01-2025T10:06:40 - [MESSAGE][PASSED] - Object: 'Object Repository/Факторный анализ/Применить в фильтре ДЗО' is clicked on

14-01-2025T10:06:40 - [TEST_STEP][PASSED] - typeOfData = "Филиал": null

14-01-2025T10:06:40 - [TEST_STEP][PASSED] - Script1687405718449.Test(todaysDate, typeOfData): null

14-01-2025T10:06:40 - [TEST_STEP][PASSED] - delay(10): Delayed 10 second(s)

14-01-2025T10:06:50 - [MESSAGE][PASSED] - Delayed 10 second(s)

14-01-2025T10:06:50 - [TEST_STEP][PASSED] - if (verifyTextNotPresent("нет данных", false) == true): null

14-01-2025T10:06:50 - [MESSAGE][PASSED] - Text 'нет данных' is not present on page

14-01-2025T10:06:50 - [TEST_STEP][PASSED] - if (verifyTextNotPresent("Ошибка запроса данных", false) == true): null

14-01-2025T10:06:51 - [MESSAGE][PASSED] - Text 'Ошибка запроса данных' is not present on page

14-01-2025T10:06:51 - [TEST_STEP][PASSED] - if (verifyTextNotPresent("Произошла ошибка при выполнении пользовательского кода", false) == true): null

14-01-2025T10:06:51 - [MESSAGE][PASSED] - Text 'Произошла ошибка при выполнении пользовательского кода' is not present on page

14-01-2025T10:06:51 - [TEST_STEP][PASSED] - if (verifyTextNotPresent("У виджета нет данных", false) == true): null

14-01-2025T10:06:52 - [MESSAGE][PASSED] - Text 'У виджета нет данных' is not present on page

14-01-2025T10:06:52 - [TEST_STEP][PASSED] - if (verifyTextNotPresent("У виджета нет данных", false) == true): Text 'У виджета нет данных' is not present on page

14-01-2025T10:06:52 - [MESSAGE][PASSED] - Text 'У виджета нет данных' is not present on page

14-01-2025T10:06:52 - [TEST_STEP][PASSED] - click(findTestObject("Факторный анализ/Переключить отображение с филиала на месяц")): Object: 'Object Repository/Факторный анализ/Переключить отображение с филиала на месяц' is clicked on

14-01-2025T10:06:52 - [MESSAGE][PASSED] - Object: 'Object Repository/Факторный анализ/Переключить отображение с филиала на месяц' is clicked on

14-01-2025T10:06:52 - [TEST_STEP][PASSED] - typeOfData = "Месяц": null

14-01-2025T10:06:52 - [TEST_STEP][PASSED] - Script1687405718449.Test(todaysDate, typeOfData): null

14-01-2025T10:06:52 - [TEST_STEP][PASSED] - delay(10): Delayed 10 second(s)

14-01-2025T10:07:03 - [MESSAGE][PASSED] - Delayed 10 second(s)

14-01-2025T10:07:03 - [TEST_STEP][PASSED] - if (verifyTextNotPresent("нет данных", false) == true): null

14-01-2025T10:07:03 - [MESSAGE][PASSED] - Text 'нет данных' is not present on page

14-01-2025T10:07:03 - [TEST_STEP][PASSED] - if (verifyTextNotPresent("Ошибка запроса данных", false) == true): null

14-01-2025T10:07:03 - [MESSAGE][PASSED] - Text 'Ошибка запроса данных' is not present on page

14-01-2025T10:07:03 - [TEST_STEP][PASSED] - if (verifyTextNotPresent("Произошла ошибка при выполнении пользовательского кода", false) == true): null

14-01-2025T10:07:04 - [MESSAGE][PASSED] - Text 'Произошла ошибка при выполнении пользовательского кода' is not present on page

14-01-2025T10:07:04 - [TEST_STEP][PASSED] - if (verifyTextNotPresent("У виджета нет данных", false) == true): null

14-01-2025T10:07:04 - [MESSAGE][PASSED] - Text 'У виджета нет данных' is not present on page

14-01-2025T10:07:04 - [TEST_STEP][PASSED] - if (verifyTextNotPresent("У виджета нет данных", false) == true): Text 'У виджета нет данных' is not present on page

14-01-2025T10:07:05 - [MESSAGE][PASSED] - Text 'У виджета нет данных' is not present on page

14-01-2025T10:07:05 - [TEST_STEP][PASSED] - click(findTestObject("Факторный анализ/Переключить отображение с месяца на филиал")): Object: 'Object Repository/Факторный анализ/Переключить отображение с месяца на филиал' is clicked on

14-01-2025T10:07:05 - [MESSAGE][PASSED] - Object: 'Object Repository/Факторный анализ/Переключить отображение с месяца на филиал' is clicked on

14-01-2025T10:07:05 - [TEST_STEP][PASSED] - click(findTestObject("Факторный анализ/Фильтр ДЗО")): Object: 'Object Repository/Факторный анализ/Фильтр ДЗО' is clicked on

14-01-2025T10:07:06 - [MESSAGE][PASSED] - Object: 'Object Repository/Факторный анализ/Фильтр ДЗО' is clicked on

14-01-2025T10:07:06 - [TEST_STEP][PASSED] - click(findTestObject("Факторный анализ/Снять выделение в фильтре ДЗО")): Object: 'Object Repository/Факторный анализ/Снять выделение в фильтре ДЗО' is clicked on

14-01-2025T10:07:06 - [MESSAGE][PASSED] - Object: 'Object Repository/Факторный анализ/Снять выделение в фильтре ДЗО' is clicked on

14-01-2025T10:07:06 - [TEST_STEP][PASSED] - scrollToElement(findTestObject("Общие объекты/Москва"), 30): Scroll to object 'Object Repository/Общие объекты/Москва' successfully

14-01-2025T10:07:06 - [MESSAGE][PASSED] - Scroll to object 'Object Repository/Общие объекты/Москва' successfully

14-01-2025T10:07:06 - [TEST_STEP][PASSED] - click(findTestObject("Общие объекты/Москва")): Object: 'Object Repository/Общие объекты/Москва' is clicked on

14-01-2025T10:07:07 - [MESSAGE][PASSED] - Object: 'Object Repository/Общие объекты/Москва' is clicked on

14-01-2025T10:07:07 - [TEST_STEP][PASSED] - Script1687405718449.Change(todaysDate, typeOfData): null

14-01-2025T10:07:07 - [TEST_STEP][PASSED] - scrollToElement(findTestObject("Факторный анализ/Заголовок дашборда"), 30): Scroll to object 'Object Repository/Факторный анализ/Заголовок дашборда' successfully

14-01-2025T10:07:07 - [MESSAGE][PASSED] - Scroll to object 'Object Repository/Факторный анализ/Заголовок дашборда' successfully

14-01-2025T10:07:07 - [TEST_STEP][PASSED] - click(findTestObject("Факторный анализ/Применить в фильтре ДЗО")): Object: 'Object Repository/Факторный анализ/Применить в фильтре ДЗО' is clicked on

14-01-2025T10:07:08 - [MESSAGE][PASSED] - Object: 'Object Repository/Факторный анализ/Применить в фильтре ДЗО' is clicked on

14-01-2025T10:07:08 - [TEST_STEP][PASSED] - typeOfData = "Филиал": null

14-01-2025T10:07:08 - [TEST_STEP][PASSED] - Script1687405718449.Test(todaysDate, typeOfData): null

14-01-2025T10:07:08 - [TEST_STEP][PASSED] - delay(10): Delayed 10 second(s)

14-01-2025T10:07:18 - [MESSAGE][PASSED] - Delayed 10 second(s)

14-01-2025T10:07:18 - [TEST_STEP][PASSED] - if (verifyTextNotPresent("нет данных", false) == true): null

14-01-2025T10:07:18 - [MESSAGE][PASSED] - Text 'нет данных' is not present on page

14-01-2025T10:07:18 - [TEST_STEP][PASSED] - if (verifyTextNotPresent("Ошибка запроса данных", false) == true): null

14-01-2025T10:07:19 - [MESSAGE][PASSED] - Text 'Ошибка запроса данных' is not present on page

14-01-2025T10:07:19 - [TEST_STEP][PASSED] - if (verifyTextNotPresent("Произошла ошибка при выполнении пользовательского кода", false) == true): null

14-01-2025T10:07:19 - [MESSAGE][PASSED] - Text 'Произошла ошибка при выполнении пользовательского кода' is not present on page

14-01-2025T10:07:19 - [TEST_STEP][PASSED] - if (verifyTextNotPresent("У виджета нет данных", false) == true): null

14-01-2025T10:07:20 - [MESSAGE][PASSED] - Text 'У виджета нет данных' is not present on page

14-01-2025T10:07:20 - [TEST_STEP][PASSED] - if (verifyTextNotPresent("У виджета нет данных", false) == true): Text 'У виджета нет данных' is not present on page

14-01-2025T10:07:20 - [MESSAGE][PASSED] - Text 'У виджета нет данных' is not present on page

14-01-2025T10:07:20 - [TEST_STEP][PASSED] - click(findTestObject("Факторный анализ/Переключить отображение с филиала на месяц")): Object: 'Object Repository/Факторный анализ/Переключить отображение с филиала на месяц' is clicked on

14-01-2025T10:07:21 - [MESSAGE][PASSED] - Object: 'Object Repository/Факторный анализ/Переключить отображение с филиала на месяц' is clicked on

14-01-2025T10:07:21 - [TEST_STEP][PASSED] - typeOfData = "Месяц": null

14-01-2025T10:07:21 - [TEST_STEP][PASSED] - Script1687405718449.Test(todaysDate, typeOfData): null

14-01-2025T10:07:21 - [TEST_STEP][PASSED] - delay(10): Delayed 10 second(s)

14-01-2025T10:07:31 - [MESSAGE][PASSED] - Delayed 10 second(s)

14-01-2025T10:07:31 - [TEST_STEP][PASSED] - if (verifyTextNotPresent("нет данных", false) == true): null

14-01-2025T10:07:31 - [MESSAGE][PASSED] - Text 'нет данных' is not present on page

14-01-2025T10:07:31 - [TEST_STEP][PASSED] - if (verifyTextNotPresent("Ошибка запроса данных", false) == true): null

14-01-2025T10:07:31 - [MESSAGE][PASSED] - Text 'Ошибка запроса данных' is not present on page

14-01-2025T10:07:31 - [TEST_STEP][PASSED] - if (verifyTextNotPresent("Произошла ошибка при выполнении пользовательского кода", false) == true): null

14-01-2025T10:07:32 - [MESSAGE][PASSED] - Text 'Произошла ошибка при выполнении пользовательского кода' is not present on page

14-01-2025T10:07:32 - [TEST_STEP][PASSED] - if (verifyTextNotPresent("У виджета нет данных", false) == true): null

14-01-2025T10:07:32 - [MESSAGE][PASSED] - Text 'У виджета нет данных' is not present on page

14-01-2025T10:07:32 - [TEST_STEP][PASSED] - if (verifyTextNotPresent("У виджета нет данных", false) == true): Text 'У виджета нет данных' is not present on page

14-01-2025T10:07:33 - [MESSAGE][PASSED] - Text 'У виджета нет данных' is not present on page

14-01-2025T10:07:33 - [TEST_STEP][PASSED] - click(findTestObject("Факторный анализ/Переключить отображение с месяца на филиал")): Object: 'Object Repository/Факторный анализ/Переключить отображение с месяца на филиал' is clicked on

14-01-2025T10:07:33 - [MESSAGE][PASSED] - Object: 'Object Repository/Факторный анализ/Переключить отображение с месяца на филиал' is clicked on

14-01-2025T10:07:33 - [TEST_STEP][PASSED] - click(findTestObject("Факторный анализ/Фильтр ДЗО")): Object: 'Object Repository/Факторный анализ/Фильтр ДЗО' is clicked on

14-01-2025T10:07:34 - [MESSAGE][PASSED] - Object: 'Object Repository/Факторный анализ/Фильтр ДЗО' is clicked on

14-01-2025T10:07:34 - [TEST_STEP][PASSED] - click(findTestObject("Факторный анализ/Снять выделение в фильтре ДЗО")): Object: 'Object Repository/Факторный анализ/Снять выделение в фильтре ДЗО' is clicked on

14-01-2025T10:07:34 - [MESSAGE][PASSED] - Object: 'Object Repository/Факторный анализ/Снять выделение в фильтре ДЗО' is clicked on

14-01-2025T10:07:34 - [TEST_STEP][PASSED] - scrollToElement(findTestObject("Общие объекты/Раскрыть список Россети Северный Кавказ"), 30): Scroll to object 'Object Repository/Общие объекты/Раскрыть список Россети Северный Кавказ' successfully

14-01-2025T10:07:34 - [MESSAGE][PASSED] - Scroll to object 'Object Repository/Общие объекты/Раскрыть список Россети Северный Кавказ' successfully

14-01-2025T10:07:34 - [TEST_STEP][PASSED] - click(findTestObject("Факторный анализ/Россети Северный Кавказ")): Object: 'Object Repository/Факторный анализ/Россети Северный Кавказ' is clicked on

14-01-2025T10:07:35 - [MESSAGE][PASSED] - Object: 'Object Repository/Факторный анализ/Россети Северный Кавказ' is clicked on

14-01-2025T10:07:35 - [TEST_STEP][PASSED] - Script1687405718449.Change(todaysDate, typeOfData): null

14-01-2025T10:07:35 - [TEST_STEP][PASSED] - scrollToElement(findTestObject("Факторный анализ/Заголовок дашборда"), 30): Scroll to object 'Object Repository/Факторный анализ/Заголовок дашборда' successfully

14-01-2025T10:07:35 - [MESSAGE][PASSED] - Scroll to object 'Object Repository/Факторный анализ/Заголовок дашборда' successfully

14-01-2025T10:07:35 - [TEST_STEP][PASSED] - click(findTestObject("Факторный анализ/Применить в фильтре ДЗО")): Object: 'Object Repository/Факторный анализ/Применить в фильтре ДЗО' is clicked on

14-01-2025T10:07:36 - [MESSAGE][PASSED] - Object: 'Object Repository/Факторный анализ/Применить в фильтре ДЗО' is clicked on

14-01-2025T10:07:36 - [TEST_STEP][PASSED] - typeOfData = "Филиал": null

14-01-2025T10:07:36 - [TEST_STEP][PASSED] - Script1687405718449.Test(todaysDate, typeOfData): null

14-01-2025T10:07:36 - [TEST_STEP][PASSED] - delay(10): Delayed 10 second(s)

14-01-2025T10:07:46 - [MESSAGE][PASSED] - Delayed 10 second(s)

14-01-2025T10:07:46 - [TEST_STEP][PASSED] - if (verifyTextNotPresent("нет данных", false) == true): null

14-01-2025T10:07:46 - [MESSAGE][PASSED] - Text 'нет данных' is not present on page

14-01-2025T10:07:46 - [TEST_STEP][PASSED] - if (verifyTextNotPresent("Ошибка запроса данных", false) == true): null

14-01-2025T10:07:47 - [MESSAGE][PASSED] - Text 'Ошибка запроса данных' is not present on page

14-01-2025T10:07:47 - [TEST_STEP][PASSED] - if (verifyTextNotPresent("Произошла ошибка при выполнении пользовательского кода", false) == true): null

14-01-2025T10:07:47 - [MESSAGE][PASSED] - Text 'Произошла ошибка при выполнении пользовательского кода' is not present on page

14-01-2025T10:07:47 - [TEST_STEP][PASSED] - if (verifyTextNotPresent("У виджета нет данных", false) == true): null

14-01-2025T10:07:48 - [MESSAGE][PASSED] - Text 'У виджета нет данных' is not present on page

14-01-2025T10:07:48 - [TEST_STEP][PASSED] - if (verifyTextNotPresent("У виджета нет данных", false) == true): Text 'У виджета нет данных' is not present on page

14-01-2025T10:07:48 - [MESSAGE][PASSED] - Text 'У виджета нет данных' is not present on page

14-01-2025T10:07:48 - [TEST_STEP][PASSED] - click(findTestObject("Факторный анализ/Переключить отображение с филиала на месяц")): Object: 'Object Repository/Факторный анализ/Переключить отображение с филиала на месяц' is clicked on

14-01-2025T10:07:49 - [MESSAGE][PASSED] - Object: 'Object Repository/Факторный анализ/Переключить отображение с филиала на месяц' is clicked on

14-01-2025T10:07:49 - [TEST_STEP][PASSED] - typeOfData = "Месяц": null

14-01-2025T10:07:49 - [TEST_STEP][PASSED] - Script1687405718449.Test(todaysDate, typeOfData): null

14-01-2025T10:07:49 - [TEST_STEP][PASSED] - delay(10): Delayed 10 second(s)

14-01-2025T10:07:59 - [MESSAGE][PASSED] - Delayed 10 second(s)

14-01-2025T10:07:59 - [TEST_STEP][PASSED] - if (verifyTextNotPresent("нет данных", false) == true): null

14-01-2025T10:07:59 - [MESSAGE][PASSED] - Text 'нет данных' is not present on page

14-01-2025T10:07:59 - [TEST_STEP][PASSED] - if (verifyTextNotPresent("Ошибка запроса данных", false) == true): null

14-01-2025T10:08:00 - [MESSAGE][PASSED] - Text 'Ошибка запроса данных' is not present on page

14-01-2025T10:08:00 - [TEST_STEP][PASSED] - if (verifyTextNotPresent("Произошла ошибка при выполнении пользовательского кода", false) == true): null

14-01-2025T10:08:00 - [MESSAGE][PASSED] - Text 'Произошла ошибка при выполнении пользовательского кода' is not present on page

14-01-2025T10:08:00 - [TEST_STEP][PASSED] - if (verifyTextNotPresent("У виджета нет данных", false) == true): null

14-01-2025T10:08:01 - [MESSAGE][PASSED] - Text 'У виджета нет данных' is not present on page

14-01-2025T10:08:01 - [TEST_STEP][PASSED] - if (verifyTextNotPresent("У виджета нет данных", false) == true): Text 'У виджета нет данных' is not present on page

14-01-2025T10:08:01 - [MESSAGE][PASSED] - Text 'У виджета нет данных' is not present on page

14-01-2025T10:08:01 - [TEST_STEP][PASSED] - click(findTestObject("Факторный анализ/Переключить отображение с месяца на филиал")): Object: 'Object Repository/Факторный анализ/Переключить отображение с месяца на филиал' is clicked on

14-01-2025T10:08:01 - [MESSAGE][PASSED] - Object: 'Object Repository/Факторный анализ/Переключить отображение с месяца на филиал' is clicked on

14-01-2025T10:08:01 - [TEST_STEP][PASSED] - click(findTestObject("Факторный анализ/Фильтр ДЗО")): Object: 'Object Repository/Факторный анализ/Фильтр ДЗО' is clicked on

14-01-2025T10:08:02 - [MESSAGE][PASSED] - Object: 'Object Repository/Факторный анализ/Фильтр ДЗО' is clicked on

14-01-2025T10:08:02 - [TEST_STEP][PASSED] - click(findTestObject("Факторный анализ/Снять выделение в фильтре ДЗО")): Object: 'Object Repository/Факторный анализ/Снять выделение в фильтре ДЗО' is clicked on

14-01-2025T10:08:02 - [MESSAGE][PASSED] - Object: 'Object Repository/Факторный анализ/Снять выделение в фильтре ДЗО' is clicked on

14-01-2025T10:08:02 - [TEST_STEP][PASSED] - scrollToElement(findTestObject("Общие объекты/Раскрыть список Россети Северный Кавказ"), 30): Scroll to object 'Object Repository/Общие объекты/Раскрыть список Россети Северный Кавказ' successfully

14-01-2025T10:08:02 - [MESSAGE][PASSED] - Scroll to object 'Object Repository/Общие объекты/Раскрыть список Россети Северный Кавказ' successfully

14-01-2025T10:08:02 - [TEST_STEP][PASSED] - click(findTestObject("Общие объекты/Раскрыть список Россети Северный Кавказ")): Object: 'Object Repository/Общие объекты/Раскрыть список Россети Северный Кавказ' is clicked on

14-01-2025T10:08:03 - [MESSAGE][PASSED] - Object: 'Object Repository/Общие объекты/Раскрыть список Россети Северный Кавказ' is clicked on

14-01-2025T10:08:03 - [TEST_STEP][PASSED] - click(findTestObject("Общие объекты/Раскрыть список Россети Северный Кавказ")): Object: 'Object Repository/Общие объекты/Раскрыть список Россети Северный Кавказ' is clicked on

14-01-2025T10:08:04 - [MESSAGE][PASSED] - Object: 'Object Repository/Общие объекты/Раскрыть список Россети Северный Кавказ' is clicked on

14-01-2025T10:08:04 - [TEST_STEP][PASSED] - scrollToElement(findTestObject("Общие объекты/Дагэнерго"), 30): Scroll to object 'Object Repository/Общие объекты/Дагэнерго' successfully

14-01-2025T10:08:04 - [MESSAGE][PASSED] - Scroll to object 'Object Repository/Общие объекты/Дагэнерго' successfully

14-01-2025T10:08:04 - [TEST_STEP][PASSED] - click(findTestObject("Общие объекты/Дагэнерго")): Object: 'Object Repository/Общие объекты/Дагэнерго' is clicked on

14-01-2025T10:08:04 - [MESSAGE][PASSED] - Object: 'Object Repository/Общие объекты/Дагэнерго' is clicked on

14-01-2025T10:08:04 - [TEST_STEP][PASSED] - Script1687405718449.Change(todaysDate, typeOfData): null

14-01-2025T10:08:04 - [TEST_STEP][PASSED] - scrollToElement(findTestObject("Факторный анализ/Заголовок дашборда"), 30): Scroll to object 'Object Repository/Факторный анализ/Заголовок дашборда' successfully

14-01-2025T10:08:05 - [MESSAGE][PASSED] - Scroll to object 'Object Repository/Факторный анализ/Заголовок дашборда' successfully

14-01-2025T10:08:05 - [TEST_STEP][PASSED] - click(findTestObject("Факторный анализ/Применить в фильтре ДЗО")): Object: 'Object Repository/Факторный анализ/Применить в фильтре ДЗО' is clicked on

14-01-2025T10:08:05 - [MESSAGE][PASSED] - Object: 'Object Repository/Факторный анализ/Применить в фильтре ДЗО' is clicked on

14-01-2025T10:08:05 - [TEST_STEP][PASSED] - typeOfData = "Филиал": null

14-01-2025T10:08:05 - [TEST_STEP][PASSED] - Script1687405718449.Test(todaysDate, typeOfData): null

14-01-2025T10:08:05 - [TEST_STEP][PASSED] - delay(10): Delayed 10 second(s)

14-01-2025T10:08:15 - [MESSAGE][PASSED] - Delayed 10 second(s)

14-01-2025T10:08:15 - [TEST_STEP][PASSED] - if (verifyTextNotPresent("нет данных", false) == true): null

14-01-2025T10:08:16 - [MESSAGE][PASSED] - Text 'нет данных' is not present on page

14-01-2025T10:08:16 - [TEST_STEP][PASSED] - if (verifyTextNotPresent("Ошибка запроса данных", false) == true): null

14-01-2025T10:08:16 - [MESSAGE][PASSED] - Text 'Ошибка запроса данных' is not present on page

14-01-2025T10:08:16 - [TEST_STEP][PASSED] - if (verifyTextNotPresent("Произошла ошибка при выполнении пользовательского кода", false) == true): null

14-01-2025T10:08:17 - [MESSAGE][PASSED] - Text 'Произошла ошибка при выполнении пользовательского кода' is not present on page

14-01-2025T10:08:17 - [TEST_STEP][PASSED] - if (verifyTextNotPresent("У виджета нет данных", false) == true): null

14-01-2025T10:08:17 - [MESSAGE][PASSED] - Text 'У виджета нет данных' is not present on page

14-01-2025T10:08:17 - [TEST_STEP][PASSED] - if (verifyTextNotPresent("У виджета нет данных", false) == true): Text 'У виджета нет данных' is not present on page

14-01-2025T10:08:18 - [MESSAGE][PASSED] - Text 'У виджета нет данных' is not present on page

14-01-2025T10:08:18 - [TEST_STEP][PASSED] - click(findTestObject("Факторный анализ/Переключить отображение с филиала на месяц")): Object: 'Object Repository/Факторный анализ/Переключить отображение с филиала на месяц' is clicked on

14-01-2025T10:08:18 - [MESSAGE][PASSED] - Object: 'Object Repository/Факторный анализ/Переключить отображение с филиала на месяц' is clicked on

14-01-2025T10:08:18 - [TEST_STEP][PASSED] - typeOfData = "Месяц": null

14-01-2025T10:08:18 - [TEST_STEP][PASSED] - Script1687405718449.Test(todaysDate, typeOfData): null

14-01-2025T10:08:18 - [TEST_STEP][PASSED] - delay(10): Delayed 10 second(s)

14-01-2025T10:08:28 - [MESSAGE][PASSED] - Delayed 10 second(s)

14-01-2025T10:08:28 - [TEST_STEP][PASSED] - if (verifyTextNotPresent("нет данных", false) == true): null

14-01-2025T10:08:29 - [MESSAGE][PASSED] - Text 'нет данных' is not present on page

14-01-2025T10:08:29 - [TEST_STEP][PASSED] - if (verifyTextNotPresent("Ошибка запроса данных", false) == true): null

14-01-2025T10:08:29 - [MESSAGE][PASSED] - Text 'Ошибка запроса данных' is not present on page

14-01-2025T10:08:29 - [TEST_STEP][PASSED] - if (verifyTextNotPresent("Произошла ошибка при выполнении пользовательского кода", false) == true): null

14-01-2025T10:08:30 - [MESSAGE][PASSED] - Text 'Произошла ошибка при выполнении пользовательского кода' is not present on page

14-01-2025T10:08:30 - [TEST_STEP][PASSED] - if (verifyTextNotPresent("У виджета нет данных", false) == true): null

14-01-2025T10:08:30 - [MESSAGE][PASSED] - Text 'У виджета нет данных' is not present on page

14-01-2025T10:08:30 - [TEST_STEP][PASSED] - if (verifyTextNotPresent("У виджета нет данных", false) == true): Text 'У виджета нет данных' is not present on page

14-01-2025T10:08:31 - [MESSAGE][PASSED] - Text 'У виджета нет данных' is not present on page

14-01-2025T10:08:31 - [TEST_STEP][PASSED] - click(findTestObject("Факторный анализ/Переключить отображение с месяца на филиал")): Object: 'Object Repository/Факторный анализ/Переключить отображение с месяца на филиал' is clicked on

14-01-2025T10:08:31 - [MESSAGE][PASSED] - Object: 'Object Repository/Факторный анализ/Переключить отображение с месяца на филиал' is clicked on

14-01-2025T10:08:31 - [TEST_STEP][PASSED] - click(findTestObject("Факторный анализ/Фильтр ДЗО")): Object: 'Object Repository/Факторный анализ/Фильтр ДЗО' is clicked on

14-01-2025T10:08:31 - [MESSAGE][PASSED] - Object: 'Object Repository/Факторный анализ/Фильтр ДЗО' is clicked on

14-01-2025T10:08:31 - [TEST_STEP][PASSED] - click(findTestObject("Факторный анализ/Снять выделение в фильтре ДЗО")): Object: 'Object Repository/Факторный анализ/Снять выделение в фильтре ДЗО' is clicked on

14-01-2025T10:08:32 - [MESSAGE][PASSED] - Object: 'Object Repository/Факторный анализ/Снять выделение в фильтре ДЗО' is clicked on

14-01-2025T10:08:32 - [TEST_STEP][PASSED] - scrollToElement(findTestObject("Общие объекты/Ингушэнерго"), 30): Scroll to object 'Object Repository/Общие объекты/Ингушэнерго' successfully

14-01-2025T10:08:32 - [MESSAGE][PASSED] - Scroll to object 'Object Repository/Общие объекты/Ингушэнерго' successfully

14-01-2025T10:08:32 - [TEST_STEP][PASSED] - click(findTestObject("Общие объекты/Ингушэнерго")): Object: 'Object Repository/Общие объекты/Ингушэнерго' is clicked on

14-01-2025T10:08:32 - [MESSAGE][PASSED] - Object: 'Object Repository/Общие объекты/Ингушэнерго' is clicked on

14-01-2025T10:08:32 - [TEST_STEP][PASSED] - Script1687405718449.Change(todaysDate, typeOfData): null

14-01-2025T10:08:32 - [TEST_STEP][PASSED] - scrollToElement(findTestObject("Факторный анализ/Заголовок дашборда"), 30): Scroll to object 'Object Repository/Факторный анализ/Заголовок дашборда' successfully

14-01-2025T10:08:33 - [MESSAGE][PASSED] - Scroll to object 'Object Repository/Факторный анализ/Заголовок дашборда' successfully

14-01-2025T10:08:33 - [TEST_STEP][PASSED] - click(findTestObject("Факторный анализ/Применить в фильтре ДЗО")): Object: 'Object Repository/Факторный анализ/Применить в фильтре ДЗО' is clicked on

14-01-2025T10:08:33 - [MESSAGE][PASSED] - Object: 'Object Repository/Факторный анализ/Применить в фильтре ДЗО' is clicked on

14-01-2025T10:08:33 - [TEST_STEP][PASSED] - typeOfData = "Филиал": null

14-01-2025T10:08:33 - [TEST_STEP][PASSED] - Script1687405718449.Test(todaysDate, typeOfData): null

14-01-2025T10:08:33 - [TEST_STEP][PASSED] - delay(10): Delayed 10 second(s)

14-01-2025T10:08:43 - [MESSAGE][PASSED] - Delayed 10 second(s)

14-01-2025T10:08:43 - [TEST_STEP][PASSED] - if (verifyTextNotPresent("нет данных", false) == true): null

14-01-2025T10:08:44 - [MESSAGE][PASSED] - Text 'нет данных' is not present on page

14-01-2025T10:08:44 - [TEST_STEP][PASSED] - if (verifyTextNotPresent("Ошибка запроса данных", false) == true): null

14-01-2025T10:08:44 - [MESSAGE][PASSED] - Text 'Ошибка запроса данных' is not present on page

14-01-2025T10:08:44 - [TEST_STEP][PASSED] - if (verifyTextNotPresent("Произошла ошибка при выполнении пользовательского кода", false) == true): null

14-01-2025T10:08:45 - [MESSAGE][PASSED] - Text 'Произошла ошибка при выполнении пользовательского кода' is not present on page

14-01-2025T10:08:45 - [TEST_STEP][PASSED] - if (verifyTextNotPresent("У виджета нет данных", false) == true): null

14-01-2025T10:08:45 - [MESSAGE][PASSED] - Text 'У виджета нет данных' is not present on page

14-01-2025T10:08:45 - [TEST_STEP][PASSED] - if (verifyTextNotPresent("У виджета нет данных", false) == true): Text 'У виджета нет данных' is not present on page

14-01-2025T10:08:46 - [MESSAGE][PASSED] - Text 'У виджета нет данных' is not present on page

14-01-2025T10:08:46 - [TEST_STEP][PASSED] - click(findTestObject("Факторный анализ/Переключить отображение с филиала на месяц")): Object: 'Object Repository/Факторный анализ/Переключить отображение с филиала на месяц' is clicked on

14-01-2025T10:08:46 - [MESSAGE][PASSED] - Object: 'Object Repository/Факторный анализ/Переключить отображение с филиала на месяц' is clicked on

14-01-2025T10:08:46 - [TEST_STEP][PASSED] - typeOfData = "Месяц": null

14-01-2025T10:08:46 - [TEST_STEP][PASSED] - Script1687405718449.Test(todaysDate, typeOfData): null

14-01-2025T10:08:46 - [TEST_STEP][PASSED] - delay(10): Delayed 10 second(s)

14-01-2025T10:08:56 - [MESSAGE][PASSED] - Delayed 10 second(s)

14-01-2025T10:08:56 - [TEST_STEP][PASSED] - if (verifyTextNotPresent("нет данных", false) == true): null

14-01-2025T10:08:57 - [MESSAGE][PASSED] - Text 'нет данных' is not present on page

14-01-2025T10:08:57 - [TEST_STEP][PASSED] - if (verifyTextNotPresent("Ошибка запроса данных", false) == true): null

14-01-2025T10:08:57 - [MESSAGE][PASSED] - Text 'Ошибка запроса данных' is not present on page

14-01-2025T10:08:57 - [TEST_STEP][PASSED] - if (verifyTextNotPresent("Произошла ошибка при выполнении пользовательского кода", false) == true): null

14-01-2025T10:08:58 - [MESSAGE][PASSED] - Text 'Произошла ошибка при выполнении пользовательского кода' is not present on page

14-01-2025T10:08:58 - [TEST_STEP][PASSED] - if (verifyTextNotPresent("У виджета нет данных", false) == true): null

14-01-2025T10:08:58 - [MESSAGE][PASSED] - Text 'У виджета нет данных' is not present on page

14-01-2025T10:08:58 - [TEST_STEP][PASSED] - if (verifyTextNotPresent("У виджета нет данных", false) == true): Text 'У виджета нет данных' is not present on page

14-01-2025T10:08:59 - [MESSAGE][PASSED] - Text 'У виджета нет данных' is not present on page

14-01-2025T10:08:59 - [TEST_STEP][PASSED] - click(findTestObject("Факторный анализ/Переключить отображение с месяца на филиал")): Object: 'Object Repository/Факторный анализ/Переключить отображение с месяца на филиал' is clicked on

14-01-2025T10:08:59 - [MESSAGE][PASSED] - Object: 'Object Repository/Факторный анализ/Переключить отображение с месяца на филиал' is clicked on

14-01-2025T10:08:59 - [TEST_STEP][PASSED] - click(findTestObject("Факторный анализ/Фильтр ДЗО")): Object: 'Object Repository/Факторный анализ/Фильтр ДЗО' is clicked on

14-01-2025T10:08:59 - [MESSAGE][PASSED] - Object: 'Object Repository/Факторный анализ/Фильтр ДЗО' is clicked on

14-01-2025T10:08:59 - [TEST_STEP][PASSED] - click(findTestObject("Факторный анализ/Снять выделение в фильтре ДЗО")): Object: 'Object Repository/Факторный анализ/Снять выделение в фильтре ДЗО' is clicked on

14-01-2025T10:09:00 - [MESSAGE][PASSED] - Object: 'Object Repository/Факторный анализ/Снять выделение в фильтре ДЗО' is clicked on

14-01-2025T10:09:00 - [TEST_STEP][PASSED] - scrollToElement(findTestObject("Общие объекты/Каббалкэнерго"), 30): Scroll to object 'Object Repository/Общие объекты/Каббалкэнерго' successfully

14-01-2025T10:09:00 - [MESSAGE][PASSED] - Scroll to object 'Object Repository/Общие объекты/Каббалкэнерго' successfully

14-01-2025T10:09:00 - [TEST_STEP][PASSED] - click(findTestObject("Общие объекты/Каббалкэнерго")): Object: 'Object Repository/Общие объекты/Каббалкэнерго' is clicked on

14-01-2025T10:09:00 - [MESSAGE][PASSED] - Object: 'Object Repository/Общие объекты/Каббалкэнерго' is clicked on

14-01-2025T10:09:00 - [TEST_STEP][PASSED] - Script1687405718449.Change(todaysDate, typeOfData): null

14-01-2025T10:09:00 - [TEST_STEP][PASSED] - scrollToElement(findTestObject("Факторный анализ/Заголовок дашборда"), 30): Scroll to object 'Object Repository/Факторный анализ/Заголовок дашборда' successfully

14-01-2025T10:09:01 - [MESSAGE][PASSED] - Scroll to object 'Object Repository/Факторный анализ/Заголовок дашборда' successfully

14-01-2025T10:09:01 - [TEST_STEP][PASSED] - click(findTestObject("Факторный анализ/Применить в фильтре ДЗО")): Object: 'Object Repository/Факторный анализ/Применить в фильтре ДЗО' is clicked on

14-01-2025T10:09:01 - [MESSAGE][PASSED] - Object: 'Object Repository/Факторный анализ/Применить в фильтре ДЗО' is clicked on

14-01-2025T10:09:01 - [TEST_STEP][PASSED] - typeOfData = "Филиал": null

14-01-2025T10:09:01 - [TEST_STEP][PASSED] - Script1687405718449.Test(todaysDate, typeOfData): null

14-01-2025T10:09:01 - [TEST_STEP][PASSED] - delay(10): Delayed 10 second(s)

14-01-2025T10:09:11 - [MESSAGE][PASSED] - Delayed 10 second(s)

14-01-2025T10:09:11 - [TEST_STEP][PASSED] - if (verifyTextNotPresent("нет данных", false) == true): null

14-01-2025T10:09:12 - [MESSAGE][PASSED] - Text 'нет данных' is not present on page

14-01-2025T10:09:12 - [TEST_STEP][PASSED] - if (verifyTextNotPresent("Ошибка запроса данных", false) == true): null

14-01-2025T10:09:12 - [MESSAGE][PASSED] - Text 'Ошибка запроса данных' is not present on page

14-01-2025T10:09:12 - [TEST_STEP][PASSED] - if (verifyTextNotPresent("Произошла ошибка при выполнении пользовательского кода", false) == true): null

14-01-2025T10:09:13 - [MESSAGE][PASSED] - Text 'Произошла ошибка при выполнении пользовательского кода' is not present on page

14-01-2025T10:09:13 - [TEST_STEP][PASSED] - if (verifyTextNotPresent("У виджета нет данных", false) == true): null

14-01-2025T10:09:13 - [MESSAGE][PASSED] - Text 'У виджета нет данных' is not present on page

14-01-2025T10:09:13 - [TEST_STEP][PASSED] - if (verifyTextNotPresent("У виджета нет данных", false) == true): Text 'У виджета нет данных' is not present on page

14-01-2025T10:09:14 - [MESSAGE][PASSED] - Text 'У виджета нет данных' is not present on page

14-01-2025T10:09:14 - [TEST_STEP][PASSED] - click(findTestObject("Факторный анализ/Переключить отображение с филиала на месяц")): Object: 'Object Repository/Факторный анализ/Переключить отображение с филиала на месяц' is clicked on

14-01-2025T10:09:14 - [MESSAGE][PASSED] - Object: 'Object Repository/Факторный анализ/Переключить отображение с филиала на месяц' is clicked on

14-01-2025T10:09:14 - [TEST_STEP][PASSED] - typeOfData = "Месяц": null

14-01-2025T10:09:14 - [TEST_STEP][PASSED] - Script1687405718449.Test(todaysDate, typeOfData): null

14-01-2025T10:09:14 - [TEST_STEP][PASSED] - delay(10): Delayed 10 second(s)

14-01-2025T10:09:24 - [MESSAGE][PASSED] - Delayed 10 second(s)

14-01-2025T10:09:24 - [TEST_STEP][PASSED] - if (verifyTextNotPresent("нет данных", false) == true): null

14-01-2025T10:09:25 - [MESSAGE][PASSED] - Text 'нет данных' is not present on page

14-01-2025T10:09:25 - [TEST_STEP][PASSED] - if (verifyTextNotPresent("Ошибка запроса данных", false) == true): null

14-01-2025T10:09:25 - [MESSAGE][PASSED] - Text 'Ошибка запроса данных' is not present on page

14-01-2025T10:09:25 - [TEST_STEP][PASSED] - if (verifyTextNotPresent("Произошла ошибка при выполнении пользовательского кода", false) == true): null

14-01-2025T10:09:26 - [MESSAGE][PASSED] - Text 'Произошла ошибка при выполнении пользовательского кода' is not present on page

14-01-2025T10:09:26 - [TEST_STEP][PASSED] - if (verifyTextNotPresent("У виджета нет данных", false) == true): null

14-01-2025T10:09:26 - [MESSAGE][PASSED] - Text 'У виджета нет данных' is not present on page

14-01-2025T10:09:26 - [TEST_STEP][PASSED] - if (verifyTextNotPresent("У виджета нет данных", false) == true): Text 'У виджета нет данных' is not present on page

14-01-2025T10:09:27 - [MESSAGE][PASSED] - Text 'У виджета нет данных' is not present on page

14-01-2025T10:09:27 - [TEST_STEP][PASSED] - click(findTestObject("Факторный анализ/Переключить отображение с месяца на филиал")): Object: 'Object Repository/Факторный анализ/Переключить отображение с месяца на филиал' is clicked on

14-01-2025T10:09:27 - [MESSAGE][PASSED] - Object: 'Object Repository/Факторный анализ/Переключить отображение с месяца на филиал' is clicked on

14-01-2025T10:09:27 - [TEST_STEP][PASSED] - click(findTestObject("Факторный анализ/Фильтр ДЗО")): Object: 'Object Repository/Факторный анализ/Фильтр ДЗО' is clicked on

14-01-2025T10:09:27 - [MESSAGE][PASSED] - Object: 'Object Repository/Факторный анализ/Фильтр ДЗО' is clicked on

14-01-2025T10:09:27 - [TEST_STEP][PASSED] - click(findTestObject("Факторный анализ/Снять выделение в фильтре ДЗО")): Object: 'Object Repository/Факторный анализ/Снять выделение в фильтре ДЗО' is clicked on

14-01-2025T10:09:28 - [MESSAGE][PASSED] - Object: 'Object Repository/Факторный анализ/Снять выделение в фильтре ДЗО' is clicked on

14-01-2025T10:09:28 - [TEST_STEP][PASSED] - scrollToElement(findTestObject("Общие объекты/Карачаево-Черкесскэнерго"), 30): Scroll to object 'Object Repository/Общие объекты/Карачаево-Черкесскэнерго' successfully

14-01-2025T10:09:28 - [MESSAGE][PASSED] - Scroll to object 'Object Repository/Общие объекты/Карачаево-Черкесскэнерго' successfully

14-01-2025T10:09:28 - [TEST_STEP][PASSED] - click(findTestObject("Общие объекты/Карачаево-Черкесскэнерго")): Object: 'Object Repository/Общие объекты/Карачаево-Черкесскэнерго' is clicked on

14-01-2025T10:09:28 - [MESSAGE][PASSED] - Object: 'Object Repository/Общие объекты/Карачаево-Черкесскэнерго' is clicked on

14-01-2025T10:09:28 - [TEST_STEP][PASSED] - Script1687405718449.Change(todaysDate, typeOfData): null

14-01-2025T10:09:28 - [TEST_STEP][PASSED] - scrollToElement(findTestObject("Факторный анализ/Заголовок дашборда"), 30): Scroll to object 'Object Repository/Факторный анализ/Заголовок дашборда' successfully

14-01-2025T10:09:29 - [MESSAGE][PASSED] - Scroll to object 'Object Repository/Факторный анализ/Заголовок дашборда' successfully

14-01-2025T10:09:29 - [TEST_STEP][PASSED] - click(findTestObject("Факторный анализ/Применить в фильтре ДЗО")): Object: 'Object Repository/Факторный анализ/Применить в фильтре ДЗО' is clicked on

14-01-2025T10:09:29 - [MESSAGE][PASSED] - Object: 'Object Repository/Факторный анализ/Применить в фильтре ДЗО' is clicked on

14-01-2025T10:09:29 - [TEST_STEP][PASSED] - typeOfData = "Филиал": null

14-01-2025T10:09:29 - [TEST_STEP][PASSED] - Script1687405718449.Test(todaysDate, typeOfData): null

14-01-2025T10:09:29 - [TEST_STEP][PASSED] - delay(10): Delayed 10 second(s)

14-01-2025T10:09:39 - [MESSAGE][PASSED] - Delayed 10 second(s)

14-01-2025T10:09:39 - [TEST_STEP][PASSED] - if (verifyTextNotPresent("нет данных", false) == true): null

14-01-2025T10:09:40 - [MESSAGE][PASSED] - Text 'нет данных' is not present on page

14-01-2025T10:09:40 - [TEST_STEP][PASSED] - if (verifyTextNotPresent("Ошибка запроса данных", false) == true): null

14-01-2025T10:09:40 - [MESSAGE][PASSED] - Text 'Ошибка запроса данных' is not present on page

14-01-2025T10:09:40 - [TEST_STEP][PASSED] - if (verifyTextNotPresent("Произошла ошибка при выполнении пользовательского кода", false) == true): null

14-01-2025T10:09:41 - [MESSAGE][PASSED] - Text 'Произошла ошибка при выполнении пользовательского кода' is not present on page

14-01-2025T10:09:41 - [TEST_STEP][PASSED] - if (verifyTextNotPresent("У виджета нет данных", false) == true): null

14-01-2025T10:09:41 - [MESSAGE][PASSED] - Text 'У виджета нет данных' is not present on page

14-01-2025T10:09:41 - [TEST_STEP][PASSED] - if (verifyTextNotPresent("У виджета нет данных", false) == true): Text 'У виджета нет данных' is not present on page

14-01-2025T10:09:42 - [MESSAGE][PASSED] - Text 'У виджета нет данных' is not present on page

14-01-2025T10:09:42 - [TEST_STEP][PASSED] - click(findTestObject("Факторный анализ/Переключить отображение с филиала на месяц")): Object: 'Object Repository/Факторный анализ/Переключить отображение с филиала на месяц' is clicked on

14-01-2025T10:09:42 - [MESSAGE][PASSED] - Object: 'Object Repository/Факторный анализ/Переключить отображение с филиала на месяц' is clicked on

14-01-2025T10:09:42 - [TEST_STEP][PASSED] - typeOfData = "Месяц": null

14-01-2025T10:09:42 - [TEST_STEP][PASSED] - Script1687405718449.Test(todaysDate, typeOfData): null

14-01-2025T10:09:42 - [TEST_STEP][PASSED] - delay(10): Delayed 10 second(s)

14-01-2025T10:09:52 - [MESSAGE][PASSED] - Delayed 10 second(s)

14-01-2025T10:09:52 - [TEST_STEP][PASSED] - if (verifyTextNotPresent("нет данных", false) == true): null

14-01-2025T10:09:53 - [MESSAGE][PASSED] - Text 'нет данных' is not present on page

14-01-2025T10:09:53 - [TEST_STEP][PASSED] - if (verifyTextNotPresent("Ошибка запроса данных", false) == true): null

14-01-2025T10:09:53 - [MESSAGE][PASSED] - Text 'Ошибка запроса данных' is not present on page

14-01-2025T10:09:53 - [TEST_STEP][PASSED] - if (verifyTextNotPresent("Произошла ошибка при выполнении пользовательского кода", false) == true): null

14-01-2025T10:09:54 - [MESSAGE][PASSED] - Text 'Произошла ошибка при выполнении пользовательского кода' is not present on page

14-01-2025T10:09:54 - [TEST_STEP][PASSED] - if (verifyTextNotPresent("У виджета нет данных", false) == true): null

14-01-2025T10:09:54 - [MESSAGE][PASSED] - Text 'У виджета нет данных' is not present on page

14-01-2025T10:09:54 - [TEST_STEP][PASSED] - if (verifyTextNotPresent("У виджета нет данных", false) == true): Text 'У виджета нет данных' is not present on page

14-01-2025T10:09:55 - [MESSAGE][PASSED] - Text 'У виджета нет данных' is not present on page

14-01-2025T10:09:55 - [TEST_STEP][PASSED] - click(findTestObject("Факторный анализ/Переключить отображение с месяца на филиал")): Object: 'Object Repository/Факторный анализ/Переключить отображение с месяца на филиал' is clicked on

14-01-2025T10:09:55 - [MESSAGE][PASSED] - Object: 'Object Repository/Факторный анализ/Переключить отображение с месяца на филиал' is clicked on

14-01-2025T10:09:55 - [TEST_STEP][PASSED] - click(findTestObject("Факторный анализ/Фильтр ДЗО")): Object: 'Object Repository/Факторный анализ/Фильтр ДЗО' is clicked on

14-01-2025T10:09:55 - [MESSAGE][PASSED] - Object: 'Object Repository/Факторный анализ/Фильтр ДЗО' is clicked on

14-01-2025T10:09:55 - [TEST_STEP][PASSED] - click(findTestObject("Факторный анализ/Снять выделение в фильтре ДЗО")): Object: 'Object Repository/Факторный анализ/Снять выделение в фильтре ДЗО' is clicked on

14-01-2025T10:09:56 - [MESSAGE][PASSED] - Object: 'Object Repository/Факторный анализ/Снять выделение в фильтре ДЗО' is clicked on

14-01-2025T10:09:56 - [TEST_STEP][PASSED] - scrollToElement(findTestObject("Общие объекты/Севкавказэнерго"), 30): Scroll to object 'Object Repository/Общие объекты/Севкавказэнерго' successfully

14-01-2025T10:09:56 - [MESSAGE][PASSED] - Scroll to object 'Object Repository/Общие объекты/Севкавказэнерго' successfully

14-01-2025T10:09:56 - [TEST_STEP][PASSED] - click(findTestObject("Общие объекты/Севкавказэнерго")): Object: 'Object Repository/Общие объекты/Севкавказэнерго' is clicked on

14-01-2025T10:09:56 - [MESSAGE][PASSED] - Object: 'Object Repository/Общие объекты/Севкавказэнерго' is clicked on

14-01-2025T10:09:56 - [TEST_STEP][PASSED] - Script1687405718449.Change(todaysDate, typeOfData): null

14-01-2025T10:09:56 - [TEST_STEP][PASSED] - scrollToElement(findTestObject("Факторный анализ/Заголовок дашборда"), 30): Scroll to object 'Object Repository/Факторный анализ/Заголовок дашборда' successfully

14-01-2025T10:09:57 - [MESSAGE][PASSED] - Scroll to object 'Object Repository/Факторный анализ/Заголовок дашборда' successfully

14-01-2025T10:09:57 - [TEST_STEP][PASSED] - click(findTestObject("Факторный анализ/Применить в фильтре ДЗО")): Object: 'Object Repository/Факторный анализ/Применить в фильтре ДЗО' is clicked on

14-01-2025T10:09:57 - [MESSAGE][PASSED] - Object: 'Object Repository/Факторный анализ/Применить в фильтре ДЗО' is clicked on

14-01-2025T10:09:57 - [TEST_STEP][PASSED] - typeOfData = "Филиал": null

14-01-2025T10:09:57 - [TEST_STEP][PASSED] - Script1687405718449.Test(todaysDate, typeOfData): null

14-01-2025T10:09:57 - [TEST_STEP][PASSED] - delay(10): Delayed 10 second(s)

14-01-2025T10:10:07 - [MESSAGE][PASSED] - Delayed 10 second(s)

14-01-2025T10:10:07 - [TEST_STEP][PASSED] - if (verifyTextNotPresent("нет данных", false) == true): null

14-01-2025T10:10:08 - [MESSAGE][PASSED] - Text 'нет данных' is not present on page

14-01-2025T10:10:08 - [TEST_STEP][PASSED] - if (verifyTextNotPresent("Ошибка запроса данных", false) == true): null

14-01-2025T10:10:08 - [MESSAGE][PASSED] - Text 'Ошибка запроса данных' is not present on page

14-01-2025T10:10:08 - [TEST_STEP][PASSED] - if (verifyTextNotPresent("Произошла ошибка при выполнении пользовательского кода", false) == true): null

14-01-2025T10:10:09 - [MESSAGE][PASSED] - Text 'Произошла ошибка при выполнении пользовательского кода' is not present on page

14-01-2025T10:10:09 - [TEST_STEP][PASSED] - if (verifyTextNotPresent("У виджета нет данных", false) == true): null

14-01-2025T10:10:09 - [MESSAGE][PASSED] - Text 'У виджета нет данных' is not present on page

14-01-2025T10:10:09 - [TEST_STEP][PASSED] - if (verifyTextNotPresent("У виджета нет данных", false) == true): Text 'У виджета нет данных' is not present on page

14-01-2025T10:10:10 - [MESSAGE][PASSED] - Text 'У виджета нет данных' is not present on page

14-01-2025T10:10:10 - [TEST_STEP][PASSED] - click(findTestObject("Факторный анализ/Переключить отображение с филиала на месяц")): Object: 'Object Repository/Факторный анализ/Переключить отображение с филиала на месяц' is clicked on

14-01-2025T10:10:10 - [MESSAGE][PASSED] - Object: 'Object Repository/Факторный анализ/Переключить отображение с филиала на месяц' is clicked on

14-01-2025T10:10:10 - [TEST_STEP][PASSED] - typeOfData = "Месяц": null

14-01-2025T10:10:10 - [TEST_STEP][PASSED] - Script1687405718449.Test(todaysDate, typeOfData): null

14-01-2025T10:10:10 - [TEST_STEP][PASSED] - delay(10): Delayed 10 second(s)

14-01-2025T10:10:20 - [MESSAGE][PASSED] - Delayed 10 second(s)

14-01-2025T10:10:20 - [TEST_STEP][PASSED] - if (verifyTextNotPresent("нет данных", false) == true): null

14-01-2025T10:10:21 - [MESSAGE][PASSED] - Text 'нет данных' is not present on page

14-01-2025T10:10:21 - [TEST_STEP][PASSED] - if (verifyTextNotPresent("Ошибка запроса данных", false) == true): null

14-01-2025T10:10:21 - [MESSAGE][PASSED] - Text 'Ошибка запроса данных' is not present on page

14-01-2025T10:10:21 - [TEST_STEP][PASSED] - if (verifyTextNotPresent("Произошла ошибка при выполнении пользовательского кода", false) == true): null

14-01-2025T10:10:22 - [MESSAGE][PASSED] - Text 'Произошла ошибка при выполнении пользовательского кода' is not present on page

14-01-2025T10:10:22 - [TEST_STEP][PASSED] - if (verifyTextNotPresent("У виджета нет данных", false) == true): null

14-01-2025T10:10:22 - [MESSAGE][PASSED] - Text 'У виджета нет данных' is not present on page

14-01-2025T10:10:22 - [TEST_STEP][PASSED] - if (verifyTextNotPresent("У виджета нет данных", false) == true): Text 'У виджета нет данных' is not present on page

14-01-2025T10:10:23 - [MESSAGE][PASSED] - Text 'У виджета нет данных' is not present on page

14-01-2025T10:10:23 - [TEST_STEP][PASSED] - click(findTestObject("Факторный анализ/Переключить отображение с месяца на филиал")): Object: 'Object Repository/Факторный анализ/Переключить отображение с месяца на филиал' is clicked on

14-01-2025T10:10:23 - [MESSAGE][PASSED] - Object: 'Object Repository/Факторный анализ/Переключить отображение с месяца на филиал' is clicked on

14-01-2025T10:10:23 - [TEST_STEP][PASSED] - click(findTestObject("Факторный анализ/Фильтр ДЗО")): Object: 'Object Repository/Факторный анализ/Фильтр ДЗО' is clicked on

14-01-2025T10:10:23 - [MESSAGE][PASSED] - Object: 'Object Repository/Факторный анализ/Фильтр ДЗО' is clicked on

14-01-2025T10:10:23 - [TEST_STEP][PASSED] - click(findTestObject("Факторный анализ/Снять выделение в фильтре ДЗО")): Object: 'Object Repository/Факторный анализ/Снять выделение в фильтре ДЗО' is clicked on

14-01-2025T10:10:24 - [MESSAGE][PASSED] - Object: 'Object Repository/Факторный анализ/Снять выделение в фильтре ДЗО' is clicked on

14-01-2025T10:10:24 - [TEST_STEP][PASSED] - scrollToElement(findTestObject("Общие объекты/Ставропольэнерго"), 30): Scroll to object 'Object Repository/Общие объекты/Ставропольэнерго' successfully

14-01-2025T10:10:24 - [MESSAGE][PASSED] - Scroll to object 'Object Repository/Общие объекты/Ставропольэнерго' successfully

14-01-2025T10:10:24 - [TEST_STEP][PASSED] - click(findTestObject("Общие объекты/Ставропольэнерго")): Object: 'Object Repository/Общие объекты/Ставропольэнерго' is clicked on

14-01-2025T10:10:24 - [MESSAGE][PASSED] - Object: 'Object Repository/Общие объекты/Ставропольэнерго' is clicked on

14-01-2025T10:10:24 - [TEST_STEP][PASSED] - Script1687405718449.Change(todaysDate, typeOfData): null

14-01-2025T10:10:24 - [TEST_STEP][PASSED] - scrollToElement(findTestObject("Факторный анализ/Заголовок дашборда"), 30): Scroll to object 'Object Repository/Факторный анализ/Заголовок дашборда' successfully

14-01-2025T10:10:25 - [MESSAGE][PASSED] - Scroll to object 'Object Repository/Факторный анализ/Заголовок дашборда' successfully

14-01-2025T10:10:25 - [TEST_STEP][PASSED] - click(findTestObject("Факторный анализ/Применить в фильтре ДЗО")): Object: 'Object Repository/Факторный анализ/Применить в фильтре ДЗО' is clicked on

14-01-2025T10:10:26 - [MESSAGE][PASSED] - Object: 'Object Repository/Факторный анализ/Применить в фильтре ДЗО' is clicked on

14-01-2025T10:10:26 - [TEST_STEP][PASSED] - typeOfData = "Филиал": null

14-01-2025T10:10:26 - [TEST_STEP][PASSED] - Script1687405718449.Test(todaysDate, typeOfData): null

14-01-2025T10:10:26 - [TEST_STEP][PASSED] - delay(10): Delayed 10 second(s)

14-01-2025T10:10:36 - [MESSAGE][PASSED] - Delayed 10 second(s)

14-01-2025T10:10:36 - [TEST_STEP][PASSED] - if (verifyTextNotPresent("нет данных", false) == true): null

14-01-2025T10:10:36 - [MESSAGE][PASSED] - Text 'нет данных' is not present on page

14-01-2025T10:10:36 - [TEST_STEP][PASSED] - if (verifyTextNotPresent("Ошибка запроса данных", false) == true): null

14-01-2025T10:10:37 - [MESSAGE][PASSED] - Text 'Ошибка запроса данных' is not present on page

14-01-2025T10:10:37 - [TEST_STEP][PASSED] - if (verifyTextNotPresent("Произошла ошибка при выполнении пользовательского кода", false) == true): null

14-01-2025T10:10:37 - [MESSAGE][PASSED] - Text 'Произошла ошибка при выполнении пользовательского кода' is not present on page

14-01-2025T10:10:37 - [TEST_STEP][PASSED] - if (verifyTextNotPresent("У виджета нет данных", false) == true): null

14-01-2025T10:10:37 - [MESSAGE][PASSED] - Text 'У виджета нет данных' is not present on page

14-01-2025T10:10:37 - [TEST_STEP][PASSED] - if (verifyTextNotPresent("У виджета нет данных", false) == true): Text 'У виджета нет данных' is not present on page

14-01-2025T10:10:38 - [MESSAGE][PASSED] - Text 'У виджета нет данных' is not present on page

14-01-2025T10:10:38 - [TEST_STEP][PASSED] - click(findTestObject("Факторный анализ/Переключить отображение с филиала на месяц")): Object: 'Object Repository/Факторный анализ/Переключить отображение с филиала на месяц' is clicked on

14-01-2025T10:10:38 - [MESSAGE][PASSED] - Object: 'Object Repository/Факторный анализ/Переключить отображение с филиала на месяц' is clicked on

14-01-2025T10:10:38 - [TEST_STEP][PASSED] - typeOfData = "Месяц": null

14-01-2025T10:10:38 - [TEST_STEP][PASSED] - Script1687405718449.Test(todaysDate, typeOfData): null

14-01-2025T10:10:38 - [TEST_STEP][PASSED] - delay(10): Delayed 10 second(s)

14-01-2025T10:10:48 - [MESSAGE][PASSED] - Delayed 10 second(s)

14-01-2025T10:10:48 - [TEST_STEP][PASSED] - if (verifyTextNotPresent("нет данных", false) == true): null

14-01-2025T10:10:49 - [MESSAGE][PASSED] - Text 'нет данных' is not present on page

14-01-2025T10:10:49 - [TEST_STEP][PASSED] - if (verifyTextNotPresent("Ошибка запроса данных", false) == true): null

14-01-2025T10:10:49 - [MESSAGE][PASSED] - Text 'Ошибка запроса данных' is not present on page

14-01-2025T10:10:49 - [TEST_STEP][PASSED] - if (verifyTextNotPresent("Произошла ошибка при выполнении пользовательского кода", false) == true): null

14-01-2025T10:10:50 - [MESSAGE][PASSED] - Text 'Произошла ошибка при выполнении пользовательского кода' is not present on page

14-01-2025T10:10:50 - [TEST_STEP][PASSED] - if (verifyTextNotPresent("У виджета нет данных", false) == true): null

14-01-2025T10:10:50 - [MESSAGE][PASSED] - Text 'У виджета нет данных' is not present on page

14-01-2025T10:10:50 - [TEST_STEP][PASSED] - if (verifyTextNotPresent("У виджета нет данных", false) == true): Text 'У виджета нет данных' is not present on page

14-01-2025T10:10:51 - [MESSAGE][PASSED] - Text 'У виджета нет данных' is not present on page

14-01-2025T10:10:51 - [TEST_STEP][PASSED] - click(findTestObject("Факторный анализ/Переключить отображение с месяца на филиал")): Object: 'Object Repository/Факторный анализ/Переключить отображение с месяца на филиал' is clicked on

14-01-2025T10:10:51 - [MESSAGE][PASSED] - Object: 'Object Repository/Факторный анализ/Переключить отображение с месяца на филиал' is clicked on

14-01-2025T10:10:51 - [TEST_STEP][PASSED] - click(findTestObject("Факторный анализ/Фильтр ДЗО")): Object: 'Object Repository/Факторный анализ/Фильтр ДЗО' is clicked on

14-01-2025T10:10:51 - [MESSAGE][PASSED] - Object: 'Object Repository/Факторный анализ/Фильтр ДЗО' is clicked on

14-01-2025T10:10:51 - [TEST_STEP][PASSED] - click(findTestObject("Факторный анализ/Снять выделение в фильтре ДЗО")): Object: 'Object Repository/Факторный анализ/Снять выделение в фильтре ДЗО' is clicked on

14-01-2025T10:10:52 - [MESSAGE][PASSED] - Object: 'Object Repository/Факторный анализ/Снять выделение в фильтре ДЗО' is clicked on

14-01-2025T10:10:52 - [TEST_STEP][PASSED] - scrollToElement(findTestObject("Общие объекты/Раскрыть список Россети Северо-Запад"), 30): Scroll to object 'Object Repository/Общие объекты/Раскрыть список Россети Северо-Запад' successfully

14-01-2025T10:10:52 - [MESSAGE][PASSED] - Scroll to object 'Object Repository/Общие объекты/Раскрыть список Россети Северо-Запад' successfully

14-01-2025T10:10:52 - [TEST_STEP][PASSED] - click(findTestObject("Факторный анализ/Россети Северо-Запад")): Object: 'Object Repository/Факторный анализ/Россети Северо-Запад' is clicked on

14-01-2025T10:10:53 - [MESSAGE][PASSED] - Object: 'Object Repository/Факторный анализ/Россети Северо-Запад' is clicked on

14-01-2025T10:10:53 - [TEST_STEP][PASSED] - Script1687405718449.Change(todaysDate, typeOfData): null

14-01-2025T10:10:53 - [TEST_STEP][PASSED] - scrollToElement(findTestObject("Факторный анализ/Заголовок дашборда"), 30): Scroll to object 'Object Repository/Факторный анализ/Заголовок дашборда' successfully

14-01-2025T10:10:53 - [MESSAGE][PASSED] - Scroll to object 'Object Repository/Факторный анализ/Заголовок дашборда' successfully

14-01-2025T10:10:53 - [TEST_STEP][PASSED] - click(findTestObject("Факторный анализ/Применить в фильтре ДЗО")): Object: 'Object Repository/Факторный анализ/Применить в фильтре ДЗО' is clicked on

14-01-2025T10:10:54 - [MESSAGE][PASSED] - Object: 'Object Repository/Факторный анализ/Применить в фильтре ДЗО' is clicked on

14-01-2025T10:10:54 - [TEST_STEP][PASSED] - typeOfData = "Филиал": null

14-01-2025T10:10:54 - [TEST_STEP][PASSED] - Script1687405718449.Test(todaysDate, typeOfData): null

14-01-2025T10:10:54 - [TEST_STEP][PASSED] - delay(10): Delayed 10 second(s)

14-01-2025T10:11:04 - [MESSAGE][PASSED] - Delayed 10 second(s)

14-01-2025T10:11:04 - [TEST_STEP][PASSED] - if (verifyTextNotPresent("нет данных", false) == true): null

14-01-2025T10:11:04 - [MESSAGE][PASSED] - Text 'нет данных' is not present on page

14-01-2025T10:11:04 - [TEST_STEP][PASSED] - if (verifyTextNotPresent("Ошибка запроса данных", false) == true): null

14-01-2025T10:11:05 - [MESSAGE][PASSED] - Text 'Ошибка запроса данных' is not present on page

14-01-2025T10:11:05 - [TEST_STEP][PASSED] - if (verifyTextNotPresent("Произошла ошибка при выполнении пользовательского кода", false) == true): null

14-01-2025T10:11:05 - [MESSAGE][PASSED] - Text 'Произошла ошибка при выполнении пользовательского кода' is not present on page

14-01-2025T10:11:05 - [TEST_STEP][PASSED] - if (verifyTextNotPresent("У виджета нет данных", false) == true): null

14-01-2025T10:11:06 - [MESSAGE][PASSED] - Text 'У виджета нет данных' is not present on page

14-01-2025T10:11:06 - [TEST_STEP][PASSED] - if (verifyTextNotPresent("У виджета нет данных", false) == true): Text 'У виджета нет данных' is not present on page

14-01-2025T10:11:06 - [MESSAGE][PASSED] - Text 'У виджета нет данных' is not present on page

14-01-2025T10:11:06 - [TEST_STEP][PASSED] - click(findTestObject("Факторный анализ/Переключить отображение с филиала на месяц")): Object: 'Object Repository/Факторный анализ/Переключить отображение с филиала на месяц' is clicked on

14-01-2025T10:11:06 - [MESSAGE][PASSED] - Object: 'Object Repository/Факторный анализ/Переключить отображение с филиала на месяц' is clicked on

14-01-2025T10:11:06 - [TEST_STEP][PASSED] - typeOfData = "Месяц": null

14-01-2025T10:11:06 - [TEST_STEP][PASSED] - Script1687405718449.Test(todaysDate, typeOfData): null

14-01-2025T10:11:06 - [TEST_STEP][PASSED] - delay(10): Delayed 10 second(s)

14-01-2025T10:11:16 - [MESSAGE][PASSED] - Delayed 10 second(s)

14-01-2025T10:11:16 - [TEST_STEP][PASSED] - if (verifyTextNotPresent("нет данных", false) == true): null

14-01-2025T10:11:17 - [MESSAGE][PASSED] - Text 'нет данных' is not present on page

14-01-2025T10:11:17 - [TEST_STEP][PASSED] - if (verifyTextNotPresent("Ошибка запроса данных", false) == true): null

14-01-2025T10:11:17 - [MESSAGE][PASSED] - Text 'Ошибка запроса данных' is not present on page

14-01-2025T10:11:17 - [TEST_STEP][PASSED] - if (verifyTextNotPresent("Произошла ошибка при выполнении пользовательского кода", false) == true): null

14-01-2025T10:11:18 - [MESSAGE][PASSED] - Text 'Произошла ошибка при выполнении пользовательского кода' is not present on page

14-01-2025T10:11:18 - [TEST_STEP][PASSED] - if (verifyTextNotPresent("У виджета нет данных", false) == true): null

14-01-2025T10:11:18 - [MESSAGE][PASSED] - Text 'У виджета нет данных' is not present on page

14-01-2025T10:11:18 - [TEST_STEP][PASSED] - if (verifyTextNotPresent("У виджета нет данных", false) == true): Text 'У виджета нет данных' is not present on page

14-01-2025T10:11:19 - [MESSAGE][PASSED] - Text 'У виджета нет данных' is not present on page

14-01-2025T10:11:19 - [TEST_STEP][PASSED] - click(findTestObject("Факторный анализ/Переключить отображение с месяца на филиал")): Object: 'Object Repository/Факторный анализ/Переключить отображение с месяца на филиал' is clicked on

14-01-2025T10:11:19 - [MESSAGE][PASSED] - Object: 'Object Repository/Факторный анализ/Переключить отображение с месяца на филиал' is clicked on

14-01-2025T10:11:19 - [TEST_STEP][PASSED] - click(findTestObject("Факторный анализ/Фильтр ДЗО")): Object: 'Object Repository/Факторный анализ/Фильтр ДЗО' is clicked on

14-01-2025T10:11:19 - [MESSAGE][PASSED] - Object: 'Object Repository/Факторный анализ/Фильтр ДЗО' is clicked on

14-01-2025T10:11:19 - [TEST_STEP][PASSED] - click(findTestObject("Факторный анализ/Снять выделение в фильтре ДЗО")): Object: 'Object Repository/Факторный анализ/Снять выделение в фильтре ДЗО' is clicked on

14-01-2025T10:11:20 - [MESSAGE][PASSED] - Object: 'Object Repository/Факторный анализ/Снять выделение в фильтре ДЗО' is clicked on

14-01-2025T10:11:20 - [TEST_STEP][PASSED] - scrollToElement(findTestObject("Общие объекты/Раскрыть список Россети Северо-Запад"), 30): Scroll to object 'Object Repository/Общие объекты/Раскрыть список Россети Северо-Запад' successfully

14-01-2025T10:11:20 - [MESSAGE][PASSED] - Scroll to object 'Object Repository/Общие объекты/Раскрыть список Россети Северо-Запад' successfully

14-01-2025T10:11:20 - [TEST_STEP][PASSED] - click(findTestObject("Общие объекты/Раскрыть список Россети Северо-Запад")): Object: 'Object Repository/Общие объекты/Раскрыть список Россети Северо-Запад' is clicked on

14-01-2025T10:11:21 - [MESSAGE][PASSED] - Object: 'Object Repository/Общие объекты/Раскрыть список Россети Северо-Запад' is clicked on

14-01-2025T10:11:21 - [TEST_STEP][PASSED] - click(findTestObject("Общие объекты/Раскрыть список Россети Северо-Запад")): Object: 'Object Repository/Общие объекты/Раскрыть список Россети Северо-Запад' is clicked on

14-01-2025T10:11:21 - [MESSAGE][PASSED] - Object: 'Object Repository/Общие объекты/Раскрыть список Россети Северо-Запад' is clicked on

14-01-2025T10:11:21 - [TEST_STEP][PASSED] - click(findTestObject("Общие объекты/Архангельский филиал")): Object: 'Object Repository/Общие объекты/Архангельский филиал' is clicked on

14-01-2025T10:11:22 - [MESSAGE][PASSED] - Object: 'Object Repository/Общие объекты/Архангельский филиал' is clicked on

14-01-2025T10:11:22 - [TEST_STEP][PASSED] - Script1687405718449.Change(todaysDate, typeOfData): null

14-01-2025T10:11:22 - [TEST_STEP][PASSED] - scrollToElement(findTestObject("Факторный анализ/Заголовок дашборда"), 30): Scroll to object 'Object Repository/Факторный анализ/Заголовок дашборда' successfully

14-01-2025T10:11:22 - [MESSAGE][PASSED] - Scroll to object 'Object Repository/Факторный анализ/Заголовок дашборда' successfully

14-01-2025T10:11:22 - [TEST_STEP][PASSED] - click(findTestObject("Факторный анализ/Применить в фильтре ДЗО")): Object: 'Object Repository/Факторный анализ/Применить в фильтре ДЗО' is clicked on

14-01-2025T10:11:23 - [MESSAGE][PASSED] - Object: 'Object Repository/Факторный анализ/Применить в фильтре ДЗО' is clicked on

14-01-2025T10:11:23 - [TEST_STEP][PASSED] - typeOfData = "Филиал": null

14-01-2025T10:11:23 - [TEST_STEP][PASSED] - Script1687405718449.Test(todaysDate, typeOfData): null

14-01-2025T10:11:23 - [TEST_STEP][PASSED] - delay(10): Delayed 10 second(s)

14-01-2025T10:11:33 - [MESSAGE][PASSED] - Delayed 10 second(s)

14-01-2025T10:11:33 - [TEST_STEP][PASSED] - if (verifyTextNotPresent("нет данных", false) == true): null

14-01-2025T10:11:33 - [MESSAGE][PASSED] - Text 'нет данных' is not present on page

14-01-2025T10:11:33 - [TEST_STEP][PASSED] - if (verifyTextNotPresent("Ошибка запроса данных", false) == true): null

14-01-2025T10:11:34 - [MESSAGE][PASSED] - Text 'Ошибка запроса данных' is not present on page

14-01-2025T10:11:34 - [TEST_STEP][PASSED] - if (verifyTextNotPresent("Произошла ошибка при выполнении пользовательского кода", false) == true): null

14-01-2025T10:11:34 - [MESSAGE][PASSED] - Text 'Произошла ошибка при выполнении пользовательского кода' is not present on page

14-01-2025T10:11:34 - [TEST_STEP][PASSED] - if (verifyTextNotPresent("У виджета нет данных", false) == true): null

14-01-2025T10:11:35 - [MESSAGE][PASSED] - Text 'У виджета нет данных' is not present on page

14-01-2025T10:11:35 - [TEST_STEP][PASSED] - if (verifyTextNotPresent("У виджета нет данных", false) == true): Text 'У виджета нет данных' is not present on page

14-01-2025T10:11:35 - [MESSAGE][PASSED] - Text 'У виджета нет данных' is not present on page

14-01-2025T10:11:35 - [TEST_STEP][PASSED] - click(findTestObject("Факторный анализ/Переключить отображение с филиала на месяц")): Object: 'Object Repository/Факторный анализ/Переключить отображение с филиала на месяц' is clicked on

14-01-2025T10:11:36 - [MESSAGE][PASSED] - Object: 'Object Repository/Факторный анализ/Переключить отображение с филиала на месяц' is clicked on

14-01-2025T10:11:36 - [TEST_STEP][PASSED] - typeOfData = "Месяц": null

14-01-2025T10:11:36 - [TEST_STEP][PASSED] - Script1687405718449.Test(todaysDate, typeOfData): null

14-01-2025T10:11:36 - [TEST_STEP][PASSED] - delay(10): Delayed 10 second(s)

14-01-2025T10:11:46 - [MESSAGE][PASSED] - Delayed 10 second(s)

14-01-2025T10:11:46 - [TEST_STEP][PASSED] - if (verifyTextNotPresent("нет данных", false) == true): null

14-01-2025T10:11:46 - [MESSAGE][PASSED] - Text 'нет данных' is not present on page

14-01-2025T10:11:46 - [TEST_STEP][PASSED] - if (verifyTextNotPresent("Ошибка запроса данных", false) == true): null

14-01-2025T10:11:47 - [MESSAGE][PASSED] - Text 'Ошибка запроса данных' is not present on page

14-01-2025T10:11:47 - [TEST_STEP][PASSED] - if (verifyTextNotPresent("Произошла ошибка при выполнении пользовательского кода", false) == true): null

14-01-2025T10:11:47 - [MESSAGE][PASSED] - Text 'Произошла ошибка при выполнении пользовательского кода' is not present on page

14-01-2025T10:11:47 - [TEST_STEP][PASSED] - if (verifyTextNotPresent("У виджета нет данных", false) == true): null

14-01-2025T10:11:48 - [MESSAGE][PASSED] - Text 'У виджета нет данных' is not present on page

14-01-2025T10:11:48 - [TEST_STEP][PASSED] - if (verifyTextNotPresent("У виджета нет данных", false) == true): Text 'У виджета нет данных' is not present on page

14-01-2025T10:11:48 - [MESSAGE][PASSED] - Text 'У виджета нет данных' is not present on page

14-01-2025T10:11:48 - [TEST_STEP][PASSED] - click(findTestObject("Факторный анализ/Переключить отображение с месяца на филиал")): Object: 'Object Repository/Факторный анализ/Переключить отображение с месяца на филиал' is clicked on

14-01-2025T10:11:48 - [MESSAGE][PASSED] - Object: 'Object Repository/Факторный анализ/Переключить отображение с месяца на филиал' is clicked on

14-01-2025T10:11:48 - [TEST_STEP][PASSED] - click(findTestObject("Факторный анализ/Фильтр ДЗО")): Object: 'Object Repository/Факторный анализ/Фильтр ДЗО' is clicked on

14-01-2025T10:11:49 - [MESSAGE][PASSED] - Object: 'Object Repository/Факторный анализ/Фильтр ДЗО' is clicked on

14-01-2025T10:11:49 - [TEST_STEP][PASSED] - click(findTestObject("Факторный анализ/Снять выделение в фильтре ДЗО")): Object: 'Object Repository/Факторный анализ/Снять выделение в фильтре ДЗО' is clicked on

14-01-2025T10:11:49 - [MESSAGE][PASSED] - Object: 'Object Repository/Факторный анализ/Снять выделение в фильтре ДЗО' is clicked on

14-01-2025T10:11:49 - [TEST_STEP][PASSED] - scrollToElement(findTestObject("Общие объекты/Вологодский филиал"), 30): Scroll to object 'Object Repository/Общие объекты/Вологодский филиал' successfully

14-01-2025T10:11:50 - [MESSAGE][PASSED] - Scroll to object 'Object Repository/Общие объекты/Вологодский филиал' successfully

14-01-2025T10:11:50 - [TEST_STEP][PASSED] - click(findTestObject("Общие объекты/Вологодский филиал")): Object: 'Object Repository/Общие объекты/Вологодский филиал' is clicked on

14-01-2025T10:11:50 - [MESSAGE][PASSED] - Object: 'Object Repository/Общие объекты/Вологодский филиал' is clicked on

14-01-2025T10:11:50 - [TEST_STEP][PASSED] - Script1687405718449.Change(todaysDate, typeOfData): null

14-01-2025T10:11:50 - [TEST_STEP][PASSED] - scrollToElement(findTestObject("Факторный анализ/Заголовок дашборда"), 30): Scroll to object 'Object Repository/Факторный анализ/Заголовок дашборда' successfully

14-01-2025T10:11:50 - [MESSAGE][PASSED] - Scroll to object 'Object Repository/Факторный анализ/Заголовок дашборда' successfully

14-01-2025T10:11:50 - [TEST_STEP][PASSED] - click(findTestObject("Факторный анализ/Применить в фильтре ДЗО")): Object: 'Object Repository/Факторный анализ/Применить в фильтре ДЗО' is clicked on

14-01-2025T10:11:51 - [MESSAGE][PASSED] - Object: 'Object Repository/Факторный анализ/Применить в фильтре ДЗО' is clicked on

14-01-2025T10:11:51 - [TEST_STEP][PASSED] - typeOfData = "Филиал": null

14-01-2025T10:11:51 - [TEST_STEP][PASSED] - Script1687405718449.Test(todaysDate, typeOfData): null

14-01-2025T10:11:51 - [TEST_STEP][PASSED] - delay(10): Delayed 10 second(s)

14-01-2025T10:12:01 - [MESSAGE][PASSED] - Delayed 10 second(s)

14-01-2025T10:12:01 - [TEST_STEP][PASSED] - if (verifyTextNotPresent("нет данных", false) == true): null

14-01-2025T10:12:01 - [MESSAGE][PASSED] - Text 'нет данных' is not present on page

14-01-2025T10:12:01 - [TEST_STEP][PASSED] - if (verifyTextNotPresent("Ошибка запроса данных", false) == true): null

14-01-2025T10:12:02 - [MESSAGE][PASSED] - Text 'Ошибка запроса данных' is not present on page

14-01-2025T10:12:02 - [TEST_STEP][PASSED] - if (verifyTextNotPresent("Произошла ошибка при выполнении пользовательского кода", false) == true): null

14-01-2025T10:12:02 - [MESSAGE][PASSED] - Text 'Произошла ошибка при выполнении пользовательского кода' is not present on page

14-01-2025T10:12:02 - [TEST_STEP][PASSED] - if (verifyTextNotPresent("У виджета нет данных", false) == true): null

14-01-2025T10:12:03 - [MESSAGE][PASSED] - Text 'У виджета нет данных' is not present on page

14-01-2025T10:12:03 - [TEST_STEP][PASSED] - if (verifyTextNotPresent("У виджета нет данных", false) == true): Text 'У виджета нет данных' is not present on page

14-01-2025T10:12:03 - [MESSAGE][PASSED] - Text 'У виджета нет данных' is not present on page

14-01-2025T10:12:03 - [TEST_STEP][PASSED] - click(findTestObject("Факторный анализ/Переключить отображение с филиала на месяц")): Object: 'Object Repository/Факторный анализ/Переключить отображение с филиала на месяц' is clicked on

14-01-2025T10:12:04 - [MESSAGE][PASSED] - Object: 'Object Repository/Факторный анализ/Переключить отображение с филиала на месяц' is clicked on

14-01-2025T10:12:04 - [TEST_STEP][PASSED] - typeOfData = "Месяц": null

14-01-2025T10:12:04 - [TEST_STEP][PASSED] - Script1687405718449.Test(todaysDate, typeOfData): null

14-01-2025T10:12:04 - [TEST_STEP][PASSED] - delay(10): Delayed 10 second(s)

14-01-2025T10:12:14 - [MESSAGE][PASSED] - Delayed 10 second(s)

14-01-2025T10:12:14 - [TEST_STEP][PASSED] - if (verifyTextNotPresent("нет данных", false) == true): null

14-01-2025T10:12:14 - [MESSAGE][PASSED] - Text 'нет данных' is not present on page

14-01-2025T10:12:14 - [TEST_STEP][PASSED] - if (verifyTextNotPresent("Ошибка запроса данных", false) == true): null

14-01-2025T10:12:15 - [MESSAGE][PASSED] - Text 'Ошибка запроса данных' is not present on page

14-01-2025T10:12:15 - [TEST_STEP][PASSED] - if (verifyTextNotPresent("Произошла ошибка при выполнении пользовательского кода", false) == true): null

14-01-2025T10:12:15 - [MESSAGE][PASSED] - Text 'Произошла ошибка при выполнении пользовательского кода' is not present on page

14-01-2025T10:12:15 - [TEST_STEP][PASSED] - if (verifyTextNotPresent("У виджета нет данных", false) == true): null

14-01-2025T10:12:16 - [MESSAGE][PASSED] - Text 'У виджета нет данных' is not present on page

14-01-2025T10:12:16 - [TEST_STEP][PASSED] - if (verifyTextNotPresent("У виджета нет данных", false) == true): Text 'У виджета нет данных' is not present on page

14-01-2025T10:12:16 - [MESSAGE][PASSED] - Text 'У виджета нет данных' is not present on page

14-01-2025T10:12:16 - [TEST_STEP][PASSED] - click(findTestObject("Факторный анализ/Переключить отображение с месяца на филиал")): Object: 'Object Repository/Факторный анализ/Переключить отображение с месяца на филиал' is clicked on

14-01-2025T10:12:17 - [MESSAGE][PASSED] - Object: 'Object Repository/Факторный анализ/Переключить отображение с месяца на филиал' is clicked on

14-01-2025T10:12:17 - [TEST_STEP][PASSED] - click(findTestObject("Факторный анализ/Фильтр ДЗО")): Object: 'Object Repository/Факторный анализ/Фильтр ДЗО' is clicked on

14-01-2025T10:12:17 - [MESSAGE][PASSED] - Object: 'Object Repository/Факторный анализ/Фильтр ДЗО' is clicked on

14-01-2025T10:12:17 - [TEST_STEP][PASSED] - click(findTestObject("Факторный анализ/Снять выделение в фильтре ДЗО")): Object: 'Object Repository/Факторный анализ/Снять выделение в фильтре ДЗО' is clicked on

14-01-2025T10:12:17 - [MESSAGE][PASSED] - Object: 'Object Repository/Факторный анализ/Снять выделение в фильтре ДЗО' is clicked on

14-01-2025T10:12:17 - [TEST_STEP][PASSED] - scrollToElement(findTestObject("Общие объекты/Карельский филиал"), 30): Scroll to object 'Object Repository/Общие объекты/Карельский филиал' successfully

14-01-2025T10:12:18 - [MESSAGE][PASSED] - Scroll to object 'Object Repository/Общие объекты/Карельский филиал' successfully

14-01-2025T10:12:18 - [TEST_STEP][PASSED] - click(findTestObject("Общие объекты/Карельский филиал")): Object: 'Object Repository/Общие объекты/Карельский филиал' is clicked on

14-01-2025T10:12:18 - [MESSAGE][PASSED] - Object: 'Object Repository/Общие объекты/Карельский филиал' is clicked on

14-01-2025T10:12:18 - [TEST_STEP][PASSED] - Script1687405718449.Change(todaysDate, typeOfData): null

14-01-2025T10:12:18 - [TEST_STEP][PASSED] - scrollToElement(findTestObject("Факторный анализ/Заголовок дашборда"), 30): Scroll to object 'Object Repository/Факторный анализ/Заголовок дашборда' successfully

14-01-2025T10:12:18 - [MESSAGE][PASSED] - Scroll to object 'Object Repository/Факторный анализ/Заголовок дашборда' successfully

14-01-2025T10:12:18 - [TEST_STEP][PASSED] - click(findTestObject("Факторный анализ/Применить в фильтре ДЗО")): Object: 'Object Repository/Факторный анализ/Применить в фильтре ДЗО' is clicked on

14-01-2025T10:12:19 - [MESSAGE][PASSED] - Object: 'Object Repository/Факторный анализ/Применить в фильтре ДЗО' is clicked on

14-01-2025T10:12:19 - [TEST_STEP][PASSED] - typeOfData = "Филиал": null

14-01-2025T10:12:19 - [TEST_STEP][PASSED] - Script1687405718449.Test(todaysDate, typeOfData): null

14-01-2025T10:12:19 - [TEST_STEP][PASSED] - delay(10): Delayed 10 second(s)

14-01-2025T10:12:29 - [MESSAGE][PASSED] - Delayed 10 second(s)

14-01-2025T10:12:29 - [TEST_STEP][PASSED] - if (verifyTextNotPresent("нет данных", false) == true): null

14-01-2025T10:12:30 - [MESSAGE][PASSED] - Text 'нет данных' is not present on page

14-01-2025T10:12:30 - [TEST_STEP][PASSED] - if (verifyTextNotPresent("Ошибка запроса данных", false) == true): null

14-01-2025T10:12:30 - [MESSAGE][PASSED] - Text 'Ошибка запроса данных' is not present on page

14-01-2025T10:12:30 - [TEST_STEP][PASSED] - if (verifyTextNotPresent("Произошла ошибка при выполнении пользовательского кода", false) == true): null

14-01-2025T10:12:30 - [MESSAGE][PASSED] - Text 'Произошла ошибка при выполнении пользовательского кода' is not present on page

14-01-2025T10:12:30 - [TEST_STEP][PASSED] - if (verifyTextNotPresent("У виджета нет данных", false) == true): null

14-01-2025T10:12:31 - [MESSAGE][PASSED] - Text 'У виджета нет данных' is not present on page

14-01-2025T10:12:31 - [TEST_STEP][PASSED] - if (verifyTextNotPresent("У виджета нет данных", false) == true): Text 'У виджета нет данных' is not present on page

14-01-2025T10:12:31 - [MESSAGE][PASSED] - Text 'У виджета нет данных' is not present on page

14-01-2025T10:12:31 - [TEST_STEP][PASSED] - click(findTestObject("Факторный анализ/Переключить отображение с филиала на месяц")): Object: 'Object Repository/Факторный анализ/Переключить отображение с филиала на месяц' is clicked on

14-01-2025T10:12:32 - [MESSAGE][PASSED] - Object: 'Object Repository/Факторный анализ/Переключить отображение с филиала на месяц' is clicked on

14-01-2025T10:12:32 - [TEST_STEP][PASSED] - typeOfData = "Месяц": null

14-01-2025T10:12:32 - [TEST_STEP][PASSED] - Script1687405718449.Test(todaysDate, typeOfData): null

14-01-2025T10:12:32 - [TEST_STEP][PASSED] - delay(10): Delayed 10 second(s)

14-01-2025T10:12:42 - [MESSAGE][PASSED] - Delayed 10 second(s)

14-01-2025T10:12:42 - [TEST_STEP][PASSED] - if (verifyTextNotPresent("нет данных", false) == true): null

14-01-2025T10:12:42 - [MESSAGE][PASSED] - Text 'нет данных' is not present on page

14-01-2025T10:12:42 - [TEST_STEP][PASSED] - if (verifyTextNotPresent("Ошибка запроса данных", false) == true): null

14-01-2025T10:12:43 - [MESSAGE][PASSED] - Text 'Ошибка запроса данных' is not present on page

14-01-2025T10:12:43 - [TEST_STEP][PASSED] - if (verifyTextNotPresent("Произошла ошибка при выполнении пользовательского кода", false) == true): null

14-01-2025T10:12:43 - [MESSAGE][PASSED] - Text 'Произошла ошибка при выполнении пользовательского кода' is not present on page

14-01-2025T10:12:43 - [TEST_STEP][PASSED] - if (verifyTextNotPresent("У виджета нет данных", false) == true): null

14-01-2025T10:12:44 - [MESSAGE][PASSED] - Text 'У виджета нет данных' is not present on page

14-01-2025T10:12:44 - [TEST_STEP][PASSED] - if (verifyTextNotPresent("У виджета нет данных", false) == true): Text 'У виджета нет данных' is not present on page

14-01-2025T10:12:44 - [MESSAGE][PASSED] - Text 'У виджета нет данных' is not present on page

14-01-2025T10:12:44 - [TEST_STEP][PASSED] - click(findTestObject("Факторный анализ/Переключить отображение с месяца на филиал")): Object: 'Object Repository/Факторный анализ/Переключить отображение с месяца на филиал' is clicked on

14-01-2025T10:12:44 - [MESSAGE][PASSED] - Object: 'Object Repository/Факторный анализ/Переключить отображение с месяца на филиал' is clicked on

14-01-2025T10:12:44 - [TEST_STEP][PASSED] - click(findTestObject("Факторный анализ/Фильтр ДЗО")): Object: 'Object Repository/Факторный анализ/Фильтр ДЗО' is clicked on

14-01-2025T10:12:45 - [MESSAGE][PASSED] - Object: 'Object Repository/Факторный анализ/Фильтр ДЗО' is clicked on

14-01-2025T10:12:45 - [TEST_STEP][PASSED] - click(findTestObject("Факторный анализ/Снять выделение в фильтре ДЗО")): Object: 'Object Repository/Факторный анализ/Снять выделение в фильтре ДЗО' is clicked on

14-01-2025T10:12:45 - [MESSAGE][PASSED] - Object: 'Object Repository/Факторный анализ/Снять выделение в фильтре ДЗО' is clicked on

14-01-2025T10:12:45 - [TEST_STEP][PASSED] - scrollToElement(findTestObject("Общие объекты/Мурманский филиал"), 30): Scroll to object 'Object Repository/Общие объекты/Мурманский филиал' successfully

14-01-2025T10:12:46 - [MESSAGE][PASSED] - Scroll to object 'Object Repository/Общие объекты/Мурманский филиал' successfully

14-01-2025T10:12:46 - [TEST_STEP][PASSED] - click(findTestObject("Общие объекты/Мурманский филиал")): Object: 'Object Repository/Общие объекты/Мурманский филиал' is clicked on

14-01-2025T10:12:46 - [MESSAGE][PASSED] - Object: 'Object Repository/Общие объекты/Мурманский филиал' is clicked on

14-01-2025T10:12:46 - [TEST_STEP][PASSED] - Script1687405718449.Change(todaysDate, typeOfData): null

14-01-2025T10:12:46 - [TEST_STEP][PASSED] - scrollToElement(findTestObject("Факторный анализ/Заголовок дашборда"), 30): Scroll to object 'Object Repository/Факторный анализ/Заголовок дашборда' successfully

14-01-2025T10:12:46 - [MESSAGE][PASSED] - Scroll to object 'Object Repository/Факторный анализ/Заголовок дашборда' successfully

14-01-2025T10:12:46 - [TEST_STEP][PASSED] - click(findTestObject("Факторный анализ/Применить в фильтре ДЗО")): Object: 'Object Repository/Факторный анализ/Применить в фильтре ДЗО' is clicked on

14-01-2025T10:12:47 - [MESSAGE][PASSED] - Object: 'Object Repository/Факторный анализ/Применить в фильтре ДЗО' is clicked on

14-01-2025T10:12:47 - [TEST_STEP][PASSED] - typeOfData = "Филиал": null

14-01-2025T10:12:47 - [TEST_STEP][PASSED] - Script1687405718449.Test(todaysDate, typeOfData): null

14-01-2025T10:12:47 - [TEST_STEP][PASSED] - delay(10): Delayed 10 second(s)

14-01-2025T10:12:57 - [MESSAGE][PASSED] - Delayed 10 second(s)

14-01-2025T10:12:57 - [TEST_STEP][PASSED] - if (verifyTextNotPresent("нет данных", false) == true): null

14-01-2025T10:12:57 - [MESSAGE][PASSED] - Text 'нет данных' is not present on page

14-01-2025T10:12:57 - [TEST_STEP][PASSED] - if (verifyTextNotPresent("Ошибка запроса данных", false) == true): null

14-01-2025T10:12:58 - [MESSAGE][PASSED] - Text 'Ошибка запроса данных' is not present on page

14-01-2025T10:12:58 - [TEST_STEP][PASSED] - if (verifyTextNotPresent("Произошла ошибка при выполнении пользовательского кода", false) == true): null

14-01-2025T10:12:58 - [MESSAGE][PASSED] - Text 'Произошла ошибка при выполнении пользовательского кода' is not present on page

14-01-2025T10:12:58 - [TEST_STEP][PASSED] - if (verifyTextNotPresent("У виджета нет данных", false) == true): null

14-01-2025T10:12:59 - [MESSAGE][PASSED] - Text 'У виджета нет данных' is not present on page

14-01-2025T10:12:59 - [TEST_STEP][PASSED] - if (verifyTextNotPresent("У виджета нет данных", false) == true): Text 'У виджета нет данных' is not present on page

14-01-2025T10:12:59 - [MESSAGE][PASSED] - Text 'У виджета нет данных' is not present on page

14-01-2025T10:12:59 - [TEST_STEP][PASSED] - click(findTestObject("Факторный анализ/Переключить отображение с филиала на месяц")): Object: 'Object Repository/Факторный анализ/Переключить отображение с филиала на месяц' is clicked on

14-01-2025T10:13:00 - [MESSAGE][PASSED] - Object: 'Object Repository/Факторный анализ/Переключить отображение с филиала на месяц' is clicked on

14-01-2025T10:13:00 - [TEST_STEP][PASSED] - typeOfData = "Месяц": null

14-01-2025T10:13:00 - [TEST_STEP][PASSED] - Script1687405718449.Test(todaysDate, typeOfData): null

14-01-2025T10:13:00 - [TEST_STEP][PASSED] - delay(10): Delayed 10 second(s)

14-01-2025T10:13:10 - [MESSAGE][PASSED] - Delayed 10 second(s)

14-01-2025T10:13:10 - [TEST_STEP][PASSED] - if (verifyTextNotPresent("нет данных", false) == true): null

14-01-2025T10:13:10 - [MESSAGE][PASSED] - Text 'нет данных' is not present on page

14-01-2025T10:13:10 - [TEST_STEP][PASSED] - if (verifyTextNotPresent("Ошибка запроса данных", false) == true): null

14-01-2025T10:13:11 - [MESSAGE][PASSED] - Text 'Ошибка запроса данных' is not present on page

14-01-2025T10:13:11 - [TEST_STEP][PASSED] - if (verifyTextNotPresent("Произошла ошибка при выполнении пользовательского кода", false) == true): null

14-01-2025T10:13:11 - [MESSAGE][PASSED] - Text 'Произошла ошибка при выполнении пользовательского кода' is not present on page

14-01-2025T10:13:11 - [TEST_STEP][PASSED] - if (verifyTextNotPresent("У виджета нет данных", false) == true): null

14-01-2025T10:13:12 - [MESSAGE][PASSED] - Text 'У виджета нет данных' is not present on page

14-01-2025T10:13:12 - [TEST_STEP][PASSED] - if (verifyTextNotPresent("У виджета нет данных", false) == true): Text 'У виджета нет данных' is not present on page

14-01-2025T10:13:12 - [MESSAGE][PASSED] - Text 'У виджета нет данных' is not present on page

14-01-2025T10:13:12 - [TEST_STEP][PASSED] - click(findTestObject("Факторный анализ/Переключить отображение с месяца на филиал")): Object: 'Object Repository/Факторный анализ/Переключить отображение с месяца на филиал' is clicked on

14-01-2025T10:13:13 - [MESSAGE][PASSED] - Object: 'Object Repository/Факторный анализ/Переключить отображение с месяца на филиал' is clicked on

14-01-2025T10:13:13 - [TEST_STEP][PASSED] - click(findTestObject("Факторный анализ/Фильтр ДЗО")): Object: 'Object Repository/Факторный анализ/Фильтр ДЗО' is clicked on

14-01-2025T10:13:13 - [MESSAGE][PASSED] - Object: 'Object Repository/Факторный анализ/Фильтр ДЗО' is clicked on

14-01-2025T10:13:13 - [TEST_STEP][PASSED] - click(findTestObject("Факторный анализ/Снять выделение в фильтре ДЗО")): Object: 'Object Repository/Факторный анализ/Снять выделение в фильтре ДЗО' is clicked on

14-01-2025T10:13:13 - [MESSAGE][PASSED] - Object: 'Object Repository/Факторный анализ/Снять выделение в фильтре ДЗО' is clicked on

14-01-2025T10:13:13 - [TEST_STEP][PASSED] - scrollToElement(findTestObject("Общие объекты/Новгородский филиал"), 30): Scroll to object 'Object Repository/Общие объекты/Новгородский филиал' successfully

14-01-2025T10:13:14 - [MESSAGE][PASSED] - Scroll to object 'Object Repository/Общие объекты/Новгородский филиал' successfully

14-01-2025T10:13:14 - [TEST_STEP][PASSED] - click(findTestObject("Общие объекты/Новгородский филиал")): Object: 'Object Repository/Общие объекты/Новгородский филиал' is clicked on

14-01-2025T10:13:14 - [MESSAGE][PASSED] - Object: 'Object Repository/Общие объекты/Новгородский филиал' is clicked on

14-01-2025T10:13:14 - [TEST_STEP][PASSED] - Script1687405718449.Change(todaysDate, typeOfData): null

14-01-2025T10:13:14 - [TEST_STEP][PASSED] - scrollToElement(findTestObject("Факторный анализ/Заголовок дашборда"), 30): Scroll to object 'Object Repository/Факторный анализ/Заголовок дашборда' successfully

14-01-2025T10:13:15 - [MESSAGE][PASSED] - Scroll to object 'Object Repository/Факторный анализ/Заголовок дашборда' successfully

14-01-2025T10:13:15 - [TEST_STEP][PASSED] - click(findTestObject("Факторный анализ/Применить в фильтре ДЗО")): Object: 'Object Repository/Факторный анализ/Применить в фильтре ДЗО' is clicked on

14-01-2025T10:13:15 - [MESSAGE][PASSED] - Object: 'Object Repository/Факторный анализ/Применить в фильтре ДЗО' is clicked on

14-01-2025T10:13:15 - [TEST_STEP][PASSED] - typeOfData = "Филиал": null

14-01-2025T10:13:15 - [TEST_STEP][PASSED] - Script1687405718449.Test(todaysDate, typeOfData): null

14-01-2025T10:13:15 - [TEST_STEP][PASSED] - delay(10): Delayed 10 second(s)

14-01-2025T10:13:25 - [MESSAGE][PASSED] - Delayed 10 second(s)

14-01-2025T10:13:25 - [TEST_STEP][PASSED] - if (verifyTextNotPresent("нет данных", false) == true): null

14-01-2025T10:13:26 - [MESSAGE][PASSED] - Text 'нет данных' is not present on page

14-01-2025T10:13:26 - [TEST_STEP][PASSED] - if (verifyTextNotPresent("Ошибка запроса данных", false) == true): null

14-01-2025T10:13:26 - [MESSAGE][PASSED] - Text 'Ошибка запроса данных' is not present on page

14-01-2025T10:13:26 - [TEST_STEP][PASSED] - if (verifyTextNotPresent("Произошла ошибка при выполнении пользовательского кода", false) == true): null

14-01-2025T10:13:27 - [MESSAGE][PASSED] - Text 'Произошла ошибка при выполнении пользовательского кода' is not present on page

14-01-2025T10:13:27 - [TEST_STEP][PASSED] - if (verifyTextNotPresent("У виджета нет данных", false) == true): null

14-01-2025T10:13:27 - [MESSAGE][PASSED] - Text 'У виджета нет данных' is not present on page

14-01-2025T10:13:27 - [TEST_STEP][PASSED] - if (verifyTextNotPresent("У виджета нет данных", false) == true): Text 'У виджета нет данных' is not present on page

14-01-2025T10:13:28 - [MESSAGE][PASSED] - Text 'У виджета нет данных' is not present on page

14-01-2025T10:13:28 - [TEST_STEP][PASSED] - click(findTestObject("Факторный анализ/Переключить отображение с филиала на месяц")): Object: 'Object Repository/Факторный анализ/Переключить отображение с филиала на месяц' is clicked on

14-01-2025T10:13:28 - [MESSAGE][PASSED] - Object: 'Object Repository/Факторный анализ/Переключить отображение с филиала на месяц' is clicked on

14-01-2025T10:13:28 - [TEST_STEP][PASSED] - typeOfData = "Месяц": null

14-01-2025T10:13:28 - [TEST_STEP][PASSED] - Script1687405718449.Test(todaysDate, typeOfData): null

14-01-2025T10:13:28 - [TEST_STEP][PASSED] - delay(10): Delayed 10 second(s)

14-01-2025T10:13:38 - [MESSAGE][PASSED] - Delayed 10 second(s)

14-01-2025T10:13:38 - [TEST_STEP][PASSED] - if (verifyTextNotPresent("нет данных", false) == true): null

14-01-2025T10:13:38 - [MESSAGE][PASSED] - Text 'нет данных' is not present on page

14-01-2025T10:13:38 - [TEST_STEP][PASSED] - if (verifyTextNotPresent("Ошибка запроса данных", false) == true): null

14-01-2025T10:13:39 - [MESSAGE][PASSED] - Text 'Ошибка запроса данных' is not present on page

14-01-2025T10:13:39 - [TEST_STEP][PASSED] - if (verifyTextNotPresent("Произошла ошибка при выполнении пользовательского кода", false) == true): null

14-01-2025T10:13:39 - [MESSAGE][PASSED] - Text 'Произошла ошибка при выполнении пользовательского кода' is not present on page

14-01-2025T10:13:39 - [TEST_STEP][PASSED] - if (verifyTextNotPresent("У виджета нет данных", false) == true): null

14-01-2025T10:13:40 - [MESSAGE][PASSED] - Text 'У виджета нет данных' is not present on page

14-01-2025T10:13:40 - [TEST_STEP][PASSED] - if (verifyTextNotPresent("У виджета нет данных", false) == true): Text 'У виджета нет данных' is not present on page

14-01-2025T10:13:40 - [MESSAGE][PASSED] - Text 'У виджета нет данных' is not present on page

14-01-2025T10:13:40 - [TEST_STEP][PASSED] - click(findTestObject("Факторный анализ/Переключить отображение с месяца на филиал")): Object: 'Object Repository/Факторный анализ/Переключить отображение с месяца на филиал' is clicked on

14-01-2025T10:13:41 - [MESSAGE][PASSED] - Object: 'Object Repository/Факторный анализ/Переключить отображение с месяца на филиал' is clicked on

14-01-2025T10:13:41 - [TEST_STEP][PASSED] - click(findTestObject("Факторный анализ/Фильтр ДЗО")): Object: 'Object Repository/Факторный анализ/Фильтр ДЗО' is clicked on

14-01-2025T10:13:41 - [MESSAGE][PASSED] - Object: 'Object Repository/Факторный анализ/Фильтр ДЗО' is clicked on

14-01-2025T10:13:41 - [TEST_STEP][PASSED] - click(findTestObject("Факторный анализ/Снять выделение в фильтре ДЗО")): Object: 'Object Repository/Факторный анализ/Снять выделение в фильтре ДЗО' is clicked on

14-01-2025T10:13:41 - [MESSAGE][PASSED] - Object: 'Object Repository/Факторный анализ/Снять выделение в фильтре ДЗО' is clicked on

14-01-2025T10:13:41 - [TEST_STEP][PASSED] - scrollToElement(findTestObject("Общие объекты/Псковский филиал"), 30): Scroll to object 'Object Repository/Общие объекты/Псковский филиал' successfully

14-01-2025T10:13:42 - [MESSAGE][PASSED] - Scroll to object 'Object Repository/Общие объекты/Псковский филиал' successfully

14-01-2025T10:13:42 - [TEST_STEP][PASSED] - click(findTestObject("Общие объекты/Псковский филиал")): Object: 'Object Repository/Общие объекты/Псковский филиал' is clicked on

14-01-2025T10:13:42 - [MESSAGE][PASSED] - Object: 'Object Repository/Общие объекты/Псковский филиал' is clicked on

14-01-2025T10:13:42 - [TEST_STEP][PASSED] - Script1687405718449.Change(todaysDate, typeOfData): null

14-01-2025T10:13:42 - [TEST_STEP][PASSED] - scrollToElement(findTestObject("Факторный анализ/Заголовок дашборда"), 30): Scroll to object 'Object Repository/Факторный анализ/Заголовок дашборда' successfully

14-01-2025T10:13:43 - [MESSAGE][PASSED] - Scroll to object 'Object Repository/Факторный анализ/Заголовок дашборда' successfully

14-01-2025T10:13:43 - [TEST_STEP][PASSED] - click(findTestObject("Факторный анализ/Применить в фильтре ДЗО")): Object: 'Object Repository/Факторный анализ/Применить в фильтре ДЗО' is clicked on

14-01-2025T10:13:43 - [MESSAGE][PASSED] - Object: 'Object Repository/Факторный анализ/Применить в фильтре ДЗО' is clicked on

14-01-2025T10:13:43 - [TEST_STEP][PASSED] - typeOfData = "Филиал": null

14-01-2025T10:13:43 - [TEST_STEP][PASSED] - Script1687405718449.Test(todaysDate, typeOfData): null

14-01-2025T10:13:43 - [TEST_STEP][PASSED] - delay(10): Delayed 10 second(s)

14-01-2025T10:13:53 - [MESSAGE][PASSED] - Delayed 10 second(s)

14-01-2025T10:13:53 - [TEST_STEP][PASSED] - if (verifyTextNotPresent("нет данных", false) == true): null

14-01-2025T10:13:54 - [MESSAGE][PASSED] - Text 'нет данных' is not present on page

14-01-2025T10:13:54 - [TEST_STEP][PASSED] - if (verifyTextNotPresent("Ошибка запроса данных", false) == true): null

14-01-2025T10:13:54 - [MESSAGE][PASSED] - Text 'Ошибка запроса данных' is not present on page

14-01-2025T10:13:54 - [TEST_STEP][PASSED] - if (verifyTextNotPresent("Произошла ошибка при выполнении пользовательского кода", false) == true): null

14-01-2025T10:13:55 - [MESSAGE][PASSED] - Text 'Произошла ошибка при выполнении пользовательского кода' is not present on page

14-01-2025T10:13:55 - [TEST_STEP][PASSED] - if (verifyTextNotPresent("У виджета нет данных", false) == true): null

14-01-2025T10:13:55 - [MESSAGE][PASSED] - Text 'У виджета нет данных' is not present on page

14-01-2025T10:13:55 - [TEST_STEP][PASSED] - if (verifyTextNotPresent("У виджета нет данных", false) == true): Text 'У виджета нет данных' is not present on page

14-01-2025T10:13:56 - [MESSAGE][PASSED] - Text 'У виджета нет данных' is not present on page

14-01-2025T10:13:56 - [TEST_STEP][PASSED] - click(findTestObject("Факторный анализ/Переключить отображение с филиала на месяц")): Object: 'Object Repository/Факторный анализ/Переключить отображение с филиала на месяц' is clicked on

14-01-2025T10:13:56 - [MESSAGE][PASSED] - Object: 'Object Repository/Факторный анализ/Переключить отображение с филиала на месяц' is clicked on

14-01-2025T10:13:56 - [TEST_STEP][PASSED] - typeOfData = "Месяц": null

14-01-2025T10:13:56 - [TEST_STEP][PASSED] - Script1687405718449.Test(todaysDate, typeOfData): null

14-01-2025T10:13:56 - [TEST_STEP][PASSED] - delay(10): Delayed 10 second(s)

14-01-2025T10:14:06 - [MESSAGE][PASSED] - Delayed 10 second(s)

14-01-2025T10:14:06 - [TEST_STEP][PASSED] - if (verifyTextNotPresent("нет данных", false) == true): null

14-01-2025T10:14:06 - [MESSAGE][PASSED] - Text 'нет данных' is not present on page

14-01-2025T10:14:06 - [TEST_STEP][PASSED] - if (verifyTextNotPresent("Ошибка запроса данных", false) == true): null

14-01-2025T10:14:07 - [MESSAGE][PASSED] - Text 'Ошибка запроса данных' is not present on page

14-01-2025T10:14:07 - [TEST_STEP][PASSED] - if (verifyTextNotPresent("Произошла ошибка при выполнении пользовательского кода", false) == true): null

14-01-2025T10:14:07 - [MESSAGE][PASSED] - Text 'Произошла ошибка при выполнении пользовательского кода' is not present on page

14-01-2025T10:14:07 - [TEST_STEP][PASSED] - if (verifyTextNotPresent("У виджета нет данных", false) == true): null

14-01-2025T10:14:08 - [MESSAGE][PASSED] - Text 'У виджета нет данных' is not present on page

14-01-2025T10:14:08 - [TEST_STEP][PASSED] - if (verifyTextNotPresent("У виджета нет данных", false) == true): Text 'У виджета нет данных' is not present on page

14-01-2025T10:14:08 - [MESSAGE][PASSED] - Text 'У виджета нет данных' is not present on page

14-01-2025T10:14:08 - [TEST_STEP][PASSED] - click(findTestObject("Факторный анализ/Переключить отображение с месяца на филиал")): Object: 'Object Repository/Факторный анализ/Переключить отображение с месяца на филиал' is clicked on

14-01-2025T10:14:09 - [MESSAGE][PASSED] - Object: 'Object Repository/Факторный анализ/Переключить отображение с месяца на филиал' is clicked on

14-01-2025T10:14:09 - [TEST_STEP][PASSED] - click(findTestObject("Факторный анализ/Фильтр ДЗО")): Object: 'Object Repository/Факторный анализ/Фильтр ДЗО' is clicked on

14-01-2025T10:14:09 - [MESSAGE][PASSED] - Object: 'Object Repository/Факторный анализ/Фильтр ДЗО' is clicked on

14-01-2025T10:14:09 - [TEST_STEP][PASSED] - click(findTestObject("Факторный анализ/Снять выделение в фильтре ДЗО")): Object: 'Object Repository/Факторный анализ/Снять выделение в фильтре ДЗО' is clicked on

14-01-2025T10:14:09 - [MESSAGE][PASSED] - Object: 'Object Repository/Факторный анализ/Снять выделение в фильтре ДЗО' is clicked on

14-01-2025T10:14:09 - [TEST_STEP][PASSED] - scrollToElement(findTestObject("Общие объекты/филиал в Республике Коми"), 30): Scroll to object 'Object Repository/Общие объекты/филиал в Республике Коми' successfully

14-01-2025T10:14:10 - [MESSAGE][PASSED] - Scroll to object 'Object Repository/Общие объекты/филиал в Республике Коми' successfully

14-01-2025T10:14:10 - [TEST_STEP][PASSED] - click(findTestObject("Общие объекты/филиал в Республике Коми")): Object: 'Object Repository/Общие объекты/филиал в Республике Коми' is clicked on

14-01-2025T10:14:10 - [MESSAGE][PASSED] - Object: 'Object Repository/Общие объекты/филиал в Республике Коми' is clicked on

14-01-2025T10:14:10 - [TEST_STEP][PASSED] - Script1687405718449.Change(todaysDate, typeOfData): null

14-01-2025T10:14:10 - [TEST_STEP][PASSED] - scrollToElement(findTestObject("Факторный анализ/Заголовок дашборда"), 30): Scroll to object 'Object Repository/Факторный анализ/Заголовок дашборда' successfully

14-01-2025T10:14:11 - [MESSAGE][PASSED] - Scroll to object 'Object Repository/Факторный анализ/Заголовок дашборда' successfully

14-01-2025T10:14:11 - [TEST_STEP][PASSED] - click(findTestObject("Факторный анализ/Применить в фильтре ДЗО")): Object: 'Object Repository/Факторный анализ/Применить в фильтре ДЗО' is clicked on

14-01-2025T10:14:11 - [MESSAGE][PASSED] - Object: 'Object Repository/Факторный анализ/Применить в фильтре ДЗО' is clicked on

14-01-2025T10:14:11 - [TEST_STEP][PASSED] - typeOfData = "Филиал": null

14-01-2025T10:14:11 - [TEST_STEP][PASSED] - Script1687405718449.Test(todaysDate, typeOfData): null

14-01-2025T10:14:11 - [TEST_STEP][PASSED] - delay(10): Delayed 10 second(s)

14-01-2025T10:14:21 - [MESSAGE][PASSED] - Delayed 10 second(s)

14-01-2025T10:14:21 - [TEST_STEP][PASSED] - if (verifyTextNotPresent("нет данных", false) == true): null

14-01-2025T10:14:22 - [MESSAGE][PASSED] - Text 'нет данных' is not present on page

14-01-2025T10:14:22 - [TEST_STEP][PASSED] - if (verifyTextNotPresent("Ошибка запроса данных", false) == true): null

14-01-2025T10:14:22 - [MESSAGE][PASSED] - Text 'Ошибка запроса данных' is not present on page

14-01-2025T10:14:22 - [TEST_STEP][PASSED] - if (verifyTextNotPresent("Произошла ошибка при выполнении пользовательского кода", false) == true): null

14-01-2025T10:14:23 - [MESSAGE][PASSED] - Text 'Произошла ошибка при выполнении пользовательского кода' is not present on page

14-01-2025T10:14:23 - [TEST_STEP][PASSED] - if (verifyTextNotPresent("У виджета нет данных", false) == true): null

14-01-2025T10:14:23 - [MESSAGE][PASSED] - Text 'У виджета нет данных' is not present on page

14-01-2025T10:14:23 - [TEST_STEP][PASSED] - if (verifyTextNotPresent("У виджета нет данных", false) == true): Text 'У виджета нет данных' is not present on page

14-01-2025T10:14:24 - [MESSAGE][PASSED] - Text 'У виджета нет данных' is not present on page

14-01-2025T10:14:24 - [TEST_STEP][PASSED] - click(findTestObject("Факторный анализ/Переключить отображение с филиала на месяц")): Object: 'Object Repository/Факторный анализ/Переключить отображение с филиала на месяц' is clicked on

14-01-2025T10:14:24 - [MESSAGE][PASSED] - Object: 'Object Repository/Факторный анализ/Переключить отображение с филиала на месяц' is clicked on

14-01-2025T10:14:24 - [TEST_STEP][PASSED] - typeOfData = "Месяц": null

14-01-2025T10:14:24 - [TEST_STEP][PASSED] - Script1687405718449.Test(todaysDate, typeOfData): null

14-01-2025T10:14:24 - [TEST_STEP][PASSED] - delay(10): Delayed 10 second(s)

14-01-2025T10:14:34 - [MESSAGE][PASSED] - Delayed 10 second(s)

14-01-2025T10:14:34 - [TEST_STEP][PASSED] - if (verifyTextNotPresent("нет данных", false) == true): null

14-01-2025T10:14:34 - [MESSAGE][PASSED] - Text 'нет данных' is not present on page

14-01-2025T10:14:34 - [TEST_STEP][PASSED] - if (verifyTextNotPresent("Ошибка запроса данных", false) == true): null

14-01-2025T10:14:35 - [MESSAGE][PASSED] - Text 'Ошибка запроса данных' is not present on page

14-01-2025T10:14:35 - [TEST_STEP][PASSED] - if (verifyTextNotPresent("Произошла ошибка при выполнении пользовательского кода", false) == true): null

14-01-2025T10:14:35 - [MESSAGE][PASSED] - Text 'Произошла ошибка при выполнении пользовательского кода' is not present on page

14-01-2025T10:14:35 - [TEST_STEP][PASSED] - if (verifyTextNotPresent("У виджета нет данных", false) == true): null

14-01-2025T10:14:36 - [MESSAGE][PASSED] - Text 'У виджета нет данных' is not present on page

14-01-2025T10:14:36 - [TEST_STEP][PASSED] - if (verifyTextNotPresent("У виджета нет данных", false) == true): Text 'У виджета нет данных' is not present on page

14-01-2025T10:14:36 - [MESSAGE][PASSED] - Text 'У виджета нет данных' is not present on page

14-01-2025T10:14:36 - [TEST_STEP][PASSED] - click(findTestObject("Факторный анализ/Переключить отображение с месяца на филиал")): Object: 'Object Repository/Факторный анализ/Переключить отображение с месяца на филиал' is clicked on

14-01-2025T10:14:37 - [MESSAGE][PASSED] - Object: 'Object Repository/Факторный анализ/Переключить отображение с месяца на филиал' is clicked on

14-01-2025T10:14:37 - [TEST_STEP][PASSED] - click(findTestObject("Факторный анализ/Фильтр ДЗО")): Object: 'Object Repository/Факторный анализ/Фильтр ДЗО' is clicked on

14-01-2025T10:14:37 - [MESSAGE][PASSED] - Object: 'Object Repository/Факторный анализ/Фильтр ДЗО' is clicked on

14-01-2025T10:14:37 - [TEST_STEP][PASSED] - click(findTestObject("Факторный анализ/Снять выделение в фильтре ДЗО")): Object: 'Object Repository/Факторный анализ/Снять выделение в фильтре ДЗО' is clicked on

14-01-2025T10:14:38 - [MESSAGE][PASSED] - Object: 'Object Repository/Факторный анализ/Снять выделение в фильтре ДЗО' is clicked on

14-01-2025T10:14:38 - [TEST_STEP][PASSED] - scrollToElement(findTestObject("Общие объекты/Раскрыть список Россети Сибирь"), 30): Scroll to object 'Object Repository/Общие объекты/Раскрыть список Россети Сибирь' successfully

14-01-2025T10:14:38 - [MESSAGE][PASSED] - Scroll to object 'Object Repository/Общие объекты/Раскрыть список Россети Сибирь' successfully

14-01-2025T10:14:38 - [TEST_STEP][PASSED] - click(findTestObject("Факторный анализ/Россети Сибирь")): Object: 'Object Repository/Факторный анализ/Россети Сибирь' is clicked on

14-01-2025T10:14:38 - [MESSAGE][PASSED] - Object: 'Object Repository/Факторный анализ/Россети Сибирь' is clicked on

14-01-2025T10:14:38 - [TEST_STEP][PASSED] - Script1687405718449.Change(todaysDate, typeOfData): null

14-01-2025T10:14:38 - [TEST_STEP][PASSED] - scrollToElement(findTestObject("Факторный анализ/Заголовок дашборда"), 30): Scroll to object 'Object Repository/Факторный анализ/Заголовок дашборда' successfully

14-01-2025T10:14:39 - [MESSAGE][PASSED] - Scroll to object 'Object Repository/Факторный анализ/Заголовок дашборда' successfully

14-01-2025T10:14:39 - [TEST_STEP][PASSED] - click(findTestObject("Факторный анализ/Применить в фильтре ДЗО")): Object: 'Object Repository/Факторный анализ/Применить в фильтре ДЗО' is clicked on

14-01-2025T10:14:39 - [MESSAGE][PASSED] - Object: 'Object Repository/Факторный анализ/Применить в фильтре ДЗО' is clicked on

14-01-2025T10:14:39 - [TEST_STEP][PASSED] - typeOfData = "Филиал": null

14-01-2025T10:14:39 - [TEST_STEP][PASSED] - Script1687405718449.Test(todaysDate, typeOfData): null

14-01-2025T10:14:39 - [TEST_STEP][PASSED] - delay(10): Delayed 10 second(s)

14-01-2025T10:14:49 - [MESSAGE][PASSED] - Delayed 10 second(s)

14-01-2025T10:14:49 - [TEST_STEP][PASSED] - if (verifyTextNotPresent("нет данных", false) == true): null

14-01-2025T10:14:50 - [MESSAGE][PASSED] - Text 'нет данных' is not present on page

14-01-2025T10:14:50 - [TEST_STEP][PASSED] - if (verifyTextNotPresent("Ошибка запроса данных", false) == true): null

14-01-2025T10:14:50 - [MESSAGE][PASSED] - Text 'Ошибка запроса данных' is not present on page

14-01-2025T10:14:50 - [TEST_STEP][PASSED] - if (verifyTextNotPresent("Произошла ошибка при выполнении пользовательского кода", false) == true): null

14-01-2025T10:14:51 - [MESSAGE][PASSED] - Text 'Произошла ошибка при выполнении пользовательского кода' is not present on page

14-01-2025T10:14:51 - [TEST_STEP][PASSED] - if (verifyTextNotPresent("У виджета нет данных", false) == true): null

14-01-2025T10:14:51 - [MESSAGE][PASSED] - Text 'У виджета нет данных' is not present on page

14-01-2025T10:14:51 - [TEST_STEP][PASSED] - if (verifyTextNotPresent("У виджета нет данных", false) == true): Text 'У виджета нет данных' is not present on page

14-01-2025T10:14:52 - [MESSAGE][PASSED] - Text 'У виджета нет данных' is not present on page

14-01-2025T10:14:52 - [TEST_STEP][PASSED] - click(findTestObject("Факторный анализ/Переключить отображение с филиала на месяц")): Object: 'Object Repository/Факторный анализ/Переключить отображение с филиала на месяц' is clicked on

14-01-2025T10:14:52 - [MESSAGE][PASSED] - Object: 'Object Repository/Факторный анализ/Переключить отображение с филиала на месяц' is clicked on

14-01-2025T10:14:52 - [TEST_STEP][PASSED] - typeOfData = "Месяц": null

14-01-2025T10:14:52 - [TEST_STEP][PASSED] - Script1687405718449.Test(todaysDate, typeOfData): null

14-01-2025T10:14:52 - [TEST_STEP][PASSED] - delay(10): Delayed 10 second(s)

14-01-2025T10:15:02 - [MESSAGE][PASSED] - Delayed 10 second(s)

14-01-2025T10:15:02 - [TEST_STEP][PASSED] - if (verifyTextNotPresent("нет данных", false) == true): null

14-01-2025T10:15:03 - [MESSAGE][PASSED] - Text 'нет данных' is not present on page

14-01-2025T10:15:03 - [TEST_STEP][PASSED] - if (verifyTextNotPresent("Ошибка запроса данных", false) == true): null

14-01-2025T10:15:03 - [MESSAGE][PASSED] - Text 'Ошибка запроса данных' is not present on page

14-01-2025T10:15:03 - [TEST_STEP][PASSED] - if (verifyTextNotPresent("Произошла ошибка при выполнении пользовательского кода", false) == true): null

14-01-2025T10:15:04 - [MESSAGE][PASSED] - Text 'Произошла ошибка при выполнении пользовательского кода' is not present on page

14-01-2025T10:15:04 - [TEST_STEP][PASSED] - if (verifyTextNotPresent("У виджета нет данных", false) == true): null

14-01-2025T10:15:04 - [MESSAGE][PASSED] - Text 'У виджета нет данных' is not present on page

14-01-2025T10:15:04 - [TEST_STEP][PASSED] - if (verifyTextNotPresent("У виджета нет данных", false) == true): Text 'У виджета нет данных' is not present on page

14-01-2025T10:15:05 - [MESSAGE][PASSED] - Text 'У виджета нет данных' is not present on page

14-01-2025T10:15:05 - [TEST_STEP][PASSED] - click(findTestObject("Факторный анализ/Переключить отображение с месяца на филиал")): Object: 'Object Repository/Факторный анализ/Переключить отображение с месяца на филиал' is clicked on

14-01-2025T10:15:05 - [MESSAGE][PASSED] - Object: 'Object Repository/Факторный анализ/Переключить отображение с месяца на филиал' is clicked on

14-01-2025T10:15:05 - [TEST_STEP][PASSED] - click(findTestObject("Факторный анализ/Фильтр ДЗО")): Object: 'Object Repository/Факторный анализ/Фильтр ДЗО' is clicked on

14-01-2025T10:15:05 - [MESSAGE][PASSED] - Object: 'Object Repository/Факторный анализ/Фильтр ДЗО' is clicked on

14-01-2025T10:15:05 - [TEST_STEP][PASSED] - click(findTestObject("Факторный анализ/Снять выделение в фильтре ДЗО")): Object: 'Object Repository/Факторный анализ/Снять выделение в фильтре ДЗО' is clicked on

14-01-2025T10:15:06 - [MESSAGE][PASSED] - Object: 'Object Repository/Факторный анализ/Снять выделение в фильтре ДЗО' is clicked on

14-01-2025T10:15:06 - [TEST_STEP][PASSED] - scrollToElement(findTestObject("Общие объекты/Раскрыть список Россети Сибирь"), 30): Scroll to object 'Object Repository/Общие объекты/Раскрыть список Россети Сибирь' successfully

14-01-2025T10:15:06 - [MESSAGE][PASSED] - Scroll to object 'Object Repository/Общие объекты/Раскрыть список Россети Сибирь' successfully

14-01-2025T10:15:06 - [TEST_STEP][PASSED] - click(findTestObject("Общие объекты/Раскрыть список Россети Сибирь")): Object: 'Object Repository/Общие объекты/Раскрыть список Россети Сибирь' is clicked on

14-01-2025T10:15:07 - [MESSAGE][PASSED] - Object: 'Object Repository/Общие объекты/Раскрыть список Россети Сибирь' is clicked on

14-01-2025T10:15:07 - [TEST_STEP][PASSED] - click(findTestObject("Общие объекты/Раскрыть список Россети Сибирь")): Object: 'Object Repository/Общие объекты/Раскрыть список Россети Сибирь' is clicked on

14-01-2025T10:15:07 - [MESSAGE][PASSED] - Object: 'Object Repository/Общие объекты/Раскрыть список Россети Сибирь' is clicked on

14-01-2025T10:15:07 - [TEST_STEP][PASSED] - scrollToElement(findTestObject("Общие объекты/Алтайэнерго"), 30): Scroll to object 'Object Repository/Общие объекты/Алтайэнерго' successfully

14-01-2025T10:15:07 - [MESSAGE][PASSED] - Scroll to object 'Object Repository/Общие объекты/Алтайэнерго' successfully

14-01-2025T10:15:08 - [TEST_STEP][PASSED] - click(findTestObject("Общие объекты/Алтайэнерго")): Object: 'Object Repository/Общие объекты/Алтайэнерго' is clicked on

14-01-2025T10:15:08 - [MESSAGE][PASSED] - Object: 'Object Repository/Общие объекты/Алтайэнерго' is clicked on

14-01-2025T10:15:08 - [TEST_STEP][PASSED] - Script1687405718449.Change(todaysDate, typeOfData): null

14-01-2025T10:15:08 - [TEST_STEP][PASSED] - scrollToElement(findTestObject("Факторный анализ/Заголовок дашборда"), 30): Scroll to object 'Object Repository/Факторный анализ/Заголовок дашборда' successfully

14-01-2025T10:15:08 - [MESSAGE][PASSED] - Scroll to object 'Object Repository/Факторный анализ/Заголовок дашборда' successfully

14-01-2025T10:15:08 - [TEST_STEP][PASSED] - click(findTestObject("Факторный анализ/Применить в фильтре ДЗО")): Object: 'Object Repository/Факторный анализ/Применить в фильтре ДЗО' is clicked on

14-01-2025T10:15:09 - [MESSAGE][PASSED] - Object: 'Object Repository/Факторный анализ/Применить в фильтре ДЗО' is clicked on

14-01-2025T10:15:09 - [TEST_STEP][PASSED] - typeOfData = "Филиал": null

14-01-2025T10:15:09 - [TEST_STEP][PASSED] - Script1687405718449.Test(todaysDate, typeOfData): null

14-01-2025T10:15:09 - [TEST_STEP][PASSED] - delay(10): Delayed 10 second(s)

14-01-2025T10:15:19 - [MESSAGE][PASSED] - Delayed 10 second(s)

14-01-2025T10:15:19 - [TEST_STEP][PASSED] - if (verifyTextNotPresent("нет данных", false) == true): null

14-01-2025T10:15:19 - [MESSAGE][PASSED] - Text 'нет данных' is not present on page

14-01-2025T10:15:19 - [TEST_STEP][PASSED] - if (verifyTextNotPresent("Ошибка запроса данных", false) == true): null

14-01-2025T10:15:20 - [MESSAGE][PASSED] - Text 'Ошибка запроса данных' is not present on page

14-01-2025T10:15:20 - [TEST_STEP][PASSED] - if (verifyTextNotPresent("Произошла ошибка при выполнении пользовательского кода", false) == true): null

14-01-2025T10:15:20 - [MESSAGE][PASSED] - Text 'Произошла ошибка при выполнении пользовательского кода' is not present on page

14-01-2025T10:15:20 - [TEST_STEP][PASSED] - if (verifyTextNotPresent("У виджета нет данных", false) == true): null

14-01-2025T10:15:21 - [MESSAGE][PASSED] - Text 'У виджета нет данных' is not present on page

14-01-2025T10:15:21 - [TEST_STEP][PASSED] - if (verifyTextNotPresent("У виджета нет данных", false) == true): Text 'У виджета нет данных' is not present on page

14-01-2025T10:15:21 - [MESSAGE][PASSED] - Text 'У виджета нет данных' is not present on page

14-01-2025T10:15:21 - [TEST_STEP][PASSED] - click(findTestObject("Факторный анализ/Переключить отображение с филиала на месяц")): Object: 'Object Repository/Факторный анализ/Переключить отображение с филиала на месяц' is clicked on

14-01-2025T10:15:22 - [MESSAGE][PASSED] - Object: 'Object Repository/Факторный анализ/Переключить отображение с филиала на месяц' is clicked on

14-01-2025T10:15:22 - [TEST_STEP][PASSED] - typeOfData = "Месяц": null

14-01-2025T10:15:22 - [TEST_STEP][PASSED] - Script1687405718449.Test(todaysDate, typeOfData): null

14-01-2025T10:15:22 - [TEST_STEP][PASSED] - delay(10): Delayed 10 second(s)

14-01-2025T10:15:32 - [MESSAGE][PASSED] - Delayed 10 second(s)

14-01-2025T10:15:32 - [TEST_STEP][PASSED] - if (verifyTextNotPresent("нет данных", false) == true): null

14-01-2025T10:15:32 - [MESSAGE][PASSED] - Text 'нет данных' is not present on page

14-01-2025T10:15:32 - [TEST_STEP][PASSED] - if (verifyTextNotPresent("Ошибка запроса данных", false) == true): null

14-01-2025T10:15:33 - [MESSAGE][PASSED] - Text 'Ошибка запроса данных' is not present on page

14-01-2025T10:15:33 - [TEST_STEP][PASSED] - if (verifyTextNotPresent("Произошла ошибка при выполнении пользовательского кода", false) == true): null

14-01-2025T10:15:33 - [MESSAGE][PASSED] - Text 'Произошла ошибка при выполнении пользовательского кода' is not present on page

14-01-2025T10:15:33 - [TEST_STEP][PASSED] - if (verifyTextNotPresent("У виджета нет данных", false) == true): null

14-01-2025T10:15:33 - [MESSAGE][PASSED] - Text 'У виджета нет данных' is not present on page

14-01-2025T10:15:33 - [TEST_STEP][PASSED] - if (verifyTextNotPresent("У виджета нет данных", false) == true): Text 'У виджета нет данных' is not present on page

14-01-2025T10:15:34 - [MESSAGE][PASSED] - Text 'У виджета нет данных' is not present on page

14-01-2025T10:15:34 - [TEST_STEP][PASSED] - click(findTestObject("Факторный анализ/Переключить отображение с месяца на филиал")): Object: 'Object Repository/Факторный анализ/Переключить отображение с месяца на филиал' is clicked on

14-01-2025T10:15:34 - [MESSAGE][PASSED] - Object: 'Object Repository/Факторный анализ/Переключить отображение с месяца на филиал' is clicked on

14-01-2025T10:15:34 - [TEST_STEP][PASSED] - click(findTestObject("Факторный анализ/Фильтр ДЗО")): Object: 'Object Repository/Факторный анализ/Фильтр ДЗО' is clicked on

14-01-2025T10:15:35 - [MESSAGE][PASSED] - Object: 'Object Repository/Факторный анализ/Фильтр ДЗО' is clicked on

14-01-2025T10:15:35 - [TEST_STEP][PASSED] - click(findTestObject("Факторный анализ/Снять выделение в фильтре ДЗО")): Object: 'Object Repository/Факторный анализ/Снять выделение в фильтре ДЗО' is clicked on

14-01-2025T10:15:35 - [MESSAGE][PASSED] - Object: 'Object Repository/Факторный анализ/Снять выделение в фильтре ДЗО' is clicked on

14-01-2025T10:15:35 - [TEST_STEP][PASSED] - scrollToElement(findTestObject("Общие объекты/Бурятэнерго"), 30): Scroll to object 'Object Repository/Общие объекты/Бурятэнерго' successfully

14-01-2025T10:15:35 - [MESSAGE][PASSED] - Scroll to object 'Object Repository/Общие объекты/Бурятэнерго' successfully

14-01-2025T10:15:35 - [TEST_STEP][PASSED] - click(findTestObject("Общие объекты/Бурятэнерго")): Object: 'Object Repository/Общие объекты/Бурятэнерго' is clicked on

14-01-2025T10:15:36 - [MESSAGE][PASSED] - Object: 'Object Repository/Общие объекты/Бурятэнерго' is clicked on

14-01-2025T10:15:36 - [TEST_STEP][PASSED] - Script1687405718449.Change(todaysDate, typeOfData): null

14-01-2025T10:15:36 - [TEST_STEP][PASSED] - scrollToElement(findTestObject("Факторный анализ/Заголовок дашборда"), 30): Scroll to object 'Object Repository/Факторный анализ/Заголовок дашборда' successfully

14-01-2025T10:15:36 - [MESSAGE][PASSED] - Scroll to object 'Object Repository/Факторный анализ/Заголовок дашборда' successfully

14-01-2025T10:15:36 - [TEST_STEP][PASSED] - click(findTestObject("Факторный анализ/Применить в фильтре ДЗО")): Object: 'Object Repository/Факторный анализ/Применить в фильтре ДЗО' is clicked on

14-01-2025T10:15:37 - [MESSAGE][PASSED] - Object: 'Object Repository/Факторный анализ/Применить в фильтре ДЗО' is clicked on

14-01-2025T10:15:37 - [TEST_STEP][PASSED] - typeOfData = "Филиал": null

14-01-2025T10:15:37 - [TEST_STEP][PASSED] - Script1687405718449.Test(todaysDate, typeOfData): null

14-01-2025T10:15:37 - [TEST_STEP][PASSED] - delay(10): Delayed 10 second(s)

14-01-2025T10:15:47 - [MESSAGE][PASSED] - Delayed 10 second(s)

14-01-2025T10:15:47 - [TEST_STEP][PASSED] - if (verifyTextNotPresent("нет данных", false) == true): null

14-01-2025T10:15:47 - [MESSAGE][PASSED] - Text 'нет данных' is not present on page

14-01-2025T10:15:47 - [TEST_STEP][PASSED] - if (verifyTextNotPresent("Ошибка запроса данных", false) == true): null

14-01-2025T10:15:48 - [MESSAGE][PASSED] - Text 'Ошибка запроса данных' is not present on page

14-01-2025T10:15:48 - [TEST_STEP][PASSED] - if (verifyTextNotPresent("Произошла ошибка при выполнении пользовательского кода", false) == true): null

14-01-2025T10:15:48 - [MESSAGE][PASSED] - Text 'Произошла ошибка при выполнении пользовательского кода' is not present on page

14-01-2025T10:15:48 - [TEST_STEP][PASSED] - if (verifyTextNotPresent("У виджета нет данных", false) == true): null

14-01-2025T10:15:49 - [MESSAGE][PASSED] - Text 'У виджета нет данных' is not present on page

14-01-2025T10:15:49 - [TEST_STEP][PASSED] - if (verifyTextNotPresent("У виджета нет данных", false) == true): Text 'У виджета нет данных' is not present on page

14-01-2025T10:15:49 - [MESSAGE][PASSED] - Text 'У виджета нет данных' is not present on page

14-01-2025T10:15:49 - [TEST_STEP][PASSED] - click(findTestObject("Факторный анализ/Переключить отображение с филиала на месяц")): Object: 'Object Repository/Факторный анализ/Переключить отображение с филиала на месяц' is clicked on

14-01-2025T10:15:50 - [MESSAGE][PASSED] - Object: 'Object Repository/Факторный анализ/Переключить отображение с филиала на месяц' is clicked on

14-01-2025T10:15:50 - [TEST_STEP][PASSED] - typeOfData = "Месяц": null

14-01-2025T10:15:50 - [TEST_STEP][PASSED] - Script1687405718449.Test(todaysDate, typeOfData): null

14-01-2025T10:15:50 - [TEST_STEP][PASSED] - delay(10): Delayed 10 second(s)

14-01-2025T10:16:00 - [MESSAGE][PASSED] - Delayed 10 second(s)

14-01-2025T10:16:00 - [TEST_STEP][PASSED] - if (verifyTextNotPresent("нет данных", false) == true): null

14-01-2025T10:16:00 - [MESSAGE][PASSED] - Text 'нет данных' is not present on page

14-01-2025T10:16:00 - [TEST_STEP][PASSED] - if (verifyTextNotPresent("Ошибка запроса данных", false) == true): null

14-01-2025T10:16:01 - [MESSAGE][PASSED] - Text 'Ошибка запроса данных' is not present on page

14-01-2025T10:16:01 - [TEST_STEP][PASSED] - if (verifyTextNotPresent("Произошла ошибка при выполнении пользовательского кода", false) == true): null

14-01-2025T10:16:01 - [MESSAGE][PASSED] - Text 'Произошла ошибка при выполнении пользовательского кода' is not present on page

14-01-2025T10:16:01 - [TEST_STEP][PASSED] - if (verifyTextNotPresent("У виджета нет данных", false) == true): null

14-01-2025T10:16:01 - [MESSAGE][PASSED] - Text 'У виджета нет данных' is not present on page

14-01-2025T10:16:01 - [TEST_STEP][PASSED] - if (verifyTextNotPresent("У виджета нет данных", false) == true): Text 'У виджета нет данных' is not present on page

14-01-2025T10:16:02 - [MESSAGE][PASSED] - Text 'У виджета нет данных' is not present on page

14-01-2025T10:16:02 - [TEST_STEP][PASSED] - click(findTestObject("Факторный анализ/Переключить отображение с месяца на филиал")): Object: 'Object Repository/Факторный анализ/Переключить отображение с месяца на филиал' is clicked on

14-01-2025T10:16:02 - [MESSAGE][PASSED] - Object: 'Object Repository/Факторный анализ/Переключить отображение с месяца на филиал' is clicked on

14-01-2025T10:16:02 - [TEST_STEP][PASSED] - click(findTestObject("Факторный анализ/Фильтр ДЗО")): Object: 'Object Repository/Факторный анализ/Фильтр ДЗО' is clicked on

14-01-2025T10:16:03 - [MESSAGE][PASSED] - Object: 'Object Repository/Факторный анализ/Фильтр ДЗО' is clicked on

14-01-2025T10:16:03 - [TEST_STEP][PASSED] - click(findTestObject("Факторный анализ/Снять выделение в фильтре ДЗО")): Object: 'Object Repository/Факторный анализ/Снять выделение в фильтре ДЗО' is clicked on

14-01-2025T10:16:03 - [MESSAGE][PASSED] - Object: 'Object Repository/Факторный анализ/Снять выделение в фильтре ДЗО' is clicked on

14-01-2025T10:16:03 - [TEST_STEP][PASSED] - scrollToElement(findTestObject("Общие объекты/ГАЭС"), 30): Scroll to object 'Object Repository/Общие объекты/ГАЭС' successfully

14-01-2025T10:16:03 - [MESSAGE][PASSED] - Scroll to object 'Object Repository/Общие объекты/ГАЭС' successfully

14-01-2025T10:16:03 - [TEST_STEP][PASSED] - click(findTestObject("Общие объекты/ГАЭС")): Object: 'Object Repository/Общие объекты/ГАЭС' is clicked on

14-01-2025T10:16:04 - [MESSAGE][PASSED] - Object: 'Object Repository/Общие объекты/ГАЭС' is clicked on

14-01-2025T10:16:04 - [TEST_STEP][PASSED] - Script1687405718449.Change(todaysDate, typeOfData): null

14-01-2025T10:16:04 - [TEST_STEP][PASSED] - scrollToElement(findTestObject("Факторный анализ/Заголовок дашборда"), 30): Scroll to object 'Object Repository/Факторный анализ/Заголовок дашборда' successfully

14-01-2025T10:16:04 - [MESSAGE][PASSED] - Scroll to object 'Object Repository/Факторный анализ/Заголовок дашборда' successfully

14-01-2025T10:16:04 - [TEST_STEP][PASSED] - click(findTestObject("Факторный анализ/Применить в фильтре ДЗО")): Object: 'Object Repository/Факторный анализ/Применить в фильтре ДЗО' is clicked on

14-01-2025T10:16:05 - [MESSAGE][PASSED] - Object: 'Object Repository/Факторный анализ/Применить в фильтре ДЗО' is clicked on

14-01-2025T10:16:05 - [TEST_STEP][PASSED] - typeOfData = "Филиал": null

14-01-2025T10:16:05 - [TEST_STEP][PASSED] - Script1687405718449.Test(todaysDate, typeOfData): null

14-01-2025T10:16:05 - [TEST_STEP][PASSED] - delay(10): Delayed 10 second(s)

14-01-2025T10:16:15 - [MESSAGE][PASSED] - Delayed 10 second(s)

14-01-2025T10:16:15 - [TEST_STEP][PASSED] - if (verifyTextNotPresent("нет данных", false) == true): null

14-01-2025T10:16:15 - [MESSAGE][PASSED] - Text 'нет данных' is not present on page

14-01-2025T10:16:15 - [TEST_STEP][PASSED] - if (verifyTextNotPresent("Ошибка запроса данных", false) == true): null

14-01-2025T10:16:16 - [MESSAGE][PASSED] - Text 'Ошибка запроса данных' is not present on page

14-01-2025T10:16:16 - [TEST_STEP][PASSED] - if (verifyTextNotPresent("Произошла ошибка при выполнении пользовательского кода", false) == true): null

14-01-2025T10:16:16 - [MESSAGE][PASSED] - Text 'Произошла ошибка при выполнении пользовательского кода' is not present on page

14-01-2025T10:16:16 - [TEST_STEP][PASSED] - if (verifyTextNotPresent("У виджета нет данных", false) == true): null

14-01-2025T10:16:17 - [MESSAGE][PASSED] - Text 'У виджета нет данных' is not present on page

14-01-2025T10:16:17 - [TEST_STEP][PASSED] - if (verifyTextNotPresent("У виджета нет данных", false) == true): Text 'У виджета нет данных' is not present on page

14-01-2025T10:16:17 - [MESSAGE][PASSED] - Text 'У виджета нет данных' is not present on page

14-01-2025T10:16:17 - [TEST_STEP][PASSED] - click(findTestObject("Факторный анализ/Переключить отображение с филиала на месяц")): Object: 'Object Repository/Факторный анализ/Переключить отображение с филиала на месяц' is clicked on

14-01-2025T10:16:18 - [MESSAGE][PASSED] - Object: 'Object Repository/Факторный анализ/Переключить отображение с филиала на месяц' is clicked on

14-01-2025T10:16:18 - [TEST_STEP][PASSED] - typeOfData = "Месяц": null

14-01-2025T10:16:18 - [TEST_STEP][PASSED] - Script1687405718449.Test(todaysDate, typeOfData): null

14-01-2025T10:16:18 - [TEST_STEP][PASSED] - delay(10): Delayed 10 second(s)

14-01-2025T10:16:28 - [MESSAGE][PASSED] - Delayed 10 second(s)

14-01-2025T10:16:28 - [TEST_STEP][PASSED] - if (verifyTextNotPresent("нет данных", false) == true): null

14-01-2025T10:16:28 - [MESSAGE][PASSED] - Text 'нет данных' is not present on page

14-01-2025T10:16:28 - [TEST_STEP][PASSED] - if (verifyTextNotPresent("Ошибка запроса данных", false) == true): null

14-01-2025T10:16:29 - [MESSAGE][PASSED] - Text 'Ошибка запроса данных' is not present on page

14-01-2025T10:16:29 - [TEST_STEP][PASSED] - if (verifyTextNotPresent("Произошла ошибка при выполнении пользовательского кода", false) == true): null

14-01-2025T10:16:29 - [MESSAGE][PASSED] - Text 'Произошла ошибка при выполнении пользовательского кода' is not present on page

14-01-2025T10:16:29 - [TEST_STEP][PASSED] - if (verifyTextNotPresent("У виджета нет данных", false) == true): null

14-01-2025T10:16:29 - [MESSAGE][PASSED] - Text 'У виджета нет данных' is not present on page

14-01-2025T10:16:29 - [TEST_STEP][PASSED] - if (verifyTextNotPresent("У виджета нет данных", false) == true): Text 'У виджета нет данных' is not present on page

14-01-2025T10:16:30 - [MESSAGE][PASSED] - Text 'У виджета нет данных' is not present on page

14-01-2025T10:16:30 - [TEST_STEP][PASSED] - click(findTestObject("Факторный анализ/Переключить отображение с месяца на филиал")): Object: 'Object Repository/Факторный анализ/Переключить отображение с месяца на филиал' is clicked on

14-01-2025T10:16:30 - [MESSAGE][PASSED] - Object: 'Object Repository/Факторный анализ/Переключить отображение с месяца на филиал' is clicked on

14-01-2025T10:16:30 - [TEST_STEP][PASSED] - click(findTestObject("Факторный анализ/Фильтр ДЗО")): Object: 'Object Repository/Факторный анализ/Фильтр ДЗО' is clicked on

14-01-2025T10:16:31 - [MESSAGE][PASSED] - Object: 'Object Repository/Факторный анализ/Фильтр ДЗО' is clicked on

14-01-2025T10:16:31 - [TEST_STEP][PASSED] - click(findTestObject("Факторный анализ/Снять выделение в фильтре ДЗО")): Object: 'Object Repository/Факторный анализ/Снять выделение в фильтре ДЗО' is clicked on

14-01-2025T10:16:31 - [MESSAGE][PASSED] - Object: 'Object Repository/Факторный анализ/Снять выделение в фильтре ДЗО' is clicked on

14-01-2025T10:16:31 - [TEST_STEP][PASSED] - scrollToElement(findTestObject("Общие объекты/Красноярскэнерго"), 30): Scroll to object 'Object Repository/Общие объекты/Красноярскэнерго' successfully

14-01-2025T10:16:31 - [MESSAGE][PASSED] - Scroll to object 'Object Repository/Общие объекты/Красноярскэнерго' successfully

14-01-2025T10:16:31 - [TEST_STEP][PASSED] - click(findTestObject("Общие объекты/Красноярскэнерго")): Object: 'Object Repository/Общие объекты/Красноярскэнерго' is clicked on

14-01-2025T10:16:32 - [MESSAGE][PASSED] - Object: 'Object Repository/Общие объекты/Красноярскэнерго' is clicked on

14-01-2025T10:16:32 - [TEST_STEP][PASSED] - Script1687405718449.Change(todaysDate, typeOfData): null

14-01-2025T10:16:32 - [TEST_STEP][PASSED] - scrollToElement(findTestObject("Факторный анализ/Заголовок дашборда"), 30): Scroll to object 'Object Repository/Факторный анализ/Заголовок дашборда' successfully

14-01-2025T10:16:32 - [MESSAGE][PASSED] - Scroll to object 'Object Repository/Факторный анализ/Заголовок дашборда' successfully

14-01-2025T10:16:32 - [TEST_STEP][PASSED] - click(findTestObject("Факторный анализ/Применить в фильтре ДЗО")): Object: 'Object Repository/Факторный анализ/Применить в фильтре ДЗО' is clicked on

14-01-2025T10:16:33 - [MESSAGE][PASSED] - Object: 'Object Repository/Факторный анализ/Применить в фильтре ДЗО' is clicked on

14-01-2025T10:16:33 - [TEST_STEP][PASSED] - typeOfData = "Филиал": null

14-01-2025T10:16:33 - [TEST_STEP][PASSED] - Script1687405718449.Test(todaysDate, typeOfData): null

14-01-2025T10:16:33 - [TEST_STEP][PASSED] - delay(10): Delayed 10 second(s)

14-01-2025T10:16:43 - [MESSAGE][PASSED] - Delayed 10 second(s)

14-01-2025T10:16:43 - [TEST_STEP][PASSED] - if (verifyTextNotPresent("нет данных", false) == true): null

14-01-2025T10:16:43 - [MESSAGE][PASSED] - Text 'нет данных' is not present on page

14-01-2025T10:16:43 - [TEST_STEP][PASSED] - if (verifyTextNotPresent("Ошибка запроса данных", false) == true): null

14-01-2025T10:16:44 - [MESSAGE][PASSED] - Text 'Ошибка запроса данных' is not present on page

14-01-2025T10:16:44 - [TEST_STEP][PASSED] - if (verifyTextNotPresent("Произошла ошибка при выполнении пользовательского кода", false) == true): null

14-01-2025T10:16:44 - [MESSAGE][PASSED] - Text 'Произошла ошибка при выполнении пользовательского кода' is not present on page

14-01-2025T10:16:44 - [TEST_STEP][PASSED] - if (verifyTextNotPresent("У виджета нет данных", false) == true): null

14-01-2025T10:16:45 - [MESSAGE][PASSED] - Text 'У виджета нет данных' is not present on page

14-01-2025T10:16:45 - [TEST_STEP][PASSED] - if (verifyTextNotPresent("У виджета нет данных", false) == true): Text 'У виджета нет данных' is not present on page

14-01-2025T10:16:45 - [MESSAGE][PASSED] - Text 'У виджета нет данных' is not present on page

14-01-2025T10:16:45 - [TEST_STEP][PASSED] - click(findTestObject("Факторный анализ/Переключить отображение с филиала на месяц")): Object: 'Object Repository/Факторный анализ/Переключить отображение с филиала на месяц' is clicked on

14-01-2025T10:16:45 - [MESSAGE][PASSED] - Object: 'Object Repository/Факторный анализ/Переключить отображение с филиала на месяц' is clicked on

14-01-2025T10:16:45 - [TEST_STEP][PASSED] - typeOfData = "Месяц": null

14-01-2025T10:16:45 - [TEST_STEP][PASSED] - Script1687405718449.Test(todaysDate, typeOfData): null

14-01-2025T10:16:45 - [TEST_STEP][PASSED] - delay(10): Delayed 10 second(s)

14-01-2025T10:16:56 - [MESSAGE][PASSED] - Delayed 10 second(s)

14-01-2025T10:16:56 - [TEST_STEP][PASSED] - if (verifyTextNotPresent("нет данных", false) == true): null

14-01-2025T10:16:56 - [MESSAGE][PASSED] - Text 'нет данных' is not present on page

14-01-2025T10:16:56 - [TEST_STEP][PASSED] - if (verifyTextNotPresent("Ошибка запроса данных", false) == true): null

14-01-2025T10:16:56 - [MESSAGE][PASSED] - Text 'Ошибка запроса данных' is not present on page

14-01-2025T10:16:56 - [TEST_STEP][PASSED] - if (verifyTextNotPresent("Произошла ошибка при выполнении пользовательского кода", false) == true): null

14-01-2025T10:16:57 - [MESSAGE][PASSED] - Text 'Произошла ошибка при выполнении пользовательского кода' is not present on page

14-01-2025T10:16:57 - [TEST_STEP][PASSED] - if (verifyTextNotPresent("У виджета нет данных", false) == true): null

14-01-2025T10:16:57 - [MESSAGE][PASSED] - Text 'У виджета нет данных' is not present on page

14-01-2025T10:16:57 - [TEST_STEP][PASSED] - if (verifyTextNotPresent("У виджета нет данных", false) == true): Text 'У виджета нет данных' is not present on page

14-01-2025T10:16:58 - [MESSAGE][PASSED] - Text 'У виджета нет данных' is not present on page

14-01-2025T10:16:58 - [TEST_STEP][PASSED] - click(findTestObject("Факторный анализ/Переключить отображение с месяца на филиал")): Object: 'Object Repository/Факторный анализ/Переключить отображение с месяца на филиал' is clicked on

14-01-2025T10:16:58 - [MESSAGE][PASSED] - Object: 'Object Repository/Факторный анализ/Переключить отображение с месяца на филиал' is clicked on

14-01-2025T10:16:58 - [TEST_STEP][PASSED] - click(findTestObject("Факторный анализ/Фильтр ДЗО")): Object: 'Object Repository/Факторный анализ/Фильтр ДЗО' is clicked on

14-01-2025T10:16:59 - [MESSAGE][PASSED] - Object: 'Object Repository/Факторный анализ/Фильтр ДЗО' is clicked on

14-01-2025T10:16:59 - [TEST_STEP][PASSED] - click(findTestObject("Факторный анализ/Снять выделение в фильтре ДЗО")): Object: 'Object Repository/Факторный анализ/Снять выделение в фильтре ДЗО' is clicked on

14-01-2025T10:16:59 - [MESSAGE][PASSED] - Object: 'Object Repository/Факторный анализ/Снять выделение в фильтре ДЗО' is clicked on

14-01-2025T10:16:59 - [TEST_STEP][PASSED] - scrollToElement(findTestObject("Общие объекты/Кузбассэнерго-РЭС"), 30): Scroll to object 'Object Repository/Общие объекты/Кузбассэнерго-РЭС' successfully

14-01-2025T10:16:59 - [MESSAGE][PASSED] - Scroll to object 'Object Repository/Общие объекты/Кузбассэнерго-РЭС' successfully

14-01-2025T10:16:59 - [TEST_STEP][PASSED] - click(findTestObject("Общие объекты/Кузбассэнерго-РЭС")): Object: 'Object Repository/Общие объекты/Кузбассэнерго-РЭС' is clicked on

14-01-2025T10:17:00 - [MESSAGE][PASSED] - Object: 'Object Repository/Общие объекты/Кузбассэнерго-РЭС' is clicked on

14-01-2025T10:17:00 - [TEST_STEP][PASSED] - Script1687405718449.Change(todaysDate, typeOfData): null

14-01-2025T10:17:00 - [TEST_STEP][PASSED] - scrollToElement(findTestObject("Факторный анализ/Заголовок дашборда"), 30): Scroll to object 'Object Repository/Факторный анализ/Заголовок дашборда' successfully

14-01-2025T10:17:00 - [MESSAGE][PASSED] - Scroll to object 'Object Repository/Факторный анализ/Заголовок дашборда' successfully

14-01-2025T10:17:00 - [TEST_STEP][PASSED] - click(findTestObject("Факторный анализ/Применить в фильтре ДЗО")): Object: 'Object Repository/Факторный анализ/Применить в фильтре ДЗО' is clicked on

14-01-2025T10:17:01 - [MESSAGE][PASSED] - Object: 'Object Repository/Факторный анализ/Применить в фильтре ДЗО' is clicked on

14-01-2025T10:17:01 - [TEST_STEP][PASSED] - typeOfData = "Филиал": null

14-01-2025T10:17:01 - [TEST_STEP][PASSED] - Script1687405718449.Test(todaysDate, typeOfData): null

14-01-2025T10:17:01 - [TEST_STEP][PASSED] - delay(10): Delayed 10 second(s)

14-01-2025T10:17:11 - [MESSAGE][PASSED] - Delayed 10 second(s)

14-01-2025T10:17:11 - [TEST_STEP][PASSED] - if (verifyTextNotPresent("нет данных", false) == true): null

14-01-2025T10:17:11 - [MESSAGE][PASSED] - Text 'нет данных' is not present on page

14-01-2025T10:17:11 - [TEST_STEP][PASSED] - if (verifyTextNotPresent("Ошибка запроса данных", false) == true): null

14-01-2025T10:17:12 - [MESSAGE][PASSED] - Text 'Ошибка запроса данных' is not present on page

14-01-2025T10:17:12 - [TEST_STEP][PASSED] - if (verifyTextNotPresent("Произошла ошибка при выполнении пользовательского кода", false) == true): null

14-01-2025T10:17:12 - [MESSAGE][PASSED] - Text 'Произошла ошибка при выполнении пользовательского кода' is not present on page

14-01-2025T10:17:12 - [TEST_STEP][PASSED] - if (verifyTextNotPresent("У виджета нет данных", false) == true): null

14-01-2025T10:17:13 - [MESSAGE][PASSED] - Text 'У виджета нет данных' is not present on page

14-01-2025T10:17:13 - [TEST_STEP][PASSED] - if (verifyTextNotPresent("У виджета нет данных", false) == true): Text 'У виджета нет данных' is not present on page

14-01-2025T10:17:13 - [MESSAGE][PASSED] - Text 'У виджета нет данных' is not present on page

14-01-2025T10:17:13 - [TEST_STEP][PASSED] - click(findTestObject("Факторный анализ/Переключить отображение с филиала на месяц")): Object: 'Object Repository/Факторный анализ/Переключить отображение с филиала на месяц' is clicked on

14-01-2025T10:17:14 - [MESSAGE][PASSED] - Object: 'Object Repository/Факторный анализ/Переключить отображение с филиала на месяц' is clicked on

14-01-2025T10:17:14 - [TEST_STEP][PASSED] - typeOfData = "Месяц": null

14-01-2025T10:17:14 - [TEST_STEP][PASSED] - Script1687405718449.Test(todaysDate, typeOfData): null

14-01-2025T10:17:14 - [TEST_STEP][PASSED] - delay(10): Delayed 10 second(s)

14-01-2025T10:17:24 - [MESSAGE][PASSED] - Delayed 10 second(s)

14-01-2025T10:17:24 - [TEST_STEP][PASSED] - if (verifyTextNotPresent("нет данных", false) == true): null

14-01-2025T10:17:24 - [MESSAGE][PASSED] - Text 'нет данных' is not present on page

14-01-2025T10:17:24 - [TEST_STEP][PASSED] - if (verifyTextNotPresent("Ошибка запроса данных", false) == true): null

14-01-2025T10:17:25 - [MESSAGE][PASSED] - Text 'Ошибка запроса данных' is not present on page

14-01-2025T10:17:25 - [TEST_STEP][PASSED] - if (verifyTextNotPresent("Произошла ошибка при выполнении пользовательского кода", false) == true): null

14-01-2025T10:17:25 - [MESSAGE][PASSED] - Text 'Произошла ошибка при выполнении пользовательского кода' is not present on page

14-01-2025T10:17:25 - [TEST_STEP][PASSED] - if (verifyTextNotPresent("У виджета нет данных", false) == true): null

14-01-2025T10:17:25 - [MESSAGE][PASSED] - Text 'У виджета нет данных' is not present on page

14-01-2025T10:17:25 - [TEST_STEP][PASSED] - if (verifyTextNotPresent("У виджета нет данных", false) == true): Text 'У виджета нет данных' is not present on page

14-01-2025T10:17:26 - [MESSAGE][PASSED] - Text 'У виджета нет данных' is not present on page

14-01-2025T10:17:26 - [TEST_STEP][PASSED] - click(findTestObject("Факторный анализ/Переключить отображение с месяца на филиал")): Object: 'Object Repository/Факторный анализ/Переключить отображение с месяца на филиал' is clicked on

14-01-2025T10:17:26 - [MESSAGE][PASSED] - Object: 'Object Repository/Факторный анализ/Переключить отображение с месяца на филиал' is clicked on

14-01-2025T10:17:26 - [TEST_STEP][PASSED] - click(findTestObject("Факторный анализ/Фильтр ДЗО")): Object: 'Object Repository/Факторный анализ/Фильтр ДЗО' is clicked on

14-01-2025T10:17:27 - [MESSAGE][PASSED] - Object: 'Object Repository/Факторный анализ/Фильтр ДЗО' is clicked on

14-01-2025T10:17:27 - [TEST_STEP][PASSED] - click(findTestObject("Факторный анализ/Снять выделение в фильтре ДЗО")): Object: 'Object Repository/Факторный анализ/Снять выделение в фильтре ДЗО' is clicked on

14-01-2025T10:17:27 - [MESSAGE][PASSED] - Object: 'Object Repository/Факторный анализ/Снять выделение в фильтре ДЗО' is clicked on

14-01-2025T10:17:27 - [TEST_STEP][PASSED] - scrollToElement(findTestObject("Общие объекты/Омскэнерго"), 30): Scroll to object 'Object Repository/Общие объекты/Омскэнерго' successfully

14-01-2025T10:17:27 - [MESSAGE][PASSED] - Scroll to object 'Object Repository/Общие объекты/Омскэнерго' successfully

14-01-2025T10:17:27 - [TEST_STEP][PASSED] - click(findTestObject("Общие объекты/Омскэнерго")): Object: 'Object Repository/Общие объекты/Омскэнерго' is clicked on

14-01-2025T10:17:28 - [MESSAGE][PASSED] - Object: 'Object Repository/Общие объекты/Омскэнерго' is clicked on

14-01-2025T10:17:28 - [TEST_STEP][PASSED] - Script1687405718449.Change(todaysDate, typeOfData): null

14-01-2025T10:17:28 - [TEST_STEP][PASSED] - scrollToElement(findTestObject("Факторный анализ/Заголовок дашборда"), 30): Scroll to object 'Object Repository/Факторный анализ/Заголовок дашборда' successfully

14-01-2025T10:17:28 - [MESSAGE][PASSED] - Scroll to object 'Object Repository/Факторный анализ/Заголовок дашборда' successfully

14-01-2025T10:17:28 - [TEST_STEP][PASSED] - click(findTestObject("Факторный анализ/Применить в фильтре ДЗО")): Object: 'Object Repository/Факторный анализ/Применить в фильтре ДЗО' is clicked on

14-01-2025T10:17:29 - [MESSAGE][PASSED] - Object: 'Object Repository/Факторный анализ/Применить в фильтре ДЗО' is clicked on

14-01-2025T10:17:29 - [TEST_STEP][PASSED] - typeOfData = "Филиал": null

14-01-2025T10:17:29 - [TEST_STEP][PASSED] - Script1687405718449.Test(todaysDate, typeOfData): null

14-01-2025T10:17:29 - [TEST_STEP][PASSED] - delay(10): Delayed 10 second(s)

14-01-2025T10:17:39 - [MESSAGE][PASSED] - Delayed 10 second(s)

14-01-2025T10:17:39 - [TEST_STEP][PASSED] - if (verifyTextNotPresent("нет данных", false) == true): null

14-01-2025T10:17:39 - [MESSAGE][PASSED] - Text 'нет данных' is not present on page

14-01-2025T10:17:39 - [TEST_STEP][PASSED] - if (verifyTextNotPresent("Ошибка запроса данных", false) == true): null

14-01-2025T10:17:40 - [MESSAGE][PASSED] - Text 'Ошибка запроса данных' is not present on page

14-01-2025T10:17:40 - [TEST_STEP][PASSED] - if (verifyTextNotPresent("Произошла ошибка при выполнении пользовательского кода", false) == true): null

14-01-2025T10:17:40 - [MESSAGE][PASSED] - Text 'Произошла ошибка при выполнении пользовательского кода' is not present on page

14-01-2025T10:17:40 - [TEST_STEP][PASSED] - if (verifyTextNotPresent("У виджета нет данных", false) == true): null

14-01-2025T10:17:41 - [MESSAGE][PASSED] - Text 'У виджета нет данных' is not present on page

14-01-2025T10:17:41 - [TEST_STEP][PASSED] - if (verifyTextNotPresent("У виджета нет данных", false) == true): Text 'У виджета нет данных' is not present on page

14-01-2025T10:17:41 - [MESSAGE][PASSED] - Text 'У виджета нет данных' is not present on page

14-01-2025T10:17:41 - [TEST_STEP][PASSED] - click(findTestObject("Факторный анализ/Переключить отображение с филиала на месяц")): Object: 'Object Repository/Факторный анализ/Переключить отображение с филиала на месяц' is clicked on

14-01-2025T10:17:42 - [MESSAGE][PASSED] - Object: 'Object Repository/Факторный анализ/Переключить отображение с филиала на месяц' is clicked on

14-01-2025T10:17:42 - [TEST_STEP][PASSED] - typeOfData = "Месяц": null

14-01-2025T10:17:42 - [TEST_STEP][PASSED] - Script1687405718449.Test(todaysDate, typeOfData): null

14-01-2025T10:17:42 - [TEST_STEP][PASSED] - delay(10): Delayed 10 second(s)

14-01-2025T10:17:52 - [MESSAGE][PASSED] - Delayed 10 second(s)

14-01-2025T10:17:52 - [TEST_STEP][PASSED] - if (verifyTextNotPresent("нет данных", false) == true): null

14-01-2025T10:17:52 - [MESSAGE][PASSED] - Text 'нет данных' is not present on page

14-01-2025T10:17:52 - [TEST_STEP][PASSED] - if (verifyTextNotPresent("Ошибка запроса данных", false) == true): null

14-01-2025T10:17:53 - [MESSAGE][PASSED] - Text 'Ошибка запроса данных' is not present on page

14-01-2025T10:17:53 - [TEST_STEP][PASSED] - if (verifyTextNotPresent("Произошла ошибка при выполнении пользовательского кода", false) == true): null

14-01-2025T10:17:53 - [MESSAGE][PASSED] - Text 'Произошла ошибка при выполнении пользовательского кода' is not present on page

14-01-2025T10:17:53 - [TEST_STEP][PASSED] - if (verifyTextNotPresent("У виджета нет данных", false) == true): null

14-01-2025T10:17:53 - [MESSAGE][PASSED] - Text 'У виджета нет данных' is not present on page

14-01-2025T10:17:53 - [TEST_STEP][PASSED] - if (verifyTextNotPresent("У виджета нет данных", false) == true): Text 'У виджета нет данных' is not present on page

14-01-2025T10:17:54 - [MESSAGE][PASSED] - Text 'У виджета нет данных' is not present on page

14-01-2025T10:17:54 - [TEST_STEP][PASSED] - click(findTestObject("Факторный анализ/Переключить отображение с месяца на филиал")): Object: 'Object Repository/Факторный анализ/Переключить отображение с месяца на филиал' is clicked on

14-01-2025T10:17:54 - [MESSAGE][PASSED] - Object: 'Object Repository/Факторный анализ/Переключить отображение с месяца на филиал' is clicked on

14-01-2025T10:17:54 - [TEST_STEP][PASSED] - click(findTestObject("Факторный анализ/Фильтр ДЗО")): Object: 'Object Repository/Факторный анализ/Фильтр ДЗО' is clicked on

14-01-2025T10:17:55 - [MESSAGE][PASSED] - Object: 'Object Repository/Факторный анализ/Фильтр ДЗО' is clicked on

14-01-2025T10:17:55 - [TEST_STEP][PASSED] - click(findTestObject("Факторный анализ/Снять выделение в фильтре ДЗО")): Object: 'Object Repository/Факторный анализ/Снять выделение в фильтре ДЗО' is clicked on

14-01-2025T10:17:55 - [MESSAGE][PASSED] - Object: 'Object Repository/Факторный анализ/Снять выделение в фильтре ДЗО' is clicked on

14-01-2025T10:17:55 - [TEST_STEP][PASSED] - scrollToElement(findTestObject("Общие объекты/Хакасэнерго"), 30): Scroll to object 'Object Repository/Общие объекты/Хакасэнерго' successfully

14-01-2025T10:17:55 - [MESSAGE][PASSED] - Scroll to object 'Object Repository/Общие объекты/Хакасэнерго' successfully

14-01-2025T10:17:55 - [TEST_STEP][PASSED] - click(findTestObject("Общие объекты/Хакасэнерго")): Object: 'Object Repository/Общие объекты/Хакасэнерго' is clicked on

14-01-2025T10:17:56 - [MESSAGE][PASSED] - Object: 'Object Repository/Общие объекты/Хакасэнерго' is clicked on

14-01-2025T10:17:56 - [TEST_STEP][PASSED] - Script1687405718449.Change(todaysDate, typeOfData): null

14-01-2025T10:17:56 - [TEST_STEP][PASSED] - scrollToElement(findTestObject("Факторный анализ/Заголовок дашборда"), 30): Scroll to object 'Object Repository/Факторный анализ/Заголовок дашборда' successfully

14-01-2025T10:17:56 - [MESSAGE][PASSED] - Scroll to object 'Object Repository/Факторный анализ/Заголовок дашборда' successfully

14-01-2025T10:17:56 - [TEST_STEP][PASSED] - click(findTestObject("Факторный анализ/Применить в фильтре ДЗО")): Object: 'Object Repository/Факторный анализ/Применить в фильтре ДЗО' is clicked on

14-01-2025T10:17:57 - [MESSAGE][PASSED] - Object: 'Object Repository/Факторный анализ/Применить в фильтре ДЗО' is clicked on

14-01-2025T10:17:57 - [TEST_STEP][PASSED] - typeOfData = "Филиал": null

14-01-2025T10:17:57 - [TEST_STEP][PASSED] - Script1687405718449.Test(todaysDate, typeOfData): null

14-01-2025T10:17:57 - [TEST_STEP][PASSED] - delay(10): Delayed 10 second(s)

14-01-2025T10:18:07 - [MESSAGE][PASSED] - Delayed 10 second(s)

14-01-2025T10:18:07 - [TEST_STEP][PASSED] - if (verifyTextNotPresent("нет данных", false) == true): null

14-01-2025T10:18:07 - [MESSAGE][PASSED] - Text 'нет данных' is not present on page

14-01-2025T10:18:07 - [TEST_STEP][PASSED] - if (verifyTextNotPresent("Ошибка запроса данных", false) == true): null

14-01-2025T10:18:08 - [MESSAGE][PASSED] - Text 'Ошибка запроса данных' is not present on page

14-01-2025T10:18:08 - [TEST_STEP][PASSED] - if (verifyTextNotPresent("Произошла ошибка при выполнении пользовательского кода", false) == true): null

14-01-2025T10:18:08 - [MESSAGE][PASSED] - Text 'Произошла ошибка при выполнении пользовательского кода' is not present on page

14-01-2025T10:18:08 - [TEST_STEP][PASSED] - if (verifyTextNotPresent("У виджета нет данных", false) == true): null

14-01-2025T10:18:09 - [MESSAGE][PASSED] - Text 'У виджета нет данных' is not present on page

14-01-2025T10:18:09 - [TEST_STEP][PASSED] - if (verifyTextNotPresent("У виджета нет данных", false) == true): Text 'У виджета нет данных' is not present on page

14-01-2025T10:18:09 - [MESSAGE][PASSED] - Text 'У виджета нет данных' is not present on page

14-01-2025T10:18:09 - [TEST_STEP][PASSED] - click(findTestObject("Факторный анализ/Переключить отображение с филиала на месяц")): Object: 'Object Repository/Факторный анализ/Переключить отображение с филиала на месяц' is clicked on

14-01-2025T10:18:10 - [MESSAGE][PASSED] - Object: 'Object Repository/Факторный анализ/Переключить отображение с филиала на месяц' is clicked on

14-01-2025T10:18:10 - [TEST_STEP][PASSED] - typeOfData = "Месяц": null

14-01-2025T10:18:10 - [TEST_STEP][PASSED] - Script1687405718449.Test(todaysDate, typeOfData): null

14-01-2025T10:18:10 - [TEST_STEP][PASSED] - delay(10): Delayed 10 second(s)

14-01-2025T10:18:20 - [MESSAGE][PASSED] - Delayed 10 second(s)

14-01-2025T10:18:20 - [TEST_STEP][PASSED] - if (verifyTextNotPresent("нет данных", false) == true): null

14-01-2025T10:18:20 - [MESSAGE][PASSED] - Text 'нет данных' is not present on page

14-01-2025T10:18:20 - [TEST_STEP][PASSED] - if (verifyTextNotPresent("Ошибка запроса данных", false) == true): null

14-01-2025T10:18:21 - [MESSAGE][PASSED] - Text 'Ошибка запроса данных' is not present on page

14-01-2025T10:18:21 - [TEST_STEP][PASSED] - if (verifyTextNotPresent("Произошла ошибка при выполнении пользовательского кода", false) == true): null

14-01-2025T10:18:21 - [MESSAGE][PASSED] - Text 'Произошла ошибка при выполнении пользовательского кода' is not present on page

14-01-2025T10:18:21 - [TEST_STEP][PASSED] - if (verifyTextNotPresent("У виджета нет данных", false) == true): null

14-01-2025T10:18:22 - [MESSAGE][PASSED] - Text 'У виджета нет данных' is not present on page

14-01-2025T10:18:22 - [TEST_STEP][PASSED] - if (verifyTextNotPresent("У виджета нет данных", false) == true): Text 'У виджета нет данных' is not present on page

14-01-2025T10:18:22 - [MESSAGE][PASSED] - Text 'У виджета нет данных' is not present on page

14-01-2025T10:18:22 - [TEST_STEP][PASSED] - click(findTestObject("Факторный анализ/Переключить отображение с месяца на филиал")): Object: 'Object Repository/Факторный анализ/Переключить отображение с месяца на филиал' is clicked on

14-01-2025T10:18:22 - [MESSAGE][PASSED] - Object: 'Object Repository/Факторный анализ/Переключить отображение с месяца на филиал' is clicked on

14-01-2025T10:18:22 - [TEST_STEP][PASSED] - click(findTestObject("Факторный анализ/Фильтр ДЗО")): Object: 'Object Repository/Факторный анализ/Фильтр ДЗО' is clicked on

14-01-2025T10:18:23 - [MESSAGE][PASSED] - Object: 'Object Repository/Факторный анализ/Фильтр ДЗО' is clicked on

14-01-2025T10:18:23 - [TEST_STEP][PASSED] - click(findTestObject("Факторный анализ/Снять выделение в фильтре ДЗО")): Object: 'Object Repository/Факторный анализ/Снять выделение в фильтре ДЗО' is clicked on

14-01-2025T10:18:23 - [MESSAGE][PASSED] - Object: 'Object Repository/Факторный анализ/Снять выделение в фильтре ДЗО' is clicked on

14-01-2025T10:18:23 - [TEST_STEP][PASSED] - scrollToElement(findTestObject("Общие объекты/Читаэнерго"), 30): Scroll to object 'Object Repository/Общие объекты/Читаэнерго' successfully

14-01-2025T10:18:23 - [MESSAGE][PASSED] - Scroll to object 'Object Repository/Общие объекты/Читаэнерго' successfully

14-01-2025T10:18:23 - [TEST_STEP][PASSED] - click(findTestObject("Общие объекты/Читаэнерго")): Object: 'Object Repository/Общие объекты/Читаэнерго' is clicked on

14-01-2025T10:18:24 - [MESSAGE][PASSED] - Object: 'Object Repository/Общие объекты/Читаэнерго' is clicked on

14-01-2025T10:18:24 - [TEST_STEP][PASSED] - Script1687405718449.Change(todaysDate, typeOfData): null

14-01-2025T10:18:24 - [TEST_STEP][PASSED] - scrollToElement(findTestObject("Факторный анализ/Заголовок дашборда"), 30): Scroll to object 'Object Repository/Факторный анализ/Заголовок дашборда' successfully

14-01-2025T10:18:24 - [MESSAGE][PASSED] - Scroll to object 'Object Repository/Факторный анализ/Заголовок дашборда' successfully

14-01-2025T10:18:24 - [TEST_STEP][PASSED] - click(findTestObject("Факторный анализ/Применить в фильтре ДЗО")): Object: 'Object Repository/Факторный анализ/Применить в фильтре ДЗО' is clicked on

14-01-2025T10:18:25 - [MESSAGE][PASSED] - Object: 'Object Repository/Факторный анализ/Применить в фильтре ДЗО' is clicked on

14-01-2025T10:18:25 - [TEST_STEP][PASSED] - typeOfData = "Филиал": null

14-01-2025T10:18:25 - [TEST_STEP][PASSED] - Script1687405718449.Test(todaysDate, typeOfData): null

14-01-2025T10:18:25 - [TEST_STEP][PASSED] - delay(10): Delayed 10 second(s)

14-01-2025T10:18:35 - [MESSAGE][PASSED] - Delayed 10 second(s)

14-01-2025T10:18:35 - [TEST_STEP][PASSED] - if (verifyTextNotPresent("нет данных", false) == true): null

14-01-2025T10:18:35 - [MESSAGE][PASSED] - Text 'нет данных' is not present on page

14-01-2025T10:18:35 - [TEST_STEP][PASSED] - if (verifyTextNotPresent("Ошибка запроса данных", false) == true): null

14-01-2025T10:18:36 - [MESSAGE][PASSED] - Text 'Ошибка запроса данных' is not present on page

14-01-2025T10:18:36 - [TEST_STEP][PASSED] - if (verifyTextNotPresent("Произошла ошибка при выполнении пользовательского кода", false) == true): null

14-01-2025T10:18:36 - [MESSAGE][PASSED] - Text 'Произошла ошибка при выполнении пользовательского кода' is not present on page

14-01-2025T10:18:36 - [TEST_STEP][PASSED] - if (verifyTextNotPresent("У виджета нет данных", false) == true): null

14-01-2025T10:18:37 - [MESSAGE][PASSED] - Text 'У виджета нет данных' is not present on page

14-01-2025T10:18:37 - [TEST_STEP][PASSED] - if (verifyTextNotPresent("У виджета нет данных", false) == true): Text 'У виджета нет данных' is not present on page

14-01-2025T10:18:37 - [MESSAGE][PASSED] - Text 'У виджета нет данных' is not present on page

14-01-2025T10:18:37 - [TEST_STEP][PASSED] - click(findTestObject("Факторный анализ/Переключить отображение с филиала на месяц")): Object: 'Object Repository/Факторный анализ/Переключить отображение с филиала на месяц' is clicked on

14-01-2025T10:18:38 - [MESSAGE][PASSED] - Object: 'Object Repository/Факторный анализ/Переключить отображение с филиала на месяц' is clicked on

14-01-2025T10:18:38 - [TEST_STEP][PASSED] - typeOfData = "Месяц": null

14-01-2025T10:18:38 - [TEST_STEP][PASSED] - Script1687405718449.Test(todaysDate, typeOfData): null

14-01-2025T10:18:38 - [TEST_STEP][PASSED] - delay(10): Delayed 10 second(s)

14-01-2025T10:18:48 - [MESSAGE][PASSED] - Delayed 10 second(s)

14-01-2025T10:18:48 - [TEST_STEP][PASSED] - if (verifyTextNotPresent("нет данных", false) == true): null

14-01-2025T10:18:48 - [MESSAGE][PASSED] - Text 'нет данных' is not present on page

14-01-2025T10:18:48 - [TEST_STEP][PASSED] - if (verifyTextNotPresent("Ошибка запроса данных", false) == true): null

14-01-2025T10:18:49 - [MESSAGE][PASSED] - Text 'Ошибка запроса данных' is not present on page

14-01-2025T10:18:49 - [TEST_STEP][PASSED] - if (verifyTextNotPresent("Произошла ошибка при выполнении пользовательского кода", false) == true): null

14-01-2025T10:18:49 - [MESSAGE][PASSED] - Text 'Произошла ошибка при выполнении пользовательского кода' is not present on page

14-01-2025T10:18:49 - [TEST_STEP][PASSED] - if (verifyTextNotPresent("У виджета нет данных", false) == true): null

14-01-2025T10:18:50 - [MESSAGE][PASSED] - Text 'У виджета нет данных' is not present on page

14-01-2025T10:18:50 - [TEST_STEP][PASSED] - if (verifyTextNotPresent("У виджета нет данных", false) == true): Text 'У виджета нет данных' is not present on page

14-01-2025T10:18:50 - [MESSAGE][PASSED] - Text 'У виджета нет данных' is not present on page

14-01-2025T10:18:50 - [TEST_STEP][PASSED] - click(findTestObject("Факторный анализ/Переключить отображение с месяца на филиал")): Object: 'Object Repository/Факторный анализ/Переключить отображение с месяца на филиал' is clicked on

14-01-2025T10:18:50 - [MESSAGE][PASSED] - Object: 'Object Repository/Факторный анализ/Переключить отображение с месяца на филиал' is clicked on

14-01-2025T10:18:50 - [TEST_STEP][PASSED] - click(findTestObject("Факторный анализ/Фильтр ДЗО")): Object: 'Object Repository/Факторный анализ/Фильтр ДЗО' is clicked on

14-01-2025T10:18:51 - [MESSAGE][PASSED] - Object: 'Object Repository/Факторный анализ/Фильтр ДЗО' is clicked on

14-01-2025T10:18:51 - [TEST_STEP][PASSED] - click(findTestObject("Факторный анализ/Снять выделение в фильтре ДЗО")): Object: 'Object Repository/Факторный анализ/Снять выделение в фильтре ДЗО' is clicked on

14-01-2025T10:18:51 - [MESSAGE][PASSED] - Object: 'Object Repository/Факторный анализ/Снять выделение в фильтре ДЗО' is clicked on

14-01-2025T10:18:51 - [TEST_STEP][PASSED] - scrollToElement(findTestObject("Общие объекты/Раскрыть список Россети Томск"), 30): Scroll to object 'Object Repository/Общие объекты/Раскрыть список Россети Томск' successfully

14-01-2025T10:18:52 - [MESSAGE][PASSED] - Scroll to object 'Object Repository/Общие объекты/Раскрыть список Россети Томск' successfully

14-01-2025T10:18:52 - [TEST_STEP][PASSED] - click(findTestObject("Факторный анализ/Россети Томск")): Object: 'Object Repository/Факторный анализ/Россети Томск' is clicked on

14-01-2025T10:18:52 - [MESSAGE][PASSED] - Object: 'Object Repository/Факторный анализ/Россети Томск' is clicked on

14-01-2025T10:18:52 - [TEST_STEP][PASSED] - Script1687405718449.Change(todaysDate, typeOfData): null

14-01-2025T10:18:52 - [TEST_STEP][PASSED] - scrollToElement(findTestObject("Факторный анализ/Заголовок дашборда"), 30): Scroll to object 'Object Repository/Факторный анализ/Заголовок дашборда' successfully

14-01-2025T10:18:52 - [MESSAGE][PASSED] - Scroll to object 'Object Repository/Факторный анализ/Заголовок дашборда' successfully

14-01-2025T10:18:52 - [TEST_STEP][PASSED] - click(findTestObject("Факторный анализ/Применить в фильтре ДЗО")): Object: 'Object Repository/Факторный анализ/Применить в фильтре ДЗО' is clicked on

14-01-2025T10:18:53 - [MESSAGE][PASSED] - Object: 'Object Repository/Факторный анализ/Применить в фильтре ДЗО' is clicked on

14-01-2025T10:18:53 - [TEST_STEP][PASSED] - typeOfData = "Филиал": null

14-01-2025T10:18:53 - [TEST_STEP][PASSED] - Script1687405718449.Test(todaysDate, typeOfData): null

14-01-2025T10:18:53 - [TEST_STEP][PASSED] - delay(10): Delayed 10 second(s)

14-01-2025T10:19:03 - [MESSAGE][PASSED] - Delayed 10 second(s)

14-01-2025T10:19:03 - [TEST_STEP][PASSED] - if (verifyTextNotPresent("нет данных", false) == true): null

14-01-2025T10:19:03 - [MESSAGE][PASSED] - Text 'нет данных' is not present on page

14-01-2025T10:19:03 - [TEST_STEP][PASSED] - if (verifyTextNotPresent("Ошибка запроса данных", false) == true): null

14-01-2025T10:19:04 - [MESSAGE][PASSED] - Text 'Ошибка запроса данных' is not present on page

14-01-2025T10:19:04 - [TEST_STEP][PASSED] - if (verifyTextNotPresent("Произошла ошибка при выполнении пользовательского кода", false) == true): null

14-01-2025T10:19:04 - [MESSAGE][PASSED] - Text 'Произошла ошибка при выполнении пользовательского кода' is not present on page

14-01-2025T10:19:04 - [TEST_STEP][PASSED] - if (verifyTextNotPresent("У виджета нет данных", false) == true): null

14-01-2025T10:19:05 - [MESSAGE][PASSED] - Text 'У виджета нет данных' is not present on page

14-01-2025T10:19:05 - [TEST_STEP][PASSED] - if (verifyTextNotPresent("У виджета нет данных", false) == true): Text 'У виджета нет данных' is not present on page

14-01-2025T10:19:05 - [MESSAGE][PASSED] - Text 'У виджета нет данных' is not present on page

14-01-2025T10:19:05 - [TEST_STEP][PASSED] - click(findTestObject("Факторный анализ/Переключить отображение с филиала на месяц")): Object: 'Object Repository/Факторный анализ/Переключить отображение с филиала на месяц' is clicked on

14-01-2025T10:19:06 - [MESSAGE][PASSED] - Object: 'Object Repository/Факторный анализ/Переключить отображение с филиала на месяц' is clicked on

14-01-2025T10:19:06 - [TEST_STEP][PASSED] - typeOfData = "Месяц": null

14-01-2025T10:19:06 - [TEST_STEP][PASSED] - Script1687405718449.Test(todaysDate, typeOfData): null

14-01-2025T10:19:06 - [TEST_STEP][PASSED] - delay(10): Delayed 10 second(s)

14-01-2025T10:19:16 - [MESSAGE][PASSED] - Delayed 10 second(s)

14-01-2025T10:19:16 - [TEST_STEP][PASSED] - if (verifyTextNotPresent("нет данных", false) == true): null

14-01-2025T10:19:16 - [MESSAGE][PASSED] - Text 'нет данных' is not present on page

14-01-2025T10:19:16 - [TEST_STEP][PASSED] - if (verifyTextNotPresent("Ошибка запроса данных", false) == true): null

14-01-2025T10:19:17 - [MESSAGE][PASSED] - Text 'Ошибка запроса данных' is not present on page

14-01-2025T10:19:17 - [TEST_STEP][PASSED] - if (verifyTextNotPresent("Произошла ошибка при выполнении пользовательского кода", false) == true): null

14-01-2025T10:19:17 - [MESSAGE][PASSED] - Text 'Произошла ошибка при выполнении пользовательского кода' is not present on page

14-01-2025T10:19:17 - [TEST_STEP][PASSED] - if (verifyTextNotPresent("У виджета нет данных", false) == true): null

14-01-2025T10:19:18 - [MESSAGE][PASSED] - Text 'У виджета нет данных' is not present on page

14-01-2025T10:19:18 - [TEST_STEP][PASSED] - if (verifyTextNotPresent("У виджета нет данных", false) == true): Text 'У виджета нет данных' is not present on page

14-01-2025T10:19:18 - [MESSAGE][PASSED] - Text 'У виджета нет данных' is not present on page

14-01-2025T10:19:18 - [TEST_STEP][PASSED] - click(findTestObject("Факторный анализ/Переключить отображение с месяца на филиал")): Object: 'Object Repository/Факторный анализ/Переключить отображение с месяца на филиал' is clicked on

14-01-2025T10:19:18 - [MESSAGE][PASSED] - Object: 'Object Repository/Факторный анализ/Переключить отображение с месяца на филиал' is clicked on

14-01-2025T10:19:18 - [TEST_STEP][PASSED] - click(findTestObject("Факторный анализ/Фильтр ДЗО")): Object: 'Object Repository/Факторный анализ/Фильтр ДЗО' is clicked on

14-01-2025T10:19:19 - [MESSAGE][PASSED] - Object: 'Object Repository/Факторный анализ/Фильтр ДЗО' is clicked on

14-01-2025T10:19:19 - [TEST_STEP][PASSED] - click(findTestObject("Факторный анализ/Снять выделение в фильтре ДЗО")): Object: 'Object Repository/Факторный анализ/Снять выделение в фильтре ДЗО' is clicked on

14-01-2025T10:19:19 - [MESSAGE][PASSED] - Object: 'Object Repository/Факторный анализ/Снять выделение в фильтре ДЗО' is clicked on

14-01-2025T10:19:19 - [TEST_STEP][PASSED] - scrollToElement(findTestObject("Общие объекты/Раскрыть список Россети Томск"), 30): Scroll to object 'Object Repository/Общие объекты/Раскрыть список Россети Томск' successfully

14-01-2025T10:19:20 - [MESSAGE][PASSED] - Scroll to object 'Object Repository/Общие объекты/Раскрыть список Россети Томск' successfully

14-01-2025T10:19:20 - [TEST_STEP][PASSED] - click(findTestObject("Общие объекты/Раскрыть список Россети Томск")): Object: 'Object Repository/Общие объекты/Раскрыть список Россети Томск' is clicked on

14-01-2025T10:19:20 - [MESSAGE][PASSED] - Object: 'Object Repository/Общие объекты/Раскрыть список Россети Томск' is clicked on

14-01-2025T10:19:20 - [TEST_STEP][PASSED] - click(findTestObject("Общие объекты/Раскрыть список Россети Томск")): Object: 'Object Repository/Общие объекты/Раскрыть список Россети Томск' is clicked on

14-01-2025T10:19:21 - [MESSAGE][PASSED] - Object: 'Object Repository/Общие объекты/Раскрыть список Россети Томск' is clicked on

14-01-2025T10:19:21 - [TEST_STEP][PASSED] - scrollToElement(findTestObject("Общие объекты/Томская распределительная компания"), 30): Scroll to object 'Object Repository/Общие объекты/Томская распределительная компания' successfully

14-01-2025T10:19:21 - [MESSAGE][PASSED] - Scroll to object 'Object Repository/Общие объекты/Томская распределительная компания' successfully

14-01-2025T10:19:21 - [TEST_STEP][PASSED] - click(findTestObject("Общие объекты/Томская распределительная компания")): Object: 'Object Repository/Общие объекты/Томская распределительная компания' is clicked on

14-01-2025T10:19:21 - [MESSAGE][PASSED] - Object: 'Object Repository/Общие объекты/Томская распределительная компания' is clicked on

14-01-2025T10:19:21 - [TEST_STEP][PASSED] - Script1687405718449.Change(todaysDate, typeOfData): null

14-01-2025T10:19:21 - [TEST_STEP][PASSED] - scrollToElement(findTestObject("Факторный анализ/Заголовок дашборда"), 30): Scroll to object 'Object Repository/Факторный анализ/Заголовок дашборда' successfully

14-01-2025T10:19:22 - [MESSAGE][PASSED] - Scroll to object 'Object Repository/Факторный анализ/Заголовок дашборда' successfully

14-01-2025T10:19:22 - [TEST_STEP][PASSED] - click(findTestObject("Факторный анализ/Применить в фильтре ДЗО")): Object: 'Object Repository/Факторный анализ/Применить в фильтре ДЗО' is clicked on

14-01-2025T10:19:22 - [MESSAGE][PASSED] - Object: 'Object Repository/Факторный анализ/Применить в фильтре ДЗО' is clicked on

14-01-2025T10:19:22 - [TEST_STEP][PASSED] - typeOfData = "Филиал": null

14-01-2025T10:19:22 - [TEST_STEP][PASSED] - Script1687405718449.Test(todaysDate, typeOfData): null

14-01-2025T10:19:22 - [TEST_STEP][PASSED] - delay(10): Delayed 10 second(s)

14-01-2025T10:19:32 - [MESSAGE][PASSED] - Delayed 10 second(s)

14-01-2025T10:19:32 - [TEST_STEP][PASSED] - if (verifyTextNotPresent("нет данных", false) == true): null

14-01-2025T10:19:33 - [MESSAGE][PASSED] - Text 'нет данных' is not present on page

14-01-2025T10:19:33 - [TEST_STEP][PASSED] - if (verifyTextNotPresent("Ошибка запроса данных", false) == true): null

14-01-2025T10:19:33 - [MESSAGE][PASSED] - Text 'Ошибка запроса данных' is not present on page

14-01-2025T10:19:33 - [TEST_STEP][PASSED] - if (verifyTextNotPresent("Произошла ошибка при выполнении пользовательского кода", false) == true): null

14-01-2025T10:19:34 - [MESSAGE][PASSED] - Text 'Произошла ошибка при выполнении пользовательского кода' is not present on page

14-01-2025T10:19:34 - [TEST_STEP][PASSED] - if (verifyTextNotPresent("У виджета нет данных", false) == true): null

14-01-2025T10:19:34 - [MESSAGE][PASSED] - Text 'У виджета нет данных' is not present on page

14-01-2025T10:19:34 - [TEST_STEP][PASSED] - if (verifyTextNotPresent("У виджета нет данных", false) == true): Text 'У виджета нет данных' is not present on page

14-01-2025T10:19:35 - [MESSAGE][PASSED] - Text 'У виджета нет данных' is not present on page

14-01-2025T10:19:35 - [TEST_STEP][PASSED] - click(findTestObject("Факторный анализ/Переключить отображение с филиала на месяц")): Object: 'Object Repository/Факторный анализ/Переключить отображение с филиала на месяц' is clicked on

14-01-2025T10:19:35 - [MESSAGE][PASSED] - Object: 'Object Repository/Факторный анализ/Переключить отображение с филиала на месяц' is clicked on

14-01-2025T10:19:35 - [TEST_STEP][PASSED] - typeOfData = "Месяц": null

14-01-2025T10:19:35 - [TEST_STEP][PASSED] - Script1687405718449.Test(todaysDate, typeOfData): null

14-01-2025T10:19:35 - [TEST_STEP][PASSED] - delay(10): Delayed 10 second(s)

14-01-2025T10:19:45 - [MESSAGE][PASSED] - Delayed 10 second(s)

14-01-2025T10:19:45 - [TEST_STEP][PASSED] - if (verifyTextNotPresent("нет данных", false) == true): null

14-01-2025T10:19:45 - [MESSAGE][PASSED] - Text 'нет данных' is not present on page

14-01-2025T10:19:45 - [TEST_STEP][PASSED] - if (verifyTextNotPresent("Ошибка запроса данных", false) == true): null

14-01-2025T10:19:46 - [MESSAGE][PASSED] - Text 'Ошибка запроса данных' is not present on page

14-01-2025T10:19:46 - [TEST_STEP][PASSED] - if (verifyTextNotPresent("Произошла ошибка при выполнении пользовательского кода", false) == true): null

14-01-2025T10:19:46 - [MESSAGE][PASSED] - Text 'Произошла ошибка при выполнении пользовательского кода' is not present on page

14-01-2025T10:19:46 - [TEST_STEP][PASSED] - if (verifyTextNotPresent("У виджета нет данных", false) == true): null

14-01-2025T10:19:47 - [MESSAGE][PASSED] - Text 'У виджета нет данных' is not present on page

14-01-2025T10:19:47 - [TEST_STEP][PASSED] - if (verifyTextNotPresent("У виджета нет данных", false) == true): Text 'У виджета нет данных' is not present on page

14-01-2025T10:19:47 - [MESSAGE][PASSED] - Text 'У виджета нет данных' is not present on page

14-01-2025T10:19:47 - [TEST_STEP][PASSED] - click(findTestObject("Факторный анализ/Переключить отображение с месяца на филиал")): Object: 'Object Repository/Факторный анализ/Переключить отображение с месяца на филиал' is clicked on

14-01-2025T10:19:48 - [MESSAGE][PASSED] - Object: 'Object Repository/Факторный анализ/Переключить отображение с месяца на филиал' is clicked on

14-01-2025T10:19:48 - [TEST_STEP][PASSED] - click(findTestObject("Факторный анализ/Фильтр ДЗО")): Object: 'Object Repository/Факторный анализ/Фильтр ДЗО' is clicked on

14-01-2025T10:19:48 - [MESSAGE][PASSED] - Object: 'Object Repository/Факторный анализ/Фильтр ДЗО' is clicked on

14-01-2025T10:19:48 - [TEST_STEP][PASSED] - click(findTestObject("Факторный анализ/Снять выделение в фильтре ДЗО")): Object: 'Object Repository/Факторный анализ/Снять выделение в фильтре ДЗО' is clicked on

14-01-2025T10:19:49 - [MESSAGE][PASSED] - Object: 'Object Repository/Факторный анализ/Снять выделение в фильтре ДЗО' is clicked on

14-01-2025T10:19:49 - [TEST_STEP][PASSED] - scrollToElement(findTestObject("Общие объекты/Раскрыть список Россети Тюмень"), 30): Scroll to object 'Object Repository/Общие объекты/Раскрыть список Россети Тюмень' successfully

14-01-2025T10:19:49 - [MESSAGE][PASSED] - Scroll to object 'Object Repository/Общие объекты/Раскрыть список Россети Тюмень' successfully

14-01-2025T10:19:49 - [TEST_STEP][PASSED] - click(findTestObject("Факторный анализ/Россети Тюмень")): Object: 'Object Repository/Факторный анализ/Россети Тюмень' is clicked on

14-01-2025T10:19:49 - [MESSAGE][PASSED] - Object: 'Object Repository/Факторный анализ/Россети Тюмень' is clicked on

14-01-2025T10:19:49 - [TEST_STEP][PASSED] - Script1687405718449.Change(todaysDate, typeOfData): null

14-01-2025T10:19:49 - [TEST_STEP][PASSED] - scrollToElement(findTestObject("Факторный анализ/Заголовок дашборда"), 30): Scroll to object 'Object Repository/Факторный анализ/Заголовок дашборда' successfully

14-01-2025T10:19:50 - [MESSAGE][PASSED] - Scroll to object 'Object Repository/Факторный анализ/Заголовок дашборда' successfully

14-01-2025T10:19:50 - [TEST_STEP][PASSED] - click(findTestObject("Факторный анализ/Применить в фильтре ДЗО")): Object: 'Object Repository/Факторный анализ/Применить в фильтре ДЗО' is clicked on

14-01-2025T10:19:50 - [MESSAGE][PASSED] - Object: 'Object Repository/Факторный анализ/Применить в фильтре ДЗО' is clicked on

14-01-2025T10:19:50 - [TEST_STEP][PASSED] - typeOfData = "Филиал": null

14-01-2025T10:19:50 - [TEST_STEP][PASSED] - Script1687405718449.Test(todaysDate, typeOfData): null

14-01-2025T10:19:50 - [TEST_STEP][PASSED] - delay(10): Delayed 10 second(s)

14-01-2025T10:20:00 - [MESSAGE][PASSED] - Delayed 10 second(s)

14-01-2025T10:20:00 - [TEST_STEP][PASSED] - if (verifyTextNotPresent("нет данных", false) == true): null

14-01-2025T10:20:01 - [MESSAGE][PASSED] - Text 'нет данных' is not present on page

14-01-2025T10:20:01 - [TEST_STEP][PASSED] - if (verifyTextNotPresent("Ошибка запроса данных", false) == true): null

14-01-2025T10:20:01 - [MESSAGE][PASSED] - Text 'Ошибка запроса данных' is not present on page

14-01-2025T10:20:01 - [TEST_STEP][PASSED] - if (verifyTextNotPresent("Произошла ошибка при выполнении пользовательского кода", false) == true): null

14-01-2025T10:20:02 - [MESSAGE][PASSED] - Text 'Произошла ошибка при выполнении пользовательского кода' is not present on page

14-01-2025T10:20:02 - [TEST_STEP][PASSED] - if (verifyTextNotPresent("У виджета нет данных", false) == true): null

14-01-2025T10:20:02 - [MESSAGE][PASSED] - Text 'У виджета нет данных' is not present on page

14-01-2025T10:20:02 - [TEST_STEP][PASSED] - if (verifyTextNotPresent("У виджета нет данных", false) == true): Text 'У виджета нет данных' is not present on page

14-01-2025T10:20:03 - [MESSAGE][PASSED] - Text 'У виджета нет данных' is not present on page

14-01-2025T10:20:03 - [TEST_STEP][PASSED] - click(findTestObject("Факторный анализ/Переключить отображение с филиала на месяц")): Object: 'Object Repository/Факторный анализ/Переключить отображение с филиала на месяц' is clicked on

14-01-2025T10:20:03 - [MESSAGE][PASSED] - Object: 'Object Repository/Факторный анализ/Переключить отображение с филиала на месяц' is clicked on

14-01-2025T10:20:03 - [TEST_STEP][PASSED] - typeOfData = "Месяц": null

14-01-2025T10:20:03 - [TEST_STEP][PASSED] - Script1687405718449.Test(todaysDate, typeOfData): null

14-01-2025T10:20:03 - [TEST_STEP][PASSED] - delay(10): Delayed 10 second(s)

14-01-2025T10:20:13 - [MESSAGE][PASSED] - Delayed 10 second(s)

14-01-2025T10:20:13 - [TEST_STEP][PASSED] - if (verifyTextNotPresent("нет данных", false) == true): null

14-01-2025T10:20:14 - [MESSAGE][PASSED] - Text 'нет данных' is not present on page

14-01-2025T10:20:14 - [TEST_STEP][PASSED] - if (verifyTextNotPresent("Ошибка запроса данных", false) == true): null

14-01-2025T10:20:14 - [MESSAGE][PASSED] - Text 'Ошибка запроса данных' is not present on page

14-01-2025T10:20:14 - [TEST_STEP][PASSED] - if (verifyTextNotPresent("Произошла ошибка при выполнении пользовательского кода", false) == true): null

14-01-2025T10:20:14 - [MESSAGE][PASSED] - Text 'Произошла ошибка при выполнении пользовательского кода' is not present on page

14-01-2025T10:20:14 - [TEST_STEP][PASSED] - if (verifyTextNotPresent("У виджета нет данных", false) == true): null

14-01-2025T10:20:15 - [MESSAGE][PASSED] - Text 'У виджета нет данных' is not present on page

14-01-2025T10:20:15 - [TEST_STEP][PASSED] - if (verifyTextNotPresent("У виджета нет данных", false) == true): Text 'У виджета нет данных' is not present on page

14-01-2025T10:20:15 - [MESSAGE][PASSED] - Text 'У виджета нет данных' is not present on page

14-01-2025T10:20:15 - [TEST_STEP][PASSED] - click(findTestObject("Факторный анализ/Переключить отображение с месяца на филиал")): Object: 'Object Repository/Факторный анализ/Переключить отображение с месяца на филиал' is clicked on

14-01-2025T10:20:16 - [MESSAGE][PASSED] - Object: 'Object Repository/Факторный анализ/Переключить отображение с месяца на филиал' is clicked on

14-01-2025T10:20:16 - [TEST_STEP][PASSED] - click(findTestObject("Факторный анализ/Фильтр ДЗО")): Object: 'Object Repository/Факторный анализ/Фильтр ДЗО' is clicked on

14-01-2025T10:20:16 - [MESSAGE][PASSED] - Object: 'Object Repository/Факторный анализ/Фильтр ДЗО' is clicked on

14-01-2025T10:20:16 - [TEST_STEP][PASSED] - click(findTestObject("Факторный анализ/Снять выделение в фильтре ДЗО")): Object: 'Object Repository/Факторный анализ/Снять выделение в фильтре ДЗО' is clicked on

14-01-2025T10:20:17 - [MESSAGE][PASSED] - Object: 'Object Repository/Факторный анализ/Снять выделение в фильтре ДЗО' is clicked on

14-01-2025T10:20:17 - [TEST_STEP][PASSED] - scrollToElement(findTestObject("Общие объекты/Раскрыть список Россети Тюмень"), 30): Scroll to object 'Object Repository/Общие объекты/Раскрыть список Россети Тюмень' successfully

14-01-2025T10:20:17 - [MESSAGE][PASSED] - Scroll to object 'Object Repository/Общие объекты/Раскрыть список Россети Тюмень' successfully

14-01-2025T10:20:17 - [TEST_STEP][PASSED] - click(findTestObject("Общие объекты/Раскрыть список Россети Тюмень")): Object: 'Object Repository/Общие объекты/Раскрыть список Россети Тюмень' is clicked on

14-01-2025T10:20:17 - [MESSAGE][PASSED] - Object: 'Object Repository/Общие объекты/Раскрыть список Россети Тюмень' is clicked on

14-01-2025T10:20:17 - [TEST_STEP][PASSED] - click(findTestObject("Общие объекты/Раскрыть список Россети Тюмень")): Object: 'Object Repository/Общие объекты/Раскрыть список Россети Тюмень' is clicked on

14-01-2025T10:20:18 - [MESSAGE][PASSED] - Object: 'Object Repository/Общие объекты/Раскрыть список Россети Тюмень' is clicked on

14-01-2025T10:20:18 - [TEST_STEP][PASSED] - click(findTestObject("Факторный анализ/Россети Тюмень нижний уровень")): Object: 'Object Repository/Факторный анализ/Россети Тюмень нижний уровень' is clicked on

14-01-2025T10:20:18 - [MESSAGE][PASSED] - Object: 'Object Repository/Факторный анализ/Россети Тюмень нижний уровень' is clicked on

14-01-2025T10:20:18 - [TEST_STEP][PASSED] - Script1687405718449.Change(todaysDate, typeOfData): null

14-01-2025T10:20:18 - [TEST_STEP][PASSED] - scrollToElement(findTestObject("Факторный анализ/Заголовок дашборда"), 30): Scroll to object 'Object Repository/Факторный анализ/Заголовок дашборда' successfully

14-01-2025T10:20:19 - [MESSAGE][PASSED] - Scroll to object 'Object Repository/Факторный анализ/Заголовок дашборда' successfully

14-01-2025T10:20:19 - [TEST_STEP][PASSED] - click(findTestObject("Факторный анализ/Применить в фильтре ДЗО")): Object: 'Object Repository/Факторный анализ/Применить в фильтре ДЗО' is clicked on

14-01-2025T10:20:19 - [MESSAGE][PASSED] - Object: 'Object Repository/Факторный анализ/Применить в фильтре ДЗО' is clicked on

14-01-2025T10:20:19 - [TEST_STEP][PASSED] - typeOfData = "Филиал": null

14-01-2025T10:20:19 - [TEST_STEP][PASSED] - Script1687405718449.Test(todaysDate, typeOfData): null

14-01-2025T10:20:19 - [TEST_STEP][PASSED] - delay(10): Delayed 10 second(s)

14-01-2025T10:20:29 - [MESSAGE][PASSED] - Delayed 10 second(s)

14-01-2025T10:20:29 - [TEST_STEP][PASSED] - if (verifyTextNotPresent("нет данных", false) == true): null

14-01-2025T10:20:30 - [MESSAGE][PASSED] - Text 'нет данных' is not present on page

14-01-2025T10:20:30 - [TEST_STEP][PASSED] - if (verifyTextNotPresent("Ошибка запроса данных", false) == true): null

14-01-2025T10:20:30 - [MESSAGE][PASSED] - Text 'Ошибка запроса данных' is not present on page

14-01-2025T10:20:30 - [TEST_STEP][PASSED] - if (verifyTextNotPresent("Произошла ошибка при выполнении пользовательского кода", false) == true): null

14-01-2025T10:20:31 - [MESSAGE][PASSED] - Text 'Произошла ошибка при выполнении пользовательского кода' is not present on page

14-01-2025T10:20:31 - [TEST_STEP][PASSED] - if (verifyTextNotPresent("У виджета нет данных", false) == true): null

14-01-2025T10:20:31 - [MESSAGE][PASSED] - Text 'У виджета нет данных' is not present on page

14-01-2025T10:20:31 - [TEST_STEP][PASSED] - if (verifyTextNotPresent("У виджета нет данных", false) == true): Text 'У виджета нет данных' is not present on page

14-01-2025T10:20:32 - [MESSAGE][PASSED] - Text 'У виджета нет данных' is not present on page

14-01-2025T10:20:32 - [TEST_STEP][PASSED] - click(findTestObject("Факторный анализ/Переключить отображение с филиала на месяц")): Object: 'Object Repository/Факторный анализ/Переключить отображение с филиала на месяц' is clicked on

14-01-2025T10:20:32 - [MESSAGE][PASSED] - Object: 'Object Repository/Факторный анализ/Переключить отображение с филиала на месяц' is clicked on

14-01-2025T10:20:32 - [TEST_STEP][PASSED] - typeOfData = "Месяц": null

14-01-2025T10:20:32 - [TEST_STEP][PASSED] - Script1687405718449.Test(todaysDate, typeOfData): null

14-01-2025T10:20:32 - [TEST_STEP][PASSED] - delay(10): Delayed 10 second(s)

14-01-2025T10:20:42 - [MESSAGE][PASSED] - Delayed 10 second(s)

14-01-2025T10:20:42 - [TEST_STEP][PASSED] - if (verifyTextNotPresent("нет данных", false) == true): null

14-01-2025T10:20:42 - [MESSAGE][PASSED] - Text 'нет данных' is not present on page

14-01-2025T10:20:42 - [TEST_STEP][PASSED] - if (verifyTextNotPresent("Ошибка запроса данных", false) == true): null

14-01-2025T10:20:43 - [MESSAGE][PASSED] - Text 'Ошибка запроса данных' is not present on page

14-01-2025T10:20:43 - [TEST_STEP][PASSED] - if (verifyTextNotPresent("Произошла ошибка при выполнении пользовательского кода", false) == true): null

14-01-2025T10:20:43 - [MESSAGE][PASSED] - Text 'Произошла ошибка при выполнении пользовательского кода' is not present on page

14-01-2025T10:20:43 - [TEST_STEP][PASSED] - if (verifyTextNotPresent("У виджета нет данных", false) == true): null

14-01-2025T10:20:44 - [MESSAGE][PASSED] - Text 'У виджета нет данных' is not present on page

14-01-2025T10:20:44 - [TEST_STEP][PASSED] - if (verifyTextNotPresent("У виджета нет данных", false) == true): Text 'У виджета нет данных' is not present on page

14-01-2025T10:20:44 - [MESSAGE][PASSED] - Text 'У виджета нет данных' is not present on page

14-01-2025T10:20:44 - [TEST_STEP][PASSED] - click(findTestObject("Факторный анализ/Переключить отображение с месяца на филиал")): Object: 'Object Repository/Факторный анализ/Переключить отображение с месяца на филиал' is clicked on

14-01-2025T10:20:45 - [MESSAGE][PASSED] - Object: 'Object Repository/Факторный анализ/Переключить отображение с месяца на филиал' is clicked on

14-01-2025T10:20:45 - [TEST_STEP][PASSED] - click(findTestObject("Факторный анализ/Фильтр ДЗО")): Object: 'Object Repository/Факторный анализ/Фильтр ДЗО' is clicked on

14-01-2025T10:20:45 - [MESSAGE][PASSED] - Object: 'Object Repository/Факторный анализ/Фильтр ДЗО' is clicked on

14-01-2025T10:20:45 - [TEST_STEP][PASSED] - click(findTestObject("Факторный анализ/Снять выделение в фильтре ДЗО")): Object: 'Object Repository/Факторный анализ/Снять выделение в фильтре ДЗО' is clicked on

14-01-2025T10:20:46 - [MESSAGE][PASSED] - Object: 'Object Repository/Факторный анализ/Снять выделение в фильтре ДЗО' is clicked on

14-01-2025T10:20:46 - [TEST_STEP][PASSED] - scrollToElement(findTestObject("Общие объекты/Раскрыть список Россети Урал"), 30): Scroll to object 'Object Repository/Общие объекты/Раскрыть список Россети Урал' successfully

14-01-2025T10:20:46 - [MESSAGE][PASSED] - Scroll to object 'Object Repository/Общие объекты/Раскрыть список Россети Урал' successfully

14-01-2025T10:20:46 - [TEST_STEP][PASSED] - click(findTestObject("Факторный анализ/Россети Урал")): Object: 'Object Repository/Факторный анализ/Россети Урал' is clicked on

14-01-2025T10:20:46 - [MESSAGE][PASSED] - Object: 'Object Repository/Факторный анализ/Россети Урал' is clicked on

14-01-2025T10:20:46 - [TEST_STEP][PASSED] - Script1687405718449.Change(todaysDate, typeOfData): null

14-01-2025T10:20:46 - [TEST_STEP][PASSED] - scrollToElement(findTestObject("Факторный анализ/Заголовок дашборда"), 30): Scroll to object 'Object Repository/Факторный анализ/Заголовок дашборда' successfully

14-01-2025T10:20:47 - [MESSAGE][PASSED] - Scroll to object 'Object Repository/Факторный анализ/Заголовок дашборда' successfully

14-01-2025T10:20:47 - [TEST_STEP][PASSED] - click(findTestObject("Факторный анализ/Применить в фильтре ДЗО")): Object: 'Object Repository/Факторный анализ/Применить в фильтре ДЗО' is clicked on

14-01-2025T10:20:47 - [MESSAGE][PASSED] - Object: 'Object Repository/Факторный анализ/Применить в фильтре ДЗО' is clicked on

14-01-2025T10:20:47 - [TEST_STEP][PASSED] - typeOfData = "Филиал": null

14-01-2025T10:20:47 - [TEST_STEP][PASSED] - Script1687405718449.Test(todaysDate, typeOfData): null

14-01-2025T10:20:47 - [TEST_STEP][PASSED] - delay(10): Delayed 10 second(s)

14-01-2025T10:20:57 - [MESSAGE][PASSED] - Delayed 10 second(s)

14-01-2025T10:20:57 - [TEST_STEP][PASSED] - if (verifyTextNotPresent("нет данных", false) == true): null

14-01-2025T10:20:58 - [MESSAGE][PASSED] - Text 'нет данных' is not present on page

14-01-2025T10:20:58 - [TEST_STEP][PASSED] - if (verifyTextNotPresent("Ошибка запроса данных", false) == true): null

14-01-2025T10:20:58 - [MESSAGE][PASSED] - Text 'Ошибка запроса данных' is not present on page

14-01-2025T10:20:58 - [TEST_STEP][PASSED] - if (verifyTextNotPresent("Произошла ошибка при выполнении пользовательского кода", false) == true): null

14-01-2025T10:20:59 - [MESSAGE][PASSED] - Text 'Произошла ошибка при выполнении пользовательского кода' is not present on page

14-01-2025T10:20:59 - [TEST_STEP][PASSED] - if (verifyTextNotPresent("У виджета нет данных", false) == true): null

14-01-2025T10:20:59 - [MESSAGE][PASSED] - Text 'У виджета нет данных' is not present on page

14-01-2025T10:20:59 - [TEST_STEP][PASSED] - if (verifyTextNotPresent("У виджета нет данных", false) == true): Text 'У виджета нет данных' is not present on page

14-01-2025T10:21:00 - [MESSAGE][PASSED] - Text 'У виджета нет данных' is not present on page

14-01-2025T10:21:00 - [TEST_STEP][PASSED] - click(findTestObject("Факторный анализ/Переключить отображение с филиала на месяц")): Object: 'Object Repository/Факторный анализ/Переключить отображение с филиала на месяц' is clicked on

14-01-2025T10:21:00 - [MESSAGE][PASSED] - Object: 'Object Repository/Факторный анализ/Переключить отображение с филиала на месяц' is clicked on

14-01-2025T10:21:00 - [TEST_STEP][PASSED] - typeOfData = "Месяц": null

14-01-2025T10:21:00 - [TEST_STEP][PASSED] - Script1687405718449.Test(todaysDate, typeOfData): null

14-01-2025T10:21:00 - [TEST_STEP][PASSED] - delay(10): Delayed 10 second(s)

14-01-2025T10:21:10 - [MESSAGE][PASSED] - Delayed 10 second(s)

14-01-2025T10:21:10 - [TEST_STEP][PASSED] - if (verifyTextNotPresent("нет данных", false) == true): null

14-01-2025T10:21:10 - [MESSAGE][PASSED] - Text 'нет данных' is not present on page

14-01-2025T10:21:10 - [TEST_STEP][PASSED] - if (verifyTextNotPresent("Ошибка запроса данных", false) == true): null

14-01-2025T10:21:11 - [MESSAGE][PASSED] - Text 'Ошибка запроса данных' is not present on page

14-01-2025T10:21:11 - [TEST_STEP][PASSED] - if (verifyTextNotPresent("Произошла ошибка при выполнении пользовательского кода", false) == true): null

14-01-2025T10:21:11 - [MESSAGE][PASSED] - Text 'Произошла ошибка при выполнении пользовательского кода' is not present on page

14-01-2025T10:21:11 - [TEST_STEP][PASSED] - if (verifyTextNotPresent("У виджета нет данных", false) == true): null

14-01-2025T10:21:12 - [MESSAGE][PASSED] - Text 'У виджета нет данных' is not present on page

14-01-2025T10:21:12 - [TEST_STEP][PASSED] - if (verifyTextNotPresent("У виджета нет данных", false) == true): Text 'У виджета нет данных' is not present on page

14-01-2025T10:21:12 - [MESSAGE][PASSED] - Text 'У виджета нет данных' is not present on page

14-01-2025T10:21:12 - [TEST_STEP][PASSED] - click(findTestObject("Факторный анализ/Переключить отображение с месяца на филиал")): Object: 'Object Repository/Факторный анализ/Переключить отображение с месяца на филиал' is clicked on

14-01-2025T10:21:13 - [MESSAGE][PASSED] - Object: 'Object Repository/Факторный анализ/Переключить отображение с месяца на филиал' is clicked on

14-01-2025T10:21:13 - [TEST_STEP][PASSED] - click(findTestObject("Факторный анализ/Фильтр ДЗО")): Object: 'Object Repository/Факторный анализ/Фильтр ДЗО' is clicked on

14-01-2025T10:21:13 - [MESSAGE][PASSED] - Object: 'Object Repository/Факторный анализ/Фильтр ДЗО' is clicked on

14-01-2025T10:21:13 - [TEST_STEP][PASSED] - click(findTestObject("Факторный анализ/Снять выделение в фильтре ДЗО")): Object: 'Object Repository/Факторный анализ/Снять выделение в фильтре ДЗО' is clicked on

14-01-2025T10:21:14 - [MESSAGE][PASSED] - Object: 'Object Repository/Факторный анализ/Снять выделение в фильтре ДЗО' is clicked on

14-01-2025T10:21:14 - [TEST_STEP][PASSED] - scrollToElement(findTestObject("Общие объекты/Раскрыть список Россети Урал"), 30): Scroll to object 'Object Repository/Общие объекты/Раскрыть список Россети Урал' successfully

14-01-2025T10:21:14 - [MESSAGE][PASSED] - Scroll to object 'Object Repository/Общие объекты/Раскрыть список Россети Урал' successfully

14-01-2025T10:21:14 - [TEST_STEP][PASSED] - click(findTestObject("Общие объекты/Раскрыть список Россети Урал")): Object: 'Object Repository/Общие объекты/Раскрыть список Россети Урал' is clicked on

14-01-2025T10:21:14 - [MESSAGE][PASSED] - Object: 'Object Repository/Общие объекты/Раскрыть список Россети Урал' is clicked on

14-01-2025T10:21:14 - [TEST_STEP][PASSED] - click(findTestObject("Общие объекты/Раскрыть список Россети Урал")): Object: 'Object Repository/Общие объекты/Раскрыть список Россети Урал' is clicked on

14-01-2025T10:21:15 - [MESSAGE][PASSED] - Object: 'Object Repository/Общие объекты/Раскрыть список Россети Урал' is clicked on

14-01-2025T10:21:15 - [TEST_STEP][PASSED] - scrollToElement(findTestObject("Общие объекты/Пермэнерго"), 30): Scroll to object 'Object Repository/Общие объекты/Пермэнерго' successfully

14-01-2025T10:21:15 - [MESSAGE][PASSED] - Scroll to object 'Object Repository/Общие объекты/Пермэнерго' successfully

14-01-2025T10:21:15 - [TEST_STEP][PASSED] - click(findTestObject("Общие объекты/Пермэнерго")): Object: 'Object Repository/Общие объекты/Пермэнерго' is clicked on

14-01-2025T10:21:16 - [MESSAGE][PASSED] - Object: 'Object Repository/Общие объекты/Пермэнерго' is clicked on

14-01-2025T10:21:16 - [TEST_STEP][PASSED] - Script1687405718449.Change(todaysDate, typeOfData): null

14-01-2025T10:21:16 - [TEST_STEP][PASSED] - scrollToElement(findTestObject("Факторный анализ/Заголовок дашборда"), 30): Scroll to object 'Object Repository/Факторный анализ/Заголовок дашборда' successfully

14-01-2025T10:21:16 - [MESSAGE][PASSED] - Scroll to object 'Object Repository/Факторный анализ/Заголовок дашборда' successfully

14-01-2025T10:21:16 - [TEST_STEP][PASSED] - click(findTestObject("Факторный анализ/Применить в фильтре ДЗО")): Object: 'Object Repository/Факторный анализ/Применить в фильтре ДЗО' is clicked on

14-01-2025T10:21:17 - [MESSAGE][PASSED] - Object: 'Object Repository/Факторный анализ/Применить в фильтре ДЗО' is clicked on

14-01-2025T10:21:17 - [TEST_STEP][PASSED] - typeOfData = "Филиал": null

14-01-2025T10:21:17 - [TEST_STEP][PASSED] - Script1687405718449.Test(todaysDate, typeOfData): null

14-01-2025T10:21:17 - [TEST_STEP][PASSED] - delay(10): Delayed 10 second(s)

14-01-2025T10:21:27 - [MESSAGE][PASSED] - Delayed 10 second(s)

14-01-2025T10:21:27 - [TEST_STEP][PASSED] - if (verifyTextNotPresent("нет данных", false) == true): null

14-01-2025T10:21:27 - [MESSAGE][PASSED] - Text 'нет данных' is not present on page

14-01-2025T10:21:27 - [TEST_STEP][PASSED] - if (verifyTextNotPresent("Ошибка запроса данных", false) == true): null

14-01-2025T10:21:28 - [MESSAGE][PASSED] - Text 'Ошибка запроса данных' is not present on page

14-01-2025T10:21:28 - [TEST_STEP][PASSED] - if (verifyTextNotPresent("Произошла ошибка при выполнении пользовательского кода", false) == true): null

14-01-2025T10:21:28 - [MESSAGE][PASSED] - Text 'Произошла ошибка при выполнении пользовательского кода' is not present on page

14-01-2025T10:21:28 - [TEST_STEP][PASSED] - if (verifyTextNotPresent("У виджета нет данных", false) == true): null

14-01-2025T10:21:28 - [MESSAGE][PASSED] - Text 'У виджета нет данных' is not present on page

14-01-2025T10:21:28 - [TEST_STEP][PASSED] - if (verifyTextNotPresent("У виджета нет данных", false) == true): Text 'У виджета нет данных' is not present on page

14-01-2025T10:21:29 - [MESSAGE][PASSED] - Text 'У виджета нет данных' is not present on page

14-01-2025T10:21:29 - [TEST_STEP][PASSED] - click(findTestObject("Факторный анализ/Переключить отображение с филиала на месяц")): Object: 'Object Repository/Факторный анализ/Переключить отображение с филиала на месяц' is clicked on

14-01-2025T10:21:29 - [MESSAGE][PASSED] - Object: 'Object Repository/Факторный анализ/Переключить отображение с филиала на месяц' is clicked on

14-01-2025T10:21:29 - [TEST_STEP][PASSED] - typeOfData = "Месяц": null

14-01-2025T10:21:29 - [TEST_STEP][PASSED] - Script1687405718449.Test(todaysDate, typeOfData): null

14-01-2025T10:21:29 - [TEST_STEP][PASSED] - delay(10): Delayed 10 second(s)

14-01-2025T10:21:39 - [MESSAGE][PASSED] - Delayed 10 second(s)

14-01-2025T10:21:39 - [TEST_STEP][PASSED] - if (verifyTextNotPresent("нет данных", false) == true): null

14-01-2025T10:21:40 - [MESSAGE][PASSED] - Text 'нет данных' is not present on page

14-01-2025T10:21:40 - [TEST_STEP][PASSED] - if (verifyTextNotPresent("Ошибка запроса данных", false) == true): null

14-01-2025T10:21:40 - [MESSAGE][PASSED] - Text 'Ошибка запроса данных' is not present on page

14-01-2025T10:21:40 - [TEST_STEP][PASSED] - if (verifyTextNotPresent("Произошла ошибка при выполнении пользовательского кода", false) == true): null

14-01-2025T10:21:41 - [MESSAGE][PASSED] - Text 'Произошла ошибка при выполнении пользовательского кода' is not present on page

14-01-2025T10:21:41 - [TEST_STEP][PASSED] - if (verifyTextNotPresent("У виджета нет данных", false) == true): null

14-01-2025T10:21:41 - [MESSAGE][PASSED] - Text 'У виджета нет данных' is not present on page

14-01-2025T10:21:41 - [TEST_STEP][PASSED] - if (verifyTextNotPresent("У виджета нет данных", false) == true): Text 'У виджета нет данных' is not present on page

14-01-2025T10:21:42 - [MESSAGE][PASSED] - Text 'У виджета нет данных' is not present on page

14-01-2025T10:21:42 - [TEST_STEP][PASSED] - click(findTestObject("Факторный анализ/Переключить отображение с месяца на филиал")): Object: 'Object Repository/Факторный анализ/Переключить отображение с месяца на филиал' is clicked on

14-01-2025T10:21:42 - [MESSAGE][PASSED] - Object: 'Object Repository/Факторный анализ/Переключить отображение с месяца на филиал' is clicked on

14-01-2025T10:21:42 - [TEST_STEP][PASSED] - click(findTestObject("Факторный анализ/Фильтр ДЗО")): Object: 'Object Repository/Факторный анализ/Фильтр ДЗО' is clicked on

14-01-2025T10:21:42 - [MESSAGE][PASSED] - Object: 'Object Repository/Факторный анализ/Фильтр ДЗО' is clicked on

14-01-2025T10:21:42 - [TEST_STEP][PASSED] - click(findTestObject("Факторный анализ/Снять выделение в фильтре ДЗО")): Object: 'Object Repository/Факторный анализ/Снять выделение в фильтре ДЗО' is clicked on

14-01-2025T10:21:43 - [MESSAGE][PASSED] - Object: 'Object Repository/Факторный анализ/Снять выделение в фильтре ДЗО' is clicked on

14-01-2025T10:21:43 - [TEST_STEP][PASSED] - scrollToElement(findTestObject("Общие объекты/Свердловэнерго"), 30): Scroll to object 'Object Repository/Общие объекты/Свердловэнерго' successfully

14-01-2025T10:21:43 - [MESSAGE][PASSED] - Scroll to object 'Object Repository/Общие объекты/Свердловэнерго' successfully

14-01-2025T10:21:43 - [TEST_STEP][PASSED] - click(findTestObject("Общие объекты/Свердловэнерго")): Object: 'Object Repository/Общие объекты/Свердловэнерго' is clicked on

14-01-2025T10:21:44 - [MESSAGE][PASSED] - Object: 'Object Repository/Общие объекты/Свердловэнерго' is clicked on

14-01-2025T10:21:44 - [TEST_STEP][PASSED] - Script1687405718449.Change(todaysDate, typeOfData): null

14-01-2025T10:21:44 - [TEST_STEP][PASSED] - scrollToElement(findTestObject("Факторный анализ/Заголовок дашборда"), 30): Scroll to object 'Object Repository/Факторный анализ/Заголовок дашборда' successfully

14-01-2025T10:21:44 - [MESSAGE][PASSED] - Scroll to object 'Object Repository/Факторный анализ/Заголовок дашборда' successfully

14-01-2025T10:21:44 - [TEST_STEP][PASSED] - click(findTestObject("Факторный анализ/Применить в фильтре ДЗО")): Object: 'Object Repository/Факторный анализ/Применить в фильтре ДЗО' is clicked on

14-01-2025T10:21:45 - [MESSAGE][PASSED] - Object: 'Object Repository/Факторный анализ/Применить в фильтре ДЗО' is clicked on

14-01-2025T10:21:45 - [TEST_STEP][PASSED] - typeOfData = "Филиал": null

14-01-2025T10:21:45 - [TEST_STEP][PASSED] - Script1687405718449.Test(todaysDate, typeOfData): null

14-01-2025T10:21:45 - [TEST_STEP][PASSED] - delay(10): Delayed 10 second(s)

14-01-2025T10:21:55 - [MESSAGE][PASSED] - Delayed 10 second(s)

14-01-2025T10:21:55 - [TEST_STEP][PASSED] - if (verifyTextNotPresent("нет данных", false) == true): null

14-01-2025T10:21:55 - [MESSAGE][PASSED] - Text 'нет данных' is not present on page

14-01-2025T10:21:55 - [TEST_STEP][PASSED] - if (verifyTextNotPresent("Ошибка запроса данных", false) == true): null

14-01-2025T10:21:56 - [MESSAGE][PASSED] - Text 'Ошибка запроса данных' is not present on page

14-01-2025T10:21:56 - [TEST_STEP][PASSED] - if (verifyTextNotPresent("Произошла ошибка при выполнении пользовательского кода", false) == true): null

14-01-2025T10:21:56 - [MESSAGE][PASSED] - Text 'Произошла ошибка при выполнении пользовательского кода' is not present on page

14-01-2025T10:21:56 - [TEST_STEP][PASSED] - if (verifyTextNotPresent("У виджета нет данных", false) == true): null

14-01-2025T10:21:57 - [MESSAGE][PASSED] - Text 'У виджета нет данных' is not present on page

14-01-2025T10:21:57 - [TEST_STEP][PASSED] - if (verifyTextNotPresent("У виджета нет данных", false) == true): Text 'У виджета нет данных' is not present on page

14-01-2025T10:21:57 - [MESSAGE][PASSED] - Text 'У виджета нет данных' is not present on page

14-01-2025T10:21:57 - [TEST_STEP][PASSED] - click(findTestObject("Факторный анализ/Переключить отображение с филиала на месяц")): Object: 'Object Repository/Факторный анализ/Переключить отображение с филиала на месяц' is clicked on

14-01-2025T10:21:57 - [MESSAGE][PASSED] - Object: 'Object Repository/Факторный анализ/Переключить отображение с филиала на месяц' is clicked on

14-01-2025T10:21:57 - [TEST_STEP][PASSED] - typeOfData = "Месяц": null

14-01-2025T10:21:57 - [TEST_STEP][PASSED] - Script1687405718449.Test(todaysDate, typeOfData): null

14-01-2025T10:21:57 - [TEST_STEP][PASSED] - delay(10): Delayed 10 second(s)

14-01-2025T10:22:07 - [MESSAGE][PASSED] - Delayed 10 second(s)

14-01-2025T10:22:07 - [TEST_STEP][PASSED] - if (verifyTextNotPresent("нет данных", false) == true): null

14-01-2025T10:22:08 - [MESSAGE][PASSED] - Text 'нет данных' is not present on page

14-01-2025T10:22:08 - [TEST_STEP][PASSED] - if (verifyTextNotPresent("Ошибка запроса данных", false) == true): null

14-01-2025T10:22:08 - [MESSAGE][PASSED] - Text 'Ошибка запроса данных' is not present on page

14-01-2025T10:22:08 - [TEST_STEP][PASSED] - if (verifyTextNotPresent("Произошла ошибка при выполнении пользовательского кода", false) == true): null

14-01-2025T10:22:09 - [MESSAGE][PASSED] - Text 'Произошла ошибка при выполнении пользовательского кода' is not present on page

14-01-2025T10:22:09 - [TEST_STEP][PASSED] - if (verifyTextNotPresent("У виджета нет данных", false) == true): null

14-01-2025T10:22:09 - [MESSAGE][PASSED] - Text 'У виджета нет данных' is not present on page

14-01-2025T10:22:09 - [TEST_STEP][PASSED] - if (verifyTextNotPresent("У виджета нет данных", false) == true): Text 'У виджета нет данных' is not present on page

14-01-2025T10:22:10 - [MESSAGE][PASSED] - Text 'У виджета нет данных' is not present on page

14-01-2025T10:22:10 - [TEST_STEP][PASSED] - click(findTestObject("Факторный анализ/Переключить отображение с месяца на филиал")): Object: 'Object Repository/Факторный анализ/Переключить отображение с месяца на филиал' is clicked on

14-01-2025T10:22:10 - [MESSAGE][PASSED] - Object: 'Object Repository/Факторный анализ/Переключить отображение с месяца на филиал' is clicked on

14-01-2025T10:22:10 - [TEST_STEP][PASSED] - click(findTestObject("Факторный анализ/Фильтр ДЗО")): Object: 'Object Repository/Факторный анализ/Фильтр ДЗО' is clicked on

14-01-2025T10:22:10 - [MESSAGE][PASSED] - Object: 'Object Repository/Факторный анализ/Фильтр ДЗО' is clicked on

14-01-2025T10:22:10 - [TEST_STEP][PASSED] - click(findTestObject("Факторный анализ/Снять выделение в фильтре ДЗО")): Object: 'Object Repository/Факторный анализ/Снять выделение в фильтре ДЗО' is clicked on

14-01-2025T10:22:11 - [MESSAGE][PASSED] - Object: 'Object Repository/Факторный анализ/Снять выделение в фильтре ДЗО' is clicked on

14-01-2025T10:22:11 - [TEST_STEP][PASSED] - scrollToElement(findTestObject("Общие объекты/Челябэнерго"), 30): Scroll to object 'Object Repository/Общие объекты/Челябэнерго' successfully

14-01-2025T10:22:11 - [MESSAGE][PASSED] - Scroll to object 'Object Repository/Общие объекты/Челябэнерго' successfully

14-01-2025T10:22:11 - [TEST_STEP][PASSED] - click(findTestObject("Общие объекты/Челябэнерго")): Object: 'Object Repository/Общие объекты/Челябэнерго' is clicked on

14-01-2025T10:22:12 - [MESSAGE][PASSED] - Object: 'Object Repository/Общие объекты/Челябэнерго' is clicked on

14-01-2025T10:22:12 - [TEST_STEP][PASSED] - Script1687405718449.Change(todaysDate, typeOfData): null

14-01-2025T10:22:12 - [TEST_STEP][PASSED] - scrollToElement(findTestObject("Факторный анализ/Заголовок дашборда"), 30): Scroll to object 'Object Repository/Факторный анализ/Заголовок дашборда' successfully

14-01-2025T10:22:12 - [MESSAGE][PASSED] - Scroll to object 'Object Repository/Факторный анализ/Заголовок дашборда' successfully

14-01-2025T10:22:12 - [TEST_STEP][PASSED] - click(findTestObject("Факторный анализ/Применить в фильтре ДЗО")): Object: 'Object Repository/Факторный анализ/Применить в фильтре ДЗО' is clicked on

14-01-2025T10:22:13 - [MESSAGE][PASSED] - Object: 'Object Repository/Факторный анализ/Применить в фильтре ДЗО' is clicked on

14-01-2025T10:22:13 - [TEST_STEP][PASSED] - typeOfData = "Филиал": null

14-01-2025T10:22:13 - [TEST_STEP][PASSED] - Script1687405718449.Test(todaysDate, typeOfData): null

14-01-2025T10:22:13 - [TEST_STEP][PASSED] - delay(10): Delayed 10 second(s)

14-01-2025T10:22:23 - [MESSAGE][PASSED] - Delayed 10 second(s)

14-01-2025T10:22:23 - [TEST_STEP][PASSED] - if (verifyTextNotPresent("нет данных", false) == true): null

14-01-2025T10:22:23 - [MESSAGE][PASSED] - Text 'нет данных' is not present on page

14-01-2025T10:22:23 - [TEST_STEP][PASSED] - if (verifyTextNotPresent("Ошибка запроса данных", false) == true): null

14-01-2025T10:22:24 - [MESSAGE][PASSED] - Text 'Ошибка запроса данных' is not present on page

14-01-2025T10:22:24 - [TEST_STEP][PASSED] - if (verifyTextNotPresent("Произошла ошибка при выполнении пользовательского кода", false) == true): null

14-01-2025T10:22:24 - [MESSAGE][PASSED] - Text 'Произошла ошибка при выполнении пользовательского кода' is not present on page

14-01-2025T10:22:24 - [TEST_STEP][PASSED] - if (verifyTextNotPresent("У виджета нет данных", false) == true): null

14-01-2025T10:22:25 - [MESSAGE][PASSED] - Text 'У виджета нет данных' is not present on page

14-01-2025T10:22:25 - [TEST_STEP][PASSED] - if (verifyTextNotPresent("У виджета нет данных", false) == true): Text 'У виджета нет данных' is not present on page

14-01-2025T10:22:25 - [MESSAGE][PASSED] - Text 'У виджета нет данных' is not present on page

14-01-2025T10:22:25 - [TEST_STEP][PASSED] - click(findTestObject("Факторный анализ/Переключить отображение с филиала на месяц")): Object: 'Object Repository/Факторный анализ/Переключить отображение с филиала на месяц' is clicked on

14-01-2025T10:22:25 - [MESSAGE][PASSED] - Object: 'Object Repository/Факторный анализ/Переключить отображение с филиала на месяц' is clicked on

14-01-2025T10:22:25 - [TEST_STEP][PASSED] - typeOfData = "Месяц": null

14-01-2025T10:22:25 - [TEST_STEP][PASSED] - Script1687405718449.Test(todaysDate, typeOfData): null

14-01-2025T10:22:25 - [TEST_STEP][PASSED] - delay(10): Delayed 10 second(s)

14-01-2025T10:22:35 - [MESSAGE][PASSED] - Delayed 10 second(s)

14-01-2025T10:22:35 - [TEST_STEP][PASSED] - if (verifyTextNotPresent("нет данных", false) == true): null

14-01-2025T10:22:36 - [MESSAGE][PASSED] - Text 'нет данных' is not present on page

14-01-2025T10:22:36 - [TEST_STEP][PASSED] - if (verifyTextNotPresent("Ошибка запроса данных", false) == true): null

14-01-2025T10:22:36 - [MESSAGE][PASSED] - Text 'Ошибка запроса данных' is not present on page

14-01-2025T10:22:36 - [TEST_STEP][PASSED] - if (verifyTextNotPresent("Произошла ошибка при выполнении пользовательского кода", false) == true): null

14-01-2025T10:22:37 - [MESSAGE][PASSED] - Text 'Произошла ошибка при выполнении пользовательского кода' is not present on page

14-01-2025T10:22:37 - [TEST_STEP][PASSED] - if (verifyTextNotPresent("У виджета нет данных", false) == true): null

14-01-2025T10:22:37 - [MESSAGE][PASSED] - Text 'У виджета нет данных' is not present on page

14-01-2025T10:22:37 - [TEST_STEP][PASSED] - if (verifyTextNotPresent("У виджета нет данных", false) == true): Text 'У виджета нет данных' is not present on page

14-01-2025T10:22:38 - [MESSAGE][PASSED] - Text 'У виджета нет данных' is not present on page

14-01-2025T10:22:38 - [TEST_STEP][PASSED] - click(findTestObject("Факторный анализ/Переключить отображение с месяца на филиал")): Object: 'Object Repository/Факторный анализ/Переключить отображение с месяца на филиал' is clicked on

14-01-2025T10:22:38 - [MESSAGE][PASSED] - Object: 'Object Repository/Факторный анализ/Переключить отображение с месяца на филиал' is clicked on

14-01-2025T10:22:38 - [TEST_STEP][PASSED] - click(findTestObject("Факторный анализ/Фильтр ДЗО")): Object: 'Object Repository/Факторный анализ/Фильтр ДЗО' is clicked on

14-01-2025T10:22:38 - [MESSAGE][PASSED] - Object: 'Object Repository/Факторный анализ/Фильтр ДЗО' is clicked on

14-01-2025T10:22:38 - [TEST_STEP][PASSED] - click(findTestObject("Факторный анализ/Снять выделение в фильтре ДЗО")): Object: 'Object Repository/Факторный анализ/Снять выделение в фильтре ДЗО' is clicked on

14-01-2025T10:22:39 - [MESSAGE][PASSED] - Object: 'Object Repository/Факторный анализ/Снять выделение в фильтре ДЗО' is clicked on

14-01-2025T10:22:39 - [TEST_STEP][PASSED] - scrollToElement(findTestObject("Общие объекты/Раскрыть список Россети Центр"), 30): Scroll to object 'Object Repository/Общие объекты/Раскрыть список Россети Центр' successfully

14-01-2025T10:22:39 - [MESSAGE][PASSED] - Scroll to object 'Object Repository/Общие объекты/Раскрыть список Россети Центр' successfully

14-01-2025T10:22:39 - [TEST_STEP][PASSED] - click(findTestObject("Факторный анализ/Россети Центр")): Object: 'Object Repository/Факторный анализ/Россети Центр' is clicked on

14-01-2025T10:22:40 - [MESSAGE][PASSED] - Object: 'Object Repository/Факторный анализ/Россети Центр' is clicked on

14-01-2025T10:22:40 - [TEST_STEP][PASSED] - Script1687405718449.Change(todaysDate, typeOfData): null

14-01-2025T10:22:40 - [TEST_STEP][PASSED] - scrollToElement(findTestObject("Факторный анализ/Заголовок дашборда"), 30): Scroll to object 'Object Repository/Факторный анализ/Заголовок дашборда' successfully

14-01-2025T10:22:40 - [MESSAGE][PASSED] - Scroll to object 'Object Repository/Факторный анализ/Заголовок дашборда' successfully

14-01-2025T10:22:40 - [TEST_STEP][PASSED] - click(findTestObject("Факторный анализ/Применить в фильтре ДЗО")): Object: 'Object Repository/Факторный анализ/Применить в фильтре ДЗО' is clicked on

14-01-2025T10:22:41 - [MESSAGE][PASSED] - Object: 'Object Repository/Факторный анализ/Применить в фильтре ДЗО' is clicked on

14-01-2025T10:22:41 - [TEST_STEP][PASSED] - typeOfData = "Филиал": null

14-01-2025T10:22:41 - [TEST_STEP][PASSED] - Script1687405718449.Test(todaysDate, typeOfData): null

14-01-2025T10:22:41 - [TEST_STEP][PASSED] - delay(10): Delayed 10 second(s)

14-01-2025T10:22:51 - [MESSAGE][PASSED] - Delayed 10 second(s)

14-01-2025T10:22:51 - [TEST_STEP][PASSED] - if (verifyTextNotPresent("нет данных", false) == true): null

14-01-2025T10:22:51 - [MESSAGE][PASSED] - Text 'нет данных' is not present on page

14-01-2025T10:22:51 - [TEST_STEP][PASSED] - if (verifyTextNotPresent("Ошибка запроса данных", false) == true): null

14-01-2025T10:22:52 - [MESSAGE][PASSED] - Text 'Ошибка запроса данных' is not present on page

14-01-2025T10:22:52 - [TEST_STEP][PASSED] - if (verifyTextNotPresent("Произошла ошибка при выполнении пользовательского кода", false) == true): null

14-01-2025T10:22:52 - [MESSAGE][PASSED] - Text 'Произошла ошибка при выполнении пользовательского кода' is not present on page

14-01-2025T10:22:52 - [TEST_STEP][PASSED] - if (verifyTextNotPresent("У виджета нет данных", false) == true): null

14-01-2025T10:22:53 - [MESSAGE][PASSED] - Text 'У виджета нет данных' is not present on page

14-01-2025T10:22:53 - [TEST_STEP][PASSED] - if (verifyTextNotPresent("У виджета нет данных", false) == true): Text 'У виджета нет данных' is not present on page

14-01-2025T10:22:53 - [MESSAGE][PASSED] - Text 'У виджета нет данных' is not present on page

14-01-2025T10:22:53 - [TEST_STEP][PASSED] - click(findTestObject("Факторный анализ/Переключить отображение с филиала на месяц")): Object: 'Object Repository/Факторный анализ/Переключить отображение с филиала на месяц' is clicked on

14-01-2025T10:22:54 - [MESSAGE][PASSED] - Object: 'Object Repository/Факторный анализ/Переключить отображение с филиала на месяц' is clicked on

14-01-2025T10:22:54 - [TEST_STEP][PASSED] - typeOfData = "Месяц": null

14-01-2025T10:22:54 - [TEST_STEP][PASSED] - Script1687405718449.Test(todaysDate, typeOfData): null

14-01-2025T10:22:54 - [TEST_STEP][PASSED] - delay(10): Delayed 10 second(s)

14-01-2025T10:23:04 - [MESSAGE][PASSED] - Delayed 10 second(s)

14-01-2025T10:23:04 - [TEST_STEP][PASSED] - if (verifyTextNotPresent("нет данных", false) == true): null

14-01-2025T10:23:04 - [MESSAGE][PASSED] - Text 'нет данных' is not present on page

14-01-2025T10:23:04 - [TEST_STEP][PASSED] - if (verifyTextNotPresent("Ошибка запроса данных", false) == true): null

14-01-2025T10:23:05 - [MESSAGE][PASSED] - Text 'Ошибка запроса данных' is not present on page

14-01-2025T10:23:05 - [TEST_STEP][PASSED] - if (verifyTextNotPresent("Произошла ошибка при выполнении пользовательского кода", false) == true): null

14-01-2025T10:23:05 - [MESSAGE][PASSED] - Text 'Произошла ошибка при выполнении пользовательского кода' is not present on page

14-01-2025T10:23:05 - [TEST_STEP][PASSED] - if (verifyTextNotPresent("У виджета нет данных", false) == true): null

14-01-2025T10:23:06 - [MESSAGE][PASSED] - Text 'У виджета нет данных' is not present on page

14-01-2025T10:23:06 - [TEST_STEP][PASSED] - if (verifyTextNotPresent("У виджета нет данных", false) == true): Text 'У виджета нет данных' is not present on page

14-01-2025T10:23:06 - [MESSAGE][PASSED] - Text 'У виджета нет данных' is not present on page

14-01-2025T10:23:06 - [TEST_STEP][PASSED] - click(findTestObject("Факторный анализ/Переключить отображение с месяца на филиал")): Object: 'Object Repository/Факторный анализ/Переключить отображение с месяца на филиал' is clicked on

14-01-2025T10:23:06 - [MESSAGE][PASSED] - Object: 'Object Repository/Факторный анализ/Переключить отображение с месяца на филиал' is clicked on

14-01-2025T10:23:06 - [TEST_STEP][PASSED] - click(findTestObject("Факторный анализ/Фильтр ДЗО")): Object: 'Object Repository/Факторный анализ/Фильтр ДЗО' is clicked on

14-01-2025T10:23:07 - [MESSAGE][PASSED] - Object: 'Object Repository/Факторный анализ/Фильтр ДЗО' is clicked on

14-01-2025T10:23:07 - [TEST_STEP][PASSED] - click(findTestObject("Факторный анализ/Снять выделение в фильтре ДЗО")): Object: 'Object Repository/Факторный анализ/Снять выделение в фильтре ДЗО' is clicked on

14-01-2025T10:23:07 - [MESSAGE][PASSED] - Object: 'Object Repository/Факторный анализ/Снять выделение в фильтре ДЗО' is clicked on

14-01-2025T10:23:07 - [TEST_STEP][PASSED] - scrollToElement(findTestObject("Общие объекты/Раскрыть список Россети Центр"), 30): Scroll to object 'Object Repository/Общие объекты/Раскрыть список Россети Центр' successfully

14-01-2025T10:23:08 - [MESSAGE][PASSED] - Scroll to object 'Object Repository/Общие объекты/Раскрыть список Россети Центр' successfully

14-01-2025T10:23:08 - [TEST_STEP][PASSED] - click(findTestObject("Общие объекты/Раскрыть список Россети Центр")): Object: 'Object Repository/Общие объекты/Раскрыть список Россети Центр' is clicked on

14-01-2025T10:23:08 - [MESSAGE][PASSED] - Object: 'Object Repository/Общие объекты/Раскрыть список Россети Центр' is clicked on

14-01-2025T10:23:08 - [TEST_STEP][PASSED] - click(findTestObject("Общие объекты/Раскрыть список Россети Центр")): Object: 'Object Repository/Общие объекты/Раскрыть список Россети Центр' is clicked on

14-01-2025T10:23:09 - [MESSAGE][PASSED] - Object: 'Object Repository/Общие объекты/Раскрыть список Россети Центр' is clicked on

14-01-2025T10:23:09 - [TEST_STEP][PASSED] - scrollToElement(findTestObject("Общие объекты/Белгородэнерго"), 30): Scroll to object 'Object Repository/Общие объекты/Белгородэнерго' successfully

14-01-2025T10:23:09 - [MESSAGE][PASSED] - Scroll to object 'Object Repository/Общие объекты/Белгородэнерго' successfully

14-01-2025T10:23:09 - [TEST_STEP][PASSED] - click(findTestObject("Общие объекты/Белгородэнерго")): Object: 'Object Repository/Общие объекты/Белгородэнерго' is clicked on

14-01-2025T10:23:10 - [MESSAGE][PASSED] - Object: 'Object Repository/Общие объекты/Белгородэнерго' is clicked on

14-01-2025T10:23:10 - [TEST_STEP][PASSED] - Script1687405718449.Change(todaysDate, typeOfData): null

14-01-2025T10:23:10 - [TEST_STEP][PASSED] - scrollToElement(findTestObject("Факторный анализ/Заголовок дашборда"), 30): Scroll to object 'Object Repository/Факторный анализ/Заголовок дашборда' successfully

14-01-2025T10:23:10 - [MESSAGE][PASSED] - Scroll to object 'Object Repository/Факторный анализ/Заголовок дашборда' successfully

14-01-2025T10:23:10 - [TEST_STEP][PASSED] - click(findTestObject("Факторный анализ/Применить в фильтре ДЗО")): Object: 'Object Repository/Факторный анализ/Применить в фильтре ДЗО' is clicked on

14-01-2025T10:23:11 - [MESSAGE][PASSED] - Object: 'Object Repository/Факторный анализ/Применить в фильтре ДЗО' is clicked on

14-01-2025T10:23:11 - [TEST_STEP][PASSED] - typeOfData = "Филиал": null

14-01-2025T10:23:11 - [TEST_STEP][PASSED] - Script1687405718449.Test(todaysDate, typeOfData): null

14-01-2025T10:23:11 - [TEST_STEP][PASSED] - delay(10): Delayed 10 second(s)

14-01-2025T10:23:21 - [MESSAGE][PASSED] - Delayed 10 second(s)

14-01-2025T10:23:21 - [TEST_STEP][PASSED] - if (verifyTextNotPresent("нет данных", false) == true): null

14-01-2025T10:23:21 - [MESSAGE][PASSED] - Text 'нет данных' is not present on page

14-01-2025T10:23:21 - [TEST_STEP][PASSED] - if (verifyTextNotPresent("Ошибка запроса данных", false) == true): null

14-01-2025T10:23:22 - [MESSAGE][PASSED] - Text 'Ошибка запроса данных' is not present on page

14-01-2025T10:23:22 - [TEST_STEP][PASSED] - if (verifyTextNotPresent("Произошла ошибка при выполнении пользовательского кода", false) == true): null

14-01-2025T10:23:22 - [MESSAGE][PASSED] - Text 'Произошла ошибка при выполнении пользовательского кода' is not present on page

14-01-2025T10:23:22 - [TEST_STEP][PASSED] - if (verifyTextNotPresent("У виджета нет данных", false) == true): null

14-01-2025T10:23:23 - [MESSAGE][PASSED] - Text 'У виджета нет данных' is not present on page

14-01-2025T10:23:23 - [TEST_STEP][PASSED] - if (verifyTextNotPresent("У виджета нет данных", false) == true): Text 'У виджета нет данных' is not present on page

14-01-2025T10:23:23 - [MESSAGE][PASSED] - Text 'У виджета нет данных' is not present on page

14-01-2025T10:23:23 - [TEST_STEP][PASSED] - click(findTestObject("Факторный анализ/Переключить отображение с филиала на месяц")): Object: 'Object Repository/Факторный анализ/Переключить отображение с филиала на месяц' is clicked on

14-01-2025T10:23:24 - [MESSAGE][PASSED] - Object: 'Object Repository/Факторный анализ/Переключить отображение с филиала на месяц' is clicked on

14-01-2025T10:23:24 - [TEST_STEP][PASSED] - typeOfData = "Месяц": null

14-01-2025T10:23:24 - [TEST_STEP][PASSED] - Script1687405718449.Test(todaysDate, typeOfData): null

14-01-2025T10:23:24 - [TEST_STEP][PASSED] - delay(10): Delayed 10 second(s)

14-01-2025T10:23:34 - [MESSAGE][PASSED] - Delayed 10 second(s)

14-01-2025T10:23:34 - [TEST_STEP][PASSED] - if (verifyTextNotPresent("нет данных", false) == true): null

14-01-2025T10:23:34 - [MESSAGE][PASSED] - Text 'нет данных' is not present on page

14-01-2025T10:23:34 - [TEST_STEP][PASSED] - if (verifyTextNotPresent("Ошибка запроса данных", false) == true): null

14-01-2025T10:23:35 - [MESSAGE][PASSED] - Text 'Ошибка запроса данных' is not present on page

14-01-2025T10:23:35 - [TEST_STEP][PASSED] - if (verifyTextNotPresent("Произошла ошибка при выполнении пользовательского кода", false) == true): null

14-01-2025T10:23:35 - [MESSAGE][PASSED] - Text 'Произошла ошибка при выполнении пользовательского кода' is not present on page

14-01-2025T10:23:35 - [TEST_STEP][PASSED] - if (verifyTextNotPresent("У виджета нет данных", false) == true): null

14-01-2025T10:23:36 - [MESSAGE][PASSED] - Text 'У виджета нет данных' is not present on page

14-01-2025T10:23:36 - [TEST_STEP][PASSED] - if (verifyTextNotPresent("У виджета нет данных", false) == true): Text 'У виджета нет данных' is not present on page

14-01-2025T10:23:36 - [MESSAGE][PASSED] - Text 'У виджета нет данных' is not present on page

14-01-2025T10:23:36 - [TEST_STEP][PASSED] - click(findTestObject("Факторный анализ/Переключить отображение с месяца на филиал")): Object: 'Object Repository/Факторный анализ/Переключить отображение с месяца на филиал' is clicked on

14-01-2025T10:23:36 - [MESSAGE][PASSED] - Object: 'Object Repository/Факторный анализ/Переключить отображение с месяца на филиал' is clicked on

14-01-2025T10:23:36 - [TEST_STEP][PASSED] - click(findTestObject("Факторный анализ/Фильтр ДЗО")): Object: 'Object Repository/Факторный анализ/Фильтр ДЗО' is clicked on

14-01-2025T10:23:37 - [MESSAGE][PASSED] - Object: 'Object Repository/Факторный анализ/Фильтр ДЗО' is clicked on

14-01-2025T10:23:37 - [TEST_STEP][PASSED] - click(findTestObject("Факторный анализ/Снять выделение в фильтре ДЗО")): Object: 'Object Repository/Факторный анализ/Снять выделение в фильтре ДЗО' is clicked on

14-01-2025T10:23:37 - [MESSAGE][PASSED] - Object: 'Object Repository/Факторный анализ/Снять выделение в фильтре ДЗО' is clicked on

14-01-2025T10:23:37 - [TEST_STEP][PASSED] - scrollToElement(findTestObject("Общие объекты/Брянскэнерго"), 30): Scroll to object 'Object Repository/Общие объекты/Брянскэнерго' successfully

14-01-2025T10:23:38 - [MESSAGE][PASSED] - Scroll to object 'Object Repository/Общие объекты/Брянскэнерго' successfully

14-01-2025T10:23:38 - [TEST_STEP][PASSED] - click(findTestObject("Общие объекты/Брянскэнерго")): Object: 'Object Repository/Общие объекты/Брянскэнерго' is clicked on

14-01-2025T10:23:38 - [MESSAGE][PASSED] - Object: 'Object Repository/Общие объекты/Брянскэнерго' is clicked on

14-01-2025T10:23:38 - [TEST_STEP][PASSED] - Script1687405718449.Change(todaysDate, typeOfData): null

14-01-2025T10:23:38 - [TEST_STEP][PASSED] - scrollToElement(findTestObject("Факторный анализ/Заголовок дашборда"), 30): Scroll to object 'Object Repository/Факторный анализ/Заголовок дашборда' successfully

14-01-2025T10:23:38 - [MESSAGE][PASSED] - Scroll to object 'Object Repository/Факторный анализ/Заголовок дашборда' successfully

14-01-2025T10:23:38 - [TEST_STEP][PASSED] - click(findTestObject("Факторный анализ/Применить в фильтре ДЗО")): Object: 'Object Repository/Факторный анализ/Применить в фильтре ДЗО' is clicked on

14-01-2025T10:23:39 - [MESSAGE][PASSED] - Object: 'Object Repository/Факторный анализ/Применить в фильтре ДЗО' is clicked on

14-01-2025T10:23:39 - [TEST_STEP][PASSED] - typeOfData = "Филиал": null

14-01-2025T10:23:39 - [TEST_STEP][PASSED] - Script1687405718449.Test(todaysDate, typeOfData): null

14-01-2025T10:23:39 - [TEST_STEP][PASSED] - delay(10): Delayed 10 second(s)

14-01-2025T10:23:49 - [MESSAGE][PASSED] - Delayed 10 second(s)

14-01-2025T10:23:49 - [TEST_STEP][PASSED] - if (verifyTextNotPresent("нет данных", false) == true): null

14-01-2025T10:23:49 - [MESSAGE][PASSED] - Text 'нет данных' is not present on page

14-01-2025T10:23:49 - [TEST_STEP][PASSED] - if (verifyTextNotPresent("Ошибка запроса данных", false) == true): null

14-01-2025T10:23:50 - [MESSAGE][PASSED] - Text 'Ошибка запроса данных' is not present on page

14-01-2025T10:23:50 - [TEST_STEP][PASSED] - if (verifyTextNotPresent("Произошла ошибка при выполнении пользовательского кода", false) == true): null

14-01-2025T10:23:50 - [MESSAGE][PASSED] - Text 'Произошла ошибка при выполнении пользовательского кода' is not present on page

14-01-2025T10:23:50 - [TEST_STEP][PASSED] - if (verifyTextNotPresent("У виджета нет данных", false) == true): null

14-01-2025T10:23:51 - [MESSAGE][PASSED] - Text 'У виджета нет данных' is not present on page

14-01-2025T10:23:51 - [TEST_STEP][PASSED] - if (verifyTextNotPresent("У виджета нет данных", false) == true): Text 'У виджета нет данных' is not present on page

14-01-2025T10:23:51 - [MESSAGE][PASSED] - Text 'У виджета нет данных' is not present on page

14-01-2025T10:23:51 - [TEST_STEP][PASSED] - click(findTestObject("Факторный анализ/Переключить отображение с филиала на месяц")): Object: 'Object Repository/Факторный анализ/Переключить отображение с филиала на месяц' is clicked on

14-01-2025T10:23:52 - [MESSAGE][PASSED] - Object: 'Object Repository/Факторный анализ/Переключить отображение с филиала на месяц' is clicked on

14-01-2025T10:23:52 - [TEST_STEP][PASSED] - typeOfData = "Месяц": null

14-01-2025T10:23:52 - [TEST_STEP][PASSED] - Script1687405718449.Test(todaysDate, typeOfData): null

14-01-2025T10:23:52 - [TEST_STEP][PASSED] - delay(10): Delayed 10 second(s)

14-01-2025T10:24:02 - [MESSAGE][PASSED] - Delayed 10 second(s)

14-01-2025T10:24:02 - [TEST_STEP][PASSED] - if (verifyTextNotPresent("нет данных", false) == true): null

14-01-2025T10:24:02 - [MESSAGE][PASSED] - Text 'нет данных' is not present on page

14-01-2025T10:24:02 - [TEST_STEP][PASSED] - if (verifyTextNotPresent("Ошибка запроса данных", false) == true): null

14-01-2025T10:24:03 - [MESSAGE][PASSED] - Text 'Ошибка запроса данных' is not present on page

14-01-2025T10:24:03 - [TEST_STEP][PASSED] - if (verifyTextNotPresent("Произошла ошибка при выполнении пользовательского кода", false) == true): null

14-01-2025T10:24:03 - [MESSAGE][PASSED] - Text 'Произошла ошибка при выполнении пользовательского кода' is not present on page

14-01-2025T10:24:03 - [TEST_STEP][PASSED] - if (verifyTextNotPresent("У виджета нет данных", false) == true): null

14-01-2025T10:24:04 - [MESSAGE][PASSED] - Text 'У виджета нет данных' is not present on page

14-01-2025T10:24:04 - [TEST_STEP][PASSED] - if (verifyTextNotPresent("У виджета нет данных", false) == true): Text 'У виджета нет данных' is not present on page

14-01-2025T10:24:04 - [MESSAGE][PASSED] - Text 'У виджета нет данных' is not present on page

14-01-2025T10:24:04 - [TEST_STEP][PASSED] - click(findTestObject("Факторный анализ/Переключить отображение с месяца на филиал")): Object: 'Object Repository/Факторный анализ/Переключить отображение с месяца на филиал' is clicked on

14-01-2025T10:24:05 - [MESSAGE][PASSED] - Object: 'Object Repository/Факторный анализ/Переключить отображение с месяца на филиал' is clicked on

14-01-2025T10:24:05 - [TEST_STEP][PASSED] - click(findTestObject("Факторный анализ/Фильтр ДЗО")): Object: 'Object Repository/Факторный анализ/Фильтр ДЗО' is clicked on

14-01-2025T10:24:05 - [MESSAGE][PASSED] - Object: 'Object Repository/Факторный анализ/Фильтр ДЗО' is clicked on

14-01-2025T10:24:05 - [TEST_STEP][PASSED] - click(findTestObject("Факторный анализ/Снять выделение в фильтре ДЗО")): Object: 'Object Repository/Факторный анализ/Снять выделение в фильтре ДЗО' is clicked on

14-01-2025T10:24:05 - [MESSAGE][PASSED] - Object: 'Object Repository/Факторный анализ/Снять выделение в фильтре ДЗО' is clicked on

14-01-2025T10:24:05 - [TEST_STEP][PASSED] - scrollToElement(findTestObject("Общие объекты/Воронежэнерго"), 30): Scroll to object 'Object Repository/Общие объекты/Воронежэнерго' successfully

14-01-2025T10:24:06 - [MESSAGE][PASSED] - Scroll to object 'Object Repository/Общие объекты/Воронежэнерго' successfully

14-01-2025T10:24:06 - [TEST_STEP][PASSED] - click(findTestObject("Общие объекты/Воронежэнерго")): Object: 'Object Repository/Общие объекты/Воронежэнерго' is clicked on

14-01-2025T10:24:06 - [MESSAGE][PASSED] - Object: 'Object Repository/Общие объекты/Воронежэнерго' is clicked on

14-01-2025T10:24:06 - [TEST_STEP][PASSED] - Script1687405718449.Change(todaysDate, typeOfData): null

14-01-2025T10:24:06 - [TEST_STEP][PASSED] - scrollToElement(findTestObject("Факторный анализ/Заголовок дашборда"), 30): Scroll to object 'Object Repository/Факторный анализ/Заголовок дашборда' successfully

14-01-2025T10:24:07 - [MESSAGE][PASSED] - Scroll to object 'Object Repository/Факторный анализ/Заголовок дашборда' successfully

14-01-2025T10:24:07 - [TEST_STEP][PASSED] - click(findTestObject("Факторный анализ/Применить в фильтре ДЗО")): Object: 'Object Repository/Факторный анализ/Применить в фильтре ДЗО' is clicked on

14-01-2025T10:24:07 - [MESSAGE][PASSED] - Object: 'Object Repository/Факторный анализ/Применить в фильтре ДЗО' is clicked on

14-01-2025T10:24:07 - [TEST_STEP][PASSED] - typeOfData = "Филиал": null

14-01-2025T10:24:07 - [TEST_STEP][PASSED] - Script1687405718449.Test(todaysDate, typeOfData): null

14-01-2025T10:24:07 - [TEST_STEP][PASSED] - delay(10): Delayed 10 second(s)

14-01-2025T10:24:17 - [MESSAGE][PASSED] - Delayed 10 second(s)

14-01-2025T10:24:17 - [TEST_STEP][PASSED] - if (verifyTextNotPresent("нет данных", false) == true): null

14-01-2025T10:24:18 - [MESSAGE][PASSED] - Text 'нет данных' is not present on page

14-01-2025T10:24:18 - [TEST_STEP][PASSED] - if (verifyTextNotPresent("Ошибка запроса данных", false) == true): null

14-01-2025T10:24:18 - [MESSAGE][PASSED] - Text 'Ошибка запроса данных' is not present on page

14-01-2025T10:24:18 - [TEST_STEP][PASSED] - if (verifyTextNotPresent("Произошла ошибка при выполнении пользовательского кода", false) == true): null

14-01-2025T10:24:19 - [MESSAGE][PASSED] - Text 'Произошла ошибка при выполнении пользовательского кода' is not present on page

14-01-2025T10:24:19 - [TEST_STEP][PASSED] - if (verifyTextNotPresent("У виджета нет данных", false) == true): null

14-01-2025T10:24:19 - [MESSAGE][PASSED] - Text 'У виджета нет данных' is not present on page

14-01-2025T10:24:19 - [TEST_STEP][PASSED] - if (verifyTextNotPresent("У виджета нет данных", false) == true): Text 'У виджета нет данных' is not present on page

14-01-2025T10:24:19 - [MESSAGE][PASSED] - Text 'У виджета нет данных' is not present on page

14-01-2025T10:24:19 - [TEST_STEP][PASSED] - click(findTestObject("Факторный анализ/Переключить отображение с филиала на месяц")): Object: 'Object Repository/Факторный анализ/Переключить отображение с филиала на месяц' is clicked on

14-01-2025T10:24:20 - [MESSAGE][PASSED] - Object: 'Object Repository/Факторный анализ/Переключить отображение с филиала на месяц' is clicked on

14-01-2025T10:24:20 - [TEST_STEP][PASSED] - typeOfData = "Месяц": null

14-01-2025T10:24:20 - [TEST_STEP][PASSED] - Script1687405718449.Test(todaysDate, typeOfData): null

14-01-2025T10:24:20 - [TEST_STEP][PASSED] - delay(10): Delayed 10 second(s)

14-01-2025T10:24:30 - [MESSAGE][PASSED] - Delayed 10 second(s)

14-01-2025T10:24:30 - [TEST_STEP][PASSED] - if (verifyTextNotPresent("нет данных", false) == true): null

14-01-2025T10:24:30 - [MESSAGE][PASSED] - Text 'нет данных' is not present on page

14-01-2025T10:24:30 - [TEST_STEP][PASSED] - if (verifyTextNotPresent("Ошибка запроса данных", false) == true): null

14-01-2025T10:24:31 - [MESSAGE][PASSED] - Text 'Ошибка запроса данных' is not present on page

14-01-2025T10:24:31 - [TEST_STEP][PASSED] - if (verifyTextNotPresent("Произошла ошибка при выполнении пользовательского кода", false) == true): null

14-01-2025T10:24:31 - [MESSAGE][PASSED] - Text 'Произошла ошибка при выполнении пользовательского кода' is not present on page

14-01-2025T10:24:31 - [TEST_STEP][PASSED] - if (verifyTextNotPresent("У виджета нет данных", false) == true): null

14-01-2025T10:24:32 - [MESSAGE][PASSED] - Text 'У виджета нет данных' is not present on page

14-01-2025T10:24:32 - [TEST_STEP][PASSED] - if (verifyTextNotPresent("У виджета нет данных", false) == true): Text 'У виджета нет данных' is not present on page

14-01-2025T10:24:32 - [MESSAGE][PASSED] - Text 'У виджета нет данных' is not present on page

14-01-2025T10:24:32 - [TEST_STEP][PASSED] - click(findTestObject("Факторный анализ/Переключить отображение с месяца на филиал")): Object: 'Object Repository/Факторный анализ/Переключить отображение с месяца на филиал' is clicked on

14-01-2025T10:24:33 - [MESSAGE][PASSED] - Object: 'Object Repository/Факторный анализ/Переключить отображение с месяца на филиал' is clicked on

14-01-2025T10:24:33 - [TEST_STEP][PASSED] - click(findTestObject("Факторный анализ/Фильтр ДЗО")): Object: 'Object Repository/Факторный анализ/Фильтр ДЗО' is clicked on

14-01-2025T10:24:33 - [MESSAGE][PASSED] - Object: 'Object Repository/Факторный анализ/Фильтр ДЗО' is clicked on

14-01-2025T10:24:33 - [TEST_STEP][PASSED] - click(findTestObject("Факторный анализ/Снять выделение в фильтре ДЗО")): Object: 'Object Repository/Факторный анализ/Снять выделение в фильтре ДЗО' is clicked on

14-01-2025T10:24:33 - [MESSAGE][PASSED] - Object: 'Object Repository/Факторный анализ/Снять выделение в фильтре ДЗО' is clicked on

14-01-2025T10:24:33 - [TEST_STEP][PASSED] - scrollToElement(findTestObject("Общие объекты/Костромаэнерго"), 30): Scroll to object 'Object Repository/Общие объекты/Костромаэнерго' successfully

14-01-2025T10:24:34 - [MESSAGE][PASSED] - Scroll to object 'Object Repository/Общие объекты/Костромаэнерго' successfully

14-01-2025T10:24:34 - [TEST_STEP][PASSED] - click(findTestObject("Общие объекты/Костромаэнерго")): Object: 'Object Repository/Общие объекты/Костромаэнерго' is clicked on

14-01-2025T10:24:34 - [MESSAGE][PASSED] - Object: 'Object Repository/Общие объекты/Костромаэнерго' is clicked on

14-01-2025T10:24:34 - [TEST_STEP][PASSED] - Script1687405718449.Change(todaysDate, typeOfData): null

14-01-2025T10:24:34 - [TEST_STEP][PASSED] - scrollToElement(findTestObject("Факторный анализ/Заголовок дашборда"), 30): Scroll to object 'Object Repository/Факторный анализ/Заголовок дашборда' successfully

14-01-2025T10:24:35 - [MESSAGE][PASSED] - Scroll to object 'Object Repository/Факторный анализ/Заголовок дашборда' successfully

14-01-2025T10:24:35 - [TEST_STEP][PASSED] - click(findTestObject("Факторный анализ/Применить в фильтре ДЗО")): Object: 'Object Repository/Факторный анализ/Применить в фильтре ДЗО' is clicked on

14-01-2025T10:24:35 - [MESSAGE][PASSED] - Object: 'Object Repository/Факторный анализ/Применить в фильтре ДЗО' is clicked on

14-01-2025T10:24:35 - [TEST_STEP][PASSED] - typeOfData = "Филиал": null

14-01-2025T10:24:35 - [TEST_STEP][PASSED] - Script1687405718449.Test(todaysDate, typeOfData): null

14-01-2025T10:24:35 - [TEST_STEP][PASSED] - delay(10): Delayed 10 second(s)

14-01-2025T10:24:45 - [MESSAGE][PASSED] - Delayed 10 second(s)

14-01-2025T10:24:45 - [TEST_STEP][PASSED] - if (verifyTextNotPresent("нет данных", false) == true): null

14-01-2025T10:24:46 - [MESSAGE][PASSED] - Text 'нет данных' is not present on page

14-01-2025T10:24:46 - [TEST_STEP][PASSED] - if (verifyTextNotPresent("Ошибка запроса данных", false) == true): null

14-01-2025T10:24:46 - [MESSAGE][PASSED] - Text 'Ошибка запроса данных' is not present on page

14-01-2025T10:24:46 - [TEST_STEP][PASSED] - if (verifyTextNotPresent("Произошла ошибка при выполнении пользовательского кода", false) == true): null

14-01-2025T10:24:47 - [MESSAGE][PASSED] - Text 'Произошла ошибка при выполнении пользовательского кода' is not present on page

14-01-2025T10:24:47 - [TEST_STEP][PASSED] - if (verifyTextNotPresent("У виджета нет данных", false) == true): null

14-01-2025T10:24:47 - [MESSAGE][PASSED] - Text 'У виджета нет данных' is not present on page

14-01-2025T10:24:47 - [TEST_STEP][PASSED] - if (verifyTextNotPresent("У виджета нет данных", false) == true): Text 'У виджета нет данных' is not present on page

14-01-2025T10:24:47 - [MESSAGE][PASSED] - Text 'У виджета нет данных' is not present on page

14-01-2025T10:24:47 - [TEST_STEP][PASSED] - click(findTestObject("Факторный анализ/Переключить отображение с филиала на месяц")): Object: 'Object Repository/Факторный анализ/Переключить отображение с филиала на месяц' is clicked on

14-01-2025T10:24:48 - [MESSAGE][PASSED] - Object: 'Object Repository/Факторный анализ/Переключить отображение с филиала на месяц' is clicked on

14-01-2025T10:24:48 - [TEST_STEP][PASSED] - typeOfData = "Месяц": null

14-01-2025T10:24:48 - [TEST_STEP][PASSED] - Script1687405718449.Test(todaysDate, typeOfData): null

14-01-2025T10:24:48 - [TEST_STEP][PASSED] - delay(10): Delayed 10 second(s)

14-01-2025T10:24:58 - [MESSAGE][PASSED] - Delayed 10 second(s)

14-01-2025T10:24:58 - [TEST_STEP][PASSED] - if (verifyTextNotPresent("нет данных", false) == true): null

14-01-2025T10:24:58 - [MESSAGE][PASSED] - Text 'нет данных' is not present on page

14-01-2025T10:24:58 - [TEST_STEP][PASSED] - if (verifyTextNotPresent("Ошибка запроса данных", false) == true): null

14-01-2025T10:24:59 - [MESSAGE][PASSED] - Text 'Ошибка запроса данных' is not present on page

14-01-2025T10:24:59 - [TEST_STEP][PASSED] - if (verifyTextNotPresent("Произошла ошибка при выполнении пользовательского кода", false) == true): null

14-01-2025T10:24:59 - [MESSAGE][PASSED] - Text 'Произошла ошибка при выполнении пользовательского кода' is not present on page

14-01-2025T10:24:59 - [TEST_STEP][PASSED] - if (verifyTextNotPresent("У виджета нет данных", false) == true): null

14-01-2025T10:25:00 - [MESSAGE][PASSED] - Text 'У виджета нет данных' is not present on page

14-01-2025T10:25:00 - [TEST_STEP][PASSED] - if (verifyTextNotPresent("У виджета нет данных", false) == true): Text 'У виджета нет данных' is not present on page

14-01-2025T10:25:00 - [MESSAGE][PASSED] - Text 'У виджета нет данных' is not present on page

14-01-2025T10:25:00 - [TEST_STEP][PASSED] - click(findTestObject("Факторный анализ/Переключить отображение с месяца на филиал")): Object: 'Object Repository/Факторный анализ/Переключить отображение с месяца на филиал' is clicked on

14-01-2025T10:25:01 - [MESSAGE][PASSED] - Object: 'Object Repository/Факторный анализ/Переключить отображение с месяца на филиал' is clicked on

14-01-2025T10:25:01 - [TEST_STEP][PASSED] - click(findTestObject("Факторный анализ/Фильтр ДЗО")): Object: 'Object Repository/Факторный анализ/Фильтр ДЗО' is clicked on

14-01-2025T10:25:01 - [MESSAGE][PASSED] - Object: 'Object Repository/Факторный анализ/Фильтр ДЗО' is clicked on

14-01-2025T10:25:01 - [TEST_STEP][PASSED] - click(findTestObject("Факторный анализ/Снять выделение в фильтре ДЗО")): Object: 'Object Repository/Факторный анализ/Снять выделение в фильтре ДЗО' is clicked on

14-01-2025T10:25:01 - [MESSAGE][PASSED] - Object: 'Object Repository/Факторный анализ/Снять выделение в фильтре ДЗО' is clicked on

14-01-2025T10:25:01 - [TEST_STEP][PASSED] - scrollToElement(findTestObject("Общие объекты/Курскэнерго"), 30): Scroll to object 'Object Repository/Общие объекты/Курскэнерго' successfully

14-01-2025T10:25:02 - [MESSAGE][PASSED] - Scroll to object 'Object Repository/Общие объекты/Курскэнерго' successfully

14-01-2025T10:25:02 - [TEST_STEP][PASSED] - click(findTestObject("Общие объекты/Курскэнерго")): Object: 'Object Repository/Общие объекты/Курскэнерго' is clicked on

14-01-2025T10:25:02 - [MESSAGE][PASSED] - Object: 'Object Repository/Общие объекты/Курскэнерго' is clicked on

14-01-2025T10:25:02 - [TEST_STEP][PASSED] - Script1687405718449.Change(todaysDate, typeOfData): null

14-01-2025T10:25:02 - [TEST_STEP][PASSED] - scrollToElement(findTestObject("Факторный анализ/Заголовок дашборда"), 30): Scroll to object 'Object Repository/Факторный анализ/Заголовок дашборда' successfully

14-01-2025T10:25:03 - [MESSAGE][PASSED] - Scroll to object 'Object Repository/Факторный анализ/Заголовок дашборда' successfully

14-01-2025T10:25:03 - [TEST_STEP][PASSED] - click(findTestObject("Факторный анализ/Применить в фильтре ДЗО")): Object: 'Object Repository/Факторный анализ/Применить в фильтре ДЗО' is clicked on

14-01-2025T10:25:03 - [MESSAGE][PASSED] - Object: 'Object Repository/Факторный анализ/Применить в фильтре ДЗО' is clicked on

14-01-2025T10:25:03 - [TEST_STEP][PASSED] - typeOfData = "Филиал": null

14-01-2025T10:25:03 - [TEST_STEP][PASSED] - Script1687405718449.Test(todaysDate, typeOfData): null

14-01-2025T10:25:03 - [TEST_STEP][PASSED] - delay(10): Delayed 10 second(s)

14-01-2025T10:25:13 - [MESSAGE][PASSED] - Delayed 10 second(s)

14-01-2025T10:25:13 - [TEST_STEP][PASSED] - if (verifyTextNotPresent("нет данных", false) == true): null

14-01-2025T10:25:14 - [MESSAGE][PASSED] - Text 'нет данных' is not present on page

14-01-2025T10:25:14 - [TEST_STEP][PASSED] - if (verifyTextNotPresent("Ошибка запроса данных", false) == true): null

14-01-2025T10:25:14 - [MESSAGE][PASSED] - Text 'Ошибка запроса данных' is not present on page

14-01-2025T10:25:14 - [TEST_STEP][PASSED] - if (verifyTextNotPresent("Произошла ошибка при выполнении пользовательского кода", false) == true): null

14-01-2025T10:25:15 - [MESSAGE][PASSED] - Text 'Произошла ошибка при выполнении пользовательского кода' is not present on page

14-01-2025T10:25:15 - [TEST_STEP][PASSED] - if (verifyTextNotPresent("У виджета нет данных", false) == true): null

14-01-2025T10:25:15 - [MESSAGE][PASSED] - Text 'У виджета нет данных' is not present on page

14-01-2025T10:25:15 - [TEST_STEP][PASSED] - if (verifyTextNotPresent("У виджета нет данных", false) == true): Text 'У виджета нет данных' is not present on page

14-01-2025T10:25:15 - [MESSAGE][PASSED] - Text 'У виджета нет данных' is not present on page

14-01-2025T10:25:15 - [TEST_STEP][PASSED] - click(findTestObject("Факторный анализ/Переключить отображение с филиала на месяц")): Object: 'Object Repository/Факторный анализ/Переключить отображение с филиала на месяц' is clicked on

14-01-2025T10:25:16 - [MESSAGE][PASSED] - Object: 'Object Repository/Факторный анализ/Переключить отображение с филиала на месяц' is clicked on

14-01-2025T10:25:16 - [TEST_STEP][PASSED] - typeOfData = "Месяц": null

14-01-2025T10:25:16 - [TEST_STEP][PASSED] - Script1687405718449.Test(todaysDate, typeOfData): null

14-01-2025T10:25:16 - [TEST_STEP][PASSED] - delay(10): Delayed 10 second(s)

14-01-2025T10:25:26 - [MESSAGE][PASSED] - Delayed 10 second(s)

14-01-2025T10:25:26 - [TEST_STEP][PASSED] - if (verifyTextNotPresent("нет данных", false) == true): null

14-01-2025T10:25:26 - [MESSAGE][PASSED] - Text 'нет данных' is not present on page

14-01-2025T10:25:26 - [TEST_STEP][PASSED] - if (verifyTextNotPresent("Ошибка запроса данных", false) == true): null

14-01-2025T10:25:27 - [MESSAGE][PASSED] - Text 'Ошибка запроса данных' is not present on page

14-01-2025T10:25:27 - [TEST_STEP][PASSED] - if (verifyTextNotPresent("Произошла ошибка при выполнении пользовательского кода", false) == true): null

14-01-2025T10:25:27 - [MESSAGE][PASSED] - Text 'Произошла ошибка при выполнении пользовательского кода' is not present on page

14-01-2025T10:25:27 - [TEST_STEP][PASSED] - if (verifyTextNotPresent("У виджета нет данных", false) == true): null

14-01-2025T10:25:28 - [MESSAGE][PASSED] - Text 'У виджета нет данных' is not present on page

14-01-2025T10:25:28 - [TEST_STEP][PASSED] - if (verifyTextNotPresent("У виджета нет данных", false) == true): Text 'У виджета нет данных' is not present on page

14-01-2025T10:25:28 - [MESSAGE][PASSED] - Text 'У виджета нет данных' is not present on page

14-01-2025T10:25:28 - [TEST_STEP][PASSED] - click(findTestObject("Факторный анализ/Переключить отображение с месяца на филиал")): Object: 'Object Repository/Факторный анализ/Переключить отображение с месяца на филиал' is clicked on

14-01-2025T10:25:29 - [MESSAGE][PASSED] - Object: 'Object Repository/Факторный анализ/Переключить отображение с месяца на филиал' is clicked on

14-01-2025T10:25:29 - [TEST_STEP][PASSED] - click(findTestObject("Факторный анализ/Фильтр ДЗО")): Object: 'Object Repository/Факторный анализ/Фильтр ДЗО' is clicked on

14-01-2025T10:25:29 - [MESSAGE][PASSED] - Object: 'Object Repository/Факторный анализ/Фильтр ДЗО' is clicked on

14-01-2025T10:25:29 - [TEST_STEP][PASSED] - click(findTestObject("Факторный анализ/Снять выделение в фильтре ДЗО")): Object: 'Object Repository/Факторный анализ/Снять выделение в фильтре ДЗО' is clicked on

14-01-2025T10:25:29 - [MESSAGE][PASSED] - Object: 'Object Repository/Факторный анализ/Снять выделение в фильтре ДЗО' is clicked on

14-01-2025T10:25:29 - [TEST_STEP][PASSED] - scrollToElement(findTestObject("Общие объекты/Липецкэнерго"), 30): Scroll to object 'Object Repository/Общие объекты/Липецкэнерго' successfully

14-01-2025T10:25:30 - [MESSAGE][PASSED] - Scroll to object 'Object Repository/Общие объекты/Липецкэнерго' successfully

14-01-2025T10:25:30 - [TEST_STEP][PASSED] - click(findTestObject("Общие объекты/Липецкэнерго")): Object: 'Object Repository/Общие объекты/Липецкэнерго' is clicked on

14-01-2025T10:25:30 - [MESSAGE][PASSED] - Object: 'Object Repository/Общие объекты/Липецкэнерго' is clicked on

14-01-2025T10:25:30 - [TEST_STEP][PASSED] - Script1687405718449.Change(todaysDate, typeOfData): null

14-01-2025T10:25:30 - [TEST_STEP][PASSED] - scrollToElement(findTestObject("Факторный анализ/Заголовок дашборда"), 30): Scroll to object 'Object Repository/Факторный анализ/Заголовок дашборда' successfully

14-01-2025T10:25:31 - [MESSAGE][PASSED] - Scroll to object 'Object Repository/Факторный анализ/Заголовок дашборда' successfully

14-01-2025T10:25:31 - [TEST_STEP][PASSED] - click(findTestObject("Факторный анализ/Применить в фильтре ДЗО")): Object: 'Object Repository/Факторный анализ/Применить в фильтре ДЗО' is clicked on

14-01-2025T10:25:31 - [MESSAGE][PASSED] - Object: 'Object Repository/Факторный анализ/Применить в фильтре ДЗО' is clicked on

14-01-2025T10:25:31 - [TEST_STEP][PASSED] - typeOfData = "Филиал": null

14-01-2025T10:25:31 - [TEST_STEP][PASSED] - Script1687405718449.Test(todaysDate, typeOfData): null

14-01-2025T10:25:31 - [TEST_STEP][PASSED] - delay(10): Delayed 10 second(s)

14-01-2025T10:25:41 - [MESSAGE][PASSED] - Delayed 10 second(s)

14-01-2025T10:25:41 - [TEST_STEP][PASSED] - if (verifyTextNotPresent("нет данных", false) == true): null

14-01-2025T10:25:42 - [MESSAGE][PASSED] - Text 'нет данных' is not present on page

14-01-2025T10:25:42 - [TEST_STEP][PASSED] - if (verifyTextNotPresent("Ошибка запроса данных", false) == true): null

14-01-2025T10:25:42 - [MESSAGE][PASSED] - Text 'Ошибка запроса данных' is not present on page

14-01-2025T10:25:42 - [TEST_STEP][PASSED] - if (verifyTextNotPresent("Произошла ошибка при выполнении пользовательского кода", false) == true): null

14-01-2025T10:25:43 - [MESSAGE][PASSED] - Text 'Произошла ошибка при выполнении пользовательского кода' is not present on page

14-01-2025T10:25:43 - [TEST_STEP][PASSED] - if (verifyTextNotPresent("У виджета нет данных", false) == true): null

14-01-2025T10:25:43 - [MESSAGE][PASSED] - Text 'У виджета нет данных' is not present on page

14-01-2025T10:25:43 - [TEST_STEP][PASSED] - if (verifyTextNotPresent("У виджета нет данных", false) == true): Text 'У виджета нет данных' is not present on page

14-01-2025T10:25:43 - [MESSAGE][PASSED] - Text 'У виджета нет данных' is not present on page

14-01-2025T10:25:43 - [TEST_STEP][PASSED] - click(findTestObject("Факторный анализ/Переключить отображение с филиала на месяц")): Object: 'Object Repository/Факторный анализ/Переключить отображение с филиала на месяц' is clicked on

14-01-2025T10:25:44 - [MESSAGE][PASSED] - Object: 'Object Repository/Факторный анализ/Переключить отображение с филиала на месяц' is clicked on

14-01-2025T10:25:44 - [TEST_STEP][PASSED] - typeOfData = "Месяц": null

14-01-2025T10:25:44 - [TEST_STEP][PASSED] - Script1687405718449.Test(todaysDate, typeOfData): null

14-01-2025T10:25:44 - [TEST_STEP][PASSED] - delay(10): Delayed 10 second(s)

14-01-2025T10:25:54 - [MESSAGE][PASSED] - Delayed 10 second(s)

14-01-2025T10:25:54 - [TEST_STEP][PASSED] - if (verifyTextNotPresent("нет данных", false) == true): null

14-01-2025T10:25:54 - [MESSAGE][PASSED] - Text 'нет данных' is not present on page

14-01-2025T10:25:54 - [TEST_STEP][PASSED] - if (verifyTextNotPresent("Ошибка запроса данных", false) == true): null

14-01-2025T10:25:55 - [MESSAGE][PASSED] - Text 'Ошибка запроса данных' is not present on page

14-01-2025T10:25:55 - [TEST_STEP][PASSED] - if (verifyTextNotPresent("Произошла ошибка при выполнении пользовательского кода", false) == true): null

14-01-2025T10:25:55 - [MESSAGE][PASSED] - Text 'Произошла ошибка при выполнении пользовательского кода' is not present on page

14-01-2025T10:25:55 - [TEST_STEP][PASSED] - if (verifyTextNotPresent("У виджета нет данных", false) == true): null

14-01-2025T10:25:56 - [MESSAGE][PASSED] - Text 'У виджета нет данных' is not present on page

14-01-2025T10:25:56 - [TEST_STEP][PASSED] - if (verifyTextNotPresent("У виджета нет данных", false) == true): Text 'У виджета нет данных' is not present on page

14-01-2025T10:25:56 - [MESSAGE][PASSED] - Text 'У виджета нет данных' is not present on page

14-01-2025T10:25:56 - [TEST_STEP][PASSED] - click(findTestObject("Факторный анализ/Переключить отображение с месяца на филиал")): Object: 'Object Repository/Факторный анализ/Переключить отображение с месяца на филиал' is clicked on

14-01-2025T10:25:57 - [MESSAGE][PASSED] - Object: 'Object Repository/Факторный анализ/Переключить отображение с месяца на филиал' is clicked on

14-01-2025T10:25:57 - [TEST_STEP][PASSED] - click(findTestObject("Факторный анализ/Фильтр ДЗО")): Object: 'Object Repository/Факторный анализ/Фильтр ДЗО' is clicked on

14-01-2025T10:25:57 - [MESSAGE][PASSED] - Object: 'Object Repository/Факторный анализ/Фильтр ДЗО' is clicked on

14-01-2025T10:25:57 - [TEST_STEP][PASSED] - click(findTestObject("Факторный анализ/Снять выделение в фильтре ДЗО")): Object: 'Object Repository/Факторный анализ/Снять выделение в фильтре ДЗО' is clicked on

14-01-2025T10:25:57 - [MESSAGE][PASSED] - Object: 'Object Repository/Факторный анализ/Снять выделение в фильтре ДЗО' is clicked on

14-01-2025T10:25:57 - [TEST_STEP][PASSED] - scrollToElement(findTestObject("Общие объекты/Орелэнерго"), 30): Scroll to object 'Object Repository/Общие объекты/Орелэнерго' successfully

14-01-2025T10:25:58 - [MESSAGE][PASSED] - Scroll to object 'Object Repository/Общие объекты/Орелэнерго' successfully

14-01-2025T10:25:58 - [TEST_STEP][PASSED] - click(findTestObject("Общие объекты/Орелэнерго")): Object: 'Object Repository/Общие объекты/Орелэнерго' is clicked on

14-01-2025T10:25:58 - [MESSAGE][PASSED] - Object: 'Object Repository/Общие объекты/Орелэнерго' is clicked on

14-01-2025T10:25:58 - [TEST_STEP][PASSED] - Script1687405718449.Change(todaysDate, typeOfData): null

14-01-2025T10:25:58 - [TEST_STEP][PASSED] - scrollToElement(findTestObject("Факторный анализ/Заголовок дашборда"), 30): Scroll to object 'Object Repository/Факторный анализ/Заголовок дашборда' successfully

14-01-2025T10:25:59 - [MESSAGE][PASSED] - Scroll to object 'Object Repository/Факторный анализ/Заголовок дашборда' successfully

14-01-2025T10:25:59 - [TEST_STEP][PASSED] - click(findTestObject("Факторный анализ/Применить в фильтре ДЗО")): Object: 'Object Repository/Факторный анализ/Применить в фильтре ДЗО' is clicked on

14-01-2025T10:25:59 - [MESSAGE][PASSED] - Object: 'Object Repository/Факторный анализ/Применить в фильтре ДЗО' is clicked on

14-01-2025T10:25:59 - [TEST_STEP][PASSED] - typeOfData = "Филиал": null

14-01-2025T10:25:59 - [TEST_STEP][PASSED] - Script1687405718449.Test(todaysDate, typeOfData): null

14-01-2025T10:25:59 - [TEST_STEP][PASSED] - delay(10): Delayed 10 second(s)

14-01-2025T10:26:09 - [MESSAGE][PASSED] - Delayed 10 second(s)

14-01-2025T10:26:09 - [TEST_STEP][PASSED] - if (verifyTextNotPresent("нет данных", false) == true): null

14-01-2025T10:26:10 - [MESSAGE][PASSED] - Text 'нет данных' is not present on page

14-01-2025T10:26:10 - [TEST_STEP][PASSED] - if (verifyTextNotPresent("Ошибка запроса данных", false) == true): null

14-01-2025T10:26:10 - [MESSAGE][PASSED] - Text 'Ошибка запроса данных' is not present on page

14-01-2025T10:26:10 - [TEST_STEP][PASSED] - if (verifyTextNotPresent("Произошла ошибка при выполнении пользовательского кода", false) == true): null

14-01-2025T10:26:11 - [MESSAGE][PASSED] - Text 'Произошла ошибка при выполнении пользовательского кода' is not present on page

14-01-2025T10:26:11 - [TEST_STEP][PASSED] - if (verifyTextNotPresent("У виджета нет данных", false) == true): null

14-01-2025T10:26:11 - [MESSAGE][PASSED] - Text 'У виджета нет данных' is not present on page

14-01-2025T10:26:11 - [TEST_STEP][PASSED] - if (verifyTextNotPresent("У виджета нет данных", false) == true): Text 'У виджета нет данных' is not present on page

14-01-2025T10:26:11 - [MESSAGE][PASSED] - Text 'У виджета нет данных' is not present on page

14-01-2025T10:26:11 - [TEST_STEP][PASSED] - click(findTestObject("Факторный анализ/Переключить отображение с филиала на месяц")): Object: 'Object Repository/Факторный анализ/Переключить отображение с филиала на месяц' is clicked on

14-01-2025T10:26:12 - [MESSAGE][PASSED] - Object: 'Object Repository/Факторный анализ/Переключить отображение с филиала на месяц' is clicked on

14-01-2025T10:26:12 - [TEST_STEP][PASSED] - typeOfData = "Месяц": null

14-01-2025T10:26:12 - [TEST_STEP][PASSED] - Script1687405718449.Test(todaysDate, typeOfData): null

14-01-2025T10:26:12 - [TEST_STEP][PASSED] - delay(10): Delayed 10 second(s)

14-01-2025T10:26:22 - [MESSAGE][PASSED] - Delayed 10 second(s)

14-01-2025T10:26:22 - [TEST_STEP][PASSED] - if (verifyTextNotPresent("нет данных", false) == true): null

14-01-2025T10:26:22 - [MESSAGE][PASSED] - Text 'нет данных' is not present on page

14-01-2025T10:26:22 - [TEST_STEP][PASSED] - if (verifyTextNotPresent("Ошибка запроса данных", false) == true): null

14-01-2025T10:26:23 - [MESSAGE][PASSED] - Text 'Ошибка запроса данных' is not present on page

14-01-2025T10:26:23 - [TEST_STEP][PASSED] - if (verifyTextNotPresent("Произошла ошибка при выполнении пользовательского кода", false) == true): null

14-01-2025T10:26:23 - [MESSAGE][PASSED] - Text 'Произошла ошибка при выполнении пользовательского кода' is not present on page

14-01-2025T10:26:23 - [TEST_STEP][PASSED] - if (verifyTextNotPresent("У виджета нет данных", false) == true): null

14-01-2025T10:26:24 - [MESSAGE][PASSED] - Text 'У виджета нет данных' is not present on page

14-01-2025T10:26:24 - [TEST_STEP][PASSED] - if (verifyTextNotPresent("У виджета нет данных", false) == true): Text 'У виджета нет данных' is not present on page

14-01-2025T10:26:24 - [MESSAGE][PASSED] - Text 'У виджета нет данных' is not present on page

14-01-2025T10:26:24 - [TEST_STEP][PASSED] - click(findTestObject("Факторный анализ/Переключить отображение с месяца на филиал")): Object: 'Object Repository/Факторный анализ/Переключить отображение с месяца на филиал' is clicked on

14-01-2025T10:26:25 - [MESSAGE][PASSED] - Object: 'Object Repository/Факторный анализ/Переключить отображение с месяца на филиал' is clicked on

14-01-2025T10:26:25 - [TEST_STEP][PASSED] - click(findTestObject("Факторный анализ/Фильтр ДЗО")): Object: 'Object Repository/Факторный анализ/Фильтр ДЗО' is clicked on

14-01-2025T10:26:25 - [MESSAGE][PASSED] - Object: 'Object Repository/Факторный анализ/Фильтр ДЗО' is clicked on

14-01-2025T10:26:25 - [TEST_STEP][PASSED] - click(findTestObject("Факторный анализ/Снять выделение в фильтре ДЗО")): Object: 'Object Repository/Факторный анализ/Снять выделение в фильтре ДЗО' is clicked on

14-01-2025T10:26:25 - [MESSAGE][PASSED] - Object: 'Object Repository/Факторный анализ/Снять выделение в фильтре ДЗО' is clicked on

14-01-2025T10:26:25 - [TEST_STEP][PASSED] - scrollToElement(findTestObject("Общие объекты/Смоленскэнерго"), 30): Scroll to object 'Object Repository/Общие объекты/Смоленскэнерго' successfully

14-01-2025T10:26:26 - [MESSAGE][PASSED] - Scroll to object 'Object Repository/Общие объекты/Смоленскэнерго' successfully

14-01-2025T10:26:26 - [TEST_STEP][PASSED] - click(findTestObject("Общие объекты/Смоленскэнерго")): Object: 'Object Repository/Общие объекты/Смоленскэнерго' is clicked on

14-01-2025T10:26:26 - [MESSAGE][PASSED] - Object: 'Object Repository/Общие объекты/Смоленскэнерго' is clicked on

14-01-2025T10:26:26 - [TEST_STEP][PASSED] - Script1687405718449.Change(todaysDate, typeOfData): null

14-01-2025T10:26:26 - [TEST_STEP][PASSED] - scrollToElement(findTestObject("Факторный анализ/Заголовок дашборда"), 30): Scroll to object 'Object Repository/Факторный анализ/Заголовок дашборда' successfully

14-01-2025T10:26:27 - [MESSAGE][PASSED] - Scroll to object 'Object Repository/Факторный анализ/Заголовок дашборда' successfully

14-01-2025T10:26:27 - [TEST_STEP][PASSED] - click(findTestObject("Факторный анализ/Применить в фильтре ДЗО")): Object: 'Object Repository/Факторный анализ/Применить в фильтре ДЗО' is clicked on

14-01-2025T10:26:27 - [MESSAGE][PASSED] - Object: 'Object Repository/Факторный анализ/Применить в фильтре ДЗО' is clicked on

14-01-2025T10:26:27 - [TEST_STEP][PASSED] - typeOfData = "Филиал": null

14-01-2025T10:26:27 - [TEST_STEP][PASSED] - Script1687405718449.Test(todaysDate, typeOfData): null

14-01-2025T10:26:27 - [TEST_STEP][PASSED] - delay(10): Delayed 10 second(s)

14-01-2025T10:26:37 - [MESSAGE][PASSED] - Delayed 10 second(s)

14-01-2025T10:26:37 - [TEST_STEP][PASSED] - if (verifyTextNotPresent("нет данных", false) == true): null

14-01-2025T10:26:38 - [MESSAGE][PASSED] - Text 'нет данных' is not present on page

14-01-2025T10:26:38 - [TEST_STEP][PASSED] - if (verifyTextNotPresent("Ошибка запроса данных", false) == true): null

14-01-2025T10:26:38 - [MESSAGE][PASSED] - Text 'Ошибка запроса данных' is not present on page

14-01-2025T10:26:38 - [TEST_STEP][PASSED] - if (verifyTextNotPresent("Произошла ошибка при выполнении пользовательского кода", false) == true): null

14-01-2025T10:26:38 - [MESSAGE][PASSED] - Text 'Произошла ошибка при выполнении пользовательского кода' is not present on page

14-01-2025T10:26:38 - [TEST_STEP][PASSED] - if (verifyTextNotPresent("У виджета нет данных", false) == true): null

14-01-2025T10:26:39 - [MESSAGE][PASSED] - Text 'У виджета нет данных' is not present on page

14-01-2025T10:26:39 - [TEST_STEP][PASSED] - if (verifyTextNotPresent("У виджета нет данных", false) == true): Text 'У виджета нет данных' is not present on page

14-01-2025T10:26:39 - [MESSAGE][PASSED] - Text 'У виджета нет данных' is not present on page

14-01-2025T10:26:39 - [TEST_STEP][PASSED] - click(findTestObject("Факторный анализ/Переключить отображение с филиала на месяц")): Object: 'Object Repository/Факторный анализ/Переключить отображение с филиала на месяц' is clicked on

14-01-2025T10:26:40 - [MESSAGE][PASSED] - Object: 'Object Repository/Факторный анализ/Переключить отображение с филиала на месяц' is clicked on

14-01-2025T10:26:40 - [TEST_STEP][PASSED] - typeOfData = "Месяц": null

14-01-2025T10:26:40 - [TEST_STEP][PASSED] - Script1687405718449.Test(todaysDate, typeOfData): null

14-01-2025T10:26:40 - [TEST_STEP][PASSED] - delay(10): Delayed 10 second(s)

14-01-2025T10:26:50 - [MESSAGE][PASSED] - Delayed 10 second(s)

14-01-2025T10:26:50 - [TEST_STEP][PASSED] - if (verifyTextNotPresent("нет данных", false) == true): null

14-01-2025T10:26:50 - [MESSAGE][PASSED] - Text 'нет данных' is not present on page

14-01-2025T10:26:50 - [TEST_STEP][PASSED] - if (verifyTextNotPresent("Ошибка запроса данных", false) == true): null

14-01-2025T10:26:51 - [MESSAGE][PASSED] - Text 'Ошибка запроса данных' is not present on page

14-01-2025T10:26:51 - [TEST_STEP][PASSED] - if (verifyTextNotPresent("Произошла ошибка при выполнении пользовательского кода", false) == true): null

14-01-2025T10:26:51 - [MESSAGE][PASSED] - Text 'Произошла ошибка при выполнении пользовательского кода' is not present on page

14-01-2025T10:26:51 - [TEST_STEP][PASSED] - if (verifyTextNotPresent("У виджета нет данных", false) == true): null

14-01-2025T10:26:52 - [MESSAGE][PASSED] - Text 'У виджета нет данных' is not present on page

14-01-2025T10:26:52 - [TEST_STEP][PASSED] - if (verifyTextNotPresent("У виджета нет данных", false) == true): Text 'У виджета нет данных' is not present on page

14-01-2025T10:26:52 - [MESSAGE][PASSED] - Text 'У виджета нет данных' is not present on page

14-01-2025T10:26:52 - [TEST_STEP][PASSED] - click(findTestObject("Факторный анализ/Переключить отображение с месяца на филиал")): Object: 'Object Repository/Факторный анализ/Переключить отображение с месяца на филиал' is clicked on

14-01-2025T10:26:52 - [MESSAGE][PASSED] - Object: 'Object Repository/Факторный анализ/Переключить отображение с месяца на филиал' is clicked on

14-01-2025T10:26:52 - [TEST_STEP][PASSED] - click(findTestObject("Факторный анализ/Фильтр ДЗО")): Object: 'Object Repository/Факторный анализ/Фильтр ДЗО' is clicked on

14-01-2025T10:26:53 - [MESSAGE][PASSED] - Object: 'Object Repository/Факторный анализ/Фильтр ДЗО' is clicked on

14-01-2025T10:26:53 - [TEST_STEP][PASSED] - click(findTestObject("Факторный анализ/Снять выделение в фильтре ДЗО")): Object: 'Object Repository/Факторный анализ/Снять выделение в фильтре ДЗО' is clicked on

14-01-2025T10:26:53 - [MESSAGE][PASSED] - Object: 'Object Repository/Факторный анализ/Снять выделение в фильтре ДЗО' is clicked on

14-01-2025T10:26:53 - [TEST_STEP][PASSED] - scrollToElement(findTestObject("Общие объекты/Тамбовэнерго"), 30): Scroll to object 'Object Repository/Общие объекты/Тамбовэнерго' successfully

14-01-2025T10:26:54 - [MESSAGE][PASSED] - Scroll to object 'Object Repository/Общие объекты/Тамбовэнерго' successfully

14-01-2025T10:26:54 - [TEST_STEP][PASSED] - click(findTestObject("Общие объекты/Тамбовэнерго")): Object: 'Object Repository/Общие объекты/Тамбовэнерго' is clicked on

14-01-2025T10:26:54 - [MESSAGE][PASSED] - Object: 'Object Repository/Общие объекты/Тамбовэнерго' is clicked on

14-01-2025T10:26:54 - [TEST_STEP][PASSED] - Script1687405718449.Change(todaysDate, typeOfData): null

14-01-2025T10:26:54 - [TEST_STEP][PASSED] - scrollToElement(findTestObject("Факторный анализ/Заголовок дашборда"), 30): Scroll to object 'Object Repository/Факторный анализ/Заголовок дашборда' successfully

14-01-2025T10:26:55 - [MESSAGE][PASSED] - Scroll to object 'Object Repository/Факторный анализ/Заголовок дашборда' successfully

14-01-2025T10:26:55 - [TEST_STEP][PASSED] - click(findTestObject("Факторный анализ/Применить в фильтре ДЗО")): Object: 'Object Repository/Факторный анализ/Применить в фильтре ДЗО' is clicked on

14-01-2025T10:26:55 - [MESSAGE][PASSED] - Object: 'Object Repository/Факторный анализ/Применить в фильтре ДЗО' is clicked on

14-01-2025T10:26:55 - [TEST_STEP][PASSED] - typeOfData = "Филиал": null

14-01-2025T10:26:55 - [TEST_STEP][PASSED] - Script1687405718449.Test(todaysDate, typeOfData): null

14-01-2025T10:26:55 - [TEST_STEP][PASSED] - delay(10): Delayed 10 second(s)

14-01-2025T10:27:05 - [MESSAGE][PASSED] - Delayed 10 second(s)

14-01-2025T10:27:05 - [TEST_STEP][PASSED] - if (verifyTextNotPresent("нет данных", false) == true): null

14-01-2025T10:27:06 - [MESSAGE][PASSED] - Text 'нет данных' is not present on page

14-01-2025T10:27:06 - [TEST_STEP][PASSED] - if (verifyTextNotPresent("Ошибка запроса данных", false) == true): null

14-01-2025T10:27:06 - [MESSAGE][PASSED] - Text 'Ошибка запроса данных' is not present on page

14-01-2025T10:27:06 - [TEST_STEP][PASSED] - if (verifyTextNotPresent("Произошла ошибка при выполнении пользовательского кода", false) == true): null

14-01-2025T10:27:07 - [MESSAGE][PASSED] - Text 'Произошла ошибка при выполнении пользовательского кода' is not present on page

14-01-2025T10:27:07 - [TEST_STEP][PASSED] - if (verifyTextNotPresent("У виджета нет данных", false) == true): null

14-01-2025T10:27:07 - [MESSAGE][PASSED] - Text 'У виджета нет данных' is not present on page

14-01-2025T10:27:07 - [TEST_STEP][PASSED] - if (verifyTextNotPresent("У виджета нет данных", false) == true): Text 'У виджета нет данных' is not present on page

14-01-2025T10:27:07 - [MESSAGE][PASSED] - Text 'У виджета нет данных' is not present on page

14-01-2025T10:27:07 - [TEST_STEP][PASSED] - click(findTestObject("Факторный анализ/Переключить отображение с филиала на месяц")): Object: 'Object Repository/Факторный анализ/Переключить отображение с филиала на месяц' is clicked on

14-01-2025T10:27:08 - [MESSAGE][PASSED] - Object: 'Object Repository/Факторный анализ/Переключить отображение с филиала на месяц' is clicked on

14-01-2025T10:27:08 - [TEST_STEP][PASSED] - typeOfData = "Месяц": null

14-01-2025T10:27:08 - [TEST_STEP][PASSED] - Script1687405718449.Test(todaysDate, typeOfData): null

14-01-2025T10:27:08 - [TEST_STEP][PASSED] - delay(10): Delayed 10 second(s)

14-01-2025T10:27:18 - [MESSAGE][PASSED] - Delayed 10 second(s)

14-01-2025T10:27:18 - [TEST_STEP][PASSED] - if (verifyTextNotPresent("нет данных", false) == true): null

14-01-2025T10:27:18 - [MESSAGE][PASSED] - Text 'нет данных' is not present on page

14-01-2025T10:27:18 - [TEST_STEP][PASSED] - if (verifyTextNotPresent("Ошибка запроса данных", false) == true): null

14-01-2025T10:27:19 - [MESSAGE][PASSED] - Text 'Ошибка запроса данных' is not present on page

14-01-2025T10:27:19 - [TEST_STEP][PASSED] - if (verifyTextNotPresent("Произошла ошибка при выполнении пользовательского кода", false) == true): null

14-01-2025T10:27:19 - [MESSAGE][PASSED] - Text 'Произошла ошибка при выполнении пользовательского кода' is not present on page

14-01-2025T10:27:19 - [TEST_STEP][PASSED] - if (verifyTextNotPresent("У виджета нет данных", false) == true): null

14-01-2025T10:27:20 - [MESSAGE][PASSED] - Text 'У виджета нет данных' is not present on page

14-01-2025T10:27:20 - [TEST_STEP][PASSED] - if (verifyTextNotPresent("У виджета нет данных", false) == true): Text 'У виджета нет данных' is not present on page

14-01-2025T10:27:20 - [MESSAGE][PASSED] - Text 'У виджета нет данных' is not present on page

14-01-2025T10:27:20 - [TEST_STEP][PASSED] - click(findTestObject("Факторный анализ/Переключить отображение с месяца на филиал")): Object: 'Object Repository/Факторный анализ/Переключить отображение с месяца на филиал' is clicked on

14-01-2025T10:27:21 - [MESSAGE][PASSED] - Object: 'Object Repository/Факторный анализ/Переключить отображение с месяца на филиал' is clicked on

14-01-2025T10:27:21 - [TEST_STEP][PASSED] - click(findTestObject("Факторный анализ/Фильтр ДЗО")): Object: 'Object Repository/Факторный анализ/Фильтр ДЗО' is clicked on

14-01-2025T10:27:21 - [MESSAGE][PASSED] - Object: 'Object Repository/Факторный анализ/Фильтр ДЗО' is clicked on

14-01-2025T10:27:21 - [TEST_STEP][PASSED] - click(findTestObject("Факторный анализ/Снять выделение в фильтре ДЗО")): Object: 'Object Repository/Факторный анализ/Снять выделение в фильтре ДЗО' is clicked on

14-01-2025T10:27:21 - [MESSAGE][PASSED] - Object: 'Object Repository/Факторный анализ/Снять выделение в фильтре ДЗО' is clicked on

14-01-2025T10:27:21 - [TEST_STEP][PASSED] - scrollToElement(findTestObject("Общие объекты/Тверьэнерго"), 30): Scroll to object 'Object Repository/Общие объекты/Тверьэнерго' successfully

14-01-2025T10:27:22 - [MESSAGE][PASSED] - Scroll to object 'Object Repository/Общие объекты/Тверьэнерго' successfully

14-01-2025T10:27:22 - [TEST_STEP][PASSED] - click(findTestObject("Общие объекты/Тверьэнерго")): Object: 'Object Repository/Общие объекты/Тверьэнерго' is clicked on

14-01-2025T10:27:22 - [MESSAGE][PASSED] - Object: 'Object Repository/Общие объекты/Тверьэнерго' is clicked on

14-01-2025T10:27:22 - [TEST_STEP][PASSED] - Script1687405718449.Change(todaysDate, typeOfData): null

14-01-2025T10:27:22 - [TEST_STEP][PASSED] - scrollToElement(findTestObject("Факторный анализ/Заголовок дашборда"), 30): Scroll to object 'Object Repository/Факторный анализ/Заголовок дашборда' successfully

14-01-2025T10:27:23 - [MESSAGE][PASSED] - Scroll to object 'Object Repository/Факторный анализ/Заголовок дашборда' successfully

14-01-2025T10:27:23 - [TEST_STEP][PASSED] - click(findTestObject("Факторный анализ/Применить в фильтре ДЗО")): Object: 'Object Repository/Факторный анализ/Применить в фильтре ДЗО' is clicked on

14-01-2025T10:27:23 - [MESSAGE][PASSED] - Object: 'Object Repository/Факторный анализ/Применить в фильтре ДЗО' is clicked on

14-01-2025T10:27:23 - [TEST_STEP][PASSED] - typeOfData = "Филиал": null

14-01-2025T10:27:23 - [TEST_STEP][PASSED] - Script1687405718449.Test(todaysDate, typeOfData): null

14-01-2025T10:27:23 - [TEST_STEP][PASSED] - delay(10): Delayed 10 second(s)

14-01-2025T10:27:33 - [MESSAGE][PASSED] - Delayed 10 second(s)

14-01-2025T10:27:33 - [TEST_STEP][PASSED] - if (verifyTextNotPresent("нет данных", false) == true): null

14-01-2025T10:27:34 - [MESSAGE][PASSED] - Text 'нет данных' is not present on page

14-01-2025T10:27:34 - [TEST_STEP][PASSED] - if (verifyTextNotPresent("Ошибка запроса данных", false) == true): null

14-01-2025T10:27:34 - [MESSAGE][PASSED] - Text 'Ошибка запроса данных' is not present on page

14-01-2025T10:27:34 - [TEST_STEP][PASSED] - if (verifyTextNotPresent("Произошла ошибка при выполнении пользовательского кода", false) == true): null

14-01-2025T10:27:35 - [MESSAGE][PASSED] - Text 'Произошла ошибка при выполнении пользовательского кода' is not present on page

14-01-2025T10:27:35 - [TEST_STEP][PASSED] - if (verifyTextNotPresent("У виджета нет данных", false) == true): null

14-01-2025T10:27:35 - [MESSAGE][PASSED] - Text 'У виджета нет данных' is not present on page

14-01-2025T10:27:35 - [TEST_STEP][PASSED] - if (verifyTextNotPresent("У виджета нет данных", false) == true): Text 'У виджета нет данных' is not present on page

14-01-2025T10:27:36 - [MESSAGE][PASSED] - Text 'У виджета нет данных' is not present on page

14-01-2025T10:27:36 - [TEST_STEP][PASSED] - click(findTestObject("Факторный анализ/Переключить отображение с филиала на месяц")): Object: 'Object Repository/Факторный анализ/Переключить отображение с филиала на месяц' is clicked on

14-01-2025T10:27:36 - [MESSAGE][PASSED] - Object: 'Object Repository/Факторный анализ/Переключить отображение с филиала на месяц' is clicked on

14-01-2025T10:27:36 - [TEST_STEP][PASSED] - typeOfData = "Месяц": null

14-01-2025T10:27:36 - [TEST_STEP][PASSED] - Script1687405718449.Test(todaysDate, typeOfData): null

14-01-2025T10:27:36 - [TEST_STEP][PASSED] - delay(10): Delayed 10 second(s)

14-01-2025T10:27:46 - [MESSAGE][PASSED] - Delayed 10 second(s)

14-01-2025T10:27:46 - [TEST_STEP][PASSED] - if (verifyTextNotPresent("нет данных", false) == true): null

14-01-2025T10:27:46 - [MESSAGE][PASSED] - Text 'нет данных' is not present on page

14-01-2025T10:27:46 - [TEST_STEP][PASSED] - if (verifyTextNotPresent("Ошибка запроса данных", false) == true): null

14-01-2025T10:27:47 - [MESSAGE][PASSED] - Text 'Ошибка запроса данных' is not present on page

14-01-2025T10:27:47 - [TEST_STEP][PASSED] - if (verifyTextNotPresent("Произошла ошибка при выполнении пользовательского кода", false) == true): null

14-01-2025T10:27:47 - [MESSAGE][PASSED] - Text 'Произошла ошибка при выполнении пользовательского кода' is not present on page

14-01-2025T10:27:47 - [TEST_STEP][PASSED] - if (verifyTextNotPresent("У виджета нет данных", false) == true): null

14-01-2025T10:27:48 - [MESSAGE][PASSED] - Text 'У виджета нет данных' is not present on page

14-01-2025T10:27:48 - [TEST_STEP][PASSED] - if (verifyTextNotPresent("У виджета нет данных", false) == true): Text 'У виджета нет данных' is not present on page

14-01-2025T10:27:48 - [MESSAGE][PASSED] - Text 'У виджета нет данных' is not present on page

14-01-2025T10:27:48 - [TEST_STEP][PASSED] - click(findTestObject("Факторный анализ/Переключить отображение с месяца на филиал")): Object: 'Object Repository/Факторный анализ/Переключить отображение с месяца на филиал' is clicked on

14-01-2025T10:27:49 - [MESSAGE][PASSED] - Object: 'Object Repository/Факторный анализ/Переключить отображение с месяца на филиал' is clicked on

14-01-2025T10:27:49 - [TEST_STEP][PASSED] - click(findTestObject("Факторный анализ/Фильтр ДЗО")): Object: 'Object Repository/Факторный анализ/Фильтр ДЗО' is clicked on

14-01-2025T10:27:49 - [MESSAGE][PASSED] - Object: 'Object Repository/Факторный анализ/Фильтр ДЗО' is clicked on

14-01-2025T10:27:49 - [TEST_STEP][PASSED] - click(findTestObject("Факторный анализ/Снять выделение в фильтре ДЗО")): Object: 'Object Repository/Факторный анализ/Снять выделение в фильтре ДЗО' is clicked on

14-01-2025T10:27:50 - [MESSAGE][PASSED] - Object: 'Object Repository/Факторный анализ/Снять выделение в фильтре ДЗО' is clicked on

14-01-2025T10:27:50 - [TEST_STEP][PASSED] - scrollToElement(findTestObject("Общие объекты/Ярэнерго"), 30): Scroll to object 'Object Repository/Общие объекты/Ярэнерго' successfully

14-01-2025T10:27:50 - [MESSAGE][PASSED] - Scroll to object 'Object Repository/Общие объекты/Ярэнерго' successfully

14-01-2025T10:27:50 - [TEST_STEP][PASSED] - click(findTestObject("Общие объекты/Ярэнерго")): Object: 'Object Repository/Общие объекты/Ярэнерго' is clicked on

14-01-2025T10:27:50 - [MESSAGE][PASSED] - Object: 'Object Repository/Общие объекты/Ярэнерго' is clicked on

14-01-2025T10:27:50 - [TEST_STEP][PASSED] - Script1687405718449.Change(todaysDate, typeOfData): null

14-01-2025T10:27:50 - [TEST_STEP][PASSED] - scrollToElement(findTestObject("Факторный анализ/Заголовок дашборда"), 30): Scroll to object 'Object Repository/Факторный анализ/Заголовок дашборда' successfully

14-01-2025T10:27:51 - [MESSAGE][PASSED] - Scroll to object 'Object Repository/Факторный анализ/Заголовок дашборда' successfully

14-01-2025T10:27:51 - [TEST_STEP][PASSED] - click(findTestObject("Факторный анализ/Применить в фильтре ДЗО")): Object: 'Object Repository/Факторный анализ/Применить в фильтре ДЗО' is clicked on

14-01-2025T10:27:51 - [MESSAGE][PASSED] - Object: 'Object Repository/Факторный анализ/Применить в фильтре ДЗО' is clicked on

14-01-2025T10:27:51 - [TEST_STEP][PASSED] - typeOfData = "Филиал": null

14-01-2025T10:27:51 - [TEST_STEP][PASSED] - Script1687405718449.Test(todaysDate, typeOfData): null

14-01-2025T10:27:51 - [TEST_STEP][PASSED] - delay(10): Delayed 10 second(s)

14-01-2025T10:28:01 - [MESSAGE][PASSED] - Delayed 10 second(s)

14-01-2025T10:28:01 - [TEST_STEP][PASSED] - if (verifyTextNotPresent("нет данных", false) == true): null

14-01-2025T10:28:02 - [MESSAGE][PASSED] - Text 'нет данных' is not present on page

14-01-2025T10:28:02 - [TEST_STEP][PASSED] - if (verifyTextNotPresent("Ошибка запроса данных", false) == true): null

14-01-2025T10:28:02 - [MESSAGE][PASSED] - Text 'Ошибка запроса данных' is not present on page

14-01-2025T10:28:02 - [TEST_STEP][PASSED] - if (verifyTextNotPresent("Произошла ошибка при выполнении пользовательского кода", false) == true): null

14-01-2025T10:28:03 - [MESSAGE][PASSED] - Text 'Произошла ошибка при выполнении пользовательского кода' is not present on page

14-01-2025T10:28:03 - [TEST_STEP][PASSED] - if (verifyTextNotPresent("У виджета нет данных", false) == true): null

14-01-2025T10:28:03 - [MESSAGE][PASSED] - Text 'У виджета нет данных' is not present on page

14-01-2025T10:28:03 - [TEST_STEP][PASSED] - if (verifyTextNotPresent("У виджета нет данных", false) == true): Text 'У виджета нет данных' is not present on page

14-01-2025T10:28:04 - [MESSAGE][PASSED] - Text 'У виджета нет данных' is not present on page

14-01-2025T10:28:04 - [TEST_STEP][PASSED] - click(findTestObject("Факторный анализ/Переключить отображение с филиала на месяц")): Object: 'Object Repository/Факторный анализ/Переключить отображение с филиала на месяц' is clicked on

14-01-2025T10:28:04 - [MESSAGE][PASSED] - Object: 'Object Repository/Факторный анализ/Переключить отображение с филиала на месяц' is clicked on

14-01-2025T10:28:04 - [TEST_STEP][PASSED] - typeOfData = "Месяц": null

14-01-2025T10:28:04 - [TEST_STEP][PASSED] - Script1687405718449.Test(todaysDate, typeOfData): null

14-01-2025T10:28:04 - [TEST_STEP][PASSED] - delay(10): Delayed 10 second(s)

14-01-2025T10:28:14 - [MESSAGE][PASSED] - Delayed 10 second(s)

14-01-2025T10:28:14 - [TEST_STEP][PASSED] - if (verifyTextNotPresent("нет данных", false) == true): null

14-01-2025T10:28:15 - [MESSAGE][PASSED] - Text 'нет данных' is not present on page

14-01-2025T10:28:15 - [TEST_STEP][PASSED] - if (verifyTextNotPresent("Ошибка запроса данных", false) == true): null

14-01-2025T10:28:15 - [MESSAGE][PASSED] - Text 'Ошибка запроса данных' is not present on page

14-01-2025T10:28:15 - [TEST_STEP][PASSED] - if (verifyTextNotPresent("Произошла ошибка при выполнении пользовательского кода", false) == true): null

14-01-2025T10:28:15 - [MESSAGE][PASSED] - Text 'Произошла ошибка при выполнении пользовательского кода' is not present on page

14-01-2025T10:28:15 - [TEST_STEP][PASSED] - if (verifyTextNotPresent("У виджета нет данных", false) == true): null

14-01-2025T10:28:16 - [MESSAGE][PASSED] - Text 'У виджета нет данных' is not present on page

14-01-2025T10:28:16 - [TEST_STEP][PASSED] - if (verifyTextNotPresent("У виджета нет данных", false) == true): Text 'У виджета нет данных' is not present on page

14-01-2025T10:28:16 - [MESSAGE][PASSED] - Text 'У виджета нет данных' is not present on page

14-01-2025T10:28:16 - [TEST_STEP][PASSED] - click(findTestObject("Факторный анализ/Переключить отображение с месяца на филиал")): Object: 'Object Repository/Факторный анализ/Переключить отображение с месяца на филиал' is clicked on

14-01-2025T10:28:17 - [MESSAGE][PASSED] - Object: 'Object Repository/Факторный анализ/Переключить отображение с месяца на филиал' is clicked on

14-01-2025T10:28:17 - [TEST_STEP][PASSED] - click(findTestObject("Факторный анализ/Фильтр ДЗО")): Object: 'Object Repository/Факторный анализ/Фильтр ДЗО' is clicked on

14-01-2025T10:28:17 - [MESSAGE][PASSED] - Object: 'Object Repository/Факторный анализ/Фильтр ДЗО' is clicked on

14-01-2025T10:28:17 - [TEST_STEP][PASSED] - click(findTestObject("Факторный анализ/Снять выделение в фильтре ДЗО")): Object: 'Object Repository/Факторный анализ/Снять выделение в фильтре ДЗО' is clicked on

14-01-2025T10:28:18 - [MESSAGE][PASSED] - Object: 'Object Repository/Факторный анализ/Снять выделение в фильтре ДЗО' is clicked on

14-01-2025T10:28:18 - [TEST_STEP][PASSED] - scrollToElement(findTestObject("Общие объекты/Раскрыть список Россети Центр и Приволжье"), 30): Scroll to object 'Object Repository/Общие объекты/Раскрыть список Россети Центр и Приволжье' successfully

14-01-2025T10:28:18 - [MESSAGE][PASSED] - Scroll to object 'Object Repository/Общие объекты/Раскрыть список Россети Центр и Приволжье' successfully

14-01-2025T10:28:18 - [TEST_STEP][PASSED] - click(findTestObject("Факторный анализ/Россети Центр и Приволжье")): Object: 'Object Repository/Факторный анализ/Россети Центр и Приволжье' is clicked on

14-01-2025T10:28:18 - [MESSAGE][PASSED] - Object: 'Object Repository/Факторный анализ/Россети Центр и Приволжье' is clicked on

14-01-2025T10:28:18 - [TEST_STEP][PASSED] - Script1687405718449.Change(todaysDate, typeOfData): null

14-01-2025T10:28:18 - [TEST_STEP][PASSED] - scrollToElement(findTestObject("Факторный анализ/Заголовок дашборда"), 30): Scroll to object 'Object Repository/Факторный анализ/Заголовок дашборда' successfully

14-01-2025T10:28:19 - [MESSAGE][PASSED] - Scroll to object 'Object Repository/Факторный анализ/Заголовок дашборда' successfully

14-01-2025T10:28:19 - [TEST_STEP][PASSED] - click(findTestObject("Факторный анализ/Применить в фильтре ДЗО")): Object: 'Object Repository/Факторный анализ/Применить в фильтре ДЗО' is clicked on

14-01-2025T10:28:19 - [MESSAGE][PASSED] - Object: 'Object Repository/Факторный анализ/Применить в фильтре ДЗО' is clicked on

14-01-2025T10:28:19 - [TEST_STEP][PASSED] - typeOfData = "Филиал": null

14-01-2025T10:28:19 - [TEST_STEP][PASSED] - Script1687405718449.Test(todaysDate, typeOfData): null

14-01-2025T10:28:19 - [TEST_STEP][PASSED] - delay(10): Delayed 10 second(s)

14-01-2025T10:28:29 - [MESSAGE][PASSED] - Delayed 10 second(s)

14-01-2025T10:28:29 - [TEST_STEP][PASSED] - if (verifyTextNotPresent("нет данных", false) == true): null

14-01-2025T10:28:30 - [MESSAGE][PASSED] - Text 'нет данных' is not present on page

14-01-2025T10:28:30 - [TEST_STEP][PASSED] - if (verifyTextNotPresent("Ошибка запроса данных", false) == true): null

14-01-2025T10:28:30 - [MESSAGE][PASSED] - Text 'Ошибка запроса данных' is not present on page

14-01-2025T10:28:30 - [TEST_STEP][PASSED] - if (verifyTextNotPresent("Произошла ошибка при выполнении пользовательского кода", false) == true): null

14-01-2025T10:28:31 - [MESSAGE][PASSED] - Text 'Произошла ошибка при выполнении пользовательского кода' is not present on page

14-01-2025T10:28:31 - [TEST_STEP][PASSED] - if (verifyTextNotPresent("У виджета нет данных", false) == true): null

14-01-2025T10:28:31 - [MESSAGE][PASSED] - Text 'У виджета нет данных' is not present on page

14-01-2025T10:28:31 - [TEST_STEP][PASSED] - if (verifyTextNotPresent("У виджета нет данных", false) == true): Text 'У виджета нет данных' is not present on page

14-01-2025T10:28:32 - [MESSAGE][PASSED] - Text 'У виджета нет данных' is not present on page

14-01-2025T10:28:32 - [TEST_STEP][PASSED] - click(findTestObject("Факторный анализ/Переключить отображение с филиала на месяц")): Object: 'Object Repository/Факторный анализ/Переключить отображение с филиала на месяц' is clicked on

14-01-2025T10:28:32 - [MESSAGE][PASSED] - Object: 'Object Repository/Факторный анализ/Переключить отображение с филиала на месяц' is clicked on

14-01-2025T10:28:32 - [TEST_STEP][PASSED] - typeOfData = "Месяц": null

14-01-2025T10:28:32 - [TEST_STEP][PASSED] - Script1687405718449.Test(todaysDate, typeOfData): null

14-01-2025T10:28:32 - [TEST_STEP][PASSED] - delay(10): Delayed 10 second(s)

14-01-2025T10:28:42 - [MESSAGE][PASSED] - Delayed 10 second(s)

14-01-2025T10:28:42 - [TEST_STEP][PASSED] - if (verifyTextNotPresent("нет данных", false) == true): null

14-01-2025T10:28:43 - [MESSAGE][PASSED] - Text 'нет данных' is not present on page

14-01-2025T10:28:43 - [TEST_STEP][PASSED] - if (verifyTextNotPresent("Ошибка запроса данных", false) == true): null

14-01-2025T10:28:43 - [MESSAGE][PASSED] - Text 'Ошибка запроса данных' is not present on page

14-01-2025T10:28:43 - [TEST_STEP][PASSED] - if (verifyTextNotPresent("Произошла ошибка при выполнении пользовательского кода", false) == true): null

14-01-2025T10:28:44 - [MESSAGE][PASSED] - Text 'Произошла ошибка при выполнении пользовательского кода' is not present on page

14-01-2025T10:28:44 - [TEST_STEP][PASSED] - if (verifyTextNotPresent("У виджета нет данных", false) == true): null

14-01-2025T10:28:44 - [MESSAGE][PASSED] - Text 'У виджета нет данных' is not present on page

14-01-2025T10:28:44 - [TEST_STEP][PASSED] - if (verifyTextNotPresent("У виджета нет данных", false) == true): Text 'У виджета нет данных' is not present on page

14-01-2025T10:28:45 - [MESSAGE][PASSED] - Text 'У виджета нет данных' is not present on page

14-01-2025T10:28:45 - [TEST_STEP][PASSED] - click(findTestObject("Факторный анализ/Переключить отображение с месяца на филиал")): Object: 'Object Repository/Факторный анализ/Переключить отображение с месяца на филиал' is clicked on

14-01-2025T10:28:45 - [MESSAGE][PASSED] - Object: 'Object Repository/Факторный анализ/Переключить отображение с месяца на филиал' is clicked on

14-01-2025T10:28:45 - [TEST_STEP][PASSED] - click(findTestObject("Факторный анализ/Фильтр ДЗО")): Object: 'Object Repository/Факторный анализ/Фильтр ДЗО' is clicked on

14-01-2025T10:28:45 - [MESSAGE][PASSED] - Object: 'Object Repository/Факторный анализ/Фильтр ДЗО' is clicked on

14-01-2025T10:28:45 - [TEST_STEP][PASSED] - click(findTestObject("Факторный анализ/Снять выделение в фильтре ДЗО")): Object: 'Object Repository/Факторный анализ/Снять выделение в фильтре ДЗО' is clicked on

14-01-2025T10:28:46 - [MESSAGE][PASSED] - Object: 'Object Repository/Факторный анализ/Снять выделение в фильтре ДЗО' is clicked on

14-01-2025T10:28:46 - [TEST_STEP][PASSED] - scrollToElement(findTestObject("Общие объекты/Раскрыть список Россети Центр и Приволжье"), 30): Scroll to object 'Object Repository/Общие объекты/Раскрыть список Россети Центр и Приволжье' successfully

14-01-2025T10:28:46 - [MESSAGE][PASSED] - Scroll to object 'Object Repository/Общие объекты/Раскрыть список Россети Центр и Приволжье' successfully

14-01-2025T10:28:46 - [TEST_STEP][PASSED] - click(findTestObject("Общие объекты/Раскрыть список Россети Центр и Приволжье")): Object: 'Object Repository/Общие объекты/Раскрыть список Россети Центр и Приволжье' is clicked on

14-01-2025T10:28:46 - [MESSAGE][PASSED] - Object: 'Object Repository/Общие объекты/Раскрыть список Россети Центр и Приволжье' is clicked on

14-01-2025T10:28:46 - [TEST_STEP][PASSED] - click(findTestObject("Общие объекты/Раскрыть список Россети Центр и Приволжье")): Object: 'Object Repository/Общие объекты/Раскрыть список Россети Центр и Приволжье' is clicked on

14-01-2025T10:28:47 - [MESSAGE][PASSED] - Object: 'Object Repository/Общие объекты/Раскрыть список Россети Центр и Приволжье' is clicked on

14-01-2025T10:28:47 - [TEST_STEP][PASSED] - scrollToElement(findTestObject("Общие объекты/Владимирэнерго"), 30): Scroll to object 'Object Repository/Общие объекты/Владимирэнерго' successfully

14-01-2025T10:28:47 - [MESSAGE][PASSED] - Scroll to object 'Object Repository/Общие объекты/Владимирэнерго' successfully

14-01-2025T10:28:47 - [TEST_STEP][PASSED] - click(findTestObject("Общие объекты/Владимирэнерго")): Object: 'Object Repository/Общие объекты/Владимирэнерго' is clicked on

14-01-2025T10:28:48 - [MESSAGE][PASSED] - Object: 'Object Repository/Общие объекты/Владимирэнерго' is clicked on

14-01-2025T10:28:48 - [TEST_STEP][PASSED] - Script1687405718449.Change(todaysDate, typeOfData): null

14-01-2025T10:28:48 - [TEST_STEP][PASSED] - scrollToElement(findTestObject("Факторный анализ/Заголовок дашборда"), 30): Scroll to object 'Object Repository/Факторный анализ/Заголовок дашборда' successfully

14-01-2025T10:28:48 - [MESSAGE][PASSED] - Scroll to object 'Object Repository/Факторный анализ/Заголовок дашборда' successfully

14-01-2025T10:28:48 - [TEST_STEP][PASSED] - click(findTestObject("Факторный анализ/Применить в фильтре ДЗО")): Object: 'Object Repository/Факторный анализ/Применить в фильтре ДЗО' is clicked on

14-01-2025T10:28:49 - [MESSAGE][PASSED] - Object: 'Object Repository/Факторный анализ/Применить в фильтре ДЗО' is clicked on

14-01-2025T10:28:49 - [TEST_STEP][PASSED] - typeOfData = "Филиал": null

14-01-2025T10:28:49 - [TEST_STEP][PASSED] - Script1687405718449.Test(todaysDate, typeOfData): null

14-01-2025T10:28:49 - [TEST_STEP][PASSED] - delay(10): Delayed 10 second(s)

14-01-2025T10:28:59 - [MESSAGE][PASSED] - Delayed 10 second(s)

14-01-2025T10:28:59 - [TEST_STEP][PASSED] - if (verifyTextNotPresent("нет данных", false) == true): null

14-01-2025T10:28:59 - [MESSAGE][PASSED] - Text 'нет данных' is not present on page

14-01-2025T10:28:59 - [TEST_STEP][PASSED] - if (verifyTextNotPresent("Ошибка запроса данных", false) == true): null

14-01-2025T10:29:00 - [MESSAGE][PASSED] - Text 'Ошибка запроса данных' is not present on page

14-01-2025T10:29:00 - [TEST_STEP][PASSED] - if (verifyTextNotPresent("Произошла ошибка при выполнении пользовательского кода", false) == true): null

14-01-2025T10:29:00 - [MESSAGE][PASSED] - Text 'Произошла ошибка при выполнении пользовательского кода' is not present on page

14-01-2025T10:29:00 - [TEST_STEP][PASSED] - if (verifyTextNotPresent("У виджета нет данных", false) == true): null

14-01-2025T10:29:01 - [MESSAGE][PASSED] - Text 'У виджета нет данных' is not present on page

14-01-2025T10:29:01 - [TEST_STEP][PASSED] - if (verifyTextNotPresent("У виджета нет данных", false) == true): Text 'У виджета нет данных' is not present on page

14-01-2025T10:29:01 - [MESSAGE][PASSED] - Text 'У виджета нет данных' is not present on page

14-01-2025T10:29:01 - [TEST_STEP][PASSED] - click(findTestObject("Факторный анализ/Переключить отображение с филиала на месяц")): Object: 'Object Repository/Факторный анализ/Переключить отображение с филиала на месяц' is clicked on

14-01-2025T10:29:02 - [MESSAGE][PASSED] - Object: 'Object Repository/Факторный анализ/Переключить отображение с филиала на месяц' is clicked on

14-01-2025T10:29:02 - [TEST_STEP][PASSED] - typeOfData = "Месяц": null

14-01-2025T10:29:02 - [TEST_STEP][PASSED] - Script1687405718449.Test(todaysDate, typeOfData): null

14-01-2025T10:29:02 - [TEST_STEP][PASSED] - delay(10): Delayed 10 second(s)

14-01-2025T10:29:12 - [MESSAGE][PASSED] - Delayed 10 second(s)

14-01-2025T10:29:12 - [TEST_STEP][PASSED] - if (verifyTextNotPresent("нет данных", false) == true): null

14-01-2025T10:29:12 - [MESSAGE][PASSED] - Text 'нет данных' is not present on page

14-01-2025T10:29:12 - [TEST_STEP][PASSED] - if (verifyTextNotPresent("Ошибка запроса данных", false) == true): null

14-01-2025T10:29:13 - [MESSAGE][PASSED] - Text 'Ошибка запроса данных' is not present on page

14-01-2025T10:29:13 - [TEST_STEP][PASSED] - if (verifyTextNotPresent("Произошла ошибка при выполнении пользовательского кода", false) == true): null

14-01-2025T10:29:13 - [MESSAGE][PASSED] - Text 'Произошла ошибка при выполнении пользовательского кода' is not present on page

14-01-2025T10:29:13 - [TEST_STEP][PASSED] - if (verifyTextNotPresent("У виджета нет данных", false) == true): null

14-01-2025T10:29:14 - [MESSAGE][PASSED] - Text 'У виджета нет данных' is not present on page

14-01-2025T10:29:14 - [TEST_STEP][PASSED] - if (verifyTextNotPresent("У виджета нет данных", false) == true): Text 'У виджета нет данных' is not present on page

14-01-2025T10:29:14 - [MESSAGE][PASSED] - Text 'У виджета нет данных' is not present on page

14-01-2025T10:29:14 - [TEST_STEP][PASSED] - click(findTestObject("Факторный анализ/Переключить отображение с месяца на филиал")): Object: 'Object Repository/Факторный анализ/Переключить отображение с месяца на филиал' is clicked on

14-01-2025T10:29:14 - [MESSAGE][PASSED] - Object: 'Object Repository/Факторный анализ/Переключить отображение с месяца на филиал' is clicked on

14-01-2025T10:29:14 - [TEST_STEP][PASSED] - click(findTestObject("Факторный анализ/Фильтр ДЗО")): Object: 'Object Repository/Факторный анализ/Фильтр ДЗО' is clicked on

14-01-2025T10:29:15 - [MESSAGE][PASSED] - Object: 'Object Repository/Факторный анализ/Фильтр ДЗО' is clicked on

14-01-2025T10:29:15 - [TEST_STEP][PASSED] - click(findTestObject("Факторный анализ/Снять выделение в фильтре ДЗО")): Object: 'Object Repository/Факторный анализ/Снять выделение в фильтре ДЗО' is clicked on

14-01-2025T10:29:15 - [MESSAGE][PASSED] - Object: 'Object Repository/Факторный анализ/Снять выделение в фильтре ДЗО' is clicked on

14-01-2025T10:29:15 - [TEST_STEP][PASSED] - scrollToElement(findTestObject("Общие объекты/Ивэнерго"), 30): Scroll to object 'Object Repository/Общие объекты/Ивэнерго' successfully

14-01-2025T10:29:16 - [MESSAGE][PASSED] - Scroll to object 'Object Repository/Общие объекты/Ивэнерго' successfully

14-01-2025T10:29:16 - [TEST_STEP][PASSED] - click(findTestObject("Общие объекты/Ивэнерго")): Object: 'Object Repository/Общие объекты/Ивэнерго' is clicked on

14-01-2025T10:29:16 - [MESSAGE][PASSED] - Object: 'Object Repository/Общие объекты/Ивэнерго' is clicked on

14-01-2025T10:29:16 - [TEST_STEP][PASSED] - Script1687405718449.Change(todaysDate, typeOfData): null

14-01-2025T10:29:16 - [TEST_STEP][PASSED] - scrollToElement(findTestObject("Факторный анализ/Заголовок дашборда"), 30): Scroll to object 'Object Repository/Факторный анализ/Заголовок дашборда' successfully

14-01-2025T10:29:16 - [MESSAGE][PASSED] - Scroll to object 'Object Repository/Факторный анализ/Заголовок дашборда' successfully

14-01-2025T10:29:16 - [TEST_STEP][PASSED] - click(findTestObject("Факторный анализ/Применить в фильтре ДЗО")): Object: 'Object Repository/Факторный анализ/Применить в фильтре ДЗО' is clicked on

14-01-2025T10:29:17 - [MESSAGE][PASSED] - Object: 'Object Repository/Факторный анализ/Применить в фильтре ДЗО' is clicked on

14-01-2025T10:29:17 - [TEST_STEP][PASSED] - typeOfData = "Филиал": null

14-01-2025T10:29:17 - [TEST_STEP][PASSED] - Script1687405718449.Test(todaysDate, typeOfData): null

14-01-2025T10:29:17 - [TEST_STEP][PASSED] - delay(10): Delayed 10 second(s)

14-01-2025T10:29:27 - [MESSAGE][PASSED] - Delayed 10 second(s)

14-01-2025T10:29:27 - [TEST_STEP][PASSED] - if (verifyTextNotPresent("нет данных", false) == true): null

14-01-2025T10:29:27 - [MESSAGE][PASSED] - Text 'нет данных' is not present on page

14-01-2025T10:29:27 - [TEST_STEP][PASSED] - if (verifyTextNotPresent("Ошибка запроса данных", false) == true): null

14-01-2025T10:29:28 - [MESSAGE][PASSED] - Text 'Ошибка запроса данных' is not present on page

14-01-2025T10:29:28 - [TEST_STEP][PASSED] - if (verifyTextNotPresent("Произошла ошибка при выполнении пользовательского кода", false) == true): null

14-01-2025T10:29:28 - [MESSAGE][PASSED] - Text 'Произошла ошибка при выполнении пользовательского кода' is not present on page

14-01-2025T10:29:28 - [TEST_STEP][PASSED] - if (verifyTextNotPresent("У виджета нет данных", false) == true): null

14-01-2025T10:29:29 - [MESSAGE][PASSED] - Text 'У виджета нет данных' is not present on page

14-01-2025T10:29:29 - [TEST_STEP][PASSED] - if (verifyTextNotPresent("У виджета нет данных", false) == true): Text 'У виджета нет данных' is not present on page

14-01-2025T10:29:29 - [MESSAGE][PASSED] - Text 'У виджета нет данных' is not present on page

14-01-2025T10:29:29 - [TEST_STEP][PASSED] - click(findTestObject("Факторный анализ/Переключить отображение с филиала на месяц")): Object: 'Object Repository/Факторный анализ/Переключить отображение с филиала на месяц' is clicked on

14-01-2025T10:29:30 - [MESSAGE][PASSED] - Object: 'Object Repository/Факторный анализ/Переключить отображение с филиала на месяц' is clicked on

14-01-2025T10:29:30 - [TEST_STEP][PASSED] - typeOfData = "Месяц": null

14-01-2025T10:29:30 - [TEST_STEP][PASSED] - Script1687405718449.Test(todaysDate, typeOfData): null

14-01-2025T10:29:30 - [TEST_STEP][PASSED] - delay(10): Delayed 10 second(s)

14-01-2025T10:29:40 - [MESSAGE][PASSED] - Delayed 10 second(s)

14-01-2025T10:29:40 - [TEST_STEP][PASSED] - if (verifyTextNotPresent("нет данных", false) == true): null

14-01-2025T10:29:40 - [MESSAGE][PASSED] - Text 'нет данных' is not present on page

14-01-2025T10:29:40 - [TEST_STEP][PASSED] - if (verifyTextNotPresent("Ошибка запроса данных", false) == true): null

14-01-2025T10:29:41 - [MESSAGE][PASSED] - Text 'Ошибка запроса данных' is not present on page

14-01-2025T10:29:41 - [TEST_STEP][PASSED] - if (verifyTextNotPresent("Произошла ошибка при выполнении пользовательского кода", false) == true): null

14-01-2025T10:29:41 - [MESSAGE][PASSED] - Text 'Произошла ошибка при выполнении пользовательского кода' is not present on page

14-01-2025T10:29:41 - [TEST_STEP][PASSED] - if (verifyTextNotPresent("У виджета нет данных", false) == true): null

14-01-2025T10:29:42 - [MESSAGE][PASSED] - Text 'У виджета нет данных' is not present on page

14-01-2025T10:29:42 - [TEST_STEP][PASSED] - if (verifyTextNotPresent("У виджета нет данных", false) == true): Text 'У виджета нет данных' is not present on page

14-01-2025T10:29:42 - [MESSAGE][PASSED] - Text 'У виджета нет данных' is not present on page

14-01-2025T10:29:42 - [TEST_STEP][PASSED] - click(findTestObject("Факторный анализ/Переключить отображение с месяца на филиал")): Object: 'Object Repository/Факторный анализ/Переключить отображение с месяца на филиал' is clicked on

14-01-2025T10:29:43 - [MESSAGE][PASSED] - Object: 'Object Repository/Факторный анализ/Переключить отображение с месяца на филиал' is clicked on

14-01-2025T10:29:43 - [TEST_STEP][PASSED] - click(findTestObject("Факторный анализ/Фильтр ДЗО")): Object: 'Object Repository/Факторный анализ/Фильтр ДЗО' is clicked on

14-01-2025T10:29:43 - [MESSAGE][PASSED] - Object: 'Object Repository/Факторный анализ/Фильтр ДЗО' is clicked on

14-01-2025T10:29:43 - [TEST_STEP][PASSED] - click(findTestObject("Факторный анализ/Снять выделение в фильтре ДЗО")): Object: 'Object Repository/Факторный анализ/Снять выделение в фильтре ДЗО' is clicked on

14-01-2025T10:29:43 - [MESSAGE][PASSED] - Object: 'Object Repository/Факторный анализ/Снять выделение в фильтре ДЗО' is clicked on

14-01-2025T10:29:43 - [TEST_STEP][PASSED] - scrollToElement(findTestObject("Общие объекты/Калугаэнерго"), 30): Scroll to object 'Object Repository/Общие объекты/Калугаэнерго' successfully

14-01-2025T10:29:44 - [MESSAGE][PASSED] - Scroll to object 'Object Repository/Общие объекты/Калугаэнерго' successfully

14-01-2025T10:29:44 - [TEST_STEP][PASSED] - click(findTestObject("Общие объекты/Калугаэнерго")): Object: 'Object Repository/Общие объекты/Калугаэнерго' is clicked on

14-01-2025T10:29:44 - [MESSAGE][PASSED] - Object: 'Object Repository/Общие объекты/Калугаэнерго' is clicked on

14-01-2025T10:29:44 - [TEST_STEP][PASSED] - Script1687405718449.Change(todaysDate, typeOfData): null

14-01-2025T10:29:44 - [TEST_STEP][PASSED] - scrollToElement(findTestObject("Факторный анализ/Заголовок дашборда"), 30): Scroll to object 'Object Repository/Факторный анализ/Заголовок дашборда' successfully

14-01-2025T10:29:44 - [MESSAGE][PASSED] - Scroll to object 'Object Repository/Факторный анализ/Заголовок дашборда' successfully

14-01-2025T10:29:44 - [TEST_STEP][PASSED] - click(findTestObject("Факторный анализ/Применить в фильтре ДЗО")): Object: 'Object Repository/Факторный анализ/Применить в фильтре ДЗО' is clicked on

14-01-2025T10:29:45 - [MESSAGE][PASSED] - Object: 'Object Repository/Факторный анализ/Применить в фильтре ДЗО' is clicked on

14-01-2025T10:29:45 - [TEST_STEP][PASSED] - typeOfData = "Филиал": null

14-01-2025T10:29:45 - [TEST_STEP][PASSED] - Script1687405718449.Test(todaysDate, typeOfData): null

14-01-2025T10:29:45 - [TEST_STEP][PASSED] - delay(10): Delayed 10 second(s)

14-01-2025T10:29:55 - [MESSAGE][PASSED] - Delayed 10 second(s)

14-01-2025T10:29:55 - [TEST_STEP][PASSED] - if (verifyTextNotPresent("нет данных", false) == true): null

14-01-2025T10:29:56 - [MESSAGE][PASSED] - Text 'нет данных' is not present on page

14-01-2025T10:29:56 - [TEST_STEP][PASSED] - if (verifyTextNotPresent("Ошибка запроса данных", false) == true): null

14-01-2025T10:29:56 - [MESSAGE][PASSED] - Text 'Ошибка запроса данных' is not present on page

14-01-2025T10:29:56 - [TEST_STEP][PASSED] - if (verifyTextNotPresent("Произошла ошибка при выполнении пользовательского кода", false) == true): null

14-01-2025T10:29:57 - [MESSAGE][PASSED] - Text 'Произошла ошибка при выполнении пользовательского кода' is not present on page

14-01-2025T10:29:57 - [TEST_STEP][PASSED] - if (verifyTextNotPresent("У виджета нет данных", false) == true): null

14-01-2025T10:29:57 - [MESSAGE][PASSED] - Text 'У виджета нет данных' is not present on page

14-01-2025T10:29:57 - [TEST_STEP][PASSED] - if (verifyTextNotPresent("У виджета нет данных", false) == true): Text 'У виджета нет данных' is not present on page

14-01-2025T10:29:58 - [MESSAGE][PASSED] - Text 'У виджета нет данных' is not present on page

14-01-2025T10:29:58 - [TEST_STEP][PASSED] - click(findTestObject("Факторный анализ/Переключить отображение с филиала на месяц")): Object: 'Object Repository/Факторный анализ/Переключить отображение с филиала на месяц' is clicked on

14-01-2025T10:29:58 - [MESSAGE][PASSED] - Object: 'Object Repository/Факторный анализ/Переключить отображение с филиала на месяц' is clicked on

14-01-2025T10:29:58 - [TEST_STEP][PASSED] - typeOfData = "Месяц": null

14-01-2025T10:29:58 - [TEST_STEP][PASSED] - Script1687405718449.Test(todaysDate, typeOfData): null

14-01-2025T10:29:58 - [TEST_STEP][PASSED] - delay(10): Delayed 10 second(s)

14-01-2025T10:30:08 - [MESSAGE][PASSED] - Delayed 10 second(s)

14-01-2025T10:30:08 - [TEST_STEP][PASSED] - if (verifyTextNotPresent("нет данных", false) == true): null

14-01-2025T10:30:08 - [MESSAGE][PASSED] - Text 'нет данных' is not present on page

14-01-2025T10:30:08 - [TEST_STEP][PASSED] - if (verifyTextNotPresent("Ошибка запроса данных", false) == true): null

14-01-2025T10:30:09 - [MESSAGE][PASSED] - Text 'Ошибка запроса данных' is not present on page

14-01-2025T10:30:09 - [TEST_STEP][PASSED] - if (verifyTextNotPresent("Произошла ошибка при выполнении пользовательского кода", false) == true): null

14-01-2025T10:30:09 - [MESSAGE][PASSED] - Text 'Произошла ошибка при выполнении пользовательского кода' is not present on page

14-01-2025T10:30:09 - [TEST_STEP][PASSED] - if (verifyTextNotPresent("У виджета нет данных", false) == true): null

14-01-2025T10:30:10 - [MESSAGE][PASSED] - Text 'У виджета нет данных' is not present on page

14-01-2025T10:30:10 - [TEST_STEP][PASSED] - if (verifyTextNotPresent("У виджета нет данных", false) == true): Text 'У виджета нет данных' is not present on page

14-01-2025T10:30:10 - [MESSAGE][PASSED] - Text 'У виджета нет данных' is not present on page

14-01-2025T10:30:10 - [TEST_STEP][PASSED] - click(findTestObject("Факторный анализ/Переключить отображение с месяца на филиал")): Object: 'Object Repository/Факторный анализ/Переключить отображение с месяца на филиал' is clicked on

14-01-2025T10:30:11 - [MESSAGE][PASSED] - Object: 'Object Repository/Факторный анализ/Переключить отображение с месяца на филиал' is clicked on

14-01-2025T10:30:11 - [TEST_STEP][PASSED] - click(findTestObject("Факторный анализ/Фильтр ДЗО")): Object: 'Object Repository/Факторный анализ/Фильтр ДЗО' is clicked on

14-01-2025T10:30:11 - [MESSAGE][PASSED] - Object: 'Object Repository/Факторный анализ/Фильтр ДЗО' is clicked on

14-01-2025T10:30:11 - [TEST_STEP][PASSED] - click(findTestObject("Факторный анализ/Снять выделение в фильтре ДЗО")): Object: 'Object Repository/Факторный анализ/Снять выделение в фильтре ДЗО' is clicked on

14-01-2025T10:30:11 - [MESSAGE][PASSED] - Object: 'Object Repository/Факторный анализ/Снять выделение в фильтре ДЗО' is clicked on

14-01-2025T10:30:11 - [TEST_STEP][PASSED] - scrollToElement(findTestObject("Общие объекты/Кировэнерго"), 30): Scroll to object 'Object Repository/Общие объекты/Кировэнерго' successfully

14-01-2025T10:30:12 - [MESSAGE][PASSED] - Scroll to object 'Object Repository/Общие объекты/Кировэнерго' successfully

14-01-2025T10:30:12 - [TEST_STEP][PASSED] - click(findTestObject("Общие объекты/Кировэнерго")): Object: 'Object Repository/Общие объекты/Кировэнерго' is clicked on

14-01-2025T10:30:12 - [MESSAGE][PASSED] - Object: 'Object Repository/Общие объекты/Кировэнерго' is clicked on

14-01-2025T10:30:12 - [TEST_STEP][PASSED] - Script1687405718449.Change(todaysDate, typeOfData): null

14-01-2025T10:30:12 - [TEST_STEP][PASSED] - scrollToElement(findTestObject("Факторный анализ/Заголовок дашборда"), 30): Scroll to object 'Object Repository/Факторный анализ/Заголовок дашборда' successfully

14-01-2025T10:30:13 - [MESSAGE][PASSED] - Scroll to object 'Object Repository/Факторный анализ/Заголовок дашборда' successfully

14-01-2025T10:30:13 - [TEST_STEP][PASSED] - click(findTestObject("Факторный анализ/Применить в фильтре ДЗО")): Object: 'Object Repository/Факторный анализ/Применить в фильтре ДЗО' is clicked on

14-01-2025T10:30:13 - [MESSAGE][PASSED] - Object: 'Object Repository/Факторный анализ/Применить в фильтре ДЗО' is clicked on

14-01-2025T10:30:13 - [TEST_STEP][PASSED] - typeOfData = "Филиал": null

14-01-2025T10:30:13 - [TEST_STEP][PASSED] - Script1687405718449.Test(todaysDate, typeOfData): null

14-01-2025T10:30:13 - [TEST_STEP][PASSED] - delay(10): Delayed 10 second(s)

14-01-2025T10:30:23 - [MESSAGE][PASSED] - Delayed 10 second(s)

14-01-2025T10:30:23 - [TEST_STEP][PASSED] - if (verifyTextNotPresent("нет данных", false) == true): null

14-01-2025T10:30:24 - [MESSAGE][PASSED] - Text 'нет данных' is not present on page

14-01-2025T10:30:24 - [TEST_STEP][PASSED] - if (verifyTextNotPresent("Ошибка запроса данных", false) == true): null

14-01-2025T10:30:24 - [MESSAGE][PASSED] - Text 'Ошибка запроса данных' is not present on page

14-01-2025T10:30:24 - [TEST_STEP][PASSED] - if (verifyTextNotPresent("Произошла ошибка при выполнении пользовательского кода", false) == true): null

14-01-2025T10:30:25 - [MESSAGE][PASSED] - Text 'Произошла ошибка при выполнении пользовательского кода' is not present on page

14-01-2025T10:30:25 - [TEST_STEP][PASSED] - if (verifyTextNotPresent("У виджета нет данных", false) == true): null

14-01-2025T10:30:25 - [MESSAGE][PASSED] - Text 'У виджета нет данных' is not present on page

14-01-2025T10:30:25 - [TEST_STEP][PASSED] - if (verifyTextNotPresent("У виджета нет данных", false) == true): Text 'У виджета нет данных' is not present on page

14-01-2025T10:30:26 - [MESSAGE][PASSED] - Text 'У виджета нет данных' is not present on page

14-01-2025T10:30:26 - [TEST_STEP][PASSED] - click(findTestObject("Факторный анализ/Переключить отображение с филиала на месяц")): Object: 'Object Repository/Факторный анализ/Переключить отображение с филиала на месяц' is clicked on

14-01-2025T10:30:26 - [MESSAGE][PASSED] - Object: 'Object Repository/Факторный анализ/Переключить отображение с филиала на месяц' is clicked on

14-01-2025T10:30:26 - [TEST_STEP][PASSED] - typeOfData = "Месяц": null

14-01-2025T10:30:26 - [TEST_STEP][PASSED] - Script1687405718449.Test(todaysDate, typeOfData): null

14-01-2025T10:30:26 - [TEST_STEP][PASSED] - delay(10): Delayed 10 second(s)

14-01-2025T10:30:36 - [MESSAGE][PASSED] - Delayed 10 second(s)

14-01-2025T10:30:36 - [TEST_STEP][PASSED] - if (verifyTextNotPresent("нет данных", false) == true): null

14-01-2025T10:30:36 - [MESSAGE][PASSED] - Text 'нет данных' is not present on page

14-01-2025T10:30:36 - [TEST_STEP][PASSED] - if (verifyTextNotPresent("Ошибка запроса данных", false) == true): null

14-01-2025T10:30:37 - [MESSAGE][PASSED] - Text 'Ошибка запроса данных' is not present on page

14-01-2025T10:30:37 - [TEST_STEP][PASSED] - if (verifyTextNotPresent("Произошла ошибка при выполнении пользовательского кода", false) == true): null

14-01-2025T10:30:37 - [MESSAGE][PASSED] - Text 'Произошла ошибка при выполнении пользовательского кода' is not present on page

14-01-2025T10:30:37 - [TEST_STEP][PASSED] - if (verifyTextNotPresent("У виджета нет данных", false) == true): null

14-01-2025T10:30:38 - [MESSAGE][PASSED] - Text 'У виджета нет данных' is not present on page

14-01-2025T10:30:38 - [TEST_STEP][PASSED] - if (verifyTextNotPresent("У виджета нет данных", false) == true): Text 'У виджета нет данных' is not present on page

14-01-2025T10:30:38 - [MESSAGE][PASSED] - Text 'У виджета нет данных' is not present on page

14-01-2025T10:30:38 - [TEST_STEP][PASSED] - click(findTestObject("Факторный анализ/Переключить отображение с месяца на филиал")): Object: 'Object Repository/Факторный анализ/Переключить отображение с месяца на филиал' is clicked on

14-01-2025T10:30:39 - [MESSAGE][PASSED] - Object: 'Object Repository/Факторный анализ/Переключить отображение с месяца на филиал' is clicked on

14-01-2025T10:30:39 - [TEST_STEP][PASSED] - click(findTestObject("Факторный анализ/Фильтр ДЗО")): Object: 'Object Repository/Факторный анализ/Фильтр ДЗО' is clicked on

14-01-2025T10:30:39 - [MESSAGE][PASSED] - Object: 'Object Repository/Факторный анализ/Фильтр ДЗО' is clicked on

14-01-2025T10:30:39 - [TEST_STEP][PASSED] - click(findTestObject("Факторный анализ/Снять выделение в фильтре ДЗО")): Object: 'Object Repository/Факторный анализ/Снять выделение в фильтре ДЗО' is clicked on

14-01-2025T10:30:39 - [MESSAGE][PASSED] - Object: 'Object Repository/Факторный анализ/Снять выделение в фильтре ДЗО' is clicked on

14-01-2025T10:30:39 - [TEST_STEP][PASSED] - scrollToElement(findTestObject("Общие объекты/Мариэнерго"), 30): Scroll to object 'Object Repository/Общие объекты/Мариэнерго' successfully

14-01-2025T10:30:40 - [MESSAGE][PASSED] - Scroll to object 'Object Repository/Общие объекты/Мариэнерго' successfully

14-01-2025T10:30:40 - [TEST_STEP][PASSED] - click(findTestObject("Общие объекты/Мариэнерго")): Object: 'Object Repository/Общие объекты/Мариэнерго' is clicked on

14-01-2025T10:30:40 - [MESSAGE][PASSED] - Object: 'Object Repository/Общие объекты/Мариэнерго' is clicked on

14-01-2025T10:30:40 - [TEST_STEP][PASSED] - Script1687405718449.Change(todaysDate, typeOfData): null

14-01-2025T10:30:40 - [TEST_STEP][PASSED] - scrollToElement(findTestObject("Факторный анализ/Заголовок дашборда"), 30): Scroll to object 'Object Repository/Факторный анализ/Заголовок дашборда' successfully

14-01-2025T10:30:41 - [MESSAGE][PASSED] - Scroll to object 'Object Repository/Факторный анализ/Заголовок дашборда' successfully

14-01-2025T10:30:41 - [TEST_STEP][PASSED] - click(findTestObject("Факторный анализ/Применить в фильтре ДЗО")): Object: 'Object Repository/Факторный анализ/Применить в фильтре ДЗО' is clicked on

14-01-2025T10:30:41 - [MESSAGE][PASSED] - Object: 'Object Repository/Факторный анализ/Применить в фильтре ДЗО' is clicked on

14-01-2025T10:30:41 - [TEST_STEP][PASSED] - typeOfData = "Филиал": null

14-01-2025T10:30:41 - [TEST_STEP][PASSED] - Script1687405718449.Test(todaysDate, typeOfData): null

14-01-2025T10:30:41 - [TEST_STEP][PASSED] - delay(10): Delayed 10 second(s)

14-01-2025T10:30:51 - [MESSAGE][PASSED] - Delayed 10 second(s)

14-01-2025T10:30:51 - [TEST_STEP][PASSED] - if (verifyTextNotPresent("нет данных", false) == true): null

14-01-2025T10:30:52 - [MESSAGE][PASSED] - Text 'нет данных' is not present on page

14-01-2025T10:30:52 - [TEST_STEP][PASSED] - if (verifyTextNotPresent("Ошибка запроса данных", false) == true): null

14-01-2025T10:30:52 - [MESSAGE][PASSED] - Text 'Ошибка запроса данных' is not present on page

14-01-2025T10:30:52 - [TEST_STEP][PASSED] - if (verifyTextNotPresent("Произошла ошибка при выполнении пользовательского кода", false) == true): null

14-01-2025T10:30:53 - [MESSAGE][PASSED] - Text 'Произошла ошибка при выполнении пользовательского кода' is not present on page

14-01-2025T10:30:53 - [TEST_STEP][PASSED] - if (verifyTextNotPresent("У виджета нет данных", false) == true): null

14-01-2025T10:30:53 - [MESSAGE][PASSED] - Text 'У виджета нет данных' is not present on page

14-01-2025T10:30:53 - [TEST_STEP][PASSED] - if (verifyTextNotPresent("У виджета нет данных", false) == true): Text 'У виджета нет данных' is not present on page

14-01-2025T10:30:54 - [MESSAGE][PASSED] - Text 'У виджета нет данных' is not present on page

14-01-2025T10:30:54 - [TEST_STEP][PASSED] - click(findTestObject("Факторный анализ/Переключить отображение с филиала на месяц")): Object: 'Object Repository/Факторный анализ/Переключить отображение с филиала на месяц' is clicked on

14-01-2025T10:30:54 - [MESSAGE][PASSED] - Object: 'Object Repository/Факторный анализ/Переключить отображение с филиала на месяц' is clicked on

14-01-2025T10:30:54 - [TEST_STEP][PASSED] - typeOfData = "Месяц": null

14-01-2025T10:30:54 - [TEST_STEP][PASSED] - Script1687405718449.Test(todaysDate, typeOfData): null

14-01-2025T10:30:54 - [TEST_STEP][PASSED] - delay(10): Delayed 10 second(s)

14-01-2025T10:31:04 - [MESSAGE][PASSED] - Delayed 10 second(s)

14-01-2025T10:31:04 - [TEST_STEP][PASSED] - if (verifyTextNotPresent("нет данных", false) == true): null

14-01-2025T10:31:04 - [MESSAGE][PASSED] - Text 'нет данных' is not present on page

14-01-2025T10:31:04 - [TEST_STEP][PASSED] - if (verifyTextNotPresent("Ошибка запроса данных", false) == true): null

14-01-2025T10:31:05 - [MESSAGE][PASSED] - Text 'Ошибка запроса данных' is not present on page

14-01-2025T10:31:05 - [TEST_STEP][PASSED] - if (verifyTextNotPresent("Произошла ошибка при выполнении пользовательского кода", false) == true): null

14-01-2025T10:31:05 - [MESSAGE][PASSED] - Text 'Произошла ошибка при выполнении пользовательского кода' is not present on page

14-01-2025T10:31:05 - [TEST_STEP][PASSED] - if (verifyTextNotPresent("У виджета нет данных", false) == true): null

14-01-2025T10:31:06 - [MESSAGE][PASSED] - Text 'У виджета нет данных' is not present on page

14-01-2025T10:31:06 - [TEST_STEP][PASSED] - if (verifyTextNotPresent("У виджета нет данных", false) == true): Text 'У виджета нет данных' is not present on page

14-01-2025T10:31:06 - [MESSAGE][PASSED] - Text 'У виджета нет данных' is not present on page

14-01-2025T10:31:06 - [TEST_STEP][PASSED] - click(findTestObject("Факторный анализ/Переключить отображение с месяца на филиал")): Object: 'Object Repository/Факторный анализ/Переключить отображение с месяца на филиал' is clicked on

14-01-2025T10:31:07 - [MESSAGE][PASSED] - Object: 'Object Repository/Факторный анализ/Переключить отображение с месяца на филиал' is clicked on

14-01-2025T10:31:07 - [TEST_STEP][PASSED] - click(findTestObject("Факторный анализ/Фильтр ДЗО")): Object: 'Object Repository/Факторный анализ/Фильтр ДЗО' is clicked on

14-01-2025T10:31:07 - [MESSAGE][PASSED] - Object: 'Object Repository/Факторный анализ/Фильтр ДЗО' is clicked on

14-01-2025T10:31:07 - [TEST_STEP][PASSED] - click(findTestObject("Факторный анализ/Снять выделение в фильтре ДЗО")): Object: 'Object Repository/Факторный анализ/Снять выделение в фильтре ДЗО' is clicked on

14-01-2025T10:31:07 - [MESSAGE][PASSED] - Object: 'Object Repository/Факторный анализ/Снять выделение в фильтре ДЗО' is clicked on

14-01-2025T10:31:07 - [TEST_STEP][PASSED] - scrollToElement(findTestObject("Общие объекты/Нижновэнерго"), 30): Scroll to object 'Object Repository/Общие объекты/Нижновэнерго' successfully

14-01-2025T10:31:08 - [MESSAGE][PASSED] - Scroll to object 'Object Repository/Общие объекты/Нижновэнерго' successfully

14-01-2025T10:31:08 - [TEST_STEP][PASSED] - click(findTestObject("Общие объекты/Нижновэнерго")): Object: 'Object Repository/Общие объекты/Нижновэнерго' is clicked on

14-01-2025T10:31:08 - [MESSAGE][PASSED] - Object: 'Object Repository/Общие объекты/Нижновэнерго' is clicked on

14-01-2025T10:31:08 - [TEST_STEP][PASSED] - Script1687405718449.Change(todaysDate, typeOfData): null

14-01-2025T10:31:08 - [TEST_STEP][PASSED] - scrollToElement(findTestObject("Факторный анализ/Заголовок дашборда"), 30): Scroll to object 'Object Repository/Факторный анализ/Заголовок дашборда' successfully

14-01-2025T10:31:09 - [MESSAGE][PASSED] - Scroll to object 'Object Repository/Факторный анализ/Заголовок дашборда' successfully

14-01-2025T10:31:09 - [TEST_STEP][PASSED] - click(findTestObject("Факторный анализ/Применить в фильтре ДЗО")): Object: 'Object Repository/Факторный анализ/Применить в фильтре ДЗО' is clicked on

14-01-2025T10:31:09 - [MESSAGE][PASSED] - Object: 'Object Repository/Факторный анализ/Применить в фильтре ДЗО' is clicked on

14-01-2025T10:31:09 - [TEST_STEP][PASSED] - typeOfData = "Филиал": null

14-01-2025T10:31:09 - [TEST_STEP][PASSED] - Script1687405718449.Test(todaysDate, typeOfData): null

14-01-2025T10:31:09 - [TEST_STEP][PASSED] - delay(10): Delayed 10 second(s)

14-01-2025T10:31:19 - [MESSAGE][PASSED] - Delayed 10 second(s)

14-01-2025T10:31:19 - [TEST_STEP][PASSED] - if (verifyTextNotPresent("нет данных", false) == true): null

14-01-2025T10:31:20 - [MESSAGE][PASSED] - Text 'нет данных' is not present on page

14-01-2025T10:31:20 - [TEST_STEP][PASSED] - if (verifyTextNotPresent("Ошибка запроса данных", false) == true): null

14-01-2025T10:31:20 - [MESSAGE][PASSED] - Text 'Ошибка запроса данных' is not present on page

14-01-2025T10:31:20 - [TEST_STEP][PASSED] - if (verifyTextNotPresent("Произошла ошибка при выполнении пользовательского кода", false) == true): null

14-01-2025T10:31:21 - [MESSAGE][PASSED] - Text 'Произошла ошибка при выполнении пользовательского кода' is not present on page

14-01-2025T10:31:21 - [TEST_STEP][PASSED] - if (verifyTextNotPresent("У виджета нет данных", false) == true): null

14-01-2025T10:31:21 - [MESSAGE][PASSED] - Text 'У виджета нет данных' is not present on page

14-01-2025T10:31:21 - [TEST_STEP][PASSED] - if (verifyTextNotPresent("У виджета нет данных", false) == true): Text 'У виджета нет данных' is not present on page

14-01-2025T10:31:22 - [MESSAGE][PASSED] - Text 'У виджета нет данных' is not present on page

14-01-2025T10:31:22 - [TEST_STEP][PASSED] - click(findTestObject("Факторный анализ/Переключить отображение с филиала на месяц")): Object: 'Object Repository/Факторный анализ/Переключить отображение с филиала на месяц' is clicked on

14-01-2025T10:31:22 - [MESSAGE][PASSED] - Object: 'Object Repository/Факторный анализ/Переключить отображение с филиала на месяц' is clicked on

14-01-2025T10:31:22 - [TEST_STEP][PASSED] - typeOfData = "Месяц": null

14-01-2025T10:31:22 - [TEST_STEP][PASSED] - Script1687405718449.Test(todaysDate, typeOfData): null

14-01-2025T10:31:22 - [TEST_STEP][PASSED] - delay(10): Delayed 10 second(s)

14-01-2025T10:31:32 - [MESSAGE][PASSED] - Delayed 10 second(s)

14-01-2025T10:31:32 - [TEST_STEP][PASSED] - if (verifyTextNotPresent("нет данных", false) == true): null

14-01-2025T10:31:32 - [MESSAGE][PASSED] - Text 'нет данных' is not present on page

14-01-2025T10:31:32 - [TEST_STEP][PASSED] - if (verifyTextNotPresent("Ошибка запроса данных", false) == true): null

14-01-2025T10:31:33 - [MESSAGE][PASSED] - Text 'Ошибка запроса данных' is not present on page

14-01-2025T10:31:33 - [TEST_STEP][PASSED] - if (verifyTextNotPresent("Произошла ошибка при выполнении пользовательского кода", false) == true): null

14-01-2025T10:31:33 - [MESSAGE][PASSED] - Text 'Произошла ошибка при выполнении пользовательского кода' is not present on page

14-01-2025T10:31:33 - [TEST_STEP][PASSED] - if (verifyTextNotPresent("У виджета нет данных", false) == true): null

14-01-2025T10:31:34 - [MESSAGE][PASSED] - Text 'У виджета нет данных' is not present on page

14-01-2025T10:31:34 - [TEST_STEP][PASSED] - if (verifyTextNotPresent("У виджета нет данных", false) == true): Text 'У виджета нет данных' is not present on page

14-01-2025T10:31:34 - [MESSAGE][PASSED] - Text 'У виджета нет данных' is not present on page

14-01-2025T10:31:34 - [TEST_STEP][PASSED] - click(findTestObject("Факторный анализ/Переключить отображение с месяца на филиал")): Object: 'Object Repository/Факторный анализ/Переключить отображение с месяца на филиал' is clicked on

14-01-2025T10:31:35 - [MESSAGE][PASSED] - Object: 'Object Repository/Факторный анализ/Переключить отображение с месяца на филиал' is clicked on

14-01-2025T10:31:35 - [TEST_STEP][PASSED] - click(findTestObject("Факторный анализ/Фильтр ДЗО")): Object: 'Object Repository/Факторный анализ/Фильтр ДЗО' is clicked on

14-01-2025T10:31:35 - [MESSAGE][PASSED] - Object: 'Object Repository/Факторный анализ/Фильтр ДЗО' is clicked on

14-01-2025T10:31:35 - [TEST_STEP][PASSED] - click(findTestObject("Факторный анализ/Снять выделение в фильтре ДЗО")): Object: 'Object Repository/Факторный анализ/Снять выделение в фильтре ДЗО' is clicked on

14-01-2025T10:31:36 - [MESSAGE][PASSED] - Object: 'Object Repository/Факторный анализ/Снять выделение в фильтре ДЗО' is clicked on

14-01-2025T10:31:36 - [TEST_STEP][PASSED] - scrollToElement(findTestObject("Общие объекты/Рязаньэнерго"), 30): Scroll to object 'Object Repository/Общие объекты/Рязаньэнерго' successfully

14-01-2025T10:31:36 - [MESSAGE][PASSED] - Scroll to object 'Object Repository/Общие объекты/Рязаньэнерго' successfully

14-01-2025T10:31:36 - [TEST_STEP][PASSED] - click(findTestObject("Общие объекты/Рязаньэнерго")): Object: 'Object Repository/Общие объекты/Рязаньэнерго' is clicked on

14-01-2025T10:31:36 - [MESSAGE][PASSED] - Object: 'Object Repository/Общие объекты/Рязаньэнерго' is clicked on

14-01-2025T10:31:36 - [TEST_STEP][PASSED] - Script1687405718449.Change(todaysDate, typeOfData): null

14-01-2025T10:31:36 - [TEST_STEP][PASSED] - scrollToElement(findTestObject("Факторный анализ/Заголовок дашборда"), 30): Scroll to object 'Object Repository/Факторный анализ/Заголовок дашборда' successfully

14-01-2025T10:31:37 - [MESSAGE][PASSED] - Scroll to object 'Object Repository/Факторный анализ/Заголовок дашборда' successfully

14-01-2025T10:31:37 - [TEST_STEP][PASSED] - click(findTestObject("Факторный анализ/Применить в фильтре ДЗО")): Object: 'Object Repository/Факторный анализ/Применить в фильтре ДЗО' is clicked on

14-01-2025T10:31:37 - [MESSAGE][PASSED] - Object: 'Object Repository/Факторный анализ/Применить в фильтре ДЗО' is clicked on

14-01-2025T10:31:37 - [TEST_STEP][PASSED] - typeOfData = "Филиал": null

14-01-2025T10:31:37 - [TEST_STEP][PASSED] - Script1687405718449.Test(todaysDate, typeOfData): null

14-01-2025T10:31:37 - [TEST_STEP][PASSED] - delay(10): Delayed 10 second(s)

14-01-2025T10:31:47 - [MESSAGE][PASSED] - Delayed 10 second(s)

14-01-2025T10:31:47 - [TEST_STEP][PASSED] - if (verifyTextNotPresent("нет данных", false) == true): null

14-01-2025T10:31:48 - [MESSAGE][PASSED] - Text 'нет данных' is not present on page

14-01-2025T10:31:48 - [TEST_STEP][PASSED] - if (verifyTextNotPresent("Ошибка запроса данных", false) == true): null

14-01-2025T10:31:48 - [MESSAGE][PASSED] - Text 'Ошибка запроса данных' is not present on page

14-01-2025T10:31:48 - [TEST_STEP][PASSED] - if (verifyTextNotPresent("Произошла ошибка при выполнении пользовательского кода", false) == true): null

14-01-2025T10:31:49 - [MESSAGE][PASSED] - Text 'Произошла ошибка при выполнении пользовательского кода' is not present on page

14-01-2025T10:31:49 - [TEST_STEP][PASSED] - if (verifyTextNotPresent("У виджета нет данных", false) == true): null

14-01-2025T10:31:49 - [MESSAGE][PASSED] - Text 'У виджета нет данных' is not present on page

14-01-2025T10:31:49 - [TEST_STEP][PASSED] - if (verifyTextNotPresent("У виджета нет данных", false) == true): Text 'У виджета нет данных' is not present on page

14-01-2025T10:31:50 - [MESSAGE][PASSED] - Text 'У виджета нет данных' is not present on page

14-01-2025T10:31:50 - [TEST_STEP][PASSED] - click(findTestObject("Факторный анализ/Переключить отображение с филиала на месяц")): Object: 'Object Repository/Факторный анализ/Переключить отображение с филиала на месяц' is clicked on

14-01-2025T10:31:50 - [MESSAGE][PASSED] - Object: 'Object Repository/Факторный анализ/Переключить отображение с филиала на месяц' is clicked on

14-01-2025T10:31:50 - [TEST_STEP][PASSED] - typeOfData = "Месяц": null

14-01-2025T10:31:50 - [TEST_STEP][PASSED] - Script1687405718449.Test(todaysDate, typeOfData): null

14-01-2025T10:31:50 - [TEST_STEP][PASSED] - delay(10): Delayed 10 second(s)

14-01-2025T10:32:00 - [MESSAGE][PASSED] - Delayed 10 second(s)

14-01-2025T10:32:00 - [TEST_STEP][PASSED] - if (verifyTextNotPresent("нет данных", false) == true): null

14-01-2025T10:32:00 - [MESSAGE][PASSED] - Text 'нет данных' is not present on page

14-01-2025T10:32:00 - [TEST_STEP][PASSED] - if (verifyTextNotPresent("Ошибка запроса данных", false) == true): null

14-01-2025T10:32:01 - [MESSAGE][PASSED] - Text 'Ошибка запроса данных' is not present on page

14-01-2025T10:32:01 - [TEST_STEP][PASSED] - if (verifyTextNotPresent("Произошла ошибка при выполнении пользовательского кода", false) == true): null

14-01-2025T10:32:01 - [MESSAGE][PASSED] - Text 'Произошла ошибка при выполнении пользовательского кода' is not present on page

14-01-2025T10:32:01 - [TEST_STEP][PASSED] - if (verifyTextNotPresent("У виджета нет данных", false) == true): null

14-01-2025T10:32:02 - [MESSAGE][PASSED] - Text 'У виджета нет данных' is not present on page

14-01-2025T10:32:02 - [TEST_STEP][PASSED] - if (verifyTextNotPresent("У виджета нет данных", false) == true): Text 'У виджета нет данных' is not present on page

14-01-2025T10:32:02 - [MESSAGE][PASSED] - Text 'У виджета нет данных' is not present on page

14-01-2025T10:32:02 - [TEST_STEP][PASSED] - click(findTestObject("Факторный анализ/Переключить отображение с месяца на филиал")): Object: 'Object Repository/Факторный анализ/Переключить отображение с месяца на филиал' is clicked on

14-01-2025T10:32:03 - [MESSAGE][PASSED] - Object: 'Object Repository/Факторный анализ/Переключить отображение с месяца на филиал' is clicked on

14-01-2025T10:32:03 - [TEST_STEP][PASSED] - click(findTestObject("Факторный анализ/Фильтр ДЗО")): Object: 'Object Repository/Факторный анализ/Фильтр ДЗО' is clicked on

14-01-2025T10:32:03 - [MESSAGE][PASSED] - Object: 'Object Repository/Факторный анализ/Фильтр ДЗО' is clicked on

14-01-2025T10:32:03 - [TEST_STEP][PASSED] - click(findTestObject("Факторный анализ/Снять выделение в фильтре ДЗО")): Object: 'Object Repository/Факторный анализ/Снять выделение в фильтре ДЗО' is clicked on

14-01-2025T10:32:04 - [MESSAGE][PASSED] - Object: 'Object Repository/Факторный анализ/Снять выделение в фильтре ДЗО' is clicked on

14-01-2025T10:32:04 - [TEST_STEP][PASSED] - scrollToElement(findTestObject("Общие объекты/Тулэнерго"), 30): Scroll to object 'Object Repository/Общие объекты/Тулэнерго' successfully

14-01-2025T10:32:04 - [MESSAGE][PASSED] - Scroll to object 'Object Repository/Общие объекты/Тулэнерго' successfully

14-01-2025T10:32:04 - [TEST_STEP][PASSED] - click(findTestObject("Общие объекты/Тулэнерго")): Object: 'Object Repository/Общие объекты/Тулэнерго' is clicked on

14-01-2025T10:32:04 - [MESSAGE][PASSED] - Object: 'Object Repository/Общие объекты/Тулэнерго' is clicked on

14-01-2025T10:32:04 - [TEST_STEP][PASSED] - Script1687405718449.Change(todaysDate, typeOfData): null

14-01-2025T10:32:04 - [TEST_STEP][PASSED] - scrollToElement(findTestObject("Факторный анализ/Заголовок дашборда"), 30): Scroll to object 'Object Repository/Факторный анализ/Заголовок дашборда' successfully

14-01-2025T10:32:05 - [MESSAGE][PASSED] - Scroll to object 'Object Repository/Факторный анализ/Заголовок дашборда' successfully

14-01-2025T10:32:05 - [TEST_STEP][PASSED] - click(findTestObject("Факторный анализ/Применить в фильтре ДЗО")): Object: 'Object Repository/Факторный анализ/Применить в фильтре ДЗО' is clicked on

14-01-2025T10:32:05 - [MESSAGE][PASSED] - Object: 'Object Repository/Факторный анализ/Применить в фильтре ДЗО' is clicked on

14-01-2025T10:32:05 - [TEST_STEP][PASSED] - typeOfData = "Филиал": null

14-01-2025T10:32:05 - [TEST_STEP][PASSED] - Script1687405718449.Test(todaysDate, typeOfData): null

14-01-2025T10:32:05 - [TEST_STEP][PASSED] - delay(10): Delayed 10 second(s)

14-01-2025T10:32:15 - [MESSAGE][PASSED] - Delayed 10 second(s)

14-01-2025T10:32:15 - [TEST_STEP][PASSED] - if (verifyTextNotPresent("нет данных", false) == true): null

14-01-2025T10:32:16 - [MESSAGE][PASSED] - Text 'нет данных' is not present on page

14-01-2025T10:32:16 - [TEST_STEP][PASSED] - if (verifyTextNotPresent("Ошибка запроса данных", false) == true): null

14-01-2025T10:32:16 - [MESSAGE][PASSED] - Text 'Ошибка запроса данных' is not present on page

14-01-2025T10:32:16 - [TEST_STEP][PASSED] - if (verifyTextNotPresent("Произошла ошибка при выполнении пользовательского кода", false) == true): null

14-01-2025T10:32:17 - [MESSAGE][PASSED] - Text 'Произошла ошибка при выполнении пользовательского кода' is not present on page

14-01-2025T10:32:17 - [TEST_STEP][PASSED] - if (verifyTextNotPresent("У виджета нет данных", false) == true): null

14-01-2025T10:32:17 - [MESSAGE][PASSED] - Text 'У виджета нет данных' is not present on page

14-01-2025T10:32:17 - [TEST_STEP][PASSED] - if (verifyTextNotPresent("У виджета нет данных", false) == true): Text 'У виджета нет данных' is not present on page

14-01-2025T10:32:18 - [MESSAGE][PASSED] - Text 'У виджета нет данных' is not present on page

14-01-2025T10:32:18 - [TEST_STEP][PASSED] - click(findTestObject("Факторный анализ/Переключить отображение с филиала на месяц")): Object: 'Object Repository/Факторный анализ/Переключить отображение с филиала на месяц' is clicked on

14-01-2025T10:32:18 - [MESSAGE][PASSED] - Object: 'Object Repository/Факторный анализ/Переключить отображение с филиала на месяц' is clicked on

14-01-2025T10:32:18 - [TEST_STEP][PASSED] - typeOfData = "Месяц": null

14-01-2025T10:32:18 - [TEST_STEP][PASSED] - Script1687405718449.Test(todaysDate, typeOfData): null

14-01-2025T10:32:18 - [TEST_STEP][PASSED] - delay(10): Delayed 10 second(s)

14-01-2025T10:32:28 - [MESSAGE][PASSED] - Delayed 10 second(s)

14-01-2025T10:32:28 - [TEST_STEP][PASSED] - if (verifyTextNotPresent("нет данных", false) == true): null

14-01-2025T10:32:29 - [MESSAGE][PASSED] - Text 'нет данных' is not present on page

14-01-2025T10:32:29 - [TEST_STEP][PASSED] - if (verifyTextNotPresent("Ошибка запроса данных", false) == true): null

14-01-2025T10:32:29 - [MESSAGE][PASSED] - Text 'Ошибка запроса данных' is not present on page

14-01-2025T10:32:29 - [TEST_STEP][PASSED] - if (verifyTextNotPresent("Произошла ошибка при выполнении пользовательского кода", false) == true): null

14-01-2025T10:32:30 - [MESSAGE][PASSED] - Text 'Произошла ошибка при выполнении пользовательского кода' is not present on page

14-01-2025T10:32:30 - [TEST_STEP][PASSED] - if (verifyTextNotPresent("У виджета нет данных", false) == true): null

14-01-2025T10:32:30 - [MESSAGE][PASSED] - Text 'У виджета нет данных' is not present on page

14-01-2025T10:32:30 - [TEST_STEP][PASSED] - if (verifyTextNotPresent("У виджета нет данных", false) == true): Text 'У виджета нет данных' is not present on page

14-01-2025T10:32:31 - [MESSAGE][PASSED] - Text 'У виджета нет данных' is not present on page

14-01-2025T10:32:31 - [TEST_STEP][PASSED] - click(findTestObject("Факторный анализ/Переключить отображение с месяца на филиал")): Object: 'Object Repository/Факторный анализ/Переключить отображение с месяца на филиал' is clicked on

14-01-2025T10:32:31 - [MESSAGE][PASSED] - Object: 'Object Repository/Факторный анализ/Переключить отображение с месяца на филиал' is clicked on

14-01-2025T10:32:31 - [TEST_STEP][PASSED] - click(findTestObject("Факторный анализ/Фильтр ДЗО")): Object: 'Object Repository/Факторный анализ/Фильтр ДЗО' is clicked on

14-01-2025T10:32:31 - [MESSAGE][PASSED] - Object: 'Object Repository/Факторный анализ/Фильтр ДЗО' is clicked on

14-01-2025T10:32:31 - [TEST_STEP][PASSED] - click(findTestObject("Факторный анализ/Снять выделение в фильтре ДЗО")): Object: 'Object Repository/Факторный анализ/Снять выделение в фильтре ДЗО' is clicked on

14-01-2025T10:32:32 - [MESSAGE][PASSED] - Object: 'Object Repository/Факторный анализ/Снять выделение в фильтре ДЗО' is clicked on

14-01-2025T10:32:32 - [TEST_STEP][PASSED] - scrollToElement(findTestObject("Общие объекты/Удмуртэнерго"), 30): Scroll to object 'Object Repository/Общие объекты/Удмуртэнерго' successfully

14-01-2025T10:32:32 - [MESSAGE][PASSED] - Scroll to object 'Object Repository/Общие объекты/Удмуртэнерго' successfully

14-01-2025T10:32:32 - [TEST_STEP][PASSED] - click(findTestObject("Общие объекты/Удмуртэнерго")): Object: 'Object Repository/Общие объекты/Удмуртэнерго' is clicked on

14-01-2025T10:32:32 - [MESSAGE][PASSED] - Object: 'Object Repository/Общие объекты/Удмуртэнерго' is clicked on

14-01-2025T10:32:32 - [TEST_STEP][PASSED] - Script1687405718449.Change(todaysDate, typeOfData): null

14-01-2025T10:32:32 - [TEST_STEP][PASSED] - scrollToElement(findTestObject("Факторный анализ/Заголовок дашборда"), 30): Scroll to object 'Object Repository/Факторный анализ/Заголовок дашборда' successfully

14-01-2025T10:32:33 - [MESSAGE][PASSED] - Scroll to object 'Object Repository/Факторный анализ/Заголовок дашборда' successfully

14-01-2025T10:32:33 - [TEST_STEP][PASSED] - click(findTestObject("Факторный анализ/Применить в фильтре ДЗО")): Object: 'Object Repository/Факторный анализ/Применить в фильтре ДЗО' is clicked on

14-01-2025T10:32:33 - [MESSAGE][PASSED] - Object: 'Object Repository/Факторный анализ/Применить в фильтре ДЗО' is clicked on

14-01-2025T10:32:33 - [TEST_STEP][PASSED] - typeOfData = "Филиал": null

14-01-2025T10:32:33 - [TEST_STEP][PASSED] - Script1687405718449.Test(todaysDate, typeOfData): null

14-01-2025T10:32:33 - [TEST_STEP][PASSED] - delay(10): Delayed 10 second(s)

14-01-2025T10:32:43 - [MESSAGE][PASSED] - Delayed 10 second(s)

14-01-2025T10:32:43 - [TEST_STEP][PASSED] - if (verifyTextNotPresent("нет данных", false) == true): null

14-01-2025T10:32:44 - [MESSAGE][PASSED] - Text 'нет данных' is not present on page

14-01-2025T10:32:44 - [TEST_STEP][PASSED] - if (verifyTextNotPresent("Ошибка запроса данных", false) == true): null

14-01-2025T10:32:44 - [MESSAGE][PASSED] - Text 'Ошибка запроса данных' is not present on page

14-01-2025T10:32:44 - [TEST_STEP][PASSED] - if (verifyTextNotPresent("Произошла ошибка при выполнении пользовательского кода", false) == true): null

14-01-2025T10:32:45 - [MESSAGE][PASSED] - Text 'Произошла ошибка при выполнении пользовательского кода' is not present on page

14-01-2025T10:32:45 - [TEST_STEP][PASSED] - if (verifyTextNotPresent("У виджета нет данных", false) == true): null

14-01-2025T10:32:45 - [MESSAGE][PASSED] - Text 'У виджета нет данных' is not present on page

14-01-2025T10:32:45 - [TEST_STEP][PASSED] - if (verifyTextNotPresent("У виджета нет данных", false) == true): Text 'У виджета нет данных' is not present on page

14-01-2025T10:32:46 - [MESSAGE][PASSED] - Text 'У виджета нет данных' is not present on page

14-01-2025T10:32:46 - [TEST_STEP][PASSED] - click(findTestObject("Факторный анализ/Переключить отображение с филиала на месяц")): Object: 'Object Repository/Факторный анализ/Переключить отображение с филиала на месяц' is clicked on

14-01-2025T10:32:46 - [MESSAGE][PASSED] - Object: 'Object Repository/Факторный анализ/Переключить отображение с филиала на месяц' is clicked on

14-01-2025T10:32:46 - [TEST_STEP][PASSED] - typeOfData = "Месяц": null

14-01-2025T10:32:46 - [TEST_STEP][PASSED] - Script1687405718449.Test(todaysDate, typeOfData): null

14-01-2025T10:32:46 - [TEST_STEP][PASSED] - delay(10): Delayed 10 second(s)

14-01-2025T10:32:56 - [MESSAGE][PASSED] - Delayed 10 second(s)

14-01-2025T10:32:56 - [TEST_STEP][PASSED] - if (verifyTextNotPresent("нет данных", false) == true): null

14-01-2025T10:32:57 - [MESSAGE][PASSED] - Text 'нет данных' is not present on page

14-01-2025T10:32:57 - [TEST_STEP][PASSED] - if (verifyTextNotPresent("Ошибка запроса данных", false) == true): null

14-01-2025T10:32:57 - [MESSAGE][PASSED] - Text 'Ошибка запроса данных' is not present on page

14-01-2025T10:32:57 - [TEST_STEP][PASSED] - if (verifyTextNotPresent("Произошла ошибка при выполнении пользовательского кода", false) == true): null

14-01-2025T10:32:58 - [MESSAGE][PASSED] - Text 'Произошла ошибка при выполнении пользовательского кода' is not present on page

14-01-2025T10:32:58 - [TEST_STEP][PASSED] - if (verifyTextNotPresent("У виджета нет данных", false) == true): null

14-01-2025T10:32:58 - [MESSAGE][PASSED] - Text 'У виджета нет данных' is not present on page

14-01-2025T10:32:58 - [TEST_STEP][PASSED] - if (verifyTextNotPresent("У виджета нет данных", false) == true): Text 'У виджета нет данных' is not present on page

14-01-2025T10:32:59 - [MESSAGE][PASSED] - Text 'У виджета нет данных' is not present on page

14-01-2025T10:32:59 - [TEST_STEP][PASSED] - click(findTestObject("Факторный анализ/Переключить отображение с месяца на филиал")): Object: 'Object Repository/Факторный анализ/Переключить отображение с месяца на филиал' is clicked on

14-01-2025T10:32:59 - [MESSAGE][PASSED] - Object: 'Object Repository/Факторный анализ/Переключить отображение с месяца на филиал' is clicked on

14-01-2025T10:32:59 - [TEST_STEP][PASSED] - click(findTestObject("Факторный анализ/Фильтр ДЗО")): Object: 'Object Repository/Факторный анализ/Фильтр ДЗО' is clicked on

14-01-2025T10:32:59 - [MESSAGE][PASSED] - Object: 'Object Repository/Факторный анализ/Фильтр ДЗО' is clicked on

14-01-2025T10:32:59 - [TEST_STEP][PASSED] - click(findTestObject("Факторный анализ/Снять выделение в фильтре ДЗО")): Object: 'Object Repository/Факторный анализ/Снять выделение в фильтре ДЗО' is clicked on

14-01-2025T10:33:00 - [MESSAGE][PASSED] - Object: 'Object Repository/Факторный анализ/Снять выделение в фильтре ДЗО' is clicked on

14-01-2025T10:33:00 - [TEST_STEP][PASSED] - scrollToElement(findTestObject("Общие объекты/Раскрыть список Россети Юг"), 30): Scroll to object 'Object Repository/Общие объекты/Раскрыть список Россети Юг' successfully

14-01-2025T10:33:00 - [MESSAGE][PASSED] - Scroll to object 'Object Repository/Общие объекты/Раскрыть список Россети Юг' successfully

14-01-2025T10:33:00 - [TEST_STEP][PASSED] - click(findTestObject("Факторный анализ/Россети Юг")): Object: 'Object Repository/Факторный анализ/Россети Юг' is clicked on

14-01-2025T10:33:00 - [MESSAGE][PASSED] - Object: 'Object Repository/Факторный анализ/Россети Юг' is clicked on

14-01-2025T10:33:00 - [TEST_STEP][PASSED] - Script1687405718449.Change(todaysDate, typeOfData): null

14-01-2025T10:33:00 - [TEST_STEP][PASSED] - scrollToElement(findTestObject("Факторный анализ/Заголовок дашборда"), 30): Scroll to object 'Object Repository/Факторный анализ/Заголовок дашборда' successfully

14-01-2025T10:33:01 - [MESSAGE][PASSED] - Scroll to object 'Object Repository/Факторный анализ/Заголовок дашборда' successfully

14-01-2025T10:33:01 - [TEST_STEP][PASSED] - click(findTestObject("Факторный анализ/Применить в фильтре ДЗО")): Object: 'Object Repository/Факторный анализ/Применить в фильтре ДЗО' is clicked on

14-01-2025T10:33:01 - [MESSAGE][PASSED] - Object: 'Object Repository/Факторный анализ/Применить в фильтре ДЗО' is clicked on

14-01-2025T10:33:01 - [TEST_STEP][PASSED] - typeOfData = "Филиал": null

14-01-2025T10:33:01 - [TEST_STEP][PASSED] - Script1687405718449.Test(todaysDate, typeOfData): null

14-01-2025T10:33:01 - [TEST_STEP][PASSED] - delay(10): Delayed 10 second(s)

14-01-2025T10:33:11 - [MESSAGE][PASSED] - Delayed 10 second(s)

14-01-2025T10:33:11 - [TEST_STEP][PASSED] - if (verifyTextNotPresent("нет данных", false) == true): null

14-01-2025T10:33:12 - [MESSAGE][PASSED] - Text 'нет данных' is not present on page

14-01-2025T10:33:12 - [TEST_STEP][PASSED] - if (verifyTextNotPresent("Ошибка запроса данных", false) == true): null

14-01-2025T10:33:12 - [MESSAGE][PASSED] - Text 'Ошибка запроса данных' is not present on page

14-01-2025T10:33:12 - [TEST_STEP][PASSED] - if (verifyTextNotPresent("Произошла ошибка при выполнении пользовательского кода", false) == true): null

14-01-2025T10:33:13 - [MESSAGE][PASSED] - Text 'Произошла ошибка при выполнении пользовательского кода' is not present on page

14-01-2025T10:33:13 - [TEST_STEP][PASSED] - if (verifyTextNotPresent("У виджета нет данных", false) == true): null

14-01-2025T10:33:13 - [MESSAGE][PASSED] - Text 'У виджета нет данных' is not present on page

14-01-2025T10:33:13 - [TEST_STEP][PASSED] - if (verifyTextNotPresent("У виджета нет данных", false) == true): Text 'У виджета нет данных' is not present on page

14-01-2025T10:33:14 - [MESSAGE][PASSED] - Text 'У виджета нет данных' is not present on page

14-01-2025T10:33:14 - [TEST_STEP][PASSED] - click(findTestObject("Факторный анализ/Переключить отображение с филиала на месяц")): Object: 'Object Repository/Факторный анализ/Переключить отображение с филиала на месяц' is clicked on

14-01-2025T10:33:14 - [MESSAGE][PASSED] - Object: 'Object Repository/Факторный анализ/Переключить отображение с филиала на месяц' is clicked on

14-01-2025T10:33:14 - [TEST_STEP][PASSED] - typeOfData = "Месяц": null

14-01-2025T10:33:14 - [TEST_STEP][PASSED] - Script1687405718449.Test(todaysDate, typeOfData): null

14-01-2025T10:33:14 - [TEST_STEP][PASSED] - delay(10): Delayed 10 second(s)

14-01-2025T10:33:24 - [MESSAGE][PASSED] - Delayed 10 second(s)

14-01-2025T10:33:24 - [TEST_STEP][PASSED] - if (verifyTextNotPresent("нет данных", false) == true): null

14-01-2025T10:33:25 - [MESSAGE][PASSED] - Text 'нет данных' is not present on page

14-01-2025T10:33:25 - [TEST_STEP][PASSED] - if (verifyTextNotPresent("Ошибка запроса данных", false) == true): null

14-01-2025T10:33:25 - [MESSAGE][PASSED] - Text 'Ошибка запроса данных' is not present on page

14-01-2025T10:33:25 - [TEST_STEP][PASSED] - if (verifyTextNotPresent("Произошла ошибка при выполнении пользовательского кода", false) == true): null

14-01-2025T10:33:26 - [MESSAGE][PASSED] - Text 'Произошла ошибка при выполнении пользовательского кода' is not present on page

14-01-2025T10:33:26 - [TEST_STEP][PASSED] - if (verifyTextNotPresent("У виджета нет данных", false) == true): null

14-01-2025T10:33:26 - [MESSAGE][PASSED] - Text 'У виджета нет данных' is not present on page

14-01-2025T10:33:26 - [TEST_STEP][PASSED] - if (verifyTextNotPresent("У виджета нет данных", false) == true): Text 'У виджета нет данных' is not present on page

14-01-2025T10:33:27 - [MESSAGE][PASSED] - Text 'У виджета нет данных' is not present on page

14-01-2025T10:33:27 - [TEST_STEP][PASSED] - click(findTestObject("Факторный анализ/Переключить отображение с месяца на филиал")): Object: 'Object Repository/Факторный анализ/Переключить отображение с месяца на филиал' is clicked on

14-01-2025T10:33:27 - [MESSAGE][PASSED] - Object: 'Object Repository/Факторный анализ/Переключить отображение с месяца на филиал' is clicked on

14-01-2025T10:33:27 - [TEST_STEP][PASSED] - click(findTestObject("Факторный анализ/Фильтр ДЗО")): Object: 'Object Repository/Факторный анализ/Фильтр ДЗО' is clicked on

14-01-2025T10:33:27 - [MESSAGE][PASSED] - Object: 'Object Repository/Факторный анализ/Фильтр ДЗО' is clicked on

14-01-2025T10:33:27 - [TEST_STEP][PASSED] - click(findTestObject("Факторный анализ/Снять выделение в фильтре ДЗО")): Object: 'Object Repository/Факторный анализ/Снять выделение в фильтре ДЗО' is clicked on

14-01-2025T10:33:28 - [MESSAGE][PASSED] - Object: 'Object Repository/Факторный анализ/Снять выделение в фильтре ДЗО' is clicked on

14-01-2025T10:33:28 - [TEST_STEP][PASSED] - scrollToElement(findTestObject("Общие объекты/Раскрыть список Россети Юг"), 30): Scroll to object 'Object Repository/Общие объекты/Раскрыть список Россети Юг' successfully

14-01-2025T10:33:28 - [MESSAGE][PASSED] - Scroll to object 'Object Repository/Общие объекты/Раскрыть список Россети Юг' successfully

14-01-2025T10:33:28 - [TEST_STEP][PASSED] - click(findTestObject("Общие объекты/Раскрыть список Россети Юг")): Object: 'Object Repository/Общие объекты/Раскрыть список Россети Юг' is clicked on

14-01-2025T10:33:29 - [MESSAGE][PASSED] - Object: 'Object Repository/Общие объекты/Раскрыть список Россети Юг' is clicked on

14-01-2025T10:33:29 - [TEST_STEP][PASSED] - click(findTestObject("Общие объекты/Раскрыть список Россети Юг")): Object: 'Object Repository/Общие объекты/Раскрыть список Россети Юг' is clicked on

14-01-2025T10:33:29 - [MESSAGE][PASSED] - Object: 'Object Repository/Общие объекты/Раскрыть список Россети Юг' is clicked on

14-01-2025T10:33:29 - [TEST_STEP][PASSED] - scrollToElement(findTestObject("Общие объекты/ВМЭС"), 30): Scroll to object 'Object Repository/Общие объекты/ВМЭС' successfully

14-01-2025T10:33:30 - [MESSAGE][PASSED] - Scroll to object 'Object Repository/Общие объекты/ВМЭС' successfully

14-01-2025T10:33:30 - [TEST_STEP][PASSED] - click(findTestObject("Общие объекты/ВМЭС")): Object: 'Object Repository/Общие объекты/ВМЭС' is clicked on

14-01-2025T10:33:30 - [MESSAGE][PASSED] - Object: 'Object Repository/Общие объекты/ВМЭС' is clicked on

14-01-2025T10:33:30 - [TEST_STEP][PASSED] - Script1687405718449.Change(todaysDate, typeOfData): null

14-01-2025T10:33:30 - [TEST_STEP][PASSED] - scrollToElement(findTestObject("Факторный анализ/Заголовок дашборда"), 30): Scroll to object 'Object Repository/Факторный анализ/Заголовок дашборда' successfully

14-01-2025T10:33:31 - [MESSAGE][PASSED] - Scroll to object 'Object Repository/Факторный анализ/Заголовок дашборда' successfully

14-01-2025T10:33:31 - [TEST_STEP][PASSED] - click(findTestObject("Факторный анализ/Применить в фильтре ДЗО")): Object: 'Object Repository/Факторный анализ/Применить в фильтре ДЗО' is clicked on

14-01-2025T10:33:31 - [MESSAGE][PASSED] - Object: 'Object Repository/Факторный анализ/Применить в фильтре ДЗО' is clicked on

14-01-2025T10:33:31 - [TEST_STEP][PASSED] - typeOfData = "Филиал": null

14-01-2025T10:33:31 - [TEST_STEP][PASSED] - Script1687405718449.Test(todaysDate, typeOfData): null

14-01-2025T10:33:31 - [TEST_STEP][PASSED] - delay(10): Delayed 10 second(s)

14-01-2025T10:33:41 - [MESSAGE][PASSED] - Delayed 10 second(s)

14-01-2025T10:33:41 - [TEST_STEP][PASSED] - if (verifyTextNotPresent("нет данных", false) == true): null

14-01-2025T10:33:42 - [MESSAGE][PASSED] - Text 'нет данных' is not present on page

14-01-2025T10:33:42 - [TEST_STEP][PASSED] - if (verifyTextNotPresent("Ошибка запроса данных", false) == true): null

14-01-2025T10:33:42 - [MESSAGE][PASSED] - Text 'Ошибка запроса данных' is not present on page

14-01-2025T10:33:42 - [TEST_STEP][PASSED] - if (verifyTextNotPresent("Произошла ошибка при выполнении пользовательского кода", false) == true): null

14-01-2025T10:33:43 - [MESSAGE][PASSED] - Text 'Произошла ошибка при выполнении пользовательского кода' is not present on page

14-01-2025T10:33:43 - [TEST_STEP][PASSED] - if (verifyTextNotPresent("У виджета нет данных", false) == true): null

14-01-2025T10:33:43 - [MESSAGE][PASSED] - Text 'У виджета нет данных' is not present on page

14-01-2025T10:33:43 - [TEST_STEP][PASSED] - if (verifyTextNotPresent("У виджета нет данных", false) == true): Text 'У виджета нет данных' is not present on page

14-01-2025T10:33:43 - [MESSAGE][PASSED] - Text 'У виджета нет данных' is not present on page

14-01-2025T10:33:43 - [TEST_STEP][PASSED] - click(findTestObject("Факторный анализ/Переключить отображение с филиала на месяц")): Object: 'Object Repository/Факторный анализ/Переключить отображение с филиала на месяц' is clicked on

14-01-2025T10:33:44 - [MESSAGE][PASSED] - Object: 'Object Repository/Факторный анализ/Переключить отображение с филиала на месяц' is clicked on

14-01-2025T10:33:44 - [TEST_STEP][PASSED] - typeOfData = "Месяц": null

14-01-2025T10:33:44 - [TEST_STEP][PASSED] - Script1687405718449.Test(todaysDate, typeOfData): null

14-01-2025T10:33:44 - [TEST_STEP][PASSED] - delay(10): Delayed 10 second(s)

14-01-2025T10:33:54 - [MESSAGE][PASSED] - Delayed 10 second(s)

14-01-2025T10:33:54 - [TEST_STEP][PASSED] - if (verifyTextNotPresent("нет данных", false) == true): null

14-01-2025T10:33:54 - [MESSAGE][PASSED] - Text 'нет данных' is not present on page

14-01-2025T10:33:54 - [TEST_STEP][PASSED] - if (verifyTextNotPresent("Ошибка запроса данных", false) == true): null

14-01-2025T10:33:55 - [MESSAGE][PASSED] - Text 'Ошибка запроса данных' is not present on page

14-01-2025T10:33:55 - [TEST_STEP][PASSED] - if (verifyTextNotPresent("Произошла ошибка при выполнении пользовательского кода", false) == true): null

14-01-2025T10:33:55 - [MESSAGE][PASSED] - Text 'Произошла ошибка при выполнении пользовательского кода' is not present on page

14-01-2025T10:33:55 - [TEST_STEP][PASSED] - if (verifyTextNotPresent("У виджета нет данных", false) == true): null

14-01-2025T10:33:56 - [MESSAGE][PASSED] - Text 'У виджета нет данных' is not present on page

14-01-2025T10:33:56 - [TEST_STEP][PASSED] - if (verifyTextNotPresent("У виджета нет данных", false) == true): Text 'У виджета нет данных' is not present on page

14-01-2025T10:33:56 - [MESSAGE][PASSED] - Text 'У виджета нет данных' is not present on page

14-01-2025T10:33:56 - [TEST_STEP][PASSED] - click(findTestObject("Факторный анализ/Переключить отображение с месяца на филиал")): Object: 'Object Repository/Факторный анализ/Переключить отображение с месяца на филиал' is clicked on

14-01-2025T10:33:57 - [MESSAGE][PASSED] - Object: 'Object Repository/Факторный анализ/Переключить отображение с месяца на филиал' is clicked on

14-01-2025T10:33:57 - [TEST_STEP][PASSED] - click(findTestObject("Факторный анализ/Фильтр ДЗО")): Object: 'Object Repository/Факторный анализ/Фильтр ДЗО' is clicked on

14-01-2025T10:33:57 - [MESSAGE][PASSED] - Object: 'Object Repository/Факторный анализ/Фильтр ДЗО' is clicked on

14-01-2025T10:33:57 - [TEST_STEP][PASSED] - click(findTestObject("Факторный анализ/Снять выделение в фильтре ДЗО")): Object: 'Object Repository/Факторный анализ/Снять выделение в фильтре ДЗО' is clicked on

14-01-2025T10:33:57 - [MESSAGE][PASSED] - Object: 'Object Repository/Факторный анализ/Снять выделение в фильтре ДЗО' is clicked on

14-01-2025T10:33:57 - [TEST_STEP][PASSED] - scrollToElement(findTestObject("Общие объекты/Астраханьэнерго"), 30): Scroll to object 'Object Repository/Общие объекты/Астраханьэнерго' successfully

14-01-2025T10:33:58 - [MESSAGE][PASSED] - Scroll to object 'Object Repository/Общие объекты/Астраханьэнерго' successfully

14-01-2025T10:33:58 - [TEST_STEP][PASSED] - click(findTestObject("Общие объекты/Астраханьэнерго")): Object: 'Object Repository/Общие объекты/Астраханьэнерго' is clicked on

14-01-2025T10:33:58 - [MESSAGE][PASSED] - Object: 'Object Repository/Общие объекты/Астраханьэнерго' is clicked on

14-01-2025T10:33:58 - [TEST_STEP][PASSED] - Script1687405718449.Change(todaysDate, typeOfData): null

14-01-2025T10:33:58 - [TEST_STEP][PASSED] - scrollToElement(findTestObject("Факторный анализ/Заголовок дашборда"), 30): Scroll to object 'Object Repository/Факторный анализ/Заголовок дашборда' successfully

14-01-2025T10:33:59 - [MESSAGE][PASSED] - Scroll to object 'Object Repository/Факторный анализ/Заголовок дашборда' successfully

14-01-2025T10:33:59 - [TEST_STEP][PASSED] - click(findTestObject("Факторный анализ/Применить в фильтре ДЗО")): Object: 'Object Repository/Факторный анализ/Применить в фильтре ДЗО' is clicked on

14-01-2025T10:33:59 - [MESSAGE][PASSED] - Object: 'Object Repository/Факторный анализ/Применить в фильтре ДЗО' is clicked on

14-01-2025T10:33:59 - [TEST_STEP][PASSED] - typeOfData = "Филиал": null

14-01-2025T10:33:59 - [TEST_STEP][PASSED] - Script1687405718449.Test(todaysDate, typeOfData): null

14-01-2025T10:33:59 - [TEST_STEP][PASSED] - delay(10): Delayed 10 second(s)

14-01-2025T10:34:09 - [MESSAGE][PASSED] - Delayed 10 second(s)

14-01-2025T10:34:09 - [TEST_STEP][PASSED] - if (verifyTextNotPresent("нет данных", false) == true): null

14-01-2025T10:34:10 - [MESSAGE][PASSED] - Text 'нет данных' is not present on page

14-01-2025T10:34:10 - [TEST_STEP][PASSED] - if (verifyTextNotPresent("Ошибка запроса данных", false) == true): null

14-01-2025T10:34:10 - [MESSAGE][PASSED] - Text 'Ошибка запроса данных' is not present on page

14-01-2025T10:34:10 - [TEST_STEP][PASSED] - if (verifyTextNotPresent("Произошла ошибка при выполнении пользовательского кода", false) == true): null

14-01-2025T10:34:11 - [MESSAGE][PASSED] - Text 'Произошла ошибка при выполнении пользовательского кода' is not present on page

14-01-2025T10:34:11 - [TEST_STEP][PASSED] - if (verifyTextNotPresent("У виджета нет данных", false) == true): null

14-01-2025T10:34:11 - [MESSAGE][PASSED] - Text 'У виджета нет данных' is not present on page

14-01-2025T10:34:11 - [TEST_STEP][PASSED] - if (verifyTextNotPresent("У виджета нет данных", false) == true): Text 'У виджета нет данных' is not present on page

14-01-2025T10:34:12 - [MESSAGE][PASSED] - Text 'У виджета нет данных' is not present on page

14-01-2025T10:34:12 - [TEST_STEP][PASSED] - click(findTestObject("Факторный анализ/Переключить отображение с филиала на месяц")): Object: 'Object Repository/Факторный анализ/Переключить отображение с филиала на месяц' is clicked on

14-01-2025T10:34:12 - [MESSAGE][PASSED] - Object: 'Object Repository/Факторный анализ/Переключить отображение с филиала на месяц' is clicked on

14-01-2025T10:34:12 - [TEST_STEP][PASSED] - typeOfData = "Месяц": null

14-01-2025T10:34:12 - [TEST_STEP][PASSED] - Script1687405718449.Test(todaysDate, typeOfData): null

14-01-2025T10:34:12 - [TEST_STEP][PASSED] - delay(10): Delayed 10 second(s)

14-01-2025T10:34:22 - [MESSAGE][PASSED] - Delayed 10 second(s)

14-01-2025T10:34:22 - [TEST_STEP][PASSED] - if (verifyTextNotPresent("нет данных", false) == true): null

14-01-2025T10:34:22 - [MESSAGE][PASSED] - Text 'нет данных' is not present on page

14-01-2025T10:34:22 - [TEST_STEP][PASSED] - if (verifyTextNotPresent("Ошибка запроса данных", false) == true): null

14-01-2025T10:34:23 - [MESSAGE][PASSED] - Text 'Ошибка запроса данных' is not present on page

14-01-2025T10:34:23 - [TEST_STEP][PASSED] - if (verifyTextNotPresent("Произошла ошибка при выполнении пользовательского кода", false) == true): null

14-01-2025T10:34:23 - [MESSAGE][PASSED] - Text 'Произошла ошибка при выполнении пользовательского кода' is not present on page

14-01-2025T10:34:23 - [TEST_STEP][PASSED] - if (verifyTextNotPresent("У виджета нет данных", false) == true): null

14-01-2025T10:34:24 - [MESSAGE][PASSED] - Text 'У виджета нет данных' is not present on page

14-01-2025T10:34:24 - [TEST_STEP][PASSED] - if (verifyTextNotPresent("У виджета нет данных", false) == true): Text 'У виджета нет данных' is not present on page

14-01-2025T10:34:24 - [MESSAGE][PASSED] - Text 'У виджета нет данных' is not present on page

14-01-2025T10:34:24 - [TEST_STEP][PASSED] - click(findTestObject("Факторный анализ/Переключить отображение с месяца на филиал")): Object: 'Object Repository/Факторный анализ/Переключить отображение с месяца на филиал' is clicked on

14-01-2025T10:34:25 - [MESSAGE][PASSED] - Object: 'Object Repository/Факторный анализ/Переключить отображение с месяца на филиал' is clicked on

14-01-2025T10:34:25 - [TEST_STEP][PASSED] - click(findTestObject("Факторный анализ/Фильтр ДЗО")): Object: 'Object Repository/Факторный анализ/Фильтр ДЗО' is clicked on

14-01-2025T10:34:25 - [MESSAGE][PASSED] - Object: 'Object Repository/Факторный анализ/Фильтр ДЗО' is clicked on

14-01-2025T10:34:25 - [TEST_STEP][PASSED] - click(findTestObject("Факторный анализ/Снять выделение в фильтре ДЗО")): Object: 'Object Repository/Факторный анализ/Снять выделение в фильтре ДЗО' is clicked on

14-01-2025T10:34:25 - [MESSAGE][PASSED] - Object: 'Object Repository/Факторный анализ/Снять выделение в фильтре ДЗО' is clicked on

14-01-2025T10:34:25 - [TEST_STEP][PASSED] - scrollToElement(findTestObject("Общие объекты/Волгоградэнерго"), 30): Scroll to object 'Object Repository/Общие объекты/Волгоградэнерго' successfully

14-01-2025T10:34:26 - [MESSAGE][PASSED] - Scroll to object 'Object Repository/Общие объекты/Волгоградэнерго' successfully

14-01-2025T10:34:26 - [TEST_STEP][PASSED] - click(findTestObject("Общие объекты/Волгоградэнерго")): Object: 'Object Repository/Общие объекты/Волгоградэнерго' is clicked on

14-01-2025T10:34:26 - [MESSAGE][PASSED] - Object: 'Object Repository/Общие объекты/Волгоградэнерго' is clicked on

14-01-2025T10:34:26 - [TEST_STEP][PASSED] - Script1687405718449.Change(todaysDate, typeOfData): null

14-01-2025T10:34:26 - [TEST_STEP][PASSED] - scrollToElement(findTestObject("Факторный анализ/Заголовок дашборда"), 30): Scroll to object 'Object Repository/Факторный анализ/Заголовок дашборда' successfully

14-01-2025T10:34:27 - [MESSAGE][PASSED] - Scroll to object 'Object Repository/Факторный анализ/Заголовок дашборда' successfully

14-01-2025T10:34:27 - [TEST_STEP][PASSED] - click(findTestObject("Факторный анализ/Применить в фильтре ДЗО")): Object: 'Object Repository/Факторный анализ/Применить в фильтре ДЗО' is clicked on

14-01-2025T10:34:27 - [MESSAGE][PASSED] - Object: 'Object Repository/Факторный анализ/Применить в фильтре ДЗО' is clicked on

14-01-2025T10:34:27 - [TEST_STEP][PASSED] - typeOfData = "Филиал": null

14-01-2025T10:34:27 - [TEST_STEP][PASSED] - Script1687405718449.Test(todaysDate, typeOfData): null

14-01-2025T10:34:27 - [TEST_STEP][PASSED] - delay(10): Delayed 10 second(s)

14-01-2025T10:34:37 - [MESSAGE][PASSED] - Delayed 10 second(s)

14-01-2025T10:34:37 - [TEST_STEP][PASSED] - if (verifyTextNotPresent("нет данных", false) == true): null

14-01-2025T10:34:38 - [MESSAGE][PASSED] - Text 'нет данных' is not present on page

14-01-2025T10:34:38 - [TEST_STEP][PASSED] - if (verifyTextNotPresent("Ошибка запроса данных", false) == true): null

14-01-2025T10:34:38 - [MESSAGE][PASSED] - Text 'Ошибка запроса данных' is not present on page

14-01-2025T10:34:38 - [TEST_STEP][PASSED] - if (verifyTextNotPresent("Произошла ошибка при выполнении пользовательского кода", false) == true): null

14-01-2025T10:34:39 - [MESSAGE][PASSED] - Text 'Произошла ошибка при выполнении пользовательского кода' is not present on page

14-01-2025T10:34:39 - [TEST_STEP][PASSED] - if (verifyTextNotPresent("У виджета нет данных", false) == true): null

14-01-2025T10:34:39 - [MESSAGE][PASSED] - Text 'У виджета нет данных' is not present on page

14-01-2025T10:34:39 - [TEST_STEP][PASSED] - if (verifyTextNotPresent("У виджета нет данных", false) == true): Text 'У виджета нет данных' is not present on page

14-01-2025T10:34:40 - [MESSAGE][PASSED] - Text 'У виджета нет данных' is not present on page

14-01-2025T10:34:40 - [TEST_STEP][PASSED] - click(findTestObject("Факторный анализ/Переключить отображение с филиала на месяц")): Object: 'Object Repository/Факторный анализ/Переключить отображение с филиала на месяц' is clicked on

14-01-2025T10:34:40 - [MESSAGE][PASSED] - Object: 'Object Repository/Факторный анализ/Переключить отображение с филиала на месяц' is clicked on

14-01-2025T10:34:40 - [TEST_STEP][PASSED] - typeOfData = "Месяц": null

14-01-2025T10:34:40 - [TEST_STEP][PASSED] - Script1687405718449.Test(todaysDate, typeOfData): null

14-01-2025T10:34:40 - [TEST_STEP][PASSED] - delay(10): Delayed 10 second(s)

14-01-2025T10:34:50 - [MESSAGE][PASSED] - Delayed 10 second(s)

14-01-2025T10:34:50 - [TEST_STEP][PASSED] - if (verifyTextNotPresent("нет данных", false) == true): null

14-01-2025T10:34:50 - [MESSAGE][PASSED] - Text 'нет данных' is not present on page

14-01-2025T10:34:50 - [TEST_STEP][PASSED] - if (verifyTextNotPresent("Ошибка запроса данных", false) == true): null

14-01-2025T10:34:51 - [MESSAGE][PASSED] - Text 'Ошибка запроса данных' is not present on page

14-01-2025T10:34:51 - [TEST_STEP][PASSED] - if (verifyTextNotPresent("Произошла ошибка при выполнении пользовательского кода", false) == true): null

14-01-2025T10:34:51 - [MESSAGE][PASSED] - Text 'Произошла ошибка при выполнении пользовательского кода' is not present on page

14-01-2025T10:34:51 - [TEST_STEP][PASSED] - if (verifyTextNotPresent("У виджета нет данных", false) == true): null

14-01-2025T10:34:52 - [MESSAGE][PASSED] - Text 'У виджета нет данных' is not present on page

14-01-2025T10:34:52 - [TEST_STEP][PASSED] - if (verifyTextNotPresent("У виджета нет данных", false) == true): Text 'У виджета нет данных' is not present on page

14-01-2025T10:34:52 - [MESSAGE][PASSED] - Text 'У виджета нет данных' is not present on page

14-01-2025T10:34:52 - [TEST_STEP][PASSED] - click(findTestObject("Факторный анализ/Переключить отображение с месяца на филиал")): Object: 'Object Repository/Факторный анализ/Переключить отображение с месяца на филиал' is clicked on

14-01-2025T10:34:53 - [MESSAGE][PASSED] - Object: 'Object Repository/Факторный анализ/Переключить отображение с месяца на филиал' is clicked on

14-01-2025T10:34:53 - [TEST_STEP][PASSED] - click(findTestObject("Факторный анализ/Фильтр ДЗО")): Object: 'Object Repository/Факторный анализ/Фильтр ДЗО' is clicked on

14-01-2025T10:34:53 - [MESSAGE][PASSED] - Object: 'Object Repository/Факторный анализ/Фильтр ДЗО' is clicked on

14-01-2025T10:34:53 - [TEST_STEP][PASSED] - click(findTestObject("Факторный анализ/Снять выделение в фильтре ДЗО")): Object: 'Object Repository/Факторный анализ/Снять выделение в фильтре ДЗО' is clicked on

14-01-2025T10:34:54 - [MESSAGE][PASSED] - Object: 'Object Repository/Факторный анализ/Снять выделение в фильтре ДЗО' is clicked on

14-01-2025T10:34:54 - [TEST_STEP][PASSED] - scrollToElement(findTestObject("Общие объекты/Калмэнерго"), 30): Scroll to object 'Object Repository/Общие объекты/Калмэнерго' successfully

14-01-2025T10:34:54 - [MESSAGE][PASSED] - Scroll to object 'Object Repository/Общие объекты/Калмэнерго' successfully

14-01-2025T10:34:54 - [TEST_STEP][PASSED] - click(findTestObject("Общие объекты/Калмэнерго")): Object: 'Object Repository/Общие объекты/Калмэнерго' is clicked on

14-01-2025T10:34:54 - [MESSAGE][PASSED] - Object: 'Object Repository/Общие объекты/Калмэнерго' is clicked on

14-01-2025T10:34:54 - [TEST_STEP][PASSED] - Script1687405718449.Change(todaysDate, typeOfData): null

14-01-2025T10:34:54 - [TEST_STEP][PASSED] - scrollToElement(findTestObject("Факторный анализ/Заголовок дашборда"), 30): Scroll to object 'Object Repository/Факторный анализ/Заголовок дашборда' successfully

14-01-2025T10:34:55 - [MESSAGE][PASSED] - Scroll to object 'Object Repository/Факторный анализ/Заголовок дашборда' successfully

14-01-2025T10:34:55 - [TEST_STEP][PASSED] - click(findTestObject("Факторный анализ/Применить в фильтре ДЗО")): Object: 'Object Repository/Факторный анализ/Применить в фильтре ДЗО' is clicked on

14-01-2025T10:34:55 - [MESSAGE][PASSED] - Object: 'Object Repository/Факторный анализ/Применить в фильтре ДЗО' is clicked on

14-01-2025T10:34:55 - [TEST_STEP][PASSED] - typeOfData = "Филиал": null

14-01-2025T10:34:55 - [TEST_STEP][PASSED] - Script1687405718449.Test(todaysDate, typeOfData): null

14-01-2025T10:34:55 - [TEST_STEP][PASSED] - delay(10): Delayed 10 second(s)

14-01-2025T10:35:05 - [MESSAGE][PASSED] - Delayed 10 second(s)

14-01-2025T10:35:05 - [TEST_STEP][PASSED] - if (verifyTextNotPresent("нет данных", false) == true): null

14-01-2025T10:35:06 - [MESSAGE][PASSED] - Text 'нет данных' is not present on page

14-01-2025T10:35:06 - [TEST_STEP][PASSED] - if (verifyTextNotPresent("Ошибка запроса данных", false) == true): null

14-01-2025T10:35:06 - [MESSAGE][PASSED] - Text 'Ошибка запроса данных' is not present on page

14-01-2025T10:35:06 - [TEST_STEP][PASSED] - if (verifyTextNotPresent("Произошла ошибка при выполнении пользовательского кода", false) == true): null

14-01-2025T10:35:07 - [MESSAGE][PASSED] - Text 'Произошла ошибка при выполнении пользовательского кода' is not present on page

14-01-2025T10:35:07 - [TEST_STEP][PASSED] - if (verifyTextNotPresent("У виджета нет данных", false) == true): null

14-01-2025T10:35:07 - [MESSAGE][PASSED] - Text 'У виджета нет данных' is not present on page

14-01-2025T10:35:07 - [TEST_STEP][PASSED] - if (verifyTextNotPresent("У виджета нет данных", false) == true): Text 'У виджета нет данных' is not present on page

14-01-2025T10:35:08 - [MESSAGE][PASSED] - Text 'У виджета нет данных' is not present on page

14-01-2025T10:35:08 - [TEST_STEP][PASSED] - click(findTestObject("Факторный анализ/Переключить отображение с филиала на месяц")): Object: 'Object Repository/Факторный анализ/Переключить отображение с филиала на месяц' is clicked on

14-01-2025T10:35:08 - [MESSAGE][PASSED] - Object: 'Object Repository/Факторный анализ/Переключить отображение с филиала на месяц' is clicked on

14-01-2025T10:35:08 - [TEST_STEP][PASSED] - typeOfData = "Месяц": null

14-01-2025T10:35:08 - [TEST_STEP][PASSED] - Script1687405718449.Test(todaysDate, typeOfData): null

14-01-2025T10:35:08 - [TEST_STEP][PASSED] - delay(10): Delayed 10 second(s)

14-01-2025T10:35:18 - [MESSAGE][PASSED] - Delayed 10 second(s)

14-01-2025T10:35:18 - [TEST_STEP][PASSED] - if (verifyTextNotPresent("нет данных", false) == true): null

14-01-2025T10:35:18 - [MESSAGE][PASSED] - Text 'нет данных' is not present on page

14-01-2025T10:35:18 - [TEST_STEP][PASSED] - if (verifyTextNotPresent("Ошибка запроса данных", false) == true): null

14-01-2025T10:35:19 - [MESSAGE][PASSED] - Text 'Ошибка запроса данных' is not present on page

14-01-2025T10:35:19 - [TEST_STEP][PASSED] - if (verifyTextNotPresent("Произошла ошибка при выполнении пользовательского кода", false) == true): null

14-01-2025T10:35:19 - [MESSAGE][PASSED] - Text 'Произошла ошибка при выполнении пользовательского кода' is not present on page

14-01-2025T10:35:19 - [TEST_STEP][PASSED] - if (verifyTextNotPresent("У виджета нет данных", false) == true): null

14-01-2025T10:35:20 - [MESSAGE][PASSED] - Text 'У виджета нет данных' is not present on page

14-01-2025T10:35:20 - [TEST_STEP][PASSED] - if (verifyTextNotPresent("У виджета нет данных", false) == true): Text 'У виджета нет данных' is not present on page

14-01-2025T10:35:20 - [MESSAGE][PASSED] - Text 'У виджета нет данных' is not present on page

14-01-2025T10:35:20 - [TEST_STEP][PASSED] - click(findTestObject("Факторный анализ/Переключить отображение с месяца на филиал")): Object: 'Object Repository/Факторный анализ/Переключить отображение с месяца на филиал' is clicked on

14-01-2025T10:35:21 - [MESSAGE][PASSED] - Object: 'Object Repository/Факторный анализ/Переключить отображение с месяца на филиал' is clicked on

14-01-2025T10:35:21 - [TEST_STEP][PASSED] - click(findTestObject("Факторный анализ/Фильтр ДЗО")): Object: 'Object Repository/Факторный анализ/Фильтр ДЗО' is clicked on

14-01-2025T10:35:21 - [MESSAGE][PASSED] - Object: 'Object Repository/Факторный анализ/Фильтр ДЗО' is clicked on

14-01-2025T10:35:21 - [TEST_STEP][PASSED] - click(findTestObject("Факторный анализ/Снять выделение в фильтре ДЗО")): Object: 'Object Repository/Факторный анализ/Снять выделение в фильтре ДЗО' is clicked on

14-01-2025T10:35:22 - [MESSAGE][PASSED] - Object: 'Object Repository/Факторный анализ/Снять выделение в фильтре ДЗО' is clicked on

14-01-2025T10:35:22 - [TEST_STEP][PASSED] - scrollToElement(findTestObject("Общие объекты/Ростовэнерго"), 30): Scroll to object 'Object Repository/Общие объекты/Ростовэнерго' successfully

14-01-2025T10:35:22 - [MESSAGE][PASSED] - Scroll to object 'Object Repository/Общие объекты/Ростовэнерго' successfully

14-01-2025T10:35:22 - [TEST_STEP][PASSED] - click(findTestObject("Общие объекты/Ростовэнерго")): Object: 'Object Repository/Общие объекты/Ростовэнерго' is clicked on

14-01-2025T10:35:22 - [MESSAGE][PASSED] - Object: 'Object Repository/Общие объекты/Ростовэнерго' is clicked on

14-01-2025T10:35:22 - [TEST_STEP][PASSED] - Script1687405718449.Change(todaysDate, typeOfData): null

14-01-2025T10:35:22 - [TEST_STEP][PASSED] - scrollToElement(findTestObject("Факторный анализ/Заголовок дашборда"), 30): Scroll to object 'Object Repository/Факторный анализ/Заголовок дашборда' successfully

14-01-2025T10:35:23 - [MESSAGE][PASSED] - Scroll to object 'Object Repository/Факторный анализ/Заголовок дашборда' successfully

14-01-2025T10:35:23 - [TEST_STEP][PASSED] - click(findTestObject("Факторный анализ/Применить в фильтре ДЗО")): Object: 'Object Repository/Факторный анализ/Применить в фильтре ДЗО' is clicked on

14-01-2025T10:35:23 - [MESSAGE][PASSED] - Object: 'Object Repository/Факторный анализ/Применить в фильтре ДЗО' is clicked on

14-01-2025T10:35:23 - [TEST_STEP][PASSED] - typeOfData = "Филиал": null

14-01-2025T10:35:23 - [TEST_STEP][PASSED] - Script1687405718449.Test(todaysDate, typeOfData): null

14-01-2025T10:35:23 - [TEST_STEP][PASSED] - delay(10): Delayed 10 second(s)

14-01-2025T10:35:33 - [MESSAGE][PASSED] - Delayed 10 second(s)

14-01-2025T10:35:33 - [TEST_STEP][PASSED] - if (verifyTextNotPresent("нет данных", false) == true): null

14-01-2025T10:35:34 - [MESSAGE][PASSED] - Text 'нет данных' is not present on page

14-01-2025T10:35:34 - [TEST_STEP][PASSED] - if (verifyTextNotPresent("Ошибка запроса данных", false) == true): null

14-01-2025T10:35:34 - [MESSAGE][PASSED] - Text 'Ошибка запроса данных' is not present on page

14-01-2025T10:35:34 - [TEST_STEP][PASSED] - if (verifyTextNotPresent("Произошла ошибка при выполнении пользовательского кода", false) == true): null

14-01-2025T10:35:35 - [MESSAGE][PASSED] - Text 'Произошла ошибка при выполнении пользовательского кода' is not present on page

14-01-2025T10:35:35 - [TEST_STEP][PASSED] - if (verifyTextNotPresent("У виджета нет данных", false) == true): null

14-01-2025T10:35:35 - [MESSAGE][PASSED] - Text 'У виджета нет данных' is not present on page

14-01-2025T10:35:35 - [TEST_STEP][PASSED] - if (verifyTextNotPresent("У виджета нет данных", false) == true): Text 'У виджета нет данных' is not present on page

14-01-2025T10:35:36 - [MESSAGE][PASSED] - Text 'У виджета нет данных' is not present on page

14-01-2025T10:35:36 - [TEST_STEP][PASSED] - click(findTestObject("Факторный анализ/Переключить отображение с филиала на месяц")): Object: 'Object Repository/Факторный анализ/Переключить отображение с филиала на месяц' is clicked on

14-01-2025T10:35:36 - [MESSAGE][PASSED] - Object: 'Object Repository/Факторный анализ/Переключить отображение с филиала на месяц' is clicked on

14-01-2025T10:35:36 - [TEST_STEP][PASSED] - typeOfData = "Месяц": null

14-01-2025T10:35:36 - [TEST_STEP][PASSED] - Script1687405718449.Test(todaysDate, typeOfData): null

14-01-2025T10:35:36 - [TEST_STEP][PASSED] - delay(10): Delayed 10 second(s)

14-01-2025T10:35:46 - [MESSAGE][PASSED] - Delayed 10 second(s)

14-01-2025T10:35:46 - [TEST_STEP][PASSED] - if (verifyTextNotPresent("нет данных", false) == true): null

14-01-2025T10:35:47 - [MESSAGE][PASSED] - Text 'нет данных' is not present on page

14-01-2025T10:35:47 - [TEST_STEP][PASSED] - if (verifyTextNotPresent("Ошибка запроса данных", false) == true): null

14-01-2025T10:35:47 - [MESSAGE][PASSED] - Text 'Ошибка запроса данных' is not present on page

14-01-2025T10:35:47 - [TEST_STEP][PASSED] - if (verifyTextNotPresent("Произошла ошибка при выполнении пользовательского кода", false) == true): null

14-01-2025T10:35:48 - [MESSAGE][PASSED] - Text 'Произошла ошибка при выполнении пользовательского кода' is not present on page

14-01-2025T10:35:48 - [TEST_STEP][PASSED] - if (verifyTextNotPresent("У виджета нет данных", false) == true): null

14-01-2025T10:35:48 - [MESSAGE][PASSED] - Text 'У виджета нет данных' is not present on page

14-01-2025T10:35:48 - [TEST_STEP][PASSED] - if (verifyTextNotPresent("У виджета нет данных", false) == true): Text 'У виджета нет данных' is not present on page

14-01-2025T10:35:48 - [MESSAGE][PASSED] - Text 'У виджета нет данных' is not present on page

14-01-2025T10:35:48 - [TEST_STEP][PASSED] - click(findTestObject("Факторный анализ/Переключить отображение с месяца на филиал")): Object: 'Object Repository/Факторный анализ/Переключить отображение с месяца на филиал' is clicked on

14-01-2025T10:35:49 - [MESSAGE][PASSED] - Object: 'Object Repository/Факторный анализ/Переключить отображение с месяца на филиал' is clicked on

14-01-2025T10:35:49 - [TEST_STEP][PASSED] - click(findTestObject("Факторный анализ/Фильтр ДЗО")): Object: 'Object Repository/Факторный анализ/Фильтр ДЗО' is clicked on

14-01-2025T10:35:49 - [MESSAGE][PASSED] - Object: 'Object Repository/Факторный анализ/Фильтр ДЗО' is clicked on

14-01-2025T10:35:49 - [TEST_STEP][PASSED] - click(findTestObject("Факторный анализ/Снять выделение в фильтре ДЗО")): Object: 'Object Repository/Факторный анализ/Снять выделение в фильтре ДЗО' is clicked on

14-01-2025T10:35:50 - [MESSAGE][PASSED] - Object: 'Object Repository/Факторный анализ/Снять выделение в фильтре ДЗО' is clicked on

14-01-2025T10:35:50 - [TEST_STEP][PASSED] - scrollToElement(findTestObject("Общие объекты/Раскрыть список Россети Янтарь"), 30): Scroll to object 'Object Repository/Общие объекты/Раскрыть список Россети Янтарь' successfully

14-01-2025T10:35:50 - [MESSAGE][PASSED] - Scroll to object 'Object Repository/Общие объекты/Раскрыть список Россети Янтарь' successfully

14-01-2025T10:35:50 - [TEST_STEP][PASSED] - click(findTestObject("Факторный анализ/Россети Янтарь")): Object: 'Object Repository/Факторный анализ/Россети Янтарь' is clicked on

14-01-2025T10:35:50 - [MESSAGE][PASSED] - Object: 'Object Repository/Факторный анализ/Россети Янтарь' is clicked on

14-01-2025T10:35:50 - [TEST_STEP][PASSED] - Script1687405718449.Change(todaysDate, typeOfData): null

14-01-2025T10:35:50 - [TEST_STEP][PASSED] - scrollToElement(findTestObject("Факторный анализ/Заголовок дашборда"), 30): Scroll to object 'Object Repository/Факторный анализ/Заголовок дашборда' successfully

14-01-2025T10:35:51 - [MESSAGE][PASSED] - Scroll to object 'Object Repository/Факторный анализ/Заголовок дашборда' successfully

14-01-2025T10:35:51 - [TEST_STEP][PASSED] - click(findTestObject("Факторный анализ/Применить в фильтре ДЗО")): Object: 'Object Repository/Факторный анализ/Применить в фильтре ДЗО' is clicked on

14-01-2025T10:35:51 - [MESSAGE][PASSED] - Object: 'Object Repository/Факторный анализ/Применить в фильтре ДЗО' is clicked on

14-01-2025T10:35:51 - [TEST_STEP][PASSED] - typeOfData = "Филиал": null

14-01-2025T10:35:51 - [TEST_STEP][PASSED] - Script1687405718449.Test(todaysDate, typeOfData): null

14-01-2025T10:35:51 - [TEST_STEP][PASSED] - delay(10): Delayed 10 second(s)

14-01-2025T10:36:01 - [MESSAGE][PASSED] - Delayed 10 second(s)

14-01-2025T10:36:01 - [TEST_STEP][PASSED] - if (verifyTextNotPresent("нет данных", false) == true): null

14-01-2025T10:36:02 - [MESSAGE][PASSED] - Text 'нет данных' is not present on page

14-01-2025T10:36:02 - [TEST_STEP][PASSED] - if (verifyTextNotPresent("Ошибка запроса данных", false) == true): null

14-01-2025T10:36:02 - [MESSAGE][PASSED] - Text 'Ошибка запроса данных' is not present on page

14-01-2025T10:36:02 - [TEST_STEP][PASSED] - if (verifyTextNotPresent("Произошла ошибка при выполнении пользовательского кода", false) == true): null

14-01-2025T10:36:03 - [MESSAGE][PASSED] - Text 'Произошла ошибка при выполнении пользовательского кода' is not present on page

14-01-2025T10:36:03 - [TEST_STEP][PASSED] - if (verifyTextNotPresent("У виджета нет данных", false) == true): null

14-01-2025T10:36:03 - [MESSAGE][PASSED] - Text 'У виджета нет данных' is not present on page

14-01-2025T10:36:03 - [TEST_STEP][PASSED] - if (verifyTextNotPresent("У виджета нет данных", false) == true): Text 'У виджета нет данных' is not present on page

14-01-2025T10:36:04 - [MESSAGE][PASSED] - Text 'У виджета нет данных' is not present on page

14-01-2025T10:36:04 - [TEST_STEP][PASSED] - click(findTestObject("Факторный анализ/Переключить отображение с филиала на месяц")): Object: 'Object Repository/Факторный анализ/Переключить отображение с филиала на месяц' is clicked on

14-01-2025T10:36:04 - [MESSAGE][PASSED] - Object: 'Object Repository/Факторный анализ/Переключить отображение с филиала на месяц' is clicked on

14-01-2025T10:36:04 - [TEST_STEP][PASSED] - typeOfData = "Месяц": null

14-01-2025T10:36:04 - [TEST_STEP][PASSED] - Script1687405718449.Test(todaysDate, typeOfData): null

14-01-2025T10:36:04 - [TEST_STEP][PASSED] - delay(10): Delayed 10 second(s)

14-01-2025T10:36:14 - [MESSAGE][PASSED] - Delayed 10 second(s)

14-01-2025T10:36:14 - [TEST_STEP][PASSED] - if (verifyTextNotPresent("нет данных", false) == true): null

14-01-2025T10:36:15 - [MESSAGE][PASSED] - Text 'нет данных' is not present on page

14-01-2025T10:36:15 - [TEST_STEP][PASSED] - if (verifyTextNotPresent("Ошибка запроса данных", false) == true): null

14-01-2025T10:36:15 - [MESSAGE][PASSED] - Text 'Ошибка запроса данных' is not present on page

14-01-2025T10:36:15 - [TEST_STEP][PASSED] - if (verifyTextNotPresent("Произошла ошибка при выполнении пользовательского кода", false) == true): null

14-01-2025T10:36:16 - [MESSAGE][PASSED] - Text 'Произошла ошибка при выполнении пользовательского кода' is not present on page

14-01-2025T10:36:16 - [TEST_STEP][PASSED] - if (verifyTextNotPresent("У виджета нет данных", false) == true): null

14-01-2025T10:36:16 - [MESSAGE][PASSED] - Text 'У виджета нет данных' is not present on page

14-01-2025T10:36:16 - [TEST_STEP][PASSED] - if (verifyTextNotPresent("У виджета нет данных", false) == true): Text 'У виджета нет данных' is not present on page

14-01-2025T10:36:16 - [MESSAGE][PASSED] - Text 'У виджета нет данных' is not present on page

14-01-2025T10:36:16 - [TEST_STEP][PASSED] - click(findTestObject("Факторный анализ/Переключить отображение с месяца на филиал")): Object: 'Object Repository/Факторный анализ/Переключить отображение с месяца на филиал' is clicked on

14-01-2025T10:36:17 - [MESSAGE][PASSED] - Object: 'Object Repository/Факторный анализ/Переключить отображение с месяца на филиал' is clicked on

14-01-2025T10:36:17 - [TEST_STEP][PASSED] - click(findTestObject("Факторный анализ/Фильтр ДЗО")): Object: 'Object Repository/Факторный анализ/Фильтр ДЗО' is clicked on

14-01-2025T10:36:17 - [MESSAGE][PASSED] - Object: 'Object Repository/Факторный анализ/Фильтр ДЗО' is clicked on

14-01-2025T10:36:17 - [TEST_STEP][PASSED] - click(findTestObject("Факторный анализ/Снять выделение в фильтре ДЗО")): Object: 'Object Repository/Факторный анализ/Снять выделение в фильтре ДЗО' is clicked on

14-01-2025T10:36:18 - [MESSAGE][PASSED] - Object: 'Object Repository/Факторный анализ/Снять выделение в фильтре ДЗО' is clicked on

14-01-2025T10:36:18 - [TEST_STEP][PASSED] - scrollToElement(findTestObject("Общие объекты/Раскрыть список Россети Янтарь"), 30): Scroll to object 'Object Repository/Общие объекты/Раскрыть список Россети Янтарь' successfully

14-01-2025T10:36:18 - [MESSAGE][PASSED] - Scroll to object 'Object Repository/Общие объекты/Раскрыть список Россети Янтарь' successfully

14-01-2025T10:36:18 - [TEST_STEP][PASSED] - click(findTestObject("Общие объекты/Раскрыть список Россети Янтарь")): Object: 'Object Repository/Общие объекты/Раскрыть список Россети Янтарь' is clicked on

14-01-2025T10:36:18 - [MESSAGE][PASSED] - Object: 'Object Repository/Общие объекты/Раскрыть список Россети Янтарь' is clicked on

14-01-2025T10:36:18 - [TEST_STEP][PASSED] - click(findTestObject("Общие объекты/Раскрыть список Россети Янтарь")): Object: 'Object Repository/Общие объекты/Раскрыть список Россети Янтарь' is clicked on

14-01-2025T10:36:19 - [MESSAGE][PASSED] - Object: 'Object Repository/Общие объекты/Раскрыть список Россети Янтарь' is clicked on

14-01-2025T10:36:19 - [TEST_STEP][PASSED] - scrollToElement(findTestObject("Факторный анализ/Восточные электрические сети"), 30): Scroll to object 'Object Repository/Факторный анализ/Восточные электрические сети' successfully

14-01-2025T10:36:19 - [MESSAGE][PASSED] - Scroll to object 'Object Repository/Факторный анализ/Восточные электрические сети' successfully

14-01-2025T10:36:19 - [TEST_STEP][PASSED] - click(findTestObject("Факторный анализ/Восточные электрические сети")): Object: 'Object Repository/Факторный анализ/Восточные электрические сети' is clicked on

14-01-2025T10:36:20 - [MESSAGE][PASSED] - Object: 'Object Repository/Факторный анализ/Восточные электрические сети' is clicked on

14-01-2025T10:36:20 - [TEST_STEP][PASSED] - Script1687405718449.Change(todaysDate, typeOfData): null

14-01-2025T10:36:20 - [TEST_STEP][PASSED] - scrollToElement(findTestObject("Факторный анализ/Заголовок дашборда"), 30): Scroll to object 'Object Repository/Факторный анализ/Заголовок дашборда' successfully

14-01-2025T10:36:20 - [MESSAGE][PASSED] - Scroll to object 'Object Repository/Факторный анализ/Заголовок дашборда' successfully

14-01-2025T10:36:20 - [TEST_STEP][PASSED] - click(findTestObject("Факторный анализ/Применить в фильтре ДЗО")): Object: 'Object Repository/Факторный анализ/Применить в фильтре ДЗО' is clicked on

14-01-2025T10:36:21 - [MESSAGE][PASSED] - Object: 'Object Repository/Факторный анализ/Применить в фильтре ДЗО' is clicked on

14-01-2025T10:36:21 - [TEST_STEP][PASSED] - typeOfData = "Филиал": null

14-01-2025T10:36:21 - [TEST_STEP][PASSED] - Script1687405718449.Test(todaysDate, typeOfData): null

14-01-2025T10:36:21 - [TEST_STEP][PASSED] - delay(10): Delayed 10 second(s)

14-01-2025T10:36:31 - [MESSAGE][PASSED] - Delayed 10 second(s)

14-01-2025T10:36:31 - [TEST_STEP][FAILED] - if (verifyTextNotPresent("нет данных", false) == true): Text 'нет данных' is present on page  (Root cause: com.kms.katalon.core.exception.StepFailedException: Text 'нет данных' is present on page 
	at com.kms.katalon.core.webui.keyword.internal.WebUIKeywordMain.stepFailed(WebUIKeywordMain.groovy:64)
	at com.kms.katalon.core.webui.keyword.builtin.VerifyTextNotPresentKeyword$_verifyTextNotPresent_closure1.doCall(VerifyTextNotPresentKeyword.groovy:77)
	at com.kms.katalon.core.webui.keyword.builtin.VerifyTextNotPresentKeyword$_verifyTextNotPresent_closure1.call(VerifyTextNotPresentKeyword.groovy)
	at com.kms.katalon.core.webui.keyword.internal.WebUIKeywordMain.runKeyword(WebUIKeywordMain.groovy:20)
	at com.kms.katalon.core.webui.keyword.builtin.VerifyTextNotPresentKeyword.verifyTextNotPresent(VerifyTextNotPresentKeyword.groovy:82)
	at com.kms.katalon.core.webui.keyword.builtin.VerifyTextNotPresentKeyword.execute(VerifyTextNotPresentKeyword.groovy:68)
	at com.kms.katalon.core.keyword.internal.KeywordExecutor.executeKeywordForPlatform(KeywordExecutor.groovy:74)
	at com.kms.katalon.core.webui.keyword.WebUiBuiltInKeywords.verifyTextNotPresent(WebUiBuiltInKeywords.groovy:1795)
	at Факторный анализ отображение данных все филиалы.Test(Факторный анализ отображение данных все филиалы:805)
	at Факторный анализ отображение данных все филиалы.Change(Факторный анализ отображение данных все филиалы:785)
	at Факторный анализ отображение данных все филиалы.run(Факторный анализ отображение данных все филиалы:752)
	at com.kms.katalon.core.main.ScriptEngine.run(ScriptEngine.java:194)
	at com.kms.katalon.core.main.ScriptEngine.runScriptAsRawText(ScriptEngine.java:119)
	at com.kms.katalon.core.main.TestCaseExecutor.runScript(TestCaseExecutor.java:448)
	at com.kms.katalon.core.main.TestCaseExecutor.doExecute(TestCaseExecutor.java:439)
	at com.kms.katalon.core.main.TestCaseExecutor.processExecutionPhase(TestCaseExecutor.java:418)
	at com.kms.katalon.core.main.TestCaseExecutor.accessMainPhase(TestCaseExecutor.java:410)
	at com.kms.katalon.core.main.TestCaseExecutor.execute(TestCaseExecutor.java:285)
	at com.kms.katalon.core.common.CommonExecutor.accessTestCaseMainPhase(CommonExecutor.java:65)
	at com.kms.katalon.core.main.TestSuiteExecutor.accessTestSuiteMainPhase(TestSuiteExecutor.java:150)
	at com.kms.katalon.core.main.TestSuiteExecutor.execute(TestSuiteExecutor.java:106)
	at com.kms.katalon.core.main.TestCaseMain.startTestSuite(TestCaseMain.java:180)
	at TempTestSuite1736837626743.run(TempTestSuite1736837626743.groovy:35)
	at java.base/jdk.internal.reflect.NativeMethodAccessorImpl.invoke0(Native Method)
	at java.base/jdk.internal.reflect.NativeMethodAccessorImpl.invoke(NativeMethodAccessorImpl.java:77)
	at java.base/jdk.internal.reflect.DelegatingMethodAccessorImpl.invoke(DelegatingMethodAccessorImpl.java:43)
)

14-01-2025T10:36:31 - [MESSAGE][FAILED] - Text 'нет данных' is present on page  (Root cause: com.kms.katalon.core.exception.StepFailedException: Text 'нет данных' is present on page 
	at com.kms.katalon.core.webui.keyword.internal.WebUIKeywordMain.stepFailed(WebUIKeywordMain.groovy:64)
	at com.kms.katalon.core.webui.keyword.builtin.VerifyTextNotPresentKeyword$_verifyTextNotPresent_closure1.doCall(VerifyTextNotPresentKeyword.groovy:77)
	at com.kms.katalon.core.webui.keyword.builtin.VerifyTextNotPresentKeyword$_verifyTextNotPresent_closure1.call(VerifyTextNotPresentKeyword.groovy)
	at com.kms.katalon.core.webui.keyword.internal.WebUIKeywordMain.runKeyword(WebUIKeywordMain.groovy:20)
	at com.kms.katalon.core.webui.keyword.builtin.VerifyTextNotPresentKeyword.verifyTextNotPresent(VerifyTextNotPresentKeyword.groovy:82)
	at com.kms.katalon.core.webui.keyword.builtin.VerifyTextNotPresentKeyword.execute(VerifyTextNotPresentKeyword.groovy:68)
	at com.kms.katalon.core.keyword.internal.KeywordExecutor.executeKeywordForPlatform(KeywordExecutor.groovy:74)
	at com.kms.katalon.core.webui.keyword.WebUiBuiltInKeywords.verifyTextNotPresent(WebUiBuiltInKeywords.groovy:1795)
	at Факторный анализ отображение данных все филиалы.Test(Факторный анализ отображение данных все филиалы:805)
	at Факторный анализ отображение данных все филиалы.Change(Факторный анализ отображение данных все филиалы:785)
	at Факторный анализ отображение данных все филиалы.run(Факторный анализ отображение данных все филиалы:752)
	at com.kms.katalon.core.main.ScriptEngine.run(ScriptEngine.java:194)
	at com.kms.katalon.core.main.ScriptEngine.runScriptAsRawText(ScriptEngine.java:119)
	at com.kms.katalon.core.main.TestCaseExecutor.runScript(TestCaseExecutor.java:448)
	at com.kms.katalon.core.main.TestCaseExecutor.doExecute(TestCaseExecutor.java:439)
	at com.kms.katalon.core.main.TestCaseExecutor.processExecutionPhase(TestCaseExecutor.java:418)
	at com.kms.katalon.core.main.TestCaseExecutor.accessMainPhase(TestCaseExecutor.java:410)
	at com.kms.katalon.core.main.TestCaseExecutor.execute(TestCaseExecutor.java:285)
	at com.kms.katalon.core.common.CommonExecutor.accessTestCaseMainPhase(CommonExecutor.java:65)
	at com.kms.katalon.core.main.TestSuiteExecutor.accessTestSuiteMainPhase(TestSuiteExecutor.java:150)
	at com.kms.katalon.core.main.TestSuiteExecutor.execute(TestSuiteExecutor.java:106)
	at com.kms.katalon.core.main.TestCaseMain.startTestSuite(TestCaseMain.java:180)
	at TempTestSuite1736837626743.run(TempTestSuite1736837626743.groovy:35)
	at java.base/jdk.internal.reflect.NativeMethodAccessorImpl.invoke0(Native Method)
	at java.base/jdk.internal.reflect.NativeMethodAccessorImpl.invoke(NativeMethodAccessorImpl.java:77)
	at java.base/jdk.internal.reflect.DelegatingMethodAccessorImpl.invoke(DelegatingMethodAccessorImpl.java:43)
)

14-01-2025T10:36:31 - [TEST_STEP][PASSED] - else: null

14-01-2025T10:36:31 - [TEST_STEP][PASSED] - Script1687405718449.WriteToExcel(todaysDate, typeOfData): null

14-01-2025T10:36:31 - [TEST_STEP][PASSED] - sheetName = "Sheet1": null

14-01-2025T10:36:31 - [TEST_STEP][PASSED] - data = findTestData("PlanFact"): null

14-01-2025T10:36:31 - [TEST_STEP][PASSED] - n = data.getRowNumbers() + 1: null

14-01-2025T10:36:31 - [TEST_STEP][PASSED] - dZO = getText(findTestObject("Факторный анализ/Фильтр ДЗО")): Text of object 'Object Repository/Факторный анализ/Фильтр ДЗО' is: 'ПАО Россети - РаспредКомплекс - Россети Янтарь - Восточные электрические сети'

14-01-2025T10:36:32 - [MESSAGE][PASSED] - Text of object 'Object Repository/Факторный анализ/Фильтр ДЗО' is: 'ПАО Россети - РаспредКомплекс - Россети Янтарь - Восточные электрические сети'

14-01-2025T10:36:32 - [TEST_STEP][PASSED] - period = getText(findTestObject("Факторный анализ/Фильтр Период")): Text of object 'Object Repository/Факторный анализ/Фильтр Период' is: '1, 2, 3 кв., Октябрь, Ноябрь 2024 года'

14-01-2025T10:36:32 - [MESSAGE][PASSED] - Text of object 'Object Repository/Факторный анализ/Фильтр Период' is: '1, 2, 3 кв., Октябрь, Ноябрь 2024 года'

14-01-2025T10:36:32 - [TEST_STEP][PASSED] - println(period): null

14-01-2025T10:36:32 - [TEST_STEP][PASSED] - dashboardName = "Факторный анализ": null

14-01-2025T10:36:32 - [TEST_STEP][PASSED] - workbook01 = getWorkbook(excelFilePath): null

14-01-2025T10:36:32 - [TEST_STEP][PASSED] - sheet01 = getExcelSheet(workbook01, sheetName): null

14-01-2025T10:36:32 - [TEST_STEP][PASSED] - setValueToCellByIndex(sheet01, n, 0, dashboardName): null

14-01-2025T10:36:32 - [TEST_STEP][PASSED] - setValueToCellByIndex(sheet01, n, 1, dZO): null

14-01-2025T10:36:32 - [TEST_STEP][PASSED] - setValueToCellByIndex(sheet01, n, 2, period): null

14-01-2025T10:36:32 - [TEST_STEP][PASSED] - setValueToCellByIndex(sheet01, n, 3, typeOfData): null

14-01-2025T10:36:32 - [TEST_STEP][PASSED] - setValueToCellByIndex(sheet01, n, 4, todaysDate): null

14-01-2025T10:36:32 - [TEST_STEP][PASSED] - n = n + 1: null

14-01-2025T10:36:32 - [TEST_STEP][PASSED] - saveWorkbook(excelFilePath, workbook01): null

14-01-2025T10:36:32 - [TEST_STEP][PASSED] - click(findTestObject("Факторный анализ/Переключить отображение с филиала на месяц")): Object: 'Object Repository/Факторный анализ/Переключить отображение с филиала на месяц' is clicked on

14-01-2025T10:36:33 - [MESSAGE][PASSED] - Object: 'Object Repository/Факторный анализ/Переключить отображение с филиала на месяц' is clicked on

14-01-2025T10:36:33 - [TEST_STEP][PASSED] - typeOfData = "Месяц": null

14-01-2025T10:36:33 - [TEST_STEP][PASSED] - Script1687405718449.Test(todaysDate, typeOfData): null

14-01-2025T10:36:33 - [TEST_STEP][PASSED] - delay(10): Delayed 10 second(s)

14-01-2025T10:36:43 - [MESSAGE][PASSED] - Delayed 10 second(s)

14-01-2025T10:36:43 - [TEST_STEP][FAILED] - if (verifyTextNotPresent("нет данных", false) == true): Text 'нет данных' is present on page  (Root cause: com.kms.katalon.core.exception.StepFailedException: Text 'нет данных' is present on page 
	at com.kms.katalon.core.webui.keyword.internal.WebUIKeywordMain.stepFailed(WebUIKeywordMain.groovy:64)
	at com.kms.katalon.core.webui.keyword.builtin.VerifyTextNotPresentKeyword$_verifyTextNotPresent_closure1.doCall(VerifyTextNotPresentKeyword.groovy:77)
	at com.kms.katalon.core.webui.keyword.builtin.VerifyTextNotPresentKeyword$_verifyTextNotPresent_closure1.call(VerifyTextNotPresentKeyword.groovy)
	at com.kms.katalon.core.webui.keyword.internal.WebUIKeywordMain.runKeyword(WebUIKeywordMain.groovy:20)
	at com.kms.katalon.core.webui.keyword.builtin.VerifyTextNotPresentKeyword.verifyTextNotPresent(VerifyTextNotPresentKeyword.groovy:82)
	at com.kms.katalon.core.webui.keyword.builtin.VerifyTextNotPresentKeyword.execute(VerifyTextNotPresentKeyword.groovy:68)
	at com.kms.katalon.core.keyword.internal.KeywordExecutor.executeKeywordForPlatform(KeywordExecutor.groovy:74)
	at com.kms.katalon.core.webui.keyword.WebUiBuiltInKeywords.verifyTextNotPresent(WebUiBuiltInKeywords.groovy:1795)
	at Факторный анализ отображение данных все филиалы.Test(Факторный анализ отображение данных все филиалы:805)
	at Факторный анализ отображение данных все филиалы.Change(Факторный анализ отображение данных все филиалы:791)
	at Факторный анализ отображение данных все филиалы.run(Факторный анализ отображение данных все филиалы:752)
	at com.kms.katalon.core.main.ScriptEngine.run(ScriptEngine.java:194)
	at com.kms.katalon.core.main.ScriptEngine.runScriptAsRawText(ScriptEngine.java:119)
	at com.kms.katalon.core.main.TestCaseExecutor.runScript(TestCaseExecutor.java:448)
	at com.kms.katalon.core.main.TestCaseExecutor.doExecute(TestCaseExecutor.java:439)
	at com.kms.katalon.core.main.TestCaseExecutor.processExecutionPhase(TestCaseExecutor.java:418)
	at com.kms.katalon.core.main.TestCaseExecutor.accessMainPhase(TestCaseExecutor.java:410)
	at com.kms.katalon.core.main.TestCaseExecutor.execute(TestCaseExecutor.java:285)
	at com.kms.katalon.core.common.CommonExecutor.accessTestCaseMainPhase(CommonExecutor.java:65)
	at com.kms.katalon.core.main.TestSuiteExecutor.accessTestSuiteMainPhase(TestSuiteExecutor.java:150)
	at com.kms.katalon.core.main.TestSuiteExecutor.execute(TestSuiteExecutor.java:106)
	at com.kms.katalon.core.main.TestCaseMain.startTestSuite(TestCaseMain.java:180)
	at TempTestSuite1736837626743.run(TempTestSuite1736837626743.groovy:35)
	at java.base/jdk.internal.reflect.NativeMethodAccessorImpl.invoke0(Native Method)
	at java.base/jdk.internal.reflect.NativeMethodAccessorImpl.invoke(NativeMethodAccessorImpl.java:77)
	at java.base/jdk.internal.reflect.DelegatingMethodAccessorImpl.invoke(DelegatingMethodAccessorImpl.java:43)
)

14-01-2025T10:36:43 - [MESSAGE][FAILED] - Text 'нет данных' is present on page  (Root cause: com.kms.katalon.core.exception.StepFailedException: Text 'нет данных' is present on page 
	at com.kms.katalon.core.webui.keyword.internal.WebUIKeywordMain.stepFailed(WebUIKeywordMain.groovy:64)
	at com.kms.katalon.core.webui.keyword.builtin.VerifyTextNotPresentKeyword$_verifyTextNotPresent_closure1.doCall(VerifyTextNotPresentKeyword.groovy:77)
	at com.kms.katalon.core.webui.keyword.builtin.VerifyTextNotPresentKeyword$_verifyTextNotPresent_closure1.call(VerifyTextNotPresentKeyword.groovy)
	at com.kms.katalon.core.webui.keyword.internal.WebUIKeywordMain.runKeyword(WebUIKeywordMain.groovy:20)
	at com.kms.katalon.core.webui.keyword.builtin.VerifyTextNotPresentKeyword.verifyTextNotPresent(VerifyTextNotPresentKeyword.groovy:82)
	at com.kms.katalon.core.webui.keyword.builtin.VerifyTextNotPresentKeyword.execute(VerifyTextNotPresentKeyword.groovy:68)
	at com.kms.katalon.core.keyword.internal.KeywordExecutor.executeKeywordForPlatform(KeywordExecutor.groovy:74)
	at com.kms.katalon.core.webui.keyword.WebUiBuiltInKeywords.verifyTextNotPresent(WebUiBuiltInKeywords.groovy:1795)
	at Факторный анализ отображение данных все филиалы.Test(Факторный анализ отображение данных все филиалы:805)
	at Факторный анализ отображение данных все филиалы.Change(Факторный анализ отображение данных все филиалы:791)
	at Факторный анализ отображение данных все филиалы.run(Факторный анализ отображение данных все филиалы:752)
	at com.kms.katalon.core.main.ScriptEngine.run(ScriptEngine.java:194)
	at com.kms.katalon.core.main.ScriptEngine.runScriptAsRawText(ScriptEngine.java:119)
	at com.kms.katalon.core.main.TestCaseExecutor.runScript(TestCaseExecutor.java:448)
	at com.kms.katalon.core.main.TestCaseExecutor.doExecute(TestCaseExecutor.java:439)
	at com.kms.katalon.core.main.TestCaseExecutor.processExecutionPhase(TestCaseExecutor.java:418)
	at com.kms.katalon.core.main.TestCaseExecutor.accessMainPhase(TestCaseExecutor.java:410)
	at com.kms.katalon.core.main.TestCaseExecutor.execute(TestCaseExecutor.java:285)
	at com.kms.katalon.core.common.CommonExecutor.accessTestCaseMainPhase(CommonExecutor.java:65)
	at com.kms.katalon.core.main.TestSuiteExecutor.accessTestSuiteMainPhase(TestSuiteExecutor.java:150)
	at com.kms.katalon.core.main.TestSuiteExecutor.execute(TestSuiteExecutor.java:106)
	at com.kms.katalon.core.main.TestCaseMain.startTestSuite(TestCaseMain.java:180)
	at TempTestSuite1736837626743.run(TempTestSuite1736837626743.groovy:35)
	at java.base/jdk.internal.reflect.NativeMethodAccessorImpl.invoke0(Native Method)
	at java.base/jdk.internal.reflect.NativeMethodAccessorImpl.invoke(NativeMethodAccessorImpl.java:77)
	at java.base/jdk.internal.reflect.DelegatingMethodAccessorImpl.invoke(DelegatingMethodAccessorImpl.java:43)
)

14-01-2025T10:36:43 - [TEST_STEP][PASSED] - else: null

14-01-2025T10:36:43 - [TEST_STEP][PASSED] - Script1687405718449.WriteToExcel(todaysDate, typeOfData): null

14-01-2025T10:36:43 - [TEST_STEP][PASSED] - sheetName = "Sheet1": null

14-01-2025T10:36:43 - [TEST_STEP][PASSED] - data = findTestData("PlanFact"): null

14-01-2025T10:36:43 - [TEST_STEP][PASSED] - n = data.getRowNumbers() + 1: null

14-01-2025T10:36:43 - [TEST_STEP][PASSED] - dZO = getText(findTestObject("Факторный анализ/Фильтр ДЗО")): Text of object 'Object Repository/Факторный анализ/Фильтр ДЗО' is: 'ПАО Россети - РаспредКомплекс - Россети Янтарь - Восточные электрические сети'

14-01-2025T10:36:43 - [MESSAGE][PASSED] - Text of object 'Object Repository/Факторный анализ/Фильтр ДЗО' is: 'ПАО Россети - РаспредКомплекс - Россети Янтарь - Восточные электрические сети'

14-01-2025T10:36:43 - [TEST_STEP][PASSED] - period = getText(findTestObject("Факторный анализ/Фильтр Период")): Text of object 'Object Repository/Факторный анализ/Фильтр Период' is: '1, 2, 3 кв., Октябрь, Ноябрь 2024 года'

14-01-2025T10:36:44 - [MESSAGE][PASSED] - Text of object 'Object Repository/Факторный анализ/Фильтр Период' is: '1, 2, 3 кв., Октябрь, Ноябрь 2024 года'

14-01-2025T10:36:44 - [TEST_STEP][PASSED] - println(period): null

14-01-2025T10:36:44 - [TEST_STEP][PASSED] - dashboardName = "Факторный анализ": null

14-01-2025T10:36:44 - [TEST_STEP][PASSED] - workbook01 = getWorkbook(excelFilePath): null

14-01-2025T10:36:44 - [TEST_STEP][PASSED] - sheet01 = getExcelSheet(workbook01, sheetName): null

14-01-2025T10:36:44 - [TEST_STEP][PASSED] - setValueToCellByIndex(sheet01, n, 0, dashboardName): null

14-01-2025T10:36:44 - [TEST_STEP][PASSED] - setValueToCellByIndex(sheet01, n, 1, dZO): null

14-01-2025T10:36:44 - [TEST_STEP][PASSED] - setValueToCellByIndex(sheet01, n, 2, period): null

14-01-2025T10:36:44 - [TEST_STEP][PASSED] - setValueToCellByIndex(sheet01, n, 3, typeOfData): null

14-01-2025T10:36:44 - [TEST_STEP][PASSED] - setValueToCellByIndex(sheet01, n, 4, todaysDate): null

14-01-2025T10:36:44 - [TEST_STEP][PASSED] - n = n + 1: null

14-01-2025T10:36:44 - [TEST_STEP][PASSED] - saveWorkbook(excelFilePath, workbook01): null

14-01-2025T10:36:44 - [TEST_STEP][PASSED] - click(findTestObject("Факторный анализ/Переключить отображение с месяца на филиал")): Object: 'Object Repository/Факторный анализ/Переключить отображение с месяца на филиал' is clicked on

14-01-2025T10:36:44 - [MESSAGE][PASSED] - Object: 'Object Repository/Факторный анализ/Переключить отображение с месяца на филиал' is clicked on

14-01-2025T10:36:44 - [TEST_STEP][PASSED] - click(findTestObject("Факторный анализ/Фильтр ДЗО")): Object: 'Object Repository/Факторный анализ/Фильтр ДЗО' is clicked on

14-01-2025T10:36:45 - [MESSAGE][PASSED] - Object: 'Object Repository/Факторный анализ/Фильтр ДЗО' is clicked on

14-01-2025T10:36:45 - [TEST_STEP][PASSED] - click(findTestObject("Факторный анализ/Снять выделение в фильтре ДЗО")): Object: 'Object Repository/Факторный анализ/Снять выделение в фильтре ДЗО' is clicked on

14-01-2025T10:36:45 - [MESSAGE][PASSED] - Object: 'Object Repository/Факторный анализ/Снять выделение в фильтре ДЗО' is clicked on

14-01-2025T10:36:45 - [TEST_STEP][PASSED] - scrollToElement(findTestObject("Факторный анализ/Россети Янтарь нижний уровень"), 30): Scroll to object 'Object Repository/Факторный анализ/Россети Янтарь нижний уровень' successfully

14-01-2025T10:36:46 - [MESSAGE][PASSED] - Scroll to object 'Object Repository/Факторный анализ/Россети Янтарь нижний уровень' successfully

14-01-2025T10:36:46 - [TEST_STEP][PASSED] - click(findTestObject("Факторный анализ/Россети Янтарь нижний уровень")): Object: 'Object Repository/Факторный анализ/Россети Янтарь нижний уровень' is clicked on

14-01-2025T10:36:46 - [MESSAGE][PASSED] - Object: 'Object Repository/Факторный анализ/Россети Янтарь нижний уровень' is clicked on

14-01-2025T10:36:46 - [TEST_STEP][PASSED] - scrollToElement(findTestObject("Факторный анализ/Заголовок дашборда"), 30): Scroll to object 'Object Repository/Факторный анализ/Заголовок дашборда' successfully

14-01-2025T10:36:46 - [MESSAGE][PASSED] - Scroll to object 'Object Repository/Факторный анализ/Заголовок дашборда' successfully

14-01-2025T10:36:46 - [TEST_STEP][PASSED] - click(findTestObject("Факторный анализ/Применить в фильтре ДЗО")): Object: 'Object Repository/Факторный анализ/Применить в фильтре ДЗО' is clicked on

14-01-2025T10:36:47 - [MESSAGE][PASSED] - Object: 'Object Repository/Факторный анализ/Применить в фильтре ДЗО' is clicked on

14-01-2025T10:36:47 - [TEST_STEP][PASSED] - typeOfData = "Филиал": null

14-01-2025T10:36:47 - [TEST_STEP][PASSED] - Script1687405718449.Test(todaysDate, typeOfData): null

14-01-2025T10:36:47 - [TEST_STEP][PASSED] - delay(10): Delayed 10 second(s)

14-01-2025T10:36:57 - [MESSAGE][PASSED] - Delayed 10 second(s)

14-01-2025T10:36:57 - [TEST_STEP][PASSED] - if (verifyTextNotPresent("нет данных", false) == true): null

14-01-2025T10:36:57 - [MESSAGE][PASSED] - Text 'нет данных' is not present on page

14-01-2025T10:36:57 - [TEST_STEP][PASSED] - if (verifyTextNotPresent("Ошибка запроса данных", false) == true): null

14-01-2025T10:36:58 - [MESSAGE][PASSED] - Text 'Ошибка запроса данных' is not present on page

14-01-2025T10:36:58 - [TEST_STEP][PASSED] - if (verifyTextNotPresent("Произошла ошибка при выполнении пользовательского кода", false) == true): null

14-01-2025T10:36:58 - [MESSAGE][PASSED] - Text 'Произошла ошибка при выполнении пользовательского кода' is not present on page

14-01-2025T10:36:58 - [TEST_STEP][PASSED] - if (verifyTextNotPresent("У виджета нет данных", false) == true): null

14-01-2025T10:36:59 - [MESSAGE][PASSED] - Text 'У виджета нет данных' is not present on page

14-01-2025T10:36:59 - [TEST_STEP][PASSED] - if (verifyTextNotPresent("У виджета нет данных", false) == true): Text 'У виджета нет данных' is not present on page

14-01-2025T10:36:59 - [MESSAGE][PASSED] - Text 'У виджета нет данных' is not present on page

14-01-2025T10:36:59 - [TEST_STEP][PASSED] - click(findTestObject("Факторный анализ/Переключить отображение с филиала на месяц")): Object: 'Object Repository/Факторный анализ/Переключить отображение с филиала на месяц' is clicked on

14-01-2025T10:37:00 - [MESSAGE][PASSED] - Object: 'Object Repository/Факторный анализ/Переключить отображение с филиала на месяц' is clicked on

14-01-2025T10:37:00 - [TEST_STEP][PASSED] - typeOfData = "Месяц": null

14-01-2025T10:37:00 - [TEST_STEP][PASSED] - Script1687405718449.Test(todaysDate, typeOfData): null

14-01-2025T10:37:00 - [TEST_STEP][PASSED] - delay(10): Delayed 10 second(s)

14-01-2025T10:37:10 - [MESSAGE][PASSED] - Delayed 10 second(s)

14-01-2025T10:37:10 - [TEST_STEP][PASSED] - if (verifyTextNotPresent("нет данных", false) == true): null

14-01-2025T10:37:10 - [MESSAGE][PASSED] - Text 'нет данных' is not present on page

14-01-2025T10:37:10 - [TEST_STEP][PASSED] - if (verifyTextNotPresent("Ошибка запроса данных", false) == true): null

14-01-2025T10:37:11 - [MESSAGE][PASSED] - Text 'Ошибка запроса данных' is not present on page

14-01-2025T10:37:11 - [TEST_STEP][PASSED] - if (verifyTextNotPresent("Произошла ошибка при выполнении пользовательского кода", false) == true): null

14-01-2025T10:37:11 - [MESSAGE][PASSED] - Text 'Произошла ошибка при выполнении пользовательского кода' is not present on page

14-01-2025T10:37:11 - [TEST_STEP][PASSED] - if (verifyTextNotPresent("У виджета нет данных", false) == true): null

14-01-2025T10:37:12 - [MESSAGE][PASSED] - Text 'У виджета нет данных' is not present on page

14-01-2025T10:37:12 - [TEST_STEP][PASSED] - if (verifyTextNotPresent("У виджета нет данных", false) == true): Text 'У виджета нет данных' is not present on page

14-01-2025T10:37:12 - [MESSAGE][PASSED] - Text 'У виджета нет данных' is not present on page

14-01-2025T10:37:12 - [TEST_STEP][PASSED] - closeBrowser(): Browser is closed

14-01-2025T10:37:12 - [MESSAGE][PASSED] - Browser is closed]]></system-out>
         <system-err><![CDATA[14-01-2025T09:53:51 - [TEST_CASE][FAILED] - Test Cases/Факторный анализ/Факторный анализ отображение данных все филиалы: Test Cases/Факторный анализ/Факторный анализ отображение данных все филиалы FAILED.
Reason:
com.kms.katalon.core.exception.StepFailedException: Text 'нет данных' is present on page  (Root cause: com.kms.katalon.core.exception.StepFailedException: Text 'нет данных' is present on page 
	at com.kms.katalon.core.webui.keyword.internal.WebUIKeywordMain.stepFailed(WebUIKeywordMain.groovy:64)
	at com.kms.katalon.core.webui.keyword.builtin.VerifyTextNotPresentKeyword$_verifyTextNotPresent_closure1.doCall(VerifyTextNotPresentKeyword.groovy:77)
	at com.kms.katalon.core.webui.keyword.builtin.VerifyTextNotPresentKeyword$_verifyTextNotPresent_closure1.call(VerifyTextNotPresentKeyword.groovy)
	at com.kms.katalon.core.webui.keyword.internal.WebUIKeywordMain.runKeyword(WebUIKeywordMain.groovy:20)
	at com.kms.katalon.core.webui.keyword.builtin.VerifyTextNotPresentKeyword.verifyTextNotPresent(VerifyTextNotPresentKeyword.groovy:82)
	at com.kms.katalon.core.webui.keyword.builtin.VerifyTextNotPresentKeyword.execute(VerifyTextNotPresentKeyword.groovy:68)
	at com.kms.katalon.core.keyword.internal.KeywordExecutor.executeKeywordForPlatform(KeywordExecutor.groovy:74)
	at com.kms.katalon.core.webui.keyword.WebUiBuiltInKeywords.verifyTextNotPresent(WebUiBuiltInKeywords.groovy:1795)
	at Факторный анализ отображение данных все филиалы.Test(Факторный анализ отображение данных все филиалы:805)
	at Факторный анализ отображение данных все филиалы.Change(Факторный анализ отображение данных все филиалы:785)
	at Факторный анализ отображение данных все филиалы.run(Факторный анализ отображение данных все филиалы:752)
	at com.kms.katalon.core.main.ScriptEngine.run(ScriptEngine.java:194)
	at com.kms.katalon.core.main.ScriptEngine.runScriptAsRawText(ScriptEngine.java:119)
	at com.kms.katalon.core.main.TestCaseExecutor.runScript(TestCaseExecutor.java:448)
	at com.kms.katalon.core.main.TestCaseExecutor.doExecute(TestCaseExecutor.java:439)
	at com.kms.katalon.core.main.TestCaseExecutor.processExecutionPhase(TestCaseExecutor.java:418)
	at com.kms.katalon.core.main.TestCaseExecutor.accessMainPhase(TestCaseExecutor.java:410)
	at com.kms.katalon.core.main.TestCaseExecutor.execute(TestCaseExecutor.java:285)
	at com.kms.katalon.core.common.CommonExecutor.accessTestCaseMainPhase(CommonExecutor.java:65)
	at com.kms.katalon.core.main.TestSuiteExecutor.accessTestSuiteMainPhase(TestSuiteExecutor.java:150)
	at com.kms.katalon.core.main.TestSuiteExecutor.execute(TestSuiteExecutor.java:106)
	at com.kms.katalon.core.main.TestCaseMain.startTestSuite(TestCaseMain.java:180)
	at TempTestSuite1736837626743.run(TempTestSuite1736837626743.groovy:35)
	at java.base/jdk.internal.reflect.NativeMethodAccessorImpl.invoke0(Native Method)
	at java.base/jdk.internal.reflect.NativeMethodAccessorImpl.invoke(NativeMethodAccessorImpl.java:77)
	at java.base/jdk.internal.reflect.DelegatingMethodAccessorImpl.invoke(DelegatingMethodAccessorImpl.java:43)
)
	at com.kms.katalon.core.keyword.internal.KeywordMain.stepFailed(KeywordMain.groovy:39)
	at com.kms.katalon.core.webui.keyword.internal.WebUIKeywordMain.stepFailed(WebUIKeywordMain.groovy:64)
	at com.kms.katalon.core.webui.keyword.builtin.VerifyTextNotPresentKeyword$_verifyTextNotPresent_closure1.doCall(VerifyTextNotPresentKeyword.groovy:77)
	at com.kms.katalon.core.webui.keyword.builtin.VerifyTextNotPresentKeyword$_verifyTextNotPresent_closure1.call(VerifyTextNotPresentKeyword.groovy)
	at com.kms.katalon.core.webui.keyword.internal.WebUIKeywordMain.runKeyword(WebUIKeywordMain.groovy:20)
	at com.kms.katalon.core.webui.keyword.builtin.VerifyTextNotPresentKeyword.verifyTextNotPresent(VerifyTextNotPresentKeyword.groovy:82)
	at com.kms.katalon.core.webui.keyword.builtin.VerifyTextNotPresentKeyword.execute(VerifyTextNotPresentKeyword.groovy:68)
	at com.kms.katalon.core.keyword.internal.KeywordExecutor.executeKeywordForPlatform(KeywordExecutor.groovy:74)
	at com.kms.katalon.core.webui.keyword.WebUiBuiltInKeywords.verifyTextNotPresent(WebUiBuiltInKeywords.groovy:1795)
	at Факторный анализ отображение данных все филиалы.Test(Факторный анализ отображение данных все филиалы:805)
	at Факторный анализ отображение данных все филиалы.Change(Факторный анализ отображение данных все филиалы:785)
	at Факторный анализ отображение данных все филиалы.run(Факторный анализ отображение данных все филиалы:752)
	at com.kms.katalon.core.main.ScriptEngine.run(ScriptEngine.java:194)
	at com.kms.katalon.core.main.ScriptEngine.runScriptAsRawText(ScriptEngine.java:119)
	at com.kms.katalon.core.main.TestCaseExecutor.runScript(TestCaseExecutor.java:448)
	at com.kms.katalon.core.main.TestCaseExecutor.doExecute(TestCaseExecutor.java:439)
	at com.kms.katalon.core.main.TestCaseExecutor.processExecutionPhase(TestCaseExecutor.java:418)
	at com.kms.katalon.core.main.TestCaseExecutor.accessMainPhase(TestCaseExecutor.java:410)
	at com.kms.katalon.core.main.TestCaseExecutor.execute(TestCaseExecutor.java:285)
	at com.kms.katalon.core.common.CommonExecutor.accessTestCaseMainPhase(CommonExecutor.java:65)
	at com.kms.katalon.core.main.TestSuiteExecutor.accessTestSuiteMainPhase(TestSuiteExecutor.java:150)
	at com.kms.katalon.core.main.TestSuiteExecutor.execute(TestSuiteExecutor.java:106)
	at com.kms.katalon.core.main.TestCaseMain.startTestSuite(TestCaseMain.java:180)
	at TempTestSuite1736837626743.run(TempTestSuite1736837626743.groovy:35)
	at java.base/jdk.internal.reflect.NativeMethodAccessorImpl.invoke0(Native Method)
	at java.base/jdk.internal.reflect.NativeMethodAccessorImpl.invoke(NativeMethodAccessorImpl.java:77)
	at java.base/jdk.internal.reflect.DelegatingMethodAccessorImpl.invoke(DelegatingMethodAccessorImpl.java:43)
Caused by: com.kms.katalon.core.exception.StepFailedException: Text 'нет данных' is present on page 
	... 26 more]]></system-err>
      </testcase>
      <system-out><![CDATA[14-01-2025T09:53:51 - [TEST_SUITE][FAILED] - Отображение данных: Test Cases/Факторный анализ/Факторный анализ отображение данных все филиалы FAILED.
Reason:
com.kms.katalon.core.exception.StepFailedException: Text 'нет данных' is present on page  (Root cause: com.kms.katalon.core.exception.StepFailedException: Text 'нет данных' is present on page 
	at com.kms.katalon.core.webui.keyword.internal.WebUIKeywordMain.stepFailed(WebUIKeywordMain.groovy:64)
	at com.kms.katalon.core.webui.keyword.builtin.VerifyTextNotPresentKeyword$_verifyTextNotPresent_closure1.doCall(VerifyTextNotPresentKeyword.groovy:77)
	at com.kms.katalon.core.webui.keyword.builtin.VerifyTextNotPresentKeyword$_verifyTextNotPresent_closure1.call(VerifyTextNotPresentKeyword.groovy)
	at com.kms.katalon.core.webui.keyword.internal.WebUIKeywordMain.runKeyword(WebUIKeywordMain.groovy:20)
	at com.kms.katalon.core.webui.keyword.builtin.VerifyTextNotPresentKeyword.verifyTextNotPresent(VerifyTextNotPresentKeyword.groovy:82)
	at com.kms.katalon.core.webui.keyword.builtin.VerifyTextNotPresentKeyword.execute(VerifyTextNotPresentKeyword.groovy:68)
	at com.kms.katalon.core.keyword.internal.KeywordExecutor.executeKeywordForPlatform(KeywordExecutor.groovy:74)
	at com.kms.katalon.core.webui.keyword.WebUiBuiltInKeywords.verifyTextNotPresent(WebUiBuiltInKeywords.groovy:1795)
	at Факторный анализ отображение данных все филиалы.Test(Факторный анализ отображение данных все филиалы:805)
	at Факторный анализ отображение данных все филиалы.Change(Факторный анализ отображение данных все филиалы:785)
	at Факторный анализ отображение данных все филиалы.run(Факторный анализ отображение данных все филиалы:752)
	at com.kms.katalon.core.main.ScriptEngine.run(ScriptEngine.java:194)
	at com.kms.katalon.core.main.ScriptEngine.runScriptAsRawText(ScriptEngine.java:119)
	at com.kms.katalon.core.main.TestCaseExecutor.runScript(TestCaseExecutor.java:448)
	at com.kms.katalon.core.main.TestCaseExecutor.doExecute(TestCaseExecutor.java:439)
	at com.kms.katalon.core.main.TestCaseExecutor.processExecutionPhase(TestCaseExecutor.java:418)
	at com.kms.katalon.core.main.TestCaseExecutor.accessMainPhase(TestCaseExecutor.java:410)
	at com.kms.katalon.core.main.TestCaseExecutor.execute(TestCaseExecutor.java:285)
	at com.kms.katalon.core.common.CommonExecutor.accessTestCaseMainPhase(CommonExecutor.java:65)
	at com.kms.katalon.core.main.TestSuiteExecutor.accessTestSuiteMainPhase(TestSuiteExecutor.java:150)
	at com.kms.katalon.core.main.TestSuiteExecutor.execute(TestSuiteExecutor.java:106)
	at com.kms.katalon.core.main.TestCaseMain.startTestSuite(TestCaseMain.java:180)
	at TempTestSuite1736837626743.run(TempTestSuite1736837626743.groovy:35)
	at java.base/jdk.internal.reflect.NativeMethodAccessorImpl.invoke0(Native Method)
	at java.base/jdk.internal.reflect.NativeMethodAccessorImpl.invoke(NativeMethodAccessorImpl.java:77)
	at java.base/jdk.internal.reflect.DelegatingMethodAccessorImpl.invoke(DelegatingMethodAccessorImpl.java:43)
)
	at com.kms.katalon.core.keyword.internal.KeywordMain.stepFailed(KeywordMain.groovy:39)
	at com.kms.katalon.core.webui.keyword.internal.WebUIKeywordMain.stepFailed(WebUIKeywordMain.groovy:64)
	at com.kms.katalon.core.webui.keyword.builtin.VerifyTextNotPresentKeyword$_verifyTextNotPresent_closure1.doCall(VerifyTextNotPresentKeyword.groovy:77)
	at com.kms.katalon.core.webui.keyword.builtin.VerifyTextNotPresentKeyword$_verifyTextNotPresent_closure1.call(VerifyTextNotPresentKeyword.groovy)
	at com.kms.katalon.core.webui.keyword.internal.WebUIKeywordMain.runKeyword(WebUIKeywordMain.groovy:20)
	at com.kms.katalon.core.webui.keyword.builtin.VerifyTextNotPresentKeyword.verifyTextNotPresent(VerifyTextNotPresentKeyword.groovy:82)
	at com.kms.katalon.core.webui.keyword.builtin.VerifyTextNotPresentKeyword.execute(VerifyTextNotPresentKeyword.groovy:68)
	at com.kms.katalon.core.keyword.internal.KeywordExecutor.executeKeywordForPlatform(KeywordExecutor.groovy:74)
	at com.kms.katalon.core.webui.keyword.WebUiBuiltInKeywords.verifyTextNotPresent(WebUiBuiltInKeywords.groovy:1795)
	at Факторный анализ отображение данных все филиалы.Test(Факторный анализ отображение данных все филиалы:805)
	at Факторный анализ отображение данных все филиалы.Change(Факторный анализ отображение данных все филиалы:785)
	at Факторный анализ отображение данных все филиалы.run(Факторный анализ отображение данных все филиалы:752)
	at com.kms.katalon.core.main.ScriptEngine.run(ScriptEngine.java:194)
	at com.kms.katalon.core.main.ScriptEngine.runScriptAsRawText(ScriptEngine.java:119)
	at com.kms.katalon.core.main.TestCaseExecutor.runScript(TestCaseExecutor.java:448)
	at com.kms.katalon.core.main.TestCaseExecutor.doExecute(TestCaseExecutor.java:439)
	at com.kms.katalon.core.main.TestCaseExecutor.processExecutionPhase(TestCaseExecutor.java:418)
	at com.kms.katalon.core.main.TestCaseExecutor.accessMainPhase(TestCaseExecutor.java:410)
	at com.kms.katalon.core.main.TestCaseExecutor.execute(TestCaseExecutor.java:285)
	at com.kms.katalon.core.common.CommonExecutor.accessTestCaseMainPhase(CommonExecutor.java:65)
	at com.kms.katalon.core.main.TestSuiteExecutor.accessTestSuiteMainPhase(TestSuiteExecutor.java:150)
	at com.kms.katalon.core.main.TestSuiteExecutor.execute(TestSuiteExecutor.java:106)
	at com.kms.katalon.core.main.TestCaseMain.startTestSuite(TestCaseMain.java:180)
	at TempTestSuite1736837626743.run(TempTestSuite1736837626743.groovy:35)
	at java.base/jdk.internal.reflect.NativeMethodAccessorImpl.invoke0(Native Method)
	at java.base/jdk.internal.reflect.NativeMethodAccessorImpl.invoke(NativeMethodAccessorImpl.java:77)
	at java.base/jdk.internal.reflect.DelegatingMethodAccessorImpl.invoke(DelegatingMethodAccessorImpl.java:43)
Caused by: com.kms.katalon.core.exception.StepFailedException: Text 'нет данных' is present on page 
	... 26 more]]></system-out>
      <system-err><![CDATA[14-01-2025T09:53:51 - [TEST_SUITE][FAILED] - Отображение данных: Test Cases/Факторный анализ/Факторный анализ отображение данных все филиалы FAILED.
Reason:
com.kms.katalon.core.exception.StepFailedException: Text 'нет данных' is present on page  (Root cause: com.kms.katalon.core.exception.StepFailedException: Text 'нет данных' is present on page 
	at com.kms.katalon.core.webui.keyword.internal.WebUIKeywordMain.stepFailed(WebUIKeywordMain.groovy:64)
	at com.kms.katalon.core.webui.keyword.builtin.VerifyTextNotPresentKeyword$_verifyTextNotPresent_closure1.doCall(VerifyTextNotPresentKeyword.groovy:77)
	at com.kms.katalon.core.webui.keyword.builtin.VerifyTextNotPresentKeyword$_verifyTextNotPresent_closure1.call(VerifyTextNotPresentKeyword.groovy)
	at com.kms.katalon.core.webui.keyword.internal.WebUIKeywordMain.runKeyword(WebUIKeywordMain.groovy:20)
	at com.kms.katalon.core.webui.keyword.builtin.VerifyTextNotPresentKeyword.verifyTextNotPresent(VerifyTextNotPresentKeyword.groovy:82)
	at com.kms.katalon.core.webui.keyword.builtin.VerifyTextNotPresentKeyword.execute(VerifyTextNotPresentKeyword.groovy:68)
	at com.kms.katalon.core.keyword.internal.KeywordExecutor.executeKeywordForPlatform(KeywordExecutor.groovy:74)
	at com.kms.katalon.core.webui.keyword.WebUiBuiltInKeywords.verifyTextNotPresent(WebUiBuiltInKeywords.groovy:1795)
	at Факторный анализ отображение данных все филиалы.Test(Факторный анализ отображение данных все филиалы:805)
	at Факторный анализ отображение данных все филиалы.Change(Факторный анализ отображение данных все филиалы:785)
	at Факторный анализ отображение данных все филиалы.run(Факторный анализ отображение данных все филиалы:752)
	at com.kms.katalon.core.main.ScriptEngine.run(ScriptEngine.java:194)
	at com.kms.katalon.core.main.ScriptEngine.runScriptAsRawText(ScriptEngine.java:119)
	at com.kms.katalon.core.main.TestCaseExecutor.runScript(TestCaseExecutor.java:448)
	at com.kms.katalon.core.main.TestCaseExecutor.doExecute(TestCaseExecutor.java:439)
	at com.kms.katalon.core.main.TestCaseExecutor.processExecutionPhase(TestCaseExecutor.java:418)
	at com.kms.katalon.core.main.TestCaseExecutor.accessMainPhase(TestCaseExecutor.java:410)
	at com.kms.katalon.core.main.TestCaseExecutor.execute(TestCaseExecutor.java:285)
	at com.kms.katalon.core.common.CommonExecutor.accessTestCaseMainPhase(CommonExecutor.java:65)
	at com.kms.katalon.core.main.TestSuiteExecutor.accessTestSuiteMainPhase(TestSuiteExecutor.java:150)
	at com.kms.katalon.core.main.TestSuiteExecutor.execute(TestSuiteExecutor.java:106)
	at com.kms.katalon.core.main.TestCaseMain.startTestSuite(TestCaseMain.java:180)
	at TempTestSuite1736837626743.run(TempTestSuite1736837626743.groovy:35)
	at java.base/jdk.internal.reflect.NativeMethodAccessorImpl.invoke0(Native Method)
	at java.base/jdk.internal.reflect.NativeMethodAccessorImpl.invoke(NativeMethodAccessorImpl.java:77)
	at java.base/jdk.internal.reflect.DelegatingMethodAccessorImpl.invoke(DelegatingMethodAccessorImpl.java:43)
)
	at com.kms.katalon.core.keyword.internal.KeywordMain.stepFailed(KeywordMain.groovy:39)
	at com.kms.katalon.core.webui.keyword.internal.WebUIKeywordMain.stepFailed(WebUIKeywordMain.groovy:64)
	at com.kms.katalon.core.webui.keyword.builtin.VerifyTextNotPresentKeyword$_verifyTextNotPresent_closure1.doCall(VerifyTextNotPresentKeyword.groovy:77)
	at com.kms.katalon.core.webui.keyword.builtin.VerifyTextNotPresentKeyword$_verifyTextNotPresent_closure1.call(VerifyTextNotPresentKeyword.groovy)
	at com.kms.katalon.core.webui.keyword.internal.WebUIKeywordMain.runKeyword(WebUIKeywordMain.groovy:20)
	at com.kms.katalon.core.webui.keyword.builtin.VerifyTextNotPresentKeyword.verifyTextNotPresent(VerifyTextNotPresentKeyword.groovy:82)
	at com.kms.katalon.core.webui.keyword.builtin.VerifyTextNotPresentKeyword.execute(VerifyTextNotPresentKeyword.groovy:68)
	at com.kms.katalon.core.keyword.internal.KeywordExecutor.executeKeywordForPlatform(KeywordExecutor.groovy:74)
	at com.kms.katalon.core.webui.keyword.WebUiBuiltInKeywords.verifyTextNotPresent(WebUiBuiltInKeywords.groovy:1795)
	at Факторный анализ отображение данных все филиалы.Test(Факторный анализ отображение данных все филиалы:805)
	at Факторный анализ отображение данных все филиалы.Change(Факторный анализ отображение данных все филиалы:785)
	at Факторный анализ отображение данных все филиалы.run(Факторный анализ отображение данных все филиалы:752)
	at com.kms.katalon.core.main.ScriptEngine.run(ScriptEngine.java:194)
	at com.kms.katalon.core.main.ScriptEngine.runScriptAsRawText(ScriptEngine.java:119)
	at com.kms.katalon.core.main.TestCaseExecutor.runScript(TestCaseExecutor.java:448)
	at com.kms.katalon.core.main.TestCaseExecutor.doExecute(TestCaseExecutor.java:439)
	at com.kms.katalon.core.main.TestCaseExecutor.processExecutionPhase(TestCaseExecutor.java:418)
	at com.kms.katalon.core.main.TestCaseExecutor.accessMainPhase(TestCaseExecutor.java:410)
	at com.kms.katalon.core.main.TestCaseExecutor.execute(TestCaseExecutor.java:285)
	at com.kms.katalon.core.common.CommonExecutor.accessTestCaseMainPhase(CommonExecutor.java:65)
	at com.kms.katalon.core.main.TestSuiteExecutor.accessTestSuiteMainPhase(TestSuiteExecutor.java:150)
	at com.kms.katalon.core.main.TestSuiteExecutor.execute(TestSuiteExecutor.java:106)
	at com.kms.katalon.core.main.TestCaseMain.startTestSuite(TestCaseMain.java:180)
	at TempTestSuite1736837626743.run(TempTestSuite1736837626743.groovy:35)
	at java.base/jdk.internal.reflect.NativeMethodAccessorImpl.invoke0(Native Method)
	at java.base/jdk.internal.reflect.NativeMethodAccessorImpl.invoke(NativeMethodAccessorImpl.java:77)
	at java.base/jdk.internal.reflect.DelegatingMethodAccessorImpl.invoke(DelegatingMethodAccessorImpl.java:43)
Caused by: com.kms.katalon.core.exception.StepFailedException: Text 'нет данных' is present on page 
	... 26 more]]></system-err>
   </testsuite>
</testsuites>
