<?xml version="1.0" encoding="UTF-8"?>
<testsuites name="New Test Suite" time="9614.672" tests="2" failures="1" errors="0">
   <testsuite name="New Test Suite" tests="2" failures="1" errors="0" time="9614.672" skipped="0" timestamp="13-01-2025T07:00:40" hostname="liazgina-di - UVV-WS904-D.ot.ru" id="Test Suites/New Test Suite">
      <properties>
         <property name="deviceName" value=""/>
         <property name="devicePlatform"/>
         <property name="logFolder" value="C:\\Users\\LIAZGINA-DI\\git\\SPORU\\Reports\\20250113_070034\\New Test Suite\\20250113_070035"/>
         <property name="logFiles" value="C:\\Users\\LIAZGINA-DI\\git\\SPORU\\Reports\\20250113_070034\\New Test Suite\\20250113_070035\\execution0.log, C:\\Users\\LIAZGINA-DI\\git\\SPORU\\Reports\\20250113_070034\\New Test Suite\\20250113_070035\\execution1.log, C:\\Users\\LIAZGINA-DI\\git\\SPORU\\Reports\\20250113_070034\\New Test Suite\\20250113_070035\\execution2.log"/>
         <property name="attachments" value="C:\\Users\\LIAZGINA-DI\\git\\SPORU\\Reports\\20250113_070034\\New Test Suite\\20250113_070035\\1736741384520.png"/>
         <property name="hostName" value="liazgina-di - UVV-WS904-D.ot.ru"/>
         <property name="os" value="Windows 10 64bit"/>
         <property name="katalonVersion" value="9.5.0.217"/>
         <property name="browser" value="Chrome 131.0.0.0"/>
         <property name="hostAddress" value="192.168.0.19"/>
         <property name="sessionId" value="0a9743ef24560d7d42d4df0d8e734468"/>
         <property name="seleniumVersion" value="3.141.59"/>
         <property name="proxyInformation" value="ProxyInformation { proxyOption=NO_PROXY, proxyServerType=HTTP, username=, password=********, proxyServerAddress=, proxyServerPort=0, executionList=&quot;&quot;, isApplyToDesiredCapabilities=true }"/>
         <property name="platform" value="Windows 10"/>
      </properties>
      <testcase name="Test Cases/Сверки дашбордов/Выполнение бизнес-плана сверка дашбордов - Copy" time="1048.464" classname="Test Cases/Сверки дашбордов/Выполнение бизнес-плана сверка дашбордов - Copy" status="FAILED">
         <failure type="FAILED" message="Test Cases/Сверки дашбордов/Выполнение бизнес-плана сверка дашбордов - Copy FAILED.&#xa;Reason:&#xa;com.kms.katalon.core.exception.StepFailedException: Unable to verify object is present (Root cause: com.kms.katalon.core.exception.StepFailedException: Unable to verify object is present&#xa;	at com.kms.katalon.core.webui.keyword.internal.WebUIKeywordMain.stepFailed(WebUIKeywordMain.groovy:64)&#xa;	at com.kms.katalon.core.webui.keyword.internal.WebUIKeywordMain.runKeyword(WebUIKeywordMain.groovy:26)&#xa;	at com.kms.katalon.core.webui.keyword.builtin.VerifyElementPresentKeyword.verifyElementPresent(VerifyElementPresentKeyword.groovy:92)&#xa;	at com.kms.katalon.core.webui.keyword.builtin.VerifyElementPresentKeyword.execute(VerifyElementPresentKeyword.groovy:68)&#xa;	at com.kms.katalon.core.keyword.internal.KeywordExecutor.executeKeywordForPlatform(KeywordExecutor.groovy:74)&#xa;	at com.kms.katalon.core.webui.keyword.WebUiBuiltInKeywords.verifyElementPresent(WebUiBuiltInKeywords.groovy:1503)&#xa;	at Выполнение бизнес-плана сверка дашбордов - Copy.GetAllPAOData(Выполнение бизнес-плана сверка дашбордов - Copy:862)&#xa;	at Выполнение бизнес-плана сверка дашбордов - Copy.run(Выполнение бизнес-плана сверка дашбордов - Copy:362)&#xa;	at com.kms.katalon.core.main.ScriptEngine.run(ScriptEngine.java:194)&#xa;	at com.kms.katalon.core.main.ScriptEngine.runScriptAsRawText(ScriptEngine.java:119)&#xa;	at com.kms.katalon.core.main.TestCaseExecutor.runScript(TestCaseExecutor.java:448)&#xa;	at com.kms.katalon.core.main.TestCaseExecutor.doExecute(TestCaseExecutor.java:439)&#xa;	at com.kms.katalon.core.main.TestCaseExecutor.processExecutionPhase(TestCaseExecutor.java:418)&#xa;	at com.kms.katalon.core.main.TestCaseExecutor.accessMainPhase(TestCaseExecutor.java:410)&#xa;	at com.kms.katalon.core.main.TestCaseExecutor.execute(TestCaseExecutor.java:285)&#xa;	at com.kms.katalon.core.common.CommonExecutor.accessTestCaseMainPhase(CommonExecutor.java:65)&#xa;	at com.kms.katalon.core.main.TestSuiteExecutor.accessTestSuiteMainPhase(TestSuiteExecutor.java:150)&#xa;	at com.kms.katalon.core.main.TestSuiteExecutor.execute(TestSuiteExecutor.java:106)&#xa;	at com.kms.katalon.core.main.TestCaseMain.startTestSuite(TestCaseMain.java:180)&#xa;	at TempTestSuite1736740835951.run(TempTestSuite1736740835951.groovy:35)&#xa;	at java.base/jdk.internal.reflect.NativeMethodAccessorImpl.invoke0(Native Method)&#xa;	at java.base/jdk.internal.reflect.NativeMethodAccessorImpl.invoke(NativeMethodAccessorImpl.java:77)&#xa;	at java.base/jdk.internal.reflect.DelegatingMethodAccessorImpl.invoke(DelegatingMethodAccessorImpl.java:43)&#xa;Caused by: java.lang.IllegalArgumentException: Object is null&#xa;	at com.kms.katalon.core.helper.KeywordHelper.checkTestObjectParameter(KeywordHelper.java:33)&#xa;	at com.kms.katalon.core.webui.keyword.builtin.VerifyElementPresentKeyword$_verifyElementPresent_closure1.doCall(VerifyElementPresentKeyword.groovy:76)&#xa;	at com.kms.katalon.core.webui.keyword.builtin.VerifyElementPresentKeyword$_verifyElementPresent_closure1.call(VerifyElementPresentKeyword.groovy)&#xa;	at com.kms.katalon.core.webui.keyword.internal.WebUIKeywordMain.runKeyword(WebUIKeywordMain.groovy:20)&#xa;	at com.kms.katalon.core.webui.keyword.builtin.VerifyElementPresentKeyword.verifyElementPresent(VerifyElementPresentKeyword.groovy:92)&#xa;	at com.kms.katalon.core.webui.keyword.builtin.VerifyElementPresentKeyword.execute(VerifyElementPresentKeyword.groovy:68)&#xa;	at com.kms.katalon.core.keyword.internal.KeywordExecutor.executeKeywordForPlatform(KeywordExecutor.groovy:74)&#xa;	at com.kms.katalon.core.webui.keyword.WebUiBuiltInKeywords.verifyElementPresent(WebUiBuiltInKeywords.groovy:1503)&#xa;	at Script1736739304585.GetAllPAOData(Script1736739304585.groovy:862)&#xa;	at Script1736739304585.run(Script1736739304585.groovy:362)&#xa;	... 15 more&#xa;)&#xa;	at com.kms.katalon.core.keyword.internal.KeywordMain.stepFailed(KeywordMain.groovy:39)&#xa;	at com.kms.katalon.core.webui.keyword.internal.WebUIKeywordMain.stepFailed(WebUIKeywordMain.groovy:64)&#xa;	at com.kms.katalon.core.webui.keyword.internal.WebUIKeywordMain.runKeyword(WebUIKeywordMain.groovy:26)&#xa;	at com.kms.katalon.core.webui.keyword.builtin.VerifyElementPresentKeyword.verifyElementPresent(VerifyElementPresentKeyword.groovy:92)&#xa;	at com.kms.katalon.core.webui.keyword.builtin.VerifyElementPresentKeyword.execute(VerifyElementPresentKeyword.groovy:68)&#xa;	at com.kms.katalon.core.keyword.internal.KeywordExecutor.executeKeywordForPlatform(KeywordExecutor.groovy:74)&#xa;	at com.kms.katalon.core.webui.keyword.WebUiBuiltInKeywords.verifyElementPresent(WebUiBuiltInKeywords.groovy:1503)&#xa;	at Выполнение бизнес-плана сверка дашбордов - Copy.GetAllPAOData(Выполнение бизнес-плана сверка дашбордов - Copy:862)&#xa;	at Выполнение бизнес-плана сверка дашбордов - Copy.run(Выполнение бизнес-плана сверка дашбордов - Copy:362)&#xa;	at com.kms.katalon.core.main.ScriptEngine.run(ScriptEngine.java:194)&#xa;	at com.kms.katalon.core.main.ScriptEngine.runScriptAsRawText(ScriptEngine.java:119)&#xa;	at com.kms.katalon.core.main.TestCaseExecutor.runScript(TestCaseExecutor.java:448)&#xa;	at com.kms.katalon.core.main.TestCaseExecutor.doExecute(TestCaseExecutor.java:439)&#xa;	at com.kms.katalon.core.main.TestCaseExecutor.processExecutionPhase(TestCaseExecutor.java:418)&#xa;	at com.kms.katalon.core.main.TestCaseExecutor.accessMainPhase(TestCaseExecutor.java:410)&#xa;	at com.kms.katalon.core.main.TestCaseExecutor.execute(TestCaseExecutor.java:285)&#xa;	at com.kms.katalon.core.common.CommonExecutor.accessTestCaseMainPhase(CommonExecutor.java:65)&#xa;	at com.kms.katalon.core.main.TestSuiteExecutor.accessTestSuiteMainPhase(TestSuiteExecutor.java:150)&#xa;	at com.kms.katalon.core.main.TestSuiteExecutor.execute(TestSuiteExecutor.java:106)&#xa;	at com.kms.katalon.core.main.TestCaseMain.startTestSuite(TestCaseMain.java:180)&#xa;	at TempTestSuite1736740835951.run(TempTestSuite1736740835951.groovy:35)&#xa;	at java.base/jdk.internal.reflect.NativeMethodAccessorImpl.invoke0(Native Method)&#xa;	at java.base/jdk.internal.reflect.NativeMethodAccessorImpl.invoke(NativeMethodAccessorImpl.java:77)&#xa;	at java.base/jdk.internal.reflect.DelegatingMethodAccessorImpl.invoke(DelegatingMethodAccessorImpl.java:43)&#xa;Caused by: com.kms.katalon.core.exception.StepFailedException: Unable to verify object is present&#xa;	... 23 more&#xa;Caused by: java.lang.IllegalArgumentException: Object is null&#xa;	at com.kms.katalon.core.helper.KeywordHelper.checkTestObjectParameter(KeywordHelper.java:33)&#xa;	at com.kms.katalon.core.webui.keyword.builtin.VerifyElementPresentKeyword$_verifyElementPresent_closure1.doCall(VerifyElementPresentKeyword.groovy:76)&#xa;	at com.kms.katalon.core.webui.keyword.builtin.VerifyElementPresentKeyword$_verifyElementPresent_closure1.call(VerifyElementPresentKeyword.groovy)&#xa;	at com.kms.katalon.core.webui.keyword.internal.WebUIKeywordMain.runKeyword(WebUIKeywordMain.groovy:20)&#xa;	... 21 more&#xa;"/>
         <system-out><![CDATA[13-01-2025T07:00:40 - [TEST_CASE][FAILED] - Test Cases/Сверки дашбордов/Выполнение бизнес-плана сверка дашбордов - Copy: Test Cases/Сверки дашбордов/Выполнение бизнес-плана сверка дашбордов - Copy FAILED.
Reason:
com.kms.katalon.core.exception.StepFailedException: Unable to verify object is present (Root cause: com.kms.katalon.core.exception.StepFailedException: Unable to verify object is present
	at com.kms.katalon.core.webui.keyword.internal.WebUIKeywordMain.stepFailed(WebUIKeywordMain.groovy:64)
	at com.kms.katalon.core.webui.keyword.internal.WebUIKeywordMain.runKeyword(WebUIKeywordMain.groovy:26)
	at com.kms.katalon.core.webui.keyword.builtin.VerifyElementPresentKeyword.verifyElementPresent(VerifyElementPresentKeyword.groovy:92)
	at com.kms.katalon.core.webui.keyword.builtin.VerifyElementPresentKeyword.execute(VerifyElementPresentKeyword.groovy:68)
	at com.kms.katalon.core.keyword.internal.KeywordExecutor.executeKeywordForPlatform(KeywordExecutor.groovy:74)
	at com.kms.katalon.core.webui.keyword.WebUiBuiltInKeywords.verifyElementPresent(WebUiBuiltInKeywords.groovy:1503)
	at Выполнение бизнес-плана сверка дашбордов - Copy.GetAllPAOData(Выполнение бизнес-плана сверка дашбордов - Copy:862)
	at Выполнение бизнес-плана сверка дашбордов - Copy.run(Выполнение бизнес-плана сверка дашбордов - Copy:362)
	at com.kms.katalon.core.main.ScriptEngine.run(ScriptEngine.java:194)
	at com.kms.katalon.core.main.ScriptEngine.runScriptAsRawText(ScriptEngine.java:119)
	at com.kms.katalon.core.main.TestCaseExecutor.runScript(TestCaseExecutor.java:448)
	at com.kms.katalon.core.main.TestCaseExecutor.doExecute(TestCaseExecutor.java:439)
	at com.kms.katalon.core.main.TestCaseExecutor.processExecutionPhase(TestCaseExecutor.java:418)
	at com.kms.katalon.core.main.TestCaseExecutor.accessMainPhase(TestCaseExecutor.java:410)
	at com.kms.katalon.core.main.TestCaseExecutor.execute(TestCaseExecutor.java:285)
	at com.kms.katalon.core.common.CommonExecutor.accessTestCaseMainPhase(CommonExecutor.java:65)
	at com.kms.katalon.core.main.TestSuiteExecutor.accessTestSuiteMainPhase(TestSuiteExecutor.java:150)
	at com.kms.katalon.core.main.TestSuiteExecutor.execute(TestSuiteExecutor.java:106)
	at com.kms.katalon.core.main.TestCaseMain.startTestSuite(TestCaseMain.java:180)
	at TempTestSuite1736740835951.run(TempTestSuite1736740835951.groovy:35)
	at java.base/jdk.internal.reflect.NativeMethodAccessorImpl.invoke0(Native Method)
	at java.base/jdk.internal.reflect.NativeMethodAccessorImpl.invoke(NativeMethodAccessorImpl.java:77)
	at java.base/jdk.internal.reflect.DelegatingMethodAccessorImpl.invoke(DelegatingMethodAccessorImpl.java:43)
Caused by: java.lang.IllegalArgumentException: Object is null
	at com.kms.katalon.core.helper.KeywordHelper.checkTestObjectParameter(KeywordHelper.java:33)
	at com.kms.katalon.core.webui.keyword.builtin.VerifyElementPresentKeyword$_verifyElementPresent_closure1.doCall(VerifyElementPresentKeyword.groovy:76)
	at com.kms.katalon.core.webui.keyword.builtin.VerifyElementPresentKeyword$_verifyElementPresent_closure1.call(VerifyElementPresentKeyword.groovy)
	at com.kms.katalon.core.webui.keyword.internal.WebUIKeywordMain.runKeyword(WebUIKeywordMain.groovy:20)
	at com.kms.katalon.core.webui.keyword.builtin.VerifyElementPresentKeyword.verifyElementPresent(VerifyElementPresentKeyword.groovy:92)
	at com.kms.katalon.core.webui.keyword.builtin.VerifyElementPresentKeyword.execute(VerifyElementPresentKeyword.groovy:68)
	at com.kms.katalon.core.keyword.internal.KeywordExecutor.executeKeywordForPlatform(KeywordExecutor.groovy:74)
	at com.kms.katalon.core.webui.keyword.WebUiBuiltInKeywords.verifyElementPresent(WebUiBuiltInKeywords.groovy:1503)
	at Script1736739304585.GetAllPAOData(Script1736739304585.groovy:862)
	at Script1736739304585.run(Script1736739304585.groovy:362)
	... 15 more
)
	at com.kms.katalon.core.keyword.internal.KeywordMain.stepFailed(KeywordMain.groovy:39)
	at com.kms.katalon.core.webui.keyword.internal.WebUIKeywordMain.stepFailed(WebUIKeywordMain.groovy:64)
	at com.kms.katalon.core.webui.keyword.internal.WebUIKeywordMain.runKeyword(WebUIKeywordMain.groovy:26)
	at com.kms.katalon.core.webui.keyword.builtin.VerifyElementPresentKeyword.verifyElementPresent(VerifyElementPresentKeyword.groovy:92)
	at com.kms.katalon.core.webui.keyword.builtin.VerifyElementPresentKeyword.execute(VerifyElementPresentKeyword.groovy:68)
	at com.kms.katalon.core.keyword.internal.KeywordExecutor.executeKeywordForPlatform(KeywordExecutor.groovy:74)
	at com.kms.katalon.core.webui.keyword.WebUiBuiltInKeywords.verifyElementPresent(WebUiBuiltInKeywords.groovy:1503)
	at Выполнение бизнес-плана сверка дашбордов - Copy.GetAllPAOData(Выполнение бизнес-плана сверка дашбордов - Copy:862)
	at Выполнение бизнес-плана сверка дашбордов - Copy.run(Выполнение бизнес-плана сверка дашбордов - Copy:362)
	at com.kms.katalon.core.main.ScriptEngine.run(ScriptEngine.java:194)
	at com.kms.katalon.core.main.ScriptEngine.runScriptAsRawText(ScriptEngine.java:119)
	at com.kms.katalon.core.main.TestCaseExecutor.runScript(TestCaseExecutor.java:448)
	at com.kms.katalon.core.main.TestCaseExecutor.doExecute(TestCaseExecutor.java:439)
	at com.kms.katalon.core.main.TestCaseExecutor.processExecutionPhase(TestCaseExecutor.java:418)
	at com.kms.katalon.core.main.TestCaseExecutor.accessMainPhase(TestCaseExecutor.java:410)
	at com.kms.katalon.core.main.TestCaseExecutor.execute(TestCaseExecutor.java:285)
	at com.kms.katalon.core.common.CommonExecutor.accessTestCaseMainPhase(CommonExecutor.java:65)
	at com.kms.katalon.core.main.TestSuiteExecutor.accessTestSuiteMainPhase(TestSuiteExecutor.java:150)
	at com.kms.katalon.core.main.TestSuiteExecutor.execute(TestSuiteExecutor.java:106)
	at com.kms.katalon.core.main.TestCaseMain.startTestSuite(TestCaseMain.java:180)
	at TempTestSuite1736740835951.run(TempTestSuite1736740835951.groovy:35)
	at java.base/jdk.internal.reflect.NativeMethodAccessorImpl.invoke0(Native Method)
	at java.base/jdk.internal.reflect.NativeMethodAccessorImpl.invoke(NativeMethodAccessorImpl.java:77)
	at java.base/jdk.internal.reflect.DelegatingMethodAccessorImpl.invoke(DelegatingMethodAccessorImpl.java:43)
Caused by: com.kms.katalon.core.exception.StepFailedException: Unable to verify object is present
	... 23 more
Caused by: java.lang.IllegalArgumentException: Object is null
	at com.kms.katalon.core.helper.KeywordHelper.checkTestObjectParameter(KeywordHelper.java:33)
	at com.kms.katalon.core.webui.keyword.builtin.VerifyElementPresentKeyword$_verifyElementPresent_closure1.doCall(VerifyElementPresentKeyword.groovy:76)
	at com.kms.katalon.core.webui.keyword.builtin.VerifyElementPresentKeyword$_verifyElementPresent_closure1.call(VerifyElementPresentKeyword.groovy)
	at com.kms.katalon.core.webui.keyword.internal.WebUIKeywordMain.runKeyword(WebUIKeywordMain.groovy:20)
	... 21 more


13-01-2025T07:00:41 - [TEST_STEP][PASSED] - date = new java.util.Date(): null

13-01-2025T07:00:41 - [TEST_STEP][PASSED] - todaysDate = date.format("dd.MM.yyyy"): null

13-01-2025T07:00:41 - [TEST_STEP][PASSED] - blockNum = <not implemented yet for class: org.codehaus.groovy.ast.expr.EmptyExpression>: null

13-01-2025T07:00:41 - [TEST_STEP][PASSED] - path = <not implemented yet for class: org.codehaus.groovy.ast.expr.EmptyExpression>: null

13-01-2025T07:00:41 - [TEST_STEP][PASSED] - typeOfData = <not implemented yet for class: org.codehaus.groovy.ast.expr.EmptyExpression>: null

13-01-2025T07:00:41 - [TEST_STEP][PASSED] - i = <not implemented yet for class: org.codehaus.groovy.ast.expr.EmptyExpression>: null

13-01-2025T07:00:41 - [TEST_STEP][PASSED] - dZO = <not implemented yet for class: org.codehaus.groovy.ast.expr.EmptyExpression>: null

13-01-2025T07:00:41 - [TEST_STEP][PASSED] - vidget = <not implemented yet for class: org.codehaus.groovy.ast.expr.EmptyExpression>: null

13-01-2025T07:00:41 - [TEST_STEP][PASSED] - tabR = <not implemented yet for class: org.codehaus.groovy.ast.expr.EmptyExpression>: null

13-01-2025T07:00:41 - [TEST_STEP][PASSED] - tabB = <not implemented yet for class: org.codehaus.groovy.ast.expr.EmptyExpression>: null

13-01-2025T07:00:41 - [TEST_STEP][PASSED] - o1R = <not implemented yet for class: org.codehaus.groovy.ast.expr.EmptyExpression>: null

13-01-2025T07:00:41 - [TEST_STEP][PASSED] - o1B = <not implemented yet for class: org.codehaus.groovy.ast.expr.EmptyExpression>: null

13-01-2025T07:00:41 - [TEST_STEP][PASSED] - PercPlanR = <not implemented yet for class: org.codehaus.groovy.ast.expr.EmptyExpression>: null

13-01-2025T07:00:41 - [TEST_STEP][PASSED] - PercPlanB = <not implemented yet for class: org.codehaus.groovy.ast.expr.EmptyExpression>: null

13-01-2025T07:00:41 - [TEST_STEP][PASSED] - PercFactR = <not implemented yet for class: org.codehaus.groovy.ast.expr.EmptyExpression>: null

13-01-2025T07:00:41 - [TEST_STEP][PASSED] - PercFactB = <not implemented yet for class: org.codehaus.groovy.ast.expr.EmptyExpression>: null

13-01-2025T07:00:41 - [TEST_STEP][PASSED] - pRR = "ПАО Россети/": null

13-01-2025T07:00:41 - [TEST_STEP][PASSED] - fR = "Россети ФСК ЕЭС/": null

13-01-2025T07:00:41 - [TEST_STEP][PASSED] - tyR = "АО "Тываэнерго"/": null

13-01-2025T07:00:41 - [TEST_STEP][PASSED] - chR = "Чеченэнерго": null

13-01-2025T07:00:41 - [TEST_STEP][PASSED] - vR = "Россети Волга/": null

13-01-2025T07:00:41 - [TEST_STEP][PASSED] - kR = "Россети Кубань/": null

13-01-2025T07:00:41 - [TEST_STEP][PASSED] - lR = "Россети Ленэнерго (ГК)/": null

13-01-2025T07:00:41 - [TEST_STEP][PASSED] - mR = "Россети Московский регион/": null

13-01-2025T07:00:41 - [TEST_STEP][PASSED] - sKR = "Россети Северный Кавказ (ГК)/": null

13-01-2025T07:00:41 - [TEST_STEP][PASSED] - sZR = "Россети Северо-Запад/": null

13-01-2025T07:00:41 - [TEST_STEP][PASSED] - siR = "Россети Сибирь (ГК)/": null

13-01-2025T07:00:41 - [TEST_STEP][PASSED] - tomR = "Россети Томск/": null

13-01-2025T07:00:41 - [TEST_STEP][PASSED] - tyumR = "Россети Тюмень/": null

13-01-2025T07:00:41 - [TEST_STEP][PASSED] - urR = "Россети Урал (ГК)/": null

13-01-2025T07:00:41 - [TEST_STEP][PASSED] - cenR = "Россети Центр (ГК)/": null

13-01-2025T07:00:41 - [TEST_STEP][PASSED] - cIPR = "Россети Центр и Приволжье (ГК)/": null

13-01-2025T07:00:41 - [TEST_STEP][PASSED] - ugR = "Россети Юг (ГК)/": null

13-01-2025T07:00:41 - [TEST_STEP][PASSED] - yR = "Россети Янтарь/": null

13-01-2025T07:00:41 - [TEST_STEP][PASSED] - pRB = "ПАО Россети/": null

13-01-2025T07:00:41 - [TEST_STEP][PASSED] - fB = "Россети ФСК ЕЭС/": null

13-01-2025T07:00:41 - [TEST_STEP][PASSED] - tyB = "АО "Тываэнерго"/": null

13-01-2025T07:00:41 - [TEST_STEP][PASSED] - chB = "Чеченэнерго": null

13-01-2025T07:00:41 - [TEST_STEP][PASSED] - vB = "Россети Волга/": null

13-01-2025T07:00:41 - [TEST_STEP][PASSED] - kB = "Россети Кубань/": null

13-01-2025T07:00:41 - [TEST_STEP][PASSED] - lB = "Россети Ленэнерго (ГК)/": null

13-01-2025T07:00:41 - [TEST_STEP][PASSED] - mB = "Россети Московский регион/": null

13-01-2025T07:00:41 - [TEST_STEP][PASSED] - sKB = "Россети Северный Кавказ (ГК)/": null

13-01-2025T07:00:41 - [TEST_STEP][PASSED] - sZB = "Россети Северо-Запад/": null

13-01-2025T07:00:41 - [TEST_STEP][PASSED] - siB = "Россети Сибирь (ГК)/": null

13-01-2025T07:00:41 - [TEST_STEP][PASSED] - tomB = "Россети Томск/": null

13-01-2025T07:00:41 - [TEST_STEP][PASSED] - tyumB = "Россети Тюмень/": null

13-01-2025T07:00:41 - [TEST_STEP][PASSED] - urB = "Россети Урал (ГК)/": null

13-01-2025T07:00:41 - [TEST_STEP][PASSED] - cenB = "Россети Центр (ГК)/": null

13-01-2025T07:00:41 - [TEST_STEP][PASSED] - cIPB = "Россети Центр и Приволжье (ГК)/": null

13-01-2025T07:00:41 - [TEST_STEP][PASSED] - ugB = "Россети Юг (ГК)/": null

13-01-2025T07:00:41 - [TEST_STEP][PASSED] - yB = "Россети Янтарь/": null

13-01-2025T07:00:41 - [TEST_STEP][PASSED] - VseDZO = <not implemented yet for class: org.codehaus.groovy.ast.expr.EmptyExpression>: null

13-01-2025T07:00:41 - [TEST_STEP][PASSED] - a = <not implemented yet for class: org.codehaus.groovy.ast.expr.EmptyExpression>: null

13-01-2025T07:00:41 - [TEST_STEP][PASSED] - b = <not implemented yet for class: org.codehaus.groovy.ast.expr.EmptyExpression>: null

13-01-2025T07:00:41 - [TEST_STEP][PASSED] - dZONum = 0: null

13-01-2025T07:00:41 - [TEST_STEP][PASSED] - x = <not implemented yet for class: org.codehaus.groovy.ast.expr.EmptyExpression>: null

13-01-2025T07:00:41 - [TEST_STEP][PASSED] - blockNum = 1: null

13-01-2025T07:00:41 - [TEST_STEP][PASSED] - path = "Object Repository/Выполнение бизнес-плана/": null

13-01-2025T07:00:41 - [TEST_STEP][PASSED] - Script1736739304585.Presettings(blockNum, path): null

13-01-2025T07:00:41 - [TEST_STEP][PASSED] - blockNumber = <not implemented yet for class: org.codehaus.groovy.ast.expr.EmptyExpression>: null

13-01-2025T07:00:41 - [TEST_STEP][PASSED] - urlText = <not implemented yet for class: org.codehaus.groovy.ast.expr.EmptyExpression>: null

13-01-2025T07:00:41 - [TEST_STEP][PASSED] - searchWord = <not implemented yet for class: org.codehaus.groovy.ast.expr.EmptyExpression>: null

13-01-2025T07:00:41 - [TEST_STEP][PASSED] - i = <not implemented yet for class: org.codehaus.groovy.ast.expr.EmptyExpression>: null

13-01-2025T07:00:41 - [TEST_STEP][PASSED] - ii = <not implemented yet for class: org.codehaus.groovy.ast.expr.EmptyExpression>: null

13-01-2025T07:00:41 - [TEST_STEP][PASSED] - openBrowser(""): Browser is opened with url: ''

13-01-2025T07:00:42 - [MESSAGE][INFO] - Starting 'Chrome' driver

13-01-2025T07:00:42 - [MESSAGE][INFO] - Action delay is set to 0 milliseconds

13-01-2025T07:00:44 - [MESSAGE][PASSED] - Browser is opened with url: ''

13-01-2025T07:00:44 - [TEST_STEP][PASSED] - if (blockNum == 1): null

13-01-2025T07:00:44 - [TEST_STEP][PASSED] - path = "Object Repository/Выполнение бизнес-плана/": null

13-01-2025T07:00:44 - [TEST_STEP][PASSED] - blockNumber = 1: null

13-01-2025T07:00:44 - [TEST_STEP][PASSED] - navigateToUrl(findTestData("PlanFact").getValue(10, blockNumber)): Navigate to 'https://bi.rosseti.digital/viewer?dashboardGuid=d154a8eaf6824e2b9de1bb04dd061c18&sheetGuid=1305e8ce744049e1abdacea1ea397a26&fit=true' successfully

13-01-2025T07:00:51 - [MESSAGE][PASSED] - Navigate to 'https://bi.rosseti.digital/viewer?dashboardGuid=d154a8eaf6824e2b9de1bb04dd061c18&sheetGuid=1305e8ce744049e1abdacea1ea397a26&fit=true' successfully

13-01-2025T07:00:51 - [TEST_STEP][PASSED] - urlText = getText(findTestObject("Страница авторизации/Text")): Text of object 'Object Repository/Страница авторизации/Text' is: 'Вход'

13-01-2025T07:00:53 - [MESSAGE][PASSED] - Text of object 'Object Repository/Страница авторизации/Text' is: 'Вход'

13-01-2025T07:00:53 - [TEST_STEP][PASSED] - delay(10): Delayed 10 second(s)

13-01-2025T07:01:03 - [MESSAGE][PASSED] - Delayed 10 second(s)

13-01-2025T07:01:03 - [TEST_STEP][PASSED] - searchWord = "Вход": null

13-01-2025T07:01:03 - [TEST_STEP][PASSED] - if (urlText.contains(searchWord) == false): null

13-01-2025T07:01:03 - [TEST_STEP][PASSED] - setText(findTestObject("Страница авторизации/input__username"), findTestData("PlanFact").getValue(8, 1)): Text 'liazgina-di' is set on object 'Object Repository/Страница авторизации/input__username'

13-01-2025T07:01:03 - [MESSAGE][PASSED] - Text 'liazgina-di' is set on object 'Object Repository/Страница авторизации/input__username'

13-01-2025T07:01:03 - [TEST_STEP][PASSED] - setText(findTestObject("Страница авторизации/input__password"), findTestData("PlanFact").getValue(9, 1)): Text ')$%5srZ8o688Dm#q' is set on object 'Object Repository/Страница авторизации/input__password'

13-01-2025T07:01:04 - [MESSAGE][PASSED] - Text ')$%5srZ8o688Dm#q' is set on object 'Object Repository/Страница авторизации/input__password'

13-01-2025T07:01:04 - [TEST_STEP][PASSED] - click(findTestObject("Страница авторизации/button_")): Object: 'Object Repository/Страница авторизации/button_' is clicked on

13-01-2025T07:01:05 - [MESSAGE][PASSED] - Object: 'Object Repository/Страница авторизации/button_' is clicked on

13-01-2025T07:01:05 - [TEST_STEP][PASSED] - delay(50): Delayed 50 second(s)

13-01-2025T07:01:55 - [MESSAGE][PASSED] - Delayed 50 second(s)

13-01-2025T07:01:55 - [TEST_STEP][PASSED] - searchWord = "ДЗО": null

13-01-2025T07:01:55 - [TEST_STEP][PASSED] - urlText = getText(findTestObject("Страница авторизации/Text")): Text of object 'Object Repository/Страница авторизации/Text' is: 'ДЗО 
Все
Период
1, 2, 3 кв., Октябрь, Ноябрь 2024 года
Отклонения фактического уровня потерь от бизнес-плана, п.п.
-0.07
3.10
3.73
-0.05
0.16
-0.52
-0.27
АО «Тываэнерго»
АО «Чеченэнерго»
Россети Северный Кавказ
Россети Сибирь
Россети Тюмень
Россети Центр (ГК)
Россети Центр и Приволжье (ГК)
-1
0
1
2
3
4
5
6
7

Уровень потерь электроэнергии
АО «Тываэнерго»
АО «Чеченэнерго»
Россети Северный Кавказ
Россети Сибирь
Россети Тюмень
Россети Центр (ГК)
Россети Центр и Приволжье (ГК)
0
10
20
30
40
50
60
70
21.24
|
33.23
23.32
7.14
|
2.54
10.32
|
7.17
|
21.17
36.33
|
27.05
|
7.09
2.70
|
9.80
6.90
п.п.
0.04
Итого
0
0.02
0.04
0.06
%
5.56 5.56
5.52 5.52
План
Факт
1
100

● Бизнес-план выполнен● ●● Превышение бизнес-плана
Отклонения фактического уровня потерь от бизнес-плана за 3 месяца (нарастающим итогом), п.п.
-0.1-0.1
3.73.7
3.83.8
-0.0-0.0
0.10.1
-0.5-0.5
-0.2-0.2
-0.1-0.1
3.23.2
3.93.9
-0.0-0.0
0.10.1
-0.5-0.5
-0.3-0.3
-0.1-0.1
3.13.1
3.73.7
-0.0-0.0
0.20.2
-0.5-0.5
-0.3-0.3
Россети ФСКЕЭС
АО«Тываэнерго»
АО«Чеченэнерго»
Россети Волга
РоссетиКубань
РоссетиЛенэнерго (ГК)
РоссетиМосковскийрегион
РоссетиСеверныйКавказ (ГК)
Россети Северо-Запад
Россети Сибирь(ГК)
Россети Томск
Россети Тюмень
Россети Урал(ГК)
Россети Центр
Россети Центр иПриволжье (ГК)
Россети Юг (Г…
РоссетиЯнтарь
0
-5
5
п.п.
Отклонения фактического уровня потерь от бизнес-плана за 3 месяца (нарастающим итогом)
-0.2-0.2
-0.1-0.1
-0.5-0.5
-0.3-0.3
3.83.8
-1.8-1.8
-0.1-0.1
-0.3-0.3
-0.2-0.2
0.40.4
-0.7-0.7
-0.4-0.4
8.08.0
0.30.3
13.213.2
-0.2-0.2
-0.1-0.1
-0.2-0.2
-0.3-0.3
4.14.1
-1.8-1.8
-0.1-0.1
-0.3-0.3
-0.2-0.2
0.40.4
-0.7-0.7
-0.5-0.5
8.18.1
0.40.4
12.412.4
-0.2-0.2
-0.2-0.2
-0.3-0.3
4.74.7
-1.4-1.4
-0.3-0.3
-0.2-0.2
-0.5-0.5
-0.4-0.4
0.50.5
12.812.8
Итого по ФСК ЕЭС
Каббалкэнерго
Калмэнерго
АО "Кинешемская электросеть"
АО "Тываэнерго"
АО «ВМЭС»
АО «Воронежская горэлектросеть»
АО «Тульские городские электрические сети»
АО «Чеченэнерго»
АО «Ярославская электросетевая компания»
АО ЕЭСК
Алтайэнерго
Архангельский филиал
Астраханьэнерго
Белгородэнерго
Брянскэнерго
Бурятэнерго
Владимирэнерго
Волгоградэнерго
Вологодский филиал
Воронежэнерго
Дагэнерго
Ивэнерго
Ингушэнерго
-5
15

Статус данных
Просьба обратить внимание
— все данные не занесены
Факт
План
Итого – Факт
Отпуск в сеть 230 146 370
Отпуск из сети 209 300 970
Потери 20 845 400
Итого – План
Отпуск в сеть 225 220 588
Отпуск из сети 205 622 267
Потери 19 598 321
Выполнение бизнес-плана в части показателя «Уровень потерь электроэнергии»
Показатели баланса электроэнергии по ДЗО – Факт 
642 168 3 631 955 20 651 499 52 412 668 47 865 721 55 088 893 50 521 486
506 218 2 312 442 15 078 002 48 697 705 46 573 769 49 682 043 47 031 337
135 950 1 319 513 5 573 496 3 714 964 1 291 953 5 406 850 3 490 149
Показатели баланса электроэнергии по ДЗО – План
608 287 3 403 997 19 485 633 50 003 068 49 871 651 53 713 338 48 819 116
479 095 2 272 993 14 949 980 46 434 624 48 605 475 48 149 456 45 313 619
129 192 1 131 004 4 535 653 3 568 444 1 266 176 5 563 882 3 505 497'

13-01-2025T07:02:16 - [MESSAGE][PASSED] - Text of object 'Object Repository/Страница авторизации/Text' is: 'ДЗО 
Все
Период
1, 2, 3 кв., Октябрь, Ноябрь 2024 года
Отклонения фактического уровня потерь от бизнес-плана, п.п.
-0.07
3.10
3.73
-0.05
0.16
-0.52
-0.27
АО «Тываэнерго»
АО «Чеченэнерго»
Россети Северный Кавказ
Россети Сибирь
Россети Тюмень
Россети Центр (ГК)
Россети Центр и Приволжье (ГК)
-1
0
1
2
3
4
5
6
7

Уровень потерь электроэнергии
АО «Тываэнерго»
АО «Чеченэнерго»
Россети Северный Кавказ
Россети Сибирь
Россети Тюмень
Россети Центр (ГК)
Россети Центр и Приволжье (ГК)
0
10
20
30
40
50
60
70
21.24
|
33.23
23.32
7.14
|
2.54
10.32
|
7.17
|
21.17
36.33
|
27.05
|
7.09
2.70
|
9.80
6.90
п.п.
0.04
Итого
0
0.02
0.04
0.06
%
5.56 5.56
5.52 5.52
План
Факт
1
100

● Бизнес-план выполнен● ●● Превышение бизнес-плана
Отклонения фактического уровня потерь от бизнес-плана за 3 месяца (нарастающим итогом), п.п.
-0.1-0.1
3.73.7
3.83.8
-0.0-0.0
0.10.1
-0.5-0.5
-0.2-0.2
-0.1-0.1
3.23.2
3.93.9
-0.0-0.0
0.10.1
-0.5-0.5
-0.3-0.3
-0.1-0.1
3.13.1
3.73.7
-0.0-0.0
0.20.2
-0.5-0.5
-0.3-0.3
Россети ФСКЕЭС
АО«Тываэнерго»
АО«Чеченэнерго»
Россети Волга
РоссетиКубань
РоссетиЛенэнерго (ГК)
РоссетиМосковскийрегион
РоссетиСеверныйКавказ (ГК)
Россети Северо-Запад
Россети Сибирь(ГК)
Россети Томск
Россети Тюмень
Россети Урал(ГК)
Россети Центр
Россети Центр иПриволжье (ГК)
Россети Юг (Г…
РоссетиЯнтарь
0
-5
5
п.п.
Отклонения фактического уровня потерь от бизнес-плана за 3 месяца (нарастающим итогом)
-0.2-0.2
-0.1-0.1
-0.5-0.5
-0.3-0.3
3.83.8
-1.8-1.8
-0.1-0.1
-0.3-0.3
-0.2-0.2
0.40.4
-0.7-0.7
-0.4-0.4
8.08.0
0.30.3
13.213.2
-0.2-0.2
-0.1-0.1
-0.2-0.2
-0.3-0.3
4.14.1
-1.8-1.8
-0.1-0.1
-0.3-0.3
-0.2-0.2
0.40.4
-0.7-0.7
-0.5-0.5
8.18.1
0.40.4
12.412.4
-0.2-0.2
-0.2-0.2
-0.3-0.3
4.74.7
-1.4-1.4
-0.3-0.3
-0.2-0.2
-0.5-0.5
-0.4-0.4
0.50.5
12.812.8
Итого по ФСК ЕЭС
Каббалкэнерго
Калмэнерго
АО "Кинешемская электросеть"
АО "Тываэнерго"
АО «ВМЭС»
АО «Воронежская горэлектросеть»
АО «Тульские городские электрические сети»
АО «Чеченэнерго»
АО «Ярославская электросетевая компания»
АО ЕЭСК
Алтайэнерго
Архангельский филиал
Астраханьэнерго
Белгородэнерго
Брянскэнерго
Бурятэнерго
Владимирэнерго
Волгоградэнерго
Вологодский филиал
Воронежэнерго
Дагэнерго
Ивэнерго
Ингушэнерго
-5
15

Статус данных
Просьба обратить внимание
— все данные не занесены
Факт
План
Итого – Факт
Отпуск в сеть 230 146 370
Отпуск из сети 209 300 970
Потери 20 845 400
Итого – План
Отпуск в сеть 225 220 588
Отпуск из сети 205 622 267
Потери 19 598 321
Выполнение бизнес-плана в части показателя «Уровень потерь электроэнергии»
Показатели баланса электроэнергии по ДЗО – Факт 
642 168 3 631 955 20 651 499 52 412 668 47 865 721 55 088 893 50 521 486
506 218 2 312 442 15 078 002 48 697 705 46 573 769 49 682 043 47 031 337
135 950 1 319 513 5 573 496 3 714 964 1 291 953 5 406 850 3 490 149
Показатели баланса электроэнергии по ДЗО – План
608 287 3 403 997 19 485 633 50 003 068 49 871 651 53 713 338 48 819 116
479 095 2 272 993 14 949 980 46 434 624 48 605 475 48 149 456 45 313 619
129 192 1 131 004 4 535 653 3 568 444 1 266 176 5 563 882 3 505 497'

13-01-2025T07:02:16 - [TEST_STEP][PASSED] - if (urlText.contains("ошибка") || urlText.contains(searchWord) == false): null

13-01-2025T07:02:16 - [TEST_STEP][PASSED] - Script1736739304585.ZakrytOpoveshenie(): null

13-01-2025T07:02:16 - [TEST_STEP][PASSED] - opoveshenie = getText(findTestObject("Выполнение бизнес-плана/Просьба обратить внимание")): Text of object 'Object Repository/Выполнение бизнес-плана/Просьба обратить внимание' is: 'Просьба обратить внимание'

13-01-2025T07:02:16 - [MESSAGE][PASSED] - Text of object 'Object Repository/Выполнение бизнес-плана/Просьба обратить внимание' is: 'Просьба обратить внимание'

13-01-2025T07:02:16 - [TEST_STEP][PASSED] - if (opoveshenie == "Просьба обратить внимание"): Object: 'Object Repository/Выполнение бизнес-плана/Закрыть оповещение' is clicked on

13-01-2025T07:02:16 - [TEST_STEP][PASSED] - click(findTestObject("Выполнение бизнес-плана/Закрыть оповещение")): Object: 'Object Repository/Выполнение бизнес-плана/Закрыть оповещение' is clicked on

13-01-2025T07:02:17 - [MESSAGE][PASSED] - Object: 'Object Repository/Выполнение бизнес-плана/Закрыть оповещение' is clicked on

13-01-2025T07:02:17 - [TEST_STEP][PASSED] - click(findTestObject(path + "Фильтр Дата")): Object: 'Object Repository/Выполнение бизнес-плана/Фильтр Дата' is clicked on

13-01-2025T07:02:17 - [MESSAGE][PASSED] - Object: 'Object Repository/Выполнение бизнес-плана/Фильтр Дата' is clicked on

13-01-2025T07:02:17 - [TEST_STEP][PASSED] - click(findTestObject(path + "Снять выделение в фильтре Дата")): Object: 'Object Repository/Выполнение бизнес-плана/Снять выделение в фильтре Дата' is clicked on

13-01-2025T07:02:18 - [MESSAGE][PASSED] - Object: 'Object Repository/Выполнение бизнес-плана/Снять выделение в фильтре Дата' is clicked on

13-01-2025T07:02:18 - [TEST_STEP][PASSED] - click(findTestObject(path + "Применить в фильтре Дата")): Object: 'Object Repository/Выполнение бизнес-плана/Применить в фильтре Дата' is clicked on

13-01-2025T07:02:18 - [MESSAGE][PASSED] - Object: 'Object Repository/Выполнение бизнес-плана/Применить в фильтре Дата' is clicked on

13-01-2025T07:02:18 - [TEST_STEP][PASSED] - delay(50): Delayed 50 second(s)

13-01-2025T07:03:08 - [MESSAGE][PASSED] - Delayed 50 second(s)

13-01-2025T07:03:08 - [TEST_STEP][PASSED] - Script1736739304585.ZakrytOpoveshenie(): null

13-01-2025T07:03:08 - [TEST_STEP][PASSED] - opoveshenie = getText(findTestObject("Выполнение бизнес-плана/Просьба обратить внимание")): Text of object 'Object Repository/Выполнение бизнес-плана/Просьба обратить внимание' is: 'Просьба обратить внимание'

13-01-2025T07:03:09 - [MESSAGE][PASSED] - Text of object 'Object Repository/Выполнение бизнес-плана/Просьба обратить внимание' is: 'Просьба обратить внимание'

13-01-2025T07:03:09 - [TEST_STEP][PASSED] - if (opoveshenie == "Просьба обратить внимание"): Object: 'Object Repository/Выполнение бизнес-плана/Закрыть оповещение' is clicked on

13-01-2025T07:03:09 - [TEST_STEP][PASSED] - click(findTestObject("Выполнение бизнес-плана/Закрыть оповещение")): Object: 'Object Repository/Выполнение бизнес-плана/Закрыть оповещение' is clicked on

13-01-2025T07:03:09 - [MESSAGE][PASSED] - Object: 'Object Repository/Выполнение бизнес-плана/Закрыть оповещение' is clicked on

13-01-2025T07:03:09 - [TEST_STEP][PASSED] - click(findTestObject(path + "Фильтр Дата")): Object: 'Object Repository/Выполнение бизнес-плана/Фильтр Дата' is clicked on

13-01-2025T07:03:09 - [MESSAGE][PASSED] - Object: 'Object Repository/Выполнение бизнес-плана/Фильтр Дата' is clicked on

13-01-2025T07:03:09 - [TEST_STEP][PASSED] - scrollToElement(findTestObject(path + "2024 список"), 30): Scroll to object 'Object Repository/Выполнение бизнес-плана/2024 список' successfully

13-01-2025T07:03:10 - [MESSAGE][PASSED] - Scroll to object 'Object Repository/Выполнение бизнес-плана/2024 список' successfully

13-01-2025T07:03:10 - [TEST_STEP][PASSED] - click(findTestObject(path + "2024 список")): Object: 'Object Repository/Выполнение бизнес-плана/2024 список' is clicked on

13-01-2025T07:03:10 - [MESSAGE][PASSED] - Object: 'Object Repository/Выполнение бизнес-плана/2024 список' is clicked on

13-01-2025T07:03:10 - [TEST_STEP][PASSED] - scrollToElement(findTestObject(path + "1 квартал 2024 список"), 30): Scroll to object 'Object Repository/Выполнение бизнес-плана/1 квартал 2024 список' successfully

13-01-2025T07:03:11 - [MESSAGE][PASSED] - Scroll to object 'Object Repository/Выполнение бизнес-плана/1 квартал 2024 список' successfully

13-01-2025T07:03:11 - [TEST_STEP][PASSED] - click(findTestObject(path + "1 квартал 2024 список")): Object: 'Object Repository/Выполнение бизнес-плана/1 квартал 2024 список' is clicked on

13-01-2025T07:03:11 - [MESSAGE][PASSED] - Object: 'Object Repository/Выполнение бизнес-плана/1 квартал 2024 список' is clicked on

13-01-2025T07:03:11 - [TEST_STEP][PASSED] - click(findTestObject(path + "Январь 2024")): Object: 'Object Repository/Выполнение бизнес-плана/Январь 2024' is clicked on

13-01-2025T07:03:12 - [MESSAGE][PASSED] - Object: 'Object Repository/Выполнение бизнес-плана/Январь 2024' is clicked on

13-01-2025T07:03:12 - [TEST_STEP][PASSED] - click(findTestObject(path + "Февраль 2024")): Object: 'Object Repository/Выполнение бизнес-плана/Февраль 2024' is clicked on

13-01-2025T07:03:12 - [MESSAGE][PASSED] - Object: 'Object Repository/Выполнение бизнес-плана/Февраль 2024' is clicked on

13-01-2025T07:03:12 - [TEST_STEP][PASSED] - click(findTestObject(path + "Март 2024")): Object: 'Object Repository/Выполнение бизнес-плана/Март 2024' is clicked on

13-01-2025T07:03:13 - [MESSAGE][PASSED] - Object: 'Object Repository/Выполнение бизнес-плана/Март 2024' is clicked on

13-01-2025T07:03:13 - [TEST_STEP][PASSED] - scrollToElement(findTestObject(path + "2 квартал 2024"), 30): Scroll to object 'Object Repository/Выполнение бизнес-плана/2 квартал 2024' successfully

13-01-2025T07:03:13 - [MESSAGE][PASSED] - Scroll to object 'Object Repository/Выполнение бизнес-плана/2 квартал 2024' successfully

13-01-2025T07:03:13 - [TEST_STEP][PASSED] - click(findTestObject(path + "2 квартал 2024")): Object: 'Object Repository/Выполнение бизнес-плана/2 квартал 2024' is clicked on

13-01-2025T07:03:14 - [MESSAGE][PASSED] - Object: 'Object Repository/Выполнение бизнес-плана/2 квартал 2024' is clicked on

13-01-2025T07:03:14 - [TEST_STEP][PASSED] - scrollToElement(findTestObject(path + "3 квартал 2024 список"), 30): Scroll to object 'Object Repository/Выполнение бизнес-плана/3 квартал 2024 список' successfully

13-01-2025T07:03:14 - [MESSAGE][PASSED] - Scroll to object 'Object Repository/Выполнение бизнес-плана/3 квартал 2024 список' successfully

13-01-2025T07:03:14 - [TEST_STEP][PASSED] - click(findTestObject(path + "3 квартал 2024")): Object: 'Object Repository/Выполнение бизнес-плана/3 квартал 2024' is clicked on

13-01-2025T07:03:14 - [MESSAGE][PASSED] - Object: 'Object Repository/Выполнение бизнес-плана/3 квартал 2024' is clicked on

13-01-2025T07:03:14 - [TEST_STEP][PASSED] - scrollToElement(findTestObject(path + "4 квартал 2024 список"), 30): Scroll to object 'Object Repository/Выполнение бизнес-плана/4 квартал 2024 список' successfully

13-01-2025T07:03:15 - [MESSAGE][PASSED] - Scroll to object 'Object Repository/Выполнение бизнес-плана/4 квартал 2024 список' successfully

13-01-2025T07:03:15 - [TEST_STEP][PASSED] - click(findTestObject(path + "4 квартал 2024 список")): Object: 'Object Repository/Выполнение бизнес-плана/4 квартал 2024 список' is clicked on

13-01-2025T07:03:15 - [MESSAGE][PASSED] - Object: 'Object Repository/Выполнение бизнес-плана/4 квартал 2024 список' is clicked on

13-01-2025T07:03:15 - [TEST_STEP][PASSED] - scrollToElement(findTestObject(path + "Октябрь 2024"), 30): Scroll to object 'Object Repository/Выполнение бизнес-плана/Октябрь 2024' successfully

13-01-2025T07:03:16 - [MESSAGE][PASSED] - Scroll to object 'Object Repository/Выполнение бизнес-плана/Октябрь 2024' successfully

13-01-2025T07:03:16 - [TEST_STEP][PASSED] - click(findTestObject(path + "Октябрь 2024")): Object: 'Object Repository/Выполнение бизнес-плана/Октябрь 2024' is clicked on

13-01-2025T07:03:16 - [MESSAGE][PASSED] - Object: 'Object Repository/Выполнение бизнес-плана/Октябрь 2024' is clicked on

13-01-2025T07:03:16 - [TEST_STEP][PASSED] - scrollToElement(findTestObject(path + "Ноябрь 2024"), 30): Scroll to object 'Object Repository/Выполнение бизнес-плана/Ноябрь 2024' successfully

13-01-2025T07:03:16 - [MESSAGE][PASSED] - Scroll to object 'Object Repository/Выполнение бизнес-плана/Ноябрь 2024' successfully

13-01-2025T07:03:16 - [TEST_STEP][PASSED] - click(findTestObject(path + "Ноябрь 2024")): Object: 'Object Repository/Выполнение бизнес-плана/Ноябрь 2024' is clicked on

13-01-2025T07:03:17 - [MESSAGE][PASSED] - Object: 'Object Repository/Выполнение бизнес-плана/Ноябрь 2024' is clicked on

13-01-2025T07:03:17 - [TEST_STEP][PASSED] - scrollToElement(findTestObject(path + "Заголовок дашборда"), 30): Scroll to object 'Object Repository/Выполнение бизнес-плана/Заголовок дашборда' successfully

13-01-2025T07:03:17 - [MESSAGE][PASSED] - Scroll to object 'Object Repository/Выполнение бизнес-плана/Заголовок дашборда' successfully

13-01-2025T07:03:17 - [TEST_STEP][PASSED] - click(findTestObject(path + "Применить в фильтре Дата")): Object: 'Object Repository/Выполнение бизнес-плана/Применить в фильтре Дата' is clicked on

13-01-2025T07:03:18 - [MESSAGE][PASSED] - Object: 'Object Repository/Выполнение бизнес-плана/Применить в фильтре Дата' is clicked on

13-01-2025T07:03:18 - [TEST_STEP][PASSED] - delay(30): Delayed 30 second(s)

13-01-2025T07:03:48 - [MESSAGE][PASSED] - Delayed 30 second(s)

13-01-2025T07:03:48 - [TEST_STEP][PASSED] - Script1736739304585.ZakrytOpoveshenie(): null

13-01-2025T07:03:48 - [TEST_STEP][PASSED] - opoveshenie = getText(findTestObject("Выполнение бизнес-плана/Просьба обратить внимание")): Text of object 'Object Repository/Выполнение бизнес-плана/Просьба обратить внимание' is: 'Просьба обратить внимание'

13-01-2025T07:03:51 - [MESSAGE][PASSED] - Text of object 'Object Repository/Выполнение бизнес-плана/Просьба обратить внимание' is: 'Просьба обратить внимание'

13-01-2025T07:03:51 - [TEST_STEP][PASSED] - if (opoveshenie == "Просьба обратить внимание"): Object: 'Object Repository/Выполнение бизнес-плана/Закрыть оповещение' is clicked on

13-01-2025T07:03:51 - [TEST_STEP][PASSED] - click(findTestObject("Выполнение бизнес-плана/Закрыть оповещение")): Object: 'Object Repository/Выполнение бизнес-плана/Закрыть оповещение' is clicked on

13-01-2025T07:03:52 - [MESSAGE][PASSED] - Object: 'Object Repository/Выполнение бизнес-плана/Закрыть оповещение' is clicked on

13-01-2025T07:03:52 - [TEST_STEP][PASSED] - click(findTestObject(path + "Фильтр ДЗО")): Object: 'Object Repository/Выполнение бизнес-плана/Фильтр ДЗО' is clicked on

13-01-2025T07:03:52 - [MESSAGE][PASSED] - Object: 'Object Repository/Выполнение бизнес-плана/Фильтр ДЗО' is clicked on

13-01-2025T07:03:52 - [TEST_STEP][PASSED] - click(findTestObject(path + "Снять выделение в фильтре ДЗО")): Object: 'Object Repository/Выполнение бизнес-плана/Снять выделение в фильтре ДЗО' is clicked on

13-01-2025T07:03:53 - [MESSAGE][PASSED] - Object: 'Object Repository/Выполнение бизнес-плана/Снять выделение в фильтре ДЗО' is clicked on

13-01-2025T07:03:53 - [TEST_STEP][PASSED] - click(findTestObject(path + "ПАО Россети")): Object: 'Object Repository/Выполнение бизнес-плана/ПАО Россети' is clicked on

13-01-2025T07:03:53 - [MESSAGE][PASSED] - Object: 'Object Repository/Выполнение бизнес-плана/ПАО Россети' is clicked on

13-01-2025T07:03:53 - [TEST_STEP][PASSED] - click(findTestObject(path + "Применить в фильтре ДЗО")): Object: 'Object Repository/Выполнение бизнес-плана/Применить в фильтре ДЗО' is clicked on

13-01-2025T07:03:54 - [MESSAGE][PASSED] - Object: 'Object Repository/Выполнение бизнес-плана/Применить в фильтре ДЗО' is clicked on

13-01-2025T07:03:54 - [TEST_STEP][PASSED] - delay(65): Delayed 65 second(s)

13-01-2025T07:04:59 - [MESSAGE][PASSED] - Delayed 65 second(s)

13-01-2025T07:04:59 - [TEST_STEP][PASSED] - VseDZO = getText(findTestObject(path + "Список ДЗО")): Text of object 'Object Repository/Выполнение бизнес-плана/Список ДЗО' is: '-0.07
3.10
3.73
-0.05
0.16
-0.52
-0.27
АО «Тываэнерго»
АО «Чеченэнерго»
Россети Северный Кавказ
Россети Сибирь
Россети Тюмень
Россети Центр (ГК)
Россети Центр и Приволжье (ГК)
-1
0
1
2
3
4
5
6
7'

13-01-2025T07:04:59 - [MESSAGE][PASSED] - Text of object 'Object Repository/Выполнение бизнес-плана/Список ДЗО' is: '-0.07
3.10
3.73
-0.05
0.16
-0.52
-0.27
АО «Тываэнерго»
АО «Чеченэнерго»
Россети Северный Кавказ
Россети Сибирь
Россети Тюмень
Россети Центр (ГК)
Россети Центр и Приволжье (ГК)
-1
0
1
2
3
4
5
6
7'

13-01-2025T07:04:59 - [TEST_STEP][PASSED] - pRR = GetAllPAOData(path, dZONum, VseDZO, z = "ПАО Россети/"): null

13-01-2025T07:04:59 - [TEST_STEP][PASSED] - path2 = "Значения со страницы Выполнение бизнес-плана/Table Data/": null

13-01-2025T07:04:59 - [TEST_STEP][PASSED] - ii = <not implemented yet for class: org.codehaus.groovy.ast.expr.EmptyExpression>: null

13-01-2025T07:04:59 - [TEST_STEP][PASSED] - i1 = <not implemented yet for class: org.codehaus.groovy.ast.expr.EmptyExpression>: null

13-01-2025T07:04:59 - [TEST_STEP][PASSED] - z = <not implemented yet for class: org.codehaus.groovy.ast.expr.EmptyExpression>: null

13-01-2025T07:04:59 - [TEST_STEP][PASSED] - z1 = <not implemented yet for class: org.codehaus.groovy.ast.expr.EmptyExpression>: null

13-01-2025T07:04:59 - [TEST_STEP][PASSED] - println("path: " + path): null

13-01-2025T07:04:59 - [TEST_STEP][PASSED] - z = getText(findTestObject(path + "Итого")).replaceAll("[\r?
|
]", "/"): Text of object 'Object Repository/Выполнение бизнес-плана/Итого' is: '%
5.56 5.56
5.52 5.52
План
Факт
1
100'

13-01-2025T07:05:00 - [MESSAGE][PASSED] - Text of object 'Object Repository/Выполнение бизнес-плана/Итого' is: '%
5.56 5.56
5.52 5.52
План
Факт
1
100'

13-01-2025T07:05:00 - [TEST_STEP][PASSED] - ii = z.indexOf("%") + 2: null

13-01-2025T07:05:00 - [TEST_STEP][PASSED] - if (ii > -1): null

13-01-2025T07:05:00 - [TEST_STEP][PASSED] - z = z.substring(ii, z.length()): null

13-01-2025T07:05:00 - [TEST_STEP][PASSED] - println(z): null

13-01-2025T07:05:00 - [TEST_STEP][PASSED] - ii = z.indexOf("/1/100") - 1: null

13-01-2025T07:05:00 - [TEST_STEP][PASSED] - if (ii > -1): null

13-01-2025T07:05:00 - [TEST_STEP][PASSED] - z = z.substring(0, ii): null

13-01-2025T07:05:00 - [TEST_STEP][PASSED] - println(z): null

13-01-2025T07:05:00 - [TEST_STEP][PASSED] - ii = z.indexOf("План"): null

13-01-2025T07:05:00 - [TEST_STEP][PASSED] - if (ii > -1): null

13-01-2025T07:05:00 - [TEST_STEP][PASSED] - z = z.substring(0, ii): null

13-01-2025T07:05:00 - [TEST_STEP][PASSED] - println(z): null

13-01-2025T07:05:00 - [TEST_STEP][PASSED] - ii = z.indexOf("/") + 1: null

13-01-2025T07:05:00 - [TEST_STEP][PASSED] - z1 = z.substring(0, ii): null

13-01-2025T07:05:00 - [TEST_STEP][PASSED] - println(z1): null

13-01-2025T07:05:00 - [TEST_STEP][PASSED] - z = z.substring(ii, z.length()): null

13-01-2025T07:05:00 - [TEST_STEP][PASSED] - println(z): null

13-01-2025T07:05:00 - [TEST_STEP][PASSED] - ii = z1.length() / 2: null

13-01-2025T07:05:00 - [TEST_STEP][PASSED] - z1 = replaceAll("[\r?
|
]", "/").trim(): null

13-01-2025T07:05:00 - [TEST_STEP][PASSED] - println(z1): null

13-01-2025T07:05:00 - [TEST_STEP][PASSED] - ii = z.length() / 2: null

13-01-2025T07:05:00 - [TEST_STEP][PASSED] - z = replace("/", "").trim(): null

13-01-2025T07:05:00 - [TEST_STEP][PASSED] - println(z): null

13-01-2025T07:05:00 - [TEST_STEP][PASSED] - x = x + z1 + "/" + z: null

13-01-2025T07:05:00 - [TEST_STEP][PASSED] - println(x): null

13-01-2025T07:05:00 - [TEST_STEP][PASSED] - if (verifyElementPresent(findTestObject(path + "Таблица Итого-Факт"), 30)): null

13-01-2025T07:05:00 - [MESSAGE][PASSED] - Object 'Object Repository/Выполнение бизнес-плана/Таблица Итого-Факт' is present

13-01-2025T07:05:00 - [TEST_STEP][PASSED] - z = replaceAll("\s+", "").replaceAll("[а-яА-Я]", ""): Text of object 'Object Repository/Выполнение бизнес-плана/Таблица Итого-Факт' is: 'Отпуск в сеть 230 146 370
Отпуск из сети 209 300 970
Потери 20 845 400'

13-01-2025T07:05:00 - [MESSAGE][PASSED] - Text of object 'Object Repository/Выполнение бизнес-плана/Таблица Итого-Факт' is: 'Отпуск в сеть 230 146 370
Отпуск из сети 209 300 970
Потери 20 845 400'

13-01-2025T07:05:00 - [TEST_STEP][PASSED] - println(z): null

13-01-2025T07:05:00 - [TEST_STEP][PASSED] - x = x + "/" + z: null

13-01-2025T07:05:00 - [TEST_STEP][PASSED] - println(x): null

13-01-2025T07:05:00 - [TEST_STEP][PASSED] - click(findTestObject(path + "Кнопка План")): Object: 'Object Repository/Выполнение бизнес-плана/Кнопка План' is clicked on

13-01-2025T07:05:01 - [MESSAGE][PASSED] - Object: 'Object Repository/Выполнение бизнес-плана/Кнопка План' is clicked on

13-01-2025T07:05:01 - [TEST_STEP][PASSED] - z = replaceAll("\s+", "").replaceAll("[а-яА-Я]", ""): Text of object 'Object Repository/Выполнение бизнес-плана/Таблица Итого-План' is: 'Отпуск в сеть 225 220 588
Отпуск из сети 205 622 267
Потери 19 598 321'

13-01-2025T07:05:01 - [MESSAGE][PASSED] - Text of object 'Object Repository/Выполнение бизнес-плана/Таблица Итого-План' is: 'Отпуск в сеть 225 220 588
Отпуск из сети 205 622 267
Потери 19 598 321'

13-01-2025T07:05:01 - [TEST_STEP][PASSED] - x = x + "/" + z: null

13-01-2025T07:05:01 - [TEST_STEP][PASSED] - println(x): null

13-01-2025T07:05:01 - [TEST_STEP][PASSED] - click(findTestObject(path + "Кнопка Факт")): Object: 'Object Repository/Выполнение бизнес-плана/Кнопка Факт' is clicked on

13-01-2025T07:05:01 - [MESSAGE][PASSED] - Object: 'Object Repository/Выполнение бизнес-плана/Кнопка Факт' is clicked on

13-01-2025T07:05:01 - [TEST_STEP][PASSED] - return x: null

13-01-2025T07:05:01 - [TEST_STEP][PASSED] - println("pRR: " + pRR): null

13-01-2025T07:05:01 - [TEST_STEP][PASSED] - i = VseDZO.indexOf("ЕЭС"): null

13-01-2025T07:05:01 - [TEST_STEP][PASSED] - if (i > -1): null

13-01-2025T07:05:01 - [TEST_STEP][PASSED] - else: null

13-01-2025T07:05:01 - [TEST_STEP][PASSED] - fR = fR + "нет данных/нет данных/нет данных/нет данных/нет данных/нет данных/нет данных/нет данных/нет данных": null

13-01-2025T07:05:01 - [TEST_STEP][PASSED] - println("fR: " + fR): null

13-01-2025T07:05:01 - [TEST_STEP][PASSED] - i = VseDZO.indexOf("Тываэнерго"): null

13-01-2025T07:05:01 - [TEST_STEP][PASSED] - if (i > -1): null

13-01-2025T07:05:01 - [TEST_STEP][PASSED] - dZONum = dZONum + 1: null

13-01-2025T07:05:01 - [TEST_STEP][PASSED] - tyR = GetAllData(path, dZONum, VseDZO, x = "АО "Тываэнерго"/"): null

13-01-2025T07:05:01 - [TEST_STEP][PASSED] - ii = <not implemented yet for class: org.codehaus.groovy.ast.expr.EmptyExpression>: null

13-01-2025T07:05:01 - [TEST_STEP][PASSED] - i1 = <not implemented yet for class: org.codehaus.groovy.ast.expr.EmptyExpression>: null

13-01-2025T07:05:01 - [TEST_STEP][PASSED] - z = <not implemented yet for class: org.codehaus.groovy.ast.expr.EmptyExpression>: null

13-01-2025T07:05:01 - [TEST_STEP][PASSED] - path2 = "Значения со страницы Выполнение бизнес-плана/Table Data/": null

13-01-2025T07:05:01 - [TEST_STEP][PASSED] - println("path: " + path): null

13-01-2025T07:05:01 - [TEST_STEP][PASSED] - println("dZONum: " + dZONum): null

13-01-2025T07:05:01 - [TEST_STEP][PASSED] - z = getText(findTestObject(path + "spanPlan" + dZONum)): Text of object 'Object Repository/Выполнение бизнес-плана/spanPlan1' is: '21.24
|'

13-01-2025T07:05:02 - [MESSAGE][PASSED] - Text of object 'Object Repository/Выполнение бизнес-плана/spanPlan1' is: '21.24
|'

13-01-2025T07:05:02 - [TEST_STEP][PASSED] - println(z): null

13-01-2025T07:05:02 - [TEST_STEP][PASSED] - ii = z.indexOf("|"): null

13-01-2025T07:05:02 - [TEST_STEP][PASSED] - if (ii > -1): null

13-01-2025T07:05:02 - [TEST_STEP][PASSED] - z = z.substring(0, z.length() - 1): null

13-01-2025T07:05:02 - [TEST_STEP][PASSED] - println(z): null

13-01-2025T07:05:02 - [TEST_STEP][PASSED] - z = z.replaceAll("\s+", ""): null

13-01-2025T07:05:02 - [TEST_STEP][PASSED] - z = z.replace("[\r?
|
]", "/"): null

13-01-2025T07:05:02 - [TEST_STEP][PASSED] - println(z): null

13-01-2025T07:05:02 - [TEST_STEP][PASSED] - x = x + z: null

13-01-2025T07:05:02 - [TEST_STEP][PASSED] - z = getText(findTestObject(path + "spanFact" + dZONum)): Text of object 'Object Repository/Выполнение бизнес-плана/spanFact1' is: '21.17'

13-01-2025T07:05:02 - [MESSAGE][PASSED] - Text of object 'Object Repository/Выполнение бизнес-плана/spanFact1' is: '21.17'

13-01-2025T07:05:02 - [TEST_STEP][PASSED] - ii = z.indexOf("|"): null

13-01-2025T07:05:02 - [TEST_STEP][PASSED] - if (ii > -1): null

13-01-2025T07:05:02 - [TEST_STEP][PASSED] - x = x + "/" + z: null

13-01-2025T07:05:02 - [TEST_STEP][PASSED] - z = getText(findTestObject(path + path2 + "Факт Отпуск в сеть за отчётный период " + dZONum)).replaceAll("\s+", ""): Text of object 'Object Repository/Выполнение бизнес-плана/Значения со страницы Выполнение бизнес-плана/Table Data/Факт Отпуск в сеть за отчётный период 1' is: '642 168'

13-01-2025T07:05:02 - [MESSAGE][PASSED] - Text of object 'Object Repository/Выполнение бизнес-плана/Значения со страницы Выполнение бизнес-плана/Table Data/Факт Отпуск в сеть за отчётный период 1' is: '642 168'

13-01-2025T07:05:02 - [TEST_STEP][PASSED] - x = x + "/" + z: null

13-01-2025T07:05:02 - [TEST_STEP][PASSED] - z = getText(findTestObject(path + path2 + "Факт Отпуск из сети за отчётный период " + dZONum)).replaceAll("\s+", ""): Text of object 'Object Repository/Выполнение бизнес-плана/Значения со страницы Выполнение бизнес-плана/Table Data/Факт Отпуск из сети за отчётный период 1' is: '506 218'

13-01-2025T07:05:02 - [MESSAGE][PASSED] - Text of object 'Object Repository/Выполнение бизнес-плана/Значения со страницы Выполнение бизнес-плана/Table Data/Факт Отпуск из сети за отчётный период 1' is: '506 218'

13-01-2025T07:05:02 - [TEST_STEP][PASSED] - x = x + "/" + z: null

13-01-2025T07:05:02 - [TEST_STEP][PASSED] - z = getText(findTestObject(path + path2 + "Факт Потери за отчётный период " + dZONum)).replaceAll("\s+", ""): Text of object 'Object Repository/Выполнение бизнес-плана/Значения со страницы Выполнение бизнес-плана/Table Data/Факт Потери за отчётный период 1' is: '135 950'

13-01-2025T07:05:03 - [MESSAGE][PASSED] - Text of object 'Object Repository/Выполнение бизнес-плана/Значения со страницы Выполнение бизнес-плана/Table Data/Факт Потери за отчётный период 1' is: '135 950'

13-01-2025T07:05:03 - [TEST_STEP][PASSED] - x = x + "/" + z: null

13-01-2025T07:05:03 - [TEST_STEP][PASSED] - z = getText(findTestObject(path + path2 + "План Отпуск в сеть за отчётный период " + dZONum)).replaceAll("\s+", ""): Text of object 'Object Repository/Выполнение бизнес-плана/Значения со страницы Выполнение бизнес-плана/Table Data/План Отпуск в сеть за отчётный период 1' is: '608 287'

13-01-2025T07:05:03 - [MESSAGE][PASSED] - Text of object 'Object Repository/Выполнение бизнес-плана/Значения со страницы Выполнение бизнес-плана/Table Data/План Отпуск в сеть за отчётный период 1' is: '608 287'

13-01-2025T07:05:03 - [TEST_STEP][PASSED] - if (z == ""): null

13-01-2025T07:05:03 - [TEST_STEP][PASSED] - x = x + "/" + z: null

13-01-2025T07:05:03 - [TEST_STEP][PASSED] - z = getText(findTestObject(path + path2 + "План Отпуск из сети за отчётный период " + dZONum)).replaceAll("\s+", ""): Text of object 'Object Repository/Выполнение бизнес-плана/Значения со страницы Выполнение бизнес-плана/Table Data/План Отпуск из сети за отчётный период 1' is: '479 095'

13-01-2025T07:05:03 - [MESSAGE][PASSED] - Text of object 'Object Repository/Выполнение бизнес-плана/Значения со страницы Выполнение бизнес-плана/Table Data/План Отпуск из сети за отчётный период 1' is: '479 095'

13-01-2025T07:05:03 - [TEST_STEP][PASSED] - if (z == ""): null

13-01-2025T07:05:03 - [TEST_STEP][PASSED] - x = x + "/" + z: null

13-01-2025T07:05:03 - [TEST_STEP][PASSED] - z = getText(findTestObject(path + path2 + "План Потери за отчётный период " + dZONum)).replaceAll("\s+", ""): Text of object 'Object Repository/Выполнение бизнес-плана/Значения со страницы Выполнение бизнес-плана/Table Data/План Потери за отчётный период 1' is: '129 192'

13-01-2025T07:05:04 - [MESSAGE][PASSED] - Text of object 'Object Repository/Выполнение бизнес-плана/Значения со страницы Выполнение бизнес-плана/Table Data/План Потери за отчётный период 1' is: '129 192'

13-01-2025T07:05:04 - [TEST_STEP][PASSED] - if (z == ""): null

13-01-2025T07:05:04 - [TEST_STEP][PASSED] - x = x + "/" + z: null

13-01-2025T07:05:04 - [TEST_STEP][PASSED] - z = getText(findTestObject(path + "Список ДЗО")).replaceAll("[\r?
|
]", "/"): Text of object 'Object Repository/Выполнение бизнес-плана/Список ДЗО' is: '-0.07
3.10
3.73
-0.05
0.16
-0.52
-0.27
АО «Тываэнерго»
АО «Чеченэнерго»
Россети Северный Кавказ
Россети Сибирь
Россети Тюмень
Россети Центр (ГК)
Россети Центр и Приволжье (ГК)
-1
0
1
2
3
4
5
6
7'

13-01-2025T07:05:04 - [MESSAGE][PASSED] - Text of object 'Object Repository/Выполнение бизнес-плана/Список ДЗО' is: '-0.07
3.10
3.73
-0.05
0.16
-0.52
-0.27
АО «Тываэнерго»
АО «Чеченэнерго»
Россети Северный Кавказ
Россети Сибирь
Россети Тюмень
Россети Центр (ГК)
Россети Центр и Приволжье (ГК)
-1
0
1
2
3
4
5
6
7'

13-01-2025T07:05:04 - [TEST_STEP][PASSED] - for ([ii = 1, ii < dZONum, (ii++)]): null

13-01-2025T07:05:04 - [TEST_STEP][PASSED] - i1 = z.indexOf("/"): null

13-01-2025T07:05:04 - [TEST_STEP][PASSED] - if (i1 > -1): null

13-01-2025T07:05:04 - [TEST_STEP][PASSED] - z = z.substring(0, i1): null

13-01-2025T07:05:04 - [TEST_STEP][PASSED] - z = z.replace(",", "."): null

13-01-2025T07:05:04 - [TEST_STEP][PASSED] - println(z): null

13-01-2025T07:05:04 - [TEST_STEP][PASSED] - x = x + "/" + z: null

13-01-2025T07:05:04 - [TEST_STEP][PASSED] - x = x.replaceAll("[\r?
|
]", ""): null

13-01-2025T07:05:04 - [TEST_STEP][PASSED] - println(x): null

13-01-2025T07:05:04 - [TEST_STEP][PASSED] - return x: null

13-01-2025T07:05:04 - [TEST_STEP][PASSED] - println("tyR: " + tyR): null

13-01-2025T07:05:04 - [TEST_STEP][PASSED] - i = VseDZO.indexOf("Чеченэнерго"): null

13-01-2025T07:05:04 - [TEST_STEP][PASSED] - if (i > -1): null

13-01-2025T07:05:04 - [TEST_STEP][PASSED] - dZONum = dZONum + 1: null

13-01-2025T07:05:04 - [TEST_STEP][PASSED] - chR = GetAllData(path, dZONum, VseDZO, x = "АО "Чеченэнерго"/"): null

13-01-2025T07:05:04 - [TEST_STEP][PASSED] - ii = <not implemented yet for class: org.codehaus.groovy.ast.expr.EmptyExpression>: null

13-01-2025T07:05:04 - [TEST_STEP][PASSED] - i1 = <not implemented yet for class: org.codehaus.groovy.ast.expr.EmptyExpression>: null

13-01-2025T07:05:04 - [TEST_STEP][PASSED] - z = <not implemented yet for class: org.codehaus.groovy.ast.expr.EmptyExpression>: null

13-01-2025T07:05:04 - [TEST_STEP][PASSED] - path2 = "Значения со страницы Выполнение бизнес-плана/Table Data/": null

13-01-2025T07:05:04 - [TEST_STEP][PASSED] - println("path: " + path): null

13-01-2025T07:05:04 - [TEST_STEP][PASSED] - println("dZONum: " + dZONum): null

13-01-2025T07:05:04 - [TEST_STEP][PASSED] - z = getText(findTestObject(path + "spanPlan" + dZONum)): Text of object 'Object Repository/Выполнение бизнес-плана/spanPlan2' is: '33.23'

13-01-2025T07:05:04 - [MESSAGE][PASSED] - Text of object 'Object Repository/Выполнение бизнес-плана/spanPlan2' is: '33.23'

13-01-2025T07:05:04 - [TEST_STEP][PASSED] - println(z): null

13-01-2025T07:05:04 - [TEST_STEP][PASSED] - ii = z.indexOf("|"): null

13-01-2025T07:05:04 - [TEST_STEP][PASSED] - if (ii > -1): null

13-01-2025T07:05:04 - [TEST_STEP][PASSED] - z = z.replaceAll("\s+", ""): null

13-01-2025T07:05:04 - [TEST_STEP][PASSED] - z = z.replace("[\r?
|
]", "/"): null

13-01-2025T07:05:04 - [TEST_STEP][PASSED] - println(z): null

13-01-2025T07:05:04 - [TEST_STEP][PASSED] - x = x + z: null

13-01-2025T07:05:04 - [TEST_STEP][PASSED] - z = getText(findTestObject(path + "spanFact" + dZONum)): Text of object 'Object Repository/Выполнение бизнес-плана/spanFact2' is: '36.33
|'

13-01-2025T07:05:05 - [MESSAGE][PASSED] - Text of object 'Object Repository/Выполнение бизнес-плана/spanFact2' is: '36.33
|'

13-01-2025T07:05:05 - [TEST_STEP][PASSED] - ii = z.indexOf("|"): null

13-01-2025T07:05:05 - [TEST_STEP][PASSED] - if (ii > -1): null

13-01-2025T07:05:05 - [TEST_STEP][PASSED] - z = length() - 1).replace("[\r?
|
]", "/"): null

13-01-2025T07:05:05 - [TEST_STEP][PASSED] - x = x + "/" + z: null

13-01-2025T07:05:05 - [TEST_STEP][PASSED] - z = getText(findTestObject(path + path2 + "Факт Отпуск в сеть за отчётный период " + dZONum)).replaceAll("\s+", ""): Text of object 'Object Repository/Выполнение бизнес-плана/Значения со страницы Выполнение бизнес-плана/Table Data/Факт Отпуск в сеть за отчётный период 2' is: '3 631 955'

13-01-2025T07:05:05 - [MESSAGE][PASSED] - Text of object 'Object Repository/Выполнение бизнес-плана/Значения со страницы Выполнение бизнес-плана/Table Data/Факт Отпуск в сеть за отчётный период 2' is: '3 631 955'

13-01-2025T07:05:05 - [TEST_STEP][PASSED] - x = x + "/" + z: null

13-01-2025T07:05:05 - [TEST_STEP][PASSED] - z = getText(findTestObject(path + path2 + "Факт Отпуск из сети за отчётный период " + dZONum)).replaceAll("\s+", ""): Text of object 'Object Repository/Выполнение бизнес-плана/Значения со страницы Выполнение бизнес-плана/Table Data/Факт Отпуск из сети за отчётный период 2' is: '2 312 442'

13-01-2025T07:05:05 - [MESSAGE][PASSED] - Text of object 'Object Repository/Выполнение бизнес-плана/Значения со страницы Выполнение бизнес-плана/Table Data/Факт Отпуск из сети за отчётный период 2' is: '2 312 442'

13-01-2025T07:05:05 - [TEST_STEP][PASSED] - x = x + "/" + z: null

13-01-2025T07:05:05 - [TEST_STEP][PASSED] - z = getText(findTestObject(path + path2 + "Факт Потери за отчётный период " + dZONum)).replaceAll("\s+", ""): Text of object 'Object Repository/Выполнение бизнес-плана/Значения со страницы Выполнение бизнес-плана/Table Data/Факт Потери за отчётный период 2' is: '1 319 513'

13-01-2025T07:05:06 - [MESSAGE][PASSED] - Text of object 'Object Repository/Выполнение бизнес-плана/Значения со страницы Выполнение бизнес-плана/Table Data/Факт Потери за отчётный период 2' is: '1 319 513'

13-01-2025T07:05:06 - [TEST_STEP][PASSED] - x = x + "/" + z: null

13-01-2025T07:05:06 - [TEST_STEP][PASSED] - z = getText(findTestObject(path + path2 + "План Отпуск в сеть за отчётный период " + dZONum)).replaceAll("\s+", ""): Text of object 'Object Repository/Выполнение бизнес-плана/Значения со страницы Выполнение бизнес-плана/Table Data/План Отпуск в сеть за отчётный период 2' is: '3 403 997'

13-01-2025T07:05:06 - [MESSAGE][PASSED] - Text of object 'Object Repository/Выполнение бизнес-плана/Значения со страницы Выполнение бизнес-плана/Table Data/План Отпуск в сеть за отчётный период 2' is: '3 403 997'

13-01-2025T07:05:06 - [TEST_STEP][PASSED] - if (z == ""): null

13-01-2025T07:05:06 - [TEST_STEP][PASSED] - x = x + "/" + z: null

13-01-2025T07:05:06 - [TEST_STEP][PASSED] - z = getText(findTestObject(path + path2 + "План Отпуск из сети за отчётный период " + dZONum)).replaceAll("\s+", ""): Text of object 'Object Repository/Выполнение бизнес-плана/Значения со страницы Выполнение бизнес-плана/Table Data/План Отпуск из сети за отчётный период 2' is: '2 272 993'

13-01-2025T07:05:06 - [MESSAGE][PASSED] - Text of object 'Object Repository/Выполнение бизнес-плана/Значения со страницы Выполнение бизнес-плана/Table Data/План Отпуск из сети за отчётный период 2' is: '2 272 993'

13-01-2025T07:05:06 - [TEST_STEP][PASSED] - if (z == ""): null

13-01-2025T07:05:06 - [TEST_STEP][PASSED] - x = x + "/" + z: null

13-01-2025T07:05:06 - [TEST_STEP][PASSED] - z = getText(findTestObject(path + path2 + "План Потери за отчётный период " + dZONum)).replaceAll("\s+", ""): Text of object 'Object Repository/Выполнение бизнес-плана/Значения со страницы Выполнение бизнес-плана/Table Data/План Потери за отчётный период 2' is: '1 131 004'

13-01-2025T07:05:06 - [MESSAGE][PASSED] - Text of object 'Object Repository/Выполнение бизнес-плана/Значения со страницы Выполнение бизнес-плана/Table Data/План Потери за отчётный период 2' is: '1 131 004'

13-01-2025T07:05:06 - [TEST_STEP][PASSED] - if (z == ""): null

13-01-2025T07:05:06 - [TEST_STEP][PASSED] - x = x + "/" + z: null

13-01-2025T07:05:06 - [TEST_STEP][PASSED] - z = getText(findTestObject(path + "Список ДЗО")).replaceAll("[\r?
|
]", "/"): Text of object 'Object Repository/Выполнение бизнес-плана/Список ДЗО' is: '-0.07
3.10
3.73
-0.05
0.16
-0.52
-0.27
АО «Тываэнерго»
АО «Чеченэнерго»
Россети Северный Кавказ
Россети Сибирь
Россети Тюмень
Россети Центр (ГК)
Россети Центр и Приволжье (ГК)
-1
0
1
2
3
4
5
6
7'

13-01-2025T07:05:07 - [MESSAGE][PASSED] - Text of object 'Object Repository/Выполнение бизнес-плана/Список ДЗО' is: '-0.07
3.10
3.73
-0.05
0.16
-0.52
-0.27
АО «Тываэнерго»
АО «Чеченэнерго»
Россети Северный Кавказ
Россети Сибирь
Россети Тюмень
Россети Центр (ГК)
Россети Центр и Приволжье (ГК)
-1
0
1
2
3
4
5
6
7'

13-01-2025T07:05:07 - [TEST_STEP][PASSED] - for ([ii = 1, ii < dZONum, (ii++)]): null

13-01-2025T07:05:07 - [TEST_STEP][PASSED] - i1 = z.indexOf("/") + 1: null

13-01-2025T07:05:07 - [TEST_STEP][PASSED] - if (i1 > -1): null

13-01-2025T07:05:07 - [TEST_STEP][PASSED] - z = z.substring(i1, z.length()): null

13-01-2025T07:05:07 - [TEST_STEP][PASSED] - i1 = z.indexOf("/"): null

13-01-2025T07:05:07 - [TEST_STEP][PASSED] - i1 = z.indexOf("/"): null

13-01-2025T07:05:07 - [TEST_STEP][PASSED] - if (i1 > -1): null

13-01-2025T07:05:07 - [TEST_STEP][PASSED] - z = z.substring(0, i1): null

13-01-2025T07:05:07 - [TEST_STEP][PASSED] - z = z.replace(",", "."): null

13-01-2025T07:05:07 - [TEST_STEP][PASSED] - println(z): null

13-01-2025T07:05:07 - [TEST_STEP][PASSED] - x = x + "/" + z: null

13-01-2025T07:05:07 - [TEST_STEP][PASSED] - x = x.replaceAll("[\r?
|
]", ""): null

13-01-2025T07:05:07 - [TEST_STEP][PASSED] - println(x): null

13-01-2025T07:05:07 - [TEST_STEP][PASSED] - return x: null

13-01-2025T07:05:07 - [TEST_STEP][PASSED] - println("chR: " + chR): null

13-01-2025T07:05:07 - [TEST_STEP][PASSED] - i = VseDZO.indexOf("Волга"): null

13-01-2025T07:05:07 - [TEST_STEP][PASSED] - if (i > -1): null

13-01-2025T07:05:07 - [TEST_STEP][PASSED] - else: null

13-01-2025T07:05:07 - [TEST_STEP][PASSED] - vR = vR + "нет данных/нет данных/нет данных/нет данных/нет данных/нет данных/нет данных/нет данных/нет данных": null

13-01-2025T07:05:07 - [TEST_STEP][PASSED] - println("vR: " + vR): null

13-01-2025T07:05:07 - [TEST_STEP][PASSED] - i = VseDZO.indexOf("Кубань"): null

13-01-2025T07:05:07 - [TEST_STEP][PASSED] - if (i > -1): null

13-01-2025T07:05:07 - [TEST_STEP][PASSED] - else: null

13-01-2025T07:05:07 - [TEST_STEP][PASSED] - kR = kR + "нет данных/нет данных/нет данных/нет данных/нет данных/нет данных/нет данных/нет данных/нет данных": null

13-01-2025T07:05:07 - [TEST_STEP][PASSED] - println("kR: " + kR): null

13-01-2025T07:05:07 - [TEST_STEP][PASSED] - i = VseDZO.indexOf("Ленэнерго"): null

13-01-2025T07:05:07 - [TEST_STEP][PASSED] - if (i > -1): null

13-01-2025T07:05:07 - [TEST_STEP][PASSED] - else: null

13-01-2025T07:05:07 - [TEST_STEP][PASSED] - lR = lR + "нет данных/нет данных/нет данных/нет данных/нет данных/нет данных/нет данных/нет данных/нет данных": null

13-01-2025T07:05:07 - [TEST_STEP][PASSED] - println("lR: " + lR): null

13-01-2025T07:05:07 - [TEST_STEP][PASSED] - i = VseDZO.indexOf("Московский"): null

13-01-2025T07:05:07 - [TEST_STEP][PASSED] - if (i > -1): null

13-01-2025T07:05:07 - [TEST_STEP][PASSED] - else: null

13-01-2025T07:05:07 - [TEST_STEP][PASSED] - mR = mR + "нет данных/нет данных/нет данных/нет данных/нет данных/нет данных/нет данных/нет данных/нет данных": null

13-01-2025T07:05:07 - [TEST_STEP][PASSED] - println("mR: " + mR): null

13-01-2025T07:05:07 - [TEST_STEP][PASSED] - i = VseDZO.indexOf("Кавказ"): null

13-01-2025T07:05:07 - [TEST_STEP][PASSED] - if (i > -1): null

13-01-2025T07:05:07 - [TEST_STEP][PASSED] - dZONum = dZONum + 1: null

13-01-2025T07:05:07 - [TEST_STEP][PASSED] - sKR = GetAllData(path, dZONum, VseDZO, x = "Россети Северный Кавказ (ГК)/"): null

13-01-2025T07:05:07 - [TEST_STEP][PASSED] - ii = <not implemented yet for class: org.codehaus.groovy.ast.expr.EmptyExpression>: null

13-01-2025T07:05:07 - [TEST_STEP][PASSED] - i1 = <not implemented yet for class: org.codehaus.groovy.ast.expr.EmptyExpression>: null

13-01-2025T07:05:07 - [TEST_STEP][PASSED] - z = <not implemented yet for class: org.codehaus.groovy.ast.expr.EmptyExpression>: null

13-01-2025T07:05:07 - [TEST_STEP][PASSED] - path2 = "Значения со страницы Выполнение бизнес-плана/Table Data/": null

13-01-2025T07:05:07 - [TEST_STEP][PASSED] - println("path: " + path): null

13-01-2025T07:05:07 - [TEST_STEP][PASSED] - println("dZONum: " + dZONum): null

13-01-2025T07:05:07 - [TEST_STEP][PASSED] - z = getText(findTestObject(path + "spanPlan" + dZONum)): Text of object 'Object Repository/Выполнение бизнес-плана/spanPlan3' is: '23.32'

13-01-2025T07:05:07 - [MESSAGE][PASSED] - Text of object 'Object Repository/Выполнение бизнес-плана/spanPlan3' is: '23.32'

13-01-2025T07:05:07 - [TEST_STEP][PASSED] - println(z): null

13-01-2025T07:05:07 - [TEST_STEP][PASSED] - ii = z.indexOf("|"): null

13-01-2025T07:05:07 - [TEST_STEP][PASSED] - if (ii > -1): null

13-01-2025T07:05:07 - [TEST_STEP][PASSED] - z = z.replaceAll("\s+", ""): null

13-01-2025T07:05:07 - [TEST_STEP][PASSED] - z = z.replace("[\r?
|
]", "/"): null

13-01-2025T07:05:07 - [TEST_STEP][PASSED] - println(z): null

13-01-2025T07:05:07 - [TEST_STEP][PASSED] - x = x + z: null

13-01-2025T07:05:07 - [TEST_STEP][PASSED] - z = getText(findTestObject(path + "spanFact" + dZONum)): Text of object 'Object Repository/Выполнение бизнес-плана/spanFact3' is: '27.05
|'

13-01-2025T07:05:07 - [MESSAGE][PASSED] - Text of object 'Object Repository/Выполнение бизнес-плана/spanFact3' is: '27.05
|'

13-01-2025T07:05:07 - [TEST_STEP][PASSED] - ii = z.indexOf("|"): null

13-01-2025T07:05:07 - [TEST_STEP][PASSED] - if (ii > -1): null

13-01-2025T07:05:07 - [TEST_STEP][PASSED] - z = length() - 1).replace("[\r?
|
]", "/"): null

13-01-2025T07:05:07 - [TEST_STEP][PASSED] - x = x + "/" + z: null

13-01-2025T07:05:07 - [TEST_STEP][PASSED] - z = getText(findTestObject(path + path2 + "Факт Отпуск в сеть за отчётный период " + dZONum)).replaceAll("\s+", ""): Text of object 'Object Repository/Выполнение бизнес-плана/Значения со страницы Выполнение бизнес-плана/Table Data/Факт Отпуск в сеть за отчётный период 3' is: '20 651 499'

13-01-2025T07:05:08 - [MESSAGE][PASSED] - Text of object 'Object Repository/Выполнение бизнес-плана/Значения со страницы Выполнение бизнес-плана/Table Data/Факт Отпуск в сеть за отчётный период 3' is: '20 651 499'

13-01-2025T07:05:08 - [TEST_STEP][PASSED] - x = x + "/" + z: null

13-01-2025T07:05:08 - [TEST_STEP][PASSED] - z = getText(findTestObject(path + path2 + "Факт Отпуск из сети за отчётный период " + dZONum)).replaceAll("\s+", ""): Text of object 'Object Repository/Выполнение бизнес-плана/Значения со страницы Выполнение бизнес-плана/Table Data/Факт Отпуск из сети за отчётный период 3' is: '15 078 002'

13-01-2025T07:05:08 - [MESSAGE][PASSED] - Text of object 'Object Repository/Выполнение бизнес-плана/Значения со страницы Выполнение бизнес-плана/Table Data/Факт Отпуск из сети за отчётный период 3' is: '15 078 002'

13-01-2025T07:05:08 - [TEST_STEP][PASSED] - x = x + "/" + z: null

13-01-2025T07:05:08 - [TEST_STEP][PASSED] - z = getText(findTestObject(path + path2 + "Факт Потери за отчётный период " + dZONum)).replaceAll("\s+", ""): Text of object 'Object Repository/Выполнение бизнес-плана/Значения со страницы Выполнение бизнес-плана/Table Data/Факт Потери за отчётный период 3' is: '5 573 496'

13-01-2025T07:05:08 - [MESSAGE][PASSED] - Text of object 'Object Repository/Выполнение бизнес-плана/Значения со страницы Выполнение бизнес-плана/Table Data/Факт Потери за отчётный период 3' is: '5 573 496'

13-01-2025T07:05:08 - [TEST_STEP][PASSED] - x = x + "/" + z: null

13-01-2025T07:05:08 - [TEST_STEP][PASSED] - z = getText(findTestObject(path + path2 + "План Отпуск в сеть за отчётный период " + dZONum)).replaceAll("\s+", ""): Text of object 'Object Repository/Выполнение бизнес-плана/Значения со страницы Выполнение бизнес-плана/Table Data/План Отпуск в сеть за отчётный период 3' is: '19 485 633'

13-01-2025T07:05:09 - [MESSAGE][PASSED] - Text of object 'Object Repository/Выполнение бизнес-плана/Значения со страницы Выполнение бизнес-плана/Table Data/План Отпуск в сеть за отчётный период 3' is: '19 485 633'

13-01-2025T07:05:09 - [TEST_STEP][PASSED] - if (z == ""): null

13-01-2025T07:05:09 - [TEST_STEP][PASSED] - x = x + "/" + z: null

13-01-2025T07:05:09 - [TEST_STEP][PASSED] - z = getText(findTestObject(path + path2 + "План Отпуск из сети за отчётный период " + dZONum)).replaceAll("\s+", ""): Text of object 'Object Repository/Выполнение бизнес-плана/Значения со страницы Выполнение бизнес-плана/Table Data/План Отпуск из сети за отчётный период 3' is: '14 949 980'

13-01-2025T07:05:09 - [MESSAGE][PASSED] - Text of object 'Object Repository/Выполнение бизнес-плана/Значения со страницы Выполнение бизнес-плана/Table Data/План Отпуск из сети за отчётный период 3' is: '14 949 980'

13-01-2025T07:05:09 - [TEST_STEP][PASSED] - if (z == ""): null

13-01-2025T07:05:09 - [TEST_STEP][PASSED] - x = x + "/" + z: null

13-01-2025T07:05:09 - [TEST_STEP][PASSED] - z = getText(findTestObject(path + path2 + "План Потери за отчётный период " + dZONum)).replaceAll("\s+", ""): Text of object 'Object Repository/Выполнение бизнес-плана/Значения со страницы Выполнение бизнес-плана/Table Data/План Потери за отчётный период 3' is: '4 535 653'

13-01-2025T07:05:09 - [MESSAGE][PASSED] - Text of object 'Object Repository/Выполнение бизнес-плана/Значения со страницы Выполнение бизнес-плана/Table Data/План Потери за отчётный период 3' is: '4 535 653'

13-01-2025T07:05:09 - [TEST_STEP][PASSED] - if (z == ""): null

13-01-2025T07:05:09 - [TEST_STEP][PASSED] - x = x + "/" + z: null

13-01-2025T07:05:09 - [TEST_STEP][PASSED] - z = getText(findTestObject(path + "Список ДЗО")).replaceAll("[\r?
|
]", "/"): Text of object 'Object Repository/Выполнение бизнес-плана/Список ДЗО' is: '-0.07
3.10
3.73
-0.05
0.16
-0.52
-0.27
АО «Тываэнерго»
АО «Чеченэнерго»
Россети Северный Кавказ
Россети Сибирь
Россети Тюмень
Россети Центр (ГК)
Россети Центр и Приволжье (ГК)
-1
0
1
2
3
4
5
6
7'

13-01-2025T07:05:10 - [MESSAGE][PASSED] - Text of object 'Object Repository/Выполнение бизнес-плана/Список ДЗО' is: '-0.07
3.10
3.73
-0.05
0.16
-0.52
-0.27
АО «Тываэнерго»
АО «Чеченэнерго»
Россети Северный Кавказ
Россети Сибирь
Россети Тюмень
Россети Центр (ГК)
Россети Центр и Приволжье (ГК)
-1
0
1
2
3
4
5
6
7'

13-01-2025T07:05:10 - [TEST_STEP][PASSED] - for ([ii = 1, ii < dZONum, (ii++)]): null

13-01-2025T07:05:10 - [TEST_STEP][PASSED] - i1 = z.indexOf("/") + 1: null

13-01-2025T07:05:10 - [TEST_STEP][PASSED] - if (i1 > -1): null

13-01-2025T07:05:10 - [TEST_STEP][PASSED] - z = z.substring(i1, z.length()): null

13-01-2025T07:05:10 - [TEST_STEP][PASSED] - i1 = z.indexOf("/"): null

13-01-2025T07:05:10 - [TEST_STEP][PASSED] - i1 = z.indexOf("/") + 1: null

13-01-2025T07:05:10 - [TEST_STEP][PASSED] - if (i1 > -1): null

13-01-2025T07:05:10 - [TEST_STEP][PASSED] - z = z.substring(i1, z.length()): null

13-01-2025T07:05:10 - [TEST_STEP][PASSED] - i1 = z.indexOf("/"): null

13-01-2025T07:05:10 - [TEST_STEP][PASSED] - i1 = z.indexOf("/"): null

13-01-2025T07:05:10 - [TEST_STEP][PASSED] - if (i1 > -1): null

13-01-2025T07:05:10 - [TEST_STEP][PASSED] - z = z.substring(0, i1): null

13-01-2025T07:05:10 - [TEST_STEP][PASSED] - z = z.replace(",", "."): null

13-01-2025T07:05:10 - [TEST_STEP][PASSED] - println(z): null

13-01-2025T07:05:10 - [TEST_STEP][PASSED] - x = x + "/" + z: null

13-01-2025T07:05:10 - [TEST_STEP][PASSED] - x = x.replaceAll("[\r?
|
]", ""): null

13-01-2025T07:05:10 - [TEST_STEP][PASSED] - println(x): null

13-01-2025T07:05:10 - [TEST_STEP][PASSED] - return x: null

13-01-2025T07:05:10 - [TEST_STEP][PASSED] - println("sKR: " + sKR): null

13-01-2025T07:05:10 - [TEST_STEP][PASSED] - i = VseDZO.indexOf("Запад"): null

13-01-2025T07:05:10 - [TEST_STEP][PASSED] - if (i > -1): null

13-01-2025T07:05:10 - [TEST_STEP][PASSED] - else: null

13-01-2025T07:05:10 - [TEST_STEP][PASSED] - sZR = sZR + "нет данных/нет данных/нет данных/нет данных/нет данных/нет данных/нет данных/нет данных/нет данных": null

13-01-2025T07:05:10 - [TEST_STEP][PASSED] - println("sZR: " + sZR): null

13-01-2025T07:05:10 - [TEST_STEP][PASSED] - i = VseDZO.indexOf("Сибирь"): null

13-01-2025T07:05:10 - [TEST_STEP][PASSED] - if (i > -1): null

13-01-2025T07:05:10 - [TEST_STEP][PASSED] - dZONum = dZONum + 1: null

13-01-2025T07:05:10 - [TEST_STEP][PASSED] - siR = GetAllData(path, dZONum, VseDZO, x = "Россети Сибирь (ГК)/"): null

13-01-2025T07:05:10 - [TEST_STEP][PASSED] - ii = <not implemented yet for class: org.codehaus.groovy.ast.expr.EmptyExpression>: null

13-01-2025T07:05:10 - [TEST_STEP][PASSED] - i1 = <not implemented yet for class: org.codehaus.groovy.ast.expr.EmptyExpression>: null

13-01-2025T07:05:10 - [TEST_STEP][PASSED] - z = <not implemented yet for class: org.codehaus.groovy.ast.expr.EmptyExpression>: null

13-01-2025T07:05:10 - [TEST_STEP][PASSED] - path2 = "Значения со страницы Выполнение бизнес-плана/Table Data/": null

13-01-2025T07:05:10 - [TEST_STEP][PASSED] - println("path: " + path): null

13-01-2025T07:05:10 - [TEST_STEP][PASSED] - println("dZONum: " + dZONum): null

13-01-2025T07:05:10 - [TEST_STEP][PASSED] - z = getText(findTestObject(path + "spanPlan" + dZONum)): Text of object 'Object Repository/Выполнение бизнес-плана/spanPlan4' is: '7.14
|'

13-01-2025T07:05:10 - [MESSAGE][PASSED] - Text of object 'Object Repository/Выполнение бизнес-плана/spanPlan4' is: '7.14
|'

13-01-2025T07:05:10 - [TEST_STEP][PASSED] - println(z): null

13-01-2025T07:05:10 - [TEST_STEP][PASSED] - ii = z.indexOf("|"): null

13-01-2025T07:05:10 - [TEST_STEP][PASSED] - if (ii > -1): null

13-01-2025T07:05:10 - [TEST_STEP][PASSED] - z = z.substring(0, z.length() - 1): null

13-01-2025T07:05:10 - [TEST_STEP][PASSED] - println(z): null

13-01-2025T07:05:10 - [TEST_STEP][PASSED] - z = z.replaceAll("\s+", ""): null

13-01-2025T07:05:10 - [TEST_STEP][PASSED] - z = z.replace("[\r?
|
]", "/"): null

13-01-2025T07:05:10 - [TEST_STEP][PASSED] - println(z): null

13-01-2025T07:05:10 - [TEST_STEP][PASSED] - x = x + z: null

13-01-2025T07:05:10 - [TEST_STEP][PASSED] - z = getText(findTestObject(path + "spanFact" + dZONum)): Text of object 'Object Repository/Выполнение бизнес-плана/spanFact4' is: '7.09'

13-01-2025T07:05:10 - [MESSAGE][PASSED] - Text of object 'Object Repository/Выполнение бизнес-плана/spanFact4' is: '7.09'

13-01-2025T07:05:10 - [TEST_STEP][PASSED] - ii = z.indexOf("|"): null

13-01-2025T07:05:10 - [TEST_STEP][PASSED] - if (ii > -1): null

13-01-2025T07:05:10 - [TEST_STEP][PASSED] - x = x + "/" + z: null

13-01-2025T07:05:10 - [TEST_STEP][PASSED] - z = getText(findTestObject(path + path2 + "Факт Отпуск в сеть за отчётный период " + dZONum)).replaceAll("\s+", ""): Text of object 'Object Repository/Выполнение бизнес-плана/Значения со страницы Выполнение бизнес-плана/Table Data/Факт Отпуск в сеть за отчётный период 4' is: '52 412 668'

13-01-2025T07:05:11 - [MESSAGE][PASSED] - Text of object 'Object Repository/Выполнение бизнес-плана/Значения со страницы Выполнение бизнес-плана/Table Data/Факт Отпуск в сеть за отчётный период 4' is: '52 412 668'

13-01-2025T07:05:11 - [TEST_STEP][PASSED] - x = x + "/" + z: null

13-01-2025T07:05:11 - [TEST_STEP][PASSED] - z = getText(findTestObject(path + path2 + "Факт Отпуск из сети за отчётный период " + dZONum)).replaceAll("\s+", ""): Text of object 'Object Repository/Выполнение бизнес-плана/Значения со страницы Выполнение бизнес-плана/Table Data/Факт Отпуск из сети за отчётный период 4' is: '48 697 705'

13-01-2025T07:05:11 - [MESSAGE][PASSED] - Text of object 'Object Repository/Выполнение бизнес-плана/Значения со страницы Выполнение бизнес-плана/Table Data/Факт Отпуск из сети за отчётный период 4' is: '48 697 705'

13-01-2025T07:05:11 - [TEST_STEP][PASSED] - x = x + "/" + z: null

13-01-2025T07:05:11 - [TEST_STEP][PASSED] - z = getText(findTestObject(path + path2 + "Факт Потери за отчётный период " + dZONum)).replaceAll("\s+", ""): Text of object 'Object Repository/Выполнение бизнес-плана/Значения со страницы Выполнение бизнес-плана/Table Data/Факт Потери за отчётный период 4' is: '3 714 964'

13-01-2025T07:05:11 - [MESSAGE][PASSED] - Text of object 'Object Repository/Выполнение бизнес-плана/Значения со страницы Выполнение бизнес-плана/Table Data/Факт Потери за отчётный период 4' is: '3 714 964'

13-01-2025T07:05:11 - [TEST_STEP][PASSED] - x = x + "/" + z: null

13-01-2025T07:05:11 - [TEST_STEP][PASSED] - z = getText(findTestObject(path + path2 + "План Отпуск в сеть за отчётный период " + dZONum)).replaceAll("\s+", ""): Text of object 'Object Repository/Выполнение бизнес-плана/Значения со страницы Выполнение бизнес-плана/Table Data/План Отпуск в сеть за отчётный период 4' is: '50 003 068'

13-01-2025T07:05:11 - [MESSAGE][PASSED] - Text of object 'Object Repository/Выполнение бизнес-плана/Значения со страницы Выполнение бизнес-плана/Table Data/План Отпуск в сеть за отчётный период 4' is: '50 003 068'

13-01-2025T07:05:11 - [TEST_STEP][PASSED] - if (z == ""): null

13-01-2025T07:05:11 - [TEST_STEP][PASSED] - x = x + "/" + z: null

13-01-2025T07:05:11 - [TEST_STEP][PASSED] - z = getText(findTestObject(path + path2 + "План Отпуск из сети за отчётный период " + dZONum)).replaceAll("\s+", ""): Text of object 'Object Repository/Выполнение бизнес-плана/Значения со страницы Выполнение бизнес-плана/Table Data/План Отпуск из сети за отчётный период 4' is: '46 434 624'

13-01-2025T07:05:12 - [MESSAGE][PASSED] - Text of object 'Object Repository/Выполнение бизнес-плана/Значения со страницы Выполнение бизнес-плана/Table Data/План Отпуск из сети за отчётный период 4' is: '46 434 624'

13-01-2025T07:05:12 - [TEST_STEP][PASSED] - if (z == ""): null

13-01-2025T07:05:12 - [TEST_STEP][PASSED] - x = x + "/" + z: null

13-01-2025T07:05:12 - [TEST_STEP][PASSED] - z = getText(findTestObject(path + path2 + "План Потери за отчётный период " + dZONum)).replaceAll("\s+", ""): Text of object 'Object Repository/Выполнение бизнес-плана/Значения со страницы Выполнение бизнес-плана/Table Data/План Потери за отчётный период 4' is: '3 568 444'

13-01-2025T07:05:12 - [MESSAGE][PASSED] - Text of object 'Object Repository/Выполнение бизнес-плана/Значения со страницы Выполнение бизнес-плана/Table Data/План Потери за отчётный период 4' is: '3 568 444'

13-01-2025T07:05:12 - [TEST_STEP][PASSED] - if (z == ""): null

13-01-2025T07:05:12 - [TEST_STEP][PASSED] - x = x + "/" + z: null

13-01-2025T07:05:12 - [TEST_STEP][PASSED] - z = getText(findTestObject(path + "Список ДЗО")).replaceAll("[\r?
|
]", "/"): Text of object 'Object Repository/Выполнение бизнес-плана/Список ДЗО' is: '-0.07
3.10
3.73
-0.05
0.16
-0.52
-0.27
АО «Тываэнерго»
АО «Чеченэнерго»
Россети Северный Кавказ
Россети Сибирь
Россети Тюмень
Россети Центр (ГК)
Россети Центр и Приволжье (ГК)
-1
0
1
2
3
4
5
6
7'

13-01-2025T07:05:12 - [MESSAGE][PASSED] - Text of object 'Object Repository/Выполнение бизнес-плана/Список ДЗО' is: '-0.07
3.10
3.73
-0.05
0.16
-0.52
-0.27
АО «Тываэнерго»
АО «Чеченэнерго»
Россети Северный Кавказ
Россети Сибирь
Россети Тюмень
Россети Центр (ГК)
Россети Центр и Приволжье (ГК)
-1
0
1
2
3
4
5
6
7'

13-01-2025T07:05:12 - [TEST_STEP][PASSED] - for ([ii = 1, ii < dZONum, (ii++)]): null

13-01-2025T07:05:12 - [TEST_STEP][PASSED] - i1 = z.indexOf("/") + 1: null

13-01-2025T07:05:12 - [TEST_STEP][PASSED] - if (i1 > -1): null

13-01-2025T07:05:12 - [TEST_STEP][PASSED] - z = z.substring(i1, z.length()): null

13-01-2025T07:05:12 - [TEST_STEP][PASSED] - i1 = z.indexOf("/"): null

13-01-2025T07:05:12 - [TEST_STEP][PASSED] - i1 = z.indexOf("/") + 1: null

13-01-2025T07:05:12 - [TEST_STEP][PASSED] - if (i1 > -1): null

13-01-2025T07:05:12 - [TEST_STEP][PASSED] - z = z.substring(i1, z.length()): null

13-01-2025T07:05:12 - [TEST_STEP][PASSED] - i1 = z.indexOf("/"): null

13-01-2025T07:05:12 - [TEST_STEP][PASSED] - i1 = z.indexOf("/") + 1: null

13-01-2025T07:05:12 - [TEST_STEP][PASSED] - if (i1 > -1): null

13-01-2025T07:05:12 - [TEST_STEP][PASSED] - z = z.substring(i1, z.length()): null

13-01-2025T07:05:12 - [TEST_STEP][PASSED] - i1 = z.indexOf("/"): null

13-01-2025T07:05:12 - [TEST_STEP][PASSED] - i1 = z.indexOf("/"): null

13-01-2025T07:05:12 - [TEST_STEP][PASSED] - if (i1 > -1): null

13-01-2025T07:05:12 - [TEST_STEP][PASSED] - z = z.substring(0, i1): null

13-01-2025T07:05:12 - [TEST_STEP][PASSED] - z = z.replace(",", "."): null

13-01-2025T07:05:12 - [TEST_STEP][PASSED] - println(z): null

13-01-2025T07:05:12 - [TEST_STEP][PASSED] - x = x + "/" + z: null

13-01-2025T07:05:12 - [TEST_STEP][PASSED] - x = x.replaceAll("[\r?
|
]", ""): null

13-01-2025T07:05:12 - [TEST_STEP][PASSED] - println(x): null

13-01-2025T07:05:12 - [TEST_STEP][PASSED] - return x: null

13-01-2025T07:05:12 - [TEST_STEP][PASSED] - println("siR: " + siR): null

13-01-2025T07:05:12 - [TEST_STEP][PASSED] - i = VseDZO.indexOf("Томск"): null

13-01-2025T07:05:12 - [TEST_STEP][PASSED] - if (i > -1): null

13-01-2025T07:05:12 - [TEST_STEP][PASSED] - else: null

13-01-2025T07:05:12 - [TEST_STEP][PASSED] - tomR = tomR + "нет данных/нет данных/нет данных/нет данных/нет данных/нет данных/нет данных/нет данных/нет данных": null

13-01-2025T07:05:12 - [TEST_STEP][PASSED] - println("tomR: " + tomR): null

13-01-2025T07:05:12 - [TEST_STEP][PASSED] - i = VseDZO.indexOf("Тюмень"): null

13-01-2025T07:05:12 - [TEST_STEP][PASSED] - if (i > -1): null

13-01-2025T07:05:12 - [TEST_STEP][PASSED] - dZONum = dZONum + 1: null

13-01-2025T07:05:12 - [TEST_STEP][PASSED] - tyumR = GetAllData(path, dZONum, VseDZO, x = "Россети Тюмень/"): null

13-01-2025T07:05:12 - [TEST_STEP][PASSED] - ii = <not implemented yet for class: org.codehaus.groovy.ast.expr.EmptyExpression>: null

13-01-2025T07:05:12 - [TEST_STEP][PASSED] - i1 = <not implemented yet for class: org.codehaus.groovy.ast.expr.EmptyExpression>: null

13-01-2025T07:05:12 - [TEST_STEP][PASSED] - z = <not implemented yet for class: org.codehaus.groovy.ast.expr.EmptyExpression>: null

13-01-2025T07:05:12 - [TEST_STEP][PASSED] - path2 = "Значения со страницы Выполнение бизнес-плана/Table Data/": null

13-01-2025T07:05:12 - [TEST_STEP][PASSED] - println("path: " + path): null

13-01-2025T07:05:12 - [TEST_STEP][PASSED] - println("dZONum: " + dZONum): null

13-01-2025T07:05:12 - [TEST_STEP][PASSED] - z = getText(findTestObject(path + "spanPlan" + dZONum)): Text of object 'Object Repository/Выполнение бизнес-плана/spanPlan5' is: '2.54'

13-01-2025T07:05:13 - [MESSAGE][PASSED] - Text of object 'Object Repository/Выполнение бизнес-плана/spanPlan5' is: '2.54'

13-01-2025T07:05:13 - [TEST_STEP][PASSED] - println(z): null

13-01-2025T07:05:13 - [TEST_STEP][PASSED] - ii = z.indexOf("|"): null

13-01-2025T07:05:13 - [TEST_STEP][PASSED] - if (ii > -1): null

13-01-2025T07:05:13 - [TEST_STEP][PASSED] - z = z.replaceAll("\s+", ""): null

13-01-2025T07:05:13 - [TEST_STEP][PASSED] - z = z.replace("[\r?
|
]", "/"): null

13-01-2025T07:05:13 - [TEST_STEP][PASSED] - println(z): null

13-01-2025T07:05:13 - [TEST_STEP][PASSED] - x = x + z: null

13-01-2025T07:05:13 - [TEST_STEP][PASSED] - z = getText(findTestObject(path + "spanFact" + dZONum)): Text of object 'Object Repository/Выполнение бизнес-плана/spanFact5' is: '2.70
|'

13-01-2025T07:05:13 - [MESSAGE][PASSED] - Text of object 'Object Repository/Выполнение бизнес-плана/spanFact5' is: '2.70
|'

13-01-2025T07:05:13 - [TEST_STEP][PASSED] - ii = z.indexOf("|"): null

13-01-2025T07:05:13 - [TEST_STEP][PASSED] - if (ii > -1): null

13-01-2025T07:05:13 - [TEST_STEP][PASSED] - z = length() - 1).replace("[\r?
|
]", "/"): null

13-01-2025T07:05:13 - [TEST_STEP][PASSED] - x = x + "/" + z: null

13-01-2025T07:05:13 - [TEST_STEP][PASSED] - z = getText(findTestObject(path + path2 + "Факт Отпуск в сеть за отчётный период " + dZONum)).replaceAll("\s+", ""): Text of object 'Object Repository/Выполнение бизнес-плана/Значения со страницы Выполнение бизнес-плана/Table Data/Факт Отпуск в сеть за отчётный период 5' is: '47 865 721'

13-01-2025T07:05:13 - [MESSAGE][PASSED] - Text of object 'Object Repository/Выполнение бизнес-плана/Значения со страницы Выполнение бизнес-плана/Table Data/Факт Отпуск в сеть за отчётный период 5' is: '47 865 721'

13-01-2025T07:05:13 - [TEST_STEP][PASSED] - x = x + "/" + z: null

13-01-2025T07:05:13 - [TEST_STEP][PASSED] - z = getText(findTestObject(path + path2 + "Факт Отпуск из сети за отчётный период " + dZONum)).replaceAll("\s+", ""): Text of object 'Object Repository/Выполнение бизнес-плана/Значения со страницы Выполнение бизнес-плана/Table Data/Факт Отпуск из сети за отчётный период 5' is: '46 573 769'

13-01-2025T07:05:14 - [MESSAGE][PASSED] - Text of object 'Object Repository/Выполнение бизнес-плана/Значения со страницы Выполнение бизнес-плана/Table Data/Факт Отпуск из сети за отчётный период 5' is: '46 573 769'

13-01-2025T07:05:14 - [TEST_STEP][PASSED] - x = x + "/" + z: null

13-01-2025T07:05:14 - [TEST_STEP][PASSED] - z = getText(findTestObject(path + path2 + "Факт Потери за отчётный период " + dZONum)).replaceAll("\s+", ""): Text of object 'Object Repository/Выполнение бизнес-плана/Значения со страницы Выполнение бизнес-плана/Table Data/Факт Потери за отчётный период 5' is: '1 291 953'

13-01-2025T07:05:14 - [MESSAGE][PASSED] - Text of object 'Object Repository/Выполнение бизнес-плана/Значения со страницы Выполнение бизнес-плана/Table Data/Факт Потери за отчётный период 5' is: '1 291 953'

13-01-2025T07:05:14 - [TEST_STEP][PASSED] - x = x + "/" + z: null

13-01-2025T07:05:14 - [TEST_STEP][PASSED] - z = getText(findTestObject(path + path2 + "План Отпуск в сеть за отчётный период " + dZONum)).replaceAll("\s+", ""): Text of object 'Object Repository/Выполнение бизнес-плана/Значения со страницы Выполнение бизнес-плана/Table Data/План Отпуск в сеть за отчётный период 5' is: '49 871 651'

13-01-2025T07:05:14 - [MESSAGE][PASSED] - Text of object 'Object Repository/Выполнение бизнес-плана/Значения со страницы Выполнение бизнес-плана/Table Data/План Отпуск в сеть за отчётный период 5' is: '49 871 651'

13-01-2025T07:05:14 - [TEST_STEP][PASSED] - if (z == ""): null

13-01-2025T07:05:14 - [TEST_STEP][PASSED] - x = x + "/" + z: null

13-01-2025T07:05:14 - [TEST_STEP][PASSED] - z = getText(findTestObject(path + path2 + "План Отпуск из сети за отчётный период " + dZONum)).replaceAll("\s+", ""): Text of object 'Object Repository/Выполнение бизнес-плана/Значения со страницы Выполнение бизнес-плана/Table Data/План Отпуск из сети за отчётный период 5' is: '48 605 475'

13-01-2025T07:05:14 - [MESSAGE][PASSED] - Text of object 'Object Repository/Выполнение бизнес-плана/Значения со страницы Выполнение бизнес-плана/Table Data/План Отпуск из сети за отчётный период 5' is: '48 605 475'

13-01-2025T07:05:14 - [TEST_STEP][PASSED] - if (z == ""): null

13-01-2025T07:05:14 - [TEST_STEP][PASSED] - x = x + "/" + z: null

13-01-2025T07:05:14 - [TEST_STEP][PASSED] - z = getText(findTestObject(path + path2 + "План Потери за отчётный период " + dZONum)).replaceAll("\s+", ""): Text of object 'Object Repository/Выполнение бизнес-плана/Значения со страницы Выполнение бизнес-плана/Table Data/План Потери за отчётный период 5' is: '1 266 176'

13-01-2025T07:05:15 - [MESSAGE][PASSED] - Text of object 'Object Repository/Выполнение бизнес-плана/Значения со страницы Выполнение бизнес-плана/Table Data/План Потери за отчётный период 5' is: '1 266 176'

13-01-2025T07:05:15 - [TEST_STEP][PASSED] - if (z == ""): null

13-01-2025T07:05:15 - [TEST_STEP][PASSED] - x = x + "/" + z: null

13-01-2025T07:05:15 - [TEST_STEP][PASSED] - z = getText(findTestObject(path + "Список ДЗО")).replaceAll("[\r?
|
]", "/"): Text of object 'Object Repository/Выполнение бизнес-плана/Список ДЗО' is: '-0.07
3.10
3.73
-0.05
0.16
-0.52
-0.27
АО «Тываэнерго»
АО «Чеченэнерго»
Россети Северный Кавказ
Россети Сибирь
Россети Тюмень
Россети Центр (ГК)
Россети Центр и Приволжье (ГК)
-1
0
1
2
3
4
5
6
7'

13-01-2025T07:05:15 - [MESSAGE][PASSED] - Text of object 'Object Repository/Выполнение бизнес-плана/Список ДЗО' is: '-0.07
3.10
3.73
-0.05
0.16
-0.52
-0.27
АО «Тываэнерго»
АО «Чеченэнерго»
Россети Северный Кавказ
Россети Сибирь
Россети Тюмень
Россети Центр (ГК)
Россети Центр и Приволжье (ГК)
-1
0
1
2
3
4
5
6
7'

13-01-2025T07:05:15 - [TEST_STEP][PASSED] - for ([ii = 1, ii < dZONum, (ii++)]): null

13-01-2025T07:05:15 - [TEST_STEP][PASSED] - i1 = z.indexOf("/") + 1: null

13-01-2025T07:05:15 - [TEST_STEP][PASSED] - if (i1 > -1): null

13-01-2025T07:05:15 - [TEST_STEP][PASSED] - z = z.substring(i1, z.length()): null

13-01-2025T07:05:15 - [TEST_STEP][PASSED] - i1 = z.indexOf("/"): null

13-01-2025T07:05:15 - [TEST_STEP][PASSED] - i1 = z.indexOf("/") + 1: null

13-01-2025T07:05:15 - [TEST_STEP][PASSED] - if (i1 > -1): null

13-01-2025T07:05:15 - [TEST_STEP][PASSED] - z = z.substring(i1, z.length()): null

13-01-2025T07:05:15 - [TEST_STEP][PASSED] - i1 = z.indexOf("/"): null

13-01-2025T07:05:15 - [TEST_STEP][PASSED] - i1 = z.indexOf("/") + 1: null

13-01-2025T07:05:15 - [TEST_STEP][PASSED] - if (i1 > -1): null

13-01-2025T07:05:15 - [TEST_STEP][PASSED] - z = z.substring(i1, z.length()): null

13-01-2025T07:05:15 - [TEST_STEP][PASSED] - i1 = z.indexOf("/"): null

13-01-2025T07:05:15 - [TEST_STEP][PASSED] - i1 = z.indexOf("/") + 1: null

13-01-2025T07:05:15 - [TEST_STEP][PASSED] - if (i1 > -1): null

13-01-2025T07:05:15 - [TEST_STEP][PASSED] - z = z.substring(i1, z.length()): null

13-01-2025T07:05:15 - [TEST_STEP][PASSED] - i1 = z.indexOf("/"): null

13-01-2025T07:05:15 - [TEST_STEP][PASSED] - i1 = z.indexOf("/"): null

13-01-2025T07:05:15 - [TEST_STEP][PASSED] - if (i1 > -1): null

13-01-2025T07:05:15 - [TEST_STEP][PASSED] - z = z.substring(0, i1): null

13-01-2025T07:05:15 - [TEST_STEP][PASSED] - z = z.replace(",", "."): null

13-01-2025T07:05:15 - [TEST_STEP][PASSED] - println(z): null

13-01-2025T07:05:15 - [TEST_STEP][PASSED] - x = x + "/" + z: null

13-01-2025T07:05:15 - [TEST_STEP][PASSED] - x = x.replaceAll("[\r?
|
]", ""): null

13-01-2025T07:05:15 - [TEST_STEP][PASSED] - println(x): null

13-01-2025T07:05:15 - [TEST_STEP][PASSED] - return x: null

13-01-2025T07:05:15 - [TEST_STEP][PASSED] - println("tyumR: " + tyumR): null

13-01-2025T07:05:15 - [TEST_STEP][PASSED] - i = VseDZO.indexOf("Урал"): null

13-01-2025T07:05:15 - [TEST_STEP][PASSED] - if (i > -1): null

13-01-2025T07:05:15 - [TEST_STEP][PASSED] - else: null

13-01-2025T07:05:15 - [TEST_STEP][PASSED] - urR = urR + "нет данных/нет данных/нет данных/нет данных/нет данных/нет данных/нет данных/нет данных/нет данных": null

13-01-2025T07:05:15 - [TEST_STEP][PASSED] - println("urR: " + urR): null

13-01-2025T07:05:15 - [TEST_STEP][PASSED] - i = VseDZO.indexOf("Центр"): null

13-01-2025T07:05:15 - [TEST_STEP][PASSED] - if (i > -1): null

13-01-2025T07:05:15 - [TEST_STEP][PASSED] - dZONum = dZONum + 1: null

13-01-2025T07:05:15 - [TEST_STEP][PASSED] - cenR = GetAllData(path, dZONum, VseDZO, x = "Россети Центр (ГК)/"): null

13-01-2025T07:05:15 - [TEST_STEP][PASSED] - ii = <not implemented yet for class: org.codehaus.groovy.ast.expr.EmptyExpression>: null

13-01-2025T07:05:15 - [TEST_STEP][PASSED] - i1 = <not implemented yet for class: org.codehaus.groovy.ast.expr.EmptyExpression>: null

13-01-2025T07:05:15 - [TEST_STEP][PASSED] - z = <not implemented yet for class: org.codehaus.groovy.ast.expr.EmptyExpression>: null

13-01-2025T07:05:15 - [TEST_STEP][PASSED] - path2 = "Значения со страницы Выполнение бизнес-плана/Table Data/": null

13-01-2025T07:05:15 - [TEST_STEP][PASSED] - println("path: " + path): null

13-01-2025T07:05:15 - [TEST_STEP][PASSED] - println("dZONum: " + dZONum): null

13-01-2025T07:05:15 - [TEST_STEP][PASSED] - z = getText(findTestObject(path + "spanPlan" + dZONum)): Text of object 'Object Repository/Выполнение бизнес-плана/spanPlan6' is: '10.32
|'

13-01-2025T07:05:15 - [MESSAGE][PASSED] - Text of object 'Object Repository/Выполнение бизнес-плана/spanPlan6' is: '10.32
|'

13-01-2025T07:05:15 - [TEST_STEP][PASSED] - println(z): null

13-01-2025T07:05:15 - [TEST_STEP][PASSED] - ii = z.indexOf("|"): null

13-01-2025T07:05:15 - [TEST_STEP][PASSED] - if (ii > -1): null

13-01-2025T07:05:15 - [TEST_STEP][PASSED] - z = z.substring(0, z.length() - 1): null

13-01-2025T07:05:15 - [TEST_STEP][PASSED] - println(z): null

13-01-2025T07:05:15 - [TEST_STEP][PASSED] - z = z.replaceAll("\s+", ""): null

13-01-2025T07:05:15 - [TEST_STEP][PASSED] - z = z.replace("[\r?
|
]", "/"): null

13-01-2025T07:05:15 - [TEST_STEP][PASSED] - println(z): null

13-01-2025T07:05:15 - [TEST_STEP][PASSED] - x = x + z: null

13-01-2025T07:05:15 - [TEST_STEP][PASSED] - z = getText(findTestObject(path + "spanFact" + dZONum)): Text of object 'Object Repository/Выполнение бизнес-плана/spanFact6' is: '9.80'

13-01-2025T07:05:16 - [MESSAGE][PASSED] - Text of object 'Object Repository/Выполнение бизнес-плана/spanFact6' is: '9.80'

13-01-2025T07:05:16 - [TEST_STEP][PASSED] - ii = z.indexOf("|"): null

13-01-2025T07:05:16 - [TEST_STEP][PASSED] - if (ii > -1): null

13-01-2025T07:05:16 - [TEST_STEP][PASSED] - x = x + "/" + z: null

13-01-2025T07:05:16 - [TEST_STEP][PASSED] - z = getText(findTestObject(path + path2 + "Факт Отпуск в сеть за отчётный период " + dZONum)).replaceAll("\s+", ""): Text of object 'Object Repository/Выполнение бизнес-плана/Значения со страницы Выполнение бизнес-плана/Table Data/Факт Отпуск в сеть за отчётный период 6' is: '55 088 893'

13-01-2025T07:05:16 - [MESSAGE][PASSED] - Text of object 'Object Repository/Выполнение бизнес-плана/Значения со страницы Выполнение бизнес-плана/Table Data/Факт Отпуск в сеть за отчётный период 6' is: '55 088 893'

13-01-2025T07:05:16 - [TEST_STEP][PASSED] - x = x + "/" + z: null

13-01-2025T07:05:16 - [TEST_STEP][PASSED] - z = getText(findTestObject(path + path2 + "Факт Отпуск из сети за отчётный период " + dZONum)).replaceAll("\s+", ""): Text of object 'Object Repository/Выполнение бизнес-плана/Значения со страницы Выполнение бизнес-плана/Table Data/Факт Отпуск из сети за отчётный период 6' is: '49 682 043'

13-01-2025T07:05:16 - [MESSAGE][PASSED] - Text of object 'Object Repository/Выполнение бизнес-плана/Значения со страницы Выполнение бизнес-плана/Table Data/Факт Отпуск из сети за отчётный период 6' is: '49 682 043'

13-01-2025T07:05:16 - [TEST_STEP][PASSED] - x = x + "/" + z: null

13-01-2025T07:05:16 - [TEST_STEP][PASSED] - z = getText(findTestObject(path + path2 + "Факт Потери за отчётный период " + dZONum)).replaceAll("\s+", ""): Text of object 'Object Repository/Выполнение бизнес-плана/Значения со страницы Выполнение бизнес-плана/Table Data/Факт Потери за отчётный период 6' is: '5 406 850'

13-01-2025T07:05:17 - [MESSAGE][PASSED] - Text of object 'Object Repository/Выполнение бизнес-плана/Значения со страницы Выполнение бизнес-плана/Table Data/Факт Потери за отчётный период 6' is: '5 406 850'

13-01-2025T07:05:17 - [TEST_STEP][PASSED] - x = x + "/" + z: null

13-01-2025T07:05:17 - [TEST_STEP][PASSED] - z = getText(findTestObject(path + path2 + "План Отпуск в сеть за отчётный период " + dZONum)).replaceAll("\s+", ""): Text of object 'Object Repository/Выполнение бизнес-плана/Значения со страницы Выполнение бизнес-плана/Table Data/План Отпуск в сеть за отчётный период 6' is: '53 713 338'

13-01-2025T07:05:17 - [MESSAGE][PASSED] - Text of object 'Object Repository/Выполнение бизнес-плана/Значения со страницы Выполнение бизнес-плана/Table Data/План Отпуск в сеть за отчётный период 6' is: '53 713 338'

13-01-2025T07:05:17 - [TEST_STEP][PASSED] - if (z == ""): null

13-01-2025T07:05:17 - [TEST_STEP][PASSED] - x = x + "/" + z: null

13-01-2025T07:05:17 - [TEST_STEP][PASSED] - z = getText(findTestObject(path + path2 + "План Отпуск из сети за отчётный период " + dZONum)).replaceAll("\s+", ""): Text of object 'Object Repository/Выполнение бизнес-плана/Значения со страницы Выполнение бизнес-плана/Table Data/План Отпуск из сети за отчётный период 6' is: '48 149 456'

13-01-2025T07:05:17 - [MESSAGE][PASSED] - Text of object 'Object Repository/Выполнение бизнес-плана/Значения со страницы Выполнение бизнес-плана/Table Data/План Отпуск из сети за отчётный период 6' is: '48 149 456'

13-01-2025T07:05:17 - [TEST_STEP][PASSED] - if (z == ""): null

13-01-2025T07:05:17 - [TEST_STEP][PASSED] - x = x + "/" + z: null

13-01-2025T07:05:17 - [TEST_STEP][PASSED] - z = getText(findTestObject(path + path2 + "План Потери за отчётный период " + dZONum)).replaceAll("\s+", ""): Text of object 'Object Repository/Выполнение бизнес-плана/Значения со страницы Выполнение бизнес-плана/Table Data/План Потери за отчётный период 6' is: '5 563 882'

13-01-2025T07:05:17 - [MESSAGE][PASSED] - Text of object 'Object Repository/Выполнение бизнес-плана/Значения со страницы Выполнение бизнес-плана/Table Data/План Потери за отчётный период 6' is: '5 563 882'

13-01-2025T07:05:17 - [TEST_STEP][PASSED] - if (z == ""): null

13-01-2025T07:05:17 - [TEST_STEP][PASSED] - x = x + "/" + z: null

13-01-2025T07:05:17 - [TEST_STEP][PASSED] - z = getText(findTestObject(path + "Список ДЗО")).replaceAll("[\r?
|
]", "/"): Text of object 'Object Repository/Выполнение бизнес-плана/Список ДЗО' is: '-0.07
3.10
3.73
-0.05
0.16
-0.52
-0.27
АО «Тываэнерго»
АО «Чеченэнерго»
Россети Северный Кавказ
Россети Сибирь
Россети Тюмень
Россети Центр (ГК)
Россети Центр и Приволжье (ГК)
-1
0
1
2
3
4
5
6
7'

13-01-2025T07:05:18 - [MESSAGE][PASSED] - Text of object 'Object Repository/Выполнение бизнес-плана/Список ДЗО' is: '-0.07
3.10
3.73
-0.05
0.16
-0.52
-0.27
АО «Тываэнерго»
АО «Чеченэнерго»
Россети Северный Кавказ
Россети Сибирь
Россети Тюмень
Россети Центр (ГК)
Россети Центр и Приволжье (ГК)
-1
0
1
2
3
4
5
6
7'

13-01-2025T07:05:18 - [TEST_STEP][PASSED] - for ([ii = 1, ii < dZONum, (ii++)]): null

13-01-2025T07:05:18 - [TEST_STEP][PASSED] - i1 = z.indexOf("/") + 1: null

13-01-2025T07:05:18 - [TEST_STEP][PASSED] - if (i1 > -1): null

13-01-2025T07:05:18 - [TEST_STEP][PASSED] - z = z.substring(i1, z.length()): null

13-01-2025T07:05:18 - [TEST_STEP][PASSED] - i1 = z.indexOf("/"): null

13-01-2025T07:05:18 - [TEST_STEP][PASSED] - i1 = z.indexOf("/") + 1: null

13-01-2025T07:05:18 - [TEST_STEP][PASSED] - if (i1 > -1): null

13-01-2025T07:05:18 - [TEST_STEP][PASSED] - z = z.substring(i1, z.length()): null

13-01-2025T07:05:18 - [TEST_STEP][PASSED] - i1 = z.indexOf("/"): null

13-01-2025T07:05:18 - [TEST_STEP][PASSED] - i1 = z.indexOf("/") + 1: null

13-01-2025T07:05:18 - [TEST_STEP][PASSED] - if (i1 > -1): null

13-01-2025T07:05:18 - [TEST_STEP][PASSED] - z = z.substring(i1, z.length()): null

13-01-2025T07:05:18 - [TEST_STEP][PASSED] - i1 = z.indexOf("/"): null

13-01-2025T07:05:18 - [TEST_STEP][PASSED] - i1 = z.indexOf("/") + 1: null

13-01-2025T07:05:18 - [TEST_STEP][PASSED] - if (i1 > -1): null

13-01-2025T07:05:18 - [TEST_STEP][PASSED] - z = z.substring(i1, z.length()): null

13-01-2025T07:05:18 - [TEST_STEP][PASSED] - i1 = z.indexOf("/"): null

13-01-2025T07:05:18 - [TEST_STEP][PASSED] - i1 = z.indexOf("/") + 1: null

13-01-2025T07:05:18 - [TEST_STEP][PASSED] - if (i1 > -1): null

13-01-2025T07:05:18 - [TEST_STEP][PASSED] - z = z.substring(i1, z.length()): null

13-01-2025T07:05:18 - [TEST_STEP][PASSED] - i1 = z.indexOf("/"): null

13-01-2025T07:05:18 - [TEST_STEP][PASSED] - i1 = z.indexOf("/"): null

13-01-2025T07:05:18 - [TEST_STEP][PASSED] - if (i1 > -1): null

13-01-2025T07:05:18 - [TEST_STEP][PASSED] - z = z.substring(0, i1): null

13-01-2025T07:05:18 - [TEST_STEP][PASSED] - z = z.replace(",", "."): null

13-01-2025T07:05:18 - [TEST_STEP][PASSED] - println(z): null

13-01-2025T07:05:18 - [TEST_STEP][PASSED] - x = x + "/" + z: null

13-01-2025T07:05:18 - [TEST_STEP][PASSED] - x = x.replaceAll("[\r?
|
]", ""): null

13-01-2025T07:05:18 - [TEST_STEP][PASSED] - println(x): null

13-01-2025T07:05:18 - [TEST_STEP][PASSED] - return x: null

13-01-2025T07:05:18 - [TEST_STEP][PASSED] - println("cenR: " + cenR): null

13-01-2025T07:05:18 - [TEST_STEP][PASSED] - i = VseDZO.indexOf("Приволжье"): null

13-01-2025T07:05:18 - [TEST_STEP][PASSED] - if (i > -1): null

13-01-2025T07:05:18 - [TEST_STEP][PASSED] - dZONum = dZONum + 1: null

13-01-2025T07:05:18 - [TEST_STEP][PASSED] - cIPR = GetAllData(path, dZONum, VseDZO, x = "Россети Центр и Приволжье (ГК)/"): null

13-01-2025T07:05:18 - [TEST_STEP][PASSED] - ii = <not implemented yet for class: org.codehaus.groovy.ast.expr.EmptyExpression>: null

13-01-2025T07:05:18 - [TEST_STEP][PASSED] - i1 = <not implemented yet for class: org.codehaus.groovy.ast.expr.EmptyExpression>: null

13-01-2025T07:05:18 - [TEST_STEP][PASSED] - z = <not implemented yet for class: org.codehaus.groovy.ast.expr.EmptyExpression>: null

13-01-2025T07:05:18 - [TEST_STEP][PASSED] - path2 = "Значения со страницы Выполнение бизнес-плана/Table Data/": null

13-01-2025T07:05:18 - [TEST_STEP][PASSED] - println("path: " + path): null

13-01-2025T07:05:18 - [TEST_STEP][PASSED] - println("dZONum: " + dZONum): null

13-01-2025T07:05:18 - [TEST_STEP][PASSED] - z = getText(findTestObject(path + "spanPlan" + dZONum)): Text of object 'Object Repository/Выполнение бизнес-плана/spanPlan7' is: '7.17
|'

13-01-2025T07:05:18 - [MESSAGE][PASSED] - Text of object 'Object Repository/Выполнение бизнес-плана/spanPlan7' is: '7.17
|'

13-01-2025T07:05:18 - [TEST_STEP][PASSED] - println(z): null

13-01-2025T07:05:18 - [TEST_STEP][PASSED] - ii = z.indexOf("|"): null

13-01-2025T07:05:18 - [TEST_STEP][PASSED] - if (ii > -1): null

13-01-2025T07:05:18 - [TEST_STEP][PASSED] - z = z.substring(0, z.length() - 1): null

13-01-2025T07:05:18 - [TEST_STEP][PASSED] - println(z): null

13-01-2025T07:05:18 - [TEST_STEP][PASSED] - z = z.replaceAll("\s+", ""): null

13-01-2025T07:05:18 - [TEST_STEP][PASSED] - z = z.replace("[\r?
|
]", "/"): null

13-01-2025T07:05:18 - [TEST_STEP][PASSED] - println(z): null

13-01-2025T07:05:18 - [TEST_STEP][PASSED] - x = x + z: null

13-01-2025T07:05:18 - [TEST_STEP][PASSED] - z = getText(findTestObject(path + "spanFact" + dZONum)): Text of object 'Object Repository/Выполнение бизнес-плана/spanFact7' is: '6.90'

13-01-2025T07:05:18 - [MESSAGE][PASSED] - Text of object 'Object Repository/Выполнение бизнес-плана/spanFact7' is: '6.90'

13-01-2025T07:05:18 - [TEST_STEP][PASSED] - ii = z.indexOf("|"): null

13-01-2025T07:05:18 - [TEST_STEP][PASSED] - if (ii > -1): null

13-01-2025T07:05:18 - [TEST_STEP][PASSED] - x = x + "/" + z: null

13-01-2025T07:05:18 - [TEST_STEP][PASSED] - z = getText(findTestObject(path + path2 + "Факт Отпуск в сеть за отчётный период " + dZONum)).replaceAll("\s+", ""): Text of object 'Object Repository/Выполнение бизнес-плана/Значения со страницы Выполнение бизнес-плана/Table Data/Факт Отпуск в сеть за отчётный период 7' is: '50 521 486'

13-01-2025T07:05:19 - [MESSAGE][PASSED] - Text of object 'Object Repository/Выполнение бизнес-плана/Значения со страницы Выполнение бизнес-плана/Table Data/Факт Отпуск в сеть за отчётный период 7' is: '50 521 486'

13-01-2025T07:05:19 - [TEST_STEP][PASSED] - x = x + "/" + z: null

13-01-2025T07:05:19 - [TEST_STEP][PASSED] - z = getText(findTestObject(path + path2 + "Факт Отпуск из сети за отчётный период " + dZONum)).replaceAll("\s+", ""): Text of object 'Object Repository/Выполнение бизнес-плана/Значения со страницы Выполнение бизнес-плана/Table Data/Факт Отпуск из сети за отчётный период 7' is: '47 031 337'

13-01-2025T07:05:19 - [MESSAGE][PASSED] - Text of object 'Object Repository/Выполнение бизнес-плана/Значения со страницы Выполнение бизнес-плана/Table Data/Факт Отпуск из сети за отчётный период 7' is: '47 031 337'

13-01-2025T07:05:19 - [TEST_STEP][PASSED] - x = x + "/" + z: null

13-01-2025T07:05:19 - [TEST_STEP][PASSED] - z = getText(findTestObject(path + path2 + "Факт Потери за отчётный период " + dZONum)).replaceAll("\s+", ""): Text of object 'Object Repository/Выполнение бизнес-плана/Значения со страницы Выполнение бизнес-плана/Table Data/Факт Потери за отчётный период 7' is: '3 490 149'

13-01-2025T07:05:19 - [MESSAGE][PASSED] - Text of object 'Object Repository/Выполнение бизнес-плана/Значения со страницы Выполнение бизнес-плана/Table Data/Факт Потери за отчётный период 7' is: '3 490 149'

13-01-2025T07:05:19 - [TEST_STEP][PASSED] - x = x + "/" + z: null

13-01-2025T07:05:19 - [TEST_STEP][PASSED] - z = getText(findTestObject(path + path2 + "План Отпуск в сеть за отчётный период " + dZONum)).replaceAll("\s+", ""): Text of object 'Object Repository/Выполнение бизнес-плана/Значения со страницы Выполнение бизнес-плана/Table Data/План Отпуск в сеть за отчётный период 7' is: '48 819 116'

13-01-2025T07:05:20 - [MESSAGE][PASSED] - Text of object 'Object Repository/Выполнение бизнес-плана/Значения со страницы Выполнение бизнес-плана/Table Data/План Отпуск в сеть за отчётный период 7' is: '48 819 116'

13-01-2025T07:05:20 - [TEST_STEP][PASSED] - if (z == ""): null

13-01-2025T07:05:20 - [TEST_STEP][PASSED] - x = x + "/" + z: null

13-01-2025T07:05:20 - [TEST_STEP][PASSED] - z = getText(findTestObject(path + path2 + "План Отпуск из сети за отчётный период " + dZONum)).replaceAll("\s+", ""): Text of object 'Object Repository/Выполнение бизнес-плана/Значения со страницы Выполнение бизнес-плана/Table Data/План Отпуск из сети за отчётный период 7' is: '45 313 619'

13-01-2025T07:05:20 - [MESSAGE][PASSED] - Text of object 'Object Repository/Выполнение бизнес-плана/Значения со страницы Выполнение бизнес-плана/Table Data/План Отпуск из сети за отчётный период 7' is: '45 313 619'

13-01-2025T07:05:20 - [TEST_STEP][PASSED] - if (z == ""): null

13-01-2025T07:05:20 - [TEST_STEP][PASSED] - x = x + "/" + z: null

13-01-2025T07:05:20 - [TEST_STEP][PASSED] - z = getText(findTestObject(path + path2 + "План Потери за отчётный период " + dZONum)).replaceAll("\s+", ""): Text of object 'Object Repository/Выполнение бизнес-плана/Значения со страницы Выполнение бизнес-плана/Table Data/План Потери за отчётный период 7' is: '3 505 497'

13-01-2025T07:05:20 - [MESSAGE][PASSED] - Text of object 'Object Repository/Выполнение бизнес-плана/Значения со страницы Выполнение бизнес-плана/Table Data/План Потери за отчётный период 7' is: '3 505 497'

13-01-2025T07:05:20 - [TEST_STEP][PASSED] - if (z == ""): null

13-01-2025T07:05:20 - [TEST_STEP][PASSED] - x = x + "/" + z: null

13-01-2025T07:05:20 - [TEST_STEP][PASSED] - z = getText(findTestObject(path + "Список ДЗО")).replaceAll("[\r?
|
]", "/"): Text of object 'Object Repository/Выполнение бизнес-плана/Список ДЗО' is: '-0.07
3.10
3.73
-0.05
0.16
-0.52
-0.27
АО «Тываэнерго»
АО «Чеченэнерго»
Россети Северный Кавказ
Россети Сибирь
Россети Тюмень
Россети Центр (ГК)
Россети Центр и Приволжье (ГК)
-1
0
1
2
3
4
5
6
7'

13-01-2025T07:05:21 - [MESSAGE][PASSED] - Text of object 'Object Repository/Выполнение бизнес-плана/Список ДЗО' is: '-0.07
3.10
3.73
-0.05
0.16
-0.52
-0.27
АО «Тываэнерго»
АО «Чеченэнерго»
Россети Северный Кавказ
Россети Сибирь
Россети Тюмень
Россети Центр (ГК)
Россети Центр и Приволжье (ГК)
-1
0
1
2
3
4
5
6
7'

13-01-2025T07:05:21 - [TEST_STEP][PASSED] - for ([ii = 1, ii < dZONum, (ii++)]): null

13-01-2025T07:05:21 - [TEST_STEP][PASSED] - i1 = z.indexOf("/") + 1: null

13-01-2025T07:05:21 - [TEST_STEP][PASSED] - if (i1 > -1): null

13-01-2025T07:05:21 - [TEST_STEP][PASSED] - z = z.substring(i1, z.length()): null

13-01-2025T07:05:21 - [TEST_STEP][PASSED] - i1 = z.indexOf("/"): null

13-01-2025T07:05:21 - [TEST_STEP][PASSED] - i1 = z.indexOf("/") + 1: null

13-01-2025T07:05:21 - [TEST_STEP][PASSED] - if (i1 > -1): null

13-01-2025T07:05:21 - [TEST_STEP][PASSED] - z = z.substring(i1, z.length()): null

13-01-2025T07:05:21 - [TEST_STEP][PASSED] - i1 = z.indexOf("/"): null

13-01-2025T07:05:21 - [TEST_STEP][PASSED] - i1 = z.indexOf("/") + 1: null

13-01-2025T07:05:21 - [TEST_STEP][PASSED] - if (i1 > -1): null

13-01-2025T07:05:21 - [TEST_STEP][PASSED] - z = z.substring(i1, z.length()): null

13-01-2025T07:05:21 - [TEST_STEP][PASSED] - i1 = z.indexOf("/"): null

13-01-2025T07:05:21 - [TEST_STEP][PASSED] - i1 = z.indexOf("/") + 1: null

13-01-2025T07:05:21 - [TEST_STEP][PASSED] - if (i1 > -1): null

13-01-2025T07:05:21 - [TEST_STEP][PASSED] - z = z.substring(i1, z.length()): null

13-01-2025T07:05:21 - [TEST_STEP][PASSED] - i1 = z.indexOf("/"): null

13-01-2025T07:05:21 - [TEST_STEP][PASSED] - i1 = z.indexOf("/") + 1: null

13-01-2025T07:05:21 - [TEST_STEP][PASSED] - if (i1 > -1): null

13-01-2025T07:05:21 - [TEST_STEP][PASSED] - z = z.substring(i1, z.length()): null

13-01-2025T07:05:21 - [TEST_STEP][PASSED] - i1 = z.indexOf("/"): null

13-01-2025T07:05:21 - [TEST_STEP][PASSED] - i1 = z.indexOf("/") + 1: null

13-01-2025T07:05:21 - [TEST_STEP][PASSED] - if (i1 > -1): null

13-01-2025T07:05:21 - [TEST_STEP][PASSED] - z = z.substring(i1, z.length()): null

13-01-2025T07:05:21 - [TEST_STEP][PASSED] - i1 = z.indexOf("/"): null

13-01-2025T07:05:21 - [TEST_STEP][PASSED] - i1 = z.indexOf("/"): null

13-01-2025T07:05:21 - [TEST_STEP][PASSED] - if (i1 > -1): null

13-01-2025T07:05:21 - [TEST_STEP][PASSED] - z = z.substring(0, i1): null

13-01-2025T07:05:21 - [TEST_STEP][PASSED] - z = z.replace(",", "."): null

13-01-2025T07:05:21 - [TEST_STEP][PASSED] - println(z): null

13-01-2025T07:05:21 - [TEST_STEP][PASSED] - x = x + "/" + z: null

13-01-2025T07:05:21 - [TEST_STEP][PASSED] - x = x.replaceAll("[\r?
|
]", ""): null

13-01-2025T07:05:21 - [TEST_STEP][PASSED] - println(x): null

13-01-2025T07:05:21 - [TEST_STEP][PASSED] - return x: null

13-01-2025T07:05:21 - [TEST_STEP][PASSED] - println("cIPR: " + cIPR): null

13-01-2025T07:05:21 - [TEST_STEP][PASSED] - i = VseDZO.indexOf("Юг"): null

13-01-2025T07:05:21 - [TEST_STEP][PASSED] - if (i > -1): null

13-01-2025T07:05:21 - [TEST_STEP][PASSED] - else: null

13-01-2025T07:05:21 - [TEST_STEP][PASSED] - ugR = ugR + "нет данных/нет данных/нет данных/нет данных/нет данных/нет данных/нет данных/нет данных/нет данных": null

13-01-2025T07:05:21 - [TEST_STEP][PASSED] - println("ugR: " + ugR): null

13-01-2025T07:05:21 - [TEST_STEP][PASSED] - i = VseDZO.indexOf("Янтарь"): null

13-01-2025T07:05:21 - [TEST_STEP][PASSED] - if (i > -1): null

13-01-2025T07:05:21 - [TEST_STEP][PASSED] - else: null

13-01-2025T07:05:21 - [TEST_STEP][PASSED] - yR = yR + "нет данных/нет данных/нет данных/нет данных/нет данных/нет данных/нет данных/нет данных/нет данных": null

13-01-2025T07:05:21 - [TEST_STEP][PASSED] - println("yR: " + yR): null

13-01-2025T07:05:21 - [TEST_STEP][PASSED] - blockNum = 2: null

13-01-2025T07:05:21 - [TEST_STEP][PASSED] - path = "Object Repository/Выполнение бизнес-плана/Выполнение бизнес-плана Балансы/": null

13-01-2025T07:05:21 - [TEST_STEP][PASSED] - Script1736739304585.Presettings(blockNum, path): null

13-01-2025T07:05:21 - [TEST_STEP][PASSED] - blockNumber = <not implemented yet for class: org.codehaus.groovy.ast.expr.EmptyExpression>: null

13-01-2025T07:05:21 - [TEST_STEP][PASSED] - urlText = <not implemented yet for class: org.codehaus.groovy.ast.expr.EmptyExpression>: null

13-01-2025T07:05:21 - [TEST_STEP][PASSED] - searchWord = <not implemented yet for class: org.codehaus.groovy.ast.expr.EmptyExpression>: null

13-01-2025T07:05:21 - [TEST_STEP][PASSED] - i = <not implemented yet for class: org.codehaus.groovy.ast.expr.EmptyExpression>: null

13-01-2025T07:05:21 - [TEST_STEP][PASSED] - ii = <not implemented yet for class: org.codehaus.groovy.ast.expr.EmptyExpression>: null

13-01-2025T07:05:21 - [TEST_STEP][PASSED] - openBrowser(""): Browser is opened with url: ''

13-01-2025T07:05:21 - [MESSAGE][WARNING] - A browser is already opened. Closing browser and opening a new one

13-01-2025T07:05:21 - [MESSAGE][INFO] - Starting 'Chrome' driver

13-01-2025T07:05:21 - [MESSAGE][INFO] - Action delay is set to 0 milliseconds

13-01-2025T07:05:22 - [MESSAGE][PASSED] - Browser is opened with url: ''

13-01-2025T07:05:22 - [TEST_STEP][PASSED] - if (blockNum == 1): null

13-01-2025T07:05:22 - [TEST_STEP][PASSED] - else: null

13-01-2025T07:05:22 - [TEST_STEP][PASSED] - path = "Object Repository/Выполнение бизнес-плана/Выполнение бизнес-плана Балансы/": null

13-01-2025T07:05:22 - [TEST_STEP][PASSED] - blockNumber = 4: null

13-01-2025T07:05:22 - [TEST_STEP][PASSED] - navigateToUrl(findTestData("PlanFact").getValue(10, blockNumber)): Navigate to 'https://bi.rosseti.digital/viewer?dashboardGuid=5ed11b2f4eb2434fa5c5ff1537a71532&sheetGuid=0d90a67b6f664f58b2e6cf8ff5d9a66c&fit=true' successfully

13-01-2025T07:05:36 - [MESSAGE][PASSED] - Navigate to 'https://bi.rosseti.digital/viewer?dashboardGuid=5ed11b2f4eb2434fa5c5ff1537a71532&sheetGuid=0d90a67b6f664f58b2e6cf8ff5d9a66c&fit=true' successfully

13-01-2025T07:05:36 - [TEST_STEP][PASSED] - urlText = getText(findTestObject("Страница авторизации/Text")): Text of object 'Object Repository/Страница авторизации/Text' is: 'Вход'

13-01-2025T07:05:37 - [MESSAGE][PASSED] - Text of object 'Object Repository/Страница авторизации/Text' is: 'Вход'

13-01-2025T07:05:37 - [TEST_STEP][PASSED] - delay(10): Delayed 10 second(s)

13-01-2025T07:05:47 - [MESSAGE][PASSED] - Delayed 10 second(s)

13-01-2025T07:05:47 - [TEST_STEP][PASSED] - searchWord = "Вход": null

13-01-2025T07:05:47 - [TEST_STEP][PASSED] - if (urlText.contains(searchWord) == false): null

13-01-2025T07:05:47 - [TEST_STEP][PASSED] - setText(findTestObject("Страница авторизации/input__username"), findTestData("PlanFact").getValue(8, 1)): Text 'liazgina-di' is set on object 'Object Repository/Страница авторизации/input__username'

13-01-2025T07:05:47 - [MESSAGE][PASSED] - Text 'liazgina-di' is set on object 'Object Repository/Страница авторизации/input__username'

13-01-2025T07:05:47 - [TEST_STEP][PASSED] - setText(findTestObject("Страница авторизации/input__password"), findTestData("PlanFact").getValue(9, 1)): Text ')$%5srZ8o688Dm#q' is set on object 'Object Repository/Страница авторизации/input__password'

13-01-2025T07:05:48 - [MESSAGE][PASSED] - Text ')$%5srZ8o688Dm#q' is set on object 'Object Repository/Страница авторизации/input__password'

13-01-2025T07:05:48 - [TEST_STEP][PASSED] - click(findTestObject("Страница авторизации/button_")): Object: 'Object Repository/Страница авторизации/button_' is clicked on

13-01-2025T07:05:50 - [MESSAGE][PASSED] - Object: 'Object Repository/Страница авторизации/button_' is clicked on

13-01-2025T07:05:50 - [TEST_STEP][PASSED] - delay(50): Delayed 50 second(s)

13-01-2025T07:06:40 - [MESSAGE][PASSED] - Delayed 50 second(s)

13-01-2025T07:06:40 - [TEST_STEP][PASSED] - searchWord = "ДЗО": null

13-01-2025T07:06:40 - [TEST_STEP][PASSED] - urlText = getText(findTestObject("Страница авторизации/Text")): Text of object 'Object Repository/Страница авторизации/Text' is: 'ДЗО 
ПАО Россети - РаспредКомплекс - Россети Урал (ГК) - Свердловэнерго
Период
1, 2, 3 кв., Октябрь, Ноябрь 2024 года

Показатели баланса электроэнергии по ДЗО – Факт
27 418 968 0
26 296 800 0
1 122 169 0
Итого
п.п.
-0.06
-0.075
-0.05
-0.025
0
Итого
%
4.38 4.38
4.31 4.31
1
100

Выполнение бизнес-плана в части показателя «Уровень потерь электроэнергии»
Итого – Факт
Отпуск в сеть 27 418 968
Отпуск из сети 26 296 800
Потери 1 122 169
Статус данных
Просьба обратить внимание
— данные занесены не полностью
Показатели баланса электроэнергии по ДЗО – План
26 753 244 0
25 627 189 0
1 126 055 0
0 0
Факт
План
Итого – План
Отпуск в сеть 26 753 244
Отпуск из сети 25 627 190
Потери 1 126 055
● Бизнес-план выполнен● ●● Превышение бизнес-плана
Отклонения фактического уровня потерь от бизнес-плана за 3 месяца (нарастающим итогом), п.п.
-0.2-0.2
-0.1-0.1
3.73.7
-0.4-0.4
-0.8-0.8
-0.0-0.0
-0.0-0.0
3.83.8
-0.4-0.4
-0.0-0.0
-0.0-0.0
0.10.1
-0.1-0.1
-0.5-0.5
-0.2-0.2
-0.5-0.5
-0.2-0.2
-0.2-0.2
-0.1-0.1
3.23.2
-0.4-0.4
-0.7-0.7
0.10.1
0.10.1
3.93.9
-0.4-0.4
-0.0-0.0
-0.0-0.0
0.10.1
-0.1-0.1
-0.5-0.5
-0.3-0.3
-0.4-0.4
-0.1-0.1
-0.1-0.1
3.13.1
-0.4-0.4
-0.0-0.0
0.20.2
3.93.9
-0.4-0.4
-0.0-0.0
0.20.2
-0.2-0.2
-0.5-0.5
-0.3-0.3
-0.5-0.5
-0.0-0.0
Россети ФСКЕЭС
АО«Тываэнерго»
АО«Чеченэнерго»
Россети Волга
Россети Кубань
РоссетиЛенэнерго (ГК)
РоссетиМосковскийрегион
РоссетиСеверныйКавказ (ГК)
Россети Севе…
Россети Сибирь(ГК)
Россети Томск
Россети Тюмень
Россети Урал(ГК)
Россети Центр
Россети Центри Приволжье(ГК)
Россети Юг(ГК)
Россети Янтарь
0
-5
5
Отклонения фактического уровня потерь от бизнес-плана, п.п. 
-0.10
Россети Урал (ГК)
-1
0
1
2
3
4
5
6
7
Уровень потерь электроэнергии 
Россети Урал (ГК)
0
10
20
30
40
50
60
70
4.19
|
4.09
● Отрицательные/нулевые отклонения● ● ● ● Положительные отклонения
п.п.
Отклонения фактического уровня потерь от бизнес-плана за 3 месяца (нарастающим итогом)
Свердловэнерго'

13-01-2025T07:07:03 - [MESSAGE][PASSED] - Text of object 'Object Repository/Страница авторизации/Text' is: 'ДЗО 
ПАО Россети - РаспредКомплекс - Россети Урал (ГК) - Свердловэнерго
Период
1, 2, 3 кв., Октябрь, Ноябрь 2024 года

Показатели баланса электроэнергии по ДЗО – Факт
27 418 968 0
26 296 800 0
1 122 169 0
Итого
п.п.
-0.06
-0.075
-0.05
-0.025
0
Итого
%
4.38 4.38
4.31 4.31
1
100

Выполнение бизнес-плана в части показателя «Уровень потерь электроэнергии»
Итого – Факт
Отпуск в сеть 27 418 968
Отпуск из сети 26 296 800
Потери 1 122 169
Статус данных
Просьба обратить внимание
— данные занесены не полностью
Показатели баланса электроэнергии по ДЗО – План
26 753 244 0
25 627 189 0
1 126 055 0
0 0
Факт
План
Итого – План
Отпуск в сеть 26 753 244
Отпуск из сети 25 627 190
Потери 1 126 055
● Бизнес-план выполнен● ●● Превышение бизнес-плана
Отклонения фактического уровня потерь от бизнес-плана за 3 месяца (нарастающим итогом), п.п.
-0.2-0.2
-0.1-0.1
3.73.7
-0.4-0.4
-0.8-0.8
-0.0-0.0
-0.0-0.0
3.83.8
-0.4-0.4
-0.0-0.0
-0.0-0.0
0.10.1
-0.1-0.1
-0.5-0.5
-0.2-0.2
-0.5-0.5
-0.2-0.2
-0.2-0.2
-0.1-0.1
3.23.2
-0.4-0.4
-0.7-0.7
0.10.1
0.10.1
3.93.9
-0.4-0.4
-0.0-0.0
-0.0-0.0
0.10.1
-0.1-0.1
-0.5-0.5
-0.3-0.3
-0.4-0.4
-0.1-0.1
-0.1-0.1
3.13.1
-0.4-0.4
-0.0-0.0
0.20.2
3.93.9
-0.4-0.4
-0.0-0.0
0.20.2
-0.2-0.2
-0.5-0.5
-0.3-0.3
-0.5-0.5
-0.0-0.0
Россети ФСКЕЭС
АО«Тываэнерго»
АО«Чеченэнерго»
Россети Волга
Россети Кубань
РоссетиЛенэнерго (ГК)
РоссетиМосковскийрегион
РоссетиСеверныйКавказ (ГК)
Россети Севе…
Россети Сибирь(ГК)
Россети Томск
Россети Тюмень
Россети Урал(ГК)
Россети Центр
Россети Центри Приволжье(ГК)
Россети Юг(ГК)
Россети Янтарь
0
-5
5
Отклонения фактического уровня потерь от бизнес-плана, п.п. 
-0.10
Россети Урал (ГК)
-1
0
1
2
3
4
5
6
7
Уровень потерь электроэнергии 
Россети Урал (ГК)
0
10
20
30
40
50
60
70
4.19
|
4.09
● Отрицательные/нулевые отклонения● ● ● ● Положительные отклонения
п.п.
Отклонения фактического уровня потерь от бизнес-плана за 3 месяца (нарастающим итогом)
Свердловэнерго'

13-01-2025T07:07:03 - [TEST_STEP][PASSED] - if (urlText.contains("ошибка") || urlText.contains(searchWord) == false): null

13-01-2025T07:07:03 - [TEST_STEP][PASSED] - Script1736739304585.ZakrytOpoveshenie(): null

13-01-2025T07:07:03 - [TEST_STEP][PASSED] - opoveshenie = getText(findTestObject("Выполнение бизнес-плана/Просьба обратить внимание")): Text of object 'Object Repository/Выполнение бизнес-плана/Просьба обратить внимание' is: 'Просьба обратить внимание'

13-01-2025T07:07:04 - [MESSAGE][PASSED] - Text of object 'Object Repository/Выполнение бизнес-плана/Просьба обратить внимание' is: 'Просьба обратить внимание'

13-01-2025T07:07:04 - [TEST_STEP][PASSED] - if (opoveshenie == "Просьба обратить внимание"): Object: 'Object Repository/Выполнение бизнес-плана/Закрыть оповещение' is clicked on

13-01-2025T07:07:04 - [TEST_STEP][PASSED] - click(findTestObject("Выполнение бизнес-плана/Закрыть оповещение")): Object: 'Object Repository/Выполнение бизнес-плана/Закрыть оповещение' is clicked on

13-01-2025T07:07:04 - [MESSAGE][PASSED] - Object: 'Object Repository/Выполнение бизнес-плана/Закрыть оповещение' is clicked on

13-01-2025T07:07:04 - [TEST_STEP][PASSED] - click(findTestObject(path + "Фильтр Дата")): Object: 'Object Repository/Выполнение бизнес-плана/Выполнение бизнес-плана Балансы/Фильтр Дата' is clicked on

13-01-2025T07:07:05 - [MESSAGE][PASSED] - Object: 'Object Repository/Выполнение бизнес-плана/Выполнение бизнес-плана Балансы/Фильтр Дата' is clicked on

13-01-2025T07:07:05 - [TEST_STEP][PASSED] - click(findTestObject(path + "Снять выделение в фильтре Дата")): Object: 'Object Repository/Выполнение бизнес-плана/Выполнение бизнес-плана Балансы/Снять выделение в фильтре Дата' is clicked on

13-01-2025T07:07:05 - [MESSAGE][PASSED] - Object: 'Object Repository/Выполнение бизнес-плана/Выполнение бизнес-плана Балансы/Снять выделение в фильтре Дата' is clicked on

13-01-2025T07:07:05 - [TEST_STEP][PASSED] - click(findTestObject(path + "Применить в фильтре Дата")): Object: 'Object Repository/Выполнение бизнес-плана/Выполнение бизнес-плана Балансы/Применить в фильтре Дата' is clicked on

13-01-2025T07:07:06 - [MESSAGE][PASSED] - Object: 'Object Repository/Выполнение бизнес-плана/Выполнение бизнес-плана Балансы/Применить в фильтре Дата' is clicked on

13-01-2025T07:07:06 - [TEST_STEP][PASSED] - delay(50): Delayed 50 second(s)

13-01-2025T07:07:56 - [MESSAGE][PASSED] - Delayed 50 second(s)

13-01-2025T07:07:56 - [TEST_STEP][PASSED] - Script1736739304585.ZakrytOpoveshenie(): null

13-01-2025T07:07:56 - [TEST_STEP][PASSED] - opoveshenie = getText(findTestObject("Выполнение бизнес-плана/Просьба обратить внимание")): Text of object 'Object Repository/Выполнение бизнес-плана/Просьба обратить внимание' is: 'Просьба обратить внимание'

13-01-2025T07:07:56 - [MESSAGE][PASSED] - Text of object 'Object Repository/Выполнение бизнес-плана/Просьба обратить внимание' is: 'Просьба обратить внимание'

13-01-2025T07:07:56 - [TEST_STEP][PASSED] - if (opoveshenie == "Просьба обратить внимание"): Object: 'Object Repository/Выполнение бизнес-плана/Закрыть оповещение' is clicked on

13-01-2025T07:07:56 - [TEST_STEP][PASSED] - click(findTestObject("Выполнение бизнес-плана/Закрыть оповещение")): Object: 'Object Repository/Выполнение бизнес-плана/Закрыть оповещение' is clicked on

13-01-2025T07:07:57 - [MESSAGE][PASSED] - Object: 'Object Repository/Выполнение бизнес-плана/Закрыть оповещение' is clicked on

13-01-2025T07:07:57 - [TEST_STEP][PASSED] - click(findTestObject(path + "Фильтр Дата")): Object: 'Object Repository/Выполнение бизнес-плана/Выполнение бизнес-плана Балансы/Фильтр Дата' is clicked on

13-01-2025T07:07:57 - [MESSAGE][PASSED] - Object: 'Object Repository/Выполнение бизнес-плана/Выполнение бизнес-плана Балансы/Фильтр Дата' is clicked on

13-01-2025T07:07:57 - [TEST_STEP][PASSED] - scrollToElement(findTestObject(path + "2024 список"), 30): Scroll to object 'Object Repository/Выполнение бизнес-плана/Выполнение бизнес-плана Балансы/2024 список' successfully

13-01-2025T07:07:58 - [MESSAGE][PASSED] - Scroll to object 'Object Repository/Выполнение бизнес-плана/Выполнение бизнес-плана Балансы/2024 список' successfully

13-01-2025T07:07:58 - [TEST_STEP][PASSED] - click(findTestObject(path + "2024 список")): Object: 'Object Repository/Выполнение бизнес-плана/Выполнение бизнес-плана Балансы/2024 список' is clicked on

13-01-2025T07:07:58 - [MESSAGE][PASSED] - Object: 'Object Repository/Выполнение бизнес-плана/Выполнение бизнес-плана Балансы/2024 список' is clicked on

13-01-2025T07:07:58 - [TEST_STEP][PASSED] - scrollToElement(findTestObject(path + "1 квартал 2024 список"), 30): Scroll to object 'Object Repository/Выполнение бизнес-плана/Выполнение бизнес-плана Балансы/1 квартал 2024 список' successfully

13-01-2025T07:07:58 - [MESSAGE][PASSED] - Scroll to object 'Object Repository/Выполнение бизнес-плана/Выполнение бизнес-плана Балансы/1 квартал 2024 список' successfully

13-01-2025T07:07:58 - [TEST_STEP][PASSED] - click(findTestObject(path + "1 квартал 2024 список")): Object: 'Object Repository/Выполнение бизнес-плана/Выполнение бизнес-плана Балансы/1 квартал 2024 список' is clicked on

13-01-2025T07:07:59 - [MESSAGE][PASSED] - Object: 'Object Repository/Выполнение бизнес-плана/Выполнение бизнес-плана Балансы/1 квартал 2024 список' is clicked on

13-01-2025T07:07:59 - [TEST_STEP][PASSED] - click(findTestObject(path + "Январь 2024")): Object: 'Object Repository/Выполнение бизнес-плана/Выполнение бизнес-плана Балансы/Январь 2024' is clicked on

13-01-2025T07:07:59 - [MESSAGE][PASSED] - Object: 'Object Repository/Выполнение бизнес-плана/Выполнение бизнес-плана Балансы/Январь 2024' is clicked on

13-01-2025T07:07:59 - [TEST_STEP][PASSED] - click(findTestObject(path + "Февраль 2024")): Object: 'Object Repository/Выполнение бизнес-плана/Выполнение бизнес-плана Балансы/Февраль 2024' is clicked on

13-01-2025T07:08:00 - [MESSAGE][PASSED] - Object: 'Object Repository/Выполнение бизнес-плана/Выполнение бизнес-плана Балансы/Февраль 2024' is clicked on

13-01-2025T07:08:00 - [TEST_STEP][PASSED] - click(findTestObject(path + "Март 2024")): Object: 'Object Repository/Выполнение бизнес-плана/Выполнение бизнес-плана Балансы/Март 2024' is clicked on

13-01-2025T07:08:00 - [MESSAGE][PASSED] - Object: 'Object Repository/Выполнение бизнес-плана/Выполнение бизнес-плана Балансы/Март 2024' is clicked on

13-01-2025T07:08:00 - [TEST_STEP][PASSED] - scrollToElement(findTestObject(path + "2 квартал 2024"), 30): Scroll to object 'Object Repository/Выполнение бизнес-плана/Выполнение бизнес-плана Балансы/2 квартал 2024' successfully

13-01-2025T07:08:01 - [MESSAGE][PASSED] - Scroll to object 'Object Repository/Выполнение бизнес-плана/Выполнение бизнес-плана Балансы/2 квартал 2024' successfully

13-01-2025T07:08:01 - [TEST_STEP][PASSED] - click(findTestObject(path + "2 квартал 2024")): Object: 'Object Repository/Выполнение бизнес-плана/Выполнение бизнес-плана Балансы/2 квартал 2024' is clicked on

13-01-2025T07:08:01 - [MESSAGE][PASSED] - Object: 'Object Repository/Выполнение бизнес-плана/Выполнение бизнес-плана Балансы/2 квартал 2024' is clicked on

13-01-2025T07:08:01 - [TEST_STEP][PASSED] - scrollToElement(findTestObject(path + "3 квартал 2024 список"), 30): Scroll to object 'Object Repository/Выполнение бизнес-плана/Выполнение бизнес-плана Балансы/3 квартал 2024 список' successfully

13-01-2025T07:08:02 - [MESSAGE][PASSED] - Scroll to object 'Object Repository/Выполнение бизнес-плана/Выполнение бизнес-плана Балансы/3 квартал 2024 список' successfully

13-01-2025T07:08:02 - [TEST_STEP][PASSED] - click(findTestObject(path + "3 квартал 2024")): Object: 'Object Repository/Выполнение бизнес-плана/Выполнение бизнес-плана Балансы/3 квартал 2024' is clicked on

13-01-2025T07:08:02 - [MESSAGE][PASSED] - Object: 'Object Repository/Выполнение бизнес-плана/Выполнение бизнес-плана Балансы/3 квартал 2024' is clicked on

13-01-2025T07:08:02 - [TEST_STEP][PASSED] - scrollToElement(findTestObject(path + "4 квартал 2024 список"), 30): Scroll to object 'Object Repository/Выполнение бизнес-плана/Выполнение бизнес-плана Балансы/4 квартал 2024 список' successfully

13-01-2025T07:08:02 - [MESSAGE][PASSED] - Scroll to object 'Object Repository/Выполнение бизнес-плана/Выполнение бизнес-плана Балансы/4 квартал 2024 список' successfully

13-01-2025T07:08:02 - [TEST_STEP][PASSED] - click(findTestObject(path + "4 квартал 2024 список")): Object: 'Object Repository/Выполнение бизнес-плана/Выполнение бизнес-плана Балансы/4 квартал 2024 список' is clicked on

13-01-2025T07:08:03 - [MESSAGE][PASSED] - Object: 'Object Repository/Выполнение бизнес-плана/Выполнение бизнес-плана Балансы/4 квартал 2024 список' is clicked on

13-01-2025T07:08:03 - [TEST_STEP][PASSED] - scrollToElement(findTestObject(path + "Октябрь 2024"), 30): Scroll to object 'Object Repository/Выполнение бизнес-плана/Выполнение бизнес-плана Балансы/Октябрь 2024' successfully

13-01-2025T07:08:03 - [MESSAGE][PASSED] - Scroll to object 'Object Repository/Выполнение бизнес-плана/Выполнение бизнес-плана Балансы/Октябрь 2024' successfully

13-01-2025T07:08:03 - [TEST_STEP][PASSED] - click(findTestObject(path + "Октябрь 2024")): Object: 'Object Repository/Выполнение бизнес-плана/Выполнение бизнес-плана Балансы/Октябрь 2024' is clicked on

13-01-2025T07:08:03 - [MESSAGE][PASSED] - Object: 'Object Repository/Выполнение бизнес-плана/Выполнение бизнес-плана Балансы/Октябрь 2024' is clicked on

13-01-2025T07:08:03 - [TEST_STEP][PASSED] - scrollToElement(findTestObject(path + "Ноябрь 2024"), 30): Scroll to object 'Object Repository/Выполнение бизнес-плана/Выполнение бизнес-плана Балансы/Ноябрь 2024' successfully

13-01-2025T07:08:04 - [MESSAGE][PASSED] - Scroll to object 'Object Repository/Выполнение бизнес-плана/Выполнение бизнес-плана Балансы/Ноябрь 2024' successfully

13-01-2025T07:08:04 - [TEST_STEP][PASSED] - click(findTestObject(path + "Ноябрь 2024")): Object: 'Object Repository/Выполнение бизнес-плана/Выполнение бизнес-плана Балансы/Ноябрь 2024' is clicked on

13-01-2025T07:08:04 - [MESSAGE][PASSED] - Object: 'Object Repository/Выполнение бизнес-плана/Выполнение бизнес-плана Балансы/Ноябрь 2024' is clicked on

13-01-2025T07:08:04 - [TEST_STEP][PASSED] - scrollToElement(findTestObject(path + "Заголовок дашборда"), 30): Scroll to object 'Object Repository/Выполнение бизнес-плана/Выполнение бизнес-плана Балансы/Заголовок дашборда' successfully

13-01-2025T07:08:05 - [MESSAGE][PASSED] - Scroll to object 'Object Repository/Выполнение бизнес-плана/Выполнение бизнес-плана Балансы/Заголовок дашборда' successfully

13-01-2025T07:08:05 - [TEST_STEP][PASSED] - click(findTestObject(path + "Применить в фильтре Дата")): Object: 'Object Repository/Выполнение бизнес-плана/Выполнение бизнес-плана Балансы/Применить в фильтре Дата' is clicked on

13-01-2025T07:08:06 - [MESSAGE][PASSED] - Object: 'Object Repository/Выполнение бизнес-плана/Выполнение бизнес-плана Балансы/Применить в фильтре Дата' is clicked on

13-01-2025T07:08:06 - [TEST_STEP][PASSED] - delay(30): Delayed 30 second(s)

13-01-2025T07:08:36 - [MESSAGE][PASSED] - Delayed 30 second(s)

13-01-2025T07:08:36 - [TEST_STEP][PASSED] - Script1736739304585.ZakrytOpoveshenie(): null

13-01-2025T07:08:36 - [TEST_STEP][PASSED] - opoveshenie = getText(findTestObject("Выполнение бизнес-плана/Просьба обратить внимание")): Text of object 'Object Repository/Выполнение бизнес-плана/Просьба обратить внимание' is: 'Просьба обратить внимание'

13-01-2025T07:08:36 - [MESSAGE][PASSED] - Text of object 'Object Repository/Выполнение бизнес-плана/Просьба обратить внимание' is: 'Просьба обратить внимание'

13-01-2025T07:08:36 - [TEST_STEP][PASSED] - if (opoveshenie == "Просьба обратить внимание"): Object: 'Object Repository/Выполнение бизнес-плана/Закрыть оповещение' is clicked on

13-01-2025T07:08:36 - [TEST_STEP][PASSED] - click(findTestObject("Выполнение бизнес-плана/Закрыть оповещение")): Object: 'Object Repository/Выполнение бизнес-плана/Закрыть оповещение' is clicked on

13-01-2025T07:08:36 - [MESSAGE][PASSED] - Object: 'Object Repository/Выполнение бизнес-плана/Закрыть оповещение' is clicked on

13-01-2025T07:08:36 - [TEST_STEP][PASSED] - click(findTestObject(path + "Фильтр ДЗО")): Object: 'Object Repository/Выполнение бизнес-плана/Выполнение бизнес-плана Балансы/Фильтр ДЗО' is clicked on

13-01-2025T07:08:37 - [MESSAGE][PASSED] - Object: 'Object Repository/Выполнение бизнес-плана/Выполнение бизнес-плана Балансы/Фильтр ДЗО' is clicked on

13-01-2025T07:08:37 - [TEST_STEP][PASSED] - click(findTestObject(path + "Снять выделение в фильтре ДЗО")): Object: 'Object Repository/Выполнение бизнес-плана/Выполнение бизнес-плана Балансы/Снять выделение в фильтре ДЗО' is clicked on

13-01-2025T07:08:37 - [MESSAGE][PASSED] - Object: 'Object Repository/Выполнение бизнес-плана/Выполнение бизнес-плана Балансы/Снять выделение в фильтре ДЗО' is clicked on

13-01-2025T07:08:37 - [TEST_STEP][PASSED] - click(findTestObject(path + "ПАО Россети")): Object: 'Object Repository/Выполнение бизнес-плана/Выполнение бизнес-плана Балансы/ПАО Россети' is clicked on

13-01-2025T07:08:38 - [MESSAGE][PASSED] - Object: 'Object Repository/Выполнение бизнес-плана/Выполнение бизнес-плана Балансы/ПАО Россети' is clicked on

13-01-2025T07:08:38 - [TEST_STEP][PASSED] - click(findTestObject(path + "Применить в фильтре ДЗО")): Object: 'Object Repository/Выполнение бизнес-плана/Выполнение бизнес-плана Балансы/Применить в фильтре ДЗО' is clicked on

13-01-2025T07:08:39 - [MESSAGE][PASSED] - Object: 'Object Repository/Выполнение бизнес-плана/Выполнение бизнес-плана Балансы/Применить в фильтре ДЗО' is clicked on

13-01-2025T07:08:39 - [TEST_STEP][PASSED] - delay(65): Delayed 65 second(s)

13-01-2025T07:09:44 - [MESSAGE][PASSED] - Delayed 65 second(s)

13-01-2025T07:09:44 - [TEST_STEP][PASSED] - pRB = GetAllPAOData(path, dZONum, VseDZO, z = "ПАО Россети/"): null

13-01-2025T07:09:44 - [TEST_STEP][PASSED] - path2 = "Значения со страницы Выполнение бизнес-плана/Table Data/": null

13-01-2025T07:09:44 - [TEST_STEP][PASSED] - ii = <not implemented yet for class: org.codehaus.groovy.ast.expr.EmptyExpression>: null

13-01-2025T07:09:44 - [TEST_STEP][PASSED] - i1 = <not implemented yet for class: org.codehaus.groovy.ast.expr.EmptyExpression>: null

13-01-2025T07:09:44 - [TEST_STEP][PASSED] - z = <not implemented yet for class: org.codehaus.groovy.ast.expr.EmptyExpression>: null

13-01-2025T07:09:44 - [TEST_STEP][PASSED] - z1 = <not implemented yet for class: org.codehaus.groovy.ast.expr.EmptyExpression>: null

13-01-2025T07:09:44 - [TEST_STEP][PASSED] - println("path: " + path): null

13-01-2025T07:09:44 - [TEST_STEP][PASSED] - z = getText(findTestObject(path + "Итого")).replaceAll("[\r?
|
]", "/"): Text of object 'Object Repository/Выполнение бизнес-плана/Выполнение бизнес-плана Балансы/Итого' is: 'Итого
%
5.97 5.97
8.12 8.12
1
100'

13-01-2025T07:09:44 - [MESSAGE][PASSED] - Text of object 'Object Repository/Выполнение бизнес-плана/Выполнение бизнес-плана Балансы/Итого' is: 'Итого
%
5.97 5.97
8.12 8.12
1
100'

13-01-2025T07:09:44 - [TEST_STEP][PASSED] - ii = z.indexOf("%") + 2: null

13-01-2025T07:09:44 - [TEST_STEP][PASSED] - if (ii > -1): null

13-01-2025T07:09:44 - [TEST_STEP][PASSED] - z = z.substring(ii, z.length()): null

13-01-2025T07:09:44 - [TEST_STEP][PASSED] - println(z): null

13-01-2025T07:09:44 - [TEST_STEP][PASSED] - ii = z.indexOf("/1/100") - 1: null

13-01-2025T07:09:44 - [TEST_STEP][PASSED] - if (ii > -1): null

13-01-2025T07:09:44 - [TEST_STEP][PASSED] - z = z.substring(0, ii): null

13-01-2025T07:09:44 - [TEST_STEP][PASSED] - println(z): null

13-01-2025T07:09:44 - [TEST_STEP][PASSED] - ii = z.indexOf("План"): null

13-01-2025T07:09:44 - [TEST_STEP][PASSED] - if (ii > -1): null

13-01-2025T07:09:44 - [TEST_STEP][PASSED] - ii = z.indexOf("/") + 1: null

13-01-2025T07:09:44 - [TEST_STEP][PASSED] - z1 = z.substring(0, ii): null

13-01-2025T07:09:44 - [TEST_STEP][PASSED] - println(z1): null

13-01-2025T07:09:44 - [TEST_STEP][PASSED] - z = z.substring(ii, z.length()): null

13-01-2025T07:09:44 - [TEST_STEP][PASSED] - println(z): null

13-01-2025T07:09:44 - [TEST_STEP][PASSED] - ii = z1.length() / 2: null

13-01-2025T07:09:44 - [TEST_STEP][PASSED] - z1 = replaceAll("[\r?
|
]", "/").trim(): null

13-01-2025T07:09:44 - [TEST_STEP][PASSED] - println(z1): null

13-01-2025T07:09:44 - [TEST_STEP][PASSED] - ii = z.length() / 2: null

13-01-2025T07:09:44 - [TEST_STEP][PASSED] - z = replace("/", "").trim(): null

13-01-2025T07:09:44 - [TEST_STEP][PASSED] - println(z): null

13-01-2025T07:09:44 - [TEST_STEP][PASSED] - x = x + z1 + "/" + z: null

13-01-2025T07:09:44 - [TEST_STEP][PASSED] - println(x): null

13-01-2025T07:09:44 - [TEST_STEP][FAILED] - if (verifyElementPresent(findTestObject(path + "Таблица Итого-Факт"), 30)): Unable to verify object is present (Root cause: com.kms.katalon.core.exception.StepFailedException: Unable to verify object is present
	at com.kms.katalon.core.webui.keyword.internal.WebUIKeywordMain.stepFailed(WebUIKeywordMain.groovy:64)
	at com.kms.katalon.core.webui.keyword.internal.WebUIKeywordMain.runKeyword(WebUIKeywordMain.groovy:26)
	at com.kms.katalon.core.webui.keyword.builtin.VerifyElementPresentKeyword.verifyElementPresent(VerifyElementPresentKeyword.groovy:92)
	at com.kms.katalon.core.webui.keyword.builtin.VerifyElementPresentKeyword.execute(VerifyElementPresentKeyword.groovy:68)
	at com.kms.katalon.core.keyword.internal.KeywordExecutor.executeKeywordForPlatform(KeywordExecutor.groovy:74)
	at com.kms.katalon.core.webui.keyword.WebUiBuiltInKeywords.verifyElementPresent(WebUiBuiltInKeywords.groovy:1503)
	at Выполнение бизнес-плана сверка дашбордов - Copy.GetAllPAOData(Выполнение бизнес-плана сверка дашбордов - Copy:862)
	at Выполнение бизнес-плана сверка дашбордов - Copy.run(Выполнение бизнес-плана сверка дашбордов - Copy:362)
	at com.kms.katalon.core.main.ScriptEngine.run(ScriptEngine.java:194)
	at com.kms.katalon.core.main.ScriptEngine.runScriptAsRawText(ScriptEngine.java:119)
	at com.kms.katalon.core.main.TestCaseExecutor.runScript(TestCaseExecutor.java:448)
	at com.kms.katalon.core.main.TestCaseExecutor.doExecute(TestCaseExecutor.java:439)
	at com.kms.katalon.core.main.TestCaseExecutor.processExecutionPhase(TestCaseExecutor.java:418)
	at com.kms.katalon.core.main.TestCaseExecutor.accessMainPhase(TestCaseExecutor.java:410)
	at com.kms.katalon.core.main.TestCaseExecutor.execute(TestCaseExecutor.java:285)
	at com.kms.katalon.core.common.CommonExecutor.accessTestCaseMainPhase(CommonExecutor.java:65)
	at com.kms.katalon.core.main.TestSuiteExecutor.accessTestSuiteMainPhase(TestSuiteExecutor.java:150)
	at com.kms.katalon.core.main.TestSuiteExecutor.execute(TestSuiteExecutor.java:106)
	at com.kms.katalon.core.main.TestCaseMain.startTestSuite(TestCaseMain.java:180)
	at TempTestSuite1736740835951.run(TempTestSuite1736740835951.groovy:35)
	at java.base/jdk.internal.reflect.NativeMethodAccessorImpl.invoke0(Native Method)
	at java.base/jdk.internal.reflect.NativeMethodAccessorImpl.invoke(NativeMethodAccessorImpl.java:77)
	at java.base/jdk.internal.reflect.DelegatingMethodAccessorImpl.invoke(DelegatingMethodAccessorImpl.java:43)
Caused by: java.lang.IllegalArgumentException: Object is null
	at com.kms.katalon.core.helper.KeywordHelper.checkTestObjectParameter(KeywordHelper.java:33)
	at com.kms.katalon.core.webui.keyword.builtin.VerifyElementPresentKeyword$_verifyElementPresent_closure1.doCall(VerifyElementPresentKeyword.groovy:76)
	at com.kms.katalon.core.webui.keyword.builtin.VerifyElementPresentKeyword$_verifyElementPresent_closure1.call(VerifyElementPresentKeyword.groovy)
	at com.kms.katalon.core.webui.keyword.internal.WebUIKeywordMain.runKeyword(WebUIKeywordMain.groovy:20)
	at com.kms.katalon.core.webui.keyword.builtin.VerifyElementPresentKeyword.verifyElementPresent(VerifyElementPresentKeyword.groovy:92)
	at com.kms.katalon.core.webui.keyword.builtin.VerifyElementPresentKeyword.execute(VerifyElementPresentKeyword.groovy:68)
	at com.kms.katalon.core.keyword.internal.KeywordExecutor.executeKeywordForPlatform(KeywordExecutor.groovy:74)
	at com.kms.katalon.core.webui.keyword.WebUiBuiltInKeywords.verifyElementPresent(WebUiBuiltInKeywords.groovy:1503)
	at Script1736739304585.GetAllPAOData(Script1736739304585.groovy:862)
	at Script1736739304585.run(Script1736739304585.groovy:362)
	... 15 more
)

13-01-2025T07:09:44 - [MESSAGE][WARNING] - Test object with id 'Object Repository/Выполнение бизнес-плана/Выполнение бизнес-плана Балансы/Таблица Итого-Факт' does not exist

13-01-2025T07:09:44 - [MESSAGE][WARNING] - Test object with id 'Object Repository/' does not exist

13-01-2025T07:09:44 - [MESSAGE][FAILED] - Unable to verify object is present (Root cause: com.kms.katalon.core.exception.StepFailedException: Unable to verify object is present
	at com.kms.katalon.core.webui.keyword.internal.WebUIKeywordMain.stepFailed(WebUIKeywordMain.groovy:64)
	at com.kms.katalon.core.webui.keyword.internal.WebUIKeywordMain.runKeyword(WebUIKeywordMain.groovy:26)
	at com.kms.katalon.core.webui.keyword.builtin.VerifyElementPresentKeyword.verifyElementPresent(VerifyElementPresentKeyword.groovy:92)
	at com.kms.katalon.core.webui.keyword.builtin.VerifyElementPresentKeyword.execute(VerifyElementPresentKeyword.groovy:68)
	at com.kms.katalon.core.keyword.internal.KeywordExecutor.executeKeywordForPlatform(KeywordExecutor.groovy:74)
	at com.kms.katalon.core.webui.keyword.WebUiBuiltInKeywords.verifyElementPresent(WebUiBuiltInKeywords.groovy:1503)
	at Выполнение бизнес-плана сверка дашбордов - Copy.GetAllPAOData(Выполнение бизнес-плана сверка дашбордов - Copy:862)
	at Выполнение бизнес-плана сверка дашбордов - Copy.run(Выполнение бизнес-плана сверка дашбордов - Copy:362)
	at com.kms.katalon.core.main.ScriptEngine.run(ScriptEngine.java:194)
	at com.kms.katalon.core.main.ScriptEngine.runScriptAsRawText(ScriptEngine.java:119)
	at com.kms.katalon.core.main.TestCaseExecutor.runScript(TestCaseExecutor.java:448)
	at com.kms.katalon.core.main.TestCaseExecutor.doExecute(TestCaseExecutor.java:439)
	at com.kms.katalon.core.main.TestCaseExecutor.processExecutionPhase(TestCaseExecutor.java:418)
	at com.kms.katalon.core.main.TestCaseExecutor.accessMainPhase(TestCaseExecutor.java:410)
	at com.kms.katalon.core.main.TestCaseExecutor.execute(TestCaseExecutor.java:285)
	at com.kms.katalon.core.common.CommonExecutor.accessTestCaseMainPhase(CommonExecutor.java:65)
	at com.kms.katalon.core.main.TestSuiteExecutor.accessTestSuiteMainPhase(TestSuiteExecutor.java:150)
	at com.kms.katalon.core.main.TestSuiteExecutor.execute(TestSuiteExecutor.java:106)
	at com.kms.katalon.core.main.TestCaseMain.startTestSuite(TestCaseMain.java:180)
	at TempTestSuite1736740835951.run(TempTestSuite1736740835951.groovy:35)
	at java.base/jdk.internal.reflect.NativeMethodAccessorImpl.invoke0(Native Method)
	at java.base/jdk.internal.reflect.NativeMethodAccessorImpl.invoke(NativeMethodAccessorImpl.java:77)
	at java.base/jdk.internal.reflect.DelegatingMethodAccessorImpl.invoke(DelegatingMethodAccessorImpl.java:43)
Caused by: java.lang.IllegalArgumentException: Object is null
	at com.kms.katalon.core.helper.KeywordHelper.checkTestObjectParameter(KeywordHelper.java:33)
	at com.kms.katalon.core.webui.keyword.builtin.VerifyElementPresentKeyword$_verifyElementPresent_closure1.doCall(VerifyElementPresentKeyword.groovy:76)
	at com.kms.katalon.core.webui.keyword.builtin.VerifyElementPresentKeyword$_verifyElementPresent_closure1.call(VerifyElementPresentKeyword.groovy)
	at com.kms.katalon.core.webui.keyword.internal.WebUIKeywordMain.runKeyword(WebUIKeywordMain.groovy:20)
	at com.kms.katalon.core.webui.keyword.builtin.VerifyElementPresentKeyword.verifyElementPresent(VerifyElementPresentKeyword.groovy:92)
	at com.kms.katalon.core.webui.keyword.builtin.VerifyElementPresentKeyword.execute(VerifyElementPresentKeyword.groovy:68)
	at com.kms.katalon.core.keyword.internal.KeywordExecutor.executeKeywordForPlatform(KeywordExecutor.groovy:74)
	at com.kms.katalon.core.webui.keyword.WebUiBuiltInKeywords.verifyElementPresent(WebUiBuiltInKeywords.groovy:1503)
	at Script1736739304585.GetAllPAOData(Script1736739304585.groovy:862)
	at Script1736739304585.run(Script1736739304585.groovy:362)
	... 15 more
)
[[ATTACHMENT|C:\\Users\\LIAZGINA-DI\\git\\SPORU\\Reports\\20250113_070034\\New Test Suite\\20250113_070035\\1736741384520.png]]

13-01-2025T07:09:44 - [TEST_STEP][PASSED] - else: null

13-01-2025T07:09:44 - [TEST_STEP][PASSED] - z = getText(findTestObject(path + "Факт Отпуск в сеть за отчётный период ПАО Россети")).replaceAll("\s+", ""): Text of object 'Object Repository/Выполнение бизнес-плана/Выполнение бизнес-плана Балансы/Факт Отпуск в сеть за отчётный период ПАО Россети' is: '564 981 141'

13-01-2025T07:09:44 - [MESSAGE][PASSED] - Text of object 'Object Repository/Выполнение бизнес-плана/Выполнение бизнес-плана Балансы/Факт Отпуск в сеть за отчётный период ПАО Россети' is: '564 981 141'

13-01-2025T07:09:44 - [TEST_STEP][PASSED] - x = x + "/" + z: null

13-01-2025T07:09:44 - [TEST_STEP][PASSED] - z = getText(findTestObject(path + "Факт Отпуск из сети за отчётный период ПАО Россети")).replaceAll("\s+", ""): Text of object 'Object Repository/Выполнение бизнес-плана/Выполнение бизнес-плана Балансы/Факт Отпуск из сети за отчётный период ПАО Россети' is: '519 906 785'

13-01-2025T07:09:45 - [MESSAGE][PASSED] - Text of object 'Object Repository/Выполнение бизнес-плана/Выполнение бизнес-плана Балансы/Факт Отпуск из сети за отчётный период ПАО Россети' is: '519 906 785'

13-01-2025T07:09:45 - [TEST_STEP][PASSED] - x = x + "/" + z: null

13-01-2025T07:09:45 - [TEST_STEP][PASSED] - z = getText(findTestObject(path + "Факт Потери за отчётный период ПАО Россети")).replaceAll("\s+", ""): Text of object 'Object Repository/Выполнение бизнес-плана/Выполнение бизнес-плана Балансы/Факт Потери за отчётный период ПАО Россети' is: '45 074 356'

13-01-2025T07:09:45 - [MESSAGE][PASSED] - Text of object 'Object Repository/Выполнение бизнес-плана/Выполнение бизнес-плана Балансы/Факт Потери за отчётный период ПАО Россети' is: '45 074 356'

13-01-2025T07:09:45 - [TEST_STEP][PASSED] - x = x + "/" + z: null

13-01-2025T07:09:45 - [TEST_STEP][PASSED] - z = getText(findTestObject(path + "План Отпуск в сеть за отчётный период ПАО Россети")).replaceAll("\s+", ""): Text of object 'Object Repository/Выполнение бизнес-плана/Выполнение бизнес-плана Балансы/План Отпуск в сеть за отчётный период ПАО Россети' is: '1 099 581 364'

13-01-2025T07:09:45 - [MESSAGE][PASSED] - Text of object 'Object Repository/Выполнение бизнес-плана/Выполнение бизнес-плана Балансы/План Отпуск в сеть за отчётный период ПАО Россети' is: '1 099 581 364'

13-01-2025T07:09:45 - [TEST_STEP][PASSED] - x = x + "/" + z: null

13-01-2025T07:09:45 - [TEST_STEP][PASSED] - z = getText(findTestObject(path + "План Отпуск из сети за отчётный период ПАО Россети")).replaceAll("\s+", ""): Text of object 'Object Repository/Выполнение бизнес-плана/Выполнение бизнес-плана Балансы/План Отпуск из сети за отчётный период ПАО Россети' is: '1 035 495 329'

13-01-2025T07:09:46 - [MESSAGE][PASSED] - Text of object 'Object Repository/Выполнение бизнес-плана/Выполнение бизнес-плана Балансы/План Отпуск из сети за отчётный период ПАО Россети' is: '1 035 495 329'

13-01-2025T07:09:46 - [TEST_STEP][PASSED] - x = x + "/" + z: null

13-01-2025T07:09:46 - [TEST_STEP][PASSED] - z = getText(findTestObject(path + "План Потери за отчётный период ПАО Россети")).replaceAll("\s+", ""): Text of object 'Object Repository/Выполнение бизнес-плана/Выполнение бизнес-плана Балансы/План Потери за отчётный период ПАО Россети' is: '64 086 036'

13-01-2025T07:09:46 - [MESSAGE][PASSED] - Text of object 'Object Repository/Выполнение бизнес-плана/Выполнение бизнес-плана Балансы/План Потери за отчётный период ПАО Россети' is: '64 086 036'

13-01-2025T07:09:46 - [TEST_STEP][PASSED] - x = x + "/" + z: null

13-01-2025T07:09:46 - [TEST_STEP][PASSED] - return x: null

13-01-2025T07:09:46 - [TEST_STEP][PASSED] - println("pRB: " + pRB): null

13-01-2025T07:09:46 - [TEST_STEP][PASSED] - VseDZO = getText(findTestObject(path + "Список ДЗО")): Text of object 'Object Repository/Выполнение бизнес-плана/Выполнение бизнес-плана Балансы/Список ДЗО' is: '-0.22
-0.07
3.10
-0.38
-0.73
-0.02
0.19
3.73
-0.43
-0.05
-0.03
0.16
-0.17
-0.52
-0.27
-0.49
-0.02
Россети ФСКЕЭС
АО«Тываэнерго»
АО«Чеченэнерго»
РоссетиВолга
РоссетиКубань
РоссетиЛенэнерго(ГК)
РоссетиМосковскийрегион
РоссетиСеверныйКавказ
РоссетиСеверо-Запад
РоссетиСибирь
РоссетиТомск
РоссетиТюмень
Россети Урал(ГК)
РоссетиЦентр (ГК)
РоссетиЦентр иПриволжье(ГК)
Россети Юг(ГК)
РоссетиЯнтарь
-2
0
2
4
6
8'

13-01-2025T07:09:46 - [MESSAGE][PASSED] - Text of object 'Object Repository/Выполнение бизнес-плана/Выполнение бизнес-плана Балансы/Список ДЗО' is: '-0.22
-0.07
3.10
-0.38
-0.73
-0.02
0.19
3.73
-0.43
-0.05
-0.03
0.16
-0.17
-0.52
-0.27
-0.49
-0.02
Россети ФСКЕЭС
АО«Тываэнерго»
АО«Чеченэнерго»
РоссетиВолга
РоссетиКубань
РоссетиЛенэнерго(ГК)
РоссетиМосковскийрегион
РоссетиСеверныйКавказ
РоссетиСеверо-Запад
РоссетиСибирь
РоссетиТомск
РоссетиТюмень
Россети Урал(ГК)
РоссетиЦентр (ГК)
РоссетиЦентр иПриволжье(ГК)
Россети Юг(ГК)
РоссетиЯнтарь
-2
0
2
4
6
8'

13-01-2025T07:09:46 - [TEST_STEP][PASSED] - dZONum = 0: null

13-01-2025T07:09:46 - [TEST_STEP][PASSED] - i = VseDZO.indexOf("ЕЭС"): null

13-01-2025T07:09:46 - [TEST_STEP][PASSED] - if (i > -1): null

13-01-2025T07:09:46 - [TEST_STEP][PASSED] - dZONum = dZONum + 1: null

13-01-2025T07:09:46 - [TEST_STEP][PASSED] - fB = GetAllData(path, dZONum, VseDZO, x = "Россети ФСК ЕЭС/"): null

13-01-2025T07:09:46 - [TEST_STEP][PASSED] - ii = <not implemented yet for class: org.codehaus.groovy.ast.expr.EmptyExpression>: null

13-01-2025T07:09:46 - [TEST_STEP][PASSED] - i1 = <not implemented yet for class: org.codehaus.groovy.ast.expr.EmptyExpression>: null

13-01-2025T07:09:46 - [TEST_STEP][PASSED] - z = <not implemented yet for class: org.codehaus.groovy.ast.expr.EmptyExpression>: null

13-01-2025T07:09:46 - [TEST_STEP][PASSED] - path2 = "Значения со страницы Выполнение бизнес-плана/Table Data/": null

13-01-2025T07:09:46 - [TEST_STEP][PASSED] - println("path: " + path): null

13-01-2025T07:09:46 - [TEST_STEP][PASSED] - println("dZONum: " + dZONum): null

13-01-2025T07:09:46 - [TEST_STEP][PASSED] - z = getText(findTestObject(path + "spanPlan" + dZONum)): Text of object 'Object Repository/Выполнение бизнес-плана/Выполнение бизнес-плана Балансы/spanPlan1' is: '3.90
|'

13-01-2025T07:09:47 - [MESSAGE][PASSED] - Text of object 'Object Repository/Выполнение бизнес-плана/Выполнение бизнес-плана Балансы/spanPlan1' is: '3.90
|'

13-01-2025T07:09:47 - [TEST_STEP][PASSED] - println(z): null

13-01-2025T07:09:47 - [TEST_STEP][PASSED] - ii = z.indexOf("|"): null

13-01-2025T07:09:47 - [TEST_STEP][PASSED] - if (ii > -1): null

13-01-2025T07:09:47 - [TEST_STEP][PASSED] - z = z.substring(0, z.length() - 1): null

13-01-2025T07:09:47 - [TEST_STEP][PASSED] - println(z): null

13-01-2025T07:09:47 - [TEST_STEP][PASSED] - z = z.replaceAll("\s+", ""): null

13-01-2025T07:09:47 - [TEST_STEP][PASSED] - z = z.replace("[\r?
|
]", "/"): null

13-01-2025T07:09:47 - [TEST_STEP][PASSED] - println(z): null

13-01-2025T07:09:47 - [TEST_STEP][PASSED] - x = x + z: null

13-01-2025T07:09:47 - [TEST_STEP][PASSED] - z = getText(findTestObject(path + "spanFact" + dZONum)): Text of object 'Object Repository/Выполнение бизнес-плана/Выполнение бизнес-плана Балансы/spanFact1' is: '3.68'

13-01-2025T07:09:47 - [MESSAGE][PASSED] - Text of object 'Object Repository/Выполнение бизнес-плана/Выполнение бизнес-плана Балансы/spanFact1' is: '3.68'

13-01-2025T07:09:47 - [TEST_STEP][PASSED] - ii = z.indexOf("|"): null

13-01-2025T07:09:47 - [TEST_STEP][PASSED] - if (ii > -1): null

13-01-2025T07:09:47 - [TEST_STEP][PASSED] - x = x + "/" + z: null

13-01-2025T07:09:47 - [TEST_STEP][PASSED] - z = getText(findTestObject(path + path2 + "Факт Отпуск в сеть за отчётный период " + dZONum)).replaceAll("\s+", ""): Text of object 'Object Repository/Выполнение бизнес-плана/Выполнение бизнес-плана Балансы/Значения со страницы Выполнение бизнес-плана/Table Data/Факт Отпуск в сеть за отчётный период 1' is: '569 816 774'

13-01-2025T07:09:47 - [MESSAGE][PASSED] - Text of object 'Object Repository/Выполнение бизнес-плана/Выполнение бизнес-плана Балансы/Значения со страницы Выполнение бизнес-плана/Table Data/Факт Отпуск в сеть за отчётный период 1' is: '569 816 774'

13-01-2025T07:09:47 - [TEST_STEP][PASSED] - x = x + "/" + z: null

13-01-2025T07:09:47 - [TEST_STEP][PASSED] - z = getText(findTestObject(path + path2 + "Факт Отпуск из сети за отчётный период " + dZONum)).replaceAll("\s+", ""): Text of object 'Object Repository/Выполнение бизнес-плана/Выполнение бизнес-плана Балансы/Значения со страницы Выполнение бизнес-плана/Table Data/Факт Отпуск из сети за отчётный период 1' is: '549 615 412'

13-01-2025T07:09:48 - [MESSAGE][PASSED] - Text of object 'Object Repository/Выполнение бизнес-плана/Выполнение бизнес-плана Балансы/Значения со страницы Выполнение бизнес-плана/Table Data/Факт Отпуск из сети за отчётный период 1' is: '549 615 412'

13-01-2025T07:09:48 - [TEST_STEP][PASSED] - x = x + "/" + z: null

13-01-2025T07:09:48 - [TEST_STEP][PASSED] - z = getText(findTestObject(path + path2 + "Факт Потери за отчётный период " + dZONum)).replaceAll("\s+", ""): Text of object 'Object Repository/Выполнение бизнес-плана/Выполнение бизнес-плана Балансы/Значения со страницы Выполнение бизнес-плана/Table Data/Факт Потери за отчётный период 1' is: '20 201 362'

13-01-2025T07:09:48 - [MESSAGE][PASSED] - Text of object 'Object Repository/Выполнение бизнес-плана/Выполнение бизнес-плана Балансы/Значения со страницы Выполнение бизнес-плана/Table Data/Факт Потери за отчётный период 1' is: '20 201 362'

13-01-2025T07:09:48 - [TEST_STEP][PASSED] - x = x + "/" + z: null

13-01-2025T07:09:48 - [TEST_STEP][PASSED] - z = getText(findTestObject(path + path2 + "План Отпуск в сеть за отчётный период " + dZONum)).replaceAll("\s+", ""): Text of object 'Object Repository/Выполнение бизнес-плана/Выполнение бизнес-плана Балансы/Значения со страницы Выполнение бизнес-плана/Table Data/План Отпуск в сеть за отчётный период 1' is: '608 287'

13-01-2025T07:09:48 - [MESSAGE][PASSED] - Text of object 'Object Repository/Выполнение бизнес-плана/Выполнение бизнес-плана Балансы/Значения со страницы Выполнение бизнес-плана/Table Data/План Отпуск в сеть за отчётный период 1' is: '608 287'

13-01-2025T07:09:48 - [TEST_STEP][PASSED] - if (z == ""): null

13-01-2025T07:09:48 - [TEST_STEP][PASSED] - x = x + "/" + z: null

13-01-2025T07:09:48 - [TEST_STEP][PASSED] - z = getText(findTestObject(path + path2 + "План Отпуск из сети за отчётный период " + dZONum)).replaceAll("\s+", ""): Text of object 'Object Repository/Выполнение бизнес-плана/Выполнение бизнес-плана Балансы/Значения со страницы Выполнение бизнес-плана/Table Data/План Отпуск из сети за отчётный период 1' is: ''

13-01-2025T07:09:48 - [MESSAGE][PASSED] - Text of object 'Object Repository/Выполнение бизнес-плана/Выполнение бизнес-плана Балансы/Значения со страницы Выполнение бизнес-плана/Table Data/План Отпуск из сети за отчётный период 1' is: ''

13-01-2025T07:09:48 - [TEST_STEP][PASSED] - if (z == ""): null

13-01-2025T07:09:48 - [TEST_STEP][PASSED] - z = "нет данных": null

13-01-2025T07:09:48 - [TEST_STEP][PASSED] - x = x + "/" + z: null

13-01-2025T07:09:48 - [TEST_STEP][PASSED] - z = getText(findTestObject(path + path2 + "План Потери за отчётный период " + dZONum)).replaceAll("\s+", ""): Text of object 'Object Repository/Выполнение бизнес-плана/Выполнение бизнес-плана Балансы/Значения со страницы Выполнение бизнес-плана/Table Data/План Потери за отчётный период 1' is: ''

13-01-2025T07:09:49 - [MESSAGE][PASSED] - Text of object 'Object Repository/Выполнение бизнес-плана/Выполнение бизнес-плана Балансы/Значения со страницы Выполнение бизнес-плана/Table Data/План Потери за отчётный период 1' is: ''

13-01-2025T07:09:49 - [TEST_STEP][PASSED] - if (z == ""): null

13-01-2025T07:09:49 - [TEST_STEP][PASSED] - z = "нет данных": null

13-01-2025T07:09:49 - [TEST_STEP][PASSED] - x = x + "/" + z: null

13-01-2025T07:09:49 - [TEST_STEP][PASSED] - z = getText(findTestObject(path + "Список ДЗО")).replaceAll("[\r?
|
]", "/"): Text of object 'Object Repository/Выполнение бизнес-плана/Выполнение бизнес-плана Балансы/Список ДЗО' is: '-0.22
-0.07
3.10
-0.38
-0.73
-0.02
0.19
3.73
-0.43
-0.05
-0.03
0.16
-0.17
-0.52
-0.27
-0.49
-0.02
Россети ФСКЕЭС
АО«Тываэнерго»
АО«Чеченэнерго»
РоссетиВолга
РоссетиКубань
РоссетиЛенэнерго(ГК)
РоссетиМосковскийрегион
РоссетиСеверныйКавказ
РоссетиСеверо-Запад
РоссетиСибирь
РоссетиТомск
РоссетиТюмень
Россети Урал(ГК)
РоссетиЦентр (ГК)
РоссетиЦентр иПриволжье(ГК)
Россети Юг(ГК)
РоссетиЯнтарь
-2
0
2
4
6
8'

13-01-2025T07:09:49 - [MESSAGE][PASSED] - Text of object 'Object Repository/Выполнение бизнес-плана/Выполнение бизнес-плана Балансы/Список ДЗО' is: '-0.22
-0.07
3.10
-0.38
-0.73
-0.02
0.19
3.73
-0.43
-0.05
-0.03
0.16
-0.17
-0.52
-0.27
-0.49
-0.02
Россети ФСКЕЭС
АО«Тываэнерго»
АО«Чеченэнерго»
РоссетиВолга
РоссетиКубань
РоссетиЛенэнерго(ГК)
РоссетиМосковскийрегион
РоссетиСеверныйКавказ
РоссетиСеверо-Запад
РоссетиСибирь
РоссетиТомск
РоссетиТюмень
Россети Урал(ГК)
РоссетиЦентр (ГК)
РоссетиЦентр иПриволжье(ГК)
Россети Юг(ГК)
РоссетиЯнтарь
-2
0
2
4
6
8'

13-01-2025T07:09:49 - [TEST_STEP][PASSED] - for ([ii = 1, ii < dZONum, (ii++)]): null

13-01-2025T07:09:49 - [TEST_STEP][PASSED] - i1 = z.indexOf("/"): null

13-01-2025T07:09:49 - [TEST_STEP][PASSED] - if (i1 > -1): null

13-01-2025T07:09:49 - [TEST_STEP][PASSED] - z = z.substring(0, i1): null

13-01-2025T07:09:49 - [TEST_STEP][PASSED] - z = z.replace(",", "."): null

13-01-2025T07:09:49 - [TEST_STEP][PASSED] - println(z): null

13-01-2025T07:09:49 - [TEST_STEP][PASSED] - x = x + "/" + z: null

13-01-2025T07:09:49 - [TEST_STEP][PASSED] - x = x.replaceAll("[\r?
|
]", ""): null

13-01-2025T07:09:49 - [TEST_STEP][PASSED] - println(x): null

13-01-2025T07:09:49 - [TEST_STEP][PASSED] - return x: null

13-01-2025T07:09:49 - [TEST_STEP][PASSED] - println("fB: " + fB): null

13-01-2025T07:09:49 - [TEST_STEP][PASSED] - i = VseDZO.indexOf("Тываэнерго"): null

13-01-2025T07:09:49 - [TEST_STEP][PASSED] - if (i > -1): null

13-01-2025T07:09:49 - [TEST_STEP][PASSED] - dZONum = dZONum + 1: null

13-01-2025T07:09:49 - [TEST_STEP][PASSED] - tyB = GetAllData(path, dZONum, VseDZO, x = "АО "Тываэнерго"/"): null

13-01-2025T07:09:49 - [TEST_STEP][PASSED] - ii = <not implemented yet for class: org.codehaus.groovy.ast.expr.EmptyExpression>: null

13-01-2025T07:09:49 - [TEST_STEP][PASSED] - i1 = <not implemented yet for class: org.codehaus.groovy.ast.expr.EmptyExpression>: null

13-01-2025T07:09:49 - [TEST_STEP][PASSED] - z = <not implemented yet for class: org.codehaus.groovy.ast.expr.EmptyExpression>: null

13-01-2025T07:09:49 - [TEST_STEP][PASSED] - path2 = "Значения со страницы Выполнение бизнес-плана/Table Data/": null

13-01-2025T07:09:49 - [TEST_STEP][PASSED] - println("path: " + path): null

13-01-2025T07:09:49 - [TEST_STEP][PASSED] - println("dZONum: " + dZONum): null

13-01-2025T07:09:49 - [TEST_STEP][PASSED] - z = getText(findTestObject(path + "spanPlan" + dZONum)): Text of object 'Object Repository/Выполнение бизнес-плана/Выполнение бизнес-плана Балансы/spanPlan2' is: '21.24
|'

13-01-2025T07:09:49 - [MESSAGE][PASSED] - Text of object 'Object Repository/Выполнение бизнес-плана/Выполнение бизнес-плана Балансы/spanPlan2' is: '21.24
|'

13-01-2025T07:09:49 - [TEST_STEP][PASSED] - println(z): null

13-01-2025T07:09:49 - [TEST_STEP][PASSED] - ii = z.indexOf("|"): null

13-01-2025T07:09:49 - [TEST_STEP][PASSED] - if (ii > -1): null

13-01-2025T07:09:49 - [TEST_STEP][PASSED] - z = z.substring(0, z.length() - 1): null

13-01-2025T07:09:49 - [TEST_STEP][PASSED] - println(z): null

13-01-2025T07:09:49 - [TEST_STEP][PASSED] - z = z.replaceAll("\s+", ""): null

13-01-2025T07:09:49 - [TEST_STEP][PASSED] - z = z.replace("[\r?
|
]", "/"): null

13-01-2025T07:09:49 - [TEST_STEP][PASSED] - println(z): null

13-01-2025T07:09:49 - [TEST_STEP][PASSED] - x = x + z: null

13-01-2025T07:09:49 - [TEST_STEP][PASSED] - z = getText(findTestObject(path + "spanFact" + dZONum)): Text of object 'Object Repository/Выполнение бизнес-плана/Выполнение бизнес-плана Балансы/spanFact2' is: '21.17'

13-01-2025T07:09:50 - [MESSAGE][PASSED] - Text of object 'Object Repository/Выполнение бизнес-плана/Выполнение бизнес-плана Балансы/spanFact2' is: '21.17'

13-01-2025T07:09:50 - [TEST_STEP][PASSED] - ii = z.indexOf("|"): null

13-01-2025T07:09:50 - [TEST_STEP][PASSED] - if (ii > -1): null

13-01-2025T07:09:50 - [TEST_STEP][PASSED] - x = x + "/" + z: null

13-01-2025T07:09:50 - [TEST_STEP][PASSED] - z = getText(findTestObject(path + path2 + "Факт Отпуск в сеть за отчётный период " + dZONum)).replaceAll("\s+", ""): Text of object 'Object Repository/Выполнение бизнес-плана/Выполнение бизнес-плана Балансы/Значения со страницы Выполнение бизнес-плана/Table Data/Факт Отпуск в сеть за отчётный период 2' is: '642 168'

13-01-2025T07:09:50 - [MESSAGE][PASSED] - Text of object 'Object Repository/Выполнение бизнес-плана/Выполнение бизнес-плана Балансы/Значения со страницы Выполнение бизнес-плана/Table Data/Факт Отпуск в сеть за отчётный период 2' is: '642 168'

13-01-2025T07:09:50 - [TEST_STEP][PASSED] - x = x + "/" + z: null

13-01-2025T07:09:50 - [TEST_STEP][PASSED] - z = getText(findTestObject(path + path2 + "Факт Отпуск из сети за отчётный период " + dZONum)).replaceAll("\s+", ""): Text of object 'Object Repository/Выполнение бизнес-плана/Выполнение бизнес-плана Балансы/Значения со страницы Выполнение бизнес-плана/Table Data/Факт Отпуск из сети за отчётный период 2' is: '506 218'

13-01-2025T07:09:50 - [MESSAGE][PASSED] - Text of object 'Object Repository/Выполнение бизнес-плана/Выполнение бизнес-плана Балансы/Значения со страницы Выполнение бизнес-плана/Table Data/Факт Отпуск из сети за отчётный период 2' is: '506 218'

13-01-2025T07:09:50 - [TEST_STEP][PASSED] - x = x + "/" + z: null

13-01-2025T07:09:50 - [TEST_STEP][PASSED] - z = getText(findTestObject(path + path2 + "Факт Потери за отчётный период " + dZONum)).replaceAll("\s+", ""): Text of object 'Object Repository/Выполнение бизнес-плана/Выполнение бизнес-плана Балансы/Значения со страницы Выполнение бизнес-плана/Table Data/Факт Потери за отчётный период 2' is: '135 950'

13-01-2025T07:09:51 - [MESSAGE][PASSED] - Text of object 'Object Repository/Выполнение бизнес-плана/Выполнение бизнес-плана Балансы/Значения со страницы Выполнение бизнес-плана/Table Data/Факт Потери за отчётный период 2' is: '135 950'

13-01-2025T07:09:51 - [TEST_STEP][PASSED] - x = x + "/" + z: null

13-01-2025T07:09:51 - [TEST_STEP][PASSED] - z = getText(findTestObject(path + path2 + "План Отпуск в сеть за отчётный период " + dZONum)).replaceAll("\s+", ""): Text of object 'Object Repository/Выполнение бизнес-плана/Выполнение бизнес-плана Балансы/Значения со страницы Выполнение бизнес-плана/Table Data/План Отпуск в сеть за отчётный период 2' is: '3 403 997'

13-01-2025T07:09:51 - [MESSAGE][PASSED] - Text of object 'Object Repository/Выполнение бизнес-плана/Выполнение бизнес-плана Балансы/Значения со страницы Выполнение бизнес-плана/Table Data/План Отпуск в сеть за отчётный период 2' is: '3 403 997'

13-01-2025T07:09:51 - [TEST_STEP][PASSED] - if (z == ""): null

13-01-2025T07:09:51 - [TEST_STEP][PASSED] - x = x + "/" + z: null

13-01-2025T07:09:51 - [TEST_STEP][PASSED] - z = getText(findTestObject(path + path2 + "План Отпуск из сети за отчётный период " + dZONum)).replaceAll("\s+", ""): Text of object 'Object Repository/Выполнение бизнес-плана/Выполнение бизнес-плана Балансы/Значения со страницы Выполнение бизнес-плана/Table Data/План Отпуск из сети за отчётный период 2' is: ''

13-01-2025T07:09:51 - [MESSAGE][PASSED] - Text of object 'Object Repository/Выполнение бизнес-плана/Выполнение бизнес-плана Балансы/Значения со страницы Выполнение бизнес-плана/Table Data/План Отпуск из сети за отчётный период 2' is: ''

13-01-2025T07:09:51 - [TEST_STEP][PASSED] - if (z == ""): null

13-01-2025T07:09:51 - [TEST_STEP][PASSED] - z = "нет данных": null

13-01-2025T07:09:51 - [TEST_STEP][PASSED] - x = x + "/" + z: null

13-01-2025T07:09:51 - [TEST_STEP][PASSED] - z = getText(findTestObject(path + path2 + "План Потери за отчётный период " + dZONum)).replaceAll("\s+", ""): Text of object 'Object Repository/Выполнение бизнес-плана/Выполнение бизнес-плана Балансы/Значения со страницы Выполнение бизнес-плана/Table Data/План Потери за отчётный период 2' is: ''

13-01-2025T07:09:51 - [MESSAGE][PASSED] - Text of object 'Object Repository/Выполнение бизнес-плана/Выполнение бизнес-плана Балансы/Значения со страницы Выполнение бизнес-плана/Table Data/План Потери за отчётный период 2' is: ''

13-01-2025T07:09:51 - [TEST_STEP][PASSED] - if (z == ""): null

13-01-2025T07:09:51 - [TEST_STEP][PASSED] - z = "нет данных": null

13-01-2025T07:09:51 - [TEST_STEP][PASSED] - x = x + "/" + z: null

13-01-2025T07:09:51 - [TEST_STEP][PASSED] - z = getText(findTestObject(path + "Список ДЗО")).replaceAll("[\r?
|
]", "/"): Text of object 'Object Repository/Выполнение бизнес-плана/Выполнение бизнес-плана Балансы/Список ДЗО' is: '-0.22
-0.07
3.10
-0.38
-0.73
-0.02
0.19
3.73
-0.43
-0.05
-0.03
0.16
-0.17
-0.52
-0.27
-0.49
-0.02
Россети ФСКЕЭС
АО«Тываэнерго»
АО«Чеченэнерго»
РоссетиВолга
РоссетиКубань
РоссетиЛенэнерго(ГК)
РоссетиМосковскийрегион
РоссетиСеверныйКавказ
РоссетиСеверо-Запад
РоссетиСибирь
РоссетиТомск
РоссетиТюмень
Россети Урал(ГК)
РоссетиЦентр (ГК)
РоссетиЦентр иПриволжье(ГК)
Россети Юг(ГК)
РоссетиЯнтарь
-2
0
2
4
6
8'

13-01-2025T07:09:52 - [MESSAGE][PASSED] - Text of object 'Object Repository/Выполнение бизнес-плана/Выполнение бизнес-плана Балансы/Список ДЗО' is: '-0.22
-0.07
3.10
-0.38
-0.73
-0.02
0.19
3.73
-0.43
-0.05
-0.03
0.16
-0.17
-0.52
-0.27
-0.49
-0.02
Россети ФСКЕЭС
АО«Тываэнерго»
АО«Чеченэнерго»
РоссетиВолга
РоссетиКубань
РоссетиЛенэнерго(ГК)
РоссетиМосковскийрегион
РоссетиСеверныйКавказ
РоссетиСеверо-Запад
РоссетиСибирь
РоссетиТомск
РоссетиТюмень
Россети Урал(ГК)
РоссетиЦентр (ГК)
РоссетиЦентр иПриволжье(ГК)
Россети Юг(ГК)
РоссетиЯнтарь
-2
0
2
4
6
8'

13-01-2025T07:09:52 - [TEST_STEP][PASSED] - for ([ii = 1, ii < dZONum, (ii++)]): null

13-01-2025T07:09:52 - [TEST_STEP][PASSED] - i1 = z.indexOf("/") + 1: null

13-01-2025T07:09:52 - [TEST_STEP][PASSED] - if (i1 > -1): null

13-01-2025T07:09:52 - [TEST_STEP][PASSED] - z = z.substring(i1, z.length()): null

13-01-2025T07:09:52 - [TEST_STEP][PASSED] - i1 = z.indexOf("/"): null

13-01-2025T07:09:52 - [TEST_STEP][PASSED] - i1 = z.indexOf("/"): null

13-01-2025T07:09:52 - [TEST_STEP][PASSED] - if (i1 > -1): null

13-01-2025T07:09:52 - [TEST_STEP][PASSED] - z = z.substring(0, i1): null

13-01-2025T07:09:52 - [TEST_STEP][PASSED] - z = z.replace(",", "."): null

13-01-2025T07:09:52 - [TEST_STEP][PASSED] - println(z): null

13-01-2025T07:09:52 - [TEST_STEP][PASSED] - x = x + "/" + z: null

13-01-2025T07:09:52 - [TEST_STEP][PASSED] - x = x.replaceAll("[\r?
|
]", ""): null

13-01-2025T07:09:52 - [TEST_STEP][PASSED] - println(x): null

13-01-2025T07:09:52 - [TEST_STEP][PASSED] - return x: null

13-01-2025T07:09:52 - [TEST_STEP][PASSED] - println("tyB: " + tyB): null

13-01-2025T07:09:52 - [TEST_STEP][PASSED] - i = VseDZO.indexOf("Чеченэнерго"): null

13-01-2025T07:09:52 - [TEST_STEP][PASSED] - if (i > -1): null

13-01-2025T07:09:52 - [TEST_STEP][PASSED] - dZONum = dZONum + 1: null

13-01-2025T07:09:52 - [TEST_STEP][PASSED] - chB = GetAllData(path, dZONum, VseDZO, x = "АО "Чеченэнерго"/"): null

13-01-2025T07:09:52 - [TEST_STEP][PASSED] - ii = <not implemented yet for class: org.codehaus.groovy.ast.expr.EmptyExpression>: null

13-01-2025T07:09:52 - [TEST_STEP][PASSED] - i1 = <not implemented yet for class: org.codehaus.groovy.ast.expr.EmptyExpression>: null

13-01-2025T07:09:52 - [TEST_STEP][PASSED] - z = <not implemented yet for class: org.codehaus.groovy.ast.expr.EmptyExpression>: null

13-01-2025T07:09:52 - [TEST_STEP][PASSED] - path2 = "Значения со страницы Выполнение бизнес-плана/Table Data/": null

13-01-2025T07:09:52 - [TEST_STEP][PASSED] - println("path: " + path): null

13-01-2025T07:09:52 - [TEST_STEP][PASSED] - println("dZONum: " + dZONum): null

13-01-2025T07:09:52 - [TEST_STEP][PASSED] - z = getText(findTestObject(path + "spanPlan" + dZONum)): Text of object 'Object Repository/Выполнение бизнес-плана/Выполнение бизнес-плана Балансы/spanPlan3' is: '33.23'

13-01-2025T07:09:52 - [MESSAGE][PASSED] - Text of object 'Object Repository/Выполнение бизнес-плана/Выполнение бизнес-плана Балансы/spanPlan3' is: '33.23'

13-01-2025T07:09:52 - [TEST_STEP][PASSED] - println(z): null

13-01-2025T07:09:52 - [TEST_STEP][PASSED] - ii = z.indexOf("|"): null

13-01-2025T07:09:52 - [TEST_STEP][PASSED] - if (ii > -1): null

13-01-2025T07:09:52 - [TEST_STEP][PASSED] - z = z.replaceAll("\s+", ""): null

13-01-2025T07:09:52 - [TEST_STEP][PASSED] - z = z.replace("[\r?
|
]", "/"): null

13-01-2025T07:09:52 - [TEST_STEP][PASSED] - println(z): null

13-01-2025T07:09:52 - [TEST_STEP][PASSED] - x = x + z: null

13-01-2025T07:09:52 - [TEST_STEP][PASSED] - z = getText(findTestObject(path + "spanFact" + dZONum)): Text of object 'Object Repository/Выполнение бизнес-плана/Выполнение бизнес-плана Балансы/spanFact3' is: '36.33
|'

13-01-2025T07:09:52 - [MESSAGE][PASSED] - Text of object 'Object Repository/Выполнение бизнес-плана/Выполнение бизнес-плана Балансы/spanFact3' is: '36.33
|'

13-01-2025T07:09:52 - [TEST_STEP][PASSED] - ii = z.indexOf("|"): null

13-01-2025T07:09:52 - [TEST_STEP][PASSED] - if (ii > -1): null

13-01-2025T07:09:52 - [TEST_STEP][PASSED] - z = length() - 1).replace("[\r?
|
]", "/"): null

13-01-2025T07:09:52 - [TEST_STEP][PASSED] - x = x + "/" + z: null

13-01-2025T07:09:52 - [TEST_STEP][PASSED] - z = getText(findTestObject(path + path2 + "Факт Отпуск в сеть за отчётный период " + dZONum)).replaceAll("\s+", ""): Text of object 'Object Repository/Выполнение бизнес-плана/Выполнение бизнес-плана Балансы/Значения со страницы Выполнение бизнес-плана/Table Data/Факт Отпуск в сеть за отчётный период 3' is: '3 631 955'

13-01-2025T07:09:53 - [MESSAGE][PASSED] - Text of object 'Object Repository/Выполнение бизнес-плана/Выполнение бизнес-плана Балансы/Значения со страницы Выполнение бизнес-плана/Table Data/Факт Отпуск в сеть за отчётный период 3' is: '3 631 955'

13-01-2025T07:09:53 - [TEST_STEP][PASSED] - x = x + "/" + z: null

13-01-2025T07:09:53 - [TEST_STEP][PASSED] - z = getText(findTestObject(path + path2 + "Факт Отпуск из сети за отчётный период " + dZONum)).replaceAll("\s+", ""): Text of object 'Object Repository/Выполнение бизнес-плана/Выполнение бизнес-плана Балансы/Значения со страницы Выполнение бизнес-плана/Table Data/Факт Отпуск из сети за отчётный период 3' is: '2 312 442'

13-01-2025T07:09:53 - [MESSAGE][PASSED] - Text of object 'Object Repository/Выполнение бизнес-плана/Выполнение бизнес-плана Балансы/Значения со страницы Выполнение бизнес-плана/Table Data/Факт Отпуск из сети за отчётный период 3' is: '2 312 442'

13-01-2025T07:09:53 - [TEST_STEP][PASSED] - x = x + "/" + z: null

13-01-2025T07:09:53 - [TEST_STEP][PASSED] - z = getText(findTestObject(path + path2 + "Факт Потери за отчётный период " + dZONum)).replaceAll("\s+", ""): Text of object 'Object Repository/Выполнение бизнес-плана/Выполнение бизнес-плана Балансы/Значения со страницы Выполнение бизнес-плана/Table Data/Факт Потери за отчётный период 3' is: '1 319 513'

13-01-2025T07:09:53 - [MESSAGE][PASSED] - Text of object 'Object Repository/Выполнение бизнес-плана/Выполнение бизнес-плана Балансы/Значения со страницы Выполнение бизнес-плана/Table Data/Факт Потери за отчётный период 3' is: '1 319 513'

13-01-2025T07:09:53 - [TEST_STEP][PASSED] - x = x + "/" + z: null

13-01-2025T07:09:53 - [TEST_STEP][PASSED] - z = getText(findTestObject(path + path2 + "План Отпуск в сеть за отчётный период " + dZONum)).replaceAll("\s+", ""): Text of object 'Object Repository/Выполнение бизнес-плана/Выполнение бизнес-плана Балансы/Значения со страницы Выполнение бизнес-плана/Table Data/План Отпуск в сеть за отчётный период 3' is: '0'

13-01-2025T07:09:54 - [MESSAGE][PASSED] - Text of object 'Object Repository/Выполнение бизнес-плана/Выполнение бизнес-плана Балансы/Значения со страницы Выполнение бизнес-плана/Table Data/План Отпуск в сеть за отчётный период 3' is: '0'

13-01-2025T07:09:54 - [TEST_STEP][PASSED] - if (z == ""): null

13-01-2025T07:09:54 - [TEST_STEP][PASSED] - x = x + "/" + z: null

13-01-2025T07:09:54 - [TEST_STEP][PASSED] - z = getText(findTestObject(path + path2 + "План Отпуск из сети за отчётный период " + dZONum)).replaceAll("\s+", ""): Text of object 'Object Repository/Выполнение бизнес-плана/Выполнение бизнес-плана Балансы/Значения со страницы Выполнение бизнес-плана/Table Data/План Отпуск из сети за отчётный период 3' is: ''

13-01-2025T07:09:54 - [MESSAGE][PASSED] - Text of object 'Object Repository/Выполнение бизнес-плана/Выполнение бизнес-плана Балансы/Значения со страницы Выполнение бизнес-плана/Table Data/План Отпуск из сети за отчётный период 3' is: ''

13-01-2025T07:09:54 - [TEST_STEP][PASSED] - if (z == ""): null

13-01-2025T07:09:54 - [TEST_STEP][PASSED] - z = "нет данных": null

13-01-2025T07:09:54 - [TEST_STEP][PASSED] - x = x + "/" + z: null

13-01-2025T07:09:54 - [TEST_STEP][PASSED] - z = getText(findTestObject(path + path2 + "План Потери за отчётный период " + dZONum)).replaceAll("\s+", ""): Text of object 'Object Repository/Выполнение бизнес-плана/Выполнение бизнес-плана Балансы/Значения со страницы Выполнение бизнес-плана/Table Data/План Потери за отчётный период 3' is: ''

13-01-2025T07:09:54 - [MESSAGE][PASSED] - Text of object 'Object Repository/Выполнение бизнес-плана/Выполнение бизнес-плана Балансы/Значения со страницы Выполнение бизнес-плана/Table Data/План Потери за отчётный период 3' is: ''

13-01-2025T07:09:54 - [TEST_STEP][PASSED] - if (z == ""): null

13-01-2025T07:09:54 - [TEST_STEP][PASSED] - z = "нет данных": null

13-01-2025T07:09:54 - [TEST_STEP][PASSED] - x = x + "/" + z: null

13-01-2025T07:09:54 - [TEST_STEP][PASSED] - z = getText(findTestObject(path + "Список ДЗО")).replaceAll("[\r?
|
]", "/"): Text of object 'Object Repository/Выполнение бизнес-плана/Выполнение бизнес-плана Балансы/Список ДЗО' is: '-0.22
-0.07
3.10
-0.38
-0.73
-0.02
0.19
3.73
-0.43
-0.05
-0.03
0.16
-0.17
-0.52
-0.27
-0.49
-0.02
Россети ФСКЕЭС
АО«Тываэнерго»
АО«Чеченэнерго»
РоссетиВолга
РоссетиКубань
РоссетиЛенэнерго(ГК)
РоссетиМосковскийрегион
РоссетиСеверныйКавказ
РоссетиСеверо-Запад
РоссетиСибирь
РоссетиТомск
РоссетиТюмень
Россети Урал(ГК)
РоссетиЦентр (ГК)
РоссетиЦентр иПриволжье(ГК)
Россети Юг(ГК)
РоссетиЯнтарь
-2
0
2
4
6
8'

13-01-2025T07:09:55 - [MESSAGE][PASSED] - Text of object 'Object Repository/Выполнение бизнес-плана/Выполнение бизнес-плана Балансы/Список ДЗО' is: '-0.22
-0.07
3.10
-0.38
-0.73
-0.02
0.19
3.73
-0.43
-0.05
-0.03
0.16
-0.17
-0.52
-0.27
-0.49
-0.02
Россети ФСКЕЭС
АО«Тываэнерго»
АО«Чеченэнерго»
РоссетиВолга
РоссетиКубань
РоссетиЛенэнерго(ГК)
РоссетиМосковскийрегион
РоссетиСеверныйКавказ
РоссетиСеверо-Запад
РоссетиСибирь
РоссетиТомск
РоссетиТюмень
Россети Урал(ГК)
РоссетиЦентр (ГК)
РоссетиЦентр иПриволжье(ГК)
Россети Юг(ГК)
РоссетиЯнтарь
-2
0
2
4
6
8'

13-01-2025T07:09:55 - [TEST_STEP][PASSED] - for ([ii = 1, ii < dZONum, (ii++)]): null

13-01-2025T07:09:55 - [TEST_STEP][PASSED] - i1 = z.indexOf("/") + 1: null

13-01-2025T07:09:55 - [TEST_STEP][PASSED] - if (i1 > -1): null

13-01-2025T07:09:55 - [TEST_STEP][PASSED] - z = z.substring(i1, z.length()): null

13-01-2025T07:09:55 - [TEST_STEP][PASSED] - i1 = z.indexOf("/"): null

13-01-2025T07:09:55 - [TEST_STEP][PASSED] - i1 = z.indexOf("/") + 1: null

13-01-2025T07:09:55 - [TEST_STEP][PASSED] - if (i1 > -1): null

13-01-2025T07:09:55 - [TEST_STEP][PASSED] - z = z.substring(i1, z.length()): null

13-01-2025T07:09:55 - [TEST_STEP][PASSED] - i1 = z.indexOf("/"): null

13-01-2025T07:09:55 - [TEST_STEP][PASSED] - i1 = z.indexOf("/"): null

13-01-2025T07:09:55 - [TEST_STEP][PASSED] - if (i1 > -1): null

13-01-2025T07:09:55 - [TEST_STEP][PASSED] - z = z.substring(0, i1): null

13-01-2025T07:09:55 - [TEST_STEP][PASSED] - z = z.replace(",", "."): null

13-01-2025T07:09:55 - [TEST_STEP][PASSED] - println(z): null

13-01-2025T07:09:55 - [TEST_STEP][PASSED] - x = x + "/" + z: null

13-01-2025T07:09:55 - [TEST_STEP][PASSED] - x = x.replaceAll("[\r?
|
]", ""): null

13-01-2025T07:09:55 - [TEST_STEP][PASSED] - println(x): null

13-01-2025T07:09:55 - [TEST_STEP][PASSED] - return x: null

13-01-2025T07:09:55 - [TEST_STEP][PASSED] - println("chB: " + chB): null

13-01-2025T07:09:55 - [TEST_STEP][PASSED] - i = VseDZO.indexOf("Волга"): null

13-01-2025T07:09:55 - [TEST_STEP][PASSED] - if (i > -1): null

13-01-2025T07:09:55 - [TEST_STEP][PASSED] - dZONum = dZONum + 1: null

13-01-2025T07:09:55 - [TEST_STEP][PASSED] - vB = GetAllData(path, dZONum, VseDZO, x = "Россети Волга/"): null

13-01-2025T07:09:55 - [TEST_STEP][PASSED] - ii = <not implemented yet for class: org.codehaus.groovy.ast.expr.EmptyExpression>: null

13-01-2025T07:09:55 - [TEST_STEP][PASSED] - i1 = <not implemented yet for class: org.codehaus.groovy.ast.expr.EmptyExpression>: null

13-01-2025T07:09:55 - [TEST_STEP][PASSED] - z = <not implemented yet for class: org.codehaus.groovy.ast.expr.EmptyExpression>: null

13-01-2025T07:09:55 - [TEST_STEP][PASSED] - path2 = "Значения со страницы Выполнение бизнес-плана/Table Data/": null

13-01-2025T07:09:55 - [TEST_STEP][PASSED] - println("path: " + path): null

13-01-2025T07:09:55 - [TEST_STEP][PASSED] - println("dZONum: " + dZONum): null

13-01-2025T07:09:55 - [TEST_STEP][PASSED] - z = getText(findTestObject(path + "spanPlan" + dZONum)): Text of object 'Object Repository/Выполнение бизнес-плана/Выполнение бизнес-плана Балансы/spanPlan4' is: '5.53
|'

13-01-2025T07:09:55 - [MESSAGE][PASSED] - Text of object 'Object Repository/Выполнение бизнес-плана/Выполнение бизнес-плана Балансы/spanPlan4' is: '5.53
|'

13-01-2025T07:09:55 - [TEST_STEP][PASSED] - println(z): null

13-01-2025T07:09:55 - [TEST_STEP][PASSED] - ii = z.indexOf("|"): null

13-01-2025T07:09:55 - [TEST_STEP][PASSED] - if (ii > -1): null

13-01-2025T07:09:55 - [TEST_STEP][PASSED] - z = z.substring(0, z.length() - 1): null

13-01-2025T07:09:55 - [TEST_STEP][PASSED] - println(z): null

13-01-2025T07:09:55 - [TEST_STEP][PASSED] - z = z.replaceAll("\s+", ""): null

13-01-2025T07:09:55 - [TEST_STEP][PASSED] - z = z.replace("[\r?
|
]", "/"): null

13-01-2025T07:09:55 - [TEST_STEP][PASSED] - println(z): null

13-01-2025T07:09:55 - [TEST_STEP][PASSED] - x = x + z: null

13-01-2025T07:09:55 - [TEST_STEP][PASSED] - z = getText(findTestObject(path + "spanFact" + dZONum)): Text of object 'Object Repository/Выполнение бизнес-плана/Выполнение бизнес-плана Балансы/spanFact4' is: '5.14'

13-01-2025T07:09:55 - [MESSAGE][PASSED] - Text of object 'Object Repository/Выполнение бизнес-плана/Выполнение бизнес-плана Балансы/spanFact4' is: '5.14'

13-01-2025T07:09:55 - [TEST_STEP][PASSED] - ii = z.indexOf("|"): null

13-01-2025T07:09:55 - [TEST_STEP][PASSED] - if (ii > -1): null

13-01-2025T07:09:55 - [TEST_STEP][PASSED] - x = x + "/" + z: null

13-01-2025T07:09:55 - [TEST_STEP][PASSED] - z = getText(findTestObject(path + path2 + "Факт Отпуск в сеть за отчётный период " + dZONum)).replaceAll("\s+", ""): Text of object 'Object Repository/Выполнение бизнес-плана/Выполнение бизнес-плана Балансы/Значения со страницы Выполнение бизнес-плана/Table Data/Факт Отпуск в сеть за отчётный период 4' is: '48 927 820'

13-01-2025T07:09:55 - [MESSAGE][PASSED] - Text of object 'Object Repository/Выполнение бизнес-плана/Выполнение бизнес-плана Балансы/Значения со страницы Выполнение бизнес-плана/Table Data/Факт Отпуск в сеть за отчётный период 4' is: '48 927 820'

13-01-2025T07:09:55 - [TEST_STEP][PASSED] - x = x + "/" + z: null

13-01-2025T07:09:55 - [TEST_STEP][PASSED] - z = getText(findTestObject(path + path2 + "Факт Отпуск из сети за отчётный период " + dZONum)).replaceAll("\s+", ""): Text of object 'Object Repository/Выполнение бизнес-плана/Выполнение бизнес-плана Балансы/Значения со страницы Выполнение бизнес-плана/Table Data/Факт Отпуск из сети за отчётный период 4' is: '46 410 515'

13-01-2025T07:09:56 - [MESSAGE][PASSED] - Text of object 'Object Repository/Выполнение бизнес-плана/Выполнение бизнес-плана Балансы/Значения со страницы Выполнение бизнес-плана/Table Data/Факт Отпуск из сети за отчётный период 4' is: '46 410 515'

13-01-2025T07:09:56 - [TEST_STEP][PASSED] - x = x + "/" + z: null

13-01-2025T07:09:56 - [TEST_STEP][PASSED] - z = getText(findTestObject(path + path2 + "Факт Потери за отчётный период " + dZONum)).replaceAll("\s+", ""): Text of object 'Object Repository/Выполнение бизнес-плана/Выполнение бизнес-плана Балансы/Значения со страницы Выполнение бизнес-плана/Table Data/Факт Потери за отчётный период 4' is: '2 517 305'

13-01-2025T07:09:56 - [MESSAGE][PASSED] - Text of object 'Object Repository/Выполнение бизнес-плана/Выполнение бизнес-плана Балансы/Значения со страницы Выполнение бизнес-плана/Table Data/Факт Потери за отчётный период 4' is: '2 517 305'

13-01-2025T07:09:56 - [TEST_STEP][PASSED] - x = x + "/" + z: null

13-01-2025T07:09:56 - [TEST_STEP][PASSED] - z = getText(findTestObject(path + path2 + "План Отпуск в сеть за отчётный период " + dZONum)).replaceAll("\s+", ""): Text of object 'Object Repository/Выполнение бизнес-плана/Выполнение бизнес-плана Балансы/Значения со страницы Выполнение бизнес-плана/Table Data/План Отпуск в сеть за отчётный период 4' is: '479 095'

13-01-2025T07:09:56 - [MESSAGE][PASSED] - Text of object 'Object Repository/Выполнение бизнес-плана/Выполнение бизнес-плана Балансы/Значения со страницы Выполнение бизнес-плана/Table Data/План Отпуск в сеть за отчётный период 4' is: '479 095'

13-01-2025T07:09:56 - [TEST_STEP][PASSED] - if (z == ""): null

13-01-2025T07:09:56 - [TEST_STEP][PASSED] - x = x + "/" + z: null

13-01-2025T07:09:56 - [TEST_STEP][PASSED] - z = getText(findTestObject(path + path2 + "План Отпуск из сети за отчётный период " + dZONum)).replaceAll("\s+", ""): Text of object 'Object Repository/Выполнение бизнес-плана/Выполнение бизнес-плана Балансы/Значения со страницы Выполнение бизнес-плана/Table Data/План Отпуск из сети за отчётный период 4' is: ''

13-01-2025T07:09:57 - [MESSAGE][PASSED] - Text of object 'Object Repository/Выполнение бизнес-плана/Выполнение бизнес-плана Балансы/Значения со страницы Выполнение бизнес-плана/Table Data/План Отпуск из сети за отчётный период 4' is: ''

13-01-2025T07:09:57 - [TEST_STEP][PASSED] - if (z == ""): null

13-01-2025T07:09:57 - [TEST_STEP][PASSED] - z = "нет данных": null

13-01-2025T07:09:57 - [TEST_STEP][PASSED] - x = x + "/" + z: null

13-01-2025T07:09:57 - [TEST_STEP][PASSED] - z = getText(findTestObject(path + path2 + "План Потери за отчётный период " + dZONum)).replaceAll("\s+", ""): Text of object 'Object Repository/Выполнение бизнес-плана/Выполнение бизнес-плана Балансы/Значения со страницы Выполнение бизнес-плана/Table Data/План Потери за отчётный период 4' is: ''

13-01-2025T07:09:57 - [MESSAGE][PASSED] - Text of object 'Object Repository/Выполнение бизнес-плана/Выполнение бизнес-плана Балансы/Значения со страницы Выполнение бизнес-плана/Table Data/План Потери за отчётный период 4' is: ''

13-01-2025T07:09:57 - [TEST_STEP][PASSED] - if (z == ""): null

13-01-2025T07:09:57 - [TEST_STEP][PASSED] - z = "нет данных": null

13-01-2025T07:09:57 - [TEST_STEP][PASSED] - x = x + "/" + z: null

13-01-2025T07:09:57 - [TEST_STEP][PASSED] - z = getText(findTestObject(path + "Список ДЗО")).replaceAll("[\r?
|
]", "/"): Text of object 'Object Repository/Выполнение бизнес-плана/Выполнение бизнес-плана Балансы/Список ДЗО' is: '-0.22
-0.07
3.10
-0.38
-0.73
-0.02
0.19
3.73
-0.43
-0.05
-0.03
0.16
-0.17
-0.52
-0.27
-0.49
-0.02
Россети ФСКЕЭС
АО«Тываэнерго»
АО«Чеченэнерго»
РоссетиВолга
РоссетиКубань
РоссетиЛенэнерго(ГК)
РоссетиМосковскийрегион
РоссетиСеверныйКавказ
РоссетиСеверо-Запад
РоссетиСибирь
РоссетиТомск
РоссетиТюмень
Россети Урал(ГК)
РоссетиЦентр (ГК)
РоссетиЦентр иПриволжье(ГК)
Россети Юг(ГК)
РоссетиЯнтарь
-2
0
2
4
6
8'

13-01-2025T07:09:57 - [MESSAGE][PASSED] - Text of object 'Object Repository/Выполнение бизнес-плана/Выполнение бизнес-плана Балансы/Список ДЗО' is: '-0.22
-0.07
3.10
-0.38
-0.73
-0.02
0.19
3.73
-0.43
-0.05
-0.03
0.16
-0.17
-0.52
-0.27
-0.49
-0.02
Россети ФСКЕЭС
АО«Тываэнерго»
АО«Чеченэнерго»
РоссетиВолга
РоссетиКубань
РоссетиЛенэнерго(ГК)
РоссетиМосковскийрегион
РоссетиСеверныйКавказ
РоссетиСеверо-Запад
РоссетиСибирь
РоссетиТомск
РоссетиТюмень
Россети Урал(ГК)
РоссетиЦентр (ГК)
РоссетиЦентр иПриволжье(ГК)
Россети Юг(ГК)
РоссетиЯнтарь
-2
0
2
4
6
8'

13-01-2025T07:09:57 - [TEST_STEP][PASSED] - for ([ii = 1, ii < dZONum, (ii++)]): null

13-01-2025T07:09:57 - [TEST_STEP][PASSED] - i1 = z.indexOf("/") + 1: null

13-01-2025T07:09:57 - [TEST_STEP][PASSED] - if (i1 > -1): null

13-01-2025T07:09:57 - [TEST_STEP][PASSED] - z = z.substring(i1, z.length()): null

13-01-2025T07:09:57 - [TEST_STEP][PASSED] - i1 = z.indexOf("/"): null

13-01-2025T07:09:57 - [TEST_STEP][PASSED] - i1 = z.indexOf("/") + 1: null

13-01-2025T07:09:57 - [TEST_STEP][PASSED] - if (i1 > -1): null

13-01-2025T07:09:57 - [TEST_STEP][PASSED] - z = z.substring(i1, z.length()): null

13-01-2025T07:09:57 - [TEST_STEP][PASSED] - i1 = z.indexOf("/"): null

13-01-2025T07:09:57 - [TEST_STEP][PASSED] - i1 = z.indexOf("/") + 1: null

13-01-2025T07:09:57 - [TEST_STEP][PASSED] - if (i1 > -1): null

13-01-2025T07:09:57 - [TEST_STEP][PASSED] - z = z.substring(i1, z.length()): null

13-01-2025T07:09:57 - [TEST_STEP][PASSED] - i1 = z.indexOf("/"): null

13-01-2025T07:09:57 - [TEST_STEP][PASSED] - i1 = z.indexOf("/"): null

13-01-2025T07:09:57 - [TEST_STEP][PASSED] - if (i1 > -1): null

13-01-2025T07:09:57 - [TEST_STEP][PASSED] - z = z.substring(0, i1): null

13-01-2025T07:09:57 - [TEST_STEP][PASSED] - z = z.replace(",", "."): null

13-01-2025T07:09:57 - [TEST_STEP][PASSED] - println(z): null

13-01-2025T07:09:57 - [TEST_STEP][PASSED] - x = x + "/" + z: null

13-01-2025T07:09:57 - [TEST_STEP][PASSED] - x = x.replaceAll("[\r?
|
]", ""): null

13-01-2025T07:09:57 - [TEST_STEP][PASSED] - println(x): null

13-01-2025T07:09:57 - [TEST_STEP][PASSED] - return x: null

13-01-2025T07:09:57 - [TEST_STEP][PASSED] - println("vB: " + vB): null

13-01-2025T07:09:57 - [TEST_STEP][PASSED] - i = VseDZO.indexOf("Кубань"): null

13-01-2025T07:09:57 - [TEST_STEP][PASSED] - if (i > -1): null

13-01-2025T07:09:57 - [TEST_STEP][PASSED] - dZONum = dZONum + 1: null

13-01-2025T07:09:57 - [TEST_STEP][PASSED] - kB = GetAllData(path, dZONum, VseDZO, x = "Россети Кубань/"): null

13-01-2025T07:09:57 - [TEST_STEP][PASSED] - ii = <not implemented yet for class: org.codehaus.groovy.ast.expr.EmptyExpression>: null

13-01-2025T07:09:57 - [TEST_STEP][PASSED] - i1 = <not implemented yet for class: org.codehaus.groovy.ast.expr.EmptyExpression>: null

13-01-2025T07:09:57 - [TEST_STEP][PASSED] - z = <not implemented yet for class: org.codehaus.groovy.ast.expr.EmptyExpression>: null

13-01-2025T07:09:57 - [TEST_STEP][PASSED] - path2 = "Значения со страницы Выполнение бизнес-плана/Table Data/": null

13-01-2025T07:09:57 - [TEST_STEP][PASSED] - println("path: " + path): null

13-01-2025T07:09:57 - [TEST_STEP][PASSED] - println("dZONum: " + dZONum): null

13-01-2025T07:09:57 - [TEST_STEP][PASSED] - z = getText(findTestObject(path + "spanPlan" + dZONum)): Text of object 'Object Repository/Выполнение бизнес-плана/Выполнение бизнес-плана Балансы/spanPlan5' is: '9.19
|'

13-01-2025T07:09:58 - [MESSAGE][PASSED] - Text of object 'Object Repository/Выполнение бизнес-плана/Выполнение бизнес-плана Балансы/spanPlan5' is: '9.19
|'

13-01-2025T07:09:58 - [TEST_STEP][PASSED] - println(z): null

13-01-2025T07:09:58 - [TEST_STEP][PASSED] - ii = z.indexOf("|"): null

13-01-2025T07:09:58 - [TEST_STEP][PASSED] - if (ii > -1): null

13-01-2025T07:09:58 - [TEST_STEP][PASSED] - z = z.substring(0, z.length() - 1): null

13-01-2025T07:09:58 - [TEST_STEP][PASSED] - println(z): null

13-01-2025T07:09:58 - [TEST_STEP][PASSED] - z = z.replaceAll("\s+", ""): null

13-01-2025T07:09:58 - [TEST_STEP][PASSED] - z = z.replace("[\r?
|
]", "/"): null

13-01-2025T07:09:58 - [TEST_STEP][PASSED] - println(z): null

13-01-2025T07:09:58 - [TEST_STEP][PASSED] - x = x + z: null

13-01-2025T07:09:58 - [TEST_STEP][PASSED] - z = getText(findTestObject(path + "spanFact" + dZONum)): Text of object 'Object Repository/Выполнение бизнес-плана/Выполнение бизнес-плана Балансы/spanFact5' is: '8.46'

13-01-2025T07:09:58 - [MESSAGE][PASSED] - Text of object 'Object Repository/Выполнение бизнес-плана/Выполнение бизнес-плана Балансы/spanFact5' is: '8.46'

13-01-2025T07:09:58 - [TEST_STEP][PASSED] - ii = z.indexOf("|"): null

13-01-2025T07:09:58 - [TEST_STEP][PASSED] - if (ii > -1): null

13-01-2025T07:09:58 - [TEST_STEP][PASSED] - x = x + "/" + z: null

13-01-2025T07:09:58 - [TEST_STEP][PASSED] - z = getText(findTestObject(path + path2 + "Факт Отпуск в сеть за отчётный период " + dZONum)).replaceAll("\s+", ""): Text of object 'Object Repository/Выполнение бизнес-плана/Выполнение бизнес-плана Балансы/Значения со страницы Выполнение бизнес-плана/Table Data/Факт Отпуск в сеть за отчётный период 5' is: '23 489 307'

13-01-2025T07:09:58 - [MESSAGE][PASSED] - Text of object 'Object Repository/Выполнение бизнес-плана/Выполнение бизнес-плана Балансы/Значения со страницы Выполнение бизнес-плана/Table Data/Факт Отпуск в сеть за отчётный период 5' is: '23 489 307'

13-01-2025T07:09:58 - [TEST_STEP][PASSED] - x = x + "/" + z: null

13-01-2025T07:09:58 - [TEST_STEP][PASSED] - z = getText(findTestObject(path + path2 + "Факт Отпуск из сети за отчётный период " + dZONum)).replaceAll("\s+", ""): Text of object 'Object Repository/Выполнение бизнес-плана/Выполнение бизнес-плана Балансы/Значения со страницы Выполнение бизнес-плана/Table Data/Факт Отпуск из сети за отчётный период 5' is: '21 501 911'

13-01-2025T07:09:59 - [MESSAGE][PASSED] - Text of object 'Object Repository/Выполнение бизнес-плана/Выполнение бизнес-плана Балансы/Значения со страницы Выполнение бизнес-плана/Table Data/Факт Отпуск из сети за отчётный период 5' is: '21 501 911'

13-01-2025T07:09:59 - [TEST_STEP][PASSED] - x = x + "/" + z: null

13-01-2025T07:09:59 - [TEST_STEP][PASSED] - z = getText(findTestObject(path + path2 + "Факт Потери за отчётный период " + dZONum)).replaceAll("\s+", ""): Text of object 'Object Repository/Выполнение бизнес-плана/Выполнение бизнес-плана Балансы/Значения со страницы Выполнение бизнес-плана/Table Data/Факт Потери за отчётный период 5' is: '1 987 396'

13-01-2025T07:09:59 - [MESSAGE][PASSED] - Text of object 'Object Repository/Выполнение бизнес-плана/Выполнение бизнес-плана Балансы/Значения со страницы Выполнение бизнес-плана/Table Data/Факт Потери за отчётный период 5' is: '1 987 396'

13-01-2025T07:09:59 - [TEST_STEP][PASSED] - x = x + "/" + z: null

13-01-2025T07:09:59 - [TEST_STEP][PASSED] - z = getText(findTestObject(path + path2 + "План Отпуск в сеть за отчётный период " + dZONum)).replaceAll("\s+", ""): Text of object 'Object Repository/Выполнение бизнес-плана/Выполнение бизнес-плана Балансы/Значения со страницы Выполнение бизнес-плана/Table Data/План Отпуск в сеть за отчётный период 5' is: '2 272 993'

13-01-2025T07:09:59 - [MESSAGE][PASSED] - Text of object 'Object Repository/Выполнение бизнес-плана/Выполнение бизнес-плана Балансы/Значения со страницы Выполнение бизнес-плана/Table Data/План Отпуск в сеть за отчётный период 5' is: '2 272 993'

13-01-2025T07:09:59 - [TEST_STEP][PASSED] - if (z == ""): null

13-01-2025T07:09:59 - [TEST_STEP][PASSED] - x = x + "/" + z: null

13-01-2025T07:09:59 - [TEST_STEP][PASSED] - z = getText(findTestObject(path + path2 + "План Отпуск из сети за отчётный период " + dZONum)).replaceAll("\s+", ""): Text of object 'Object Repository/Выполнение бизнес-плана/Выполнение бизнес-плана Балансы/Значения со страницы Выполнение бизнес-плана/Table Data/План Отпуск из сети за отчётный период 5' is: ''

13-01-2025T07:09:59 - [MESSAGE][PASSED] - Text of object 'Object Repository/Выполнение бизнес-плана/Выполнение бизнес-плана Балансы/Значения со страницы Выполнение бизнес-плана/Table Data/План Отпуск из сети за отчётный период 5' is: ''

13-01-2025T07:09:59 - [TEST_STEP][PASSED] - if (z == ""): null

13-01-2025T07:09:59 - [TEST_STEP][PASSED] - z = "нет данных": null

13-01-2025T07:09:59 - [TEST_STEP][PASSED] - x = x + "/" + z: null

13-01-2025T07:09:59 - [TEST_STEP][PASSED] - z = getText(findTestObject(path + path2 + "План Потери за отчётный период " + dZONum)).replaceAll("\s+", ""): Text of object 'Object Repository/Выполнение бизнес-плана/Выполнение бизнес-плана Балансы/Значения со страницы Выполнение бизнес-плана/Table Data/План Потери за отчётный период 5' is: ''

13-01-2025T07:10:00 - [MESSAGE][PASSED] - Text of object 'Object Repository/Выполнение бизнес-плана/Выполнение бизнес-плана Балансы/Значения со страницы Выполнение бизнес-плана/Table Data/План Потери за отчётный период 5' is: ''

13-01-2025T07:10:00 - [TEST_STEP][PASSED] - if (z == ""): null

13-01-2025T07:10:00 - [TEST_STEP][PASSED] - z = "нет данных": null

13-01-2025T07:10:00 - [TEST_STEP][PASSED] - x = x + "/" + z: null

13-01-2025T07:10:00 - [TEST_STEP][PASSED] - z = getText(findTestObject(path + "Список ДЗО")).replaceAll("[\r?
|
]", "/"): Text of object 'Object Repository/Выполнение бизнес-плана/Выполнение бизнес-плана Балансы/Список ДЗО' is: '-0.22
-0.07
3.10
-0.38
-0.73
-0.02
0.19
3.73
-0.43
-0.05
-0.03
0.16
-0.17
-0.52
-0.27
-0.49
-0.02
Россети ФСКЕЭС
АО«Тываэнерго»
АО«Чеченэнерго»
РоссетиВолга
РоссетиКубань
РоссетиЛенэнерго(ГК)
РоссетиМосковскийрегион
РоссетиСеверныйКавказ
РоссетиСеверо-Запад
РоссетиСибирь
РоссетиТомск
РоссетиТюмень
Россети Урал(ГК)
РоссетиЦентр (ГК)
РоссетиЦентр иПриволжье(ГК)
Россети Юг(ГК)
РоссетиЯнтарь
-2
0
2
4
6
8'

13-01-2025T07:10:00 - [MESSAGE][PASSED] - Text of object 'Object Repository/Выполнение бизнес-плана/Выполнение бизнес-плана Балансы/Список ДЗО' is: '-0.22
-0.07
3.10
-0.38
-0.73
-0.02
0.19
3.73
-0.43
-0.05
-0.03
0.16
-0.17
-0.52
-0.27
-0.49
-0.02
Россети ФСКЕЭС
АО«Тываэнерго»
АО«Чеченэнерго»
РоссетиВолга
РоссетиКубань
РоссетиЛенэнерго(ГК)
РоссетиМосковскийрегион
РоссетиСеверныйКавказ
РоссетиСеверо-Запад
РоссетиСибирь
РоссетиТомск
РоссетиТюмень
Россети Урал(ГК)
РоссетиЦентр (ГК)
РоссетиЦентр иПриволжье(ГК)
Россети Юг(ГК)
РоссетиЯнтарь
-2
0
2
4
6
8'

13-01-2025T07:10:00 - [TEST_STEP][PASSED] - for ([ii = 1, ii < dZONum, (ii++)]): null

13-01-2025T07:10:00 - [TEST_STEP][PASSED] - i1 = z.indexOf("/") + 1: null

13-01-2025T07:10:00 - [TEST_STEP][PASSED] - if (i1 > -1): null

13-01-2025T07:10:00 - [TEST_STEP][PASSED] - z = z.substring(i1, z.length()): null

13-01-2025T07:10:00 - [TEST_STEP][PASSED] - i1 = z.indexOf("/"): null

13-01-2025T07:10:00 - [TEST_STEP][PASSED] - i1 = z.indexOf("/") + 1: null

13-01-2025T07:10:00 - [TEST_STEP][PASSED] - if (i1 > -1): null

13-01-2025T07:10:00 - [TEST_STEP][PASSED] - z = z.substring(i1, z.length()): null

13-01-2025T07:10:00 - [TEST_STEP][PASSED] - i1 = z.indexOf("/"): null

13-01-2025T07:10:00 - [TEST_STEP][PASSED] - i1 = z.indexOf("/") + 1: null

13-01-2025T07:10:00 - [TEST_STEP][PASSED] - if (i1 > -1): null

13-01-2025T07:10:00 - [TEST_STEP][PASSED] - z = z.substring(i1, z.length()): null

13-01-2025T07:10:00 - [TEST_STEP][PASSED] - i1 = z.indexOf("/"): null

13-01-2025T07:10:00 - [TEST_STEP][PASSED] - i1 = z.indexOf("/") + 1: null

13-01-2025T07:10:00 - [TEST_STEP][PASSED] - if (i1 > -1): null

13-01-2025T07:10:00 - [TEST_STEP][PASSED] - z = z.substring(i1, z.length()): null

13-01-2025T07:10:00 - [TEST_STEP][PASSED] - i1 = z.indexOf("/"): null

13-01-2025T07:10:00 - [TEST_STEP][PASSED] - i1 = z.indexOf("/"): null

13-01-2025T07:10:00 - [TEST_STEP][PASSED] - if (i1 > -1): null

13-01-2025T07:10:00 - [TEST_STEP][PASSED] - z = z.substring(0, i1): null

13-01-2025T07:10:00 - [TEST_STEP][PASSED] - z = z.replace(",", "."): null

13-01-2025T07:10:00 - [TEST_STEP][PASSED] - println(z): null

13-01-2025T07:10:00 - [TEST_STEP][PASSED] - x = x + "/" + z: null

13-01-2025T07:10:00 - [TEST_STEP][PASSED] - x = x.replaceAll("[\r?
|
]", ""): null

13-01-2025T07:10:00 - [TEST_STEP][PASSED] - println(x): null

13-01-2025T07:10:00 - [TEST_STEP][PASSED] - return x: null

13-01-2025T07:10:00 - [TEST_STEP][PASSED] - println("kB: " + kB): null

13-01-2025T07:10:00 - [TEST_STEP][PASSED] - i = VseDZO.indexOf("Ленэнерго"): null

13-01-2025T07:10:00 - [TEST_STEP][PASSED] - if (i > -1): null

13-01-2025T07:10:00 - [TEST_STEP][PASSED] - dZONum = dZONum + 1: null

13-01-2025T07:10:00 - [TEST_STEP][PASSED] - lB = GetAllData(path, dZONum, VseDZO, x = "Россети Ленэнерго (ГК)/"): null

13-01-2025T07:10:00 - [TEST_STEP][PASSED] - ii = <not implemented yet for class: org.codehaus.groovy.ast.expr.EmptyExpression>: null

13-01-2025T07:10:00 - [TEST_STEP][PASSED] - i1 = <not implemented yet for class: org.codehaus.groovy.ast.expr.EmptyExpression>: null

13-01-2025T07:10:00 - [TEST_STEP][PASSED] - z = <not implemented yet for class: org.codehaus.groovy.ast.expr.EmptyExpression>: null

13-01-2025T07:10:00 - [TEST_STEP][PASSED] - path2 = "Значения со страницы Выполнение бизнес-плана/Table Data/": null

13-01-2025T07:10:00 - [TEST_STEP][PASSED] - println("path: " + path): null

13-01-2025T07:10:00 - [TEST_STEP][PASSED] - println("dZONum: " + dZONum): null

13-01-2025T07:10:00 - [TEST_STEP][PASSED] - z = getText(findTestObject(path + "spanPlan" + dZONum)): Text of object 'Object Repository/Выполнение бизнес-плана/Выполнение бизнес-плана Балансы/spanPlan6' is: '10.91
|'

13-01-2025T07:10:00 - [MESSAGE][PASSED] - Text of object 'Object Repository/Выполнение бизнес-плана/Выполнение бизнес-плана Балансы/spanPlan6' is: '10.91
|'

13-01-2025T07:10:00 - [TEST_STEP][PASSED] - println(z): null

13-01-2025T07:10:00 - [TEST_STEP][PASSED] - ii = z.indexOf("|"): null

13-01-2025T07:10:00 - [TEST_STEP][PASSED] - if (ii > -1): null

13-01-2025T07:10:00 - [TEST_STEP][PASSED] - z = z.substring(0, z.length() - 1): null

13-01-2025T07:10:00 - [TEST_STEP][PASSED] - println(z): null

13-01-2025T07:10:00 - [TEST_STEP][PASSED] - z = z.replaceAll("\s+", ""): null

13-01-2025T07:10:00 - [TEST_STEP][PASSED] - z = z.replace("[\r?
|
]", "/"): null

13-01-2025T07:10:00 - [TEST_STEP][PASSED] - println(z): null

13-01-2025T07:10:00 - [TEST_STEP][PASSED] - x = x + z: null

13-01-2025T07:10:00 - [TEST_STEP][PASSED] - z = getText(findTestObject(path + "spanFact" + dZONum)): Text of object 'Object Repository/Выполнение бизнес-плана/Выполнение бизнес-плана Балансы/spanFact6' is: '10.89'

13-01-2025T07:10:01 - [MESSAGE][PASSED] - Text of object 'Object Repository/Выполнение бизнес-плана/Выполнение бизнес-плана Балансы/spanFact6' is: '10.89'

13-01-2025T07:10:01 - [TEST_STEP][PASSED] - ii = z.indexOf("|"): null

13-01-2025T07:10:01 - [TEST_STEP][PASSED] - if (ii > -1): null

13-01-2025T07:10:01 - [TEST_STEP][PASSED] - x = x + "/" + z: null

13-01-2025T07:10:01 - [TEST_STEP][PASSED] - z = getText(findTestObject(path + path2 + "Факт Отпуск в сеть за отчётный период " + dZONum)).replaceAll("\s+", ""): Text of object 'Object Repository/Выполнение бизнес-плана/Выполнение бизнес-плана Балансы/Значения со страницы Выполнение бизнес-плана/Table Data/Факт Отпуск в сеть за отчётный период 6' is: '34 954 264'

13-01-2025T07:10:01 - [MESSAGE][PASSED] - Text of object 'Object Repository/Выполнение бизнес-плана/Выполнение бизнес-плана Балансы/Значения со страницы Выполнение бизнес-плана/Table Data/Факт Отпуск в сеть за отчётный период 6' is: '34 954 264'

13-01-2025T07:10:01 - [TEST_STEP][PASSED] - x = x + "/" + z: null

13-01-2025T07:10:01 - [TEST_STEP][PASSED] - z = getText(findTestObject(path + path2 + "Факт Отпуск из сети за отчётный период " + dZONum)).replaceAll("\s+", ""): Text of object 'Object Repository/Выполнение бизнес-плана/Выполнение бизнес-плана Балансы/Значения со страницы Выполнение бизнес-плана/Table Data/Факт Отпуск из сети за отчётный период 6' is: '31 148 311'

13-01-2025T07:10:01 - [MESSAGE][PASSED] - Text of object 'Object Repository/Выполнение бизнес-плана/Выполнение бизнес-плана Балансы/Значения со страницы Выполнение бизнес-плана/Table Data/Факт Отпуск из сети за отчётный период 6' is: '31 148 311'

13-01-2025T07:10:01 - [TEST_STEP][PASSED] - x = x + "/" + z: null

13-01-2025T07:10:01 - [TEST_STEP][PASSED] - z = getText(findTestObject(path + path2 + "Факт Потери за отчётный период " + dZONum)).replaceAll("\s+", ""): Text of object 'Object Repository/Выполнение бизнес-плана/Выполнение бизнес-плана Балансы/Значения со страницы Выполнение бизнес-плана/Table Data/Факт Потери за отчётный период 6' is: '3 805 953'

13-01-2025T07:10:02 - [MESSAGE][PASSED] - Text of object 'Object Repository/Выполнение бизнес-плана/Выполнение бизнес-плана Балансы/Значения со страницы Выполнение бизнес-плана/Table Data/Факт Потери за отчётный период 6' is: '3 805 953'

13-01-2025T07:10:02 - [TEST_STEP][PASSED] - x = x + "/" + z: null

13-01-2025T07:10:02 - [TEST_STEP][PASSED] - z = getText(findTestObject(path + path2 + "План Отпуск в сеть за отчётный период " + dZONum)).replaceAll("\s+", ""): Text of object 'Object Repository/Выполнение бизнес-плана/Выполнение бизнес-плана Балансы/Значения со страницы Выполнение бизнес-плана/Table Data/План Отпуск в сеть за отчётный период 6' is: '0'

13-01-2025T07:10:02 - [MESSAGE][PASSED] - Text of object 'Object Repository/Выполнение бизнес-плана/Выполнение бизнес-плана Балансы/Значения со страницы Выполнение бизнес-плана/Table Data/План Отпуск в сеть за отчётный период 6' is: '0'

13-01-2025T07:10:02 - [TEST_STEP][PASSED] - if (z == ""): null

13-01-2025T07:10:02 - [TEST_STEP][PASSED] - x = x + "/" + z: null

13-01-2025T07:10:02 - [TEST_STEP][PASSED] - z = getText(findTestObject(path + path2 + "План Отпуск из сети за отчётный период " + dZONum)).replaceAll("\s+", ""): Text of object 'Object Repository/Выполнение бизнес-плана/Выполнение бизнес-плана Балансы/Значения со страницы Выполнение бизнес-плана/Table Data/План Отпуск из сети за отчётный период 6' is: ''

13-01-2025T07:10:02 - [MESSAGE][PASSED] - Text of object 'Object Repository/Выполнение бизнес-плана/Выполнение бизнес-плана Балансы/Значения со страницы Выполнение бизнес-плана/Table Data/План Отпуск из сети за отчётный период 6' is: ''

13-01-2025T07:10:02 - [TEST_STEP][PASSED] - if (z == ""): null

13-01-2025T07:10:02 - [TEST_STEP][PASSED] - z = "нет данных": null

13-01-2025T07:10:02 - [TEST_STEP][PASSED] - x = x + "/" + z: null

13-01-2025T07:10:02 - [TEST_STEP][PASSED] - z = getText(findTestObject(path + path2 + "План Потери за отчётный период " + dZONum)).replaceAll("\s+", ""): Text of object 'Object Repository/Выполнение бизнес-плана/Выполнение бизнес-плана Балансы/Значения со страницы Выполнение бизнес-плана/Table Data/План Потери за отчётный период 6' is: ''

13-01-2025T07:10:02 - [MESSAGE][PASSED] - Text of object 'Object Repository/Выполнение бизнес-плана/Выполнение бизнес-плана Балансы/Значения со страницы Выполнение бизнес-плана/Table Data/План Потери за отчётный период 6' is: ''

13-01-2025T07:10:02 - [TEST_STEP][PASSED] - if (z == ""): null

13-01-2025T07:10:02 - [TEST_STEP][PASSED] - z = "нет данных": null

13-01-2025T07:10:02 - [TEST_STEP][PASSED] - x = x + "/" + z: null

13-01-2025T07:10:02 - [TEST_STEP][PASSED] - z = getText(findTestObject(path + "Список ДЗО")).replaceAll("[\r?
|
]", "/"): Text of object 'Object Repository/Выполнение бизнес-плана/Выполнение бизнес-плана Балансы/Список ДЗО' is: '-0.22
-0.07
3.10
-0.38
-0.73
-0.02
0.19
3.73
-0.43
-0.05
-0.03
0.16
-0.17
-0.52
-0.27
-0.49
-0.02
Россети ФСКЕЭС
АО«Тываэнерго»
АО«Чеченэнерго»
РоссетиВолга
РоссетиКубань
РоссетиЛенэнерго(ГК)
РоссетиМосковскийрегион
РоссетиСеверныйКавказ
РоссетиСеверо-Запад
РоссетиСибирь
РоссетиТомск
РоссетиТюмень
Россети Урал(ГК)
РоссетиЦентр (ГК)
РоссетиЦентр иПриволжье(ГК)
Россети Юг(ГК)
РоссетиЯнтарь
-2
0
2
4
6
8'

13-01-2025T07:10:03 - [MESSAGE][PASSED] - Text of object 'Object Repository/Выполнение бизнес-плана/Выполнение бизнес-плана Балансы/Список ДЗО' is: '-0.22
-0.07
3.10
-0.38
-0.73
-0.02
0.19
3.73
-0.43
-0.05
-0.03
0.16
-0.17
-0.52
-0.27
-0.49
-0.02
Россети ФСКЕЭС
АО«Тываэнерго»
АО«Чеченэнерго»
РоссетиВолга
РоссетиКубань
РоссетиЛенэнерго(ГК)
РоссетиМосковскийрегион
РоссетиСеверныйКавказ
РоссетиСеверо-Запад
РоссетиСибирь
РоссетиТомск
РоссетиТюмень
Россети Урал(ГК)
РоссетиЦентр (ГК)
РоссетиЦентр иПриволжье(ГК)
Россети Юг(ГК)
РоссетиЯнтарь
-2
0
2
4
6
8'

13-01-2025T07:10:03 - [TEST_STEP][PASSED] - for ([ii = 1, ii < dZONum, (ii++)]): null

13-01-2025T07:10:03 - [TEST_STEP][PASSED] - i1 = z.indexOf("/") + 1: null

13-01-2025T07:10:03 - [TEST_STEP][PASSED] - if (i1 > -1): null

13-01-2025T07:10:03 - [TEST_STEP][PASSED] - z = z.substring(i1, z.length()): null

13-01-2025T07:10:03 - [TEST_STEP][PASSED] - i1 = z.indexOf("/"): null

13-01-2025T07:10:03 - [TEST_STEP][PASSED] - i1 = z.indexOf("/") + 1: null

13-01-2025T07:10:03 - [TEST_STEP][PASSED] - if (i1 > -1): null

13-01-2025T07:10:03 - [TEST_STEP][PASSED] - z = z.substring(i1, z.length()): null

13-01-2025T07:10:03 - [TEST_STEP][PASSED] - i1 = z.indexOf("/"): null

13-01-2025T07:10:03 - [TEST_STEP][PASSED] - i1 = z.indexOf("/") + 1: null

13-01-2025T07:10:03 - [TEST_STEP][PASSED] - if (i1 > -1): null

13-01-2025T07:10:03 - [TEST_STEP][PASSED] - z = z.substring(i1, z.length()): null

13-01-2025T07:10:03 - [TEST_STEP][PASSED] - i1 = z.indexOf("/"): null

13-01-2025T07:10:03 - [TEST_STEP][PASSED] - i1 = z.indexOf("/") + 1: null

13-01-2025T07:10:03 - [TEST_STEP][PASSED] - if (i1 > -1): null

13-01-2025T07:10:03 - [TEST_STEP][PASSED] - z = z.substring(i1, z.length()): null

13-01-2025T07:10:03 - [TEST_STEP][PASSED] - i1 = z.indexOf("/"): null

13-01-2025T07:10:03 - [TEST_STEP][PASSED] - i1 = z.indexOf("/") + 1: null

13-01-2025T07:10:03 - [TEST_STEP][PASSED] - if (i1 > -1): null

13-01-2025T07:10:03 - [TEST_STEP][PASSED] - z = z.substring(i1, z.length()): null

13-01-2025T07:10:03 - [TEST_STEP][PASSED] - i1 = z.indexOf("/"): null

13-01-2025T07:10:03 - [TEST_STEP][PASSED] - i1 = z.indexOf("/"): null

13-01-2025T07:10:03 - [TEST_STEP][PASSED] - if (i1 > -1): null

13-01-2025T07:10:03 - [TEST_STEP][PASSED] - z = z.substring(0, i1): null

13-01-2025T07:10:03 - [TEST_STEP][PASSED] - z = z.replace(",", "."): null

13-01-2025T07:10:03 - [TEST_STEP][PASSED] - println(z): null

13-01-2025T07:10:03 - [TEST_STEP][PASSED] - x = x + "/" + z: null

13-01-2025T07:10:03 - [TEST_STEP][PASSED] - x = x.replaceAll("[\r?
|
]", ""): null

13-01-2025T07:10:03 - [TEST_STEP][PASSED] - println(x): null

13-01-2025T07:10:03 - [TEST_STEP][PASSED] - return x: null

13-01-2025T07:10:03 - [TEST_STEP][PASSED] - println("lB: " + lB): null

13-01-2025T07:10:03 - [TEST_STEP][PASSED] - i = VseDZO.indexOf("Московский"): null

13-01-2025T07:10:03 - [TEST_STEP][PASSED] - if (i > -1): null

13-01-2025T07:10:03 - [TEST_STEP][PASSED] - dZONum = dZONum + 1: null

13-01-2025T07:10:03 - [TEST_STEP][PASSED] - mB = GetAllData(path, dZONum, VseDZO, x = "Россети Московский регион/"): null

13-01-2025T07:10:03 - [TEST_STEP][PASSED] - ii = <not implemented yet for class: org.codehaus.groovy.ast.expr.EmptyExpression>: null

13-01-2025T07:10:03 - [TEST_STEP][PASSED] - i1 = <not implemented yet for class: org.codehaus.groovy.ast.expr.EmptyExpression>: null

13-01-2025T07:10:03 - [TEST_STEP][PASSED] - z = <not implemented yet for class: org.codehaus.groovy.ast.expr.EmptyExpression>: null

13-01-2025T07:10:03 - [TEST_STEP][PASSED] - path2 = "Значения со страницы Выполнение бизнес-плана/Table Data/": null

13-01-2025T07:10:03 - [TEST_STEP][PASSED] - println("path: " + path): null

13-01-2025T07:10:03 - [TEST_STEP][PASSED] - println("dZONum: " + dZONum): null

13-01-2025T07:10:03 - [TEST_STEP][PASSED] - z = getText(findTestObject(path + "spanPlan" + dZONum)): Text of object 'Object Repository/Выполнение бизнес-плана/Выполнение бизнес-плана Балансы/spanPlan7' is: '7.39'

13-01-2025T07:10:03 - [MESSAGE][PASSED] - Text of object 'Object Repository/Выполнение бизнес-плана/Выполнение бизнес-плана Балансы/spanPlan7' is: '7.39'

13-01-2025T07:10:03 - [TEST_STEP][PASSED] - println(z): null

13-01-2025T07:10:03 - [TEST_STEP][PASSED] - ii = z.indexOf("|"): null

13-01-2025T07:10:03 - [TEST_STEP][PASSED] - if (ii > -1): null

13-01-2025T07:10:03 - [TEST_STEP][PASSED] - z = z.replaceAll("\s+", ""): null

13-01-2025T07:10:03 - [TEST_STEP][PASSED] - z = z.replace("[\r?
|
]", "/"): null

13-01-2025T07:10:03 - [TEST_STEP][PASSED] - println(z): null

13-01-2025T07:10:03 - [TEST_STEP][PASSED] - x = x + z: null

13-01-2025T07:10:03 - [TEST_STEP][PASSED] - z = getText(findTestObject(path + "spanFact" + dZONum)): Text of object 'Object Repository/Выполнение бизнес-плана/Выполнение бизнес-плана Балансы/spanFact7' is: '7.58
|'

13-01-2025T07:10:03 - [MESSAGE][PASSED] - Text of object 'Object Repository/Выполнение бизнес-плана/Выполнение бизнес-плана Балансы/spanFact7' is: '7.58
|'

13-01-2025T07:10:03 - [TEST_STEP][PASSED] - ii = z.indexOf("|"): null

13-01-2025T07:10:03 - [TEST_STEP][PASSED] - if (ii > -1): null

13-01-2025T07:10:03 - [TEST_STEP][PASSED] - z = length() - 1).replace("[\r?
|
]", "/"): null

13-01-2025T07:10:03 - [TEST_STEP][PASSED] - x = x + "/" + z: null

13-01-2025T07:10:03 - [TEST_STEP][PASSED] - z = getText(findTestObject(path + path2 + "Факт Отпуск в сеть за отчётный период " + dZONum)).replaceAll("\s+", ""): Text of object 'Object Repository/Выполнение бизнес-плана/Выполнение бизнес-плана Балансы/Значения со страницы Выполнение бизнес-плана/Table Data/Факт Отпуск в сеть за отчётный период 7' is: '93 807 453'

13-01-2025T07:10:04 - [MESSAGE][PASSED] - Text of object 'Object Repository/Выполнение бизнес-плана/Выполнение бизнес-плана Балансы/Значения со страницы Выполнение бизнес-плана/Table Data/Факт Отпуск в сеть за отчётный период 7' is: '93 807 453'

13-01-2025T07:10:04 - [TEST_STEP][PASSED] - x = x + "/" + z: null

13-01-2025T07:10:04 - [TEST_STEP][PASSED] - z = getText(findTestObject(path + path2 + "Факт Отпуск из сети за отчётный период " + dZONum)).replaceAll("\s+", ""): Text of object 'Object Repository/Выполнение бизнес-плана/Выполнение бизнес-плана Балансы/Значения со страницы Выполнение бизнес-плана/Table Data/Факт Отпуск из сети за отчётный период 7' is: '86 700 170'

13-01-2025T07:10:04 - [MESSAGE][PASSED] - Text of object 'Object Repository/Выполнение бизнес-плана/Выполнение бизнес-плана Балансы/Значения со страницы Выполнение бизнес-плана/Table Data/Факт Отпуск из сети за отчётный период 7' is: '86 700 170'

13-01-2025T07:10:04 - [TEST_STEP][PASSED] - x = x + "/" + z: null

13-01-2025T07:10:04 - [TEST_STEP][PASSED] - z = getText(findTestObject(path + path2 + "Факт Потери за отчётный период " + dZONum)).replaceAll("\s+", ""): Text of object 'Object Repository/Выполнение бизнес-плана/Выполнение бизнес-плана Балансы/Значения со страницы Выполнение бизнес-плана/Table Data/Факт Потери за отчётный период 7' is: '7 107 284'

13-01-2025T07:10:04 - [MESSAGE][PASSED] - Text of object 'Object Repository/Выполнение бизнес-плана/Выполнение бизнес-плана Балансы/Значения со страницы Выполнение бизнес-плана/Table Data/Факт Потери за отчётный период 7' is: '7 107 284'

13-01-2025T07:10:04 - [TEST_STEP][PASSED] - x = x + "/" + z: null

13-01-2025T07:10:04 - [TEST_STEP][PASSED] - z = getText(findTestObject(path + path2 + "План Отпуск в сеть за отчётный период " + dZONum)).replaceAll("\s+", ""): Text of object 'Object Repository/Выполнение бизнес-плана/Выполнение бизнес-плана Балансы/Значения со страницы Выполнение бизнес-плана/Table Data/План Отпуск в сеть за отчётный период 7' is: '129 192'

13-01-2025T07:10:05 - [MESSAGE][PASSED] - Text of object 'Object Repository/Выполнение бизнес-плана/Выполнение бизнес-плана Балансы/Значения со страницы Выполнение бизнес-плана/Table Data/План Отпуск в сеть за отчётный период 7' is: '129 192'

13-01-2025T07:10:05 - [TEST_STEP][PASSED] - if (z == ""): null

13-01-2025T07:10:05 - [TEST_STEP][PASSED] - x = x + "/" + z: null

13-01-2025T07:10:05 - [TEST_STEP][PASSED] - z = getText(findTestObject(path + path2 + "План Отпуск из сети за отчётный период " + dZONum)).replaceAll("\s+", ""): Text of object 'Object Repository/Выполнение бизнес-плана/Выполнение бизнес-плана Балансы/Значения со страницы Выполнение бизнес-плана/Table Data/План Отпуск из сети за отчётный период 7' is: ''

13-01-2025T07:10:05 - [MESSAGE][PASSED] - Text of object 'Object Repository/Выполнение бизнес-плана/Выполнение бизнес-плана Балансы/Значения со страницы Выполнение бизнес-плана/Table Data/План Отпуск из сети за отчётный период 7' is: ''

13-01-2025T07:10:05 - [TEST_STEP][PASSED] - if (z == ""): null

13-01-2025T07:10:05 - [TEST_STEP][PASSED] - z = "нет данных": null

13-01-2025T07:10:05 - [TEST_STEP][PASSED] - x = x + "/" + z: null

13-01-2025T07:10:05 - [TEST_STEP][PASSED] - z = getText(findTestObject(path + path2 + "План Потери за отчётный период " + dZONum)).replaceAll("\s+", ""): Text of object 'Object Repository/Выполнение бизнес-плана/Выполнение бизнес-плана Балансы/Значения со страницы Выполнение бизнес-плана/Table Data/План Потери за отчётный период 7' is: ''

13-01-2025T07:10:05 - [MESSAGE][PASSED] - Text of object 'Object Repository/Выполнение бизнес-плана/Выполнение бизнес-плана Балансы/Значения со страницы Выполнение бизнес-плана/Table Data/План Потери за отчётный период 7' is: ''

13-01-2025T07:10:05 - [TEST_STEP][PASSED] - if (z == ""): null

13-01-2025T07:10:05 - [TEST_STEP][PASSED] - z = "нет данных": null

13-01-2025T07:10:05 - [TEST_STEP][PASSED] - x = x + "/" + z: null

13-01-2025T07:10:05 - [TEST_STEP][PASSED] - z = getText(findTestObject(path + "Список ДЗО")).replaceAll("[\r?
|
]", "/"): Text of object 'Object Repository/Выполнение бизнес-плана/Выполнение бизнес-плана Балансы/Список ДЗО' is: '-0.22
-0.07
3.10
-0.38
-0.73
-0.02
0.19
3.73
-0.43
-0.05
-0.03
0.16
-0.17
-0.52
-0.27
-0.49
-0.02
Россети ФСКЕЭС
АО«Тываэнерго»
АО«Чеченэнерго»
РоссетиВолга
РоссетиКубань
РоссетиЛенэнерго(ГК)
РоссетиМосковскийрегион
РоссетиСеверныйКавказ
РоссетиСеверо-Запад
РоссетиСибирь
РоссетиТомск
РоссетиТюмень
Россети Урал(ГК)
РоссетиЦентр (ГК)
РоссетиЦентр иПриволжье(ГК)
Россети Юг(ГК)
РоссетиЯнтарь
-2
0
2
4
6
8'

13-01-2025T07:10:06 - [MESSAGE][PASSED] - Text of object 'Object Repository/Выполнение бизнес-плана/Выполнение бизнес-плана Балансы/Список ДЗО' is: '-0.22
-0.07
3.10
-0.38
-0.73
-0.02
0.19
3.73
-0.43
-0.05
-0.03
0.16
-0.17
-0.52
-0.27
-0.49
-0.02
Россети ФСКЕЭС
АО«Тываэнерго»
АО«Чеченэнерго»
РоссетиВолга
РоссетиКубань
РоссетиЛенэнерго(ГК)
РоссетиМосковскийрегион
РоссетиСеверныйКавказ
РоссетиСеверо-Запад
РоссетиСибирь
РоссетиТомск
РоссетиТюмень
Россети Урал(ГК)
РоссетиЦентр (ГК)
РоссетиЦентр иПриволжье(ГК)
Россети Юг(ГК)
РоссетиЯнтарь
-2
0
2
4
6
8'

13-01-2025T07:10:06 - [TEST_STEP][PASSED] - for ([ii = 1, ii < dZONum, (ii++)]): null

13-01-2025T07:10:06 - [TEST_STEP][PASSED] - i1 = z.indexOf("/") + 1: null

13-01-2025T07:10:06 - [TEST_STEP][PASSED] - if (i1 > -1): null

13-01-2025T07:10:06 - [TEST_STEP][PASSED] - z = z.substring(i1, z.length()): null

13-01-2025T07:10:06 - [TEST_STEP][PASSED] - i1 = z.indexOf("/"): null

13-01-2025T07:10:06 - [TEST_STEP][PASSED] - i1 = z.indexOf("/") + 1: null

13-01-2025T07:10:06 - [TEST_STEP][PASSED] - if (i1 > -1): null

13-01-2025T07:10:06 - [TEST_STEP][PASSED] - z = z.substring(i1, z.length()): null

13-01-2025T07:10:06 - [TEST_STEP][PASSED] - i1 = z.indexOf("/"): null

13-01-2025T07:10:06 - [TEST_STEP][PASSED] - i1 = z.indexOf("/") + 1: null

13-01-2025T07:10:06 - [TEST_STEP][PASSED] - if (i1 > -1): null

13-01-2025T07:10:06 - [TEST_STEP][PASSED] - z = z.substring(i1, z.length()): null

13-01-2025T07:10:06 - [TEST_STEP][PASSED] - i1 = z.indexOf("/"): null

13-01-2025T07:10:06 - [TEST_STEP][PASSED] - i1 = z.indexOf("/") + 1: null

13-01-2025T07:10:06 - [TEST_STEP][PASSED] - if (i1 > -1): null

13-01-2025T07:10:06 - [TEST_STEP][PASSED] - z = z.substring(i1, z.length()): null

13-01-2025T07:10:06 - [TEST_STEP][PASSED] - i1 = z.indexOf("/"): null

13-01-2025T07:10:06 - [TEST_STEP][PASSED] - i1 = z.indexOf("/") + 1: null

13-01-2025T07:10:06 - [TEST_STEP][PASSED] - if (i1 > -1): null

13-01-2025T07:10:06 - [TEST_STEP][PASSED] - z = z.substring(i1, z.length()): null

13-01-2025T07:10:06 - [TEST_STEP][PASSED] - i1 = z.indexOf("/"): null

13-01-2025T07:10:06 - [TEST_STEP][PASSED] - i1 = z.indexOf("/") + 1: null

13-01-2025T07:10:06 - [TEST_STEP][PASSED] - if (i1 > -1): null

13-01-2025T07:10:06 - [TEST_STEP][PASSED] - z = z.substring(i1, z.length()): null

13-01-2025T07:10:06 - [TEST_STEP][PASSED] - i1 = z.indexOf("/"): null

13-01-2025T07:10:06 - [TEST_STEP][PASSED] - i1 = z.indexOf("/"): null

13-01-2025T07:10:06 - [TEST_STEP][PASSED] - if (i1 > -1): null

13-01-2025T07:10:06 - [TEST_STEP][PASSED] - z = z.substring(0, i1): null

13-01-2025T07:10:06 - [TEST_STEP][PASSED] - z = z.replace(",", "."): null

13-01-2025T07:10:06 - [TEST_STEP][PASSED] - println(z): null

13-01-2025T07:10:06 - [TEST_STEP][PASSED] - x = x + "/" + z: null

13-01-2025T07:10:06 - [TEST_STEP][PASSED] - x = x.replaceAll("[\r?
|
]", ""): null

13-01-2025T07:10:06 - [TEST_STEP][PASSED] - println(x): null

13-01-2025T07:10:06 - [TEST_STEP][PASSED] - return x: null

13-01-2025T07:10:06 - [TEST_STEP][PASSED] - println("mB: " + mB): null

13-01-2025T07:10:06 - [TEST_STEP][PASSED] - i = VseDZO.indexOf("Кавказ"): null

13-01-2025T07:10:06 - [TEST_STEP][PASSED] - if (i > -1): null

13-01-2025T07:10:06 - [TEST_STEP][PASSED] - dZONum = dZONum + 1: null

13-01-2025T07:10:06 - [TEST_STEP][PASSED] - sKB = GetAllData(path, dZONum, VseDZO, x = "Россети Северный Кавказ (ГК)/"): null

13-01-2025T07:10:06 - [TEST_STEP][PASSED] - ii = <not implemented yet for class: org.codehaus.groovy.ast.expr.EmptyExpression>: null

13-01-2025T07:10:06 - [TEST_STEP][PASSED] - i1 = <not implemented yet for class: org.codehaus.groovy.ast.expr.EmptyExpression>: null

13-01-2025T07:10:06 - [TEST_STEP][PASSED] - z = <not implemented yet for class: org.codehaus.groovy.ast.expr.EmptyExpression>: null

13-01-2025T07:10:06 - [TEST_STEP][PASSED] - path2 = "Значения со страницы Выполнение бизнес-плана/Table Data/": null

13-01-2025T07:10:06 - [TEST_STEP][PASSED] - println("path: " + path): null

13-01-2025T07:10:06 - [TEST_STEP][PASSED] - println("dZONum: " + dZONum): null

13-01-2025T07:10:06 - [TEST_STEP][PASSED] - z = getText(findTestObject(path + "spanPlan" + dZONum)): Text of object 'Object Repository/Выполнение бизнес-плана/Выполнение бизнес-плана Балансы/spanPlan8' is: '23.32'

13-01-2025T07:10:06 - [MESSAGE][PASSED] - Text of object 'Object Repository/Выполнение бизнес-плана/Выполнение бизнес-плана Балансы/spanPlan8' is: '23.32'

13-01-2025T07:10:06 - [TEST_STEP][PASSED] - println(z): null

13-01-2025T07:10:06 - [TEST_STEP][PASSED] - ii = z.indexOf("|"): null

13-01-2025T07:10:06 - [TEST_STEP][PASSED] - if (ii > -1): null

13-01-2025T07:10:06 - [TEST_STEP][PASSED] - z = z.replaceAll("\s+", ""): null

13-01-2025T07:10:06 - [TEST_STEP][PASSED] - z = z.replace("[\r?
|
]", "/"): null

13-01-2025T07:10:06 - [TEST_STEP][PASSED] - println(z): null

13-01-2025T07:10:06 - [TEST_STEP][PASSED] - x = x + z: null

13-01-2025T07:10:06 - [TEST_STEP][PASSED] - z = getText(findTestObject(path + "spanFact" + dZONum)): Text of object 'Object Repository/Выполнение бизнес-плана/Выполнение бизнес-плана Балансы/spanFact8' is: '27.05
|'

13-01-2025T07:10:06 - [MESSAGE][PASSED] - Text of object 'Object Repository/Выполнение бизнес-плана/Выполнение бизнес-плана Балансы/spanFact8' is: '27.05
|'

13-01-2025T07:10:06 - [TEST_STEP][PASSED] - ii = z.indexOf("|"): null

13-01-2025T07:10:06 - [TEST_STEP][PASSED] - if (ii > -1): null

13-01-2025T07:10:06 - [TEST_STEP][PASSED] - z = length() - 1).replace("[\r?
|
]", "/"): null

13-01-2025T07:10:06 - [TEST_STEP][PASSED] - x = x + "/" + z: null

13-01-2025T07:10:06 - [TEST_STEP][PASSED] - z = getText(findTestObject(path + path2 + "Факт Отпуск в сеть за отчётный период " + dZONum)).replaceAll("\s+", ""): Text of object 'Object Repository/Выполнение бизнес-плана/Выполнение бизнес-плана Балансы/Значения со страницы Выполнение бизнес-плана/Table Data/Факт Отпуск в сеть за отчётный период 8' is: '20 498 248'

13-01-2025T07:10:06 - [MESSAGE][PASSED] - Text of object 'Object Repository/Выполнение бизнес-плана/Выполнение бизнес-плана Балансы/Значения со страницы Выполнение бизнес-плана/Table Data/Факт Отпуск в сеть за отчётный период 8' is: '20 498 248'

13-01-2025T07:10:06 - [TEST_STEP][PASSED] - x = x + "/" + z: null

13-01-2025T07:10:06 - [TEST_STEP][PASSED] - z = getText(findTestObject(path + path2 + "Факт Отпуск из сети за отчётный период " + dZONum)).replaceAll("\s+", ""): Text of object 'Object Repository/Выполнение бизнес-плана/Выполнение бизнес-плана Балансы/Значения со страницы Выполнение бизнес-плана/Table Data/Факт Отпуск из сети за отчётный период 8' is: '14 954 088'

13-01-2025T07:10:07 - [MESSAGE][PASSED] - Text of object 'Object Repository/Выполнение бизнес-плана/Выполнение бизнес-плана Балансы/Значения со страницы Выполнение бизнес-плана/Table Data/Факт Отпуск из сети за отчётный период 8' is: '14 954 088'

13-01-2025T07:10:07 - [TEST_STEP][PASSED] - x = x + "/" + z: null

13-01-2025T07:10:07 - [TEST_STEP][PASSED] - z = getText(findTestObject(path + path2 + "Факт Потери за отчётный период " + dZONum)).replaceAll("\s+", ""): Text of object 'Object Repository/Выполнение бизнес-плана/Выполнение бизнес-плана Балансы/Значения со страницы Выполнение бизнес-плана/Table Data/Факт Потери за отчётный период 8' is: '5 544 160'

13-01-2025T07:10:07 - [MESSAGE][PASSED] - Text of object 'Object Repository/Выполнение бизнес-плана/Выполнение бизнес-плана Балансы/Значения со страницы Выполнение бизнес-плана/Table Data/Факт Потери за отчётный период 8' is: '5 544 160'

13-01-2025T07:10:07 - [TEST_STEP][PASSED] - x = x + "/" + z: null

13-01-2025T07:10:07 - [TEST_STEP][PASSED] - z = getText(findTestObject(path + path2 + "План Отпуск в сеть за отчётный период " + dZONum)).replaceAll("\s+", ""): Text of object 'Object Repository/Выполнение бизнес-плана/Выполнение бизнес-плана Балансы/Значения со страницы Выполнение бизнес-плана/Table Data/План Отпуск в сеть за отчётный период 8' is: '1 131 004'

13-01-2025T07:10:07 - [MESSAGE][PASSED] - Text of object 'Object Repository/Выполнение бизнес-плана/Выполнение бизнес-плана Балансы/Значения со страницы Выполнение бизнес-плана/Table Data/План Отпуск в сеть за отчётный период 8' is: '1 131 004'

13-01-2025T07:10:07 - [TEST_STEP][PASSED] - if (z == ""): null

13-01-2025T07:10:07 - [TEST_STEP][PASSED] - x = x + "/" + z: null

13-01-2025T07:10:07 - [TEST_STEP][PASSED] - z = getText(findTestObject(path + path2 + "План Отпуск из сети за отчётный период " + dZONum)).replaceAll("\s+", ""): Text of object 'Object Repository/Выполнение бизнес-плана/Выполнение бизнес-плана Балансы/Значения со страницы Выполнение бизнес-плана/Table Data/План Отпуск из сети за отчётный период 8' is: ''

13-01-2025T07:10:08 - [MESSAGE][PASSED] - Text of object 'Object Repository/Выполнение бизнес-плана/Выполнение бизнес-плана Балансы/Значения со страницы Выполнение бизнес-плана/Table Data/План Отпуск из сети за отчётный период 8' is: ''

13-01-2025T07:10:08 - [TEST_STEP][PASSED] - if (z == ""): null

13-01-2025T07:10:08 - [TEST_STEP][PASSED] - z = "нет данных": null

13-01-2025T07:10:08 - [TEST_STEP][PASSED] - x = x + "/" + z: null

13-01-2025T07:10:08 - [TEST_STEP][PASSED] - z = getText(findTestObject(path + path2 + "План Потери за отчётный период " + dZONum)).replaceAll("\s+", ""): Text of object 'Object Repository/Выполнение бизнес-плана/Выполнение бизнес-плана Балансы/Значения со страницы Выполнение бизнес-плана/Table Data/План Потери за отчётный период 8' is: ''

13-01-2025T07:10:08 - [MESSAGE][PASSED] - Text of object 'Object Repository/Выполнение бизнес-плана/Выполнение бизнес-плана Балансы/Значения со страницы Выполнение бизнес-плана/Table Data/План Потери за отчётный период 8' is: ''

13-01-2025T07:10:08 - [TEST_STEP][PASSED] - if (z == ""): null

13-01-2025T07:10:08 - [TEST_STEP][PASSED] - z = "нет данных": null

13-01-2025T07:10:08 - [TEST_STEP][PASSED] - x = x + "/" + z: null

13-01-2025T07:10:08 - [TEST_STEP][PASSED] - z = getText(findTestObject(path + "Список ДЗО")).replaceAll("[\r?
|
]", "/"): Text of object 'Object Repository/Выполнение бизнес-плана/Выполнение бизнес-плана Балансы/Список ДЗО' is: '-0.22
-0.07
3.10
-0.38
-0.73
-0.02
0.19
3.73
-0.43
-0.05
-0.03
0.16
-0.17
-0.52
-0.27
-0.49
-0.02
Россети ФСКЕЭС
АО«Тываэнерго»
АО«Чеченэнерго»
РоссетиВолга
РоссетиКубань
РоссетиЛенэнерго(ГК)
РоссетиМосковскийрегион
РоссетиСеверныйКавказ
РоссетиСеверо-Запад
РоссетиСибирь
РоссетиТомск
РоссетиТюмень
Россети Урал(ГК)
РоссетиЦентр (ГК)
РоссетиЦентр иПриволжье(ГК)
Россети Юг(ГК)
РоссетиЯнтарь
-2
0
2
4
6
8'

13-01-2025T07:10:08 - [MESSAGE][PASSED] - Text of object 'Object Repository/Выполнение бизнес-плана/Выполнение бизнес-плана Балансы/Список ДЗО' is: '-0.22
-0.07
3.10
-0.38
-0.73
-0.02
0.19
3.73
-0.43
-0.05
-0.03
0.16
-0.17
-0.52
-0.27
-0.49
-0.02
Россети ФСКЕЭС
АО«Тываэнерго»
АО«Чеченэнерго»
РоссетиВолга
РоссетиКубань
РоссетиЛенэнерго(ГК)
РоссетиМосковскийрегион
РоссетиСеверныйКавказ
РоссетиСеверо-Запад
РоссетиСибирь
РоссетиТомск
РоссетиТюмень
Россети Урал(ГК)
РоссетиЦентр (ГК)
РоссетиЦентр иПриволжье(ГК)
Россети Юг(ГК)
РоссетиЯнтарь
-2
0
2
4
6
8'

13-01-2025T07:10:08 - [TEST_STEP][PASSED] - for ([ii = 1, ii < dZONum, (ii++)]): null

13-01-2025T07:10:08 - [TEST_STEP][PASSED] - i1 = z.indexOf("/") + 1: null

13-01-2025T07:10:08 - [TEST_STEP][PASSED] - if (i1 > -1): null

13-01-2025T07:10:08 - [TEST_STEP][PASSED] - z = z.substring(i1, z.length()): null

13-01-2025T07:10:08 - [TEST_STEP][PASSED] - i1 = z.indexOf("/"): null

13-01-2025T07:10:08 - [TEST_STEP][PASSED] - i1 = z.indexOf("/") + 1: null

13-01-2025T07:10:08 - [TEST_STEP][PASSED] - if (i1 > -1): null

13-01-2025T07:10:08 - [TEST_STEP][PASSED] - z = z.substring(i1, z.length()): null

13-01-2025T07:10:08 - [TEST_STEP][PASSED] - i1 = z.indexOf("/"): null

13-01-2025T07:10:08 - [TEST_STEP][PASSED] - i1 = z.indexOf("/") + 1: null

13-01-2025T07:10:08 - [TEST_STEP][PASSED] - if (i1 > -1): null

13-01-2025T07:10:08 - [TEST_STEP][PASSED] - z = z.substring(i1, z.length()): null

13-01-2025T07:10:08 - [TEST_STEP][PASSED] - i1 = z.indexOf("/"): null

13-01-2025T07:10:08 - [TEST_STEP][PASSED] - i1 = z.indexOf("/") + 1: null

13-01-2025T07:10:08 - [TEST_STEP][PASSED] - if (i1 > -1): null

13-01-2025T07:10:08 - [TEST_STEP][PASSED] - z = z.substring(i1, z.length()): null

13-01-2025T07:10:08 - [TEST_STEP][PASSED] - i1 = z.indexOf("/"): null

13-01-2025T07:10:08 - [TEST_STEP][PASSED] - i1 = z.indexOf("/") + 1: null

13-01-2025T07:10:08 - [TEST_STEP][PASSED] - if (i1 > -1): null

13-01-2025T07:10:08 - [TEST_STEP][PASSED] - z = z.substring(i1, z.length()): null

13-01-2025T07:10:08 - [TEST_STEP][PASSED] - i1 = z.indexOf("/"): null

13-01-2025T07:10:08 - [TEST_STEP][PASSED] - i1 = z.indexOf("/") + 1: null

13-01-2025T07:10:08 - [TEST_STEP][PASSED] - if (i1 > -1): null

13-01-2025T07:10:08 - [TEST_STEP][PASSED] - z = z.substring(i1, z.length()): null

13-01-2025T07:10:08 - [TEST_STEP][PASSED] - i1 = z.indexOf("/"): null

13-01-2025T07:10:08 - [TEST_STEP][PASSED] - i1 = z.indexOf("/") + 1: null

13-01-2025T07:10:08 - [TEST_STEP][PASSED] - if (i1 > -1): null

13-01-2025T07:10:08 - [TEST_STEP][PASSED] - z = z.substring(i1, z.length()): null

13-01-2025T07:10:08 - [TEST_STEP][PASSED] - i1 = z.indexOf("/"): null

13-01-2025T07:10:08 - [TEST_STEP][PASSED] - i1 = z.indexOf("/"): null

13-01-2025T07:10:08 - [TEST_STEP][PASSED] - if (i1 > -1): null

13-01-2025T07:10:08 - [TEST_STEP][PASSED] - z = z.substring(0, i1): null

13-01-2025T07:10:08 - [TEST_STEP][PASSED] - z = z.replace(",", "."): null

13-01-2025T07:10:08 - [TEST_STEP][PASSED] - println(z): null

13-01-2025T07:10:08 - [TEST_STEP][PASSED] - x = x + "/" + z: null

13-01-2025T07:10:08 - [TEST_STEP][PASSED] - x = x.replaceAll("[\r?
|
]", ""): null

13-01-2025T07:10:08 - [TEST_STEP][PASSED] - println(x): null

13-01-2025T07:10:08 - [TEST_STEP][PASSED] - return x: null

13-01-2025T07:10:08 - [TEST_STEP][PASSED] - println("sKB: " + sKB): null

13-01-2025T07:10:08 - [TEST_STEP][PASSED] - i = VseDZO.indexOf("Запад"): null

13-01-2025T07:10:08 - [TEST_STEP][PASSED] - if (i > -1): null

13-01-2025T07:10:08 - [TEST_STEP][PASSED] - dZONum = dZONum + 1: null

13-01-2025T07:10:08 - [TEST_STEP][PASSED] - sZB = GetAllData(path, dZONum, VseDZO, x = "Россети Северо-Запад/"): null

13-01-2025T07:10:08 - [TEST_STEP][PASSED] - ii = <not implemented yet for class: org.codehaus.groovy.ast.expr.EmptyExpression>: null

13-01-2025T07:10:08 - [TEST_STEP][PASSED] - i1 = <not implemented yet for class: org.codehaus.groovy.ast.expr.EmptyExpression>: null

13-01-2025T07:10:08 - [TEST_STEP][PASSED] - z = <not implemented yet for class: org.codehaus.groovy.ast.expr.EmptyExpression>: null

13-01-2025T07:10:08 - [TEST_STEP][PASSED] - path2 = "Значения со страницы Выполнение бизнес-плана/Table Data/": null

13-01-2025T07:10:08 - [TEST_STEP][PASSED] - println("path: " + path): null

13-01-2025T07:10:08 - [TEST_STEP][PASSED] - println("dZONum: " + dZONum): null

13-01-2025T07:10:08 - [TEST_STEP][PASSED] - z = getText(findTestObject(path + "spanPlan" + dZONum)): Text of object 'Object Repository/Выполнение бизнес-плана/Выполнение бизнес-плана Балансы/spanPlan9' is: '5.81
|'

13-01-2025T07:10:09 - [MESSAGE][PASSED] - Text of object 'Object Repository/Выполнение бизнес-плана/Выполнение бизнес-плана Балансы/spanPlan9' is: '5.81
|'

13-01-2025T07:10:09 - [TEST_STEP][PASSED] - println(z): null

13-01-2025T07:10:09 - [TEST_STEP][PASSED] - ii = z.indexOf("|"): null

13-01-2025T07:10:09 - [TEST_STEP][PASSED] - if (ii > -1): null

13-01-2025T07:10:09 - [TEST_STEP][PASSED] - z = z.substring(0, z.length() - 1): null

13-01-2025T07:10:09 - [TEST_STEP][PASSED] - println(z): null

13-01-2025T07:10:09 - [TEST_STEP][PASSED] - z = z.replaceAll("\s+", ""): null

13-01-2025T07:10:09 - [TEST_STEP][PASSED] - z = z.replace("[\r?
|
]", "/"): null

13-01-2025T07:10:09 - [TEST_STEP][PASSED] - println(z): null

13-01-2025T07:10:09 - [TEST_STEP][PASSED] - x = x + z: null

13-01-2025T07:10:09 - [TEST_STEP][PASSED] - z = getText(findTestObject(path + "spanFact" + dZONum)): Text of object 'Object Repository/Выполнение бизнес-плана/Выполнение бизнес-плана Балансы/spanFact9' is: '5.39'

13-01-2025T07:10:09 - [MESSAGE][PASSED] - Text of object 'Object Repository/Выполнение бизнес-плана/Выполнение бизнес-плана Балансы/spanFact9' is: '5.39'

13-01-2025T07:10:09 - [TEST_STEP][PASSED] - ii = z.indexOf("|"): null

13-01-2025T07:10:09 - [TEST_STEP][PASSED] - if (ii > -1): null

13-01-2025T07:10:09 - [TEST_STEP][PASSED] - x = x + "/" + z: null

13-01-2025T07:10:09 - [TEST_STEP][PASSED] - z = getText(findTestObject(path + path2 + "Факт Отпуск в сеть за отчётный период " + dZONum)).replaceAll("\s+", ""): Text of object 'Object Repository/Выполнение бизнес-плана/Выполнение бизнес-плана Балансы/Значения со страницы Выполнение бизнес-плана/Table Data/Факт Отпуск в сеть за отчётный период 9' is: '30 027 512'

13-01-2025T07:10:09 - [MESSAGE][PASSED] - Text of object 'Object Repository/Выполнение бизнес-плана/Выполнение бизнес-плана Балансы/Значения со страницы Выполнение бизнес-плана/Table Data/Факт Отпуск в сеть за отчётный период 9' is: '30 027 512'

13-01-2025T07:10:09 - [TEST_STEP][PASSED] - x = x + "/" + z: null

13-01-2025T07:10:09 - [TEST_STEP][PASSED] - z = getText(findTestObject(path + path2 + "Факт Отпуск из сети за отчётный период " + dZONum)).replaceAll("\s+", ""): Text of object 'Object Repository/Выполнение бизнес-плана/Выполнение бизнес-плана Балансы/Значения со страницы Выполнение бизнес-плана/Table Data/Факт Отпуск из сети за отчётный период 9' is: '28 409 686'

13-01-2025T07:10:10 - [MESSAGE][PASSED] - Text of object 'Object Repository/Выполнение бизнес-плана/Выполнение бизнес-плана Балансы/Значения со страницы Выполнение бизнес-плана/Table Data/Факт Отпуск из сети за отчётный период 9' is: '28 409 686'

13-01-2025T07:10:10 - [TEST_STEP][PASSED] - x = x + "/" + z: null

13-01-2025T07:10:10 - [TEST_STEP][PASSED] - z = getText(findTestObject(path + path2 + "Факт Потери за отчётный период " + dZONum)).replaceAll("\s+", ""): Text of object 'Object Repository/Выполнение бизнес-плана/Выполнение бизнес-плана Балансы/Значения со страницы Выполнение бизнес-плана/Table Data/Факт Потери за отчётный период 9' is: '1 617 826'

13-01-2025T07:10:10 - [MESSAGE][PASSED] - Text of object 'Object Repository/Выполнение бизнес-плана/Выполнение бизнес-плана Балансы/Значения со страницы Выполнение бизнес-плана/Table Data/Факт Потери за отчётный период 9' is: '1 617 826'

13-01-2025T07:10:10 - [TEST_STEP][PASSED] - x = x + "/" + z: null

13-01-2025T07:10:10 - [TEST_STEP][PASSED] - z = getText(findTestObject(path + path2 + "План Отпуск в сеть за отчётный период " + dZONum)).replaceAll("\s+", ""): Text of object 'Object Repository/Выполнение бизнес-плана/Выполнение бизнес-плана Балансы/Значения со страницы Выполнение бизнес-плана/Table Data/План Отпуск в сеть за отчётный период 9' is: '0'

13-01-2025T07:10:10 - [MESSAGE][PASSED] - Text of object 'Object Repository/Выполнение бизнес-плана/Выполнение бизнес-плана Балансы/Значения со страницы Выполнение бизнес-плана/Table Data/План Отпуск в сеть за отчётный период 9' is: '0'

13-01-2025T07:10:10 - [TEST_STEP][PASSED] - if (z == ""): null

13-01-2025T07:10:10 - [TEST_STEP][PASSED] - x = x + "/" + z: null

13-01-2025T07:10:10 - [TEST_STEP][PASSED] - z = getText(findTestObject(path + path2 + "План Отпуск из сети за отчётный период " + dZONum)).replaceAll("\s+", ""): Text of object 'Object Repository/Выполнение бизнес-плана/Выполнение бизнес-плана Балансы/Значения со страницы Выполнение бизнес-плана/Table Data/План Отпуск из сети за отчётный период 9' is: ''

13-01-2025T07:10:10 - [MESSAGE][PASSED] - Text of object 'Object Repository/Выполнение бизнес-плана/Выполнение бизнес-плана Балансы/Значения со страницы Выполнение бизнес-плана/Table Data/План Отпуск из сети за отчётный период 9' is: ''

13-01-2025T07:10:10 - [TEST_STEP][PASSED] - if (z == ""): null

13-01-2025T07:10:10 - [TEST_STEP][PASSED] - z = "нет данных": null

13-01-2025T07:10:10 - [TEST_STEP][PASSED] - x = x + "/" + z: null

13-01-2025T07:10:10 - [TEST_STEP][PASSED] - z = getText(findTestObject(path + path2 + "План Потери за отчётный период " + dZONum)).replaceAll("\s+", ""): Text of object 'Object Repository/Выполнение бизнес-плана/Выполнение бизнес-плана Балансы/Значения со страницы Выполнение бизнес-плана/Table Data/План Потери за отчётный период 9' is: ''

13-01-2025T07:10:11 - [MESSAGE][PASSED] - Text of object 'Object Repository/Выполнение бизнес-плана/Выполнение бизнес-плана Балансы/Значения со страницы Выполнение бизнес-плана/Table Data/План Потери за отчётный период 9' is: ''

13-01-2025T07:10:11 - [TEST_STEP][PASSED] - if (z == ""): null

13-01-2025T07:10:11 - [TEST_STEP][PASSED] - z = "нет данных": null

13-01-2025T07:10:11 - [TEST_STEP][PASSED] - x = x + "/" + z: null

13-01-2025T07:10:11 - [TEST_STEP][PASSED] - z = getText(findTestObject(path + "Список ДЗО")).replaceAll("[\r?
|
]", "/"): Text of object 'Object Repository/Выполнение бизнес-плана/Выполнение бизнес-плана Балансы/Список ДЗО' is: '-0.22
-0.07
3.10
-0.38
-0.73
-0.02
0.19
3.73
-0.43
-0.05
-0.03
0.16
-0.17
-0.52
-0.27
-0.49
-0.02
Россети ФСКЕЭС
АО«Тываэнерго»
АО«Чеченэнерго»
РоссетиВолга
РоссетиКубань
РоссетиЛенэнерго(ГК)
РоссетиМосковскийрегион
РоссетиСеверныйКавказ
РоссетиСеверо-Запад
РоссетиСибирь
РоссетиТомск
РоссетиТюмень
Россети Урал(ГК)
РоссетиЦентр (ГК)
РоссетиЦентр иПриволжье(ГК)
Россети Юг(ГК)
РоссетиЯнтарь
-2
0
2
4
6
8'

13-01-2025T07:10:11 - [MESSAGE][PASSED] - Text of object 'Object Repository/Выполнение бизнес-плана/Выполнение бизнес-плана Балансы/Список ДЗО' is: '-0.22
-0.07
3.10
-0.38
-0.73
-0.02
0.19
3.73
-0.43
-0.05
-0.03
0.16
-0.17
-0.52
-0.27
-0.49
-0.02
Россети ФСКЕЭС
АО«Тываэнерго»
АО«Чеченэнерго»
РоссетиВолга
РоссетиКубань
РоссетиЛенэнерго(ГК)
РоссетиМосковскийрегион
РоссетиСеверныйКавказ
РоссетиСеверо-Запад
РоссетиСибирь
РоссетиТомск
РоссетиТюмень
Россети Урал(ГК)
РоссетиЦентр (ГК)
РоссетиЦентр иПриволжье(ГК)
Россети Юг(ГК)
РоссетиЯнтарь
-2
0
2
4
6
8'

13-01-2025T07:10:11 - [TEST_STEP][PASSED] - for ([ii = 1, ii < dZONum, (ii++)]): null

13-01-2025T07:10:11 - [TEST_STEP][PASSED] - i1 = z.indexOf("/") + 1: null

13-01-2025T07:10:11 - [TEST_STEP][PASSED] - if (i1 > -1): null

13-01-2025T07:10:11 - [TEST_STEP][PASSED] - z = z.substring(i1, z.length()): null

13-01-2025T07:10:11 - [TEST_STEP][PASSED] - i1 = z.indexOf("/"): null

13-01-2025T07:10:11 - [TEST_STEP][PASSED] - i1 = z.indexOf("/") + 1: null

13-01-2025T07:10:11 - [TEST_STEP][PASSED] - if (i1 > -1): null

13-01-2025T07:10:11 - [TEST_STEP][PASSED] - z = z.substring(i1, z.length()): null

13-01-2025T07:10:11 - [TEST_STEP][PASSED] - i1 = z.indexOf("/"): null

13-01-2025T07:10:11 - [TEST_STEP][PASSED] - i1 = z.indexOf("/") + 1: null

13-01-2025T07:10:11 - [TEST_STEP][PASSED] - if (i1 > -1): null

13-01-2025T07:10:11 - [TEST_STEP][PASSED] - z = z.substring(i1, z.length()): null

13-01-2025T07:10:11 - [TEST_STEP][PASSED] - i1 = z.indexOf("/"): null

13-01-2025T07:10:11 - [TEST_STEP][PASSED] - i1 = z.indexOf("/") + 1: null

13-01-2025T07:10:11 - [TEST_STEP][PASSED] - if (i1 > -1): null

13-01-2025T07:10:11 - [TEST_STEP][PASSED] - z = z.substring(i1, z.length()): null

13-01-2025T07:10:11 - [TEST_STEP][PASSED] - i1 = z.indexOf("/"): null

13-01-2025T07:10:11 - [TEST_STEP][PASSED] - i1 = z.indexOf("/") + 1: null

13-01-2025T07:10:11 - [TEST_STEP][PASSED] - if (i1 > -1): null

13-01-2025T07:10:11 - [TEST_STEP][PASSED] - z = z.substring(i1, z.length()): null

13-01-2025T07:10:11 - [TEST_STEP][PASSED] - i1 = z.indexOf("/"): null

13-01-2025T07:10:11 - [TEST_STEP][PASSED] - i1 = z.indexOf("/") + 1: null

13-01-2025T07:10:11 - [TEST_STEP][PASSED] - if (i1 > -1): null

13-01-2025T07:10:11 - [TEST_STEP][PASSED] - z = z.substring(i1, z.length()): null

13-01-2025T07:10:11 - [TEST_STEP][PASSED] - i1 = z.indexOf("/"): null

13-01-2025T07:10:11 - [TEST_STEP][PASSED] - i1 = z.indexOf("/") + 1: null

13-01-2025T07:10:11 - [TEST_STEP][PASSED] - if (i1 > -1): null

13-01-2025T07:10:11 - [TEST_STEP][PASSED] - z = z.substring(i1, z.length()): null

13-01-2025T07:10:11 - [TEST_STEP][PASSED] - i1 = z.indexOf("/"): null

13-01-2025T07:10:11 - [TEST_STEP][PASSED] - i1 = z.indexOf("/") + 1: null

13-01-2025T07:10:11 - [TEST_STEP][PASSED] - if (i1 > -1): null

13-01-2025T07:10:11 - [TEST_STEP][PASSED] - z = z.substring(i1, z.length()): null

13-01-2025T07:10:11 - [TEST_STEP][PASSED] - i1 = z.indexOf("/"): null

13-01-2025T07:10:11 - [TEST_STEP][PASSED] - i1 = z.indexOf("/"): null

13-01-2025T07:10:11 - [TEST_STEP][PASSED] - if (i1 > -1): null

13-01-2025T07:10:11 - [TEST_STEP][PASSED] - z = z.substring(0, i1): null

13-01-2025T07:10:11 - [TEST_STEP][PASSED] - z = z.replace(",", "."): null

13-01-2025T07:10:11 - [TEST_STEP][PASSED] - println(z): null

13-01-2025T07:10:11 - [TEST_STEP][PASSED] - x = x + "/" + z: null

13-01-2025T07:10:11 - [TEST_STEP][PASSED] - x = x.replaceAll("[\r?
|
]", ""): null

13-01-2025T07:10:11 - [TEST_STEP][PASSED] - println(x): null

13-01-2025T07:10:11 - [TEST_STEP][PASSED] - return x: null

13-01-2025T07:10:11 - [TEST_STEP][PASSED] - println("sZB: " + sZB): null

13-01-2025T07:10:11 - [TEST_STEP][PASSED] - i = VseDZO.indexOf("Сибирь"): null

13-01-2025T07:10:11 - [TEST_STEP][PASSED] - if (i > -1): null

13-01-2025T07:10:11 - [TEST_STEP][PASSED] - dZONum = dZONum + 1: null

13-01-2025T07:10:11 - [TEST_STEP][PASSED] - siB = GetAllData(path, dZONum, VseDZO, x = "Россети Сибирь (ГК)/"): null

13-01-2025T07:10:11 - [TEST_STEP][PASSED] - ii = <not implemented yet for class: org.codehaus.groovy.ast.expr.EmptyExpression>: null

13-01-2025T07:10:11 - [TEST_STEP][PASSED] - i1 = <not implemented yet for class: org.codehaus.groovy.ast.expr.EmptyExpression>: null

13-01-2025T07:10:11 - [TEST_STEP][PASSED] - z = <not implemented yet for class: org.codehaus.groovy.ast.expr.EmptyExpression>: null

13-01-2025T07:10:11 - [TEST_STEP][PASSED] - path2 = "Значения со страницы Выполнение бизнес-плана/Table Data/": null

13-01-2025T07:10:11 - [TEST_STEP][PASSED] - println("path: " + path): null

13-01-2025T07:10:11 - [TEST_STEP][PASSED] - println("dZONum: " + dZONum): null

13-01-2025T07:10:11 - [TEST_STEP][PASSED] - z = getText(findTestObject(path + "spanPlan" + dZONum)): Text of object 'Object Repository/Выполнение бизнес-плана/Выполнение бизнес-плана Балансы/spanPlan10' is: '7.14
|'

13-01-2025T07:10:11 - [MESSAGE][PASSED] - Text of object 'Object Repository/Выполнение бизнес-плана/Выполнение бизнес-плана Балансы/spanPlan10' is: '7.14
|'

13-01-2025T07:10:11 - [TEST_STEP][PASSED] - println(z): null

13-01-2025T07:10:11 - [TEST_STEP][PASSED] - ii = z.indexOf("|"): null

13-01-2025T07:10:11 - [TEST_STEP][PASSED] - if (ii > -1): null

13-01-2025T07:10:11 - [TEST_STEP][PASSED] - z = z.substring(0, z.length() - 1): null

13-01-2025T07:10:11 - [TEST_STEP][PASSED] - println(z): null

13-01-2025T07:10:11 - [TEST_STEP][PASSED] - z = z.replaceAll("\s+", ""): null

13-01-2025T07:10:11 - [TEST_STEP][PASSED] - z = z.replace("[\r?
|
]", "/"): null

13-01-2025T07:10:11 - [TEST_STEP][PASSED] - println(z): null

13-01-2025T07:10:11 - [TEST_STEP][PASSED] - x = x + z: null

13-01-2025T07:10:11 - [TEST_STEP][PASSED] - z = getText(findTestObject(path + "spanFact" + dZONum)): Text of object 'Object Repository/Выполнение бизнес-плана/Выполнение бизнес-плана Балансы/spanFact10' is: '7.09'

13-01-2025T07:10:12 - [MESSAGE][PASSED] - Text of object 'Object Repository/Выполнение бизнес-плана/Выполнение бизнес-плана Балансы/spanFact10' is: '7.09'

13-01-2025T07:10:12 - [TEST_STEP][PASSED] - ii = z.indexOf("|"): null

13-01-2025T07:10:12 - [TEST_STEP][PASSED] - if (ii > -1): null

13-01-2025T07:10:12 - [TEST_STEP][PASSED] - x = x + "/" + z: null

13-01-2025T07:10:12 - [TEST_STEP][PASSED] - z = getText(findTestObject(path + path2 + "Факт Отпуск в сеть за отчётный период " + dZONum)).replaceAll("\s+", ""): Text of object 'Object Repository/Выполнение бизнес-плана/Выполнение бизнес-плана Балансы/Значения со страницы Выполнение бизнес-плана/Table Data/Факт Отпуск в сеть за отчётный период 10' is: '52 412 668'

13-01-2025T07:10:12 - [MESSAGE][PASSED] - Text of object 'Object Repository/Выполнение бизнес-плана/Выполнение бизнес-плана Балансы/Значения со страницы Выполнение бизнес-плана/Table Data/Факт Отпуск в сеть за отчётный период 10' is: '52 412 668'

13-01-2025T07:10:12 - [TEST_STEP][PASSED] - x = x + "/" + z: null

13-01-2025T07:10:12 - [TEST_STEP][PASSED] - z = getText(findTestObject(path + path2 + "Факт Отпуск из сети за отчётный период " + dZONum)).replaceAll("\s+", ""): Text of object 'Object Repository/Выполнение бизнес-плана/Выполнение бизнес-плана Балансы/Значения со страницы Выполнение бизнес-плана/Table Data/Факт Отпуск из сети за отчётный период 10' is: '48 697 705'

13-01-2025T07:10:12 - [MESSAGE][PASSED] - Text of object 'Object Repository/Выполнение бизнес-плана/Выполнение бизнес-плана Балансы/Значения со страницы Выполнение бизнес-плана/Table Data/Факт Отпуск из сети за отчётный период 10' is: '48 697 705'

13-01-2025T07:10:12 - [TEST_STEP][PASSED] - x = x + "/" + z: null

13-01-2025T07:10:12 - [TEST_STEP][PASSED] - z = getText(findTestObject(path + path2 + "Факт Потери за отчётный период " + dZONum)).replaceAll("\s+", ""): Text of object 'Object Repository/Выполнение бизнес-плана/Выполнение бизнес-плана Балансы/Значения со страницы Выполнение бизнес-плана/Table Data/Факт Потери за отчётный период 10' is: '3 714 964'

13-01-2025T07:10:13 - [MESSAGE][PASSED] - Text of object 'Object Repository/Выполнение бизнес-плана/Выполнение бизнес-плана Балансы/Значения со страницы Выполнение бизнес-плана/Table Data/Факт Потери за отчётный период 10' is: '3 714 964'

13-01-2025T07:10:13 - [TEST_STEP][PASSED] - x = x + "/" + z: null

13-01-2025T07:10:13 - [TEST_STEP][PASSED] - z = getText(findTestObject(path + path2 + "План Отпуск в сеть за отчётный период " + dZONum)).replaceAll("\s+", ""): Text of object 'Object Repository/Выполнение бизнес-плана/Выполнение бизнес-плана Балансы/Значения со страницы Выполнение бизнес-плана/Table Data/План Отпуск в сеть за отчётный период 10' is: '0'

13-01-2025T07:10:13 - [MESSAGE][PASSED] - Text of object 'Object Repository/Выполнение бизнес-плана/Выполнение бизнес-плана Балансы/Значения со страницы Выполнение бизнес-плана/Table Data/План Отпуск в сеть за отчётный период 10' is: '0'

13-01-2025T07:10:13 - [TEST_STEP][PASSED] - if (z == ""): null

13-01-2025T07:10:13 - [TEST_STEP][PASSED] - x = x + "/" + z: null

13-01-2025T07:10:13 - [TEST_STEP][PASSED] - z = getText(findTestObject(path + path2 + "План Отпуск из сети за отчётный период " + dZONum)).replaceAll("\s+", ""): Text of object 'Object Repository/Выполнение бизнес-плана/Выполнение бизнес-плана Балансы/Значения со страницы Выполнение бизнес-плана/Table Data/План Отпуск из сети за отчётный период 10' is: ''

13-01-2025T07:10:13 - [MESSAGE][PASSED] - Text of object 'Object Repository/Выполнение бизнес-плана/Выполнение бизнес-плана Балансы/Значения со страницы Выполнение бизнес-плана/Table Data/План Отпуск из сети за отчётный период 10' is: ''

13-01-2025T07:10:13 - [TEST_STEP][PASSED] - if (z == ""): null

13-01-2025T07:10:13 - [TEST_STEP][PASSED] - z = "нет данных": null

13-01-2025T07:10:13 - [TEST_STEP][PASSED] - x = x + "/" + z: null

13-01-2025T07:10:13 - [TEST_STEP][PASSED] - z = getText(findTestObject(path + path2 + "План Потери за отчётный период " + dZONum)).replaceAll("\s+", ""): Text of object 'Object Repository/Выполнение бизнес-плана/Выполнение бизнес-плана Балансы/Значения со страницы Выполнение бизнес-плана/Table Data/План Потери за отчётный период 10' is: ''

13-01-2025T07:10:13 - [MESSAGE][PASSED] - Text of object 'Object Repository/Выполнение бизнес-плана/Выполнение бизнес-плана Балансы/Значения со страницы Выполнение бизнес-плана/Table Data/План Потери за отчётный период 10' is: ''

13-01-2025T07:10:13 - [TEST_STEP][PASSED] - if (z == ""): null

13-01-2025T07:10:13 - [TEST_STEP][PASSED] - z = "нет данных": null

13-01-2025T07:10:13 - [TEST_STEP][PASSED] - x = x + "/" + z: null

13-01-2025T07:10:13 - [TEST_STEP][PASSED] - z = getText(findTestObject(path + "Список ДЗО")).replaceAll("[\r?
|
]", "/"): Text of object 'Object Repository/Выполнение бизнес-плана/Выполнение бизнес-плана Балансы/Список ДЗО' is: '-0.22
-0.07
3.10
-0.38
-0.73
-0.02
0.19
3.73
-0.43
-0.05
-0.03
0.16
-0.17
-0.52
-0.27
-0.49
-0.02
Россети ФСКЕЭС
АО«Тываэнерго»
АО«Чеченэнерго»
РоссетиВолга
РоссетиКубань
РоссетиЛенэнерго(ГК)
РоссетиМосковскийрегион
РоссетиСеверныйКавказ
РоссетиСеверо-Запад
РоссетиСибирь
РоссетиТомск
РоссетиТюмень
Россети Урал(ГК)
РоссетиЦентр (ГК)
РоссетиЦентр иПриволжье(ГК)
Россети Юг(ГК)
РоссетиЯнтарь
-2
0
2
4
6
8'

13-01-2025T07:10:14 - [MESSAGE][PASSED] - Text of object 'Object Repository/Выполнение бизнес-плана/Выполнение бизнес-плана Балансы/Список ДЗО' is: '-0.22
-0.07
3.10
-0.38
-0.73
-0.02
0.19
3.73
-0.43
-0.05
-0.03
0.16
-0.17
-0.52
-0.27
-0.49
-0.02
Россети ФСКЕЭС
АО«Тываэнерго»
АО«Чеченэнерго»
РоссетиВолга
РоссетиКубань
РоссетиЛенэнерго(ГК)
РоссетиМосковскийрегион
РоссетиСеверныйКавказ
РоссетиСеверо-Запад
РоссетиСибирь
РоссетиТомск
РоссетиТюмень
Россети Урал(ГК)
РоссетиЦентр (ГК)
РоссетиЦентр иПриволжье(ГК)
Россети Юг(ГК)
РоссетиЯнтарь
-2
0
2
4
6
8'

13-01-2025T07:10:14 - [TEST_STEP][PASSED] - for ([ii = 1, ii < dZONum, (ii++)]): null

13-01-2025T07:10:14 - [TEST_STEP][PASSED] - i1 = z.indexOf("/") + 1: null

13-01-2025T07:10:14 - [TEST_STEP][PASSED] - if (i1 > -1): null

13-01-2025T07:10:14 - [TEST_STEP][PASSED] - z = z.substring(i1, z.length()): null

13-01-2025T07:10:14 - [TEST_STEP][PASSED] - i1 = z.indexOf("/"): null

13-01-2025T07:10:14 - [TEST_STEP][PASSED] - i1 = z.indexOf("/") + 1: null

13-01-2025T07:10:14 - [TEST_STEP][PASSED] - if (i1 > -1): null

13-01-2025T07:10:14 - [TEST_STEP][PASSED] - z = z.substring(i1, z.length()): null

13-01-2025T07:10:14 - [TEST_STEP][PASSED] - i1 = z.indexOf("/"): null

13-01-2025T07:10:14 - [TEST_STEP][PASSED] - i1 = z.indexOf("/") + 1: null

13-01-2025T07:10:14 - [TEST_STEP][PASSED] - if (i1 > -1): null

13-01-2025T07:10:14 - [TEST_STEP][PASSED] - z = z.substring(i1, z.length()): null

13-01-2025T07:10:14 - [TEST_STEP][PASSED] - i1 = z.indexOf("/"): null

13-01-2025T07:10:14 - [TEST_STEP][PASSED] - i1 = z.indexOf("/") + 1: null

13-01-2025T07:10:14 - [TEST_STEP][PASSED] - if (i1 > -1): null

13-01-2025T07:10:14 - [TEST_STEP][PASSED] - z = z.substring(i1, z.length()): null

13-01-2025T07:10:14 - [TEST_STEP][PASSED] - i1 = z.indexOf("/"): null

13-01-2025T07:10:14 - [TEST_STEP][PASSED] - i1 = z.indexOf("/") + 1: null

13-01-2025T07:10:14 - [TEST_STEP][PASSED] - if (i1 > -1): null

13-01-2025T07:10:14 - [TEST_STEP][PASSED] - z = z.substring(i1, z.length()): null

13-01-2025T07:10:14 - [TEST_STEP][PASSED] - i1 = z.indexOf("/"): null

13-01-2025T07:10:14 - [TEST_STEP][PASSED] - i1 = z.indexOf("/") + 1: null

13-01-2025T07:10:14 - [TEST_STEP][PASSED] - if (i1 > -1): null

13-01-2025T07:10:14 - [TEST_STEP][PASSED] - z = z.substring(i1, z.length()): null

13-01-2025T07:10:14 - [TEST_STEP][PASSED] - i1 = z.indexOf("/"): null

13-01-2025T07:10:14 - [TEST_STEP][PASSED] - i1 = z.indexOf("/") + 1: null

13-01-2025T07:10:14 - [TEST_STEP][PASSED] - if (i1 > -1): null

13-01-2025T07:10:14 - [TEST_STEP][PASSED] - z = z.substring(i1, z.length()): null

13-01-2025T07:10:14 - [TEST_STEP][PASSED] - i1 = z.indexOf("/"): null

13-01-2025T07:10:14 - [TEST_STEP][PASSED] - i1 = z.indexOf("/") + 1: null

13-01-2025T07:10:14 - [TEST_STEP][PASSED] - if (i1 > -1): null

13-01-2025T07:10:14 - [TEST_STEP][PASSED] - z = z.substring(i1, z.length()): null

13-01-2025T07:10:14 - [TEST_STEP][PASSED] - i1 = z.indexOf("/"): null

13-01-2025T07:10:14 - [TEST_STEP][PASSED] - i1 = z.indexOf("/") + 1: null

13-01-2025T07:10:14 - [TEST_STEP][PASSED] - if (i1 > -1): null

13-01-2025T07:10:14 - [TEST_STEP][PASSED] - z = z.substring(i1, z.length()): null

13-01-2025T07:10:14 - [TEST_STEP][PASSED] - i1 = z.indexOf("/"): null

13-01-2025T07:10:14 - [TEST_STEP][PASSED] - i1 = z.indexOf("/"): null

13-01-2025T07:10:14 - [TEST_STEP][PASSED] - if (i1 > -1): null

13-01-2025T07:10:14 - [TEST_STEP][PASSED] - z = z.substring(0, i1): null

13-01-2025T07:10:14 - [TEST_STEP][PASSED] - z = z.replace(",", "."): null

13-01-2025T07:10:14 - [TEST_STEP][PASSED] - println(z): null

13-01-2025T07:10:14 - [TEST_STEP][PASSED] - x = x + "/" + z: null

13-01-2025T07:10:14 - [TEST_STEP][PASSED] - x = x.replaceAll("[\r?
|
]", ""): null

13-01-2025T07:10:14 - [TEST_STEP][PASSED] - println(x): null

13-01-2025T07:10:14 - [TEST_STEP][PASSED] - return x: null

13-01-2025T07:10:14 - [TEST_STEP][PASSED] - println("siB: " + siB): null

13-01-2025T07:10:14 - [TEST_STEP][PASSED] - i = VseDZO.indexOf("Томск"): null

13-01-2025T07:10:14 - [TEST_STEP][PASSED] - if (i > -1): null

13-01-2025T07:10:14 - [TEST_STEP][PASSED] - dZONum = dZONum + 1: null

13-01-2025T07:10:14 - [TEST_STEP][PASSED] - tomB = GetAllData(path, dZONum, VseDZO, x = "Россети Томск/"): null

13-01-2025T07:10:14 - [TEST_STEP][PASSED] - ii = <not implemented yet for class: org.codehaus.groovy.ast.expr.EmptyExpression>: null

13-01-2025T07:10:14 - [TEST_STEP][PASSED] - i1 = <not implemented yet for class: org.codehaus.groovy.ast.expr.EmptyExpression>: null

13-01-2025T07:10:14 - [TEST_STEP][PASSED] - z = <not implemented yet for class: org.codehaus.groovy.ast.expr.EmptyExpression>: null

13-01-2025T07:10:14 - [TEST_STEP][PASSED] - path2 = "Значения со страницы Выполнение бизнес-плана/Table Data/": null

13-01-2025T07:10:14 - [TEST_STEP][PASSED] - println("path: " + path): null

13-01-2025T07:10:14 - [TEST_STEP][PASSED] - println("dZONum: " + dZONum): null

13-01-2025T07:10:14 - [TEST_STEP][PASSED] - z = getText(findTestObject(path + "spanPlan" + dZONum)): Text of object 'Object Repository/Выполнение бизнес-плана/Выполнение бизнес-плана Балансы/spanPlan11' is: '8.61
|'

13-01-2025T07:10:14 - [MESSAGE][PASSED] - Text of object 'Object Repository/Выполнение бизнес-плана/Выполнение бизнес-плана Балансы/spanPlan11' is: '8.61
|'

13-01-2025T07:10:14 - [TEST_STEP][PASSED] - println(z): null

13-01-2025T07:10:14 - [TEST_STEP][PASSED] - ii = z.indexOf("|"): null

13-01-2025T07:10:14 - [TEST_STEP][PASSED] - if (ii > -1): null

13-01-2025T07:10:14 - [TEST_STEP][PASSED] - z = z.substring(0, z.length() - 1): null

13-01-2025T07:10:14 - [TEST_STEP][PASSED] - println(z): null

13-01-2025T07:10:14 - [TEST_STEP][PASSED] - z = z.replaceAll("\s+", ""): null

13-01-2025T07:10:14 - [TEST_STEP][PASSED] - z = z.replace("[\r?
|
]", "/"): null

13-01-2025T07:10:14 - [TEST_STEP][PASSED] - println(z): null

13-01-2025T07:10:14 - [TEST_STEP][PASSED] - x = x + z: null

13-01-2025T07:10:14 - [TEST_STEP][PASSED] - z = getText(findTestObject(path + "spanFact" + dZONum)): Text of object 'Object Repository/Выполнение бизнес-плана/Выполнение бизнес-плана Балансы/spanFact11' is: '8.58'

13-01-2025T07:10:14 - [MESSAGE][PASSED] - Text of object 'Object Repository/Выполнение бизнес-плана/Выполнение бизнес-плана Балансы/spanFact11' is: '8.58'

13-01-2025T07:10:14 - [TEST_STEP][PASSED] - ii = z.indexOf("|"): null

13-01-2025T07:10:14 - [TEST_STEP][PASSED] - if (ii > -1): null

13-01-2025T07:10:14 - [TEST_STEP][PASSED] - x = x + "/" + z: null

13-01-2025T07:10:14 - [TEST_STEP][PASSED] - z = getText(findTestObject(path + path2 + "Факт Отпуск в сеть за отчётный период " + dZONum)).replaceAll("\s+", ""): Text of object 'Object Repository/Выполнение бизнес-плана/Выполнение бизнес-плана Балансы/Значения со страницы Выполнение бизнес-плана/Table Data/Факт Отпуск в сеть за отчётный период 11' is: '4 685 132'

13-01-2025T07:10:15 - [MESSAGE][PASSED] - Text of object 'Object Repository/Выполнение бизнес-плана/Выполнение бизнес-плана Балансы/Значения со страницы Выполнение бизнес-плана/Table Data/Факт Отпуск в сеть за отчётный период 11' is: '4 685 132'

13-01-2025T07:10:15 - [TEST_STEP][PASSED] - x = x + "/" + z: null

13-01-2025T07:10:15 - [TEST_STEP][PASSED] - z = getText(findTestObject(path + path2 + "Факт Отпуск из сети за отчётный период " + dZONum)).replaceAll("\s+", ""): Text of object 'Object Repository/Выполнение бизнес-плана/Выполнение бизнес-плана Балансы/Значения со страницы Выполнение бизнес-плана/Table Data/Факт Отпуск из сети за отчётный период 11' is: '4 283 226'

13-01-2025T07:10:15 - [MESSAGE][PASSED] - Text of object 'Object Repository/Выполнение бизнес-плана/Выполнение бизнес-плана Балансы/Значения со страницы Выполнение бизнес-плана/Table Data/Факт Отпуск из сети за отчётный период 11' is: '4 283 226'

13-01-2025T07:10:15 - [TEST_STEP][PASSED] - x = x + "/" + z: null

13-01-2025T07:10:15 - [TEST_STEP][PASSED] - z = getText(findTestObject(path + path2 + "Факт Потери за отчётный период " + dZONum)).replaceAll("\s+", ""): Text of object 'Object Repository/Выполнение бизнес-плана/Выполнение бизнес-плана Балансы/Значения со страницы Выполнение бизнес-плана/Table Data/Факт Потери за отчётный период 11' is: '401 906'

13-01-2025T07:10:15 - [MESSAGE][PASSED] - Text of object 'Object Repository/Выполнение бизнес-плана/Выполнение бизнес-плана Балансы/Значения со страницы Выполнение бизнес-плана/Table Data/Факт Потери за отчётный период 11' is: '401 906'

13-01-2025T07:10:15 - [TEST_STEP][PASSED] - x = x + "/" + z: null

13-01-2025T07:10:15 - [TEST_STEP][PASSED] - z = getText(findTestObject(path + path2 + "План Отпуск в сеть за отчётный период " + dZONum)).replaceAll("\s+", ""): Text of object 'Object Repository/Выполнение бизнес-плана/Выполнение бизнес-плана Балансы/Значения со страницы Выполнение бизнес-плана/Table Data/План Отпуск в сеть за отчётный период 11' is: '0'

13-01-2025T07:10:16 - [MESSAGE][PASSED] - Text of object 'Object Repository/Выполнение бизнес-плана/Выполнение бизнес-плана Балансы/Значения со страницы Выполнение бизнес-плана/Table Data/План Отпуск в сеть за отчётный период 11' is: '0'

13-01-2025T07:10:16 - [TEST_STEP][PASSED] - if (z == ""): null

13-01-2025T07:10:16 - [TEST_STEP][PASSED] - x = x + "/" + z: null

13-01-2025T07:10:16 - [TEST_STEP][PASSED] - z = getText(findTestObject(path + path2 + "План Отпуск из сети за отчётный период " + dZONum)).replaceAll("\s+", ""): Text of object 'Object Repository/Выполнение бизнес-плана/Выполнение бизнес-плана Балансы/Значения со страницы Выполнение бизнес-плана/Table Data/План Отпуск из сети за отчётный период 11' is: ''

13-01-2025T07:10:16 - [MESSAGE][PASSED] - Text of object 'Object Repository/Выполнение бизнес-плана/Выполнение бизнес-плана Балансы/Значения со страницы Выполнение бизнес-плана/Table Data/План Отпуск из сети за отчётный период 11' is: ''

13-01-2025T07:10:16 - [TEST_STEP][PASSED] - if (z == ""): null

13-01-2025T07:10:16 - [TEST_STEP][PASSED] - z = "нет данных": null

13-01-2025T07:10:16 - [TEST_STEP][PASSED] - x = x + "/" + z: null

13-01-2025T07:10:16 - [TEST_STEP][PASSED] - z = getText(findTestObject(path + path2 + "План Потери за отчётный период " + dZONum)).replaceAll("\s+", ""): Text of object 'Object Repository/Выполнение бизнес-плана/Выполнение бизнес-плана Балансы/Значения со страницы Выполнение бизнес-плана/Table Data/План Потери за отчётный период 11' is: ''

13-01-2025T07:10:16 - [MESSAGE][PASSED] - Text of object 'Object Repository/Выполнение бизнес-плана/Выполнение бизнес-плана Балансы/Значения со страницы Выполнение бизнес-плана/Table Data/План Потери за отчётный период 11' is: ''

13-01-2025T07:10:16 - [TEST_STEP][PASSED] - if (z == ""): null

13-01-2025T07:10:16 - [TEST_STEP][PASSED] - z = "нет данных": null

13-01-2025T07:10:16 - [TEST_STEP][PASSED] - x = x + "/" + z: null

13-01-2025T07:10:16 - [TEST_STEP][PASSED] - z = getText(findTestObject(path + "Список ДЗО")).replaceAll("[\r?
|
]", "/"): Text of object 'Object Repository/Выполнение бизнес-плана/Выполнение бизнес-плана Балансы/Список ДЗО' is: '-0.22
-0.07
3.10
-0.38
-0.73
-0.02
0.19
3.73
-0.43
-0.05
-0.03
0.16
-0.17
-0.52
-0.27
-0.49
-0.02
Россети ФСКЕЭС
АО«Тываэнерго»
АО«Чеченэнерго»
РоссетиВолга
РоссетиКубань
РоссетиЛенэнерго(ГК)
РоссетиМосковскийрегион
РоссетиСеверныйКавказ
РоссетиСеверо-Запад
РоссетиСибирь
РоссетиТомск
РоссетиТюмень
Россети Урал(ГК)
РоссетиЦентр (ГК)
РоссетиЦентр иПриволжье(ГК)
Россети Юг(ГК)
РоссетиЯнтарь
-2
0
2
4
6
8'

13-01-2025T07:10:17 - [MESSAGE][PASSED] - Text of object 'Object Repository/Выполнение бизнес-плана/Выполнение бизнес-плана Балансы/Список ДЗО' is: '-0.22
-0.07
3.10
-0.38
-0.73
-0.02
0.19
3.73
-0.43
-0.05
-0.03
0.16
-0.17
-0.52
-0.27
-0.49
-0.02
Россети ФСКЕЭС
АО«Тываэнерго»
АО«Чеченэнерго»
РоссетиВолга
РоссетиКубань
РоссетиЛенэнерго(ГК)
РоссетиМосковскийрегион
РоссетиСеверныйКавказ
РоссетиСеверо-Запад
РоссетиСибирь
РоссетиТомск
РоссетиТюмень
Россети Урал(ГК)
РоссетиЦентр (ГК)
РоссетиЦентр иПриволжье(ГК)
Россети Юг(ГК)
РоссетиЯнтарь
-2
0
2
4
6
8'

13-01-2025T07:10:17 - [TEST_STEP][PASSED] - for ([ii = 1, ii < dZONum, (ii++)]): null

13-01-2025T07:10:17 - [TEST_STEP][PASSED] - i1 = z.indexOf("/") + 1: null

13-01-2025T07:10:17 - [TEST_STEP][PASSED] - if (i1 > -1): null

13-01-2025T07:10:17 - [TEST_STEP][PASSED] - z = z.substring(i1, z.length()): null

13-01-2025T07:10:17 - [TEST_STEP][PASSED] - i1 = z.indexOf("/"): null

13-01-2025T07:10:17 - [TEST_STEP][PASSED] - i1 = z.indexOf("/") + 1: null

13-01-2025T07:10:17 - [TEST_STEP][PASSED] - if (i1 > -1): null

13-01-2025T07:10:17 - [TEST_STEP][PASSED] - z = z.substring(i1, z.length()): null

13-01-2025T07:10:17 - [TEST_STEP][PASSED] - i1 = z.indexOf("/"): null

13-01-2025T07:10:17 - [TEST_STEP][PASSED] - i1 = z.indexOf("/") + 1: null

13-01-2025T07:10:17 - [TEST_STEP][PASSED] - if (i1 > -1): null

13-01-2025T07:10:17 - [TEST_STEP][PASSED] - z = z.substring(i1, z.length()): null

13-01-2025T07:10:17 - [TEST_STEP][PASSED] - i1 = z.indexOf("/"): null

13-01-2025T07:10:17 - [TEST_STEP][PASSED] - i1 = z.indexOf("/") + 1: null

13-01-2025T07:10:17 - [TEST_STEP][PASSED] - if (i1 > -1): null

13-01-2025T07:10:17 - [TEST_STEP][PASSED] - z = z.substring(i1, z.length()): null

13-01-2025T07:10:17 - [TEST_STEP][PASSED] - i1 = z.indexOf("/"): null

13-01-2025T07:10:17 - [TEST_STEP][PASSED] - i1 = z.indexOf("/") + 1: null

13-01-2025T07:10:17 - [TEST_STEP][PASSED] - if (i1 > -1): null

13-01-2025T07:10:17 - [TEST_STEP][PASSED] - z = z.substring(i1, z.length()): null

13-01-2025T07:10:17 - [TEST_STEP][PASSED] - i1 = z.indexOf("/"): null

13-01-2025T07:10:17 - [TEST_STEP][PASSED] - i1 = z.indexOf("/") + 1: null

13-01-2025T07:10:17 - [TEST_STEP][PASSED] - if (i1 > -1): null

13-01-2025T07:10:17 - [TEST_STEP][PASSED] - z = z.substring(i1, z.length()): null

13-01-2025T07:10:17 - [TEST_STEP][PASSED] - i1 = z.indexOf("/"): null

13-01-2025T07:10:17 - [TEST_STEP][PASSED] - i1 = z.indexOf("/") + 1: null

13-01-2025T07:10:17 - [TEST_STEP][PASSED] - if (i1 > -1): null

13-01-2025T07:10:17 - [TEST_STEP][PASSED] - z = z.substring(i1, z.length()): null

13-01-2025T07:10:17 - [TEST_STEP][PASSED] - i1 = z.indexOf("/"): null

13-01-2025T07:10:17 - [TEST_STEP][PASSED] - i1 = z.indexOf("/") + 1: null

13-01-2025T07:10:17 - [TEST_STEP][PASSED] - if (i1 > -1): null

13-01-2025T07:10:17 - [TEST_STEP][PASSED] - z = z.substring(i1, z.length()): null

13-01-2025T07:10:17 - [TEST_STEP][PASSED] - i1 = z.indexOf("/"): null

13-01-2025T07:10:17 - [TEST_STEP][PASSED] - i1 = z.indexOf("/") + 1: null

13-01-2025T07:10:17 - [TEST_STEP][PASSED] - if (i1 > -1): null

13-01-2025T07:10:17 - [TEST_STEP][PASSED] - z = z.substring(i1, z.length()): null

13-01-2025T07:10:17 - [TEST_STEP][PASSED] - i1 = z.indexOf("/"): null

13-01-2025T07:10:17 - [TEST_STEP][PASSED] - i1 = z.indexOf("/") + 1: null

13-01-2025T07:10:17 - [TEST_STEP][PASSED] - if (i1 > -1): null

13-01-2025T07:10:17 - [TEST_STEP][PASSED] - z = z.substring(i1, z.length()): null

13-01-2025T07:10:17 - [TEST_STEP][PASSED] - i1 = z.indexOf("/"): null

13-01-2025T07:10:17 - [TEST_STEP][PASSED] - i1 = z.indexOf("/"): null

13-01-2025T07:10:17 - [TEST_STEP][PASSED] - if (i1 > -1): null

13-01-2025T07:10:17 - [TEST_STEP][PASSED] - z = z.substring(0, i1): null

13-01-2025T07:10:17 - [TEST_STEP][PASSED] - z = z.replace(",", "."): null

13-01-2025T07:10:17 - [TEST_STEP][PASSED] - println(z): null

13-01-2025T07:10:17 - [TEST_STEP][PASSED] - x = x + "/" + z: null

13-01-2025T07:10:17 - [TEST_STEP][PASSED] - x = x.replaceAll("[\r?
|
]", ""): null

13-01-2025T07:10:17 - [TEST_STEP][PASSED] - println(x): null

13-01-2025T07:10:17 - [TEST_STEP][PASSED] - return x: null

13-01-2025T07:10:17 - [TEST_STEP][PASSED] - println("tomB: " + tomB): null

13-01-2025T07:10:17 - [TEST_STEP][PASSED] - i = VseDZO.indexOf("Тюмень"): null

13-01-2025T07:10:17 - [TEST_STEP][PASSED] - if (i > -1): null

13-01-2025T07:10:17 - [TEST_STEP][PASSED] - dZONum = dZONum + 1: null

13-01-2025T07:10:17 - [TEST_STEP][PASSED] - tyumB = GetAllData(path, dZONum, VseDZO, x = "Россети Тюмень/"): null

13-01-2025T07:10:17 - [TEST_STEP][PASSED] - ii = <not implemented yet for class: org.codehaus.groovy.ast.expr.EmptyExpression>: null

13-01-2025T07:10:17 - [TEST_STEP][PASSED] - i1 = <not implemented yet for class: org.codehaus.groovy.ast.expr.EmptyExpression>: null

13-01-2025T07:10:17 - [TEST_STEP][PASSED] - z = <not implemented yet for class: org.codehaus.groovy.ast.expr.EmptyExpression>: null

13-01-2025T07:10:17 - [TEST_STEP][PASSED] - path2 = "Значения со страницы Выполнение бизнес-плана/Table Data/": null

13-01-2025T07:10:17 - [TEST_STEP][PASSED] - println("path: " + path): null

13-01-2025T07:10:17 - [TEST_STEP][PASSED] - println("dZONum: " + dZONum): null

13-01-2025T07:10:17 - [TEST_STEP][PASSED] - z = getText(findTestObject(path + "spanPlan" + dZONum)): Text of object 'Object Repository/Выполнение бизнес-плана/Выполнение бизнес-плана Балансы/spanPlan12' is: '2.54'

13-01-2025T07:10:17 - [MESSAGE][PASSED] - Text of object 'Object Repository/Выполнение бизнес-плана/Выполнение бизнес-плана Балансы/spanPlan12' is: '2.54'

13-01-2025T07:10:17 - [TEST_STEP][PASSED] - println(z): null

13-01-2025T07:10:17 - [TEST_STEP][PASSED] - ii = z.indexOf("|"): null

13-01-2025T07:10:17 - [TEST_STEP][PASSED] - if (ii > -1): null

13-01-2025T07:10:17 - [TEST_STEP][PASSED] - z = z.replaceAll("\s+", ""): null

13-01-2025T07:10:17 - [TEST_STEP][PASSED] - z = z.replace("[\r?
|
]", "/"): null

13-01-2025T07:10:17 - [TEST_STEP][PASSED] - println(z): null

13-01-2025T07:10:17 - [TEST_STEP][PASSED] - x = x + z: null

13-01-2025T07:10:17 - [TEST_STEP][PASSED] - z = getText(findTestObject(path + "spanFact" + dZONum)): Text of object 'Object Repository/Выполнение бизнес-плана/Выполнение бизнес-плана Балансы/spanFact12' is: '2.70
|'

13-01-2025T07:10:17 - [MESSAGE][PASSED] - Text of object 'Object Repository/Выполнение бизнес-плана/Выполнение бизнес-плана Балансы/spanFact12' is: '2.70
|'

13-01-2025T07:10:17 - [TEST_STEP][PASSED] - ii = z.indexOf("|"): null

13-01-2025T07:10:17 - [TEST_STEP][PASSED] - if (ii > -1): null

13-01-2025T07:10:17 - [TEST_STEP][PASSED] - z = length() - 1).replace("[\r?
|
]", "/"): null

13-01-2025T07:10:17 - [TEST_STEP][PASSED] - x = x + "/" + z: null

13-01-2025T07:10:17 - [TEST_STEP][PASSED] - z = getText(findTestObject(path + path2 + "Факт Отпуск в сеть за отчётный период " + dZONum)).replaceAll("\s+", ""): Text of object 'Object Repository/Выполнение бизнес-плана/Выполнение бизнес-плана Балансы/Значения со страницы Выполнение бизнес-плана/Table Data/Факт Отпуск в сеть за отчётный период 12' is: '47 865 721'

13-01-2025T07:10:18 - [MESSAGE][PASSED] - Text of object 'Object Repository/Выполнение бизнес-плана/Выполнение бизнес-плана Балансы/Значения со страницы Выполнение бизнес-плана/Table Data/Факт Отпуск в сеть за отчётный период 12' is: '47 865 721'

13-01-2025T07:10:18 - [TEST_STEP][PASSED] - x = x + "/" + z: null

13-01-2025T07:10:18 - [TEST_STEP][PASSED] - z = getText(findTestObject(path + path2 + "Факт Отпуск из сети за отчётный период " + dZONum)).replaceAll("\s+", ""): Text of object 'Object Repository/Выполнение бизнес-плана/Выполнение бизнес-плана Балансы/Значения со страницы Выполнение бизнес-плана/Table Data/Факт Отпуск из сети за отчётный период 12' is: '46 573 769'

13-01-2025T07:10:18 - [MESSAGE][PASSED] - Text of object 'Object Repository/Выполнение бизнес-плана/Выполнение бизнес-плана Балансы/Значения со страницы Выполнение бизнес-плана/Table Data/Факт Отпуск из сети за отчётный период 12' is: '46 573 769'

13-01-2025T07:10:18 - [TEST_STEP][PASSED] - x = x + "/" + z: null

13-01-2025T07:10:18 - [TEST_STEP][PASSED] - z = getText(findTestObject(path + path2 + "Факт Потери за отчётный период " + dZONum)).replaceAll("\s+", ""): Text of object 'Object Repository/Выполнение бизнес-плана/Выполнение бизнес-плана Балансы/Значения со страницы Выполнение бизнес-плана/Table Data/Факт Потери за отчётный период 12' is: '1 291 953'

13-01-2025T07:10:18 - [MESSAGE][PASSED] - Text of object 'Object Repository/Выполнение бизнес-плана/Выполнение бизнес-плана Балансы/Значения со страницы Выполнение бизнес-плана/Table Data/Факт Потери за отчётный период 12' is: '1 291 953'

13-01-2025T07:10:18 - [TEST_STEP][PASSED] - x = x + "/" + z: null

13-01-2025T07:10:18 - [TEST_STEP][PASSED] - z = getText(findTestObject(path + path2 + "План Отпуск в сеть за отчётный период " + dZONum)).replaceAll("\s+", ""): Text of object 'Object Repository/Выполнение бизнес-плана/Выполнение бизнес-плана Балансы/Значения со страницы Выполнение бизнес-плана/Table Data/План Отпуск в сеть за отчётный период 12' is: '0'

13-01-2025T07:10:18 - [MESSAGE][PASSED] - Text of object 'Object Repository/Выполнение бизнес-плана/Выполнение бизнес-плана Балансы/Значения со страницы Выполнение бизнес-плана/Table Data/План Отпуск в сеть за отчётный период 12' is: '0'

13-01-2025T07:10:18 - [TEST_STEP][PASSED] - if (z == ""): null

13-01-2025T07:10:18 - [TEST_STEP][PASSED] - x = x + "/" + z: null

13-01-2025T07:10:18 - [TEST_STEP][PASSED] - z = getText(findTestObject(path + path2 + "План Отпуск из сети за отчётный период " + dZONum)).replaceAll("\s+", ""): Text of object 'Object Repository/Выполнение бизнес-плана/Выполнение бизнес-плана Балансы/Значения со страницы Выполнение бизнес-плана/Table Data/План Отпуск из сети за отчётный период 12' is: ''

13-01-2025T07:10:19 - [MESSAGE][PASSED] - Text of object 'Object Repository/Выполнение бизнес-плана/Выполнение бизнес-плана Балансы/Значения со страницы Выполнение бизнес-плана/Table Data/План Отпуск из сети за отчётный период 12' is: ''

13-01-2025T07:10:19 - [TEST_STEP][PASSED] - if (z == ""): null

13-01-2025T07:10:19 - [TEST_STEP][PASSED] - z = "нет данных": null

13-01-2025T07:10:19 - [TEST_STEP][PASSED] - x = x + "/" + z: null

13-01-2025T07:10:19 - [TEST_STEP][PASSED] - z = getText(findTestObject(path + path2 + "План Потери за отчётный период " + dZONum)).replaceAll("\s+", ""): Text of object 'Object Repository/Выполнение бизнес-плана/Выполнение бизнес-плана Балансы/Значения со страницы Выполнение бизнес-плана/Table Data/План Потери за отчётный период 12' is: ''

13-01-2025T07:10:19 - [MESSAGE][PASSED] - Text of object 'Object Repository/Выполнение бизнес-плана/Выполнение бизнес-плана Балансы/Значения со страницы Выполнение бизнес-плана/Table Data/План Потери за отчётный период 12' is: ''

13-01-2025T07:10:19 - [TEST_STEP][PASSED] - if (z == ""): null

13-01-2025T07:10:19 - [TEST_STEP][PASSED] - z = "нет данных": null

13-01-2025T07:10:19 - [TEST_STEP][PASSED] - x = x + "/" + z: null

13-01-2025T07:10:19 - [TEST_STEP][PASSED] - z = getText(findTestObject(path + "Список ДЗО")).replaceAll("[\r?
|
]", "/"): Text of object 'Object Repository/Выполнение бизнес-плана/Выполнение бизнес-плана Балансы/Список ДЗО' is: '-0.22
-0.07
3.10
-0.38
-0.73
-0.02
0.19
3.73
-0.43
-0.05
-0.03
0.16
-0.17
-0.52
-0.27
-0.49
-0.02
Россети ФСКЕЭС
АО«Тываэнерго»
АО«Чеченэнерго»
РоссетиВолга
РоссетиКубань
РоссетиЛенэнерго(ГК)
РоссетиМосковскийрегион
РоссетиСеверныйКавказ
РоссетиСеверо-Запад
РоссетиСибирь
РоссетиТомск
РоссетиТюмень
Россети Урал(ГК)
РоссетиЦентр (ГК)
РоссетиЦентр иПриволжье(ГК)
Россети Юг(ГК)
РоссетиЯнтарь
-2
0
2
4
6
8'

13-01-2025T07:10:19 - [MESSAGE][PASSED] - Text of object 'Object Repository/Выполнение бизнес-плана/Выполнение бизнес-плана Балансы/Список ДЗО' is: '-0.22
-0.07
3.10
-0.38
-0.73
-0.02
0.19
3.73
-0.43
-0.05
-0.03
0.16
-0.17
-0.52
-0.27
-0.49
-0.02
Россети ФСКЕЭС
АО«Тываэнерго»
АО«Чеченэнерго»
РоссетиВолга
РоссетиКубань
РоссетиЛенэнерго(ГК)
РоссетиМосковскийрегион
РоссетиСеверныйКавказ
РоссетиСеверо-Запад
РоссетиСибирь
РоссетиТомск
РоссетиТюмень
Россети Урал(ГК)
РоссетиЦентр (ГК)
РоссетиЦентр иПриволжье(ГК)
Россети Юг(ГК)
РоссетиЯнтарь
-2
0
2
4
6
8'

13-01-2025T07:10:19 - [TEST_STEP][PASSED] - for ([ii = 1, ii < dZONum, (ii++)]): null

13-01-2025T07:10:19 - [TEST_STEP][PASSED] - i1 = z.indexOf("/") + 1: null

13-01-2025T07:10:19 - [TEST_STEP][PASSED] - if (i1 > -1): null

13-01-2025T07:10:19 - [TEST_STEP][PASSED] - z = z.substring(i1, z.length()): null

13-01-2025T07:10:19 - [TEST_STEP][PASSED] - i1 = z.indexOf("/"): null

13-01-2025T07:10:19 - [TEST_STEP][PASSED] - i1 = z.indexOf("/") + 1: null

13-01-2025T07:10:19 - [TEST_STEP][PASSED] - if (i1 > -1): null

13-01-2025T07:10:19 - [TEST_STEP][PASSED] - z = z.substring(i1, z.length()): null

13-01-2025T07:10:19 - [TEST_STEP][PASSED] - i1 = z.indexOf("/"): null

13-01-2025T07:10:19 - [TEST_STEP][PASSED] - i1 = z.indexOf("/") + 1: null

13-01-2025T07:10:19 - [TEST_STEP][PASSED] - if (i1 > -1): null

13-01-2025T07:10:19 - [TEST_STEP][PASSED] - z = z.substring(i1, z.length()): null

13-01-2025T07:10:19 - [TEST_STEP][PASSED] - i1 = z.indexOf("/"): null

13-01-2025T07:10:19 - [TEST_STEP][PASSED] - i1 = z.indexOf("/") + 1: null

13-01-2025T07:10:19 - [TEST_STEP][PASSED] - if (i1 > -1): null

13-01-2025T07:10:19 - [TEST_STEP][PASSED] - z = z.substring(i1, z.length()): null

13-01-2025T07:10:19 - [TEST_STEP][PASSED] - i1 = z.indexOf("/"): null

13-01-2025T07:10:19 - [TEST_STEP][PASSED] - i1 = z.indexOf("/") + 1: null

13-01-2025T07:10:19 - [TEST_STEP][PASSED] - if (i1 > -1): null

13-01-2025T07:10:19 - [TEST_STEP][PASSED] - z = z.substring(i1, z.length()): null

13-01-2025T07:10:19 - [TEST_STEP][PASSED] - i1 = z.indexOf("/"): null

13-01-2025T07:10:19 - [TEST_STEP][PASSED] - i1 = z.indexOf("/") + 1: null

13-01-2025T07:10:19 - [TEST_STEP][PASSED] - if (i1 > -1): null

13-01-2025T07:10:19 - [TEST_STEP][PASSED] - z = z.substring(i1, z.length()): null

13-01-2025T07:10:19 - [TEST_STEP][PASSED] - i1 = z.indexOf("/"): null

13-01-2025T07:10:19 - [TEST_STEP][PASSED] - i1 = z.indexOf("/") + 1: null

13-01-2025T07:10:19 - [TEST_STEP][PASSED] - if (i1 > -1): null

13-01-2025T07:10:19 - [TEST_STEP][PASSED] - z = z.substring(i1, z.length()): null

13-01-2025T07:10:19 - [TEST_STEP][PASSED] - i1 = z.indexOf("/"): null

13-01-2025T07:10:19 - [TEST_STEP][PASSED] - i1 = z.indexOf("/") + 1: null

13-01-2025T07:10:19 - [TEST_STEP][PASSED] - if (i1 > -1): null

13-01-2025T07:10:19 - [TEST_STEP][PASSED] - z = z.substring(i1, z.length()): null

13-01-2025T07:10:19 - [TEST_STEP][PASSED] - i1 = z.indexOf("/"): null

13-01-2025T07:10:19 - [TEST_STEP][PASSED] - i1 = z.indexOf("/") + 1: null

13-01-2025T07:10:19 - [TEST_STEP][PASSED] - if (i1 > -1): null

13-01-2025T07:10:19 - [TEST_STEP][PASSED] - z = z.substring(i1, z.length()): null

13-01-2025T07:10:19 - [TEST_STEP][PASSED] - i1 = z.indexOf("/"): null

13-01-2025T07:10:19 - [TEST_STEP][PASSED] - i1 = z.indexOf("/") + 1: null

13-01-2025T07:10:19 - [TEST_STEP][PASSED] - if (i1 > -1): null

13-01-2025T07:10:19 - [TEST_STEP][PASSED] - z = z.substring(i1, z.length()): null

13-01-2025T07:10:19 - [TEST_STEP][PASSED] - i1 = z.indexOf("/"): null

13-01-2025T07:10:19 - [TEST_STEP][PASSED] - i1 = z.indexOf("/") + 1: null

13-01-2025T07:10:19 - [TEST_STEP][PASSED] - if (i1 > -1): null

13-01-2025T07:10:19 - [TEST_STEP][PASSED] - z = z.substring(i1, z.length()): null

13-01-2025T07:10:19 - [TEST_STEP][PASSED] - i1 = z.indexOf("/"): null

13-01-2025T07:10:19 - [TEST_STEP][PASSED] - i1 = z.indexOf("/"): null

13-01-2025T07:10:19 - [TEST_STEP][PASSED] - if (i1 > -1): null

13-01-2025T07:10:19 - [TEST_STEP][PASSED] - z = z.substring(0, i1): null

13-01-2025T07:10:19 - [TEST_STEP][PASSED] - z = z.replace(",", "."): null

13-01-2025T07:10:19 - [TEST_STEP][PASSED] - println(z): null

13-01-2025T07:10:19 - [TEST_STEP][PASSED] - x = x + "/" + z: null

13-01-2025T07:10:19 - [TEST_STEP][PASSED] - x = x.replaceAll("[\r?
|
]", ""): null

13-01-2025T07:10:19 - [TEST_STEP][PASSED] - println(x): null

13-01-2025T07:10:19 - [TEST_STEP][PASSED] - return x: null

13-01-2025T07:10:19 - [TEST_STEP][PASSED] - println("tyumB: " + tyumB): null

13-01-2025T07:10:19 - [TEST_STEP][PASSED] - i = VseDZO.indexOf("Урал"): null

13-01-2025T07:10:19 - [TEST_STEP][PASSED] - if (i > -1): null

13-01-2025T07:10:19 - [TEST_STEP][PASSED] - dZONum = dZONum + 1: null

13-01-2025T07:10:19 - [TEST_STEP][PASSED] - urB = GetAllData(path, dZONum, VseDZO, x = "Россети Урал (ГК)/"): null

13-01-2025T07:10:19 - [TEST_STEP][PASSED] - ii = <not implemented yet for class: org.codehaus.groovy.ast.expr.EmptyExpression>: null

13-01-2025T07:10:19 - [TEST_STEP][PASSED] - i1 = <not implemented yet for class: org.codehaus.groovy.ast.expr.EmptyExpression>: null

13-01-2025T07:10:19 - [TEST_STEP][PASSED] - z = <not implemented yet for class: org.codehaus.groovy.ast.expr.EmptyExpression>: null

13-01-2025T07:10:19 - [TEST_STEP][PASSED] - path2 = "Значения со страницы Выполнение бизнес-плана/Table Data/": null

13-01-2025T07:10:19 - [TEST_STEP][PASSED] - println("path: " + path): null

13-01-2025T07:10:19 - [TEST_STEP][PASSED] - println("dZONum: " + dZONum): null

13-01-2025T07:10:19 - [TEST_STEP][PASSED] - z = getText(findTestObject(path + "spanPlan" + dZONum)): Text of object 'Object Repository/Выполнение бизнес-плана/Выполнение бизнес-плана Балансы/spanPlan13' is: '6.07
|'

13-01-2025T07:10:20 - [MESSAGE][PASSED] - Text of object 'Object Repository/Выполнение бизнес-плана/Выполнение бизнес-плана Балансы/spanPlan13' is: '6.07
|'

13-01-2025T07:10:20 - [TEST_STEP][PASSED] - println(z): null

13-01-2025T07:10:20 - [TEST_STEP][PASSED] - ii = z.indexOf("|"): null

13-01-2025T07:10:20 - [TEST_STEP][PASSED] - if (ii > -1): null

13-01-2025T07:10:20 - [TEST_STEP][PASSED] - z = z.substring(0, z.length() - 1): null

13-01-2025T07:10:20 - [TEST_STEP][PASSED] - println(z): null

13-01-2025T07:10:20 - [TEST_STEP][PASSED] - z = z.replaceAll("\s+", ""): null

13-01-2025T07:10:20 - [TEST_STEP][PASSED] - z = z.replace("[\r?
|
]", "/"): null

13-01-2025T07:10:20 - [TEST_STEP][PASSED] - println(z): null

13-01-2025T07:10:20 - [TEST_STEP][PASSED] - x = x + z: null

13-01-2025T07:10:20 - [TEST_STEP][PASSED] - z = getText(findTestObject(path + "spanFact" + dZONum)): Text of object 'Object Repository/Выполнение бизнес-плана/Выполнение бизнес-плана Балансы/spanFact13' is: '5.90'

13-01-2025T07:10:20 - [MESSAGE][PASSED] - Text of object 'Object Repository/Выполнение бизнес-плана/Выполнение бизнес-плана Балансы/spanFact13' is: '5.90'

13-01-2025T07:10:20 - [TEST_STEP][PASSED] - ii = z.indexOf("|"): null

13-01-2025T07:10:20 - [TEST_STEP][PASSED] - if (ii > -1): null

13-01-2025T07:10:20 - [TEST_STEP][PASSED] - x = x + "/" + z: null

13-01-2025T07:10:20 - [TEST_STEP][PASSED] - z = getText(findTestObject(path + path2 + "Факт Отпуск в сеть за отчётный период " + dZONum)).replaceAll("\s+", ""): Text of object 'Object Repository/Выполнение бизнес-плана/Выполнение бизнес-плана Балансы/Значения со страницы Выполнение бизнес-плана/Table Data/Факт Отпуск в сеть за отчётный период 13' is: '66 742 094'

13-01-2025T07:10:20 - [MESSAGE][PASSED] - Text of object 'Object Repository/Выполнение бизнес-плана/Выполнение бизнес-плана Балансы/Значения со страницы Выполнение бизнес-плана/Table Data/Факт Отпуск в сеть за отчётный период 13' is: '66 742 094'

13-01-2025T07:10:20 - [TEST_STEP][PASSED] - x = x + "/" + z: null

13-01-2025T07:10:20 - [TEST_STEP][PASSED] - z = getText(findTestObject(path + path2 + "Факт Отпуск из сети за отчётный период " + dZONum)).replaceAll("\s+", ""): Text of object 'Object Repository/Выполнение бизнес-плана/Выполнение бизнес-плана Балансы/Значения со страницы Выполнение бизнес-плана/Table Data/Факт Отпуск из сети за отчётный период 13' is: '62 801 450'

13-01-2025T07:10:21 - [MESSAGE][PASSED] - Text of object 'Object Repository/Выполнение бизнес-плана/Выполнение бизнес-плана Балансы/Значения со страницы Выполнение бизнес-плана/Table Data/Факт Отпуск из сети за отчётный период 13' is: '62 801 450'

13-01-2025T07:10:21 - [TEST_STEP][PASSED] - x = x + "/" + z: null

13-01-2025T07:10:21 - [TEST_STEP][PASSED] - z = getText(findTestObject(path + path2 + "Факт Потери за отчётный период " + dZONum)).replaceAll("\s+", ""): Text of object 'Object Repository/Выполнение бизнес-плана/Выполнение бизнес-плана Балансы/Значения со страницы Выполнение бизнес-плана/Table Data/Факт Потери за отчётный период 13' is: '3 940 644'

13-01-2025T07:10:21 - [MESSAGE][PASSED] - Text of object 'Object Repository/Выполнение бизнес-плана/Выполнение бизнес-плана Балансы/Значения со страницы Выполнение бизнес-плана/Table Data/Факт Потери за отчётный период 13' is: '3 940 644'

13-01-2025T07:10:21 - [TEST_STEP][PASSED] - x = x + "/" + z: null

13-01-2025T07:10:21 - [TEST_STEP][PASSED] - z = getText(findTestObject(path + path2 + "План Отпуск в сеть за отчётный период " + dZONum)).replaceAll("\s+", ""): Text of object 'Object Repository/Выполнение бизнес-плана/Выполнение бизнес-плана Балансы/Значения со страницы Выполнение бизнес-плана/Table Data/План Отпуск в сеть за отчётный период 13' is: ''

13-01-2025T07:10:21 - [MESSAGE][PASSED] - Text of object 'Object Repository/Выполнение бизнес-плана/Выполнение бизнес-плана Балансы/Значения со страницы Выполнение бизнес-плана/Table Data/План Отпуск в сеть за отчётный период 13' is: ''

13-01-2025T07:10:21 - [TEST_STEP][PASSED] - if (z == ""): null

13-01-2025T07:10:21 - [TEST_STEP][PASSED] - z = "нет данных": null

13-01-2025T07:10:21 - [TEST_STEP][PASSED] - x = x + "/" + z: null

13-01-2025T07:10:21 - [TEST_STEP][PASSED] - z = getText(findTestObject(path + path2 + "План Отпуск из сети за отчётный период " + dZONum)).replaceAll("\s+", ""): Text of object 'Object Repository/Выполнение бизнес-плана/Выполнение бизнес-плана Балансы/Значения со страницы Выполнение бизнес-плана/Table Data/План Отпуск из сети за отчётный период 13' is: ''

13-01-2025T07:10:21 - [MESSAGE][PASSED] - Text of object 'Object Repository/Выполнение бизнес-плана/Выполнение бизнес-плана Балансы/Значения со страницы Выполнение бизнес-плана/Table Data/План Отпуск из сети за отчётный период 13' is: ''

13-01-2025T07:10:21 - [TEST_STEP][PASSED] - if (z == ""): null

13-01-2025T07:10:21 - [TEST_STEP][PASSED] - z = "нет данных": null

13-01-2025T07:10:21 - [TEST_STEP][PASSED] - x = x + "/" + z: null

13-01-2025T07:10:21 - [TEST_STEP][PASSED] - z = getText(findTestObject(path + path2 + "План Потери за отчётный период " + dZONum)).replaceAll("\s+", ""): Text of object 'Object Repository/Выполнение бизнес-плана/Выполнение бизнес-плана Балансы/Значения со страницы Выполнение бизнес-плана/Table Data/План Потери за отчётный период 13' is: ''

13-01-2025T07:10:22 - [MESSAGE][PASSED] - Text of object 'Object Repository/Выполнение бизнес-плана/Выполнение бизнес-плана Балансы/Значения со страницы Выполнение бизнес-плана/Table Data/План Потери за отчётный период 13' is: ''

13-01-2025T07:10:22 - [TEST_STEP][PASSED] - if (z == ""): null

13-01-2025T07:10:22 - [TEST_STEP][PASSED] - z = "нет данных": null

13-01-2025T07:10:22 - [TEST_STEP][PASSED] - x = x + "/" + z: null

13-01-2025T07:10:22 - [TEST_STEP][PASSED] - z = getText(findTestObject(path + "Список ДЗО")).replaceAll("[\r?
|
]", "/"): Text of object 'Object Repository/Выполнение бизнес-плана/Выполнение бизнес-плана Балансы/Список ДЗО' is: '-0.22
-0.07
3.10
-0.38
-0.73
-0.02
0.19
3.73
-0.43
-0.05
-0.03
0.16
-0.17
-0.52
-0.27
-0.49
-0.02
Россети ФСКЕЭС
АО«Тываэнерго»
АО«Чеченэнерго»
РоссетиВолга
РоссетиКубань
РоссетиЛенэнерго(ГК)
РоссетиМосковскийрегион
РоссетиСеверныйКавказ
РоссетиСеверо-Запад
РоссетиСибирь
РоссетиТомск
РоссетиТюмень
Россети Урал(ГК)
РоссетиЦентр (ГК)
РоссетиЦентр иПриволжье(ГК)
Россети Юг(ГК)
РоссетиЯнтарь
-2
0
2
4
6
8'

13-01-2025T07:10:22 - [MESSAGE][PASSED] - Text of object 'Object Repository/Выполнение бизнес-плана/Выполнение бизнес-плана Балансы/Список ДЗО' is: '-0.22
-0.07
3.10
-0.38
-0.73
-0.02
0.19
3.73
-0.43
-0.05
-0.03
0.16
-0.17
-0.52
-0.27
-0.49
-0.02
Россети ФСКЕЭС
АО«Тываэнерго»
АО«Чеченэнерго»
РоссетиВолга
РоссетиКубань
РоссетиЛенэнерго(ГК)
РоссетиМосковскийрегион
РоссетиСеверныйКавказ
РоссетиСеверо-Запад
РоссетиСибирь
РоссетиТомск
РоссетиТюмень
Россети Урал(ГК)
РоссетиЦентр (ГК)
РоссетиЦентр иПриволжье(ГК)
Россети Юг(ГК)
РоссетиЯнтарь
-2
0
2
4
6
8'

13-01-2025T07:10:22 - [TEST_STEP][PASSED] - for ([ii = 1, ii < dZONum, (ii++)]): null

13-01-2025T07:10:22 - [TEST_STEP][PASSED] - i1 = z.indexOf("/") + 1: null

13-01-2025T07:10:22 - [TEST_STEP][PASSED] - if (i1 > -1): null

13-01-2025T07:10:22 - [TEST_STEP][PASSED] - z = z.substring(i1, z.length()): null

13-01-2025T07:10:22 - [TEST_STEP][PASSED] - i1 = z.indexOf("/"): null

13-01-2025T07:10:22 - [TEST_STEP][PASSED] - i1 = z.indexOf("/") + 1: null

13-01-2025T07:10:22 - [TEST_STEP][PASSED] - if (i1 > -1): null

13-01-2025T07:10:22 - [TEST_STEP][PASSED] - z = z.substring(i1, z.length()): null

13-01-2025T07:10:22 - [TEST_STEP][PASSED] - i1 = z.indexOf("/"): null

13-01-2025T07:10:22 - [TEST_STEP][PASSED] - i1 = z.indexOf("/") + 1: null

13-01-2025T07:10:22 - [TEST_STEP][PASSED] - if (i1 > -1): null

13-01-2025T07:10:22 - [TEST_STEP][PASSED] - z = z.substring(i1, z.length()): null

13-01-2025T07:10:22 - [TEST_STEP][PASSED] - i1 = z.indexOf("/"): null

13-01-2025T07:10:22 - [TEST_STEP][PASSED] - i1 = z.indexOf("/") + 1: null

13-01-2025T07:10:22 - [TEST_STEP][PASSED] - if (i1 > -1): null

13-01-2025T07:10:22 - [TEST_STEP][PASSED] - z = z.substring(i1, z.length()): null

13-01-2025T07:10:22 - [TEST_STEP][PASSED] - i1 = z.indexOf("/"): null

13-01-2025T07:10:22 - [TEST_STEP][PASSED] - i1 = z.indexOf("/") + 1: null

13-01-2025T07:10:22 - [TEST_STEP][PASSED] - if (i1 > -1): null

13-01-2025T07:10:22 - [TEST_STEP][PASSED] - z = z.substring(i1, z.length()): null

13-01-2025T07:10:22 - [TEST_STEP][PASSED] - i1 = z.indexOf("/"): null

13-01-2025T07:10:22 - [TEST_STEP][PASSED] - i1 = z.indexOf("/") + 1: null

13-01-2025T07:10:22 - [TEST_STEP][PASSED] - if (i1 > -1): null

13-01-2025T07:10:22 - [TEST_STEP][PASSED] - z = z.substring(i1, z.length()): null

13-01-2025T07:10:22 - [TEST_STEP][PASSED] - i1 = z.indexOf("/"): null

13-01-2025T07:10:22 - [TEST_STEP][PASSED] - i1 = z.indexOf("/") + 1: null

13-01-2025T07:10:22 - [TEST_STEP][PASSED] - if (i1 > -1): null

13-01-2025T07:10:22 - [TEST_STEP][PASSED] - z = z.substring(i1, z.length()): null

13-01-2025T07:10:22 - [TEST_STEP][PASSED] - i1 = z.indexOf("/"): null

13-01-2025T07:10:22 - [TEST_STEP][PASSED] - i1 = z.indexOf("/") + 1: null

13-01-2025T07:10:22 - [TEST_STEP][PASSED] - if (i1 > -1): null

13-01-2025T07:10:22 - [TEST_STEP][PASSED] - z = z.substring(i1, z.length()): null

13-01-2025T07:10:22 - [TEST_STEP][PASSED] - i1 = z.indexOf("/"): null

13-01-2025T07:10:22 - [TEST_STEP][PASSED] - i1 = z.indexOf("/") + 1: null

13-01-2025T07:10:22 - [TEST_STEP][PASSED] - if (i1 > -1): null

13-01-2025T07:10:22 - [TEST_STEP][PASSED] - z = z.substring(i1, z.length()): null

13-01-2025T07:10:22 - [TEST_STEP][PASSED] - i1 = z.indexOf("/"): null

13-01-2025T07:10:22 - [TEST_STEP][PASSED] - i1 = z.indexOf("/") + 1: null

13-01-2025T07:10:22 - [TEST_STEP][PASSED] - if (i1 > -1): null

13-01-2025T07:10:22 - [TEST_STEP][PASSED] - z = z.substring(i1, z.length()): null

13-01-2025T07:10:22 - [TEST_STEP][PASSED] - i1 = z.indexOf("/"): null

13-01-2025T07:10:22 - [TEST_STEP][PASSED] - i1 = z.indexOf("/") + 1: null

13-01-2025T07:10:22 - [TEST_STEP][PASSED] - if (i1 > -1): null

13-01-2025T07:10:22 - [TEST_STEP][PASSED] - z = z.substring(i1, z.length()): null

13-01-2025T07:10:22 - [TEST_STEP][PASSED] - i1 = z.indexOf("/"): null

13-01-2025T07:10:22 - [TEST_STEP][PASSED] - i1 = z.indexOf("/") + 1: null

13-01-2025T07:10:22 - [TEST_STEP][PASSED] - if (i1 > -1): null

13-01-2025T07:10:22 - [TEST_STEP][PASSED] - z = z.substring(i1, z.length()): null

13-01-2025T07:10:22 - [TEST_STEP][PASSED] - i1 = z.indexOf("/"): null

13-01-2025T07:10:22 - [TEST_STEP][PASSED] - i1 = z.indexOf("/"): null

13-01-2025T07:10:22 - [TEST_STEP][PASSED] - if (i1 > -1): null

13-01-2025T07:10:22 - [TEST_STEP][PASSED] - z = z.substring(0, i1): null

13-01-2025T07:10:22 - [TEST_STEP][PASSED] - z = z.replace(",", "."): null

13-01-2025T07:10:22 - [TEST_STEP][PASSED] - println(z): null

13-01-2025T07:10:22 - [TEST_STEP][PASSED] - x = x + "/" + z: null

13-01-2025T07:10:22 - [TEST_STEP][PASSED] - x = x.replaceAll("[\r?
|
]", ""): null

13-01-2025T07:10:22 - [TEST_STEP][PASSED] - println(x): null

13-01-2025T07:10:22 - [TEST_STEP][PASSED] - return x: null

13-01-2025T07:10:22 - [TEST_STEP][PASSED] - println("urB: " + urB): null

13-01-2025T07:10:22 - [TEST_STEP][PASSED] - i = VseDZO.indexOf("Центр"): null

13-01-2025T07:10:22 - [TEST_STEP][PASSED] - if (i > -1): null

13-01-2025T07:10:22 - [TEST_STEP][PASSED] - dZONum = dZONum + 1: null

13-01-2025T07:10:22 - [TEST_STEP][PASSED] - cenB = GetAllData(path, dZONum, VseDZO, x = "Россети Центр (ГК)/"): null

13-01-2025T07:10:22 - [TEST_STEP][PASSED] - ii = <not implemented yet for class: org.codehaus.groovy.ast.expr.EmptyExpression>: null

13-01-2025T07:10:22 - [TEST_STEP][PASSED] - i1 = <not implemented yet for class: org.codehaus.groovy.ast.expr.EmptyExpression>: null

13-01-2025T07:10:22 - [TEST_STEP][PASSED] - z = <not implemented yet for class: org.codehaus.groovy.ast.expr.EmptyExpression>: null

13-01-2025T07:10:22 - [TEST_STEP][PASSED] - path2 = "Значения со страницы Выполнение бизнес-плана/Table Data/": null

13-01-2025T07:10:22 - [TEST_STEP][PASSED] - println("path: " + path): null

13-01-2025T07:10:22 - [TEST_STEP][PASSED] - println("dZONum: " + dZONum): null

13-01-2025T07:10:22 - [TEST_STEP][PASSED] - z = getText(findTestObject(path + "spanPlan" + dZONum)): Text of object 'Object Repository/Выполнение бизнес-плана/Выполнение бизнес-плана Балансы/spanPlan14' is: '10.32
|'

13-01-2025T07:10:22 - [MESSAGE][PASSED] - Text of object 'Object Repository/Выполнение бизнес-плана/Выполнение бизнес-плана Балансы/spanPlan14' is: '10.32
|'

13-01-2025T07:10:22 - [TEST_STEP][PASSED] - println(z): null

13-01-2025T07:10:22 - [TEST_STEP][PASSED] - ii = z.indexOf("|"): null

13-01-2025T07:10:22 - [TEST_STEP][PASSED] - if (ii > -1): null

13-01-2025T07:10:22 - [TEST_STEP][PASSED] - z = z.substring(0, z.length() - 1): null

13-01-2025T07:10:22 - [TEST_STEP][PASSED] - println(z): null

13-01-2025T07:10:22 - [TEST_STEP][PASSED] - z = z.replaceAll("\s+", ""): null

13-01-2025T07:10:22 - [TEST_STEP][PASSED] - z = z.replace("[\r?
|
]", "/"): null

13-01-2025T07:10:22 - [TEST_STEP][PASSED] - println(z): null

13-01-2025T07:10:22 - [TEST_STEP][PASSED] - x = x + z: null

13-01-2025T07:10:22 - [TEST_STEP][PASSED] - z = getText(findTestObject(path + "spanFact" + dZONum)): Text of object 'Object Repository/Выполнение бизнес-плана/Выполнение бизнес-плана Балансы/spanFact14' is: '9.80'

13-01-2025T07:10:23 - [MESSAGE][PASSED] - Text of object 'Object Repository/Выполнение бизнес-плана/Выполнение бизнес-плана Балансы/spanFact14' is: '9.80'

13-01-2025T07:10:23 - [TEST_STEP][PASSED] - ii = z.indexOf("|"): null

13-01-2025T07:10:23 - [TEST_STEP][PASSED] - if (ii > -1): null

13-01-2025T07:10:23 - [TEST_STEP][PASSED] - x = x + "/" + z: null

13-01-2025T07:10:23 - [TEST_STEP][PASSED] - z = getText(findTestObject(path + path2 + "Факт Отпуск в сеть за отчётный период " + dZONum)).replaceAll("\s+", ""): Text of object 'Object Repository/Выполнение бизнес-плана/Выполнение бизнес-плана Балансы/Значения со страницы Выполнение бизнес-плана/Table Data/Факт Отпуск в сеть за отчётный период 14' is: '54 746 795'

13-01-2025T07:10:23 - [MESSAGE][PASSED] - Text of object 'Object Repository/Выполнение бизнес-плана/Выполнение бизнес-плана Балансы/Значения со страницы Выполнение бизнес-плана/Table Data/Факт Отпуск в сеть за отчётный период 14' is: '54 746 795'

13-01-2025T07:10:23 - [TEST_STEP][PASSED] - x = x + "/" + z: null

13-01-2025T07:10:23 - [TEST_STEP][PASSED] - z = getText(findTestObject(path + path2 + "Факт Отпуск из сети за отчётный период " + dZONum)).replaceAll("\s+", ""): Text of object 'Object Repository/Выполнение бизнес-плана/Выполнение бизнес-плана Балансы/Значения со страницы Выполнение бизнес-плана/Table Data/Факт Отпуск из сети за отчётный период 14' is: '49 382 050'

13-01-2025T07:10:23 - [MESSAGE][PASSED] - Text of object 'Object Repository/Выполнение бизнес-плана/Выполнение бизнес-плана Балансы/Значения со страницы Выполнение бизнес-плана/Table Data/Факт Отпуск из сети за отчётный период 14' is: '49 382 050'

13-01-2025T07:10:23 - [TEST_STEP][PASSED] - x = x + "/" + z: null

13-01-2025T07:10:23 - [TEST_STEP][PASSED] - z = getText(findTestObject(path + path2 + "Факт Потери за отчётный период " + dZONum)).replaceAll("\s+", ""): Text of object 'Object Repository/Выполнение бизнес-плана/Выполнение бизнес-плана Балансы/Значения со страницы Выполнение бизнес-плана/Table Data/Факт Потери за отчётный период 14' is: '5 364 745'

13-01-2025T07:10:24 - [MESSAGE][PASSED] - Text of object 'Object Repository/Выполнение бизнес-плана/Выполнение бизнес-плана Балансы/Значения со страницы Выполнение бизнес-плана/Table Data/Факт Потери за отчётный период 14' is: '5 364 745'

13-01-2025T07:10:24 - [TEST_STEP][PASSED] - x = x + "/" + z: null

13-01-2025T07:10:24 - [TEST_STEP][PASSED] - z = getText(findTestObject(path + path2 + "План Отпуск в сеть за отчётный период " + dZONum)).replaceAll("\s+", ""): Text of object 'Object Repository/Выполнение бизнес-плана/Выполнение бизнес-плана Балансы/Значения со страницы Выполнение бизнес-плана/Table Data/План Отпуск в сеть за отчётный период 14' is: ''

13-01-2025T07:10:24 - [MESSAGE][PASSED] - Text of object 'Object Repository/Выполнение бизнес-плана/Выполнение бизнес-плана Балансы/Значения со страницы Выполнение бизнес-плана/Table Data/План Отпуск в сеть за отчётный период 14' is: ''

13-01-2025T07:10:24 - [TEST_STEP][PASSED] - if (z == ""): null

13-01-2025T07:10:24 - [TEST_STEP][PASSED] - z = "нет данных": null

13-01-2025T07:10:24 - [TEST_STEP][PASSED] - x = x + "/" + z: null

13-01-2025T07:10:24 - [TEST_STEP][PASSED] - z = getText(findTestObject(path + path2 + "План Отпуск из сети за отчётный период " + dZONum)).replaceAll("\s+", ""): Text of object 'Object Repository/Выполнение бизнес-плана/Выполнение бизнес-плана Балансы/Значения со страницы Выполнение бизнес-плана/Table Data/План Отпуск из сети за отчётный период 14' is: ''

13-01-2025T07:10:24 - [MESSAGE][PASSED] - Text of object 'Object Repository/Выполнение бизнес-плана/Выполнение бизнес-плана Балансы/Значения со страницы Выполнение бизнес-плана/Table Data/План Отпуск из сети за отчётный период 14' is: ''

13-01-2025T07:10:24 - [TEST_STEP][PASSED] - if (z == ""): null

13-01-2025T07:10:24 - [TEST_STEP][PASSED] - z = "нет данных": null

13-01-2025T07:10:24 - [TEST_STEP][PASSED] - x = x + "/" + z: null

13-01-2025T07:10:24 - [TEST_STEP][PASSED] - z = getText(findTestObject(path + path2 + "План Потери за отчётный период " + dZONum)).replaceAll("\s+", ""): Text of object 'Object Repository/Выполнение бизнес-плана/Выполнение бизнес-плана Балансы/Значения со страницы Выполнение бизнес-плана/Table Data/План Потери за отчётный период 14' is: ''

13-01-2025T07:10:24 - [MESSAGE][PASSED] - Text of object 'Object Repository/Выполнение бизнес-плана/Выполнение бизнес-плана Балансы/Значения со страницы Выполнение бизнес-плана/Table Data/План Потери за отчётный период 14' is: ''

13-01-2025T07:10:24 - [TEST_STEP][PASSED] - if (z == ""): null

13-01-2025T07:10:24 - [TEST_STEP][PASSED] - z = "нет данных": null

13-01-2025T07:10:24 - [TEST_STEP][PASSED] - x = x + "/" + z: null

13-01-2025T07:10:24 - [TEST_STEP][PASSED] - z = getText(findTestObject(path + "Список ДЗО")).replaceAll("[\r?
|
]", "/"): Text of object 'Object Repository/Выполнение бизнес-плана/Выполнение бизнес-плана Балансы/Список ДЗО' is: '-0.22
-0.07
3.10
-0.38
-0.73
-0.02
0.19
3.73
-0.43
-0.05
-0.03
0.16
-0.17
-0.52
-0.27
-0.49
-0.02
Россети ФСКЕЭС
АО«Тываэнерго»
АО«Чеченэнерго»
РоссетиВолга
РоссетиКубань
РоссетиЛенэнерго(ГК)
РоссетиМосковскийрегион
РоссетиСеверныйКавказ
РоссетиСеверо-Запад
РоссетиСибирь
РоссетиТомск
РоссетиТюмень
Россети Урал(ГК)
РоссетиЦентр (ГК)
РоссетиЦентр иПриволжье(ГК)
Россети Юг(ГК)
РоссетиЯнтарь
-2
0
2
4
6
8'

13-01-2025T07:10:25 - [MESSAGE][PASSED] - Text of object 'Object Repository/Выполнение бизнес-плана/Выполнение бизнес-плана Балансы/Список ДЗО' is: '-0.22
-0.07
3.10
-0.38
-0.73
-0.02
0.19
3.73
-0.43
-0.05
-0.03
0.16
-0.17
-0.52
-0.27
-0.49
-0.02
Россети ФСКЕЭС
АО«Тываэнерго»
АО«Чеченэнерго»
РоссетиВолга
РоссетиКубань
РоссетиЛенэнерго(ГК)
РоссетиМосковскийрегион
РоссетиСеверныйКавказ
РоссетиСеверо-Запад
РоссетиСибирь
РоссетиТомск
РоссетиТюмень
Россети Урал(ГК)
РоссетиЦентр (ГК)
РоссетиЦентр иПриволжье(ГК)
Россети Юг(ГК)
РоссетиЯнтарь
-2
0
2
4
6
8'

13-01-2025T07:10:25 - [TEST_STEP][PASSED] - for ([ii = 1, ii < dZONum, (ii++)]): null

13-01-2025T07:10:25 - [TEST_STEP][PASSED] - i1 = z.indexOf("/") + 1: null

13-01-2025T07:10:25 - [TEST_STEP][PASSED] - if (i1 > -1): null

13-01-2025T07:10:25 - [TEST_STEP][PASSED] - z = z.substring(i1, z.length()): null

13-01-2025T07:10:25 - [TEST_STEP][PASSED] - i1 = z.indexOf("/"): null

13-01-2025T07:10:25 - [TEST_STEP][PASSED] - i1 = z.indexOf("/") + 1: null

13-01-2025T07:10:25 - [TEST_STEP][PASSED] - if (i1 > -1): null

13-01-2025T07:10:25 - [TEST_STEP][PASSED] - z = z.substring(i1, z.length()): null

13-01-2025T07:10:25 - [TEST_STEP][PASSED] - i1 = z.indexOf("/"): null

13-01-2025T07:10:25 - [TEST_STEP][PASSED] - i1 = z.indexOf("/") + 1: null

13-01-2025T07:10:25 - [TEST_STEP][PASSED] - if (i1 > -1): null

13-01-2025T07:10:25 - [TEST_STEP][PASSED] - z = z.substring(i1, z.length()): null

13-01-2025T07:10:25 - [TEST_STEP][PASSED] - i1 = z.indexOf("/"): null

13-01-2025T07:10:25 - [TEST_STEP][PASSED] - i1 = z.indexOf("/") + 1: null

13-01-2025T07:10:25 - [TEST_STEP][PASSED] - if (i1 > -1): null

13-01-2025T07:10:25 - [TEST_STEP][PASSED] - z = z.substring(i1, z.length()): null

13-01-2025T07:10:25 - [TEST_STEP][PASSED] - i1 = z.indexOf("/"): null

13-01-2025T07:10:25 - [TEST_STEP][PASSED] - i1 = z.indexOf("/") + 1: null

13-01-2025T07:10:25 - [TEST_STEP][PASSED] - if (i1 > -1): null

13-01-2025T07:10:25 - [TEST_STEP][PASSED] - z = z.substring(i1, z.length()): null

13-01-2025T07:10:25 - [TEST_STEP][PASSED] - i1 = z.indexOf("/"): null

13-01-2025T07:10:25 - [TEST_STEP][PASSED] - i1 = z.indexOf("/") + 1: null

13-01-2025T07:10:25 - [TEST_STEP][PASSED] - if (i1 > -1): null

13-01-2025T07:10:25 - [TEST_STEP][PASSED] - z = z.substring(i1, z.length()): null

13-01-2025T07:10:25 - [TEST_STEP][PASSED] - i1 = z.indexOf("/"): null

13-01-2025T07:10:25 - [TEST_STEP][PASSED] - i1 = z.indexOf("/") + 1: null

13-01-2025T07:10:25 - [TEST_STEP][PASSED] - if (i1 > -1): null

13-01-2025T07:10:25 - [TEST_STEP][PASSED] - z = z.substring(i1, z.length()): null

13-01-2025T07:10:25 - [TEST_STEP][PASSED] - i1 = z.indexOf("/"): null

13-01-2025T07:10:25 - [TEST_STEP][PASSED] - i1 = z.indexOf("/") + 1: null

13-01-2025T07:10:25 - [TEST_STEP][PASSED] - if (i1 > -1): null

13-01-2025T07:10:25 - [TEST_STEP][PASSED] - z = z.substring(i1, z.length()): null

13-01-2025T07:10:25 - [TEST_STEP][PASSED] - i1 = z.indexOf("/"): null

13-01-2025T07:10:25 - [TEST_STEP][PASSED] - i1 = z.indexOf("/") + 1: null

13-01-2025T07:10:25 - [TEST_STEP][PASSED] - if (i1 > -1): null

13-01-2025T07:10:25 - [TEST_STEP][PASSED] - z = z.substring(i1, z.length()): null

13-01-2025T07:10:25 - [TEST_STEP][PASSED] - i1 = z.indexOf("/"): null

13-01-2025T07:10:25 - [TEST_STEP][PASSED] - i1 = z.indexOf("/") + 1: null

13-01-2025T07:10:25 - [TEST_STEP][PASSED] - if (i1 > -1): null

13-01-2025T07:10:25 - [TEST_STEP][PASSED] - z = z.substring(i1, z.length()): null

13-01-2025T07:10:25 - [TEST_STEP][PASSED] - i1 = z.indexOf("/"): null

13-01-2025T07:10:25 - [TEST_STEP][PASSED] - i1 = z.indexOf("/") + 1: null

13-01-2025T07:10:25 - [TEST_STEP][PASSED] - if (i1 > -1): null

13-01-2025T07:10:25 - [TEST_STEP][PASSED] - z = z.substring(i1, z.length()): null

13-01-2025T07:10:25 - [TEST_STEP][PASSED] - i1 = z.indexOf("/"): null

13-01-2025T07:10:25 - [TEST_STEP][PASSED] - i1 = z.indexOf("/") + 1: null

13-01-2025T07:10:25 - [TEST_STEP][PASSED] - if (i1 > -1): null

13-01-2025T07:10:25 - [TEST_STEP][PASSED] - z = z.substring(i1, z.length()): null

13-01-2025T07:10:25 - [TEST_STEP][PASSED] - i1 = z.indexOf("/"): null

13-01-2025T07:10:25 - [TEST_STEP][PASSED] - i1 = z.indexOf("/") + 1: null

13-01-2025T07:10:25 - [TEST_STEP][PASSED] - if (i1 > -1): null

13-01-2025T07:10:25 - [TEST_STEP][PASSED] - z = z.substring(i1, z.length()): null

13-01-2025T07:10:25 - [TEST_STEP][PASSED] - i1 = z.indexOf("/"): null

13-01-2025T07:10:25 - [TEST_STEP][PASSED] - i1 = z.indexOf("/"): null

13-01-2025T07:10:25 - [TEST_STEP][PASSED] - if (i1 > -1): null

13-01-2025T07:10:25 - [TEST_STEP][PASSED] - z = z.substring(0, i1): null

13-01-2025T07:10:25 - [TEST_STEP][PASSED] - z = z.replace(",", "."): null

13-01-2025T07:10:25 - [TEST_STEP][PASSED] - println(z): null

13-01-2025T07:10:25 - [TEST_STEP][PASSED] - x = x + "/" + z: null

13-01-2025T07:10:25 - [TEST_STEP][PASSED] - x = x.replaceAll("[\r?
|
]", ""): null

13-01-2025T07:10:25 - [TEST_STEP][PASSED] - println(x): null

13-01-2025T07:10:25 - [TEST_STEP][PASSED] - return x: null

13-01-2025T07:10:25 - [TEST_STEP][PASSED] - println("cenB: " + cenB): null

13-01-2025T07:10:25 - [TEST_STEP][PASSED] - i = VseDZO.indexOf("Приволжье"): null

13-01-2025T07:10:25 - [TEST_STEP][PASSED] - if (i > -1): null

13-01-2025T07:10:25 - [TEST_STEP][PASSED] - dZONum = dZONum + 1: null

13-01-2025T07:10:25 - [TEST_STEP][PASSED] - cIPB = GetAllData(path, dZONum, VseDZO, x = "Россети Центр и Приволжье (ГК)/"): null

13-01-2025T07:10:25 - [TEST_STEP][PASSED] - ii = <not implemented yet for class: org.codehaus.groovy.ast.expr.EmptyExpression>: null

13-01-2025T07:10:25 - [TEST_STEP][PASSED] - i1 = <not implemented yet for class: org.codehaus.groovy.ast.expr.EmptyExpression>: null

13-01-2025T07:10:25 - [TEST_STEP][PASSED] - z = <not implemented yet for class: org.codehaus.groovy.ast.expr.EmptyExpression>: null

13-01-2025T07:10:25 - [TEST_STEP][PASSED] - path2 = "Значения со страницы Выполнение бизнес-плана/Table Data/": null

13-01-2025T07:10:25 - [TEST_STEP][PASSED] - println("path: " + path): null

13-01-2025T07:10:25 - [TEST_STEP][PASSED] - println("dZONum: " + dZONum): null

13-01-2025T07:10:25 - [TEST_STEP][PASSED] - z = getText(findTestObject(path + "spanPlan" + dZONum)): Text of object 'Object Repository/Выполнение бизнес-плана/Выполнение бизнес-плана Балансы/spanPlan15' is: '7.17
|'

13-01-2025T07:10:25 - [MESSAGE][PASSED] - Text of object 'Object Repository/Выполнение бизнес-плана/Выполнение бизнес-плана Балансы/spanPlan15' is: '7.17
|'

13-01-2025T07:10:25 - [TEST_STEP][PASSED] - println(z): null

13-01-2025T07:10:25 - [TEST_STEP][PASSED] - ii = z.indexOf("|"): null

13-01-2025T07:10:25 - [TEST_STEP][PASSED] - if (ii > -1): null

13-01-2025T07:10:25 - [TEST_STEP][PASSED] - z = z.substring(0, z.length() - 1): null

13-01-2025T07:10:25 - [TEST_STEP][PASSED] - println(z): null

13-01-2025T07:10:25 - [TEST_STEP][PASSED] - z = z.replaceAll("\s+", ""): null

13-01-2025T07:10:25 - [TEST_STEP][PASSED] - z = z.replace("[\r?
|
]", "/"): null

13-01-2025T07:10:25 - [TEST_STEP][PASSED] - println(z): null

13-01-2025T07:10:25 - [TEST_STEP][PASSED] - x = x + z: null

13-01-2025T07:10:25 - [TEST_STEP][PASSED] - z = getText(findTestObject(path + "spanFact" + dZONum)): Text of object 'Object Repository/Выполнение бизнес-плана/Выполнение бизнес-плана Балансы/spanFact15' is: '6.90'

13-01-2025T07:10:25 - [MESSAGE][PASSED] - Text of object 'Object Repository/Выполнение бизнес-плана/Выполнение бизнес-плана Балансы/spanFact15' is: '6.90'

13-01-2025T07:10:25 - [TEST_STEP][PASSED] - ii = z.indexOf("|"): null

13-01-2025T07:10:25 - [TEST_STEP][PASSED] - if (ii > -1): null

13-01-2025T07:10:25 - [TEST_STEP][PASSED] - x = x + "/" + z: null

13-01-2025T07:10:25 - [TEST_STEP][PASSED] - z = getText(findTestObject(path + path2 + "Факт Отпуск в сеть за отчётный период " + dZONum)).replaceAll("\s+", ""): Text of object 'Object Repository/Выполнение бизнес-плана/Выполнение бизнес-плана Балансы/Значения со страницы Выполнение бизнес-плана/Table Data/Факт Отпуск в сеть за отчётный период 15' is: '50 348 815'

13-01-2025T07:10:26 - [MESSAGE][PASSED] - Text of object 'Object Repository/Выполнение бизнес-плана/Выполнение бизнес-плана Балансы/Значения со страницы Выполнение бизнес-плана/Table Data/Факт Отпуск в сеть за отчётный период 15' is: '50 348 815'

13-01-2025T07:10:26 - [TEST_STEP][PASSED] - x = x + "/" + z: null

13-01-2025T07:10:26 - [TEST_STEP][PASSED] - z = getText(findTestObject(path + path2 + "Факт Отпуск из сети за отчётный период " + dZONum)).replaceAll("\s+", ""): Text of object 'Object Repository/Выполнение бизнес-плана/Выполнение бизнес-плана Балансы/Значения со страницы Выполнение бизнес-плана/Table Data/Факт Отпуск из сети за отчётный период 15' is: '46 874 698'

13-01-2025T07:10:26 - [MESSAGE][PASSED] - Text of object 'Object Repository/Выполнение бизнес-плана/Выполнение бизнес-плана Балансы/Значения со страницы Выполнение бизнес-плана/Table Data/Факт Отпуск из сети за отчётный период 15' is: '46 874 698'

13-01-2025T07:10:26 - [TEST_STEP][PASSED] - x = x + "/" + z: null

13-01-2025T07:10:26 - [TEST_STEP][PASSED] - z = getText(findTestObject(path + path2 + "Факт Потери за отчётный период " + dZONum)).replaceAll("\s+", ""): Text of object 'Object Repository/Выполнение бизнес-плана/Выполнение бизнес-плана Балансы/Значения со страницы Выполнение бизнес-плана/Table Data/Факт Потери за отчётный период 15' is: '3 474 117'

13-01-2025T07:10:26 - [MESSAGE][PASSED] - Text of object 'Object Repository/Выполнение бизнес-плана/Выполнение бизнес-плана Балансы/Значения со страницы Выполнение бизнес-плана/Table Data/Факт Потери за отчётный период 15' is: '3 474 117'

13-01-2025T07:10:26 - [TEST_STEP][PASSED] - x = x + "/" + z: null

13-01-2025T07:10:26 - [TEST_STEP][PASSED] - z = getText(findTestObject(path + path2 + "План Отпуск в сеть за отчётный период " + dZONum)).replaceAll("\s+", ""): Text of object 'Object Repository/Выполнение бизнес-плана/Выполнение бизнес-плана Балансы/Значения со страницы Выполнение бизнес-плана/Table Data/План Отпуск в сеть за отчётный период 15' is: ''

13-01-2025T07:10:27 - [MESSAGE][PASSED] - Text of object 'Object Repository/Выполнение бизнес-плана/Выполнение бизнес-плана Балансы/Значения со страницы Выполнение бизнес-плана/Table Data/План Отпуск в сеть за отчётный период 15' is: ''

13-01-2025T07:10:27 - [TEST_STEP][PASSED] - if (z == ""): null

13-01-2025T07:10:27 - [TEST_STEP][PASSED] - z = "нет данных": null

13-01-2025T07:10:27 - [TEST_STEP][PASSED] - x = x + "/" + z: null

13-01-2025T07:10:27 - [TEST_STEP][PASSED] - z = getText(findTestObject(path + path2 + "План Отпуск из сети за отчётный период " + dZONum)).replaceAll("\s+", ""): Text of object 'Object Repository/Выполнение бизнес-плана/Выполнение бизнес-плана Балансы/Значения со страницы Выполнение бизнес-плана/Table Data/План Отпуск из сети за отчётный период 15' is: ''

13-01-2025T07:10:27 - [MESSAGE][PASSED] - Text of object 'Object Repository/Выполнение бизнес-плана/Выполнение бизнес-плана Балансы/Значения со страницы Выполнение бизнес-плана/Table Data/План Отпуск из сети за отчётный период 15' is: ''

13-01-2025T07:10:27 - [TEST_STEP][PASSED] - if (z == ""): null

13-01-2025T07:10:27 - [TEST_STEP][PASSED] - z = "нет данных": null

13-01-2025T07:10:27 - [TEST_STEP][PASSED] - x = x + "/" + z: null

13-01-2025T07:10:27 - [TEST_STEP][PASSED] - z = getText(findTestObject(path + path2 + "План Потери за отчётный период " + dZONum)).replaceAll("\s+", ""): Text of object 'Object Repository/Выполнение бизнес-плана/Выполнение бизнес-плана Балансы/Значения со страницы Выполнение бизнес-плана/Table Data/План Потери за отчётный период 15' is: ''

13-01-2025T07:10:27 - [MESSAGE][PASSED] - Text of object 'Object Repository/Выполнение бизнес-плана/Выполнение бизнес-плана Балансы/Значения со страницы Выполнение бизнес-плана/Table Data/План Потери за отчётный период 15' is: ''

13-01-2025T07:10:27 - [TEST_STEP][PASSED] - if (z == ""): null

13-01-2025T07:10:27 - [TEST_STEP][PASSED] - z = "нет данных": null

13-01-2025T07:10:27 - [TEST_STEP][PASSED] - x = x + "/" + z: null

13-01-2025T07:10:27 - [TEST_STEP][PASSED] - z = getText(findTestObject(path + "Список ДЗО")).replaceAll("[\r?
|
]", "/"): Text of object 'Object Repository/Выполнение бизнес-плана/Выполнение бизнес-плана Балансы/Список ДЗО' is: '-0.22
-0.07
3.10
-0.38
-0.73
-0.02
0.19
3.73
-0.43
-0.05
-0.03
0.16
-0.17
-0.52
-0.27
-0.49
-0.02
Россети ФСКЕЭС
АО«Тываэнерго»
АО«Чеченэнерго»
РоссетиВолга
РоссетиКубань
РоссетиЛенэнерго(ГК)
РоссетиМосковскийрегион
РоссетиСеверныйКавказ
РоссетиСеверо-Запад
РоссетиСибирь
РоссетиТомск
РоссетиТюмень
Россети Урал(ГК)
РоссетиЦентр (ГК)
РоссетиЦентр иПриволжье(ГК)
Россети Юг(ГК)
РоссетиЯнтарь
-2
0
2
4
6
8'

13-01-2025T07:10:28 - [MESSAGE][PASSED] - Text of object 'Object Repository/Выполнение бизнес-плана/Выполнение бизнес-плана Балансы/Список ДЗО' is: '-0.22
-0.07
3.10
-0.38
-0.73
-0.02
0.19
3.73
-0.43
-0.05
-0.03
0.16
-0.17
-0.52
-0.27
-0.49
-0.02
Россети ФСКЕЭС
АО«Тываэнерго»
АО«Чеченэнерго»
РоссетиВолга
РоссетиКубань
РоссетиЛенэнерго(ГК)
РоссетиМосковскийрегион
РоссетиСеверныйКавказ
РоссетиСеверо-Запад
РоссетиСибирь
РоссетиТомск
РоссетиТюмень
Россети Урал(ГК)
РоссетиЦентр (ГК)
РоссетиЦентр иПриволжье(ГК)
Россети Юг(ГК)
РоссетиЯнтарь
-2
0
2
4
6
8'

13-01-2025T07:10:28 - [TEST_STEP][PASSED] - for ([ii = 1, ii < dZONum, (ii++)]): null

13-01-2025T07:10:28 - [TEST_STEP][PASSED] - i1 = z.indexOf("/") + 1: null

13-01-2025T07:10:28 - [TEST_STEP][PASSED] - if (i1 > -1): null

13-01-2025T07:10:28 - [TEST_STEP][PASSED] - z = z.substring(i1, z.length()): null

13-01-2025T07:10:28 - [TEST_STEP][PASSED] - i1 = z.indexOf("/"): null

13-01-2025T07:10:28 - [TEST_STEP][PASSED] - i1 = z.indexOf("/") + 1: null

13-01-2025T07:10:28 - [TEST_STEP][PASSED] - if (i1 > -1): null

13-01-2025T07:10:28 - [TEST_STEP][PASSED] - z = z.substring(i1, z.length()): null

13-01-2025T07:10:28 - [TEST_STEP][PASSED] - i1 = z.indexOf("/"): null

13-01-2025T07:10:28 - [TEST_STEP][PASSED] - i1 = z.indexOf("/") + 1: null

13-01-2025T07:10:28 - [TEST_STEP][PASSED] - if (i1 > -1): null

13-01-2025T07:10:28 - [TEST_STEP][PASSED] - z = z.substring(i1, z.length()): null

13-01-2025T07:10:28 - [TEST_STEP][PASSED] - i1 = z.indexOf("/"): null

13-01-2025T07:10:28 - [TEST_STEP][PASSED] - i1 = z.indexOf("/") + 1: null

13-01-2025T07:10:28 - [TEST_STEP][PASSED] - if (i1 > -1): null

13-01-2025T07:10:28 - [TEST_STEP][PASSED] - z = z.substring(i1, z.length()): null

13-01-2025T07:10:28 - [TEST_STEP][PASSED] - i1 = z.indexOf("/"): null

13-01-2025T07:10:28 - [TEST_STEP][PASSED] - i1 = z.indexOf("/") + 1: null

13-01-2025T07:10:28 - [TEST_STEP][PASSED] - if (i1 > -1): null

13-01-2025T07:10:28 - [TEST_STEP][PASSED] - z = z.substring(i1, z.length()): null

13-01-2025T07:10:28 - [TEST_STEP][PASSED] - i1 = z.indexOf("/"): null

13-01-2025T07:10:28 - [TEST_STEP][PASSED] - i1 = z.indexOf("/") + 1: null

13-01-2025T07:10:28 - [TEST_STEP][PASSED] - if (i1 > -1): null

13-01-2025T07:10:28 - [TEST_STEP][PASSED] - z = z.substring(i1, z.length()): null

13-01-2025T07:10:28 - [TEST_STEP][PASSED] - i1 = z.indexOf("/"): null

13-01-2025T07:10:28 - [TEST_STEP][PASSED] - i1 = z.indexOf("/") + 1: null

13-01-2025T07:10:28 - [TEST_STEP][PASSED] - if (i1 > -1): null

13-01-2025T07:10:28 - [TEST_STEP][PASSED] - z = z.substring(i1, z.length()): null

13-01-2025T07:10:28 - [TEST_STEP][PASSED] - i1 = z.indexOf("/"): null

13-01-2025T07:10:28 - [TEST_STEP][PASSED] - i1 = z.indexOf("/") + 1: null

13-01-2025T07:10:28 - [TEST_STEP][PASSED] - if (i1 > -1): null

13-01-2025T07:10:28 - [TEST_STEP][PASSED] - z = z.substring(i1, z.length()): null

13-01-2025T07:10:28 - [TEST_STEP][PASSED] - i1 = z.indexOf("/"): null

13-01-2025T07:10:28 - [TEST_STEP][PASSED] - i1 = z.indexOf("/") + 1: null

13-01-2025T07:10:28 - [TEST_STEP][PASSED] - if (i1 > -1): null

13-01-2025T07:10:28 - [TEST_STEP][PASSED] - z = z.substring(i1, z.length()): null

13-01-2025T07:10:28 - [TEST_STEP][PASSED] - i1 = z.indexOf("/"): null

13-01-2025T07:10:28 - [TEST_STEP][PASSED] - i1 = z.indexOf("/") + 1: null

13-01-2025T07:10:28 - [TEST_STEP][PASSED] - if (i1 > -1): null

13-01-2025T07:10:28 - [TEST_STEP][PASSED] - z = z.substring(i1, z.length()): null

13-01-2025T07:10:28 - [TEST_STEP][PASSED] - i1 = z.indexOf("/"): null

13-01-2025T07:10:28 - [TEST_STEP][PASSED] - i1 = z.indexOf("/") + 1: null

13-01-2025T07:10:28 - [TEST_STEP][PASSED] - if (i1 > -1): null

13-01-2025T07:10:28 - [TEST_STEP][PASSED] - z = z.substring(i1, z.length()): null

13-01-2025T07:10:28 - [TEST_STEP][PASSED] - i1 = z.indexOf("/"): null

13-01-2025T07:10:28 - [TEST_STEP][PASSED] - i1 = z.indexOf("/") + 1: null

13-01-2025T07:10:28 - [TEST_STEP][PASSED] - if (i1 > -1): null

13-01-2025T07:10:28 - [TEST_STEP][PASSED] - z = z.substring(i1, z.length()): null

13-01-2025T07:10:28 - [TEST_STEP][PASSED] - i1 = z.indexOf("/"): null

13-01-2025T07:10:28 - [TEST_STEP][PASSED] - i1 = z.indexOf("/") + 1: null

13-01-2025T07:10:28 - [TEST_STEP][PASSED] - if (i1 > -1): null

13-01-2025T07:10:28 - [TEST_STEP][PASSED] - z = z.substring(i1, z.length()): null

13-01-2025T07:10:28 - [TEST_STEP][PASSED] - i1 = z.indexOf("/"): null

13-01-2025T07:10:28 - [TEST_STEP][PASSED] - i1 = z.indexOf("/") + 1: null

13-01-2025T07:10:28 - [TEST_STEP][PASSED] - if (i1 > -1): null

13-01-2025T07:10:28 - [TEST_STEP][PASSED] - z = z.substring(i1, z.length()): null

13-01-2025T07:10:28 - [TEST_STEP][PASSED] - i1 = z.indexOf("/"): null

13-01-2025T07:10:28 - [TEST_STEP][PASSED] - i1 = z.indexOf("/"): null

13-01-2025T07:10:28 - [TEST_STEP][PASSED] - if (i1 > -1): null

13-01-2025T07:10:28 - [TEST_STEP][PASSED] - z = z.substring(0, i1): null

13-01-2025T07:10:28 - [TEST_STEP][PASSED] - z = z.replace(",", "."): null

13-01-2025T07:10:28 - [TEST_STEP][PASSED] - println(z): null

13-01-2025T07:10:28 - [TEST_STEP][PASSED] - x = x + "/" + z: null

13-01-2025T07:10:28 - [TEST_STEP][PASSED] - x = x.replaceAll("[\r?
|
]", ""): null

13-01-2025T07:10:28 - [TEST_STEP][PASSED] - println(x): null

13-01-2025T07:10:28 - [TEST_STEP][PASSED] - return x: null

13-01-2025T07:10:28 - [TEST_STEP][PASSED] - println("cIPB: " + cIPB): null

13-01-2025T07:10:28 - [TEST_STEP][PASSED] - i = VseDZO.indexOf("Юг"): null

13-01-2025T07:10:28 - [TEST_STEP][PASSED] - if (i > -1): null

13-01-2025T07:10:28 - [TEST_STEP][PASSED] - dZONum = dZONum + 1: null

13-01-2025T07:10:28 - [TEST_STEP][PASSED] - ugB = GetAllData(path, dZONum, VseDZO, x = "Россети Юг (ГК)/"): null

13-01-2025T07:10:28 - [TEST_STEP][PASSED] - ii = <not implemented yet for class: org.codehaus.groovy.ast.expr.EmptyExpression>: null

13-01-2025T07:10:28 - [TEST_STEP][PASSED] - i1 = <not implemented yet for class: org.codehaus.groovy.ast.expr.EmptyExpression>: null

13-01-2025T07:10:28 - [TEST_STEP][PASSED] - z = <not implemented yet for class: org.codehaus.groovy.ast.expr.EmptyExpression>: null

13-01-2025T07:10:28 - [TEST_STEP][PASSED] - path2 = "Значения со страницы Выполнение бизнес-плана/Table Data/": null

13-01-2025T07:10:28 - [TEST_STEP][PASSED] - println("path: " + path): null

13-01-2025T07:10:28 - [TEST_STEP][PASSED] - println("dZONum: " + dZONum): null

13-01-2025T07:10:28 - [TEST_STEP][PASSED] - z = getText(findTestObject(path + "spanPlan" + dZONum)): Text of object 'Object Repository/Выполнение бизнес-плана/Выполнение бизнес-плана Балансы/spanPlan16' is: '9.21
|'

13-01-2025T07:10:28 - [MESSAGE][PASSED] - Text of object 'Object Repository/Выполнение бизнес-плана/Выполнение бизнес-плана Балансы/spanPlan16' is: '9.21
|'

13-01-2025T07:10:28 - [TEST_STEP][PASSED] - println(z): null

13-01-2025T07:10:28 - [TEST_STEP][PASSED] - ii = z.indexOf("|"): null

13-01-2025T07:10:28 - [TEST_STEP][PASSED] - if (ii > -1): null

13-01-2025T07:10:28 - [TEST_STEP][PASSED] - z = z.substring(0, z.length() - 1): null

13-01-2025T07:10:28 - [TEST_STEP][PASSED] - println(z): null

13-01-2025T07:10:28 - [TEST_STEP][PASSED] - z = z.replaceAll("\s+", ""): null

13-01-2025T07:10:28 - [TEST_STEP][PASSED] - z = z.replace("[\r?
|
]", "/"): null

13-01-2025T07:10:28 - [TEST_STEP][PASSED] - println(z): null

13-01-2025T07:10:28 - [TEST_STEP][PASSED] - x = x + z: null

13-01-2025T07:10:28 - [TEST_STEP][PASSED] - z = getText(findTestObject(path + "spanFact" + dZONum)): Text of object 'Object Repository/Выполнение бизнес-плана/Выполнение бизнес-плана Балансы/spanFact16' is: '8.73'

13-01-2025T07:10:28 - [MESSAGE][PASSED] - Text of object 'Object Repository/Выполнение бизнес-плана/Выполнение бизнес-плана Балансы/spanFact16' is: '8.73'

13-01-2025T07:10:28 - [TEST_STEP][PASSED] - ii = z.indexOf("|"): null

13-01-2025T07:10:28 - [TEST_STEP][PASSED] - if (ii > -1): null

13-01-2025T07:10:28 - [TEST_STEP][PASSED] - x = x + "/" + z: null

13-01-2025T07:10:28 - [TEST_STEP][PASSED] - z = getText(findTestObject(path + path2 + "Факт Отпуск в сеть за отчётный период " + dZONum)).replaceAll("\s+", ""): Text of object 'Object Repository/Выполнение бизнес-плана/Выполнение бизнес-плана Балансы/Значения со страницы Выполнение бизнес-плана/Table Data/Факт Отпуск в сеть за отчётный период 16' is: '27 351 234'

13-01-2025T07:10:28 - [MESSAGE][PASSED] - Text of object 'Object Repository/Выполнение бизнес-плана/Выполнение бизнес-плана Балансы/Значения со страницы Выполнение бизнес-плана/Table Data/Факт Отпуск в сеть за отчётный период 16' is: '27 351 234'

13-01-2025T07:10:28 - [TEST_STEP][PASSED] - x = x + "/" + z: null

13-01-2025T07:10:28 - [TEST_STEP][PASSED] - z = getText(findTestObject(path + path2 + "Факт Отпуск из сети за отчётный период " + dZONum)).replaceAll("\s+", ""): Text of object 'Object Repository/Выполнение бизнес-плана/Выполнение бизнес-плана Балансы/Значения со страницы Выполнение бизнес-плана/Table Data/Факт Отпуск из сети за отчётный период 16' is: '24 964 441'

13-01-2025T07:10:29 - [MESSAGE][PASSED] - Text of object 'Object Repository/Выполнение бизнес-плана/Выполнение бизнес-плана Балансы/Значения со страницы Выполнение бизнес-плана/Table Data/Факт Отпуск из сети за отчётный период 16' is: '24 964 441'

13-01-2025T07:10:29 - [TEST_STEP][PASSED] - x = x + "/" + z: null

13-01-2025T07:10:29 - [TEST_STEP][PASSED] - z = getText(findTestObject(path + path2 + "Факт Потери за отчётный период " + dZONum)).replaceAll("\s+", ""): Text of object 'Object Repository/Выполнение бизнес-плана/Выполнение бизнес-плана Балансы/Значения со страницы Выполнение бизнес-плана/Table Data/Факт Потери за отчётный период 16' is: '2 386 793'

13-01-2025T07:10:29 - [MESSAGE][PASSED] - Text of object 'Object Repository/Выполнение бизнес-плана/Выполнение бизнес-плана Балансы/Значения со страницы Выполнение бизнес-плана/Table Data/Факт Потери за отчётный период 16' is: '2 386 793'

13-01-2025T07:10:29 - [TEST_STEP][PASSED] - x = x + "/" + z: null

13-01-2025T07:10:29 - [TEST_STEP][PASSED] - z = getText(findTestObject(path + path2 + "План Отпуск в сеть за отчётный период " + dZONum)).replaceAll("\s+", ""): Text of object 'Object Repository/Выполнение бизнес-плана/Выполнение бизнес-плана Балансы/Значения со страницы Выполнение бизнес-плана/Table Data/План Отпуск в сеть за отчётный период 16' is: ''

13-01-2025T07:10:29 - [MESSAGE][PASSED] - Text of object 'Object Repository/Выполнение бизнес-плана/Выполнение бизнес-плана Балансы/Значения со страницы Выполнение бизнес-плана/Table Data/План Отпуск в сеть за отчётный период 16' is: ''

13-01-2025T07:10:29 - [TEST_STEP][PASSED] - if (z == ""): null

13-01-2025T07:10:29 - [TEST_STEP][PASSED] - z = "нет данных": null

13-01-2025T07:10:29 - [TEST_STEP][PASSED] - x = x + "/" + z: null

13-01-2025T07:10:29 - [TEST_STEP][PASSED] - z = getText(findTestObject(path + path2 + "План Отпуск из сети за отчётный период " + dZONum)).replaceAll("\s+", ""): Text of object 'Object Repository/Выполнение бизнес-плана/Выполнение бизнес-плана Балансы/Значения со страницы Выполнение бизнес-плана/Table Data/План Отпуск из сети за отчётный период 16' is: ''

13-01-2025T07:10:30 - [MESSAGE][PASSED] - Text of object 'Object Repository/Выполнение бизнес-плана/Выполнение бизнес-плана Балансы/Значения со страницы Выполнение бизнес-плана/Table Data/План Отпуск из сети за отчётный период 16' is: ''

13-01-2025T07:10:30 - [TEST_STEP][PASSED] - if (z == ""): null

13-01-2025T07:10:30 - [TEST_STEP][PASSED] - z = "нет данных": null

13-01-2025T07:10:30 - [TEST_STEP][PASSED] - x = x + "/" + z: null

13-01-2025T07:10:30 - [TEST_STEP][PASSED] - z = getText(findTestObject(path + path2 + "План Потери за отчётный период " + dZONum)).replaceAll("\s+", ""): Text of object 'Object Repository/Выполнение бизнес-плана/Выполнение бизнес-плана Балансы/Значения со страницы Выполнение бизнес-плана/Table Data/План Потери за отчётный период 16' is: ''

13-01-2025T07:10:30 - [MESSAGE][PASSED] - Text of object 'Object Repository/Выполнение бизнес-плана/Выполнение бизнес-плана Балансы/Значения со страницы Выполнение бизнес-плана/Table Data/План Потери за отчётный период 16' is: ''

13-01-2025T07:10:30 - [TEST_STEP][PASSED] - if (z == ""): null

13-01-2025T07:10:30 - [TEST_STEP][PASSED] - z = "нет данных": null

13-01-2025T07:10:30 - [TEST_STEP][PASSED] - x = x + "/" + z: null

13-01-2025T07:10:30 - [TEST_STEP][PASSED] - z = getText(findTestObject(path + "Список ДЗО")).replaceAll("[\r?
|
]", "/"): Text of object 'Object Repository/Выполнение бизнес-плана/Выполнение бизнес-плана Балансы/Список ДЗО' is: '-0.22
-0.07
3.10
-0.38
-0.73
-0.02
0.19
3.73
-0.43
-0.05
-0.03
0.16
-0.17
-0.52
-0.27
-0.49
-0.02
Россети ФСКЕЭС
АО«Тываэнерго»
АО«Чеченэнерго»
РоссетиВолга
РоссетиКубань
РоссетиЛенэнерго(ГК)
РоссетиМосковскийрегион
РоссетиСеверныйКавказ
РоссетиСеверо-Запад
РоссетиСибирь
РоссетиТомск
РоссетиТюмень
Россети Урал(ГК)
РоссетиЦентр (ГК)
РоссетиЦентр иПриволжье(ГК)
Россети Юг(ГК)
РоссетиЯнтарь
-2
0
2
4
6
8'

13-01-2025T07:10:30 - [MESSAGE][PASSED] - Text of object 'Object Repository/Выполнение бизнес-плана/Выполнение бизнес-плана Балансы/Список ДЗО' is: '-0.22
-0.07
3.10
-0.38
-0.73
-0.02
0.19
3.73
-0.43
-0.05
-0.03
0.16
-0.17
-0.52
-0.27
-0.49
-0.02
Россети ФСКЕЭС
АО«Тываэнерго»
АО«Чеченэнерго»
РоссетиВолга
РоссетиКубань
РоссетиЛенэнерго(ГК)
РоссетиМосковскийрегион
РоссетиСеверныйКавказ
РоссетиСеверо-Запад
РоссетиСибирь
РоссетиТомск
РоссетиТюмень
Россети Урал(ГК)
РоссетиЦентр (ГК)
РоссетиЦентр иПриволжье(ГК)
Россети Юг(ГК)
РоссетиЯнтарь
-2
0
2
4
6
8'

13-01-2025T07:10:30 - [TEST_STEP][PASSED] - for ([ii = 1, ii < dZONum, (ii++)]): null

13-01-2025T07:10:30 - [TEST_STEP][PASSED] - i1 = z.indexOf("/") + 1: null

13-01-2025T07:10:30 - [TEST_STEP][PASSED] - if (i1 > -1): null

13-01-2025T07:10:30 - [TEST_STEP][PASSED] - z = z.substring(i1, z.length()): null

13-01-2025T07:10:30 - [TEST_STEP][PASSED] - i1 = z.indexOf("/"): null

13-01-2025T07:10:30 - [TEST_STEP][PASSED] - i1 = z.indexOf("/") + 1: null

13-01-2025T07:10:30 - [TEST_STEP][PASSED] - if (i1 > -1): null

13-01-2025T07:10:30 - [TEST_STEP][PASSED] - z = z.substring(i1, z.length()): null

13-01-2025T07:10:30 - [TEST_STEP][PASSED] - i1 = z.indexOf("/"): null

13-01-2025T07:10:30 - [TEST_STEP][PASSED] - i1 = z.indexOf("/") + 1: null

13-01-2025T07:10:30 - [TEST_STEP][PASSED] - if (i1 > -1): null

13-01-2025T07:10:30 - [TEST_STEP][PASSED] - z = z.substring(i1, z.length()): null

13-01-2025T07:10:30 - [TEST_STEP][PASSED] - i1 = z.indexOf("/"): null

13-01-2025T07:10:30 - [TEST_STEP][PASSED] - i1 = z.indexOf("/") + 1: null

13-01-2025T07:10:30 - [TEST_STEP][PASSED] - if (i1 > -1): null

13-01-2025T07:10:30 - [TEST_STEP][PASSED] - z = z.substring(i1, z.length()): null

13-01-2025T07:10:30 - [TEST_STEP][PASSED] - i1 = z.indexOf("/"): null

13-01-2025T07:10:30 - [TEST_STEP][PASSED] - i1 = z.indexOf("/") + 1: null

13-01-2025T07:10:30 - [TEST_STEP][PASSED] - if (i1 > -1): null

13-01-2025T07:10:30 - [TEST_STEP][PASSED] - z = z.substring(i1, z.length()): null

13-01-2025T07:10:30 - [TEST_STEP][PASSED] - i1 = z.indexOf("/"): null

13-01-2025T07:10:30 - [TEST_STEP][PASSED] - i1 = z.indexOf("/") + 1: null

13-01-2025T07:10:30 - [TEST_STEP][PASSED] - if (i1 > -1): null

13-01-2025T07:10:30 - [TEST_STEP][PASSED] - z = z.substring(i1, z.length()): null

13-01-2025T07:10:30 - [TEST_STEP][PASSED] - i1 = z.indexOf("/"): null

13-01-2025T07:10:30 - [TEST_STEP][PASSED] - i1 = z.indexOf("/") + 1: null

13-01-2025T07:10:30 - [TEST_STEP][PASSED] - if (i1 > -1): null

13-01-2025T07:10:30 - [TEST_STEP][PASSED] - z = z.substring(i1, z.length()): null

13-01-2025T07:10:30 - [TEST_STEP][PASSED] - i1 = z.indexOf("/"): null

13-01-2025T07:10:30 - [TEST_STEP][PASSED] - i1 = z.indexOf("/") + 1: null

13-01-2025T07:10:30 - [TEST_STEP][PASSED] - if (i1 > -1): null

13-01-2025T07:10:30 - [TEST_STEP][PASSED] - z = z.substring(i1, z.length()): null

13-01-2025T07:10:30 - [TEST_STEP][PASSED] - i1 = z.indexOf("/"): null

13-01-2025T07:10:30 - [TEST_STEP][PASSED] - i1 = z.indexOf("/") + 1: null

13-01-2025T07:10:30 - [TEST_STEP][PASSED] - if (i1 > -1): null

13-01-2025T07:10:30 - [TEST_STEP][PASSED] - z = z.substring(i1, z.length()): null

13-01-2025T07:10:30 - [TEST_STEP][PASSED] - i1 = z.indexOf("/"): null

13-01-2025T07:10:30 - [TEST_STEP][PASSED] - i1 = z.indexOf("/") + 1: null

13-01-2025T07:10:30 - [TEST_STEP][PASSED] - if (i1 > -1): null

13-01-2025T07:10:30 - [TEST_STEP][PASSED] - z = z.substring(i1, z.length()): null

13-01-2025T07:10:30 - [TEST_STEP][PASSED] - i1 = z.indexOf("/"): null

13-01-2025T07:10:30 - [TEST_STEP][PASSED] - i1 = z.indexOf("/") + 1: null

13-01-2025T07:10:30 - [TEST_STEP][PASSED] - if (i1 > -1): null

13-01-2025T07:10:30 - [TEST_STEP][PASSED] - z = z.substring(i1, z.length()): null

13-01-2025T07:10:30 - [TEST_STEP][PASSED] - i1 = z.indexOf("/"): null

13-01-2025T07:10:30 - [TEST_STEP][PASSED] - i1 = z.indexOf("/") + 1: null

13-01-2025T07:10:30 - [TEST_STEP][PASSED] - if (i1 > -1): null

13-01-2025T07:10:30 - [TEST_STEP][PASSED] - z = z.substring(i1, z.length()): null

13-01-2025T07:10:30 - [TEST_STEP][PASSED] - i1 = z.indexOf("/"): null

13-01-2025T07:10:30 - [TEST_STEP][PASSED] - i1 = z.indexOf("/") + 1: null

13-01-2025T07:10:30 - [TEST_STEP][PASSED] - if (i1 > -1): null

13-01-2025T07:10:30 - [TEST_STEP][PASSED] - z = z.substring(i1, z.length()): null

13-01-2025T07:10:30 - [TEST_STEP][PASSED] - i1 = z.indexOf("/"): null

13-01-2025T07:10:30 - [TEST_STEP][PASSED] - i1 = z.indexOf("/") + 1: null

13-01-2025T07:10:30 - [TEST_STEP][PASSED] - if (i1 > -1): null

13-01-2025T07:10:30 - [TEST_STEP][PASSED] - z = z.substring(i1, z.length()): null

13-01-2025T07:10:30 - [TEST_STEP][PASSED] - i1 = z.indexOf("/"): null

13-01-2025T07:10:30 - [TEST_STEP][PASSED] - i1 = z.indexOf("/") + 1: null

13-01-2025T07:10:30 - [TEST_STEP][PASSED] - if (i1 > -1): null

13-01-2025T07:10:30 - [TEST_STEP][PASSED] - z = z.substring(i1, z.length()): null

13-01-2025T07:10:30 - [TEST_STEP][PASSED] - i1 = z.indexOf("/"): null

13-01-2025T07:10:30 - [TEST_STEP][PASSED] - i1 = z.indexOf("/"): null

13-01-2025T07:10:30 - [TEST_STEP][PASSED] - if (i1 > -1): null

13-01-2025T07:10:30 - [TEST_STEP][PASSED] - z = z.substring(0, i1): null

13-01-2025T07:10:30 - [TEST_STEP][PASSED] - z = z.replace(",", "."): null

13-01-2025T07:10:30 - [TEST_STEP][PASSED] - println(z): null

13-01-2025T07:10:30 - [TEST_STEP][PASSED] - x = x + "/" + z: null

13-01-2025T07:10:30 - [TEST_STEP][PASSED] - x = x.replaceAll("[\r?
|
]", ""): null

13-01-2025T07:10:30 - [TEST_STEP][PASSED] - println(x): null

13-01-2025T07:10:30 - [TEST_STEP][PASSED] - return x: null

13-01-2025T07:10:30 - [TEST_STEP][PASSED] - println("ugB: " + ugB): null

13-01-2025T07:10:30 - [TEST_STEP][PASSED] - i = VseDZO.indexOf("Янтарь"): null

13-01-2025T07:10:30 - [TEST_STEP][PASSED] - if (i > -1): null

13-01-2025T07:10:30 - [TEST_STEP][PASSED] - dZONum = dZONum + 1: null

13-01-2025T07:10:30 - [TEST_STEP][PASSED] - yB = GetAllData(path, dZONum, VseDZO, x = "Россети Янтарь/"): null

13-01-2025T07:10:30 - [TEST_STEP][PASSED] - ii = <not implemented yet for class: org.codehaus.groovy.ast.expr.EmptyExpression>: null

13-01-2025T07:10:30 - [TEST_STEP][PASSED] - i1 = <not implemented yet for class: org.codehaus.groovy.ast.expr.EmptyExpression>: null

13-01-2025T07:10:30 - [TEST_STEP][PASSED] - z = <not implemented yet for class: org.codehaus.groovy.ast.expr.EmptyExpression>: null

13-01-2025T07:10:30 - [TEST_STEP][PASSED] - path2 = "Значения со страницы Выполнение бизнес-плана/Table Data/": null

13-01-2025T07:10:30 - [TEST_STEP][PASSED] - println("path: " + path): null

13-01-2025T07:10:30 - [TEST_STEP][PASSED] - println("dZONum: " + dZONum): null

13-01-2025T07:10:30 - [TEST_STEP][PASSED] - z = getText(findTestObject(path + "spanPlan" + dZONum)): Text of object 'Object Repository/Выполнение бизнес-плана/Выполнение бизнес-плана Балансы/spanPlan17' is: '9.02
|'

13-01-2025T07:10:31 - [MESSAGE][PASSED] - Text of object 'Object Repository/Выполнение бизнес-плана/Выполнение бизнес-плана Балансы/spanPlan17' is: '9.02
|'

13-01-2025T07:10:31 - [TEST_STEP][PASSED] - println(z): null

13-01-2025T07:10:31 - [TEST_STEP][PASSED] - ii = z.indexOf("|"): null

13-01-2025T07:10:31 - [TEST_STEP][PASSED] - if (ii > -1): null

13-01-2025T07:10:31 - [TEST_STEP][PASSED] - z = z.substring(0, z.length() - 1): null

13-01-2025T07:10:31 - [TEST_STEP][PASSED] - println(z): null

13-01-2025T07:10:31 - [TEST_STEP][PASSED] - z = z.replaceAll("\s+", ""): null

13-01-2025T07:10:31 - [TEST_STEP][PASSED] - z = z.replace("[\r?
|
]", "/"): null

13-01-2025T07:10:31 - [TEST_STEP][PASSED] - println(z): null

13-01-2025T07:10:31 - [TEST_STEP][PASSED] - x = x + z: null

13-01-2025T07:10:31 - [TEST_STEP][PASSED] - z = getText(findTestObject(path + "spanFact" + dZONum)): Text of object 'Object Repository/Выполнение бизнес-плана/Выполнение бизнес-плана Балансы/spanFact17' is: '9.00'

13-01-2025T07:10:31 - [MESSAGE][PASSED] - Text of object 'Object Repository/Выполнение бизнес-плана/Выполнение бизнес-плана Балансы/spanFact17' is: '9.00'

13-01-2025T07:10:31 - [TEST_STEP][PASSED] - ii = z.indexOf("|"): null

13-01-2025T07:10:31 - [TEST_STEP][PASSED] - if (ii > -1): null

13-01-2025T07:10:31 - [TEST_STEP][PASSED] - x = x + "/" + z: null

13-01-2025T07:10:31 - [TEST_STEP][PASSED] - z = getText(findTestObject(path + path2 + "Факт Отпуск в сеть за отчётный период " + dZONum)).replaceAll("\s+", ""): Text of object 'Object Repository/Выполнение бизнес-плана/Выполнение бизнес-плана Балансы/Значения со страницы Выполнение бизнес-плана/Table Data/Факт Отпуск в сеть за отчётный период 17' is: '4 181 934'

13-01-2025T07:10:31 - [MESSAGE][PASSED] - Text of object 'Object Repository/Выполнение бизнес-плана/Выполнение бизнес-плана Балансы/Значения со страницы Выполнение бизнес-плана/Table Data/Факт Отпуск в сеть за отчётный период 17' is: '4 181 934'

13-01-2025T07:10:31 - [TEST_STEP][PASSED] - x = x + "/" + z: null

13-01-2025T07:10:31 - [TEST_STEP][PASSED] - z = getText(findTestObject(path + path2 + "Факт Отпуск из сети за отчётный период " + dZONum)).replaceAll("\s+", ""): Text of object 'Object Repository/Выполнение бизнес-плана/Выполнение бизнес-плана Балансы/Значения со страницы Выполнение бизнес-плана/Table Data/Факт Отпуск из сети за отчётный период 17' is: '3 807 771'

13-01-2025T07:10:31 - [MESSAGE][PASSED] - Text of object 'Object Repository/Выполнение бизнес-плана/Выполнение бизнес-плана Балансы/Значения со страницы Выполнение бизнес-плана/Table Data/Факт Отпуск из сети за отчётный период 17' is: '3 807 771'

13-01-2025T07:10:31 - [TEST_STEP][PASSED] - x = x + "/" + z: null

13-01-2025T07:10:31 - [TEST_STEP][PASSED] - z = getText(findTestObject(path + path2 + "Факт Потери за отчётный период " + dZONum)).replaceAll("\s+", ""): Text of object 'Object Repository/Выполнение бизнес-плана/Выполнение бизнес-плана Балансы/Значения со страницы Выполнение бизнес-плана/Table Data/Факт Потери за отчётный период 17' is: '376 375'

13-01-2025T07:10:32 - [MESSAGE][PASSED] - Text of object 'Object Repository/Выполнение бизнес-плана/Выполнение бизнес-плана Балансы/Значения со страницы Выполнение бизнес-плана/Table Data/Факт Потери за отчётный период 17' is: '376 375'

13-01-2025T07:10:32 - [TEST_STEP][PASSED] - x = x + "/" + z: null

13-01-2025T07:10:32 - [TEST_STEP][PASSED] - z = getText(findTestObject(path + path2 + "План Отпуск в сеть за отчётный период " + dZONum)).replaceAll("\s+", ""): Text of object 'Object Repository/Выполнение бизнес-плана/Выполнение бизнес-плана Балансы/Значения со страницы Выполнение бизнес-плана/Table Data/План Отпуск в сеть за отчётный период 17' is: ''

13-01-2025T07:10:32 - [MESSAGE][PASSED] - Text of object 'Object Repository/Выполнение бизнес-плана/Выполнение бизнес-плана Балансы/Значения со страницы Выполнение бизнес-плана/Table Data/План Отпуск в сеть за отчётный период 17' is: ''

13-01-2025T07:10:32 - [TEST_STEP][PASSED] - if (z == ""): null

13-01-2025T07:10:32 - [TEST_STEP][PASSED] - z = "нет данных": null

13-01-2025T07:10:32 - [TEST_STEP][PASSED] - x = x + "/" + z: null

13-01-2025T07:10:32 - [TEST_STEP][PASSED] - z = getText(findTestObject(path + path2 + "План Отпуск из сети за отчётный период " + dZONum)).replaceAll("\s+", ""): Text of object 'Object Repository/Выполнение бизнес-плана/Выполнение бизнес-плана Балансы/Значения со страницы Выполнение бизнес-плана/Table Data/План Отпуск из сети за отчётный период 17' is: ''

13-01-2025T07:10:32 - [MESSAGE][PASSED] - Text of object 'Object Repository/Выполнение бизнес-плана/Выполнение бизнес-плана Балансы/Значения со страницы Выполнение бизнес-плана/Table Data/План Отпуск из сети за отчётный период 17' is: ''

13-01-2025T07:10:32 - [TEST_STEP][PASSED] - if (z == ""): null

13-01-2025T07:10:32 - [TEST_STEP][PASSED] - z = "нет данных": null

13-01-2025T07:10:32 - [TEST_STEP][PASSED] - x = x + "/" + z: null

13-01-2025T07:10:32 - [TEST_STEP][PASSED] - z = getText(findTestObject(path + path2 + "План Потери за отчётный период " + dZONum)).replaceAll("\s+", ""): Text of object 'Object Repository/Выполнение бизнес-плана/Выполнение бизнес-плана Балансы/Значения со страницы Выполнение бизнес-плана/Table Data/План Потери за отчётный период 17' is: ''

13-01-2025T07:10:33 - [MESSAGE][PASSED] - Text of object 'Object Repository/Выполнение бизнес-плана/Выполнение бизнес-плана Балансы/Значения со страницы Выполнение бизнес-плана/Table Data/План Потери за отчётный период 17' is: ''

13-01-2025T07:10:33 - [TEST_STEP][PASSED] - if (z == ""): null

13-01-2025T07:10:33 - [TEST_STEP][PASSED] - z = "нет данных": null

13-01-2025T07:10:33 - [TEST_STEP][PASSED] - x = x + "/" + z: null

13-01-2025T07:10:33 - [TEST_STEP][PASSED] - z = getText(findTestObject(path + "Список ДЗО")).replaceAll("[\r?
|
]", "/"): Text of object 'Object Repository/Выполнение бизнес-плана/Выполнение бизнес-плана Балансы/Список ДЗО' is: '-0.22
-0.07
3.10
-0.38
-0.73
-0.02
0.19
3.73
-0.43
-0.05
-0.03
0.16
-0.17
-0.52
-0.27
-0.49
-0.02
Россети ФСКЕЭС
АО«Тываэнерго»
АО«Чеченэнерго»
РоссетиВолга
РоссетиКубань
РоссетиЛенэнерго(ГК)
РоссетиМосковскийрегион
РоссетиСеверныйКавказ
РоссетиСеверо-Запад
РоссетиСибирь
РоссетиТомск
РоссетиТюмень
Россети Урал(ГК)
РоссетиЦентр (ГК)
РоссетиЦентр иПриволжье(ГК)
Россети Юг(ГК)
РоссетиЯнтарь
-2
0
2
4
6
8'

13-01-2025T07:10:33 - [MESSAGE][PASSED] - Text of object 'Object Repository/Выполнение бизнес-плана/Выполнение бизнес-плана Балансы/Список ДЗО' is: '-0.22
-0.07
3.10
-0.38
-0.73
-0.02
0.19
3.73
-0.43
-0.05
-0.03
0.16
-0.17
-0.52
-0.27
-0.49
-0.02
Россети ФСКЕЭС
АО«Тываэнерго»
АО«Чеченэнерго»
РоссетиВолга
РоссетиКубань
РоссетиЛенэнерго(ГК)
РоссетиМосковскийрегион
РоссетиСеверныйКавказ
РоссетиСеверо-Запад
РоссетиСибирь
РоссетиТомск
РоссетиТюмень
Россети Урал(ГК)
РоссетиЦентр (ГК)
РоссетиЦентр иПриволжье(ГК)
Россети Юг(ГК)
РоссетиЯнтарь
-2
0
2
4
6
8'

13-01-2025T07:10:33 - [TEST_STEP][PASSED] - for ([ii = 1, ii < dZONum, (ii++)]): null

13-01-2025T07:10:33 - [TEST_STEP][PASSED] - i1 = z.indexOf("/") + 1: null

13-01-2025T07:10:33 - [TEST_STEP][PASSED] - if (i1 > -1): null

13-01-2025T07:10:33 - [TEST_STEP][PASSED] - z = z.substring(i1, z.length()): null

13-01-2025T07:10:33 - [TEST_STEP][PASSED] - i1 = z.indexOf("/"): null

13-01-2025T07:10:33 - [TEST_STEP][PASSED] - i1 = z.indexOf("/") + 1: null

13-01-2025T07:10:33 - [TEST_STEP][PASSED] - if (i1 > -1): null

13-01-2025T07:10:33 - [TEST_STEP][PASSED] - z = z.substring(i1, z.length()): null

13-01-2025T07:10:33 - [TEST_STEP][PASSED] - i1 = z.indexOf("/"): null

13-01-2025T07:10:33 - [TEST_STEP][PASSED] - i1 = z.indexOf("/") + 1: null

13-01-2025T07:10:33 - [TEST_STEP][PASSED] - if (i1 > -1): null

13-01-2025T07:10:33 - [TEST_STEP][PASSED] - z = z.substring(i1, z.length()): null

13-01-2025T07:10:33 - [TEST_STEP][PASSED] - i1 = z.indexOf("/"): null

13-01-2025T07:10:33 - [TEST_STEP][PASSED] - i1 = z.indexOf("/") + 1: null

13-01-2025T07:10:33 - [TEST_STEP][PASSED] - if (i1 > -1): null

13-01-2025T07:10:33 - [TEST_STEP][PASSED] - z = z.substring(i1, z.length()): null

13-01-2025T07:10:33 - [TEST_STEP][PASSED] - i1 = z.indexOf("/"): null

13-01-2025T07:10:33 - [TEST_STEP][PASSED] - i1 = z.indexOf("/") + 1: null

13-01-2025T07:10:33 - [TEST_STEP][PASSED] - if (i1 > -1): null

13-01-2025T07:10:33 - [TEST_STEP][PASSED] - z = z.substring(i1, z.length()): null

13-01-2025T07:10:33 - [TEST_STEP][PASSED] - i1 = z.indexOf("/"): null

13-01-2025T07:10:33 - [TEST_STEP][PASSED] - i1 = z.indexOf("/") + 1: null

13-01-2025T07:10:33 - [TEST_STEP][PASSED] - if (i1 > -1): null

13-01-2025T07:10:33 - [TEST_STEP][PASSED] - z = z.substring(i1, z.length()): null

13-01-2025T07:10:33 - [TEST_STEP][PASSED] - i1 = z.indexOf("/"): null

13-01-2025T07:10:33 - [TEST_STEP][PASSED] - i1 = z.indexOf("/") + 1: null

13-01-2025T07:10:33 - [TEST_STEP][PASSED] - if (i1 > -1): null

13-01-2025T07:10:33 - [TEST_STEP][PASSED] - z = z.substring(i1, z.length()): null

13-01-2025T07:10:33 - [TEST_STEP][PASSED] - i1 = z.indexOf("/"): null

13-01-2025T07:10:33 - [TEST_STEP][PASSED] - i1 = z.indexOf("/") + 1: null

13-01-2025T07:10:33 - [TEST_STEP][PASSED] - if (i1 > -1): null

13-01-2025T07:10:33 - [TEST_STEP][PASSED] - z = z.substring(i1, z.length()): null

13-01-2025T07:10:33 - [TEST_STEP][PASSED] - i1 = z.indexOf("/"): null

13-01-2025T07:10:33 - [TEST_STEP][PASSED] - i1 = z.indexOf("/") + 1: null

13-01-2025T07:10:33 - [TEST_STEP][PASSED] - if (i1 > -1): null

13-01-2025T07:10:33 - [TEST_STEP][PASSED] - z = z.substring(i1, z.length()): null

13-01-2025T07:10:33 - [TEST_STEP][PASSED] - i1 = z.indexOf("/"): null

13-01-2025T07:10:33 - [TEST_STEP][PASSED] - i1 = z.indexOf("/") + 1: null

13-01-2025T07:10:33 - [TEST_STEP][PASSED] - if (i1 > -1): null

13-01-2025T07:10:33 - [TEST_STEP][PASSED] - z = z.substring(i1, z.length()): null

13-01-2025T07:10:33 - [TEST_STEP][PASSED] - i1 = z.indexOf("/"): null

13-01-2025T07:10:33 - [TEST_STEP][PASSED] - i1 = z.indexOf("/") + 1: null

13-01-2025T07:10:33 - [TEST_STEP][PASSED] - if (i1 > -1): null

13-01-2025T07:10:33 - [TEST_STEP][PASSED] - z = z.substring(i1, z.length()): null

13-01-2025T07:10:33 - [TEST_STEP][PASSED] - i1 = z.indexOf("/"): null

13-01-2025T07:10:33 - [TEST_STEP][PASSED] - i1 = z.indexOf("/") + 1: null

13-01-2025T07:10:33 - [TEST_STEP][PASSED] - if (i1 > -1): null

13-01-2025T07:10:33 - [TEST_STEP][PASSED] - z = z.substring(i1, z.length()): null

13-01-2025T07:10:33 - [TEST_STEP][PASSED] - i1 = z.indexOf("/"): null

13-01-2025T07:10:33 - [TEST_STEP][PASSED] - i1 = z.indexOf("/") + 1: null

13-01-2025T07:10:33 - [TEST_STEP][PASSED] - if (i1 > -1): null

13-01-2025T07:10:33 - [TEST_STEP][PASSED] - z = z.substring(i1, z.length()): null

13-01-2025T07:10:33 - [TEST_STEP][PASSED] - i1 = z.indexOf("/"): null

13-01-2025T07:10:33 - [TEST_STEP][PASSED] - i1 = z.indexOf("/") + 1: null

13-01-2025T07:10:33 - [TEST_STEP][PASSED] - if (i1 > -1): null

13-01-2025T07:10:33 - [TEST_STEP][PASSED] - z = z.substring(i1, z.length()): null

13-01-2025T07:10:33 - [TEST_STEP][PASSED] - i1 = z.indexOf("/"): null

13-01-2025T07:10:33 - [TEST_STEP][PASSED] - i1 = z.indexOf("/") + 1: null

13-01-2025T07:10:33 - [TEST_STEP][PASSED] - if (i1 > -1): null

13-01-2025T07:10:33 - [TEST_STEP][PASSED] - z = z.substring(i1, z.length()): null

13-01-2025T07:10:33 - [TEST_STEP][PASSED] - i1 = z.indexOf("/"): null

13-01-2025T07:10:33 - [TEST_STEP][PASSED] - i1 = z.indexOf("/") + 1: null

13-01-2025T07:10:33 - [TEST_STEP][PASSED] - if (i1 > -1): null

13-01-2025T07:10:33 - [TEST_STEP][PASSED] - z = z.substring(i1, z.length()): null

13-01-2025T07:10:33 - [TEST_STEP][PASSED] - i1 = z.indexOf("/"): null

13-01-2025T07:10:33 - [TEST_STEP][PASSED] - i1 = z.indexOf("/"): null

13-01-2025T07:10:33 - [TEST_STEP][PASSED] - if (i1 > -1): null

13-01-2025T07:10:33 - [TEST_STEP][PASSED] - z = z.substring(0, i1): null

13-01-2025T07:10:33 - [TEST_STEP][PASSED] - z = z.replace(",", "."): null

13-01-2025T07:10:33 - [TEST_STEP][PASSED] - println(z): null

13-01-2025T07:10:33 - [TEST_STEP][PASSED] - x = x + "/" + z: null

13-01-2025T07:10:33 - [TEST_STEP][PASSED] - x = x.replaceAll("[\r?
|
]", ""): null

13-01-2025T07:10:33 - [TEST_STEP][PASSED] - println(x): null

13-01-2025T07:10:33 - [TEST_STEP][PASSED] - return x: null

13-01-2025T07:10:33 - [TEST_STEP][PASSED] - println("yB: " + yB): null

13-01-2025T07:10:33 - [TEST_STEP][PASSED] - VseDZO = getText(findTestObject(path + "Список ДЗО")): Text of object 'Object Repository/Выполнение бизнес-плана/Выполнение бизнес-плана Балансы/Список ДЗО' is: '-0.22
-0.07
3.10
-0.38
-0.73
-0.02
0.19
3.73
-0.43
-0.05
-0.03
0.16
-0.17
-0.52
-0.27
-0.49
-0.02
Россети ФСКЕЭС
АО«Тываэнерго»
АО«Чеченэнерго»
РоссетиВолга
РоссетиКубань
РоссетиЛенэнерго(ГК)
РоссетиМосковскийрегион
РоссетиСеверныйКавказ
РоссетиСеверо-Запад
РоссетиСибирь
РоссетиТомск
РоссетиТюмень
Россети Урал(ГК)
РоссетиЦентр (ГК)
РоссетиЦентр иПриволжье(ГК)
Россети Юг(ГК)
РоссетиЯнтарь
-2
0
2
4
6
8'

13-01-2025T07:10:33 - [MESSAGE][PASSED] - Text of object 'Object Repository/Выполнение бизнес-плана/Выполнение бизнес-плана Балансы/Список ДЗО' is: '-0.22
-0.07
3.10
-0.38
-0.73
-0.02
0.19
3.73
-0.43
-0.05
-0.03
0.16
-0.17
-0.52
-0.27
-0.49
-0.02
Россети ФСКЕЭС
АО«Тываэнерго»
АО«Чеченэнерго»
РоссетиВолга
РоссетиКубань
РоссетиЛенэнерго(ГК)
РоссетиМосковскийрегион
РоссетиСеверныйКавказ
РоссетиСеверо-Запад
РоссетиСибирь
РоссетиТомск
РоссетиТюмень
Россети Урал(ГК)
РоссетиЦентр (ГК)
РоссетиЦентр иПриволжье(ГК)
Россети Юг(ГК)
РоссетиЯнтарь
-2
0
2
4
6
8'

13-01-2025T07:10:33 - [TEST_STEP][FAILED] - if (blockNum == 2): null

13-01-2025T07:10:33 - [TEST_STEP][FAILED] - if (verifyEqual(pRR, pRB) == false): null

13-01-2025T07:10:33 - [MESSAGE][FAILED] - Unable to verify equal between actual object 'ПАО Россети/5.56/5.52/230146370/209300970/20845400/225220588/205622267/19598321' and expected object 'ПАО Россети/5.97/8.12/564981141/519906785/45074356/1099581364/1035495329/64086036' (Root cause: com.kms.katalon.core.exception.StepFailedException: Actual object 'ПАО Россети/5.56/5.52/230146370/209300970/20845400/225220588/205622267/19598321' and expected object 'ПАО Россети/5.97/8.12/564981141/519906785/45074356/1099581364/1035495329/64086036' are not equal
	at com.kms.katalon.core.keyword.builtin.VerifyEqualKeyword$_verifyEqual_closure1.doCall(VerifyEqualKeyword.groovy:58)
	at com.kms.katalon.core.keyword.builtin.VerifyEqualKeyword$_verifyEqual_closure1.call(VerifyEqualKeyword.groovy)
	at com.kms.katalon.core.keyword.internal.KeywordMain.runKeyword(KeywordMain.groovy:75)
	at com.kms.katalon.core.keyword.builtin.VerifyEqualKeyword.verifyEqual(VerifyEqualKeyword.groovy:63)
	at com.kms.katalon.core.keyword.builtin.VerifyEqualKeyword.execute(VerifyEqualKeyword.groovy:44)
	at com.kms.katalon.core.keyword.internal.KeywordExecutor.executeKeywordForPlatform(KeywordExecutor.groovy:74)
	at com.kms.katalon.core.keyword.BuiltinKeywords.verifyEqual(BuiltinKeywords.groovy:146)
	at java.base/jdk.internal.reflect.NativeMethodAccessorImpl.invoke0(Native Method)
	at java.base/jdk.internal.reflect.NativeMethodAccessorImpl.invoke(NativeMethodAccessorImpl.java:77)
	at java.base/jdk.internal.reflect.DelegatingMethodAccessorImpl.invoke(DelegatingMethodAccessorImpl.java:43)
	at Выполнение бизнес-плана сверка дашбордов - Copy.run(Выполнение бизнес-плана сверка дашбордов - Copy:577)
	at com.kms.katalon.core.main.ScriptEngine.run(ScriptEngine.java:194)
	at com.kms.katalon.core.main.ScriptEngine.runScriptAsRawText(ScriptEngine.java:119)
	at com.kms.katalon.core.main.TestCaseExecutor.runScript(TestCaseExecutor.java:448)
	at com.kms.katalon.core.main.TestCaseExecutor.doExecute(TestCaseExecutor.java:439)
	at com.kms.katalon.core.main.TestCaseExecutor.processExecutionPhase(TestCaseExecutor.java:418)
	at com.kms.katalon.core.main.TestCaseExecutor.accessMainPhase(TestCaseExecutor.java:410)
	at com.kms.katalon.core.main.TestCaseExecutor.execute(TestCaseExecutor.java:285)
	at com.kms.katalon.core.common.CommonExecutor.accessTestCaseMainPhase(CommonExecutor.java:65)
	at com.kms.katalon.core.main.TestSuiteExecutor.accessTestSuiteMainPhase(TestSuiteExecutor.java:150)
	at com.kms.katalon.core.main.TestSuiteExecutor.execute(TestSuiteExecutor.java:106)
	at com.kms.katalon.core.main.TestCaseMain.startTestSuite(TestCaseMain.java:180)
	at TempTestSuite1736740835951.run(TempTestSuite1736740835951.groovy:35)
	at java.base/jdk.internal.reflect.NativeMethodAccessorImpl.invoke0(Native Method)
	at java.base/jdk.internal.reflect.NativeMethodAccessorImpl.invoke(NativeMethodAccessorImpl.java:77)
	at java.base/jdk.internal.reflect.DelegatingMethodAccessorImpl.invoke(DelegatingMethodAccessorImpl.java:43)
)

13-01-2025T07:10:33 - [TEST_STEP][PASSED] - result = CompareDZOData(a = pRR, b = pRB, dZO, typeOfData, PercPlanR, PercPlanB, PercFactR, PercFactB, todaysDate, x, vidget, tabR, tabB, o1R, o1B): null

13-01-2025T07:10:33 - [TEST_STEP][PASSED] - ii2 = <not implemented yet for class: org.codehaus.groovy.ast.expr.EmptyExpression>: null

13-01-2025T07:10:33 - [TEST_STEP][FAILED] - if (verifyEqual(a, b) == false): null

13-01-2025T07:10:33 - [MESSAGE][FAILED] - Unable to verify equal between actual object 'ПАО Россети/5.56/5.52/230146370/209300970/20845400/225220588/205622267/19598321' and expected object 'ПАО Россети/5.97/8.12/564981141/519906785/45074356/1099581364/1035495329/64086036' (Root cause: com.kms.katalon.core.exception.StepFailedException: Actual object 'ПАО Россети/5.56/5.52/230146370/209300970/20845400/225220588/205622267/19598321' and expected object 'ПАО Россети/5.97/8.12/564981141/519906785/45074356/1099581364/1035495329/64086036' are not equal
	at com.kms.katalon.core.keyword.builtin.VerifyEqualKeyword$_verifyEqual_closure1.doCall(VerifyEqualKeyword.groovy:58)
	at com.kms.katalon.core.keyword.builtin.VerifyEqualKeyword$_verifyEqual_closure1.call(VerifyEqualKeyword.groovy)
	at com.kms.katalon.core.keyword.internal.KeywordMain.runKeyword(KeywordMain.groovy:75)
	at com.kms.katalon.core.keyword.builtin.VerifyEqualKeyword.verifyEqual(VerifyEqualKeyword.groovy:63)
	at com.kms.katalon.core.keyword.builtin.VerifyEqualKeyword.execute(VerifyEqualKeyword.groovy:44)
	at com.kms.katalon.core.keyword.internal.KeywordExecutor.executeKeywordForPlatform(KeywordExecutor.groovy:74)
	at com.kms.katalon.core.keyword.BuiltinKeywords.verifyEqual(BuiltinKeywords.groovy:146)
	at java.base/jdk.internal.reflect.NativeMethodAccessorImpl.invoke0(Native Method)
	at java.base/jdk.internal.reflect.NativeMethodAccessorImpl.invoke(NativeMethodAccessorImpl.java:77)
	at java.base/jdk.internal.reflect.DelegatingMethodAccessorImpl.invoke(DelegatingMethodAccessorImpl.java:43)
	at Выполнение бизнес-плана сверка дашбордов - Copy.CompareDZOData(Выполнение бизнес-плана сверка дашбордов - Copy:673)
	at Выполнение бизнес-плана сверка дашбордов - Copy.run(Выполнение бизнес-плана сверка дашбордов - Copy:578)
	at com.kms.katalon.core.main.ScriptEngine.run(ScriptEngine.java:194)
	at com.kms.katalon.core.main.ScriptEngine.runScriptAsRawText(ScriptEngine.java:119)
	at com.kms.katalon.core.main.TestCaseExecutor.runScript(TestCaseExecutor.java:448)
	at com.kms.katalon.core.main.TestCaseExecutor.doExecute(TestCaseExecutor.java:439)
	at com.kms.katalon.core.main.TestCaseExecutor.processExecutionPhase(TestCaseExecutor.java:418)
	at com.kms.katalon.core.main.TestCaseExecutor.accessMainPhase(TestCaseExecutor.java:410)
	at com.kms.katalon.core.main.TestCaseExecutor.execute(TestCaseExecutor.java:285)
	at com.kms.katalon.core.common.CommonExecutor.accessTestCaseMainPhase(CommonExecutor.java:65)
	at com.kms.katalon.core.main.TestSuiteExecutor.accessTestSuiteMainPhase(TestSuiteExecutor.java:150)
	at com.kms.katalon.core.main.TestSuiteExecutor.execute(TestSuiteExecutor.java:106)
	at com.kms.katalon.core.main.TestCaseMain.startTestSuite(TestCaseMain.java:180)
	at TempTestSuite1736740835951.run(TempTestSuite1736740835951.groovy:35)
	at java.base/jdk.internal.reflect.NativeMethodAccessorImpl.invoke0(Native Method)
	at java.base/jdk.internal.reflect.NativeMethodAccessorImpl.invoke(NativeMethodAccessorImpl.java:77)
	at java.base/jdk.internal.reflect.DelegatingMethodAccessorImpl.invoke(DelegatingMethodAccessorImpl.java:43)
)

13-01-2025T07:10:33 - [TEST_STEP][PASSED] - vidget = "Уровень потерь электроэнергии": null

13-01-2025T07:10:33 - [TEST_STEP][PASSED] - typeOfData = "План": null

13-01-2025T07:10:33 - [TEST_STEP][PASSED] - PercPlanR = GetPercPlanR(x = a): null

13-01-2025T07:10:33 - [TEST_STEP][PASSED] - i1 = <not implemented yet for class: org.codehaus.groovy.ast.expr.EmptyExpression>: null

13-01-2025T07:10:33 - [TEST_STEP][PASSED] - i1 = x.indexOf("/") + 1: null

13-01-2025T07:10:33 - [TEST_STEP][PASSED] - if (i1 > -1): null

13-01-2025T07:10:33 - [TEST_STEP][PASSED] - x = x.substring(i1, x.length()): null

13-01-2025T07:10:33 - [TEST_STEP][PASSED] - i1 = x.indexOf("/"): null

13-01-2025T07:10:33 - [TEST_STEP][PASSED] - if (i1 > -1): null

13-01-2025T07:10:33 - [TEST_STEP][PASSED] - x = x.substring(0, i1): null

13-01-2025T07:10:33 - [TEST_STEP][PASSED] - return x: null

13-01-2025T07:10:33 - [TEST_STEP][PASSED] - PercPlanB = GetPercPlanB(x = b): null

13-01-2025T07:10:33 - [TEST_STEP][PASSED] - i1 = <not implemented yet for class: org.codehaus.groovy.ast.expr.EmptyExpression>: null

13-01-2025T07:10:33 - [TEST_STEP][PASSED] - i1 = x.indexOf("/") + 1: null

13-01-2025T07:10:33 - [TEST_STEP][PASSED] - if (i1 > -1): null

13-01-2025T07:10:33 - [TEST_STEP][PASSED] - x = x.substring(i1, x.length()): null

13-01-2025T07:10:33 - [TEST_STEP][PASSED] - i1 = x.indexOf("/"): null

13-01-2025T07:10:33 - [TEST_STEP][PASSED] - if (i1 > -1): null

13-01-2025T07:10:33 - [TEST_STEP][PASSED] - x = x.substring(0, i1): null

13-01-2025T07:10:33 - [TEST_STEP][FAILED] - return x: null

13-01-2025T07:10:33 - [TEST_STEP][FAILED] - if (verifyEqual(PercPlanR, PercPlanB) == false): null

13-01-2025T07:10:33 - [MESSAGE][FAILED] - Unable to verify equal between actual object '5.56' and expected object '5.97' (Root cause: com.kms.katalon.core.exception.StepFailedException: Actual object '5.56' and expected object '5.97' are not equal
	at com.kms.katalon.core.keyword.builtin.VerifyEqualKeyword$_verifyEqual_closure1.doCall(VerifyEqualKeyword.groovy:58)
	at com.kms.katalon.core.keyword.builtin.VerifyEqualKeyword$_verifyEqual_closure1.call(VerifyEqualKeyword.groovy)
	at com.kms.katalon.core.keyword.internal.KeywordMain.runKeyword(KeywordMain.groovy:75)
	at com.kms.katalon.core.keyword.builtin.VerifyEqualKeyword.verifyEqual(VerifyEqualKeyword.groovy:63)
	at com.kms.katalon.core.keyword.builtin.VerifyEqualKeyword.execute(VerifyEqualKeyword.groovy:44)
	at com.kms.katalon.core.keyword.internal.KeywordExecutor.executeKeywordForPlatform(KeywordExecutor.groovy:74)
	at com.kms.katalon.core.keyword.BuiltinKeywords.verifyEqual(BuiltinKeywords.groovy:146)
	at java.base/jdk.internal.reflect.NativeMethodAccessorImpl.invoke0(Native Method)
	at java.base/jdk.internal.reflect.NativeMethodAccessorImpl.invoke(NativeMethodAccessorImpl.java:77)
	at java.base/jdk.internal.reflect.DelegatingMethodAccessorImpl.invoke(DelegatingMethodAccessorImpl.java:43)
	at Выполнение бизнес-плана сверка дашбордов - Copy.CompareDZOData(Выполнение бизнес-плана сверка дашбордов - Copy:682)
	at Выполнение бизнес-плана сверка дашбордов - Copy.run(Выполнение бизнес-плана сверка дашбордов - Copy:578)
	at com.kms.katalon.core.main.ScriptEngine.run(ScriptEngine.java:194)
	at com.kms.katalon.core.main.ScriptEngine.runScriptAsRawText(ScriptEngine.java:119)
	at com.kms.katalon.core.main.TestCaseExecutor.runScript(TestCaseExecutor.java:448)
	at com.kms.katalon.core.main.TestCaseExecutor.doExecute(TestCaseExecutor.java:439)
	at com.kms.katalon.core.main.TestCaseExecutor.processExecutionPhase(TestCaseExecutor.java:418)
	at com.kms.katalon.core.main.TestCaseExecutor.accessMainPhase(TestCaseExecutor.java:410)
	at com.kms.katalon.core.main.TestCaseExecutor.execute(TestCaseExecutor.java:285)
	at com.kms.katalon.core.common.CommonExecutor.accessTestCaseMainPhase(CommonExecutor.java:65)
	at com.kms.katalon.core.main.TestSuiteExecutor.accessTestSuiteMainPhase(TestSuiteExecutor.java:150)
	at com.kms.katalon.core.main.TestSuiteExecutor.execute(TestSuiteExecutor.java:106)
	at com.kms.katalon.core.main.TestCaseMain.startTestSuite(TestCaseMain.java:180)
	at TempTestSuite1736740835951.run(TempTestSuite1736740835951.groovy:35)
	at java.base/jdk.internal.reflect.NativeMethodAccessorImpl.invoke0(Native Method)
	at java.base/jdk.internal.reflect.NativeMethodAccessorImpl.invoke(NativeMethodAccessorImpl.java:77)
	at java.base/jdk.internal.reflect.DelegatingMethodAccessorImpl.invoke(DelegatingMethodAccessorImpl.java:43)
)

13-01-2025T07:10:33 - [TEST_STEP][PASSED] - result = WriteToExcel(typeOfData, todaysDate, PercPlanR, PercPlanB, PercFactR, PercFactB, x, tabR, tabB, o1R, o1B, vidget): null

13-01-2025T07:10:33 - [TEST_STEP][PASSED] - iii = dZO.indexOf("/"): null

13-01-2025T07:10:33 - [TEST_STEP][PASSED] - println(iii): null

13-01-2025T07:10:33 - [TEST_STEP][PASSED] - dZO = dZO.substring(0, iii): null

13-01-2025T07:10:33 - [TEST_STEP][PASSED] - println(dZO): null

13-01-2025T07:10:33 - [TEST_STEP][PASSED] - println(PercPlanR): null

13-01-2025T07:10:33 - [TEST_STEP][PASSED] - println(PercPlanB): null

13-01-2025T07:10:33 - [TEST_STEP][PASSED] - println(PercFactR): null

13-01-2025T07:10:33 - [TEST_STEP][PASSED] - println(PercFactB): null

13-01-2025T07:10:33 - [TEST_STEP][PASSED] - println(tabR): null

13-01-2025T07:10:33 - [TEST_STEP][PASSED] - println(tabB): null

13-01-2025T07:10:33 - [TEST_STEP][PASSED] - println(o1R): null

13-01-2025T07:10:33 - [TEST_STEP][PASSED] - println(o1B): null

13-01-2025T07:10:33 - [TEST_STEP][PASSED] - PR = <not implemented yet for class: org.codehaus.groovy.ast.expr.EmptyExpression>: null

13-01-2025T07:10:33 - [TEST_STEP][PASSED] - FR = <not implemented yet for class: org.codehaus.groovy.ast.expr.EmptyExpression>: null

13-01-2025T07:10:33 - [TEST_STEP][PASSED] - PB = <not implemented yet for class: org.codehaus.groovy.ast.expr.EmptyExpression>: null

13-01-2025T07:10:33 - [TEST_STEP][PASSED] - FB = <not implemented yet for class: org.codehaus.groovy.ast.expr.EmptyExpression>: null

13-01-2025T07:10:33 - [TEST_STEP][PASSED] - TR = <not implemented yet for class: org.codehaus.groovy.ast.expr.EmptyExpression>: null

13-01-2025T07:10:34 - [TEST_STEP][PASSED] - TB = <not implemented yet for class: org.codehaus.groovy.ast.expr.EmptyExpression>: null

13-01-2025T07:10:34 - [TEST_STEP][PASSED] - sheetName = "Sheet1": null

13-01-2025T07:10:34 - [TEST_STEP][PASSED] - data = findTestData("PlanFact"): null

13-01-2025T07:10:34 - [TEST_STEP][PASSED] - n = data.getRowNumbers() + 1: null

13-01-2025T07:10:34 - [TEST_STEP][PASSED] - year = todaysDate.substring(todaysDate.length() - 4, todaysDate.length()): null

13-01-2025T07:10:34 - [TEST_STEP][PASSED] - y = year.toInteger(): null

13-01-2025T07:10:34 - [TEST_STEP][PASSED] - m = getText(findTestObject("Выполнение бизнес-плана/Выполнение бизнес-плана Балансы/Фильтр Дата")): Text of object 'Object Repository/Выполнение бизнес-плана/Выполнение бизнес-плана Балансы/Фильтр Дата' is: '1, 2, 3 кв., Октябрь, Ноябрь 2024 года'

13-01-2025T07:10:34 - [MESSAGE][PASSED] - Text of object 'Object Repository/Выполнение бизнес-плана/Выполнение бизнес-плана Балансы/Фильтр Дата' is: '1, 2, 3 кв., Октябрь, Ноябрь 2024 года'

13-01-2025T07:10:34 - [TEST_STEP][PASSED] - m = m.substring(0, m.indexOf("2024")): null

13-01-2025T07:10:34 - [TEST_STEP][PASSED] - m = m.trim(): null

13-01-2025T07:10:34 - [TEST_STEP][PASSED] - dashboardName = "Выполнение бизнес-плана": null

13-01-2025T07:10:34 - [TEST_STEP][PASSED] - workbook01 = getWorkbook(excelFilePath): null

13-01-2025T07:10:34 - [TEST_STEP][PASSED] - sheet01 = getExcelSheet(workbook01, sheetName): null

13-01-2025T07:10:34 - [TEST_STEP][PASSED] - setValueToCellByIndex(sheet01, n, 0, dashboardName): null

13-01-2025T07:10:34 - [TEST_STEP][PASSED] - setValueToCellByIndex(sheet01, n, 1, dZO): null

13-01-2025T07:10:34 - [TEST_STEP][PASSED] - setValueToCellByIndex(sheet01, n, 2, typeOfData): null

13-01-2025T07:10:34 - [TEST_STEP][PASSED] - setValueToCellByIndex(sheet01, n, 3, typeOfData): null

13-01-2025T07:10:34 - [TEST_STEP][PASSED] - if (typeOfData == "План"): null

13-01-2025T07:10:34 - [TEST_STEP][PASSED] - if (PercPlanR == null): null

13-01-2025T07:10:34 - [TEST_STEP][PASSED] - else: null

13-01-2025T07:10:34 - [TEST_STEP][PASSED] - if (PercPlanR == "нет данных"): null

13-01-2025T07:10:34 - [TEST_STEP][PASSED] - else: null

13-01-2025T07:10:34 - [TEST_STEP][PASSED] - PR = PercPlanR.toDouble(): null

13-01-2025T07:10:34 - [TEST_STEP][PASSED] - setValueToCellByIndex(sheet01, n, 4, PR): null

13-01-2025T07:10:34 - [TEST_STEP][PASSED] - if (PercPlanB == null): null

13-01-2025T07:10:34 - [TEST_STEP][PASSED] - else: null

13-01-2025T07:10:34 - [TEST_STEP][PASSED] - if (PercPlanB == "нет данных"): null

13-01-2025T07:10:34 - [TEST_STEP][PASSED] - else: null

13-01-2025T07:10:34 - [TEST_STEP][PASSED] - PB = PercPlanB.toDouble(): null

13-01-2025T07:10:34 - [TEST_STEP][PASSED] - setValueToCellByIndex(sheet01, n, 5, PB): null

13-01-2025T07:10:34 - [TEST_STEP][PASSED] - setValueToCellByIndex(sheet01, n, 6, m): null

13-01-2025T07:10:34 - [TEST_STEP][PASSED] - setValueToCellByIndex(sheet01, n, 7, y): null

13-01-2025T07:10:34 - [TEST_STEP][PASSED] - setValueToCellByIndex(sheet01, n, 8, todaysDate): null

13-01-2025T07:10:34 - [TEST_STEP][PASSED] - n = n + 1: null

13-01-2025T07:10:34 - [TEST_STEP][PASSED] - saveWorkbook(excelFilePath, workbook01): null

13-01-2025T07:10:34 - [TEST_STEP][PASSED] - typeOfData = "Факт": null

13-01-2025T07:10:34 - [TEST_STEP][PASSED] - PercFactR = GetPercFactR(x = a): null

13-01-2025T07:10:34 - [TEST_STEP][PASSED] - i1 = <not implemented yet for class: org.codehaus.groovy.ast.expr.EmptyExpression>: null

13-01-2025T07:10:34 - [TEST_STEP][PASSED] - ii = <not implemented yet for class: org.codehaus.groovy.ast.expr.EmptyExpression>: null

13-01-2025T07:10:34 - [TEST_STEP][PASSED] - for ([ii = 1, ii < 3, (ii++)]): null

13-01-2025T07:10:34 - [TEST_STEP][PASSED] - i1 = x.indexOf("/") + 1: null

13-01-2025T07:10:34 - [TEST_STEP][PASSED] - if (i1 > -1): null

13-01-2025T07:10:34 - [TEST_STEP][PASSED] - x = x.substring(i1, x.length()): null

13-01-2025T07:10:34 - [TEST_STEP][PASSED] - println(x): null

13-01-2025T07:10:34 - [TEST_STEP][PASSED] - i1 = x.indexOf("/") + 1: null

13-01-2025T07:10:34 - [TEST_STEP][PASSED] - if (i1 > -1): null

13-01-2025T07:10:34 - [TEST_STEP][PASSED] - x = x.substring(i1, x.length()): null

13-01-2025T07:10:34 - [TEST_STEP][PASSED] - println(x): null

13-01-2025T07:10:34 - [TEST_STEP][PASSED] - i1 = x.indexOf("/"): null

13-01-2025T07:10:34 - [TEST_STEP][PASSED] - if (i1 > -1): null

13-01-2025T07:10:34 - [TEST_STEP][PASSED] - x = x.substring(0, i1): null

13-01-2025T07:10:34 - [TEST_STEP][PASSED] - println(x): null

13-01-2025T07:10:34 - [TEST_STEP][PASSED] - return x: null

13-01-2025T07:10:34 - [TEST_STEP][PASSED] - PercFactB = GetPercFactB(x = b): null

13-01-2025T07:10:34 - [TEST_STEP][PASSED] - i1 = <not implemented yet for class: org.codehaus.groovy.ast.expr.EmptyExpression>: null

13-01-2025T07:10:34 - [TEST_STEP][PASSED] - ii = <not implemented yet for class: org.codehaus.groovy.ast.expr.EmptyExpression>: null

13-01-2025T07:10:34 - [TEST_STEP][PASSED] - for ([ii = 1, ii < 3, (ii++)]): null

13-01-2025T07:10:34 - [TEST_STEP][PASSED] - i1 = x.indexOf("/") + 1: null

13-01-2025T07:10:34 - [TEST_STEP][PASSED] - if (i1 > -1): null

13-01-2025T07:10:34 - [TEST_STEP][PASSED] - x = x.substring(i1, x.length()): null

13-01-2025T07:10:34 - [TEST_STEP][PASSED] - println(x): null

13-01-2025T07:10:34 - [TEST_STEP][PASSED] - i1 = x.indexOf("/") + 1: null

13-01-2025T07:10:34 - [TEST_STEP][PASSED] - if (i1 > -1): null

13-01-2025T07:10:34 - [TEST_STEP][PASSED] - x = x.substring(i1, x.length()): null

13-01-2025T07:10:34 - [TEST_STEP][PASSED] - println(x): null

13-01-2025T07:10:34 - [TEST_STEP][PASSED] - i1 = x.indexOf("/"): null

13-01-2025T07:10:34 - [TEST_STEP][PASSED] - if (i1 > -1): null

13-01-2025T07:10:34 - [TEST_STEP][PASSED] - x = x.substring(0, i1): null

13-01-2025T07:10:34 - [TEST_STEP][PASSED] - println(x): null

13-01-2025T07:10:34 - [TEST_STEP][FAILED] - return x: null

13-01-2025T07:10:34 - [TEST_STEP][FAILED] - if (verifyEqual(PercFactR, PercFactB) == false): null

13-01-2025T07:10:34 - [MESSAGE][FAILED] - Unable to verify equal between actual object '5.52' and expected object '8.12' (Root cause: com.kms.katalon.core.exception.StepFailedException: Actual object '5.52' and expected object '8.12' are not equal
	at com.kms.katalon.core.keyword.builtin.VerifyEqualKeyword$_verifyEqual_closure1.doCall(VerifyEqualKeyword.groovy:58)
	at com.kms.katalon.core.keyword.builtin.VerifyEqualKeyword$_verifyEqual_closure1.call(VerifyEqualKeyword.groovy)
	at com.kms.katalon.core.keyword.internal.KeywordMain.runKeyword(KeywordMain.groovy:75)
	at com.kms.katalon.core.keyword.builtin.VerifyEqualKeyword.verifyEqual(VerifyEqualKeyword.groovy:63)
	at com.kms.katalon.core.keyword.builtin.VerifyEqualKeyword.execute(VerifyEqualKeyword.groovy:44)
	at com.kms.katalon.core.keyword.internal.KeywordExecutor.executeKeywordForPlatform(KeywordExecutor.groovy:74)
	at com.kms.katalon.core.keyword.BuiltinKeywords.verifyEqual(BuiltinKeywords.groovy:146)
	at java.base/jdk.internal.reflect.NativeMethodAccessorImpl.invoke0(Native Method)
	at java.base/jdk.internal.reflect.NativeMethodAccessorImpl.invoke(NativeMethodAccessorImpl.java:77)
	at java.base/jdk.internal.reflect.DelegatingMethodAccessorImpl.invoke(DelegatingMethodAccessorImpl.java:43)
	at Выполнение бизнес-плана сверка дашбордов - Copy.CompareDZOData(Выполнение бизнес-плана сверка дашбордов - Copy:693)
	at Выполнение бизнес-плана сверка дашбордов - Copy.run(Выполнение бизнес-плана сверка дашбордов - Copy:578)
	at com.kms.katalon.core.main.ScriptEngine.run(ScriptEngine.java:194)
	at com.kms.katalon.core.main.ScriptEngine.runScriptAsRawText(ScriptEngine.java:119)
	at com.kms.katalon.core.main.TestCaseExecutor.runScript(TestCaseExecutor.java:448)
	at com.kms.katalon.core.main.TestCaseExecutor.doExecute(TestCaseExecutor.java:439)
	at com.kms.katalon.core.main.TestCaseExecutor.processExecutionPhase(TestCaseExecutor.java:418)
	at com.kms.katalon.core.main.TestCaseExecutor.accessMainPhase(TestCaseExecutor.java:410)
	at com.kms.katalon.core.main.TestCaseExecutor.execute(TestCaseExecutor.java:285)
	at com.kms.katalon.core.common.CommonExecutor.accessTestCaseMainPhase(CommonExecutor.java:65)
	at com.kms.katalon.core.main.TestSuiteExecutor.accessTestSuiteMainPhase(TestSuiteExecutor.java:150)
	at com.kms.katalon.core.main.TestSuiteExecutor.execute(TestSuiteExecutor.java:106)
	at com.kms.katalon.core.main.TestCaseMain.startTestSuite(TestCaseMain.java:180)
	at TempTestSuite1736740835951.run(TempTestSuite1736740835951.groovy:35)
	at java.base/jdk.internal.reflect.NativeMethodAccessorImpl.invoke0(Native Method)
	at java.base/jdk.internal.reflect.NativeMethodAccessorImpl.invoke(NativeMethodAccessorImpl.java:77)
	at java.base/jdk.internal.reflect.DelegatingMethodAccessorImpl.invoke(DelegatingMethodAccessorImpl.java:43)
)

13-01-2025T07:10:34 - [TEST_STEP][PASSED] - result = WriteToExcel(typeOfData, todaysDate, PercPlanR, PercPlanB, PercFactR, PercFactB, x, tabR, tabB, o1R, o1B, vidget): null

13-01-2025T07:10:34 - [TEST_STEP][PASSED] - iii = dZO.indexOf("/"): null

13-01-2025T07:10:34 - [TEST_STEP][PASSED] - println(iii): null

13-01-2025T07:10:34 - [TEST_STEP][PASSED] - dZO = dZO.substring(0, iii): null

13-01-2025T07:10:34 - [TEST_STEP][PASSED] - println(dZO): null

13-01-2025T07:10:34 - [TEST_STEP][PASSED] - println(PercPlanR): null

13-01-2025T07:10:34 - [TEST_STEP][PASSED] - println(PercPlanB): null

13-01-2025T07:10:34 - [TEST_STEP][PASSED] - println(PercFactR): null

13-01-2025T07:10:34 - [TEST_STEP][PASSED] - println(PercFactB): null

13-01-2025T07:10:34 - [TEST_STEP][PASSED] - println(tabR): null

13-01-2025T07:10:34 - [TEST_STEP][PASSED] - println(tabB): null

13-01-2025T07:10:34 - [TEST_STEP][PASSED] - println(o1R): null

13-01-2025T07:10:34 - [TEST_STEP][PASSED] - println(o1B): null

13-01-2025T07:10:34 - [TEST_STEP][PASSED] - PR = <not implemented yet for class: org.codehaus.groovy.ast.expr.EmptyExpression>: null

13-01-2025T07:10:34 - [TEST_STEP][PASSED] - FR = <not implemented yet for class: org.codehaus.groovy.ast.expr.EmptyExpression>: null

13-01-2025T07:10:34 - [TEST_STEP][PASSED] - PB = <not implemented yet for class: org.codehaus.groovy.ast.expr.EmptyExpression>: null

13-01-2025T07:10:34 - [TEST_STEP][PASSED] - FB = <not implemented yet for class: org.codehaus.groovy.ast.expr.EmptyExpression>: null

13-01-2025T07:10:34 - [TEST_STEP][PASSED] - TR = <not implemented yet for class: org.codehaus.groovy.ast.expr.EmptyExpression>: null

13-01-2025T07:10:34 - [TEST_STEP][PASSED] - TB = <not implemented yet for class: org.codehaus.groovy.ast.expr.EmptyExpression>: null

13-01-2025T07:10:34 - [TEST_STEP][PASSED] - sheetName = "Sheet1": null

13-01-2025T07:10:34 - [TEST_STEP][PASSED] - data = findTestData("PlanFact"): null

13-01-2025T07:10:35 - [TEST_STEP][PASSED] - n = data.getRowNumbers() + 1: null

13-01-2025T07:10:35 - [TEST_STEP][PASSED] - year = todaysDate.substring(todaysDate.length() - 4, todaysDate.length()): null

13-01-2025T07:10:35 - [TEST_STEP][PASSED] - y = year.toInteger(): null

13-01-2025T07:10:35 - [TEST_STEP][PASSED] - m = getText(findTestObject("Выполнение бизнес-плана/Выполнение бизнес-плана Балансы/Фильтр Дата")): Text of object 'Object Repository/Выполнение бизнес-плана/Выполнение бизнес-плана Балансы/Фильтр Дата' is: '1, 2, 3 кв., Октябрь, Ноябрь 2024 года'

13-01-2025T07:10:35 - [MESSAGE][PASSED] - Text of object 'Object Repository/Выполнение бизнес-плана/Выполнение бизнес-плана Балансы/Фильтр Дата' is: '1, 2, 3 кв., Октябрь, Ноябрь 2024 года'

13-01-2025T07:10:35 - [TEST_STEP][PASSED] - m = m.substring(0, m.indexOf("2024")): null

13-01-2025T07:10:35 - [TEST_STEP][PASSED] - m = m.trim(): null

13-01-2025T07:10:35 - [TEST_STEP][PASSED] - dashboardName = "Выполнение бизнес-плана": null

13-01-2025T07:10:35 - [TEST_STEP][PASSED] - workbook01 = getWorkbook(excelFilePath): null

13-01-2025T07:10:35 - [TEST_STEP][PASSED] - sheet01 = getExcelSheet(workbook01, sheetName): null

13-01-2025T07:10:35 - [TEST_STEP][PASSED] - setValueToCellByIndex(sheet01, n, 0, dashboardName): null

13-01-2025T07:10:35 - [TEST_STEP][PASSED] - setValueToCellByIndex(sheet01, n, 1, dZO): null

13-01-2025T07:10:35 - [TEST_STEP][PASSED] - setValueToCellByIndex(sheet01, n, 2, typeOfData): null

13-01-2025T07:10:35 - [TEST_STEP][PASSED] - setValueToCellByIndex(sheet01, n, 3, typeOfData): null

13-01-2025T07:10:35 - [TEST_STEP][PASSED] - if (typeOfData == "План"): null

13-01-2025T07:10:35 - [TEST_STEP][PASSED] - else if (typeOfData == "Факт"): null

13-01-2025T07:10:35 - [TEST_STEP][PASSED] - if (PercFactR == null): null

13-01-2025T07:10:35 - [TEST_STEP][PASSED] - else: null

13-01-2025T07:10:35 - [TEST_STEP][PASSED] - if (PercFactR == "нет данных"): null

13-01-2025T07:10:35 - [TEST_STEP][PASSED] - else: null

13-01-2025T07:10:35 - [TEST_STEP][PASSED] - FR = PercFactR.toDouble(): null

13-01-2025T07:10:35 - [TEST_STEP][PASSED] - setValueToCellByIndex(sheet01, n, 4, FR): null

13-01-2025T07:10:35 - [TEST_STEP][PASSED] - if (PercFactB == null): null

13-01-2025T07:10:35 - [TEST_STEP][PASSED] - else: null

13-01-2025T07:10:35 - [TEST_STEP][PASSED] - if (PercFactB == "нет данных"): null

13-01-2025T07:10:35 - [TEST_STEP][PASSED] - else: null

13-01-2025T07:10:35 - [TEST_STEP][PASSED] - FB = PercFactB.toDouble(): null

13-01-2025T07:10:35 - [TEST_STEP][PASSED] - setValueToCellByIndex(sheet01, n, 5, FB): null

13-01-2025T07:10:35 - [TEST_STEP][PASSED] - setValueToCellByIndex(sheet01, n, 6, m): null

13-01-2025T07:10:35 - [TEST_STEP][PASSED] - setValueToCellByIndex(sheet01, n, 7, y): null

13-01-2025T07:10:35 - [TEST_STEP][PASSED] - setValueToCellByIndex(sheet01, n, 8, todaysDate): null

13-01-2025T07:10:35 - [TEST_STEP][PASSED] - n = n + 1: null

13-01-2025T07:10:35 - [TEST_STEP][PASSED] - saveWorkbook(excelFilePath, workbook01): null

13-01-2025T07:10:35 - [TEST_STEP][PASSED] - vidget = "Показатели баланса электроэнергии по ДЗО – Факт": null

13-01-2025T07:10:35 - [TEST_STEP][PASSED] - typeOfData = "Факт Отпуск в сеть": null

13-01-2025T07:10:35 - [TEST_STEP][PASSED] - tabR = GetOvSFactR(x = a): null

13-01-2025T07:10:35 - [TEST_STEP][PASSED] - i1 = <not implemented yet for class: org.codehaus.groovy.ast.expr.EmptyExpression>: null

13-01-2025T07:10:35 - [TEST_STEP][PASSED] - ii = <not implemented yet for class: org.codehaus.groovy.ast.expr.EmptyExpression>: null

13-01-2025T07:10:35 - [TEST_STEP][PASSED] - for ([ii = 1, ii < 4, (ii++)]): null

13-01-2025T07:10:35 - [TEST_STEP][PASSED] - i1 = x.indexOf("/") + 1: null

13-01-2025T07:10:35 - [TEST_STEP][PASSED] - if (i1 > -1): null

13-01-2025T07:10:35 - [TEST_STEP][PASSED] - x = x.substring(i1, x.length()): null

13-01-2025T07:10:35 - [TEST_STEP][PASSED] - println(x): null

13-01-2025T07:10:35 - [TEST_STEP][PASSED] - i1 = x.indexOf("/") + 1: null

13-01-2025T07:10:35 - [TEST_STEP][PASSED] - if (i1 > -1): null

13-01-2025T07:10:35 - [TEST_STEP][PASSED] - x = x.substring(i1, x.length()): null

13-01-2025T07:10:35 - [TEST_STEP][PASSED] - println(x): null

13-01-2025T07:10:35 - [TEST_STEP][PASSED] - i1 = x.indexOf("/") + 1: null

13-01-2025T07:10:35 - [TEST_STEP][PASSED] - if (i1 > -1): null

13-01-2025T07:10:35 - [TEST_STEP][PASSED] - x = x.substring(i1, x.length()): null

13-01-2025T07:10:35 - [TEST_STEP][PASSED] - println(x): null

13-01-2025T07:10:35 - [TEST_STEP][PASSED] - i1 = x.indexOf("/"): null

13-01-2025T07:10:35 - [TEST_STEP][PASSED] - if (i1 > -1): null

13-01-2025T07:10:35 - [TEST_STEP][PASSED] - x = x.substring(0, i1): null

13-01-2025T07:10:35 - [TEST_STEP][PASSED] - println(x): null

13-01-2025T07:10:35 - [TEST_STEP][PASSED] - return x: null

13-01-2025T07:10:35 - [TEST_STEP][PASSED] - tabB = GetOvSFactB(x = b): null

13-01-2025T07:10:35 - [TEST_STEP][PASSED] - i1 = <not implemented yet for class: org.codehaus.groovy.ast.expr.EmptyExpression>: null

13-01-2025T07:10:35 - [TEST_STEP][PASSED] - ii = <not implemented yet for class: org.codehaus.groovy.ast.expr.EmptyExpression>: null

13-01-2025T07:10:35 - [TEST_STEP][PASSED] - for ([ii = 1, ii < 4, (ii++)]): null

13-01-2025T07:10:35 - [TEST_STEP][PASSED] - i1 = x.indexOf("/") + 1: null

13-01-2025T07:10:35 - [TEST_STEP][PASSED] - if (i1 > -1): null

13-01-2025T07:10:35 - [TEST_STEP][PASSED] - x = x.substring(i1, x.length()): null

13-01-2025T07:10:35 - [TEST_STEP][PASSED] - println(x): null

13-01-2025T07:10:35 - [TEST_STEP][PASSED] - i1 = x.indexOf("/") + 1: null

13-01-2025T07:10:35 - [TEST_STEP][PASSED] - if (i1 > -1): null

13-01-2025T07:10:35 - [TEST_STEP][PASSED] - x = x.substring(i1, x.length()): null

13-01-2025T07:10:35 - [TEST_STEP][PASSED] - println(x): null

13-01-2025T07:10:35 - [TEST_STEP][PASSED] - i1 = x.indexOf("/") + 1: null

13-01-2025T07:10:35 - [TEST_STEP][PASSED] - if (i1 > -1): null

13-01-2025T07:10:35 - [TEST_STEP][PASSED] - x = x.substring(i1, x.length()): null

13-01-2025T07:10:35 - [TEST_STEP][PASSED] - println(x): null

13-01-2025T07:10:35 - [TEST_STEP][PASSED] - i1 = x.indexOf("/"): null

13-01-2025T07:10:35 - [TEST_STEP][PASSED] - if (i1 > -1): null

13-01-2025T07:10:35 - [TEST_STEP][PASSED] - x = x.substring(0, i1): null

13-01-2025T07:10:35 - [TEST_STEP][PASSED] - println(x): null

13-01-2025T07:10:35 - [TEST_STEP][FAILED] - return x: null

13-01-2025T07:10:35 - [TEST_STEP][FAILED] - if (verifyEqual(tabR, tabB) == false): null

13-01-2025T07:10:35 - [MESSAGE][FAILED] - Unable to verify equal between actual object '230146370' and expected object '564981141' (Root cause: com.kms.katalon.core.exception.StepFailedException: Actual object '230146370' and expected object '564981141' are not equal
	at com.kms.katalon.core.keyword.builtin.VerifyEqualKeyword$_verifyEqual_closure1.doCall(VerifyEqualKeyword.groovy:58)
	at com.kms.katalon.core.keyword.builtin.VerifyEqualKeyword$_verifyEqual_closure1.call(VerifyEqualKeyword.groovy)
	at com.kms.katalon.core.keyword.internal.KeywordMain.runKeyword(KeywordMain.groovy:75)
	at com.kms.katalon.core.keyword.builtin.VerifyEqualKeyword.verifyEqual(VerifyEqualKeyword.groovy:63)
	at com.kms.katalon.core.keyword.builtin.VerifyEqualKeyword.execute(VerifyEqualKeyword.groovy:44)
	at com.kms.katalon.core.keyword.internal.KeywordExecutor.executeKeywordForPlatform(KeywordExecutor.groovy:74)
	at com.kms.katalon.core.keyword.BuiltinKeywords.verifyEqual(BuiltinKeywords.groovy:146)
	at java.base/jdk.internal.reflect.NativeMethodAccessorImpl.invoke0(Native Method)
	at java.base/jdk.internal.reflect.NativeMethodAccessorImpl.invoke(NativeMethodAccessorImpl.java:77)
	at java.base/jdk.internal.reflect.DelegatingMethodAccessorImpl.invoke(DelegatingMethodAccessorImpl.java:43)
	at Выполнение бизнес-плана сверка дашбордов - Copy.CompareDZOData(Выполнение бизнес-плана сверка дашбордов - Copy:706)
	at Выполнение бизнес-плана сверка дашбордов - Copy.run(Выполнение бизнес-плана сверка дашбордов - Copy:578)
	at com.kms.katalon.core.main.ScriptEngine.run(ScriptEngine.java:194)
	at com.kms.katalon.core.main.ScriptEngine.runScriptAsRawText(ScriptEngine.java:119)
	at com.kms.katalon.core.main.TestCaseExecutor.runScript(TestCaseExecutor.java:448)
	at com.kms.katalon.core.main.TestCaseExecutor.doExecute(TestCaseExecutor.java:439)
	at com.kms.katalon.core.main.TestCaseExecutor.processExecutionPhase(TestCaseExecutor.java:418)
	at com.kms.katalon.core.main.TestCaseExecutor.accessMainPhase(TestCaseExecutor.java:410)
	at com.kms.katalon.core.main.TestCaseExecutor.execute(TestCaseExecutor.java:285)
	at com.kms.katalon.core.common.CommonExecutor.accessTestCaseMainPhase(CommonExecutor.java:65)
	at com.kms.katalon.core.main.TestSuiteExecutor.accessTestSuiteMainPhase(TestSuiteExecutor.java:150)
	at com.kms.katalon.core.main.TestSuiteExecutor.execute(TestSuiteExecutor.java:106)
	at com.kms.katalon.core.main.TestCaseMain.startTestSuite(TestCaseMain.java:180)
	at TempTestSuite1736740835951.run(TempTestSuite1736740835951.groovy:35)
	at java.base/jdk.internal.reflect.NativeMethodAccessorImpl.invoke0(Native Method)
	at java.base/jdk.internal.reflect.NativeMethodAccessorImpl.invoke(NativeMethodAccessorImpl.java:77)
	at java.base/jdk.internal.reflect.DelegatingMethodAccessorImpl.invoke(DelegatingMethodAccessorImpl.java:43)
)

13-01-2025T07:10:35 - [TEST_STEP][PASSED] - result = WriteToExcel(typeOfData, todaysDate, PercPlanR, PercPlanB, PercFactR, PercFactB, x, tabR, tabB, o1R, o1B, vidget): null

13-01-2025T07:10:35 - [TEST_STEP][PASSED] - iii = dZO.indexOf("/"): null

13-01-2025T07:10:35 - [TEST_STEP][PASSED] - println(iii): null

13-01-2025T07:10:35 - [TEST_STEP][PASSED] - dZO = dZO.substring(0, iii): null

13-01-2025T07:10:35 - [TEST_STEP][PASSED] - println(dZO): null

13-01-2025T07:10:35 - [TEST_STEP][PASSED] - println(PercPlanR): null

13-01-2025T07:10:35 - [TEST_STEP][PASSED] - println(PercPlanB): null

13-01-2025T07:10:35 - [TEST_STEP][PASSED] - println(PercFactR): null

13-01-2025T07:10:35 - [TEST_STEP][PASSED] - println(PercFactB): null

13-01-2025T07:10:35 - [TEST_STEP][PASSED] - println(tabR): null

13-01-2025T07:10:35 - [TEST_STEP][PASSED] - println(tabB): null

13-01-2025T07:10:35 - [TEST_STEP][PASSED] - println(o1R): null

13-01-2025T07:10:35 - [TEST_STEP][PASSED] - println(o1B): null

13-01-2025T07:10:35 - [TEST_STEP][PASSED] - PR = <not implemented yet for class: org.codehaus.groovy.ast.expr.EmptyExpression>: null

13-01-2025T07:10:35 - [TEST_STEP][PASSED] - FR = <not implemented yet for class: org.codehaus.groovy.ast.expr.EmptyExpression>: null

13-01-2025T07:10:35 - [TEST_STEP][PASSED] - PB = <not implemented yet for class: org.codehaus.groovy.ast.expr.EmptyExpression>: null

13-01-2025T07:10:35 - [TEST_STEP][PASSED] - FB = <not implemented yet for class: org.codehaus.groovy.ast.expr.EmptyExpression>: null

13-01-2025T07:10:35 - [TEST_STEP][PASSED] - TR = <not implemented yet for class: org.codehaus.groovy.ast.expr.EmptyExpression>: null

13-01-2025T07:10:35 - [TEST_STEP][PASSED] - TB = <not implemented yet for class: org.codehaus.groovy.ast.expr.EmptyExpression>: null

13-01-2025T07:10:35 - [TEST_STEP][PASSED] - sheetName = "Sheet1": null

13-01-2025T07:10:35 - [TEST_STEP][PASSED] - data = findTestData("PlanFact"): null

13-01-2025T07:10:35 - [TEST_STEP][PASSED] - n = data.getRowNumbers() + 1: null

13-01-2025T07:10:35 - [TEST_STEP][PASSED] - year = todaysDate.substring(todaysDate.length() - 4, todaysDate.length()): null

13-01-2025T07:10:35 - [TEST_STEP][PASSED] - y = year.toInteger(): null

13-01-2025T07:10:35 - [TEST_STEP][PASSED] - m = getText(findTestObject("Выполнение бизнес-плана/Выполнение бизнес-плана Балансы/Фильтр Дата")): Text of object 'Object Repository/Выполнение бизнес-плана/Выполнение бизнес-плана Балансы/Фильтр Дата' is: '1, 2, 3 кв., Октябрь, Ноябрь 2024 года'

13-01-2025T07:10:36 - [MESSAGE][PASSED] - Text of object 'Object Repository/Выполнение бизнес-плана/Выполнение бизнес-плана Балансы/Фильтр Дата' is: '1, 2, 3 кв., Октябрь, Ноябрь 2024 года'

13-01-2025T07:10:36 - [TEST_STEP][PASSED] - m = m.substring(0, m.indexOf("2024")): null

13-01-2025T07:10:36 - [TEST_STEP][PASSED] - m = m.trim(): null

13-01-2025T07:10:36 - [TEST_STEP][PASSED] - dashboardName = "Выполнение бизнес-плана": null

13-01-2025T07:10:36 - [TEST_STEP][PASSED] - workbook01 = getWorkbook(excelFilePath): null

13-01-2025T07:10:36 - [TEST_STEP][PASSED] - sheet01 = getExcelSheet(workbook01, sheetName): null

13-01-2025T07:10:36 - [TEST_STEP][PASSED] - setValueToCellByIndex(sheet01, n, 0, dashboardName): null

13-01-2025T07:10:36 - [TEST_STEP][PASSED] - setValueToCellByIndex(sheet01, n, 1, dZO): null

13-01-2025T07:10:36 - [TEST_STEP][PASSED] - setValueToCellByIndex(sheet01, n, 2, typeOfData): null

13-01-2025T07:10:36 - [TEST_STEP][PASSED] - setValueToCellByIndex(sheet01, n, 3, typeOfData): null

13-01-2025T07:10:36 - [TEST_STEP][PASSED] - if (typeOfData == "План"): null

13-01-2025T07:10:36 - [TEST_STEP][PASSED] - else if (typeOfData == "Факт"): null

13-01-2025T07:10:36 - [TEST_STEP][PASSED] - else if (vidget.contains("электроэнергии") == true): null

13-01-2025T07:10:36 - [TEST_STEP][PASSED] - if (tabR == null): null

13-01-2025T07:10:36 - [TEST_STEP][PASSED] - else: null

13-01-2025T07:10:36 - [TEST_STEP][PASSED] - if (tabR == "нет данных"): null

13-01-2025T07:10:36 - [TEST_STEP][PASSED] - else: null

13-01-2025T07:10:36 - [TEST_STEP][PASSED] - TR = tabR.toInteger(): null

13-01-2025T07:10:36 - [TEST_STEP][PASSED] - setValueToCellByIndex(sheet01, n, 4, TR): null

13-01-2025T07:10:36 - [TEST_STEP][PASSED] - if (tabB == null): null

13-01-2025T07:10:36 - [TEST_STEP][PASSED] - else: null

13-01-2025T07:10:36 - [TEST_STEP][PASSED] - if (tabB == "нет данных"): null

13-01-2025T07:10:36 - [TEST_STEP][PASSED] - else: null

13-01-2025T07:10:36 - [TEST_STEP][PASSED] - TB = tabB.toInteger(): null

13-01-2025T07:10:36 - [TEST_STEP][PASSED] - setValueToCellByIndex(sheet01, n, 5, TB): null

13-01-2025T07:10:36 - [TEST_STEP][PASSED] - setValueToCellByIndex(sheet01, n, 6, m): null

13-01-2025T07:10:36 - [TEST_STEP][PASSED] - setValueToCellByIndex(sheet01, n, 7, y): null

13-01-2025T07:10:36 - [TEST_STEP][PASSED] - setValueToCellByIndex(sheet01, n, 8, todaysDate): null

13-01-2025T07:10:36 - [TEST_STEP][PASSED] - n = n + 1: null

13-01-2025T07:10:36 - [TEST_STEP][PASSED] - saveWorkbook(excelFilePath, workbook01): null

13-01-2025T07:10:36 - [TEST_STEP][PASSED] - typeOfData = "Факт Отпуск из сети": null

13-01-2025T07:10:36 - [TEST_STEP][PASSED] - tabR = GetOiSFactR(x = a): null

13-01-2025T07:10:36 - [TEST_STEP][PASSED] - i1 = <not implemented yet for class: org.codehaus.groovy.ast.expr.EmptyExpression>: null

13-01-2025T07:10:36 - [TEST_STEP][PASSED] - ii = <not implemented yet for class: org.codehaus.groovy.ast.expr.EmptyExpression>: null

13-01-2025T07:10:36 - [TEST_STEP][PASSED] - for ([ii = 1, ii < 5, (ii++)]): null

13-01-2025T07:10:36 - [TEST_STEP][PASSED] - i1 = x.indexOf("/") + 1: null

13-01-2025T07:10:36 - [TEST_STEP][PASSED] - if (i1 > -1): null

13-01-2025T07:10:36 - [TEST_STEP][PASSED] - x = x.substring(i1, x.length()): null

13-01-2025T07:10:36 - [TEST_STEP][PASSED] - println(x): null

13-01-2025T07:10:36 - [TEST_STEP][PASSED] - i1 = x.indexOf("/") + 1: null

13-01-2025T07:10:36 - [TEST_STEP][PASSED] - if (i1 > -1): null

13-01-2025T07:10:36 - [TEST_STEP][PASSED] - x = x.substring(i1, x.length()): null

13-01-2025T07:10:36 - [TEST_STEP][PASSED] - println(x): null

13-01-2025T07:10:36 - [TEST_STEP][PASSED] - i1 = x.indexOf("/") + 1: null

13-01-2025T07:10:36 - [TEST_STEP][PASSED] - if (i1 > -1): null

13-01-2025T07:10:36 - [TEST_STEP][PASSED] - x = x.substring(i1, x.length()): null

13-01-2025T07:10:36 - [TEST_STEP][PASSED] - println(x): null

13-01-2025T07:10:36 - [TEST_STEP][PASSED] - i1 = x.indexOf("/") + 1: null

13-01-2025T07:10:36 - [TEST_STEP][PASSED] - if (i1 > -1): null

13-01-2025T07:10:36 - [TEST_STEP][PASSED] - x = x.substring(i1, x.length()): null

13-01-2025T07:10:36 - [TEST_STEP][PASSED] - println(x): null

13-01-2025T07:10:36 - [TEST_STEP][PASSED] - i1 = x.indexOf("/"): null

13-01-2025T07:10:36 - [TEST_STEP][PASSED] - if (i1 > -1): null

13-01-2025T07:10:36 - [TEST_STEP][PASSED] - x = x.substring(0, i1): null

13-01-2025T07:10:36 - [TEST_STEP][PASSED] - println(x): null

13-01-2025T07:10:36 - [TEST_STEP][PASSED] - return x: null

13-01-2025T07:10:36 - [TEST_STEP][PASSED] - tabB = GetOiSFactB(x = b): null

13-01-2025T07:10:36 - [TEST_STEP][PASSED] - i1 = <not implemented yet for class: org.codehaus.groovy.ast.expr.EmptyExpression>: null

13-01-2025T07:10:36 - [TEST_STEP][PASSED] - ii = <not implemented yet for class: org.codehaus.groovy.ast.expr.EmptyExpression>: null

13-01-2025T07:10:36 - [TEST_STEP][PASSED] - for ([ii = 1, ii < 5, (ii++)]): null

13-01-2025T07:10:36 - [TEST_STEP][PASSED] - i1 = x.indexOf("/") + 1: null

13-01-2025T07:10:36 - [TEST_STEP][PASSED] - if (i1 > -1): null

13-01-2025T07:10:36 - [TEST_STEP][PASSED] - x = x.substring(i1, x.length()): null

13-01-2025T07:10:36 - [TEST_STEP][PASSED] - println(x): null

13-01-2025T07:10:36 - [TEST_STEP][PASSED] - i1 = x.indexOf("/") + 1: null

13-01-2025T07:10:36 - [TEST_STEP][PASSED] - if (i1 > -1): null

13-01-2025T07:10:36 - [TEST_STEP][PASSED] - x = x.substring(i1, x.length()): null

13-01-2025T07:10:36 - [TEST_STEP][PASSED] - println(x): null

13-01-2025T07:10:36 - [TEST_STEP][PASSED] - i1 = x.indexOf("/") + 1: null

13-01-2025T07:10:36 - [TEST_STEP][PASSED] - if (i1 > -1): null

13-01-2025T07:10:36 - [TEST_STEP][PASSED] - x = x.substring(i1, x.length()): null

13-01-2025T07:10:36 - [TEST_STEP][PASSED] - println(x): null

13-01-2025T07:10:36 - [TEST_STEP][PASSED] - i1 = x.indexOf("/") + 1: null

13-01-2025T07:10:36 - [TEST_STEP][PASSED] - if (i1 > -1): null

13-01-2025T07:10:36 - [TEST_STEP][PASSED] - x = x.substring(i1, x.length()): null

13-01-2025T07:10:36 - [TEST_STEP][PASSED] - println(x): null

13-01-2025T07:10:36 - [TEST_STEP][PASSED] - i1 = x.indexOf("/"): null

13-01-2025T07:10:36 - [TEST_STEP][PASSED] - if (i1 > -1): null

13-01-2025T07:10:36 - [TEST_STEP][PASSED] - x = x.substring(0, i1): null

13-01-2025T07:10:36 - [TEST_STEP][PASSED] - println(x): null

13-01-2025T07:10:36 - [TEST_STEP][FAILED] - return x: null

13-01-2025T07:10:36 - [TEST_STEP][FAILED] - if (verifyEqual(tabR, tabB) == false): null

13-01-2025T07:10:36 - [MESSAGE][FAILED] - Unable to verify equal between actual object '209300970' and expected object '519906785' (Root cause: com.kms.katalon.core.exception.StepFailedException: Actual object '209300970' and expected object '519906785' are not equal
	at com.kms.katalon.core.keyword.builtin.VerifyEqualKeyword$_verifyEqual_closure1.doCall(VerifyEqualKeyword.groovy:58)
	at com.kms.katalon.core.keyword.builtin.VerifyEqualKeyword$_verifyEqual_closure1.call(VerifyEqualKeyword.groovy)
	at com.kms.katalon.core.keyword.internal.KeywordMain.runKeyword(KeywordMain.groovy:75)
	at com.kms.katalon.core.keyword.builtin.VerifyEqualKeyword.verifyEqual(VerifyEqualKeyword.groovy:63)
	at com.kms.katalon.core.keyword.builtin.VerifyEqualKeyword.execute(VerifyEqualKeyword.groovy:44)
	at com.kms.katalon.core.keyword.internal.KeywordExecutor.executeKeywordForPlatform(KeywordExecutor.groovy:74)
	at com.kms.katalon.core.keyword.BuiltinKeywords.verifyEqual(BuiltinKeywords.groovy:146)
	at java.base/jdk.internal.reflect.NativeMethodAccessorImpl.invoke0(Native Method)
	at java.base/jdk.internal.reflect.NativeMethodAccessorImpl.invoke(NativeMethodAccessorImpl.java:77)
	at java.base/jdk.internal.reflect.DelegatingMethodAccessorImpl.invoke(DelegatingMethodAccessorImpl.java:43)
	at Выполнение бизнес-плана сверка дашбордов - Copy.CompareDZOData(Выполнение бизнес-плана сверка дашбордов - Copy:717)
	at Выполнение бизнес-плана сверка дашбордов - Copy.run(Выполнение бизнес-плана сверка дашбордов - Copy:578)
	at com.kms.katalon.core.main.ScriptEngine.run(ScriptEngine.java:194)
	at com.kms.katalon.core.main.ScriptEngine.runScriptAsRawText(ScriptEngine.java:119)
	at com.kms.katalon.core.main.TestCaseExecutor.runScript(TestCaseExecutor.java:448)
	at com.kms.katalon.core.main.TestCaseExecutor.doExecute(TestCaseExecutor.java:439)
	at com.kms.katalon.core.main.TestCaseExecutor.processExecutionPhase(TestCaseExecutor.java:418)
	at com.kms.katalon.core.main.TestCaseExecutor.accessMainPhase(TestCaseExecutor.java:410)
	at com.kms.katalon.core.main.TestCaseExecutor.execute(TestCaseExecutor.java:285)
	at com.kms.katalon.core.common.CommonExecutor.accessTestCaseMainPhase(CommonExecutor.java:65)
	at com.kms.katalon.core.main.TestSuiteExecutor.accessTestSuiteMainPhase(TestSuiteExecutor.java:150)
	at com.kms.katalon.core.main.TestSuiteExecutor.execute(TestSuiteExecutor.java:106)
	at com.kms.katalon.core.main.TestCaseMain.startTestSuite(TestCaseMain.java:180)
	at TempTestSuite1736740835951.run(TempTestSuite1736740835951.groovy:35)
	at java.base/jdk.internal.reflect.NativeMethodAccessorImpl.invoke0(Native Method)
	at java.base/jdk.internal.reflect.NativeMethodAccessorImpl.invoke(NativeMethodAccessorImpl.java:77)
	at java.base/jdk.internal.reflect.DelegatingMethodAccessorImpl.invoke(DelegatingMethodAccessorImpl.java:43)
)

13-01-2025T07:10:36 - [TEST_STEP][PASSED] - result = WriteToExcel(typeOfData, todaysDate, PercPlanR, PercPlanB, PercFactR, PercFactB, x, tabR, tabB, o1R, o1B, vidget): null

13-01-2025T07:10:36 - [TEST_STEP][PASSED] - iii = dZO.indexOf("/"): null

13-01-2025T07:10:36 - [TEST_STEP][PASSED] - println(iii): null

13-01-2025T07:10:36 - [TEST_STEP][PASSED] - dZO = dZO.substring(0, iii): null

13-01-2025T07:10:36 - [TEST_STEP][PASSED] - println(dZO): null

13-01-2025T07:10:36 - [TEST_STEP][PASSED] - println(PercPlanR): null

13-01-2025T07:10:36 - [TEST_STEP][PASSED] - println(PercPlanB): null

13-01-2025T07:10:36 - [TEST_STEP][PASSED] - println(PercFactR): null

13-01-2025T07:10:36 - [TEST_STEP][PASSED] - println(PercFactB): null

13-01-2025T07:10:36 - [TEST_STEP][PASSED] - println(tabR): null

13-01-2025T07:10:36 - [TEST_STEP][PASSED] - println(tabB): null

13-01-2025T07:10:36 - [TEST_STEP][PASSED] - println(o1R): null

13-01-2025T07:10:36 - [TEST_STEP][PASSED] - println(o1B): null

13-01-2025T07:10:36 - [TEST_STEP][PASSED] - PR = <not implemented yet for class: org.codehaus.groovy.ast.expr.EmptyExpression>: null

13-01-2025T07:10:36 - [TEST_STEP][PASSED] - FR = <not implemented yet for class: org.codehaus.groovy.ast.expr.EmptyExpression>: null

13-01-2025T07:10:36 - [TEST_STEP][PASSED] - PB = <not implemented yet for class: org.codehaus.groovy.ast.expr.EmptyExpression>: null

13-01-2025T07:10:36 - [TEST_STEP][PASSED] - FB = <not implemented yet for class: org.codehaus.groovy.ast.expr.EmptyExpression>: null

13-01-2025T07:10:36 - [TEST_STEP][PASSED] - TR = <not implemented yet for class: org.codehaus.groovy.ast.expr.EmptyExpression>: null

13-01-2025T07:10:36 - [TEST_STEP][PASSED] - TB = <not implemented yet for class: org.codehaus.groovy.ast.expr.EmptyExpression>: null

13-01-2025T07:10:36 - [TEST_STEP][PASSED] - sheetName = "Sheet1": null

13-01-2025T07:10:36 - [TEST_STEP][PASSED] - data = findTestData("PlanFact"): null

13-01-2025T07:10:36 - [TEST_STEP][PASSED] - n = data.getRowNumbers() + 1: null

13-01-2025T07:10:36 - [TEST_STEP][PASSED] - year = todaysDate.substring(todaysDate.length() - 4, todaysDate.length()): null

13-01-2025T07:10:36 - [TEST_STEP][PASSED] - y = year.toInteger(): null

13-01-2025T07:10:36 - [TEST_STEP][PASSED] - m = getText(findTestObject("Выполнение бизнес-плана/Выполнение бизнес-плана Балансы/Фильтр Дата")): Text of object 'Object Repository/Выполнение бизнес-плана/Выполнение бизнес-плана Балансы/Фильтр Дата' is: '1, 2, 3 кв., Октябрь, Ноябрь 2024 года'

13-01-2025T07:10:36 - [MESSAGE][PASSED] - Text of object 'Object Repository/Выполнение бизнес-плана/Выполнение бизнес-плана Балансы/Фильтр Дата' is: '1, 2, 3 кв., Октябрь, Ноябрь 2024 года'

13-01-2025T07:10:36 - [TEST_STEP][PASSED] - m = m.substring(0, m.indexOf("2024")): null

13-01-2025T07:10:36 - [TEST_STEP][PASSED] - m = m.trim(): null

13-01-2025T07:10:36 - [TEST_STEP][PASSED] - dashboardName = "Выполнение бизнес-плана": null

13-01-2025T07:10:36 - [TEST_STEP][PASSED] - workbook01 = getWorkbook(excelFilePath): null

13-01-2025T07:10:36 - [TEST_STEP][PASSED] - sheet01 = getExcelSheet(workbook01, sheetName): null

13-01-2025T07:10:36 - [TEST_STEP][PASSED] - setValueToCellByIndex(sheet01, n, 0, dashboardName): null

13-01-2025T07:10:36 - [TEST_STEP][PASSED] - setValueToCellByIndex(sheet01, n, 1, dZO): null

13-01-2025T07:10:36 - [TEST_STEP][PASSED] - setValueToCellByIndex(sheet01, n, 2, typeOfData): null

13-01-2025T07:10:36 - [TEST_STEP][PASSED] - setValueToCellByIndex(sheet01, n, 3, typeOfData): null

13-01-2025T07:10:36 - [TEST_STEP][PASSED] - if (typeOfData == "План"): null

13-01-2025T07:10:36 - [TEST_STEP][PASSED] - else if (typeOfData == "Факт"): null

13-01-2025T07:10:36 - [TEST_STEP][PASSED] - else if (vidget.contains("электроэнергии") == true): null

13-01-2025T07:10:36 - [TEST_STEP][PASSED] - if (tabR == null): null

13-01-2025T07:10:36 - [TEST_STEP][PASSED] - else: null

13-01-2025T07:10:36 - [TEST_STEP][PASSED] - if (tabR == "нет данных"): null

13-01-2025T07:10:36 - [TEST_STEP][PASSED] - else: null

13-01-2025T07:10:36 - [TEST_STEP][PASSED] - TR = tabR.toInteger(): null

13-01-2025T07:10:36 - [TEST_STEP][PASSED] - setValueToCellByIndex(sheet01, n, 4, TR): null

13-01-2025T07:10:36 - [TEST_STEP][PASSED] - if (tabB == null): null

13-01-2025T07:10:36 - [TEST_STEP][PASSED] - else: null

13-01-2025T07:10:36 - [TEST_STEP][PASSED] - if (tabB == "нет данных"): null

13-01-2025T07:10:36 - [TEST_STEP][PASSED] - else: null

13-01-2025T07:10:36 - [TEST_STEP][PASSED] - TB = tabB.toInteger(): null

13-01-2025T07:10:36 - [TEST_STEP][PASSED] - setValueToCellByIndex(sheet01, n, 5, TB): null

13-01-2025T07:10:36 - [TEST_STEP][PASSED] - setValueToCellByIndex(sheet01, n, 6, m): null

13-01-2025T07:10:36 - [TEST_STEP][PASSED] - setValueToCellByIndex(sheet01, n, 7, y): null

13-01-2025T07:10:36 - [TEST_STEP][PASSED] - setValueToCellByIndex(sheet01, n, 8, todaysDate): null

13-01-2025T07:10:36 - [TEST_STEP][PASSED] - n = n + 1: null

13-01-2025T07:10:36 - [TEST_STEP][PASSED] - saveWorkbook(excelFilePath, workbook01): null

13-01-2025T07:10:37 - [TEST_STEP][PASSED] - typeOfData = "Факт Потери": null

13-01-2025T07:10:37 - [TEST_STEP][PASSED] - tabR = GetPFactR(x = a): null

13-01-2025T07:10:37 - [TEST_STEP][PASSED] - i1 = <not implemented yet for class: org.codehaus.groovy.ast.expr.EmptyExpression>: null

13-01-2025T07:10:37 - [TEST_STEP][PASSED] - ii = <not implemented yet for class: org.codehaus.groovy.ast.expr.EmptyExpression>: null

13-01-2025T07:10:37 - [TEST_STEP][PASSED] - for ([ii = 1, ii < 6, (ii++)]): null

13-01-2025T07:10:37 - [TEST_STEP][PASSED] - i1 = x.indexOf("/") + 1: null

13-01-2025T07:10:37 - [TEST_STEP][PASSED] - if (i1 > -1): null

13-01-2025T07:10:37 - [TEST_STEP][PASSED] - x = x.substring(i1, x.length()): null

13-01-2025T07:10:37 - [TEST_STEP][PASSED] - println(x): null

13-01-2025T07:10:37 - [TEST_STEP][PASSED] - i1 = x.indexOf("/") + 1: null

13-01-2025T07:10:37 - [TEST_STEP][PASSED] - if (i1 > -1): null

13-01-2025T07:10:37 - [TEST_STEP][PASSED] - x = x.substring(i1, x.length()): null

13-01-2025T07:10:37 - [TEST_STEP][PASSED] - println(x): null

13-01-2025T07:10:37 - [TEST_STEP][PASSED] - i1 = x.indexOf("/") + 1: null

13-01-2025T07:10:37 - [TEST_STEP][PASSED] - if (i1 > -1): null

13-01-2025T07:10:37 - [TEST_STEP][PASSED] - x = x.substring(i1, x.length()): null

13-01-2025T07:10:37 - [TEST_STEP][PASSED] - println(x): null

13-01-2025T07:10:37 - [TEST_STEP][PASSED] - i1 = x.indexOf("/") + 1: null

13-01-2025T07:10:37 - [TEST_STEP][PASSED] - if (i1 > -1): null

13-01-2025T07:10:37 - [TEST_STEP][PASSED] - x = x.substring(i1, x.length()): null

13-01-2025T07:10:37 - [TEST_STEP][PASSED] - println(x): null

13-01-2025T07:10:37 - [TEST_STEP][PASSED] - i1 = x.indexOf("/") + 1: null

13-01-2025T07:10:37 - [TEST_STEP][PASSED] - if (i1 > -1): null

13-01-2025T07:10:37 - [TEST_STEP][PASSED] - x = x.substring(i1, x.length()): null

13-01-2025T07:10:37 - [TEST_STEP][PASSED] - println(x): null

13-01-2025T07:10:37 - [TEST_STEP][PASSED] - i1 = x.indexOf("/"): null

13-01-2025T07:10:37 - [TEST_STEP][PASSED] - if (i1 > -1): null

13-01-2025T07:10:37 - [TEST_STEP][PASSED] - x = x.substring(0, i1): null

13-01-2025T07:10:37 - [TEST_STEP][PASSED] - println(x): null

13-01-2025T07:10:37 - [TEST_STEP][PASSED] - return x: null

13-01-2025T07:10:37 - [TEST_STEP][PASSED] - tabB = GetPFactB(x = b): null

13-01-2025T07:10:37 - [TEST_STEP][PASSED] - i1 = <not implemented yet for class: org.codehaus.groovy.ast.expr.EmptyExpression>: null

13-01-2025T07:10:37 - [TEST_STEP][PASSED] - ii = <not implemented yet for class: org.codehaus.groovy.ast.expr.EmptyExpression>: null

13-01-2025T07:10:37 - [TEST_STEP][PASSED] - for ([ii = 1, ii < 6, (ii++)]): null

13-01-2025T07:10:37 - [TEST_STEP][PASSED] - i1 = x.indexOf("/") + 1: null

13-01-2025T07:10:37 - [TEST_STEP][PASSED] - if (i1 > -1): null

13-01-2025T07:10:37 - [TEST_STEP][PASSED] - x = x.substring(i1, x.length()): null

13-01-2025T07:10:37 - [TEST_STEP][PASSED] - println(x): null

13-01-2025T07:10:37 - [TEST_STEP][PASSED] - i1 = x.indexOf("/") + 1: null

13-01-2025T07:10:37 - [TEST_STEP][PASSED] - if (i1 > -1): null

13-01-2025T07:10:37 - [TEST_STEP][PASSED] - x = x.substring(i1, x.length()): null

13-01-2025T07:10:37 - [TEST_STEP][PASSED] - println(x): null

13-01-2025T07:10:37 - [TEST_STEP][PASSED] - i1 = x.indexOf("/") + 1: null

13-01-2025T07:10:37 - [TEST_STEP][PASSED] - if (i1 > -1): null

13-01-2025T07:10:37 - [TEST_STEP][PASSED] - x = x.substring(i1, x.length()): null

13-01-2025T07:10:37 - [TEST_STEP][PASSED] - println(x): null

13-01-2025T07:10:37 - [TEST_STEP][PASSED] - i1 = x.indexOf("/") + 1: null

13-01-2025T07:10:37 - [TEST_STEP][PASSED] - if (i1 > -1): null

13-01-2025T07:10:37 - [TEST_STEP][PASSED] - x = x.substring(i1, x.length()): null

13-01-2025T07:10:37 - [TEST_STEP][PASSED] - println(x): null

13-01-2025T07:10:37 - [TEST_STEP][PASSED] - i1 = x.indexOf("/") + 1: null

13-01-2025T07:10:37 - [TEST_STEP][PASSED] - if (i1 > -1): null

13-01-2025T07:10:37 - [TEST_STEP][PASSED] - x = x.substring(i1, x.length()): null

13-01-2025T07:10:37 - [TEST_STEP][PASSED] - println(x): null

13-01-2025T07:10:37 - [TEST_STEP][PASSED] - i1 = x.indexOf("/"): null

13-01-2025T07:10:37 - [TEST_STEP][PASSED] - if (i1 > -1): null

13-01-2025T07:10:37 - [TEST_STEP][PASSED] - x = x.substring(0, i1): null

13-01-2025T07:10:37 - [TEST_STEP][PASSED] - println(x): null

13-01-2025T07:10:37 - [TEST_STEP][FAILED] - return x: null

13-01-2025T07:10:37 - [TEST_STEP][PASSED] - println(tabR + "/" + tabB): null

13-01-2025T07:10:37 - [TEST_STEP][FAILED] - if (verifyEqual(tabR, tabB) == false): null

13-01-2025T07:10:37 - [MESSAGE][FAILED] - Unable to verify equal between actual object '20845400' and expected object '45074356' (Root cause: com.kms.katalon.core.exception.StepFailedException: Actual object '20845400' and expected object '45074356' are not equal
	at com.kms.katalon.core.keyword.builtin.VerifyEqualKeyword$_verifyEqual_closure1.doCall(VerifyEqualKeyword.groovy:58)
	at com.kms.katalon.core.keyword.builtin.VerifyEqualKeyword$_verifyEqual_closure1.call(VerifyEqualKeyword.groovy)
	at com.kms.katalon.core.keyword.internal.KeywordMain.runKeyword(KeywordMain.groovy:75)
	at com.kms.katalon.core.keyword.builtin.VerifyEqualKeyword.verifyEqual(VerifyEqualKeyword.groovy:63)
	at com.kms.katalon.core.keyword.builtin.VerifyEqualKeyword.execute(VerifyEqualKeyword.groovy:44)
	at com.kms.katalon.core.keyword.internal.KeywordExecutor.executeKeywordForPlatform(KeywordExecutor.groovy:74)
	at com.kms.katalon.core.keyword.BuiltinKeywords.verifyEqual(BuiltinKeywords.groovy:146)
	at java.base/jdk.internal.reflect.NativeMethodAccessorImpl.invoke0(Native Method)
	at java.base/jdk.internal.reflect.NativeMethodAccessorImpl.invoke(NativeMethodAccessorImpl.java:77)
	at java.base/jdk.internal.reflect.DelegatingMethodAccessorImpl.invoke(DelegatingMethodAccessorImpl.java:43)
	at Выполнение бизнес-плана сверка дашбордов - Copy.CompareDZOData(Выполнение бизнес-плана сверка дашбордов - Copy:730)
	at Выполнение бизнес-плана сверка дашбордов - Copy.run(Выполнение бизнес-плана сверка дашбордов - Copy:578)
	at com.kms.katalon.core.main.ScriptEngine.run(ScriptEngine.java:194)
	at com.kms.katalon.core.main.ScriptEngine.runScriptAsRawText(ScriptEngine.java:119)
	at com.kms.katalon.core.main.TestCaseExecutor.runScript(TestCaseExecutor.java:448)
	at com.kms.katalon.core.main.TestCaseExecutor.doExecute(TestCaseExecutor.java:439)
	at com.kms.katalon.core.main.TestCaseExecutor.processExecutionPhase(TestCaseExecutor.java:418)
	at com.kms.katalon.core.main.TestCaseExecutor.accessMainPhase(TestCaseExecutor.java:410)
	at com.kms.katalon.core.main.TestCaseExecutor.execute(TestCaseExecutor.java:285)
	at com.kms.katalon.core.common.CommonExecutor.accessTestCaseMainPhase(CommonExecutor.java:65)
	at com.kms.katalon.core.main.TestSuiteExecutor.accessTestSuiteMainPhase(TestSuiteExecutor.java:150)
	at com.kms.katalon.core.main.TestSuiteExecutor.execute(TestSuiteExecutor.java:106)
	at com.kms.katalon.core.main.TestCaseMain.startTestSuite(TestCaseMain.java:180)
	at TempTestSuite1736740835951.run(TempTestSuite1736740835951.groovy:35)
	at java.base/jdk.internal.reflect.NativeMethodAccessorImpl.invoke0(Native Method)
	at java.base/jdk.internal.reflect.NativeMethodAccessorImpl.invoke(NativeMethodAccessorImpl.java:77)
	at java.base/jdk.internal.reflect.DelegatingMethodAccessorImpl.invoke(DelegatingMethodAccessorImpl.java:43)
)

13-01-2025T07:10:37 - [TEST_STEP][PASSED] - result = WriteToExcel(typeOfData, todaysDate, PercPlanR, PercPlanB, PercFactR, PercFactB, x, tabR, tabB, o1R, o1B, vidget): null

13-01-2025T07:10:37 - [TEST_STEP][PASSED] - iii = dZO.indexOf("/"): null

13-01-2025T07:10:37 - [TEST_STEP][PASSED] - println(iii): null

13-01-2025T07:10:37 - [TEST_STEP][PASSED] - dZO = dZO.substring(0, iii): null

13-01-2025T07:10:37 - [TEST_STEP][PASSED] - println(dZO): null

13-01-2025T07:10:37 - [TEST_STEP][PASSED] - println(PercPlanR): null

13-01-2025T07:10:37 - [TEST_STEP][PASSED] - println(PercPlanB): null

13-01-2025T07:10:37 - [TEST_STEP][PASSED] - println(PercFactR): null

13-01-2025T07:10:37 - [TEST_STEP][PASSED] - println(PercFactB): null

13-01-2025T07:10:37 - [TEST_STEP][PASSED] - println(tabR): null

13-01-2025T07:10:37 - [TEST_STEP][PASSED] - println(tabB): null

13-01-2025T07:10:37 - [TEST_STEP][PASSED] - println(o1R): null

13-01-2025T07:10:37 - [TEST_STEP][PASSED] - println(o1B): null

13-01-2025T07:10:37 - [TEST_STEP][PASSED] - PR = <not implemented yet for class: org.codehaus.groovy.ast.expr.EmptyExpression>: null

13-01-2025T07:10:37 - [TEST_STEP][PASSED] - FR = <not implemented yet for class: org.codehaus.groovy.ast.expr.EmptyExpression>: null

13-01-2025T07:10:37 - [TEST_STEP][PASSED] - PB = <not implemented yet for class: org.codehaus.groovy.ast.expr.EmptyExpression>: null

13-01-2025T07:10:37 - [TEST_STEP][PASSED] - FB = <not implemented yet for class: org.codehaus.groovy.ast.expr.EmptyExpression>: null

13-01-2025T07:10:37 - [TEST_STEP][PASSED] - TR = <not implemented yet for class: org.codehaus.groovy.ast.expr.EmptyExpression>: null

13-01-2025T07:10:37 - [TEST_STEP][PASSED] - TB = <not implemented yet for class: org.codehaus.groovy.ast.expr.EmptyExpression>: null

13-01-2025T07:10:37 - [TEST_STEP][PASSED] - sheetName = "Sheet1": null

13-01-2025T07:10:37 - [TEST_STEP][PASSED] - data = findTestData("PlanFact"): null

13-01-2025T07:10:37 - [TEST_STEP][PASSED] - n = data.getRowNumbers() + 1: null

13-01-2025T07:10:37 - [TEST_STEP][PASSED] - year = todaysDate.substring(todaysDate.length() - 4, todaysDate.length()): null

13-01-2025T07:10:37 - [TEST_STEP][PASSED] - y = year.toInteger(): null

13-01-2025T07:10:37 - [TEST_STEP][PASSED] - m = getText(findTestObject("Выполнение бизнес-плана/Выполнение бизнес-плана Балансы/Фильтр Дата")): Text of object 'Object Repository/Выполнение бизнес-плана/Выполнение бизнес-плана Балансы/Фильтр Дата' is: '1, 2, 3 кв., Октябрь, Ноябрь 2024 года'

13-01-2025T07:10:37 - [MESSAGE][PASSED] - Text of object 'Object Repository/Выполнение бизнес-плана/Выполнение бизнес-плана Балансы/Фильтр Дата' is: '1, 2, 3 кв., Октябрь, Ноябрь 2024 года'

13-01-2025T07:10:37 - [TEST_STEP][PASSED] - m = m.substring(0, m.indexOf("2024")): null

13-01-2025T07:10:37 - [TEST_STEP][PASSED] - m = m.trim(): null

13-01-2025T07:10:37 - [TEST_STEP][PASSED] - dashboardName = "Выполнение бизнес-плана": null

13-01-2025T07:10:37 - [TEST_STEP][PASSED] - workbook01 = getWorkbook(excelFilePath): null

13-01-2025T07:10:37 - [TEST_STEP][PASSED] - sheet01 = getExcelSheet(workbook01, sheetName): null

13-01-2025T07:10:37 - [TEST_STEP][PASSED] - setValueToCellByIndex(sheet01, n, 0, dashboardName): null

13-01-2025T07:10:37 - [TEST_STEP][PASSED] - setValueToCellByIndex(sheet01, n, 1, dZO): null

13-01-2025T07:10:37 - [TEST_STEP][PASSED] - setValueToCellByIndex(sheet01, n, 2, typeOfData): null

13-01-2025T07:10:37 - [TEST_STEP][PASSED] - setValueToCellByIndex(sheet01, n, 3, typeOfData): null

13-01-2025T07:10:37 - [TEST_STEP][PASSED] - if (typeOfData == "План"): null

13-01-2025T07:10:37 - [TEST_STEP][PASSED] - else if (typeOfData == "Факт"): null

13-01-2025T07:10:37 - [TEST_STEP][PASSED] - else if (vidget.contains("электроэнергии") == true): null

13-01-2025T07:10:37 - [TEST_STEP][PASSED] - if (tabR == null): null

13-01-2025T07:10:37 - [TEST_STEP][PASSED] - else: null

13-01-2025T07:10:37 - [TEST_STEP][PASSED] - if (tabR == "нет данных"): null

13-01-2025T07:10:37 - [TEST_STEP][PASSED] - else: null

13-01-2025T07:10:37 - [TEST_STEP][PASSED] - TR = tabR.toInteger(): null

13-01-2025T07:10:37 - [TEST_STEP][PASSED] - setValueToCellByIndex(sheet01, n, 4, TR): null

13-01-2025T07:10:37 - [TEST_STEP][PASSED] - if (tabB == null): null

13-01-2025T07:10:37 - [TEST_STEP][PASSED] - else: null

13-01-2025T07:10:37 - [TEST_STEP][PASSED] - if (tabB == "нет данных"): null

13-01-2025T07:10:37 - [TEST_STEP][PASSED] - else: null

13-01-2025T07:10:37 - [TEST_STEP][PASSED] - TB = tabB.toInteger(): null

13-01-2025T07:10:37 - [TEST_STEP][PASSED] - setValueToCellByIndex(sheet01, n, 5, TB): null

13-01-2025T07:10:37 - [TEST_STEP][PASSED] - setValueToCellByIndex(sheet01, n, 6, m): null

13-01-2025T07:10:37 - [TEST_STEP][PASSED] - setValueToCellByIndex(sheet01, n, 7, y): null

13-01-2025T07:10:37 - [TEST_STEP][PASSED] - setValueToCellByIndex(sheet01, n, 8, todaysDate): null

13-01-2025T07:10:37 - [TEST_STEP][PASSED] - n = n + 1: null

13-01-2025T07:10:37 - [TEST_STEP][PASSED] - saveWorkbook(excelFilePath, workbook01): null

13-01-2025T07:10:37 - [TEST_STEP][PASSED] - vidget = "Показатели баланса электроэнергии по ДЗО – План": null

13-01-2025T07:10:37 - [TEST_STEP][PASSED] - typeOfData = "План Отпуск в сеть": null

13-01-2025T07:10:37 - [TEST_STEP][PASSED] - tabR = GetOvSPlanR(x = a): null

13-01-2025T07:10:37 - [TEST_STEP][PASSED] - i1 = <not implemented yet for class: org.codehaus.groovy.ast.expr.EmptyExpression>: null

13-01-2025T07:10:37 - [TEST_STEP][PASSED] - ii = <not implemented yet for class: org.codehaus.groovy.ast.expr.EmptyExpression>: null

13-01-2025T07:10:37 - [TEST_STEP][PASSED] - for ([ii = 1, ii < 7, (ii++)]): null

13-01-2025T07:10:37 - [TEST_STEP][PASSED] - i1 = x.indexOf("/") + 1: null

13-01-2025T07:10:37 - [TEST_STEP][PASSED] - if (i1 > -1): null

13-01-2025T07:10:37 - [TEST_STEP][PASSED] - x = x.substring(i1, x.length()): null

13-01-2025T07:10:37 - [TEST_STEP][PASSED] - println(x): null

13-01-2025T07:10:37 - [TEST_STEP][PASSED] - i1 = x.indexOf("/") + 1: null

13-01-2025T07:10:37 - [TEST_STEP][PASSED] - if (i1 > -1): null

13-01-2025T07:10:37 - [TEST_STEP][PASSED] - x = x.substring(i1, x.length()): null

13-01-2025T07:10:37 - [TEST_STEP][PASSED] - println(x): null

13-01-2025T07:10:37 - [TEST_STEP][PASSED] - i1 = x.indexOf("/") + 1: null

13-01-2025T07:10:37 - [TEST_STEP][PASSED] - if (i1 > -1): null

13-01-2025T07:10:37 - [TEST_STEP][PASSED] - x = x.substring(i1, x.length()): null

13-01-2025T07:10:37 - [TEST_STEP][PASSED] - println(x): null

13-01-2025T07:10:37 - [TEST_STEP][PASSED] - i1 = x.indexOf("/") + 1: null

13-01-2025T07:10:37 - [TEST_STEP][PASSED] - if (i1 > -1): null

13-01-2025T07:10:37 - [TEST_STEP][PASSED] - x = x.substring(i1, x.length()): null

13-01-2025T07:10:37 - [TEST_STEP][PASSED] - println(x): null

13-01-2025T07:10:37 - [TEST_STEP][PASSED] - i1 = x.indexOf("/") + 1: null

13-01-2025T07:10:37 - [TEST_STEP][PASSED] - if (i1 > -1): null

13-01-2025T07:10:37 - [TEST_STEP][PASSED] - x = x.substring(i1, x.length()): null

13-01-2025T07:10:37 - [TEST_STEP][PASSED] - println(x): null

13-01-2025T07:10:37 - [TEST_STEP][PASSED] - i1 = x.indexOf("/") + 1: null

13-01-2025T07:10:37 - [TEST_STEP][PASSED] - if (i1 > -1): null

13-01-2025T07:10:37 - [TEST_STEP][PASSED] - x = x.substring(i1, x.length()): null

13-01-2025T07:10:37 - [TEST_STEP][PASSED] - println(x): null

13-01-2025T07:10:37 - [TEST_STEP][PASSED] - i1 = x.indexOf("/"): null

13-01-2025T07:10:37 - [TEST_STEP][PASSED] - if (i1 > -1): null

13-01-2025T07:10:37 - [TEST_STEP][PASSED] - x = x.substring(0, i1): null

13-01-2025T07:10:37 - [TEST_STEP][PASSED] - println(x): null

13-01-2025T07:10:37 - [TEST_STEP][PASSED] - return x: null

13-01-2025T07:10:37 - [TEST_STEP][PASSED] - tabB = GetOvSPlanB(x = b): null

13-01-2025T07:10:37 - [TEST_STEP][PASSED] - i1 = <not implemented yet for class: org.codehaus.groovy.ast.expr.EmptyExpression>: null

13-01-2025T07:10:37 - [TEST_STEP][PASSED] - ii = <not implemented yet for class: org.codehaus.groovy.ast.expr.EmptyExpression>: null

13-01-2025T07:10:37 - [TEST_STEP][PASSED] - for ([ii = 1, ii < 7, (ii++)]): null

13-01-2025T07:10:37 - [TEST_STEP][PASSED] - i1 = x.indexOf("/") + 1: null

13-01-2025T07:10:37 - [TEST_STEP][PASSED] - if (i1 > -1): null

13-01-2025T07:10:37 - [TEST_STEP][PASSED] - x = x.substring(i1, x.length()): null

13-01-2025T07:10:37 - [TEST_STEP][PASSED] - println(x): null

13-01-2025T07:10:37 - [TEST_STEP][PASSED] - i1 = x.indexOf("/") + 1: null

13-01-2025T07:10:37 - [TEST_STEP][PASSED] - if (i1 > -1): null

13-01-2025T07:10:37 - [TEST_STEP][PASSED] - x = x.substring(i1, x.length()): null

13-01-2025T07:10:37 - [TEST_STEP][PASSED] - println(x): null

13-01-2025T07:10:37 - [TEST_STEP][PASSED] - i1 = x.indexOf("/") + 1: null

13-01-2025T07:10:37 - [TEST_STEP][PASSED] - if (i1 > -1): null

13-01-2025T07:10:37 - [TEST_STEP][PASSED] - x = x.substring(i1, x.length()): null

13-01-2025T07:10:37 - [TEST_STEP][PASSED] - println(x): null

13-01-2025T07:10:37 - [TEST_STEP][PASSED] - i1 = x.indexOf("/") + 1: null

13-01-2025T07:10:37 - [TEST_STEP][PASSED] - if (i1 > -1): null

13-01-2025T07:10:37 - [TEST_STEP][PASSED] - x = x.substring(i1, x.length()): null

13-01-2025T07:10:37 - [TEST_STEP][PASSED] - println(x): null

13-01-2025T07:10:37 - [TEST_STEP][PASSED] - i1 = x.indexOf("/") + 1: null

13-01-2025T07:10:37 - [TEST_STEP][PASSED] - if (i1 > -1): null

13-01-2025T07:10:37 - [TEST_STEP][PASSED] - x = x.substring(i1, x.length()): null

13-01-2025T07:10:37 - [TEST_STEP][PASSED] - println(x): null

13-01-2025T07:10:37 - [TEST_STEP][PASSED] - i1 = x.indexOf("/") + 1: null

13-01-2025T07:10:37 - [TEST_STEP][PASSED] - if (i1 > -1): null

13-01-2025T07:10:37 - [TEST_STEP][PASSED] - x = x.substring(i1, x.length()): null

13-01-2025T07:10:37 - [TEST_STEP][PASSED] - println(x): null

13-01-2025T07:10:37 - [TEST_STEP][PASSED] - i1 = x.indexOf("/"): null

13-01-2025T07:10:37 - [TEST_STEP][PASSED] - if (i1 > -1): null

13-01-2025T07:10:37 - [TEST_STEP][PASSED] - x = x.substring(0, i1): null

13-01-2025T07:10:37 - [TEST_STEP][PASSED] - println(x): null

13-01-2025T07:10:37 - [TEST_STEP][FAILED] - return x: null

13-01-2025T07:10:37 - [TEST_STEP][PASSED] - println(tabR + "/" + tabB): null

13-01-2025T07:10:37 - [TEST_STEP][FAILED] - if (verifyEqual(PercFactR, PercFactB) == false): null

13-01-2025T07:10:37 - [MESSAGE][FAILED] - Unable to verify equal between actual object '5.52' and expected object '8.12' (Root cause: com.kms.katalon.core.exception.StepFailedException: Actual object '5.52' and expected object '8.12' are not equal
	at com.kms.katalon.core.keyword.builtin.VerifyEqualKeyword$_verifyEqual_closure1.doCall(VerifyEqualKeyword.groovy:58)
	at com.kms.katalon.core.keyword.builtin.VerifyEqualKeyword$_verifyEqual_closure1.call(VerifyEqualKeyword.groovy)
	at com.kms.katalon.core.keyword.internal.KeywordMain.runKeyword(KeywordMain.groovy:75)
	at com.kms.katalon.core.keyword.builtin.VerifyEqualKeyword.verifyEqual(VerifyEqualKeyword.groovy:63)
	at com.kms.katalon.core.keyword.builtin.VerifyEqualKeyword.execute(VerifyEqualKeyword.groovy:44)
	at com.kms.katalon.core.keyword.internal.KeywordExecutor.executeKeywordForPlatform(KeywordExecutor.groovy:74)
	at com.kms.katalon.core.keyword.BuiltinKeywords.verifyEqual(BuiltinKeywords.groovy:146)
	at java.base/jdk.internal.reflect.NativeMethodAccessorImpl.invoke0(Native Method)
	at java.base/jdk.internal.reflect.NativeMethodAccessorImpl.invoke(NativeMethodAccessorImpl.java:77)
	at java.base/jdk.internal.reflect.DelegatingMethodAccessorImpl.invoke(DelegatingMethodAccessorImpl.java:43)
	at Выполнение бизнес-плана сверка дашбордов - Copy.CompareDZOData(Выполнение бизнес-плана сверка дашбордов - Copy:745)
	at Выполнение бизнес-плана сверка дашбордов - Copy.run(Выполнение бизнес-плана сверка дашбордов - Copy:578)
	at com.kms.katalon.core.main.ScriptEngine.run(ScriptEngine.java:194)
	at com.kms.katalon.core.main.ScriptEngine.runScriptAsRawText(ScriptEngine.java:119)
	at com.kms.katalon.core.main.TestCaseExecutor.runScript(TestCaseExecutor.java:448)
	at com.kms.katalon.core.main.TestCaseExecutor.doExecute(TestCaseExecutor.java:439)
	at com.kms.katalon.core.main.TestCaseExecutor.processExecutionPhase(TestCaseExecutor.java:418)
	at com.kms.katalon.core.main.TestCaseExecutor.accessMainPhase(TestCaseExecutor.java:410)
	at com.kms.katalon.core.main.TestCaseExecutor.execute(TestCaseExecutor.java:285)
	at com.kms.katalon.core.common.CommonExecutor.accessTestCaseMainPhase(CommonExecutor.java:65)
	at com.kms.katalon.core.main.TestSuiteExecutor.accessTestSuiteMainPhase(TestSuiteExecutor.java:150)
	at com.kms.katalon.core.main.TestSuiteExecutor.execute(TestSuiteExecutor.java:106)
	at com.kms.katalon.core.main.TestCaseMain.startTestSuite(TestCaseMain.java:180)
	at TempTestSuite1736740835951.run(TempTestSuite1736740835951.groovy:35)
	at java.base/jdk.internal.reflect.NativeMethodAccessorImpl.invoke0(Native Method)
	at java.base/jdk.internal.reflect.NativeMethodAccessorImpl.invoke(NativeMethodAccessorImpl.java:77)
	at java.base/jdk.internal.reflect.DelegatingMethodAccessorImpl.invoke(DelegatingMethodAccessorImpl.java:43)
)

13-01-2025T07:10:37 - [TEST_STEP][PASSED] - result = WriteToExcel(typeOfData, todaysDate, PercPlanR, PercPlanB, PercFactR, PercFactB, x, tabR, tabB, o1R, o1B, vidget): null

13-01-2025T07:10:37 - [TEST_STEP][PASSED] - iii = dZO.indexOf("/"): null

13-01-2025T07:10:37 - [TEST_STEP][PASSED] - println(iii): null

13-01-2025T07:10:37 - [TEST_STEP][PASSED] - dZO = dZO.substring(0, iii): null

13-01-2025T07:10:37 - [TEST_STEP][PASSED] - println(dZO): null

13-01-2025T07:10:37 - [TEST_STEP][PASSED] - println(PercPlanR): null

13-01-2025T07:10:37 - [TEST_STEP][PASSED] - println(PercPlanB): null

13-01-2025T07:10:37 - [TEST_STEP][PASSED] - println(PercFactR): null

13-01-2025T07:10:37 - [TEST_STEP][PASSED] - println(PercFactB): null

13-01-2025T07:10:37 - [TEST_STEP][PASSED] - println(tabR): null

13-01-2025T07:10:37 - [TEST_STEP][PASSED] - println(tabB): null

13-01-2025T07:10:37 - [TEST_STEP][PASSED] - println(o1R): null

13-01-2025T07:10:37 - [TEST_STEP][PASSED] - println(o1B): null

13-01-2025T07:10:37 - [TEST_STEP][PASSED] - PR = <not implemented yet for class: org.codehaus.groovy.ast.expr.EmptyExpression>: null

13-01-2025T07:10:37 - [TEST_STEP][PASSED] - FR = <not implemented yet for class: org.codehaus.groovy.ast.expr.EmptyExpression>: null

13-01-2025T07:10:37 - [TEST_STEP][PASSED] - PB = <not implemented yet for class: org.codehaus.groovy.ast.expr.EmptyExpression>: null

13-01-2025T07:10:37 - [TEST_STEP][PASSED] - FB = <not implemented yet for class: org.codehaus.groovy.ast.expr.EmptyExpression>: null

13-01-2025T07:10:37 - [TEST_STEP][PASSED] - TR = <not implemented yet for class: org.codehaus.groovy.ast.expr.EmptyExpression>: null

13-01-2025T07:10:37 - [TEST_STEP][PASSED] - TB = <not implemented yet for class: org.codehaus.groovy.ast.expr.EmptyExpression>: null

13-01-2025T07:10:37 - [TEST_STEP][PASSED] - sheetName = "Sheet1": null

13-01-2025T07:10:37 - [TEST_STEP][PASSED] - data = findTestData("PlanFact"): null

13-01-2025T07:10:37 - [TEST_STEP][PASSED] - n = data.getRowNumbers() + 1: null

13-01-2025T07:10:37 - [TEST_STEP][PASSED] - year = todaysDate.substring(todaysDate.length() - 4, todaysDate.length()): null

13-01-2025T07:10:37 - [TEST_STEP][PASSED] - y = year.toInteger(): null

13-01-2025T07:10:37 - [TEST_STEP][PASSED] - m = getText(findTestObject("Выполнение бизнес-плана/Выполнение бизнес-плана Балансы/Фильтр Дата")): Text of object 'Object Repository/Выполнение бизнес-плана/Выполнение бизнес-плана Балансы/Фильтр Дата' is: '1, 2, 3 кв., Октябрь, Ноябрь 2024 года'

13-01-2025T07:10:38 - [MESSAGE][PASSED] - Text of object 'Object Repository/Выполнение бизнес-плана/Выполнение бизнес-плана Балансы/Фильтр Дата' is: '1, 2, 3 кв., Октябрь, Ноябрь 2024 года'

13-01-2025T07:10:38 - [TEST_STEP][PASSED] - m = m.substring(0, m.indexOf("2024")): null

13-01-2025T07:10:38 - [TEST_STEP][PASSED] - m = m.trim(): null

13-01-2025T07:10:38 - [TEST_STEP][PASSED] - dashboardName = "Выполнение бизнес-плана": null

13-01-2025T07:10:38 - [TEST_STEP][PASSED] - workbook01 = getWorkbook(excelFilePath): null

13-01-2025T07:10:38 - [TEST_STEP][PASSED] - sheet01 = getExcelSheet(workbook01, sheetName): null

13-01-2025T07:10:38 - [TEST_STEP][PASSED] - setValueToCellByIndex(sheet01, n, 0, dashboardName): null

13-01-2025T07:10:38 - [TEST_STEP][PASSED] - setValueToCellByIndex(sheet01, n, 1, dZO): null

13-01-2025T07:10:38 - [TEST_STEP][PASSED] - setValueToCellByIndex(sheet01, n, 2, typeOfData): null

13-01-2025T07:10:38 - [TEST_STEP][PASSED] - setValueToCellByIndex(sheet01, n, 3, typeOfData): null

13-01-2025T07:10:38 - [TEST_STEP][PASSED] - if (typeOfData == "План"): null

13-01-2025T07:10:38 - [TEST_STEP][PASSED] - else if (typeOfData == "Факт"): null

13-01-2025T07:10:38 - [TEST_STEP][PASSED] - else if (vidget.contains("электроэнергии") == true): null

13-01-2025T07:10:38 - [TEST_STEP][PASSED] - if (tabR == null): null

13-01-2025T07:10:38 - [TEST_STEP][PASSED] - else: null

13-01-2025T07:10:38 - [TEST_STEP][PASSED] - if (tabR == "нет данных"): null

13-01-2025T07:10:38 - [TEST_STEP][PASSED] - else: null

13-01-2025T07:10:38 - [TEST_STEP][PASSED] - TR = tabR.toInteger(): null

13-01-2025T07:10:38 - [TEST_STEP][PASSED] - setValueToCellByIndex(sheet01, n, 4, TR): null

13-01-2025T07:10:38 - [TEST_STEP][PASSED] - if (tabB == null): null

13-01-2025T07:10:38 - [TEST_STEP][PASSED] - else: null

13-01-2025T07:10:38 - [TEST_STEP][PASSED] - if (tabB == "нет данных"): null

13-01-2025T07:10:38 - [TEST_STEP][PASSED] - else: null

13-01-2025T07:10:38 - [TEST_STEP][PASSED] - TB = tabB.toInteger(): null

13-01-2025T07:10:38 - [TEST_STEP][PASSED] - setValueToCellByIndex(sheet01, n, 5, TB): null

13-01-2025T07:10:38 - [TEST_STEP][PASSED] - setValueToCellByIndex(sheet01, n, 6, m): null

13-01-2025T07:10:38 - [TEST_STEP][PASSED] - setValueToCellByIndex(sheet01, n, 7, y): null

13-01-2025T07:10:38 - [TEST_STEP][PASSED] - setValueToCellByIndex(sheet01, n, 8, todaysDate): null

13-01-2025T07:10:38 - [TEST_STEP][PASSED] - n = n + 1: null

13-01-2025T07:10:38 - [TEST_STEP][PASSED] - saveWorkbook(excelFilePath, workbook01): null

13-01-2025T07:10:38 - [TEST_STEP][PASSED] - typeOfData = "План Отпуск из сети": null

13-01-2025T07:10:38 - [TEST_STEP][PASSED] - tabR = GetOiSPlanR(x = a): null

13-01-2025T07:10:38 - [TEST_STEP][PASSED] - i1 = <not implemented yet for class: org.codehaus.groovy.ast.expr.EmptyExpression>: null

13-01-2025T07:10:38 - [TEST_STEP][PASSED] - ii = <not implemented yet for class: org.codehaus.groovy.ast.expr.EmptyExpression>: null

13-01-2025T07:10:38 - [TEST_STEP][PASSED] - for ([ii = 1, ii < 8, (ii++)]): null

13-01-2025T07:10:38 - [TEST_STEP][PASSED] - i1 = x.indexOf("/") + 1: null

13-01-2025T07:10:38 - [TEST_STEP][PASSED] - if (i1 > -1): null

13-01-2025T07:10:38 - [TEST_STEP][PASSED] - x = x.substring(i1, x.length()): null

13-01-2025T07:10:38 - [TEST_STEP][PASSED] - println(x): null

13-01-2025T07:10:38 - [TEST_STEP][PASSED] - i1 = x.indexOf("/") + 1: null

13-01-2025T07:10:38 - [TEST_STEP][PASSED] - if (i1 > -1): null

13-01-2025T07:10:38 - [TEST_STEP][PASSED] - x = x.substring(i1, x.length()): null

13-01-2025T07:10:38 - [TEST_STEP][PASSED] - println(x): null

13-01-2025T07:10:38 - [TEST_STEP][PASSED] - i1 = x.indexOf("/") + 1: null

13-01-2025T07:10:38 - [TEST_STEP][PASSED] - if (i1 > -1): null

13-01-2025T07:10:38 - [TEST_STEP][PASSED] - x = x.substring(i1, x.length()): null

13-01-2025T07:10:38 - [TEST_STEP][PASSED] - println(x): null

13-01-2025T07:10:38 - [TEST_STEP][PASSED] - i1 = x.indexOf("/") + 1: null

13-01-2025T07:10:38 - [TEST_STEP][PASSED] - if (i1 > -1): null

13-01-2025T07:10:38 - [TEST_STEP][PASSED] - x = x.substring(i1, x.length()): null

13-01-2025T07:10:38 - [TEST_STEP][PASSED] - println(x): null

13-01-2025T07:10:38 - [TEST_STEP][PASSED] - i1 = x.indexOf("/") + 1: null

13-01-2025T07:10:38 - [TEST_STEP][PASSED] - if (i1 > -1): null

13-01-2025T07:10:38 - [TEST_STEP][PASSED] - x = x.substring(i1, x.length()): null

13-01-2025T07:10:38 - [TEST_STEP][PASSED] - println(x): null

13-01-2025T07:10:38 - [TEST_STEP][PASSED] - i1 = x.indexOf("/") + 1: null

13-01-2025T07:10:38 - [TEST_STEP][PASSED] - if (i1 > -1): null

13-01-2025T07:10:38 - [TEST_STEP][PASSED] - x = x.substring(i1, x.length()): null

13-01-2025T07:10:38 - [TEST_STEP][PASSED] - println(x): null

13-01-2025T07:10:38 - [TEST_STEP][PASSED] - i1 = x.indexOf("/") + 1: null

13-01-2025T07:10:38 - [TEST_STEP][PASSED] - if (i1 > -1): null

13-01-2025T07:10:38 - [TEST_STEP][PASSED] - x = x.substring(i1, x.length()): null

13-01-2025T07:10:38 - [TEST_STEP][PASSED] - println(x): null

13-01-2025T07:10:38 - [TEST_STEP][PASSED] - i1 = x.indexOf("/"): null

13-01-2025T07:10:38 - [TEST_STEP][PASSED] - if (i1 > -1): null

13-01-2025T07:10:38 - [TEST_STEP][PASSED] - x = x.substring(0, i1): null

13-01-2025T07:10:38 - [TEST_STEP][PASSED] - println(x): null

13-01-2025T07:10:38 - [TEST_STEP][PASSED] - return x: null

13-01-2025T07:10:38 - [TEST_STEP][PASSED] - tabB = GetOiSPlanB(x = b): null

13-01-2025T07:10:38 - [TEST_STEP][PASSED] - i1 = <not implemented yet for class: org.codehaus.groovy.ast.expr.EmptyExpression>: null

13-01-2025T07:10:38 - [TEST_STEP][PASSED] - ii = <not implemented yet for class: org.codehaus.groovy.ast.expr.EmptyExpression>: null

13-01-2025T07:10:38 - [TEST_STEP][PASSED] - for ([ii = 1, ii < 8, (ii++)]): null

13-01-2025T07:10:38 - [TEST_STEP][PASSED] - i1 = x.indexOf("/") + 1: null

13-01-2025T07:10:38 - [TEST_STEP][PASSED] - if (i1 > -1): null

13-01-2025T07:10:38 - [TEST_STEP][PASSED] - x = x.substring(i1, x.length()): null

13-01-2025T07:10:38 - [TEST_STEP][PASSED] - println(x): null

13-01-2025T07:10:38 - [TEST_STEP][PASSED] - i1 = x.indexOf("/") + 1: null

13-01-2025T07:10:38 - [TEST_STEP][PASSED] - if (i1 > -1): null

13-01-2025T07:10:38 - [TEST_STEP][PASSED] - x = x.substring(i1, x.length()): null

13-01-2025T07:10:38 - [TEST_STEP][PASSED] - println(x): null

13-01-2025T07:10:38 - [TEST_STEP][PASSED] - i1 = x.indexOf("/") + 1: null

13-01-2025T07:10:38 - [TEST_STEP][PASSED] - if (i1 > -1): null

13-01-2025T07:10:38 - [TEST_STEP][PASSED] - x = x.substring(i1, x.length()): null

13-01-2025T07:10:38 - [TEST_STEP][PASSED] - println(x): null

13-01-2025T07:10:38 - [TEST_STEP][PASSED] - i1 = x.indexOf("/") + 1: null

13-01-2025T07:10:38 - [TEST_STEP][PASSED] - if (i1 > -1): null

13-01-2025T07:10:38 - [TEST_STEP][PASSED] - x = x.substring(i1, x.length()): null

13-01-2025T07:10:38 - [TEST_STEP][PASSED] - println(x): null

13-01-2025T07:10:38 - [TEST_STEP][PASSED] - i1 = x.indexOf("/") + 1: null

13-01-2025T07:10:38 - [TEST_STEP][PASSED] - if (i1 > -1): null

13-01-2025T07:10:38 - [TEST_STEP][PASSED] - x = x.substring(i1, x.length()): null

13-01-2025T07:10:38 - [TEST_STEP][PASSED] - println(x): null

13-01-2025T07:10:38 - [TEST_STEP][PASSED] - i1 = x.indexOf("/") + 1: null

13-01-2025T07:10:38 - [TEST_STEP][PASSED] - if (i1 > -1): null

13-01-2025T07:10:38 - [TEST_STEP][PASSED] - x = x.substring(i1, x.length()): null

13-01-2025T07:10:38 - [TEST_STEP][PASSED] - println(x): null

13-01-2025T07:10:38 - [TEST_STEP][PASSED] - i1 = x.indexOf("/") + 1: null

13-01-2025T07:10:38 - [TEST_STEP][PASSED] - if (i1 > -1): null

13-01-2025T07:10:38 - [TEST_STEP][PASSED] - x = x.substring(i1, x.length()): null

13-01-2025T07:10:38 - [TEST_STEP][PASSED] - println(x): null

13-01-2025T07:10:38 - [TEST_STEP][PASSED] - i1 = x.indexOf("/"): null

13-01-2025T07:10:38 - [TEST_STEP][PASSED] - if (i1 > -1): null

13-01-2025T07:10:38 - [TEST_STEP][PASSED] - x = x.substring(0, i1): null

13-01-2025T07:10:38 - [TEST_STEP][PASSED] - println(x): null

13-01-2025T07:10:38 - [TEST_STEP][FAILED] - return x: null

13-01-2025T07:10:38 - [TEST_STEP][PASSED] - println(tabR + "/" + tabB): null

13-01-2025T07:10:38 - [TEST_STEP][FAILED] - if (verifyEqual(PercFactR, PercFactB) == false): null

13-01-2025T07:10:38 - [MESSAGE][FAILED] - Unable to verify equal between actual object '5.52' and expected object '8.12' (Root cause: com.kms.katalon.core.exception.StepFailedException: Actual object '5.52' and expected object '8.12' are not equal
	at com.kms.katalon.core.keyword.builtin.VerifyEqualKeyword$_verifyEqual_closure1.doCall(VerifyEqualKeyword.groovy:58)
	at com.kms.katalon.core.keyword.builtin.VerifyEqualKeyword$_verifyEqual_closure1.call(VerifyEqualKeyword.groovy)
	at com.kms.katalon.core.keyword.internal.KeywordMain.runKeyword(KeywordMain.groovy:75)
	at com.kms.katalon.core.keyword.builtin.VerifyEqualKeyword.verifyEqual(VerifyEqualKeyword.groovy:63)
	at com.kms.katalon.core.keyword.builtin.VerifyEqualKeyword.execute(VerifyEqualKeyword.groovy:44)
	at com.kms.katalon.core.keyword.internal.KeywordExecutor.executeKeywordForPlatform(KeywordExecutor.groovy:74)
	at com.kms.katalon.core.keyword.BuiltinKeywords.verifyEqual(BuiltinKeywords.groovy:146)
	at java.base/jdk.internal.reflect.NativeMethodAccessorImpl.invoke0(Native Method)
	at java.base/jdk.internal.reflect.NativeMethodAccessorImpl.invoke(NativeMethodAccessorImpl.java:77)
	at java.base/jdk.internal.reflect.DelegatingMethodAccessorImpl.invoke(DelegatingMethodAccessorImpl.java:43)
	at Выполнение бизнес-плана сверка дашбордов - Copy.CompareDZOData(Выполнение бизнес-плана сверка дашбордов - Copy:758)
	at Выполнение бизнес-плана сверка дашбордов - Copy.run(Выполнение бизнес-плана сверка дашбордов - Copy:578)
	at com.kms.katalon.core.main.ScriptEngine.run(ScriptEngine.java:194)
	at com.kms.katalon.core.main.ScriptEngine.runScriptAsRawText(ScriptEngine.java:119)
	at com.kms.katalon.core.main.TestCaseExecutor.runScript(TestCaseExecutor.java:448)
	at com.kms.katalon.core.main.TestCaseExecutor.doExecute(TestCaseExecutor.java:439)
	at com.kms.katalon.core.main.TestCaseExecutor.processExecutionPhase(TestCaseExecutor.java:418)
	at com.kms.katalon.core.main.TestCaseExecutor.accessMainPhase(TestCaseExecutor.java:410)
	at com.kms.katalon.core.main.TestCaseExecutor.execute(TestCaseExecutor.java:285)
	at com.kms.katalon.core.common.CommonExecutor.accessTestCaseMainPhase(CommonExecutor.java:65)
	at com.kms.katalon.core.main.TestSuiteExecutor.accessTestSuiteMainPhase(TestSuiteExecutor.java:150)
	at com.kms.katalon.core.main.TestSuiteExecutor.execute(TestSuiteExecutor.java:106)
	at com.kms.katalon.core.main.TestCaseMain.startTestSuite(TestCaseMain.java:180)
	at TempTestSuite1736740835951.run(TempTestSuite1736740835951.groovy:35)
	at java.base/jdk.internal.reflect.NativeMethodAccessorImpl.invoke0(Native Method)
	at java.base/jdk.internal.reflect.NativeMethodAccessorImpl.invoke(NativeMethodAccessorImpl.java:77)
	at java.base/jdk.internal.reflect.DelegatingMethodAccessorImpl.invoke(DelegatingMethodAccessorImpl.java:43)
)

13-01-2025T07:10:38 - [TEST_STEP][PASSED] - result = WriteToExcel(typeOfData, todaysDate, PercPlanR, PercPlanB, PercFactR, PercFactB, x, tabR, tabB, o1R, o1B, vidget): null

13-01-2025T07:10:38 - [TEST_STEP][PASSED] - iii = dZO.indexOf("/"): null

13-01-2025T07:10:38 - [TEST_STEP][PASSED] - println(iii): null

13-01-2025T07:10:38 - [TEST_STEP][PASSED] - dZO = dZO.substring(0, iii): null

13-01-2025T07:10:38 - [TEST_STEP][PASSED] - println(dZO): null

13-01-2025T07:10:38 - [TEST_STEP][PASSED] - println(PercPlanR): null

13-01-2025T07:10:38 - [TEST_STEP][PASSED] - println(PercPlanB): null

13-01-2025T07:10:38 - [TEST_STEP][PASSED] - println(PercFactR): null

13-01-2025T07:10:38 - [TEST_STEP][PASSED] - println(PercFactB): null

13-01-2025T07:10:38 - [TEST_STEP][PASSED] - println(tabR): null

13-01-2025T07:10:38 - [TEST_STEP][PASSED] - println(tabB): null

13-01-2025T07:10:38 - [TEST_STEP][PASSED] - println(o1R): null

13-01-2025T07:10:38 - [TEST_STEP][PASSED] - println(o1B): null

13-01-2025T07:10:38 - [TEST_STEP][PASSED] - PR = <not implemented yet for class: org.codehaus.groovy.ast.expr.EmptyExpression>: null

13-01-2025T07:10:38 - [TEST_STEP][PASSED] - FR = <not implemented yet for class: org.codehaus.groovy.ast.expr.EmptyExpression>: null

13-01-2025T07:10:38 - [TEST_STEP][PASSED] - PB = <not implemented yet for class: org.codehaus.groovy.ast.expr.EmptyExpression>: null

13-01-2025T07:10:38 - [TEST_STEP][PASSED] - FB = <not implemented yet for class: org.codehaus.groovy.ast.expr.EmptyExpression>: null

13-01-2025T07:10:38 - [TEST_STEP][PASSED] - TR = <not implemented yet for class: org.codehaus.groovy.ast.expr.EmptyExpression>: null

13-01-2025T07:10:38 - [TEST_STEP][PASSED] - TB = <not implemented yet for class: org.codehaus.groovy.ast.expr.EmptyExpression>: null

13-01-2025T07:10:38 - [TEST_STEP][PASSED] - sheetName = "Sheet1": null

13-01-2025T07:10:38 - [TEST_STEP][PASSED] - data = findTestData("PlanFact"): null

13-01-2025T07:10:38 - [TEST_STEP][PASSED] - n = data.getRowNumbers() + 1: null

13-01-2025T07:10:38 - [TEST_STEP][PASSED] - year = todaysDate.substring(todaysDate.length() - 4, todaysDate.length()): null

13-01-2025T07:10:38 - [TEST_STEP][PASSED] - y = year.toInteger(): null

13-01-2025T07:10:38 - [TEST_STEP][PASSED] - m = getText(findTestObject("Выполнение бизнес-плана/Выполнение бизнес-плана Балансы/Фильтр Дата")): Text of object 'Object Repository/Выполнение бизнес-плана/Выполнение бизнес-плана Балансы/Фильтр Дата' is: '1, 2, 3 кв., Октябрь, Ноябрь 2024 года'

13-01-2025T07:10:38 - [MESSAGE][PASSED] - Text of object 'Object Repository/Выполнение бизнес-плана/Выполнение бизнес-плана Балансы/Фильтр Дата' is: '1, 2, 3 кв., Октябрь, Ноябрь 2024 года'

13-01-2025T07:10:38 - [TEST_STEP][PASSED] - m = m.substring(0, m.indexOf("2024")): null

13-01-2025T07:10:38 - [TEST_STEP][PASSED] - m = m.trim(): null

13-01-2025T07:10:38 - [TEST_STEP][PASSED] - dashboardName = "Выполнение бизнес-плана": null

13-01-2025T07:10:38 - [TEST_STEP][PASSED] - workbook01 = getWorkbook(excelFilePath): null

13-01-2025T07:10:38 - [TEST_STEP][PASSED] - sheet01 = getExcelSheet(workbook01, sheetName): null

13-01-2025T07:10:38 - [TEST_STEP][PASSED] - setValueToCellByIndex(sheet01, n, 0, dashboardName): null

13-01-2025T07:10:38 - [TEST_STEP][PASSED] - setValueToCellByIndex(sheet01, n, 1, dZO): null

13-01-2025T07:10:38 - [TEST_STEP][PASSED] - setValueToCellByIndex(sheet01, n, 2, typeOfData): null

13-01-2025T07:10:38 - [TEST_STEP][PASSED] - setValueToCellByIndex(sheet01, n, 3, typeOfData): null

13-01-2025T07:10:38 - [TEST_STEP][PASSED] - if (typeOfData == "План"): null

13-01-2025T07:10:38 - [TEST_STEP][PASSED] - else if (typeOfData == "Факт"): null

13-01-2025T07:10:38 - [TEST_STEP][PASSED] - else if (vidget.contains("электроэнергии") == true): null

13-01-2025T07:10:38 - [TEST_STEP][PASSED] - if (tabR == null): null

13-01-2025T07:10:38 - [TEST_STEP][PASSED] - else: null

13-01-2025T07:10:38 - [TEST_STEP][PASSED] - if (tabR == "нет данных"): null

13-01-2025T07:10:38 - [TEST_STEP][PASSED] - else: null

13-01-2025T07:10:38 - [TEST_STEP][PASSED] - TR = tabR.toInteger(): null

13-01-2025T07:10:38 - [TEST_STEP][PASSED] - setValueToCellByIndex(sheet01, n, 4, TR): null

13-01-2025T07:10:38 - [TEST_STEP][PASSED] - if (tabB == null): null

13-01-2025T07:10:38 - [TEST_STEP][PASSED] - else: null

13-01-2025T07:10:38 - [TEST_STEP][PASSED] - if (tabB == "нет данных"): null

13-01-2025T07:10:38 - [TEST_STEP][PASSED] - else: null

13-01-2025T07:10:38 - [TEST_STEP][PASSED] - TB = tabB.toInteger(): null

13-01-2025T07:10:38 - [TEST_STEP][PASSED] - setValueToCellByIndex(sheet01, n, 5, TB): null

13-01-2025T07:10:38 - [TEST_STEP][PASSED] - setValueToCellByIndex(sheet01, n, 6, m): null

13-01-2025T07:10:38 - [TEST_STEP][PASSED] - setValueToCellByIndex(sheet01, n, 7, y): null

13-01-2025T07:10:38 - [TEST_STEP][PASSED] - setValueToCellByIndex(sheet01, n, 8, todaysDate): null

13-01-2025T07:10:38 - [TEST_STEP][PASSED] - n = n + 1: null

13-01-2025T07:10:38 - [TEST_STEP][PASSED] - saveWorkbook(excelFilePath, workbook01): null

13-01-2025T07:10:39 - [TEST_STEP][PASSED] - typeOfData = "План Потери": null

13-01-2025T07:10:39 - [TEST_STEP][PASSED] - tabR = GetPPlanR(x = a): null

13-01-2025T07:10:39 - [TEST_STEP][PASSED] - i1 = <not implemented yet for class: org.codehaus.groovy.ast.expr.EmptyExpression>: null

13-01-2025T07:10:39 - [TEST_STEP][PASSED] - ii = <not implemented yet for class: org.codehaus.groovy.ast.expr.EmptyExpression>: null

13-01-2025T07:10:39 - [TEST_STEP][PASSED] - for ([ii = 1, ii < 9, (ii++)]): null

13-01-2025T07:10:39 - [TEST_STEP][PASSED] - i1 = x.indexOf("/") + 1: null

13-01-2025T07:10:39 - [TEST_STEP][PASSED] - if (i1 > -1): null

13-01-2025T07:10:39 - [TEST_STEP][PASSED] - x = x.substring(i1, x.length()): null

13-01-2025T07:10:39 - [TEST_STEP][PASSED] - println(x): null

13-01-2025T07:10:39 - [TEST_STEP][PASSED] - i1 = x.indexOf("/") + 1: null

13-01-2025T07:10:39 - [TEST_STEP][PASSED] - if (i1 > -1): null

13-01-2025T07:10:39 - [TEST_STEP][PASSED] - x = x.substring(i1, x.length()): null

13-01-2025T07:10:39 - [TEST_STEP][PASSED] - println(x): null

13-01-2025T07:10:39 - [TEST_STEP][PASSED] - i1 = x.indexOf("/") + 1: null

13-01-2025T07:10:39 - [TEST_STEP][PASSED] - if (i1 > -1): null

13-01-2025T07:10:39 - [TEST_STEP][PASSED] - x = x.substring(i1, x.length()): null

13-01-2025T07:10:39 - [TEST_STEP][PASSED] - println(x): null

13-01-2025T07:10:39 - [TEST_STEP][PASSED] - i1 = x.indexOf("/") + 1: null

13-01-2025T07:10:39 - [TEST_STEP][PASSED] - if (i1 > -1): null

13-01-2025T07:10:39 - [TEST_STEP][PASSED] - x = x.substring(i1, x.length()): null

13-01-2025T07:10:39 - [TEST_STEP][PASSED] - println(x): null

13-01-2025T07:10:39 - [TEST_STEP][PASSED] - i1 = x.indexOf("/") + 1: null

13-01-2025T07:10:39 - [TEST_STEP][PASSED] - if (i1 > -1): null

13-01-2025T07:10:39 - [TEST_STEP][PASSED] - x = x.substring(i1, x.length()): null

13-01-2025T07:10:39 - [TEST_STEP][PASSED] - println(x): null

13-01-2025T07:10:39 - [TEST_STEP][PASSED] - i1 = x.indexOf("/") + 1: null

13-01-2025T07:10:39 - [TEST_STEP][PASSED] - if (i1 > -1): null

13-01-2025T07:10:39 - [TEST_STEP][PASSED] - x = x.substring(i1, x.length()): null

13-01-2025T07:10:39 - [TEST_STEP][PASSED] - println(x): null

13-01-2025T07:10:39 - [TEST_STEP][PASSED] - i1 = x.indexOf("/") + 1: null

13-01-2025T07:10:39 - [TEST_STEP][PASSED] - if (i1 > -1): null

13-01-2025T07:10:39 - [TEST_STEP][PASSED] - x = x.substring(i1, x.length()): null

13-01-2025T07:10:39 - [TEST_STEP][PASSED] - println(x): null

13-01-2025T07:10:39 - [TEST_STEP][PASSED] - i1 = x.indexOf("/") + 1: null

13-01-2025T07:10:39 - [TEST_STEP][PASSED] - if (i1 > -1): null

13-01-2025T07:10:39 - [TEST_STEP][PASSED] - x = x.substring(i1, x.length()): null

13-01-2025T07:10:39 - [TEST_STEP][PASSED] - println(x): null

13-01-2025T07:10:39 - [TEST_STEP][PASSED] - i1 = x.indexOf("/"): null

13-01-2025T07:10:39 - [TEST_STEP][PASSED] - if (i1 > -1): null

13-01-2025T07:10:39 - [TEST_STEP][PASSED] - println(x): null

13-01-2025T07:10:39 - [TEST_STEP][PASSED] - return x: null

13-01-2025T07:10:39 - [TEST_STEP][PASSED] - tabB = GetPPlanB(x = b): null

13-01-2025T07:10:39 - [TEST_STEP][PASSED] - i1 = <not implemented yet for class: org.codehaus.groovy.ast.expr.EmptyExpression>: null

13-01-2025T07:10:39 - [TEST_STEP][PASSED] - ii = <not implemented yet for class: org.codehaus.groovy.ast.expr.EmptyExpression>: null

13-01-2025T07:10:39 - [TEST_STEP][PASSED] - for ([ii = 1, ii < 9, (ii++)]): null

13-01-2025T07:10:39 - [TEST_STEP][PASSED] - i1 = x.indexOf("/") + 1: null

13-01-2025T07:10:39 - [TEST_STEP][PASSED] - if (i1 > -1): null

13-01-2025T07:10:39 - [TEST_STEP][PASSED] - x = x.substring(i1, x.length()): null

13-01-2025T07:10:39 - [TEST_STEP][PASSED] - println(x): null

13-01-2025T07:10:39 - [TEST_STEP][PASSED] - i1 = x.indexOf("/") + 1: null

13-01-2025T07:10:39 - [TEST_STEP][PASSED] - if (i1 > -1): null

13-01-2025T07:10:39 - [TEST_STEP][PASSED] - x = x.substring(i1, x.length()): null

13-01-2025T07:10:39 - [TEST_STEP][PASSED] - println(x): null

13-01-2025T07:10:39 - [TEST_STEP][PASSED] - i1 = x.indexOf("/") + 1: null

13-01-2025T07:10:39 - [TEST_STEP][PASSED] - if (i1 > -1): null

13-01-2025T07:10:39 - [TEST_STEP][PASSED] - x = x.substring(i1, x.length()): null

13-01-2025T07:10:39 - [TEST_STEP][PASSED] - println(x): null

13-01-2025T07:10:39 - [TEST_STEP][PASSED] - i1 = x.indexOf("/") + 1: null

13-01-2025T07:10:39 - [TEST_STEP][PASSED] - if (i1 > -1): null

13-01-2025T07:10:39 - [TEST_STEP][PASSED] - x = x.substring(i1, x.length()): null

13-01-2025T07:10:39 - [TEST_STEP][PASSED] - println(x): null

13-01-2025T07:10:39 - [TEST_STEP][PASSED] - i1 = x.indexOf("/") + 1: null

13-01-2025T07:10:39 - [TEST_STEP][PASSED] - if (i1 > -1): null

13-01-2025T07:10:39 - [TEST_STEP][PASSED] - x = x.substring(i1, x.length()): null

13-01-2025T07:10:39 - [TEST_STEP][PASSED] - println(x): null

13-01-2025T07:10:39 - [TEST_STEP][PASSED] - i1 = x.indexOf("/") + 1: null

13-01-2025T07:10:39 - [TEST_STEP][PASSED] - if (i1 > -1): null

13-01-2025T07:10:39 - [TEST_STEP][PASSED] - x = x.substring(i1, x.length()): null

13-01-2025T07:10:39 - [TEST_STEP][PASSED] - println(x): null

13-01-2025T07:10:39 - [TEST_STEP][PASSED] - i1 = x.indexOf("/") + 1: null

13-01-2025T07:10:39 - [TEST_STEP][PASSED] - if (i1 > -1): null

13-01-2025T07:10:39 - [TEST_STEP][PASSED] - x = x.substring(i1, x.length()): null

13-01-2025T07:10:39 - [TEST_STEP][PASSED] - println(x): null

13-01-2025T07:10:39 - [TEST_STEP][PASSED] - i1 = x.indexOf("/") + 1: null

13-01-2025T07:10:39 - [TEST_STEP][PASSED] - if (i1 > -1): null

13-01-2025T07:10:39 - [TEST_STEP][PASSED] - x = x.substring(i1, x.length()): null

13-01-2025T07:10:39 - [TEST_STEP][PASSED] - println(x): null

13-01-2025T07:10:39 - [TEST_STEP][PASSED] - i1 = x.indexOf("/"): null

13-01-2025T07:10:39 - [TEST_STEP][PASSED] - if (i1 > -1): null

13-01-2025T07:10:39 - [TEST_STEP][PASSED] - println(x): null

13-01-2025T07:10:39 - [TEST_STEP][FAILED] - return x: null

13-01-2025T07:10:39 - [TEST_STEP][PASSED] - println(tabR + "/" + tabB): null

13-01-2025T07:10:39 - [TEST_STEP][FAILED] - if (verifyEqual(PercFactR, PercFactB) == false): null

13-01-2025T07:10:39 - [MESSAGE][FAILED] - Unable to verify equal between actual object '5.52' and expected object '8.12' (Root cause: com.kms.katalon.core.exception.StepFailedException: Actual object '5.52' and expected object '8.12' are not equal
	at com.kms.katalon.core.keyword.builtin.VerifyEqualKeyword$_verifyEqual_closure1.doCall(VerifyEqualKeyword.groovy:58)
	at com.kms.katalon.core.keyword.builtin.VerifyEqualKeyword$_verifyEqual_closure1.call(VerifyEqualKeyword.groovy)
	at com.kms.katalon.core.keyword.internal.KeywordMain.runKeyword(KeywordMain.groovy:75)
	at com.kms.katalon.core.keyword.builtin.VerifyEqualKeyword.verifyEqual(VerifyEqualKeyword.groovy:63)
	at com.kms.katalon.core.keyword.builtin.VerifyEqualKeyword.execute(VerifyEqualKeyword.groovy:44)
	at com.kms.katalon.core.keyword.internal.KeywordExecutor.executeKeywordForPlatform(KeywordExecutor.groovy:74)
	at com.kms.katalon.core.keyword.BuiltinKeywords.verifyEqual(BuiltinKeywords.groovy:146)
	at java.base/jdk.internal.reflect.NativeMethodAccessorImpl.invoke0(Native Method)
	at java.base/jdk.internal.reflect.NativeMethodAccessorImpl.invoke(NativeMethodAccessorImpl.java:77)
	at java.base/jdk.internal.reflect.DelegatingMethodAccessorImpl.invoke(DelegatingMethodAccessorImpl.java:43)
	at Выполнение бизнес-плана сверка дашбордов - Copy.CompareDZOData(Выполнение бизнес-плана сверка дашбордов - Copy:771)
	at Выполнение бизнес-плана сверка дашбордов - Copy.run(Выполнение бизнес-плана сверка дашбордов - Copy:578)
	at com.kms.katalon.core.main.ScriptEngine.run(ScriptEngine.java:194)
	at com.kms.katalon.core.main.ScriptEngine.runScriptAsRawText(ScriptEngine.java:119)
	at com.kms.katalon.core.main.TestCaseExecutor.runScript(TestCaseExecutor.java:448)
	at com.kms.katalon.core.main.TestCaseExecutor.doExecute(TestCaseExecutor.java:439)
	at com.kms.katalon.core.main.TestCaseExecutor.processExecutionPhase(TestCaseExecutor.java:418)
	at com.kms.katalon.core.main.TestCaseExecutor.accessMainPhase(TestCaseExecutor.java:410)
	at com.kms.katalon.core.main.TestCaseExecutor.execute(TestCaseExecutor.java:285)
	at com.kms.katalon.core.common.CommonExecutor.accessTestCaseMainPhase(CommonExecutor.java:65)
	at com.kms.katalon.core.main.TestSuiteExecutor.accessTestSuiteMainPhase(TestSuiteExecutor.java:150)
	at com.kms.katalon.core.main.TestSuiteExecutor.execute(TestSuiteExecutor.java:106)
	at com.kms.katalon.core.main.TestCaseMain.startTestSuite(TestCaseMain.java:180)
	at TempTestSuite1736740835951.run(TempTestSuite1736740835951.groovy:35)
	at java.base/jdk.internal.reflect.NativeMethodAccessorImpl.invoke0(Native Method)
	at java.base/jdk.internal.reflect.NativeMethodAccessorImpl.invoke(NativeMethodAccessorImpl.java:77)
	at java.base/jdk.internal.reflect.DelegatingMethodAccessorImpl.invoke(DelegatingMethodAccessorImpl.java:43)
)

13-01-2025T07:10:39 - [TEST_STEP][PASSED] - result = WriteToExcel(typeOfData, todaysDate, PercPlanR, PercPlanB, PercFactR, PercFactB, x, tabR, tabB, o1R, o1B, vidget): null

13-01-2025T07:10:39 - [TEST_STEP][PASSED] - iii = dZO.indexOf("/"): null

13-01-2025T07:10:39 - [TEST_STEP][PASSED] - println(iii): null

13-01-2025T07:10:39 - [TEST_STEP][PASSED] - dZO = dZO.substring(0, iii): null

13-01-2025T07:10:39 - [TEST_STEP][PASSED] - println(dZO): null

13-01-2025T07:10:39 - [TEST_STEP][PASSED] - println(PercPlanR): null

13-01-2025T07:10:39 - [TEST_STEP][PASSED] - println(PercPlanB): null

13-01-2025T07:10:39 - [TEST_STEP][PASSED] - println(PercFactR): null

13-01-2025T07:10:39 - [TEST_STEP][PASSED] - println(PercFactB): null

13-01-2025T07:10:39 - [TEST_STEP][PASSED] - println(tabR): null

13-01-2025T07:10:39 - [TEST_STEP][PASSED] - println(tabB): null

13-01-2025T07:10:39 - [TEST_STEP][PASSED] - println(o1R): null

13-01-2025T07:10:39 - [TEST_STEP][PASSED] - println(o1B): null

13-01-2025T07:10:39 - [TEST_STEP][PASSED] - PR = <not implemented yet for class: org.codehaus.groovy.ast.expr.EmptyExpression>: null

13-01-2025T07:10:39 - [TEST_STEP][PASSED] - FR = <not implemented yet for class: org.codehaus.groovy.ast.expr.EmptyExpression>: null

13-01-2025T07:10:39 - [TEST_STEP][PASSED] - PB = <not implemented yet for class: org.codehaus.groovy.ast.expr.EmptyExpression>: null

13-01-2025T07:10:39 - [TEST_STEP][PASSED] - FB = <not implemented yet for class: org.codehaus.groovy.ast.expr.EmptyExpression>: null

13-01-2025T07:10:39 - [TEST_STEP][PASSED] - TR = <not implemented yet for class: org.codehaus.groovy.ast.expr.EmptyExpression>: null

13-01-2025T07:10:39 - [TEST_STEP][PASSED] - TB = <not implemented yet for class: org.codehaus.groovy.ast.expr.EmptyExpression>: null

13-01-2025T07:10:39 - [TEST_STEP][PASSED] - sheetName = "Sheet1": null

13-01-2025T07:10:39 - [TEST_STEP][PASSED] - data = findTestData("PlanFact"): null

13-01-2025T07:10:39 - [TEST_STEP][PASSED] - n = data.getRowNumbers() + 1: null

13-01-2025T07:10:39 - [TEST_STEP][PASSED] - year = todaysDate.substring(todaysDate.length() - 4, todaysDate.length()): null

13-01-2025T07:10:39 - [TEST_STEP][PASSED] - y = year.toInteger(): null

13-01-2025T07:10:39 - [TEST_STEP][PASSED] - m = getText(findTestObject("Выполнение бизнес-плана/Выполнение бизнес-плана Балансы/Фильтр Дата")): Text of object 'Object Repository/Выполнение бизнес-плана/Выполнение бизнес-плана Балансы/Фильтр Дата' is: '1, 2, 3 кв., Октябрь, Ноябрь 2024 года'

13-01-2025T07:10:39 - [MESSAGE][PASSED] - Text of object 'Object Repository/Выполнение бизнес-плана/Выполнение бизнес-плана Балансы/Фильтр Дата' is: '1, 2, 3 кв., Октябрь, Ноябрь 2024 года'

13-01-2025T07:10:39 - [TEST_STEP][PASSED] - m = m.substring(0, m.indexOf("2024")): null

13-01-2025T07:10:39 - [TEST_STEP][PASSED] - m = m.trim(): null

13-01-2025T07:10:39 - [TEST_STEP][PASSED] - dashboardName = "Выполнение бизнес-плана": null

13-01-2025T07:10:39 - [TEST_STEP][PASSED] - workbook01 = getWorkbook(excelFilePath): null

13-01-2025T07:10:39 - [TEST_STEP][PASSED] - sheet01 = getExcelSheet(workbook01, sheetName): null

13-01-2025T07:10:39 - [TEST_STEP][PASSED] - setValueToCellByIndex(sheet01, n, 0, dashboardName): null

13-01-2025T07:10:39 - [TEST_STEP][PASSED] - setValueToCellByIndex(sheet01, n, 1, dZO): null

13-01-2025T07:10:39 - [TEST_STEP][PASSED] - setValueToCellByIndex(sheet01, n, 2, typeOfData): null

13-01-2025T07:10:39 - [TEST_STEP][PASSED] - setValueToCellByIndex(sheet01, n, 3, typeOfData): null

13-01-2025T07:10:39 - [TEST_STEP][PASSED] - if (typeOfData == "План"): null

13-01-2025T07:10:39 - [TEST_STEP][PASSED] - else if (typeOfData == "Факт"): null

13-01-2025T07:10:39 - [TEST_STEP][PASSED] - else if (vidget.contains("электроэнергии") == true): null

13-01-2025T07:10:39 - [TEST_STEP][PASSED] - if (tabR == null): null

13-01-2025T07:10:39 - [TEST_STEP][PASSED] - else: null

13-01-2025T07:10:39 - [TEST_STEP][PASSED] - if (tabR == "нет данных"): null

13-01-2025T07:10:39 - [TEST_STEP][PASSED] - else: null

13-01-2025T07:10:39 - [TEST_STEP][PASSED] - TR = tabR.toInteger(): null

13-01-2025T07:10:39 - [TEST_STEP][PASSED] - setValueToCellByIndex(sheet01, n, 4, TR): null

13-01-2025T07:10:39 - [TEST_STEP][PASSED] - if (tabB == null): null

13-01-2025T07:10:39 - [TEST_STEP][PASSED] - else: null

13-01-2025T07:10:39 - [TEST_STEP][PASSED] - if (tabB == "нет данных"): null

13-01-2025T07:10:39 - [TEST_STEP][PASSED] - else: null

13-01-2025T07:10:39 - [TEST_STEP][PASSED] - TB = tabB.toInteger(): null

13-01-2025T07:10:39 - [TEST_STEP][PASSED] - setValueToCellByIndex(sheet01, n, 5, TB): null

13-01-2025T07:10:39 - [TEST_STEP][PASSED] - setValueToCellByIndex(sheet01, n, 6, m): null

13-01-2025T07:10:39 - [TEST_STEP][PASSED] - setValueToCellByIndex(sheet01, n, 7, y): null

13-01-2025T07:10:39 - [TEST_STEP][PASSED] - setValueToCellByIndex(sheet01, n, 8, todaysDate): null

13-01-2025T07:10:39 - [TEST_STEP][PASSED] - n = n + 1: null

13-01-2025T07:10:39 - [TEST_STEP][FAILED] - saveWorkbook(excelFilePath, workbook01): null

13-01-2025T07:10:39 - [TEST_STEP][PASSED] - ii2 = a.indexOf("ПАО"): null

13-01-2025T07:10:39 - [TEST_STEP][PASSED] - if (ii2 == -1): null

13-01-2025T07:10:39 - [TEST_STEP][FAILED] - if (verifyEqual(fR, fB) == false): null

13-01-2025T07:10:39 - [MESSAGE][FAILED] - Unable to verify equal between actual object 'Россети ФСК ЕЭС/нет данных/нет данных/нет данных/нет данных/нет данных/нет данных/нет данных/нет данных/нет данных' and expected object 'Россети ФСК ЕЭС/3.90/3.68/569816774/549615412/20201362/608287/нет данных/нет данных/-0.22' (Root cause: com.kms.katalon.core.exception.StepFailedException: Actual object 'Россети ФСК ЕЭС/нет данных/нет данных/нет данных/нет данных/нет данных/нет данных/нет данных/нет данных/нет данных' and expected object 'Россети ФСК ЕЭС/3.90/3.68/569816774/549615412/20201362/608287/нет данных/нет данных/-0.22' are not equal
	at com.kms.katalon.core.keyword.builtin.VerifyEqualKeyword$_verifyEqual_closure1.doCall(VerifyEqualKeyword.groovy:58)
	at com.kms.katalon.core.keyword.builtin.VerifyEqualKeyword$_verifyEqual_closure1.call(VerifyEqualKeyword.groovy)
	at com.kms.katalon.core.keyword.internal.KeywordMain.runKeyword(KeywordMain.groovy:75)
	at com.kms.katalon.core.keyword.builtin.VerifyEqualKeyword.verifyEqual(VerifyEqualKeyword.groovy:63)
	at com.kms.katalon.core.keyword.builtin.VerifyEqualKeyword.execute(VerifyEqualKeyword.groovy:44)
	at com.kms.katalon.core.keyword.internal.KeywordExecutor.executeKeywordForPlatform(KeywordExecutor.groovy:74)
	at com.kms.katalon.core.keyword.BuiltinKeywords.verifyEqual(BuiltinKeywords.groovy:146)
	at java.base/jdk.internal.reflect.NativeMethodAccessorImpl.invoke0(Native Method)
	at java.base/jdk.internal.reflect.NativeMethodAccessorImpl.invoke(NativeMethodAccessorImpl.java:77)
	at java.base/jdk.internal.reflect.DelegatingMethodAccessorImpl.invoke(DelegatingMethodAccessorImpl.java:43)
	at Выполнение бизнес-плана сверка дашбордов - Copy.run(Выполнение бизнес-плана сверка дашбордов - Copy:582)
	at com.kms.katalon.core.main.ScriptEngine.run(ScriptEngine.java:194)
	at com.kms.katalon.core.main.ScriptEngine.runScriptAsRawText(ScriptEngine.java:119)
	at com.kms.katalon.core.main.TestCaseExecutor.runScript(TestCaseExecutor.java:448)
	at com.kms.katalon.core.main.TestCaseExecutor.doExecute(TestCaseExecutor.java:439)
	at com.kms.katalon.core.main.TestCaseExecutor.processExecutionPhase(TestCaseExecutor.java:418)
	at com.kms.katalon.core.main.TestCaseExecutor.accessMainPhase(TestCaseExecutor.java:410)
	at com.kms.katalon.core.main.TestCaseExecutor.execute(TestCaseExecutor.java:285)
	at com.kms.katalon.core.common.CommonExecutor.accessTestCaseMainPhase(CommonExecutor.java:65)
	at com.kms.katalon.core.main.TestSuiteExecutor.accessTestSuiteMainPhase(TestSuiteExecutor.java:150)
	at com.kms.katalon.core.main.TestSuiteExecutor.execute(TestSuiteExecutor.java:106)
	at com.kms.katalon.core.main.TestCaseMain.startTestSuite(TestCaseMain.java:180)
	at TempTestSuite1736740835951.run(TempTestSuite1736740835951.groovy:35)
	at java.base/jdk.internal.reflect.NativeMethodAccessorImpl.invoke0(Native Method)
	at java.base/jdk.internal.reflect.NativeMethodAccessorImpl.invoke(NativeMethodAccessorImpl.java:77)
	at java.base/jdk.internal.reflect.DelegatingMethodAccessorImpl.invoke(DelegatingMethodAccessorImpl.java:43)
)

13-01-2025T07:10:39 - [TEST_STEP][PASSED] - result = CompareDZOData(a = fR, b = fB, dZO, typeOfData, PercPlanR, PercPlanB, PercFactR, PercFactB, todaysDate, x, vidget, tabR, tabB, o1R, o1B): null

13-01-2025T07:10:39 - [TEST_STEP][PASSED] - ii2 = <not implemented yet for class: org.codehaus.groovy.ast.expr.EmptyExpression>: null

13-01-2025T07:10:39 - [TEST_STEP][FAILED] - if (verifyEqual(a, b) == false): null

13-01-2025T07:10:39 - [MESSAGE][FAILED] - Unable to verify equal between actual object 'Россети ФСК ЕЭС/нет данных/нет данных/нет данных/нет данных/нет данных/нет данных/нет данных/нет данных/нет данных' and expected object 'Россети ФСК ЕЭС/3.90/3.68/569816774/549615412/20201362/608287/нет данных/нет данных/-0.22' (Root cause: com.kms.katalon.core.exception.StepFailedException: Actual object 'Россети ФСК ЕЭС/нет данных/нет данных/нет данных/нет данных/нет данных/нет данных/нет данных/нет данных/нет данных' and expected object 'Россети ФСК ЕЭС/3.90/3.68/569816774/549615412/20201362/608287/нет данных/нет данных/-0.22' are not equal
	at com.kms.katalon.core.keyword.builtin.VerifyEqualKeyword$_verifyEqual_closure1.doCall(VerifyEqualKeyword.groovy:58)
	at com.kms.katalon.core.keyword.builtin.VerifyEqualKeyword$_verifyEqual_closure1.call(VerifyEqualKeyword.groovy)
	at com.kms.katalon.core.keyword.internal.KeywordMain.runKeyword(KeywordMain.groovy:75)
	at com.kms.katalon.core.keyword.builtin.VerifyEqualKeyword.verifyEqual(VerifyEqualKeyword.groovy:63)
	at com.kms.katalon.core.keyword.builtin.VerifyEqualKeyword.execute(VerifyEqualKeyword.groovy:44)
	at com.kms.katalon.core.keyword.internal.KeywordExecutor.executeKeywordForPlatform(KeywordExecutor.groovy:74)
	at com.kms.katalon.core.keyword.BuiltinKeywords.verifyEqual(BuiltinKeywords.groovy:146)
	at java.base/jdk.internal.reflect.NativeMethodAccessorImpl.invoke0(Native Method)
	at java.base/jdk.internal.reflect.NativeMethodAccessorImpl.invoke(NativeMethodAccessorImpl.java:77)
	at java.base/jdk.internal.reflect.DelegatingMethodAccessorImpl.invoke(DelegatingMethodAccessorImpl.java:43)
	at Выполнение бизнес-плана сверка дашбордов - Copy.CompareDZOData(Выполнение бизнес-плана сверка дашбордов - Copy:673)
	at Выполнение бизнес-плана сверка дашбордов - Copy.run(Выполнение бизнес-плана сверка дашбордов - Copy:583)
	at com.kms.katalon.core.main.ScriptEngine.run(ScriptEngine.java:194)
	at com.kms.katalon.core.main.ScriptEngine.runScriptAsRawText(ScriptEngine.java:119)
	at com.kms.katalon.core.main.TestCaseExecutor.runScript(TestCaseExecutor.java:448)
	at com.kms.katalon.core.main.TestCaseExecutor.doExecute(TestCaseExecutor.java:439)
	at com.kms.katalon.core.main.TestCaseExecutor.processExecutionPhase(TestCaseExecutor.java:418)
	at com.kms.katalon.core.main.TestCaseExecutor.accessMainPhase(TestCaseExecutor.java:410)
	at com.kms.katalon.core.main.TestCaseExecutor.execute(TestCaseExecutor.java:285)
	at com.kms.katalon.core.common.CommonExecutor.accessTestCaseMainPhase(CommonExecutor.java:65)
	at com.kms.katalon.core.main.TestSuiteExecutor.accessTestSuiteMainPhase(TestSuiteExecutor.java:150)
	at com.kms.katalon.core.main.TestSuiteExecutor.execute(TestSuiteExecutor.java:106)
	at com.kms.katalon.core.main.TestCaseMain.startTestSuite(TestCaseMain.java:180)
	at TempTestSuite1736740835951.run(TempTestSuite1736740835951.groovy:35)
	at java.base/jdk.internal.reflect.NativeMethodAccessorImpl.invoke0(Native Method)
	at java.base/jdk.internal.reflect.NativeMethodAccessorImpl.invoke(NativeMethodAccessorImpl.java:77)
	at java.base/jdk.internal.reflect.DelegatingMethodAccessorImpl.invoke(DelegatingMethodAccessorImpl.java:43)
)

13-01-2025T07:10:39 - [TEST_STEP][PASSED] - vidget = "Уровень потерь электроэнергии": null

13-01-2025T07:10:39 - [TEST_STEP][PASSED] - typeOfData = "План": null

13-01-2025T07:10:39 - [TEST_STEP][PASSED] - PercPlanR = GetPercPlanR(x = a): null

13-01-2025T07:10:39 - [TEST_STEP][PASSED] - i1 = <not implemented yet for class: org.codehaus.groovy.ast.expr.EmptyExpression>: null

13-01-2025T07:10:39 - [TEST_STEP][PASSED] - i1 = x.indexOf("/") + 1: null

13-01-2025T07:10:39 - [TEST_STEP][PASSED] - if (i1 > -1): null

13-01-2025T07:10:39 - [TEST_STEP][PASSED] - x = x.substring(i1, x.length()): null

13-01-2025T07:10:39 - [TEST_STEP][PASSED] - i1 = x.indexOf("/"): null

13-01-2025T07:10:39 - [TEST_STEP][PASSED] - if (i1 > -1): null

13-01-2025T07:10:39 - [TEST_STEP][PASSED] - x = x.substring(0, i1): null

13-01-2025T07:10:39 - [TEST_STEP][PASSED] - return x: null

13-01-2025T07:10:39 - [TEST_STEP][PASSED] - PercPlanB = GetPercPlanB(x = b): null

13-01-2025T07:10:39 - [TEST_STEP][PASSED] - i1 = <not implemented yet for class: org.codehaus.groovy.ast.expr.EmptyExpression>: null

13-01-2025T07:10:39 - [TEST_STEP][PASSED] - i1 = x.indexOf("/") + 1: null

13-01-2025T07:10:39 - [TEST_STEP][PASSED] - if (i1 > -1): null

13-01-2025T07:10:39 - [TEST_STEP][PASSED] - x = x.substring(i1, x.length()): null

13-01-2025T07:10:39 - [TEST_STEP][PASSED] - i1 = x.indexOf("/"): null

13-01-2025T07:10:39 - [TEST_STEP][PASSED] - if (i1 > -1): null

13-01-2025T07:10:39 - [TEST_STEP][PASSED] - x = x.substring(0, i1): null

13-01-2025T07:10:39 - [TEST_STEP][FAILED] - return x: null

13-01-2025T07:10:39 - [TEST_STEP][FAILED] - if (verifyEqual(PercPlanR, PercPlanB) == false): null

13-01-2025T07:10:39 - [MESSAGE][FAILED] - Unable to verify equal between actual object 'нет данных' and expected object '3.90' (Root cause: com.kms.katalon.core.exception.StepFailedException: Actual object 'нет данных' and expected object '3.90' are not equal
	at com.kms.katalon.core.keyword.builtin.VerifyEqualKeyword$_verifyEqual_closure1.doCall(VerifyEqualKeyword.groovy:58)
	at com.kms.katalon.core.keyword.builtin.VerifyEqualKeyword$_verifyEqual_closure1.call(VerifyEqualKeyword.groovy)
	at com.kms.katalon.core.keyword.internal.KeywordMain.runKeyword(KeywordMain.groovy:75)
	at com.kms.katalon.core.keyword.builtin.VerifyEqualKeyword.verifyEqual(VerifyEqualKeyword.groovy:63)
	at com.kms.katalon.core.keyword.builtin.VerifyEqualKeyword.execute(VerifyEqualKeyword.groovy:44)
	at com.kms.katalon.core.keyword.internal.KeywordExecutor.executeKeywordForPlatform(KeywordExecutor.groovy:74)
	at com.kms.katalon.core.keyword.BuiltinKeywords.verifyEqual(BuiltinKeywords.groovy:146)
	at java.base/jdk.internal.reflect.NativeMethodAccessorImpl.invoke0(Native Method)
	at java.base/jdk.internal.reflect.NativeMethodAccessorImpl.invoke(NativeMethodAccessorImpl.java:77)
	at java.base/jdk.internal.reflect.DelegatingMethodAccessorImpl.invoke(DelegatingMethodAccessorImpl.java:43)
	at Выполнение бизнес-плана сверка дашбордов - Copy.CompareDZOData(Выполнение бизнес-плана сверка дашбордов - Copy:682)
	at Выполнение бизнес-плана сверка дашбордов - Copy.run(Выполнение бизнес-плана сверка дашбордов - Copy:583)
	at com.kms.katalon.core.main.ScriptEngine.run(ScriptEngine.java:194)
	at com.kms.katalon.core.main.ScriptEngine.runScriptAsRawText(ScriptEngine.java:119)
	at com.kms.katalon.core.main.TestCaseExecutor.runScript(TestCaseExecutor.java:448)
	at com.kms.katalon.core.main.TestCaseExecutor.doExecute(TestCaseExecutor.java:439)
	at com.kms.katalon.core.main.TestCaseExecutor.processExecutionPhase(TestCaseExecutor.java:418)
	at com.kms.katalon.core.main.TestCaseExecutor.accessMainPhase(TestCaseExecutor.java:410)
	at com.kms.katalon.core.main.TestCaseExecutor.execute(TestCaseExecutor.java:285)
	at com.kms.katalon.core.common.CommonExecutor.accessTestCaseMainPhase(CommonExecutor.java:65)
	at com.kms.katalon.core.main.TestSuiteExecutor.accessTestSuiteMainPhase(TestSuiteExecutor.java:150)
	at com.kms.katalon.core.main.TestSuiteExecutor.execute(TestSuiteExecutor.java:106)
	at com.kms.katalon.core.main.TestCaseMain.startTestSuite(TestCaseMain.java:180)
	at TempTestSuite1736740835951.run(TempTestSuite1736740835951.groovy:35)
	at java.base/jdk.internal.reflect.NativeMethodAccessorImpl.invoke0(Native Method)
	at java.base/jdk.internal.reflect.NativeMethodAccessorImpl.invoke(NativeMethodAccessorImpl.java:77)
	at java.base/jdk.internal.reflect.DelegatingMethodAccessorImpl.invoke(DelegatingMethodAccessorImpl.java:43)
)

13-01-2025T07:10:39 - [TEST_STEP][PASSED] - result = WriteToExcel(typeOfData, todaysDate, PercPlanR, PercPlanB, PercFactR, PercFactB, x, tabR, tabB, o1R, o1B, vidget): null

13-01-2025T07:10:39 - [TEST_STEP][PASSED] - iii = dZO.indexOf("/"): null

13-01-2025T07:10:39 - [TEST_STEP][PASSED] - println(iii): null

13-01-2025T07:10:39 - [TEST_STEP][PASSED] - dZO = dZO.substring(0, iii): null

13-01-2025T07:10:39 - [TEST_STEP][PASSED] - println(dZO): null

13-01-2025T07:10:39 - [TEST_STEP][PASSED] - println(PercPlanR): null

13-01-2025T07:10:39 - [TEST_STEP][PASSED] - println(PercPlanB): null

13-01-2025T07:10:39 - [TEST_STEP][PASSED] - println(PercFactR): null

13-01-2025T07:10:39 - [TEST_STEP][PASSED] - println(PercFactB): null

13-01-2025T07:10:39 - [TEST_STEP][PASSED] - println(tabR): null

13-01-2025T07:10:39 - [TEST_STEP][PASSED] - println(tabB): null

13-01-2025T07:10:39 - [TEST_STEP][PASSED] - println(o1R): null

13-01-2025T07:10:39 - [TEST_STEP][PASSED] - println(o1B): null

13-01-2025T07:10:39 - [TEST_STEP][PASSED] - PR = <not implemented yet for class: org.codehaus.groovy.ast.expr.EmptyExpression>: null

13-01-2025T07:10:39 - [TEST_STEP][PASSED] - FR = <not implemented yet for class: org.codehaus.groovy.ast.expr.EmptyExpression>: null

13-01-2025T07:10:39 - [TEST_STEP][PASSED] - PB = <not implemented yet for class: org.codehaus.groovy.ast.expr.EmptyExpression>: null

13-01-2025T07:10:39 - [TEST_STEP][PASSED] - FB = <not implemented yet for class: org.codehaus.groovy.ast.expr.EmptyExpression>: null

13-01-2025T07:10:39 - [TEST_STEP][PASSED] - TR = <not implemented yet for class: org.codehaus.groovy.ast.expr.EmptyExpression>: null

13-01-2025T07:10:39 - [TEST_STEP][PASSED] - TB = <not implemented yet for class: org.codehaus.groovy.ast.expr.EmptyExpression>: null

13-01-2025T07:10:39 - [TEST_STEP][PASSED] - sheetName = "Sheet1": null

13-01-2025T07:10:39 - [TEST_STEP][PASSED] - data = findTestData("PlanFact"): null

13-01-2025T07:10:39 - [TEST_STEP][PASSED] - n = data.getRowNumbers() + 1: null

13-01-2025T07:10:39 - [TEST_STEP][PASSED] - year = todaysDate.substring(todaysDate.length() - 4, todaysDate.length()): null

13-01-2025T07:10:39 - [TEST_STEP][PASSED] - y = year.toInteger(): null

13-01-2025T07:10:39 - [TEST_STEP][PASSED] - m = getText(findTestObject("Выполнение бизнес-плана/Выполнение бизнес-плана Балансы/Фильтр Дата")): Text of object 'Object Repository/Выполнение бизнес-плана/Выполнение бизнес-плана Балансы/Фильтр Дата' is: '1, 2, 3 кв., Октябрь, Ноябрь 2024 года'

13-01-2025T07:10:40 - [MESSAGE][PASSED] - Text of object 'Object Repository/Выполнение бизнес-плана/Выполнение бизнес-плана Балансы/Фильтр Дата' is: '1, 2, 3 кв., Октябрь, Ноябрь 2024 года'

13-01-2025T07:10:40 - [TEST_STEP][PASSED] - m = m.substring(0, m.indexOf("2024")): null

13-01-2025T07:10:40 - [TEST_STEP][PASSED] - m = m.trim(): null

13-01-2025T07:10:40 - [TEST_STEP][PASSED] - dashboardName = "Выполнение бизнес-плана": null

13-01-2025T07:10:40 - [TEST_STEP][PASSED] - workbook01 = getWorkbook(excelFilePath): null

13-01-2025T07:10:40 - [TEST_STEP][PASSED] - sheet01 = getExcelSheet(workbook01, sheetName): null

13-01-2025T07:10:40 - [TEST_STEP][PASSED] - setValueToCellByIndex(sheet01, n, 0, dashboardName): null

13-01-2025T07:10:40 - [TEST_STEP][PASSED] - setValueToCellByIndex(sheet01, n, 1, dZO): null

13-01-2025T07:10:40 - [TEST_STEP][PASSED] - setValueToCellByIndex(sheet01, n, 2, typeOfData): null

13-01-2025T07:10:40 - [TEST_STEP][PASSED] - setValueToCellByIndex(sheet01, n, 3, typeOfData): null

13-01-2025T07:10:40 - [TEST_STEP][PASSED] - if (typeOfData == "План"): null

13-01-2025T07:10:40 - [TEST_STEP][PASSED] - if (PercPlanR == null): null

13-01-2025T07:10:40 - [TEST_STEP][PASSED] - else: null

13-01-2025T07:10:40 - [TEST_STEP][PASSED] - if (PercPlanR == "нет данных"): null

13-01-2025T07:10:40 - [TEST_STEP][PASSED] - setValueToCellByIndex(sheet01, n, 4, "нет данных"): null

13-01-2025T07:10:40 - [TEST_STEP][PASSED] - if (PercPlanB == null): null

13-01-2025T07:10:40 - [TEST_STEP][PASSED] - else: null

13-01-2025T07:10:40 - [TEST_STEP][PASSED] - if (PercPlanB == "нет данных"): null

13-01-2025T07:10:40 - [TEST_STEP][PASSED] - else: null

13-01-2025T07:10:40 - [TEST_STEP][PASSED] - PB = PercPlanB.toDouble(): null

13-01-2025T07:10:40 - [TEST_STEP][PASSED] - setValueToCellByIndex(sheet01, n, 5, PB): null

13-01-2025T07:10:40 - [TEST_STEP][PASSED] - setValueToCellByIndex(sheet01, n, 6, m): null

13-01-2025T07:10:40 - [TEST_STEP][PASSED] - setValueToCellByIndex(sheet01, n, 7, y): null

13-01-2025T07:10:40 - [TEST_STEP][PASSED] - setValueToCellByIndex(sheet01, n, 8, todaysDate): null

13-01-2025T07:10:40 - [TEST_STEP][PASSED] - n = n + 1: null

13-01-2025T07:10:40 - [TEST_STEP][PASSED] - saveWorkbook(excelFilePath, workbook01): null

13-01-2025T07:10:40 - [TEST_STEP][PASSED] - typeOfData = "Факт": null

13-01-2025T07:10:40 - [TEST_STEP][PASSED] - PercFactR = GetPercFactR(x = a): null

13-01-2025T07:10:40 - [TEST_STEP][PASSED] - i1 = <not implemented yet for class: org.codehaus.groovy.ast.expr.EmptyExpression>: null

13-01-2025T07:10:40 - [TEST_STEP][PASSED] - ii = <not implemented yet for class: org.codehaus.groovy.ast.expr.EmptyExpression>: null

13-01-2025T07:10:40 - [TEST_STEP][PASSED] - for ([ii = 1, ii < 3, (ii++)]): null

13-01-2025T07:10:40 - [TEST_STEP][PASSED] - i1 = x.indexOf("/") + 1: null

13-01-2025T07:10:40 - [TEST_STEP][PASSED] - if (i1 > -1): null

13-01-2025T07:10:40 - [TEST_STEP][PASSED] - x = x.substring(i1, x.length()): null

13-01-2025T07:10:40 - [TEST_STEP][PASSED] - println(x): null

13-01-2025T07:10:40 - [TEST_STEP][PASSED] - i1 = x.indexOf("/") + 1: null

13-01-2025T07:10:40 - [TEST_STEP][PASSED] - if (i1 > -1): null

13-01-2025T07:10:40 - [TEST_STEP][PASSED] - x = x.substring(i1, x.length()): null

13-01-2025T07:10:40 - [TEST_STEP][PASSED] - println(x): null

13-01-2025T07:10:40 - [TEST_STEP][PASSED] - i1 = x.indexOf("/"): null

13-01-2025T07:10:40 - [TEST_STEP][PASSED] - if (i1 > -1): null

13-01-2025T07:10:40 - [TEST_STEP][PASSED] - x = x.substring(0, i1): null

13-01-2025T07:10:40 - [TEST_STEP][PASSED] - println(x): null

13-01-2025T07:10:40 - [TEST_STEP][PASSED] - return x: null

13-01-2025T07:10:40 - [TEST_STEP][PASSED] - PercFactB = GetPercFactB(x = b): null

13-01-2025T07:10:40 - [TEST_STEP][PASSED] - i1 = <not implemented yet for class: org.codehaus.groovy.ast.expr.EmptyExpression>: null

13-01-2025T07:10:40 - [TEST_STEP][PASSED] - ii = <not implemented yet for class: org.codehaus.groovy.ast.expr.EmptyExpression>: null

13-01-2025T07:10:40 - [TEST_STEP][PASSED] - for ([ii = 1, ii < 3, (ii++)]): null

13-01-2025T07:10:40 - [TEST_STEP][PASSED] - i1 = x.indexOf("/") + 1: null

13-01-2025T07:10:40 - [TEST_STEP][PASSED] - if (i1 > -1): null

13-01-2025T07:10:40 - [TEST_STEP][PASSED] - x = x.substring(i1, x.length()): null

13-01-2025T07:10:40 - [TEST_STEP][PASSED] - println(x): null

13-01-2025T07:10:40 - [TEST_STEP][PASSED] - i1 = x.indexOf("/") + 1: null

13-01-2025T07:10:40 - [TEST_STEP][PASSED] - if (i1 > -1): null

13-01-2025T07:10:40 - [TEST_STEP][PASSED] - x = x.substring(i1, x.length()): null

13-01-2025T07:10:40 - [TEST_STEP][PASSED] - println(x): null

13-01-2025T07:10:40 - [TEST_STEP][PASSED] - i1 = x.indexOf("/"): null

13-01-2025T07:10:40 - [TEST_STEP][PASSED] - if (i1 > -1): null

13-01-2025T07:10:40 - [TEST_STEP][PASSED] - x = x.substring(0, i1): null

13-01-2025T07:10:40 - [TEST_STEP][PASSED] - println(x): null

13-01-2025T07:10:40 - [TEST_STEP][FAILED] - return x: null

13-01-2025T07:10:40 - [TEST_STEP][FAILED] - if (verifyEqual(PercFactR, PercFactB) == false): null

13-01-2025T07:10:40 - [MESSAGE][FAILED] - Unable to verify equal between actual object 'нет данных' and expected object '3.68' (Root cause: com.kms.katalon.core.exception.StepFailedException: Actual object 'нет данных' and expected object '3.68' are not equal
	at com.kms.katalon.core.keyword.builtin.VerifyEqualKeyword$_verifyEqual_closure1.doCall(VerifyEqualKeyword.groovy:58)
	at com.kms.katalon.core.keyword.builtin.VerifyEqualKeyword$_verifyEqual_closure1.call(VerifyEqualKeyword.groovy)
	at com.kms.katalon.core.keyword.internal.KeywordMain.runKeyword(KeywordMain.groovy:75)
	at com.kms.katalon.core.keyword.builtin.VerifyEqualKeyword.verifyEqual(VerifyEqualKeyword.groovy:63)
	at com.kms.katalon.core.keyword.builtin.VerifyEqualKeyword.execute(VerifyEqualKeyword.groovy:44)
	at com.kms.katalon.core.keyword.internal.KeywordExecutor.executeKeywordForPlatform(KeywordExecutor.groovy:74)
	at com.kms.katalon.core.keyword.BuiltinKeywords.verifyEqual(BuiltinKeywords.groovy:146)
	at java.base/jdk.internal.reflect.NativeMethodAccessorImpl.invoke0(Native Method)
	at java.base/jdk.internal.reflect.NativeMethodAccessorImpl.invoke(NativeMethodAccessorImpl.java:77)
	at java.base/jdk.internal.reflect.DelegatingMethodAccessorImpl.invoke(DelegatingMethodAccessorImpl.java:43)
	at Выполнение бизнес-плана сверка дашбордов - Copy.CompareDZOData(Выполнение бизнес-плана сверка дашбордов - Copy:693)
	at Выполнение бизнес-плана сверка дашбордов - Copy.run(Выполнение бизнес-плана сверка дашбордов - Copy:583)
	at com.kms.katalon.core.main.ScriptEngine.run(ScriptEngine.java:194)
	at com.kms.katalon.core.main.ScriptEngine.runScriptAsRawText(ScriptEngine.java:119)
	at com.kms.katalon.core.main.TestCaseExecutor.runScript(TestCaseExecutor.java:448)
	at com.kms.katalon.core.main.TestCaseExecutor.doExecute(TestCaseExecutor.java:439)
	at com.kms.katalon.core.main.TestCaseExecutor.processExecutionPhase(TestCaseExecutor.java:418)
	at com.kms.katalon.core.main.TestCaseExecutor.accessMainPhase(TestCaseExecutor.java:410)
	at com.kms.katalon.core.main.TestCaseExecutor.execute(TestCaseExecutor.java:285)
	at com.kms.katalon.core.common.CommonExecutor.accessTestCaseMainPhase(CommonExecutor.java:65)
	at com.kms.katalon.core.main.TestSuiteExecutor.accessTestSuiteMainPhase(TestSuiteExecutor.java:150)
	at com.kms.katalon.core.main.TestSuiteExecutor.execute(TestSuiteExecutor.java:106)
	at com.kms.katalon.core.main.TestCaseMain.startTestSuite(TestCaseMain.java:180)
	at TempTestSuite1736740835951.run(TempTestSuite1736740835951.groovy:35)
	at java.base/jdk.internal.reflect.NativeMethodAccessorImpl.invoke0(Native Method)
	at java.base/jdk.internal.reflect.NativeMethodAccessorImpl.invoke(NativeMethodAccessorImpl.java:77)
	at java.base/jdk.internal.reflect.DelegatingMethodAccessorImpl.invoke(DelegatingMethodAccessorImpl.java:43)
)

13-01-2025T07:10:40 - [TEST_STEP][PASSED] - result = WriteToExcel(typeOfData, todaysDate, PercPlanR, PercPlanB, PercFactR, PercFactB, x, tabR, tabB, o1R, o1B, vidget): null

13-01-2025T07:10:40 - [TEST_STEP][PASSED] - iii = dZO.indexOf("/"): null

13-01-2025T07:10:40 - [TEST_STEP][PASSED] - println(iii): null

13-01-2025T07:10:40 - [TEST_STEP][PASSED] - dZO = dZO.substring(0, iii): null

13-01-2025T07:10:40 - [TEST_STEP][PASSED] - println(dZO): null

13-01-2025T07:10:40 - [TEST_STEP][PASSED] - println(PercPlanR): null

13-01-2025T07:10:40 - [TEST_STEP][PASSED] - println(PercPlanB): null

13-01-2025T07:10:40 - [TEST_STEP][PASSED] - println(PercFactR): null

13-01-2025T07:10:40 - [TEST_STEP][PASSED] - println(PercFactB): null

13-01-2025T07:10:40 - [TEST_STEP][PASSED] - println(tabR): null

13-01-2025T07:10:40 - [TEST_STEP][PASSED] - println(tabB): null

13-01-2025T07:10:40 - [TEST_STEP][PASSED] - println(o1R): null

13-01-2025T07:10:40 - [TEST_STEP][PASSED] - println(o1B): null

13-01-2025T07:10:40 - [TEST_STEP][PASSED] - PR = <not implemented yet for class: org.codehaus.groovy.ast.expr.EmptyExpression>: null

13-01-2025T07:10:40 - [TEST_STEP][PASSED] - FR = <not implemented yet for class: org.codehaus.groovy.ast.expr.EmptyExpression>: null

13-01-2025T07:10:40 - [TEST_STEP][PASSED] - PB = <not implemented yet for class: org.codehaus.groovy.ast.expr.EmptyExpression>: null

13-01-2025T07:10:40 - [TEST_STEP][PASSED] - FB = <not implemented yet for class: org.codehaus.groovy.ast.expr.EmptyExpression>: null

13-01-2025T07:10:40 - [TEST_STEP][PASSED] - TR = <not implemented yet for class: org.codehaus.groovy.ast.expr.EmptyExpression>: null

13-01-2025T07:10:40 - [TEST_STEP][PASSED] - TB = <not implemented yet for class: org.codehaus.groovy.ast.expr.EmptyExpression>: null

13-01-2025T07:10:40 - [TEST_STEP][PASSED] - sheetName = "Sheet1": null

13-01-2025T07:10:40 - [TEST_STEP][PASSED] - data = findTestData("PlanFact"): null

13-01-2025T07:10:40 - [TEST_STEP][PASSED] - n = data.getRowNumbers() + 1: null

13-01-2025T07:10:40 - [TEST_STEP][PASSED] - year = todaysDate.substring(todaysDate.length() - 4, todaysDate.length()): null

13-01-2025T07:10:40 - [TEST_STEP][PASSED] - y = year.toInteger(): null

13-01-2025T07:10:40 - [TEST_STEP][PASSED] - m = getText(findTestObject("Выполнение бизнес-плана/Выполнение бизнес-плана Балансы/Фильтр Дата")): Text of object 'Object Repository/Выполнение бизнес-плана/Выполнение бизнес-плана Балансы/Фильтр Дата' is: '1, 2, 3 кв., Октябрь, Ноябрь 2024 года'

13-01-2025T07:10:40 - [MESSAGE][PASSED] - Text of object 'Object Repository/Выполнение бизнес-плана/Выполнение бизнес-плана Балансы/Фильтр Дата' is: '1, 2, 3 кв., Октябрь, Ноябрь 2024 года'

13-01-2025T07:10:40 - [TEST_STEP][PASSED] - m = m.substring(0, m.indexOf("2024")): null

13-01-2025T07:10:40 - [TEST_STEP][PASSED] - m = m.trim(): null

13-01-2025T07:10:40 - [TEST_STEP][PASSED] - dashboardName = "Выполнение бизнес-плана": null

13-01-2025T07:10:40 - [TEST_STEP][PASSED] - workbook01 = getWorkbook(excelFilePath): null

13-01-2025T07:10:40 - [TEST_STEP][PASSED] - sheet01 = getExcelSheet(workbook01, sheetName): null

13-01-2025T07:10:40 - [TEST_STEP][PASSED] - setValueToCellByIndex(sheet01, n, 0, dashboardName): null

13-01-2025T07:10:40 - [TEST_STEP][PASSED] - setValueToCellByIndex(sheet01, n, 1, dZO): null

13-01-2025T07:10:40 - [TEST_STEP][PASSED] - setValueToCellByIndex(sheet01, n, 2, typeOfData): null

13-01-2025T07:10:40 - [TEST_STEP][PASSED] - setValueToCellByIndex(sheet01, n, 3, typeOfData): null

13-01-2025T07:10:40 - [TEST_STEP][PASSED] - if (typeOfData == "План"): null

13-01-2025T07:10:40 - [TEST_STEP][PASSED] - else if (typeOfData == "Факт"): null

13-01-2025T07:10:40 - [TEST_STEP][PASSED] - if (PercFactR == null): null

13-01-2025T07:10:40 - [TEST_STEP][PASSED] - else: null

13-01-2025T07:10:40 - [TEST_STEP][PASSED] - if (PercFactR == "нет данных"): null

13-01-2025T07:10:40 - [TEST_STEP][PASSED] - setValueToCellByIndex(sheet01, n, 4, "нет данных"): null

13-01-2025T07:10:40 - [TEST_STEP][PASSED] - if (PercFactB == null): null

13-01-2025T07:10:40 - [TEST_STEP][PASSED] - else: null

13-01-2025T07:10:40 - [TEST_STEP][PASSED] - if (PercFactB == "нет данных"): null

13-01-2025T07:10:40 - [TEST_STEP][PASSED] - else: null

13-01-2025T07:10:40 - [TEST_STEP][PASSED] - FB = PercFactB.toDouble(): null

13-01-2025T07:10:40 - [TEST_STEP][PASSED] - setValueToCellByIndex(sheet01, n, 5, FB): null

13-01-2025T07:10:40 - [TEST_STEP][PASSED] - setValueToCellByIndex(sheet01, n, 6, m): null

13-01-2025T07:10:40 - [TEST_STEP][PASSED] - setValueToCellByIndex(sheet01, n, 7, y): null

13-01-2025T07:10:40 - [TEST_STEP][PASSED] - setValueToCellByIndex(sheet01, n, 8, todaysDate): null

13-01-2025T07:10:40 - [TEST_STEP][PASSED] - n = n + 1: null

13-01-2025T07:10:40 - [TEST_STEP][PASSED] - saveWorkbook(excelFilePath, workbook01): null

13-01-2025T07:10:41 - [TEST_STEP][PASSED] - vidget = "Показатели баланса электроэнергии по ДЗО – Факт": null

13-01-2025T07:10:41 - [TEST_STEP][PASSED] - typeOfData = "Факт Отпуск в сеть": null

13-01-2025T07:10:41 - [TEST_STEP][PASSED] - tabR = GetOvSFactR(x = a): null

13-01-2025T07:10:41 - [TEST_STEP][PASSED] - i1 = <not implemented yet for class: org.codehaus.groovy.ast.expr.EmptyExpression>: null

13-01-2025T07:10:41 - [TEST_STEP][PASSED] - ii = <not implemented yet for class: org.codehaus.groovy.ast.expr.EmptyExpression>: null

13-01-2025T07:10:41 - [TEST_STEP][PASSED] - for ([ii = 1, ii < 4, (ii++)]): null

13-01-2025T07:10:41 - [TEST_STEP][PASSED] - i1 = x.indexOf("/") + 1: null

13-01-2025T07:10:41 - [TEST_STEP][PASSED] - if (i1 > -1): null

13-01-2025T07:10:41 - [TEST_STEP][PASSED] - x = x.substring(i1, x.length()): null

13-01-2025T07:10:41 - [TEST_STEP][PASSED] - println(x): null

13-01-2025T07:10:41 - [TEST_STEP][PASSED] - i1 = x.indexOf("/") + 1: null

13-01-2025T07:10:41 - [TEST_STEP][PASSED] - if (i1 > -1): null

13-01-2025T07:10:41 - [TEST_STEP][PASSED] - x = x.substring(i1, x.length()): null

13-01-2025T07:10:41 - [TEST_STEP][PASSED] - println(x): null

13-01-2025T07:10:41 - [TEST_STEP][PASSED] - i1 = x.indexOf("/") + 1: null

13-01-2025T07:10:41 - [TEST_STEP][PASSED] - if (i1 > -1): null

13-01-2025T07:10:41 - [TEST_STEP][PASSED] - x = x.substring(i1, x.length()): null

13-01-2025T07:10:41 - [TEST_STEP][PASSED] - println(x): null

13-01-2025T07:10:41 - [TEST_STEP][PASSED] - i1 = x.indexOf("/"): null

13-01-2025T07:10:41 - [TEST_STEP][PASSED] - if (i1 > -1): null

13-01-2025T07:10:41 - [TEST_STEP][PASSED] - x = x.substring(0, i1): null

13-01-2025T07:10:41 - [TEST_STEP][PASSED] - println(x): null

13-01-2025T07:10:41 - [TEST_STEP][PASSED] - return x: null

13-01-2025T07:10:41 - [TEST_STEP][PASSED] - tabB = GetOvSFactB(x = b): null

13-01-2025T07:10:41 - [TEST_STEP][PASSED] - i1 = <not implemented yet for class: org.codehaus.groovy.ast.expr.EmptyExpression>: null

13-01-2025T07:10:41 - [TEST_STEP][PASSED] - ii = <not implemented yet for class: org.codehaus.groovy.ast.expr.EmptyExpression>: null

13-01-2025T07:10:41 - [TEST_STEP][PASSED] - for ([ii = 1, ii < 4, (ii++)]): null

13-01-2025T07:10:41 - [TEST_STEP][PASSED] - i1 = x.indexOf("/") + 1: null

13-01-2025T07:10:41 - [TEST_STEP][PASSED] - if (i1 > -1): null

13-01-2025T07:10:41 - [TEST_STEP][PASSED] - x = x.substring(i1, x.length()): null

13-01-2025T07:10:41 - [TEST_STEP][PASSED] - println(x): null

13-01-2025T07:10:41 - [TEST_STEP][PASSED] - i1 = x.indexOf("/") + 1: null

13-01-2025T07:10:41 - [TEST_STEP][PASSED] - if (i1 > -1): null

13-01-2025T07:10:41 - [TEST_STEP][PASSED] - x = x.substring(i1, x.length()): null

13-01-2025T07:10:41 - [TEST_STEP][PASSED] - println(x): null

13-01-2025T07:10:41 - [TEST_STEP][PASSED] - i1 = x.indexOf("/") + 1: null

13-01-2025T07:10:41 - [TEST_STEP][PASSED] - if (i1 > -1): null

13-01-2025T07:10:41 - [TEST_STEP][PASSED] - x = x.substring(i1, x.length()): null

13-01-2025T07:10:41 - [TEST_STEP][PASSED] - println(x): null

13-01-2025T07:10:41 - [TEST_STEP][PASSED] - i1 = x.indexOf("/"): null

13-01-2025T07:10:41 - [TEST_STEP][PASSED] - if (i1 > -1): null

13-01-2025T07:10:41 - [TEST_STEP][PASSED] - x = x.substring(0, i1): null

13-01-2025T07:10:41 - [TEST_STEP][PASSED] - println(x): null

13-01-2025T07:10:41 - [TEST_STEP][FAILED] - return x: null

13-01-2025T07:10:41 - [TEST_STEP][FAILED] - if (verifyEqual(tabR, tabB) == false): null

13-01-2025T07:10:41 - [MESSAGE][FAILED] - Unable to verify equal between actual object 'нет данных' and expected object '569816774' (Root cause: com.kms.katalon.core.exception.StepFailedException: Actual object 'нет данных' and expected object '569816774' are not equal
	at com.kms.katalon.core.keyword.builtin.VerifyEqualKeyword$_verifyEqual_closure1.doCall(VerifyEqualKeyword.groovy:58)
	at com.kms.katalon.core.keyword.builtin.VerifyEqualKeyword$_verifyEqual_closure1.call(VerifyEqualKeyword.groovy)
	at com.kms.katalon.core.keyword.internal.KeywordMain.runKeyword(KeywordMain.groovy:75)
	at com.kms.katalon.core.keyword.builtin.VerifyEqualKeyword.verifyEqual(VerifyEqualKeyword.groovy:63)
	at com.kms.katalon.core.keyword.builtin.VerifyEqualKeyword.execute(VerifyEqualKeyword.groovy:44)
	at com.kms.katalon.core.keyword.internal.KeywordExecutor.executeKeywordForPlatform(KeywordExecutor.groovy:74)
	at com.kms.katalon.core.keyword.BuiltinKeywords.verifyEqual(BuiltinKeywords.groovy:146)
	at java.base/jdk.internal.reflect.NativeMethodAccessorImpl.invoke0(Native Method)
	at java.base/jdk.internal.reflect.NativeMethodAccessorImpl.invoke(NativeMethodAccessorImpl.java:77)
	at java.base/jdk.internal.reflect.DelegatingMethodAccessorImpl.invoke(DelegatingMethodAccessorImpl.java:43)
	at Выполнение бизнес-плана сверка дашбордов - Copy.CompareDZOData(Выполнение бизнес-плана сверка дашбордов - Copy:706)
	at Выполнение бизнес-плана сверка дашбордов - Copy.run(Выполнение бизнес-плана сверка дашбордов - Copy:583)
	at com.kms.katalon.core.main.ScriptEngine.run(ScriptEngine.java:194)
	at com.kms.katalon.core.main.ScriptEngine.runScriptAsRawText(ScriptEngine.java:119)
	at com.kms.katalon.core.main.TestCaseExecutor.runScript(TestCaseExecutor.java:448)
	at com.kms.katalon.core.main.TestCaseExecutor.doExecute(TestCaseExecutor.java:439)
	at com.kms.katalon.core.main.TestCaseExecutor.processExecutionPhase(TestCaseExecutor.java:418)
	at com.kms.katalon.core.main.TestCaseExecutor.accessMainPhase(TestCaseExecutor.java:410)
	at com.kms.katalon.core.main.TestCaseExecutor.execute(TestCaseExecutor.java:285)
	at com.kms.katalon.core.common.CommonExecutor.accessTestCaseMainPhase(CommonExecutor.java:65)
	at com.kms.katalon.core.main.TestSuiteExecutor.accessTestSuiteMainPhase(TestSuiteExecutor.java:150)
	at com.kms.katalon.core.main.TestSuiteExecutor.execute(TestSuiteExecutor.java:106)
	at com.kms.katalon.core.main.TestCaseMain.startTestSuite(TestCaseMain.java:180)
	at TempTestSuite1736740835951.run(TempTestSuite1736740835951.groovy:35)
	at java.base/jdk.internal.reflect.NativeMethodAccessorImpl.invoke0(Native Method)
	at java.base/jdk.internal.reflect.NativeMethodAccessorImpl.invoke(NativeMethodAccessorImpl.java:77)
	at java.base/jdk.internal.reflect.DelegatingMethodAccessorImpl.invoke(DelegatingMethodAccessorImpl.java:43)
)

13-01-2025T07:10:41 - [TEST_STEP][PASSED] - result = WriteToExcel(typeOfData, todaysDate, PercPlanR, PercPlanB, PercFactR, PercFactB, x, tabR, tabB, o1R, o1B, vidget): null

13-01-2025T07:10:41 - [TEST_STEP][PASSED] - iii = dZO.indexOf("/"): null

13-01-2025T07:10:41 - [TEST_STEP][PASSED] - println(iii): null

13-01-2025T07:10:41 - [TEST_STEP][PASSED] - dZO = dZO.substring(0, iii): null

13-01-2025T07:10:41 - [TEST_STEP][PASSED] - println(dZO): null

13-01-2025T07:10:41 - [TEST_STEP][PASSED] - println(PercPlanR): null

13-01-2025T07:10:41 - [TEST_STEP][PASSED] - println(PercPlanB): null

13-01-2025T07:10:41 - [TEST_STEP][PASSED] - println(PercFactR): null

13-01-2025T07:10:41 - [TEST_STEP][PASSED] - println(PercFactB): null

13-01-2025T07:10:41 - [TEST_STEP][PASSED] - println(tabR): null

13-01-2025T07:10:41 - [TEST_STEP][PASSED] - println(tabB): null

13-01-2025T07:10:41 - [TEST_STEP][PASSED] - println(o1R): null

13-01-2025T07:10:41 - [TEST_STEP][PASSED] - println(o1B): null

13-01-2025T07:10:41 - [TEST_STEP][PASSED] - PR = <not implemented yet for class: org.codehaus.groovy.ast.expr.EmptyExpression>: null

13-01-2025T07:10:41 - [TEST_STEP][PASSED] - FR = <not implemented yet for class: org.codehaus.groovy.ast.expr.EmptyExpression>: null

13-01-2025T07:10:41 - [TEST_STEP][PASSED] - PB = <not implemented yet for class: org.codehaus.groovy.ast.expr.EmptyExpression>: null

13-01-2025T07:10:41 - [TEST_STEP][PASSED] - FB = <not implemented yet for class: org.codehaus.groovy.ast.expr.EmptyExpression>: null

13-01-2025T07:10:41 - [TEST_STEP][PASSED] - TR = <not implemented yet for class: org.codehaus.groovy.ast.expr.EmptyExpression>: null

13-01-2025T07:10:41 - [TEST_STEP][PASSED] - TB = <not implemented yet for class: org.codehaus.groovy.ast.expr.EmptyExpression>: null

13-01-2025T07:10:41 - [TEST_STEP][PASSED] - sheetName = "Sheet1": null

13-01-2025T07:10:41 - [TEST_STEP][PASSED] - data = findTestData("PlanFact"): null

13-01-2025T07:10:41 - [TEST_STEP][PASSED] - n = data.getRowNumbers() + 1: null

13-01-2025T07:10:41 - [TEST_STEP][PASSED] - year = todaysDate.substring(todaysDate.length() - 4, todaysDate.length()): null

13-01-2025T07:10:41 - [TEST_STEP][PASSED] - y = year.toInteger(): null

13-01-2025T07:10:41 - [TEST_STEP][PASSED] - m = getText(findTestObject("Выполнение бизнес-плана/Выполнение бизнес-плана Балансы/Фильтр Дата")): Text of object 'Object Repository/Выполнение бизнес-плана/Выполнение бизнес-плана Балансы/Фильтр Дата' is: '1, 2, 3 кв., Октябрь, Ноябрь 2024 года'

13-01-2025T07:10:41 - [MESSAGE][PASSED] - Text of object 'Object Repository/Выполнение бизнес-плана/Выполнение бизнес-плана Балансы/Фильтр Дата' is: '1, 2, 3 кв., Октябрь, Ноябрь 2024 года'

13-01-2025T07:10:41 - [TEST_STEP][PASSED] - m = m.substring(0, m.indexOf("2024")): null

13-01-2025T07:10:41 - [TEST_STEP][PASSED] - m = m.trim(): null

13-01-2025T07:10:41 - [TEST_STEP][PASSED] - dashboardName = "Выполнение бизнес-плана": null

13-01-2025T07:10:41 - [TEST_STEP][PASSED] - workbook01 = getWorkbook(excelFilePath): null

13-01-2025T07:10:41 - [TEST_STEP][PASSED] - sheet01 = getExcelSheet(workbook01, sheetName): null

13-01-2025T07:10:41 - [TEST_STEP][PASSED] - setValueToCellByIndex(sheet01, n, 0, dashboardName): null

13-01-2025T07:10:41 - [TEST_STEP][PASSED] - setValueToCellByIndex(sheet01, n, 1, dZO): null

13-01-2025T07:10:41 - [TEST_STEP][PASSED] - setValueToCellByIndex(sheet01, n, 2, typeOfData): null

13-01-2025T07:10:41 - [TEST_STEP][PASSED] - setValueToCellByIndex(sheet01, n, 3, typeOfData): null

13-01-2025T07:10:41 - [TEST_STEP][PASSED] - if (typeOfData == "План"): null

13-01-2025T07:10:41 - [TEST_STEP][PASSED] - else if (typeOfData == "Факт"): null

13-01-2025T07:10:41 - [TEST_STEP][PASSED] - else if (vidget.contains("электроэнергии") == true): null

13-01-2025T07:10:41 - [TEST_STEP][PASSED] - if (tabR == null): null

13-01-2025T07:10:41 - [TEST_STEP][PASSED] - else: null

13-01-2025T07:10:41 - [TEST_STEP][PASSED] - if (tabR == "нет данных"): null

13-01-2025T07:10:41 - [TEST_STEP][PASSED] - setValueToCellByIndex(sheet01, n, 4, "нет данных"): null

13-01-2025T07:10:41 - [TEST_STEP][PASSED] - if (tabB == null): null

13-01-2025T07:10:41 - [TEST_STEP][PASSED] - else: null

13-01-2025T07:10:41 - [TEST_STEP][PASSED] - if (tabB == "нет данных"): null

13-01-2025T07:10:41 - [TEST_STEP][PASSED] - else: null

13-01-2025T07:10:41 - [TEST_STEP][PASSED] - TB = tabB.toInteger(): null

13-01-2025T07:10:41 - [TEST_STEP][PASSED] - setValueToCellByIndex(sheet01, n, 5, TB): null

13-01-2025T07:10:41 - [TEST_STEP][PASSED] - setValueToCellByIndex(sheet01, n, 6, m): null

13-01-2025T07:10:41 - [TEST_STEP][PASSED] - setValueToCellByIndex(sheet01, n, 7, y): null

13-01-2025T07:10:41 - [TEST_STEP][PASSED] - setValueToCellByIndex(sheet01, n, 8, todaysDate): null

13-01-2025T07:10:41 - [TEST_STEP][PASSED] - n = n + 1: null

13-01-2025T07:10:41 - [TEST_STEP][PASSED] - saveWorkbook(excelFilePath, workbook01): null

13-01-2025T07:10:41 - [TEST_STEP][PASSED] - typeOfData = "Факт Отпуск из сети": null

13-01-2025T07:10:41 - [TEST_STEP][PASSED] - tabR = GetOiSFactR(x = a): null

13-01-2025T07:10:41 - [TEST_STEP][PASSED] - i1 = <not implemented yet for class: org.codehaus.groovy.ast.expr.EmptyExpression>: null

13-01-2025T07:10:41 - [TEST_STEP][PASSED] - ii = <not implemented yet for class: org.codehaus.groovy.ast.expr.EmptyExpression>: null

13-01-2025T07:10:41 - [TEST_STEP][PASSED] - for ([ii = 1, ii < 5, (ii++)]): null

13-01-2025T07:10:41 - [TEST_STEP][PASSED] - i1 = x.indexOf("/") + 1: null

13-01-2025T07:10:41 - [TEST_STEP][PASSED] - if (i1 > -1): null

13-01-2025T07:10:41 - [TEST_STEP][PASSED] - x = x.substring(i1, x.length()): null

13-01-2025T07:10:41 - [TEST_STEP][PASSED] - println(x): null

13-01-2025T07:10:41 - [TEST_STEP][PASSED] - i1 = x.indexOf("/") + 1: null

13-01-2025T07:10:41 - [TEST_STEP][PASSED] - if (i1 > -1): null

13-01-2025T07:10:41 - [TEST_STEP][PASSED] - x = x.substring(i1, x.length()): null

13-01-2025T07:10:41 - [TEST_STEP][PASSED] - println(x): null

13-01-2025T07:10:41 - [TEST_STEP][PASSED] - i1 = x.indexOf("/") + 1: null

13-01-2025T07:10:41 - [TEST_STEP][PASSED] - if (i1 > -1): null

13-01-2025T07:10:41 - [TEST_STEP][PASSED] - x = x.substring(i1, x.length()): null

13-01-2025T07:10:41 - [TEST_STEP][PASSED] - println(x): null

13-01-2025T07:10:41 - [TEST_STEP][PASSED] - i1 = x.indexOf("/") + 1: null

13-01-2025T07:10:41 - [TEST_STEP][PASSED] - if (i1 > -1): null

13-01-2025T07:10:41 - [TEST_STEP][PASSED] - x = x.substring(i1, x.length()): null

13-01-2025T07:10:41 - [TEST_STEP][PASSED] - println(x): null

13-01-2025T07:10:41 - [TEST_STEP][PASSED] - i1 = x.indexOf("/"): null

13-01-2025T07:10:41 - [TEST_STEP][PASSED] - if (i1 > -1): null

13-01-2025T07:10:41 - [TEST_STEP][PASSED] - x = x.substring(0, i1): null

13-01-2025T07:10:41 - [TEST_STEP][PASSED] - println(x): null

13-01-2025T07:10:41 - [TEST_STEP][PASSED] - return x: null

13-01-2025T07:10:41 - [TEST_STEP][PASSED] - tabB = GetOiSFactB(x = b): null

13-01-2025T07:10:41 - [TEST_STEP][PASSED] - i1 = <not implemented yet for class: org.codehaus.groovy.ast.expr.EmptyExpression>: null

13-01-2025T07:10:41 - [TEST_STEP][PASSED] - ii = <not implemented yet for class: org.codehaus.groovy.ast.expr.EmptyExpression>: null

13-01-2025T07:10:41 - [TEST_STEP][PASSED] - for ([ii = 1, ii < 5, (ii++)]): null

13-01-2025T07:10:41 - [TEST_STEP][PASSED] - i1 = x.indexOf("/") + 1: null

13-01-2025T07:10:41 - [TEST_STEP][PASSED] - if (i1 > -1): null

13-01-2025T07:10:41 - [TEST_STEP][PASSED] - x = x.substring(i1, x.length()): null

13-01-2025T07:10:41 - [TEST_STEP][PASSED] - println(x): null

13-01-2025T07:10:41 - [TEST_STEP][PASSED] - i1 = x.indexOf("/") + 1: null

13-01-2025T07:10:41 - [TEST_STEP][PASSED] - if (i1 > -1): null

13-01-2025T07:10:41 - [TEST_STEP][PASSED] - x = x.substring(i1, x.length()): null

13-01-2025T07:10:41 - [TEST_STEP][PASSED] - println(x): null

13-01-2025T07:10:41 - [TEST_STEP][PASSED] - i1 = x.indexOf("/") + 1: null

13-01-2025T07:10:41 - [TEST_STEP][PASSED] - if (i1 > -1): null

13-01-2025T07:10:41 - [TEST_STEP][PASSED] - x = x.substring(i1, x.length()): null

13-01-2025T07:10:41 - [TEST_STEP][PASSED] - println(x): null

13-01-2025T07:10:41 - [TEST_STEP][PASSED] - i1 = x.indexOf("/") + 1: null

13-01-2025T07:10:41 - [TEST_STEP][PASSED] - if (i1 > -1): null

13-01-2025T07:10:41 - [TEST_STEP][PASSED] - x = x.substring(i1, x.length()): null

13-01-2025T07:10:41 - [TEST_STEP][PASSED] - println(x): null

13-01-2025T07:10:41 - [TEST_STEP][PASSED] - i1 = x.indexOf("/"): null

13-01-2025T07:10:41 - [TEST_STEP][PASSED] - if (i1 > -1): null

13-01-2025T07:10:41 - [TEST_STEP][PASSED] - x = x.substring(0, i1): null

13-01-2025T07:10:41 - [TEST_STEP][PASSED] - println(x): null

13-01-2025T07:10:41 - [TEST_STEP][FAILED] - return x: null

13-01-2025T07:10:41 - [TEST_STEP][FAILED] - if (verifyEqual(tabR, tabB) == false): null

13-01-2025T07:10:41 - [MESSAGE][FAILED] - Unable to verify equal between actual object 'нет данных' and expected object '549615412' (Root cause: com.kms.katalon.core.exception.StepFailedException: Actual object 'нет данных' and expected object '549615412' are not equal
	at com.kms.katalon.core.keyword.builtin.VerifyEqualKeyword$_verifyEqual_closure1.doCall(VerifyEqualKeyword.groovy:58)
	at com.kms.katalon.core.keyword.builtin.VerifyEqualKeyword$_verifyEqual_closure1.call(VerifyEqualKeyword.groovy)
	at com.kms.katalon.core.keyword.internal.KeywordMain.runKeyword(KeywordMain.groovy:75)
	at com.kms.katalon.core.keyword.builtin.VerifyEqualKeyword.verifyEqual(VerifyEqualKeyword.groovy:63)
	at com.kms.katalon.core.keyword.builtin.VerifyEqualKeyword.execute(VerifyEqualKeyword.groovy:44)
	at com.kms.katalon.core.keyword.internal.KeywordExecutor.executeKeywordForPlatform(KeywordExecutor.groovy:74)
	at com.kms.katalon.core.keyword.BuiltinKeywords.verifyEqual(BuiltinKeywords.groovy:146)
	at java.base/jdk.internal.reflect.NativeMethodAccessorImpl.invoke0(Native Method)
	at java.base/jdk.internal.reflect.NativeMethodAccessorImpl.invoke(NativeMethodAccessorImpl.java:77)
	at java.base/jdk.internal.reflect.DelegatingMethodAccessorImpl.invoke(DelegatingMethodAccessorImpl.java:43)
	at Выполнение бизнес-плана сверка дашбордов - Copy.CompareDZOData(Выполнение бизнес-плана сверка дашбордов - Copy:717)
	at Выполнение бизнес-плана сверка дашбордов - Copy.run(Выполнение бизнес-плана сверка дашбордов - Copy:583)
	at com.kms.katalon.core.main.ScriptEngine.run(ScriptEngine.java:194)
	at com.kms.katalon.core.main.ScriptEngine.runScriptAsRawText(ScriptEngine.java:119)
	at com.kms.katalon.core.main.TestCaseExecutor.runScript(TestCaseExecutor.java:448)
	at com.kms.katalon.core.main.TestCaseExecutor.doExecute(TestCaseExecutor.java:439)
	at com.kms.katalon.core.main.TestCaseExecutor.processExecutionPhase(TestCaseExecutor.java:418)
	at com.kms.katalon.core.main.TestCaseExecutor.accessMainPhase(TestCaseExecutor.java:410)
	at com.kms.katalon.core.main.TestCaseExecutor.execute(TestCaseExecutor.java:285)
	at com.kms.katalon.core.common.CommonExecutor.accessTestCaseMainPhase(CommonExecutor.java:65)
	at com.kms.katalon.core.main.TestSuiteExecutor.accessTestSuiteMainPhase(TestSuiteExecutor.java:150)
	at com.kms.katalon.core.main.TestSuiteExecutor.execute(TestSuiteExecutor.java:106)
	at com.kms.katalon.core.main.TestCaseMain.startTestSuite(TestCaseMain.java:180)
	at TempTestSuite1736740835951.run(TempTestSuite1736740835951.groovy:35)
	at java.base/jdk.internal.reflect.NativeMethodAccessorImpl.invoke0(Native Method)
	at java.base/jdk.internal.reflect.NativeMethodAccessorImpl.invoke(NativeMethodAccessorImpl.java:77)
	at java.base/jdk.internal.reflect.DelegatingMethodAccessorImpl.invoke(DelegatingMethodAccessorImpl.java:43)
)

13-01-2025T07:10:41 - [TEST_STEP][PASSED] - result = WriteToExcel(typeOfData, todaysDate, PercPlanR, PercPlanB, PercFactR, PercFactB, x, tabR, tabB, o1R, o1B, vidget): null

13-01-2025T07:10:41 - [TEST_STEP][PASSED] - iii = dZO.indexOf("/"): null

13-01-2025T07:10:41 - [TEST_STEP][PASSED] - println(iii): null

13-01-2025T07:10:41 - [TEST_STEP][PASSED] - dZO = dZO.substring(0, iii): null

13-01-2025T07:10:41 - [TEST_STEP][PASSED] - println(dZO): null

13-01-2025T07:10:41 - [TEST_STEP][PASSED] - println(PercPlanR): null

13-01-2025T07:10:41 - [TEST_STEP][PASSED] - println(PercPlanB): null

13-01-2025T07:10:41 - [TEST_STEP][PASSED] - println(PercFactR): null

13-01-2025T07:10:41 - [TEST_STEP][PASSED] - println(PercFactB): null

13-01-2025T07:10:41 - [TEST_STEP][PASSED] - println(tabR): null

13-01-2025T07:10:41 - [TEST_STEP][PASSED] - println(tabB): null

13-01-2025T07:10:41 - [TEST_STEP][PASSED] - println(o1R): null

13-01-2025T07:10:41 - [TEST_STEP][PASSED] - println(o1B): null

13-01-2025T07:10:41 - [TEST_STEP][PASSED] - PR = <not implemented yet for class: org.codehaus.groovy.ast.expr.EmptyExpression>: null

13-01-2025T07:10:41 - [TEST_STEP][PASSED] - FR = <not implemented yet for class: org.codehaus.groovy.ast.expr.EmptyExpression>: null

13-01-2025T07:10:41 - [TEST_STEP][PASSED] - PB = <not implemented yet for class: org.codehaus.groovy.ast.expr.EmptyExpression>: null

13-01-2025T07:10:41 - [TEST_STEP][PASSED] - FB = <not implemented yet for class: org.codehaus.groovy.ast.expr.EmptyExpression>: null

13-01-2025T07:10:41 - [TEST_STEP][PASSED] - TR = <not implemented yet for class: org.codehaus.groovy.ast.expr.EmptyExpression>: null

13-01-2025T07:10:41 - [TEST_STEP][PASSED] - TB = <not implemented yet for class: org.codehaus.groovy.ast.expr.EmptyExpression>: null

13-01-2025T07:10:41 - [TEST_STEP][PASSED] - sheetName = "Sheet1": null

13-01-2025T07:10:41 - [TEST_STEP][PASSED] - data = findTestData("PlanFact"): null

13-01-2025T07:10:41 - [TEST_STEP][PASSED] - n = data.getRowNumbers() + 1: null

13-01-2025T07:10:41 - [TEST_STEP][PASSED] - year = todaysDate.substring(todaysDate.length() - 4, todaysDate.length()): null

13-01-2025T07:10:41 - [TEST_STEP][PASSED] - y = year.toInteger(): null

13-01-2025T07:10:41 - [TEST_STEP][PASSED] - m = getText(findTestObject("Выполнение бизнес-плана/Выполнение бизнес-плана Балансы/Фильтр Дата")): Text of object 'Object Repository/Выполнение бизнес-плана/Выполнение бизнес-плана Балансы/Фильтр Дата' is: '1, 2, 3 кв., Октябрь, Ноябрь 2024 года'

13-01-2025T07:10:42 - [MESSAGE][PASSED] - Text of object 'Object Repository/Выполнение бизнес-плана/Выполнение бизнес-плана Балансы/Фильтр Дата' is: '1, 2, 3 кв., Октябрь, Ноябрь 2024 года'

13-01-2025T07:10:42 - [TEST_STEP][PASSED] - m = m.substring(0, m.indexOf("2024")): null

13-01-2025T07:10:42 - [TEST_STEP][PASSED] - m = m.trim(): null

13-01-2025T07:10:42 - [TEST_STEP][PASSED] - dashboardName = "Выполнение бизнес-плана": null

13-01-2025T07:10:42 - [TEST_STEP][PASSED] - workbook01 = getWorkbook(excelFilePath): null

13-01-2025T07:10:42 - [TEST_STEP][PASSED] - sheet01 = getExcelSheet(workbook01, sheetName): null

13-01-2025T07:10:42 - [TEST_STEP][PASSED] - setValueToCellByIndex(sheet01, n, 0, dashboardName): null

13-01-2025T07:10:42 - [TEST_STEP][PASSED] - setValueToCellByIndex(sheet01, n, 1, dZO): null

13-01-2025T07:10:42 - [TEST_STEP][PASSED] - setValueToCellByIndex(sheet01, n, 2, typeOfData): null

13-01-2025T07:10:42 - [TEST_STEP][PASSED] - setValueToCellByIndex(sheet01, n, 3, typeOfData): null

13-01-2025T07:10:42 - [TEST_STEP][PASSED] - if (typeOfData == "План"): null

13-01-2025T07:10:42 - [TEST_STEP][PASSED] - else if (typeOfData == "Факт"): null

13-01-2025T07:10:42 - [TEST_STEP][PASSED] - else if (vidget.contains("электроэнергии") == true): null

13-01-2025T07:10:42 - [TEST_STEP][PASSED] - if (tabR == null): null

13-01-2025T07:10:42 - [TEST_STEP][PASSED] - else: null

13-01-2025T07:10:42 - [TEST_STEP][PASSED] - if (tabR == "нет данных"): null

13-01-2025T07:10:42 - [TEST_STEP][PASSED] - setValueToCellByIndex(sheet01, n, 4, "нет данных"): null

13-01-2025T07:10:42 - [TEST_STEP][PASSED] - if (tabB == null): null

13-01-2025T07:10:42 - [TEST_STEP][PASSED] - else: null

13-01-2025T07:10:42 - [TEST_STEP][PASSED] - if (tabB == "нет данных"): null

13-01-2025T07:10:42 - [TEST_STEP][PASSED] - else: null

13-01-2025T07:10:42 - [TEST_STEP][PASSED] - TB = tabB.toInteger(): null

13-01-2025T07:10:42 - [TEST_STEP][PASSED] - setValueToCellByIndex(sheet01, n, 5, TB): null

13-01-2025T07:10:42 - [TEST_STEP][PASSED] - setValueToCellByIndex(sheet01, n, 6, m): null

13-01-2025T07:10:42 - [TEST_STEP][PASSED] - setValueToCellByIndex(sheet01, n, 7, y): null

13-01-2025T07:10:42 - [TEST_STEP][PASSED] - setValueToCellByIndex(sheet01, n, 8, todaysDate): null

13-01-2025T07:10:42 - [TEST_STEP][PASSED] - n = n + 1: null

13-01-2025T07:10:42 - [TEST_STEP][PASSED] - saveWorkbook(excelFilePath, workbook01): null

13-01-2025T07:10:42 - [TEST_STEP][PASSED] - typeOfData = "Факт Потери": null

13-01-2025T07:10:42 - [TEST_STEP][PASSED] - tabR = GetPFactR(x = a): null

13-01-2025T07:10:42 - [TEST_STEP][PASSED] - i1 = <not implemented yet for class: org.codehaus.groovy.ast.expr.EmptyExpression>: null

13-01-2025T07:10:42 - [TEST_STEP][PASSED] - ii = <not implemented yet for class: org.codehaus.groovy.ast.expr.EmptyExpression>: null

13-01-2025T07:10:42 - [TEST_STEP][PASSED] - for ([ii = 1, ii < 6, (ii++)]): null

13-01-2025T07:10:42 - [TEST_STEP][PASSED] - i1 = x.indexOf("/") + 1: null

13-01-2025T07:10:42 - [TEST_STEP][PASSED] - if (i1 > -1): null

13-01-2025T07:10:42 - [TEST_STEP][PASSED] - x = x.substring(i1, x.length()): null

13-01-2025T07:10:42 - [TEST_STEP][PASSED] - println(x): null

13-01-2025T07:10:42 - [TEST_STEP][PASSED] - i1 = x.indexOf("/") + 1: null

13-01-2025T07:10:42 - [TEST_STEP][PASSED] - if (i1 > -1): null

13-01-2025T07:10:42 - [TEST_STEP][PASSED] - x = x.substring(i1, x.length()): null

13-01-2025T07:10:42 - [TEST_STEP][PASSED] - println(x): null

13-01-2025T07:10:42 - [TEST_STEP][PASSED] - i1 = x.indexOf("/") + 1: null

13-01-2025T07:10:42 - [TEST_STEP][PASSED] - if (i1 > -1): null

13-01-2025T07:10:42 - [TEST_STEP][PASSED] - x = x.substring(i1, x.length()): null

13-01-2025T07:10:42 - [TEST_STEP][PASSED] - println(x): null

13-01-2025T07:10:42 - [TEST_STEP][PASSED] - i1 = x.indexOf("/") + 1: null

13-01-2025T07:10:42 - [TEST_STEP][PASSED] - if (i1 > -1): null

13-01-2025T07:10:42 - [TEST_STEP][PASSED] - x = x.substring(i1, x.length()): null

13-01-2025T07:10:42 - [TEST_STEP][PASSED] - println(x): null

13-01-2025T07:10:42 - [TEST_STEP][PASSED] - i1 = x.indexOf("/") + 1: null

13-01-2025T07:10:42 - [TEST_STEP][PASSED] - if (i1 > -1): null

13-01-2025T07:10:42 - [TEST_STEP][PASSED] - x = x.substring(i1, x.length()): null

13-01-2025T07:10:42 - [TEST_STEP][PASSED] - println(x): null

13-01-2025T07:10:42 - [TEST_STEP][PASSED] - i1 = x.indexOf("/"): null

13-01-2025T07:10:42 - [TEST_STEP][PASSED] - if (i1 > -1): null

13-01-2025T07:10:42 - [TEST_STEP][PASSED] - x = x.substring(0, i1): null

13-01-2025T07:10:42 - [TEST_STEP][PASSED] - println(x): null

13-01-2025T07:10:42 - [TEST_STEP][PASSED] - return x: null

13-01-2025T07:10:42 - [TEST_STEP][PASSED] - tabB = GetPFactB(x = b): null

13-01-2025T07:10:42 - [TEST_STEP][PASSED] - i1 = <not implemented yet for class: org.codehaus.groovy.ast.expr.EmptyExpression>: null

13-01-2025T07:10:42 - [TEST_STEP][PASSED] - ii = <not implemented yet for class: org.codehaus.groovy.ast.expr.EmptyExpression>: null

13-01-2025T07:10:42 - [TEST_STEP][PASSED] - for ([ii = 1, ii < 6, (ii++)]): null

13-01-2025T07:10:42 - [TEST_STEP][PASSED] - i1 = x.indexOf("/") + 1: null

13-01-2025T07:10:42 - [TEST_STEP][PASSED] - if (i1 > -1): null

13-01-2025T07:10:42 - [TEST_STEP][PASSED] - x = x.substring(i1, x.length()): null

13-01-2025T07:10:42 - [TEST_STEP][PASSED] - println(x): null

13-01-2025T07:10:42 - [TEST_STEP][PASSED] - i1 = x.indexOf("/") + 1: null

13-01-2025T07:10:42 - [TEST_STEP][PASSED] - if (i1 > -1): null

13-01-2025T07:10:42 - [TEST_STEP][PASSED] - x = x.substring(i1, x.length()): null

13-01-2025T07:10:42 - [TEST_STEP][PASSED] - println(x): null

13-01-2025T07:10:42 - [TEST_STEP][PASSED] - i1 = x.indexOf("/") + 1: null

13-01-2025T07:10:42 - [TEST_STEP][PASSED] - if (i1 > -1): null

13-01-2025T07:10:42 - [TEST_STEP][PASSED] - x = x.substring(i1, x.length()): null

13-01-2025T07:10:42 - [TEST_STEP][PASSED] - println(x): null

13-01-2025T07:10:42 - [TEST_STEP][PASSED] - i1 = x.indexOf("/") + 1: null

13-01-2025T07:10:42 - [TEST_STEP][PASSED] - if (i1 > -1): null

13-01-2025T07:10:42 - [TEST_STEP][PASSED] - x = x.substring(i1, x.length()): null

13-01-2025T07:10:42 - [TEST_STEP][PASSED] - println(x): null

13-01-2025T07:10:42 - [TEST_STEP][PASSED] - i1 = x.indexOf("/") + 1: null

13-01-2025T07:10:42 - [TEST_STEP][PASSED] - if (i1 > -1): null

13-01-2025T07:10:42 - [TEST_STEP][PASSED] - x = x.substring(i1, x.length()): null

13-01-2025T07:10:42 - [TEST_STEP][PASSED] - println(x): null

13-01-2025T07:10:42 - [TEST_STEP][PASSED] - i1 = x.indexOf("/"): null

13-01-2025T07:10:42 - [TEST_STEP][PASSED] - if (i1 > -1): null

13-01-2025T07:10:42 - [TEST_STEP][PASSED] - x = x.substring(0, i1): null

13-01-2025T07:10:42 - [TEST_STEP][PASSED] - println(x): null

13-01-2025T07:10:42 - [TEST_STEP][FAILED] - return x: null

13-01-2025T07:10:42 - [TEST_STEP][PASSED] - println(tabR + "/" + tabB): null

13-01-2025T07:10:42 - [TEST_STEP][FAILED] - if (verifyEqual(tabR, tabB) == false): null

13-01-2025T07:10:42 - [MESSAGE][FAILED] - Unable to verify equal between actual object 'нет данных' and expected object '20201362' (Root cause: com.kms.katalon.core.exception.StepFailedException: Actual object 'нет данных' and expected object '20201362' are not equal
	at com.kms.katalon.core.keyword.builtin.VerifyEqualKeyword$_verifyEqual_closure1.doCall(VerifyEqualKeyword.groovy:58)
	at com.kms.katalon.core.keyword.builtin.VerifyEqualKeyword$_verifyEqual_closure1.call(VerifyEqualKeyword.groovy)
	at com.kms.katalon.core.keyword.internal.KeywordMain.runKeyword(KeywordMain.groovy:75)
	at com.kms.katalon.core.keyword.builtin.VerifyEqualKeyword.verifyEqual(VerifyEqualKeyword.groovy:63)
	at com.kms.katalon.core.keyword.builtin.VerifyEqualKeyword.execute(VerifyEqualKeyword.groovy:44)
	at com.kms.katalon.core.keyword.internal.KeywordExecutor.executeKeywordForPlatform(KeywordExecutor.groovy:74)
	at com.kms.katalon.core.keyword.BuiltinKeywords.verifyEqual(BuiltinKeywords.groovy:146)
	at jdk.internal.reflect.GeneratedMethodAccessor25.invoke(Unknown Source)
	at java.base/jdk.internal.reflect.DelegatingMethodAccessorImpl.invoke(DelegatingMethodAccessorImpl.java:43)
	at Выполнение бизнес-плана сверка дашбордов - Copy.CompareDZOData(Выполнение бизнес-плана сверка дашбордов - Copy:730)
	at Выполнение бизнес-плана сверка дашбордов - Copy.run(Выполнение бизнес-плана сверка дашбордов - Copy:583)
	at com.kms.katalon.core.main.ScriptEngine.run(ScriptEngine.java:194)
	at com.kms.katalon.core.main.ScriptEngine.runScriptAsRawText(ScriptEngine.java:119)
	at com.kms.katalon.core.main.TestCaseExecutor.runScript(TestCaseExecutor.java:448)
	at com.kms.katalon.core.main.TestCaseExecutor.doExecute(TestCaseExecutor.java:439)
	at com.kms.katalon.core.main.TestCaseExecutor.processExecutionPhase(TestCaseExecutor.java:418)
	at com.kms.katalon.core.main.TestCaseExecutor.accessMainPhase(TestCaseExecutor.java:410)
	at com.kms.katalon.core.main.TestCaseExecutor.execute(TestCaseExecutor.java:285)
	at com.kms.katalon.core.common.CommonExecutor.accessTestCaseMainPhase(CommonExecutor.java:65)
	at com.kms.katalon.core.main.TestSuiteExecutor.accessTestSuiteMainPhase(TestSuiteExecutor.java:150)
	at com.kms.katalon.core.main.TestSuiteExecutor.execute(TestSuiteExecutor.java:106)
	at com.kms.katalon.core.main.TestCaseMain.startTestSuite(TestCaseMain.java:180)
	at TempTestSuite1736740835951.run(TempTestSuite1736740835951.groovy:35)
	at java.base/jdk.internal.reflect.NativeMethodAccessorImpl.invoke0(Native Method)
	at java.base/jdk.internal.reflect.NativeMethodAccessorImpl.invoke(NativeMethodAccessorImpl.java:77)
	at java.base/jdk.internal.reflect.DelegatingMethodAccessorImpl.invoke(DelegatingMethodAccessorImpl.java:43)
)

13-01-2025T07:10:42 - [TEST_STEP][PASSED] - result = WriteToExcel(typeOfData, todaysDate, PercPlanR, PercPlanB, PercFactR, PercFactB, x, tabR, tabB, o1R, o1B, vidget): null

13-01-2025T07:10:42 - [TEST_STEP][PASSED] - iii = dZO.indexOf("/"): null

13-01-2025T07:10:42 - [TEST_STEP][PASSED] - println(iii): null

13-01-2025T07:10:42 - [TEST_STEP][PASSED] - dZO = dZO.substring(0, iii): null

13-01-2025T07:10:42 - [TEST_STEP][PASSED] - println(dZO): null

13-01-2025T07:10:42 - [TEST_STEP][PASSED] - println(PercPlanR): null

13-01-2025T07:10:42 - [TEST_STEP][PASSED] - println(PercPlanB): null

13-01-2025T07:10:42 - [TEST_STEP][PASSED] - println(PercFactR): null

13-01-2025T07:10:42 - [TEST_STEP][PASSED] - println(PercFactB): null

13-01-2025T07:10:42 - [TEST_STEP][PASSED] - println(tabR): null

13-01-2025T07:10:42 - [TEST_STEP][PASSED] - println(tabB): null

13-01-2025T07:10:42 - [TEST_STEP][PASSED] - println(o1R): null

13-01-2025T07:10:42 - [TEST_STEP][PASSED] - println(o1B): null

13-01-2025T07:10:42 - [TEST_STEP][PASSED] - PR = <not implemented yet for class: org.codehaus.groovy.ast.expr.EmptyExpression>: null

13-01-2025T07:10:42 - [TEST_STEP][PASSED] - FR = <not implemented yet for class: org.codehaus.groovy.ast.expr.EmptyExpression>: null

13-01-2025T07:10:42 - [TEST_STEP][PASSED] - PB = <not implemented yet for class: org.codehaus.groovy.ast.expr.EmptyExpression>: null

13-01-2025T07:10:42 - [TEST_STEP][PASSED] - FB = <not implemented yet for class: org.codehaus.groovy.ast.expr.EmptyExpression>: null

13-01-2025T07:10:42 - [TEST_STEP][PASSED] - TR = <not implemented yet for class: org.codehaus.groovy.ast.expr.EmptyExpression>: null

13-01-2025T07:10:42 - [TEST_STEP][PASSED] - TB = <not implemented yet for class: org.codehaus.groovy.ast.expr.EmptyExpression>: null

13-01-2025T07:10:42 - [TEST_STEP][PASSED] - sheetName = "Sheet1": null

13-01-2025T07:10:42 - [TEST_STEP][PASSED] - data = findTestData("PlanFact"): null

13-01-2025T07:10:42 - [TEST_STEP][PASSED] - n = data.getRowNumbers() + 1: null

13-01-2025T07:10:42 - [TEST_STEP][PASSED] - year = todaysDate.substring(todaysDate.length() - 4, todaysDate.length()): null

13-01-2025T07:10:42 - [TEST_STEP][PASSED] - y = year.toInteger(): null

13-01-2025T07:10:42 - [TEST_STEP][PASSED] - m = getText(findTestObject("Выполнение бизнес-плана/Выполнение бизнес-плана Балансы/Фильтр Дата")): Text of object 'Object Repository/Выполнение бизнес-плана/Выполнение бизнес-плана Балансы/Фильтр Дата' is: '1, 2, 3 кв., Октябрь, Ноябрь 2024 года'

13-01-2025T07:10:42 - [MESSAGE][PASSED] - Text of object 'Object Repository/Выполнение бизнес-плана/Выполнение бизнес-плана Балансы/Фильтр Дата' is: '1, 2, 3 кв., Октябрь, Ноябрь 2024 года'

13-01-2025T07:10:42 - [TEST_STEP][PASSED] - m = m.substring(0, m.indexOf("2024")): null

13-01-2025T07:10:42 - [TEST_STEP][PASSED] - m = m.trim(): null

13-01-2025T07:10:42 - [TEST_STEP][PASSED] - dashboardName = "Выполнение бизнес-плана": null

13-01-2025T07:10:42 - [TEST_STEP][PASSED] - workbook01 = getWorkbook(excelFilePath): null

13-01-2025T07:10:42 - [TEST_STEP][PASSED] - sheet01 = getExcelSheet(workbook01, sheetName): null

13-01-2025T07:10:42 - [TEST_STEP][PASSED] - setValueToCellByIndex(sheet01, n, 0, dashboardName): null

13-01-2025T07:10:42 - [TEST_STEP][PASSED] - setValueToCellByIndex(sheet01, n, 1, dZO): null

13-01-2025T07:10:42 - [TEST_STEP][PASSED] - setValueToCellByIndex(sheet01, n, 2, typeOfData): null

13-01-2025T07:10:42 - [TEST_STEP][PASSED] - setValueToCellByIndex(sheet01, n, 3, typeOfData): null

13-01-2025T07:10:42 - [TEST_STEP][PASSED] - if (typeOfData == "План"): null

13-01-2025T07:10:42 - [TEST_STEP][PASSED] - else if (typeOfData == "Факт"): null

13-01-2025T07:10:42 - [TEST_STEP][PASSED] - else if (vidget.contains("электроэнергии") == true): null

13-01-2025T07:10:42 - [TEST_STEP][PASSED] - if (tabR == null): null

13-01-2025T07:10:42 - [TEST_STEP][PASSED] - else: null

13-01-2025T07:10:42 - [TEST_STEP][PASSED] - if (tabR == "нет данных"): null

13-01-2025T07:10:42 - [TEST_STEP][PASSED] - setValueToCellByIndex(sheet01, n, 4, "нет данных"): null

13-01-2025T07:10:42 - [TEST_STEP][PASSED] - if (tabB == null): null

13-01-2025T07:10:42 - [TEST_STEP][PASSED] - else: null

13-01-2025T07:10:42 - [TEST_STEP][PASSED] - if (tabB == "нет данных"): null

13-01-2025T07:10:42 - [TEST_STEP][PASSED] - else: null

13-01-2025T07:10:42 - [TEST_STEP][PASSED] - TB = tabB.toInteger(): null

13-01-2025T07:10:42 - [TEST_STEP][PASSED] - setValueToCellByIndex(sheet01, n, 5, TB): null

13-01-2025T07:10:42 - [TEST_STEP][PASSED] - setValueToCellByIndex(sheet01, n, 6, m): null

13-01-2025T07:10:42 - [TEST_STEP][PASSED] - setValueToCellByIndex(sheet01, n, 7, y): null

13-01-2025T07:10:42 - [TEST_STEP][PASSED] - setValueToCellByIndex(sheet01, n, 8, todaysDate): null

13-01-2025T07:10:42 - [TEST_STEP][PASSED] - n = n + 1: null

13-01-2025T07:10:42 - [TEST_STEP][PASSED] - saveWorkbook(excelFilePath, workbook01): null

13-01-2025T07:10:43 - [TEST_STEP][PASSED] - vidget = "Показатели баланса электроэнергии по ДЗО – План": null

13-01-2025T07:10:43 - [TEST_STEP][PASSED] - typeOfData = "План Отпуск в сеть": null

13-01-2025T07:10:43 - [TEST_STEP][PASSED] - tabR = GetOvSPlanR(x = a): null

13-01-2025T07:10:43 - [TEST_STEP][PASSED] - i1 = <not implemented yet for class: org.codehaus.groovy.ast.expr.EmptyExpression>: null

13-01-2025T07:10:43 - [TEST_STEP][PASSED] - ii = <not implemented yet for class: org.codehaus.groovy.ast.expr.EmptyExpression>: null

13-01-2025T07:10:43 - [TEST_STEP][PASSED] - for ([ii = 1, ii < 7, (ii++)]): null

13-01-2025T07:10:43 - [TEST_STEP][PASSED] - i1 = x.indexOf("/") + 1: null

13-01-2025T07:10:43 - [TEST_STEP][PASSED] - if (i1 > -1): null

13-01-2025T07:10:43 - [TEST_STEP][PASSED] - x = x.substring(i1, x.length()): null

13-01-2025T07:10:43 - [TEST_STEP][PASSED] - println(x): null

13-01-2025T07:10:43 - [TEST_STEP][PASSED] - i1 = x.indexOf("/") + 1: null

13-01-2025T07:10:43 - [TEST_STEP][PASSED] - if (i1 > -1): null

13-01-2025T07:10:43 - [TEST_STEP][PASSED] - x = x.substring(i1, x.length()): null

13-01-2025T07:10:43 - [TEST_STEP][PASSED] - println(x): null

13-01-2025T07:10:43 - [TEST_STEP][PASSED] - i1 = x.indexOf("/") + 1: null

13-01-2025T07:10:43 - [TEST_STEP][PASSED] - if (i1 > -1): null

13-01-2025T07:10:43 - [TEST_STEP][PASSED] - x = x.substring(i1, x.length()): null

13-01-2025T07:10:43 - [TEST_STEP][PASSED] - println(x): null

13-01-2025T07:10:43 - [TEST_STEP][PASSED] - i1 = x.indexOf("/") + 1: null

13-01-2025T07:10:43 - [TEST_STEP][PASSED] - if (i1 > -1): null

13-01-2025T07:10:43 - [TEST_STEP][PASSED] - x = x.substring(i1, x.length()): null

13-01-2025T07:10:43 - [TEST_STEP][PASSED] - println(x): null

13-01-2025T07:10:43 - [TEST_STEP][PASSED] - i1 = x.indexOf("/") + 1: null

13-01-2025T07:10:43 - [TEST_STEP][PASSED] - if (i1 > -1): null

13-01-2025T07:10:43 - [TEST_STEP][PASSED] - x = x.substring(i1, x.length()): null

13-01-2025T07:10:43 - [TEST_STEP][PASSED] - println(x): null

13-01-2025T07:10:43 - [TEST_STEP][PASSED] - i1 = x.indexOf("/") + 1: null

13-01-2025T07:10:43 - [TEST_STEP][PASSED] - if (i1 > -1): null

13-01-2025T07:10:43 - [TEST_STEP][PASSED] - x = x.substring(i1, x.length()): null

13-01-2025T07:10:43 - [TEST_STEP][PASSED] - println(x): null

13-01-2025T07:10:43 - [TEST_STEP][PASSED] - i1 = x.indexOf("/"): null

13-01-2025T07:10:43 - [TEST_STEP][PASSED] - if (i1 > -1): null

13-01-2025T07:10:43 - [TEST_STEP][PASSED] - x = x.substring(0, i1): null

13-01-2025T07:10:43 - [TEST_STEP][PASSED] - println(x): null

13-01-2025T07:10:43 - [TEST_STEP][PASSED] - return x: null

13-01-2025T07:10:43 - [TEST_STEP][PASSED] - tabB = GetOvSPlanB(x = b): null

13-01-2025T07:10:43 - [TEST_STEP][PASSED] - i1 = <not implemented yet for class: org.codehaus.groovy.ast.expr.EmptyExpression>: null

13-01-2025T07:10:43 - [TEST_STEP][PASSED] - ii = <not implemented yet for class: org.codehaus.groovy.ast.expr.EmptyExpression>: null

13-01-2025T07:10:43 - [TEST_STEP][PASSED] - for ([ii = 1, ii < 7, (ii++)]): null

13-01-2025T07:10:43 - [TEST_STEP][PASSED] - i1 = x.indexOf("/") + 1: null

13-01-2025T07:10:43 - [TEST_STEP][PASSED] - if (i1 > -1): null

13-01-2025T07:10:43 - [TEST_STEP][PASSED] - x = x.substring(i1, x.length()): null

13-01-2025T07:10:43 - [TEST_STEP][PASSED] - println(x): null

13-01-2025T07:10:43 - [TEST_STEP][PASSED] - i1 = x.indexOf("/") + 1: null

13-01-2025T07:10:43 - [TEST_STEP][PASSED] - if (i1 > -1): null

13-01-2025T07:10:43 - [TEST_STEP][PASSED] - x = x.substring(i1, x.length()): null

13-01-2025T07:10:43 - [TEST_STEP][PASSED] - println(x): null

13-01-2025T07:10:43 - [TEST_STEP][PASSED] - i1 = x.indexOf("/") + 1: null

13-01-2025T07:10:43 - [TEST_STEP][PASSED] - if (i1 > -1): null

13-01-2025T07:10:43 - [TEST_STEP][PASSED] - x = x.substring(i1, x.length()): null

13-01-2025T07:10:43 - [TEST_STEP][PASSED] - println(x): null

13-01-2025T07:10:43 - [TEST_STEP][PASSED] - i1 = x.indexOf("/") + 1: null

13-01-2025T07:10:43 - [TEST_STEP][PASSED] - if (i1 > -1): null

13-01-2025T07:10:43 - [TEST_STEP][PASSED] - x = x.substring(i1, x.length()): null

13-01-2025T07:10:43 - [TEST_STEP][PASSED] - println(x): null

13-01-2025T07:10:43 - [TEST_STEP][PASSED] - i1 = x.indexOf("/") + 1: null

13-01-2025T07:10:43 - [TEST_STEP][PASSED] - if (i1 > -1): null

13-01-2025T07:10:43 - [TEST_STEP][PASSED] - x = x.substring(i1, x.length()): null

13-01-2025T07:10:43 - [TEST_STEP][PASSED] - println(x): null

13-01-2025T07:10:43 - [TEST_STEP][PASSED] - i1 = x.indexOf("/") + 1: null

13-01-2025T07:10:43 - [TEST_STEP][PASSED] - if (i1 > -1): null

13-01-2025T07:10:43 - [TEST_STEP][PASSED] - x = x.substring(i1, x.length()): null

13-01-2025T07:10:43 - [TEST_STEP][PASSED] - println(x): null

13-01-2025T07:10:43 - [TEST_STEP][PASSED] - i1 = x.indexOf("/"): null

13-01-2025T07:10:43 - [TEST_STEP][PASSED] - if (i1 > -1): null

13-01-2025T07:10:43 - [TEST_STEP][PASSED] - x = x.substring(0, i1): null

13-01-2025T07:10:43 - [TEST_STEP][PASSED] - println(x): null

13-01-2025T07:10:43 - [TEST_STEP][FAILED] - return x: null

13-01-2025T07:10:43 - [TEST_STEP][PASSED] - println(tabR + "/" + tabB): null

13-01-2025T07:10:43 - [TEST_STEP][FAILED] - if (verifyEqual(PercFactR, PercFactB) == false): null

13-01-2025T07:10:43 - [MESSAGE][FAILED] - Unable to verify equal between actual object 'нет данных' and expected object '3.68' (Root cause: com.kms.katalon.core.exception.StepFailedException: Actual object 'нет данных' and expected object '3.68' are not equal
	at com.kms.katalon.core.keyword.builtin.VerifyEqualKeyword$_verifyEqual_closure1.doCall(VerifyEqualKeyword.groovy:58)
	at com.kms.katalon.core.keyword.builtin.VerifyEqualKeyword$_verifyEqual_closure1.call(VerifyEqualKeyword.groovy)
	at com.kms.katalon.core.keyword.internal.KeywordMain.runKeyword(KeywordMain.groovy:75)
	at com.kms.katalon.core.keyword.builtin.VerifyEqualKeyword.verifyEqual(VerifyEqualKeyword.groovy:63)
	at com.kms.katalon.core.keyword.builtin.VerifyEqualKeyword.execute(VerifyEqualKeyword.groovy:44)
	at com.kms.katalon.core.keyword.internal.KeywordExecutor.executeKeywordForPlatform(KeywordExecutor.groovy:74)
	at com.kms.katalon.core.keyword.BuiltinKeywords.verifyEqual(BuiltinKeywords.groovy:146)
	at jdk.internal.reflect.GeneratedMethodAccessor25.invoke(Unknown Source)
	at java.base/jdk.internal.reflect.DelegatingMethodAccessorImpl.invoke(DelegatingMethodAccessorImpl.java:43)
	at Выполнение бизнес-плана сверка дашбордов - Copy.CompareDZOData(Выполнение бизнес-плана сверка дашбордов - Copy:745)
	at Выполнение бизнес-плана сверка дашбордов - Copy.run(Выполнение бизнес-плана сверка дашбордов - Copy:583)
	at com.kms.katalon.core.main.ScriptEngine.run(ScriptEngine.java:194)
	at com.kms.katalon.core.main.ScriptEngine.runScriptAsRawText(ScriptEngine.java:119)
	at com.kms.katalon.core.main.TestCaseExecutor.runScript(TestCaseExecutor.java:448)
	at com.kms.katalon.core.main.TestCaseExecutor.doExecute(TestCaseExecutor.java:439)
	at com.kms.katalon.core.main.TestCaseExecutor.processExecutionPhase(TestCaseExecutor.java:418)
	at com.kms.katalon.core.main.TestCaseExecutor.accessMainPhase(TestCaseExecutor.java:410)
	at com.kms.katalon.core.main.TestCaseExecutor.execute(TestCaseExecutor.java:285)
	at com.kms.katalon.core.common.CommonExecutor.accessTestCaseMainPhase(CommonExecutor.java:65)
	at com.kms.katalon.core.main.TestSuiteExecutor.accessTestSuiteMainPhase(TestSuiteExecutor.java:150)
	at com.kms.katalon.core.main.TestSuiteExecutor.execute(TestSuiteExecutor.java:106)
	at com.kms.katalon.core.main.TestCaseMain.startTestSuite(TestCaseMain.java:180)
	at TempTestSuite1736740835951.run(TempTestSuite1736740835951.groovy:35)
	at java.base/jdk.internal.reflect.NativeMethodAccessorImpl.invoke0(Native Method)
	at java.base/jdk.internal.reflect.NativeMethodAccessorImpl.invoke(NativeMethodAccessorImpl.java:77)
	at java.base/jdk.internal.reflect.DelegatingMethodAccessorImpl.invoke(DelegatingMethodAccessorImpl.java:43)
)

13-01-2025T07:10:43 - [TEST_STEP][PASSED] - result = WriteToExcel(typeOfData, todaysDate, PercPlanR, PercPlanB, PercFactR, PercFactB, x, tabR, tabB, o1R, o1B, vidget): null

13-01-2025T07:10:43 - [TEST_STEP][PASSED] - iii = dZO.indexOf("/"): null

13-01-2025T07:10:43 - [TEST_STEP][PASSED] - println(iii): null

13-01-2025T07:10:43 - [TEST_STEP][PASSED] - dZO = dZO.substring(0, iii): null

13-01-2025T07:10:43 - [TEST_STEP][PASSED] - println(dZO): null

13-01-2025T07:10:43 - [TEST_STEP][PASSED] - println(PercPlanR): null

13-01-2025T07:10:43 - [TEST_STEP][PASSED] - println(PercPlanB): null

13-01-2025T07:10:43 - [TEST_STEP][PASSED] - println(PercFactR): null

13-01-2025T07:10:43 - [TEST_STEP][PASSED] - println(PercFactB): null

13-01-2025T07:10:43 - [TEST_STEP][PASSED] - println(tabR): null

13-01-2025T07:10:43 - [TEST_STEP][PASSED] - println(tabB): null

13-01-2025T07:10:43 - [TEST_STEP][PASSED] - println(o1R): null

13-01-2025T07:10:43 - [TEST_STEP][PASSED] - println(o1B): null

13-01-2025T07:10:43 - [TEST_STEP][PASSED] - PR = <not implemented yet for class: org.codehaus.groovy.ast.expr.EmptyExpression>: null

13-01-2025T07:10:43 - [TEST_STEP][PASSED] - FR = <not implemented yet for class: org.codehaus.groovy.ast.expr.EmptyExpression>: null

13-01-2025T07:10:43 - [TEST_STEP][PASSED] - PB = <not implemented yet for class: org.codehaus.groovy.ast.expr.EmptyExpression>: null

13-01-2025T07:10:43 - [TEST_STEP][PASSED] - FB = <not implemented yet for class: org.codehaus.groovy.ast.expr.EmptyExpression>: null

13-01-2025T07:10:43 - [TEST_STEP][PASSED] - TR = <not implemented yet for class: org.codehaus.groovy.ast.expr.EmptyExpression>: null

13-01-2025T07:10:43 - [TEST_STEP][PASSED] - TB = <not implemented yet for class: org.codehaus.groovy.ast.expr.EmptyExpression>: null

13-01-2025T07:10:43 - [TEST_STEP][PASSED] - sheetName = "Sheet1": null

13-01-2025T07:10:43 - [TEST_STEP][PASSED] - data = findTestData("PlanFact"): null

13-01-2025T07:10:43 - [TEST_STEP][PASSED] - n = data.getRowNumbers() + 1: null

13-01-2025T07:10:43 - [TEST_STEP][PASSED] - year = todaysDate.substring(todaysDate.length() - 4, todaysDate.length()): null

13-01-2025T07:10:43 - [TEST_STEP][PASSED] - y = year.toInteger(): null

13-01-2025T07:10:43 - [TEST_STEP][PASSED] - m = getText(findTestObject("Выполнение бизнес-плана/Выполнение бизнес-плана Балансы/Фильтр Дата")): Text of object 'Object Repository/Выполнение бизнес-плана/Выполнение бизнес-плана Балансы/Фильтр Дата' is: '1, 2, 3 кв., Октябрь, Ноябрь 2024 года'

13-01-2025T07:10:43 - [MESSAGE][PASSED] - Text of object 'Object Repository/Выполнение бизнес-плана/Выполнение бизнес-плана Балансы/Фильтр Дата' is: '1, 2, 3 кв., Октябрь, Ноябрь 2024 года'

13-01-2025T07:10:43 - [TEST_STEP][PASSED] - m = m.substring(0, m.indexOf("2024")): null

13-01-2025T07:10:43 - [TEST_STEP][PASSED] - m = m.trim(): null

13-01-2025T07:10:43 - [TEST_STEP][PASSED] - dashboardName = "Выполнение бизнес-плана": null

13-01-2025T07:10:43 - [TEST_STEP][PASSED] - workbook01 = getWorkbook(excelFilePath): null

13-01-2025T07:10:43 - [TEST_STEP][PASSED] - sheet01 = getExcelSheet(workbook01, sheetName): null

13-01-2025T07:10:43 - [TEST_STEP][PASSED] - setValueToCellByIndex(sheet01, n, 0, dashboardName): null

13-01-2025T07:10:43 - [TEST_STEP][PASSED] - setValueToCellByIndex(sheet01, n, 1, dZO): null

13-01-2025T07:10:43 - [TEST_STEP][PASSED] - setValueToCellByIndex(sheet01, n, 2, typeOfData): null

13-01-2025T07:10:43 - [TEST_STEP][PASSED] - setValueToCellByIndex(sheet01, n, 3, typeOfData): null

13-01-2025T07:10:43 - [TEST_STEP][PASSED] - if (typeOfData == "План"): null

13-01-2025T07:10:43 - [TEST_STEP][PASSED] - else if (typeOfData == "Факт"): null

13-01-2025T07:10:43 - [TEST_STEP][PASSED] - else if (vidget.contains("электроэнергии") == true): null

13-01-2025T07:10:43 - [TEST_STEP][PASSED] - if (tabR == null): null

13-01-2025T07:10:43 - [TEST_STEP][PASSED] - else: null

13-01-2025T07:10:43 - [TEST_STEP][PASSED] - if (tabR == "нет данных"): null

13-01-2025T07:10:43 - [TEST_STEP][PASSED] - setValueToCellByIndex(sheet01, n, 4, "нет данных"): null

13-01-2025T07:10:43 - [TEST_STEP][PASSED] - if (tabB == null): null

13-01-2025T07:10:43 - [TEST_STEP][PASSED] - else: null

13-01-2025T07:10:43 - [TEST_STEP][PASSED] - if (tabB == "нет данных"): null

13-01-2025T07:10:43 - [TEST_STEP][PASSED] - else: null

13-01-2025T07:10:43 - [TEST_STEP][PASSED] - TB = tabB.toInteger(): null

13-01-2025T07:10:43 - [TEST_STEP][PASSED] - setValueToCellByIndex(sheet01, n, 5, TB): null

13-01-2025T07:10:43 - [TEST_STEP][PASSED] - setValueToCellByIndex(sheet01, n, 6, m): null

13-01-2025T07:10:43 - [TEST_STEP][PASSED] - setValueToCellByIndex(sheet01, n, 7, y): null

13-01-2025T07:10:43 - [TEST_STEP][PASSED] - setValueToCellByIndex(sheet01, n, 8, todaysDate): null

13-01-2025T07:10:43 - [TEST_STEP][PASSED] - n = n + 1: null

13-01-2025T07:10:43 - [TEST_STEP][PASSED] - saveWorkbook(excelFilePath, workbook01): null

13-01-2025T07:10:43 - [TEST_STEP][PASSED] - typeOfData = "План Отпуск из сети": null

13-01-2025T07:10:43 - [TEST_STEP][PASSED] - tabR = GetOiSPlanR(x = a): null

13-01-2025T07:10:43 - [TEST_STEP][PASSED] - i1 = <not implemented yet for class: org.codehaus.groovy.ast.expr.EmptyExpression>: null

13-01-2025T07:10:43 - [TEST_STEP][PASSED] - ii = <not implemented yet for class: org.codehaus.groovy.ast.expr.EmptyExpression>: null

13-01-2025T07:10:43 - [TEST_STEP][PASSED] - for ([ii = 1, ii < 8, (ii++)]): null

13-01-2025T07:10:43 - [TEST_STEP][PASSED] - i1 = x.indexOf("/") + 1: null

13-01-2025T07:10:43 - [TEST_STEP][PASSED] - if (i1 > -1): null

13-01-2025T07:10:43 - [TEST_STEP][PASSED] - x = x.substring(i1, x.length()): null

13-01-2025T07:10:43 - [TEST_STEP][PASSED] - println(x): null

13-01-2025T07:10:43 - [TEST_STEP][PASSED] - i1 = x.indexOf("/") + 1: null

13-01-2025T07:10:43 - [TEST_STEP][PASSED] - if (i1 > -1): null

13-01-2025T07:10:43 - [TEST_STEP][PASSED] - x = x.substring(i1, x.length()): null

13-01-2025T07:10:43 - [TEST_STEP][PASSED] - println(x): null

13-01-2025T07:10:43 - [TEST_STEP][PASSED] - i1 = x.indexOf("/") + 1: null

13-01-2025T07:10:43 - [TEST_STEP][PASSED] - if (i1 > -1): null

13-01-2025T07:10:43 - [TEST_STEP][PASSED] - x = x.substring(i1, x.length()): null

13-01-2025T07:10:43 - [TEST_STEP][PASSED] - println(x): null

13-01-2025T07:10:43 - [TEST_STEP][PASSED] - i1 = x.indexOf("/") + 1: null

13-01-2025T07:10:43 - [TEST_STEP][PASSED] - if (i1 > -1): null

13-01-2025T07:10:43 - [TEST_STEP][PASSED] - x = x.substring(i1, x.length()): null

13-01-2025T07:10:43 - [TEST_STEP][PASSED] - println(x): null

13-01-2025T07:10:43 - [TEST_STEP][PASSED] - i1 = x.indexOf("/") + 1: null

13-01-2025T07:10:43 - [TEST_STEP][PASSED] - if (i1 > -1): null

13-01-2025T07:10:43 - [TEST_STEP][PASSED] - x = x.substring(i1, x.length()): null

13-01-2025T07:10:43 - [TEST_STEP][PASSED] - println(x): null

13-01-2025T07:10:43 - [TEST_STEP][PASSED] - i1 = x.indexOf("/") + 1: null

13-01-2025T07:10:43 - [TEST_STEP][PASSED] - if (i1 > -1): null

13-01-2025T07:10:43 - [TEST_STEP][PASSED] - x = x.substring(i1, x.length()): null

13-01-2025T07:10:43 - [TEST_STEP][PASSED] - println(x): null

13-01-2025T07:10:43 - [TEST_STEP][PASSED] - i1 = x.indexOf("/") + 1: null

13-01-2025T07:10:43 - [TEST_STEP][PASSED] - if (i1 > -1): null

13-01-2025T07:10:43 - [TEST_STEP][PASSED] - x = x.substring(i1, x.length()): null

13-01-2025T07:10:43 - [TEST_STEP][PASSED] - println(x): null

13-01-2025T07:10:43 - [TEST_STEP][PASSED] - i1 = x.indexOf("/"): null

13-01-2025T07:10:43 - [TEST_STEP][PASSED] - if (i1 > -1): null

13-01-2025T07:10:43 - [TEST_STEP][PASSED] - x = x.substring(0, i1): null

13-01-2025T07:10:43 - [TEST_STEP][PASSED] - println(x): null

13-01-2025T07:10:43 - [TEST_STEP][PASSED] - return x: null

13-01-2025T07:10:43 - [TEST_STEP][PASSED] - tabB = GetOiSPlanB(x = b): null

13-01-2025T07:10:43 - [TEST_STEP][PASSED] - i1 = <not implemented yet for class: org.codehaus.groovy.ast.expr.EmptyExpression>: null

13-01-2025T07:10:43 - [TEST_STEP][PASSED] - ii = <not implemented yet for class: org.codehaus.groovy.ast.expr.EmptyExpression>: null

13-01-2025T07:10:43 - [TEST_STEP][PASSED] - for ([ii = 1, ii < 8, (ii++)]): null

13-01-2025T07:10:43 - [TEST_STEP][PASSED] - i1 = x.indexOf("/") + 1: null

13-01-2025T07:10:43 - [TEST_STEP][PASSED] - if (i1 > -1): null

13-01-2025T07:10:43 - [TEST_STEP][PASSED] - x = x.substring(i1, x.length()): null

13-01-2025T07:10:43 - [TEST_STEP][PASSED] - println(x): null

13-01-2025T07:10:43 - [TEST_STEP][PASSED] - i1 = x.indexOf("/") + 1: null

13-01-2025T07:10:43 - [TEST_STEP][PASSED] - if (i1 > -1): null

13-01-2025T07:10:43 - [TEST_STEP][PASSED] - x = x.substring(i1, x.length()): null

13-01-2025T07:10:43 - [TEST_STEP][PASSED] - println(x): null

13-01-2025T07:10:43 - [TEST_STEP][PASSED] - i1 = x.indexOf("/") + 1: null

13-01-2025T07:10:43 - [TEST_STEP][PASSED] - if (i1 > -1): null

13-01-2025T07:10:43 - [TEST_STEP][PASSED] - x = x.substring(i1, x.length()): null

13-01-2025T07:10:43 - [TEST_STEP][PASSED] - println(x): null

13-01-2025T07:10:43 - [TEST_STEP][PASSED] - i1 = x.indexOf("/") + 1: null

13-01-2025T07:10:43 - [TEST_STEP][PASSED] - if (i1 > -1): null

13-01-2025T07:10:43 - [TEST_STEP][PASSED] - x = x.substring(i1, x.length()): null

13-01-2025T07:10:43 - [TEST_STEP][PASSED] - println(x): null

13-01-2025T07:10:43 - [TEST_STEP][PASSED] - i1 = x.indexOf("/") + 1: null

13-01-2025T07:10:43 - [TEST_STEP][PASSED] - if (i1 > -1): null

13-01-2025T07:10:43 - [TEST_STEP][PASSED] - x = x.substring(i1, x.length()): null

13-01-2025T07:10:43 - [TEST_STEP][PASSED] - println(x): null

13-01-2025T07:10:43 - [TEST_STEP][PASSED] - i1 = x.indexOf("/") + 1: null

13-01-2025T07:10:43 - [TEST_STEP][PASSED] - if (i1 > -1): null

13-01-2025T07:10:43 - [TEST_STEP][PASSED] - x = x.substring(i1, x.length()): null

13-01-2025T07:10:43 - [TEST_STEP][PASSED] - println(x): null

13-01-2025T07:10:43 - [TEST_STEP][PASSED] - i1 = x.indexOf("/") + 1: null

13-01-2025T07:10:43 - [TEST_STEP][PASSED] - if (i1 > -1): null

13-01-2025T07:10:43 - [TEST_STEP][PASSED] - x = x.substring(i1, x.length()): null

13-01-2025T07:10:43 - [TEST_STEP][PASSED] - println(x): null

13-01-2025T07:10:43 - [TEST_STEP][PASSED] - i1 = x.indexOf("/"): null

13-01-2025T07:10:43 - [TEST_STEP][PASSED] - if (i1 > -1): null

13-01-2025T07:10:43 - [TEST_STEP][PASSED] - x = x.substring(0, i1): null

13-01-2025T07:10:43 - [TEST_STEP][PASSED] - println(x): null

13-01-2025T07:10:43 - [TEST_STEP][FAILED] - return x: null

13-01-2025T07:10:43 - [TEST_STEP][PASSED] - println(tabR + "/" + tabB): null

13-01-2025T07:10:43 - [TEST_STEP][FAILED] - if (verifyEqual(PercFactR, PercFactB) == false): null

13-01-2025T07:10:43 - [MESSAGE][FAILED] - Unable to verify equal between actual object 'нет данных' and expected object '3.68' (Root cause: com.kms.katalon.core.exception.StepFailedException: Actual object 'нет данных' and expected object '3.68' are not equal
	at com.kms.katalon.core.keyword.builtin.VerifyEqualKeyword$_verifyEqual_closure1.doCall(VerifyEqualKeyword.groovy:58)
	at com.kms.katalon.core.keyword.builtin.VerifyEqualKeyword$_verifyEqual_closure1.call(VerifyEqualKeyword.groovy)
	at com.kms.katalon.core.keyword.internal.KeywordMain.runKeyword(KeywordMain.groovy:75)
	at com.kms.katalon.core.keyword.builtin.VerifyEqualKeyword.verifyEqual(VerifyEqualKeyword.groovy:63)
	at com.kms.katalon.core.keyword.builtin.VerifyEqualKeyword.execute(VerifyEqualKeyword.groovy:44)
	at com.kms.katalon.core.keyword.internal.KeywordExecutor.executeKeywordForPlatform(KeywordExecutor.groovy:74)
	at com.kms.katalon.core.keyword.BuiltinKeywords.verifyEqual(BuiltinKeywords.groovy:146)
	at jdk.internal.reflect.GeneratedMethodAccessor25.invoke(Unknown Source)
	at java.base/jdk.internal.reflect.DelegatingMethodAccessorImpl.invoke(DelegatingMethodAccessorImpl.java:43)
	at Выполнение бизнес-плана сверка дашбордов - Copy.CompareDZOData(Выполнение бизнес-плана сверка дашбордов - Copy:758)
	at Выполнение бизнес-плана сверка дашбордов - Copy.run(Выполнение бизнес-плана сверка дашбордов - Copy:583)
	at com.kms.katalon.core.main.ScriptEngine.run(ScriptEngine.java:194)
	at com.kms.katalon.core.main.ScriptEngine.runScriptAsRawText(ScriptEngine.java:119)
	at com.kms.katalon.core.main.TestCaseExecutor.runScript(TestCaseExecutor.java:448)
	at com.kms.katalon.core.main.TestCaseExecutor.doExecute(TestCaseExecutor.java:439)
	at com.kms.katalon.core.main.TestCaseExecutor.processExecutionPhase(TestCaseExecutor.java:418)
	at com.kms.katalon.core.main.TestCaseExecutor.accessMainPhase(TestCaseExecutor.java:410)
	at com.kms.katalon.core.main.TestCaseExecutor.execute(TestCaseExecutor.java:285)
	at com.kms.katalon.core.common.CommonExecutor.accessTestCaseMainPhase(CommonExecutor.java:65)
	at com.kms.katalon.core.main.TestSuiteExecutor.accessTestSuiteMainPhase(TestSuiteExecutor.java:150)
	at com.kms.katalon.core.main.TestSuiteExecutor.execute(TestSuiteExecutor.java:106)
	at com.kms.katalon.core.main.TestCaseMain.startTestSuite(TestCaseMain.java:180)
	at TempTestSuite1736740835951.run(TempTestSuite1736740835951.groovy:35)
	at java.base/jdk.internal.reflect.NativeMethodAccessorImpl.invoke0(Native Method)
	at java.base/jdk.internal.reflect.NativeMethodAccessorImpl.invoke(NativeMethodAccessorImpl.java:77)
	at java.base/jdk.internal.reflect.DelegatingMethodAccessorImpl.invoke(DelegatingMethodAccessorImpl.java:43)
)

13-01-2025T07:10:43 - [TEST_STEP][PASSED] - result = WriteToExcel(typeOfData, todaysDate, PercPlanR, PercPlanB, PercFactR, PercFactB, x, tabR, tabB, o1R, o1B, vidget): null

13-01-2025T07:10:43 - [TEST_STEP][PASSED] - iii = dZO.indexOf("/"): null

13-01-2025T07:10:43 - [TEST_STEP][PASSED] - println(iii): null

13-01-2025T07:10:43 - [TEST_STEP][PASSED] - dZO = dZO.substring(0, iii): null

13-01-2025T07:10:43 - [TEST_STEP][PASSED] - println(dZO): null

13-01-2025T07:10:43 - [TEST_STEP][PASSED] - println(PercPlanR): null

13-01-2025T07:10:43 - [TEST_STEP][PASSED] - println(PercPlanB): null

13-01-2025T07:10:43 - [TEST_STEP][PASSED] - println(PercFactR): null

13-01-2025T07:10:43 - [TEST_STEP][PASSED] - println(PercFactB): null

13-01-2025T07:10:43 - [TEST_STEP][PASSED] - println(tabR): null

13-01-2025T07:10:43 - [TEST_STEP][PASSED] - println(tabB): null

13-01-2025T07:10:43 - [TEST_STEP][PASSED] - println(o1R): null

13-01-2025T07:10:43 - [TEST_STEP][PASSED] - println(o1B): null

13-01-2025T07:10:43 - [TEST_STEP][PASSED] - PR = <not implemented yet for class: org.codehaus.groovy.ast.expr.EmptyExpression>: null

13-01-2025T07:10:43 - [TEST_STEP][PASSED] - FR = <not implemented yet for class: org.codehaus.groovy.ast.expr.EmptyExpression>: null

13-01-2025T07:10:43 - [TEST_STEP][PASSED] - PB = <not implemented yet for class: org.codehaus.groovy.ast.expr.EmptyExpression>: null

13-01-2025T07:10:43 - [TEST_STEP][PASSED] - FB = <not implemented yet for class: org.codehaus.groovy.ast.expr.EmptyExpression>: null

13-01-2025T07:10:43 - [TEST_STEP][PASSED] - TR = <not implemented yet for class: org.codehaus.groovy.ast.expr.EmptyExpression>: null

13-01-2025T07:10:43 - [TEST_STEP][PASSED] - TB = <not implemented yet for class: org.codehaus.groovy.ast.expr.EmptyExpression>: null

13-01-2025T07:10:43 - [TEST_STEP][PASSED] - sheetName = "Sheet1": null

13-01-2025T07:10:43 - [TEST_STEP][PASSED] - data = findTestData("PlanFact"): null

13-01-2025T07:10:43 - [TEST_STEP][PASSED] - n = data.getRowNumbers() + 1: null

13-01-2025T07:10:43 - [TEST_STEP][PASSED] - year = todaysDate.substring(todaysDate.length() - 4, todaysDate.length()): null

13-01-2025T07:10:43 - [TEST_STEP][PASSED] - y = year.toInteger(): null

13-01-2025T07:10:43 - [TEST_STEP][PASSED] - m = getText(findTestObject("Выполнение бизнес-плана/Выполнение бизнес-плана Балансы/Фильтр Дата")): Text of object 'Object Repository/Выполнение бизнес-плана/Выполнение бизнес-плана Балансы/Фильтр Дата' is: '1, 2, 3 кв., Октябрь, Ноябрь 2024 года'

13-01-2025T07:10:44 - [MESSAGE][PASSED] - Text of object 'Object Repository/Выполнение бизнес-плана/Выполнение бизнес-плана Балансы/Фильтр Дата' is: '1, 2, 3 кв., Октябрь, Ноябрь 2024 года'

13-01-2025T07:10:44 - [TEST_STEP][PASSED] - m = m.substring(0, m.indexOf("2024")): null

13-01-2025T07:10:44 - [TEST_STEP][PASSED] - m = m.trim(): null

13-01-2025T07:10:44 - [TEST_STEP][PASSED] - dashboardName = "Выполнение бизнес-плана": null

13-01-2025T07:10:44 - [TEST_STEP][PASSED] - workbook01 = getWorkbook(excelFilePath): null

13-01-2025T07:10:44 - [TEST_STEP][PASSED] - sheet01 = getExcelSheet(workbook01, sheetName): null

13-01-2025T07:10:44 - [TEST_STEP][PASSED] - setValueToCellByIndex(sheet01, n, 0, dashboardName): null

13-01-2025T07:10:44 - [TEST_STEP][PASSED] - setValueToCellByIndex(sheet01, n, 1, dZO): null

13-01-2025T07:10:44 - [TEST_STEP][PASSED] - setValueToCellByIndex(sheet01, n, 2, typeOfData): null

13-01-2025T07:10:44 - [TEST_STEP][PASSED] - setValueToCellByIndex(sheet01, n, 3, typeOfData): null

13-01-2025T07:10:44 - [TEST_STEP][PASSED] - if (typeOfData == "План"): null

13-01-2025T07:10:44 - [TEST_STEP][PASSED] - else if (typeOfData == "Факт"): null

13-01-2025T07:10:44 - [TEST_STEP][PASSED] - else if (vidget.contains("электроэнергии") == true): null

13-01-2025T07:10:44 - [TEST_STEP][PASSED] - if (tabR == null): null

13-01-2025T07:10:44 - [TEST_STEP][PASSED] - else: null

13-01-2025T07:10:44 - [TEST_STEP][PASSED] - if (tabR == "нет данных"): null

13-01-2025T07:10:44 - [TEST_STEP][PASSED] - setValueToCellByIndex(sheet01, n, 4, "нет данных"): null

13-01-2025T07:10:44 - [TEST_STEP][PASSED] - if (tabB == null): null

13-01-2025T07:10:44 - [TEST_STEP][PASSED] - else: null

13-01-2025T07:10:44 - [TEST_STEP][PASSED] - if (tabB == "нет данных"): null

13-01-2025T07:10:44 - [TEST_STEP][PASSED] - setValueToCellByIndex(sheet01, n, 5, "нет данных"): null

13-01-2025T07:10:44 - [TEST_STEP][PASSED] - setValueToCellByIndex(sheet01, n, 6, m): null

13-01-2025T07:10:44 - [TEST_STEP][PASSED] - setValueToCellByIndex(sheet01, n, 7, y): null

13-01-2025T07:10:44 - [TEST_STEP][PASSED] - setValueToCellByIndex(sheet01, n, 8, todaysDate): null

13-01-2025T07:10:44 - [TEST_STEP][PASSED] - n = n + 1: null

13-01-2025T07:10:44 - [TEST_STEP][PASSED] - saveWorkbook(excelFilePath, workbook01): null

13-01-2025T07:10:44 - [TEST_STEP][PASSED] - typeOfData = "План Потери": null

13-01-2025T07:10:44 - [TEST_STEP][PASSED] - tabR = GetPPlanR(x = a): null

13-01-2025T07:10:44 - [TEST_STEP][PASSED] - i1 = <not implemented yet for class: org.codehaus.groovy.ast.expr.EmptyExpression>: null

13-01-2025T07:10:44 - [TEST_STEP][PASSED] - ii = <not implemented yet for class: org.codehaus.groovy.ast.expr.EmptyExpression>: null

13-01-2025T07:10:44 - [TEST_STEP][PASSED] - for ([ii = 1, ii < 9, (ii++)]): null

13-01-2025T07:10:44 - [TEST_STEP][PASSED] - i1 = x.indexOf("/") + 1: null

13-01-2025T07:10:44 - [TEST_STEP][PASSED] - if (i1 > -1): null

13-01-2025T07:10:44 - [TEST_STEP][PASSED] - x = x.substring(i1, x.length()): null

13-01-2025T07:10:44 - [TEST_STEP][PASSED] - println(x): null

13-01-2025T07:10:44 - [TEST_STEP][PASSED] - i1 = x.indexOf("/") + 1: null

13-01-2025T07:10:44 - [TEST_STEP][PASSED] - if (i1 > -1): null

13-01-2025T07:10:44 - [TEST_STEP][PASSED] - x = x.substring(i1, x.length()): null

13-01-2025T07:10:44 - [TEST_STEP][PASSED] - println(x): null

13-01-2025T07:10:44 - [TEST_STEP][PASSED] - i1 = x.indexOf("/") + 1: null

13-01-2025T07:10:44 - [TEST_STEP][PASSED] - if (i1 > -1): null

13-01-2025T07:10:44 - [TEST_STEP][PASSED] - x = x.substring(i1, x.length()): null

13-01-2025T07:10:44 - [TEST_STEP][PASSED] - println(x): null

13-01-2025T07:10:44 - [TEST_STEP][PASSED] - i1 = x.indexOf("/") + 1: null

13-01-2025T07:10:44 - [TEST_STEP][PASSED] - if (i1 > -1): null

13-01-2025T07:10:44 - [TEST_STEP][PASSED] - x = x.substring(i1, x.length()): null

13-01-2025T07:10:44 - [TEST_STEP][PASSED] - println(x): null

13-01-2025T07:10:44 - [TEST_STEP][PASSED] - i1 = x.indexOf("/") + 1: null

13-01-2025T07:10:44 - [TEST_STEP][PASSED] - if (i1 > -1): null

13-01-2025T07:10:44 - [TEST_STEP][PASSED] - x = x.substring(i1, x.length()): null

13-01-2025T07:10:44 - [TEST_STEP][PASSED] - println(x): null

13-01-2025T07:10:44 - [TEST_STEP][PASSED] - i1 = x.indexOf("/") + 1: null

13-01-2025T07:10:44 - [TEST_STEP][PASSED] - if (i1 > -1): null

13-01-2025T07:10:44 - [TEST_STEP][PASSED] - x = x.substring(i1, x.length()): null

13-01-2025T07:10:44 - [TEST_STEP][PASSED] - println(x): null

13-01-2025T07:10:44 - [TEST_STEP][PASSED] - i1 = x.indexOf("/") + 1: null

13-01-2025T07:10:44 - [TEST_STEP][PASSED] - if (i1 > -1): null

13-01-2025T07:10:44 - [TEST_STEP][PASSED] - x = x.substring(i1, x.length()): null

13-01-2025T07:10:44 - [TEST_STEP][PASSED] - println(x): null

13-01-2025T07:10:44 - [TEST_STEP][PASSED] - i1 = x.indexOf("/") + 1: null

13-01-2025T07:10:44 - [TEST_STEP][PASSED] - if (i1 > -1): null

13-01-2025T07:10:44 - [TEST_STEP][PASSED] - x = x.substring(i1, x.length()): null

13-01-2025T07:10:44 - [TEST_STEP][PASSED] - println(x): null

13-01-2025T07:10:44 - [TEST_STEP][PASSED] - i1 = x.indexOf("/"): null

13-01-2025T07:10:44 - [TEST_STEP][PASSED] - if (i1 > -1): null

13-01-2025T07:10:44 - [TEST_STEP][PASSED] - x = x.substring(0, i1): null

13-01-2025T07:10:44 - [TEST_STEP][PASSED] - println(x): null

13-01-2025T07:10:44 - [TEST_STEP][PASSED] - return x: null

13-01-2025T07:10:44 - [TEST_STEP][PASSED] - tabB = GetPPlanB(x = b): null

13-01-2025T07:10:44 - [TEST_STEP][PASSED] - i1 = <not implemented yet for class: org.codehaus.groovy.ast.expr.EmptyExpression>: null

13-01-2025T07:10:44 - [TEST_STEP][PASSED] - ii = <not implemented yet for class: org.codehaus.groovy.ast.expr.EmptyExpression>: null

13-01-2025T07:10:44 - [TEST_STEP][PASSED] - for ([ii = 1, ii < 9, (ii++)]): null

13-01-2025T07:10:44 - [TEST_STEP][PASSED] - i1 = x.indexOf("/") + 1: null

13-01-2025T07:10:44 - [TEST_STEP][PASSED] - if (i1 > -1): null

13-01-2025T07:10:44 - [TEST_STEP][PASSED] - x = x.substring(i1, x.length()): null

13-01-2025T07:10:44 - [TEST_STEP][PASSED] - println(x): null

13-01-2025T07:10:44 - [TEST_STEP][PASSED] - i1 = x.indexOf("/") + 1: null

13-01-2025T07:10:44 - [TEST_STEP][PASSED] - if (i1 > -1): null

13-01-2025T07:10:44 - [TEST_STEP][PASSED] - x = x.substring(i1, x.length()): null

13-01-2025T07:10:44 - [TEST_STEP][PASSED] - println(x): null

13-01-2025T07:10:44 - [TEST_STEP][PASSED] - i1 = x.indexOf("/") + 1: null

13-01-2025T07:10:44 - [TEST_STEP][PASSED] - if (i1 > -1): null

13-01-2025T07:10:44 - [TEST_STEP][PASSED] - x = x.substring(i1, x.length()): null

13-01-2025T07:10:44 - [TEST_STEP][PASSED] - println(x): null

13-01-2025T07:10:44 - [TEST_STEP][PASSED] - i1 = x.indexOf("/") + 1: null

13-01-2025T07:10:44 - [TEST_STEP][PASSED] - if (i1 > -1): null

13-01-2025T07:10:44 - [TEST_STEP][PASSED] - x = x.substring(i1, x.length()): null

13-01-2025T07:10:44 - [TEST_STEP][PASSED] - println(x): null

13-01-2025T07:10:44 - [TEST_STEP][PASSED] - i1 = x.indexOf("/") + 1: null

13-01-2025T07:10:44 - [TEST_STEP][PASSED] - if (i1 > -1): null

13-01-2025T07:10:44 - [TEST_STEP][PASSED] - x = x.substring(i1, x.length()): null

13-01-2025T07:10:44 - [TEST_STEP][PASSED] - println(x): null

13-01-2025T07:10:44 - [TEST_STEP][PASSED] - i1 = x.indexOf("/") + 1: null

13-01-2025T07:10:44 - [TEST_STEP][PASSED] - if (i1 > -1): null

13-01-2025T07:10:44 - [TEST_STEP][PASSED] - x = x.substring(i1, x.length()): null

13-01-2025T07:10:44 - [TEST_STEP][PASSED] - println(x): null

13-01-2025T07:10:44 - [TEST_STEP][PASSED] - i1 = x.indexOf("/") + 1: null

13-01-2025T07:10:44 - [TEST_STEP][PASSED] - if (i1 > -1): null

13-01-2025T07:10:44 - [TEST_STEP][PASSED] - x = x.substring(i1, x.length()): null

13-01-2025T07:10:44 - [TEST_STEP][PASSED] - println(x): null

13-01-2025T07:10:44 - [TEST_STEP][PASSED] - i1 = x.indexOf("/") + 1: null

13-01-2025T07:10:44 - [TEST_STEP][PASSED] - if (i1 > -1): null

13-01-2025T07:10:44 - [TEST_STEP][PASSED] - x = x.substring(i1, x.length()): null

13-01-2025T07:10:44 - [TEST_STEP][PASSED] - println(x): null

13-01-2025T07:10:44 - [TEST_STEP][PASSED] - i1 = x.indexOf("/"): null

13-01-2025T07:10:44 - [TEST_STEP][PASSED] - if (i1 > -1): null

13-01-2025T07:10:44 - [TEST_STEP][PASSED] - x = x.substring(0, i1): null

13-01-2025T07:10:44 - [TEST_STEP][PASSED] - println(x): null

13-01-2025T07:10:44 - [TEST_STEP][FAILED] - return x: null

13-01-2025T07:10:44 - [TEST_STEP][PASSED] - println(tabR + "/" + tabB): null

13-01-2025T07:10:44 - [TEST_STEP][FAILED] - if (verifyEqual(PercFactR, PercFactB) == false): null

13-01-2025T07:10:44 - [MESSAGE][FAILED] - Unable to verify equal between actual object 'нет данных' and expected object '3.68' (Root cause: com.kms.katalon.core.exception.StepFailedException: Actual object 'нет данных' and expected object '3.68' are not equal
	at com.kms.katalon.core.keyword.builtin.VerifyEqualKeyword$_verifyEqual_closure1.doCall(VerifyEqualKeyword.groovy:58)
	at com.kms.katalon.core.keyword.builtin.VerifyEqualKeyword$_verifyEqual_closure1.call(VerifyEqualKeyword.groovy)
	at com.kms.katalon.core.keyword.internal.KeywordMain.runKeyword(KeywordMain.groovy:75)
	at com.kms.katalon.core.keyword.builtin.VerifyEqualKeyword.verifyEqual(VerifyEqualKeyword.groovy:63)
	at com.kms.katalon.core.keyword.builtin.VerifyEqualKeyword.execute(VerifyEqualKeyword.groovy:44)
	at com.kms.katalon.core.keyword.internal.KeywordExecutor.executeKeywordForPlatform(KeywordExecutor.groovy:74)
	at com.kms.katalon.core.keyword.BuiltinKeywords.verifyEqual(BuiltinKeywords.groovy:146)
	at jdk.internal.reflect.GeneratedMethodAccessor25.invoke(Unknown Source)
	at java.base/jdk.internal.reflect.DelegatingMethodAccessorImpl.invoke(DelegatingMethodAccessorImpl.java:43)
	at Выполнение бизнес-плана сверка дашбордов - Copy.CompareDZOData(Выполнение бизнес-плана сверка дашбордов - Copy:771)
	at Выполнение бизнес-плана сверка дашбордов - Copy.run(Выполнение бизнес-плана сверка дашбордов - Copy:583)
	at com.kms.katalon.core.main.ScriptEngine.run(ScriptEngine.java:194)
	at com.kms.katalon.core.main.ScriptEngine.runScriptAsRawText(ScriptEngine.java:119)
	at com.kms.katalon.core.main.TestCaseExecutor.runScript(TestCaseExecutor.java:448)
	at com.kms.katalon.core.main.TestCaseExecutor.doExecute(TestCaseExecutor.java:439)
	at com.kms.katalon.core.main.TestCaseExecutor.processExecutionPhase(TestCaseExecutor.java:418)
	at com.kms.katalon.core.main.TestCaseExecutor.accessMainPhase(TestCaseExecutor.java:410)
	at com.kms.katalon.core.main.TestCaseExecutor.execute(TestCaseExecutor.java:285)
	at com.kms.katalon.core.common.CommonExecutor.accessTestCaseMainPhase(CommonExecutor.java:65)
	at com.kms.katalon.core.main.TestSuiteExecutor.accessTestSuiteMainPhase(TestSuiteExecutor.java:150)
	at com.kms.katalon.core.main.TestSuiteExecutor.execute(TestSuiteExecutor.java:106)
	at com.kms.katalon.core.main.TestCaseMain.startTestSuite(TestCaseMain.java:180)
	at TempTestSuite1736740835951.run(TempTestSuite1736740835951.groovy:35)
	at java.base/jdk.internal.reflect.NativeMethodAccessorImpl.invoke0(Native Method)
	at java.base/jdk.internal.reflect.NativeMethodAccessorImpl.invoke(NativeMethodAccessorImpl.java:77)
	at java.base/jdk.internal.reflect.DelegatingMethodAccessorImpl.invoke(DelegatingMethodAccessorImpl.java:43)
)

13-01-2025T07:10:44 - [TEST_STEP][PASSED] - result = WriteToExcel(typeOfData, todaysDate, PercPlanR, PercPlanB, PercFactR, PercFactB, x, tabR, tabB, o1R, o1B, vidget): null

13-01-2025T07:10:44 - [TEST_STEP][PASSED] - iii = dZO.indexOf("/"): null

13-01-2025T07:10:44 - [TEST_STEP][PASSED] - println(iii): null

13-01-2025T07:10:44 - [TEST_STEP][PASSED] - dZO = dZO.substring(0, iii): null

13-01-2025T07:10:44 - [TEST_STEP][PASSED] - println(dZO): null

13-01-2025T07:10:44 - [TEST_STEP][PASSED] - println(PercPlanR): null

13-01-2025T07:10:44 - [TEST_STEP][PASSED] - println(PercPlanB): null

13-01-2025T07:10:44 - [TEST_STEP][PASSED] - println(PercFactR): null

13-01-2025T07:10:44 - [TEST_STEP][PASSED] - println(PercFactB): null

13-01-2025T07:10:44 - [TEST_STEP][PASSED] - println(tabR): null

13-01-2025T07:10:44 - [TEST_STEP][PASSED] - println(tabB): null

13-01-2025T07:10:44 - [TEST_STEP][PASSED] - println(o1R): null

13-01-2025T07:10:44 - [TEST_STEP][PASSED] - println(o1B): null

13-01-2025T07:10:44 - [TEST_STEP][PASSED] - PR = <not implemented yet for class: org.codehaus.groovy.ast.expr.EmptyExpression>: null

13-01-2025T07:10:44 - [TEST_STEP][PASSED] - FR = <not implemented yet for class: org.codehaus.groovy.ast.expr.EmptyExpression>: null

13-01-2025T07:10:44 - [TEST_STEP][PASSED] - PB = <not implemented yet for class: org.codehaus.groovy.ast.expr.EmptyExpression>: null

13-01-2025T07:10:44 - [TEST_STEP][PASSED] - FB = <not implemented yet for class: org.codehaus.groovy.ast.expr.EmptyExpression>: null

13-01-2025T07:10:44 - [TEST_STEP][PASSED] - TR = <not implemented yet for class: org.codehaus.groovy.ast.expr.EmptyExpression>: null

13-01-2025T07:10:44 - [TEST_STEP][PASSED] - TB = <not implemented yet for class: org.codehaus.groovy.ast.expr.EmptyExpression>: null

13-01-2025T07:10:44 - [TEST_STEP][PASSED] - sheetName = "Sheet1": null

13-01-2025T07:10:44 - [TEST_STEP][PASSED] - data = findTestData("PlanFact"): null

13-01-2025T07:10:44 - [TEST_STEP][PASSED] - n = data.getRowNumbers() + 1: null

13-01-2025T07:10:44 - [TEST_STEP][PASSED] - year = todaysDate.substring(todaysDate.length() - 4, todaysDate.length()): null

13-01-2025T07:10:44 - [TEST_STEP][PASSED] - y = year.toInteger(): null

13-01-2025T07:10:44 - [TEST_STEP][PASSED] - m = getText(findTestObject("Выполнение бизнес-плана/Выполнение бизнес-плана Балансы/Фильтр Дата")): Text of object 'Object Repository/Выполнение бизнес-плана/Выполнение бизнес-плана Балансы/Фильтр Дата' is: '1, 2, 3 кв., Октябрь, Ноябрь 2024 года'

13-01-2025T07:10:44 - [MESSAGE][PASSED] - Text of object 'Object Repository/Выполнение бизнес-плана/Выполнение бизнес-плана Балансы/Фильтр Дата' is: '1, 2, 3 кв., Октябрь, Ноябрь 2024 года'

13-01-2025T07:10:44 - [TEST_STEP][PASSED] - m = m.substring(0, m.indexOf("2024")): null

13-01-2025T07:10:44 - [TEST_STEP][PASSED] - m = m.trim(): null

13-01-2025T07:10:44 - [TEST_STEP][PASSED] - dashboardName = "Выполнение бизнес-плана": null

13-01-2025T07:10:44 - [TEST_STEP][PASSED] - workbook01 = getWorkbook(excelFilePath): null

13-01-2025T07:10:44 - [TEST_STEP][PASSED] - sheet01 = getExcelSheet(workbook01, sheetName): null

13-01-2025T07:10:44 - [TEST_STEP][PASSED] - setValueToCellByIndex(sheet01, n, 0, dashboardName): null

13-01-2025T07:10:44 - [TEST_STEP][PASSED] - setValueToCellByIndex(sheet01, n, 1, dZO): null

13-01-2025T07:10:44 - [TEST_STEP][PASSED] - setValueToCellByIndex(sheet01, n, 2, typeOfData): null

13-01-2025T07:10:44 - [TEST_STEP][PASSED] - setValueToCellByIndex(sheet01, n, 3, typeOfData): null

13-01-2025T07:10:44 - [TEST_STEP][PASSED] - if (typeOfData == "План"): null

13-01-2025T07:10:44 - [TEST_STEP][PASSED] - else if (typeOfData == "Факт"): null

13-01-2025T07:10:44 - [TEST_STEP][PASSED] - else if (vidget.contains("электроэнергии") == true): null

13-01-2025T07:10:44 - [TEST_STEP][PASSED] - if (tabR == null): null

13-01-2025T07:10:44 - [TEST_STEP][PASSED] - else: null

13-01-2025T07:10:44 - [TEST_STEP][PASSED] - if (tabR == "нет данных"): null

13-01-2025T07:10:44 - [TEST_STEP][PASSED] - setValueToCellByIndex(sheet01, n, 4, "нет данных"): null

13-01-2025T07:10:44 - [TEST_STEP][PASSED] - if (tabB == null): null

13-01-2025T07:10:44 - [TEST_STEP][PASSED] - else: null

13-01-2025T07:10:44 - [TEST_STEP][PASSED] - if (tabB == "нет данных"): null

13-01-2025T07:10:44 - [TEST_STEP][PASSED] - setValueToCellByIndex(sheet01, n, 5, "нет данных"): null

13-01-2025T07:10:44 - [TEST_STEP][PASSED] - setValueToCellByIndex(sheet01, n, 6, m): null

13-01-2025T07:10:44 - [TEST_STEP][PASSED] - setValueToCellByIndex(sheet01, n, 7, y): null

13-01-2025T07:10:44 - [TEST_STEP][PASSED] - setValueToCellByIndex(sheet01, n, 8, todaysDate): null

13-01-2025T07:10:44 - [TEST_STEP][PASSED] - n = n + 1: null

13-01-2025T07:10:44 - [TEST_STEP][PASSED] - saveWorkbook(excelFilePath, workbook01): null

13-01-2025T07:10:45 - [TEST_STEP][PASSED] - ii2 = a.indexOf("ПАО"): null

13-01-2025T07:10:45 - [TEST_STEP][PASSED] - if (ii2 == -1): null

13-01-2025T07:10:45 - [TEST_STEP][PASSED] - vidget = "Отклонения фактического уровня потерь от бизнес-плана": null

13-01-2025T07:10:45 - [TEST_STEP][PASSED] - typeOfData = "Коэффициент": null

13-01-2025T07:10:45 - [TEST_STEP][PASSED] - o1R = Geto1R(x = a): null

13-01-2025T07:10:45 - [TEST_STEP][PASSED] - i1 = <not implemented yet for class: org.codehaus.groovy.ast.expr.EmptyExpression>: null

13-01-2025T07:10:45 - [TEST_STEP][PASSED] - ii = <not implemented yet for class: org.codehaus.groovy.ast.expr.EmptyExpression>: null

13-01-2025T07:10:45 - [TEST_STEP][PASSED] - for ([ii = 1, ii < 10, (ii++)]): null

13-01-2025T07:10:45 - [TEST_STEP][PASSED] - i1 = x.indexOf("/") + 1: null

13-01-2025T07:10:45 - [TEST_STEP][PASSED] - if (i1 > -1): null

13-01-2025T07:10:45 - [TEST_STEP][PASSED] - x = x.substring(i1, x.length()): null

13-01-2025T07:10:45 - [TEST_STEP][PASSED] - i1 = x.indexOf("/") + 1: null

13-01-2025T07:10:45 - [TEST_STEP][PASSED] - if (i1 > -1): null

13-01-2025T07:10:45 - [TEST_STEP][PASSED] - x = x.substring(i1, x.length()): null

13-01-2025T07:10:45 - [TEST_STEP][PASSED] - i1 = x.indexOf("/") + 1: null

13-01-2025T07:10:45 - [TEST_STEP][PASSED] - if (i1 > -1): null

13-01-2025T07:10:45 - [TEST_STEP][PASSED] - x = x.substring(i1, x.length()): null

13-01-2025T07:10:45 - [TEST_STEP][PASSED] - i1 = x.indexOf("/") + 1: null

13-01-2025T07:10:45 - [TEST_STEP][PASSED] - if (i1 > -1): null

13-01-2025T07:10:45 - [TEST_STEP][PASSED] - x = x.substring(i1, x.length()): null

13-01-2025T07:10:45 - [TEST_STEP][PASSED] - i1 = x.indexOf("/") + 1: null

13-01-2025T07:10:45 - [TEST_STEP][PASSED] - if (i1 > -1): null

13-01-2025T07:10:45 - [TEST_STEP][PASSED] - x = x.substring(i1, x.length()): null

13-01-2025T07:10:45 - [TEST_STEP][PASSED] - i1 = x.indexOf("/") + 1: null

13-01-2025T07:10:45 - [TEST_STEP][PASSED] - if (i1 > -1): null

13-01-2025T07:10:45 - [TEST_STEP][PASSED] - x = x.substring(i1, x.length()): null

13-01-2025T07:10:45 - [TEST_STEP][PASSED] - i1 = x.indexOf("/") + 1: null

13-01-2025T07:10:45 - [TEST_STEP][PASSED] - if (i1 > -1): null

13-01-2025T07:10:45 - [TEST_STEP][PASSED] - x = x.substring(i1, x.length()): null

13-01-2025T07:10:45 - [TEST_STEP][PASSED] - i1 = x.indexOf("/") + 1: null

13-01-2025T07:10:45 - [TEST_STEP][PASSED] - if (i1 > -1): null

13-01-2025T07:10:45 - [TEST_STEP][PASSED] - x = x.substring(i1, x.length()): null

13-01-2025T07:10:45 - [TEST_STEP][PASSED] - i1 = x.indexOf("/") + 1: null

13-01-2025T07:10:45 - [TEST_STEP][PASSED] - if (i1 > -1): null

13-01-2025T07:10:45 - [TEST_STEP][PASSED] - x = x.substring(i1, x.length()): null

13-01-2025T07:10:45 - [TEST_STEP][PASSED] - i1 = x.indexOf("/"): null

13-01-2025T07:10:45 - [TEST_STEP][PASSED] - if (i1 > -1): null

13-01-2025T07:10:45 - [TEST_STEP][PASSED] - println(x): null

13-01-2025T07:10:45 - [TEST_STEP][PASSED] - return x: null

13-01-2025T07:10:45 - [TEST_STEP][PASSED] - o1B = Geto1B(x = b): null

13-01-2025T07:10:45 - [TEST_STEP][PASSED] - i1 = <not implemented yet for class: org.codehaus.groovy.ast.expr.EmptyExpression>: null

13-01-2025T07:10:45 - [TEST_STEP][PASSED] - ii = <not implemented yet for class: org.codehaus.groovy.ast.expr.EmptyExpression>: null

13-01-2025T07:10:45 - [TEST_STEP][PASSED] - for ([ii = 1, ii < 10, (ii++)]): null

13-01-2025T07:10:45 - [TEST_STEP][PASSED] - i1 = x.indexOf("/") + 1: null

13-01-2025T07:10:45 - [TEST_STEP][PASSED] - if (i1 > -1): null

13-01-2025T07:10:45 - [TEST_STEP][PASSED] - x = x.substring(i1, x.length()): null

13-01-2025T07:10:45 - [TEST_STEP][PASSED] - i1 = x.indexOf("/") + 1: null

13-01-2025T07:10:45 - [TEST_STEP][PASSED] - if (i1 > -1): null

13-01-2025T07:10:45 - [TEST_STEP][PASSED] - x = x.substring(i1, x.length()): null

13-01-2025T07:10:45 - [TEST_STEP][PASSED] - i1 = x.indexOf("/") + 1: null

13-01-2025T07:10:45 - [TEST_STEP][PASSED] - if (i1 > -1): null

13-01-2025T07:10:45 - [TEST_STEP][PASSED] - x = x.substring(i1, x.length()): null

13-01-2025T07:10:45 - [TEST_STEP][PASSED] - i1 = x.indexOf("/") + 1: null

13-01-2025T07:10:45 - [TEST_STEP][PASSED] - if (i1 > -1): null

13-01-2025T07:10:45 - [TEST_STEP][PASSED] - x = x.substring(i1, x.length()): null

13-01-2025T07:10:45 - [TEST_STEP][PASSED] - i1 = x.indexOf("/") + 1: null

13-01-2025T07:10:45 - [TEST_STEP][PASSED] - if (i1 > -1): null

13-01-2025T07:10:45 - [TEST_STEP][PASSED] - x = x.substring(i1, x.length()): null

13-01-2025T07:10:45 - [TEST_STEP][PASSED] - i1 = x.indexOf("/") + 1: null

13-01-2025T07:10:45 - [TEST_STEP][PASSED] - if (i1 > -1): null

13-01-2025T07:10:45 - [TEST_STEP][PASSED] - x = x.substring(i1, x.length()): null

13-01-2025T07:10:45 - [TEST_STEP][PASSED] - i1 = x.indexOf("/") + 1: null

13-01-2025T07:10:45 - [TEST_STEP][PASSED] - if (i1 > -1): null

13-01-2025T07:10:45 - [TEST_STEP][PASSED] - x = x.substring(i1, x.length()): null

13-01-2025T07:10:45 - [TEST_STEP][PASSED] - i1 = x.indexOf("/") + 1: null

13-01-2025T07:10:45 - [TEST_STEP][PASSED] - if (i1 > -1): null

13-01-2025T07:10:45 - [TEST_STEP][PASSED] - x = x.substring(i1, x.length()): null

13-01-2025T07:10:45 - [TEST_STEP][PASSED] - i1 = x.indexOf("/") + 1: null

13-01-2025T07:10:45 - [TEST_STEP][PASSED] - if (i1 > -1): null

13-01-2025T07:10:45 - [TEST_STEP][PASSED] - x = x.substring(i1, x.length()): null

13-01-2025T07:10:45 - [TEST_STEP][PASSED] - i1 = x.indexOf("/"): null

13-01-2025T07:10:45 - [TEST_STEP][PASSED] - if (i1 > -1): null

13-01-2025T07:10:45 - [TEST_STEP][PASSED] - println(x): null

13-01-2025T07:10:45 - [TEST_STEP][FAILED] - return x: null

13-01-2025T07:10:45 - [TEST_STEP][PASSED] - println(o1R + "/" + o1B): null

13-01-2025T07:10:45 - [TEST_STEP][FAILED] - if (verifyEqual(PercFactR, PercFactB) == false): null

13-01-2025T07:10:45 - [MESSAGE][FAILED] - Unable to verify equal between actual object 'нет данных' and expected object '3.68' (Root cause: com.kms.katalon.core.exception.StepFailedException: Actual object 'нет данных' and expected object '3.68' are not equal
	at com.kms.katalon.core.keyword.builtin.VerifyEqualKeyword$_verifyEqual_closure1.doCall(VerifyEqualKeyword.groovy:58)
	at com.kms.katalon.core.keyword.builtin.VerifyEqualKeyword$_verifyEqual_closure1.call(VerifyEqualKeyword.groovy)
	at com.kms.katalon.core.keyword.internal.KeywordMain.runKeyword(KeywordMain.groovy:75)
	at com.kms.katalon.core.keyword.builtin.VerifyEqualKeyword.verifyEqual(VerifyEqualKeyword.groovy:63)
	at com.kms.katalon.core.keyword.builtin.VerifyEqualKeyword.execute(VerifyEqualKeyword.groovy:44)
	at com.kms.katalon.core.keyword.internal.KeywordExecutor.executeKeywordForPlatform(KeywordExecutor.groovy:74)
	at com.kms.katalon.core.keyword.BuiltinKeywords.verifyEqual(BuiltinKeywords.groovy:146)
	at jdk.internal.reflect.GeneratedMethodAccessor25.invoke(Unknown Source)
	at java.base/jdk.internal.reflect.DelegatingMethodAccessorImpl.invoke(DelegatingMethodAccessorImpl.java:43)
	at Выполнение бизнес-плана сверка дашбордов - Copy.CompareDZOData(Выполнение бизнес-плана сверка дашбордов - Copy:789)
	at Выполнение бизнес-плана сверка дашбордов - Copy.run(Выполнение бизнес-плана сверка дашбордов - Copy:583)
	at com.kms.katalon.core.main.ScriptEngine.run(ScriptEngine.java:194)
	at com.kms.katalon.core.main.ScriptEngine.runScriptAsRawText(ScriptEngine.java:119)
	at com.kms.katalon.core.main.TestCaseExecutor.runScript(TestCaseExecutor.java:448)
	at com.kms.katalon.core.main.TestCaseExecutor.doExecute(TestCaseExecutor.java:439)
	at com.kms.katalon.core.main.TestCaseExecutor.processExecutionPhase(TestCaseExecutor.java:418)
	at com.kms.katalon.core.main.TestCaseExecutor.accessMainPhase(TestCaseExecutor.java:410)
	at com.kms.katalon.core.main.TestCaseExecutor.execute(TestCaseExecutor.java:285)
	at com.kms.katalon.core.common.CommonExecutor.accessTestCaseMainPhase(CommonExecutor.java:65)
	at com.kms.katalon.core.main.TestSuiteExecutor.accessTestSuiteMainPhase(TestSuiteExecutor.java:150)
	at com.kms.katalon.core.main.TestSuiteExecutor.execute(TestSuiteExecutor.java:106)
	at com.kms.katalon.core.main.TestCaseMain.startTestSuite(TestCaseMain.java:180)
	at TempTestSuite1736740835951.run(TempTestSuite1736740835951.groovy:35)
	at java.base/jdk.internal.reflect.NativeMethodAccessorImpl.invoke0(Native Method)
	at java.base/jdk.internal.reflect.NativeMethodAccessorImpl.invoke(NativeMethodAccessorImpl.java:77)
	at java.base/jdk.internal.reflect.DelegatingMethodAccessorImpl.invoke(DelegatingMethodAccessorImpl.java:43)
)

13-01-2025T07:10:45 - [TEST_STEP][PASSED] - result = WriteToExcel(typeOfData, todaysDate, PercPlanR, PercPlanB, PercFactR, PercFactB, x, tabR, tabB, o1R, o1B, vidget): null

13-01-2025T07:10:45 - [TEST_STEP][PASSED] - iii = dZO.indexOf("/"): null

13-01-2025T07:10:45 - [TEST_STEP][PASSED] - println(iii): null

13-01-2025T07:10:45 - [TEST_STEP][PASSED] - dZO = dZO.substring(0, iii): null

13-01-2025T07:10:45 - [TEST_STEP][PASSED] - println(dZO): null

13-01-2025T07:10:45 - [TEST_STEP][PASSED] - println(PercPlanR): null

13-01-2025T07:10:45 - [TEST_STEP][PASSED] - println(PercPlanB): null

13-01-2025T07:10:45 - [TEST_STEP][PASSED] - println(PercFactR): null

13-01-2025T07:10:45 - [TEST_STEP][PASSED] - println(PercFactB): null

13-01-2025T07:10:45 - [TEST_STEP][PASSED] - println(tabR): null

13-01-2025T07:10:45 - [TEST_STEP][PASSED] - println(tabB): null

13-01-2025T07:10:45 - [TEST_STEP][PASSED] - println(o1R): null

13-01-2025T07:10:45 - [TEST_STEP][PASSED] - println(o1B): null

13-01-2025T07:10:45 - [TEST_STEP][PASSED] - PR = <not implemented yet for class: org.codehaus.groovy.ast.expr.EmptyExpression>: null

13-01-2025T07:10:45 - [TEST_STEP][PASSED] - FR = <not implemented yet for class: org.codehaus.groovy.ast.expr.EmptyExpression>: null

13-01-2025T07:10:45 - [TEST_STEP][PASSED] - PB = <not implemented yet for class: org.codehaus.groovy.ast.expr.EmptyExpression>: null

13-01-2025T07:10:45 - [TEST_STEP][PASSED] - FB = <not implemented yet for class: org.codehaus.groovy.ast.expr.EmptyExpression>: null

13-01-2025T07:10:45 - [TEST_STEP][PASSED] - TR = <not implemented yet for class: org.codehaus.groovy.ast.expr.EmptyExpression>: null

13-01-2025T07:10:45 - [TEST_STEP][PASSED] - TB = <not implemented yet for class: org.codehaus.groovy.ast.expr.EmptyExpression>: null

13-01-2025T07:10:45 - [TEST_STEP][PASSED] - sheetName = "Sheet1": null

13-01-2025T07:10:45 - [TEST_STEP][PASSED] - data = findTestData("PlanFact"): null

13-01-2025T07:10:45 - [TEST_STEP][PASSED] - n = data.getRowNumbers() + 1: null

13-01-2025T07:10:45 - [TEST_STEP][PASSED] - year = todaysDate.substring(todaysDate.length() - 4, todaysDate.length()): null

13-01-2025T07:10:45 - [TEST_STEP][PASSED] - y = year.toInteger(): null

13-01-2025T07:10:45 - [TEST_STEP][PASSED] - m = getText(findTestObject("Выполнение бизнес-плана/Выполнение бизнес-плана Балансы/Фильтр Дата")): Text of object 'Object Repository/Выполнение бизнес-плана/Выполнение бизнес-плана Балансы/Фильтр Дата' is: '1, 2, 3 кв., Октябрь, Ноябрь 2024 года'

13-01-2025T07:10:45 - [MESSAGE][PASSED] - Text of object 'Object Repository/Выполнение бизнес-плана/Выполнение бизнес-плана Балансы/Фильтр Дата' is: '1, 2, 3 кв., Октябрь, Ноябрь 2024 года'

13-01-2025T07:10:45 - [TEST_STEP][PASSED] - m = m.substring(0, m.indexOf("2024")): null

13-01-2025T07:10:45 - [TEST_STEP][PASSED] - m = m.trim(): null

13-01-2025T07:10:45 - [TEST_STEP][PASSED] - dashboardName = "Выполнение бизнес-плана": null

13-01-2025T07:10:45 - [TEST_STEP][PASSED] - workbook01 = getWorkbook(excelFilePath): null

13-01-2025T07:10:45 - [TEST_STEP][PASSED] - sheet01 = getExcelSheet(workbook01, sheetName): null

13-01-2025T07:10:45 - [TEST_STEP][PASSED] - setValueToCellByIndex(sheet01, n, 0, dashboardName): null

13-01-2025T07:10:45 - [TEST_STEP][PASSED] - setValueToCellByIndex(sheet01, n, 1, dZO): null

13-01-2025T07:10:45 - [TEST_STEP][PASSED] - setValueToCellByIndex(sheet01, n, 2, typeOfData): null

13-01-2025T07:10:45 - [TEST_STEP][PASSED] - setValueToCellByIndex(sheet01, n, 3, typeOfData): null

13-01-2025T07:10:45 - [TEST_STEP][PASSED] - if (typeOfData == "План"): null

13-01-2025T07:10:45 - [TEST_STEP][PASSED] - else if (typeOfData == "Факт"): null

13-01-2025T07:10:45 - [TEST_STEP][PASSED] - else if (vidget.contains("электроэнергии") == true): null

13-01-2025T07:10:45 - [TEST_STEP][PASSED] - else: null

13-01-2025T07:10:45 - [TEST_STEP][PASSED] - if (o1R == null): null

13-01-2025T07:10:45 - [TEST_STEP][PASSED] - else: null

13-01-2025T07:10:45 - [TEST_STEP][PASSED] - if (o1R == "нет данных"): null

13-01-2025T07:10:45 - [TEST_STEP][PASSED] - setValueToCellByIndex(sheet01, n, 4, "нет данных"): null

13-01-2025T07:10:45 - [TEST_STEP][PASSED] - if (o1B == null): null

13-01-2025T07:10:45 - [TEST_STEP][PASSED] - else: null

13-01-2025T07:10:45 - [TEST_STEP][PASSED] - if (o1B == "нет данных"): null

13-01-2025T07:10:45 - [TEST_STEP][PASSED] - else: null

13-01-2025T07:10:45 - [TEST_STEP][PASSED] - FB = o1B.toDouble(): null

13-01-2025T07:10:45 - [TEST_STEP][PASSED] - setValueToCellByIndex(sheet01, n, 5, FB): null

13-01-2025T07:10:45 - [TEST_STEP][PASSED] - setValueToCellByIndex(sheet01, n, 6, m): null

13-01-2025T07:10:45 - [TEST_STEP][PASSED] - setValueToCellByIndex(sheet01, n, 7, y): null

13-01-2025T07:10:45 - [TEST_STEP][PASSED] - setValueToCellByIndex(sheet01, n, 8, todaysDate): null

13-01-2025T07:10:45 - [TEST_STEP][PASSED] - n = n + 1: null

13-01-2025T07:10:45 - [TEST_STEP][FAILED] - saveWorkbook(excelFilePath, workbook01): null

13-01-2025T07:10:45 - [TEST_STEP][FAILED] - if (verifyEqual(tyR, tyB) == false): null

13-01-2025T07:10:45 - [MESSAGE][FAILED] - Unable to verify equal between actual object 'АО "Тываэнерго"/21.24/21.17/642168/506218/135950/608287/479095/129192/-0.07' and expected object 'АО "Тываэнерго"/21.24/21.17/642168/506218/135950/3403997/нет данных/нет данных/-0.07' (Root cause: com.kms.katalon.core.exception.StepFailedException: Actual object 'АО "Тываэнерго"/21.24/21.17/642168/506218/135950/608287/479095/129192/-0.07' and expected object 'АО "Тываэнерго"/21.24/21.17/642168/506218/135950/3403997/нет данных/нет данных/-0.07' are not equal
	at com.kms.katalon.core.keyword.builtin.VerifyEqualKeyword$_verifyEqual_closure1.doCall(VerifyEqualKeyword.groovy:58)
	at com.kms.katalon.core.keyword.builtin.VerifyEqualKeyword$_verifyEqual_closure1.call(VerifyEqualKeyword.groovy)
	at com.kms.katalon.core.keyword.internal.KeywordMain.runKeyword(KeywordMain.groovy:75)
	at com.kms.katalon.core.keyword.builtin.VerifyEqualKeyword.verifyEqual(VerifyEqualKeyword.groovy:63)
	at com.kms.katalon.core.keyword.builtin.VerifyEqualKeyword.execute(VerifyEqualKeyword.groovy:44)
	at com.kms.katalon.core.keyword.internal.KeywordExecutor.executeKeywordForPlatform(KeywordExecutor.groovy:74)
	at com.kms.katalon.core.keyword.BuiltinKeywords.verifyEqual(BuiltinKeywords.groovy:146)
	at jdk.internal.reflect.GeneratedMethodAccessor25.invoke(Unknown Source)
	at java.base/jdk.internal.reflect.DelegatingMethodAccessorImpl.invoke(DelegatingMethodAccessorImpl.java:43)
	at Выполнение бизнес-плана сверка дашбордов - Copy.run(Выполнение бизнес-плана сверка дашбордов - Copy:587)
	at com.kms.katalon.core.main.ScriptEngine.run(ScriptEngine.java:194)
	at com.kms.katalon.core.main.ScriptEngine.runScriptAsRawText(ScriptEngine.java:119)
	at com.kms.katalon.core.main.TestCaseExecutor.runScript(TestCaseExecutor.java:448)
	at com.kms.katalon.core.main.TestCaseExecutor.doExecute(TestCaseExecutor.java:439)
	at com.kms.katalon.core.main.TestCaseExecutor.processExecutionPhase(TestCaseExecutor.java:418)
	at com.kms.katalon.core.main.TestCaseExecutor.accessMainPhase(TestCaseExecutor.java:410)
	at com.kms.katalon.core.main.TestCaseExecutor.execute(TestCaseExecutor.java:285)
	at com.kms.katalon.core.common.CommonExecutor.accessTestCaseMainPhase(CommonExecutor.java:65)
	at com.kms.katalon.core.main.TestSuiteExecutor.accessTestSuiteMainPhase(TestSuiteExecutor.java:150)
	at com.kms.katalon.core.main.TestSuiteExecutor.execute(TestSuiteExecutor.java:106)
	at com.kms.katalon.core.main.TestCaseMain.startTestSuite(TestCaseMain.java:180)
	at TempTestSuite1736740835951.run(TempTestSuite1736740835951.groovy:35)
	at java.base/jdk.internal.reflect.NativeMethodAccessorImpl.invoke0(Native Method)
	at java.base/jdk.internal.reflect.NativeMethodAccessorImpl.invoke(NativeMethodAccessorImpl.java:77)
	at java.base/jdk.internal.reflect.DelegatingMethodAccessorImpl.invoke(DelegatingMethodAccessorImpl.java:43)
)

13-01-2025T07:10:45 - [TEST_STEP][PASSED] - result = CompareDZOData(a = tyR, b = tyB, dZO, typeOfData, PercPlanR, PercPlanB, PercFactR, PercFactB, todaysDate, x, vidget, tabR, tabB, o1R, o1B): null

13-01-2025T07:10:45 - [TEST_STEP][PASSED] - ii2 = <not implemented yet for class: org.codehaus.groovy.ast.expr.EmptyExpression>: null

13-01-2025T07:10:45 - [TEST_STEP][FAILED] - if (verifyEqual(a, b) == false): null

13-01-2025T07:10:45 - [MESSAGE][FAILED] - Unable to verify equal between actual object 'АО "Тываэнерго"/21.24/21.17/642168/506218/135950/608287/479095/129192/-0.07' and expected object 'АО "Тываэнерго"/21.24/21.17/642168/506218/135950/3403997/нет данных/нет данных/-0.07' (Root cause: com.kms.katalon.core.exception.StepFailedException: Actual object 'АО "Тываэнерго"/21.24/21.17/642168/506218/135950/608287/479095/129192/-0.07' and expected object 'АО "Тываэнерго"/21.24/21.17/642168/506218/135950/3403997/нет данных/нет данных/-0.07' are not equal
	at com.kms.katalon.core.keyword.builtin.VerifyEqualKeyword$_verifyEqual_closure1.doCall(VerifyEqualKeyword.groovy:58)
	at com.kms.katalon.core.keyword.builtin.VerifyEqualKeyword$_verifyEqual_closure1.call(VerifyEqualKeyword.groovy)
	at com.kms.katalon.core.keyword.internal.KeywordMain.runKeyword(KeywordMain.groovy:75)
	at com.kms.katalon.core.keyword.builtin.VerifyEqualKeyword.verifyEqual(VerifyEqualKeyword.groovy:63)
	at com.kms.katalon.core.keyword.builtin.VerifyEqualKeyword.execute(VerifyEqualKeyword.groovy:44)
	at com.kms.katalon.core.keyword.internal.KeywordExecutor.executeKeywordForPlatform(KeywordExecutor.groovy:74)
	at com.kms.katalon.core.keyword.BuiltinKeywords.verifyEqual(BuiltinKeywords.groovy:146)
	at jdk.internal.reflect.GeneratedMethodAccessor25.invoke(Unknown Source)
	at java.base/jdk.internal.reflect.DelegatingMethodAccessorImpl.invoke(DelegatingMethodAccessorImpl.java:43)
	at Выполнение бизнес-плана сверка дашбордов - Copy.CompareDZOData(Выполнение бизнес-плана сверка дашбордов - Copy:673)
	at Выполнение бизнес-плана сверка дашбордов - Copy.run(Выполнение бизнес-плана сверка дашбордов - Copy:588)
	at com.kms.katalon.core.main.ScriptEngine.run(ScriptEngine.java:194)
	at com.kms.katalon.core.main.ScriptEngine.runScriptAsRawText(ScriptEngine.java:119)
	at com.kms.katalon.core.main.TestCaseExecutor.runScript(TestCaseExecutor.java:448)
	at com.kms.katalon.core.main.TestCaseExecutor.doExecute(TestCaseExecutor.java:439)
	at com.kms.katalon.core.main.TestCaseExecutor.processExecutionPhase(TestCaseExecutor.java:418)
	at com.kms.katalon.core.main.TestCaseExecutor.accessMainPhase(TestCaseExecutor.java:410)
	at com.kms.katalon.core.main.TestCaseExecutor.execute(TestCaseExecutor.java:285)
	at com.kms.katalon.core.common.CommonExecutor.accessTestCaseMainPhase(CommonExecutor.java:65)
	at com.kms.katalon.core.main.TestSuiteExecutor.accessTestSuiteMainPhase(TestSuiteExecutor.java:150)
	at com.kms.katalon.core.main.TestSuiteExecutor.execute(TestSuiteExecutor.java:106)
	at com.kms.katalon.core.main.TestCaseMain.startTestSuite(TestCaseMain.java:180)
	at TempTestSuite1736740835951.run(TempTestSuite1736740835951.groovy:35)
	at java.base/jdk.internal.reflect.NativeMethodAccessorImpl.invoke0(Native Method)
	at java.base/jdk.internal.reflect.NativeMethodAccessorImpl.invoke(NativeMethodAccessorImpl.java:77)
	at java.base/jdk.internal.reflect.DelegatingMethodAccessorImpl.invoke(DelegatingMethodAccessorImpl.java:43)
)

13-01-2025T07:10:45 - [TEST_STEP][PASSED] - vidget = "Уровень потерь электроэнергии": null

13-01-2025T07:10:45 - [TEST_STEP][PASSED] - typeOfData = "План": null

13-01-2025T07:10:45 - [TEST_STEP][PASSED] - PercPlanR = GetPercPlanR(x = a): null

13-01-2025T07:10:45 - [TEST_STEP][PASSED] - i1 = <not implemented yet for class: org.codehaus.groovy.ast.expr.EmptyExpression>: null

13-01-2025T07:10:45 - [TEST_STEP][PASSED] - i1 = x.indexOf("/") + 1: null

13-01-2025T07:10:45 - [TEST_STEP][PASSED] - if (i1 > -1): null

13-01-2025T07:10:45 - [TEST_STEP][PASSED] - x = x.substring(i1, x.length()): null

13-01-2025T07:10:45 - [TEST_STEP][PASSED] - i1 = x.indexOf("/"): null

13-01-2025T07:10:45 - [TEST_STEP][PASSED] - if (i1 > -1): null

13-01-2025T07:10:45 - [TEST_STEP][PASSED] - x = x.substring(0, i1): null

13-01-2025T07:10:45 - [TEST_STEP][PASSED] - return x: null

13-01-2025T07:10:45 - [TEST_STEP][PASSED] - PercPlanB = GetPercPlanB(x = b): null

13-01-2025T07:10:45 - [TEST_STEP][PASSED] - i1 = <not implemented yet for class: org.codehaus.groovy.ast.expr.EmptyExpression>: null

13-01-2025T07:10:45 - [TEST_STEP][PASSED] - i1 = x.indexOf("/") + 1: null

13-01-2025T07:10:45 - [TEST_STEP][PASSED] - if (i1 > -1): null

13-01-2025T07:10:45 - [TEST_STEP][PASSED] - x = x.substring(i1, x.length()): null

13-01-2025T07:10:45 - [TEST_STEP][PASSED] - i1 = x.indexOf("/"): null

13-01-2025T07:10:45 - [TEST_STEP][PASSED] - if (i1 > -1): null

13-01-2025T07:10:45 - [TEST_STEP][PASSED] - x = x.substring(0, i1): null

13-01-2025T07:10:45 - [TEST_STEP][PASSED] - return x: null

13-01-2025T07:10:45 - [TEST_STEP][PASSED] - if (verifyEqual(PercPlanR, PercPlanB) == false): Actual object '21.24' and expected object '21.24' are equal

13-01-2025T07:10:45 - [MESSAGE][PASSED] - Actual object '21.24' and expected object '21.24' are equal

13-01-2025T07:10:45 - [TEST_STEP][PASSED] - typeOfData = "Факт": null

13-01-2025T07:10:45 - [TEST_STEP][PASSED] - PercFactR = GetPercFactR(x = a): null

13-01-2025T07:10:45 - [TEST_STEP][PASSED] - i1 = <not implemented yet for class: org.codehaus.groovy.ast.expr.EmptyExpression>: null

13-01-2025T07:10:45 - [TEST_STEP][PASSED] - ii = <not implemented yet for class: org.codehaus.groovy.ast.expr.EmptyExpression>: null

13-01-2025T07:10:45 - [TEST_STEP][PASSED] - for ([ii = 1, ii < 3, (ii++)]): null

13-01-2025T07:10:45 - [TEST_STEP][PASSED] - i1 = x.indexOf("/") + 1: null

13-01-2025T07:10:45 - [TEST_STEP][PASSED] - if (i1 > -1): null

13-01-2025T07:10:45 - [TEST_STEP][PASSED] - x = x.substring(i1, x.length()): null

13-01-2025T07:10:45 - [TEST_STEP][PASSED] - println(x): null

13-01-2025T07:10:45 - [TEST_STEP][PASSED] - i1 = x.indexOf("/") + 1: null

13-01-2025T07:10:45 - [TEST_STEP][PASSED] - if (i1 > -1): null

13-01-2025T07:10:45 - [TEST_STEP][PASSED] - x = x.substring(i1, x.length()): null

13-01-2025T07:10:45 - [TEST_STEP][PASSED] - println(x): null

13-01-2025T07:10:45 - [TEST_STEP][PASSED] - i1 = x.indexOf("/"): null

13-01-2025T07:10:45 - [TEST_STEP][PASSED] - if (i1 > -1): null

13-01-2025T07:10:45 - [TEST_STEP][PASSED] - x = x.substring(0, i1): null

13-01-2025T07:10:45 - [TEST_STEP][PASSED] - println(x): null

13-01-2025T07:10:45 - [TEST_STEP][PASSED] - return x: null

13-01-2025T07:10:45 - [TEST_STEP][PASSED] - PercFactB = GetPercFactB(x = b): null

13-01-2025T07:10:45 - [TEST_STEP][PASSED] - i1 = <not implemented yet for class: org.codehaus.groovy.ast.expr.EmptyExpression>: null

13-01-2025T07:10:45 - [TEST_STEP][PASSED] - ii = <not implemented yet for class: org.codehaus.groovy.ast.expr.EmptyExpression>: null

13-01-2025T07:10:45 - [TEST_STEP][PASSED] - for ([ii = 1, ii < 3, (ii++)]): null

13-01-2025T07:10:45 - [TEST_STEP][PASSED] - i1 = x.indexOf("/") + 1: null

13-01-2025T07:10:45 - [TEST_STEP][PASSED] - if (i1 > -1): null

13-01-2025T07:10:45 - [TEST_STEP][PASSED] - x = x.substring(i1, x.length()): null

13-01-2025T07:10:45 - [TEST_STEP][PASSED] - println(x): null

13-01-2025T07:10:45 - [TEST_STEP][PASSED] - i1 = x.indexOf("/") + 1: null

13-01-2025T07:10:45 - [TEST_STEP][PASSED] - if (i1 > -1): null

13-01-2025T07:10:45 - [TEST_STEP][PASSED] - x = x.substring(i1, x.length()): null

13-01-2025T07:10:45 - [TEST_STEP][PASSED] - println(x): null

13-01-2025T07:10:45 - [TEST_STEP][PASSED] - i1 = x.indexOf("/"): null

13-01-2025T07:10:45 - [TEST_STEP][PASSED] - if (i1 > -1): null

13-01-2025T07:10:45 - [TEST_STEP][PASSED] - x = x.substring(0, i1): null

13-01-2025T07:10:45 - [TEST_STEP][PASSED] - println(x): null

13-01-2025T07:10:45 - [TEST_STEP][PASSED] - return x: null

13-01-2025T07:10:45 - [TEST_STEP][PASSED] - if (verifyEqual(PercFactR, PercFactB) == false): Actual object '21.17' and expected object '21.17' are equal

13-01-2025T07:10:45 - [MESSAGE][PASSED] - Actual object '21.17' and expected object '21.17' are equal

13-01-2025T07:10:45 - [TEST_STEP][PASSED] - vidget = "Показатели баланса электроэнергии по ДЗО – Факт": null

13-01-2025T07:10:45 - [TEST_STEP][PASSED] - typeOfData = "Факт Отпуск в сеть": null

13-01-2025T07:10:45 - [TEST_STEP][PASSED] - tabR = GetOvSFactR(x = a): null

13-01-2025T07:10:45 - [TEST_STEP][PASSED] - i1 = <not implemented yet for class: org.codehaus.groovy.ast.expr.EmptyExpression>: null

13-01-2025T07:10:45 - [TEST_STEP][PASSED] - ii = <not implemented yet for class: org.codehaus.groovy.ast.expr.EmptyExpression>: null

13-01-2025T07:10:45 - [TEST_STEP][PASSED] - for ([ii = 1, ii < 4, (ii++)]): null

13-01-2025T07:10:45 - [TEST_STEP][PASSED] - i1 = x.indexOf("/") + 1: null

13-01-2025T07:10:45 - [TEST_STEP][PASSED] - if (i1 > -1): null

13-01-2025T07:10:45 - [TEST_STEP][PASSED] - x = x.substring(i1, x.length()): null

13-01-2025T07:10:45 - [TEST_STEP][PASSED] - println(x): null

13-01-2025T07:10:45 - [TEST_STEP][PASSED] - i1 = x.indexOf("/") + 1: null

13-01-2025T07:10:45 - [TEST_STEP][PASSED] - if (i1 > -1): null

13-01-2025T07:10:45 - [TEST_STEP][PASSED] - x = x.substring(i1, x.length()): null

13-01-2025T07:10:45 - [TEST_STEP][PASSED] - println(x): null

13-01-2025T07:10:45 - [TEST_STEP][PASSED] - i1 = x.indexOf("/") + 1: null

13-01-2025T07:10:45 - [TEST_STEP][PASSED] - if (i1 > -1): null

13-01-2025T07:10:45 - [TEST_STEP][PASSED] - x = x.substring(i1, x.length()): null

13-01-2025T07:10:45 - [TEST_STEP][PASSED] - println(x): null

13-01-2025T07:10:45 - [TEST_STEP][PASSED] - i1 = x.indexOf("/"): null

13-01-2025T07:10:45 - [TEST_STEP][PASSED] - if (i1 > -1): null

13-01-2025T07:10:45 - [TEST_STEP][PASSED] - x = x.substring(0, i1): null

13-01-2025T07:10:45 - [TEST_STEP][PASSED] - println(x): null

13-01-2025T07:10:45 - [TEST_STEP][PASSED] - return x: null

13-01-2025T07:10:45 - [TEST_STEP][PASSED] - tabB = GetOvSFactB(x = b): null

13-01-2025T07:10:45 - [TEST_STEP][PASSED] - i1 = <not implemented yet for class: org.codehaus.groovy.ast.expr.EmptyExpression>: null

13-01-2025T07:10:45 - [TEST_STEP][PASSED] - ii = <not implemented yet for class: org.codehaus.groovy.ast.expr.EmptyExpression>: null

13-01-2025T07:10:45 - [TEST_STEP][PASSED] - for ([ii = 1, ii < 4, (ii++)]): null

13-01-2025T07:10:45 - [TEST_STEP][PASSED] - i1 = x.indexOf("/") + 1: null

13-01-2025T07:10:45 - [TEST_STEP][PASSED] - if (i1 > -1): null

13-01-2025T07:10:45 - [TEST_STEP][PASSED] - x = x.substring(i1, x.length()): null

13-01-2025T07:10:45 - [TEST_STEP][PASSED] - println(x): null

13-01-2025T07:10:45 - [TEST_STEP][PASSED] - i1 = x.indexOf("/") + 1: null

13-01-2025T07:10:45 - [TEST_STEP][PASSED] - if (i1 > -1): null

13-01-2025T07:10:45 - [TEST_STEP][PASSED] - x = x.substring(i1, x.length()): null

13-01-2025T07:10:45 - [TEST_STEP][PASSED] - println(x): null

13-01-2025T07:10:45 - [TEST_STEP][PASSED] - i1 = x.indexOf("/") + 1: null

13-01-2025T07:10:45 - [TEST_STEP][PASSED] - if (i1 > -1): null

13-01-2025T07:10:45 - [TEST_STEP][PASSED] - x = x.substring(i1, x.length()): null

13-01-2025T07:10:45 - [TEST_STEP][PASSED] - println(x): null

13-01-2025T07:10:45 - [TEST_STEP][PASSED] - i1 = x.indexOf("/"): null

13-01-2025T07:10:45 - [TEST_STEP][PASSED] - if (i1 > -1): null

13-01-2025T07:10:45 - [TEST_STEP][PASSED] - x = x.substring(0, i1): null

13-01-2025T07:10:45 - [TEST_STEP][PASSED] - println(x): null

13-01-2025T07:10:45 - [TEST_STEP][PASSED] - return x: null

13-01-2025T07:10:45 - [TEST_STEP][PASSED] - if (verifyEqual(tabR, tabB) == false): Actual object '642168' and expected object '642168' are equal

13-01-2025T07:10:45 - [MESSAGE][PASSED] - Actual object '642168' and expected object '642168' are equal

13-01-2025T07:10:45 - [TEST_STEP][PASSED] - typeOfData = "Факт Отпуск из сети": null

13-01-2025T07:10:45 - [TEST_STEP][PASSED] - tabR = GetOiSFactR(x = a): null

13-01-2025T07:10:45 - [TEST_STEP][PASSED] - i1 = <not implemented yet for class: org.codehaus.groovy.ast.expr.EmptyExpression>: null

13-01-2025T07:10:45 - [TEST_STEP][PASSED] - ii = <not implemented yet for class: org.codehaus.groovy.ast.expr.EmptyExpression>: null

13-01-2025T07:10:45 - [TEST_STEP][PASSED] - for ([ii = 1, ii < 5, (ii++)]): null

13-01-2025T07:10:45 - [TEST_STEP][PASSED] - i1 = x.indexOf("/") + 1: null

13-01-2025T07:10:45 - [TEST_STEP][PASSED] - if (i1 > -1): null

13-01-2025T07:10:45 - [TEST_STEP][PASSED] - x = x.substring(i1, x.length()): null

13-01-2025T07:10:45 - [TEST_STEP][PASSED] - println(x): null

13-01-2025T07:10:45 - [TEST_STEP][PASSED] - i1 = x.indexOf("/") + 1: null

13-01-2025T07:10:45 - [TEST_STEP][PASSED] - if (i1 > -1): null

13-01-2025T07:10:45 - [TEST_STEP][PASSED] - x = x.substring(i1, x.length()): null

13-01-2025T07:10:45 - [TEST_STEP][PASSED] - println(x): null

13-01-2025T07:10:45 - [TEST_STEP][PASSED] - i1 = x.indexOf("/") + 1: null

13-01-2025T07:10:45 - [TEST_STEP][PASSED] - if (i1 > -1): null

13-01-2025T07:10:45 - [TEST_STEP][PASSED] - x = x.substring(i1, x.length()): null

13-01-2025T07:10:45 - [TEST_STEP][PASSED] - println(x): null

13-01-2025T07:10:45 - [TEST_STEP][PASSED] - i1 = x.indexOf("/") + 1: null

13-01-2025T07:10:45 - [TEST_STEP][PASSED] - if (i1 > -1): null

13-01-2025T07:10:45 - [TEST_STEP][PASSED] - x = x.substring(i1, x.length()): null

13-01-2025T07:10:45 - [TEST_STEP][PASSED] - println(x): null

13-01-2025T07:10:45 - [TEST_STEP][PASSED] - i1 = x.indexOf("/"): null

13-01-2025T07:10:45 - [TEST_STEP][PASSED] - if (i1 > -1): null

13-01-2025T07:10:45 - [TEST_STEP][PASSED] - x = x.substring(0, i1): null

13-01-2025T07:10:45 - [TEST_STEP][PASSED] - println(x): null

13-01-2025T07:10:45 - [TEST_STEP][PASSED] - return x: null

13-01-2025T07:10:45 - [TEST_STEP][PASSED] - tabB = GetOiSFactB(x = b): null

13-01-2025T07:10:45 - [TEST_STEP][PASSED] - i1 = <not implemented yet for class: org.codehaus.groovy.ast.expr.EmptyExpression>: null

13-01-2025T07:10:45 - [TEST_STEP][PASSED] - ii = <not implemented yet for class: org.codehaus.groovy.ast.expr.EmptyExpression>: null

13-01-2025T07:10:45 - [TEST_STEP][PASSED] - for ([ii = 1, ii < 5, (ii++)]): null

13-01-2025T07:10:45 - [TEST_STEP][PASSED] - i1 = x.indexOf("/") + 1: null

13-01-2025T07:10:45 - [TEST_STEP][PASSED] - if (i1 > -1): null

13-01-2025T07:10:45 - [TEST_STEP][PASSED] - x = x.substring(i1, x.length()): null

13-01-2025T07:10:45 - [TEST_STEP][PASSED] - println(x): null

13-01-2025T07:10:45 - [TEST_STEP][PASSED] - i1 = x.indexOf("/") + 1: null

13-01-2025T07:10:45 - [TEST_STEP][PASSED] - if (i1 > -1): null

13-01-2025T07:10:45 - [TEST_STEP][PASSED] - x = x.substring(i1, x.length()): null

13-01-2025T07:10:45 - [TEST_STEP][PASSED] - println(x): null

13-01-2025T07:10:45 - [TEST_STEP][PASSED] - i1 = x.indexOf("/") + 1: null

13-01-2025T07:10:45 - [TEST_STEP][PASSED] - if (i1 > -1): null

13-01-2025T07:10:45 - [TEST_STEP][PASSED] - x = x.substring(i1, x.length()): null

13-01-2025T07:10:45 - [TEST_STEP][PASSED] - println(x): null

13-01-2025T07:10:45 - [TEST_STEP][PASSED] - i1 = x.indexOf("/") + 1: null

13-01-2025T07:10:45 - [TEST_STEP][PASSED] - if (i1 > -1): null

13-01-2025T07:10:45 - [TEST_STEP][PASSED] - x = x.substring(i1, x.length()): null

13-01-2025T07:10:45 - [TEST_STEP][PASSED] - println(x): null

13-01-2025T07:10:45 - [TEST_STEP][PASSED] - i1 = x.indexOf("/"): null

13-01-2025T07:10:45 - [TEST_STEP][PASSED] - if (i1 > -1): null

13-01-2025T07:10:45 - [TEST_STEP][PASSED] - x = x.substring(0, i1): null

13-01-2025T07:10:45 - [TEST_STEP][PASSED] - println(x): null

13-01-2025T07:10:45 - [TEST_STEP][PASSED] - return x: null

13-01-2025T07:10:45 - [TEST_STEP][PASSED] - if (verifyEqual(tabR, tabB) == false): Actual object '506218' and expected object '506218' are equal

13-01-2025T07:10:45 - [MESSAGE][PASSED] - Actual object '506218' and expected object '506218' are equal

13-01-2025T07:10:45 - [TEST_STEP][PASSED] - typeOfData = "Факт Потери": null

13-01-2025T07:10:45 - [TEST_STEP][PASSED] - tabR = GetPFactR(x = a): null

13-01-2025T07:10:45 - [TEST_STEP][PASSED] - i1 = <not implemented yet for class: org.codehaus.groovy.ast.expr.EmptyExpression>: null

13-01-2025T07:10:45 - [TEST_STEP][PASSED] - ii = <not implemented yet for class: org.codehaus.groovy.ast.expr.EmptyExpression>: null

13-01-2025T07:10:45 - [TEST_STEP][PASSED] - for ([ii = 1, ii < 6, (ii++)]): null

13-01-2025T07:10:45 - [TEST_STEP][PASSED] - i1 = x.indexOf("/") + 1: null

13-01-2025T07:10:45 - [TEST_STEP][PASSED] - if (i1 > -1): null

13-01-2025T07:10:45 - [TEST_STEP][PASSED] - x = x.substring(i1, x.length()): null

13-01-2025T07:10:45 - [TEST_STEP][PASSED] - println(x): null

13-01-2025T07:10:45 - [TEST_STEP][PASSED] - i1 = x.indexOf("/") + 1: null

13-01-2025T07:10:45 - [TEST_STEP][PASSED] - if (i1 > -1): null

13-01-2025T07:10:45 - [TEST_STEP][PASSED] - x = x.substring(i1, x.length()): null

13-01-2025T07:10:45 - [TEST_STEP][PASSED] - println(x): null

13-01-2025T07:10:45 - [TEST_STEP][PASSED] - i1 = x.indexOf("/") + 1: null

13-01-2025T07:10:45 - [TEST_STEP][PASSED] - if (i1 > -1): null

13-01-2025T07:10:45 - [TEST_STEP][PASSED] - x = x.substring(i1, x.length()): null

13-01-2025T07:10:45 - [TEST_STEP][PASSED] - println(x): null

13-01-2025T07:10:45 - [TEST_STEP][PASSED] - i1 = x.indexOf("/") + 1: null

13-01-2025T07:10:45 - [TEST_STEP][PASSED] - if (i1 > -1): null

13-01-2025T07:10:45 - [TEST_STEP][PASSED] - x = x.substring(i1, x.length()): null

13-01-2025T07:10:45 - [TEST_STEP][PASSED] - println(x): null

13-01-2025T07:10:45 - [TEST_STEP][PASSED] - i1 = x.indexOf("/") + 1: null

13-01-2025T07:10:45 - [TEST_STEP][PASSED] - if (i1 > -1): null

13-01-2025T07:10:45 - [TEST_STEP][PASSED] - x = x.substring(i1, x.length()): null

13-01-2025T07:10:45 - [TEST_STEP][PASSED] - println(x): null

13-01-2025T07:10:45 - [TEST_STEP][PASSED] - i1 = x.indexOf("/"): null

13-01-2025T07:10:45 - [TEST_STEP][PASSED] - if (i1 > -1): null

13-01-2025T07:10:45 - [TEST_STEP][PASSED] - x = x.substring(0, i1): null

13-01-2025T07:10:45 - [TEST_STEP][PASSED] - println(x): null

13-01-2025T07:10:45 - [TEST_STEP][PASSED] - return x: null

13-01-2025T07:10:45 - [TEST_STEP][PASSED] - tabB = GetPFactB(x = b): null

13-01-2025T07:10:45 - [TEST_STEP][PASSED] - i1 = <not implemented yet for class: org.codehaus.groovy.ast.expr.EmptyExpression>: null

13-01-2025T07:10:45 - [TEST_STEP][PASSED] - ii = <not implemented yet for class: org.codehaus.groovy.ast.expr.EmptyExpression>: null

13-01-2025T07:10:45 - [TEST_STEP][PASSED] - for ([ii = 1, ii < 6, (ii++)]): null

13-01-2025T07:10:45 - [TEST_STEP][PASSED] - i1 = x.indexOf("/") + 1: null

13-01-2025T07:10:45 - [TEST_STEP][PASSED] - if (i1 > -1): null

13-01-2025T07:10:45 - [TEST_STEP][PASSED] - x = x.substring(i1, x.length()): null

13-01-2025T07:10:45 - [TEST_STEP][PASSED] - println(x): null

13-01-2025T07:10:45 - [TEST_STEP][PASSED] - i1 = x.indexOf("/") + 1: null

13-01-2025T07:10:45 - [TEST_STEP][PASSED] - if (i1 > -1): null

13-01-2025T07:10:45 - [TEST_STEP][PASSED] - x = x.substring(i1, x.length()): null

13-01-2025T07:10:45 - [TEST_STEP][PASSED] - println(x): null

13-01-2025T07:10:45 - [TEST_STEP][PASSED] - i1 = x.indexOf("/") + 1: null

13-01-2025T07:10:45 - [TEST_STEP][PASSED] - if (i1 > -1): null

13-01-2025T07:10:45 - [TEST_STEP][PASSED] - x = x.substring(i1, x.length()): null

13-01-2025T07:10:45 - [TEST_STEP][PASSED] - println(x): null

13-01-2025T07:10:45 - [TEST_STEP][PASSED] - i1 = x.indexOf("/") + 1: null

13-01-2025T07:10:45 - [TEST_STEP][PASSED] - if (i1 > -1): null

13-01-2025T07:10:45 - [TEST_STEP][PASSED] - x = x.substring(i1, x.length()): null

13-01-2025T07:10:45 - [TEST_STEP][PASSED] - println(x): null

13-01-2025T07:10:45 - [TEST_STEP][PASSED] - i1 = x.indexOf("/") + 1: null

13-01-2025T07:10:45 - [TEST_STEP][PASSED] - if (i1 > -1): null

13-01-2025T07:10:45 - [TEST_STEP][PASSED] - x = x.substring(i1, x.length()): null

13-01-2025T07:10:45 - [TEST_STEP][PASSED] - println(x): null

13-01-2025T07:10:45 - [TEST_STEP][PASSED] - i1 = x.indexOf("/"): null

13-01-2025T07:10:45 - [TEST_STEP][PASSED] - if (i1 > -1): null

13-01-2025T07:10:45 - [TEST_STEP][PASSED] - x = x.substring(0, i1): null

13-01-2025T07:10:45 - [TEST_STEP][PASSED] - println(x): null

13-01-2025T07:10:45 - [TEST_STEP][PASSED] - return x: null

13-01-2025T07:10:45 - [TEST_STEP][PASSED] - println(tabR + "/" + tabB): null

13-01-2025T07:10:45 - [TEST_STEP][PASSED] - if (verifyEqual(tabR, tabB) == false): Actual object '135950' and expected object '135950' are equal

13-01-2025T07:10:45 - [MESSAGE][PASSED] - Actual object '135950' and expected object '135950' are equal

13-01-2025T07:10:45 - [TEST_STEP][PASSED] - vidget = "Показатели баланса электроэнергии по ДЗО – План": null

13-01-2025T07:10:45 - [TEST_STEP][PASSED] - typeOfData = "План Отпуск в сеть": null

13-01-2025T07:10:45 - [TEST_STEP][PASSED] - tabR = GetOvSPlanR(x = a): null

13-01-2025T07:10:45 - [TEST_STEP][PASSED] - i1 = <not implemented yet for class: org.codehaus.groovy.ast.expr.EmptyExpression>: null

13-01-2025T07:10:45 - [TEST_STEP][PASSED] - ii = <not implemented yet for class: org.codehaus.groovy.ast.expr.EmptyExpression>: null

13-01-2025T07:10:45 - [TEST_STEP][PASSED] - for ([ii = 1, ii < 7, (ii++)]): null

13-01-2025T07:10:45 - [TEST_STEP][PASSED] - i1 = x.indexOf("/") + 1: null

13-01-2025T07:10:45 - [TEST_STEP][PASSED] - if (i1 > -1): null

13-01-2025T07:10:45 - [TEST_STEP][PASSED] - x = x.substring(i1, x.length()): null

13-01-2025T07:10:45 - [TEST_STEP][PASSED] - println(x): null

13-01-2025T07:10:45 - [TEST_STEP][PASSED] - i1 = x.indexOf("/") + 1: null

13-01-2025T07:10:45 - [TEST_STEP][PASSED] - if (i1 > -1): null

13-01-2025T07:10:45 - [TEST_STEP][PASSED] - x = x.substring(i1, x.length()): null

13-01-2025T07:10:45 - [TEST_STEP][PASSED] - println(x): null

13-01-2025T07:10:45 - [TEST_STEP][PASSED] - i1 = x.indexOf("/") + 1: null

13-01-2025T07:10:45 - [TEST_STEP][PASSED] - if (i1 > -1): null

13-01-2025T07:10:45 - [TEST_STEP][PASSED] - x = x.substring(i1, x.length()): null

13-01-2025T07:10:45 - [TEST_STEP][PASSED] - println(x): null

13-01-2025T07:10:45 - [TEST_STEP][PASSED] - i1 = x.indexOf("/") + 1: null

13-01-2025T07:10:45 - [TEST_STEP][PASSED] - if (i1 > -1): null

13-01-2025T07:10:45 - [TEST_STEP][PASSED] - x = x.substring(i1, x.length()): null

13-01-2025T07:10:45 - [TEST_STEP][PASSED] - println(x): null

13-01-2025T07:10:45 - [TEST_STEP][PASSED] - i1 = x.indexOf("/") + 1: null

13-01-2025T07:10:45 - [TEST_STEP][PASSED] - if (i1 > -1): null

13-01-2025T07:10:45 - [TEST_STEP][PASSED] - x = x.substring(i1, x.length()): null

13-01-2025T07:10:45 - [TEST_STEP][PASSED] - println(x): null

13-01-2025T07:10:45 - [TEST_STEP][PASSED] - i1 = x.indexOf("/") + 1: null

13-01-2025T07:10:45 - [TEST_STEP][PASSED] - if (i1 > -1): null

13-01-2025T07:10:45 - [TEST_STEP][PASSED] - x = x.substring(i1, x.length()): null

13-01-2025T07:10:45 - [TEST_STEP][PASSED] - println(x): null

13-01-2025T07:10:45 - [TEST_STEP][PASSED] - i1 = x.indexOf("/"): null

13-01-2025T07:10:45 - [TEST_STEP][PASSED] - if (i1 > -1): null

13-01-2025T07:10:45 - [TEST_STEP][PASSED] - x = x.substring(0, i1): null

13-01-2025T07:10:45 - [TEST_STEP][PASSED] - println(x): null

13-01-2025T07:10:45 - [TEST_STEP][PASSED] - return x: null

13-01-2025T07:10:45 - [TEST_STEP][PASSED] - tabB = GetOvSPlanB(x = b): null

13-01-2025T07:10:45 - [TEST_STEP][PASSED] - i1 = <not implemented yet for class: org.codehaus.groovy.ast.expr.EmptyExpression>: null

13-01-2025T07:10:45 - [TEST_STEP][PASSED] - ii = <not implemented yet for class: org.codehaus.groovy.ast.expr.EmptyExpression>: null

13-01-2025T07:10:45 - [TEST_STEP][PASSED] - for ([ii = 1, ii < 7, (ii++)]): null

13-01-2025T07:10:45 - [TEST_STEP][PASSED] - i1 = x.indexOf("/") + 1: null

13-01-2025T07:10:45 - [TEST_STEP][PASSED] - if (i1 > -1): null

13-01-2025T07:10:45 - [TEST_STEP][PASSED] - x = x.substring(i1, x.length()): null

13-01-2025T07:10:45 - [TEST_STEP][PASSED] - println(x): null

13-01-2025T07:10:45 - [TEST_STEP][PASSED] - i1 = x.indexOf("/") + 1: null

13-01-2025T07:10:45 - [TEST_STEP][PASSED] - if (i1 > -1): null

13-01-2025T07:10:45 - [TEST_STEP][PASSED] - x = x.substring(i1, x.length()): null

13-01-2025T07:10:45 - [TEST_STEP][PASSED] - println(x): null

13-01-2025T07:10:45 - [TEST_STEP][PASSED] - i1 = x.indexOf("/") + 1: null

13-01-2025T07:10:45 - [TEST_STEP][PASSED] - if (i1 > -1): null

13-01-2025T07:10:45 - [TEST_STEP][PASSED] - x = x.substring(i1, x.length()): null

13-01-2025T07:10:45 - [TEST_STEP][PASSED] - println(x): null

13-01-2025T07:10:45 - [TEST_STEP][PASSED] - i1 = x.indexOf("/") + 1: null

13-01-2025T07:10:45 - [TEST_STEP][PASSED] - if (i1 > -1): null

13-01-2025T07:10:45 - [TEST_STEP][PASSED] - x = x.substring(i1, x.length()): null

13-01-2025T07:10:45 - [TEST_STEP][PASSED] - println(x): null

13-01-2025T07:10:45 - [TEST_STEP][PASSED] - i1 = x.indexOf("/") + 1: null

13-01-2025T07:10:45 - [TEST_STEP][PASSED] - if (i1 > -1): null

13-01-2025T07:10:45 - [TEST_STEP][PASSED] - x = x.substring(i1, x.length()): null

13-01-2025T07:10:45 - [TEST_STEP][PASSED] - println(x): null

13-01-2025T07:10:45 - [TEST_STEP][PASSED] - i1 = x.indexOf("/") + 1: null

13-01-2025T07:10:45 - [TEST_STEP][PASSED] - if (i1 > -1): null

13-01-2025T07:10:45 - [TEST_STEP][PASSED] - x = x.substring(i1, x.length()): null

13-01-2025T07:10:45 - [TEST_STEP][PASSED] - println(x): null

13-01-2025T07:10:45 - [TEST_STEP][PASSED] - i1 = x.indexOf("/"): null

13-01-2025T07:10:45 - [TEST_STEP][PASSED] - if (i1 > -1): null

13-01-2025T07:10:45 - [TEST_STEP][PASSED] - x = x.substring(0, i1): null

13-01-2025T07:10:45 - [TEST_STEP][PASSED] - println(x): null

13-01-2025T07:10:45 - [TEST_STEP][PASSED] - return x: null

13-01-2025T07:10:45 - [TEST_STEP][PASSED] - println(tabR + "/" + tabB): null

13-01-2025T07:10:45 - [TEST_STEP][PASSED] - if (verifyEqual(PercFactR, PercFactB) == false): Actual object '21.17' and expected object '21.17' are equal

13-01-2025T07:10:45 - [MESSAGE][PASSED] - Actual object '21.17' and expected object '21.17' are equal

13-01-2025T07:10:45 - [TEST_STEP][PASSED] - typeOfData = "План Отпуск из сети": null

13-01-2025T07:10:45 - [TEST_STEP][PASSED] - tabR = GetOiSPlanR(x = a): null

13-01-2025T07:10:45 - [TEST_STEP][PASSED] - i1 = <not implemented yet for class: org.codehaus.groovy.ast.expr.EmptyExpression>: null

13-01-2025T07:10:45 - [TEST_STEP][PASSED] - ii = <not implemented yet for class: org.codehaus.groovy.ast.expr.EmptyExpression>: null

13-01-2025T07:10:45 - [TEST_STEP][PASSED] - for ([ii = 1, ii < 8, (ii++)]): null

13-01-2025T07:10:45 - [TEST_STEP][PASSED] - i1 = x.indexOf("/") + 1: null

13-01-2025T07:10:45 - [TEST_STEP][PASSED] - if (i1 > -1): null

13-01-2025T07:10:45 - [TEST_STEP][PASSED] - x = x.substring(i1, x.length()): null

13-01-2025T07:10:45 - [TEST_STEP][PASSED] - println(x): null

13-01-2025T07:10:45 - [TEST_STEP][PASSED] - i1 = x.indexOf("/") + 1: null

13-01-2025T07:10:45 - [TEST_STEP][PASSED] - if (i1 > -1): null

13-01-2025T07:10:45 - [TEST_STEP][PASSED] - x = x.substring(i1, x.length()): null

13-01-2025T07:10:45 - [TEST_STEP][PASSED] - println(x): null

13-01-2025T07:10:45 - [TEST_STEP][PASSED] - i1 = x.indexOf("/") + 1: null

13-01-2025T07:10:45 - [TEST_STEP][PASSED] - if (i1 > -1): null

13-01-2025T07:10:45 - [TEST_STEP][PASSED] - x = x.substring(i1, x.length()): null

13-01-2025T07:10:45 - [TEST_STEP][PASSED] - println(x): null

13-01-2025T07:10:45 - [TEST_STEP][PASSED] - i1 = x.indexOf("/") + 1: null

13-01-2025T07:10:45 - [TEST_STEP][PASSED] - if (i1 > -1): null

13-01-2025T07:10:45 - [TEST_STEP][PASSED] - x = x.substring(i1, x.length()): null

13-01-2025T07:10:45 - [TEST_STEP][PASSED] - println(x): null

13-01-2025T07:10:45 - [TEST_STEP][PASSED] - i1 = x.indexOf("/") + 1: null

13-01-2025T07:10:45 - [TEST_STEP][PASSED] - if (i1 > -1): null

13-01-2025T07:10:45 - [TEST_STEP][PASSED] - x = x.substring(i1, x.length()): null

13-01-2025T07:10:45 - [TEST_STEP][PASSED] - println(x): null

13-01-2025T07:10:45 - [TEST_STEP][PASSED] - i1 = x.indexOf("/") + 1: null

13-01-2025T07:10:45 - [TEST_STEP][PASSED] - if (i1 > -1): null

13-01-2025T07:10:45 - [TEST_STEP][PASSED] - x = x.substring(i1, x.length()): null

13-01-2025T07:10:45 - [TEST_STEP][PASSED] - println(x): null

13-01-2025T07:10:45 - [TEST_STEP][PASSED] - i1 = x.indexOf("/") + 1: null

13-01-2025T07:10:45 - [TEST_STEP][PASSED] - if (i1 > -1): null

13-01-2025T07:10:45 - [TEST_STEP][PASSED] - x = x.substring(i1, x.length()): null

13-01-2025T07:10:45 - [TEST_STEP][PASSED] - println(x): null

13-01-2025T07:10:45 - [TEST_STEP][PASSED] - i1 = x.indexOf("/"): null

13-01-2025T07:10:45 - [TEST_STEP][PASSED] - if (i1 > -1): null

13-01-2025T07:10:45 - [TEST_STEP][PASSED] - x = x.substring(0, i1): null

13-01-2025T07:10:45 - [TEST_STEP][PASSED] - println(x): null

13-01-2025T07:10:45 - [TEST_STEP][PASSED] - return x: null

13-01-2025T07:10:45 - [TEST_STEP][PASSED] - tabB = GetOiSPlanB(x = b): null

13-01-2025T07:10:45 - [TEST_STEP][PASSED] - i1 = <not implemented yet for class: org.codehaus.groovy.ast.expr.EmptyExpression>: null

13-01-2025T07:10:45 - [TEST_STEP][PASSED] - ii = <not implemented yet for class: org.codehaus.groovy.ast.expr.EmptyExpression>: null

13-01-2025T07:10:45 - [TEST_STEP][PASSED] - for ([ii = 1, ii < 8, (ii++)]): null

13-01-2025T07:10:45 - [TEST_STEP][PASSED] - i1 = x.indexOf("/") + 1: null

13-01-2025T07:10:45 - [TEST_STEP][PASSED] - if (i1 > -1): null

13-01-2025T07:10:45 - [TEST_STEP][PASSED] - x = x.substring(i1, x.length()): null

13-01-2025T07:10:45 - [TEST_STEP][PASSED] - println(x): null

13-01-2025T07:10:45 - [TEST_STEP][PASSED] - i1 = x.indexOf("/") + 1: null

13-01-2025T07:10:45 - [TEST_STEP][PASSED] - if (i1 > -1): null

13-01-2025T07:10:45 - [TEST_STEP][PASSED] - x = x.substring(i1, x.length()): null

13-01-2025T07:10:45 - [TEST_STEP][PASSED] - println(x): null

13-01-2025T07:10:45 - [TEST_STEP][PASSED] - i1 = x.indexOf("/") + 1: null

13-01-2025T07:10:45 - [TEST_STEP][PASSED] - if (i1 > -1): null

13-01-2025T07:10:45 - [TEST_STEP][PASSED] - x = x.substring(i1, x.length()): null

13-01-2025T07:10:45 - [TEST_STEP][PASSED] - println(x): null

13-01-2025T07:10:45 - [TEST_STEP][PASSED] - i1 = x.indexOf("/") + 1: null

13-01-2025T07:10:45 - [TEST_STEP][PASSED] - if (i1 > -1): null

13-01-2025T07:10:45 - [TEST_STEP][PASSED] - x = x.substring(i1, x.length()): null

13-01-2025T07:10:45 - [TEST_STEP][PASSED] - println(x): null

13-01-2025T07:10:45 - [TEST_STEP][PASSED] - i1 = x.indexOf("/") + 1: null

13-01-2025T07:10:45 - [TEST_STEP][PASSED] - if (i1 > -1): null

13-01-2025T07:10:45 - [TEST_STEP][PASSED] - x = x.substring(i1, x.length()): null

13-01-2025T07:10:45 - [TEST_STEP][PASSED] - println(x): null

13-01-2025T07:10:45 - [TEST_STEP][PASSED] - i1 = x.indexOf("/") + 1: null

13-01-2025T07:10:45 - [TEST_STEP][PASSED] - if (i1 > -1): null

13-01-2025T07:10:45 - [TEST_STEP][PASSED] - x = x.substring(i1, x.length()): null

13-01-2025T07:10:45 - [TEST_STEP][PASSED] - println(x): null

13-01-2025T07:10:45 - [TEST_STEP][PASSED] - i1 = x.indexOf("/") + 1: null

13-01-2025T07:10:45 - [TEST_STEP][PASSED] - if (i1 > -1): null

13-01-2025T07:10:45 - [TEST_STEP][PASSED] - x = x.substring(i1, x.length()): null

13-01-2025T07:10:45 - [TEST_STEP][PASSED] - println(x): null

13-01-2025T07:10:45 - [TEST_STEP][PASSED] - i1 = x.indexOf("/"): null

13-01-2025T07:10:45 - [TEST_STEP][PASSED] - if (i1 > -1): null

13-01-2025T07:10:45 - [TEST_STEP][PASSED] - x = x.substring(0, i1): null

13-01-2025T07:10:45 - [TEST_STEP][PASSED] - println(x): null

13-01-2025T07:10:45 - [TEST_STEP][PASSED] - return x: null

13-01-2025T07:10:45 - [TEST_STEP][PASSED] - println(tabR + "/" + tabB): null

13-01-2025T07:10:45 - [TEST_STEP][PASSED] - if (verifyEqual(PercFactR, PercFactB) == false): Actual object '21.17' and expected object '21.17' are equal

13-01-2025T07:10:45 - [MESSAGE][PASSED] - Actual object '21.17' and expected object '21.17' are equal

13-01-2025T07:10:45 - [TEST_STEP][PASSED] - typeOfData = "План Потери": null

13-01-2025T07:10:45 - [TEST_STEP][PASSED] - tabR = GetPPlanR(x = a): null

13-01-2025T07:10:45 - [TEST_STEP][PASSED] - i1 = <not implemented yet for class: org.codehaus.groovy.ast.expr.EmptyExpression>: null

13-01-2025T07:10:45 - [TEST_STEP][PASSED] - ii = <not implemented yet for class: org.codehaus.groovy.ast.expr.EmptyExpression>: null

13-01-2025T07:10:45 - [TEST_STEP][PASSED] - for ([ii = 1, ii < 9, (ii++)]): null

13-01-2025T07:10:45 - [TEST_STEP][PASSED] - i1 = x.indexOf("/") + 1: null

13-01-2025T07:10:45 - [TEST_STEP][PASSED] - if (i1 > -1): null

13-01-2025T07:10:45 - [TEST_STEP][PASSED] - x = x.substring(i1, x.length()): null

13-01-2025T07:10:45 - [TEST_STEP][PASSED] - println(x): null

13-01-2025T07:10:45 - [TEST_STEP][PASSED] - i1 = x.indexOf("/") + 1: null

13-01-2025T07:10:45 - [TEST_STEP][PASSED] - if (i1 > -1): null

13-01-2025T07:10:45 - [TEST_STEP][PASSED] - x = x.substring(i1, x.length()): null

13-01-2025T07:10:45 - [TEST_STEP][PASSED] - println(x): null

13-01-2025T07:10:45 - [TEST_STEP][PASSED] - i1 = x.indexOf("/") + 1: null

13-01-2025T07:10:45 - [TEST_STEP][PASSED] - if (i1 > -1): null

13-01-2025T07:10:45 - [TEST_STEP][PASSED] - x = x.substring(i1, x.length()): null

13-01-2025T07:10:45 - [TEST_STEP][PASSED] - println(x): null

13-01-2025T07:10:45 - [TEST_STEP][PASSED] - i1 = x.indexOf("/") + 1: null

13-01-2025T07:10:45 - [TEST_STEP][PASSED] - if (i1 > -1): null

13-01-2025T07:10:45 - [TEST_STEP][PASSED] - x = x.substring(i1, x.length()): null

13-01-2025T07:10:45 - [TEST_STEP][PASSED] - println(x): null

13-01-2025T07:10:45 - [TEST_STEP][PASSED] - i1 = x.indexOf("/") + 1: null

13-01-2025T07:10:45 - [TEST_STEP][PASSED] - if (i1 > -1): null

13-01-2025T07:10:45 - [TEST_STEP][PASSED] - x = x.substring(i1, x.length()): null

13-01-2025T07:10:45 - [TEST_STEP][PASSED] - println(x): null

13-01-2025T07:10:45 - [TEST_STEP][PASSED] - i1 = x.indexOf("/") + 1: null

13-01-2025T07:10:45 - [TEST_STEP][PASSED] - if (i1 > -1): null

13-01-2025T07:10:45 - [TEST_STEP][PASSED] - x = x.substring(i1, x.length()): null

13-01-2025T07:10:45 - [TEST_STEP][PASSED] - println(x): null

13-01-2025T07:10:45 - [TEST_STEP][PASSED] - i1 = x.indexOf("/") + 1: null

13-01-2025T07:10:45 - [TEST_STEP][PASSED] - if (i1 > -1): null

13-01-2025T07:10:45 - [TEST_STEP][PASSED] - x = x.substring(i1, x.length()): null

13-01-2025T07:10:45 - [TEST_STEP][PASSED] - println(x): null

13-01-2025T07:10:45 - [TEST_STEP][PASSED] - i1 = x.indexOf("/") + 1: null

13-01-2025T07:10:45 - [TEST_STEP][PASSED] - if (i1 > -1): null

13-01-2025T07:10:45 - [TEST_STEP][PASSED] - x = x.substring(i1, x.length()): null

13-01-2025T07:10:45 - [TEST_STEP][PASSED] - println(x): null

13-01-2025T07:10:45 - [TEST_STEP][PASSED] - i1 = x.indexOf("/"): null

13-01-2025T07:10:45 - [TEST_STEP][PASSED] - if (i1 > -1): null

13-01-2025T07:10:45 - [TEST_STEP][PASSED] - x = x.substring(0, i1): null

13-01-2025T07:10:45 - [TEST_STEP][PASSED] - println(x): null

13-01-2025T07:10:45 - [TEST_STEP][PASSED] - return x: null

13-01-2025T07:10:45 - [TEST_STEP][PASSED] - tabB = GetPPlanB(x = b): null

13-01-2025T07:10:45 - [TEST_STEP][PASSED] - i1 = <not implemented yet for class: org.codehaus.groovy.ast.expr.EmptyExpression>: null

13-01-2025T07:10:45 - [TEST_STEP][PASSED] - ii = <not implemented yet for class: org.codehaus.groovy.ast.expr.EmptyExpression>: null

13-01-2025T07:10:45 - [TEST_STEP][PASSED] - for ([ii = 1, ii < 9, (ii++)]): null

13-01-2025T07:10:45 - [TEST_STEP][PASSED] - i1 = x.indexOf("/") + 1: null

13-01-2025T07:10:45 - [TEST_STEP][PASSED] - if (i1 > -1): null

13-01-2025T07:10:45 - [TEST_STEP][PASSED] - x = x.substring(i1, x.length()): null

13-01-2025T07:10:45 - [TEST_STEP][PASSED] - println(x): null

13-01-2025T07:10:45 - [TEST_STEP][PASSED] - i1 = x.indexOf("/") + 1: null

13-01-2025T07:10:45 - [TEST_STEP][PASSED] - if (i1 > -1): null

13-01-2025T07:10:45 - [TEST_STEP][PASSED] - x = x.substring(i1, x.length()): null

13-01-2025T07:10:45 - [TEST_STEP][PASSED] - println(x): null

13-01-2025T07:10:45 - [TEST_STEP][PASSED] - i1 = x.indexOf("/") + 1: null

13-01-2025T07:10:45 - [TEST_STEP][PASSED] - if (i1 > -1): null

13-01-2025T07:10:45 - [TEST_STEP][PASSED] - x = x.substring(i1, x.length()): null

13-01-2025T07:10:45 - [TEST_STEP][PASSED] - println(x): null

13-01-2025T07:10:45 - [TEST_STEP][PASSED] - i1 = x.indexOf("/") + 1: null

13-01-2025T07:10:45 - [TEST_STEP][PASSED] - if (i1 > -1): null

13-01-2025T07:10:45 - [TEST_STEP][PASSED] - x = x.substring(i1, x.length()): null

13-01-2025T07:10:45 - [TEST_STEP][PASSED] - println(x): null

13-01-2025T07:10:45 - [TEST_STEP][PASSED] - i1 = x.indexOf("/") + 1: null

13-01-2025T07:10:45 - [TEST_STEP][PASSED] - if (i1 > -1): null

13-01-2025T07:10:45 - [TEST_STEP][PASSED] - x = x.substring(i1, x.length()): null

13-01-2025T07:10:45 - [TEST_STEP][PASSED] - println(x): null

13-01-2025T07:10:45 - [TEST_STEP][PASSED] - i1 = x.indexOf("/") + 1: null

13-01-2025T07:10:45 - [TEST_STEP][PASSED] - if (i1 > -1): null

13-01-2025T07:10:45 - [TEST_STEP][PASSED] - x = x.substring(i1, x.length()): null

13-01-2025T07:10:45 - [TEST_STEP][PASSED] - println(x): null

13-01-2025T07:10:45 - [TEST_STEP][PASSED] - i1 = x.indexOf("/") + 1: null

13-01-2025T07:10:45 - [TEST_STEP][PASSED] - if (i1 > -1): null

13-01-2025T07:10:45 - [TEST_STEP][PASSED] - x = x.substring(i1, x.length()): null

13-01-2025T07:10:45 - [TEST_STEP][PASSED] - println(x): null

13-01-2025T07:10:45 - [TEST_STEP][PASSED] - i1 = x.indexOf("/") + 1: null

13-01-2025T07:10:45 - [TEST_STEP][PASSED] - if (i1 > -1): null

13-01-2025T07:10:45 - [TEST_STEP][PASSED] - x = x.substring(i1, x.length()): null

13-01-2025T07:10:45 - [TEST_STEP][PASSED] - println(x): null

13-01-2025T07:10:45 - [TEST_STEP][PASSED] - i1 = x.indexOf("/"): null

13-01-2025T07:10:45 - [TEST_STEP][PASSED] - if (i1 > -1): null

13-01-2025T07:10:45 - [TEST_STEP][PASSED] - x = x.substring(0, i1): null

13-01-2025T07:10:45 - [TEST_STEP][PASSED] - println(x): null

13-01-2025T07:10:45 - [TEST_STEP][PASSED] - return x: null

13-01-2025T07:10:45 - [TEST_STEP][PASSED] - println(tabR + "/" + tabB): null

13-01-2025T07:10:45 - [TEST_STEP][PASSED] - if (verifyEqual(PercFactR, PercFactB) == false): Actual object '21.17' and expected object '21.17' are equal

13-01-2025T07:10:45 - [MESSAGE][PASSED] - Actual object '21.17' and expected object '21.17' are equal

13-01-2025T07:10:45 - [TEST_STEP][PASSED] - ii2 = a.indexOf("ПАО"): null

13-01-2025T07:10:45 - [TEST_STEP][PASSED] - if (ii2 == -1): null

13-01-2025T07:10:45 - [TEST_STEP][PASSED] - vidget = "Отклонения фактического уровня потерь от бизнес-плана": null

13-01-2025T07:10:45 - [TEST_STEP][PASSED] - typeOfData = "Коэффициент": null

13-01-2025T07:10:45 - [TEST_STEP][PASSED] - o1R = Geto1R(x = a): null

13-01-2025T07:10:45 - [TEST_STEP][PASSED] - i1 = <not implemented yet for class: org.codehaus.groovy.ast.expr.EmptyExpression>: null

13-01-2025T07:10:45 - [TEST_STEP][PASSED] - ii = <not implemented yet for class: org.codehaus.groovy.ast.expr.EmptyExpression>: null

13-01-2025T07:10:45 - [TEST_STEP][PASSED] - for ([ii = 1, ii < 10, (ii++)]): null

13-01-2025T07:10:45 - [TEST_STEP][PASSED] - i1 = x.indexOf("/") + 1: null

13-01-2025T07:10:45 - [TEST_STEP][PASSED] - if (i1 > -1): null

13-01-2025T07:10:45 - [TEST_STEP][PASSED] - x = x.substring(i1, x.length()): null

13-01-2025T07:10:45 - [TEST_STEP][PASSED] - i1 = x.indexOf("/") + 1: null

13-01-2025T07:10:45 - [TEST_STEP][PASSED] - if (i1 > -1): null

13-01-2025T07:10:45 - [TEST_STEP][PASSED] - x = x.substring(i1, x.length()): null

13-01-2025T07:10:45 - [TEST_STEP][PASSED] - i1 = x.indexOf("/") + 1: null

13-01-2025T07:10:45 - [TEST_STEP][PASSED] - if (i1 > -1): null

13-01-2025T07:10:45 - [TEST_STEP][PASSED] - x = x.substring(i1, x.length()): null

13-01-2025T07:10:45 - [TEST_STEP][PASSED] - i1 = x.indexOf("/") + 1: null

13-01-2025T07:10:45 - [TEST_STEP][PASSED] - if (i1 > -1): null

13-01-2025T07:10:45 - [TEST_STEP][PASSED] - x = x.substring(i1, x.length()): null

13-01-2025T07:10:45 - [TEST_STEP][PASSED] - i1 = x.indexOf("/") + 1: null

13-01-2025T07:10:45 - [TEST_STEP][PASSED] - if (i1 > -1): null

13-01-2025T07:10:45 - [TEST_STEP][PASSED] - x = x.substring(i1, x.length()): null

13-01-2025T07:10:45 - [TEST_STEP][PASSED] - i1 = x.indexOf("/") + 1: null

13-01-2025T07:10:45 - [TEST_STEP][PASSED] - if (i1 > -1): null

13-01-2025T07:10:45 - [TEST_STEP][PASSED] - x = x.substring(i1, x.length()): null

13-01-2025T07:10:45 - [TEST_STEP][PASSED] - i1 = x.indexOf("/") + 1: null

13-01-2025T07:10:45 - [TEST_STEP][PASSED] - if (i1 > -1): null

13-01-2025T07:10:45 - [TEST_STEP][PASSED] - x = x.substring(i1, x.length()): null

13-01-2025T07:10:45 - [TEST_STEP][PASSED] - i1 = x.indexOf("/") + 1: null

13-01-2025T07:10:45 - [TEST_STEP][PASSED] - if (i1 > -1): null

13-01-2025T07:10:45 - [TEST_STEP][PASSED] - x = x.substring(i1, x.length()): null

13-01-2025T07:10:45 - [TEST_STEP][PASSED] - i1 = x.indexOf("/") + 1: null

13-01-2025T07:10:45 - [TEST_STEP][PASSED] - if (i1 > -1): null

13-01-2025T07:10:45 - [TEST_STEP][PASSED] - x = x.substring(i1, x.length()): null

13-01-2025T07:10:45 - [TEST_STEP][PASSED] - i1 = x.indexOf("/"): null

13-01-2025T07:10:45 - [TEST_STEP][PASSED] - if (i1 > -1): null

13-01-2025T07:10:45 - [TEST_STEP][PASSED] - println(x): null

13-01-2025T07:10:45 - [TEST_STEP][PASSED] - return x: null

13-01-2025T07:10:45 - [TEST_STEP][PASSED] - o1B = Geto1B(x = b): null

13-01-2025T07:10:45 - [TEST_STEP][PASSED] - i1 = <not implemented yet for class: org.codehaus.groovy.ast.expr.EmptyExpression>: null

13-01-2025T07:10:45 - [TEST_STEP][PASSED] - ii = <not implemented yet for class: org.codehaus.groovy.ast.expr.EmptyExpression>: null

13-01-2025T07:10:45 - [TEST_STEP][PASSED] - for ([ii = 1, ii < 10, (ii++)]): null

13-01-2025T07:10:45 - [TEST_STEP][PASSED] - i1 = x.indexOf("/") + 1: null

13-01-2025T07:10:45 - [TEST_STEP][PASSED] - if (i1 > -1): null

13-01-2025T07:10:45 - [TEST_STEP][PASSED] - x = x.substring(i1, x.length()): null

13-01-2025T07:10:45 - [TEST_STEP][PASSED] - i1 = x.indexOf("/") + 1: null

13-01-2025T07:10:45 - [TEST_STEP][PASSED] - if (i1 > -1): null

13-01-2025T07:10:45 - [TEST_STEP][PASSED] - x = x.substring(i1, x.length()): null

13-01-2025T07:10:45 - [TEST_STEP][PASSED] - i1 = x.indexOf("/") + 1: null

13-01-2025T07:10:45 - [TEST_STEP][PASSED] - if (i1 > -1): null

13-01-2025T07:10:45 - [TEST_STEP][PASSED] - x = x.substring(i1, x.length()): null

13-01-2025T07:10:45 - [TEST_STEP][PASSED] - i1 = x.indexOf("/") + 1: null

13-01-2025T07:10:45 - [TEST_STEP][PASSED] - if (i1 > -1): null

13-01-2025T07:10:45 - [TEST_STEP][PASSED] - x = x.substring(i1, x.length()): null

13-01-2025T07:10:45 - [TEST_STEP][PASSED] - i1 = x.indexOf("/") + 1: null

13-01-2025T07:10:45 - [TEST_STEP][PASSED] - if (i1 > -1): null

13-01-2025T07:10:45 - [TEST_STEP][PASSED] - x = x.substring(i1, x.length()): null

13-01-2025T07:10:45 - [TEST_STEP][PASSED] - i1 = x.indexOf("/") + 1: null

13-01-2025T07:10:45 - [TEST_STEP][PASSED] - if (i1 > -1): null

13-01-2025T07:10:45 - [TEST_STEP][PASSED] - x = x.substring(i1, x.length()): null

13-01-2025T07:10:45 - [TEST_STEP][PASSED] - i1 = x.indexOf("/") + 1: null

13-01-2025T07:10:45 - [TEST_STEP][PASSED] - if (i1 > -1): null

13-01-2025T07:10:45 - [TEST_STEP][PASSED] - x = x.substring(i1, x.length()): null

13-01-2025T07:10:45 - [TEST_STEP][PASSED] - i1 = x.indexOf("/") + 1: null

13-01-2025T07:10:45 - [TEST_STEP][PASSED] - if (i1 > -1): null

13-01-2025T07:10:45 - [TEST_STEP][PASSED] - x = x.substring(i1, x.length()): null

13-01-2025T07:10:45 - [TEST_STEP][PASSED] - i1 = x.indexOf("/") + 1: null

13-01-2025T07:10:45 - [TEST_STEP][PASSED] - if (i1 > -1): null

13-01-2025T07:10:45 - [TEST_STEP][PASSED] - x = x.substring(i1, x.length()): null

13-01-2025T07:10:45 - [TEST_STEP][PASSED] - i1 = x.indexOf("/"): null

13-01-2025T07:10:45 - [TEST_STEP][PASSED] - if (i1 > -1): null

13-01-2025T07:10:45 - [TEST_STEP][PASSED] - println(x): null

13-01-2025T07:10:45 - [TEST_STEP][FAILED] - return x: null

13-01-2025T07:10:45 - [TEST_STEP][PASSED] - println(o1R + "/" + o1B): null

13-01-2025T07:10:45 - [TEST_STEP][PASSED] - if (verifyEqual(PercFactR, PercFactB) == false): Actual object '21.17' and expected object '21.17' are equal

13-01-2025T07:10:45 - [MESSAGE][PASSED] - Actual object '21.17' and expected object '21.17' are equal

13-01-2025T07:10:45 - [TEST_STEP][FAILED] - if (verifyEqual(chR, chB) == false): null

13-01-2025T07:10:45 - [MESSAGE][FAILED] - Unable to verify equal between actual object 'АО "Чеченэнерго"/33.23/36.33/3631955/2312442/1319513/3403997/2272993/1131004/3.10' and expected object 'АО "Чеченэнерго"/33.23/36.33/3631955/2312442/1319513/0/нет данных/нет данных/3.10' (Root cause: com.kms.katalon.core.exception.StepFailedException: Actual object 'АО "Чеченэнерго"/33.23/36.33/3631955/2312442/1319513/3403997/2272993/1131004/3.10' and expected object 'АО "Чеченэнерго"/33.23/36.33/3631955/2312442/1319513/0/нет данных/нет данных/3.10' are not equal
	at com.kms.katalon.core.keyword.builtin.VerifyEqualKeyword$_verifyEqual_closure1.doCall(VerifyEqualKeyword.groovy:58)
	at com.kms.katalon.core.keyword.builtin.VerifyEqualKeyword$_verifyEqual_closure1.call(VerifyEqualKeyword.groovy)
	at com.kms.katalon.core.keyword.internal.KeywordMain.runKeyword(KeywordMain.groovy:75)
	at com.kms.katalon.core.keyword.builtin.VerifyEqualKeyword.verifyEqual(VerifyEqualKeyword.groovy:63)
	at com.kms.katalon.core.keyword.builtin.VerifyEqualKeyword.execute(VerifyEqualKeyword.groovy:44)
	at com.kms.katalon.core.keyword.internal.KeywordExecutor.executeKeywordForPlatform(KeywordExecutor.groovy:74)
	at com.kms.katalon.core.keyword.BuiltinKeywords.verifyEqual(BuiltinKeywords.groovy:146)
	at jdk.internal.reflect.GeneratedMethodAccessor25.invoke(Unknown Source)
	at java.base/jdk.internal.reflect.DelegatingMethodAccessorImpl.invoke(DelegatingMethodAccessorImpl.java:43)
	at Выполнение бизнес-плана сверка дашбордов - Copy.run(Выполнение бизнес-плана сверка дашбордов - Copy:592)
	at com.kms.katalon.core.main.ScriptEngine.run(ScriptEngine.java:194)
	at com.kms.katalon.core.main.ScriptEngine.runScriptAsRawText(ScriptEngine.java:119)
	at com.kms.katalon.core.main.TestCaseExecutor.runScript(TestCaseExecutor.java:448)
	at com.kms.katalon.core.main.TestCaseExecutor.doExecute(TestCaseExecutor.java:439)
	at com.kms.katalon.core.main.TestCaseExecutor.processExecutionPhase(TestCaseExecutor.java:418)
	at com.kms.katalon.core.main.TestCaseExecutor.accessMainPhase(TestCaseExecutor.java:410)
	at com.kms.katalon.core.main.TestCaseExecutor.execute(TestCaseExecutor.java:285)
	at com.kms.katalon.core.common.CommonExecutor.accessTestCaseMainPhase(CommonExecutor.java:65)
	at com.kms.katalon.core.main.TestSuiteExecutor.accessTestSuiteMainPhase(TestSuiteExecutor.java:150)
	at com.kms.katalon.core.main.TestSuiteExecutor.execute(TestSuiteExecutor.java:106)
	at com.kms.katalon.core.main.TestCaseMain.startTestSuite(TestCaseMain.java:180)
	at TempTestSuite1736740835951.run(TempTestSuite1736740835951.groovy:35)
	at java.base/jdk.internal.reflect.NativeMethodAccessorImpl.invoke0(Native Method)
	at java.base/jdk.internal.reflect.NativeMethodAccessorImpl.invoke(NativeMethodAccessorImpl.java:77)
	at java.base/jdk.internal.reflect.DelegatingMethodAccessorImpl.invoke(DelegatingMethodAccessorImpl.java:43)
)

13-01-2025T07:10:45 - [TEST_STEP][PASSED] - result = CompareDZOData(a = chR, b = chB, dZO, typeOfData, PercPlanR, PercPlanB, PercFactR, PercFactB, todaysDate, x, vidget, tabR, tabB, o1R, o1B): null

13-01-2025T07:10:45 - [TEST_STEP][PASSED] - ii2 = <not implemented yet for class: org.codehaus.groovy.ast.expr.EmptyExpression>: null

13-01-2025T07:10:45 - [TEST_STEP][FAILED] - if (verifyEqual(a, b) == false): null

13-01-2025T07:10:45 - [MESSAGE][FAILED] - Unable to verify equal between actual object 'АО "Чеченэнерго"/33.23/36.33/3631955/2312442/1319513/3403997/2272993/1131004/3.10' and expected object 'АО "Чеченэнерго"/33.23/36.33/3631955/2312442/1319513/0/нет данных/нет данных/3.10' (Root cause: com.kms.katalon.core.exception.StepFailedException: Actual object 'АО "Чеченэнерго"/33.23/36.33/3631955/2312442/1319513/3403997/2272993/1131004/3.10' and expected object 'АО "Чеченэнерго"/33.23/36.33/3631955/2312442/1319513/0/нет данных/нет данных/3.10' are not equal
	at com.kms.katalon.core.keyword.builtin.VerifyEqualKeyword$_verifyEqual_closure1.doCall(VerifyEqualKeyword.groovy:58)
	at com.kms.katalon.core.keyword.builtin.VerifyEqualKeyword$_verifyEqual_closure1.call(VerifyEqualKeyword.groovy)
	at com.kms.katalon.core.keyword.internal.KeywordMain.runKeyword(KeywordMain.groovy:75)
	at com.kms.katalon.core.keyword.builtin.VerifyEqualKeyword.verifyEqual(VerifyEqualKeyword.groovy:63)
	at com.kms.katalon.core.keyword.builtin.VerifyEqualKeyword.execute(VerifyEqualKeyword.groovy:44)
	at com.kms.katalon.core.keyword.internal.KeywordExecutor.executeKeywordForPlatform(KeywordExecutor.groovy:74)
	at com.kms.katalon.core.keyword.BuiltinKeywords.verifyEqual(BuiltinKeywords.groovy:146)
	at jdk.internal.reflect.GeneratedMethodAccessor25.invoke(Unknown Source)
	at java.base/jdk.internal.reflect.DelegatingMethodAccessorImpl.invoke(DelegatingMethodAccessorImpl.java:43)
	at Выполнение бизнес-плана сверка дашбордов - Copy.CompareDZOData(Выполнение бизнес-плана сверка дашбордов - Copy:673)
	at Выполнение бизнес-плана сверка дашбордов - Copy.run(Выполнение бизнес-плана сверка дашбордов - Copy:593)
	at com.kms.katalon.core.main.ScriptEngine.run(ScriptEngine.java:194)
	at com.kms.katalon.core.main.ScriptEngine.runScriptAsRawText(ScriptEngine.java:119)
	at com.kms.katalon.core.main.TestCaseExecutor.runScript(TestCaseExecutor.java:448)
	at com.kms.katalon.core.main.TestCaseExecutor.doExecute(TestCaseExecutor.java:439)
	at com.kms.katalon.core.main.TestCaseExecutor.processExecutionPhase(TestCaseExecutor.java:418)
	at com.kms.katalon.core.main.TestCaseExecutor.accessMainPhase(TestCaseExecutor.java:410)
	at com.kms.katalon.core.main.TestCaseExecutor.execute(TestCaseExecutor.java:285)
	at com.kms.katalon.core.common.CommonExecutor.accessTestCaseMainPhase(CommonExecutor.java:65)
	at com.kms.katalon.core.main.TestSuiteExecutor.accessTestSuiteMainPhase(TestSuiteExecutor.java:150)
	at com.kms.katalon.core.main.TestSuiteExecutor.execute(TestSuiteExecutor.java:106)
	at com.kms.katalon.core.main.TestCaseMain.startTestSuite(TestCaseMain.java:180)
	at TempTestSuite1736740835951.run(TempTestSuite1736740835951.groovy:35)
	at java.base/jdk.internal.reflect.NativeMethodAccessorImpl.invoke0(Native Method)
	at java.base/jdk.internal.reflect.NativeMethodAccessorImpl.invoke(NativeMethodAccessorImpl.java:77)
	at java.base/jdk.internal.reflect.DelegatingMethodAccessorImpl.invoke(DelegatingMethodAccessorImpl.java:43)
)

13-01-2025T07:10:45 - [TEST_STEP][PASSED] - vidget = "Уровень потерь электроэнергии": null

13-01-2025T07:10:45 - [TEST_STEP][PASSED] - typeOfData = "План": null

13-01-2025T07:10:45 - [TEST_STEP][PASSED] - PercPlanR = GetPercPlanR(x = a): null

13-01-2025T07:10:45 - [TEST_STEP][PASSED] - i1 = <not implemented yet for class: org.codehaus.groovy.ast.expr.EmptyExpression>: null

13-01-2025T07:10:45 - [TEST_STEP][PASSED] - i1 = x.indexOf("/") + 1: null

13-01-2025T07:10:45 - [TEST_STEP][PASSED] - if (i1 > -1): null

13-01-2025T07:10:45 - [TEST_STEP][PASSED] - x = x.substring(i1, x.length()): null

13-01-2025T07:10:45 - [TEST_STEP][PASSED] - i1 = x.indexOf("/"): null

13-01-2025T07:10:45 - [TEST_STEP][PASSED] - if (i1 > -1): null

13-01-2025T07:10:45 - [TEST_STEP][PASSED] - x = x.substring(0, i1): null

13-01-2025T07:10:45 - [TEST_STEP][PASSED] - return x: null

13-01-2025T07:10:45 - [TEST_STEP][PASSED] - PercPlanB = GetPercPlanB(x = b): null

13-01-2025T07:10:45 - [TEST_STEP][PASSED] - i1 = <not implemented yet for class: org.codehaus.groovy.ast.expr.EmptyExpression>: null

13-01-2025T07:10:45 - [TEST_STEP][PASSED] - i1 = x.indexOf("/") + 1: null

13-01-2025T07:10:45 - [TEST_STEP][PASSED] - if (i1 > -1): null

13-01-2025T07:10:45 - [TEST_STEP][PASSED] - x = x.substring(i1, x.length()): null

13-01-2025T07:10:45 - [TEST_STEP][PASSED] - i1 = x.indexOf("/"): null

13-01-2025T07:10:45 - [TEST_STEP][PASSED] - if (i1 > -1): null

13-01-2025T07:10:45 - [TEST_STEP][PASSED] - x = x.substring(0, i1): null

13-01-2025T07:10:45 - [TEST_STEP][PASSED] - return x: null

13-01-2025T07:10:45 - [TEST_STEP][PASSED] - if (verifyEqual(PercPlanR, PercPlanB) == false): Actual object '33.23' and expected object '33.23' are equal

13-01-2025T07:10:45 - [MESSAGE][PASSED] - Actual object '33.23' and expected object '33.23' are equal

13-01-2025T07:10:45 - [TEST_STEP][PASSED] - typeOfData = "Факт": null

13-01-2025T07:10:45 - [TEST_STEP][PASSED] - PercFactR = GetPercFactR(x = a): null

13-01-2025T07:10:45 - [TEST_STEP][PASSED] - i1 = <not implemented yet for class: org.codehaus.groovy.ast.expr.EmptyExpression>: null

13-01-2025T07:10:45 - [TEST_STEP][PASSED] - ii = <not implemented yet for class: org.codehaus.groovy.ast.expr.EmptyExpression>: null

13-01-2025T07:10:45 - [TEST_STEP][PASSED] - for ([ii = 1, ii < 3, (ii++)]): null

13-01-2025T07:10:45 - [TEST_STEP][PASSED] - i1 = x.indexOf("/") + 1: null

13-01-2025T07:10:45 - [TEST_STEP][PASSED] - if (i1 > -1): null

13-01-2025T07:10:45 - [TEST_STEP][PASSED] - x = x.substring(i1, x.length()): null

13-01-2025T07:10:45 - [TEST_STEP][PASSED] - println(x): null

13-01-2025T07:10:45 - [TEST_STEP][PASSED] - i1 = x.indexOf("/") + 1: null

13-01-2025T07:10:45 - [TEST_STEP][PASSED] - if (i1 > -1): null

13-01-2025T07:10:45 - [TEST_STEP][PASSED] - x = x.substring(i1, x.length()): null

13-01-2025T07:10:45 - [TEST_STEP][PASSED] - println(x): null

13-01-2025T07:10:45 - [TEST_STEP][PASSED] - i1 = x.indexOf("/"): null

13-01-2025T07:10:45 - [TEST_STEP][PASSED] - if (i1 > -1): null

13-01-2025T07:10:45 - [TEST_STEP][PASSED] - x = x.substring(0, i1): null

13-01-2025T07:10:45 - [TEST_STEP][PASSED] - println(x): null

13-01-2025T07:10:45 - [TEST_STEP][PASSED] - return x: null

13-01-2025T07:10:45 - [TEST_STEP][PASSED] - PercFactB = GetPercFactB(x = b): null

13-01-2025T07:10:45 - [TEST_STEP][PASSED] - i1 = <not implemented yet for class: org.codehaus.groovy.ast.expr.EmptyExpression>: null

13-01-2025T07:10:45 - [TEST_STEP][PASSED] - ii = <not implemented yet for class: org.codehaus.groovy.ast.expr.EmptyExpression>: null

13-01-2025T07:10:45 - [TEST_STEP][PASSED] - for ([ii = 1, ii < 3, (ii++)]): null

13-01-2025T07:10:45 - [TEST_STEP][PASSED] - i1 = x.indexOf("/") + 1: null

13-01-2025T07:10:45 - [TEST_STEP][PASSED] - if (i1 > -1): null

13-01-2025T07:10:45 - [TEST_STEP][PASSED] - x = x.substring(i1, x.length()): null

13-01-2025T07:10:45 - [TEST_STEP][PASSED] - println(x): null

13-01-2025T07:10:45 - [TEST_STEP][PASSED] - i1 = x.indexOf("/") + 1: null

13-01-2025T07:10:45 - [TEST_STEP][PASSED] - if (i1 > -1): null

13-01-2025T07:10:45 - [TEST_STEP][PASSED] - x = x.substring(i1, x.length()): null

13-01-2025T07:10:45 - [TEST_STEP][PASSED] - println(x): null

13-01-2025T07:10:45 - [TEST_STEP][PASSED] - i1 = x.indexOf("/"): null

13-01-2025T07:10:45 - [TEST_STEP][PASSED] - if (i1 > -1): null

13-01-2025T07:10:45 - [TEST_STEP][PASSED] - x = x.substring(0, i1): null

13-01-2025T07:10:45 - [TEST_STEP][PASSED] - println(x): null

13-01-2025T07:10:45 - [TEST_STEP][PASSED] - return x: null

13-01-2025T07:10:45 - [TEST_STEP][PASSED] - if (verifyEqual(PercFactR, PercFactB) == false): Actual object '36.33' and expected object '36.33' are equal

13-01-2025T07:10:45 - [MESSAGE][PASSED] - Actual object '36.33' and expected object '36.33' are equal

13-01-2025T07:10:45 - [TEST_STEP][PASSED] - vidget = "Показатели баланса электроэнергии по ДЗО – Факт": null

13-01-2025T07:10:45 - [TEST_STEP][PASSED] - typeOfData = "Факт Отпуск в сеть": null

13-01-2025T07:10:45 - [TEST_STEP][PASSED] - tabR = GetOvSFactR(x = a): null

13-01-2025T07:10:45 - [TEST_STEP][PASSED] - i1 = <not implemented yet for class: org.codehaus.groovy.ast.expr.EmptyExpression>: null

13-01-2025T07:10:45 - [TEST_STEP][PASSED] - ii = <not implemented yet for class: org.codehaus.groovy.ast.expr.EmptyExpression>: null

13-01-2025T07:10:45 - [TEST_STEP][PASSED] - for ([ii = 1, ii < 4, (ii++)]): null

13-01-2025T07:10:45 - [TEST_STEP][PASSED] - i1 = x.indexOf("/") + 1: null

13-01-2025T07:10:45 - [TEST_STEP][PASSED] - if (i1 > -1): null

13-01-2025T07:10:45 - [TEST_STEP][PASSED] - x = x.substring(i1, x.length()): null

13-01-2025T07:10:45 - [TEST_STEP][PASSED] - println(x): null

13-01-2025T07:10:45 - [TEST_STEP][PASSED] - i1 = x.indexOf("/") + 1: null

13-01-2025T07:10:45 - [TEST_STEP][PASSED] - if (i1 > -1): null

13-01-2025T07:10:45 - [TEST_STEP][PASSED] - x = x.substring(i1, x.length()): null

13-01-2025T07:10:45 - [TEST_STEP][PASSED] - println(x): null

13-01-2025T07:10:45 - [TEST_STEP][PASSED] - i1 = x.indexOf("/") + 1: null

13-01-2025T07:10:45 - [TEST_STEP][PASSED] - if (i1 > -1): null

13-01-2025T07:10:45 - [TEST_STEP][PASSED] - x = x.substring(i1, x.length()): null

13-01-2025T07:10:45 - [TEST_STEP][PASSED] - println(x): null

13-01-2025T07:10:45 - [TEST_STEP][PASSED] - i1 = x.indexOf("/"): null

13-01-2025T07:10:45 - [TEST_STEP][PASSED] - if (i1 > -1): null

13-01-2025T07:10:45 - [TEST_STEP][PASSED] - x = x.substring(0, i1): null

13-01-2025T07:10:45 - [TEST_STEP][PASSED] - println(x): null

13-01-2025T07:10:45 - [TEST_STEP][PASSED] - return x: null

13-01-2025T07:10:45 - [TEST_STEP][PASSED] - tabB = GetOvSFactB(x = b): null

13-01-2025T07:10:45 - [TEST_STEP][PASSED] - i1 = <not implemented yet for class: org.codehaus.groovy.ast.expr.EmptyExpression>: null

13-01-2025T07:10:45 - [TEST_STEP][PASSED] - ii = <not implemented yet for class: org.codehaus.groovy.ast.expr.EmptyExpression>: null

13-01-2025T07:10:45 - [TEST_STEP][PASSED] - for ([ii = 1, ii < 4, (ii++)]): null

13-01-2025T07:10:45 - [TEST_STEP][PASSED] - i1 = x.indexOf("/") + 1: null

13-01-2025T07:10:45 - [TEST_STEP][PASSED] - if (i1 > -1): null

13-01-2025T07:10:45 - [TEST_STEP][PASSED] - x = x.substring(i1, x.length()): null

13-01-2025T07:10:45 - [TEST_STEP][PASSED] - println(x): null

13-01-2025T07:10:45 - [TEST_STEP][PASSED] - i1 = x.indexOf("/") + 1: null

13-01-2025T07:10:45 - [TEST_STEP][PASSED] - if (i1 > -1): null

13-01-2025T07:10:45 - [TEST_STEP][PASSED] - x = x.substring(i1, x.length()): null

13-01-2025T07:10:45 - [TEST_STEP][PASSED] - println(x): null

13-01-2025T07:10:45 - [TEST_STEP][PASSED] - i1 = x.indexOf("/") + 1: null

13-01-2025T07:10:45 - [TEST_STEP][PASSED] - if (i1 > -1): null

13-01-2025T07:10:45 - [TEST_STEP][PASSED] - x = x.substring(i1, x.length()): null

13-01-2025T07:10:45 - [TEST_STEP][PASSED] - println(x): null

13-01-2025T07:10:45 - [TEST_STEP][PASSED] - i1 = x.indexOf("/"): null

13-01-2025T07:10:45 - [TEST_STEP][PASSED] - if (i1 > -1): null

13-01-2025T07:10:45 - [TEST_STEP][PASSED] - x = x.substring(0, i1): null

13-01-2025T07:10:45 - [TEST_STEP][PASSED] - println(x): null

13-01-2025T07:10:45 - [TEST_STEP][PASSED] - return x: null

13-01-2025T07:10:45 - [TEST_STEP][PASSED] - if (verifyEqual(tabR, tabB) == false): Actual object '3631955' and expected object '3631955' are equal

13-01-2025T07:10:45 - [MESSAGE][PASSED] - Actual object '3631955' and expected object '3631955' are equal

13-01-2025T07:10:45 - [TEST_STEP][PASSED] - typeOfData = "Факт Отпуск из сети": null

13-01-2025T07:10:45 - [TEST_STEP][PASSED] - tabR = GetOiSFactR(x = a): null

13-01-2025T07:10:45 - [TEST_STEP][PASSED] - i1 = <not implemented yet for class: org.codehaus.groovy.ast.expr.EmptyExpression>: null

13-01-2025T07:10:45 - [TEST_STEP][PASSED] - ii = <not implemented yet for class: org.codehaus.groovy.ast.expr.EmptyExpression>: null

13-01-2025T07:10:45 - [TEST_STEP][PASSED] - for ([ii = 1, ii < 5, (ii++)]): null

13-01-2025T07:10:45 - [TEST_STEP][PASSED] - i1 = x.indexOf("/") + 1: null

13-01-2025T07:10:45 - [TEST_STEP][PASSED] - if (i1 > -1): null

13-01-2025T07:10:45 - [TEST_STEP][PASSED] - x = x.substring(i1, x.length()): null

13-01-2025T07:10:45 - [TEST_STEP][PASSED] - println(x): null

13-01-2025T07:10:45 - [TEST_STEP][PASSED] - i1 = x.indexOf("/") + 1: null

13-01-2025T07:10:45 - [TEST_STEP][PASSED] - if (i1 > -1): null

13-01-2025T07:10:45 - [TEST_STEP][PASSED] - x = x.substring(i1, x.length()): null

13-01-2025T07:10:45 - [TEST_STEP][PASSED] - println(x): null

13-01-2025T07:10:45 - [TEST_STEP][PASSED] - i1 = x.indexOf("/") + 1: null

13-01-2025T07:10:45 - [TEST_STEP][PASSED] - if (i1 > -1): null

13-01-2025T07:10:45 - [TEST_STEP][PASSED] - x = x.substring(i1, x.length()): null

13-01-2025T07:10:45 - [TEST_STEP][PASSED] - println(x): null

13-01-2025T07:10:45 - [TEST_STEP][PASSED] - i1 = x.indexOf("/") + 1: null

13-01-2025T07:10:45 - [TEST_STEP][PASSED] - if (i1 > -1): null

13-01-2025T07:10:45 - [TEST_STEP][PASSED] - x = x.substring(i1, x.length()): null

13-01-2025T07:10:45 - [TEST_STEP][PASSED] - println(x): null

13-01-2025T07:10:45 - [TEST_STEP][PASSED] - i1 = x.indexOf("/"): null

13-01-2025T07:10:45 - [TEST_STEP][PASSED] - if (i1 > -1): null

13-01-2025T07:10:45 - [TEST_STEP][PASSED] - x = x.substring(0, i1): null

13-01-2025T07:10:45 - [TEST_STEP][PASSED] - println(x): null

13-01-2025T07:10:45 - [TEST_STEP][PASSED] - return x: null

13-01-2025T07:10:45 - [TEST_STEP][PASSED] - tabB = GetOiSFactB(x = b): null

13-01-2025T07:10:45 - [TEST_STEP][PASSED] - i1 = <not implemented yet for class: org.codehaus.groovy.ast.expr.EmptyExpression>: null

13-01-2025T07:10:45 - [TEST_STEP][PASSED] - ii = <not implemented yet for class: org.codehaus.groovy.ast.expr.EmptyExpression>: null

13-01-2025T07:10:45 - [TEST_STEP][PASSED] - for ([ii = 1, ii < 5, (ii++)]): null

13-01-2025T07:10:45 - [TEST_STEP][PASSED] - i1 = x.indexOf("/") + 1: null

13-01-2025T07:10:45 - [TEST_STEP][PASSED] - if (i1 > -1): null

13-01-2025T07:10:45 - [TEST_STEP][PASSED] - x = x.substring(i1, x.length()): null

13-01-2025T07:10:45 - [TEST_STEP][PASSED] - println(x): null

13-01-2025T07:10:45 - [TEST_STEP][PASSED] - i1 = x.indexOf("/") + 1: null

13-01-2025T07:10:45 - [TEST_STEP][PASSED] - if (i1 > -1): null

13-01-2025T07:10:45 - [TEST_STEP][PASSED] - x = x.substring(i1, x.length()): null

13-01-2025T07:10:45 - [TEST_STEP][PASSED] - println(x): null

13-01-2025T07:10:45 - [TEST_STEP][PASSED] - i1 = x.indexOf("/") + 1: null

13-01-2025T07:10:45 - [TEST_STEP][PASSED] - if (i1 > -1): null

13-01-2025T07:10:45 - [TEST_STEP][PASSED] - x = x.substring(i1, x.length()): null

13-01-2025T07:10:45 - [TEST_STEP][PASSED] - println(x): null

13-01-2025T07:10:45 - [TEST_STEP][PASSED] - i1 = x.indexOf("/") + 1: null

13-01-2025T07:10:45 - [TEST_STEP][PASSED] - if (i1 > -1): null

13-01-2025T07:10:45 - [TEST_STEP][PASSED] - x = x.substring(i1, x.length()): null

13-01-2025T07:10:45 - [TEST_STEP][PASSED] - println(x): null

13-01-2025T07:10:45 - [TEST_STEP][PASSED] - i1 = x.indexOf("/"): null

13-01-2025T07:10:45 - [TEST_STEP][PASSED] - if (i1 > -1): null

13-01-2025T07:10:45 - [TEST_STEP][PASSED] - x = x.substring(0, i1): null

13-01-2025T07:10:45 - [TEST_STEP][PASSED] - println(x): null

13-01-2025T07:10:45 - [TEST_STEP][PASSED] - return x: null

13-01-2025T07:10:45 - [TEST_STEP][PASSED] - if (verifyEqual(tabR, tabB) == false): Actual object '2312442' and expected object '2312442' are equal

13-01-2025T07:10:45 - [MESSAGE][PASSED] - Actual object '2312442' and expected object '2312442' are equal

13-01-2025T07:10:45 - [TEST_STEP][PASSED] - typeOfData = "Факт Потери": null

13-01-2025T07:10:45 - [TEST_STEP][PASSED] - tabR = GetPFactR(x = a): null

13-01-2025T07:10:45 - [TEST_STEP][PASSED] - i1 = <not implemented yet for class: org.codehaus.groovy.ast.expr.EmptyExpression>: null

13-01-2025T07:10:45 - [TEST_STEP][PASSED] - ii = <not implemented yet for class: org.codehaus.groovy.ast.expr.EmptyExpression>: null

13-01-2025T07:10:45 - [TEST_STEP][PASSED] - for ([ii = 1, ii < 6, (ii++)]): null

13-01-2025T07:10:45 - [TEST_STEP][PASSED] - i1 = x.indexOf("/") + 1: null

13-01-2025T07:10:45 - [TEST_STEP][PASSED] - if (i1 > -1): null

13-01-2025T07:10:45 - [TEST_STEP][PASSED] - x = x.substring(i1, x.length()): null

13-01-2025T07:10:45 - [TEST_STEP][PASSED] - println(x): null

13-01-2025T07:10:45 - [TEST_STEP][PASSED] - i1 = x.indexOf("/") + 1: null

13-01-2025T07:10:45 - [TEST_STEP][PASSED] - if (i1 > -1): null

13-01-2025T07:10:45 - [TEST_STEP][PASSED] - x = x.substring(i1, x.length()): null

13-01-2025T07:10:45 - [TEST_STEP][PASSED] - println(x): null

13-01-2025T07:10:45 - [TEST_STEP][PASSED] - i1 = x.indexOf("/") + 1: null

13-01-2025T07:10:45 - [TEST_STEP][PASSED] - if (i1 > -1): null

13-01-2025T07:10:45 - [TEST_STEP][PASSED] - x = x.substring(i1, x.length()): null

13-01-2025T07:10:45 - [TEST_STEP][PASSED] - println(x): null

13-01-2025T07:10:45 - [TEST_STEP][PASSED] - i1 = x.indexOf("/") + 1: null

13-01-2025T07:10:45 - [TEST_STEP][PASSED] - if (i1 > -1): null

13-01-2025T07:10:45 - [TEST_STEP][PASSED] - x = x.substring(i1, x.length()): null

13-01-2025T07:10:45 - [TEST_STEP][PASSED] - println(x): null

13-01-2025T07:10:45 - [TEST_STEP][PASSED] - i1 = x.indexOf("/") + 1: null

13-01-2025T07:10:45 - [TEST_STEP][PASSED] - if (i1 > -1): null

13-01-2025T07:10:45 - [TEST_STEP][PASSED] - x = x.substring(i1, x.length()): null

13-01-2025T07:10:45 - [TEST_STEP][PASSED] - println(x): null

13-01-2025T07:10:45 - [TEST_STEP][PASSED] - i1 = x.indexOf("/"): null

13-01-2025T07:10:45 - [TEST_STEP][PASSED] - if (i1 > -1): null

13-01-2025T07:10:45 - [TEST_STEP][PASSED] - x = x.substring(0, i1): null

13-01-2025T07:10:45 - [TEST_STEP][PASSED] - println(x): null

13-01-2025T07:10:45 - [TEST_STEP][PASSED] - return x: null

13-01-2025T07:10:45 - [TEST_STEP][PASSED] - tabB = GetPFactB(x = b): null

13-01-2025T07:10:45 - [TEST_STEP][PASSED] - i1 = <not implemented yet for class: org.codehaus.groovy.ast.expr.EmptyExpression>: null

13-01-2025T07:10:45 - [TEST_STEP][PASSED] - ii = <not implemented yet for class: org.codehaus.groovy.ast.expr.EmptyExpression>: null

13-01-2025T07:10:45 - [TEST_STEP][PASSED] - for ([ii = 1, ii < 6, (ii++)]): null

13-01-2025T07:10:45 - [TEST_STEP][PASSED] - i1 = x.indexOf("/") + 1: null

13-01-2025T07:10:45 - [TEST_STEP][PASSED] - if (i1 > -1): null

13-01-2025T07:10:45 - [TEST_STEP][PASSED] - x = x.substring(i1, x.length()): null

13-01-2025T07:10:45 - [TEST_STEP][PASSED] - println(x): null

13-01-2025T07:10:45 - [TEST_STEP][PASSED] - i1 = x.indexOf("/") + 1: null

13-01-2025T07:10:45 - [TEST_STEP][PASSED] - if (i1 > -1): null

13-01-2025T07:10:45 - [TEST_STEP][PASSED] - x = x.substring(i1, x.length()): null

13-01-2025T07:10:45 - [TEST_STEP][PASSED] - println(x): null

13-01-2025T07:10:45 - [TEST_STEP][PASSED] - i1 = x.indexOf("/") + 1: null

13-01-2025T07:10:45 - [TEST_STEP][PASSED] - if (i1 > -1): null

13-01-2025T07:10:45 - [TEST_STEP][PASSED] - x = x.substring(i1, x.length()): null

13-01-2025T07:10:45 - [TEST_STEP][PASSED] - println(x): null

13-01-2025T07:10:45 - [TEST_STEP][PASSED] - i1 = x.indexOf("/") + 1: null

13-01-2025T07:10:45 - [TEST_STEP][PASSED] - if (i1 > -1): null

13-01-2025T07:10:45 - [TEST_STEP][PASSED] - x = x.substring(i1, x.length()): null

13-01-2025T07:10:45 - [TEST_STEP][PASSED] - println(x): null

13-01-2025T07:10:45 - [TEST_STEP][PASSED] - i1 = x.indexOf("/") + 1: null

13-01-2025T07:10:45 - [TEST_STEP][PASSED] - if (i1 > -1): null

13-01-2025T07:10:45 - [TEST_STEP][PASSED] - x = x.substring(i1, x.length()): null

13-01-2025T07:10:45 - [TEST_STEP][PASSED] - println(x): null

13-01-2025T07:10:45 - [TEST_STEP][PASSED] - i1 = x.indexOf("/"): null

13-01-2025T07:10:45 - [TEST_STEP][PASSED] - if (i1 > -1): null

13-01-2025T07:10:45 - [TEST_STEP][PASSED] - x = x.substring(0, i1): null

13-01-2025T07:10:45 - [TEST_STEP][PASSED] - println(x): null

13-01-2025T07:10:45 - [TEST_STEP][PASSED] - return x: null

13-01-2025T07:10:45 - [TEST_STEP][PASSED] - println(tabR + "/" + tabB): null

13-01-2025T07:10:45 - [TEST_STEP][PASSED] - if (verifyEqual(tabR, tabB) == false): Actual object '1319513' and expected object '1319513' are equal

13-01-2025T07:10:45 - [MESSAGE][PASSED] - Actual object '1319513' and expected object '1319513' are equal

13-01-2025T07:10:45 - [TEST_STEP][PASSED] - vidget = "Показатели баланса электроэнергии по ДЗО – План": null

13-01-2025T07:10:45 - [TEST_STEP][PASSED] - typeOfData = "План Отпуск в сеть": null

13-01-2025T07:10:45 - [TEST_STEP][PASSED] - tabR = GetOvSPlanR(x = a): null

13-01-2025T07:10:45 - [TEST_STEP][PASSED] - i1 = <not implemented yet for class: org.codehaus.groovy.ast.expr.EmptyExpression>: null

13-01-2025T07:10:45 - [TEST_STEP][PASSED] - ii = <not implemented yet for class: org.codehaus.groovy.ast.expr.EmptyExpression>: null

13-01-2025T07:10:45 - [TEST_STEP][PASSED] - for ([ii = 1, ii < 7, (ii++)]): null

13-01-2025T07:10:45 - [TEST_STEP][PASSED] - i1 = x.indexOf("/") + 1: null

13-01-2025T07:10:45 - [TEST_STEP][PASSED] - if (i1 > -1): null

13-01-2025T07:10:45 - [TEST_STEP][PASSED] - x = x.substring(i1, x.length()): null

13-01-2025T07:10:45 - [TEST_STEP][PASSED] - println(x): null

13-01-2025T07:10:45 - [TEST_STEP][PASSED] - i1 = x.indexOf("/") + 1: null

13-01-2025T07:10:45 - [TEST_STEP][PASSED] - if (i1 > -1): null

13-01-2025T07:10:45 - [TEST_STEP][PASSED] - x = x.substring(i1, x.length()): null

13-01-2025T07:10:45 - [TEST_STEP][PASSED] - println(x): null

13-01-2025T07:10:45 - [TEST_STEP][PASSED] - i1 = x.indexOf("/") + 1: null

13-01-2025T07:10:45 - [TEST_STEP][PASSED] - if (i1 > -1): null

13-01-2025T07:10:45 - [TEST_STEP][PASSED] - x = x.substring(i1, x.length()): null

13-01-2025T07:10:45 - [TEST_STEP][PASSED] - println(x): null

13-01-2025T07:10:45 - [TEST_STEP][PASSED] - i1 = x.indexOf("/") + 1: null

13-01-2025T07:10:45 - [TEST_STEP][PASSED] - if (i1 > -1): null

13-01-2025T07:10:45 - [TEST_STEP][PASSED] - x = x.substring(i1, x.length()): null

13-01-2025T07:10:45 - [TEST_STEP][PASSED] - println(x): null

13-01-2025T07:10:45 - [TEST_STEP][PASSED] - i1 = x.indexOf("/") + 1: null

13-01-2025T07:10:45 - [TEST_STEP][PASSED] - if (i1 > -1): null

13-01-2025T07:10:45 - [TEST_STEP][PASSED] - x = x.substring(i1, x.length()): null

13-01-2025T07:10:45 - [TEST_STEP][PASSED] - println(x): null

13-01-2025T07:10:45 - [TEST_STEP][PASSED] - i1 = x.indexOf("/") + 1: null

13-01-2025T07:10:45 - [TEST_STEP][PASSED] - if (i1 > -1): null

13-01-2025T07:10:45 - [TEST_STEP][PASSED] - x = x.substring(i1, x.length()): null

13-01-2025T07:10:45 - [TEST_STEP][PASSED] - println(x): null

13-01-2025T07:10:45 - [TEST_STEP][PASSED] - i1 = x.indexOf("/"): null

13-01-2025T07:10:45 - [TEST_STEP][PASSED] - if (i1 > -1): null

13-01-2025T07:10:45 - [TEST_STEP][PASSED] - x = x.substring(0, i1): null

13-01-2025T07:10:45 - [TEST_STEP][PASSED] - println(x): null

13-01-2025T07:10:45 - [TEST_STEP][PASSED] - return x: null

13-01-2025T07:10:45 - [TEST_STEP][PASSED] - tabB = GetOvSPlanB(x = b): null

13-01-2025T07:10:45 - [TEST_STEP][PASSED] - i1 = <not implemented yet for class: org.codehaus.groovy.ast.expr.EmptyExpression>: null

13-01-2025T07:10:45 - [TEST_STEP][PASSED] - ii = <not implemented yet for class: org.codehaus.groovy.ast.expr.EmptyExpression>: null

13-01-2025T07:10:45 - [TEST_STEP][PASSED] - for ([ii = 1, ii < 7, (ii++)]): null

13-01-2025T07:10:45 - [TEST_STEP][PASSED] - i1 = x.indexOf("/") + 1: null

13-01-2025T07:10:45 - [TEST_STEP][PASSED] - if (i1 > -1): null

13-01-2025T07:10:45 - [TEST_STEP][PASSED] - x = x.substring(i1, x.length()): null

13-01-2025T07:10:45 - [TEST_STEP][PASSED] - println(x): null

13-01-2025T07:10:45 - [TEST_STEP][PASSED] - i1 = x.indexOf("/") + 1: null

13-01-2025T07:10:45 - [TEST_STEP][PASSED] - if (i1 > -1): null

13-01-2025T07:10:45 - [TEST_STEP][PASSED] - x = x.substring(i1, x.length()): null

13-01-2025T07:10:45 - [TEST_STEP][PASSED] - println(x): null

13-01-2025T07:10:45 - [TEST_STEP][PASSED] - i1 = x.indexOf("/") + 1: null

13-01-2025T07:10:45 - [TEST_STEP][PASSED] - if (i1 > -1): null

13-01-2025T07:10:45 - [TEST_STEP][PASSED] - x = x.substring(i1, x.length()): null

13-01-2025T07:10:45 - [TEST_STEP][PASSED] - println(x): null

13-01-2025T07:10:45 - [TEST_STEP][PASSED] - i1 = x.indexOf("/") + 1: null

13-01-2025T07:10:45 - [TEST_STEP][PASSED] - if (i1 > -1): null

13-01-2025T07:10:45 - [TEST_STEP][PASSED] - x = x.substring(i1, x.length()): null

13-01-2025T07:10:45 - [TEST_STEP][PASSED] - println(x): null

13-01-2025T07:10:45 - [TEST_STEP][PASSED] - i1 = x.indexOf("/") + 1: null

13-01-2025T07:10:45 - [TEST_STEP][PASSED] - if (i1 > -1): null

13-01-2025T07:10:45 - [TEST_STEP][PASSED] - x = x.substring(i1, x.length()): null

13-01-2025T07:10:45 - [TEST_STEP][PASSED] - println(x): null

13-01-2025T07:10:45 - [TEST_STEP][PASSED] - i1 = x.indexOf("/") + 1: null

13-01-2025T07:10:45 - [TEST_STEP][PASSED] - if (i1 > -1): null

13-01-2025T07:10:45 - [TEST_STEP][PASSED] - x = x.substring(i1, x.length()): null

13-01-2025T07:10:45 - [TEST_STEP][PASSED] - println(x): null

13-01-2025T07:10:45 - [TEST_STEP][PASSED] - i1 = x.indexOf("/"): null

13-01-2025T07:10:45 - [TEST_STEP][PASSED] - if (i1 > -1): null

13-01-2025T07:10:45 - [TEST_STEP][PASSED] - x = x.substring(0, i1): null

13-01-2025T07:10:45 - [TEST_STEP][PASSED] - println(x): null

13-01-2025T07:10:45 - [TEST_STEP][PASSED] - return x: null

13-01-2025T07:10:45 - [TEST_STEP][PASSED] - println(tabR + "/" + tabB): null

13-01-2025T07:10:45 - [TEST_STEP][PASSED] - if (verifyEqual(PercFactR, PercFactB) == false): Actual object '36.33' and expected object '36.33' are equal

13-01-2025T07:10:45 - [MESSAGE][PASSED] - Actual object '36.33' and expected object '36.33' are equal

13-01-2025T07:10:45 - [TEST_STEP][PASSED] - typeOfData = "План Отпуск из сети": null

13-01-2025T07:10:45 - [TEST_STEP][PASSED] - tabR = GetOiSPlanR(x = a): null

13-01-2025T07:10:45 - [TEST_STEP][PASSED] - i1 = <not implemented yet for class: org.codehaus.groovy.ast.expr.EmptyExpression>: null

13-01-2025T07:10:45 - [TEST_STEP][PASSED] - ii = <not implemented yet for class: org.codehaus.groovy.ast.expr.EmptyExpression>: null

13-01-2025T07:10:45 - [TEST_STEP][PASSED] - for ([ii = 1, ii < 8, (ii++)]): null

13-01-2025T07:10:45 - [TEST_STEP][PASSED] - i1 = x.indexOf("/") + 1: null

13-01-2025T07:10:45 - [TEST_STEP][PASSED] - if (i1 > -1): null

13-01-2025T07:10:45 - [TEST_STEP][PASSED] - x = x.substring(i1, x.length()): null

13-01-2025T07:10:45 - [TEST_STEP][PASSED] - println(x): null

13-01-2025T07:10:45 - [TEST_STEP][PASSED] - i1 = x.indexOf("/") + 1: null

13-01-2025T07:10:45 - [TEST_STEP][PASSED] - if (i1 > -1): null

13-01-2025T07:10:45 - [TEST_STEP][PASSED] - x = x.substring(i1, x.length()): null

13-01-2025T07:10:45 - [TEST_STEP][PASSED] - println(x): null

13-01-2025T07:10:45 - [TEST_STEP][PASSED] - i1 = x.indexOf("/") + 1: null

13-01-2025T07:10:45 - [TEST_STEP][PASSED] - if (i1 > -1): null

13-01-2025T07:10:45 - [TEST_STEP][PASSED] - x = x.substring(i1, x.length()): null

13-01-2025T07:10:45 - [TEST_STEP][PASSED] - println(x): null

13-01-2025T07:10:45 - [TEST_STEP][PASSED] - i1 = x.indexOf("/") + 1: null

13-01-2025T07:10:45 - [TEST_STEP][PASSED] - if (i1 > -1): null

13-01-2025T07:10:45 - [TEST_STEP][PASSED] - x = x.substring(i1, x.length()): null

13-01-2025T07:10:45 - [TEST_STEP][PASSED] - println(x): null

13-01-2025T07:10:46 - [TEST_STEP][PASSED] - i1 = x.indexOf("/") + 1: null

13-01-2025T07:10:46 - [TEST_STEP][PASSED] - if (i1 > -1): null

13-01-2025T07:10:46 - [TEST_STEP][PASSED] - x = x.substring(i1, x.length()): null

13-01-2025T07:10:46 - [TEST_STEP][PASSED] - println(x): null

13-01-2025T07:10:46 - [TEST_STEP][PASSED] - i1 = x.indexOf("/") + 1: null

13-01-2025T07:10:46 - [TEST_STEP][PASSED] - if (i1 > -1): null

13-01-2025T07:10:46 - [TEST_STEP][PASSED] - x = x.substring(i1, x.length()): null

13-01-2025T07:10:46 - [TEST_STEP][PASSED] - println(x): null

13-01-2025T07:10:46 - [TEST_STEP][PASSED] - i1 = x.indexOf("/") + 1: null

13-01-2025T07:10:46 - [TEST_STEP][PASSED] - if (i1 > -1): null

13-01-2025T07:10:46 - [TEST_STEP][PASSED] - x = x.substring(i1, x.length()): null

13-01-2025T07:10:46 - [TEST_STEP][PASSED] - println(x): null

13-01-2025T07:10:46 - [TEST_STEP][PASSED] - i1 = x.indexOf("/"): null

13-01-2025T07:10:46 - [TEST_STEP][PASSED] - if (i1 > -1): null

13-01-2025T07:10:46 - [TEST_STEP][PASSED] - x = x.substring(0, i1): null

13-01-2025T07:10:46 - [TEST_STEP][PASSED] - println(x): null

13-01-2025T07:10:46 - [TEST_STEP][PASSED] - return x: null

13-01-2025T07:10:46 - [TEST_STEP][PASSED] - tabB = GetOiSPlanB(x = b): null

13-01-2025T07:10:46 - [TEST_STEP][PASSED] - i1 = <not implemented yet for class: org.codehaus.groovy.ast.expr.EmptyExpression>: null

13-01-2025T07:10:46 - [TEST_STEP][PASSED] - ii = <not implemented yet for class: org.codehaus.groovy.ast.expr.EmptyExpression>: null

13-01-2025T07:10:46 - [TEST_STEP][PASSED] - for ([ii = 1, ii < 8, (ii++)]): null

13-01-2025T07:10:46 - [TEST_STEP][PASSED] - i1 = x.indexOf("/") + 1: null

13-01-2025T07:10:46 - [TEST_STEP][PASSED] - if (i1 > -1): null

13-01-2025T07:10:46 - [TEST_STEP][PASSED] - x = x.substring(i1, x.length()): null

13-01-2025T07:10:46 - [TEST_STEP][PASSED] - println(x): null

13-01-2025T07:10:46 - [TEST_STEP][PASSED] - i1 = x.indexOf("/") + 1: null

13-01-2025T07:10:46 - [TEST_STEP][PASSED] - if (i1 > -1): null

13-01-2025T07:10:46 - [TEST_STEP][PASSED] - x = x.substring(i1, x.length()): null

13-01-2025T07:10:46 - [TEST_STEP][PASSED] - println(x): null

13-01-2025T07:10:46 - [TEST_STEP][PASSED] - i1 = x.indexOf("/") + 1: null

13-01-2025T07:10:46 - [TEST_STEP][PASSED] - if (i1 > -1): null

13-01-2025T07:10:46 - [TEST_STEP][PASSED] - x = x.substring(i1, x.length()): null

13-01-2025T07:10:46 - [TEST_STEP][PASSED] - println(x): null

13-01-2025T07:10:46 - [TEST_STEP][PASSED] - i1 = x.indexOf("/") + 1: null

13-01-2025T07:10:46 - [TEST_STEP][PASSED] - if (i1 > -1): null

13-01-2025T07:10:46 - [TEST_STEP][PASSED] - x = x.substring(i1, x.length()): null

13-01-2025T07:10:46 - [TEST_STEP][PASSED] - println(x): null

13-01-2025T07:10:46 - [TEST_STEP][PASSED] - i1 = x.indexOf("/") + 1: null

13-01-2025T07:10:46 - [TEST_STEP][PASSED] - if (i1 > -1): null

13-01-2025T07:10:46 - [TEST_STEP][PASSED] - x = x.substring(i1, x.length()): null

13-01-2025T07:10:46 - [TEST_STEP][PASSED] - println(x): null

13-01-2025T07:10:46 - [TEST_STEP][PASSED] - i1 = x.indexOf("/") + 1: null

13-01-2025T07:10:46 - [TEST_STEP][PASSED] - if (i1 > -1): null

13-01-2025T07:10:46 - [TEST_STEP][PASSED] - x = x.substring(i1, x.length()): null

13-01-2025T07:10:46 - [TEST_STEP][PASSED] - println(x): null

13-01-2025T07:10:46 - [TEST_STEP][PASSED] - i1 = x.indexOf("/") + 1: null

13-01-2025T07:10:46 - [TEST_STEP][PASSED] - if (i1 > -1): null

13-01-2025T07:10:46 - [TEST_STEP][PASSED] - x = x.substring(i1, x.length()): null

13-01-2025T07:10:46 - [TEST_STEP][PASSED] - println(x): null

13-01-2025T07:10:46 - [TEST_STEP][PASSED] - i1 = x.indexOf("/"): null

13-01-2025T07:10:46 - [TEST_STEP][PASSED] - if (i1 > -1): null

13-01-2025T07:10:46 - [TEST_STEP][PASSED] - x = x.substring(0, i1): null

13-01-2025T07:10:46 - [TEST_STEP][PASSED] - println(x): null

13-01-2025T07:10:46 - [TEST_STEP][PASSED] - return x: null

13-01-2025T07:10:46 - [TEST_STEP][PASSED] - println(tabR + "/" + tabB): null

13-01-2025T07:10:46 - [TEST_STEP][PASSED] - if (verifyEqual(PercFactR, PercFactB) == false): Actual object '36.33' and expected object '36.33' are equal

13-01-2025T07:10:46 - [MESSAGE][PASSED] - Actual object '36.33' and expected object '36.33' are equal

13-01-2025T07:10:46 - [TEST_STEP][PASSED] - typeOfData = "План Потери": null

13-01-2025T07:10:46 - [TEST_STEP][PASSED] - tabR = GetPPlanR(x = a): null

13-01-2025T07:10:46 - [TEST_STEP][PASSED] - i1 = <not implemented yet for class: org.codehaus.groovy.ast.expr.EmptyExpression>: null

13-01-2025T07:10:46 - [TEST_STEP][PASSED] - ii = <not implemented yet for class: org.codehaus.groovy.ast.expr.EmptyExpression>: null

13-01-2025T07:10:46 - [TEST_STEP][PASSED] - for ([ii = 1, ii < 9, (ii++)]): null

13-01-2025T07:10:46 - [TEST_STEP][PASSED] - i1 = x.indexOf("/") + 1: null

13-01-2025T07:10:46 - [TEST_STEP][PASSED] - if (i1 > -1): null

13-01-2025T07:10:46 - [TEST_STEP][PASSED] - x = x.substring(i1, x.length()): null

13-01-2025T07:10:46 - [TEST_STEP][PASSED] - println(x): null

13-01-2025T07:10:46 - [TEST_STEP][PASSED] - i1 = x.indexOf("/") + 1: null

13-01-2025T07:10:46 - [TEST_STEP][PASSED] - if (i1 > -1): null

13-01-2025T07:10:46 - [TEST_STEP][PASSED] - x = x.substring(i1, x.length()): null

13-01-2025T07:10:46 - [TEST_STEP][PASSED] - println(x): null

13-01-2025T07:10:46 - [TEST_STEP][PASSED] - i1 = x.indexOf("/") + 1: null

13-01-2025T07:10:46 - [TEST_STEP][PASSED] - if (i1 > -1): null

13-01-2025T07:10:46 - [TEST_STEP][PASSED] - x = x.substring(i1, x.length()): null

13-01-2025T07:10:46 - [TEST_STEP][PASSED] - println(x): null

13-01-2025T07:10:46 - [TEST_STEP][PASSED] - i1 = x.indexOf("/") + 1: null

13-01-2025T07:10:46 - [TEST_STEP][PASSED] - if (i1 > -1): null

13-01-2025T07:10:46 - [TEST_STEP][PASSED] - x = x.substring(i1, x.length()): null

13-01-2025T07:10:46 - [TEST_STEP][PASSED] - println(x): null

13-01-2025T07:10:46 - [TEST_STEP][PASSED] - i1 = x.indexOf("/") + 1: null

13-01-2025T07:10:46 - [TEST_STEP][PASSED] - if (i1 > -1): null

13-01-2025T07:10:46 - [TEST_STEP][PASSED] - x = x.substring(i1, x.length()): null

13-01-2025T07:10:46 - [TEST_STEP][PASSED] - println(x): null

13-01-2025T07:10:46 - [TEST_STEP][PASSED] - i1 = x.indexOf("/") + 1: null

13-01-2025T07:10:46 - [TEST_STEP][PASSED] - if (i1 > -1): null

13-01-2025T07:10:46 - [TEST_STEP][PASSED] - x = x.substring(i1, x.length()): null

13-01-2025T07:10:46 - [TEST_STEP][PASSED] - println(x): null

13-01-2025T07:10:46 - [TEST_STEP][PASSED] - i1 = x.indexOf("/") + 1: null

13-01-2025T07:10:46 - [TEST_STEP][PASSED] - if (i1 > -1): null

13-01-2025T07:10:46 - [TEST_STEP][PASSED] - x = x.substring(i1, x.length()): null

13-01-2025T07:10:46 - [TEST_STEP][PASSED] - println(x): null

13-01-2025T07:10:46 - [TEST_STEP][PASSED] - i1 = x.indexOf("/") + 1: null

13-01-2025T07:10:46 - [TEST_STEP][PASSED] - if (i1 > -1): null

13-01-2025T07:10:46 - [TEST_STEP][PASSED] - x = x.substring(i1, x.length()): null

13-01-2025T07:10:46 - [TEST_STEP][PASSED] - println(x): null

13-01-2025T07:10:46 - [TEST_STEP][PASSED] - i1 = x.indexOf("/"): null

13-01-2025T07:10:46 - [TEST_STEP][PASSED] - if (i1 > -1): null

13-01-2025T07:10:46 - [TEST_STEP][PASSED] - x = x.substring(0, i1): null

13-01-2025T07:10:46 - [TEST_STEP][PASSED] - println(x): null

13-01-2025T07:10:46 - [TEST_STEP][PASSED] - return x: null

13-01-2025T07:10:46 - [TEST_STEP][PASSED] - tabB = GetPPlanB(x = b): null

13-01-2025T07:10:46 - [TEST_STEP][PASSED] - i1 = <not implemented yet for class: org.codehaus.groovy.ast.expr.EmptyExpression>: null

13-01-2025T07:10:46 - [TEST_STEP][PASSED] - ii = <not implemented yet for class: org.codehaus.groovy.ast.expr.EmptyExpression>: null

13-01-2025T07:10:46 - [TEST_STEP][PASSED] - for ([ii = 1, ii < 9, (ii++)]): null

13-01-2025T07:10:46 - [TEST_STEP][PASSED] - i1 = x.indexOf("/") + 1: null

13-01-2025T07:10:46 - [TEST_STEP][PASSED] - if (i1 > -1): null

13-01-2025T07:10:46 - [TEST_STEP][PASSED] - x = x.substring(i1, x.length()): null

13-01-2025T07:10:46 - [TEST_STEP][PASSED] - println(x): null

13-01-2025T07:10:46 - [TEST_STEP][PASSED] - i1 = x.indexOf("/") + 1: null

13-01-2025T07:10:46 - [TEST_STEP][PASSED] - if (i1 > -1): null

13-01-2025T07:10:46 - [TEST_STEP][PASSED] - x = x.substring(i1, x.length()): null

13-01-2025T07:10:46 - [TEST_STEP][PASSED] - println(x): null

13-01-2025T07:10:46 - [TEST_STEP][PASSED] - i1 = x.indexOf("/") + 1: null

13-01-2025T07:10:46 - [TEST_STEP][PASSED] - if (i1 > -1): null

13-01-2025T07:10:46 - [TEST_STEP][PASSED] - x = x.substring(i1, x.length()): null

13-01-2025T07:10:46 - [TEST_STEP][PASSED] - println(x): null

13-01-2025T07:10:46 - [TEST_STEP][PASSED] - i1 = x.indexOf("/") + 1: null

13-01-2025T07:10:46 - [TEST_STEP][PASSED] - if (i1 > -1): null

13-01-2025T07:10:46 - [TEST_STEP][PASSED] - x = x.substring(i1, x.length()): null

13-01-2025T07:10:46 - [TEST_STEP][PASSED] - println(x): null

13-01-2025T07:10:46 - [TEST_STEP][PASSED] - i1 = x.indexOf("/") + 1: null

13-01-2025T07:10:46 - [TEST_STEP][PASSED] - if (i1 > -1): null

13-01-2025T07:10:46 - [TEST_STEP][PASSED] - x = x.substring(i1, x.length()): null

13-01-2025T07:10:46 - [TEST_STEP][PASSED] - println(x): null

13-01-2025T07:10:46 - [TEST_STEP][PASSED] - i1 = x.indexOf("/") + 1: null

13-01-2025T07:10:46 - [TEST_STEP][PASSED] - if (i1 > -1): null

13-01-2025T07:10:46 - [TEST_STEP][PASSED] - x = x.substring(i1, x.length()): null

13-01-2025T07:10:46 - [TEST_STEP][PASSED] - println(x): null

13-01-2025T07:10:46 - [TEST_STEP][PASSED] - i1 = x.indexOf("/") + 1: null

13-01-2025T07:10:46 - [TEST_STEP][PASSED] - if (i1 > -1): null

13-01-2025T07:10:46 - [TEST_STEP][PASSED] - x = x.substring(i1, x.length()): null

13-01-2025T07:10:46 - [TEST_STEP][PASSED] - println(x): null

13-01-2025T07:10:46 - [TEST_STEP][PASSED] - i1 = x.indexOf("/") + 1: null

13-01-2025T07:10:46 - [TEST_STEP][PASSED] - if (i1 > -1): null

13-01-2025T07:10:46 - [TEST_STEP][PASSED] - x = x.substring(i1, x.length()): null

13-01-2025T07:10:46 - [TEST_STEP][PASSED] - println(x): null

13-01-2025T07:10:46 - [TEST_STEP][PASSED] - i1 = x.indexOf("/"): null

13-01-2025T07:10:46 - [TEST_STEP][PASSED] - if (i1 > -1): null

13-01-2025T07:10:46 - [TEST_STEP][PASSED] - x = x.substring(0, i1): null

13-01-2025T07:10:46 - [TEST_STEP][PASSED] - println(x): null

13-01-2025T07:10:46 - [TEST_STEP][PASSED] - return x: null

13-01-2025T07:10:46 - [TEST_STEP][PASSED] - println(tabR + "/" + tabB): null

13-01-2025T07:10:46 - [TEST_STEP][PASSED] - if (verifyEqual(PercFactR, PercFactB) == false): Actual object '36.33' and expected object '36.33' are equal

13-01-2025T07:10:46 - [MESSAGE][PASSED] - Actual object '36.33' and expected object '36.33' are equal

13-01-2025T07:10:46 - [TEST_STEP][PASSED] - ii2 = a.indexOf("ПАО"): null

13-01-2025T07:10:46 - [TEST_STEP][PASSED] - if (ii2 == -1): null

13-01-2025T07:10:46 - [TEST_STEP][PASSED] - vidget = "Отклонения фактического уровня потерь от бизнес-плана": null

13-01-2025T07:10:46 - [TEST_STEP][PASSED] - typeOfData = "Коэффициент": null

13-01-2025T07:10:46 - [TEST_STEP][PASSED] - o1R = Geto1R(x = a): null

13-01-2025T07:10:46 - [TEST_STEP][PASSED] - i1 = <not implemented yet for class: org.codehaus.groovy.ast.expr.EmptyExpression>: null

13-01-2025T07:10:46 - [TEST_STEP][PASSED] - ii = <not implemented yet for class: org.codehaus.groovy.ast.expr.EmptyExpression>: null

13-01-2025T07:10:46 - [TEST_STEP][PASSED] - for ([ii = 1, ii < 10, (ii++)]): null

13-01-2025T07:10:46 - [TEST_STEP][PASSED] - i1 = x.indexOf("/") + 1: null

13-01-2025T07:10:46 - [TEST_STEP][PASSED] - if (i1 > -1): null

13-01-2025T07:10:46 - [TEST_STEP][PASSED] - x = x.substring(i1, x.length()): null

13-01-2025T07:10:46 - [TEST_STEP][PASSED] - i1 = x.indexOf("/") + 1: null

13-01-2025T07:10:46 - [TEST_STEP][PASSED] - if (i1 > -1): null

13-01-2025T07:10:46 - [TEST_STEP][PASSED] - x = x.substring(i1, x.length()): null

13-01-2025T07:10:46 - [TEST_STEP][PASSED] - i1 = x.indexOf("/") + 1: null

13-01-2025T07:10:46 - [TEST_STEP][PASSED] - if (i1 > -1): null

13-01-2025T07:10:46 - [TEST_STEP][PASSED] - x = x.substring(i1, x.length()): null

13-01-2025T07:10:46 - [TEST_STEP][PASSED] - i1 = x.indexOf("/") + 1: null

13-01-2025T07:10:46 - [TEST_STEP][PASSED] - if (i1 > -1): null

13-01-2025T07:10:46 - [TEST_STEP][PASSED] - x = x.substring(i1, x.length()): null

13-01-2025T07:10:46 - [TEST_STEP][PASSED] - i1 = x.indexOf("/") + 1: null

13-01-2025T07:10:46 - [TEST_STEP][PASSED] - if (i1 > -1): null

13-01-2025T07:10:46 - [TEST_STEP][PASSED] - x = x.substring(i1, x.length()): null

13-01-2025T07:10:46 - [TEST_STEP][PASSED] - i1 = x.indexOf("/") + 1: null

13-01-2025T07:10:46 - [TEST_STEP][PASSED] - if (i1 > -1): null

13-01-2025T07:10:46 - [TEST_STEP][PASSED] - x = x.substring(i1, x.length()): null

13-01-2025T07:10:46 - [TEST_STEP][PASSED] - i1 = x.indexOf("/") + 1: null

13-01-2025T07:10:46 - [TEST_STEP][PASSED] - if (i1 > -1): null

13-01-2025T07:10:46 - [TEST_STEP][PASSED] - x = x.substring(i1, x.length()): null

13-01-2025T07:10:46 - [TEST_STEP][PASSED] - i1 = x.indexOf("/") + 1: null

13-01-2025T07:10:46 - [TEST_STEP][PASSED] - if (i1 > -1): null

13-01-2025T07:10:46 - [TEST_STEP][PASSED] - x = x.substring(i1, x.length()): null

13-01-2025T07:10:46 - [TEST_STEP][PASSED] - i1 = x.indexOf("/") + 1: null

13-01-2025T07:10:46 - [TEST_STEP][PASSED] - if (i1 > -1): null

13-01-2025T07:10:46 - [TEST_STEP][PASSED] - x = x.substring(i1, x.length()): null

13-01-2025T07:10:46 - [TEST_STEP][PASSED] - i1 = x.indexOf("/"): null

13-01-2025T07:10:46 - [TEST_STEP][PASSED] - if (i1 > -1): null

13-01-2025T07:10:46 - [TEST_STEP][PASSED] - println(x): null

13-01-2025T07:10:46 - [TEST_STEP][PASSED] - return x: null

13-01-2025T07:10:46 - [TEST_STEP][PASSED] - o1B = Geto1B(x = b): null

13-01-2025T07:10:46 - [TEST_STEP][PASSED] - i1 = <not implemented yet for class: org.codehaus.groovy.ast.expr.EmptyExpression>: null

13-01-2025T07:10:46 - [TEST_STEP][PASSED] - ii = <not implemented yet for class: org.codehaus.groovy.ast.expr.EmptyExpression>: null

13-01-2025T07:10:46 - [TEST_STEP][PASSED] - for ([ii = 1, ii < 10, (ii++)]): null

13-01-2025T07:10:46 - [TEST_STEP][PASSED] - i1 = x.indexOf("/") + 1: null

13-01-2025T07:10:46 - [TEST_STEP][PASSED] - if (i1 > -1): null

13-01-2025T07:10:46 - [TEST_STEP][PASSED] - x = x.substring(i1, x.length()): null

13-01-2025T07:10:46 - [TEST_STEP][PASSED] - i1 = x.indexOf("/") + 1: null

13-01-2025T07:10:46 - [TEST_STEP][PASSED] - if (i1 > -1): null

13-01-2025T07:10:46 - [TEST_STEP][PASSED] - x = x.substring(i1, x.length()): null

13-01-2025T07:10:46 - [TEST_STEP][PASSED] - i1 = x.indexOf("/") + 1: null

13-01-2025T07:10:46 - [TEST_STEP][PASSED] - if (i1 > -1): null

13-01-2025T07:10:46 - [TEST_STEP][PASSED] - x = x.substring(i1, x.length()): null

13-01-2025T07:10:46 - [TEST_STEP][PASSED] - i1 = x.indexOf("/") + 1: null

13-01-2025T07:10:46 - [TEST_STEP][PASSED] - if (i1 > -1): null

13-01-2025T07:10:46 - [TEST_STEP][PASSED] - x = x.substring(i1, x.length()): null

13-01-2025T07:10:46 - [TEST_STEP][PASSED] - i1 = x.indexOf("/") + 1: null

13-01-2025T07:10:46 - [TEST_STEP][PASSED] - if (i1 > -1): null

13-01-2025T07:10:46 - [TEST_STEP][PASSED] - x = x.substring(i1, x.length()): null

13-01-2025T07:10:46 - [TEST_STEP][PASSED] - i1 = x.indexOf("/") + 1: null

13-01-2025T07:10:46 - [TEST_STEP][PASSED] - if (i1 > -1): null

13-01-2025T07:10:46 - [TEST_STEP][PASSED] - x = x.substring(i1, x.length()): null

13-01-2025T07:10:46 - [TEST_STEP][PASSED] - i1 = x.indexOf("/") + 1: null

13-01-2025T07:10:46 - [TEST_STEP][PASSED] - if (i1 > -1): null

13-01-2025T07:10:46 - [TEST_STEP][PASSED] - x = x.substring(i1, x.length()): null

13-01-2025T07:10:46 - [TEST_STEP][PASSED] - i1 = x.indexOf("/") + 1: null

13-01-2025T07:10:46 - [TEST_STEP][PASSED] - if (i1 > -1): null

13-01-2025T07:10:46 - [TEST_STEP][PASSED] - x = x.substring(i1, x.length()): null

13-01-2025T07:10:46 - [TEST_STEP][PASSED] - i1 = x.indexOf("/") + 1: null

13-01-2025T07:10:46 - [TEST_STEP][PASSED] - if (i1 > -1): null

13-01-2025T07:10:46 - [TEST_STEP][PASSED] - x = x.substring(i1, x.length()): null

13-01-2025T07:10:46 - [TEST_STEP][PASSED] - i1 = x.indexOf("/"): null

13-01-2025T07:10:46 - [TEST_STEP][PASSED] - if (i1 > -1): null

13-01-2025T07:10:46 - [TEST_STEP][PASSED] - println(x): null

13-01-2025T07:10:46 - [TEST_STEP][FAILED] - return x: null

13-01-2025T07:10:46 - [TEST_STEP][PASSED] - println(o1R + "/" + o1B): null

13-01-2025T07:10:46 - [TEST_STEP][PASSED] - if (verifyEqual(PercFactR, PercFactB) == false): Actual object '36.33' and expected object '36.33' are equal

13-01-2025T07:10:46 - [MESSAGE][PASSED] - Actual object '36.33' and expected object '36.33' are equal

13-01-2025T07:10:46 - [TEST_STEP][FAILED] - if (verifyEqual(vR, vB) == false): null

13-01-2025T07:10:46 - [MESSAGE][FAILED] - Unable to verify equal between actual object 'Россети Волга/нет данных/нет данных/нет данных/нет данных/нет данных/нет данных/нет данных/нет данных/нет данных' and expected object 'Россети Волга/5.53/5.14/48927820/46410515/2517305/479095/нет данных/нет данных/-0.38' (Root cause: com.kms.katalon.core.exception.StepFailedException: Actual object 'Россети Волга/нет данных/нет данных/нет данных/нет данных/нет данных/нет данных/нет данных/нет данных/нет данных' and expected object 'Россети Волга/5.53/5.14/48927820/46410515/2517305/479095/нет данных/нет данных/-0.38' are not equal
	at com.kms.katalon.core.keyword.builtin.VerifyEqualKeyword$_verifyEqual_closure1.doCall(VerifyEqualKeyword.groovy:58)
	at com.kms.katalon.core.keyword.builtin.VerifyEqualKeyword$_verifyEqual_closure1.call(VerifyEqualKeyword.groovy)
	at com.kms.katalon.core.keyword.internal.KeywordMain.runKeyword(KeywordMain.groovy:75)
	at com.kms.katalon.core.keyword.builtin.VerifyEqualKeyword.verifyEqual(VerifyEqualKeyword.groovy:63)
	at com.kms.katalon.core.keyword.builtin.VerifyEqualKeyword.execute(VerifyEqualKeyword.groovy:44)
	at com.kms.katalon.core.keyword.internal.KeywordExecutor.executeKeywordForPlatform(KeywordExecutor.groovy:74)
	at com.kms.katalon.core.keyword.BuiltinKeywords.verifyEqual(BuiltinKeywords.groovy:146)
	at jdk.internal.reflect.GeneratedMethodAccessor25.invoke(Unknown Source)
	at java.base/jdk.internal.reflect.DelegatingMethodAccessorImpl.invoke(DelegatingMethodAccessorImpl.java:43)
	at Выполнение бизнес-плана сверка дашбордов - Copy.run(Выполнение бизнес-плана сверка дашбордов - Copy:597)
	at com.kms.katalon.core.main.ScriptEngine.run(ScriptEngine.java:194)
	at com.kms.katalon.core.main.ScriptEngine.runScriptAsRawText(ScriptEngine.java:119)
	at com.kms.katalon.core.main.TestCaseExecutor.runScript(TestCaseExecutor.java:448)
	at com.kms.katalon.core.main.TestCaseExecutor.doExecute(TestCaseExecutor.java:439)
	at com.kms.katalon.core.main.TestCaseExecutor.processExecutionPhase(TestCaseExecutor.java:418)
	at com.kms.katalon.core.main.TestCaseExecutor.accessMainPhase(TestCaseExecutor.java:410)
	at com.kms.katalon.core.main.TestCaseExecutor.execute(TestCaseExecutor.java:285)
	at com.kms.katalon.core.common.CommonExecutor.accessTestCaseMainPhase(CommonExecutor.java:65)
	at com.kms.katalon.core.main.TestSuiteExecutor.accessTestSuiteMainPhase(TestSuiteExecutor.java:150)
	at com.kms.katalon.core.main.TestSuiteExecutor.execute(TestSuiteExecutor.java:106)
	at com.kms.katalon.core.main.TestCaseMain.startTestSuite(TestCaseMain.java:180)
	at TempTestSuite1736740835951.run(TempTestSuite1736740835951.groovy:35)
	at java.base/jdk.internal.reflect.NativeMethodAccessorImpl.invoke0(Native Method)
	at java.base/jdk.internal.reflect.NativeMethodAccessorImpl.invoke(NativeMethodAccessorImpl.java:77)
	at java.base/jdk.internal.reflect.DelegatingMethodAccessorImpl.invoke(DelegatingMethodAccessorImpl.java:43)
)

13-01-2025T07:10:46 - [TEST_STEP][PASSED] - result = CompareDZOData(a = vR, b = vB, dZO, typeOfData, PercPlanR, PercPlanB, PercFactR, PercFactB, todaysDate, x, vidget, tabR, tabB, o1R, o1B): null

13-01-2025T07:10:46 - [TEST_STEP][PASSED] - ii2 = <not implemented yet for class: org.codehaus.groovy.ast.expr.EmptyExpression>: null

13-01-2025T07:10:46 - [TEST_STEP][FAILED] - if (verifyEqual(a, b) == false): null

13-01-2025T07:10:46 - [MESSAGE][FAILED] - Unable to verify equal between actual object 'Россети Волга/нет данных/нет данных/нет данных/нет данных/нет данных/нет данных/нет данных/нет данных/нет данных' and expected object 'Россети Волга/5.53/5.14/48927820/46410515/2517305/479095/нет данных/нет данных/-0.38' (Root cause: com.kms.katalon.core.exception.StepFailedException: Actual object 'Россети Волга/нет данных/нет данных/нет данных/нет данных/нет данных/нет данных/нет данных/нет данных/нет данных' and expected object 'Россети Волга/5.53/5.14/48927820/46410515/2517305/479095/нет данных/нет данных/-0.38' are not equal
	at com.kms.katalon.core.keyword.builtin.VerifyEqualKeyword$_verifyEqual_closure1.doCall(VerifyEqualKeyword.groovy:58)
	at com.kms.katalon.core.keyword.builtin.VerifyEqualKeyword$_verifyEqual_closure1.call(VerifyEqualKeyword.groovy)
	at com.kms.katalon.core.keyword.internal.KeywordMain.runKeyword(KeywordMain.groovy:75)
	at com.kms.katalon.core.keyword.builtin.VerifyEqualKeyword.verifyEqual(VerifyEqualKeyword.groovy:63)
	at com.kms.katalon.core.keyword.builtin.VerifyEqualKeyword.execute(VerifyEqualKeyword.groovy:44)
	at com.kms.katalon.core.keyword.internal.KeywordExecutor.executeKeywordForPlatform(KeywordExecutor.groovy:74)
	at com.kms.katalon.core.keyword.BuiltinKeywords.verifyEqual(BuiltinKeywords.groovy:146)
	at jdk.internal.reflect.GeneratedMethodAccessor25.invoke(Unknown Source)
	at java.base/jdk.internal.reflect.DelegatingMethodAccessorImpl.invoke(DelegatingMethodAccessorImpl.java:43)
	at Выполнение бизнес-плана сверка дашбордов - Copy.CompareDZOData(Выполнение бизнес-плана сверка дашбордов - Copy:673)
	at Выполнение бизнес-плана сверка дашбордов - Copy.run(Выполнение бизнес-плана сверка дашбордов - Copy:598)
	at com.kms.katalon.core.main.ScriptEngine.run(ScriptEngine.java:194)
	at com.kms.katalon.core.main.ScriptEngine.runScriptAsRawText(ScriptEngine.java:119)
	at com.kms.katalon.core.main.TestCaseExecutor.runScript(TestCaseExecutor.java:448)
	at com.kms.katalon.core.main.TestCaseExecutor.doExecute(TestCaseExecutor.java:439)
	at com.kms.katalon.core.main.TestCaseExecutor.processExecutionPhase(TestCaseExecutor.java:418)
	at com.kms.katalon.core.main.TestCaseExecutor.accessMainPhase(TestCaseExecutor.java:410)
	at com.kms.katalon.core.main.TestCaseExecutor.execute(TestCaseExecutor.java:285)
	at com.kms.katalon.core.common.CommonExecutor.accessTestCaseMainPhase(CommonExecutor.java:65)
	at com.kms.katalon.core.main.TestSuiteExecutor.accessTestSuiteMainPhase(TestSuiteExecutor.java:150)
	at com.kms.katalon.core.main.TestSuiteExecutor.execute(TestSuiteExecutor.java:106)
	at com.kms.katalon.core.main.TestCaseMain.startTestSuite(TestCaseMain.java:180)
	at TempTestSuite1736740835951.run(TempTestSuite1736740835951.groovy:35)
	at java.base/jdk.internal.reflect.NativeMethodAccessorImpl.invoke0(Native Method)
	at java.base/jdk.internal.reflect.NativeMethodAccessorImpl.invoke(NativeMethodAccessorImpl.java:77)
	at java.base/jdk.internal.reflect.DelegatingMethodAccessorImpl.invoke(DelegatingMethodAccessorImpl.java:43)
)

13-01-2025T07:10:46 - [TEST_STEP][PASSED] - vidget = "Уровень потерь электроэнергии": null

13-01-2025T07:10:46 - [TEST_STEP][PASSED] - typeOfData = "План": null

13-01-2025T07:10:46 - [TEST_STEP][PASSED] - PercPlanR = GetPercPlanR(x = a): null

13-01-2025T07:10:46 - [TEST_STEP][PASSED] - i1 = <not implemented yet for class: org.codehaus.groovy.ast.expr.EmptyExpression>: null

13-01-2025T07:10:46 - [TEST_STEP][PASSED] - i1 = x.indexOf("/") + 1: null

13-01-2025T07:10:46 - [TEST_STEP][PASSED] - if (i1 > -1): null

13-01-2025T07:10:46 - [TEST_STEP][PASSED] - x = x.substring(i1, x.length()): null

13-01-2025T07:10:46 - [TEST_STEP][PASSED] - i1 = x.indexOf("/"): null

13-01-2025T07:10:46 - [TEST_STEP][PASSED] - if (i1 > -1): null

13-01-2025T07:10:46 - [TEST_STEP][PASSED] - x = x.substring(0, i1): null

13-01-2025T07:10:46 - [TEST_STEP][PASSED] - return x: null

13-01-2025T07:10:46 - [TEST_STEP][PASSED] - PercPlanB = GetPercPlanB(x = b): null

13-01-2025T07:10:46 - [TEST_STEP][PASSED] - i1 = <not implemented yet for class: org.codehaus.groovy.ast.expr.EmptyExpression>: null

13-01-2025T07:10:46 - [TEST_STEP][PASSED] - i1 = x.indexOf("/") + 1: null

13-01-2025T07:10:46 - [TEST_STEP][PASSED] - if (i1 > -1): null

13-01-2025T07:10:46 - [TEST_STEP][PASSED] - x = x.substring(i1, x.length()): null

13-01-2025T07:10:46 - [TEST_STEP][PASSED] - i1 = x.indexOf("/"): null

13-01-2025T07:10:46 - [TEST_STEP][PASSED] - if (i1 > -1): null

13-01-2025T07:10:46 - [TEST_STEP][PASSED] - x = x.substring(0, i1): null

13-01-2025T07:10:46 - [TEST_STEP][FAILED] - return x: null

13-01-2025T07:10:46 - [TEST_STEP][FAILED] - if (verifyEqual(PercPlanR, PercPlanB) == false): null

13-01-2025T07:10:46 - [MESSAGE][FAILED] - Unable to verify equal between actual object 'нет данных' and expected object '5.53' (Root cause: com.kms.katalon.core.exception.StepFailedException: Actual object 'нет данных' and expected object '5.53' are not equal
	at com.kms.katalon.core.keyword.builtin.VerifyEqualKeyword$_verifyEqual_closure1.doCall(VerifyEqualKeyword.groovy:58)
	at com.kms.katalon.core.keyword.builtin.VerifyEqualKeyword$_verifyEqual_closure1.call(VerifyEqualKeyword.groovy)
	at com.kms.katalon.core.keyword.internal.KeywordMain.runKeyword(KeywordMain.groovy:75)
	at com.kms.katalon.core.keyword.builtin.VerifyEqualKeyword.verifyEqual(VerifyEqualKeyword.groovy:63)
	at com.kms.katalon.core.keyword.builtin.VerifyEqualKeyword.execute(VerifyEqualKeyword.groovy:44)
	at com.kms.katalon.core.keyword.internal.KeywordExecutor.executeKeywordForPlatform(KeywordExecutor.groovy:74)
	at com.kms.katalon.core.keyword.BuiltinKeywords.verifyEqual(BuiltinKeywords.groovy:146)
	at jdk.internal.reflect.GeneratedMethodAccessor25.invoke(Unknown Source)
	at java.base/jdk.internal.reflect.DelegatingMethodAccessorImpl.invoke(DelegatingMethodAccessorImpl.java:43)
	at Выполнение бизнес-плана сверка дашбордов - Copy.CompareDZOData(Выполнение бизнес-плана сверка дашбордов - Copy:682)
	at Выполнение бизнес-плана сверка дашбордов - Copy.run(Выполнение бизнес-плана сверка дашбордов - Copy:598)
	at com.kms.katalon.core.main.ScriptEngine.run(ScriptEngine.java:194)
	at com.kms.katalon.core.main.ScriptEngine.runScriptAsRawText(ScriptEngine.java:119)
	at com.kms.katalon.core.main.TestCaseExecutor.runScript(TestCaseExecutor.java:448)
	at com.kms.katalon.core.main.TestCaseExecutor.doExecute(TestCaseExecutor.java:439)
	at com.kms.katalon.core.main.TestCaseExecutor.processExecutionPhase(TestCaseExecutor.java:418)
	at com.kms.katalon.core.main.TestCaseExecutor.accessMainPhase(TestCaseExecutor.java:410)
	at com.kms.katalon.core.main.TestCaseExecutor.execute(TestCaseExecutor.java:285)
	at com.kms.katalon.core.common.CommonExecutor.accessTestCaseMainPhase(CommonExecutor.java:65)
	at com.kms.katalon.core.main.TestSuiteExecutor.accessTestSuiteMainPhase(TestSuiteExecutor.java:150)
	at com.kms.katalon.core.main.TestSuiteExecutor.execute(TestSuiteExecutor.java:106)
	at com.kms.katalon.core.main.TestCaseMain.startTestSuite(TestCaseMain.java:180)
	at TempTestSuite1736740835951.run(TempTestSuite1736740835951.groovy:35)
	at java.base/jdk.internal.reflect.NativeMethodAccessorImpl.invoke0(Native Method)
	at java.base/jdk.internal.reflect.NativeMethodAccessorImpl.invoke(NativeMethodAccessorImpl.java:77)
	at java.base/jdk.internal.reflect.DelegatingMethodAccessorImpl.invoke(DelegatingMethodAccessorImpl.java:43)
)

13-01-2025T07:10:46 - [TEST_STEP][PASSED] - result = WriteToExcel(typeOfData, todaysDate, PercPlanR, PercPlanB, PercFactR, PercFactB, x, tabR, tabB, o1R, o1B, vidget): null

13-01-2025T07:10:46 - [TEST_STEP][PASSED] - iii = dZO.indexOf("/"): null

13-01-2025T07:10:46 - [TEST_STEP][PASSED] - println(iii): null

13-01-2025T07:10:46 - [TEST_STEP][PASSED] - dZO = dZO.substring(0, iii): null

13-01-2025T07:10:46 - [TEST_STEP][PASSED] - println(dZO): null

13-01-2025T07:10:46 - [TEST_STEP][PASSED] - println(PercPlanR): null

13-01-2025T07:10:46 - [TEST_STEP][PASSED] - println(PercPlanB): null

13-01-2025T07:10:46 - [TEST_STEP][PASSED] - println(PercFactR): null

13-01-2025T07:10:46 - [TEST_STEP][PASSED] - println(PercFactB): null

13-01-2025T07:10:46 - [TEST_STEP][PASSED] - println(tabR): null

13-01-2025T07:10:46 - [TEST_STEP][PASSED] - println(tabB): null

13-01-2025T07:10:46 - [TEST_STEP][PASSED] - println(o1R): null

13-01-2025T07:10:46 - [TEST_STEP][PASSED] - println(o1B): null

13-01-2025T07:10:46 - [TEST_STEP][PASSED] - PR = <not implemented yet for class: org.codehaus.groovy.ast.expr.EmptyExpression>: null

13-01-2025T07:10:46 - [TEST_STEP][PASSED] - FR = <not implemented yet for class: org.codehaus.groovy.ast.expr.EmptyExpression>: null

13-01-2025T07:10:46 - [TEST_STEP][PASSED] - PB = <not implemented yet for class: org.codehaus.groovy.ast.expr.EmptyExpression>: null

13-01-2025T07:10:46 - [TEST_STEP][PASSED] - FB = <not implemented yet for class: org.codehaus.groovy.ast.expr.EmptyExpression>: null

13-01-2025T07:10:46 - [TEST_STEP][PASSED] - TR = <not implemented yet for class: org.codehaus.groovy.ast.expr.EmptyExpression>: null

13-01-2025T07:10:46 - [TEST_STEP][PASSED] - TB = <not implemented yet for class: org.codehaus.groovy.ast.expr.EmptyExpression>: null

13-01-2025T07:10:46 - [TEST_STEP][PASSED] - sheetName = "Sheet1": null

13-01-2025T07:10:46 - [TEST_STEP][PASSED] - data = findTestData("PlanFact"): null

13-01-2025T07:10:46 - [TEST_STEP][PASSED] - n = data.getRowNumbers() + 1: null

13-01-2025T07:10:46 - [TEST_STEP][PASSED] - year = todaysDate.substring(todaysDate.length() - 4, todaysDate.length()): null

13-01-2025T07:10:46 - [TEST_STEP][PASSED] - y = year.toInteger(): null

13-01-2025T07:10:46 - [TEST_STEP][PASSED] - m = getText(findTestObject("Выполнение бизнес-плана/Выполнение бизнес-плана Балансы/Фильтр Дата")): Text of object 'Object Repository/Выполнение бизнес-плана/Выполнение бизнес-плана Балансы/Фильтр Дата' is: '1, 2, 3 кв., Октябрь, Ноябрь 2024 года'

13-01-2025T07:10:46 - [MESSAGE][PASSED] - Text of object 'Object Repository/Выполнение бизнес-плана/Выполнение бизнес-плана Балансы/Фильтр Дата' is: '1, 2, 3 кв., Октябрь, Ноябрь 2024 года'

13-01-2025T07:10:46 - [TEST_STEP][PASSED] - m = m.substring(0, m.indexOf("2024")): null

13-01-2025T07:10:46 - [TEST_STEP][PASSED] - m = m.trim(): null

13-01-2025T07:10:46 - [TEST_STEP][PASSED] - dashboardName = "Выполнение бизнес-плана": null

13-01-2025T07:10:46 - [TEST_STEP][PASSED] - workbook01 = getWorkbook(excelFilePath): null

13-01-2025T07:10:46 - [TEST_STEP][PASSED] - sheet01 = getExcelSheet(workbook01, sheetName): null

13-01-2025T07:10:46 - [TEST_STEP][PASSED] - setValueToCellByIndex(sheet01, n, 0, dashboardName): null

13-01-2025T07:10:46 - [TEST_STEP][PASSED] - setValueToCellByIndex(sheet01, n, 1, dZO): null

13-01-2025T07:10:46 - [TEST_STEP][PASSED] - setValueToCellByIndex(sheet01, n, 2, typeOfData): null

13-01-2025T07:10:46 - [TEST_STEP][PASSED] - setValueToCellByIndex(sheet01, n, 3, typeOfData): null

13-01-2025T07:10:46 - [TEST_STEP][PASSED] - if (typeOfData == "План"): null

13-01-2025T07:10:46 - [TEST_STEP][PASSED] - if (PercPlanR == null): null

13-01-2025T07:10:46 - [TEST_STEP][PASSED] - else: null

13-01-2025T07:10:46 - [TEST_STEP][PASSED] - if (PercPlanR == "нет данных"): null

13-01-2025T07:10:46 - [TEST_STEP][PASSED] - setValueToCellByIndex(sheet01, n, 4, "нет данных"): null

13-01-2025T07:10:46 - [TEST_STEP][PASSED] - if (PercPlanB == null): null

13-01-2025T07:10:46 - [TEST_STEP][PASSED] - else: null

13-01-2025T07:10:46 - [TEST_STEP][PASSED] - if (PercPlanB == "нет данных"): null

13-01-2025T07:10:46 - [TEST_STEP][PASSED] - else: null

13-01-2025T07:10:46 - [TEST_STEP][PASSED] - PB = PercPlanB.toDouble(): null

13-01-2025T07:10:46 - [TEST_STEP][PASSED] - setValueToCellByIndex(sheet01, n, 5, PB): null

13-01-2025T07:10:46 - [TEST_STEP][PASSED] - setValueToCellByIndex(sheet01, n, 6, m): null

13-01-2025T07:10:46 - [TEST_STEP][PASSED] - setValueToCellByIndex(sheet01, n, 7, y): null

13-01-2025T07:10:46 - [TEST_STEP][PASSED] - setValueToCellByIndex(sheet01, n, 8, todaysDate): null

13-01-2025T07:10:46 - [TEST_STEP][PASSED] - n = n + 1: null

13-01-2025T07:10:46 - [TEST_STEP][PASSED] - saveWorkbook(excelFilePath, workbook01): null

13-01-2025T07:10:46 - [TEST_STEP][PASSED] - typeOfData = "Факт": null

13-01-2025T07:10:46 - [TEST_STEP][PASSED] - PercFactR = GetPercFactR(x = a): null

13-01-2025T07:10:46 - [TEST_STEP][PASSED] - i1 = <not implemented yet for class: org.codehaus.groovy.ast.expr.EmptyExpression>: null

13-01-2025T07:10:46 - [TEST_STEP][PASSED] - ii = <not implemented yet for class: org.codehaus.groovy.ast.expr.EmptyExpression>: null

13-01-2025T07:10:46 - [TEST_STEP][PASSED] - for ([ii = 1, ii < 3, (ii++)]): null

13-01-2025T07:10:46 - [TEST_STEP][PASSED] - i1 = x.indexOf("/") + 1: null

13-01-2025T07:10:46 - [TEST_STEP][PASSED] - if (i1 > -1): null

13-01-2025T07:10:46 - [TEST_STEP][PASSED] - x = x.substring(i1, x.length()): null

13-01-2025T07:10:46 - [TEST_STEP][PASSED] - println(x): null

13-01-2025T07:10:46 - [TEST_STEP][PASSED] - i1 = x.indexOf("/") + 1: null

13-01-2025T07:10:46 - [TEST_STEP][PASSED] - if (i1 > -1): null

13-01-2025T07:10:46 - [TEST_STEP][PASSED] - x = x.substring(i1, x.length()): null

13-01-2025T07:10:46 - [TEST_STEP][PASSED] - println(x): null

13-01-2025T07:10:46 - [TEST_STEP][PASSED] - i1 = x.indexOf("/"): null

13-01-2025T07:10:46 - [TEST_STEP][PASSED] - if (i1 > -1): null

13-01-2025T07:10:46 - [TEST_STEP][PASSED] - x = x.substring(0, i1): null

13-01-2025T07:10:46 - [TEST_STEP][PASSED] - println(x): null

13-01-2025T07:10:46 - [TEST_STEP][PASSED] - return x: null

13-01-2025T07:10:46 - [TEST_STEP][PASSED] - PercFactB = GetPercFactB(x = b): null

13-01-2025T07:10:46 - [TEST_STEP][PASSED] - i1 = <not implemented yet for class: org.codehaus.groovy.ast.expr.EmptyExpression>: null

13-01-2025T07:10:46 - [TEST_STEP][PASSED] - ii = <not implemented yet for class: org.codehaus.groovy.ast.expr.EmptyExpression>: null

13-01-2025T07:10:46 - [TEST_STEP][PASSED] - for ([ii = 1, ii < 3, (ii++)]): null

13-01-2025T07:10:46 - [TEST_STEP][PASSED] - i1 = x.indexOf("/") + 1: null

13-01-2025T07:10:46 - [TEST_STEP][PASSED] - if (i1 > -1): null

13-01-2025T07:10:46 - [TEST_STEP][PASSED] - x = x.substring(i1, x.length()): null

13-01-2025T07:10:46 - [TEST_STEP][PASSED] - println(x): null

13-01-2025T07:10:46 - [TEST_STEP][PASSED] - i1 = x.indexOf("/") + 1: null

13-01-2025T07:10:46 - [TEST_STEP][PASSED] - if (i1 > -1): null

13-01-2025T07:10:46 - [TEST_STEP][PASSED] - x = x.substring(i1, x.length()): null

13-01-2025T07:10:46 - [TEST_STEP][PASSED] - println(x): null

13-01-2025T07:10:46 - [TEST_STEP][PASSED] - i1 = x.indexOf("/"): null

13-01-2025T07:10:46 - [TEST_STEP][PASSED] - if (i1 > -1): null

13-01-2025T07:10:46 - [TEST_STEP][PASSED] - x = x.substring(0, i1): null

13-01-2025T07:10:46 - [TEST_STEP][PASSED] - println(x): null

13-01-2025T07:10:46 - [TEST_STEP][FAILED] - return x: null

13-01-2025T07:10:46 - [TEST_STEP][FAILED] - if (verifyEqual(PercFactR, PercFactB) == false): null

13-01-2025T07:10:46 - [MESSAGE][FAILED] - Unable to verify equal between actual object 'нет данных' and expected object '5.14' (Root cause: com.kms.katalon.core.exception.StepFailedException: Actual object 'нет данных' and expected object '5.14' are not equal
	at com.kms.katalon.core.keyword.builtin.VerifyEqualKeyword$_verifyEqual_closure1.doCall(VerifyEqualKeyword.groovy:58)
	at com.kms.katalon.core.keyword.builtin.VerifyEqualKeyword$_verifyEqual_closure1.call(VerifyEqualKeyword.groovy)
	at com.kms.katalon.core.keyword.internal.KeywordMain.runKeyword(KeywordMain.groovy:75)
	at com.kms.katalon.core.keyword.builtin.VerifyEqualKeyword.verifyEqual(VerifyEqualKeyword.groovy:63)
	at com.kms.katalon.core.keyword.builtin.VerifyEqualKeyword.execute(VerifyEqualKeyword.groovy:44)
	at com.kms.katalon.core.keyword.internal.KeywordExecutor.executeKeywordForPlatform(KeywordExecutor.groovy:74)
	at com.kms.katalon.core.keyword.BuiltinKeywords.verifyEqual(BuiltinKeywords.groovy:146)
	at jdk.internal.reflect.GeneratedMethodAccessor25.invoke(Unknown Source)
	at java.base/jdk.internal.reflect.DelegatingMethodAccessorImpl.invoke(DelegatingMethodAccessorImpl.java:43)
	at Выполнение бизнес-плана сверка дашбордов - Copy.CompareDZOData(Выполнение бизнес-плана сверка дашбордов - Copy:693)
	at Выполнение бизнес-плана сверка дашбордов - Copy.run(Выполнение бизнес-плана сверка дашбордов - Copy:598)
	at com.kms.katalon.core.main.ScriptEngine.run(ScriptEngine.java:194)
	at com.kms.katalon.core.main.ScriptEngine.runScriptAsRawText(ScriptEngine.java:119)
	at com.kms.katalon.core.main.TestCaseExecutor.runScript(TestCaseExecutor.java:448)
	at com.kms.katalon.core.main.TestCaseExecutor.doExecute(TestCaseExecutor.java:439)
	at com.kms.katalon.core.main.TestCaseExecutor.processExecutionPhase(TestCaseExecutor.java:418)
	at com.kms.katalon.core.main.TestCaseExecutor.accessMainPhase(TestCaseExecutor.java:410)
	at com.kms.katalon.core.main.TestCaseExecutor.execute(TestCaseExecutor.java:285)
	at com.kms.katalon.core.common.CommonExecutor.accessTestCaseMainPhase(CommonExecutor.java:65)
	at com.kms.katalon.core.main.TestSuiteExecutor.accessTestSuiteMainPhase(TestSuiteExecutor.java:150)
	at com.kms.katalon.core.main.TestSuiteExecutor.execute(TestSuiteExecutor.java:106)
	at com.kms.katalon.core.main.TestCaseMain.startTestSuite(TestCaseMain.java:180)
	at TempTestSuite1736740835951.run(TempTestSuite1736740835951.groovy:35)
	at java.base/jdk.internal.reflect.NativeMethodAccessorImpl.invoke0(Native Method)
	at java.base/jdk.internal.reflect.NativeMethodAccessorImpl.invoke(NativeMethodAccessorImpl.java:77)
	at java.base/jdk.internal.reflect.DelegatingMethodAccessorImpl.invoke(DelegatingMethodAccessorImpl.java:43)
)

13-01-2025T07:10:46 - [TEST_STEP][PASSED] - result = WriteToExcel(typeOfData, todaysDate, PercPlanR, PercPlanB, PercFactR, PercFactB, x, tabR, tabB, o1R, o1B, vidget): null

13-01-2025T07:10:46 - [TEST_STEP][PASSED] - iii = dZO.indexOf("/"): null

13-01-2025T07:10:46 - [TEST_STEP][PASSED] - println(iii): null

13-01-2025T07:10:46 - [TEST_STEP][PASSED] - dZO = dZO.substring(0, iii): null

13-01-2025T07:10:46 - [TEST_STEP][PASSED] - println(dZO): null

13-01-2025T07:10:46 - [TEST_STEP][PASSED] - println(PercPlanR): null

13-01-2025T07:10:46 - [TEST_STEP][PASSED] - println(PercPlanB): null

13-01-2025T07:10:46 - [TEST_STEP][PASSED] - println(PercFactR): null

13-01-2025T07:10:46 - [TEST_STEP][PASSED] - println(PercFactB): null

13-01-2025T07:10:46 - [TEST_STEP][PASSED] - println(tabR): null

13-01-2025T07:10:46 - [TEST_STEP][PASSED] - println(tabB): null

13-01-2025T07:10:46 - [TEST_STEP][PASSED] - println(o1R): null

13-01-2025T07:10:46 - [TEST_STEP][PASSED] - println(o1B): null

13-01-2025T07:10:46 - [TEST_STEP][PASSED] - PR = <not implemented yet for class: org.codehaus.groovy.ast.expr.EmptyExpression>: null

13-01-2025T07:10:46 - [TEST_STEP][PASSED] - FR = <not implemented yet for class: org.codehaus.groovy.ast.expr.EmptyExpression>: null

13-01-2025T07:10:46 - [TEST_STEP][PASSED] - PB = <not implemented yet for class: org.codehaus.groovy.ast.expr.EmptyExpression>: null

13-01-2025T07:10:46 - [TEST_STEP][PASSED] - FB = <not implemented yet for class: org.codehaus.groovy.ast.expr.EmptyExpression>: null

13-01-2025T07:10:46 - [TEST_STEP][PASSED] - TR = <not implemented yet for class: org.codehaus.groovy.ast.expr.EmptyExpression>: null

13-01-2025T07:10:46 - [TEST_STEP][PASSED] - TB = <not implemented yet for class: org.codehaus.groovy.ast.expr.EmptyExpression>: null

13-01-2025T07:10:46 - [TEST_STEP][PASSED] - sheetName = "Sheet1": null

13-01-2025T07:10:46 - [TEST_STEP][PASSED] - data = findTestData("PlanFact"): null

13-01-2025T07:10:46 - [TEST_STEP][PASSED] - n = data.getRowNumbers() + 1: null

13-01-2025T07:10:46 - [TEST_STEP][PASSED] - year = todaysDate.substring(todaysDate.length() - 4, todaysDate.length()): null

13-01-2025T07:10:46 - [TEST_STEP][PASSED] - y = year.toInteger(): null

13-01-2025T07:10:46 - [TEST_STEP][PASSED] - m = getText(findTestObject("Выполнение бизнес-плана/Выполнение бизнес-плана Балансы/Фильтр Дата")): Text of object 'Object Repository/Выполнение бизнес-плана/Выполнение бизнес-плана Балансы/Фильтр Дата' is: '1, 2, 3 кв., Октябрь, Ноябрь 2024 года'

13-01-2025T07:10:47 - [MESSAGE][PASSED] - Text of object 'Object Repository/Выполнение бизнес-плана/Выполнение бизнес-плана Балансы/Фильтр Дата' is: '1, 2, 3 кв., Октябрь, Ноябрь 2024 года'

13-01-2025T07:10:47 - [TEST_STEP][PASSED] - m = m.substring(0, m.indexOf("2024")): null

13-01-2025T07:10:47 - [TEST_STEP][PASSED] - m = m.trim(): null

13-01-2025T07:10:47 - [TEST_STEP][PASSED] - dashboardName = "Выполнение бизнес-плана": null

13-01-2025T07:10:47 - [TEST_STEP][PASSED] - workbook01 = getWorkbook(excelFilePath): null

13-01-2025T07:10:47 - [TEST_STEP][PASSED] - sheet01 = getExcelSheet(workbook01, sheetName): null

13-01-2025T07:10:47 - [TEST_STEP][PASSED] - setValueToCellByIndex(sheet01, n, 0, dashboardName): null

13-01-2025T07:10:47 - [TEST_STEP][PASSED] - setValueToCellByIndex(sheet01, n, 1, dZO): null

13-01-2025T07:10:47 - [TEST_STEP][PASSED] - setValueToCellByIndex(sheet01, n, 2, typeOfData): null

13-01-2025T07:10:47 - [TEST_STEP][PASSED] - setValueToCellByIndex(sheet01, n, 3, typeOfData): null

13-01-2025T07:10:47 - [TEST_STEP][PASSED] - if (typeOfData == "План"): null

13-01-2025T07:10:47 - [TEST_STEP][PASSED] - else if (typeOfData == "Факт"): null

13-01-2025T07:10:47 - [TEST_STEP][PASSED] - if (PercFactR == null): null

13-01-2025T07:10:47 - [TEST_STEP][PASSED] - else: null

13-01-2025T07:10:47 - [TEST_STEP][PASSED] - if (PercFactR == "нет данных"): null

13-01-2025T07:10:47 - [TEST_STEP][PASSED] - setValueToCellByIndex(sheet01, n, 4, "нет данных"): null

13-01-2025T07:10:47 - [TEST_STEP][PASSED] - if (PercFactB == null): null

13-01-2025T07:10:47 - [TEST_STEP][PASSED] - else: null

13-01-2025T07:10:47 - [TEST_STEP][PASSED] - if (PercFactB == "нет данных"): null

13-01-2025T07:10:47 - [TEST_STEP][PASSED] - else: null

13-01-2025T07:10:47 - [TEST_STEP][PASSED] - FB = PercFactB.toDouble(): null

13-01-2025T07:10:47 - [TEST_STEP][PASSED] - setValueToCellByIndex(sheet01, n, 5, FB): null

13-01-2025T07:10:47 - [TEST_STEP][PASSED] - setValueToCellByIndex(sheet01, n, 6, m): null

13-01-2025T07:10:47 - [TEST_STEP][PASSED] - setValueToCellByIndex(sheet01, n, 7, y): null

13-01-2025T07:10:47 - [TEST_STEP][PASSED] - setValueToCellByIndex(sheet01, n, 8, todaysDate): null

13-01-2025T07:10:47 - [TEST_STEP][PASSED] - n = n + 1: null

13-01-2025T07:10:47 - [TEST_STEP][PASSED] - saveWorkbook(excelFilePath, workbook01): null

13-01-2025T07:10:47 - [TEST_STEP][PASSED] - vidget = "Показатели баланса электроэнергии по ДЗО – Факт": null

13-01-2025T07:10:47 - [TEST_STEP][PASSED] - typeOfData = "Факт Отпуск в сеть": null

13-01-2025T07:10:47 - [TEST_STEP][PASSED] - tabR = GetOvSFactR(x = a): null

13-01-2025T07:10:47 - [TEST_STEP][PASSED] - i1 = <not implemented yet for class: org.codehaus.groovy.ast.expr.EmptyExpression>: null

13-01-2025T07:10:47 - [TEST_STEP][PASSED] - ii = <not implemented yet for class: org.codehaus.groovy.ast.expr.EmptyExpression>: null

13-01-2025T07:10:47 - [TEST_STEP][PASSED] - for ([ii = 1, ii < 4, (ii++)]): null

13-01-2025T07:10:47 - [TEST_STEP][PASSED] - i1 = x.indexOf("/") + 1: null

13-01-2025T07:10:47 - [TEST_STEP][PASSED] - if (i1 > -1): null

13-01-2025T07:10:47 - [TEST_STEP][PASSED] - x = x.substring(i1, x.length()): null

13-01-2025T07:10:47 - [TEST_STEP][PASSED] - println(x): null

13-01-2025T07:10:47 - [TEST_STEP][PASSED] - i1 = x.indexOf("/") + 1: null

13-01-2025T07:10:47 - [TEST_STEP][PASSED] - if (i1 > -1): null

13-01-2025T07:10:47 - [TEST_STEP][PASSED] - x = x.substring(i1, x.length()): null

13-01-2025T07:10:47 - [TEST_STEP][PASSED] - println(x): null

13-01-2025T07:10:47 - [TEST_STEP][PASSED] - i1 = x.indexOf("/") + 1: null

13-01-2025T07:10:47 - [TEST_STEP][PASSED] - if (i1 > -1): null

13-01-2025T07:10:47 - [TEST_STEP][PASSED] - x = x.substring(i1, x.length()): null

13-01-2025T07:10:47 - [TEST_STEP][PASSED] - println(x): null

13-01-2025T07:10:47 - [TEST_STEP][PASSED] - i1 = x.indexOf("/"): null

13-01-2025T07:10:47 - [TEST_STEP][PASSED] - if (i1 > -1): null

13-01-2025T07:10:47 - [TEST_STEP][PASSED] - x = x.substring(0, i1): null

13-01-2025T07:10:47 - [TEST_STEP][PASSED] - println(x): null

13-01-2025T07:10:47 - [TEST_STEP][PASSED] - return x: null

13-01-2025T07:10:47 - [TEST_STEP][PASSED] - tabB = GetOvSFactB(x = b): null

13-01-2025T07:10:47 - [TEST_STEP][PASSED] - i1 = <not implemented yet for class: org.codehaus.groovy.ast.expr.EmptyExpression>: null

13-01-2025T07:10:47 - [TEST_STEP][PASSED] - ii = <not implemented yet for class: org.codehaus.groovy.ast.expr.EmptyExpression>: null

13-01-2025T07:10:47 - [TEST_STEP][PASSED] - for ([ii = 1, ii < 4, (ii++)]): null

13-01-2025T07:10:47 - [TEST_STEP][PASSED] - i1 = x.indexOf("/") + 1: null

13-01-2025T07:10:47 - [TEST_STEP][PASSED] - if (i1 > -1): null

13-01-2025T07:10:47 - [TEST_STEP][PASSED] - x = x.substring(i1, x.length()): null

13-01-2025T07:10:47 - [TEST_STEP][PASSED] - println(x): null

13-01-2025T07:10:47 - [TEST_STEP][PASSED] - i1 = x.indexOf("/") + 1: null

13-01-2025T07:10:47 - [TEST_STEP][PASSED] - if (i1 > -1): null

13-01-2025T07:10:47 - [TEST_STEP][PASSED] - x = x.substring(i1, x.length()): null

13-01-2025T07:10:47 - [TEST_STEP][PASSED] - println(x): null

13-01-2025T07:10:47 - [TEST_STEP][PASSED] - i1 = x.indexOf("/") + 1: null

13-01-2025T07:10:47 - [TEST_STEP][PASSED] - if (i1 > -1): null

13-01-2025T07:10:47 - [TEST_STEP][PASSED] - x = x.substring(i1, x.length()): null

13-01-2025T07:10:47 - [TEST_STEP][PASSED] - println(x): null

13-01-2025T07:10:47 - [TEST_STEP][PASSED] - i1 = x.indexOf("/"): null

13-01-2025T07:10:47 - [TEST_STEP][PASSED] - if (i1 > -1): null

13-01-2025T07:10:47 - [TEST_STEP][PASSED] - x = x.substring(0, i1): null

13-01-2025T07:10:47 - [TEST_STEP][PASSED] - println(x): null

13-01-2025T07:10:47 - [TEST_STEP][FAILED] - return x: null

13-01-2025T07:10:47 - [TEST_STEP][FAILED] - if (verifyEqual(tabR, tabB) == false): null

13-01-2025T07:10:47 - [MESSAGE][FAILED] - Unable to verify equal between actual object 'нет данных' and expected object '48927820' (Root cause: com.kms.katalon.core.exception.StepFailedException: Actual object 'нет данных' and expected object '48927820' are not equal
	at com.kms.katalon.core.keyword.builtin.VerifyEqualKeyword$_verifyEqual_closure1.doCall(VerifyEqualKeyword.groovy:58)
	at com.kms.katalon.core.keyword.builtin.VerifyEqualKeyword$_verifyEqual_closure1.call(VerifyEqualKeyword.groovy)
	at com.kms.katalon.core.keyword.internal.KeywordMain.runKeyword(KeywordMain.groovy:75)
	at com.kms.katalon.core.keyword.builtin.VerifyEqualKeyword.verifyEqual(VerifyEqualKeyword.groovy:63)
	at com.kms.katalon.core.keyword.builtin.VerifyEqualKeyword.execute(VerifyEqualKeyword.groovy:44)
	at com.kms.katalon.core.keyword.internal.KeywordExecutor.executeKeywordForPlatform(KeywordExecutor.groovy:74)
	at com.kms.katalon.core.keyword.BuiltinKeywords.verifyEqual(BuiltinKeywords.groovy:146)
	at jdk.internal.reflect.GeneratedMethodAccessor25.invoke(Unknown Source)
	at java.base/jdk.internal.reflect.DelegatingMethodAccessorImpl.invoke(DelegatingMethodAccessorImpl.java:43)
	at Выполнение бизнес-плана сверка дашбордов - Copy.CompareDZOData(Выполнение бизнес-плана сверка дашбордов - Copy:706)
	at Выполнение бизнес-плана сверка дашбордов - Copy.run(Выполнение бизнес-плана сверка дашбордов - Copy:598)
	at com.kms.katalon.core.main.ScriptEngine.run(ScriptEngine.java:194)
	at com.kms.katalon.core.main.ScriptEngine.runScriptAsRawText(ScriptEngine.java:119)
	at com.kms.katalon.core.main.TestCaseExecutor.runScript(TestCaseExecutor.java:448)
	at com.kms.katalon.core.main.TestCaseExecutor.doExecute(TestCaseExecutor.java:439)
	at com.kms.katalon.core.main.TestCaseExecutor.processExecutionPhase(TestCaseExecutor.java:418)
	at com.kms.katalon.core.main.TestCaseExecutor.accessMainPhase(TestCaseExecutor.java:410)
	at com.kms.katalon.core.main.TestCaseExecutor.execute(TestCaseExecutor.java:285)
	at com.kms.katalon.core.common.CommonExecutor.accessTestCaseMainPhase(CommonExecutor.java:65)
	at com.kms.katalon.core.main.TestSuiteExecutor.accessTestSuiteMainPhase(TestSuiteExecutor.java:150)
	at com.kms.katalon.core.main.TestSuiteExecutor.execute(TestSuiteExecutor.java:106)
	at com.kms.katalon.core.main.TestCaseMain.startTestSuite(TestCaseMain.java:180)
	at TempTestSuite1736740835951.run(TempTestSuite1736740835951.groovy:35)
	at java.base/jdk.internal.reflect.NativeMethodAccessorImpl.invoke0(Native Method)
	at java.base/jdk.internal.reflect.NativeMethodAccessorImpl.invoke(NativeMethodAccessorImpl.java:77)
	at java.base/jdk.internal.reflect.DelegatingMethodAccessorImpl.invoke(DelegatingMethodAccessorImpl.java:43)
)

13-01-2025T07:10:47 - [TEST_STEP][PASSED] - result = WriteToExcel(typeOfData, todaysDate, PercPlanR, PercPlanB, PercFactR, PercFactB, x, tabR, tabB, o1R, o1B, vidget): null

13-01-2025T07:10:47 - [TEST_STEP][PASSED] - iii = dZO.indexOf("/"): null

13-01-2025T07:10:47 - [TEST_STEP][PASSED] - println(iii): null

13-01-2025T07:10:47 - [TEST_STEP][PASSED] - dZO = dZO.substring(0, iii): null

13-01-2025T07:10:47 - [TEST_STEP][PASSED] - println(dZO): null

13-01-2025T07:10:47 - [TEST_STEP][PASSED] - println(PercPlanR): null

13-01-2025T07:10:47 - [TEST_STEP][PASSED] - println(PercPlanB): null

13-01-2025T07:10:47 - [TEST_STEP][PASSED] - println(PercFactR): null

13-01-2025T07:10:47 - [TEST_STEP][PASSED] - println(PercFactB): null

13-01-2025T07:10:47 - [TEST_STEP][PASSED] - println(tabR): null

13-01-2025T07:10:47 - [TEST_STEP][PASSED] - println(tabB): null

13-01-2025T07:10:47 - [TEST_STEP][PASSED] - println(o1R): null

13-01-2025T07:10:47 - [TEST_STEP][PASSED] - println(o1B): null

13-01-2025T07:10:47 - [TEST_STEP][PASSED] - PR = <not implemented yet for class: org.codehaus.groovy.ast.expr.EmptyExpression>: null

13-01-2025T07:10:47 - [TEST_STEP][PASSED] - FR = <not implemented yet for class: org.codehaus.groovy.ast.expr.EmptyExpression>: null

13-01-2025T07:10:47 - [TEST_STEP][PASSED] - PB = <not implemented yet for class: org.codehaus.groovy.ast.expr.EmptyExpression>: null

13-01-2025T07:10:47 - [TEST_STEP][PASSED] - FB = <not implemented yet for class: org.codehaus.groovy.ast.expr.EmptyExpression>: null

13-01-2025T07:10:47 - [TEST_STEP][PASSED] - TR = <not implemented yet for class: org.codehaus.groovy.ast.expr.EmptyExpression>: null

13-01-2025T07:10:47 - [TEST_STEP][PASSED] - TB = <not implemented yet for class: org.codehaus.groovy.ast.expr.EmptyExpression>: null

13-01-2025T07:10:47 - [TEST_STEP][PASSED] - sheetName = "Sheet1": null

13-01-2025T07:10:47 - [TEST_STEP][PASSED] - data = findTestData("PlanFact"): null

13-01-2025T07:10:47 - [TEST_STEP][PASSED] - n = data.getRowNumbers() + 1: null

13-01-2025T07:10:47 - [TEST_STEP][PASSED] - year = todaysDate.substring(todaysDate.length() - 4, todaysDate.length()): null

13-01-2025T07:10:47 - [TEST_STEP][PASSED] - y = year.toInteger(): null

13-01-2025T07:10:47 - [TEST_STEP][PASSED] - m = getText(findTestObject("Выполнение бизнес-плана/Выполнение бизнес-плана Балансы/Фильтр Дата")): Text of object 'Object Repository/Выполнение бизнес-плана/Выполнение бизнес-плана Балансы/Фильтр Дата' is: '1, 2, 3 кв., Октябрь, Ноябрь 2024 года'

13-01-2025T07:10:47 - [MESSAGE][PASSED] - Text of object 'Object Repository/Выполнение бизнес-плана/Выполнение бизнес-плана Балансы/Фильтр Дата' is: '1, 2, 3 кв., Октябрь, Ноябрь 2024 года'

13-01-2025T07:10:47 - [TEST_STEP][PASSED] - m = m.substring(0, m.indexOf("2024")): null

13-01-2025T07:10:47 - [TEST_STEP][PASSED] - m = m.trim(): null

13-01-2025T07:10:47 - [TEST_STEP][PASSED] - dashboardName = "Выполнение бизнес-плана": null

13-01-2025T07:10:47 - [TEST_STEP][PASSED] - workbook01 = getWorkbook(excelFilePath): null

13-01-2025T07:10:47 - [TEST_STEP][PASSED] - sheet01 = getExcelSheet(workbook01, sheetName): null

13-01-2025T07:10:47 - [TEST_STEP][PASSED] - setValueToCellByIndex(sheet01, n, 0, dashboardName): null

13-01-2025T07:10:47 - [TEST_STEP][PASSED] - setValueToCellByIndex(sheet01, n, 1, dZO): null

13-01-2025T07:10:47 - [TEST_STEP][PASSED] - setValueToCellByIndex(sheet01, n, 2, typeOfData): null

13-01-2025T07:10:47 - [TEST_STEP][PASSED] - setValueToCellByIndex(sheet01, n, 3, typeOfData): null

13-01-2025T07:10:47 - [TEST_STEP][PASSED] - if (typeOfData == "План"): null

13-01-2025T07:10:47 - [TEST_STEP][PASSED] - else if (typeOfData == "Факт"): null

13-01-2025T07:10:47 - [TEST_STEP][PASSED] - else if (vidget.contains("электроэнергии") == true): null

13-01-2025T07:10:47 - [TEST_STEP][PASSED] - if (tabR == null): null

13-01-2025T07:10:47 - [TEST_STEP][PASSED] - else: null

13-01-2025T07:10:47 - [TEST_STEP][PASSED] - if (tabR == "нет данных"): null

13-01-2025T07:10:47 - [TEST_STEP][PASSED] - setValueToCellByIndex(sheet01, n, 4, "нет данных"): null

13-01-2025T07:10:47 - [TEST_STEP][PASSED] - if (tabB == null): null

13-01-2025T07:10:47 - [TEST_STEP][PASSED] - else: null

13-01-2025T07:10:47 - [TEST_STEP][PASSED] - if (tabB == "нет данных"): null

13-01-2025T07:10:47 - [TEST_STEP][PASSED] - else: null

13-01-2025T07:10:47 - [TEST_STEP][PASSED] - TB = tabB.toInteger(): null

13-01-2025T07:10:47 - [TEST_STEP][PASSED] - setValueToCellByIndex(sheet01, n, 5, TB): null

13-01-2025T07:10:47 - [TEST_STEP][PASSED] - setValueToCellByIndex(sheet01, n, 6, m): null

13-01-2025T07:10:47 - [TEST_STEP][PASSED] - setValueToCellByIndex(sheet01, n, 7, y): null

13-01-2025T07:10:47 - [TEST_STEP][PASSED] - setValueToCellByIndex(sheet01, n, 8, todaysDate): null

13-01-2025T07:10:47 - [TEST_STEP][PASSED] - n = n + 1: null

13-01-2025T07:10:47 - [TEST_STEP][PASSED] - saveWorkbook(excelFilePath, workbook01): null

13-01-2025T07:10:47 - [TEST_STEP][PASSED] - typeOfData = "Факт Отпуск из сети": null

13-01-2025T07:10:47 - [TEST_STEP][PASSED] - tabR = GetOiSFactR(x = a): null

13-01-2025T07:10:47 - [TEST_STEP][PASSED] - i1 = <not implemented yet for class: org.codehaus.groovy.ast.expr.EmptyExpression>: null

13-01-2025T07:10:47 - [TEST_STEP][PASSED] - ii = <not implemented yet for class: org.codehaus.groovy.ast.expr.EmptyExpression>: null

13-01-2025T07:10:47 - [TEST_STEP][PASSED] - for ([ii = 1, ii < 5, (ii++)]): null

13-01-2025T07:10:47 - [TEST_STEP][PASSED] - i1 = x.indexOf("/") + 1: null

13-01-2025T07:10:47 - [TEST_STEP][PASSED] - if (i1 > -1): null

13-01-2025T07:10:47 - [TEST_STEP][PASSED] - x = x.substring(i1, x.length()): null

13-01-2025T07:10:47 - [TEST_STEP][PASSED] - println(x): null

13-01-2025T07:10:47 - [TEST_STEP][PASSED] - i1 = x.indexOf("/") + 1: null

13-01-2025T07:10:47 - [TEST_STEP][PASSED] - if (i1 > -1): null

13-01-2025T07:10:47 - [TEST_STEP][PASSED] - x = x.substring(i1, x.length()): null

13-01-2025T07:10:47 - [TEST_STEP][PASSED] - println(x): null

13-01-2025T07:10:47 - [TEST_STEP][PASSED] - i1 = x.indexOf("/") + 1: null

13-01-2025T07:10:47 - [TEST_STEP][PASSED] - if (i1 > -1): null

13-01-2025T07:10:47 - [TEST_STEP][PASSED] - x = x.substring(i1, x.length()): null

13-01-2025T07:10:47 - [TEST_STEP][PASSED] - println(x): null

13-01-2025T07:10:47 - [TEST_STEP][PASSED] - i1 = x.indexOf("/") + 1: null

13-01-2025T07:10:47 - [TEST_STEP][PASSED] - if (i1 > -1): null

13-01-2025T07:10:47 - [TEST_STEP][PASSED] - x = x.substring(i1, x.length()): null

13-01-2025T07:10:47 - [TEST_STEP][PASSED] - println(x): null

13-01-2025T07:10:47 - [TEST_STEP][PASSED] - i1 = x.indexOf("/"): null

13-01-2025T07:10:47 - [TEST_STEP][PASSED] - if (i1 > -1): null

13-01-2025T07:10:47 - [TEST_STEP][PASSED] - x = x.substring(0, i1): null

13-01-2025T07:10:47 - [TEST_STEP][PASSED] - println(x): null

13-01-2025T07:10:47 - [TEST_STEP][PASSED] - return x: null

13-01-2025T07:10:47 - [TEST_STEP][PASSED] - tabB = GetOiSFactB(x = b): null

13-01-2025T07:10:47 - [TEST_STEP][PASSED] - i1 = <not implemented yet for class: org.codehaus.groovy.ast.expr.EmptyExpression>: null

13-01-2025T07:10:47 - [TEST_STEP][PASSED] - ii = <not implemented yet for class: org.codehaus.groovy.ast.expr.EmptyExpression>: null

13-01-2025T07:10:47 - [TEST_STEP][PASSED] - for ([ii = 1, ii < 5, (ii++)]): null

13-01-2025T07:10:47 - [TEST_STEP][PASSED] - i1 = x.indexOf("/") + 1: null

13-01-2025T07:10:47 - [TEST_STEP][PASSED] - if (i1 > -1): null

13-01-2025T07:10:47 - [TEST_STEP][PASSED] - x = x.substring(i1, x.length()): null

13-01-2025T07:10:47 - [TEST_STEP][PASSED] - println(x): null

13-01-2025T07:10:47 - [TEST_STEP][PASSED] - i1 = x.indexOf("/") + 1: null

13-01-2025T07:10:47 - [TEST_STEP][PASSED] - if (i1 > -1): null

13-01-2025T07:10:47 - [TEST_STEP][PASSED] - x = x.substring(i1, x.length()): null

13-01-2025T07:10:47 - [TEST_STEP][PASSED] - println(x): null

13-01-2025T07:10:47 - [TEST_STEP][PASSED] - i1 = x.indexOf("/") + 1: null

13-01-2025T07:10:47 - [TEST_STEP][PASSED] - if (i1 > -1): null

13-01-2025T07:10:47 - [TEST_STEP][PASSED] - x = x.substring(i1, x.length()): null

13-01-2025T07:10:47 - [TEST_STEP][PASSED] - println(x): null

13-01-2025T07:10:47 - [TEST_STEP][PASSED] - i1 = x.indexOf("/") + 1: null

13-01-2025T07:10:47 - [TEST_STEP][PASSED] - if (i1 > -1): null

13-01-2025T07:10:47 - [TEST_STEP][PASSED] - x = x.substring(i1, x.length()): null

13-01-2025T07:10:47 - [TEST_STEP][PASSED] - println(x): null

13-01-2025T07:10:47 - [TEST_STEP][PASSED] - i1 = x.indexOf("/"): null

13-01-2025T07:10:47 - [TEST_STEP][PASSED] - if (i1 > -1): null

13-01-2025T07:10:47 - [TEST_STEP][PASSED] - x = x.substring(0, i1): null

13-01-2025T07:10:47 - [TEST_STEP][PASSED] - println(x): null

13-01-2025T07:10:47 - [TEST_STEP][FAILED] - return x: null

13-01-2025T07:10:47 - [TEST_STEP][FAILED] - if (verifyEqual(tabR, tabB) == false): null

13-01-2025T07:10:47 - [MESSAGE][FAILED] - Unable to verify equal between actual object 'нет данных' and expected object '46410515' (Root cause: com.kms.katalon.core.exception.StepFailedException: Actual object 'нет данных' and expected object '46410515' are not equal
	at com.kms.katalon.core.keyword.builtin.VerifyEqualKeyword$_verifyEqual_closure1.doCall(VerifyEqualKeyword.groovy:58)
	at com.kms.katalon.core.keyword.builtin.VerifyEqualKeyword$_verifyEqual_closure1.call(VerifyEqualKeyword.groovy)
	at com.kms.katalon.core.keyword.internal.KeywordMain.runKeyword(KeywordMain.groovy:75)
	at com.kms.katalon.core.keyword.builtin.VerifyEqualKeyword.verifyEqual(VerifyEqualKeyword.groovy:63)
	at com.kms.katalon.core.keyword.builtin.VerifyEqualKeyword.execute(VerifyEqualKeyword.groovy:44)
	at com.kms.katalon.core.keyword.internal.KeywordExecutor.executeKeywordForPlatform(KeywordExecutor.groovy:74)
	at com.kms.katalon.core.keyword.BuiltinKeywords.verifyEqual(BuiltinKeywords.groovy:146)
	at jdk.internal.reflect.GeneratedMethodAccessor25.invoke(Unknown Source)
	at java.base/jdk.internal.reflect.DelegatingMethodAccessorImpl.invoke(DelegatingMethodAccessorImpl.java:43)
	at Выполнение бизнес-плана сверка дашбордов - Copy.CompareDZOData(Выполнение бизнес-плана сверка дашбордов - Copy:717)
	at Выполнение бизнес-плана сверка дашбордов - Copy.run(Выполнение бизнес-плана сверка дашбордов - Copy:598)
	at com.kms.katalon.core.main.ScriptEngine.run(ScriptEngine.java:194)
	at com.kms.katalon.core.main.ScriptEngine.runScriptAsRawText(ScriptEngine.java:119)
	at com.kms.katalon.core.main.TestCaseExecutor.runScript(TestCaseExecutor.java:448)
	at com.kms.katalon.core.main.TestCaseExecutor.doExecute(TestCaseExecutor.java:439)
	at com.kms.katalon.core.main.TestCaseExecutor.processExecutionPhase(TestCaseExecutor.java:418)
	at com.kms.katalon.core.main.TestCaseExecutor.accessMainPhase(TestCaseExecutor.java:410)
	at com.kms.katalon.core.main.TestCaseExecutor.execute(TestCaseExecutor.java:285)
	at com.kms.katalon.core.common.CommonExecutor.accessTestCaseMainPhase(CommonExecutor.java:65)
	at com.kms.katalon.core.main.TestSuiteExecutor.accessTestSuiteMainPhase(TestSuiteExecutor.java:150)
	at com.kms.katalon.core.main.TestSuiteExecutor.execute(TestSuiteExecutor.java:106)
	at com.kms.katalon.core.main.TestCaseMain.startTestSuite(TestCaseMain.java:180)
	at TempTestSuite1736740835951.run(TempTestSuite1736740835951.groovy:35)
	at java.base/jdk.internal.reflect.NativeMethodAccessorImpl.invoke0(Native Method)
	at java.base/jdk.internal.reflect.NativeMethodAccessorImpl.invoke(NativeMethodAccessorImpl.java:77)
	at java.base/jdk.internal.reflect.DelegatingMethodAccessorImpl.invoke(DelegatingMethodAccessorImpl.java:43)
)

13-01-2025T07:10:47 - [TEST_STEP][PASSED] - result = WriteToExcel(typeOfData, todaysDate, PercPlanR, PercPlanB, PercFactR, PercFactB, x, tabR, tabB, o1R, o1B, vidget): null

13-01-2025T07:10:47 - [TEST_STEP][PASSED] - iii = dZO.indexOf("/"): null

13-01-2025T07:10:47 - [TEST_STEP][PASSED] - println(iii): null

13-01-2025T07:10:47 - [TEST_STEP][PASSED] - dZO = dZO.substring(0, iii): null

13-01-2025T07:10:47 - [TEST_STEP][PASSED] - println(dZO): null

13-01-2025T07:10:47 - [TEST_STEP][PASSED] - println(PercPlanR): null

13-01-2025T07:10:47 - [TEST_STEP][PASSED] - println(PercPlanB): null

13-01-2025T07:10:47 - [TEST_STEP][PASSED] - println(PercFactR): null

13-01-2025T07:10:47 - [TEST_STEP][PASSED] - println(PercFactB): null

13-01-2025T07:10:47 - [TEST_STEP][PASSED] - println(tabR): null

13-01-2025T07:10:47 - [TEST_STEP][PASSED] - println(tabB): null

13-01-2025T07:10:47 - [TEST_STEP][PASSED] - println(o1R): null

13-01-2025T07:10:47 - [TEST_STEP][PASSED] - println(o1B): null

13-01-2025T07:10:47 - [TEST_STEP][PASSED] - PR = <not implemented yet for class: org.codehaus.groovy.ast.expr.EmptyExpression>: null

13-01-2025T07:10:47 - [TEST_STEP][PASSED] - FR = <not implemented yet for class: org.codehaus.groovy.ast.expr.EmptyExpression>: null

13-01-2025T07:10:47 - [TEST_STEP][PASSED] - PB = <not implemented yet for class: org.codehaus.groovy.ast.expr.EmptyExpression>: null

13-01-2025T07:10:47 - [TEST_STEP][PASSED] - FB = <not implemented yet for class: org.codehaus.groovy.ast.expr.EmptyExpression>: null

13-01-2025T07:10:47 - [TEST_STEP][PASSED] - TR = <not implemented yet for class: org.codehaus.groovy.ast.expr.EmptyExpression>: null

13-01-2025T07:10:47 - [TEST_STEP][PASSED] - TB = <not implemented yet for class: org.codehaus.groovy.ast.expr.EmptyExpression>: null

13-01-2025T07:10:47 - [TEST_STEP][PASSED] - sheetName = "Sheet1": null

13-01-2025T07:10:47 - [TEST_STEP][PASSED] - data = findTestData("PlanFact"): null

13-01-2025T07:10:48 - [TEST_STEP][PASSED] - n = data.getRowNumbers() + 1: null

13-01-2025T07:10:48 - [TEST_STEP][PASSED] - year = todaysDate.substring(todaysDate.length() - 4, todaysDate.length()): null

13-01-2025T07:10:48 - [TEST_STEP][PASSED] - y = year.toInteger(): null

13-01-2025T07:10:48 - [TEST_STEP][PASSED] - m = getText(findTestObject("Выполнение бизнес-плана/Выполнение бизнес-плана Балансы/Фильтр Дата")): Text of object 'Object Repository/Выполнение бизнес-плана/Выполнение бизнес-плана Балансы/Фильтр Дата' is: '1, 2, 3 кв., Октябрь, Ноябрь 2024 года'

13-01-2025T07:10:48 - [MESSAGE][PASSED] - Text of object 'Object Repository/Выполнение бизнес-плана/Выполнение бизнес-плана Балансы/Фильтр Дата' is: '1, 2, 3 кв., Октябрь, Ноябрь 2024 года'

13-01-2025T07:10:48 - [TEST_STEP][PASSED] - m = m.substring(0, m.indexOf("2024")): null

13-01-2025T07:10:48 - [TEST_STEP][PASSED] - m = m.trim(): null

13-01-2025T07:10:48 - [TEST_STEP][PASSED] - dashboardName = "Выполнение бизнес-плана": null

13-01-2025T07:10:48 - [TEST_STEP][PASSED] - workbook01 = getWorkbook(excelFilePath): null

13-01-2025T07:10:48 - [TEST_STEP][PASSED] - sheet01 = getExcelSheet(workbook01, sheetName): null

13-01-2025T07:10:48 - [TEST_STEP][PASSED] - setValueToCellByIndex(sheet01, n, 0, dashboardName): null

13-01-2025T07:10:48 - [TEST_STEP][PASSED] - setValueToCellByIndex(sheet01, n, 1, dZO): null

13-01-2025T07:10:48 - [TEST_STEP][PASSED] - setValueToCellByIndex(sheet01, n, 2, typeOfData): null

13-01-2025T07:10:48 - [TEST_STEP][PASSED] - setValueToCellByIndex(sheet01, n, 3, typeOfData): null

13-01-2025T07:10:48 - [TEST_STEP][PASSED] - if (typeOfData == "План"): null

13-01-2025T07:10:48 - [TEST_STEP][PASSED] - else if (typeOfData == "Факт"): null

13-01-2025T07:10:48 - [TEST_STEP][PASSED] - else if (vidget.contains("электроэнергии") == true): null

13-01-2025T07:10:48 - [TEST_STEP][PASSED] - if (tabR == null): null

13-01-2025T07:10:48 - [TEST_STEP][PASSED] - else: null

13-01-2025T07:10:48 - [TEST_STEP][PASSED] - if (tabR == "нет данных"): null

13-01-2025T07:10:48 - [TEST_STEP][PASSED] - setValueToCellByIndex(sheet01, n, 4, "нет данных"): null

13-01-2025T07:10:48 - [TEST_STEP][PASSED] - if (tabB == null): null

13-01-2025T07:10:48 - [TEST_STEP][PASSED] - else: null

13-01-2025T07:10:48 - [TEST_STEP][PASSED] - if (tabB == "нет данных"): null

13-01-2025T07:10:48 - [TEST_STEP][PASSED] - else: null

13-01-2025T07:10:48 - [TEST_STEP][PASSED] - TB = tabB.toInteger(): null

13-01-2025T07:10:48 - [TEST_STEP][PASSED] - setValueToCellByIndex(sheet01, n, 5, TB): null

13-01-2025T07:10:48 - [TEST_STEP][PASSED] - setValueToCellByIndex(sheet01, n, 6, m): null

13-01-2025T07:10:48 - [TEST_STEP][PASSED] - setValueToCellByIndex(sheet01, n, 7, y): null

13-01-2025T07:10:48 - [TEST_STEP][PASSED] - setValueToCellByIndex(sheet01, n, 8, todaysDate): null

13-01-2025T07:10:48 - [TEST_STEP][PASSED] - n = n + 1: null

13-01-2025T07:10:48 - [TEST_STEP][PASSED] - saveWorkbook(excelFilePath, workbook01): null

13-01-2025T07:10:48 - [TEST_STEP][PASSED] - typeOfData = "Факт Потери": null

13-01-2025T07:10:48 - [TEST_STEP][PASSED] - tabR = GetPFactR(x = a): null

13-01-2025T07:10:48 - [TEST_STEP][PASSED] - i1 = <not implemented yet for class: org.codehaus.groovy.ast.expr.EmptyExpression>: null

13-01-2025T07:10:48 - [TEST_STEP][PASSED] - ii = <not implemented yet for class: org.codehaus.groovy.ast.expr.EmptyExpression>: null

13-01-2025T07:10:48 - [TEST_STEP][PASSED] - for ([ii = 1, ii < 6, (ii++)]): null

13-01-2025T07:10:48 - [TEST_STEP][PASSED] - i1 = x.indexOf("/") + 1: null

13-01-2025T07:10:48 - [TEST_STEP][PASSED] - if (i1 > -1): null

13-01-2025T07:10:48 - [TEST_STEP][PASSED] - x = x.substring(i1, x.length()): null

13-01-2025T07:10:48 - [TEST_STEP][PASSED] - println(x): null

13-01-2025T07:10:48 - [TEST_STEP][PASSED] - i1 = x.indexOf("/") + 1: null

13-01-2025T07:10:48 - [TEST_STEP][PASSED] - if (i1 > -1): null

13-01-2025T07:10:48 - [TEST_STEP][PASSED] - x = x.substring(i1, x.length()): null

13-01-2025T07:10:48 - [TEST_STEP][PASSED] - println(x): null

13-01-2025T07:10:48 - [TEST_STEP][PASSED] - i1 = x.indexOf("/") + 1: null

13-01-2025T07:10:48 - [TEST_STEP][PASSED] - if (i1 > -1): null

13-01-2025T07:10:48 - [TEST_STEP][PASSED] - x = x.substring(i1, x.length()): null

13-01-2025T07:10:48 - [TEST_STEP][PASSED] - println(x): null

13-01-2025T07:10:48 - [TEST_STEP][PASSED] - i1 = x.indexOf("/") + 1: null

13-01-2025T07:10:48 - [TEST_STEP][PASSED] - if (i1 > -1): null

13-01-2025T07:10:48 - [TEST_STEP][PASSED] - x = x.substring(i1, x.length()): null

13-01-2025T07:10:48 - [TEST_STEP][PASSED] - println(x): null

13-01-2025T07:10:48 - [TEST_STEP][PASSED] - i1 = x.indexOf("/") + 1: null

13-01-2025T07:10:48 - [TEST_STEP][PASSED] - if (i1 > -1): null

13-01-2025T07:10:48 - [TEST_STEP][PASSED] - x = x.substring(i1, x.length()): null

13-01-2025T07:10:48 - [TEST_STEP][PASSED] - println(x): null

13-01-2025T07:10:48 - [TEST_STEP][PASSED] - i1 = x.indexOf("/"): null

13-01-2025T07:10:48 - [TEST_STEP][PASSED] - if (i1 > -1): null

13-01-2025T07:10:48 - [TEST_STEP][PASSED] - x = x.substring(0, i1): null

13-01-2025T07:10:48 - [TEST_STEP][PASSED] - println(x): null

13-01-2025T07:10:48 - [TEST_STEP][PASSED] - return x: null

13-01-2025T07:10:48 - [TEST_STEP][PASSED] - tabB = GetPFactB(x = b): null

13-01-2025T07:10:48 - [TEST_STEP][PASSED] - i1 = <not implemented yet for class: org.codehaus.groovy.ast.expr.EmptyExpression>: null

13-01-2025T07:10:48 - [TEST_STEP][PASSED] - ii = <not implemented yet for class: org.codehaus.groovy.ast.expr.EmptyExpression>: null

13-01-2025T07:10:48 - [TEST_STEP][PASSED] - for ([ii = 1, ii < 6, (ii++)]): null

13-01-2025T07:10:48 - [TEST_STEP][PASSED] - i1 = x.indexOf("/") + 1: null

13-01-2025T07:10:48 - [TEST_STEP][PASSED] - if (i1 > -1): null

13-01-2025T07:10:48 - [TEST_STEP][PASSED] - x = x.substring(i1, x.length()): null

13-01-2025T07:10:48 - [TEST_STEP][PASSED] - println(x): null

13-01-2025T07:10:48 - [TEST_STEP][PASSED] - i1 = x.indexOf("/") + 1: null

13-01-2025T07:10:48 - [TEST_STEP][PASSED] - if (i1 > -1): null

13-01-2025T07:10:48 - [TEST_STEP][PASSED] - x = x.substring(i1, x.length()): null

13-01-2025T07:10:48 - [TEST_STEP][PASSED] - println(x): null

13-01-2025T07:10:48 - [TEST_STEP][PASSED] - i1 = x.indexOf("/") + 1: null

13-01-2025T07:10:48 - [TEST_STEP][PASSED] - if (i1 > -1): null

13-01-2025T07:10:48 - [TEST_STEP][PASSED] - x = x.substring(i1, x.length()): null

13-01-2025T07:10:48 - [TEST_STEP][PASSED] - println(x): null

13-01-2025T07:10:48 - [TEST_STEP][PASSED] - i1 = x.indexOf("/") + 1: null

13-01-2025T07:10:48 - [TEST_STEP][PASSED] - if (i1 > -1): null

13-01-2025T07:10:48 - [TEST_STEP][PASSED] - x = x.substring(i1, x.length()): null

13-01-2025T07:10:48 - [TEST_STEP][PASSED] - println(x): null

13-01-2025T07:10:48 - [TEST_STEP][PASSED] - i1 = x.indexOf("/") + 1: null

13-01-2025T07:10:48 - [TEST_STEP][PASSED] - if (i1 > -1): null

13-01-2025T07:10:48 - [TEST_STEP][PASSED] - x = x.substring(i1, x.length()): null

13-01-2025T07:10:48 - [TEST_STEP][PASSED] - println(x): null

13-01-2025T07:10:48 - [TEST_STEP][PASSED] - i1 = x.indexOf("/"): null

13-01-2025T07:10:48 - [TEST_STEP][PASSED] - if (i1 > -1): null

13-01-2025T07:10:48 - [TEST_STEP][PASSED] - x = x.substring(0, i1): null

13-01-2025T07:10:48 - [TEST_STEP][PASSED] - println(x): null

13-01-2025T07:10:48 - [TEST_STEP][FAILED] - return x: null

13-01-2025T07:10:48 - [TEST_STEP][PASSED] - println(tabR + "/" + tabB): null

13-01-2025T07:10:48 - [TEST_STEP][FAILED] - if (verifyEqual(tabR, tabB) == false): null

13-01-2025T07:10:48 - [MESSAGE][FAILED] - Unable to verify equal between actual object 'нет данных' and expected object '2517305' (Root cause: com.kms.katalon.core.exception.StepFailedException: Actual object 'нет данных' and expected object '2517305' are not equal
	at com.kms.katalon.core.keyword.builtin.VerifyEqualKeyword$_verifyEqual_closure1.doCall(VerifyEqualKeyword.groovy:58)
	at com.kms.katalon.core.keyword.builtin.VerifyEqualKeyword$_verifyEqual_closure1.call(VerifyEqualKeyword.groovy)
	at com.kms.katalon.core.keyword.internal.KeywordMain.runKeyword(KeywordMain.groovy:75)
	at com.kms.katalon.core.keyword.builtin.VerifyEqualKeyword.verifyEqual(VerifyEqualKeyword.groovy:63)
	at com.kms.katalon.core.keyword.builtin.VerifyEqualKeyword.execute(VerifyEqualKeyword.groovy:44)
	at com.kms.katalon.core.keyword.internal.KeywordExecutor.executeKeywordForPlatform(KeywordExecutor.groovy:74)
	at com.kms.katalon.core.keyword.BuiltinKeywords.verifyEqual(BuiltinKeywords.groovy:146)
	at jdk.internal.reflect.GeneratedMethodAccessor25.invoke(Unknown Source)
	at java.base/jdk.internal.reflect.DelegatingMethodAccessorImpl.invoke(DelegatingMethodAccessorImpl.java:43)
	at Выполнение бизнес-плана сверка дашбордов - Copy.CompareDZOData(Выполнение бизнес-плана сверка дашбордов - Copy:730)
	at Выполнение бизнес-плана сверка дашбордов - Copy.run(Выполнение бизнес-плана сверка дашбордов - Copy:598)
	at com.kms.katalon.core.main.ScriptEngine.run(ScriptEngine.java:194)
	at com.kms.katalon.core.main.ScriptEngine.runScriptAsRawText(ScriptEngine.java:119)
	at com.kms.katalon.core.main.TestCaseExecutor.runScript(TestCaseExecutor.java:448)
	at com.kms.katalon.core.main.TestCaseExecutor.doExecute(TestCaseExecutor.java:439)
	at com.kms.katalon.core.main.TestCaseExecutor.processExecutionPhase(TestCaseExecutor.java:418)
	at com.kms.katalon.core.main.TestCaseExecutor.accessMainPhase(TestCaseExecutor.java:410)
	at com.kms.katalon.core.main.TestCaseExecutor.execute(TestCaseExecutor.java:285)
	at com.kms.katalon.core.common.CommonExecutor.accessTestCaseMainPhase(CommonExecutor.java:65)
	at com.kms.katalon.core.main.TestSuiteExecutor.accessTestSuiteMainPhase(TestSuiteExecutor.java:150)
	at com.kms.katalon.core.main.TestSuiteExecutor.execute(TestSuiteExecutor.java:106)
	at com.kms.katalon.core.main.TestCaseMain.startTestSuite(TestCaseMain.java:180)
	at TempTestSuite1736740835951.run(TempTestSuite1736740835951.groovy:35)
	at java.base/jdk.internal.reflect.NativeMethodAccessorImpl.invoke0(Native Method)
	at java.base/jdk.internal.reflect.NativeMethodAccessorImpl.invoke(NativeMethodAccessorImpl.java:77)
	at java.base/jdk.internal.reflect.DelegatingMethodAccessorImpl.invoke(DelegatingMethodAccessorImpl.java:43)
)

13-01-2025T07:10:48 - [TEST_STEP][PASSED] - result = WriteToExcel(typeOfData, todaysDate, PercPlanR, PercPlanB, PercFactR, PercFactB, x, tabR, tabB, o1R, o1B, vidget): null

13-01-2025T07:10:48 - [TEST_STEP][PASSED] - iii = dZO.indexOf("/"): null

13-01-2025T07:10:48 - [TEST_STEP][PASSED] - println(iii): null

13-01-2025T07:10:48 - [TEST_STEP][PASSED] - dZO = dZO.substring(0, iii): null

13-01-2025T07:10:48 - [TEST_STEP][PASSED] - println(dZO): null

13-01-2025T07:10:48 - [TEST_STEP][PASSED] - println(PercPlanR): null

13-01-2025T07:10:48 - [TEST_STEP][PASSED] - println(PercPlanB): null

13-01-2025T07:10:48 - [TEST_STEP][PASSED] - println(PercFactR): null

13-01-2025T07:10:48 - [TEST_STEP][PASSED] - println(PercFactB): null

13-01-2025T07:10:48 - [TEST_STEP][PASSED] - println(tabR): null

13-01-2025T07:10:48 - [TEST_STEP][PASSED] - println(tabB): null

13-01-2025T07:10:48 - [TEST_STEP][PASSED] - println(o1R): null

13-01-2025T07:10:48 - [TEST_STEP][PASSED] - println(o1B): null

13-01-2025T07:10:48 - [TEST_STEP][PASSED] - PR = <not implemented yet for class: org.codehaus.groovy.ast.expr.EmptyExpression>: null

13-01-2025T07:10:48 - [TEST_STEP][PASSED] - FR = <not implemented yet for class: org.codehaus.groovy.ast.expr.EmptyExpression>: null

13-01-2025T07:10:48 - [TEST_STEP][PASSED] - PB = <not implemented yet for class: org.codehaus.groovy.ast.expr.EmptyExpression>: null

13-01-2025T07:10:48 - [TEST_STEP][PASSED] - FB = <not implemented yet for class: org.codehaus.groovy.ast.expr.EmptyExpression>: null

13-01-2025T07:10:48 - [TEST_STEP][PASSED] - TR = <not implemented yet for class: org.codehaus.groovy.ast.expr.EmptyExpression>: null

13-01-2025T07:10:48 - [TEST_STEP][PASSED] - TB = <not implemented yet for class: org.codehaus.groovy.ast.expr.EmptyExpression>: null

13-01-2025T07:10:48 - [TEST_STEP][PASSED] - sheetName = "Sheet1": null

13-01-2025T07:10:48 - [TEST_STEP][PASSED] - data = findTestData("PlanFact"): null

13-01-2025T07:10:48 - [TEST_STEP][PASSED] - n = data.getRowNumbers() + 1: null

13-01-2025T07:10:48 - [TEST_STEP][PASSED] - year = todaysDate.substring(todaysDate.length() - 4, todaysDate.length()): null

13-01-2025T07:10:48 - [TEST_STEP][PASSED] - y = year.toInteger(): null

13-01-2025T07:10:48 - [TEST_STEP][PASSED] - m = getText(findTestObject("Выполнение бизнес-плана/Выполнение бизнес-плана Балансы/Фильтр Дата")): Text of object 'Object Repository/Выполнение бизнес-плана/Выполнение бизнес-плана Балансы/Фильтр Дата' is: '1, 2, 3 кв., Октябрь, Ноябрь 2024 года'

13-01-2025T07:10:48 - [MESSAGE][PASSED] - Text of object 'Object Repository/Выполнение бизнес-плана/Выполнение бизнес-плана Балансы/Фильтр Дата' is: '1, 2, 3 кв., Октябрь, Ноябрь 2024 года'

13-01-2025T07:10:48 - [TEST_STEP][PASSED] - m = m.substring(0, m.indexOf("2024")): null

13-01-2025T07:10:48 - [TEST_STEP][PASSED] - m = m.trim(): null

13-01-2025T07:10:48 - [TEST_STEP][PASSED] - dashboardName = "Выполнение бизнес-плана": null

13-01-2025T07:10:48 - [TEST_STEP][PASSED] - workbook01 = getWorkbook(excelFilePath): null

13-01-2025T07:10:49 - [TEST_STEP][PASSED] - sheet01 = getExcelSheet(workbook01, sheetName): null

13-01-2025T07:10:49 - [TEST_STEP][PASSED] - setValueToCellByIndex(sheet01, n, 0, dashboardName): null

13-01-2025T07:10:49 - [TEST_STEP][PASSED] - setValueToCellByIndex(sheet01, n, 1, dZO): null

13-01-2025T07:10:49 - [TEST_STEP][PASSED] - setValueToCellByIndex(sheet01, n, 2, typeOfData): null

13-01-2025T07:10:49 - [TEST_STEP][PASSED] - setValueToCellByIndex(sheet01, n, 3, typeOfData): null

13-01-2025T07:10:49 - [TEST_STEP][PASSED] - if (typeOfData == "План"): null

13-01-2025T07:10:49 - [TEST_STEP][PASSED] - else if (typeOfData == "Факт"): null

13-01-2025T07:10:49 - [TEST_STEP][PASSED] - else if (vidget.contains("электроэнергии") == true): null

13-01-2025T07:10:49 - [TEST_STEP][PASSED] - if (tabR == null): null

13-01-2025T07:10:49 - [TEST_STEP][PASSED] - else: null

13-01-2025T07:10:49 - [TEST_STEP][PASSED] - if (tabR == "нет данных"): null

13-01-2025T07:10:49 - [TEST_STEP][PASSED] - setValueToCellByIndex(sheet01, n, 4, "нет данных"): null

13-01-2025T07:10:49 - [TEST_STEP][PASSED] - if (tabB == null): null

13-01-2025T07:10:49 - [TEST_STEP][PASSED] - else: null

13-01-2025T07:10:49 - [TEST_STEP][PASSED] - if (tabB == "нет данных"): null

13-01-2025T07:10:49 - [TEST_STEP][PASSED] - else: null

13-01-2025T07:10:49 - [TEST_STEP][PASSED] - TB = tabB.toInteger(): null

13-01-2025T07:10:49 - [TEST_STEP][PASSED] - setValueToCellByIndex(sheet01, n, 5, TB): null

13-01-2025T07:10:49 - [TEST_STEP][PASSED] - setValueToCellByIndex(sheet01, n, 6, m): null

13-01-2025T07:10:49 - [TEST_STEP][PASSED] - setValueToCellByIndex(sheet01, n, 7, y): null

13-01-2025T07:10:49 - [TEST_STEP][PASSED] - setValueToCellByIndex(sheet01, n, 8, todaysDate): null

13-01-2025T07:10:49 - [TEST_STEP][PASSED] - n = n + 1: null

13-01-2025T07:10:49 - [TEST_STEP][PASSED] - saveWorkbook(excelFilePath, workbook01): null

13-01-2025T07:10:49 - [TEST_STEP][PASSED] - vidget = "Показатели баланса электроэнергии по ДЗО – План": null

13-01-2025T07:10:49 - [TEST_STEP][PASSED] - typeOfData = "План Отпуск в сеть": null

13-01-2025T07:10:49 - [TEST_STEP][PASSED] - tabR = GetOvSPlanR(x = a): null

13-01-2025T07:10:49 - [TEST_STEP][PASSED] - i1 = <not implemented yet for class: org.codehaus.groovy.ast.expr.EmptyExpression>: null

13-01-2025T07:10:49 - [TEST_STEP][PASSED] - ii = <not implemented yet for class: org.codehaus.groovy.ast.expr.EmptyExpression>: null

13-01-2025T07:10:49 - [TEST_STEP][PASSED] - for ([ii = 1, ii < 7, (ii++)]): null

13-01-2025T07:10:49 - [TEST_STEP][PASSED] - i1 = x.indexOf("/") + 1: null

13-01-2025T07:10:49 - [TEST_STEP][PASSED] - if (i1 > -1): null

13-01-2025T07:10:49 - [TEST_STEP][PASSED] - x = x.substring(i1, x.length()): null

13-01-2025T07:10:49 - [TEST_STEP][PASSED] - println(x): null

13-01-2025T07:10:49 - [TEST_STEP][PASSED] - i1 = x.indexOf("/") + 1: null

13-01-2025T07:10:49 - [TEST_STEP][PASSED] - if (i1 > -1): null

13-01-2025T07:10:49 - [TEST_STEP][PASSED] - x = x.substring(i1, x.length()): null

13-01-2025T07:10:49 - [TEST_STEP][PASSED] - println(x): null

13-01-2025T07:10:49 - [TEST_STEP][PASSED] - i1 = x.indexOf("/") + 1: null

13-01-2025T07:10:49 - [TEST_STEP][PASSED] - if (i1 > -1): null

13-01-2025T07:10:49 - [TEST_STEP][PASSED] - x = x.substring(i1, x.length()): null

13-01-2025T07:10:49 - [TEST_STEP][PASSED] - println(x): null

13-01-2025T07:10:49 - [TEST_STEP][PASSED] - i1 = x.indexOf("/") + 1: null

13-01-2025T07:10:49 - [TEST_STEP][PASSED] - if (i1 > -1): null

13-01-2025T07:10:49 - [TEST_STEP][PASSED] - x = x.substring(i1, x.length()): null

13-01-2025T07:10:49 - [TEST_STEP][PASSED] - println(x): null

13-01-2025T07:10:49 - [TEST_STEP][PASSED] - i1 = x.indexOf("/") + 1: null

13-01-2025T07:10:49 - [TEST_STEP][PASSED] - if (i1 > -1): null

13-01-2025T07:10:49 - [TEST_STEP][PASSED] - x = x.substring(i1, x.length()): null

13-01-2025T07:10:49 - [TEST_STEP][PASSED] - println(x): null

13-01-2025T07:10:49 - [TEST_STEP][PASSED] - i1 = x.indexOf("/") + 1: null

13-01-2025T07:10:49 - [TEST_STEP][PASSED] - if (i1 > -1): null

13-01-2025T07:10:49 - [TEST_STEP][PASSED] - x = x.substring(i1, x.length()): null

13-01-2025T07:10:49 - [TEST_STEP][PASSED] - println(x): null

13-01-2025T07:10:49 - [TEST_STEP][PASSED] - i1 = x.indexOf("/"): null

13-01-2025T07:10:49 - [TEST_STEP][PASSED] - if (i1 > -1): null

13-01-2025T07:10:49 - [TEST_STEP][PASSED] - x = x.substring(0, i1): null

13-01-2025T07:10:49 - [TEST_STEP][PASSED] - println(x): null

13-01-2025T07:10:49 - [TEST_STEP][PASSED] - return x: null

13-01-2025T07:10:49 - [TEST_STEP][PASSED] - tabB = GetOvSPlanB(x = b): null

13-01-2025T07:10:49 - [TEST_STEP][PASSED] - i1 = <not implemented yet for class: org.codehaus.groovy.ast.expr.EmptyExpression>: null

13-01-2025T07:10:49 - [TEST_STEP][PASSED] - ii = <not implemented yet for class: org.codehaus.groovy.ast.expr.EmptyExpression>: null

13-01-2025T07:10:49 - [TEST_STEP][PASSED] - for ([ii = 1, ii < 7, (ii++)]): null

13-01-2025T07:10:49 - [TEST_STEP][PASSED] - i1 = x.indexOf("/") + 1: null

13-01-2025T07:10:49 - [TEST_STEP][PASSED] - if (i1 > -1): null

13-01-2025T07:10:49 - [TEST_STEP][PASSED] - x = x.substring(i1, x.length()): null

13-01-2025T07:10:49 - [TEST_STEP][PASSED] - println(x): null

13-01-2025T07:10:49 - [TEST_STEP][PASSED] - i1 = x.indexOf("/") + 1: null

13-01-2025T07:10:49 - [TEST_STEP][PASSED] - if (i1 > -1): null

13-01-2025T07:10:49 - [TEST_STEP][PASSED] - x = x.substring(i1, x.length()): null

13-01-2025T07:10:49 - [TEST_STEP][PASSED] - println(x): null

13-01-2025T07:10:49 - [TEST_STEP][PASSED] - i1 = x.indexOf("/") + 1: null

13-01-2025T07:10:49 - [TEST_STEP][PASSED] - if (i1 > -1): null

13-01-2025T07:10:49 - [TEST_STEP][PASSED] - x = x.substring(i1, x.length()): null

13-01-2025T07:10:49 - [TEST_STEP][PASSED] - println(x): null

13-01-2025T07:10:49 - [TEST_STEP][PASSED] - i1 = x.indexOf("/") + 1: null

13-01-2025T07:10:49 - [TEST_STEP][PASSED] - if (i1 > -1): null

13-01-2025T07:10:49 - [TEST_STEP][PASSED] - x = x.substring(i1, x.length()): null

13-01-2025T07:10:49 - [TEST_STEP][PASSED] - println(x): null

13-01-2025T07:10:49 - [TEST_STEP][PASSED] - i1 = x.indexOf("/") + 1: null

13-01-2025T07:10:49 - [TEST_STEP][PASSED] - if (i1 > -1): null

13-01-2025T07:10:49 - [TEST_STEP][PASSED] - x = x.substring(i1, x.length()): null

13-01-2025T07:10:49 - [TEST_STEP][PASSED] - println(x): null

13-01-2025T07:10:49 - [TEST_STEP][PASSED] - i1 = x.indexOf("/") + 1: null

13-01-2025T07:10:49 - [TEST_STEP][PASSED] - if (i1 > -1): null

13-01-2025T07:10:49 - [TEST_STEP][PASSED] - x = x.substring(i1, x.length()): null

13-01-2025T07:10:49 - [TEST_STEP][PASSED] - println(x): null

13-01-2025T07:10:49 - [TEST_STEP][PASSED] - i1 = x.indexOf("/"): null

13-01-2025T07:10:49 - [TEST_STEP][PASSED] - if (i1 > -1): null

13-01-2025T07:10:49 - [TEST_STEP][PASSED] - x = x.substring(0, i1): null

13-01-2025T07:10:49 - [TEST_STEP][PASSED] - println(x): null

13-01-2025T07:10:49 - [TEST_STEP][FAILED] - return x: null

13-01-2025T07:10:49 - [TEST_STEP][PASSED] - println(tabR + "/" + tabB): null

13-01-2025T07:10:49 - [TEST_STEP][FAILED] - if (verifyEqual(PercFactR, PercFactB) == false): null

13-01-2025T07:10:49 - [MESSAGE][FAILED] - Unable to verify equal between actual object 'нет данных' and expected object '5.14' (Root cause: com.kms.katalon.core.exception.StepFailedException: Actual object 'нет данных' and expected object '5.14' are not equal
	at com.kms.katalon.core.keyword.builtin.VerifyEqualKeyword$_verifyEqual_closure1.doCall(VerifyEqualKeyword.groovy:58)
	at com.kms.katalon.core.keyword.builtin.VerifyEqualKeyword$_verifyEqual_closure1.call(VerifyEqualKeyword.groovy)
	at com.kms.katalon.core.keyword.internal.KeywordMain.runKeyword(KeywordMain.groovy:75)
	at com.kms.katalon.core.keyword.builtin.VerifyEqualKeyword.verifyEqual(VerifyEqualKeyword.groovy:63)
	at com.kms.katalon.core.keyword.builtin.VerifyEqualKeyword.execute(VerifyEqualKeyword.groovy:44)
	at com.kms.katalon.core.keyword.internal.KeywordExecutor.executeKeywordForPlatform(KeywordExecutor.groovy:74)
	at com.kms.katalon.core.keyword.BuiltinKeywords.verifyEqual(BuiltinKeywords.groovy:146)
	at jdk.internal.reflect.GeneratedMethodAccessor25.invoke(Unknown Source)
	at java.base/jdk.internal.reflect.DelegatingMethodAccessorImpl.invoke(DelegatingMethodAccessorImpl.java:43)
	at Выполнение бизнес-плана сверка дашбордов - Copy.CompareDZOData(Выполнение бизнес-плана сверка дашбордов - Copy:745)
	at Выполнение бизнес-плана сверка дашбордов - Copy.run(Выполнение бизнес-плана сверка дашбордов - Copy:598)
	at com.kms.katalon.core.main.ScriptEngine.run(ScriptEngine.java:194)
	at com.kms.katalon.core.main.ScriptEngine.runScriptAsRawText(ScriptEngine.java:119)
	at com.kms.katalon.core.main.TestCaseExecutor.runScript(TestCaseExecutor.java:448)
	at com.kms.katalon.core.main.TestCaseExecutor.doExecute(TestCaseExecutor.java:439)
	at com.kms.katalon.core.main.TestCaseExecutor.processExecutionPhase(TestCaseExecutor.java:418)
	at com.kms.katalon.core.main.TestCaseExecutor.accessMainPhase(TestCaseExecutor.java:410)
	at com.kms.katalon.core.main.TestCaseExecutor.execute(TestCaseExecutor.java:285)
	at com.kms.katalon.core.common.CommonExecutor.accessTestCaseMainPhase(CommonExecutor.java:65)
	at com.kms.katalon.core.main.TestSuiteExecutor.accessTestSuiteMainPhase(TestSuiteExecutor.java:150)
	at com.kms.katalon.core.main.TestSuiteExecutor.execute(TestSuiteExecutor.java:106)
	at com.kms.katalon.core.main.TestCaseMain.startTestSuite(TestCaseMain.java:180)
	at TempTestSuite1736740835951.run(TempTestSuite1736740835951.groovy:35)
	at java.base/jdk.internal.reflect.NativeMethodAccessorImpl.invoke0(Native Method)
	at java.base/jdk.internal.reflect.NativeMethodAccessorImpl.invoke(NativeMethodAccessorImpl.java:77)
	at java.base/jdk.internal.reflect.DelegatingMethodAccessorImpl.invoke(DelegatingMethodAccessorImpl.java:43)
)

13-01-2025T07:10:49 - [TEST_STEP][PASSED] - result = WriteToExcel(typeOfData, todaysDate, PercPlanR, PercPlanB, PercFactR, PercFactB, x, tabR, tabB, o1R, o1B, vidget): null

13-01-2025T07:10:49 - [TEST_STEP][PASSED] - iii = dZO.indexOf("/"): null

13-01-2025T07:10:49 - [TEST_STEP][PASSED] - println(iii): null

13-01-2025T07:10:49 - [TEST_STEP][PASSED] - dZO = dZO.substring(0, iii): null

13-01-2025T07:10:49 - [TEST_STEP][PASSED] - println(dZO): null

13-01-2025T07:10:49 - [TEST_STEP][PASSED] - println(PercPlanR): null

13-01-2025T07:10:49 - [TEST_STEP][PASSED] - println(PercPlanB): null

13-01-2025T07:10:49 - [TEST_STEP][PASSED] - println(PercFactR): null

13-01-2025T07:10:49 - [TEST_STEP][PASSED] - println(PercFactB): null

13-01-2025T07:10:49 - [TEST_STEP][PASSED] - println(tabR): null

13-01-2025T07:10:49 - [TEST_STEP][PASSED] - println(tabB): null

13-01-2025T07:10:49 - [TEST_STEP][PASSED] - println(o1R): null

13-01-2025T07:10:49 - [TEST_STEP][PASSED] - println(o1B): null

13-01-2025T07:10:49 - [TEST_STEP][PASSED] - PR = <not implemented yet for class: org.codehaus.groovy.ast.expr.EmptyExpression>: null

13-01-2025T07:10:49 - [TEST_STEP][PASSED] - FR = <not implemented yet for class: org.codehaus.groovy.ast.expr.EmptyExpression>: null

13-01-2025T07:10:49 - [TEST_STEP][PASSED] - PB = <not implemented yet for class: org.codehaus.groovy.ast.expr.EmptyExpression>: null

13-01-2025T07:10:49 - [TEST_STEP][PASSED] - FB = <not implemented yet for class: org.codehaus.groovy.ast.expr.EmptyExpression>: null

13-01-2025T07:10:49 - [TEST_STEP][PASSED] - TR = <not implemented yet for class: org.codehaus.groovy.ast.expr.EmptyExpression>: null

13-01-2025T07:10:49 - [TEST_STEP][PASSED] - TB = <not implemented yet for class: org.codehaus.groovy.ast.expr.EmptyExpression>: null

13-01-2025T07:10:49 - [TEST_STEP][PASSED] - sheetName = "Sheet1": null

13-01-2025T07:10:49 - [TEST_STEP][PASSED] - data = findTestData("PlanFact"): null

13-01-2025T07:10:49 - [TEST_STEP][PASSED] - n = data.getRowNumbers() + 1: null

13-01-2025T07:10:49 - [TEST_STEP][PASSED] - year = todaysDate.substring(todaysDate.length() - 4, todaysDate.length()): null

13-01-2025T07:10:49 - [TEST_STEP][PASSED] - y = year.toInteger(): null

13-01-2025T07:10:49 - [TEST_STEP][PASSED] - m = getText(findTestObject("Выполнение бизнес-плана/Выполнение бизнес-плана Балансы/Фильтр Дата")): Text of object 'Object Repository/Выполнение бизнес-плана/Выполнение бизнес-плана Балансы/Фильтр Дата' is: '1, 2, 3 кв., Октябрь, Ноябрь 2024 года'

13-01-2025T07:10:49 - [MESSAGE][PASSED] - Text of object 'Object Repository/Выполнение бизнес-плана/Выполнение бизнес-плана Балансы/Фильтр Дата' is: '1, 2, 3 кв., Октябрь, Ноябрь 2024 года'

13-01-2025T07:10:49 - [TEST_STEP][PASSED] - m = m.substring(0, m.indexOf("2024")): null

13-01-2025T07:10:49 - [TEST_STEP][PASSED] - m = m.trim(): null

13-01-2025T07:10:49 - [TEST_STEP][PASSED] - dashboardName = "Выполнение бизнес-плана": null

13-01-2025T07:10:49 - [TEST_STEP][PASSED] - workbook01 = getWorkbook(excelFilePath): null

13-01-2025T07:10:49 - [TEST_STEP][PASSED] - sheet01 = getExcelSheet(workbook01, sheetName): null

13-01-2025T07:10:49 - [TEST_STEP][PASSED] - setValueToCellByIndex(sheet01, n, 0, dashboardName): null

13-01-2025T07:10:49 - [TEST_STEP][PASSED] - setValueToCellByIndex(sheet01, n, 1, dZO): null

13-01-2025T07:10:49 - [TEST_STEP][PASSED] - setValueToCellByIndex(sheet01, n, 2, typeOfData): null

13-01-2025T07:10:49 - [TEST_STEP][PASSED] - setValueToCellByIndex(sheet01, n, 3, typeOfData): null

13-01-2025T07:10:49 - [TEST_STEP][PASSED] - if (typeOfData == "План"): null

13-01-2025T07:10:49 - [TEST_STEP][PASSED] - else if (typeOfData == "Факт"): null

13-01-2025T07:10:49 - [TEST_STEP][PASSED] - else if (vidget.contains("электроэнергии") == true): null

13-01-2025T07:10:49 - [TEST_STEP][PASSED] - if (tabR == null): null

13-01-2025T07:10:49 - [TEST_STEP][PASSED] - else: null

13-01-2025T07:10:49 - [TEST_STEP][PASSED] - if (tabR == "нет данных"): null

13-01-2025T07:10:49 - [TEST_STEP][PASSED] - setValueToCellByIndex(sheet01, n, 4, "нет данных"): null

13-01-2025T07:10:49 - [TEST_STEP][PASSED] - if (tabB == null): null

13-01-2025T07:10:49 - [TEST_STEP][PASSED] - else: null

13-01-2025T07:10:49 - [TEST_STEP][PASSED] - if (tabB == "нет данных"): null

13-01-2025T07:10:49 - [TEST_STEP][PASSED] - else: null

13-01-2025T07:10:49 - [TEST_STEP][PASSED] - TB = tabB.toInteger(): null

13-01-2025T07:10:49 - [TEST_STEP][PASSED] - setValueToCellByIndex(sheet01, n, 5, TB): null

13-01-2025T07:10:49 - [TEST_STEP][PASSED] - setValueToCellByIndex(sheet01, n, 6, m): null

13-01-2025T07:10:49 - [TEST_STEP][PASSED] - setValueToCellByIndex(sheet01, n, 7, y): null

13-01-2025T07:10:49 - [TEST_STEP][PASSED] - setValueToCellByIndex(sheet01, n, 8, todaysDate): null

13-01-2025T07:10:49 - [TEST_STEP][PASSED] - n = n + 1: null

13-01-2025T07:10:49 - [TEST_STEP][PASSED] - saveWorkbook(excelFilePath, workbook01): null

13-01-2025T07:10:49 - [TEST_STEP][PASSED] - typeOfData = "План Отпуск из сети": null

13-01-2025T07:10:49 - [TEST_STEP][PASSED] - tabR = GetOiSPlanR(x = a): null

13-01-2025T07:10:49 - [TEST_STEP][PASSED] - i1 = <not implemented yet for class: org.codehaus.groovy.ast.expr.EmptyExpression>: null

13-01-2025T07:10:49 - [TEST_STEP][PASSED] - ii = <not implemented yet for class: org.codehaus.groovy.ast.expr.EmptyExpression>: null

13-01-2025T07:10:49 - [TEST_STEP][PASSED] - for ([ii = 1, ii < 8, (ii++)]): null

13-01-2025T07:10:49 - [TEST_STEP][PASSED] - i1 = x.indexOf("/") + 1: null

13-01-2025T07:10:49 - [TEST_STEP][PASSED] - if (i1 > -1): null

13-01-2025T07:10:49 - [TEST_STEP][PASSED] - x = x.substring(i1, x.length()): null

13-01-2025T07:10:49 - [TEST_STEP][PASSED] - println(x): null

13-01-2025T07:10:49 - [TEST_STEP][PASSED] - i1 = x.indexOf("/") + 1: null

13-01-2025T07:10:49 - [TEST_STEP][PASSED] - if (i1 > -1): null

13-01-2025T07:10:49 - [TEST_STEP][PASSED] - x = x.substring(i1, x.length()): null

13-01-2025T07:10:49 - [TEST_STEP][PASSED] - println(x): null

13-01-2025T07:10:49 - [TEST_STEP][PASSED] - i1 = x.indexOf("/") + 1: null

13-01-2025T07:10:49 - [TEST_STEP][PASSED] - if (i1 > -1): null

13-01-2025T07:10:49 - [TEST_STEP][PASSED] - x = x.substring(i1, x.length()): null

13-01-2025T07:10:49 - [TEST_STEP][PASSED] - println(x): null

13-01-2025T07:10:49 - [TEST_STEP][PASSED] - i1 = x.indexOf("/") + 1: null

13-01-2025T07:10:49 - [TEST_STEP][PASSED] - if (i1 > -1): null

13-01-2025T07:10:49 - [TEST_STEP][PASSED] - x = x.substring(i1, x.length()): null

13-01-2025T07:10:49 - [TEST_STEP][PASSED] - println(x): null

13-01-2025T07:10:49 - [TEST_STEP][PASSED] - i1 = x.indexOf("/") + 1: null

13-01-2025T07:10:49 - [TEST_STEP][PASSED] - if (i1 > -1): null

13-01-2025T07:10:49 - [TEST_STEP][PASSED] - x = x.substring(i1, x.length()): null

13-01-2025T07:10:49 - [TEST_STEP][PASSED] - println(x): null

13-01-2025T07:10:49 - [TEST_STEP][PASSED] - i1 = x.indexOf("/") + 1: null

13-01-2025T07:10:49 - [TEST_STEP][PASSED] - if (i1 > -1): null

13-01-2025T07:10:49 - [TEST_STEP][PASSED] - x = x.substring(i1, x.length()): null

13-01-2025T07:10:49 - [TEST_STEP][PASSED] - println(x): null

13-01-2025T07:10:49 - [TEST_STEP][PASSED] - i1 = x.indexOf("/") + 1: null

13-01-2025T07:10:49 - [TEST_STEP][PASSED] - if (i1 > -1): null

13-01-2025T07:10:49 - [TEST_STEP][PASSED] - x = x.substring(i1, x.length()): null

13-01-2025T07:10:49 - [TEST_STEP][PASSED] - println(x): null

13-01-2025T07:10:49 - [TEST_STEP][PASSED] - i1 = x.indexOf("/"): null

13-01-2025T07:10:49 - [TEST_STEP][PASSED] - if (i1 > -1): null

13-01-2025T07:10:49 - [TEST_STEP][PASSED] - x = x.substring(0, i1): null

13-01-2025T07:10:49 - [TEST_STEP][PASSED] - println(x): null

13-01-2025T07:10:49 - [TEST_STEP][PASSED] - return x: null

13-01-2025T07:10:49 - [TEST_STEP][PASSED] - tabB = GetOiSPlanB(x = b): null

13-01-2025T07:10:49 - [TEST_STEP][PASSED] - i1 = <not implemented yet for class: org.codehaus.groovy.ast.expr.EmptyExpression>: null

13-01-2025T07:10:49 - [TEST_STEP][PASSED] - ii = <not implemented yet for class: org.codehaus.groovy.ast.expr.EmptyExpression>: null

13-01-2025T07:10:49 - [TEST_STEP][PASSED] - for ([ii = 1, ii < 8, (ii++)]): null

13-01-2025T07:10:49 - [TEST_STEP][PASSED] - i1 = x.indexOf("/") + 1: null

13-01-2025T07:10:49 - [TEST_STEP][PASSED] - if (i1 > -1): null

13-01-2025T07:10:49 - [TEST_STEP][PASSED] - x = x.substring(i1, x.length()): null

13-01-2025T07:10:49 - [TEST_STEP][PASSED] - println(x): null

13-01-2025T07:10:49 - [TEST_STEP][PASSED] - i1 = x.indexOf("/") + 1: null

13-01-2025T07:10:49 - [TEST_STEP][PASSED] - if (i1 > -1): null

13-01-2025T07:10:49 - [TEST_STEP][PASSED] - x = x.substring(i1, x.length()): null

13-01-2025T07:10:49 - [TEST_STEP][PASSED] - println(x): null

13-01-2025T07:10:49 - [TEST_STEP][PASSED] - i1 = x.indexOf("/") + 1: null

13-01-2025T07:10:49 - [TEST_STEP][PASSED] - if (i1 > -1): null

13-01-2025T07:10:49 - [TEST_STEP][PASSED] - x = x.substring(i1, x.length()): null

13-01-2025T07:10:49 - [TEST_STEP][PASSED] - println(x): null

13-01-2025T07:10:49 - [TEST_STEP][PASSED] - i1 = x.indexOf("/") + 1: null

13-01-2025T07:10:49 - [TEST_STEP][PASSED] - if (i1 > -1): null

13-01-2025T07:10:49 - [TEST_STEP][PASSED] - x = x.substring(i1, x.length()): null

13-01-2025T07:10:49 - [TEST_STEP][PASSED] - println(x): null

13-01-2025T07:10:49 - [TEST_STEP][PASSED] - i1 = x.indexOf("/") + 1: null

13-01-2025T07:10:49 - [TEST_STEP][PASSED] - if (i1 > -1): null

13-01-2025T07:10:49 - [TEST_STEP][PASSED] - x = x.substring(i1, x.length()): null

13-01-2025T07:10:49 - [TEST_STEP][PASSED] - println(x): null

13-01-2025T07:10:49 - [TEST_STEP][PASSED] - i1 = x.indexOf("/") + 1: null

13-01-2025T07:10:49 - [TEST_STEP][PASSED] - if (i1 > -1): null

13-01-2025T07:10:49 - [TEST_STEP][PASSED] - x = x.substring(i1, x.length()): null

13-01-2025T07:10:49 - [TEST_STEP][PASSED] - println(x): null

13-01-2025T07:10:49 - [TEST_STEP][PASSED] - i1 = x.indexOf("/") + 1: null

13-01-2025T07:10:49 - [TEST_STEP][PASSED] - if (i1 > -1): null

13-01-2025T07:10:49 - [TEST_STEP][PASSED] - x = x.substring(i1, x.length()): null

13-01-2025T07:10:49 - [TEST_STEP][PASSED] - println(x): null

13-01-2025T07:10:49 - [TEST_STEP][PASSED] - i1 = x.indexOf("/"): null

13-01-2025T07:10:49 - [TEST_STEP][PASSED] - if (i1 > -1): null

13-01-2025T07:10:49 - [TEST_STEP][PASSED] - x = x.substring(0, i1): null

13-01-2025T07:10:49 - [TEST_STEP][PASSED] - println(x): null

13-01-2025T07:10:49 - [TEST_STEP][FAILED] - return x: null

13-01-2025T07:10:49 - [TEST_STEP][PASSED] - println(tabR + "/" + tabB): null

13-01-2025T07:10:49 - [TEST_STEP][FAILED] - if (verifyEqual(PercFactR, PercFactB) == false): null

13-01-2025T07:10:49 - [MESSAGE][FAILED] - Unable to verify equal between actual object 'нет данных' and expected object '5.14' (Root cause: com.kms.katalon.core.exception.StepFailedException: Actual object 'нет данных' and expected object '5.14' are not equal
	at com.kms.katalon.core.keyword.builtin.VerifyEqualKeyword$_verifyEqual_closure1.doCall(VerifyEqualKeyword.groovy:58)
	at com.kms.katalon.core.keyword.builtin.VerifyEqualKeyword$_verifyEqual_closure1.call(VerifyEqualKeyword.groovy)
	at com.kms.katalon.core.keyword.internal.KeywordMain.runKeyword(KeywordMain.groovy:75)
	at com.kms.katalon.core.keyword.builtin.VerifyEqualKeyword.verifyEqual(VerifyEqualKeyword.groovy:63)
	at com.kms.katalon.core.keyword.builtin.VerifyEqualKeyword.execute(VerifyEqualKeyword.groovy:44)
	at com.kms.katalon.core.keyword.internal.KeywordExecutor.executeKeywordForPlatform(KeywordExecutor.groovy:74)
	at com.kms.katalon.core.keyword.BuiltinKeywords.verifyEqual(BuiltinKeywords.groovy:146)
	at jdk.internal.reflect.GeneratedMethodAccessor25.invoke(Unknown Source)
	at java.base/jdk.internal.reflect.DelegatingMethodAccessorImpl.invoke(DelegatingMethodAccessorImpl.java:43)
	at Выполнение бизнес-плана сверка дашбордов - Copy.CompareDZOData(Выполнение бизнес-плана сверка дашбордов - Copy:758)
	at Выполнение бизнес-плана сверка дашбордов - Copy.run(Выполнение бизнес-плана сверка дашбордов - Copy:598)
	at com.kms.katalon.core.main.ScriptEngine.run(ScriptEngine.java:194)
	at com.kms.katalon.core.main.ScriptEngine.runScriptAsRawText(ScriptEngine.java:119)
	at com.kms.katalon.core.main.TestCaseExecutor.runScript(TestCaseExecutor.java:448)
	at com.kms.katalon.core.main.TestCaseExecutor.doExecute(TestCaseExecutor.java:439)
	at com.kms.katalon.core.main.TestCaseExecutor.processExecutionPhase(TestCaseExecutor.java:418)
	at com.kms.katalon.core.main.TestCaseExecutor.accessMainPhase(TestCaseExecutor.java:410)
	at com.kms.katalon.core.main.TestCaseExecutor.execute(TestCaseExecutor.java:285)
	at com.kms.katalon.core.common.CommonExecutor.accessTestCaseMainPhase(CommonExecutor.java:65)
	at com.kms.katalon.core.main.TestSuiteExecutor.accessTestSuiteMainPhase(TestSuiteExecutor.java:150)
	at com.kms.katalon.core.main.TestSuiteExecutor.execute(TestSuiteExecutor.java:106)
	at com.kms.katalon.core.main.TestCaseMain.startTestSuite(TestCaseMain.java:180)
	at TempTestSuite1736740835951.run(TempTestSuite1736740835951.groovy:35)
	at java.base/jdk.internal.reflect.NativeMethodAccessorImpl.invoke0(Native Method)
	at java.base/jdk.internal.reflect.NativeMethodAccessorImpl.invoke(NativeMethodAccessorImpl.java:77)
	at java.base/jdk.internal.reflect.DelegatingMethodAccessorImpl.invoke(DelegatingMethodAccessorImpl.java:43)
)

13-01-2025T07:10:49 - [TEST_STEP][PASSED] - result = WriteToExcel(typeOfData, todaysDate, PercPlanR, PercPlanB, PercFactR, PercFactB, x, tabR, tabB, o1R, o1B, vidget): null

13-01-2025T07:10:49 - [TEST_STEP][PASSED] - iii = dZO.indexOf("/"): null

13-01-2025T07:10:49 - [TEST_STEP][PASSED] - println(iii): null

13-01-2025T07:10:49 - [TEST_STEP][PASSED] - dZO = dZO.substring(0, iii): null

13-01-2025T07:10:49 - [TEST_STEP][PASSED] - println(dZO): null

13-01-2025T07:10:49 - [TEST_STEP][PASSED] - println(PercPlanR): null

13-01-2025T07:10:49 - [TEST_STEP][PASSED] - println(PercPlanB): null

13-01-2025T07:10:49 - [TEST_STEP][PASSED] - println(PercFactR): null

13-01-2025T07:10:49 - [TEST_STEP][PASSED] - println(PercFactB): null

13-01-2025T07:10:49 - [TEST_STEP][PASSED] - println(tabR): null

13-01-2025T07:10:49 - [TEST_STEP][PASSED] - println(tabB): null

13-01-2025T07:10:49 - [TEST_STEP][PASSED] - println(o1R): null

13-01-2025T07:10:49 - [TEST_STEP][PASSED] - println(o1B): null

13-01-2025T07:10:49 - [TEST_STEP][PASSED] - PR = <not implemented yet for class: org.codehaus.groovy.ast.expr.EmptyExpression>: null

13-01-2025T07:10:49 - [TEST_STEP][PASSED] - FR = <not implemented yet for class: org.codehaus.groovy.ast.expr.EmptyExpression>: null

13-01-2025T07:10:49 - [TEST_STEP][PASSED] - PB = <not implemented yet for class: org.codehaus.groovy.ast.expr.EmptyExpression>: null

13-01-2025T07:10:49 - [TEST_STEP][PASSED] - FB = <not implemented yet for class: org.codehaus.groovy.ast.expr.EmptyExpression>: null

13-01-2025T07:10:49 - [TEST_STEP][PASSED] - TR = <not implemented yet for class: org.codehaus.groovy.ast.expr.EmptyExpression>: null

13-01-2025T07:10:49 - [TEST_STEP][PASSED] - TB = <not implemented yet for class: org.codehaus.groovy.ast.expr.EmptyExpression>: null

13-01-2025T07:10:49 - [TEST_STEP][PASSED] - sheetName = "Sheet1": null

13-01-2025T07:10:49 - [TEST_STEP][PASSED] - data = findTestData("PlanFact"): null

13-01-2025T07:10:50 - [TEST_STEP][PASSED] - n = data.getRowNumbers() + 1: null

13-01-2025T07:10:50 - [TEST_STEP][PASSED] - year = todaysDate.substring(todaysDate.length() - 4, todaysDate.length()): null

13-01-2025T07:10:50 - [TEST_STEP][PASSED] - y = year.toInteger(): null

13-01-2025T07:10:50 - [TEST_STEP][PASSED] - m = getText(findTestObject("Выполнение бизнес-плана/Выполнение бизнес-плана Балансы/Фильтр Дата")): Text of object 'Object Repository/Выполнение бизнес-плана/Выполнение бизнес-плана Балансы/Фильтр Дата' is: '1, 2, 3 кв., Октябрь, Ноябрь 2024 года'

13-01-2025T07:10:50 - [MESSAGE][PASSED] - Text of object 'Object Repository/Выполнение бизнес-плана/Выполнение бизнес-плана Балансы/Фильтр Дата' is: '1, 2, 3 кв., Октябрь, Ноябрь 2024 года'

13-01-2025T07:10:50 - [TEST_STEP][PASSED] - m = m.substring(0, m.indexOf("2024")): null

13-01-2025T07:10:50 - [TEST_STEP][PASSED] - m = m.trim(): null

13-01-2025T07:10:50 - [TEST_STEP][PASSED] - dashboardName = "Выполнение бизнес-плана": null

13-01-2025T07:10:50 - [TEST_STEP][PASSED] - workbook01 = getWorkbook(excelFilePath): null

13-01-2025T07:10:50 - [TEST_STEP][PASSED] - sheet01 = getExcelSheet(workbook01, sheetName): null

13-01-2025T07:10:50 - [TEST_STEP][PASSED] - setValueToCellByIndex(sheet01, n, 0, dashboardName): null

13-01-2025T07:10:50 - [TEST_STEP][PASSED] - setValueToCellByIndex(sheet01, n, 1, dZO): null

13-01-2025T07:10:50 - [TEST_STEP][PASSED] - setValueToCellByIndex(sheet01, n, 2, typeOfData): null

13-01-2025T07:10:50 - [TEST_STEP][PASSED] - setValueToCellByIndex(sheet01, n, 3, typeOfData): null

13-01-2025T07:10:50 - [TEST_STEP][PASSED] - if (typeOfData == "План"): null

13-01-2025T07:10:50 - [TEST_STEP][PASSED] - else if (typeOfData == "Факт"): null

13-01-2025T07:10:50 - [TEST_STEP][PASSED] - else if (vidget.contains("электроэнергии") == true): null

13-01-2025T07:10:50 - [TEST_STEP][PASSED] - if (tabR == null): null

13-01-2025T07:10:50 - [TEST_STEP][PASSED] - else: null

13-01-2025T07:10:50 - [TEST_STEP][PASSED] - if (tabR == "нет данных"): null

13-01-2025T07:10:50 - [TEST_STEP][PASSED] - setValueToCellByIndex(sheet01, n, 4, "нет данных"): null

13-01-2025T07:10:50 - [TEST_STEP][PASSED] - if (tabB == null): null

13-01-2025T07:10:50 - [TEST_STEP][PASSED] - else: null

13-01-2025T07:10:50 - [TEST_STEP][PASSED] - if (tabB == "нет данных"): null

13-01-2025T07:10:50 - [TEST_STEP][PASSED] - setValueToCellByIndex(sheet01, n, 5, "нет данных"): null

13-01-2025T07:10:50 - [TEST_STEP][PASSED] - setValueToCellByIndex(sheet01, n, 6, m): null

13-01-2025T07:10:50 - [TEST_STEP][PASSED] - setValueToCellByIndex(sheet01, n, 7, y): null

13-01-2025T07:10:50 - [TEST_STEP][PASSED] - setValueToCellByIndex(sheet01, n, 8, todaysDate): null

13-01-2025T07:10:50 - [TEST_STEP][PASSED] - n = n + 1: null

13-01-2025T07:10:50 - [TEST_STEP][PASSED] - saveWorkbook(excelFilePath, workbook01): null

13-01-2025T07:10:50 - [TEST_STEP][PASSED] - typeOfData = "План Потери": null

13-01-2025T07:10:50 - [TEST_STEP][PASSED] - tabR = GetPPlanR(x = a): null

13-01-2025T07:10:50 - [TEST_STEP][PASSED] - i1 = <not implemented yet for class: org.codehaus.groovy.ast.expr.EmptyExpression>: null

13-01-2025T07:10:50 - [TEST_STEP][PASSED] - ii = <not implemented yet for class: org.codehaus.groovy.ast.expr.EmptyExpression>: null

13-01-2025T07:10:50 - [TEST_STEP][PASSED] - for ([ii = 1, ii < 9, (ii++)]): null

13-01-2025T07:10:50 - [TEST_STEP][PASSED] - i1 = x.indexOf("/") + 1: null

13-01-2025T07:10:50 - [TEST_STEP][PASSED] - if (i1 > -1): null

13-01-2025T07:10:50 - [TEST_STEP][PASSED] - x = x.substring(i1, x.length()): null

13-01-2025T07:10:50 - [TEST_STEP][PASSED] - println(x): null

13-01-2025T07:10:50 - [TEST_STEP][PASSED] - i1 = x.indexOf("/") + 1: null

13-01-2025T07:10:50 - [TEST_STEP][PASSED] - if (i1 > -1): null

13-01-2025T07:10:50 - [TEST_STEP][PASSED] - x = x.substring(i1, x.length()): null

13-01-2025T07:10:50 - [TEST_STEP][PASSED] - println(x): null

13-01-2025T07:10:50 - [TEST_STEP][PASSED] - i1 = x.indexOf("/") + 1: null

13-01-2025T07:10:50 - [TEST_STEP][PASSED] - if (i1 > -1): null

13-01-2025T07:10:50 - [TEST_STEP][PASSED] - x = x.substring(i1, x.length()): null

13-01-2025T07:10:50 - [TEST_STEP][PASSED] - println(x): null

13-01-2025T07:10:50 - [TEST_STEP][PASSED] - i1 = x.indexOf("/") + 1: null

13-01-2025T07:10:50 - [TEST_STEP][PASSED] - if (i1 > -1): null

13-01-2025T07:10:50 - [TEST_STEP][PASSED] - x = x.substring(i1, x.length()): null

13-01-2025T07:10:50 - [TEST_STEP][PASSED] - println(x): null

13-01-2025T07:10:50 - [TEST_STEP][PASSED] - i1 = x.indexOf("/") + 1: null

13-01-2025T07:10:50 - [TEST_STEP][PASSED] - if (i1 > -1): null

13-01-2025T07:10:50 - [TEST_STEP][PASSED] - x = x.substring(i1, x.length()): null

13-01-2025T07:10:50 - [TEST_STEP][PASSED] - println(x): null

13-01-2025T07:10:50 - [TEST_STEP][PASSED] - i1 = x.indexOf("/") + 1: null

13-01-2025T07:10:50 - [TEST_STEP][PASSED] - if (i1 > -1): null

13-01-2025T07:10:50 - [TEST_STEP][PASSED] - x = x.substring(i1, x.length()): null

13-01-2025T07:10:50 - [TEST_STEP][PASSED] - println(x): null

13-01-2025T07:10:50 - [TEST_STEP][PASSED] - i1 = x.indexOf("/") + 1: null

13-01-2025T07:10:50 - [TEST_STEP][PASSED] - if (i1 > -1): null

13-01-2025T07:10:50 - [TEST_STEP][PASSED] - x = x.substring(i1, x.length()): null

13-01-2025T07:10:50 - [TEST_STEP][PASSED] - println(x): null

13-01-2025T07:10:50 - [TEST_STEP][PASSED] - i1 = x.indexOf("/") + 1: null

13-01-2025T07:10:50 - [TEST_STEP][PASSED] - if (i1 > -1): null

13-01-2025T07:10:50 - [TEST_STEP][PASSED] - x = x.substring(i1, x.length()): null

13-01-2025T07:10:50 - [TEST_STEP][PASSED] - println(x): null

13-01-2025T07:10:50 - [TEST_STEP][PASSED] - i1 = x.indexOf("/"): null

13-01-2025T07:10:50 - [TEST_STEP][PASSED] - if (i1 > -1): null

13-01-2025T07:10:50 - [TEST_STEP][PASSED] - x = x.substring(0, i1): null

13-01-2025T07:10:50 - [TEST_STEP][PASSED] - println(x): null

13-01-2025T07:10:50 - [TEST_STEP][PASSED] - return x: null

13-01-2025T07:10:50 - [TEST_STEP][PASSED] - tabB = GetPPlanB(x = b): null

13-01-2025T07:10:50 - [TEST_STEP][PASSED] - i1 = <not implemented yet for class: org.codehaus.groovy.ast.expr.EmptyExpression>: null

13-01-2025T07:10:50 - [TEST_STEP][PASSED] - ii = <not implemented yet for class: org.codehaus.groovy.ast.expr.EmptyExpression>: null

13-01-2025T07:10:50 - [TEST_STEP][PASSED] - for ([ii = 1, ii < 9, (ii++)]): null

13-01-2025T07:10:50 - [TEST_STEP][PASSED] - i1 = x.indexOf("/") + 1: null

13-01-2025T07:10:50 - [TEST_STEP][PASSED] - if (i1 > -1): null

13-01-2025T07:10:50 - [TEST_STEP][PASSED] - x = x.substring(i1, x.length()): null

13-01-2025T07:10:50 - [TEST_STEP][PASSED] - println(x): null

13-01-2025T07:10:50 - [TEST_STEP][PASSED] - i1 = x.indexOf("/") + 1: null

13-01-2025T07:10:50 - [TEST_STEP][PASSED] - if (i1 > -1): null

13-01-2025T07:10:50 - [TEST_STEP][PASSED] - x = x.substring(i1, x.length()): null

13-01-2025T07:10:50 - [TEST_STEP][PASSED] - println(x): null

13-01-2025T07:10:50 - [TEST_STEP][PASSED] - i1 = x.indexOf("/") + 1: null

13-01-2025T07:10:50 - [TEST_STEP][PASSED] - if (i1 > -1): null

13-01-2025T07:10:50 - [TEST_STEP][PASSED] - x = x.substring(i1, x.length()): null

13-01-2025T07:10:50 - [TEST_STEP][PASSED] - println(x): null

13-01-2025T07:10:50 - [TEST_STEP][PASSED] - i1 = x.indexOf("/") + 1: null

13-01-2025T07:10:50 - [TEST_STEP][PASSED] - if (i1 > -1): null

13-01-2025T07:10:50 - [TEST_STEP][PASSED] - x = x.substring(i1, x.length()): null

13-01-2025T07:10:50 - [TEST_STEP][PASSED] - println(x): null

13-01-2025T07:10:50 - [TEST_STEP][PASSED] - i1 = x.indexOf("/") + 1: null

13-01-2025T07:10:50 - [TEST_STEP][PASSED] - if (i1 > -1): null

13-01-2025T07:10:50 - [TEST_STEP][PASSED] - x = x.substring(i1, x.length()): null

13-01-2025T07:10:50 - [TEST_STEP][PASSED] - println(x): null

13-01-2025T07:10:50 - [TEST_STEP][PASSED] - i1 = x.indexOf("/") + 1: null

13-01-2025T07:10:50 - [TEST_STEP][PASSED] - if (i1 > -1): null

13-01-2025T07:10:50 - [TEST_STEP][PASSED] - x = x.substring(i1, x.length()): null

13-01-2025T07:10:50 - [TEST_STEP][PASSED] - println(x): null

13-01-2025T07:10:50 - [TEST_STEP][PASSED] - i1 = x.indexOf("/") + 1: null

13-01-2025T07:10:50 - [TEST_STEP][PASSED] - if (i1 > -1): null

13-01-2025T07:10:50 - [TEST_STEP][PASSED] - x = x.substring(i1, x.length()): null

13-01-2025T07:10:50 - [TEST_STEP][PASSED] - println(x): null

13-01-2025T07:10:50 - [TEST_STEP][PASSED] - i1 = x.indexOf("/") + 1: null

13-01-2025T07:10:50 - [TEST_STEP][PASSED] - if (i1 > -1): null

13-01-2025T07:10:50 - [TEST_STEP][PASSED] - x = x.substring(i1, x.length()): null

13-01-2025T07:10:50 - [TEST_STEP][PASSED] - println(x): null

13-01-2025T07:10:50 - [TEST_STEP][PASSED] - i1 = x.indexOf("/"): null

13-01-2025T07:10:50 - [TEST_STEP][PASSED] - if (i1 > -1): null

13-01-2025T07:10:50 - [TEST_STEP][PASSED] - x = x.substring(0, i1): null

13-01-2025T07:10:50 - [TEST_STEP][PASSED] - println(x): null

13-01-2025T07:10:50 - [TEST_STEP][FAILED] - return x: null

13-01-2025T07:10:50 - [TEST_STEP][PASSED] - println(tabR + "/" + tabB): null

13-01-2025T07:10:50 - [TEST_STEP][FAILED] - if (verifyEqual(PercFactR, PercFactB) == false): null

13-01-2025T07:10:50 - [MESSAGE][FAILED] - Unable to verify equal between actual object 'нет данных' and expected object '5.14' (Root cause: com.kms.katalon.core.exception.StepFailedException: Actual object 'нет данных' and expected object '5.14' are not equal
	at com.kms.katalon.core.keyword.builtin.VerifyEqualKeyword$_verifyEqual_closure1.doCall(VerifyEqualKeyword.groovy:58)
	at com.kms.katalon.core.keyword.builtin.VerifyEqualKeyword$_verifyEqual_closure1.call(VerifyEqualKeyword.groovy)
	at com.kms.katalon.core.keyword.internal.KeywordMain.runKeyword(KeywordMain.groovy:75)
	at com.kms.katalon.core.keyword.builtin.VerifyEqualKeyword.verifyEqual(VerifyEqualKeyword.groovy:63)
	at com.kms.katalon.core.keyword.builtin.VerifyEqualKeyword.execute(VerifyEqualKeyword.groovy:44)
	at com.kms.katalon.core.keyword.internal.KeywordExecutor.executeKeywordForPlatform(KeywordExecutor.groovy:74)
	at com.kms.katalon.core.keyword.BuiltinKeywords.verifyEqual(BuiltinKeywords.groovy:146)
	at jdk.internal.reflect.GeneratedMethodAccessor25.invoke(Unknown Source)
	at java.base/jdk.internal.reflect.DelegatingMethodAccessorImpl.invoke(DelegatingMethodAccessorImpl.java:43)
	at Выполнение бизнес-плана сверка дашбордов - Copy.CompareDZOData(Выполнение бизнес-плана сверка дашбордов - Copy:771)
	at Выполнение бизнес-плана сверка дашбордов - Copy.run(Выполнение бизнес-плана сверка дашбордов - Copy:598)
	at com.kms.katalon.core.main.ScriptEngine.run(ScriptEngine.java:194)
	at com.kms.katalon.core.main.ScriptEngine.runScriptAsRawText(ScriptEngine.java:119)
	at com.kms.katalon.core.main.TestCaseExecutor.runScript(TestCaseExecutor.java:448)
	at com.kms.katalon.core.main.TestCaseExecutor.doExecute(TestCaseExecutor.java:439)
	at com.kms.katalon.core.main.TestCaseExecutor.processExecutionPhase(TestCaseExecutor.java:418)
	at com.kms.katalon.core.main.TestCaseExecutor.accessMainPhase(TestCaseExecutor.java:410)
	at com.kms.katalon.core.main.TestCaseExecutor.execute(TestCaseExecutor.java:285)
	at com.kms.katalon.core.common.CommonExecutor.accessTestCaseMainPhase(CommonExecutor.java:65)
	at com.kms.katalon.core.main.TestSuiteExecutor.accessTestSuiteMainPhase(TestSuiteExecutor.java:150)
	at com.kms.katalon.core.main.TestSuiteExecutor.execute(TestSuiteExecutor.java:106)
	at com.kms.katalon.core.main.TestCaseMain.startTestSuite(TestCaseMain.java:180)
	at TempTestSuite1736740835951.run(TempTestSuite1736740835951.groovy:35)
	at java.base/jdk.internal.reflect.NativeMethodAccessorImpl.invoke0(Native Method)
	at java.base/jdk.internal.reflect.NativeMethodAccessorImpl.invoke(NativeMethodAccessorImpl.java:77)
	at java.base/jdk.internal.reflect.DelegatingMethodAccessorImpl.invoke(DelegatingMethodAccessorImpl.java:43)
)

13-01-2025T07:10:50 - [TEST_STEP][PASSED] - result = WriteToExcel(typeOfData, todaysDate, PercPlanR, PercPlanB, PercFactR, PercFactB, x, tabR, tabB, o1R, o1B, vidget): null

13-01-2025T07:10:50 - [TEST_STEP][PASSED] - iii = dZO.indexOf("/"): null

13-01-2025T07:10:50 - [TEST_STEP][PASSED] - println(iii): null

13-01-2025T07:10:50 - [TEST_STEP][PASSED] - dZO = dZO.substring(0, iii): null

13-01-2025T07:10:50 - [TEST_STEP][PASSED] - println(dZO): null

13-01-2025T07:10:50 - [TEST_STEP][PASSED] - println(PercPlanR): null

13-01-2025T07:10:50 - [TEST_STEP][PASSED] - println(PercPlanB): null

13-01-2025T07:10:50 - [TEST_STEP][PASSED] - println(PercFactR): null

13-01-2025T07:10:50 - [TEST_STEP][PASSED] - println(PercFactB): null

13-01-2025T07:10:50 - [TEST_STEP][PASSED] - println(tabR): null

13-01-2025T07:10:50 - [TEST_STEP][PASSED] - println(tabB): null

13-01-2025T07:10:50 - [TEST_STEP][PASSED] - println(o1R): null

13-01-2025T07:10:50 - [TEST_STEP][PASSED] - println(o1B): null

13-01-2025T07:10:50 - [TEST_STEP][PASSED] - PR = <not implemented yet for class: org.codehaus.groovy.ast.expr.EmptyExpression>: null

13-01-2025T07:10:50 - [TEST_STEP][PASSED] - FR = <not implemented yet for class: org.codehaus.groovy.ast.expr.EmptyExpression>: null

13-01-2025T07:10:50 - [TEST_STEP][PASSED] - PB = <not implemented yet for class: org.codehaus.groovy.ast.expr.EmptyExpression>: null

13-01-2025T07:10:50 - [TEST_STEP][PASSED] - FB = <not implemented yet for class: org.codehaus.groovy.ast.expr.EmptyExpression>: null

13-01-2025T07:10:50 - [TEST_STEP][PASSED] - TR = <not implemented yet for class: org.codehaus.groovy.ast.expr.EmptyExpression>: null

13-01-2025T07:10:50 - [TEST_STEP][PASSED] - TB = <not implemented yet for class: org.codehaus.groovy.ast.expr.EmptyExpression>: null

13-01-2025T07:10:50 - [TEST_STEP][PASSED] - sheetName = "Sheet1": null

13-01-2025T07:10:50 - [TEST_STEP][PASSED] - data = findTestData("PlanFact"): null

13-01-2025T07:10:50 - [TEST_STEP][PASSED] - n = data.getRowNumbers() + 1: null

13-01-2025T07:10:50 - [TEST_STEP][PASSED] - year = todaysDate.substring(todaysDate.length() - 4, todaysDate.length()): null

13-01-2025T07:10:50 - [TEST_STEP][PASSED] - y = year.toInteger(): null

13-01-2025T07:10:50 - [TEST_STEP][PASSED] - m = getText(findTestObject("Выполнение бизнес-плана/Выполнение бизнес-плана Балансы/Фильтр Дата")): Text of object 'Object Repository/Выполнение бизнес-плана/Выполнение бизнес-плана Балансы/Фильтр Дата' is: '1, 2, 3 кв., Октябрь, Ноябрь 2024 года'

13-01-2025T07:10:50 - [MESSAGE][PASSED] - Text of object 'Object Repository/Выполнение бизнес-плана/Выполнение бизнес-плана Балансы/Фильтр Дата' is: '1, 2, 3 кв., Октябрь, Ноябрь 2024 года'

13-01-2025T07:10:50 - [TEST_STEP][PASSED] - m = m.substring(0, m.indexOf("2024")): null

13-01-2025T07:10:50 - [TEST_STEP][PASSED] - m = m.trim(): null

13-01-2025T07:10:50 - [TEST_STEP][PASSED] - dashboardName = "Выполнение бизнес-плана": null

13-01-2025T07:10:50 - [TEST_STEP][PASSED] - workbook01 = getWorkbook(excelFilePath): null

13-01-2025T07:10:51 - [TEST_STEP][PASSED] - sheet01 = getExcelSheet(workbook01, sheetName): null

13-01-2025T07:10:51 - [TEST_STEP][PASSED] - setValueToCellByIndex(sheet01, n, 0, dashboardName): null

13-01-2025T07:10:51 - [TEST_STEP][PASSED] - setValueToCellByIndex(sheet01, n, 1, dZO): null

13-01-2025T07:10:51 - [TEST_STEP][PASSED] - setValueToCellByIndex(sheet01, n, 2, typeOfData): null

13-01-2025T07:10:51 - [TEST_STEP][PASSED] - setValueToCellByIndex(sheet01, n, 3, typeOfData): null

13-01-2025T07:10:51 - [TEST_STEP][PASSED] - if (typeOfData == "План"): null

13-01-2025T07:10:51 - [TEST_STEP][PASSED] - else if (typeOfData == "Факт"): null

13-01-2025T07:10:51 - [TEST_STEP][PASSED] - else if (vidget.contains("электроэнергии") == true): null

13-01-2025T07:10:51 - [TEST_STEP][PASSED] - if (tabR == null): null

13-01-2025T07:10:51 - [TEST_STEP][PASSED] - else: null

13-01-2025T07:10:51 - [TEST_STEP][PASSED] - if (tabR == "нет данных"): null

13-01-2025T07:10:51 - [TEST_STEP][PASSED] - setValueToCellByIndex(sheet01, n, 4, "нет данных"): null

13-01-2025T07:10:51 - [TEST_STEP][PASSED] - if (tabB == null): null

13-01-2025T07:10:51 - [TEST_STEP][PASSED] - else: null

13-01-2025T07:10:51 - [TEST_STEP][PASSED] - if (tabB == "нет данных"): null

13-01-2025T07:10:51 - [TEST_STEP][PASSED] - setValueToCellByIndex(sheet01, n, 5, "нет данных"): null

13-01-2025T07:10:51 - [TEST_STEP][PASSED] - setValueToCellByIndex(sheet01, n, 6, m): null

13-01-2025T07:10:51 - [TEST_STEP][PASSED] - setValueToCellByIndex(sheet01, n, 7, y): null

13-01-2025T07:10:51 - [TEST_STEP][PASSED] - setValueToCellByIndex(sheet01, n, 8, todaysDate): null

13-01-2025T07:10:51 - [TEST_STEP][PASSED] - n = n + 1: null

13-01-2025T07:10:51 - [TEST_STEP][PASSED] - saveWorkbook(excelFilePath, workbook01): null

13-01-2025T07:10:51 - [TEST_STEP][PASSED] - ii2 = a.indexOf("ПАО"): null

13-01-2025T07:10:51 - [TEST_STEP][PASSED] - if (ii2 == -1): null

13-01-2025T07:10:51 - [TEST_STEP][PASSED] - vidget = "Отклонения фактического уровня потерь от бизнес-плана": null

13-01-2025T07:10:51 - [TEST_STEP][PASSED] - typeOfData = "Коэффициент": null

13-01-2025T07:10:51 - [TEST_STEP][PASSED] - o1R = Geto1R(x = a): null

13-01-2025T07:10:51 - [TEST_STEP][PASSED] - i1 = <not implemented yet for class: org.codehaus.groovy.ast.expr.EmptyExpression>: null

13-01-2025T07:10:51 - [TEST_STEP][PASSED] - ii = <not implemented yet for class: org.codehaus.groovy.ast.expr.EmptyExpression>: null

13-01-2025T07:10:51 - [TEST_STEP][PASSED] - for ([ii = 1, ii < 10, (ii++)]): null

13-01-2025T07:10:51 - [TEST_STEP][PASSED] - i1 = x.indexOf("/") + 1: null

13-01-2025T07:10:51 - [TEST_STEP][PASSED] - if (i1 > -1): null

13-01-2025T07:10:51 - [TEST_STEP][PASSED] - x = x.substring(i1, x.length()): null

13-01-2025T07:10:51 - [TEST_STEP][PASSED] - i1 = x.indexOf("/") + 1: null

13-01-2025T07:10:51 - [TEST_STEP][PASSED] - if (i1 > -1): null

13-01-2025T07:10:51 - [TEST_STEP][PASSED] - x = x.substring(i1, x.length()): null

13-01-2025T07:10:51 - [TEST_STEP][PASSED] - i1 = x.indexOf("/") + 1: null

13-01-2025T07:10:51 - [TEST_STEP][PASSED] - if (i1 > -1): null

13-01-2025T07:10:51 - [TEST_STEP][PASSED] - x = x.substring(i1, x.length()): null

13-01-2025T07:10:51 - [TEST_STEP][PASSED] - i1 = x.indexOf("/") + 1: null

13-01-2025T07:10:51 - [TEST_STEP][PASSED] - if (i1 > -1): null

13-01-2025T07:10:51 - [TEST_STEP][PASSED] - x = x.substring(i1, x.length()): null

13-01-2025T07:10:51 - [TEST_STEP][PASSED] - i1 = x.indexOf("/") + 1: null

13-01-2025T07:10:51 - [TEST_STEP][PASSED] - if (i1 > -1): null

13-01-2025T07:10:51 - [TEST_STEP][PASSED] - x = x.substring(i1, x.length()): null

13-01-2025T07:10:51 - [TEST_STEP][PASSED] - i1 = x.indexOf("/") + 1: null

13-01-2025T07:10:51 - [TEST_STEP][PASSED] - if (i1 > -1): null

13-01-2025T07:10:51 - [TEST_STEP][PASSED] - x = x.substring(i1, x.length()): null

13-01-2025T07:10:51 - [TEST_STEP][PASSED] - i1 = x.indexOf("/") + 1: null

13-01-2025T07:10:51 - [TEST_STEP][PASSED] - if (i1 > -1): null

13-01-2025T07:10:51 - [TEST_STEP][PASSED] - x = x.substring(i1, x.length()): null

13-01-2025T07:10:51 - [TEST_STEP][PASSED] - i1 = x.indexOf("/") + 1: null

13-01-2025T07:10:51 - [TEST_STEP][PASSED] - if (i1 > -1): null

13-01-2025T07:10:51 - [TEST_STEP][PASSED] - x = x.substring(i1, x.length()): null

13-01-2025T07:10:51 - [TEST_STEP][PASSED] - i1 = x.indexOf("/") + 1: null

13-01-2025T07:10:51 - [TEST_STEP][PASSED] - if (i1 > -1): null

13-01-2025T07:10:51 - [TEST_STEP][PASSED] - x = x.substring(i1, x.length()): null

13-01-2025T07:10:51 - [TEST_STEP][PASSED] - i1 = x.indexOf("/"): null

13-01-2025T07:10:51 - [TEST_STEP][PASSED] - if (i1 > -1): null

13-01-2025T07:10:51 - [TEST_STEP][PASSED] - println(x): null

13-01-2025T07:10:51 - [TEST_STEP][PASSED] - return x: null

13-01-2025T07:10:51 - [TEST_STEP][PASSED] - o1B = Geto1B(x = b): null

13-01-2025T07:10:51 - [TEST_STEP][PASSED] - i1 = <not implemented yet for class: org.codehaus.groovy.ast.expr.EmptyExpression>: null

13-01-2025T07:10:51 - [TEST_STEP][PASSED] - ii = <not implemented yet for class: org.codehaus.groovy.ast.expr.EmptyExpression>: null

13-01-2025T07:10:51 - [TEST_STEP][PASSED] - for ([ii = 1, ii < 10, (ii++)]): null

13-01-2025T07:10:51 - [TEST_STEP][PASSED] - i1 = x.indexOf("/") + 1: null

13-01-2025T07:10:51 - [TEST_STEP][PASSED] - if (i1 > -1): null

13-01-2025T07:10:51 - [TEST_STEP][PASSED] - x = x.substring(i1, x.length()): null

13-01-2025T07:10:51 - [TEST_STEP][PASSED] - i1 = x.indexOf("/") + 1: null

13-01-2025T07:10:51 - [TEST_STEP][PASSED] - if (i1 > -1): null

13-01-2025T07:10:51 - [TEST_STEP][PASSED] - x = x.substring(i1, x.length()): null

13-01-2025T07:10:51 - [TEST_STEP][PASSED] - i1 = x.indexOf("/") + 1: null

13-01-2025T07:10:51 - [TEST_STEP][PASSED] - if (i1 > -1): null

13-01-2025T07:10:51 - [TEST_STEP][PASSED] - x = x.substring(i1, x.length()): null

13-01-2025T07:10:51 - [TEST_STEP][PASSED] - i1 = x.indexOf("/") + 1: null

13-01-2025T07:10:51 - [TEST_STEP][PASSED] - if (i1 > -1): null

13-01-2025T07:10:51 - [TEST_STEP][PASSED] - x = x.substring(i1, x.length()): null

13-01-2025T07:10:51 - [TEST_STEP][PASSED] - i1 = x.indexOf("/") + 1: null

13-01-2025T07:10:51 - [TEST_STEP][PASSED] - if (i1 > -1): null

13-01-2025T07:10:51 - [TEST_STEP][PASSED] - x = x.substring(i1, x.length()): null

13-01-2025T07:10:51 - [TEST_STEP][PASSED] - i1 = x.indexOf("/") + 1: null

13-01-2025T07:10:51 - [TEST_STEP][PASSED] - if (i1 > -1): null

13-01-2025T07:10:51 - [TEST_STEP][PASSED] - x = x.substring(i1, x.length()): null

13-01-2025T07:10:51 - [TEST_STEP][PASSED] - i1 = x.indexOf("/") + 1: null

13-01-2025T07:10:51 - [TEST_STEP][PASSED] - if (i1 > -1): null

13-01-2025T07:10:51 - [TEST_STEP][PASSED] - x = x.substring(i1, x.length()): null

13-01-2025T07:10:51 - [TEST_STEP][PASSED] - i1 = x.indexOf("/") + 1: null

13-01-2025T07:10:51 - [TEST_STEP][PASSED] - if (i1 > -1): null

13-01-2025T07:10:51 - [TEST_STEP][PASSED] - x = x.substring(i1, x.length()): null

13-01-2025T07:10:51 - [TEST_STEP][PASSED] - i1 = x.indexOf("/") + 1: null

13-01-2025T07:10:51 - [TEST_STEP][PASSED] - if (i1 > -1): null

13-01-2025T07:10:51 - [TEST_STEP][PASSED] - x = x.substring(i1, x.length()): null

13-01-2025T07:10:51 - [TEST_STEP][PASSED] - i1 = x.indexOf("/"): null

13-01-2025T07:10:51 - [TEST_STEP][PASSED] - if (i1 > -1): null

13-01-2025T07:10:51 - [TEST_STEP][PASSED] - println(x): null

13-01-2025T07:10:51 - [TEST_STEP][FAILED] - return x: null

13-01-2025T07:10:51 - [TEST_STEP][PASSED] - println(o1R + "/" + o1B): null

13-01-2025T07:10:51 - [TEST_STEP][FAILED] - if (verifyEqual(PercFactR, PercFactB) == false): null

13-01-2025T07:10:51 - [MESSAGE][FAILED] - Unable to verify equal between actual object 'нет данных' and expected object '5.14' (Root cause: com.kms.katalon.core.exception.StepFailedException: Actual object 'нет данных' and expected object '5.14' are not equal
	at com.kms.katalon.core.keyword.builtin.VerifyEqualKeyword$_verifyEqual_closure1.doCall(VerifyEqualKeyword.groovy:58)
	at com.kms.katalon.core.keyword.builtin.VerifyEqualKeyword$_verifyEqual_closure1.call(VerifyEqualKeyword.groovy)
	at com.kms.katalon.core.keyword.internal.KeywordMain.runKeyword(KeywordMain.groovy:75)
	at com.kms.katalon.core.keyword.builtin.VerifyEqualKeyword.verifyEqual(VerifyEqualKeyword.groovy:63)
	at com.kms.katalon.core.keyword.builtin.VerifyEqualKeyword.execute(VerifyEqualKeyword.groovy:44)
	at com.kms.katalon.core.keyword.internal.KeywordExecutor.executeKeywordForPlatform(KeywordExecutor.groovy:74)
	at com.kms.katalon.core.keyword.BuiltinKeywords.verifyEqual(BuiltinKeywords.groovy:146)
	at jdk.internal.reflect.GeneratedMethodAccessor25.invoke(Unknown Source)
	at java.base/jdk.internal.reflect.DelegatingMethodAccessorImpl.invoke(DelegatingMethodAccessorImpl.java:43)
	at Выполнение бизнес-плана сверка дашбордов - Copy.CompareDZOData(Выполнение бизнес-плана сверка дашбордов - Copy:789)
	at Выполнение бизнес-плана сверка дашбордов - Copy.run(Выполнение бизнес-плана сверка дашбордов - Copy:598)
	at com.kms.katalon.core.main.ScriptEngine.run(ScriptEngine.java:194)
	at com.kms.katalon.core.main.ScriptEngine.runScriptAsRawText(ScriptEngine.java:119)
	at com.kms.katalon.core.main.TestCaseExecutor.runScript(TestCaseExecutor.java:448)
	at com.kms.katalon.core.main.TestCaseExecutor.doExecute(TestCaseExecutor.java:439)
	at com.kms.katalon.core.main.TestCaseExecutor.processExecutionPhase(TestCaseExecutor.java:418)
	at com.kms.katalon.core.main.TestCaseExecutor.accessMainPhase(TestCaseExecutor.java:410)
	at com.kms.katalon.core.main.TestCaseExecutor.execute(TestCaseExecutor.java:285)
	at com.kms.katalon.core.common.CommonExecutor.accessTestCaseMainPhase(CommonExecutor.java:65)
	at com.kms.katalon.core.main.TestSuiteExecutor.accessTestSuiteMainPhase(TestSuiteExecutor.java:150)
	at com.kms.katalon.core.main.TestSuiteExecutor.execute(TestSuiteExecutor.java:106)
	at com.kms.katalon.core.main.TestCaseMain.startTestSuite(TestCaseMain.java:180)
	at TempTestSuite1736740835951.run(TempTestSuite1736740835951.groovy:35)
	at java.base/jdk.internal.reflect.NativeMethodAccessorImpl.invoke0(Native Method)
	at java.base/jdk.internal.reflect.NativeMethodAccessorImpl.invoke(NativeMethodAccessorImpl.java:77)
	at java.base/jdk.internal.reflect.DelegatingMethodAccessorImpl.invoke(DelegatingMethodAccessorImpl.java:43)
)

13-01-2025T07:10:51 - [TEST_STEP][PASSED] - result = WriteToExcel(typeOfData, todaysDate, PercPlanR, PercPlanB, PercFactR, PercFactB, x, tabR, tabB, o1R, o1B, vidget): null

13-01-2025T07:10:51 - [TEST_STEP][PASSED] - iii = dZO.indexOf("/"): null

13-01-2025T07:10:51 - [TEST_STEP][PASSED] - println(iii): null

13-01-2025T07:10:51 - [TEST_STEP][PASSED] - dZO = dZO.substring(0, iii): null

13-01-2025T07:10:51 - [TEST_STEP][PASSED] - println(dZO): null

13-01-2025T07:10:51 - [TEST_STEP][PASSED] - println(PercPlanR): null

13-01-2025T07:10:51 - [TEST_STEP][PASSED] - println(PercPlanB): null

13-01-2025T07:10:51 - [TEST_STEP][PASSED] - println(PercFactR): null

13-01-2025T07:10:51 - [TEST_STEP][PASSED] - println(PercFactB): null

13-01-2025T07:10:51 - [TEST_STEP][PASSED] - println(tabR): null

13-01-2025T07:10:51 - [TEST_STEP][PASSED] - println(tabB): null

13-01-2025T07:10:51 - [TEST_STEP][PASSED] - println(o1R): null

13-01-2025T07:10:51 - [TEST_STEP][PASSED] - println(o1B): null

13-01-2025T07:10:51 - [TEST_STEP][PASSED] - PR = <not implemented yet for class: org.codehaus.groovy.ast.expr.EmptyExpression>: null

13-01-2025T07:10:51 - [TEST_STEP][PASSED] - FR = <not implemented yet for class: org.codehaus.groovy.ast.expr.EmptyExpression>: null

13-01-2025T07:10:51 - [TEST_STEP][PASSED] - PB = <not implemented yet for class: org.codehaus.groovy.ast.expr.EmptyExpression>: null

13-01-2025T07:10:51 - [TEST_STEP][PASSED] - FB = <not implemented yet for class: org.codehaus.groovy.ast.expr.EmptyExpression>: null

13-01-2025T07:10:51 - [TEST_STEP][PASSED] - TR = <not implemented yet for class: org.codehaus.groovy.ast.expr.EmptyExpression>: null

13-01-2025T07:10:51 - [TEST_STEP][PASSED] - TB = <not implemented yet for class: org.codehaus.groovy.ast.expr.EmptyExpression>: null

13-01-2025T07:10:51 - [TEST_STEP][PASSED] - sheetName = "Sheet1": null

13-01-2025T07:10:51 - [TEST_STEP][PASSED] - data = findTestData("PlanFact"): null

13-01-2025T07:10:51 - [TEST_STEP][PASSED] - n = data.getRowNumbers() + 1: null

13-01-2025T07:10:51 - [TEST_STEP][PASSED] - year = todaysDate.substring(todaysDate.length() - 4, todaysDate.length()): null

13-01-2025T07:10:51 - [TEST_STEP][PASSED] - y = year.toInteger(): null

13-01-2025T07:10:51 - [TEST_STEP][PASSED] - m = getText(findTestObject("Выполнение бизнес-плана/Выполнение бизнес-плана Балансы/Фильтр Дата")): Text of object 'Object Repository/Выполнение бизнес-плана/Выполнение бизнес-плана Балансы/Фильтр Дата' is: '1, 2, 3 кв., Октябрь, Ноябрь 2024 года'

13-01-2025T07:10:51 - [MESSAGE][PASSED] - Text of object 'Object Repository/Выполнение бизнес-плана/Выполнение бизнес-плана Балансы/Фильтр Дата' is: '1, 2, 3 кв., Октябрь, Ноябрь 2024 года'

13-01-2025T07:10:51 - [TEST_STEP][PASSED] - m = m.substring(0, m.indexOf("2024")): null

13-01-2025T07:10:51 - [TEST_STEP][PASSED] - m = m.trim(): null

13-01-2025T07:10:51 - [TEST_STEP][PASSED] - dashboardName = "Выполнение бизнес-плана": null

13-01-2025T07:10:51 - [TEST_STEP][PASSED] - workbook01 = getWorkbook(excelFilePath): null

13-01-2025T07:10:51 - [TEST_STEP][PASSED] - sheet01 = getExcelSheet(workbook01, sheetName): null

13-01-2025T07:10:51 - [TEST_STEP][PASSED] - setValueToCellByIndex(sheet01, n, 0, dashboardName): null

13-01-2025T07:10:51 - [TEST_STEP][PASSED] - setValueToCellByIndex(sheet01, n, 1, dZO): null

13-01-2025T07:10:51 - [TEST_STEP][PASSED] - setValueToCellByIndex(sheet01, n, 2, typeOfData): null

13-01-2025T07:10:51 - [TEST_STEP][PASSED] - setValueToCellByIndex(sheet01, n, 3, typeOfData): null

13-01-2025T07:10:51 - [TEST_STEP][PASSED] - if (typeOfData == "План"): null

13-01-2025T07:10:51 - [TEST_STEP][PASSED] - else if (typeOfData == "Факт"): null

13-01-2025T07:10:51 - [TEST_STEP][PASSED] - else if (vidget.contains("электроэнергии") == true): null

13-01-2025T07:10:51 - [TEST_STEP][PASSED] - else: null

13-01-2025T07:10:51 - [TEST_STEP][PASSED] - if (o1R == null): null

13-01-2025T07:10:51 - [TEST_STEP][PASSED] - else: null

13-01-2025T07:10:51 - [TEST_STEP][PASSED] - if (o1R == "нет данных"): null

13-01-2025T07:10:51 - [TEST_STEP][PASSED] - setValueToCellByIndex(sheet01, n, 4, "нет данных"): null

13-01-2025T07:10:51 - [TEST_STEP][PASSED] - if (o1B == null): null

13-01-2025T07:10:51 - [TEST_STEP][PASSED] - else: null

13-01-2025T07:10:51 - [TEST_STEP][PASSED] - if (o1B == "нет данных"): null

13-01-2025T07:10:51 - [TEST_STEP][PASSED] - else: null

13-01-2025T07:10:51 - [TEST_STEP][PASSED] - FB = o1B.toDouble(): null

13-01-2025T07:10:51 - [TEST_STEP][PASSED] - setValueToCellByIndex(sheet01, n, 5, FB): null

13-01-2025T07:10:51 - [TEST_STEP][PASSED] - setValueToCellByIndex(sheet01, n, 6, m): null

13-01-2025T07:10:51 - [TEST_STEP][PASSED] - setValueToCellByIndex(sheet01, n, 7, y): null

13-01-2025T07:10:51 - [TEST_STEP][PASSED] - setValueToCellByIndex(sheet01, n, 8, todaysDate): null

13-01-2025T07:10:51 - [TEST_STEP][PASSED] - n = n + 1: null

13-01-2025T07:10:51 - [TEST_STEP][FAILED] - saveWorkbook(excelFilePath, workbook01): null

13-01-2025T07:10:51 - [TEST_STEP][FAILED] - if (verifyEqual(kR, kB) == false): null

13-01-2025T07:10:51 - [MESSAGE][FAILED] - Unable to verify equal between actual object 'Россети Кубань/нет данных/нет данных/нет данных/нет данных/нет данных/нет данных/нет данных/нет данных/нет данных' and expected object 'Россети Кубань/9.19/8.46/23489307/21501911/1987396/2272993/нет данных/нет данных/-0.73' (Root cause: com.kms.katalon.core.exception.StepFailedException: Actual object 'Россети Кубань/нет данных/нет данных/нет данных/нет данных/нет данных/нет данных/нет данных/нет данных/нет данных' and expected object 'Россети Кубань/9.19/8.46/23489307/21501911/1987396/2272993/нет данных/нет данных/-0.73' are not equal
	at com.kms.katalon.core.keyword.builtin.VerifyEqualKeyword$_verifyEqual_closure1.doCall(VerifyEqualKeyword.groovy:58)
	at com.kms.katalon.core.keyword.builtin.VerifyEqualKeyword$_verifyEqual_closure1.call(VerifyEqualKeyword.groovy)
	at com.kms.katalon.core.keyword.internal.KeywordMain.runKeyword(KeywordMain.groovy:75)
	at com.kms.katalon.core.keyword.builtin.VerifyEqualKeyword.verifyEqual(VerifyEqualKeyword.groovy:63)
	at com.kms.katalon.core.keyword.builtin.VerifyEqualKeyword.execute(VerifyEqualKeyword.groovy:44)
	at com.kms.katalon.core.keyword.internal.KeywordExecutor.executeKeywordForPlatform(KeywordExecutor.groovy:74)
	at com.kms.katalon.core.keyword.BuiltinKeywords.verifyEqual(BuiltinKeywords.groovy:146)
	at jdk.internal.reflect.GeneratedMethodAccessor25.invoke(Unknown Source)
	at java.base/jdk.internal.reflect.DelegatingMethodAccessorImpl.invoke(DelegatingMethodAccessorImpl.java:43)
	at Выполнение бизнес-плана сверка дашбордов - Copy.run(Выполнение бизнес-плана сверка дашбордов - Copy:602)
	at com.kms.katalon.core.main.ScriptEngine.run(ScriptEngine.java:194)
	at com.kms.katalon.core.main.ScriptEngine.runScriptAsRawText(ScriptEngine.java:119)
	at com.kms.katalon.core.main.TestCaseExecutor.runScript(TestCaseExecutor.java:448)
	at com.kms.katalon.core.main.TestCaseExecutor.doExecute(TestCaseExecutor.java:439)
	at com.kms.katalon.core.main.TestCaseExecutor.processExecutionPhase(TestCaseExecutor.java:418)
	at com.kms.katalon.core.main.TestCaseExecutor.accessMainPhase(TestCaseExecutor.java:410)
	at com.kms.katalon.core.main.TestCaseExecutor.execute(TestCaseExecutor.java:285)
	at com.kms.katalon.core.common.CommonExecutor.accessTestCaseMainPhase(CommonExecutor.java:65)
	at com.kms.katalon.core.main.TestSuiteExecutor.accessTestSuiteMainPhase(TestSuiteExecutor.java:150)
	at com.kms.katalon.core.main.TestSuiteExecutor.execute(TestSuiteExecutor.java:106)
	at com.kms.katalon.core.main.TestCaseMain.startTestSuite(TestCaseMain.java:180)
	at TempTestSuite1736740835951.run(TempTestSuite1736740835951.groovy:35)
	at java.base/jdk.internal.reflect.NativeMethodAccessorImpl.invoke0(Native Method)
	at java.base/jdk.internal.reflect.NativeMethodAccessorImpl.invoke(NativeMethodAccessorImpl.java:77)
	at java.base/jdk.internal.reflect.DelegatingMethodAccessorImpl.invoke(DelegatingMethodAccessorImpl.java:43)
)

13-01-2025T07:10:51 - [TEST_STEP][PASSED] - result = CompareDZOData(a = kR, b = kB, dZO, typeOfData, PercPlanR, PercPlanB, PercFactR, PercFactB, todaysDate, x, vidget, tabR, tabB, o1R, o1B): null

13-01-2025T07:10:51 - [TEST_STEP][PASSED] - ii2 = <not implemented yet for class: org.codehaus.groovy.ast.expr.EmptyExpression>: null

13-01-2025T07:10:51 - [TEST_STEP][FAILED] - if (verifyEqual(a, b) == false): null

13-01-2025T07:10:51 - [MESSAGE][FAILED] - Unable to verify equal between actual object 'Россети Кубань/нет данных/нет данных/нет данных/нет данных/нет данных/нет данных/нет данных/нет данных/нет данных' and expected object 'Россети Кубань/9.19/8.46/23489307/21501911/1987396/2272993/нет данных/нет данных/-0.73' (Root cause: com.kms.katalon.core.exception.StepFailedException: Actual object 'Россети Кубань/нет данных/нет данных/нет данных/нет данных/нет данных/нет данных/нет данных/нет данных/нет данных' and expected object 'Россети Кубань/9.19/8.46/23489307/21501911/1987396/2272993/нет данных/нет данных/-0.73' are not equal
	at com.kms.katalon.core.keyword.builtin.VerifyEqualKeyword$_verifyEqual_closure1.doCall(VerifyEqualKeyword.groovy:58)
	at com.kms.katalon.core.keyword.builtin.VerifyEqualKeyword$_verifyEqual_closure1.call(VerifyEqualKeyword.groovy)
	at com.kms.katalon.core.keyword.internal.KeywordMain.runKeyword(KeywordMain.groovy:75)
	at com.kms.katalon.core.keyword.builtin.VerifyEqualKeyword.verifyEqual(VerifyEqualKeyword.groovy:63)
	at com.kms.katalon.core.keyword.builtin.VerifyEqualKeyword.execute(VerifyEqualKeyword.groovy:44)
	at com.kms.katalon.core.keyword.internal.KeywordExecutor.executeKeywordForPlatform(KeywordExecutor.groovy:74)
	at com.kms.katalon.core.keyword.BuiltinKeywords.verifyEqual(BuiltinKeywords.groovy:146)
	at jdk.internal.reflect.GeneratedMethodAccessor25.invoke(Unknown Source)
	at java.base/jdk.internal.reflect.DelegatingMethodAccessorImpl.invoke(DelegatingMethodAccessorImpl.java:43)
	at Выполнение бизнес-плана сверка дашбордов - Copy.CompareDZOData(Выполнение бизнес-плана сверка дашбордов - Copy:673)
	at Выполнение бизнес-плана сверка дашбордов - Copy.run(Выполнение бизнес-плана сверка дашбордов - Copy:603)
	at com.kms.katalon.core.main.ScriptEngine.run(ScriptEngine.java:194)
	at com.kms.katalon.core.main.ScriptEngine.runScriptAsRawText(ScriptEngine.java:119)
	at com.kms.katalon.core.main.TestCaseExecutor.runScript(TestCaseExecutor.java:448)
	at com.kms.katalon.core.main.TestCaseExecutor.doExecute(TestCaseExecutor.java:439)
	at com.kms.katalon.core.main.TestCaseExecutor.processExecutionPhase(TestCaseExecutor.java:418)
	at com.kms.katalon.core.main.TestCaseExecutor.accessMainPhase(TestCaseExecutor.java:410)
	at com.kms.katalon.core.main.TestCaseExecutor.execute(TestCaseExecutor.java:285)
	at com.kms.katalon.core.common.CommonExecutor.accessTestCaseMainPhase(CommonExecutor.java:65)
	at com.kms.katalon.core.main.TestSuiteExecutor.accessTestSuiteMainPhase(TestSuiteExecutor.java:150)
	at com.kms.katalon.core.main.TestSuiteExecutor.execute(TestSuiteExecutor.java:106)
	at com.kms.katalon.core.main.TestCaseMain.startTestSuite(TestCaseMain.java:180)
	at TempTestSuite1736740835951.run(TempTestSuite1736740835951.groovy:35)
	at java.base/jdk.internal.reflect.NativeMethodAccessorImpl.invoke0(Native Method)
	at java.base/jdk.internal.reflect.NativeMethodAccessorImpl.invoke(NativeMethodAccessorImpl.java:77)
	at java.base/jdk.internal.reflect.DelegatingMethodAccessorImpl.invoke(DelegatingMethodAccessorImpl.java:43)
)

13-01-2025T07:10:51 - [TEST_STEP][PASSED] - vidget = "Уровень потерь электроэнергии": null

13-01-2025T07:10:51 - [TEST_STEP][PASSED] - typeOfData = "План": null

13-01-2025T07:10:51 - [TEST_STEP][PASSED] - PercPlanR = GetPercPlanR(x = a): null

13-01-2025T07:10:51 - [TEST_STEP][PASSED] - i1 = <not implemented yet for class: org.codehaus.groovy.ast.expr.EmptyExpression>: null

13-01-2025T07:10:51 - [TEST_STEP][PASSED] - i1 = x.indexOf("/") + 1: null

13-01-2025T07:10:51 - [TEST_STEP][PASSED] - if (i1 > -1): null

13-01-2025T07:10:51 - [TEST_STEP][PASSED] - x = x.substring(i1, x.length()): null

13-01-2025T07:10:51 - [TEST_STEP][PASSED] - i1 = x.indexOf("/"): null

13-01-2025T07:10:51 - [TEST_STEP][PASSED] - if (i1 > -1): null

13-01-2025T07:10:51 - [TEST_STEP][PASSED] - x = x.substring(0, i1): null

13-01-2025T07:10:51 - [TEST_STEP][PASSED] - return x: null

13-01-2025T07:10:51 - [TEST_STEP][PASSED] - PercPlanB = GetPercPlanB(x = b): null

13-01-2025T07:10:51 - [TEST_STEP][PASSED] - i1 = <not implemented yet for class: org.codehaus.groovy.ast.expr.EmptyExpression>: null

13-01-2025T07:10:51 - [TEST_STEP][PASSED] - i1 = x.indexOf("/") + 1: null

13-01-2025T07:10:51 - [TEST_STEP][PASSED] - if (i1 > -1): null

13-01-2025T07:10:51 - [TEST_STEP][PASSED] - x = x.substring(i1, x.length()): null

13-01-2025T07:10:51 - [TEST_STEP][PASSED] - i1 = x.indexOf("/"): null

13-01-2025T07:10:51 - [TEST_STEP][PASSED] - if (i1 > -1): null

13-01-2025T07:10:51 - [TEST_STEP][PASSED] - x = x.substring(0, i1): null

13-01-2025T07:10:51 - [TEST_STEP][FAILED] - return x: null

13-01-2025T07:10:51 - [TEST_STEP][FAILED] - if (verifyEqual(PercPlanR, PercPlanB) == false): null

13-01-2025T07:10:51 - [MESSAGE][FAILED] - Unable to verify equal between actual object 'нет данных' and expected object '9.19' (Root cause: com.kms.katalon.core.exception.StepFailedException: Actual object 'нет данных' and expected object '9.19' are not equal
	at com.kms.katalon.core.keyword.builtin.VerifyEqualKeyword$_verifyEqual_closure1.doCall(VerifyEqualKeyword.groovy:58)
	at com.kms.katalon.core.keyword.builtin.VerifyEqualKeyword$_verifyEqual_closure1.call(VerifyEqualKeyword.groovy)
	at com.kms.katalon.core.keyword.internal.KeywordMain.runKeyword(KeywordMain.groovy:75)
	at com.kms.katalon.core.keyword.builtin.VerifyEqualKeyword.verifyEqual(VerifyEqualKeyword.groovy:63)
	at com.kms.katalon.core.keyword.builtin.VerifyEqualKeyword.execute(VerifyEqualKeyword.groovy:44)
	at com.kms.katalon.core.keyword.internal.KeywordExecutor.executeKeywordForPlatform(KeywordExecutor.groovy:74)
	at com.kms.katalon.core.keyword.BuiltinKeywords.verifyEqual(BuiltinKeywords.groovy:146)
	at jdk.internal.reflect.GeneratedMethodAccessor25.invoke(Unknown Source)
	at java.base/jdk.internal.reflect.DelegatingMethodAccessorImpl.invoke(DelegatingMethodAccessorImpl.java:43)
	at Выполнение бизнес-плана сверка дашбордов - Copy.CompareDZOData(Выполнение бизнес-плана сверка дашбордов - Copy:682)
	at Выполнение бизнес-плана сверка дашбордов - Copy.run(Выполнение бизнес-плана сверка дашбордов - Copy:603)
	at com.kms.katalon.core.main.ScriptEngine.run(ScriptEngine.java:194)
	at com.kms.katalon.core.main.ScriptEngine.runScriptAsRawText(ScriptEngine.java:119)
	at com.kms.katalon.core.main.TestCaseExecutor.runScript(TestCaseExecutor.java:448)
	at com.kms.katalon.core.main.TestCaseExecutor.doExecute(TestCaseExecutor.java:439)
	at com.kms.katalon.core.main.TestCaseExecutor.processExecutionPhase(TestCaseExecutor.java:418)
	at com.kms.katalon.core.main.TestCaseExecutor.accessMainPhase(TestCaseExecutor.java:410)
	at com.kms.katalon.core.main.TestCaseExecutor.execute(TestCaseExecutor.java:285)
	at com.kms.katalon.core.common.CommonExecutor.accessTestCaseMainPhase(CommonExecutor.java:65)
	at com.kms.katalon.core.main.TestSuiteExecutor.accessTestSuiteMainPhase(TestSuiteExecutor.java:150)
	at com.kms.katalon.core.main.TestSuiteExecutor.execute(TestSuiteExecutor.java:106)
	at com.kms.katalon.core.main.TestCaseMain.startTestSuite(TestCaseMain.java:180)
	at TempTestSuite1736740835951.run(TempTestSuite1736740835951.groovy:35)
	at java.base/jdk.internal.reflect.NativeMethodAccessorImpl.invoke0(Native Method)
	at java.base/jdk.internal.reflect.NativeMethodAccessorImpl.invoke(NativeMethodAccessorImpl.java:77)
	at java.base/jdk.internal.reflect.DelegatingMethodAccessorImpl.invoke(DelegatingMethodAccessorImpl.java:43)
)

13-01-2025T07:10:51 - [TEST_STEP][PASSED] - result = WriteToExcel(typeOfData, todaysDate, PercPlanR, PercPlanB, PercFactR, PercFactB, x, tabR, tabB, o1R, o1B, vidget): null

13-01-2025T07:10:51 - [TEST_STEP][PASSED] - iii = dZO.indexOf("/"): null

13-01-2025T07:10:51 - [TEST_STEP][PASSED] - println(iii): null

13-01-2025T07:10:51 - [TEST_STEP][PASSED] - dZO = dZO.substring(0, iii): null

13-01-2025T07:10:51 - [TEST_STEP][PASSED] - println(dZO): null

13-01-2025T07:10:51 - [TEST_STEP][PASSED] - println(PercPlanR): null

13-01-2025T07:10:51 - [TEST_STEP][PASSED] - println(PercPlanB): null

13-01-2025T07:10:51 - [TEST_STEP][PASSED] - println(PercFactR): null

13-01-2025T07:10:51 - [TEST_STEP][PASSED] - println(PercFactB): null

13-01-2025T07:10:51 - [TEST_STEP][PASSED] - println(tabR): null

13-01-2025T07:10:51 - [TEST_STEP][PASSED] - println(tabB): null

13-01-2025T07:10:51 - [TEST_STEP][PASSED] - println(o1R): null

13-01-2025T07:10:51 - [TEST_STEP][PASSED] - println(o1B): null

13-01-2025T07:10:51 - [TEST_STEP][PASSED] - PR = <not implemented yet for class: org.codehaus.groovy.ast.expr.EmptyExpression>: null

13-01-2025T07:10:51 - [TEST_STEP][PASSED] - FR = <not implemented yet for class: org.codehaus.groovy.ast.expr.EmptyExpression>: null

13-01-2025T07:10:51 - [TEST_STEP][PASSED] - PB = <not implemented yet for class: org.codehaus.groovy.ast.expr.EmptyExpression>: null

13-01-2025T07:10:51 - [TEST_STEP][PASSED] - FB = <not implemented yet for class: org.codehaus.groovy.ast.expr.EmptyExpression>: null

13-01-2025T07:10:51 - [TEST_STEP][PASSED] - TR = <not implemented yet for class: org.codehaus.groovy.ast.expr.EmptyExpression>: null

13-01-2025T07:10:51 - [TEST_STEP][PASSED] - TB = <not implemented yet for class: org.codehaus.groovy.ast.expr.EmptyExpression>: null

13-01-2025T07:10:51 - [TEST_STEP][PASSED] - sheetName = "Sheet1": null

13-01-2025T07:10:51 - [TEST_STEP][PASSED] - data = findTestData("PlanFact"): null

13-01-2025T07:10:51 - [TEST_STEP][PASSED] - n = data.getRowNumbers() + 1: null

13-01-2025T07:10:51 - [TEST_STEP][PASSED] - year = todaysDate.substring(todaysDate.length() - 4, todaysDate.length()): null

13-01-2025T07:10:51 - [TEST_STEP][PASSED] - y = year.toInteger(): null

13-01-2025T07:10:51 - [TEST_STEP][PASSED] - m = getText(findTestObject("Выполнение бизнес-плана/Выполнение бизнес-плана Балансы/Фильтр Дата")): Text of object 'Object Repository/Выполнение бизнес-плана/Выполнение бизнес-плана Балансы/Фильтр Дата' is: '1, 2, 3 кв., Октябрь, Ноябрь 2024 года'

13-01-2025T07:10:52 - [MESSAGE][PASSED] - Text of object 'Object Repository/Выполнение бизнес-плана/Выполнение бизнес-плана Балансы/Фильтр Дата' is: '1, 2, 3 кв., Октябрь, Ноябрь 2024 года'

13-01-2025T07:10:52 - [TEST_STEP][PASSED] - m = m.substring(0, m.indexOf("2024")): null

13-01-2025T07:10:52 - [TEST_STEP][PASSED] - m = m.trim(): null

13-01-2025T07:10:52 - [TEST_STEP][PASSED] - dashboardName = "Выполнение бизнес-плана": null

13-01-2025T07:10:52 - [TEST_STEP][PASSED] - workbook01 = getWorkbook(excelFilePath): null

13-01-2025T07:10:52 - [TEST_STEP][PASSED] - sheet01 = getExcelSheet(workbook01, sheetName): null

13-01-2025T07:10:52 - [TEST_STEP][PASSED] - setValueToCellByIndex(sheet01, n, 0, dashboardName): null

13-01-2025T07:10:52 - [TEST_STEP][PASSED] - setValueToCellByIndex(sheet01, n, 1, dZO): null

13-01-2025T07:10:52 - [TEST_STEP][PASSED] - setValueToCellByIndex(sheet01, n, 2, typeOfData): null

13-01-2025T07:10:52 - [TEST_STEP][PASSED] - setValueToCellByIndex(sheet01, n, 3, typeOfData): null

13-01-2025T07:10:52 - [TEST_STEP][PASSED] - if (typeOfData == "План"): null

13-01-2025T07:10:52 - [TEST_STEP][PASSED] - if (PercPlanR == null): null

13-01-2025T07:10:52 - [TEST_STEP][PASSED] - else: null

13-01-2025T07:10:52 - [TEST_STEP][PASSED] - if (PercPlanR == "нет данных"): null

13-01-2025T07:10:52 - [TEST_STEP][PASSED] - setValueToCellByIndex(sheet01, n, 4, "нет данных"): null

13-01-2025T07:10:52 - [TEST_STEP][PASSED] - if (PercPlanB == null): null

13-01-2025T07:10:52 - [TEST_STEP][PASSED] - else: null

13-01-2025T07:10:52 - [TEST_STEP][PASSED] - if (PercPlanB == "нет данных"): null

13-01-2025T07:10:52 - [TEST_STEP][PASSED] - else: null

13-01-2025T07:10:52 - [TEST_STEP][PASSED] - PB = PercPlanB.toDouble(): null

13-01-2025T07:10:52 - [TEST_STEP][PASSED] - setValueToCellByIndex(sheet01, n, 5, PB): null

13-01-2025T07:10:52 - [TEST_STEP][PASSED] - setValueToCellByIndex(sheet01, n, 6, m): null

13-01-2025T07:10:52 - [TEST_STEP][PASSED] - setValueToCellByIndex(sheet01, n, 7, y): null

13-01-2025T07:10:52 - [TEST_STEP][PASSED] - setValueToCellByIndex(sheet01, n, 8, todaysDate): null

13-01-2025T07:10:52 - [TEST_STEP][PASSED] - n = n + 1: null

13-01-2025T07:10:52 - [TEST_STEP][PASSED] - saveWorkbook(excelFilePath, workbook01): null

13-01-2025T07:10:52 - [TEST_STEP][PASSED] - typeOfData = "Факт": null

13-01-2025T07:10:52 - [TEST_STEP][PASSED] - PercFactR = GetPercFactR(x = a): null

13-01-2025T07:10:52 - [TEST_STEP][PASSED] - i1 = <not implemented yet for class: org.codehaus.groovy.ast.expr.EmptyExpression>: null

13-01-2025T07:10:52 - [TEST_STEP][PASSED] - ii = <not implemented yet for class: org.codehaus.groovy.ast.expr.EmptyExpression>: null

13-01-2025T07:10:52 - [TEST_STEP][PASSED] - for ([ii = 1, ii < 3, (ii++)]): null

13-01-2025T07:10:52 - [TEST_STEP][PASSED] - i1 = x.indexOf("/") + 1: null

13-01-2025T07:10:52 - [TEST_STEP][PASSED] - if (i1 > -1): null

13-01-2025T07:10:52 - [TEST_STEP][PASSED] - x = x.substring(i1, x.length()): null

13-01-2025T07:10:52 - [TEST_STEP][PASSED] - println(x): null

13-01-2025T07:10:52 - [TEST_STEP][PASSED] - i1 = x.indexOf("/") + 1: null

13-01-2025T07:10:52 - [TEST_STEP][PASSED] - if (i1 > -1): null

13-01-2025T07:10:52 - [TEST_STEP][PASSED] - x = x.substring(i1, x.length()): null

13-01-2025T07:10:52 - [TEST_STEP][PASSED] - println(x): null

13-01-2025T07:10:52 - [TEST_STEP][PASSED] - i1 = x.indexOf("/"): null

13-01-2025T07:10:52 - [TEST_STEP][PASSED] - if (i1 > -1): null

13-01-2025T07:10:52 - [TEST_STEP][PASSED] - x = x.substring(0, i1): null

13-01-2025T07:10:52 - [TEST_STEP][PASSED] - println(x): null

13-01-2025T07:10:52 - [TEST_STEP][PASSED] - return x: null

13-01-2025T07:10:52 - [TEST_STEP][PASSED] - PercFactB = GetPercFactB(x = b): null

13-01-2025T07:10:52 - [TEST_STEP][PASSED] - i1 = <not implemented yet for class: org.codehaus.groovy.ast.expr.EmptyExpression>: null

13-01-2025T07:10:52 - [TEST_STEP][PASSED] - ii = <not implemented yet for class: org.codehaus.groovy.ast.expr.EmptyExpression>: null

13-01-2025T07:10:52 - [TEST_STEP][PASSED] - for ([ii = 1, ii < 3, (ii++)]): null

13-01-2025T07:10:52 - [TEST_STEP][PASSED] - i1 = x.indexOf("/") + 1: null

13-01-2025T07:10:52 - [TEST_STEP][PASSED] - if (i1 > -1): null

13-01-2025T07:10:52 - [TEST_STEP][PASSED] - x = x.substring(i1, x.length()): null

13-01-2025T07:10:52 - [TEST_STEP][PASSED] - println(x): null

13-01-2025T07:10:52 - [TEST_STEP][PASSED] - i1 = x.indexOf("/") + 1: null

13-01-2025T07:10:52 - [TEST_STEP][PASSED] - if (i1 > -1): null

13-01-2025T07:10:52 - [TEST_STEP][PASSED] - x = x.substring(i1, x.length()): null

13-01-2025T07:10:52 - [TEST_STEP][PASSED] - println(x): null

13-01-2025T07:10:52 - [TEST_STEP][PASSED] - i1 = x.indexOf("/"): null

13-01-2025T07:10:52 - [TEST_STEP][PASSED] - if (i1 > -1): null

13-01-2025T07:10:52 - [TEST_STEP][PASSED] - x = x.substring(0, i1): null

13-01-2025T07:10:52 - [TEST_STEP][PASSED] - println(x): null

13-01-2025T07:10:52 - [TEST_STEP][FAILED] - return x: null

13-01-2025T07:10:52 - [TEST_STEP][FAILED] - if (verifyEqual(PercFactR, PercFactB) == false): null

13-01-2025T07:10:52 - [MESSAGE][FAILED] - Unable to verify equal between actual object 'нет данных' and expected object '8.46' (Root cause: com.kms.katalon.core.exception.StepFailedException: Actual object 'нет данных' and expected object '8.46' are not equal
	at com.kms.katalon.core.keyword.builtin.VerifyEqualKeyword$_verifyEqual_closure1.doCall(VerifyEqualKeyword.groovy:58)
	at com.kms.katalon.core.keyword.builtin.VerifyEqualKeyword$_verifyEqual_closure1.call(VerifyEqualKeyword.groovy)
	at com.kms.katalon.core.keyword.internal.KeywordMain.runKeyword(KeywordMain.groovy:75)
	at com.kms.katalon.core.keyword.builtin.VerifyEqualKeyword.verifyEqual(VerifyEqualKeyword.groovy:63)
	at com.kms.katalon.core.keyword.builtin.VerifyEqualKeyword.execute(VerifyEqualKeyword.groovy:44)
	at com.kms.katalon.core.keyword.internal.KeywordExecutor.executeKeywordForPlatform(KeywordExecutor.groovy:74)
	at com.kms.katalon.core.keyword.BuiltinKeywords.verifyEqual(BuiltinKeywords.groovy:146)
	at jdk.internal.reflect.GeneratedMethodAccessor25.invoke(Unknown Source)
	at java.base/jdk.internal.reflect.DelegatingMethodAccessorImpl.invoke(DelegatingMethodAccessorImpl.java:43)
	at Выполнение бизнес-плана сверка дашбордов - Copy.CompareDZOData(Выполнение бизнес-плана сверка дашбордов - Copy:693)
	at Выполнение бизнес-плана сверка дашбордов - Copy.run(Выполнение бизнес-плана сверка дашбордов - Copy:603)
	at com.kms.katalon.core.main.ScriptEngine.run(ScriptEngine.java:194)
	at com.kms.katalon.core.main.ScriptEngine.runScriptAsRawText(ScriptEngine.java:119)
	at com.kms.katalon.core.main.TestCaseExecutor.runScript(TestCaseExecutor.java:448)
	at com.kms.katalon.core.main.TestCaseExecutor.doExecute(TestCaseExecutor.java:439)
	at com.kms.katalon.core.main.TestCaseExecutor.processExecutionPhase(TestCaseExecutor.java:418)
	at com.kms.katalon.core.main.TestCaseExecutor.accessMainPhase(TestCaseExecutor.java:410)
	at com.kms.katalon.core.main.TestCaseExecutor.execute(TestCaseExecutor.java:285)
	at com.kms.katalon.core.common.CommonExecutor.accessTestCaseMainPhase(CommonExecutor.java:65)
	at com.kms.katalon.core.main.TestSuiteExecutor.accessTestSuiteMainPhase(TestSuiteExecutor.java:150)
	at com.kms.katalon.core.main.TestSuiteExecutor.execute(TestSuiteExecutor.java:106)
	at com.kms.katalon.core.main.TestCaseMain.startTestSuite(TestCaseMain.java:180)
	at TempTestSuite1736740835951.run(TempTestSuite1736740835951.groovy:35)
	at java.base/jdk.internal.reflect.NativeMethodAccessorImpl.invoke0(Native Method)
	at java.base/jdk.internal.reflect.NativeMethodAccessorImpl.invoke(NativeMethodAccessorImpl.java:77)
	at java.base/jdk.internal.reflect.DelegatingMethodAccessorImpl.invoke(DelegatingMethodAccessorImpl.java:43)
)

13-01-2025T07:10:52 - [TEST_STEP][PASSED] - result = WriteToExcel(typeOfData, todaysDate, PercPlanR, PercPlanB, PercFactR, PercFactB, x, tabR, tabB, o1R, o1B, vidget): null

13-01-2025T07:10:52 - [TEST_STEP][PASSED] - iii = dZO.indexOf("/"): null

13-01-2025T07:10:52 - [TEST_STEP][PASSED] - println(iii): null

13-01-2025T07:10:52 - [TEST_STEP][PASSED] - dZO = dZO.substring(0, iii): null

13-01-2025T07:10:52 - [TEST_STEP][PASSED] - println(dZO): null

13-01-2025T07:10:52 - [TEST_STEP][PASSED] - println(PercPlanR): null

13-01-2025T07:10:52 - [TEST_STEP][PASSED] - println(PercPlanB): null

13-01-2025T07:10:52 - [TEST_STEP][PASSED] - println(PercFactR): null

13-01-2025T07:10:52 - [TEST_STEP][PASSED] - println(PercFactB): null

13-01-2025T07:10:52 - [TEST_STEP][PASSED] - println(tabR): null

13-01-2025T07:10:52 - [TEST_STEP][PASSED] - println(tabB): null

13-01-2025T07:10:52 - [TEST_STEP][PASSED] - println(o1R): null

13-01-2025T07:10:52 - [TEST_STEP][PASSED] - println(o1B): null

13-01-2025T07:10:52 - [TEST_STEP][PASSED] - PR = <not implemented yet for class: org.codehaus.groovy.ast.expr.EmptyExpression>: null

13-01-2025T07:10:52 - [TEST_STEP][PASSED] - FR = <not implemented yet for class: org.codehaus.groovy.ast.expr.EmptyExpression>: null

13-01-2025T07:10:52 - [TEST_STEP][PASSED] - PB = <not implemented yet for class: org.codehaus.groovy.ast.expr.EmptyExpression>: null

13-01-2025T07:10:52 - [TEST_STEP][PASSED] - FB = <not implemented yet for class: org.codehaus.groovy.ast.expr.EmptyExpression>: null

13-01-2025T07:10:52 - [TEST_STEP][PASSED] - TR = <not implemented yet for class: org.codehaus.groovy.ast.expr.EmptyExpression>: null

13-01-2025T07:10:52 - [TEST_STEP][PASSED] - TB = <not implemented yet for class: org.codehaus.groovy.ast.expr.EmptyExpression>: null

13-01-2025T07:10:52 - [TEST_STEP][PASSED] - sheetName = "Sheet1": null

13-01-2025T07:10:52 - [TEST_STEP][PASSED] - data = findTestData("PlanFact"): null

13-01-2025T07:10:52 - [TEST_STEP][PASSED] - n = data.getRowNumbers() + 1: null

13-01-2025T07:10:52 - [TEST_STEP][PASSED] - year = todaysDate.substring(todaysDate.length() - 4, todaysDate.length()): null

13-01-2025T07:10:52 - [TEST_STEP][PASSED] - y = year.toInteger(): null

13-01-2025T07:10:52 - [TEST_STEP][PASSED] - m = getText(findTestObject("Выполнение бизнес-плана/Выполнение бизнес-плана Балансы/Фильтр Дата")): Text of object 'Object Repository/Выполнение бизнес-плана/Выполнение бизнес-плана Балансы/Фильтр Дата' is: '1, 2, 3 кв., Октябрь, Ноябрь 2024 года'

13-01-2025T07:10:52 - [MESSAGE][PASSED] - Text of object 'Object Repository/Выполнение бизнес-плана/Выполнение бизнес-плана Балансы/Фильтр Дата' is: '1, 2, 3 кв., Октябрь, Ноябрь 2024 года'

13-01-2025T07:10:52 - [TEST_STEP][PASSED] - m = m.substring(0, m.indexOf("2024")): null

13-01-2025T07:10:52 - [TEST_STEP][PASSED] - m = m.trim(): null

13-01-2025T07:10:52 - [TEST_STEP][PASSED] - dashboardName = "Выполнение бизнес-плана": null

13-01-2025T07:10:52 - [TEST_STEP][PASSED] - workbook01 = getWorkbook(excelFilePath): null

13-01-2025T07:10:52 - [TEST_STEP][PASSED] - sheet01 = getExcelSheet(workbook01, sheetName): null

13-01-2025T07:10:52 - [TEST_STEP][PASSED] - setValueToCellByIndex(sheet01, n, 0, dashboardName): null

13-01-2025T07:10:53 - [TEST_STEP][PASSED] - setValueToCellByIndex(sheet01, n, 1, dZO): null

13-01-2025T07:10:53 - [TEST_STEP][PASSED] - setValueToCellByIndex(sheet01, n, 2, typeOfData): null

13-01-2025T07:10:53 - [TEST_STEP][PASSED] - setValueToCellByIndex(sheet01, n, 3, typeOfData): null

13-01-2025T07:10:53 - [TEST_STEP][PASSED] - if (typeOfData == "План"): null

13-01-2025T07:10:53 - [TEST_STEP][PASSED] - else if (typeOfData == "Факт"): null

13-01-2025T07:10:53 - [TEST_STEP][PASSED] - if (PercFactR == null): null

13-01-2025T07:10:53 - [TEST_STEP][PASSED] - else: null

13-01-2025T07:10:53 - [TEST_STEP][PASSED] - if (PercFactR == "нет данных"): null

13-01-2025T07:10:53 - [TEST_STEP][PASSED] - setValueToCellByIndex(sheet01, n, 4, "нет данных"): null

13-01-2025T07:10:53 - [TEST_STEP][PASSED] - if (PercFactB == null): null

13-01-2025T07:10:53 - [TEST_STEP][PASSED] - else: null

13-01-2025T07:10:53 - [TEST_STEP][PASSED] - if (PercFactB == "нет данных"): null

13-01-2025T07:10:53 - [TEST_STEP][PASSED] - else: null

13-01-2025T07:10:53 - [TEST_STEP][PASSED] - FB = PercFactB.toDouble(): null

13-01-2025T07:10:53 - [TEST_STEP][PASSED] - setValueToCellByIndex(sheet01, n, 5, FB): null

13-01-2025T07:10:53 - [TEST_STEP][PASSED] - setValueToCellByIndex(sheet01, n, 6, m): null

13-01-2025T07:10:53 - [TEST_STEP][PASSED] - setValueToCellByIndex(sheet01, n, 7, y): null

13-01-2025T07:10:53 - [TEST_STEP][PASSED] - setValueToCellByIndex(sheet01, n, 8, todaysDate): null

13-01-2025T07:10:53 - [TEST_STEP][PASSED] - n = n + 1: null

13-01-2025T07:10:53 - [TEST_STEP][PASSED] - saveWorkbook(excelFilePath, workbook01): null

13-01-2025T07:10:53 - [TEST_STEP][PASSED] - vidget = "Показатели баланса электроэнергии по ДЗО – Факт": null

13-01-2025T07:10:53 - [TEST_STEP][PASSED] - typeOfData = "Факт Отпуск в сеть": null

13-01-2025T07:10:53 - [TEST_STEP][PASSED] - tabR = GetOvSFactR(x = a): null

13-01-2025T07:10:53 - [TEST_STEP][PASSED] - i1 = <not implemented yet for class: org.codehaus.groovy.ast.expr.EmptyExpression>: null

13-01-2025T07:10:53 - [TEST_STEP][PASSED] - ii = <not implemented yet for class: org.codehaus.groovy.ast.expr.EmptyExpression>: null

13-01-2025T07:10:53 - [TEST_STEP][PASSED] - for ([ii = 1, ii < 4, (ii++)]): null

13-01-2025T07:10:53 - [TEST_STEP][PASSED] - i1 = x.indexOf("/") + 1: null

13-01-2025T07:10:53 - [TEST_STEP][PASSED] - if (i1 > -1): null

13-01-2025T07:10:53 - [TEST_STEP][PASSED] - x = x.substring(i1, x.length()): null

13-01-2025T07:10:53 - [TEST_STEP][PASSED] - println(x): null

13-01-2025T07:10:53 - [TEST_STEP][PASSED] - i1 = x.indexOf("/") + 1: null

13-01-2025T07:10:53 - [TEST_STEP][PASSED] - if (i1 > -1): null

13-01-2025T07:10:53 - [TEST_STEP][PASSED] - x = x.substring(i1, x.length()): null

13-01-2025T07:10:53 - [TEST_STEP][PASSED] - println(x): null

13-01-2025T07:10:53 - [TEST_STEP][PASSED] - i1 = x.indexOf("/") + 1: null

13-01-2025T07:10:53 - [TEST_STEP][PASSED] - if (i1 > -1): null

13-01-2025T07:10:53 - [TEST_STEP][PASSED] - x = x.substring(i1, x.length()): null

13-01-2025T07:10:53 - [TEST_STEP][PASSED] - println(x): null

13-01-2025T07:10:53 - [TEST_STEP][PASSED] - i1 = x.indexOf("/"): null

13-01-2025T07:10:53 - [TEST_STEP][PASSED] - if (i1 > -1): null

13-01-2025T07:10:53 - [TEST_STEP][PASSED] - x = x.substring(0, i1): null

13-01-2025T07:10:53 - [TEST_STEP][PASSED] - println(x): null

13-01-2025T07:10:53 - [TEST_STEP][PASSED] - return x: null

13-01-2025T07:10:53 - [TEST_STEP][PASSED] - tabB = GetOvSFactB(x = b): null

13-01-2025T07:10:53 - [TEST_STEP][PASSED] - i1 = <not implemented yet for class: org.codehaus.groovy.ast.expr.EmptyExpression>: null

13-01-2025T07:10:53 - [TEST_STEP][PASSED] - ii = <not implemented yet for class: org.codehaus.groovy.ast.expr.EmptyExpression>: null

13-01-2025T07:10:53 - [TEST_STEP][PASSED] - for ([ii = 1, ii < 4, (ii++)]): null

13-01-2025T07:10:53 - [TEST_STEP][PASSED] - i1 = x.indexOf("/") + 1: null

13-01-2025T07:10:53 - [TEST_STEP][PASSED] - if (i1 > -1): null

13-01-2025T07:10:53 - [TEST_STEP][PASSED] - x = x.substring(i1, x.length()): null

13-01-2025T07:10:53 - [TEST_STEP][PASSED] - println(x): null

13-01-2025T07:10:53 - [TEST_STEP][PASSED] - i1 = x.indexOf("/") + 1: null

13-01-2025T07:10:53 - [TEST_STEP][PASSED] - if (i1 > -1): null

13-01-2025T07:10:53 - [TEST_STEP][PASSED] - x = x.substring(i1, x.length()): null

13-01-2025T07:10:53 - [TEST_STEP][PASSED] - println(x): null

13-01-2025T07:10:53 - [TEST_STEP][PASSED] - i1 = x.indexOf("/") + 1: null

13-01-2025T07:10:53 - [TEST_STEP][PASSED] - if (i1 > -1): null

13-01-2025T07:10:53 - [TEST_STEP][PASSED] - x = x.substring(i1, x.length()): null

13-01-2025T07:10:53 - [TEST_STEP][PASSED] - println(x): null

13-01-2025T07:10:53 - [TEST_STEP][PASSED] - i1 = x.indexOf("/"): null

13-01-2025T07:10:53 - [TEST_STEP][PASSED] - if (i1 > -1): null

13-01-2025T07:10:53 - [TEST_STEP][PASSED] - x = x.substring(0, i1): null

13-01-2025T07:10:53 - [TEST_STEP][PASSED] - println(x): null

13-01-2025T07:10:53 - [TEST_STEP][FAILED] - return x: null

13-01-2025T07:10:53 - [TEST_STEP][FAILED] - if (verifyEqual(tabR, tabB) == false): null

13-01-2025T07:10:53 - [MESSAGE][FAILED] - Unable to verify equal between actual object 'нет данных' and expected object '23489307' (Root cause: com.kms.katalon.core.exception.StepFailedException: Actual object 'нет данных' and expected object '23489307' are not equal
	at com.kms.katalon.core.keyword.builtin.VerifyEqualKeyword$_verifyEqual_closure1.doCall(VerifyEqualKeyword.groovy:58)
	at com.kms.katalon.core.keyword.builtin.VerifyEqualKeyword$_verifyEqual_closure1.call(VerifyEqualKeyword.groovy)
	at com.kms.katalon.core.keyword.internal.KeywordMain.runKeyword(KeywordMain.groovy:75)
	at com.kms.katalon.core.keyword.builtin.VerifyEqualKeyword.verifyEqual(VerifyEqualKeyword.groovy:63)
	at com.kms.katalon.core.keyword.builtin.VerifyEqualKeyword.execute(VerifyEqualKeyword.groovy:44)
	at com.kms.katalon.core.keyword.internal.KeywordExecutor.executeKeywordForPlatform(KeywordExecutor.groovy:74)
	at com.kms.katalon.core.keyword.BuiltinKeywords.verifyEqual(BuiltinKeywords.groovy:146)
	at jdk.internal.reflect.GeneratedMethodAccessor25.invoke(Unknown Source)
	at java.base/jdk.internal.reflect.DelegatingMethodAccessorImpl.invoke(DelegatingMethodAccessorImpl.java:43)
	at Выполнение бизнес-плана сверка дашбордов - Copy.CompareDZOData(Выполнение бизнес-плана сверка дашбордов - Copy:706)
	at Выполнение бизнес-плана сверка дашбордов - Copy.run(Выполнение бизнес-плана сверка дашбордов - Copy:603)
	at com.kms.katalon.core.main.ScriptEngine.run(ScriptEngine.java:194)
	at com.kms.katalon.core.main.ScriptEngine.runScriptAsRawText(ScriptEngine.java:119)
	at com.kms.katalon.core.main.TestCaseExecutor.runScript(TestCaseExecutor.java:448)
	at com.kms.katalon.core.main.TestCaseExecutor.doExecute(TestCaseExecutor.java:439)
	at com.kms.katalon.core.main.TestCaseExecutor.processExecutionPhase(TestCaseExecutor.java:418)
	at com.kms.katalon.core.main.TestCaseExecutor.accessMainPhase(TestCaseExecutor.java:410)
	at com.kms.katalon.core.main.TestCaseExecutor.execute(TestCaseExecutor.java:285)
	at com.kms.katalon.core.common.CommonExecutor.accessTestCaseMainPhase(CommonExecutor.java:65)
	at com.kms.katalon.core.main.TestSuiteExecutor.accessTestSuiteMainPhase(TestSuiteExecutor.java:150)
	at com.kms.katalon.core.main.TestSuiteExecutor.execute(TestSuiteExecutor.java:106)
	at com.kms.katalon.core.main.TestCaseMain.startTestSuite(TestCaseMain.java:180)
	at TempTestSuite1736740835951.run(TempTestSuite1736740835951.groovy:35)
	at java.base/jdk.internal.reflect.NativeMethodAccessorImpl.invoke0(Native Method)
	at java.base/jdk.internal.reflect.NativeMethodAccessorImpl.invoke(NativeMethodAccessorImpl.java:77)
	at java.base/jdk.internal.reflect.DelegatingMethodAccessorImpl.invoke(DelegatingMethodAccessorImpl.java:43)
)

13-01-2025T07:10:53 - [TEST_STEP][PASSED] - result = WriteToExcel(typeOfData, todaysDate, PercPlanR, PercPlanB, PercFactR, PercFactB, x, tabR, tabB, o1R, o1B, vidget): null

13-01-2025T07:10:53 - [TEST_STEP][PASSED] - iii = dZO.indexOf("/"): null

13-01-2025T07:10:53 - [TEST_STEP][PASSED] - println(iii): null

13-01-2025T07:10:53 - [TEST_STEP][PASSED] - dZO = dZO.substring(0, iii): null

13-01-2025T07:10:53 - [TEST_STEP][PASSED] - println(dZO): null

13-01-2025T07:10:53 - [TEST_STEP][PASSED] - println(PercPlanR): null

13-01-2025T07:10:53 - [TEST_STEP][PASSED] - println(PercPlanB): null

13-01-2025T07:10:53 - [TEST_STEP][PASSED] - println(PercFactR): null

13-01-2025T07:10:53 - [TEST_STEP][PASSED] - println(PercFactB): null

13-01-2025T07:10:53 - [TEST_STEP][PASSED] - println(tabR): null

13-01-2025T07:10:53 - [TEST_STEP][PASSED] - println(tabB): null

13-01-2025T07:10:53 - [TEST_STEP][PASSED] - println(o1R): null

13-01-2025T07:10:53 - [TEST_STEP][PASSED] - println(o1B): null

13-01-2025T07:10:53 - [TEST_STEP][PASSED] - PR = <not implemented yet for class: org.codehaus.groovy.ast.expr.EmptyExpression>: null

13-01-2025T07:10:53 - [TEST_STEP][PASSED] - FR = <not implemented yet for class: org.codehaus.groovy.ast.expr.EmptyExpression>: null

13-01-2025T07:10:53 - [TEST_STEP][PASSED] - PB = <not implemented yet for class: org.codehaus.groovy.ast.expr.EmptyExpression>: null

13-01-2025T07:10:53 - [TEST_STEP][PASSED] - FB = <not implemented yet for class: org.codehaus.groovy.ast.expr.EmptyExpression>: null

13-01-2025T07:10:53 - [TEST_STEP][PASSED] - TR = <not implemented yet for class: org.codehaus.groovy.ast.expr.EmptyExpression>: null

13-01-2025T07:10:53 - [TEST_STEP][PASSED] - TB = <not implemented yet for class: org.codehaus.groovy.ast.expr.EmptyExpression>: null

13-01-2025T07:10:53 - [TEST_STEP][PASSED] - sheetName = "Sheet1": null

13-01-2025T07:10:53 - [TEST_STEP][PASSED] - data = findTestData("PlanFact"): null

13-01-2025T07:10:53 - [TEST_STEP][PASSED] - n = data.getRowNumbers() + 1: null

13-01-2025T07:10:53 - [TEST_STEP][PASSED] - year = todaysDate.substring(todaysDate.length() - 4, todaysDate.length()): null

13-01-2025T07:10:53 - [TEST_STEP][PASSED] - y = year.toInteger(): null

13-01-2025T07:10:53 - [TEST_STEP][PASSED] - m = getText(findTestObject("Выполнение бизнес-плана/Выполнение бизнес-плана Балансы/Фильтр Дата")): Text of object 'Object Repository/Выполнение бизнес-плана/Выполнение бизнес-плана Балансы/Фильтр Дата' is: '1, 2, 3 кв., Октябрь, Ноябрь 2024 года'

13-01-2025T07:10:53 - [MESSAGE][PASSED] - Text of object 'Object Repository/Выполнение бизнес-плана/Выполнение бизнес-плана Балансы/Фильтр Дата' is: '1, 2, 3 кв., Октябрь, Ноябрь 2024 года'

13-01-2025T07:10:53 - [TEST_STEP][PASSED] - m = m.substring(0, m.indexOf("2024")): null

13-01-2025T07:10:53 - [TEST_STEP][PASSED] - m = m.trim(): null

13-01-2025T07:10:53 - [TEST_STEP][PASSED] - dashboardName = "Выполнение бизнес-плана": null

13-01-2025T07:10:53 - [TEST_STEP][PASSED] - workbook01 = getWorkbook(excelFilePath): null

13-01-2025T07:10:53 - [TEST_STEP][PASSED] - sheet01 = getExcelSheet(workbook01, sheetName): null

13-01-2025T07:10:53 - [TEST_STEP][PASSED] - setValueToCellByIndex(sheet01, n, 0, dashboardName): null

13-01-2025T07:10:53 - [TEST_STEP][PASSED] - setValueToCellByIndex(sheet01, n, 1, dZO): null

13-01-2025T07:10:53 - [TEST_STEP][PASSED] - setValueToCellByIndex(sheet01, n, 2, typeOfData): null

13-01-2025T07:10:53 - [TEST_STEP][PASSED] - setValueToCellByIndex(sheet01, n, 3, typeOfData): null

13-01-2025T07:10:53 - [TEST_STEP][PASSED] - if (typeOfData == "План"): null

13-01-2025T07:10:53 - [TEST_STEP][PASSED] - else if (typeOfData == "Факт"): null

13-01-2025T07:10:53 - [TEST_STEP][PASSED] - else if (vidget.contains("электроэнергии") == true): null

13-01-2025T07:10:53 - [TEST_STEP][PASSED] - if (tabR == null): null

13-01-2025T07:10:53 - [TEST_STEP][PASSED] - else: null

13-01-2025T07:10:53 - [TEST_STEP][PASSED] - if (tabR == "нет данных"): null

13-01-2025T07:10:53 - [TEST_STEP][PASSED] - setValueToCellByIndex(sheet01, n, 4, "нет данных"): null

13-01-2025T07:10:53 - [TEST_STEP][PASSED] - if (tabB == null): null

13-01-2025T07:10:53 - [TEST_STEP][PASSED] - else: null

13-01-2025T07:10:53 - [TEST_STEP][PASSED] - if (tabB == "нет данных"): null

13-01-2025T07:10:53 - [TEST_STEP][PASSED] - else: null

13-01-2025T07:10:53 - [TEST_STEP][PASSED] - TB = tabB.toInteger(): null

13-01-2025T07:10:53 - [TEST_STEP][PASSED] - setValueToCellByIndex(sheet01, n, 5, TB): null

13-01-2025T07:10:53 - [TEST_STEP][PASSED] - setValueToCellByIndex(sheet01, n, 6, m): null

13-01-2025T07:10:53 - [TEST_STEP][PASSED] - setValueToCellByIndex(sheet01, n, 7, y): null

13-01-2025T07:10:53 - [TEST_STEP][PASSED] - setValueToCellByIndex(sheet01, n, 8, todaysDate): null

13-01-2025T07:10:53 - [TEST_STEP][PASSED] - n = n + 1: null

13-01-2025T07:10:53 - [TEST_STEP][PASSED] - saveWorkbook(excelFilePath, workbook01): null

13-01-2025T07:10:53 - [TEST_STEP][PASSED] - typeOfData = "Факт Отпуск из сети": null

13-01-2025T07:10:53 - [TEST_STEP][PASSED] - tabR = GetOiSFactR(x = a): null

13-01-2025T07:10:53 - [TEST_STEP][PASSED] - i1 = <not implemented yet for class: org.codehaus.groovy.ast.expr.EmptyExpression>: null

13-01-2025T07:10:53 - [TEST_STEP][PASSED] - ii = <not implemented yet for class: org.codehaus.groovy.ast.expr.EmptyExpression>: null

13-01-2025T07:10:53 - [TEST_STEP][PASSED] - for ([ii = 1, ii < 5, (ii++)]): null

13-01-2025T07:10:53 - [TEST_STEP][PASSED] - i1 = x.indexOf("/") + 1: null

13-01-2025T07:10:53 - [TEST_STEP][PASSED] - if (i1 > -1): null

13-01-2025T07:10:53 - [TEST_STEP][PASSED] - x = x.substring(i1, x.length()): null

13-01-2025T07:10:53 - [TEST_STEP][PASSED] - println(x): null

13-01-2025T07:10:53 - [TEST_STEP][PASSED] - i1 = x.indexOf("/") + 1: null

13-01-2025T07:10:53 - [TEST_STEP][PASSED] - if (i1 > -1): null

13-01-2025T07:10:53 - [TEST_STEP][PASSED] - x = x.substring(i1, x.length()): null

13-01-2025T07:10:53 - [TEST_STEP][PASSED] - println(x): null

13-01-2025T07:10:53 - [TEST_STEP][PASSED] - i1 = x.indexOf("/") + 1: null

13-01-2025T07:10:53 - [TEST_STEP][PASSED] - if (i1 > -1): null

13-01-2025T07:10:53 - [TEST_STEP][PASSED] - x = x.substring(i1, x.length()): null

13-01-2025T07:10:53 - [TEST_STEP][PASSED] - println(x): null

13-01-2025T07:10:53 - [TEST_STEP][PASSED] - i1 = x.indexOf("/") + 1: null

13-01-2025T07:10:53 - [TEST_STEP][PASSED] - if (i1 > -1): null

13-01-2025T07:10:53 - [TEST_STEP][PASSED] - x = x.substring(i1, x.length()): null

13-01-2025T07:10:53 - [TEST_STEP][PASSED] - println(x): null

13-01-2025T07:10:53 - [TEST_STEP][PASSED] - i1 = x.indexOf("/"): null

13-01-2025T07:10:53 - [TEST_STEP][PASSED] - if (i1 > -1): null

13-01-2025T07:10:53 - [TEST_STEP][PASSED] - x = x.substring(0, i1): null

13-01-2025T07:10:53 - [TEST_STEP][PASSED] - println(x): null

13-01-2025T07:10:53 - [TEST_STEP][PASSED] - return x: null

13-01-2025T07:10:53 - [TEST_STEP][PASSED] - tabB = GetOiSFactB(x = b): null

13-01-2025T07:10:53 - [TEST_STEP][PASSED] - i1 = <not implemented yet for class: org.codehaus.groovy.ast.expr.EmptyExpression>: null

13-01-2025T07:10:53 - [TEST_STEP][PASSED] - ii = <not implemented yet for class: org.codehaus.groovy.ast.expr.EmptyExpression>: null

13-01-2025T07:10:53 - [TEST_STEP][PASSED] - for ([ii = 1, ii < 5, (ii++)]): null

13-01-2025T07:10:53 - [TEST_STEP][PASSED] - i1 = x.indexOf("/") + 1: null

13-01-2025T07:10:53 - [TEST_STEP][PASSED] - if (i1 > -1): null

13-01-2025T07:10:53 - [TEST_STEP][PASSED] - x = x.substring(i1, x.length()): null

13-01-2025T07:10:53 - [TEST_STEP][PASSED] - println(x): null

13-01-2025T07:10:53 - [TEST_STEP][PASSED] - i1 = x.indexOf("/") + 1: null

13-01-2025T07:10:53 - [TEST_STEP][PASSED] - if (i1 > -1): null

13-01-2025T07:10:53 - [TEST_STEP][PASSED] - x = x.substring(i1, x.length()): null

13-01-2025T07:10:53 - [TEST_STEP][PASSED] - println(x): null

13-01-2025T07:10:53 - [TEST_STEP][PASSED] - i1 = x.indexOf("/") + 1: null

13-01-2025T07:10:53 - [TEST_STEP][PASSED] - if (i1 > -1): null

13-01-2025T07:10:53 - [TEST_STEP][PASSED] - x = x.substring(i1, x.length()): null

13-01-2025T07:10:53 - [TEST_STEP][PASSED] - println(x): null

13-01-2025T07:10:53 - [TEST_STEP][PASSED] - i1 = x.indexOf("/") + 1: null

13-01-2025T07:10:53 - [TEST_STEP][PASSED] - if (i1 > -1): null

13-01-2025T07:10:53 - [TEST_STEP][PASSED] - x = x.substring(i1, x.length()): null

13-01-2025T07:10:53 - [TEST_STEP][PASSED] - println(x): null

13-01-2025T07:10:53 - [TEST_STEP][PASSED] - i1 = x.indexOf("/"): null

13-01-2025T07:10:53 - [TEST_STEP][PASSED] - if (i1 > -1): null

13-01-2025T07:10:53 - [TEST_STEP][PASSED] - x = x.substring(0, i1): null

13-01-2025T07:10:53 - [TEST_STEP][PASSED] - println(x): null

13-01-2025T07:10:53 - [TEST_STEP][FAILED] - return x: null

13-01-2025T07:10:53 - [TEST_STEP][FAILED] - if (verifyEqual(tabR, tabB) == false): null

13-01-2025T07:10:53 - [MESSAGE][FAILED] - Unable to verify equal between actual object 'нет данных' and expected object '21501911' (Root cause: com.kms.katalon.core.exception.StepFailedException: Actual object 'нет данных' and expected object '21501911' are not equal
	at com.kms.katalon.core.keyword.builtin.VerifyEqualKeyword$_verifyEqual_closure1.doCall(VerifyEqualKeyword.groovy:58)
	at com.kms.katalon.core.keyword.builtin.VerifyEqualKeyword$_verifyEqual_closure1.call(VerifyEqualKeyword.groovy)
	at com.kms.katalon.core.keyword.internal.KeywordMain.runKeyword(KeywordMain.groovy:75)
	at com.kms.katalon.core.keyword.builtin.VerifyEqualKeyword.verifyEqual(VerifyEqualKeyword.groovy:63)
	at com.kms.katalon.core.keyword.builtin.VerifyEqualKeyword.execute(VerifyEqualKeyword.groovy:44)
	at com.kms.katalon.core.keyword.internal.KeywordExecutor.executeKeywordForPlatform(KeywordExecutor.groovy:74)
	at com.kms.katalon.core.keyword.BuiltinKeywords.verifyEqual(BuiltinKeywords.groovy:146)
	at jdk.internal.reflect.GeneratedMethodAccessor25.invoke(Unknown Source)
	at java.base/jdk.internal.reflect.DelegatingMethodAccessorImpl.invoke(DelegatingMethodAccessorImpl.java:43)
	at Выполнение бизнес-плана сверка дашбордов - Copy.CompareDZOData(Выполнение бизнес-плана сверка дашбордов - Copy:717)
	at Выполнение бизнес-плана сверка дашбордов - Copy.run(Выполнение бизнес-плана сверка дашбордов - Copy:603)
	at com.kms.katalon.core.main.ScriptEngine.run(ScriptEngine.java:194)
	at com.kms.katalon.core.main.ScriptEngine.runScriptAsRawText(ScriptEngine.java:119)
	at com.kms.katalon.core.main.TestCaseExecutor.runScript(TestCaseExecutor.java:448)
	at com.kms.katalon.core.main.TestCaseExecutor.doExecute(TestCaseExecutor.java:439)
	at com.kms.katalon.core.main.TestCaseExecutor.processExecutionPhase(TestCaseExecutor.java:418)
	at com.kms.katalon.core.main.TestCaseExecutor.accessMainPhase(TestCaseExecutor.java:410)
	at com.kms.katalon.core.main.TestCaseExecutor.execute(TestCaseExecutor.java:285)
	at com.kms.katalon.core.common.CommonExecutor.accessTestCaseMainPhase(CommonExecutor.java:65)
	at com.kms.katalon.core.main.TestSuiteExecutor.accessTestSuiteMainPhase(TestSuiteExecutor.java:150)
	at com.kms.katalon.core.main.TestSuiteExecutor.execute(TestSuiteExecutor.java:106)
	at com.kms.katalon.core.main.TestCaseMain.startTestSuite(TestCaseMain.java:180)
	at TempTestSuite1736740835951.run(TempTestSuite1736740835951.groovy:35)
	at java.base/jdk.internal.reflect.NativeMethodAccessorImpl.invoke0(Native Method)
	at java.base/jdk.internal.reflect.NativeMethodAccessorImpl.invoke(NativeMethodAccessorImpl.java:77)
	at java.base/jdk.internal.reflect.DelegatingMethodAccessorImpl.invoke(DelegatingMethodAccessorImpl.java:43)
)

13-01-2025T07:10:53 - [TEST_STEP][PASSED] - result = WriteToExcel(typeOfData, todaysDate, PercPlanR, PercPlanB, PercFactR, PercFactB, x, tabR, tabB, o1R, o1B, vidget): null

13-01-2025T07:10:53 - [TEST_STEP][PASSED] - iii = dZO.indexOf("/"): null

13-01-2025T07:10:53 - [TEST_STEP][PASSED] - println(iii): null

13-01-2025T07:10:53 - [TEST_STEP][PASSED] - dZO = dZO.substring(0, iii): null

13-01-2025T07:10:53 - [TEST_STEP][PASSED] - println(dZO): null

13-01-2025T07:10:53 - [TEST_STEP][PASSED] - println(PercPlanR): null

13-01-2025T07:10:53 - [TEST_STEP][PASSED] - println(PercPlanB): null

13-01-2025T07:10:53 - [TEST_STEP][PASSED] - println(PercFactR): null

13-01-2025T07:10:53 - [TEST_STEP][PASSED] - println(PercFactB): null

13-01-2025T07:10:53 - [TEST_STEP][PASSED] - println(tabR): null

13-01-2025T07:10:53 - [TEST_STEP][PASSED] - println(tabB): null

13-01-2025T07:10:53 - [TEST_STEP][PASSED] - println(o1R): null

13-01-2025T07:10:53 - [TEST_STEP][PASSED] - println(o1B): null

13-01-2025T07:10:53 - [TEST_STEP][PASSED] - PR = <not implemented yet for class: org.codehaus.groovy.ast.expr.EmptyExpression>: null

13-01-2025T07:10:53 - [TEST_STEP][PASSED] - FR = <not implemented yet for class: org.codehaus.groovy.ast.expr.EmptyExpression>: null

13-01-2025T07:10:53 - [TEST_STEP][PASSED] - PB = <not implemented yet for class: org.codehaus.groovy.ast.expr.EmptyExpression>: null

13-01-2025T07:10:53 - [TEST_STEP][PASSED] - FB = <not implemented yet for class: org.codehaus.groovy.ast.expr.EmptyExpression>: null

13-01-2025T07:10:53 - [TEST_STEP][PASSED] - TR = <not implemented yet for class: org.codehaus.groovy.ast.expr.EmptyExpression>: null

13-01-2025T07:10:53 - [TEST_STEP][PASSED] - TB = <not implemented yet for class: org.codehaus.groovy.ast.expr.EmptyExpression>: null

13-01-2025T07:10:53 - [TEST_STEP][PASSED] - sheetName = "Sheet1": null

13-01-2025T07:10:53 - [TEST_STEP][PASSED] - data = findTestData("PlanFact"): null

13-01-2025T07:10:54 - [TEST_STEP][PASSED] - n = data.getRowNumbers() + 1: null

13-01-2025T07:10:54 - [TEST_STEP][PASSED] - year = todaysDate.substring(todaysDate.length() - 4, todaysDate.length()): null

13-01-2025T07:10:54 - [TEST_STEP][PASSED] - y = year.toInteger(): null

13-01-2025T07:10:54 - [TEST_STEP][PASSED] - m = getText(findTestObject("Выполнение бизнес-плана/Выполнение бизнес-плана Балансы/Фильтр Дата")): Text of object 'Object Repository/Выполнение бизнес-плана/Выполнение бизнес-плана Балансы/Фильтр Дата' is: '1, 2, 3 кв., Октябрь, Ноябрь 2024 года'

13-01-2025T07:10:54 - [MESSAGE][PASSED] - Text of object 'Object Repository/Выполнение бизнес-плана/Выполнение бизнес-плана Балансы/Фильтр Дата' is: '1, 2, 3 кв., Октябрь, Ноябрь 2024 года'

13-01-2025T07:10:54 - [TEST_STEP][PASSED] - m = m.substring(0, m.indexOf("2024")): null

13-01-2025T07:10:54 - [TEST_STEP][PASSED] - m = m.trim(): null

13-01-2025T07:10:54 - [TEST_STEP][PASSED] - dashboardName = "Выполнение бизнес-плана": null

13-01-2025T07:10:54 - [TEST_STEP][PASSED] - workbook01 = getWorkbook(excelFilePath): null

13-01-2025T07:10:54 - [TEST_STEP][PASSED] - sheet01 = getExcelSheet(workbook01, sheetName): null

13-01-2025T07:10:54 - [TEST_STEP][PASSED] - setValueToCellByIndex(sheet01, n, 0, dashboardName): null

13-01-2025T07:10:54 - [TEST_STEP][PASSED] - setValueToCellByIndex(sheet01, n, 1, dZO): null

13-01-2025T07:10:54 - [TEST_STEP][PASSED] - setValueToCellByIndex(sheet01, n, 2, typeOfData): null

13-01-2025T07:10:54 - [TEST_STEP][PASSED] - setValueToCellByIndex(sheet01, n, 3, typeOfData): null

13-01-2025T07:10:54 - [TEST_STEP][PASSED] - if (typeOfData == "План"): null

13-01-2025T07:10:54 - [TEST_STEP][PASSED] - else if (typeOfData == "Факт"): null

13-01-2025T07:10:54 - [TEST_STEP][PASSED] - else if (vidget.contains("электроэнергии") == true): null

13-01-2025T07:10:54 - [TEST_STEP][PASSED] - if (tabR == null): null

13-01-2025T07:10:54 - [TEST_STEP][PASSED] - else: null

13-01-2025T07:10:54 - [TEST_STEP][PASSED] - if (tabR == "нет данных"): null

13-01-2025T07:10:54 - [TEST_STEP][PASSED] - setValueToCellByIndex(sheet01, n, 4, "нет данных"): null

13-01-2025T07:10:54 - [TEST_STEP][PASSED] - if (tabB == null): null

13-01-2025T07:10:54 - [TEST_STEP][PASSED] - else: null

13-01-2025T07:10:54 - [TEST_STEP][PASSED] - if (tabB == "нет данных"): null

13-01-2025T07:10:54 - [TEST_STEP][PASSED] - else: null

13-01-2025T07:10:54 - [TEST_STEP][PASSED] - TB = tabB.toInteger(): null

13-01-2025T07:10:54 - [TEST_STEP][PASSED] - setValueToCellByIndex(sheet01, n, 5, TB): null

13-01-2025T07:10:54 - [TEST_STEP][PASSED] - setValueToCellByIndex(sheet01, n, 6, m): null

13-01-2025T07:10:54 - [TEST_STEP][PASSED] - setValueToCellByIndex(sheet01, n, 7, y): null

13-01-2025T07:10:54 - [TEST_STEP][PASSED] - setValueToCellByIndex(sheet01, n, 8, todaysDate): null

13-01-2025T07:10:54 - [TEST_STEP][PASSED] - n = n + 1: null

13-01-2025T07:10:54 - [TEST_STEP][PASSED] - saveWorkbook(excelFilePath, workbook01): null

13-01-2025T07:10:54 - [TEST_STEP][PASSED] - typeOfData = "Факт Потери": null

13-01-2025T07:10:54 - [TEST_STEP][PASSED] - tabR = GetPFactR(x = a): null

13-01-2025T07:10:54 - [TEST_STEP][PASSED] - i1 = <not implemented yet for class: org.codehaus.groovy.ast.expr.EmptyExpression>: null

13-01-2025T07:10:54 - [TEST_STEP][PASSED] - ii = <not implemented yet for class: org.codehaus.groovy.ast.expr.EmptyExpression>: null

13-01-2025T07:10:54 - [TEST_STEP][PASSED] - for ([ii = 1, ii < 6, (ii++)]): null

13-01-2025T07:10:54 - [TEST_STEP][PASSED] - i1 = x.indexOf("/") + 1: null

13-01-2025T07:10:54 - [TEST_STEP][PASSED] - if (i1 > -1): null

13-01-2025T07:10:54 - [TEST_STEP][PASSED] - x = x.substring(i1, x.length()): null

13-01-2025T07:10:54 - [TEST_STEP][PASSED] - println(x): null

13-01-2025T07:10:54 - [TEST_STEP][PASSED] - i1 = x.indexOf("/") + 1: null

13-01-2025T07:10:54 - [TEST_STEP][PASSED] - if (i1 > -1): null

13-01-2025T07:10:54 - [TEST_STEP][PASSED] - x = x.substring(i1, x.length()): null

13-01-2025T07:10:54 - [TEST_STEP][PASSED] - println(x): null

13-01-2025T07:10:54 - [TEST_STEP][PASSED] - i1 = x.indexOf("/") + 1: null

13-01-2025T07:10:54 - [TEST_STEP][PASSED] - if (i1 > -1): null

13-01-2025T07:10:54 - [TEST_STEP][PASSED] - x = x.substring(i1, x.length()): null

13-01-2025T07:10:54 - [TEST_STEP][PASSED] - println(x): null

13-01-2025T07:10:54 - [TEST_STEP][PASSED] - i1 = x.indexOf("/") + 1: null

13-01-2025T07:10:54 - [TEST_STEP][PASSED] - if (i1 > -1): null

13-01-2025T07:10:54 - [TEST_STEP][PASSED] - x = x.substring(i1, x.length()): null

13-01-2025T07:10:54 - [TEST_STEP][PASSED] - println(x): null

13-01-2025T07:10:54 - [TEST_STEP][PASSED] - i1 = x.indexOf("/") + 1: null

13-01-2025T07:10:54 - [TEST_STEP][PASSED] - if (i1 > -1): null

13-01-2025T07:10:54 - [TEST_STEP][PASSED] - x = x.substring(i1, x.length()): null

13-01-2025T07:10:54 - [TEST_STEP][PASSED] - println(x): null

13-01-2025T07:10:54 - [TEST_STEP][PASSED] - i1 = x.indexOf("/"): null

13-01-2025T07:10:54 - [TEST_STEP][PASSED] - if (i1 > -1): null

13-01-2025T07:10:54 - [TEST_STEP][PASSED] - x = x.substring(0, i1): null

13-01-2025T07:10:54 - [TEST_STEP][PASSED] - println(x): null

13-01-2025T07:10:54 - [TEST_STEP][PASSED] - return x: null

13-01-2025T07:10:54 - [TEST_STEP][PASSED] - tabB = GetPFactB(x = b): null

13-01-2025T07:10:54 - [TEST_STEP][PASSED] - i1 = <not implemented yet for class: org.codehaus.groovy.ast.expr.EmptyExpression>: null

13-01-2025T07:10:54 - [TEST_STEP][PASSED] - ii = <not implemented yet for class: org.codehaus.groovy.ast.expr.EmptyExpression>: null

13-01-2025T07:10:54 - [TEST_STEP][PASSED] - for ([ii = 1, ii < 6, (ii++)]): null

13-01-2025T07:10:54 - [TEST_STEP][PASSED] - i1 = x.indexOf("/") + 1: null

13-01-2025T07:10:54 - [TEST_STEP][PASSED] - if (i1 > -1): null

13-01-2025T07:10:54 - [TEST_STEP][PASSED] - x = x.substring(i1, x.length()): null

13-01-2025T07:10:54 - [TEST_STEP][PASSED] - println(x): null

13-01-2025T07:10:54 - [TEST_STEP][PASSED] - i1 = x.indexOf("/") + 1: null

13-01-2025T07:10:54 - [TEST_STEP][PASSED] - if (i1 > -1): null

13-01-2025T07:10:54 - [TEST_STEP][PASSED] - x = x.substring(i1, x.length()): null

13-01-2025T07:10:54 - [TEST_STEP][PASSED] - println(x): null

13-01-2025T07:10:54 - [TEST_STEP][PASSED] - i1 = x.indexOf("/") + 1: null

13-01-2025T07:10:54 - [TEST_STEP][PASSED] - if (i1 > -1): null

13-01-2025T07:10:54 - [TEST_STEP][PASSED] - x = x.substring(i1, x.length()): null

13-01-2025T07:10:54 - [TEST_STEP][PASSED] - println(x): null

13-01-2025T07:10:54 - [TEST_STEP][PASSED] - i1 = x.indexOf("/") + 1: null

13-01-2025T07:10:54 - [TEST_STEP][PASSED] - if (i1 > -1): null

13-01-2025T07:10:54 - [TEST_STEP][PASSED] - x = x.substring(i1, x.length()): null

13-01-2025T07:10:54 - [TEST_STEP][PASSED] - println(x): null

13-01-2025T07:10:54 - [TEST_STEP][PASSED] - i1 = x.indexOf("/") + 1: null

13-01-2025T07:10:54 - [TEST_STEP][PASSED] - if (i1 > -1): null

13-01-2025T07:10:54 - [TEST_STEP][PASSED] - x = x.substring(i1, x.length()): null

13-01-2025T07:10:54 - [TEST_STEP][PASSED] - println(x): null

13-01-2025T07:10:54 - [TEST_STEP][PASSED] - i1 = x.indexOf("/"): null

13-01-2025T07:10:54 - [TEST_STEP][PASSED] - if (i1 > -1): null

13-01-2025T07:10:54 - [TEST_STEP][PASSED] - x = x.substring(0, i1): null

13-01-2025T07:10:54 - [TEST_STEP][PASSED] - println(x): null

13-01-2025T07:10:54 - [TEST_STEP][FAILED] - return x: null

13-01-2025T07:10:54 - [TEST_STEP][PASSED] - println(tabR + "/" + tabB): null

13-01-2025T07:10:54 - [TEST_STEP][FAILED] - if (verifyEqual(tabR, tabB) == false): null

13-01-2025T07:10:54 - [MESSAGE][FAILED] - Unable to verify equal between actual object 'нет данных' and expected object '1987396' (Root cause: com.kms.katalon.core.exception.StepFailedException: Actual object 'нет данных' and expected object '1987396' are not equal
	at com.kms.katalon.core.keyword.builtin.VerifyEqualKeyword$_verifyEqual_closure1.doCall(VerifyEqualKeyword.groovy:58)
	at com.kms.katalon.core.keyword.builtin.VerifyEqualKeyword$_verifyEqual_closure1.call(VerifyEqualKeyword.groovy)
	at com.kms.katalon.core.keyword.internal.KeywordMain.runKeyword(KeywordMain.groovy:75)
	at com.kms.katalon.core.keyword.builtin.VerifyEqualKeyword.verifyEqual(VerifyEqualKeyword.groovy:63)
	at com.kms.katalon.core.keyword.builtin.VerifyEqualKeyword.execute(VerifyEqualKeyword.groovy:44)
	at com.kms.katalon.core.keyword.internal.KeywordExecutor.executeKeywordForPlatform(KeywordExecutor.groovy:74)
	at com.kms.katalon.core.keyword.BuiltinKeywords.verifyEqual(BuiltinKeywords.groovy:146)
	at jdk.internal.reflect.GeneratedMethodAccessor25.invoke(Unknown Source)
	at java.base/jdk.internal.reflect.DelegatingMethodAccessorImpl.invoke(DelegatingMethodAccessorImpl.java:43)
	at Выполнение бизнес-плана сверка дашбордов - Copy.CompareDZOData(Выполнение бизнес-плана сверка дашбордов - Copy:730)
	at Выполнение бизнес-плана сверка дашбордов - Copy.run(Выполнение бизнес-плана сверка дашбордов - Copy:603)
	at com.kms.katalon.core.main.ScriptEngine.run(ScriptEngine.java:194)
	at com.kms.katalon.core.main.ScriptEngine.runScriptAsRawText(ScriptEngine.java:119)
	at com.kms.katalon.core.main.TestCaseExecutor.runScript(TestCaseExecutor.java:448)
	at com.kms.katalon.core.main.TestCaseExecutor.doExecute(TestCaseExecutor.java:439)
	at com.kms.katalon.core.main.TestCaseExecutor.processExecutionPhase(TestCaseExecutor.java:418)
	at com.kms.katalon.core.main.TestCaseExecutor.accessMainPhase(TestCaseExecutor.java:410)
	at com.kms.katalon.core.main.TestCaseExecutor.execute(TestCaseExecutor.java:285)
	at com.kms.katalon.core.common.CommonExecutor.accessTestCaseMainPhase(CommonExecutor.java:65)
	at com.kms.katalon.core.main.TestSuiteExecutor.accessTestSuiteMainPhase(TestSuiteExecutor.java:150)
	at com.kms.katalon.core.main.TestSuiteExecutor.execute(TestSuiteExecutor.java:106)
	at com.kms.katalon.core.main.TestCaseMain.startTestSuite(TestCaseMain.java:180)
	at TempTestSuite1736740835951.run(TempTestSuite1736740835951.groovy:35)
	at java.base/jdk.internal.reflect.NativeMethodAccessorImpl.invoke0(Native Method)
	at java.base/jdk.internal.reflect.NativeMethodAccessorImpl.invoke(NativeMethodAccessorImpl.java:77)
	at java.base/jdk.internal.reflect.DelegatingMethodAccessorImpl.invoke(DelegatingMethodAccessorImpl.java:43)
)

13-01-2025T07:10:54 - [TEST_STEP][PASSED] - result = WriteToExcel(typeOfData, todaysDate, PercPlanR, PercPlanB, PercFactR, PercFactB, x, tabR, tabB, o1R, o1B, vidget): null

13-01-2025T07:10:54 - [TEST_STEP][PASSED] - iii = dZO.indexOf("/"): null

13-01-2025T07:10:54 - [TEST_STEP][PASSED] - println(iii): null

13-01-2025T07:10:54 - [TEST_STEP][PASSED] - dZO = dZO.substring(0, iii): null

13-01-2025T07:10:54 - [TEST_STEP][PASSED] - println(dZO): null

13-01-2025T07:10:54 - [TEST_STEP][PASSED] - println(PercPlanR): null

13-01-2025T07:10:54 - [TEST_STEP][PASSED] - println(PercPlanB): null

13-01-2025T07:10:54 - [TEST_STEP][PASSED] - println(PercFactR): null

13-01-2025T07:10:54 - [TEST_STEP][PASSED] - println(PercFactB): null

13-01-2025T07:10:54 - [TEST_STEP][PASSED] - println(tabR): null

13-01-2025T07:10:54 - [TEST_STEP][PASSED] - println(tabB): null

13-01-2025T07:10:54 - [TEST_STEP][PASSED] - println(o1R): null

13-01-2025T07:10:54 - [TEST_STEP][PASSED] - println(o1B): null

13-01-2025T07:10:54 - [TEST_STEP][PASSED] - PR = <not implemented yet for class: org.codehaus.groovy.ast.expr.EmptyExpression>: null

13-01-2025T07:10:54 - [TEST_STEP][PASSED] - FR = <not implemented yet for class: org.codehaus.groovy.ast.expr.EmptyExpression>: null

13-01-2025T07:10:54 - [TEST_STEP][PASSED] - PB = <not implemented yet for class: org.codehaus.groovy.ast.expr.EmptyExpression>: null

13-01-2025T07:10:54 - [TEST_STEP][PASSED] - FB = <not implemented yet for class: org.codehaus.groovy.ast.expr.EmptyExpression>: null

13-01-2025T07:10:54 - [TEST_STEP][PASSED] - TR = <not implemented yet for class: org.codehaus.groovy.ast.expr.EmptyExpression>: null

13-01-2025T07:10:54 - [TEST_STEP][PASSED] - TB = <not implemented yet for class: org.codehaus.groovy.ast.expr.EmptyExpression>: null

13-01-2025T07:10:54 - [TEST_STEP][PASSED] - sheetName = "Sheet1": null

13-01-2025T07:10:54 - [TEST_STEP][PASSED] - data = findTestData("PlanFact"): null

13-01-2025T07:10:54 - [TEST_STEP][PASSED] - n = data.getRowNumbers() + 1: null

13-01-2025T07:10:54 - [TEST_STEP][PASSED] - year = todaysDate.substring(todaysDate.length() - 4, todaysDate.length()): null

13-01-2025T07:10:54 - [TEST_STEP][PASSED] - y = year.toInteger(): null

13-01-2025T07:10:54 - [TEST_STEP][PASSED] - m = getText(findTestObject("Выполнение бизнес-плана/Выполнение бизнес-плана Балансы/Фильтр Дата")): Text of object 'Object Repository/Выполнение бизнес-плана/Выполнение бизнес-плана Балансы/Фильтр Дата' is: '1, 2, 3 кв., Октябрь, Ноябрь 2024 года'

13-01-2025T07:10:54 - [MESSAGE][PASSED] - Text of object 'Object Repository/Выполнение бизнес-плана/Выполнение бизнес-плана Балансы/Фильтр Дата' is: '1, 2, 3 кв., Октябрь, Ноябрь 2024 года'

13-01-2025T07:10:54 - [TEST_STEP][PASSED] - m = m.substring(0, m.indexOf("2024")): null

13-01-2025T07:10:54 - [TEST_STEP][PASSED] - m = m.trim(): null

13-01-2025T07:10:54 - [TEST_STEP][PASSED] - dashboardName = "Выполнение бизнес-плана": null

13-01-2025T07:10:54 - [TEST_STEP][PASSED] - workbook01 = getWorkbook(excelFilePath): null

13-01-2025T07:10:55 - [TEST_STEP][PASSED] - sheet01 = getExcelSheet(workbook01, sheetName): null

13-01-2025T07:10:55 - [TEST_STEP][PASSED] - setValueToCellByIndex(sheet01, n, 0, dashboardName): null

13-01-2025T07:10:55 - [TEST_STEP][PASSED] - setValueToCellByIndex(sheet01, n, 1, dZO): null

13-01-2025T07:10:55 - [TEST_STEP][PASSED] - setValueToCellByIndex(sheet01, n, 2, typeOfData): null

13-01-2025T07:10:55 - [TEST_STEP][PASSED] - setValueToCellByIndex(sheet01, n, 3, typeOfData): null

13-01-2025T07:10:55 - [TEST_STEP][PASSED] - if (typeOfData == "План"): null

13-01-2025T07:10:55 - [TEST_STEP][PASSED] - else if (typeOfData == "Факт"): null

13-01-2025T07:10:55 - [TEST_STEP][PASSED] - else if (vidget.contains("электроэнергии") == true): null

13-01-2025T07:10:55 - [TEST_STEP][PASSED] - if (tabR == null): null

13-01-2025T07:10:55 - [TEST_STEP][PASSED] - else: null

13-01-2025T07:10:55 - [TEST_STEP][PASSED] - if (tabR == "нет данных"): null

13-01-2025T07:10:55 - [TEST_STEP][PASSED] - setValueToCellByIndex(sheet01, n, 4, "нет данных"): null

13-01-2025T07:10:55 - [TEST_STEP][PASSED] - if (tabB == null): null

13-01-2025T07:10:55 - [TEST_STEP][PASSED] - else: null

13-01-2025T07:10:55 - [TEST_STEP][PASSED] - if (tabB == "нет данных"): null

13-01-2025T07:10:55 - [TEST_STEP][PASSED] - else: null

13-01-2025T07:10:55 - [TEST_STEP][PASSED] - TB = tabB.toInteger(): null

13-01-2025T07:10:55 - [TEST_STEP][PASSED] - setValueToCellByIndex(sheet01, n, 5, TB): null

13-01-2025T07:10:55 - [TEST_STEP][PASSED] - setValueToCellByIndex(sheet01, n, 6, m): null

13-01-2025T07:10:55 - [TEST_STEP][PASSED] - setValueToCellByIndex(sheet01, n, 7, y): null

13-01-2025T07:10:55 - [TEST_STEP][PASSED] - setValueToCellByIndex(sheet01, n, 8, todaysDate): null

13-01-2025T07:10:55 - [TEST_STEP][PASSED] - n = n + 1: null

13-01-2025T07:10:55 - [TEST_STEP][PASSED] - saveWorkbook(excelFilePath, workbook01): null

13-01-2025T07:10:55 - [TEST_STEP][PASSED] - vidget = "Показатели баланса электроэнергии по ДЗО – План": null

13-01-2025T07:10:55 - [TEST_STEP][PASSED] - typeOfData = "План Отпуск в сеть": null

13-01-2025T07:10:55 - [TEST_STEP][PASSED] - tabR = GetOvSPlanR(x = a): null

13-01-2025T07:10:55 - [TEST_STEP][PASSED] - i1 = <not implemented yet for class: org.codehaus.groovy.ast.expr.EmptyExpression>: null

13-01-2025T07:10:55 - [TEST_STEP][PASSED] - ii = <not implemented yet for class: org.codehaus.groovy.ast.expr.EmptyExpression>: null

13-01-2025T07:10:55 - [TEST_STEP][PASSED] - for ([ii = 1, ii < 7, (ii++)]): null

13-01-2025T07:10:55 - [TEST_STEP][PASSED] - i1 = x.indexOf("/") + 1: null

13-01-2025T07:10:55 - [TEST_STEP][PASSED] - if (i1 > -1): null

13-01-2025T07:10:55 - [TEST_STEP][PASSED] - x = x.substring(i1, x.length()): null

13-01-2025T07:10:55 - [TEST_STEP][PASSED] - println(x): null

13-01-2025T07:10:55 - [TEST_STEP][PASSED] - i1 = x.indexOf("/") + 1: null

13-01-2025T07:10:55 - [TEST_STEP][PASSED] - if (i1 > -1): null

13-01-2025T07:10:55 - [TEST_STEP][PASSED] - x = x.substring(i1, x.length()): null

13-01-2025T07:10:55 - [TEST_STEP][PASSED] - println(x): null

13-01-2025T07:10:55 - [TEST_STEP][PASSED] - i1 = x.indexOf("/") + 1: null

13-01-2025T07:10:55 - [TEST_STEP][PASSED] - if (i1 > -1): null

13-01-2025T07:10:55 - [TEST_STEP][PASSED] - x = x.substring(i1, x.length()): null

13-01-2025T07:10:55 - [TEST_STEP][PASSED] - println(x): null

13-01-2025T07:10:55 - [TEST_STEP][PASSED] - i1 = x.indexOf("/") + 1: null

13-01-2025T07:10:55 - [TEST_STEP][PASSED] - if (i1 > -1): null

13-01-2025T07:10:55 - [TEST_STEP][PASSED] - x = x.substring(i1, x.length()): null

13-01-2025T07:10:55 - [TEST_STEP][PASSED] - println(x): null

13-01-2025T07:10:55 - [TEST_STEP][PASSED] - i1 = x.indexOf("/") + 1: null

13-01-2025T07:10:55 - [TEST_STEP][PASSED] - if (i1 > -1): null

13-01-2025T07:10:55 - [TEST_STEP][PASSED] - x = x.substring(i1, x.length()): null

13-01-2025T07:10:55 - [TEST_STEP][PASSED] - println(x): null

13-01-2025T07:10:55 - [TEST_STEP][PASSED] - i1 = x.indexOf("/") + 1: null

13-01-2025T07:10:55 - [TEST_STEP][PASSED] - if (i1 > -1): null

13-01-2025T07:10:55 - [TEST_STEP][PASSED] - x = x.substring(i1, x.length()): null

13-01-2025T07:10:55 - [TEST_STEP][PASSED] - println(x): null

13-01-2025T07:10:55 - [TEST_STEP][PASSED] - i1 = x.indexOf("/"): null

13-01-2025T07:10:55 - [TEST_STEP][PASSED] - if (i1 > -1): null

13-01-2025T07:10:55 - [TEST_STEP][PASSED] - x = x.substring(0, i1): null

13-01-2025T07:10:55 - [TEST_STEP][PASSED] - println(x): null

13-01-2025T07:10:55 - [TEST_STEP][PASSED] - return x: null

13-01-2025T07:10:55 - [TEST_STEP][PASSED] - tabB = GetOvSPlanB(x = b): null

13-01-2025T07:10:55 - [TEST_STEP][PASSED] - i1 = <not implemented yet for class: org.codehaus.groovy.ast.expr.EmptyExpression>: null

13-01-2025T07:10:55 - [TEST_STEP][PASSED] - ii = <not implemented yet for class: org.codehaus.groovy.ast.expr.EmptyExpression>: null

13-01-2025T07:10:55 - [TEST_STEP][PASSED] - for ([ii = 1, ii < 7, (ii++)]): null

13-01-2025T07:10:55 - [TEST_STEP][PASSED] - i1 = x.indexOf("/") + 1: null

13-01-2025T07:10:55 - [TEST_STEP][PASSED] - if (i1 > -1): null

13-01-2025T07:10:55 - [TEST_STEP][PASSED] - x = x.substring(i1, x.length()): null

13-01-2025T07:10:55 - [TEST_STEP][PASSED] - println(x): null

13-01-2025T07:10:55 - [TEST_STEP][PASSED] - i1 = x.indexOf("/") + 1: null

13-01-2025T07:10:55 - [TEST_STEP][PASSED] - if (i1 > -1): null

13-01-2025T07:10:55 - [TEST_STEP][PASSED] - x = x.substring(i1, x.length()): null

13-01-2025T07:10:55 - [TEST_STEP][PASSED] - println(x): null

13-01-2025T07:10:55 - [TEST_STEP][PASSED] - i1 = x.indexOf("/") + 1: null

13-01-2025T07:10:55 - [TEST_STEP][PASSED] - if (i1 > -1): null

13-01-2025T07:10:55 - [TEST_STEP][PASSED] - x = x.substring(i1, x.length()): null

13-01-2025T07:10:55 - [TEST_STEP][PASSED] - println(x): null

13-01-2025T07:10:55 - [TEST_STEP][PASSED] - i1 = x.indexOf("/") + 1: null

13-01-2025T07:10:55 - [TEST_STEP][PASSED] - if (i1 > -1): null

13-01-2025T07:10:55 - [TEST_STEP][PASSED] - x = x.substring(i1, x.length()): null

13-01-2025T07:10:55 - [TEST_STEP][PASSED] - println(x): null

13-01-2025T07:10:55 - [TEST_STEP][PASSED] - i1 = x.indexOf("/") + 1: null

13-01-2025T07:10:55 - [TEST_STEP][PASSED] - if (i1 > -1): null

13-01-2025T07:10:55 - [TEST_STEP][PASSED] - x = x.substring(i1, x.length()): null

13-01-2025T07:10:55 - [TEST_STEP][PASSED] - println(x): null

13-01-2025T07:10:55 - [TEST_STEP][PASSED] - i1 = x.indexOf("/") + 1: null

13-01-2025T07:10:55 - [TEST_STEP][PASSED] - if (i1 > -1): null

13-01-2025T07:10:55 - [TEST_STEP][PASSED] - x = x.substring(i1, x.length()): null

13-01-2025T07:10:55 - [TEST_STEP][PASSED] - println(x): null

13-01-2025T07:10:55 - [TEST_STEP][PASSED] - i1 = x.indexOf("/"): null

13-01-2025T07:10:55 - [TEST_STEP][PASSED] - if (i1 > -1): null

13-01-2025T07:10:55 - [TEST_STEP][PASSED] - x = x.substring(0, i1): null

13-01-2025T07:10:55 - [TEST_STEP][PASSED] - println(x): null

13-01-2025T07:10:55 - [TEST_STEP][FAILED] - return x: null

13-01-2025T07:10:55 - [TEST_STEP][PASSED] - println(tabR + "/" + tabB): null

13-01-2025T07:10:55 - [TEST_STEP][FAILED] - if (verifyEqual(PercFactR, PercFactB) == false): null

13-01-2025T07:10:55 - [MESSAGE][FAILED] - Unable to verify equal between actual object 'нет данных' and expected object '8.46' (Root cause: com.kms.katalon.core.exception.StepFailedException: Actual object 'нет данных' and expected object '8.46' are not equal
	at com.kms.katalon.core.keyword.builtin.VerifyEqualKeyword$_verifyEqual_closure1.doCall(VerifyEqualKeyword.groovy:58)
	at com.kms.katalon.core.keyword.builtin.VerifyEqualKeyword$_verifyEqual_closure1.call(VerifyEqualKeyword.groovy)
	at com.kms.katalon.core.keyword.internal.KeywordMain.runKeyword(KeywordMain.groovy:75)
	at com.kms.katalon.core.keyword.builtin.VerifyEqualKeyword.verifyEqual(VerifyEqualKeyword.groovy:63)
	at com.kms.katalon.core.keyword.builtin.VerifyEqualKeyword.execute(VerifyEqualKeyword.groovy:44)
	at com.kms.katalon.core.keyword.internal.KeywordExecutor.executeKeywordForPlatform(KeywordExecutor.groovy:74)
	at com.kms.katalon.core.keyword.BuiltinKeywords.verifyEqual(BuiltinKeywords.groovy:146)
	at jdk.internal.reflect.GeneratedMethodAccessor25.invoke(Unknown Source)
	at java.base/jdk.internal.reflect.DelegatingMethodAccessorImpl.invoke(DelegatingMethodAccessorImpl.java:43)
	at Выполнение бизнес-плана сверка дашбордов - Copy.CompareDZOData(Выполнение бизнес-плана сверка дашбордов - Copy:745)
	at Выполнение бизнес-плана сверка дашбордов - Copy.run(Выполнение бизнес-плана сверка дашбордов - Copy:603)
	at com.kms.katalon.core.main.ScriptEngine.run(ScriptEngine.java:194)
	at com.kms.katalon.core.main.ScriptEngine.runScriptAsRawText(ScriptEngine.java:119)
	at com.kms.katalon.core.main.TestCaseExecutor.runScript(TestCaseExecutor.java:448)
	at com.kms.katalon.core.main.TestCaseExecutor.doExecute(TestCaseExecutor.java:439)
	at com.kms.katalon.core.main.TestCaseExecutor.processExecutionPhase(TestCaseExecutor.java:418)
	at com.kms.katalon.core.main.TestCaseExecutor.accessMainPhase(TestCaseExecutor.java:410)
	at com.kms.katalon.core.main.TestCaseExecutor.execute(TestCaseExecutor.java:285)
	at com.kms.katalon.core.common.CommonExecutor.accessTestCaseMainPhase(CommonExecutor.java:65)
	at com.kms.katalon.core.main.TestSuiteExecutor.accessTestSuiteMainPhase(TestSuiteExecutor.java:150)
	at com.kms.katalon.core.main.TestSuiteExecutor.execute(TestSuiteExecutor.java:106)
	at com.kms.katalon.core.main.TestCaseMain.startTestSuite(TestCaseMain.java:180)
	at TempTestSuite1736740835951.run(TempTestSuite1736740835951.groovy:35)
	at java.base/jdk.internal.reflect.NativeMethodAccessorImpl.invoke0(Native Method)
	at java.base/jdk.internal.reflect.NativeMethodAccessorImpl.invoke(NativeMethodAccessorImpl.java:77)
	at java.base/jdk.internal.reflect.DelegatingMethodAccessorImpl.invoke(DelegatingMethodAccessorImpl.java:43)
)

13-01-2025T07:10:55 - [TEST_STEP][PASSED] - result = WriteToExcel(typeOfData, todaysDate, PercPlanR, PercPlanB, PercFactR, PercFactB, x, tabR, tabB, o1R, o1B, vidget): null

13-01-2025T07:10:55 - [TEST_STEP][PASSED] - iii = dZO.indexOf("/"): null

13-01-2025T07:10:55 - [TEST_STEP][PASSED] - println(iii): null

13-01-2025T07:10:55 - [TEST_STEP][PASSED] - dZO = dZO.substring(0, iii): null

13-01-2025T07:10:55 - [TEST_STEP][PASSED] - println(dZO): null

13-01-2025T07:10:55 - [TEST_STEP][PASSED] - println(PercPlanR): null

13-01-2025T07:10:55 - [TEST_STEP][PASSED] - println(PercPlanB): null

13-01-2025T07:10:55 - [TEST_STEP][PASSED] - println(PercFactR): null

13-01-2025T07:10:55 - [TEST_STEP][PASSED] - println(PercFactB): null

13-01-2025T07:10:55 - [TEST_STEP][PASSED] - println(tabR): null

13-01-2025T07:10:55 - [TEST_STEP][PASSED] - println(tabB): null

13-01-2025T07:10:55 - [TEST_STEP][PASSED] - println(o1R): null

13-01-2025T07:10:55 - [TEST_STEP][PASSED] - println(o1B): null

13-01-2025T07:10:55 - [TEST_STEP][PASSED] - PR = <not implemented yet for class: org.codehaus.groovy.ast.expr.EmptyExpression>: null

13-01-2025T07:10:55 - [TEST_STEP][PASSED] - FR = <not implemented yet for class: org.codehaus.groovy.ast.expr.EmptyExpression>: null

13-01-2025T07:10:55 - [TEST_STEP][PASSED] - PB = <not implemented yet for class: org.codehaus.groovy.ast.expr.EmptyExpression>: null

13-01-2025T07:10:55 - [TEST_STEP][PASSED] - FB = <not implemented yet for class: org.codehaus.groovy.ast.expr.EmptyExpression>: null

13-01-2025T07:10:55 - [TEST_STEP][PASSED] - TR = <not implemented yet for class: org.codehaus.groovy.ast.expr.EmptyExpression>: null

13-01-2025T07:10:55 - [TEST_STEP][PASSED] - TB = <not implemented yet for class: org.codehaus.groovy.ast.expr.EmptyExpression>: null

13-01-2025T07:10:55 - [TEST_STEP][PASSED] - sheetName = "Sheet1": null

13-01-2025T07:10:55 - [TEST_STEP][PASSED] - data = findTestData("PlanFact"): null

13-01-2025T07:10:55 - [TEST_STEP][PASSED] - n = data.getRowNumbers() + 1: null

13-01-2025T07:10:55 - [TEST_STEP][PASSED] - year = todaysDate.substring(todaysDate.length() - 4, todaysDate.length()): null

13-01-2025T07:11:11 - [TEST_STEP][PASSED] - y = year.toInteger(): null

13-01-2025T07:11:11 - [TEST_STEP][PASSED] - m = getText(findTestObject("Выполнение бизнес-плана/Выполнение бизнес-плана Балансы/Фильтр Дата")): Text of object 'Object Repository/Выполнение бизнес-плана/Выполнение бизнес-плана Балансы/Фильтр Дата' is: '1, 2, 3 кв., Октябрь, Ноябрь 2024 года'

13-01-2025T07:11:12 - [MESSAGE][PASSED] - Text of object 'Object Repository/Выполнение бизнес-плана/Выполнение бизнес-плана Балансы/Фильтр Дата' is: '1, 2, 3 кв., Октябрь, Ноябрь 2024 года'

13-01-2025T07:11:12 - [TEST_STEP][PASSED] - m = m.substring(0, m.indexOf("2024")): null

13-01-2025T07:11:12 - [TEST_STEP][PASSED] - m = m.trim(): null

13-01-2025T07:11:12 - [TEST_STEP][PASSED] - dashboardName = "Выполнение бизнес-плана": null

13-01-2025T07:11:12 - [TEST_STEP][PASSED] - workbook01 = getWorkbook(excelFilePath): null

13-01-2025T07:11:12 - [TEST_STEP][PASSED] - sheet01 = getExcelSheet(workbook01, sheetName): null

13-01-2025T07:11:12 - [TEST_STEP][PASSED] - setValueToCellByIndex(sheet01, n, 0, dashboardName): null

13-01-2025T07:11:12 - [TEST_STEP][PASSED] - setValueToCellByIndex(sheet01, n, 1, dZO): null

13-01-2025T07:11:12 - [TEST_STEP][PASSED] - setValueToCellByIndex(sheet01, n, 2, typeOfData): null

13-01-2025T07:11:12 - [TEST_STEP][PASSED] - setValueToCellByIndex(sheet01, n, 3, typeOfData): null

13-01-2025T07:11:12 - [TEST_STEP][PASSED] - if (typeOfData == "План"): null

13-01-2025T07:11:12 - [TEST_STEP][PASSED] - else if (typeOfData == "Факт"): null

13-01-2025T07:11:12 - [TEST_STEP][PASSED] - else if (vidget.contains("электроэнергии") == true): null

13-01-2025T07:11:12 - [TEST_STEP][PASSED] - if (tabR == null): null

13-01-2025T07:11:12 - [TEST_STEP][PASSED] - else: null

13-01-2025T07:11:12 - [TEST_STEP][PASSED] - if (tabR == "нет данных"): null

13-01-2025T07:11:12 - [TEST_STEP][PASSED] - setValueToCellByIndex(sheet01, n, 4, "нет данных"): null

13-01-2025T07:11:12 - [TEST_STEP][PASSED] - if (tabB == null): null

13-01-2025T07:11:12 - [TEST_STEP][PASSED] - else: null

13-01-2025T07:11:12 - [TEST_STEP][PASSED] - if (tabB == "нет данных"): null

13-01-2025T07:11:12 - [TEST_STEP][PASSED] - else: null

13-01-2025T07:11:12 - [TEST_STEP][PASSED] - TB = tabB.toInteger(): null

13-01-2025T07:11:12 - [TEST_STEP][PASSED] - setValueToCellByIndex(sheet01, n, 5, TB): null

13-01-2025T07:11:12 - [TEST_STEP][PASSED] - setValueToCellByIndex(sheet01, n, 6, m): null

13-01-2025T07:11:12 - [TEST_STEP][PASSED] - setValueToCellByIndex(sheet01, n, 7, y): null

13-01-2025T07:11:12 - [TEST_STEP][PASSED] - setValueToCellByIndex(sheet01, n, 8, todaysDate): null

13-01-2025T07:11:12 - [TEST_STEP][PASSED] - n = n + 1: null

13-01-2025T07:11:12 - [TEST_STEP][PASSED] - saveWorkbook(excelFilePath, workbook01): null

13-01-2025T07:11:12 - [TEST_STEP][PASSED] - typeOfData = "План Отпуск из сети": null

13-01-2025T07:11:12 - [TEST_STEP][PASSED] - tabR = GetOiSPlanR(x = a): null

13-01-2025T07:11:12 - [TEST_STEP][PASSED] - i1 = <not implemented yet for class: org.codehaus.groovy.ast.expr.EmptyExpression>: null

13-01-2025T07:11:12 - [TEST_STEP][PASSED] - ii = <not implemented yet for class: org.codehaus.groovy.ast.expr.EmptyExpression>: null

13-01-2025T07:11:12 - [TEST_STEP][PASSED] - for ([ii = 1, ii < 8, (ii++)]): null

13-01-2025T07:11:12 - [TEST_STEP][PASSED] - i1 = x.indexOf("/") + 1: null

13-01-2025T07:11:12 - [TEST_STEP][PASSED] - if (i1 > -1): null

13-01-2025T07:11:12 - [TEST_STEP][PASSED] - x = x.substring(i1, x.length()): null

13-01-2025T07:11:12 - [TEST_STEP][PASSED] - println(x): null

13-01-2025T07:11:12 - [TEST_STEP][PASSED] - i1 = x.indexOf("/") + 1: null

13-01-2025T07:11:12 - [TEST_STEP][PASSED] - if (i1 > -1): null

13-01-2025T07:11:12 - [TEST_STEP][PASSED] - x = x.substring(i1, x.length()): null

13-01-2025T07:11:12 - [TEST_STEP][PASSED] - println(x): null

13-01-2025T07:11:12 - [TEST_STEP][PASSED] - i1 = x.indexOf("/") + 1: null

13-01-2025T07:11:12 - [TEST_STEP][PASSED] - if (i1 > -1): null

13-01-2025T07:11:12 - [TEST_STEP][PASSED] - x = x.substring(i1, x.length()): null

13-01-2025T07:11:12 - [TEST_STEP][PASSED] - println(x): null

13-01-2025T07:11:12 - [TEST_STEP][PASSED] - i1 = x.indexOf("/") + 1: null

13-01-2025T07:11:12 - [TEST_STEP][PASSED] - if (i1 > -1): null

13-01-2025T07:11:12 - [TEST_STEP][PASSED] - x = x.substring(i1, x.length()): null

13-01-2025T07:11:12 - [TEST_STEP][PASSED] - println(x): null

13-01-2025T07:11:12 - [TEST_STEP][PASSED] - i1 = x.indexOf("/") + 1: null

13-01-2025T07:11:12 - [TEST_STEP][PASSED] - if (i1 > -1): null

13-01-2025T07:11:12 - [TEST_STEP][PASSED] - x = x.substring(i1, x.length()): null

13-01-2025T07:11:12 - [TEST_STEP][PASSED] - println(x): null

13-01-2025T07:11:12 - [TEST_STEP][PASSED] - i1 = x.indexOf("/") + 1: null

13-01-2025T07:11:12 - [TEST_STEP][PASSED] - if (i1 > -1): null

13-01-2025T07:11:12 - [TEST_STEP][PASSED] - x = x.substring(i1, x.length()): null

13-01-2025T07:11:12 - [TEST_STEP][PASSED] - println(x): null

13-01-2025T07:11:12 - [TEST_STEP][PASSED] - i1 = x.indexOf("/") + 1: null

13-01-2025T07:11:12 - [TEST_STEP][PASSED] - if (i1 > -1): null

13-01-2025T07:11:12 - [TEST_STEP][PASSED] - x = x.substring(i1, x.length()): null

13-01-2025T07:11:12 - [TEST_STEP][PASSED] - println(x): null

13-01-2025T07:11:12 - [TEST_STEP][PASSED] - i1 = x.indexOf("/"): null

13-01-2025T07:11:12 - [TEST_STEP][PASSED] - if (i1 > -1): null

13-01-2025T07:11:12 - [TEST_STEP][PASSED] - x = x.substring(0, i1): null

13-01-2025T07:11:12 - [TEST_STEP][PASSED] - println(x): null

13-01-2025T07:11:12 - [TEST_STEP][PASSED] - return x: null

13-01-2025T07:11:12 - [TEST_STEP][PASSED] - tabB = GetOiSPlanB(x = b): null

13-01-2025T07:11:12 - [TEST_STEP][PASSED] - i1 = <not implemented yet for class: org.codehaus.groovy.ast.expr.EmptyExpression>: null

13-01-2025T07:11:12 - [TEST_STEP][PASSED] - ii = <not implemented yet for class: org.codehaus.groovy.ast.expr.EmptyExpression>: null

13-01-2025T07:11:12 - [TEST_STEP][PASSED] - for ([ii = 1, ii < 8, (ii++)]): null

13-01-2025T07:11:12 - [TEST_STEP][PASSED] - i1 = x.indexOf("/") + 1: null

13-01-2025T07:11:12 - [TEST_STEP][PASSED] - if (i1 > -1): null

13-01-2025T07:11:12 - [TEST_STEP][PASSED] - x = x.substring(i1, x.length()): null

13-01-2025T07:11:12 - [TEST_STEP][PASSED] - println(x): null

13-01-2025T07:11:12 - [TEST_STEP][PASSED] - i1 = x.indexOf("/") + 1: null

13-01-2025T07:11:12 - [TEST_STEP][PASSED] - if (i1 > -1): null

13-01-2025T07:11:12 - [TEST_STEP][PASSED] - x = x.substring(i1, x.length()): null

13-01-2025T07:11:12 - [TEST_STEP][PASSED] - println(x): null

13-01-2025T07:11:12 - [TEST_STEP][PASSED] - i1 = x.indexOf("/") + 1: null

13-01-2025T07:11:12 - [TEST_STEP][PASSED] - if (i1 > -1): null

13-01-2025T07:11:12 - [TEST_STEP][PASSED] - x = x.substring(i1, x.length()): null

13-01-2025T07:11:12 - [TEST_STEP][PASSED] - println(x): null

13-01-2025T07:11:12 - [TEST_STEP][PASSED] - i1 = x.indexOf("/") + 1: null

13-01-2025T07:11:12 - [TEST_STEP][PASSED] - if (i1 > -1): null

13-01-2025T07:11:12 - [TEST_STEP][PASSED] - x = x.substring(i1, x.length()): null

13-01-2025T07:11:12 - [TEST_STEP][PASSED] - println(x): null

13-01-2025T07:11:12 - [TEST_STEP][PASSED] - i1 = x.indexOf("/") + 1: null

13-01-2025T07:11:12 - [TEST_STEP][PASSED] - if (i1 > -1): null

13-01-2025T07:11:12 - [TEST_STEP][PASSED] - x = x.substring(i1, x.length()): null

13-01-2025T07:11:12 - [TEST_STEP][PASSED] - println(x): null

13-01-2025T07:11:12 - [TEST_STEP][PASSED] - i1 = x.indexOf("/") + 1: null

13-01-2025T07:11:12 - [TEST_STEP][PASSED] - if (i1 > -1): null

13-01-2025T07:11:12 - [TEST_STEP][PASSED] - x = x.substring(i1, x.length()): null

13-01-2025T07:11:12 - [TEST_STEP][PASSED] - println(x): null

13-01-2025T07:11:12 - [TEST_STEP][PASSED] - i1 = x.indexOf("/") + 1: null

13-01-2025T07:11:12 - [TEST_STEP][PASSED] - if (i1 > -1): null

13-01-2025T07:11:12 - [TEST_STEP][PASSED] - x = x.substring(i1, x.length()): null

13-01-2025T07:11:12 - [TEST_STEP][PASSED] - println(x): null

13-01-2025T07:11:12 - [TEST_STEP][PASSED] - i1 = x.indexOf("/"): null

13-01-2025T07:11:12 - [TEST_STEP][PASSED] - if (i1 > -1): null

13-01-2025T07:11:12 - [TEST_STEP][PASSED] - x = x.substring(0, i1): null

13-01-2025T07:11:12 - [TEST_STEP][PASSED] - println(x): null

13-01-2025T07:11:12 - [TEST_STEP][FAILED] - return x: null

13-01-2025T07:11:12 - [TEST_STEP][PASSED] - println(tabR + "/" + tabB): null

13-01-2025T07:11:12 - [TEST_STEP][FAILED] - if (verifyEqual(PercFactR, PercFactB) == false): null

13-01-2025T07:11:12 - [MESSAGE][FAILED] - Unable to verify equal between actual object 'нет данных' and expected object '8.46' (Root cause: com.kms.katalon.core.exception.StepFailedException: Actual object 'нет данных' and expected object '8.46' are not equal
	at com.kms.katalon.core.keyword.builtin.VerifyEqualKeyword$_verifyEqual_closure1.doCall(VerifyEqualKeyword.groovy:58)
	at com.kms.katalon.core.keyword.builtin.VerifyEqualKeyword$_verifyEqual_closure1.call(VerifyEqualKeyword.groovy)
	at com.kms.katalon.core.keyword.internal.KeywordMain.runKeyword(KeywordMain.groovy:75)
	at com.kms.katalon.core.keyword.builtin.VerifyEqualKeyword.verifyEqual(VerifyEqualKeyword.groovy:63)
	at com.kms.katalon.core.keyword.builtin.VerifyEqualKeyword.execute(VerifyEqualKeyword.groovy:44)
	at com.kms.katalon.core.keyword.internal.KeywordExecutor.executeKeywordForPlatform(KeywordExecutor.groovy:74)
	at com.kms.katalon.core.keyword.BuiltinKeywords.verifyEqual(BuiltinKeywords.groovy:146)
	at jdk.internal.reflect.GeneratedMethodAccessor25.invoke(Unknown Source)
	at java.base/jdk.internal.reflect.DelegatingMethodAccessorImpl.invoke(DelegatingMethodAccessorImpl.java:43)
	at Выполнение бизнес-плана сверка дашбордов - Copy.CompareDZOData(Выполнение бизнес-плана сверка дашбордов - Copy:758)
	at Выполнение бизнес-плана сверка дашбордов - Copy.run(Выполнение бизнес-плана сверка дашбордов - Copy:603)
	at com.kms.katalon.core.main.ScriptEngine.run(ScriptEngine.java:194)
	at com.kms.katalon.core.main.ScriptEngine.runScriptAsRawText(ScriptEngine.java:119)
	at com.kms.katalon.core.main.TestCaseExecutor.runScript(TestCaseExecutor.java:448)
	at com.kms.katalon.core.main.TestCaseExecutor.doExecute(TestCaseExecutor.java:439)
	at com.kms.katalon.core.main.TestCaseExecutor.processExecutionPhase(TestCaseExecutor.java:418)
	at com.kms.katalon.core.main.TestCaseExecutor.accessMainPhase(TestCaseExecutor.java:410)
	at com.kms.katalon.core.main.TestCaseExecutor.execute(TestCaseExecutor.java:285)
	at com.kms.katalon.core.common.CommonExecutor.accessTestCaseMainPhase(CommonExecutor.java:65)
	at com.kms.katalon.core.main.TestSuiteExecutor.accessTestSuiteMainPhase(TestSuiteExecutor.java:150)
	at com.kms.katalon.core.main.TestSuiteExecutor.execute(TestSuiteExecutor.java:106)
	at com.kms.katalon.core.main.TestCaseMain.startTestSuite(TestCaseMain.java:180)
	at TempTestSuite1736740835951.run(TempTestSuite1736740835951.groovy:35)
	at java.base/jdk.internal.reflect.NativeMethodAccessorImpl.invoke0(Native Method)
	at java.base/jdk.internal.reflect.NativeMethodAccessorImpl.invoke(NativeMethodAccessorImpl.java:77)
	at java.base/jdk.internal.reflect.DelegatingMethodAccessorImpl.invoke(DelegatingMethodAccessorImpl.java:43)
)

13-01-2025T07:11:12 - [TEST_STEP][PASSED] - result = WriteToExcel(typeOfData, todaysDate, PercPlanR, PercPlanB, PercFactR, PercFactB, x, tabR, tabB, o1R, o1B, vidget): null

13-01-2025T07:11:12 - [TEST_STEP][PASSED] - iii = dZO.indexOf("/"): null

13-01-2025T07:11:12 - [TEST_STEP][PASSED] - println(iii): null

13-01-2025T07:11:12 - [TEST_STEP][PASSED] - dZO = dZO.substring(0, iii): null

13-01-2025T07:11:12 - [TEST_STEP][PASSED] - println(dZO): null

13-01-2025T07:11:12 - [TEST_STEP][PASSED] - println(PercPlanR): null

13-01-2025T07:11:12 - [TEST_STEP][PASSED] - println(PercPlanB): null

13-01-2025T07:11:12 - [TEST_STEP][PASSED] - println(PercFactR): null

13-01-2025T07:11:12 - [TEST_STEP][PASSED] - println(PercFactB): null

13-01-2025T07:11:12 - [TEST_STEP][PASSED] - println(tabR): null

13-01-2025T07:11:12 - [TEST_STEP][PASSED] - println(tabB): null

13-01-2025T07:11:12 - [TEST_STEP][PASSED] - println(o1R): null

13-01-2025T07:11:12 - [TEST_STEP][PASSED] - println(o1B): null

13-01-2025T07:11:12 - [TEST_STEP][PASSED] - PR = <not implemented yet for class: org.codehaus.groovy.ast.expr.EmptyExpression>: null

13-01-2025T07:11:12 - [TEST_STEP][PASSED] - FR = <not implemented yet for class: org.codehaus.groovy.ast.expr.EmptyExpression>: null

13-01-2025T07:11:12 - [TEST_STEP][PASSED] - PB = <not implemented yet for class: org.codehaus.groovy.ast.expr.EmptyExpression>: null

13-01-2025T07:11:12 - [TEST_STEP][PASSED] - FB = <not implemented yet for class: org.codehaus.groovy.ast.expr.EmptyExpression>: null

13-01-2025T07:11:12 - [TEST_STEP][PASSED] - TR = <not implemented yet for class: org.codehaus.groovy.ast.expr.EmptyExpression>: null

13-01-2025T07:11:12 - [TEST_STEP][PASSED] - TB = <not implemented yet for class: org.codehaus.groovy.ast.expr.EmptyExpression>: null

13-01-2025T07:11:12 - [TEST_STEP][PASSED] - sheetName = "Sheet1": null

13-01-2025T07:11:12 - [TEST_STEP][PASSED] - data = findTestData("PlanFact"): null

13-01-2025T07:11:12 - [TEST_STEP][PASSED] - n = data.getRowNumbers() + 1: null

13-01-2025T07:11:12 - [TEST_STEP][PASSED] - year = todaysDate.substring(todaysDate.length() - 4, todaysDate.length()): null

13-01-2025T07:11:12 - [TEST_STEP][PASSED] - y = year.toInteger(): null

13-01-2025T07:11:12 - [TEST_STEP][PASSED] - m = getText(findTestObject("Выполнение бизнес-плана/Выполнение бизнес-плана Балансы/Фильтр Дата")): Text of object 'Object Repository/Выполнение бизнес-плана/Выполнение бизнес-плана Балансы/Фильтр Дата' is: '1, 2, 3 кв., Октябрь, Ноябрь 2024 года'

13-01-2025T07:11:12 - [MESSAGE][PASSED] - Text of object 'Object Repository/Выполнение бизнес-плана/Выполнение бизнес-плана Балансы/Фильтр Дата' is: '1, 2, 3 кв., Октябрь, Ноябрь 2024 года'

13-01-2025T07:11:12 - [TEST_STEP][PASSED] - m = m.substring(0, m.indexOf("2024")): null

13-01-2025T07:11:12 - [TEST_STEP][PASSED] - m = m.trim(): null

13-01-2025T07:11:12 - [TEST_STEP][PASSED] - dashboardName = "Выполнение бизнес-плана": null

13-01-2025T07:11:12 - [TEST_STEP][PASSED] - workbook01 = getWorkbook(excelFilePath): null

13-01-2025T07:11:12 - [TEST_STEP][PASSED] - sheet01 = getExcelSheet(workbook01, sheetName): null

13-01-2025T07:11:12 - [TEST_STEP][PASSED] - setValueToCellByIndex(sheet01, n, 0, dashboardName): null

13-01-2025T07:11:12 - [TEST_STEP][PASSED] - setValueToCellByIndex(sheet01, n, 1, dZO): null

13-01-2025T07:11:12 - [TEST_STEP][PASSED] - setValueToCellByIndex(sheet01, n, 2, typeOfData): null

13-01-2025T07:11:12 - [TEST_STEP][PASSED] - setValueToCellByIndex(sheet01, n, 3, typeOfData): null

13-01-2025T07:11:12 - [TEST_STEP][PASSED] - if (typeOfData == "План"): null

13-01-2025T07:11:12 - [TEST_STEP][PASSED] - else if (typeOfData == "Факт"): null

13-01-2025T07:11:12 - [TEST_STEP][PASSED] - else if (vidget.contains("электроэнергии") == true): null

13-01-2025T07:11:12 - [TEST_STEP][PASSED] - if (tabR == null): null

13-01-2025T07:11:12 - [TEST_STEP][PASSED] - else: null

13-01-2025T07:11:12 - [TEST_STEP][PASSED] - if (tabR == "нет данных"): null

13-01-2025T07:11:12 - [TEST_STEP][PASSED] - setValueToCellByIndex(sheet01, n, 4, "нет данных"): null

13-01-2025T07:11:12 - [TEST_STEP][PASSED] - if (tabB == null): null

13-01-2025T07:11:12 - [TEST_STEP][PASSED] - else: null

13-01-2025T07:11:12 - [TEST_STEP][PASSED] - if (tabB == "нет данных"): null

13-01-2025T07:11:12 - [TEST_STEP][PASSED] - setValueToCellByIndex(sheet01, n, 5, "нет данных"): null

13-01-2025T07:11:12 - [TEST_STEP][PASSED] - setValueToCellByIndex(sheet01, n, 6, m): null

13-01-2025T07:11:12 - [TEST_STEP][PASSED] - setValueToCellByIndex(sheet01, n, 7, y): null

13-01-2025T07:11:12 - [TEST_STEP][PASSED] - setValueToCellByIndex(sheet01, n, 8, todaysDate): null

13-01-2025T07:11:12 - [TEST_STEP][PASSED] - n = n + 1: null

13-01-2025T07:11:12 - [TEST_STEP][PASSED] - saveWorkbook(excelFilePath, workbook01): null

13-01-2025T07:11:13 - [TEST_STEP][PASSED] - typeOfData = "План Потери": null

13-01-2025T07:11:13 - [TEST_STEP][PASSED] - tabR = GetPPlanR(x = a): null

13-01-2025T07:11:13 - [TEST_STEP][PASSED] - i1 = <not implemented yet for class: org.codehaus.groovy.ast.expr.EmptyExpression>: null

13-01-2025T07:11:13 - [TEST_STEP][PASSED] - ii = <not implemented yet for class: org.codehaus.groovy.ast.expr.EmptyExpression>: null

13-01-2025T07:11:13 - [TEST_STEP][PASSED] - for ([ii = 1, ii < 9, (ii++)]): null

13-01-2025T07:11:13 - [TEST_STEP][PASSED] - i1 = x.indexOf("/") + 1: null

13-01-2025T07:11:13 - [TEST_STEP][PASSED] - if (i1 > -1): null

13-01-2025T07:11:13 - [TEST_STEP][PASSED] - x = x.substring(i1, x.length()): null

13-01-2025T07:11:13 - [TEST_STEP][PASSED] - println(x): null

13-01-2025T07:11:13 - [TEST_STEP][PASSED] - i1 = x.indexOf("/") + 1: null

13-01-2025T07:11:13 - [TEST_STEP][PASSED] - if (i1 > -1): null

13-01-2025T07:11:13 - [TEST_STEP][PASSED] - x = x.substring(i1, x.length()): null

13-01-2025T07:11:13 - [TEST_STEP][PASSED] - println(x): null

13-01-2025T07:11:13 - [TEST_STEP][PASSED] - i1 = x.indexOf("/") + 1: null

13-01-2025T07:11:13 - [TEST_STEP][PASSED] - if (i1 > -1): null

13-01-2025T07:11:13 - [TEST_STEP][PASSED] - x = x.substring(i1, x.length()): null

13-01-2025T07:11:13 - [TEST_STEP][PASSED] - println(x): null

13-01-2025T07:11:13 - [TEST_STEP][PASSED] - i1 = x.indexOf("/") + 1: null

13-01-2025T07:11:13 - [TEST_STEP][PASSED] - if (i1 > -1): null

13-01-2025T07:11:13 - [TEST_STEP][PASSED] - x = x.substring(i1, x.length()): null

13-01-2025T07:11:13 - [TEST_STEP][PASSED] - println(x): null

13-01-2025T07:11:13 - [TEST_STEP][PASSED] - i1 = x.indexOf("/") + 1: null

13-01-2025T07:11:13 - [TEST_STEP][PASSED] - if (i1 > -1): null

13-01-2025T07:11:13 - [TEST_STEP][PASSED] - x = x.substring(i1, x.length()): null

13-01-2025T07:11:13 - [TEST_STEP][PASSED] - println(x): null

13-01-2025T07:11:13 - [TEST_STEP][PASSED] - i1 = x.indexOf("/") + 1: null

13-01-2025T07:11:13 - [TEST_STEP][PASSED] - if (i1 > -1): null

13-01-2025T07:11:13 - [TEST_STEP][PASSED] - x = x.substring(i1, x.length()): null

13-01-2025T07:11:13 - [TEST_STEP][PASSED] - println(x): null

13-01-2025T07:11:13 - [TEST_STEP][PASSED] - i1 = x.indexOf("/") + 1: null

13-01-2025T07:11:13 - [TEST_STEP][PASSED] - if (i1 > -1): null

13-01-2025T07:11:13 - [TEST_STEP][PASSED] - x = x.substring(i1, x.length()): null

13-01-2025T07:11:13 - [TEST_STEP][PASSED] - println(x): null

13-01-2025T07:11:13 - [TEST_STEP][PASSED] - i1 = x.indexOf("/") + 1: null

13-01-2025T07:11:13 - [TEST_STEP][PASSED] - if (i1 > -1): null

13-01-2025T07:11:13 - [TEST_STEP][PASSED] - x = x.substring(i1, x.length()): null

13-01-2025T07:11:13 - [TEST_STEP][PASSED] - println(x): null

13-01-2025T07:11:13 - [TEST_STEP][PASSED] - i1 = x.indexOf("/"): null

13-01-2025T07:11:13 - [TEST_STEP][PASSED] - if (i1 > -1): null

13-01-2025T07:11:13 - [TEST_STEP][PASSED] - x = x.substring(0, i1): null

13-01-2025T07:11:13 - [TEST_STEP][PASSED] - println(x): null

13-01-2025T07:11:13 - [TEST_STEP][PASSED] - return x: null

13-01-2025T07:11:13 - [TEST_STEP][PASSED] - tabB = GetPPlanB(x = b): null

13-01-2025T07:11:13 - [TEST_STEP][PASSED] - i1 = <not implemented yet for class: org.codehaus.groovy.ast.expr.EmptyExpression>: null

13-01-2025T07:11:13 - [TEST_STEP][PASSED] - ii = <not implemented yet for class: org.codehaus.groovy.ast.expr.EmptyExpression>: null

13-01-2025T07:11:13 - [TEST_STEP][PASSED] - for ([ii = 1, ii < 9, (ii++)]): null

13-01-2025T07:11:13 - [TEST_STEP][PASSED] - i1 = x.indexOf("/") + 1: null

13-01-2025T07:11:13 - [TEST_STEP][PASSED] - if (i1 > -1): null

13-01-2025T07:11:13 - [TEST_STEP][PASSED] - x = x.substring(i1, x.length()): null

13-01-2025T07:11:13 - [TEST_STEP][PASSED] - println(x): null

13-01-2025T07:11:13 - [TEST_STEP][PASSED] - i1 = x.indexOf("/") + 1: null

13-01-2025T07:11:13 - [TEST_STEP][PASSED] - if (i1 > -1): null

13-01-2025T07:11:13 - [TEST_STEP][PASSED] - x = x.substring(i1, x.length()): null

13-01-2025T07:11:13 - [TEST_STEP][PASSED] - println(x): null

13-01-2025T07:11:13 - [TEST_STEP][PASSED] - i1 = x.indexOf("/") + 1: null

13-01-2025T07:11:13 - [TEST_STEP][PASSED] - if (i1 > -1): null

13-01-2025T07:11:13 - [TEST_STEP][PASSED] - x = x.substring(i1, x.length()): null

13-01-2025T07:11:13 - [TEST_STEP][PASSED] - println(x): null

13-01-2025T07:11:13 - [TEST_STEP][PASSED] - i1 = x.indexOf("/") + 1: null

13-01-2025T07:11:13 - [TEST_STEP][PASSED] - if (i1 > -1): null

13-01-2025T07:11:13 - [TEST_STEP][PASSED] - x = x.substring(i1, x.length()): null

13-01-2025T07:11:13 - [TEST_STEP][PASSED] - println(x): null

13-01-2025T07:11:13 - [TEST_STEP][PASSED] - i1 = x.indexOf("/") + 1: null

13-01-2025T07:11:13 - [TEST_STEP][PASSED] - if (i1 > -1): null

13-01-2025T07:11:13 - [TEST_STEP][PASSED] - x = x.substring(i1, x.length()): null

13-01-2025T07:11:13 - [TEST_STEP][PASSED] - println(x): null

13-01-2025T07:11:13 - [TEST_STEP][PASSED] - i1 = x.indexOf("/") + 1: null

13-01-2025T07:11:13 - [TEST_STEP][PASSED] - if (i1 > -1): null

13-01-2025T07:11:13 - [TEST_STEP][PASSED] - x = x.substring(i1, x.length()): null

13-01-2025T07:11:13 - [TEST_STEP][PASSED] - println(x): null

13-01-2025T07:11:13 - [TEST_STEP][PASSED] - i1 = x.indexOf("/") + 1: null

13-01-2025T07:11:13 - [TEST_STEP][PASSED] - if (i1 > -1): null

13-01-2025T07:11:13 - [TEST_STEP][PASSED] - x = x.substring(i1, x.length()): null

13-01-2025T07:11:13 - [TEST_STEP][PASSED] - println(x): null

13-01-2025T07:11:13 - [TEST_STEP][PASSED] - i1 = x.indexOf("/") + 1: null

13-01-2025T07:11:13 - [TEST_STEP][PASSED] - if (i1 > -1): null

13-01-2025T07:11:13 - [TEST_STEP][PASSED] - x = x.substring(i1, x.length()): null

13-01-2025T07:11:13 - [TEST_STEP][PASSED] - println(x): null

13-01-2025T07:11:13 - [TEST_STEP][PASSED] - i1 = x.indexOf("/"): null

13-01-2025T07:11:13 - [TEST_STEP][PASSED] - if (i1 > -1): null

13-01-2025T07:11:13 - [TEST_STEP][PASSED] - x = x.substring(0, i1): null

13-01-2025T07:11:13 - [TEST_STEP][PASSED] - println(x): null

13-01-2025T07:11:13 - [TEST_STEP][FAILED] - return x: null

13-01-2025T07:11:13 - [TEST_STEP][PASSED] - println(tabR + "/" + tabB): null

13-01-2025T07:11:13 - [TEST_STEP][FAILED] - if (verifyEqual(PercFactR, PercFactB) == false): null

13-01-2025T07:11:13 - [MESSAGE][FAILED] - Unable to verify equal between actual object 'нет данных' and expected object '8.46' (Root cause: com.kms.katalon.core.exception.StepFailedException: Actual object 'нет данных' and expected object '8.46' are not equal
	at com.kms.katalon.core.keyword.builtin.VerifyEqualKeyword$_verifyEqual_closure1.doCall(VerifyEqualKeyword.groovy:58)
	at com.kms.katalon.core.keyword.builtin.VerifyEqualKeyword$_verifyEqual_closure1.call(VerifyEqualKeyword.groovy)
	at com.kms.katalon.core.keyword.internal.KeywordMain.runKeyword(KeywordMain.groovy:75)
	at com.kms.katalon.core.keyword.builtin.VerifyEqualKeyword.verifyEqual(VerifyEqualKeyword.groovy:63)
	at com.kms.katalon.core.keyword.builtin.VerifyEqualKeyword.execute(VerifyEqualKeyword.groovy:44)
	at com.kms.katalon.core.keyword.internal.KeywordExecutor.executeKeywordForPlatform(KeywordExecutor.groovy:74)
	at com.kms.katalon.core.keyword.BuiltinKeywords.verifyEqual(BuiltinKeywords.groovy:146)
	at jdk.internal.reflect.GeneratedMethodAccessor25.invoke(Unknown Source)
	at java.base/jdk.internal.reflect.DelegatingMethodAccessorImpl.invoke(DelegatingMethodAccessorImpl.java:43)
	at Выполнение бизнес-плана сверка дашбордов - Copy.CompareDZOData(Выполнение бизнес-плана сверка дашбордов - Copy:771)
	at Выполнение бизнес-плана сверка дашбордов - Copy.run(Выполнение бизнес-плана сверка дашбордов - Copy:603)
	at com.kms.katalon.core.main.ScriptEngine.run(ScriptEngine.java:194)
	at com.kms.katalon.core.main.ScriptEngine.runScriptAsRawText(ScriptEngine.java:119)
	at com.kms.katalon.core.main.TestCaseExecutor.runScript(TestCaseExecutor.java:448)
	at com.kms.katalon.core.main.TestCaseExecutor.doExecute(TestCaseExecutor.java:439)
	at com.kms.katalon.core.main.TestCaseExecutor.processExecutionPhase(TestCaseExecutor.java:418)
	at com.kms.katalon.core.main.TestCaseExecutor.accessMainPhase(TestCaseExecutor.java:410)
	at com.kms.katalon.core.main.TestCaseExecutor.execute(TestCaseExecutor.java:285)
	at com.kms.katalon.core.common.CommonExecutor.accessTestCaseMainPhase(CommonExecutor.java:65)
	at com.kms.katalon.core.main.TestSuiteExecutor.accessTestSuiteMainPhase(TestSuiteExecutor.java:150)
	at com.kms.katalon.core.main.TestSuiteExecutor.execute(TestSuiteExecutor.java:106)
	at com.kms.katalon.core.main.TestCaseMain.startTestSuite(TestCaseMain.java:180)
	at TempTestSuite1736740835951.run(TempTestSuite1736740835951.groovy:35)
	at java.base/jdk.internal.reflect.NativeMethodAccessorImpl.invoke0(Native Method)
	at java.base/jdk.internal.reflect.NativeMethodAccessorImpl.invoke(NativeMethodAccessorImpl.java:77)
	at java.base/jdk.internal.reflect.DelegatingMethodAccessorImpl.invoke(DelegatingMethodAccessorImpl.java:43)
)

13-01-2025T07:11:13 - [TEST_STEP][PASSED] - result = WriteToExcel(typeOfData, todaysDate, PercPlanR, PercPlanB, PercFactR, PercFactB, x, tabR, tabB, o1R, o1B, vidget): null

13-01-2025T07:11:13 - [TEST_STEP][PASSED] - iii = dZO.indexOf("/"): null

13-01-2025T07:11:13 - [TEST_STEP][PASSED] - println(iii): null

13-01-2025T07:11:13 - [TEST_STEP][PASSED] - dZO = dZO.substring(0, iii): null

13-01-2025T07:11:13 - [TEST_STEP][PASSED] - println(dZO): null

13-01-2025T07:11:13 - [TEST_STEP][PASSED] - println(PercPlanR): null

13-01-2025T07:11:13 - [TEST_STEP][PASSED] - println(PercPlanB): null

13-01-2025T07:11:13 - [TEST_STEP][PASSED] - println(PercFactR): null

13-01-2025T07:11:13 - [TEST_STEP][PASSED] - println(PercFactB): null

13-01-2025T07:11:13 - [TEST_STEP][PASSED] - println(tabR): null

13-01-2025T07:11:13 - [TEST_STEP][PASSED] - println(tabB): null

13-01-2025T07:11:13 - [TEST_STEP][PASSED] - println(o1R): null

13-01-2025T07:11:13 - [TEST_STEP][PASSED] - println(o1B): null

13-01-2025T07:11:13 - [TEST_STEP][PASSED] - PR = <not implemented yet for class: org.codehaus.groovy.ast.expr.EmptyExpression>: null

13-01-2025T07:11:13 - [TEST_STEP][PASSED] - FR = <not implemented yet for class: org.codehaus.groovy.ast.expr.EmptyExpression>: null

13-01-2025T07:11:13 - [TEST_STEP][PASSED] - PB = <not implemented yet for class: org.codehaus.groovy.ast.expr.EmptyExpression>: null

13-01-2025T07:11:13 - [TEST_STEP][PASSED] - FB = <not implemented yet for class: org.codehaus.groovy.ast.expr.EmptyExpression>: null

13-01-2025T07:11:13 - [TEST_STEP][PASSED] - TR = <not implemented yet for class: org.codehaus.groovy.ast.expr.EmptyExpression>: null

13-01-2025T07:11:13 - [TEST_STEP][PASSED] - TB = <not implemented yet for class: org.codehaus.groovy.ast.expr.EmptyExpression>: null

13-01-2025T07:11:13 - [TEST_STEP][PASSED] - sheetName = "Sheet1": null

13-01-2025T07:11:13 - [TEST_STEP][PASSED] - data = findTestData("PlanFact"): null

13-01-2025T07:11:13 - [TEST_STEP][PASSED] - n = data.getRowNumbers() + 1: null

13-01-2025T07:11:13 - [TEST_STEP][PASSED] - year = todaysDate.substring(todaysDate.length() - 4, todaysDate.length()): null

13-01-2025T07:11:13 - [TEST_STEP][PASSED] - y = year.toInteger(): null

13-01-2025T07:11:13 - [TEST_STEP][PASSED] - m = getText(findTestObject("Выполнение бизнес-плана/Выполнение бизнес-плана Балансы/Фильтр Дата")): Text of object 'Object Repository/Выполнение бизнес-плана/Выполнение бизнес-плана Балансы/Фильтр Дата' is: '1, 2, 3 кв., Октябрь, Ноябрь 2024 года'

13-01-2025T07:11:13 - [MESSAGE][PASSED] - Text of object 'Object Repository/Выполнение бизнес-плана/Выполнение бизнес-плана Балансы/Фильтр Дата' is: '1, 2, 3 кв., Октябрь, Ноябрь 2024 года'

13-01-2025T07:11:13 - [TEST_STEP][PASSED] - m = m.substring(0, m.indexOf("2024")): null

13-01-2025T07:11:13 - [TEST_STEP][PASSED] - m = m.trim(): null

13-01-2025T07:11:13 - [TEST_STEP][PASSED] - dashboardName = "Выполнение бизнес-плана": null

13-01-2025T07:11:13 - [TEST_STEP][PASSED] - workbook01 = getWorkbook(excelFilePath): null

13-01-2025T07:11:13 - [TEST_STEP][PASSED] - sheet01 = getExcelSheet(workbook01, sheetName): null

13-01-2025T07:11:13 - [TEST_STEP][PASSED] - setValueToCellByIndex(sheet01, n, 0, dashboardName): null

13-01-2025T07:11:13 - [TEST_STEP][PASSED] - setValueToCellByIndex(sheet01, n, 1, dZO): null

13-01-2025T07:11:13 - [TEST_STEP][PASSED] - setValueToCellByIndex(sheet01, n, 2, typeOfData): null

13-01-2025T07:11:13 - [TEST_STEP][PASSED] - setValueToCellByIndex(sheet01, n, 3, typeOfData): null

13-01-2025T07:11:13 - [TEST_STEP][PASSED] - if (typeOfData == "План"): null

13-01-2025T07:11:13 - [TEST_STEP][PASSED] - else if (typeOfData == "Факт"): null

13-01-2025T07:11:13 - [TEST_STEP][PASSED] - else if (vidget.contains("электроэнергии") == true): null

13-01-2025T07:11:13 - [TEST_STEP][PASSED] - if (tabR == null): null

13-01-2025T07:11:13 - [TEST_STEP][PASSED] - else: null

13-01-2025T07:11:13 - [TEST_STEP][PASSED] - if (tabR == "нет данных"): null

13-01-2025T07:11:13 - [TEST_STEP][PASSED] - setValueToCellByIndex(sheet01, n, 4, "нет данных"): null

13-01-2025T07:11:13 - [TEST_STEP][PASSED] - if (tabB == null): null

13-01-2025T07:11:13 - [TEST_STEP][PASSED] - else: null

13-01-2025T07:11:13 - [TEST_STEP][PASSED] - if (tabB == "нет данных"): null

13-01-2025T07:11:13 - [TEST_STEP][PASSED] - setValueToCellByIndex(sheet01, n, 5, "нет данных"): null

13-01-2025T07:11:13 - [TEST_STEP][PASSED] - setValueToCellByIndex(sheet01, n, 6, m): null

13-01-2025T07:11:13 - [TEST_STEP][PASSED] - setValueToCellByIndex(sheet01, n, 7, y): null

13-01-2025T07:11:13 - [TEST_STEP][PASSED] - setValueToCellByIndex(sheet01, n, 8, todaysDate): null

13-01-2025T07:11:13 - [TEST_STEP][PASSED] - n = n + 1: null

13-01-2025T07:11:13 - [TEST_STEP][PASSED] - saveWorkbook(excelFilePath, workbook01): null

13-01-2025T07:11:13 - [TEST_STEP][PASSED] - ii2 = a.indexOf("ПАО"): null

13-01-2025T07:11:13 - [TEST_STEP][PASSED] - if (ii2 == -1): null

13-01-2025T07:11:13 - [TEST_STEP][PASSED] - vidget = "Отклонения фактического уровня потерь от бизнес-плана": null

13-01-2025T07:11:13 - [TEST_STEP][PASSED] - typeOfData = "Коэффициент": null

13-01-2025T07:11:13 - [TEST_STEP][PASSED] - o1R = Geto1R(x = a): null

13-01-2025T07:11:13 - [TEST_STEP][PASSED] - i1 = <not implemented yet for class: org.codehaus.groovy.ast.expr.EmptyExpression>: null

13-01-2025T07:11:13 - [TEST_STEP][PASSED] - ii = <not implemented yet for class: org.codehaus.groovy.ast.expr.EmptyExpression>: null

13-01-2025T07:11:13 - [TEST_STEP][PASSED] - for ([ii = 1, ii < 10, (ii++)]): null

13-01-2025T07:11:13 - [TEST_STEP][PASSED] - i1 = x.indexOf("/") + 1: null

13-01-2025T07:11:13 - [TEST_STEP][PASSED] - if (i1 > -1): null

13-01-2025T07:11:13 - [TEST_STEP][PASSED] - x = x.substring(i1, x.length()): null

13-01-2025T07:11:13 - [TEST_STEP][PASSED] - i1 = x.indexOf("/") + 1: null

13-01-2025T07:11:13 - [TEST_STEP][PASSED] - if (i1 > -1): null

13-01-2025T07:11:13 - [TEST_STEP][PASSED] - x = x.substring(i1, x.length()): null

13-01-2025T07:11:13 - [TEST_STEP][PASSED] - i1 = x.indexOf("/") + 1: null

13-01-2025T07:11:13 - [TEST_STEP][PASSED] - if (i1 > -1): null

13-01-2025T07:11:13 - [TEST_STEP][PASSED] - x = x.substring(i1, x.length()): null

13-01-2025T07:11:13 - [TEST_STEP][PASSED] - i1 = x.indexOf("/") + 1: null

13-01-2025T07:11:13 - [TEST_STEP][PASSED] - if (i1 > -1): null

13-01-2025T07:11:13 - [TEST_STEP][PASSED] - x = x.substring(i1, x.length()): null

13-01-2025T07:11:13 - [TEST_STEP][PASSED] - i1 = x.indexOf("/") + 1: null

13-01-2025T07:11:13 - [TEST_STEP][PASSED] - if (i1 > -1): null

13-01-2025T07:11:13 - [TEST_STEP][PASSED] - x = x.substring(i1, x.length()): null

13-01-2025T07:11:13 - [TEST_STEP][PASSED] - i1 = x.indexOf("/") + 1: null

13-01-2025T07:11:13 - [TEST_STEP][PASSED] - if (i1 > -1): null

13-01-2025T07:11:13 - [TEST_STEP][PASSED] - x = x.substring(i1, x.length()): null

13-01-2025T07:11:13 - [TEST_STEP][PASSED] - i1 = x.indexOf("/") + 1: null

13-01-2025T07:11:13 - [TEST_STEP][PASSED] - if (i1 > -1): null

13-01-2025T07:11:13 - [TEST_STEP][PASSED] - x = x.substring(i1, x.length()): null

13-01-2025T07:11:13 - [TEST_STEP][PASSED] - i1 = x.indexOf("/") + 1: null

13-01-2025T07:11:13 - [TEST_STEP][PASSED] - if (i1 > -1): null

13-01-2025T07:11:13 - [TEST_STEP][PASSED] - x = x.substring(i1, x.length()): null

13-01-2025T07:11:13 - [TEST_STEP][PASSED] - i1 = x.indexOf("/") + 1: null

13-01-2025T07:11:13 - [TEST_STEP][PASSED] - if (i1 > -1): null

13-01-2025T07:11:13 - [TEST_STEP][PASSED] - x = x.substring(i1, x.length()): null

13-01-2025T07:11:13 - [TEST_STEP][PASSED] - i1 = x.indexOf("/"): null

13-01-2025T07:11:13 - [TEST_STEP][PASSED] - if (i1 > -1): null

13-01-2025T07:11:13 - [TEST_STEP][PASSED] - println(x): null

13-01-2025T07:11:13 - [TEST_STEP][PASSED] - return x: null

13-01-2025T07:11:13 - [TEST_STEP][PASSED] - o1B = Geto1B(x = b): null

13-01-2025T07:11:13 - [TEST_STEP][PASSED] - i1 = <not implemented yet for class: org.codehaus.groovy.ast.expr.EmptyExpression>: null

13-01-2025T07:11:13 - [TEST_STEP][PASSED] - ii = <not implemented yet for class: org.codehaus.groovy.ast.expr.EmptyExpression>: null

13-01-2025T07:11:13 - [TEST_STEP][PASSED] - for ([ii = 1, ii < 10, (ii++)]): null

13-01-2025T07:11:13 - [TEST_STEP][PASSED] - i1 = x.indexOf("/") + 1: null

13-01-2025T07:11:13 - [TEST_STEP][PASSED] - if (i1 > -1): null

13-01-2025T07:11:13 - [TEST_STEP][PASSED] - x = x.substring(i1, x.length()): null

13-01-2025T07:11:13 - [TEST_STEP][PASSED] - i1 = x.indexOf("/") + 1: null

13-01-2025T07:11:13 - [TEST_STEP][PASSED] - if (i1 > -1): null

13-01-2025T07:11:13 - [TEST_STEP][PASSED] - x = x.substring(i1, x.length()): null

13-01-2025T07:11:13 - [TEST_STEP][PASSED] - i1 = x.indexOf("/") + 1: null

13-01-2025T07:11:13 - [TEST_STEP][PASSED] - if (i1 > -1): null

13-01-2025T07:11:13 - [TEST_STEP][PASSED] - x = x.substring(i1, x.length()): null

13-01-2025T07:11:13 - [TEST_STEP][PASSED] - i1 = x.indexOf("/") + 1: null

13-01-2025T07:11:13 - [TEST_STEP][PASSED] - if (i1 > -1): null

13-01-2025T07:11:13 - [TEST_STEP][PASSED] - x = x.substring(i1, x.length()): null

13-01-2025T07:11:13 - [TEST_STEP][PASSED] - i1 = x.indexOf("/") + 1: null

13-01-2025T07:11:13 - [TEST_STEP][PASSED] - if (i1 > -1): null

13-01-2025T07:11:13 - [TEST_STEP][PASSED] - x = x.substring(i1, x.length()): null

13-01-2025T07:11:13 - [TEST_STEP][PASSED] - i1 = x.indexOf("/") + 1: null

13-01-2025T07:11:13 - [TEST_STEP][PASSED] - if (i1 > -1): null

13-01-2025T07:11:13 - [TEST_STEP][PASSED] - x = x.substring(i1, x.length()): null

13-01-2025T07:11:13 - [TEST_STEP][PASSED] - i1 = x.indexOf("/") + 1: null

13-01-2025T07:11:13 - [TEST_STEP][PASSED] - if (i1 > -1): null

13-01-2025T07:11:13 - [TEST_STEP][PASSED] - x = x.substring(i1, x.length()): null

13-01-2025T07:11:13 - [TEST_STEP][PASSED] - i1 = x.indexOf("/") + 1: null

13-01-2025T07:11:13 - [TEST_STEP][PASSED] - if (i1 > -1): null

13-01-2025T07:11:13 - [TEST_STEP][PASSED] - x = x.substring(i1, x.length()): null

13-01-2025T07:11:13 - [TEST_STEP][PASSED] - i1 = x.indexOf("/") + 1: null

13-01-2025T07:11:13 - [TEST_STEP][PASSED] - if (i1 > -1): null

13-01-2025T07:11:13 - [TEST_STEP][PASSED] - x = x.substring(i1, x.length()): null

13-01-2025T07:11:13 - [TEST_STEP][PASSED] - i1 = x.indexOf("/"): null

13-01-2025T07:11:13 - [TEST_STEP][PASSED] - if (i1 > -1): null

13-01-2025T07:11:13 - [TEST_STEP][PASSED] - println(x): null

13-01-2025T07:11:13 - [TEST_STEP][FAILED] - return x: null

13-01-2025T07:11:13 - [TEST_STEP][PASSED] - println(o1R + "/" + o1B): null

13-01-2025T07:11:13 - [TEST_STEP][FAILED] - if (verifyEqual(PercFactR, PercFactB) == false): null

13-01-2025T07:11:13 - [MESSAGE][FAILED] - Unable to verify equal between actual object 'нет данных' and expected object '8.46' (Root cause: com.kms.katalon.core.exception.StepFailedException: Actual object 'нет данных' and expected object '8.46' are not equal
	at com.kms.katalon.core.keyword.builtin.VerifyEqualKeyword$_verifyEqual_closure1.doCall(VerifyEqualKeyword.groovy:58)
	at com.kms.katalon.core.keyword.builtin.VerifyEqualKeyword$_verifyEqual_closure1.call(VerifyEqualKeyword.groovy)
	at com.kms.katalon.core.keyword.internal.KeywordMain.runKeyword(KeywordMain.groovy:75)
	at com.kms.katalon.core.keyword.builtin.VerifyEqualKeyword.verifyEqual(VerifyEqualKeyword.groovy:63)
	at com.kms.katalon.core.keyword.builtin.VerifyEqualKeyword.execute(VerifyEqualKeyword.groovy:44)
	at com.kms.katalon.core.keyword.internal.KeywordExecutor.executeKeywordForPlatform(KeywordExecutor.groovy:74)
	at com.kms.katalon.core.keyword.BuiltinKeywords.verifyEqual(BuiltinKeywords.groovy:146)
	at jdk.internal.reflect.GeneratedMethodAccessor25.invoke(Unknown Source)
	at java.base/jdk.internal.reflect.DelegatingMethodAccessorImpl.invoke(DelegatingMethodAccessorImpl.java:43)
	at Выполнение бизнес-плана сверка дашбордов - Copy.CompareDZOData(Выполнение бизнес-плана сверка дашбордов - Copy:789)
	at Выполнение бизнес-плана сверка дашбордов - Copy.run(Выполнение бизнес-плана сверка дашбордов - Copy:603)
	at com.kms.katalon.core.main.ScriptEngine.run(ScriptEngine.java:194)
	at com.kms.katalon.core.main.ScriptEngine.runScriptAsRawText(ScriptEngine.java:119)
	at com.kms.katalon.core.main.TestCaseExecutor.runScript(TestCaseExecutor.java:448)
	at com.kms.katalon.core.main.TestCaseExecutor.doExecute(TestCaseExecutor.java:439)
	at com.kms.katalon.core.main.TestCaseExecutor.processExecutionPhase(TestCaseExecutor.java:418)
	at com.kms.katalon.core.main.TestCaseExecutor.accessMainPhase(TestCaseExecutor.java:410)
	at com.kms.katalon.core.main.TestCaseExecutor.execute(TestCaseExecutor.java:285)
	at com.kms.katalon.core.common.CommonExecutor.accessTestCaseMainPhase(CommonExecutor.java:65)
	at com.kms.katalon.core.main.TestSuiteExecutor.accessTestSuiteMainPhase(TestSuiteExecutor.java:150)
	at com.kms.katalon.core.main.TestSuiteExecutor.execute(TestSuiteExecutor.java:106)
	at com.kms.katalon.core.main.TestCaseMain.startTestSuite(TestCaseMain.java:180)
	at TempTestSuite1736740835951.run(TempTestSuite1736740835951.groovy:35)
	at java.base/jdk.internal.reflect.NativeMethodAccessorImpl.invoke0(Native Method)
	at java.base/jdk.internal.reflect.NativeMethodAccessorImpl.invoke(NativeMethodAccessorImpl.java:77)
	at java.base/jdk.internal.reflect.DelegatingMethodAccessorImpl.invoke(DelegatingMethodAccessorImpl.java:43)
)

13-01-2025T07:11:13 - [TEST_STEP][PASSED] - result = WriteToExcel(typeOfData, todaysDate, PercPlanR, PercPlanB, PercFactR, PercFactB, x, tabR, tabB, o1R, o1B, vidget): null

13-01-2025T07:11:13 - [TEST_STEP][PASSED] - iii = dZO.indexOf("/"): null

13-01-2025T07:11:13 - [TEST_STEP][PASSED] - println(iii): null

13-01-2025T07:11:13 - [TEST_STEP][PASSED] - dZO = dZO.substring(0, iii): null

13-01-2025T07:11:13 - [TEST_STEP][PASSED] - println(dZO): null

13-01-2025T07:11:13 - [TEST_STEP][PASSED] - println(PercPlanR): null

13-01-2025T07:11:13 - [TEST_STEP][PASSED] - println(PercPlanB): null

13-01-2025T07:11:13 - [TEST_STEP][PASSED] - println(PercFactR): null

13-01-2025T07:11:13 - [TEST_STEP][PASSED] - println(PercFactB): null

13-01-2025T07:11:13 - [TEST_STEP][PASSED] - println(tabR): null

13-01-2025T07:11:13 - [TEST_STEP][PASSED] - println(tabB): null

13-01-2025T07:11:13 - [TEST_STEP][PASSED] - println(o1R): null

13-01-2025T07:11:13 - [TEST_STEP][PASSED] - println(o1B): null

13-01-2025T07:11:13 - [TEST_STEP][PASSED] - PR = <not implemented yet for class: org.codehaus.groovy.ast.expr.EmptyExpression>: null

13-01-2025T07:11:13 - [TEST_STEP][PASSED] - FR = <not implemented yet for class: org.codehaus.groovy.ast.expr.EmptyExpression>: null

13-01-2025T07:11:13 - [TEST_STEP][PASSED] - PB = <not implemented yet for class: org.codehaus.groovy.ast.expr.EmptyExpression>: null

13-01-2025T07:11:13 - [TEST_STEP][PASSED] - FB = <not implemented yet for class: org.codehaus.groovy.ast.expr.EmptyExpression>: null

13-01-2025T07:11:13 - [TEST_STEP][PASSED] - TR = <not implemented yet for class: org.codehaus.groovy.ast.expr.EmptyExpression>: null

13-01-2025T07:11:13 - [TEST_STEP][PASSED] - TB = <not implemented yet for class: org.codehaus.groovy.ast.expr.EmptyExpression>: null

13-01-2025T07:11:13 - [TEST_STEP][PASSED] - sheetName = "Sheet1": null

13-01-2025T07:11:13 - [TEST_STEP][PASSED] - data = findTestData("PlanFact"): null

13-01-2025T07:11:13 - [TEST_STEP][PASSED] - n = data.getRowNumbers() + 1: null

13-01-2025T07:11:13 - [TEST_STEP][PASSED] - year = todaysDate.substring(todaysDate.length() - 4, todaysDate.length()): null

13-01-2025T07:11:13 - [TEST_STEP][PASSED] - y = year.toInteger(): null

13-01-2025T07:11:13 - [TEST_STEP][PASSED] - m = getText(findTestObject("Выполнение бизнес-плана/Выполнение бизнес-плана Балансы/Фильтр Дата")): Text of object 'Object Repository/Выполнение бизнес-плана/Выполнение бизнес-плана Балансы/Фильтр Дата' is: '1, 2, 3 кв., Октябрь, Ноябрь 2024 года'

13-01-2025T07:11:14 - [MESSAGE][PASSED] - Text of object 'Object Repository/Выполнение бизнес-плана/Выполнение бизнес-плана Балансы/Фильтр Дата' is: '1, 2, 3 кв., Октябрь, Ноябрь 2024 года'

13-01-2025T07:11:14 - [TEST_STEP][PASSED] - m = m.substring(0, m.indexOf("2024")): null

13-01-2025T07:11:14 - [TEST_STEP][PASSED] - m = m.trim(): null

13-01-2025T07:11:14 - [TEST_STEP][PASSED] - dashboardName = "Выполнение бизнес-плана": null

13-01-2025T07:11:14 - [TEST_STEP][PASSED] - workbook01 = getWorkbook(excelFilePath): null

13-01-2025T07:11:14 - [TEST_STEP][PASSED] - sheet01 = getExcelSheet(workbook01, sheetName): null

13-01-2025T07:11:14 - [TEST_STEP][PASSED] - setValueToCellByIndex(sheet01, n, 0, dashboardName): null

13-01-2025T07:11:14 - [TEST_STEP][PASSED] - setValueToCellByIndex(sheet01, n, 1, dZO): null

13-01-2025T07:11:14 - [TEST_STEP][PASSED] - setValueToCellByIndex(sheet01, n, 2, typeOfData): null

13-01-2025T07:11:14 - [TEST_STEP][PASSED] - setValueToCellByIndex(sheet01, n, 3, typeOfData): null

13-01-2025T07:11:14 - [TEST_STEP][PASSED] - if (typeOfData == "План"): null

13-01-2025T07:11:14 - [TEST_STEP][PASSED] - else if (typeOfData == "Факт"): null

13-01-2025T07:11:14 - [TEST_STEP][PASSED] - else if (vidget.contains("электроэнергии") == true): null

13-01-2025T07:11:14 - [TEST_STEP][PASSED] - else: null

13-01-2025T07:11:14 - [TEST_STEP][PASSED] - if (o1R == null): null

13-01-2025T07:11:14 - [TEST_STEP][PASSED] - else: null

13-01-2025T07:11:14 - [TEST_STEP][PASSED] - if (o1R == "нет данных"): null

13-01-2025T07:11:14 - [TEST_STEP][PASSED] - setValueToCellByIndex(sheet01, n, 4, "нет данных"): null

13-01-2025T07:11:14 - [TEST_STEP][PASSED] - if (o1B == null): null

13-01-2025T07:11:14 - [TEST_STEP][PASSED] - else: null

13-01-2025T07:11:14 - [TEST_STEP][PASSED] - if (o1B == "нет данных"): null

13-01-2025T07:11:14 - [TEST_STEP][PASSED] - else: null

13-01-2025T07:11:14 - [TEST_STEP][PASSED] - FB = o1B.toDouble(): null

13-01-2025T07:11:14 - [TEST_STEP][PASSED] - setValueToCellByIndex(sheet01, n, 5, FB): null

13-01-2025T07:11:14 - [TEST_STEP][PASSED] - setValueToCellByIndex(sheet01, n, 6, m): null

13-01-2025T07:11:14 - [TEST_STEP][PASSED] - setValueToCellByIndex(sheet01, n, 7, y): null

13-01-2025T07:11:14 - [TEST_STEP][PASSED] - setValueToCellByIndex(sheet01, n, 8, todaysDate): null

13-01-2025T07:11:14 - [TEST_STEP][PASSED] - n = n + 1: null

13-01-2025T07:11:14 - [TEST_STEP][FAILED] - saveWorkbook(excelFilePath, workbook01): null

13-01-2025T07:11:14 - [TEST_STEP][FAILED] - if (verifyEqual(lR, lB) == false): null

13-01-2025T07:11:14 - [MESSAGE][FAILED] - Unable to verify equal between actual object 'Россети Ленэнерго (ГК)/нет данных/нет данных/нет данных/нет данных/нет данных/нет данных/нет данных/нет данных/нет данных' and expected object 'Россети Ленэнерго (ГК)/10.91/10.89/34954264/31148311/3805953/0/нет данных/нет данных/-0.02' (Root cause: com.kms.katalon.core.exception.StepFailedException: Actual object 'Россети Ленэнерго (ГК)/нет данных/нет данных/нет данных/нет данных/нет данных/нет данных/нет данных/нет данных/нет данных' and expected object 'Россети Ленэнерго (ГК)/10.91/10.89/34954264/31148311/3805953/0/нет данных/нет данных/-0.02' are not equal
	at com.kms.katalon.core.keyword.builtin.VerifyEqualKeyword$_verifyEqual_closure1.doCall(VerifyEqualKeyword.groovy:58)
	at com.kms.katalon.core.keyword.builtin.VerifyEqualKeyword$_verifyEqual_closure1.call(VerifyEqualKeyword.groovy)
	at com.kms.katalon.core.keyword.internal.KeywordMain.runKeyword(KeywordMain.groovy:75)
	at com.kms.katalon.core.keyword.builtin.VerifyEqualKeyword.verifyEqual(VerifyEqualKeyword.groovy:63)
	at com.kms.katalon.core.keyword.builtin.VerifyEqualKeyword.execute(VerifyEqualKeyword.groovy:44)
	at com.kms.katalon.core.keyword.internal.KeywordExecutor.executeKeywordForPlatform(KeywordExecutor.groovy:74)
	at com.kms.katalon.core.keyword.BuiltinKeywords.verifyEqual(BuiltinKeywords.groovy:146)
	at jdk.internal.reflect.GeneratedMethodAccessor25.invoke(Unknown Source)
	at java.base/jdk.internal.reflect.DelegatingMethodAccessorImpl.invoke(DelegatingMethodAccessorImpl.java:43)
	at Выполнение бизнес-плана сверка дашбордов - Copy.run(Выполнение бизнес-плана сверка дашбордов - Copy:607)
	at com.kms.katalon.core.main.ScriptEngine.run(ScriptEngine.java:194)
	at com.kms.katalon.core.main.ScriptEngine.runScriptAsRawText(ScriptEngine.java:119)
	at com.kms.katalon.core.main.TestCaseExecutor.runScript(TestCaseExecutor.java:448)
	at com.kms.katalon.core.main.TestCaseExecutor.doExecute(TestCaseExecutor.java:439)
	at com.kms.katalon.core.main.TestCaseExecutor.processExecutionPhase(TestCaseExecutor.java:418)
	at com.kms.katalon.core.main.TestCaseExecutor.accessMainPhase(TestCaseExecutor.java:410)
	at com.kms.katalon.core.main.TestCaseExecutor.execute(TestCaseExecutor.java:285)
	at com.kms.katalon.core.common.CommonExecutor.accessTestCaseMainPhase(CommonExecutor.java:65)
	at com.kms.katalon.core.main.TestSuiteExecutor.accessTestSuiteMainPhase(TestSuiteExecutor.java:150)
	at com.kms.katalon.core.main.TestSuiteExecutor.execute(TestSuiteExecutor.java:106)
	at com.kms.katalon.core.main.TestCaseMain.startTestSuite(TestCaseMain.java:180)
	at TempTestSuite1736740835951.run(TempTestSuite1736740835951.groovy:35)
	at java.base/jdk.internal.reflect.NativeMethodAccessorImpl.invoke0(Native Method)
	at java.base/jdk.internal.reflect.NativeMethodAccessorImpl.invoke(NativeMethodAccessorImpl.java:77)
	at java.base/jdk.internal.reflect.DelegatingMethodAccessorImpl.invoke(DelegatingMethodAccessorImpl.java:43)
)

13-01-2025T07:11:14 - [TEST_STEP][PASSED] - result = CompareDZOData(a = lR, b = lB, dZO, typeOfData, PercPlanR, PercPlanB, PercFactR, PercFactB, todaysDate, x, vidget, tabR, tabB, o1R, o1B): null

13-01-2025T07:11:14 - [TEST_STEP][PASSED] - ii2 = <not implemented yet for class: org.codehaus.groovy.ast.expr.EmptyExpression>: null

13-01-2025T07:11:14 - [TEST_STEP][FAILED] - if (verifyEqual(a, b) == false): null

13-01-2025T07:11:14 - [MESSAGE][FAILED] - Unable to verify equal between actual object 'Россети Ленэнерго (ГК)/нет данных/нет данных/нет данных/нет данных/нет данных/нет данных/нет данных/нет данных/нет данных' and expected object 'Россети Ленэнерго (ГК)/10.91/10.89/34954264/31148311/3805953/0/нет данных/нет данных/-0.02' (Root cause: com.kms.katalon.core.exception.StepFailedException: Actual object 'Россети Ленэнерго (ГК)/нет данных/нет данных/нет данных/нет данных/нет данных/нет данных/нет данных/нет данных/нет данных' and expected object 'Россети Ленэнерго (ГК)/10.91/10.89/34954264/31148311/3805953/0/нет данных/нет данных/-0.02' are not equal
	at com.kms.katalon.core.keyword.builtin.VerifyEqualKeyword$_verifyEqual_closure1.doCall(VerifyEqualKeyword.groovy:58)
	at com.kms.katalon.core.keyword.builtin.VerifyEqualKeyword$_verifyEqual_closure1.call(VerifyEqualKeyword.groovy)
	at com.kms.katalon.core.keyword.internal.KeywordMain.runKeyword(KeywordMain.groovy:75)
	at com.kms.katalon.core.keyword.builtin.VerifyEqualKeyword.verifyEqual(VerifyEqualKeyword.groovy:63)
	at com.kms.katalon.core.keyword.builtin.VerifyEqualKeyword.execute(VerifyEqualKeyword.groovy:44)
	at com.kms.katalon.core.keyword.internal.KeywordExecutor.executeKeywordForPlatform(KeywordExecutor.groovy:74)
	at com.kms.katalon.core.keyword.BuiltinKeywords.verifyEqual(BuiltinKeywords.groovy:146)
	at jdk.internal.reflect.GeneratedMethodAccessor25.invoke(Unknown Source)
	at java.base/jdk.internal.reflect.DelegatingMethodAccessorImpl.invoke(DelegatingMethodAccessorImpl.java:43)
	at Выполнение бизнес-плана сверка дашбордов - Copy.CompareDZOData(Выполнение бизнес-плана сверка дашбордов - Copy:673)
	at Выполнение бизнес-плана сверка дашбордов - Copy.run(Выполнение бизнес-плана сверка дашбордов - Copy:608)
	at com.kms.katalon.core.main.ScriptEngine.run(ScriptEngine.java:194)
	at com.kms.katalon.core.main.ScriptEngine.runScriptAsRawText(ScriptEngine.java:119)
	at com.kms.katalon.core.main.TestCaseExecutor.runScript(TestCaseExecutor.java:448)
	at com.kms.katalon.core.main.TestCaseExecutor.doExecute(TestCaseExecutor.java:439)
	at com.kms.katalon.core.main.TestCaseExecutor.processExecutionPhase(TestCaseExecutor.java:418)
	at com.kms.katalon.core.main.TestCaseExecutor.accessMainPhase(TestCaseExecutor.java:410)
	at com.kms.katalon.core.main.TestCaseExecutor.execute(TestCaseExecutor.java:285)
	at com.kms.katalon.core.common.CommonExecutor.accessTestCaseMainPhase(CommonExecutor.java:65)
	at com.kms.katalon.core.main.TestSuiteExecutor.accessTestSuiteMainPhase(TestSuiteExecutor.java:150)
	at com.kms.katalon.core.main.TestSuiteExecutor.execute(TestSuiteExecutor.java:106)
	at com.kms.katalon.core.main.TestCaseMain.startTestSuite(TestCaseMain.java:180)
	at TempTestSuite1736740835951.run(TempTestSuite1736740835951.groovy:35)
	at java.base/jdk.internal.reflect.NativeMethodAccessorImpl.invoke0(Native Method)
	at java.base/jdk.internal.reflect.NativeMethodAccessorImpl.invoke(NativeMethodAccessorImpl.java:77)
	at java.base/jdk.internal.reflect.DelegatingMethodAccessorImpl.invoke(DelegatingMethodAccessorImpl.java:43)
)

13-01-2025T07:11:14 - [TEST_STEP][PASSED] - vidget = "Уровень потерь электроэнергии": null

13-01-2025T07:11:14 - [TEST_STEP][PASSED] - typeOfData = "План": null

13-01-2025T07:11:14 - [TEST_STEP][PASSED] - PercPlanR = GetPercPlanR(x = a): null

13-01-2025T07:11:14 - [TEST_STEP][PASSED] - i1 = <not implemented yet for class: org.codehaus.groovy.ast.expr.EmptyExpression>: null

13-01-2025T07:11:14 - [TEST_STEP][PASSED] - i1 = x.indexOf("/") + 1: null

13-01-2025T07:11:14 - [TEST_STEP][PASSED] - if (i1 > -1): null

13-01-2025T07:11:14 - [TEST_STEP][PASSED] - x = x.substring(i1, x.length()): null

13-01-2025T07:11:14 - [TEST_STEP][PASSED] - i1 = x.indexOf("/"): null

13-01-2025T07:11:14 - [TEST_STEP][PASSED] - if (i1 > -1): null

13-01-2025T07:11:14 - [TEST_STEP][PASSED] - x = x.substring(0, i1): null

13-01-2025T07:11:14 - [TEST_STEP][PASSED] - return x: null

13-01-2025T07:11:14 - [TEST_STEP][PASSED] - PercPlanB = GetPercPlanB(x = b): null

13-01-2025T07:11:14 - [TEST_STEP][PASSED] - i1 = <not implemented yet for class: org.codehaus.groovy.ast.expr.EmptyExpression>: null

13-01-2025T07:11:14 - [TEST_STEP][PASSED] - i1 = x.indexOf("/") + 1: null

13-01-2025T07:11:14 - [TEST_STEP][PASSED] - if (i1 > -1): null

13-01-2025T07:11:14 - [TEST_STEP][PASSED] - x = x.substring(i1, x.length()): null

13-01-2025T07:11:14 - [TEST_STEP][PASSED] - i1 = x.indexOf("/"): null

13-01-2025T07:11:14 - [TEST_STEP][PASSED] - if (i1 > -1): null

13-01-2025T07:11:14 - [TEST_STEP][PASSED] - x = x.substring(0, i1): null

13-01-2025T07:11:14 - [TEST_STEP][FAILED] - return x: null

13-01-2025T07:11:14 - [TEST_STEP][FAILED] - if (verifyEqual(PercPlanR, PercPlanB) == false): null

13-01-2025T07:11:14 - [MESSAGE][FAILED] - Unable to verify equal between actual object 'нет данных' and expected object '10.91' (Root cause: com.kms.katalon.core.exception.StepFailedException: Actual object 'нет данных' and expected object '10.91' are not equal
	at com.kms.katalon.core.keyword.builtin.VerifyEqualKeyword$_verifyEqual_closure1.doCall(VerifyEqualKeyword.groovy:58)
	at com.kms.katalon.core.keyword.builtin.VerifyEqualKeyword$_verifyEqual_closure1.call(VerifyEqualKeyword.groovy)
	at com.kms.katalon.core.keyword.internal.KeywordMain.runKeyword(KeywordMain.groovy:75)
	at com.kms.katalon.core.keyword.builtin.VerifyEqualKeyword.verifyEqual(VerifyEqualKeyword.groovy:63)
	at com.kms.katalon.core.keyword.builtin.VerifyEqualKeyword.execute(VerifyEqualKeyword.groovy:44)
	at com.kms.katalon.core.keyword.internal.KeywordExecutor.executeKeywordForPlatform(KeywordExecutor.groovy:74)
	at com.kms.katalon.core.keyword.BuiltinKeywords.verifyEqual(BuiltinKeywords.groovy:146)
	at jdk.internal.reflect.GeneratedMethodAccessor25.invoke(Unknown Source)
	at java.base/jdk.internal.reflect.DelegatingMethodAccessorImpl.invoke(DelegatingMethodAccessorImpl.java:43)
	at Выполнение бизнес-плана сверка дашбордов - Copy.CompareDZOData(Выполнение бизнес-плана сверка дашбордов - Copy:682)
	at Выполнение бизнес-плана сверка дашбордов - Copy.run(Выполнение бизнес-плана сверка дашбордов - Copy:608)
	at com.kms.katalon.core.main.ScriptEngine.run(ScriptEngine.java:194)
	at com.kms.katalon.core.main.ScriptEngine.runScriptAsRawText(ScriptEngine.java:119)
	at com.kms.katalon.core.main.TestCaseExecutor.runScript(TestCaseExecutor.java:448)
	at com.kms.katalon.core.main.TestCaseExecutor.doExecute(TestCaseExecutor.java:439)
	at com.kms.katalon.core.main.TestCaseExecutor.processExecutionPhase(TestCaseExecutor.java:418)
	at com.kms.katalon.core.main.TestCaseExecutor.accessMainPhase(TestCaseExecutor.java:410)
	at com.kms.katalon.core.main.TestCaseExecutor.execute(TestCaseExecutor.java:285)
	at com.kms.katalon.core.common.CommonExecutor.accessTestCaseMainPhase(CommonExecutor.java:65)
	at com.kms.katalon.core.main.TestSuiteExecutor.accessTestSuiteMainPhase(TestSuiteExecutor.java:150)
	at com.kms.katalon.core.main.TestSuiteExecutor.execute(TestSuiteExecutor.java:106)
	at com.kms.katalon.core.main.TestCaseMain.startTestSuite(TestCaseMain.java:180)
	at TempTestSuite1736740835951.run(TempTestSuite1736740835951.groovy:35)
	at java.base/jdk.internal.reflect.NativeMethodAccessorImpl.invoke0(Native Method)
	at java.base/jdk.internal.reflect.NativeMethodAccessorImpl.invoke(NativeMethodAccessorImpl.java:77)
	at java.base/jdk.internal.reflect.DelegatingMethodAccessorImpl.invoke(DelegatingMethodAccessorImpl.java:43)
)

13-01-2025T07:11:14 - [TEST_STEP][PASSED] - result = WriteToExcel(typeOfData, todaysDate, PercPlanR, PercPlanB, PercFactR, PercFactB, x, tabR, tabB, o1R, o1B, vidget): null

13-01-2025T07:11:14 - [TEST_STEP][PASSED] - iii = dZO.indexOf("/"): null

13-01-2025T07:11:14 - [TEST_STEP][PASSED] - println(iii): null

13-01-2025T07:11:14 - [TEST_STEP][PASSED] - dZO = dZO.substring(0, iii): null

13-01-2025T07:11:14 - [TEST_STEP][PASSED] - println(dZO): null

13-01-2025T07:11:14 - [TEST_STEP][PASSED] - println(PercPlanR): null

13-01-2025T07:11:14 - [TEST_STEP][PASSED] - println(PercPlanB): null

13-01-2025T07:11:14 - [TEST_STEP][PASSED] - println(PercFactR): null

13-01-2025T07:11:14 - [TEST_STEP][PASSED] - println(PercFactB): null

13-01-2025T07:11:14 - [TEST_STEP][PASSED] - println(tabR): null

13-01-2025T07:11:14 - [TEST_STEP][PASSED] - println(tabB): null

13-01-2025T07:11:14 - [TEST_STEP][PASSED] - println(o1R): null

13-01-2025T07:11:14 - [TEST_STEP][PASSED] - println(o1B): null

13-01-2025T07:11:14 - [TEST_STEP][PASSED] - PR = <not implemented yet for class: org.codehaus.groovy.ast.expr.EmptyExpression>: null

13-01-2025T07:11:14 - [TEST_STEP][PASSED] - FR = <not implemented yet for class: org.codehaus.groovy.ast.expr.EmptyExpression>: null

13-01-2025T07:11:14 - [TEST_STEP][PASSED] - PB = <not implemented yet for class: org.codehaus.groovy.ast.expr.EmptyExpression>: null

13-01-2025T07:11:14 - [TEST_STEP][PASSED] - FB = <not implemented yet for class: org.codehaus.groovy.ast.expr.EmptyExpression>: null

13-01-2025T07:11:14 - [TEST_STEP][PASSED] - TR = <not implemented yet for class: org.codehaus.groovy.ast.expr.EmptyExpression>: null

13-01-2025T07:11:14 - [TEST_STEP][PASSED] - TB = <not implemented yet for class: org.codehaus.groovy.ast.expr.EmptyExpression>: null

13-01-2025T07:11:14 - [TEST_STEP][PASSED] - sheetName = "Sheet1": null

13-01-2025T07:11:14 - [TEST_STEP][PASSED] - data = findTestData("PlanFact"): null

13-01-2025T07:11:14 - [TEST_STEP][PASSED] - n = data.getRowNumbers() + 1: null

13-01-2025T07:11:14 - [TEST_STEP][PASSED] - year = todaysDate.substring(todaysDate.length() - 4, todaysDate.length()): null

13-01-2025T07:11:14 - [TEST_STEP][PASSED] - y = year.toInteger(): null

13-01-2025T07:11:14 - [TEST_STEP][PASSED] - m = getText(findTestObject("Выполнение бизнес-плана/Выполнение бизнес-плана Балансы/Фильтр Дата")): Text of object 'Object Repository/Выполнение бизнес-плана/Выполнение бизнес-плана Балансы/Фильтр Дата' is: '1, 2, 3 кв., Октябрь, Ноябрь 2024 года'

13-01-2025T07:11:14 - [MESSAGE][PASSED] - Text of object 'Object Repository/Выполнение бизнес-плана/Выполнение бизнес-плана Балансы/Фильтр Дата' is: '1, 2, 3 кв., Октябрь, Ноябрь 2024 года'

13-01-2025T07:11:14 - [TEST_STEP][PASSED] - m = m.substring(0, m.indexOf("2024")): null

13-01-2025T07:11:14 - [TEST_STEP][PASSED] - m = m.trim(): null

13-01-2025T07:11:14 - [TEST_STEP][PASSED] - dashboardName = "Выполнение бизнес-плана": null

13-01-2025T07:11:14 - [TEST_STEP][PASSED] - workbook01 = getWorkbook(excelFilePath): null

13-01-2025T07:11:14 - [TEST_STEP][PASSED] - sheet01 = getExcelSheet(workbook01, sheetName): null

13-01-2025T07:11:14 - [TEST_STEP][PASSED] - setValueToCellByIndex(sheet01, n, 0, dashboardName): null

13-01-2025T07:11:14 - [TEST_STEP][PASSED] - setValueToCellByIndex(sheet01, n, 1, dZO): null

13-01-2025T07:11:14 - [TEST_STEP][PASSED] - setValueToCellByIndex(sheet01, n, 2, typeOfData): null

13-01-2025T07:11:14 - [TEST_STEP][PASSED] - setValueToCellByIndex(sheet01, n, 3, typeOfData): null

13-01-2025T07:11:14 - [TEST_STEP][PASSED] - if (typeOfData == "План"): null

13-01-2025T07:11:14 - [TEST_STEP][PASSED] - if (PercPlanR == null): null

13-01-2025T07:11:14 - [TEST_STEP][PASSED] - else: null

13-01-2025T07:11:14 - [TEST_STEP][PASSED] - if (PercPlanR == "нет данных"): null

13-01-2025T07:11:14 - [TEST_STEP][PASSED] - setValueToCellByIndex(sheet01, n, 4, "нет данных"): null

13-01-2025T07:11:14 - [TEST_STEP][PASSED] - if (PercPlanB == null): null

13-01-2025T07:11:14 - [TEST_STEP][PASSED] - else: null

13-01-2025T07:11:14 - [TEST_STEP][PASSED] - if (PercPlanB == "нет данных"): null

13-01-2025T07:11:14 - [TEST_STEP][PASSED] - else: null

13-01-2025T07:11:14 - [TEST_STEP][PASSED] - PB = PercPlanB.toDouble(): null

13-01-2025T07:11:14 - [TEST_STEP][PASSED] - setValueToCellByIndex(sheet01, n, 5, PB): null

13-01-2025T07:11:14 - [TEST_STEP][PASSED] - setValueToCellByIndex(sheet01, n, 6, m): null

13-01-2025T07:11:14 - [TEST_STEP][PASSED] - setValueToCellByIndex(sheet01, n, 7, y): null

13-01-2025T07:11:14 - [TEST_STEP][PASSED] - setValueToCellByIndex(sheet01, n, 8, todaysDate): null

13-01-2025T07:11:14 - [TEST_STEP][PASSED] - n = n + 1: null

13-01-2025T07:11:14 - [TEST_STEP][PASSED] - saveWorkbook(excelFilePath, workbook01): null

13-01-2025T07:11:14 - [TEST_STEP][PASSED] - typeOfData = "Факт": null

13-01-2025T07:11:14 - [TEST_STEP][PASSED] - PercFactR = GetPercFactR(x = a): null

13-01-2025T07:11:14 - [TEST_STEP][PASSED] - i1 = <not implemented yet for class: org.codehaus.groovy.ast.expr.EmptyExpression>: null

13-01-2025T07:11:14 - [TEST_STEP][PASSED] - ii = <not implemented yet for class: org.codehaus.groovy.ast.expr.EmptyExpression>: null

13-01-2025T07:11:14 - [TEST_STEP][PASSED] - for ([ii = 1, ii < 3, (ii++)]): null

13-01-2025T07:11:14 - [TEST_STEP][PASSED] - i1 = x.indexOf("/") + 1: null

13-01-2025T07:11:14 - [TEST_STEP][PASSED] - if (i1 > -1): null

13-01-2025T07:11:14 - [TEST_STEP][PASSED] - x = x.substring(i1, x.length()): null

13-01-2025T07:11:14 - [TEST_STEP][PASSED] - println(x): null

13-01-2025T07:11:14 - [TEST_STEP][PASSED] - i1 = x.indexOf("/") + 1: null

13-01-2025T07:11:14 - [TEST_STEP][PASSED] - if (i1 > -1): null

13-01-2025T07:11:14 - [TEST_STEP][PASSED] - x = x.substring(i1, x.length()): null

13-01-2025T07:11:14 - [TEST_STEP][PASSED] - println(x): null

13-01-2025T07:11:14 - [TEST_STEP][PASSED] - i1 = x.indexOf("/"): null

13-01-2025T07:11:14 - [TEST_STEP][PASSED] - if (i1 > -1): null

13-01-2025T07:11:14 - [TEST_STEP][PASSED] - x = x.substring(0, i1): null

13-01-2025T07:11:14 - [TEST_STEP][PASSED] - println(x): null

13-01-2025T07:11:14 - [TEST_STEP][PASSED] - return x: null

13-01-2025T07:11:14 - [TEST_STEP][PASSED] - PercFactB = GetPercFactB(x = b): null

13-01-2025T07:11:14 - [TEST_STEP][PASSED] - i1 = <not implemented yet for class: org.codehaus.groovy.ast.expr.EmptyExpression>: null

13-01-2025T07:11:14 - [TEST_STEP][PASSED] - ii = <not implemented yet for class: org.codehaus.groovy.ast.expr.EmptyExpression>: null

13-01-2025T07:11:14 - [TEST_STEP][PASSED] - for ([ii = 1, ii < 3, (ii++)]): null

13-01-2025T07:11:14 - [TEST_STEP][PASSED] - i1 = x.indexOf("/") + 1: null

13-01-2025T07:11:14 - [TEST_STEP][PASSED] - if (i1 > -1): null

13-01-2025T07:11:14 - [TEST_STEP][PASSED] - x = x.substring(i1, x.length()): null

13-01-2025T07:11:14 - [TEST_STEP][PASSED] - println(x): null

13-01-2025T07:11:14 - [TEST_STEP][PASSED] - i1 = x.indexOf("/") + 1: null

13-01-2025T07:11:14 - [TEST_STEP][PASSED] - if (i1 > -1): null

13-01-2025T07:11:14 - [TEST_STEP][PASSED] - x = x.substring(i1, x.length()): null

13-01-2025T07:11:14 - [TEST_STEP][PASSED] - println(x): null

13-01-2025T07:11:14 - [TEST_STEP][PASSED] - i1 = x.indexOf("/"): null

13-01-2025T07:11:14 - [TEST_STEP][PASSED] - if (i1 > -1): null

13-01-2025T07:11:14 - [TEST_STEP][PASSED] - x = x.substring(0, i1): null

13-01-2025T07:11:14 - [TEST_STEP][PASSED] - println(x): null

13-01-2025T07:11:14 - [TEST_STEP][FAILED] - return x: null

13-01-2025T07:11:14 - [TEST_STEP][FAILED] - if (verifyEqual(PercFactR, PercFactB) == false): null

13-01-2025T07:11:14 - [MESSAGE][FAILED] - Unable to verify equal between actual object 'нет данных' and expected object '10.89' (Root cause: com.kms.katalon.core.exception.StepFailedException: Actual object 'нет данных' and expected object '10.89' are not equal
	at com.kms.katalon.core.keyword.builtin.VerifyEqualKeyword$_verifyEqual_closure1.doCall(VerifyEqualKeyword.groovy:58)
	at com.kms.katalon.core.keyword.builtin.VerifyEqualKeyword$_verifyEqual_closure1.call(VerifyEqualKeyword.groovy)
	at com.kms.katalon.core.keyword.internal.KeywordMain.runKeyword(KeywordMain.groovy:75)
	at com.kms.katalon.core.keyword.builtin.VerifyEqualKeyword.verifyEqual(VerifyEqualKeyword.groovy:63)
	at com.kms.katalon.core.keyword.builtin.VerifyEqualKeyword.execute(VerifyEqualKeyword.groovy:44)
	at com.kms.katalon.core.keyword.internal.KeywordExecutor.executeKeywordForPlatform(KeywordExecutor.groovy:74)
	at com.kms.katalon.core.keyword.BuiltinKeywords.verifyEqual(BuiltinKeywords.groovy:146)
	at jdk.internal.reflect.GeneratedMethodAccessor25.invoke(Unknown Source)
	at java.base/jdk.internal.reflect.DelegatingMethodAccessorImpl.invoke(DelegatingMethodAccessorImpl.java:43)
	at Выполнение бизнес-плана сверка дашбордов - Copy.CompareDZOData(Выполнение бизнес-плана сверка дашбордов - Copy:693)
	at Выполнение бизнес-плана сверка дашбордов - Copy.run(Выполнение бизнес-плана сверка дашбордов - Copy:608)
	at com.kms.katalon.core.main.ScriptEngine.run(ScriptEngine.java:194)
	at com.kms.katalon.core.main.ScriptEngine.runScriptAsRawText(ScriptEngine.java:119)
	at com.kms.katalon.core.main.TestCaseExecutor.runScript(TestCaseExecutor.java:448)
	at com.kms.katalon.core.main.TestCaseExecutor.doExecute(TestCaseExecutor.java:439)
	at com.kms.katalon.core.main.TestCaseExecutor.processExecutionPhase(TestCaseExecutor.java:418)
	at com.kms.katalon.core.main.TestCaseExecutor.accessMainPhase(TestCaseExecutor.java:410)
	at com.kms.katalon.core.main.TestCaseExecutor.execute(TestCaseExecutor.java:285)
	at com.kms.katalon.core.common.CommonExecutor.accessTestCaseMainPhase(CommonExecutor.java:65)
	at com.kms.katalon.core.main.TestSuiteExecutor.accessTestSuiteMainPhase(TestSuiteExecutor.java:150)
	at com.kms.katalon.core.main.TestSuiteExecutor.execute(TestSuiteExecutor.java:106)
	at com.kms.katalon.core.main.TestCaseMain.startTestSuite(TestCaseMain.java:180)
	at TempTestSuite1736740835951.run(TempTestSuite1736740835951.groovy:35)
	at java.base/jdk.internal.reflect.NativeMethodAccessorImpl.invoke0(Native Method)
	at java.base/jdk.internal.reflect.NativeMethodAccessorImpl.invoke(NativeMethodAccessorImpl.java:77)
	at java.base/jdk.internal.reflect.DelegatingMethodAccessorImpl.invoke(DelegatingMethodAccessorImpl.java:43)
)

13-01-2025T07:11:14 - [TEST_STEP][PASSED] - result = WriteToExcel(typeOfData, todaysDate, PercPlanR, PercPlanB, PercFactR, PercFactB, x, tabR, tabB, o1R, o1B, vidget): null

13-01-2025T07:11:14 - [TEST_STEP][PASSED] - iii = dZO.indexOf("/"): null

13-01-2025T07:11:14 - [TEST_STEP][PASSED] - println(iii): null

13-01-2025T07:11:14 - [TEST_STEP][PASSED] - dZO = dZO.substring(0, iii): null

13-01-2025T07:11:14 - [TEST_STEP][PASSED] - println(dZO): null

13-01-2025T07:11:14 - [TEST_STEP][PASSED] - println(PercPlanR): null

13-01-2025T07:11:14 - [TEST_STEP][PASSED] - println(PercPlanB): null

13-01-2025T07:11:14 - [TEST_STEP][PASSED] - println(PercFactR): null

13-01-2025T07:11:14 - [TEST_STEP][PASSED] - println(PercFactB): null

13-01-2025T07:11:14 - [TEST_STEP][PASSED] - println(tabR): null

13-01-2025T07:11:14 - [TEST_STEP][PASSED] - println(tabB): null

13-01-2025T07:11:14 - [TEST_STEP][PASSED] - println(o1R): null

13-01-2025T07:11:14 - [TEST_STEP][PASSED] - println(o1B): null

13-01-2025T07:11:14 - [TEST_STEP][PASSED] - PR = <not implemented yet for class: org.codehaus.groovy.ast.expr.EmptyExpression>: null

13-01-2025T07:11:14 - [TEST_STEP][PASSED] - FR = <not implemented yet for class: org.codehaus.groovy.ast.expr.EmptyExpression>: null

13-01-2025T07:11:14 - [TEST_STEP][PASSED] - PB = <not implemented yet for class: org.codehaus.groovy.ast.expr.EmptyExpression>: null

13-01-2025T07:11:14 - [TEST_STEP][PASSED] - FB = <not implemented yet for class: org.codehaus.groovy.ast.expr.EmptyExpression>: null

13-01-2025T07:11:14 - [TEST_STEP][PASSED] - TR = <not implemented yet for class: org.codehaus.groovy.ast.expr.EmptyExpression>: null

13-01-2025T07:11:14 - [TEST_STEP][PASSED] - TB = <not implemented yet for class: org.codehaus.groovy.ast.expr.EmptyExpression>: null

13-01-2025T07:11:14 - [TEST_STEP][PASSED] - sheetName = "Sheet1": null

13-01-2025T07:11:14 - [TEST_STEP][PASSED] - data = findTestData("PlanFact"): null

13-01-2025T07:11:15 - [TEST_STEP][PASSED] - n = data.getRowNumbers() + 1: null

13-01-2025T07:11:15 - [TEST_STEP][PASSED] - year = todaysDate.substring(todaysDate.length() - 4, todaysDate.length()): null

13-01-2025T07:11:15 - [TEST_STEP][PASSED] - y = year.toInteger(): null

13-01-2025T07:11:15 - [TEST_STEP][PASSED] - m = getText(findTestObject("Выполнение бизнес-плана/Выполнение бизнес-плана Балансы/Фильтр Дата")): Text of object 'Object Repository/Выполнение бизнес-плана/Выполнение бизнес-плана Балансы/Фильтр Дата' is: '1, 2, 3 кв., Октябрь, Ноябрь 2024 года'

13-01-2025T07:11:15 - [MESSAGE][PASSED] - Text of object 'Object Repository/Выполнение бизнес-плана/Выполнение бизнес-плана Балансы/Фильтр Дата' is: '1, 2, 3 кв., Октябрь, Ноябрь 2024 года'

13-01-2025T07:11:15 - [TEST_STEP][PASSED] - m = m.substring(0, m.indexOf("2024")): null

13-01-2025T07:11:15 - [TEST_STEP][PASSED] - m = m.trim(): null

13-01-2025T07:11:15 - [TEST_STEP][PASSED] - dashboardName = "Выполнение бизнес-плана": null

13-01-2025T07:11:15 - [TEST_STEP][PASSED] - workbook01 = getWorkbook(excelFilePath): null

13-01-2025T07:11:15 - [TEST_STEP][PASSED] - sheet01 = getExcelSheet(workbook01, sheetName): null

13-01-2025T07:11:15 - [TEST_STEP][PASSED] - setValueToCellByIndex(sheet01, n, 0, dashboardName): null

13-01-2025T07:11:15 - [TEST_STEP][PASSED] - setValueToCellByIndex(sheet01, n, 1, dZO): null

13-01-2025T07:11:15 - [TEST_STEP][PASSED] - setValueToCellByIndex(sheet01, n, 2, typeOfData): null

13-01-2025T07:11:15 - [TEST_STEP][PASSED] - setValueToCellByIndex(sheet01, n, 3, typeOfData): null

13-01-2025T07:11:15 - [TEST_STEP][PASSED] - if (typeOfData == "План"): null

13-01-2025T07:11:15 - [TEST_STEP][PASSED] - else if (typeOfData == "Факт"): null

13-01-2025T07:11:15 - [TEST_STEP][PASSED] - if (PercFactR == null): null

13-01-2025T07:11:15 - [TEST_STEP][PASSED] - else: null

13-01-2025T07:11:15 - [TEST_STEP][PASSED] - if (PercFactR == "нет данных"): null

13-01-2025T07:11:15 - [TEST_STEP][PASSED] - setValueToCellByIndex(sheet01, n, 4, "нет данных"): null

13-01-2025T07:11:15 - [TEST_STEP][PASSED] - if (PercFactB == null): null

13-01-2025T07:11:15 - [TEST_STEP][PASSED] - else: null

13-01-2025T07:11:15 - [TEST_STEP][PASSED] - if (PercFactB == "нет данных"): null

13-01-2025T07:11:15 - [TEST_STEP][PASSED] - else: null

13-01-2025T07:11:15 - [TEST_STEP][PASSED] - FB = PercFactB.toDouble(): null

13-01-2025T07:11:15 - [TEST_STEP][PASSED] - setValueToCellByIndex(sheet01, n, 5, FB): null

13-01-2025T07:11:15 - [TEST_STEP][PASSED] - setValueToCellByIndex(sheet01, n, 6, m): null

13-01-2025T07:11:15 - [TEST_STEP][PASSED] - setValueToCellByIndex(sheet01, n, 7, y): null

13-01-2025T07:11:15 - [TEST_STEP][PASSED] - setValueToCellByIndex(sheet01, n, 8, todaysDate): null

13-01-2025T07:11:15 - [TEST_STEP][PASSED] - n = n + 1: null

13-01-2025T07:11:15 - [TEST_STEP][PASSED] - saveWorkbook(excelFilePath, workbook01): null

13-01-2025T07:11:15 - [TEST_STEP][PASSED] - vidget = "Показатели баланса электроэнергии по ДЗО – Факт": null

13-01-2025T07:11:15 - [TEST_STEP][PASSED] - typeOfData = "Факт Отпуск в сеть": null

13-01-2025T07:11:15 - [TEST_STEP][PASSED] - tabR = GetOvSFactR(x = a): null

13-01-2025T07:11:15 - [TEST_STEP][PASSED] - i1 = <not implemented yet for class: org.codehaus.groovy.ast.expr.EmptyExpression>: null

13-01-2025T07:11:15 - [TEST_STEP][PASSED] - ii = <not implemented yet for class: org.codehaus.groovy.ast.expr.EmptyExpression>: null

13-01-2025T07:11:15 - [TEST_STEP][PASSED] - for ([ii = 1, ii < 4, (ii++)]): null

13-01-2025T07:11:15 - [TEST_STEP][PASSED] - i1 = x.indexOf("/") + 1: null

13-01-2025T07:11:15 - [TEST_STEP][PASSED] - if (i1 > -1): null

13-01-2025T07:11:15 - [TEST_STEP][PASSED] - x = x.substring(i1, x.length()): null

13-01-2025T07:11:15 - [TEST_STEP][PASSED] - println(x): null

13-01-2025T07:11:15 - [TEST_STEP][PASSED] - i1 = x.indexOf("/") + 1: null

13-01-2025T07:11:15 - [TEST_STEP][PASSED] - if (i1 > -1): null

13-01-2025T07:11:15 - [TEST_STEP][PASSED] - x = x.substring(i1, x.length()): null

13-01-2025T07:11:15 - [TEST_STEP][PASSED] - println(x): null

13-01-2025T07:11:15 - [TEST_STEP][PASSED] - i1 = x.indexOf("/") + 1: null

13-01-2025T07:11:15 - [TEST_STEP][PASSED] - if (i1 > -1): null

13-01-2025T07:11:15 - [TEST_STEP][PASSED] - x = x.substring(i1, x.length()): null

13-01-2025T07:11:15 - [TEST_STEP][PASSED] - println(x): null

13-01-2025T07:11:15 - [TEST_STEP][PASSED] - i1 = x.indexOf("/"): null

13-01-2025T07:11:15 - [TEST_STEP][PASSED] - if (i1 > -1): null

13-01-2025T07:11:15 - [TEST_STEP][PASSED] - x = x.substring(0, i1): null

13-01-2025T07:11:15 - [TEST_STEP][PASSED] - println(x): null

13-01-2025T07:11:15 - [TEST_STEP][PASSED] - return x: null

13-01-2025T07:11:15 - [TEST_STEP][PASSED] - tabB = GetOvSFactB(x = b): null

13-01-2025T07:11:15 - [TEST_STEP][PASSED] - i1 = <not implemented yet for class: org.codehaus.groovy.ast.expr.EmptyExpression>: null

13-01-2025T07:11:15 - [TEST_STEP][PASSED] - ii = <not implemented yet for class: org.codehaus.groovy.ast.expr.EmptyExpression>: null

13-01-2025T07:11:15 - [TEST_STEP][PASSED] - for ([ii = 1, ii < 4, (ii++)]): null

13-01-2025T07:11:15 - [TEST_STEP][PASSED] - i1 = x.indexOf("/") + 1: null

13-01-2025T07:11:15 - [TEST_STEP][PASSED] - if (i1 > -1): null

13-01-2025T07:11:15 - [TEST_STEP][PASSED] - x = x.substring(i1, x.length()): null

13-01-2025T07:11:15 - [TEST_STEP][PASSED] - println(x): null

13-01-2025T07:11:15 - [TEST_STEP][PASSED] - i1 = x.indexOf("/") + 1: null

13-01-2025T07:11:15 - [TEST_STEP][PASSED] - if (i1 > -1): null

13-01-2025T07:11:15 - [TEST_STEP][PASSED] - x = x.substring(i1, x.length()): null

13-01-2025T07:11:15 - [TEST_STEP][PASSED] - println(x): null

13-01-2025T07:11:15 - [TEST_STEP][PASSED] - i1 = x.indexOf("/") + 1: null

13-01-2025T07:11:15 - [TEST_STEP][PASSED] - if (i1 > -1): null

13-01-2025T07:11:15 - [TEST_STEP][PASSED] - x = x.substring(i1, x.length()): null

13-01-2025T07:11:15 - [TEST_STEP][PASSED] - println(x): null

13-01-2025T07:11:15 - [TEST_STEP][PASSED] - i1 = x.indexOf("/"): null

13-01-2025T07:11:15 - [TEST_STEP][PASSED] - if (i1 > -1): null

13-01-2025T07:11:15 - [TEST_STEP][PASSED] - x = x.substring(0, i1): null

13-01-2025T07:11:15 - [TEST_STEP][PASSED] - println(x): null

13-01-2025T07:11:15 - [TEST_STEP][FAILED] - return x: null

13-01-2025T07:11:15 - [TEST_STEP][FAILED] - if (verifyEqual(tabR, tabB) == false): null

13-01-2025T07:11:15 - [MESSAGE][FAILED] - Unable to verify equal between actual object 'нет данных' and expected object '34954264' (Root cause: com.kms.katalon.core.exception.StepFailedException: Actual object 'нет данных' and expected object '34954264' are not equal
	at com.kms.katalon.core.keyword.builtin.VerifyEqualKeyword$_verifyEqual_closure1.doCall(VerifyEqualKeyword.groovy:58)
	at com.kms.katalon.core.keyword.builtin.VerifyEqualKeyword$_verifyEqual_closure1.call(VerifyEqualKeyword.groovy)
	at com.kms.katalon.core.keyword.internal.KeywordMain.runKeyword(KeywordMain.groovy:75)
	at com.kms.katalon.core.keyword.builtin.VerifyEqualKeyword.verifyEqual(VerifyEqualKeyword.groovy:63)
	at com.kms.katalon.core.keyword.builtin.VerifyEqualKeyword.execute(VerifyEqualKeyword.groovy:44)
	at com.kms.katalon.core.keyword.internal.KeywordExecutor.executeKeywordForPlatform(KeywordExecutor.groovy:74)
	at com.kms.katalon.core.keyword.BuiltinKeywords.verifyEqual(BuiltinKeywords.groovy:146)
	at jdk.internal.reflect.GeneratedMethodAccessor25.invoke(Unknown Source)
	at java.base/jdk.internal.reflect.DelegatingMethodAccessorImpl.invoke(DelegatingMethodAccessorImpl.java:43)
	at Выполнение бизнес-плана сверка дашбордов - Copy.CompareDZOData(Выполнение бизнес-плана сверка дашбордов - Copy:706)
	at Выполнение бизнес-плана сверка дашбордов - Copy.run(Выполнение бизнес-плана сверка дашбордов - Copy:608)
	at com.kms.katalon.core.main.ScriptEngine.run(ScriptEngine.java:194)
	at com.kms.katalon.core.main.ScriptEngine.runScriptAsRawText(ScriptEngine.java:119)
	at com.kms.katalon.core.main.TestCaseExecutor.runScript(TestCaseExecutor.java:448)
	at com.kms.katalon.core.main.TestCaseExecutor.doExecute(TestCaseExecutor.java:439)
	at com.kms.katalon.core.main.TestCaseExecutor.processExecutionPhase(TestCaseExecutor.java:418)
	at com.kms.katalon.core.main.TestCaseExecutor.accessMainPhase(TestCaseExecutor.java:410)
	at com.kms.katalon.core.main.TestCaseExecutor.execute(TestCaseExecutor.java:285)
	at com.kms.katalon.core.common.CommonExecutor.accessTestCaseMainPhase(CommonExecutor.java:65)
	at com.kms.katalon.core.main.TestSuiteExecutor.accessTestSuiteMainPhase(TestSuiteExecutor.java:150)
	at com.kms.katalon.core.main.TestSuiteExecutor.execute(TestSuiteExecutor.java:106)
	at com.kms.katalon.core.main.TestCaseMain.startTestSuite(TestCaseMain.java:180)
	at TempTestSuite1736740835951.run(TempTestSuite1736740835951.groovy:35)
	at java.base/jdk.internal.reflect.NativeMethodAccessorImpl.invoke0(Native Method)
	at java.base/jdk.internal.reflect.NativeMethodAccessorImpl.invoke(NativeMethodAccessorImpl.java:77)
	at java.base/jdk.internal.reflect.DelegatingMethodAccessorImpl.invoke(DelegatingMethodAccessorImpl.java:43)
)

13-01-2025T07:11:15 - [TEST_STEP][PASSED] - result = WriteToExcel(typeOfData, todaysDate, PercPlanR, PercPlanB, PercFactR, PercFactB, x, tabR, tabB, o1R, o1B, vidget): null

13-01-2025T07:11:15 - [TEST_STEP][PASSED] - iii = dZO.indexOf("/"): null

13-01-2025T07:11:15 - [TEST_STEP][PASSED] - println(iii): null

13-01-2025T07:11:15 - [TEST_STEP][PASSED] - dZO = dZO.substring(0, iii): null

13-01-2025T07:11:15 - [TEST_STEP][PASSED] - println(dZO): null

13-01-2025T07:11:15 - [TEST_STEP][PASSED] - println(PercPlanR): null

13-01-2025T07:11:15 - [TEST_STEP][PASSED] - println(PercPlanB): null

13-01-2025T07:11:15 - [TEST_STEP][PASSED] - println(PercFactR): null

13-01-2025T07:11:15 - [TEST_STEP][PASSED] - println(PercFactB): null

13-01-2025T07:11:15 - [TEST_STEP][PASSED] - println(tabR): null

13-01-2025T07:11:15 - [TEST_STEP][PASSED] - println(tabB): null

13-01-2025T07:11:15 - [TEST_STEP][PASSED] - println(o1R): null

13-01-2025T07:11:15 - [TEST_STEP][PASSED] - println(o1B): null

13-01-2025T07:11:15 - [TEST_STEP][PASSED] - PR = <not implemented yet for class: org.codehaus.groovy.ast.expr.EmptyExpression>: null

13-01-2025T07:11:15 - [TEST_STEP][PASSED] - FR = <not implemented yet for class: org.codehaus.groovy.ast.expr.EmptyExpression>: null

13-01-2025T07:11:15 - [TEST_STEP][PASSED] - PB = <not implemented yet for class: org.codehaus.groovy.ast.expr.EmptyExpression>: null

13-01-2025T07:11:15 - [TEST_STEP][PASSED] - FB = <not implemented yet for class: org.codehaus.groovy.ast.expr.EmptyExpression>: null

13-01-2025T07:11:15 - [TEST_STEP][PASSED] - TR = <not implemented yet for class: org.codehaus.groovy.ast.expr.EmptyExpression>: null

13-01-2025T07:11:15 - [TEST_STEP][PASSED] - TB = <not implemented yet for class: org.codehaus.groovy.ast.expr.EmptyExpression>: null

13-01-2025T07:11:15 - [TEST_STEP][PASSED] - sheetName = "Sheet1": null

13-01-2025T07:11:15 - [TEST_STEP][PASSED] - data = findTestData("PlanFact"): null

13-01-2025T07:11:15 - [TEST_STEP][PASSED] - n = data.getRowNumbers() + 1: null

13-01-2025T07:11:15 - [TEST_STEP][PASSED] - year = todaysDate.substring(todaysDate.length() - 4, todaysDate.length()): null

13-01-2025T07:11:15 - [TEST_STEP][PASSED] - y = year.toInteger(): null

13-01-2025T07:11:15 - [TEST_STEP][PASSED] - m = getText(findTestObject("Выполнение бизнес-плана/Выполнение бизнес-плана Балансы/Фильтр Дата")): Text of object 'Object Repository/Выполнение бизнес-плана/Выполнение бизнес-плана Балансы/Фильтр Дата' is: '1, 2, 3 кв., Октябрь, Ноябрь 2024 года'

13-01-2025T07:11:15 - [MESSAGE][PASSED] - Text of object 'Object Repository/Выполнение бизнес-плана/Выполнение бизнес-плана Балансы/Фильтр Дата' is: '1, 2, 3 кв., Октябрь, Ноябрь 2024 года'

13-01-2025T07:11:15 - [TEST_STEP][PASSED] - m = m.substring(0, m.indexOf("2024")): null

13-01-2025T07:11:15 - [TEST_STEP][PASSED] - m = m.trim(): null

13-01-2025T07:11:15 - [TEST_STEP][PASSED] - dashboardName = "Выполнение бизнес-плана": null

13-01-2025T07:11:15 - [TEST_STEP][PASSED] - workbook01 = getWorkbook(excelFilePath): null

13-01-2025T07:11:15 - [TEST_STEP][PASSED] - sheet01 = getExcelSheet(workbook01, sheetName): null

13-01-2025T07:11:15 - [TEST_STEP][PASSED] - setValueToCellByIndex(sheet01, n, 0, dashboardName): null

13-01-2025T07:11:15 - [TEST_STEP][PASSED] - setValueToCellByIndex(sheet01, n, 1, dZO): null

13-01-2025T07:11:15 - [TEST_STEP][PASSED] - setValueToCellByIndex(sheet01, n, 2, typeOfData): null

13-01-2025T07:11:15 - [TEST_STEP][PASSED] - setValueToCellByIndex(sheet01, n, 3, typeOfData): null

13-01-2025T07:11:15 - [TEST_STEP][PASSED] - if (typeOfData == "План"): null

13-01-2025T07:11:15 - [TEST_STEP][PASSED] - else if (typeOfData == "Факт"): null

13-01-2025T07:11:15 - [TEST_STEP][PASSED] - else if (vidget.contains("электроэнергии") == true): null

13-01-2025T07:11:15 - [TEST_STEP][PASSED] - if (tabR == null): null

13-01-2025T07:11:15 - [TEST_STEP][PASSED] - else: null

13-01-2025T07:11:15 - [TEST_STEP][PASSED] - if (tabR == "нет данных"): null

13-01-2025T07:11:15 - [TEST_STEP][PASSED] - setValueToCellByIndex(sheet01, n, 4, "нет данных"): null

13-01-2025T07:11:15 - [TEST_STEP][PASSED] - if (tabB == null): null

13-01-2025T07:11:15 - [TEST_STEP][PASSED] - else: null

13-01-2025T07:11:15 - [TEST_STEP][PASSED] - if (tabB == "нет данных"): null

13-01-2025T07:11:15 - [TEST_STEP][PASSED] - else: null

13-01-2025T07:11:15 - [TEST_STEP][PASSED] - TB = tabB.toInteger(): null

13-01-2025T07:11:15 - [TEST_STEP][PASSED] - setValueToCellByIndex(sheet01, n, 5, TB): null

13-01-2025T07:11:15 - [TEST_STEP][PASSED] - setValueToCellByIndex(sheet01, n, 6, m): null

13-01-2025T07:11:15 - [TEST_STEP][PASSED] - setValueToCellByIndex(sheet01, n, 7, y): null

13-01-2025T07:11:15 - [TEST_STEP][PASSED] - setValueToCellByIndex(sheet01, n, 8, todaysDate): null

13-01-2025T07:11:15 - [TEST_STEP][PASSED] - n = n + 1: null

13-01-2025T07:11:15 - [TEST_STEP][PASSED] - saveWorkbook(excelFilePath, workbook01): null

13-01-2025T07:11:16 - [TEST_STEP][PASSED] - typeOfData = "Факт Отпуск из сети": null

13-01-2025T07:11:16 - [TEST_STEP][PASSED] - tabR = GetOiSFactR(x = a): null

13-01-2025T07:11:16 - [TEST_STEP][PASSED] - i1 = <not implemented yet for class: org.codehaus.groovy.ast.expr.EmptyExpression>: null

13-01-2025T07:11:16 - [TEST_STEP][PASSED] - ii = <not implemented yet for class: org.codehaus.groovy.ast.expr.EmptyExpression>: null

13-01-2025T07:11:16 - [TEST_STEP][PASSED] - for ([ii = 1, ii < 5, (ii++)]): null

13-01-2025T07:11:16 - [TEST_STEP][PASSED] - i1 = x.indexOf("/") + 1: null

13-01-2025T07:11:16 - [TEST_STEP][PASSED] - if (i1 > -1): null

13-01-2025T07:11:16 - [TEST_STEP][PASSED] - x = x.substring(i1, x.length()): null

13-01-2025T07:11:16 - [TEST_STEP][PASSED] - println(x): null

13-01-2025T07:11:16 - [TEST_STEP][PASSED] - i1 = x.indexOf("/") + 1: null

13-01-2025T07:11:16 - [TEST_STEP][PASSED] - if (i1 > -1): null

13-01-2025T07:11:16 - [TEST_STEP][PASSED] - x = x.substring(i1, x.length()): null

13-01-2025T07:11:16 - [TEST_STEP][PASSED] - println(x): null

13-01-2025T07:11:16 - [TEST_STEP][PASSED] - i1 = x.indexOf("/") + 1: null

13-01-2025T07:11:16 - [TEST_STEP][PASSED] - if (i1 > -1): null

13-01-2025T07:11:16 - [TEST_STEP][PASSED] - x = x.substring(i1, x.length()): null

13-01-2025T07:11:16 - [TEST_STEP][PASSED] - println(x): null

13-01-2025T07:11:16 - [TEST_STEP][PASSED] - i1 = x.indexOf("/") + 1: null

13-01-2025T07:11:16 - [TEST_STEP][PASSED] - if (i1 > -1): null

13-01-2025T07:11:16 - [TEST_STEP][PASSED] - x = x.substring(i1, x.length()): null

13-01-2025T07:11:16 - [TEST_STEP][PASSED] - println(x): null

13-01-2025T07:11:16 - [TEST_STEP][PASSED] - i1 = x.indexOf("/"): null

13-01-2025T07:11:16 - [TEST_STEP][PASSED] - if (i1 > -1): null

13-01-2025T07:11:16 - [TEST_STEP][PASSED] - x = x.substring(0, i1): null

13-01-2025T07:11:16 - [TEST_STEP][PASSED] - println(x): null

13-01-2025T07:11:16 - [TEST_STEP][PASSED] - return x: null

13-01-2025T07:11:16 - [TEST_STEP][PASSED] - tabB = GetOiSFactB(x = b): null

13-01-2025T07:11:16 - [TEST_STEP][PASSED] - i1 = <not implemented yet for class: org.codehaus.groovy.ast.expr.EmptyExpression>: null

13-01-2025T07:11:16 - [TEST_STEP][PASSED] - ii = <not implemented yet for class: org.codehaus.groovy.ast.expr.EmptyExpression>: null

13-01-2025T07:11:16 - [TEST_STEP][PASSED] - for ([ii = 1, ii < 5, (ii++)]): null

13-01-2025T07:11:16 - [TEST_STEP][PASSED] - i1 = x.indexOf("/") + 1: null

13-01-2025T07:11:16 - [TEST_STEP][PASSED] - if (i1 > -1): null

13-01-2025T07:11:16 - [TEST_STEP][PASSED] - x = x.substring(i1, x.length()): null

13-01-2025T07:11:16 - [TEST_STEP][PASSED] - println(x): null

13-01-2025T07:11:16 - [TEST_STEP][PASSED] - i1 = x.indexOf("/") + 1: null

13-01-2025T07:11:16 - [TEST_STEP][PASSED] - if (i1 > -1): null

13-01-2025T07:11:16 - [TEST_STEP][PASSED] - x = x.substring(i1, x.length()): null

13-01-2025T07:11:16 - [TEST_STEP][PASSED] - println(x): null

13-01-2025T07:11:16 - [TEST_STEP][PASSED] - i1 = x.indexOf("/") + 1: null

13-01-2025T07:11:16 - [TEST_STEP][PASSED] - if (i1 > -1): null

13-01-2025T07:11:16 - [TEST_STEP][PASSED] - x = x.substring(i1, x.length()): null

13-01-2025T07:11:16 - [TEST_STEP][PASSED] - println(x): null

13-01-2025T07:11:16 - [TEST_STEP][PASSED] - i1 = x.indexOf("/") + 1: null

13-01-2025T07:11:16 - [TEST_STEP][PASSED] - if (i1 > -1): null

13-01-2025T07:11:16 - [TEST_STEP][PASSED] - x = x.substring(i1, x.length()): null

13-01-2025T07:11:16 - [TEST_STEP][PASSED] - println(x): null

13-01-2025T07:11:16 - [TEST_STEP][PASSED] - i1 = x.indexOf("/"): null

13-01-2025T07:11:16 - [TEST_STEP][PASSED] - if (i1 > -1): null

13-01-2025T07:11:16 - [TEST_STEP][PASSED] - x = x.substring(0, i1): null

13-01-2025T07:11:16 - [TEST_STEP][PASSED] - println(x): null

13-01-2025T07:11:16 - [TEST_STEP][FAILED] - return x: null

13-01-2025T07:11:16 - [TEST_STEP][FAILED] - if (verifyEqual(tabR, tabB) == false): null

13-01-2025T07:11:16 - [MESSAGE][FAILED] - Unable to verify equal between actual object 'нет данных' and expected object '31148311' (Root cause: com.kms.katalon.core.exception.StepFailedException: Actual object 'нет данных' and expected object '31148311' are not equal
	at com.kms.katalon.core.keyword.builtin.VerifyEqualKeyword$_verifyEqual_closure1.doCall(VerifyEqualKeyword.groovy:58)
	at com.kms.katalon.core.keyword.builtin.VerifyEqualKeyword$_verifyEqual_closure1.call(VerifyEqualKeyword.groovy)
	at com.kms.katalon.core.keyword.internal.KeywordMain.runKeyword(KeywordMain.groovy:75)
	at com.kms.katalon.core.keyword.builtin.VerifyEqualKeyword.verifyEqual(VerifyEqualKeyword.groovy:63)
	at com.kms.katalon.core.keyword.builtin.VerifyEqualKeyword.execute(VerifyEqualKeyword.groovy:44)
	at com.kms.katalon.core.keyword.internal.KeywordExecutor.executeKeywordForPlatform(KeywordExecutor.groovy:74)
	at com.kms.katalon.core.keyword.BuiltinKeywords.verifyEqual(BuiltinKeywords.groovy:146)
	at jdk.internal.reflect.GeneratedMethodAccessor25.invoke(Unknown Source)
	at java.base/jdk.internal.reflect.DelegatingMethodAccessorImpl.invoke(DelegatingMethodAccessorImpl.java:43)
	at Выполнение бизнес-плана сверка дашбордов - Copy.CompareDZOData(Выполнение бизнес-плана сверка дашбордов - Copy:717)
	at Выполнение бизнес-плана сверка дашбордов - Copy.run(Выполнение бизнес-плана сверка дашбордов - Copy:608)
	at com.kms.katalon.core.main.ScriptEngine.run(ScriptEngine.java:194)
	at com.kms.katalon.core.main.ScriptEngine.runScriptAsRawText(ScriptEngine.java:119)
	at com.kms.katalon.core.main.TestCaseExecutor.runScript(TestCaseExecutor.java:448)
	at com.kms.katalon.core.main.TestCaseExecutor.doExecute(TestCaseExecutor.java:439)
	at com.kms.katalon.core.main.TestCaseExecutor.processExecutionPhase(TestCaseExecutor.java:418)
	at com.kms.katalon.core.main.TestCaseExecutor.accessMainPhase(TestCaseExecutor.java:410)
	at com.kms.katalon.core.main.TestCaseExecutor.execute(TestCaseExecutor.java:285)
	at com.kms.katalon.core.common.CommonExecutor.accessTestCaseMainPhase(CommonExecutor.java:65)
	at com.kms.katalon.core.main.TestSuiteExecutor.accessTestSuiteMainPhase(TestSuiteExecutor.java:150)
	at com.kms.katalon.core.main.TestSuiteExecutor.execute(TestSuiteExecutor.java:106)
	at com.kms.katalon.core.main.TestCaseMain.startTestSuite(TestCaseMain.java:180)
	at TempTestSuite1736740835951.run(TempTestSuite1736740835951.groovy:35)
	at java.base/jdk.internal.reflect.NativeMethodAccessorImpl.invoke0(Native Method)
	at java.base/jdk.internal.reflect.NativeMethodAccessorImpl.invoke(NativeMethodAccessorImpl.java:77)
	at java.base/jdk.internal.reflect.DelegatingMethodAccessorImpl.invoke(DelegatingMethodAccessorImpl.java:43)
)

13-01-2025T07:11:16 - [TEST_STEP][PASSED] - result = WriteToExcel(typeOfData, todaysDate, PercPlanR, PercPlanB, PercFactR, PercFactB, x, tabR, tabB, o1R, o1B, vidget): null

13-01-2025T07:11:16 - [TEST_STEP][PASSED] - iii = dZO.indexOf("/"): null

13-01-2025T07:11:16 - [TEST_STEP][PASSED] - println(iii): null

13-01-2025T07:11:16 - [TEST_STEP][PASSED] - dZO = dZO.substring(0, iii): null

13-01-2025T07:11:16 - [TEST_STEP][PASSED] - println(dZO): null

13-01-2025T07:11:16 - [TEST_STEP][PASSED] - println(PercPlanR): null

13-01-2025T07:11:16 - [TEST_STEP][PASSED] - println(PercPlanB): null

13-01-2025T07:11:16 - [TEST_STEP][PASSED] - println(PercFactR): null

13-01-2025T07:11:16 - [TEST_STEP][PASSED] - println(PercFactB): null

13-01-2025T07:11:16 - [TEST_STEP][PASSED] - println(tabR): null

13-01-2025T07:11:16 - [TEST_STEP][PASSED] - println(tabB): null

13-01-2025T07:11:16 - [TEST_STEP][PASSED] - println(o1R): null

13-01-2025T07:11:16 - [TEST_STEP][PASSED] - println(o1B): null

13-01-2025T07:11:16 - [TEST_STEP][PASSED] - PR = <not implemented yet for class: org.codehaus.groovy.ast.expr.EmptyExpression>: null

13-01-2025T07:11:16 - [TEST_STEP][PASSED] - FR = <not implemented yet for class: org.codehaus.groovy.ast.expr.EmptyExpression>: null

13-01-2025T07:11:16 - [TEST_STEP][PASSED] - PB = <not implemented yet for class: org.codehaus.groovy.ast.expr.EmptyExpression>: null

13-01-2025T07:11:16 - [TEST_STEP][PASSED] - FB = <not implemented yet for class: org.codehaus.groovy.ast.expr.EmptyExpression>: null

13-01-2025T07:11:16 - [TEST_STEP][PASSED] - TR = <not implemented yet for class: org.codehaus.groovy.ast.expr.EmptyExpression>: null

13-01-2025T07:11:16 - [TEST_STEP][PASSED] - TB = <not implemented yet for class: org.codehaus.groovy.ast.expr.EmptyExpression>: null

13-01-2025T07:11:16 - [TEST_STEP][PASSED] - sheetName = "Sheet1": null

13-01-2025T07:11:16 - [TEST_STEP][PASSED] - data = findTestData("PlanFact"): null

13-01-2025T07:11:16 - [TEST_STEP][PASSED] - n = data.getRowNumbers() + 1: null

13-01-2025T07:11:16 - [TEST_STEP][PASSED] - year = todaysDate.substring(todaysDate.length() - 4, todaysDate.length()): null

13-01-2025T07:11:16 - [TEST_STEP][PASSED] - y = year.toInteger(): null

13-01-2025T07:11:16 - [TEST_STEP][PASSED] - m = getText(findTestObject("Выполнение бизнес-плана/Выполнение бизнес-плана Балансы/Фильтр Дата")): Text of object 'Object Repository/Выполнение бизнес-плана/Выполнение бизнес-плана Балансы/Фильтр Дата' is: '1, 2, 3 кв., Октябрь, Ноябрь 2024 года'

13-01-2025T07:11:16 - [MESSAGE][PASSED] - Text of object 'Object Repository/Выполнение бизнес-плана/Выполнение бизнес-плана Балансы/Фильтр Дата' is: '1, 2, 3 кв., Октябрь, Ноябрь 2024 года'

13-01-2025T07:11:16 - [TEST_STEP][PASSED] - m = m.substring(0, m.indexOf("2024")): null

13-01-2025T07:11:16 - [TEST_STEP][PASSED] - m = m.trim(): null

13-01-2025T07:11:16 - [TEST_STEP][PASSED] - dashboardName = "Выполнение бизнес-плана": null

13-01-2025T07:11:16 - [TEST_STEP][PASSED] - workbook01 = getWorkbook(excelFilePath): null

13-01-2025T07:11:16 - [TEST_STEP][PASSED] - sheet01 = getExcelSheet(workbook01, sheetName): null

13-01-2025T07:11:16 - [TEST_STEP][PASSED] - setValueToCellByIndex(sheet01, n, 0, dashboardName): null

13-01-2025T07:11:16 - [TEST_STEP][PASSED] - setValueToCellByIndex(sheet01, n, 1, dZO): null

13-01-2025T07:11:16 - [TEST_STEP][PASSED] - setValueToCellByIndex(sheet01, n, 2, typeOfData): null

13-01-2025T07:11:16 - [TEST_STEP][PASSED] - setValueToCellByIndex(sheet01, n, 3, typeOfData): null

13-01-2025T07:11:16 - [TEST_STEP][PASSED] - if (typeOfData == "План"): null

13-01-2025T07:11:16 - [TEST_STEP][PASSED] - else if (typeOfData == "Факт"): null

13-01-2025T07:11:16 - [TEST_STEP][PASSED] - else if (vidget.contains("электроэнергии") == true): null

13-01-2025T07:11:16 - [TEST_STEP][PASSED] - if (tabR == null): null

13-01-2025T07:11:16 - [TEST_STEP][PASSED] - else: null

13-01-2025T07:11:16 - [TEST_STEP][PASSED] - if (tabR == "нет данных"): null

13-01-2025T07:11:16 - [TEST_STEP][PASSED] - setValueToCellByIndex(sheet01, n, 4, "нет данных"): null

13-01-2025T07:11:16 - [TEST_STEP][PASSED] - if (tabB == null): null

13-01-2025T07:11:16 - [TEST_STEP][PASSED] - else: null

13-01-2025T07:11:16 - [TEST_STEP][PASSED] - if (tabB == "нет данных"): null

13-01-2025T07:11:16 - [TEST_STEP][PASSED] - else: null

13-01-2025T07:11:16 - [TEST_STEP][PASSED] - TB = tabB.toInteger(): null

13-01-2025T07:11:16 - [TEST_STEP][PASSED] - setValueToCellByIndex(sheet01, n, 5, TB): null

13-01-2025T07:11:16 - [TEST_STEP][PASSED] - setValueToCellByIndex(sheet01, n, 6, m): null

13-01-2025T07:11:16 - [TEST_STEP][PASSED] - setValueToCellByIndex(sheet01, n, 7, y): null

13-01-2025T07:11:16 - [TEST_STEP][PASSED] - setValueToCellByIndex(sheet01, n, 8, todaysDate): null

13-01-2025T07:11:16 - [TEST_STEP][PASSED] - n = n + 1: null

13-01-2025T07:11:16 - [TEST_STEP][PASSED] - saveWorkbook(excelFilePath, workbook01): null

13-01-2025T07:11:16 - [TEST_STEP][PASSED] - typeOfData = "Факт Потери": null

13-01-2025T07:11:16 - [TEST_STEP][PASSED] - tabR = GetPFactR(x = a): null

13-01-2025T07:11:16 - [TEST_STEP][PASSED] - i1 = <not implemented yet for class: org.codehaus.groovy.ast.expr.EmptyExpression>: null

13-01-2025T07:11:16 - [TEST_STEP][PASSED] - ii = <not implemented yet for class: org.codehaus.groovy.ast.expr.EmptyExpression>: null

13-01-2025T07:11:16 - [TEST_STEP][PASSED] - for ([ii = 1, ii < 6, (ii++)]): null

13-01-2025T07:11:16 - [TEST_STEP][PASSED] - i1 = x.indexOf("/") + 1: null

13-01-2025T07:11:16 - [TEST_STEP][PASSED] - if (i1 > -1): null

13-01-2025T07:11:16 - [TEST_STEP][PASSED] - x = x.substring(i1, x.length()): null

13-01-2025T07:11:16 - [TEST_STEP][PASSED] - println(x): null

13-01-2025T07:11:16 - [TEST_STEP][PASSED] - i1 = x.indexOf("/") + 1: null

13-01-2025T07:11:16 - [TEST_STEP][PASSED] - if (i1 > -1): null

13-01-2025T07:11:16 - [TEST_STEP][PASSED] - x = x.substring(i1, x.length()): null

13-01-2025T07:11:16 - [TEST_STEP][PASSED] - println(x): null

13-01-2025T07:11:16 - [TEST_STEP][PASSED] - i1 = x.indexOf("/") + 1: null

13-01-2025T07:11:16 - [TEST_STEP][PASSED] - if (i1 > -1): null

13-01-2025T07:11:16 - [TEST_STEP][PASSED] - x = x.substring(i1, x.length()): null

13-01-2025T07:11:16 - [TEST_STEP][PASSED] - println(x): null

13-01-2025T07:11:16 - [TEST_STEP][PASSED] - i1 = x.indexOf("/") + 1: null

13-01-2025T07:11:16 - [TEST_STEP][PASSED] - if (i1 > -1): null

13-01-2025T07:11:16 - [TEST_STEP][PASSED] - x = x.substring(i1, x.length()): null

13-01-2025T07:11:16 - [TEST_STEP][PASSED] - println(x): null

13-01-2025T07:11:16 - [TEST_STEP][PASSED] - i1 = x.indexOf("/") + 1: null

13-01-2025T07:11:16 - [TEST_STEP][PASSED] - if (i1 > -1): null

13-01-2025T07:11:16 - [TEST_STEP][PASSED] - x = x.substring(i1, x.length()): null

13-01-2025T07:11:16 - [TEST_STEP][PASSED] - println(x): null

13-01-2025T07:11:16 - [TEST_STEP][PASSED] - i1 = x.indexOf("/"): null

13-01-2025T07:11:16 - [TEST_STEP][PASSED] - if (i1 > -1): null

13-01-2025T07:11:16 - [TEST_STEP][PASSED] - x = x.substring(0, i1): null

13-01-2025T07:11:16 - [TEST_STEP][PASSED] - println(x): null

13-01-2025T07:11:16 - [TEST_STEP][PASSED] - return x: null

13-01-2025T07:11:16 - [TEST_STEP][PASSED] - tabB = GetPFactB(x = b): null

13-01-2025T07:11:16 - [TEST_STEP][PASSED] - i1 = <not implemented yet for class: org.codehaus.groovy.ast.expr.EmptyExpression>: null

13-01-2025T07:11:16 - [TEST_STEP][PASSED] - ii = <not implemented yet for class: org.codehaus.groovy.ast.expr.EmptyExpression>: null

13-01-2025T07:11:16 - [TEST_STEP][PASSED] - for ([ii = 1, ii < 6, (ii++)]): null

13-01-2025T07:11:16 - [TEST_STEP][PASSED] - i1 = x.indexOf("/") + 1: null

13-01-2025T07:11:16 - [TEST_STEP][PASSED] - if (i1 > -1): null

13-01-2025T07:11:16 - [TEST_STEP][PASSED] - x = x.substring(i1, x.length()): null

13-01-2025T07:11:16 - [TEST_STEP][PASSED] - println(x): null

13-01-2025T07:11:16 - [TEST_STEP][PASSED] - i1 = x.indexOf("/") + 1: null

13-01-2025T07:11:16 - [TEST_STEP][PASSED] - if (i1 > -1): null

13-01-2025T07:11:16 - [TEST_STEP][PASSED] - x = x.substring(i1, x.length()): null

13-01-2025T07:11:16 - [TEST_STEP][PASSED] - println(x): null

13-01-2025T07:11:16 - [TEST_STEP][PASSED] - i1 = x.indexOf("/") + 1: null

13-01-2025T07:11:16 - [TEST_STEP][PASSED] - if (i1 > -1): null

13-01-2025T07:11:16 - [TEST_STEP][PASSED] - x = x.substring(i1, x.length()): null

13-01-2025T07:11:16 - [TEST_STEP][PASSED] - println(x): null

13-01-2025T07:11:16 - [TEST_STEP][PASSED] - i1 = x.indexOf("/") + 1: null

13-01-2025T07:11:16 - [TEST_STEP][PASSED] - if (i1 > -1): null

13-01-2025T07:11:16 - [TEST_STEP][PASSED] - x = x.substring(i1, x.length()): null

13-01-2025T07:11:16 - [TEST_STEP][PASSED] - println(x): null

13-01-2025T07:11:16 - [TEST_STEP][PASSED] - i1 = x.indexOf("/") + 1: null

13-01-2025T07:11:16 - [TEST_STEP][PASSED] - if (i1 > -1): null

13-01-2025T07:11:16 - [TEST_STEP][PASSED] - x = x.substring(i1, x.length()): null

13-01-2025T07:11:16 - [TEST_STEP][PASSED] - println(x): null

13-01-2025T07:11:16 - [TEST_STEP][PASSED] - i1 = x.indexOf("/"): null

13-01-2025T07:11:16 - [TEST_STEP][PASSED] - if (i1 > -1): null

13-01-2025T07:11:16 - [TEST_STEP][PASSED] - x = x.substring(0, i1): null

13-01-2025T07:11:16 - [TEST_STEP][PASSED] - println(x): null

13-01-2025T07:11:16 - [TEST_STEP][FAILED] - return x: null

13-01-2025T07:11:16 - [TEST_STEP][PASSED] - println(tabR + "/" + tabB): null

13-01-2025T07:11:16 - [TEST_STEP][FAILED] - if (verifyEqual(tabR, tabB) == false): null

13-01-2025T07:11:16 - [MESSAGE][FAILED] - Unable to verify equal between actual object 'нет данных' and expected object '3805953' (Root cause: com.kms.katalon.core.exception.StepFailedException: Actual object 'нет данных' and expected object '3805953' are not equal
	at com.kms.katalon.core.keyword.builtin.VerifyEqualKeyword$_verifyEqual_closure1.doCall(VerifyEqualKeyword.groovy:58)
	at com.kms.katalon.core.keyword.builtin.VerifyEqualKeyword$_verifyEqual_closure1.call(VerifyEqualKeyword.groovy)
	at com.kms.katalon.core.keyword.internal.KeywordMain.runKeyword(KeywordMain.groovy:75)
	at com.kms.katalon.core.keyword.builtin.VerifyEqualKeyword.verifyEqual(VerifyEqualKeyword.groovy:63)
	at com.kms.katalon.core.keyword.builtin.VerifyEqualKeyword.execute(VerifyEqualKeyword.groovy:44)
	at com.kms.katalon.core.keyword.internal.KeywordExecutor.executeKeywordForPlatform(KeywordExecutor.groovy:74)
	at com.kms.katalon.core.keyword.BuiltinKeywords.verifyEqual(BuiltinKeywords.groovy:146)
	at jdk.internal.reflect.GeneratedMethodAccessor25.invoke(Unknown Source)
	at java.base/jdk.internal.reflect.DelegatingMethodAccessorImpl.invoke(DelegatingMethodAccessorImpl.java:43)
	at Выполнение бизнес-плана сверка дашбордов - Copy.CompareDZOData(Выполнение бизнес-плана сверка дашбордов - Copy:730)
	at Выполнение бизнес-плана сверка дашбордов - Copy.run(Выполнение бизнес-плана сверка дашбордов - Copy:608)
	at com.kms.katalon.core.main.ScriptEngine.run(ScriptEngine.java:194)
	at com.kms.katalon.core.main.ScriptEngine.runScriptAsRawText(ScriptEngine.java:119)
	at com.kms.katalon.core.main.TestCaseExecutor.runScript(TestCaseExecutor.java:448)
	at com.kms.katalon.core.main.TestCaseExecutor.doExecute(TestCaseExecutor.java:439)
	at com.kms.katalon.core.main.TestCaseExecutor.processExecutionPhase(TestCaseExecutor.java:418)
	at com.kms.katalon.core.main.TestCaseExecutor.accessMainPhase(TestCaseExecutor.java:410)
	at com.kms.katalon.core.main.TestCaseExecutor.execute(TestCaseExecutor.java:285)
	at com.kms.katalon.core.common.CommonExecutor.accessTestCaseMainPhase(CommonExecutor.java:65)
	at com.kms.katalon.core.main.TestSuiteExecutor.accessTestSuiteMainPhase(TestSuiteExecutor.java:150)
	at com.kms.katalon.core.main.TestSuiteExecutor.execute(TestSuiteExecutor.java:106)
	at com.kms.katalon.core.main.TestCaseMain.startTestSuite(TestCaseMain.java:180)
	at TempTestSuite1736740835951.run(TempTestSuite1736740835951.groovy:35)
	at java.base/jdk.internal.reflect.NativeMethodAccessorImpl.invoke0(Native Method)
	at java.base/jdk.internal.reflect.NativeMethodAccessorImpl.invoke(NativeMethodAccessorImpl.java:77)
	at java.base/jdk.internal.reflect.DelegatingMethodAccessorImpl.invoke(DelegatingMethodAccessorImpl.java:43)
)

13-01-2025T07:11:16 - [TEST_STEP][PASSED] - result = WriteToExcel(typeOfData, todaysDate, PercPlanR, PercPlanB, PercFactR, PercFactB, x, tabR, tabB, o1R, o1B, vidget): null

13-01-2025T07:11:16 - [TEST_STEP][PASSED] - iii = dZO.indexOf("/"): null

13-01-2025T07:11:16 - [TEST_STEP][PASSED] - println(iii): null

13-01-2025T07:11:16 - [TEST_STEP][PASSED] - dZO = dZO.substring(0, iii): null

13-01-2025T07:11:16 - [TEST_STEP][PASSED] - println(dZO): null

13-01-2025T07:11:16 - [TEST_STEP][PASSED] - println(PercPlanR): null

13-01-2025T07:11:16 - [TEST_STEP][PASSED] - println(PercPlanB): null

13-01-2025T07:11:16 - [TEST_STEP][PASSED] - println(PercFactR): null

13-01-2025T07:11:16 - [TEST_STEP][PASSED] - println(PercFactB): null

13-01-2025T07:11:16 - [TEST_STEP][PASSED] - println(tabR): null

13-01-2025T07:11:16 - [TEST_STEP][PASSED] - println(tabB): null

13-01-2025T07:11:16 - [TEST_STEP][PASSED] - println(o1R): null

13-01-2025T07:11:16 - [TEST_STEP][PASSED] - println(o1B): null

13-01-2025T07:11:16 - [TEST_STEP][PASSED] - PR = <not implemented yet for class: org.codehaus.groovy.ast.expr.EmptyExpression>: null

13-01-2025T07:11:16 - [TEST_STEP][PASSED] - FR = <not implemented yet for class: org.codehaus.groovy.ast.expr.EmptyExpression>: null

13-01-2025T07:11:16 - [TEST_STEP][PASSED] - PB = <not implemented yet for class: org.codehaus.groovy.ast.expr.EmptyExpression>: null

13-01-2025T07:11:16 - [TEST_STEP][PASSED] - FB = <not implemented yet for class: org.codehaus.groovy.ast.expr.EmptyExpression>: null

13-01-2025T07:11:16 - [TEST_STEP][PASSED] - TR = <not implemented yet for class: org.codehaus.groovy.ast.expr.EmptyExpression>: null

13-01-2025T07:11:16 - [TEST_STEP][PASSED] - TB = <not implemented yet for class: org.codehaus.groovy.ast.expr.EmptyExpression>: null

13-01-2025T07:11:16 - [TEST_STEP][PASSED] - sheetName = "Sheet1": null

13-01-2025T07:11:16 - [TEST_STEP][PASSED] - data = findTestData("PlanFact"): null

13-01-2025T07:11:16 - [TEST_STEP][PASSED] - n = data.getRowNumbers() + 1: null

13-01-2025T07:11:16 - [TEST_STEP][PASSED] - year = todaysDate.substring(todaysDate.length() - 4, todaysDate.length()): null

13-01-2025T07:11:16 - [TEST_STEP][PASSED] - y = year.toInteger(): null

13-01-2025T07:11:16 - [TEST_STEP][PASSED] - m = getText(findTestObject("Выполнение бизнес-плана/Выполнение бизнес-плана Балансы/Фильтр Дата")): Text of object 'Object Repository/Выполнение бизнес-плана/Выполнение бизнес-плана Балансы/Фильтр Дата' is: '1, 2, 3 кв., Октябрь, Ноябрь 2024 года'

13-01-2025T07:11:17 - [MESSAGE][PASSED] - Text of object 'Object Repository/Выполнение бизнес-плана/Выполнение бизнес-плана Балансы/Фильтр Дата' is: '1, 2, 3 кв., Октябрь, Ноябрь 2024 года'

13-01-2025T07:11:17 - [TEST_STEP][PASSED] - m = m.substring(0, m.indexOf("2024")): null

13-01-2025T07:11:17 - [TEST_STEP][PASSED] - m = m.trim(): null

13-01-2025T07:11:17 - [TEST_STEP][PASSED] - dashboardName = "Выполнение бизнес-плана": null

13-01-2025T07:11:17 - [TEST_STEP][PASSED] - workbook01 = getWorkbook(excelFilePath): null

13-01-2025T07:11:17 - [TEST_STEP][PASSED] - sheet01 = getExcelSheet(workbook01, sheetName): null

13-01-2025T07:11:17 - [TEST_STEP][PASSED] - setValueToCellByIndex(sheet01, n, 0, dashboardName): null

13-01-2025T07:11:17 - [TEST_STEP][PASSED] - setValueToCellByIndex(sheet01, n, 1, dZO): null

13-01-2025T07:11:17 - [TEST_STEP][PASSED] - setValueToCellByIndex(sheet01, n, 2, typeOfData): null

13-01-2025T07:11:17 - [TEST_STEP][PASSED] - setValueToCellByIndex(sheet01, n, 3, typeOfData): null

13-01-2025T07:11:17 - [TEST_STEP][PASSED] - if (typeOfData == "План"): null

13-01-2025T07:11:17 - [TEST_STEP][PASSED] - else if (typeOfData == "Факт"): null

13-01-2025T07:11:17 - [TEST_STEP][PASSED] - else if (vidget.contains("электроэнергии") == true): null

13-01-2025T07:11:17 - [TEST_STEP][PASSED] - if (tabR == null): null

13-01-2025T07:11:17 - [TEST_STEP][PASSED] - else: null

13-01-2025T07:11:17 - [TEST_STEP][PASSED] - if (tabR == "нет данных"): null

13-01-2025T07:11:17 - [TEST_STEP][PASSED] - setValueToCellByIndex(sheet01, n, 4, "нет данных"): null

13-01-2025T07:11:17 - [TEST_STEP][PASSED] - if (tabB == null): null

13-01-2025T07:11:17 - [TEST_STEP][PASSED] - else: null

13-01-2025T07:11:17 - [TEST_STEP][PASSED] - if (tabB == "нет данных"): null

13-01-2025T07:11:17 - [TEST_STEP][PASSED] - else: null

13-01-2025T07:11:17 - [TEST_STEP][PASSED] - TB = tabB.toInteger(): null

13-01-2025T07:11:17 - [TEST_STEP][PASSED] - setValueToCellByIndex(sheet01, n, 5, TB): null

13-01-2025T07:11:17 - [TEST_STEP][PASSED] - setValueToCellByIndex(sheet01, n, 6, m): null

13-01-2025T07:11:17 - [TEST_STEP][PASSED] - setValueToCellByIndex(sheet01, n, 7, y): null

13-01-2025T07:11:17 - [TEST_STEP][PASSED] - setValueToCellByIndex(sheet01, n, 8, todaysDate): null

13-01-2025T07:11:17 - [TEST_STEP][PASSED] - n = n + 1: null

13-01-2025T07:11:17 - [TEST_STEP][PASSED] - saveWorkbook(excelFilePath, workbook01): null

13-01-2025T07:11:17 - [TEST_STEP][PASSED] - vidget = "Показатели баланса электроэнергии по ДЗО – План": null

13-01-2025T07:11:17 - [TEST_STEP][PASSED] - typeOfData = "План Отпуск в сеть": null

13-01-2025T07:11:17 - [TEST_STEP][PASSED] - tabR = GetOvSPlanR(x = a): null

13-01-2025T07:11:17 - [TEST_STEP][PASSED] - i1 = <not implemented yet for class: org.codehaus.groovy.ast.expr.EmptyExpression>: null

13-01-2025T07:11:17 - [TEST_STEP][PASSED] - ii = <not implemented yet for class: org.codehaus.groovy.ast.expr.EmptyExpression>: null

13-01-2025T07:11:17 - [TEST_STEP][PASSED] - for ([ii = 1, ii < 7, (ii++)]): null

13-01-2025T07:11:17 - [TEST_STEP][PASSED] - i1 = x.indexOf("/") + 1: null

13-01-2025T07:11:17 - [TEST_STEP][PASSED] - if (i1 > -1): null

13-01-2025T07:11:17 - [TEST_STEP][PASSED] - x = x.substring(i1, x.length()): null

13-01-2025T07:11:17 - [TEST_STEP][PASSED] - println(x): null

13-01-2025T07:11:17 - [TEST_STEP][PASSED] - i1 = x.indexOf("/") + 1: null

13-01-2025T07:11:17 - [TEST_STEP][PASSED] - if (i1 > -1): null

13-01-2025T07:11:17 - [TEST_STEP][PASSED] - x = x.substring(i1, x.length()): null

13-01-2025T07:11:17 - [TEST_STEP][PASSED] - println(x): null

13-01-2025T07:11:17 - [TEST_STEP][PASSED] - i1 = x.indexOf("/") + 1: null

13-01-2025T07:11:17 - [TEST_STEP][PASSED] - if (i1 > -1): null

13-01-2025T07:11:17 - [TEST_STEP][PASSED] - x = x.substring(i1, x.length()): null

13-01-2025T07:11:17 - [TEST_STEP][PASSED] - println(x): null

13-01-2025T07:11:17 - [TEST_STEP][PASSED] - i1 = x.indexOf("/") + 1: null

13-01-2025T07:11:17 - [TEST_STEP][PASSED] - if (i1 > -1): null

13-01-2025T07:11:17 - [TEST_STEP][PASSED] - x = x.substring(i1, x.length()): null

13-01-2025T07:11:17 - [TEST_STEP][PASSED] - println(x): null

13-01-2025T07:11:17 - [TEST_STEP][PASSED] - i1 = x.indexOf("/") + 1: null

13-01-2025T07:11:17 - [TEST_STEP][PASSED] - if (i1 > -1): null

13-01-2025T07:11:17 - [TEST_STEP][PASSED] - x = x.substring(i1, x.length()): null

13-01-2025T07:11:17 - [TEST_STEP][PASSED] - println(x): null

13-01-2025T07:11:17 - [TEST_STEP][PASSED] - i1 = x.indexOf("/") + 1: null

13-01-2025T07:11:17 - [TEST_STEP][PASSED] - if (i1 > -1): null

13-01-2025T07:11:17 - [TEST_STEP][PASSED] - x = x.substring(i1, x.length()): null

13-01-2025T07:11:17 - [TEST_STEP][PASSED] - println(x): null

13-01-2025T07:11:17 - [TEST_STEP][PASSED] - i1 = x.indexOf("/"): null

13-01-2025T07:11:17 - [TEST_STEP][PASSED] - if (i1 > -1): null

13-01-2025T07:11:17 - [TEST_STEP][PASSED] - x = x.substring(0, i1): null

13-01-2025T07:11:17 - [TEST_STEP][PASSED] - println(x): null

13-01-2025T07:11:17 - [TEST_STEP][PASSED] - return x: null

13-01-2025T07:11:17 - [TEST_STEP][PASSED] - tabB = GetOvSPlanB(x = b): null

13-01-2025T07:11:17 - [TEST_STEP][PASSED] - i1 = <not implemented yet for class: org.codehaus.groovy.ast.expr.EmptyExpression>: null

13-01-2025T07:11:17 - [TEST_STEP][PASSED] - ii = <not implemented yet for class: org.codehaus.groovy.ast.expr.EmptyExpression>: null

13-01-2025T07:11:17 - [TEST_STEP][PASSED] - for ([ii = 1, ii < 7, (ii++)]): null

13-01-2025T07:11:17 - [TEST_STEP][PASSED] - i1 = x.indexOf("/") + 1: null

13-01-2025T07:11:17 - [TEST_STEP][PASSED] - if (i1 > -1): null

13-01-2025T07:11:17 - [TEST_STEP][PASSED] - x = x.substring(i1, x.length()): null

13-01-2025T07:11:17 - [TEST_STEP][PASSED] - println(x): null

13-01-2025T07:11:17 - [TEST_STEP][PASSED] - i1 = x.indexOf("/") + 1: null

13-01-2025T07:11:17 - [TEST_STEP][PASSED] - if (i1 > -1): null

13-01-2025T07:11:17 - [TEST_STEP][PASSED] - x = x.substring(i1, x.length()): null

13-01-2025T07:11:17 - [TEST_STEP][PASSED] - println(x): null

13-01-2025T07:11:17 - [TEST_STEP][PASSED] - i1 = x.indexOf("/") + 1: null

13-01-2025T07:11:17 - [TEST_STEP][PASSED] - if (i1 > -1): null

13-01-2025T07:11:17 - [TEST_STEP][PASSED] - x = x.substring(i1, x.length()): null

13-01-2025T07:11:17 - [TEST_STEP][PASSED] - println(x): null

13-01-2025T07:11:17 - [TEST_STEP][PASSED] - i1 = x.indexOf("/") + 1: null

13-01-2025T07:11:17 - [TEST_STEP][PASSED] - if (i1 > -1): null

13-01-2025T07:11:17 - [TEST_STEP][PASSED] - x = x.substring(i1, x.length()): null

13-01-2025T07:11:17 - [TEST_STEP][PASSED] - println(x): null

13-01-2025T07:11:17 - [TEST_STEP][PASSED] - i1 = x.indexOf("/") + 1: null

13-01-2025T07:11:17 - [TEST_STEP][PASSED] - if (i1 > -1): null

13-01-2025T07:11:17 - [TEST_STEP][PASSED] - x = x.substring(i1, x.length()): null

13-01-2025T07:11:17 - [TEST_STEP][PASSED] - println(x): null

13-01-2025T07:11:17 - [TEST_STEP][PASSED] - i1 = x.indexOf("/") + 1: null

13-01-2025T07:11:17 - [TEST_STEP][PASSED] - if (i1 > -1): null

13-01-2025T07:11:17 - [TEST_STEP][PASSED] - x = x.substring(i1, x.length()): null

13-01-2025T07:11:17 - [TEST_STEP][PASSED] - println(x): null

13-01-2025T07:11:17 - [TEST_STEP][PASSED] - i1 = x.indexOf("/"): null

13-01-2025T07:11:17 - [TEST_STEP][PASSED] - if (i1 > -1): null

13-01-2025T07:11:17 - [TEST_STEP][PASSED] - x = x.substring(0, i1): null

13-01-2025T07:11:17 - [TEST_STEP][PASSED] - println(x): null

13-01-2025T07:11:17 - [TEST_STEP][FAILED] - return x: null

13-01-2025T07:11:17 - [TEST_STEP][PASSED] - println(tabR + "/" + tabB): null

13-01-2025T07:11:17 - [TEST_STEP][FAILED] - if (verifyEqual(PercFactR, PercFactB) == false): null

13-01-2025T07:11:17 - [MESSAGE][FAILED] - Unable to verify equal between actual object 'нет данных' and expected object '10.89' (Root cause: com.kms.katalon.core.exception.StepFailedException: Actual object 'нет данных' and expected object '10.89' are not equal
	at com.kms.katalon.core.keyword.builtin.VerifyEqualKeyword$_verifyEqual_closure1.doCall(VerifyEqualKeyword.groovy:58)
	at com.kms.katalon.core.keyword.builtin.VerifyEqualKeyword$_verifyEqual_closure1.call(VerifyEqualKeyword.groovy)
	at com.kms.katalon.core.keyword.internal.KeywordMain.runKeyword(KeywordMain.groovy:75)
	at com.kms.katalon.core.keyword.builtin.VerifyEqualKeyword.verifyEqual(VerifyEqualKeyword.groovy:63)
	at com.kms.katalon.core.keyword.builtin.VerifyEqualKeyword.execute(VerifyEqualKeyword.groovy:44)
	at com.kms.katalon.core.keyword.internal.KeywordExecutor.executeKeywordForPlatform(KeywordExecutor.groovy:74)
	at com.kms.katalon.core.keyword.BuiltinKeywords.verifyEqual(BuiltinKeywords.groovy:146)
	at jdk.internal.reflect.GeneratedMethodAccessor25.invoke(Unknown Source)
	at java.base/jdk.internal.reflect.DelegatingMethodAccessorImpl.invoke(DelegatingMethodAccessorImpl.java:43)
	at Выполнение бизнес-плана сверка дашбордов - Copy.CompareDZOData(Выполнение бизнес-плана сверка дашбордов - Copy:745)
	at Выполнение бизнес-плана сверка дашбордов - Copy.run(Выполнение бизнес-плана сверка дашбордов - Copy:608)
	at com.kms.katalon.core.main.ScriptEngine.run(ScriptEngine.java:194)
	at com.kms.katalon.core.main.ScriptEngine.runScriptAsRawText(ScriptEngine.java:119)
	at com.kms.katalon.core.main.TestCaseExecutor.runScript(TestCaseExecutor.java:448)
	at com.kms.katalon.core.main.TestCaseExecutor.doExecute(TestCaseExecutor.java:439)
	at com.kms.katalon.core.main.TestCaseExecutor.processExecutionPhase(TestCaseExecutor.java:418)
	at com.kms.katalon.core.main.TestCaseExecutor.accessMainPhase(TestCaseExecutor.java:410)
	at com.kms.katalon.core.main.TestCaseExecutor.execute(TestCaseExecutor.java:285)
	at com.kms.katalon.core.common.CommonExecutor.accessTestCaseMainPhase(CommonExecutor.java:65)
	at com.kms.katalon.core.main.TestSuiteExecutor.accessTestSuiteMainPhase(TestSuiteExecutor.java:150)
	at com.kms.katalon.core.main.TestSuiteExecutor.execute(TestSuiteExecutor.java:106)
	at com.kms.katalon.core.main.TestCaseMain.startTestSuite(TestCaseMain.java:180)
	at TempTestSuite1736740835951.run(TempTestSuite1736740835951.groovy:35)
	at java.base/jdk.internal.reflect.NativeMethodAccessorImpl.invoke0(Native Method)
	at java.base/jdk.internal.reflect.NativeMethodAccessorImpl.invoke(NativeMethodAccessorImpl.java:77)
	at java.base/jdk.internal.reflect.DelegatingMethodAccessorImpl.invoke(DelegatingMethodAccessorImpl.java:43)
)

13-01-2025T07:11:17 - [TEST_STEP][PASSED] - result = WriteToExcel(typeOfData, todaysDate, PercPlanR, PercPlanB, PercFactR, PercFactB, x, tabR, tabB, o1R, o1B, vidget): null

13-01-2025T07:11:17 - [TEST_STEP][PASSED] - iii = dZO.indexOf("/"): null

13-01-2025T07:11:17 - [TEST_STEP][PASSED] - println(iii): null

13-01-2025T07:11:17 - [TEST_STEP][PASSED] - dZO = dZO.substring(0, iii): null

13-01-2025T07:11:17 - [TEST_STEP][PASSED] - println(dZO): null

13-01-2025T07:11:17 - [TEST_STEP][PASSED] - println(PercPlanR): null

13-01-2025T07:11:17 - [TEST_STEP][PASSED] - println(PercPlanB): null

13-01-2025T07:11:17 - [TEST_STEP][PASSED] - println(PercFactR): null

13-01-2025T07:11:17 - [TEST_STEP][PASSED] - println(PercFactB): null

13-01-2025T07:11:17 - [TEST_STEP][PASSED] - println(tabR): null

13-01-2025T07:11:17 - [TEST_STEP][PASSED] - println(tabB): null

13-01-2025T07:11:17 - [TEST_STEP][PASSED] - println(o1R): null

13-01-2025T07:11:17 - [TEST_STEP][PASSED] - println(o1B): null

13-01-2025T07:11:17 - [TEST_STEP][PASSED] - PR = <not implemented yet for class: org.codehaus.groovy.ast.expr.EmptyExpression>: null

13-01-2025T07:11:17 - [TEST_STEP][PASSED] - FR = <not implemented yet for class: org.codehaus.groovy.ast.expr.EmptyExpression>: null

13-01-2025T07:11:17 - [TEST_STEP][PASSED] - PB = <not implemented yet for class: org.codehaus.groovy.ast.expr.EmptyExpression>: null

13-01-2025T07:11:17 - [TEST_STEP][PASSED] - FB = <not implemented yet for class: org.codehaus.groovy.ast.expr.EmptyExpression>: null

13-01-2025T07:11:17 - [TEST_STEP][PASSED] - TR = <not implemented yet for class: org.codehaus.groovy.ast.expr.EmptyExpression>: null

13-01-2025T07:11:17 - [TEST_STEP][PASSED] - TB = <not implemented yet for class: org.codehaus.groovy.ast.expr.EmptyExpression>: null

13-01-2025T07:11:17 - [TEST_STEP][PASSED] - sheetName = "Sheet1": null

13-01-2025T07:11:17 - [TEST_STEP][PASSED] - data = findTestData("PlanFact"): null

13-01-2025T07:11:17 - [TEST_STEP][PASSED] - n = data.getRowNumbers() + 1: null

13-01-2025T07:11:17 - [TEST_STEP][PASSED] - year = todaysDate.substring(todaysDate.length() - 4, todaysDate.length()): null

13-01-2025T07:11:17 - [TEST_STEP][PASSED] - y = year.toInteger(): null

13-01-2025T07:11:17 - [TEST_STEP][PASSED] - m = getText(findTestObject("Выполнение бизнес-плана/Выполнение бизнес-плана Балансы/Фильтр Дата")): Text of object 'Object Repository/Выполнение бизнес-плана/Выполнение бизнес-плана Балансы/Фильтр Дата' is: '1, 2, 3 кв., Октябрь, Ноябрь 2024 года'

13-01-2025T07:11:17 - [MESSAGE][PASSED] - Text of object 'Object Repository/Выполнение бизнес-плана/Выполнение бизнес-плана Балансы/Фильтр Дата' is: '1, 2, 3 кв., Октябрь, Ноябрь 2024 года'

13-01-2025T07:11:17 - [TEST_STEP][PASSED] - m = m.substring(0, m.indexOf("2024")): null

13-01-2025T07:11:17 - [TEST_STEP][PASSED] - m = m.trim(): null

13-01-2025T07:11:17 - [TEST_STEP][PASSED] - dashboardName = "Выполнение бизнес-плана": null

13-01-2025T07:11:17 - [TEST_STEP][PASSED] - workbook01 = getWorkbook(excelFilePath): null

13-01-2025T07:11:17 - [TEST_STEP][PASSED] - sheet01 = getExcelSheet(workbook01, sheetName): null

13-01-2025T07:11:17 - [TEST_STEP][PASSED] - setValueToCellByIndex(sheet01, n, 0, dashboardName): null

13-01-2025T07:11:17 - [TEST_STEP][PASSED] - setValueToCellByIndex(sheet01, n, 1, dZO): null

13-01-2025T07:11:17 - [TEST_STEP][PASSED] - setValueToCellByIndex(sheet01, n, 2, typeOfData): null

13-01-2025T07:11:17 - [TEST_STEP][PASSED] - setValueToCellByIndex(sheet01, n, 3, typeOfData): null

13-01-2025T07:11:17 - [TEST_STEP][PASSED] - if (typeOfData == "План"): null

13-01-2025T07:11:17 - [TEST_STEP][PASSED] - else if (typeOfData == "Факт"): null

13-01-2025T07:11:17 - [TEST_STEP][PASSED] - else if (vidget.contains("электроэнергии") == true): null

13-01-2025T07:11:17 - [TEST_STEP][PASSED] - if (tabR == null): null

13-01-2025T07:11:17 - [TEST_STEP][PASSED] - else: null

13-01-2025T07:11:17 - [TEST_STEP][PASSED] - if (tabR == "нет данных"): null

13-01-2025T07:11:17 - [TEST_STEP][PASSED] - setValueToCellByIndex(sheet01, n, 4, "нет данных"): null

13-01-2025T07:11:17 - [TEST_STEP][PASSED] - if (tabB == null): null

13-01-2025T07:11:17 - [TEST_STEP][PASSED] - else: null

13-01-2025T07:11:17 - [TEST_STEP][PASSED] - if (tabB == "нет данных"): null

13-01-2025T07:11:17 - [TEST_STEP][PASSED] - else: null

13-01-2025T07:11:17 - [TEST_STEP][PASSED] - TB = tabB.toInteger(): null

13-01-2025T07:11:17 - [TEST_STEP][PASSED] - setValueToCellByIndex(sheet01, n, 5, TB): null

13-01-2025T07:11:17 - [TEST_STEP][PASSED] - setValueToCellByIndex(sheet01, n, 6, m): null

13-01-2025T07:11:17 - [TEST_STEP][PASSED] - setValueToCellByIndex(sheet01, n, 7, y): null

13-01-2025T07:11:17 - [TEST_STEP][PASSED] - setValueToCellByIndex(sheet01, n, 8, todaysDate): null

13-01-2025T07:11:17 - [TEST_STEP][PASSED] - n = n + 1: null

13-01-2025T07:11:17 - [TEST_STEP][PASSED] - saveWorkbook(excelFilePath, workbook01): null

13-01-2025T07:11:18 - [TEST_STEP][PASSED] - typeOfData = "План Отпуск из сети": null

13-01-2025T07:11:18 - [TEST_STEP][PASSED] - tabR = GetOiSPlanR(x = a): null

13-01-2025T07:11:18 - [TEST_STEP][PASSED] - i1 = <not implemented yet for class: org.codehaus.groovy.ast.expr.EmptyExpression>: null

13-01-2025T07:11:18 - [TEST_STEP][PASSED] - ii = <not implemented yet for class: org.codehaus.groovy.ast.expr.EmptyExpression>: null

13-01-2025T07:11:18 - [TEST_STEP][PASSED] - for ([ii = 1, ii < 8, (ii++)]): null

13-01-2025T07:11:18 - [TEST_STEP][PASSED] - i1 = x.indexOf("/") + 1: null

13-01-2025T07:11:18 - [TEST_STEP][PASSED] - if (i1 > -1): null

13-01-2025T07:11:18 - [TEST_STEP][PASSED] - x = x.substring(i1, x.length()): null

13-01-2025T07:11:18 - [TEST_STEP][PASSED] - println(x): null

13-01-2025T07:11:18 - [TEST_STEP][PASSED] - i1 = x.indexOf("/") + 1: null

13-01-2025T07:11:18 - [TEST_STEP][PASSED] - if (i1 > -1): null

13-01-2025T07:11:18 - [TEST_STEP][PASSED] - x = x.substring(i1, x.length()): null

13-01-2025T07:11:18 - [TEST_STEP][PASSED] - println(x): null

13-01-2025T07:11:18 - [TEST_STEP][PASSED] - i1 = x.indexOf("/") + 1: null

13-01-2025T07:11:18 - [TEST_STEP][PASSED] - if (i1 > -1): null

13-01-2025T07:11:18 - [TEST_STEP][PASSED] - x = x.substring(i1, x.length()): null

13-01-2025T07:11:18 - [TEST_STEP][PASSED] - println(x): null

13-01-2025T07:11:18 - [TEST_STEP][PASSED] - i1 = x.indexOf("/") + 1: null

13-01-2025T07:11:18 - [TEST_STEP][PASSED] - if (i1 > -1): null

13-01-2025T07:11:18 - [TEST_STEP][PASSED] - x = x.substring(i1, x.length()): null

13-01-2025T07:11:18 - [TEST_STEP][PASSED] - println(x): null

13-01-2025T07:11:18 - [TEST_STEP][PASSED] - i1 = x.indexOf("/") + 1: null

13-01-2025T07:11:18 - [TEST_STEP][PASSED] - if (i1 > -1): null

13-01-2025T07:11:18 - [TEST_STEP][PASSED] - x = x.substring(i1, x.length()): null

13-01-2025T07:11:18 - [TEST_STEP][PASSED] - println(x): null

13-01-2025T07:11:18 - [TEST_STEP][PASSED] - i1 = x.indexOf("/") + 1: null

13-01-2025T07:11:18 - [TEST_STEP][PASSED] - if (i1 > -1): null

13-01-2025T07:11:18 - [TEST_STEP][PASSED] - x = x.substring(i1, x.length()): null

13-01-2025T07:11:18 - [TEST_STEP][PASSED] - println(x): null

13-01-2025T07:11:18 - [TEST_STEP][PASSED] - i1 = x.indexOf("/") + 1: null

13-01-2025T07:11:18 - [TEST_STEP][PASSED] - if (i1 > -1): null

13-01-2025T07:11:18 - [TEST_STEP][PASSED] - x = x.substring(i1, x.length()): null

13-01-2025T07:11:18 - [TEST_STEP][PASSED] - println(x): null

13-01-2025T07:11:18 - [TEST_STEP][PASSED] - i1 = x.indexOf("/"): null

13-01-2025T07:11:18 - [TEST_STEP][PASSED] - if (i1 > -1): null

13-01-2025T07:11:18 - [TEST_STEP][PASSED] - x = x.substring(0, i1): null

13-01-2025T07:11:18 - [TEST_STEP][PASSED] - println(x): null

13-01-2025T07:11:18 - [TEST_STEP][PASSED] - return x: null

13-01-2025T07:11:18 - [TEST_STEP][PASSED] - tabB = GetOiSPlanB(x = b): null

13-01-2025T07:11:18 - [TEST_STEP][PASSED] - i1 = <not implemented yet for class: org.codehaus.groovy.ast.expr.EmptyExpression>: null

13-01-2025T07:11:18 - [TEST_STEP][PASSED] - ii = <not implemented yet for class: org.codehaus.groovy.ast.expr.EmptyExpression>: null

13-01-2025T07:11:18 - [TEST_STEP][PASSED] - for ([ii = 1, ii < 8, (ii++)]): null

13-01-2025T07:11:18 - [TEST_STEP][PASSED] - i1 = x.indexOf("/") + 1: null

13-01-2025T07:11:18 - [TEST_STEP][PASSED] - if (i1 > -1): null

13-01-2025T07:11:18 - [TEST_STEP][PASSED] - x = x.substring(i1, x.length()): null

13-01-2025T07:11:18 - [TEST_STEP][PASSED] - println(x): null

13-01-2025T07:11:18 - [TEST_STEP][PASSED] - i1 = x.indexOf("/") + 1: null

13-01-2025T07:11:18 - [TEST_STEP][PASSED] - if (i1 > -1): null

13-01-2025T07:11:18 - [TEST_STEP][PASSED] - x = x.substring(i1, x.length()): null

13-01-2025T07:11:18 - [TEST_STEP][PASSED] - println(x): null

13-01-2025T07:11:18 - [TEST_STEP][PASSED] - i1 = x.indexOf("/") + 1: null

13-01-2025T07:11:18 - [TEST_STEP][PASSED] - if (i1 > -1): null

13-01-2025T07:11:18 - [TEST_STEP][PASSED] - x = x.substring(i1, x.length()): null

13-01-2025T07:11:18 - [TEST_STEP][PASSED] - println(x): null

13-01-2025T07:11:18 - [TEST_STEP][PASSED] - i1 = x.indexOf("/") + 1: null

13-01-2025T07:11:18 - [TEST_STEP][PASSED] - if (i1 > -1): null

13-01-2025T07:11:18 - [TEST_STEP][PASSED] - x = x.substring(i1, x.length()): null

13-01-2025T07:11:18 - [TEST_STEP][PASSED] - println(x): null

13-01-2025T07:11:18 - [TEST_STEP][PASSED] - i1 = x.indexOf("/") + 1: null

13-01-2025T07:11:18 - [TEST_STEP][PASSED] - if (i1 > -1): null

13-01-2025T07:11:18 - [TEST_STEP][PASSED] - x = x.substring(i1, x.length()): null

13-01-2025T07:11:18 - [TEST_STEP][PASSED] - println(x): null

13-01-2025T07:11:18 - [TEST_STEP][PASSED] - i1 = x.indexOf("/") + 1: null

13-01-2025T07:11:18 - [TEST_STEP][PASSED] - if (i1 > -1): null

13-01-2025T07:11:18 - [TEST_STEP][PASSED] - x = x.substring(i1, x.length()): null

13-01-2025T07:11:18 - [TEST_STEP][PASSED] - println(x): null

13-01-2025T07:11:18 - [TEST_STEP][PASSED] - i1 = x.indexOf("/") + 1: null

13-01-2025T07:11:18 - [TEST_STEP][PASSED] - if (i1 > -1): null

13-01-2025T07:11:18 - [TEST_STEP][PASSED] - x = x.substring(i1, x.length()): null

13-01-2025T07:11:18 - [TEST_STEP][PASSED] - println(x): null

13-01-2025T07:11:18 - [TEST_STEP][PASSED] - i1 = x.indexOf("/"): null

13-01-2025T07:11:18 - [TEST_STEP][PASSED] - if (i1 > -1): null

13-01-2025T07:11:18 - [TEST_STEP][PASSED] - x = x.substring(0, i1): null

13-01-2025T07:11:18 - [TEST_STEP][PASSED] - println(x): null

13-01-2025T07:11:18 - [TEST_STEP][FAILED] - return x: null

13-01-2025T07:11:18 - [TEST_STEP][PASSED] - println(tabR + "/" + tabB): null

13-01-2025T07:11:18 - [TEST_STEP][FAILED] - if (verifyEqual(PercFactR, PercFactB) == false): null

13-01-2025T07:11:18 - [MESSAGE][FAILED] - Unable to verify equal between actual object 'нет данных' and expected object '10.89' (Root cause: com.kms.katalon.core.exception.StepFailedException: Actual object 'нет данных' and expected object '10.89' are not equal
	at com.kms.katalon.core.keyword.builtin.VerifyEqualKeyword$_verifyEqual_closure1.doCall(VerifyEqualKeyword.groovy:58)
	at com.kms.katalon.core.keyword.builtin.VerifyEqualKeyword$_verifyEqual_closure1.call(VerifyEqualKeyword.groovy)
	at com.kms.katalon.core.keyword.internal.KeywordMain.runKeyword(KeywordMain.groovy:75)
	at com.kms.katalon.core.keyword.builtin.VerifyEqualKeyword.verifyEqual(VerifyEqualKeyword.groovy:63)
	at com.kms.katalon.core.keyword.builtin.VerifyEqualKeyword.execute(VerifyEqualKeyword.groovy:44)
	at com.kms.katalon.core.keyword.internal.KeywordExecutor.executeKeywordForPlatform(KeywordExecutor.groovy:74)
	at com.kms.katalon.core.keyword.BuiltinKeywords.verifyEqual(BuiltinKeywords.groovy:146)
	at jdk.internal.reflect.GeneratedMethodAccessor25.invoke(Unknown Source)
	at java.base/jdk.internal.reflect.DelegatingMethodAccessorImpl.invoke(DelegatingMethodAccessorImpl.java:43)
	at Выполнение бизнес-плана сверка дашбордов - Copy.CompareDZOData(Выполнение бизнес-плана сверка дашбордов - Copy:758)
	at Выполнение бизнес-плана сверка дашбордов - Copy.run(Выполнение бизнес-плана сверка дашбордов - Copy:608)
	at com.kms.katalon.core.main.ScriptEngine.run(ScriptEngine.java:194)
	at com.kms.katalon.core.main.ScriptEngine.runScriptAsRawText(ScriptEngine.java:119)
	at com.kms.katalon.core.main.TestCaseExecutor.runScript(TestCaseExecutor.java:448)
	at com.kms.katalon.core.main.TestCaseExecutor.doExecute(TestCaseExecutor.java:439)
	at com.kms.katalon.core.main.TestCaseExecutor.processExecutionPhase(TestCaseExecutor.java:418)
	at com.kms.katalon.core.main.TestCaseExecutor.accessMainPhase(TestCaseExecutor.java:410)
	at com.kms.katalon.core.main.TestCaseExecutor.execute(TestCaseExecutor.java:285)
	at com.kms.katalon.core.common.CommonExecutor.accessTestCaseMainPhase(CommonExecutor.java:65)
	at com.kms.katalon.core.main.TestSuiteExecutor.accessTestSuiteMainPhase(TestSuiteExecutor.java:150)
	at com.kms.katalon.core.main.TestSuiteExecutor.execute(TestSuiteExecutor.java:106)
	at com.kms.katalon.core.main.TestCaseMain.startTestSuite(TestCaseMain.java:180)
	at TempTestSuite1736740835951.run(TempTestSuite1736740835951.groovy:35)
	at java.base/jdk.internal.reflect.NativeMethodAccessorImpl.invoke0(Native Method)
	at java.base/jdk.internal.reflect.NativeMethodAccessorImpl.invoke(NativeMethodAccessorImpl.java:77)
	at java.base/jdk.internal.reflect.DelegatingMethodAccessorImpl.invoke(DelegatingMethodAccessorImpl.java:43)
)

13-01-2025T07:11:18 - [TEST_STEP][PASSED] - result = WriteToExcel(typeOfData, todaysDate, PercPlanR, PercPlanB, PercFactR, PercFactB, x, tabR, tabB, o1R, o1B, vidget): null

13-01-2025T07:11:18 - [TEST_STEP][PASSED] - iii = dZO.indexOf("/"): null

13-01-2025T07:11:18 - [TEST_STEP][PASSED] - println(iii): null

13-01-2025T07:11:18 - [TEST_STEP][PASSED] - dZO = dZO.substring(0, iii): null

13-01-2025T07:11:18 - [TEST_STEP][PASSED] - println(dZO): null

13-01-2025T07:11:18 - [TEST_STEP][PASSED] - println(PercPlanR): null

13-01-2025T07:11:18 - [TEST_STEP][PASSED] - println(PercPlanB): null

13-01-2025T07:11:18 - [TEST_STEP][PASSED] - println(PercFactR): null

13-01-2025T07:11:18 - [TEST_STEP][PASSED] - println(PercFactB): null

13-01-2025T07:11:18 - [TEST_STEP][PASSED] - println(tabR): null

13-01-2025T07:11:18 - [TEST_STEP][PASSED] - println(tabB): null

13-01-2025T07:11:18 - [TEST_STEP][PASSED] - println(o1R): null

13-01-2025T07:11:18 - [TEST_STEP][PASSED] - println(o1B): null

13-01-2025T07:11:18 - [TEST_STEP][PASSED] - PR = <not implemented yet for class: org.codehaus.groovy.ast.expr.EmptyExpression>: null

13-01-2025T07:11:18 - [TEST_STEP][PASSED] - FR = <not implemented yet for class: org.codehaus.groovy.ast.expr.EmptyExpression>: null

13-01-2025T07:11:18 - [TEST_STEP][PASSED] - PB = <not implemented yet for class: org.codehaus.groovy.ast.expr.EmptyExpression>: null

13-01-2025T07:11:18 - [TEST_STEP][PASSED] - FB = <not implemented yet for class: org.codehaus.groovy.ast.expr.EmptyExpression>: null

13-01-2025T07:11:18 - [TEST_STEP][PASSED] - TR = <not implemented yet for class: org.codehaus.groovy.ast.expr.EmptyExpression>: null

13-01-2025T07:11:18 - [TEST_STEP][PASSED] - TB = <not implemented yet for class: org.codehaus.groovy.ast.expr.EmptyExpression>: null

13-01-2025T07:11:18 - [TEST_STEP][PASSED] - sheetName = "Sheet1": null

13-01-2025T07:11:18 - [TEST_STEP][PASSED] - data = findTestData("PlanFact"): null

13-01-2025T07:11:18 - [TEST_STEP][PASSED] - n = data.getRowNumbers() + 1: null

13-01-2025T07:11:18 - [TEST_STEP][PASSED] - year = todaysDate.substring(todaysDate.length() - 4, todaysDate.length()): null

13-01-2025T07:11:18 - [TEST_STEP][PASSED] - y = year.toInteger(): null

13-01-2025T07:11:18 - [TEST_STEP][PASSED] - m = getText(findTestObject("Выполнение бизнес-плана/Выполнение бизнес-плана Балансы/Фильтр Дата")): Text of object 'Object Repository/Выполнение бизнес-плана/Выполнение бизнес-плана Балансы/Фильтр Дата' is: '1, 2, 3 кв., Октябрь, Ноябрь 2024 года'

13-01-2025T07:11:18 - [MESSAGE][PASSED] - Text of object 'Object Repository/Выполнение бизнес-плана/Выполнение бизнес-плана Балансы/Фильтр Дата' is: '1, 2, 3 кв., Октябрь, Ноябрь 2024 года'

13-01-2025T07:11:18 - [TEST_STEP][PASSED] - m = m.substring(0, m.indexOf("2024")): null

13-01-2025T07:11:18 - [TEST_STEP][PASSED] - m = m.trim(): null

13-01-2025T07:11:18 - [TEST_STEP][PASSED] - dashboardName = "Выполнение бизнес-плана": null

13-01-2025T07:11:18 - [TEST_STEP][PASSED] - workbook01 = getWorkbook(excelFilePath): null

13-01-2025T07:11:18 - [TEST_STEP][PASSED] - sheet01 = getExcelSheet(workbook01, sheetName): null

13-01-2025T07:11:18 - [TEST_STEP][PASSED] - setValueToCellByIndex(sheet01, n, 0, dashboardName): null

13-01-2025T07:11:18 - [TEST_STEP][PASSED] - setValueToCellByIndex(sheet01, n, 1, dZO): null

13-01-2025T07:11:18 - [TEST_STEP][PASSED] - setValueToCellByIndex(sheet01, n, 2, typeOfData): null

13-01-2025T07:11:18 - [TEST_STEP][PASSED] - setValueToCellByIndex(sheet01, n, 3, typeOfData): null

13-01-2025T07:11:18 - [TEST_STEP][PASSED] - if (typeOfData == "План"): null

13-01-2025T07:11:18 - [TEST_STEP][PASSED] - else if (typeOfData == "Факт"): null

13-01-2025T07:11:18 - [TEST_STEP][PASSED] - else if (vidget.contains("электроэнергии") == true): null

13-01-2025T07:11:18 - [TEST_STEP][PASSED] - if (tabR == null): null

13-01-2025T07:11:18 - [TEST_STEP][PASSED] - else: null

13-01-2025T07:11:18 - [TEST_STEP][PASSED] - if (tabR == "нет данных"): null

13-01-2025T07:11:18 - [TEST_STEP][PASSED] - setValueToCellByIndex(sheet01, n, 4, "нет данных"): null

13-01-2025T07:11:18 - [TEST_STEP][PASSED] - if (tabB == null): null

13-01-2025T07:11:18 - [TEST_STEP][PASSED] - else: null

13-01-2025T07:11:18 - [TEST_STEP][PASSED] - if (tabB == "нет данных"): null

13-01-2025T07:11:18 - [TEST_STEP][PASSED] - setValueToCellByIndex(sheet01, n, 5, "нет данных"): null

13-01-2025T07:11:18 - [TEST_STEP][PASSED] - setValueToCellByIndex(sheet01, n, 6, m): null

13-01-2025T07:11:18 - [TEST_STEP][PASSED] - setValueToCellByIndex(sheet01, n, 7, y): null

13-01-2025T07:11:18 - [TEST_STEP][PASSED] - setValueToCellByIndex(sheet01, n, 8, todaysDate): null

13-01-2025T07:11:18 - [TEST_STEP][PASSED] - n = n + 1: null

13-01-2025T07:11:18 - [TEST_STEP][PASSED] - saveWorkbook(excelFilePath, workbook01): null

13-01-2025T07:11:18 - [TEST_STEP][PASSED] - typeOfData = "План Потери": null

13-01-2025T07:11:18 - [TEST_STEP][PASSED] - tabR = GetPPlanR(x = a): null

13-01-2025T07:11:18 - [TEST_STEP][PASSED] - i1 = <not implemented yet for class: org.codehaus.groovy.ast.expr.EmptyExpression>: null

13-01-2025T07:11:18 - [TEST_STEP][PASSED] - ii = <not implemented yet for class: org.codehaus.groovy.ast.expr.EmptyExpression>: null

13-01-2025T07:11:18 - [TEST_STEP][PASSED] - for ([ii = 1, ii < 9, (ii++)]): null

13-01-2025T07:11:18 - [TEST_STEP][PASSED] - i1 = x.indexOf("/") + 1: null

13-01-2025T07:11:18 - [TEST_STEP][PASSED] - if (i1 > -1): null

13-01-2025T07:11:18 - [TEST_STEP][PASSED] - x = x.substring(i1, x.length()): null

13-01-2025T07:11:18 - [TEST_STEP][PASSED] - println(x): null

13-01-2025T07:11:18 - [TEST_STEP][PASSED] - i1 = x.indexOf("/") + 1: null

13-01-2025T07:11:18 - [TEST_STEP][PASSED] - if (i1 > -1): null

13-01-2025T07:11:18 - [TEST_STEP][PASSED] - x = x.substring(i1, x.length()): null

13-01-2025T07:11:18 - [TEST_STEP][PASSED] - println(x): null

13-01-2025T07:11:18 - [TEST_STEP][PASSED] - i1 = x.indexOf("/") + 1: null

13-01-2025T07:11:18 - [TEST_STEP][PASSED] - if (i1 > -1): null

13-01-2025T07:11:18 - [TEST_STEP][PASSED] - x = x.substring(i1, x.length()): null

13-01-2025T07:11:18 - [TEST_STEP][PASSED] - println(x): null

13-01-2025T07:11:18 - [TEST_STEP][PASSED] - i1 = x.indexOf("/") + 1: null

13-01-2025T07:11:18 - [TEST_STEP][PASSED] - if (i1 > -1): null

13-01-2025T07:11:18 - [TEST_STEP][PASSED] - x = x.substring(i1, x.length()): null

13-01-2025T07:11:18 - [TEST_STEP][PASSED] - println(x): null

13-01-2025T07:11:18 - [TEST_STEP][PASSED] - i1 = x.indexOf("/") + 1: null

13-01-2025T07:11:18 - [TEST_STEP][PASSED] - if (i1 > -1): null

13-01-2025T07:11:18 - [TEST_STEP][PASSED] - x = x.substring(i1, x.length()): null

13-01-2025T07:11:18 - [TEST_STEP][PASSED] - println(x): null

13-01-2025T07:11:18 - [TEST_STEP][PASSED] - i1 = x.indexOf("/") + 1: null

13-01-2025T07:11:18 - [TEST_STEP][PASSED] - if (i1 > -1): null

13-01-2025T07:11:18 - [TEST_STEP][PASSED] - x = x.substring(i1, x.length()): null

13-01-2025T07:11:18 - [TEST_STEP][PASSED] - println(x): null

13-01-2025T07:11:18 - [TEST_STEP][PASSED] - i1 = x.indexOf("/") + 1: null

13-01-2025T07:11:18 - [TEST_STEP][PASSED] - if (i1 > -1): null

13-01-2025T07:11:18 - [TEST_STEP][PASSED] - x = x.substring(i1, x.length()): null

13-01-2025T07:11:18 - [TEST_STEP][PASSED] - println(x): null

13-01-2025T07:11:18 - [TEST_STEP][PASSED] - i1 = x.indexOf("/") + 1: null

13-01-2025T07:11:18 - [TEST_STEP][PASSED] - if (i1 > -1): null

13-01-2025T07:11:18 - [TEST_STEP][PASSED] - x = x.substring(i1, x.length()): null

13-01-2025T07:11:18 - [TEST_STEP][PASSED] - println(x): null

13-01-2025T07:11:18 - [TEST_STEP][PASSED] - i1 = x.indexOf("/"): null

13-01-2025T07:11:18 - [TEST_STEP][PASSED] - if (i1 > -1): null

13-01-2025T07:11:18 - [TEST_STEP][PASSED] - x = x.substring(0, i1): null

13-01-2025T07:11:18 - [TEST_STEP][PASSED] - println(x): null

13-01-2025T07:11:18 - [TEST_STEP][PASSED] - return x: null

13-01-2025T07:11:18 - [TEST_STEP][PASSED] - tabB = GetPPlanB(x = b): null

13-01-2025T07:11:18 - [TEST_STEP][PASSED] - i1 = <not implemented yet for class: org.codehaus.groovy.ast.expr.EmptyExpression>: null

13-01-2025T07:11:18 - [TEST_STEP][PASSED] - ii = <not implemented yet for class: org.codehaus.groovy.ast.expr.EmptyExpression>: null

13-01-2025T07:11:18 - [TEST_STEP][PASSED] - for ([ii = 1, ii < 9, (ii++)]): null

13-01-2025T07:11:18 - [TEST_STEP][PASSED] - i1 = x.indexOf("/") + 1: null

13-01-2025T07:11:18 - [TEST_STEP][PASSED] - if (i1 > -1): null

13-01-2025T07:11:18 - [TEST_STEP][PASSED] - x = x.substring(i1, x.length()): null

13-01-2025T07:11:18 - [TEST_STEP][PASSED] - println(x): null

13-01-2025T07:11:18 - [TEST_STEP][PASSED] - i1 = x.indexOf("/") + 1: null

13-01-2025T07:11:18 - [TEST_STEP][PASSED] - if (i1 > -1): null

13-01-2025T07:11:18 - [TEST_STEP][PASSED] - x = x.substring(i1, x.length()): null

13-01-2025T07:11:18 - [TEST_STEP][PASSED] - println(x): null

13-01-2025T07:11:18 - [TEST_STEP][PASSED] - i1 = x.indexOf("/") + 1: null

13-01-2025T07:11:18 - [TEST_STEP][PASSED] - if (i1 > -1): null

13-01-2025T07:11:18 - [TEST_STEP][PASSED] - x = x.substring(i1, x.length()): null

13-01-2025T07:11:18 - [TEST_STEP][PASSED] - println(x): null

13-01-2025T07:11:18 - [TEST_STEP][PASSED] - i1 = x.indexOf("/") + 1: null

13-01-2025T07:11:18 - [TEST_STEP][PASSED] - if (i1 > -1): null

13-01-2025T07:11:18 - [TEST_STEP][PASSED] - x = x.substring(i1, x.length()): null

13-01-2025T07:11:18 - [TEST_STEP][PASSED] - println(x): null

13-01-2025T07:11:18 - [TEST_STEP][PASSED] - i1 = x.indexOf("/") + 1: null

13-01-2025T07:11:18 - [TEST_STEP][PASSED] - if (i1 > -1): null

13-01-2025T07:11:18 - [TEST_STEP][PASSED] - x = x.substring(i1, x.length()): null

13-01-2025T07:11:18 - [TEST_STEP][PASSED] - println(x): null

13-01-2025T07:11:18 - [TEST_STEP][PASSED] - i1 = x.indexOf("/") + 1: null

13-01-2025T07:11:18 - [TEST_STEP][PASSED] - if (i1 > -1): null

13-01-2025T07:11:18 - [TEST_STEP][PASSED] - x = x.substring(i1, x.length()): null

13-01-2025T07:11:18 - [TEST_STEP][PASSED] - println(x): null

13-01-2025T07:11:18 - [TEST_STEP][PASSED] - i1 = x.indexOf("/") + 1: null

13-01-2025T07:11:18 - [TEST_STEP][PASSED] - if (i1 > -1): null

13-01-2025T07:11:18 - [TEST_STEP][PASSED] - x = x.substring(i1, x.length()): null

13-01-2025T07:11:18 - [TEST_STEP][PASSED] - println(x): null

13-01-2025T07:11:18 - [TEST_STEP][PASSED] - i1 = x.indexOf("/") + 1: null

13-01-2025T07:11:18 - [TEST_STEP][PASSED] - if (i1 > -1): null

13-01-2025T07:11:18 - [TEST_STEP][PASSED] - x = x.substring(i1, x.length()): null

13-01-2025T07:11:18 - [TEST_STEP][PASSED] - println(x): null

13-01-2025T07:11:18 - [TEST_STEP][PASSED] - i1 = x.indexOf("/"): null

13-01-2025T07:11:18 - [TEST_STEP][PASSED] - if (i1 > -1): null

13-01-2025T07:11:18 - [TEST_STEP][PASSED] - x = x.substring(0, i1): null

13-01-2025T07:11:18 - [TEST_STEP][PASSED] - println(x): null

13-01-2025T07:11:18 - [TEST_STEP][FAILED] - return x: null

13-01-2025T07:11:18 - [TEST_STEP][PASSED] - println(tabR + "/" + tabB): null

13-01-2025T07:11:18 - [TEST_STEP][FAILED] - if (verifyEqual(PercFactR, PercFactB) == false): null

13-01-2025T07:11:18 - [MESSAGE][FAILED] - Unable to verify equal between actual object 'нет данных' and expected object '10.89' (Root cause: com.kms.katalon.core.exception.StepFailedException: Actual object 'нет данных' and expected object '10.89' are not equal
	at com.kms.katalon.core.keyword.builtin.VerifyEqualKeyword$_verifyEqual_closure1.doCall(VerifyEqualKeyword.groovy:58)
	at com.kms.katalon.core.keyword.builtin.VerifyEqualKeyword$_verifyEqual_closure1.call(VerifyEqualKeyword.groovy)
	at com.kms.katalon.core.keyword.internal.KeywordMain.runKeyword(KeywordMain.groovy:75)
	at com.kms.katalon.core.keyword.builtin.VerifyEqualKeyword.verifyEqual(VerifyEqualKeyword.groovy:63)
	at com.kms.katalon.core.keyword.builtin.VerifyEqualKeyword.execute(VerifyEqualKeyword.groovy:44)
	at com.kms.katalon.core.keyword.internal.KeywordExecutor.executeKeywordForPlatform(KeywordExecutor.groovy:74)
	at com.kms.katalon.core.keyword.BuiltinKeywords.verifyEqual(BuiltinKeywords.groovy:146)
	at jdk.internal.reflect.GeneratedMethodAccessor25.invoke(Unknown Source)
	at java.base/jdk.internal.reflect.DelegatingMethodAccessorImpl.invoke(DelegatingMethodAccessorImpl.java:43)
	at Выполнение бизнес-плана сверка дашбордов - Copy.CompareDZOData(Выполнение бизнес-плана сверка дашбордов - Copy:771)
	at Выполнение бизнес-плана сверка дашбордов - Copy.run(Выполнение бизнес-плана сверка дашбордов - Copy:608)
	at com.kms.katalon.core.main.ScriptEngine.run(ScriptEngine.java:194)
	at com.kms.katalon.core.main.ScriptEngine.runScriptAsRawText(ScriptEngine.java:119)
	at com.kms.katalon.core.main.TestCaseExecutor.runScript(TestCaseExecutor.java:448)
	at com.kms.katalon.core.main.TestCaseExecutor.doExecute(TestCaseExecutor.java:439)
	at com.kms.katalon.core.main.TestCaseExecutor.processExecutionPhase(TestCaseExecutor.java:418)
	at com.kms.katalon.core.main.TestCaseExecutor.accessMainPhase(TestCaseExecutor.java:410)
	at com.kms.katalon.core.main.TestCaseExecutor.execute(TestCaseExecutor.java:285)
	at com.kms.katalon.core.common.CommonExecutor.accessTestCaseMainPhase(CommonExecutor.java:65)
	at com.kms.katalon.core.main.TestSuiteExecutor.accessTestSuiteMainPhase(TestSuiteExecutor.java:150)
	at com.kms.katalon.core.main.TestSuiteExecutor.execute(TestSuiteExecutor.java:106)
	at com.kms.katalon.core.main.TestCaseMain.startTestSuite(TestCaseMain.java:180)
	at TempTestSuite1736740835951.run(TempTestSuite1736740835951.groovy:35)
	at java.base/jdk.internal.reflect.NativeMethodAccessorImpl.invoke0(Native Method)
	at java.base/jdk.internal.reflect.NativeMethodAccessorImpl.invoke(NativeMethodAccessorImpl.java:77)
	at java.base/jdk.internal.reflect.DelegatingMethodAccessorImpl.invoke(DelegatingMethodAccessorImpl.java:43)
)

13-01-2025T07:11:18 - [TEST_STEP][PASSED] - result = WriteToExcel(typeOfData, todaysDate, PercPlanR, PercPlanB, PercFactR, PercFactB, x, tabR, tabB, o1R, o1B, vidget): null

13-01-2025T07:11:18 - [TEST_STEP][PASSED] - iii = dZO.indexOf("/"): null

13-01-2025T07:11:18 - [TEST_STEP][PASSED] - println(iii): null

13-01-2025T07:11:18 - [TEST_STEP][PASSED] - dZO = dZO.substring(0, iii): null

13-01-2025T07:11:18 - [TEST_STEP][PASSED] - println(dZO): null

13-01-2025T07:11:18 - [TEST_STEP][PASSED] - println(PercPlanR): null

13-01-2025T07:11:18 - [TEST_STEP][PASSED] - println(PercPlanB): null

13-01-2025T07:11:18 - [TEST_STEP][PASSED] - println(PercFactR): null

13-01-2025T07:11:18 - [TEST_STEP][PASSED] - println(PercFactB): null

13-01-2025T07:11:18 - [TEST_STEP][PASSED] - println(tabR): null

13-01-2025T07:11:18 - [TEST_STEP][PASSED] - println(tabB): null

13-01-2025T07:11:18 - [TEST_STEP][PASSED] - println(o1R): null

13-01-2025T07:11:18 - [TEST_STEP][PASSED] - println(o1B): null

13-01-2025T07:11:18 - [TEST_STEP][PASSED] - PR = <not implemented yet for class: org.codehaus.groovy.ast.expr.EmptyExpression>: null

13-01-2025T07:11:18 - [TEST_STEP][PASSED] - FR = <not implemented yet for class: org.codehaus.groovy.ast.expr.EmptyExpression>: null

13-01-2025T07:11:18 - [TEST_STEP][PASSED] - PB = <not implemented yet for class: org.codehaus.groovy.ast.expr.EmptyExpression>: null

13-01-2025T07:11:18 - [TEST_STEP][PASSED] - FB = <not implemented yet for class: org.codehaus.groovy.ast.expr.EmptyExpression>: null

13-01-2025T07:11:18 - [TEST_STEP][PASSED] - TR = <not implemented yet for class: org.codehaus.groovy.ast.expr.EmptyExpression>: null

13-01-2025T07:11:18 - [TEST_STEP][PASSED] - TB = <not implemented yet for class: org.codehaus.groovy.ast.expr.EmptyExpression>: null

13-01-2025T07:11:18 - [TEST_STEP][PASSED] - sheetName = "Sheet1": null

13-01-2025T07:11:18 - [TEST_STEP][PASSED] - data = findTestData("PlanFact"): null

13-01-2025T07:11:18 - [TEST_STEP][PASSED] - n = data.getRowNumbers() + 1: null

13-01-2025T07:11:18 - [TEST_STEP][PASSED] - year = todaysDate.substring(todaysDate.length() - 4, todaysDate.length()): null

13-01-2025T07:11:18 - [TEST_STEP][PASSED] - y = year.toInteger(): null

13-01-2025T07:11:18 - [TEST_STEP][PASSED] - m = getText(findTestObject("Выполнение бизнес-плана/Выполнение бизнес-плана Балансы/Фильтр Дата")): Text of object 'Object Repository/Выполнение бизнес-плана/Выполнение бизнес-плана Балансы/Фильтр Дата' is: '1, 2, 3 кв., Октябрь, Ноябрь 2024 года'

13-01-2025T07:11:19 - [MESSAGE][PASSED] - Text of object 'Object Repository/Выполнение бизнес-плана/Выполнение бизнес-плана Балансы/Фильтр Дата' is: '1, 2, 3 кв., Октябрь, Ноябрь 2024 года'

13-01-2025T07:11:19 - [TEST_STEP][PASSED] - m = m.substring(0, m.indexOf("2024")): null

13-01-2025T07:11:19 - [TEST_STEP][PASSED] - m = m.trim(): null

13-01-2025T07:11:19 - [TEST_STEP][PASSED] - dashboardName = "Выполнение бизнес-плана": null

13-01-2025T07:11:19 - [TEST_STEP][PASSED] - workbook01 = getWorkbook(excelFilePath): null

13-01-2025T07:11:19 - [TEST_STEP][PASSED] - sheet01 = getExcelSheet(workbook01, sheetName): null

13-01-2025T07:11:19 - [TEST_STEP][PASSED] - setValueToCellByIndex(sheet01, n, 0, dashboardName): null

13-01-2025T07:11:19 - [TEST_STEP][PASSED] - setValueToCellByIndex(sheet01, n, 1, dZO): null

13-01-2025T07:11:19 - [TEST_STEP][PASSED] - setValueToCellByIndex(sheet01, n, 2, typeOfData): null

13-01-2025T07:11:19 - [TEST_STEP][PASSED] - setValueToCellByIndex(sheet01, n, 3, typeOfData): null

13-01-2025T07:11:19 - [TEST_STEP][PASSED] - if (typeOfData == "План"): null

13-01-2025T07:11:19 - [TEST_STEP][PASSED] - else if (typeOfData == "Факт"): null

13-01-2025T07:11:19 - [TEST_STEP][PASSED] - else if (vidget.contains("электроэнергии") == true): null

13-01-2025T07:11:19 - [TEST_STEP][PASSED] - if (tabR == null): null

13-01-2025T07:11:19 - [TEST_STEP][PASSED] - else: null

13-01-2025T07:11:19 - [TEST_STEP][PASSED] - if (tabR == "нет данных"): null

13-01-2025T07:11:19 - [TEST_STEP][PASSED] - setValueToCellByIndex(sheet01, n, 4, "нет данных"): null

13-01-2025T07:11:19 - [TEST_STEP][PASSED] - if (tabB == null): null

13-01-2025T07:11:19 - [TEST_STEP][PASSED] - else: null

13-01-2025T07:11:19 - [TEST_STEP][PASSED] - if (tabB == "нет данных"): null

13-01-2025T07:11:19 - [TEST_STEP][PASSED] - setValueToCellByIndex(sheet01, n, 5, "нет данных"): null

13-01-2025T07:11:19 - [TEST_STEP][PASSED] - setValueToCellByIndex(sheet01, n, 6, m): null

13-01-2025T07:11:19 - [TEST_STEP][PASSED] - setValueToCellByIndex(sheet01, n, 7, y): null

13-01-2025T07:11:19 - [TEST_STEP][PASSED] - setValueToCellByIndex(sheet01, n, 8, todaysDate): null

13-01-2025T07:11:19 - [TEST_STEP][PASSED] - n = n + 1: null

13-01-2025T07:11:19 - [TEST_STEP][PASSED] - saveWorkbook(excelFilePath, workbook01): null

13-01-2025T07:11:19 - [TEST_STEP][PASSED] - ii2 = a.indexOf("ПАО"): null

13-01-2025T07:11:19 - [TEST_STEP][PASSED] - if (ii2 == -1): null

13-01-2025T07:11:19 - [TEST_STEP][PASSED] - vidget = "Отклонения фактического уровня потерь от бизнес-плана": null

13-01-2025T07:11:19 - [TEST_STEP][PASSED] - typeOfData = "Коэффициент": null

13-01-2025T07:11:19 - [TEST_STEP][PASSED] - o1R = Geto1R(x = a): null

13-01-2025T07:11:19 - [TEST_STEP][PASSED] - i1 = <not implemented yet for class: org.codehaus.groovy.ast.expr.EmptyExpression>: null

13-01-2025T07:11:19 - [TEST_STEP][PASSED] - ii = <not implemented yet for class: org.codehaus.groovy.ast.expr.EmptyExpression>: null

13-01-2025T07:11:19 - [TEST_STEP][PASSED] - for ([ii = 1, ii < 10, (ii++)]): null

13-01-2025T07:11:19 - [TEST_STEP][PASSED] - i1 = x.indexOf("/") + 1: null

13-01-2025T07:11:19 - [TEST_STEP][PASSED] - if (i1 > -1): null

13-01-2025T07:11:19 - [TEST_STEP][PASSED] - x = x.substring(i1, x.length()): null

13-01-2025T07:11:19 - [TEST_STEP][PASSED] - i1 = x.indexOf("/") + 1: null

13-01-2025T07:11:19 - [TEST_STEP][PASSED] - if (i1 > -1): null

13-01-2025T07:11:19 - [TEST_STEP][PASSED] - x = x.substring(i1, x.length()): null

13-01-2025T07:11:19 - [TEST_STEP][PASSED] - i1 = x.indexOf("/") + 1: null

13-01-2025T07:11:19 - [TEST_STEP][PASSED] - if (i1 > -1): null

13-01-2025T07:11:19 - [TEST_STEP][PASSED] - x = x.substring(i1, x.length()): null

13-01-2025T07:11:19 - [TEST_STEP][PASSED] - i1 = x.indexOf("/") + 1: null

13-01-2025T07:11:19 - [TEST_STEP][PASSED] - if (i1 > -1): null

13-01-2025T07:11:19 - [TEST_STEP][PASSED] - x = x.substring(i1, x.length()): null

13-01-2025T07:11:19 - [TEST_STEP][PASSED] - i1 = x.indexOf("/") + 1: null

13-01-2025T07:11:19 - [TEST_STEP][PASSED] - if (i1 > -1): null

13-01-2025T07:11:19 - [TEST_STEP][PASSED] - x = x.substring(i1, x.length()): null

13-01-2025T07:11:19 - [TEST_STEP][PASSED] - i1 = x.indexOf("/") + 1: null

13-01-2025T07:11:19 - [TEST_STEP][PASSED] - if (i1 > -1): null

13-01-2025T07:11:19 - [TEST_STEP][PASSED] - x = x.substring(i1, x.length()): null

13-01-2025T07:11:19 - [TEST_STEP][PASSED] - i1 = x.indexOf("/") + 1: null

13-01-2025T07:11:19 - [TEST_STEP][PASSED] - if (i1 > -1): null

13-01-2025T07:11:19 - [TEST_STEP][PASSED] - x = x.substring(i1, x.length()): null

13-01-2025T07:11:19 - [TEST_STEP][PASSED] - i1 = x.indexOf("/") + 1: null

13-01-2025T07:11:19 - [TEST_STEP][PASSED] - if (i1 > -1): null

13-01-2025T07:11:19 - [TEST_STEP][PASSED] - x = x.substring(i1, x.length()): null

13-01-2025T07:11:19 - [TEST_STEP][PASSED] - i1 = x.indexOf("/") + 1: null

13-01-2025T07:11:19 - [TEST_STEP][PASSED] - if (i1 > -1): null

13-01-2025T07:11:19 - [TEST_STEP][PASSED] - x = x.substring(i1, x.length()): null

13-01-2025T07:11:19 - [TEST_STEP][PASSED] - i1 = x.indexOf("/"): null

13-01-2025T07:11:19 - [TEST_STEP][PASSED] - if (i1 > -1): null

13-01-2025T07:11:19 - [TEST_STEP][PASSED] - println(x): null

13-01-2025T07:11:19 - [TEST_STEP][PASSED] - return x: null

13-01-2025T07:11:19 - [TEST_STEP][PASSED] - o1B = Geto1B(x = b): null

13-01-2025T07:11:19 - [TEST_STEP][PASSED] - i1 = <not implemented yet for class: org.codehaus.groovy.ast.expr.EmptyExpression>: null

13-01-2025T07:11:19 - [TEST_STEP][PASSED] - ii = <not implemented yet for class: org.codehaus.groovy.ast.expr.EmptyExpression>: null

13-01-2025T07:11:19 - [TEST_STEP][PASSED] - for ([ii = 1, ii < 10, (ii++)]): null

13-01-2025T07:11:19 - [TEST_STEP][PASSED] - i1 = x.indexOf("/") + 1: null

13-01-2025T07:11:19 - [TEST_STEP][PASSED] - if (i1 > -1): null

13-01-2025T07:11:19 - [TEST_STEP][PASSED] - x = x.substring(i1, x.length()): null

13-01-2025T07:11:19 - [TEST_STEP][PASSED] - i1 = x.indexOf("/") + 1: null

13-01-2025T07:11:19 - [TEST_STEP][PASSED] - if (i1 > -1): null

13-01-2025T07:11:19 - [TEST_STEP][PASSED] - x = x.substring(i1, x.length()): null

13-01-2025T07:11:19 - [TEST_STEP][PASSED] - i1 = x.indexOf("/") + 1: null

13-01-2025T07:11:19 - [TEST_STEP][PASSED] - if (i1 > -1): null

13-01-2025T07:11:19 - [TEST_STEP][PASSED] - x = x.substring(i1, x.length()): null

13-01-2025T07:11:19 - [TEST_STEP][PASSED] - i1 = x.indexOf("/") + 1: null

13-01-2025T07:11:19 - [TEST_STEP][PASSED] - if (i1 > -1): null

13-01-2025T07:11:19 - [TEST_STEP][PASSED] - x = x.substring(i1, x.length()): null

13-01-2025T07:11:19 - [TEST_STEP][PASSED] - i1 = x.indexOf("/") + 1: null

13-01-2025T07:11:19 - [TEST_STEP][PASSED] - if (i1 > -1): null

13-01-2025T07:11:19 - [TEST_STEP][PASSED] - x = x.substring(i1, x.length()): null

13-01-2025T07:11:19 - [TEST_STEP][PASSED] - i1 = x.indexOf("/") + 1: null

13-01-2025T07:11:19 - [TEST_STEP][PASSED] - if (i1 > -1): null

13-01-2025T07:11:19 - [TEST_STEP][PASSED] - x = x.substring(i1, x.length()): null

13-01-2025T07:11:19 - [TEST_STEP][PASSED] - i1 = x.indexOf("/") + 1: null

13-01-2025T07:11:19 - [TEST_STEP][PASSED] - if (i1 > -1): null

13-01-2025T07:11:19 - [TEST_STEP][PASSED] - x = x.substring(i1, x.length()): null

13-01-2025T07:11:19 - [TEST_STEP][PASSED] - i1 = x.indexOf("/") + 1: null

13-01-2025T07:11:19 - [TEST_STEP][PASSED] - if (i1 > -1): null

13-01-2025T07:11:19 - [TEST_STEP][PASSED] - x = x.substring(i1, x.length()): null

13-01-2025T07:11:19 - [TEST_STEP][PASSED] - i1 = x.indexOf("/") + 1: null

13-01-2025T07:11:19 - [TEST_STEP][PASSED] - if (i1 > -1): null

13-01-2025T07:11:19 - [TEST_STEP][PASSED] - x = x.substring(i1, x.length()): null

13-01-2025T07:11:19 - [TEST_STEP][PASSED] - i1 = x.indexOf("/"): null

13-01-2025T07:11:19 - [TEST_STEP][PASSED] - if (i1 > -1): null

13-01-2025T07:11:19 - [TEST_STEP][PASSED] - println(x): null

13-01-2025T07:11:19 - [TEST_STEP][FAILED] - return x: null

13-01-2025T07:11:19 - [TEST_STEP][PASSED] - println(o1R + "/" + o1B): null

13-01-2025T07:11:19 - [TEST_STEP][FAILED] - if (verifyEqual(PercFactR, PercFactB) == false): null

13-01-2025T07:11:19 - [MESSAGE][FAILED] - Unable to verify equal between actual object 'нет данных' and expected object '10.89' (Root cause: com.kms.katalon.core.exception.StepFailedException: Actual object 'нет данных' and expected object '10.89' are not equal
	at com.kms.katalon.core.keyword.builtin.VerifyEqualKeyword$_verifyEqual_closure1.doCall(VerifyEqualKeyword.groovy:58)
	at com.kms.katalon.core.keyword.builtin.VerifyEqualKeyword$_verifyEqual_closure1.call(VerifyEqualKeyword.groovy)
	at com.kms.katalon.core.keyword.internal.KeywordMain.runKeyword(KeywordMain.groovy:75)
	at com.kms.katalon.core.keyword.builtin.VerifyEqualKeyword.verifyEqual(VerifyEqualKeyword.groovy:63)
	at com.kms.katalon.core.keyword.builtin.VerifyEqualKeyword.execute(VerifyEqualKeyword.groovy:44)
	at com.kms.katalon.core.keyword.internal.KeywordExecutor.executeKeywordForPlatform(KeywordExecutor.groovy:74)
	at com.kms.katalon.core.keyword.BuiltinKeywords.verifyEqual(BuiltinKeywords.groovy:146)
	at jdk.internal.reflect.GeneratedMethodAccessor25.invoke(Unknown Source)
	at java.base/jdk.internal.reflect.DelegatingMethodAccessorImpl.invoke(DelegatingMethodAccessorImpl.java:43)
	at Выполнение бизнес-плана сверка дашбордов - Copy.CompareDZOData(Выполнение бизнес-плана сверка дашбордов - Copy:789)
	at Выполнение бизнес-плана сверка дашбордов - Copy.run(Выполнение бизнес-плана сверка дашбордов - Copy:608)
	at com.kms.katalon.core.main.ScriptEngine.run(ScriptEngine.java:194)
	at com.kms.katalon.core.main.ScriptEngine.runScriptAsRawText(ScriptEngine.java:119)
	at com.kms.katalon.core.main.TestCaseExecutor.runScript(TestCaseExecutor.java:448)
	at com.kms.katalon.core.main.TestCaseExecutor.doExecute(TestCaseExecutor.java:439)
	at com.kms.katalon.core.main.TestCaseExecutor.processExecutionPhase(TestCaseExecutor.java:418)
	at com.kms.katalon.core.main.TestCaseExecutor.accessMainPhase(TestCaseExecutor.java:410)
	at com.kms.katalon.core.main.TestCaseExecutor.execute(TestCaseExecutor.java:285)
	at com.kms.katalon.core.common.CommonExecutor.accessTestCaseMainPhase(CommonExecutor.java:65)
	at com.kms.katalon.core.main.TestSuiteExecutor.accessTestSuiteMainPhase(TestSuiteExecutor.java:150)
	at com.kms.katalon.core.main.TestSuiteExecutor.execute(TestSuiteExecutor.java:106)
	at com.kms.katalon.core.main.TestCaseMain.startTestSuite(TestCaseMain.java:180)
	at TempTestSuite1736740835951.run(TempTestSuite1736740835951.groovy:35)
	at java.base/jdk.internal.reflect.NativeMethodAccessorImpl.invoke0(Native Method)
	at java.base/jdk.internal.reflect.NativeMethodAccessorImpl.invoke(NativeMethodAccessorImpl.java:77)
	at java.base/jdk.internal.reflect.DelegatingMethodAccessorImpl.invoke(DelegatingMethodAccessorImpl.java:43)
)

13-01-2025T07:11:19 - [TEST_STEP][PASSED] - result = WriteToExcel(typeOfData, todaysDate, PercPlanR, PercPlanB, PercFactR, PercFactB, x, tabR, tabB, o1R, o1B, vidget): null

13-01-2025T07:11:19 - [TEST_STEP][PASSED] - iii = dZO.indexOf("/"): null

13-01-2025T07:11:19 - [TEST_STEP][PASSED] - println(iii): null

13-01-2025T07:11:19 - [TEST_STEP][PASSED] - dZO = dZO.substring(0, iii): null

13-01-2025T07:11:19 - [TEST_STEP][PASSED] - println(dZO): null

13-01-2025T07:11:19 - [TEST_STEP][PASSED] - println(PercPlanR): null

13-01-2025T07:11:19 - [TEST_STEP][PASSED] - println(PercPlanB): null

13-01-2025T07:11:19 - [TEST_STEP][PASSED] - println(PercFactR): null

13-01-2025T07:11:19 - [TEST_STEP][PASSED] - println(PercFactB): null

13-01-2025T07:11:19 - [TEST_STEP][PASSED] - println(tabR): null

13-01-2025T07:11:19 - [TEST_STEP][PASSED] - println(tabB): null

13-01-2025T07:11:19 - [TEST_STEP][PASSED] - println(o1R): null

13-01-2025T07:11:19 - [TEST_STEP][PASSED] - println(o1B): null

13-01-2025T07:11:19 - [TEST_STEP][PASSED] - PR = <not implemented yet for class: org.codehaus.groovy.ast.expr.EmptyExpression>: null

13-01-2025T07:11:19 - [TEST_STEP][PASSED] - FR = <not implemented yet for class: org.codehaus.groovy.ast.expr.EmptyExpression>: null

13-01-2025T07:11:19 - [TEST_STEP][PASSED] - PB = <not implemented yet for class: org.codehaus.groovy.ast.expr.EmptyExpression>: null

13-01-2025T07:11:19 - [TEST_STEP][PASSED] - FB = <not implemented yet for class: org.codehaus.groovy.ast.expr.EmptyExpression>: null

13-01-2025T07:11:19 - [TEST_STEP][PASSED] - TR = <not implemented yet for class: org.codehaus.groovy.ast.expr.EmptyExpression>: null

13-01-2025T07:11:19 - [TEST_STEP][PASSED] - TB = <not implemented yet for class: org.codehaus.groovy.ast.expr.EmptyExpression>: null

13-01-2025T07:11:19 - [TEST_STEP][PASSED] - sheetName = "Sheet1": null

13-01-2025T07:11:19 - [TEST_STEP][PASSED] - data = findTestData("PlanFact"): null

13-01-2025T07:11:19 - [TEST_STEP][PASSED] - n = data.getRowNumbers() + 1: null

13-01-2025T07:11:19 - [TEST_STEP][PASSED] - year = todaysDate.substring(todaysDate.length() - 4, todaysDate.length()): null

13-01-2025T07:11:19 - [TEST_STEP][PASSED] - y = year.toInteger(): null

13-01-2025T07:11:19 - [TEST_STEP][PASSED] - m = getText(findTestObject("Выполнение бизнес-плана/Выполнение бизнес-плана Балансы/Фильтр Дата")): Text of object 'Object Repository/Выполнение бизнес-плана/Выполнение бизнес-плана Балансы/Фильтр Дата' is: '1, 2, 3 кв., Октябрь, Ноябрь 2024 года'

13-01-2025T07:11:19 - [MESSAGE][PASSED] - Text of object 'Object Repository/Выполнение бизнес-плана/Выполнение бизнес-плана Балансы/Фильтр Дата' is: '1, 2, 3 кв., Октябрь, Ноябрь 2024 года'

13-01-2025T07:11:19 - [TEST_STEP][PASSED] - m = m.substring(0, m.indexOf("2024")): null

13-01-2025T07:11:19 - [TEST_STEP][PASSED] - m = m.trim(): null

13-01-2025T07:11:19 - [TEST_STEP][PASSED] - dashboardName = "Выполнение бизнес-плана": null

13-01-2025T07:11:19 - [TEST_STEP][PASSED] - workbook01 = getWorkbook(excelFilePath): null

13-01-2025T07:11:19 - [TEST_STEP][PASSED] - sheet01 = getExcelSheet(workbook01, sheetName): null

13-01-2025T07:11:19 - [TEST_STEP][PASSED] - setValueToCellByIndex(sheet01, n, 0, dashboardName): null

13-01-2025T07:11:19 - [TEST_STEP][PASSED] - setValueToCellByIndex(sheet01, n, 1, dZO): null

13-01-2025T07:11:19 - [TEST_STEP][PASSED] - setValueToCellByIndex(sheet01, n, 2, typeOfData): null

13-01-2025T07:11:19 - [TEST_STEP][PASSED] - setValueToCellByIndex(sheet01, n, 3, typeOfData): null

13-01-2025T07:11:19 - [TEST_STEP][PASSED] - if (typeOfData == "План"): null

13-01-2025T07:11:19 - [TEST_STEP][PASSED] - else if (typeOfData == "Факт"): null

13-01-2025T07:11:19 - [TEST_STEP][PASSED] - else if (vidget.contains("электроэнергии") == true): null

13-01-2025T07:11:19 - [TEST_STEP][PASSED] - else: null

13-01-2025T07:11:19 - [TEST_STEP][PASSED] - if (o1R == null): null

13-01-2025T07:11:19 - [TEST_STEP][PASSED] - else: null

13-01-2025T07:11:19 - [TEST_STEP][PASSED] - if (o1R == "нет данных"): null

13-01-2025T07:11:19 - [TEST_STEP][PASSED] - setValueToCellByIndex(sheet01, n, 4, "нет данных"): null

13-01-2025T07:11:19 - [TEST_STEP][PASSED] - if (o1B == null): null

13-01-2025T07:11:19 - [TEST_STEP][PASSED] - else: null

13-01-2025T07:11:19 - [TEST_STEP][PASSED] - if (o1B == "нет данных"): null

13-01-2025T07:11:19 - [TEST_STEP][PASSED] - else: null

13-01-2025T07:11:19 - [TEST_STEP][PASSED] - FB = o1B.toDouble(): null

13-01-2025T07:11:19 - [TEST_STEP][PASSED] - setValueToCellByIndex(sheet01, n, 5, FB): null

13-01-2025T07:11:19 - [TEST_STEP][PASSED] - setValueToCellByIndex(sheet01, n, 6, m): null

13-01-2025T07:11:19 - [TEST_STEP][PASSED] - setValueToCellByIndex(sheet01, n, 7, y): null

13-01-2025T07:11:19 - [TEST_STEP][PASSED] - setValueToCellByIndex(sheet01, n, 8, todaysDate): null

13-01-2025T07:11:19 - [TEST_STEP][PASSED] - n = n + 1: null

13-01-2025T07:11:19 - [TEST_STEP][FAILED] - saveWorkbook(excelFilePath, workbook01): null

13-01-2025T07:11:20 - [TEST_STEP][FAILED] - if (verifyEqual(mR, mB) == false): null

13-01-2025T07:11:20 - [MESSAGE][FAILED] - Unable to verify equal between actual object 'Россети Московский регион/нет данных/нет данных/нет данных/нет данных/нет данных/нет данных/нет данных/нет данных/нет данных' and expected object 'Россети Московский регион/7.39/7.58/93807453/86700170/7107284/129192/нет данных/нет данных/0.19' (Root cause: com.kms.katalon.core.exception.StepFailedException: Actual object 'Россети Московский регион/нет данных/нет данных/нет данных/нет данных/нет данных/нет данных/нет данных/нет данных/нет данных' and expected object 'Россети Московский регион/7.39/7.58/93807453/86700170/7107284/129192/нет данных/нет данных/0.19' are not equal
	at com.kms.katalon.core.keyword.builtin.VerifyEqualKeyword$_verifyEqual_closure1.doCall(VerifyEqualKeyword.groovy:58)
	at com.kms.katalon.core.keyword.builtin.VerifyEqualKeyword$_verifyEqual_closure1.call(VerifyEqualKeyword.groovy)
	at com.kms.katalon.core.keyword.internal.KeywordMain.runKeyword(KeywordMain.groovy:75)
	at com.kms.katalon.core.keyword.builtin.VerifyEqualKeyword.verifyEqual(VerifyEqualKeyword.groovy:63)
	at com.kms.katalon.core.keyword.builtin.VerifyEqualKeyword.execute(VerifyEqualKeyword.groovy:44)
	at com.kms.katalon.core.keyword.internal.KeywordExecutor.executeKeywordForPlatform(KeywordExecutor.groovy:74)
	at com.kms.katalon.core.keyword.BuiltinKeywords.verifyEqual(BuiltinKeywords.groovy:146)
	at jdk.internal.reflect.GeneratedMethodAccessor25.invoke(Unknown Source)
	at java.base/jdk.internal.reflect.DelegatingMethodAccessorImpl.invoke(DelegatingMethodAccessorImpl.java:43)
	at Выполнение бизнес-плана сверка дашбордов - Copy.run(Выполнение бизнес-плана сверка дашбордов - Copy:612)
	at com.kms.katalon.core.main.ScriptEngine.run(ScriptEngine.java:194)
	at com.kms.katalon.core.main.ScriptEngine.runScriptAsRawText(ScriptEngine.java:119)
	at com.kms.katalon.core.main.TestCaseExecutor.runScript(TestCaseExecutor.java:448)
	at com.kms.katalon.core.main.TestCaseExecutor.doExecute(TestCaseExecutor.java:439)
	at com.kms.katalon.core.main.TestCaseExecutor.processExecutionPhase(TestCaseExecutor.java:418)
	at com.kms.katalon.core.main.TestCaseExecutor.accessMainPhase(TestCaseExecutor.java:410)
	at com.kms.katalon.core.main.TestCaseExecutor.execute(TestCaseExecutor.java:285)
	at com.kms.katalon.core.common.CommonExecutor.accessTestCaseMainPhase(CommonExecutor.java:65)
	at com.kms.katalon.core.main.TestSuiteExecutor.accessTestSuiteMainPhase(TestSuiteExecutor.java:150)
	at com.kms.katalon.core.main.TestSuiteExecutor.execute(TestSuiteExecutor.java:106)
	at com.kms.katalon.core.main.TestCaseMain.startTestSuite(TestCaseMain.java:180)
	at TempTestSuite1736740835951.run(TempTestSuite1736740835951.groovy:35)
	at java.base/jdk.internal.reflect.NativeMethodAccessorImpl.invoke0(Native Method)
	at java.base/jdk.internal.reflect.NativeMethodAccessorImpl.invoke(NativeMethodAccessorImpl.java:77)
	at java.base/jdk.internal.reflect.DelegatingMethodAccessorImpl.invoke(DelegatingMethodAccessorImpl.java:43)
)

13-01-2025T07:11:20 - [TEST_STEP][PASSED] - result = CompareDZOData(a = mR, b = mB, dZO, typeOfData, PercPlanR, PercPlanB, PercFactR, PercFactB, todaysDate, x, vidget, tabR, tabB, o1R, o1B): null

13-01-2025T07:11:20 - [TEST_STEP][PASSED] - ii2 = <not implemented yet for class: org.codehaus.groovy.ast.expr.EmptyExpression>: null

13-01-2025T07:11:20 - [TEST_STEP][FAILED] - if (verifyEqual(a, b) == false): null

13-01-2025T07:11:20 - [MESSAGE][FAILED] - Unable to verify equal between actual object 'Россети Московский регион/нет данных/нет данных/нет данных/нет данных/нет данных/нет данных/нет данных/нет данных/нет данных' and expected object 'Россети Московский регион/7.39/7.58/93807453/86700170/7107284/129192/нет данных/нет данных/0.19' (Root cause: com.kms.katalon.core.exception.StepFailedException: Actual object 'Россети Московский регион/нет данных/нет данных/нет данных/нет данных/нет данных/нет данных/нет данных/нет данных/нет данных' and expected object 'Россети Московский регион/7.39/7.58/93807453/86700170/7107284/129192/нет данных/нет данных/0.19' are not equal
	at com.kms.katalon.core.keyword.builtin.VerifyEqualKeyword$_verifyEqual_closure1.doCall(VerifyEqualKeyword.groovy:58)
	at com.kms.katalon.core.keyword.builtin.VerifyEqualKeyword$_verifyEqual_closure1.call(VerifyEqualKeyword.groovy)
	at com.kms.katalon.core.keyword.internal.KeywordMain.runKeyword(KeywordMain.groovy:75)
	at com.kms.katalon.core.keyword.builtin.VerifyEqualKeyword.verifyEqual(VerifyEqualKeyword.groovy:63)
	at com.kms.katalon.core.keyword.builtin.VerifyEqualKeyword.execute(VerifyEqualKeyword.groovy:44)
	at com.kms.katalon.core.keyword.internal.KeywordExecutor.executeKeywordForPlatform(KeywordExecutor.groovy:74)
	at com.kms.katalon.core.keyword.BuiltinKeywords.verifyEqual(BuiltinKeywords.groovy:146)
	at jdk.internal.reflect.GeneratedMethodAccessor25.invoke(Unknown Source)
	at java.base/jdk.internal.reflect.DelegatingMethodAccessorImpl.invoke(DelegatingMethodAccessorImpl.java:43)
	at Выполнение бизнес-плана сверка дашбордов - Copy.CompareDZOData(Выполнение бизнес-плана сверка дашбордов - Copy:673)
	at Выполнение бизнес-плана сверка дашбордов - Copy.run(Выполнение бизнес-плана сверка дашбордов - Copy:613)
	at com.kms.katalon.core.main.ScriptEngine.run(ScriptEngine.java:194)
	at com.kms.katalon.core.main.ScriptEngine.runScriptAsRawText(ScriptEngine.java:119)
	at com.kms.katalon.core.main.TestCaseExecutor.runScript(TestCaseExecutor.java:448)
	at com.kms.katalon.core.main.TestCaseExecutor.doExecute(TestCaseExecutor.java:439)
	at com.kms.katalon.core.main.TestCaseExecutor.processExecutionPhase(TestCaseExecutor.java:418)
	at com.kms.katalon.core.main.TestCaseExecutor.accessMainPhase(TestCaseExecutor.java:410)
	at com.kms.katalon.core.main.TestCaseExecutor.execute(TestCaseExecutor.java:285)
	at com.kms.katalon.core.common.CommonExecutor.accessTestCaseMainPhase(CommonExecutor.java:65)
	at com.kms.katalon.core.main.TestSuiteExecutor.accessTestSuiteMainPhase(TestSuiteExecutor.java:150)
	at com.kms.katalon.core.main.TestSuiteExecutor.execute(TestSuiteExecutor.java:106)
	at com.kms.katalon.core.main.TestCaseMain.startTestSuite(TestCaseMain.java:180)
	at TempTestSuite1736740835951.run(TempTestSuite1736740835951.groovy:35)
	at java.base/jdk.internal.reflect.NativeMethodAccessorImpl.invoke0(Native Method)
	at java.base/jdk.internal.reflect.NativeMethodAccessorImpl.invoke(NativeMethodAccessorImpl.java:77)
	at java.base/jdk.internal.reflect.DelegatingMethodAccessorImpl.invoke(DelegatingMethodAccessorImpl.java:43)
)

13-01-2025T07:11:20 - [TEST_STEP][PASSED] - vidget = "Уровень потерь электроэнергии": null

13-01-2025T07:11:20 - [TEST_STEP][PASSED] - typeOfData = "План": null

13-01-2025T07:11:20 - [TEST_STEP][PASSED] - PercPlanR = GetPercPlanR(x = a): null

13-01-2025T07:11:20 - [TEST_STEP][PASSED] - i1 = <not implemented yet for class: org.codehaus.groovy.ast.expr.EmptyExpression>: null

13-01-2025T07:11:20 - [TEST_STEP][PASSED] - i1 = x.indexOf("/") + 1: null

13-01-2025T07:11:20 - [TEST_STEP][PASSED] - if (i1 > -1): null

13-01-2025T07:11:20 - [TEST_STEP][PASSED] - x = x.substring(i1, x.length()): null

13-01-2025T07:11:20 - [TEST_STEP][PASSED] - i1 = x.indexOf("/"): null

13-01-2025T07:11:20 - [TEST_STEP][PASSED] - if (i1 > -1): null

13-01-2025T07:11:20 - [TEST_STEP][PASSED] - x = x.substring(0, i1): null

13-01-2025T07:11:20 - [TEST_STEP][PASSED] - return x: null

13-01-2025T07:11:20 - [TEST_STEP][PASSED] - PercPlanB = GetPercPlanB(x = b): null

13-01-2025T07:11:20 - [TEST_STEP][PASSED] - i1 = <not implemented yet for class: org.codehaus.groovy.ast.expr.EmptyExpression>: null

13-01-2025T07:11:20 - [TEST_STEP][PASSED] - i1 = x.indexOf("/") + 1: null

13-01-2025T07:11:20 - [TEST_STEP][PASSED] - if (i1 > -1): null

13-01-2025T07:11:20 - [TEST_STEP][PASSED] - x = x.substring(i1, x.length()): null

13-01-2025T07:11:20 - [TEST_STEP][PASSED] - i1 = x.indexOf("/"): null

13-01-2025T07:11:20 - [TEST_STEP][PASSED] - if (i1 > -1): null

13-01-2025T07:11:20 - [TEST_STEP][PASSED] - x = x.substring(0, i1): null

13-01-2025T07:11:20 - [TEST_STEP][FAILED] - return x: null

13-01-2025T07:11:20 - [TEST_STEP][FAILED] - if (verifyEqual(PercPlanR, PercPlanB) == false): null

13-01-2025T07:11:20 - [MESSAGE][FAILED] - Unable to verify equal between actual object 'нет данных' and expected object '7.39' (Root cause: com.kms.katalon.core.exception.StepFailedException: Actual object 'нет данных' and expected object '7.39' are not equal
	at com.kms.katalon.core.keyword.builtin.VerifyEqualKeyword$_verifyEqual_closure1.doCall(VerifyEqualKeyword.groovy:58)
	at com.kms.katalon.core.keyword.builtin.VerifyEqualKeyword$_verifyEqual_closure1.call(VerifyEqualKeyword.groovy)
	at com.kms.katalon.core.keyword.internal.KeywordMain.runKeyword(KeywordMain.groovy:75)
	at com.kms.katalon.core.keyword.builtin.VerifyEqualKeyword.verifyEqual(VerifyEqualKeyword.groovy:63)
	at com.kms.katalon.core.keyword.builtin.VerifyEqualKeyword.execute(VerifyEqualKeyword.groovy:44)
	at com.kms.katalon.core.keyword.internal.KeywordExecutor.executeKeywordForPlatform(KeywordExecutor.groovy:74)
	at com.kms.katalon.core.keyword.BuiltinKeywords.verifyEqual(BuiltinKeywords.groovy:146)
	at jdk.internal.reflect.GeneratedMethodAccessor25.invoke(Unknown Source)
	at java.base/jdk.internal.reflect.DelegatingMethodAccessorImpl.invoke(DelegatingMethodAccessorImpl.java:43)
	at Выполнение бизнес-плана сверка дашбордов - Copy.CompareDZOData(Выполнение бизнес-плана сверка дашбордов - Copy:682)
	at Выполнение бизнес-плана сверка дашбордов - Copy.run(Выполнение бизнес-плана сверка дашбордов - Copy:613)
	at com.kms.katalon.core.main.ScriptEngine.run(ScriptEngine.java:194)
	at com.kms.katalon.core.main.ScriptEngine.runScriptAsRawText(ScriptEngine.java:119)
	at com.kms.katalon.core.main.TestCaseExecutor.runScript(TestCaseExecutor.java:448)
	at com.kms.katalon.core.main.TestCaseExecutor.doExecute(TestCaseExecutor.java:439)
	at com.kms.katalon.core.main.TestCaseExecutor.processExecutionPhase(TestCaseExecutor.java:418)
	at com.kms.katalon.core.main.TestCaseExecutor.accessMainPhase(TestCaseExecutor.java:410)
	at com.kms.katalon.core.main.TestCaseExecutor.execute(TestCaseExecutor.java:285)
	at com.kms.katalon.core.common.CommonExecutor.accessTestCaseMainPhase(CommonExecutor.java:65)
	at com.kms.katalon.core.main.TestSuiteExecutor.accessTestSuiteMainPhase(TestSuiteExecutor.java:150)
	at com.kms.katalon.core.main.TestSuiteExecutor.execute(TestSuiteExecutor.java:106)
	at com.kms.katalon.core.main.TestCaseMain.startTestSuite(TestCaseMain.java:180)
	at TempTestSuite1736740835951.run(TempTestSuite1736740835951.groovy:35)
	at java.base/jdk.internal.reflect.NativeMethodAccessorImpl.invoke0(Native Method)
	at java.base/jdk.internal.reflect.NativeMethodAccessorImpl.invoke(NativeMethodAccessorImpl.java:77)
	at java.base/jdk.internal.reflect.DelegatingMethodAccessorImpl.invoke(DelegatingMethodAccessorImpl.java:43)
)

13-01-2025T07:11:20 - [TEST_STEP][PASSED] - result = WriteToExcel(typeOfData, todaysDate, PercPlanR, PercPlanB, PercFactR, PercFactB, x, tabR, tabB, o1R, o1B, vidget): null

13-01-2025T07:11:20 - [TEST_STEP][PASSED] - iii = dZO.indexOf("/"): null

13-01-2025T07:11:20 - [TEST_STEP][PASSED] - println(iii): null

13-01-2025T07:11:20 - [TEST_STEP][PASSED] - dZO = dZO.substring(0, iii): null

13-01-2025T07:11:20 - [TEST_STEP][PASSED] - println(dZO): null

13-01-2025T07:11:20 - [TEST_STEP][PASSED] - println(PercPlanR): null

13-01-2025T07:11:20 - [TEST_STEP][PASSED] - println(PercPlanB): null

13-01-2025T07:11:20 - [TEST_STEP][PASSED] - println(PercFactR): null

13-01-2025T07:11:20 - [TEST_STEP][PASSED] - println(PercFactB): null

13-01-2025T07:11:20 - [TEST_STEP][PASSED] - println(tabR): null

13-01-2025T07:11:20 - [TEST_STEP][PASSED] - println(tabB): null

13-01-2025T07:11:20 - [TEST_STEP][PASSED] - println(o1R): null

13-01-2025T07:11:20 - [TEST_STEP][PASSED] - println(o1B): null

13-01-2025T07:11:20 - [TEST_STEP][PASSED] - PR = <not implemented yet for class: org.codehaus.groovy.ast.expr.EmptyExpression>: null

13-01-2025T07:11:20 - [TEST_STEP][PASSED] - FR = <not implemented yet for class: org.codehaus.groovy.ast.expr.EmptyExpression>: null

13-01-2025T07:11:20 - [TEST_STEP][PASSED] - PB = <not implemented yet for class: org.codehaus.groovy.ast.expr.EmptyExpression>: null

13-01-2025T07:11:20 - [TEST_STEP][PASSED] - FB = <not implemented yet for class: org.codehaus.groovy.ast.expr.EmptyExpression>: null

13-01-2025T07:11:20 - [TEST_STEP][PASSED] - TR = <not implemented yet for class: org.codehaus.groovy.ast.expr.EmptyExpression>: null

13-01-2025T07:11:20 - [TEST_STEP][PASSED] - TB = <not implemented yet for class: org.codehaus.groovy.ast.expr.EmptyExpression>: null

13-01-2025T07:11:20 - [TEST_STEP][PASSED] - sheetName = "Sheet1": null

13-01-2025T07:11:20 - [TEST_STEP][PASSED] - data = findTestData("PlanFact"): null

13-01-2025T07:11:20 - [TEST_STEP][PASSED] - n = data.getRowNumbers() + 1: null

13-01-2025T07:11:20 - [TEST_STEP][PASSED] - year = todaysDate.substring(todaysDate.length() - 4, todaysDate.length()): null

13-01-2025T07:11:20 - [TEST_STEP][PASSED] - y = year.toInteger(): null

13-01-2025T07:11:20 - [TEST_STEP][PASSED] - m = getText(findTestObject("Выполнение бизнес-плана/Выполнение бизнес-плана Балансы/Фильтр Дата")): Text of object 'Object Repository/Выполнение бизнес-плана/Выполнение бизнес-плана Балансы/Фильтр Дата' is: '1, 2, 3 кв., Октябрь, Ноябрь 2024 года'

13-01-2025T07:11:20 - [MESSAGE][PASSED] - Text of object 'Object Repository/Выполнение бизнес-плана/Выполнение бизнес-плана Балансы/Фильтр Дата' is: '1, 2, 3 кв., Октябрь, Ноябрь 2024 года'

13-01-2025T07:11:20 - [TEST_STEP][PASSED] - m = m.substring(0, m.indexOf("2024")): null

13-01-2025T07:11:20 - [TEST_STEP][PASSED] - m = m.trim(): null

13-01-2025T07:11:20 - [TEST_STEP][PASSED] - dashboardName = "Выполнение бизнес-плана": null

13-01-2025T07:11:20 - [TEST_STEP][PASSED] - workbook01 = getWorkbook(excelFilePath): null

13-01-2025T07:11:20 - [TEST_STEP][PASSED] - sheet01 = getExcelSheet(workbook01, sheetName): null

13-01-2025T07:11:20 - [TEST_STEP][PASSED] - setValueToCellByIndex(sheet01, n, 0, dashboardName): null

13-01-2025T07:11:20 - [TEST_STEP][PASSED] - setValueToCellByIndex(sheet01, n, 1, dZO): null

13-01-2025T07:11:20 - [TEST_STEP][PASSED] - setValueToCellByIndex(sheet01, n, 2, typeOfData): null

13-01-2025T07:11:20 - [TEST_STEP][PASSED] - setValueToCellByIndex(sheet01, n, 3, typeOfData): null

13-01-2025T07:11:20 - [TEST_STEP][PASSED] - if (typeOfData == "План"): null

13-01-2025T07:11:20 - [TEST_STEP][PASSED] - if (PercPlanR == null): null

13-01-2025T07:11:20 - [TEST_STEP][PASSED] - else: null

13-01-2025T07:11:20 - [TEST_STEP][PASSED] - if (PercPlanR == "нет данных"): null

13-01-2025T07:11:20 - [TEST_STEP][PASSED] - setValueToCellByIndex(sheet01, n, 4, "нет данных"): null

13-01-2025T07:11:20 - [TEST_STEP][PASSED] - if (PercPlanB == null): null

13-01-2025T07:11:20 - [TEST_STEP][PASSED] - else: null

13-01-2025T07:11:20 - [TEST_STEP][PASSED] - if (PercPlanB == "нет данных"): null

13-01-2025T07:11:20 - [TEST_STEP][PASSED] - else: null

13-01-2025T07:11:20 - [TEST_STEP][PASSED] - PB = PercPlanB.toDouble(): null

13-01-2025T07:11:20 - [TEST_STEP][PASSED] - setValueToCellByIndex(sheet01, n, 5, PB): null

13-01-2025T07:11:20 - [TEST_STEP][PASSED] - setValueToCellByIndex(sheet01, n, 6, m): null

13-01-2025T07:11:20 - [TEST_STEP][PASSED] - setValueToCellByIndex(sheet01, n, 7, y): null

13-01-2025T07:11:20 - [TEST_STEP][PASSED] - setValueToCellByIndex(sheet01, n, 8, todaysDate): null

13-01-2025T07:11:20 - [TEST_STEP][PASSED] - n = n + 1: null

13-01-2025T07:11:20 - [TEST_STEP][PASSED] - saveWorkbook(excelFilePath, workbook01): null

13-01-2025T07:11:20 - [TEST_STEP][PASSED] - typeOfData = "Факт": null

13-01-2025T07:11:20 - [TEST_STEP][PASSED] - PercFactR = GetPercFactR(x = a): null

13-01-2025T07:11:20 - [TEST_STEP][PASSED] - i1 = <not implemented yet for class: org.codehaus.groovy.ast.expr.EmptyExpression>: null

13-01-2025T07:11:20 - [TEST_STEP][PASSED] - ii = <not implemented yet for class: org.codehaus.groovy.ast.expr.EmptyExpression>: null

13-01-2025T07:11:20 - [TEST_STEP][PASSED] - for ([ii = 1, ii < 3, (ii++)]): null

13-01-2025T07:11:20 - [TEST_STEP][PASSED] - i1 = x.indexOf("/") + 1: null

13-01-2025T07:11:20 - [TEST_STEP][PASSED] - if (i1 > -1): null

13-01-2025T07:11:20 - [TEST_STEP][PASSED] - x = x.substring(i1, x.length()): null

13-01-2025T07:11:20 - [TEST_STEP][PASSED] - println(x): null

13-01-2025T07:11:20 - [TEST_STEP][PASSED] - i1 = x.indexOf("/") + 1: null

13-01-2025T07:11:20 - [TEST_STEP][PASSED] - if (i1 > -1): null

13-01-2025T07:11:20 - [TEST_STEP][PASSED] - x = x.substring(i1, x.length()): null

13-01-2025T07:11:20 - [TEST_STEP][PASSED] - println(x): null

13-01-2025T07:11:20 - [TEST_STEP][PASSED] - i1 = x.indexOf("/"): null

13-01-2025T07:11:20 - [TEST_STEP][PASSED] - if (i1 > -1): null

13-01-2025T07:11:20 - [TEST_STEP][PASSED] - x = x.substring(0, i1): null

13-01-2025T07:11:20 - [TEST_STEP][PASSED] - println(x): null

13-01-2025T07:11:20 - [TEST_STEP][PASSED] - return x: null

13-01-2025T07:11:20 - [TEST_STEP][PASSED] - PercFactB = GetPercFactB(x = b): null

13-01-2025T07:11:20 - [TEST_STEP][PASSED] - i1 = <not implemented yet for class: org.codehaus.groovy.ast.expr.EmptyExpression>: null

13-01-2025T07:11:20 - [TEST_STEP][PASSED] - ii = <not implemented yet for class: org.codehaus.groovy.ast.expr.EmptyExpression>: null

13-01-2025T07:11:20 - [TEST_STEP][PASSED] - for ([ii = 1, ii < 3, (ii++)]): null

13-01-2025T07:11:20 - [TEST_STEP][PASSED] - i1 = x.indexOf("/") + 1: null

13-01-2025T07:11:20 - [TEST_STEP][PASSED] - if (i1 > -1): null

13-01-2025T07:11:20 - [TEST_STEP][PASSED] - x = x.substring(i1, x.length()): null

13-01-2025T07:11:20 - [TEST_STEP][PASSED] - println(x): null

13-01-2025T07:11:20 - [TEST_STEP][PASSED] - i1 = x.indexOf("/") + 1: null

13-01-2025T07:11:20 - [TEST_STEP][PASSED] - if (i1 > -1): null

13-01-2025T07:11:20 - [TEST_STEP][PASSED] - x = x.substring(i1, x.length()): null

13-01-2025T07:11:20 - [TEST_STEP][PASSED] - println(x): null

13-01-2025T07:11:20 - [TEST_STEP][PASSED] - i1 = x.indexOf("/"): null

13-01-2025T07:11:20 - [TEST_STEP][PASSED] - if (i1 > -1): null

13-01-2025T07:11:20 - [TEST_STEP][PASSED] - x = x.substring(0, i1): null

13-01-2025T07:11:20 - [TEST_STEP][PASSED] - println(x): null

13-01-2025T07:11:20 - [TEST_STEP][FAILED] - return x: null

13-01-2025T07:11:20 - [TEST_STEP][FAILED] - if (verifyEqual(PercFactR, PercFactB) == false): null

13-01-2025T07:11:20 - [MESSAGE][FAILED] - Unable to verify equal between actual object 'нет данных' and expected object '7.58' (Root cause: com.kms.katalon.core.exception.StepFailedException: Actual object 'нет данных' and expected object '7.58' are not equal
	at com.kms.katalon.core.keyword.builtin.VerifyEqualKeyword$_verifyEqual_closure1.doCall(VerifyEqualKeyword.groovy:58)
	at com.kms.katalon.core.keyword.builtin.VerifyEqualKeyword$_verifyEqual_closure1.call(VerifyEqualKeyword.groovy)
	at com.kms.katalon.core.keyword.internal.KeywordMain.runKeyword(KeywordMain.groovy:75)
	at com.kms.katalon.core.keyword.builtin.VerifyEqualKeyword.verifyEqual(VerifyEqualKeyword.groovy:63)
	at com.kms.katalon.core.keyword.builtin.VerifyEqualKeyword.execute(VerifyEqualKeyword.groovy:44)
	at com.kms.katalon.core.keyword.internal.KeywordExecutor.executeKeywordForPlatform(KeywordExecutor.groovy:74)
	at com.kms.katalon.core.keyword.BuiltinKeywords.verifyEqual(BuiltinKeywords.groovy:146)
	at jdk.internal.reflect.GeneratedMethodAccessor25.invoke(Unknown Source)
	at java.base/jdk.internal.reflect.DelegatingMethodAccessorImpl.invoke(DelegatingMethodAccessorImpl.java:43)
	at Выполнение бизнес-плана сверка дашбордов - Copy.CompareDZOData(Выполнение бизнес-плана сверка дашбордов - Copy:693)
	at Выполнение бизнес-плана сверка дашбордов - Copy.run(Выполнение бизнес-плана сверка дашбордов - Copy:613)
	at com.kms.katalon.core.main.ScriptEngine.run(ScriptEngine.java:194)
	at com.kms.katalon.core.main.ScriptEngine.runScriptAsRawText(ScriptEngine.java:119)
	at com.kms.katalon.core.main.TestCaseExecutor.runScript(TestCaseExecutor.java:448)
	at com.kms.katalon.core.main.TestCaseExecutor.doExecute(TestCaseExecutor.java:439)
	at com.kms.katalon.core.main.TestCaseExecutor.processExecutionPhase(TestCaseExecutor.java:418)
	at com.kms.katalon.core.main.TestCaseExecutor.accessMainPhase(TestCaseExecutor.java:410)
	at com.kms.katalon.core.main.TestCaseExecutor.execute(TestCaseExecutor.java:285)
	at com.kms.katalon.core.common.CommonExecutor.accessTestCaseMainPhase(CommonExecutor.java:65)
	at com.kms.katalon.core.main.TestSuiteExecutor.accessTestSuiteMainPhase(TestSuiteExecutor.java:150)
	at com.kms.katalon.core.main.TestSuiteExecutor.execute(TestSuiteExecutor.java:106)
	at com.kms.katalon.core.main.TestCaseMain.startTestSuite(TestCaseMain.java:180)
	at TempTestSuite1736740835951.run(TempTestSuite1736740835951.groovy:35)
	at java.base/jdk.internal.reflect.NativeMethodAccessorImpl.invoke0(Native Method)
	at java.base/jdk.internal.reflect.NativeMethodAccessorImpl.invoke(NativeMethodAccessorImpl.java:77)
	at java.base/jdk.internal.reflect.DelegatingMethodAccessorImpl.invoke(DelegatingMethodAccessorImpl.java:43)
)

13-01-2025T07:11:20 - [TEST_STEP][PASSED] - result = WriteToExcel(typeOfData, todaysDate, PercPlanR, PercPlanB, PercFactR, PercFactB, x, tabR, tabB, o1R, o1B, vidget): null

13-01-2025T07:11:20 - [TEST_STEP][PASSED] - iii = dZO.indexOf("/"): null

13-01-2025T07:11:20 - [TEST_STEP][PASSED] - println(iii): null

13-01-2025T07:11:20 - [TEST_STEP][PASSED] - dZO = dZO.substring(0, iii): null

13-01-2025T07:11:20 - [TEST_STEP][PASSED] - println(dZO): null

13-01-2025T07:11:20 - [TEST_STEP][PASSED] - println(PercPlanR): null

13-01-2025T07:11:20 - [TEST_STEP][PASSED] - println(PercPlanB): null

13-01-2025T07:11:20 - [TEST_STEP][PASSED] - println(PercFactR): null

13-01-2025T07:11:20 - [TEST_STEP][PASSED] - println(PercFactB): null

13-01-2025T07:11:20 - [TEST_STEP][PASSED] - println(tabR): null

13-01-2025T07:11:20 - [TEST_STEP][PASSED] - println(tabB): null

13-01-2025T07:11:20 - [TEST_STEP][PASSED] - println(o1R): null

13-01-2025T07:11:20 - [TEST_STEP][PASSED] - println(o1B): null

13-01-2025T07:11:20 - [TEST_STEP][PASSED] - PR = <not implemented yet for class: org.codehaus.groovy.ast.expr.EmptyExpression>: null

13-01-2025T07:11:20 - [TEST_STEP][PASSED] - FR = <not implemented yet for class: org.codehaus.groovy.ast.expr.EmptyExpression>: null

13-01-2025T07:11:20 - [TEST_STEP][PASSED] - PB = <not implemented yet for class: org.codehaus.groovy.ast.expr.EmptyExpression>: null

13-01-2025T07:11:20 - [TEST_STEP][PASSED] - FB = <not implemented yet for class: org.codehaus.groovy.ast.expr.EmptyExpression>: null

13-01-2025T07:11:20 - [TEST_STEP][PASSED] - TR = <not implemented yet for class: org.codehaus.groovy.ast.expr.EmptyExpression>: null

13-01-2025T07:11:20 - [TEST_STEP][PASSED] - TB = <not implemented yet for class: org.codehaus.groovy.ast.expr.EmptyExpression>: null

13-01-2025T07:11:20 - [TEST_STEP][PASSED] - sheetName = "Sheet1": null

13-01-2025T07:11:20 - [TEST_STEP][PASSED] - data = findTestData("PlanFact"): null

13-01-2025T07:11:20 - [TEST_STEP][PASSED] - n = data.getRowNumbers() + 1: null

13-01-2025T07:11:20 - [TEST_STEP][PASSED] - year = todaysDate.substring(todaysDate.length() - 4, todaysDate.length()): null

13-01-2025T07:11:20 - [TEST_STEP][PASSED] - y = year.toInteger(): null

13-01-2025T07:11:20 - [TEST_STEP][PASSED] - m = getText(findTestObject("Выполнение бизнес-плана/Выполнение бизнес-плана Балансы/Фильтр Дата")): Text of object 'Object Repository/Выполнение бизнес-плана/Выполнение бизнес-плана Балансы/Фильтр Дата' is: '1, 2, 3 кв., Октябрь, Ноябрь 2024 года'

13-01-2025T07:11:21 - [MESSAGE][PASSED] - Text of object 'Object Repository/Выполнение бизнес-плана/Выполнение бизнес-плана Балансы/Фильтр Дата' is: '1, 2, 3 кв., Октябрь, Ноябрь 2024 года'

13-01-2025T07:11:21 - [TEST_STEP][PASSED] - m = m.substring(0, m.indexOf("2024")): null

13-01-2025T07:11:21 - [TEST_STEP][PASSED] - m = m.trim(): null

13-01-2025T07:11:21 - [TEST_STEP][PASSED] - dashboardName = "Выполнение бизнес-плана": null

13-01-2025T07:11:21 - [TEST_STEP][PASSED] - workbook01 = getWorkbook(excelFilePath): null

13-01-2025T07:11:21 - [TEST_STEP][PASSED] - sheet01 = getExcelSheet(workbook01, sheetName): null

13-01-2025T07:11:21 - [TEST_STEP][PASSED] - setValueToCellByIndex(sheet01, n, 0, dashboardName): null

13-01-2025T07:11:21 - [TEST_STEP][PASSED] - setValueToCellByIndex(sheet01, n, 1, dZO): null

13-01-2025T07:11:21 - [TEST_STEP][PASSED] - setValueToCellByIndex(sheet01, n, 2, typeOfData): null

13-01-2025T07:11:21 - [TEST_STEP][PASSED] - setValueToCellByIndex(sheet01, n, 3, typeOfData): null

13-01-2025T07:11:21 - [TEST_STEP][PASSED] - if (typeOfData == "План"): null

13-01-2025T07:11:21 - [TEST_STEP][PASSED] - else if (typeOfData == "Факт"): null

13-01-2025T07:11:21 - [TEST_STEP][PASSED] - if (PercFactR == null): null

13-01-2025T07:11:21 - [TEST_STEP][PASSED] - else: null

13-01-2025T07:11:21 - [TEST_STEP][PASSED] - if (PercFactR == "нет данных"): null

13-01-2025T07:11:21 - [TEST_STEP][PASSED] - setValueToCellByIndex(sheet01, n, 4, "нет данных"): null

13-01-2025T07:11:21 - [TEST_STEP][PASSED] - if (PercFactB == null): null

13-01-2025T07:11:21 - [TEST_STEP][PASSED] - else: null

13-01-2025T07:11:21 - [TEST_STEP][PASSED] - if (PercFactB == "нет данных"): null

13-01-2025T07:11:21 - [TEST_STEP][PASSED] - else: null

13-01-2025T07:11:21 - [TEST_STEP][PASSED] - FB = PercFactB.toDouble(): null

13-01-2025T07:11:21 - [TEST_STEP][PASSED] - setValueToCellByIndex(sheet01, n, 5, FB): null

13-01-2025T07:11:21 - [TEST_STEP][PASSED] - setValueToCellByIndex(sheet01, n, 6, m): null

13-01-2025T07:11:21 - [TEST_STEP][PASSED] - setValueToCellByIndex(sheet01, n, 7, y): null

13-01-2025T07:11:21 - [TEST_STEP][PASSED] - setValueToCellByIndex(sheet01, n, 8, todaysDate): null

13-01-2025T07:11:21 - [TEST_STEP][PASSED] - n = n + 1: null

13-01-2025T07:11:21 - [TEST_STEP][PASSED] - saveWorkbook(excelFilePath, workbook01): null

13-01-2025T07:11:21 - [TEST_STEP][PASSED] - vidget = "Показатели баланса электроэнергии по ДЗО – Факт": null

13-01-2025T07:11:21 - [TEST_STEP][PASSED] - typeOfData = "Факт Отпуск в сеть": null

13-01-2025T07:11:21 - [TEST_STEP][PASSED] - tabR = GetOvSFactR(x = a): null

13-01-2025T07:11:21 - [TEST_STEP][PASSED] - i1 = <not implemented yet for class: org.codehaus.groovy.ast.expr.EmptyExpression>: null

13-01-2025T07:11:21 - [TEST_STEP][PASSED] - ii = <not implemented yet for class: org.codehaus.groovy.ast.expr.EmptyExpression>: null

13-01-2025T07:11:21 - [TEST_STEP][PASSED] - for ([ii = 1, ii < 4, (ii++)]): null

13-01-2025T07:11:21 - [TEST_STEP][PASSED] - i1 = x.indexOf("/") + 1: null

13-01-2025T07:11:21 - [TEST_STEP][PASSED] - if (i1 > -1): null

13-01-2025T07:11:21 - [TEST_STEP][PASSED] - x = x.substring(i1, x.length()): null

13-01-2025T07:11:21 - [TEST_STEP][PASSED] - println(x): null

13-01-2025T07:11:21 - [TEST_STEP][PASSED] - i1 = x.indexOf("/") + 1: null

13-01-2025T07:11:21 - [TEST_STEP][PASSED] - if (i1 > -1): null

13-01-2025T07:11:21 - [TEST_STEP][PASSED] - x = x.substring(i1, x.length()): null

13-01-2025T07:11:21 - [TEST_STEP][PASSED] - println(x): null

13-01-2025T07:11:21 - [TEST_STEP][PASSED] - i1 = x.indexOf("/") + 1: null

13-01-2025T07:11:21 - [TEST_STEP][PASSED] - if (i1 > -1): null

13-01-2025T07:11:21 - [TEST_STEP][PASSED] - x = x.substring(i1, x.length()): null

13-01-2025T07:11:21 - [TEST_STEP][PASSED] - println(x): null

13-01-2025T07:11:21 - [TEST_STEP][PASSED] - i1 = x.indexOf("/"): null

13-01-2025T07:11:21 - [TEST_STEP][PASSED] - if (i1 > -1): null

13-01-2025T07:11:21 - [TEST_STEP][PASSED] - x = x.substring(0, i1): null

13-01-2025T07:11:21 - [TEST_STEP][PASSED] - println(x): null

13-01-2025T07:11:21 - [TEST_STEP][PASSED] - return x: null

13-01-2025T07:11:21 - [TEST_STEP][PASSED] - tabB = GetOvSFactB(x = b): null

13-01-2025T07:11:21 - [TEST_STEP][PASSED] - i1 = <not implemented yet for class: org.codehaus.groovy.ast.expr.EmptyExpression>: null

13-01-2025T07:11:21 - [TEST_STEP][PASSED] - ii = <not implemented yet for class: org.codehaus.groovy.ast.expr.EmptyExpression>: null

13-01-2025T07:11:21 - [TEST_STEP][PASSED] - for ([ii = 1, ii < 4, (ii++)]): null

13-01-2025T07:11:21 - [TEST_STEP][PASSED] - i1 = x.indexOf("/") + 1: null

13-01-2025T07:11:21 - [TEST_STEP][PASSED] - if (i1 > -1): null

13-01-2025T07:11:21 - [TEST_STEP][PASSED] - x = x.substring(i1, x.length()): null

13-01-2025T07:11:21 - [TEST_STEP][PASSED] - println(x): null

13-01-2025T07:11:21 - [TEST_STEP][PASSED] - i1 = x.indexOf("/") + 1: null

13-01-2025T07:11:21 - [TEST_STEP][PASSED] - if (i1 > -1): null

13-01-2025T07:11:21 - [TEST_STEP][PASSED] - x = x.substring(i1, x.length()): null

13-01-2025T07:11:21 - [TEST_STEP][PASSED] - println(x): null

13-01-2025T07:11:21 - [TEST_STEP][PASSED] - i1 = x.indexOf("/") + 1: null

13-01-2025T07:11:21 - [TEST_STEP][PASSED] - if (i1 > -1): null

13-01-2025T07:11:21 - [TEST_STEP][PASSED] - x = x.substring(i1, x.length()): null

13-01-2025T07:11:21 - [TEST_STEP][PASSED] - println(x): null

13-01-2025T07:11:21 - [TEST_STEP][PASSED] - i1 = x.indexOf("/"): null

13-01-2025T07:11:21 - [TEST_STEP][PASSED] - if (i1 > -1): null

13-01-2025T07:11:21 - [TEST_STEP][PASSED] - x = x.substring(0, i1): null

13-01-2025T07:11:21 - [TEST_STEP][PASSED] - println(x): null

13-01-2025T07:11:21 - [TEST_STEP][FAILED] - return x: null

13-01-2025T07:11:21 - [TEST_STEP][FAILED] - if (verifyEqual(tabR, tabB) == false): null

13-01-2025T07:11:21 - [MESSAGE][FAILED] - Unable to verify equal between actual object 'нет данных' and expected object '93807453' (Root cause: com.kms.katalon.core.exception.StepFailedException: Actual object 'нет данных' and expected object '93807453' are not equal
	at com.kms.katalon.core.keyword.builtin.VerifyEqualKeyword$_verifyEqual_closure1.doCall(VerifyEqualKeyword.groovy:58)
	at com.kms.katalon.core.keyword.builtin.VerifyEqualKeyword$_verifyEqual_closure1.call(VerifyEqualKeyword.groovy)
	at com.kms.katalon.core.keyword.internal.KeywordMain.runKeyword(KeywordMain.groovy:75)
	at com.kms.katalon.core.keyword.builtin.VerifyEqualKeyword.verifyEqual(VerifyEqualKeyword.groovy:63)
	at com.kms.katalon.core.keyword.builtin.VerifyEqualKeyword.execute(VerifyEqualKeyword.groovy:44)
	at com.kms.katalon.core.keyword.internal.KeywordExecutor.executeKeywordForPlatform(KeywordExecutor.groovy:74)
	at com.kms.katalon.core.keyword.BuiltinKeywords.verifyEqual(BuiltinKeywords.groovy:146)
	at jdk.internal.reflect.GeneratedMethodAccessor25.invoke(Unknown Source)
	at java.base/jdk.internal.reflect.DelegatingMethodAccessorImpl.invoke(DelegatingMethodAccessorImpl.java:43)
	at Выполнение бизнес-плана сверка дашбордов - Copy.CompareDZOData(Выполнение бизнес-плана сверка дашбордов - Copy:706)
	at Выполнение бизнес-плана сверка дашбордов - Copy.run(Выполнение бизнес-плана сверка дашбордов - Copy:613)
	at com.kms.katalon.core.main.ScriptEngine.run(ScriptEngine.java:194)
	at com.kms.katalon.core.main.ScriptEngine.runScriptAsRawText(ScriptEngine.java:119)
	at com.kms.katalon.core.main.TestCaseExecutor.runScript(TestCaseExecutor.java:448)
	at com.kms.katalon.core.main.TestCaseExecutor.doExecute(TestCaseExecutor.java:439)
	at com.kms.katalon.core.main.TestCaseExecutor.processExecutionPhase(TestCaseExecutor.java:418)
	at com.kms.katalon.core.main.TestCaseExecutor.accessMainPhase(TestCaseExecutor.java:410)
	at com.kms.katalon.core.main.TestCaseExecutor.execute(TestCaseExecutor.java:285)
	at com.kms.katalon.core.common.CommonExecutor.accessTestCaseMainPhase(CommonExecutor.java:65)
	at com.kms.katalon.core.main.TestSuiteExecutor.accessTestSuiteMainPhase(TestSuiteExecutor.java:150)
	at com.kms.katalon.core.main.TestSuiteExecutor.execute(TestSuiteExecutor.java:106)
	at com.kms.katalon.core.main.TestCaseMain.startTestSuite(TestCaseMain.java:180)
	at TempTestSuite1736740835951.run(TempTestSuite1736740835951.groovy:35)
	at java.base/jdk.internal.reflect.NativeMethodAccessorImpl.invoke0(Native Method)
	at java.base/jdk.internal.reflect.NativeMethodAccessorImpl.invoke(NativeMethodAccessorImpl.java:77)
	at java.base/jdk.internal.reflect.DelegatingMethodAccessorImpl.invoke(DelegatingMethodAccessorImpl.java:43)
)

13-01-2025T07:11:21 - [TEST_STEP][PASSED] - result = WriteToExcel(typeOfData, todaysDate, PercPlanR, PercPlanB, PercFactR, PercFactB, x, tabR, tabB, o1R, o1B, vidget): null

13-01-2025T07:11:21 - [TEST_STEP][PASSED] - iii = dZO.indexOf("/"): null

13-01-2025T07:11:21 - [TEST_STEP][PASSED] - println(iii): null

13-01-2025T07:11:21 - [TEST_STEP][PASSED] - dZO = dZO.substring(0, iii): null

13-01-2025T07:11:21 - [TEST_STEP][PASSED] - println(dZO): null

13-01-2025T07:11:21 - [TEST_STEP][PASSED] - println(PercPlanR): null

13-01-2025T07:11:21 - [TEST_STEP][PASSED] - println(PercPlanB): null

13-01-2025T07:11:21 - [TEST_STEP][PASSED] - println(PercFactR): null

13-01-2025T07:11:21 - [TEST_STEP][PASSED] - println(PercFactB): null

13-01-2025T07:11:21 - [TEST_STEP][PASSED] - println(tabR): null

13-01-2025T07:11:21 - [TEST_STEP][PASSED] - println(tabB): null

13-01-2025T07:11:21 - [TEST_STEP][PASSED] - println(o1R): null

13-01-2025T07:11:21 - [TEST_STEP][PASSED] - println(o1B): null

13-01-2025T07:11:21 - [TEST_STEP][PASSED] - PR = <not implemented yet for class: org.codehaus.groovy.ast.expr.EmptyExpression>: null

13-01-2025T07:11:21 - [TEST_STEP][PASSED] - FR = <not implemented yet for class: org.codehaus.groovy.ast.expr.EmptyExpression>: null

13-01-2025T07:11:21 - [TEST_STEP][PASSED] - PB = <not implemented yet for class: org.codehaus.groovy.ast.expr.EmptyExpression>: null

13-01-2025T07:11:21 - [TEST_STEP][PASSED] - FB = <not implemented yet for class: org.codehaus.groovy.ast.expr.EmptyExpression>: null

13-01-2025T07:11:21 - [TEST_STEP][PASSED] - TR = <not implemented yet for class: org.codehaus.groovy.ast.expr.EmptyExpression>: null

13-01-2025T07:11:21 - [TEST_STEP][PASSED] - TB = <not implemented yet for class: org.codehaus.groovy.ast.expr.EmptyExpression>: null

13-01-2025T07:11:21 - [TEST_STEP][PASSED] - sheetName = "Sheet1": null

13-01-2025T07:11:21 - [TEST_STEP][PASSED] - data = findTestData("PlanFact"): null

13-01-2025T07:11:21 - [TEST_STEP][PASSED] - n = data.getRowNumbers() + 1: null

13-01-2025T07:11:21 - [TEST_STEP][PASSED] - year = todaysDate.substring(todaysDate.length() - 4, todaysDate.length()): null

13-01-2025T07:11:21 - [TEST_STEP][PASSED] - y = year.toInteger(): null

13-01-2025T07:11:21 - [TEST_STEP][PASSED] - m = getText(findTestObject("Выполнение бизнес-плана/Выполнение бизнес-плана Балансы/Фильтр Дата")): Text of object 'Object Repository/Выполнение бизнес-плана/Выполнение бизнес-плана Балансы/Фильтр Дата' is: '1, 2, 3 кв., Октябрь, Ноябрь 2024 года'

13-01-2025T07:11:21 - [MESSAGE][PASSED] - Text of object 'Object Repository/Выполнение бизнес-плана/Выполнение бизнес-плана Балансы/Фильтр Дата' is: '1, 2, 3 кв., Октябрь, Ноябрь 2024 года'

13-01-2025T07:11:21 - [TEST_STEP][PASSED] - m = m.substring(0, m.indexOf("2024")): null

13-01-2025T07:11:21 - [TEST_STEP][PASSED] - m = m.trim(): null

13-01-2025T07:11:21 - [TEST_STEP][PASSED] - dashboardName = "Выполнение бизнес-плана": null

13-01-2025T07:11:21 - [TEST_STEP][PASSED] - workbook01 = getWorkbook(excelFilePath): null

13-01-2025T07:11:21 - [TEST_STEP][PASSED] - sheet01 = getExcelSheet(workbook01, sheetName): null

13-01-2025T07:11:21 - [TEST_STEP][PASSED] - setValueToCellByIndex(sheet01, n, 0, dashboardName): null

13-01-2025T07:11:21 - [TEST_STEP][PASSED] - setValueToCellByIndex(sheet01, n, 1, dZO): null

13-01-2025T07:11:21 - [TEST_STEP][PASSED] - setValueToCellByIndex(sheet01, n, 2, typeOfData): null

13-01-2025T07:11:21 - [TEST_STEP][PASSED] - setValueToCellByIndex(sheet01, n, 3, typeOfData): null

13-01-2025T07:11:21 - [TEST_STEP][PASSED] - if (typeOfData == "План"): null

13-01-2025T07:11:21 - [TEST_STEP][PASSED] - else if (typeOfData == "Факт"): null

13-01-2025T07:11:21 - [TEST_STEP][PASSED] - else if (vidget.contains("электроэнергии") == true): null

13-01-2025T07:11:21 - [TEST_STEP][PASSED] - if (tabR == null): null

13-01-2025T07:11:21 - [TEST_STEP][PASSED] - else: null

13-01-2025T07:11:21 - [TEST_STEP][PASSED] - if (tabR == "нет данных"): null

13-01-2025T07:11:21 - [TEST_STEP][PASSED] - setValueToCellByIndex(sheet01, n, 4, "нет данных"): null

13-01-2025T07:11:21 - [TEST_STEP][PASSED] - if (tabB == null): null

13-01-2025T07:11:21 - [TEST_STEP][PASSED] - else: null

13-01-2025T07:11:21 - [TEST_STEP][PASSED] - if (tabB == "нет данных"): null

13-01-2025T07:11:21 - [TEST_STEP][PASSED] - else: null

13-01-2025T07:11:21 - [TEST_STEP][PASSED] - TB = tabB.toInteger(): null

13-01-2025T07:11:21 - [TEST_STEP][PASSED] - setValueToCellByIndex(sheet01, n, 5, TB): null

13-01-2025T07:11:21 - [TEST_STEP][PASSED] - setValueToCellByIndex(sheet01, n, 6, m): null

13-01-2025T07:11:21 - [TEST_STEP][PASSED] - setValueToCellByIndex(sheet01, n, 7, y): null

13-01-2025T07:11:21 - [TEST_STEP][PASSED] - setValueToCellByIndex(sheet01, n, 8, todaysDate): null

13-01-2025T07:11:21 - [TEST_STEP][PASSED] - n = n + 1: null

13-01-2025T07:11:21 - [TEST_STEP][PASSED] - saveWorkbook(excelFilePath, workbook01): null

13-01-2025T07:11:22 - [TEST_STEP][PASSED] - typeOfData = "Факт Отпуск из сети": null

13-01-2025T07:11:22 - [TEST_STEP][PASSED] - tabR = GetOiSFactR(x = a): null

13-01-2025T07:11:22 - [TEST_STEP][PASSED] - i1 = <not implemented yet for class: org.codehaus.groovy.ast.expr.EmptyExpression>: null

13-01-2025T07:11:22 - [TEST_STEP][PASSED] - ii = <not implemented yet for class: org.codehaus.groovy.ast.expr.EmptyExpression>: null

13-01-2025T07:11:22 - [TEST_STEP][PASSED] - for ([ii = 1, ii < 5, (ii++)]): null

13-01-2025T07:11:22 - [TEST_STEP][PASSED] - i1 = x.indexOf("/") + 1: null

13-01-2025T07:11:22 - [TEST_STEP][PASSED] - if (i1 > -1): null

13-01-2025T07:11:22 - [TEST_STEP][PASSED] - x = x.substring(i1, x.length()): null

13-01-2025T07:11:22 - [TEST_STEP][PASSED] - println(x): null

13-01-2025T07:11:22 - [TEST_STEP][PASSED] - i1 = x.indexOf("/") + 1: null

13-01-2025T07:11:22 - [TEST_STEP][PASSED] - if (i1 > -1): null

13-01-2025T07:11:22 - [TEST_STEP][PASSED] - x = x.substring(i1, x.length()): null

13-01-2025T07:11:22 - [TEST_STEP][PASSED] - println(x): null

13-01-2025T07:11:22 - [TEST_STEP][PASSED] - i1 = x.indexOf("/") + 1: null

13-01-2025T07:11:22 - [TEST_STEP][PASSED] - if (i1 > -1): null

13-01-2025T07:11:22 - [TEST_STEP][PASSED] - x = x.substring(i1, x.length()): null

13-01-2025T07:11:22 - [TEST_STEP][PASSED] - println(x): null

13-01-2025T07:11:22 - [TEST_STEP][PASSED] - i1 = x.indexOf("/") + 1: null

13-01-2025T07:11:22 - [TEST_STEP][PASSED] - if (i1 > -1): null

13-01-2025T07:11:22 - [TEST_STEP][PASSED] - x = x.substring(i1, x.length()): null

13-01-2025T07:11:22 - [TEST_STEP][PASSED] - println(x): null

13-01-2025T07:11:22 - [TEST_STEP][PASSED] - i1 = x.indexOf("/"): null

13-01-2025T07:11:22 - [TEST_STEP][PASSED] - if (i1 > -1): null

13-01-2025T07:11:22 - [TEST_STEP][PASSED] - x = x.substring(0, i1): null

13-01-2025T07:11:22 - [TEST_STEP][PASSED] - println(x): null

13-01-2025T07:11:22 - [TEST_STEP][PASSED] - return x: null

13-01-2025T07:11:22 - [TEST_STEP][PASSED] - tabB = GetOiSFactB(x = b): null

13-01-2025T07:11:22 - [TEST_STEP][PASSED] - i1 = <not implemented yet for class: org.codehaus.groovy.ast.expr.EmptyExpression>: null

13-01-2025T07:11:22 - [TEST_STEP][PASSED] - ii = <not implemented yet for class: org.codehaus.groovy.ast.expr.EmptyExpression>: null

13-01-2025T07:11:22 - [TEST_STEP][PASSED] - for ([ii = 1, ii < 5, (ii++)]): null

13-01-2025T07:11:22 - [TEST_STEP][PASSED] - i1 = x.indexOf("/") + 1: null

13-01-2025T07:11:22 - [TEST_STEP][PASSED] - if (i1 > -1): null

13-01-2025T07:11:22 - [TEST_STEP][PASSED] - x = x.substring(i1, x.length()): null

13-01-2025T07:11:22 - [TEST_STEP][PASSED] - println(x): null

13-01-2025T07:11:22 - [TEST_STEP][PASSED] - i1 = x.indexOf("/") + 1: null

13-01-2025T07:11:22 - [TEST_STEP][PASSED] - if (i1 > -1): null

13-01-2025T07:11:22 - [TEST_STEP][PASSED] - x = x.substring(i1, x.length()): null

13-01-2025T07:11:22 - [TEST_STEP][PASSED] - println(x): null

13-01-2025T07:11:22 - [TEST_STEP][PASSED] - i1 = x.indexOf("/") + 1: null

13-01-2025T07:11:22 - [TEST_STEP][PASSED] - if (i1 > -1): null

13-01-2025T07:11:22 - [TEST_STEP][PASSED] - x = x.substring(i1, x.length()): null

13-01-2025T07:11:22 - [TEST_STEP][PASSED] - println(x): null

13-01-2025T07:11:22 - [TEST_STEP][PASSED] - i1 = x.indexOf("/") + 1: null

13-01-2025T07:11:22 - [TEST_STEP][PASSED] - if (i1 > -1): null

13-01-2025T07:11:22 - [TEST_STEP][PASSED] - x = x.substring(i1, x.length()): null

13-01-2025T07:11:22 - [TEST_STEP][PASSED] - println(x): null

13-01-2025T07:11:22 - [TEST_STEP][PASSED] - i1 = x.indexOf("/"): null

13-01-2025T07:11:22 - [TEST_STEP][PASSED] - if (i1 > -1): null

13-01-2025T07:11:22 - [TEST_STEP][PASSED] - x = x.substring(0, i1): null

13-01-2025T07:11:22 - [TEST_STEP][PASSED] - println(x): null

13-01-2025T07:11:22 - [TEST_STEP][FAILED] - return x: null

13-01-2025T07:11:22 - [TEST_STEP][FAILED] - if (verifyEqual(tabR, tabB) == false): null

13-01-2025T07:11:22 - [MESSAGE][FAILED] - Unable to verify equal between actual object 'нет данных' and expected object '86700170' (Root cause: com.kms.katalon.core.exception.StepFailedException: Actual object 'нет данных' and expected object '86700170' are not equal
	at com.kms.katalon.core.keyword.builtin.VerifyEqualKeyword$_verifyEqual_closure1.doCall(VerifyEqualKeyword.groovy:58)
	at com.kms.katalon.core.keyword.builtin.VerifyEqualKeyword$_verifyEqual_closure1.call(VerifyEqualKeyword.groovy)
	at com.kms.katalon.core.keyword.internal.KeywordMain.runKeyword(KeywordMain.groovy:75)
	at com.kms.katalon.core.keyword.builtin.VerifyEqualKeyword.verifyEqual(VerifyEqualKeyword.groovy:63)
	at com.kms.katalon.core.keyword.builtin.VerifyEqualKeyword.execute(VerifyEqualKeyword.groovy:44)
	at com.kms.katalon.core.keyword.internal.KeywordExecutor.executeKeywordForPlatform(KeywordExecutor.groovy:74)
	at com.kms.katalon.core.keyword.BuiltinKeywords.verifyEqual(BuiltinKeywords.groovy:146)
	at jdk.internal.reflect.GeneratedMethodAccessor25.invoke(Unknown Source)
	at java.base/jdk.internal.reflect.DelegatingMethodAccessorImpl.invoke(DelegatingMethodAccessorImpl.java:43)
	at Выполнение бизнес-плана сверка дашбордов - Copy.CompareDZOData(Выполнение бизнес-плана сверка дашбордов - Copy:717)
	at Выполнение бизнес-плана сверка дашбордов - Copy.run(Выполнение бизнес-плана сверка дашбордов - Copy:613)
	at com.kms.katalon.core.main.ScriptEngine.run(ScriptEngine.java:194)
	at com.kms.katalon.core.main.ScriptEngine.runScriptAsRawText(ScriptEngine.java:119)
	at com.kms.katalon.core.main.TestCaseExecutor.runScript(TestCaseExecutor.java:448)
	at com.kms.katalon.core.main.TestCaseExecutor.doExecute(TestCaseExecutor.java:439)
	at com.kms.katalon.core.main.TestCaseExecutor.processExecutionPhase(TestCaseExecutor.java:418)
	at com.kms.katalon.core.main.TestCaseExecutor.accessMainPhase(TestCaseExecutor.java:410)
	at com.kms.katalon.core.main.TestCaseExecutor.execute(TestCaseExecutor.java:285)
	at com.kms.katalon.core.common.CommonExecutor.accessTestCaseMainPhase(CommonExecutor.java:65)
	at com.kms.katalon.core.main.TestSuiteExecutor.accessTestSuiteMainPhase(TestSuiteExecutor.java:150)
	at com.kms.katalon.core.main.TestSuiteExecutor.execute(TestSuiteExecutor.java:106)
	at com.kms.katalon.core.main.TestCaseMain.startTestSuite(TestCaseMain.java:180)
	at TempTestSuite1736740835951.run(TempTestSuite1736740835951.groovy:35)
	at java.base/jdk.internal.reflect.NativeMethodAccessorImpl.invoke0(Native Method)
	at java.base/jdk.internal.reflect.NativeMethodAccessorImpl.invoke(NativeMethodAccessorImpl.java:77)
	at java.base/jdk.internal.reflect.DelegatingMethodAccessorImpl.invoke(DelegatingMethodAccessorImpl.java:43)
)

13-01-2025T07:11:22 - [TEST_STEP][PASSED] - result = WriteToExcel(typeOfData, todaysDate, PercPlanR, PercPlanB, PercFactR, PercFactB, x, tabR, tabB, o1R, o1B, vidget): null

13-01-2025T07:11:22 - [TEST_STEP][PASSED] - iii = dZO.indexOf("/"): null

13-01-2025T07:11:22 - [TEST_STEP][PASSED] - println(iii): null

13-01-2025T07:11:22 - [TEST_STEP][PASSED] - dZO = dZO.substring(0, iii): null

13-01-2025T07:11:22 - [TEST_STEP][PASSED] - println(dZO): null

13-01-2025T07:11:22 - [TEST_STEP][PASSED] - println(PercPlanR): null

13-01-2025T07:11:22 - [TEST_STEP][PASSED] - println(PercPlanB): null

13-01-2025T07:11:22 - [TEST_STEP][PASSED] - println(PercFactR): null

13-01-2025T07:11:22 - [TEST_STEP][PASSED] - println(PercFactB): null

13-01-2025T07:11:22 - [TEST_STEP][PASSED] - println(tabR): null

13-01-2025T07:11:22 - [TEST_STEP][PASSED] - println(tabB): null

13-01-2025T07:11:22 - [TEST_STEP][PASSED] - println(o1R): null

13-01-2025T07:11:22 - [TEST_STEP][PASSED] - println(o1B): null

13-01-2025T07:11:22 - [TEST_STEP][PASSED] - PR = <not implemented yet for class: org.codehaus.groovy.ast.expr.EmptyExpression>: null

13-01-2025T07:11:22 - [TEST_STEP][PASSED] - FR = <not implemented yet for class: org.codehaus.groovy.ast.expr.EmptyExpression>: null

13-01-2025T07:11:22 - [TEST_STEP][PASSED] - PB = <not implemented yet for class: org.codehaus.groovy.ast.expr.EmptyExpression>: null

13-01-2025T07:11:22 - [TEST_STEP][PASSED] - FB = <not implemented yet for class: org.codehaus.groovy.ast.expr.EmptyExpression>: null

13-01-2025T07:11:22 - [TEST_STEP][PASSED] - TR = <not implemented yet for class: org.codehaus.groovy.ast.expr.EmptyExpression>: null

13-01-2025T07:11:22 - [TEST_STEP][PASSED] - TB = <not implemented yet for class: org.codehaus.groovy.ast.expr.EmptyExpression>: null

13-01-2025T07:11:22 - [TEST_STEP][PASSED] - sheetName = "Sheet1": null

13-01-2025T07:11:22 - [TEST_STEP][PASSED] - data = findTestData("PlanFact"): null

13-01-2025T07:11:22 - [TEST_STEP][PASSED] - n = data.getRowNumbers() + 1: null

13-01-2025T07:11:22 - [TEST_STEP][PASSED] - year = todaysDate.substring(todaysDate.length() - 4, todaysDate.length()): null

13-01-2025T07:11:22 - [TEST_STEP][PASSED] - y = year.toInteger(): null

13-01-2025T07:11:22 - [TEST_STEP][PASSED] - m = getText(findTestObject("Выполнение бизнес-плана/Выполнение бизнес-плана Балансы/Фильтр Дата")): Text of object 'Object Repository/Выполнение бизнес-плана/Выполнение бизнес-плана Балансы/Фильтр Дата' is: '1, 2, 3 кв., Октябрь, Ноябрь 2024 года'

13-01-2025T07:11:22 - [MESSAGE][PASSED] - Text of object 'Object Repository/Выполнение бизнес-плана/Выполнение бизнес-плана Балансы/Фильтр Дата' is: '1, 2, 3 кв., Октябрь, Ноябрь 2024 года'

13-01-2025T07:11:22 - [TEST_STEP][PASSED] - m = m.substring(0, m.indexOf("2024")): null

13-01-2025T07:11:22 - [TEST_STEP][PASSED] - m = m.trim(): null

13-01-2025T07:11:22 - [TEST_STEP][PASSED] - dashboardName = "Выполнение бизнес-плана": null

13-01-2025T07:11:22 - [TEST_STEP][PASSED] - workbook01 = getWorkbook(excelFilePath): null

13-01-2025T07:11:22 - [TEST_STEP][PASSED] - sheet01 = getExcelSheet(workbook01, sheetName): null

13-01-2025T07:11:22 - [TEST_STEP][PASSED] - setValueToCellByIndex(sheet01, n, 0, dashboardName): null

13-01-2025T07:11:22 - [TEST_STEP][PASSED] - setValueToCellByIndex(sheet01, n, 1, dZO): null

13-01-2025T07:11:22 - [TEST_STEP][PASSED] - setValueToCellByIndex(sheet01, n, 2, typeOfData): null

13-01-2025T07:11:22 - [TEST_STEP][PASSED] - setValueToCellByIndex(sheet01, n, 3, typeOfData): null

13-01-2025T07:11:22 - [TEST_STEP][PASSED] - if (typeOfData == "План"): null

13-01-2025T07:11:22 - [TEST_STEP][PASSED] - else if (typeOfData == "Факт"): null

13-01-2025T07:11:22 - [TEST_STEP][PASSED] - else if (vidget.contains("электроэнергии") == true): null

13-01-2025T07:11:22 - [TEST_STEP][PASSED] - if (tabR == null): null

13-01-2025T07:11:22 - [TEST_STEP][PASSED] - else: null

13-01-2025T07:11:22 - [TEST_STEP][PASSED] - if (tabR == "нет данных"): null

13-01-2025T07:11:22 - [TEST_STEP][PASSED] - setValueToCellByIndex(sheet01, n, 4, "нет данных"): null

13-01-2025T07:11:22 - [TEST_STEP][PASSED] - if (tabB == null): null

13-01-2025T07:11:22 - [TEST_STEP][PASSED] - else: null

13-01-2025T07:11:22 - [TEST_STEP][PASSED] - if (tabB == "нет данных"): null

13-01-2025T07:11:22 - [TEST_STEP][PASSED] - else: null

13-01-2025T07:11:22 - [TEST_STEP][PASSED] - TB = tabB.toInteger(): null

13-01-2025T07:11:22 - [TEST_STEP][PASSED] - setValueToCellByIndex(sheet01, n, 5, TB): null

13-01-2025T07:11:22 - [TEST_STEP][PASSED] - setValueToCellByIndex(sheet01, n, 6, m): null

13-01-2025T07:11:22 - [TEST_STEP][PASSED] - setValueToCellByIndex(sheet01, n, 7, y): null

13-01-2025T07:11:22 - [TEST_STEP][PASSED] - setValueToCellByIndex(sheet01, n, 8, todaysDate): null

13-01-2025T07:11:22 - [TEST_STEP][PASSED] - n = n + 1: null

13-01-2025T07:11:22 - [TEST_STEP][PASSED] - saveWorkbook(excelFilePath, workbook01): null

13-01-2025T07:11:22 - [TEST_STEP][PASSED] - typeOfData = "Факт Потери": null

13-01-2025T07:11:22 - [TEST_STEP][PASSED] - tabR = GetPFactR(x = a): null

13-01-2025T07:11:22 - [TEST_STEP][PASSED] - i1 = <not implemented yet for class: org.codehaus.groovy.ast.expr.EmptyExpression>: null

13-01-2025T07:11:22 - [TEST_STEP][PASSED] - ii = <not implemented yet for class: org.codehaus.groovy.ast.expr.EmptyExpression>: null

13-01-2025T07:11:22 - [TEST_STEP][PASSED] - for ([ii = 1, ii < 6, (ii++)]): null

13-01-2025T07:11:22 - [TEST_STEP][PASSED] - i1 = x.indexOf("/") + 1: null

13-01-2025T07:11:22 - [TEST_STEP][PASSED] - if (i1 > -1): null

13-01-2025T07:11:22 - [TEST_STEP][PASSED] - x = x.substring(i1, x.length()): null

13-01-2025T07:11:22 - [TEST_STEP][PASSED] - println(x): null

13-01-2025T07:11:22 - [TEST_STEP][PASSED] - i1 = x.indexOf("/") + 1: null

13-01-2025T07:11:22 - [TEST_STEP][PASSED] - if (i1 > -1): null

13-01-2025T07:11:22 - [TEST_STEP][PASSED] - x = x.substring(i1, x.length()): null

13-01-2025T07:11:22 - [TEST_STEP][PASSED] - println(x): null

13-01-2025T07:11:22 - [TEST_STEP][PASSED] - i1 = x.indexOf("/") + 1: null

13-01-2025T07:11:22 - [TEST_STEP][PASSED] - if (i1 > -1): null

13-01-2025T07:11:22 - [TEST_STEP][PASSED] - x = x.substring(i1, x.length()): null

13-01-2025T07:11:22 - [TEST_STEP][PASSED] - println(x): null

13-01-2025T07:11:22 - [TEST_STEP][PASSED] - i1 = x.indexOf("/") + 1: null

13-01-2025T07:11:22 - [TEST_STEP][PASSED] - if (i1 > -1): null

13-01-2025T07:11:22 - [TEST_STEP][PASSED] - x = x.substring(i1, x.length()): null

13-01-2025T07:11:22 - [TEST_STEP][PASSED] - println(x): null

13-01-2025T07:11:22 - [TEST_STEP][PASSED] - i1 = x.indexOf("/") + 1: null

13-01-2025T07:11:22 - [TEST_STEP][PASSED] - if (i1 > -1): null

13-01-2025T07:11:22 - [TEST_STEP][PASSED] - x = x.substring(i1, x.length()): null

13-01-2025T07:11:22 - [TEST_STEP][PASSED] - println(x): null

13-01-2025T07:11:22 - [TEST_STEP][PASSED] - i1 = x.indexOf("/"): null

13-01-2025T07:11:22 - [TEST_STEP][PASSED] - if (i1 > -1): null

13-01-2025T07:11:22 - [TEST_STEP][PASSED] - x = x.substring(0, i1): null

13-01-2025T07:11:22 - [TEST_STEP][PASSED] - println(x): null

13-01-2025T07:11:22 - [TEST_STEP][PASSED] - return x: null

13-01-2025T07:11:22 - [TEST_STEP][PASSED] - tabB = GetPFactB(x = b): null

13-01-2025T07:11:22 - [TEST_STEP][PASSED] - i1 = <not implemented yet for class: org.codehaus.groovy.ast.expr.EmptyExpression>: null

13-01-2025T07:11:22 - [TEST_STEP][PASSED] - ii = <not implemented yet for class: org.codehaus.groovy.ast.expr.EmptyExpression>: null

13-01-2025T07:11:22 - [TEST_STEP][PASSED] - for ([ii = 1, ii < 6, (ii++)]): null

13-01-2025T07:11:22 - [TEST_STEP][PASSED] - i1 = x.indexOf("/") + 1: null

13-01-2025T07:11:22 - [TEST_STEP][PASSED] - if (i1 > -1): null

13-01-2025T07:11:22 - [TEST_STEP][PASSED] - x = x.substring(i1, x.length()): null

13-01-2025T07:11:22 - [TEST_STEP][PASSED] - println(x): null

13-01-2025T07:11:22 - [TEST_STEP][PASSED] - i1 = x.indexOf("/") + 1: null

13-01-2025T07:11:22 - [TEST_STEP][PASSED] - if (i1 > -1): null

13-01-2025T07:11:22 - [TEST_STEP][PASSED] - x = x.substring(i1, x.length()): null

13-01-2025T07:11:22 - [TEST_STEP][PASSED] - println(x): null

13-01-2025T07:11:22 - [TEST_STEP][PASSED] - i1 = x.indexOf("/") + 1: null

13-01-2025T07:11:22 - [TEST_STEP][PASSED] - if (i1 > -1): null

13-01-2025T07:11:22 - [TEST_STEP][PASSED] - x = x.substring(i1, x.length()): null

13-01-2025T07:11:22 - [TEST_STEP][PASSED] - println(x): null

13-01-2025T07:11:22 - [TEST_STEP][PASSED] - i1 = x.indexOf("/") + 1: null

13-01-2025T07:11:22 - [TEST_STEP][PASSED] - if (i1 > -1): null

13-01-2025T07:11:22 - [TEST_STEP][PASSED] - x = x.substring(i1, x.length()): null

13-01-2025T07:11:22 - [TEST_STEP][PASSED] - println(x): null

13-01-2025T07:11:22 - [TEST_STEP][PASSED] - i1 = x.indexOf("/") + 1: null

13-01-2025T07:11:22 - [TEST_STEP][PASSED] - if (i1 > -1): null

13-01-2025T07:11:22 - [TEST_STEP][PASSED] - x = x.substring(i1, x.length()): null

13-01-2025T07:11:22 - [TEST_STEP][PASSED] - println(x): null

13-01-2025T07:11:22 - [TEST_STEP][PASSED] - i1 = x.indexOf("/"): null

13-01-2025T07:11:22 - [TEST_STEP][PASSED] - if (i1 > -1): null

13-01-2025T07:11:22 - [TEST_STEP][PASSED] - x = x.substring(0, i1): null

13-01-2025T07:11:22 - [TEST_STEP][PASSED] - println(x): null

13-01-2025T07:11:22 - [TEST_STEP][FAILED] - return x: null

13-01-2025T07:11:22 - [TEST_STEP][PASSED] - println(tabR + "/" + tabB): null

13-01-2025T07:11:22 - [TEST_STEP][FAILED] - if (verifyEqual(tabR, tabB) == false): null

13-01-2025T07:11:22 - [MESSAGE][FAILED] - Unable to verify equal between actual object 'нет данных' and expected object '7107284' (Root cause: com.kms.katalon.core.exception.StepFailedException: Actual object 'нет данных' and expected object '7107284' are not equal
	at com.kms.katalon.core.keyword.builtin.VerifyEqualKeyword$_verifyEqual_closure1.doCall(VerifyEqualKeyword.groovy:58)
	at com.kms.katalon.core.keyword.builtin.VerifyEqualKeyword$_verifyEqual_closure1.call(VerifyEqualKeyword.groovy)
	at com.kms.katalon.core.keyword.internal.KeywordMain.runKeyword(KeywordMain.groovy:75)
	at com.kms.katalon.core.keyword.builtin.VerifyEqualKeyword.verifyEqual(VerifyEqualKeyword.groovy:63)
	at com.kms.katalon.core.keyword.builtin.VerifyEqualKeyword.execute(VerifyEqualKeyword.groovy:44)
	at com.kms.katalon.core.keyword.internal.KeywordExecutor.executeKeywordForPlatform(KeywordExecutor.groovy:74)
	at com.kms.katalon.core.keyword.BuiltinKeywords.verifyEqual(BuiltinKeywords.groovy:146)
	at jdk.internal.reflect.GeneratedMethodAccessor25.invoke(Unknown Source)
	at java.base/jdk.internal.reflect.DelegatingMethodAccessorImpl.invoke(DelegatingMethodAccessorImpl.java:43)
	at Выполнение бизнес-плана сверка дашбордов - Copy.CompareDZOData(Выполнение бизнес-плана сверка дашбордов - Copy:730)
	at Выполнение бизнес-плана сверка дашбордов - Copy.run(Выполнение бизнес-плана сверка дашбордов - Copy:613)
	at com.kms.katalon.core.main.ScriptEngine.run(ScriptEngine.java:194)
	at com.kms.katalon.core.main.ScriptEngine.runScriptAsRawText(ScriptEngine.java:119)
	at com.kms.katalon.core.main.TestCaseExecutor.runScript(TestCaseExecutor.java:448)
	at com.kms.katalon.core.main.TestCaseExecutor.doExecute(TestCaseExecutor.java:439)
	at com.kms.katalon.core.main.TestCaseExecutor.processExecutionPhase(TestCaseExecutor.java:418)
	at com.kms.katalon.core.main.TestCaseExecutor.accessMainPhase(TestCaseExecutor.java:410)
	at com.kms.katalon.core.main.TestCaseExecutor.execute(TestCaseExecutor.java:285)
	at com.kms.katalon.core.common.CommonExecutor.accessTestCaseMainPhase(CommonExecutor.java:65)
	at com.kms.katalon.core.main.TestSuiteExecutor.accessTestSuiteMainPhase(TestSuiteExecutor.java:150)
	at com.kms.katalon.core.main.TestSuiteExecutor.execute(TestSuiteExecutor.java:106)
	at com.kms.katalon.core.main.TestCaseMain.startTestSuite(TestCaseMain.java:180)
	at TempTestSuite1736740835951.run(TempTestSuite1736740835951.groovy:35)
	at java.base/jdk.internal.reflect.NativeMethodAccessorImpl.invoke0(Native Method)
	at java.base/jdk.internal.reflect.NativeMethodAccessorImpl.invoke(NativeMethodAccessorImpl.java:77)
	at java.base/jdk.internal.reflect.DelegatingMethodAccessorImpl.invoke(DelegatingMethodAccessorImpl.java:43)
)

13-01-2025T07:11:22 - [TEST_STEP][PASSED] - result = WriteToExcel(typeOfData, todaysDate, PercPlanR, PercPlanB, PercFactR, PercFactB, x, tabR, tabB, o1R, o1B, vidget): null

13-01-2025T07:11:22 - [TEST_STEP][PASSED] - iii = dZO.indexOf("/"): null

13-01-2025T07:11:22 - [TEST_STEP][PASSED] - println(iii): null

13-01-2025T07:11:22 - [TEST_STEP][PASSED] - dZO = dZO.substring(0, iii): null

13-01-2025T07:11:22 - [TEST_STEP][PASSED] - println(dZO): null

13-01-2025T07:11:22 - [TEST_STEP][PASSED] - println(PercPlanR): null

13-01-2025T07:11:22 - [TEST_STEP][PASSED] - println(PercPlanB): null

13-01-2025T07:11:22 - [TEST_STEP][PASSED] - println(PercFactR): null

13-01-2025T07:11:22 - [TEST_STEP][PASSED] - println(PercFactB): null

13-01-2025T07:11:22 - [TEST_STEP][PASSED] - println(tabR): null

13-01-2025T07:11:22 - [TEST_STEP][PASSED] - println(tabB): null

13-01-2025T07:11:22 - [TEST_STEP][PASSED] - println(o1R): null

13-01-2025T07:11:22 - [TEST_STEP][PASSED] - println(o1B): null

13-01-2025T07:11:22 - [TEST_STEP][PASSED] - PR = <not implemented yet for class: org.codehaus.groovy.ast.expr.EmptyExpression>: null

13-01-2025T07:11:22 - [TEST_STEP][PASSED] - FR = <not implemented yet for class: org.codehaus.groovy.ast.expr.EmptyExpression>: null

13-01-2025T07:11:22 - [TEST_STEP][PASSED] - PB = <not implemented yet for class: org.codehaus.groovy.ast.expr.EmptyExpression>: null

13-01-2025T07:11:22 - [TEST_STEP][PASSED] - FB = <not implemented yet for class: org.codehaus.groovy.ast.expr.EmptyExpression>: null

13-01-2025T07:11:22 - [TEST_STEP][PASSED] - TR = <not implemented yet for class: org.codehaus.groovy.ast.expr.EmptyExpression>: null

13-01-2025T07:11:22 - [TEST_STEP][PASSED] - TB = <not implemented yet for class: org.codehaus.groovy.ast.expr.EmptyExpression>: null

13-01-2025T07:11:22 - [TEST_STEP][PASSED] - sheetName = "Sheet1": null

13-01-2025T07:11:22 - [TEST_STEP][PASSED] - data = findTestData("PlanFact"): null

13-01-2025T07:11:22 - [TEST_STEP][PASSED] - n = data.getRowNumbers() + 1: null

13-01-2025T07:11:22 - [TEST_STEP][PASSED] - year = todaysDate.substring(todaysDate.length() - 4, todaysDate.length()): null

13-01-2025T07:11:22 - [TEST_STEP][PASSED] - y = year.toInteger(): null

13-01-2025T07:11:22 - [TEST_STEP][PASSED] - m = getText(findTestObject("Выполнение бизнес-плана/Выполнение бизнес-плана Балансы/Фильтр Дата")): Text of object 'Object Repository/Выполнение бизнес-плана/Выполнение бизнес-плана Балансы/Фильтр Дата' is: '1, 2, 3 кв., Октябрь, Ноябрь 2024 года'

13-01-2025T07:11:22 - [MESSAGE][PASSED] - Text of object 'Object Repository/Выполнение бизнес-плана/Выполнение бизнес-плана Балансы/Фильтр Дата' is: '1, 2, 3 кв., Октябрь, Ноябрь 2024 года'

13-01-2025T07:11:22 - [TEST_STEP][PASSED] - m = m.substring(0, m.indexOf("2024")): null

13-01-2025T07:11:22 - [TEST_STEP][PASSED] - m = m.trim(): null

13-01-2025T07:11:22 - [TEST_STEP][PASSED] - dashboardName = "Выполнение бизнес-плана": null

13-01-2025T07:11:22 - [TEST_STEP][PASSED] - workbook01 = getWorkbook(excelFilePath): null

13-01-2025T07:11:23 - [TEST_STEP][PASSED] - sheet01 = getExcelSheet(workbook01, sheetName): null

13-01-2025T07:11:23 - [TEST_STEP][PASSED] - setValueToCellByIndex(sheet01, n, 0, dashboardName): null

13-01-2025T07:11:23 - [TEST_STEP][PASSED] - setValueToCellByIndex(sheet01, n, 1, dZO): null

13-01-2025T07:11:23 - [TEST_STEP][PASSED] - setValueToCellByIndex(sheet01, n, 2, typeOfData): null

13-01-2025T07:11:23 - [TEST_STEP][PASSED] - setValueToCellByIndex(sheet01, n, 3, typeOfData): null

13-01-2025T07:11:23 - [TEST_STEP][PASSED] - if (typeOfData == "План"): null

13-01-2025T07:11:23 - [TEST_STEP][PASSED] - else if (typeOfData == "Факт"): null

13-01-2025T07:11:23 - [TEST_STEP][PASSED] - else if (vidget.contains("электроэнергии") == true): null

13-01-2025T07:11:23 - [TEST_STEP][PASSED] - if (tabR == null): null

13-01-2025T07:11:23 - [TEST_STEP][PASSED] - else: null

13-01-2025T07:11:23 - [TEST_STEP][PASSED] - if (tabR == "нет данных"): null

13-01-2025T07:11:23 - [TEST_STEP][PASSED] - setValueToCellByIndex(sheet01, n, 4, "нет данных"): null

13-01-2025T07:11:23 - [TEST_STEP][PASSED] - if (tabB == null): null

13-01-2025T07:11:23 - [TEST_STEP][PASSED] - else: null

13-01-2025T07:11:23 - [TEST_STEP][PASSED] - if (tabB == "нет данных"): null

13-01-2025T07:11:23 - [TEST_STEP][PASSED] - else: null

13-01-2025T07:11:23 - [TEST_STEP][PASSED] - TB = tabB.toInteger(): null

13-01-2025T07:11:23 - [TEST_STEP][PASSED] - setValueToCellByIndex(sheet01, n, 5, TB): null

13-01-2025T07:11:23 - [TEST_STEP][PASSED] - setValueToCellByIndex(sheet01, n, 6, m): null

13-01-2025T07:11:23 - [TEST_STEP][PASSED] - setValueToCellByIndex(sheet01, n, 7, y): null

13-01-2025T07:11:23 - [TEST_STEP][PASSED] - setValueToCellByIndex(sheet01, n, 8, todaysDate): null

13-01-2025T07:11:23 - [TEST_STEP][PASSED] - n = n + 1: null

13-01-2025T07:11:23 - [TEST_STEP][PASSED] - saveWorkbook(excelFilePath, workbook01): null

13-01-2025T07:11:23 - [TEST_STEP][PASSED] - vidget = "Показатели баланса электроэнергии по ДЗО – План": null

13-01-2025T07:11:23 - [TEST_STEP][PASSED] - typeOfData = "План Отпуск в сеть": null

13-01-2025T07:11:23 - [TEST_STEP][PASSED] - tabR = GetOvSPlanR(x = a): null

13-01-2025T07:11:23 - [TEST_STEP][PASSED] - i1 = <not implemented yet for class: org.codehaus.groovy.ast.expr.EmptyExpression>: null

13-01-2025T07:11:23 - [TEST_STEP][PASSED] - ii = <not implemented yet for class: org.codehaus.groovy.ast.expr.EmptyExpression>: null

13-01-2025T07:11:23 - [TEST_STEP][PASSED] - for ([ii = 1, ii < 7, (ii++)]): null

13-01-2025T07:11:23 - [TEST_STEP][PASSED] - i1 = x.indexOf("/") + 1: null

13-01-2025T07:11:23 - [TEST_STEP][PASSED] - if (i1 > -1): null

13-01-2025T07:11:23 - [TEST_STEP][PASSED] - x = x.substring(i1, x.length()): null

13-01-2025T07:11:23 - [TEST_STEP][PASSED] - println(x): null

13-01-2025T07:11:23 - [TEST_STEP][PASSED] - i1 = x.indexOf("/") + 1: null

13-01-2025T07:11:23 - [TEST_STEP][PASSED] - if (i1 > -1): null

13-01-2025T07:11:23 - [TEST_STEP][PASSED] - x = x.substring(i1, x.length()): null

13-01-2025T07:11:23 - [TEST_STEP][PASSED] - println(x): null

13-01-2025T07:11:23 - [TEST_STEP][PASSED] - i1 = x.indexOf("/") + 1: null

13-01-2025T07:11:23 - [TEST_STEP][PASSED] - if (i1 > -1): null

13-01-2025T07:11:23 - [TEST_STEP][PASSED] - x = x.substring(i1, x.length()): null

13-01-2025T07:11:23 - [TEST_STEP][PASSED] - println(x): null

13-01-2025T07:11:23 - [TEST_STEP][PASSED] - i1 = x.indexOf("/") + 1: null

13-01-2025T07:11:23 - [TEST_STEP][PASSED] - if (i1 > -1): null

13-01-2025T07:11:23 - [TEST_STEP][PASSED] - x = x.substring(i1, x.length()): null

13-01-2025T07:11:23 - [TEST_STEP][PASSED] - println(x): null

13-01-2025T07:11:23 - [TEST_STEP][PASSED] - i1 = x.indexOf("/") + 1: null

13-01-2025T07:11:23 - [TEST_STEP][PASSED] - if (i1 > -1): null

13-01-2025T07:11:23 - [TEST_STEP][PASSED] - x = x.substring(i1, x.length()): null

13-01-2025T07:11:23 - [TEST_STEP][PASSED] - println(x): null

13-01-2025T07:11:23 - [TEST_STEP][PASSED] - i1 = x.indexOf("/") + 1: null

13-01-2025T07:11:23 - [TEST_STEP][PASSED] - if (i1 > -1): null

13-01-2025T07:11:23 - [TEST_STEP][PASSED] - x = x.substring(i1, x.length()): null

13-01-2025T07:11:23 - [TEST_STEP][PASSED] - println(x): null

13-01-2025T07:11:23 - [TEST_STEP][PASSED] - i1 = x.indexOf("/"): null

13-01-2025T07:11:23 - [TEST_STEP][PASSED] - if (i1 > -1): null

13-01-2025T07:11:23 - [TEST_STEP][PASSED] - x = x.substring(0, i1): null

13-01-2025T07:11:23 - [TEST_STEP][PASSED] - println(x): null

13-01-2025T07:11:23 - [TEST_STEP][PASSED] - return x: null

13-01-2025T07:11:23 - [TEST_STEP][PASSED] - tabB = GetOvSPlanB(x = b): null

13-01-2025T07:11:23 - [TEST_STEP][PASSED] - i1 = <not implemented yet for class: org.codehaus.groovy.ast.expr.EmptyExpression>: null

13-01-2025T07:11:23 - [TEST_STEP][PASSED] - ii = <not implemented yet for class: org.codehaus.groovy.ast.expr.EmptyExpression>: null

13-01-2025T07:11:23 - [TEST_STEP][PASSED] - for ([ii = 1, ii < 7, (ii++)]): null

13-01-2025T07:11:23 - [TEST_STEP][PASSED] - i1 = x.indexOf("/") + 1: null

13-01-2025T07:11:23 - [TEST_STEP][PASSED] - if (i1 > -1): null

13-01-2025T07:11:23 - [TEST_STEP][PASSED] - x = x.substring(i1, x.length()): null

13-01-2025T07:11:23 - [TEST_STEP][PASSED] - println(x): null

13-01-2025T07:11:23 - [TEST_STEP][PASSED] - i1 = x.indexOf("/") + 1: null

13-01-2025T07:11:23 - [TEST_STEP][PASSED] - if (i1 > -1): null

13-01-2025T07:11:23 - [TEST_STEP][PASSED] - x = x.substring(i1, x.length()): null

13-01-2025T07:11:23 - [TEST_STEP][PASSED] - println(x): null

13-01-2025T07:11:23 - [TEST_STEP][PASSED] - i1 = x.indexOf("/") + 1: null

13-01-2025T07:11:23 - [TEST_STEP][PASSED] - if (i1 > -1): null

13-01-2025T07:11:23 - [TEST_STEP][PASSED] - x = x.substring(i1, x.length()): null

13-01-2025T07:11:23 - [TEST_STEP][PASSED] - println(x): null

13-01-2025T07:11:23 - [TEST_STEP][PASSED] - i1 = x.indexOf("/") + 1: null

13-01-2025T07:11:23 - [TEST_STEP][PASSED] - if (i1 > -1): null

13-01-2025T07:11:23 - [TEST_STEP][PASSED] - x = x.substring(i1, x.length()): null

13-01-2025T07:11:23 - [TEST_STEP][PASSED] - println(x): null

13-01-2025T07:11:23 - [TEST_STEP][PASSED] - i1 = x.indexOf("/") + 1: null

13-01-2025T07:11:23 - [TEST_STEP][PASSED] - if (i1 > -1): null

13-01-2025T07:11:23 - [TEST_STEP][PASSED] - x = x.substring(i1, x.length()): null

13-01-2025T07:11:23 - [TEST_STEP][PASSED] - println(x): null

13-01-2025T07:11:23 - [TEST_STEP][PASSED] - i1 = x.indexOf("/") + 1: null

13-01-2025T07:11:23 - [TEST_STEP][PASSED] - if (i1 > -1): null

13-01-2025T07:11:23 - [TEST_STEP][PASSED] - x = x.substring(i1, x.length()): null

13-01-2025T07:11:23 - [TEST_STEP][PASSED] - println(x): null

13-01-2025T07:11:23 - [TEST_STEP][PASSED] - i1 = x.indexOf("/"): null

13-01-2025T07:11:23 - [TEST_STEP][PASSED] - if (i1 > -1): null

13-01-2025T07:11:23 - [TEST_STEP][PASSED] - x = x.substring(0, i1): null

13-01-2025T07:11:23 - [TEST_STEP][PASSED] - println(x): null

13-01-2025T07:11:23 - [TEST_STEP][FAILED] - return x: null

13-01-2025T07:11:23 - [TEST_STEP][PASSED] - println(tabR + "/" + tabB): null

13-01-2025T07:11:23 - [TEST_STEP][FAILED] - if (verifyEqual(PercFactR, PercFactB) == false): null

13-01-2025T07:11:23 - [MESSAGE][FAILED] - Unable to verify equal between actual object 'нет данных' and expected object '7.58' (Root cause: com.kms.katalon.core.exception.StepFailedException: Actual object 'нет данных' and expected object '7.58' are not equal
	at com.kms.katalon.core.keyword.builtin.VerifyEqualKeyword$_verifyEqual_closure1.doCall(VerifyEqualKeyword.groovy:58)
	at com.kms.katalon.core.keyword.builtin.VerifyEqualKeyword$_verifyEqual_closure1.call(VerifyEqualKeyword.groovy)
	at com.kms.katalon.core.keyword.internal.KeywordMain.runKeyword(KeywordMain.groovy:75)
	at com.kms.katalon.core.keyword.builtin.VerifyEqualKeyword.verifyEqual(VerifyEqualKeyword.groovy:63)
	at com.kms.katalon.core.keyword.builtin.VerifyEqualKeyword.execute(VerifyEqualKeyword.groovy:44)
	at com.kms.katalon.core.keyword.internal.KeywordExecutor.executeKeywordForPlatform(KeywordExecutor.groovy:74)
	at com.kms.katalon.core.keyword.BuiltinKeywords.verifyEqual(BuiltinKeywords.groovy:146)
	at jdk.internal.reflect.GeneratedMethodAccessor25.invoke(Unknown Source)
	at java.base/jdk.internal.reflect.DelegatingMethodAccessorImpl.invoke(DelegatingMethodAccessorImpl.java:43)
	at Выполнение бизнес-плана сверка дашбордов - Copy.CompareDZOData(Выполнение бизнес-плана сверка дашбордов - Copy:745)
	at Выполнение бизнес-плана сверка дашбордов - Copy.run(Выполнение бизнес-плана сверка дашбордов - Copy:613)
	at com.kms.katalon.core.main.ScriptEngine.run(ScriptEngine.java:194)
	at com.kms.katalon.core.main.ScriptEngine.runScriptAsRawText(ScriptEngine.java:119)
	at com.kms.katalon.core.main.TestCaseExecutor.runScript(TestCaseExecutor.java:448)
	at com.kms.katalon.core.main.TestCaseExecutor.doExecute(TestCaseExecutor.java:439)
	at com.kms.katalon.core.main.TestCaseExecutor.processExecutionPhase(TestCaseExecutor.java:418)
	at com.kms.katalon.core.main.TestCaseExecutor.accessMainPhase(TestCaseExecutor.java:410)
	at com.kms.katalon.core.main.TestCaseExecutor.execute(TestCaseExecutor.java:285)
	at com.kms.katalon.core.common.CommonExecutor.accessTestCaseMainPhase(CommonExecutor.java:65)
	at com.kms.katalon.core.main.TestSuiteExecutor.accessTestSuiteMainPhase(TestSuiteExecutor.java:150)
	at com.kms.katalon.core.main.TestSuiteExecutor.execute(TestSuiteExecutor.java:106)
	at com.kms.katalon.core.main.TestCaseMain.startTestSuite(TestCaseMain.java:180)
	at TempTestSuite1736740835951.run(TempTestSuite1736740835951.groovy:35)
	at java.base/jdk.internal.reflect.NativeMethodAccessorImpl.invoke0(Native Method)
	at java.base/jdk.internal.reflect.NativeMethodAccessorImpl.invoke(NativeMethodAccessorImpl.java:77)
	at java.base/jdk.internal.reflect.DelegatingMethodAccessorImpl.invoke(DelegatingMethodAccessorImpl.java:43)
)

13-01-2025T07:11:23 - [TEST_STEP][PASSED] - result = WriteToExcel(typeOfData, todaysDate, PercPlanR, PercPlanB, PercFactR, PercFactB, x, tabR, tabB, o1R, o1B, vidget): null

13-01-2025T07:11:23 - [TEST_STEP][PASSED] - iii = dZO.indexOf("/"): null

13-01-2025T07:11:23 - [TEST_STEP][PASSED] - println(iii): null

13-01-2025T07:11:23 - [TEST_STEP][PASSED] - dZO = dZO.substring(0, iii): null

13-01-2025T07:11:23 - [TEST_STEP][PASSED] - println(dZO): null

13-01-2025T07:11:23 - [TEST_STEP][PASSED] - println(PercPlanR): null

13-01-2025T07:11:23 - [TEST_STEP][PASSED] - println(PercPlanB): null

13-01-2025T07:11:23 - [TEST_STEP][PASSED] - println(PercFactR): null

13-01-2025T07:11:23 - [TEST_STEP][PASSED] - println(PercFactB): null

13-01-2025T07:11:23 - [TEST_STEP][PASSED] - println(tabR): null

13-01-2025T07:11:23 - [TEST_STEP][PASSED] - println(tabB): null

13-01-2025T07:11:23 - [TEST_STEP][PASSED] - println(o1R): null

13-01-2025T07:11:23 - [TEST_STEP][PASSED] - println(o1B): null

13-01-2025T07:11:23 - [TEST_STEP][PASSED] - PR = <not implemented yet for class: org.codehaus.groovy.ast.expr.EmptyExpression>: null

13-01-2025T07:11:23 - [TEST_STEP][PASSED] - FR = <not implemented yet for class: org.codehaus.groovy.ast.expr.EmptyExpression>: null

13-01-2025T07:11:23 - [TEST_STEP][PASSED] - PB = <not implemented yet for class: org.codehaus.groovy.ast.expr.EmptyExpression>: null

13-01-2025T07:11:23 - [TEST_STEP][PASSED] - FB = <not implemented yet for class: org.codehaus.groovy.ast.expr.EmptyExpression>: null

13-01-2025T07:11:23 - [TEST_STEP][PASSED] - TR = <not implemented yet for class: org.codehaus.groovy.ast.expr.EmptyExpression>: null

13-01-2025T07:11:23 - [TEST_STEP][PASSED] - TB = <not implemented yet for class: org.codehaus.groovy.ast.expr.EmptyExpression>: null

13-01-2025T07:11:23 - [TEST_STEP][PASSED] - sheetName = "Sheet1": null

13-01-2025T07:11:23 - [TEST_STEP][PASSED] - data = findTestData("PlanFact"): null

13-01-2025T07:11:23 - [TEST_STEP][PASSED] - n = data.getRowNumbers() + 1: null

13-01-2025T07:11:23 - [TEST_STEP][PASSED] - year = todaysDate.substring(todaysDate.length() - 4, todaysDate.length()): null

13-01-2025T07:11:23 - [TEST_STEP][PASSED] - y = year.toInteger(): null

13-01-2025T07:11:23 - [TEST_STEP][PASSED] - m = getText(findTestObject("Выполнение бизнес-плана/Выполнение бизнес-плана Балансы/Фильтр Дата")): Text of object 'Object Repository/Выполнение бизнес-плана/Выполнение бизнес-плана Балансы/Фильтр Дата' is: '1, 2, 3 кв., Октябрь, Ноябрь 2024 года'

13-01-2025T07:11:23 - [MESSAGE][PASSED] - Text of object 'Object Repository/Выполнение бизнес-плана/Выполнение бизнес-плана Балансы/Фильтр Дата' is: '1, 2, 3 кв., Октябрь, Ноябрь 2024 года'

13-01-2025T07:11:23 - [TEST_STEP][PASSED] - m = m.substring(0, m.indexOf("2024")): null

13-01-2025T07:11:23 - [TEST_STEP][PASSED] - m = m.trim(): null

13-01-2025T07:11:23 - [TEST_STEP][PASSED] - dashboardName = "Выполнение бизнес-плана": null

13-01-2025T07:11:23 - [TEST_STEP][PASSED] - workbook01 = getWorkbook(excelFilePath): null

13-01-2025T07:11:23 - [TEST_STEP][PASSED] - sheet01 = getExcelSheet(workbook01, sheetName): null

13-01-2025T07:11:23 - [TEST_STEP][PASSED] - setValueToCellByIndex(sheet01, n, 0, dashboardName): null

13-01-2025T07:11:23 - [TEST_STEP][PASSED] - setValueToCellByIndex(sheet01, n, 1, dZO): null

13-01-2025T07:11:23 - [TEST_STEP][PASSED] - setValueToCellByIndex(sheet01, n, 2, typeOfData): null

13-01-2025T07:11:23 - [TEST_STEP][PASSED] - setValueToCellByIndex(sheet01, n, 3, typeOfData): null

13-01-2025T07:11:23 - [TEST_STEP][PASSED] - if (typeOfData == "План"): null

13-01-2025T07:11:23 - [TEST_STEP][PASSED] - else if (typeOfData == "Факт"): null

13-01-2025T07:11:23 - [TEST_STEP][PASSED] - else if (vidget.contains("электроэнергии") == true): null

13-01-2025T07:11:23 - [TEST_STEP][PASSED] - if (tabR == null): null

13-01-2025T07:11:23 - [TEST_STEP][PASSED] - else: null

13-01-2025T07:11:23 - [TEST_STEP][PASSED] - if (tabR == "нет данных"): null

13-01-2025T07:11:23 - [TEST_STEP][PASSED] - setValueToCellByIndex(sheet01, n, 4, "нет данных"): null

13-01-2025T07:11:23 - [TEST_STEP][PASSED] - if (tabB == null): null

13-01-2025T07:11:23 - [TEST_STEP][PASSED] - else: null

13-01-2025T07:11:23 - [TEST_STEP][PASSED] - if (tabB == "нет данных"): null

13-01-2025T07:11:23 - [TEST_STEP][PASSED] - else: null

13-01-2025T07:11:23 - [TEST_STEP][PASSED] - TB = tabB.toInteger(): null

13-01-2025T07:11:23 - [TEST_STEP][PASSED] - setValueToCellByIndex(sheet01, n, 5, TB): null

13-01-2025T07:11:23 - [TEST_STEP][PASSED] - setValueToCellByIndex(sheet01, n, 6, m): null

13-01-2025T07:11:23 - [TEST_STEP][PASSED] - setValueToCellByIndex(sheet01, n, 7, y): null

13-01-2025T07:11:23 - [TEST_STEP][PASSED] - setValueToCellByIndex(sheet01, n, 8, todaysDate): null

13-01-2025T07:11:23 - [TEST_STEP][PASSED] - n = n + 1: null

13-01-2025T07:11:23 - [TEST_STEP][PASSED] - saveWorkbook(excelFilePath, workbook01): null

13-01-2025T07:11:23 - [TEST_STEP][PASSED] - typeOfData = "План Отпуск из сети": null

13-01-2025T07:11:23 - [TEST_STEP][PASSED] - tabR = GetOiSPlanR(x = a): null

13-01-2025T07:11:23 - [TEST_STEP][PASSED] - i1 = <not implemented yet for class: org.codehaus.groovy.ast.expr.EmptyExpression>: null

13-01-2025T07:11:23 - [TEST_STEP][PASSED] - ii = <not implemented yet for class: org.codehaus.groovy.ast.expr.EmptyExpression>: null

13-01-2025T07:11:23 - [TEST_STEP][PASSED] - for ([ii = 1, ii < 8, (ii++)]): null

13-01-2025T07:11:23 - [TEST_STEP][PASSED] - i1 = x.indexOf("/") + 1: null

13-01-2025T07:11:23 - [TEST_STEP][PASSED] - if (i1 > -1): null

13-01-2025T07:11:23 - [TEST_STEP][PASSED] - x = x.substring(i1, x.length()): null

13-01-2025T07:11:23 - [TEST_STEP][PASSED] - println(x): null

13-01-2025T07:11:23 - [TEST_STEP][PASSED] - i1 = x.indexOf("/") + 1: null

13-01-2025T07:11:23 - [TEST_STEP][PASSED] - if (i1 > -1): null

13-01-2025T07:11:23 - [TEST_STEP][PASSED] - x = x.substring(i1, x.length()): null

13-01-2025T07:11:23 - [TEST_STEP][PASSED] - println(x): null

13-01-2025T07:11:23 - [TEST_STEP][PASSED] - i1 = x.indexOf("/") + 1: null

13-01-2025T07:11:23 - [TEST_STEP][PASSED] - if (i1 > -1): null

13-01-2025T07:11:23 - [TEST_STEP][PASSED] - x = x.substring(i1, x.length()): null

13-01-2025T07:11:23 - [TEST_STEP][PASSED] - println(x): null

13-01-2025T07:11:23 - [TEST_STEP][PASSED] - i1 = x.indexOf("/") + 1: null

13-01-2025T07:11:23 - [TEST_STEP][PASSED] - if (i1 > -1): null

13-01-2025T07:11:23 - [TEST_STEP][PASSED] - x = x.substring(i1, x.length()): null

13-01-2025T07:11:23 - [TEST_STEP][PASSED] - println(x): null

13-01-2025T07:11:23 - [TEST_STEP][PASSED] - i1 = x.indexOf("/") + 1: null

13-01-2025T07:11:23 - [TEST_STEP][PASSED] - if (i1 > -1): null

13-01-2025T07:11:23 - [TEST_STEP][PASSED] - x = x.substring(i1, x.length()): null

13-01-2025T07:11:23 - [TEST_STEP][PASSED] - println(x): null

13-01-2025T07:11:23 - [TEST_STEP][PASSED] - i1 = x.indexOf("/") + 1: null

13-01-2025T07:11:23 - [TEST_STEP][PASSED] - if (i1 > -1): null

13-01-2025T07:11:23 - [TEST_STEP][PASSED] - x = x.substring(i1, x.length()): null

13-01-2025T07:11:23 - [TEST_STEP][PASSED] - println(x): null

13-01-2025T07:11:23 - [TEST_STEP][PASSED] - i1 = x.indexOf("/") + 1: null

13-01-2025T07:11:23 - [TEST_STEP][PASSED] - if (i1 > -1): null

13-01-2025T07:11:23 - [TEST_STEP][PASSED] - x = x.substring(i1, x.length()): null

13-01-2025T07:11:23 - [TEST_STEP][PASSED] - println(x): null

13-01-2025T07:11:23 - [TEST_STEP][PASSED] - i1 = x.indexOf("/"): null

13-01-2025T07:11:23 - [TEST_STEP][PASSED] - if (i1 > -1): null

13-01-2025T07:11:23 - [TEST_STEP][PASSED] - x = x.substring(0, i1): null

13-01-2025T07:11:23 - [TEST_STEP][PASSED] - println(x): null

13-01-2025T07:11:23 - [TEST_STEP][PASSED] - return x: null

13-01-2025T07:11:23 - [TEST_STEP][PASSED] - tabB = GetOiSPlanB(x = b): null

13-01-2025T07:11:23 - [TEST_STEP][PASSED] - i1 = <not implemented yet for class: org.codehaus.groovy.ast.expr.EmptyExpression>: null

13-01-2025T07:11:23 - [TEST_STEP][PASSED] - ii = <not implemented yet for class: org.codehaus.groovy.ast.expr.EmptyExpression>: null

13-01-2025T07:11:23 - [TEST_STEP][PASSED] - for ([ii = 1, ii < 8, (ii++)]): null

13-01-2025T07:11:23 - [TEST_STEP][PASSED] - i1 = x.indexOf("/") + 1: null

13-01-2025T07:11:23 - [TEST_STEP][PASSED] - if (i1 > -1): null

13-01-2025T07:11:23 - [TEST_STEP][PASSED] - x = x.substring(i1, x.length()): null

13-01-2025T07:11:23 - [TEST_STEP][PASSED] - println(x): null

13-01-2025T07:11:23 - [TEST_STEP][PASSED] - i1 = x.indexOf("/") + 1: null

13-01-2025T07:11:23 - [TEST_STEP][PASSED] - if (i1 > -1): null

13-01-2025T07:11:23 - [TEST_STEP][PASSED] - x = x.substring(i1, x.length()): null

13-01-2025T07:11:23 - [TEST_STEP][PASSED] - println(x): null

13-01-2025T07:11:23 - [TEST_STEP][PASSED] - i1 = x.indexOf("/") + 1: null

13-01-2025T07:11:23 - [TEST_STEP][PASSED] - if (i1 > -1): null

13-01-2025T07:11:23 - [TEST_STEP][PASSED] - x = x.substring(i1, x.length()): null

13-01-2025T07:11:23 - [TEST_STEP][PASSED] - println(x): null

13-01-2025T07:11:23 - [TEST_STEP][PASSED] - i1 = x.indexOf("/") + 1: null

13-01-2025T07:11:23 - [TEST_STEP][PASSED] - if (i1 > -1): null

13-01-2025T07:11:23 - [TEST_STEP][PASSED] - x = x.substring(i1, x.length()): null

13-01-2025T07:11:23 - [TEST_STEP][PASSED] - println(x): null

13-01-2025T07:11:23 - [TEST_STEP][PASSED] - i1 = x.indexOf("/") + 1: null

13-01-2025T07:11:23 - [TEST_STEP][PASSED] - if (i1 > -1): null

13-01-2025T07:11:23 - [TEST_STEP][PASSED] - x = x.substring(i1, x.length()): null

13-01-2025T07:11:23 - [TEST_STEP][PASSED] - println(x): null

13-01-2025T07:11:23 - [TEST_STEP][PASSED] - i1 = x.indexOf("/") + 1: null

13-01-2025T07:11:23 - [TEST_STEP][PASSED] - if (i1 > -1): null

13-01-2025T07:11:23 - [TEST_STEP][PASSED] - x = x.substring(i1, x.length()): null

13-01-2025T07:11:23 - [TEST_STEP][PASSED] - println(x): null

13-01-2025T07:11:23 - [TEST_STEP][PASSED] - i1 = x.indexOf("/") + 1: null

13-01-2025T07:11:23 - [TEST_STEP][PASSED] - if (i1 > -1): null

13-01-2025T07:11:23 - [TEST_STEP][PASSED] - x = x.substring(i1, x.length()): null

13-01-2025T07:11:23 - [TEST_STEP][PASSED] - println(x): null

13-01-2025T07:11:23 - [TEST_STEP][PASSED] - i1 = x.indexOf("/"): null

13-01-2025T07:11:23 - [TEST_STEP][PASSED] - if (i1 > -1): null

13-01-2025T07:11:23 - [TEST_STEP][PASSED] - x = x.substring(0, i1): null

13-01-2025T07:11:23 - [TEST_STEP][PASSED] - println(x): null

13-01-2025T07:11:23 - [TEST_STEP][FAILED] - return x: null

13-01-2025T07:11:23 - [TEST_STEP][PASSED] - println(tabR + "/" + tabB): null

13-01-2025T07:11:23 - [TEST_STEP][FAILED] - if (verifyEqual(PercFactR, PercFactB) == false): null

13-01-2025T07:11:23 - [MESSAGE][FAILED] - Unable to verify equal between actual object 'нет данных' and expected object '7.58' (Root cause: com.kms.katalon.core.exception.StepFailedException: Actual object 'нет данных' and expected object '7.58' are not equal
	at com.kms.katalon.core.keyword.builtin.VerifyEqualKeyword$_verifyEqual_closure1.doCall(VerifyEqualKeyword.groovy:58)
	at com.kms.katalon.core.keyword.builtin.VerifyEqualKeyword$_verifyEqual_closure1.call(VerifyEqualKeyword.groovy)
	at com.kms.katalon.core.keyword.internal.KeywordMain.runKeyword(KeywordMain.groovy:75)
	at com.kms.katalon.core.keyword.builtin.VerifyEqualKeyword.verifyEqual(VerifyEqualKeyword.groovy:63)
	at com.kms.katalon.core.keyword.builtin.VerifyEqualKeyword.execute(VerifyEqualKeyword.groovy:44)
	at com.kms.katalon.core.keyword.internal.KeywordExecutor.executeKeywordForPlatform(KeywordExecutor.groovy:74)
	at com.kms.katalon.core.keyword.BuiltinKeywords.verifyEqual(BuiltinKeywords.groovy:146)
	at jdk.internal.reflect.GeneratedMethodAccessor25.invoke(Unknown Source)
	at java.base/jdk.internal.reflect.DelegatingMethodAccessorImpl.invoke(DelegatingMethodAccessorImpl.java:43)
	at Выполнение бизнес-плана сверка дашбордов - Copy.CompareDZOData(Выполнение бизнес-плана сверка дашбордов - Copy:758)
	at Выполнение бизнес-плана сверка дашбордов - Copy.run(Выполнение бизнес-плана сверка дашбордов - Copy:613)
	at com.kms.katalon.core.main.ScriptEngine.run(ScriptEngine.java:194)
	at com.kms.katalon.core.main.ScriptEngine.runScriptAsRawText(ScriptEngine.java:119)
	at com.kms.katalon.core.main.TestCaseExecutor.runScript(TestCaseExecutor.java:448)
	at com.kms.katalon.core.main.TestCaseExecutor.doExecute(TestCaseExecutor.java:439)
	at com.kms.katalon.core.main.TestCaseExecutor.processExecutionPhase(TestCaseExecutor.java:418)
	at com.kms.katalon.core.main.TestCaseExecutor.accessMainPhase(TestCaseExecutor.java:410)
	at com.kms.katalon.core.main.TestCaseExecutor.execute(TestCaseExecutor.java:285)
	at com.kms.katalon.core.common.CommonExecutor.accessTestCaseMainPhase(CommonExecutor.java:65)
	at com.kms.katalon.core.main.TestSuiteExecutor.accessTestSuiteMainPhase(TestSuiteExecutor.java:150)
	at com.kms.katalon.core.main.TestSuiteExecutor.execute(TestSuiteExecutor.java:106)
	at com.kms.katalon.core.main.TestCaseMain.startTestSuite(TestCaseMain.java:180)
	at TempTestSuite1736740835951.run(TempTestSuite1736740835951.groovy:35)
	at java.base/jdk.internal.reflect.NativeMethodAccessorImpl.invoke0(Native Method)
	at java.base/jdk.internal.reflect.NativeMethodAccessorImpl.invoke(NativeMethodAccessorImpl.java:77)
	at java.base/jdk.internal.reflect.DelegatingMethodAccessorImpl.invoke(DelegatingMethodAccessorImpl.java:43)
)

13-01-2025T07:11:23 - [TEST_STEP][PASSED] - result = WriteToExcel(typeOfData, todaysDate, PercPlanR, PercPlanB, PercFactR, PercFactB, x, tabR, tabB, o1R, o1B, vidget): null

13-01-2025T07:11:23 - [TEST_STEP][PASSED] - iii = dZO.indexOf("/"): null

13-01-2025T07:11:23 - [TEST_STEP][PASSED] - println(iii): null

13-01-2025T07:11:23 - [TEST_STEP][PASSED] - dZO = dZO.substring(0, iii): null

13-01-2025T07:11:23 - [TEST_STEP][PASSED] - println(dZO): null

13-01-2025T07:11:23 - [TEST_STEP][PASSED] - println(PercPlanR): null

13-01-2025T07:11:23 - [TEST_STEP][PASSED] - println(PercPlanB): null

13-01-2025T07:11:23 - [TEST_STEP][PASSED] - println(PercFactR): null

13-01-2025T07:11:23 - [TEST_STEP][PASSED] - println(PercFactB): null

13-01-2025T07:11:23 - [TEST_STEP][PASSED] - println(tabR): null

13-01-2025T07:11:23 - [TEST_STEP][PASSED] - println(tabB): null

13-01-2025T07:11:23 - [TEST_STEP][PASSED] - println(o1R): null

13-01-2025T07:11:23 - [TEST_STEP][PASSED] - println(o1B): null

13-01-2025T07:11:23 - [TEST_STEP][PASSED] - PR = <not implemented yet for class: org.codehaus.groovy.ast.expr.EmptyExpression>: null

13-01-2025T07:11:23 - [TEST_STEP][PASSED] - FR = <not implemented yet for class: org.codehaus.groovy.ast.expr.EmptyExpression>: null

13-01-2025T07:11:23 - [TEST_STEP][PASSED] - PB = <not implemented yet for class: org.codehaus.groovy.ast.expr.EmptyExpression>: null

13-01-2025T07:11:23 - [TEST_STEP][PASSED] - FB = <not implemented yet for class: org.codehaus.groovy.ast.expr.EmptyExpression>: null

13-01-2025T07:11:23 - [TEST_STEP][PASSED] - TR = <not implemented yet for class: org.codehaus.groovy.ast.expr.EmptyExpression>: null

13-01-2025T07:11:23 - [TEST_STEP][PASSED] - TB = <not implemented yet for class: org.codehaus.groovy.ast.expr.EmptyExpression>: null

13-01-2025T07:11:23 - [TEST_STEP][PASSED] - sheetName = "Sheet1": null

13-01-2025T07:11:23 - [TEST_STEP][PASSED] - data = findTestData("PlanFact"): null

13-01-2025T07:11:24 - [TEST_STEP][PASSED] - n = data.getRowNumbers() + 1: null

13-01-2025T07:11:24 - [TEST_STEP][PASSED] - year = todaysDate.substring(todaysDate.length() - 4, todaysDate.length()): null

13-01-2025T07:11:24 - [TEST_STEP][PASSED] - y = year.toInteger(): null

13-01-2025T07:11:24 - [TEST_STEP][PASSED] - m = getText(findTestObject("Выполнение бизнес-плана/Выполнение бизнес-плана Балансы/Фильтр Дата")): Text of object 'Object Repository/Выполнение бизнес-плана/Выполнение бизнес-плана Балансы/Фильтр Дата' is: '1, 2, 3 кв., Октябрь, Ноябрь 2024 года'

13-01-2025T07:11:24 - [MESSAGE][PASSED] - Text of object 'Object Repository/Выполнение бизнес-плана/Выполнение бизнес-плана Балансы/Фильтр Дата' is: '1, 2, 3 кв., Октябрь, Ноябрь 2024 года'

13-01-2025T07:11:24 - [TEST_STEP][PASSED] - m = m.substring(0, m.indexOf("2024")): null

13-01-2025T07:11:24 - [TEST_STEP][PASSED] - m = m.trim(): null

13-01-2025T07:11:24 - [TEST_STEP][PASSED] - dashboardName = "Выполнение бизнес-плана": null

13-01-2025T07:11:24 - [TEST_STEP][PASSED] - workbook01 = getWorkbook(excelFilePath): null

13-01-2025T07:11:24 - [TEST_STEP][PASSED] - sheet01 = getExcelSheet(workbook01, sheetName): null

13-01-2025T07:11:24 - [TEST_STEP][PASSED] - setValueToCellByIndex(sheet01, n, 0, dashboardName): null

13-01-2025T07:11:24 - [TEST_STEP][PASSED] - setValueToCellByIndex(sheet01, n, 1, dZO): null

13-01-2025T07:11:24 - [TEST_STEP][PASSED] - setValueToCellByIndex(sheet01, n, 2, typeOfData): null

13-01-2025T07:11:24 - [TEST_STEP][PASSED] - setValueToCellByIndex(sheet01, n, 3, typeOfData): null

13-01-2025T07:11:24 - [TEST_STEP][PASSED] - if (typeOfData == "План"): null

13-01-2025T07:11:24 - [TEST_STEP][PASSED] - else if (typeOfData == "Факт"): null

13-01-2025T07:11:24 - [TEST_STEP][PASSED] - else if (vidget.contains("электроэнергии") == true): null

13-01-2025T07:11:24 - [TEST_STEP][PASSED] - if (tabR == null): null

13-01-2025T07:11:24 - [TEST_STEP][PASSED] - else: null

13-01-2025T07:11:24 - [TEST_STEP][PASSED] - if (tabR == "нет данных"): null

13-01-2025T07:11:24 - [TEST_STEP][PASSED] - setValueToCellByIndex(sheet01, n, 4, "нет данных"): null

13-01-2025T07:11:24 - [TEST_STEP][PASSED] - if (tabB == null): null

13-01-2025T07:11:24 - [TEST_STEP][PASSED] - else: null

13-01-2025T07:11:24 - [TEST_STEP][PASSED] - if (tabB == "нет данных"): null

13-01-2025T07:11:24 - [TEST_STEP][PASSED] - setValueToCellByIndex(sheet01, n, 5, "нет данных"): null

13-01-2025T07:11:24 - [TEST_STEP][PASSED] - setValueToCellByIndex(sheet01, n, 6, m): null

13-01-2025T07:11:24 - [TEST_STEP][PASSED] - setValueToCellByIndex(sheet01, n, 7, y): null

13-01-2025T07:11:24 - [TEST_STEP][PASSED] - setValueToCellByIndex(sheet01, n, 8, todaysDate): null

13-01-2025T07:11:24 - [TEST_STEP][PASSED] - n = n + 1: null

13-01-2025T07:11:24 - [TEST_STEP][PASSED] - saveWorkbook(excelFilePath, workbook01): null

13-01-2025T07:11:24 - [TEST_STEP][PASSED] - typeOfData = "План Потери": null

13-01-2025T07:11:24 - [TEST_STEP][PASSED] - tabR = GetPPlanR(x = a): null

13-01-2025T07:11:24 - [TEST_STEP][PASSED] - i1 = <not implemented yet for class: org.codehaus.groovy.ast.expr.EmptyExpression>: null

13-01-2025T07:11:24 - [TEST_STEP][PASSED] - ii = <not implemented yet for class: org.codehaus.groovy.ast.expr.EmptyExpression>: null

13-01-2025T07:11:24 - [TEST_STEP][PASSED] - for ([ii = 1, ii < 9, (ii++)]): null

13-01-2025T07:11:24 - [TEST_STEP][PASSED] - i1 = x.indexOf("/") + 1: null

13-01-2025T07:11:24 - [TEST_STEP][PASSED] - if (i1 > -1): null

13-01-2025T07:11:24 - [TEST_STEP][PASSED] - x = x.substring(i1, x.length()): null

13-01-2025T07:11:24 - [TEST_STEP][PASSED] - println(x): null

13-01-2025T07:11:24 - [TEST_STEP][PASSED] - i1 = x.indexOf("/") + 1: null

13-01-2025T07:11:24 - [TEST_STEP][PASSED] - if (i1 > -1): null

13-01-2025T07:11:24 - [TEST_STEP][PASSED] - x = x.substring(i1, x.length()): null

13-01-2025T07:11:24 - [TEST_STEP][PASSED] - println(x): null

13-01-2025T07:11:24 - [TEST_STEP][PASSED] - i1 = x.indexOf("/") + 1: null

13-01-2025T07:11:24 - [TEST_STEP][PASSED] - if (i1 > -1): null

13-01-2025T07:11:24 - [TEST_STEP][PASSED] - x = x.substring(i1, x.length()): null

13-01-2025T07:11:24 - [TEST_STEP][PASSED] - println(x): null

13-01-2025T07:11:24 - [TEST_STEP][PASSED] - i1 = x.indexOf("/") + 1: null

13-01-2025T07:11:24 - [TEST_STEP][PASSED] - if (i1 > -1): null

13-01-2025T07:11:24 - [TEST_STEP][PASSED] - x = x.substring(i1, x.length()): null

13-01-2025T07:11:24 - [TEST_STEP][PASSED] - println(x): null

13-01-2025T07:11:24 - [TEST_STEP][PASSED] - i1 = x.indexOf("/") + 1: null

13-01-2025T07:11:24 - [TEST_STEP][PASSED] - if (i1 > -1): null

13-01-2025T07:11:24 - [TEST_STEP][PASSED] - x = x.substring(i1, x.length()): null

13-01-2025T07:11:24 - [TEST_STEP][PASSED] - println(x): null

13-01-2025T07:11:24 - [TEST_STEP][PASSED] - i1 = x.indexOf("/") + 1: null

13-01-2025T07:11:24 - [TEST_STEP][PASSED] - if (i1 > -1): null

13-01-2025T07:11:24 - [TEST_STEP][PASSED] - x = x.substring(i1, x.length()): null

13-01-2025T07:11:24 - [TEST_STEP][PASSED] - println(x): null

13-01-2025T07:11:24 - [TEST_STEP][PASSED] - i1 = x.indexOf("/") + 1: null

13-01-2025T07:11:24 - [TEST_STEP][PASSED] - if (i1 > -1): null

13-01-2025T07:11:24 - [TEST_STEP][PASSED] - x = x.substring(i1, x.length()): null

13-01-2025T07:11:24 - [TEST_STEP][PASSED] - println(x): null

13-01-2025T07:11:24 - [TEST_STEP][PASSED] - i1 = x.indexOf("/") + 1: null

13-01-2025T07:11:24 - [TEST_STEP][PASSED] - if (i1 > -1): null

13-01-2025T07:11:24 - [TEST_STEP][PASSED] - x = x.substring(i1, x.length()): null

13-01-2025T07:11:24 - [TEST_STEP][PASSED] - println(x): null

13-01-2025T07:11:24 - [TEST_STEP][PASSED] - i1 = x.indexOf("/"): null

13-01-2025T07:11:24 - [TEST_STEP][PASSED] - if (i1 > -1): null

13-01-2025T07:11:24 - [TEST_STEP][PASSED] - x = x.substring(0, i1): null

13-01-2025T07:11:24 - [TEST_STEP][PASSED] - println(x): null

13-01-2025T07:11:24 - [TEST_STEP][PASSED] - return x: null

13-01-2025T07:11:24 - [TEST_STEP][PASSED] - tabB = GetPPlanB(x = b): null

13-01-2025T07:11:24 - [TEST_STEP][PASSED] - i1 = <not implemented yet for class: org.codehaus.groovy.ast.expr.EmptyExpression>: null

13-01-2025T07:11:24 - [TEST_STEP][PASSED] - ii = <not implemented yet for class: org.codehaus.groovy.ast.expr.EmptyExpression>: null

13-01-2025T07:11:24 - [TEST_STEP][PASSED] - for ([ii = 1, ii < 9, (ii++)]): null

13-01-2025T07:11:24 - [TEST_STEP][PASSED] - i1 = x.indexOf("/") + 1: null

13-01-2025T07:11:24 - [TEST_STEP][PASSED] - if (i1 > -1): null

13-01-2025T07:11:24 - [TEST_STEP][PASSED] - x = x.substring(i1, x.length()): null

13-01-2025T07:11:24 - [TEST_STEP][PASSED] - println(x): null

13-01-2025T07:11:24 - [TEST_STEP][PASSED] - i1 = x.indexOf("/") + 1: null

13-01-2025T07:11:24 - [TEST_STEP][PASSED] - if (i1 > -1): null

13-01-2025T07:11:24 - [TEST_STEP][PASSED] - x = x.substring(i1, x.length()): null

13-01-2025T07:11:24 - [TEST_STEP][PASSED] - println(x): null

13-01-2025T07:11:24 - [TEST_STEP][PASSED] - i1 = x.indexOf("/") + 1: null

13-01-2025T07:11:24 - [TEST_STEP][PASSED] - if (i1 > -1): null

13-01-2025T07:11:24 - [TEST_STEP][PASSED] - x = x.substring(i1, x.length()): null

13-01-2025T07:11:24 - [TEST_STEP][PASSED] - println(x): null

13-01-2025T07:11:24 - [TEST_STEP][PASSED] - i1 = x.indexOf("/") + 1: null

13-01-2025T07:11:24 - [TEST_STEP][PASSED] - if (i1 > -1): null

13-01-2025T07:11:24 - [TEST_STEP][PASSED] - x = x.substring(i1, x.length()): null

13-01-2025T07:11:24 - [TEST_STEP][PASSED] - println(x): null

13-01-2025T07:11:24 - [TEST_STEP][PASSED] - i1 = x.indexOf("/") + 1: null

13-01-2025T07:11:24 - [TEST_STEP][PASSED] - if (i1 > -1): null

13-01-2025T07:11:24 - [TEST_STEP][PASSED] - x = x.substring(i1, x.length()): null

13-01-2025T07:11:24 - [TEST_STEP][PASSED] - println(x): null

13-01-2025T07:11:24 - [TEST_STEP][PASSED] - i1 = x.indexOf("/") + 1: null

13-01-2025T07:11:24 - [TEST_STEP][PASSED] - if (i1 > -1): null

13-01-2025T07:11:24 - [TEST_STEP][PASSED] - x = x.substring(i1, x.length()): null

13-01-2025T07:11:24 - [TEST_STEP][PASSED] - println(x): null

13-01-2025T07:11:24 - [TEST_STEP][PASSED] - i1 = x.indexOf("/") + 1: null

13-01-2025T07:11:24 - [TEST_STEP][PASSED] - if (i1 > -1): null

13-01-2025T07:11:24 - [TEST_STEP][PASSED] - x = x.substring(i1, x.length()): null

13-01-2025T07:11:24 - [TEST_STEP][PASSED] - println(x): null

13-01-2025T07:11:24 - [TEST_STEP][PASSED] - i1 = x.indexOf("/") + 1: null

13-01-2025T07:11:24 - [TEST_STEP][PASSED] - if (i1 > -1): null

13-01-2025T07:11:24 - [TEST_STEP][PASSED] - x = x.substring(i1, x.length()): null

13-01-2025T07:11:24 - [TEST_STEP][PASSED] - println(x): null

13-01-2025T07:11:24 - [TEST_STEP][PASSED] - i1 = x.indexOf("/"): null

13-01-2025T07:11:24 - [TEST_STEP][PASSED] - if (i1 > -1): null

13-01-2025T07:11:24 - [TEST_STEP][PASSED] - x = x.substring(0, i1): null

13-01-2025T07:11:24 - [TEST_STEP][PASSED] - println(x): null

13-01-2025T07:11:24 - [TEST_STEP][FAILED] - return x: null

13-01-2025T07:11:24 - [TEST_STEP][PASSED] - println(tabR + "/" + tabB): null

13-01-2025T07:11:24 - [TEST_STEP][FAILED] - if (verifyEqual(PercFactR, PercFactB) == false): null

13-01-2025T07:11:24 - [MESSAGE][FAILED] - Unable to verify equal between actual object 'нет данных' and expected object '7.58' (Root cause: com.kms.katalon.core.exception.StepFailedException: Actual object 'нет данных' and expected object '7.58' are not equal
	at com.kms.katalon.core.keyword.builtin.VerifyEqualKeyword$_verifyEqual_closure1.doCall(VerifyEqualKeyword.groovy:58)
	at com.kms.katalon.core.keyword.builtin.VerifyEqualKeyword$_verifyEqual_closure1.call(VerifyEqualKeyword.groovy)
	at com.kms.katalon.core.keyword.internal.KeywordMain.runKeyword(KeywordMain.groovy:75)
	at com.kms.katalon.core.keyword.builtin.VerifyEqualKeyword.verifyEqual(VerifyEqualKeyword.groovy:63)
	at com.kms.katalon.core.keyword.builtin.VerifyEqualKeyword.execute(VerifyEqualKeyword.groovy:44)
	at com.kms.katalon.core.keyword.internal.KeywordExecutor.executeKeywordForPlatform(KeywordExecutor.groovy:74)
	at com.kms.katalon.core.keyword.BuiltinKeywords.verifyEqual(BuiltinKeywords.groovy:146)
	at jdk.internal.reflect.GeneratedMethodAccessor25.invoke(Unknown Source)
	at java.base/jdk.internal.reflect.DelegatingMethodAccessorImpl.invoke(DelegatingMethodAccessorImpl.java:43)
	at Выполнение бизнес-плана сверка дашбордов - Copy.CompareDZOData(Выполнение бизнес-плана сверка дашбордов - Copy:771)
	at Выполнение бизнес-плана сверка дашбордов - Copy.run(Выполнение бизнес-плана сверка дашбордов - Copy:613)
	at com.kms.katalon.core.main.ScriptEngine.run(ScriptEngine.java:194)
	at com.kms.katalon.core.main.ScriptEngine.runScriptAsRawText(ScriptEngine.java:119)
	at com.kms.katalon.core.main.TestCaseExecutor.runScript(TestCaseExecutor.java:448)
	at com.kms.katalon.core.main.TestCaseExecutor.doExecute(TestCaseExecutor.java:439)
	at com.kms.katalon.core.main.TestCaseExecutor.processExecutionPhase(TestCaseExecutor.java:418)
	at com.kms.katalon.core.main.TestCaseExecutor.accessMainPhase(TestCaseExecutor.java:410)
	at com.kms.katalon.core.main.TestCaseExecutor.execute(TestCaseExecutor.java:285)
	at com.kms.katalon.core.common.CommonExecutor.accessTestCaseMainPhase(CommonExecutor.java:65)
	at com.kms.katalon.core.main.TestSuiteExecutor.accessTestSuiteMainPhase(TestSuiteExecutor.java:150)
	at com.kms.katalon.core.main.TestSuiteExecutor.execute(TestSuiteExecutor.java:106)
	at com.kms.katalon.core.main.TestCaseMain.startTestSuite(TestCaseMain.java:180)
	at TempTestSuite1736740835951.run(TempTestSuite1736740835951.groovy:35)
	at java.base/jdk.internal.reflect.NativeMethodAccessorImpl.invoke0(Native Method)
	at java.base/jdk.internal.reflect.NativeMethodAccessorImpl.invoke(NativeMethodAccessorImpl.java:77)
	at java.base/jdk.internal.reflect.DelegatingMethodAccessorImpl.invoke(DelegatingMethodAccessorImpl.java:43)
)

13-01-2025T07:11:24 - [TEST_STEP][PASSED] - result = WriteToExcel(typeOfData, todaysDate, PercPlanR, PercPlanB, PercFactR, PercFactB, x, tabR, tabB, o1R, o1B, vidget): null

13-01-2025T07:11:24 - [TEST_STEP][PASSED] - iii = dZO.indexOf("/"): null

13-01-2025T07:11:24 - [TEST_STEP][PASSED] - println(iii): null

13-01-2025T07:11:24 - [TEST_STEP][PASSED] - dZO = dZO.substring(0, iii): null

13-01-2025T07:11:24 - [TEST_STEP][PASSED] - println(dZO): null

13-01-2025T07:11:24 - [TEST_STEP][PASSED] - println(PercPlanR): null

13-01-2025T07:11:24 - [TEST_STEP][PASSED] - println(PercPlanB): null

13-01-2025T07:11:24 - [TEST_STEP][PASSED] - println(PercFactR): null

13-01-2025T07:11:24 - [TEST_STEP][PASSED] - println(PercFactB): null

13-01-2025T07:11:24 - [TEST_STEP][PASSED] - println(tabR): null

13-01-2025T07:11:24 - [TEST_STEP][PASSED] - println(tabB): null

13-01-2025T07:11:24 - [TEST_STEP][PASSED] - println(o1R): null

13-01-2025T07:11:24 - [TEST_STEP][PASSED] - println(o1B): null

13-01-2025T07:11:24 - [TEST_STEP][PASSED] - PR = <not implemented yet for class: org.codehaus.groovy.ast.expr.EmptyExpression>: null

13-01-2025T07:11:24 - [TEST_STEP][PASSED] - FR = <not implemented yet for class: org.codehaus.groovy.ast.expr.EmptyExpression>: null

13-01-2025T07:11:24 - [TEST_STEP][PASSED] - PB = <not implemented yet for class: org.codehaus.groovy.ast.expr.EmptyExpression>: null

13-01-2025T07:11:24 - [TEST_STEP][PASSED] - FB = <not implemented yet for class: org.codehaus.groovy.ast.expr.EmptyExpression>: null

13-01-2025T07:11:24 - [TEST_STEP][PASSED] - TR = <not implemented yet for class: org.codehaus.groovy.ast.expr.EmptyExpression>: null

13-01-2025T07:11:24 - [TEST_STEP][PASSED] - TB = <not implemented yet for class: org.codehaus.groovy.ast.expr.EmptyExpression>: null

13-01-2025T07:11:24 - [TEST_STEP][PASSED] - sheetName = "Sheet1": null

13-01-2025T07:11:24 - [TEST_STEP][PASSED] - data = findTestData("PlanFact"): null

13-01-2025T07:11:24 - [TEST_STEP][PASSED] - n = data.getRowNumbers() + 1: null

13-01-2025T07:11:24 - [TEST_STEP][PASSED] - year = todaysDate.substring(todaysDate.length() - 4, todaysDate.length()): null

13-01-2025T07:11:24 - [TEST_STEP][PASSED] - y = year.toInteger(): null

13-01-2025T07:11:24 - [TEST_STEP][PASSED] - m = getText(findTestObject("Выполнение бизнес-плана/Выполнение бизнес-плана Балансы/Фильтр Дата")): Text of object 'Object Repository/Выполнение бизнес-плана/Выполнение бизнес-плана Балансы/Фильтр Дата' is: '1, 2, 3 кв., Октябрь, Ноябрь 2024 года'

13-01-2025T07:11:24 - [MESSAGE][PASSED] - Text of object 'Object Repository/Выполнение бизнес-плана/Выполнение бизнес-плана Балансы/Фильтр Дата' is: '1, 2, 3 кв., Октябрь, Ноябрь 2024 года'

13-01-2025T07:11:24 - [TEST_STEP][PASSED] - m = m.substring(0, m.indexOf("2024")): null

13-01-2025T07:11:24 - [TEST_STEP][PASSED] - m = m.trim(): null

13-01-2025T07:11:24 - [TEST_STEP][PASSED] - dashboardName = "Выполнение бизнес-плана": null

13-01-2025T07:11:24 - [TEST_STEP][PASSED] - workbook01 = getWorkbook(excelFilePath): null

13-01-2025T07:11:24 - [TEST_STEP][PASSED] - sheet01 = getExcelSheet(workbook01, sheetName): null

13-01-2025T07:11:24 - [TEST_STEP][PASSED] - setValueToCellByIndex(sheet01, n, 0, dashboardName): null

13-01-2025T07:11:24 - [TEST_STEP][PASSED] - setValueToCellByIndex(sheet01, n, 1, dZO): null

13-01-2025T07:11:24 - [TEST_STEP][PASSED] - setValueToCellByIndex(sheet01, n, 2, typeOfData): null

13-01-2025T07:11:24 - [TEST_STEP][PASSED] - setValueToCellByIndex(sheet01, n, 3, typeOfData): null

13-01-2025T07:11:24 - [TEST_STEP][PASSED] - if (typeOfData == "План"): null

13-01-2025T07:11:24 - [TEST_STEP][PASSED] - else if (typeOfData == "Факт"): null

13-01-2025T07:11:24 - [TEST_STEP][PASSED] - else if (vidget.contains("электроэнергии") == true): null

13-01-2025T07:11:24 - [TEST_STEP][PASSED] - if (tabR == null): null

13-01-2025T07:11:24 - [TEST_STEP][PASSED] - else: null

13-01-2025T07:11:24 - [TEST_STEP][PASSED] - if (tabR == "нет данных"): null

13-01-2025T07:11:24 - [TEST_STEP][PASSED] - setValueToCellByIndex(sheet01, n, 4, "нет данных"): null

13-01-2025T07:11:24 - [TEST_STEP][PASSED] - if (tabB == null): null

13-01-2025T07:11:24 - [TEST_STEP][PASSED] - else: null

13-01-2025T07:11:24 - [TEST_STEP][PASSED] - if (tabB == "нет данных"): null

13-01-2025T07:11:24 - [TEST_STEP][PASSED] - setValueToCellByIndex(sheet01, n, 5, "нет данных"): null

13-01-2025T07:11:24 - [TEST_STEP][PASSED] - setValueToCellByIndex(sheet01, n, 6, m): null

13-01-2025T07:11:24 - [TEST_STEP][PASSED] - setValueToCellByIndex(sheet01, n, 7, y): null

13-01-2025T07:11:24 - [TEST_STEP][PASSED] - setValueToCellByIndex(sheet01, n, 8, todaysDate): null

13-01-2025T07:11:24 - [TEST_STEP][PASSED] - n = n + 1: null

13-01-2025T07:11:24 - [TEST_STEP][PASSED] - saveWorkbook(excelFilePath, workbook01): null

13-01-2025T07:11:25 - [TEST_STEP][PASSED] - ii2 = a.indexOf("ПАО"): null

13-01-2025T07:11:25 - [TEST_STEP][PASSED] - if (ii2 == -1): null

13-01-2025T07:11:25 - [TEST_STEP][PASSED] - vidget = "Отклонения фактического уровня потерь от бизнес-плана": null

13-01-2025T07:11:25 - [TEST_STEP][PASSED] - typeOfData = "Коэффициент": null

13-01-2025T07:11:25 - [TEST_STEP][PASSED] - o1R = Geto1R(x = a): null

13-01-2025T07:11:25 - [TEST_STEP][PASSED] - i1 = <not implemented yet for class: org.codehaus.groovy.ast.expr.EmptyExpression>: null

13-01-2025T07:11:25 - [TEST_STEP][PASSED] - ii = <not implemented yet for class: org.codehaus.groovy.ast.expr.EmptyExpression>: null

13-01-2025T07:11:25 - [TEST_STEP][PASSED] - for ([ii = 1, ii < 10, (ii++)]): null

13-01-2025T07:11:25 - [TEST_STEP][PASSED] - i1 = x.indexOf("/") + 1: null

13-01-2025T07:11:25 - [TEST_STEP][PASSED] - if (i1 > -1): null

13-01-2025T07:11:25 - [TEST_STEP][PASSED] - x = x.substring(i1, x.length()): null

13-01-2025T07:11:25 - [TEST_STEP][PASSED] - i1 = x.indexOf("/") + 1: null

13-01-2025T07:11:25 - [TEST_STEP][PASSED] - if (i1 > -1): null

13-01-2025T07:11:25 - [TEST_STEP][PASSED] - x = x.substring(i1, x.length()): null

13-01-2025T07:11:25 - [TEST_STEP][PASSED] - i1 = x.indexOf("/") + 1: null

13-01-2025T07:11:25 - [TEST_STEP][PASSED] - if (i1 > -1): null

13-01-2025T07:11:25 - [TEST_STEP][PASSED] - x = x.substring(i1, x.length()): null

13-01-2025T07:11:25 - [TEST_STEP][PASSED] - i1 = x.indexOf("/") + 1: null

13-01-2025T07:11:25 - [TEST_STEP][PASSED] - if (i1 > -1): null

13-01-2025T07:11:25 - [TEST_STEP][PASSED] - x = x.substring(i1, x.length()): null

13-01-2025T07:11:25 - [TEST_STEP][PASSED] - i1 = x.indexOf("/") + 1: null

13-01-2025T07:11:25 - [TEST_STEP][PASSED] - if (i1 > -1): null

13-01-2025T07:11:25 - [TEST_STEP][PASSED] - x = x.substring(i1, x.length()): null

13-01-2025T07:11:25 - [TEST_STEP][PASSED] - i1 = x.indexOf("/") + 1: null

13-01-2025T07:11:25 - [TEST_STEP][PASSED] - if (i1 > -1): null

13-01-2025T07:11:25 - [TEST_STEP][PASSED] - x = x.substring(i1, x.length()): null

13-01-2025T07:11:25 - [TEST_STEP][PASSED] - i1 = x.indexOf("/") + 1: null

13-01-2025T07:11:25 - [TEST_STEP][PASSED] - if (i1 > -1): null

13-01-2025T07:11:25 - [TEST_STEP][PASSED] - x = x.substring(i1, x.length()): null

13-01-2025T07:11:25 - [TEST_STEP][PASSED] - i1 = x.indexOf("/") + 1: null

13-01-2025T07:11:25 - [TEST_STEP][PASSED] - if (i1 > -1): null

13-01-2025T07:11:25 - [TEST_STEP][PASSED] - x = x.substring(i1, x.length()): null

13-01-2025T07:11:25 - [TEST_STEP][PASSED] - i1 = x.indexOf("/") + 1: null

13-01-2025T07:11:25 - [TEST_STEP][PASSED] - if (i1 > -1): null

13-01-2025T07:11:25 - [TEST_STEP][PASSED] - x = x.substring(i1, x.length()): null

13-01-2025T07:11:25 - [TEST_STEP][PASSED] - i1 = x.indexOf("/"): null

13-01-2025T07:11:25 - [TEST_STEP][PASSED] - if (i1 > -1): null

13-01-2025T07:11:25 - [TEST_STEP][PASSED] - println(x): null

13-01-2025T07:11:25 - [TEST_STEP][PASSED] - return x: null

13-01-2025T07:11:25 - [TEST_STEP][PASSED] - o1B = Geto1B(x = b): null

13-01-2025T07:11:25 - [TEST_STEP][PASSED] - i1 = <not implemented yet for class: org.codehaus.groovy.ast.expr.EmptyExpression>: null

13-01-2025T07:11:25 - [TEST_STEP][PASSED] - ii = <not implemented yet for class: org.codehaus.groovy.ast.expr.EmptyExpression>: null

13-01-2025T07:11:25 - [TEST_STEP][PASSED] - for ([ii = 1, ii < 10, (ii++)]): null

13-01-2025T07:11:25 - [TEST_STEP][PASSED] - i1 = x.indexOf("/") + 1: null

13-01-2025T07:11:25 - [TEST_STEP][PASSED] - if (i1 > -1): null

13-01-2025T07:11:25 - [TEST_STEP][PASSED] - x = x.substring(i1, x.length()): null

13-01-2025T07:11:25 - [TEST_STEP][PASSED] - i1 = x.indexOf("/") + 1: null

13-01-2025T07:11:25 - [TEST_STEP][PASSED] - if (i1 > -1): null

13-01-2025T07:11:25 - [TEST_STEP][PASSED] - x = x.substring(i1, x.length()): null

13-01-2025T07:11:25 - [TEST_STEP][PASSED] - i1 = x.indexOf("/") + 1: null

13-01-2025T07:11:25 - [TEST_STEP][PASSED] - if (i1 > -1): null

13-01-2025T07:11:25 - [TEST_STEP][PASSED] - x = x.substring(i1, x.length()): null

13-01-2025T07:11:25 - [TEST_STEP][PASSED] - i1 = x.indexOf("/") + 1: null

13-01-2025T07:11:25 - [TEST_STEP][PASSED] - if (i1 > -1): null

13-01-2025T07:11:25 - [TEST_STEP][PASSED] - x = x.substring(i1, x.length()): null

13-01-2025T07:11:25 - [TEST_STEP][PASSED] - i1 = x.indexOf("/") + 1: null

13-01-2025T07:11:25 - [TEST_STEP][PASSED] - if (i1 > -1): null

13-01-2025T07:11:25 - [TEST_STEP][PASSED] - x = x.substring(i1, x.length()): null

13-01-2025T07:11:25 - [TEST_STEP][PASSED] - i1 = x.indexOf("/") + 1: null

13-01-2025T07:11:25 - [TEST_STEP][PASSED] - if (i1 > -1): null

13-01-2025T07:11:25 - [TEST_STEP][PASSED] - x = x.substring(i1, x.length()): null

13-01-2025T07:11:25 - [TEST_STEP][PASSED] - i1 = x.indexOf("/") + 1: null

13-01-2025T07:11:25 - [TEST_STEP][PASSED] - if (i1 > -1): null

13-01-2025T07:11:25 - [TEST_STEP][PASSED] - x = x.substring(i1, x.length()): null

13-01-2025T07:11:25 - [TEST_STEP][PASSED] - i1 = x.indexOf("/") + 1: null

13-01-2025T07:11:25 - [TEST_STEP][PASSED] - if (i1 > -1): null

13-01-2025T07:11:25 - [TEST_STEP][PASSED] - x = x.substring(i1, x.length()): null

13-01-2025T07:11:25 - [TEST_STEP][PASSED] - i1 = x.indexOf("/") + 1: null

13-01-2025T07:11:25 - [TEST_STEP][PASSED] - if (i1 > -1): null

13-01-2025T07:11:25 - [TEST_STEP][PASSED] - x = x.substring(i1, x.length()): null

13-01-2025T07:11:25 - [TEST_STEP][PASSED] - i1 = x.indexOf("/"): null

13-01-2025T07:11:25 - [TEST_STEP][PASSED] - if (i1 > -1): null

13-01-2025T07:11:25 - [TEST_STEP][PASSED] - println(x): null

13-01-2025T07:11:25 - [TEST_STEP][FAILED] - return x: null

13-01-2025T07:11:25 - [TEST_STEP][PASSED] - println(o1R + "/" + o1B): null

13-01-2025T07:11:25 - [TEST_STEP][FAILED] - if (verifyEqual(PercFactR, PercFactB) == false): null

13-01-2025T07:11:25 - [MESSAGE][FAILED] - Unable to verify equal between actual object 'нет данных' and expected object '7.58' (Root cause: com.kms.katalon.core.exception.StepFailedException: Actual object 'нет данных' and expected object '7.58' are not equal
	at com.kms.katalon.core.keyword.builtin.VerifyEqualKeyword$_verifyEqual_closure1.doCall(VerifyEqualKeyword.groovy:58)
	at com.kms.katalon.core.keyword.builtin.VerifyEqualKeyword$_verifyEqual_closure1.call(VerifyEqualKeyword.groovy)
	at com.kms.katalon.core.keyword.internal.KeywordMain.runKeyword(KeywordMain.groovy:75)
	at com.kms.katalon.core.keyword.builtin.VerifyEqualKeyword.verifyEqual(VerifyEqualKeyword.groovy:63)
	at com.kms.katalon.core.keyword.builtin.VerifyEqualKeyword.execute(VerifyEqualKeyword.groovy:44)
	at com.kms.katalon.core.keyword.internal.KeywordExecutor.executeKeywordForPlatform(KeywordExecutor.groovy:74)
	at com.kms.katalon.core.keyword.BuiltinKeywords.verifyEqual(BuiltinKeywords.groovy:146)
	at jdk.internal.reflect.GeneratedMethodAccessor25.invoke(Unknown Source)
	at java.base/jdk.internal.reflect.DelegatingMethodAccessorImpl.invoke(DelegatingMethodAccessorImpl.java:43)
	at Выполнение бизнес-плана сверка дашбордов - Copy.CompareDZOData(Выполнение бизнес-плана сверка дашбордов - Copy:789)
	at Выполнение бизнес-плана сверка дашбордов - Copy.run(Выполнение бизнес-плана сверка дашбордов - Copy:613)
	at com.kms.katalon.core.main.ScriptEngine.run(ScriptEngine.java:194)
	at com.kms.katalon.core.main.ScriptEngine.runScriptAsRawText(ScriptEngine.java:119)
	at com.kms.katalon.core.main.TestCaseExecutor.runScript(TestCaseExecutor.java:448)
	at com.kms.katalon.core.main.TestCaseExecutor.doExecute(TestCaseExecutor.java:439)
	at com.kms.katalon.core.main.TestCaseExecutor.processExecutionPhase(TestCaseExecutor.java:418)
	at com.kms.katalon.core.main.TestCaseExecutor.accessMainPhase(TestCaseExecutor.java:410)
	at com.kms.katalon.core.main.TestCaseExecutor.execute(TestCaseExecutor.java:285)
	at com.kms.katalon.core.common.CommonExecutor.accessTestCaseMainPhase(CommonExecutor.java:65)
	at com.kms.katalon.core.main.TestSuiteExecutor.accessTestSuiteMainPhase(TestSuiteExecutor.java:150)
	at com.kms.katalon.core.main.TestSuiteExecutor.execute(TestSuiteExecutor.java:106)
	at com.kms.katalon.core.main.TestCaseMain.startTestSuite(TestCaseMain.java:180)
	at TempTestSuite1736740835951.run(TempTestSuite1736740835951.groovy:35)
	at java.base/jdk.internal.reflect.NativeMethodAccessorImpl.invoke0(Native Method)
	at java.base/jdk.internal.reflect.NativeMethodAccessorImpl.invoke(NativeMethodAccessorImpl.java:77)
	at java.base/jdk.internal.reflect.DelegatingMethodAccessorImpl.invoke(DelegatingMethodAccessorImpl.java:43)
)

13-01-2025T07:11:25 - [TEST_STEP][PASSED] - result = WriteToExcel(typeOfData, todaysDate, PercPlanR, PercPlanB, PercFactR, PercFactB, x, tabR, tabB, o1R, o1B, vidget): null

13-01-2025T07:11:25 - [TEST_STEP][PASSED] - iii = dZO.indexOf("/"): null

13-01-2025T07:11:25 - [TEST_STEP][PASSED] - println(iii): null

13-01-2025T07:11:25 - [TEST_STEP][PASSED] - dZO = dZO.substring(0, iii): null

13-01-2025T07:11:25 - [TEST_STEP][PASSED] - println(dZO): null

13-01-2025T07:11:25 - [TEST_STEP][PASSED] - println(PercPlanR): null

13-01-2025T07:11:25 - [TEST_STEP][PASSED] - println(PercPlanB): null

13-01-2025T07:11:25 - [TEST_STEP][PASSED] - println(PercFactR): null

13-01-2025T07:11:25 - [TEST_STEP][PASSED] - println(PercFactB): null

13-01-2025T07:11:25 - [TEST_STEP][PASSED] - println(tabR): null

13-01-2025T07:11:25 - [TEST_STEP][PASSED] - println(tabB): null

13-01-2025T07:11:25 - [TEST_STEP][PASSED] - println(o1R): null

13-01-2025T07:11:25 - [TEST_STEP][PASSED] - println(o1B): null

13-01-2025T07:11:25 - [TEST_STEP][PASSED] - PR = <not implemented yet for class: org.codehaus.groovy.ast.expr.EmptyExpression>: null

13-01-2025T07:11:25 - [TEST_STEP][PASSED] - FR = <not implemented yet for class: org.codehaus.groovy.ast.expr.EmptyExpression>: null

13-01-2025T07:11:25 - [TEST_STEP][PASSED] - PB = <not implemented yet for class: org.codehaus.groovy.ast.expr.EmptyExpression>: null

13-01-2025T07:11:25 - [TEST_STEP][PASSED] - FB = <not implemented yet for class: org.codehaus.groovy.ast.expr.EmptyExpression>: null

13-01-2025T07:11:25 - [TEST_STEP][PASSED] - TR = <not implemented yet for class: org.codehaus.groovy.ast.expr.EmptyExpression>: null

13-01-2025T07:11:25 - [TEST_STEP][PASSED] - TB = <not implemented yet for class: org.codehaus.groovy.ast.expr.EmptyExpression>: null

13-01-2025T07:11:25 - [TEST_STEP][PASSED] - sheetName = "Sheet1": null

13-01-2025T07:11:25 - [TEST_STEP][PASSED] - data = findTestData("PlanFact"): null

13-01-2025T07:11:25 - [TEST_STEP][PASSED] - n = data.getRowNumbers() + 1: null

13-01-2025T07:11:25 - [TEST_STEP][PASSED] - year = todaysDate.substring(todaysDate.length() - 4, todaysDate.length()): null

13-01-2025T07:11:25 - [TEST_STEP][PASSED] - y = year.toInteger(): null

13-01-2025T07:11:25 - [TEST_STEP][PASSED] - m = getText(findTestObject("Выполнение бизнес-плана/Выполнение бизнес-плана Балансы/Фильтр Дата")): Text of object 'Object Repository/Выполнение бизнес-плана/Выполнение бизнес-плана Балансы/Фильтр Дата' is: '1, 2, 3 кв., Октябрь, Ноябрь 2024 года'

13-01-2025T07:11:25 - [MESSAGE][PASSED] - Text of object 'Object Repository/Выполнение бизнес-плана/Выполнение бизнес-плана Балансы/Фильтр Дата' is: '1, 2, 3 кв., Октябрь, Ноябрь 2024 года'

13-01-2025T07:11:25 - [TEST_STEP][PASSED] - m = m.substring(0, m.indexOf("2024")): null

13-01-2025T07:11:25 - [TEST_STEP][PASSED] - m = m.trim(): null

13-01-2025T07:11:25 - [TEST_STEP][PASSED] - dashboardName = "Выполнение бизнес-плана": null

13-01-2025T07:11:25 - [TEST_STEP][PASSED] - workbook01 = getWorkbook(excelFilePath): null

13-01-2025T07:11:25 - [TEST_STEP][PASSED] - sheet01 = getExcelSheet(workbook01, sheetName): null

13-01-2025T07:11:25 - [TEST_STEP][PASSED] - setValueToCellByIndex(sheet01, n, 0, dashboardName): null

13-01-2025T07:11:25 - [TEST_STEP][PASSED] - setValueToCellByIndex(sheet01, n, 1, dZO): null

13-01-2025T07:11:25 - [TEST_STEP][PASSED] - setValueToCellByIndex(sheet01, n, 2, typeOfData): null

13-01-2025T07:11:25 - [TEST_STEP][PASSED] - setValueToCellByIndex(sheet01, n, 3, typeOfData): null

13-01-2025T07:11:25 - [TEST_STEP][PASSED] - if (typeOfData == "План"): null

13-01-2025T07:11:25 - [TEST_STEP][PASSED] - else if (typeOfData == "Факт"): null

13-01-2025T07:11:25 - [TEST_STEP][PASSED] - else if (vidget.contains("электроэнергии") == true): null

13-01-2025T07:11:25 - [TEST_STEP][PASSED] - else: null

13-01-2025T07:11:25 - [TEST_STEP][PASSED] - if (o1R == null): null

13-01-2025T07:11:25 - [TEST_STEP][PASSED] - else: null

13-01-2025T07:11:25 - [TEST_STEP][PASSED] - if (o1R == "нет данных"): null

13-01-2025T07:11:25 - [TEST_STEP][PASSED] - setValueToCellByIndex(sheet01, n, 4, "нет данных"): null

13-01-2025T07:11:25 - [TEST_STEP][PASSED] - if (o1B == null): null

13-01-2025T07:11:25 - [TEST_STEP][PASSED] - else: null

13-01-2025T07:11:25 - [TEST_STEP][PASSED] - if (o1B == "нет данных"): null

13-01-2025T07:11:25 - [TEST_STEP][PASSED] - else: null

13-01-2025T07:11:25 - [TEST_STEP][PASSED] - FB = o1B.toDouble(): null

13-01-2025T07:11:25 - [TEST_STEP][PASSED] - setValueToCellByIndex(sheet01, n, 5, FB): null

13-01-2025T07:11:25 - [TEST_STEP][PASSED] - setValueToCellByIndex(sheet01, n, 6, m): null

13-01-2025T07:11:25 - [TEST_STEP][PASSED] - setValueToCellByIndex(sheet01, n, 7, y): null

13-01-2025T07:11:25 - [TEST_STEP][PASSED] - setValueToCellByIndex(sheet01, n, 8, todaysDate): null

13-01-2025T07:11:25 - [TEST_STEP][PASSED] - n = n + 1: null

13-01-2025T07:11:25 - [TEST_STEP][FAILED] - saveWorkbook(excelFilePath, workbook01): null

13-01-2025T07:11:25 - [TEST_STEP][FAILED] - if (verifyEqual(sKR, sKB) == false): null

13-01-2025T07:11:25 - [MESSAGE][FAILED] - Unable to verify equal between actual object 'Россети Северный Кавказ (ГК)/23.32/27.05/20651499/15078002/5573496/19485633/14949980/4535653/3.73' and expected object 'Россети Северный Кавказ (ГК)/23.32/27.05/20498248/14954088/5544160/1131004/нет данных/нет данных/3.73' (Root cause: com.kms.katalon.core.exception.StepFailedException: Actual object 'Россети Северный Кавказ (ГК)/23.32/27.05/20651499/15078002/5573496/19485633/14949980/4535653/3.73' and expected object 'Россети Северный Кавказ (ГК)/23.32/27.05/20498248/14954088/5544160/1131004/нет данных/нет данных/3.73' are not equal
	at com.kms.katalon.core.keyword.builtin.VerifyEqualKeyword$_verifyEqual_closure1.doCall(VerifyEqualKeyword.groovy:58)
	at com.kms.katalon.core.keyword.builtin.VerifyEqualKeyword$_verifyEqual_closure1.call(VerifyEqualKeyword.groovy)
	at com.kms.katalon.core.keyword.internal.KeywordMain.runKeyword(KeywordMain.groovy:75)
	at com.kms.katalon.core.keyword.builtin.VerifyEqualKeyword.verifyEqual(VerifyEqualKeyword.groovy:63)
	at com.kms.katalon.core.keyword.builtin.VerifyEqualKeyword.execute(VerifyEqualKeyword.groovy:44)
	at com.kms.katalon.core.keyword.internal.KeywordExecutor.executeKeywordForPlatform(KeywordExecutor.groovy:74)
	at com.kms.katalon.core.keyword.BuiltinKeywords.verifyEqual(BuiltinKeywords.groovy:146)
	at jdk.internal.reflect.GeneratedMethodAccessor25.invoke(Unknown Source)
	at java.base/jdk.internal.reflect.DelegatingMethodAccessorImpl.invoke(DelegatingMethodAccessorImpl.java:43)
	at Выполнение бизнес-плана сверка дашбордов - Copy.run(Выполнение бизнес-плана сверка дашбордов - Copy:617)
	at com.kms.katalon.core.main.ScriptEngine.run(ScriptEngine.java:194)
	at com.kms.katalon.core.main.ScriptEngine.runScriptAsRawText(ScriptEngine.java:119)
	at com.kms.katalon.core.main.TestCaseExecutor.runScript(TestCaseExecutor.java:448)
	at com.kms.katalon.core.main.TestCaseExecutor.doExecute(TestCaseExecutor.java:439)
	at com.kms.katalon.core.main.TestCaseExecutor.processExecutionPhase(TestCaseExecutor.java:418)
	at com.kms.katalon.core.main.TestCaseExecutor.accessMainPhase(TestCaseExecutor.java:410)
	at com.kms.katalon.core.main.TestCaseExecutor.execute(TestCaseExecutor.java:285)
	at com.kms.katalon.core.common.CommonExecutor.accessTestCaseMainPhase(CommonExecutor.java:65)
	at com.kms.katalon.core.main.TestSuiteExecutor.accessTestSuiteMainPhase(TestSuiteExecutor.java:150)
	at com.kms.katalon.core.main.TestSuiteExecutor.execute(TestSuiteExecutor.java:106)
	at com.kms.katalon.core.main.TestCaseMain.startTestSuite(TestCaseMain.java:180)
	at TempTestSuite1736740835951.run(TempTestSuite1736740835951.groovy:35)
	at java.base/jdk.internal.reflect.NativeMethodAccessorImpl.invoke0(Native Method)
	at java.base/jdk.internal.reflect.NativeMethodAccessorImpl.invoke(NativeMethodAccessorImpl.java:77)
	at java.base/jdk.internal.reflect.DelegatingMethodAccessorImpl.invoke(DelegatingMethodAccessorImpl.java:43)
)

13-01-2025T07:11:25 - [TEST_STEP][PASSED] - result = CompareDZOData(a = sKR, b = sKB, dZO, typeOfData, PercPlanR, PercPlanB, PercFactR, PercFactB, todaysDate, x, vidget, tabR, tabB, o1R, o1B): null

13-01-2025T07:11:25 - [TEST_STEP][PASSED] - ii2 = <not implemented yet for class: org.codehaus.groovy.ast.expr.EmptyExpression>: null

13-01-2025T07:11:25 - [TEST_STEP][FAILED] - if (verifyEqual(a, b) == false): null

13-01-2025T07:11:25 - [MESSAGE][FAILED] - Unable to verify equal between actual object 'Россети Северный Кавказ (ГК)/23.32/27.05/20651499/15078002/5573496/19485633/14949980/4535653/3.73' and expected object 'Россети Северный Кавказ (ГК)/23.32/27.05/20498248/14954088/5544160/1131004/нет данных/нет данных/3.73' (Root cause: com.kms.katalon.core.exception.StepFailedException: Actual object 'Россети Северный Кавказ (ГК)/23.32/27.05/20651499/15078002/5573496/19485633/14949980/4535653/3.73' and expected object 'Россети Северный Кавказ (ГК)/23.32/27.05/20498248/14954088/5544160/1131004/нет данных/нет данных/3.73' are not equal
	at com.kms.katalon.core.keyword.builtin.VerifyEqualKeyword$_verifyEqual_closure1.doCall(VerifyEqualKeyword.groovy:58)
	at com.kms.katalon.core.keyword.builtin.VerifyEqualKeyword$_verifyEqual_closure1.call(VerifyEqualKeyword.groovy)
	at com.kms.katalon.core.keyword.internal.KeywordMain.runKeyword(KeywordMain.groovy:75)
	at com.kms.katalon.core.keyword.builtin.VerifyEqualKeyword.verifyEqual(VerifyEqualKeyword.groovy:63)
	at com.kms.katalon.core.keyword.builtin.VerifyEqualKeyword.execute(VerifyEqualKeyword.groovy:44)
	at com.kms.katalon.core.keyword.internal.KeywordExecutor.executeKeywordForPlatform(KeywordExecutor.groovy:74)
	at com.kms.katalon.core.keyword.BuiltinKeywords.verifyEqual(BuiltinKeywords.groovy:146)
	at jdk.internal.reflect.GeneratedMethodAccessor25.invoke(Unknown Source)
	at java.base/jdk.internal.reflect.DelegatingMethodAccessorImpl.invoke(DelegatingMethodAccessorImpl.java:43)
	at Выполнение бизнес-плана сверка дашбордов - Copy.CompareDZOData(Выполнение бизнес-плана сверка дашбордов - Copy:673)
	at Выполнение бизнес-плана сверка дашбордов - Copy.run(Выполнение бизнес-плана сверка дашбордов - Copy:618)
	at com.kms.katalon.core.main.ScriptEngine.run(ScriptEngine.java:194)
	at com.kms.katalon.core.main.ScriptEngine.runScriptAsRawText(ScriptEngine.java:119)
	at com.kms.katalon.core.main.TestCaseExecutor.runScript(TestCaseExecutor.java:448)
	at com.kms.katalon.core.main.TestCaseExecutor.doExecute(TestCaseExecutor.java:439)
	at com.kms.katalon.core.main.TestCaseExecutor.processExecutionPhase(TestCaseExecutor.java:418)
	at com.kms.katalon.core.main.TestCaseExecutor.accessMainPhase(TestCaseExecutor.java:410)
	at com.kms.katalon.core.main.TestCaseExecutor.execute(TestCaseExecutor.java:285)
	at com.kms.katalon.core.common.CommonExecutor.accessTestCaseMainPhase(CommonExecutor.java:65)
	at com.kms.katalon.core.main.TestSuiteExecutor.accessTestSuiteMainPhase(TestSuiteExecutor.java:150)
	at com.kms.katalon.core.main.TestSuiteExecutor.execute(TestSuiteExecutor.java:106)
	at com.kms.katalon.core.main.TestCaseMain.startTestSuite(TestCaseMain.java:180)
	at TempTestSuite1736740835951.run(TempTestSuite1736740835951.groovy:35)
	at java.base/jdk.internal.reflect.NativeMethodAccessorImpl.invoke0(Native Method)
	at java.base/jdk.internal.reflect.NativeMethodAccessorImpl.invoke(NativeMethodAccessorImpl.java:77)
	at java.base/jdk.internal.reflect.DelegatingMethodAccessorImpl.invoke(DelegatingMethodAccessorImpl.java:43)
)

13-01-2025T07:11:25 - [TEST_STEP][PASSED] - vidget = "Уровень потерь электроэнергии": null

13-01-2025T07:11:25 - [TEST_STEP][PASSED] - typeOfData = "План": null

13-01-2025T07:11:25 - [TEST_STEP][PASSED] - PercPlanR = GetPercPlanR(x = a): null

13-01-2025T07:11:25 - [TEST_STEP][PASSED] - i1 = <not implemented yet for class: org.codehaus.groovy.ast.expr.EmptyExpression>: null

13-01-2025T07:11:25 - [TEST_STEP][PASSED] - i1 = x.indexOf("/") + 1: null

13-01-2025T07:11:25 - [TEST_STEP][PASSED] - if (i1 > -1): null

13-01-2025T07:11:25 - [TEST_STEP][PASSED] - x = x.substring(i1, x.length()): null

13-01-2025T07:11:25 - [TEST_STEP][PASSED] - i1 = x.indexOf("/"): null

13-01-2025T07:11:25 - [TEST_STEP][PASSED] - if (i1 > -1): null

13-01-2025T07:11:25 - [TEST_STEP][PASSED] - x = x.substring(0, i1): null

13-01-2025T07:11:25 - [TEST_STEP][PASSED] - return x: null

13-01-2025T07:11:25 - [TEST_STEP][PASSED] - PercPlanB = GetPercPlanB(x = b): null

13-01-2025T07:11:25 - [TEST_STEP][PASSED] - i1 = <not implemented yet for class: org.codehaus.groovy.ast.expr.EmptyExpression>: null

13-01-2025T07:11:25 - [TEST_STEP][PASSED] - i1 = x.indexOf("/") + 1: null

13-01-2025T07:11:25 - [TEST_STEP][PASSED] - if (i1 > -1): null

13-01-2025T07:11:25 - [TEST_STEP][PASSED] - x = x.substring(i1, x.length()): null

13-01-2025T07:11:25 - [TEST_STEP][PASSED] - i1 = x.indexOf("/"): null

13-01-2025T07:11:25 - [TEST_STEP][PASSED] - if (i1 > -1): null

13-01-2025T07:11:25 - [TEST_STEP][PASSED] - x = x.substring(0, i1): null

13-01-2025T07:11:25 - [TEST_STEP][PASSED] - return x: null

13-01-2025T07:11:25 - [TEST_STEP][PASSED] - if (verifyEqual(PercPlanR, PercPlanB) == false): Actual object '23.32' and expected object '23.32' are equal

13-01-2025T07:11:25 - [MESSAGE][PASSED] - Actual object '23.32' and expected object '23.32' are equal

13-01-2025T07:11:25 - [TEST_STEP][PASSED] - typeOfData = "Факт": null

13-01-2025T07:11:25 - [TEST_STEP][PASSED] - PercFactR = GetPercFactR(x = a): null

13-01-2025T07:11:25 - [TEST_STEP][PASSED] - i1 = <not implemented yet for class: org.codehaus.groovy.ast.expr.EmptyExpression>: null

13-01-2025T07:11:25 - [TEST_STEP][PASSED] - ii = <not implemented yet for class: org.codehaus.groovy.ast.expr.EmptyExpression>: null

13-01-2025T07:11:25 - [TEST_STEP][PASSED] - for ([ii = 1, ii < 3, (ii++)]): null

13-01-2025T07:11:25 - [TEST_STEP][PASSED] - i1 = x.indexOf("/") + 1: null

13-01-2025T07:11:25 - [TEST_STEP][PASSED] - if (i1 > -1): null

13-01-2025T07:11:25 - [TEST_STEP][PASSED] - x = x.substring(i1, x.length()): null

13-01-2025T07:11:25 - [TEST_STEP][PASSED] - println(x): null

13-01-2025T07:11:25 - [TEST_STEP][PASSED] - i1 = x.indexOf("/") + 1: null

13-01-2025T07:11:25 - [TEST_STEP][PASSED] - if (i1 > -1): null

13-01-2025T07:11:25 - [TEST_STEP][PASSED] - x = x.substring(i1, x.length()): null

13-01-2025T07:11:25 - [TEST_STEP][PASSED] - println(x): null

13-01-2025T07:11:25 - [TEST_STEP][PASSED] - i1 = x.indexOf("/"): null

13-01-2025T07:11:25 - [TEST_STEP][PASSED] - if (i1 > -1): null

13-01-2025T07:11:25 - [TEST_STEP][PASSED] - x = x.substring(0, i1): null

13-01-2025T07:11:25 - [TEST_STEP][PASSED] - println(x): null

13-01-2025T07:11:25 - [TEST_STEP][PASSED] - return x: null

13-01-2025T07:11:25 - [TEST_STEP][PASSED] - PercFactB = GetPercFactB(x = b): null

13-01-2025T07:11:25 - [TEST_STEP][PASSED] - i1 = <not implemented yet for class: org.codehaus.groovy.ast.expr.EmptyExpression>: null

13-01-2025T07:11:25 - [TEST_STEP][PASSED] - ii = <not implemented yet for class: org.codehaus.groovy.ast.expr.EmptyExpression>: null

13-01-2025T07:11:25 - [TEST_STEP][PASSED] - for ([ii = 1, ii < 3, (ii++)]): null

13-01-2025T07:11:25 - [TEST_STEP][PASSED] - i1 = x.indexOf("/") + 1: null

13-01-2025T07:11:25 - [TEST_STEP][PASSED] - if (i1 > -1): null

13-01-2025T07:11:25 - [TEST_STEP][PASSED] - x = x.substring(i1, x.length()): null

13-01-2025T07:11:25 - [TEST_STEP][PASSED] - println(x): null

13-01-2025T07:11:25 - [TEST_STEP][PASSED] - i1 = x.indexOf("/") + 1: null

13-01-2025T07:11:25 - [TEST_STEP][PASSED] - if (i1 > -1): null

13-01-2025T07:11:25 - [TEST_STEP][PASSED] - x = x.substring(i1, x.length()): null

13-01-2025T07:11:25 - [TEST_STEP][PASSED] - println(x): null

13-01-2025T07:11:25 - [TEST_STEP][PASSED] - i1 = x.indexOf("/"): null

13-01-2025T07:11:25 - [TEST_STEP][PASSED] - if (i1 > -1): null

13-01-2025T07:11:25 - [TEST_STEP][PASSED] - x = x.substring(0, i1): null

13-01-2025T07:11:25 - [TEST_STEP][PASSED] - println(x): null

13-01-2025T07:11:25 - [TEST_STEP][PASSED] - return x: null

13-01-2025T07:11:25 - [TEST_STEP][PASSED] - if (verifyEqual(PercFactR, PercFactB) == false): Actual object '27.05' and expected object '27.05' are equal

13-01-2025T07:11:25 - [MESSAGE][PASSED] - Actual object '27.05' and expected object '27.05' are equal

13-01-2025T07:11:25 - [TEST_STEP][PASSED] - vidget = "Показатели баланса электроэнергии по ДЗО – Факт": null

13-01-2025T07:11:25 - [TEST_STEP][PASSED] - typeOfData = "Факт Отпуск в сеть": null

13-01-2025T07:11:25 - [TEST_STEP][PASSED] - tabR = GetOvSFactR(x = a): null

13-01-2025T07:11:25 - [TEST_STEP][PASSED] - i1 = <not implemented yet for class: org.codehaus.groovy.ast.expr.EmptyExpression>: null

13-01-2025T07:11:25 - [TEST_STEP][PASSED] - ii = <not implemented yet for class: org.codehaus.groovy.ast.expr.EmptyExpression>: null

13-01-2025T07:11:25 - [TEST_STEP][PASSED] - for ([ii = 1, ii < 4, (ii++)]): null

13-01-2025T07:11:25 - [TEST_STEP][PASSED] - i1 = x.indexOf("/") + 1: null

13-01-2025T07:11:25 - [TEST_STEP][PASSED] - if (i1 > -1): null

13-01-2025T07:11:25 - [TEST_STEP][PASSED] - x = x.substring(i1, x.length()): null

13-01-2025T07:11:25 - [TEST_STEP][PASSED] - println(x): null

13-01-2025T07:11:25 - [TEST_STEP][PASSED] - i1 = x.indexOf("/") + 1: null

13-01-2025T07:11:25 - [TEST_STEP][PASSED] - if (i1 > -1): null

13-01-2025T07:11:25 - [TEST_STEP][PASSED] - x = x.substring(i1, x.length()): null

13-01-2025T07:11:25 - [TEST_STEP][PASSED] - println(x): null

13-01-2025T07:11:25 - [TEST_STEP][PASSED] - i1 = x.indexOf("/") + 1: null

13-01-2025T07:11:25 - [TEST_STEP][PASSED] - if (i1 > -1): null

13-01-2025T07:11:25 - [TEST_STEP][PASSED] - x = x.substring(i1, x.length()): null

13-01-2025T07:11:25 - [TEST_STEP][PASSED] - println(x): null

13-01-2025T07:11:25 - [TEST_STEP][PASSED] - i1 = x.indexOf("/"): null

13-01-2025T07:11:25 - [TEST_STEP][PASSED] - if (i1 > -1): null

13-01-2025T07:11:25 - [TEST_STEP][PASSED] - x = x.substring(0, i1): null

13-01-2025T07:11:25 - [TEST_STEP][PASSED] - println(x): null

13-01-2025T07:11:25 - [TEST_STEP][PASSED] - return x: null

13-01-2025T07:11:25 - [TEST_STEP][PASSED] - tabB = GetOvSFactB(x = b): null

13-01-2025T07:11:25 - [TEST_STEP][PASSED] - i1 = <not implemented yet for class: org.codehaus.groovy.ast.expr.EmptyExpression>: null

13-01-2025T07:11:25 - [TEST_STEP][PASSED] - ii = <not implemented yet for class: org.codehaus.groovy.ast.expr.EmptyExpression>: null

13-01-2025T07:11:25 - [TEST_STEP][PASSED] - for ([ii = 1, ii < 4, (ii++)]): null

13-01-2025T07:11:25 - [TEST_STEP][PASSED] - i1 = x.indexOf("/") + 1: null

13-01-2025T07:11:25 - [TEST_STEP][PASSED] - if (i1 > -1): null

13-01-2025T07:11:25 - [TEST_STEP][PASSED] - x = x.substring(i1, x.length()): null

13-01-2025T07:11:25 - [TEST_STEP][PASSED] - println(x): null

13-01-2025T07:11:25 - [TEST_STEP][PASSED] - i1 = x.indexOf("/") + 1: null

13-01-2025T07:11:25 - [TEST_STEP][PASSED] - if (i1 > -1): null

13-01-2025T07:11:25 - [TEST_STEP][PASSED] - x = x.substring(i1, x.length()): null

13-01-2025T07:11:25 - [TEST_STEP][PASSED] - println(x): null

13-01-2025T07:11:25 - [TEST_STEP][PASSED] - i1 = x.indexOf("/") + 1: null

13-01-2025T07:11:25 - [TEST_STEP][PASSED] - if (i1 > -1): null

13-01-2025T07:11:25 - [TEST_STEP][PASSED] - x = x.substring(i1, x.length()): null

13-01-2025T07:11:25 - [TEST_STEP][PASSED] - println(x): null

13-01-2025T07:11:25 - [TEST_STEP][PASSED] - i1 = x.indexOf("/"): null

13-01-2025T07:11:25 - [TEST_STEP][PASSED] - if (i1 > -1): null

13-01-2025T07:11:25 - [TEST_STEP][PASSED] - x = x.substring(0, i1): null

13-01-2025T07:11:25 - [TEST_STEP][PASSED] - println(x): null

13-01-2025T07:11:25 - [TEST_STEP][FAILED] - return x: null

13-01-2025T07:11:25 - [TEST_STEP][FAILED] - if (verifyEqual(tabR, tabB) == false): null

13-01-2025T07:11:25 - [MESSAGE][FAILED] - Unable to verify equal between actual object '20651499' and expected object '20498248' (Root cause: com.kms.katalon.core.exception.StepFailedException: Actual object '20651499' and expected object '20498248' are not equal
	at com.kms.katalon.core.keyword.builtin.VerifyEqualKeyword$_verifyEqual_closure1.doCall(VerifyEqualKeyword.groovy:58)
	at com.kms.katalon.core.keyword.builtin.VerifyEqualKeyword$_verifyEqual_closure1.call(VerifyEqualKeyword.groovy)
	at com.kms.katalon.core.keyword.internal.KeywordMain.runKeyword(KeywordMain.groovy:75)
	at com.kms.katalon.core.keyword.builtin.VerifyEqualKeyword.verifyEqual(VerifyEqualKeyword.groovy:63)
	at com.kms.katalon.core.keyword.builtin.VerifyEqualKeyword.execute(VerifyEqualKeyword.groovy:44)
	at com.kms.katalon.core.keyword.internal.KeywordExecutor.executeKeywordForPlatform(KeywordExecutor.groovy:74)
	at com.kms.katalon.core.keyword.BuiltinKeywords.verifyEqual(BuiltinKeywords.groovy:146)
	at jdk.internal.reflect.GeneratedMethodAccessor25.invoke(Unknown Source)
	at java.base/jdk.internal.reflect.DelegatingMethodAccessorImpl.invoke(DelegatingMethodAccessorImpl.java:43)
	at Выполнение бизнес-плана сверка дашбордов - Copy.CompareDZOData(Выполнение бизнес-плана сверка дашбордов - Copy:706)
	at Выполнение бизнес-плана сверка дашбордов - Copy.run(Выполнение бизнес-плана сверка дашбордов - Copy:618)
	at com.kms.katalon.core.main.ScriptEngine.run(ScriptEngine.java:194)
	at com.kms.katalon.core.main.ScriptEngine.runScriptAsRawText(ScriptEngine.java:119)
	at com.kms.katalon.core.main.TestCaseExecutor.runScript(TestCaseExecutor.java:448)
	at com.kms.katalon.core.main.TestCaseExecutor.doExecute(TestCaseExecutor.java:439)
	at com.kms.katalon.core.main.TestCaseExecutor.processExecutionPhase(TestCaseExecutor.java:418)
	at com.kms.katalon.core.main.TestCaseExecutor.accessMainPhase(TestCaseExecutor.java:410)
	at com.kms.katalon.core.main.TestCaseExecutor.execute(TestCaseExecutor.java:285)
	at com.kms.katalon.core.common.CommonExecutor.accessTestCaseMainPhase(CommonExecutor.java:65)
	at com.kms.katalon.core.main.TestSuiteExecutor.accessTestSuiteMainPhase(TestSuiteExecutor.java:150)
	at com.kms.katalon.core.main.TestSuiteExecutor.execute(TestSuiteExecutor.java:106)
	at com.kms.katalon.core.main.TestCaseMain.startTestSuite(TestCaseMain.java:180)
	at TempTestSuite1736740835951.run(TempTestSuite1736740835951.groovy:35)
	at java.base/jdk.internal.reflect.NativeMethodAccessorImpl.invoke0(Native Method)
	at java.base/jdk.internal.reflect.NativeMethodAccessorImpl.invoke(NativeMethodAccessorImpl.java:77)
	at java.base/jdk.internal.reflect.DelegatingMethodAccessorImpl.invoke(DelegatingMethodAccessorImpl.java:43)
)

13-01-2025T07:11:25 - [TEST_STEP][PASSED] - result = WriteToExcel(typeOfData, todaysDate, PercPlanR, PercPlanB, PercFactR, PercFactB, x, tabR, tabB, o1R, o1B, vidget): null

13-01-2025T07:11:25 - [TEST_STEP][PASSED] - iii = dZO.indexOf("/"): null

13-01-2025T07:11:25 - [TEST_STEP][PASSED] - println(iii): null

13-01-2025T07:11:25 - [TEST_STEP][PASSED] - dZO = dZO.substring(0, iii): null

13-01-2025T07:11:25 - [TEST_STEP][PASSED] - println(dZO): null

13-01-2025T07:11:25 - [TEST_STEP][PASSED] - println(PercPlanR): null

13-01-2025T07:11:25 - [TEST_STEP][PASSED] - println(PercPlanB): null

13-01-2025T07:11:25 - [TEST_STEP][PASSED] - println(PercFactR): null

13-01-2025T07:11:25 - [TEST_STEP][PASSED] - println(PercFactB): null

13-01-2025T07:11:25 - [TEST_STEP][PASSED] - println(tabR): null

13-01-2025T07:11:25 - [TEST_STEP][PASSED] - println(tabB): null

13-01-2025T07:11:25 - [TEST_STEP][PASSED] - println(o1R): null

13-01-2025T07:11:25 - [TEST_STEP][PASSED] - println(o1B): null

13-01-2025T07:12:33 - [TEST_STEP][PASSED] - PR = <not implemented yet for class: org.codehaus.groovy.ast.expr.EmptyExpression>: null

13-01-2025T07:12:33 - [TEST_STEP][PASSED] - FR = <not implemented yet for class: org.codehaus.groovy.ast.expr.EmptyExpression>: null

13-01-2025T07:12:33 - [TEST_STEP][PASSED] - PB = <not implemented yet for class: org.codehaus.groovy.ast.expr.EmptyExpression>: null

13-01-2025T07:12:33 - [TEST_STEP][PASSED] - FB = <not implemented yet for class: org.codehaus.groovy.ast.expr.EmptyExpression>: null

13-01-2025T07:12:33 - [TEST_STEP][PASSED] - TR = <not implemented yet for class: org.codehaus.groovy.ast.expr.EmptyExpression>: null

13-01-2025T07:12:33 - [TEST_STEP][PASSED] - TB = <not implemented yet for class: org.codehaus.groovy.ast.expr.EmptyExpression>: null

13-01-2025T07:12:33 - [TEST_STEP][PASSED] - sheetName = "Sheet1": null

13-01-2025T07:12:33 - [TEST_STEP][PASSED] - data = findTestData("PlanFact"): null

13-01-2025T07:12:33 - [TEST_STEP][PASSED] - n = data.getRowNumbers() + 1: null

13-01-2025T07:12:33 - [TEST_STEP][PASSED] - year = todaysDate.substring(todaysDate.length() - 4, todaysDate.length()): null

13-01-2025T07:12:33 - [TEST_STEP][PASSED] - y = year.toInteger(): null

13-01-2025T07:12:33 - [TEST_STEP][PASSED] - m = getText(findTestObject("Выполнение бизнес-плана/Выполнение бизнес-плана Балансы/Фильтр Дата")): Text of object 'Object Repository/Выполнение бизнес-плана/Выполнение бизнес-плана Балансы/Фильтр Дата' is: '1, 2, 3 кв., Октябрь, Ноябрь 2024 года'

13-01-2025T07:12:34 - [MESSAGE][PASSED] - Text of object 'Object Repository/Выполнение бизнес-плана/Выполнение бизнес-плана Балансы/Фильтр Дата' is: '1, 2, 3 кв., Октябрь, Ноябрь 2024 года'

13-01-2025T07:12:34 - [TEST_STEP][PASSED] - m = m.substring(0, m.indexOf("2024")): null

13-01-2025T07:12:34 - [TEST_STEP][PASSED] - m = m.trim(): null

13-01-2025T07:12:34 - [TEST_STEP][PASSED] - dashboardName = "Выполнение бизнес-плана": null

13-01-2025T07:12:34 - [TEST_STEP][PASSED] - workbook01 = getWorkbook(excelFilePath): null

13-01-2025T07:12:34 - [TEST_STEP][PASSED] - sheet01 = getExcelSheet(workbook01, sheetName): null

13-01-2025T07:12:34 - [TEST_STEP][PASSED] - setValueToCellByIndex(sheet01, n, 0, dashboardName): null

13-01-2025T07:12:34 - [TEST_STEP][PASSED] - setValueToCellByIndex(sheet01, n, 1, dZO): null

13-01-2025T07:12:34 - [TEST_STEP][PASSED] - setValueToCellByIndex(sheet01, n, 2, typeOfData): null

13-01-2025T07:12:34 - [TEST_STEP][PASSED] - setValueToCellByIndex(sheet01, n, 3, typeOfData): null

13-01-2025T07:12:34 - [TEST_STEP][PASSED] - if (typeOfData == "План"): null

13-01-2025T07:12:34 - [TEST_STEP][PASSED] - else if (typeOfData == "Факт"): null

13-01-2025T07:12:34 - [TEST_STEP][PASSED] - else if (vidget.contains("электроэнергии") == true): null

13-01-2025T07:12:34 - [TEST_STEP][PASSED] - if (tabR == null): null

13-01-2025T07:12:34 - [TEST_STEP][PASSED] - else: null

13-01-2025T07:12:34 - [TEST_STEP][PASSED] - if (tabR == "нет данных"): null

13-01-2025T07:12:34 - [TEST_STEP][PASSED] - else: null

13-01-2025T07:12:34 - [TEST_STEP][PASSED] - TR = tabR.toInteger(): null

13-01-2025T07:12:34 - [TEST_STEP][PASSED] - setValueToCellByIndex(sheet01, n, 4, TR): null

13-01-2025T07:12:34 - [TEST_STEP][PASSED] - if (tabB == null): null

13-01-2025T07:12:34 - [TEST_STEP][PASSED] - else: null

13-01-2025T07:12:34 - [TEST_STEP][PASSED] - if (tabB == "нет данных"): null

13-01-2025T07:12:34 - [TEST_STEP][PASSED] - else: null

13-01-2025T07:12:34 - [TEST_STEP][PASSED] - TB = tabB.toInteger(): null

13-01-2025T07:12:34 - [TEST_STEP][PASSED] - setValueToCellByIndex(sheet01, n, 5, TB): null

13-01-2025T07:12:34 - [TEST_STEP][PASSED] - setValueToCellByIndex(sheet01, n, 6, m): null

13-01-2025T07:12:34 - [TEST_STEP][PASSED] - setValueToCellByIndex(sheet01, n, 7, y): null

13-01-2025T07:12:34 - [TEST_STEP][PASSED] - setValueToCellByIndex(sheet01, n, 8, todaysDate): null

13-01-2025T07:12:34 - [TEST_STEP][PASSED] - n = n + 1: null

13-01-2025T07:12:34 - [TEST_STEP][PASSED] - saveWorkbook(excelFilePath, workbook01): null

13-01-2025T07:12:34 - [TEST_STEP][PASSED] - typeOfData = "Факт Отпуск из сети": null

13-01-2025T07:12:34 - [TEST_STEP][PASSED] - tabR = GetOiSFactR(x = a): null

13-01-2025T07:12:34 - [TEST_STEP][PASSED] - i1 = <not implemented yet for class: org.codehaus.groovy.ast.expr.EmptyExpression>: null

13-01-2025T07:12:34 - [TEST_STEP][PASSED] - ii = <not implemented yet for class: org.codehaus.groovy.ast.expr.EmptyExpression>: null

13-01-2025T07:12:34 - [TEST_STEP][PASSED] - for ([ii = 1, ii < 5, (ii++)]): null

13-01-2025T07:12:34 - [TEST_STEP][PASSED] - i1 = x.indexOf("/") + 1: null

13-01-2025T07:12:34 - [TEST_STEP][PASSED] - if (i1 > -1): null

13-01-2025T07:12:34 - [TEST_STEP][PASSED] - x = x.substring(i1, x.length()): null

13-01-2025T07:12:34 - [TEST_STEP][PASSED] - println(x): null

13-01-2025T07:12:34 - [TEST_STEP][PASSED] - i1 = x.indexOf("/") + 1: null

13-01-2025T07:12:34 - [TEST_STEP][PASSED] - if (i1 > -1): null

13-01-2025T07:12:34 - [TEST_STEP][PASSED] - x = x.substring(i1, x.length()): null

13-01-2025T07:12:34 - [TEST_STEP][PASSED] - println(x): null

13-01-2025T07:12:34 - [TEST_STEP][PASSED] - i1 = x.indexOf("/") + 1: null

13-01-2025T07:12:34 - [TEST_STEP][PASSED] - if (i1 > -1): null

13-01-2025T07:12:34 - [TEST_STEP][PASSED] - x = x.substring(i1, x.length()): null

13-01-2025T07:12:34 - [TEST_STEP][PASSED] - println(x): null

13-01-2025T07:12:34 - [TEST_STEP][PASSED] - i1 = x.indexOf("/") + 1: null

13-01-2025T07:12:34 - [TEST_STEP][PASSED] - if (i1 > -1): null

13-01-2025T07:12:34 - [TEST_STEP][PASSED] - x = x.substring(i1, x.length()): null

13-01-2025T07:12:34 - [TEST_STEP][PASSED] - println(x): null

13-01-2025T07:12:34 - [TEST_STEP][PASSED] - i1 = x.indexOf("/"): null

13-01-2025T07:12:34 - [TEST_STEP][PASSED] - if (i1 > -1): null

13-01-2025T07:12:34 - [TEST_STEP][PASSED] - x = x.substring(0, i1): null

13-01-2025T07:12:34 - [TEST_STEP][PASSED] - println(x): null

13-01-2025T07:12:34 - [TEST_STEP][PASSED] - return x: null

13-01-2025T07:12:34 - [TEST_STEP][PASSED] - tabB = GetOiSFactB(x = b): null

13-01-2025T07:12:34 - [TEST_STEP][PASSED] - i1 = <not implemented yet for class: org.codehaus.groovy.ast.expr.EmptyExpression>: null

13-01-2025T07:12:34 - [TEST_STEP][PASSED] - ii = <not implemented yet for class: org.codehaus.groovy.ast.expr.EmptyExpression>: null

13-01-2025T07:12:34 - [TEST_STEP][PASSED] - for ([ii = 1, ii < 5, (ii++)]): null

13-01-2025T07:12:34 - [TEST_STEP][PASSED] - i1 = x.indexOf("/") + 1: null

13-01-2025T07:12:34 - [TEST_STEP][PASSED] - if (i1 > -1): null

13-01-2025T07:12:34 - [TEST_STEP][PASSED] - x = x.substring(i1, x.length()): null

13-01-2025T07:12:34 - [TEST_STEP][PASSED] - println(x): null

13-01-2025T07:12:34 - [TEST_STEP][PASSED] - i1 = x.indexOf("/") + 1: null

13-01-2025T07:12:34 - [TEST_STEP][PASSED] - if (i1 > -1): null

13-01-2025T07:12:34 - [TEST_STEP][PASSED] - x = x.substring(i1, x.length()): null

13-01-2025T07:12:34 - [TEST_STEP][PASSED] - println(x): null

13-01-2025T07:12:34 - [TEST_STEP][PASSED] - i1 = x.indexOf("/") + 1: null

13-01-2025T07:12:34 - [TEST_STEP][PASSED] - if (i1 > -1): null

13-01-2025T07:12:34 - [TEST_STEP][PASSED] - x = x.substring(i1, x.length()): null

13-01-2025T07:12:34 - [TEST_STEP][PASSED] - println(x): null

13-01-2025T07:12:34 - [TEST_STEP][PASSED] - i1 = x.indexOf("/") + 1: null

13-01-2025T07:12:34 - [TEST_STEP][PASSED] - if (i1 > -1): null

13-01-2025T07:12:34 - [TEST_STEP][PASSED] - x = x.substring(i1, x.length()): null

13-01-2025T07:12:34 - [TEST_STEP][PASSED] - println(x): null

13-01-2025T07:12:34 - [TEST_STEP][PASSED] - i1 = x.indexOf("/"): null

13-01-2025T07:12:34 - [TEST_STEP][PASSED] - if (i1 > -1): null

13-01-2025T07:12:34 - [TEST_STEP][PASSED] - x = x.substring(0, i1): null

13-01-2025T07:12:34 - [TEST_STEP][PASSED] - println(x): null

13-01-2025T07:12:34 - [TEST_STEP][FAILED] - return x: null

13-01-2025T07:12:34 - [TEST_STEP][FAILED] - if (verifyEqual(tabR, tabB) == false): null

13-01-2025T07:12:34 - [MESSAGE][FAILED] - Unable to verify equal between actual object '15078002' and expected object '14954088' (Root cause: com.kms.katalon.core.exception.StepFailedException: Actual object '15078002' and expected object '14954088' are not equal
	at com.kms.katalon.core.keyword.builtin.VerifyEqualKeyword$_verifyEqual_closure1.doCall(VerifyEqualKeyword.groovy:58)
	at com.kms.katalon.core.keyword.builtin.VerifyEqualKeyword$_verifyEqual_closure1.call(VerifyEqualKeyword.groovy)
	at com.kms.katalon.core.keyword.internal.KeywordMain.runKeyword(KeywordMain.groovy:75)
	at com.kms.katalon.core.keyword.builtin.VerifyEqualKeyword.verifyEqual(VerifyEqualKeyword.groovy:63)
	at com.kms.katalon.core.keyword.builtin.VerifyEqualKeyword.execute(VerifyEqualKeyword.groovy:44)
	at com.kms.katalon.core.keyword.internal.KeywordExecutor.executeKeywordForPlatform(KeywordExecutor.groovy:74)
	at com.kms.katalon.core.keyword.BuiltinKeywords.verifyEqual(BuiltinKeywords.groovy:146)
	at jdk.internal.reflect.GeneratedMethodAccessor25.invoke(Unknown Source)
	at java.base/jdk.internal.reflect.DelegatingMethodAccessorImpl.invoke(DelegatingMethodAccessorImpl.java:43)
	at Выполнение бизнес-плана сверка дашбордов - Copy.CompareDZOData(Выполнение бизнес-плана сверка дашбордов - Copy:717)
	at Выполнение бизнес-плана сверка дашбордов - Copy.run(Выполнение бизнес-плана сверка дашбордов - Copy:618)
	at com.kms.katalon.core.main.ScriptEngine.run(ScriptEngine.java:194)
	at com.kms.katalon.core.main.ScriptEngine.runScriptAsRawText(ScriptEngine.java:119)
	at com.kms.katalon.core.main.TestCaseExecutor.runScript(TestCaseExecutor.java:448)
	at com.kms.katalon.core.main.TestCaseExecutor.doExecute(TestCaseExecutor.java:439)
	at com.kms.katalon.core.main.TestCaseExecutor.processExecutionPhase(TestCaseExecutor.java:418)
	at com.kms.katalon.core.main.TestCaseExecutor.accessMainPhase(TestCaseExecutor.java:410)
	at com.kms.katalon.core.main.TestCaseExecutor.execute(TestCaseExecutor.java:285)
	at com.kms.katalon.core.common.CommonExecutor.accessTestCaseMainPhase(CommonExecutor.java:65)
	at com.kms.katalon.core.main.TestSuiteExecutor.accessTestSuiteMainPhase(TestSuiteExecutor.java:150)
	at com.kms.katalon.core.main.TestSuiteExecutor.execute(TestSuiteExecutor.java:106)
	at com.kms.katalon.core.main.TestCaseMain.startTestSuite(TestCaseMain.java:180)
	at TempTestSuite1736740835951.run(TempTestSuite1736740835951.groovy:35)
	at java.base/jdk.internal.reflect.NativeMethodAccessorImpl.invoke0(Native Method)
	at java.base/jdk.internal.reflect.NativeMethodAccessorImpl.invoke(NativeMethodAccessorImpl.java:77)
	at java.base/jdk.internal.reflect.DelegatingMethodAccessorImpl.invoke(DelegatingMethodAccessorImpl.java:43)
)

13-01-2025T07:12:34 - [TEST_STEP][PASSED] - result = WriteToExcel(typeOfData, todaysDate, PercPlanR, PercPlanB, PercFactR, PercFactB, x, tabR, tabB, o1R, o1B, vidget): null

13-01-2025T07:12:34 - [TEST_STEP][PASSED] - iii = dZO.indexOf("/"): null

13-01-2025T07:12:34 - [TEST_STEP][PASSED] - println(iii): null

13-01-2025T07:12:34 - [TEST_STEP][PASSED] - dZO = dZO.substring(0, iii): null

13-01-2025T07:12:34 - [TEST_STEP][PASSED] - println(dZO): null

13-01-2025T07:12:34 - [TEST_STEP][PASSED] - println(PercPlanR): null

13-01-2025T07:12:34 - [TEST_STEP][PASSED] - println(PercPlanB): null

13-01-2025T07:12:34 - [TEST_STEP][PASSED] - println(PercFactR): null

13-01-2025T07:12:34 - [TEST_STEP][PASSED] - println(PercFactB): null

13-01-2025T07:12:34 - [TEST_STEP][PASSED] - println(tabR): null

13-01-2025T07:12:34 - [TEST_STEP][PASSED] - println(tabB): null

13-01-2025T07:12:34 - [TEST_STEP][PASSED] - println(o1R): null

13-01-2025T07:12:34 - [TEST_STEP][PASSED] - println(o1B): null

13-01-2025T07:12:34 - [TEST_STEP][PASSED] - PR = <not implemented yet for class: org.codehaus.groovy.ast.expr.EmptyExpression>: null

13-01-2025T07:12:34 - [TEST_STEP][PASSED] - FR = <not implemented yet for class: org.codehaus.groovy.ast.expr.EmptyExpression>: null

13-01-2025T07:12:34 - [TEST_STEP][PASSED] - PB = <not implemented yet for class: org.codehaus.groovy.ast.expr.EmptyExpression>: null

13-01-2025T07:12:34 - [TEST_STEP][PASSED] - FB = <not implemented yet for class: org.codehaus.groovy.ast.expr.EmptyExpression>: null

13-01-2025T07:12:34 - [TEST_STEP][PASSED] - TR = <not implemented yet for class: org.codehaus.groovy.ast.expr.EmptyExpression>: null

13-01-2025T07:12:34 - [TEST_STEP][PASSED] - TB = <not implemented yet for class: org.codehaus.groovy.ast.expr.EmptyExpression>: null

13-01-2025T07:12:34 - [TEST_STEP][PASSED] - sheetName = "Sheet1": null

13-01-2025T07:12:34 - [TEST_STEP][PASSED] - data = findTestData("PlanFact"): null

13-01-2025T07:12:34 - [TEST_STEP][PASSED] - n = data.getRowNumbers() + 1: null

13-01-2025T07:12:34 - [TEST_STEP][PASSED] - year = todaysDate.substring(todaysDate.length() - 4, todaysDate.length()): null

13-01-2025T07:12:34 - [TEST_STEP][PASSED] - y = year.toInteger(): null

13-01-2025T07:12:34 - [TEST_STEP][PASSED] - m = getText(findTestObject("Выполнение бизнес-плана/Выполнение бизнес-плана Балансы/Фильтр Дата")): Text of object 'Object Repository/Выполнение бизнес-плана/Выполнение бизнес-плана Балансы/Фильтр Дата' is: '1, 2, 3 кв., Октябрь, Ноябрь 2024 года'

13-01-2025T07:12:34 - [MESSAGE][PASSED] - Text of object 'Object Repository/Выполнение бизнес-плана/Выполнение бизнес-плана Балансы/Фильтр Дата' is: '1, 2, 3 кв., Октябрь, Ноябрь 2024 года'

13-01-2025T07:12:34 - [TEST_STEP][PASSED] - m = m.substring(0, m.indexOf("2024")): null

13-01-2025T07:12:34 - [TEST_STEP][PASSED] - m = m.trim(): null

13-01-2025T07:12:34 - [TEST_STEP][PASSED] - dashboardName = "Выполнение бизнес-плана": null

13-01-2025T07:12:34 - [TEST_STEP][PASSED] - workbook01 = getWorkbook(excelFilePath): null

13-01-2025T07:12:34 - [TEST_STEP][PASSED] - sheet01 = getExcelSheet(workbook01, sheetName): null

13-01-2025T07:12:34 - [TEST_STEP][PASSED] - setValueToCellByIndex(sheet01, n, 0, dashboardName): null

13-01-2025T07:12:34 - [TEST_STEP][PASSED] - setValueToCellByIndex(sheet01, n, 1, dZO): null

13-01-2025T07:12:34 - [TEST_STEP][PASSED] - setValueToCellByIndex(sheet01, n, 2, typeOfData): null

13-01-2025T07:12:34 - [TEST_STEP][PASSED] - setValueToCellByIndex(sheet01, n, 3, typeOfData): null

13-01-2025T07:12:34 - [TEST_STEP][PASSED] - if (typeOfData == "План"): null

13-01-2025T07:12:34 - [TEST_STEP][PASSED] - else if (typeOfData == "Факт"): null

13-01-2025T07:12:34 - [TEST_STEP][PASSED] - else if (vidget.contains("электроэнергии") == true): null

13-01-2025T07:12:34 - [TEST_STEP][PASSED] - if (tabR == null): null

13-01-2025T07:12:34 - [TEST_STEP][PASSED] - else: null

13-01-2025T07:12:34 - [TEST_STEP][PASSED] - if (tabR == "нет данных"): null

13-01-2025T07:12:34 - [TEST_STEP][PASSED] - else: null

13-01-2025T07:12:34 - [TEST_STEP][PASSED] - TR = tabR.toInteger(): null

13-01-2025T07:12:34 - [TEST_STEP][PASSED] - setValueToCellByIndex(sheet01, n, 4, TR): null

13-01-2025T07:12:34 - [TEST_STEP][PASSED] - if (tabB == null): null

13-01-2025T07:12:34 - [TEST_STEP][PASSED] - else: null

13-01-2025T07:12:34 - [TEST_STEP][PASSED] - if (tabB == "нет данных"): null

13-01-2025T07:12:34 - [TEST_STEP][PASSED] - else: null

13-01-2025T07:12:34 - [TEST_STEP][PASSED] - TB = tabB.toInteger(): null

13-01-2025T07:12:34 - [TEST_STEP][PASSED] - setValueToCellByIndex(sheet01, n, 5, TB): null

13-01-2025T07:12:34 - [TEST_STEP][PASSED] - setValueToCellByIndex(sheet01, n, 6, m): null

13-01-2025T07:12:34 - [TEST_STEP][PASSED] - setValueToCellByIndex(sheet01, n, 7, y): null

13-01-2025T07:12:34 - [TEST_STEP][PASSED] - setValueToCellByIndex(sheet01, n, 8, todaysDate): null

13-01-2025T07:12:34 - [TEST_STEP][PASSED] - n = n + 1: null

13-01-2025T07:12:34 - [TEST_STEP][PASSED] - saveWorkbook(excelFilePath, workbook01): null

13-01-2025T07:12:34 - [TEST_STEP][PASSED] - typeOfData = "Факт Потери": null

13-01-2025T07:12:34 - [TEST_STEP][PASSED] - tabR = GetPFactR(x = a): null

13-01-2025T07:12:34 - [TEST_STEP][PASSED] - i1 = <not implemented yet for class: org.codehaus.groovy.ast.expr.EmptyExpression>: null

13-01-2025T07:12:34 - [TEST_STEP][PASSED] - ii = <not implemented yet for class: org.codehaus.groovy.ast.expr.EmptyExpression>: null

13-01-2025T07:12:34 - [TEST_STEP][PASSED] - for ([ii = 1, ii < 6, (ii++)]): null

13-01-2025T07:12:34 - [TEST_STEP][PASSED] - i1 = x.indexOf("/") + 1: null

13-01-2025T07:12:34 - [TEST_STEP][PASSED] - if (i1 > -1): null

13-01-2025T07:12:34 - [TEST_STEP][PASSED] - x = x.substring(i1, x.length()): null

13-01-2025T07:12:34 - [TEST_STEP][PASSED] - println(x): null

13-01-2025T07:12:34 - [TEST_STEP][PASSED] - i1 = x.indexOf("/") + 1: null

13-01-2025T07:12:34 - [TEST_STEP][PASSED] - if (i1 > -1): null

13-01-2025T07:12:34 - [TEST_STEP][PASSED] - x = x.substring(i1, x.length()): null

13-01-2025T07:12:34 - [TEST_STEP][PASSED] - println(x): null

13-01-2025T07:12:34 - [TEST_STEP][PASSED] - i1 = x.indexOf("/") + 1: null

13-01-2025T07:12:34 - [TEST_STEP][PASSED] - if (i1 > -1): null

13-01-2025T07:12:34 - [TEST_STEP][PASSED] - x = x.substring(i1, x.length()): null

13-01-2025T07:12:34 - [TEST_STEP][PASSED] - println(x): null

13-01-2025T07:12:34 - [TEST_STEP][PASSED] - i1 = x.indexOf("/") + 1: null

13-01-2025T07:12:34 - [TEST_STEP][PASSED] - if (i1 > -1): null

13-01-2025T07:12:34 - [TEST_STEP][PASSED] - x = x.substring(i1, x.length()): null

13-01-2025T07:12:34 - [TEST_STEP][PASSED] - println(x): null

13-01-2025T07:12:34 - [TEST_STEP][PASSED] - i1 = x.indexOf("/") + 1: null

13-01-2025T07:12:34 - [TEST_STEP][PASSED] - if (i1 > -1): null

13-01-2025T07:12:34 - [TEST_STEP][PASSED] - x = x.substring(i1, x.length()): null

13-01-2025T07:12:34 - [TEST_STEP][PASSED] - println(x): null

13-01-2025T07:12:34 - [TEST_STEP][PASSED] - i1 = x.indexOf("/"): null

13-01-2025T07:12:34 - [TEST_STEP][PASSED] - if (i1 > -1): null

13-01-2025T07:12:34 - [TEST_STEP][PASSED] - x = x.substring(0, i1): null

13-01-2025T07:12:34 - [TEST_STEP][PASSED] - println(x): null

13-01-2025T07:12:34 - [TEST_STEP][PASSED] - return x: null

13-01-2025T07:12:34 - [TEST_STEP][PASSED] - tabB = GetPFactB(x = b): null

13-01-2025T07:12:34 - [TEST_STEP][PASSED] - i1 = <not implemented yet for class: org.codehaus.groovy.ast.expr.EmptyExpression>: null

13-01-2025T07:12:34 - [TEST_STEP][PASSED] - ii = <not implemented yet for class: org.codehaus.groovy.ast.expr.EmptyExpression>: null

13-01-2025T07:12:34 - [TEST_STEP][PASSED] - for ([ii = 1, ii < 6, (ii++)]): null

13-01-2025T07:12:34 - [TEST_STEP][PASSED] - i1 = x.indexOf("/") + 1: null

13-01-2025T07:12:34 - [TEST_STEP][PASSED] - if (i1 > -1): null

13-01-2025T07:12:34 - [TEST_STEP][PASSED] - x = x.substring(i1, x.length()): null

13-01-2025T07:12:34 - [TEST_STEP][PASSED] - println(x): null

13-01-2025T07:12:34 - [TEST_STEP][PASSED] - i1 = x.indexOf("/") + 1: null

13-01-2025T07:12:34 - [TEST_STEP][PASSED] - if (i1 > -1): null

13-01-2025T07:12:34 - [TEST_STEP][PASSED] - x = x.substring(i1, x.length()): null

13-01-2025T07:12:34 - [TEST_STEP][PASSED] - println(x): null

13-01-2025T07:12:34 - [TEST_STEP][PASSED] - i1 = x.indexOf("/") + 1: null

13-01-2025T07:12:34 - [TEST_STEP][PASSED] - if (i1 > -1): null

13-01-2025T07:12:34 - [TEST_STEP][PASSED] - x = x.substring(i1, x.length()): null

13-01-2025T07:12:34 - [TEST_STEP][PASSED] - println(x): null

13-01-2025T07:12:34 - [TEST_STEP][PASSED] - i1 = x.indexOf("/") + 1: null

13-01-2025T07:12:34 - [TEST_STEP][PASSED] - if (i1 > -1): null

13-01-2025T07:12:34 - [TEST_STEP][PASSED] - x = x.substring(i1, x.length()): null

13-01-2025T07:12:34 - [TEST_STEP][PASSED] - println(x): null

13-01-2025T07:12:34 - [TEST_STEP][PASSED] - i1 = x.indexOf("/") + 1: null

13-01-2025T07:12:34 - [TEST_STEP][PASSED] - if (i1 > -1): null

13-01-2025T07:12:34 - [TEST_STEP][PASSED] - x = x.substring(i1, x.length()): null

13-01-2025T07:12:34 - [TEST_STEP][PASSED] - println(x): null

13-01-2025T07:12:34 - [TEST_STEP][PASSED] - i1 = x.indexOf("/"): null

13-01-2025T07:12:34 - [TEST_STEP][PASSED] - if (i1 > -1): null

13-01-2025T07:12:34 - [TEST_STEP][PASSED] - x = x.substring(0, i1): null

13-01-2025T07:12:34 - [TEST_STEP][PASSED] - println(x): null

13-01-2025T07:12:34 - [TEST_STEP][FAILED] - return x: null

13-01-2025T07:12:34 - [TEST_STEP][PASSED] - println(tabR + "/" + tabB): null

13-01-2025T07:12:34 - [TEST_STEP][FAILED] - if (verifyEqual(tabR, tabB) == false): null

13-01-2025T07:12:34 - [MESSAGE][FAILED] - Unable to verify equal between actual object '5573496' and expected object '5544160' (Root cause: com.kms.katalon.core.exception.StepFailedException: Actual object '5573496' and expected object '5544160' are not equal
	at com.kms.katalon.core.keyword.builtin.VerifyEqualKeyword$_verifyEqual_closure1.doCall(VerifyEqualKeyword.groovy:58)
	at com.kms.katalon.core.keyword.builtin.VerifyEqualKeyword$_verifyEqual_closure1.call(VerifyEqualKeyword.groovy)
	at com.kms.katalon.core.keyword.internal.KeywordMain.runKeyword(KeywordMain.groovy:75)
	at com.kms.katalon.core.keyword.builtin.VerifyEqualKeyword.verifyEqual(VerifyEqualKeyword.groovy:63)
	at com.kms.katalon.core.keyword.builtin.VerifyEqualKeyword.execute(VerifyEqualKeyword.groovy:44)
	at com.kms.katalon.core.keyword.internal.KeywordExecutor.executeKeywordForPlatform(KeywordExecutor.groovy:74)
	at com.kms.katalon.core.keyword.BuiltinKeywords.verifyEqual(BuiltinKeywords.groovy:146)
	at jdk.internal.reflect.GeneratedMethodAccessor25.invoke(Unknown Source)
	at java.base/jdk.internal.reflect.DelegatingMethodAccessorImpl.invoke(DelegatingMethodAccessorImpl.java:43)
	at Выполнение бизнес-плана сверка дашбордов - Copy.CompareDZOData(Выполнение бизнес-плана сверка дашбордов - Copy:730)
	at Выполнение бизнес-плана сверка дашбордов - Copy.run(Выполнение бизнес-плана сверка дашбордов - Copy:618)
	at com.kms.katalon.core.main.ScriptEngine.run(ScriptEngine.java:194)
	at com.kms.katalon.core.main.ScriptEngine.runScriptAsRawText(ScriptEngine.java:119)
	at com.kms.katalon.core.main.TestCaseExecutor.runScript(TestCaseExecutor.java:448)
	at com.kms.katalon.core.main.TestCaseExecutor.doExecute(TestCaseExecutor.java:439)
	at com.kms.katalon.core.main.TestCaseExecutor.processExecutionPhase(TestCaseExecutor.java:418)
	at com.kms.katalon.core.main.TestCaseExecutor.accessMainPhase(TestCaseExecutor.java:410)
	at com.kms.katalon.core.main.TestCaseExecutor.execute(TestCaseExecutor.java:285)
	at com.kms.katalon.core.common.CommonExecutor.accessTestCaseMainPhase(CommonExecutor.java:65)
	at com.kms.katalon.core.main.TestSuiteExecutor.accessTestSuiteMainPhase(TestSuiteExecutor.java:150)
	at com.kms.katalon.core.main.TestSuiteExecutor.execute(TestSuiteExecutor.java:106)
	at com.kms.katalon.core.main.TestCaseMain.startTestSuite(TestCaseMain.java:180)
	at TempTestSuite1736740835951.run(TempTestSuite1736740835951.groovy:35)
	at java.base/jdk.internal.reflect.NativeMethodAccessorImpl.invoke0(Native Method)
	at java.base/jdk.internal.reflect.NativeMethodAccessorImpl.invoke(NativeMethodAccessorImpl.java:77)
	at java.base/jdk.internal.reflect.DelegatingMethodAccessorImpl.invoke(DelegatingMethodAccessorImpl.java:43)
)

13-01-2025T07:12:34 - [TEST_STEP][PASSED] - result = WriteToExcel(typeOfData, todaysDate, PercPlanR, PercPlanB, PercFactR, PercFactB, x, tabR, tabB, o1R, o1B, vidget): null

13-01-2025T07:12:34 - [TEST_STEP][PASSED] - iii = dZO.indexOf("/"): null

13-01-2025T07:12:34 - [TEST_STEP][PASSED] - println(iii): null

13-01-2025T07:12:34 - [TEST_STEP][PASSED] - dZO = dZO.substring(0, iii): null

13-01-2025T07:12:34 - [TEST_STEP][PASSED] - println(dZO): null

13-01-2025T07:12:34 - [TEST_STEP][PASSED] - println(PercPlanR): null

13-01-2025T07:12:34 - [TEST_STEP][PASSED] - println(PercPlanB): null

13-01-2025T07:12:34 - [TEST_STEP][PASSED] - println(PercFactR): null

13-01-2025T07:12:34 - [TEST_STEP][PASSED] - println(PercFactB): null

13-01-2025T07:12:34 - [TEST_STEP][PASSED] - println(tabR): null

13-01-2025T07:12:34 - [TEST_STEP][PASSED] - println(tabB): null

13-01-2025T07:12:34 - [TEST_STEP][PASSED] - println(o1R): null

13-01-2025T07:12:34 - [TEST_STEP][PASSED] - println(o1B): null

13-01-2025T07:12:34 - [TEST_STEP][PASSED] - PR = <not implemented yet for class: org.codehaus.groovy.ast.expr.EmptyExpression>: null

13-01-2025T07:12:34 - [TEST_STEP][PASSED] - FR = <not implemented yet for class: org.codehaus.groovy.ast.expr.EmptyExpression>: null

13-01-2025T07:12:34 - [TEST_STEP][PASSED] - PB = <not implemented yet for class: org.codehaus.groovy.ast.expr.EmptyExpression>: null

13-01-2025T07:12:34 - [TEST_STEP][PASSED] - FB = <not implemented yet for class: org.codehaus.groovy.ast.expr.EmptyExpression>: null

13-01-2025T07:12:34 - [TEST_STEP][PASSED] - TR = <not implemented yet for class: org.codehaus.groovy.ast.expr.EmptyExpression>: null

13-01-2025T07:12:34 - [TEST_STEP][PASSED] - TB = <not implemented yet for class: org.codehaus.groovy.ast.expr.EmptyExpression>: null

13-01-2025T07:12:34 - [TEST_STEP][PASSED] - sheetName = "Sheet1": null

13-01-2025T07:12:34 - [TEST_STEP][PASSED] - data = findTestData("PlanFact"): null

13-01-2025T07:12:34 - [TEST_STEP][PASSED] - n = data.getRowNumbers() + 1: null

13-01-2025T07:12:34 - [TEST_STEP][PASSED] - year = todaysDate.substring(todaysDate.length() - 4, todaysDate.length()): null

13-01-2025T07:12:34 - [TEST_STEP][PASSED] - y = year.toInteger(): null

13-01-2025T07:12:34 - [TEST_STEP][PASSED] - m = getText(findTestObject("Выполнение бизнес-плана/Выполнение бизнес-плана Балансы/Фильтр Дата")): Text of object 'Object Repository/Выполнение бизнес-плана/Выполнение бизнес-плана Балансы/Фильтр Дата' is: '1, 2, 3 кв., Октябрь, Ноябрь 2024 года'

13-01-2025T07:12:35 - [MESSAGE][PASSED] - Text of object 'Object Repository/Выполнение бизнес-плана/Выполнение бизнес-плана Балансы/Фильтр Дата' is: '1, 2, 3 кв., Октябрь, Ноябрь 2024 года'

13-01-2025T07:12:35 - [TEST_STEP][PASSED] - m = m.substring(0, m.indexOf("2024")): null

13-01-2025T07:12:35 - [TEST_STEP][PASSED] - m = m.trim(): null

13-01-2025T07:12:35 - [TEST_STEP][PASSED] - dashboardName = "Выполнение бизнес-плана": null

13-01-2025T07:12:35 - [TEST_STEP][PASSED] - workbook01 = getWorkbook(excelFilePath): null

13-01-2025T07:12:35 - [TEST_STEP][PASSED] - sheet01 = getExcelSheet(workbook01, sheetName): null

13-01-2025T07:12:35 - [TEST_STEP][PASSED] - setValueToCellByIndex(sheet01, n, 0, dashboardName): null

13-01-2025T07:12:35 - [TEST_STEP][PASSED] - setValueToCellByIndex(sheet01, n, 1, dZO): null

13-01-2025T07:12:35 - [TEST_STEP][PASSED] - setValueToCellByIndex(sheet01, n, 2, typeOfData): null

13-01-2025T07:12:35 - [TEST_STEP][PASSED] - setValueToCellByIndex(sheet01, n, 3, typeOfData): null

13-01-2025T07:12:35 - [TEST_STEP][PASSED] - if (typeOfData == "План"): null

13-01-2025T07:12:35 - [TEST_STEP][PASSED] - else if (typeOfData == "Факт"): null

13-01-2025T07:12:35 - [TEST_STEP][PASSED] - else if (vidget.contains("электроэнергии") == true): null

13-01-2025T07:12:35 - [TEST_STEP][PASSED] - if (tabR == null): null

13-01-2025T07:12:35 - [TEST_STEP][PASSED] - else: null

13-01-2025T07:12:35 - [TEST_STEP][PASSED] - if (tabR == "нет данных"): null

13-01-2025T07:12:35 - [TEST_STEP][PASSED] - else: null

13-01-2025T07:12:35 - [TEST_STEP][PASSED] - TR = tabR.toInteger(): null

13-01-2025T07:12:35 - [TEST_STEP][PASSED] - setValueToCellByIndex(sheet01, n, 4, TR): null

13-01-2025T07:12:35 - [TEST_STEP][PASSED] - if (tabB == null): null

13-01-2025T07:12:35 - [TEST_STEP][PASSED] - else: null

13-01-2025T07:12:35 - [TEST_STEP][PASSED] - if (tabB == "нет данных"): null

13-01-2025T07:12:35 - [TEST_STEP][PASSED] - else: null

13-01-2025T07:12:35 - [TEST_STEP][PASSED] - TB = tabB.toInteger(): null

13-01-2025T07:12:35 - [TEST_STEP][PASSED] - setValueToCellByIndex(sheet01, n, 5, TB): null

13-01-2025T07:12:35 - [TEST_STEP][PASSED] - setValueToCellByIndex(sheet01, n, 6, m): null

13-01-2025T07:12:35 - [TEST_STEP][PASSED] - setValueToCellByIndex(sheet01, n, 7, y): null

13-01-2025T07:12:35 - [TEST_STEP][PASSED] - setValueToCellByIndex(sheet01, n, 8, todaysDate): null

13-01-2025T07:12:35 - [TEST_STEP][PASSED] - n = n + 1: null

13-01-2025T07:12:35 - [TEST_STEP][PASSED] - saveWorkbook(excelFilePath, workbook01): null

13-01-2025T07:12:35 - [TEST_STEP][PASSED] - vidget = "Показатели баланса электроэнергии по ДЗО – План": null

13-01-2025T07:12:35 - [TEST_STEP][PASSED] - typeOfData = "План Отпуск в сеть": null

13-01-2025T07:12:35 - [TEST_STEP][PASSED] - tabR = GetOvSPlanR(x = a): null

13-01-2025T07:12:35 - [TEST_STEP][PASSED] - i1 = <not implemented yet for class: org.codehaus.groovy.ast.expr.EmptyExpression>: null

13-01-2025T07:12:35 - [TEST_STEP][PASSED] - ii = <not implemented yet for class: org.codehaus.groovy.ast.expr.EmptyExpression>: null

13-01-2025T07:12:35 - [TEST_STEP][PASSED] - for ([ii = 1, ii < 7, (ii++)]): null

13-01-2025T07:12:35 - [TEST_STEP][PASSED] - i1 = x.indexOf("/") + 1: null

13-01-2025T07:12:35 - [TEST_STEP][PASSED] - if (i1 > -1): null

13-01-2025T07:12:35 - [TEST_STEP][PASSED] - x = x.substring(i1, x.length()): null

13-01-2025T07:12:35 - [TEST_STEP][PASSED] - println(x): null

13-01-2025T07:12:35 - [TEST_STEP][PASSED] - i1 = x.indexOf("/") + 1: null

13-01-2025T07:12:35 - [TEST_STEP][PASSED] - if (i1 > -1): null

13-01-2025T07:12:35 - [TEST_STEP][PASSED] - x = x.substring(i1, x.length()): null

13-01-2025T07:12:35 - [TEST_STEP][PASSED] - println(x): null

13-01-2025T07:12:35 - [TEST_STEP][PASSED] - i1 = x.indexOf("/") + 1: null

13-01-2025T07:12:35 - [TEST_STEP][PASSED] - if (i1 > -1): null

13-01-2025T07:12:35 - [TEST_STEP][PASSED] - x = x.substring(i1, x.length()): null

13-01-2025T07:12:35 - [TEST_STEP][PASSED] - println(x): null

13-01-2025T07:12:35 - [TEST_STEP][PASSED] - i1 = x.indexOf("/") + 1: null

13-01-2025T07:12:35 - [TEST_STEP][PASSED] - if (i1 > -1): null

13-01-2025T07:12:35 - [TEST_STEP][PASSED] - x = x.substring(i1, x.length()): null

13-01-2025T07:12:35 - [TEST_STEP][PASSED] - println(x): null

13-01-2025T07:12:35 - [TEST_STEP][PASSED] - i1 = x.indexOf("/") + 1: null

13-01-2025T07:12:35 - [TEST_STEP][PASSED] - if (i1 > -1): null

13-01-2025T07:12:35 - [TEST_STEP][PASSED] - x = x.substring(i1, x.length()): null

13-01-2025T07:12:35 - [TEST_STEP][PASSED] - println(x): null

13-01-2025T07:12:35 - [TEST_STEP][PASSED] - i1 = x.indexOf("/") + 1: null

13-01-2025T07:12:35 - [TEST_STEP][PASSED] - if (i1 > -1): null

13-01-2025T07:12:35 - [TEST_STEP][PASSED] - x = x.substring(i1, x.length()): null

13-01-2025T07:12:35 - [TEST_STEP][PASSED] - println(x): null

13-01-2025T07:12:35 - [TEST_STEP][PASSED] - i1 = x.indexOf("/"): null

13-01-2025T07:12:35 - [TEST_STEP][PASSED] - if (i1 > -1): null

13-01-2025T07:12:35 - [TEST_STEP][PASSED] - x = x.substring(0, i1): null

13-01-2025T07:12:35 - [TEST_STEP][PASSED] - println(x): null

13-01-2025T07:12:35 - [TEST_STEP][PASSED] - return x: null

13-01-2025T07:12:35 - [TEST_STEP][PASSED] - tabB = GetOvSPlanB(x = b): null

13-01-2025T07:12:35 - [TEST_STEP][PASSED] - i1 = <not implemented yet for class: org.codehaus.groovy.ast.expr.EmptyExpression>: null

13-01-2025T07:12:35 - [TEST_STEP][PASSED] - ii = <not implemented yet for class: org.codehaus.groovy.ast.expr.EmptyExpression>: null

13-01-2025T07:12:35 - [TEST_STEP][PASSED] - for ([ii = 1, ii < 7, (ii++)]): null

13-01-2025T07:12:35 - [TEST_STEP][PASSED] - i1 = x.indexOf("/") + 1: null

13-01-2025T07:12:35 - [TEST_STEP][PASSED] - if (i1 > -1): null

13-01-2025T07:12:35 - [TEST_STEP][PASSED] - x = x.substring(i1, x.length()): null

13-01-2025T07:12:35 - [TEST_STEP][PASSED] - println(x): null

13-01-2025T07:12:35 - [TEST_STEP][PASSED] - i1 = x.indexOf("/") + 1: null

13-01-2025T07:12:35 - [TEST_STEP][PASSED] - if (i1 > -1): null

13-01-2025T07:12:35 - [TEST_STEP][PASSED] - x = x.substring(i1, x.length()): null

13-01-2025T07:12:35 - [TEST_STEP][PASSED] - println(x): null

13-01-2025T07:12:35 - [TEST_STEP][PASSED] - i1 = x.indexOf("/") + 1: null

13-01-2025T07:12:35 - [TEST_STEP][PASSED] - if (i1 > -1): null

13-01-2025T07:12:35 - [TEST_STEP][PASSED] - x = x.substring(i1, x.length()): null

13-01-2025T07:12:35 - [TEST_STEP][PASSED] - println(x): null

13-01-2025T07:12:35 - [TEST_STEP][PASSED] - i1 = x.indexOf("/") + 1: null

13-01-2025T07:12:35 - [TEST_STEP][PASSED] - if (i1 > -1): null

13-01-2025T07:12:35 - [TEST_STEP][PASSED] - x = x.substring(i1, x.length()): null

13-01-2025T07:12:35 - [TEST_STEP][PASSED] - println(x): null

13-01-2025T07:12:35 - [TEST_STEP][PASSED] - i1 = x.indexOf("/") + 1: null

13-01-2025T07:12:35 - [TEST_STEP][PASSED] - if (i1 > -1): null

13-01-2025T07:12:35 - [TEST_STEP][PASSED] - x = x.substring(i1, x.length()): null

13-01-2025T07:12:35 - [TEST_STEP][PASSED] - println(x): null

13-01-2025T07:12:35 - [TEST_STEP][PASSED] - i1 = x.indexOf("/") + 1: null

13-01-2025T07:12:35 - [TEST_STEP][PASSED] - if (i1 > -1): null

13-01-2025T07:12:35 - [TEST_STEP][PASSED] - x = x.substring(i1, x.length()): null

13-01-2025T07:12:35 - [TEST_STEP][PASSED] - println(x): null

13-01-2025T07:12:35 - [TEST_STEP][PASSED] - i1 = x.indexOf("/"): null

13-01-2025T07:12:35 - [TEST_STEP][PASSED] - if (i1 > -1): null

13-01-2025T07:12:35 - [TEST_STEP][PASSED] - x = x.substring(0, i1): null

13-01-2025T07:12:35 - [TEST_STEP][PASSED] - println(x): null

13-01-2025T07:12:35 - [TEST_STEP][PASSED] - return x: null

13-01-2025T07:12:35 - [TEST_STEP][PASSED] - println(tabR + "/" + tabB): null

13-01-2025T07:12:35 - [TEST_STEP][PASSED] - if (verifyEqual(PercFactR, PercFactB) == false): Actual object '27.05' and expected object '27.05' are equal

13-01-2025T07:12:35 - [MESSAGE][PASSED] - Actual object '27.05' and expected object '27.05' are equal

13-01-2025T07:12:35 - [TEST_STEP][PASSED] - typeOfData = "План Отпуск из сети": null

13-01-2025T07:12:35 - [TEST_STEP][PASSED] - tabR = GetOiSPlanR(x = a): null

13-01-2025T07:12:35 - [TEST_STEP][PASSED] - i1 = <not implemented yet for class: org.codehaus.groovy.ast.expr.EmptyExpression>: null

13-01-2025T07:12:35 - [TEST_STEP][PASSED] - ii = <not implemented yet for class: org.codehaus.groovy.ast.expr.EmptyExpression>: null

13-01-2025T07:12:35 - [TEST_STEP][PASSED] - for ([ii = 1, ii < 8, (ii++)]): null

13-01-2025T07:12:35 - [TEST_STEP][PASSED] - i1 = x.indexOf("/") + 1: null

13-01-2025T07:12:35 - [TEST_STEP][PASSED] - if (i1 > -1): null

13-01-2025T07:12:35 - [TEST_STEP][PASSED] - x = x.substring(i1, x.length()): null

13-01-2025T07:12:35 - [TEST_STEP][PASSED] - println(x): null

13-01-2025T07:12:35 - [TEST_STEP][PASSED] - i1 = x.indexOf("/") + 1: null

13-01-2025T07:12:35 - [TEST_STEP][PASSED] - if (i1 > -1): null

13-01-2025T07:12:35 - [TEST_STEP][PASSED] - x = x.substring(i1, x.length()): null

13-01-2025T07:12:35 - [TEST_STEP][PASSED] - println(x): null

13-01-2025T07:12:35 - [TEST_STEP][PASSED] - i1 = x.indexOf("/") + 1: null

13-01-2025T07:12:35 - [TEST_STEP][PASSED] - if (i1 > -1): null

13-01-2025T07:12:35 - [TEST_STEP][PASSED] - x = x.substring(i1, x.length()): null

13-01-2025T07:12:35 - [TEST_STEP][PASSED] - println(x): null

13-01-2025T07:12:35 - [TEST_STEP][PASSED] - i1 = x.indexOf("/") + 1: null

13-01-2025T07:12:35 - [TEST_STEP][PASSED] - if (i1 > -1): null

13-01-2025T07:12:35 - [TEST_STEP][PASSED] - x = x.substring(i1, x.length()): null

13-01-2025T07:12:35 - [TEST_STEP][PASSED] - println(x): null

13-01-2025T07:12:35 - [TEST_STEP][PASSED] - i1 = x.indexOf("/") + 1: null

13-01-2025T07:12:35 - [TEST_STEP][PASSED] - if (i1 > -1): null

13-01-2025T07:12:35 - [TEST_STEP][PASSED] - x = x.substring(i1, x.length()): null

13-01-2025T07:12:35 - [TEST_STEP][PASSED] - println(x): null

13-01-2025T07:12:35 - [TEST_STEP][PASSED] - i1 = x.indexOf("/") + 1: null

13-01-2025T07:12:35 - [TEST_STEP][PASSED] - if (i1 > -1): null

13-01-2025T07:12:35 - [TEST_STEP][PASSED] - x = x.substring(i1, x.length()): null

13-01-2025T07:12:35 - [TEST_STEP][PASSED] - println(x): null

13-01-2025T07:12:35 - [TEST_STEP][PASSED] - i1 = x.indexOf("/") + 1: null

13-01-2025T07:12:35 - [TEST_STEP][PASSED] - if (i1 > -1): null

13-01-2025T07:12:35 - [TEST_STEP][PASSED] - x = x.substring(i1, x.length()): null

13-01-2025T07:12:35 - [TEST_STEP][PASSED] - println(x): null

13-01-2025T07:12:35 - [TEST_STEP][PASSED] - i1 = x.indexOf("/"): null

13-01-2025T07:12:35 - [TEST_STEP][PASSED] - if (i1 > -1): null

13-01-2025T07:12:35 - [TEST_STEP][PASSED] - x = x.substring(0, i1): null

13-01-2025T07:12:35 - [TEST_STEP][PASSED] - println(x): null

13-01-2025T07:12:35 - [TEST_STEP][PASSED] - return x: null

13-01-2025T07:12:35 - [TEST_STEP][PASSED] - tabB = GetOiSPlanB(x = b): null

13-01-2025T07:12:35 - [TEST_STEP][PASSED] - i1 = <not implemented yet for class: org.codehaus.groovy.ast.expr.EmptyExpression>: null

13-01-2025T07:12:35 - [TEST_STEP][PASSED] - ii = <not implemented yet for class: org.codehaus.groovy.ast.expr.EmptyExpression>: null

13-01-2025T07:12:35 - [TEST_STEP][PASSED] - for ([ii = 1, ii < 8, (ii++)]): null

13-01-2025T07:12:35 - [TEST_STEP][PASSED] - i1 = x.indexOf("/") + 1: null

13-01-2025T07:12:35 - [TEST_STEP][PASSED] - if (i1 > -1): null

13-01-2025T07:12:35 - [TEST_STEP][PASSED] - x = x.substring(i1, x.length()): null

13-01-2025T07:12:35 - [TEST_STEP][PASSED] - println(x): null

13-01-2025T07:12:35 - [TEST_STEP][PASSED] - i1 = x.indexOf("/") + 1: null

13-01-2025T07:12:35 - [TEST_STEP][PASSED] - if (i1 > -1): null

13-01-2025T07:12:35 - [TEST_STEP][PASSED] - x = x.substring(i1, x.length()): null

13-01-2025T07:12:35 - [TEST_STEP][PASSED] - println(x): null

13-01-2025T07:12:35 - [TEST_STEP][PASSED] - i1 = x.indexOf("/") + 1: null

13-01-2025T07:12:35 - [TEST_STEP][PASSED] - if (i1 > -1): null

13-01-2025T07:12:35 - [TEST_STEP][PASSED] - x = x.substring(i1, x.length()): null

13-01-2025T07:12:35 - [TEST_STEP][PASSED] - println(x): null

13-01-2025T07:12:35 - [TEST_STEP][PASSED] - i1 = x.indexOf("/") + 1: null

13-01-2025T07:12:35 - [TEST_STEP][PASSED] - if (i1 > -1): null

13-01-2025T07:12:35 - [TEST_STEP][PASSED] - x = x.substring(i1, x.length()): null

13-01-2025T07:12:35 - [TEST_STEP][PASSED] - println(x): null

13-01-2025T07:12:35 - [TEST_STEP][PASSED] - i1 = x.indexOf("/") + 1: null

13-01-2025T07:12:35 - [TEST_STEP][PASSED] - if (i1 > -1): null

13-01-2025T07:12:35 - [TEST_STEP][PASSED] - x = x.substring(i1, x.length()): null

13-01-2025T07:12:35 - [TEST_STEP][PASSED] - println(x): null

13-01-2025T07:12:35 - [TEST_STEP][PASSED] - i1 = x.indexOf("/") + 1: null

13-01-2025T07:12:35 - [TEST_STEP][PASSED] - if (i1 > -1): null

13-01-2025T07:12:35 - [TEST_STEP][PASSED] - x = x.substring(i1, x.length()): null

13-01-2025T07:12:35 - [TEST_STEP][PASSED] - println(x): null

13-01-2025T07:12:35 - [TEST_STEP][PASSED] - i1 = x.indexOf("/") + 1: null

13-01-2025T07:12:35 - [TEST_STEP][PASSED] - if (i1 > -1): null

13-01-2025T07:12:35 - [TEST_STEP][PASSED] - x = x.substring(i1, x.length()): null

13-01-2025T07:12:35 - [TEST_STEP][PASSED] - println(x): null

13-01-2025T07:12:35 - [TEST_STEP][PASSED] - i1 = x.indexOf("/"): null

13-01-2025T07:12:35 - [TEST_STEP][PASSED] - if (i1 > -1): null

13-01-2025T07:12:35 - [TEST_STEP][PASSED] - x = x.substring(0, i1): null

13-01-2025T07:12:35 - [TEST_STEP][PASSED] - println(x): null

13-01-2025T07:12:35 - [TEST_STEP][PASSED] - return x: null

13-01-2025T07:12:35 - [TEST_STEP][PASSED] - println(tabR + "/" + tabB): null

13-01-2025T07:12:35 - [TEST_STEP][PASSED] - if (verifyEqual(PercFactR, PercFactB) == false): Actual object '27.05' and expected object '27.05' are equal

13-01-2025T07:12:35 - [MESSAGE][PASSED] - Actual object '27.05' and expected object '27.05' are equal

13-01-2025T07:12:35 - [TEST_STEP][PASSED] - typeOfData = "План Потери": null

13-01-2025T07:12:35 - [TEST_STEP][PASSED] - tabR = GetPPlanR(x = a): null

13-01-2025T07:12:35 - [TEST_STEP][PASSED] - i1 = <not implemented yet for class: org.codehaus.groovy.ast.expr.EmptyExpression>: null

13-01-2025T07:12:35 - [TEST_STEP][PASSED] - ii = <not implemented yet for class: org.codehaus.groovy.ast.expr.EmptyExpression>: null

13-01-2025T07:12:35 - [TEST_STEP][PASSED] - for ([ii = 1, ii < 9, (ii++)]): null

13-01-2025T07:12:35 - [TEST_STEP][PASSED] - i1 = x.indexOf("/") + 1: null

13-01-2025T07:12:35 - [TEST_STEP][PASSED] - if (i1 > -1): null

13-01-2025T07:12:35 - [TEST_STEP][PASSED] - x = x.substring(i1, x.length()): null

13-01-2025T07:12:35 - [TEST_STEP][PASSED] - println(x): null

13-01-2025T07:12:35 - [TEST_STEP][PASSED] - i1 = x.indexOf("/") + 1: null

13-01-2025T07:12:35 - [TEST_STEP][PASSED] - if (i1 > -1): null

13-01-2025T07:12:35 - [TEST_STEP][PASSED] - x = x.substring(i1, x.length()): null

13-01-2025T07:12:35 - [TEST_STEP][PASSED] - println(x): null

13-01-2025T07:12:35 - [TEST_STEP][PASSED] - i1 = x.indexOf("/") + 1: null

13-01-2025T07:12:35 - [TEST_STEP][PASSED] - if (i1 > -1): null

13-01-2025T07:12:35 - [TEST_STEP][PASSED] - x = x.substring(i1, x.length()): null

13-01-2025T07:12:35 - [TEST_STEP][PASSED] - println(x): null

13-01-2025T07:12:35 - [TEST_STEP][PASSED] - i1 = x.indexOf("/") + 1: null

13-01-2025T07:12:35 - [TEST_STEP][PASSED] - if (i1 > -1): null

13-01-2025T07:12:35 - [TEST_STEP][PASSED] - x = x.substring(i1, x.length()): null

13-01-2025T07:12:35 - [TEST_STEP][PASSED] - println(x): null

13-01-2025T07:12:35 - [TEST_STEP][PASSED] - i1 = x.indexOf("/") + 1: null

13-01-2025T07:12:35 - [TEST_STEP][PASSED] - if (i1 > -1): null

13-01-2025T07:12:35 - [TEST_STEP][PASSED] - x = x.substring(i1, x.length()): null

13-01-2025T07:12:35 - [TEST_STEP][PASSED] - println(x): null

13-01-2025T07:12:35 - [TEST_STEP][PASSED] - i1 = x.indexOf("/") + 1: null

13-01-2025T07:12:35 - [TEST_STEP][PASSED] - if (i1 > -1): null

13-01-2025T07:12:35 - [TEST_STEP][PASSED] - x = x.substring(i1, x.length()): null

13-01-2025T07:12:35 - [TEST_STEP][PASSED] - println(x): null

13-01-2025T07:12:35 - [TEST_STEP][PASSED] - i1 = x.indexOf("/") + 1: null

13-01-2025T07:12:35 - [TEST_STEP][PASSED] - if (i1 > -1): null

13-01-2025T07:12:35 - [TEST_STEP][PASSED] - x = x.substring(i1, x.length()): null

13-01-2025T07:12:35 - [TEST_STEP][PASSED] - println(x): null

13-01-2025T07:12:35 - [TEST_STEP][PASSED] - i1 = x.indexOf("/") + 1: null

13-01-2025T07:12:35 - [TEST_STEP][PASSED] - if (i1 > -1): null

13-01-2025T07:12:35 - [TEST_STEP][PASSED] - x = x.substring(i1, x.length()): null

13-01-2025T07:12:35 - [TEST_STEP][PASSED] - println(x): null

13-01-2025T07:12:35 - [TEST_STEP][PASSED] - i1 = x.indexOf("/"): null

13-01-2025T07:12:35 - [TEST_STEP][PASSED] - if (i1 > -1): null

13-01-2025T07:12:35 - [TEST_STEP][PASSED] - x = x.substring(0, i1): null

13-01-2025T07:12:35 - [TEST_STEP][PASSED] - println(x): null

13-01-2025T07:12:35 - [TEST_STEP][PASSED] - return x: null

13-01-2025T07:12:35 - [TEST_STEP][PASSED] - tabB = GetPPlanB(x = b): null

13-01-2025T07:12:35 - [TEST_STEP][PASSED] - i1 = <not implemented yet for class: org.codehaus.groovy.ast.expr.EmptyExpression>: null

13-01-2025T07:12:35 - [TEST_STEP][PASSED] - ii = <not implemented yet for class: org.codehaus.groovy.ast.expr.EmptyExpression>: null

13-01-2025T07:12:35 - [TEST_STEP][PASSED] - for ([ii = 1, ii < 9, (ii++)]): null

13-01-2025T07:12:35 - [TEST_STEP][PASSED] - i1 = x.indexOf("/") + 1: null

13-01-2025T07:12:35 - [TEST_STEP][PASSED] - if (i1 > -1): null

13-01-2025T07:12:35 - [TEST_STEP][PASSED] - x = x.substring(i1, x.length()): null

13-01-2025T07:12:35 - [TEST_STEP][PASSED] - println(x): null

13-01-2025T07:12:35 - [TEST_STEP][PASSED] - i1 = x.indexOf("/") + 1: null

13-01-2025T07:12:35 - [TEST_STEP][PASSED] - if (i1 > -1): null

13-01-2025T07:12:35 - [TEST_STEP][PASSED] - x = x.substring(i1, x.length()): null

13-01-2025T07:12:35 - [TEST_STEP][PASSED] - println(x): null

13-01-2025T07:12:35 - [TEST_STEP][PASSED] - i1 = x.indexOf("/") + 1: null

13-01-2025T07:12:35 - [TEST_STEP][PASSED] - if (i1 > -1): null

13-01-2025T07:12:35 - [TEST_STEP][PASSED] - x = x.substring(i1, x.length()): null

13-01-2025T07:12:35 - [TEST_STEP][PASSED] - println(x): null

13-01-2025T07:12:35 - [TEST_STEP][PASSED] - i1 = x.indexOf("/") + 1: null

13-01-2025T07:12:35 - [TEST_STEP][PASSED] - if (i1 > -1): null

13-01-2025T07:12:35 - [TEST_STEP][PASSED] - x = x.substring(i1, x.length()): null

13-01-2025T07:12:35 - [TEST_STEP][PASSED] - println(x): null

13-01-2025T07:12:35 - [TEST_STEP][PASSED] - i1 = x.indexOf("/") + 1: null

13-01-2025T07:12:35 - [TEST_STEP][PASSED] - if (i1 > -1): null

13-01-2025T07:12:35 - [TEST_STEP][PASSED] - x = x.substring(i1, x.length()): null

13-01-2025T07:12:35 - [TEST_STEP][PASSED] - println(x): null

13-01-2025T07:12:35 - [TEST_STEP][PASSED] - i1 = x.indexOf("/") + 1: null

13-01-2025T07:12:35 - [TEST_STEP][PASSED] - if (i1 > -1): null

13-01-2025T07:12:35 - [TEST_STEP][PASSED] - x = x.substring(i1, x.length()): null

13-01-2025T07:12:35 - [TEST_STEP][PASSED] - println(x): null

13-01-2025T07:12:35 - [TEST_STEP][PASSED] - i1 = x.indexOf("/") + 1: null

13-01-2025T07:12:35 - [TEST_STEP][PASSED] - if (i1 > -1): null

13-01-2025T07:12:35 - [TEST_STEP][PASSED] - x = x.substring(i1, x.length()): null

13-01-2025T07:12:35 - [TEST_STEP][PASSED] - println(x): null

13-01-2025T07:12:35 - [TEST_STEP][PASSED] - i1 = x.indexOf("/") + 1: null

13-01-2025T07:12:35 - [TEST_STEP][PASSED] - if (i1 > -1): null

13-01-2025T07:12:35 - [TEST_STEP][PASSED] - x = x.substring(i1, x.length()): null

13-01-2025T07:12:35 - [TEST_STEP][PASSED] - println(x): null

13-01-2025T07:12:35 - [TEST_STEP][PASSED] - i1 = x.indexOf("/"): null

13-01-2025T07:12:35 - [TEST_STEP][PASSED] - if (i1 > -1): null

13-01-2025T07:12:35 - [TEST_STEP][PASSED] - x = x.substring(0, i1): null

13-01-2025T07:12:35 - [TEST_STEP][PASSED] - println(x): null

13-01-2025T07:12:35 - [TEST_STEP][PASSED] - return x: null

13-01-2025T07:12:35 - [TEST_STEP][PASSED] - println(tabR + "/" + tabB): null

13-01-2025T07:12:35 - [TEST_STEP][PASSED] - if (verifyEqual(PercFactR, PercFactB) == false): Actual object '27.05' and expected object '27.05' are equal

13-01-2025T07:12:35 - [MESSAGE][PASSED] - Actual object '27.05' and expected object '27.05' are equal

13-01-2025T07:12:35 - [TEST_STEP][PASSED] - ii2 = a.indexOf("ПАО"): null

13-01-2025T07:12:35 - [TEST_STEP][PASSED] - if (ii2 == -1): null

13-01-2025T07:12:35 - [TEST_STEP][PASSED] - vidget = "Отклонения фактического уровня потерь от бизнес-плана": null

13-01-2025T07:12:35 - [TEST_STEP][PASSED] - typeOfData = "Коэффициент": null

13-01-2025T07:12:35 - [TEST_STEP][PASSED] - o1R = Geto1R(x = a): null

13-01-2025T07:12:35 - [TEST_STEP][PASSED] - i1 = <not implemented yet for class: org.codehaus.groovy.ast.expr.EmptyExpression>: null

13-01-2025T07:12:35 - [TEST_STEP][PASSED] - ii = <not implemented yet for class: org.codehaus.groovy.ast.expr.EmptyExpression>: null

13-01-2025T07:12:35 - [TEST_STEP][PASSED] - for ([ii = 1, ii < 10, (ii++)]): null

13-01-2025T07:12:35 - [TEST_STEP][PASSED] - i1 = x.indexOf("/") + 1: null

13-01-2025T07:12:35 - [TEST_STEP][PASSED] - if (i1 > -1): null

13-01-2025T07:12:35 - [TEST_STEP][PASSED] - x = x.substring(i1, x.length()): null

13-01-2025T07:12:35 - [TEST_STEP][PASSED] - i1 = x.indexOf("/") + 1: null

13-01-2025T07:12:35 - [TEST_STEP][PASSED] - if (i1 > -1): null

13-01-2025T07:12:35 - [TEST_STEP][PASSED] - x = x.substring(i1, x.length()): null

13-01-2025T07:12:35 - [TEST_STEP][PASSED] - i1 = x.indexOf("/") + 1: null

13-01-2025T07:12:35 - [TEST_STEP][PASSED] - if (i1 > -1): null

13-01-2025T07:12:35 - [TEST_STEP][PASSED] - x = x.substring(i1, x.length()): null

13-01-2025T07:12:35 - [TEST_STEP][PASSED] - i1 = x.indexOf("/") + 1: null

13-01-2025T07:12:35 - [TEST_STEP][PASSED] - if (i1 > -1): null

13-01-2025T07:12:35 - [TEST_STEP][PASSED] - x = x.substring(i1, x.length()): null

13-01-2025T07:12:35 - [TEST_STEP][PASSED] - i1 = x.indexOf("/") + 1: null

13-01-2025T07:12:35 - [TEST_STEP][PASSED] - if (i1 > -1): null

13-01-2025T07:12:35 - [TEST_STEP][PASSED] - x = x.substring(i1, x.length()): null

13-01-2025T07:12:35 - [TEST_STEP][PASSED] - i1 = x.indexOf("/") + 1: null

13-01-2025T07:12:35 - [TEST_STEP][PASSED] - if (i1 > -1): null

13-01-2025T07:12:35 - [TEST_STEP][PASSED] - x = x.substring(i1, x.length()): null

13-01-2025T07:12:35 - [TEST_STEP][PASSED] - i1 = x.indexOf("/") + 1: null

13-01-2025T07:12:35 - [TEST_STEP][PASSED] - if (i1 > -1): null

13-01-2025T07:12:35 - [TEST_STEP][PASSED] - x = x.substring(i1, x.length()): null

13-01-2025T07:12:35 - [TEST_STEP][PASSED] - i1 = x.indexOf("/") + 1: null

13-01-2025T07:12:35 - [TEST_STEP][PASSED] - if (i1 > -1): null

13-01-2025T07:12:35 - [TEST_STEP][PASSED] - x = x.substring(i1, x.length()): null

13-01-2025T07:12:35 - [TEST_STEP][PASSED] - i1 = x.indexOf("/") + 1: null

13-01-2025T07:12:35 - [TEST_STEP][PASSED] - if (i1 > -1): null

13-01-2025T07:12:35 - [TEST_STEP][PASSED] - x = x.substring(i1, x.length()): null

13-01-2025T07:12:35 - [TEST_STEP][PASSED] - i1 = x.indexOf("/"): null

13-01-2025T07:12:35 - [TEST_STEP][PASSED] - if (i1 > -1): null

13-01-2025T07:12:35 - [TEST_STEP][PASSED] - println(x): null

13-01-2025T07:12:35 - [TEST_STEP][PASSED] - return x: null

13-01-2025T07:12:35 - [TEST_STEP][PASSED] - o1B = Geto1B(x = b): null

13-01-2025T07:12:35 - [TEST_STEP][PASSED] - i1 = <not implemented yet for class: org.codehaus.groovy.ast.expr.EmptyExpression>: null

13-01-2025T07:12:35 - [TEST_STEP][PASSED] - ii = <not implemented yet for class: org.codehaus.groovy.ast.expr.EmptyExpression>: null

13-01-2025T07:12:35 - [TEST_STEP][PASSED] - for ([ii = 1, ii < 10, (ii++)]): null

13-01-2025T07:12:35 - [TEST_STEP][PASSED] - i1 = x.indexOf("/") + 1: null

13-01-2025T07:12:35 - [TEST_STEP][PASSED] - if (i1 > -1): null

13-01-2025T07:12:35 - [TEST_STEP][PASSED] - x = x.substring(i1, x.length()): null

13-01-2025T07:12:35 - [TEST_STEP][PASSED] - i1 = x.indexOf("/") + 1: null

13-01-2025T07:12:35 - [TEST_STEP][PASSED] - if (i1 > -1): null

13-01-2025T07:12:35 - [TEST_STEP][PASSED] - x = x.substring(i1, x.length()): null

13-01-2025T07:12:35 - [TEST_STEP][PASSED] - i1 = x.indexOf("/") + 1: null

13-01-2025T07:12:35 - [TEST_STEP][PASSED] - if (i1 > -1): null

13-01-2025T07:12:35 - [TEST_STEP][PASSED] - x = x.substring(i1, x.length()): null

13-01-2025T07:12:35 - [TEST_STEP][PASSED] - i1 = x.indexOf("/") + 1: null

13-01-2025T07:12:35 - [TEST_STEP][PASSED] - if (i1 > -1): null

13-01-2025T07:12:35 - [TEST_STEP][PASSED] - x = x.substring(i1, x.length()): null

13-01-2025T07:12:35 - [TEST_STEP][PASSED] - i1 = x.indexOf("/") + 1: null

13-01-2025T07:12:35 - [TEST_STEP][PASSED] - if (i1 > -1): null

13-01-2025T07:12:35 - [TEST_STEP][PASSED] - x = x.substring(i1, x.length()): null

13-01-2025T07:12:35 - [TEST_STEP][PASSED] - i1 = x.indexOf("/") + 1: null

13-01-2025T07:12:35 - [TEST_STEP][PASSED] - if (i1 > -1): null

13-01-2025T07:12:35 - [TEST_STEP][PASSED] - x = x.substring(i1, x.length()): null

13-01-2025T07:12:35 - [TEST_STEP][PASSED] - i1 = x.indexOf("/") + 1: null

13-01-2025T07:12:35 - [TEST_STEP][PASSED] - if (i1 > -1): null

13-01-2025T07:12:35 - [TEST_STEP][PASSED] - x = x.substring(i1, x.length()): null

13-01-2025T07:12:35 - [TEST_STEP][PASSED] - i1 = x.indexOf("/") + 1: null

13-01-2025T07:12:35 - [TEST_STEP][PASSED] - if (i1 > -1): null

13-01-2025T07:12:35 - [TEST_STEP][PASSED] - x = x.substring(i1, x.length()): null

13-01-2025T07:12:35 - [TEST_STEP][PASSED] - i1 = x.indexOf("/") + 1: null

13-01-2025T07:12:35 - [TEST_STEP][PASSED] - if (i1 > -1): null

13-01-2025T07:12:35 - [TEST_STEP][PASSED] - x = x.substring(i1, x.length()): null

13-01-2025T07:12:35 - [TEST_STEP][PASSED] - i1 = x.indexOf("/"): null

13-01-2025T07:12:35 - [TEST_STEP][PASSED] - if (i1 > -1): null

13-01-2025T07:12:35 - [TEST_STEP][PASSED] - println(x): null

13-01-2025T07:12:35 - [TEST_STEP][FAILED] - return x: null

13-01-2025T07:12:35 - [TEST_STEP][PASSED] - println(o1R + "/" + o1B): null

13-01-2025T07:12:35 - [TEST_STEP][PASSED] - if (verifyEqual(PercFactR, PercFactB) == false): Actual object '27.05' and expected object '27.05' are equal

13-01-2025T07:12:35 - [MESSAGE][PASSED] - Actual object '27.05' and expected object '27.05' are equal

13-01-2025T07:12:35 - [TEST_STEP][FAILED] - if (verifyEqual(sZR, sZB) == false): null

13-01-2025T07:12:35 - [MESSAGE][FAILED] - Unable to verify equal between actual object 'Россети Северо-Запад/нет данных/нет данных/нет данных/нет данных/нет данных/нет данных/нет данных/нет данных/нет данных' and expected object 'Россети Северо-Запад/5.81/5.39/30027512/28409686/1617826/0/нет данных/нет данных/-0.43' (Root cause: com.kms.katalon.core.exception.StepFailedException: Actual object 'Россети Северо-Запад/нет данных/нет данных/нет данных/нет данных/нет данных/нет данных/нет данных/нет данных/нет данных' and expected object 'Россети Северо-Запад/5.81/5.39/30027512/28409686/1617826/0/нет данных/нет данных/-0.43' are not equal
	at com.kms.katalon.core.keyword.builtin.VerifyEqualKeyword$_verifyEqual_closure1.doCall(VerifyEqualKeyword.groovy:58)
	at com.kms.katalon.core.keyword.builtin.VerifyEqualKeyword$_verifyEqual_closure1.call(VerifyEqualKeyword.groovy)
	at com.kms.katalon.core.keyword.internal.KeywordMain.runKeyword(KeywordMain.groovy:75)
	at com.kms.katalon.core.keyword.builtin.VerifyEqualKeyword.verifyEqual(VerifyEqualKeyword.groovy:63)
	at com.kms.katalon.core.keyword.builtin.VerifyEqualKeyword.execute(VerifyEqualKeyword.groovy:44)
	at com.kms.katalon.core.keyword.internal.KeywordExecutor.executeKeywordForPlatform(KeywordExecutor.groovy:74)
	at com.kms.katalon.core.keyword.BuiltinKeywords.verifyEqual(BuiltinKeywords.groovy:146)
	at jdk.internal.reflect.GeneratedMethodAccessor25.invoke(Unknown Source)
	at java.base/jdk.internal.reflect.DelegatingMethodAccessorImpl.invoke(DelegatingMethodAccessorImpl.java:43)
	at Выполнение бизнес-плана сверка дашбордов - Copy.run(Выполнение бизнес-плана сверка дашбордов - Copy:622)
	at com.kms.katalon.core.main.ScriptEngine.run(ScriptEngine.java:194)
	at com.kms.katalon.core.main.ScriptEngine.runScriptAsRawText(ScriptEngine.java:119)
	at com.kms.katalon.core.main.TestCaseExecutor.runScript(TestCaseExecutor.java:448)
	at com.kms.katalon.core.main.TestCaseExecutor.doExecute(TestCaseExecutor.java:439)
	at com.kms.katalon.core.main.TestCaseExecutor.processExecutionPhase(TestCaseExecutor.java:418)
	at com.kms.katalon.core.main.TestCaseExecutor.accessMainPhase(TestCaseExecutor.java:410)
	at com.kms.katalon.core.main.TestCaseExecutor.execute(TestCaseExecutor.java:285)
	at com.kms.katalon.core.common.CommonExecutor.accessTestCaseMainPhase(CommonExecutor.java:65)
	at com.kms.katalon.core.main.TestSuiteExecutor.accessTestSuiteMainPhase(TestSuiteExecutor.java:150)
	at com.kms.katalon.core.main.TestSuiteExecutor.execute(TestSuiteExecutor.java:106)
	at com.kms.katalon.core.main.TestCaseMain.startTestSuite(TestCaseMain.java:180)
	at TempTestSuite1736740835951.run(TempTestSuite1736740835951.groovy:35)
	at java.base/jdk.internal.reflect.NativeMethodAccessorImpl.invoke0(Native Method)
	at java.base/jdk.internal.reflect.NativeMethodAccessorImpl.invoke(NativeMethodAccessorImpl.java:77)
	at java.base/jdk.internal.reflect.DelegatingMethodAccessorImpl.invoke(DelegatingMethodAccessorImpl.java:43)
)

13-01-2025T07:12:35 - [TEST_STEP][PASSED] - result = CompareDZOData(a = sZR, b = sZB, dZO, typeOfData, PercPlanR, PercPlanB, PercFactR, PercFactB, todaysDate, x, vidget, tabR, tabB, o1R, o1B): null

13-01-2025T07:12:35 - [TEST_STEP][PASSED] - ii2 = <not implemented yet for class: org.codehaus.groovy.ast.expr.EmptyExpression>: null

13-01-2025T07:12:35 - [TEST_STEP][FAILED] - if (verifyEqual(a, b) == false): null

13-01-2025T07:12:35 - [MESSAGE][FAILED] - Unable to verify equal between actual object 'Россети Северо-Запад/нет данных/нет данных/нет данных/нет данных/нет данных/нет данных/нет данных/нет данных/нет данных' and expected object 'Россети Северо-Запад/5.81/5.39/30027512/28409686/1617826/0/нет данных/нет данных/-0.43' (Root cause: com.kms.katalon.core.exception.StepFailedException: Actual object 'Россети Северо-Запад/нет данных/нет данных/нет данных/нет данных/нет данных/нет данных/нет данных/нет данных/нет данных' and expected object 'Россети Северо-Запад/5.81/5.39/30027512/28409686/1617826/0/нет данных/нет данных/-0.43' are not equal
	at com.kms.katalon.core.keyword.builtin.VerifyEqualKeyword$_verifyEqual_closure1.doCall(VerifyEqualKeyword.groovy:58)
	at com.kms.katalon.core.keyword.builtin.VerifyEqualKeyword$_verifyEqual_closure1.call(VerifyEqualKeyword.groovy)
	at com.kms.katalon.core.keyword.internal.KeywordMain.runKeyword(KeywordMain.groovy:75)
	at com.kms.katalon.core.keyword.builtin.VerifyEqualKeyword.verifyEqual(VerifyEqualKeyword.groovy:63)
	at com.kms.katalon.core.keyword.builtin.VerifyEqualKeyword.execute(VerifyEqualKeyword.groovy:44)
	at com.kms.katalon.core.keyword.internal.KeywordExecutor.executeKeywordForPlatform(KeywordExecutor.groovy:74)
	at com.kms.katalon.core.keyword.BuiltinKeywords.verifyEqual(BuiltinKeywords.groovy:146)
	at jdk.internal.reflect.GeneratedMethodAccessor25.invoke(Unknown Source)
	at java.base/jdk.internal.reflect.DelegatingMethodAccessorImpl.invoke(DelegatingMethodAccessorImpl.java:43)
	at Выполнение бизнес-плана сверка дашбордов - Copy.CompareDZOData(Выполнение бизнес-плана сверка дашбордов - Copy:673)
	at Выполнение бизнес-плана сверка дашбордов - Copy.run(Выполнение бизнес-плана сверка дашбордов - Copy:623)
	at com.kms.katalon.core.main.ScriptEngine.run(ScriptEngine.java:194)
	at com.kms.katalon.core.main.ScriptEngine.runScriptAsRawText(ScriptEngine.java:119)
	at com.kms.katalon.core.main.TestCaseExecutor.runScript(TestCaseExecutor.java:448)
	at com.kms.katalon.core.main.TestCaseExecutor.doExecute(TestCaseExecutor.java:439)
	at com.kms.katalon.core.main.TestCaseExecutor.processExecutionPhase(TestCaseExecutor.java:418)
	at com.kms.katalon.core.main.TestCaseExecutor.accessMainPhase(TestCaseExecutor.java:410)
	at com.kms.katalon.core.main.TestCaseExecutor.execute(TestCaseExecutor.java:285)
	at com.kms.katalon.core.common.CommonExecutor.accessTestCaseMainPhase(CommonExecutor.java:65)
	at com.kms.katalon.core.main.TestSuiteExecutor.accessTestSuiteMainPhase(TestSuiteExecutor.java:150)
	at com.kms.katalon.core.main.TestSuiteExecutor.execute(TestSuiteExecutor.java:106)
	at com.kms.katalon.core.main.TestCaseMain.startTestSuite(TestCaseMain.java:180)
	at TempTestSuite1736740835951.run(TempTestSuite1736740835951.groovy:35)
	at java.base/jdk.internal.reflect.NativeMethodAccessorImpl.invoke0(Native Method)
	at java.base/jdk.internal.reflect.NativeMethodAccessorImpl.invoke(NativeMethodAccessorImpl.java:77)
	at java.base/jdk.internal.reflect.DelegatingMethodAccessorImpl.invoke(DelegatingMethodAccessorImpl.java:43)
)

13-01-2025T07:12:35 - [TEST_STEP][PASSED] - vidget = "Уровень потерь электроэнергии": null

13-01-2025T07:12:35 - [TEST_STEP][PASSED] - typeOfData = "План": null

13-01-2025T07:12:35 - [TEST_STEP][PASSED] - PercPlanR = GetPercPlanR(x = a): null

13-01-2025T07:12:35 - [TEST_STEP][PASSED] - i1 = <not implemented yet for class: org.codehaus.groovy.ast.expr.EmptyExpression>: null

13-01-2025T07:12:35 - [TEST_STEP][PASSED] - i1 = x.indexOf("/") + 1: null

13-01-2025T07:12:35 - [TEST_STEP][PASSED] - if (i1 > -1): null

13-01-2025T07:12:35 - [TEST_STEP][PASSED] - x = x.substring(i1, x.length()): null

13-01-2025T07:12:35 - [TEST_STEP][PASSED] - i1 = x.indexOf("/"): null

13-01-2025T07:12:35 - [TEST_STEP][PASSED] - if (i1 > -1): null

13-01-2025T07:12:35 - [TEST_STEP][PASSED] - x = x.substring(0, i1): null

13-01-2025T07:12:35 - [TEST_STEP][PASSED] - return x: null

13-01-2025T07:12:35 - [TEST_STEP][PASSED] - PercPlanB = GetPercPlanB(x = b): null

13-01-2025T07:12:35 - [TEST_STEP][PASSED] - i1 = <not implemented yet for class: org.codehaus.groovy.ast.expr.EmptyExpression>: null

13-01-2025T07:12:35 - [TEST_STEP][PASSED] - i1 = x.indexOf("/") + 1: null

13-01-2025T07:12:35 - [TEST_STEP][PASSED] - if (i1 > -1): null

13-01-2025T07:12:35 - [TEST_STEP][PASSED] - x = x.substring(i1, x.length()): null

13-01-2025T07:12:35 - [TEST_STEP][PASSED] - i1 = x.indexOf("/"): null

13-01-2025T07:12:35 - [TEST_STEP][PASSED] - if (i1 > -1): null

13-01-2025T07:12:35 - [TEST_STEP][PASSED] - x = x.substring(0, i1): null

13-01-2025T07:12:35 - [TEST_STEP][FAILED] - return x: null

13-01-2025T07:12:35 - [TEST_STEP][FAILED] - if (verifyEqual(PercPlanR, PercPlanB) == false): null

13-01-2025T07:12:35 - [MESSAGE][FAILED] - Unable to verify equal between actual object 'нет данных' and expected object '5.81' (Root cause: com.kms.katalon.core.exception.StepFailedException: Actual object 'нет данных' and expected object '5.81' are not equal
	at com.kms.katalon.core.keyword.builtin.VerifyEqualKeyword$_verifyEqual_closure1.doCall(VerifyEqualKeyword.groovy:58)
	at com.kms.katalon.core.keyword.builtin.VerifyEqualKeyword$_verifyEqual_closure1.call(VerifyEqualKeyword.groovy)
	at com.kms.katalon.core.keyword.internal.KeywordMain.runKeyword(KeywordMain.groovy:75)
	at com.kms.katalon.core.keyword.builtin.VerifyEqualKeyword.verifyEqual(VerifyEqualKeyword.groovy:63)
	at com.kms.katalon.core.keyword.builtin.VerifyEqualKeyword.execute(VerifyEqualKeyword.groovy:44)
	at com.kms.katalon.core.keyword.internal.KeywordExecutor.executeKeywordForPlatform(KeywordExecutor.groovy:74)
	at com.kms.katalon.core.keyword.BuiltinKeywords.verifyEqual(BuiltinKeywords.groovy:146)
	at jdk.internal.reflect.GeneratedMethodAccessor25.invoke(Unknown Source)
	at java.base/jdk.internal.reflect.DelegatingMethodAccessorImpl.invoke(DelegatingMethodAccessorImpl.java:43)
	at Выполнение бизнес-плана сверка дашбордов - Copy.CompareDZOData(Выполнение бизнес-плана сверка дашбордов - Copy:682)
	at Выполнение бизнес-плана сверка дашбордов - Copy.run(Выполнение бизнес-плана сверка дашбордов - Copy:623)
	at com.kms.katalon.core.main.ScriptEngine.run(ScriptEngine.java:194)
	at com.kms.katalon.core.main.ScriptEngine.runScriptAsRawText(ScriptEngine.java:119)
	at com.kms.katalon.core.main.TestCaseExecutor.runScript(TestCaseExecutor.java:448)
	at com.kms.katalon.core.main.TestCaseExecutor.doExecute(TestCaseExecutor.java:439)
	at com.kms.katalon.core.main.TestCaseExecutor.processExecutionPhase(TestCaseExecutor.java:418)
	at com.kms.katalon.core.main.TestCaseExecutor.accessMainPhase(TestCaseExecutor.java:410)
	at com.kms.katalon.core.main.TestCaseExecutor.execute(TestCaseExecutor.java:285)
	at com.kms.katalon.core.common.CommonExecutor.accessTestCaseMainPhase(CommonExecutor.java:65)
	at com.kms.katalon.core.main.TestSuiteExecutor.accessTestSuiteMainPhase(TestSuiteExecutor.java:150)
	at com.kms.katalon.core.main.TestSuiteExecutor.execute(TestSuiteExecutor.java:106)
	at com.kms.katalon.core.main.TestCaseMain.startTestSuite(TestCaseMain.java:180)
	at TempTestSuite1736740835951.run(TempTestSuite1736740835951.groovy:35)
	at java.base/jdk.internal.reflect.NativeMethodAccessorImpl.invoke0(Native Method)
	at java.base/jdk.internal.reflect.NativeMethodAccessorImpl.invoke(NativeMethodAccessorImpl.java:77)
	at java.base/jdk.internal.reflect.DelegatingMethodAccessorImpl.invoke(DelegatingMethodAccessorImpl.java:43)
)

13-01-2025T07:12:35 - [TEST_STEP][PASSED] - result = WriteToExcel(typeOfData, todaysDate, PercPlanR, PercPlanB, PercFactR, PercFactB, x, tabR, tabB, o1R, o1B, vidget): null

13-01-2025T07:12:35 - [TEST_STEP][PASSED] - iii = dZO.indexOf("/"): null

13-01-2025T07:12:35 - [TEST_STEP][PASSED] - println(iii): null

13-01-2025T07:12:35 - [TEST_STEP][PASSED] - dZO = dZO.substring(0, iii): null

13-01-2025T07:12:35 - [TEST_STEP][PASSED] - println(dZO): null

13-01-2025T07:12:35 - [TEST_STEP][PASSED] - println(PercPlanR): null

13-01-2025T07:12:35 - [TEST_STEP][PASSED] - println(PercPlanB): null

13-01-2025T07:12:35 - [TEST_STEP][PASSED] - println(PercFactR): null

13-01-2025T07:12:35 - [TEST_STEP][PASSED] - println(PercFactB): null

13-01-2025T07:12:35 - [TEST_STEP][PASSED] - println(tabR): null

13-01-2025T07:12:35 - [TEST_STEP][PASSED] - println(tabB): null

13-01-2025T07:12:35 - [TEST_STEP][PASSED] - println(o1R): null

13-01-2025T07:12:35 - [TEST_STEP][PASSED] - println(o1B): null

13-01-2025T07:12:35 - [TEST_STEP][PASSED] - PR = <not implemented yet for class: org.codehaus.groovy.ast.expr.EmptyExpression>: null

13-01-2025T07:12:35 - [TEST_STEP][PASSED] - FR = <not implemented yet for class: org.codehaus.groovy.ast.expr.EmptyExpression>: null

13-01-2025T07:12:35 - [TEST_STEP][PASSED] - PB = <not implemented yet for class: org.codehaus.groovy.ast.expr.EmptyExpression>: null

13-01-2025T07:12:35 - [TEST_STEP][PASSED] - FB = <not implemented yet for class: org.codehaus.groovy.ast.expr.EmptyExpression>: null

13-01-2025T07:12:35 - [TEST_STEP][PASSED] - TR = <not implemented yet for class: org.codehaus.groovy.ast.expr.EmptyExpression>: null

13-01-2025T07:12:35 - [TEST_STEP][PASSED] - TB = <not implemented yet for class: org.codehaus.groovy.ast.expr.EmptyExpression>: null

13-01-2025T07:12:35 - [TEST_STEP][PASSED] - sheetName = "Sheet1": null

13-01-2025T07:12:35 - [TEST_STEP][PASSED] - data = findTestData("PlanFact"): null

13-01-2025T07:12:35 - [TEST_STEP][PASSED] - n = data.getRowNumbers() + 1: null

13-01-2025T07:12:35 - [TEST_STEP][PASSED] - year = todaysDate.substring(todaysDate.length() - 4, todaysDate.length()): null

13-01-2025T07:12:35 - [TEST_STEP][PASSED] - y = year.toInteger(): null

13-01-2025T07:12:35 - [TEST_STEP][PASSED] - m = getText(findTestObject("Выполнение бизнес-плана/Выполнение бизнес-плана Балансы/Фильтр Дата")): Text of object 'Object Repository/Выполнение бизнес-плана/Выполнение бизнес-плана Балансы/Фильтр Дата' is: '1, 2, 3 кв., Октябрь, Ноябрь 2024 года'

13-01-2025T07:12:35 - [MESSAGE][PASSED] - Text of object 'Object Repository/Выполнение бизнес-плана/Выполнение бизнес-плана Балансы/Фильтр Дата' is: '1, 2, 3 кв., Октябрь, Ноябрь 2024 года'

13-01-2025T07:12:35 - [TEST_STEP][PASSED] - m = m.substring(0, m.indexOf("2024")): null

13-01-2025T07:12:35 - [TEST_STEP][PASSED] - m = m.trim(): null

13-01-2025T07:12:35 - [TEST_STEP][PASSED] - dashboardName = "Выполнение бизнес-плана": null

13-01-2025T07:12:35 - [TEST_STEP][PASSED] - workbook01 = getWorkbook(excelFilePath): null

13-01-2025T07:12:35 - [TEST_STEP][PASSED] - sheet01 = getExcelSheet(workbook01, sheetName): null

13-01-2025T07:12:35 - [TEST_STEP][PASSED] - setValueToCellByIndex(sheet01, n, 0, dashboardName): null

13-01-2025T07:12:35 - [TEST_STEP][PASSED] - setValueToCellByIndex(sheet01, n, 1, dZO): null

13-01-2025T07:12:35 - [TEST_STEP][PASSED] - setValueToCellByIndex(sheet01, n, 2, typeOfData): null

13-01-2025T07:12:35 - [TEST_STEP][PASSED] - setValueToCellByIndex(sheet01, n, 3, typeOfData): null

13-01-2025T07:12:35 - [TEST_STEP][PASSED] - if (typeOfData == "План"): null

13-01-2025T07:12:35 - [TEST_STEP][PASSED] - if (PercPlanR == null): null

13-01-2025T07:12:35 - [TEST_STEP][PASSED] - else: null

13-01-2025T07:12:35 - [TEST_STEP][PASSED] - if (PercPlanR == "нет данных"): null

13-01-2025T07:12:35 - [TEST_STEP][PASSED] - setValueToCellByIndex(sheet01, n, 4, "нет данных"): null

13-01-2025T07:12:35 - [TEST_STEP][PASSED] - if (PercPlanB == null): null

13-01-2025T07:12:35 - [TEST_STEP][PASSED] - else: null

13-01-2025T07:12:35 - [TEST_STEP][PASSED] - if (PercPlanB == "нет данных"): null

13-01-2025T07:12:35 - [TEST_STEP][PASSED] - else: null

13-01-2025T07:12:35 - [TEST_STEP][PASSED] - PB = PercPlanB.toDouble(): null

13-01-2025T07:12:35 - [TEST_STEP][PASSED] - setValueToCellByIndex(sheet01, n, 5, PB): null

13-01-2025T07:12:35 - [TEST_STEP][PASSED] - setValueToCellByIndex(sheet01, n, 6, m): null

13-01-2025T07:12:35 - [TEST_STEP][PASSED] - setValueToCellByIndex(sheet01, n, 7, y): null

13-01-2025T07:12:35 - [TEST_STEP][PASSED] - setValueToCellByIndex(sheet01, n, 8, todaysDate): null

13-01-2025T07:12:35 - [TEST_STEP][PASSED] - n = n + 1: null

13-01-2025T07:12:35 - [TEST_STEP][PASSED] - saveWorkbook(excelFilePath, workbook01): null

13-01-2025T07:12:36 - [TEST_STEP][PASSED] - typeOfData = "Факт": null

13-01-2025T07:12:36 - [TEST_STEP][PASSED] - PercFactR = GetPercFactR(x = a): null

13-01-2025T07:12:36 - [TEST_STEP][PASSED] - i1 = <not implemented yet for class: org.codehaus.groovy.ast.expr.EmptyExpression>: null

13-01-2025T07:12:36 - [TEST_STEP][PASSED] - ii = <not implemented yet for class: org.codehaus.groovy.ast.expr.EmptyExpression>: null

13-01-2025T07:12:36 - [TEST_STEP][PASSED] - for ([ii = 1, ii < 3, (ii++)]): null

13-01-2025T07:12:36 - [TEST_STEP][PASSED] - i1 = x.indexOf("/") + 1: null

13-01-2025T07:12:36 - [TEST_STEP][PASSED] - if (i1 > -1): null

13-01-2025T07:12:36 - [TEST_STEP][PASSED] - x = x.substring(i1, x.length()): null

13-01-2025T07:12:36 - [TEST_STEP][PASSED] - println(x): null

13-01-2025T07:12:36 - [TEST_STEP][PASSED] - i1 = x.indexOf("/") + 1: null

13-01-2025T07:12:36 - [TEST_STEP][PASSED] - if (i1 > -1): null

13-01-2025T07:12:36 - [TEST_STEP][PASSED] - x = x.substring(i1, x.length()): null

13-01-2025T07:12:36 - [TEST_STEP][PASSED] - println(x): null

13-01-2025T07:12:36 - [TEST_STEP][PASSED] - i1 = x.indexOf("/"): null

13-01-2025T07:12:36 - [TEST_STEP][PASSED] - if (i1 > -1): null

13-01-2025T07:12:36 - [TEST_STEP][PASSED] - x = x.substring(0, i1): null

13-01-2025T07:12:36 - [TEST_STEP][PASSED] - println(x): null

13-01-2025T07:12:36 - [TEST_STEP][PASSED] - return x: null

13-01-2025T07:12:36 - [TEST_STEP][PASSED] - PercFactB = GetPercFactB(x = b): null

13-01-2025T07:12:36 - [TEST_STEP][PASSED] - i1 = <not implemented yet for class: org.codehaus.groovy.ast.expr.EmptyExpression>: null

13-01-2025T07:12:36 - [TEST_STEP][PASSED] - ii = <not implemented yet for class: org.codehaus.groovy.ast.expr.EmptyExpression>: null

13-01-2025T07:12:36 - [TEST_STEP][PASSED] - for ([ii = 1, ii < 3, (ii++)]): null

13-01-2025T07:12:36 - [TEST_STEP][PASSED] - i1 = x.indexOf("/") + 1: null

13-01-2025T07:12:36 - [TEST_STEP][PASSED] - if (i1 > -1): null

13-01-2025T07:12:36 - [TEST_STEP][PASSED] - x = x.substring(i1, x.length()): null

13-01-2025T07:12:36 - [TEST_STEP][PASSED] - println(x): null

13-01-2025T07:12:36 - [TEST_STEP][PASSED] - i1 = x.indexOf("/") + 1: null

13-01-2025T07:12:36 - [TEST_STEP][PASSED] - if (i1 > -1): null

13-01-2025T07:12:36 - [TEST_STEP][PASSED] - x = x.substring(i1, x.length()): null

13-01-2025T07:12:36 - [TEST_STEP][PASSED] - println(x): null

13-01-2025T07:12:36 - [TEST_STEP][PASSED] - i1 = x.indexOf("/"): null

13-01-2025T07:12:36 - [TEST_STEP][PASSED] - if (i1 > -1): null

13-01-2025T07:12:36 - [TEST_STEP][PASSED] - x = x.substring(0, i1): null

13-01-2025T07:12:36 - [TEST_STEP][PASSED] - println(x): null

13-01-2025T07:12:36 - [TEST_STEP][FAILED] - return x: null

13-01-2025T07:12:36 - [TEST_STEP][FAILED] - if (verifyEqual(PercFactR, PercFactB) == false): null

13-01-2025T07:12:36 - [MESSAGE][FAILED] - Unable to verify equal between actual object 'нет данных' and expected object '5.39' (Root cause: com.kms.katalon.core.exception.StepFailedException: Actual object 'нет данных' and expected object '5.39' are not equal
	at com.kms.katalon.core.keyword.builtin.VerifyEqualKeyword$_verifyEqual_closure1.doCall(VerifyEqualKeyword.groovy:58)
	at com.kms.katalon.core.keyword.builtin.VerifyEqualKeyword$_verifyEqual_closure1.call(VerifyEqualKeyword.groovy)
	at com.kms.katalon.core.keyword.internal.KeywordMain.runKeyword(KeywordMain.groovy:75)
	at com.kms.katalon.core.keyword.builtin.VerifyEqualKeyword.verifyEqual(VerifyEqualKeyword.groovy:63)
	at com.kms.katalon.core.keyword.builtin.VerifyEqualKeyword.execute(VerifyEqualKeyword.groovy:44)
	at com.kms.katalon.core.keyword.internal.KeywordExecutor.executeKeywordForPlatform(KeywordExecutor.groovy:74)
	at com.kms.katalon.core.keyword.BuiltinKeywords.verifyEqual(BuiltinKeywords.groovy:146)
	at jdk.internal.reflect.GeneratedMethodAccessor25.invoke(Unknown Source)
	at java.base/jdk.internal.reflect.DelegatingMethodAccessorImpl.invoke(DelegatingMethodAccessorImpl.java:43)
	at Выполнение бизнес-плана сверка дашбордов - Copy.CompareDZOData(Выполнение бизнес-плана сверка дашбордов - Copy:693)
	at Выполнение бизнес-плана сверка дашбордов - Copy.run(Выполнение бизнес-плана сверка дашбордов - Copy:623)
	at com.kms.katalon.core.main.ScriptEngine.run(ScriptEngine.java:194)
	at com.kms.katalon.core.main.ScriptEngine.runScriptAsRawText(ScriptEngine.java:119)
	at com.kms.katalon.core.main.TestCaseExecutor.runScript(TestCaseExecutor.java:448)
	at com.kms.katalon.core.main.TestCaseExecutor.doExecute(TestCaseExecutor.java:439)
	at com.kms.katalon.core.main.TestCaseExecutor.processExecutionPhase(TestCaseExecutor.java:418)
	at com.kms.katalon.core.main.TestCaseExecutor.accessMainPhase(TestCaseExecutor.java:410)
	at com.kms.katalon.core.main.TestCaseExecutor.execute(TestCaseExecutor.java:285)
	at com.kms.katalon.core.common.CommonExecutor.accessTestCaseMainPhase(CommonExecutor.java:65)
	at com.kms.katalon.core.main.TestSuiteExecutor.accessTestSuiteMainPhase(TestSuiteExecutor.java:150)
	at com.kms.katalon.core.main.TestSuiteExecutor.execute(TestSuiteExecutor.java:106)
	at com.kms.katalon.core.main.TestCaseMain.startTestSuite(TestCaseMain.java:180)
	at TempTestSuite1736740835951.run(TempTestSuite1736740835951.groovy:35)
	at java.base/jdk.internal.reflect.NativeMethodAccessorImpl.invoke0(Native Method)
	at java.base/jdk.internal.reflect.NativeMethodAccessorImpl.invoke(NativeMethodAccessorImpl.java:77)
	at java.base/jdk.internal.reflect.DelegatingMethodAccessorImpl.invoke(DelegatingMethodAccessorImpl.java:43)
)

13-01-2025T07:12:36 - [TEST_STEP][PASSED] - result = WriteToExcel(typeOfData, todaysDate, PercPlanR, PercPlanB, PercFactR, PercFactB, x, tabR, tabB, o1R, o1B, vidget): null

13-01-2025T07:12:36 - [TEST_STEP][PASSED] - iii = dZO.indexOf("/"): null

13-01-2025T07:12:36 - [TEST_STEP][PASSED] - println(iii): null

13-01-2025T07:12:36 - [TEST_STEP][PASSED] - dZO = dZO.substring(0, iii): null

13-01-2025T07:12:36 - [TEST_STEP][PASSED] - println(dZO): null

13-01-2025T07:12:36 - [TEST_STEP][PASSED] - println(PercPlanR): null

13-01-2025T07:12:36 - [TEST_STEP][PASSED] - println(PercPlanB): null

13-01-2025T07:12:36 - [TEST_STEP][PASSED] - println(PercFactR): null

13-01-2025T07:12:36 - [TEST_STEP][PASSED] - println(PercFactB): null

13-01-2025T07:12:36 - [TEST_STEP][PASSED] - println(tabR): null

13-01-2025T07:12:36 - [TEST_STEP][PASSED] - println(tabB): null

13-01-2025T07:12:36 - [TEST_STEP][PASSED] - println(o1R): null

13-01-2025T07:12:36 - [TEST_STEP][PASSED] - println(o1B): null

13-01-2025T07:12:36 - [TEST_STEP][PASSED] - PR = <not implemented yet for class: org.codehaus.groovy.ast.expr.EmptyExpression>: null

13-01-2025T07:12:36 - [TEST_STEP][PASSED] - FR = <not implemented yet for class: org.codehaus.groovy.ast.expr.EmptyExpression>: null

13-01-2025T07:12:36 - [TEST_STEP][PASSED] - PB = <not implemented yet for class: org.codehaus.groovy.ast.expr.EmptyExpression>: null

13-01-2025T07:12:36 - [TEST_STEP][PASSED] - FB = <not implemented yet for class: org.codehaus.groovy.ast.expr.EmptyExpression>: null

13-01-2025T07:12:36 - [TEST_STEP][PASSED] - TR = <not implemented yet for class: org.codehaus.groovy.ast.expr.EmptyExpression>: null

13-01-2025T07:12:36 - [TEST_STEP][PASSED] - TB = <not implemented yet for class: org.codehaus.groovy.ast.expr.EmptyExpression>: null

13-01-2025T07:12:36 - [TEST_STEP][PASSED] - sheetName = "Sheet1": null

13-01-2025T07:12:36 - [TEST_STEP][PASSED] - data = findTestData("PlanFact"): null

13-01-2025T07:12:36 - [TEST_STEP][PASSED] - n = data.getRowNumbers() + 1: null

13-01-2025T07:12:36 - [TEST_STEP][PASSED] - year = todaysDate.substring(todaysDate.length() - 4, todaysDate.length()): null

13-01-2025T07:12:36 - [TEST_STEP][PASSED] - y = year.toInteger(): null

13-01-2025T07:12:36 - [TEST_STEP][PASSED] - m = getText(findTestObject("Выполнение бизнес-плана/Выполнение бизнес-плана Балансы/Фильтр Дата")): Text of object 'Object Repository/Выполнение бизнес-плана/Выполнение бизнес-плана Балансы/Фильтр Дата' is: '1, 2, 3 кв., Октябрь, Ноябрь 2024 года'

13-01-2025T07:12:36 - [MESSAGE][PASSED] - Text of object 'Object Repository/Выполнение бизнес-плана/Выполнение бизнес-плана Балансы/Фильтр Дата' is: '1, 2, 3 кв., Октябрь, Ноябрь 2024 года'

13-01-2025T07:12:36 - [TEST_STEP][PASSED] - m = m.substring(0, m.indexOf("2024")): null

13-01-2025T07:12:36 - [TEST_STEP][PASSED] - m = m.trim(): null

13-01-2025T07:12:36 - [TEST_STEP][PASSED] - dashboardName = "Выполнение бизнес-плана": null

13-01-2025T07:12:36 - [TEST_STEP][PASSED] - workbook01 = getWorkbook(excelFilePath): null

13-01-2025T07:12:36 - [TEST_STEP][PASSED] - sheet01 = getExcelSheet(workbook01, sheetName): null

13-01-2025T07:12:36 - [TEST_STEP][PASSED] - setValueToCellByIndex(sheet01, n, 0, dashboardName): null

13-01-2025T07:12:36 - [TEST_STEP][PASSED] - setValueToCellByIndex(sheet01, n, 1, dZO): null

13-01-2025T07:12:36 - [TEST_STEP][PASSED] - setValueToCellByIndex(sheet01, n, 2, typeOfData): null

13-01-2025T07:12:36 - [TEST_STEP][PASSED] - setValueToCellByIndex(sheet01, n, 3, typeOfData): null

13-01-2025T07:12:36 - [TEST_STEP][PASSED] - if (typeOfData == "План"): null

13-01-2025T07:12:36 - [TEST_STEP][PASSED] - else if (typeOfData == "Факт"): null

13-01-2025T07:12:36 - [TEST_STEP][PASSED] - if (PercFactR == null): null

13-01-2025T07:12:36 - [TEST_STEP][PASSED] - else: null

13-01-2025T07:12:36 - [TEST_STEP][PASSED] - if (PercFactR == "нет данных"): null

13-01-2025T07:12:36 - [TEST_STEP][PASSED] - setValueToCellByIndex(sheet01, n, 4, "нет данных"): null

13-01-2025T07:12:36 - [TEST_STEP][PASSED] - if (PercFactB == null): null

13-01-2025T07:12:36 - [TEST_STEP][PASSED] - else: null

13-01-2025T07:12:36 - [TEST_STEP][PASSED] - if (PercFactB == "нет данных"): null

13-01-2025T07:12:36 - [TEST_STEP][PASSED] - else: null

13-01-2025T07:12:36 - [TEST_STEP][PASSED] - FB = PercFactB.toDouble(): null

13-01-2025T07:12:36 - [TEST_STEP][PASSED] - setValueToCellByIndex(sheet01, n, 5, FB): null

13-01-2025T07:12:36 - [TEST_STEP][PASSED] - setValueToCellByIndex(sheet01, n, 6, m): null

13-01-2025T07:12:36 - [TEST_STEP][PASSED] - setValueToCellByIndex(sheet01, n, 7, y): null

13-01-2025T07:12:36 - [TEST_STEP][PASSED] - setValueToCellByIndex(sheet01, n, 8, todaysDate): null

13-01-2025T07:12:36 - [TEST_STEP][PASSED] - n = n + 1: null

13-01-2025T07:12:36 - [TEST_STEP][PASSED] - saveWorkbook(excelFilePath, workbook01): null

13-01-2025T07:12:36 - [TEST_STEP][PASSED] - vidget = "Показатели баланса электроэнергии по ДЗО – Факт": null

13-01-2025T07:12:36 - [TEST_STEP][PASSED] - typeOfData = "Факт Отпуск в сеть": null

13-01-2025T07:12:36 - [TEST_STEP][PASSED] - tabR = GetOvSFactR(x = a): null

13-01-2025T07:12:36 - [TEST_STEP][PASSED] - i1 = <not implemented yet for class: org.codehaus.groovy.ast.expr.EmptyExpression>: null

13-01-2025T07:12:36 - [TEST_STEP][PASSED] - ii = <not implemented yet for class: org.codehaus.groovy.ast.expr.EmptyExpression>: null

13-01-2025T07:12:36 - [TEST_STEP][PASSED] - for ([ii = 1, ii < 4, (ii++)]): null

13-01-2025T07:12:36 - [TEST_STEP][PASSED] - i1 = x.indexOf("/") + 1: null

13-01-2025T07:12:36 - [TEST_STEP][PASSED] - if (i1 > -1): null

13-01-2025T07:12:36 - [TEST_STEP][PASSED] - x = x.substring(i1, x.length()): null

13-01-2025T07:12:36 - [TEST_STEP][PASSED] - println(x): null

13-01-2025T07:12:36 - [TEST_STEP][PASSED] - i1 = x.indexOf("/") + 1: null

13-01-2025T07:12:36 - [TEST_STEP][PASSED] - if (i1 > -1): null

13-01-2025T07:12:36 - [TEST_STEP][PASSED] - x = x.substring(i1, x.length()): null

13-01-2025T07:12:36 - [TEST_STEP][PASSED] - println(x): null

13-01-2025T07:12:36 - [TEST_STEP][PASSED] - i1 = x.indexOf("/") + 1: null

13-01-2025T07:12:36 - [TEST_STEP][PASSED] - if (i1 > -1): null

13-01-2025T07:12:36 - [TEST_STEP][PASSED] - x = x.substring(i1, x.length()): null

13-01-2025T07:12:36 - [TEST_STEP][PASSED] - println(x): null

13-01-2025T07:12:36 - [TEST_STEP][PASSED] - i1 = x.indexOf("/"): null

13-01-2025T07:12:36 - [TEST_STEP][PASSED] - if (i1 > -1): null

13-01-2025T07:12:36 - [TEST_STEP][PASSED] - x = x.substring(0, i1): null

13-01-2025T07:12:36 - [TEST_STEP][PASSED] - println(x): null

13-01-2025T07:12:36 - [TEST_STEP][PASSED] - return x: null

13-01-2025T07:12:36 - [TEST_STEP][PASSED] - tabB = GetOvSFactB(x = b): null

13-01-2025T07:12:36 - [TEST_STEP][PASSED] - i1 = <not implemented yet for class: org.codehaus.groovy.ast.expr.EmptyExpression>: null

13-01-2025T07:12:36 - [TEST_STEP][PASSED] - ii = <not implemented yet for class: org.codehaus.groovy.ast.expr.EmptyExpression>: null

13-01-2025T07:12:36 - [TEST_STEP][PASSED] - for ([ii = 1, ii < 4, (ii++)]): null

13-01-2025T07:12:36 - [TEST_STEP][PASSED] - i1 = x.indexOf("/") + 1: null

13-01-2025T07:12:36 - [TEST_STEP][PASSED] - if (i1 > -1): null

13-01-2025T07:12:36 - [TEST_STEP][PASSED] - x = x.substring(i1, x.length()): null

13-01-2025T07:12:36 - [TEST_STEP][PASSED] - println(x): null

13-01-2025T07:12:36 - [TEST_STEP][PASSED] - i1 = x.indexOf("/") + 1: null

13-01-2025T07:12:36 - [TEST_STEP][PASSED] - if (i1 > -1): null

13-01-2025T07:12:36 - [TEST_STEP][PASSED] - x = x.substring(i1, x.length()): null

13-01-2025T07:12:36 - [TEST_STEP][PASSED] - println(x): null

13-01-2025T07:12:36 - [TEST_STEP][PASSED] - i1 = x.indexOf("/") + 1: null

13-01-2025T07:12:36 - [TEST_STEP][PASSED] - if (i1 > -1): null

13-01-2025T07:12:36 - [TEST_STEP][PASSED] - x = x.substring(i1, x.length()): null

13-01-2025T07:12:36 - [TEST_STEP][PASSED] - println(x): null

13-01-2025T07:12:36 - [TEST_STEP][PASSED] - i1 = x.indexOf("/"): null

13-01-2025T07:12:36 - [TEST_STEP][PASSED] - if (i1 > -1): null

13-01-2025T07:12:36 - [TEST_STEP][PASSED] - x = x.substring(0, i1): null

13-01-2025T07:12:36 - [TEST_STEP][PASSED] - println(x): null

13-01-2025T07:12:36 - [TEST_STEP][FAILED] - return x: null

13-01-2025T07:12:36 - [TEST_STEP][FAILED] - if (verifyEqual(tabR, tabB) == false): null

13-01-2025T07:12:36 - [MESSAGE][FAILED] - Unable to verify equal between actual object 'нет данных' and expected object '30027512' (Root cause: com.kms.katalon.core.exception.StepFailedException: Actual object 'нет данных' and expected object '30027512' are not equal
	at com.kms.katalon.core.keyword.builtin.VerifyEqualKeyword$_verifyEqual_closure1.doCall(VerifyEqualKeyword.groovy:58)
	at com.kms.katalon.core.keyword.builtin.VerifyEqualKeyword$_verifyEqual_closure1.call(VerifyEqualKeyword.groovy)
	at com.kms.katalon.core.keyword.internal.KeywordMain.runKeyword(KeywordMain.groovy:75)
	at com.kms.katalon.core.keyword.builtin.VerifyEqualKeyword.verifyEqual(VerifyEqualKeyword.groovy:63)
	at com.kms.katalon.core.keyword.builtin.VerifyEqualKeyword.execute(VerifyEqualKeyword.groovy:44)
	at com.kms.katalon.core.keyword.internal.KeywordExecutor.executeKeywordForPlatform(KeywordExecutor.groovy:74)
	at com.kms.katalon.core.keyword.BuiltinKeywords.verifyEqual(BuiltinKeywords.groovy:146)
	at jdk.internal.reflect.GeneratedMethodAccessor25.invoke(Unknown Source)
	at java.base/jdk.internal.reflect.DelegatingMethodAccessorImpl.invoke(DelegatingMethodAccessorImpl.java:43)
	at Выполнение бизнес-плана сверка дашбордов - Copy.CompareDZOData(Выполнение бизнес-плана сверка дашбордов - Copy:706)
	at Выполнение бизнес-плана сверка дашбордов - Copy.run(Выполнение бизнес-плана сверка дашбордов - Copy:623)
	at com.kms.katalon.core.main.ScriptEngine.run(ScriptEngine.java:194)
	at com.kms.katalon.core.main.ScriptEngine.runScriptAsRawText(ScriptEngine.java:119)
	at com.kms.katalon.core.main.TestCaseExecutor.runScript(TestCaseExecutor.java:448)
	at com.kms.katalon.core.main.TestCaseExecutor.doExecute(TestCaseExecutor.java:439)
	at com.kms.katalon.core.main.TestCaseExecutor.processExecutionPhase(TestCaseExecutor.java:418)
	at com.kms.katalon.core.main.TestCaseExecutor.accessMainPhase(TestCaseExecutor.java:410)
	at com.kms.katalon.core.main.TestCaseExecutor.execute(TestCaseExecutor.java:285)
	at com.kms.katalon.core.common.CommonExecutor.accessTestCaseMainPhase(CommonExecutor.java:65)
	at com.kms.katalon.core.main.TestSuiteExecutor.accessTestSuiteMainPhase(TestSuiteExecutor.java:150)
	at com.kms.katalon.core.main.TestSuiteExecutor.execute(TestSuiteExecutor.java:106)
	at com.kms.katalon.core.main.TestCaseMain.startTestSuite(TestCaseMain.java:180)
	at TempTestSuite1736740835951.run(TempTestSuite1736740835951.groovy:35)
	at java.base/jdk.internal.reflect.NativeMethodAccessorImpl.invoke0(Native Method)
	at java.base/jdk.internal.reflect.NativeMethodAccessorImpl.invoke(NativeMethodAccessorImpl.java:77)
	at java.base/jdk.internal.reflect.DelegatingMethodAccessorImpl.invoke(DelegatingMethodAccessorImpl.java:43)
)

13-01-2025T07:12:36 - [TEST_STEP][PASSED] - result = WriteToExcel(typeOfData, todaysDate, PercPlanR, PercPlanB, PercFactR, PercFactB, x, tabR, tabB, o1R, o1B, vidget): null

13-01-2025T07:12:36 - [TEST_STEP][PASSED] - iii = dZO.indexOf("/"): null

13-01-2025T07:12:36 - [TEST_STEP][PASSED] - println(iii): null

13-01-2025T07:12:36 - [TEST_STEP][PASSED] - dZO = dZO.substring(0, iii): null

13-01-2025T07:12:36 - [TEST_STEP][PASSED] - println(dZO): null

13-01-2025T07:12:36 - [TEST_STEP][PASSED] - println(PercPlanR): null

13-01-2025T07:12:36 - [TEST_STEP][PASSED] - println(PercPlanB): null

13-01-2025T07:12:36 - [TEST_STEP][PASSED] - println(PercFactR): null

13-01-2025T07:12:36 - [TEST_STEP][PASSED] - println(PercFactB): null

13-01-2025T07:12:36 - [TEST_STEP][PASSED] - println(tabR): null

13-01-2025T07:12:36 - [TEST_STEP][PASSED] - println(tabB): null

13-01-2025T07:12:36 - [TEST_STEP][PASSED] - println(o1R): null

13-01-2025T07:12:36 - [TEST_STEP][PASSED] - println(o1B): null

13-01-2025T07:12:36 - [TEST_STEP][PASSED] - PR = <not implemented yet for class: org.codehaus.groovy.ast.expr.EmptyExpression>: null

13-01-2025T07:12:36 - [TEST_STEP][PASSED] - FR = <not implemented yet for class: org.codehaus.groovy.ast.expr.EmptyExpression>: null

13-01-2025T07:12:36 - [TEST_STEP][PASSED] - PB = <not implemented yet for class: org.codehaus.groovy.ast.expr.EmptyExpression>: null

13-01-2025T07:12:36 - [TEST_STEP][PASSED] - FB = <not implemented yet for class: org.codehaus.groovy.ast.expr.EmptyExpression>: null

13-01-2025T07:12:36 - [TEST_STEP][PASSED] - TR = <not implemented yet for class: org.codehaus.groovy.ast.expr.EmptyExpression>: null

13-01-2025T07:12:36 - [TEST_STEP][PASSED] - TB = <not implemented yet for class: org.codehaus.groovy.ast.expr.EmptyExpression>: null

13-01-2025T07:12:36 - [TEST_STEP][PASSED] - sheetName = "Sheet1": null

13-01-2025T07:12:36 - [TEST_STEP][PASSED] - data = findTestData("PlanFact"): null

13-01-2025T07:12:36 - [TEST_STEP][PASSED] - n = data.getRowNumbers() + 1: null

13-01-2025T07:12:36 - [TEST_STEP][PASSED] - year = todaysDate.substring(todaysDate.length() - 4, todaysDate.length()): null

13-01-2025T07:12:36 - [TEST_STEP][PASSED] - y = year.toInteger(): null

13-01-2025T07:12:36 - [TEST_STEP][PASSED] - m = getText(findTestObject("Выполнение бизнес-плана/Выполнение бизнес-плана Балансы/Фильтр Дата")): Text of object 'Object Repository/Выполнение бизнес-плана/Выполнение бизнес-плана Балансы/Фильтр Дата' is: '1, 2, 3 кв., Октябрь, Ноябрь 2024 года'

13-01-2025T07:12:37 - [MESSAGE][PASSED] - Text of object 'Object Repository/Выполнение бизнес-плана/Выполнение бизнес-плана Балансы/Фильтр Дата' is: '1, 2, 3 кв., Октябрь, Ноябрь 2024 года'

13-01-2025T07:12:37 - [TEST_STEP][PASSED] - m = m.substring(0, m.indexOf("2024")): null

13-01-2025T07:12:37 - [TEST_STEP][PASSED] - m = m.trim(): null

13-01-2025T07:12:37 - [TEST_STEP][PASSED] - dashboardName = "Выполнение бизнес-плана": null

13-01-2025T07:12:37 - [TEST_STEP][PASSED] - workbook01 = getWorkbook(excelFilePath): null

13-01-2025T07:12:37 - [TEST_STEP][PASSED] - sheet01 = getExcelSheet(workbook01, sheetName): null

13-01-2025T07:12:37 - [TEST_STEP][PASSED] - setValueToCellByIndex(sheet01, n, 0, dashboardName): null

13-01-2025T07:12:37 - [TEST_STEP][PASSED] - setValueToCellByIndex(sheet01, n, 1, dZO): null

13-01-2025T07:12:37 - [TEST_STEP][PASSED] - setValueToCellByIndex(sheet01, n, 2, typeOfData): null

13-01-2025T07:12:37 - [TEST_STEP][PASSED] - setValueToCellByIndex(sheet01, n, 3, typeOfData): null

13-01-2025T07:12:37 - [TEST_STEP][PASSED] - if (typeOfData == "План"): null

13-01-2025T07:12:37 - [TEST_STEP][PASSED] - else if (typeOfData == "Факт"): null

13-01-2025T07:12:37 - [TEST_STEP][PASSED] - else if (vidget.contains("электроэнергии") == true): null

13-01-2025T07:12:37 - [TEST_STEP][PASSED] - if (tabR == null): null

13-01-2025T07:12:37 - [TEST_STEP][PASSED] - else: null

13-01-2025T07:12:37 - [TEST_STEP][PASSED] - if (tabR == "нет данных"): null

13-01-2025T07:12:37 - [TEST_STEP][PASSED] - setValueToCellByIndex(sheet01, n, 4, "нет данных"): null

13-01-2025T07:12:37 - [TEST_STEP][PASSED] - if (tabB == null): null

13-01-2025T07:12:37 - [TEST_STEP][PASSED] - else: null

13-01-2025T07:12:37 - [TEST_STEP][PASSED] - if (tabB == "нет данных"): null

13-01-2025T07:12:37 - [TEST_STEP][PASSED] - else: null

13-01-2025T07:12:37 - [TEST_STEP][PASSED] - TB = tabB.toInteger(): null

13-01-2025T07:12:37 - [TEST_STEP][PASSED] - setValueToCellByIndex(sheet01, n, 5, TB): null

13-01-2025T07:12:37 - [TEST_STEP][PASSED] - setValueToCellByIndex(sheet01, n, 6, m): null

13-01-2025T07:12:37 - [TEST_STEP][PASSED] - setValueToCellByIndex(sheet01, n, 7, y): null

13-01-2025T07:12:37 - [TEST_STEP][PASSED] - setValueToCellByIndex(sheet01, n, 8, todaysDate): null

13-01-2025T07:12:37 - [TEST_STEP][PASSED] - n = n + 1: null

13-01-2025T07:12:37 - [TEST_STEP][PASSED] - saveWorkbook(excelFilePath, workbook01): null

13-01-2025T07:12:37 - [TEST_STEP][PASSED] - typeOfData = "Факт Отпуск из сети": null

13-01-2025T07:12:37 - [TEST_STEP][PASSED] - tabR = GetOiSFactR(x = a): null

13-01-2025T07:12:37 - [TEST_STEP][PASSED] - i1 = <not implemented yet for class: org.codehaus.groovy.ast.expr.EmptyExpression>: null

13-01-2025T07:12:37 - [TEST_STEP][PASSED] - ii = <not implemented yet for class: org.codehaus.groovy.ast.expr.EmptyExpression>: null

13-01-2025T07:12:37 - [TEST_STEP][PASSED] - for ([ii = 1, ii < 5, (ii++)]): null

13-01-2025T07:12:37 - [TEST_STEP][PASSED] - i1 = x.indexOf("/") + 1: null

13-01-2025T07:12:37 - [TEST_STEP][PASSED] - if (i1 > -1): null

13-01-2025T07:12:37 - [TEST_STEP][PASSED] - x = x.substring(i1, x.length()): null

13-01-2025T07:12:37 - [TEST_STEP][PASSED] - println(x): null

13-01-2025T07:12:37 - [TEST_STEP][PASSED] - i1 = x.indexOf("/") + 1: null

13-01-2025T07:12:37 - [TEST_STEP][PASSED] - if (i1 > -1): null

13-01-2025T07:12:37 - [TEST_STEP][PASSED] - x = x.substring(i1, x.length()): null

13-01-2025T07:12:37 - [TEST_STEP][PASSED] - println(x): null

13-01-2025T07:12:37 - [TEST_STEP][PASSED] - i1 = x.indexOf("/") + 1: null

13-01-2025T07:12:37 - [TEST_STEP][PASSED] - if (i1 > -1): null

13-01-2025T07:12:37 - [TEST_STEP][PASSED] - x = x.substring(i1, x.length()): null

13-01-2025T07:12:37 - [TEST_STEP][PASSED] - println(x): null

13-01-2025T07:12:37 - [TEST_STEP][PASSED] - i1 = x.indexOf("/") + 1: null

13-01-2025T07:12:37 - [TEST_STEP][PASSED] - if (i1 > -1): null

13-01-2025T07:12:37 - [TEST_STEP][PASSED] - x = x.substring(i1, x.length()): null

13-01-2025T07:12:37 - [TEST_STEP][PASSED] - println(x): null

13-01-2025T07:12:37 - [TEST_STEP][PASSED] - i1 = x.indexOf("/"): null

13-01-2025T07:12:37 - [TEST_STEP][PASSED] - if (i1 > -1): null

13-01-2025T07:12:37 - [TEST_STEP][PASSED] - x = x.substring(0, i1): null

13-01-2025T07:12:37 - [TEST_STEP][PASSED] - println(x): null

13-01-2025T07:12:37 - [TEST_STEP][PASSED] - return x: null

13-01-2025T07:12:37 - [TEST_STEP][PASSED] - tabB = GetOiSFactB(x = b): null

13-01-2025T07:12:37 - [TEST_STEP][PASSED] - i1 = <not implemented yet for class: org.codehaus.groovy.ast.expr.EmptyExpression>: null

13-01-2025T07:12:37 - [TEST_STEP][PASSED] - ii = <not implemented yet for class: org.codehaus.groovy.ast.expr.EmptyExpression>: null

13-01-2025T07:12:37 - [TEST_STEP][PASSED] - for ([ii = 1, ii < 5, (ii++)]): null

13-01-2025T07:12:37 - [TEST_STEP][PASSED] - i1 = x.indexOf("/") + 1: null

13-01-2025T07:12:37 - [TEST_STEP][PASSED] - if (i1 > -1): null

13-01-2025T07:12:37 - [TEST_STEP][PASSED] - x = x.substring(i1, x.length()): null

13-01-2025T07:12:37 - [TEST_STEP][PASSED] - println(x): null

13-01-2025T07:12:37 - [TEST_STEP][PASSED] - i1 = x.indexOf("/") + 1: null

13-01-2025T07:12:37 - [TEST_STEP][PASSED] - if (i1 > -1): null

13-01-2025T07:12:37 - [TEST_STEP][PASSED] - x = x.substring(i1, x.length()): null

13-01-2025T07:12:37 - [TEST_STEP][PASSED] - println(x): null

13-01-2025T07:12:37 - [TEST_STEP][PASSED] - i1 = x.indexOf("/") + 1: null

13-01-2025T07:12:37 - [TEST_STEP][PASSED] - if (i1 > -1): null

13-01-2025T07:12:37 - [TEST_STEP][PASSED] - x = x.substring(i1, x.length()): null

13-01-2025T07:12:37 - [TEST_STEP][PASSED] - println(x): null

13-01-2025T07:12:37 - [TEST_STEP][PASSED] - i1 = x.indexOf("/") + 1: null

13-01-2025T07:12:37 - [TEST_STEP][PASSED] - if (i1 > -1): null

13-01-2025T07:12:37 - [TEST_STEP][PASSED] - x = x.substring(i1, x.length()): null

13-01-2025T07:12:37 - [TEST_STEP][PASSED] - println(x): null

13-01-2025T07:12:37 - [TEST_STEP][PASSED] - i1 = x.indexOf("/"): null

13-01-2025T07:12:37 - [TEST_STEP][PASSED] - if (i1 > -1): null

13-01-2025T07:12:37 - [TEST_STEP][PASSED] - x = x.substring(0, i1): null

13-01-2025T07:12:37 - [TEST_STEP][PASSED] - println(x): null

13-01-2025T07:12:37 - [TEST_STEP][FAILED] - return x: null

13-01-2025T07:12:37 - [TEST_STEP][FAILED] - if (verifyEqual(tabR, tabB) == false): null

13-01-2025T07:12:37 - [MESSAGE][FAILED] - Unable to verify equal between actual object 'нет данных' and expected object '28409686' (Root cause: com.kms.katalon.core.exception.StepFailedException: Actual object 'нет данных' and expected object '28409686' are not equal
	at com.kms.katalon.core.keyword.builtin.VerifyEqualKeyword$_verifyEqual_closure1.doCall(VerifyEqualKeyword.groovy:58)
	at com.kms.katalon.core.keyword.builtin.VerifyEqualKeyword$_verifyEqual_closure1.call(VerifyEqualKeyword.groovy)
	at com.kms.katalon.core.keyword.internal.KeywordMain.runKeyword(KeywordMain.groovy:75)
	at com.kms.katalon.core.keyword.builtin.VerifyEqualKeyword.verifyEqual(VerifyEqualKeyword.groovy:63)
	at com.kms.katalon.core.keyword.builtin.VerifyEqualKeyword.execute(VerifyEqualKeyword.groovy:44)
	at com.kms.katalon.core.keyword.internal.KeywordExecutor.executeKeywordForPlatform(KeywordExecutor.groovy:74)
	at com.kms.katalon.core.keyword.BuiltinKeywords.verifyEqual(BuiltinKeywords.groovy:146)
	at jdk.internal.reflect.GeneratedMethodAccessor25.invoke(Unknown Source)
	at java.base/jdk.internal.reflect.DelegatingMethodAccessorImpl.invoke(DelegatingMethodAccessorImpl.java:43)
	at Выполнение бизнес-плана сверка дашбордов - Copy.CompareDZOData(Выполнение бизнес-плана сверка дашбордов - Copy:717)
	at Выполнение бизнес-плана сверка дашбордов - Copy.run(Выполнение бизнес-плана сверка дашбордов - Copy:623)
	at com.kms.katalon.core.main.ScriptEngine.run(ScriptEngine.java:194)
	at com.kms.katalon.core.main.ScriptEngine.runScriptAsRawText(ScriptEngine.java:119)
	at com.kms.katalon.core.main.TestCaseExecutor.runScript(TestCaseExecutor.java:448)
	at com.kms.katalon.core.main.TestCaseExecutor.doExecute(TestCaseExecutor.java:439)
	at com.kms.katalon.core.main.TestCaseExecutor.processExecutionPhase(TestCaseExecutor.java:418)
	at com.kms.katalon.core.main.TestCaseExecutor.accessMainPhase(TestCaseExecutor.java:410)
	at com.kms.katalon.core.main.TestCaseExecutor.execute(TestCaseExecutor.java:285)
	at com.kms.katalon.core.common.CommonExecutor.accessTestCaseMainPhase(CommonExecutor.java:65)
	at com.kms.katalon.core.main.TestSuiteExecutor.accessTestSuiteMainPhase(TestSuiteExecutor.java:150)
	at com.kms.katalon.core.main.TestSuiteExecutor.execute(TestSuiteExecutor.java:106)
	at com.kms.katalon.core.main.TestCaseMain.startTestSuite(TestCaseMain.java:180)
	at TempTestSuite1736740835951.run(TempTestSuite1736740835951.groovy:35)
	at java.base/jdk.internal.reflect.NativeMethodAccessorImpl.invoke0(Native Method)
	at java.base/jdk.internal.reflect.NativeMethodAccessorImpl.invoke(NativeMethodAccessorImpl.java:77)
	at java.base/jdk.internal.reflect.DelegatingMethodAccessorImpl.invoke(DelegatingMethodAccessorImpl.java:43)
)

13-01-2025T07:12:37 - [TEST_STEP][PASSED] - result = WriteToExcel(typeOfData, todaysDate, PercPlanR, PercPlanB, PercFactR, PercFactB, x, tabR, tabB, o1R, o1B, vidget): null

13-01-2025T07:12:37 - [TEST_STEP][PASSED] - iii = dZO.indexOf("/"): null

13-01-2025T07:12:37 - [TEST_STEP][PASSED] - println(iii): null

13-01-2025T07:12:37 - [TEST_STEP][PASSED] - dZO = dZO.substring(0, iii): null

13-01-2025T07:12:37 - [TEST_STEP][PASSED] - println(dZO): null

13-01-2025T07:12:37 - [TEST_STEP][PASSED] - println(PercPlanR): null

13-01-2025T07:12:37 - [TEST_STEP][PASSED] - println(PercPlanB): null

13-01-2025T07:12:37 - [TEST_STEP][PASSED] - println(PercFactR): null

13-01-2025T07:12:37 - [TEST_STEP][PASSED] - println(PercFactB): null

13-01-2025T07:12:37 - [TEST_STEP][PASSED] - println(tabR): null

13-01-2025T07:12:37 - [TEST_STEP][PASSED] - println(tabB): null

13-01-2025T07:12:37 - [TEST_STEP][PASSED] - println(o1R): null

13-01-2025T07:12:37 - [TEST_STEP][PASSED] - println(o1B): null

13-01-2025T07:12:37 - [TEST_STEP][PASSED] - PR = <not implemented yet for class: org.codehaus.groovy.ast.expr.EmptyExpression>: null

13-01-2025T07:12:37 - [TEST_STEP][PASSED] - FR = <not implemented yet for class: org.codehaus.groovy.ast.expr.EmptyExpression>: null

13-01-2025T07:12:37 - [TEST_STEP][PASSED] - PB = <not implemented yet for class: org.codehaus.groovy.ast.expr.EmptyExpression>: null

13-01-2025T07:12:37 - [TEST_STEP][PASSED] - FB = <not implemented yet for class: org.codehaus.groovy.ast.expr.EmptyExpression>: null

13-01-2025T07:12:37 - [TEST_STEP][PASSED] - TR = <not implemented yet for class: org.codehaus.groovy.ast.expr.EmptyExpression>: null

13-01-2025T07:12:37 - [TEST_STEP][PASSED] - TB = <not implemented yet for class: org.codehaus.groovy.ast.expr.EmptyExpression>: null

13-01-2025T07:12:37 - [TEST_STEP][PASSED] - sheetName = "Sheet1": null

13-01-2025T07:12:37 - [TEST_STEP][PASSED] - data = findTestData("PlanFact"): null

13-01-2025T07:12:37 - [TEST_STEP][PASSED] - n = data.getRowNumbers() + 1: null

13-01-2025T07:12:37 - [TEST_STEP][PASSED] - year = todaysDate.substring(todaysDate.length() - 4, todaysDate.length()): null

13-01-2025T07:12:37 - [TEST_STEP][PASSED] - y = year.toInteger(): null

13-01-2025T07:12:37 - [TEST_STEP][PASSED] - m = getText(findTestObject("Выполнение бизнес-плана/Выполнение бизнес-плана Балансы/Фильтр Дата")): Text of object 'Object Repository/Выполнение бизнес-плана/Выполнение бизнес-плана Балансы/Фильтр Дата' is: '1, 2, 3 кв., Октябрь, Ноябрь 2024 года'

13-01-2025T07:12:37 - [MESSAGE][PASSED] - Text of object 'Object Repository/Выполнение бизнес-плана/Выполнение бизнес-плана Балансы/Фильтр Дата' is: '1, 2, 3 кв., Октябрь, Ноябрь 2024 года'

13-01-2025T07:12:37 - [TEST_STEP][PASSED] - m = m.substring(0, m.indexOf("2024")): null

13-01-2025T07:12:37 - [TEST_STEP][PASSED] - m = m.trim(): null

13-01-2025T07:12:37 - [TEST_STEP][PASSED] - dashboardName = "Выполнение бизнес-плана": null

13-01-2025T07:12:37 - [TEST_STEP][PASSED] - workbook01 = getWorkbook(excelFilePath): null

13-01-2025T07:12:37 - [TEST_STEP][PASSED] - sheet01 = getExcelSheet(workbook01, sheetName): null

13-01-2025T07:12:37 - [TEST_STEP][PASSED] - setValueToCellByIndex(sheet01, n, 0, dashboardName): null

13-01-2025T07:12:37 - [TEST_STEP][PASSED] - setValueToCellByIndex(sheet01, n, 1, dZO): null

13-01-2025T07:12:37 - [TEST_STEP][PASSED] - setValueToCellByIndex(sheet01, n, 2, typeOfData): null

13-01-2025T07:12:37 - [TEST_STEP][PASSED] - setValueToCellByIndex(sheet01, n, 3, typeOfData): null

13-01-2025T07:12:37 - [TEST_STEP][PASSED] - if (typeOfData == "План"): null

13-01-2025T07:12:37 - [TEST_STEP][PASSED] - else if (typeOfData == "Факт"): null

13-01-2025T07:12:37 - [TEST_STEP][PASSED] - else if (vidget.contains("электроэнергии") == true): null

13-01-2025T07:12:37 - [TEST_STEP][PASSED] - if (tabR == null): null

13-01-2025T07:12:37 - [TEST_STEP][PASSED] - else: null

13-01-2025T07:12:37 - [TEST_STEP][PASSED] - if (tabR == "нет данных"): null

13-01-2025T07:12:37 - [TEST_STEP][PASSED] - setValueToCellByIndex(sheet01, n, 4, "нет данных"): null

13-01-2025T07:12:37 - [TEST_STEP][PASSED] - if (tabB == null): null

13-01-2025T07:12:37 - [TEST_STEP][PASSED] - else: null

13-01-2025T07:12:37 - [TEST_STEP][PASSED] - if (tabB == "нет данных"): null

13-01-2025T07:12:37 - [TEST_STEP][PASSED] - else: null

13-01-2025T07:12:37 - [TEST_STEP][PASSED] - TB = tabB.toInteger(): null

13-01-2025T07:12:37 - [TEST_STEP][PASSED] - setValueToCellByIndex(sheet01, n, 5, TB): null

13-01-2025T07:12:37 - [TEST_STEP][PASSED] - setValueToCellByIndex(sheet01, n, 6, m): null

13-01-2025T07:12:37 - [TEST_STEP][PASSED] - setValueToCellByIndex(sheet01, n, 7, y): null

13-01-2025T07:12:37 - [TEST_STEP][PASSED] - setValueToCellByIndex(sheet01, n, 8, todaysDate): null

13-01-2025T07:12:37 - [TEST_STEP][PASSED] - n = n + 1: null

13-01-2025T07:12:37 - [TEST_STEP][PASSED] - saveWorkbook(excelFilePath, workbook01): null

13-01-2025T07:12:38 - [TEST_STEP][PASSED] - typeOfData = "Факт Потери": null

13-01-2025T07:12:38 - [TEST_STEP][PASSED] - tabR = GetPFactR(x = a): null

13-01-2025T07:12:38 - [TEST_STEP][PASSED] - i1 = <not implemented yet for class: org.codehaus.groovy.ast.expr.EmptyExpression>: null

13-01-2025T07:12:38 - [TEST_STEP][PASSED] - ii = <not implemented yet for class: org.codehaus.groovy.ast.expr.EmptyExpression>: null

13-01-2025T07:12:38 - [TEST_STEP][PASSED] - for ([ii = 1, ii < 6, (ii++)]): null

13-01-2025T07:12:38 - [TEST_STEP][PASSED] - i1 = x.indexOf("/") + 1: null

13-01-2025T07:12:38 - [TEST_STEP][PASSED] - if (i1 > -1): null

13-01-2025T07:12:38 - [TEST_STEP][PASSED] - x = x.substring(i1, x.length()): null

13-01-2025T07:12:38 - [TEST_STEP][PASSED] - println(x): null

13-01-2025T07:12:38 - [TEST_STEP][PASSED] - i1 = x.indexOf("/") + 1: null

13-01-2025T07:12:38 - [TEST_STEP][PASSED] - if (i1 > -1): null

13-01-2025T07:12:38 - [TEST_STEP][PASSED] - x = x.substring(i1, x.length()): null

13-01-2025T07:12:38 - [TEST_STEP][PASSED] - println(x): null

13-01-2025T07:12:38 - [TEST_STEP][PASSED] - i1 = x.indexOf("/") + 1: null

13-01-2025T07:12:38 - [TEST_STEP][PASSED] - if (i1 > -1): null

13-01-2025T07:12:38 - [TEST_STEP][PASSED] - x = x.substring(i1, x.length()): null

13-01-2025T07:12:38 - [TEST_STEP][PASSED] - println(x): null

13-01-2025T07:12:38 - [TEST_STEP][PASSED] - i1 = x.indexOf("/") + 1: null

13-01-2025T07:12:38 - [TEST_STEP][PASSED] - if (i1 > -1): null

13-01-2025T07:12:38 - [TEST_STEP][PASSED] - x = x.substring(i1, x.length()): null

13-01-2025T07:12:38 - [TEST_STEP][PASSED] - println(x): null

13-01-2025T07:12:38 - [TEST_STEP][PASSED] - i1 = x.indexOf("/") + 1: null

13-01-2025T07:12:38 - [TEST_STEP][PASSED] - if (i1 > -1): null

13-01-2025T07:12:38 - [TEST_STEP][PASSED] - x = x.substring(i1, x.length()): null

13-01-2025T07:12:38 - [TEST_STEP][PASSED] - println(x): null

13-01-2025T07:12:38 - [TEST_STEP][PASSED] - i1 = x.indexOf("/"): null

13-01-2025T07:12:38 - [TEST_STEP][PASSED] - if (i1 > -1): null

13-01-2025T07:12:38 - [TEST_STEP][PASSED] - x = x.substring(0, i1): null

13-01-2025T07:12:38 - [TEST_STEP][PASSED] - println(x): null

13-01-2025T07:12:38 - [TEST_STEP][PASSED] - return x: null

13-01-2025T07:12:38 - [TEST_STEP][PASSED] - tabB = GetPFactB(x = b): null

13-01-2025T07:12:38 - [TEST_STEP][PASSED] - i1 = <not implemented yet for class: org.codehaus.groovy.ast.expr.EmptyExpression>: null

13-01-2025T07:12:38 - [TEST_STEP][PASSED] - ii = <not implemented yet for class: org.codehaus.groovy.ast.expr.EmptyExpression>: null

13-01-2025T07:12:38 - [TEST_STEP][PASSED] - for ([ii = 1, ii < 6, (ii++)]): null

13-01-2025T07:12:38 - [TEST_STEP][PASSED] - i1 = x.indexOf("/") + 1: null

13-01-2025T07:12:38 - [TEST_STEP][PASSED] - if (i1 > -1): null

13-01-2025T07:12:38 - [TEST_STEP][PASSED] - x = x.substring(i1, x.length()): null

13-01-2025T07:12:38 - [TEST_STEP][PASSED] - println(x): null

13-01-2025T07:12:38 - [TEST_STEP][PASSED] - i1 = x.indexOf("/") + 1: null

13-01-2025T07:12:38 - [TEST_STEP][PASSED] - if (i1 > -1): null

13-01-2025T07:12:38 - [TEST_STEP][PASSED] - x = x.substring(i1, x.length()): null

13-01-2025T07:12:38 - [TEST_STEP][PASSED] - println(x): null

13-01-2025T07:12:38 - [TEST_STEP][PASSED] - i1 = x.indexOf("/") + 1: null

13-01-2025T07:12:38 - [TEST_STEP][PASSED] - if (i1 > -1): null

13-01-2025T07:12:38 - [TEST_STEP][PASSED] - x = x.substring(i1, x.length()): null

13-01-2025T07:12:38 - [TEST_STEP][PASSED] - println(x): null

13-01-2025T07:12:38 - [TEST_STEP][PASSED] - i1 = x.indexOf("/") + 1: null

13-01-2025T07:12:38 - [TEST_STEP][PASSED] - if (i1 > -1): null

13-01-2025T07:12:38 - [TEST_STEP][PASSED] - x = x.substring(i1, x.length()): null

13-01-2025T07:12:38 - [TEST_STEP][PASSED] - println(x): null

13-01-2025T07:12:38 - [TEST_STEP][PASSED] - i1 = x.indexOf("/") + 1: null

13-01-2025T07:12:38 - [TEST_STEP][PASSED] - if (i1 > -1): null

13-01-2025T07:12:38 - [TEST_STEP][PASSED] - x = x.substring(i1, x.length()): null

13-01-2025T07:12:38 - [TEST_STEP][PASSED] - println(x): null

13-01-2025T07:12:38 - [TEST_STEP][PASSED] - i1 = x.indexOf("/"): null

13-01-2025T07:12:38 - [TEST_STEP][PASSED] - if (i1 > -1): null

13-01-2025T07:12:38 - [TEST_STEP][PASSED] - x = x.substring(0, i1): null

13-01-2025T07:12:38 - [TEST_STEP][PASSED] - println(x): null

13-01-2025T07:12:38 - [TEST_STEP][FAILED] - return x: null

13-01-2025T07:12:38 - [TEST_STEP][PASSED] - println(tabR + "/" + tabB): null

13-01-2025T07:12:38 - [TEST_STEP][FAILED] - if (verifyEqual(tabR, tabB) == false): null

13-01-2025T07:12:38 - [MESSAGE][FAILED] - Unable to verify equal between actual object 'нет данных' and expected object '1617826' (Root cause: com.kms.katalon.core.exception.StepFailedException: Actual object 'нет данных' and expected object '1617826' are not equal
	at com.kms.katalon.core.keyword.builtin.VerifyEqualKeyword$_verifyEqual_closure1.doCall(VerifyEqualKeyword.groovy:58)
	at com.kms.katalon.core.keyword.builtin.VerifyEqualKeyword$_verifyEqual_closure1.call(VerifyEqualKeyword.groovy)
	at com.kms.katalon.core.keyword.internal.KeywordMain.runKeyword(KeywordMain.groovy:75)
	at com.kms.katalon.core.keyword.builtin.VerifyEqualKeyword.verifyEqual(VerifyEqualKeyword.groovy:63)
	at com.kms.katalon.core.keyword.builtin.VerifyEqualKeyword.execute(VerifyEqualKeyword.groovy:44)
	at com.kms.katalon.core.keyword.internal.KeywordExecutor.executeKeywordForPlatform(KeywordExecutor.groovy:74)
	at com.kms.katalon.core.keyword.BuiltinKeywords.verifyEqual(BuiltinKeywords.groovy:146)
	at jdk.internal.reflect.GeneratedMethodAccessor25.invoke(Unknown Source)
	at java.base/jdk.internal.reflect.DelegatingMethodAccessorImpl.invoke(DelegatingMethodAccessorImpl.java:43)
	at Выполнение бизнес-плана сверка дашбордов - Copy.CompareDZOData(Выполнение бизнес-плана сверка дашбордов - Copy:730)
	at Выполнение бизнес-плана сверка дашбордов - Copy.run(Выполнение бизнес-плана сверка дашбордов - Copy:623)
	at com.kms.katalon.core.main.ScriptEngine.run(ScriptEngine.java:194)
	at com.kms.katalon.core.main.ScriptEngine.runScriptAsRawText(ScriptEngine.java:119)
	at com.kms.katalon.core.main.TestCaseExecutor.runScript(TestCaseExecutor.java:448)
	at com.kms.katalon.core.main.TestCaseExecutor.doExecute(TestCaseExecutor.java:439)
	at com.kms.katalon.core.main.TestCaseExecutor.processExecutionPhase(TestCaseExecutor.java:418)
	at com.kms.katalon.core.main.TestCaseExecutor.accessMainPhase(TestCaseExecutor.java:410)
	at com.kms.katalon.core.main.TestCaseExecutor.execute(TestCaseExecutor.java:285)
	at com.kms.katalon.core.common.CommonExecutor.accessTestCaseMainPhase(CommonExecutor.java:65)
	at com.kms.katalon.core.main.TestSuiteExecutor.accessTestSuiteMainPhase(TestSuiteExecutor.java:150)
	at com.kms.katalon.core.main.TestSuiteExecutor.execute(TestSuiteExecutor.java:106)
	at com.kms.katalon.core.main.TestCaseMain.startTestSuite(TestCaseMain.java:180)
	at TempTestSuite1736740835951.run(TempTestSuite1736740835951.groovy:35)
	at java.base/jdk.internal.reflect.NativeMethodAccessorImpl.invoke0(Native Method)
	at java.base/jdk.internal.reflect.NativeMethodAccessorImpl.invoke(NativeMethodAccessorImpl.java:77)
	at java.base/jdk.internal.reflect.DelegatingMethodAccessorImpl.invoke(DelegatingMethodAccessorImpl.java:43)
)

13-01-2025T07:12:38 - [TEST_STEP][PASSED] - result = WriteToExcel(typeOfData, todaysDate, PercPlanR, PercPlanB, PercFactR, PercFactB, x, tabR, tabB, o1R, o1B, vidget): null

13-01-2025T07:12:38 - [TEST_STEP][PASSED] - iii = dZO.indexOf("/"): null

13-01-2025T07:12:38 - [TEST_STEP][PASSED] - println(iii): null

13-01-2025T07:12:38 - [TEST_STEP][PASSED] - dZO = dZO.substring(0, iii): null

13-01-2025T07:12:38 - [TEST_STEP][PASSED] - println(dZO): null

13-01-2025T07:12:38 - [TEST_STEP][PASSED] - println(PercPlanR): null

13-01-2025T07:12:38 - [TEST_STEP][PASSED] - println(PercPlanB): null

13-01-2025T07:12:38 - [TEST_STEP][PASSED] - println(PercFactR): null

13-01-2025T07:12:38 - [TEST_STEP][PASSED] - println(PercFactB): null

13-01-2025T07:12:38 - [TEST_STEP][PASSED] - println(tabR): null

13-01-2025T07:12:38 - [TEST_STEP][PASSED] - println(tabB): null

13-01-2025T07:12:38 - [TEST_STEP][PASSED] - println(o1R): null

13-01-2025T07:12:38 - [TEST_STEP][PASSED] - println(o1B): null

13-01-2025T07:12:38 - [TEST_STEP][PASSED] - PR = <not implemented yet for class: org.codehaus.groovy.ast.expr.EmptyExpression>: null

13-01-2025T07:12:38 - [TEST_STEP][PASSED] - FR = <not implemented yet for class: org.codehaus.groovy.ast.expr.EmptyExpression>: null

13-01-2025T07:12:38 - [TEST_STEP][PASSED] - PB = <not implemented yet for class: org.codehaus.groovy.ast.expr.EmptyExpression>: null

13-01-2025T07:12:38 - [TEST_STEP][PASSED] - FB = <not implemented yet for class: org.codehaus.groovy.ast.expr.EmptyExpression>: null

13-01-2025T07:12:38 - [TEST_STEP][PASSED] - TR = <not implemented yet for class: org.codehaus.groovy.ast.expr.EmptyExpression>: null

13-01-2025T07:12:38 - [TEST_STEP][PASSED] - TB = <not implemented yet for class: org.codehaus.groovy.ast.expr.EmptyExpression>: null

13-01-2025T07:12:38 - [TEST_STEP][PASSED] - sheetName = "Sheet1": null

13-01-2025T07:12:38 - [TEST_STEP][PASSED] - data = findTestData("PlanFact"): null

13-01-2025T07:12:38 - [TEST_STEP][PASSED] - n = data.getRowNumbers() + 1: null

13-01-2025T07:12:38 - [TEST_STEP][PASSED] - year = todaysDate.substring(todaysDate.length() - 4, todaysDate.length()): null

13-01-2025T07:12:38 - [TEST_STEP][PASSED] - y = year.toInteger(): null

13-01-2025T07:12:38 - [TEST_STEP][PASSED] - m = getText(findTestObject("Выполнение бизнес-плана/Выполнение бизнес-плана Балансы/Фильтр Дата")): Text of object 'Object Repository/Выполнение бизнес-плана/Выполнение бизнес-плана Балансы/Фильтр Дата' is: '1, 2, 3 кв., Октябрь, Ноябрь 2024 года'

13-01-2025T07:12:38 - [MESSAGE][PASSED] - Text of object 'Object Repository/Выполнение бизнес-плана/Выполнение бизнес-плана Балансы/Фильтр Дата' is: '1, 2, 3 кв., Октябрь, Ноябрь 2024 года'

13-01-2025T07:12:38 - [TEST_STEP][PASSED] - m = m.substring(0, m.indexOf("2024")): null

13-01-2025T07:12:38 - [TEST_STEP][PASSED] - m = m.trim(): null

13-01-2025T07:12:38 - [TEST_STEP][PASSED] - dashboardName = "Выполнение бизнес-плана": null

13-01-2025T07:12:38 - [TEST_STEP][PASSED] - workbook01 = getWorkbook(excelFilePath): null

13-01-2025T07:12:38 - [TEST_STEP][PASSED] - sheet01 = getExcelSheet(workbook01, sheetName): null

13-01-2025T07:12:38 - [TEST_STEP][PASSED] - setValueToCellByIndex(sheet01, n, 0, dashboardName): null

13-01-2025T07:12:38 - [TEST_STEP][PASSED] - setValueToCellByIndex(sheet01, n, 1, dZO): null

13-01-2025T07:12:38 - [TEST_STEP][PASSED] - setValueToCellByIndex(sheet01, n, 2, typeOfData): null

13-01-2025T07:12:38 - [TEST_STEP][PASSED] - setValueToCellByIndex(sheet01, n, 3, typeOfData): null

13-01-2025T07:12:38 - [TEST_STEP][PASSED] - if (typeOfData == "План"): null

13-01-2025T07:12:38 - [TEST_STEP][PASSED] - else if (typeOfData == "Факт"): null

13-01-2025T07:12:38 - [TEST_STEP][PASSED] - else if (vidget.contains("электроэнергии") == true): null

13-01-2025T07:12:38 - [TEST_STEP][PASSED] - if (tabR == null): null

13-01-2025T07:12:38 - [TEST_STEP][PASSED] - else: null

13-01-2025T07:12:38 - [TEST_STEP][PASSED] - if (tabR == "нет данных"): null

13-01-2025T07:12:38 - [TEST_STEP][PASSED] - setValueToCellByIndex(sheet01, n, 4, "нет данных"): null

13-01-2025T07:12:38 - [TEST_STEP][PASSED] - if (tabB == null): null

13-01-2025T07:12:38 - [TEST_STEP][PASSED] - else: null

13-01-2025T07:12:38 - [TEST_STEP][PASSED] - if (tabB == "нет данных"): null

13-01-2025T07:12:38 - [TEST_STEP][PASSED] - else: null

13-01-2025T07:12:38 - [TEST_STEP][PASSED] - TB = tabB.toInteger(): null

13-01-2025T07:12:38 - [TEST_STEP][PASSED] - setValueToCellByIndex(sheet01, n, 5, TB): null

13-01-2025T07:12:38 - [TEST_STEP][PASSED] - setValueToCellByIndex(sheet01, n, 6, m): null

13-01-2025T07:12:38 - [TEST_STEP][PASSED] - setValueToCellByIndex(sheet01, n, 7, y): null

13-01-2025T07:12:38 - [TEST_STEP][PASSED] - setValueToCellByIndex(sheet01, n, 8, todaysDate): null

13-01-2025T07:12:38 - [TEST_STEP][PASSED] - n = n + 1: null

13-01-2025T07:12:38 - [TEST_STEP][PASSED] - saveWorkbook(excelFilePath, workbook01): null

13-01-2025T07:12:38 - [TEST_STEP][PASSED] - vidget = "Показатели баланса электроэнергии по ДЗО – План": null

13-01-2025T07:12:38 - [TEST_STEP][PASSED] - typeOfData = "План Отпуск в сеть": null

13-01-2025T07:12:38 - [TEST_STEP][PASSED] - tabR = GetOvSPlanR(x = a): null

13-01-2025T07:12:38 - [TEST_STEP][PASSED] - i1 = <not implemented yet for class: org.codehaus.groovy.ast.expr.EmptyExpression>: null

13-01-2025T07:12:38 - [TEST_STEP][PASSED] - ii = <not implemented yet for class: org.codehaus.groovy.ast.expr.EmptyExpression>: null

13-01-2025T07:12:38 - [TEST_STEP][PASSED] - for ([ii = 1, ii < 7, (ii++)]): null

13-01-2025T07:12:38 - [TEST_STEP][PASSED] - i1 = x.indexOf("/") + 1: null

13-01-2025T07:12:38 - [TEST_STEP][PASSED] - if (i1 > -1): null

13-01-2025T07:12:38 - [TEST_STEP][PASSED] - x = x.substring(i1, x.length()): null

13-01-2025T07:12:38 - [TEST_STEP][PASSED] - println(x): null

13-01-2025T07:12:38 - [TEST_STEP][PASSED] - i1 = x.indexOf("/") + 1: null

13-01-2025T07:12:38 - [TEST_STEP][PASSED] - if (i1 > -1): null

13-01-2025T07:12:38 - [TEST_STEP][PASSED] - x = x.substring(i1, x.length()): null

13-01-2025T07:12:38 - [TEST_STEP][PASSED] - println(x): null

13-01-2025T07:12:38 - [TEST_STEP][PASSED] - i1 = x.indexOf("/") + 1: null

13-01-2025T07:12:38 - [TEST_STEP][PASSED] - if (i1 > -1): null

13-01-2025T07:12:38 - [TEST_STEP][PASSED] - x = x.substring(i1, x.length()): null

13-01-2025T07:12:38 - [TEST_STEP][PASSED] - println(x): null

13-01-2025T07:12:38 - [TEST_STEP][PASSED] - i1 = x.indexOf("/") + 1: null

13-01-2025T07:12:38 - [TEST_STEP][PASSED] - if (i1 > -1): null

13-01-2025T07:12:38 - [TEST_STEP][PASSED] - x = x.substring(i1, x.length()): null

13-01-2025T07:12:38 - [TEST_STEP][PASSED] - println(x): null

13-01-2025T07:12:38 - [TEST_STEP][PASSED] - i1 = x.indexOf("/") + 1: null

13-01-2025T07:12:38 - [TEST_STEP][PASSED] - if (i1 > -1): null

13-01-2025T07:12:38 - [TEST_STEP][PASSED] - x = x.substring(i1, x.length()): null

13-01-2025T07:12:38 - [TEST_STEP][PASSED] - println(x): null

13-01-2025T07:12:38 - [TEST_STEP][PASSED] - i1 = x.indexOf("/") + 1: null

13-01-2025T07:12:38 - [TEST_STEP][PASSED] - if (i1 > -1): null

13-01-2025T07:12:38 - [TEST_STEP][PASSED] - x = x.substring(i1, x.length()): null

13-01-2025T07:12:38 - [TEST_STEP][PASSED] - println(x): null

13-01-2025T07:12:38 - [TEST_STEP][PASSED] - i1 = x.indexOf("/"): null

13-01-2025T07:12:38 - [TEST_STEP][PASSED] - if (i1 > -1): null

13-01-2025T07:12:38 - [TEST_STEP][PASSED] - x = x.substring(0, i1): null

13-01-2025T07:12:38 - [TEST_STEP][PASSED] - println(x): null

13-01-2025T07:12:38 - [TEST_STEP][PASSED] - return x: null

13-01-2025T07:12:38 - [TEST_STEP][PASSED] - tabB = GetOvSPlanB(x = b): null

13-01-2025T07:12:38 - [TEST_STEP][PASSED] - i1 = <not implemented yet for class: org.codehaus.groovy.ast.expr.EmptyExpression>: null

13-01-2025T07:12:38 - [TEST_STEP][PASSED] - ii = <not implemented yet for class: org.codehaus.groovy.ast.expr.EmptyExpression>: null

13-01-2025T07:12:38 - [TEST_STEP][PASSED] - for ([ii = 1, ii < 7, (ii++)]): null

13-01-2025T07:12:38 - [TEST_STEP][PASSED] - i1 = x.indexOf("/") + 1: null

13-01-2025T07:12:38 - [TEST_STEP][PASSED] - if (i1 > -1): null

13-01-2025T07:12:38 - [TEST_STEP][PASSED] - x = x.substring(i1, x.length()): null

13-01-2025T07:12:38 - [TEST_STEP][PASSED] - println(x): null

13-01-2025T07:12:38 - [TEST_STEP][PASSED] - i1 = x.indexOf("/") + 1: null

13-01-2025T07:12:38 - [TEST_STEP][PASSED] - if (i1 > -1): null

13-01-2025T07:12:38 - [TEST_STEP][PASSED] - x = x.substring(i1, x.length()): null

13-01-2025T07:12:38 - [TEST_STEP][PASSED] - println(x): null

13-01-2025T07:12:38 - [TEST_STEP][PASSED] - i1 = x.indexOf("/") + 1: null

13-01-2025T07:12:38 - [TEST_STEP][PASSED] - if (i1 > -1): null

13-01-2025T07:12:38 - [TEST_STEP][PASSED] - x = x.substring(i1, x.length()): null

13-01-2025T07:12:38 - [TEST_STEP][PASSED] - println(x): null

13-01-2025T07:12:38 - [TEST_STEP][PASSED] - i1 = x.indexOf("/") + 1: null

13-01-2025T07:12:38 - [TEST_STEP][PASSED] - if (i1 > -1): null

13-01-2025T07:12:38 - [TEST_STEP][PASSED] - x = x.substring(i1, x.length()): null

13-01-2025T07:12:38 - [TEST_STEP][PASSED] - println(x): null

13-01-2025T07:12:38 - [TEST_STEP][PASSED] - i1 = x.indexOf("/") + 1: null

13-01-2025T07:12:38 - [TEST_STEP][PASSED] - if (i1 > -1): null

13-01-2025T07:12:38 - [TEST_STEP][PASSED] - x = x.substring(i1, x.length()): null

13-01-2025T07:12:38 - [TEST_STEP][PASSED] - println(x): null

13-01-2025T07:12:38 - [TEST_STEP][PASSED] - i1 = x.indexOf("/") + 1: null

13-01-2025T07:12:38 - [TEST_STEP][PASSED] - if (i1 > -1): null

13-01-2025T07:12:38 - [TEST_STEP][PASSED] - x = x.substring(i1, x.length()): null

13-01-2025T07:12:38 - [TEST_STEP][PASSED] - println(x): null

13-01-2025T07:12:38 - [TEST_STEP][PASSED] - i1 = x.indexOf("/"): null

13-01-2025T07:12:38 - [TEST_STEP][PASSED] - if (i1 > -1): null

13-01-2025T07:12:38 - [TEST_STEP][PASSED] - x = x.substring(0, i1): null

13-01-2025T07:12:38 - [TEST_STEP][PASSED] - println(x): null

13-01-2025T07:12:38 - [TEST_STEP][FAILED] - return x: null

13-01-2025T07:12:38 - [TEST_STEP][PASSED] - println(tabR + "/" + tabB): null

13-01-2025T07:12:38 - [TEST_STEP][FAILED] - if (verifyEqual(PercFactR, PercFactB) == false): null

13-01-2025T07:12:38 - [MESSAGE][FAILED] - Unable to verify equal between actual object 'нет данных' and expected object '5.39' (Root cause: com.kms.katalon.core.exception.StepFailedException: Actual object 'нет данных' and expected object '5.39' are not equal
	at com.kms.katalon.core.keyword.builtin.VerifyEqualKeyword$_verifyEqual_closure1.doCall(VerifyEqualKeyword.groovy:58)
	at com.kms.katalon.core.keyword.builtin.VerifyEqualKeyword$_verifyEqual_closure1.call(VerifyEqualKeyword.groovy)
	at com.kms.katalon.core.keyword.internal.KeywordMain.runKeyword(KeywordMain.groovy:75)
	at com.kms.katalon.core.keyword.builtin.VerifyEqualKeyword.verifyEqual(VerifyEqualKeyword.groovy:63)
	at com.kms.katalon.core.keyword.builtin.VerifyEqualKeyword.execute(VerifyEqualKeyword.groovy:44)
	at com.kms.katalon.core.keyword.internal.KeywordExecutor.executeKeywordForPlatform(KeywordExecutor.groovy:74)
	at com.kms.katalon.core.keyword.BuiltinKeywords.verifyEqual(BuiltinKeywords.groovy:146)
	at jdk.internal.reflect.GeneratedMethodAccessor25.invoke(Unknown Source)
	at java.base/jdk.internal.reflect.DelegatingMethodAccessorImpl.invoke(DelegatingMethodAccessorImpl.java:43)
	at Выполнение бизнес-плана сверка дашбордов - Copy.CompareDZOData(Выполнение бизнес-плана сверка дашбордов - Copy:745)
	at Выполнение бизнес-плана сверка дашбордов - Copy.run(Выполнение бизнес-плана сверка дашбордов - Copy:623)
	at com.kms.katalon.core.main.ScriptEngine.run(ScriptEngine.java:194)
	at com.kms.katalon.core.main.ScriptEngine.runScriptAsRawText(ScriptEngine.java:119)
	at com.kms.katalon.core.main.TestCaseExecutor.runScript(TestCaseExecutor.java:448)
	at com.kms.katalon.core.main.TestCaseExecutor.doExecute(TestCaseExecutor.java:439)
	at com.kms.katalon.core.main.TestCaseExecutor.processExecutionPhase(TestCaseExecutor.java:418)
	at com.kms.katalon.core.main.TestCaseExecutor.accessMainPhase(TestCaseExecutor.java:410)
	at com.kms.katalon.core.main.TestCaseExecutor.execute(TestCaseExecutor.java:285)
	at com.kms.katalon.core.common.CommonExecutor.accessTestCaseMainPhase(CommonExecutor.java:65)
	at com.kms.katalon.core.main.TestSuiteExecutor.accessTestSuiteMainPhase(TestSuiteExecutor.java:150)
	at com.kms.katalon.core.main.TestSuiteExecutor.execute(TestSuiteExecutor.java:106)
	at com.kms.katalon.core.main.TestCaseMain.startTestSuite(TestCaseMain.java:180)
	at TempTestSuite1736740835951.run(TempTestSuite1736740835951.groovy:35)
	at java.base/jdk.internal.reflect.NativeMethodAccessorImpl.invoke0(Native Method)
	at java.base/jdk.internal.reflect.NativeMethodAccessorImpl.invoke(NativeMethodAccessorImpl.java:77)
	at java.base/jdk.internal.reflect.DelegatingMethodAccessorImpl.invoke(DelegatingMethodAccessorImpl.java:43)
)

13-01-2025T07:12:38 - [TEST_STEP][PASSED] - result = WriteToExcel(typeOfData, todaysDate, PercPlanR, PercPlanB, PercFactR, PercFactB, x, tabR, tabB, o1R, o1B, vidget): null

13-01-2025T07:12:38 - [TEST_STEP][PASSED] - iii = dZO.indexOf("/"): null

13-01-2025T07:12:38 - [TEST_STEP][PASSED] - println(iii): null

13-01-2025T07:12:38 - [TEST_STEP][PASSED] - dZO = dZO.substring(0, iii): null

13-01-2025T07:12:38 - [TEST_STEP][PASSED] - println(dZO): null

13-01-2025T07:12:38 - [TEST_STEP][PASSED] - println(PercPlanR): null

13-01-2025T07:12:38 - [TEST_STEP][PASSED] - println(PercPlanB): null

13-01-2025T07:12:38 - [TEST_STEP][PASSED] - println(PercFactR): null

13-01-2025T07:12:38 - [TEST_STEP][PASSED] - println(PercFactB): null

13-01-2025T07:12:38 - [TEST_STEP][PASSED] - println(tabR): null

13-01-2025T07:12:38 - [TEST_STEP][PASSED] - println(tabB): null

13-01-2025T07:12:38 - [TEST_STEP][PASSED] - println(o1R): null

13-01-2025T07:12:38 - [TEST_STEP][PASSED] - println(o1B): null

13-01-2025T07:12:38 - [TEST_STEP][PASSED] - PR = <not implemented yet for class: org.codehaus.groovy.ast.expr.EmptyExpression>: null

13-01-2025T07:12:38 - [TEST_STEP][PASSED] - FR = <not implemented yet for class: org.codehaus.groovy.ast.expr.EmptyExpression>: null

13-01-2025T07:12:38 - [TEST_STEP][PASSED] - PB = <not implemented yet for class: org.codehaus.groovy.ast.expr.EmptyExpression>: null

13-01-2025T07:12:38 - [TEST_STEP][PASSED] - FB = <not implemented yet for class: org.codehaus.groovy.ast.expr.EmptyExpression>: null

13-01-2025T07:12:38 - [TEST_STEP][PASSED] - TR = <not implemented yet for class: org.codehaus.groovy.ast.expr.EmptyExpression>: null

13-01-2025T07:12:38 - [TEST_STEP][PASSED] - TB = <not implemented yet for class: org.codehaus.groovy.ast.expr.EmptyExpression>: null

13-01-2025T07:12:38 - [TEST_STEP][PASSED] - sheetName = "Sheet1": null

13-01-2025T07:12:38 - [TEST_STEP][PASSED] - data = findTestData("PlanFact"): null

13-01-2025T07:12:38 - [TEST_STEP][PASSED] - n = data.getRowNumbers() + 1: null

13-01-2025T07:12:38 - [TEST_STEP][PASSED] - year = todaysDate.substring(todaysDate.length() - 4, todaysDate.length()): null

13-01-2025T07:12:38 - [TEST_STEP][PASSED] - y = year.toInteger(): null

13-01-2025T07:12:38 - [TEST_STEP][PASSED] - m = getText(findTestObject("Выполнение бизнес-плана/Выполнение бизнес-плана Балансы/Фильтр Дата")): Text of object 'Object Repository/Выполнение бизнес-плана/Выполнение бизнес-плана Балансы/Фильтр Дата' is: '1, 2, 3 кв., Октябрь, Ноябрь 2024 года'

13-01-2025T07:12:39 - [MESSAGE][PASSED] - Text of object 'Object Repository/Выполнение бизнес-плана/Выполнение бизнес-плана Балансы/Фильтр Дата' is: '1, 2, 3 кв., Октябрь, Ноябрь 2024 года'

13-01-2025T07:12:39 - [TEST_STEP][PASSED] - m = m.substring(0, m.indexOf("2024")): null

13-01-2025T07:12:39 - [TEST_STEP][PASSED] - m = m.trim(): null

13-01-2025T07:12:39 - [TEST_STEP][PASSED] - dashboardName = "Выполнение бизнес-плана": null

13-01-2025T07:12:39 - [TEST_STEP][PASSED] - workbook01 = getWorkbook(excelFilePath): null

13-01-2025T07:12:39 - [TEST_STEP][PASSED] - sheet01 = getExcelSheet(workbook01, sheetName): null

13-01-2025T07:12:39 - [TEST_STEP][PASSED] - setValueToCellByIndex(sheet01, n, 0, dashboardName): null

13-01-2025T07:12:39 - [TEST_STEP][PASSED] - setValueToCellByIndex(sheet01, n, 1, dZO): null

13-01-2025T07:12:39 - [TEST_STEP][PASSED] - setValueToCellByIndex(sheet01, n, 2, typeOfData): null

13-01-2025T07:12:39 - [TEST_STEP][PASSED] - setValueToCellByIndex(sheet01, n, 3, typeOfData): null

13-01-2025T07:12:39 - [TEST_STEP][PASSED] - if (typeOfData == "План"): null

13-01-2025T07:12:39 - [TEST_STEP][PASSED] - else if (typeOfData == "Факт"): null

13-01-2025T07:12:39 - [TEST_STEP][PASSED] - else if (vidget.contains("электроэнергии") == true): null

13-01-2025T07:12:39 - [TEST_STEP][PASSED] - if (tabR == null): null

13-01-2025T07:12:39 - [TEST_STEP][PASSED] - else: null

13-01-2025T07:12:39 - [TEST_STEP][PASSED] - if (tabR == "нет данных"): null

13-01-2025T07:12:39 - [TEST_STEP][PASSED] - setValueToCellByIndex(sheet01, n, 4, "нет данных"): null

13-01-2025T07:12:39 - [TEST_STEP][PASSED] - if (tabB == null): null

13-01-2025T07:12:39 - [TEST_STEP][PASSED] - else: null

13-01-2025T07:12:39 - [TEST_STEP][PASSED] - if (tabB == "нет данных"): null

13-01-2025T07:12:39 - [TEST_STEP][PASSED] - else: null

13-01-2025T07:12:39 - [TEST_STEP][PASSED] - TB = tabB.toInteger(): null

13-01-2025T07:12:39 - [TEST_STEP][PASSED] - setValueToCellByIndex(sheet01, n, 5, TB): null

13-01-2025T07:12:39 - [TEST_STEP][PASSED] - setValueToCellByIndex(sheet01, n, 6, m): null

13-01-2025T07:12:39 - [TEST_STEP][PASSED] - setValueToCellByIndex(sheet01, n, 7, y): null

13-01-2025T07:12:39 - [TEST_STEP][PASSED] - setValueToCellByIndex(sheet01, n, 8, todaysDate): null

13-01-2025T07:12:39 - [TEST_STEP][PASSED] - n = n + 1: null

13-01-2025T07:12:39 - [TEST_STEP][PASSED] - saveWorkbook(excelFilePath, workbook01): null

13-01-2025T07:12:39 - [TEST_STEP][PASSED] - typeOfData = "План Отпуск из сети": null

13-01-2025T07:12:39 - [TEST_STEP][PASSED] - tabR = GetOiSPlanR(x = a): null

13-01-2025T07:12:39 - [TEST_STEP][PASSED] - i1 = <not implemented yet for class: org.codehaus.groovy.ast.expr.EmptyExpression>: null

13-01-2025T07:12:39 - [TEST_STEP][PASSED] - ii = <not implemented yet for class: org.codehaus.groovy.ast.expr.EmptyExpression>: null

13-01-2025T07:12:39 - [TEST_STEP][PASSED] - for ([ii = 1, ii < 8, (ii++)]): null

13-01-2025T07:12:39 - [TEST_STEP][PASSED] - i1 = x.indexOf("/") + 1: null

13-01-2025T07:12:39 - [TEST_STEP][PASSED] - if (i1 > -1): null

13-01-2025T07:12:39 - [TEST_STEP][PASSED] - x = x.substring(i1, x.length()): null

13-01-2025T07:12:39 - [TEST_STEP][PASSED] - println(x): null

13-01-2025T07:12:39 - [TEST_STEP][PASSED] - i1 = x.indexOf("/") + 1: null

13-01-2025T07:12:39 - [TEST_STEP][PASSED] - if (i1 > -1): null

13-01-2025T07:12:39 - [TEST_STEP][PASSED] - x = x.substring(i1, x.length()): null

13-01-2025T07:12:39 - [TEST_STEP][PASSED] - println(x): null

13-01-2025T07:12:39 - [TEST_STEP][PASSED] - i1 = x.indexOf("/") + 1: null

13-01-2025T07:12:39 - [TEST_STEP][PASSED] - if (i1 > -1): null

13-01-2025T07:12:39 - [TEST_STEP][PASSED] - x = x.substring(i1, x.length()): null

13-01-2025T07:12:39 - [TEST_STEP][PASSED] - println(x): null

13-01-2025T07:12:39 - [TEST_STEP][PASSED] - i1 = x.indexOf("/") + 1: null

13-01-2025T07:12:39 - [TEST_STEP][PASSED] - if (i1 > -1): null

13-01-2025T07:12:39 - [TEST_STEP][PASSED] - x = x.substring(i1, x.length()): null

13-01-2025T07:12:39 - [TEST_STEP][PASSED] - println(x): null

13-01-2025T07:12:39 - [TEST_STEP][PASSED] - i1 = x.indexOf("/") + 1: null

13-01-2025T07:12:39 - [TEST_STEP][PASSED] - if (i1 > -1): null

13-01-2025T07:12:39 - [TEST_STEP][PASSED] - x = x.substring(i1, x.length()): null

13-01-2025T07:12:39 - [TEST_STEP][PASSED] - println(x): null

13-01-2025T07:12:39 - [TEST_STEP][PASSED] - i1 = x.indexOf("/") + 1: null

13-01-2025T07:12:39 - [TEST_STEP][PASSED] - if (i1 > -1): null

13-01-2025T07:12:39 - [TEST_STEP][PASSED] - x = x.substring(i1, x.length()): null

13-01-2025T07:12:39 - [TEST_STEP][PASSED] - println(x): null

13-01-2025T07:12:39 - [TEST_STEP][PASSED] - i1 = x.indexOf("/") + 1: null

13-01-2025T07:12:39 - [TEST_STEP][PASSED] - if (i1 > -1): null

13-01-2025T07:12:39 - [TEST_STEP][PASSED] - x = x.substring(i1, x.length()): null

13-01-2025T07:12:39 - [TEST_STEP][PASSED] - println(x): null

13-01-2025T07:12:39 - [TEST_STEP][PASSED] - i1 = x.indexOf("/"): null

13-01-2025T07:12:39 - [TEST_STEP][PASSED] - if (i1 > -1): null

13-01-2025T07:12:39 - [TEST_STEP][PASSED] - x = x.substring(0, i1): null

13-01-2025T07:12:39 - [TEST_STEP][PASSED] - println(x): null

13-01-2025T07:12:39 - [TEST_STEP][PASSED] - return x: null

13-01-2025T07:12:39 - [TEST_STEP][PASSED] - tabB = GetOiSPlanB(x = b): null

13-01-2025T07:12:39 - [TEST_STEP][PASSED] - i1 = <not implemented yet for class: org.codehaus.groovy.ast.expr.EmptyExpression>: null

13-01-2025T07:12:39 - [TEST_STEP][PASSED] - ii = <not implemented yet for class: org.codehaus.groovy.ast.expr.EmptyExpression>: null

13-01-2025T07:12:39 - [TEST_STEP][PASSED] - for ([ii = 1, ii < 8, (ii++)]): null

13-01-2025T07:12:39 - [TEST_STEP][PASSED] - i1 = x.indexOf("/") + 1: null

13-01-2025T07:12:39 - [TEST_STEP][PASSED] - if (i1 > -1): null

13-01-2025T07:12:39 - [TEST_STEP][PASSED] - x = x.substring(i1, x.length()): null

13-01-2025T07:12:39 - [TEST_STEP][PASSED] - println(x): null

13-01-2025T07:12:39 - [TEST_STEP][PASSED] - i1 = x.indexOf("/") + 1: null

13-01-2025T07:12:39 - [TEST_STEP][PASSED] - if (i1 > -1): null

13-01-2025T07:12:39 - [TEST_STEP][PASSED] - x = x.substring(i1, x.length()): null

13-01-2025T07:12:39 - [TEST_STEP][PASSED] - println(x): null

13-01-2025T07:12:39 - [TEST_STEP][PASSED] - i1 = x.indexOf("/") + 1: null

13-01-2025T07:12:39 - [TEST_STEP][PASSED] - if (i1 > -1): null

13-01-2025T07:12:39 - [TEST_STEP][PASSED] - x = x.substring(i1, x.length()): null

13-01-2025T07:12:39 - [TEST_STEP][PASSED] - println(x): null

13-01-2025T07:12:39 - [TEST_STEP][PASSED] - i1 = x.indexOf("/") + 1: null

13-01-2025T07:12:39 - [TEST_STEP][PASSED] - if (i1 > -1): null

13-01-2025T07:12:39 - [TEST_STEP][PASSED] - x = x.substring(i1, x.length()): null

13-01-2025T07:12:39 - [TEST_STEP][PASSED] - println(x): null

13-01-2025T07:12:39 - [TEST_STEP][PASSED] - i1 = x.indexOf("/") + 1: null

13-01-2025T07:12:39 - [TEST_STEP][PASSED] - if (i1 > -1): null

13-01-2025T07:12:39 - [TEST_STEP][PASSED] - x = x.substring(i1, x.length()): null

13-01-2025T07:12:39 - [TEST_STEP][PASSED] - println(x): null

13-01-2025T07:12:39 - [TEST_STEP][PASSED] - i1 = x.indexOf("/") + 1: null

13-01-2025T07:12:39 - [TEST_STEP][PASSED] - if (i1 > -1): null

13-01-2025T07:12:39 - [TEST_STEP][PASSED] - x = x.substring(i1, x.length()): null

13-01-2025T07:12:39 - [TEST_STEP][PASSED] - println(x): null

13-01-2025T07:12:39 - [TEST_STEP][PASSED] - i1 = x.indexOf("/") + 1: null

13-01-2025T07:12:39 - [TEST_STEP][PASSED] - if (i1 > -1): null

13-01-2025T07:12:39 - [TEST_STEP][PASSED] - x = x.substring(i1, x.length()): null

13-01-2025T07:12:39 - [TEST_STEP][PASSED] - println(x): null

13-01-2025T07:12:39 - [TEST_STEP][PASSED] - i1 = x.indexOf("/"): null

13-01-2025T07:12:39 - [TEST_STEP][PASSED] - if (i1 > -1): null

13-01-2025T07:12:39 - [TEST_STEP][PASSED] - x = x.substring(0, i1): null

13-01-2025T07:12:39 - [TEST_STEP][PASSED] - println(x): null

13-01-2025T07:12:39 - [TEST_STEP][FAILED] - return x: null

13-01-2025T07:12:39 - [TEST_STEP][PASSED] - println(tabR + "/" + tabB): null

13-01-2025T07:12:39 - [TEST_STEP][FAILED] - if (verifyEqual(PercFactR, PercFactB) == false): null

13-01-2025T07:12:39 - [MESSAGE][FAILED] - Unable to verify equal between actual object 'нет данных' and expected object '5.39' (Root cause: com.kms.katalon.core.exception.StepFailedException: Actual object 'нет данных' and expected object '5.39' are not equal
	at com.kms.katalon.core.keyword.builtin.VerifyEqualKeyword$_verifyEqual_closure1.doCall(VerifyEqualKeyword.groovy:58)
	at com.kms.katalon.core.keyword.builtin.VerifyEqualKeyword$_verifyEqual_closure1.call(VerifyEqualKeyword.groovy)
	at com.kms.katalon.core.keyword.internal.KeywordMain.runKeyword(KeywordMain.groovy:75)
	at com.kms.katalon.core.keyword.builtin.VerifyEqualKeyword.verifyEqual(VerifyEqualKeyword.groovy:63)
	at com.kms.katalon.core.keyword.builtin.VerifyEqualKeyword.execute(VerifyEqualKeyword.groovy:44)
	at com.kms.katalon.core.keyword.internal.KeywordExecutor.executeKeywordForPlatform(KeywordExecutor.groovy:74)
	at com.kms.katalon.core.keyword.BuiltinKeywords.verifyEqual(BuiltinKeywords.groovy:146)
	at jdk.internal.reflect.GeneratedMethodAccessor25.invoke(Unknown Source)
	at java.base/jdk.internal.reflect.DelegatingMethodAccessorImpl.invoke(DelegatingMethodAccessorImpl.java:43)
	at Выполнение бизнес-плана сверка дашбордов - Copy.CompareDZOData(Выполнение бизнес-плана сверка дашбордов - Copy:758)
	at Выполнение бизнес-плана сверка дашбордов - Copy.run(Выполнение бизнес-плана сверка дашбордов - Copy:623)
	at com.kms.katalon.core.main.ScriptEngine.run(ScriptEngine.java:194)
	at com.kms.katalon.core.main.ScriptEngine.runScriptAsRawText(ScriptEngine.java:119)
	at com.kms.katalon.core.main.TestCaseExecutor.runScript(TestCaseExecutor.java:448)
	at com.kms.katalon.core.main.TestCaseExecutor.doExecute(TestCaseExecutor.java:439)
	at com.kms.katalon.core.main.TestCaseExecutor.processExecutionPhase(TestCaseExecutor.java:418)
	at com.kms.katalon.core.main.TestCaseExecutor.accessMainPhase(TestCaseExecutor.java:410)
	at com.kms.katalon.core.main.TestCaseExecutor.execute(TestCaseExecutor.java:285)
	at com.kms.katalon.core.common.CommonExecutor.accessTestCaseMainPhase(CommonExecutor.java:65)
	at com.kms.katalon.core.main.TestSuiteExecutor.accessTestSuiteMainPhase(TestSuiteExecutor.java:150)
	at com.kms.katalon.core.main.TestSuiteExecutor.execute(TestSuiteExecutor.java:106)
	at com.kms.katalon.core.main.TestCaseMain.startTestSuite(TestCaseMain.java:180)
	at TempTestSuite1736740835951.run(TempTestSuite1736740835951.groovy:35)
	at java.base/jdk.internal.reflect.NativeMethodAccessorImpl.invoke0(Native Method)
	at java.base/jdk.internal.reflect.NativeMethodAccessorImpl.invoke(NativeMethodAccessorImpl.java:77)
	at java.base/jdk.internal.reflect.DelegatingMethodAccessorImpl.invoke(DelegatingMethodAccessorImpl.java:43)
)

13-01-2025T07:12:39 - [TEST_STEP][PASSED] - result = WriteToExcel(typeOfData, todaysDate, PercPlanR, PercPlanB, PercFactR, PercFactB, x, tabR, tabB, o1R, o1B, vidget): null

13-01-2025T07:12:39 - [TEST_STEP][PASSED] - iii = dZO.indexOf("/"): null

13-01-2025T07:12:39 - [TEST_STEP][PASSED] - println(iii): null

13-01-2025T07:12:39 - [TEST_STEP][PASSED] - dZO = dZO.substring(0, iii): null

13-01-2025T07:12:39 - [TEST_STEP][PASSED] - println(dZO): null

13-01-2025T07:12:39 - [TEST_STEP][PASSED] - println(PercPlanR): null

13-01-2025T07:12:39 - [TEST_STEP][PASSED] - println(PercPlanB): null

13-01-2025T07:12:39 - [TEST_STEP][PASSED] - println(PercFactR): null

13-01-2025T07:12:39 - [TEST_STEP][PASSED] - println(PercFactB): null

13-01-2025T07:12:39 - [TEST_STEP][PASSED] - println(tabR): null

13-01-2025T07:12:39 - [TEST_STEP][PASSED] - println(tabB): null

13-01-2025T07:12:39 - [TEST_STEP][PASSED] - println(o1R): null

13-01-2025T07:12:39 - [TEST_STEP][PASSED] - println(o1B): null

13-01-2025T07:12:39 - [TEST_STEP][PASSED] - PR = <not implemented yet for class: org.codehaus.groovy.ast.expr.EmptyExpression>: null

13-01-2025T07:12:39 - [TEST_STEP][PASSED] - FR = <not implemented yet for class: org.codehaus.groovy.ast.expr.EmptyExpression>: null

13-01-2025T07:12:39 - [TEST_STEP][PASSED] - PB = <not implemented yet for class: org.codehaus.groovy.ast.expr.EmptyExpression>: null

13-01-2025T07:12:39 - [TEST_STEP][PASSED] - FB = <not implemented yet for class: org.codehaus.groovy.ast.expr.EmptyExpression>: null

13-01-2025T07:12:39 - [TEST_STEP][PASSED] - TR = <not implemented yet for class: org.codehaus.groovy.ast.expr.EmptyExpression>: null

13-01-2025T07:12:39 - [TEST_STEP][PASSED] - TB = <not implemented yet for class: org.codehaus.groovy.ast.expr.EmptyExpression>: null

13-01-2025T07:12:39 - [TEST_STEP][PASSED] - sheetName = "Sheet1": null

13-01-2025T07:12:39 - [TEST_STEP][PASSED] - data = findTestData("PlanFact"): null

13-01-2025T07:12:39 - [TEST_STEP][PASSED] - n = data.getRowNumbers() + 1: null

13-01-2025T07:12:39 - [TEST_STEP][PASSED] - year = todaysDate.substring(todaysDate.length() - 4, todaysDate.length()): null

13-01-2025T07:12:39 - [TEST_STEP][PASSED] - y = year.toInteger(): null

13-01-2025T07:12:39 - [TEST_STEP][PASSED] - m = getText(findTestObject("Выполнение бизнес-плана/Выполнение бизнес-плана Балансы/Фильтр Дата")): Text of object 'Object Repository/Выполнение бизнес-плана/Выполнение бизнес-плана Балансы/Фильтр Дата' is: '1, 2, 3 кв., Октябрь, Ноябрь 2024 года'

13-01-2025T07:12:39 - [MESSAGE][PASSED] - Text of object 'Object Repository/Выполнение бизнес-плана/Выполнение бизнес-плана Балансы/Фильтр Дата' is: '1, 2, 3 кв., Октябрь, Ноябрь 2024 года'

13-01-2025T07:12:39 - [TEST_STEP][PASSED] - m = m.substring(0, m.indexOf("2024")): null

13-01-2025T07:12:39 - [TEST_STEP][PASSED] - m = m.trim(): null

13-01-2025T07:12:39 - [TEST_STEP][PASSED] - dashboardName = "Выполнение бизнес-плана": null

13-01-2025T07:12:39 - [TEST_STEP][PASSED] - workbook01 = getWorkbook(excelFilePath): null

13-01-2025T07:12:39 - [TEST_STEP][PASSED] - sheet01 = getExcelSheet(workbook01, sheetName): null

13-01-2025T07:12:39 - [TEST_STEP][PASSED] - setValueToCellByIndex(sheet01, n, 0, dashboardName): null

13-01-2025T07:12:39 - [TEST_STEP][PASSED] - setValueToCellByIndex(sheet01, n, 1, dZO): null

13-01-2025T07:12:39 - [TEST_STEP][PASSED] - setValueToCellByIndex(sheet01, n, 2, typeOfData): null

13-01-2025T07:12:39 - [TEST_STEP][PASSED] - setValueToCellByIndex(sheet01, n, 3, typeOfData): null

13-01-2025T07:12:39 - [TEST_STEP][PASSED] - if (typeOfData == "План"): null

13-01-2025T07:12:39 - [TEST_STEP][PASSED] - else if (typeOfData == "Факт"): null

13-01-2025T07:12:39 - [TEST_STEP][PASSED] - else if (vidget.contains("электроэнергии") == true): null

13-01-2025T07:12:39 - [TEST_STEP][PASSED] - if (tabR == null): null

13-01-2025T07:12:39 - [TEST_STEP][PASSED] - else: null

13-01-2025T07:12:39 - [TEST_STEP][PASSED] - if (tabR == "нет данных"): null

13-01-2025T07:12:39 - [TEST_STEP][PASSED] - setValueToCellByIndex(sheet01, n, 4, "нет данных"): null

13-01-2025T07:12:39 - [TEST_STEP][PASSED] - if (tabB == null): null

13-01-2025T07:12:39 - [TEST_STEP][PASSED] - else: null

13-01-2025T07:12:39 - [TEST_STEP][PASSED] - if (tabB == "нет данных"): null

13-01-2025T07:12:39 - [TEST_STEP][PASSED] - setValueToCellByIndex(sheet01, n, 5, "нет данных"): null

13-01-2025T07:12:39 - [TEST_STEP][PASSED] - setValueToCellByIndex(sheet01, n, 6, m): null

13-01-2025T07:12:39 - [TEST_STEP][PASSED] - setValueToCellByIndex(sheet01, n, 7, y): null

13-01-2025T07:12:39 - [TEST_STEP][PASSED] - setValueToCellByIndex(sheet01, n, 8, todaysDate): null

13-01-2025T07:12:39 - [TEST_STEP][PASSED] - n = n + 1: null

13-01-2025T07:12:39 - [TEST_STEP][PASSED] - saveWorkbook(excelFilePath, workbook01): null

13-01-2025T07:12:39 - [TEST_STEP][PASSED] - typeOfData = "План Потери": null

13-01-2025T07:12:39 - [TEST_STEP][PASSED] - tabR = GetPPlanR(x = a): null

13-01-2025T07:12:39 - [TEST_STEP][PASSED] - i1 = <not implemented yet for class: org.codehaus.groovy.ast.expr.EmptyExpression>: null

13-01-2025T07:12:39 - [TEST_STEP][PASSED] - ii = <not implemented yet for class: org.codehaus.groovy.ast.expr.EmptyExpression>: null

13-01-2025T07:12:39 - [TEST_STEP][PASSED] - for ([ii = 1, ii < 9, (ii++)]): null

13-01-2025T07:12:39 - [TEST_STEP][PASSED] - i1 = x.indexOf("/") + 1: null

13-01-2025T07:12:39 - [TEST_STEP][PASSED] - if (i1 > -1): null

13-01-2025T07:12:39 - [TEST_STEP][PASSED] - x = x.substring(i1, x.length()): null

13-01-2025T07:12:39 - [TEST_STEP][PASSED] - println(x): null

13-01-2025T07:12:39 - [TEST_STEP][PASSED] - i1 = x.indexOf("/") + 1: null

13-01-2025T07:12:39 - [TEST_STEP][PASSED] - if (i1 > -1): null

13-01-2025T07:12:39 - [TEST_STEP][PASSED] - x = x.substring(i1, x.length()): null

13-01-2025T07:12:39 - [TEST_STEP][PASSED] - println(x): null

13-01-2025T07:12:39 - [TEST_STEP][PASSED] - i1 = x.indexOf("/") + 1: null

13-01-2025T07:12:39 - [TEST_STEP][PASSED] - if (i1 > -1): null

13-01-2025T07:12:39 - [TEST_STEP][PASSED] - x = x.substring(i1, x.length()): null

13-01-2025T07:12:39 - [TEST_STEP][PASSED] - println(x): null

13-01-2025T07:12:39 - [TEST_STEP][PASSED] - i1 = x.indexOf("/") + 1: null

13-01-2025T07:12:39 - [TEST_STEP][PASSED] - if (i1 > -1): null

13-01-2025T07:12:39 - [TEST_STEP][PASSED] - x = x.substring(i1, x.length()): null

13-01-2025T07:12:39 - [TEST_STEP][PASSED] - println(x): null

13-01-2025T07:12:39 - [TEST_STEP][PASSED] - i1 = x.indexOf("/") + 1: null

13-01-2025T07:12:39 - [TEST_STEP][PASSED] - if (i1 > -1): null

13-01-2025T07:12:39 - [TEST_STEP][PASSED] - x = x.substring(i1, x.length()): null

13-01-2025T07:12:39 - [TEST_STEP][PASSED] - println(x): null

13-01-2025T07:12:39 - [TEST_STEP][PASSED] - i1 = x.indexOf("/") + 1: null

13-01-2025T07:12:39 - [TEST_STEP][PASSED] - if (i1 > -1): null

13-01-2025T07:12:39 - [TEST_STEP][PASSED] - x = x.substring(i1, x.length()): null

13-01-2025T07:12:39 - [TEST_STEP][PASSED] - println(x): null

13-01-2025T07:12:39 - [TEST_STEP][PASSED] - i1 = x.indexOf("/") + 1: null

13-01-2025T07:12:39 - [TEST_STEP][PASSED] - if (i1 > -1): null

13-01-2025T07:12:39 - [TEST_STEP][PASSED] - x = x.substring(i1, x.length()): null

13-01-2025T07:12:39 - [TEST_STEP][PASSED] - println(x): null

13-01-2025T07:12:39 - [TEST_STEP][PASSED] - i1 = x.indexOf("/") + 1: null

13-01-2025T07:12:39 - [TEST_STEP][PASSED] - if (i1 > -1): null

13-01-2025T07:12:39 - [TEST_STEP][PASSED] - x = x.substring(i1, x.length()): null

13-01-2025T07:12:39 - [TEST_STEP][PASSED] - println(x): null

13-01-2025T07:12:39 - [TEST_STEP][PASSED] - i1 = x.indexOf("/"): null

13-01-2025T07:12:39 - [TEST_STEP][PASSED] - if (i1 > -1): null

13-01-2025T07:12:39 - [TEST_STEP][PASSED] - x = x.substring(0, i1): null

13-01-2025T07:12:39 - [TEST_STEP][PASSED] - println(x): null

13-01-2025T07:12:39 - [TEST_STEP][PASSED] - return x: null

13-01-2025T07:12:39 - [TEST_STEP][PASSED] - tabB = GetPPlanB(x = b): null

13-01-2025T07:12:39 - [TEST_STEP][PASSED] - i1 = <not implemented yet for class: org.codehaus.groovy.ast.expr.EmptyExpression>: null

13-01-2025T07:12:39 - [TEST_STEP][PASSED] - ii = <not implemented yet for class: org.codehaus.groovy.ast.expr.EmptyExpression>: null

13-01-2025T07:12:39 - [TEST_STEP][PASSED] - for ([ii = 1, ii < 9, (ii++)]): null

13-01-2025T07:12:39 - [TEST_STEP][PASSED] - i1 = x.indexOf("/") + 1: null

13-01-2025T07:12:39 - [TEST_STEP][PASSED] - if (i1 > -1): null

13-01-2025T07:12:39 - [TEST_STEP][PASSED] - x = x.substring(i1, x.length()): null

13-01-2025T07:12:39 - [TEST_STEP][PASSED] - println(x): null

13-01-2025T07:12:39 - [TEST_STEP][PASSED] - i1 = x.indexOf("/") + 1: null

13-01-2025T07:12:39 - [TEST_STEP][PASSED] - if (i1 > -1): null

13-01-2025T07:12:39 - [TEST_STEP][PASSED] - x = x.substring(i1, x.length()): null

13-01-2025T07:12:39 - [TEST_STEP][PASSED] - println(x): null

13-01-2025T07:12:39 - [TEST_STEP][PASSED] - i1 = x.indexOf("/") + 1: null

13-01-2025T07:12:39 - [TEST_STEP][PASSED] - if (i1 > -1): null

13-01-2025T07:12:39 - [TEST_STEP][PASSED] - x = x.substring(i1, x.length()): null

13-01-2025T07:12:39 - [TEST_STEP][PASSED] - println(x): null

13-01-2025T07:12:39 - [TEST_STEP][PASSED] - i1 = x.indexOf("/") + 1: null

13-01-2025T07:12:39 - [TEST_STEP][PASSED] - if (i1 > -1): null

13-01-2025T07:12:39 - [TEST_STEP][PASSED] - x = x.substring(i1, x.length()): null

13-01-2025T07:12:39 - [TEST_STEP][PASSED] - println(x): null

13-01-2025T07:12:39 - [TEST_STEP][PASSED] - i1 = x.indexOf("/") + 1: null

13-01-2025T07:12:39 - [TEST_STEP][PASSED] - if (i1 > -1): null

13-01-2025T07:12:39 - [TEST_STEP][PASSED] - x = x.substring(i1, x.length()): null

13-01-2025T07:12:39 - [TEST_STEP][PASSED] - println(x): null

13-01-2025T07:12:39 - [TEST_STEP][PASSED] - i1 = x.indexOf("/") + 1: null

13-01-2025T07:12:39 - [TEST_STEP][PASSED] - if (i1 > -1): null

13-01-2025T07:12:39 - [TEST_STEP][PASSED] - x = x.substring(i1, x.length()): null

13-01-2025T07:12:39 - [TEST_STEP][PASSED] - println(x): null

13-01-2025T07:12:39 - [TEST_STEP][PASSED] - i1 = x.indexOf("/") + 1: null

13-01-2025T07:12:39 - [TEST_STEP][PASSED] - if (i1 > -1): null

13-01-2025T07:12:39 - [TEST_STEP][PASSED] - x = x.substring(i1, x.length()): null

13-01-2025T07:12:39 - [TEST_STEP][PASSED] - println(x): null

13-01-2025T07:12:39 - [TEST_STEP][PASSED] - i1 = x.indexOf("/") + 1: null

13-01-2025T07:12:39 - [TEST_STEP][PASSED] - if (i1 > -1): null

13-01-2025T07:12:39 - [TEST_STEP][PASSED] - x = x.substring(i1, x.length()): null

13-01-2025T07:12:39 - [TEST_STEP][PASSED] - println(x): null

13-01-2025T07:12:39 - [TEST_STEP][PASSED] - i1 = x.indexOf("/"): null

13-01-2025T07:12:39 - [TEST_STEP][PASSED] - if (i1 > -1): null

13-01-2025T07:12:39 - [TEST_STEP][PASSED] - x = x.substring(0, i1): null

13-01-2025T07:12:39 - [TEST_STEP][PASSED] - println(x): null

13-01-2025T07:12:39 - [TEST_STEP][FAILED] - return x: null

13-01-2025T07:12:39 - [TEST_STEP][PASSED] - println(tabR + "/" + tabB): null

13-01-2025T07:12:39 - [TEST_STEP][FAILED] - if (verifyEqual(PercFactR, PercFactB) == false): null

13-01-2025T07:12:39 - [MESSAGE][FAILED] - Unable to verify equal between actual object 'нет данных' and expected object '5.39' (Root cause: com.kms.katalon.core.exception.StepFailedException: Actual object 'нет данных' and expected object '5.39' are not equal
	at com.kms.katalon.core.keyword.builtin.VerifyEqualKeyword$_verifyEqual_closure1.doCall(VerifyEqualKeyword.groovy:58)
	at com.kms.katalon.core.keyword.builtin.VerifyEqualKeyword$_verifyEqual_closure1.call(VerifyEqualKeyword.groovy)
	at com.kms.katalon.core.keyword.internal.KeywordMain.runKeyword(KeywordMain.groovy:75)
	at com.kms.katalon.core.keyword.builtin.VerifyEqualKeyword.verifyEqual(VerifyEqualKeyword.groovy:63)
	at com.kms.katalon.core.keyword.builtin.VerifyEqualKeyword.execute(VerifyEqualKeyword.groovy:44)
	at com.kms.katalon.core.keyword.internal.KeywordExecutor.executeKeywordForPlatform(KeywordExecutor.groovy:74)
	at com.kms.katalon.core.keyword.BuiltinKeywords.verifyEqual(BuiltinKeywords.groovy:146)
	at jdk.internal.reflect.GeneratedMethodAccessor25.invoke(Unknown Source)
	at java.base/jdk.internal.reflect.DelegatingMethodAccessorImpl.invoke(DelegatingMethodAccessorImpl.java:43)
	at Выполнение бизнес-плана сверка дашбордов - Copy.CompareDZOData(Выполнение бизнес-плана сверка дашбордов - Copy:771)
	at Выполнение бизнес-плана сверка дашбордов - Copy.run(Выполнение бизнес-плана сверка дашбордов - Copy:623)
	at com.kms.katalon.core.main.ScriptEngine.run(ScriptEngine.java:194)
	at com.kms.katalon.core.main.ScriptEngine.runScriptAsRawText(ScriptEngine.java:119)
	at com.kms.katalon.core.main.TestCaseExecutor.runScript(TestCaseExecutor.java:448)
	at com.kms.katalon.core.main.TestCaseExecutor.doExecute(TestCaseExecutor.java:439)
	at com.kms.katalon.core.main.TestCaseExecutor.processExecutionPhase(TestCaseExecutor.java:418)
	at com.kms.katalon.core.main.TestCaseExecutor.accessMainPhase(TestCaseExecutor.java:410)
	at com.kms.katalon.core.main.TestCaseExecutor.execute(TestCaseExecutor.java:285)
	at com.kms.katalon.core.common.CommonExecutor.accessTestCaseMainPhase(CommonExecutor.java:65)
	at com.kms.katalon.core.main.TestSuiteExecutor.accessTestSuiteMainPhase(TestSuiteExecutor.java:150)
	at com.kms.katalon.core.main.TestSuiteExecutor.execute(TestSuiteExecutor.java:106)
	at com.kms.katalon.core.main.TestCaseMain.startTestSuite(TestCaseMain.java:180)
	at TempTestSuite1736740835951.run(TempTestSuite1736740835951.groovy:35)
	at java.base/jdk.internal.reflect.NativeMethodAccessorImpl.invoke0(Native Method)
	at java.base/jdk.internal.reflect.NativeMethodAccessorImpl.invoke(NativeMethodAccessorImpl.java:77)
	at java.base/jdk.internal.reflect.DelegatingMethodAccessorImpl.invoke(DelegatingMethodAccessorImpl.java:43)
)

13-01-2025T07:12:39 - [TEST_STEP][PASSED] - result = WriteToExcel(typeOfData, todaysDate, PercPlanR, PercPlanB, PercFactR, PercFactB, x, tabR, tabB, o1R, o1B, vidget): null

13-01-2025T07:12:39 - [TEST_STEP][PASSED] - iii = dZO.indexOf("/"): null

13-01-2025T07:12:39 - [TEST_STEP][PASSED] - println(iii): null

13-01-2025T07:12:39 - [TEST_STEP][PASSED] - dZO = dZO.substring(0, iii): null

13-01-2025T07:12:39 - [TEST_STEP][PASSED] - println(dZO): null

13-01-2025T07:12:39 - [TEST_STEP][PASSED] - println(PercPlanR): null

13-01-2025T07:12:39 - [TEST_STEP][PASSED] - println(PercPlanB): null

13-01-2025T07:12:39 - [TEST_STEP][PASSED] - println(PercFactR): null

13-01-2025T07:12:39 - [TEST_STEP][PASSED] - println(PercFactB): null

13-01-2025T07:12:39 - [TEST_STEP][PASSED] - println(tabR): null

13-01-2025T07:12:39 - [TEST_STEP][PASSED] - println(tabB): null

13-01-2025T07:12:39 - [TEST_STEP][PASSED] - println(o1R): null

13-01-2025T07:12:39 - [TEST_STEP][PASSED] - println(o1B): null

13-01-2025T07:12:39 - [TEST_STEP][PASSED] - PR = <not implemented yet for class: org.codehaus.groovy.ast.expr.EmptyExpression>: null

13-01-2025T07:12:39 - [TEST_STEP][PASSED] - FR = <not implemented yet for class: org.codehaus.groovy.ast.expr.EmptyExpression>: null

13-01-2025T07:12:39 - [TEST_STEP][PASSED] - PB = <not implemented yet for class: org.codehaus.groovy.ast.expr.EmptyExpression>: null

13-01-2025T07:12:39 - [TEST_STEP][PASSED] - FB = <not implemented yet for class: org.codehaus.groovy.ast.expr.EmptyExpression>: null

13-01-2025T07:12:39 - [TEST_STEP][PASSED] - TR = <not implemented yet for class: org.codehaus.groovy.ast.expr.EmptyExpression>: null

13-01-2025T07:12:39 - [TEST_STEP][PASSED] - TB = <not implemented yet for class: org.codehaus.groovy.ast.expr.EmptyExpression>: null

13-01-2025T07:12:39 - [TEST_STEP][PASSED] - sheetName = "Sheet1": null

13-01-2025T07:12:39 - [TEST_STEP][PASSED] - data = findTestData("PlanFact"): null

13-01-2025T07:12:40 - [TEST_STEP][PASSED] - n = data.getRowNumbers() + 1: null

13-01-2025T07:12:40 - [TEST_STEP][PASSED] - year = todaysDate.substring(todaysDate.length() - 4, todaysDate.length()): null

13-01-2025T07:12:40 - [TEST_STEP][PASSED] - y = year.toInteger(): null

13-01-2025T07:12:40 - [TEST_STEP][PASSED] - m = getText(findTestObject("Выполнение бизнес-плана/Выполнение бизнес-плана Балансы/Фильтр Дата")): Text of object 'Object Repository/Выполнение бизнес-плана/Выполнение бизнес-плана Балансы/Фильтр Дата' is: '1, 2, 3 кв., Октябрь, Ноябрь 2024 года'

13-01-2025T07:12:40 - [MESSAGE][PASSED] - Text of object 'Object Repository/Выполнение бизнес-плана/Выполнение бизнес-плана Балансы/Фильтр Дата' is: '1, 2, 3 кв., Октябрь, Ноябрь 2024 года'

13-01-2025T07:12:40 - [TEST_STEP][PASSED] - m = m.substring(0, m.indexOf("2024")): null

13-01-2025T07:12:40 - [TEST_STEP][PASSED] - m = m.trim(): null

13-01-2025T07:12:40 - [TEST_STEP][PASSED] - dashboardName = "Выполнение бизнес-плана": null

13-01-2025T07:12:40 - [TEST_STEP][PASSED] - workbook01 = getWorkbook(excelFilePath): null

13-01-2025T07:12:40 - [TEST_STEP][PASSED] - sheet01 = getExcelSheet(workbook01, sheetName): null

13-01-2025T07:12:40 - [TEST_STEP][PASSED] - setValueToCellByIndex(sheet01, n, 0, dashboardName): null

13-01-2025T07:12:40 - [TEST_STEP][PASSED] - setValueToCellByIndex(sheet01, n, 1, dZO): null

13-01-2025T07:12:40 - [TEST_STEP][PASSED] - setValueToCellByIndex(sheet01, n, 2, typeOfData): null

13-01-2025T07:12:40 - [TEST_STEP][PASSED] - setValueToCellByIndex(sheet01, n, 3, typeOfData): null

13-01-2025T07:12:40 - [TEST_STEP][PASSED] - if (typeOfData == "План"): null

13-01-2025T07:12:40 - [TEST_STEP][PASSED] - else if (typeOfData == "Факт"): null

13-01-2025T07:12:40 - [TEST_STEP][PASSED] - else if (vidget.contains("электроэнергии") == true): null

13-01-2025T07:12:40 - [TEST_STEP][PASSED] - if (tabR == null): null

13-01-2025T07:12:40 - [TEST_STEP][PASSED] - else: null

13-01-2025T07:12:40 - [TEST_STEP][PASSED] - if (tabR == "нет данных"): null

13-01-2025T07:12:40 - [TEST_STEP][PASSED] - setValueToCellByIndex(sheet01, n, 4, "нет данных"): null

13-01-2025T07:12:40 - [TEST_STEP][PASSED] - if (tabB == null): null

13-01-2025T07:12:40 - [TEST_STEP][PASSED] - else: null

13-01-2025T07:12:40 - [TEST_STEP][PASSED] - if (tabB == "нет данных"): null

13-01-2025T07:12:40 - [TEST_STEP][PASSED] - setValueToCellByIndex(sheet01, n, 5, "нет данных"): null

13-01-2025T07:12:40 - [TEST_STEP][PASSED] - setValueToCellByIndex(sheet01, n, 6, m): null

13-01-2025T07:12:40 - [TEST_STEP][PASSED] - setValueToCellByIndex(sheet01, n, 7, y): null

13-01-2025T07:12:40 - [TEST_STEP][PASSED] - setValueToCellByIndex(sheet01, n, 8, todaysDate): null

13-01-2025T07:12:40 - [TEST_STEP][PASSED] - n = n + 1: null

13-01-2025T07:12:40 - [TEST_STEP][PASSED] - saveWorkbook(excelFilePath, workbook01): null

13-01-2025T07:12:40 - [TEST_STEP][PASSED] - ii2 = a.indexOf("ПАО"): null

13-01-2025T07:12:40 - [TEST_STEP][PASSED] - if (ii2 == -1): null

13-01-2025T07:12:40 - [TEST_STEP][PASSED] - vidget = "Отклонения фактического уровня потерь от бизнес-плана": null

13-01-2025T07:12:40 - [TEST_STEP][PASSED] - typeOfData = "Коэффициент": null

13-01-2025T07:12:40 - [TEST_STEP][PASSED] - o1R = Geto1R(x = a): null

13-01-2025T07:12:40 - [TEST_STEP][PASSED] - i1 = <not implemented yet for class: org.codehaus.groovy.ast.expr.EmptyExpression>: null

13-01-2025T07:12:40 - [TEST_STEP][PASSED] - ii = <not implemented yet for class: org.codehaus.groovy.ast.expr.EmptyExpression>: null

13-01-2025T07:12:40 - [TEST_STEP][PASSED] - for ([ii = 1, ii < 10, (ii++)]): null

13-01-2025T07:12:40 - [TEST_STEP][PASSED] - i1 = x.indexOf("/") + 1: null

13-01-2025T07:12:40 - [TEST_STEP][PASSED] - if (i1 > -1): null

13-01-2025T07:12:40 - [TEST_STEP][PASSED] - x = x.substring(i1, x.length()): null

13-01-2025T07:12:40 - [TEST_STEP][PASSED] - i1 = x.indexOf("/") + 1: null

13-01-2025T07:12:40 - [TEST_STEP][PASSED] - if (i1 > -1): null

13-01-2025T07:12:40 - [TEST_STEP][PASSED] - x = x.substring(i1, x.length()): null

13-01-2025T07:12:40 - [TEST_STEP][PASSED] - i1 = x.indexOf("/") + 1: null

13-01-2025T07:12:40 - [TEST_STEP][PASSED] - if (i1 > -1): null

13-01-2025T07:12:40 - [TEST_STEP][PASSED] - x = x.substring(i1, x.length()): null

13-01-2025T07:12:40 - [TEST_STEP][PASSED] - i1 = x.indexOf("/") + 1: null

13-01-2025T07:12:40 - [TEST_STEP][PASSED] - if (i1 > -1): null

13-01-2025T07:12:40 - [TEST_STEP][PASSED] - x = x.substring(i1, x.length()): null

13-01-2025T07:12:40 - [TEST_STEP][PASSED] - i1 = x.indexOf("/") + 1: null

13-01-2025T07:12:40 - [TEST_STEP][PASSED] - if (i1 > -1): null

13-01-2025T07:12:40 - [TEST_STEP][PASSED] - x = x.substring(i1, x.length()): null

13-01-2025T07:12:40 - [TEST_STEP][PASSED] - i1 = x.indexOf("/") + 1: null

13-01-2025T07:12:40 - [TEST_STEP][PASSED] - if (i1 > -1): null

13-01-2025T07:12:40 - [TEST_STEP][PASSED] - x = x.substring(i1, x.length()): null

13-01-2025T07:12:40 - [TEST_STEP][PASSED] - i1 = x.indexOf("/") + 1: null

13-01-2025T07:12:40 - [TEST_STEP][PASSED] - if (i1 > -1): null

13-01-2025T07:12:40 - [TEST_STEP][PASSED] - x = x.substring(i1, x.length()): null

13-01-2025T07:12:40 - [TEST_STEP][PASSED] - i1 = x.indexOf("/") + 1: null

13-01-2025T07:12:40 - [TEST_STEP][PASSED] - if (i1 > -1): null

13-01-2025T07:12:40 - [TEST_STEP][PASSED] - x = x.substring(i1, x.length()): null

13-01-2025T07:12:40 - [TEST_STEP][PASSED] - i1 = x.indexOf("/") + 1: null

13-01-2025T07:12:40 - [TEST_STEP][PASSED] - if (i1 > -1): null

13-01-2025T07:12:40 - [TEST_STEP][PASSED] - x = x.substring(i1, x.length()): null

13-01-2025T07:12:40 - [TEST_STEP][PASSED] - i1 = x.indexOf("/"): null

13-01-2025T07:12:40 - [TEST_STEP][PASSED] - if (i1 > -1): null

13-01-2025T07:12:40 - [TEST_STEP][PASSED] - println(x): null

13-01-2025T07:12:40 - [TEST_STEP][PASSED] - return x: null

13-01-2025T07:12:40 - [TEST_STEP][PASSED] - o1B = Geto1B(x = b): null

13-01-2025T07:12:40 - [TEST_STEP][PASSED] - i1 = <not implemented yet for class: org.codehaus.groovy.ast.expr.EmptyExpression>: null

13-01-2025T07:12:40 - [TEST_STEP][PASSED] - ii = <not implemented yet for class: org.codehaus.groovy.ast.expr.EmptyExpression>: null

13-01-2025T07:12:40 - [TEST_STEP][PASSED] - for ([ii = 1, ii < 10, (ii++)]): null

13-01-2025T07:12:40 - [TEST_STEP][PASSED] - i1 = x.indexOf("/") + 1: null

13-01-2025T07:12:40 - [TEST_STEP][PASSED] - if (i1 > -1): null

13-01-2025T07:12:40 - [TEST_STEP][PASSED] - x = x.substring(i1, x.length()): null

13-01-2025T07:12:40 - [TEST_STEP][PASSED] - i1 = x.indexOf("/") + 1: null

13-01-2025T07:12:40 - [TEST_STEP][PASSED] - if (i1 > -1): null

13-01-2025T07:12:40 - [TEST_STEP][PASSED] - x = x.substring(i1, x.length()): null

13-01-2025T07:12:40 - [TEST_STEP][PASSED] - i1 = x.indexOf("/") + 1: null

13-01-2025T07:12:40 - [TEST_STEP][PASSED] - if (i1 > -1): null

13-01-2025T07:12:40 - [TEST_STEP][PASSED] - x = x.substring(i1, x.length()): null

13-01-2025T07:12:40 - [TEST_STEP][PASSED] - i1 = x.indexOf("/") + 1: null

13-01-2025T07:12:40 - [TEST_STEP][PASSED] - if (i1 > -1): null

13-01-2025T07:12:40 - [TEST_STEP][PASSED] - x = x.substring(i1, x.length()): null

13-01-2025T07:12:40 - [TEST_STEP][PASSED] - i1 = x.indexOf("/") + 1: null

13-01-2025T07:12:40 - [TEST_STEP][PASSED] - if (i1 > -1): null

13-01-2025T07:12:40 - [TEST_STEP][PASSED] - x = x.substring(i1, x.length()): null

13-01-2025T07:12:40 - [TEST_STEP][PASSED] - i1 = x.indexOf("/") + 1: null

13-01-2025T07:12:40 - [TEST_STEP][PASSED] - if (i1 > -1): null

13-01-2025T07:12:40 - [TEST_STEP][PASSED] - x = x.substring(i1, x.length()): null

13-01-2025T07:12:40 - [TEST_STEP][PASSED] - i1 = x.indexOf("/") + 1: null

13-01-2025T07:12:40 - [TEST_STEP][PASSED] - if (i1 > -1): null

13-01-2025T07:12:40 - [TEST_STEP][PASSED] - x = x.substring(i1, x.length()): null

13-01-2025T07:12:40 - [TEST_STEP][PASSED] - i1 = x.indexOf("/") + 1: null

13-01-2025T07:12:40 - [TEST_STEP][PASSED] - if (i1 > -1): null

13-01-2025T07:12:40 - [TEST_STEP][PASSED] - x = x.substring(i1, x.length()): null

13-01-2025T07:12:40 - [TEST_STEP][PASSED] - i1 = x.indexOf("/") + 1: null

13-01-2025T07:12:40 - [TEST_STEP][PASSED] - if (i1 > -1): null

13-01-2025T07:12:40 - [TEST_STEP][PASSED] - x = x.substring(i1, x.length()): null

13-01-2025T07:12:40 - [TEST_STEP][PASSED] - i1 = x.indexOf("/"): null

13-01-2025T07:12:40 - [TEST_STEP][PASSED] - if (i1 > -1): null

13-01-2025T07:12:40 - [TEST_STEP][PASSED] - println(x): null

13-01-2025T07:12:40 - [TEST_STEP][FAILED] - return x: null

13-01-2025T07:12:40 - [TEST_STEP][PASSED] - println(o1R + "/" + o1B): null

13-01-2025T07:12:40 - [TEST_STEP][FAILED] - if (verifyEqual(PercFactR, PercFactB) == false): null

13-01-2025T07:12:40 - [MESSAGE][FAILED] - Unable to verify equal between actual object 'нет данных' and expected object '5.39' (Root cause: com.kms.katalon.core.exception.StepFailedException: Actual object 'нет данных' and expected object '5.39' are not equal
	at com.kms.katalon.core.keyword.builtin.VerifyEqualKeyword$_verifyEqual_closure1.doCall(VerifyEqualKeyword.groovy:58)
	at com.kms.katalon.core.keyword.builtin.VerifyEqualKeyword$_verifyEqual_closure1.call(VerifyEqualKeyword.groovy)
	at com.kms.katalon.core.keyword.internal.KeywordMain.runKeyword(KeywordMain.groovy:75)
	at com.kms.katalon.core.keyword.builtin.VerifyEqualKeyword.verifyEqual(VerifyEqualKeyword.groovy:63)
	at com.kms.katalon.core.keyword.builtin.VerifyEqualKeyword.execute(VerifyEqualKeyword.groovy:44)
	at com.kms.katalon.core.keyword.internal.KeywordExecutor.executeKeywordForPlatform(KeywordExecutor.groovy:74)
	at com.kms.katalon.core.keyword.BuiltinKeywords.verifyEqual(BuiltinKeywords.groovy:146)
	at jdk.internal.reflect.GeneratedMethodAccessor25.invoke(Unknown Source)
	at java.base/jdk.internal.reflect.DelegatingMethodAccessorImpl.invoke(DelegatingMethodAccessorImpl.java:43)
	at Выполнение бизнес-плана сверка дашбордов - Copy.CompareDZOData(Выполнение бизнес-плана сверка дашбордов - Copy:789)
	at Выполнение бизнес-плана сверка дашбордов - Copy.run(Выполнение бизнес-плана сверка дашбордов - Copy:623)
	at com.kms.katalon.core.main.ScriptEngine.run(ScriptEngine.java:194)
	at com.kms.katalon.core.main.ScriptEngine.runScriptAsRawText(ScriptEngine.java:119)
	at com.kms.katalon.core.main.TestCaseExecutor.runScript(TestCaseExecutor.java:448)
	at com.kms.katalon.core.main.TestCaseExecutor.doExecute(TestCaseExecutor.java:439)
	at com.kms.katalon.core.main.TestCaseExecutor.processExecutionPhase(TestCaseExecutor.java:418)
	at com.kms.katalon.core.main.TestCaseExecutor.accessMainPhase(TestCaseExecutor.java:410)
	at com.kms.katalon.core.main.TestCaseExecutor.execute(TestCaseExecutor.java:285)
	at com.kms.katalon.core.common.CommonExecutor.accessTestCaseMainPhase(CommonExecutor.java:65)
	at com.kms.katalon.core.main.TestSuiteExecutor.accessTestSuiteMainPhase(TestSuiteExecutor.java:150)
	at com.kms.katalon.core.main.TestSuiteExecutor.execute(TestSuiteExecutor.java:106)
	at com.kms.katalon.core.main.TestCaseMain.startTestSuite(TestCaseMain.java:180)
	at TempTestSuite1736740835951.run(TempTestSuite1736740835951.groovy:35)
	at java.base/jdk.internal.reflect.NativeMethodAccessorImpl.invoke0(Native Method)
	at java.base/jdk.internal.reflect.NativeMethodAccessorImpl.invoke(NativeMethodAccessorImpl.java:77)
	at java.base/jdk.internal.reflect.DelegatingMethodAccessorImpl.invoke(DelegatingMethodAccessorImpl.java:43)
)

13-01-2025T07:12:40 - [TEST_STEP][PASSED] - result = WriteToExcel(typeOfData, todaysDate, PercPlanR, PercPlanB, PercFactR, PercFactB, x, tabR, tabB, o1R, o1B, vidget): null

13-01-2025T07:12:40 - [TEST_STEP][PASSED] - iii = dZO.indexOf("/"): null

13-01-2025T07:12:40 - [TEST_STEP][PASSED] - println(iii): null

13-01-2025T07:12:40 - [TEST_STEP][PASSED] - dZO = dZO.substring(0, iii): null

13-01-2025T07:12:40 - [TEST_STEP][PASSED] - println(dZO): null

13-01-2025T07:12:40 - [TEST_STEP][PASSED] - println(PercPlanR): null

13-01-2025T07:12:40 - [TEST_STEP][PASSED] - println(PercPlanB): null

13-01-2025T07:12:40 - [TEST_STEP][PASSED] - println(PercFactR): null

13-01-2025T07:12:40 - [TEST_STEP][PASSED] - println(PercFactB): null

13-01-2025T07:12:40 - [TEST_STEP][PASSED] - println(tabR): null

13-01-2025T07:12:40 - [TEST_STEP][PASSED] - println(tabB): null

13-01-2025T07:12:40 - [TEST_STEP][PASSED] - println(o1R): null

13-01-2025T07:12:40 - [TEST_STEP][PASSED] - println(o1B): null

13-01-2025T07:12:40 - [TEST_STEP][PASSED] - PR = <not implemented yet for class: org.codehaus.groovy.ast.expr.EmptyExpression>: null

13-01-2025T07:12:40 - [TEST_STEP][PASSED] - FR = <not implemented yet for class: org.codehaus.groovy.ast.expr.EmptyExpression>: null

13-01-2025T07:12:40 - [TEST_STEP][PASSED] - PB = <not implemented yet for class: org.codehaus.groovy.ast.expr.EmptyExpression>: null

13-01-2025T07:12:40 - [TEST_STEP][PASSED] - FB = <not implemented yet for class: org.codehaus.groovy.ast.expr.EmptyExpression>: null

13-01-2025T07:12:40 - [TEST_STEP][PASSED] - TR = <not implemented yet for class: org.codehaus.groovy.ast.expr.EmptyExpression>: null

13-01-2025T07:12:40 - [TEST_STEP][PASSED] - TB = <not implemented yet for class: org.codehaus.groovy.ast.expr.EmptyExpression>: null

13-01-2025T07:12:40 - [TEST_STEP][PASSED] - sheetName = "Sheet1": null

13-01-2025T07:12:40 - [TEST_STEP][PASSED] - data = findTestData("PlanFact"): null

13-01-2025T07:12:40 - [TEST_STEP][PASSED] - n = data.getRowNumbers() + 1: null

13-01-2025T07:12:40 - [TEST_STEP][PASSED] - year = todaysDate.substring(todaysDate.length() - 4, todaysDate.length()): null

13-01-2025T07:12:40 - [TEST_STEP][PASSED] - y = year.toInteger(): null

13-01-2025T07:12:40 - [TEST_STEP][PASSED] - m = getText(findTestObject("Выполнение бизнес-плана/Выполнение бизнес-плана Балансы/Фильтр Дата")): Text of object 'Object Repository/Выполнение бизнес-плана/Выполнение бизнес-плана Балансы/Фильтр Дата' is: '1, 2, 3 кв., Октябрь, Ноябрь 2024 года'

13-01-2025T07:12:40 - [MESSAGE][PASSED] - Text of object 'Object Repository/Выполнение бизнес-плана/Выполнение бизнес-плана Балансы/Фильтр Дата' is: '1, 2, 3 кв., Октябрь, Ноябрь 2024 года'

13-01-2025T07:12:40 - [TEST_STEP][PASSED] - m = m.substring(0, m.indexOf("2024")): null

13-01-2025T07:12:40 - [TEST_STEP][PASSED] - m = m.trim(): null

13-01-2025T07:12:40 - [TEST_STEP][PASSED] - dashboardName = "Выполнение бизнес-плана": null

13-01-2025T07:12:40 - [TEST_STEP][PASSED] - workbook01 = getWorkbook(excelFilePath): null

13-01-2025T07:12:40 - [TEST_STEP][PASSED] - sheet01 = getExcelSheet(workbook01, sheetName): null

13-01-2025T07:12:40 - [TEST_STEP][PASSED] - setValueToCellByIndex(sheet01, n, 0, dashboardName): null

13-01-2025T07:12:40 - [TEST_STEP][PASSED] - setValueToCellByIndex(sheet01, n, 1, dZO): null

13-01-2025T07:12:40 - [TEST_STEP][PASSED] - setValueToCellByIndex(sheet01, n, 2, typeOfData): null

13-01-2025T07:12:40 - [TEST_STEP][PASSED] - setValueToCellByIndex(sheet01, n, 3, typeOfData): null

13-01-2025T07:12:40 - [TEST_STEP][PASSED] - if (typeOfData == "План"): null

13-01-2025T07:12:40 - [TEST_STEP][PASSED] - else if (typeOfData == "Факт"): null

13-01-2025T07:12:40 - [TEST_STEP][PASSED] - else if (vidget.contains("электроэнергии") == true): null

13-01-2025T07:12:40 - [TEST_STEP][PASSED] - else: null

13-01-2025T07:12:40 - [TEST_STEP][PASSED] - if (o1R == null): null

13-01-2025T07:12:40 - [TEST_STEP][PASSED] - else: null

13-01-2025T07:12:40 - [TEST_STEP][PASSED] - if (o1R == "нет данных"): null

13-01-2025T07:12:40 - [TEST_STEP][PASSED] - setValueToCellByIndex(sheet01, n, 4, "нет данных"): null

13-01-2025T07:12:40 - [TEST_STEP][PASSED] - if (o1B == null): null

13-01-2025T07:12:40 - [TEST_STEP][PASSED] - else: null

13-01-2025T07:12:40 - [TEST_STEP][PASSED] - if (o1B == "нет данных"): null

13-01-2025T07:12:40 - [TEST_STEP][PASSED] - else: null

13-01-2025T07:12:40 - [TEST_STEP][PASSED] - FB = o1B.toDouble(): null

13-01-2025T07:12:40 - [TEST_STEP][PASSED] - setValueToCellByIndex(sheet01, n, 5, FB): null

13-01-2025T07:12:40 - [TEST_STEP][PASSED] - setValueToCellByIndex(sheet01, n, 6, m): null

13-01-2025T07:12:40 - [TEST_STEP][PASSED] - setValueToCellByIndex(sheet01, n, 7, y): null

13-01-2025T07:12:40 - [TEST_STEP][PASSED] - setValueToCellByIndex(sheet01, n, 8, todaysDate): null

13-01-2025T07:12:40 - [TEST_STEP][PASSED] - n = n + 1: null

13-01-2025T07:12:40 - [TEST_STEP][FAILED] - saveWorkbook(excelFilePath, workbook01): null

13-01-2025T07:12:41 - [TEST_STEP][FAILED] - if (verifyEqual(siR, siB) == false): null

13-01-2025T07:12:41 - [MESSAGE][FAILED] - Unable to verify equal between actual object 'Россети Сибирь (ГК)/7.14/7.09/52412668/48697705/3714964/50003068/46434624/3568444/-0.05' and expected object 'Россети Сибирь (ГК)/7.14/7.09/52412668/48697705/3714964/0/нет данных/нет данных/-0.05' (Root cause: com.kms.katalon.core.exception.StepFailedException: Actual object 'Россети Сибирь (ГК)/7.14/7.09/52412668/48697705/3714964/50003068/46434624/3568444/-0.05' and expected object 'Россети Сибирь (ГК)/7.14/7.09/52412668/48697705/3714964/0/нет данных/нет данных/-0.05' are not equal
	at com.kms.katalon.core.keyword.builtin.VerifyEqualKeyword$_verifyEqual_closure1.doCall(VerifyEqualKeyword.groovy:58)
	at com.kms.katalon.core.keyword.builtin.VerifyEqualKeyword$_verifyEqual_closure1.call(VerifyEqualKeyword.groovy)
	at com.kms.katalon.core.keyword.internal.KeywordMain.runKeyword(KeywordMain.groovy:75)
	at com.kms.katalon.core.keyword.builtin.VerifyEqualKeyword.verifyEqual(VerifyEqualKeyword.groovy:63)
	at com.kms.katalon.core.keyword.builtin.VerifyEqualKeyword.execute(VerifyEqualKeyword.groovy:44)
	at com.kms.katalon.core.keyword.internal.KeywordExecutor.executeKeywordForPlatform(KeywordExecutor.groovy:74)
	at com.kms.katalon.core.keyword.BuiltinKeywords.verifyEqual(BuiltinKeywords.groovy:146)
	at jdk.internal.reflect.GeneratedMethodAccessor25.invoke(Unknown Source)
	at java.base/jdk.internal.reflect.DelegatingMethodAccessorImpl.invoke(DelegatingMethodAccessorImpl.java:43)
	at Выполнение бизнес-плана сверка дашбордов - Copy.run(Выполнение бизнес-плана сверка дашбордов - Copy:627)
	at com.kms.katalon.core.main.ScriptEngine.run(ScriptEngine.java:194)
	at com.kms.katalon.core.main.ScriptEngine.runScriptAsRawText(ScriptEngine.java:119)
	at com.kms.katalon.core.main.TestCaseExecutor.runScript(TestCaseExecutor.java:448)
	at com.kms.katalon.core.main.TestCaseExecutor.doExecute(TestCaseExecutor.java:439)
	at com.kms.katalon.core.main.TestCaseExecutor.processExecutionPhase(TestCaseExecutor.java:418)
	at com.kms.katalon.core.main.TestCaseExecutor.accessMainPhase(TestCaseExecutor.java:410)
	at com.kms.katalon.core.main.TestCaseExecutor.execute(TestCaseExecutor.java:285)
	at com.kms.katalon.core.common.CommonExecutor.accessTestCaseMainPhase(CommonExecutor.java:65)
	at com.kms.katalon.core.main.TestSuiteExecutor.accessTestSuiteMainPhase(TestSuiteExecutor.java:150)
	at com.kms.katalon.core.main.TestSuiteExecutor.execute(TestSuiteExecutor.java:106)
	at com.kms.katalon.core.main.TestCaseMain.startTestSuite(TestCaseMain.java:180)
	at TempTestSuite1736740835951.run(TempTestSuite1736740835951.groovy:35)
	at java.base/jdk.internal.reflect.NativeMethodAccessorImpl.invoke0(Native Method)
	at java.base/jdk.internal.reflect.NativeMethodAccessorImpl.invoke(NativeMethodAccessorImpl.java:77)
	at java.base/jdk.internal.reflect.DelegatingMethodAccessorImpl.invoke(DelegatingMethodAccessorImpl.java:43)
)

13-01-2025T07:12:41 - [TEST_STEP][PASSED] - result = CompareDZOData(a = siR, b = siB, dZO, typeOfData, PercPlanR, PercPlanB, PercFactR, PercFactB, todaysDate, x, vidget, tabR, tabB, o1R, o1B): null

13-01-2025T07:12:41 - [TEST_STEP][PASSED] - ii2 = <not implemented yet for class: org.codehaus.groovy.ast.expr.EmptyExpression>: null

13-01-2025T07:12:41 - [TEST_STEP][FAILED] - if (verifyEqual(a, b) == false): null

13-01-2025T07:12:41 - [MESSAGE][FAILED] - Unable to verify equal between actual object 'Россети Сибирь (ГК)/7.14/7.09/52412668/48697705/3714964/50003068/46434624/3568444/-0.05' and expected object 'Россети Сибирь (ГК)/7.14/7.09/52412668/48697705/3714964/0/нет данных/нет данных/-0.05' (Root cause: com.kms.katalon.core.exception.StepFailedException: Actual object 'Россети Сибирь (ГК)/7.14/7.09/52412668/48697705/3714964/50003068/46434624/3568444/-0.05' and expected object 'Россети Сибирь (ГК)/7.14/7.09/52412668/48697705/3714964/0/нет данных/нет данных/-0.05' are not equal
	at com.kms.katalon.core.keyword.builtin.VerifyEqualKeyword$_verifyEqual_closure1.doCall(VerifyEqualKeyword.groovy:58)
	at com.kms.katalon.core.keyword.builtin.VerifyEqualKeyword$_verifyEqual_closure1.call(VerifyEqualKeyword.groovy)
	at com.kms.katalon.core.keyword.internal.KeywordMain.runKeyword(KeywordMain.groovy:75)
	at com.kms.katalon.core.keyword.builtin.VerifyEqualKeyword.verifyEqual(VerifyEqualKeyword.groovy:63)
	at com.kms.katalon.core.keyword.builtin.VerifyEqualKeyword.execute(VerifyEqualKeyword.groovy:44)
	at com.kms.katalon.core.keyword.internal.KeywordExecutor.executeKeywordForPlatform(KeywordExecutor.groovy:74)
	at com.kms.katalon.core.keyword.BuiltinKeywords.verifyEqual(BuiltinKeywords.groovy:146)
	at jdk.internal.reflect.GeneratedMethodAccessor25.invoke(Unknown Source)
	at java.base/jdk.internal.reflect.DelegatingMethodAccessorImpl.invoke(DelegatingMethodAccessorImpl.java:43)
	at Выполнение бизнес-плана сверка дашбордов - Copy.CompareDZOData(Выполнение бизнес-плана сверка дашбордов - Copy:673)
	at Выполнение бизнес-плана сверка дашбордов - Copy.run(Выполнение бизнес-плана сверка дашбордов - Copy:628)
	at com.kms.katalon.core.main.ScriptEngine.run(ScriptEngine.java:194)
	at com.kms.katalon.core.main.ScriptEngine.runScriptAsRawText(ScriptEngine.java:119)
	at com.kms.katalon.core.main.TestCaseExecutor.runScript(TestCaseExecutor.java:448)
	at com.kms.katalon.core.main.TestCaseExecutor.doExecute(TestCaseExecutor.java:439)
	at com.kms.katalon.core.main.TestCaseExecutor.processExecutionPhase(TestCaseExecutor.java:418)
	at com.kms.katalon.core.main.TestCaseExecutor.accessMainPhase(TestCaseExecutor.java:410)
	at com.kms.katalon.core.main.TestCaseExecutor.execute(TestCaseExecutor.java:285)
	at com.kms.katalon.core.common.CommonExecutor.accessTestCaseMainPhase(CommonExecutor.java:65)
	at com.kms.katalon.core.main.TestSuiteExecutor.accessTestSuiteMainPhase(TestSuiteExecutor.java:150)
	at com.kms.katalon.core.main.TestSuiteExecutor.execute(TestSuiteExecutor.java:106)
	at com.kms.katalon.core.main.TestCaseMain.startTestSuite(TestCaseMain.java:180)
	at TempTestSuite1736740835951.run(TempTestSuite1736740835951.groovy:35)
	at java.base/jdk.internal.reflect.NativeMethodAccessorImpl.invoke0(Native Method)
	at java.base/jdk.internal.reflect.NativeMethodAccessorImpl.invoke(NativeMethodAccessorImpl.java:77)
	at java.base/jdk.internal.reflect.DelegatingMethodAccessorImpl.invoke(DelegatingMethodAccessorImpl.java:43)
)

13-01-2025T07:12:41 - [TEST_STEP][PASSED] - vidget = "Уровень потерь электроэнергии": null

13-01-2025T07:12:41 - [TEST_STEP][PASSED] - typeOfData = "План": null

13-01-2025T07:12:41 - [TEST_STEP][PASSED] - PercPlanR = GetPercPlanR(x = a): null

13-01-2025T07:12:41 - [TEST_STEP][PASSED] - i1 = <not implemented yet for class: org.codehaus.groovy.ast.expr.EmptyExpression>: null

13-01-2025T07:12:41 - [TEST_STEP][PASSED] - i1 = x.indexOf("/") + 1: null

13-01-2025T07:12:41 - [TEST_STEP][PASSED] - if (i1 > -1): null

13-01-2025T07:12:41 - [TEST_STEP][PASSED] - x = x.substring(i1, x.length()): null

13-01-2025T07:12:41 - [TEST_STEP][PASSED] - i1 = x.indexOf("/"): null

13-01-2025T07:12:41 - [TEST_STEP][PASSED] - if (i1 > -1): null

13-01-2025T07:12:41 - [TEST_STEP][PASSED] - x = x.substring(0, i1): null

13-01-2025T07:12:41 - [TEST_STEP][PASSED] - return x: null

13-01-2025T07:12:41 - [TEST_STEP][PASSED] - PercPlanB = GetPercPlanB(x = b): null

13-01-2025T07:12:41 - [TEST_STEP][PASSED] - i1 = <not implemented yet for class: org.codehaus.groovy.ast.expr.EmptyExpression>: null

13-01-2025T07:12:41 - [TEST_STEP][PASSED] - i1 = x.indexOf("/") + 1: null

13-01-2025T07:12:41 - [TEST_STEP][PASSED] - if (i1 > -1): null

13-01-2025T07:12:41 - [TEST_STEP][PASSED] - x = x.substring(i1, x.length()): null

13-01-2025T07:12:41 - [TEST_STEP][PASSED] - i1 = x.indexOf("/"): null

13-01-2025T07:12:41 - [TEST_STEP][PASSED] - if (i1 > -1): null

13-01-2025T07:12:41 - [TEST_STEP][PASSED] - x = x.substring(0, i1): null

13-01-2025T07:12:41 - [TEST_STEP][PASSED] - return x: null

13-01-2025T07:12:41 - [TEST_STEP][PASSED] - if (verifyEqual(PercPlanR, PercPlanB) == false): Actual object '7.14' and expected object '7.14' are equal

13-01-2025T07:12:41 - [MESSAGE][PASSED] - Actual object '7.14' and expected object '7.14' are equal

13-01-2025T07:12:41 - [TEST_STEP][PASSED] - typeOfData = "Факт": null

13-01-2025T07:12:41 - [TEST_STEP][PASSED] - PercFactR = GetPercFactR(x = a): null

13-01-2025T07:12:41 - [TEST_STEP][PASSED] - i1 = <not implemented yet for class: org.codehaus.groovy.ast.expr.EmptyExpression>: null

13-01-2025T07:12:41 - [TEST_STEP][PASSED] - ii = <not implemented yet for class: org.codehaus.groovy.ast.expr.EmptyExpression>: null

13-01-2025T07:12:41 - [TEST_STEP][PASSED] - for ([ii = 1, ii < 3, (ii++)]): null

13-01-2025T07:12:41 - [TEST_STEP][PASSED] - i1 = x.indexOf("/") + 1: null

13-01-2025T07:12:41 - [TEST_STEP][PASSED] - if (i1 > -1): null

13-01-2025T07:12:41 - [TEST_STEP][PASSED] - x = x.substring(i1, x.length()): null

13-01-2025T07:12:41 - [TEST_STEP][PASSED] - println(x): null

13-01-2025T07:12:41 - [TEST_STEP][PASSED] - i1 = x.indexOf("/") + 1: null

13-01-2025T07:12:41 - [TEST_STEP][PASSED] - if (i1 > -1): null

13-01-2025T07:12:41 - [TEST_STEP][PASSED] - x = x.substring(i1, x.length()): null

13-01-2025T07:12:41 - [TEST_STEP][PASSED] - println(x): null

13-01-2025T07:12:41 - [TEST_STEP][PASSED] - i1 = x.indexOf("/"): null

13-01-2025T07:12:41 - [TEST_STEP][PASSED] - if (i1 > -1): null

13-01-2025T07:12:41 - [TEST_STEP][PASSED] - x = x.substring(0, i1): null

13-01-2025T07:12:41 - [TEST_STEP][PASSED] - println(x): null

13-01-2025T07:12:41 - [TEST_STEP][PASSED] - return x: null

13-01-2025T07:12:41 - [TEST_STEP][PASSED] - PercFactB = GetPercFactB(x = b): null

13-01-2025T07:12:41 - [TEST_STEP][PASSED] - i1 = <not implemented yet for class: org.codehaus.groovy.ast.expr.EmptyExpression>: null

13-01-2025T07:12:41 - [TEST_STEP][PASSED] - ii = <not implemented yet for class: org.codehaus.groovy.ast.expr.EmptyExpression>: null

13-01-2025T07:12:41 - [TEST_STEP][PASSED] - for ([ii = 1, ii < 3, (ii++)]): null

13-01-2025T07:12:41 - [TEST_STEP][PASSED] - i1 = x.indexOf("/") + 1: null

13-01-2025T07:12:41 - [TEST_STEP][PASSED] - if (i1 > -1): null

13-01-2025T07:12:41 - [TEST_STEP][PASSED] - x = x.substring(i1, x.length()): null

13-01-2025T07:12:41 - [TEST_STEP][PASSED] - println(x): null

13-01-2025T07:12:41 - [TEST_STEP][PASSED] - i1 = x.indexOf("/") + 1: null

13-01-2025T07:12:41 - [TEST_STEP][PASSED] - if (i1 > -1): null

13-01-2025T07:12:41 - [TEST_STEP][PASSED] - x = x.substring(i1, x.length()): null

13-01-2025T07:12:41 - [TEST_STEP][PASSED] - println(x): null

13-01-2025T07:12:41 - [TEST_STEP][PASSED] - i1 = x.indexOf("/"): null

13-01-2025T07:12:41 - [TEST_STEP][PASSED] - if (i1 > -1): null

13-01-2025T07:12:41 - [TEST_STEP][PASSED] - x = x.substring(0, i1): null

13-01-2025T07:12:41 - [TEST_STEP][PASSED] - println(x): null

13-01-2025T07:12:41 - [TEST_STEP][PASSED] - return x: null

13-01-2025T07:12:41 - [TEST_STEP][PASSED] - if (verifyEqual(PercFactR, PercFactB) == false): Actual object '7.09' and expected object '7.09' are equal

13-01-2025T07:12:41 - [MESSAGE][PASSED] - Actual object '7.09' and expected object '7.09' are equal

13-01-2025T07:12:41 - [TEST_STEP][PASSED] - vidget = "Показатели баланса электроэнергии по ДЗО – Факт": null

13-01-2025T07:12:41 - [TEST_STEP][PASSED] - typeOfData = "Факт Отпуск в сеть": null

13-01-2025T07:12:41 - [TEST_STEP][PASSED] - tabR = GetOvSFactR(x = a): null

13-01-2025T07:12:41 - [TEST_STEP][PASSED] - i1 = <not implemented yet for class: org.codehaus.groovy.ast.expr.EmptyExpression>: null

13-01-2025T07:12:41 - [TEST_STEP][PASSED] - ii = <not implemented yet for class: org.codehaus.groovy.ast.expr.EmptyExpression>: null

13-01-2025T07:12:41 - [TEST_STEP][PASSED] - for ([ii = 1, ii < 4, (ii++)]): null

13-01-2025T07:12:41 - [TEST_STEP][PASSED] - i1 = x.indexOf("/") + 1: null

13-01-2025T07:12:41 - [TEST_STEP][PASSED] - if (i1 > -1): null

13-01-2025T07:12:41 - [TEST_STEP][PASSED] - x = x.substring(i1, x.length()): null

13-01-2025T07:12:41 - [TEST_STEP][PASSED] - println(x): null

13-01-2025T07:12:41 - [TEST_STEP][PASSED] - i1 = x.indexOf("/") + 1: null

13-01-2025T07:12:41 - [TEST_STEP][PASSED] - if (i1 > -1): null

13-01-2025T07:12:41 - [TEST_STEP][PASSED] - x = x.substring(i1, x.length()): null

13-01-2025T07:12:41 - [TEST_STEP][PASSED] - println(x): null

13-01-2025T07:12:41 - [TEST_STEP][PASSED] - i1 = x.indexOf("/") + 1: null

13-01-2025T07:12:41 - [TEST_STEP][PASSED] - if (i1 > -1): null

13-01-2025T07:12:41 - [TEST_STEP][PASSED] - x = x.substring(i1, x.length()): null

13-01-2025T07:12:41 - [TEST_STEP][PASSED] - println(x): null

13-01-2025T07:12:41 - [TEST_STEP][PASSED] - i1 = x.indexOf("/"): null

13-01-2025T07:12:41 - [TEST_STEP][PASSED] - if (i1 > -1): null

13-01-2025T07:12:41 - [TEST_STEP][PASSED] - x = x.substring(0, i1): null

13-01-2025T07:12:41 - [TEST_STEP][PASSED] - println(x): null

13-01-2025T07:12:41 - [TEST_STEP][PASSED] - return x: null

13-01-2025T07:12:41 - [TEST_STEP][PASSED] - tabB = GetOvSFactB(x = b): null

13-01-2025T07:12:41 - [TEST_STEP][PASSED] - i1 = <not implemented yet for class: org.codehaus.groovy.ast.expr.EmptyExpression>: null

13-01-2025T07:12:41 - [TEST_STEP][PASSED] - ii = <not implemented yet for class: org.codehaus.groovy.ast.expr.EmptyExpression>: null

13-01-2025T07:12:41 - [TEST_STEP][PASSED] - for ([ii = 1, ii < 4, (ii++)]): null

13-01-2025T07:12:41 - [TEST_STEP][PASSED] - i1 = x.indexOf("/") + 1: null

13-01-2025T07:12:41 - [TEST_STEP][PASSED] - if (i1 > -1): null

13-01-2025T07:12:41 - [TEST_STEP][PASSED] - x = x.substring(i1, x.length()): null

13-01-2025T07:12:41 - [TEST_STEP][PASSED] - println(x): null

13-01-2025T07:12:41 - [TEST_STEP][PASSED] - i1 = x.indexOf("/") + 1: null

13-01-2025T07:12:41 - [TEST_STEP][PASSED] - if (i1 > -1): null

13-01-2025T07:12:41 - [TEST_STEP][PASSED] - x = x.substring(i1, x.length()): null

13-01-2025T07:12:41 - [TEST_STEP][PASSED] - println(x): null

13-01-2025T07:12:41 - [TEST_STEP][PASSED] - i1 = x.indexOf("/") + 1: null

13-01-2025T07:12:41 - [TEST_STEP][PASSED] - if (i1 > -1): null

13-01-2025T07:12:41 - [TEST_STEP][PASSED] - x = x.substring(i1, x.length()): null

13-01-2025T07:12:41 - [TEST_STEP][PASSED] - println(x): null

13-01-2025T07:12:41 - [TEST_STEP][PASSED] - i1 = x.indexOf("/"): null

13-01-2025T07:12:41 - [TEST_STEP][PASSED] - if (i1 > -1): null

13-01-2025T07:12:41 - [TEST_STEP][PASSED] - x = x.substring(0, i1): null

13-01-2025T07:12:41 - [TEST_STEP][PASSED] - println(x): null

13-01-2025T07:12:41 - [TEST_STEP][PASSED] - return x: null

13-01-2025T07:12:41 - [TEST_STEP][PASSED] - if (verifyEqual(tabR, tabB) == false): Actual object '52412668' and expected object '52412668' are equal

13-01-2025T07:12:41 - [MESSAGE][PASSED] - Actual object '52412668' and expected object '52412668' are equal

13-01-2025T07:12:41 - [TEST_STEP][PASSED] - typeOfData = "Факт Отпуск из сети": null

13-01-2025T07:12:41 - [TEST_STEP][PASSED] - tabR = GetOiSFactR(x = a): null

13-01-2025T07:12:41 - [TEST_STEP][PASSED] - i1 = <not implemented yet for class: org.codehaus.groovy.ast.expr.EmptyExpression>: null

13-01-2025T07:12:41 - [TEST_STEP][PASSED] - ii = <not implemented yet for class: org.codehaus.groovy.ast.expr.EmptyExpression>: null

13-01-2025T07:12:41 - [TEST_STEP][PASSED] - for ([ii = 1, ii < 5, (ii++)]): null

13-01-2025T07:12:41 - [TEST_STEP][PASSED] - i1 = x.indexOf("/") + 1: null

13-01-2025T07:12:41 - [TEST_STEP][PASSED] - if (i1 > -1): null

13-01-2025T07:12:41 - [TEST_STEP][PASSED] - x = x.substring(i1, x.length()): null

13-01-2025T07:12:41 - [TEST_STEP][PASSED] - println(x): null

13-01-2025T07:12:41 - [TEST_STEP][PASSED] - i1 = x.indexOf("/") + 1: null

13-01-2025T07:12:41 - [TEST_STEP][PASSED] - if (i1 > -1): null

13-01-2025T07:12:41 - [TEST_STEP][PASSED] - x = x.substring(i1, x.length()): null

13-01-2025T07:12:41 - [TEST_STEP][PASSED] - println(x): null

13-01-2025T07:12:41 - [TEST_STEP][PASSED] - i1 = x.indexOf("/") + 1: null

13-01-2025T07:12:41 - [TEST_STEP][PASSED] - if (i1 > -1): null

13-01-2025T07:12:41 - [TEST_STEP][PASSED] - x = x.substring(i1, x.length()): null

13-01-2025T07:12:41 - [TEST_STEP][PASSED] - println(x): null

13-01-2025T07:12:41 - [TEST_STEP][PASSED] - i1 = x.indexOf("/") + 1: null

13-01-2025T07:12:41 - [TEST_STEP][PASSED] - if (i1 > -1): null

13-01-2025T07:12:41 - [TEST_STEP][PASSED] - x = x.substring(i1, x.length()): null

13-01-2025T07:12:41 - [TEST_STEP][PASSED] - println(x): null

13-01-2025T07:12:41 - [TEST_STEP][PASSED] - i1 = x.indexOf("/"): null

13-01-2025T07:12:41 - [TEST_STEP][PASSED] - if (i1 > -1): null

13-01-2025T07:12:41 - [TEST_STEP][PASSED] - x = x.substring(0, i1): null

13-01-2025T07:12:41 - [TEST_STEP][PASSED] - println(x): null

13-01-2025T07:12:41 - [TEST_STEP][PASSED] - return x: null

13-01-2025T07:12:41 - [TEST_STEP][PASSED] - tabB = GetOiSFactB(x = b): null

13-01-2025T07:12:41 - [TEST_STEP][PASSED] - i1 = <not implemented yet for class: org.codehaus.groovy.ast.expr.EmptyExpression>: null

13-01-2025T07:12:41 - [TEST_STEP][PASSED] - ii = <not implemented yet for class: org.codehaus.groovy.ast.expr.EmptyExpression>: null

13-01-2025T07:12:41 - [TEST_STEP][PASSED] - for ([ii = 1, ii < 5, (ii++)]): null

13-01-2025T07:12:41 - [TEST_STEP][PASSED] - i1 = x.indexOf("/") + 1: null

13-01-2025T07:12:41 - [TEST_STEP][PASSED] - if (i1 > -1): null

13-01-2025T07:12:41 - [TEST_STEP][PASSED] - x = x.substring(i1, x.length()): null

13-01-2025T07:12:41 - [TEST_STEP][PASSED] - println(x): null

13-01-2025T07:12:41 - [TEST_STEP][PASSED] - i1 = x.indexOf("/") + 1: null

13-01-2025T07:12:41 - [TEST_STEP][PASSED] - if (i1 > -1): null

13-01-2025T07:12:41 - [TEST_STEP][PASSED] - x = x.substring(i1, x.length()): null

13-01-2025T07:12:41 - [TEST_STEP][PASSED] - println(x): null

13-01-2025T07:12:41 - [TEST_STEP][PASSED] - i1 = x.indexOf("/") + 1: null

13-01-2025T07:12:41 - [TEST_STEP][PASSED] - if (i1 > -1): null

13-01-2025T07:12:41 - [TEST_STEP][PASSED] - x = x.substring(i1, x.length()): null

13-01-2025T07:12:41 - [TEST_STEP][PASSED] - println(x): null

13-01-2025T07:12:41 - [TEST_STEP][PASSED] - i1 = x.indexOf("/") + 1: null

13-01-2025T07:12:41 - [TEST_STEP][PASSED] - if (i1 > -1): null

13-01-2025T07:12:41 - [TEST_STEP][PASSED] - x = x.substring(i1, x.length()): null

13-01-2025T07:12:41 - [TEST_STEP][PASSED] - println(x): null

13-01-2025T07:12:41 - [TEST_STEP][PASSED] - i1 = x.indexOf("/"): null

13-01-2025T07:12:41 - [TEST_STEP][PASSED] - if (i1 > -1): null

13-01-2025T07:12:41 - [TEST_STEP][PASSED] - x = x.substring(0, i1): null

13-01-2025T07:12:41 - [TEST_STEP][PASSED] - println(x): null

13-01-2025T07:12:41 - [TEST_STEP][PASSED] - return x: null

13-01-2025T07:12:41 - [TEST_STEP][PASSED] - if (verifyEqual(tabR, tabB) == false): Actual object '48697705' and expected object '48697705' are equal

13-01-2025T07:12:41 - [MESSAGE][PASSED] - Actual object '48697705' and expected object '48697705' are equal

13-01-2025T07:12:41 - [TEST_STEP][PASSED] - typeOfData = "Факт Потери": null

13-01-2025T07:12:41 - [TEST_STEP][PASSED] - tabR = GetPFactR(x = a): null

13-01-2025T07:12:41 - [TEST_STEP][PASSED] - i1 = <not implemented yet for class: org.codehaus.groovy.ast.expr.EmptyExpression>: null

13-01-2025T07:12:41 - [TEST_STEP][PASSED] - ii = <not implemented yet for class: org.codehaus.groovy.ast.expr.EmptyExpression>: null

13-01-2025T07:12:41 - [TEST_STEP][PASSED] - for ([ii = 1, ii < 6, (ii++)]): null

13-01-2025T07:12:41 - [TEST_STEP][PASSED] - i1 = x.indexOf("/") + 1: null

13-01-2025T07:12:41 - [TEST_STEP][PASSED] - if (i1 > -1): null

13-01-2025T07:12:41 - [TEST_STEP][PASSED] - x = x.substring(i1, x.length()): null

13-01-2025T07:12:41 - [TEST_STEP][PASSED] - println(x): null

13-01-2025T07:12:41 - [TEST_STEP][PASSED] - i1 = x.indexOf("/") + 1: null

13-01-2025T07:12:41 - [TEST_STEP][PASSED] - if (i1 > -1): null

13-01-2025T07:12:41 - [TEST_STEP][PASSED] - x = x.substring(i1, x.length()): null

13-01-2025T07:12:41 - [TEST_STEP][PASSED] - println(x): null

13-01-2025T07:12:41 - [TEST_STEP][PASSED] - i1 = x.indexOf("/") + 1: null

13-01-2025T07:12:41 - [TEST_STEP][PASSED] - if (i1 > -1): null

13-01-2025T07:12:41 - [TEST_STEP][PASSED] - x = x.substring(i1, x.length()): null

13-01-2025T07:12:41 - [TEST_STEP][PASSED] - println(x): null

13-01-2025T07:12:41 - [TEST_STEP][PASSED] - i1 = x.indexOf("/") + 1: null

13-01-2025T07:12:41 - [TEST_STEP][PASSED] - if (i1 > -1): null

13-01-2025T07:12:41 - [TEST_STEP][PASSED] - x = x.substring(i1, x.length()): null

13-01-2025T07:12:41 - [TEST_STEP][PASSED] - println(x): null

13-01-2025T07:12:41 - [TEST_STEP][PASSED] - i1 = x.indexOf("/") + 1: null

13-01-2025T07:12:41 - [TEST_STEP][PASSED] - if (i1 > -1): null

13-01-2025T07:12:41 - [TEST_STEP][PASSED] - x = x.substring(i1, x.length()): null

13-01-2025T07:12:41 - [TEST_STEP][PASSED] - println(x): null

13-01-2025T07:12:41 - [TEST_STEP][PASSED] - i1 = x.indexOf("/"): null

13-01-2025T07:12:41 - [TEST_STEP][PASSED] - if (i1 > -1): null

13-01-2025T07:12:41 - [TEST_STEP][PASSED] - x = x.substring(0, i1): null

13-01-2025T07:12:41 - [TEST_STEP][PASSED] - println(x): null

13-01-2025T07:12:41 - [TEST_STEP][PASSED] - return x: null

13-01-2025T07:12:41 - [TEST_STEP][PASSED] - tabB = GetPFactB(x = b): null

13-01-2025T07:12:41 - [TEST_STEP][PASSED] - i1 = <not implemented yet for class: org.codehaus.groovy.ast.expr.EmptyExpression>: null

13-01-2025T07:12:41 - [TEST_STEP][PASSED] - ii = <not implemented yet for class: org.codehaus.groovy.ast.expr.EmptyExpression>: null

13-01-2025T07:12:41 - [TEST_STEP][PASSED] - for ([ii = 1, ii < 6, (ii++)]): null

13-01-2025T07:12:41 - [TEST_STEP][PASSED] - i1 = x.indexOf("/") + 1: null

13-01-2025T07:12:41 - [TEST_STEP][PASSED] - if (i1 > -1): null

13-01-2025T07:12:41 - [TEST_STEP][PASSED] - x = x.substring(i1, x.length()): null

13-01-2025T07:12:41 - [TEST_STEP][PASSED] - println(x): null

13-01-2025T07:12:41 - [TEST_STEP][PASSED] - i1 = x.indexOf("/") + 1: null

13-01-2025T07:12:41 - [TEST_STEP][PASSED] - if (i1 > -1): null

13-01-2025T07:12:41 - [TEST_STEP][PASSED] - x = x.substring(i1, x.length()): null

13-01-2025T07:12:41 - [TEST_STEP][PASSED] - println(x): null

13-01-2025T07:12:41 - [TEST_STEP][PASSED] - i1 = x.indexOf("/") + 1: null

13-01-2025T07:12:41 - [TEST_STEP][PASSED] - if (i1 > -1): null

13-01-2025T07:12:41 - [TEST_STEP][PASSED] - x = x.substring(i1, x.length()): null

13-01-2025T07:12:41 - [TEST_STEP][PASSED] - println(x): null

13-01-2025T07:12:41 - [TEST_STEP][PASSED] - i1 = x.indexOf("/") + 1: null

13-01-2025T07:12:41 - [TEST_STEP][PASSED] - if (i1 > -1): null

13-01-2025T07:12:41 - [TEST_STEP][PASSED] - x = x.substring(i1, x.length()): null

13-01-2025T07:12:41 - [TEST_STEP][PASSED] - println(x): null

13-01-2025T07:12:41 - [TEST_STEP][PASSED] - i1 = x.indexOf("/") + 1: null

13-01-2025T07:12:41 - [TEST_STEP][PASSED] - if (i1 > -1): null

13-01-2025T07:12:41 - [TEST_STEP][PASSED] - x = x.substring(i1, x.length()): null

13-01-2025T07:12:41 - [TEST_STEP][PASSED] - println(x): null

13-01-2025T07:12:41 - [TEST_STEP][PASSED] - i1 = x.indexOf("/"): null

13-01-2025T07:12:41 - [TEST_STEP][PASSED] - if (i1 > -1): null

13-01-2025T07:12:41 - [TEST_STEP][PASSED] - x = x.substring(0, i1): null

13-01-2025T07:12:41 - [TEST_STEP][PASSED] - println(x): null

13-01-2025T07:12:41 - [TEST_STEP][PASSED] - return x: null

13-01-2025T07:12:41 - [TEST_STEP][PASSED] - println(tabR + "/" + tabB): null

13-01-2025T07:12:41 - [TEST_STEP][PASSED] - if (verifyEqual(tabR, tabB) == false): Actual object '3714964' and expected object '3714964' are equal

13-01-2025T07:12:41 - [MESSAGE][PASSED] - Actual object '3714964' and expected object '3714964' are equal

13-01-2025T07:12:41 - [TEST_STEP][PASSED] - vidget = "Показатели баланса электроэнергии по ДЗО – План": null

13-01-2025T07:12:41 - [TEST_STEP][PASSED] - typeOfData = "План Отпуск в сеть": null

13-01-2025T07:12:41 - [TEST_STEP][PASSED] - tabR = GetOvSPlanR(x = a): null

13-01-2025T07:12:41 - [TEST_STEP][PASSED] - i1 = <not implemented yet for class: org.codehaus.groovy.ast.expr.EmptyExpression>: null

13-01-2025T07:12:41 - [TEST_STEP][PASSED] - ii = <not implemented yet for class: org.codehaus.groovy.ast.expr.EmptyExpression>: null

13-01-2025T07:12:41 - [TEST_STEP][PASSED] - for ([ii = 1, ii < 7, (ii++)]): null

13-01-2025T07:12:41 - [TEST_STEP][PASSED] - i1 = x.indexOf("/") + 1: null

13-01-2025T07:12:41 - [TEST_STEP][PASSED] - if (i1 > -1): null

13-01-2025T07:12:41 - [TEST_STEP][PASSED] - x = x.substring(i1, x.length()): null

13-01-2025T07:12:41 - [TEST_STEP][PASSED] - println(x): null

13-01-2025T07:12:41 - [TEST_STEP][PASSED] - i1 = x.indexOf("/") + 1: null

13-01-2025T07:12:41 - [TEST_STEP][PASSED] - if (i1 > -1): null

13-01-2025T07:12:41 - [TEST_STEP][PASSED] - x = x.substring(i1, x.length()): null

13-01-2025T07:12:41 - [TEST_STEP][PASSED] - println(x): null

13-01-2025T07:12:41 - [TEST_STEP][PASSED] - i1 = x.indexOf("/") + 1: null

13-01-2025T07:12:41 - [TEST_STEP][PASSED] - if (i1 > -1): null

13-01-2025T07:12:41 - [TEST_STEP][PASSED] - x = x.substring(i1, x.length()): null

13-01-2025T07:12:41 - [TEST_STEP][PASSED] - println(x): null

13-01-2025T07:12:41 - [TEST_STEP][PASSED] - i1 = x.indexOf("/") + 1: null

13-01-2025T07:12:41 - [TEST_STEP][PASSED] - if (i1 > -1): null

13-01-2025T07:12:41 - [TEST_STEP][PASSED] - x = x.substring(i1, x.length()): null

13-01-2025T07:12:41 - [TEST_STEP][PASSED] - println(x): null

13-01-2025T07:12:41 - [TEST_STEP][PASSED] - i1 = x.indexOf("/") + 1: null

13-01-2025T07:12:41 - [TEST_STEP][PASSED] - if (i1 > -1): null

13-01-2025T07:12:41 - [TEST_STEP][PASSED] - x = x.substring(i1, x.length()): null

13-01-2025T07:12:41 - [TEST_STEP][PASSED] - println(x): null

13-01-2025T07:12:41 - [TEST_STEP][PASSED] - i1 = x.indexOf("/") + 1: null

13-01-2025T07:12:41 - [TEST_STEP][PASSED] - if (i1 > -1): null

13-01-2025T07:12:41 - [TEST_STEP][PASSED] - x = x.substring(i1, x.length()): null

13-01-2025T07:12:41 - [TEST_STEP][PASSED] - println(x): null

13-01-2025T07:12:41 - [TEST_STEP][PASSED] - i1 = x.indexOf("/"): null

13-01-2025T07:12:41 - [TEST_STEP][PASSED] - if (i1 > -1): null

13-01-2025T07:12:41 - [TEST_STEP][PASSED] - x = x.substring(0, i1): null

13-01-2025T07:12:41 - [TEST_STEP][PASSED] - println(x): null

13-01-2025T07:12:41 - [TEST_STEP][PASSED] - return x: null

13-01-2025T07:12:41 - [TEST_STEP][PASSED] - tabB = GetOvSPlanB(x = b): null

13-01-2025T07:12:41 - [TEST_STEP][PASSED] - i1 = <not implemented yet for class: org.codehaus.groovy.ast.expr.EmptyExpression>: null

13-01-2025T07:12:41 - [TEST_STEP][PASSED] - ii = <not implemented yet for class: org.codehaus.groovy.ast.expr.EmptyExpression>: null

13-01-2025T07:12:41 - [TEST_STEP][PASSED] - for ([ii = 1, ii < 7, (ii++)]): null

13-01-2025T07:12:41 - [TEST_STEP][PASSED] - i1 = x.indexOf("/") + 1: null

13-01-2025T07:12:41 - [TEST_STEP][PASSED] - if (i1 > -1): null

13-01-2025T07:12:41 - [TEST_STEP][PASSED] - x = x.substring(i1, x.length()): null

13-01-2025T07:12:41 - [TEST_STEP][PASSED] - println(x): null

13-01-2025T07:12:41 - [TEST_STEP][PASSED] - i1 = x.indexOf("/") + 1: null

13-01-2025T07:12:41 - [TEST_STEP][PASSED] - if (i1 > -1): null

13-01-2025T07:12:41 - [TEST_STEP][PASSED] - x = x.substring(i1, x.length()): null

13-01-2025T07:12:41 - [TEST_STEP][PASSED] - println(x): null

13-01-2025T07:12:41 - [TEST_STEP][PASSED] - i1 = x.indexOf("/") + 1: null

13-01-2025T07:12:41 - [TEST_STEP][PASSED] - if (i1 > -1): null

13-01-2025T07:12:41 - [TEST_STEP][PASSED] - x = x.substring(i1, x.length()): null

13-01-2025T07:12:41 - [TEST_STEP][PASSED] - println(x): null

13-01-2025T07:12:41 - [TEST_STEP][PASSED] - i1 = x.indexOf("/") + 1: null

13-01-2025T07:12:41 - [TEST_STEP][PASSED] - if (i1 > -1): null

13-01-2025T07:12:41 - [TEST_STEP][PASSED] - x = x.substring(i1, x.length()): null

13-01-2025T07:12:41 - [TEST_STEP][PASSED] - println(x): null

13-01-2025T07:12:41 - [TEST_STEP][PASSED] - i1 = x.indexOf("/") + 1: null

13-01-2025T07:12:41 - [TEST_STEP][PASSED] - if (i1 > -1): null

13-01-2025T07:12:41 - [TEST_STEP][PASSED] - x = x.substring(i1, x.length()): null

13-01-2025T07:12:41 - [TEST_STEP][PASSED] - println(x): null

13-01-2025T07:12:41 - [TEST_STEP][PASSED] - i1 = x.indexOf("/") + 1: null

13-01-2025T07:12:41 - [TEST_STEP][PASSED] - if (i1 > -1): null

13-01-2025T07:12:41 - [TEST_STEP][PASSED] - x = x.substring(i1, x.length()): null

13-01-2025T07:12:41 - [TEST_STEP][PASSED] - println(x): null

13-01-2025T07:12:41 - [TEST_STEP][PASSED] - i1 = x.indexOf("/"): null

13-01-2025T07:12:41 - [TEST_STEP][PASSED] - if (i1 > -1): null

13-01-2025T07:12:41 - [TEST_STEP][PASSED] - x = x.substring(0, i1): null

13-01-2025T07:12:41 - [TEST_STEP][PASSED] - println(x): null

13-01-2025T07:12:41 - [TEST_STEP][PASSED] - return x: null

13-01-2025T07:12:41 - [TEST_STEP][PASSED] - println(tabR + "/" + tabB): null

13-01-2025T07:12:41 - [TEST_STEP][PASSED] - if (verifyEqual(PercFactR, PercFactB) == false): Actual object '7.09' and expected object '7.09' are equal

13-01-2025T07:12:41 - [MESSAGE][PASSED] - Actual object '7.09' and expected object '7.09' are equal

13-01-2025T07:12:41 - [TEST_STEP][PASSED] - typeOfData = "План Отпуск из сети": null

13-01-2025T07:12:41 - [TEST_STEP][PASSED] - tabR = GetOiSPlanR(x = a): null

13-01-2025T07:12:41 - [TEST_STEP][PASSED] - i1 = <not implemented yet for class: org.codehaus.groovy.ast.expr.EmptyExpression>: null

13-01-2025T07:12:41 - [TEST_STEP][PASSED] - ii = <not implemented yet for class: org.codehaus.groovy.ast.expr.EmptyExpression>: null

13-01-2025T07:12:41 - [TEST_STEP][PASSED] - for ([ii = 1, ii < 8, (ii++)]): null

13-01-2025T07:12:41 - [TEST_STEP][PASSED] - i1 = x.indexOf("/") + 1: null

13-01-2025T07:12:41 - [TEST_STEP][PASSED] - if (i1 > -1): null

13-01-2025T07:12:41 - [TEST_STEP][PASSED] - x = x.substring(i1, x.length()): null

13-01-2025T07:12:41 - [TEST_STEP][PASSED] - println(x): null

13-01-2025T07:12:41 - [TEST_STEP][PASSED] - i1 = x.indexOf("/") + 1: null

13-01-2025T07:12:41 - [TEST_STEP][PASSED] - if (i1 > -1): null

13-01-2025T07:12:41 - [TEST_STEP][PASSED] - x = x.substring(i1, x.length()): null

13-01-2025T07:12:41 - [TEST_STEP][PASSED] - println(x): null

13-01-2025T07:12:41 - [TEST_STEP][PASSED] - i1 = x.indexOf("/") + 1: null

13-01-2025T07:12:41 - [TEST_STEP][PASSED] - if (i1 > -1): null

13-01-2025T07:12:41 - [TEST_STEP][PASSED] - x = x.substring(i1, x.length()): null

13-01-2025T07:12:41 - [TEST_STEP][PASSED] - println(x): null

13-01-2025T07:12:41 - [TEST_STEP][PASSED] - i1 = x.indexOf("/") + 1: null

13-01-2025T07:12:41 - [TEST_STEP][PASSED] - if (i1 > -1): null

13-01-2025T07:12:41 - [TEST_STEP][PASSED] - x = x.substring(i1, x.length()): null

13-01-2025T07:12:41 - [TEST_STEP][PASSED] - println(x): null

13-01-2025T07:12:41 - [TEST_STEP][PASSED] - i1 = x.indexOf("/") + 1: null

13-01-2025T07:12:41 - [TEST_STEP][PASSED] - if (i1 > -1): null

13-01-2025T07:12:41 - [TEST_STEP][PASSED] - x = x.substring(i1, x.length()): null

13-01-2025T07:12:41 - [TEST_STEP][PASSED] - println(x): null

13-01-2025T07:12:41 - [TEST_STEP][PASSED] - i1 = x.indexOf("/") + 1: null

13-01-2025T07:12:41 - [TEST_STEP][PASSED] - if (i1 > -1): null

13-01-2025T07:12:41 - [TEST_STEP][PASSED] - x = x.substring(i1, x.length()): null

13-01-2025T07:12:41 - [TEST_STEP][PASSED] - println(x): null

13-01-2025T07:12:41 - [TEST_STEP][PASSED] - i1 = x.indexOf("/") + 1: null

13-01-2025T07:12:41 - [TEST_STEP][PASSED] - if (i1 > -1): null

13-01-2025T07:12:41 - [TEST_STEP][PASSED] - x = x.substring(i1, x.length()): null

13-01-2025T07:12:41 - [TEST_STEP][PASSED] - println(x): null

13-01-2025T07:12:41 - [TEST_STEP][PASSED] - i1 = x.indexOf("/"): null

13-01-2025T07:12:41 - [TEST_STEP][PASSED] - if (i1 > -1): null

13-01-2025T07:12:41 - [TEST_STEP][PASSED] - x = x.substring(0, i1): null

13-01-2025T07:12:41 - [TEST_STEP][PASSED] - println(x): null

13-01-2025T07:12:41 - [TEST_STEP][PASSED] - return x: null

13-01-2025T07:12:41 - [TEST_STEP][PASSED] - tabB = GetOiSPlanB(x = b): null

13-01-2025T07:12:41 - [TEST_STEP][PASSED] - i1 = <not implemented yet for class: org.codehaus.groovy.ast.expr.EmptyExpression>: null

13-01-2025T07:12:41 - [TEST_STEP][PASSED] - ii = <not implemented yet for class: org.codehaus.groovy.ast.expr.EmptyExpression>: null

13-01-2025T07:12:41 - [TEST_STEP][PASSED] - for ([ii = 1, ii < 8, (ii++)]): null

13-01-2025T07:12:41 - [TEST_STEP][PASSED] - i1 = x.indexOf("/") + 1: null

13-01-2025T07:12:41 - [TEST_STEP][PASSED] - if (i1 > -1): null

13-01-2025T07:12:41 - [TEST_STEP][PASSED] - x = x.substring(i1, x.length()): null

13-01-2025T07:12:41 - [TEST_STEP][PASSED] - println(x): null

13-01-2025T07:12:41 - [TEST_STEP][PASSED] - i1 = x.indexOf("/") + 1: null

13-01-2025T07:12:41 - [TEST_STEP][PASSED] - if (i1 > -1): null

13-01-2025T07:12:41 - [TEST_STEP][PASSED] - x = x.substring(i1, x.length()): null

13-01-2025T07:12:41 - [TEST_STEP][PASSED] - println(x): null

13-01-2025T07:12:41 - [TEST_STEP][PASSED] - i1 = x.indexOf("/") + 1: null

13-01-2025T07:12:41 - [TEST_STEP][PASSED] - if (i1 > -1): null

13-01-2025T07:12:41 - [TEST_STEP][PASSED] - x = x.substring(i1, x.length()): null

13-01-2025T07:12:41 - [TEST_STEP][PASSED] - println(x): null

13-01-2025T07:12:41 - [TEST_STEP][PASSED] - i1 = x.indexOf("/") + 1: null

13-01-2025T07:12:41 - [TEST_STEP][PASSED] - if (i1 > -1): null

13-01-2025T07:12:41 - [TEST_STEP][PASSED] - x = x.substring(i1, x.length()): null

13-01-2025T07:12:41 - [TEST_STEP][PASSED] - println(x): null

13-01-2025T07:12:41 - [TEST_STEP][PASSED] - i1 = x.indexOf("/") + 1: null

13-01-2025T07:12:41 - [TEST_STEP][PASSED] - if (i1 > -1): null

13-01-2025T07:12:41 - [TEST_STEP][PASSED] - x = x.substring(i1, x.length()): null

13-01-2025T07:12:41 - [TEST_STEP][PASSED] - println(x): null

13-01-2025T07:12:41 - [TEST_STEP][PASSED] - i1 = x.indexOf("/") + 1: null

13-01-2025T07:12:41 - [TEST_STEP][PASSED] - if (i1 > -1): null

13-01-2025T07:12:41 - [TEST_STEP][PASSED] - x = x.substring(i1, x.length()): null

13-01-2025T07:12:41 - [TEST_STEP][PASSED] - println(x): null

13-01-2025T07:12:41 - [TEST_STEP][PASSED] - i1 = x.indexOf("/") + 1: null

13-01-2025T07:12:41 - [TEST_STEP][PASSED] - if (i1 > -1): null

13-01-2025T07:12:41 - [TEST_STEP][PASSED] - x = x.substring(i1, x.length()): null

13-01-2025T07:12:41 - [TEST_STEP][PASSED] - println(x): null

13-01-2025T07:12:41 - [TEST_STEP][PASSED] - i1 = x.indexOf("/"): null

13-01-2025T07:12:41 - [TEST_STEP][PASSED] - if (i1 > -1): null

13-01-2025T07:12:41 - [TEST_STEP][PASSED] - x = x.substring(0, i1): null

13-01-2025T07:12:41 - [TEST_STEP][PASSED] - println(x): null

13-01-2025T07:12:41 - [TEST_STEP][PASSED] - return x: null

13-01-2025T07:12:41 - [TEST_STEP][PASSED] - println(tabR + "/" + tabB): null

13-01-2025T07:12:41 - [TEST_STEP][PASSED] - if (verifyEqual(PercFactR, PercFactB) == false): Actual object '7.09' and expected object '7.09' are equal

13-01-2025T07:12:41 - [MESSAGE][PASSED] - Actual object '7.09' and expected object '7.09' are equal

13-01-2025T07:12:41 - [TEST_STEP][PASSED] - typeOfData = "План Потери": null

13-01-2025T07:12:41 - [TEST_STEP][PASSED] - tabR = GetPPlanR(x = a): null

13-01-2025T07:12:41 - [TEST_STEP][PASSED] - i1 = <not implemented yet for class: org.codehaus.groovy.ast.expr.EmptyExpression>: null

13-01-2025T07:12:41 - [TEST_STEP][PASSED] - ii = <not implemented yet for class: org.codehaus.groovy.ast.expr.EmptyExpression>: null

13-01-2025T07:12:41 - [TEST_STEP][PASSED] - for ([ii = 1, ii < 9, (ii++)]): null

13-01-2025T07:12:41 - [TEST_STEP][PASSED] - i1 = x.indexOf("/") + 1: null

13-01-2025T07:12:41 - [TEST_STEP][PASSED] - if (i1 > -1): null

13-01-2025T07:12:41 - [TEST_STEP][PASSED] - x = x.substring(i1, x.length()): null

13-01-2025T07:12:41 - [TEST_STEP][PASSED] - println(x): null

13-01-2025T07:12:41 - [TEST_STEP][PASSED] - i1 = x.indexOf("/") + 1: null

13-01-2025T07:12:41 - [TEST_STEP][PASSED] - if (i1 > -1): null

13-01-2025T07:12:41 - [TEST_STEP][PASSED] - x = x.substring(i1, x.length()): null

13-01-2025T07:12:41 - [TEST_STEP][PASSED] - println(x): null

13-01-2025T07:12:41 - [TEST_STEP][PASSED] - i1 = x.indexOf("/") + 1: null

13-01-2025T07:12:41 - [TEST_STEP][PASSED] - if (i1 > -1): null

13-01-2025T07:12:41 - [TEST_STEP][PASSED] - x = x.substring(i1, x.length()): null

13-01-2025T07:12:41 - [TEST_STEP][PASSED] - println(x): null

13-01-2025T07:12:41 - [TEST_STEP][PASSED] - i1 = x.indexOf("/") + 1: null

13-01-2025T07:12:41 - [TEST_STEP][PASSED] - if (i1 > -1): null

13-01-2025T07:12:41 - [TEST_STEP][PASSED] - x = x.substring(i1, x.length()): null

13-01-2025T07:12:41 - [TEST_STEP][PASSED] - println(x): null

13-01-2025T07:12:41 - [TEST_STEP][PASSED] - i1 = x.indexOf("/") + 1: null

13-01-2025T07:12:41 - [TEST_STEP][PASSED] - if (i1 > -1): null

13-01-2025T07:12:41 - [TEST_STEP][PASSED] - x = x.substring(i1, x.length()): null

13-01-2025T07:12:41 - [TEST_STEP][PASSED] - println(x): null

13-01-2025T07:12:41 - [TEST_STEP][PASSED] - i1 = x.indexOf("/") + 1: null

13-01-2025T07:12:41 - [TEST_STEP][PASSED] - if (i1 > -1): null

13-01-2025T07:12:41 - [TEST_STEP][PASSED] - x = x.substring(i1, x.length()): null

13-01-2025T07:12:41 - [TEST_STEP][PASSED] - println(x): null

13-01-2025T07:12:41 - [TEST_STEP][PASSED] - i1 = x.indexOf("/") + 1: null

13-01-2025T07:12:41 - [TEST_STEP][PASSED] - if (i1 > -1): null

13-01-2025T07:12:41 - [TEST_STEP][PASSED] - x = x.substring(i1, x.length()): null

13-01-2025T07:12:41 - [TEST_STEP][PASSED] - println(x): null

13-01-2025T07:12:41 - [TEST_STEP][PASSED] - i1 = x.indexOf("/") + 1: null

13-01-2025T07:12:41 - [TEST_STEP][PASSED] - if (i1 > -1): null

13-01-2025T07:12:41 - [TEST_STEP][PASSED] - x = x.substring(i1, x.length()): null

13-01-2025T07:12:41 - [TEST_STEP][PASSED] - println(x): null

13-01-2025T07:12:41 - [TEST_STEP][PASSED] - i1 = x.indexOf("/"): null

13-01-2025T07:12:41 - [TEST_STEP][PASSED] - if (i1 > -1): null

13-01-2025T07:12:41 - [TEST_STEP][PASSED] - x = x.substring(0, i1): null

13-01-2025T07:12:41 - [TEST_STEP][PASSED] - println(x): null

13-01-2025T07:12:41 - [TEST_STEP][PASSED] - return x: null

13-01-2025T07:12:41 - [TEST_STEP][PASSED] - tabB = GetPPlanB(x = b): null

13-01-2025T07:12:41 - [TEST_STEP][PASSED] - i1 = <not implemented yet for class: org.codehaus.groovy.ast.expr.EmptyExpression>: null

13-01-2025T07:12:41 - [TEST_STEP][PASSED] - ii = <not implemented yet for class: org.codehaus.groovy.ast.expr.EmptyExpression>: null

13-01-2025T07:12:41 - [TEST_STEP][PASSED] - for ([ii = 1, ii < 9, (ii++)]): null

13-01-2025T07:12:41 - [TEST_STEP][PASSED] - i1 = x.indexOf("/") + 1: null

13-01-2025T07:12:41 - [TEST_STEP][PASSED] - if (i1 > -1): null

13-01-2025T07:12:41 - [TEST_STEP][PASSED] - x = x.substring(i1, x.length()): null

13-01-2025T07:12:41 - [TEST_STEP][PASSED] - println(x): null

13-01-2025T07:12:41 - [TEST_STEP][PASSED] - i1 = x.indexOf("/") + 1: null

13-01-2025T07:12:41 - [TEST_STEP][PASSED] - if (i1 > -1): null

13-01-2025T07:12:41 - [TEST_STEP][PASSED] - x = x.substring(i1, x.length()): null

13-01-2025T07:12:41 - [TEST_STEP][PASSED] - println(x): null

13-01-2025T07:12:41 - [TEST_STEP][PASSED] - i1 = x.indexOf("/") + 1: null

13-01-2025T07:12:41 - [TEST_STEP][PASSED] - if (i1 > -1): null

13-01-2025T07:12:41 - [TEST_STEP][PASSED] - x = x.substring(i1, x.length()): null

13-01-2025T07:12:41 - [TEST_STEP][PASSED] - println(x): null

13-01-2025T07:12:41 - [TEST_STEP][PASSED] - i1 = x.indexOf("/") + 1: null

13-01-2025T07:12:41 - [TEST_STEP][PASSED] - if (i1 > -1): null

13-01-2025T07:12:41 - [TEST_STEP][PASSED] - x = x.substring(i1, x.length()): null

13-01-2025T07:12:41 - [TEST_STEP][PASSED] - println(x): null

13-01-2025T07:12:41 - [TEST_STEP][PASSED] - i1 = x.indexOf("/") + 1: null

13-01-2025T07:12:41 - [TEST_STEP][PASSED] - if (i1 > -1): null

13-01-2025T07:12:41 - [TEST_STEP][PASSED] - x = x.substring(i1, x.length()): null

13-01-2025T07:12:41 - [TEST_STEP][PASSED] - println(x): null

13-01-2025T07:12:41 - [TEST_STEP][PASSED] - i1 = x.indexOf("/") + 1: null

13-01-2025T07:12:41 - [TEST_STEP][PASSED] - if (i1 > -1): null

13-01-2025T07:12:41 - [TEST_STEP][PASSED] - x = x.substring(i1, x.length()): null

13-01-2025T07:12:41 - [TEST_STEP][PASSED] - println(x): null

13-01-2025T07:12:41 - [TEST_STEP][PASSED] - i1 = x.indexOf("/") + 1: null

13-01-2025T07:12:41 - [TEST_STEP][PASSED] - if (i1 > -1): null

13-01-2025T07:12:41 - [TEST_STEP][PASSED] - x = x.substring(i1, x.length()): null

13-01-2025T07:12:41 - [TEST_STEP][PASSED] - println(x): null

13-01-2025T07:12:41 - [TEST_STEP][PASSED] - i1 = x.indexOf("/") + 1: null

13-01-2025T07:12:41 - [TEST_STEP][PASSED] - if (i1 > -1): null

13-01-2025T07:12:41 - [TEST_STEP][PASSED] - x = x.substring(i1, x.length()): null

13-01-2025T07:12:41 - [TEST_STEP][PASSED] - println(x): null

13-01-2025T07:12:41 - [TEST_STEP][PASSED] - i1 = x.indexOf("/"): null

13-01-2025T07:12:41 - [TEST_STEP][PASSED] - if (i1 > -1): null

13-01-2025T07:12:41 - [TEST_STEP][PASSED] - x = x.substring(0, i1): null

13-01-2025T07:12:41 - [TEST_STEP][PASSED] - println(x): null

13-01-2025T07:12:41 - [TEST_STEP][PASSED] - return x: null

13-01-2025T07:12:41 - [TEST_STEP][PASSED] - println(tabR + "/" + tabB): null

13-01-2025T07:12:41 - [TEST_STEP][PASSED] - if (verifyEqual(PercFactR, PercFactB) == false): Actual object '7.09' and expected object '7.09' are equal

13-01-2025T07:12:41 - [MESSAGE][PASSED] - Actual object '7.09' and expected object '7.09' are equal

13-01-2025T07:12:41 - [TEST_STEP][PASSED] - ii2 = a.indexOf("ПАО"): null

13-01-2025T07:12:41 - [TEST_STEP][PASSED] - if (ii2 == -1): null

13-01-2025T07:12:41 - [TEST_STEP][PASSED] - vidget = "Отклонения фактического уровня потерь от бизнес-плана": null

13-01-2025T07:12:41 - [TEST_STEP][PASSED] - typeOfData = "Коэффициент": null

13-01-2025T07:12:41 - [TEST_STEP][PASSED] - o1R = Geto1R(x = a): null

13-01-2025T07:12:41 - [TEST_STEP][PASSED] - i1 = <not implemented yet for class: org.codehaus.groovy.ast.expr.EmptyExpression>: null

13-01-2025T07:12:41 - [TEST_STEP][PASSED] - ii = <not implemented yet for class: org.codehaus.groovy.ast.expr.EmptyExpression>: null

13-01-2025T07:12:41 - [TEST_STEP][PASSED] - for ([ii = 1, ii < 10, (ii++)]): null

13-01-2025T07:12:41 - [TEST_STEP][PASSED] - i1 = x.indexOf("/") + 1: null

13-01-2025T07:12:41 - [TEST_STEP][PASSED] - if (i1 > -1): null

13-01-2025T07:12:41 - [TEST_STEP][PASSED] - x = x.substring(i1, x.length()): null

13-01-2025T07:12:41 - [TEST_STEP][PASSED] - i1 = x.indexOf("/") + 1: null

13-01-2025T07:12:41 - [TEST_STEP][PASSED] - if (i1 > -1): null

13-01-2025T07:12:41 - [TEST_STEP][PASSED] - x = x.substring(i1, x.length()): null

13-01-2025T07:12:41 - [TEST_STEP][PASSED] - i1 = x.indexOf("/") + 1: null

13-01-2025T07:12:41 - [TEST_STEP][PASSED] - if (i1 > -1): null

13-01-2025T07:12:41 - [TEST_STEP][PASSED] - x = x.substring(i1, x.length()): null

13-01-2025T07:12:41 - [TEST_STEP][PASSED] - i1 = x.indexOf("/") + 1: null

13-01-2025T07:12:41 - [TEST_STEP][PASSED] - if (i1 > -1): null

13-01-2025T07:12:41 - [TEST_STEP][PASSED] - x = x.substring(i1, x.length()): null

13-01-2025T07:12:41 - [TEST_STEP][PASSED] - i1 = x.indexOf("/") + 1: null

13-01-2025T07:12:41 - [TEST_STEP][PASSED] - if (i1 > -1): null

13-01-2025T07:12:41 - [TEST_STEP][PASSED] - x = x.substring(i1, x.length()): null

13-01-2025T07:12:41 - [TEST_STEP][PASSED] - i1 = x.indexOf("/") + 1: null

13-01-2025T07:12:41 - [TEST_STEP][PASSED] - if (i1 > -1): null

13-01-2025T07:12:41 - [TEST_STEP][PASSED] - x = x.substring(i1, x.length()): null

13-01-2025T07:12:41 - [TEST_STEP][PASSED] - i1 = x.indexOf("/") + 1: null

13-01-2025T07:12:41 - [TEST_STEP][PASSED] - if (i1 > -1): null

13-01-2025T07:12:41 - [TEST_STEP][PASSED] - x = x.substring(i1, x.length()): null

13-01-2025T07:12:41 - [TEST_STEP][PASSED] - i1 = x.indexOf("/") + 1: null

13-01-2025T07:12:41 - [TEST_STEP][PASSED] - if (i1 > -1): null

13-01-2025T07:12:41 - [TEST_STEP][PASSED] - x = x.substring(i1, x.length()): null

13-01-2025T07:12:41 - [TEST_STEP][PASSED] - i1 = x.indexOf("/") + 1: null

13-01-2025T07:12:41 - [TEST_STEP][PASSED] - if (i1 > -1): null

13-01-2025T07:12:41 - [TEST_STEP][PASSED] - x = x.substring(i1, x.length()): null

13-01-2025T07:12:41 - [TEST_STEP][PASSED] - i1 = x.indexOf("/"): null

13-01-2025T07:12:41 - [TEST_STEP][PASSED] - if (i1 > -1): null

13-01-2025T07:12:41 - [TEST_STEP][PASSED] - println(x): null

13-01-2025T07:12:41 - [TEST_STEP][PASSED] - return x: null

13-01-2025T07:12:41 - [TEST_STEP][PASSED] - o1B = Geto1B(x = b): null

13-01-2025T07:12:41 - [TEST_STEP][PASSED] - i1 = <not implemented yet for class: org.codehaus.groovy.ast.expr.EmptyExpression>: null

13-01-2025T07:12:41 - [TEST_STEP][PASSED] - ii = <not implemented yet for class: org.codehaus.groovy.ast.expr.EmptyExpression>: null

13-01-2025T07:12:41 - [TEST_STEP][PASSED] - for ([ii = 1, ii < 10, (ii++)]): null

13-01-2025T07:12:41 - [TEST_STEP][PASSED] - i1 = x.indexOf("/") + 1: null

13-01-2025T07:12:41 - [TEST_STEP][PASSED] - if (i1 > -1): null

13-01-2025T07:12:41 - [TEST_STEP][PASSED] - x = x.substring(i1, x.length()): null

13-01-2025T07:12:41 - [TEST_STEP][PASSED] - i1 = x.indexOf("/") + 1: null

13-01-2025T07:12:41 - [TEST_STEP][PASSED] - if (i1 > -1): null

13-01-2025T07:12:41 - [TEST_STEP][PASSED] - x = x.substring(i1, x.length()): null

13-01-2025T07:12:41 - [TEST_STEP][PASSED] - i1 = x.indexOf("/") + 1: null

13-01-2025T07:12:41 - [TEST_STEP][PASSED] - if (i1 > -1): null

13-01-2025T07:12:41 - [TEST_STEP][PASSED] - x = x.substring(i1, x.length()): null

13-01-2025T07:12:41 - [TEST_STEP][PASSED] - i1 = x.indexOf("/") + 1: null

13-01-2025T07:12:41 - [TEST_STEP][PASSED] - if (i1 > -1): null

13-01-2025T07:12:41 - [TEST_STEP][PASSED] - x = x.substring(i1, x.length()): null

13-01-2025T07:12:41 - [TEST_STEP][PASSED] - i1 = x.indexOf("/") + 1: null

13-01-2025T07:12:41 - [TEST_STEP][PASSED] - if (i1 > -1): null

13-01-2025T07:12:41 - [TEST_STEP][PASSED] - x = x.substring(i1, x.length()): null

13-01-2025T07:12:41 - [TEST_STEP][PASSED] - i1 = x.indexOf("/") + 1: null

13-01-2025T07:12:41 - [TEST_STEP][PASSED] - if (i1 > -1): null

13-01-2025T07:12:41 - [TEST_STEP][PASSED] - x = x.substring(i1, x.length()): null

13-01-2025T07:12:41 - [TEST_STEP][PASSED] - i1 = x.indexOf("/") + 1: null

13-01-2025T07:12:41 - [TEST_STEP][PASSED] - if (i1 > -1): null

13-01-2025T07:12:41 - [TEST_STEP][PASSED] - x = x.substring(i1, x.length()): null

13-01-2025T07:12:41 - [TEST_STEP][PASSED] - i1 = x.indexOf("/") + 1: null

13-01-2025T07:12:41 - [TEST_STEP][PASSED] - if (i1 > -1): null

13-01-2025T07:12:41 - [TEST_STEP][PASSED] - x = x.substring(i1, x.length()): null

13-01-2025T07:12:41 - [TEST_STEP][PASSED] - i1 = x.indexOf("/") + 1: null

13-01-2025T07:12:41 - [TEST_STEP][PASSED] - if (i1 > -1): null

13-01-2025T07:12:41 - [TEST_STEP][PASSED] - x = x.substring(i1, x.length()): null

13-01-2025T07:12:41 - [TEST_STEP][PASSED] - i1 = x.indexOf("/"): null

13-01-2025T07:12:41 - [TEST_STEP][PASSED] - if (i1 > -1): null

13-01-2025T07:12:41 - [TEST_STEP][PASSED] - println(x): null

13-01-2025T07:12:41 - [TEST_STEP][FAILED] - return x: null

13-01-2025T07:12:41 - [TEST_STEP][PASSED] - println(o1R + "/" + o1B): null

13-01-2025T07:12:41 - [TEST_STEP][PASSED] - if (verifyEqual(PercFactR, PercFactB) == false): Actual object '7.09' and expected object '7.09' are equal

13-01-2025T07:12:41 - [MESSAGE][PASSED] - Actual object '7.09' and expected object '7.09' are equal

13-01-2025T07:12:41 - [TEST_STEP][FAILED] - if (verifyEqual(tomR, tomB) == false): null

13-01-2025T07:12:41 - [MESSAGE][FAILED] - Unable to verify equal between actual object 'Россети Томск/нет данных/нет данных/нет данных/нет данных/нет данных/нет данных/нет данных/нет данных/нет данных' and expected object 'Россети Томск/8.61/8.58/4685132/4283226/401906/0/нет данных/нет данных/-0.03' (Root cause: com.kms.katalon.core.exception.StepFailedException: Actual object 'Россети Томск/нет данных/нет данных/нет данных/нет данных/нет данных/нет данных/нет данных/нет данных/нет данных' and expected object 'Россети Томск/8.61/8.58/4685132/4283226/401906/0/нет данных/нет данных/-0.03' are not equal
	at com.kms.katalon.core.keyword.builtin.VerifyEqualKeyword$_verifyEqual_closure1.doCall(VerifyEqualKeyword.groovy:58)
	at com.kms.katalon.core.keyword.builtin.VerifyEqualKeyword$_verifyEqual_closure1.call(VerifyEqualKeyword.groovy)
	at com.kms.katalon.core.keyword.internal.KeywordMain.runKeyword(KeywordMain.groovy:75)
	at com.kms.katalon.core.keyword.builtin.VerifyEqualKeyword.verifyEqual(VerifyEqualKeyword.groovy:63)
	at com.kms.katalon.core.keyword.builtin.VerifyEqualKeyword.execute(VerifyEqualKeyword.groovy:44)
	at com.kms.katalon.core.keyword.internal.KeywordExecutor.executeKeywordForPlatform(KeywordExecutor.groovy:74)
	at com.kms.katalon.core.keyword.BuiltinKeywords.verifyEqual(BuiltinKeywords.groovy:146)
	at jdk.internal.reflect.GeneratedMethodAccessor25.invoke(Unknown Source)
	at java.base/jdk.internal.reflect.DelegatingMethodAccessorImpl.invoke(DelegatingMethodAccessorImpl.java:43)
	at Выполнение бизнес-плана сверка дашбордов - Copy.run(Выполнение бизнес-плана сверка дашбордов - Copy:632)
	at com.kms.katalon.core.main.ScriptEngine.run(ScriptEngine.java:194)
	at com.kms.katalon.core.main.ScriptEngine.runScriptAsRawText(ScriptEngine.java:119)
	at com.kms.katalon.core.main.TestCaseExecutor.runScript(TestCaseExecutor.java:448)
	at com.kms.katalon.core.main.TestCaseExecutor.doExecute(TestCaseExecutor.java:439)
	at com.kms.katalon.core.main.TestCaseExecutor.processExecutionPhase(TestCaseExecutor.java:418)
	at com.kms.katalon.core.main.TestCaseExecutor.accessMainPhase(TestCaseExecutor.java:410)
	at com.kms.katalon.core.main.TestCaseExecutor.execute(TestCaseExecutor.java:285)
	at com.kms.katalon.core.common.CommonExecutor.accessTestCaseMainPhase(CommonExecutor.java:65)
	at com.kms.katalon.core.main.TestSuiteExecutor.accessTestSuiteMainPhase(TestSuiteExecutor.java:150)
	at com.kms.katalon.core.main.TestSuiteExecutor.execute(TestSuiteExecutor.java:106)
	at com.kms.katalon.core.main.TestCaseMain.startTestSuite(TestCaseMain.java:180)
	at TempTestSuite1736740835951.run(TempTestSuite1736740835951.groovy:35)
	at java.base/jdk.internal.reflect.NativeMethodAccessorImpl.invoke0(Native Method)
	at java.base/jdk.internal.reflect.NativeMethodAccessorImpl.invoke(NativeMethodAccessorImpl.java:77)
	at java.base/jdk.internal.reflect.DelegatingMethodAccessorImpl.invoke(DelegatingMethodAccessorImpl.java:43)
)

13-01-2025T07:12:41 - [TEST_STEP][PASSED] - result = CompareDZOData(a = tomR, b = tomB, dZO, typeOfData, PercPlanR, PercPlanB, PercFactR, PercFactB, todaysDate, x, vidget, tabR, tabB, o1R, o1B): null

13-01-2025T07:12:41 - [TEST_STEP][PASSED] - ii2 = <not implemented yet for class: org.codehaus.groovy.ast.expr.EmptyExpression>: null

13-01-2025T07:12:41 - [TEST_STEP][FAILED] - if (verifyEqual(a, b) == false): null

13-01-2025T07:12:41 - [MESSAGE][FAILED] - Unable to verify equal between actual object 'Россети Томск/нет данных/нет данных/нет данных/нет данных/нет данных/нет данных/нет данных/нет данных/нет данных' and expected object 'Россети Томск/8.61/8.58/4685132/4283226/401906/0/нет данных/нет данных/-0.03' (Root cause: com.kms.katalon.core.exception.StepFailedException: Actual object 'Россети Томск/нет данных/нет данных/нет данных/нет данных/нет данных/нет данных/нет данных/нет данных/нет данных' and expected object 'Россети Томск/8.61/8.58/4685132/4283226/401906/0/нет данных/нет данных/-0.03' are not equal
	at com.kms.katalon.core.keyword.builtin.VerifyEqualKeyword$_verifyEqual_closure1.doCall(VerifyEqualKeyword.groovy:58)
	at com.kms.katalon.core.keyword.builtin.VerifyEqualKeyword$_verifyEqual_closure1.call(VerifyEqualKeyword.groovy)
	at com.kms.katalon.core.keyword.internal.KeywordMain.runKeyword(KeywordMain.groovy:75)
	at com.kms.katalon.core.keyword.builtin.VerifyEqualKeyword.verifyEqual(VerifyEqualKeyword.groovy:63)
	at com.kms.katalon.core.keyword.builtin.VerifyEqualKeyword.execute(VerifyEqualKeyword.groovy:44)
	at com.kms.katalon.core.keyword.internal.KeywordExecutor.executeKeywordForPlatform(KeywordExecutor.groovy:74)
	at com.kms.katalon.core.keyword.BuiltinKeywords.verifyEqual(BuiltinKeywords.groovy:146)
	at jdk.internal.reflect.GeneratedMethodAccessor25.invoke(Unknown Source)
	at java.base/jdk.internal.reflect.DelegatingMethodAccessorImpl.invoke(DelegatingMethodAccessorImpl.java:43)
	at Выполнение бизнес-плана сверка дашбордов - Copy.CompareDZOData(Выполнение бизнес-плана сверка дашбордов - Copy:673)
	at Выполнение бизнес-плана сверка дашбордов - Copy.run(Выполнение бизнес-плана сверка дашбордов - Copy:633)
	at com.kms.katalon.core.main.ScriptEngine.run(ScriptEngine.java:194)
	at com.kms.katalon.core.main.ScriptEngine.runScriptAsRawText(ScriptEngine.java:119)
	at com.kms.katalon.core.main.TestCaseExecutor.runScript(TestCaseExecutor.java:448)
	at com.kms.katalon.core.main.TestCaseExecutor.doExecute(TestCaseExecutor.java:439)
	at com.kms.katalon.core.main.TestCaseExecutor.processExecutionPhase(TestCaseExecutor.java:418)
	at com.kms.katalon.core.main.TestCaseExecutor.accessMainPhase(TestCaseExecutor.java:410)
	at com.kms.katalon.core.main.TestCaseExecutor.execute(TestCaseExecutor.java:285)
	at com.kms.katalon.core.common.CommonExecutor.accessTestCaseMainPhase(CommonExecutor.java:65)
	at com.kms.katalon.core.main.TestSuiteExecutor.accessTestSuiteMainPhase(TestSuiteExecutor.java:150)
	at com.kms.katalon.core.main.TestSuiteExecutor.execute(TestSuiteExecutor.java:106)
	at com.kms.katalon.core.main.TestCaseMain.startTestSuite(TestCaseMain.java:180)
	at TempTestSuite1736740835951.run(TempTestSuite1736740835951.groovy:35)
	at java.base/jdk.internal.reflect.NativeMethodAccessorImpl.invoke0(Native Method)
	at java.base/jdk.internal.reflect.NativeMethodAccessorImpl.invoke(NativeMethodAccessorImpl.java:77)
	at java.base/jdk.internal.reflect.DelegatingMethodAccessorImpl.invoke(DelegatingMethodAccessorImpl.java:43)
)

13-01-2025T07:12:41 - [TEST_STEP][PASSED] - vidget = "Уровень потерь электроэнергии": null

13-01-2025T07:12:41 - [TEST_STEP][PASSED] - typeOfData = "План": null

13-01-2025T07:12:41 - [TEST_STEP][PASSED] - PercPlanR = GetPercPlanR(x = a): null

13-01-2025T07:12:41 - [TEST_STEP][PASSED] - i1 = <not implemented yet for class: org.codehaus.groovy.ast.expr.EmptyExpression>: null

13-01-2025T07:12:41 - [TEST_STEP][PASSED] - i1 = x.indexOf("/") + 1: null

13-01-2025T07:12:41 - [TEST_STEP][PASSED] - if (i1 > -1): null

13-01-2025T07:12:41 - [TEST_STEP][PASSED] - x = x.substring(i1, x.length()): null

13-01-2025T07:12:41 - [TEST_STEP][PASSED] - i1 = x.indexOf("/"): null

13-01-2025T07:12:41 - [TEST_STEP][PASSED] - if (i1 > -1): null

13-01-2025T07:12:41 - [TEST_STEP][PASSED] - x = x.substring(0, i1): null

13-01-2025T07:12:41 - [TEST_STEP][PASSED] - return x: null

13-01-2025T07:12:41 - [TEST_STEP][PASSED] - PercPlanB = GetPercPlanB(x = b): null

13-01-2025T07:12:41 - [TEST_STEP][PASSED] - i1 = <not implemented yet for class: org.codehaus.groovy.ast.expr.EmptyExpression>: null

13-01-2025T07:12:41 - [TEST_STEP][PASSED] - i1 = x.indexOf("/") + 1: null

13-01-2025T07:12:41 - [TEST_STEP][PASSED] - if (i1 > -1): null

13-01-2025T07:12:41 - [TEST_STEP][PASSED] - x = x.substring(i1, x.length()): null

13-01-2025T07:12:41 - [TEST_STEP][PASSED] - i1 = x.indexOf("/"): null

13-01-2025T07:12:41 - [TEST_STEP][PASSED] - if (i1 > -1): null

13-01-2025T07:12:41 - [TEST_STEP][PASSED] - x = x.substring(0, i1): null

13-01-2025T07:12:41 - [TEST_STEP][FAILED] - return x: null

13-01-2025T07:12:41 - [TEST_STEP][FAILED] - if (verifyEqual(PercPlanR, PercPlanB) == false): null

13-01-2025T07:12:41 - [MESSAGE][FAILED] - Unable to verify equal between actual object 'нет данных' and expected object '8.61' (Root cause: com.kms.katalon.core.exception.StepFailedException: Actual object 'нет данных' and expected object '8.61' are not equal
	at com.kms.katalon.core.keyword.builtin.VerifyEqualKeyword$_verifyEqual_closure1.doCall(VerifyEqualKeyword.groovy:58)
	at com.kms.katalon.core.keyword.builtin.VerifyEqualKeyword$_verifyEqual_closure1.call(VerifyEqualKeyword.groovy)
	at com.kms.katalon.core.keyword.internal.KeywordMain.runKeyword(KeywordMain.groovy:75)
	at com.kms.katalon.core.keyword.builtin.VerifyEqualKeyword.verifyEqual(VerifyEqualKeyword.groovy:63)
	at com.kms.katalon.core.keyword.builtin.VerifyEqualKeyword.execute(VerifyEqualKeyword.groovy:44)
	at com.kms.katalon.core.keyword.internal.KeywordExecutor.executeKeywordForPlatform(KeywordExecutor.groovy:74)
	at com.kms.katalon.core.keyword.BuiltinKeywords.verifyEqual(BuiltinKeywords.groovy:146)
	at jdk.internal.reflect.GeneratedMethodAccessor25.invoke(Unknown Source)
	at java.base/jdk.internal.reflect.DelegatingMethodAccessorImpl.invoke(DelegatingMethodAccessorImpl.java:43)
	at Выполнение бизнес-плана сверка дашбордов - Copy.CompareDZOData(Выполнение бизнес-плана сверка дашбордов - Copy:682)
	at Выполнение бизнес-плана сверка дашбордов - Copy.run(Выполнение бизнес-плана сверка дашбордов - Copy:633)
	at com.kms.katalon.core.main.ScriptEngine.run(ScriptEngine.java:194)
	at com.kms.katalon.core.main.ScriptEngine.runScriptAsRawText(ScriptEngine.java:119)
	at com.kms.katalon.core.main.TestCaseExecutor.runScript(TestCaseExecutor.java:448)
	at com.kms.katalon.core.main.TestCaseExecutor.doExecute(TestCaseExecutor.java:439)
	at com.kms.katalon.core.main.TestCaseExecutor.processExecutionPhase(TestCaseExecutor.java:418)
	at com.kms.katalon.core.main.TestCaseExecutor.accessMainPhase(TestCaseExecutor.java:410)
	at com.kms.katalon.core.main.TestCaseExecutor.execute(TestCaseExecutor.java:285)
	at com.kms.katalon.core.common.CommonExecutor.accessTestCaseMainPhase(CommonExecutor.java:65)
	at com.kms.katalon.core.main.TestSuiteExecutor.accessTestSuiteMainPhase(TestSuiteExecutor.java:150)
	at com.kms.katalon.core.main.TestSuiteExecutor.execute(TestSuiteExecutor.java:106)
	at com.kms.katalon.core.main.TestCaseMain.startTestSuite(TestCaseMain.java:180)
	at TempTestSuite1736740835951.run(TempTestSuite1736740835951.groovy:35)
	at java.base/jdk.internal.reflect.NativeMethodAccessorImpl.invoke0(Native Method)
	at java.base/jdk.internal.reflect.NativeMethodAccessorImpl.invoke(NativeMethodAccessorImpl.java:77)
	at java.base/jdk.internal.reflect.DelegatingMethodAccessorImpl.invoke(DelegatingMethodAccessorImpl.java:43)
)

13-01-2025T07:12:41 - [TEST_STEP][PASSED] - result = WriteToExcel(typeOfData, todaysDate, PercPlanR, PercPlanB, PercFactR, PercFactB, x, tabR, tabB, o1R, o1B, vidget): null

13-01-2025T07:12:41 - [TEST_STEP][PASSED] - iii = dZO.indexOf("/"): null

13-01-2025T07:12:41 - [TEST_STEP][PASSED] - println(iii): null

13-01-2025T07:12:41 - [TEST_STEP][PASSED] - dZO = dZO.substring(0, iii): null

13-01-2025T07:12:41 - [TEST_STEP][PASSED] - println(dZO): null

13-01-2025T07:12:41 - [TEST_STEP][PASSED] - println(PercPlanR): null

13-01-2025T07:12:41 - [TEST_STEP][PASSED] - println(PercPlanB): null

13-01-2025T07:12:41 - [TEST_STEP][PASSED] - println(PercFactR): null

13-01-2025T07:12:41 - [TEST_STEP][PASSED] - println(PercFactB): null

13-01-2025T07:12:41 - [TEST_STEP][PASSED] - println(tabR): null

13-01-2025T07:12:41 - [TEST_STEP][PASSED] - println(tabB): null

13-01-2025T07:12:41 - [TEST_STEP][PASSED] - println(o1R): null

13-01-2025T07:12:41 - [TEST_STEP][PASSED] - println(o1B): null

13-01-2025T07:12:41 - [TEST_STEP][PASSED] - PR = <not implemented yet for class: org.codehaus.groovy.ast.expr.EmptyExpression>: null

13-01-2025T07:12:41 - [TEST_STEP][PASSED] - FR = <not implemented yet for class: org.codehaus.groovy.ast.expr.EmptyExpression>: null

13-01-2025T07:12:41 - [TEST_STEP][PASSED] - PB = <not implemented yet for class: org.codehaus.groovy.ast.expr.EmptyExpression>: null

13-01-2025T07:12:41 - [TEST_STEP][PASSED] - FB = <not implemented yet for class: org.codehaus.groovy.ast.expr.EmptyExpression>: null

13-01-2025T07:12:41 - [TEST_STEP][PASSED] - TR = <not implemented yet for class: org.codehaus.groovy.ast.expr.EmptyExpression>: null

13-01-2025T07:12:41 - [TEST_STEP][PASSED] - TB = <not implemented yet for class: org.codehaus.groovy.ast.expr.EmptyExpression>: null

13-01-2025T07:12:41 - [TEST_STEP][PASSED] - sheetName = "Sheet1": null

13-01-2025T07:12:41 - [TEST_STEP][PASSED] - data = findTestData("PlanFact"): null

13-01-2025T07:12:41 - [TEST_STEP][PASSED] - n = data.getRowNumbers() + 1: null

13-01-2025T07:12:41 - [TEST_STEP][PASSED] - year = todaysDate.substring(todaysDate.length() - 4, todaysDate.length()): null

13-01-2025T07:12:41 - [TEST_STEP][PASSED] - y = year.toInteger(): null

13-01-2025T07:12:41 - [TEST_STEP][PASSED] - m = getText(findTestObject("Выполнение бизнес-плана/Выполнение бизнес-плана Балансы/Фильтр Дата")): Text of object 'Object Repository/Выполнение бизнес-плана/Выполнение бизнес-плана Балансы/Фильтр Дата' is: '1, 2, 3 кв., Октябрь, Ноябрь 2024 года'

13-01-2025T07:12:41 - [MESSAGE][PASSED] - Text of object 'Object Repository/Выполнение бизнес-плана/Выполнение бизнес-плана Балансы/Фильтр Дата' is: '1, 2, 3 кв., Октябрь, Ноябрь 2024 года'

13-01-2025T07:12:41 - [TEST_STEP][PASSED] - m = m.substring(0, m.indexOf("2024")): null

13-01-2025T07:12:41 - [TEST_STEP][PASSED] - m = m.trim(): null

13-01-2025T07:12:41 - [TEST_STEP][PASSED] - dashboardName = "Выполнение бизнес-плана": null

13-01-2025T07:12:41 - [TEST_STEP][PASSED] - workbook01 = getWorkbook(excelFilePath): null

13-01-2025T07:12:41 - [TEST_STEP][PASSED] - sheet01 = getExcelSheet(workbook01, sheetName): null

13-01-2025T07:12:41 - [TEST_STEP][PASSED] - setValueToCellByIndex(sheet01, n, 0, dashboardName): null

13-01-2025T07:12:41 - [TEST_STEP][PASSED] - setValueToCellByIndex(sheet01, n, 1, dZO): null

13-01-2025T07:12:41 - [TEST_STEP][PASSED] - setValueToCellByIndex(sheet01, n, 2, typeOfData): null

13-01-2025T07:12:41 - [TEST_STEP][PASSED] - setValueToCellByIndex(sheet01, n, 3, typeOfData): null

13-01-2025T07:12:41 - [TEST_STEP][PASSED] - if (typeOfData == "План"): null

13-01-2025T07:12:41 - [TEST_STEP][PASSED] - if (PercPlanR == null): null

13-01-2025T07:12:41 - [TEST_STEP][PASSED] - else: null

13-01-2025T07:12:41 - [TEST_STEP][PASSED] - if (PercPlanR == "нет данных"): null

13-01-2025T07:12:41 - [TEST_STEP][PASSED] - setValueToCellByIndex(sheet01, n, 4, "нет данных"): null

13-01-2025T07:12:41 - [TEST_STEP][PASSED] - if (PercPlanB == null): null

13-01-2025T07:12:41 - [TEST_STEP][PASSED] - else: null

13-01-2025T07:12:41 - [TEST_STEP][PASSED] - if (PercPlanB == "нет данных"): null

13-01-2025T07:12:41 - [TEST_STEP][PASSED] - else: null

13-01-2025T07:12:41 - [TEST_STEP][PASSED] - PB = PercPlanB.toDouble(): null

13-01-2025T07:12:41 - [TEST_STEP][PASSED] - setValueToCellByIndex(sheet01, n, 5, PB): null

13-01-2025T07:12:41 - [TEST_STEP][PASSED] - setValueToCellByIndex(sheet01, n, 6, m): null

13-01-2025T07:12:41 - [TEST_STEP][PASSED] - setValueToCellByIndex(sheet01, n, 7, y): null

13-01-2025T07:12:41 - [TEST_STEP][PASSED] - setValueToCellByIndex(sheet01, n, 8, todaysDate): null

13-01-2025T07:12:41 - [TEST_STEP][PASSED] - n = n + 1: null

13-01-2025T07:12:41 - [TEST_STEP][PASSED] - saveWorkbook(excelFilePath, workbook01): null

13-01-2025T07:12:41 - [TEST_STEP][PASSED] - typeOfData = "Факт": null

13-01-2025T07:12:41 - [TEST_STEP][PASSED] - PercFactR = GetPercFactR(x = a): null

13-01-2025T07:12:41 - [TEST_STEP][PASSED] - i1 = <not implemented yet for class: org.codehaus.groovy.ast.expr.EmptyExpression>: null

13-01-2025T07:12:41 - [TEST_STEP][PASSED] - ii = <not implemented yet for class: org.codehaus.groovy.ast.expr.EmptyExpression>: null

13-01-2025T07:12:41 - [TEST_STEP][PASSED] - for ([ii = 1, ii < 3, (ii++)]): null

13-01-2025T07:12:41 - [TEST_STEP][PASSED] - i1 = x.indexOf("/") + 1: null

13-01-2025T07:12:41 - [TEST_STEP][PASSED] - if (i1 > -1): null

13-01-2025T07:12:41 - [TEST_STEP][PASSED] - x = x.substring(i1, x.length()): null

13-01-2025T07:12:41 - [TEST_STEP][PASSED] - println(x): null

13-01-2025T07:12:41 - [TEST_STEP][PASSED] - i1 = x.indexOf("/") + 1: null

13-01-2025T07:12:41 - [TEST_STEP][PASSED] - if (i1 > -1): null

13-01-2025T07:12:41 - [TEST_STEP][PASSED] - x = x.substring(i1, x.length()): null

13-01-2025T07:12:41 - [TEST_STEP][PASSED] - println(x): null

13-01-2025T07:12:41 - [TEST_STEP][PASSED] - i1 = x.indexOf("/"): null

13-01-2025T07:12:41 - [TEST_STEP][PASSED] - if (i1 > -1): null

13-01-2025T07:12:41 - [TEST_STEP][PASSED] - x = x.substring(0, i1): null

13-01-2025T07:12:41 - [TEST_STEP][PASSED] - println(x): null

13-01-2025T07:12:41 - [TEST_STEP][PASSED] - return x: null

13-01-2025T07:12:41 - [TEST_STEP][PASSED] - PercFactB = GetPercFactB(x = b): null

13-01-2025T07:12:41 - [TEST_STEP][PASSED] - i1 = <not implemented yet for class: org.codehaus.groovy.ast.expr.EmptyExpression>: null

13-01-2025T07:12:41 - [TEST_STEP][PASSED] - ii = <not implemented yet for class: org.codehaus.groovy.ast.expr.EmptyExpression>: null

13-01-2025T07:12:41 - [TEST_STEP][PASSED] - for ([ii = 1, ii < 3, (ii++)]): null

13-01-2025T07:12:41 - [TEST_STEP][PASSED] - i1 = x.indexOf("/") + 1: null

13-01-2025T07:12:41 - [TEST_STEP][PASSED] - if (i1 > -1): null

13-01-2025T07:12:41 - [TEST_STEP][PASSED] - x = x.substring(i1, x.length()): null

13-01-2025T07:12:41 - [TEST_STEP][PASSED] - println(x): null

13-01-2025T07:12:41 - [TEST_STEP][PASSED] - i1 = x.indexOf("/") + 1: null

13-01-2025T07:12:41 - [TEST_STEP][PASSED] - if (i1 > -1): null

13-01-2025T07:12:41 - [TEST_STEP][PASSED] - x = x.substring(i1, x.length()): null

13-01-2025T07:12:41 - [TEST_STEP][PASSED] - println(x): null

13-01-2025T07:12:41 - [TEST_STEP][PASSED] - i1 = x.indexOf("/"): null

13-01-2025T07:12:41 - [TEST_STEP][PASSED] - if (i1 > -1): null

13-01-2025T07:12:41 - [TEST_STEP][PASSED] - x = x.substring(0, i1): null

13-01-2025T07:12:41 - [TEST_STEP][PASSED] - println(x): null

13-01-2025T07:12:41 - [TEST_STEP][FAILED] - return x: null

13-01-2025T07:12:41 - [TEST_STEP][FAILED] - if (verifyEqual(PercFactR, PercFactB) == false): null

13-01-2025T07:12:41 - [MESSAGE][FAILED] - Unable to verify equal between actual object 'нет данных' and expected object '8.58' (Root cause: com.kms.katalon.core.exception.StepFailedException: Actual object 'нет данных' and expected object '8.58' are not equal
	at com.kms.katalon.core.keyword.builtin.VerifyEqualKeyword$_verifyEqual_closure1.doCall(VerifyEqualKeyword.groovy:58)
	at com.kms.katalon.core.keyword.builtin.VerifyEqualKeyword$_verifyEqual_closure1.call(VerifyEqualKeyword.groovy)
	at com.kms.katalon.core.keyword.internal.KeywordMain.runKeyword(KeywordMain.groovy:75)
	at com.kms.katalon.core.keyword.builtin.VerifyEqualKeyword.verifyEqual(VerifyEqualKeyword.groovy:63)
	at com.kms.katalon.core.keyword.builtin.VerifyEqualKeyword.execute(VerifyEqualKeyword.groovy:44)
	at com.kms.katalon.core.keyword.internal.KeywordExecutor.executeKeywordForPlatform(KeywordExecutor.groovy:74)
	at com.kms.katalon.core.keyword.BuiltinKeywords.verifyEqual(BuiltinKeywords.groovy:146)
	at jdk.internal.reflect.GeneratedMethodAccessor25.invoke(Unknown Source)
	at java.base/jdk.internal.reflect.DelegatingMethodAccessorImpl.invoke(DelegatingMethodAccessorImpl.java:43)
	at Выполнение бизнес-плана сверка дашбордов - Copy.CompareDZOData(Выполнение бизнес-плана сверка дашбордов - Copy:693)
	at Выполнение бизнес-плана сверка дашбордов - Copy.run(Выполнение бизнес-плана сверка дашбордов - Copy:633)
	at com.kms.katalon.core.main.ScriptEngine.run(ScriptEngine.java:194)
	at com.kms.katalon.core.main.ScriptEngine.runScriptAsRawText(ScriptEngine.java:119)
	at com.kms.katalon.core.main.TestCaseExecutor.runScript(TestCaseExecutor.java:448)
	at com.kms.katalon.core.main.TestCaseExecutor.doExecute(TestCaseExecutor.java:439)
	at com.kms.katalon.core.main.TestCaseExecutor.processExecutionPhase(TestCaseExecutor.java:418)
	at com.kms.katalon.core.main.TestCaseExecutor.accessMainPhase(TestCaseExecutor.java:410)
	at com.kms.katalon.core.main.TestCaseExecutor.execute(TestCaseExecutor.java:285)
	at com.kms.katalon.core.common.CommonExecutor.accessTestCaseMainPhase(CommonExecutor.java:65)
	at com.kms.katalon.core.main.TestSuiteExecutor.accessTestSuiteMainPhase(TestSuiteExecutor.java:150)
	at com.kms.katalon.core.main.TestSuiteExecutor.execute(TestSuiteExecutor.java:106)
	at com.kms.katalon.core.main.TestCaseMain.startTestSuite(TestCaseMain.java:180)
	at TempTestSuite1736740835951.run(TempTestSuite1736740835951.groovy:35)
	at java.base/jdk.internal.reflect.NativeMethodAccessorImpl.invoke0(Native Method)
	at java.base/jdk.internal.reflect.NativeMethodAccessorImpl.invoke(NativeMethodAccessorImpl.java:77)
	at java.base/jdk.internal.reflect.DelegatingMethodAccessorImpl.invoke(DelegatingMethodAccessorImpl.java:43)
)

13-01-2025T07:12:41 - [TEST_STEP][PASSED] - result = WriteToExcel(typeOfData, todaysDate, PercPlanR, PercPlanB, PercFactR, PercFactB, x, tabR, tabB, o1R, o1B, vidget): null

13-01-2025T07:12:41 - [TEST_STEP][PASSED] - iii = dZO.indexOf("/"): null

13-01-2025T07:12:41 - [TEST_STEP][PASSED] - println(iii): null

13-01-2025T07:12:41 - [TEST_STEP][PASSED] - dZO = dZO.substring(0, iii): null

13-01-2025T07:12:41 - [TEST_STEP][PASSED] - println(dZO): null

13-01-2025T07:12:41 - [TEST_STEP][PASSED] - println(PercPlanR): null

13-01-2025T07:12:41 - [TEST_STEP][PASSED] - println(PercPlanB): null

13-01-2025T07:12:41 - [TEST_STEP][PASSED] - println(PercFactR): null

13-01-2025T07:12:41 - [TEST_STEP][PASSED] - println(PercFactB): null

13-01-2025T07:12:41 - [TEST_STEP][PASSED] - println(tabR): null

13-01-2025T07:12:41 - [TEST_STEP][PASSED] - println(tabB): null

13-01-2025T07:12:41 - [TEST_STEP][PASSED] - println(o1R): null

13-01-2025T07:12:41 - [TEST_STEP][PASSED] - println(o1B): null

13-01-2025T07:12:41 - [TEST_STEP][PASSED] - PR = <not implemented yet for class: org.codehaus.groovy.ast.expr.EmptyExpression>: null

13-01-2025T07:12:41 - [TEST_STEP][PASSED] - FR = <not implemented yet for class: org.codehaus.groovy.ast.expr.EmptyExpression>: null

13-01-2025T07:12:41 - [TEST_STEP][PASSED] - PB = <not implemented yet for class: org.codehaus.groovy.ast.expr.EmptyExpression>: null

13-01-2025T07:12:41 - [TEST_STEP][PASSED] - FB = <not implemented yet for class: org.codehaus.groovy.ast.expr.EmptyExpression>: null

13-01-2025T07:12:41 - [TEST_STEP][PASSED] - TR = <not implemented yet for class: org.codehaus.groovy.ast.expr.EmptyExpression>: null

13-01-2025T07:12:41 - [TEST_STEP][PASSED] - TB = <not implemented yet for class: org.codehaus.groovy.ast.expr.EmptyExpression>: null

13-01-2025T07:12:41 - [TEST_STEP][PASSED] - sheetName = "Sheet1": null

13-01-2025T07:12:41 - [TEST_STEP][PASSED] - data = findTestData("PlanFact"): null

13-01-2025T07:12:41 - [TEST_STEP][PASSED] - n = data.getRowNumbers() + 1: null

13-01-2025T07:12:41 - [TEST_STEP][PASSED] - year = todaysDate.substring(todaysDate.length() - 4, todaysDate.length()): null

13-01-2025T07:12:41 - [TEST_STEP][PASSED] - y = year.toInteger(): null

13-01-2025T07:12:41 - [TEST_STEP][PASSED] - m = getText(findTestObject("Выполнение бизнес-плана/Выполнение бизнес-плана Балансы/Фильтр Дата")): Text of object 'Object Repository/Выполнение бизнес-плана/Выполнение бизнес-плана Балансы/Фильтр Дата' is: '1, 2, 3 кв., Октябрь, Ноябрь 2024 года'

13-01-2025T07:12:42 - [MESSAGE][PASSED] - Text of object 'Object Repository/Выполнение бизнес-плана/Выполнение бизнес-плана Балансы/Фильтр Дата' is: '1, 2, 3 кв., Октябрь, Ноябрь 2024 года'

13-01-2025T07:12:42 - [TEST_STEP][PASSED] - m = m.substring(0, m.indexOf("2024")): null

13-01-2025T07:12:42 - [TEST_STEP][PASSED] - m = m.trim(): null

13-01-2025T07:12:42 - [TEST_STEP][PASSED] - dashboardName = "Выполнение бизнес-плана": null

13-01-2025T07:12:42 - [TEST_STEP][PASSED] - workbook01 = getWorkbook(excelFilePath): null

13-01-2025T07:12:42 - [TEST_STEP][PASSED] - sheet01 = getExcelSheet(workbook01, sheetName): null

13-01-2025T07:12:42 - [TEST_STEP][PASSED] - setValueToCellByIndex(sheet01, n, 0, dashboardName): null

13-01-2025T07:12:42 - [TEST_STEP][PASSED] - setValueToCellByIndex(sheet01, n, 1, dZO): null

13-01-2025T07:12:42 - [TEST_STEP][PASSED] - setValueToCellByIndex(sheet01, n, 2, typeOfData): null

13-01-2025T07:12:42 - [TEST_STEP][PASSED] - setValueToCellByIndex(sheet01, n, 3, typeOfData): null

13-01-2025T07:12:42 - [TEST_STEP][PASSED] - if (typeOfData == "План"): null

13-01-2025T07:12:42 - [TEST_STEP][PASSED] - else if (typeOfData == "Факт"): null

13-01-2025T07:12:42 - [TEST_STEP][PASSED] - if (PercFactR == null): null

13-01-2025T07:12:42 - [TEST_STEP][PASSED] - else: null

13-01-2025T07:12:42 - [TEST_STEP][PASSED] - if (PercFactR == "нет данных"): null

13-01-2025T07:12:42 - [TEST_STEP][PASSED] - setValueToCellByIndex(sheet01, n, 4, "нет данных"): null

13-01-2025T07:12:42 - [TEST_STEP][PASSED] - if (PercFactB == null): null

13-01-2025T07:12:42 - [TEST_STEP][PASSED] - else: null

13-01-2025T07:12:42 - [TEST_STEP][PASSED] - if (PercFactB == "нет данных"): null

13-01-2025T07:12:42 - [TEST_STEP][PASSED] - else: null

13-01-2025T07:12:42 - [TEST_STEP][PASSED] - FB = PercFactB.toDouble(): null

13-01-2025T07:12:42 - [TEST_STEP][PASSED] - setValueToCellByIndex(sheet01, n, 5, FB): null

13-01-2025T07:12:42 - [TEST_STEP][PASSED] - setValueToCellByIndex(sheet01, n, 6, m): null

13-01-2025T07:12:42 - [TEST_STEP][PASSED] - setValueToCellByIndex(sheet01, n, 7, y): null

13-01-2025T07:12:42 - [TEST_STEP][PASSED] - setValueToCellByIndex(sheet01, n, 8, todaysDate): null

13-01-2025T07:12:42 - [TEST_STEP][PASSED] - n = n + 1: null

13-01-2025T07:12:42 - [TEST_STEP][PASSED] - saveWorkbook(excelFilePath, workbook01): null

13-01-2025T07:12:42 - [TEST_STEP][PASSED] - vidget = "Показатели баланса электроэнергии по ДЗО – Факт": null

13-01-2025T07:12:42 - [TEST_STEP][PASSED] - typeOfData = "Факт Отпуск в сеть": null

13-01-2025T07:12:42 - [TEST_STEP][PASSED] - tabR = GetOvSFactR(x = a): null

13-01-2025T07:12:42 - [TEST_STEP][PASSED] - i1 = <not implemented yet for class: org.codehaus.groovy.ast.expr.EmptyExpression>: null

13-01-2025T07:12:42 - [TEST_STEP][PASSED] - ii = <not implemented yet for class: org.codehaus.groovy.ast.expr.EmptyExpression>: null

13-01-2025T07:12:42 - [TEST_STEP][PASSED] - for ([ii = 1, ii < 4, (ii++)]): null

13-01-2025T07:12:42 - [TEST_STEP][PASSED] - i1 = x.indexOf("/") + 1: null

13-01-2025T07:12:42 - [TEST_STEP][PASSED] - if (i1 > -1): null

13-01-2025T07:12:42 - [TEST_STEP][PASSED] - x = x.substring(i1, x.length()): null

13-01-2025T07:12:42 - [TEST_STEP][PASSED] - println(x): null

13-01-2025T07:12:42 - [TEST_STEP][PASSED] - i1 = x.indexOf("/") + 1: null

13-01-2025T07:12:42 - [TEST_STEP][PASSED] - if (i1 > -1): null

13-01-2025T07:12:42 - [TEST_STEP][PASSED] - x = x.substring(i1, x.length()): null

13-01-2025T07:12:42 - [TEST_STEP][PASSED] - println(x): null

13-01-2025T07:12:42 - [TEST_STEP][PASSED] - i1 = x.indexOf("/") + 1: null

13-01-2025T07:12:42 - [TEST_STEP][PASSED] - if (i1 > -1): null

13-01-2025T07:12:42 - [TEST_STEP][PASSED] - x = x.substring(i1, x.length()): null

13-01-2025T07:12:42 - [TEST_STEP][PASSED] - println(x): null

13-01-2025T07:12:42 - [TEST_STEP][PASSED] - i1 = x.indexOf("/"): null

13-01-2025T07:12:42 - [TEST_STEP][PASSED] - if (i1 > -1): null

13-01-2025T07:12:42 - [TEST_STEP][PASSED] - x = x.substring(0, i1): null

13-01-2025T07:12:42 - [TEST_STEP][PASSED] - println(x): null

13-01-2025T07:12:42 - [TEST_STEP][PASSED] - return x: null

13-01-2025T07:12:42 - [TEST_STEP][PASSED] - tabB = GetOvSFactB(x = b): null

13-01-2025T07:12:42 - [TEST_STEP][PASSED] - i1 = <not implemented yet for class: org.codehaus.groovy.ast.expr.EmptyExpression>: null

13-01-2025T07:12:42 - [TEST_STEP][PASSED] - ii = <not implemented yet for class: org.codehaus.groovy.ast.expr.EmptyExpression>: null

13-01-2025T07:12:42 - [TEST_STEP][PASSED] - for ([ii = 1, ii < 4, (ii++)]): null

13-01-2025T07:12:42 - [TEST_STEP][PASSED] - i1 = x.indexOf("/") + 1: null

13-01-2025T07:12:42 - [TEST_STEP][PASSED] - if (i1 > -1): null

13-01-2025T07:12:42 - [TEST_STEP][PASSED] - x = x.substring(i1, x.length()): null

13-01-2025T07:12:42 - [TEST_STEP][PASSED] - println(x): null

13-01-2025T07:12:42 - [TEST_STEP][PASSED] - i1 = x.indexOf("/") + 1: null

13-01-2025T07:12:42 - [TEST_STEP][PASSED] - if (i1 > -1): null

13-01-2025T07:12:42 - [TEST_STEP][PASSED] - x = x.substring(i1, x.length()): null

13-01-2025T07:12:42 - [TEST_STEP][PASSED] - println(x): null

13-01-2025T07:12:42 - [TEST_STEP][PASSED] - i1 = x.indexOf("/") + 1: null

13-01-2025T07:12:42 - [TEST_STEP][PASSED] - if (i1 > -1): null

13-01-2025T07:12:42 - [TEST_STEP][PASSED] - x = x.substring(i1, x.length()): null

13-01-2025T07:12:42 - [TEST_STEP][PASSED] - println(x): null

13-01-2025T07:12:42 - [TEST_STEP][PASSED] - i1 = x.indexOf("/"): null

13-01-2025T07:12:42 - [TEST_STEP][PASSED] - if (i1 > -1): null

13-01-2025T07:12:42 - [TEST_STEP][PASSED] - x = x.substring(0, i1): null

13-01-2025T07:12:42 - [TEST_STEP][PASSED] - println(x): null

13-01-2025T07:12:42 - [TEST_STEP][FAILED] - return x: null

13-01-2025T07:12:42 - [TEST_STEP][FAILED] - if (verifyEqual(tabR, tabB) == false): null

13-01-2025T07:12:42 - [MESSAGE][FAILED] - Unable to verify equal between actual object 'нет данных' and expected object '4685132' (Root cause: com.kms.katalon.core.exception.StepFailedException: Actual object 'нет данных' and expected object '4685132' are not equal
	at com.kms.katalon.core.keyword.builtin.VerifyEqualKeyword$_verifyEqual_closure1.doCall(VerifyEqualKeyword.groovy:58)
	at com.kms.katalon.core.keyword.builtin.VerifyEqualKeyword$_verifyEqual_closure1.call(VerifyEqualKeyword.groovy)
	at com.kms.katalon.core.keyword.internal.KeywordMain.runKeyword(KeywordMain.groovy:75)
	at com.kms.katalon.core.keyword.builtin.VerifyEqualKeyword.verifyEqual(VerifyEqualKeyword.groovy:63)
	at com.kms.katalon.core.keyword.builtin.VerifyEqualKeyword.execute(VerifyEqualKeyword.groovy:44)
	at com.kms.katalon.core.keyword.internal.KeywordExecutor.executeKeywordForPlatform(KeywordExecutor.groovy:74)
	at com.kms.katalon.core.keyword.BuiltinKeywords.verifyEqual(BuiltinKeywords.groovy:146)
	at jdk.internal.reflect.GeneratedMethodAccessor25.invoke(Unknown Source)
	at java.base/jdk.internal.reflect.DelegatingMethodAccessorImpl.invoke(DelegatingMethodAccessorImpl.java:43)
	at Выполнение бизнес-плана сверка дашбордов - Copy.CompareDZOData(Выполнение бизнес-плана сверка дашбордов - Copy:706)
	at Выполнение бизнес-плана сверка дашбордов - Copy.run(Выполнение бизнес-плана сверка дашбордов - Copy:633)
	at com.kms.katalon.core.main.ScriptEngine.run(ScriptEngine.java:194)
	at com.kms.katalon.core.main.ScriptEngine.runScriptAsRawText(ScriptEngine.java:119)
	at com.kms.katalon.core.main.TestCaseExecutor.runScript(TestCaseExecutor.java:448)
	at com.kms.katalon.core.main.TestCaseExecutor.doExecute(TestCaseExecutor.java:439)
	at com.kms.katalon.core.main.TestCaseExecutor.processExecutionPhase(TestCaseExecutor.java:418)
	at com.kms.katalon.core.main.TestCaseExecutor.accessMainPhase(TestCaseExecutor.java:410)
	at com.kms.katalon.core.main.TestCaseExecutor.execute(TestCaseExecutor.java:285)
	at com.kms.katalon.core.common.CommonExecutor.accessTestCaseMainPhase(CommonExecutor.java:65)
	at com.kms.katalon.core.main.TestSuiteExecutor.accessTestSuiteMainPhase(TestSuiteExecutor.java:150)
	at com.kms.katalon.core.main.TestSuiteExecutor.execute(TestSuiteExecutor.java:106)
	at com.kms.katalon.core.main.TestCaseMain.startTestSuite(TestCaseMain.java:180)
	at TempTestSuite1736740835951.run(TempTestSuite1736740835951.groovy:35)
	at java.base/jdk.internal.reflect.NativeMethodAccessorImpl.invoke0(Native Method)
	at java.base/jdk.internal.reflect.NativeMethodAccessorImpl.invoke(NativeMethodAccessorImpl.java:77)
	at java.base/jdk.internal.reflect.DelegatingMethodAccessorImpl.invoke(DelegatingMethodAccessorImpl.java:43)
)

13-01-2025T07:12:42 - [TEST_STEP][PASSED] - result = WriteToExcel(typeOfData, todaysDate, PercPlanR, PercPlanB, PercFactR, PercFactB, x, tabR, tabB, o1R, o1B, vidget): null

13-01-2025T07:12:42 - [TEST_STEP][PASSED] - iii = dZO.indexOf("/"): null

13-01-2025T07:12:42 - [TEST_STEP][PASSED] - println(iii): null

13-01-2025T07:12:42 - [TEST_STEP][PASSED] - dZO = dZO.substring(0, iii): null

13-01-2025T07:12:42 - [TEST_STEP][PASSED] - println(dZO): null

13-01-2025T07:12:42 - [TEST_STEP][PASSED] - println(PercPlanR): null

13-01-2025T07:12:42 - [TEST_STEP][PASSED] - println(PercPlanB): null

13-01-2025T07:12:42 - [TEST_STEP][PASSED] - println(PercFactR): null

13-01-2025T07:12:42 - [TEST_STEP][PASSED] - println(PercFactB): null

13-01-2025T07:12:42 - [TEST_STEP][PASSED] - println(tabR): null

13-01-2025T07:12:42 - [TEST_STEP][PASSED] - println(tabB): null

13-01-2025T07:12:42 - [TEST_STEP][PASSED] - println(o1R): null

13-01-2025T07:12:42 - [TEST_STEP][PASSED] - println(o1B): null

13-01-2025T07:12:42 - [TEST_STEP][PASSED] - PR = <not implemented yet for class: org.codehaus.groovy.ast.expr.EmptyExpression>: null

13-01-2025T07:12:42 - [TEST_STEP][PASSED] - FR = <not implemented yet for class: org.codehaus.groovy.ast.expr.EmptyExpression>: null

13-01-2025T07:12:42 - [TEST_STEP][PASSED] - PB = <not implemented yet for class: org.codehaus.groovy.ast.expr.EmptyExpression>: null

13-01-2025T07:12:42 - [TEST_STEP][PASSED] - FB = <not implemented yet for class: org.codehaus.groovy.ast.expr.EmptyExpression>: null

13-01-2025T07:12:42 - [TEST_STEP][PASSED] - TR = <not implemented yet for class: org.codehaus.groovy.ast.expr.EmptyExpression>: null

13-01-2025T07:12:42 - [TEST_STEP][PASSED] - TB = <not implemented yet for class: org.codehaus.groovy.ast.expr.EmptyExpression>: null

13-01-2025T07:12:42 - [TEST_STEP][PASSED] - sheetName = "Sheet1": null

13-01-2025T07:12:42 - [TEST_STEP][PASSED] - data = findTestData("PlanFact"): null

13-01-2025T07:12:42 - [TEST_STEP][PASSED] - n = data.getRowNumbers() + 1: null

13-01-2025T07:12:42 - [TEST_STEP][PASSED] - year = todaysDate.substring(todaysDate.length() - 4, todaysDate.length()): null

13-01-2025T07:12:42 - [TEST_STEP][PASSED] - y = year.toInteger(): null

13-01-2025T07:12:42 - [TEST_STEP][PASSED] - m = getText(findTestObject("Выполнение бизнес-плана/Выполнение бизнес-плана Балансы/Фильтр Дата")): Text of object 'Object Repository/Выполнение бизнес-плана/Выполнение бизнес-плана Балансы/Фильтр Дата' is: '1, 2, 3 кв., Октябрь, Ноябрь 2024 года'

13-01-2025T07:12:42 - [MESSAGE][PASSED] - Text of object 'Object Repository/Выполнение бизнес-плана/Выполнение бизнес-плана Балансы/Фильтр Дата' is: '1, 2, 3 кв., Октябрь, Ноябрь 2024 года'

13-01-2025T07:12:42 - [TEST_STEP][PASSED] - m = m.substring(0, m.indexOf("2024")): null

13-01-2025T07:12:42 - [TEST_STEP][PASSED] - m = m.trim(): null

13-01-2025T07:12:42 - [TEST_STEP][PASSED] - dashboardName = "Выполнение бизнес-плана": null

13-01-2025T07:12:42 - [TEST_STEP][PASSED] - workbook01 = getWorkbook(excelFilePath): null

13-01-2025T07:12:42 - [TEST_STEP][PASSED] - sheet01 = getExcelSheet(workbook01, sheetName): null

13-01-2025T07:12:42 - [TEST_STEP][PASSED] - setValueToCellByIndex(sheet01, n, 0, dashboardName): null

13-01-2025T07:12:42 - [TEST_STEP][PASSED] - setValueToCellByIndex(sheet01, n, 1, dZO): null

13-01-2025T07:12:42 - [TEST_STEP][PASSED] - setValueToCellByIndex(sheet01, n, 2, typeOfData): null

13-01-2025T07:12:42 - [TEST_STEP][PASSED] - setValueToCellByIndex(sheet01, n, 3, typeOfData): null

13-01-2025T07:12:42 - [TEST_STEP][PASSED] - if (typeOfData == "План"): null

13-01-2025T07:12:42 - [TEST_STEP][PASSED] - else if (typeOfData == "Факт"): null

13-01-2025T07:12:42 - [TEST_STEP][PASSED] - else if (vidget.contains("электроэнергии") == true): null

13-01-2025T07:12:42 - [TEST_STEP][PASSED] - if (tabR == null): null

13-01-2025T07:12:42 - [TEST_STEP][PASSED] - else: null

13-01-2025T07:12:42 - [TEST_STEP][PASSED] - if (tabR == "нет данных"): null

13-01-2025T07:12:42 - [TEST_STEP][PASSED] - setValueToCellByIndex(sheet01, n, 4, "нет данных"): null

13-01-2025T07:12:42 - [TEST_STEP][PASSED] - if (tabB == null): null

13-01-2025T07:12:42 - [TEST_STEP][PASSED] - else: null

13-01-2025T07:12:42 - [TEST_STEP][PASSED] - if (tabB == "нет данных"): null

13-01-2025T07:12:42 - [TEST_STEP][PASSED] - else: null

13-01-2025T07:12:42 - [TEST_STEP][PASSED] - TB = tabB.toInteger(): null

13-01-2025T07:12:42 - [TEST_STEP][PASSED] - setValueToCellByIndex(sheet01, n, 5, TB): null

13-01-2025T07:12:42 - [TEST_STEP][PASSED] - setValueToCellByIndex(sheet01, n, 6, m): null

13-01-2025T07:12:42 - [TEST_STEP][PASSED] - setValueToCellByIndex(sheet01, n, 7, y): null

13-01-2025T07:12:42 - [TEST_STEP][PASSED] - setValueToCellByIndex(sheet01, n, 8, todaysDate): null

13-01-2025T07:12:42 - [TEST_STEP][PASSED] - n = n + 1: null

13-01-2025T07:12:42 - [TEST_STEP][PASSED] - saveWorkbook(excelFilePath, workbook01): null

13-01-2025T07:12:43 - [TEST_STEP][PASSED] - typeOfData = "Факт Отпуск из сети": null

13-01-2025T07:12:43 - [TEST_STEP][PASSED] - tabR = GetOiSFactR(x = a): null

13-01-2025T07:12:43 - [TEST_STEP][PASSED] - i1 = <not implemented yet for class: org.codehaus.groovy.ast.expr.EmptyExpression>: null

13-01-2025T07:12:43 - [TEST_STEP][PASSED] - ii = <not implemented yet for class: org.codehaus.groovy.ast.expr.EmptyExpression>: null

13-01-2025T07:12:43 - [TEST_STEP][PASSED] - for ([ii = 1, ii < 5, (ii++)]): null

13-01-2025T07:12:43 - [TEST_STEP][PASSED] - i1 = x.indexOf("/") + 1: null

13-01-2025T07:12:43 - [TEST_STEP][PASSED] - if (i1 > -1): null

13-01-2025T07:12:43 - [TEST_STEP][PASSED] - x = x.substring(i1, x.length()): null

13-01-2025T07:12:43 - [TEST_STEP][PASSED] - println(x): null

13-01-2025T07:12:43 - [TEST_STEP][PASSED] - i1 = x.indexOf("/") + 1: null

13-01-2025T07:12:43 - [TEST_STEP][PASSED] - if (i1 > -1): null

13-01-2025T07:12:43 - [TEST_STEP][PASSED] - x = x.substring(i1, x.length()): null

13-01-2025T07:12:43 - [TEST_STEP][PASSED] - println(x): null

13-01-2025T07:12:43 - [TEST_STEP][PASSED] - i1 = x.indexOf("/") + 1: null

13-01-2025T07:12:43 - [TEST_STEP][PASSED] - if (i1 > -1): null

13-01-2025T07:12:43 - [TEST_STEP][PASSED] - x = x.substring(i1, x.length()): null

13-01-2025T07:12:43 - [TEST_STEP][PASSED] - println(x): null

13-01-2025T07:12:43 - [TEST_STEP][PASSED] - i1 = x.indexOf("/") + 1: null

13-01-2025T07:12:43 - [TEST_STEP][PASSED] - if (i1 > -1): null

13-01-2025T07:12:43 - [TEST_STEP][PASSED] - x = x.substring(i1, x.length()): null

13-01-2025T07:12:43 - [TEST_STEP][PASSED] - println(x): null

13-01-2025T07:12:43 - [TEST_STEP][PASSED] - i1 = x.indexOf("/"): null

13-01-2025T07:12:43 - [TEST_STEP][PASSED] - if (i1 > -1): null

13-01-2025T07:12:43 - [TEST_STEP][PASSED] - x = x.substring(0, i1): null

13-01-2025T07:12:43 - [TEST_STEP][PASSED] - println(x): null

13-01-2025T07:12:43 - [TEST_STEP][PASSED] - return x: null

13-01-2025T07:12:43 - [TEST_STEP][PASSED] - tabB = GetOiSFactB(x = b): null

13-01-2025T07:12:43 - [TEST_STEP][PASSED] - i1 = <not implemented yet for class: org.codehaus.groovy.ast.expr.EmptyExpression>: null

13-01-2025T07:12:43 - [TEST_STEP][PASSED] - ii = <not implemented yet for class: org.codehaus.groovy.ast.expr.EmptyExpression>: null

13-01-2025T07:12:43 - [TEST_STEP][PASSED] - for ([ii = 1, ii < 5, (ii++)]): null

13-01-2025T07:12:43 - [TEST_STEP][PASSED] - i1 = x.indexOf("/") + 1: null

13-01-2025T07:12:43 - [TEST_STEP][PASSED] - if (i1 > -1): null

13-01-2025T07:12:43 - [TEST_STEP][PASSED] - x = x.substring(i1, x.length()): null

13-01-2025T07:12:43 - [TEST_STEP][PASSED] - println(x): null

13-01-2025T07:12:43 - [TEST_STEP][PASSED] - i1 = x.indexOf("/") + 1: null

13-01-2025T07:12:43 - [TEST_STEP][PASSED] - if (i1 > -1): null

13-01-2025T07:12:43 - [TEST_STEP][PASSED] - x = x.substring(i1, x.length()): null

13-01-2025T07:12:43 - [TEST_STEP][PASSED] - println(x): null

13-01-2025T07:12:43 - [TEST_STEP][PASSED] - i1 = x.indexOf("/") + 1: null

13-01-2025T07:12:43 - [TEST_STEP][PASSED] - if (i1 > -1): null

13-01-2025T07:12:43 - [TEST_STEP][PASSED] - x = x.substring(i1, x.length()): null

13-01-2025T07:12:43 - [TEST_STEP][PASSED] - println(x): null

13-01-2025T07:12:43 - [TEST_STEP][PASSED] - i1 = x.indexOf("/") + 1: null

13-01-2025T07:12:43 - [TEST_STEP][PASSED] - if (i1 > -1): null

13-01-2025T07:12:43 - [TEST_STEP][PASSED] - x = x.substring(i1, x.length()): null

13-01-2025T07:12:43 - [TEST_STEP][PASSED] - println(x): null

13-01-2025T07:12:43 - [TEST_STEP][PASSED] - i1 = x.indexOf("/"): null

13-01-2025T07:12:43 - [TEST_STEP][PASSED] - if (i1 > -1): null

13-01-2025T07:12:43 - [TEST_STEP][PASSED] - x = x.substring(0, i1): null

13-01-2025T07:12:43 - [TEST_STEP][PASSED] - println(x): null

13-01-2025T07:12:43 - [TEST_STEP][FAILED] - return x: null

13-01-2025T07:12:43 - [TEST_STEP][FAILED] - if (verifyEqual(tabR, tabB) == false): null

13-01-2025T07:12:43 - [MESSAGE][FAILED] - Unable to verify equal between actual object 'нет данных' and expected object '4283226' (Root cause: com.kms.katalon.core.exception.StepFailedException: Actual object 'нет данных' and expected object '4283226' are not equal
	at com.kms.katalon.core.keyword.builtin.VerifyEqualKeyword$_verifyEqual_closure1.doCall(VerifyEqualKeyword.groovy:58)
	at com.kms.katalon.core.keyword.builtin.VerifyEqualKeyword$_verifyEqual_closure1.call(VerifyEqualKeyword.groovy)
	at com.kms.katalon.core.keyword.internal.KeywordMain.runKeyword(KeywordMain.groovy:75)
	at com.kms.katalon.core.keyword.builtin.VerifyEqualKeyword.verifyEqual(VerifyEqualKeyword.groovy:63)
	at com.kms.katalon.core.keyword.builtin.VerifyEqualKeyword.execute(VerifyEqualKeyword.groovy:44)
	at com.kms.katalon.core.keyword.internal.KeywordExecutor.executeKeywordForPlatform(KeywordExecutor.groovy:74)
	at com.kms.katalon.core.keyword.BuiltinKeywords.verifyEqual(BuiltinKeywords.groovy:146)
	at jdk.internal.reflect.GeneratedMethodAccessor25.invoke(Unknown Source)
	at java.base/jdk.internal.reflect.DelegatingMethodAccessorImpl.invoke(DelegatingMethodAccessorImpl.java:43)
	at Выполнение бизнес-плана сверка дашбордов - Copy.CompareDZOData(Выполнение бизнес-плана сверка дашбордов - Copy:717)
	at Выполнение бизнес-плана сверка дашбордов - Copy.run(Выполнение бизнес-плана сверка дашбордов - Copy:633)
	at com.kms.katalon.core.main.ScriptEngine.run(ScriptEngine.java:194)
	at com.kms.katalon.core.main.ScriptEngine.runScriptAsRawText(ScriptEngine.java:119)
	at com.kms.katalon.core.main.TestCaseExecutor.runScript(TestCaseExecutor.java:448)
	at com.kms.katalon.core.main.TestCaseExecutor.doExecute(TestCaseExecutor.java:439)
	at com.kms.katalon.core.main.TestCaseExecutor.processExecutionPhase(TestCaseExecutor.java:418)
	at com.kms.katalon.core.main.TestCaseExecutor.accessMainPhase(TestCaseExecutor.java:410)
	at com.kms.katalon.core.main.TestCaseExecutor.execute(TestCaseExecutor.java:285)
	at com.kms.katalon.core.common.CommonExecutor.accessTestCaseMainPhase(CommonExecutor.java:65)
	at com.kms.katalon.core.main.TestSuiteExecutor.accessTestSuiteMainPhase(TestSuiteExecutor.java:150)
	at com.kms.katalon.core.main.TestSuiteExecutor.execute(TestSuiteExecutor.java:106)
	at com.kms.katalon.core.main.TestCaseMain.startTestSuite(TestCaseMain.java:180)
	at TempTestSuite1736740835951.run(TempTestSuite1736740835951.groovy:35)
	at java.base/jdk.internal.reflect.NativeMethodAccessorImpl.invoke0(Native Method)
	at java.base/jdk.internal.reflect.NativeMethodAccessorImpl.invoke(NativeMethodAccessorImpl.java:77)
	at java.base/jdk.internal.reflect.DelegatingMethodAccessorImpl.invoke(DelegatingMethodAccessorImpl.java:43)
)

13-01-2025T07:12:43 - [TEST_STEP][PASSED] - result = WriteToExcel(typeOfData, todaysDate, PercPlanR, PercPlanB, PercFactR, PercFactB, x, tabR, tabB, o1R, o1B, vidget): null

13-01-2025T07:12:43 - [TEST_STEP][PASSED] - iii = dZO.indexOf("/"): null

13-01-2025T07:12:43 - [TEST_STEP][PASSED] - println(iii): null

13-01-2025T07:12:43 - [TEST_STEP][PASSED] - dZO = dZO.substring(0, iii): null

13-01-2025T07:12:43 - [TEST_STEP][PASSED] - println(dZO): null

13-01-2025T07:12:43 - [TEST_STEP][PASSED] - println(PercPlanR): null

13-01-2025T07:12:43 - [TEST_STEP][PASSED] - println(PercPlanB): null

13-01-2025T07:12:43 - [TEST_STEP][PASSED] - println(PercFactR): null

13-01-2025T07:12:43 - [TEST_STEP][PASSED] - println(PercFactB): null

13-01-2025T07:12:43 - [TEST_STEP][PASSED] - println(tabR): null

13-01-2025T07:12:43 - [TEST_STEP][PASSED] - println(tabB): null

13-01-2025T07:12:43 - [TEST_STEP][PASSED] - println(o1R): null

13-01-2025T07:12:43 - [TEST_STEP][PASSED] - println(o1B): null

13-01-2025T07:12:43 - [TEST_STEP][PASSED] - PR = <not implemented yet for class: org.codehaus.groovy.ast.expr.EmptyExpression>: null

13-01-2025T07:12:43 - [TEST_STEP][PASSED] - FR = <not implemented yet for class: org.codehaus.groovy.ast.expr.EmptyExpression>: null

13-01-2025T07:12:43 - [TEST_STEP][PASSED] - PB = <not implemented yet for class: org.codehaus.groovy.ast.expr.EmptyExpression>: null

13-01-2025T07:12:43 - [TEST_STEP][PASSED] - FB = <not implemented yet for class: org.codehaus.groovy.ast.expr.EmptyExpression>: null

13-01-2025T07:12:43 - [TEST_STEP][PASSED] - TR = <not implemented yet for class: org.codehaus.groovy.ast.expr.EmptyExpression>: null

13-01-2025T07:12:43 - [TEST_STEP][PASSED] - TB = <not implemented yet for class: org.codehaus.groovy.ast.expr.EmptyExpression>: null

13-01-2025T07:12:43 - [TEST_STEP][PASSED] - sheetName = "Sheet1": null

13-01-2025T07:12:43 - [TEST_STEP][PASSED] - data = findTestData("PlanFact"): null

13-01-2025T07:12:43 - [TEST_STEP][PASSED] - n = data.getRowNumbers() + 1: null

13-01-2025T07:12:43 - [TEST_STEP][PASSED] - year = todaysDate.substring(todaysDate.length() - 4, todaysDate.length()): null

13-01-2025T07:12:43 - [TEST_STEP][PASSED] - y = year.toInteger(): null

13-01-2025T07:12:43 - [TEST_STEP][PASSED] - m = getText(findTestObject("Выполнение бизнес-плана/Выполнение бизнес-плана Балансы/Фильтр Дата")): Text of object 'Object Repository/Выполнение бизнес-плана/Выполнение бизнес-плана Балансы/Фильтр Дата' is: '1, 2, 3 кв., Октябрь, Ноябрь 2024 года'

13-01-2025T07:12:43 - [MESSAGE][PASSED] - Text of object 'Object Repository/Выполнение бизнес-плана/Выполнение бизнес-плана Балансы/Фильтр Дата' is: '1, 2, 3 кв., Октябрь, Ноябрь 2024 года'

13-01-2025T07:12:43 - [TEST_STEP][PASSED] - m = m.substring(0, m.indexOf("2024")): null

13-01-2025T07:12:43 - [TEST_STEP][PASSED] - m = m.trim(): null

13-01-2025T07:12:43 - [TEST_STEP][PASSED] - dashboardName = "Выполнение бизнес-плана": null

13-01-2025T07:12:43 - [TEST_STEP][PASSED] - workbook01 = getWorkbook(excelFilePath): null

13-01-2025T07:12:43 - [TEST_STEP][PASSED] - sheet01 = getExcelSheet(workbook01, sheetName): null

13-01-2025T07:12:43 - [TEST_STEP][PASSED] - setValueToCellByIndex(sheet01, n, 0, dashboardName): null

13-01-2025T07:12:43 - [TEST_STEP][PASSED] - setValueToCellByIndex(sheet01, n, 1, dZO): null

13-01-2025T07:12:43 - [TEST_STEP][PASSED] - setValueToCellByIndex(sheet01, n, 2, typeOfData): null

13-01-2025T07:12:43 - [TEST_STEP][PASSED] - setValueToCellByIndex(sheet01, n, 3, typeOfData): null

13-01-2025T07:12:43 - [TEST_STEP][PASSED] - if (typeOfData == "План"): null

13-01-2025T07:12:43 - [TEST_STEP][PASSED] - else if (typeOfData == "Факт"): null

13-01-2025T07:12:43 - [TEST_STEP][PASSED] - else if (vidget.contains("электроэнергии") == true): null

13-01-2025T07:12:43 - [TEST_STEP][PASSED] - if (tabR == null): null

13-01-2025T07:12:43 - [TEST_STEP][PASSED] - else: null

13-01-2025T07:12:43 - [TEST_STEP][PASSED] - if (tabR == "нет данных"): null

13-01-2025T07:12:43 - [TEST_STEP][PASSED] - setValueToCellByIndex(sheet01, n, 4, "нет данных"): null

13-01-2025T07:12:43 - [TEST_STEP][PASSED] - if (tabB == null): null

13-01-2025T07:12:43 - [TEST_STEP][PASSED] - else: null

13-01-2025T07:12:43 - [TEST_STEP][PASSED] - if (tabB == "нет данных"): null

13-01-2025T07:12:43 - [TEST_STEP][PASSED] - else: null

13-01-2025T07:12:43 - [TEST_STEP][PASSED] - TB = tabB.toInteger(): null

13-01-2025T07:12:43 - [TEST_STEP][PASSED] - setValueToCellByIndex(sheet01, n, 5, TB): null

13-01-2025T07:12:43 - [TEST_STEP][PASSED] - setValueToCellByIndex(sheet01, n, 6, m): null

13-01-2025T07:12:43 - [TEST_STEP][PASSED] - setValueToCellByIndex(sheet01, n, 7, y): null

13-01-2025T07:12:43 - [TEST_STEP][PASSED] - setValueToCellByIndex(sheet01, n, 8, todaysDate): null

13-01-2025T07:12:43 - [TEST_STEP][PASSED] - n = n + 1: null

13-01-2025T07:12:43 - [TEST_STEP][PASSED] - saveWorkbook(excelFilePath, workbook01): null

13-01-2025T07:12:43 - [TEST_STEP][PASSED] - typeOfData = "Факт Потери": null

13-01-2025T07:12:43 - [TEST_STEP][PASSED] - tabR = GetPFactR(x = a): null

13-01-2025T07:12:43 - [TEST_STEP][PASSED] - i1 = <not implemented yet for class: org.codehaus.groovy.ast.expr.EmptyExpression>: null

13-01-2025T07:12:43 - [TEST_STEP][PASSED] - ii = <not implemented yet for class: org.codehaus.groovy.ast.expr.EmptyExpression>: null

13-01-2025T07:12:43 - [TEST_STEP][PASSED] - for ([ii = 1, ii < 6, (ii++)]): null

13-01-2025T07:12:43 - [TEST_STEP][PASSED] - i1 = x.indexOf("/") + 1: null

13-01-2025T07:12:43 - [TEST_STEP][PASSED] - if (i1 > -1): null

13-01-2025T07:12:43 - [TEST_STEP][PASSED] - x = x.substring(i1, x.length()): null

13-01-2025T07:12:43 - [TEST_STEP][PASSED] - println(x): null

13-01-2025T07:12:43 - [TEST_STEP][PASSED] - i1 = x.indexOf("/") + 1: null

13-01-2025T07:12:43 - [TEST_STEP][PASSED] - if (i1 > -1): null

13-01-2025T07:12:43 - [TEST_STEP][PASSED] - x = x.substring(i1, x.length()): null

13-01-2025T07:12:43 - [TEST_STEP][PASSED] - println(x): null

13-01-2025T07:12:43 - [TEST_STEP][PASSED] - i1 = x.indexOf("/") + 1: null

13-01-2025T07:12:43 - [TEST_STEP][PASSED] - if (i1 > -1): null

13-01-2025T07:12:43 - [TEST_STEP][PASSED] - x = x.substring(i1, x.length()): null

13-01-2025T07:12:43 - [TEST_STEP][PASSED] - println(x): null

13-01-2025T07:12:43 - [TEST_STEP][PASSED] - i1 = x.indexOf("/") + 1: null

13-01-2025T07:12:43 - [TEST_STEP][PASSED] - if (i1 > -1): null

13-01-2025T07:12:43 - [TEST_STEP][PASSED] - x = x.substring(i1, x.length()): null

13-01-2025T07:12:43 - [TEST_STEP][PASSED] - println(x): null

13-01-2025T07:12:43 - [TEST_STEP][PASSED] - i1 = x.indexOf("/") + 1: null

13-01-2025T07:12:43 - [TEST_STEP][PASSED] - if (i1 > -1): null

13-01-2025T07:12:43 - [TEST_STEP][PASSED] - x = x.substring(i1, x.length()): null

13-01-2025T07:12:43 - [TEST_STEP][PASSED] - println(x): null

13-01-2025T07:12:43 - [TEST_STEP][PASSED] - i1 = x.indexOf("/"): null

13-01-2025T07:12:43 - [TEST_STEP][PASSED] - if (i1 > -1): null

13-01-2025T07:12:43 - [TEST_STEP][PASSED] - x = x.substring(0, i1): null

13-01-2025T07:12:43 - [TEST_STEP][PASSED] - println(x): null

13-01-2025T07:12:43 - [TEST_STEP][PASSED] - return x: null

13-01-2025T07:12:43 - [TEST_STEP][PASSED] - tabB = GetPFactB(x = b): null

13-01-2025T07:12:43 - [TEST_STEP][PASSED] - i1 = <not implemented yet for class: org.codehaus.groovy.ast.expr.EmptyExpression>: null

13-01-2025T07:12:43 - [TEST_STEP][PASSED] - ii = <not implemented yet for class: org.codehaus.groovy.ast.expr.EmptyExpression>: null

13-01-2025T07:12:43 - [TEST_STEP][PASSED] - for ([ii = 1, ii < 6, (ii++)]): null

13-01-2025T07:12:43 - [TEST_STEP][PASSED] - i1 = x.indexOf("/") + 1: null

13-01-2025T07:12:43 - [TEST_STEP][PASSED] - if (i1 > -1): null

13-01-2025T07:12:43 - [TEST_STEP][PASSED] - x = x.substring(i1, x.length()): null

13-01-2025T07:12:43 - [TEST_STEP][PASSED] - println(x): null

13-01-2025T07:12:43 - [TEST_STEP][PASSED] - i1 = x.indexOf("/") + 1: null

13-01-2025T07:12:43 - [TEST_STEP][PASSED] - if (i1 > -1): null

13-01-2025T07:12:43 - [TEST_STEP][PASSED] - x = x.substring(i1, x.length()): null

13-01-2025T07:12:43 - [TEST_STEP][PASSED] - println(x): null

13-01-2025T07:12:43 - [TEST_STEP][PASSED] - i1 = x.indexOf("/") + 1: null

13-01-2025T07:12:43 - [TEST_STEP][PASSED] - if (i1 > -1): null

13-01-2025T07:12:43 - [TEST_STEP][PASSED] - x = x.substring(i1, x.length()): null

13-01-2025T07:12:43 - [TEST_STEP][PASSED] - println(x): null

13-01-2025T07:12:43 - [TEST_STEP][PASSED] - i1 = x.indexOf("/") + 1: null

13-01-2025T07:12:43 - [TEST_STEP][PASSED] - if (i1 > -1): null

13-01-2025T07:12:43 - [TEST_STEP][PASSED] - x = x.substring(i1, x.length()): null

13-01-2025T07:12:43 - [TEST_STEP][PASSED] - println(x): null

13-01-2025T07:12:43 - [TEST_STEP][PASSED] - i1 = x.indexOf("/") + 1: null

13-01-2025T07:12:43 - [TEST_STEP][PASSED] - if (i1 > -1): null

13-01-2025T07:12:43 - [TEST_STEP][PASSED] - x = x.substring(i1, x.length()): null

13-01-2025T07:12:43 - [TEST_STEP][PASSED] - println(x): null

13-01-2025T07:12:43 - [TEST_STEP][PASSED] - i1 = x.indexOf("/"): null

13-01-2025T07:12:43 - [TEST_STEP][PASSED] - if (i1 > -1): null

13-01-2025T07:12:43 - [TEST_STEP][PASSED] - x = x.substring(0, i1): null

13-01-2025T07:12:43 - [TEST_STEP][PASSED] - println(x): null

13-01-2025T07:12:43 - [TEST_STEP][FAILED] - return x: null

13-01-2025T07:12:43 - [TEST_STEP][PASSED] - println(tabR + "/" + tabB): null

13-01-2025T07:12:43 - [TEST_STEP][FAILED] - if (verifyEqual(tabR, tabB) == false): null

13-01-2025T07:12:43 - [MESSAGE][FAILED] - Unable to verify equal between actual object 'нет данных' and expected object '401906' (Root cause: com.kms.katalon.core.exception.StepFailedException: Actual object 'нет данных' and expected object '401906' are not equal
	at com.kms.katalon.core.keyword.builtin.VerifyEqualKeyword$_verifyEqual_closure1.doCall(VerifyEqualKeyword.groovy:58)
	at com.kms.katalon.core.keyword.builtin.VerifyEqualKeyword$_verifyEqual_closure1.call(VerifyEqualKeyword.groovy)
	at com.kms.katalon.core.keyword.internal.KeywordMain.runKeyword(KeywordMain.groovy:75)
	at com.kms.katalon.core.keyword.builtin.VerifyEqualKeyword.verifyEqual(VerifyEqualKeyword.groovy:63)
	at com.kms.katalon.core.keyword.builtin.VerifyEqualKeyword.execute(VerifyEqualKeyword.groovy:44)
	at com.kms.katalon.core.keyword.internal.KeywordExecutor.executeKeywordForPlatform(KeywordExecutor.groovy:74)
	at com.kms.katalon.core.keyword.BuiltinKeywords.verifyEqual(BuiltinKeywords.groovy:146)
	at jdk.internal.reflect.GeneratedMethodAccessor25.invoke(Unknown Source)
	at java.base/jdk.internal.reflect.DelegatingMethodAccessorImpl.invoke(DelegatingMethodAccessorImpl.java:43)
	at Выполнение бизнес-плана сверка дашбордов - Copy.CompareDZOData(Выполнение бизнес-плана сверка дашбордов - Copy:730)
	at Выполнение бизнес-плана сверка дашбордов - Copy.run(Выполнение бизнес-плана сверка дашбордов - Copy:633)
	at com.kms.katalon.core.main.ScriptEngine.run(ScriptEngine.java:194)
	at com.kms.katalon.core.main.ScriptEngine.runScriptAsRawText(ScriptEngine.java:119)
	at com.kms.katalon.core.main.TestCaseExecutor.runScript(TestCaseExecutor.java:448)
	at com.kms.katalon.core.main.TestCaseExecutor.doExecute(TestCaseExecutor.java:439)
	at com.kms.katalon.core.main.TestCaseExecutor.processExecutionPhase(TestCaseExecutor.java:418)
	at com.kms.katalon.core.main.TestCaseExecutor.accessMainPhase(TestCaseExecutor.java:410)
	at com.kms.katalon.core.main.TestCaseExecutor.execute(TestCaseExecutor.java:285)
	at com.kms.katalon.core.common.CommonExecutor.accessTestCaseMainPhase(CommonExecutor.java:65)
	at com.kms.katalon.core.main.TestSuiteExecutor.accessTestSuiteMainPhase(TestSuiteExecutor.java:150)
	at com.kms.katalon.core.main.TestSuiteExecutor.execute(TestSuiteExecutor.java:106)
	at com.kms.katalon.core.main.TestCaseMain.startTestSuite(TestCaseMain.java:180)
	at TempTestSuite1736740835951.run(TempTestSuite1736740835951.groovy:35)
	at java.base/jdk.internal.reflect.NativeMethodAccessorImpl.invoke0(Native Method)
	at java.base/jdk.internal.reflect.NativeMethodAccessorImpl.invoke(NativeMethodAccessorImpl.java:77)
	at java.base/jdk.internal.reflect.DelegatingMethodAccessorImpl.invoke(DelegatingMethodAccessorImpl.java:43)
)

13-01-2025T07:12:43 - [TEST_STEP][PASSED] - result = WriteToExcel(typeOfData, todaysDate, PercPlanR, PercPlanB, PercFactR, PercFactB, x, tabR, tabB, o1R, o1B, vidget): null

13-01-2025T07:12:43 - [TEST_STEP][PASSED] - iii = dZO.indexOf("/"): null

13-01-2025T07:12:43 - [TEST_STEP][PASSED] - println(iii): null

13-01-2025T07:12:43 - [TEST_STEP][PASSED] - dZO = dZO.substring(0, iii): null

13-01-2025T07:12:43 - [TEST_STEP][PASSED] - println(dZO): null

13-01-2025T07:12:43 - [TEST_STEP][PASSED] - println(PercPlanR): null

13-01-2025T07:12:43 - [TEST_STEP][PASSED] - println(PercPlanB): null

13-01-2025T07:12:43 - [TEST_STEP][PASSED] - println(PercFactR): null

13-01-2025T07:12:43 - [TEST_STEP][PASSED] - println(PercFactB): null

13-01-2025T07:12:43 - [TEST_STEP][PASSED] - println(tabR): null

13-01-2025T07:12:43 - [TEST_STEP][PASSED] - println(tabB): null

13-01-2025T07:12:43 - [TEST_STEP][PASSED] - println(o1R): null

13-01-2025T07:12:43 - [TEST_STEP][PASSED] - println(o1B): null

13-01-2025T07:12:43 - [TEST_STEP][PASSED] - PR = <not implemented yet for class: org.codehaus.groovy.ast.expr.EmptyExpression>: null

13-01-2025T07:12:43 - [TEST_STEP][PASSED] - FR = <not implemented yet for class: org.codehaus.groovy.ast.expr.EmptyExpression>: null

13-01-2025T07:12:43 - [TEST_STEP][PASSED] - PB = <not implemented yet for class: org.codehaus.groovy.ast.expr.EmptyExpression>: null

13-01-2025T07:12:43 - [TEST_STEP][PASSED] - FB = <not implemented yet for class: org.codehaus.groovy.ast.expr.EmptyExpression>: null

13-01-2025T07:12:43 - [TEST_STEP][PASSED] - TR = <not implemented yet for class: org.codehaus.groovy.ast.expr.EmptyExpression>: null

13-01-2025T07:12:43 - [TEST_STEP][PASSED] - TB = <not implemented yet for class: org.codehaus.groovy.ast.expr.EmptyExpression>: null

13-01-2025T07:12:43 - [TEST_STEP][PASSED] - sheetName = "Sheet1": null

13-01-2025T07:12:43 - [TEST_STEP][PASSED] - data = findTestData("PlanFact"): null

13-01-2025T07:12:43 - [TEST_STEP][PASSED] - n = data.getRowNumbers() + 1: null

13-01-2025T07:12:43 - [TEST_STEP][PASSED] - year = todaysDate.substring(todaysDate.length() - 4, todaysDate.length()): null

13-01-2025T07:12:43 - [TEST_STEP][PASSED] - y = year.toInteger(): null

13-01-2025T07:12:43 - [TEST_STEP][PASSED] - m = getText(findTestObject("Выполнение бизнес-плана/Выполнение бизнес-плана Балансы/Фильтр Дата")): Text of object 'Object Repository/Выполнение бизнес-плана/Выполнение бизнес-плана Балансы/Фильтр Дата' is: '1, 2, 3 кв., Октябрь, Ноябрь 2024 года'

13-01-2025T07:12:44 - [MESSAGE][PASSED] - Text of object 'Object Repository/Выполнение бизнес-плана/Выполнение бизнес-плана Балансы/Фильтр Дата' is: '1, 2, 3 кв., Октябрь, Ноябрь 2024 года'

13-01-2025T07:12:44 - [TEST_STEP][PASSED] - m = m.substring(0, m.indexOf("2024")): null

13-01-2025T07:12:44 - [TEST_STEP][PASSED] - m = m.trim(): null

13-01-2025T07:12:44 - [TEST_STEP][PASSED] - dashboardName = "Выполнение бизнес-плана": null

13-01-2025T07:12:44 - [TEST_STEP][PASSED] - workbook01 = getWorkbook(excelFilePath): null

13-01-2025T07:12:44 - [TEST_STEP][PASSED] - sheet01 = getExcelSheet(workbook01, sheetName): null

13-01-2025T07:12:44 - [TEST_STEP][PASSED] - setValueToCellByIndex(sheet01, n, 0, dashboardName): null

13-01-2025T07:12:44 - [TEST_STEP][PASSED] - setValueToCellByIndex(sheet01, n, 1, dZO): null

13-01-2025T07:12:44 - [TEST_STEP][PASSED] - setValueToCellByIndex(sheet01, n, 2, typeOfData): null

13-01-2025T07:12:44 - [TEST_STEP][PASSED] - setValueToCellByIndex(sheet01, n, 3, typeOfData): null

13-01-2025T07:12:44 - [TEST_STEP][PASSED] - if (typeOfData == "План"): null

13-01-2025T07:12:44 - [TEST_STEP][PASSED] - else if (typeOfData == "Факт"): null

13-01-2025T07:12:44 - [TEST_STEP][PASSED] - else if (vidget.contains("электроэнергии") == true): null

13-01-2025T07:12:44 - [TEST_STEP][PASSED] - if (tabR == null): null

13-01-2025T07:12:44 - [TEST_STEP][PASSED] - else: null

13-01-2025T07:12:44 - [TEST_STEP][PASSED] - if (tabR == "нет данных"): null

13-01-2025T07:12:44 - [TEST_STEP][PASSED] - setValueToCellByIndex(sheet01, n, 4, "нет данных"): null

13-01-2025T07:12:44 - [TEST_STEP][PASSED] - if (tabB == null): null

13-01-2025T07:12:44 - [TEST_STEP][PASSED] - else: null

13-01-2025T07:12:44 - [TEST_STEP][PASSED] - if (tabB == "нет данных"): null

13-01-2025T07:12:44 - [TEST_STEP][PASSED] - else: null

13-01-2025T07:12:44 - [TEST_STEP][PASSED] - TB = tabB.toInteger(): null

13-01-2025T07:12:44 - [TEST_STEP][PASSED] - setValueToCellByIndex(sheet01, n, 5, TB): null

13-01-2025T07:12:44 - [TEST_STEP][PASSED] - setValueToCellByIndex(sheet01, n, 6, m): null

13-01-2025T07:12:44 - [TEST_STEP][PASSED] - setValueToCellByIndex(sheet01, n, 7, y): null

13-01-2025T07:12:44 - [TEST_STEP][PASSED] - setValueToCellByIndex(sheet01, n, 8, todaysDate): null

13-01-2025T07:12:44 - [TEST_STEP][PASSED] - n = n + 1: null

13-01-2025T07:12:44 - [TEST_STEP][PASSED] - saveWorkbook(excelFilePath, workbook01): null

13-01-2025T07:12:44 - [TEST_STEP][PASSED] - vidget = "Показатели баланса электроэнергии по ДЗО – План": null

13-01-2025T07:12:44 - [TEST_STEP][PASSED] - typeOfData = "План Отпуск в сеть": null

13-01-2025T07:12:44 - [TEST_STEP][PASSED] - tabR = GetOvSPlanR(x = a): null

13-01-2025T07:12:44 - [TEST_STEP][PASSED] - i1 = <not implemented yet for class: org.codehaus.groovy.ast.expr.EmptyExpression>: null

13-01-2025T07:12:44 - [TEST_STEP][PASSED] - ii = <not implemented yet for class: org.codehaus.groovy.ast.expr.EmptyExpression>: null

13-01-2025T07:12:44 - [TEST_STEP][PASSED] - for ([ii = 1, ii < 7, (ii++)]): null

13-01-2025T07:12:44 - [TEST_STEP][PASSED] - i1 = x.indexOf("/") + 1: null

13-01-2025T07:12:44 - [TEST_STEP][PASSED] - if (i1 > -1): null

13-01-2025T07:12:44 - [TEST_STEP][PASSED] - x = x.substring(i1, x.length()): null

13-01-2025T07:12:44 - [TEST_STEP][PASSED] - println(x): null

13-01-2025T07:12:44 - [TEST_STEP][PASSED] - i1 = x.indexOf("/") + 1: null

13-01-2025T07:12:44 - [TEST_STEP][PASSED] - if (i1 > -1): null

13-01-2025T07:12:44 - [TEST_STEP][PASSED] - x = x.substring(i1, x.length()): null

13-01-2025T07:12:44 - [TEST_STEP][PASSED] - println(x): null

13-01-2025T07:12:44 - [TEST_STEP][PASSED] - i1 = x.indexOf("/") + 1: null

13-01-2025T07:12:44 - [TEST_STEP][PASSED] - if (i1 > -1): null

13-01-2025T07:12:44 - [TEST_STEP][PASSED] - x = x.substring(i1, x.length()): null

13-01-2025T07:12:44 - [TEST_STEP][PASSED] - println(x): null

13-01-2025T07:12:44 - [TEST_STEP][PASSED] - i1 = x.indexOf("/") + 1: null

13-01-2025T07:14:09 - [TEST_STEP][PASSED] - if (i1 > -1): null

13-01-2025T07:14:09 - [TEST_STEP][PASSED] - x = x.substring(i1, x.length()): null

13-01-2025T07:14:09 - [TEST_STEP][PASSED] - println(x): null

13-01-2025T07:14:09 - [TEST_STEP][PASSED] - i1 = x.indexOf("/") + 1: null

13-01-2025T07:14:09 - [TEST_STEP][PASSED] - if (i1 > -1): null

13-01-2025T07:14:09 - [TEST_STEP][PASSED] - x = x.substring(i1, x.length()): null

13-01-2025T07:14:09 - [TEST_STEP][PASSED] - println(x): null

13-01-2025T07:14:09 - [TEST_STEP][PASSED] - i1 = x.indexOf("/") + 1: null

13-01-2025T07:14:09 - [TEST_STEP][PASSED] - if (i1 > -1): null

13-01-2025T07:14:09 - [TEST_STEP][PASSED] - x = x.substring(i1, x.length()): null

13-01-2025T07:14:09 - [TEST_STEP][PASSED] - println(x): null

13-01-2025T07:14:09 - [TEST_STEP][PASSED] - i1 = x.indexOf("/"): null

13-01-2025T07:14:09 - [TEST_STEP][PASSED] - if (i1 > -1): null

13-01-2025T07:14:09 - [TEST_STEP][PASSED] - x = x.substring(0, i1): null

13-01-2025T07:14:09 - [TEST_STEP][PASSED] - println(x): null

13-01-2025T07:14:09 - [TEST_STEP][PASSED] - return x: null

13-01-2025T07:14:09 - [TEST_STEP][PASSED] - tabB = GetOvSPlanB(x = b): null

13-01-2025T07:14:09 - [TEST_STEP][PASSED] - i1 = <not implemented yet for class: org.codehaus.groovy.ast.expr.EmptyExpression>: null

13-01-2025T07:14:09 - [TEST_STEP][PASSED] - ii = <not implemented yet for class: org.codehaus.groovy.ast.expr.EmptyExpression>: null

13-01-2025T07:14:09 - [TEST_STEP][PASSED] - for ([ii = 1, ii < 7, (ii++)]): null

13-01-2025T07:14:09 - [TEST_STEP][PASSED] - i1 = x.indexOf("/") + 1: null

13-01-2025T07:14:09 - [TEST_STEP][PASSED] - if (i1 > -1): null

13-01-2025T07:14:09 - [TEST_STEP][PASSED] - x = x.substring(i1, x.length()): null

13-01-2025T07:14:09 - [TEST_STEP][PASSED] - println(x): null

13-01-2025T07:14:09 - [TEST_STEP][PASSED] - i1 = x.indexOf("/") + 1: null

13-01-2025T07:14:09 - [TEST_STEP][PASSED] - if (i1 > -1): null

13-01-2025T07:14:09 - [TEST_STEP][PASSED] - x = x.substring(i1, x.length()): null

13-01-2025T07:14:09 - [TEST_STEP][PASSED] - println(x): null

13-01-2025T07:14:09 - [TEST_STEP][PASSED] - i1 = x.indexOf("/") + 1: null

13-01-2025T07:14:09 - [TEST_STEP][PASSED] - if (i1 > -1): null

13-01-2025T07:14:09 - [TEST_STEP][PASSED] - x = x.substring(i1, x.length()): null

13-01-2025T07:14:09 - [TEST_STEP][PASSED] - println(x): null

13-01-2025T07:14:09 - [TEST_STEP][PASSED] - i1 = x.indexOf("/") + 1: null

13-01-2025T07:14:09 - [TEST_STEP][PASSED] - if (i1 > -1): null

13-01-2025T07:14:09 - [TEST_STEP][PASSED] - x = x.substring(i1, x.length()): null

13-01-2025T07:14:09 - [TEST_STEP][PASSED] - println(x): null

13-01-2025T07:14:09 - [TEST_STEP][PASSED] - i1 = x.indexOf("/") + 1: null

13-01-2025T07:14:09 - [TEST_STEP][PASSED] - if (i1 > -1): null

13-01-2025T07:14:09 - [TEST_STEP][PASSED] - x = x.substring(i1, x.length()): null

13-01-2025T07:14:09 - [TEST_STEP][PASSED] - println(x): null

13-01-2025T07:14:09 - [TEST_STEP][PASSED] - i1 = x.indexOf("/") + 1: null

13-01-2025T07:14:09 - [TEST_STEP][PASSED] - if (i1 > -1): null

13-01-2025T07:14:09 - [TEST_STEP][PASSED] - x = x.substring(i1, x.length()): null

13-01-2025T07:14:09 - [TEST_STEP][PASSED] - println(x): null

13-01-2025T07:14:09 - [TEST_STEP][PASSED] - i1 = x.indexOf("/"): null

13-01-2025T07:14:09 - [TEST_STEP][PASSED] - if (i1 > -1): null

13-01-2025T07:14:09 - [TEST_STEP][PASSED] - x = x.substring(0, i1): null

13-01-2025T07:14:09 - [TEST_STEP][PASSED] - println(x): null

13-01-2025T07:14:09 - [TEST_STEP][FAILED] - return x: null

13-01-2025T07:14:09 - [TEST_STEP][PASSED] - println(tabR + "/" + tabB): null

13-01-2025T07:14:09 - [TEST_STEP][FAILED] - if (verifyEqual(PercFactR, PercFactB) == false): null

13-01-2025T07:14:09 - [MESSAGE][FAILED] - Unable to verify equal between actual object 'нет данных' and expected object '8.58' (Root cause: com.kms.katalon.core.exception.StepFailedException: Actual object 'нет данных' and expected object '8.58' are not equal
	at com.kms.katalon.core.keyword.builtin.VerifyEqualKeyword$_verifyEqual_closure1.doCall(VerifyEqualKeyword.groovy:58)
	at com.kms.katalon.core.keyword.builtin.VerifyEqualKeyword$_verifyEqual_closure1.call(VerifyEqualKeyword.groovy)
	at com.kms.katalon.core.keyword.internal.KeywordMain.runKeyword(KeywordMain.groovy:75)
	at com.kms.katalon.core.keyword.builtin.VerifyEqualKeyword.verifyEqual(VerifyEqualKeyword.groovy:63)
	at com.kms.katalon.core.keyword.builtin.VerifyEqualKeyword.execute(VerifyEqualKeyword.groovy:44)
	at com.kms.katalon.core.keyword.internal.KeywordExecutor.executeKeywordForPlatform(KeywordExecutor.groovy:74)
	at com.kms.katalon.core.keyword.BuiltinKeywords.verifyEqual(BuiltinKeywords.groovy:146)
	at jdk.internal.reflect.GeneratedMethodAccessor25.invoke(Unknown Source)
	at java.base/jdk.internal.reflect.DelegatingMethodAccessorImpl.invoke(DelegatingMethodAccessorImpl.java:43)
	at Выполнение бизнес-плана сверка дашбордов - Copy.CompareDZOData(Выполнение бизнес-плана сверка дашбордов - Copy:745)
	at Выполнение бизнес-плана сверка дашбордов - Copy.run(Выполнение бизнес-плана сверка дашбордов - Copy:633)
	at com.kms.katalon.core.main.ScriptEngine.run(ScriptEngine.java:194)
	at com.kms.katalon.core.main.ScriptEngine.runScriptAsRawText(ScriptEngine.java:119)
	at com.kms.katalon.core.main.TestCaseExecutor.runScript(TestCaseExecutor.java:448)
	at com.kms.katalon.core.main.TestCaseExecutor.doExecute(TestCaseExecutor.java:439)
	at com.kms.katalon.core.main.TestCaseExecutor.processExecutionPhase(TestCaseExecutor.java:418)
	at com.kms.katalon.core.main.TestCaseExecutor.accessMainPhase(TestCaseExecutor.java:410)
	at com.kms.katalon.core.main.TestCaseExecutor.execute(TestCaseExecutor.java:285)
	at com.kms.katalon.core.common.CommonExecutor.accessTestCaseMainPhase(CommonExecutor.java:65)
	at com.kms.katalon.core.main.TestSuiteExecutor.accessTestSuiteMainPhase(TestSuiteExecutor.java:150)
	at com.kms.katalon.core.main.TestSuiteExecutor.execute(TestSuiteExecutor.java:106)
	at com.kms.katalon.core.main.TestCaseMain.startTestSuite(TestCaseMain.java:180)
	at TempTestSuite1736740835951.run(TempTestSuite1736740835951.groovy:35)
	at java.base/jdk.internal.reflect.NativeMethodAccessorImpl.invoke0(Native Method)
	at java.base/jdk.internal.reflect.NativeMethodAccessorImpl.invoke(NativeMethodAccessorImpl.java:77)
	at java.base/jdk.internal.reflect.DelegatingMethodAccessorImpl.invoke(DelegatingMethodAccessorImpl.java:43)
)

13-01-2025T07:14:09 - [TEST_STEP][PASSED] - result = WriteToExcel(typeOfData, todaysDate, PercPlanR, PercPlanB, PercFactR, PercFactB, x, tabR, tabB, o1R, o1B, vidget): null

13-01-2025T07:14:09 - [TEST_STEP][PASSED] - iii = dZO.indexOf("/"): null

13-01-2025T07:14:09 - [TEST_STEP][PASSED] - println(iii): null

13-01-2025T07:14:09 - [TEST_STEP][PASSED] - dZO = dZO.substring(0, iii): null

13-01-2025T07:14:09 - [TEST_STEP][PASSED] - println(dZO): null

13-01-2025T07:14:09 - [TEST_STEP][PASSED] - println(PercPlanR): null

13-01-2025T07:14:09 - [TEST_STEP][PASSED] - println(PercPlanB): null

13-01-2025T07:14:09 - [TEST_STEP][PASSED] - println(PercFactR): null

13-01-2025T07:14:09 - [TEST_STEP][PASSED] - println(PercFactB): null

13-01-2025T07:14:09 - [TEST_STEP][PASSED] - println(tabR): null

13-01-2025T07:14:09 - [TEST_STEP][PASSED] - println(tabB): null

13-01-2025T07:14:09 - [TEST_STEP][PASSED] - println(o1R): null

13-01-2025T07:14:09 - [TEST_STEP][PASSED] - println(o1B): null

13-01-2025T07:14:09 - [TEST_STEP][PASSED] - PR = <not implemented yet for class: org.codehaus.groovy.ast.expr.EmptyExpression>: null

13-01-2025T07:14:09 - [TEST_STEP][PASSED] - FR = <not implemented yet for class: org.codehaus.groovy.ast.expr.EmptyExpression>: null

13-01-2025T07:14:09 - [TEST_STEP][PASSED] - PB = <not implemented yet for class: org.codehaus.groovy.ast.expr.EmptyExpression>: null

13-01-2025T07:14:09 - [TEST_STEP][PASSED] - FB = <not implemented yet for class: org.codehaus.groovy.ast.expr.EmptyExpression>: null

13-01-2025T07:14:09 - [TEST_STEP][PASSED] - TR = <not implemented yet for class: org.codehaus.groovy.ast.expr.EmptyExpression>: null

13-01-2025T07:14:09 - [TEST_STEP][PASSED] - TB = <not implemented yet for class: org.codehaus.groovy.ast.expr.EmptyExpression>: null

13-01-2025T07:14:09 - [TEST_STEP][PASSED] - sheetName = "Sheet1": null

13-01-2025T07:14:09 - [TEST_STEP][PASSED] - data = findTestData("PlanFact"): null

13-01-2025T07:14:09 - [TEST_STEP][PASSED] - n = data.getRowNumbers() + 1: null

13-01-2025T07:14:09 - [TEST_STEP][PASSED] - year = todaysDate.substring(todaysDate.length() - 4, todaysDate.length()): null

13-01-2025T07:14:09 - [TEST_STEP][PASSED] - y = year.toInteger(): null

13-01-2025T07:14:09 - [TEST_STEP][PASSED] - m = getText(findTestObject("Выполнение бизнес-плана/Выполнение бизнес-плана Балансы/Фильтр Дата")): Text of object 'Object Repository/Выполнение бизнес-плана/Выполнение бизнес-плана Балансы/Фильтр Дата' is: '1, 2, 3 кв., Октябрь, Ноябрь 2024 года'

13-01-2025T07:14:10 - [MESSAGE][PASSED] - Text of object 'Object Repository/Выполнение бизнес-плана/Выполнение бизнес-плана Балансы/Фильтр Дата' is: '1, 2, 3 кв., Октябрь, Ноябрь 2024 года'

13-01-2025T07:14:10 - [TEST_STEP][PASSED] - m = m.substring(0, m.indexOf("2024")): null

13-01-2025T07:14:10 - [TEST_STEP][PASSED] - m = m.trim(): null

13-01-2025T07:14:10 - [TEST_STEP][PASSED] - dashboardName = "Выполнение бизнес-плана": null

13-01-2025T07:14:10 - [TEST_STEP][PASSED] - workbook01 = getWorkbook(excelFilePath): null

13-01-2025T07:14:10 - [TEST_STEP][PASSED] - sheet01 = getExcelSheet(workbook01, sheetName): null

13-01-2025T07:14:10 - [TEST_STEP][PASSED] - setValueToCellByIndex(sheet01, n, 0, dashboardName): null

13-01-2025T07:14:10 - [TEST_STEP][PASSED] - setValueToCellByIndex(sheet01, n, 1, dZO): null

13-01-2025T07:14:10 - [TEST_STEP][PASSED] - setValueToCellByIndex(sheet01, n, 2, typeOfData): null

13-01-2025T07:14:10 - [TEST_STEP][PASSED] - setValueToCellByIndex(sheet01, n, 3, typeOfData): null

13-01-2025T07:14:10 - [TEST_STEP][PASSED] - if (typeOfData == "План"): null

13-01-2025T07:14:10 - [TEST_STEP][PASSED] - else if (typeOfData == "Факт"): null

13-01-2025T07:14:10 - [TEST_STEP][PASSED] - else if (vidget.contains("электроэнергии") == true): null

13-01-2025T07:14:10 - [TEST_STEP][PASSED] - if (tabR == null): null

13-01-2025T07:14:10 - [TEST_STEP][PASSED] - else: null

13-01-2025T07:14:10 - [TEST_STEP][PASSED] - if (tabR == "нет данных"): null

13-01-2025T07:14:10 - [TEST_STEP][PASSED] - setValueToCellByIndex(sheet01, n, 4, "нет данных"): null

13-01-2025T07:14:10 - [TEST_STEP][PASSED] - if (tabB == null): null

13-01-2025T07:14:10 - [TEST_STEP][PASSED] - else: null

13-01-2025T07:14:10 - [TEST_STEP][PASSED] - if (tabB == "нет данных"): null

13-01-2025T07:14:10 - [TEST_STEP][PASSED] - else: null

13-01-2025T07:14:10 - [TEST_STEP][PASSED] - TB = tabB.toInteger(): null

13-01-2025T07:14:10 - [TEST_STEP][PASSED] - setValueToCellByIndex(sheet01, n, 5, TB): null

13-01-2025T07:14:10 - [TEST_STEP][PASSED] - setValueToCellByIndex(sheet01, n, 6, m): null

13-01-2025T07:14:10 - [TEST_STEP][PASSED] - setValueToCellByIndex(sheet01, n, 7, y): null

13-01-2025T07:14:10 - [TEST_STEP][PASSED] - setValueToCellByIndex(sheet01, n, 8, todaysDate): null

13-01-2025T07:14:10 - [TEST_STEP][PASSED] - n = n + 1: null

13-01-2025T07:14:10 - [TEST_STEP][PASSED] - saveWorkbook(excelFilePath, workbook01): null

13-01-2025T07:14:10 - [TEST_STEP][PASSED] - typeOfData = "План Отпуск из сети": null

13-01-2025T07:14:10 - [TEST_STEP][PASSED] - tabR = GetOiSPlanR(x = a): null

13-01-2025T07:14:10 - [TEST_STEP][PASSED] - i1 = <not implemented yet for class: org.codehaus.groovy.ast.expr.EmptyExpression>: null

13-01-2025T07:14:10 - [TEST_STEP][PASSED] - ii = <not implemented yet for class: org.codehaus.groovy.ast.expr.EmptyExpression>: null

13-01-2025T07:14:10 - [TEST_STEP][PASSED] - for ([ii = 1, ii < 8, (ii++)]): null

13-01-2025T07:14:10 - [TEST_STEP][PASSED] - i1 = x.indexOf("/") + 1: null

13-01-2025T07:14:10 - [TEST_STEP][PASSED] - if (i1 > -1): null

13-01-2025T07:14:10 - [TEST_STEP][PASSED] - x = x.substring(i1, x.length()): null

13-01-2025T07:14:10 - [TEST_STEP][PASSED] - println(x): null

13-01-2025T07:14:10 - [TEST_STEP][PASSED] - i1 = x.indexOf("/") + 1: null

13-01-2025T07:14:10 - [TEST_STEP][PASSED] - if (i1 > -1): null

13-01-2025T07:14:10 - [TEST_STEP][PASSED] - x = x.substring(i1, x.length()): null

13-01-2025T07:14:10 - [TEST_STEP][PASSED] - println(x): null

13-01-2025T07:14:10 - [TEST_STEP][PASSED] - i1 = x.indexOf("/") + 1: null

13-01-2025T07:14:10 - [TEST_STEP][PASSED] - if (i1 > -1): null

13-01-2025T07:14:10 - [TEST_STEP][PASSED] - x = x.substring(i1, x.length()): null

13-01-2025T07:14:10 - [TEST_STEP][PASSED] - println(x): null

13-01-2025T07:14:10 - [TEST_STEP][PASSED] - i1 = x.indexOf("/") + 1: null

13-01-2025T07:14:10 - [TEST_STEP][PASSED] - if (i1 > -1): null

13-01-2025T07:14:10 - [TEST_STEP][PASSED] - x = x.substring(i1, x.length()): null

13-01-2025T07:14:10 - [TEST_STEP][PASSED] - println(x): null

13-01-2025T07:14:10 - [TEST_STEP][PASSED] - i1 = x.indexOf("/") + 1: null

13-01-2025T07:14:10 - [TEST_STEP][PASSED] - if (i1 > -1): null

13-01-2025T07:14:10 - [TEST_STEP][PASSED] - x = x.substring(i1, x.length()): null

13-01-2025T07:14:10 - [TEST_STEP][PASSED] - println(x): null

13-01-2025T07:14:10 - [TEST_STEP][PASSED] - i1 = x.indexOf("/") + 1: null

13-01-2025T07:14:10 - [TEST_STEP][PASSED] - if (i1 > -1): null

13-01-2025T07:14:10 - [TEST_STEP][PASSED] - x = x.substring(i1, x.length()): null

13-01-2025T07:14:10 - [TEST_STEP][PASSED] - println(x): null

13-01-2025T07:14:10 - [TEST_STEP][PASSED] - i1 = x.indexOf("/") + 1: null

13-01-2025T07:14:10 - [TEST_STEP][PASSED] - if (i1 > -1): null

13-01-2025T07:14:10 - [TEST_STEP][PASSED] - x = x.substring(i1, x.length()): null

13-01-2025T07:14:10 - [TEST_STEP][PASSED] - println(x): null

13-01-2025T07:14:10 - [TEST_STEP][PASSED] - i1 = x.indexOf("/"): null

13-01-2025T07:14:10 - [TEST_STEP][PASSED] - if (i1 > -1): null

13-01-2025T07:14:10 - [TEST_STEP][PASSED] - x = x.substring(0, i1): null

13-01-2025T07:14:10 - [TEST_STEP][PASSED] - println(x): null

13-01-2025T07:14:10 - [TEST_STEP][PASSED] - return x: null

13-01-2025T07:14:10 - [TEST_STEP][PASSED] - tabB = GetOiSPlanB(x = b): null

13-01-2025T07:14:10 - [TEST_STEP][PASSED] - i1 = <not implemented yet for class: org.codehaus.groovy.ast.expr.EmptyExpression>: null

13-01-2025T07:14:10 - [TEST_STEP][PASSED] - ii = <not implemented yet for class: org.codehaus.groovy.ast.expr.EmptyExpression>: null

13-01-2025T07:14:10 - [TEST_STEP][PASSED] - for ([ii = 1, ii < 8, (ii++)]): null

13-01-2025T07:14:10 - [TEST_STEP][PASSED] - i1 = x.indexOf("/") + 1: null

13-01-2025T07:14:10 - [TEST_STEP][PASSED] - if (i1 > -1): null

13-01-2025T07:14:10 - [TEST_STEP][PASSED] - x = x.substring(i1, x.length()): null

13-01-2025T07:14:10 - [TEST_STEP][PASSED] - println(x): null

13-01-2025T07:14:10 - [TEST_STEP][PASSED] - i1 = x.indexOf("/") + 1: null

13-01-2025T07:14:10 - [TEST_STEP][PASSED] - if (i1 > -1): null

13-01-2025T07:14:10 - [TEST_STEP][PASSED] - x = x.substring(i1, x.length()): null

13-01-2025T07:14:10 - [TEST_STEP][PASSED] - println(x): null

13-01-2025T07:14:10 - [TEST_STEP][PASSED] - i1 = x.indexOf("/") + 1: null

13-01-2025T07:14:10 - [TEST_STEP][PASSED] - if (i1 > -1): null

13-01-2025T07:14:10 - [TEST_STEP][PASSED] - x = x.substring(i1, x.length()): null

13-01-2025T07:14:10 - [TEST_STEP][PASSED] - println(x): null

13-01-2025T07:14:10 - [TEST_STEP][PASSED] - i1 = x.indexOf("/") + 1: null

13-01-2025T07:14:10 - [TEST_STEP][PASSED] - if (i1 > -1): null

13-01-2025T07:14:10 - [TEST_STEP][PASSED] - x = x.substring(i1, x.length()): null

13-01-2025T07:14:10 - [TEST_STEP][PASSED] - println(x): null

13-01-2025T07:14:10 - [TEST_STEP][PASSED] - i1 = x.indexOf("/") + 1: null

13-01-2025T07:14:10 - [TEST_STEP][PASSED] - if (i1 > -1): null

13-01-2025T07:14:10 - [TEST_STEP][PASSED] - x = x.substring(i1, x.length()): null

13-01-2025T07:14:10 - [TEST_STEP][PASSED] - println(x): null

13-01-2025T07:14:10 - [TEST_STEP][PASSED] - i1 = x.indexOf("/") + 1: null

13-01-2025T07:14:10 - [TEST_STEP][PASSED] - if (i1 > -1): null

13-01-2025T07:14:10 - [TEST_STEP][PASSED] - x = x.substring(i1, x.length()): null

13-01-2025T07:14:10 - [TEST_STEP][PASSED] - println(x): null

13-01-2025T07:14:10 - [TEST_STEP][PASSED] - i1 = x.indexOf("/") + 1: null

13-01-2025T07:14:10 - [TEST_STEP][PASSED] - if (i1 > -1): null

13-01-2025T07:14:10 - [TEST_STEP][PASSED] - x = x.substring(i1, x.length()): null

13-01-2025T07:14:10 - [TEST_STEP][PASSED] - println(x): null

13-01-2025T07:14:10 - [TEST_STEP][PASSED] - i1 = x.indexOf("/"): null

13-01-2025T07:14:10 - [TEST_STEP][PASSED] - if (i1 > -1): null

13-01-2025T07:14:10 - [TEST_STEP][PASSED] - x = x.substring(0, i1): null

13-01-2025T07:14:10 - [TEST_STEP][PASSED] - println(x): null

13-01-2025T07:14:10 - [TEST_STEP][FAILED] - return x: null

13-01-2025T07:14:10 - [TEST_STEP][PASSED] - println(tabR + "/" + tabB): null

13-01-2025T07:14:10 - [TEST_STEP][FAILED] - if (verifyEqual(PercFactR, PercFactB) == false): null

13-01-2025T07:14:10 - [MESSAGE][FAILED] - Unable to verify equal between actual object 'нет данных' and expected object '8.58' (Root cause: com.kms.katalon.core.exception.StepFailedException: Actual object 'нет данных' and expected object '8.58' are not equal
	at com.kms.katalon.core.keyword.builtin.VerifyEqualKeyword$_verifyEqual_closure1.doCall(VerifyEqualKeyword.groovy:58)
	at com.kms.katalon.core.keyword.builtin.VerifyEqualKeyword$_verifyEqual_closure1.call(VerifyEqualKeyword.groovy)
	at com.kms.katalon.core.keyword.internal.KeywordMain.runKeyword(KeywordMain.groovy:75)
	at com.kms.katalon.core.keyword.builtin.VerifyEqualKeyword.verifyEqual(VerifyEqualKeyword.groovy:63)
	at com.kms.katalon.core.keyword.builtin.VerifyEqualKeyword.execute(VerifyEqualKeyword.groovy:44)
	at com.kms.katalon.core.keyword.internal.KeywordExecutor.executeKeywordForPlatform(KeywordExecutor.groovy:74)
	at com.kms.katalon.core.keyword.BuiltinKeywords.verifyEqual(BuiltinKeywords.groovy:146)
	at jdk.internal.reflect.GeneratedMethodAccessor25.invoke(Unknown Source)
	at java.base/jdk.internal.reflect.DelegatingMethodAccessorImpl.invoke(DelegatingMethodAccessorImpl.java:43)
	at Выполнение бизнес-плана сверка дашбордов - Copy.CompareDZOData(Выполнение бизнес-плана сверка дашбордов - Copy:758)
	at Выполнение бизнес-плана сверка дашбордов - Copy.run(Выполнение бизнес-плана сверка дашбордов - Copy:633)
	at com.kms.katalon.core.main.ScriptEngine.run(ScriptEngine.java:194)
	at com.kms.katalon.core.main.ScriptEngine.runScriptAsRawText(ScriptEngine.java:119)
	at com.kms.katalon.core.main.TestCaseExecutor.runScript(TestCaseExecutor.java:448)
	at com.kms.katalon.core.main.TestCaseExecutor.doExecute(TestCaseExecutor.java:439)
	at com.kms.katalon.core.main.TestCaseExecutor.processExecutionPhase(TestCaseExecutor.java:418)
	at com.kms.katalon.core.main.TestCaseExecutor.accessMainPhase(TestCaseExecutor.java:410)
	at com.kms.katalon.core.main.TestCaseExecutor.execute(TestCaseExecutor.java:285)
	at com.kms.katalon.core.common.CommonExecutor.accessTestCaseMainPhase(CommonExecutor.java:65)
	at com.kms.katalon.core.main.TestSuiteExecutor.accessTestSuiteMainPhase(TestSuiteExecutor.java:150)
	at com.kms.katalon.core.main.TestSuiteExecutor.execute(TestSuiteExecutor.java:106)
	at com.kms.katalon.core.main.TestCaseMain.startTestSuite(TestCaseMain.java:180)
	at TempTestSuite1736740835951.run(TempTestSuite1736740835951.groovy:35)
	at java.base/jdk.internal.reflect.NativeMethodAccessorImpl.invoke0(Native Method)
	at java.base/jdk.internal.reflect.NativeMethodAccessorImpl.invoke(NativeMethodAccessorImpl.java:77)
	at java.base/jdk.internal.reflect.DelegatingMethodAccessorImpl.invoke(DelegatingMethodAccessorImpl.java:43)
)

13-01-2025T07:14:10 - [TEST_STEP][PASSED] - result = WriteToExcel(typeOfData, todaysDate, PercPlanR, PercPlanB, PercFactR, PercFactB, x, tabR, tabB, o1R, o1B, vidget): null

13-01-2025T07:14:10 - [TEST_STEP][PASSED] - iii = dZO.indexOf("/"): null

13-01-2025T07:14:10 - [TEST_STEP][PASSED] - println(iii): null

13-01-2025T07:14:10 - [TEST_STEP][PASSED] - dZO = dZO.substring(0, iii): null

13-01-2025T07:14:10 - [TEST_STEP][PASSED] - println(dZO): null

13-01-2025T07:14:10 - [TEST_STEP][PASSED] - println(PercPlanR): null

13-01-2025T07:14:10 - [TEST_STEP][PASSED] - println(PercPlanB): null

13-01-2025T07:14:10 - [TEST_STEP][PASSED] - println(PercFactR): null

13-01-2025T07:14:10 - [TEST_STEP][PASSED] - println(PercFactB): null

13-01-2025T07:14:10 - [TEST_STEP][PASSED] - println(tabR): null

13-01-2025T07:14:10 - [TEST_STEP][PASSED] - println(tabB): null

13-01-2025T07:14:10 - [TEST_STEP][PASSED] - println(o1R): null

13-01-2025T07:14:10 - [TEST_STEP][PASSED] - println(o1B): null

13-01-2025T07:14:10 - [TEST_STEP][PASSED] - PR = <not implemented yet for class: org.codehaus.groovy.ast.expr.EmptyExpression>: null

13-01-2025T07:14:10 - [TEST_STEP][PASSED] - FR = <not implemented yet for class: org.codehaus.groovy.ast.expr.EmptyExpression>: null

13-01-2025T07:14:10 - [TEST_STEP][PASSED] - PB = <not implemented yet for class: org.codehaus.groovy.ast.expr.EmptyExpression>: null

13-01-2025T07:14:10 - [TEST_STEP][PASSED] - FB = <not implemented yet for class: org.codehaus.groovy.ast.expr.EmptyExpression>: null

13-01-2025T07:14:10 - [TEST_STEP][PASSED] - TR = <not implemented yet for class: org.codehaus.groovy.ast.expr.EmptyExpression>: null

13-01-2025T07:14:10 - [TEST_STEP][PASSED] - TB = <not implemented yet for class: org.codehaus.groovy.ast.expr.EmptyExpression>: null

13-01-2025T07:14:10 - [TEST_STEP][PASSED] - sheetName = "Sheet1": null

13-01-2025T07:14:10 - [TEST_STEP][PASSED] - data = findTestData("PlanFact"): null

13-01-2025T07:14:10 - [TEST_STEP][PASSED] - n = data.getRowNumbers() + 1: null

13-01-2025T07:14:10 - [TEST_STEP][PASSED] - year = todaysDate.substring(todaysDate.length() - 4, todaysDate.length()): null

13-01-2025T07:14:10 - [TEST_STEP][PASSED] - y = year.toInteger(): null

13-01-2025T07:14:10 - [TEST_STEP][PASSED] - m = getText(findTestObject("Выполнение бизнес-плана/Выполнение бизнес-плана Балансы/Фильтр Дата")): Text of object 'Object Repository/Выполнение бизнес-плана/Выполнение бизнес-плана Балансы/Фильтр Дата' is: '1, 2, 3 кв., Октябрь, Ноябрь 2024 года'

13-01-2025T07:14:10 - [MESSAGE][PASSED] - Text of object 'Object Repository/Выполнение бизнес-плана/Выполнение бизнес-плана Балансы/Фильтр Дата' is: '1, 2, 3 кв., Октябрь, Ноябрь 2024 года'

13-01-2025T07:14:10 - [TEST_STEP][PASSED] - m = m.substring(0, m.indexOf("2024")): null

13-01-2025T07:14:10 - [TEST_STEP][PASSED] - m = m.trim(): null

13-01-2025T07:14:10 - [TEST_STEP][PASSED] - dashboardName = "Выполнение бизнес-плана": null

13-01-2025T07:14:10 - [TEST_STEP][PASSED] - workbook01 = getWorkbook(excelFilePath): null

13-01-2025T07:14:10 - [TEST_STEP][PASSED] - sheet01 = getExcelSheet(workbook01, sheetName): null

13-01-2025T07:14:10 - [TEST_STEP][PASSED] - setValueToCellByIndex(sheet01, n, 0, dashboardName): null

13-01-2025T07:14:10 - [TEST_STEP][PASSED] - setValueToCellByIndex(sheet01, n, 1, dZO): null

13-01-2025T07:14:10 - [TEST_STEP][PASSED] - setValueToCellByIndex(sheet01, n, 2, typeOfData): null

13-01-2025T07:14:10 - [TEST_STEP][PASSED] - setValueToCellByIndex(sheet01, n, 3, typeOfData): null

13-01-2025T07:14:10 - [TEST_STEP][PASSED] - if (typeOfData == "План"): null

13-01-2025T07:14:10 - [TEST_STEP][PASSED] - else if (typeOfData == "Факт"): null

13-01-2025T07:14:10 - [TEST_STEP][PASSED] - else if (vidget.contains("электроэнергии") == true): null

13-01-2025T07:14:10 - [TEST_STEP][PASSED] - if (tabR == null): null

13-01-2025T07:14:10 - [TEST_STEP][PASSED] - else: null

13-01-2025T07:14:10 - [TEST_STEP][PASSED] - if (tabR == "нет данных"): null

13-01-2025T07:14:10 - [TEST_STEP][PASSED] - setValueToCellByIndex(sheet01, n, 4, "нет данных"): null

13-01-2025T07:14:10 - [TEST_STEP][PASSED] - if (tabB == null): null

13-01-2025T07:14:10 - [TEST_STEP][PASSED] - else: null

13-01-2025T07:14:10 - [TEST_STEP][PASSED] - if (tabB == "нет данных"): null

13-01-2025T07:14:10 - [TEST_STEP][PASSED] - setValueToCellByIndex(sheet01, n, 5, "нет данных"): null

13-01-2025T07:14:10 - [TEST_STEP][PASSED] - setValueToCellByIndex(sheet01, n, 6, m): null

13-01-2025T07:14:10 - [TEST_STEP][PASSED] - setValueToCellByIndex(sheet01, n, 7, y): null

13-01-2025T07:14:10 - [TEST_STEP][PASSED] - setValueToCellByIndex(sheet01, n, 8, todaysDate): null

13-01-2025T07:14:10 - [TEST_STEP][PASSED] - n = n + 1: null

13-01-2025T07:14:10 - [TEST_STEP][PASSED] - saveWorkbook(excelFilePath, workbook01): null

13-01-2025T07:14:11 - [TEST_STEP][PASSED] - typeOfData = "План Потери": null

13-01-2025T07:14:11 - [TEST_STEP][PASSED] - tabR = GetPPlanR(x = a): null

13-01-2025T07:14:11 - [TEST_STEP][PASSED] - i1 = <not implemented yet for class: org.codehaus.groovy.ast.expr.EmptyExpression>: null

13-01-2025T07:14:11 - [TEST_STEP][PASSED] - ii = <not implemented yet for class: org.codehaus.groovy.ast.expr.EmptyExpression>: null

13-01-2025T07:14:11 - [TEST_STEP][PASSED] - for ([ii = 1, ii < 9, (ii++)]): null

13-01-2025T07:14:11 - [TEST_STEP][PASSED] - i1 = x.indexOf("/") + 1: null

13-01-2025T07:14:11 - [TEST_STEP][PASSED] - if (i1 > -1): null

13-01-2025T07:14:11 - [TEST_STEP][PASSED] - x = x.substring(i1, x.length()): null

13-01-2025T07:14:11 - [TEST_STEP][PASSED] - println(x): null

13-01-2025T07:14:11 - [TEST_STEP][PASSED] - i1 = x.indexOf("/") + 1: null

13-01-2025T07:14:11 - [TEST_STEP][PASSED] - if (i1 > -1): null

13-01-2025T07:14:11 - [TEST_STEP][PASSED] - x = x.substring(i1, x.length()): null

13-01-2025T07:14:11 - [TEST_STEP][PASSED] - println(x): null

13-01-2025T07:14:11 - [TEST_STEP][PASSED] - i1 = x.indexOf("/") + 1: null

13-01-2025T07:14:11 - [TEST_STEP][PASSED] - if (i1 > -1): null

13-01-2025T07:14:11 - [TEST_STEP][PASSED] - x = x.substring(i1, x.length()): null

13-01-2025T07:14:11 - [TEST_STEP][PASSED] - println(x): null

13-01-2025T07:14:11 - [TEST_STEP][PASSED] - i1 = x.indexOf("/") + 1: null

13-01-2025T07:14:11 - [TEST_STEP][PASSED] - if (i1 > -1): null

13-01-2025T07:14:11 - [TEST_STEP][PASSED] - x = x.substring(i1, x.length()): null

13-01-2025T07:14:11 - [TEST_STEP][PASSED] - println(x): null

13-01-2025T07:14:11 - [TEST_STEP][PASSED] - i1 = x.indexOf("/") + 1: null

13-01-2025T07:14:11 - [TEST_STEP][PASSED] - if (i1 > -1): null

13-01-2025T07:14:11 - [TEST_STEP][PASSED] - x = x.substring(i1, x.length()): null

13-01-2025T07:14:11 - [TEST_STEP][PASSED] - println(x): null

13-01-2025T07:14:11 - [TEST_STEP][PASSED] - i1 = x.indexOf("/") + 1: null

13-01-2025T07:14:11 - [TEST_STEP][PASSED] - if (i1 > -1): null

13-01-2025T07:14:11 - [TEST_STEP][PASSED] - x = x.substring(i1, x.length()): null

13-01-2025T07:14:11 - [TEST_STEP][PASSED] - println(x): null

13-01-2025T07:14:11 - [TEST_STEP][PASSED] - i1 = x.indexOf("/") + 1: null

13-01-2025T07:14:11 - [TEST_STEP][PASSED] - if (i1 > -1): null

13-01-2025T07:14:11 - [TEST_STEP][PASSED] - x = x.substring(i1, x.length()): null

13-01-2025T07:14:11 - [TEST_STEP][PASSED] - println(x): null

13-01-2025T07:14:11 - [TEST_STEP][PASSED] - i1 = x.indexOf("/") + 1: null

13-01-2025T07:14:11 - [TEST_STEP][PASSED] - if (i1 > -1): null

13-01-2025T07:14:11 - [TEST_STEP][PASSED] - x = x.substring(i1, x.length()): null

13-01-2025T07:14:11 - [TEST_STEP][PASSED] - println(x): null

13-01-2025T07:14:11 - [TEST_STEP][PASSED] - i1 = x.indexOf("/"): null

13-01-2025T07:14:11 - [TEST_STEP][PASSED] - if (i1 > -1): null

13-01-2025T07:14:11 - [TEST_STEP][PASSED] - x = x.substring(0, i1): null

13-01-2025T07:14:11 - [TEST_STEP][PASSED] - println(x): null

13-01-2025T07:14:11 - [TEST_STEP][PASSED] - return x: null

13-01-2025T07:14:11 - [TEST_STEP][PASSED] - tabB = GetPPlanB(x = b): null

13-01-2025T07:14:11 - [TEST_STEP][PASSED] - i1 = <not implemented yet for class: org.codehaus.groovy.ast.expr.EmptyExpression>: null

13-01-2025T07:14:11 - [TEST_STEP][PASSED] - ii = <not implemented yet for class: org.codehaus.groovy.ast.expr.EmptyExpression>: null

13-01-2025T07:14:11 - [TEST_STEP][PASSED] - for ([ii = 1, ii < 9, (ii++)]): null

13-01-2025T07:14:11 - [TEST_STEP][PASSED] - i1 = x.indexOf("/") + 1: null

13-01-2025T07:14:11 - [TEST_STEP][PASSED] - if (i1 > -1): null

13-01-2025T07:14:11 - [TEST_STEP][PASSED] - x = x.substring(i1, x.length()): null

13-01-2025T07:14:11 - [TEST_STEP][PASSED] - println(x): null

13-01-2025T07:14:11 - [TEST_STEP][PASSED] - i1 = x.indexOf("/") + 1: null

13-01-2025T07:14:11 - [TEST_STEP][PASSED] - if (i1 > -1): null

13-01-2025T07:14:11 - [TEST_STEP][PASSED] - x = x.substring(i1, x.length()): null

13-01-2025T07:14:11 - [TEST_STEP][PASSED] - println(x): null

13-01-2025T07:14:11 - [TEST_STEP][PASSED] - i1 = x.indexOf("/") + 1: null

13-01-2025T07:14:11 - [TEST_STEP][PASSED] - if (i1 > -1): null

13-01-2025T07:14:11 - [TEST_STEP][PASSED] - x = x.substring(i1, x.length()): null

13-01-2025T07:14:11 - [TEST_STEP][PASSED] - println(x): null

13-01-2025T07:14:11 - [TEST_STEP][PASSED] - i1 = x.indexOf("/") + 1: null

13-01-2025T07:14:11 - [TEST_STEP][PASSED] - if (i1 > -1): null

13-01-2025T07:14:11 - [TEST_STEP][PASSED] - x = x.substring(i1, x.length()): null

13-01-2025T07:14:11 - [TEST_STEP][PASSED] - println(x): null

13-01-2025T07:14:11 - [TEST_STEP][PASSED] - i1 = x.indexOf("/") + 1: null

13-01-2025T07:14:11 - [TEST_STEP][PASSED] - if (i1 > -1): null

13-01-2025T07:14:11 - [TEST_STEP][PASSED] - x = x.substring(i1, x.length()): null

13-01-2025T07:14:11 - [TEST_STEP][PASSED] - println(x): null

13-01-2025T07:14:11 - [TEST_STEP][PASSED] - i1 = x.indexOf("/") + 1: null

13-01-2025T07:14:11 - [TEST_STEP][PASSED] - if (i1 > -1): null

13-01-2025T07:14:11 - [TEST_STEP][PASSED] - x = x.substring(i1, x.length()): null

13-01-2025T07:14:11 - [TEST_STEP][PASSED] - println(x): null

13-01-2025T07:14:11 - [TEST_STEP][PASSED] - i1 = x.indexOf("/") + 1: null

13-01-2025T07:14:11 - [TEST_STEP][PASSED] - if (i1 > -1): null

13-01-2025T07:14:11 - [TEST_STEP][PASSED] - x = x.substring(i1, x.length()): null

13-01-2025T07:14:11 - [TEST_STEP][PASSED] - println(x): null

13-01-2025T07:14:11 - [TEST_STEP][PASSED] - i1 = x.indexOf("/") + 1: null

13-01-2025T07:14:11 - [TEST_STEP][PASSED] - if (i1 > -1): null

13-01-2025T07:14:11 - [TEST_STEP][PASSED] - x = x.substring(i1, x.length()): null

13-01-2025T07:14:11 - [TEST_STEP][PASSED] - println(x): null

13-01-2025T07:14:11 - [TEST_STEP][PASSED] - i1 = x.indexOf("/"): null

13-01-2025T07:14:11 - [TEST_STEP][PASSED] - if (i1 > -1): null

13-01-2025T07:14:11 - [TEST_STEP][PASSED] - x = x.substring(0, i1): null

13-01-2025T07:14:11 - [TEST_STEP][PASSED] - println(x): null

13-01-2025T07:14:11 - [TEST_STEP][FAILED] - return x: null

13-01-2025T07:14:11 - [TEST_STEP][PASSED] - println(tabR + "/" + tabB): null

13-01-2025T07:14:11 - [TEST_STEP][FAILED] - if (verifyEqual(PercFactR, PercFactB) == false): null

13-01-2025T07:14:11 - [MESSAGE][FAILED] - Unable to verify equal between actual object 'нет данных' and expected object '8.58' (Root cause: com.kms.katalon.core.exception.StepFailedException: Actual object 'нет данных' and expected object '8.58' are not equal
	at com.kms.katalon.core.keyword.builtin.VerifyEqualKeyword$_verifyEqual_closure1.doCall(VerifyEqualKeyword.groovy:58)
	at com.kms.katalon.core.keyword.builtin.VerifyEqualKeyword$_verifyEqual_closure1.call(VerifyEqualKeyword.groovy)
	at com.kms.katalon.core.keyword.internal.KeywordMain.runKeyword(KeywordMain.groovy:75)
	at com.kms.katalon.core.keyword.builtin.VerifyEqualKeyword.verifyEqual(VerifyEqualKeyword.groovy:63)
	at com.kms.katalon.core.keyword.builtin.VerifyEqualKeyword.execute(VerifyEqualKeyword.groovy:44)
	at com.kms.katalon.core.keyword.internal.KeywordExecutor.executeKeywordForPlatform(KeywordExecutor.groovy:74)
	at com.kms.katalon.core.keyword.BuiltinKeywords.verifyEqual(BuiltinKeywords.groovy:146)
	at jdk.internal.reflect.GeneratedMethodAccessor25.invoke(Unknown Source)
	at java.base/jdk.internal.reflect.DelegatingMethodAccessorImpl.invoke(DelegatingMethodAccessorImpl.java:43)
	at Выполнение бизнес-плана сверка дашбордов - Copy.CompareDZOData(Выполнение бизнес-плана сверка дашбордов - Copy:771)
	at Выполнение бизнес-плана сверка дашбордов - Copy.run(Выполнение бизнес-плана сверка дашбордов - Copy:633)
	at com.kms.katalon.core.main.ScriptEngine.run(ScriptEngine.java:194)
	at com.kms.katalon.core.main.ScriptEngine.runScriptAsRawText(ScriptEngine.java:119)
	at com.kms.katalon.core.main.TestCaseExecutor.runScript(TestCaseExecutor.java:448)
	at com.kms.katalon.core.main.TestCaseExecutor.doExecute(TestCaseExecutor.java:439)
	at com.kms.katalon.core.main.TestCaseExecutor.processExecutionPhase(TestCaseExecutor.java:418)
	at com.kms.katalon.core.main.TestCaseExecutor.accessMainPhase(TestCaseExecutor.java:410)
	at com.kms.katalon.core.main.TestCaseExecutor.execute(TestCaseExecutor.java:285)
	at com.kms.katalon.core.common.CommonExecutor.accessTestCaseMainPhase(CommonExecutor.java:65)
	at com.kms.katalon.core.main.TestSuiteExecutor.accessTestSuiteMainPhase(TestSuiteExecutor.java:150)
	at com.kms.katalon.core.main.TestSuiteExecutor.execute(TestSuiteExecutor.java:106)
	at com.kms.katalon.core.main.TestCaseMain.startTestSuite(TestCaseMain.java:180)
	at TempTestSuite1736740835951.run(TempTestSuite1736740835951.groovy:35)
	at java.base/jdk.internal.reflect.NativeMethodAccessorImpl.invoke0(Native Method)
	at java.base/jdk.internal.reflect.NativeMethodAccessorImpl.invoke(NativeMethodAccessorImpl.java:77)
	at java.base/jdk.internal.reflect.DelegatingMethodAccessorImpl.invoke(DelegatingMethodAccessorImpl.java:43)
)

13-01-2025T07:14:11 - [TEST_STEP][PASSED] - result = WriteToExcel(typeOfData, todaysDate, PercPlanR, PercPlanB, PercFactR, PercFactB, x, tabR, tabB, o1R, o1B, vidget): null

13-01-2025T07:14:11 - [TEST_STEP][PASSED] - iii = dZO.indexOf("/"): null

13-01-2025T07:14:11 - [TEST_STEP][PASSED] - println(iii): null

13-01-2025T07:14:11 - [TEST_STEP][PASSED] - dZO = dZO.substring(0, iii): null

13-01-2025T07:14:11 - [TEST_STEP][PASSED] - println(dZO): null

13-01-2025T07:14:11 - [TEST_STEP][PASSED] - println(PercPlanR): null

13-01-2025T07:14:11 - [TEST_STEP][PASSED] - println(PercPlanB): null

13-01-2025T07:14:11 - [TEST_STEP][PASSED] - println(PercFactR): null

13-01-2025T07:14:11 - [TEST_STEP][PASSED] - println(PercFactB): null

13-01-2025T07:14:11 - [TEST_STEP][PASSED] - println(tabR): null

13-01-2025T07:14:11 - [TEST_STEP][PASSED] - println(tabB): null

13-01-2025T07:14:11 - [TEST_STEP][PASSED] - println(o1R): null

13-01-2025T07:14:11 - [TEST_STEP][PASSED] - println(o1B): null

13-01-2025T07:14:11 - [TEST_STEP][PASSED] - PR = <not implemented yet for class: org.codehaus.groovy.ast.expr.EmptyExpression>: null

13-01-2025T07:14:11 - [TEST_STEP][PASSED] - FR = <not implemented yet for class: org.codehaus.groovy.ast.expr.EmptyExpression>: null

13-01-2025T07:14:11 - [TEST_STEP][PASSED] - PB = <not implemented yet for class: org.codehaus.groovy.ast.expr.EmptyExpression>: null

13-01-2025T07:14:11 - [TEST_STEP][PASSED] - FB = <not implemented yet for class: org.codehaus.groovy.ast.expr.EmptyExpression>: null

13-01-2025T07:14:11 - [TEST_STEP][PASSED] - TR = <not implemented yet for class: org.codehaus.groovy.ast.expr.EmptyExpression>: null

13-01-2025T07:14:11 - [TEST_STEP][PASSED] - TB = <not implemented yet for class: org.codehaus.groovy.ast.expr.EmptyExpression>: null

13-01-2025T07:14:11 - [TEST_STEP][PASSED] - sheetName = "Sheet1": null

13-01-2025T07:14:11 - [TEST_STEP][PASSED] - data = findTestData("PlanFact"): null

13-01-2025T07:14:11 - [TEST_STEP][PASSED] - n = data.getRowNumbers() + 1: null

13-01-2025T07:14:11 - [TEST_STEP][PASSED] - year = todaysDate.substring(todaysDate.length() - 4, todaysDate.length()): null

13-01-2025T07:14:11 - [TEST_STEP][PASSED] - y = year.toInteger(): null

13-01-2025T07:14:11 - [TEST_STEP][PASSED] - m = getText(findTestObject("Выполнение бизнес-плана/Выполнение бизнес-плана Балансы/Фильтр Дата")): Text of object 'Object Repository/Выполнение бизнес-плана/Выполнение бизнес-плана Балансы/Фильтр Дата' is: '1, 2, 3 кв., Октябрь, Ноябрь 2024 года'

13-01-2025T07:14:11 - [MESSAGE][PASSED] - Text of object 'Object Repository/Выполнение бизнес-плана/Выполнение бизнес-плана Балансы/Фильтр Дата' is: '1, 2, 3 кв., Октябрь, Ноябрь 2024 года'

13-01-2025T07:14:11 - [TEST_STEP][PASSED] - m = m.substring(0, m.indexOf("2024")): null

13-01-2025T07:14:11 - [TEST_STEP][PASSED] - m = m.trim(): null

13-01-2025T07:14:11 - [TEST_STEP][PASSED] - dashboardName = "Выполнение бизнес-плана": null

13-01-2025T07:14:11 - [TEST_STEP][PASSED] - workbook01 = getWorkbook(excelFilePath): null

13-01-2025T07:14:11 - [TEST_STEP][PASSED] - sheet01 = getExcelSheet(workbook01, sheetName): null

13-01-2025T07:14:11 - [TEST_STEP][PASSED] - setValueToCellByIndex(sheet01, n, 0, dashboardName): null

13-01-2025T07:14:11 - [TEST_STEP][PASSED] - setValueToCellByIndex(sheet01, n, 1, dZO): null

13-01-2025T07:14:11 - [TEST_STEP][PASSED] - setValueToCellByIndex(sheet01, n, 2, typeOfData): null

13-01-2025T07:14:11 - [TEST_STEP][PASSED] - setValueToCellByIndex(sheet01, n, 3, typeOfData): null

13-01-2025T07:14:11 - [TEST_STEP][PASSED] - if (typeOfData == "План"): null

13-01-2025T07:14:11 - [TEST_STEP][PASSED] - else if (typeOfData == "Факт"): null

13-01-2025T07:14:11 - [TEST_STEP][PASSED] - else if (vidget.contains("электроэнергии") == true): null

13-01-2025T07:14:11 - [TEST_STEP][PASSED] - if (tabR == null): null

13-01-2025T07:14:11 - [TEST_STEP][PASSED] - else: null

13-01-2025T07:14:11 - [TEST_STEP][PASSED] - if (tabR == "нет данных"): null

13-01-2025T07:14:11 - [TEST_STEP][PASSED] - setValueToCellByIndex(sheet01, n, 4, "нет данных"): null

13-01-2025T07:14:11 - [TEST_STEP][PASSED] - if (tabB == null): null

13-01-2025T07:14:11 - [TEST_STEP][PASSED] - else: null

13-01-2025T07:14:11 - [TEST_STEP][PASSED] - if (tabB == "нет данных"): null

13-01-2025T07:14:11 - [TEST_STEP][PASSED] - setValueToCellByIndex(sheet01, n, 5, "нет данных"): null

13-01-2025T07:14:11 - [TEST_STEP][PASSED] - setValueToCellByIndex(sheet01, n, 6, m): null

13-01-2025T07:14:11 - [TEST_STEP][PASSED] - setValueToCellByIndex(sheet01, n, 7, y): null

13-01-2025T07:14:11 - [TEST_STEP][PASSED] - setValueToCellByIndex(sheet01, n, 8, todaysDate): null

13-01-2025T07:14:11 - [TEST_STEP][PASSED] - n = n + 1: null

13-01-2025T07:14:11 - [TEST_STEP][PASSED] - saveWorkbook(excelFilePath, workbook01): null

13-01-2025T07:14:11 - [TEST_STEP][PASSED] - ii2 = a.indexOf("ПАО"): null

13-01-2025T07:14:11 - [TEST_STEP][PASSED] - if (ii2 == -1): null

13-01-2025T07:14:11 - [TEST_STEP][PASSED] - vidget = "Отклонения фактического уровня потерь от бизнес-плана": null

13-01-2025T07:14:11 - [TEST_STEP][PASSED] - typeOfData = "Коэффициент": null

13-01-2025T07:14:11 - [TEST_STEP][PASSED] - o1R = Geto1R(x = a): null

13-01-2025T07:14:11 - [TEST_STEP][PASSED] - i1 = <not implemented yet for class: org.codehaus.groovy.ast.expr.EmptyExpression>: null

13-01-2025T07:14:11 - [TEST_STEP][PASSED] - ii = <not implemented yet for class: org.codehaus.groovy.ast.expr.EmptyExpression>: null

13-01-2025T07:14:11 - [TEST_STEP][PASSED] - for ([ii = 1, ii < 10, (ii++)]): null

13-01-2025T07:14:11 - [TEST_STEP][PASSED] - i1 = x.indexOf("/") + 1: null

13-01-2025T07:14:11 - [TEST_STEP][PASSED] - if (i1 > -1): null

13-01-2025T07:14:11 - [TEST_STEP][PASSED] - x = x.substring(i1, x.length()): null

13-01-2025T07:14:11 - [TEST_STEP][PASSED] - i1 = x.indexOf("/") + 1: null

13-01-2025T07:14:11 - [TEST_STEP][PASSED] - if (i1 > -1): null

13-01-2025T07:14:11 - [TEST_STEP][PASSED] - x = x.substring(i1, x.length()): null

13-01-2025T07:14:11 - [TEST_STEP][PASSED] - i1 = x.indexOf("/") + 1: null

13-01-2025T07:14:11 - [TEST_STEP][PASSED] - if (i1 > -1): null

13-01-2025T07:14:11 - [TEST_STEP][PASSED] - x = x.substring(i1, x.length()): null

13-01-2025T07:14:11 - [TEST_STEP][PASSED] - i1 = x.indexOf("/") + 1: null

13-01-2025T07:14:11 - [TEST_STEP][PASSED] - if (i1 > -1): null

13-01-2025T07:14:11 - [TEST_STEP][PASSED] - x = x.substring(i1, x.length()): null

13-01-2025T07:14:11 - [TEST_STEP][PASSED] - i1 = x.indexOf("/") + 1: null

13-01-2025T07:14:11 - [TEST_STEP][PASSED] - if (i1 > -1): null

13-01-2025T07:14:11 - [TEST_STEP][PASSED] - x = x.substring(i1, x.length()): null

13-01-2025T07:14:11 - [TEST_STEP][PASSED] - i1 = x.indexOf("/") + 1: null

13-01-2025T07:14:11 - [TEST_STEP][PASSED] - if (i1 > -1): null

13-01-2025T07:14:11 - [TEST_STEP][PASSED] - x = x.substring(i1, x.length()): null

13-01-2025T07:14:11 - [TEST_STEP][PASSED] - i1 = x.indexOf("/") + 1: null

13-01-2025T07:14:11 - [TEST_STEP][PASSED] - if (i1 > -1): null

13-01-2025T07:14:11 - [TEST_STEP][PASSED] - x = x.substring(i1, x.length()): null

13-01-2025T07:14:11 - [TEST_STEP][PASSED] - i1 = x.indexOf("/") + 1: null

13-01-2025T07:14:11 - [TEST_STEP][PASSED] - if (i1 > -1): null

13-01-2025T07:14:11 - [TEST_STEP][PASSED] - x = x.substring(i1, x.length()): null

13-01-2025T07:14:11 - [TEST_STEP][PASSED] - i1 = x.indexOf("/") + 1: null

13-01-2025T07:14:11 - [TEST_STEP][PASSED] - if (i1 > -1): null

13-01-2025T07:14:11 - [TEST_STEP][PASSED] - x = x.substring(i1, x.length()): null

13-01-2025T07:14:11 - [TEST_STEP][PASSED] - i1 = x.indexOf("/"): null

13-01-2025T07:14:11 - [TEST_STEP][PASSED] - if (i1 > -1): null

13-01-2025T07:14:11 - [TEST_STEP][PASSED] - println(x): null

13-01-2025T07:14:11 - [TEST_STEP][PASSED] - return x: null

13-01-2025T07:14:11 - [TEST_STEP][PASSED] - o1B = Geto1B(x = b): null

13-01-2025T07:14:11 - [TEST_STEP][PASSED] - i1 = <not implemented yet for class: org.codehaus.groovy.ast.expr.EmptyExpression>: null

13-01-2025T07:14:11 - [TEST_STEP][PASSED] - ii = <not implemented yet for class: org.codehaus.groovy.ast.expr.EmptyExpression>: null

13-01-2025T07:14:11 - [TEST_STEP][PASSED] - for ([ii = 1, ii < 10, (ii++)]): null

13-01-2025T07:14:11 - [TEST_STEP][PASSED] - i1 = x.indexOf("/") + 1: null

13-01-2025T07:14:11 - [TEST_STEP][PASSED] - if (i1 > -1): null

13-01-2025T07:14:11 - [TEST_STEP][PASSED] - x = x.substring(i1, x.length()): null

13-01-2025T07:14:11 - [TEST_STEP][PASSED] - i1 = x.indexOf("/") + 1: null

13-01-2025T07:14:11 - [TEST_STEP][PASSED] - if (i1 > -1): null

13-01-2025T07:14:11 - [TEST_STEP][PASSED] - x = x.substring(i1, x.length()): null

13-01-2025T07:14:11 - [TEST_STEP][PASSED] - i1 = x.indexOf("/") + 1: null

13-01-2025T07:14:11 - [TEST_STEP][PASSED] - if (i1 > -1): null

13-01-2025T07:14:11 - [TEST_STEP][PASSED] - x = x.substring(i1, x.length()): null

13-01-2025T07:14:11 - [TEST_STEP][PASSED] - i1 = x.indexOf("/") + 1: null

13-01-2025T07:14:11 - [TEST_STEP][PASSED] - if (i1 > -1): null

13-01-2025T07:14:11 - [TEST_STEP][PASSED] - x = x.substring(i1, x.length()): null

13-01-2025T07:14:11 - [TEST_STEP][PASSED] - i1 = x.indexOf("/") + 1: null

13-01-2025T07:14:11 - [TEST_STEP][PASSED] - if (i1 > -1): null

13-01-2025T07:14:11 - [TEST_STEP][PASSED] - x = x.substring(i1, x.length()): null

13-01-2025T07:14:11 - [TEST_STEP][PASSED] - i1 = x.indexOf("/") + 1: null

13-01-2025T07:14:11 - [TEST_STEP][PASSED] - if (i1 > -1): null

13-01-2025T07:14:11 - [TEST_STEP][PASSED] - x = x.substring(i1, x.length()): null

13-01-2025T07:14:11 - [TEST_STEP][PASSED] - i1 = x.indexOf("/") + 1: null

13-01-2025T07:14:11 - [TEST_STEP][PASSED] - if (i1 > -1): null

13-01-2025T07:14:11 - [TEST_STEP][PASSED] - x = x.substring(i1, x.length()): null

13-01-2025T07:14:11 - [TEST_STEP][PASSED] - i1 = x.indexOf("/") + 1: null

13-01-2025T07:14:11 - [TEST_STEP][PASSED] - if (i1 > -1): null

13-01-2025T07:14:11 - [TEST_STEP][PASSED] - x = x.substring(i1, x.length()): null

13-01-2025T07:14:11 - [TEST_STEP][PASSED] - i1 = x.indexOf("/") + 1: null

13-01-2025T07:14:11 - [TEST_STEP][PASSED] - if (i1 > -1): null

13-01-2025T07:14:11 - [TEST_STEP][PASSED] - x = x.substring(i1, x.length()): null

13-01-2025T07:14:11 - [TEST_STEP][PASSED] - i1 = x.indexOf("/"): null

13-01-2025T07:14:11 - [TEST_STEP][PASSED] - if (i1 > -1): null

13-01-2025T07:14:11 - [TEST_STEP][PASSED] - println(x): null

13-01-2025T07:14:11 - [TEST_STEP][FAILED] - return x: null

13-01-2025T07:14:11 - [TEST_STEP][PASSED] - println(o1R + "/" + o1B): null

13-01-2025T07:14:11 - [TEST_STEP][FAILED] - if (verifyEqual(PercFactR, PercFactB) == false): null

13-01-2025T07:14:11 - [MESSAGE][FAILED] - Unable to verify equal between actual object 'нет данных' and expected object '8.58' (Root cause: com.kms.katalon.core.exception.StepFailedException: Actual object 'нет данных' and expected object '8.58' are not equal
	at com.kms.katalon.core.keyword.builtin.VerifyEqualKeyword$_verifyEqual_closure1.doCall(VerifyEqualKeyword.groovy:58)
	at com.kms.katalon.core.keyword.builtin.VerifyEqualKeyword$_verifyEqual_closure1.call(VerifyEqualKeyword.groovy)
	at com.kms.katalon.core.keyword.internal.KeywordMain.runKeyword(KeywordMain.groovy:75)
	at com.kms.katalon.core.keyword.builtin.VerifyEqualKeyword.verifyEqual(VerifyEqualKeyword.groovy:63)
	at com.kms.katalon.core.keyword.builtin.VerifyEqualKeyword.execute(VerifyEqualKeyword.groovy:44)
	at com.kms.katalon.core.keyword.internal.KeywordExecutor.executeKeywordForPlatform(KeywordExecutor.groovy:74)
	at com.kms.katalon.core.keyword.BuiltinKeywords.verifyEqual(BuiltinKeywords.groovy:146)
	at jdk.internal.reflect.GeneratedMethodAccessor25.invoke(Unknown Source)
	at java.base/jdk.internal.reflect.DelegatingMethodAccessorImpl.invoke(DelegatingMethodAccessorImpl.java:43)
	at Выполнение бизнес-плана сверка дашбордов - Copy.CompareDZOData(Выполнение бизнес-плана сверка дашбордов - Copy:789)
	at Выполнение бизнес-плана сверка дашбордов - Copy.run(Выполнение бизнес-плана сверка дашбордов - Copy:633)
	at com.kms.katalon.core.main.ScriptEngine.run(ScriptEngine.java:194)
	at com.kms.katalon.core.main.ScriptEngine.runScriptAsRawText(ScriptEngine.java:119)
	at com.kms.katalon.core.main.TestCaseExecutor.runScript(TestCaseExecutor.java:448)
	at com.kms.katalon.core.main.TestCaseExecutor.doExecute(TestCaseExecutor.java:439)
	at com.kms.katalon.core.main.TestCaseExecutor.processExecutionPhase(TestCaseExecutor.java:418)
	at com.kms.katalon.core.main.TestCaseExecutor.accessMainPhase(TestCaseExecutor.java:410)
	at com.kms.katalon.core.main.TestCaseExecutor.execute(TestCaseExecutor.java:285)
	at com.kms.katalon.core.common.CommonExecutor.accessTestCaseMainPhase(CommonExecutor.java:65)
	at com.kms.katalon.core.main.TestSuiteExecutor.accessTestSuiteMainPhase(TestSuiteExecutor.java:150)
	at com.kms.katalon.core.main.TestSuiteExecutor.execute(TestSuiteExecutor.java:106)
	at com.kms.katalon.core.main.TestCaseMain.startTestSuite(TestCaseMain.java:180)
	at TempTestSuite1736740835951.run(TempTestSuite1736740835951.groovy:35)
	at java.base/jdk.internal.reflect.NativeMethodAccessorImpl.invoke0(Native Method)
	at java.base/jdk.internal.reflect.NativeMethodAccessorImpl.invoke(NativeMethodAccessorImpl.java:77)
	at java.base/jdk.internal.reflect.DelegatingMethodAccessorImpl.invoke(DelegatingMethodAccessorImpl.java:43)
)

13-01-2025T07:14:11 - [TEST_STEP][PASSED] - result = WriteToExcel(typeOfData, todaysDate, PercPlanR, PercPlanB, PercFactR, PercFactB, x, tabR, tabB, o1R, o1B, vidget): null

13-01-2025T07:14:11 - [TEST_STEP][PASSED] - iii = dZO.indexOf("/"): null

13-01-2025T07:14:11 - [TEST_STEP][PASSED] - println(iii): null

13-01-2025T07:14:11 - [TEST_STEP][PASSED] - dZO = dZO.substring(0, iii): null

13-01-2025T07:14:11 - [TEST_STEP][PASSED] - println(dZO): null

13-01-2025T07:14:11 - [TEST_STEP][PASSED] - println(PercPlanR): null

13-01-2025T07:14:11 - [TEST_STEP][PASSED] - println(PercPlanB): null

13-01-2025T07:14:11 - [TEST_STEP][PASSED] - println(PercFactR): null

13-01-2025T07:14:11 - [TEST_STEP][PASSED] - println(PercFactB): null

13-01-2025T07:14:11 - [TEST_STEP][PASSED] - println(tabR): null

13-01-2025T07:14:11 - [TEST_STEP][PASSED] - println(tabB): null

13-01-2025T07:14:11 - [TEST_STEP][PASSED] - println(o1R): null

13-01-2025T07:14:11 - [TEST_STEP][PASSED] - println(o1B): null

13-01-2025T07:14:11 - [TEST_STEP][PASSED] - PR = <not implemented yet for class: org.codehaus.groovy.ast.expr.EmptyExpression>: null

13-01-2025T07:14:11 - [TEST_STEP][PASSED] - FR = <not implemented yet for class: org.codehaus.groovy.ast.expr.EmptyExpression>: null

13-01-2025T07:14:11 - [TEST_STEP][PASSED] - PB = <not implemented yet for class: org.codehaus.groovy.ast.expr.EmptyExpression>: null

13-01-2025T07:14:11 - [TEST_STEP][PASSED] - FB = <not implemented yet for class: org.codehaus.groovy.ast.expr.EmptyExpression>: null

13-01-2025T07:14:11 - [TEST_STEP][PASSED] - TR = <not implemented yet for class: org.codehaus.groovy.ast.expr.EmptyExpression>: null

13-01-2025T07:14:11 - [TEST_STEP][PASSED] - TB = <not implemented yet for class: org.codehaus.groovy.ast.expr.EmptyExpression>: null

13-01-2025T07:14:11 - [TEST_STEP][PASSED] - sheetName = "Sheet1": null

13-01-2025T07:14:11 - [TEST_STEP][PASSED] - data = findTestData("PlanFact"): null

13-01-2025T07:14:11 - [TEST_STEP][PASSED] - n = data.getRowNumbers() + 1: null

13-01-2025T07:14:11 - [TEST_STEP][PASSED] - year = todaysDate.substring(todaysDate.length() - 4, todaysDate.length()): null

13-01-2025T07:14:11 - [TEST_STEP][PASSED] - y = year.toInteger(): null

13-01-2025T07:14:11 - [TEST_STEP][PASSED] - m = getText(findTestObject("Выполнение бизнес-плана/Выполнение бизнес-плана Балансы/Фильтр Дата")): Text of object 'Object Repository/Выполнение бизнес-плана/Выполнение бизнес-плана Балансы/Фильтр Дата' is: '1, 2, 3 кв., Октябрь, Ноябрь 2024 года'

13-01-2025T07:14:12 - [MESSAGE][PASSED] - Text of object 'Object Repository/Выполнение бизнес-плана/Выполнение бизнес-плана Балансы/Фильтр Дата' is: '1, 2, 3 кв., Октябрь, Ноябрь 2024 года'

13-01-2025T07:14:12 - [TEST_STEP][PASSED] - m = m.substring(0, m.indexOf("2024")): null

13-01-2025T07:14:12 - [TEST_STEP][PASSED] - m = m.trim(): null

13-01-2025T07:14:12 - [TEST_STEP][PASSED] - dashboardName = "Выполнение бизнес-плана": null

13-01-2025T07:14:12 - [TEST_STEP][PASSED] - workbook01 = getWorkbook(excelFilePath): null

13-01-2025T07:14:12 - [TEST_STEP][PASSED] - sheet01 = getExcelSheet(workbook01, sheetName): null

13-01-2025T07:14:12 - [TEST_STEP][PASSED] - setValueToCellByIndex(sheet01, n, 0, dashboardName): null

13-01-2025T07:14:12 - [TEST_STEP][PASSED] - setValueToCellByIndex(sheet01, n, 1, dZO): null

13-01-2025T07:14:12 - [TEST_STEP][PASSED] - setValueToCellByIndex(sheet01, n, 2, typeOfData): null

13-01-2025T07:14:12 - [TEST_STEP][PASSED] - setValueToCellByIndex(sheet01, n, 3, typeOfData): null

13-01-2025T07:14:12 - [TEST_STEP][PASSED] - if (typeOfData == "План"): null

13-01-2025T07:14:12 - [TEST_STEP][PASSED] - else if (typeOfData == "Факт"): null

13-01-2025T07:14:12 - [TEST_STEP][PASSED] - else if (vidget.contains("электроэнергии") == true): null

13-01-2025T07:14:12 - [TEST_STEP][PASSED] - else: null

13-01-2025T07:14:12 - [TEST_STEP][PASSED] - if (o1R == null): null

13-01-2025T07:14:12 - [TEST_STEP][PASSED] - else: null

13-01-2025T07:14:12 - [TEST_STEP][PASSED] - if (o1R == "нет данных"): null

13-01-2025T07:14:12 - [TEST_STEP][PASSED] - setValueToCellByIndex(sheet01, n, 4, "нет данных"): null

13-01-2025T07:14:12 - [TEST_STEP][PASSED] - if (o1B == null): null

13-01-2025T07:14:12 - [TEST_STEP][PASSED] - else: null

13-01-2025T07:14:12 - [TEST_STEP][PASSED] - if (o1B == "нет данных"): null

13-01-2025T07:14:12 - [TEST_STEP][PASSED] - else: null

13-01-2025T07:14:12 - [TEST_STEP][PASSED] - FB = o1B.toDouble(): null

13-01-2025T07:14:12 - [TEST_STEP][PASSED] - setValueToCellByIndex(sheet01, n, 5, FB): null

13-01-2025T07:14:12 - [TEST_STEP][PASSED] - setValueToCellByIndex(sheet01, n, 6, m): null

13-01-2025T07:14:12 - [TEST_STEP][PASSED] - setValueToCellByIndex(sheet01, n, 7, y): null

13-01-2025T07:14:12 - [TEST_STEP][PASSED] - setValueToCellByIndex(sheet01, n, 8, todaysDate): null

13-01-2025T07:14:12 - [TEST_STEP][PASSED] - n = n + 1: null

13-01-2025T07:14:12 - [TEST_STEP][FAILED] - saveWorkbook(excelFilePath, workbook01): null

13-01-2025T07:14:12 - [TEST_STEP][FAILED] - if (verifyEqual(tyumR, tyumB) == false): null

13-01-2025T07:14:12 - [MESSAGE][FAILED] - Unable to verify equal between actual object 'Россети Тюмень/2.54/2.70/47865721/46573769/1291953/49871651/48605475/1266176/0.16' and expected object 'Россети Тюмень/2.54/2.70/47865721/46573769/1291953/0/нет данных/нет данных/0.16' (Root cause: com.kms.katalon.core.exception.StepFailedException: Actual object 'Россети Тюмень/2.54/2.70/47865721/46573769/1291953/49871651/48605475/1266176/0.16' and expected object 'Россети Тюмень/2.54/2.70/47865721/46573769/1291953/0/нет данных/нет данных/0.16' are not equal
	at com.kms.katalon.core.keyword.builtin.VerifyEqualKeyword$_verifyEqual_closure1.doCall(VerifyEqualKeyword.groovy:58)
	at com.kms.katalon.core.keyword.builtin.VerifyEqualKeyword$_verifyEqual_closure1.call(VerifyEqualKeyword.groovy)
	at com.kms.katalon.core.keyword.internal.KeywordMain.runKeyword(KeywordMain.groovy:75)
	at com.kms.katalon.core.keyword.builtin.VerifyEqualKeyword.verifyEqual(VerifyEqualKeyword.groovy:63)
	at com.kms.katalon.core.keyword.builtin.VerifyEqualKeyword.execute(VerifyEqualKeyword.groovy:44)
	at com.kms.katalon.core.keyword.internal.KeywordExecutor.executeKeywordForPlatform(KeywordExecutor.groovy:74)
	at com.kms.katalon.core.keyword.BuiltinKeywords.verifyEqual(BuiltinKeywords.groovy:146)
	at jdk.internal.reflect.GeneratedMethodAccessor25.invoke(Unknown Source)
	at java.base/jdk.internal.reflect.DelegatingMethodAccessorImpl.invoke(DelegatingMethodAccessorImpl.java:43)
	at Выполнение бизнес-плана сверка дашбордов - Copy.run(Выполнение бизнес-плана сверка дашбордов - Copy:637)
	at com.kms.katalon.core.main.ScriptEngine.run(ScriptEngine.java:194)
	at com.kms.katalon.core.main.ScriptEngine.runScriptAsRawText(ScriptEngine.java:119)
	at com.kms.katalon.core.main.TestCaseExecutor.runScript(TestCaseExecutor.java:448)
	at com.kms.katalon.core.main.TestCaseExecutor.doExecute(TestCaseExecutor.java:439)
	at com.kms.katalon.core.main.TestCaseExecutor.processExecutionPhase(TestCaseExecutor.java:418)
	at com.kms.katalon.core.main.TestCaseExecutor.accessMainPhase(TestCaseExecutor.java:410)
	at com.kms.katalon.core.main.TestCaseExecutor.execute(TestCaseExecutor.java:285)
	at com.kms.katalon.core.common.CommonExecutor.accessTestCaseMainPhase(CommonExecutor.java:65)
	at com.kms.katalon.core.main.TestSuiteExecutor.accessTestSuiteMainPhase(TestSuiteExecutor.java:150)
	at com.kms.katalon.core.main.TestSuiteExecutor.execute(TestSuiteExecutor.java:106)
	at com.kms.katalon.core.main.TestCaseMain.startTestSuite(TestCaseMain.java:180)
	at TempTestSuite1736740835951.run(TempTestSuite1736740835951.groovy:35)
	at java.base/jdk.internal.reflect.NativeMethodAccessorImpl.invoke0(Native Method)
	at java.base/jdk.internal.reflect.NativeMethodAccessorImpl.invoke(NativeMethodAccessorImpl.java:77)
	at java.base/jdk.internal.reflect.DelegatingMethodAccessorImpl.invoke(DelegatingMethodAccessorImpl.java:43)
)

13-01-2025T07:14:12 - [TEST_STEP][PASSED] - result = CompareDZOData(a = tyumR, b = tyumB, dZO, typeOfData, PercPlanR, PercPlanB, PercFactR, PercFactB, todaysDate, x, vidget, tabR, tabB, o1R, o1B): null

13-01-2025T07:14:12 - [TEST_STEP][PASSED] - ii2 = <not implemented yet for class: org.codehaus.groovy.ast.expr.EmptyExpression>: null

13-01-2025T07:14:12 - [TEST_STEP][FAILED] - if (verifyEqual(a, b) == false): null

13-01-2025T07:14:12 - [MESSAGE][FAILED] - Unable to verify equal between actual object 'Россети Тюмень/2.54/2.70/47865721/46573769/1291953/49871651/48605475/1266176/0.16' and expected object 'Россети Тюмень/2.54/2.70/47865721/46573769/1291953/0/нет данных/нет данных/0.16' (Root cause: com.kms.katalon.core.exception.StepFailedException: Actual object 'Россети Тюмень/2.54/2.70/47865721/46573769/1291953/49871651/48605475/1266176/0.16' and expected object 'Россети Тюмень/2.54/2.70/47865721/46573769/1291953/0/нет данных/нет данных/0.16' are not equal
	at com.kms.katalon.core.keyword.builtin.VerifyEqualKeyword$_verifyEqual_closure1.doCall(VerifyEqualKeyword.groovy:58)
	at com.kms.katalon.core.keyword.builtin.VerifyEqualKeyword$_verifyEqual_closure1.call(VerifyEqualKeyword.groovy)
	at com.kms.katalon.core.keyword.internal.KeywordMain.runKeyword(KeywordMain.groovy:75)
	at com.kms.katalon.core.keyword.builtin.VerifyEqualKeyword.verifyEqual(VerifyEqualKeyword.groovy:63)
	at com.kms.katalon.core.keyword.builtin.VerifyEqualKeyword.execute(VerifyEqualKeyword.groovy:44)
	at com.kms.katalon.core.keyword.internal.KeywordExecutor.executeKeywordForPlatform(KeywordExecutor.groovy:74)
	at com.kms.katalon.core.keyword.BuiltinKeywords.verifyEqual(BuiltinKeywords.groovy:146)
	at jdk.internal.reflect.GeneratedMethodAccessor25.invoke(Unknown Source)
	at java.base/jdk.internal.reflect.DelegatingMethodAccessorImpl.invoke(DelegatingMethodAccessorImpl.java:43)
	at Выполнение бизнес-плана сверка дашбордов - Copy.CompareDZOData(Выполнение бизнес-плана сверка дашбордов - Copy:673)
	at Выполнение бизнес-плана сверка дашбордов - Copy.run(Выполнение бизнес-плана сверка дашбордов - Copy:638)
	at com.kms.katalon.core.main.ScriptEngine.run(ScriptEngine.java:194)
	at com.kms.katalon.core.main.ScriptEngine.runScriptAsRawText(ScriptEngine.java:119)
	at com.kms.katalon.core.main.TestCaseExecutor.runScript(TestCaseExecutor.java:448)
	at com.kms.katalon.core.main.TestCaseExecutor.doExecute(TestCaseExecutor.java:439)
	at com.kms.katalon.core.main.TestCaseExecutor.processExecutionPhase(TestCaseExecutor.java:418)
	at com.kms.katalon.core.main.TestCaseExecutor.accessMainPhase(TestCaseExecutor.java:410)
	at com.kms.katalon.core.main.TestCaseExecutor.execute(TestCaseExecutor.java:285)
	at com.kms.katalon.core.common.CommonExecutor.accessTestCaseMainPhase(CommonExecutor.java:65)
	at com.kms.katalon.core.main.TestSuiteExecutor.accessTestSuiteMainPhase(TestSuiteExecutor.java:150)
	at com.kms.katalon.core.main.TestSuiteExecutor.execute(TestSuiteExecutor.java:106)
	at com.kms.katalon.core.main.TestCaseMain.startTestSuite(TestCaseMain.java:180)
	at TempTestSuite1736740835951.run(TempTestSuite1736740835951.groovy:35)
	at java.base/jdk.internal.reflect.NativeMethodAccessorImpl.invoke0(Native Method)
	at java.base/jdk.internal.reflect.NativeMethodAccessorImpl.invoke(NativeMethodAccessorImpl.java:77)
	at java.base/jdk.internal.reflect.DelegatingMethodAccessorImpl.invoke(DelegatingMethodAccessorImpl.java:43)
)

13-01-2025T07:14:12 - [TEST_STEP][PASSED] - vidget = "Уровень потерь электроэнергии": null

13-01-2025T07:14:12 - [TEST_STEP][PASSED] - typeOfData = "План": null

13-01-2025T07:14:12 - [TEST_STEP][PASSED] - PercPlanR = GetPercPlanR(x = a): null

13-01-2025T07:14:12 - [TEST_STEP][PASSED] - i1 = <not implemented yet for class: org.codehaus.groovy.ast.expr.EmptyExpression>: null

13-01-2025T07:14:12 - [TEST_STEP][PASSED] - i1 = x.indexOf("/") + 1: null

13-01-2025T07:14:12 - [TEST_STEP][PASSED] - if (i1 > -1): null

13-01-2025T07:14:12 - [TEST_STEP][PASSED] - x = x.substring(i1, x.length()): null

13-01-2025T07:14:12 - [TEST_STEP][PASSED] - i1 = x.indexOf("/"): null

13-01-2025T07:14:12 - [TEST_STEP][PASSED] - if (i1 > -1): null

13-01-2025T07:14:12 - [TEST_STEP][PASSED] - x = x.substring(0, i1): null

13-01-2025T07:14:12 - [TEST_STEP][PASSED] - return x: null

13-01-2025T07:14:12 - [TEST_STEP][PASSED] - PercPlanB = GetPercPlanB(x = b): null

13-01-2025T07:14:12 - [TEST_STEP][PASSED] - i1 = <not implemented yet for class: org.codehaus.groovy.ast.expr.EmptyExpression>: null

13-01-2025T07:14:12 - [TEST_STEP][PASSED] - i1 = x.indexOf("/") + 1: null

13-01-2025T07:14:12 - [TEST_STEP][PASSED] - if (i1 > -1): null

13-01-2025T07:14:12 - [TEST_STEP][PASSED] - x = x.substring(i1, x.length()): null

13-01-2025T07:14:12 - [TEST_STEP][PASSED] - i1 = x.indexOf("/"): null

13-01-2025T07:14:12 - [TEST_STEP][PASSED] - if (i1 > -1): null

13-01-2025T07:14:12 - [TEST_STEP][PASSED] - x = x.substring(0, i1): null

13-01-2025T07:14:12 - [TEST_STEP][PASSED] - return x: null

13-01-2025T07:14:12 - [TEST_STEP][PASSED] - if (verifyEqual(PercPlanR, PercPlanB) == false): Actual object '2.54' and expected object '2.54' are equal

13-01-2025T07:14:12 - [MESSAGE][PASSED] - Actual object '2.54' and expected object '2.54' are equal

13-01-2025T07:14:12 - [TEST_STEP][PASSED] - typeOfData = "Факт": null

13-01-2025T07:14:12 - [TEST_STEP][PASSED] - PercFactR = GetPercFactR(x = a): null

13-01-2025T07:14:12 - [TEST_STEP][PASSED] - i1 = <not implemented yet for class: org.codehaus.groovy.ast.expr.EmptyExpression>: null

13-01-2025T07:14:12 - [TEST_STEP][PASSED] - ii = <not implemented yet for class: org.codehaus.groovy.ast.expr.EmptyExpression>: null

13-01-2025T07:14:12 - [TEST_STEP][PASSED] - for ([ii = 1, ii < 3, (ii++)]): null

13-01-2025T07:14:12 - [TEST_STEP][PASSED] - i1 = x.indexOf("/") + 1: null

13-01-2025T07:14:12 - [TEST_STEP][PASSED] - if (i1 > -1): null

13-01-2025T07:14:12 - [TEST_STEP][PASSED] - x = x.substring(i1, x.length()): null

13-01-2025T07:14:12 - [TEST_STEP][PASSED] - println(x): null

13-01-2025T07:14:12 - [TEST_STEP][PASSED] - i1 = x.indexOf("/") + 1: null

13-01-2025T07:14:12 - [TEST_STEP][PASSED] - if (i1 > -1): null

13-01-2025T07:14:12 - [TEST_STEP][PASSED] - x = x.substring(i1, x.length()): null

13-01-2025T07:14:12 - [TEST_STEP][PASSED] - println(x): null

13-01-2025T07:14:12 - [TEST_STEP][PASSED] - i1 = x.indexOf("/"): null

13-01-2025T07:14:12 - [TEST_STEP][PASSED] - if (i1 > -1): null

13-01-2025T07:14:12 - [TEST_STEP][PASSED] - x = x.substring(0, i1): null

13-01-2025T07:14:12 - [TEST_STEP][PASSED] - println(x): null

13-01-2025T07:14:12 - [TEST_STEP][PASSED] - return x: null

13-01-2025T07:14:12 - [TEST_STEP][PASSED] - PercFactB = GetPercFactB(x = b): null

13-01-2025T07:14:12 - [TEST_STEP][PASSED] - i1 = <not implemented yet for class: org.codehaus.groovy.ast.expr.EmptyExpression>: null

13-01-2025T07:14:12 - [TEST_STEP][PASSED] - ii = <not implemented yet for class: org.codehaus.groovy.ast.expr.EmptyExpression>: null

13-01-2025T07:14:12 - [TEST_STEP][PASSED] - for ([ii = 1, ii < 3, (ii++)]): null

13-01-2025T07:14:12 - [TEST_STEP][PASSED] - i1 = x.indexOf("/") + 1: null

13-01-2025T07:14:12 - [TEST_STEP][PASSED] - if (i1 > -1): null

13-01-2025T07:14:12 - [TEST_STEP][PASSED] - x = x.substring(i1, x.length()): null

13-01-2025T07:14:12 - [TEST_STEP][PASSED] - println(x): null

13-01-2025T07:14:12 - [TEST_STEP][PASSED] - i1 = x.indexOf("/") + 1: null

13-01-2025T07:14:12 - [TEST_STEP][PASSED] - if (i1 > -1): null

13-01-2025T07:14:12 - [TEST_STEP][PASSED] - x = x.substring(i1, x.length()): null

13-01-2025T07:14:12 - [TEST_STEP][PASSED] - println(x): null

13-01-2025T07:14:12 - [TEST_STEP][PASSED] - i1 = x.indexOf("/"): null

13-01-2025T07:14:12 - [TEST_STEP][PASSED] - if (i1 > -1): null

13-01-2025T07:14:12 - [TEST_STEP][PASSED] - x = x.substring(0, i1): null

13-01-2025T07:14:12 - [TEST_STEP][PASSED] - println(x): null

13-01-2025T07:14:12 - [TEST_STEP][PASSED] - return x: null

13-01-2025T07:14:12 - [TEST_STEP][PASSED] - if (verifyEqual(PercFactR, PercFactB) == false): Actual object '2.70' and expected object '2.70' are equal

13-01-2025T07:14:12 - [MESSAGE][PASSED] - Actual object '2.70' and expected object '2.70' are equal

13-01-2025T07:14:12 - [TEST_STEP][PASSED] - vidget = "Показатели баланса электроэнергии по ДЗО – Факт": null

13-01-2025T07:14:12 - [TEST_STEP][PASSED] - typeOfData = "Факт Отпуск в сеть": null

13-01-2025T07:14:12 - [TEST_STEP][PASSED] - tabR = GetOvSFactR(x = a): null

13-01-2025T07:14:12 - [TEST_STEP][PASSED] - i1 = <not implemented yet for class: org.codehaus.groovy.ast.expr.EmptyExpression>: null

13-01-2025T07:14:12 - [TEST_STEP][PASSED] - ii = <not implemented yet for class: org.codehaus.groovy.ast.expr.EmptyExpression>: null

13-01-2025T07:14:12 - [TEST_STEP][PASSED] - for ([ii = 1, ii < 4, (ii++)]): null

13-01-2025T07:14:12 - [TEST_STEP][PASSED] - i1 = x.indexOf("/") + 1: null

13-01-2025T07:14:12 - [TEST_STEP][PASSED] - if (i1 > -1): null

13-01-2025T07:14:12 - [TEST_STEP][PASSED] - x = x.substring(i1, x.length()): null

13-01-2025T07:14:12 - [TEST_STEP][PASSED] - println(x): null

13-01-2025T07:14:12 - [TEST_STEP][PASSED] - i1 = x.indexOf("/") + 1: null

13-01-2025T07:14:12 - [TEST_STEP][PASSED] - if (i1 > -1): null

13-01-2025T07:14:12 - [TEST_STEP][PASSED] - x = x.substring(i1, x.length()): null

13-01-2025T07:14:12 - [TEST_STEP][PASSED] - println(x): null

13-01-2025T07:14:12 - [TEST_STEP][PASSED] - i1 = x.indexOf("/") + 1: null

13-01-2025T07:14:12 - [TEST_STEP][PASSED] - if (i1 > -1): null

13-01-2025T07:14:12 - [TEST_STEP][PASSED] - x = x.substring(i1, x.length()): null

13-01-2025T07:14:12 - [TEST_STEP][PASSED] - println(x): null

13-01-2025T07:14:12 - [TEST_STEP][PASSED] - i1 = x.indexOf("/"): null

13-01-2025T07:14:12 - [TEST_STEP][PASSED] - if (i1 > -1): null

13-01-2025T07:14:12 - [TEST_STEP][PASSED] - x = x.substring(0, i1): null

13-01-2025T07:14:12 - [TEST_STEP][PASSED] - println(x): null

13-01-2025T07:14:12 - [TEST_STEP][PASSED] - return x: null

13-01-2025T07:14:12 - [TEST_STEP][PASSED] - tabB = GetOvSFactB(x = b): null

13-01-2025T07:14:12 - [TEST_STEP][PASSED] - i1 = <not implemented yet for class: org.codehaus.groovy.ast.expr.EmptyExpression>: null

13-01-2025T07:14:12 - [TEST_STEP][PASSED] - ii = <not implemented yet for class: org.codehaus.groovy.ast.expr.EmptyExpression>: null

13-01-2025T07:14:12 - [TEST_STEP][PASSED] - for ([ii = 1, ii < 4, (ii++)]): null

13-01-2025T07:14:12 - [TEST_STEP][PASSED] - i1 = x.indexOf("/") + 1: null

13-01-2025T07:14:12 - [TEST_STEP][PASSED] - if (i1 > -1): null

13-01-2025T07:14:12 - [TEST_STEP][PASSED] - x = x.substring(i1, x.length()): null

13-01-2025T07:14:12 - [TEST_STEP][PASSED] - println(x): null

13-01-2025T07:14:12 - [TEST_STEP][PASSED] - i1 = x.indexOf("/") + 1: null

13-01-2025T07:14:12 - [TEST_STEP][PASSED] - if (i1 > -1): null

13-01-2025T07:14:12 - [TEST_STEP][PASSED] - x = x.substring(i1, x.length()): null

13-01-2025T07:14:12 - [TEST_STEP][PASSED] - println(x): null

13-01-2025T07:14:12 - [TEST_STEP][PASSED] - i1 = x.indexOf("/") + 1: null

13-01-2025T07:14:12 - [TEST_STEP][PASSED] - if (i1 > -1): null

13-01-2025T07:14:12 - [TEST_STEP][PASSED] - x = x.substring(i1, x.length()): null

13-01-2025T07:14:12 - [TEST_STEP][PASSED] - println(x): null

13-01-2025T07:14:12 - [TEST_STEP][PASSED] - i1 = x.indexOf("/"): null

13-01-2025T07:14:12 - [TEST_STEP][PASSED] - if (i1 > -1): null

13-01-2025T07:14:12 - [TEST_STEP][PASSED] - x = x.substring(0, i1): null

13-01-2025T07:14:12 - [TEST_STEP][PASSED] - println(x): null

13-01-2025T07:14:12 - [TEST_STEP][PASSED] - return x: null

13-01-2025T07:14:12 - [TEST_STEP][PASSED] - if (verifyEqual(tabR, tabB) == false): Actual object '47865721' and expected object '47865721' are equal

13-01-2025T07:14:12 - [MESSAGE][PASSED] - Actual object '47865721' and expected object '47865721' are equal

13-01-2025T07:14:12 - [TEST_STEP][PASSED] - typeOfData = "Факт Отпуск из сети": null

13-01-2025T07:14:12 - [TEST_STEP][PASSED] - tabR = GetOiSFactR(x = a): null

13-01-2025T07:14:12 - [TEST_STEP][PASSED] - i1 = <not implemented yet for class: org.codehaus.groovy.ast.expr.EmptyExpression>: null

13-01-2025T07:14:12 - [TEST_STEP][PASSED] - ii = <not implemented yet for class: org.codehaus.groovy.ast.expr.EmptyExpression>: null

13-01-2025T07:14:12 - [TEST_STEP][PASSED] - for ([ii = 1, ii < 5, (ii++)]): null

13-01-2025T07:14:12 - [TEST_STEP][PASSED] - i1 = x.indexOf("/") + 1: null

13-01-2025T07:14:12 - [TEST_STEP][PASSED] - if (i1 > -1): null

13-01-2025T07:14:12 - [TEST_STEP][PASSED] - x = x.substring(i1, x.length()): null

13-01-2025T07:14:12 - [TEST_STEP][PASSED] - println(x): null

13-01-2025T07:14:12 - [TEST_STEP][PASSED] - i1 = x.indexOf("/") + 1: null

13-01-2025T07:14:12 - [TEST_STEP][PASSED] - if (i1 > -1): null

13-01-2025T07:14:12 - [TEST_STEP][PASSED] - x = x.substring(i1, x.length()): null

13-01-2025T07:14:12 - [TEST_STEP][PASSED] - println(x): null

13-01-2025T07:14:12 - [TEST_STEP][PASSED] - i1 = x.indexOf("/") + 1: null

13-01-2025T07:14:12 - [TEST_STEP][PASSED] - if (i1 > -1): null

13-01-2025T07:14:12 - [TEST_STEP][PASSED] - x = x.substring(i1, x.length()): null

13-01-2025T07:14:12 - [TEST_STEP][PASSED] - println(x): null

13-01-2025T07:14:12 - [TEST_STEP][PASSED] - i1 = x.indexOf("/") + 1: null

13-01-2025T07:14:12 - [TEST_STEP][PASSED] - if (i1 > -1): null

13-01-2025T07:14:12 - [TEST_STEP][PASSED] - x = x.substring(i1, x.length()): null

13-01-2025T07:14:12 - [TEST_STEP][PASSED] - println(x): null

13-01-2025T07:14:12 - [TEST_STEP][PASSED] - i1 = x.indexOf("/"): null

13-01-2025T07:14:12 - [TEST_STEP][PASSED] - if (i1 > -1): null

13-01-2025T07:14:12 - [TEST_STEP][PASSED] - x = x.substring(0, i1): null

13-01-2025T07:14:12 - [TEST_STEP][PASSED] - println(x): null

13-01-2025T07:14:12 - [TEST_STEP][PASSED] - return x: null

13-01-2025T07:14:12 - [TEST_STEP][PASSED] - tabB = GetOiSFactB(x = b): null

13-01-2025T07:14:12 - [TEST_STEP][PASSED] - i1 = <not implemented yet for class: org.codehaus.groovy.ast.expr.EmptyExpression>: null

13-01-2025T07:14:12 - [TEST_STEP][PASSED] - ii = <not implemented yet for class: org.codehaus.groovy.ast.expr.EmptyExpression>: null

13-01-2025T07:14:12 - [TEST_STEP][PASSED] - for ([ii = 1, ii < 5, (ii++)]): null

13-01-2025T07:14:12 - [TEST_STEP][PASSED] - i1 = x.indexOf("/") + 1: null

13-01-2025T07:14:12 - [TEST_STEP][PASSED] - if (i1 > -1): null

13-01-2025T07:14:12 - [TEST_STEP][PASSED] - x = x.substring(i1, x.length()): null

13-01-2025T07:14:12 - [TEST_STEP][PASSED] - println(x): null

13-01-2025T07:14:12 - [TEST_STEP][PASSED] - i1 = x.indexOf("/") + 1: null

13-01-2025T07:14:12 - [TEST_STEP][PASSED] - if (i1 > -1): null

13-01-2025T07:14:12 - [TEST_STEP][PASSED] - x = x.substring(i1, x.length()): null

13-01-2025T07:14:12 - [TEST_STEP][PASSED] - println(x): null

13-01-2025T07:14:12 - [TEST_STEP][PASSED] - i1 = x.indexOf("/") + 1: null

13-01-2025T07:14:12 - [TEST_STEP][PASSED] - if (i1 > -1): null

13-01-2025T07:14:12 - [TEST_STEP][PASSED] - x = x.substring(i1, x.length()): null

13-01-2025T07:14:12 - [TEST_STEP][PASSED] - println(x): null

13-01-2025T07:14:12 - [TEST_STEP][PASSED] - i1 = x.indexOf("/") + 1: null

13-01-2025T07:14:12 - [TEST_STEP][PASSED] - if (i1 > -1): null

13-01-2025T07:14:12 - [TEST_STEP][PASSED] - x = x.substring(i1, x.length()): null

13-01-2025T07:14:12 - [TEST_STEP][PASSED] - println(x): null

13-01-2025T07:14:12 - [TEST_STEP][PASSED] - i1 = x.indexOf("/"): null

13-01-2025T07:14:12 - [TEST_STEP][PASSED] - if (i1 > -1): null

13-01-2025T07:14:12 - [TEST_STEP][PASSED] - x = x.substring(0, i1): null

13-01-2025T07:14:12 - [TEST_STEP][PASSED] - println(x): null

13-01-2025T07:14:12 - [TEST_STEP][PASSED] - return x: null

13-01-2025T07:14:12 - [TEST_STEP][PASSED] - if (verifyEqual(tabR, tabB) == false): Actual object '46573769' and expected object '46573769' are equal

13-01-2025T07:14:12 - [MESSAGE][PASSED] - Actual object '46573769' and expected object '46573769' are equal

13-01-2025T07:14:12 - [TEST_STEP][PASSED] - typeOfData = "Факт Потери": null

13-01-2025T07:14:12 - [TEST_STEP][PASSED] - tabR = GetPFactR(x = a): null

13-01-2025T07:14:12 - [TEST_STEP][PASSED] - i1 = <not implemented yet for class: org.codehaus.groovy.ast.expr.EmptyExpression>: null

13-01-2025T07:14:12 - [TEST_STEP][PASSED] - ii = <not implemented yet for class: org.codehaus.groovy.ast.expr.EmptyExpression>: null

13-01-2025T07:14:12 - [TEST_STEP][PASSED] - for ([ii = 1, ii < 6, (ii++)]): null

13-01-2025T07:14:12 - [TEST_STEP][PASSED] - i1 = x.indexOf("/") + 1: null

13-01-2025T07:14:12 - [TEST_STEP][PASSED] - if (i1 > -1): null

13-01-2025T07:14:12 - [TEST_STEP][PASSED] - x = x.substring(i1, x.length()): null

13-01-2025T07:14:12 - [TEST_STEP][PASSED] - println(x): null

13-01-2025T07:14:12 - [TEST_STEP][PASSED] - i1 = x.indexOf("/") + 1: null

13-01-2025T07:14:12 - [TEST_STEP][PASSED] - if (i1 > -1): null

13-01-2025T07:14:12 - [TEST_STEP][PASSED] - x = x.substring(i1, x.length()): null

13-01-2025T07:14:12 - [TEST_STEP][PASSED] - println(x): null

13-01-2025T07:14:12 - [TEST_STEP][PASSED] - i1 = x.indexOf("/") + 1: null

13-01-2025T07:14:12 - [TEST_STEP][PASSED] - if (i1 > -1): null

13-01-2025T07:14:12 - [TEST_STEP][PASSED] - x = x.substring(i1, x.length()): null

13-01-2025T07:14:12 - [TEST_STEP][PASSED] - println(x): null

13-01-2025T07:14:12 - [TEST_STEP][PASSED] - i1 = x.indexOf("/") + 1: null

13-01-2025T07:14:12 - [TEST_STEP][PASSED] - if (i1 > -1): null

13-01-2025T07:14:12 - [TEST_STEP][PASSED] - x = x.substring(i1, x.length()): null

13-01-2025T07:14:12 - [TEST_STEP][PASSED] - println(x): null

13-01-2025T07:14:12 - [TEST_STEP][PASSED] - i1 = x.indexOf("/") + 1: null

13-01-2025T07:14:12 - [TEST_STEP][PASSED] - if (i1 > -1): null

13-01-2025T07:14:12 - [TEST_STEP][PASSED] - x = x.substring(i1, x.length()): null

13-01-2025T07:14:12 - [TEST_STEP][PASSED] - println(x): null

13-01-2025T07:14:12 - [TEST_STEP][PASSED] - i1 = x.indexOf("/"): null

13-01-2025T07:14:12 - [TEST_STEP][PASSED] - if (i1 > -1): null

13-01-2025T07:14:12 - [TEST_STEP][PASSED] - x = x.substring(0, i1): null

13-01-2025T07:14:12 - [TEST_STEP][PASSED] - println(x): null

13-01-2025T07:14:12 - [TEST_STEP][PASSED] - return x: null

13-01-2025T07:14:12 - [TEST_STEP][PASSED] - tabB = GetPFactB(x = b): null

13-01-2025T07:14:12 - [TEST_STEP][PASSED] - i1 = <not implemented yet for class: org.codehaus.groovy.ast.expr.EmptyExpression>: null

13-01-2025T07:14:12 - [TEST_STEP][PASSED] - ii = <not implemented yet for class: org.codehaus.groovy.ast.expr.EmptyExpression>: null

13-01-2025T07:14:12 - [TEST_STEP][PASSED] - for ([ii = 1, ii < 6, (ii++)]): null

13-01-2025T07:14:12 - [TEST_STEP][PASSED] - i1 = x.indexOf("/") + 1: null

13-01-2025T07:14:12 - [TEST_STEP][PASSED] - if (i1 > -1): null

13-01-2025T07:14:12 - [TEST_STEP][PASSED] - x = x.substring(i1, x.length()): null

13-01-2025T07:14:12 - [TEST_STEP][PASSED] - println(x): null

13-01-2025T07:14:12 - [TEST_STEP][PASSED] - i1 = x.indexOf("/") + 1: null

13-01-2025T07:14:12 - [TEST_STEP][PASSED] - if (i1 > -1): null

13-01-2025T07:14:12 - [TEST_STEP][PASSED] - x = x.substring(i1, x.length()): null

13-01-2025T07:14:12 - [TEST_STEP][PASSED] - println(x): null

13-01-2025T07:14:12 - [TEST_STEP][PASSED] - i1 = x.indexOf("/") + 1: null

13-01-2025T07:14:12 - [TEST_STEP][PASSED] - if (i1 > -1): null

13-01-2025T07:14:12 - [TEST_STEP][PASSED] - x = x.substring(i1, x.length()): null

13-01-2025T07:14:12 - [TEST_STEP][PASSED] - println(x): null

13-01-2025T07:14:12 - [TEST_STEP][PASSED] - i1 = x.indexOf("/") + 1: null

13-01-2025T07:14:12 - [TEST_STEP][PASSED] - if (i1 > -1): null

13-01-2025T07:14:12 - [TEST_STEP][PASSED] - x = x.substring(i1, x.length()): null

13-01-2025T07:14:12 - [TEST_STEP][PASSED] - println(x): null

13-01-2025T07:14:12 - [TEST_STEP][PASSED] - i1 = x.indexOf("/") + 1: null

13-01-2025T07:14:12 - [TEST_STEP][PASSED] - if (i1 > -1): null

13-01-2025T07:14:12 - [TEST_STEP][PASSED] - x = x.substring(i1, x.length()): null

13-01-2025T07:14:12 - [TEST_STEP][PASSED] - println(x): null

13-01-2025T07:14:12 - [TEST_STEP][PASSED] - i1 = x.indexOf("/"): null

13-01-2025T07:14:12 - [TEST_STEP][PASSED] - if (i1 > -1): null

13-01-2025T07:14:12 - [TEST_STEP][PASSED] - x = x.substring(0, i1): null

13-01-2025T07:14:12 - [TEST_STEP][PASSED] - println(x): null

13-01-2025T07:14:12 - [TEST_STEP][PASSED] - return x: null

13-01-2025T07:14:12 - [TEST_STEP][PASSED] - println(tabR + "/" + tabB): null

13-01-2025T07:14:12 - [TEST_STEP][PASSED] - if (verifyEqual(tabR, tabB) == false): Actual object '1291953' and expected object '1291953' are equal

13-01-2025T07:14:12 - [MESSAGE][PASSED] - Actual object '1291953' and expected object '1291953' are equal

13-01-2025T07:14:12 - [TEST_STEP][PASSED] - vidget = "Показатели баланса электроэнергии по ДЗО – План": null

13-01-2025T07:14:12 - [TEST_STEP][PASSED] - typeOfData = "План Отпуск в сеть": null

13-01-2025T07:14:12 - [TEST_STEP][PASSED] - tabR = GetOvSPlanR(x = a): null

13-01-2025T07:14:12 - [TEST_STEP][PASSED] - i1 = <not implemented yet for class: org.codehaus.groovy.ast.expr.EmptyExpression>: null

13-01-2025T07:14:12 - [TEST_STEP][PASSED] - ii = <not implemented yet for class: org.codehaus.groovy.ast.expr.EmptyExpression>: null

13-01-2025T07:14:12 - [TEST_STEP][PASSED] - for ([ii = 1, ii < 7, (ii++)]): null

13-01-2025T07:14:12 - [TEST_STEP][PASSED] - i1 = x.indexOf("/") + 1: null

13-01-2025T07:14:12 - [TEST_STEP][PASSED] - if (i1 > -1): null

13-01-2025T07:14:12 - [TEST_STEP][PASSED] - x = x.substring(i1, x.length()): null

13-01-2025T07:14:12 - [TEST_STEP][PASSED] - println(x): null

13-01-2025T07:14:12 - [TEST_STEP][PASSED] - i1 = x.indexOf("/") + 1: null

13-01-2025T07:14:12 - [TEST_STEP][PASSED] - if (i1 > -1): null

13-01-2025T07:14:12 - [TEST_STEP][PASSED] - x = x.substring(i1, x.length()): null

13-01-2025T07:14:12 - [TEST_STEP][PASSED] - println(x): null

13-01-2025T07:14:12 - [TEST_STEP][PASSED] - i1 = x.indexOf("/") + 1: null

13-01-2025T07:14:12 - [TEST_STEP][PASSED] - if (i1 > -1): null

13-01-2025T07:14:12 - [TEST_STEP][PASSED] - x = x.substring(i1, x.length()): null

13-01-2025T07:14:12 - [TEST_STEP][PASSED] - println(x): null

13-01-2025T07:14:12 - [TEST_STEP][PASSED] - i1 = x.indexOf("/") + 1: null

13-01-2025T07:14:12 - [TEST_STEP][PASSED] - if (i1 > -1): null

13-01-2025T07:14:12 - [TEST_STEP][PASSED] - x = x.substring(i1, x.length()): null

13-01-2025T07:14:12 - [TEST_STEP][PASSED] - println(x): null

13-01-2025T07:14:12 - [TEST_STEP][PASSED] - i1 = x.indexOf("/") + 1: null

13-01-2025T07:14:12 - [TEST_STEP][PASSED] - if (i1 > -1): null

13-01-2025T07:14:12 - [TEST_STEP][PASSED] - x = x.substring(i1, x.length()): null

13-01-2025T07:14:12 - [TEST_STEP][PASSED] - println(x): null

13-01-2025T07:14:12 - [TEST_STEP][PASSED] - i1 = x.indexOf("/") + 1: null

13-01-2025T07:14:12 - [TEST_STEP][PASSED] - if (i1 > -1): null

13-01-2025T07:14:12 - [TEST_STEP][PASSED] - x = x.substring(i1, x.length()): null

13-01-2025T07:14:12 - [TEST_STEP][PASSED] - println(x): null

13-01-2025T07:14:12 - [TEST_STEP][PASSED] - i1 = x.indexOf("/"): null

13-01-2025T07:14:12 - [TEST_STEP][PASSED] - if (i1 > -1): null

13-01-2025T07:14:12 - [TEST_STEP][PASSED] - x = x.substring(0, i1): null

13-01-2025T07:14:12 - [TEST_STEP][PASSED] - println(x): null

13-01-2025T07:14:12 - [TEST_STEP][PASSED] - return x: null

13-01-2025T07:14:12 - [TEST_STEP][PASSED] - tabB = GetOvSPlanB(x = b): null

13-01-2025T07:14:12 - [TEST_STEP][PASSED] - i1 = <not implemented yet for class: org.codehaus.groovy.ast.expr.EmptyExpression>: null

13-01-2025T07:14:12 - [TEST_STEP][PASSED] - ii = <not implemented yet for class: org.codehaus.groovy.ast.expr.EmptyExpression>: null

13-01-2025T07:14:12 - [TEST_STEP][PASSED] - for ([ii = 1, ii < 7, (ii++)]): null

13-01-2025T07:14:12 - [TEST_STEP][PASSED] - i1 = x.indexOf("/") + 1: null

13-01-2025T07:14:12 - [TEST_STEP][PASSED] - if (i1 > -1): null

13-01-2025T07:14:12 - [TEST_STEP][PASSED] - x = x.substring(i1, x.length()): null

13-01-2025T07:14:12 - [TEST_STEP][PASSED] - println(x): null

13-01-2025T07:14:12 - [TEST_STEP][PASSED] - i1 = x.indexOf("/") + 1: null

13-01-2025T07:14:12 - [TEST_STEP][PASSED] - if (i1 > -1): null

13-01-2025T07:14:12 - [TEST_STEP][PASSED] - x = x.substring(i1, x.length()): null

13-01-2025T07:14:12 - [TEST_STEP][PASSED] - println(x): null

13-01-2025T07:14:12 - [TEST_STEP][PASSED] - i1 = x.indexOf("/") + 1: null

13-01-2025T07:14:12 - [TEST_STEP][PASSED] - if (i1 > -1): null

13-01-2025T07:14:12 - [TEST_STEP][PASSED] - x = x.substring(i1, x.length()): null

13-01-2025T07:14:12 - [TEST_STEP][PASSED] - println(x): null

13-01-2025T07:14:12 - [TEST_STEP][PASSED] - i1 = x.indexOf("/") + 1: null

13-01-2025T07:14:12 - [TEST_STEP][PASSED] - if (i1 > -1): null

13-01-2025T07:14:12 - [TEST_STEP][PASSED] - x = x.substring(i1, x.length()): null

13-01-2025T07:14:12 - [TEST_STEP][PASSED] - println(x): null

13-01-2025T07:14:12 - [TEST_STEP][PASSED] - i1 = x.indexOf("/") + 1: null

13-01-2025T07:14:12 - [TEST_STEP][PASSED] - if (i1 > -1): null

13-01-2025T07:14:12 - [TEST_STEP][PASSED] - x = x.substring(i1, x.length()): null

13-01-2025T07:14:12 - [TEST_STEP][PASSED] - println(x): null

13-01-2025T07:14:12 - [TEST_STEP][PASSED] - i1 = x.indexOf("/") + 1: null

13-01-2025T07:14:12 - [TEST_STEP][PASSED] - if (i1 > -1): null

13-01-2025T07:14:12 - [TEST_STEP][PASSED] - x = x.substring(i1, x.length()): null

13-01-2025T07:14:12 - [TEST_STEP][PASSED] - println(x): null

13-01-2025T07:14:12 - [TEST_STEP][PASSED] - i1 = x.indexOf("/"): null

13-01-2025T07:14:12 - [TEST_STEP][PASSED] - if (i1 > -1): null

13-01-2025T07:14:12 - [TEST_STEP][PASSED] - x = x.substring(0, i1): null

13-01-2025T07:14:12 - [TEST_STEP][PASSED] - println(x): null

13-01-2025T07:14:12 - [TEST_STEP][PASSED] - return x: null

13-01-2025T07:14:12 - [TEST_STEP][PASSED] - println(tabR + "/" + tabB): null

13-01-2025T07:14:12 - [TEST_STEP][PASSED] - if (verifyEqual(PercFactR, PercFactB) == false): Actual object '2.70' and expected object '2.70' are equal

13-01-2025T07:14:12 - [MESSAGE][PASSED] - Actual object '2.70' and expected object '2.70' are equal

13-01-2025T07:14:12 - [TEST_STEP][PASSED] - typeOfData = "План Отпуск из сети": null

13-01-2025T07:14:12 - [TEST_STEP][PASSED] - tabR = GetOiSPlanR(x = a): null

13-01-2025T07:14:12 - [TEST_STEP][PASSED] - i1 = <not implemented yet for class: org.codehaus.groovy.ast.expr.EmptyExpression>: null

13-01-2025T07:14:12 - [TEST_STEP][PASSED] - ii = <not implemented yet for class: org.codehaus.groovy.ast.expr.EmptyExpression>: null

13-01-2025T07:14:12 - [TEST_STEP][PASSED] - for ([ii = 1, ii < 8, (ii++)]): null

13-01-2025T07:14:12 - [TEST_STEP][PASSED] - i1 = x.indexOf("/") + 1: null

13-01-2025T07:14:12 - [TEST_STEP][PASSED] - if (i1 > -1): null

13-01-2025T07:14:12 - [TEST_STEP][PASSED] - x = x.substring(i1, x.length()): null

13-01-2025T07:14:12 - [TEST_STEP][PASSED] - println(x): null

13-01-2025T07:14:12 - [TEST_STEP][PASSED] - i1 = x.indexOf("/") + 1: null

13-01-2025T07:14:12 - [TEST_STEP][PASSED] - if (i1 > -1): null

13-01-2025T07:14:12 - [TEST_STEP][PASSED] - x = x.substring(i1, x.length()): null

13-01-2025T07:14:12 - [TEST_STEP][PASSED] - println(x): null

13-01-2025T07:14:12 - [TEST_STEP][PASSED] - i1 = x.indexOf("/") + 1: null

13-01-2025T07:14:12 - [TEST_STEP][PASSED] - if (i1 > -1): null

13-01-2025T07:14:12 - [TEST_STEP][PASSED] - x = x.substring(i1, x.length()): null

13-01-2025T07:14:12 - [TEST_STEP][PASSED] - println(x): null

13-01-2025T07:14:12 - [TEST_STEP][PASSED] - i1 = x.indexOf("/") + 1: null

13-01-2025T07:14:12 - [TEST_STEP][PASSED] - if (i1 > -1): null

13-01-2025T07:14:12 - [TEST_STEP][PASSED] - x = x.substring(i1, x.length()): null

13-01-2025T07:14:12 - [TEST_STEP][PASSED] - println(x): null

13-01-2025T07:14:12 - [TEST_STEP][PASSED] - i1 = x.indexOf("/") + 1: null

13-01-2025T07:14:12 - [TEST_STEP][PASSED] - if (i1 > -1): null

13-01-2025T07:14:12 - [TEST_STEP][PASSED] - x = x.substring(i1, x.length()): null

13-01-2025T07:14:12 - [TEST_STEP][PASSED] - println(x): null

13-01-2025T07:14:12 - [TEST_STEP][PASSED] - i1 = x.indexOf("/") + 1: null

13-01-2025T07:14:12 - [TEST_STEP][PASSED] - if (i1 > -1): null

13-01-2025T07:14:12 - [TEST_STEP][PASSED] - x = x.substring(i1, x.length()): null

13-01-2025T07:14:12 - [TEST_STEP][PASSED] - println(x): null

13-01-2025T07:14:12 - [TEST_STEP][PASSED] - i1 = x.indexOf("/") + 1: null

13-01-2025T07:14:12 - [TEST_STEP][PASSED] - if (i1 > -1): null

13-01-2025T07:14:12 - [TEST_STEP][PASSED] - x = x.substring(i1, x.length()): null

13-01-2025T07:14:12 - [TEST_STEP][PASSED] - println(x): null

13-01-2025T07:14:12 - [TEST_STEP][PASSED] - i1 = x.indexOf("/"): null

13-01-2025T07:14:12 - [TEST_STEP][PASSED] - if (i1 > -1): null

13-01-2025T07:14:12 - [TEST_STEP][PASSED] - x = x.substring(0, i1): null

13-01-2025T07:14:12 - [TEST_STEP][PASSED] - println(x): null

13-01-2025T07:14:12 - [TEST_STEP][PASSED] - return x: null

13-01-2025T07:14:12 - [TEST_STEP][PASSED] - tabB = GetOiSPlanB(x = b): null

13-01-2025T07:14:12 - [TEST_STEP][PASSED] - i1 = <not implemented yet for class: org.codehaus.groovy.ast.expr.EmptyExpression>: null

13-01-2025T07:14:12 - [TEST_STEP][PASSED] - ii = <not implemented yet for class: org.codehaus.groovy.ast.expr.EmptyExpression>: null

13-01-2025T07:14:12 - [TEST_STEP][PASSED] - for ([ii = 1, ii < 8, (ii++)]): null

13-01-2025T07:14:12 - [TEST_STEP][PASSED] - i1 = x.indexOf("/") + 1: null

13-01-2025T07:14:12 - [TEST_STEP][PASSED] - if (i1 > -1): null

13-01-2025T07:14:12 - [TEST_STEP][PASSED] - x = x.substring(i1, x.length()): null

13-01-2025T07:14:12 - [TEST_STEP][PASSED] - println(x): null

13-01-2025T07:14:12 - [TEST_STEP][PASSED] - i1 = x.indexOf("/") + 1: null

13-01-2025T07:14:12 - [TEST_STEP][PASSED] - if (i1 > -1): null

13-01-2025T07:14:12 - [TEST_STEP][PASSED] - x = x.substring(i1, x.length()): null

13-01-2025T07:14:12 - [TEST_STEP][PASSED] - println(x): null

13-01-2025T07:14:12 - [TEST_STEP][PASSED] - i1 = x.indexOf("/") + 1: null

13-01-2025T07:14:12 - [TEST_STEP][PASSED] - if (i1 > -1): null

13-01-2025T07:14:12 - [TEST_STEP][PASSED] - x = x.substring(i1, x.length()): null

13-01-2025T07:14:12 - [TEST_STEP][PASSED] - println(x): null

13-01-2025T07:14:12 - [TEST_STEP][PASSED] - i1 = x.indexOf("/") + 1: null

13-01-2025T07:14:12 - [TEST_STEP][PASSED] - if (i1 > -1): null

13-01-2025T07:14:12 - [TEST_STEP][PASSED] - x = x.substring(i1, x.length()): null

13-01-2025T07:14:12 - [TEST_STEP][PASSED] - println(x): null

13-01-2025T07:14:12 - [TEST_STEP][PASSED] - i1 = x.indexOf("/") + 1: null

13-01-2025T07:14:12 - [TEST_STEP][PASSED] - if (i1 > -1): null

13-01-2025T07:14:12 - [TEST_STEP][PASSED] - x = x.substring(i1, x.length()): null

13-01-2025T07:14:12 - [TEST_STEP][PASSED] - println(x): null

13-01-2025T07:14:12 - [TEST_STEP][PASSED] - i1 = x.indexOf("/") + 1: null

13-01-2025T07:14:12 - [TEST_STEP][PASSED] - if (i1 > -1): null

13-01-2025T07:14:12 - [TEST_STEP][PASSED] - x = x.substring(i1, x.length()): null

13-01-2025T07:14:12 - [TEST_STEP][PASSED] - println(x): null

13-01-2025T07:14:12 - [TEST_STEP][PASSED] - i1 = x.indexOf("/") + 1: null

13-01-2025T07:14:12 - [TEST_STEP][PASSED] - if (i1 > -1): null

13-01-2025T07:14:12 - [TEST_STEP][PASSED] - x = x.substring(i1, x.length()): null

13-01-2025T07:14:12 - [TEST_STEP][PASSED] - println(x): null

13-01-2025T07:14:12 - [TEST_STEP][PASSED] - i1 = x.indexOf("/"): null

13-01-2025T07:14:12 - [TEST_STEP][PASSED] - if (i1 > -1): null

13-01-2025T07:14:12 - [TEST_STEP][PASSED] - x = x.substring(0, i1): null

13-01-2025T07:14:12 - [TEST_STEP][PASSED] - println(x): null

13-01-2025T07:14:12 - [TEST_STEP][PASSED] - return x: null

13-01-2025T07:14:12 - [TEST_STEP][PASSED] - println(tabR + "/" + tabB): null

13-01-2025T07:14:12 - [TEST_STEP][PASSED] - if (verifyEqual(PercFactR, PercFactB) == false): Actual object '2.70' and expected object '2.70' are equal

13-01-2025T07:14:12 - [MESSAGE][PASSED] - Actual object '2.70' and expected object '2.70' are equal

13-01-2025T07:14:12 - [TEST_STEP][PASSED] - typeOfData = "План Потери": null

13-01-2025T07:14:12 - [TEST_STEP][PASSED] - tabR = GetPPlanR(x = a): null

13-01-2025T07:14:12 - [TEST_STEP][PASSED] - i1 = <not implemented yet for class: org.codehaus.groovy.ast.expr.EmptyExpression>: null

13-01-2025T07:14:12 - [TEST_STEP][PASSED] - ii = <not implemented yet for class: org.codehaus.groovy.ast.expr.EmptyExpression>: null

13-01-2025T07:14:12 - [TEST_STEP][PASSED] - for ([ii = 1, ii < 9, (ii++)]): null

13-01-2025T07:14:12 - [TEST_STEP][PASSED] - i1 = x.indexOf("/") + 1: null

13-01-2025T07:14:12 - [TEST_STEP][PASSED] - if (i1 > -1): null

13-01-2025T07:14:12 - [TEST_STEP][PASSED] - x = x.substring(i1, x.length()): null

13-01-2025T07:14:12 - [TEST_STEP][PASSED] - println(x): null

13-01-2025T07:14:12 - [TEST_STEP][PASSED] - i1 = x.indexOf("/") + 1: null

13-01-2025T07:14:12 - [TEST_STEP][PASSED] - if (i1 > -1): null

13-01-2025T07:14:12 - [TEST_STEP][PASSED] - x = x.substring(i1, x.length()): null

13-01-2025T07:14:12 - [TEST_STEP][PASSED] - println(x): null

13-01-2025T07:14:12 - [TEST_STEP][PASSED] - i1 = x.indexOf("/") + 1: null

13-01-2025T07:14:12 - [TEST_STEP][PASSED] - if (i1 > -1): null

13-01-2025T07:14:12 - [TEST_STEP][PASSED] - x = x.substring(i1, x.length()): null

13-01-2025T07:14:12 - [TEST_STEP][PASSED] - println(x): null

13-01-2025T07:14:12 - [TEST_STEP][PASSED] - i1 = x.indexOf("/") + 1: null

13-01-2025T07:14:12 - [TEST_STEP][PASSED] - if (i1 > -1): null

13-01-2025T07:14:12 - [TEST_STEP][PASSED] - x = x.substring(i1, x.length()): null

13-01-2025T07:14:12 - [TEST_STEP][PASSED] - println(x): null

13-01-2025T07:14:12 - [TEST_STEP][PASSED] - i1 = x.indexOf("/") + 1: null

13-01-2025T07:14:12 - [TEST_STEP][PASSED] - if (i1 > -1): null

13-01-2025T07:14:12 - [TEST_STEP][PASSED] - x = x.substring(i1, x.length()): null

13-01-2025T07:14:12 - [TEST_STEP][PASSED] - println(x): null

13-01-2025T07:14:12 - [TEST_STEP][PASSED] - i1 = x.indexOf("/") + 1: null

13-01-2025T07:14:12 - [TEST_STEP][PASSED] - if (i1 > -1): null

13-01-2025T07:14:12 - [TEST_STEP][PASSED] - x = x.substring(i1, x.length()): null

13-01-2025T07:14:12 - [TEST_STEP][PASSED] - println(x): null

13-01-2025T07:14:12 - [TEST_STEP][PASSED] - i1 = x.indexOf("/") + 1: null

13-01-2025T07:14:12 - [TEST_STEP][PASSED] - if (i1 > -1): null

13-01-2025T07:14:12 - [TEST_STEP][PASSED] - x = x.substring(i1, x.length()): null

13-01-2025T07:14:12 - [TEST_STEP][PASSED] - println(x): null

13-01-2025T07:14:12 - [TEST_STEP][PASSED] - i1 = x.indexOf("/") + 1: null

13-01-2025T07:14:12 - [TEST_STEP][PASSED] - if (i1 > -1): null

13-01-2025T07:14:12 - [TEST_STEP][PASSED] - x = x.substring(i1, x.length()): null

13-01-2025T07:14:12 - [TEST_STEP][PASSED] - println(x): null

13-01-2025T07:14:12 - [TEST_STEP][PASSED] - i1 = x.indexOf("/"): null

13-01-2025T07:14:12 - [TEST_STEP][PASSED] - if (i1 > -1): null

13-01-2025T07:14:12 - [TEST_STEP][PASSED] - x = x.substring(0, i1): null

13-01-2025T07:14:12 - [TEST_STEP][PASSED] - println(x): null

13-01-2025T07:14:12 - [TEST_STEP][PASSED] - return x: null

13-01-2025T07:14:12 - [TEST_STEP][PASSED] - tabB = GetPPlanB(x = b): null

13-01-2025T07:14:12 - [TEST_STEP][PASSED] - i1 = <not implemented yet for class: org.codehaus.groovy.ast.expr.EmptyExpression>: null

13-01-2025T07:14:12 - [TEST_STEP][PASSED] - ii = <not implemented yet for class: org.codehaus.groovy.ast.expr.EmptyExpression>: null

13-01-2025T07:14:12 - [TEST_STEP][PASSED] - for ([ii = 1, ii < 9, (ii++)]): null

13-01-2025T07:14:12 - [TEST_STEP][PASSED] - i1 = x.indexOf("/") + 1: null

13-01-2025T07:14:12 - [TEST_STEP][PASSED] - if (i1 > -1): null

13-01-2025T07:14:12 - [TEST_STEP][PASSED] - x = x.substring(i1, x.length()): null

13-01-2025T07:14:12 - [TEST_STEP][PASSED] - println(x): null

13-01-2025T07:14:12 - [TEST_STEP][PASSED] - i1 = x.indexOf("/") + 1: null

13-01-2025T07:14:12 - [TEST_STEP][PASSED] - if (i1 > -1): null

13-01-2025T07:14:12 - [TEST_STEP][PASSED] - x = x.substring(i1, x.length()): null

13-01-2025T07:14:12 - [TEST_STEP][PASSED] - println(x): null

13-01-2025T07:14:12 - [TEST_STEP][PASSED] - i1 = x.indexOf("/") + 1: null

13-01-2025T07:14:12 - [TEST_STEP][PASSED] - if (i1 > -1): null

13-01-2025T07:14:12 - [TEST_STEP][PASSED] - x = x.substring(i1, x.length()): null

13-01-2025T07:14:12 - [TEST_STEP][PASSED] - println(x): null

13-01-2025T07:14:12 - [TEST_STEP][PASSED] - i1 = x.indexOf("/") + 1: null

13-01-2025T07:14:12 - [TEST_STEP][PASSED] - if (i1 > -1): null

13-01-2025T07:14:12 - [TEST_STEP][PASSED] - x = x.substring(i1, x.length()): null

13-01-2025T07:14:12 - [TEST_STEP][PASSED] - println(x): null

13-01-2025T07:14:12 - [TEST_STEP][PASSED] - i1 = x.indexOf("/") + 1: null

13-01-2025T07:14:12 - [TEST_STEP][PASSED] - if (i1 > -1): null

13-01-2025T07:14:12 - [TEST_STEP][PASSED] - x = x.substring(i1, x.length()): null

13-01-2025T07:14:12 - [TEST_STEP][PASSED] - println(x): null

13-01-2025T07:14:12 - [TEST_STEP][PASSED] - i1 = x.indexOf("/") + 1: null

13-01-2025T07:14:12 - [TEST_STEP][PASSED] - if (i1 > -1): null

13-01-2025T07:14:12 - [TEST_STEP][PASSED] - x = x.substring(i1, x.length()): null

13-01-2025T07:14:12 - [TEST_STEP][PASSED] - println(x): null

13-01-2025T07:14:12 - [TEST_STEP][PASSED] - i1 = x.indexOf("/") + 1: null

13-01-2025T07:14:12 - [TEST_STEP][PASSED] - if (i1 > -1): null

13-01-2025T07:14:12 - [TEST_STEP][PASSED] - x = x.substring(i1, x.length()): null

13-01-2025T07:14:12 - [TEST_STEP][PASSED] - println(x): null

13-01-2025T07:14:12 - [TEST_STEP][PASSED] - i1 = x.indexOf("/") + 1: null

13-01-2025T07:14:12 - [TEST_STEP][PASSED] - if (i1 > -1): null

13-01-2025T07:14:12 - [TEST_STEP][PASSED] - x = x.substring(i1, x.length()): null

13-01-2025T07:14:12 - [TEST_STEP][PASSED] - println(x): null

13-01-2025T07:14:12 - [TEST_STEP][PASSED] - i1 = x.indexOf("/"): null

13-01-2025T07:14:12 - [TEST_STEP][PASSED] - if (i1 > -1): null

13-01-2025T07:14:12 - [TEST_STEP][PASSED] - x = x.substring(0, i1): null

13-01-2025T07:14:12 - [TEST_STEP][PASSED] - println(x): null

13-01-2025T07:14:12 - [TEST_STEP][PASSED] - return x: null

13-01-2025T07:14:12 - [TEST_STEP][PASSED] - println(tabR + "/" + tabB): null

13-01-2025T07:14:12 - [TEST_STEP][PASSED] - if (verifyEqual(PercFactR, PercFactB) == false): Actual object '2.70' and expected object '2.70' are equal

13-01-2025T07:14:12 - [MESSAGE][PASSED] - Actual object '2.70' and expected object '2.70' are equal

13-01-2025T07:14:12 - [TEST_STEP][PASSED] - ii2 = a.indexOf("ПАО"): null

13-01-2025T07:14:12 - [TEST_STEP][PASSED] - if (ii2 == -1): null

13-01-2025T07:14:12 - [TEST_STEP][PASSED] - vidget = "Отклонения фактического уровня потерь от бизнес-плана": null

13-01-2025T07:14:12 - [TEST_STEP][PASSED] - typeOfData = "Коэффициент": null

13-01-2025T07:14:12 - [TEST_STEP][PASSED] - o1R = Geto1R(x = a): null

13-01-2025T07:14:12 - [TEST_STEP][PASSED] - i1 = <not implemented yet for class: org.codehaus.groovy.ast.expr.EmptyExpression>: null

13-01-2025T07:14:12 - [TEST_STEP][PASSED] - ii = <not implemented yet for class: org.codehaus.groovy.ast.expr.EmptyExpression>: null

13-01-2025T07:14:12 - [TEST_STEP][PASSED] - for ([ii = 1, ii < 10, (ii++)]): null

13-01-2025T07:14:12 - [TEST_STEP][PASSED] - i1 = x.indexOf("/") + 1: null

13-01-2025T07:14:12 - [TEST_STEP][PASSED] - if (i1 > -1): null

13-01-2025T07:14:12 - [TEST_STEP][PASSED] - x = x.substring(i1, x.length()): null

13-01-2025T07:14:12 - [TEST_STEP][PASSED] - i1 = x.indexOf("/") + 1: null

13-01-2025T07:14:12 - [TEST_STEP][PASSED] - if (i1 > -1): null

13-01-2025T07:14:12 - [TEST_STEP][PASSED] - x = x.substring(i1, x.length()): null

13-01-2025T07:14:12 - [TEST_STEP][PASSED] - i1 = x.indexOf("/") + 1: null

13-01-2025T07:14:12 - [TEST_STEP][PASSED] - if (i1 > -1): null

13-01-2025T07:14:12 - [TEST_STEP][PASSED] - x = x.substring(i1, x.length()): null

13-01-2025T07:14:12 - [TEST_STEP][PASSED] - i1 = x.indexOf("/") + 1: null

13-01-2025T07:14:12 - [TEST_STEP][PASSED] - if (i1 > -1): null

13-01-2025T07:14:12 - [TEST_STEP][PASSED] - x = x.substring(i1, x.length()): null

13-01-2025T07:14:12 - [TEST_STEP][PASSED] - i1 = x.indexOf("/") + 1: null

13-01-2025T07:14:12 - [TEST_STEP][PASSED] - if (i1 > -1): null

13-01-2025T07:14:12 - [TEST_STEP][PASSED] - x = x.substring(i1, x.length()): null

13-01-2025T07:14:12 - [TEST_STEP][PASSED] - i1 = x.indexOf("/") + 1: null

13-01-2025T07:14:12 - [TEST_STEP][PASSED] - if (i1 > -1): null

13-01-2025T07:14:12 - [TEST_STEP][PASSED] - x = x.substring(i1, x.length()): null

13-01-2025T07:14:12 - [TEST_STEP][PASSED] - i1 = x.indexOf("/") + 1: null

13-01-2025T07:14:12 - [TEST_STEP][PASSED] - if (i1 > -1): null

13-01-2025T07:14:12 - [TEST_STEP][PASSED] - x = x.substring(i1, x.length()): null

13-01-2025T07:14:12 - [TEST_STEP][PASSED] - i1 = x.indexOf("/") + 1: null

13-01-2025T07:14:12 - [TEST_STEP][PASSED] - if (i1 > -1): null

13-01-2025T07:14:12 - [TEST_STEP][PASSED] - x = x.substring(i1, x.length()): null

13-01-2025T07:14:12 - [TEST_STEP][PASSED] - i1 = x.indexOf("/") + 1: null

13-01-2025T07:14:12 - [TEST_STEP][PASSED] - if (i1 > -1): null

13-01-2025T07:14:12 - [TEST_STEP][PASSED] - x = x.substring(i1, x.length()): null

13-01-2025T07:14:12 - [TEST_STEP][PASSED] - i1 = x.indexOf("/"): null

13-01-2025T07:14:12 - [TEST_STEP][PASSED] - if (i1 > -1): null

13-01-2025T07:14:12 - [TEST_STEP][PASSED] - println(x): null

13-01-2025T07:14:12 - [TEST_STEP][PASSED] - return x: null

13-01-2025T07:14:12 - [TEST_STEP][PASSED] - o1B = Geto1B(x = b): null

13-01-2025T07:14:12 - [TEST_STEP][PASSED] - i1 = <not implemented yet for class: org.codehaus.groovy.ast.expr.EmptyExpression>: null

13-01-2025T07:14:12 - [TEST_STEP][PASSED] - ii = <not implemented yet for class: org.codehaus.groovy.ast.expr.EmptyExpression>: null

13-01-2025T07:14:12 - [TEST_STEP][PASSED] - for ([ii = 1, ii < 10, (ii++)]): null

13-01-2025T07:14:12 - [TEST_STEP][PASSED] - i1 = x.indexOf("/") + 1: null

13-01-2025T07:14:12 - [TEST_STEP][PASSED] - if (i1 > -1): null

13-01-2025T07:14:12 - [TEST_STEP][PASSED] - x = x.substring(i1, x.length()): null

13-01-2025T07:14:12 - [TEST_STEP][PASSED] - i1 = x.indexOf("/") + 1: null

13-01-2025T07:14:12 - [TEST_STEP][PASSED] - if (i1 > -1): null

13-01-2025T07:14:12 - [TEST_STEP][PASSED] - x = x.substring(i1, x.length()): null

13-01-2025T07:14:12 - [TEST_STEP][PASSED] - i1 = x.indexOf("/") + 1: null

13-01-2025T07:14:12 - [TEST_STEP][PASSED] - if (i1 > -1): null

13-01-2025T07:14:12 - [TEST_STEP][PASSED] - x = x.substring(i1, x.length()): null

13-01-2025T07:14:12 - [TEST_STEP][PASSED] - i1 = x.indexOf("/") + 1: null

13-01-2025T07:14:12 - [TEST_STEP][PASSED] - if (i1 > -1): null

13-01-2025T07:14:12 - [TEST_STEP][PASSED] - x = x.substring(i1, x.length()): null

13-01-2025T07:14:12 - [TEST_STEP][PASSED] - i1 = x.indexOf("/") + 1: null

13-01-2025T07:14:12 - [TEST_STEP][PASSED] - if (i1 > -1): null

13-01-2025T07:14:12 - [TEST_STEP][PASSED] - x = x.substring(i1, x.length()): null

13-01-2025T07:14:12 - [TEST_STEP][PASSED] - i1 = x.indexOf("/") + 1: null

13-01-2025T07:14:12 - [TEST_STEP][PASSED] - if (i1 > -1): null

13-01-2025T07:14:12 - [TEST_STEP][PASSED] - x = x.substring(i1, x.length()): null

13-01-2025T07:14:12 - [TEST_STEP][PASSED] - i1 = x.indexOf("/") + 1: null

13-01-2025T07:14:12 - [TEST_STEP][PASSED] - if (i1 > -1): null

13-01-2025T07:14:12 - [TEST_STEP][PASSED] - x = x.substring(i1, x.length()): null

13-01-2025T07:14:12 - [TEST_STEP][PASSED] - i1 = x.indexOf("/") + 1: null

13-01-2025T07:14:12 - [TEST_STEP][PASSED] - if (i1 > -1): null

13-01-2025T07:14:12 - [TEST_STEP][PASSED] - x = x.substring(i1, x.length()): null

13-01-2025T07:14:12 - [TEST_STEP][PASSED] - i1 = x.indexOf("/") + 1: null

13-01-2025T07:14:12 - [TEST_STEP][PASSED] - if (i1 > -1): null

13-01-2025T07:14:12 - [TEST_STEP][PASSED] - x = x.substring(i1, x.length()): null

13-01-2025T07:14:12 - [TEST_STEP][PASSED] - i1 = x.indexOf("/"): null

13-01-2025T07:14:12 - [TEST_STEP][PASSED] - if (i1 > -1): null

13-01-2025T07:14:12 - [TEST_STEP][PASSED] - println(x): null

13-01-2025T07:14:12 - [TEST_STEP][FAILED] - return x: null

13-01-2025T07:14:12 - [TEST_STEP][PASSED] - println(o1R + "/" + o1B): null

13-01-2025T07:14:12 - [TEST_STEP][PASSED] - if (verifyEqual(PercFactR, PercFactB) == false): Actual object '2.70' and expected object '2.70' are equal

13-01-2025T07:14:12 - [MESSAGE][PASSED] - Actual object '2.70' and expected object '2.70' are equal

13-01-2025T07:14:12 - [TEST_STEP][FAILED] - if (verifyEqual(urR, urB) == false): null

13-01-2025T07:14:12 - [MESSAGE][FAILED] - Unable to verify equal between actual object 'Россети Урал (ГК)/нет данных/нет данных/нет данных/нет данных/нет данных/нет данных/нет данных/нет данных/нет данных' and expected object 'Россети Урал (ГК)/6.07/5.90/66742094/62801450/3940644/нет данных/нет данных/нет данных/-0.17' (Root cause: com.kms.katalon.core.exception.StepFailedException: Actual object 'Россети Урал (ГК)/нет данных/нет данных/нет данных/нет данных/нет данных/нет данных/нет данных/нет данных/нет данных' and expected object 'Россети Урал (ГК)/6.07/5.90/66742094/62801450/3940644/нет данных/нет данных/нет данных/-0.17' are not equal
	at com.kms.katalon.core.keyword.builtin.VerifyEqualKeyword$_verifyEqual_closure1.doCall(VerifyEqualKeyword.groovy:58)
	at com.kms.katalon.core.keyword.builtin.VerifyEqualKeyword$_verifyEqual_closure1.call(VerifyEqualKeyword.groovy)
	at com.kms.katalon.core.keyword.internal.KeywordMain.runKeyword(KeywordMain.groovy:75)
	at com.kms.katalon.core.keyword.builtin.VerifyEqualKeyword.verifyEqual(VerifyEqualKeyword.groovy:63)
	at com.kms.katalon.core.keyword.builtin.VerifyEqualKeyword.execute(VerifyEqualKeyword.groovy:44)
	at com.kms.katalon.core.keyword.internal.KeywordExecutor.executeKeywordForPlatform(KeywordExecutor.groovy:74)
	at com.kms.katalon.core.keyword.BuiltinKeywords.verifyEqual(BuiltinKeywords.groovy:146)
	at jdk.internal.reflect.GeneratedMethodAccessor25.invoke(Unknown Source)
	at java.base/jdk.internal.reflect.DelegatingMethodAccessorImpl.invoke(DelegatingMethodAccessorImpl.java:43)
	at Выполнение бизнес-плана сверка дашбордов - Copy.run(Выполнение бизнес-плана сверка дашбордов - Copy:642)
	at com.kms.katalon.core.main.ScriptEngine.run(ScriptEngine.java:194)
	at com.kms.katalon.core.main.ScriptEngine.runScriptAsRawText(ScriptEngine.java:119)
	at com.kms.katalon.core.main.TestCaseExecutor.runScript(TestCaseExecutor.java:448)
	at com.kms.katalon.core.main.TestCaseExecutor.doExecute(TestCaseExecutor.java:439)
	at com.kms.katalon.core.main.TestCaseExecutor.processExecutionPhase(TestCaseExecutor.java:418)
	at com.kms.katalon.core.main.TestCaseExecutor.accessMainPhase(TestCaseExecutor.java:410)
	at com.kms.katalon.core.main.TestCaseExecutor.execute(TestCaseExecutor.java:285)
	at com.kms.katalon.core.common.CommonExecutor.accessTestCaseMainPhase(CommonExecutor.java:65)
	at com.kms.katalon.core.main.TestSuiteExecutor.accessTestSuiteMainPhase(TestSuiteExecutor.java:150)
	at com.kms.katalon.core.main.TestSuiteExecutor.execute(TestSuiteExecutor.java:106)
	at com.kms.katalon.core.main.TestCaseMain.startTestSuite(TestCaseMain.java:180)
	at TempTestSuite1736740835951.run(TempTestSuite1736740835951.groovy:35)
	at java.base/jdk.internal.reflect.NativeMethodAccessorImpl.invoke0(Native Method)
	at java.base/jdk.internal.reflect.NativeMethodAccessorImpl.invoke(NativeMethodAccessorImpl.java:77)
	at java.base/jdk.internal.reflect.DelegatingMethodAccessorImpl.invoke(DelegatingMethodAccessorImpl.java:43)
)

13-01-2025T07:14:12 - [TEST_STEP][PASSED] - result = CompareDZOData(a = urR, b = urB, dZO, typeOfData, PercPlanR, PercPlanB, PercFactR, PercFactB, todaysDate, x, vidget, tabR, tabB, o1R, o1B): null

13-01-2025T07:14:12 - [TEST_STEP][PASSED] - ii2 = <not implemented yet for class: org.codehaus.groovy.ast.expr.EmptyExpression>: null

13-01-2025T07:14:12 - [TEST_STEP][FAILED] - if (verifyEqual(a, b) == false): null

13-01-2025T07:14:12 - [MESSAGE][FAILED] - Unable to verify equal between actual object 'Россети Урал (ГК)/нет данных/нет данных/нет данных/нет данных/нет данных/нет данных/нет данных/нет данных/нет данных' and expected object 'Россети Урал (ГК)/6.07/5.90/66742094/62801450/3940644/нет данных/нет данных/нет данных/-0.17' (Root cause: com.kms.katalon.core.exception.StepFailedException: Actual object 'Россети Урал (ГК)/нет данных/нет данных/нет данных/нет данных/нет данных/нет данных/нет данных/нет данных/нет данных' and expected object 'Россети Урал (ГК)/6.07/5.90/66742094/62801450/3940644/нет данных/нет данных/нет данных/-0.17' are not equal
	at com.kms.katalon.core.keyword.builtin.VerifyEqualKeyword$_verifyEqual_closure1.doCall(VerifyEqualKeyword.groovy:58)
	at com.kms.katalon.core.keyword.builtin.VerifyEqualKeyword$_verifyEqual_closure1.call(VerifyEqualKeyword.groovy)
	at com.kms.katalon.core.keyword.internal.KeywordMain.runKeyword(KeywordMain.groovy:75)
	at com.kms.katalon.core.keyword.builtin.VerifyEqualKeyword.verifyEqual(VerifyEqualKeyword.groovy:63)
	at com.kms.katalon.core.keyword.builtin.VerifyEqualKeyword.execute(VerifyEqualKeyword.groovy:44)
	at com.kms.katalon.core.keyword.internal.KeywordExecutor.executeKeywordForPlatform(KeywordExecutor.groovy:74)
	at com.kms.katalon.core.keyword.BuiltinKeywords.verifyEqual(BuiltinKeywords.groovy:146)
	at jdk.internal.reflect.GeneratedMethodAccessor25.invoke(Unknown Source)
	at java.base/jdk.internal.reflect.DelegatingMethodAccessorImpl.invoke(DelegatingMethodAccessorImpl.java:43)
	at Выполнение бизнес-плана сверка дашбордов - Copy.CompareDZOData(Выполнение бизнес-плана сверка дашбордов - Copy:673)
	at Выполнение бизнес-плана сверка дашбордов - Copy.run(Выполнение бизнес-плана сверка дашбордов - Copy:643)
	at com.kms.katalon.core.main.ScriptEngine.run(ScriptEngine.java:194)
	at com.kms.katalon.core.main.ScriptEngine.runScriptAsRawText(ScriptEngine.java:119)
	at com.kms.katalon.core.main.TestCaseExecutor.runScript(TestCaseExecutor.java:448)
	at com.kms.katalon.core.main.TestCaseExecutor.doExecute(TestCaseExecutor.java:439)
	at com.kms.katalon.core.main.TestCaseExecutor.processExecutionPhase(TestCaseExecutor.java:418)
	at com.kms.katalon.core.main.TestCaseExecutor.accessMainPhase(TestCaseExecutor.java:410)
	at com.kms.katalon.core.main.TestCaseExecutor.execute(TestCaseExecutor.java:285)
	at com.kms.katalon.core.common.CommonExecutor.accessTestCaseMainPhase(CommonExecutor.java:65)
	at com.kms.katalon.core.main.TestSuiteExecutor.accessTestSuiteMainPhase(TestSuiteExecutor.java:150)
	at com.kms.katalon.core.main.TestSuiteExecutor.execute(TestSuiteExecutor.java:106)
	at com.kms.katalon.core.main.TestCaseMain.startTestSuite(TestCaseMain.java:180)
	at TempTestSuite1736740835951.run(TempTestSuite1736740835951.groovy:35)
	at java.base/jdk.internal.reflect.NativeMethodAccessorImpl.invoke0(Native Method)
	at java.base/jdk.internal.reflect.NativeMethodAccessorImpl.invoke(NativeMethodAccessorImpl.java:77)
	at java.base/jdk.internal.reflect.DelegatingMethodAccessorImpl.invoke(DelegatingMethodAccessorImpl.java:43)
)

13-01-2025T07:14:12 - [TEST_STEP][PASSED] - vidget = "Уровень потерь электроэнергии": null

13-01-2025T07:14:12 - [TEST_STEP][PASSED] - typeOfData = "План": null

13-01-2025T07:14:12 - [TEST_STEP][PASSED] - PercPlanR = GetPercPlanR(x = a): null

13-01-2025T07:14:12 - [TEST_STEP][PASSED] - i1 = <not implemented yet for class: org.codehaus.groovy.ast.expr.EmptyExpression>: null

13-01-2025T07:14:12 - [TEST_STEP][PASSED] - i1 = x.indexOf("/") + 1: null

13-01-2025T07:14:12 - [TEST_STEP][PASSED] - if (i1 > -1): null

13-01-2025T07:14:12 - [TEST_STEP][PASSED] - x = x.substring(i1, x.length()): null

13-01-2025T07:14:12 - [TEST_STEP][PASSED] - i1 = x.indexOf("/"): null

13-01-2025T07:14:12 - [TEST_STEP][PASSED] - if (i1 > -1): null

13-01-2025T07:14:12 - [TEST_STEP][PASSED] - x = x.substring(0, i1): null

13-01-2025T07:14:12 - [TEST_STEP][PASSED] - return x: null

13-01-2025T07:14:12 - [TEST_STEP][PASSED] - PercPlanB = GetPercPlanB(x = b): null

13-01-2025T07:14:12 - [TEST_STEP][PASSED] - i1 = <not implemented yet for class: org.codehaus.groovy.ast.expr.EmptyExpression>: null

13-01-2025T07:14:12 - [TEST_STEP][PASSED] - i1 = x.indexOf("/") + 1: null

13-01-2025T07:14:12 - [TEST_STEP][PASSED] - if (i1 > -1): null

13-01-2025T07:14:12 - [TEST_STEP][PASSED] - x = x.substring(i1, x.length()): null

13-01-2025T07:14:12 - [TEST_STEP][PASSED] - i1 = x.indexOf("/"): null

13-01-2025T07:14:12 - [TEST_STEP][PASSED] - if (i1 > -1): null

13-01-2025T07:14:12 - [TEST_STEP][PASSED] - x = x.substring(0, i1): null

13-01-2025T07:14:12 - [TEST_STEP][FAILED] - return x: null

13-01-2025T07:14:12 - [TEST_STEP][FAILED] - if (verifyEqual(PercPlanR, PercPlanB) == false): null

13-01-2025T07:14:12 - [MESSAGE][FAILED] - Unable to verify equal between actual object 'нет данных' and expected object '6.07' (Root cause: com.kms.katalon.core.exception.StepFailedException: Actual object 'нет данных' and expected object '6.07' are not equal
	at com.kms.katalon.core.keyword.builtin.VerifyEqualKeyword$_verifyEqual_closure1.doCall(VerifyEqualKeyword.groovy:58)
	at com.kms.katalon.core.keyword.builtin.VerifyEqualKeyword$_verifyEqual_closure1.call(VerifyEqualKeyword.groovy)
	at com.kms.katalon.core.keyword.internal.KeywordMain.runKeyword(KeywordMain.groovy:75)
	at com.kms.katalon.core.keyword.builtin.VerifyEqualKeyword.verifyEqual(VerifyEqualKeyword.groovy:63)
	at com.kms.katalon.core.keyword.builtin.VerifyEqualKeyword.execute(VerifyEqualKeyword.groovy:44)
	at com.kms.katalon.core.keyword.internal.KeywordExecutor.executeKeywordForPlatform(KeywordExecutor.groovy:74)
	at com.kms.katalon.core.keyword.BuiltinKeywords.verifyEqual(BuiltinKeywords.groovy:146)
	at jdk.internal.reflect.GeneratedMethodAccessor25.invoke(Unknown Source)
	at java.base/jdk.internal.reflect.DelegatingMethodAccessorImpl.invoke(DelegatingMethodAccessorImpl.java:43)
	at Выполнение бизнес-плана сверка дашбордов - Copy.CompareDZOData(Выполнение бизнес-плана сверка дашбордов - Copy:682)
	at Выполнение бизнес-плана сверка дашбордов - Copy.run(Выполнение бизнес-плана сверка дашбордов - Copy:643)
	at com.kms.katalon.core.main.ScriptEngine.run(ScriptEngine.java:194)
	at com.kms.katalon.core.main.ScriptEngine.runScriptAsRawText(ScriptEngine.java:119)
	at com.kms.katalon.core.main.TestCaseExecutor.runScript(TestCaseExecutor.java:448)
	at com.kms.katalon.core.main.TestCaseExecutor.doExecute(TestCaseExecutor.java:439)
	at com.kms.katalon.core.main.TestCaseExecutor.processExecutionPhase(TestCaseExecutor.java:418)
	at com.kms.katalon.core.main.TestCaseExecutor.accessMainPhase(TestCaseExecutor.java:410)
	at com.kms.katalon.core.main.TestCaseExecutor.execute(TestCaseExecutor.java:285)
	at com.kms.katalon.core.common.CommonExecutor.accessTestCaseMainPhase(CommonExecutor.java:65)
	at com.kms.katalon.core.main.TestSuiteExecutor.accessTestSuiteMainPhase(TestSuiteExecutor.java:150)
	at com.kms.katalon.core.main.TestSuiteExecutor.execute(TestSuiteExecutor.java:106)
	at com.kms.katalon.core.main.TestCaseMain.startTestSuite(TestCaseMain.java:180)
	at TempTestSuite1736740835951.run(TempTestSuite1736740835951.groovy:35)
	at java.base/jdk.internal.reflect.NativeMethodAccessorImpl.invoke0(Native Method)
	at java.base/jdk.internal.reflect.NativeMethodAccessorImpl.invoke(NativeMethodAccessorImpl.java:77)
	at java.base/jdk.internal.reflect.DelegatingMethodAccessorImpl.invoke(DelegatingMethodAccessorImpl.java:43)
)

13-01-2025T07:14:12 - [TEST_STEP][PASSED] - result = WriteToExcel(typeOfData, todaysDate, PercPlanR, PercPlanB, PercFactR, PercFactB, x, tabR, tabB, o1R, o1B, vidget): null

13-01-2025T07:14:12 - [TEST_STEP][PASSED] - iii = dZO.indexOf("/"): null

13-01-2025T07:14:12 - [TEST_STEP][PASSED] - println(iii): null

13-01-2025T07:14:12 - [TEST_STEP][PASSED] - dZO = dZO.substring(0, iii): null

13-01-2025T07:14:12 - [TEST_STEP][PASSED] - println(dZO): null

13-01-2025T07:14:12 - [TEST_STEP][PASSED] - println(PercPlanR): null

13-01-2025T07:14:12 - [TEST_STEP][PASSED] - println(PercPlanB): null

13-01-2025T07:14:12 - [TEST_STEP][PASSED] - println(PercFactR): null

13-01-2025T07:14:12 - [TEST_STEP][PASSED] - println(PercFactB): null

13-01-2025T07:14:12 - [TEST_STEP][PASSED] - println(tabR): null

13-01-2025T07:14:12 - [TEST_STEP][PASSED] - println(tabB): null

13-01-2025T07:14:12 - [TEST_STEP][PASSED] - println(o1R): null

13-01-2025T07:14:12 - [TEST_STEP][PASSED] - println(o1B): null

13-01-2025T07:14:12 - [TEST_STEP][PASSED] - PR = <not implemented yet for class: org.codehaus.groovy.ast.expr.EmptyExpression>: null

13-01-2025T07:14:12 - [TEST_STEP][PASSED] - FR = <not implemented yet for class: org.codehaus.groovy.ast.expr.EmptyExpression>: null

13-01-2025T07:14:12 - [TEST_STEP][PASSED] - PB = <not implemented yet for class: org.codehaus.groovy.ast.expr.EmptyExpression>: null

13-01-2025T07:14:12 - [TEST_STEP][PASSED] - FB = <not implemented yet for class: org.codehaus.groovy.ast.expr.EmptyExpression>: null

13-01-2025T07:14:12 - [TEST_STEP][PASSED] - TR = <not implemented yet for class: org.codehaus.groovy.ast.expr.EmptyExpression>: null

13-01-2025T07:14:12 - [TEST_STEP][PASSED] - TB = <not implemented yet for class: org.codehaus.groovy.ast.expr.EmptyExpression>: null

13-01-2025T07:14:12 - [TEST_STEP][PASSED] - sheetName = "Sheet1": null

13-01-2025T07:14:12 - [TEST_STEP][PASSED] - data = findTestData("PlanFact"): null

13-01-2025T07:14:12 - [TEST_STEP][PASSED] - n = data.getRowNumbers() + 1: null

13-01-2025T07:14:12 - [TEST_STEP][PASSED] - year = todaysDate.substring(todaysDate.length() - 4, todaysDate.length()): null

13-01-2025T07:14:12 - [TEST_STEP][PASSED] - y = year.toInteger(): null

13-01-2025T07:14:12 - [TEST_STEP][PASSED] - m = getText(findTestObject("Выполнение бизнес-плана/Выполнение бизнес-плана Балансы/Фильтр Дата")): Text of object 'Object Repository/Выполнение бизнес-плана/Выполнение бизнес-плана Балансы/Фильтр Дата' is: '1, 2, 3 кв., Октябрь, Ноябрь 2024 года'

13-01-2025T07:14:12 - [MESSAGE][PASSED] - Text of object 'Object Repository/Выполнение бизнес-плана/Выполнение бизнес-плана Балансы/Фильтр Дата' is: '1, 2, 3 кв., Октябрь, Ноябрь 2024 года'

13-01-2025T07:14:12 - [TEST_STEP][PASSED] - m = m.substring(0, m.indexOf("2024")): null

13-01-2025T07:14:12 - [TEST_STEP][PASSED] - m = m.trim(): null

13-01-2025T07:14:12 - [TEST_STEP][PASSED] - dashboardName = "Выполнение бизнес-плана": null

13-01-2025T07:14:12 - [TEST_STEP][PASSED] - workbook01 = getWorkbook(excelFilePath): null

13-01-2025T07:14:12 - [TEST_STEP][PASSED] - sheet01 = getExcelSheet(workbook01, sheetName): null

13-01-2025T07:14:12 - [TEST_STEP][PASSED] - setValueToCellByIndex(sheet01, n, 0, dashboardName): null

13-01-2025T07:14:12 - [TEST_STEP][PASSED] - setValueToCellByIndex(sheet01, n, 1, dZO): null

13-01-2025T07:14:12 - [TEST_STEP][PASSED] - setValueToCellByIndex(sheet01, n, 2, typeOfData): null

13-01-2025T07:14:12 - [TEST_STEP][PASSED] - setValueToCellByIndex(sheet01, n, 3, typeOfData): null

13-01-2025T07:14:12 - [TEST_STEP][PASSED] - if (typeOfData == "План"): null

13-01-2025T07:14:12 - [TEST_STEP][PASSED] - if (PercPlanR == null): null

13-01-2025T07:14:12 - [TEST_STEP][PASSED] - else: null

13-01-2025T07:14:12 - [TEST_STEP][PASSED] - if (PercPlanR == "нет данных"): null

13-01-2025T07:14:12 - [TEST_STEP][PASSED] - setValueToCellByIndex(sheet01, n, 4, "нет данных"): null

13-01-2025T07:14:12 - [TEST_STEP][PASSED] - if (PercPlanB == null): null

13-01-2025T07:14:12 - [TEST_STEP][PASSED] - else: null

13-01-2025T07:14:12 - [TEST_STEP][PASSED] - if (PercPlanB == "нет данных"): null

13-01-2025T07:14:12 - [TEST_STEP][PASSED] - else: null

13-01-2025T07:14:12 - [TEST_STEP][PASSED] - PB = PercPlanB.toDouble(): null

13-01-2025T07:14:12 - [TEST_STEP][PASSED] - setValueToCellByIndex(sheet01, n, 5, PB): null

13-01-2025T07:14:12 - [TEST_STEP][PASSED] - setValueToCellByIndex(sheet01, n, 6, m): null

13-01-2025T07:14:12 - [TEST_STEP][PASSED] - setValueToCellByIndex(sheet01, n, 7, y): null

13-01-2025T07:14:12 - [TEST_STEP][PASSED] - setValueToCellByIndex(sheet01, n, 8, todaysDate): null

13-01-2025T07:14:12 - [TEST_STEP][PASSED] - n = n + 1: null

13-01-2025T07:14:12 - [TEST_STEP][PASSED] - saveWorkbook(excelFilePath, workbook01): null

13-01-2025T07:14:13 - [TEST_STEP][PASSED] - typeOfData = "Факт": null

13-01-2025T07:14:13 - [TEST_STEP][PASSED] - PercFactR = GetPercFactR(x = a): null

13-01-2025T07:14:13 - [TEST_STEP][PASSED] - i1 = <not implemented yet for class: org.codehaus.groovy.ast.expr.EmptyExpression>: null

13-01-2025T07:14:13 - [TEST_STEP][PASSED] - ii = <not implemented yet for class: org.codehaus.groovy.ast.expr.EmptyExpression>: null

13-01-2025T07:14:13 - [TEST_STEP][PASSED] - for ([ii = 1, ii < 3, (ii++)]): null

13-01-2025T07:14:13 - [TEST_STEP][PASSED] - i1 = x.indexOf("/") + 1: null

13-01-2025T07:14:13 - [TEST_STEP][PASSED] - if (i1 > -1): null

13-01-2025T07:14:13 - [TEST_STEP][PASSED] - x = x.substring(i1, x.length()): null

13-01-2025T07:14:13 - [TEST_STEP][PASSED] - println(x): null

13-01-2025T07:14:13 - [TEST_STEP][PASSED] - i1 = x.indexOf("/") + 1: null

13-01-2025T07:14:13 - [TEST_STEP][PASSED] - if (i1 > -1): null

13-01-2025T07:14:13 - [TEST_STEP][PASSED] - x = x.substring(i1, x.length()): null

13-01-2025T07:14:13 - [TEST_STEP][PASSED] - println(x): null

13-01-2025T07:14:13 - [TEST_STEP][PASSED] - i1 = x.indexOf("/"): null

13-01-2025T07:14:13 - [TEST_STEP][PASSED] - if (i1 > -1): null

13-01-2025T07:14:13 - [TEST_STEP][PASSED] - x = x.substring(0, i1): null

13-01-2025T07:14:13 - [TEST_STEP][PASSED] - println(x): null

13-01-2025T07:14:13 - [TEST_STEP][PASSED] - return x: null

13-01-2025T07:14:13 - [TEST_STEP][PASSED] - PercFactB = GetPercFactB(x = b): null

13-01-2025T07:14:13 - [TEST_STEP][PASSED] - i1 = <not implemented yet for class: org.codehaus.groovy.ast.expr.EmptyExpression>: null

13-01-2025T07:14:13 - [TEST_STEP][PASSED] - ii = <not implemented yet for class: org.codehaus.groovy.ast.expr.EmptyExpression>: null

13-01-2025T07:14:13 - [TEST_STEP][PASSED] - for ([ii = 1, ii < 3, (ii++)]): null

13-01-2025T07:14:13 - [TEST_STEP][PASSED] - i1 = x.indexOf("/") + 1: null

13-01-2025T07:14:13 - [TEST_STEP][PASSED] - if (i1 > -1): null

13-01-2025T07:14:13 - [TEST_STEP][PASSED] - x = x.substring(i1, x.length()): null

13-01-2025T07:14:13 - [TEST_STEP][PASSED] - println(x): null

13-01-2025T07:14:13 - [TEST_STEP][PASSED] - i1 = x.indexOf("/") + 1: null

13-01-2025T07:14:13 - [TEST_STEP][PASSED] - if (i1 > -1): null

13-01-2025T07:14:13 - [TEST_STEP][PASSED] - x = x.substring(i1, x.length()): null

13-01-2025T07:14:13 - [TEST_STEP][PASSED] - println(x): null

13-01-2025T07:14:13 - [TEST_STEP][PASSED] - i1 = x.indexOf("/"): null

13-01-2025T07:14:13 - [TEST_STEP][PASSED] - if (i1 > -1): null

13-01-2025T07:14:13 - [TEST_STEP][PASSED] - x = x.substring(0, i1): null

13-01-2025T07:14:13 - [TEST_STEP][PASSED] - println(x): null

13-01-2025T07:14:13 - [TEST_STEP][FAILED] - return x: null

13-01-2025T07:14:13 - [TEST_STEP][FAILED] - if (verifyEqual(PercFactR, PercFactB) == false): null

13-01-2025T07:14:13 - [MESSAGE][FAILED] - Unable to verify equal between actual object 'нет данных' and expected object '5.90' (Root cause: com.kms.katalon.core.exception.StepFailedException: Actual object 'нет данных' and expected object '5.90' are not equal
	at com.kms.katalon.core.keyword.builtin.VerifyEqualKeyword$_verifyEqual_closure1.doCall(VerifyEqualKeyword.groovy:58)
	at com.kms.katalon.core.keyword.builtin.VerifyEqualKeyword$_verifyEqual_closure1.call(VerifyEqualKeyword.groovy)
	at com.kms.katalon.core.keyword.internal.KeywordMain.runKeyword(KeywordMain.groovy:75)
	at com.kms.katalon.core.keyword.builtin.VerifyEqualKeyword.verifyEqual(VerifyEqualKeyword.groovy:63)
	at com.kms.katalon.core.keyword.builtin.VerifyEqualKeyword.execute(VerifyEqualKeyword.groovy:44)
	at com.kms.katalon.core.keyword.internal.KeywordExecutor.executeKeywordForPlatform(KeywordExecutor.groovy:74)
	at com.kms.katalon.core.keyword.BuiltinKeywords.verifyEqual(BuiltinKeywords.groovy:146)
	at jdk.internal.reflect.GeneratedMethodAccessor25.invoke(Unknown Source)
	at java.base/jdk.internal.reflect.DelegatingMethodAccessorImpl.invoke(DelegatingMethodAccessorImpl.java:43)
	at Выполнение бизнес-плана сверка дашбордов - Copy.CompareDZOData(Выполнение бизнес-плана сверка дашбордов - Copy:693)
	at Выполнение бизнес-плана сверка дашбордов - Copy.run(Выполнение бизнес-плана сверка дашбордов - Copy:643)
	at com.kms.katalon.core.main.ScriptEngine.run(ScriptEngine.java:194)
	at com.kms.katalon.core.main.ScriptEngine.runScriptAsRawText(ScriptEngine.java:119)
	at com.kms.katalon.core.main.TestCaseExecutor.runScript(TestCaseExecutor.java:448)
	at com.kms.katalon.core.main.TestCaseExecutor.doExecute(TestCaseExecutor.java:439)
	at com.kms.katalon.core.main.TestCaseExecutor.processExecutionPhase(TestCaseExecutor.java:418)
	at com.kms.katalon.core.main.TestCaseExecutor.accessMainPhase(TestCaseExecutor.java:410)
	at com.kms.katalon.core.main.TestCaseExecutor.execute(TestCaseExecutor.java:285)
	at com.kms.katalon.core.common.CommonExecutor.accessTestCaseMainPhase(CommonExecutor.java:65)
	at com.kms.katalon.core.main.TestSuiteExecutor.accessTestSuiteMainPhase(TestSuiteExecutor.java:150)
	at com.kms.katalon.core.main.TestSuiteExecutor.execute(TestSuiteExecutor.java:106)
	at com.kms.katalon.core.main.TestCaseMain.startTestSuite(TestCaseMain.java:180)
	at TempTestSuite1736740835951.run(TempTestSuite1736740835951.groovy:35)
	at java.base/jdk.internal.reflect.NativeMethodAccessorImpl.invoke0(Native Method)
	at java.base/jdk.internal.reflect.NativeMethodAccessorImpl.invoke(NativeMethodAccessorImpl.java:77)
	at java.base/jdk.internal.reflect.DelegatingMethodAccessorImpl.invoke(DelegatingMethodAccessorImpl.java:43)
)

13-01-2025T07:14:13 - [TEST_STEP][PASSED] - result = WriteToExcel(typeOfData, todaysDate, PercPlanR, PercPlanB, PercFactR, PercFactB, x, tabR, tabB, o1R, o1B, vidget): null

13-01-2025T07:14:13 - [TEST_STEP][PASSED] - iii = dZO.indexOf("/"): null

13-01-2025T07:14:13 - [TEST_STEP][PASSED] - println(iii): null

13-01-2025T07:14:13 - [TEST_STEP][PASSED] - dZO = dZO.substring(0, iii): null

13-01-2025T07:14:13 - [TEST_STEP][PASSED] - println(dZO): null

13-01-2025T07:14:13 - [TEST_STEP][PASSED] - println(PercPlanR): null

13-01-2025T07:14:13 - [TEST_STEP][PASSED] - println(PercPlanB): null

13-01-2025T07:14:13 - [TEST_STEP][PASSED] - println(PercFactR): null

13-01-2025T07:14:13 - [TEST_STEP][PASSED] - println(PercFactB): null

13-01-2025T07:14:13 - [TEST_STEP][PASSED] - println(tabR): null

13-01-2025T07:14:13 - [TEST_STEP][PASSED] - println(tabB): null

13-01-2025T07:14:13 - [TEST_STEP][PASSED] - println(o1R): null

13-01-2025T07:14:13 - [TEST_STEP][PASSED] - println(o1B): null

13-01-2025T07:14:13 - [TEST_STEP][PASSED] - PR = <not implemented yet for class: org.codehaus.groovy.ast.expr.EmptyExpression>: null

13-01-2025T07:14:13 - [TEST_STEP][PASSED] - FR = <not implemented yet for class: org.codehaus.groovy.ast.expr.EmptyExpression>: null

13-01-2025T07:14:13 - [TEST_STEP][PASSED] - PB = <not implemented yet for class: org.codehaus.groovy.ast.expr.EmptyExpression>: null

13-01-2025T07:14:13 - [TEST_STEP][PASSED] - FB = <not implemented yet for class: org.codehaus.groovy.ast.expr.EmptyExpression>: null

13-01-2025T07:14:13 - [TEST_STEP][PASSED] - TR = <not implemented yet for class: org.codehaus.groovy.ast.expr.EmptyExpression>: null

13-01-2025T07:14:13 - [TEST_STEP][PASSED] - TB = <not implemented yet for class: org.codehaus.groovy.ast.expr.EmptyExpression>: null

13-01-2025T07:14:13 - [TEST_STEP][PASSED] - sheetName = "Sheet1": null

13-01-2025T07:14:13 - [TEST_STEP][PASSED] - data = findTestData("PlanFact"): null

13-01-2025T07:14:13 - [TEST_STEP][PASSED] - n = data.getRowNumbers() + 1: null

13-01-2025T07:14:13 - [TEST_STEP][PASSED] - year = todaysDate.substring(todaysDate.length() - 4, todaysDate.length()): null

13-01-2025T07:14:13 - [TEST_STEP][PASSED] - y = year.toInteger(): null

13-01-2025T07:14:13 - [TEST_STEP][PASSED] - m = getText(findTestObject("Выполнение бизнес-плана/Выполнение бизнес-плана Балансы/Фильтр Дата")): Text of object 'Object Repository/Выполнение бизнес-плана/Выполнение бизнес-плана Балансы/Фильтр Дата' is: '1, 2, 3 кв., Октябрь, Ноябрь 2024 года'

13-01-2025T07:14:13 - [MESSAGE][PASSED] - Text of object 'Object Repository/Выполнение бизнес-плана/Выполнение бизнес-плана Балансы/Фильтр Дата' is: '1, 2, 3 кв., Октябрь, Ноябрь 2024 года'

13-01-2025T07:14:13 - [TEST_STEP][PASSED] - m = m.substring(0, m.indexOf("2024")): null

13-01-2025T07:14:13 - [TEST_STEP][PASSED] - m = m.trim(): null

13-01-2025T07:14:13 - [TEST_STEP][PASSED] - dashboardName = "Выполнение бизнес-плана": null

13-01-2025T07:14:13 - [TEST_STEP][PASSED] - workbook01 = getWorkbook(excelFilePath): null

13-01-2025T07:14:13 - [TEST_STEP][PASSED] - sheet01 = getExcelSheet(workbook01, sheetName): null

13-01-2025T07:14:13 - [TEST_STEP][PASSED] - setValueToCellByIndex(sheet01, n, 0, dashboardName): null

13-01-2025T07:14:13 - [TEST_STEP][PASSED] - setValueToCellByIndex(sheet01, n, 1, dZO): null

13-01-2025T07:14:13 - [TEST_STEP][PASSED] - setValueToCellByIndex(sheet01, n, 2, typeOfData): null

13-01-2025T07:14:13 - [TEST_STEP][PASSED] - setValueToCellByIndex(sheet01, n, 3, typeOfData): null

13-01-2025T07:14:13 - [TEST_STEP][PASSED] - if (typeOfData == "План"): null

13-01-2025T07:14:13 - [TEST_STEP][PASSED] - else if (typeOfData == "Факт"): null

13-01-2025T07:14:13 - [TEST_STEP][PASSED] - if (PercFactR == null): null

13-01-2025T07:14:13 - [TEST_STEP][PASSED] - else: null

13-01-2025T07:14:13 - [TEST_STEP][PASSED] - if (PercFactR == "нет данных"): null

13-01-2025T07:14:13 - [TEST_STEP][PASSED] - setValueToCellByIndex(sheet01, n, 4, "нет данных"): null

13-01-2025T07:14:13 - [TEST_STEP][PASSED] - if (PercFactB == null): null

13-01-2025T07:14:13 - [TEST_STEP][PASSED] - else: null

13-01-2025T07:14:13 - [TEST_STEP][PASSED] - if (PercFactB == "нет данных"): null

13-01-2025T07:14:13 - [TEST_STEP][PASSED] - else: null

13-01-2025T07:14:13 - [TEST_STEP][PASSED] - FB = PercFactB.toDouble(): null

13-01-2025T07:14:13 - [TEST_STEP][PASSED] - setValueToCellByIndex(sheet01, n, 5, FB): null

13-01-2025T07:14:13 - [TEST_STEP][PASSED] - setValueToCellByIndex(sheet01, n, 6, m): null

13-01-2025T07:14:13 - [TEST_STEP][PASSED] - setValueToCellByIndex(sheet01, n, 7, y): null

13-01-2025T07:14:13 - [TEST_STEP][PASSED] - setValueToCellByIndex(sheet01, n, 8, todaysDate): null

13-01-2025T07:14:13 - [TEST_STEP][PASSED] - n = n + 1: null

13-01-2025T07:14:13 - [TEST_STEP][PASSED] - saveWorkbook(excelFilePath, workbook01): null

13-01-2025T07:14:13 - [TEST_STEP][PASSED] - vidget = "Показатели баланса электроэнергии по ДЗО – Факт": null

13-01-2025T07:14:13 - [TEST_STEP][PASSED] - typeOfData = "Факт Отпуск в сеть": null

13-01-2025T07:14:13 - [TEST_STEP][PASSED] - tabR = GetOvSFactR(x = a): null

13-01-2025T07:14:13 - [TEST_STEP][PASSED] - i1 = <not implemented yet for class: org.codehaus.groovy.ast.expr.EmptyExpression>: null

13-01-2025T07:14:13 - [TEST_STEP][PASSED] - ii = <not implemented yet for class: org.codehaus.groovy.ast.expr.EmptyExpression>: null

13-01-2025T07:14:13 - [TEST_STEP][PASSED] - for ([ii = 1, ii < 4, (ii++)]): null

13-01-2025T07:14:13 - [TEST_STEP][PASSED] - i1 = x.indexOf("/") + 1: null

13-01-2025T07:14:13 - [TEST_STEP][PASSED] - if (i1 > -1): null

13-01-2025T07:14:13 - [TEST_STEP][PASSED] - x = x.substring(i1, x.length()): null

13-01-2025T07:14:13 - [TEST_STEP][PASSED] - println(x): null

13-01-2025T07:14:13 - [TEST_STEP][PASSED] - i1 = x.indexOf("/") + 1: null

13-01-2025T07:14:13 - [TEST_STEP][PASSED] - if (i1 > -1): null

13-01-2025T07:14:13 - [TEST_STEP][PASSED] - x = x.substring(i1, x.length()): null

13-01-2025T07:14:13 - [TEST_STEP][PASSED] - println(x): null

13-01-2025T07:14:13 - [TEST_STEP][PASSED] - i1 = x.indexOf("/") + 1: null

13-01-2025T07:14:13 - [TEST_STEP][PASSED] - if (i1 > -1): null

13-01-2025T07:14:13 - [TEST_STEP][PASSED] - x = x.substring(i1, x.length()): null

13-01-2025T07:14:13 - [TEST_STEP][PASSED] - println(x): null

13-01-2025T07:14:13 - [TEST_STEP][PASSED] - i1 = x.indexOf("/"): null

13-01-2025T07:14:13 - [TEST_STEP][PASSED] - if (i1 > -1): null

13-01-2025T07:14:13 - [TEST_STEP][PASSED] - x = x.substring(0, i1): null

13-01-2025T07:14:13 - [TEST_STEP][PASSED] - println(x): null

13-01-2025T07:14:13 - [TEST_STEP][PASSED] - return x: null

13-01-2025T07:14:13 - [TEST_STEP][PASSED] - tabB = GetOvSFactB(x = b): null

13-01-2025T07:14:13 - [TEST_STEP][PASSED] - i1 = <not implemented yet for class: org.codehaus.groovy.ast.expr.EmptyExpression>: null

13-01-2025T07:14:13 - [TEST_STEP][PASSED] - ii = <not implemented yet for class: org.codehaus.groovy.ast.expr.EmptyExpression>: null

13-01-2025T07:14:13 - [TEST_STEP][PASSED] - for ([ii = 1, ii < 4, (ii++)]): null

13-01-2025T07:14:13 - [TEST_STEP][PASSED] - i1 = x.indexOf("/") + 1: null

13-01-2025T07:14:13 - [TEST_STEP][PASSED] - if (i1 > -1): null

13-01-2025T07:14:13 - [TEST_STEP][PASSED] - x = x.substring(i1, x.length()): null

13-01-2025T07:14:13 - [TEST_STEP][PASSED] - println(x): null

13-01-2025T07:14:13 - [TEST_STEP][PASSED] - i1 = x.indexOf("/") + 1: null

13-01-2025T07:14:13 - [TEST_STEP][PASSED] - if (i1 > -1): null

13-01-2025T07:14:13 - [TEST_STEP][PASSED] - x = x.substring(i1, x.length()): null

13-01-2025T07:14:13 - [TEST_STEP][PASSED] - println(x): null

13-01-2025T07:14:13 - [TEST_STEP][PASSED] - i1 = x.indexOf("/") + 1: null

13-01-2025T07:14:13 - [TEST_STEP][PASSED] - if (i1 > -1): null

13-01-2025T07:14:13 - [TEST_STEP][PASSED] - x = x.substring(i1, x.length()): null

13-01-2025T07:14:13 - [TEST_STEP][PASSED] - println(x): null

13-01-2025T07:14:13 - [TEST_STEP][PASSED] - i1 = x.indexOf("/"): null

13-01-2025T07:14:13 - [TEST_STEP][PASSED] - if (i1 > -1): null

13-01-2025T07:14:13 - [TEST_STEP][PASSED] - x = x.substring(0, i1): null

13-01-2025T07:14:13 - [TEST_STEP][PASSED] - println(x): null

13-01-2025T07:14:13 - [TEST_STEP][FAILED] - return x: null

13-01-2025T07:14:13 - [TEST_STEP][FAILED] - if (verifyEqual(tabR, tabB) == false): null

13-01-2025T07:14:13 - [MESSAGE][FAILED] - Unable to verify equal between actual object 'нет данных' and expected object '66742094' (Root cause: com.kms.katalon.core.exception.StepFailedException: Actual object 'нет данных' and expected object '66742094' are not equal
	at com.kms.katalon.core.keyword.builtin.VerifyEqualKeyword$_verifyEqual_closure1.doCall(VerifyEqualKeyword.groovy:58)
	at com.kms.katalon.core.keyword.builtin.VerifyEqualKeyword$_verifyEqual_closure1.call(VerifyEqualKeyword.groovy)
	at com.kms.katalon.core.keyword.internal.KeywordMain.runKeyword(KeywordMain.groovy:75)
	at com.kms.katalon.core.keyword.builtin.VerifyEqualKeyword.verifyEqual(VerifyEqualKeyword.groovy:63)
	at com.kms.katalon.core.keyword.builtin.VerifyEqualKeyword.execute(VerifyEqualKeyword.groovy:44)
	at com.kms.katalon.core.keyword.internal.KeywordExecutor.executeKeywordForPlatform(KeywordExecutor.groovy:74)
	at com.kms.katalon.core.keyword.BuiltinKeywords.verifyEqual(BuiltinKeywords.groovy:146)
	at jdk.internal.reflect.GeneratedMethodAccessor25.invoke(Unknown Source)
	at java.base/jdk.internal.reflect.DelegatingMethodAccessorImpl.invoke(DelegatingMethodAccessorImpl.java:43)
	at Выполнение бизнес-плана сверка дашбордов - Copy.CompareDZOData(Выполнение бизнес-плана сверка дашбордов - Copy:706)
	at Выполнение бизнес-плана сверка дашбордов - Copy.run(Выполнение бизнес-плана сверка дашбордов - Copy:643)
	at com.kms.katalon.core.main.ScriptEngine.run(ScriptEngine.java:194)
	at com.kms.katalon.core.main.ScriptEngine.runScriptAsRawText(ScriptEngine.java:119)
	at com.kms.katalon.core.main.TestCaseExecutor.runScript(TestCaseExecutor.java:448)
	at com.kms.katalon.core.main.TestCaseExecutor.doExecute(TestCaseExecutor.java:439)
	at com.kms.katalon.core.main.TestCaseExecutor.processExecutionPhase(TestCaseExecutor.java:418)
	at com.kms.katalon.core.main.TestCaseExecutor.accessMainPhase(TestCaseExecutor.java:410)
	at com.kms.katalon.core.main.TestCaseExecutor.execute(TestCaseExecutor.java:285)
	at com.kms.katalon.core.common.CommonExecutor.accessTestCaseMainPhase(CommonExecutor.java:65)
	at com.kms.katalon.core.main.TestSuiteExecutor.accessTestSuiteMainPhase(TestSuiteExecutor.java:150)
	at com.kms.katalon.core.main.TestSuiteExecutor.execute(TestSuiteExecutor.java:106)
	at com.kms.katalon.core.main.TestCaseMain.startTestSuite(TestCaseMain.java:180)
	at TempTestSuite1736740835951.run(TempTestSuite1736740835951.groovy:35)
	at java.base/jdk.internal.reflect.NativeMethodAccessorImpl.invoke0(Native Method)
	at java.base/jdk.internal.reflect.NativeMethodAccessorImpl.invoke(NativeMethodAccessorImpl.java:77)
	at java.base/jdk.internal.reflect.DelegatingMethodAccessorImpl.invoke(DelegatingMethodAccessorImpl.java:43)
)

13-01-2025T07:14:13 - [TEST_STEP][PASSED] - result = WriteToExcel(typeOfData, todaysDate, PercPlanR, PercPlanB, PercFactR, PercFactB, x, tabR, tabB, o1R, o1B, vidget): null

13-01-2025T07:14:13 - [TEST_STEP][PASSED] - iii = dZO.indexOf("/"): null

13-01-2025T07:14:13 - [TEST_STEP][PASSED] - println(iii): null

13-01-2025T07:14:13 - [TEST_STEP][PASSED] - dZO = dZO.substring(0, iii): null

13-01-2025T07:14:13 - [TEST_STEP][PASSED] - println(dZO): null

13-01-2025T07:14:13 - [TEST_STEP][PASSED] - println(PercPlanR): null

13-01-2025T07:14:13 - [TEST_STEP][PASSED] - println(PercPlanB): null

13-01-2025T07:14:13 - [TEST_STEP][PASSED] - println(PercFactR): null

13-01-2025T07:14:13 - [TEST_STEP][PASSED] - println(PercFactB): null

13-01-2025T07:14:13 - [TEST_STEP][PASSED] - println(tabR): null

13-01-2025T07:14:13 - [TEST_STEP][PASSED] - println(tabB): null

13-01-2025T07:14:13 - [TEST_STEP][PASSED] - println(o1R): null

13-01-2025T07:14:13 - [TEST_STEP][PASSED] - println(o1B): null

13-01-2025T07:14:13 - [TEST_STEP][PASSED] - PR = <not implemented yet for class: org.codehaus.groovy.ast.expr.EmptyExpression>: null

13-01-2025T07:14:13 - [TEST_STEP][PASSED] - FR = <not implemented yet for class: org.codehaus.groovy.ast.expr.EmptyExpression>: null

13-01-2025T07:14:13 - [TEST_STEP][PASSED] - PB = <not implemented yet for class: org.codehaus.groovy.ast.expr.EmptyExpression>: null

13-01-2025T07:14:13 - [TEST_STEP][PASSED] - FB = <not implemented yet for class: org.codehaus.groovy.ast.expr.EmptyExpression>: null

13-01-2025T07:14:13 - [TEST_STEP][PASSED] - TR = <not implemented yet for class: org.codehaus.groovy.ast.expr.EmptyExpression>: null

13-01-2025T07:14:13 - [TEST_STEP][PASSED] - TB = <not implemented yet for class: org.codehaus.groovy.ast.expr.EmptyExpression>: null

13-01-2025T07:14:13 - [TEST_STEP][PASSED] - sheetName = "Sheet1": null

13-01-2025T07:14:13 - [TEST_STEP][PASSED] - data = findTestData("PlanFact"): null

13-01-2025T07:14:13 - [TEST_STEP][PASSED] - n = data.getRowNumbers() + 1: null

13-01-2025T07:14:13 - [TEST_STEP][PASSED] - year = todaysDate.substring(todaysDate.length() - 4, todaysDate.length()): null

13-01-2025T07:14:13 - [TEST_STEP][PASSED] - y = year.toInteger(): null

13-01-2025T07:14:13 - [TEST_STEP][PASSED] - m = getText(findTestObject("Выполнение бизнес-плана/Выполнение бизнес-плана Балансы/Фильтр Дата")): Text of object 'Object Repository/Выполнение бизнес-плана/Выполнение бизнес-плана Балансы/Фильтр Дата' is: '1, 2, 3 кв., Октябрь, Ноябрь 2024 года'

13-01-2025T07:14:14 - [MESSAGE][PASSED] - Text of object 'Object Repository/Выполнение бизнес-плана/Выполнение бизнес-плана Балансы/Фильтр Дата' is: '1, 2, 3 кв., Октябрь, Ноябрь 2024 года'

13-01-2025T07:14:14 - [TEST_STEP][PASSED] - m = m.substring(0, m.indexOf("2024")): null

13-01-2025T07:14:14 - [TEST_STEP][PASSED] - m = m.trim(): null

13-01-2025T07:14:14 - [TEST_STEP][PASSED] - dashboardName = "Выполнение бизнес-плана": null

13-01-2025T07:14:14 - [TEST_STEP][PASSED] - workbook01 = getWorkbook(excelFilePath): null

13-01-2025T07:14:14 - [TEST_STEP][PASSED] - sheet01 = getExcelSheet(workbook01, sheetName): null

13-01-2025T07:14:14 - [TEST_STEP][PASSED] - setValueToCellByIndex(sheet01, n, 0, dashboardName): null

13-01-2025T07:14:14 - [TEST_STEP][PASSED] - setValueToCellByIndex(sheet01, n, 1, dZO): null

13-01-2025T07:14:14 - [TEST_STEP][PASSED] - setValueToCellByIndex(sheet01, n, 2, typeOfData): null

13-01-2025T07:14:14 - [TEST_STEP][PASSED] - setValueToCellByIndex(sheet01, n, 3, typeOfData): null

13-01-2025T07:14:14 - [TEST_STEP][PASSED] - if (typeOfData == "План"): null

13-01-2025T07:14:14 - [TEST_STEP][PASSED] - else if (typeOfData == "Факт"): null

13-01-2025T07:14:14 - [TEST_STEP][PASSED] - else if (vidget.contains("электроэнергии") == true): null

13-01-2025T07:14:14 - [TEST_STEP][PASSED] - if (tabR == null): null

13-01-2025T07:14:14 - [TEST_STEP][PASSED] - else: null

13-01-2025T07:14:14 - [TEST_STEP][PASSED] - if (tabR == "нет данных"): null

13-01-2025T07:14:14 - [TEST_STEP][PASSED] - setValueToCellByIndex(sheet01, n, 4, "нет данных"): null

13-01-2025T07:14:14 - [TEST_STEP][PASSED] - if (tabB == null): null

13-01-2025T07:14:14 - [TEST_STEP][PASSED] - else: null

13-01-2025T07:14:14 - [TEST_STEP][PASSED] - if (tabB == "нет данных"): null

13-01-2025T07:14:14 - [TEST_STEP][PASSED] - else: null

13-01-2025T07:14:14 - [TEST_STEP][PASSED] - TB = tabB.toInteger(): null

13-01-2025T07:14:14 - [TEST_STEP][PASSED] - setValueToCellByIndex(sheet01, n, 5, TB): null

13-01-2025T07:14:14 - [TEST_STEP][PASSED] - setValueToCellByIndex(sheet01, n, 6, m): null

13-01-2025T07:14:14 - [TEST_STEP][PASSED] - setValueToCellByIndex(sheet01, n, 7, y): null

13-01-2025T07:14:14 - [TEST_STEP][PASSED] - setValueToCellByIndex(sheet01, n, 8, todaysDate): null

13-01-2025T07:14:14 - [TEST_STEP][PASSED] - n = n + 1: null

13-01-2025T07:14:14 - [TEST_STEP][PASSED] - saveWorkbook(excelFilePath, workbook01): null

13-01-2025T07:14:14 - [TEST_STEP][PASSED] - typeOfData = "Факт Отпуск из сети": null

13-01-2025T07:14:14 - [TEST_STEP][PASSED] - tabR = GetOiSFactR(x = a): null

13-01-2025T07:14:14 - [TEST_STEP][PASSED] - i1 = <not implemented yet for class: org.codehaus.groovy.ast.expr.EmptyExpression>: null

13-01-2025T07:14:14 - [TEST_STEP][PASSED] - ii = <not implemented yet for class: org.codehaus.groovy.ast.expr.EmptyExpression>: null

13-01-2025T07:14:14 - [TEST_STEP][PASSED] - for ([ii = 1, ii < 5, (ii++)]): null

13-01-2025T07:14:14 - [TEST_STEP][PASSED] - i1 = x.indexOf("/") + 1: null

13-01-2025T07:14:14 - [TEST_STEP][PASSED] - if (i1 > -1): null

13-01-2025T07:14:14 - [TEST_STEP][PASSED] - x = x.substring(i1, x.length()): null

13-01-2025T07:14:14 - [TEST_STEP][PASSED] - println(x): null

13-01-2025T07:14:14 - [TEST_STEP][PASSED] - i1 = x.indexOf("/") + 1: null

13-01-2025T07:14:14 - [TEST_STEP][PASSED] - if (i1 > -1): null

13-01-2025T07:14:14 - [TEST_STEP][PASSED] - x = x.substring(i1, x.length()): null

13-01-2025T07:14:14 - [TEST_STEP][PASSED] - println(x): null

13-01-2025T07:14:14 - [TEST_STEP][PASSED] - i1 = x.indexOf("/") + 1: null

13-01-2025T07:14:14 - [TEST_STEP][PASSED] - if (i1 > -1): null

13-01-2025T07:14:14 - [TEST_STEP][PASSED] - x = x.substring(i1, x.length()): null

13-01-2025T07:14:14 - [TEST_STEP][PASSED] - println(x): null

13-01-2025T07:14:14 - [TEST_STEP][PASSED] - i1 = x.indexOf("/") + 1: null

13-01-2025T07:14:14 - [TEST_STEP][PASSED] - if (i1 > -1): null

13-01-2025T07:14:14 - [TEST_STEP][PASSED] - x = x.substring(i1, x.length()): null

13-01-2025T07:14:14 - [TEST_STEP][PASSED] - println(x): null

13-01-2025T07:14:14 - [TEST_STEP][PASSED] - i1 = x.indexOf("/"): null

13-01-2025T07:14:14 - [TEST_STEP][PASSED] - if (i1 > -1): null

13-01-2025T07:14:14 - [TEST_STEP][PASSED] - x = x.substring(0, i1): null

13-01-2025T07:14:14 - [TEST_STEP][PASSED] - println(x): null

13-01-2025T07:14:14 - [TEST_STEP][PASSED] - return x: null

13-01-2025T07:14:14 - [TEST_STEP][PASSED] - tabB = GetOiSFactB(x = b): null

13-01-2025T07:14:14 - [TEST_STEP][PASSED] - i1 = <not implemented yet for class: org.codehaus.groovy.ast.expr.EmptyExpression>: null

13-01-2025T07:14:14 - [TEST_STEP][PASSED] - ii = <not implemented yet for class: org.codehaus.groovy.ast.expr.EmptyExpression>: null

13-01-2025T07:14:14 - [TEST_STEP][PASSED] - for ([ii = 1, ii < 5, (ii++)]): null

13-01-2025T07:14:14 - [TEST_STEP][PASSED] - i1 = x.indexOf("/") + 1: null

13-01-2025T07:14:14 - [TEST_STEP][PASSED] - if (i1 > -1): null

13-01-2025T07:14:14 - [TEST_STEP][PASSED] - x = x.substring(i1, x.length()): null

13-01-2025T07:14:14 - [TEST_STEP][PASSED] - println(x): null

13-01-2025T07:14:14 - [TEST_STEP][PASSED] - i1 = x.indexOf("/") + 1: null

13-01-2025T07:14:14 - [TEST_STEP][PASSED] - if (i1 > -1): null

13-01-2025T07:14:14 - [TEST_STEP][PASSED] - x = x.substring(i1, x.length()): null

13-01-2025T07:14:14 - [TEST_STEP][PASSED] - println(x): null

13-01-2025T07:14:14 - [TEST_STEP][PASSED] - i1 = x.indexOf("/") + 1: null

13-01-2025T07:14:14 - [TEST_STEP][PASSED] - if (i1 > -1): null

13-01-2025T07:14:14 - [TEST_STEP][PASSED] - x = x.substring(i1, x.length()): null

13-01-2025T07:14:14 - [TEST_STEP][PASSED] - println(x): null

13-01-2025T07:14:14 - [TEST_STEP][PASSED] - i1 = x.indexOf("/") + 1: null

13-01-2025T07:14:14 - [TEST_STEP][PASSED] - if (i1 > -1): null

13-01-2025T07:14:14 - [TEST_STEP][PASSED] - x = x.substring(i1, x.length()): null

13-01-2025T07:14:14 - [TEST_STEP][PASSED] - println(x): null

13-01-2025T07:14:14 - [TEST_STEP][PASSED] - i1 = x.indexOf("/"): null

13-01-2025T07:14:14 - [TEST_STEP][PASSED] - if (i1 > -1): null

13-01-2025T07:14:14 - [TEST_STEP][PASSED] - x = x.substring(0, i1): null

13-01-2025T07:14:14 - [TEST_STEP][PASSED] - println(x): null

13-01-2025T07:14:14 - [TEST_STEP][FAILED] - return x: null

13-01-2025T07:14:14 - [TEST_STEP][FAILED] - if (verifyEqual(tabR, tabB) == false): null

13-01-2025T07:14:14 - [MESSAGE][FAILED] - Unable to verify equal between actual object 'нет данных' and expected object '62801450' (Root cause: com.kms.katalon.core.exception.StepFailedException: Actual object 'нет данных' and expected object '62801450' are not equal
	at com.kms.katalon.core.keyword.builtin.VerifyEqualKeyword$_verifyEqual_closure1.doCall(VerifyEqualKeyword.groovy:58)
	at com.kms.katalon.core.keyword.builtin.VerifyEqualKeyword$_verifyEqual_closure1.call(VerifyEqualKeyword.groovy)
	at com.kms.katalon.core.keyword.internal.KeywordMain.runKeyword(KeywordMain.groovy:75)
	at com.kms.katalon.core.keyword.builtin.VerifyEqualKeyword.verifyEqual(VerifyEqualKeyword.groovy:63)
	at com.kms.katalon.core.keyword.builtin.VerifyEqualKeyword.execute(VerifyEqualKeyword.groovy:44)
	at com.kms.katalon.core.keyword.internal.KeywordExecutor.executeKeywordForPlatform(KeywordExecutor.groovy:74)
	at com.kms.katalon.core.keyword.BuiltinKeywords.verifyEqual(BuiltinKeywords.groovy:146)
	at jdk.internal.reflect.GeneratedMethodAccessor25.invoke(Unknown Source)
	at java.base/jdk.internal.reflect.DelegatingMethodAccessorImpl.invoke(DelegatingMethodAccessorImpl.java:43)
	at Выполнение бизнес-плана сверка дашбордов - Copy.CompareDZOData(Выполнение бизнес-плана сверка дашбордов - Copy:717)
	at Выполнение бизнес-плана сверка дашбордов - Copy.run(Выполнение бизнес-плана сверка дашбордов - Copy:643)
	at com.kms.katalon.core.main.ScriptEngine.run(ScriptEngine.java:194)
	at com.kms.katalon.core.main.ScriptEngine.runScriptAsRawText(ScriptEngine.java:119)
	at com.kms.katalon.core.main.TestCaseExecutor.runScript(TestCaseExecutor.java:448)
	at com.kms.katalon.core.main.TestCaseExecutor.doExecute(TestCaseExecutor.java:439)
	at com.kms.katalon.core.main.TestCaseExecutor.processExecutionPhase(TestCaseExecutor.java:418)
	at com.kms.katalon.core.main.TestCaseExecutor.accessMainPhase(TestCaseExecutor.java:410)
	at com.kms.katalon.core.main.TestCaseExecutor.execute(TestCaseExecutor.java:285)
	at com.kms.katalon.core.common.CommonExecutor.accessTestCaseMainPhase(CommonExecutor.java:65)
	at com.kms.katalon.core.main.TestSuiteExecutor.accessTestSuiteMainPhase(TestSuiteExecutor.java:150)
	at com.kms.katalon.core.main.TestSuiteExecutor.execute(TestSuiteExecutor.java:106)
	at com.kms.katalon.core.main.TestCaseMain.startTestSuite(TestCaseMain.java:180)
	at TempTestSuite1736740835951.run(TempTestSuite1736740835951.groovy:35)
	at java.base/jdk.internal.reflect.NativeMethodAccessorImpl.invoke0(Native Method)
	at java.base/jdk.internal.reflect.NativeMethodAccessorImpl.invoke(NativeMethodAccessorImpl.java:77)
	at java.base/jdk.internal.reflect.DelegatingMethodAccessorImpl.invoke(DelegatingMethodAccessorImpl.java:43)
)

13-01-2025T07:14:14 - [TEST_STEP][PASSED] - result = WriteToExcel(typeOfData, todaysDate, PercPlanR, PercPlanB, PercFactR, PercFactB, x, tabR, tabB, o1R, o1B, vidget): null

13-01-2025T07:14:14 - [TEST_STEP][PASSED] - iii = dZO.indexOf("/"): null

13-01-2025T07:14:14 - [TEST_STEP][PASSED] - println(iii): null

13-01-2025T07:14:14 - [TEST_STEP][PASSED] - dZO = dZO.substring(0, iii): null

13-01-2025T07:14:14 - [TEST_STEP][PASSED] - println(dZO): null

13-01-2025T07:14:14 - [TEST_STEP][PASSED] - println(PercPlanR): null

13-01-2025T07:14:14 - [TEST_STEP][PASSED] - println(PercPlanB): null

13-01-2025T07:14:14 - [TEST_STEP][PASSED] - println(PercFactR): null

13-01-2025T07:14:14 - [TEST_STEP][PASSED] - println(PercFactB): null

13-01-2025T07:14:14 - [TEST_STEP][PASSED] - println(tabR): null

13-01-2025T07:14:14 - [TEST_STEP][PASSED] - println(tabB): null

13-01-2025T07:14:14 - [TEST_STEP][PASSED] - println(o1R): null

13-01-2025T07:14:14 - [TEST_STEP][PASSED] - println(o1B): null

13-01-2025T07:14:14 - [TEST_STEP][PASSED] - PR = <not implemented yet for class: org.codehaus.groovy.ast.expr.EmptyExpression>: null

13-01-2025T07:14:14 - [TEST_STEP][PASSED] - FR = <not implemented yet for class: org.codehaus.groovy.ast.expr.EmptyExpression>: null

13-01-2025T07:14:14 - [TEST_STEP][PASSED] - PB = <not implemented yet for class: org.codehaus.groovy.ast.expr.EmptyExpression>: null

13-01-2025T07:14:14 - [TEST_STEP][PASSED] - FB = <not implemented yet for class: org.codehaus.groovy.ast.expr.EmptyExpression>: null

13-01-2025T07:14:14 - [TEST_STEP][PASSED] - TR = <not implemented yet for class: org.codehaus.groovy.ast.expr.EmptyExpression>: null

13-01-2025T07:14:14 - [TEST_STEP][PASSED] - TB = <not implemented yet for class: org.codehaus.groovy.ast.expr.EmptyExpression>: null

13-01-2025T07:14:14 - [TEST_STEP][PASSED] - sheetName = "Sheet1": null

13-01-2025T07:14:14 - [TEST_STEP][PASSED] - data = findTestData("PlanFact"): null

13-01-2025T07:14:14 - [TEST_STEP][PASSED] - n = data.getRowNumbers() + 1: null

13-01-2025T07:14:14 - [TEST_STEP][PASSED] - year = todaysDate.substring(todaysDate.length() - 4, todaysDate.length()): null

13-01-2025T07:14:14 - [TEST_STEP][PASSED] - y = year.toInteger(): null

13-01-2025T07:14:14 - [TEST_STEP][PASSED] - m = getText(findTestObject("Выполнение бизнес-плана/Выполнение бизнес-плана Балансы/Фильтр Дата")): Text of object 'Object Repository/Выполнение бизнес-плана/Выполнение бизнес-плана Балансы/Фильтр Дата' is: '1, 2, 3 кв., Октябрь, Ноябрь 2024 года'

13-01-2025T07:14:14 - [MESSAGE][PASSED] - Text of object 'Object Repository/Выполнение бизнес-плана/Выполнение бизнес-плана Балансы/Фильтр Дата' is: '1, 2, 3 кв., Октябрь, Ноябрь 2024 года'

13-01-2025T07:14:14 - [TEST_STEP][PASSED] - m = m.substring(0, m.indexOf("2024")): null

13-01-2025T07:14:14 - [TEST_STEP][PASSED] - m = m.trim(): null

13-01-2025T07:14:14 - [TEST_STEP][PASSED] - dashboardName = "Выполнение бизнес-плана": null

13-01-2025T07:14:14 - [TEST_STEP][PASSED] - workbook01 = getWorkbook(excelFilePath): null

13-01-2025T07:14:14 - [TEST_STEP][PASSED] - sheet01 = getExcelSheet(workbook01, sheetName): null

13-01-2025T07:14:14 - [TEST_STEP][PASSED] - setValueToCellByIndex(sheet01, n, 0, dashboardName): null

13-01-2025T07:14:14 - [TEST_STEP][PASSED] - setValueToCellByIndex(sheet01, n, 1, dZO): null

13-01-2025T07:14:14 - [TEST_STEP][PASSED] - setValueToCellByIndex(sheet01, n, 2, typeOfData): null

13-01-2025T07:14:14 - [TEST_STEP][PASSED] - setValueToCellByIndex(sheet01, n, 3, typeOfData): null

13-01-2025T07:14:14 - [TEST_STEP][PASSED] - if (typeOfData == "План"): null

13-01-2025T07:14:14 - [TEST_STEP][PASSED] - else if (typeOfData == "Факт"): null

13-01-2025T07:14:14 - [TEST_STEP][PASSED] - else if (vidget.contains("электроэнергии") == true): null

13-01-2025T07:14:14 - [TEST_STEP][PASSED] - if (tabR == null): null

13-01-2025T07:14:14 - [TEST_STEP][PASSED] - else: null

13-01-2025T07:14:14 - [TEST_STEP][PASSED] - if (tabR == "нет данных"): null

13-01-2025T07:14:14 - [TEST_STEP][PASSED] - setValueToCellByIndex(sheet01, n, 4, "нет данных"): null

13-01-2025T07:14:14 - [TEST_STEP][PASSED] - if (tabB == null): null

13-01-2025T07:14:14 - [TEST_STEP][PASSED] - else: null

13-01-2025T07:14:14 - [TEST_STEP][PASSED] - if (tabB == "нет данных"): null

13-01-2025T07:14:14 - [TEST_STEP][PASSED] - else: null

13-01-2025T07:14:14 - [TEST_STEP][PASSED] - TB = tabB.toInteger(): null

13-01-2025T07:14:14 - [TEST_STEP][PASSED] - setValueToCellByIndex(sheet01, n, 5, TB): null

13-01-2025T07:14:14 - [TEST_STEP][PASSED] - setValueToCellByIndex(sheet01, n, 6, m): null

13-01-2025T07:14:14 - [TEST_STEP][PASSED] - setValueToCellByIndex(sheet01, n, 7, y): null

13-01-2025T07:14:14 - [TEST_STEP][PASSED] - setValueToCellByIndex(sheet01, n, 8, todaysDate): null

13-01-2025T07:14:14 - [TEST_STEP][PASSED] - n = n + 1: null

13-01-2025T07:14:14 - [TEST_STEP][PASSED] - saveWorkbook(excelFilePath, workbook01): null

13-01-2025T07:14:15 - [TEST_STEP][PASSED] - typeOfData = "Факт Потери": null

13-01-2025T07:14:15 - [TEST_STEP][PASSED] - tabR = GetPFactR(x = a): null

13-01-2025T07:14:15 - [TEST_STEP][PASSED] - i1 = <not implemented yet for class: org.codehaus.groovy.ast.expr.EmptyExpression>: null

13-01-2025T07:14:15 - [TEST_STEP][PASSED] - ii = <not implemented yet for class: org.codehaus.groovy.ast.expr.EmptyExpression>: null

13-01-2025T07:14:15 - [TEST_STEP][PASSED] - for ([ii = 1, ii < 6, (ii++)]): null

13-01-2025T07:14:15 - [TEST_STEP][PASSED] - i1 = x.indexOf("/") + 1: null

13-01-2025T07:14:15 - [TEST_STEP][PASSED] - if (i1 > -1): null

13-01-2025T07:14:15 - [TEST_STEP][PASSED] - x = x.substring(i1, x.length()): null

13-01-2025T07:14:15 - [TEST_STEP][PASSED] - println(x): null

13-01-2025T07:14:15 - [TEST_STEP][PASSED] - i1 = x.indexOf("/") + 1: null

13-01-2025T07:14:15 - [TEST_STEP][PASSED] - if (i1 > -1): null

13-01-2025T07:14:15 - [TEST_STEP][PASSED] - x = x.substring(i1, x.length()): null

13-01-2025T07:14:15 - [TEST_STEP][PASSED] - println(x): null

13-01-2025T07:14:15 - [TEST_STEP][PASSED] - i1 = x.indexOf("/") + 1: null

13-01-2025T07:14:15 - [TEST_STEP][PASSED] - if (i1 > -1): null

13-01-2025T07:14:15 - [TEST_STEP][PASSED] - x = x.substring(i1, x.length()): null

13-01-2025T07:14:15 - [TEST_STEP][PASSED] - println(x): null

13-01-2025T07:14:15 - [TEST_STEP][PASSED] - i1 = x.indexOf("/") + 1: null

13-01-2025T07:14:15 - [TEST_STEP][PASSED] - if (i1 > -1): null

13-01-2025T07:14:15 - [TEST_STEP][PASSED] - x = x.substring(i1, x.length()): null

13-01-2025T07:14:15 - [TEST_STEP][PASSED] - println(x): null

13-01-2025T07:14:15 - [TEST_STEP][PASSED] - i1 = x.indexOf("/") + 1: null

13-01-2025T07:14:15 - [TEST_STEP][PASSED] - if (i1 > -1): null

13-01-2025T07:14:15 - [TEST_STEP][PASSED] - x = x.substring(i1, x.length()): null

13-01-2025T07:14:15 - [TEST_STEP][PASSED] - println(x): null

13-01-2025T07:14:15 - [TEST_STEP][PASSED] - i1 = x.indexOf("/"): null

13-01-2025T07:14:15 - [TEST_STEP][PASSED] - if (i1 > -1): null

13-01-2025T07:14:15 - [TEST_STEP][PASSED] - x = x.substring(0, i1): null

13-01-2025T07:14:15 - [TEST_STEP][PASSED] - println(x): null

13-01-2025T07:14:15 - [TEST_STEP][PASSED] - return x: null

13-01-2025T07:14:15 - [TEST_STEP][PASSED] - tabB = GetPFactB(x = b): null

13-01-2025T07:14:15 - [TEST_STEP][PASSED] - i1 = <not implemented yet for class: org.codehaus.groovy.ast.expr.EmptyExpression>: null

13-01-2025T07:14:15 - [TEST_STEP][PASSED] - ii = <not implemented yet for class: org.codehaus.groovy.ast.expr.EmptyExpression>: null

13-01-2025T07:14:15 - [TEST_STEP][PASSED] - for ([ii = 1, ii < 6, (ii++)]): null

13-01-2025T07:14:15 - [TEST_STEP][PASSED] - i1 = x.indexOf("/") + 1: null

13-01-2025T07:14:15 - [TEST_STEP][PASSED] - if (i1 > -1): null

13-01-2025T07:14:15 - [TEST_STEP][PASSED] - x = x.substring(i1, x.length()): null

13-01-2025T07:14:15 - [TEST_STEP][PASSED] - println(x): null

13-01-2025T07:14:15 - [TEST_STEP][PASSED] - i1 = x.indexOf("/") + 1: null

13-01-2025T07:14:15 - [TEST_STEP][PASSED] - if (i1 > -1): null

13-01-2025T07:14:15 - [TEST_STEP][PASSED] - x = x.substring(i1, x.length()): null

13-01-2025T07:14:15 - [TEST_STEP][PASSED] - println(x): null

13-01-2025T07:14:15 - [TEST_STEP][PASSED] - i1 = x.indexOf("/") + 1: null

13-01-2025T07:14:15 - [TEST_STEP][PASSED] - if (i1 > -1): null

13-01-2025T07:14:15 - [TEST_STEP][PASSED] - x = x.substring(i1, x.length()): null

13-01-2025T07:14:15 - [TEST_STEP][PASSED] - println(x): null

13-01-2025T07:14:15 - [TEST_STEP][PASSED] - i1 = x.indexOf("/") + 1: null

13-01-2025T07:14:15 - [TEST_STEP][PASSED] - if (i1 > -1): null

13-01-2025T07:14:15 - [TEST_STEP][PASSED] - x = x.substring(i1, x.length()): null

13-01-2025T07:14:15 - [TEST_STEP][PASSED] - println(x): null

13-01-2025T07:14:15 - [TEST_STEP][PASSED] - i1 = x.indexOf("/") + 1: null

13-01-2025T07:14:15 - [TEST_STEP][PASSED] - if (i1 > -1): null

13-01-2025T07:14:15 - [TEST_STEP][PASSED] - x = x.substring(i1, x.length()): null

13-01-2025T07:14:15 - [TEST_STEP][PASSED] - println(x): null

13-01-2025T07:14:15 - [TEST_STEP][PASSED] - i1 = x.indexOf("/"): null

13-01-2025T07:14:15 - [TEST_STEP][PASSED] - if (i1 > -1): null

13-01-2025T07:14:15 - [TEST_STEP][PASSED] - x = x.substring(0, i1): null

13-01-2025T07:14:15 - [TEST_STEP][PASSED] - println(x): null

13-01-2025T07:14:15 - [TEST_STEP][FAILED] - return x: null

13-01-2025T07:14:15 - [TEST_STEP][PASSED] - println(tabR + "/" + tabB): null

13-01-2025T07:14:15 - [TEST_STEP][FAILED] - if (verifyEqual(tabR, tabB) == false): null

13-01-2025T07:14:15 - [MESSAGE][FAILED] - Unable to verify equal between actual object 'нет данных' and expected object '3940644' (Root cause: com.kms.katalon.core.exception.StepFailedException: Actual object 'нет данных' and expected object '3940644' are not equal
	at com.kms.katalon.core.keyword.builtin.VerifyEqualKeyword$_verifyEqual_closure1.doCall(VerifyEqualKeyword.groovy:58)
	at com.kms.katalon.core.keyword.builtin.VerifyEqualKeyword$_verifyEqual_closure1.call(VerifyEqualKeyword.groovy)
	at com.kms.katalon.core.keyword.internal.KeywordMain.runKeyword(KeywordMain.groovy:75)
	at com.kms.katalon.core.keyword.builtin.VerifyEqualKeyword.verifyEqual(VerifyEqualKeyword.groovy:63)
	at com.kms.katalon.core.keyword.builtin.VerifyEqualKeyword.execute(VerifyEqualKeyword.groovy:44)
	at com.kms.katalon.core.keyword.internal.KeywordExecutor.executeKeywordForPlatform(KeywordExecutor.groovy:74)
	at com.kms.katalon.core.keyword.BuiltinKeywords.verifyEqual(BuiltinKeywords.groovy:146)
	at jdk.internal.reflect.GeneratedMethodAccessor25.invoke(Unknown Source)
	at java.base/jdk.internal.reflect.DelegatingMethodAccessorImpl.invoke(DelegatingMethodAccessorImpl.java:43)
	at Выполнение бизнес-плана сверка дашбордов - Copy.CompareDZOData(Выполнение бизнес-плана сверка дашбордов - Copy:730)
	at Выполнение бизнес-плана сверка дашбордов - Copy.run(Выполнение бизнес-плана сверка дашбордов - Copy:643)
	at com.kms.katalon.core.main.ScriptEngine.run(ScriptEngine.java:194)
	at com.kms.katalon.core.main.ScriptEngine.runScriptAsRawText(ScriptEngine.java:119)
	at com.kms.katalon.core.main.TestCaseExecutor.runScript(TestCaseExecutor.java:448)
	at com.kms.katalon.core.main.TestCaseExecutor.doExecute(TestCaseExecutor.java:439)
	at com.kms.katalon.core.main.TestCaseExecutor.processExecutionPhase(TestCaseExecutor.java:418)
	at com.kms.katalon.core.main.TestCaseExecutor.accessMainPhase(TestCaseExecutor.java:410)
	at com.kms.katalon.core.main.TestCaseExecutor.execute(TestCaseExecutor.java:285)
	at com.kms.katalon.core.common.CommonExecutor.accessTestCaseMainPhase(CommonExecutor.java:65)
	at com.kms.katalon.core.main.TestSuiteExecutor.accessTestSuiteMainPhase(TestSuiteExecutor.java:150)
	at com.kms.katalon.core.main.TestSuiteExecutor.execute(TestSuiteExecutor.java:106)
	at com.kms.katalon.core.main.TestCaseMain.startTestSuite(TestCaseMain.java:180)
	at TempTestSuite1736740835951.run(TempTestSuite1736740835951.groovy:35)
	at java.base/jdk.internal.reflect.NativeMethodAccessorImpl.invoke0(Native Method)
	at java.base/jdk.internal.reflect.NativeMethodAccessorImpl.invoke(NativeMethodAccessorImpl.java:77)
	at java.base/jdk.internal.reflect.DelegatingMethodAccessorImpl.invoke(DelegatingMethodAccessorImpl.java:43)
)

13-01-2025T07:14:15 - [TEST_STEP][PASSED] - result = WriteToExcel(typeOfData, todaysDate, PercPlanR, PercPlanB, PercFactR, PercFactB, x, tabR, tabB, o1R, o1B, vidget): null

13-01-2025T07:14:15 - [TEST_STEP][PASSED] - iii = dZO.indexOf("/"): null

13-01-2025T07:14:15 - [TEST_STEP][PASSED] - println(iii): null

13-01-2025T07:14:15 - [TEST_STEP][PASSED] - dZO = dZO.substring(0, iii): null

13-01-2025T07:14:15 - [TEST_STEP][PASSED] - println(dZO): null

13-01-2025T07:14:15 - [TEST_STEP][PASSED] - println(PercPlanR): null

13-01-2025T07:14:15 - [TEST_STEP][PASSED] - println(PercPlanB): null

13-01-2025T07:14:15 - [TEST_STEP][PASSED] - println(PercFactR): null

13-01-2025T07:14:15 - [TEST_STEP][PASSED] - println(PercFactB): null

13-01-2025T07:14:15 - [TEST_STEP][PASSED] - println(tabR): null

13-01-2025T07:14:15 - [TEST_STEP][PASSED] - println(tabB): null

13-01-2025T07:14:15 - [TEST_STEP][PASSED] - println(o1R): null

13-01-2025T07:14:15 - [TEST_STEP][PASSED] - println(o1B): null

13-01-2025T07:14:15 - [TEST_STEP][PASSED] - PR = <not implemented yet for class: org.codehaus.groovy.ast.expr.EmptyExpression>: null

13-01-2025T07:14:15 - [TEST_STEP][PASSED] - FR = <not implemented yet for class: org.codehaus.groovy.ast.expr.EmptyExpression>: null

13-01-2025T07:14:15 - [TEST_STEP][PASSED] - PB = <not implemented yet for class: org.codehaus.groovy.ast.expr.EmptyExpression>: null

13-01-2025T07:14:15 - [TEST_STEP][PASSED] - FB = <not implemented yet for class: org.codehaus.groovy.ast.expr.EmptyExpression>: null

13-01-2025T07:14:15 - [TEST_STEP][PASSED] - TR = <not implemented yet for class: org.codehaus.groovy.ast.expr.EmptyExpression>: null

13-01-2025T07:14:15 - [TEST_STEP][PASSED] - TB = <not implemented yet for class: org.codehaus.groovy.ast.expr.EmptyExpression>: null

13-01-2025T07:14:15 - [TEST_STEP][PASSED] - sheetName = "Sheet1": null

13-01-2025T07:14:15 - [TEST_STEP][PASSED] - data = findTestData("PlanFact"): null

13-01-2025T07:14:15 - [TEST_STEP][PASSED] - n = data.getRowNumbers() + 1: null

13-01-2025T07:14:15 - [TEST_STEP][PASSED] - year = todaysDate.substring(todaysDate.length() - 4, todaysDate.length()): null

13-01-2025T07:14:15 - [TEST_STEP][PASSED] - y = year.toInteger(): null

13-01-2025T07:14:15 - [TEST_STEP][PASSED] - m = getText(findTestObject("Выполнение бизнес-плана/Выполнение бизнес-плана Балансы/Фильтр Дата")): Text of object 'Object Repository/Выполнение бизнес-плана/Выполнение бизнес-плана Балансы/Фильтр Дата' is: '1, 2, 3 кв., Октябрь, Ноябрь 2024 года'

13-01-2025T07:14:15 - [MESSAGE][PASSED] - Text of object 'Object Repository/Выполнение бизнес-плана/Выполнение бизнес-плана Балансы/Фильтр Дата' is: '1, 2, 3 кв., Октябрь, Ноябрь 2024 года'

13-01-2025T07:14:15 - [TEST_STEP][PASSED] - m = m.substring(0, m.indexOf("2024")): null

13-01-2025T07:14:15 - [TEST_STEP][PASSED] - m = m.trim(): null

13-01-2025T07:14:15 - [TEST_STEP][PASSED] - dashboardName = "Выполнение бизнес-плана": null

13-01-2025T07:14:15 - [TEST_STEP][PASSED] - workbook01 = getWorkbook(excelFilePath): null

13-01-2025T07:14:15 - [TEST_STEP][PASSED] - sheet01 = getExcelSheet(workbook01, sheetName): null

13-01-2025T07:14:15 - [TEST_STEP][PASSED] - setValueToCellByIndex(sheet01, n, 0, dashboardName): null

13-01-2025T07:14:15 - [TEST_STEP][PASSED] - setValueToCellByIndex(sheet01, n, 1, dZO): null

13-01-2025T07:14:15 - [TEST_STEP][PASSED] - setValueToCellByIndex(sheet01, n, 2, typeOfData): null

13-01-2025T07:14:15 - [TEST_STEP][PASSED] - setValueToCellByIndex(sheet01, n, 3, typeOfData): null

13-01-2025T07:14:15 - [TEST_STEP][PASSED] - if (typeOfData == "План"): null

13-01-2025T07:14:15 - [TEST_STEP][PASSED] - else if (typeOfData == "Факт"): null

13-01-2025T07:14:15 - [TEST_STEP][PASSED] - else if (vidget.contains("электроэнергии") == true): null

13-01-2025T07:14:15 - [TEST_STEP][PASSED] - if (tabR == null): null

13-01-2025T07:14:15 - [TEST_STEP][PASSED] - else: null

13-01-2025T07:14:15 - [TEST_STEP][PASSED] - if (tabR == "нет данных"): null

13-01-2025T07:14:15 - [TEST_STEP][PASSED] - setValueToCellByIndex(sheet01, n, 4, "нет данных"): null

13-01-2025T07:14:15 - [TEST_STEP][PASSED] - if (tabB == null): null

13-01-2025T07:14:15 - [TEST_STEP][PASSED] - else: null

13-01-2025T07:14:15 - [TEST_STEP][PASSED] - if (tabB == "нет данных"): null

13-01-2025T07:14:15 - [TEST_STEP][PASSED] - else: null

13-01-2025T07:14:15 - [TEST_STEP][PASSED] - TB = tabB.toInteger(): null

13-01-2025T07:14:15 - [TEST_STEP][PASSED] - setValueToCellByIndex(sheet01, n, 5, TB): null

13-01-2025T07:14:15 - [TEST_STEP][PASSED] - setValueToCellByIndex(sheet01, n, 6, m): null

13-01-2025T07:14:15 - [TEST_STEP][PASSED] - setValueToCellByIndex(sheet01, n, 7, y): null

13-01-2025T07:14:15 - [TEST_STEP][PASSED] - setValueToCellByIndex(sheet01, n, 8, todaysDate): null

13-01-2025T07:14:15 - [TEST_STEP][PASSED] - n = n + 1: null

13-01-2025T07:14:15 - [TEST_STEP][PASSED] - saveWorkbook(excelFilePath, workbook01): null

13-01-2025T07:14:15 - [TEST_STEP][PASSED] - vidget = "Показатели баланса электроэнергии по ДЗО – План": null

13-01-2025T07:14:15 - [TEST_STEP][PASSED] - typeOfData = "План Отпуск в сеть": null

13-01-2025T07:14:15 - [TEST_STEP][PASSED] - tabR = GetOvSPlanR(x = a): null

13-01-2025T07:14:15 - [TEST_STEP][PASSED] - i1 = <not implemented yet for class: org.codehaus.groovy.ast.expr.EmptyExpression>: null

13-01-2025T07:14:15 - [TEST_STEP][PASSED] - ii = <not implemented yet for class: org.codehaus.groovy.ast.expr.EmptyExpression>: null

13-01-2025T07:14:15 - [TEST_STEP][PASSED] - for ([ii = 1, ii < 7, (ii++)]): null

13-01-2025T07:14:15 - [TEST_STEP][PASSED] - i1 = x.indexOf("/") + 1: null

13-01-2025T07:14:15 - [TEST_STEP][PASSED] - if (i1 > -1): null

13-01-2025T07:14:15 - [TEST_STEP][PASSED] - x = x.substring(i1, x.length()): null

13-01-2025T07:14:15 - [TEST_STEP][PASSED] - println(x): null

13-01-2025T07:14:15 - [TEST_STEP][PASSED] - i1 = x.indexOf("/") + 1: null

13-01-2025T07:14:15 - [TEST_STEP][PASSED] - if (i1 > -1): null

13-01-2025T07:14:15 - [TEST_STEP][PASSED] - x = x.substring(i1, x.length()): null

13-01-2025T07:14:15 - [TEST_STEP][PASSED] - println(x): null

13-01-2025T07:14:15 - [TEST_STEP][PASSED] - i1 = x.indexOf("/") + 1: null

13-01-2025T07:14:15 - [TEST_STEP][PASSED] - if (i1 > -1): null

13-01-2025T07:14:15 - [TEST_STEP][PASSED] - x = x.substring(i1, x.length()): null

13-01-2025T07:14:15 - [TEST_STEP][PASSED] - println(x): null

13-01-2025T07:14:15 - [TEST_STEP][PASSED] - i1 = x.indexOf("/") + 1: null

13-01-2025T07:14:15 - [TEST_STEP][PASSED] - if (i1 > -1): null

13-01-2025T07:14:15 - [TEST_STEP][PASSED] - x = x.substring(i1, x.length()): null

13-01-2025T07:14:15 - [TEST_STEP][PASSED] - println(x): null

13-01-2025T07:14:15 - [TEST_STEP][PASSED] - i1 = x.indexOf("/") + 1: null

13-01-2025T07:14:15 - [TEST_STEP][PASSED] - if (i1 > -1): null

13-01-2025T07:14:15 - [TEST_STEP][PASSED] - x = x.substring(i1, x.length()): null

13-01-2025T07:14:15 - [TEST_STEP][PASSED] - println(x): null

13-01-2025T07:14:15 - [TEST_STEP][PASSED] - i1 = x.indexOf("/") + 1: null

13-01-2025T07:14:15 - [TEST_STEP][PASSED] - if (i1 > -1): null

13-01-2025T07:14:15 - [TEST_STEP][PASSED] - x = x.substring(i1, x.length()): null

13-01-2025T07:14:15 - [TEST_STEP][PASSED] - println(x): null

13-01-2025T07:14:15 - [TEST_STEP][PASSED] - i1 = x.indexOf("/"): null

13-01-2025T07:14:15 - [TEST_STEP][PASSED] - if (i1 > -1): null

13-01-2025T07:14:15 - [TEST_STEP][PASSED] - x = x.substring(0, i1): null

13-01-2025T07:14:15 - [TEST_STEP][PASSED] - println(x): null

13-01-2025T07:14:15 - [TEST_STEP][PASSED] - return x: null

13-01-2025T07:14:15 - [TEST_STEP][PASSED] - tabB = GetOvSPlanB(x = b): null

13-01-2025T07:14:15 - [TEST_STEP][PASSED] - i1 = <not implemented yet for class: org.codehaus.groovy.ast.expr.EmptyExpression>: null

13-01-2025T07:14:15 - [TEST_STEP][PASSED] - ii = <not implemented yet for class: org.codehaus.groovy.ast.expr.EmptyExpression>: null

13-01-2025T07:14:15 - [TEST_STEP][PASSED] - for ([ii = 1, ii < 7, (ii++)]): null

13-01-2025T07:14:15 - [TEST_STEP][PASSED] - i1 = x.indexOf("/") + 1: null

13-01-2025T07:14:15 - [TEST_STEP][PASSED] - if (i1 > -1): null

13-01-2025T07:14:15 - [TEST_STEP][PASSED] - x = x.substring(i1, x.length()): null

13-01-2025T07:14:15 - [TEST_STEP][PASSED] - println(x): null

13-01-2025T07:14:15 - [TEST_STEP][PASSED] - i1 = x.indexOf("/") + 1: null

13-01-2025T07:14:15 - [TEST_STEP][PASSED] - if (i1 > -1): null

13-01-2025T07:14:15 - [TEST_STEP][PASSED] - x = x.substring(i1, x.length()): null

13-01-2025T07:14:15 - [TEST_STEP][PASSED] - println(x): null

13-01-2025T07:14:15 - [TEST_STEP][PASSED] - i1 = x.indexOf("/") + 1: null

13-01-2025T07:14:15 - [TEST_STEP][PASSED] - if (i1 > -1): null

13-01-2025T07:14:15 - [TEST_STEP][PASSED] - x = x.substring(i1, x.length()): null

13-01-2025T07:14:15 - [TEST_STEP][PASSED] - println(x): null

13-01-2025T07:14:15 - [TEST_STEP][PASSED] - i1 = x.indexOf("/") + 1: null

13-01-2025T07:14:15 - [TEST_STEP][PASSED] - if (i1 > -1): null

13-01-2025T07:14:15 - [TEST_STEP][PASSED] - x = x.substring(i1, x.length()): null

13-01-2025T07:14:15 - [TEST_STEP][PASSED] - println(x): null

13-01-2025T07:14:15 - [TEST_STEP][PASSED] - i1 = x.indexOf("/") + 1: null

13-01-2025T07:14:15 - [TEST_STEP][PASSED] - if (i1 > -1): null

13-01-2025T07:14:15 - [TEST_STEP][PASSED] - x = x.substring(i1, x.length()): null

13-01-2025T07:14:15 - [TEST_STEP][PASSED] - println(x): null

13-01-2025T07:14:15 - [TEST_STEP][PASSED] - i1 = x.indexOf("/") + 1: null

13-01-2025T07:14:15 - [TEST_STEP][PASSED] - if (i1 > -1): null

13-01-2025T07:14:15 - [TEST_STEP][PASSED] - x = x.substring(i1, x.length()): null

13-01-2025T07:14:15 - [TEST_STEP][PASSED] - println(x): null

13-01-2025T07:14:15 - [TEST_STEP][PASSED] - i1 = x.indexOf("/"): null

13-01-2025T07:14:15 - [TEST_STEP][PASSED] - if (i1 > -1): null

13-01-2025T07:14:15 - [TEST_STEP][PASSED] - x = x.substring(0, i1): null

13-01-2025T07:14:15 - [TEST_STEP][PASSED] - println(x): null

13-01-2025T07:14:15 - [TEST_STEP][FAILED] - return x: null

13-01-2025T07:14:15 - [TEST_STEP][PASSED] - println(tabR + "/" + tabB): null

13-01-2025T07:14:15 - [TEST_STEP][FAILED] - if (verifyEqual(PercFactR, PercFactB) == false): null

13-01-2025T07:14:15 - [MESSAGE][FAILED] - Unable to verify equal between actual object 'нет данных' and expected object '5.90' (Root cause: com.kms.katalon.core.exception.StepFailedException: Actual object 'нет данных' and expected object '5.90' are not equal
	at com.kms.katalon.core.keyword.builtin.VerifyEqualKeyword$_verifyEqual_closure1.doCall(VerifyEqualKeyword.groovy:58)
	at com.kms.katalon.core.keyword.builtin.VerifyEqualKeyword$_verifyEqual_closure1.call(VerifyEqualKeyword.groovy)
	at com.kms.katalon.core.keyword.internal.KeywordMain.runKeyword(KeywordMain.groovy:75)
	at com.kms.katalon.core.keyword.builtin.VerifyEqualKeyword.verifyEqual(VerifyEqualKeyword.groovy:63)
	at com.kms.katalon.core.keyword.builtin.VerifyEqualKeyword.execute(VerifyEqualKeyword.groovy:44)
	at com.kms.katalon.core.keyword.internal.KeywordExecutor.executeKeywordForPlatform(KeywordExecutor.groovy:74)
	at com.kms.katalon.core.keyword.BuiltinKeywords.verifyEqual(BuiltinKeywords.groovy:146)
	at jdk.internal.reflect.GeneratedMethodAccessor25.invoke(Unknown Source)
	at java.base/jdk.internal.reflect.DelegatingMethodAccessorImpl.invoke(DelegatingMethodAccessorImpl.java:43)
	at Выполнение бизнес-плана сверка дашбордов - Copy.CompareDZOData(Выполнение бизнес-плана сверка дашбордов - Copy:745)
	at Выполнение бизнес-плана сверка дашбордов - Copy.run(Выполнение бизнес-плана сверка дашбордов - Copy:643)
	at com.kms.katalon.core.main.ScriptEngine.run(ScriptEngine.java:194)
	at com.kms.katalon.core.main.ScriptEngine.runScriptAsRawText(ScriptEngine.java:119)
	at com.kms.katalon.core.main.TestCaseExecutor.runScript(TestCaseExecutor.java:448)
	at com.kms.katalon.core.main.TestCaseExecutor.doExecute(TestCaseExecutor.java:439)
	at com.kms.katalon.core.main.TestCaseExecutor.processExecutionPhase(TestCaseExecutor.java:418)
	at com.kms.katalon.core.main.TestCaseExecutor.accessMainPhase(TestCaseExecutor.java:410)
	at com.kms.katalon.core.main.TestCaseExecutor.execute(TestCaseExecutor.java:285)
	at com.kms.katalon.core.common.CommonExecutor.accessTestCaseMainPhase(CommonExecutor.java:65)
	at com.kms.katalon.core.main.TestSuiteExecutor.accessTestSuiteMainPhase(TestSuiteExecutor.java:150)
	at com.kms.katalon.core.main.TestSuiteExecutor.execute(TestSuiteExecutor.java:106)
	at com.kms.katalon.core.main.TestCaseMain.startTestSuite(TestCaseMain.java:180)
	at TempTestSuite1736740835951.run(TempTestSuite1736740835951.groovy:35)
	at java.base/jdk.internal.reflect.NativeMethodAccessorImpl.invoke0(Native Method)
	at java.base/jdk.internal.reflect.NativeMethodAccessorImpl.invoke(NativeMethodAccessorImpl.java:77)
	at java.base/jdk.internal.reflect.DelegatingMethodAccessorImpl.invoke(DelegatingMethodAccessorImpl.java:43)
)

13-01-2025T07:14:15 - [TEST_STEP][PASSED] - result = WriteToExcel(typeOfData, todaysDate, PercPlanR, PercPlanB, PercFactR, PercFactB, x, tabR, tabB, o1R, o1B, vidget): null

13-01-2025T07:14:15 - [TEST_STEP][PASSED] - iii = dZO.indexOf("/"): null

13-01-2025T07:14:15 - [TEST_STEP][PASSED] - println(iii): null

13-01-2025T07:14:15 - [TEST_STEP][PASSED] - dZO = dZO.substring(0, iii): null

13-01-2025T07:14:15 - [TEST_STEP][PASSED] - println(dZO): null

13-01-2025T07:14:15 - [TEST_STEP][PASSED] - println(PercPlanR): null

13-01-2025T07:14:15 - [TEST_STEP][PASSED] - println(PercPlanB): null

13-01-2025T07:14:15 - [TEST_STEP][PASSED] - println(PercFactR): null

13-01-2025T07:14:15 - [TEST_STEP][PASSED] - println(PercFactB): null

13-01-2025T07:14:15 - [TEST_STEP][PASSED] - println(tabR): null

13-01-2025T07:14:15 - [TEST_STEP][PASSED] - println(tabB): null

13-01-2025T07:14:15 - [TEST_STEP][PASSED] - println(o1R): null

13-01-2025T07:14:15 - [TEST_STEP][PASSED] - println(o1B): null

13-01-2025T07:14:15 - [TEST_STEP][PASSED] - PR = <not implemented yet for class: org.codehaus.groovy.ast.expr.EmptyExpression>: null

13-01-2025T07:14:15 - [TEST_STEP][PASSED] - FR = <not implemented yet for class: org.codehaus.groovy.ast.expr.EmptyExpression>: null

13-01-2025T07:14:15 - [TEST_STEP][PASSED] - PB = <not implemented yet for class: org.codehaus.groovy.ast.expr.EmptyExpression>: null

13-01-2025T07:14:15 - [TEST_STEP][PASSED] - FB = <not implemented yet for class: org.codehaus.groovy.ast.expr.EmptyExpression>: null

13-01-2025T07:14:15 - [TEST_STEP][PASSED] - TR = <not implemented yet for class: org.codehaus.groovy.ast.expr.EmptyExpression>: null

13-01-2025T07:14:15 - [TEST_STEP][PASSED] - TB = <not implemented yet for class: org.codehaus.groovy.ast.expr.EmptyExpression>: null

13-01-2025T07:14:15 - [TEST_STEP][PASSED] - sheetName = "Sheet1": null

13-01-2025T07:14:15 - [TEST_STEP][PASSED] - data = findTestData("PlanFact"): null

13-01-2025T07:14:15 - [TEST_STEP][PASSED] - n = data.getRowNumbers() + 1: null

13-01-2025T07:14:15 - [TEST_STEP][PASSED] - year = todaysDate.substring(todaysDate.length() - 4, todaysDate.length()): null

13-01-2025T07:14:15 - [TEST_STEP][PASSED] - y = year.toInteger(): null

13-01-2025T07:14:15 - [TEST_STEP][PASSED] - m = getText(findTestObject("Выполнение бизнес-плана/Выполнение бизнес-плана Балансы/Фильтр Дата")): Text of object 'Object Repository/Выполнение бизнес-плана/Выполнение бизнес-плана Балансы/Фильтр Дата' is: '1, 2, 3 кв., Октябрь, Ноябрь 2024 года'

13-01-2025T07:14:16 - [MESSAGE][PASSED] - Text of object 'Object Repository/Выполнение бизнес-плана/Выполнение бизнес-плана Балансы/Фильтр Дата' is: '1, 2, 3 кв., Октябрь, Ноябрь 2024 года'

13-01-2025T07:14:16 - [TEST_STEP][PASSED] - m = m.substring(0, m.indexOf("2024")): null

13-01-2025T07:14:16 - [TEST_STEP][PASSED] - m = m.trim(): null

13-01-2025T07:14:16 - [TEST_STEP][PASSED] - dashboardName = "Выполнение бизнес-плана": null

13-01-2025T07:14:16 - [TEST_STEP][PASSED] - workbook01 = getWorkbook(excelFilePath): null

13-01-2025T07:14:16 - [TEST_STEP][PASSED] - sheet01 = getExcelSheet(workbook01, sheetName): null

13-01-2025T07:14:16 - [TEST_STEP][PASSED] - setValueToCellByIndex(sheet01, n, 0, dashboardName): null

13-01-2025T07:14:16 - [TEST_STEP][PASSED] - setValueToCellByIndex(sheet01, n, 1, dZO): null

13-01-2025T07:14:16 - [TEST_STEP][PASSED] - setValueToCellByIndex(sheet01, n, 2, typeOfData): null

13-01-2025T07:14:16 - [TEST_STEP][PASSED] - setValueToCellByIndex(sheet01, n, 3, typeOfData): null

13-01-2025T07:14:16 - [TEST_STEP][PASSED] - if (typeOfData == "План"): null

13-01-2025T07:14:16 - [TEST_STEP][PASSED] - else if (typeOfData == "Факт"): null

13-01-2025T07:14:16 - [TEST_STEP][PASSED] - else if (vidget.contains("электроэнергии") == true): null

13-01-2025T07:14:16 - [TEST_STEP][PASSED] - if (tabR == null): null

13-01-2025T07:14:16 - [TEST_STEP][PASSED] - else: null

13-01-2025T07:14:16 - [TEST_STEP][PASSED] - if (tabR == "нет данных"): null

13-01-2025T07:14:16 - [TEST_STEP][PASSED] - setValueToCellByIndex(sheet01, n, 4, "нет данных"): null

13-01-2025T07:14:16 - [TEST_STEP][PASSED] - if (tabB == null): null

13-01-2025T07:14:16 - [TEST_STEP][PASSED] - else: null

13-01-2025T07:14:16 - [TEST_STEP][PASSED] - if (tabB == "нет данных"): null

13-01-2025T07:14:16 - [TEST_STEP][PASSED] - setValueToCellByIndex(sheet01, n, 5, "нет данных"): null

13-01-2025T07:14:16 - [TEST_STEP][PASSED] - setValueToCellByIndex(sheet01, n, 6, m): null

13-01-2025T07:14:16 - [TEST_STEP][PASSED] - setValueToCellByIndex(sheet01, n, 7, y): null

13-01-2025T07:14:16 - [TEST_STEP][PASSED] - setValueToCellByIndex(sheet01, n, 8, todaysDate): null

13-01-2025T07:14:16 - [TEST_STEP][PASSED] - n = n + 1: null

13-01-2025T07:14:16 - [TEST_STEP][PASSED] - saveWorkbook(excelFilePath, workbook01): null

13-01-2025T07:14:16 - [TEST_STEP][PASSED] - typeOfData = "План Отпуск из сети": null

13-01-2025T07:14:16 - [TEST_STEP][PASSED] - tabR = GetOiSPlanR(x = a): null

13-01-2025T07:14:16 - [TEST_STEP][PASSED] - i1 = <not implemented yet for class: org.codehaus.groovy.ast.expr.EmptyExpression>: null

13-01-2025T07:14:16 - [TEST_STEP][PASSED] - ii = <not implemented yet for class: org.codehaus.groovy.ast.expr.EmptyExpression>: null

13-01-2025T07:14:16 - [TEST_STEP][PASSED] - for ([ii = 1, ii < 8, (ii++)]): null

13-01-2025T07:14:16 - [TEST_STEP][PASSED] - i1 = x.indexOf("/") + 1: null

13-01-2025T07:14:16 - [TEST_STEP][PASSED] - if (i1 > -1): null

13-01-2025T07:14:16 - [TEST_STEP][PASSED] - x = x.substring(i1, x.length()): null

13-01-2025T07:14:16 - [TEST_STEP][PASSED] - println(x): null

13-01-2025T07:14:16 - [TEST_STEP][PASSED] - i1 = x.indexOf("/") + 1: null

13-01-2025T07:14:16 - [TEST_STEP][PASSED] - if (i1 > -1): null

13-01-2025T07:14:16 - [TEST_STEP][PASSED] - x = x.substring(i1, x.length()): null

13-01-2025T07:14:16 - [TEST_STEP][PASSED] - println(x): null

13-01-2025T07:14:16 - [TEST_STEP][PASSED] - i1 = x.indexOf("/") + 1: null

13-01-2025T07:14:16 - [TEST_STEP][PASSED] - if (i1 > -1): null

13-01-2025T07:14:16 - [TEST_STEP][PASSED] - x = x.substring(i1, x.length()): null

13-01-2025T07:14:16 - [TEST_STEP][PASSED] - println(x): null

13-01-2025T07:14:16 - [TEST_STEP][PASSED] - i1 = x.indexOf("/") + 1: null

13-01-2025T07:14:16 - [TEST_STEP][PASSED] - if (i1 > -1): null

13-01-2025T07:14:16 - [TEST_STEP][PASSED] - x = x.substring(i1, x.length()): null

13-01-2025T07:14:16 - [TEST_STEP][PASSED] - println(x): null

13-01-2025T07:14:16 - [TEST_STEP][PASSED] - i1 = x.indexOf("/") + 1: null

13-01-2025T07:14:16 - [TEST_STEP][PASSED] - if (i1 > -1): null

13-01-2025T07:14:16 - [TEST_STEP][PASSED] - x = x.substring(i1, x.length()): null

13-01-2025T07:14:16 - [TEST_STEP][PASSED] - println(x): null

13-01-2025T07:14:16 - [TEST_STEP][PASSED] - i1 = x.indexOf("/") + 1: null

13-01-2025T07:14:16 - [TEST_STEP][PASSED] - if (i1 > -1): null

13-01-2025T07:14:16 - [TEST_STEP][PASSED] - x = x.substring(i1, x.length()): null

13-01-2025T07:14:16 - [TEST_STEP][PASSED] - println(x): null

13-01-2025T07:14:16 - [TEST_STEP][PASSED] - i1 = x.indexOf("/") + 1: null

13-01-2025T07:14:16 - [TEST_STEP][PASSED] - if (i1 > -1): null

13-01-2025T07:14:16 - [TEST_STEP][PASSED] - x = x.substring(i1, x.length()): null

13-01-2025T07:14:16 - [TEST_STEP][PASSED] - println(x): null

13-01-2025T07:14:16 - [TEST_STEP][PASSED] - i1 = x.indexOf("/"): null

13-01-2025T07:14:16 - [TEST_STEP][PASSED] - if (i1 > -1): null

13-01-2025T07:14:16 - [TEST_STEP][PASSED] - x = x.substring(0, i1): null

13-01-2025T07:14:16 - [TEST_STEP][PASSED] - println(x): null

13-01-2025T07:14:16 - [TEST_STEP][PASSED] - return x: null

13-01-2025T07:14:16 - [TEST_STEP][PASSED] - tabB = GetOiSPlanB(x = b): null

13-01-2025T07:14:16 - [TEST_STEP][PASSED] - i1 = <not implemented yet for class: org.codehaus.groovy.ast.expr.EmptyExpression>: null

13-01-2025T07:14:16 - [TEST_STEP][PASSED] - ii = <not implemented yet for class: org.codehaus.groovy.ast.expr.EmptyExpression>: null

13-01-2025T07:14:16 - [TEST_STEP][PASSED] - for ([ii = 1, ii < 8, (ii++)]): null

13-01-2025T07:14:16 - [TEST_STEP][PASSED] - i1 = x.indexOf("/") + 1: null

13-01-2025T07:14:16 - [TEST_STEP][PASSED] - if (i1 > -1): null

13-01-2025T07:14:16 - [TEST_STEP][PASSED] - x = x.substring(i1, x.length()): null

13-01-2025T07:14:16 - [TEST_STEP][PASSED] - println(x): null

13-01-2025T07:14:16 - [TEST_STEP][PASSED] - i1 = x.indexOf("/") + 1: null

13-01-2025T07:14:16 - [TEST_STEP][PASSED] - if (i1 > -1): null

13-01-2025T07:14:16 - [TEST_STEP][PASSED] - x = x.substring(i1, x.length()): null

13-01-2025T07:14:16 - [TEST_STEP][PASSED] - println(x): null

13-01-2025T07:14:16 - [TEST_STEP][PASSED] - i1 = x.indexOf("/") + 1: null

13-01-2025T07:14:16 - [TEST_STEP][PASSED] - if (i1 > -1): null

13-01-2025T07:14:16 - [TEST_STEP][PASSED] - x = x.substring(i1, x.length()): null

13-01-2025T07:14:16 - [TEST_STEP][PASSED] - println(x): null

13-01-2025T07:14:16 - [TEST_STEP][PASSED] - i1 = x.indexOf("/") + 1: null

13-01-2025T07:14:16 - [TEST_STEP][PASSED] - if (i1 > -1): null

13-01-2025T07:14:16 - [TEST_STEP][PASSED] - x = x.substring(i1, x.length()): null

13-01-2025T07:14:16 - [TEST_STEP][PASSED] - println(x): null

13-01-2025T07:14:16 - [TEST_STEP][PASSED] - i1 = x.indexOf("/") + 1: null

13-01-2025T07:14:16 - [TEST_STEP][PASSED] - if (i1 > -1): null

13-01-2025T07:14:16 - [TEST_STEP][PASSED] - x = x.substring(i1, x.length()): null

13-01-2025T07:14:16 - [TEST_STEP][PASSED] - println(x): null

13-01-2025T07:14:16 - [TEST_STEP][PASSED] - i1 = x.indexOf("/") + 1: null

13-01-2025T07:14:16 - [TEST_STEP][PASSED] - if (i1 > -1): null

13-01-2025T07:14:16 - [TEST_STEP][PASSED] - x = x.substring(i1, x.length()): null

13-01-2025T07:14:16 - [TEST_STEP][PASSED] - println(x): null

13-01-2025T07:14:16 - [TEST_STEP][PASSED] - i1 = x.indexOf("/") + 1: null

13-01-2025T07:14:16 - [TEST_STEP][PASSED] - if (i1 > -1): null

13-01-2025T07:14:16 - [TEST_STEP][PASSED] - x = x.substring(i1, x.length()): null

13-01-2025T07:14:16 - [TEST_STEP][PASSED] - println(x): null

13-01-2025T07:14:16 - [TEST_STEP][PASSED] - i1 = x.indexOf("/"): null

13-01-2025T07:14:16 - [TEST_STEP][PASSED] - if (i1 > -1): null

13-01-2025T07:14:16 - [TEST_STEP][PASSED] - x = x.substring(0, i1): null

13-01-2025T07:14:16 - [TEST_STEP][PASSED] - println(x): null

13-01-2025T07:14:16 - [TEST_STEP][FAILED] - return x: null

13-01-2025T07:14:16 - [TEST_STEP][PASSED] - println(tabR + "/" + tabB): null

13-01-2025T07:14:16 - [TEST_STEP][FAILED] - if (verifyEqual(PercFactR, PercFactB) == false): null

13-01-2025T07:14:16 - [MESSAGE][FAILED] - Unable to verify equal between actual object 'нет данных' and expected object '5.90' (Root cause: com.kms.katalon.core.exception.StepFailedException: Actual object 'нет данных' and expected object '5.90' are not equal
	at com.kms.katalon.core.keyword.builtin.VerifyEqualKeyword$_verifyEqual_closure1.doCall(VerifyEqualKeyword.groovy:58)
	at com.kms.katalon.core.keyword.builtin.VerifyEqualKeyword$_verifyEqual_closure1.call(VerifyEqualKeyword.groovy)
	at com.kms.katalon.core.keyword.internal.KeywordMain.runKeyword(KeywordMain.groovy:75)
	at com.kms.katalon.core.keyword.builtin.VerifyEqualKeyword.verifyEqual(VerifyEqualKeyword.groovy:63)
	at com.kms.katalon.core.keyword.builtin.VerifyEqualKeyword.execute(VerifyEqualKeyword.groovy:44)
	at com.kms.katalon.core.keyword.internal.KeywordExecutor.executeKeywordForPlatform(KeywordExecutor.groovy:74)
	at com.kms.katalon.core.keyword.BuiltinKeywords.verifyEqual(BuiltinKeywords.groovy:146)
	at jdk.internal.reflect.GeneratedMethodAccessor25.invoke(Unknown Source)
	at java.base/jdk.internal.reflect.DelegatingMethodAccessorImpl.invoke(DelegatingMethodAccessorImpl.java:43)
	at Выполнение бизнес-плана сверка дашбордов - Copy.CompareDZOData(Выполнение бизнес-плана сверка дашбордов - Copy:758)
	at Выполнение бизнес-плана сверка дашбордов - Copy.run(Выполнение бизнес-плана сверка дашбордов - Copy:643)
	at com.kms.katalon.core.main.ScriptEngine.run(ScriptEngine.java:194)
	at com.kms.katalon.core.main.ScriptEngine.runScriptAsRawText(ScriptEngine.java:119)
	at com.kms.katalon.core.main.TestCaseExecutor.runScript(TestCaseExecutor.java:448)
	at com.kms.katalon.core.main.TestCaseExecutor.doExecute(TestCaseExecutor.java:439)
	at com.kms.katalon.core.main.TestCaseExecutor.processExecutionPhase(TestCaseExecutor.java:418)
	at com.kms.katalon.core.main.TestCaseExecutor.accessMainPhase(TestCaseExecutor.java:410)
	at com.kms.katalon.core.main.TestCaseExecutor.execute(TestCaseExecutor.java:285)
	at com.kms.katalon.core.common.CommonExecutor.accessTestCaseMainPhase(CommonExecutor.java:65)
	at com.kms.katalon.core.main.TestSuiteExecutor.accessTestSuiteMainPhase(TestSuiteExecutor.java:150)
	at com.kms.katalon.core.main.TestSuiteExecutor.execute(TestSuiteExecutor.java:106)
	at com.kms.katalon.core.main.TestCaseMain.startTestSuite(TestCaseMain.java:180)
	at TempTestSuite1736740835951.run(TempTestSuite1736740835951.groovy:35)
	at java.base/jdk.internal.reflect.NativeMethodAccessorImpl.invoke0(Native Method)
	at java.base/jdk.internal.reflect.NativeMethodAccessorImpl.invoke(NativeMethodAccessorImpl.java:77)
	at java.base/jdk.internal.reflect.DelegatingMethodAccessorImpl.invoke(DelegatingMethodAccessorImpl.java:43)
)

13-01-2025T07:14:16 - [TEST_STEP][PASSED] - result = WriteToExcel(typeOfData, todaysDate, PercPlanR, PercPlanB, PercFactR, PercFactB, x, tabR, tabB, o1R, o1B, vidget): null

13-01-2025T07:14:16 - [TEST_STEP][PASSED] - iii = dZO.indexOf("/"): null

13-01-2025T07:14:16 - [TEST_STEP][PASSED] - println(iii): null

13-01-2025T07:14:16 - [TEST_STEP][PASSED] - dZO = dZO.substring(0, iii): null

13-01-2025T07:14:16 - [TEST_STEP][PASSED] - println(dZO): null

13-01-2025T07:14:16 - [TEST_STEP][PASSED] - println(PercPlanR): null

13-01-2025T07:14:16 - [TEST_STEP][PASSED] - println(PercPlanB): null

13-01-2025T07:14:16 - [TEST_STEP][PASSED] - println(PercFactR): null

13-01-2025T07:14:16 - [TEST_STEP][PASSED] - println(PercFactB): null

13-01-2025T07:14:16 - [TEST_STEP][PASSED] - println(tabR): null

13-01-2025T07:14:16 - [TEST_STEP][PASSED] - println(tabB): null

13-01-2025T07:14:16 - [TEST_STEP][PASSED] - println(o1R): null

13-01-2025T07:14:16 - [TEST_STEP][PASSED] - println(o1B): null

13-01-2025T07:14:16 - [TEST_STEP][PASSED] - PR = <not implemented yet for class: org.codehaus.groovy.ast.expr.EmptyExpression>: null

13-01-2025T07:14:16 - [TEST_STEP][PASSED] - FR = <not implemented yet for class: org.codehaus.groovy.ast.expr.EmptyExpression>: null

13-01-2025T07:14:16 - [TEST_STEP][PASSED] - PB = <not implemented yet for class: org.codehaus.groovy.ast.expr.EmptyExpression>: null

13-01-2025T07:14:16 - [TEST_STEP][PASSED] - FB = <not implemented yet for class: org.codehaus.groovy.ast.expr.EmptyExpression>: null

13-01-2025T07:14:16 - [TEST_STEP][PASSED] - TR = <not implemented yet for class: org.codehaus.groovy.ast.expr.EmptyExpression>: null

13-01-2025T07:14:16 - [TEST_STEP][PASSED] - TB = <not implemented yet for class: org.codehaus.groovy.ast.expr.EmptyExpression>: null

13-01-2025T07:14:16 - [TEST_STEP][PASSED] - sheetName = "Sheet1": null

13-01-2025T07:14:16 - [TEST_STEP][PASSED] - data = findTestData("PlanFact"): null

13-01-2025T07:14:16 - [TEST_STEP][PASSED] - n = data.getRowNumbers() + 1: null

13-01-2025T07:14:16 - [TEST_STEP][PASSED] - year = todaysDate.substring(todaysDate.length() - 4, todaysDate.length()): null

13-01-2025T07:14:16 - [TEST_STEP][PASSED] - y = year.toInteger(): null

13-01-2025T07:14:16 - [TEST_STEP][PASSED] - m = getText(findTestObject("Выполнение бизнес-плана/Выполнение бизнес-плана Балансы/Фильтр Дата")): Text of object 'Object Repository/Выполнение бизнес-плана/Выполнение бизнес-плана Балансы/Фильтр Дата' is: '1, 2, 3 кв., Октябрь, Ноябрь 2024 года'

13-01-2025T07:14:16 - [MESSAGE][PASSED] - Text of object 'Object Repository/Выполнение бизнес-плана/Выполнение бизнес-плана Балансы/Фильтр Дата' is: '1, 2, 3 кв., Октябрь, Ноябрь 2024 года'

13-01-2025T07:14:16 - [TEST_STEP][PASSED] - m = m.substring(0, m.indexOf("2024")): null

13-01-2025T07:14:16 - [TEST_STEP][PASSED] - m = m.trim(): null

13-01-2025T07:14:16 - [TEST_STEP][PASSED] - dashboardName = "Выполнение бизнес-плана": null

13-01-2025T07:14:16 - [TEST_STEP][PASSED] - workbook01 = getWorkbook(excelFilePath): null

13-01-2025T07:14:16 - [TEST_STEP][PASSED] - sheet01 = getExcelSheet(workbook01, sheetName): null

13-01-2025T07:14:16 - [TEST_STEP][PASSED] - setValueToCellByIndex(sheet01, n, 0, dashboardName): null

13-01-2025T07:14:16 - [TEST_STEP][PASSED] - setValueToCellByIndex(sheet01, n, 1, dZO): null

13-01-2025T07:14:16 - [TEST_STEP][PASSED] - setValueToCellByIndex(sheet01, n, 2, typeOfData): null

13-01-2025T07:14:16 - [TEST_STEP][PASSED] - setValueToCellByIndex(sheet01, n, 3, typeOfData): null

13-01-2025T07:14:16 - [TEST_STEP][PASSED] - if (typeOfData == "План"): null

13-01-2025T07:14:16 - [TEST_STEP][PASSED] - else if (typeOfData == "Факт"): null

13-01-2025T07:14:16 - [TEST_STEP][PASSED] - else if (vidget.contains("электроэнергии") == true): null

13-01-2025T07:14:16 - [TEST_STEP][PASSED] - if (tabR == null): null

13-01-2025T07:14:16 - [TEST_STEP][PASSED] - else: null

13-01-2025T07:14:16 - [TEST_STEP][PASSED] - if (tabR == "нет данных"): null

13-01-2025T07:14:16 - [TEST_STEP][PASSED] - setValueToCellByIndex(sheet01, n, 4, "нет данных"): null

13-01-2025T07:14:16 - [TEST_STEP][PASSED] - if (tabB == null): null

13-01-2025T07:14:16 - [TEST_STEP][PASSED] - else: null

13-01-2025T07:14:16 - [TEST_STEP][PASSED] - if (tabB == "нет данных"): null

13-01-2025T07:14:16 - [TEST_STEP][PASSED] - setValueToCellByIndex(sheet01, n, 5, "нет данных"): null

13-01-2025T07:14:16 - [TEST_STEP][PASSED] - setValueToCellByIndex(sheet01, n, 6, m): null

13-01-2025T07:14:16 - [TEST_STEP][PASSED] - setValueToCellByIndex(sheet01, n, 7, y): null

13-01-2025T07:14:16 - [TEST_STEP][PASSED] - setValueToCellByIndex(sheet01, n, 8, todaysDate): null

13-01-2025T07:14:16 - [TEST_STEP][PASSED] - n = n + 1: null

13-01-2025T07:14:16 - [TEST_STEP][PASSED] - saveWorkbook(excelFilePath, workbook01): null

13-01-2025T07:14:17 - [TEST_STEP][PASSED] - typeOfData = "План Потери": null

13-01-2025T07:14:17 - [TEST_STEP][PASSED] - tabR = GetPPlanR(x = a): null

13-01-2025T07:14:17 - [TEST_STEP][PASSED] - i1 = <not implemented yet for class: org.codehaus.groovy.ast.expr.EmptyExpression>: null

13-01-2025T07:14:17 - [TEST_STEP][PASSED] - ii = <not implemented yet for class: org.codehaus.groovy.ast.expr.EmptyExpression>: null

13-01-2025T07:14:17 - [TEST_STEP][PASSED] - for ([ii = 1, ii < 9, (ii++)]): null

13-01-2025T07:14:17 - [TEST_STEP][PASSED] - i1 = x.indexOf("/") + 1: null

13-01-2025T07:14:17 - [TEST_STEP][PASSED] - if (i1 > -1): null

13-01-2025T07:14:17 - [TEST_STEP][PASSED] - x = x.substring(i1, x.length()): null

13-01-2025T07:14:17 - [TEST_STEP][PASSED] - println(x): null

13-01-2025T07:14:17 - [TEST_STEP][PASSED] - i1 = x.indexOf("/") + 1: null

13-01-2025T07:14:17 - [TEST_STEP][PASSED] - if (i1 > -1): null

13-01-2025T07:14:17 - [TEST_STEP][PASSED] - x = x.substring(i1, x.length()): null

13-01-2025T07:14:17 - [TEST_STEP][PASSED] - println(x): null

13-01-2025T07:14:17 - [TEST_STEP][PASSED] - i1 = x.indexOf("/") + 1: null

13-01-2025T07:14:17 - [TEST_STEP][PASSED] - if (i1 > -1): null

13-01-2025T07:14:17 - [TEST_STEP][PASSED] - x = x.substring(i1, x.length()): null

13-01-2025T07:14:17 - [TEST_STEP][PASSED] - println(x): null

13-01-2025T07:14:17 - [TEST_STEP][PASSED] - i1 = x.indexOf("/") + 1: null

13-01-2025T07:14:17 - [TEST_STEP][PASSED] - if (i1 > -1): null

13-01-2025T07:14:17 - [TEST_STEP][PASSED] - x = x.substring(i1, x.length()): null

13-01-2025T07:14:17 - [TEST_STEP][PASSED] - println(x): null

13-01-2025T07:14:17 - [TEST_STEP][PASSED] - i1 = x.indexOf("/") + 1: null

13-01-2025T07:14:17 - [TEST_STEP][PASSED] - if (i1 > -1): null

13-01-2025T07:14:17 - [TEST_STEP][PASSED] - x = x.substring(i1, x.length()): null

13-01-2025T07:14:17 - [TEST_STEP][PASSED] - println(x): null

13-01-2025T07:14:17 - [TEST_STEP][PASSED] - i1 = x.indexOf("/") + 1: null

13-01-2025T07:14:17 - [TEST_STEP][PASSED] - if (i1 > -1): null

13-01-2025T07:14:17 - [TEST_STEP][PASSED] - x = x.substring(i1, x.length()): null

13-01-2025T07:14:17 - [TEST_STEP][PASSED] - println(x): null

13-01-2025T07:14:17 - [TEST_STEP][PASSED] - i1 = x.indexOf("/") + 1: null

13-01-2025T07:14:17 - [TEST_STEP][PASSED] - if (i1 > -1): null

13-01-2025T07:14:17 - [TEST_STEP][PASSED] - x = x.substring(i1, x.length()): null

13-01-2025T07:14:17 - [TEST_STEP][PASSED] - println(x): null

13-01-2025T07:14:17 - [TEST_STEP][PASSED] - i1 = x.indexOf("/") + 1: null

13-01-2025T07:14:17 - [TEST_STEP][PASSED] - if (i1 > -1): null

13-01-2025T07:14:17 - [TEST_STEP][PASSED] - x = x.substring(i1, x.length()): null

13-01-2025T07:14:17 - [TEST_STEP][PASSED] - println(x): null

13-01-2025T07:14:17 - [TEST_STEP][PASSED] - i1 = x.indexOf("/"): null

13-01-2025T07:14:17 - [TEST_STEP][PASSED] - if (i1 > -1): null

13-01-2025T07:14:17 - [TEST_STEP][PASSED] - x = x.substring(0, i1): null

13-01-2025T07:14:17 - [TEST_STEP][PASSED] - println(x): null

13-01-2025T07:14:17 - [TEST_STEP][PASSED] - return x: null

13-01-2025T07:14:17 - [TEST_STEP][PASSED] - tabB = GetPPlanB(x = b): null

13-01-2025T07:14:17 - [TEST_STEP][PASSED] - i1 = <not implemented yet for class: org.codehaus.groovy.ast.expr.EmptyExpression>: null

13-01-2025T07:14:17 - [TEST_STEP][PASSED] - ii = <not implemented yet for class: org.codehaus.groovy.ast.expr.EmptyExpression>: null

13-01-2025T07:14:17 - [TEST_STEP][PASSED] - for ([ii = 1, ii < 9, (ii++)]): null

13-01-2025T07:14:17 - [TEST_STEP][PASSED] - i1 = x.indexOf("/") + 1: null

13-01-2025T07:14:17 - [TEST_STEP][PASSED] - if (i1 > -1): null

13-01-2025T07:14:17 - [TEST_STEP][PASSED] - x = x.substring(i1, x.length()): null

13-01-2025T07:14:17 - [TEST_STEP][PASSED] - println(x): null

13-01-2025T07:14:17 - [TEST_STEP][PASSED] - i1 = x.indexOf("/") + 1: null

13-01-2025T07:14:17 - [TEST_STEP][PASSED] - if (i1 > -1): null

13-01-2025T07:14:17 - [TEST_STEP][PASSED] - x = x.substring(i1, x.length()): null

13-01-2025T07:14:17 - [TEST_STEP][PASSED] - println(x): null

13-01-2025T07:14:17 - [TEST_STEP][PASSED] - i1 = x.indexOf("/") + 1: null

13-01-2025T07:14:17 - [TEST_STEP][PASSED] - if (i1 > -1): null

13-01-2025T07:14:17 - [TEST_STEP][PASSED] - x = x.substring(i1, x.length()): null

13-01-2025T07:14:17 - [TEST_STEP][PASSED] - println(x): null

13-01-2025T07:14:17 - [TEST_STEP][PASSED] - i1 = x.indexOf("/") + 1: null

13-01-2025T07:14:17 - [TEST_STEP][PASSED] - if (i1 > -1): null

13-01-2025T07:14:17 - [TEST_STEP][PASSED] - x = x.substring(i1, x.length()): null

13-01-2025T07:14:17 - [TEST_STEP][PASSED] - println(x): null

13-01-2025T07:14:17 - [TEST_STEP][PASSED] - i1 = x.indexOf("/") + 1: null

13-01-2025T07:14:17 - [TEST_STEP][PASSED] - if (i1 > -1): null

13-01-2025T07:14:17 - [TEST_STEP][PASSED] - x = x.substring(i1, x.length()): null

13-01-2025T07:14:17 - [TEST_STEP][PASSED] - println(x): null

13-01-2025T07:14:17 - [TEST_STEP][PASSED] - i1 = x.indexOf("/") + 1: null

13-01-2025T07:14:17 - [TEST_STEP][PASSED] - if (i1 > -1): null

13-01-2025T07:14:17 - [TEST_STEP][PASSED] - x = x.substring(i1, x.length()): null

13-01-2025T07:14:17 - [TEST_STEP][PASSED] - println(x): null

13-01-2025T07:14:17 - [TEST_STEP][PASSED] - i1 = x.indexOf("/") + 1: null

13-01-2025T07:14:17 - [TEST_STEP][PASSED] - if (i1 > -1): null

13-01-2025T07:14:17 - [TEST_STEP][PASSED] - x = x.substring(i1, x.length()): null

13-01-2025T07:14:17 - [TEST_STEP][PASSED] - println(x): null

13-01-2025T07:14:17 - [TEST_STEP][PASSED] - i1 = x.indexOf("/") + 1: null

13-01-2025T07:14:17 - [TEST_STEP][PASSED] - if (i1 > -1): null

13-01-2025T07:14:17 - [TEST_STEP][PASSED] - x = x.substring(i1, x.length()): null

13-01-2025T07:14:17 - [TEST_STEP][PASSED] - println(x): null

13-01-2025T07:14:17 - [TEST_STEP][PASSED] - i1 = x.indexOf("/"): null

13-01-2025T07:14:17 - [TEST_STEP][PASSED] - if (i1 > -1): null

13-01-2025T07:14:17 - [TEST_STEP][PASSED] - x = x.substring(0, i1): null

13-01-2025T07:14:17 - [TEST_STEP][PASSED] - println(x): null

13-01-2025T07:14:17 - [TEST_STEP][FAILED] - return x: null

13-01-2025T07:14:17 - [TEST_STEP][PASSED] - println(tabR + "/" + tabB): null

13-01-2025T07:14:17 - [TEST_STEP][FAILED] - if (verifyEqual(PercFactR, PercFactB) == false): null

13-01-2025T07:14:17 - [MESSAGE][FAILED] - Unable to verify equal between actual object 'нет данных' and expected object '5.90' (Root cause: com.kms.katalon.core.exception.StepFailedException: Actual object 'нет данных' and expected object '5.90' are not equal
	at com.kms.katalon.core.keyword.builtin.VerifyEqualKeyword$_verifyEqual_closure1.doCall(VerifyEqualKeyword.groovy:58)
	at com.kms.katalon.core.keyword.builtin.VerifyEqualKeyword$_verifyEqual_closure1.call(VerifyEqualKeyword.groovy)
	at com.kms.katalon.core.keyword.internal.KeywordMain.runKeyword(KeywordMain.groovy:75)
	at com.kms.katalon.core.keyword.builtin.VerifyEqualKeyword.verifyEqual(VerifyEqualKeyword.groovy:63)
	at com.kms.katalon.core.keyword.builtin.VerifyEqualKeyword.execute(VerifyEqualKeyword.groovy:44)
	at com.kms.katalon.core.keyword.internal.KeywordExecutor.executeKeywordForPlatform(KeywordExecutor.groovy:74)
	at com.kms.katalon.core.keyword.BuiltinKeywords.verifyEqual(BuiltinKeywords.groovy:146)
	at jdk.internal.reflect.GeneratedMethodAccessor25.invoke(Unknown Source)
	at java.base/jdk.internal.reflect.DelegatingMethodAccessorImpl.invoke(DelegatingMethodAccessorImpl.java:43)
	at Выполнение бизнес-плана сверка дашбордов - Copy.CompareDZOData(Выполнение бизнес-плана сверка дашбордов - Copy:771)
	at Выполнение бизнес-плана сверка дашбордов - Copy.run(Выполнение бизнес-плана сверка дашбордов - Copy:643)
	at com.kms.katalon.core.main.ScriptEngine.run(ScriptEngine.java:194)
	at com.kms.katalon.core.main.ScriptEngine.runScriptAsRawText(ScriptEngine.java:119)
	at com.kms.katalon.core.main.TestCaseExecutor.runScript(TestCaseExecutor.java:448)
	at com.kms.katalon.core.main.TestCaseExecutor.doExecute(TestCaseExecutor.java:439)
	at com.kms.katalon.core.main.TestCaseExecutor.processExecutionPhase(TestCaseExecutor.java:418)
	at com.kms.katalon.core.main.TestCaseExecutor.accessMainPhase(TestCaseExecutor.java:410)
	at com.kms.katalon.core.main.TestCaseExecutor.execute(TestCaseExecutor.java:285)
	at com.kms.katalon.core.common.CommonExecutor.accessTestCaseMainPhase(CommonExecutor.java:65)
	at com.kms.katalon.core.main.TestSuiteExecutor.accessTestSuiteMainPhase(TestSuiteExecutor.java:150)
	at com.kms.katalon.core.main.TestSuiteExecutor.execute(TestSuiteExecutor.java:106)
	at com.kms.katalon.core.main.TestCaseMain.startTestSuite(TestCaseMain.java:180)
	at TempTestSuite1736740835951.run(TempTestSuite1736740835951.groovy:35)
	at java.base/jdk.internal.reflect.NativeMethodAccessorImpl.invoke0(Native Method)
	at java.base/jdk.internal.reflect.NativeMethodAccessorImpl.invoke(NativeMethodAccessorImpl.java:77)
	at java.base/jdk.internal.reflect.DelegatingMethodAccessorImpl.invoke(DelegatingMethodAccessorImpl.java:43)
)

13-01-2025T07:14:17 - [TEST_STEP][PASSED] - result = WriteToExcel(typeOfData, todaysDate, PercPlanR, PercPlanB, PercFactR, PercFactB, x, tabR, tabB, o1R, o1B, vidget): null

13-01-2025T07:14:17 - [TEST_STEP][PASSED] - iii = dZO.indexOf("/"): null

13-01-2025T07:14:17 - [TEST_STEP][PASSED] - println(iii): null

13-01-2025T07:14:17 - [TEST_STEP][PASSED] - dZO = dZO.substring(0, iii): null

13-01-2025T07:14:17 - [TEST_STEP][PASSED] - println(dZO): null

13-01-2025T07:14:17 - [TEST_STEP][PASSED] - println(PercPlanR): null

13-01-2025T07:14:17 - [TEST_STEP][PASSED] - println(PercPlanB): null

13-01-2025T07:14:17 - [TEST_STEP][PASSED] - println(PercFactR): null

13-01-2025T07:14:17 - [TEST_STEP][PASSED] - println(PercFactB): null

13-01-2025T07:14:17 - [TEST_STEP][PASSED] - println(tabR): null

13-01-2025T07:14:17 - [TEST_STEP][PASSED] - println(tabB): null

13-01-2025T07:14:17 - [TEST_STEP][PASSED] - println(o1R): null

13-01-2025T07:14:17 - [TEST_STEP][PASSED] - println(o1B): null

13-01-2025T07:14:17 - [TEST_STEP][PASSED] - PR = <not implemented yet for class: org.codehaus.groovy.ast.expr.EmptyExpression>: null

13-01-2025T07:14:17 - [TEST_STEP][PASSED] - FR = <not implemented yet for class: org.codehaus.groovy.ast.expr.EmptyExpression>: null

13-01-2025T07:14:17 - [TEST_STEP][PASSED] - PB = <not implemented yet for class: org.codehaus.groovy.ast.expr.EmptyExpression>: null

13-01-2025T07:14:17 - [TEST_STEP][PASSED] - FB = <not implemented yet for class: org.codehaus.groovy.ast.expr.EmptyExpression>: null

13-01-2025T07:14:17 - [TEST_STEP][PASSED] - TR = <not implemented yet for class: org.codehaus.groovy.ast.expr.EmptyExpression>: null

13-01-2025T07:14:17 - [TEST_STEP][PASSED] - TB = <not implemented yet for class: org.codehaus.groovy.ast.expr.EmptyExpression>: null

13-01-2025T07:14:17 - [TEST_STEP][PASSED] - sheetName = "Sheet1": null

13-01-2025T07:14:17 - [TEST_STEP][PASSED] - data = findTestData("PlanFact"): null

13-01-2025T07:14:17 - [TEST_STEP][PASSED] - n = data.getRowNumbers() + 1: null

13-01-2025T07:14:17 - [TEST_STEP][PASSED] - year = todaysDate.substring(todaysDate.length() - 4, todaysDate.length()): null

13-01-2025T07:14:17 - [TEST_STEP][PASSED] - y = year.toInteger(): null

13-01-2025T07:14:17 - [TEST_STEP][PASSED] - m = getText(findTestObject("Выполнение бизнес-плана/Выполнение бизнес-плана Балансы/Фильтр Дата")): Text of object 'Object Repository/Выполнение бизнес-плана/Выполнение бизнес-плана Балансы/Фильтр Дата' is: '1, 2, 3 кв., Октябрь, Ноябрь 2024 года'

13-01-2025T07:14:17 - [MESSAGE][PASSED] - Text of object 'Object Repository/Выполнение бизнес-плана/Выполнение бизнес-плана Балансы/Фильтр Дата' is: '1, 2, 3 кв., Октябрь, Ноябрь 2024 года'

13-01-2025T07:14:17 - [TEST_STEP][PASSED] - m = m.substring(0, m.indexOf("2024")): null

13-01-2025T07:14:17 - [TEST_STEP][PASSED] - m = m.trim(): null

13-01-2025T07:14:17 - [TEST_STEP][PASSED] - dashboardName = "Выполнение бизнес-плана": null

13-01-2025T07:14:17 - [TEST_STEP][PASSED] - workbook01 = getWorkbook(excelFilePath): null

13-01-2025T07:14:17 - [TEST_STEP][PASSED] - sheet01 = getExcelSheet(workbook01, sheetName): null

13-01-2025T07:14:17 - [TEST_STEP][PASSED] - setValueToCellByIndex(sheet01, n, 0, dashboardName): null

13-01-2025T07:14:17 - [TEST_STEP][PASSED] - setValueToCellByIndex(sheet01, n, 1, dZO): null

13-01-2025T07:14:17 - [TEST_STEP][PASSED] - setValueToCellByIndex(sheet01, n, 2, typeOfData): null

13-01-2025T07:14:17 - [TEST_STEP][PASSED] - setValueToCellByIndex(sheet01, n, 3, typeOfData): null

13-01-2025T07:14:17 - [TEST_STEP][PASSED] - if (typeOfData == "План"): null

13-01-2025T07:14:17 - [TEST_STEP][PASSED] - else if (typeOfData == "Факт"): null

13-01-2025T07:14:17 - [TEST_STEP][PASSED] - else if (vidget.contains("электроэнергии") == true): null

13-01-2025T07:14:17 - [TEST_STEP][PASSED] - if (tabR == null): null

13-01-2025T07:14:17 - [TEST_STEP][PASSED] - else: null

13-01-2025T07:14:17 - [TEST_STEP][PASSED] - if (tabR == "нет данных"): null

13-01-2025T07:14:17 - [TEST_STEP][PASSED] - setValueToCellByIndex(sheet01, n, 4, "нет данных"): null

13-01-2025T07:14:17 - [TEST_STEP][PASSED] - if (tabB == null): null

13-01-2025T07:14:17 - [TEST_STEP][PASSED] - else: null

13-01-2025T07:14:17 - [TEST_STEP][PASSED] - if (tabB == "нет данных"): null

13-01-2025T07:14:17 - [TEST_STEP][PASSED] - setValueToCellByIndex(sheet01, n, 5, "нет данных"): null

13-01-2025T07:14:17 - [TEST_STEP][PASSED] - setValueToCellByIndex(sheet01, n, 6, m): null

13-01-2025T07:14:17 - [TEST_STEP][PASSED] - setValueToCellByIndex(sheet01, n, 7, y): null

13-01-2025T07:14:17 - [TEST_STEP][PASSED] - setValueToCellByIndex(sheet01, n, 8, todaysDate): null

13-01-2025T07:14:17 - [TEST_STEP][PASSED] - n = n + 1: null

13-01-2025T07:14:17 - [TEST_STEP][PASSED] - saveWorkbook(excelFilePath, workbook01): null

13-01-2025T07:14:17 - [TEST_STEP][PASSED] - ii2 = a.indexOf("ПАО"): null

13-01-2025T07:14:17 - [TEST_STEP][PASSED] - if (ii2 == -1): null

13-01-2025T07:14:17 - [TEST_STEP][PASSED] - vidget = "Отклонения фактического уровня потерь от бизнес-плана": null

13-01-2025T07:14:17 - [TEST_STEP][PASSED] - typeOfData = "Коэффициент": null

13-01-2025T07:14:17 - [TEST_STEP][PASSED] - o1R = Geto1R(x = a): null

13-01-2025T07:14:17 - [TEST_STEP][PASSED] - i1 = <not implemented yet for class: org.codehaus.groovy.ast.expr.EmptyExpression>: null

13-01-2025T07:14:17 - [TEST_STEP][PASSED] - ii = <not implemented yet for class: org.codehaus.groovy.ast.expr.EmptyExpression>: null

13-01-2025T07:14:17 - [TEST_STEP][PASSED] - for ([ii = 1, ii < 10, (ii++)]): null

13-01-2025T07:14:17 - [TEST_STEP][PASSED] - i1 = x.indexOf("/") + 1: null

13-01-2025T07:14:17 - [TEST_STEP][PASSED] - if (i1 > -1): null

13-01-2025T07:14:17 - [TEST_STEP][PASSED] - x = x.substring(i1, x.length()): null

13-01-2025T07:14:17 - [TEST_STEP][PASSED] - i1 = x.indexOf("/") + 1: null

13-01-2025T07:14:17 - [TEST_STEP][PASSED] - if (i1 > -1): null

13-01-2025T07:14:17 - [TEST_STEP][PASSED] - x = x.substring(i1, x.length()): null

13-01-2025T07:14:17 - [TEST_STEP][PASSED] - i1 = x.indexOf("/") + 1: null

13-01-2025T07:14:17 - [TEST_STEP][PASSED] - if (i1 > -1): null

13-01-2025T07:14:17 - [TEST_STEP][PASSED] - x = x.substring(i1, x.length()): null

13-01-2025T07:14:17 - [TEST_STEP][PASSED] - i1 = x.indexOf("/") + 1: null

13-01-2025T07:14:17 - [TEST_STEP][PASSED] - if (i1 > -1): null

13-01-2025T07:14:17 - [TEST_STEP][PASSED] - x = x.substring(i1, x.length()): null

13-01-2025T07:14:17 - [TEST_STEP][PASSED] - i1 = x.indexOf("/") + 1: null

13-01-2025T07:14:17 - [TEST_STEP][PASSED] - if (i1 > -1): null

13-01-2025T07:14:17 - [TEST_STEP][PASSED] - x = x.substring(i1, x.length()): null

13-01-2025T07:14:17 - [TEST_STEP][PASSED] - i1 = x.indexOf("/") + 1: null

13-01-2025T07:14:17 - [TEST_STEP][PASSED] - if (i1 > -1): null

13-01-2025T07:14:17 - [TEST_STEP][PASSED] - x = x.substring(i1, x.length()): null

13-01-2025T07:14:17 - [TEST_STEP][PASSED] - i1 = x.indexOf("/") + 1: null

13-01-2025T07:14:17 - [TEST_STEP][PASSED] - if (i1 > -1): null

13-01-2025T07:14:17 - [TEST_STEP][PASSED] - x = x.substring(i1, x.length()): null

13-01-2025T07:14:17 - [TEST_STEP][PASSED] - i1 = x.indexOf("/") + 1: null

13-01-2025T07:14:17 - [TEST_STEP][PASSED] - if (i1 > -1): null

13-01-2025T07:14:17 - [TEST_STEP][PASSED] - x = x.substring(i1, x.length()): null

13-01-2025T07:14:17 - [TEST_STEP][PASSED] - i1 = x.indexOf("/") + 1: null

13-01-2025T07:14:17 - [TEST_STEP][PASSED] - if (i1 > -1): null

13-01-2025T07:14:17 - [TEST_STEP][PASSED] - x = x.substring(i1, x.length()): null

13-01-2025T07:14:17 - [TEST_STEP][PASSED] - i1 = x.indexOf("/"): null

13-01-2025T07:14:17 - [TEST_STEP][PASSED] - if (i1 > -1): null

13-01-2025T07:14:17 - [TEST_STEP][PASSED] - println(x): null

13-01-2025T07:14:17 - [TEST_STEP][PASSED] - return x: null

13-01-2025T07:14:17 - [TEST_STEP][PASSED] - o1B = Geto1B(x = b): null

13-01-2025T07:14:17 - [TEST_STEP][PASSED] - i1 = <not implemented yet for class: org.codehaus.groovy.ast.expr.EmptyExpression>: null

13-01-2025T07:14:17 - [TEST_STEP][PASSED] - ii = <not implemented yet for class: org.codehaus.groovy.ast.expr.EmptyExpression>: null

13-01-2025T07:14:17 - [TEST_STEP][PASSED] - for ([ii = 1, ii < 10, (ii++)]): null

13-01-2025T07:14:17 - [TEST_STEP][PASSED] - i1 = x.indexOf("/") + 1: null

13-01-2025T07:14:17 - [TEST_STEP][PASSED] - if (i1 > -1): null

13-01-2025T07:14:17 - [TEST_STEP][PASSED] - x = x.substring(i1, x.length()): null

13-01-2025T07:14:17 - [TEST_STEP][PASSED] - i1 = x.indexOf("/") + 1: null

13-01-2025T07:14:17 - [TEST_STEP][PASSED] - if (i1 > -1): null

13-01-2025T07:14:17 - [TEST_STEP][PASSED] - x = x.substring(i1, x.length()): null

13-01-2025T07:14:17 - [TEST_STEP][PASSED] - i1 = x.indexOf("/") + 1: null

13-01-2025T07:14:17 - [TEST_STEP][PASSED] - if (i1 > -1): null

13-01-2025T07:14:17 - [TEST_STEP][PASSED] - x = x.substring(i1, x.length()): null

13-01-2025T07:14:17 - [TEST_STEP][PASSED] - i1 = x.indexOf("/") + 1: null

13-01-2025T07:14:17 - [TEST_STEP][PASSED] - if (i1 > -1): null

13-01-2025T07:14:17 - [TEST_STEP][PASSED] - x = x.substring(i1, x.length()): null

13-01-2025T07:14:17 - [TEST_STEP][PASSED] - i1 = x.indexOf("/") + 1: null

13-01-2025T07:14:17 - [TEST_STEP][PASSED] - if (i1 > -1): null

13-01-2025T07:14:17 - [TEST_STEP][PASSED] - x = x.substring(i1, x.length()): null

13-01-2025T07:14:17 - [TEST_STEP][PASSED] - i1 = x.indexOf("/") + 1: null

13-01-2025T07:14:17 - [TEST_STEP][PASSED] - if (i1 > -1): null

13-01-2025T07:14:17 - [TEST_STEP][PASSED] - x = x.substring(i1, x.length()): null

13-01-2025T07:14:17 - [TEST_STEP][PASSED] - i1 = x.indexOf("/") + 1: null

13-01-2025T07:14:17 - [TEST_STEP][PASSED] - if (i1 > -1): null

13-01-2025T07:14:17 - [TEST_STEP][PASSED] - x = x.substring(i1, x.length()): null

13-01-2025T07:14:17 - [TEST_STEP][PASSED] - i1 = x.indexOf("/") + 1: null

13-01-2025T07:14:17 - [TEST_STEP][PASSED] - if (i1 > -1): null

13-01-2025T07:14:17 - [TEST_STEP][PASSED] - x = x.substring(i1, x.length()): null

13-01-2025T07:14:17 - [TEST_STEP][PASSED] - i1 = x.indexOf("/") + 1: null

13-01-2025T07:14:17 - [TEST_STEP][PASSED] - if (i1 > -1): null

13-01-2025T07:14:17 - [TEST_STEP][PASSED] - x = x.substring(i1, x.length()): null

13-01-2025T07:14:17 - [TEST_STEP][PASSED] - i1 = x.indexOf("/"): null

13-01-2025T07:14:17 - [TEST_STEP][PASSED] - if (i1 > -1): null

13-01-2025T07:14:17 - [TEST_STEP][PASSED] - println(x): null

13-01-2025T07:14:17 - [TEST_STEP][FAILED] - return x: null

13-01-2025T07:14:17 - [TEST_STEP][PASSED] - println(o1R + "/" + o1B): null

13-01-2025T07:14:17 - [TEST_STEP][FAILED] - if (verifyEqual(PercFactR, PercFactB) == false): null

13-01-2025T07:14:17 - [MESSAGE][FAILED] - Unable to verify equal between actual object 'нет данных' and expected object '5.90' (Root cause: com.kms.katalon.core.exception.StepFailedException: Actual object 'нет данных' and expected object '5.90' are not equal
	at com.kms.katalon.core.keyword.builtin.VerifyEqualKeyword$_verifyEqual_closure1.doCall(VerifyEqualKeyword.groovy:58)
	at com.kms.katalon.core.keyword.builtin.VerifyEqualKeyword$_verifyEqual_closure1.call(VerifyEqualKeyword.groovy)
	at com.kms.katalon.core.keyword.internal.KeywordMain.runKeyword(KeywordMain.groovy:75)
	at com.kms.katalon.core.keyword.builtin.VerifyEqualKeyword.verifyEqual(VerifyEqualKeyword.groovy:63)
	at com.kms.katalon.core.keyword.builtin.VerifyEqualKeyword.execute(VerifyEqualKeyword.groovy:44)
	at com.kms.katalon.core.keyword.internal.KeywordExecutor.executeKeywordForPlatform(KeywordExecutor.groovy:74)
	at com.kms.katalon.core.keyword.BuiltinKeywords.verifyEqual(BuiltinKeywords.groovy:146)
	at jdk.internal.reflect.GeneratedMethodAccessor25.invoke(Unknown Source)
	at java.base/jdk.internal.reflect.DelegatingMethodAccessorImpl.invoke(DelegatingMethodAccessorImpl.java:43)
	at Выполнение бизнес-плана сверка дашбордов - Copy.CompareDZOData(Выполнение бизнес-плана сверка дашбордов - Copy:789)
	at Выполнение бизнес-плана сверка дашбордов - Copy.run(Выполнение бизнес-плана сверка дашбордов - Copy:643)
	at com.kms.katalon.core.main.ScriptEngine.run(ScriptEngine.java:194)
	at com.kms.katalon.core.main.ScriptEngine.runScriptAsRawText(ScriptEngine.java:119)
	at com.kms.katalon.core.main.TestCaseExecutor.runScript(TestCaseExecutor.java:448)
	at com.kms.katalon.core.main.TestCaseExecutor.doExecute(TestCaseExecutor.java:439)
	at com.kms.katalon.core.main.TestCaseExecutor.processExecutionPhase(TestCaseExecutor.java:418)
	at com.kms.katalon.core.main.TestCaseExecutor.accessMainPhase(TestCaseExecutor.java:410)
	at com.kms.katalon.core.main.TestCaseExecutor.execute(TestCaseExecutor.java:285)
	at com.kms.katalon.core.common.CommonExecutor.accessTestCaseMainPhase(CommonExecutor.java:65)
	at com.kms.katalon.core.main.TestSuiteExecutor.accessTestSuiteMainPhase(TestSuiteExecutor.java:150)
	at com.kms.katalon.core.main.TestSuiteExecutor.execute(TestSuiteExecutor.java:106)
	at com.kms.katalon.core.main.TestCaseMain.startTestSuite(TestCaseMain.java:180)
	at TempTestSuite1736740835951.run(TempTestSuite1736740835951.groovy:35)
	at java.base/jdk.internal.reflect.NativeMethodAccessorImpl.invoke0(Native Method)
	at java.base/jdk.internal.reflect.NativeMethodAccessorImpl.invoke(NativeMethodAccessorImpl.java:77)
	at java.base/jdk.internal.reflect.DelegatingMethodAccessorImpl.invoke(DelegatingMethodAccessorImpl.java:43)
)

13-01-2025T07:14:17 - [TEST_STEP][PASSED] - result = WriteToExcel(typeOfData, todaysDate, PercPlanR, PercPlanB, PercFactR, PercFactB, x, tabR, tabB, o1R, o1B, vidget): null

13-01-2025T07:14:17 - [TEST_STEP][PASSED] - iii = dZO.indexOf("/"): null

13-01-2025T07:14:17 - [TEST_STEP][PASSED] - println(iii): null

13-01-2025T07:14:17 - [TEST_STEP][PASSED] - dZO = dZO.substring(0, iii): null

13-01-2025T07:14:17 - [TEST_STEP][PASSED] - println(dZO): null

13-01-2025T07:14:17 - [TEST_STEP][PASSED] - println(PercPlanR): null

13-01-2025T07:14:17 - [TEST_STEP][PASSED] - println(PercPlanB): null

13-01-2025T07:14:17 - [TEST_STEP][PASSED] - println(PercFactR): null

13-01-2025T07:14:17 - [TEST_STEP][PASSED] - println(PercFactB): null

13-01-2025T07:14:17 - [TEST_STEP][PASSED] - println(tabR): null

13-01-2025T07:14:17 - [TEST_STEP][PASSED] - println(tabB): null

13-01-2025T07:14:17 - [TEST_STEP][PASSED] - println(o1R): null

13-01-2025T07:14:17 - [TEST_STEP][PASSED] - println(o1B): null

13-01-2025T07:14:17 - [TEST_STEP][PASSED] - PR = <not implemented yet for class: org.codehaus.groovy.ast.expr.EmptyExpression>: null

13-01-2025T07:14:17 - [TEST_STEP][PASSED] - FR = <not implemented yet for class: org.codehaus.groovy.ast.expr.EmptyExpression>: null

13-01-2025T07:14:17 - [TEST_STEP][PASSED] - PB = <not implemented yet for class: org.codehaus.groovy.ast.expr.EmptyExpression>: null

13-01-2025T07:14:17 - [TEST_STEP][PASSED] - FB = <not implemented yet for class: org.codehaus.groovy.ast.expr.EmptyExpression>: null

13-01-2025T07:14:17 - [TEST_STEP][PASSED] - TR = <not implemented yet for class: org.codehaus.groovy.ast.expr.EmptyExpression>: null

13-01-2025T07:14:17 - [TEST_STEP][PASSED] - TB = <not implemented yet for class: org.codehaus.groovy.ast.expr.EmptyExpression>: null

13-01-2025T07:14:17 - [TEST_STEP][PASSED] - sheetName = "Sheet1": null

13-01-2025T07:14:17 - [TEST_STEP][PASSED] - data = findTestData("PlanFact"): null

13-01-2025T07:14:17 - [TEST_STEP][PASSED] - n = data.getRowNumbers() + 1: null

13-01-2025T07:14:17 - [TEST_STEP][PASSED] - year = todaysDate.substring(todaysDate.length() - 4, todaysDate.length()): null

13-01-2025T07:14:17 - [TEST_STEP][PASSED] - y = year.toInteger(): null

13-01-2025T07:14:17 - [TEST_STEP][PASSED] - m = getText(findTestObject("Выполнение бизнес-плана/Выполнение бизнес-плана Балансы/Фильтр Дата")): Text of object 'Object Repository/Выполнение бизнес-плана/Выполнение бизнес-плана Балансы/Фильтр Дата' is: '1, 2, 3 кв., Октябрь, Ноябрь 2024 года'

13-01-2025T07:14:18 - [MESSAGE][PASSED] - Text of object 'Object Repository/Выполнение бизнес-плана/Выполнение бизнес-плана Балансы/Фильтр Дата' is: '1, 2, 3 кв., Октябрь, Ноябрь 2024 года'

13-01-2025T07:14:18 - [TEST_STEP][PASSED] - m = m.substring(0, m.indexOf("2024")): null

13-01-2025T07:14:18 - [TEST_STEP][PASSED] - m = m.trim(): null

13-01-2025T07:14:18 - [TEST_STEP][PASSED] - dashboardName = "Выполнение бизнес-плана": null

13-01-2025T07:14:18 - [TEST_STEP][PASSED] - workbook01 = getWorkbook(excelFilePath): null

13-01-2025T07:14:18 - [TEST_STEP][PASSED] - sheet01 = getExcelSheet(workbook01, sheetName): null

13-01-2025T07:14:18 - [TEST_STEP][PASSED] - setValueToCellByIndex(sheet01, n, 0, dashboardName): null

13-01-2025T07:14:18 - [TEST_STEP][PASSED] - setValueToCellByIndex(sheet01, n, 1, dZO): null

13-01-2025T07:14:18 - [TEST_STEP][PASSED] - setValueToCellByIndex(sheet01, n, 2, typeOfData): null

13-01-2025T07:14:18 - [TEST_STEP][PASSED] - setValueToCellByIndex(sheet01, n, 3, typeOfData): null

13-01-2025T07:14:18 - [TEST_STEP][PASSED] - if (typeOfData == "План"): null

13-01-2025T07:14:18 - [TEST_STEP][PASSED] - else if (typeOfData == "Факт"): null

13-01-2025T07:14:18 - [TEST_STEP][PASSED] - else if (vidget.contains("электроэнергии") == true): null

13-01-2025T07:14:18 - [TEST_STEP][PASSED] - else: null

13-01-2025T07:14:18 - [TEST_STEP][PASSED] - if (o1R == null): null

13-01-2025T07:14:18 - [TEST_STEP][PASSED] - else: null

13-01-2025T07:14:18 - [TEST_STEP][PASSED] - if (o1R == "нет данных"): null

13-01-2025T07:14:18 - [TEST_STEP][PASSED] - setValueToCellByIndex(sheet01, n, 4, "нет данных"): null

13-01-2025T07:14:18 - [TEST_STEP][PASSED] - if (o1B == null): null

13-01-2025T07:14:18 - [TEST_STEP][PASSED] - else: null

13-01-2025T07:14:18 - [TEST_STEP][PASSED] - if (o1B == "нет данных"): null

13-01-2025T07:14:18 - [TEST_STEP][PASSED] - else: null

13-01-2025T07:14:18 - [TEST_STEP][PASSED] - FB = o1B.toDouble(): null

13-01-2025T07:14:18 - [TEST_STEP][PASSED] - setValueToCellByIndex(sheet01, n, 5, FB): null

13-01-2025T07:14:18 - [TEST_STEP][PASSED] - setValueToCellByIndex(sheet01, n, 6, m): null

13-01-2025T07:14:18 - [TEST_STEP][PASSED] - setValueToCellByIndex(sheet01, n, 7, y): null

13-01-2025T07:14:18 - [TEST_STEP][PASSED] - setValueToCellByIndex(sheet01, n, 8, todaysDate): null

13-01-2025T07:14:18 - [TEST_STEP][PASSED] - n = n + 1: null

13-01-2025T07:14:18 - [TEST_STEP][FAILED] - saveWorkbook(excelFilePath, workbook01): null

13-01-2025T07:14:18 - [TEST_STEP][FAILED] - if (verifyEqual(cenR, cenB) == false): null

13-01-2025T07:14:18 - [MESSAGE][FAILED] - Unable to verify equal between actual object 'Россети Центр (ГК)/10.32/9.80/55088893/49682043/5406850/53713338/48149456/5563882/-0.52' and expected object 'Россети Центр (ГК)/10.32/9.80/54746795/49382050/5364745/нет данных/нет данных/нет данных/-0.52' (Root cause: com.kms.katalon.core.exception.StepFailedException: Actual object 'Россети Центр (ГК)/10.32/9.80/55088893/49682043/5406850/53713338/48149456/5563882/-0.52' and expected object 'Россети Центр (ГК)/10.32/9.80/54746795/49382050/5364745/нет данных/нет данных/нет данных/-0.52' are not equal
	at com.kms.katalon.core.keyword.builtin.VerifyEqualKeyword$_verifyEqual_closure1.doCall(VerifyEqualKeyword.groovy:58)
	at com.kms.katalon.core.keyword.builtin.VerifyEqualKeyword$_verifyEqual_closure1.call(VerifyEqualKeyword.groovy)
	at com.kms.katalon.core.keyword.internal.KeywordMain.runKeyword(KeywordMain.groovy:75)
	at com.kms.katalon.core.keyword.builtin.VerifyEqualKeyword.verifyEqual(VerifyEqualKeyword.groovy:63)
	at com.kms.katalon.core.keyword.builtin.VerifyEqualKeyword.execute(VerifyEqualKeyword.groovy:44)
	at com.kms.katalon.core.keyword.internal.KeywordExecutor.executeKeywordForPlatform(KeywordExecutor.groovy:74)
	at com.kms.katalon.core.keyword.BuiltinKeywords.verifyEqual(BuiltinKeywords.groovy:146)
	at jdk.internal.reflect.GeneratedMethodAccessor25.invoke(Unknown Source)
	at java.base/jdk.internal.reflect.DelegatingMethodAccessorImpl.invoke(DelegatingMethodAccessorImpl.java:43)
	at Выполнение бизнес-плана сверка дашбордов - Copy.run(Выполнение бизнес-плана сверка дашбордов - Copy:647)
	at com.kms.katalon.core.main.ScriptEngine.run(ScriptEngine.java:194)
	at com.kms.katalon.core.main.ScriptEngine.runScriptAsRawText(ScriptEngine.java:119)
	at com.kms.katalon.core.main.TestCaseExecutor.runScript(TestCaseExecutor.java:448)
	at com.kms.katalon.core.main.TestCaseExecutor.doExecute(TestCaseExecutor.java:439)
	at com.kms.katalon.core.main.TestCaseExecutor.processExecutionPhase(TestCaseExecutor.java:418)
	at com.kms.katalon.core.main.TestCaseExecutor.accessMainPhase(TestCaseExecutor.java:410)
	at com.kms.katalon.core.main.TestCaseExecutor.execute(TestCaseExecutor.java:285)
	at com.kms.katalon.core.common.CommonExecutor.accessTestCaseMainPhase(CommonExecutor.java:65)
	at com.kms.katalon.core.main.TestSuiteExecutor.accessTestSuiteMainPhase(TestSuiteExecutor.java:150)
	at com.kms.katalon.core.main.TestSuiteExecutor.execute(TestSuiteExecutor.java:106)
	at com.kms.katalon.core.main.TestCaseMain.startTestSuite(TestCaseMain.java:180)
	at TempTestSuite1736740835951.run(TempTestSuite1736740835951.groovy:35)
	at java.base/jdk.internal.reflect.NativeMethodAccessorImpl.invoke0(Native Method)
	at java.base/jdk.internal.reflect.NativeMethodAccessorImpl.invoke(NativeMethodAccessorImpl.java:77)
	at java.base/jdk.internal.reflect.DelegatingMethodAccessorImpl.invoke(DelegatingMethodAccessorImpl.java:43)
)

13-01-2025T07:14:18 - [TEST_STEP][PASSED] - result = CompareDZOData(a = cenR, b = cenB, dZO, typeOfData, PercPlanR, PercPlanB, PercFactR, PercFactB, todaysDate, x, vidget, tabR, tabB, o1R, o1B): null

13-01-2025T07:14:18 - [TEST_STEP][PASSED] - ii2 = <not implemented yet for class: org.codehaus.groovy.ast.expr.EmptyExpression>: null

13-01-2025T07:14:18 - [TEST_STEP][FAILED] - if (verifyEqual(a, b) == false): null

13-01-2025T07:14:18 - [MESSAGE][FAILED] - Unable to verify equal between actual object 'Россети Центр (ГК)/10.32/9.80/55088893/49682043/5406850/53713338/48149456/5563882/-0.52' and expected object 'Россети Центр (ГК)/10.32/9.80/54746795/49382050/5364745/нет данных/нет данных/нет данных/-0.52' (Root cause: com.kms.katalon.core.exception.StepFailedException: Actual object 'Россети Центр (ГК)/10.32/9.80/55088893/49682043/5406850/53713338/48149456/5563882/-0.52' and expected object 'Россети Центр (ГК)/10.32/9.80/54746795/49382050/5364745/нет данных/нет данных/нет данных/-0.52' are not equal
	at com.kms.katalon.core.keyword.builtin.VerifyEqualKeyword$_verifyEqual_closure1.doCall(VerifyEqualKeyword.groovy:58)
	at com.kms.katalon.core.keyword.builtin.VerifyEqualKeyword$_verifyEqual_closure1.call(VerifyEqualKeyword.groovy)
	at com.kms.katalon.core.keyword.internal.KeywordMain.runKeyword(KeywordMain.groovy:75)
	at com.kms.katalon.core.keyword.builtin.VerifyEqualKeyword.verifyEqual(VerifyEqualKeyword.groovy:63)
	at com.kms.katalon.core.keyword.builtin.VerifyEqualKeyword.execute(VerifyEqualKeyword.groovy:44)
	at com.kms.katalon.core.keyword.internal.KeywordExecutor.executeKeywordForPlatform(KeywordExecutor.groovy:74)
	at com.kms.katalon.core.keyword.BuiltinKeywords.verifyEqual(BuiltinKeywords.groovy:146)
	at jdk.internal.reflect.GeneratedMethodAccessor25.invoke(Unknown Source)
	at java.base/jdk.internal.reflect.DelegatingMethodAccessorImpl.invoke(DelegatingMethodAccessorImpl.java:43)
	at Выполнение бизнес-плана сверка дашбордов - Copy.CompareDZOData(Выполнение бизнес-плана сверка дашбордов - Copy:673)
	at Выполнение бизнес-плана сверка дашбордов - Copy.run(Выполнение бизнес-плана сверка дашбордов - Copy:648)
	at com.kms.katalon.core.main.ScriptEngine.run(ScriptEngine.java:194)
	at com.kms.katalon.core.main.ScriptEngine.runScriptAsRawText(ScriptEngine.java:119)
	at com.kms.katalon.core.main.TestCaseExecutor.runScript(TestCaseExecutor.java:448)
	at com.kms.katalon.core.main.TestCaseExecutor.doExecute(TestCaseExecutor.java:439)
	at com.kms.katalon.core.main.TestCaseExecutor.processExecutionPhase(TestCaseExecutor.java:418)
	at com.kms.katalon.core.main.TestCaseExecutor.accessMainPhase(TestCaseExecutor.java:410)
	at com.kms.katalon.core.main.TestCaseExecutor.execute(TestCaseExecutor.java:285)
	at com.kms.katalon.core.common.CommonExecutor.accessTestCaseMainPhase(CommonExecutor.java:65)
	at com.kms.katalon.core.main.TestSuiteExecutor.accessTestSuiteMainPhase(TestSuiteExecutor.java:150)
	at com.kms.katalon.core.main.TestSuiteExecutor.execute(TestSuiteExecutor.java:106)
	at com.kms.katalon.core.main.TestCaseMain.startTestSuite(TestCaseMain.java:180)
	at TempTestSuite1736740835951.run(TempTestSuite1736740835951.groovy:35)
	at java.base/jdk.internal.reflect.NativeMethodAccessorImpl.invoke0(Native Method)
	at java.base/jdk.internal.reflect.NativeMethodAccessorImpl.invoke(NativeMethodAccessorImpl.java:77)
	at java.base/jdk.internal.reflect.DelegatingMethodAccessorImpl.invoke(DelegatingMethodAccessorImpl.java:43)
)

13-01-2025T07:14:18 - [TEST_STEP][PASSED] - vidget = "Уровень потерь электроэнергии": null

13-01-2025T07:14:18 - [TEST_STEP][PASSED] - typeOfData = "План": null

13-01-2025T07:14:18 - [TEST_STEP][PASSED] - PercPlanR = GetPercPlanR(x = a): null

13-01-2025T07:14:18 - [TEST_STEP][PASSED] - i1 = <not implemented yet for class: org.codehaus.groovy.ast.expr.EmptyExpression>: null

13-01-2025T07:14:18 - [TEST_STEP][PASSED] - i1 = x.indexOf("/") + 1: null

13-01-2025T07:14:18 - [TEST_STEP][PASSED] - if (i1 > -1): null

13-01-2025T07:14:18 - [TEST_STEP][PASSED] - x = x.substring(i1, x.length()): null

13-01-2025T07:14:18 - [TEST_STEP][PASSED] - i1 = x.indexOf("/"): null

13-01-2025T07:14:18 - [TEST_STEP][PASSED] - if (i1 > -1): null

13-01-2025T07:14:18 - [TEST_STEP][PASSED] - x = x.substring(0, i1): null

13-01-2025T07:14:18 - [TEST_STEP][PASSED] - return x: null

13-01-2025T07:14:18 - [TEST_STEP][PASSED] - PercPlanB = GetPercPlanB(x = b): null

13-01-2025T07:14:18 - [TEST_STEP][PASSED] - i1 = <not implemented yet for class: org.codehaus.groovy.ast.expr.EmptyExpression>: null

13-01-2025T07:14:18 - [TEST_STEP][PASSED] - i1 = x.indexOf("/") + 1: null

13-01-2025T07:14:18 - [TEST_STEP][PASSED] - if (i1 > -1): null

13-01-2025T07:14:18 - [TEST_STEP][PASSED] - x = x.substring(i1, x.length()): null

13-01-2025T07:14:18 - [TEST_STEP][PASSED] - i1 = x.indexOf("/"): null

13-01-2025T07:14:18 - [TEST_STEP][PASSED] - if (i1 > -1): null

13-01-2025T07:14:18 - [TEST_STEP][PASSED] - x = x.substring(0, i1): null

13-01-2025T07:14:18 - [TEST_STEP][PASSED] - return x: null

13-01-2025T07:14:18 - [TEST_STEP][PASSED] - if (verifyEqual(PercPlanR, PercPlanB) == false): Actual object '10.32' and expected object '10.32' are equal

13-01-2025T07:14:18 - [MESSAGE][PASSED] - Actual object '10.32' and expected object '10.32' are equal

13-01-2025T07:14:18 - [TEST_STEP][PASSED] - typeOfData = "Факт": null

13-01-2025T07:14:18 - [TEST_STEP][PASSED] - PercFactR = GetPercFactR(x = a): null

13-01-2025T07:14:18 - [TEST_STEP][PASSED] - i1 = <not implemented yet for class: org.codehaus.groovy.ast.expr.EmptyExpression>: null

13-01-2025T07:14:18 - [TEST_STEP][PASSED] - ii = <not implemented yet for class: org.codehaus.groovy.ast.expr.EmptyExpression>: null

13-01-2025T07:14:18 - [TEST_STEP][PASSED] - for ([ii = 1, ii < 3, (ii++)]): null

13-01-2025T07:14:18 - [TEST_STEP][PASSED] - i1 = x.indexOf("/") + 1: null

13-01-2025T07:14:18 - [TEST_STEP][PASSED] - if (i1 > -1): null

13-01-2025T07:14:18 - [TEST_STEP][PASSED] - x = x.substring(i1, x.length()): null

13-01-2025T07:14:18 - [TEST_STEP][PASSED] - println(x): null

13-01-2025T07:14:18 - [TEST_STEP][PASSED] - i1 = x.indexOf("/") + 1: null

13-01-2025T07:14:18 - [TEST_STEP][PASSED] - if (i1 > -1): null

13-01-2025T07:14:18 - [TEST_STEP][PASSED] - x = x.substring(i1, x.length()): null

13-01-2025T07:14:18 - [TEST_STEP][PASSED] - println(x): null

13-01-2025T07:14:18 - [TEST_STEP][PASSED] - i1 = x.indexOf("/"): null

13-01-2025T07:14:18 - [TEST_STEP][PASSED] - if (i1 > -1): null

13-01-2025T07:14:18 - [TEST_STEP][PASSED] - x = x.substring(0, i1): null

13-01-2025T07:14:18 - [TEST_STEP][PASSED] - println(x): null

13-01-2025T07:14:18 - [TEST_STEP][PASSED] - return x: null

13-01-2025T07:14:18 - [TEST_STEP][PASSED] - PercFactB = GetPercFactB(x = b): null

13-01-2025T07:14:18 - [TEST_STEP][PASSED] - i1 = <not implemented yet for class: org.codehaus.groovy.ast.expr.EmptyExpression>: null

13-01-2025T07:14:18 - [TEST_STEP][PASSED] - ii = <not implemented yet for class: org.codehaus.groovy.ast.expr.EmptyExpression>: null

13-01-2025T07:14:18 - [TEST_STEP][PASSED] - for ([ii = 1, ii < 3, (ii++)]): null

13-01-2025T07:14:18 - [TEST_STEP][PASSED] - i1 = x.indexOf("/") + 1: null

13-01-2025T07:14:18 - [TEST_STEP][PASSED] - if (i1 > -1): null

13-01-2025T07:14:18 - [TEST_STEP][PASSED] - x = x.substring(i1, x.length()): null

13-01-2025T07:14:18 - [TEST_STEP][PASSED] - println(x): null

13-01-2025T07:14:18 - [TEST_STEP][PASSED] - i1 = x.indexOf("/") + 1: null

13-01-2025T07:14:18 - [TEST_STEP][PASSED] - if (i1 > -1): null

13-01-2025T07:14:18 - [TEST_STEP][PASSED] - x = x.substring(i1, x.length()): null

13-01-2025T07:14:18 - [TEST_STEP][PASSED] - println(x): null

13-01-2025T07:14:18 - [TEST_STEP][PASSED] - i1 = x.indexOf("/"): null

13-01-2025T07:14:18 - [TEST_STEP][PASSED] - if (i1 > -1): null

13-01-2025T07:14:18 - [TEST_STEP][PASSED] - x = x.substring(0, i1): null

13-01-2025T07:14:18 - [TEST_STEP][PASSED] - println(x): null

13-01-2025T07:14:18 - [TEST_STEP][PASSED] - return x: null

13-01-2025T07:14:18 - [TEST_STEP][PASSED] - if (verifyEqual(PercFactR, PercFactB) == false): Actual object '9.80' and expected object '9.80' are equal

13-01-2025T07:14:18 - [MESSAGE][PASSED] - Actual object '9.80' and expected object '9.80' are equal

13-01-2025T07:14:18 - [TEST_STEP][PASSED] - vidget = "Показатели баланса электроэнергии по ДЗО – Факт": null

13-01-2025T07:14:18 - [TEST_STEP][PASSED] - typeOfData = "Факт Отпуск в сеть": null

13-01-2025T07:14:18 - [TEST_STEP][PASSED] - tabR = GetOvSFactR(x = a): null

13-01-2025T07:14:18 - [TEST_STEP][PASSED] - i1 = <not implemented yet for class: org.codehaus.groovy.ast.expr.EmptyExpression>: null

13-01-2025T07:14:18 - [TEST_STEP][PASSED] - ii = <not implemented yet for class: org.codehaus.groovy.ast.expr.EmptyExpression>: null

13-01-2025T07:14:18 - [TEST_STEP][PASSED] - for ([ii = 1, ii < 4, (ii++)]): null

13-01-2025T07:14:18 - [TEST_STEP][PASSED] - i1 = x.indexOf("/") + 1: null

13-01-2025T07:14:18 - [TEST_STEP][PASSED] - if (i1 > -1): null

13-01-2025T07:14:18 - [TEST_STEP][PASSED] - x = x.substring(i1, x.length()): null

13-01-2025T07:14:18 - [TEST_STEP][PASSED] - println(x): null

13-01-2025T07:14:18 - [TEST_STEP][PASSED] - i1 = x.indexOf("/") + 1: null

13-01-2025T07:14:18 - [TEST_STEP][PASSED] - if (i1 > -1): null

13-01-2025T07:14:18 - [TEST_STEP][PASSED] - x = x.substring(i1, x.length()): null

13-01-2025T07:14:18 - [TEST_STEP][PASSED] - println(x): null

13-01-2025T07:14:18 - [TEST_STEP][PASSED] - i1 = x.indexOf("/") + 1: null

13-01-2025T07:14:18 - [TEST_STEP][PASSED] - if (i1 > -1): null

13-01-2025T07:14:18 - [TEST_STEP][PASSED] - x = x.substring(i1, x.length()): null

13-01-2025T07:14:18 - [TEST_STEP][PASSED] - println(x): null

13-01-2025T07:14:18 - [TEST_STEP][PASSED] - i1 = x.indexOf("/"): null

13-01-2025T07:14:18 - [TEST_STEP][PASSED] - if (i1 > -1): null

13-01-2025T07:14:18 - [TEST_STEP][PASSED] - x = x.substring(0, i1): null

13-01-2025T07:14:18 - [TEST_STEP][PASSED] - println(x): null

13-01-2025T07:14:18 - [TEST_STEP][PASSED] - return x: null

13-01-2025T07:14:18 - [TEST_STEP][PASSED] - tabB = GetOvSFactB(x = b): null

13-01-2025T07:14:18 - [TEST_STEP][PASSED] - i1 = <not implemented yet for class: org.codehaus.groovy.ast.expr.EmptyExpression>: null

13-01-2025T07:14:18 - [TEST_STEP][PASSED] - ii = <not implemented yet for class: org.codehaus.groovy.ast.expr.EmptyExpression>: null

13-01-2025T07:14:18 - [TEST_STEP][PASSED] - for ([ii = 1, ii < 4, (ii++)]): null

13-01-2025T07:14:18 - [TEST_STEP][PASSED] - i1 = x.indexOf("/") + 1: null

13-01-2025T07:14:18 - [TEST_STEP][PASSED] - if (i1 > -1): null

13-01-2025T07:14:18 - [TEST_STEP][PASSED] - x = x.substring(i1, x.length()): null

13-01-2025T07:14:18 - [TEST_STEP][PASSED] - println(x): null

13-01-2025T07:14:18 - [TEST_STEP][PASSED] - i1 = x.indexOf("/") + 1: null

13-01-2025T07:14:18 - [TEST_STEP][PASSED] - if (i1 > -1): null

13-01-2025T07:14:18 - [TEST_STEP][PASSED] - x = x.substring(i1, x.length()): null

13-01-2025T07:14:18 - [TEST_STEP][PASSED] - println(x): null

13-01-2025T07:14:18 - [TEST_STEP][PASSED] - i1 = x.indexOf("/") + 1: null

13-01-2025T07:14:18 - [TEST_STEP][PASSED] - if (i1 > -1): null

13-01-2025T07:14:18 - [TEST_STEP][PASSED] - x = x.substring(i1, x.length()): null

13-01-2025T07:14:18 - [TEST_STEP][PASSED] - println(x): null

13-01-2025T07:14:18 - [TEST_STEP][PASSED] - i1 = x.indexOf("/"): null

13-01-2025T07:14:18 - [TEST_STEP][PASSED] - if (i1 > -1): null

13-01-2025T07:14:18 - [TEST_STEP][PASSED] - x = x.substring(0, i1): null

13-01-2025T07:14:18 - [TEST_STEP][PASSED] - println(x): null

13-01-2025T07:14:18 - [TEST_STEP][FAILED] - return x: null

13-01-2025T07:14:18 - [TEST_STEP][FAILED] - if (verifyEqual(tabR, tabB) == false): null

13-01-2025T07:14:18 - [MESSAGE][FAILED] - Unable to verify equal between actual object '55088893' and expected object '54746795' (Root cause: com.kms.katalon.core.exception.StepFailedException: Actual object '55088893' and expected object '54746795' are not equal
	at com.kms.katalon.core.keyword.builtin.VerifyEqualKeyword$_verifyEqual_closure1.doCall(VerifyEqualKeyword.groovy:58)
	at com.kms.katalon.core.keyword.builtin.VerifyEqualKeyword$_verifyEqual_closure1.call(VerifyEqualKeyword.groovy)
	at com.kms.katalon.core.keyword.internal.KeywordMain.runKeyword(KeywordMain.groovy:75)
	at com.kms.katalon.core.keyword.builtin.VerifyEqualKeyword.verifyEqual(VerifyEqualKeyword.groovy:63)
	at com.kms.katalon.core.keyword.builtin.VerifyEqualKeyword.execute(VerifyEqualKeyword.groovy:44)
	at com.kms.katalon.core.keyword.internal.KeywordExecutor.executeKeywordForPlatform(KeywordExecutor.groovy:74)
	at com.kms.katalon.core.keyword.BuiltinKeywords.verifyEqual(BuiltinKeywords.groovy:146)
	at jdk.internal.reflect.GeneratedMethodAccessor25.invoke(Unknown Source)
	at java.base/jdk.internal.reflect.DelegatingMethodAccessorImpl.invoke(DelegatingMethodAccessorImpl.java:43)
	at Выполнение бизнес-плана сверка дашбордов - Copy.CompareDZOData(Выполнение бизнес-плана сверка дашбордов - Copy:706)
	at Выполнение бизнес-плана сверка дашбордов - Copy.run(Выполнение бизнес-плана сверка дашбордов - Copy:648)
	at com.kms.katalon.core.main.ScriptEngine.run(ScriptEngine.java:194)
	at com.kms.katalon.core.main.ScriptEngine.runScriptAsRawText(ScriptEngine.java:119)
	at com.kms.katalon.core.main.TestCaseExecutor.runScript(TestCaseExecutor.java:448)
	at com.kms.katalon.core.main.TestCaseExecutor.doExecute(TestCaseExecutor.java:439)
	at com.kms.katalon.core.main.TestCaseExecutor.processExecutionPhase(TestCaseExecutor.java:418)
	at com.kms.katalon.core.main.TestCaseExecutor.accessMainPhase(TestCaseExecutor.java:410)
	at com.kms.katalon.core.main.TestCaseExecutor.execute(TestCaseExecutor.java:285)
	at com.kms.katalon.core.common.CommonExecutor.accessTestCaseMainPhase(CommonExecutor.java:65)
	at com.kms.katalon.core.main.TestSuiteExecutor.accessTestSuiteMainPhase(TestSuiteExecutor.java:150)
	at com.kms.katalon.core.main.TestSuiteExecutor.execute(TestSuiteExecutor.java:106)
	at com.kms.katalon.core.main.TestCaseMain.startTestSuite(TestCaseMain.java:180)
	at TempTestSuite1736740835951.run(TempTestSuite1736740835951.groovy:35)
	at java.base/jdk.internal.reflect.NativeMethodAccessorImpl.invoke0(Native Method)
	at java.base/jdk.internal.reflect.NativeMethodAccessorImpl.invoke(NativeMethodAccessorImpl.java:77)
	at java.base/jdk.internal.reflect.DelegatingMethodAccessorImpl.invoke(DelegatingMethodAccessorImpl.java:43)
)

13-01-2025T07:14:18 - [TEST_STEP][PASSED] - result = WriteToExcel(typeOfData, todaysDate, PercPlanR, PercPlanB, PercFactR, PercFactB, x, tabR, tabB, o1R, o1B, vidget): null

13-01-2025T07:14:18 - [TEST_STEP][PASSED] - iii = dZO.indexOf("/"): null

13-01-2025T07:14:18 - [TEST_STEP][PASSED] - println(iii): null

13-01-2025T07:14:18 - [TEST_STEP][PASSED] - dZO = dZO.substring(0, iii): null

13-01-2025T07:14:18 - [TEST_STEP][PASSED] - println(dZO): null

13-01-2025T07:14:18 - [TEST_STEP][PASSED] - println(PercPlanR): null

13-01-2025T07:14:18 - [TEST_STEP][PASSED] - println(PercPlanB): null

13-01-2025T07:14:18 - [TEST_STEP][PASSED] - println(PercFactR): null

13-01-2025T07:14:18 - [TEST_STEP][PASSED] - println(PercFactB): null

13-01-2025T07:14:18 - [TEST_STEP][PASSED] - println(tabR): null

13-01-2025T07:14:18 - [TEST_STEP][PASSED] - println(tabB): null

13-01-2025T07:14:18 - [TEST_STEP][PASSED] - println(o1R): null

13-01-2025T07:14:18 - [TEST_STEP][PASSED] - println(o1B): null

13-01-2025T07:14:18 - [TEST_STEP][PASSED] - PR = <not implemented yet for class: org.codehaus.groovy.ast.expr.EmptyExpression>: null

13-01-2025T07:14:18 - [TEST_STEP][PASSED] - FR = <not implemented yet for class: org.codehaus.groovy.ast.expr.EmptyExpression>: null

13-01-2025T07:14:18 - [TEST_STEP][PASSED] - PB = <not implemented yet for class: org.codehaus.groovy.ast.expr.EmptyExpression>: null

13-01-2025T07:14:18 - [TEST_STEP][PASSED] - FB = <not implemented yet for class: org.codehaus.groovy.ast.expr.EmptyExpression>: null

13-01-2025T07:14:18 - [TEST_STEP][PASSED] - TR = <not implemented yet for class: org.codehaus.groovy.ast.expr.EmptyExpression>: null

13-01-2025T07:14:18 - [TEST_STEP][PASSED] - TB = <not implemented yet for class: org.codehaus.groovy.ast.expr.EmptyExpression>: null

13-01-2025T07:14:18 - [TEST_STEP][PASSED] - sheetName = "Sheet1": null

13-01-2025T07:14:18 - [TEST_STEP][PASSED] - data = findTestData("PlanFact"): null

13-01-2025T07:14:18 - [TEST_STEP][PASSED] - n = data.getRowNumbers() + 1: null

13-01-2025T07:14:18 - [TEST_STEP][PASSED] - year = todaysDate.substring(todaysDate.length() - 4, todaysDate.length()): null

13-01-2025T07:14:18 - [TEST_STEP][PASSED] - y = year.toInteger(): null

13-01-2025T07:14:18 - [TEST_STEP][PASSED] - m = getText(findTestObject("Выполнение бизнес-плана/Выполнение бизнес-плана Балансы/Фильтр Дата")): Text of object 'Object Repository/Выполнение бизнес-плана/Выполнение бизнес-плана Балансы/Фильтр Дата' is: '1, 2, 3 кв., Октябрь, Ноябрь 2024 года'

13-01-2025T07:14:18 - [MESSAGE][PASSED] - Text of object 'Object Repository/Выполнение бизнес-плана/Выполнение бизнес-плана Балансы/Фильтр Дата' is: '1, 2, 3 кв., Октябрь, Ноябрь 2024 года'

13-01-2025T07:14:18 - [TEST_STEP][PASSED] - m = m.substring(0, m.indexOf("2024")): null

13-01-2025T07:14:18 - [TEST_STEP][PASSED] - m = m.trim(): null

13-01-2025T07:14:18 - [TEST_STEP][PASSED] - dashboardName = "Выполнение бизнес-плана": null

13-01-2025T07:14:18 - [TEST_STEP][PASSED] - workbook01 = getWorkbook(excelFilePath): null

13-01-2025T07:14:18 - [TEST_STEP][PASSED] - sheet01 = getExcelSheet(workbook01, sheetName): null

13-01-2025T07:14:18 - [TEST_STEP][PASSED] - setValueToCellByIndex(sheet01, n, 0, dashboardName): null

13-01-2025T07:14:18 - [TEST_STEP][PASSED] - setValueToCellByIndex(sheet01, n, 1, dZO): null

13-01-2025T07:14:18 - [TEST_STEP][PASSED] - setValueToCellByIndex(sheet01, n, 2, typeOfData): null

13-01-2025T07:14:18 - [TEST_STEP][PASSED] - setValueToCellByIndex(sheet01, n, 3, typeOfData): null

13-01-2025T07:14:18 - [TEST_STEP][PASSED] - if (typeOfData == "План"): null

13-01-2025T07:14:18 - [TEST_STEP][PASSED] - else if (typeOfData == "Факт"): null

13-01-2025T07:14:18 - [TEST_STEP][PASSED] - else if (vidget.contains("электроэнергии") == true): null

13-01-2025T07:14:18 - [TEST_STEP][PASSED] - if (tabR == null): null

13-01-2025T07:14:18 - [TEST_STEP][PASSED] - else: null

13-01-2025T07:14:18 - [TEST_STEP][PASSED] - if (tabR == "нет данных"): null

13-01-2025T07:14:18 - [TEST_STEP][PASSED] - else: null

13-01-2025T07:14:18 - [TEST_STEP][PASSED] - TR = tabR.toInteger(): null

13-01-2025T07:14:18 - [TEST_STEP][PASSED] - setValueToCellByIndex(sheet01, n, 4, TR): null

13-01-2025T07:14:18 - [TEST_STEP][PASSED] - if (tabB == null): null

13-01-2025T07:14:18 - [TEST_STEP][PASSED] - else: null

13-01-2025T07:14:18 - [TEST_STEP][PASSED] - if (tabB == "нет данных"): null

13-01-2025T07:14:18 - [TEST_STEP][PASSED] - else: null

13-01-2025T07:14:18 - [TEST_STEP][PASSED] - TB = tabB.toInteger(): null

13-01-2025T07:14:18 - [TEST_STEP][PASSED] - setValueToCellByIndex(sheet01, n, 5, TB): null

13-01-2025T07:14:18 - [TEST_STEP][PASSED] - setValueToCellByIndex(sheet01, n, 6, m): null

13-01-2025T07:14:18 - [TEST_STEP][PASSED] - setValueToCellByIndex(sheet01, n, 7, y): null

13-01-2025T07:14:18 - [TEST_STEP][PASSED] - setValueToCellByIndex(sheet01, n, 8, todaysDate): null

13-01-2025T07:14:18 - [TEST_STEP][PASSED] - n = n + 1: null

13-01-2025T07:14:18 - [TEST_STEP][PASSED] - saveWorkbook(excelFilePath, workbook01): null

13-01-2025T07:14:18 - [TEST_STEP][PASSED] - typeOfData = "Факт Отпуск из сети": null

13-01-2025T07:14:18 - [TEST_STEP][PASSED] - tabR = GetOiSFactR(x = a): null

13-01-2025T07:14:18 - [TEST_STEP][PASSED] - i1 = <not implemented yet for class: org.codehaus.groovy.ast.expr.EmptyExpression>: null

13-01-2025T07:14:18 - [TEST_STEP][PASSED] - ii = <not implemented yet for class: org.codehaus.groovy.ast.expr.EmptyExpression>: null

13-01-2025T07:14:18 - [TEST_STEP][PASSED] - for ([ii = 1, ii < 5, (ii++)]): null

13-01-2025T07:14:18 - [TEST_STEP][PASSED] - i1 = x.indexOf("/") + 1: null

13-01-2025T07:14:18 - [TEST_STEP][PASSED] - if (i1 > -1): null

13-01-2025T07:14:18 - [TEST_STEP][PASSED] - x = x.substring(i1, x.length()): null

13-01-2025T07:14:18 - [TEST_STEP][PASSED] - println(x): null

13-01-2025T07:14:18 - [TEST_STEP][PASSED] - i1 = x.indexOf("/") + 1: null

13-01-2025T07:14:18 - [TEST_STEP][PASSED] - if (i1 > -1): null

13-01-2025T07:14:18 - [TEST_STEP][PASSED] - x = x.substring(i1, x.length()): null

13-01-2025T07:14:18 - [TEST_STEP][PASSED] - println(x): null

13-01-2025T07:14:18 - [TEST_STEP][PASSED] - i1 = x.indexOf("/") + 1: null

13-01-2025T07:14:18 - [TEST_STEP][PASSED] - if (i1 > -1): null

13-01-2025T07:14:18 - [TEST_STEP][PASSED] - x = x.substring(i1, x.length()): null

13-01-2025T07:14:18 - [TEST_STEP][PASSED] - println(x): null

13-01-2025T07:14:18 - [TEST_STEP][PASSED] - i1 = x.indexOf("/") + 1: null

13-01-2025T07:14:18 - [TEST_STEP][PASSED] - if (i1 > -1): null

13-01-2025T07:14:18 - [TEST_STEP][PASSED] - x = x.substring(i1, x.length()): null

13-01-2025T07:14:18 - [TEST_STEP][PASSED] - println(x): null

13-01-2025T07:14:18 - [TEST_STEP][PASSED] - i1 = x.indexOf("/"): null

13-01-2025T07:14:18 - [TEST_STEP][PASSED] - if (i1 > -1): null

13-01-2025T07:14:18 - [TEST_STEP][PASSED] - x = x.substring(0, i1): null

13-01-2025T07:14:18 - [TEST_STEP][PASSED] - println(x): null

13-01-2025T07:14:18 - [TEST_STEP][PASSED] - return x: null

13-01-2025T07:14:18 - [TEST_STEP][PASSED] - tabB = GetOiSFactB(x = b): null

13-01-2025T07:14:18 - [TEST_STEP][PASSED] - i1 = <not implemented yet for class: org.codehaus.groovy.ast.expr.EmptyExpression>: null

13-01-2025T07:14:18 - [TEST_STEP][PASSED] - ii = <not implemented yet for class: org.codehaus.groovy.ast.expr.EmptyExpression>: null

13-01-2025T07:14:18 - [TEST_STEP][PASSED] - for ([ii = 1, ii < 5, (ii++)]): null

13-01-2025T07:14:18 - [TEST_STEP][PASSED] - i1 = x.indexOf("/") + 1: null

13-01-2025T07:14:18 - [TEST_STEP][PASSED] - if (i1 > -1): null

13-01-2025T07:14:18 - [TEST_STEP][PASSED] - x = x.substring(i1, x.length()): null

13-01-2025T07:14:18 - [TEST_STEP][PASSED] - println(x): null

13-01-2025T07:14:18 - [TEST_STEP][PASSED] - i1 = x.indexOf("/") + 1: null

13-01-2025T07:14:18 - [TEST_STEP][PASSED] - if (i1 > -1): null

13-01-2025T07:14:18 - [TEST_STEP][PASSED] - x = x.substring(i1, x.length()): null

13-01-2025T07:14:18 - [TEST_STEP][PASSED] - println(x): null

13-01-2025T07:14:18 - [TEST_STEP][PASSED] - i1 = x.indexOf("/") + 1: null

13-01-2025T07:14:18 - [TEST_STEP][PASSED] - if (i1 > -1): null

13-01-2025T07:14:18 - [TEST_STEP][PASSED] - x = x.substring(i1, x.length()): null

13-01-2025T07:14:18 - [TEST_STEP][PASSED] - println(x): null

13-01-2025T07:14:18 - [TEST_STEP][PASSED] - i1 = x.indexOf("/") + 1: null

13-01-2025T07:14:18 - [TEST_STEP][PASSED] - if (i1 > -1): null

13-01-2025T07:14:18 - [TEST_STEP][PASSED] - x = x.substring(i1, x.length()): null

13-01-2025T07:14:18 - [TEST_STEP][PASSED] - println(x): null

13-01-2025T07:14:18 - [TEST_STEP][PASSED] - i1 = x.indexOf("/"): null

13-01-2025T07:14:18 - [TEST_STEP][PASSED] - if (i1 > -1): null

13-01-2025T07:14:18 - [TEST_STEP][PASSED] - x = x.substring(0, i1): null

13-01-2025T07:14:18 - [TEST_STEP][PASSED] - println(x): null

13-01-2025T07:14:18 - [TEST_STEP][FAILED] - return x: null

13-01-2025T07:14:18 - [TEST_STEP][FAILED] - if (verifyEqual(tabR, tabB) == false): null

13-01-2025T07:14:18 - [MESSAGE][FAILED] - Unable to verify equal between actual object '49682043' and expected object '49382050' (Root cause: com.kms.katalon.core.exception.StepFailedException: Actual object '49682043' and expected object '49382050' are not equal
	at com.kms.katalon.core.keyword.builtin.VerifyEqualKeyword$_verifyEqual_closure1.doCall(VerifyEqualKeyword.groovy:58)
	at com.kms.katalon.core.keyword.builtin.VerifyEqualKeyword$_verifyEqual_closure1.call(VerifyEqualKeyword.groovy)
	at com.kms.katalon.core.keyword.internal.KeywordMain.runKeyword(KeywordMain.groovy:75)
	at com.kms.katalon.core.keyword.builtin.VerifyEqualKeyword.verifyEqual(VerifyEqualKeyword.groovy:63)
	at com.kms.katalon.core.keyword.builtin.VerifyEqualKeyword.execute(VerifyEqualKeyword.groovy:44)
	at com.kms.katalon.core.keyword.internal.KeywordExecutor.executeKeywordForPlatform(KeywordExecutor.groovy:74)
	at com.kms.katalon.core.keyword.BuiltinKeywords.verifyEqual(BuiltinKeywords.groovy:146)
	at jdk.internal.reflect.GeneratedMethodAccessor25.invoke(Unknown Source)
	at java.base/jdk.internal.reflect.DelegatingMethodAccessorImpl.invoke(DelegatingMethodAccessorImpl.java:43)
	at Выполнение бизнес-плана сверка дашбордов - Copy.CompareDZOData(Выполнение бизнес-плана сверка дашбордов - Copy:717)
	at Выполнение бизнес-плана сверка дашбордов - Copy.run(Выполнение бизнес-плана сверка дашбордов - Copy:648)
	at com.kms.katalon.core.main.ScriptEngine.run(ScriptEngine.java:194)
	at com.kms.katalon.core.main.ScriptEngine.runScriptAsRawText(ScriptEngine.java:119)
	at com.kms.katalon.core.main.TestCaseExecutor.runScript(TestCaseExecutor.java:448)
	at com.kms.katalon.core.main.TestCaseExecutor.doExecute(TestCaseExecutor.java:439)
	at com.kms.katalon.core.main.TestCaseExecutor.processExecutionPhase(TestCaseExecutor.java:418)
	at com.kms.katalon.core.main.TestCaseExecutor.accessMainPhase(TestCaseExecutor.java:410)
	at com.kms.katalon.core.main.TestCaseExecutor.execute(TestCaseExecutor.java:285)
	at com.kms.katalon.core.common.CommonExecutor.accessTestCaseMainPhase(CommonExecutor.java:65)
	at com.kms.katalon.core.main.TestSuiteExecutor.accessTestSuiteMainPhase(TestSuiteExecutor.java:150)
	at com.kms.katalon.core.main.TestSuiteExecutor.execute(TestSuiteExecutor.java:106)
	at com.kms.katalon.core.main.TestCaseMain.startTestSuite(TestCaseMain.java:180)
	at TempTestSuite1736740835951.run(TempTestSuite1736740835951.groovy:35)
	at java.base/jdk.internal.reflect.NativeMethodAccessorImpl.invoke0(Native Method)
	at java.base/jdk.internal.reflect.NativeMethodAccessorImpl.invoke(NativeMethodAccessorImpl.java:77)
	at java.base/jdk.internal.reflect.DelegatingMethodAccessorImpl.invoke(DelegatingMethodAccessorImpl.java:43)
)

13-01-2025T07:14:18 - [TEST_STEP][PASSED] - result = WriteToExcel(typeOfData, todaysDate, PercPlanR, PercPlanB, PercFactR, PercFactB, x, tabR, tabB, o1R, o1B, vidget): null

13-01-2025T07:14:18 - [TEST_STEP][PASSED] - iii = dZO.indexOf("/"): null

13-01-2025T07:14:18 - [TEST_STEP][PASSED] - println(iii): null

13-01-2025T07:14:18 - [TEST_STEP][PASSED] - dZO = dZO.substring(0, iii): null

13-01-2025T07:14:18 - [TEST_STEP][PASSED] - println(dZO): null

13-01-2025T07:14:18 - [TEST_STEP][PASSED] - println(PercPlanR): null

13-01-2025T07:14:18 - [TEST_STEP][PASSED] - println(PercPlanB): null

13-01-2025T07:14:18 - [TEST_STEP][PASSED] - println(PercFactR): null

13-01-2025T07:14:18 - [TEST_STEP][PASSED] - println(PercFactB): null

13-01-2025T07:14:18 - [TEST_STEP][PASSED] - println(tabR): null

13-01-2025T07:14:18 - [TEST_STEP][PASSED] - println(tabB): null

13-01-2025T07:14:18 - [TEST_STEP][PASSED] - println(o1R): null

13-01-2025T07:14:18 - [TEST_STEP][PASSED] - println(o1B): null

13-01-2025T07:14:18 - [TEST_STEP][PASSED] - PR = <not implemented yet for class: org.codehaus.groovy.ast.expr.EmptyExpression>: null

13-01-2025T07:14:18 - [TEST_STEP][PASSED] - FR = <not implemented yet for class: org.codehaus.groovy.ast.expr.EmptyExpression>: null

13-01-2025T07:14:18 - [TEST_STEP][PASSED] - PB = <not implemented yet for class: org.codehaus.groovy.ast.expr.EmptyExpression>: null

13-01-2025T07:14:18 - [TEST_STEP][PASSED] - FB = <not implemented yet for class: org.codehaus.groovy.ast.expr.EmptyExpression>: null

13-01-2025T07:14:18 - [TEST_STEP][PASSED] - TR = <not implemented yet for class: org.codehaus.groovy.ast.expr.EmptyExpression>: null

13-01-2025T07:14:18 - [TEST_STEP][PASSED] - TB = <not implemented yet for class: org.codehaus.groovy.ast.expr.EmptyExpression>: null

13-01-2025T07:14:18 - [TEST_STEP][PASSED] - sheetName = "Sheet1": null

13-01-2025T07:14:18 - [TEST_STEP][PASSED] - data = findTestData("PlanFact"): null

13-01-2025T07:14:19 - [TEST_STEP][PASSED] - n = data.getRowNumbers() + 1: null

13-01-2025T07:14:19 - [TEST_STEP][PASSED] - year = todaysDate.substring(todaysDate.length() - 4, todaysDate.length()): null

13-01-2025T07:14:19 - [TEST_STEP][PASSED] - y = year.toInteger(): null

13-01-2025T07:14:19 - [TEST_STEP][PASSED] - m = getText(findTestObject("Выполнение бизнес-плана/Выполнение бизнес-плана Балансы/Фильтр Дата")): Text of object 'Object Repository/Выполнение бизнес-плана/Выполнение бизнес-плана Балансы/Фильтр Дата' is: '1, 2, 3 кв., Октябрь, Ноябрь 2024 года'

13-01-2025T07:14:19 - [MESSAGE][PASSED] - Text of object 'Object Repository/Выполнение бизнес-плана/Выполнение бизнес-плана Балансы/Фильтр Дата' is: '1, 2, 3 кв., Октябрь, Ноябрь 2024 года'

13-01-2025T07:14:19 - [TEST_STEP][PASSED] - m = m.substring(0, m.indexOf("2024")): null

13-01-2025T07:14:19 - [TEST_STEP][PASSED] - m = m.trim(): null

13-01-2025T07:14:19 - [TEST_STEP][PASSED] - dashboardName = "Выполнение бизнес-плана": null

13-01-2025T07:14:19 - [TEST_STEP][PASSED] - workbook01 = getWorkbook(excelFilePath): null

13-01-2025T07:14:19 - [TEST_STEP][PASSED] - sheet01 = getExcelSheet(workbook01, sheetName): null

13-01-2025T07:14:19 - [TEST_STEP][PASSED] - setValueToCellByIndex(sheet01, n, 0, dashboardName): null

13-01-2025T07:14:19 - [TEST_STEP][PASSED] - setValueToCellByIndex(sheet01, n, 1, dZO): null

13-01-2025T07:14:19 - [TEST_STEP][PASSED] - setValueToCellByIndex(sheet01, n, 2, typeOfData): null

13-01-2025T07:14:19 - [TEST_STEP][PASSED] - setValueToCellByIndex(sheet01, n, 3, typeOfData): null

13-01-2025T07:14:19 - [TEST_STEP][PASSED] - if (typeOfData == "План"): null

13-01-2025T07:14:19 - [TEST_STEP][PASSED] - else if (typeOfData == "Факт"): null

13-01-2025T07:14:19 - [TEST_STEP][PASSED] - else if (vidget.contains("электроэнергии") == true): null

13-01-2025T07:14:19 - [TEST_STEP][PASSED] - if (tabR == null): null

13-01-2025T07:14:19 - [TEST_STEP][PASSED] - else: null

13-01-2025T07:14:19 - [TEST_STEP][PASSED] - if (tabR == "нет данных"): null

13-01-2025T07:14:19 - [TEST_STEP][PASSED] - else: null

13-01-2025T07:14:19 - [TEST_STEP][PASSED] - TR = tabR.toInteger(): null

13-01-2025T07:14:19 - [TEST_STEP][PASSED] - setValueToCellByIndex(sheet01, n, 4, TR): null

13-01-2025T07:14:19 - [TEST_STEP][PASSED] - if (tabB == null): null

13-01-2025T07:14:19 - [TEST_STEP][PASSED] - else: null

13-01-2025T07:14:19 - [TEST_STEP][PASSED] - if (tabB == "нет данных"): null

13-01-2025T07:14:19 - [TEST_STEP][PASSED] - else: null

13-01-2025T07:14:19 - [TEST_STEP][PASSED] - TB = tabB.toInteger(): null

13-01-2025T07:14:19 - [TEST_STEP][PASSED] - setValueToCellByIndex(sheet01, n, 5, TB): null

13-01-2025T07:14:19 - [TEST_STEP][PASSED] - setValueToCellByIndex(sheet01, n, 6, m): null

13-01-2025T07:14:19 - [TEST_STEP][PASSED] - setValueToCellByIndex(sheet01, n, 7, y): null

13-01-2025T07:14:19 - [TEST_STEP][PASSED] - setValueToCellByIndex(sheet01, n, 8, todaysDate): null

13-01-2025T07:14:19 - [TEST_STEP][PASSED] - n = n + 1: null

13-01-2025T07:14:19 - [TEST_STEP][PASSED] - saveWorkbook(excelFilePath, workbook01): null

13-01-2025T07:14:19 - [TEST_STEP][PASSED] - typeOfData = "Факт Потери": null

13-01-2025T07:14:19 - [TEST_STEP][PASSED] - tabR = GetPFactR(x = a): null

13-01-2025T07:14:19 - [TEST_STEP][PASSED] - i1 = <not implemented yet for class: org.codehaus.groovy.ast.expr.EmptyExpression>: null

13-01-2025T07:14:19 - [TEST_STEP][PASSED] - ii = <not implemented yet for class: org.codehaus.groovy.ast.expr.EmptyExpression>: null

13-01-2025T07:14:19 - [TEST_STEP][PASSED] - for ([ii = 1, ii < 6, (ii++)]): null

13-01-2025T07:14:19 - [TEST_STEP][PASSED] - i1 = x.indexOf("/") + 1: null

13-01-2025T07:14:19 - [TEST_STEP][PASSED] - if (i1 > -1): null

13-01-2025T07:14:19 - [TEST_STEP][PASSED] - x = x.substring(i1, x.length()): null

13-01-2025T07:14:19 - [TEST_STEP][PASSED] - println(x): null

13-01-2025T07:14:19 - [TEST_STEP][PASSED] - i1 = x.indexOf("/") + 1: null

13-01-2025T07:14:19 - [TEST_STEP][PASSED] - if (i1 > -1): null

13-01-2025T07:14:19 - [TEST_STEP][PASSED] - x = x.substring(i1, x.length()): null

13-01-2025T07:14:19 - [TEST_STEP][PASSED] - println(x): null

13-01-2025T07:14:19 - [TEST_STEP][PASSED] - i1 = x.indexOf("/") + 1: null

13-01-2025T07:14:19 - [TEST_STEP][PASSED] - if (i1 > -1): null

13-01-2025T07:14:19 - [TEST_STEP][PASSED] - x = x.substring(i1, x.length()): null

13-01-2025T07:14:19 - [TEST_STEP][PASSED] - println(x): null

13-01-2025T07:14:19 - [TEST_STEP][PASSED] - i1 = x.indexOf("/") + 1: null

13-01-2025T07:14:19 - [TEST_STEP][PASSED] - if (i1 > -1): null

13-01-2025T07:14:19 - [TEST_STEP][PASSED] - x = x.substring(i1, x.length()): null

13-01-2025T07:14:19 - [TEST_STEP][PASSED] - println(x): null

13-01-2025T07:14:19 - [TEST_STEP][PASSED] - i1 = x.indexOf("/") + 1: null

13-01-2025T07:14:19 - [TEST_STEP][PASSED] - if (i1 > -1): null

13-01-2025T07:14:19 - [TEST_STEP][PASSED] - x = x.substring(i1, x.length()): null

13-01-2025T07:14:19 - [TEST_STEP][PASSED] - println(x): null

13-01-2025T07:14:19 - [TEST_STEP][PASSED] - i1 = x.indexOf("/"): null

13-01-2025T07:14:19 - [TEST_STEP][PASSED] - if (i1 > -1): null

13-01-2025T07:14:19 - [TEST_STEP][PASSED] - x = x.substring(0, i1): null

13-01-2025T07:14:19 - [TEST_STEP][PASSED] - println(x): null

13-01-2025T07:14:19 - [TEST_STEP][PASSED] - return x: null

13-01-2025T07:14:19 - [TEST_STEP][PASSED] - tabB = GetPFactB(x = b): null

13-01-2025T07:14:19 - [TEST_STEP][PASSED] - i1 = <not implemented yet for class: org.codehaus.groovy.ast.expr.EmptyExpression>: null

13-01-2025T07:14:19 - [TEST_STEP][PASSED] - ii = <not implemented yet for class: org.codehaus.groovy.ast.expr.EmptyExpression>: null

13-01-2025T07:14:19 - [TEST_STEP][PASSED] - for ([ii = 1, ii < 6, (ii++)]): null

13-01-2025T07:14:19 - [TEST_STEP][PASSED] - i1 = x.indexOf("/") + 1: null

13-01-2025T07:14:19 - [TEST_STEP][PASSED] - if (i1 > -1): null

13-01-2025T07:14:19 - [TEST_STEP][PASSED] - x = x.substring(i1, x.length()): null

13-01-2025T07:14:19 - [TEST_STEP][PASSED] - println(x): null

13-01-2025T07:14:19 - [TEST_STEP][PASSED] - i1 = x.indexOf("/") + 1: null

13-01-2025T07:14:19 - [TEST_STEP][PASSED] - if (i1 > -1): null

13-01-2025T07:14:19 - [TEST_STEP][PASSED] - x = x.substring(i1, x.length()): null

13-01-2025T07:14:19 - [TEST_STEP][PASSED] - println(x): null

13-01-2025T07:14:19 - [TEST_STEP][PASSED] - i1 = x.indexOf("/") + 1: null

13-01-2025T07:14:19 - [TEST_STEP][PASSED] - if (i1 > -1): null

13-01-2025T07:14:19 - [TEST_STEP][PASSED] - x = x.substring(i1, x.length()): null

13-01-2025T07:14:19 - [TEST_STEP][PASSED] - println(x): null

13-01-2025T07:14:19 - [TEST_STEP][PASSED] - i1 = x.indexOf("/") + 1: null

13-01-2025T07:14:19 - [TEST_STEP][PASSED] - if (i1 > -1): null

13-01-2025T07:14:19 - [TEST_STEP][PASSED] - x = x.substring(i1, x.length()): null

13-01-2025T07:14:19 - [TEST_STEP][PASSED] - println(x): null

13-01-2025T07:14:19 - [TEST_STEP][PASSED] - i1 = x.indexOf("/") + 1: null

13-01-2025T07:14:19 - [TEST_STEP][PASSED] - if (i1 > -1): null

13-01-2025T07:14:19 - [TEST_STEP][PASSED] - x = x.substring(i1, x.length()): null

13-01-2025T07:14:19 - [TEST_STEP][PASSED] - println(x): null

13-01-2025T07:14:19 - [TEST_STEP][PASSED] - i1 = x.indexOf("/"): null

13-01-2025T07:14:19 - [TEST_STEP][PASSED] - if (i1 > -1): null

13-01-2025T07:14:19 - [TEST_STEP][PASSED] - x = x.substring(0, i1): null

13-01-2025T07:14:19 - [TEST_STEP][PASSED] - println(x): null

13-01-2025T07:14:19 - [TEST_STEP][FAILED] - return x: null

13-01-2025T07:14:19 - [TEST_STEP][PASSED] - println(tabR + "/" + tabB): null

13-01-2025T07:14:19 - [TEST_STEP][FAILED] - if (verifyEqual(tabR, tabB) == false): null

13-01-2025T07:14:19 - [MESSAGE][FAILED] - Unable to verify equal between actual object '5406850' and expected object '5364745' (Root cause: com.kms.katalon.core.exception.StepFailedException: Actual object '5406850' and expected object '5364745' are not equal
	at com.kms.katalon.core.keyword.builtin.VerifyEqualKeyword$_verifyEqual_closure1.doCall(VerifyEqualKeyword.groovy:58)
	at com.kms.katalon.core.keyword.builtin.VerifyEqualKeyword$_verifyEqual_closure1.call(VerifyEqualKeyword.groovy)
	at com.kms.katalon.core.keyword.internal.KeywordMain.runKeyword(KeywordMain.groovy:75)
	at com.kms.katalon.core.keyword.builtin.VerifyEqualKeyword.verifyEqual(VerifyEqualKeyword.groovy:63)
	at com.kms.katalon.core.keyword.builtin.VerifyEqualKeyword.execute(VerifyEqualKeyword.groovy:44)
	at com.kms.katalon.core.keyword.internal.KeywordExecutor.executeKeywordForPlatform(KeywordExecutor.groovy:74)
	at com.kms.katalon.core.keyword.BuiltinKeywords.verifyEqual(BuiltinKeywords.groovy:146)
	at jdk.internal.reflect.GeneratedMethodAccessor25.invoke(Unknown Source)
	at java.base/jdk.internal.reflect.DelegatingMethodAccessorImpl.invoke(DelegatingMethodAccessorImpl.java:43)
	at Выполнение бизнес-плана сверка дашбордов - Copy.CompareDZOData(Выполнение бизнес-плана сверка дашбордов - Copy:730)
	at Выполнение бизнес-плана сверка дашбордов - Copy.run(Выполнение бизнес-плана сверка дашбордов - Copy:648)
	at com.kms.katalon.core.main.ScriptEngine.run(ScriptEngine.java:194)
	at com.kms.katalon.core.main.ScriptEngine.runScriptAsRawText(ScriptEngine.java:119)
	at com.kms.katalon.core.main.TestCaseExecutor.runScript(TestCaseExecutor.java:448)
	at com.kms.katalon.core.main.TestCaseExecutor.doExecute(TestCaseExecutor.java:439)
	at com.kms.katalon.core.main.TestCaseExecutor.processExecutionPhase(TestCaseExecutor.java:418)
	at com.kms.katalon.core.main.TestCaseExecutor.accessMainPhase(TestCaseExecutor.java:410)
	at com.kms.katalon.core.main.TestCaseExecutor.execute(TestCaseExecutor.java:285)
	at com.kms.katalon.core.common.CommonExecutor.accessTestCaseMainPhase(CommonExecutor.java:65)
	at com.kms.katalon.core.main.TestSuiteExecutor.accessTestSuiteMainPhase(TestSuiteExecutor.java:150)
	at com.kms.katalon.core.main.TestSuiteExecutor.execute(TestSuiteExecutor.java:106)
	at com.kms.katalon.core.main.TestCaseMain.startTestSuite(TestCaseMain.java:180)
	at TempTestSuite1736740835951.run(TempTestSuite1736740835951.groovy:35)
	at java.base/jdk.internal.reflect.NativeMethodAccessorImpl.invoke0(Native Method)
	at java.base/jdk.internal.reflect.NativeMethodAccessorImpl.invoke(NativeMethodAccessorImpl.java:77)
	at java.base/jdk.internal.reflect.DelegatingMethodAccessorImpl.invoke(DelegatingMethodAccessorImpl.java:43)
)

13-01-2025T07:14:19 - [TEST_STEP][PASSED] - result = WriteToExcel(typeOfData, todaysDate, PercPlanR, PercPlanB, PercFactR, PercFactB, x, tabR, tabB, o1R, o1B, vidget): null

13-01-2025T07:14:19 - [TEST_STEP][PASSED] - iii = dZO.indexOf("/"): null

13-01-2025T07:14:19 - [TEST_STEP][PASSED] - println(iii): null

13-01-2025T07:14:19 - [TEST_STEP][PASSED] - dZO = dZO.substring(0, iii): null

13-01-2025T07:14:19 - [TEST_STEP][PASSED] - println(dZO): null

13-01-2025T07:14:19 - [TEST_STEP][PASSED] - println(PercPlanR): null

13-01-2025T07:14:19 - [TEST_STEP][PASSED] - println(PercPlanB): null

13-01-2025T07:14:19 - [TEST_STEP][PASSED] - println(PercFactR): null

13-01-2025T07:14:19 - [TEST_STEP][PASSED] - println(PercFactB): null

13-01-2025T07:14:19 - [TEST_STEP][PASSED] - println(tabR): null

13-01-2025T07:14:19 - [TEST_STEP][PASSED] - println(tabB): null

13-01-2025T07:14:19 - [TEST_STEP][PASSED] - println(o1R): null

13-01-2025T07:14:19 - [TEST_STEP][PASSED] - println(o1B): null

13-01-2025T07:14:19 - [TEST_STEP][PASSED] - PR = <not implemented yet for class: org.codehaus.groovy.ast.expr.EmptyExpression>: null

13-01-2025T07:14:19 - [TEST_STEP][PASSED] - FR = <not implemented yet for class: org.codehaus.groovy.ast.expr.EmptyExpression>: null

13-01-2025T07:14:19 - [TEST_STEP][PASSED] - PB = <not implemented yet for class: org.codehaus.groovy.ast.expr.EmptyExpression>: null

13-01-2025T07:14:19 - [TEST_STEP][PASSED] - FB = <not implemented yet for class: org.codehaus.groovy.ast.expr.EmptyExpression>: null

13-01-2025T07:14:19 - [TEST_STEP][PASSED] - TR = <not implemented yet for class: org.codehaus.groovy.ast.expr.EmptyExpression>: null

13-01-2025T07:14:19 - [TEST_STEP][PASSED] - TB = <not implemented yet for class: org.codehaus.groovy.ast.expr.EmptyExpression>: null

13-01-2025T07:14:19 - [TEST_STEP][PASSED] - sheetName = "Sheet1": null

13-01-2025T07:14:19 - [TEST_STEP][PASSED] - data = findTestData("PlanFact"): null

13-01-2025T07:14:19 - [TEST_STEP][PASSED] - n = data.getRowNumbers() + 1: null

13-01-2025T07:14:19 - [TEST_STEP][PASSED] - year = todaysDate.substring(todaysDate.length() - 4, todaysDate.length()): null

13-01-2025T07:14:19 - [TEST_STEP][PASSED] - y = year.toInteger(): null

13-01-2025T07:14:19 - [TEST_STEP][PASSED] - m = getText(findTestObject("Выполнение бизнес-плана/Выполнение бизнес-плана Балансы/Фильтр Дата")): Text of object 'Object Repository/Выполнение бизнес-плана/Выполнение бизнес-плана Балансы/Фильтр Дата' is: '1, 2, 3 кв., Октябрь, Ноябрь 2024 года'

13-01-2025T07:14:19 - [MESSAGE][PASSED] - Text of object 'Object Repository/Выполнение бизнес-плана/Выполнение бизнес-плана Балансы/Фильтр Дата' is: '1, 2, 3 кв., Октябрь, Ноябрь 2024 года'

13-01-2025T07:14:19 - [TEST_STEP][PASSED] - m = m.substring(0, m.indexOf("2024")): null

13-01-2025T07:14:19 - [TEST_STEP][PASSED] - m = m.trim(): null

13-01-2025T07:14:19 - [TEST_STEP][PASSED] - dashboardName = "Выполнение бизнес-плана": null

13-01-2025T07:14:19 - [TEST_STEP][PASSED] - workbook01 = getWorkbook(excelFilePath): null

13-01-2025T07:14:19 - [TEST_STEP][PASSED] - sheet01 = getExcelSheet(workbook01, sheetName): null

13-01-2025T07:14:19 - [TEST_STEP][PASSED] - setValueToCellByIndex(sheet01, n, 0, dashboardName): null

13-01-2025T07:14:19 - [TEST_STEP][PASSED] - setValueToCellByIndex(sheet01, n, 1, dZO): null

13-01-2025T07:14:19 - [TEST_STEP][PASSED] - setValueToCellByIndex(sheet01, n, 2, typeOfData): null

13-01-2025T07:14:19 - [TEST_STEP][PASSED] - setValueToCellByIndex(sheet01, n, 3, typeOfData): null

13-01-2025T07:14:19 - [TEST_STEP][PASSED] - if (typeOfData == "План"): null

13-01-2025T07:14:19 - [TEST_STEP][PASSED] - else if (typeOfData == "Факт"): null

13-01-2025T07:14:19 - [TEST_STEP][PASSED] - else if (vidget.contains("электроэнергии") == true): null

13-01-2025T07:14:19 - [TEST_STEP][PASSED] - if (tabR == null): null

13-01-2025T07:14:19 - [TEST_STEP][PASSED] - else: null

13-01-2025T07:14:19 - [TEST_STEP][PASSED] - if (tabR == "нет данных"): null

13-01-2025T07:14:19 - [TEST_STEP][PASSED] - else: null

13-01-2025T07:14:19 - [TEST_STEP][PASSED] - TR = tabR.toInteger(): null

13-01-2025T07:14:19 - [TEST_STEP][PASSED] - setValueToCellByIndex(sheet01, n, 4, TR): null

13-01-2025T07:14:19 - [TEST_STEP][PASSED] - if (tabB == null): null

13-01-2025T07:14:19 - [TEST_STEP][PASSED] - else: null

13-01-2025T07:14:19 - [TEST_STEP][PASSED] - if (tabB == "нет данных"): null

13-01-2025T07:14:19 - [TEST_STEP][PASSED] - else: null

13-01-2025T07:14:19 - [TEST_STEP][PASSED] - TB = tabB.toInteger(): null

13-01-2025T07:14:19 - [TEST_STEP][PASSED] - setValueToCellByIndex(sheet01, n, 5, TB): null

13-01-2025T07:14:19 - [TEST_STEP][PASSED] - setValueToCellByIndex(sheet01, n, 6, m): null

13-01-2025T07:14:19 - [TEST_STEP][PASSED] - setValueToCellByIndex(sheet01, n, 7, y): null

13-01-2025T07:14:19 - [TEST_STEP][PASSED] - setValueToCellByIndex(sheet01, n, 8, todaysDate): null

13-01-2025T07:14:19 - [TEST_STEP][PASSED] - n = n + 1: null

13-01-2025T07:14:19 - [TEST_STEP][PASSED] - saveWorkbook(excelFilePath, workbook01): null

13-01-2025T07:14:20 - [TEST_STEP][PASSED] - vidget = "Показатели баланса электроэнергии по ДЗО – План": null

13-01-2025T07:14:20 - [TEST_STEP][PASSED] - typeOfData = "План Отпуск в сеть": null

13-01-2025T07:14:20 - [TEST_STEP][PASSED] - tabR = GetOvSPlanR(x = a): null

13-01-2025T07:14:20 - [TEST_STEP][PASSED] - i1 = <not implemented yet for class: org.codehaus.groovy.ast.expr.EmptyExpression>: null

13-01-2025T07:14:20 - [TEST_STEP][PASSED] - ii = <not implemented yet for class: org.codehaus.groovy.ast.expr.EmptyExpression>: null

13-01-2025T07:14:20 - [TEST_STEP][PASSED] - for ([ii = 1, ii < 7, (ii++)]): null

13-01-2025T07:14:20 - [TEST_STEP][PASSED] - i1 = x.indexOf("/") + 1: null

13-01-2025T07:14:20 - [TEST_STEP][PASSED] - if (i1 > -1): null

13-01-2025T07:14:20 - [TEST_STEP][PASSED] - x = x.substring(i1, x.length()): null

13-01-2025T07:14:20 - [TEST_STEP][PASSED] - println(x): null

13-01-2025T07:14:20 - [TEST_STEP][PASSED] - i1 = x.indexOf("/") + 1: null

13-01-2025T07:14:20 - [TEST_STEP][PASSED] - if (i1 > -1): null

13-01-2025T07:14:20 - [TEST_STEP][PASSED] - x = x.substring(i1, x.length()): null

13-01-2025T07:14:20 - [TEST_STEP][PASSED] - println(x): null

13-01-2025T07:14:20 - [TEST_STEP][PASSED] - i1 = x.indexOf("/") + 1: null

13-01-2025T07:14:20 - [TEST_STEP][PASSED] - if (i1 > -1): null

13-01-2025T07:14:20 - [TEST_STEP][PASSED] - x = x.substring(i1, x.length()): null

13-01-2025T07:14:20 - [TEST_STEP][PASSED] - println(x): null

13-01-2025T07:14:20 - [TEST_STEP][PASSED] - i1 = x.indexOf("/") + 1: null

13-01-2025T07:14:20 - [TEST_STEP][PASSED] - if (i1 > -1): null

13-01-2025T07:14:20 - [TEST_STEP][PASSED] - x = x.substring(i1, x.length()): null

13-01-2025T07:14:20 - [TEST_STEP][PASSED] - println(x): null

13-01-2025T07:14:20 - [TEST_STEP][PASSED] - i1 = x.indexOf("/") + 1: null

13-01-2025T07:14:20 - [TEST_STEP][PASSED] - if (i1 > -1): null

13-01-2025T07:14:20 - [TEST_STEP][PASSED] - x = x.substring(i1, x.length()): null

13-01-2025T07:14:20 - [TEST_STEP][PASSED] - println(x): null

13-01-2025T07:14:20 - [TEST_STEP][PASSED] - i1 = x.indexOf("/") + 1: null

13-01-2025T07:14:20 - [TEST_STEP][PASSED] - if (i1 > -1): null

13-01-2025T07:14:20 - [TEST_STEP][PASSED] - x = x.substring(i1, x.length()): null

13-01-2025T07:14:20 - [TEST_STEP][PASSED] - println(x): null

13-01-2025T07:14:20 - [TEST_STEP][PASSED] - i1 = x.indexOf("/"): null

13-01-2025T07:14:20 - [TEST_STEP][PASSED] - if (i1 > -1): null

13-01-2025T07:14:20 - [TEST_STEP][PASSED] - x = x.substring(0, i1): null

13-01-2025T07:14:20 - [TEST_STEP][PASSED] - println(x): null

13-01-2025T07:14:20 - [TEST_STEP][PASSED] - return x: null

13-01-2025T07:14:20 - [TEST_STEP][PASSED] - tabB = GetOvSPlanB(x = b): null

13-01-2025T07:14:20 - [TEST_STEP][PASSED] - i1 = <not implemented yet for class: org.codehaus.groovy.ast.expr.EmptyExpression>: null

13-01-2025T07:14:20 - [TEST_STEP][PASSED] - ii = <not implemented yet for class: org.codehaus.groovy.ast.expr.EmptyExpression>: null

13-01-2025T07:14:20 - [TEST_STEP][PASSED] - for ([ii = 1, ii < 7, (ii++)]): null

13-01-2025T07:14:20 - [TEST_STEP][PASSED] - i1 = x.indexOf("/") + 1: null

13-01-2025T07:14:20 - [TEST_STEP][PASSED] - if (i1 > -1): null

13-01-2025T07:14:20 - [TEST_STEP][PASSED] - x = x.substring(i1, x.length()): null

13-01-2025T07:14:20 - [TEST_STEP][PASSED] - println(x): null

13-01-2025T07:14:20 - [TEST_STEP][PASSED] - i1 = x.indexOf("/") + 1: null

13-01-2025T07:14:20 - [TEST_STEP][PASSED] - if (i1 > -1): null

13-01-2025T07:14:20 - [TEST_STEP][PASSED] - x = x.substring(i1, x.length()): null

13-01-2025T07:14:20 - [TEST_STEP][PASSED] - println(x): null

13-01-2025T07:14:20 - [TEST_STEP][PASSED] - i1 = x.indexOf("/") + 1: null

13-01-2025T07:14:20 - [TEST_STEP][PASSED] - if (i1 > -1): null

13-01-2025T07:14:20 - [TEST_STEP][PASSED] - x = x.substring(i1, x.length()): null

13-01-2025T07:14:20 - [TEST_STEP][PASSED] - println(x): null

13-01-2025T07:14:20 - [TEST_STEP][PASSED] - i1 = x.indexOf("/") + 1: null

13-01-2025T07:14:20 - [TEST_STEP][PASSED] - if (i1 > -1): null

13-01-2025T07:14:20 - [TEST_STEP][PASSED] - x = x.substring(i1, x.length()): null

13-01-2025T07:14:20 - [TEST_STEP][PASSED] - println(x): null

13-01-2025T07:14:20 - [TEST_STEP][PASSED] - i1 = x.indexOf("/") + 1: null

13-01-2025T07:14:20 - [TEST_STEP][PASSED] - if (i1 > -1): null

13-01-2025T07:14:20 - [TEST_STEP][PASSED] - x = x.substring(i1, x.length()): null

13-01-2025T07:14:20 - [TEST_STEP][PASSED] - println(x): null

13-01-2025T07:14:20 - [TEST_STEP][PASSED] - i1 = x.indexOf("/") + 1: null

13-01-2025T07:14:20 - [TEST_STEP][PASSED] - if (i1 > -1): null

13-01-2025T07:14:20 - [TEST_STEP][PASSED] - x = x.substring(i1, x.length()): null

13-01-2025T07:14:20 - [TEST_STEP][PASSED] - println(x): null

13-01-2025T07:14:20 - [TEST_STEP][PASSED] - i1 = x.indexOf("/"): null

13-01-2025T07:14:20 - [TEST_STEP][PASSED] - if (i1 > -1): null

13-01-2025T07:14:20 - [TEST_STEP][PASSED] - x = x.substring(0, i1): null

13-01-2025T07:14:20 - [TEST_STEP][PASSED] - println(x): null

13-01-2025T07:14:20 - [TEST_STEP][PASSED] - return x: null

13-01-2025T07:14:20 - [TEST_STEP][PASSED] - println(tabR + "/" + tabB): null

13-01-2025T07:14:20 - [TEST_STEP][PASSED] - if (verifyEqual(PercFactR, PercFactB) == false): Actual object '9.80' and expected object '9.80' are equal

13-01-2025T07:14:20 - [MESSAGE][PASSED] - Actual object '9.80' and expected object '9.80' are equal

13-01-2025T07:14:20 - [TEST_STEP][PASSED] - typeOfData = "План Отпуск из сети": null

13-01-2025T07:14:20 - [TEST_STEP][PASSED] - tabR = GetOiSPlanR(x = a): null

13-01-2025T07:14:20 - [TEST_STEP][PASSED] - i1 = <not implemented yet for class: org.codehaus.groovy.ast.expr.EmptyExpression>: null

13-01-2025T07:14:20 - [TEST_STEP][PASSED] - ii = <not implemented yet for class: org.codehaus.groovy.ast.expr.EmptyExpression>: null

13-01-2025T07:14:20 - [TEST_STEP][PASSED] - for ([ii = 1, ii < 8, (ii++)]): null

13-01-2025T07:14:20 - [TEST_STEP][PASSED] - i1 = x.indexOf("/") + 1: null

13-01-2025T07:14:20 - [TEST_STEP][PASSED] - if (i1 > -1): null

13-01-2025T07:14:20 - [TEST_STEP][PASSED] - x = x.substring(i1, x.length()): null

13-01-2025T07:14:20 - [TEST_STEP][PASSED] - println(x): null

13-01-2025T07:14:20 - [TEST_STEP][PASSED] - i1 = x.indexOf("/") + 1: null

13-01-2025T07:14:20 - [TEST_STEP][PASSED] - if (i1 > -1): null

13-01-2025T07:14:20 - [TEST_STEP][PASSED] - x = x.substring(i1, x.length()): null

13-01-2025T07:14:20 - [TEST_STEP][PASSED] - println(x): null

13-01-2025T07:14:20 - [TEST_STEP][PASSED] - i1 = x.indexOf("/") + 1: null

13-01-2025T07:14:20 - [TEST_STEP][PASSED] - if (i1 > -1): null

13-01-2025T07:14:20 - [TEST_STEP][PASSED] - x = x.substring(i1, x.length()): null

13-01-2025T07:14:20 - [TEST_STEP][PASSED] - println(x): null

13-01-2025T07:14:20 - [TEST_STEP][PASSED] - i1 = x.indexOf("/") + 1: null

13-01-2025T07:14:20 - [TEST_STEP][PASSED] - if (i1 > -1): null

13-01-2025T07:14:20 - [TEST_STEP][PASSED] - x = x.substring(i1, x.length()): null

13-01-2025T07:14:20 - [TEST_STEP][PASSED] - println(x): null

13-01-2025T07:14:20 - [TEST_STEP][PASSED] - i1 = x.indexOf("/") + 1: null

13-01-2025T07:14:20 - [TEST_STEP][PASSED] - if (i1 > -1): null

13-01-2025T07:14:20 - [TEST_STEP][PASSED] - x = x.substring(i1, x.length()): null

13-01-2025T07:14:20 - [TEST_STEP][PASSED] - println(x): null

13-01-2025T07:14:20 - [TEST_STEP][PASSED] - i1 = x.indexOf("/") + 1: null

13-01-2025T07:14:20 - [TEST_STEP][PASSED] - if (i1 > -1): null

13-01-2025T07:14:20 - [TEST_STEP][PASSED] - x = x.substring(i1, x.length()): null

13-01-2025T07:14:20 - [TEST_STEP][PASSED] - println(x): null

13-01-2025T07:14:20 - [TEST_STEP][PASSED] - i1 = x.indexOf("/") + 1: null

13-01-2025T07:14:20 - [TEST_STEP][PASSED] - if (i1 > -1): null

13-01-2025T07:14:20 - [TEST_STEP][PASSED] - x = x.substring(i1, x.length()): null

13-01-2025T07:14:20 - [TEST_STEP][PASSED] - println(x): null

13-01-2025T07:14:20 - [TEST_STEP][PASSED] - i1 = x.indexOf("/"): null

13-01-2025T07:14:20 - [TEST_STEP][PASSED] - if (i1 > -1): null

13-01-2025T07:14:20 - [TEST_STEP][PASSED] - x = x.substring(0, i1): null

13-01-2025T07:14:20 - [TEST_STEP][PASSED] - println(x): null

13-01-2025T07:14:20 - [TEST_STEP][PASSED] - return x: null

13-01-2025T07:14:20 - [TEST_STEP][PASSED] - tabB = GetOiSPlanB(x = b): null

13-01-2025T07:14:20 - [TEST_STEP][PASSED] - i1 = <not implemented yet for class: org.codehaus.groovy.ast.expr.EmptyExpression>: null

13-01-2025T07:14:20 - [TEST_STEP][PASSED] - ii = <not implemented yet for class: org.codehaus.groovy.ast.expr.EmptyExpression>: null

13-01-2025T07:14:20 - [TEST_STEP][PASSED] - for ([ii = 1, ii < 8, (ii++)]): null

13-01-2025T07:14:20 - [TEST_STEP][PASSED] - i1 = x.indexOf("/") + 1: null

13-01-2025T07:14:20 - [TEST_STEP][PASSED] - if (i1 > -1): null

13-01-2025T07:14:20 - [TEST_STEP][PASSED] - x = x.substring(i1, x.length()): null

13-01-2025T07:14:20 - [TEST_STEP][PASSED] - println(x): null

13-01-2025T07:14:20 - [TEST_STEP][PASSED] - i1 = x.indexOf("/") + 1: null

13-01-2025T07:14:20 - [TEST_STEP][PASSED] - if (i1 > -1): null

13-01-2025T07:14:20 - [TEST_STEP][PASSED] - x = x.substring(i1, x.length()): null

13-01-2025T07:14:20 - [TEST_STEP][PASSED] - println(x): null

13-01-2025T07:14:20 - [TEST_STEP][PASSED] - i1 = x.indexOf("/") + 1: null

13-01-2025T07:14:20 - [TEST_STEP][PASSED] - if (i1 > -1): null

13-01-2025T07:14:20 - [TEST_STEP][PASSED] - x = x.substring(i1, x.length()): null

13-01-2025T07:14:20 - [TEST_STEP][PASSED] - println(x): null

13-01-2025T07:14:20 - [TEST_STEP][PASSED] - i1 = x.indexOf("/") + 1: null

13-01-2025T07:14:20 - [TEST_STEP][PASSED] - if (i1 > -1): null

13-01-2025T07:14:20 - [TEST_STEP][PASSED] - x = x.substring(i1, x.length()): null

13-01-2025T07:14:20 - [TEST_STEP][PASSED] - println(x): null

13-01-2025T07:14:20 - [TEST_STEP][PASSED] - i1 = x.indexOf("/") + 1: null

13-01-2025T07:14:20 - [TEST_STEP][PASSED] - if (i1 > -1): null

13-01-2025T07:14:20 - [TEST_STEP][PASSED] - x = x.substring(i1, x.length()): null

13-01-2025T07:14:20 - [TEST_STEP][PASSED] - println(x): null

13-01-2025T07:14:20 - [TEST_STEP][PASSED] - i1 = x.indexOf("/") + 1: null

13-01-2025T07:14:20 - [TEST_STEP][PASSED] - if (i1 > -1): null

13-01-2025T07:14:20 - [TEST_STEP][PASSED] - x = x.substring(i1, x.length()): null

13-01-2025T07:14:20 - [TEST_STEP][PASSED] - println(x): null

13-01-2025T07:14:20 - [TEST_STEP][PASSED] - i1 = x.indexOf("/") + 1: null

13-01-2025T07:14:20 - [TEST_STEP][PASSED] - if (i1 > -1): null

13-01-2025T07:14:20 - [TEST_STEP][PASSED] - x = x.substring(i1, x.length()): null

13-01-2025T07:14:20 - [TEST_STEP][PASSED] - println(x): null

13-01-2025T07:14:20 - [TEST_STEP][PASSED] - i1 = x.indexOf("/"): null

13-01-2025T07:14:20 - [TEST_STEP][PASSED] - if (i1 > -1): null

13-01-2025T07:14:20 - [TEST_STEP][PASSED] - x = x.substring(0, i1): null

13-01-2025T07:14:20 - [TEST_STEP][PASSED] - println(x): null

13-01-2025T07:14:20 - [TEST_STEP][PASSED] - return x: null

13-01-2025T07:14:20 - [TEST_STEP][PASSED] - println(tabR + "/" + tabB): null

13-01-2025T07:14:20 - [TEST_STEP][PASSED] - if (verifyEqual(PercFactR, PercFactB) == false): Actual object '9.80' and expected object '9.80' are equal

13-01-2025T07:14:20 - [MESSAGE][PASSED] - Actual object '9.80' and expected object '9.80' are equal

13-01-2025T07:14:20 - [TEST_STEP][PASSED] - typeOfData = "План Потери": null

13-01-2025T07:14:20 - [TEST_STEP][PASSED] - tabR = GetPPlanR(x = a): null

13-01-2025T07:14:20 - [TEST_STEP][PASSED] - i1 = <not implemented yet for class: org.codehaus.groovy.ast.expr.EmptyExpression>: null

13-01-2025T07:14:20 - [TEST_STEP][PASSED] - ii = <not implemented yet for class: org.codehaus.groovy.ast.expr.EmptyExpression>: null

13-01-2025T07:14:20 - [TEST_STEP][PASSED] - for ([ii = 1, ii < 9, (ii++)]): null

13-01-2025T07:14:20 - [TEST_STEP][PASSED] - i1 = x.indexOf("/") + 1: null

13-01-2025T07:14:20 - [TEST_STEP][PASSED] - if (i1 > -1): null

13-01-2025T07:14:20 - [TEST_STEP][PASSED] - x = x.substring(i1, x.length()): null

13-01-2025T07:14:20 - [TEST_STEP][PASSED] - println(x): null

13-01-2025T07:14:20 - [TEST_STEP][PASSED] - i1 = x.indexOf("/") + 1: null

13-01-2025T07:14:20 - [TEST_STEP][PASSED] - if (i1 > -1): null

13-01-2025T07:14:20 - [TEST_STEP][PASSED] - x = x.substring(i1, x.length()): null

13-01-2025T07:14:20 - [TEST_STEP][PASSED] - println(x): null

13-01-2025T07:14:20 - [TEST_STEP][PASSED] - i1 = x.indexOf("/") + 1: null

13-01-2025T07:14:20 - [TEST_STEP][PASSED] - if (i1 > -1): null

13-01-2025T07:14:20 - [TEST_STEP][PASSED] - x = x.substring(i1, x.length()): null

13-01-2025T07:14:20 - [TEST_STEP][PASSED] - println(x): null

13-01-2025T07:14:20 - [TEST_STEP][PASSED] - i1 = x.indexOf("/") + 1: null

13-01-2025T07:14:20 - [TEST_STEP][PASSED] - if (i1 > -1): null

13-01-2025T07:14:20 - [TEST_STEP][PASSED] - x = x.substring(i1, x.length()): null

13-01-2025T07:14:20 - [TEST_STEP][PASSED] - println(x): null

13-01-2025T07:14:20 - [TEST_STEP][PASSED] - i1 = x.indexOf("/") + 1: null

13-01-2025T07:14:20 - [TEST_STEP][PASSED] - if (i1 > -1): null

13-01-2025T07:14:20 - [TEST_STEP][PASSED] - x = x.substring(i1, x.length()): null

13-01-2025T07:14:20 - [TEST_STEP][PASSED] - println(x): null

13-01-2025T07:14:20 - [TEST_STEP][PASSED] - i1 = x.indexOf("/") + 1: null

13-01-2025T07:14:20 - [TEST_STEP][PASSED] - if (i1 > -1): null

13-01-2025T07:14:20 - [TEST_STEP][PASSED] - x = x.substring(i1, x.length()): null

13-01-2025T07:14:20 - [TEST_STEP][PASSED] - println(x): null

13-01-2025T07:14:20 - [TEST_STEP][PASSED] - i1 = x.indexOf("/") + 1: null

13-01-2025T07:14:20 - [TEST_STEP][PASSED] - if (i1 > -1): null

13-01-2025T07:14:20 - [TEST_STEP][PASSED] - x = x.substring(i1, x.length()): null

13-01-2025T07:14:20 - [TEST_STEP][PASSED] - println(x): null

13-01-2025T07:15:58 - [TEST_STEP][PASSED] - i1 = x.indexOf("/") + 1: null

13-01-2025T07:15:58 - [TEST_STEP][PASSED] - if (i1 > -1): null

13-01-2025T07:15:58 - [TEST_STEP][PASSED] - x = x.substring(i1, x.length()): null

13-01-2025T07:15:58 - [TEST_STEP][PASSED] - println(x): null

13-01-2025T07:15:58 - [TEST_STEP][PASSED] - i1 = x.indexOf("/"): null

13-01-2025T07:15:58 - [TEST_STEP][PASSED] - if (i1 > -1): null

13-01-2025T07:15:58 - [TEST_STEP][PASSED] - x = x.substring(0, i1): null

13-01-2025T07:15:58 - [TEST_STEP][PASSED] - println(x): null

13-01-2025T07:15:58 - [TEST_STEP][PASSED] - return x: null

13-01-2025T07:15:58 - [TEST_STEP][PASSED] - tabB = GetPPlanB(x = b): null

13-01-2025T07:15:58 - [TEST_STEP][PASSED] - i1 = <not implemented yet for class: org.codehaus.groovy.ast.expr.EmptyExpression>: null

13-01-2025T07:15:58 - [TEST_STEP][PASSED] - ii = <not implemented yet for class: org.codehaus.groovy.ast.expr.EmptyExpression>: null

13-01-2025T07:15:58 - [TEST_STEP][PASSED] - for ([ii = 1, ii < 9, (ii++)]): null

13-01-2025T07:15:58 - [TEST_STEP][PASSED] - i1 = x.indexOf("/") + 1: null

13-01-2025T07:15:58 - [TEST_STEP][PASSED] - if (i1 > -1): null

13-01-2025T07:15:58 - [TEST_STEP][PASSED] - x = x.substring(i1, x.length()): null

13-01-2025T07:15:58 - [TEST_STEP][PASSED] - println(x): null

13-01-2025T07:15:58 - [TEST_STEP][PASSED] - i1 = x.indexOf("/") + 1: null

13-01-2025T07:15:58 - [TEST_STEP][PASSED] - if (i1 > -1): null

13-01-2025T07:15:58 - [TEST_STEP][PASSED] - x = x.substring(i1, x.length()): null

13-01-2025T07:15:58 - [TEST_STEP][PASSED] - println(x): null

13-01-2025T07:15:58 - [TEST_STEP][PASSED] - i1 = x.indexOf("/") + 1: null

13-01-2025T07:15:58 - [TEST_STEP][PASSED] - if (i1 > -1): null

13-01-2025T07:15:58 - [TEST_STEP][PASSED] - x = x.substring(i1, x.length()): null

13-01-2025T07:15:58 - [TEST_STEP][PASSED] - println(x): null

13-01-2025T07:15:58 - [TEST_STEP][PASSED] - i1 = x.indexOf("/") + 1: null

13-01-2025T07:15:58 - [TEST_STEP][PASSED] - if (i1 > -1): null

13-01-2025T07:15:58 - [TEST_STEP][PASSED] - x = x.substring(i1, x.length()): null

13-01-2025T07:15:58 - [TEST_STEP][PASSED] - println(x): null

13-01-2025T07:15:58 - [TEST_STEP][PASSED] - i1 = x.indexOf("/") + 1: null

13-01-2025T07:15:58 - [TEST_STEP][PASSED] - if (i1 > -1): null

13-01-2025T07:15:58 - [TEST_STEP][PASSED] - x = x.substring(i1, x.length()): null

13-01-2025T07:15:58 - [TEST_STEP][PASSED] - println(x): null

13-01-2025T07:15:58 - [TEST_STEP][PASSED] - i1 = x.indexOf("/") + 1: null

13-01-2025T07:15:58 - [TEST_STEP][PASSED] - if (i1 > -1): null

13-01-2025T07:15:58 - [TEST_STEP][PASSED] - x = x.substring(i1, x.length()): null

13-01-2025T07:15:58 - [TEST_STEP][PASSED] - println(x): null

13-01-2025T07:15:58 - [TEST_STEP][PASSED] - i1 = x.indexOf("/") + 1: null

13-01-2025T07:15:58 - [TEST_STEP][PASSED] - if (i1 > -1): null

13-01-2025T07:15:58 - [TEST_STEP][PASSED] - x = x.substring(i1, x.length()): null

13-01-2025T07:15:58 - [TEST_STEP][PASSED] - println(x): null

13-01-2025T07:15:58 - [TEST_STEP][PASSED] - i1 = x.indexOf("/") + 1: null

13-01-2025T07:15:58 - [TEST_STEP][PASSED] - if (i1 > -1): null

13-01-2025T07:15:58 - [TEST_STEP][PASSED] - x = x.substring(i1, x.length()): null

13-01-2025T07:15:58 - [TEST_STEP][PASSED] - println(x): null

13-01-2025T07:15:58 - [TEST_STEP][PASSED] - i1 = x.indexOf("/"): null

13-01-2025T07:15:58 - [TEST_STEP][PASSED] - if (i1 > -1): null

13-01-2025T07:15:58 - [TEST_STEP][PASSED] - x = x.substring(0, i1): null

13-01-2025T07:15:58 - [TEST_STEP][PASSED] - println(x): null

13-01-2025T07:15:58 - [TEST_STEP][PASSED] - return x: null

13-01-2025T07:15:58 - [TEST_STEP][PASSED] - println(tabR + "/" + tabB): null

13-01-2025T07:15:58 - [TEST_STEP][PASSED] - if (verifyEqual(PercFactR, PercFactB) == false): Actual object '9.80' and expected object '9.80' are equal

13-01-2025T07:15:58 - [MESSAGE][PASSED] - Actual object '9.80' and expected object '9.80' are equal

13-01-2025T07:15:58 - [TEST_STEP][PASSED] - ii2 = a.indexOf("ПАО"): null

13-01-2025T07:15:58 - [TEST_STEP][PASSED] - if (ii2 == -1): null

13-01-2025T07:15:58 - [TEST_STEP][PASSED] - vidget = "Отклонения фактического уровня потерь от бизнес-плана": null

13-01-2025T07:15:58 - [TEST_STEP][PASSED] - typeOfData = "Коэффициент": null

13-01-2025T07:15:58 - [TEST_STEP][PASSED] - o1R = Geto1R(x = a): null

13-01-2025T07:15:58 - [TEST_STEP][PASSED] - i1 = <not implemented yet for class: org.codehaus.groovy.ast.expr.EmptyExpression>: null

13-01-2025T07:15:58 - [TEST_STEP][PASSED] - ii = <not implemented yet for class: org.codehaus.groovy.ast.expr.EmptyExpression>: null

13-01-2025T07:15:58 - [TEST_STEP][PASSED] - for ([ii = 1, ii < 10, (ii++)]): null

13-01-2025T07:15:58 - [TEST_STEP][PASSED] - i1 = x.indexOf("/") + 1: null

13-01-2025T07:15:58 - [TEST_STEP][PASSED] - if (i1 > -1): null

13-01-2025T07:15:58 - [TEST_STEP][PASSED] - x = x.substring(i1, x.length()): null

13-01-2025T07:15:58 - [TEST_STEP][PASSED] - i1 = x.indexOf("/") + 1: null

13-01-2025T07:15:58 - [TEST_STEP][PASSED] - if (i1 > -1): null

13-01-2025T07:15:58 - [TEST_STEP][PASSED] - x = x.substring(i1, x.length()): null

13-01-2025T07:15:58 - [TEST_STEP][PASSED] - i1 = x.indexOf("/") + 1: null

13-01-2025T07:15:58 - [TEST_STEP][PASSED] - if (i1 > -1): null

13-01-2025T07:15:58 - [TEST_STEP][PASSED] - x = x.substring(i1, x.length()): null

13-01-2025T07:15:58 - [TEST_STEP][PASSED] - i1 = x.indexOf("/") + 1: null

13-01-2025T07:15:58 - [TEST_STEP][PASSED] - if (i1 > -1): null

13-01-2025T07:15:58 - [TEST_STEP][PASSED] - x = x.substring(i1, x.length()): null

13-01-2025T07:15:58 - [TEST_STEP][PASSED] - i1 = x.indexOf("/") + 1: null

13-01-2025T07:15:58 - [TEST_STEP][PASSED] - if (i1 > -1): null

13-01-2025T07:15:58 - [TEST_STEP][PASSED] - x = x.substring(i1, x.length()): null

13-01-2025T07:15:58 - [TEST_STEP][PASSED] - i1 = x.indexOf("/") + 1: null

13-01-2025T07:15:58 - [TEST_STEP][PASSED] - if (i1 > -1): null

13-01-2025T07:15:58 - [TEST_STEP][PASSED] - x = x.substring(i1, x.length()): null

13-01-2025T07:15:58 - [TEST_STEP][PASSED] - i1 = x.indexOf("/") + 1: null

13-01-2025T07:15:58 - [TEST_STEP][PASSED] - if (i1 > -1): null

13-01-2025T07:15:58 - [TEST_STEP][PASSED] - x = x.substring(i1, x.length()): null

13-01-2025T07:15:58 - [TEST_STEP][PASSED] - i1 = x.indexOf("/") + 1: null

13-01-2025T07:15:58 - [TEST_STEP][PASSED] - if (i1 > -1): null

13-01-2025T07:15:58 - [TEST_STEP][PASSED] - x = x.substring(i1, x.length()): null

13-01-2025T07:15:58 - [TEST_STEP][PASSED] - i1 = x.indexOf("/") + 1: null

13-01-2025T07:15:58 - [TEST_STEP][PASSED] - if (i1 > -1): null

13-01-2025T07:15:58 - [TEST_STEP][PASSED] - x = x.substring(i1, x.length()): null

13-01-2025T07:15:58 - [TEST_STEP][PASSED] - i1 = x.indexOf("/"): null

13-01-2025T07:15:58 - [TEST_STEP][PASSED] - if (i1 > -1): null

13-01-2025T07:15:58 - [TEST_STEP][PASSED] - println(x): null

13-01-2025T07:15:58 - [TEST_STEP][PASSED] - return x: null

13-01-2025T07:15:58 - [TEST_STEP][PASSED] - o1B = Geto1B(x = b): null

13-01-2025T07:15:58 - [TEST_STEP][PASSED] - i1 = <not implemented yet for class: org.codehaus.groovy.ast.expr.EmptyExpression>: null

13-01-2025T07:15:58 - [TEST_STEP][PASSED] - ii = <not implemented yet for class: org.codehaus.groovy.ast.expr.EmptyExpression>: null

13-01-2025T07:15:58 - [TEST_STEP][PASSED] - for ([ii = 1, ii < 10, (ii++)]): null

13-01-2025T07:15:58 - [TEST_STEP][PASSED] - i1 = x.indexOf("/") + 1: null

13-01-2025T07:15:58 - [TEST_STEP][PASSED] - if (i1 > -1): null

13-01-2025T07:15:58 - [TEST_STEP][PASSED] - x = x.substring(i1, x.length()): null

13-01-2025T07:15:58 - [TEST_STEP][PASSED] - i1 = x.indexOf("/") + 1: null

13-01-2025T07:15:58 - [TEST_STEP][PASSED] - if (i1 > -1): null

13-01-2025T07:15:58 - [TEST_STEP][PASSED] - x = x.substring(i1, x.length()): null

13-01-2025T07:15:58 - [TEST_STEP][PASSED] - i1 = x.indexOf("/") + 1: null

13-01-2025T07:15:58 - [TEST_STEP][PASSED] - if (i1 > -1): null

13-01-2025T07:15:58 - [TEST_STEP][PASSED] - x = x.substring(i1, x.length()): null

13-01-2025T07:15:58 - [TEST_STEP][PASSED] - i1 = x.indexOf("/") + 1: null

13-01-2025T07:15:58 - [TEST_STEP][PASSED] - if (i1 > -1): null

13-01-2025T07:15:58 - [TEST_STEP][PASSED] - x = x.substring(i1, x.length()): null

13-01-2025T07:15:58 - [TEST_STEP][PASSED] - i1 = x.indexOf("/") + 1: null

13-01-2025T07:15:58 - [TEST_STEP][PASSED] - if (i1 > -1): null

13-01-2025T07:15:58 - [TEST_STEP][PASSED] - x = x.substring(i1, x.length()): null

13-01-2025T07:15:58 - [TEST_STEP][PASSED] - i1 = x.indexOf("/") + 1: null

13-01-2025T07:15:58 - [TEST_STEP][PASSED] - if (i1 > -1): null

13-01-2025T07:15:58 - [TEST_STEP][PASSED] - x = x.substring(i1, x.length()): null

13-01-2025T07:15:58 - [TEST_STEP][PASSED] - i1 = x.indexOf("/") + 1: null

13-01-2025T07:15:58 - [TEST_STEP][PASSED] - if (i1 > -1): null

13-01-2025T07:15:58 - [TEST_STEP][PASSED] - x = x.substring(i1, x.length()): null

13-01-2025T07:15:58 - [TEST_STEP][PASSED] - i1 = x.indexOf("/") + 1: null

13-01-2025T07:15:58 - [TEST_STEP][PASSED] - if (i1 > -1): null

13-01-2025T07:15:58 - [TEST_STEP][PASSED] - x = x.substring(i1, x.length()): null

13-01-2025T07:15:58 - [TEST_STEP][PASSED] - i1 = x.indexOf("/") + 1: null

13-01-2025T07:15:58 - [TEST_STEP][PASSED] - if (i1 > -1): null

13-01-2025T07:15:58 - [TEST_STEP][PASSED] - x = x.substring(i1, x.length()): null

13-01-2025T07:15:58 - [TEST_STEP][PASSED] - i1 = x.indexOf("/"): null

13-01-2025T07:15:58 - [TEST_STEP][PASSED] - if (i1 > -1): null

13-01-2025T07:15:58 - [TEST_STEP][PASSED] - println(x): null

13-01-2025T07:15:58 - [TEST_STEP][FAILED] - return x: null

13-01-2025T07:15:58 - [TEST_STEP][PASSED] - println(o1R + "/" + o1B): null

13-01-2025T07:15:58 - [TEST_STEP][PASSED] - if (verifyEqual(PercFactR, PercFactB) == false): Actual object '9.80' and expected object '9.80' are equal

13-01-2025T07:15:58 - [MESSAGE][PASSED] - Actual object '9.80' and expected object '9.80' are equal

13-01-2025T07:15:58 - [TEST_STEP][FAILED] - if (verifyEqual(cIPR, cIPB) == false): null

13-01-2025T07:15:58 - [MESSAGE][FAILED] - Unable to verify equal between actual object 'Россети Центр и Приволжье (ГК)/7.17/6.90/50521486/47031337/3490149/48819116/45313619/3505497/-0.27' and expected object 'Россети Центр и Приволжье (ГК)/7.17/6.90/50348815/46874698/3474117/нет данных/нет данных/нет данных/-0.27' (Root cause: com.kms.katalon.core.exception.StepFailedException: Actual object 'Россети Центр и Приволжье (ГК)/7.17/6.90/50521486/47031337/3490149/48819116/45313619/3505497/-0.27' and expected object 'Россети Центр и Приволжье (ГК)/7.17/6.90/50348815/46874698/3474117/нет данных/нет данных/нет данных/-0.27' are not equal
	at com.kms.katalon.core.keyword.builtin.VerifyEqualKeyword$_verifyEqual_closure1.doCall(VerifyEqualKeyword.groovy:58)
	at com.kms.katalon.core.keyword.builtin.VerifyEqualKeyword$_verifyEqual_closure1.call(VerifyEqualKeyword.groovy)
	at com.kms.katalon.core.keyword.internal.KeywordMain.runKeyword(KeywordMain.groovy:75)
	at com.kms.katalon.core.keyword.builtin.VerifyEqualKeyword.verifyEqual(VerifyEqualKeyword.groovy:63)
	at com.kms.katalon.core.keyword.builtin.VerifyEqualKeyword.execute(VerifyEqualKeyword.groovy:44)
	at com.kms.katalon.core.keyword.internal.KeywordExecutor.executeKeywordForPlatform(KeywordExecutor.groovy:74)
	at com.kms.katalon.core.keyword.BuiltinKeywords.verifyEqual(BuiltinKeywords.groovy:146)
	at jdk.internal.reflect.GeneratedMethodAccessor25.invoke(Unknown Source)
	at java.base/jdk.internal.reflect.DelegatingMethodAccessorImpl.invoke(DelegatingMethodAccessorImpl.java:43)
	at Выполнение бизнес-плана сверка дашбордов - Copy.run(Выполнение бизнес-плана сверка дашбордов - Copy:652)
	at com.kms.katalon.core.main.ScriptEngine.run(ScriptEngine.java:194)
	at com.kms.katalon.core.main.ScriptEngine.runScriptAsRawText(ScriptEngine.java:119)
	at com.kms.katalon.core.main.TestCaseExecutor.runScript(TestCaseExecutor.java:448)
	at com.kms.katalon.core.main.TestCaseExecutor.doExecute(TestCaseExecutor.java:439)
	at com.kms.katalon.core.main.TestCaseExecutor.processExecutionPhase(TestCaseExecutor.java:418)
	at com.kms.katalon.core.main.TestCaseExecutor.accessMainPhase(TestCaseExecutor.java:410)
	at com.kms.katalon.core.main.TestCaseExecutor.execute(TestCaseExecutor.java:285)
	at com.kms.katalon.core.common.CommonExecutor.accessTestCaseMainPhase(CommonExecutor.java:65)
	at com.kms.katalon.core.main.TestSuiteExecutor.accessTestSuiteMainPhase(TestSuiteExecutor.java:150)
	at com.kms.katalon.core.main.TestSuiteExecutor.execute(TestSuiteExecutor.java:106)
	at com.kms.katalon.core.main.TestCaseMain.startTestSuite(TestCaseMain.java:180)
	at TempTestSuite1736740835951.run(TempTestSuite1736740835951.groovy:35)
	at java.base/jdk.internal.reflect.NativeMethodAccessorImpl.invoke0(Native Method)
	at java.base/jdk.internal.reflect.NativeMethodAccessorImpl.invoke(NativeMethodAccessorImpl.java:77)
	at java.base/jdk.internal.reflect.DelegatingMethodAccessorImpl.invoke(DelegatingMethodAccessorImpl.java:43)
)

13-01-2025T07:15:58 - [TEST_STEP][PASSED] - result = CompareDZOData(a = cIPR, b = cIPB, dZO, typeOfData, PercPlanR, PercPlanB, PercFactR, PercFactB, todaysDate, x, vidget, tabR, tabB, o1R, o1B): null

13-01-2025T07:15:58 - [TEST_STEP][PASSED] - ii2 = <not implemented yet for class: org.codehaus.groovy.ast.expr.EmptyExpression>: null

13-01-2025T07:15:58 - [TEST_STEP][FAILED] - if (verifyEqual(a, b) == false): null

13-01-2025T07:15:58 - [MESSAGE][FAILED] - Unable to verify equal between actual object 'Россети Центр и Приволжье (ГК)/7.17/6.90/50521486/47031337/3490149/48819116/45313619/3505497/-0.27' and expected object 'Россети Центр и Приволжье (ГК)/7.17/6.90/50348815/46874698/3474117/нет данных/нет данных/нет данных/-0.27' (Root cause: com.kms.katalon.core.exception.StepFailedException: Actual object 'Россети Центр и Приволжье (ГК)/7.17/6.90/50521486/47031337/3490149/48819116/45313619/3505497/-0.27' and expected object 'Россети Центр и Приволжье (ГК)/7.17/6.90/50348815/46874698/3474117/нет данных/нет данных/нет данных/-0.27' are not equal
	at com.kms.katalon.core.keyword.builtin.VerifyEqualKeyword$_verifyEqual_closure1.doCall(VerifyEqualKeyword.groovy:58)
	at com.kms.katalon.core.keyword.builtin.VerifyEqualKeyword$_verifyEqual_closure1.call(VerifyEqualKeyword.groovy)
	at com.kms.katalon.core.keyword.internal.KeywordMain.runKeyword(KeywordMain.groovy:75)
	at com.kms.katalon.core.keyword.builtin.VerifyEqualKeyword.verifyEqual(VerifyEqualKeyword.groovy:63)
	at com.kms.katalon.core.keyword.builtin.VerifyEqualKeyword.execute(VerifyEqualKeyword.groovy:44)
	at com.kms.katalon.core.keyword.internal.KeywordExecutor.executeKeywordForPlatform(KeywordExecutor.groovy:74)
	at com.kms.katalon.core.keyword.BuiltinKeywords.verifyEqual(BuiltinKeywords.groovy:146)
	at jdk.internal.reflect.GeneratedMethodAccessor25.invoke(Unknown Source)
	at java.base/jdk.internal.reflect.DelegatingMethodAccessorImpl.invoke(DelegatingMethodAccessorImpl.java:43)
	at Выполнение бизнес-плана сверка дашбордов - Copy.CompareDZOData(Выполнение бизнес-плана сверка дашбордов - Copy:673)
	at Выполнение бизнес-плана сверка дашбордов - Copy.run(Выполнение бизнес-плана сверка дашбордов - Copy:653)
	at com.kms.katalon.core.main.ScriptEngine.run(ScriptEngine.java:194)
	at com.kms.katalon.core.main.ScriptEngine.runScriptAsRawText(ScriptEngine.java:119)
	at com.kms.katalon.core.main.TestCaseExecutor.runScript(TestCaseExecutor.java:448)
	at com.kms.katalon.core.main.TestCaseExecutor.doExecute(TestCaseExecutor.java:439)
	at com.kms.katalon.core.main.TestCaseExecutor.processExecutionPhase(TestCaseExecutor.java:418)
	at com.kms.katalon.core.main.TestCaseExecutor.accessMainPhase(TestCaseExecutor.java:410)
	at com.kms.katalon.core.main.TestCaseExecutor.execute(TestCaseExecutor.java:285)
	at com.kms.katalon.core.common.CommonExecutor.accessTestCaseMainPhase(CommonExecutor.java:65)
	at com.kms.katalon.core.main.TestSuiteExecutor.accessTestSuiteMainPhase(TestSuiteExecutor.java:150)
	at com.kms.katalon.core.main.TestSuiteExecutor.execute(TestSuiteExecutor.java:106)
	at com.kms.katalon.core.main.TestCaseMain.startTestSuite(TestCaseMain.java:180)
	at TempTestSuite1736740835951.run(TempTestSuite1736740835951.groovy:35)
	at java.base/jdk.internal.reflect.NativeMethodAccessorImpl.invoke0(Native Method)
	at java.base/jdk.internal.reflect.NativeMethodAccessorImpl.invoke(NativeMethodAccessorImpl.java:77)
	at java.base/jdk.internal.reflect.DelegatingMethodAccessorImpl.invoke(DelegatingMethodAccessorImpl.java:43)
)

13-01-2025T07:15:58 - [TEST_STEP][PASSED] - vidget = "Уровень потерь электроэнергии": null

13-01-2025T07:15:58 - [TEST_STEP][PASSED] - typeOfData = "План": null

13-01-2025T07:15:58 - [TEST_STEP][PASSED] - PercPlanR = GetPercPlanR(x = a): null

13-01-2025T07:15:58 - [TEST_STEP][PASSED] - i1 = <not implemented yet for class: org.codehaus.groovy.ast.expr.EmptyExpression>: null

13-01-2025T07:15:58 - [TEST_STEP][PASSED] - i1 = x.indexOf("/") + 1: null

13-01-2025T07:15:58 - [TEST_STEP][PASSED] - if (i1 > -1): null

13-01-2025T07:15:58 - [TEST_STEP][PASSED] - x = x.substring(i1, x.length()): null

13-01-2025T07:15:58 - [TEST_STEP][PASSED] - i1 = x.indexOf("/"): null

13-01-2025T07:15:58 - [TEST_STEP][PASSED] - if (i1 > -1): null

13-01-2025T07:15:58 - [TEST_STEP][PASSED] - x = x.substring(0, i1): null

13-01-2025T07:15:58 - [TEST_STEP][PASSED] - return x: null

13-01-2025T07:15:58 - [TEST_STEP][PASSED] - PercPlanB = GetPercPlanB(x = b): null

13-01-2025T07:15:58 - [TEST_STEP][PASSED] - i1 = <not implemented yet for class: org.codehaus.groovy.ast.expr.EmptyExpression>: null

13-01-2025T07:15:58 - [TEST_STEP][PASSED] - i1 = x.indexOf("/") + 1: null

13-01-2025T07:15:58 - [TEST_STEP][PASSED] - if (i1 > -1): null

13-01-2025T07:15:58 - [TEST_STEP][PASSED] - x = x.substring(i1, x.length()): null

13-01-2025T07:15:58 - [TEST_STEP][PASSED] - i1 = x.indexOf("/"): null

13-01-2025T07:15:58 - [TEST_STEP][PASSED] - if (i1 > -1): null

13-01-2025T07:15:58 - [TEST_STEP][PASSED] - x = x.substring(0, i1): null

13-01-2025T07:15:58 - [TEST_STEP][PASSED] - return x: null

13-01-2025T07:15:58 - [TEST_STEP][PASSED] - if (verifyEqual(PercPlanR, PercPlanB) == false): Actual object '7.17' and expected object '7.17' are equal

13-01-2025T07:15:58 - [MESSAGE][PASSED] - Actual object '7.17' and expected object '7.17' are equal

13-01-2025T07:15:58 - [TEST_STEP][PASSED] - typeOfData = "Факт": null

13-01-2025T07:15:58 - [TEST_STEP][PASSED] - PercFactR = GetPercFactR(x = a): null

13-01-2025T07:15:58 - [TEST_STEP][PASSED] - i1 = <not implemented yet for class: org.codehaus.groovy.ast.expr.EmptyExpression>: null

13-01-2025T07:15:58 - [TEST_STEP][PASSED] - ii = <not implemented yet for class: org.codehaus.groovy.ast.expr.EmptyExpression>: null

13-01-2025T07:15:58 - [TEST_STEP][PASSED] - for ([ii = 1, ii < 3, (ii++)]): null

13-01-2025T07:15:58 - [TEST_STEP][PASSED] - i1 = x.indexOf("/") + 1: null

13-01-2025T07:15:58 - [TEST_STEP][PASSED] - if (i1 > -1): null

13-01-2025T07:15:58 - [TEST_STEP][PASSED] - x = x.substring(i1, x.length()): null

13-01-2025T07:15:58 - [TEST_STEP][PASSED] - println(x): null

13-01-2025T07:15:58 - [TEST_STEP][PASSED] - i1 = x.indexOf("/") + 1: null

13-01-2025T07:15:58 - [TEST_STEP][PASSED] - if (i1 > -1): null

13-01-2025T07:15:58 - [TEST_STEP][PASSED] - x = x.substring(i1, x.length()): null

13-01-2025T07:15:58 - [TEST_STEP][PASSED] - println(x): null

13-01-2025T07:15:58 - [TEST_STEP][PASSED] - i1 = x.indexOf("/"): null

13-01-2025T07:15:58 - [TEST_STEP][PASSED] - if (i1 > -1): null

13-01-2025T07:15:58 - [TEST_STEP][PASSED] - x = x.substring(0, i1): null

13-01-2025T07:15:58 - [TEST_STEP][PASSED] - println(x): null

13-01-2025T07:15:58 - [TEST_STEP][PASSED] - return x: null

13-01-2025T07:15:58 - [TEST_STEP][PASSED] - PercFactB = GetPercFactB(x = b): null

13-01-2025T07:15:58 - [TEST_STEP][PASSED] - i1 = <not implemented yet for class: org.codehaus.groovy.ast.expr.EmptyExpression>: null

13-01-2025T07:15:58 - [TEST_STEP][PASSED] - ii = <not implemented yet for class: org.codehaus.groovy.ast.expr.EmptyExpression>: null

13-01-2025T07:15:58 - [TEST_STEP][PASSED] - for ([ii = 1, ii < 3, (ii++)]): null

13-01-2025T07:15:58 - [TEST_STEP][PASSED] - i1 = x.indexOf("/") + 1: null

13-01-2025T07:15:58 - [TEST_STEP][PASSED] - if (i1 > -1): null

13-01-2025T07:15:58 - [TEST_STEP][PASSED] - x = x.substring(i1, x.length()): null

13-01-2025T07:15:58 - [TEST_STEP][PASSED] - println(x): null

13-01-2025T07:15:58 - [TEST_STEP][PASSED] - i1 = x.indexOf("/") + 1: null

13-01-2025T07:15:58 - [TEST_STEP][PASSED] - if (i1 > -1): null

13-01-2025T07:15:58 - [TEST_STEP][PASSED] - x = x.substring(i1, x.length()): null

13-01-2025T07:15:58 - [TEST_STEP][PASSED] - println(x): null

13-01-2025T07:15:58 - [TEST_STEP][PASSED] - i1 = x.indexOf("/"): null

13-01-2025T07:15:58 - [TEST_STEP][PASSED] - if (i1 > -1): null

13-01-2025T07:15:58 - [TEST_STEP][PASSED] - x = x.substring(0, i1): null

13-01-2025T07:15:58 - [TEST_STEP][PASSED] - println(x): null

13-01-2025T07:15:58 - [TEST_STEP][PASSED] - return x: null

13-01-2025T07:15:58 - [TEST_STEP][PASSED] - if (verifyEqual(PercFactR, PercFactB) == false): Actual object '6.90' and expected object '6.90' are equal

13-01-2025T07:15:58 - [MESSAGE][PASSED] - Actual object '6.90' and expected object '6.90' are equal

13-01-2025T07:15:58 - [TEST_STEP][PASSED] - vidget = "Показатели баланса электроэнергии по ДЗО – Факт": null

13-01-2025T07:15:58 - [TEST_STEP][PASSED] - typeOfData = "Факт Отпуск в сеть": null

13-01-2025T07:15:58 - [TEST_STEP][PASSED] - tabR = GetOvSFactR(x = a): null

13-01-2025T07:15:58 - [TEST_STEP][PASSED] - i1 = <not implemented yet for class: org.codehaus.groovy.ast.expr.EmptyExpression>: null

13-01-2025T07:15:58 - [TEST_STEP][PASSED] - ii = <not implemented yet for class: org.codehaus.groovy.ast.expr.EmptyExpression>: null

13-01-2025T07:15:58 - [TEST_STEP][PASSED] - for ([ii = 1, ii < 4, (ii++)]): null

13-01-2025T07:15:58 - [TEST_STEP][PASSED] - i1 = x.indexOf("/") + 1: null

13-01-2025T07:15:58 - [TEST_STEP][PASSED] - if (i1 > -1): null

13-01-2025T07:15:58 - [TEST_STEP][PASSED] - x = x.substring(i1, x.length()): null

13-01-2025T07:15:58 - [TEST_STEP][PASSED] - println(x): null

13-01-2025T07:15:58 - [TEST_STEP][PASSED] - i1 = x.indexOf("/") + 1: null

13-01-2025T07:15:58 - [TEST_STEP][PASSED] - if (i1 > -1): null

13-01-2025T07:15:58 - [TEST_STEP][PASSED] - x = x.substring(i1, x.length()): null

13-01-2025T07:15:58 - [TEST_STEP][PASSED] - println(x): null

13-01-2025T07:15:58 - [TEST_STEP][PASSED] - i1 = x.indexOf("/") + 1: null

13-01-2025T07:15:58 - [TEST_STEP][PASSED] - if (i1 > -1): null

13-01-2025T07:15:58 - [TEST_STEP][PASSED] - x = x.substring(i1, x.length()): null

13-01-2025T07:15:58 - [TEST_STEP][PASSED] - println(x): null

13-01-2025T07:15:58 - [TEST_STEP][PASSED] - i1 = x.indexOf("/"): null

13-01-2025T07:15:58 - [TEST_STEP][PASSED] - if (i1 > -1): null

13-01-2025T07:15:58 - [TEST_STEP][PASSED] - x = x.substring(0, i1): null

13-01-2025T07:15:58 - [TEST_STEP][PASSED] - println(x): null

13-01-2025T07:15:58 - [TEST_STEP][PASSED] - return x: null

13-01-2025T07:15:58 - [TEST_STEP][PASSED] - tabB = GetOvSFactB(x = b): null

13-01-2025T07:15:58 - [TEST_STEP][PASSED] - i1 = <not implemented yet for class: org.codehaus.groovy.ast.expr.EmptyExpression>: null

13-01-2025T07:15:58 - [TEST_STEP][PASSED] - ii = <not implemented yet for class: org.codehaus.groovy.ast.expr.EmptyExpression>: null

13-01-2025T07:15:58 - [TEST_STEP][PASSED] - for ([ii = 1, ii < 4, (ii++)]): null

13-01-2025T07:15:58 - [TEST_STEP][PASSED] - i1 = x.indexOf("/") + 1: null

13-01-2025T07:15:58 - [TEST_STEP][PASSED] - if (i1 > -1): null

13-01-2025T07:15:58 - [TEST_STEP][PASSED] - x = x.substring(i1, x.length()): null

13-01-2025T07:15:58 - [TEST_STEP][PASSED] - println(x): null

13-01-2025T07:15:58 - [TEST_STEP][PASSED] - i1 = x.indexOf("/") + 1: null

13-01-2025T07:15:58 - [TEST_STEP][PASSED] - if (i1 > -1): null

13-01-2025T07:15:58 - [TEST_STEP][PASSED] - x = x.substring(i1, x.length()): null

13-01-2025T07:15:58 - [TEST_STEP][PASSED] - println(x): null

13-01-2025T07:15:58 - [TEST_STEP][PASSED] - i1 = x.indexOf("/") + 1: null

13-01-2025T07:15:58 - [TEST_STEP][PASSED] - if (i1 > -1): null

13-01-2025T07:15:58 - [TEST_STEP][PASSED] - x = x.substring(i1, x.length()): null

13-01-2025T07:15:58 - [TEST_STEP][PASSED] - println(x): null

13-01-2025T07:15:58 - [TEST_STEP][PASSED] - i1 = x.indexOf("/"): null

13-01-2025T07:15:58 - [TEST_STEP][PASSED] - if (i1 > -1): null

13-01-2025T07:15:58 - [TEST_STEP][PASSED] - x = x.substring(0, i1): null

13-01-2025T07:15:58 - [TEST_STEP][PASSED] - println(x): null

13-01-2025T07:15:58 - [TEST_STEP][FAILED] - return x: null

13-01-2025T07:15:58 - [TEST_STEP][FAILED] - if (verifyEqual(tabR, tabB) == false): null

13-01-2025T07:15:58 - [MESSAGE][FAILED] - Unable to verify equal between actual object '50521486' and expected object '50348815' (Root cause: com.kms.katalon.core.exception.StepFailedException: Actual object '50521486' and expected object '50348815' are not equal
	at com.kms.katalon.core.keyword.builtin.VerifyEqualKeyword$_verifyEqual_closure1.doCall(VerifyEqualKeyword.groovy:58)
	at com.kms.katalon.core.keyword.builtin.VerifyEqualKeyword$_verifyEqual_closure1.call(VerifyEqualKeyword.groovy)
	at com.kms.katalon.core.keyword.internal.KeywordMain.runKeyword(KeywordMain.groovy:75)
	at com.kms.katalon.core.keyword.builtin.VerifyEqualKeyword.verifyEqual(VerifyEqualKeyword.groovy:63)
	at com.kms.katalon.core.keyword.builtin.VerifyEqualKeyword.execute(VerifyEqualKeyword.groovy:44)
	at com.kms.katalon.core.keyword.internal.KeywordExecutor.executeKeywordForPlatform(KeywordExecutor.groovy:74)
	at com.kms.katalon.core.keyword.BuiltinKeywords.verifyEqual(BuiltinKeywords.groovy:146)
	at jdk.internal.reflect.GeneratedMethodAccessor25.invoke(Unknown Source)
	at java.base/jdk.internal.reflect.DelegatingMethodAccessorImpl.invoke(DelegatingMethodAccessorImpl.java:43)
	at Выполнение бизнес-плана сверка дашбордов - Copy.CompareDZOData(Выполнение бизнес-плана сверка дашбордов - Copy:706)
	at Выполнение бизнес-плана сверка дашбордов - Copy.run(Выполнение бизнес-плана сверка дашбордов - Copy:653)
	at com.kms.katalon.core.main.ScriptEngine.run(ScriptEngine.java:194)
	at com.kms.katalon.core.main.ScriptEngine.runScriptAsRawText(ScriptEngine.java:119)
	at com.kms.katalon.core.main.TestCaseExecutor.runScript(TestCaseExecutor.java:448)
	at com.kms.katalon.core.main.TestCaseExecutor.doExecute(TestCaseExecutor.java:439)
	at com.kms.katalon.core.main.TestCaseExecutor.processExecutionPhase(TestCaseExecutor.java:418)
	at com.kms.katalon.core.main.TestCaseExecutor.accessMainPhase(TestCaseExecutor.java:410)
	at com.kms.katalon.core.main.TestCaseExecutor.execute(TestCaseExecutor.java:285)
	at com.kms.katalon.core.common.CommonExecutor.accessTestCaseMainPhase(CommonExecutor.java:65)
	at com.kms.katalon.core.main.TestSuiteExecutor.accessTestSuiteMainPhase(TestSuiteExecutor.java:150)
	at com.kms.katalon.core.main.TestSuiteExecutor.execute(TestSuiteExecutor.java:106)
	at com.kms.katalon.core.main.TestCaseMain.startTestSuite(TestCaseMain.java:180)
	at TempTestSuite1736740835951.run(TempTestSuite1736740835951.groovy:35)
	at java.base/jdk.internal.reflect.NativeMethodAccessorImpl.invoke0(Native Method)
	at java.base/jdk.internal.reflect.NativeMethodAccessorImpl.invoke(NativeMethodAccessorImpl.java:77)
	at java.base/jdk.internal.reflect.DelegatingMethodAccessorImpl.invoke(DelegatingMethodAccessorImpl.java:43)
)

13-01-2025T07:15:58 - [TEST_STEP][PASSED] - result = WriteToExcel(typeOfData, todaysDate, PercPlanR, PercPlanB, PercFactR, PercFactB, x, tabR, tabB, o1R, o1B, vidget): null

13-01-2025T07:15:58 - [TEST_STEP][PASSED] - iii = dZO.indexOf("/"): null

13-01-2025T07:15:58 - [TEST_STEP][PASSED] - println(iii): null

13-01-2025T07:15:58 - [TEST_STEP][PASSED] - dZO = dZO.substring(0, iii): null

13-01-2025T07:15:58 - [TEST_STEP][PASSED] - println(dZO): null

13-01-2025T07:15:58 - [TEST_STEP][PASSED] - println(PercPlanR): null

13-01-2025T07:15:58 - [TEST_STEP][PASSED] - println(PercPlanB): null

13-01-2025T07:15:58 - [TEST_STEP][PASSED] - println(PercFactR): null

13-01-2025T07:15:58 - [TEST_STEP][PASSED] - println(PercFactB): null

13-01-2025T07:15:58 - [TEST_STEP][PASSED] - println(tabR): null

13-01-2025T07:15:58 - [TEST_STEP][PASSED] - println(tabB): null

13-01-2025T07:15:58 - [TEST_STEP][PASSED] - println(o1R): null

13-01-2025T07:15:58 - [TEST_STEP][PASSED] - println(o1B): null

13-01-2025T07:15:58 - [TEST_STEP][PASSED] - PR = <not implemented yet for class: org.codehaus.groovy.ast.expr.EmptyExpression>: null

13-01-2025T07:15:58 - [TEST_STEP][PASSED] - FR = <not implemented yet for class: org.codehaus.groovy.ast.expr.EmptyExpression>: null

13-01-2025T07:15:58 - [TEST_STEP][PASSED] - PB = <not implemented yet for class: org.codehaus.groovy.ast.expr.EmptyExpression>: null

13-01-2025T07:15:58 - [TEST_STEP][PASSED] - FB = <not implemented yet for class: org.codehaus.groovy.ast.expr.EmptyExpression>: null

13-01-2025T07:15:58 - [TEST_STEP][PASSED] - TR = <not implemented yet for class: org.codehaus.groovy.ast.expr.EmptyExpression>: null

13-01-2025T07:15:58 - [TEST_STEP][PASSED] - TB = <not implemented yet for class: org.codehaus.groovy.ast.expr.EmptyExpression>: null

13-01-2025T07:15:58 - [TEST_STEP][PASSED] - sheetName = "Sheet1": null

13-01-2025T07:15:58 - [TEST_STEP][PASSED] - data = findTestData("PlanFact"): null

13-01-2025T07:15:58 - [TEST_STEP][PASSED] - n = data.getRowNumbers() + 1: null

13-01-2025T07:15:58 - [TEST_STEP][PASSED] - year = todaysDate.substring(todaysDate.length() - 4, todaysDate.length()): null

13-01-2025T07:15:58 - [TEST_STEP][PASSED] - y = year.toInteger(): null

13-01-2025T07:15:58 - [TEST_STEP][PASSED] - m = getText(findTestObject("Выполнение бизнес-плана/Выполнение бизнес-плана Балансы/Фильтр Дата")): Text of object 'Object Repository/Выполнение бизнес-плана/Выполнение бизнес-плана Балансы/Фильтр Дата' is: '1, 2, 3 кв., Октябрь, Ноябрь 2024 года'

13-01-2025T07:15:59 - [MESSAGE][PASSED] - Text of object 'Object Repository/Выполнение бизнес-плана/Выполнение бизнес-плана Балансы/Фильтр Дата' is: '1, 2, 3 кв., Октябрь, Ноябрь 2024 года'

13-01-2025T07:15:59 - [TEST_STEP][PASSED] - m = m.substring(0, m.indexOf("2024")): null

13-01-2025T07:15:59 - [TEST_STEP][PASSED] - m = m.trim(): null

13-01-2025T07:15:59 - [TEST_STEP][PASSED] - dashboardName = "Выполнение бизнес-плана": null

13-01-2025T07:15:59 - [TEST_STEP][PASSED] - workbook01 = getWorkbook(excelFilePath): null

13-01-2025T07:15:59 - [TEST_STEP][PASSED] - sheet01 = getExcelSheet(workbook01, sheetName): null

13-01-2025T07:15:59 - [TEST_STEP][PASSED] - setValueToCellByIndex(sheet01, n, 0, dashboardName): null

13-01-2025T07:15:59 - [TEST_STEP][PASSED] - setValueToCellByIndex(sheet01, n, 1, dZO): null

13-01-2025T07:15:59 - [TEST_STEP][PASSED] - setValueToCellByIndex(sheet01, n, 2, typeOfData): null

13-01-2025T07:15:59 - [TEST_STEP][PASSED] - setValueToCellByIndex(sheet01, n, 3, typeOfData): null

13-01-2025T07:15:59 - [TEST_STEP][PASSED] - if (typeOfData == "План"): null

13-01-2025T07:15:59 - [TEST_STEP][PASSED] - else if (typeOfData == "Факт"): null

13-01-2025T07:15:59 - [TEST_STEP][PASSED] - else if (vidget.contains("электроэнергии") == true): null

13-01-2025T07:15:59 - [TEST_STEP][PASSED] - if (tabR == null): null

13-01-2025T07:15:59 - [TEST_STEP][PASSED] - else: null

13-01-2025T07:15:59 - [TEST_STEP][PASSED] - if (tabR == "нет данных"): null

13-01-2025T07:15:59 - [TEST_STEP][PASSED] - else: null

13-01-2025T07:15:59 - [TEST_STEP][PASSED] - TR = tabR.toInteger(): null

13-01-2025T07:15:59 - [TEST_STEP][PASSED] - setValueToCellByIndex(sheet01, n, 4, TR): null

13-01-2025T07:15:59 - [TEST_STEP][PASSED] - if (tabB == null): null

13-01-2025T07:15:59 - [TEST_STEP][PASSED] - else: null

13-01-2025T07:15:59 - [TEST_STEP][PASSED] - if (tabB == "нет данных"): null

13-01-2025T07:15:59 - [TEST_STEP][PASSED] - else: null

13-01-2025T07:15:59 - [TEST_STEP][PASSED] - TB = tabB.toInteger(): null

13-01-2025T07:15:59 - [TEST_STEP][PASSED] - setValueToCellByIndex(sheet01, n, 5, TB): null

13-01-2025T07:15:59 - [TEST_STEP][PASSED] - setValueToCellByIndex(sheet01, n, 6, m): null

13-01-2025T07:15:59 - [TEST_STEP][PASSED] - setValueToCellByIndex(sheet01, n, 7, y): null

13-01-2025T07:15:59 - [TEST_STEP][PASSED] - setValueToCellByIndex(sheet01, n, 8, todaysDate): null

13-01-2025T07:15:59 - [TEST_STEP][PASSED] - n = n + 1: null

13-01-2025T07:15:59 - [TEST_STEP][PASSED] - saveWorkbook(excelFilePath, workbook01): null

13-01-2025T07:15:59 - [TEST_STEP][PASSED] - typeOfData = "Факт Отпуск из сети": null

13-01-2025T07:15:59 - [TEST_STEP][PASSED] - tabR = GetOiSFactR(x = a): null

13-01-2025T07:15:59 - [TEST_STEP][PASSED] - i1 = <not implemented yet for class: org.codehaus.groovy.ast.expr.EmptyExpression>: null

13-01-2025T07:15:59 - [TEST_STEP][PASSED] - ii = <not implemented yet for class: org.codehaus.groovy.ast.expr.EmptyExpression>: null

13-01-2025T07:15:59 - [TEST_STEP][PASSED] - for ([ii = 1, ii < 5, (ii++)]): null

13-01-2025T07:15:59 - [TEST_STEP][PASSED] - i1 = x.indexOf("/") + 1: null

13-01-2025T07:15:59 - [TEST_STEP][PASSED] - if (i1 > -1): null

13-01-2025T07:15:59 - [TEST_STEP][PASSED] - x = x.substring(i1, x.length()): null

13-01-2025T07:15:59 - [TEST_STEP][PASSED] - println(x): null

13-01-2025T07:15:59 - [TEST_STEP][PASSED] - i1 = x.indexOf("/") + 1: null

13-01-2025T07:15:59 - [TEST_STEP][PASSED] - if (i1 > -1): null

13-01-2025T07:15:59 - [TEST_STEP][PASSED] - x = x.substring(i1, x.length()): null

13-01-2025T07:15:59 - [TEST_STEP][PASSED] - println(x): null

13-01-2025T07:15:59 - [TEST_STEP][PASSED] - i1 = x.indexOf("/") + 1: null

13-01-2025T07:15:59 - [TEST_STEP][PASSED] - if (i1 > -1): null

13-01-2025T07:15:59 - [TEST_STEP][PASSED] - x = x.substring(i1, x.length()): null

13-01-2025T07:15:59 - [TEST_STEP][PASSED] - println(x): null

13-01-2025T07:15:59 - [TEST_STEP][PASSED] - i1 = x.indexOf("/") + 1: null

13-01-2025T07:15:59 - [TEST_STEP][PASSED] - if (i1 > -1): null

13-01-2025T07:15:59 - [TEST_STEP][PASSED] - x = x.substring(i1, x.length()): null

13-01-2025T07:15:59 - [TEST_STEP][PASSED] - println(x): null

13-01-2025T07:15:59 - [TEST_STEP][PASSED] - i1 = x.indexOf("/"): null

13-01-2025T07:15:59 - [TEST_STEP][PASSED] - if (i1 > -1): null

13-01-2025T07:15:59 - [TEST_STEP][PASSED] - x = x.substring(0, i1): null

13-01-2025T07:15:59 - [TEST_STEP][PASSED] - println(x): null

13-01-2025T07:15:59 - [TEST_STEP][PASSED] - return x: null

13-01-2025T07:15:59 - [TEST_STEP][PASSED] - tabB = GetOiSFactB(x = b): null

13-01-2025T07:15:59 - [TEST_STEP][PASSED] - i1 = <not implemented yet for class: org.codehaus.groovy.ast.expr.EmptyExpression>: null

13-01-2025T07:15:59 - [TEST_STEP][PASSED] - ii = <not implemented yet for class: org.codehaus.groovy.ast.expr.EmptyExpression>: null

13-01-2025T07:15:59 - [TEST_STEP][PASSED] - for ([ii = 1, ii < 5, (ii++)]): null

13-01-2025T07:15:59 - [TEST_STEP][PASSED] - i1 = x.indexOf("/") + 1: null

13-01-2025T07:15:59 - [TEST_STEP][PASSED] - if (i1 > -1): null

13-01-2025T07:15:59 - [TEST_STEP][PASSED] - x = x.substring(i1, x.length()): null

13-01-2025T07:15:59 - [TEST_STEP][PASSED] - println(x): null

13-01-2025T07:15:59 - [TEST_STEP][PASSED] - i1 = x.indexOf("/") + 1: null

13-01-2025T07:15:59 - [TEST_STEP][PASSED] - if (i1 > -1): null

13-01-2025T07:15:59 - [TEST_STEP][PASSED] - x = x.substring(i1, x.length()): null

13-01-2025T07:15:59 - [TEST_STEP][PASSED] - println(x): null

13-01-2025T07:15:59 - [TEST_STEP][PASSED] - i1 = x.indexOf("/") + 1: null

13-01-2025T07:15:59 - [TEST_STEP][PASSED] - if (i1 > -1): null

13-01-2025T07:15:59 - [TEST_STEP][PASSED] - x = x.substring(i1, x.length()): null

13-01-2025T07:15:59 - [TEST_STEP][PASSED] - println(x): null

13-01-2025T07:15:59 - [TEST_STEP][PASSED] - i1 = x.indexOf("/") + 1: null

13-01-2025T07:15:59 - [TEST_STEP][PASSED] - if (i1 > -1): null

13-01-2025T07:15:59 - [TEST_STEP][PASSED] - x = x.substring(i1, x.length()): null

13-01-2025T07:15:59 - [TEST_STEP][PASSED] - println(x): null

13-01-2025T07:15:59 - [TEST_STEP][PASSED] - i1 = x.indexOf("/"): null

13-01-2025T07:15:59 - [TEST_STEP][PASSED] - if (i1 > -1): null

13-01-2025T07:15:59 - [TEST_STEP][PASSED] - x = x.substring(0, i1): null

13-01-2025T07:15:59 - [TEST_STEP][PASSED] - println(x): null

13-01-2025T07:15:59 - [TEST_STEP][FAILED] - return x: null

13-01-2025T07:15:59 - [TEST_STEP][FAILED] - if (verifyEqual(tabR, tabB) == false): null

13-01-2025T07:15:59 - [MESSAGE][FAILED] - Unable to verify equal between actual object '47031337' and expected object '46874698' (Root cause: com.kms.katalon.core.exception.StepFailedException: Actual object '47031337' and expected object '46874698' are not equal
	at com.kms.katalon.core.keyword.builtin.VerifyEqualKeyword$_verifyEqual_closure1.doCall(VerifyEqualKeyword.groovy:58)
	at com.kms.katalon.core.keyword.builtin.VerifyEqualKeyword$_verifyEqual_closure1.call(VerifyEqualKeyword.groovy)
	at com.kms.katalon.core.keyword.internal.KeywordMain.runKeyword(KeywordMain.groovy:75)
	at com.kms.katalon.core.keyword.builtin.VerifyEqualKeyword.verifyEqual(VerifyEqualKeyword.groovy:63)
	at com.kms.katalon.core.keyword.builtin.VerifyEqualKeyword.execute(VerifyEqualKeyword.groovy:44)
	at com.kms.katalon.core.keyword.internal.KeywordExecutor.executeKeywordForPlatform(KeywordExecutor.groovy:74)
	at com.kms.katalon.core.keyword.BuiltinKeywords.verifyEqual(BuiltinKeywords.groovy:146)
	at jdk.internal.reflect.GeneratedMethodAccessor25.invoke(Unknown Source)
	at java.base/jdk.internal.reflect.DelegatingMethodAccessorImpl.invoke(DelegatingMethodAccessorImpl.java:43)
	at Выполнение бизнес-плана сверка дашбордов - Copy.CompareDZOData(Выполнение бизнес-плана сверка дашбордов - Copy:717)
	at Выполнение бизнес-плана сверка дашбордов - Copy.run(Выполнение бизнес-плана сверка дашбордов - Copy:653)
	at com.kms.katalon.core.main.ScriptEngine.run(ScriptEngine.java:194)
	at com.kms.katalon.core.main.ScriptEngine.runScriptAsRawText(ScriptEngine.java:119)
	at com.kms.katalon.core.main.TestCaseExecutor.runScript(TestCaseExecutor.java:448)
	at com.kms.katalon.core.main.TestCaseExecutor.doExecute(TestCaseExecutor.java:439)
	at com.kms.katalon.core.main.TestCaseExecutor.processExecutionPhase(TestCaseExecutor.java:418)
	at com.kms.katalon.core.main.TestCaseExecutor.accessMainPhase(TestCaseExecutor.java:410)
	at com.kms.katalon.core.main.TestCaseExecutor.execute(TestCaseExecutor.java:285)
	at com.kms.katalon.core.common.CommonExecutor.accessTestCaseMainPhase(CommonExecutor.java:65)
	at com.kms.katalon.core.main.TestSuiteExecutor.accessTestSuiteMainPhase(TestSuiteExecutor.java:150)
	at com.kms.katalon.core.main.TestSuiteExecutor.execute(TestSuiteExecutor.java:106)
	at com.kms.katalon.core.main.TestCaseMain.startTestSuite(TestCaseMain.java:180)
	at TempTestSuite1736740835951.run(TempTestSuite1736740835951.groovy:35)
	at java.base/jdk.internal.reflect.NativeMethodAccessorImpl.invoke0(Native Method)
	at java.base/jdk.internal.reflect.NativeMethodAccessorImpl.invoke(NativeMethodAccessorImpl.java:77)
	at java.base/jdk.internal.reflect.DelegatingMethodAccessorImpl.invoke(DelegatingMethodAccessorImpl.java:43)
)

13-01-2025T07:15:59 - [TEST_STEP][PASSED] - result = WriteToExcel(typeOfData, todaysDate, PercPlanR, PercPlanB, PercFactR, PercFactB, x, tabR, tabB, o1R, o1B, vidget): null

13-01-2025T07:15:59 - [TEST_STEP][PASSED] - iii = dZO.indexOf("/"): null

13-01-2025T07:15:59 - [TEST_STEP][PASSED] - println(iii): null

13-01-2025T07:15:59 - [TEST_STEP][PASSED] - dZO = dZO.substring(0, iii): null

13-01-2025T07:15:59 - [TEST_STEP][PASSED] - println(dZO): null

13-01-2025T07:15:59 - [TEST_STEP][PASSED] - println(PercPlanR): null

13-01-2025T07:15:59 - [TEST_STEP][PASSED] - println(PercPlanB): null

13-01-2025T07:15:59 - [TEST_STEP][PASSED] - println(PercFactR): null

13-01-2025T07:15:59 - [TEST_STEP][PASSED] - println(PercFactB): null

13-01-2025T07:15:59 - [TEST_STEP][PASSED] - println(tabR): null

13-01-2025T07:15:59 - [TEST_STEP][PASSED] - println(tabB): null

13-01-2025T07:15:59 - [TEST_STEP][PASSED] - println(o1R): null

13-01-2025T07:15:59 - [TEST_STEP][PASSED] - println(o1B): null

13-01-2025T07:15:59 - [TEST_STEP][PASSED] - PR = <not implemented yet for class: org.codehaus.groovy.ast.expr.EmptyExpression>: null

13-01-2025T07:15:59 - [TEST_STEP][PASSED] - FR = <not implemented yet for class: org.codehaus.groovy.ast.expr.EmptyExpression>: null

13-01-2025T07:15:59 - [TEST_STEP][PASSED] - PB = <not implemented yet for class: org.codehaus.groovy.ast.expr.EmptyExpression>: null

13-01-2025T07:15:59 - [TEST_STEP][PASSED] - FB = <not implemented yet for class: org.codehaus.groovy.ast.expr.EmptyExpression>: null

13-01-2025T07:15:59 - [TEST_STEP][PASSED] - TR = <not implemented yet for class: org.codehaus.groovy.ast.expr.EmptyExpression>: null

13-01-2025T07:15:59 - [TEST_STEP][PASSED] - TB = <not implemented yet for class: org.codehaus.groovy.ast.expr.EmptyExpression>: null

13-01-2025T07:15:59 - [TEST_STEP][PASSED] - sheetName = "Sheet1": null

13-01-2025T07:15:59 - [TEST_STEP][PASSED] - data = findTestData("PlanFact"): null

13-01-2025T07:15:59 - [TEST_STEP][PASSED] - n = data.getRowNumbers() + 1: null

13-01-2025T07:15:59 - [TEST_STEP][PASSED] - year = todaysDate.substring(todaysDate.length() - 4, todaysDate.length()): null

13-01-2025T07:15:59 - [TEST_STEP][PASSED] - y = year.toInteger(): null

13-01-2025T07:15:59 - [TEST_STEP][PASSED] - m = getText(findTestObject("Выполнение бизнес-плана/Выполнение бизнес-плана Балансы/Фильтр Дата")): Text of object 'Object Repository/Выполнение бизнес-плана/Выполнение бизнес-плана Балансы/Фильтр Дата' is: '1, 2, 3 кв., Октябрь, Ноябрь 2024 года'

13-01-2025T07:15:59 - [MESSAGE][PASSED] - Text of object 'Object Repository/Выполнение бизнес-плана/Выполнение бизнес-плана Балансы/Фильтр Дата' is: '1, 2, 3 кв., Октябрь, Ноябрь 2024 года'

13-01-2025T07:15:59 - [TEST_STEP][PASSED] - m = m.substring(0, m.indexOf("2024")): null

13-01-2025T07:15:59 - [TEST_STEP][PASSED] - m = m.trim(): null

13-01-2025T07:15:59 - [TEST_STEP][PASSED] - dashboardName = "Выполнение бизнес-плана": null

13-01-2025T07:15:59 - [TEST_STEP][PASSED] - workbook01 = getWorkbook(excelFilePath): null

13-01-2025T07:15:59 - [TEST_STEP][PASSED] - sheet01 = getExcelSheet(workbook01, sheetName): null

13-01-2025T07:15:59 - [TEST_STEP][PASSED] - setValueToCellByIndex(sheet01, n, 0, dashboardName): null

13-01-2025T07:15:59 - [TEST_STEP][PASSED] - setValueToCellByIndex(sheet01, n, 1, dZO): null

13-01-2025T07:15:59 - [TEST_STEP][PASSED] - setValueToCellByIndex(sheet01, n, 2, typeOfData): null

13-01-2025T07:15:59 - [TEST_STEP][PASSED] - setValueToCellByIndex(sheet01, n, 3, typeOfData): null

13-01-2025T07:15:59 - [TEST_STEP][PASSED] - if (typeOfData == "План"): null

13-01-2025T07:15:59 - [TEST_STEP][PASSED] - else if (typeOfData == "Факт"): null

13-01-2025T07:15:59 - [TEST_STEP][PASSED] - else if (vidget.contains("электроэнергии") == true): null

13-01-2025T07:15:59 - [TEST_STEP][PASSED] - if (tabR == null): null

13-01-2025T07:15:59 - [TEST_STEP][PASSED] - else: null

13-01-2025T07:15:59 - [TEST_STEP][PASSED] - if (tabR == "нет данных"): null

13-01-2025T07:15:59 - [TEST_STEP][PASSED] - else: null

13-01-2025T07:15:59 - [TEST_STEP][PASSED] - TR = tabR.toInteger(): null

13-01-2025T07:15:59 - [TEST_STEP][PASSED] - setValueToCellByIndex(sheet01, n, 4, TR): null

13-01-2025T07:15:59 - [TEST_STEP][PASSED] - if (tabB == null): null

13-01-2025T07:15:59 - [TEST_STEP][PASSED] - else: null

13-01-2025T07:15:59 - [TEST_STEP][PASSED] - if (tabB == "нет данных"): null

13-01-2025T07:15:59 - [TEST_STEP][PASSED] - else: null

13-01-2025T07:15:59 - [TEST_STEP][PASSED] - TB = tabB.toInteger(): null

13-01-2025T07:15:59 - [TEST_STEP][PASSED] - setValueToCellByIndex(sheet01, n, 5, TB): null

13-01-2025T07:15:59 - [TEST_STEP][PASSED] - setValueToCellByIndex(sheet01, n, 6, m): null

13-01-2025T07:15:59 - [TEST_STEP][PASSED] - setValueToCellByIndex(sheet01, n, 7, y): null

13-01-2025T07:15:59 - [TEST_STEP][PASSED] - setValueToCellByIndex(sheet01, n, 8, todaysDate): null

13-01-2025T07:15:59 - [TEST_STEP][PASSED] - n = n + 1: null

13-01-2025T07:15:59 - [TEST_STEP][PASSED] - saveWorkbook(excelFilePath, workbook01): null

13-01-2025T07:16:00 - [TEST_STEP][PASSED] - typeOfData = "Факт Потери": null

13-01-2025T07:16:00 - [TEST_STEP][PASSED] - tabR = GetPFactR(x = a): null

13-01-2025T07:16:00 - [TEST_STEP][PASSED] - i1 = <not implemented yet for class: org.codehaus.groovy.ast.expr.EmptyExpression>: null

13-01-2025T07:16:00 - [TEST_STEP][PASSED] - ii = <not implemented yet for class: org.codehaus.groovy.ast.expr.EmptyExpression>: null

13-01-2025T07:16:00 - [TEST_STEP][PASSED] - for ([ii = 1, ii < 6, (ii++)]): null

13-01-2025T07:16:00 - [TEST_STEP][PASSED] - i1 = x.indexOf("/") + 1: null

13-01-2025T07:16:00 - [TEST_STEP][PASSED] - if (i1 > -1): null

13-01-2025T07:16:00 - [TEST_STEP][PASSED] - x = x.substring(i1, x.length()): null

13-01-2025T07:16:00 - [TEST_STEP][PASSED] - println(x): null

13-01-2025T07:16:00 - [TEST_STEP][PASSED] - i1 = x.indexOf("/") + 1: null

13-01-2025T07:16:00 - [TEST_STEP][PASSED] - if (i1 > -1): null

13-01-2025T07:16:00 - [TEST_STEP][PASSED] - x = x.substring(i1, x.length()): null

13-01-2025T07:16:00 - [TEST_STEP][PASSED] - println(x): null

13-01-2025T07:16:00 - [TEST_STEP][PASSED] - i1 = x.indexOf("/") + 1: null

13-01-2025T07:16:00 - [TEST_STEP][PASSED] - if (i1 > -1): null

13-01-2025T07:16:00 - [TEST_STEP][PASSED] - x = x.substring(i1, x.length()): null

13-01-2025T07:16:00 - [TEST_STEP][PASSED] - println(x): null

13-01-2025T07:16:00 - [TEST_STEP][PASSED] - i1 = x.indexOf("/") + 1: null

13-01-2025T07:16:00 - [TEST_STEP][PASSED] - if (i1 > -1): null

13-01-2025T07:16:00 - [TEST_STEP][PASSED] - x = x.substring(i1, x.length()): null

13-01-2025T07:16:00 - [TEST_STEP][PASSED] - println(x): null

13-01-2025T07:16:00 - [TEST_STEP][PASSED] - i1 = x.indexOf("/") + 1: null

13-01-2025T07:16:00 - [TEST_STEP][PASSED] - if (i1 > -1): null

13-01-2025T07:16:00 - [TEST_STEP][PASSED] - x = x.substring(i1, x.length()): null

13-01-2025T07:16:00 - [TEST_STEP][PASSED] - println(x): null

13-01-2025T07:16:00 - [TEST_STEP][PASSED] - i1 = x.indexOf("/"): null

13-01-2025T07:16:00 - [TEST_STEP][PASSED] - if (i1 > -1): null

13-01-2025T07:16:00 - [TEST_STEP][PASSED] - x = x.substring(0, i1): null

13-01-2025T07:16:00 - [TEST_STEP][PASSED] - println(x): null

13-01-2025T07:16:00 - [TEST_STEP][PASSED] - return x: null

13-01-2025T07:16:00 - [TEST_STEP][PASSED] - tabB = GetPFactB(x = b): null

13-01-2025T07:16:00 - [TEST_STEP][PASSED] - i1 = <not implemented yet for class: org.codehaus.groovy.ast.expr.EmptyExpression>: null

13-01-2025T07:16:00 - [TEST_STEP][PASSED] - ii = <not implemented yet for class: org.codehaus.groovy.ast.expr.EmptyExpression>: null

13-01-2025T07:16:00 - [TEST_STEP][PASSED] - for ([ii = 1, ii < 6, (ii++)]): null

13-01-2025T07:16:00 - [TEST_STEP][PASSED] - i1 = x.indexOf("/") + 1: null

13-01-2025T07:16:00 - [TEST_STEP][PASSED] - if (i1 > -1): null

13-01-2025T07:16:00 - [TEST_STEP][PASSED] - x = x.substring(i1, x.length()): null

13-01-2025T07:16:00 - [TEST_STEP][PASSED] - println(x): null

13-01-2025T07:16:00 - [TEST_STEP][PASSED] - i1 = x.indexOf("/") + 1: null

13-01-2025T07:16:00 - [TEST_STEP][PASSED] - if (i1 > -1): null

13-01-2025T07:16:00 - [TEST_STEP][PASSED] - x = x.substring(i1, x.length()): null

13-01-2025T07:16:00 - [TEST_STEP][PASSED] - println(x): null

13-01-2025T07:16:00 - [TEST_STEP][PASSED] - i1 = x.indexOf("/") + 1: null

13-01-2025T07:16:00 - [TEST_STEP][PASSED] - if (i1 > -1): null

13-01-2025T07:16:00 - [TEST_STEP][PASSED] - x = x.substring(i1, x.length()): null

13-01-2025T07:16:00 - [TEST_STEP][PASSED] - println(x): null

13-01-2025T07:16:00 - [TEST_STEP][PASSED] - i1 = x.indexOf("/") + 1: null

13-01-2025T07:16:00 - [TEST_STEP][PASSED] - if (i1 > -1): null

13-01-2025T07:16:00 - [TEST_STEP][PASSED] - x = x.substring(i1, x.length()): null

13-01-2025T07:16:00 - [TEST_STEP][PASSED] - println(x): null

13-01-2025T07:16:00 - [TEST_STEP][PASSED] - i1 = x.indexOf("/") + 1: null

13-01-2025T07:16:00 - [TEST_STEP][PASSED] - if (i1 > -1): null

13-01-2025T07:16:00 - [TEST_STEP][PASSED] - x = x.substring(i1, x.length()): null

13-01-2025T07:16:00 - [TEST_STEP][PASSED] - println(x): null

13-01-2025T07:16:00 - [TEST_STEP][PASSED] - i1 = x.indexOf("/"): null

13-01-2025T07:16:00 - [TEST_STEP][PASSED] - if (i1 > -1): null

13-01-2025T07:16:00 - [TEST_STEP][PASSED] - x = x.substring(0, i1): null

13-01-2025T07:16:00 - [TEST_STEP][PASSED] - println(x): null

13-01-2025T07:16:00 - [TEST_STEP][FAILED] - return x: null

13-01-2025T07:16:00 - [TEST_STEP][PASSED] - println(tabR + "/" + tabB): null

13-01-2025T07:16:00 - [TEST_STEP][FAILED] - if (verifyEqual(tabR, tabB) == false): null

13-01-2025T07:16:00 - [MESSAGE][FAILED] - Unable to verify equal between actual object '3490149' and expected object '3474117' (Root cause: com.kms.katalon.core.exception.StepFailedException: Actual object '3490149' and expected object '3474117' are not equal
	at com.kms.katalon.core.keyword.builtin.VerifyEqualKeyword$_verifyEqual_closure1.doCall(VerifyEqualKeyword.groovy:58)
	at com.kms.katalon.core.keyword.builtin.VerifyEqualKeyword$_verifyEqual_closure1.call(VerifyEqualKeyword.groovy)
	at com.kms.katalon.core.keyword.internal.KeywordMain.runKeyword(KeywordMain.groovy:75)
	at com.kms.katalon.core.keyword.builtin.VerifyEqualKeyword.verifyEqual(VerifyEqualKeyword.groovy:63)
	at com.kms.katalon.core.keyword.builtin.VerifyEqualKeyword.execute(VerifyEqualKeyword.groovy:44)
	at com.kms.katalon.core.keyword.internal.KeywordExecutor.executeKeywordForPlatform(KeywordExecutor.groovy:74)
	at com.kms.katalon.core.keyword.BuiltinKeywords.verifyEqual(BuiltinKeywords.groovy:146)
	at jdk.internal.reflect.GeneratedMethodAccessor25.invoke(Unknown Source)
	at java.base/jdk.internal.reflect.DelegatingMethodAccessorImpl.invoke(DelegatingMethodAccessorImpl.java:43)
	at Выполнение бизнес-плана сверка дашбордов - Copy.CompareDZOData(Выполнение бизнес-плана сверка дашбордов - Copy:730)
	at Выполнение бизнес-плана сверка дашбордов - Copy.run(Выполнение бизнес-плана сверка дашбордов - Copy:653)
	at com.kms.katalon.core.main.ScriptEngine.run(ScriptEngine.java:194)
	at com.kms.katalon.core.main.ScriptEngine.runScriptAsRawText(ScriptEngine.java:119)
	at com.kms.katalon.core.main.TestCaseExecutor.runScript(TestCaseExecutor.java:448)
	at com.kms.katalon.core.main.TestCaseExecutor.doExecute(TestCaseExecutor.java:439)
	at com.kms.katalon.core.main.TestCaseExecutor.processExecutionPhase(TestCaseExecutor.java:418)
	at com.kms.katalon.core.main.TestCaseExecutor.accessMainPhase(TestCaseExecutor.java:410)
	at com.kms.katalon.core.main.TestCaseExecutor.execute(TestCaseExecutor.java:285)
	at com.kms.katalon.core.common.CommonExecutor.accessTestCaseMainPhase(CommonExecutor.java:65)
	at com.kms.katalon.core.main.TestSuiteExecutor.accessTestSuiteMainPhase(TestSuiteExecutor.java:150)
	at com.kms.katalon.core.main.TestSuiteExecutor.execute(TestSuiteExecutor.java:106)
	at com.kms.katalon.core.main.TestCaseMain.startTestSuite(TestCaseMain.java:180)
	at TempTestSuite1736740835951.run(TempTestSuite1736740835951.groovy:35)
	at java.base/jdk.internal.reflect.NativeMethodAccessorImpl.invoke0(Native Method)
	at java.base/jdk.internal.reflect.NativeMethodAccessorImpl.invoke(NativeMethodAccessorImpl.java:77)
	at java.base/jdk.internal.reflect.DelegatingMethodAccessorImpl.invoke(DelegatingMethodAccessorImpl.java:43)
)

13-01-2025T07:16:00 - [TEST_STEP][PASSED] - result = WriteToExcel(typeOfData, todaysDate, PercPlanR, PercPlanB, PercFactR, PercFactB, x, tabR, tabB, o1R, o1B, vidget): null

13-01-2025T07:16:00 - [TEST_STEP][PASSED] - iii = dZO.indexOf("/"): null

13-01-2025T07:16:00 - [TEST_STEP][PASSED] - println(iii): null

13-01-2025T07:16:00 - [TEST_STEP][PASSED] - dZO = dZO.substring(0, iii): null

13-01-2025T07:16:00 - [TEST_STEP][PASSED] - println(dZO): null

13-01-2025T07:16:00 - [TEST_STEP][PASSED] - println(PercPlanR): null

13-01-2025T07:16:00 - [TEST_STEP][PASSED] - println(PercPlanB): null

13-01-2025T07:16:00 - [TEST_STEP][PASSED] - println(PercFactR): null

13-01-2025T07:16:00 - [TEST_STEP][PASSED] - println(PercFactB): null

13-01-2025T07:16:00 - [TEST_STEP][PASSED] - println(tabR): null

13-01-2025T07:16:00 - [TEST_STEP][PASSED] - println(tabB): null

13-01-2025T07:16:00 - [TEST_STEP][PASSED] - println(o1R): null

13-01-2025T07:16:00 - [TEST_STEP][PASSED] - println(o1B): null

13-01-2025T07:16:00 - [TEST_STEP][PASSED] - PR = <not implemented yet for class: org.codehaus.groovy.ast.expr.EmptyExpression>: null

13-01-2025T07:16:00 - [TEST_STEP][PASSED] - FR = <not implemented yet for class: org.codehaus.groovy.ast.expr.EmptyExpression>: null

13-01-2025T07:16:00 - [TEST_STEP][PASSED] - PB = <not implemented yet for class: org.codehaus.groovy.ast.expr.EmptyExpression>: null

13-01-2025T07:16:00 - [TEST_STEP][PASSED] - FB = <not implemented yet for class: org.codehaus.groovy.ast.expr.EmptyExpression>: null

13-01-2025T07:16:00 - [TEST_STEP][PASSED] - TR = <not implemented yet for class: org.codehaus.groovy.ast.expr.EmptyExpression>: null

13-01-2025T07:16:00 - [TEST_STEP][PASSED] - TB = <not implemented yet for class: org.codehaus.groovy.ast.expr.EmptyExpression>: null

13-01-2025T07:16:00 - [TEST_STEP][PASSED] - sheetName = "Sheet1": null

13-01-2025T07:16:00 - [TEST_STEP][PASSED] - data = findTestData("PlanFact"): null

13-01-2025T07:16:00 - [TEST_STEP][PASSED] - n = data.getRowNumbers() + 1: null

13-01-2025T07:16:00 - [TEST_STEP][PASSED] - year = todaysDate.substring(todaysDate.length() - 4, todaysDate.length()): null

13-01-2025T07:16:00 - [TEST_STEP][PASSED] - y = year.toInteger(): null

13-01-2025T07:16:00 - [TEST_STEP][PASSED] - m = getText(findTestObject("Выполнение бизнес-плана/Выполнение бизнес-плана Балансы/Фильтр Дата")): Text of object 'Object Repository/Выполнение бизнес-плана/Выполнение бизнес-плана Балансы/Фильтр Дата' is: '1, 2, 3 кв., Октябрь, Ноябрь 2024 года'

13-01-2025T07:16:00 - [MESSAGE][PASSED] - Text of object 'Object Repository/Выполнение бизнес-плана/Выполнение бизнес-плана Балансы/Фильтр Дата' is: '1, 2, 3 кв., Октябрь, Ноябрь 2024 года'

13-01-2025T07:16:00 - [TEST_STEP][PASSED] - m = m.substring(0, m.indexOf("2024")): null

13-01-2025T07:16:00 - [TEST_STEP][PASSED] - m = m.trim(): null

13-01-2025T07:16:00 - [TEST_STEP][PASSED] - dashboardName = "Выполнение бизнес-плана": null

13-01-2025T07:16:00 - [TEST_STEP][PASSED] - workbook01 = getWorkbook(excelFilePath): null

13-01-2025T07:16:00 - [TEST_STEP][PASSED] - sheet01 = getExcelSheet(workbook01, sheetName): null

13-01-2025T07:16:00 - [TEST_STEP][PASSED] - setValueToCellByIndex(sheet01, n, 0, dashboardName): null

13-01-2025T07:16:00 - [TEST_STEP][PASSED] - setValueToCellByIndex(sheet01, n, 1, dZO): null

13-01-2025T07:16:00 - [TEST_STEP][PASSED] - setValueToCellByIndex(sheet01, n, 2, typeOfData): null

13-01-2025T07:16:00 - [TEST_STEP][PASSED] - setValueToCellByIndex(sheet01, n, 3, typeOfData): null

13-01-2025T07:16:00 - [TEST_STEP][PASSED] - if (typeOfData == "План"): null

13-01-2025T07:16:00 - [TEST_STEP][PASSED] - else if (typeOfData == "Факт"): null

13-01-2025T07:16:00 - [TEST_STEP][PASSED] - else if (vidget.contains("электроэнергии") == true): null

13-01-2025T07:16:00 - [TEST_STEP][PASSED] - if (tabR == null): null

13-01-2025T07:16:00 - [TEST_STEP][PASSED] - else: null

13-01-2025T07:16:00 - [TEST_STEP][PASSED] - if (tabR == "нет данных"): null

13-01-2025T07:16:00 - [TEST_STEP][PASSED] - else: null

13-01-2025T07:16:00 - [TEST_STEP][PASSED] - TR = tabR.toInteger(): null

13-01-2025T07:16:00 - [TEST_STEP][PASSED] - setValueToCellByIndex(sheet01, n, 4, TR): null

13-01-2025T07:16:00 - [TEST_STEP][PASSED] - if (tabB == null): null

13-01-2025T07:16:00 - [TEST_STEP][PASSED] - else: null

13-01-2025T07:16:00 - [TEST_STEP][PASSED] - if (tabB == "нет данных"): null

13-01-2025T07:16:00 - [TEST_STEP][PASSED] - else: null

13-01-2025T07:16:00 - [TEST_STEP][PASSED] - TB = tabB.toInteger(): null

13-01-2025T07:16:00 - [TEST_STEP][PASSED] - setValueToCellByIndex(sheet01, n, 5, TB): null

13-01-2025T07:16:00 - [TEST_STEP][PASSED] - setValueToCellByIndex(sheet01, n, 6, m): null

13-01-2025T07:16:00 - [TEST_STEP][PASSED] - setValueToCellByIndex(sheet01, n, 7, y): null

13-01-2025T07:16:00 - [TEST_STEP][PASSED] - setValueToCellByIndex(sheet01, n, 8, todaysDate): null

13-01-2025T07:16:00 - [TEST_STEP][PASSED] - n = n + 1: null

13-01-2025T07:16:00 - [TEST_STEP][PASSED] - saveWorkbook(excelFilePath, workbook01): null

13-01-2025T07:16:00 - [TEST_STEP][PASSED] - vidget = "Показатели баланса электроэнергии по ДЗО – План": null

13-01-2025T07:16:00 - [TEST_STEP][PASSED] - typeOfData = "План Отпуск в сеть": null

13-01-2025T07:16:00 - [TEST_STEP][PASSED] - tabR = GetOvSPlanR(x = a): null

13-01-2025T07:16:00 - [TEST_STEP][PASSED] - i1 = <not implemented yet for class: org.codehaus.groovy.ast.expr.EmptyExpression>: null

13-01-2025T07:16:00 - [TEST_STEP][PASSED] - ii = <not implemented yet for class: org.codehaus.groovy.ast.expr.EmptyExpression>: null

13-01-2025T07:16:00 - [TEST_STEP][PASSED] - for ([ii = 1, ii < 7, (ii++)]): null

13-01-2025T07:16:00 - [TEST_STEP][PASSED] - i1 = x.indexOf("/") + 1: null

13-01-2025T07:16:00 - [TEST_STEP][PASSED] - if (i1 > -1): null

13-01-2025T07:16:00 - [TEST_STEP][PASSED] - x = x.substring(i1, x.length()): null

13-01-2025T07:16:00 - [TEST_STEP][PASSED] - println(x): null

13-01-2025T07:16:00 - [TEST_STEP][PASSED] - i1 = x.indexOf("/") + 1: null

13-01-2025T07:16:00 - [TEST_STEP][PASSED] - if (i1 > -1): null

13-01-2025T07:16:00 - [TEST_STEP][PASSED] - x = x.substring(i1, x.length()): null

13-01-2025T07:16:00 - [TEST_STEP][PASSED] - println(x): null

13-01-2025T07:16:00 - [TEST_STEP][PASSED] - i1 = x.indexOf("/") + 1: null

13-01-2025T07:16:00 - [TEST_STEP][PASSED] - if (i1 > -1): null

13-01-2025T07:16:00 - [TEST_STEP][PASSED] - x = x.substring(i1, x.length()): null

13-01-2025T07:16:00 - [TEST_STEP][PASSED] - println(x): null

13-01-2025T07:16:00 - [TEST_STEP][PASSED] - i1 = x.indexOf("/") + 1: null

13-01-2025T07:16:00 - [TEST_STEP][PASSED] - if (i1 > -1): null

13-01-2025T07:16:00 - [TEST_STEP][PASSED] - x = x.substring(i1, x.length()): null

13-01-2025T07:16:00 - [TEST_STEP][PASSED] - println(x): null

13-01-2025T07:16:00 - [TEST_STEP][PASSED] - i1 = x.indexOf("/") + 1: null

13-01-2025T07:16:00 - [TEST_STEP][PASSED] - if (i1 > -1): null

13-01-2025T07:16:00 - [TEST_STEP][PASSED] - x = x.substring(i1, x.length()): null

13-01-2025T07:16:00 - [TEST_STEP][PASSED] - println(x): null

13-01-2025T07:16:00 - [TEST_STEP][PASSED] - i1 = x.indexOf("/") + 1: null

13-01-2025T07:16:00 - [TEST_STEP][PASSED] - if (i1 > -1): null

13-01-2025T07:16:00 - [TEST_STEP][PASSED] - x = x.substring(i1, x.length()): null

13-01-2025T07:16:00 - [TEST_STEP][PASSED] - println(x): null

13-01-2025T07:16:00 - [TEST_STEP][PASSED] - i1 = x.indexOf("/"): null

13-01-2025T07:16:00 - [TEST_STEP][PASSED] - if (i1 > -1): null

13-01-2025T07:16:00 - [TEST_STEP][PASSED] - x = x.substring(0, i1): null

13-01-2025T07:16:00 - [TEST_STEP][PASSED] - println(x): null

13-01-2025T07:16:00 - [TEST_STEP][PASSED] - return x: null

13-01-2025T07:16:00 - [TEST_STEP][PASSED] - tabB = GetOvSPlanB(x = b): null

13-01-2025T07:16:00 - [TEST_STEP][PASSED] - i1 = <not implemented yet for class: org.codehaus.groovy.ast.expr.EmptyExpression>: null

13-01-2025T07:16:00 - [TEST_STEP][PASSED] - ii = <not implemented yet for class: org.codehaus.groovy.ast.expr.EmptyExpression>: null

13-01-2025T07:16:00 - [TEST_STEP][PASSED] - for ([ii = 1, ii < 7, (ii++)]): null

13-01-2025T07:16:00 - [TEST_STEP][PASSED] - i1 = x.indexOf("/") + 1: null

13-01-2025T07:16:00 - [TEST_STEP][PASSED] - if (i1 > -1): null

13-01-2025T07:16:00 - [TEST_STEP][PASSED] - x = x.substring(i1, x.length()): null

13-01-2025T07:16:00 - [TEST_STEP][PASSED] - println(x): null

13-01-2025T07:16:00 - [TEST_STEP][PASSED] - i1 = x.indexOf("/") + 1: null

13-01-2025T07:16:00 - [TEST_STEP][PASSED] - if (i1 > -1): null

13-01-2025T07:16:00 - [TEST_STEP][PASSED] - x = x.substring(i1, x.length()): null

13-01-2025T07:16:00 - [TEST_STEP][PASSED] - println(x): null

13-01-2025T07:16:00 - [TEST_STEP][PASSED] - i1 = x.indexOf("/") + 1: null

13-01-2025T07:16:00 - [TEST_STEP][PASSED] - if (i1 > -1): null

13-01-2025T07:16:00 - [TEST_STEP][PASSED] - x = x.substring(i1, x.length()): null

13-01-2025T07:16:00 - [TEST_STEP][PASSED] - println(x): null

13-01-2025T07:16:00 - [TEST_STEP][PASSED] - i1 = x.indexOf("/") + 1: null

13-01-2025T07:16:00 - [TEST_STEP][PASSED] - if (i1 > -1): null

13-01-2025T07:16:00 - [TEST_STEP][PASSED] - x = x.substring(i1, x.length()): null

13-01-2025T07:16:00 - [TEST_STEP][PASSED] - println(x): null

13-01-2025T07:16:00 - [TEST_STEP][PASSED] - i1 = x.indexOf("/") + 1: null

13-01-2025T07:16:00 - [TEST_STEP][PASSED] - if (i1 > -1): null

13-01-2025T07:16:00 - [TEST_STEP][PASSED] - x = x.substring(i1, x.length()): null

13-01-2025T07:16:00 - [TEST_STEP][PASSED] - println(x): null

13-01-2025T07:16:00 - [TEST_STEP][PASSED] - i1 = x.indexOf("/") + 1: null

13-01-2025T07:16:00 - [TEST_STEP][PASSED] - if (i1 > -1): null

13-01-2025T07:16:00 - [TEST_STEP][PASSED] - x = x.substring(i1, x.length()): null

13-01-2025T07:16:00 - [TEST_STEP][PASSED] - println(x): null

13-01-2025T07:16:00 - [TEST_STEP][PASSED] - i1 = x.indexOf("/"): null

13-01-2025T07:16:00 - [TEST_STEP][PASSED] - if (i1 > -1): null

13-01-2025T07:16:00 - [TEST_STEP][PASSED] - x = x.substring(0, i1): null

13-01-2025T07:16:00 - [TEST_STEP][PASSED] - println(x): null

13-01-2025T07:16:00 - [TEST_STEP][PASSED] - return x: null

13-01-2025T07:16:00 - [TEST_STEP][PASSED] - println(tabR + "/" + tabB): null

13-01-2025T07:16:00 - [TEST_STEP][PASSED] - if (verifyEqual(PercFactR, PercFactB) == false): Actual object '6.90' and expected object '6.90' are equal

13-01-2025T07:16:00 - [MESSAGE][PASSED] - Actual object '6.90' and expected object '6.90' are equal

13-01-2025T07:16:00 - [TEST_STEP][PASSED] - typeOfData = "План Отпуск из сети": null

13-01-2025T07:16:00 - [TEST_STEP][PASSED] - tabR = GetOiSPlanR(x = a): null

13-01-2025T07:16:00 - [TEST_STEP][PASSED] - i1 = <not implemented yet for class: org.codehaus.groovy.ast.expr.EmptyExpression>: null

13-01-2025T07:16:00 - [TEST_STEP][PASSED] - ii = <not implemented yet for class: org.codehaus.groovy.ast.expr.EmptyExpression>: null

13-01-2025T07:16:00 - [TEST_STEP][PASSED] - for ([ii = 1, ii < 8, (ii++)]): null

13-01-2025T07:16:00 - [TEST_STEP][PASSED] - i1 = x.indexOf("/") + 1: null

13-01-2025T07:16:00 - [TEST_STEP][PASSED] - if (i1 > -1): null

13-01-2025T07:16:00 - [TEST_STEP][PASSED] - x = x.substring(i1, x.length()): null

13-01-2025T07:16:00 - [TEST_STEP][PASSED] - println(x): null

13-01-2025T07:16:00 - [TEST_STEP][PASSED] - i1 = x.indexOf("/") + 1: null

13-01-2025T07:16:00 - [TEST_STEP][PASSED] - if (i1 > -1): null

13-01-2025T07:16:00 - [TEST_STEP][PASSED] - x = x.substring(i1, x.length()): null

13-01-2025T07:16:00 - [TEST_STEP][PASSED] - println(x): null

13-01-2025T07:16:00 - [TEST_STEP][PASSED] - i1 = x.indexOf("/") + 1: null

13-01-2025T07:16:00 - [TEST_STEP][PASSED] - if (i1 > -1): null

13-01-2025T07:16:00 - [TEST_STEP][PASSED] - x = x.substring(i1, x.length()): null

13-01-2025T07:16:00 - [TEST_STEP][PASSED] - println(x): null

13-01-2025T07:16:00 - [TEST_STEP][PASSED] - i1 = x.indexOf("/") + 1: null

13-01-2025T07:16:00 - [TEST_STEP][PASSED] - if (i1 > -1): null

13-01-2025T07:16:00 - [TEST_STEP][PASSED] - x = x.substring(i1, x.length()): null

13-01-2025T07:16:00 - [TEST_STEP][PASSED] - println(x): null

13-01-2025T07:16:00 - [TEST_STEP][PASSED] - i1 = x.indexOf("/") + 1: null

13-01-2025T07:16:00 - [TEST_STEP][PASSED] - if (i1 > -1): null

13-01-2025T07:16:00 - [TEST_STEP][PASSED] - x = x.substring(i1, x.length()): null

13-01-2025T07:16:00 - [TEST_STEP][PASSED] - println(x): null

13-01-2025T07:16:00 - [TEST_STEP][PASSED] - i1 = x.indexOf("/") + 1: null

13-01-2025T07:16:00 - [TEST_STEP][PASSED] - if (i1 > -1): null

13-01-2025T07:16:00 - [TEST_STEP][PASSED] - x = x.substring(i1, x.length()): null

13-01-2025T07:16:00 - [TEST_STEP][PASSED] - println(x): null

13-01-2025T07:16:00 - [TEST_STEP][PASSED] - i1 = x.indexOf("/") + 1: null

13-01-2025T07:16:00 - [TEST_STEP][PASSED] - if (i1 > -1): null

13-01-2025T07:16:00 - [TEST_STEP][PASSED] - x = x.substring(i1, x.length()): null

13-01-2025T07:16:00 - [TEST_STEP][PASSED] - println(x): null

13-01-2025T07:16:00 - [TEST_STEP][PASSED] - i1 = x.indexOf("/"): null

13-01-2025T07:16:00 - [TEST_STEP][PASSED] - if (i1 > -1): null

13-01-2025T07:16:00 - [TEST_STEP][PASSED] - x = x.substring(0, i1): null

13-01-2025T07:16:00 - [TEST_STEP][PASSED] - println(x): null

13-01-2025T07:16:00 - [TEST_STEP][PASSED] - return x: null

13-01-2025T07:16:00 - [TEST_STEP][PASSED] - tabB = GetOiSPlanB(x = b): null

13-01-2025T07:16:00 - [TEST_STEP][PASSED] - i1 = <not implemented yet for class: org.codehaus.groovy.ast.expr.EmptyExpression>: null

13-01-2025T07:16:00 - [TEST_STEP][PASSED] - ii = <not implemented yet for class: org.codehaus.groovy.ast.expr.EmptyExpression>: null

13-01-2025T07:16:00 - [TEST_STEP][PASSED] - for ([ii = 1, ii < 8, (ii++)]): null

13-01-2025T07:16:00 - [TEST_STEP][PASSED] - i1 = x.indexOf("/") + 1: null

13-01-2025T07:16:00 - [TEST_STEP][PASSED] - if (i1 > -1): null

13-01-2025T07:16:00 - [TEST_STEP][PASSED] - x = x.substring(i1, x.length()): null

13-01-2025T07:16:00 - [TEST_STEP][PASSED] - println(x): null

13-01-2025T07:16:00 - [TEST_STEP][PASSED] - i1 = x.indexOf("/") + 1: null

13-01-2025T07:16:00 - [TEST_STEP][PASSED] - if (i1 > -1): null

13-01-2025T07:16:00 - [TEST_STEP][PASSED] - x = x.substring(i1, x.length()): null

13-01-2025T07:16:00 - [TEST_STEP][PASSED] - println(x): null

13-01-2025T07:16:00 - [TEST_STEP][PASSED] - i1 = x.indexOf("/") + 1: null

13-01-2025T07:16:00 - [TEST_STEP][PASSED] - if (i1 > -1): null

13-01-2025T07:16:00 - [TEST_STEP][PASSED] - x = x.substring(i1, x.length()): null

13-01-2025T07:16:00 - [TEST_STEP][PASSED] - println(x): null

13-01-2025T07:16:00 - [TEST_STEP][PASSED] - i1 = x.indexOf("/") + 1: null

13-01-2025T07:16:00 - [TEST_STEP][PASSED] - if (i1 > -1): null

13-01-2025T07:16:00 - [TEST_STEP][PASSED] - x = x.substring(i1, x.length()): null

13-01-2025T07:16:00 - [TEST_STEP][PASSED] - println(x): null

13-01-2025T07:16:00 - [TEST_STEP][PASSED] - i1 = x.indexOf("/") + 1: null

13-01-2025T07:16:00 - [TEST_STEP][PASSED] - if (i1 > -1): null

13-01-2025T07:16:00 - [TEST_STEP][PASSED] - x = x.substring(i1, x.length()): null

13-01-2025T07:16:00 - [TEST_STEP][PASSED] - println(x): null

13-01-2025T07:16:00 - [TEST_STEP][PASSED] - i1 = x.indexOf("/") + 1: null

13-01-2025T07:16:00 - [TEST_STEP][PASSED] - if (i1 > -1): null

13-01-2025T07:16:00 - [TEST_STEP][PASSED] - x = x.substring(i1, x.length()): null

13-01-2025T07:16:00 - [TEST_STEP][PASSED] - println(x): null

13-01-2025T07:16:00 - [TEST_STEP][PASSED] - i1 = x.indexOf("/") + 1: null

13-01-2025T07:16:00 - [TEST_STEP][PASSED] - if (i1 > -1): null

13-01-2025T07:16:00 - [TEST_STEP][PASSED] - x = x.substring(i1, x.length()): null

13-01-2025T07:16:00 - [TEST_STEP][PASSED] - println(x): null

13-01-2025T07:16:00 - [TEST_STEP][PASSED] - i1 = x.indexOf("/"): null

13-01-2025T07:16:00 - [TEST_STEP][PASSED] - if (i1 > -1): null

13-01-2025T07:16:00 - [TEST_STEP][PASSED] - x = x.substring(0, i1): null

13-01-2025T07:16:00 - [TEST_STEP][PASSED] - println(x): null

13-01-2025T07:16:00 - [TEST_STEP][PASSED] - return x: null

13-01-2025T07:16:00 - [TEST_STEP][PASSED] - println(tabR + "/" + tabB): null

13-01-2025T07:16:00 - [TEST_STEP][PASSED] - if (verifyEqual(PercFactR, PercFactB) == false): Actual object '6.90' and expected object '6.90' are equal

13-01-2025T07:16:00 - [MESSAGE][PASSED] - Actual object '6.90' and expected object '6.90' are equal

13-01-2025T07:16:00 - [TEST_STEP][PASSED] - typeOfData = "План Потери": null

13-01-2025T07:16:00 - [TEST_STEP][PASSED] - tabR = GetPPlanR(x = a): null

13-01-2025T07:16:00 - [TEST_STEP][PASSED] - i1 = <not implemented yet for class: org.codehaus.groovy.ast.expr.EmptyExpression>: null

13-01-2025T07:16:00 - [TEST_STEP][PASSED] - ii = <not implemented yet for class: org.codehaus.groovy.ast.expr.EmptyExpression>: null

13-01-2025T07:16:00 - [TEST_STEP][PASSED] - for ([ii = 1, ii < 9, (ii++)]): null

13-01-2025T07:16:00 - [TEST_STEP][PASSED] - i1 = x.indexOf("/") + 1: null

13-01-2025T07:16:00 - [TEST_STEP][PASSED] - if (i1 > -1): null

13-01-2025T07:16:00 - [TEST_STEP][PASSED] - x = x.substring(i1, x.length()): null

13-01-2025T07:16:00 - [TEST_STEP][PASSED] - println(x): null

13-01-2025T07:16:00 - [TEST_STEP][PASSED] - i1 = x.indexOf("/") + 1: null

13-01-2025T07:16:00 - [TEST_STEP][PASSED] - if (i1 > -1): null

13-01-2025T07:16:00 - [TEST_STEP][PASSED] - x = x.substring(i1, x.length()): null

13-01-2025T07:16:00 - [TEST_STEP][PASSED] - println(x): null

13-01-2025T07:16:00 - [TEST_STEP][PASSED] - i1 = x.indexOf("/") + 1: null

13-01-2025T07:16:00 - [TEST_STEP][PASSED] - if (i1 > -1): null

13-01-2025T07:16:00 - [TEST_STEP][PASSED] - x = x.substring(i1, x.length()): null

13-01-2025T07:16:00 - [TEST_STEP][PASSED] - println(x): null

13-01-2025T07:16:00 - [TEST_STEP][PASSED] - i1 = x.indexOf("/") + 1: null

13-01-2025T07:16:00 - [TEST_STEP][PASSED] - if (i1 > -1): null

13-01-2025T07:16:00 - [TEST_STEP][PASSED] - x = x.substring(i1, x.length()): null

13-01-2025T07:16:00 - [TEST_STEP][PASSED] - println(x): null

13-01-2025T07:16:00 - [TEST_STEP][PASSED] - i1 = x.indexOf("/") + 1: null

13-01-2025T07:16:00 - [TEST_STEP][PASSED] - if (i1 > -1): null

13-01-2025T07:16:00 - [TEST_STEP][PASSED] - x = x.substring(i1, x.length()): null

13-01-2025T07:16:00 - [TEST_STEP][PASSED] - println(x): null

13-01-2025T07:16:00 - [TEST_STEP][PASSED] - i1 = x.indexOf("/") + 1: null

13-01-2025T07:16:00 - [TEST_STEP][PASSED] - if (i1 > -1): null

13-01-2025T07:16:00 - [TEST_STEP][PASSED] - x = x.substring(i1, x.length()): null

13-01-2025T07:16:00 - [TEST_STEP][PASSED] - println(x): null

13-01-2025T07:16:00 - [TEST_STEP][PASSED] - i1 = x.indexOf("/") + 1: null

13-01-2025T07:16:00 - [TEST_STEP][PASSED] - if (i1 > -1): null

13-01-2025T07:16:00 - [TEST_STEP][PASSED] - x = x.substring(i1, x.length()): null

13-01-2025T07:16:00 - [TEST_STEP][PASSED] - println(x): null

13-01-2025T07:16:00 - [TEST_STEP][PASSED] - i1 = x.indexOf("/") + 1: null

13-01-2025T07:16:00 - [TEST_STEP][PASSED] - if (i1 > -1): null

13-01-2025T07:16:00 - [TEST_STEP][PASSED] - x = x.substring(i1, x.length()): null

13-01-2025T07:16:00 - [TEST_STEP][PASSED] - println(x): null

13-01-2025T07:16:00 - [TEST_STEP][PASSED] - i1 = x.indexOf("/"): null

13-01-2025T07:16:00 - [TEST_STEP][PASSED] - if (i1 > -1): null

13-01-2025T07:16:00 - [TEST_STEP][PASSED] - x = x.substring(0, i1): null

13-01-2025T07:16:00 - [TEST_STEP][PASSED] - println(x): null

13-01-2025T07:16:00 - [TEST_STEP][PASSED] - return x: null

13-01-2025T07:16:00 - [TEST_STEP][PASSED] - tabB = GetPPlanB(x = b): null

13-01-2025T07:16:00 - [TEST_STEP][PASSED] - i1 = <not implemented yet for class: org.codehaus.groovy.ast.expr.EmptyExpression>: null

13-01-2025T07:16:00 - [TEST_STEP][PASSED] - ii = <not implemented yet for class: org.codehaus.groovy.ast.expr.EmptyExpression>: null

13-01-2025T07:16:00 - [TEST_STEP][PASSED] - for ([ii = 1, ii < 9, (ii++)]): null

13-01-2025T07:16:00 - [TEST_STEP][PASSED] - i1 = x.indexOf("/") + 1: null

13-01-2025T07:16:00 - [TEST_STEP][PASSED] - if (i1 > -1): null

13-01-2025T07:16:00 - [TEST_STEP][PASSED] - x = x.substring(i1, x.length()): null

13-01-2025T07:16:00 - [TEST_STEP][PASSED] - println(x): null

13-01-2025T07:16:00 - [TEST_STEP][PASSED] - i1 = x.indexOf("/") + 1: null

13-01-2025T07:16:00 - [TEST_STEP][PASSED] - if (i1 > -1): null

13-01-2025T07:16:00 - [TEST_STEP][PASSED] - x = x.substring(i1, x.length()): null

13-01-2025T07:16:00 - [TEST_STEP][PASSED] - println(x): null

13-01-2025T07:16:00 - [TEST_STEP][PASSED] - i1 = x.indexOf("/") + 1: null

13-01-2025T07:16:00 - [TEST_STEP][PASSED] - if (i1 > -1): null

13-01-2025T07:16:00 - [TEST_STEP][PASSED] - x = x.substring(i1, x.length()): null

13-01-2025T07:16:00 - [TEST_STEP][PASSED] - println(x): null

13-01-2025T07:16:00 - [TEST_STEP][PASSED] - i1 = x.indexOf("/") + 1: null

13-01-2025T07:16:00 - [TEST_STEP][PASSED] - if (i1 > -1): null

13-01-2025T07:16:00 - [TEST_STEP][PASSED] - x = x.substring(i1, x.length()): null

13-01-2025T07:16:00 - [TEST_STEP][PASSED] - println(x): null

13-01-2025T07:16:00 - [TEST_STEP][PASSED] - i1 = x.indexOf("/") + 1: null

13-01-2025T07:16:00 - [TEST_STEP][PASSED] - if (i1 > -1): null

13-01-2025T07:16:00 - [TEST_STEP][PASSED] - x = x.substring(i1, x.length()): null

13-01-2025T07:16:00 - [TEST_STEP][PASSED] - println(x): null

13-01-2025T07:16:00 - [TEST_STEP][PASSED] - i1 = x.indexOf("/") + 1: null

13-01-2025T07:16:00 - [TEST_STEP][PASSED] - if (i1 > -1): null

13-01-2025T07:16:00 - [TEST_STEP][PASSED] - x = x.substring(i1, x.length()): null

13-01-2025T07:16:00 - [TEST_STEP][PASSED] - println(x): null

13-01-2025T07:16:00 - [TEST_STEP][PASSED] - i1 = x.indexOf("/") + 1: null

13-01-2025T07:16:00 - [TEST_STEP][PASSED] - if (i1 > -1): null

13-01-2025T07:16:00 - [TEST_STEP][PASSED] - x = x.substring(i1, x.length()): null

13-01-2025T07:16:00 - [TEST_STEP][PASSED] - println(x): null

13-01-2025T07:16:00 - [TEST_STEP][PASSED] - i1 = x.indexOf("/") + 1: null

13-01-2025T07:16:00 - [TEST_STEP][PASSED] - if (i1 > -1): null

13-01-2025T07:16:00 - [TEST_STEP][PASSED] - x = x.substring(i1, x.length()): null

13-01-2025T07:16:00 - [TEST_STEP][PASSED] - println(x): null

13-01-2025T07:16:00 - [TEST_STEP][PASSED] - i1 = x.indexOf("/"): null

13-01-2025T07:16:00 - [TEST_STEP][PASSED] - if (i1 > -1): null

13-01-2025T07:16:00 - [TEST_STEP][PASSED] - x = x.substring(0, i1): null

13-01-2025T07:16:00 - [TEST_STEP][PASSED] - println(x): null

13-01-2025T07:16:00 - [TEST_STEP][PASSED] - return x: null

13-01-2025T07:16:00 - [TEST_STEP][PASSED] - println(tabR + "/" + tabB): null

13-01-2025T07:16:00 - [TEST_STEP][PASSED] - if (verifyEqual(PercFactR, PercFactB) == false): Actual object '6.90' and expected object '6.90' are equal

13-01-2025T07:16:00 - [MESSAGE][PASSED] - Actual object '6.90' and expected object '6.90' are equal

13-01-2025T07:16:00 - [TEST_STEP][PASSED] - ii2 = a.indexOf("ПАО"): null

13-01-2025T07:16:00 - [TEST_STEP][PASSED] - if (ii2 == -1): null

13-01-2025T07:16:00 - [TEST_STEP][PASSED] - vidget = "Отклонения фактического уровня потерь от бизнес-плана": null

13-01-2025T07:16:00 - [TEST_STEP][PASSED] - typeOfData = "Коэффициент": null

13-01-2025T07:16:00 - [TEST_STEP][PASSED] - o1R = Geto1R(x = a): null

13-01-2025T07:16:00 - [TEST_STEP][PASSED] - i1 = <not implemented yet for class: org.codehaus.groovy.ast.expr.EmptyExpression>: null

13-01-2025T07:16:00 - [TEST_STEP][PASSED] - ii = <not implemented yet for class: org.codehaus.groovy.ast.expr.EmptyExpression>: null

13-01-2025T07:16:00 - [TEST_STEP][PASSED] - for ([ii = 1, ii < 10, (ii++)]): null

13-01-2025T07:16:00 - [TEST_STEP][PASSED] - i1 = x.indexOf("/") + 1: null

13-01-2025T07:16:00 - [TEST_STEP][PASSED] - if (i1 > -1): null

13-01-2025T07:16:00 - [TEST_STEP][PASSED] - x = x.substring(i1, x.length()): null

13-01-2025T07:16:00 - [TEST_STEP][PASSED] - i1 = x.indexOf("/") + 1: null

13-01-2025T07:16:00 - [TEST_STEP][PASSED] - if (i1 > -1): null

13-01-2025T07:16:00 - [TEST_STEP][PASSED] - x = x.substring(i1, x.length()): null

13-01-2025T07:16:00 - [TEST_STEP][PASSED] - i1 = x.indexOf("/") + 1: null

13-01-2025T07:16:00 - [TEST_STEP][PASSED] - if (i1 > -1): null

13-01-2025T07:16:00 - [TEST_STEP][PASSED] - x = x.substring(i1, x.length()): null

13-01-2025T07:16:00 - [TEST_STEP][PASSED] - i1 = x.indexOf("/") + 1: null

13-01-2025T07:16:00 - [TEST_STEP][PASSED] - if (i1 > -1): null

13-01-2025T07:16:00 - [TEST_STEP][PASSED] - x = x.substring(i1, x.length()): null

13-01-2025T07:16:00 - [TEST_STEP][PASSED] - i1 = x.indexOf("/") + 1: null

13-01-2025T07:16:00 - [TEST_STEP][PASSED] - if (i1 > -1): null

13-01-2025T07:16:00 - [TEST_STEP][PASSED] - x = x.substring(i1, x.length()): null

13-01-2025T07:16:00 - [TEST_STEP][PASSED] - i1 = x.indexOf("/") + 1: null

13-01-2025T07:16:00 - [TEST_STEP][PASSED] - if (i1 > -1): null

13-01-2025T07:16:00 - [TEST_STEP][PASSED] - x = x.substring(i1, x.length()): null

13-01-2025T07:16:00 - [TEST_STEP][PASSED] - i1 = x.indexOf("/") + 1: null

13-01-2025T07:16:00 - [TEST_STEP][PASSED] - if (i1 > -1): null

13-01-2025T07:16:00 - [TEST_STEP][PASSED] - x = x.substring(i1, x.length()): null

13-01-2025T07:16:00 - [TEST_STEP][PASSED] - i1 = x.indexOf("/") + 1: null

13-01-2025T07:16:00 - [TEST_STEP][PASSED] - if (i1 > -1): null

13-01-2025T07:16:00 - [TEST_STEP][PASSED] - x = x.substring(i1, x.length()): null

13-01-2025T07:16:00 - [TEST_STEP][PASSED] - i1 = x.indexOf("/") + 1: null

13-01-2025T07:16:00 - [TEST_STEP][PASSED] - if (i1 > -1): null

13-01-2025T07:16:00 - [TEST_STEP][PASSED] - x = x.substring(i1, x.length()): null

13-01-2025T07:16:00 - [TEST_STEP][PASSED] - i1 = x.indexOf("/"): null

13-01-2025T07:16:00 - [TEST_STEP][PASSED] - if (i1 > -1): null

13-01-2025T07:16:00 - [TEST_STEP][PASSED] - println(x): null

13-01-2025T07:16:00 - [TEST_STEP][PASSED] - return x: null

13-01-2025T07:16:00 - [TEST_STEP][PASSED] - o1B = Geto1B(x = b): null

13-01-2025T07:16:00 - [TEST_STEP][PASSED] - i1 = <not implemented yet for class: org.codehaus.groovy.ast.expr.EmptyExpression>: null

13-01-2025T07:16:00 - [TEST_STEP][PASSED] - ii = <not implemented yet for class: org.codehaus.groovy.ast.expr.EmptyExpression>: null

13-01-2025T07:16:00 - [TEST_STEP][PASSED] - for ([ii = 1, ii < 10, (ii++)]): null

13-01-2025T07:16:00 - [TEST_STEP][PASSED] - i1 = x.indexOf("/") + 1: null

13-01-2025T07:16:00 - [TEST_STEP][PASSED] - if (i1 > -1): null

13-01-2025T07:16:00 - [TEST_STEP][PASSED] - x = x.substring(i1, x.length()): null

13-01-2025T07:16:00 - [TEST_STEP][PASSED] - i1 = x.indexOf("/") + 1: null

13-01-2025T07:16:00 - [TEST_STEP][PASSED] - if (i1 > -1): null

13-01-2025T07:16:00 - [TEST_STEP][PASSED] - x = x.substring(i1, x.length()): null

13-01-2025T07:16:00 - [TEST_STEP][PASSED] - i1 = x.indexOf("/") + 1: null

13-01-2025T07:16:00 - [TEST_STEP][PASSED] - if (i1 > -1): null

13-01-2025T07:16:00 - [TEST_STEP][PASSED] - x = x.substring(i1, x.length()): null

13-01-2025T07:16:00 - [TEST_STEP][PASSED] - i1 = x.indexOf("/") + 1: null

13-01-2025T07:16:00 - [TEST_STEP][PASSED] - if (i1 > -1): null

13-01-2025T07:16:00 - [TEST_STEP][PASSED] - x = x.substring(i1, x.length()): null

13-01-2025T07:16:00 - [TEST_STEP][PASSED] - i1 = x.indexOf("/") + 1: null

13-01-2025T07:16:00 - [TEST_STEP][PASSED] - if (i1 > -1): null

13-01-2025T07:16:00 - [TEST_STEP][PASSED] - x = x.substring(i1, x.length()): null

13-01-2025T07:16:00 - [TEST_STEP][PASSED] - i1 = x.indexOf("/") + 1: null

13-01-2025T07:16:00 - [TEST_STEP][PASSED] - if (i1 > -1): null

13-01-2025T07:16:00 - [TEST_STEP][PASSED] - x = x.substring(i1, x.length()): null

13-01-2025T07:16:00 - [TEST_STEP][PASSED] - i1 = x.indexOf("/") + 1: null

13-01-2025T07:16:00 - [TEST_STEP][PASSED] - if (i1 > -1): null

13-01-2025T07:16:00 - [TEST_STEP][PASSED] - x = x.substring(i1, x.length()): null

13-01-2025T07:16:00 - [TEST_STEP][PASSED] - i1 = x.indexOf("/") + 1: null

13-01-2025T07:16:00 - [TEST_STEP][PASSED] - if (i1 > -1): null

13-01-2025T07:16:00 - [TEST_STEP][PASSED] - x = x.substring(i1, x.length()): null

13-01-2025T07:16:00 - [TEST_STEP][PASSED] - i1 = x.indexOf("/") + 1: null

13-01-2025T07:16:00 - [TEST_STEP][PASSED] - if (i1 > -1): null

13-01-2025T07:16:00 - [TEST_STEP][PASSED] - x = x.substring(i1, x.length()): null

13-01-2025T07:16:00 - [TEST_STEP][PASSED] - i1 = x.indexOf("/"): null

13-01-2025T07:16:00 - [TEST_STEP][PASSED] - if (i1 > -1): null

13-01-2025T07:16:00 - [TEST_STEP][PASSED] - println(x): null

13-01-2025T07:16:00 - [TEST_STEP][FAILED] - return x: null

13-01-2025T07:16:00 - [TEST_STEP][PASSED] - println(o1R + "/" + o1B): null

13-01-2025T07:16:00 - [TEST_STEP][PASSED] - if (verifyEqual(PercFactR, PercFactB) == false): Actual object '6.90' and expected object '6.90' are equal

13-01-2025T07:16:00 - [MESSAGE][PASSED] - Actual object '6.90' and expected object '6.90' are equal

13-01-2025T07:16:00 - [TEST_STEP][FAILED] - if (verifyEqual(ugR, ugB) == false): null

13-01-2025T07:16:00 - [MESSAGE][FAILED] - Unable to verify equal between actual object 'Россети Юг (ГК)/нет данных/нет данных/нет данных/нет данных/нет данных/нет данных/нет данных/нет данных/нет данных' and expected object 'Россети Юг (ГК)/9.21/8.73/27351234/24964441/2386793/нет данных/нет данных/нет данных/-0.49' (Root cause: com.kms.katalon.core.exception.StepFailedException: Actual object 'Россети Юг (ГК)/нет данных/нет данных/нет данных/нет данных/нет данных/нет данных/нет данных/нет данных/нет данных' and expected object 'Россети Юг (ГК)/9.21/8.73/27351234/24964441/2386793/нет данных/нет данных/нет данных/-0.49' are not equal
	at com.kms.katalon.core.keyword.builtin.VerifyEqualKeyword$_verifyEqual_closure1.doCall(VerifyEqualKeyword.groovy:58)
	at com.kms.katalon.core.keyword.builtin.VerifyEqualKeyword$_verifyEqual_closure1.call(VerifyEqualKeyword.groovy)
	at com.kms.katalon.core.keyword.internal.KeywordMain.runKeyword(KeywordMain.groovy:75)
	at com.kms.katalon.core.keyword.builtin.VerifyEqualKeyword.verifyEqual(VerifyEqualKeyword.groovy:63)
	at com.kms.katalon.core.keyword.builtin.VerifyEqualKeyword.execute(VerifyEqualKeyword.groovy:44)
	at com.kms.katalon.core.keyword.internal.KeywordExecutor.executeKeywordForPlatform(KeywordExecutor.groovy:74)
	at com.kms.katalon.core.keyword.BuiltinKeywords.verifyEqual(BuiltinKeywords.groovy:146)
	at jdk.internal.reflect.GeneratedMethodAccessor25.invoke(Unknown Source)
	at java.base/jdk.internal.reflect.DelegatingMethodAccessorImpl.invoke(DelegatingMethodAccessorImpl.java:43)
	at Выполнение бизнес-плана сверка дашбордов - Copy.run(Выполнение бизнес-плана сверка дашбордов - Copy:657)
	at com.kms.katalon.core.main.ScriptEngine.run(ScriptEngine.java:194)
	at com.kms.katalon.core.main.ScriptEngine.runScriptAsRawText(ScriptEngine.java:119)
	at com.kms.katalon.core.main.TestCaseExecutor.runScript(TestCaseExecutor.java:448)
	at com.kms.katalon.core.main.TestCaseExecutor.doExecute(TestCaseExecutor.java:439)
	at com.kms.katalon.core.main.TestCaseExecutor.processExecutionPhase(TestCaseExecutor.java:418)
	at com.kms.katalon.core.main.TestCaseExecutor.accessMainPhase(TestCaseExecutor.java:410)
	at com.kms.katalon.core.main.TestCaseExecutor.execute(TestCaseExecutor.java:285)
	at com.kms.katalon.core.common.CommonExecutor.accessTestCaseMainPhase(CommonExecutor.java:65)
	at com.kms.katalon.core.main.TestSuiteExecutor.accessTestSuiteMainPhase(TestSuiteExecutor.java:150)
	at com.kms.katalon.core.main.TestSuiteExecutor.execute(TestSuiteExecutor.java:106)
	at com.kms.katalon.core.main.TestCaseMain.startTestSuite(TestCaseMain.java:180)
	at TempTestSuite1736740835951.run(TempTestSuite1736740835951.groovy:35)
	at java.base/jdk.internal.reflect.NativeMethodAccessorImpl.invoke0(Native Method)
	at java.base/jdk.internal.reflect.NativeMethodAccessorImpl.invoke(NativeMethodAccessorImpl.java:77)
	at java.base/jdk.internal.reflect.DelegatingMethodAccessorImpl.invoke(DelegatingMethodAccessorImpl.java:43)
)

13-01-2025T07:16:00 - [TEST_STEP][PASSED] - result = CompareDZOData(a = ugR, b = ugB, dZO, typeOfData, PercPlanR, PercPlanB, PercFactR, PercFactB, todaysDate, x, vidget, tabR, tabB, o1R, o1B): null

13-01-2025T07:16:00 - [TEST_STEP][PASSED] - ii2 = <not implemented yet for class: org.codehaus.groovy.ast.expr.EmptyExpression>: null

13-01-2025T07:16:00 - [TEST_STEP][FAILED] - if (verifyEqual(a, b) == false): null

13-01-2025T07:16:00 - [MESSAGE][FAILED] - Unable to verify equal between actual object 'Россети Юг (ГК)/нет данных/нет данных/нет данных/нет данных/нет данных/нет данных/нет данных/нет данных/нет данных' and expected object 'Россети Юг (ГК)/9.21/8.73/27351234/24964441/2386793/нет данных/нет данных/нет данных/-0.49' (Root cause: com.kms.katalon.core.exception.StepFailedException: Actual object 'Россети Юг (ГК)/нет данных/нет данных/нет данных/нет данных/нет данных/нет данных/нет данных/нет данных/нет данных' and expected object 'Россети Юг (ГК)/9.21/8.73/27351234/24964441/2386793/нет данных/нет данных/нет данных/-0.49' are not equal
	at com.kms.katalon.core.keyword.builtin.VerifyEqualKeyword$_verifyEqual_closure1.doCall(VerifyEqualKeyword.groovy:58)
	at com.kms.katalon.core.keyword.builtin.VerifyEqualKeyword$_verifyEqual_closure1.call(VerifyEqualKeyword.groovy)
	at com.kms.katalon.core.keyword.internal.KeywordMain.runKeyword(KeywordMain.groovy:75)
	at com.kms.katalon.core.keyword.builtin.VerifyEqualKeyword.verifyEqual(VerifyEqualKeyword.groovy:63)
	at com.kms.katalon.core.keyword.builtin.VerifyEqualKeyword.execute(VerifyEqualKeyword.groovy:44)
	at com.kms.katalon.core.keyword.internal.KeywordExecutor.executeKeywordForPlatform(KeywordExecutor.groovy:74)
	at com.kms.katalon.core.keyword.BuiltinKeywords.verifyEqual(BuiltinKeywords.groovy:146)
	at jdk.internal.reflect.GeneratedMethodAccessor25.invoke(Unknown Source)
	at java.base/jdk.internal.reflect.DelegatingMethodAccessorImpl.invoke(DelegatingMethodAccessorImpl.java:43)
	at Выполнение бизнес-плана сверка дашбордов - Copy.CompareDZOData(Выполнение бизнес-плана сверка дашбордов - Copy:673)
	at Выполнение бизнес-плана сверка дашбордов - Copy.run(Выполнение бизнес-плана сверка дашбордов - Copy:658)
	at com.kms.katalon.core.main.ScriptEngine.run(ScriptEngine.java:194)
	at com.kms.katalon.core.main.ScriptEngine.runScriptAsRawText(ScriptEngine.java:119)
	at com.kms.katalon.core.main.TestCaseExecutor.runScript(TestCaseExecutor.java:448)
	at com.kms.katalon.core.main.TestCaseExecutor.doExecute(TestCaseExecutor.java:439)
	at com.kms.katalon.core.main.TestCaseExecutor.processExecutionPhase(TestCaseExecutor.java:418)
	at com.kms.katalon.core.main.TestCaseExecutor.accessMainPhase(TestCaseExecutor.java:410)
	at com.kms.katalon.core.main.TestCaseExecutor.execute(TestCaseExecutor.java:285)
	at com.kms.katalon.core.common.CommonExecutor.accessTestCaseMainPhase(CommonExecutor.java:65)
	at com.kms.katalon.core.main.TestSuiteExecutor.accessTestSuiteMainPhase(TestSuiteExecutor.java:150)
	at com.kms.katalon.core.main.TestSuiteExecutor.execute(TestSuiteExecutor.java:106)
	at com.kms.katalon.core.main.TestCaseMain.startTestSuite(TestCaseMain.java:180)
	at TempTestSuite1736740835951.run(TempTestSuite1736740835951.groovy:35)
	at java.base/jdk.internal.reflect.NativeMethodAccessorImpl.invoke0(Native Method)
	at java.base/jdk.internal.reflect.NativeMethodAccessorImpl.invoke(NativeMethodAccessorImpl.java:77)
	at java.base/jdk.internal.reflect.DelegatingMethodAccessorImpl.invoke(DelegatingMethodAccessorImpl.java:43)
)

13-01-2025T07:16:00 - [TEST_STEP][PASSED] - vidget = "Уровень потерь электроэнергии": null

13-01-2025T07:16:00 - [TEST_STEP][PASSED] - typeOfData = "План": null

13-01-2025T07:16:00 - [TEST_STEP][PASSED] - PercPlanR = GetPercPlanR(x = a): null

13-01-2025T07:16:00 - [TEST_STEP][PASSED] - i1 = <not implemented yet for class: org.codehaus.groovy.ast.expr.EmptyExpression>: null

13-01-2025T07:16:00 - [TEST_STEP][PASSED] - i1 = x.indexOf("/") + 1: null

13-01-2025T07:16:00 - [TEST_STEP][PASSED] - if (i1 > -1): null

13-01-2025T07:16:00 - [TEST_STEP][PASSED] - x = x.substring(i1, x.length()): null

13-01-2025T07:16:00 - [TEST_STEP][PASSED] - i1 = x.indexOf("/"): null

13-01-2025T07:16:00 - [TEST_STEP][PASSED] - if (i1 > -1): null

13-01-2025T07:16:00 - [TEST_STEP][PASSED] - x = x.substring(0, i1): null

13-01-2025T07:16:00 - [TEST_STEP][PASSED] - return x: null

13-01-2025T07:16:00 - [TEST_STEP][PASSED] - PercPlanB = GetPercPlanB(x = b): null

13-01-2025T07:16:00 - [TEST_STEP][PASSED] - i1 = <not implemented yet for class: org.codehaus.groovy.ast.expr.EmptyExpression>: null

13-01-2025T07:16:00 - [TEST_STEP][PASSED] - i1 = x.indexOf("/") + 1: null

13-01-2025T07:16:00 - [TEST_STEP][PASSED] - if (i1 > -1): null

13-01-2025T07:16:00 - [TEST_STEP][PASSED] - x = x.substring(i1, x.length()): null

13-01-2025T07:16:00 - [TEST_STEP][PASSED] - i1 = x.indexOf("/"): null

13-01-2025T07:16:00 - [TEST_STEP][PASSED] - if (i1 > -1): null

13-01-2025T07:16:00 - [TEST_STEP][PASSED] - x = x.substring(0, i1): null

13-01-2025T07:16:00 - [TEST_STEP][FAILED] - return x: null

13-01-2025T07:16:00 - [TEST_STEP][FAILED] - if (verifyEqual(PercPlanR, PercPlanB) == false): null

13-01-2025T07:16:00 - [MESSAGE][FAILED] - Unable to verify equal between actual object 'нет данных' and expected object '9.21' (Root cause: com.kms.katalon.core.exception.StepFailedException: Actual object 'нет данных' and expected object '9.21' are not equal
	at com.kms.katalon.core.keyword.builtin.VerifyEqualKeyword$_verifyEqual_closure1.doCall(VerifyEqualKeyword.groovy:58)
	at com.kms.katalon.core.keyword.builtin.VerifyEqualKeyword$_verifyEqual_closure1.call(VerifyEqualKeyword.groovy)
	at com.kms.katalon.core.keyword.internal.KeywordMain.runKeyword(KeywordMain.groovy:75)
	at com.kms.katalon.core.keyword.builtin.VerifyEqualKeyword.verifyEqual(VerifyEqualKeyword.groovy:63)
	at com.kms.katalon.core.keyword.builtin.VerifyEqualKeyword.execute(VerifyEqualKeyword.groovy:44)
	at com.kms.katalon.core.keyword.internal.KeywordExecutor.executeKeywordForPlatform(KeywordExecutor.groovy:74)
	at com.kms.katalon.core.keyword.BuiltinKeywords.verifyEqual(BuiltinKeywords.groovy:146)
	at jdk.internal.reflect.GeneratedMethodAccessor25.invoke(Unknown Source)
	at java.base/jdk.internal.reflect.DelegatingMethodAccessorImpl.invoke(DelegatingMethodAccessorImpl.java:43)
	at Выполнение бизнес-плана сверка дашбордов - Copy.CompareDZOData(Выполнение бизнес-плана сверка дашбордов - Copy:682)
	at Выполнение бизнес-плана сверка дашбордов - Copy.run(Выполнение бизнес-плана сверка дашбордов - Copy:658)
	at com.kms.katalon.core.main.ScriptEngine.run(ScriptEngine.java:194)
	at com.kms.katalon.core.main.ScriptEngine.runScriptAsRawText(ScriptEngine.java:119)
	at com.kms.katalon.core.main.TestCaseExecutor.runScript(TestCaseExecutor.java:448)
	at com.kms.katalon.core.main.TestCaseExecutor.doExecute(TestCaseExecutor.java:439)
	at com.kms.katalon.core.main.TestCaseExecutor.processExecutionPhase(TestCaseExecutor.java:418)
	at com.kms.katalon.core.main.TestCaseExecutor.accessMainPhase(TestCaseExecutor.java:410)
	at com.kms.katalon.core.main.TestCaseExecutor.execute(TestCaseExecutor.java:285)
	at com.kms.katalon.core.common.CommonExecutor.accessTestCaseMainPhase(CommonExecutor.java:65)
	at com.kms.katalon.core.main.TestSuiteExecutor.accessTestSuiteMainPhase(TestSuiteExecutor.java:150)
	at com.kms.katalon.core.main.TestSuiteExecutor.execute(TestSuiteExecutor.java:106)
	at com.kms.katalon.core.main.TestCaseMain.startTestSuite(TestCaseMain.java:180)
	at TempTestSuite1736740835951.run(TempTestSuite1736740835951.groovy:35)
	at java.base/jdk.internal.reflect.NativeMethodAccessorImpl.invoke0(Native Method)
	at java.base/jdk.internal.reflect.NativeMethodAccessorImpl.invoke(NativeMethodAccessorImpl.java:77)
	at java.base/jdk.internal.reflect.DelegatingMethodAccessorImpl.invoke(DelegatingMethodAccessorImpl.java:43)
)

13-01-2025T07:16:00 - [TEST_STEP][PASSED] - result = WriteToExcel(typeOfData, todaysDate, PercPlanR, PercPlanB, PercFactR, PercFactB, x, tabR, tabB, o1R, o1B, vidget): null

13-01-2025T07:16:00 - [TEST_STEP][PASSED] - iii = dZO.indexOf("/"): null

13-01-2025T07:16:00 - [TEST_STEP][PASSED] - println(iii): null

13-01-2025T07:16:00 - [TEST_STEP][PASSED] - dZO = dZO.substring(0, iii): null

13-01-2025T07:16:00 - [TEST_STEP][PASSED] - println(dZO): null

13-01-2025T07:16:00 - [TEST_STEP][PASSED] - println(PercPlanR): null

13-01-2025T07:16:00 - [TEST_STEP][PASSED] - println(PercPlanB): null

13-01-2025T07:16:00 - [TEST_STEP][PASSED] - println(PercFactR): null

13-01-2025T07:16:00 - [TEST_STEP][PASSED] - println(PercFactB): null

13-01-2025T07:16:00 - [TEST_STEP][PASSED] - println(tabR): null

13-01-2025T07:16:00 - [TEST_STEP][PASSED] - println(tabB): null

13-01-2025T07:16:00 - [TEST_STEP][PASSED] - println(o1R): null

13-01-2025T07:16:00 - [TEST_STEP][PASSED] - println(o1B): null

13-01-2025T07:16:00 - [TEST_STEP][PASSED] - PR = <not implemented yet for class: org.codehaus.groovy.ast.expr.EmptyExpression>: null

13-01-2025T07:16:00 - [TEST_STEP][PASSED] - FR = <not implemented yet for class: org.codehaus.groovy.ast.expr.EmptyExpression>: null

13-01-2025T07:16:00 - [TEST_STEP][PASSED] - PB = <not implemented yet for class: org.codehaus.groovy.ast.expr.EmptyExpression>: null

13-01-2025T07:16:00 - [TEST_STEP][PASSED] - FB = <not implemented yet for class: org.codehaus.groovy.ast.expr.EmptyExpression>: null

13-01-2025T07:16:00 - [TEST_STEP][PASSED] - TR = <not implemented yet for class: org.codehaus.groovy.ast.expr.EmptyExpression>: null

13-01-2025T07:16:00 - [TEST_STEP][PASSED] - TB = <not implemented yet for class: org.codehaus.groovy.ast.expr.EmptyExpression>: null

13-01-2025T07:16:00 - [TEST_STEP][PASSED] - sheetName = "Sheet1": null

13-01-2025T07:16:00 - [TEST_STEP][PASSED] - data = findTestData("PlanFact"): null

13-01-2025T07:16:01 - [TEST_STEP][PASSED] - n = data.getRowNumbers() + 1: null

13-01-2025T07:16:01 - [TEST_STEP][PASSED] - year = todaysDate.substring(todaysDate.length() - 4, todaysDate.length()): null

13-01-2025T07:16:01 - [TEST_STEP][PASSED] - y = year.toInteger(): null

13-01-2025T07:16:01 - [TEST_STEP][PASSED] - m = getText(findTestObject("Выполнение бизнес-плана/Выполнение бизнес-плана Балансы/Фильтр Дата")): Text of object 'Object Repository/Выполнение бизнес-плана/Выполнение бизнес-плана Балансы/Фильтр Дата' is: '1, 2, 3 кв., Октябрь, Ноябрь 2024 года'

13-01-2025T07:16:01 - [MESSAGE][PASSED] - Text of object 'Object Repository/Выполнение бизнес-плана/Выполнение бизнес-плана Балансы/Фильтр Дата' is: '1, 2, 3 кв., Октябрь, Ноябрь 2024 года'

13-01-2025T07:16:01 - [TEST_STEP][PASSED] - m = m.substring(0, m.indexOf("2024")): null

13-01-2025T07:16:01 - [TEST_STEP][PASSED] - m = m.trim(): null

13-01-2025T07:16:01 - [TEST_STEP][PASSED] - dashboardName = "Выполнение бизнес-плана": null

13-01-2025T07:16:01 - [TEST_STEP][PASSED] - workbook01 = getWorkbook(excelFilePath): null

13-01-2025T07:16:01 - [TEST_STEP][PASSED] - sheet01 = getExcelSheet(workbook01, sheetName): null

13-01-2025T07:16:01 - [TEST_STEP][PASSED] - setValueToCellByIndex(sheet01, n, 0, dashboardName): null

13-01-2025T07:16:01 - [TEST_STEP][PASSED] - setValueToCellByIndex(sheet01, n, 1, dZO): null

13-01-2025T07:16:01 - [TEST_STEP][PASSED] - setValueToCellByIndex(sheet01, n, 2, typeOfData): null

13-01-2025T07:16:01 - [TEST_STEP][PASSED] - setValueToCellByIndex(sheet01, n, 3, typeOfData): null

13-01-2025T07:16:01 - [TEST_STEP][PASSED] - if (typeOfData == "План"): null

13-01-2025T07:16:01 - [TEST_STEP][PASSED] - if (PercPlanR == null): null

13-01-2025T07:16:01 - [TEST_STEP][PASSED] - else: null

13-01-2025T07:16:01 - [TEST_STEP][PASSED] - if (PercPlanR == "нет данных"): null

13-01-2025T07:16:01 - [TEST_STEP][PASSED] - setValueToCellByIndex(sheet01, n, 4, "нет данных"): null

13-01-2025T07:16:01 - [TEST_STEP][PASSED] - if (PercPlanB == null): null

13-01-2025T07:16:01 - [TEST_STEP][PASSED] - else: null

13-01-2025T07:16:01 - [TEST_STEP][PASSED] - if (PercPlanB == "нет данных"): null

13-01-2025T07:16:01 - [TEST_STEP][PASSED] - else: null

13-01-2025T07:16:01 - [TEST_STEP][PASSED] - PB = PercPlanB.toDouble(): null

13-01-2025T07:16:01 - [TEST_STEP][PASSED] - setValueToCellByIndex(sheet01, n, 5, PB): null

13-01-2025T07:16:01 - [TEST_STEP][PASSED] - setValueToCellByIndex(sheet01, n, 6, m): null

13-01-2025T07:16:01 - [TEST_STEP][PASSED] - setValueToCellByIndex(sheet01, n, 7, y): null

13-01-2025T07:16:01 - [TEST_STEP][PASSED] - setValueToCellByIndex(sheet01, n, 8, todaysDate): null

13-01-2025T07:16:01 - [TEST_STEP][PASSED] - n = n + 1: null

13-01-2025T07:16:01 - [TEST_STEP][PASSED] - saveWorkbook(excelFilePath, workbook01): null

13-01-2025T07:16:01 - [TEST_STEP][PASSED] - typeOfData = "Факт": null

13-01-2025T07:16:01 - [TEST_STEP][PASSED] - PercFactR = GetPercFactR(x = a): null

13-01-2025T07:16:01 - [TEST_STEP][PASSED] - i1 = <not implemented yet for class: org.codehaus.groovy.ast.expr.EmptyExpression>: null

13-01-2025T07:16:01 - [TEST_STEP][PASSED] - ii = <not implemented yet for class: org.codehaus.groovy.ast.expr.EmptyExpression>: null

13-01-2025T07:16:01 - [TEST_STEP][PASSED] - for ([ii = 1, ii < 3, (ii++)]): null

13-01-2025T07:16:01 - [TEST_STEP][PASSED] - i1 = x.indexOf("/") + 1: null

13-01-2025T07:16:01 - [TEST_STEP][PASSED] - if (i1 > -1): null

13-01-2025T07:16:01 - [TEST_STEP][PASSED] - x = x.substring(i1, x.length()): null

13-01-2025T07:16:01 - [TEST_STEP][PASSED] - println(x): null

13-01-2025T07:16:01 - [TEST_STEP][PASSED] - i1 = x.indexOf("/") + 1: null

13-01-2025T07:16:01 - [TEST_STEP][PASSED] - if (i1 > -1): null

13-01-2025T07:16:01 - [TEST_STEP][PASSED] - x = x.substring(i1, x.length()): null

13-01-2025T07:16:01 - [TEST_STEP][PASSED] - println(x): null

13-01-2025T07:16:01 - [TEST_STEP][PASSED] - i1 = x.indexOf("/"): null

13-01-2025T07:16:01 - [TEST_STEP][PASSED] - if (i1 > -1): null

13-01-2025T07:16:01 - [TEST_STEP][PASSED] - x = x.substring(0, i1): null

13-01-2025T07:16:01 - [TEST_STEP][PASSED] - println(x): null

13-01-2025T07:16:01 - [TEST_STEP][PASSED] - return x: null

13-01-2025T07:16:01 - [TEST_STEP][PASSED] - PercFactB = GetPercFactB(x = b): null

13-01-2025T07:16:01 - [TEST_STEP][PASSED] - i1 = <not implemented yet for class: org.codehaus.groovy.ast.expr.EmptyExpression>: null

13-01-2025T07:16:01 - [TEST_STEP][PASSED] - ii = <not implemented yet for class: org.codehaus.groovy.ast.expr.EmptyExpression>: null

13-01-2025T07:16:01 - [TEST_STEP][PASSED] - for ([ii = 1, ii < 3, (ii++)]): null

13-01-2025T07:16:01 - [TEST_STEP][PASSED] - i1 = x.indexOf("/") + 1: null

13-01-2025T07:16:01 - [TEST_STEP][PASSED] - if (i1 > -1): null

13-01-2025T07:16:01 - [TEST_STEP][PASSED] - x = x.substring(i1, x.length()): null

13-01-2025T07:16:01 - [TEST_STEP][PASSED] - println(x): null

13-01-2025T07:16:01 - [TEST_STEP][PASSED] - i1 = x.indexOf("/") + 1: null

13-01-2025T07:16:01 - [TEST_STEP][PASSED] - if (i1 > -1): null

13-01-2025T07:16:01 - [TEST_STEP][PASSED] - x = x.substring(i1, x.length()): null

13-01-2025T07:16:01 - [TEST_STEP][PASSED] - println(x): null

13-01-2025T07:16:01 - [TEST_STEP][PASSED] - i1 = x.indexOf("/"): null

13-01-2025T07:16:01 - [TEST_STEP][PASSED] - if (i1 > -1): null

13-01-2025T07:16:01 - [TEST_STEP][PASSED] - x = x.substring(0, i1): null

13-01-2025T07:16:01 - [TEST_STEP][PASSED] - println(x): null

13-01-2025T07:16:01 - [TEST_STEP][FAILED] - return x: null

13-01-2025T07:16:01 - [TEST_STEP][FAILED] - if (verifyEqual(PercFactR, PercFactB) == false): null

13-01-2025T07:16:01 - [MESSAGE][FAILED] - Unable to verify equal between actual object 'нет данных' and expected object '8.73' (Root cause: com.kms.katalon.core.exception.StepFailedException: Actual object 'нет данных' and expected object '8.73' are not equal
	at com.kms.katalon.core.keyword.builtin.VerifyEqualKeyword$_verifyEqual_closure1.doCall(VerifyEqualKeyword.groovy:58)
	at com.kms.katalon.core.keyword.builtin.VerifyEqualKeyword$_verifyEqual_closure1.call(VerifyEqualKeyword.groovy)
	at com.kms.katalon.core.keyword.internal.KeywordMain.runKeyword(KeywordMain.groovy:75)
	at com.kms.katalon.core.keyword.builtin.VerifyEqualKeyword.verifyEqual(VerifyEqualKeyword.groovy:63)
	at com.kms.katalon.core.keyword.builtin.VerifyEqualKeyword.execute(VerifyEqualKeyword.groovy:44)
	at com.kms.katalon.core.keyword.internal.KeywordExecutor.executeKeywordForPlatform(KeywordExecutor.groovy:74)
	at com.kms.katalon.core.keyword.BuiltinKeywords.verifyEqual(BuiltinKeywords.groovy:146)
	at jdk.internal.reflect.GeneratedMethodAccessor25.invoke(Unknown Source)
	at java.base/jdk.internal.reflect.DelegatingMethodAccessorImpl.invoke(DelegatingMethodAccessorImpl.java:43)
	at Выполнение бизнес-плана сверка дашбордов - Copy.CompareDZOData(Выполнение бизнес-плана сверка дашбордов - Copy:693)
	at Выполнение бизнес-плана сверка дашбордов - Copy.run(Выполнение бизнес-плана сверка дашбордов - Copy:658)
	at com.kms.katalon.core.main.ScriptEngine.run(ScriptEngine.java:194)
	at com.kms.katalon.core.main.ScriptEngine.runScriptAsRawText(ScriptEngine.java:119)
	at com.kms.katalon.core.main.TestCaseExecutor.runScript(TestCaseExecutor.java:448)
	at com.kms.katalon.core.main.TestCaseExecutor.doExecute(TestCaseExecutor.java:439)
	at com.kms.katalon.core.main.TestCaseExecutor.processExecutionPhase(TestCaseExecutor.java:418)
	at com.kms.katalon.core.main.TestCaseExecutor.accessMainPhase(TestCaseExecutor.java:410)
	at com.kms.katalon.core.main.TestCaseExecutor.execute(TestCaseExecutor.java:285)
	at com.kms.katalon.core.common.CommonExecutor.accessTestCaseMainPhase(CommonExecutor.java:65)
	at com.kms.katalon.core.main.TestSuiteExecutor.accessTestSuiteMainPhase(TestSuiteExecutor.java:150)
	at com.kms.katalon.core.main.TestSuiteExecutor.execute(TestSuiteExecutor.java:106)
	at com.kms.katalon.core.main.TestCaseMain.startTestSuite(TestCaseMain.java:180)
	at TempTestSuite1736740835951.run(TempTestSuite1736740835951.groovy:35)
	at java.base/jdk.internal.reflect.NativeMethodAccessorImpl.invoke0(Native Method)
	at java.base/jdk.internal.reflect.NativeMethodAccessorImpl.invoke(NativeMethodAccessorImpl.java:77)
	at java.base/jdk.internal.reflect.DelegatingMethodAccessorImpl.invoke(DelegatingMethodAccessorImpl.java:43)
)

13-01-2025T07:16:01 - [TEST_STEP][PASSED] - result = WriteToExcel(typeOfData, todaysDate, PercPlanR, PercPlanB, PercFactR, PercFactB, x, tabR, tabB, o1R, o1B, vidget): null

13-01-2025T07:16:01 - [TEST_STEP][PASSED] - iii = dZO.indexOf("/"): null

13-01-2025T07:16:01 - [TEST_STEP][PASSED] - println(iii): null

13-01-2025T07:16:01 - [TEST_STEP][PASSED] - dZO = dZO.substring(0, iii): null

13-01-2025T07:16:01 - [TEST_STEP][PASSED] - println(dZO): null

13-01-2025T07:16:01 - [TEST_STEP][PASSED] - println(PercPlanR): null

13-01-2025T07:16:01 - [TEST_STEP][PASSED] - println(PercPlanB): null

13-01-2025T07:16:01 - [TEST_STEP][PASSED] - println(PercFactR): null

13-01-2025T07:16:01 - [TEST_STEP][PASSED] - println(PercFactB): null

13-01-2025T07:16:01 - [TEST_STEP][PASSED] - println(tabR): null

13-01-2025T07:16:01 - [TEST_STEP][PASSED] - println(tabB): null

13-01-2025T07:16:01 - [TEST_STEP][PASSED] - println(o1R): null

13-01-2025T07:16:01 - [TEST_STEP][PASSED] - println(o1B): null

13-01-2025T07:16:01 - [TEST_STEP][PASSED] - PR = <not implemented yet for class: org.codehaus.groovy.ast.expr.EmptyExpression>: null

13-01-2025T07:16:01 - [TEST_STEP][PASSED] - FR = <not implemented yet for class: org.codehaus.groovy.ast.expr.EmptyExpression>: null

13-01-2025T07:16:01 - [TEST_STEP][PASSED] - PB = <not implemented yet for class: org.codehaus.groovy.ast.expr.EmptyExpression>: null

13-01-2025T07:16:01 - [TEST_STEP][PASSED] - FB = <not implemented yet for class: org.codehaus.groovy.ast.expr.EmptyExpression>: null

13-01-2025T07:16:01 - [TEST_STEP][PASSED] - TR = <not implemented yet for class: org.codehaus.groovy.ast.expr.EmptyExpression>: null

13-01-2025T07:16:01 - [TEST_STEP][PASSED] - TB = <not implemented yet for class: org.codehaus.groovy.ast.expr.EmptyExpression>: null

13-01-2025T07:16:01 - [TEST_STEP][PASSED] - sheetName = "Sheet1": null

13-01-2025T07:16:01 - [TEST_STEP][PASSED] - data = findTestData("PlanFact"): null

13-01-2025T07:16:01 - [TEST_STEP][PASSED] - n = data.getRowNumbers() + 1: null

13-01-2025T07:16:01 - [TEST_STEP][PASSED] - year = todaysDate.substring(todaysDate.length() - 4, todaysDate.length()): null

13-01-2025T07:16:01 - [TEST_STEP][PASSED] - y = year.toInteger(): null

13-01-2025T07:16:01 - [TEST_STEP][PASSED] - m = getText(findTestObject("Выполнение бизнес-плана/Выполнение бизнес-плана Балансы/Фильтр Дата")): Text of object 'Object Repository/Выполнение бизнес-плана/Выполнение бизнес-плана Балансы/Фильтр Дата' is: '1, 2, 3 кв., Октябрь, Ноябрь 2024 года'

13-01-2025T07:16:01 - [MESSAGE][PASSED] - Text of object 'Object Repository/Выполнение бизнес-плана/Выполнение бизнес-плана Балансы/Фильтр Дата' is: '1, 2, 3 кв., Октябрь, Ноябрь 2024 года'

13-01-2025T07:16:01 - [TEST_STEP][PASSED] - m = m.substring(0, m.indexOf("2024")): null

13-01-2025T07:16:01 - [TEST_STEP][PASSED] - m = m.trim(): null

13-01-2025T07:16:01 - [TEST_STEP][PASSED] - dashboardName = "Выполнение бизнес-плана": null

13-01-2025T07:16:01 - [TEST_STEP][PASSED] - workbook01 = getWorkbook(excelFilePath): null

13-01-2025T07:16:01 - [TEST_STEP][PASSED] - sheet01 = getExcelSheet(workbook01, sheetName): null

13-01-2025T07:16:01 - [TEST_STEP][PASSED] - setValueToCellByIndex(sheet01, n, 0, dashboardName): null

13-01-2025T07:16:01 - [TEST_STEP][PASSED] - setValueToCellByIndex(sheet01, n, 1, dZO): null

13-01-2025T07:16:01 - [TEST_STEP][PASSED] - setValueToCellByIndex(sheet01, n, 2, typeOfData): null

13-01-2025T07:16:01 - [TEST_STEP][PASSED] - setValueToCellByIndex(sheet01, n, 3, typeOfData): null

13-01-2025T07:16:01 - [TEST_STEP][PASSED] - if (typeOfData == "План"): null

13-01-2025T07:16:01 - [TEST_STEP][PASSED] - else if (typeOfData == "Факт"): null

13-01-2025T07:16:01 - [TEST_STEP][PASSED] - if (PercFactR == null): null

13-01-2025T07:16:01 - [TEST_STEP][PASSED] - else: null

13-01-2025T07:16:01 - [TEST_STEP][PASSED] - if (PercFactR == "нет данных"): null

13-01-2025T07:16:01 - [TEST_STEP][PASSED] - setValueToCellByIndex(sheet01, n, 4, "нет данных"): null

13-01-2025T07:16:01 - [TEST_STEP][PASSED] - if (PercFactB == null): null

13-01-2025T07:16:01 - [TEST_STEP][PASSED] - else: null

13-01-2025T07:16:01 - [TEST_STEP][PASSED] - if (PercFactB == "нет данных"): null

13-01-2025T07:16:01 - [TEST_STEP][PASSED] - else: null

13-01-2025T07:16:01 - [TEST_STEP][PASSED] - FB = PercFactB.toDouble(): null

13-01-2025T07:16:01 - [TEST_STEP][PASSED] - setValueToCellByIndex(sheet01, n, 5, FB): null

13-01-2025T07:16:01 - [TEST_STEP][PASSED] - setValueToCellByIndex(sheet01, n, 6, m): null

13-01-2025T07:16:01 - [TEST_STEP][PASSED] - setValueToCellByIndex(sheet01, n, 7, y): null

13-01-2025T07:16:01 - [TEST_STEP][PASSED] - setValueToCellByIndex(sheet01, n, 8, todaysDate): null

13-01-2025T07:16:01 - [TEST_STEP][PASSED] - n = n + 1: null

13-01-2025T07:16:01 - [TEST_STEP][PASSED] - saveWorkbook(excelFilePath, workbook01): null

13-01-2025T07:16:02 - [TEST_STEP][PASSED] - vidget = "Показатели баланса электроэнергии по ДЗО – Факт": null

13-01-2025T07:16:02 - [TEST_STEP][PASSED] - typeOfData = "Факт Отпуск в сеть": null

13-01-2025T07:16:02 - [TEST_STEP][PASSED] - tabR = GetOvSFactR(x = a): null

13-01-2025T07:16:02 - [TEST_STEP][PASSED] - i1 = <not implemented yet for class: org.codehaus.groovy.ast.expr.EmptyExpression>: null

13-01-2025T07:16:02 - [TEST_STEP][PASSED] - ii = <not implemented yet for class: org.codehaus.groovy.ast.expr.EmptyExpression>: null

13-01-2025T07:16:02 - [TEST_STEP][PASSED] - for ([ii = 1, ii < 4, (ii++)]): null

13-01-2025T07:16:02 - [TEST_STEP][PASSED] - i1 = x.indexOf("/") + 1: null

13-01-2025T07:16:02 - [TEST_STEP][PASSED] - if (i1 > -1): null

13-01-2025T07:16:02 - [TEST_STEP][PASSED] - x = x.substring(i1, x.length()): null

13-01-2025T07:16:02 - [TEST_STEP][PASSED] - println(x): null

13-01-2025T07:16:02 - [TEST_STEP][PASSED] - i1 = x.indexOf("/") + 1: null

13-01-2025T07:16:02 - [TEST_STEP][PASSED] - if (i1 > -1): null

13-01-2025T07:16:02 - [TEST_STEP][PASSED] - x = x.substring(i1, x.length()): null

13-01-2025T07:16:02 - [TEST_STEP][PASSED] - println(x): null

13-01-2025T07:16:02 - [TEST_STEP][PASSED] - i1 = x.indexOf("/") + 1: null

13-01-2025T07:16:02 - [TEST_STEP][PASSED] - if (i1 > -1): null

13-01-2025T07:16:02 - [TEST_STEP][PASSED] - x = x.substring(i1, x.length()): null

13-01-2025T07:16:02 - [TEST_STEP][PASSED] - println(x): null

13-01-2025T07:16:02 - [TEST_STEP][PASSED] - i1 = x.indexOf("/"): null

13-01-2025T07:16:02 - [TEST_STEP][PASSED] - if (i1 > -1): null

13-01-2025T07:16:02 - [TEST_STEP][PASSED] - x = x.substring(0, i1): null

13-01-2025T07:16:02 - [TEST_STEP][PASSED] - println(x): null

13-01-2025T07:16:02 - [TEST_STEP][PASSED] - return x: null

13-01-2025T07:16:02 - [TEST_STEP][PASSED] - tabB = GetOvSFactB(x = b): null

13-01-2025T07:16:02 - [TEST_STEP][PASSED] - i1 = <not implemented yet for class: org.codehaus.groovy.ast.expr.EmptyExpression>: null

13-01-2025T07:16:02 - [TEST_STEP][PASSED] - ii = <not implemented yet for class: org.codehaus.groovy.ast.expr.EmptyExpression>: null

13-01-2025T07:16:02 - [TEST_STEP][PASSED] - for ([ii = 1, ii < 4, (ii++)]): null

13-01-2025T07:16:02 - [TEST_STEP][PASSED] - i1 = x.indexOf("/") + 1: null

13-01-2025T07:16:02 - [TEST_STEP][PASSED] - if (i1 > -1): null

13-01-2025T07:16:02 - [TEST_STEP][PASSED] - x = x.substring(i1, x.length()): null

13-01-2025T07:16:02 - [TEST_STEP][PASSED] - println(x): null

13-01-2025T07:16:02 - [TEST_STEP][PASSED] - i1 = x.indexOf("/") + 1: null

13-01-2025T07:16:02 - [TEST_STEP][PASSED] - if (i1 > -1): null

13-01-2025T07:16:02 - [TEST_STEP][PASSED] - x = x.substring(i1, x.length()): null

13-01-2025T07:16:02 - [TEST_STEP][PASSED] - println(x): null

13-01-2025T07:16:02 - [TEST_STEP][PASSED] - i1 = x.indexOf("/") + 1: null

13-01-2025T07:16:02 - [TEST_STEP][PASSED] - if (i1 > -1): null

13-01-2025T07:16:02 - [TEST_STEP][PASSED] - x = x.substring(i1, x.length()): null

13-01-2025T07:16:02 - [TEST_STEP][PASSED] - println(x): null

13-01-2025T07:16:02 - [TEST_STEP][PASSED] - i1 = x.indexOf("/"): null

13-01-2025T07:16:02 - [TEST_STEP][PASSED] - if (i1 > -1): null

13-01-2025T07:16:02 - [TEST_STEP][PASSED] - x = x.substring(0, i1): null

13-01-2025T07:16:02 - [TEST_STEP][PASSED] - println(x): null

13-01-2025T07:16:02 - [TEST_STEP][FAILED] - return x: null

13-01-2025T07:16:02 - [TEST_STEP][FAILED] - if (verifyEqual(tabR, tabB) == false): null

13-01-2025T07:16:02 - [MESSAGE][FAILED] - Unable to verify equal between actual object 'нет данных' and expected object '27351234' (Root cause: com.kms.katalon.core.exception.StepFailedException: Actual object 'нет данных' and expected object '27351234' are not equal
	at com.kms.katalon.core.keyword.builtin.VerifyEqualKeyword$_verifyEqual_closure1.doCall(VerifyEqualKeyword.groovy:58)
	at com.kms.katalon.core.keyword.builtin.VerifyEqualKeyword$_verifyEqual_closure1.call(VerifyEqualKeyword.groovy)
	at com.kms.katalon.core.keyword.internal.KeywordMain.runKeyword(KeywordMain.groovy:75)
	at com.kms.katalon.core.keyword.builtin.VerifyEqualKeyword.verifyEqual(VerifyEqualKeyword.groovy:63)
	at com.kms.katalon.core.keyword.builtin.VerifyEqualKeyword.execute(VerifyEqualKeyword.groovy:44)
	at com.kms.katalon.core.keyword.internal.KeywordExecutor.executeKeywordForPlatform(KeywordExecutor.groovy:74)
	at com.kms.katalon.core.keyword.BuiltinKeywords.verifyEqual(BuiltinKeywords.groovy:146)
	at jdk.internal.reflect.GeneratedMethodAccessor25.invoke(Unknown Source)
	at java.base/jdk.internal.reflect.DelegatingMethodAccessorImpl.invoke(DelegatingMethodAccessorImpl.java:43)
	at Выполнение бизнес-плана сверка дашбордов - Copy.CompareDZOData(Выполнение бизнес-плана сверка дашбордов - Copy:706)
	at Выполнение бизнес-плана сверка дашбордов - Copy.run(Выполнение бизнес-плана сверка дашбордов - Copy:658)
	at com.kms.katalon.core.main.ScriptEngine.run(ScriptEngine.java:194)
	at com.kms.katalon.core.main.ScriptEngine.runScriptAsRawText(ScriptEngine.java:119)
	at com.kms.katalon.core.main.TestCaseExecutor.runScript(TestCaseExecutor.java:448)
	at com.kms.katalon.core.main.TestCaseExecutor.doExecute(TestCaseExecutor.java:439)
	at com.kms.katalon.core.main.TestCaseExecutor.processExecutionPhase(TestCaseExecutor.java:418)
	at com.kms.katalon.core.main.TestCaseExecutor.accessMainPhase(TestCaseExecutor.java:410)
	at com.kms.katalon.core.main.TestCaseExecutor.execute(TestCaseExecutor.java:285)
	at com.kms.katalon.core.common.CommonExecutor.accessTestCaseMainPhase(CommonExecutor.java:65)
	at com.kms.katalon.core.main.TestSuiteExecutor.accessTestSuiteMainPhase(TestSuiteExecutor.java:150)
	at com.kms.katalon.core.main.TestSuiteExecutor.execute(TestSuiteExecutor.java:106)
	at com.kms.katalon.core.main.TestCaseMain.startTestSuite(TestCaseMain.java:180)
	at TempTestSuite1736740835951.run(TempTestSuite1736740835951.groovy:35)
	at java.base/jdk.internal.reflect.NativeMethodAccessorImpl.invoke0(Native Method)
	at java.base/jdk.internal.reflect.NativeMethodAccessorImpl.invoke(NativeMethodAccessorImpl.java:77)
	at java.base/jdk.internal.reflect.DelegatingMethodAccessorImpl.invoke(DelegatingMethodAccessorImpl.java:43)
)

13-01-2025T07:16:02 - [TEST_STEP][PASSED] - result = WriteToExcel(typeOfData, todaysDate, PercPlanR, PercPlanB, PercFactR, PercFactB, x, tabR, tabB, o1R, o1B, vidget): null

13-01-2025T07:16:02 - [TEST_STEP][PASSED] - iii = dZO.indexOf("/"): null

13-01-2025T07:16:02 - [TEST_STEP][PASSED] - println(iii): null

13-01-2025T07:16:02 - [TEST_STEP][PASSED] - dZO = dZO.substring(0, iii): null

13-01-2025T07:16:02 - [TEST_STEP][PASSED] - println(dZO): null

13-01-2025T07:16:02 - [TEST_STEP][PASSED] - println(PercPlanR): null

13-01-2025T07:16:02 - [TEST_STEP][PASSED] - println(PercPlanB): null

13-01-2025T07:16:02 - [TEST_STEP][PASSED] - println(PercFactR): null

13-01-2025T07:16:02 - [TEST_STEP][PASSED] - println(PercFactB): null

13-01-2025T07:16:02 - [TEST_STEP][PASSED] - println(tabR): null

13-01-2025T07:16:02 - [TEST_STEP][PASSED] - println(tabB): null

13-01-2025T07:16:02 - [TEST_STEP][PASSED] - println(o1R): null

13-01-2025T07:16:02 - [TEST_STEP][PASSED] - println(o1B): null

13-01-2025T07:16:02 - [TEST_STEP][PASSED] - PR = <not implemented yet for class: org.codehaus.groovy.ast.expr.EmptyExpression>: null

13-01-2025T07:16:02 - [TEST_STEP][PASSED] - FR = <not implemented yet for class: org.codehaus.groovy.ast.expr.EmptyExpression>: null

13-01-2025T07:16:02 - [TEST_STEP][PASSED] - PB = <not implemented yet for class: org.codehaus.groovy.ast.expr.EmptyExpression>: null

13-01-2025T07:16:02 - [TEST_STEP][PASSED] - FB = <not implemented yet for class: org.codehaus.groovy.ast.expr.EmptyExpression>: null

13-01-2025T07:16:02 - [TEST_STEP][PASSED] - TR = <not implemented yet for class: org.codehaus.groovy.ast.expr.EmptyExpression>: null

13-01-2025T07:16:02 - [TEST_STEP][PASSED] - TB = <not implemented yet for class: org.codehaus.groovy.ast.expr.EmptyExpression>: null

13-01-2025T07:16:02 - [TEST_STEP][PASSED] - sheetName = "Sheet1": null

13-01-2025T07:16:02 - [TEST_STEP][PASSED] - data = findTestData("PlanFact"): null

13-01-2025T07:16:02 - [TEST_STEP][PASSED] - n = data.getRowNumbers() + 1: null

13-01-2025T07:16:02 - [TEST_STEP][PASSED] - year = todaysDate.substring(todaysDate.length() - 4, todaysDate.length()): null

13-01-2025T07:16:02 - [TEST_STEP][PASSED] - y = year.toInteger(): null

13-01-2025T07:16:02 - [TEST_STEP][PASSED] - m = getText(findTestObject("Выполнение бизнес-плана/Выполнение бизнес-плана Балансы/Фильтр Дата")): Text of object 'Object Repository/Выполнение бизнес-плана/Выполнение бизнес-плана Балансы/Фильтр Дата' is: '1, 2, 3 кв., Октябрь, Ноябрь 2024 года'

13-01-2025T07:16:02 - [MESSAGE][PASSED] - Text of object 'Object Repository/Выполнение бизнес-плана/Выполнение бизнес-плана Балансы/Фильтр Дата' is: '1, 2, 3 кв., Октябрь, Ноябрь 2024 года'

13-01-2025T07:16:02 - [TEST_STEP][PASSED] - m = m.substring(0, m.indexOf("2024")): null

13-01-2025T07:16:02 - [TEST_STEP][PASSED] - m = m.trim(): null

13-01-2025T07:16:02 - [TEST_STEP][PASSED] - dashboardName = "Выполнение бизнес-плана": null

13-01-2025T07:16:02 - [TEST_STEP][PASSED] - workbook01 = getWorkbook(excelFilePath): null

13-01-2025T07:16:02 - [TEST_STEP][PASSED] - sheet01 = getExcelSheet(workbook01, sheetName): null

13-01-2025T07:16:02 - [TEST_STEP][PASSED] - setValueToCellByIndex(sheet01, n, 0, dashboardName): null

13-01-2025T07:16:02 - [TEST_STEP][PASSED] - setValueToCellByIndex(sheet01, n, 1, dZO): null

13-01-2025T07:16:02 - [TEST_STEP][PASSED] - setValueToCellByIndex(sheet01, n, 2, typeOfData): null

13-01-2025T07:16:02 - [TEST_STEP][PASSED] - setValueToCellByIndex(sheet01, n, 3, typeOfData): null

13-01-2025T07:16:02 - [TEST_STEP][PASSED] - if (typeOfData == "План"): null

13-01-2025T07:16:02 - [TEST_STEP][PASSED] - else if (typeOfData == "Факт"): null

13-01-2025T07:16:02 - [TEST_STEP][PASSED] - else if (vidget.contains("электроэнергии") == true): null

13-01-2025T07:16:02 - [TEST_STEP][PASSED] - if (tabR == null): null

13-01-2025T07:16:02 - [TEST_STEP][PASSED] - else: null

13-01-2025T07:16:02 - [TEST_STEP][PASSED] - if (tabR == "нет данных"): null

13-01-2025T07:16:02 - [TEST_STEP][PASSED] - setValueToCellByIndex(sheet01, n, 4, "нет данных"): null

13-01-2025T07:16:02 - [TEST_STEP][PASSED] - if (tabB == null): null

13-01-2025T07:16:02 - [TEST_STEP][PASSED] - else: null

13-01-2025T07:16:02 - [TEST_STEP][PASSED] - if (tabB == "нет данных"): null

13-01-2025T07:16:02 - [TEST_STEP][PASSED] - else: null

13-01-2025T07:16:02 - [TEST_STEP][PASSED] - TB = tabB.toInteger(): null

13-01-2025T07:16:02 - [TEST_STEP][PASSED] - setValueToCellByIndex(sheet01, n, 5, TB): null

13-01-2025T07:16:02 - [TEST_STEP][PASSED] - setValueToCellByIndex(sheet01, n, 6, m): null

13-01-2025T07:16:02 - [TEST_STEP][PASSED] - setValueToCellByIndex(sheet01, n, 7, y): null

13-01-2025T07:16:02 - [TEST_STEP][PASSED] - setValueToCellByIndex(sheet01, n, 8, todaysDate): null

13-01-2025T07:16:02 - [TEST_STEP][PASSED] - n = n + 1: null

13-01-2025T07:16:02 - [TEST_STEP][PASSED] - saveWorkbook(excelFilePath, workbook01): null

13-01-2025T07:16:02 - [TEST_STEP][PASSED] - typeOfData = "Факт Отпуск из сети": null

13-01-2025T07:16:02 - [TEST_STEP][PASSED] - tabR = GetOiSFactR(x = a): null

13-01-2025T07:16:02 - [TEST_STEP][PASSED] - i1 = <not implemented yet for class: org.codehaus.groovy.ast.expr.EmptyExpression>: null

13-01-2025T07:16:02 - [TEST_STEP][PASSED] - ii = <not implemented yet for class: org.codehaus.groovy.ast.expr.EmptyExpression>: null

13-01-2025T07:16:02 - [TEST_STEP][PASSED] - for ([ii = 1, ii < 5, (ii++)]): null

13-01-2025T07:16:02 - [TEST_STEP][PASSED] - i1 = x.indexOf("/") + 1: null

13-01-2025T07:16:02 - [TEST_STEP][PASSED] - if (i1 > -1): null

13-01-2025T07:16:02 - [TEST_STEP][PASSED] - x = x.substring(i1, x.length()): null

13-01-2025T07:16:02 - [TEST_STEP][PASSED] - println(x): null

13-01-2025T07:16:02 - [TEST_STEP][PASSED] - i1 = x.indexOf("/") + 1: null

13-01-2025T07:16:02 - [TEST_STEP][PASSED] - if (i1 > -1): null

13-01-2025T07:16:02 - [TEST_STEP][PASSED] - x = x.substring(i1, x.length()): null

13-01-2025T07:16:02 - [TEST_STEP][PASSED] - println(x): null

13-01-2025T07:16:02 - [TEST_STEP][PASSED] - i1 = x.indexOf("/") + 1: null

13-01-2025T07:16:02 - [TEST_STEP][PASSED] - if (i1 > -1): null

13-01-2025T07:16:02 - [TEST_STEP][PASSED] - x = x.substring(i1, x.length()): null

13-01-2025T07:16:02 - [TEST_STEP][PASSED] - println(x): null

13-01-2025T07:16:02 - [TEST_STEP][PASSED] - i1 = x.indexOf("/") + 1: null

13-01-2025T07:16:02 - [TEST_STEP][PASSED] - if (i1 > -1): null

13-01-2025T07:16:02 - [TEST_STEP][PASSED] - x = x.substring(i1, x.length()): null

13-01-2025T07:16:02 - [TEST_STEP][PASSED] - println(x): null

13-01-2025T07:16:02 - [TEST_STEP][PASSED] - i1 = x.indexOf("/"): null

13-01-2025T07:16:02 - [TEST_STEP][PASSED] - if (i1 > -1): null

13-01-2025T07:16:02 - [TEST_STEP][PASSED] - x = x.substring(0, i1): null

13-01-2025T07:16:02 - [TEST_STEP][PASSED] - println(x): null

13-01-2025T07:16:02 - [TEST_STEP][PASSED] - return x: null

13-01-2025T07:16:02 - [TEST_STEP][PASSED] - tabB = GetOiSFactB(x = b): null

13-01-2025T07:16:02 - [TEST_STEP][PASSED] - i1 = <not implemented yet for class: org.codehaus.groovy.ast.expr.EmptyExpression>: null

13-01-2025T07:16:02 - [TEST_STEP][PASSED] - ii = <not implemented yet for class: org.codehaus.groovy.ast.expr.EmptyExpression>: null

13-01-2025T07:16:02 - [TEST_STEP][PASSED] - for ([ii = 1, ii < 5, (ii++)]): null

13-01-2025T07:16:02 - [TEST_STEP][PASSED] - i1 = x.indexOf("/") + 1: null

13-01-2025T07:16:02 - [TEST_STEP][PASSED] - if (i1 > -1): null

13-01-2025T07:16:02 - [TEST_STEP][PASSED] - x = x.substring(i1, x.length()): null

13-01-2025T07:16:02 - [TEST_STEP][PASSED] - println(x): null

13-01-2025T07:16:02 - [TEST_STEP][PASSED] - i1 = x.indexOf("/") + 1: null

13-01-2025T07:16:02 - [TEST_STEP][PASSED] - if (i1 > -1): null

13-01-2025T07:16:02 - [TEST_STEP][PASSED] - x = x.substring(i1, x.length()): null

13-01-2025T07:16:02 - [TEST_STEP][PASSED] - println(x): null

13-01-2025T07:16:02 - [TEST_STEP][PASSED] - i1 = x.indexOf("/") + 1: null

13-01-2025T07:16:02 - [TEST_STEP][PASSED] - if (i1 > -1): null

13-01-2025T07:16:02 - [TEST_STEP][PASSED] - x = x.substring(i1, x.length()): null

13-01-2025T07:16:02 - [TEST_STEP][PASSED] - println(x): null

13-01-2025T07:16:02 - [TEST_STEP][PASSED] - i1 = x.indexOf("/") + 1: null

13-01-2025T07:16:02 - [TEST_STEP][PASSED] - if (i1 > -1): null

13-01-2025T07:16:02 - [TEST_STEP][PASSED] - x = x.substring(i1, x.length()): null

13-01-2025T07:16:02 - [TEST_STEP][PASSED] - println(x): null

13-01-2025T07:16:02 - [TEST_STEP][PASSED] - i1 = x.indexOf("/"): null

13-01-2025T07:16:02 - [TEST_STEP][PASSED] - if (i1 > -1): null

13-01-2025T07:16:02 - [TEST_STEP][PASSED] - x = x.substring(0, i1): null

13-01-2025T07:16:02 - [TEST_STEP][PASSED] - println(x): null

13-01-2025T07:16:02 - [TEST_STEP][FAILED] - return x: null

13-01-2025T07:16:02 - [TEST_STEP][FAILED] - if (verifyEqual(tabR, tabB) == false): null

13-01-2025T07:16:02 - [MESSAGE][FAILED] - Unable to verify equal between actual object 'нет данных' and expected object '24964441' (Root cause: com.kms.katalon.core.exception.StepFailedException: Actual object 'нет данных' and expected object '24964441' are not equal
	at com.kms.katalon.core.keyword.builtin.VerifyEqualKeyword$_verifyEqual_closure1.doCall(VerifyEqualKeyword.groovy:58)
	at com.kms.katalon.core.keyword.builtin.VerifyEqualKeyword$_verifyEqual_closure1.call(VerifyEqualKeyword.groovy)
	at com.kms.katalon.core.keyword.internal.KeywordMain.runKeyword(KeywordMain.groovy:75)
	at com.kms.katalon.core.keyword.builtin.VerifyEqualKeyword.verifyEqual(VerifyEqualKeyword.groovy:63)
	at com.kms.katalon.core.keyword.builtin.VerifyEqualKeyword.execute(VerifyEqualKeyword.groovy:44)
	at com.kms.katalon.core.keyword.internal.KeywordExecutor.executeKeywordForPlatform(KeywordExecutor.groovy:74)
	at com.kms.katalon.core.keyword.BuiltinKeywords.verifyEqual(BuiltinKeywords.groovy:146)
	at jdk.internal.reflect.GeneratedMethodAccessor25.invoke(Unknown Source)
	at java.base/jdk.internal.reflect.DelegatingMethodAccessorImpl.invoke(DelegatingMethodAccessorImpl.java:43)
	at Выполнение бизнес-плана сверка дашбордов - Copy.CompareDZOData(Выполнение бизнес-плана сверка дашбордов - Copy:717)
	at Выполнение бизнес-плана сверка дашбордов - Copy.run(Выполнение бизнес-плана сверка дашбордов - Copy:658)
	at com.kms.katalon.core.main.ScriptEngine.run(ScriptEngine.java:194)
	at com.kms.katalon.core.main.ScriptEngine.runScriptAsRawText(ScriptEngine.java:119)
	at com.kms.katalon.core.main.TestCaseExecutor.runScript(TestCaseExecutor.java:448)
	at com.kms.katalon.core.main.TestCaseExecutor.doExecute(TestCaseExecutor.java:439)
	at com.kms.katalon.core.main.TestCaseExecutor.processExecutionPhase(TestCaseExecutor.java:418)
	at com.kms.katalon.core.main.TestCaseExecutor.accessMainPhase(TestCaseExecutor.java:410)
	at com.kms.katalon.core.main.TestCaseExecutor.execute(TestCaseExecutor.java:285)
	at com.kms.katalon.core.common.CommonExecutor.accessTestCaseMainPhase(CommonExecutor.java:65)
	at com.kms.katalon.core.main.TestSuiteExecutor.accessTestSuiteMainPhase(TestSuiteExecutor.java:150)
	at com.kms.katalon.core.main.TestSuiteExecutor.execute(TestSuiteExecutor.java:106)
	at com.kms.katalon.core.main.TestCaseMain.startTestSuite(TestCaseMain.java:180)
	at TempTestSuite1736740835951.run(TempTestSuite1736740835951.groovy:35)
	at java.base/jdk.internal.reflect.NativeMethodAccessorImpl.invoke0(Native Method)
	at java.base/jdk.internal.reflect.NativeMethodAccessorImpl.invoke(NativeMethodAccessorImpl.java:77)
	at java.base/jdk.internal.reflect.DelegatingMethodAccessorImpl.invoke(DelegatingMethodAccessorImpl.java:43)
)

13-01-2025T07:16:02 - [TEST_STEP][PASSED] - result = WriteToExcel(typeOfData, todaysDate, PercPlanR, PercPlanB, PercFactR, PercFactB, x, tabR, tabB, o1R, o1B, vidget): null

13-01-2025T07:16:02 - [TEST_STEP][PASSED] - iii = dZO.indexOf("/"): null

13-01-2025T07:16:02 - [TEST_STEP][PASSED] - println(iii): null

13-01-2025T07:16:02 - [TEST_STEP][PASSED] - dZO = dZO.substring(0, iii): null

13-01-2025T07:16:02 - [TEST_STEP][PASSED] - println(dZO): null

13-01-2025T07:16:02 - [TEST_STEP][PASSED] - println(PercPlanR): null

13-01-2025T07:16:02 - [TEST_STEP][PASSED] - println(PercPlanB): null

13-01-2025T07:16:02 - [TEST_STEP][PASSED] - println(PercFactR): null

13-01-2025T07:16:02 - [TEST_STEP][PASSED] - println(PercFactB): null

13-01-2025T07:16:02 - [TEST_STEP][PASSED] - println(tabR): null

13-01-2025T07:16:02 - [TEST_STEP][PASSED] - println(tabB): null

13-01-2025T07:16:02 - [TEST_STEP][PASSED] - println(o1R): null

13-01-2025T07:16:02 - [TEST_STEP][PASSED] - println(o1B): null

13-01-2025T07:16:02 - [TEST_STEP][PASSED] - PR = <not implemented yet for class: org.codehaus.groovy.ast.expr.EmptyExpression>: null

13-01-2025T07:16:02 - [TEST_STEP][PASSED] - FR = <not implemented yet for class: org.codehaus.groovy.ast.expr.EmptyExpression>: null

13-01-2025T07:16:02 - [TEST_STEP][PASSED] - PB = <not implemented yet for class: org.codehaus.groovy.ast.expr.EmptyExpression>: null

13-01-2025T07:16:02 - [TEST_STEP][PASSED] - FB = <not implemented yet for class: org.codehaus.groovy.ast.expr.EmptyExpression>: null

13-01-2025T07:16:02 - [TEST_STEP][PASSED] - TR = <not implemented yet for class: org.codehaus.groovy.ast.expr.EmptyExpression>: null

13-01-2025T07:16:02 - [TEST_STEP][PASSED] - TB = <not implemented yet for class: org.codehaus.groovy.ast.expr.EmptyExpression>: null

13-01-2025T07:16:02 - [TEST_STEP][PASSED] - sheetName = "Sheet1": null

13-01-2025T07:16:02 - [TEST_STEP][PASSED] - data = findTestData("PlanFact"): null

13-01-2025T07:16:02 - [TEST_STEP][PASSED] - n = data.getRowNumbers() + 1: null

13-01-2025T07:16:02 - [TEST_STEP][PASSED] - year = todaysDate.substring(todaysDate.length() - 4, todaysDate.length()): null

13-01-2025T07:16:02 - [TEST_STEP][PASSED] - y = year.toInteger(): null

13-01-2025T07:16:02 - [TEST_STEP][PASSED] - m = getText(findTestObject("Выполнение бизнес-плана/Выполнение бизнес-плана Балансы/Фильтр Дата")): Text of object 'Object Repository/Выполнение бизнес-плана/Выполнение бизнес-плана Балансы/Фильтр Дата' is: '1, 2, 3 кв., Октябрь, Ноябрь 2024 года'

13-01-2025T07:16:03 - [MESSAGE][PASSED] - Text of object 'Object Repository/Выполнение бизнес-плана/Выполнение бизнес-плана Балансы/Фильтр Дата' is: '1, 2, 3 кв., Октябрь, Ноябрь 2024 года'

13-01-2025T07:16:03 - [TEST_STEP][PASSED] - m = m.substring(0, m.indexOf("2024")): null

13-01-2025T07:16:03 - [TEST_STEP][PASSED] - m = m.trim(): null

13-01-2025T07:16:03 - [TEST_STEP][PASSED] - dashboardName = "Выполнение бизнес-плана": null

13-01-2025T07:16:03 - [TEST_STEP][PASSED] - workbook01 = getWorkbook(excelFilePath): null

13-01-2025T07:16:03 - [TEST_STEP][PASSED] - sheet01 = getExcelSheet(workbook01, sheetName): null

13-01-2025T07:16:03 - [TEST_STEP][PASSED] - setValueToCellByIndex(sheet01, n, 0, dashboardName): null

13-01-2025T07:16:03 - [TEST_STEP][PASSED] - setValueToCellByIndex(sheet01, n, 1, dZO): null

13-01-2025T07:16:03 - [TEST_STEP][PASSED] - setValueToCellByIndex(sheet01, n, 2, typeOfData): null

13-01-2025T07:16:03 - [TEST_STEP][PASSED] - setValueToCellByIndex(sheet01, n, 3, typeOfData): null

13-01-2025T07:16:03 - [TEST_STEP][PASSED] - if (typeOfData == "План"): null

13-01-2025T07:16:03 - [TEST_STEP][PASSED] - else if (typeOfData == "Факт"): null

13-01-2025T07:16:03 - [TEST_STEP][PASSED] - else if (vidget.contains("электроэнергии") == true): null

13-01-2025T07:16:03 - [TEST_STEP][PASSED] - if (tabR == null): null

13-01-2025T07:16:03 - [TEST_STEP][PASSED] - else: null

13-01-2025T07:16:03 - [TEST_STEP][PASSED] - if (tabR == "нет данных"): null

13-01-2025T07:16:03 - [TEST_STEP][PASSED] - setValueToCellByIndex(sheet01, n, 4, "нет данных"): null

13-01-2025T07:16:03 - [TEST_STEP][PASSED] - if (tabB == null): null

13-01-2025T07:16:03 - [TEST_STEP][PASSED] - else: null

13-01-2025T07:16:03 - [TEST_STEP][PASSED] - if (tabB == "нет данных"): null

13-01-2025T07:16:03 - [TEST_STEP][PASSED] - else: null

13-01-2025T07:16:03 - [TEST_STEP][PASSED] - TB = tabB.toInteger(): null

13-01-2025T07:16:03 - [TEST_STEP][PASSED] - setValueToCellByIndex(sheet01, n, 5, TB): null

13-01-2025T07:16:03 - [TEST_STEP][PASSED] - setValueToCellByIndex(sheet01, n, 6, m): null

13-01-2025T07:16:03 - [TEST_STEP][PASSED] - setValueToCellByIndex(sheet01, n, 7, y): null

13-01-2025T07:16:03 - [TEST_STEP][PASSED] - setValueToCellByIndex(sheet01, n, 8, todaysDate): null

13-01-2025T07:16:03 - [TEST_STEP][PASSED] - n = n + 1: null

13-01-2025T07:16:03 - [TEST_STEP][PASSED] - saveWorkbook(excelFilePath, workbook01): null

13-01-2025T07:16:03 - [TEST_STEP][PASSED] - typeOfData = "Факт Потери": null

13-01-2025T07:16:03 - [TEST_STEP][PASSED] - tabR = GetPFactR(x = a): null

13-01-2025T07:16:03 - [TEST_STEP][PASSED] - i1 = <not implemented yet for class: org.codehaus.groovy.ast.expr.EmptyExpression>: null

13-01-2025T07:16:03 - [TEST_STEP][PASSED] - ii = <not implemented yet for class: org.codehaus.groovy.ast.expr.EmptyExpression>: null

13-01-2025T07:16:03 - [TEST_STEP][PASSED] - for ([ii = 1, ii < 6, (ii++)]): null

13-01-2025T07:16:03 - [TEST_STEP][PASSED] - i1 = x.indexOf("/") + 1: null

13-01-2025T07:16:03 - [TEST_STEP][PASSED] - if (i1 > -1): null

13-01-2025T07:16:03 - [TEST_STEP][PASSED] - x = x.substring(i1, x.length()): null

13-01-2025T07:16:03 - [TEST_STEP][PASSED] - println(x): null

13-01-2025T07:16:03 - [TEST_STEP][PASSED] - i1 = x.indexOf("/") + 1: null

13-01-2025T07:16:03 - [TEST_STEP][PASSED] - if (i1 > -1): null

13-01-2025T07:16:03 - [TEST_STEP][PASSED] - x = x.substring(i1, x.length()): null

13-01-2025T07:16:03 - [TEST_STEP][PASSED] - println(x): null

13-01-2025T07:16:03 - [TEST_STEP][PASSED] - i1 = x.indexOf("/") + 1: null

13-01-2025T07:16:03 - [TEST_STEP][PASSED] - if (i1 > -1): null

13-01-2025T07:16:03 - [TEST_STEP][PASSED] - x = x.substring(i1, x.length()): null

13-01-2025T07:16:03 - [TEST_STEP][PASSED] - println(x): null

13-01-2025T07:16:03 - [TEST_STEP][PASSED] - i1 = x.indexOf("/") + 1: null

13-01-2025T07:16:03 - [TEST_STEP][PASSED] - if (i1 > -1): null

13-01-2025T07:16:03 - [TEST_STEP][PASSED] - x = x.substring(i1, x.length()): null

13-01-2025T07:16:03 - [TEST_STEP][PASSED] - println(x): null

13-01-2025T07:16:03 - [TEST_STEP][PASSED] - i1 = x.indexOf("/") + 1: null

13-01-2025T07:16:03 - [TEST_STEP][PASSED] - if (i1 > -1): null

13-01-2025T07:16:03 - [TEST_STEP][PASSED] - x = x.substring(i1, x.length()): null

13-01-2025T07:16:03 - [TEST_STEP][PASSED] - println(x): null

13-01-2025T07:16:03 - [TEST_STEP][PASSED] - i1 = x.indexOf("/"): null

13-01-2025T07:16:03 - [TEST_STEP][PASSED] - if (i1 > -1): null

13-01-2025T07:16:03 - [TEST_STEP][PASSED] - x = x.substring(0, i1): null

13-01-2025T07:16:03 - [TEST_STEP][PASSED] - println(x): null

13-01-2025T07:16:03 - [TEST_STEP][PASSED] - return x: null

13-01-2025T07:16:03 - [TEST_STEP][PASSED] - tabB = GetPFactB(x = b): null

13-01-2025T07:16:03 - [TEST_STEP][PASSED] - i1 = <not implemented yet for class: org.codehaus.groovy.ast.expr.EmptyExpression>: null

13-01-2025T07:16:03 - [TEST_STEP][PASSED] - ii = <not implemented yet for class: org.codehaus.groovy.ast.expr.EmptyExpression>: null

13-01-2025T07:16:03 - [TEST_STEP][PASSED] - for ([ii = 1, ii < 6, (ii++)]): null

13-01-2025T07:16:03 - [TEST_STEP][PASSED] - i1 = x.indexOf("/") + 1: null

13-01-2025T07:16:03 - [TEST_STEP][PASSED] - if (i1 > -1): null

13-01-2025T07:16:03 - [TEST_STEP][PASSED] - x = x.substring(i1, x.length()): null

13-01-2025T07:16:03 - [TEST_STEP][PASSED] - println(x): null

13-01-2025T07:16:03 - [TEST_STEP][PASSED] - i1 = x.indexOf("/") + 1: null

13-01-2025T07:16:03 - [TEST_STEP][PASSED] - if (i1 > -1): null

13-01-2025T07:16:03 - [TEST_STEP][PASSED] - x = x.substring(i1, x.length()): null

13-01-2025T07:16:03 - [TEST_STEP][PASSED] - println(x): null

13-01-2025T07:16:03 - [TEST_STEP][PASSED] - i1 = x.indexOf("/") + 1: null

13-01-2025T07:16:03 - [TEST_STEP][PASSED] - if (i1 > -1): null

13-01-2025T07:16:03 - [TEST_STEP][PASSED] - x = x.substring(i1, x.length()): null

13-01-2025T07:16:03 - [TEST_STEP][PASSED] - println(x): null

13-01-2025T07:16:03 - [TEST_STEP][PASSED] - i1 = x.indexOf("/") + 1: null

13-01-2025T07:16:03 - [TEST_STEP][PASSED] - if (i1 > -1): null

13-01-2025T07:16:03 - [TEST_STEP][PASSED] - x = x.substring(i1, x.length()): null

13-01-2025T07:16:03 - [TEST_STEP][PASSED] - println(x): null

13-01-2025T07:16:03 - [TEST_STEP][PASSED] - i1 = x.indexOf("/") + 1: null

13-01-2025T07:16:03 - [TEST_STEP][PASSED] - if (i1 > -1): null

13-01-2025T07:16:03 - [TEST_STEP][PASSED] - x = x.substring(i1, x.length()): null

13-01-2025T07:16:03 - [TEST_STEP][PASSED] - println(x): null

13-01-2025T07:16:03 - [TEST_STEP][PASSED] - i1 = x.indexOf("/"): null

13-01-2025T07:16:03 - [TEST_STEP][PASSED] - if (i1 > -1): null

13-01-2025T07:16:03 - [TEST_STEP][PASSED] - x = x.substring(0, i1): null

13-01-2025T07:16:03 - [TEST_STEP][PASSED] - println(x): null

13-01-2025T07:16:03 - [TEST_STEP][FAILED] - return x: null

13-01-2025T07:16:03 - [TEST_STEP][PASSED] - println(tabR + "/" + tabB): null

13-01-2025T07:16:03 - [TEST_STEP][FAILED] - if (verifyEqual(tabR, tabB) == false): null

13-01-2025T07:16:03 - [MESSAGE][FAILED] - Unable to verify equal between actual object 'нет данных' and expected object '2386793' (Root cause: com.kms.katalon.core.exception.StepFailedException: Actual object 'нет данных' and expected object '2386793' are not equal
	at com.kms.katalon.core.keyword.builtin.VerifyEqualKeyword$_verifyEqual_closure1.doCall(VerifyEqualKeyword.groovy:58)
	at com.kms.katalon.core.keyword.builtin.VerifyEqualKeyword$_verifyEqual_closure1.call(VerifyEqualKeyword.groovy)
	at com.kms.katalon.core.keyword.internal.KeywordMain.runKeyword(KeywordMain.groovy:75)
	at com.kms.katalon.core.keyword.builtin.VerifyEqualKeyword.verifyEqual(VerifyEqualKeyword.groovy:63)
	at com.kms.katalon.core.keyword.builtin.VerifyEqualKeyword.execute(VerifyEqualKeyword.groovy:44)
	at com.kms.katalon.core.keyword.internal.KeywordExecutor.executeKeywordForPlatform(KeywordExecutor.groovy:74)
	at com.kms.katalon.core.keyword.BuiltinKeywords.verifyEqual(BuiltinKeywords.groovy:146)
	at jdk.internal.reflect.GeneratedMethodAccessor25.invoke(Unknown Source)
	at java.base/jdk.internal.reflect.DelegatingMethodAccessorImpl.invoke(DelegatingMethodAccessorImpl.java:43)
	at Выполнение бизнес-плана сверка дашбордов - Copy.CompareDZOData(Выполнение бизнес-плана сверка дашбордов - Copy:730)
	at Выполнение бизнес-плана сверка дашбордов - Copy.run(Выполнение бизнес-плана сверка дашбордов - Copy:658)
	at com.kms.katalon.core.main.ScriptEngine.run(ScriptEngine.java:194)
	at com.kms.katalon.core.main.ScriptEngine.runScriptAsRawText(ScriptEngine.java:119)
	at com.kms.katalon.core.main.TestCaseExecutor.runScript(TestCaseExecutor.java:448)
	at com.kms.katalon.core.main.TestCaseExecutor.doExecute(TestCaseExecutor.java:439)
	at com.kms.katalon.core.main.TestCaseExecutor.processExecutionPhase(TestCaseExecutor.java:418)
	at com.kms.katalon.core.main.TestCaseExecutor.accessMainPhase(TestCaseExecutor.java:410)
	at com.kms.katalon.core.main.TestCaseExecutor.execute(TestCaseExecutor.java:285)
	at com.kms.katalon.core.common.CommonExecutor.accessTestCaseMainPhase(CommonExecutor.java:65)
	at com.kms.katalon.core.main.TestSuiteExecutor.accessTestSuiteMainPhase(TestSuiteExecutor.java:150)
	at com.kms.katalon.core.main.TestSuiteExecutor.execute(TestSuiteExecutor.java:106)
	at com.kms.katalon.core.main.TestCaseMain.startTestSuite(TestCaseMain.java:180)
	at TempTestSuite1736740835951.run(TempTestSuite1736740835951.groovy:35)
	at java.base/jdk.internal.reflect.NativeMethodAccessorImpl.invoke0(Native Method)
	at java.base/jdk.internal.reflect.NativeMethodAccessorImpl.invoke(NativeMethodAccessorImpl.java:77)
	at java.base/jdk.internal.reflect.DelegatingMethodAccessorImpl.invoke(DelegatingMethodAccessorImpl.java:43)
)

13-01-2025T07:16:03 - [TEST_STEP][PASSED] - result = WriteToExcel(typeOfData, todaysDate, PercPlanR, PercPlanB, PercFactR, PercFactB, x, tabR, tabB, o1R, o1B, vidget): null

13-01-2025T07:16:03 - [TEST_STEP][PASSED] - iii = dZO.indexOf("/"): null

13-01-2025T07:16:03 - [TEST_STEP][PASSED] - println(iii): null

13-01-2025T07:16:03 - [TEST_STEP][PASSED] - dZO = dZO.substring(0, iii): null

13-01-2025T07:16:03 - [TEST_STEP][PASSED] - println(dZO): null

13-01-2025T07:16:03 - [TEST_STEP][PASSED] - println(PercPlanR): null

13-01-2025T07:16:03 - [TEST_STEP][PASSED] - println(PercPlanB): null

13-01-2025T07:16:03 - [TEST_STEP][PASSED] - println(PercFactR): null

13-01-2025T07:16:03 - [TEST_STEP][PASSED] - println(PercFactB): null

13-01-2025T07:16:03 - [TEST_STEP][PASSED] - println(tabR): null

13-01-2025T07:16:03 - [TEST_STEP][PASSED] - println(tabB): null

13-01-2025T07:16:03 - [TEST_STEP][PASSED] - println(o1R): null

13-01-2025T07:16:03 - [TEST_STEP][PASSED] - println(o1B): null

13-01-2025T07:16:03 - [TEST_STEP][PASSED] - PR = <not implemented yet for class: org.codehaus.groovy.ast.expr.EmptyExpression>: null

13-01-2025T07:16:03 - [TEST_STEP][PASSED] - FR = <not implemented yet for class: org.codehaus.groovy.ast.expr.EmptyExpression>: null

13-01-2025T07:16:03 - [TEST_STEP][PASSED] - PB = <not implemented yet for class: org.codehaus.groovy.ast.expr.EmptyExpression>: null

13-01-2025T07:16:03 - [TEST_STEP][PASSED] - FB = <not implemented yet for class: org.codehaus.groovy.ast.expr.EmptyExpression>: null

13-01-2025T07:16:03 - [TEST_STEP][PASSED] - TR = <not implemented yet for class: org.codehaus.groovy.ast.expr.EmptyExpression>: null

13-01-2025T07:16:03 - [TEST_STEP][PASSED] - TB = <not implemented yet for class: org.codehaus.groovy.ast.expr.EmptyExpression>: null

13-01-2025T07:16:03 - [TEST_STEP][PASSED] - sheetName = "Sheet1": null

13-01-2025T07:16:03 - [TEST_STEP][PASSED] - data = findTestData("PlanFact"): null

13-01-2025T07:16:03 - [TEST_STEP][PASSED] - n = data.getRowNumbers() + 1: null

13-01-2025T07:16:03 - [TEST_STEP][PASSED] - year = todaysDate.substring(todaysDate.length() - 4, todaysDate.length()): null

13-01-2025T07:16:03 - [TEST_STEP][PASSED] - y = year.toInteger(): null

13-01-2025T07:16:03 - [TEST_STEP][PASSED] - m = getText(findTestObject("Выполнение бизнес-плана/Выполнение бизнес-плана Балансы/Фильтр Дата")): Text of object 'Object Repository/Выполнение бизнес-плана/Выполнение бизнес-плана Балансы/Фильтр Дата' is: '1, 2, 3 кв., Октябрь, Ноябрь 2024 года'

13-01-2025T07:16:03 - [MESSAGE][PASSED] - Text of object 'Object Repository/Выполнение бизнес-плана/Выполнение бизнес-плана Балансы/Фильтр Дата' is: '1, 2, 3 кв., Октябрь, Ноябрь 2024 года'

13-01-2025T07:16:03 - [TEST_STEP][PASSED] - m = m.substring(0, m.indexOf("2024")): null

13-01-2025T07:16:03 - [TEST_STEP][PASSED] - m = m.trim(): null

13-01-2025T07:16:03 - [TEST_STEP][PASSED] - dashboardName = "Выполнение бизнес-плана": null

13-01-2025T07:16:03 - [TEST_STEP][PASSED] - workbook01 = getWorkbook(excelFilePath): null

13-01-2025T07:16:03 - [TEST_STEP][PASSED] - sheet01 = getExcelSheet(workbook01, sheetName): null

13-01-2025T07:16:03 - [TEST_STEP][PASSED] - setValueToCellByIndex(sheet01, n, 0, dashboardName): null

13-01-2025T07:16:03 - [TEST_STEP][PASSED] - setValueToCellByIndex(sheet01, n, 1, dZO): null

13-01-2025T07:16:03 - [TEST_STEP][PASSED] - setValueToCellByIndex(sheet01, n, 2, typeOfData): null

13-01-2025T07:16:03 - [TEST_STEP][PASSED] - setValueToCellByIndex(sheet01, n, 3, typeOfData): null

13-01-2025T07:16:03 - [TEST_STEP][PASSED] - if (typeOfData == "План"): null

13-01-2025T07:16:03 - [TEST_STEP][PASSED] - else if (typeOfData == "Факт"): null

13-01-2025T07:16:03 - [TEST_STEP][PASSED] - else if (vidget.contains("электроэнергии") == true): null

13-01-2025T07:16:03 - [TEST_STEP][PASSED] - if (tabR == null): null

13-01-2025T07:16:03 - [TEST_STEP][PASSED] - else: null

13-01-2025T07:16:03 - [TEST_STEP][PASSED] - if (tabR == "нет данных"): null

13-01-2025T07:16:03 - [TEST_STEP][PASSED] - setValueToCellByIndex(sheet01, n, 4, "нет данных"): null

13-01-2025T07:16:03 - [TEST_STEP][PASSED] - if (tabB == null): null

13-01-2025T07:16:03 - [TEST_STEP][PASSED] - else: null

13-01-2025T07:16:03 - [TEST_STEP][PASSED] - if (tabB == "нет данных"): null

13-01-2025T07:16:03 - [TEST_STEP][PASSED] - else: null

13-01-2025T07:16:03 - [TEST_STEP][PASSED] - TB = tabB.toInteger(): null

13-01-2025T07:16:03 - [TEST_STEP][PASSED] - setValueToCellByIndex(sheet01, n, 5, TB): null

13-01-2025T07:16:03 - [TEST_STEP][PASSED] - setValueToCellByIndex(sheet01, n, 6, m): null

13-01-2025T07:16:03 - [TEST_STEP][PASSED] - setValueToCellByIndex(sheet01, n, 7, y): null

13-01-2025T07:16:03 - [TEST_STEP][PASSED] - setValueToCellByIndex(sheet01, n, 8, todaysDate): null

13-01-2025T07:16:03 - [TEST_STEP][PASSED] - n = n + 1: null

13-01-2025T07:16:03 - [TEST_STEP][PASSED] - saveWorkbook(excelFilePath, workbook01): null

13-01-2025T07:16:04 - [TEST_STEP][PASSED] - vidget = "Показатели баланса электроэнергии по ДЗО – План": null

13-01-2025T07:16:04 - [TEST_STEP][PASSED] - typeOfData = "План Отпуск в сеть": null

13-01-2025T07:16:04 - [TEST_STEP][PASSED] - tabR = GetOvSPlanR(x = a): null

13-01-2025T07:16:04 - [TEST_STEP][PASSED] - i1 = <not implemented yet for class: org.codehaus.groovy.ast.expr.EmptyExpression>: null

13-01-2025T07:16:04 - [TEST_STEP][PASSED] - ii = <not implemented yet for class: org.codehaus.groovy.ast.expr.EmptyExpression>: null

13-01-2025T07:16:04 - [TEST_STEP][PASSED] - for ([ii = 1, ii < 7, (ii++)]): null

13-01-2025T07:16:04 - [TEST_STEP][PASSED] - i1 = x.indexOf("/") + 1: null

13-01-2025T07:16:04 - [TEST_STEP][PASSED] - if (i1 > -1): null

13-01-2025T07:16:04 - [TEST_STEP][PASSED] - x = x.substring(i1, x.length()): null

13-01-2025T07:16:04 - [TEST_STEP][PASSED] - println(x): null

13-01-2025T07:16:04 - [TEST_STEP][PASSED] - i1 = x.indexOf("/") + 1: null

13-01-2025T07:16:04 - [TEST_STEP][PASSED] - if (i1 > -1): null

13-01-2025T07:16:04 - [TEST_STEP][PASSED] - x = x.substring(i1, x.length()): null

13-01-2025T07:16:04 - [TEST_STEP][PASSED] - println(x): null

13-01-2025T07:16:04 - [TEST_STEP][PASSED] - i1 = x.indexOf("/") + 1: null

13-01-2025T07:16:04 - [TEST_STEP][PASSED] - if (i1 > -1): null

13-01-2025T07:16:04 - [TEST_STEP][PASSED] - x = x.substring(i1, x.length()): null

13-01-2025T07:16:04 - [TEST_STEP][PASSED] - println(x): null

13-01-2025T07:16:04 - [TEST_STEP][PASSED] - i1 = x.indexOf("/") + 1: null

13-01-2025T07:16:04 - [TEST_STEP][PASSED] - if (i1 > -1): null

13-01-2025T07:16:04 - [TEST_STEP][PASSED] - x = x.substring(i1, x.length()): null

13-01-2025T07:16:04 - [TEST_STEP][PASSED] - println(x): null

13-01-2025T07:16:04 - [TEST_STEP][PASSED] - i1 = x.indexOf("/") + 1: null

13-01-2025T07:16:04 - [TEST_STEP][PASSED] - if (i1 > -1): null

13-01-2025T07:16:04 - [TEST_STEP][PASSED] - x = x.substring(i1, x.length()): null

13-01-2025T07:16:04 - [TEST_STEP][PASSED] - println(x): null

13-01-2025T07:16:04 - [TEST_STEP][PASSED] - i1 = x.indexOf("/") + 1: null

13-01-2025T07:16:04 - [TEST_STEP][PASSED] - if (i1 > -1): null

13-01-2025T07:16:04 - [TEST_STEP][PASSED] - x = x.substring(i1, x.length()): null

13-01-2025T07:16:04 - [TEST_STEP][PASSED] - println(x): null

13-01-2025T07:16:04 - [TEST_STEP][PASSED] - i1 = x.indexOf("/"): null

13-01-2025T07:16:04 - [TEST_STEP][PASSED] - if (i1 > -1): null

13-01-2025T07:16:04 - [TEST_STEP][PASSED] - x = x.substring(0, i1): null

13-01-2025T07:16:04 - [TEST_STEP][PASSED] - println(x): null

13-01-2025T07:16:04 - [TEST_STEP][PASSED] - return x: null

13-01-2025T07:16:04 - [TEST_STEP][PASSED] - tabB = GetOvSPlanB(x = b): null

13-01-2025T07:16:04 - [TEST_STEP][PASSED] - i1 = <not implemented yet for class: org.codehaus.groovy.ast.expr.EmptyExpression>: null

13-01-2025T07:16:04 - [TEST_STEP][PASSED] - ii = <not implemented yet for class: org.codehaus.groovy.ast.expr.EmptyExpression>: null

13-01-2025T07:16:04 - [TEST_STEP][PASSED] - for ([ii = 1, ii < 7, (ii++)]): null

13-01-2025T07:16:04 - [TEST_STEP][PASSED] - i1 = x.indexOf("/") + 1: null

13-01-2025T07:16:04 - [TEST_STEP][PASSED] - if (i1 > -1): null

13-01-2025T07:16:04 - [TEST_STEP][PASSED] - x = x.substring(i1, x.length()): null

13-01-2025T07:16:04 - [TEST_STEP][PASSED] - println(x): null

13-01-2025T07:16:04 - [TEST_STEP][PASSED] - i1 = x.indexOf("/") + 1: null

13-01-2025T07:16:04 - [TEST_STEP][PASSED] - if (i1 > -1): null

13-01-2025T07:16:04 - [TEST_STEP][PASSED] - x = x.substring(i1, x.length()): null

13-01-2025T07:16:04 - [TEST_STEP][PASSED] - println(x): null

13-01-2025T07:16:04 - [TEST_STEP][PASSED] - i1 = x.indexOf("/") + 1: null

13-01-2025T07:16:04 - [TEST_STEP][PASSED] - if (i1 > -1): null

13-01-2025T07:16:04 - [TEST_STEP][PASSED] - x = x.substring(i1, x.length()): null

13-01-2025T07:16:04 - [TEST_STEP][PASSED] - println(x): null

13-01-2025T07:16:04 - [TEST_STEP][PASSED] - i1 = x.indexOf("/") + 1: null

13-01-2025T07:16:04 - [TEST_STEP][PASSED] - if (i1 > -1): null

13-01-2025T07:16:04 - [TEST_STEP][PASSED] - x = x.substring(i1, x.length()): null

13-01-2025T07:16:04 - [TEST_STEP][PASSED] - println(x): null

13-01-2025T07:16:04 - [TEST_STEP][PASSED] - i1 = x.indexOf("/") + 1: null

13-01-2025T07:16:04 - [TEST_STEP][PASSED] - if (i1 > -1): null

13-01-2025T07:16:04 - [TEST_STEP][PASSED] - x = x.substring(i1, x.length()): null

13-01-2025T07:16:04 - [TEST_STEP][PASSED] - println(x): null

13-01-2025T07:16:04 - [TEST_STEP][PASSED] - i1 = x.indexOf("/") + 1: null

13-01-2025T07:16:04 - [TEST_STEP][PASSED] - if (i1 > -1): null

13-01-2025T07:16:04 - [TEST_STEP][PASSED] - x = x.substring(i1, x.length()): null

13-01-2025T07:16:04 - [TEST_STEP][PASSED] - println(x): null

13-01-2025T07:16:04 - [TEST_STEP][PASSED] - i1 = x.indexOf("/"): null

13-01-2025T07:16:04 - [TEST_STEP][PASSED] - if (i1 > -1): null

13-01-2025T07:16:04 - [TEST_STEP][PASSED] - x = x.substring(0, i1): null

13-01-2025T07:16:04 - [TEST_STEP][PASSED] - println(x): null

13-01-2025T07:16:04 - [TEST_STEP][FAILED] - return x: null

13-01-2025T07:16:04 - [TEST_STEP][PASSED] - println(tabR + "/" + tabB): null

13-01-2025T07:16:04 - [TEST_STEP][FAILED] - if (verifyEqual(PercFactR, PercFactB) == false): null

13-01-2025T07:16:04 - [MESSAGE][FAILED] - Unable to verify equal between actual object 'нет данных' and expected object '8.73' (Root cause: com.kms.katalon.core.exception.StepFailedException: Actual object 'нет данных' and expected object '8.73' are not equal
	at com.kms.katalon.core.keyword.builtin.VerifyEqualKeyword$_verifyEqual_closure1.doCall(VerifyEqualKeyword.groovy:58)
	at com.kms.katalon.core.keyword.builtin.VerifyEqualKeyword$_verifyEqual_closure1.call(VerifyEqualKeyword.groovy)
	at com.kms.katalon.core.keyword.internal.KeywordMain.runKeyword(KeywordMain.groovy:75)
	at com.kms.katalon.core.keyword.builtin.VerifyEqualKeyword.verifyEqual(VerifyEqualKeyword.groovy:63)
	at com.kms.katalon.core.keyword.builtin.VerifyEqualKeyword.execute(VerifyEqualKeyword.groovy:44)
	at com.kms.katalon.core.keyword.internal.KeywordExecutor.executeKeywordForPlatform(KeywordExecutor.groovy:74)
	at com.kms.katalon.core.keyword.BuiltinKeywords.verifyEqual(BuiltinKeywords.groovy:146)
	at jdk.internal.reflect.GeneratedMethodAccessor25.invoke(Unknown Source)
	at java.base/jdk.internal.reflect.DelegatingMethodAccessorImpl.invoke(DelegatingMethodAccessorImpl.java:43)
	at Выполнение бизнес-плана сверка дашбордов - Copy.CompareDZOData(Выполнение бизнес-плана сверка дашбордов - Copy:745)
	at Выполнение бизнес-плана сверка дашбордов - Copy.run(Выполнение бизнес-плана сверка дашбордов - Copy:658)
	at com.kms.katalon.core.main.ScriptEngine.run(ScriptEngine.java:194)
	at com.kms.katalon.core.main.ScriptEngine.runScriptAsRawText(ScriptEngine.java:119)
	at com.kms.katalon.core.main.TestCaseExecutor.runScript(TestCaseExecutor.java:448)
	at com.kms.katalon.core.main.TestCaseExecutor.doExecute(TestCaseExecutor.java:439)
	at com.kms.katalon.core.main.TestCaseExecutor.processExecutionPhase(TestCaseExecutor.java:418)
	at com.kms.katalon.core.main.TestCaseExecutor.accessMainPhase(TestCaseExecutor.java:410)
	at com.kms.katalon.core.main.TestCaseExecutor.execute(TestCaseExecutor.java:285)
	at com.kms.katalon.core.common.CommonExecutor.accessTestCaseMainPhase(CommonExecutor.java:65)
	at com.kms.katalon.core.main.TestSuiteExecutor.accessTestSuiteMainPhase(TestSuiteExecutor.java:150)
	at com.kms.katalon.core.main.TestSuiteExecutor.execute(TestSuiteExecutor.java:106)
	at com.kms.katalon.core.main.TestCaseMain.startTestSuite(TestCaseMain.java:180)
	at TempTestSuite1736740835951.run(TempTestSuite1736740835951.groovy:35)
	at java.base/jdk.internal.reflect.NativeMethodAccessorImpl.invoke0(Native Method)
	at java.base/jdk.internal.reflect.NativeMethodAccessorImpl.invoke(NativeMethodAccessorImpl.java:77)
	at java.base/jdk.internal.reflect.DelegatingMethodAccessorImpl.invoke(DelegatingMethodAccessorImpl.java:43)
)

13-01-2025T07:16:04 - [TEST_STEP][PASSED] - result = WriteToExcel(typeOfData, todaysDate, PercPlanR, PercPlanB, PercFactR, PercFactB, x, tabR, tabB, o1R, o1B, vidget): null

13-01-2025T07:16:04 - [TEST_STEP][PASSED] - iii = dZO.indexOf("/"): null

13-01-2025T07:16:04 - [TEST_STEP][PASSED] - println(iii): null

13-01-2025T07:16:04 - [TEST_STEP][PASSED] - dZO = dZO.substring(0, iii): null

13-01-2025T07:16:04 - [TEST_STEP][PASSED] - println(dZO): null

13-01-2025T07:16:04 - [TEST_STEP][PASSED] - println(PercPlanR): null

13-01-2025T07:16:04 - [TEST_STEP][PASSED] - println(PercPlanB): null

13-01-2025T07:16:04 - [TEST_STEP][PASSED] - println(PercFactR): null

13-01-2025T07:16:04 - [TEST_STEP][PASSED] - println(PercFactB): null

13-01-2025T07:16:04 - [TEST_STEP][PASSED] - println(tabR): null

13-01-2025T07:16:04 - [TEST_STEP][PASSED] - println(tabB): null

13-01-2025T07:16:04 - [TEST_STEP][PASSED] - println(o1R): null

13-01-2025T07:16:04 - [TEST_STEP][PASSED] - println(o1B): null

13-01-2025T07:16:04 - [TEST_STEP][PASSED] - PR = <not implemented yet for class: org.codehaus.groovy.ast.expr.EmptyExpression>: null

13-01-2025T07:16:04 - [TEST_STEP][PASSED] - FR = <not implemented yet for class: org.codehaus.groovy.ast.expr.EmptyExpression>: null

13-01-2025T07:16:04 - [TEST_STEP][PASSED] - PB = <not implemented yet for class: org.codehaus.groovy.ast.expr.EmptyExpression>: null

13-01-2025T07:16:04 - [TEST_STEP][PASSED] - FB = <not implemented yet for class: org.codehaus.groovy.ast.expr.EmptyExpression>: null

13-01-2025T07:16:04 - [TEST_STEP][PASSED] - TR = <not implemented yet for class: org.codehaus.groovy.ast.expr.EmptyExpression>: null

13-01-2025T07:16:04 - [TEST_STEP][PASSED] - TB = <not implemented yet for class: org.codehaus.groovy.ast.expr.EmptyExpression>: null

13-01-2025T07:16:04 - [TEST_STEP][PASSED] - sheetName = "Sheet1": null

13-01-2025T07:16:04 - [TEST_STEP][PASSED] - data = findTestData("PlanFact"): null

13-01-2025T07:16:04 - [TEST_STEP][PASSED] - n = data.getRowNumbers() + 1: null

13-01-2025T07:16:04 - [TEST_STEP][PASSED] - year = todaysDate.substring(todaysDate.length() - 4, todaysDate.length()): null

13-01-2025T07:16:04 - [TEST_STEP][PASSED] - y = year.toInteger(): null

13-01-2025T07:16:04 - [TEST_STEP][PASSED] - m = getText(findTestObject("Выполнение бизнес-плана/Выполнение бизнес-плана Балансы/Фильтр Дата")): Text of object 'Object Repository/Выполнение бизнес-плана/Выполнение бизнес-плана Балансы/Фильтр Дата' is: '1, 2, 3 кв., Октябрь, Ноябрь 2024 года'

13-01-2025T07:16:04 - [MESSAGE][PASSED] - Text of object 'Object Repository/Выполнение бизнес-плана/Выполнение бизнес-плана Балансы/Фильтр Дата' is: '1, 2, 3 кв., Октябрь, Ноябрь 2024 года'

13-01-2025T07:16:04 - [TEST_STEP][PASSED] - m = m.substring(0, m.indexOf("2024")): null

13-01-2025T07:16:04 - [TEST_STEP][PASSED] - m = m.trim(): null

13-01-2025T07:16:04 - [TEST_STEP][PASSED] - dashboardName = "Выполнение бизнес-плана": null

13-01-2025T07:16:04 - [TEST_STEP][PASSED] - workbook01 = getWorkbook(excelFilePath): null

13-01-2025T07:16:04 - [TEST_STEP][PASSED] - sheet01 = getExcelSheet(workbook01, sheetName): null

13-01-2025T07:16:04 - [TEST_STEP][PASSED] - setValueToCellByIndex(sheet01, n, 0, dashboardName): null

13-01-2025T07:16:04 - [TEST_STEP][PASSED] - setValueToCellByIndex(sheet01, n, 1, dZO): null

13-01-2025T07:16:04 - [TEST_STEP][PASSED] - setValueToCellByIndex(sheet01, n, 2, typeOfData): null

13-01-2025T07:16:04 - [TEST_STEP][PASSED] - setValueToCellByIndex(sheet01, n, 3, typeOfData): null

13-01-2025T07:16:04 - [TEST_STEP][PASSED] - if (typeOfData == "План"): null

13-01-2025T07:16:04 - [TEST_STEP][PASSED] - else if (typeOfData == "Факт"): null

13-01-2025T07:16:04 - [TEST_STEP][PASSED] - else if (vidget.contains("электроэнергии") == true): null

13-01-2025T07:16:04 - [TEST_STEP][PASSED] - if (tabR == null): null

13-01-2025T07:16:04 - [TEST_STEP][PASSED] - else: null

13-01-2025T07:16:04 - [TEST_STEP][PASSED] - if (tabR == "нет данных"): null

13-01-2025T07:16:04 - [TEST_STEP][PASSED] - setValueToCellByIndex(sheet01, n, 4, "нет данных"): null

13-01-2025T07:16:04 - [TEST_STEP][PASSED] - if (tabB == null): null

13-01-2025T07:16:04 - [TEST_STEP][PASSED] - else: null

13-01-2025T07:16:04 - [TEST_STEP][PASSED] - if (tabB == "нет данных"): null

13-01-2025T07:16:04 - [TEST_STEP][PASSED] - setValueToCellByIndex(sheet01, n, 5, "нет данных"): null

13-01-2025T07:16:04 - [TEST_STEP][PASSED] - setValueToCellByIndex(sheet01, n, 6, m): null

13-01-2025T07:16:04 - [TEST_STEP][PASSED] - setValueToCellByIndex(sheet01, n, 7, y): null

13-01-2025T07:16:04 - [TEST_STEP][PASSED] - setValueToCellByIndex(sheet01, n, 8, todaysDate): null

13-01-2025T07:16:04 - [TEST_STEP][PASSED] - n = n + 1: null

13-01-2025T07:16:04 - [TEST_STEP][PASSED] - saveWorkbook(excelFilePath, workbook01): null

13-01-2025T07:16:04 - [TEST_STEP][PASSED] - typeOfData = "План Отпуск из сети": null

13-01-2025T07:16:04 - [TEST_STEP][PASSED] - tabR = GetOiSPlanR(x = a): null

13-01-2025T07:16:04 - [TEST_STEP][PASSED] - i1 = <not implemented yet for class: org.codehaus.groovy.ast.expr.EmptyExpression>: null

13-01-2025T07:16:04 - [TEST_STEP][PASSED] - ii = <not implemented yet for class: org.codehaus.groovy.ast.expr.EmptyExpression>: null

13-01-2025T07:16:04 - [TEST_STEP][PASSED] - for ([ii = 1, ii < 8, (ii++)]): null

13-01-2025T07:16:04 - [TEST_STEP][PASSED] - i1 = x.indexOf("/") + 1: null

13-01-2025T07:16:04 - [TEST_STEP][PASSED] - if (i1 > -1): null

13-01-2025T07:16:04 - [TEST_STEP][PASSED] - x = x.substring(i1, x.length()): null

13-01-2025T07:16:04 - [TEST_STEP][PASSED] - println(x): null

13-01-2025T07:16:04 - [TEST_STEP][PASSED] - i1 = x.indexOf("/") + 1: null

13-01-2025T07:16:04 - [TEST_STEP][PASSED] - if (i1 > -1): null

13-01-2025T07:16:04 - [TEST_STEP][PASSED] - x = x.substring(i1, x.length()): null

13-01-2025T07:16:04 - [TEST_STEP][PASSED] - println(x): null

13-01-2025T07:16:04 - [TEST_STEP][PASSED] - i1 = x.indexOf("/") + 1: null

13-01-2025T07:16:04 - [TEST_STEP][PASSED] - if (i1 > -1): null

13-01-2025T07:16:04 - [TEST_STEP][PASSED] - x = x.substring(i1, x.length()): null

13-01-2025T07:16:04 - [TEST_STEP][PASSED] - println(x): null

13-01-2025T07:16:04 - [TEST_STEP][PASSED] - i1 = x.indexOf("/") + 1: null

13-01-2025T07:16:04 - [TEST_STEP][PASSED] - if (i1 > -1): null

13-01-2025T07:16:04 - [TEST_STEP][PASSED] - x = x.substring(i1, x.length()): null

13-01-2025T07:16:04 - [TEST_STEP][PASSED] - println(x): null

13-01-2025T07:16:04 - [TEST_STEP][PASSED] - i1 = x.indexOf("/") + 1: null

13-01-2025T07:16:04 - [TEST_STEP][PASSED] - if (i1 > -1): null

13-01-2025T07:16:04 - [TEST_STEP][PASSED] - x = x.substring(i1, x.length()): null

13-01-2025T07:16:04 - [TEST_STEP][PASSED] - println(x): null

13-01-2025T07:16:04 - [TEST_STEP][PASSED] - i1 = x.indexOf("/") + 1: null

13-01-2025T07:16:04 - [TEST_STEP][PASSED] - if (i1 > -1): null

13-01-2025T07:16:04 - [TEST_STEP][PASSED] - x = x.substring(i1, x.length()): null

13-01-2025T07:16:04 - [TEST_STEP][PASSED] - println(x): null

13-01-2025T07:16:04 - [TEST_STEP][PASSED] - i1 = x.indexOf("/") + 1: null

13-01-2025T07:16:04 - [TEST_STEP][PASSED] - if (i1 > -1): null

13-01-2025T07:16:04 - [TEST_STEP][PASSED] - x = x.substring(i1, x.length()): null

13-01-2025T07:16:04 - [TEST_STEP][PASSED] - println(x): null

13-01-2025T07:16:04 - [TEST_STEP][PASSED] - i1 = x.indexOf("/"): null

13-01-2025T07:16:04 - [TEST_STEP][PASSED] - if (i1 > -1): null

13-01-2025T07:16:04 - [TEST_STEP][PASSED] - x = x.substring(0, i1): null

13-01-2025T07:16:04 - [TEST_STEP][PASSED] - println(x): null

13-01-2025T07:16:04 - [TEST_STEP][PASSED] - return x: null

13-01-2025T07:16:04 - [TEST_STEP][PASSED] - tabB = GetOiSPlanB(x = b): null

13-01-2025T07:16:04 - [TEST_STEP][PASSED] - i1 = <not implemented yet for class: org.codehaus.groovy.ast.expr.EmptyExpression>: null

13-01-2025T07:16:04 - [TEST_STEP][PASSED] - ii = <not implemented yet for class: org.codehaus.groovy.ast.expr.EmptyExpression>: null

13-01-2025T07:16:04 - [TEST_STEP][PASSED] - for ([ii = 1, ii < 8, (ii++)]): null

13-01-2025T07:16:04 - [TEST_STEP][PASSED] - i1 = x.indexOf("/") + 1: null

13-01-2025T07:16:04 - [TEST_STEP][PASSED] - if (i1 > -1): null

13-01-2025T07:16:04 - [TEST_STEP][PASSED] - x = x.substring(i1, x.length()): null

13-01-2025T07:16:04 - [TEST_STEP][PASSED] - println(x): null

13-01-2025T07:16:04 - [TEST_STEP][PASSED] - i1 = x.indexOf("/") + 1: null

13-01-2025T07:16:04 - [TEST_STEP][PASSED] - if (i1 > -1): null

13-01-2025T07:16:04 - [TEST_STEP][PASSED] - x = x.substring(i1, x.length()): null

13-01-2025T07:16:04 - [TEST_STEP][PASSED] - println(x): null

13-01-2025T07:16:04 - [TEST_STEP][PASSED] - i1 = x.indexOf("/") + 1: null

13-01-2025T07:16:04 - [TEST_STEP][PASSED] - if (i1 > -1): null

13-01-2025T07:16:04 - [TEST_STEP][PASSED] - x = x.substring(i1, x.length()): null

13-01-2025T07:16:04 - [TEST_STEP][PASSED] - println(x): null

13-01-2025T07:16:04 - [TEST_STEP][PASSED] - i1 = x.indexOf("/") + 1: null

13-01-2025T07:16:04 - [TEST_STEP][PASSED] - if (i1 > -1): null

13-01-2025T07:16:04 - [TEST_STEP][PASSED] - x = x.substring(i1, x.length()): null

13-01-2025T07:16:04 - [TEST_STEP][PASSED] - println(x): null

13-01-2025T07:16:04 - [TEST_STEP][PASSED] - i1 = x.indexOf("/") + 1: null

13-01-2025T07:16:04 - [TEST_STEP][PASSED] - if (i1 > -1): null

13-01-2025T07:16:04 - [TEST_STEP][PASSED] - x = x.substring(i1, x.length()): null

13-01-2025T07:16:04 - [TEST_STEP][PASSED] - println(x): null

13-01-2025T07:16:04 - [TEST_STEP][PASSED] - i1 = x.indexOf("/") + 1: null

13-01-2025T07:16:04 - [TEST_STEP][PASSED] - if (i1 > -1): null

13-01-2025T07:16:04 - [TEST_STEP][PASSED] - x = x.substring(i1, x.length()): null

13-01-2025T07:16:04 - [TEST_STEP][PASSED] - println(x): null

13-01-2025T07:16:04 - [TEST_STEP][PASSED] - i1 = x.indexOf("/") + 1: null

13-01-2025T07:16:04 - [TEST_STEP][PASSED] - if (i1 > -1): null

13-01-2025T07:16:04 - [TEST_STEP][PASSED] - x = x.substring(i1, x.length()): null

13-01-2025T07:16:04 - [TEST_STEP][PASSED] - println(x): null

13-01-2025T07:16:04 - [TEST_STEP][PASSED] - i1 = x.indexOf("/"): null

13-01-2025T07:16:04 - [TEST_STEP][PASSED] - if (i1 > -1): null

13-01-2025T07:16:04 - [TEST_STEP][PASSED] - x = x.substring(0, i1): null

13-01-2025T07:16:04 - [TEST_STEP][PASSED] - println(x): null

13-01-2025T07:16:04 - [TEST_STEP][FAILED] - return x: null

13-01-2025T07:16:04 - [TEST_STEP][PASSED] - println(tabR + "/" + tabB): null

13-01-2025T07:16:04 - [TEST_STEP][FAILED] - if (verifyEqual(PercFactR, PercFactB) == false): null

13-01-2025T07:16:04 - [MESSAGE][FAILED] - Unable to verify equal between actual object 'нет данных' and expected object '8.73' (Root cause: com.kms.katalon.core.exception.StepFailedException: Actual object 'нет данных' and expected object '8.73' are not equal
	at com.kms.katalon.core.keyword.builtin.VerifyEqualKeyword$_verifyEqual_closure1.doCall(VerifyEqualKeyword.groovy:58)
	at com.kms.katalon.core.keyword.builtin.VerifyEqualKeyword$_verifyEqual_closure1.call(VerifyEqualKeyword.groovy)
	at com.kms.katalon.core.keyword.internal.KeywordMain.runKeyword(KeywordMain.groovy:75)
	at com.kms.katalon.core.keyword.builtin.VerifyEqualKeyword.verifyEqual(VerifyEqualKeyword.groovy:63)
	at com.kms.katalon.core.keyword.builtin.VerifyEqualKeyword.execute(VerifyEqualKeyword.groovy:44)
	at com.kms.katalon.core.keyword.internal.KeywordExecutor.executeKeywordForPlatform(KeywordExecutor.groovy:74)
	at com.kms.katalon.core.keyword.BuiltinKeywords.verifyEqual(BuiltinKeywords.groovy:146)
	at jdk.internal.reflect.GeneratedMethodAccessor25.invoke(Unknown Source)
	at java.base/jdk.internal.reflect.DelegatingMethodAccessorImpl.invoke(DelegatingMethodAccessorImpl.java:43)
	at Выполнение бизнес-плана сверка дашбордов - Copy.CompareDZOData(Выполнение бизнес-плана сверка дашбордов - Copy:758)
	at Выполнение бизнес-плана сверка дашбордов - Copy.run(Выполнение бизнес-плана сверка дашбордов - Copy:658)
	at com.kms.katalon.core.main.ScriptEngine.run(ScriptEngine.java:194)
	at com.kms.katalon.core.main.ScriptEngine.runScriptAsRawText(ScriptEngine.java:119)
	at com.kms.katalon.core.main.TestCaseExecutor.runScript(TestCaseExecutor.java:448)
	at com.kms.katalon.core.main.TestCaseExecutor.doExecute(TestCaseExecutor.java:439)
	at com.kms.katalon.core.main.TestCaseExecutor.processExecutionPhase(TestCaseExecutor.java:418)
	at com.kms.katalon.core.main.TestCaseExecutor.accessMainPhase(TestCaseExecutor.java:410)
	at com.kms.katalon.core.main.TestCaseExecutor.execute(TestCaseExecutor.java:285)
	at com.kms.katalon.core.common.CommonExecutor.accessTestCaseMainPhase(CommonExecutor.java:65)
	at com.kms.katalon.core.main.TestSuiteExecutor.accessTestSuiteMainPhase(TestSuiteExecutor.java:150)
	at com.kms.katalon.core.main.TestSuiteExecutor.execute(TestSuiteExecutor.java:106)
	at com.kms.katalon.core.main.TestCaseMain.startTestSuite(TestCaseMain.java:180)
	at TempTestSuite1736740835951.run(TempTestSuite1736740835951.groovy:35)
	at java.base/jdk.internal.reflect.NativeMethodAccessorImpl.invoke0(Native Method)
	at java.base/jdk.internal.reflect.NativeMethodAccessorImpl.invoke(NativeMethodAccessorImpl.java:77)
	at java.base/jdk.internal.reflect.DelegatingMethodAccessorImpl.invoke(DelegatingMethodAccessorImpl.java:43)
)

13-01-2025T07:16:04 - [TEST_STEP][PASSED] - result = WriteToExcel(typeOfData, todaysDate, PercPlanR, PercPlanB, PercFactR, PercFactB, x, tabR, tabB, o1R, o1B, vidget): null

13-01-2025T07:16:04 - [TEST_STEP][PASSED] - iii = dZO.indexOf("/"): null

13-01-2025T07:16:04 - [TEST_STEP][PASSED] - println(iii): null

13-01-2025T07:16:04 - [TEST_STEP][PASSED] - dZO = dZO.substring(0, iii): null

13-01-2025T07:16:04 - [TEST_STEP][PASSED] - println(dZO): null

13-01-2025T07:16:04 - [TEST_STEP][PASSED] - println(PercPlanR): null

13-01-2025T07:16:04 - [TEST_STEP][PASSED] - println(PercPlanB): null

13-01-2025T07:16:04 - [TEST_STEP][PASSED] - println(PercFactR): null

13-01-2025T07:16:04 - [TEST_STEP][PASSED] - println(PercFactB): null

13-01-2025T07:16:04 - [TEST_STEP][PASSED] - println(tabR): null

13-01-2025T07:16:04 - [TEST_STEP][PASSED] - println(tabB): null

13-01-2025T07:16:04 - [TEST_STEP][PASSED] - println(o1R): null

13-01-2025T07:16:04 - [TEST_STEP][PASSED] - println(o1B): null

13-01-2025T07:16:04 - [TEST_STEP][PASSED] - PR = <not implemented yet for class: org.codehaus.groovy.ast.expr.EmptyExpression>: null

13-01-2025T07:16:04 - [TEST_STEP][PASSED] - FR = <not implemented yet for class: org.codehaus.groovy.ast.expr.EmptyExpression>: null

13-01-2025T07:16:04 - [TEST_STEP][PASSED] - PB = <not implemented yet for class: org.codehaus.groovy.ast.expr.EmptyExpression>: null

13-01-2025T07:16:04 - [TEST_STEP][PASSED] - FB = <not implemented yet for class: org.codehaus.groovy.ast.expr.EmptyExpression>: null

13-01-2025T07:16:04 - [TEST_STEP][PASSED] - TR = <not implemented yet for class: org.codehaus.groovy.ast.expr.EmptyExpression>: null

13-01-2025T07:16:04 - [TEST_STEP][PASSED] - TB = <not implemented yet for class: org.codehaus.groovy.ast.expr.EmptyExpression>: null

13-01-2025T07:16:04 - [TEST_STEP][PASSED] - sheetName = "Sheet1": null

13-01-2025T07:16:04 - [TEST_STEP][PASSED] - data = findTestData("PlanFact"): null

13-01-2025T07:16:04 - [TEST_STEP][PASSED] - n = data.getRowNumbers() + 1: null

13-01-2025T07:16:04 - [TEST_STEP][PASSED] - year = todaysDate.substring(todaysDate.length() - 4, todaysDate.length()): null

13-01-2025T07:16:04 - [TEST_STEP][PASSED] - y = year.toInteger(): null

13-01-2025T07:16:04 - [TEST_STEP][PASSED] - m = getText(findTestObject("Выполнение бизнес-плана/Выполнение бизнес-плана Балансы/Фильтр Дата")): Text of object 'Object Repository/Выполнение бизнес-плана/Выполнение бизнес-плана Балансы/Фильтр Дата' is: '1, 2, 3 кв., Октябрь, Ноябрь 2024 года'

13-01-2025T07:16:05 - [MESSAGE][PASSED] - Text of object 'Object Repository/Выполнение бизнес-плана/Выполнение бизнес-плана Балансы/Фильтр Дата' is: '1, 2, 3 кв., Октябрь, Ноябрь 2024 года'

13-01-2025T07:16:05 - [TEST_STEP][PASSED] - m = m.substring(0, m.indexOf("2024")): null

13-01-2025T07:16:05 - [TEST_STEP][PASSED] - m = m.trim(): null

13-01-2025T07:16:05 - [TEST_STEP][PASSED] - dashboardName = "Выполнение бизнес-плана": null

13-01-2025T07:16:05 - [TEST_STEP][PASSED] - workbook01 = getWorkbook(excelFilePath): null

13-01-2025T07:16:05 - [TEST_STEP][PASSED] - sheet01 = getExcelSheet(workbook01, sheetName): null

13-01-2025T07:16:05 - [TEST_STEP][PASSED] - setValueToCellByIndex(sheet01, n, 0, dashboardName): null

13-01-2025T07:16:05 - [TEST_STEP][PASSED] - setValueToCellByIndex(sheet01, n, 1, dZO): null

13-01-2025T07:16:05 - [TEST_STEP][PASSED] - setValueToCellByIndex(sheet01, n, 2, typeOfData): null

13-01-2025T07:16:05 - [TEST_STEP][PASSED] - setValueToCellByIndex(sheet01, n, 3, typeOfData): null

13-01-2025T07:16:05 - [TEST_STEP][PASSED] - if (typeOfData == "План"): null

13-01-2025T07:16:05 - [TEST_STEP][PASSED] - else if (typeOfData == "Факт"): null

13-01-2025T07:16:05 - [TEST_STEP][PASSED] - else if (vidget.contains("электроэнергии") == true): null

13-01-2025T07:16:05 - [TEST_STEP][PASSED] - if (tabR == null): null

13-01-2025T07:16:05 - [TEST_STEP][PASSED] - else: null

13-01-2025T07:16:05 - [TEST_STEP][PASSED] - if (tabR == "нет данных"): null

13-01-2025T07:16:05 - [TEST_STEP][PASSED] - setValueToCellByIndex(sheet01, n, 4, "нет данных"): null

13-01-2025T07:16:05 - [TEST_STEP][PASSED] - if (tabB == null): null

13-01-2025T07:16:05 - [TEST_STEP][PASSED] - else: null

13-01-2025T07:16:05 - [TEST_STEP][PASSED] - if (tabB == "нет данных"): null

13-01-2025T07:16:05 - [TEST_STEP][PASSED] - setValueToCellByIndex(sheet01, n, 5, "нет данных"): null

13-01-2025T07:16:05 - [TEST_STEP][PASSED] - setValueToCellByIndex(sheet01, n, 6, m): null

13-01-2025T07:16:05 - [TEST_STEP][PASSED] - setValueToCellByIndex(sheet01, n, 7, y): null

13-01-2025T07:16:05 - [TEST_STEP][PASSED] - setValueToCellByIndex(sheet01, n, 8, todaysDate): null

13-01-2025T07:16:05 - [TEST_STEP][PASSED] - n = n + 1: null

13-01-2025T07:16:05 - [TEST_STEP][PASSED] - saveWorkbook(excelFilePath, workbook01): null

13-01-2025T07:16:05 - [TEST_STEP][PASSED] - typeOfData = "План Потери": null

13-01-2025T07:16:05 - [TEST_STEP][PASSED] - tabR = GetPPlanR(x = a): null

13-01-2025T07:16:05 - [TEST_STEP][PASSED] - i1 = <not implemented yet for class: org.codehaus.groovy.ast.expr.EmptyExpression>: null

13-01-2025T07:16:05 - [TEST_STEP][PASSED] - ii = <not implemented yet for class: org.codehaus.groovy.ast.expr.EmptyExpression>: null

13-01-2025T07:16:05 - [TEST_STEP][PASSED] - for ([ii = 1, ii < 9, (ii++)]): null

13-01-2025T07:16:05 - [TEST_STEP][PASSED] - i1 = x.indexOf("/") + 1: null

13-01-2025T07:16:05 - [TEST_STEP][PASSED] - if (i1 > -1): null

13-01-2025T07:16:05 - [TEST_STEP][PASSED] - x = x.substring(i1, x.length()): null

13-01-2025T07:16:05 - [TEST_STEP][PASSED] - println(x): null

13-01-2025T07:16:05 - [TEST_STEP][PASSED] - i1 = x.indexOf("/") + 1: null

13-01-2025T07:16:05 - [TEST_STEP][PASSED] - if (i1 > -1): null

13-01-2025T07:16:05 - [TEST_STEP][PASSED] - x = x.substring(i1, x.length()): null

13-01-2025T07:16:05 - [TEST_STEP][PASSED] - println(x): null

13-01-2025T07:16:05 - [TEST_STEP][PASSED] - i1 = x.indexOf("/") + 1: null

13-01-2025T07:16:05 - [TEST_STEP][PASSED] - if (i1 > -1): null

13-01-2025T07:16:05 - [TEST_STEP][PASSED] - x = x.substring(i1, x.length()): null

13-01-2025T07:16:05 - [TEST_STEP][PASSED] - println(x): null

13-01-2025T07:16:05 - [TEST_STEP][PASSED] - i1 = x.indexOf("/") + 1: null

13-01-2025T07:16:05 - [TEST_STEP][PASSED] - if (i1 > -1): null

13-01-2025T07:16:05 - [TEST_STEP][PASSED] - x = x.substring(i1, x.length()): null

13-01-2025T07:16:05 - [TEST_STEP][PASSED] - println(x): null

13-01-2025T07:16:05 - [TEST_STEP][PASSED] - i1 = x.indexOf("/") + 1: null

13-01-2025T07:16:05 - [TEST_STEP][PASSED] - if (i1 > -1): null

13-01-2025T07:16:05 - [TEST_STEP][PASSED] - x = x.substring(i1, x.length()): null

13-01-2025T07:16:05 - [TEST_STEP][PASSED] - println(x): null

13-01-2025T07:16:05 - [TEST_STEP][PASSED] - i1 = x.indexOf("/") + 1: null

13-01-2025T07:16:05 - [TEST_STEP][PASSED] - if (i1 > -1): null

13-01-2025T07:16:05 - [TEST_STEP][PASSED] - x = x.substring(i1, x.length()): null

13-01-2025T07:16:05 - [TEST_STEP][PASSED] - println(x): null

13-01-2025T07:16:05 - [TEST_STEP][PASSED] - i1 = x.indexOf("/") + 1: null

13-01-2025T07:16:05 - [TEST_STEP][PASSED] - if (i1 > -1): null

13-01-2025T07:16:05 - [TEST_STEP][PASSED] - x = x.substring(i1, x.length()): null

13-01-2025T07:16:05 - [TEST_STEP][PASSED] - println(x): null

13-01-2025T07:16:05 - [TEST_STEP][PASSED] - i1 = x.indexOf("/") + 1: null

13-01-2025T07:16:05 - [TEST_STEP][PASSED] - if (i1 > -1): null

13-01-2025T07:16:05 - [TEST_STEP][PASSED] - x = x.substring(i1, x.length()): null

13-01-2025T07:16:05 - [TEST_STEP][PASSED] - println(x): null

13-01-2025T07:16:05 - [TEST_STEP][PASSED] - i1 = x.indexOf("/"): null

13-01-2025T07:16:05 - [TEST_STEP][PASSED] - if (i1 > -1): null

13-01-2025T07:16:05 - [TEST_STEP][PASSED] - x = x.substring(0, i1): null

13-01-2025T07:16:05 - [TEST_STEP][PASSED] - println(x): null

13-01-2025T07:16:05 - [TEST_STEP][PASSED] - return x: null

13-01-2025T07:16:05 - [TEST_STEP][PASSED] - tabB = GetPPlanB(x = b): null

13-01-2025T07:16:05 - [TEST_STEP][PASSED] - i1 = <not implemented yet for class: org.codehaus.groovy.ast.expr.EmptyExpression>: null

13-01-2025T07:16:05 - [TEST_STEP][PASSED] - ii = <not implemented yet for class: org.codehaus.groovy.ast.expr.EmptyExpression>: null

13-01-2025T07:16:05 - [TEST_STEP][PASSED] - for ([ii = 1, ii < 9, (ii++)]): null

13-01-2025T07:16:05 - [TEST_STEP][PASSED] - i1 = x.indexOf("/") + 1: null

13-01-2025T07:16:05 - [TEST_STEP][PASSED] - if (i1 > -1): null

13-01-2025T07:16:05 - [TEST_STEP][PASSED] - x = x.substring(i1, x.length()): null

13-01-2025T07:16:05 - [TEST_STEP][PASSED] - println(x): null

13-01-2025T07:16:05 - [TEST_STEP][PASSED] - i1 = x.indexOf("/") + 1: null

13-01-2025T07:16:05 - [TEST_STEP][PASSED] - if (i1 > -1): null

13-01-2025T07:16:05 - [TEST_STEP][PASSED] - x = x.substring(i1, x.length()): null

13-01-2025T07:16:05 - [TEST_STEP][PASSED] - println(x): null

13-01-2025T07:16:05 - [TEST_STEP][PASSED] - i1 = x.indexOf("/") + 1: null

13-01-2025T07:16:05 - [TEST_STEP][PASSED] - if (i1 > -1): null

13-01-2025T07:16:05 - [TEST_STEP][PASSED] - x = x.substring(i1, x.length()): null

13-01-2025T07:16:05 - [TEST_STEP][PASSED] - println(x): null

13-01-2025T07:16:05 - [TEST_STEP][PASSED] - i1 = x.indexOf("/") + 1: null

13-01-2025T07:16:05 - [TEST_STEP][PASSED] - if (i1 > -1): null

13-01-2025T07:16:05 - [TEST_STEP][PASSED] - x = x.substring(i1, x.length()): null

13-01-2025T07:16:05 - [TEST_STEP][PASSED] - println(x): null

13-01-2025T07:16:05 - [TEST_STEP][PASSED] - i1 = x.indexOf("/") + 1: null

13-01-2025T07:16:05 - [TEST_STEP][PASSED] - if (i1 > -1): null

13-01-2025T07:16:05 - [TEST_STEP][PASSED] - x = x.substring(i1, x.length()): null

13-01-2025T07:16:05 - [TEST_STEP][PASSED] - println(x): null

13-01-2025T07:16:05 - [TEST_STEP][PASSED] - i1 = x.indexOf("/") + 1: null

13-01-2025T07:16:05 - [TEST_STEP][PASSED] - if (i1 > -1): null

13-01-2025T07:16:05 - [TEST_STEP][PASSED] - x = x.substring(i1, x.length()): null

13-01-2025T07:16:05 - [TEST_STEP][PASSED] - println(x): null

13-01-2025T07:16:05 - [TEST_STEP][PASSED] - i1 = x.indexOf("/") + 1: null

13-01-2025T07:16:05 - [TEST_STEP][PASSED] - if (i1 > -1): null

13-01-2025T07:16:05 - [TEST_STEP][PASSED] - x = x.substring(i1, x.length()): null

13-01-2025T07:16:05 - [TEST_STEP][PASSED] - println(x): null

13-01-2025T07:16:05 - [TEST_STEP][PASSED] - i1 = x.indexOf("/") + 1: null

13-01-2025T07:16:05 - [TEST_STEP][PASSED] - if (i1 > -1): null

13-01-2025T07:16:05 - [TEST_STEP][PASSED] - x = x.substring(i1, x.length()): null

13-01-2025T07:16:05 - [TEST_STEP][PASSED] - println(x): null

13-01-2025T07:16:05 - [TEST_STEP][PASSED] - i1 = x.indexOf("/"): null

13-01-2025T07:16:05 - [TEST_STEP][PASSED] - if (i1 > -1): null

13-01-2025T07:16:05 - [TEST_STEP][PASSED] - x = x.substring(0, i1): null

13-01-2025T07:16:05 - [TEST_STEP][PASSED] - println(x): null

13-01-2025T07:16:05 - [TEST_STEP][FAILED] - return x: null

13-01-2025T07:16:05 - [TEST_STEP][PASSED] - println(tabR + "/" + tabB): null

13-01-2025T07:16:05 - [TEST_STEP][FAILED] - if (verifyEqual(PercFactR, PercFactB) == false): null

13-01-2025T07:16:05 - [MESSAGE][FAILED] - Unable to verify equal between actual object 'нет данных' and expected object '8.73' (Root cause: com.kms.katalon.core.exception.StepFailedException: Actual object 'нет данных' and expected object '8.73' are not equal
	at com.kms.katalon.core.keyword.builtin.VerifyEqualKeyword$_verifyEqual_closure1.doCall(VerifyEqualKeyword.groovy:58)
	at com.kms.katalon.core.keyword.builtin.VerifyEqualKeyword$_verifyEqual_closure1.call(VerifyEqualKeyword.groovy)
	at com.kms.katalon.core.keyword.internal.KeywordMain.runKeyword(KeywordMain.groovy:75)
	at com.kms.katalon.core.keyword.builtin.VerifyEqualKeyword.verifyEqual(VerifyEqualKeyword.groovy:63)
	at com.kms.katalon.core.keyword.builtin.VerifyEqualKeyword.execute(VerifyEqualKeyword.groovy:44)
	at com.kms.katalon.core.keyword.internal.KeywordExecutor.executeKeywordForPlatform(KeywordExecutor.groovy:74)
	at com.kms.katalon.core.keyword.BuiltinKeywords.verifyEqual(BuiltinKeywords.groovy:146)
	at jdk.internal.reflect.GeneratedMethodAccessor25.invoke(Unknown Source)
	at java.base/jdk.internal.reflect.DelegatingMethodAccessorImpl.invoke(DelegatingMethodAccessorImpl.java:43)
	at Выполнение бизнес-плана сверка дашбордов - Copy.CompareDZOData(Выполнение бизнес-плана сверка дашбордов - Copy:771)
	at Выполнение бизнес-плана сверка дашбордов - Copy.run(Выполнение бизнес-плана сверка дашбордов - Copy:658)
	at com.kms.katalon.core.main.ScriptEngine.run(ScriptEngine.java:194)
	at com.kms.katalon.core.main.ScriptEngine.runScriptAsRawText(ScriptEngine.java:119)
	at com.kms.katalon.core.main.TestCaseExecutor.runScript(TestCaseExecutor.java:448)
	at com.kms.katalon.core.main.TestCaseExecutor.doExecute(TestCaseExecutor.java:439)
	at com.kms.katalon.core.main.TestCaseExecutor.processExecutionPhase(TestCaseExecutor.java:418)
	at com.kms.katalon.core.main.TestCaseExecutor.accessMainPhase(TestCaseExecutor.java:410)
	at com.kms.katalon.core.main.TestCaseExecutor.execute(TestCaseExecutor.java:285)
	at com.kms.katalon.core.common.CommonExecutor.accessTestCaseMainPhase(CommonExecutor.java:65)
	at com.kms.katalon.core.main.TestSuiteExecutor.accessTestSuiteMainPhase(TestSuiteExecutor.java:150)
	at com.kms.katalon.core.main.TestSuiteExecutor.execute(TestSuiteExecutor.java:106)
	at com.kms.katalon.core.main.TestCaseMain.startTestSuite(TestCaseMain.java:180)
	at TempTestSuite1736740835951.run(TempTestSuite1736740835951.groovy:35)
	at java.base/jdk.internal.reflect.NativeMethodAccessorImpl.invoke0(Native Method)
	at java.base/jdk.internal.reflect.NativeMethodAccessorImpl.invoke(NativeMethodAccessorImpl.java:77)
	at java.base/jdk.internal.reflect.DelegatingMethodAccessorImpl.invoke(DelegatingMethodAccessorImpl.java:43)
)

13-01-2025T07:16:05 - [TEST_STEP][PASSED] - result = WriteToExcel(typeOfData, todaysDate, PercPlanR, PercPlanB, PercFactR, PercFactB, x, tabR, tabB, o1R, o1B, vidget): null

13-01-2025T07:16:05 - [TEST_STEP][PASSED] - iii = dZO.indexOf("/"): null

13-01-2025T07:16:05 - [TEST_STEP][PASSED] - println(iii): null

13-01-2025T07:16:05 - [TEST_STEP][PASSED] - dZO = dZO.substring(0, iii): null

13-01-2025T07:16:05 - [TEST_STEP][PASSED] - println(dZO): null

13-01-2025T07:16:05 - [TEST_STEP][PASSED] - println(PercPlanR): null

13-01-2025T07:16:05 - [TEST_STEP][PASSED] - println(PercPlanB): null

13-01-2025T07:16:05 - [TEST_STEP][PASSED] - println(PercFactR): null

13-01-2025T07:16:05 - [TEST_STEP][PASSED] - println(PercFactB): null

13-01-2025T07:16:05 - [TEST_STEP][PASSED] - println(tabR): null

13-01-2025T07:16:05 - [TEST_STEP][PASSED] - println(tabB): null

13-01-2025T07:16:05 - [TEST_STEP][PASSED] - println(o1R): null

13-01-2025T07:16:05 - [TEST_STEP][PASSED] - println(o1B): null

13-01-2025T07:16:05 - [TEST_STEP][PASSED] - PR = <not implemented yet for class: org.codehaus.groovy.ast.expr.EmptyExpression>: null

13-01-2025T07:16:05 - [TEST_STEP][PASSED] - FR = <not implemented yet for class: org.codehaus.groovy.ast.expr.EmptyExpression>: null

13-01-2025T07:16:05 - [TEST_STEP][PASSED] - PB = <not implemented yet for class: org.codehaus.groovy.ast.expr.EmptyExpression>: null

13-01-2025T07:16:05 - [TEST_STEP][PASSED] - FB = <not implemented yet for class: org.codehaus.groovy.ast.expr.EmptyExpression>: null

13-01-2025T07:16:05 - [TEST_STEP][PASSED] - TR = <not implemented yet for class: org.codehaus.groovy.ast.expr.EmptyExpression>: null

13-01-2025T07:16:05 - [TEST_STEP][PASSED] - TB = <not implemented yet for class: org.codehaus.groovy.ast.expr.EmptyExpression>: null

13-01-2025T07:16:05 - [TEST_STEP][PASSED] - sheetName = "Sheet1": null

13-01-2025T07:16:05 - [TEST_STEP][PASSED] - data = findTestData("PlanFact"): null

13-01-2025T07:16:05 - [TEST_STEP][PASSED] - n = data.getRowNumbers() + 1: null

13-01-2025T07:16:05 - [TEST_STEP][PASSED] - year = todaysDate.substring(todaysDate.length() - 4, todaysDate.length()): null

13-01-2025T07:16:05 - [TEST_STEP][PASSED] - y = year.toInteger(): null

13-01-2025T07:16:05 - [TEST_STEP][PASSED] - m = getText(findTestObject("Выполнение бизнес-плана/Выполнение бизнес-плана Балансы/Фильтр Дата")): Text of object 'Object Repository/Выполнение бизнес-плана/Выполнение бизнес-плана Балансы/Фильтр Дата' is: '1, 2, 3 кв., Октябрь, Ноябрь 2024 года'

13-01-2025T07:16:05 - [MESSAGE][PASSED] - Text of object 'Object Repository/Выполнение бизнес-плана/Выполнение бизнес-плана Балансы/Фильтр Дата' is: '1, 2, 3 кв., Октябрь, Ноябрь 2024 года'

13-01-2025T07:16:05 - [TEST_STEP][PASSED] - m = m.substring(0, m.indexOf("2024")): null

13-01-2025T07:16:05 - [TEST_STEP][PASSED] - m = m.trim(): null

13-01-2025T07:16:05 - [TEST_STEP][PASSED] - dashboardName = "Выполнение бизнес-плана": null

13-01-2025T07:16:05 - [TEST_STEP][PASSED] - workbook01 = getWorkbook(excelFilePath): null

13-01-2025T07:16:05 - [TEST_STEP][PASSED] - sheet01 = getExcelSheet(workbook01, sheetName): null

13-01-2025T07:16:05 - [TEST_STEP][PASSED] - setValueToCellByIndex(sheet01, n, 0, dashboardName): null

13-01-2025T07:16:05 - [TEST_STEP][PASSED] - setValueToCellByIndex(sheet01, n, 1, dZO): null

13-01-2025T07:16:05 - [TEST_STEP][PASSED] - setValueToCellByIndex(sheet01, n, 2, typeOfData): null

13-01-2025T07:16:05 - [TEST_STEP][PASSED] - setValueToCellByIndex(sheet01, n, 3, typeOfData): null

13-01-2025T07:16:05 - [TEST_STEP][PASSED] - if (typeOfData == "План"): null

13-01-2025T07:16:05 - [TEST_STEP][PASSED] - else if (typeOfData == "Факт"): null

13-01-2025T07:16:05 - [TEST_STEP][PASSED] - else if (vidget.contains("электроэнергии") == true): null

13-01-2025T07:16:05 - [TEST_STEP][PASSED] - if (tabR == null): null

13-01-2025T07:16:05 - [TEST_STEP][PASSED] - else: null

13-01-2025T07:16:05 - [TEST_STEP][PASSED] - if (tabR == "нет данных"): null

13-01-2025T07:16:05 - [TEST_STEP][PASSED] - setValueToCellByIndex(sheet01, n, 4, "нет данных"): null

13-01-2025T07:16:05 - [TEST_STEP][PASSED] - if (tabB == null): null

13-01-2025T07:16:05 - [TEST_STEP][PASSED] - else: null

13-01-2025T07:16:05 - [TEST_STEP][PASSED] - if (tabB == "нет данных"): null

13-01-2025T07:16:05 - [TEST_STEP][PASSED] - setValueToCellByIndex(sheet01, n, 5, "нет данных"): null

13-01-2025T07:16:05 - [TEST_STEP][PASSED] - setValueToCellByIndex(sheet01, n, 6, m): null

13-01-2025T07:16:05 - [TEST_STEP][PASSED] - setValueToCellByIndex(sheet01, n, 7, y): null

13-01-2025T07:16:05 - [TEST_STEP][PASSED] - setValueToCellByIndex(sheet01, n, 8, todaysDate): null

13-01-2025T07:16:05 - [TEST_STEP][PASSED] - n = n + 1: null

13-01-2025T07:16:05 - [TEST_STEP][PASSED] - saveWorkbook(excelFilePath, workbook01): null

13-01-2025T07:16:06 - [TEST_STEP][PASSED] - ii2 = a.indexOf("ПАО"): null

13-01-2025T07:16:06 - [TEST_STEP][PASSED] - if (ii2 == -1): null

13-01-2025T07:16:06 - [TEST_STEP][PASSED] - vidget = "Отклонения фактического уровня потерь от бизнес-плана": null

13-01-2025T07:16:06 - [TEST_STEP][PASSED] - typeOfData = "Коэффициент": null

13-01-2025T07:16:06 - [TEST_STEP][PASSED] - o1R = Geto1R(x = a): null

13-01-2025T07:16:06 - [TEST_STEP][PASSED] - i1 = <not implemented yet for class: org.codehaus.groovy.ast.expr.EmptyExpression>: null

13-01-2025T07:16:06 - [TEST_STEP][PASSED] - ii = <not implemented yet for class: org.codehaus.groovy.ast.expr.EmptyExpression>: null

13-01-2025T07:16:06 - [TEST_STEP][PASSED] - for ([ii = 1, ii < 10, (ii++)]): null

13-01-2025T07:16:06 - [TEST_STEP][PASSED] - i1 = x.indexOf("/") + 1: null

13-01-2025T07:16:06 - [TEST_STEP][PASSED] - if (i1 > -1): null

13-01-2025T07:16:06 - [TEST_STEP][PASSED] - x = x.substring(i1, x.length()): null

13-01-2025T07:16:06 - [TEST_STEP][PASSED] - i1 = x.indexOf("/") + 1: null

13-01-2025T07:16:06 - [TEST_STEP][PASSED] - if (i1 > -1): null

13-01-2025T07:16:06 - [TEST_STEP][PASSED] - x = x.substring(i1, x.length()): null

13-01-2025T07:16:06 - [TEST_STEP][PASSED] - i1 = x.indexOf("/") + 1: null

13-01-2025T07:16:06 - [TEST_STEP][PASSED] - if (i1 > -1): null

13-01-2025T07:16:06 - [TEST_STEP][PASSED] - x = x.substring(i1, x.length()): null

13-01-2025T07:16:06 - [TEST_STEP][PASSED] - i1 = x.indexOf("/") + 1: null

13-01-2025T07:16:06 - [TEST_STEP][PASSED] - if (i1 > -1): null

13-01-2025T07:16:06 - [TEST_STEP][PASSED] - x = x.substring(i1, x.length()): null

13-01-2025T07:16:06 - [TEST_STEP][PASSED] - i1 = x.indexOf("/") + 1: null

13-01-2025T07:16:06 - [TEST_STEP][PASSED] - if (i1 > -1): null

13-01-2025T07:16:06 - [TEST_STEP][PASSED] - x = x.substring(i1, x.length()): null

13-01-2025T07:16:06 - [TEST_STEP][PASSED] - i1 = x.indexOf("/") + 1: null

13-01-2025T07:16:06 - [TEST_STEP][PASSED] - if (i1 > -1): null

13-01-2025T07:16:06 - [TEST_STEP][PASSED] - x = x.substring(i1, x.length()): null

13-01-2025T07:16:06 - [TEST_STEP][PASSED] - i1 = x.indexOf("/") + 1: null

13-01-2025T07:16:06 - [TEST_STEP][PASSED] - if (i1 > -1): null

13-01-2025T07:16:06 - [TEST_STEP][PASSED] - x = x.substring(i1, x.length()): null

13-01-2025T07:16:06 - [TEST_STEP][PASSED] - i1 = x.indexOf("/") + 1: null

13-01-2025T07:16:06 - [TEST_STEP][PASSED] - if (i1 > -1): null

13-01-2025T07:16:06 - [TEST_STEP][PASSED] - x = x.substring(i1, x.length()): null

13-01-2025T07:16:06 - [TEST_STEP][PASSED] - i1 = x.indexOf("/") + 1: null

13-01-2025T07:16:06 - [TEST_STEP][PASSED] - if (i1 > -1): null

13-01-2025T07:16:06 - [TEST_STEP][PASSED] - x = x.substring(i1, x.length()): null

13-01-2025T07:16:06 - [TEST_STEP][PASSED] - i1 = x.indexOf("/"): null

13-01-2025T07:16:06 - [TEST_STEP][PASSED] - if (i1 > -1): null

13-01-2025T07:16:06 - [TEST_STEP][PASSED] - println(x): null

13-01-2025T07:16:06 - [TEST_STEP][PASSED] - return x: null

13-01-2025T07:16:06 - [TEST_STEP][PASSED] - o1B = Geto1B(x = b): null

13-01-2025T07:16:06 - [TEST_STEP][PASSED] - i1 = <not implemented yet for class: org.codehaus.groovy.ast.expr.EmptyExpression>: null

13-01-2025T07:16:06 - [TEST_STEP][PASSED] - ii = <not implemented yet for class: org.codehaus.groovy.ast.expr.EmptyExpression>: null

13-01-2025T07:16:06 - [TEST_STEP][PASSED] - for ([ii = 1, ii < 10, (ii++)]): null

13-01-2025T07:16:06 - [TEST_STEP][PASSED] - i1 = x.indexOf("/") + 1: null

13-01-2025T07:16:06 - [TEST_STEP][PASSED] - if (i1 > -1): null

13-01-2025T07:16:06 - [TEST_STEP][PASSED] - x = x.substring(i1, x.length()): null

13-01-2025T07:16:06 - [TEST_STEP][PASSED] - i1 = x.indexOf("/") + 1: null

13-01-2025T07:16:06 - [TEST_STEP][PASSED] - if (i1 > -1): null

13-01-2025T07:16:06 - [TEST_STEP][PASSED] - x = x.substring(i1, x.length()): null

13-01-2025T07:16:06 - [TEST_STEP][PASSED] - i1 = x.indexOf("/") + 1: null

13-01-2025T07:16:06 - [TEST_STEP][PASSED] - if (i1 > -1): null

13-01-2025T07:16:06 - [TEST_STEP][PASSED] - x = x.substring(i1, x.length()): null

13-01-2025T07:16:06 - [TEST_STEP][PASSED] - i1 = x.indexOf("/") + 1: null

13-01-2025T07:16:06 - [TEST_STEP][PASSED] - if (i1 > -1): null

13-01-2025T07:16:06 - [TEST_STEP][PASSED] - x = x.substring(i1, x.length()): null

13-01-2025T07:16:06 - [TEST_STEP][PASSED] - i1 = x.indexOf("/") + 1: null

13-01-2025T07:16:06 - [TEST_STEP][PASSED] - if (i1 > -1): null

13-01-2025T07:16:06 - [TEST_STEP][PASSED] - x = x.substring(i1, x.length()): null

13-01-2025T07:16:06 - [TEST_STEP][PASSED] - i1 = x.indexOf("/") + 1: null

13-01-2025T07:16:06 - [TEST_STEP][PASSED] - if (i1 > -1): null

13-01-2025T07:16:06 - [TEST_STEP][PASSED] - x = x.substring(i1, x.length()): null

13-01-2025T07:16:06 - [TEST_STEP][PASSED] - i1 = x.indexOf("/") + 1: null

13-01-2025T07:16:06 - [TEST_STEP][PASSED] - if (i1 > -1): null

13-01-2025T07:16:06 - [TEST_STEP][PASSED] - x = x.substring(i1, x.length()): null

13-01-2025T07:16:06 - [TEST_STEP][PASSED] - i1 = x.indexOf("/") + 1: null

13-01-2025T07:16:06 - [TEST_STEP][PASSED] - if (i1 > -1): null

13-01-2025T07:16:06 - [TEST_STEP][PASSED] - x = x.substring(i1, x.length()): null

13-01-2025T07:16:06 - [TEST_STEP][PASSED] - i1 = x.indexOf("/") + 1: null

13-01-2025T07:16:06 - [TEST_STEP][PASSED] - if (i1 > -1): null

13-01-2025T07:16:06 - [TEST_STEP][PASSED] - x = x.substring(i1, x.length()): null

13-01-2025T07:16:06 - [TEST_STEP][PASSED] - i1 = x.indexOf("/"): null

13-01-2025T07:16:06 - [TEST_STEP][PASSED] - if (i1 > -1): null

13-01-2025T07:16:06 - [TEST_STEP][PASSED] - println(x): null

13-01-2025T07:16:06 - [TEST_STEP][FAILED] - return x: null

13-01-2025T07:16:06 - [TEST_STEP][PASSED] - println(o1R + "/" + o1B): null

13-01-2025T07:16:06 - [TEST_STEP][FAILED] - if (verifyEqual(PercFactR, PercFactB) == false): null

13-01-2025T07:16:06 - [MESSAGE][FAILED] - Unable to verify equal between actual object 'нет данных' and expected object '8.73' (Root cause: com.kms.katalon.core.exception.StepFailedException: Actual object 'нет данных' and expected object '8.73' are not equal
	at com.kms.katalon.core.keyword.builtin.VerifyEqualKeyword$_verifyEqual_closure1.doCall(VerifyEqualKeyword.groovy:58)
	at com.kms.katalon.core.keyword.builtin.VerifyEqualKeyword$_verifyEqual_closure1.call(VerifyEqualKeyword.groovy)
	at com.kms.katalon.core.keyword.internal.KeywordMain.runKeyword(KeywordMain.groovy:75)
	at com.kms.katalon.core.keyword.builtin.VerifyEqualKeyword.verifyEqual(VerifyEqualKeyword.groovy:63)
	at com.kms.katalon.core.keyword.builtin.VerifyEqualKeyword.execute(VerifyEqualKeyword.groovy:44)
	at com.kms.katalon.core.keyword.internal.KeywordExecutor.executeKeywordForPlatform(KeywordExecutor.groovy:74)
	at com.kms.katalon.core.keyword.BuiltinKeywords.verifyEqual(BuiltinKeywords.groovy:146)
	at jdk.internal.reflect.GeneratedMethodAccessor25.invoke(Unknown Source)
	at java.base/jdk.internal.reflect.DelegatingMethodAccessorImpl.invoke(DelegatingMethodAccessorImpl.java:43)
	at Выполнение бизнес-плана сверка дашбордов - Copy.CompareDZOData(Выполнение бизнес-плана сверка дашбордов - Copy:789)
	at Выполнение бизнес-плана сверка дашбордов - Copy.run(Выполнение бизнес-плана сверка дашбордов - Copy:658)
	at com.kms.katalon.core.main.ScriptEngine.run(ScriptEngine.java:194)
	at com.kms.katalon.core.main.ScriptEngine.runScriptAsRawText(ScriptEngine.java:119)
	at com.kms.katalon.core.main.TestCaseExecutor.runScript(TestCaseExecutor.java:448)
	at com.kms.katalon.core.main.TestCaseExecutor.doExecute(TestCaseExecutor.java:439)
	at com.kms.katalon.core.main.TestCaseExecutor.processExecutionPhase(TestCaseExecutor.java:418)
	at com.kms.katalon.core.main.TestCaseExecutor.accessMainPhase(TestCaseExecutor.java:410)
	at com.kms.katalon.core.main.TestCaseExecutor.execute(TestCaseExecutor.java:285)
	at com.kms.katalon.core.common.CommonExecutor.accessTestCaseMainPhase(CommonExecutor.java:65)
	at com.kms.katalon.core.main.TestSuiteExecutor.accessTestSuiteMainPhase(TestSuiteExecutor.java:150)
	at com.kms.katalon.core.main.TestSuiteExecutor.execute(TestSuiteExecutor.java:106)
	at com.kms.katalon.core.main.TestCaseMain.startTestSuite(TestCaseMain.java:180)
	at TempTestSuite1736740835951.run(TempTestSuite1736740835951.groovy:35)
	at java.base/jdk.internal.reflect.NativeMethodAccessorImpl.invoke0(Native Method)
	at java.base/jdk.internal.reflect.NativeMethodAccessorImpl.invoke(NativeMethodAccessorImpl.java:77)
	at java.base/jdk.internal.reflect.DelegatingMethodAccessorImpl.invoke(DelegatingMethodAccessorImpl.java:43)
)

13-01-2025T07:16:06 - [TEST_STEP][PASSED] - result = WriteToExcel(typeOfData, todaysDate, PercPlanR, PercPlanB, PercFactR, PercFactB, x, tabR, tabB, o1R, o1B, vidget): null

13-01-2025T07:16:06 - [TEST_STEP][PASSED] - iii = dZO.indexOf("/"): null

13-01-2025T07:16:06 - [TEST_STEP][PASSED] - println(iii): null

13-01-2025T07:16:06 - [TEST_STEP][PASSED] - dZO = dZO.substring(0, iii): null

13-01-2025T07:16:06 - [TEST_STEP][PASSED] - println(dZO): null

13-01-2025T07:16:06 - [TEST_STEP][PASSED] - println(PercPlanR): null

13-01-2025T07:16:06 - [TEST_STEP][PASSED] - println(PercPlanB): null

13-01-2025T07:16:06 - [TEST_STEP][PASSED] - println(PercFactR): null

13-01-2025T07:16:06 - [TEST_STEP][PASSED] - println(PercFactB): null

13-01-2025T07:16:06 - [TEST_STEP][PASSED] - println(tabR): null

13-01-2025T07:16:06 - [TEST_STEP][PASSED] - println(tabB): null

13-01-2025T07:16:06 - [TEST_STEP][PASSED] - println(o1R): null

13-01-2025T07:16:06 - [TEST_STEP][PASSED] - println(o1B): null

13-01-2025T07:16:06 - [TEST_STEP][PASSED] - PR = <not implemented yet for class: org.codehaus.groovy.ast.expr.EmptyExpression>: null

13-01-2025T07:16:06 - [TEST_STEP][PASSED] - FR = <not implemented yet for class: org.codehaus.groovy.ast.expr.EmptyExpression>: null

13-01-2025T07:16:06 - [TEST_STEP][PASSED] - PB = <not implemented yet for class: org.codehaus.groovy.ast.expr.EmptyExpression>: null

13-01-2025T07:16:06 - [TEST_STEP][PASSED] - FB = <not implemented yet for class: org.codehaus.groovy.ast.expr.EmptyExpression>: null

13-01-2025T07:16:06 - [TEST_STEP][PASSED] - TR = <not implemented yet for class: org.codehaus.groovy.ast.expr.EmptyExpression>: null

13-01-2025T07:16:06 - [TEST_STEP][PASSED] - TB = <not implemented yet for class: org.codehaus.groovy.ast.expr.EmptyExpression>: null

13-01-2025T07:16:06 - [TEST_STEP][PASSED] - sheetName = "Sheet1": null

13-01-2025T07:16:06 - [TEST_STEP][PASSED] - data = findTestData("PlanFact"): null

13-01-2025T07:16:06 - [TEST_STEP][PASSED] - n = data.getRowNumbers() + 1: null

13-01-2025T07:16:06 - [TEST_STEP][PASSED] - year = todaysDate.substring(todaysDate.length() - 4, todaysDate.length()): null

13-01-2025T07:16:06 - [TEST_STEP][PASSED] - y = year.toInteger(): null

13-01-2025T07:16:06 - [TEST_STEP][PASSED] - m = getText(findTestObject("Выполнение бизнес-плана/Выполнение бизнес-плана Балансы/Фильтр Дата")): Text of object 'Object Repository/Выполнение бизнес-плана/Выполнение бизнес-плана Балансы/Фильтр Дата' is: '1, 2, 3 кв., Октябрь, Ноябрь 2024 года'

13-01-2025T07:16:06 - [MESSAGE][PASSED] - Text of object 'Object Repository/Выполнение бизнес-плана/Выполнение бизнес-плана Балансы/Фильтр Дата' is: '1, 2, 3 кв., Октябрь, Ноябрь 2024 года'

13-01-2025T07:16:06 - [TEST_STEP][PASSED] - m = m.substring(0, m.indexOf("2024")): null

13-01-2025T07:16:06 - [TEST_STEP][PASSED] - m = m.trim(): null

13-01-2025T07:16:06 - [TEST_STEP][PASSED] - dashboardName = "Выполнение бизнес-плана": null

13-01-2025T07:16:06 - [TEST_STEP][PASSED] - workbook01 = getWorkbook(excelFilePath): null

13-01-2025T07:16:06 - [TEST_STEP][PASSED] - sheet01 = getExcelSheet(workbook01, sheetName): null

13-01-2025T07:16:06 - [TEST_STEP][PASSED] - setValueToCellByIndex(sheet01, n, 0, dashboardName): null

13-01-2025T07:16:06 - [TEST_STEP][PASSED] - setValueToCellByIndex(sheet01, n, 1, dZO): null

13-01-2025T07:16:06 - [TEST_STEP][PASSED] - setValueToCellByIndex(sheet01, n, 2, typeOfData): null

13-01-2025T07:16:06 - [TEST_STEP][PASSED] - setValueToCellByIndex(sheet01, n, 3, typeOfData): null

13-01-2025T07:16:06 - [TEST_STEP][PASSED] - if (typeOfData == "План"): null

13-01-2025T07:16:06 - [TEST_STEP][PASSED] - else if (typeOfData == "Факт"): null

13-01-2025T07:16:06 - [TEST_STEP][PASSED] - else if (vidget.contains("электроэнергии") == true): null

13-01-2025T07:16:06 - [TEST_STEP][PASSED] - else: null

13-01-2025T07:16:06 - [TEST_STEP][PASSED] - if (o1R == null): null

13-01-2025T07:16:06 - [TEST_STEP][PASSED] - else: null

13-01-2025T07:16:06 - [TEST_STEP][PASSED] - if (o1R == "нет данных"): null

13-01-2025T07:16:06 - [TEST_STEP][PASSED] - setValueToCellByIndex(sheet01, n, 4, "нет данных"): null

13-01-2025T07:16:06 - [TEST_STEP][PASSED] - if (o1B == null): null

13-01-2025T07:16:06 - [TEST_STEP][PASSED] - else: null

13-01-2025T07:16:06 - [TEST_STEP][PASSED] - if (o1B == "нет данных"): null

13-01-2025T07:16:06 - [TEST_STEP][PASSED] - else: null

13-01-2025T07:16:06 - [TEST_STEP][PASSED] - FB = o1B.toDouble(): null

13-01-2025T07:16:06 - [TEST_STEP][PASSED] - setValueToCellByIndex(sheet01, n, 5, FB): null

13-01-2025T07:16:06 - [TEST_STEP][PASSED] - setValueToCellByIndex(sheet01, n, 6, m): null

13-01-2025T07:16:06 - [TEST_STEP][PASSED] - setValueToCellByIndex(sheet01, n, 7, y): null

13-01-2025T07:16:06 - [TEST_STEP][PASSED] - setValueToCellByIndex(sheet01, n, 8, todaysDate): null

13-01-2025T07:16:06 - [TEST_STEP][PASSED] - n = n + 1: null

13-01-2025T07:16:06 - [TEST_STEP][FAILED] - saveWorkbook(excelFilePath, workbook01): null

13-01-2025T07:16:06 - [TEST_STEP][FAILED] - if (verifyEqual(yR, yB) == false): null

13-01-2025T07:16:06 - [MESSAGE][FAILED] - Unable to verify equal between actual object 'Россети Янтарь/нет данных/нет данных/нет данных/нет данных/нет данных/нет данных/нет данных/нет данных/нет данных' and expected object 'Россети Янтарь/9.02/9.00/4181934/3807771/376375/нет данных/нет данных/нет данных/-0.02' (Root cause: com.kms.katalon.core.exception.StepFailedException: Actual object 'Россети Янтарь/нет данных/нет данных/нет данных/нет данных/нет данных/нет данных/нет данных/нет данных/нет данных' and expected object 'Россети Янтарь/9.02/9.00/4181934/3807771/376375/нет данных/нет данных/нет данных/-0.02' are not equal
	at com.kms.katalon.core.keyword.builtin.VerifyEqualKeyword$_verifyEqual_closure1.doCall(VerifyEqualKeyword.groovy:58)
	at com.kms.katalon.core.keyword.builtin.VerifyEqualKeyword$_verifyEqual_closure1.call(VerifyEqualKeyword.groovy)
	at com.kms.katalon.core.keyword.internal.KeywordMain.runKeyword(KeywordMain.groovy:75)
	at com.kms.katalon.core.keyword.builtin.VerifyEqualKeyword.verifyEqual(VerifyEqualKeyword.groovy:63)
	at com.kms.katalon.core.keyword.builtin.VerifyEqualKeyword.execute(VerifyEqualKeyword.groovy:44)
	at com.kms.katalon.core.keyword.internal.KeywordExecutor.executeKeywordForPlatform(KeywordExecutor.groovy:74)
	at com.kms.katalon.core.keyword.BuiltinKeywords.verifyEqual(BuiltinKeywords.groovy:146)
	at jdk.internal.reflect.GeneratedMethodAccessor25.invoke(Unknown Source)
	at java.base/jdk.internal.reflect.DelegatingMethodAccessorImpl.invoke(DelegatingMethodAccessorImpl.java:43)
	at Выполнение бизнес-плана сверка дашбордов - Copy.run(Выполнение бизнес-плана сверка дашбордов - Copy:662)
	at com.kms.katalon.core.main.ScriptEngine.run(ScriptEngine.java:194)
	at com.kms.katalon.core.main.ScriptEngine.runScriptAsRawText(ScriptEngine.java:119)
	at com.kms.katalon.core.main.TestCaseExecutor.runScript(TestCaseExecutor.java:448)
	at com.kms.katalon.core.main.TestCaseExecutor.doExecute(TestCaseExecutor.java:439)
	at com.kms.katalon.core.main.TestCaseExecutor.processExecutionPhase(TestCaseExecutor.java:418)
	at com.kms.katalon.core.main.TestCaseExecutor.accessMainPhase(TestCaseExecutor.java:410)
	at com.kms.katalon.core.main.TestCaseExecutor.execute(TestCaseExecutor.java:285)
	at com.kms.katalon.core.common.CommonExecutor.accessTestCaseMainPhase(CommonExecutor.java:65)
	at com.kms.katalon.core.main.TestSuiteExecutor.accessTestSuiteMainPhase(TestSuiteExecutor.java:150)
	at com.kms.katalon.core.main.TestSuiteExecutor.execute(TestSuiteExecutor.java:106)
	at com.kms.katalon.core.main.TestCaseMain.startTestSuite(TestCaseMain.java:180)
	at TempTestSuite1736740835951.run(TempTestSuite1736740835951.groovy:35)
	at java.base/jdk.internal.reflect.NativeMethodAccessorImpl.invoke0(Native Method)
	at java.base/jdk.internal.reflect.NativeMethodAccessorImpl.invoke(NativeMethodAccessorImpl.java:77)
	at java.base/jdk.internal.reflect.DelegatingMethodAccessorImpl.invoke(DelegatingMethodAccessorImpl.java:43)
)

13-01-2025T07:16:06 - [TEST_STEP][PASSED] - result = CompareDZOData(a = yR, b = yB, dZO, typeOfData, PercPlanR, PercPlanB, PercFactR, PercFactB, todaysDate, x, vidget, tabR, tabB, o1R, o1B): null

13-01-2025T07:16:06 - [TEST_STEP][PASSED] - ii2 = <not implemented yet for class: org.codehaus.groovy.ast.expr.EmptyExpression>: null

13-01-2025T07:16:06 - [TEST_STEP][FAILED] - if (verifyEqual(a, b) == false): null

13-01-2025T07:16:06 - [MESSAGE][FAILED] - Unable to verify equal between actual object 'Россети Янтарь/нет данных/нет данных/нет данных/нет данных/нет данных/нет данных/нет данных/нет данных/нет данных' and expected object 'Россети Янтарь/9.02/9.00/4181934/3807771/376375/нет данных/нет данных/нет данных/-0.02' (Root cause: com.kms.katalon.core.exception.StepFailedException: Actual object 'Россети Янтарь/нет данных/нет данных/нет данных/нет данных/нет данных/нет данных/нет данных/нет данных/нет данных' and expected object 'Россети Янтарь/9.02/9.00/4181934/3807771/376375/нет данных/нет данных/нет данных/-0.02' are not equal
	at com.kms.katalon.core.keyword.builtin.VerifyEqualKeyword$_verifyEqual_closure1.doCall(VerifyEqualKeyword.groovy:58)
	at com.kms.katalon.core.keyword.builtin.VerifyEqualKeyword$_verifyEqual_closure1.call(VerifyEqualKeyword.groovy)
	at com.kms.katalon.core.keyword.internal.KeywordMain.runKeyword(KeywordMain.groovy:75)
	at com.kms.katalon.core.keyword.builtin.VerifyEqualKeyword.verifyEqual(VerifyEqualKeyword.groovy:63)
	at com.kms.katalon.core.keyword.builtin.VerifyEqualKeyword.execute(VerifyEqualKeyword.groovy:44)
	at com.kms.katalon.core.keyword.internal.KeywordExecutor.executeKeywordForPlatform(KeywordExecutor.groovy:74)
	at com.kms.katalon.core.keyword.BuiltinKeywords.verifyEqual(BuiltinKeywords.groovy:146)
	at jdk.internal.reflect.GeneratedMethodAccessor25.invoke(Unknown Source)
	at java.base/jdk.internal.reflect.DelegatingMethodAccessorImpl.invoke(DelegatingMethodAccessorImpl.java:43)
	at Выполнение бизнес-плана сверка дашбордов - Copy.CompareDZOData(Выполнение бизнес-плана сверка дашбордов - Copy:673)
	at Выполнение бизнес-плана сверка дашбордов - Copy.run(Выполнение бизнес-плана сверка дашбордов - Copy:663)
	at com.kms.katalon.core.main.ScriptEngine.run(ScriptEngine.java:194)
	at com.kms.katalon.core.main.ScriptEngine.runScriptAsRawText(ScriptEngine.java:119)
	at com.kms.katalon.core.main.TestCaseExecutor.runScript(TestCaseExecutor.java:448)
	at com.kms.katalon.core.main.TestCaseExecutor.doExecute(TestCaseExecutor.java:439)
	at com.kms.katalon.core.main.TestCaseExecutor.processExecutionPhase(TestCaseExecutor.java:418)
	at com.kms.katalon.core.main.TestCaseExecutor.accessMainPhase(TestCaseExecutor.java:410)
	at com.kms.katalon.core.main.TestCaseExecutor.execute(TestCaseExecutor.java:285)
	at com.kms.katalon.core.common.CommonExecutor.accessTestCaseMainPhase(CommonExecutor.java:65)
	at com.kms.katalon.core.main.TestSuiteExecutor.accessTestSuiteMainPhase(TestSuiteExecutor.java:150)
	at com.kms.katalon.core.main.TestSuiteExecutor.execute(TestSuiteExecutor.java:106)
	at com.kms.katalon.core.main.TestCaseMain.startTestSuite(TestCaseMain.java:180)
	at TempTestSuite1736740835951.run(TempTestSuite1736740835951.groovy:35)
	at java.base/jdk.internal.reflect.NativeMethodAccessorImpl.invoke0(Native Method)
	at java.base/jdk.internal.reflect.NativeMethodAccessorImpl.invoke(NativeMethodAccessorImpl.java:77)
	at java.base/jdk.internal.reflect.DelegatingMethodAccessorImpl.invoke(DelegatingMethodAccessorImpl.java:43)
)

13-01-2025T07:16:06 - [TEST_STEP][PASSED] - vidget = "Уровень потерь электроэнергии": null

13-01-2025T07:16:06 - [TEST_STEP][PASSED] - typeOfData = "План": null

13-01-2025T07:16:06 - [TEST_STEP][PASSED] - PercPlanR = GetPercPlanR(x = a): null

13-01-2025T07:16:06 - [TEST_STEP][PASSED] - i1 = <not implemented yet for class: org.codehaus.groovy.ast.expr.EmptyExpression>: null

13-01-2025T07:16:06 - [TEST_STEP][PASSED] - i1 = x.indexOf("/") + 1: null

13-01-2025T07:16:06 - [TEST_STEP][PASSED] - if (i1 > -1): null

13-01-2025T07:16:06 - [TEST_STEP][PASSED] - x = x.substring(i1, x.length()): null

13-01-2025T07:16:06 - [TEST_STEP][PASSED] - i1 = x.indexOf("/"): null

13-01-2025T07:16:06 - [TEST_STEP][PASSED] - if (i1 > -1): null

13-01-2025T07:16:06 - [TEST_STEP][PASSED] - x = x.substring(0, i1): null

13-01-2025T07:16:06 - [TEST_STEP][PASSED] - return x: null

13-01-2025T07:16:06 - [TEST_STEP][PASSED] - PercPlanB = GetPercPlanB(x = b): null

13-01-2025T07:16:06 - [TEST_STEP][PASSED] - i1 = <not implemented yet for class: org.codehaus.groovy.ast.expr.EmptyExpression>: null

13-01-2025T07:16:06 - [TEST_STEP][PASSED] - i1 = x.indexOf("/") + 1: null

13-01-2025T07:16:06 - [TEST_STEP][PASSED] - if (i1 > -1): null

13-01-2025T07:16:06 - [TEST_STEP][PASSED] - x = x.substring(i1, x.length()): null

13-01-2025T07:16:06 - [TEST_STEP][PASSED] - i1 = x.indexOf("/"): null

13-01-2025T07:16:06 - [TEST_STEP][PASSED] - if (i1 > -1): null

13-01-2025T07:16:06 - [TEST_STEP][PASSED] - x = x.substring(0, i1): null

13-01-2025T07:16:06 - [TEST_STEP][FAILED] - return x: null

13-01-2025T07:16:06 - [TEST_STEP][FAILED] - if (verifyEqual(PercPlanR, PercPlanB) == false): null

13-01-2025T07:16:06 - [MESSAGE][FAILED] - Unable to verify equal between actual object 'нет данных' and expected object '9.02' (Root cause: com.kms.katalon.core.exception.StepFailedException: Actual object 'нет данных' and expected object '9.02' are not equal
	at com.kms.katalon.core.keyword.builtin.VerifyEqualKeyword$_verifyEqual_closure1.doCall(VerifyEqualKeyword.groovy:58)
	at com.kms.katalon.core.keyword.builtin.VerifyEqualKeyword$_verifyEqual_closure1.call(VerifyEqualKeyword.groovy)
	at com.kms.katalon.core.keyword.internal.KeywordMain.runKeyword(KeywordMain.groovy:75)
	at com.kms.katalon.core.keyword.builtin.VerifyEqualKeyword.verifyEqual(VerifyEqualKeyword.groovy:63)
	at com.kms.katalon.core.keyword.builtin.VerifyEqualKeyword.execute(VerifyEqualKeyword.groovy:44)
	at com.kms.katalon.core.keyword.internal.KeywordExecutor.executeKeywordForPlatform(KeywordExecutor.groovy:74)
	at com.kms.katalon.core.keyword.BuiltinKeywords.verifyEqual(BuiltinKeywords.groovy:146)
	at jdk.internal.reflect.GeneratedMethodAccessor25.invoke(Unknown Source)
	at java.base/jdk.internal.reflect.DelegatingMethodAccessorImpl.invoke(DelegatingMethodAccessorImpl.java:43)
	at Выполнение бизнес-плана сверка дашбордов - Copy.CompareDZOData(Выполнение бизнес-плана сверка дашбордов - Copy:682)
	at Выполнение бизнес-плана сверка дашбордов - Copy.run(Выполнение бизнес-плана сверка дашбордов - Copy:663)
	at com.kms.katalon.core.main.ScriptEngine.run(ScriptEngine.java:194)
	at com.kms.katalon.core.main.ScriptEngine.runScriptAsRawText(ScriptEngine.java:119)
	at com.kms.katalon.core.main.TestCaseExecutor.runScript(TestCaseExecutor.java:448)
	at com.kms.katalon.core.main.TestCaseExecutor.doExecute(TestCaseExecutor.java:439)
	at com.kms.katalon.core.main.TestCaseExecutor.processExecutionPhase(TestCaseExecutor.java:418)
	at com.kms.katalon.core.main.TestCaseExecutor.accessMainPhase(TestCaseExecutor.java:410)
	at com.kms.katalon.core.main.TestCaseExecutor.execute(TestCaseExecutor.java:285)
	at com.kms.katalon.core.common.CommonExecutor.accessTestCaseMainPhase(CommonExecutor.java:65)
	at com.kms.katalon.core.main.TestSuiteExecutor.accessTestSuiteMainPhase(TestSuiteExecutor.java:150)
	at com.kms.katalon.core.main.TestSuiteExecutor.execute(TestSuiteExecutor.java:106)
	at com.kms.katalon.core.main.TestCaseMain.startTestSuite(TestCaseMain.java:180)
	at TempTestSuite1736740835951.run(TempTestSuite1736740835951.groovy:35)
	at java.base/jdk.internal.reflect.NativeMethodAccessorImpl.invoke0(Native Method)
	at java.base/jdk.internal.reflect.NativeMethodAccessorImpl.invoke(NativeMethodAccessorImpl.java:77)
	at java.base/jdk.internal.reflect.DelegatingMethodAccessorImpl.invoke(DelegatingMethodAccessorImpl.java:43)
)

13-01-2025T07:16:06 - [TEST_STEP][PASSED] - result = WriteToExcel(typeOfData, todaysDate, PercPlanR, PercPlanB, PercFactR, PercFactB, x, tabR, tabB, o1R, o1B, vidget): null

13-01-2025T07:16:06 - [TEST_STEP][PASSED] - iii = dZO.indexOf("/"): null

13-01-2025T07:16:06 - [TEST_STEP][PASSED] - println(iii): null

13-01-2025T07:16:06 - [TEST_STEP][PASSED] - dZO = dZO.substring(0, iii): null

13-01-2025T07:16:06 - [TEST_STEP][PASSED] - println(dZO): null

13-01-2025T07:16:06 - [TEST_STEP][PASSED] - println(PercPlanR): null

13-01-2025T07:16:06 - [TEST_STEP][PASSED] - println(PercPlanB): null

13-01-2025T07:16:06 - [TEST_STEP][PASSED] - println(PercFactR): null

13-01-2025T07:16:06 - [TEST_STEP][PASSED] - println(PercFactB): null

13-01-2025T07:16:06 - [TEST_STEP][PASSED] - println(tabR): null

13-01-2025T07:16:06 - [TEST_STEP][PASSED] - println(tabB): null

13-01-2025T07:16:06 - [TEST_STEP][PASSED] - println(o1R): null

13-01-2025T07:16:06 - [TEST_STEP][PASSED] - println(o1B): null

13-01-2025T07:16:06 - [TEST_STEP][PASSED] - PR = <not implemented yet for class: org.codehaus.groovy.ast.expr.EmptyExpression>: null

13-01-2025T07:16:06 - [TEST_STEP][PASSED] - FR = <not implemented yet for class: org.codehaus.groovy.ast.expr.EmptyExpression>: null

13-01-2025T07:16:06 - [TEST_STEP][PASSED] - PB = <not implemented yet for class: org.codehaus.groovy.ast.expr.EmptyExpression>: null

13-01-2025T07:16:06 - [TEST_STEP][PASSED] - FB = <not implemented yet for class: org.codehaus.groovy.ast.expr.EmptyExpression>: null

13-01-2025T07:16:06 - [TEST_STEP][PASSED] - TR = <not implemented yet for class: org.codehaus.groovy.ast.expr.EmptyExpression>: null

13-01-2025T07:16:06 - [TEST_STEP][PASSED] - TB = <not implemented yet for class: org.codehaus.groovy.ast.expr.EmptyExpression>: null

13-01-2025T07:16:06 - [TEST_STEP][PASSED] - sheetName = "Sheet1": null

13-01-2025T07:16:06 - [TEST_STEP][PASSED] - data = findTestData("PlanFact"): null

13-01-2025T07:16:06 - [TEST_STEP][PASSED] - n = data.getRowNumbers() + 1: null

13-01-2025T07:16:06 - [TEST_STEP][PASSED] - year = todaysDate.substring(todaysDate.length() - 4, todaysDate.length()): null

13-01-2025T07:16:06 - [TEST_STEP][PASSED] - y = year.toInteger(): null

13-01-2025T07:16:06 - [TEST_STEP][PASSED] - m = getText(findTestObject("Выполнение бизнес-плана/Выполнение бизнес-плана Балансы/Фильтр Дата")): Text of object 'Object Repository/Выполнение бизнес-плана/Выполнение бизнес-плана Балансы/Фильтр Дата' is: '1, 2, 3 кв., Октябрь, Ноябрь 2024 года'

13-01-2025T07:16:07 - [MESSAGE][PASSED] - Text of object 'Object Repository/Выполнение бизнес-плана/Выполнение бизнес-плана Балансы/Фильтр Дата' is: '1, 2, 3 кв., Октябрь, Ноябрь 2024 года'

13-01-2025T07:16:07 - [TEST_STEP][PASSED] - m = m.substring(0, m.indexOf("2024")): null

13-01-2025T07:16:07 - [TEST_STEP][PASSED] - m = m.trim(): null

13-01-2025T07:16:07 - [TEST_STEP][PASSED] - dashboardName = "Выполнение бизнес-плана": null

13-01-2025T07:16:07 - [TEST_STEP][PASSED] - workbook01 = getWorkbook(excelFilePath): null

13-01-2025T07:16:07 - [TEST_STEP][PASSED] - sheet01 = getExcelSheet(workbook01, sheetName): null

13-01-2025T07:16:07 - [TEST_STEP][PASSED] - setValueToCellByIndex(sheet01, n, 0, dashboardName): null

13-01-2025T07:16:07 - [TEST_STEP][PASSED] - setValueToCellByIndex(sheet01, n, 1, dZO): null

13-01-2025T07:16:07 - [TEST_STEP][PASSED] - setValueToCellByIndex(sheet01, n, 2, typeOfData): null

13-01-2025T07:16:07 - [TEST_STEP][PASSED] - setValueToCellByIndex(sheet01, n, 3, typeOfData): null

13-01-2025T07:16:07 - [TEST_STEP][PASSED] - if (typeOfData == "План"): null

13-01-2025T07:16:07 - [TEST_STEP][PASSED] - if (PercPlanR == null): null

13-01-2025T07:16:07 - [TEST_STEP][PASSED] - else: null

13-01-2025T07:16:07 - [TEST_STEP][PASSED] - if (PercPlanR == "нет данных"): null

13-01-2025T07:16:07 - [TEST_STEP][PASSED] - setValueToCellByIndex(sheet01, n, 4, "нет данных"): null

13-01-2025T07:16:07 - [TEST_STEP][PASSED] - if (PercPlanB == null): null

13-01-2025T07:16:07 - [TEST_STEP][PASSED] - else: null

13-01-2025T07:16:07 - [TEST_STEP][PASSED] - if (PercPlanB == "нет данных"): null

13-01-2025T07:16:07 - [TEST_STEP][PASSED] - else: null

13-01-2025T07:16:07 - [TEST_STEP][PASSED] - PB = PercPlanB.toDouble(): null

13-01-2025T07:16:07 - [TEST_STEP][PASSED] - setValueToCellByIndex(sheet01, n, 5, PB): null

13-01-2025T07:16:07 - [TEST_STEP][PASSED] - setValueToCellByIndex(sheet01, n, 6, m): null

13-01-2025T07:16:07 - [TEST_STEP][PASSED] - setValueToCellByIndex(sheet01, n, 7, y): null

13-01-2025T07:16:07 - [TEST_STEP][PASSED] - setValueToCellByIndex(sheet01, n, 8, todaysDate): null

13-01-2025T07:16:07 - [TEST_STEP][PASSED] - n = n + 1: null

13-01-2025T07:16:07 - [TEST_STEP][PASSED] - saveWorkbook(excelFilePath, workbook01): null

13-01-2025T07:16:07 - [TEST_STEP][PASSED] - typeOfData = "Факт": null

13-01-2025T07:16:07 - [TEST_STEP][PASSED] - PercFactR = GetPercFactR(x = a): null

13-01-2025T07:16:07 - [TEST_STEP][PASSED] - i1 = <not implemented yet for class: org.codehaus.groovy.ast.expr.EmptyExpression>: null

13-01-2025T07:16:07 - [TEST_STEP][PASSED] - ii = <not implemented yet for class: org.codehaus.groovy.ast.expr.EmptyExpression>: null

13-01-2025T07:16:07 - [TEST_STEP][PASSED] - for ([ii = 1, ii < 3, (ii++)]): null

13-01-2025T07:16:07 - [TEST_STEP][PASSED] - i1 = x.indexOf("/") + 1: null

13-01-2025T07:16:07 - [TEST_STEP][PASSED] - if (i1 > -1): null

13-01-2025T07:16:07 - [TEST_STEP][PASSED] - x = x.substring(i1, x.length()): null

13-01-2025T07:16:07 - [TEST_STEP][PASSED] - println(x): null

13-01-2025T07:16:07 - [TEST_STEP][PASSED] - i1 = x.indexOf("/") + 1: null

13-01-2025T07:16:07 - [TEST_STEP][PASSED] - if (i1 > -1): null

13-01-2025T07:16:07 - [TEST_STEP][PASSED] - x = x.substring(i1, x.length()): null

13-01-2025T07:16:07 - [TEST_STEP][PASSED] - println(x): null

13-01-2025T07:16:07 - [TEST_STEP][PASSED] - i1 = x.indexOf("/"): null

13-01-2025T07:16:07 - [TEST_STEP][PASSED] - if (i1 > -1): null

13-01-2025T07:16:07 - [TEST_STEP][PASSED] - x = x.substring(0, i1): null

13-01-2025T07:16:07 - [TEST_STEP][PASSED] - println(x): null

13-01-2025T07:16:07 - [TEST_STEP][PASSED] - return x: null

13-01-2025T07:16:07 - [TEST_STEP][PASSED] - PercFactB = GetPercFactB(x = b): null

13-01-2025T07:16:07 - [TEST_STEP][PASSED] - i1 = <not implemented yet for class: org.codehaus.groovy.ast.expr.EmptyExpression>: null

13-01-2025T07:16:07 - [TEST_STEP][PASSED] - ii = <not implemented yet for class: org.codehaus.groovy.ast.expr.EmptyExpression>: null

13-01-2025T07:16:07 - [TEST_STEP][PASSED] - for ([ii = 1, ii < 3, (ii++)]): null

13-01-2025T07:16:07 - [TEST_STEP][PASSED] - i1 = x.indexOf("/") + 1: null

13-01-2025T07:16:07 - [TEST_STEP][PASSED] - if (i1 > -1): null

13-01-2025T07:16:07 - [TEST_STEP][PASSED] - x = x.substring(i1, x.length()): null

13-01-2025T07:16:07 - [TEST_STEP][PASSED] - println(x): null

13-01-2025T07:16:07 - [TEST_STEP][PASSED] - i1 = x.indexOf("/") + 1: null

13-01-2025T07:16:07 - [TEST_STEP][PASSED] - if (i1 > -1): null

13-01-2025T07:16:07 - [TEST_STEP][PASSED] - x = x.substring(i1, x.length()): null

13-01-2025T07:16:07 - [TEST_STEP][PASSED] - println(x): null

13-01-2025T07:16:07 - [TEST_STEP][PASSED] - i1 = x.indexOf("/"): null

13-01-2025T07:16:07 - [TEST_STEP][PASSED] - if (i1 > -1): null

13-01-2025T07:16:07 - [TEST_STEP][PASSED] - x = x.substring(0, i1): null

13-01-2025T07:16:07 - [TEST_STEP][PASSED] - println(x): null

13-01-2025T07:16:07 - [TEST_STEP][FAILED] - return x: null

13-01-2025T07:16:07 - [TEST_STEP][FAILED] - if (verifyEqual(PercFactR, PercFactB) == false): null

13-01-2025T07:16:07 - [MESSAGE][FAILED] - Unable to verify equal between actual object 'нет данных' and expected object '9.00' (Root cause: com.kms.katalon.core.exception.StepFailedException: Actual object 'нет данных' and expected object '9.00' are not equal
	at com.kms.katalon.core.keyword.builtin.VerifyEqualKeyword$_verifyEqual_closure1.doCall(VerifyEqualKeyword.groovy:58)
	at com.kms.katalon.core.keyword.builtin.VerifyEqualKeyword$_verifyEqual_closure1.call(VerifyEqualKeyword.groovy)
	at com.kms.katalon.core.keyword.internal.KeywordMain.runKeyword(KeywordMain.groovy:75)
	at com.kms.katalon.core.keyword.builtin.VerifyEqualKeyword.verifyEqual(VerifyEqualKeyword.groovy:63)
	at com.kms.katalon.core.keyword.builtin.VerifyEqualKeyword.execute(VerifyEqualKeyword.groovy:44)
	at com.kms.katalon.core.keyword.internal.KeywordExecutor.executeKeywordForPlatform(KeywordExecutor.groovy:74)
	at com.kms.katalon.core.keyword.BuiltinKeywords.verifyEqual(BuiltinKeywords.groovy:146)
	at jdk.internal.reflect.GeneratedMethodAccessor25.invoke(Unknown Source)
	at java.base/jdk.internal.reflect.DelegatingMethodAccessorImpl.invoke(DelegatingMethodAccessorImpl.java:43)
	at Выполнение бизнес-плана сверка дашбордов - Copy.CompareDZOData(Выполнение бизнес-плана сверка дашбордов - Copy:693)
	at Выполнение бизнес-плана сверка дашбордов - Copy.run(Выполнение бизнес-плана сверка дашбордов - Copy:663)
	at com.kms.katalon.core.main.ScriptEngine.run(ScriptEngine.java:194)
	at com.kms.katalon.core.main.ScriptEngine.runScriptAsRawText(ScriptEngine.java:119)
	at com.kms.katalon.core.main.TestCaseExecutor.runScript(TestCaseExecutor.java:448)
	at com.kms.katalon.core.main.TestCaseExecutor.doExecute(TestCaseExecutor.java:439)
	at com.kms.katalon.core.main.TestCaseExecutor.processExecutionPhase(TestCaseExecutor.java:418)
	at com.kms.katalon.core.main.TestCaseExecutor.accessMainPhase(TestCaseExecutor.java:410)
	at com.kms.katalon.core.main.TestCaseExecutor.execute(TestCaseExecutor.java:285)
	at com.kms.katalon.core.common.CommonExecutor.accessTestCaseMainPhase(CommonExecutor.java:65)
	at com.kms.katalon.core.main.TestSuiteExecutor.accessTestSuiteMainPhase(TestSuiteExecutor.java:150)
	at com.kms.katalon.core.main.TestSuiteExecutor.execute(TestSuiteExecutor.java:106)
	at com.kms.katalon.core.main.TestCaseMain.startTestSuite(TestCaseMain.java:180)
	at TempTestSuite1736740835951.run(TempTestSuite1736740835951.groovy:35)
	at java.base/jdk.internal.reflect.NativeMethodAccessorImpl.invoke0(Native Method)
	at java.base/jdk.internal.reflect.NativeMethodAccessorImpl.invoke(NativeMethodAccessorImpl.java:77)
	at java.base/jdk.internal.reflect.DelegatingMethodAccessorImpl.invoke(DelegatingMethodAccessorImpl.java:43)
)

13-01-2025T07:16:07 - [TEST_STEP][PASSED] - result = WriteToExcel(typeOfData, todaysDate, PercPlanR, PercPlanB, PercFactR, PercFactB, x, tabR, tabB, o1R, o1B, vidget): null

13-01-2025T07:16:07 - [TEST_STEP][PASSED] - iii = dZO.indexOf("/"): null

13-01-2025T07:16:07 - [TEST_STEP][PASSED] - println(iii): null

13-01-2025T07:16:07 - [TEST_STEP][PASSED] - dZO = dZO.substring(0, iii): null

13-01-2025T07:16:07 - [TEST_STEP][PASSED] - println(dZO): null

13-01-2025T07:16:07 - [TEST_STEP][PASSED] - println(PercPlanR): null

13-01-2025T07:16:07 - [TEST_STEP][PASSED] - println(PercPlanB): null

13-01-2025T07:16:07 - [TEST_STEP][PASSED] - println(PercFactR): null

13-01-2025T07:16:07 - [TEST_STEP][PASSED] - println(PercFactB): null

13-01-2025T07:16:07 - [TEST_STEP][PASSED] - println(tabR): null

13-01-2025T07:16:07 - [TEST_STEP][PASSED] - println(tabB): null

13-01-2025T07:16:07 - [TEST_STEP][PASSED] - println(o1R): null

13-01-2025T07:16:07 - [TEST_STEP][PASSED] - println(o1B): null

13-01-2025T07:16:07 - [TEST_STEP][PASSED] - PR = <not implemented yet for class: org.codehaus.groovy.ast.expr.EmptyExpression>: null

13-01-2025T07:16:07 - [TEST_STEP][PASSED] - FR = <not implemented yet for class: org.codehaus.groovy.ast.expr.EmptyExpression>: null

13-01-2025T07:16:07 - [TEST_STEP][PASSED] - PB = <not implemented yet for class: org.codehaus.groovy.ast.expr.EmptyExpression>: null

13-01-2025T07:16:07 - [TEST_STEP][PASSED] - FB = <not implemented yet for class: org.codehaus.groovy.ast.expr.EmptyExpression>: null

13-01-2025T07:16:07 - [TEST_STEP][PASSED] - TR = <not implemented yet for class: org.codehaus.groovy.ast.expr.EmptyExpression>: null

13-01-2025T07:16:07 - [TEST_STEP][PASSED] - TB = <not implemented yet for class: org.codehaus.groovy.ast.expr.EmptyExpression>: null

13-01-2025T07:16:07 - [TEST_STEP][PASSED] - sheetName = "Sheet1": null

13-01-2025T07:16:07 - [TEST_STEP][PASSED] - data = findTestData("PlanFact"): null

13-01-2025T07:16:07 - [TEST_STEP][PASSED] - n = data.getRowNumbers() + 1: null

13-01-2025T07:16:07 - [TEST_STEP][PASSED] - year = todaysDate.substring(todaysDate.length() - 4, todaysDate.length()): null

13-01-2025T07:16:07 - [TEST_STEP][PASSED] - y = year.toInteger(): null

13-01-2025T07:16:07 - [TEST_STEP][PASSED] - m = getText(findTestObject("Выполнение бизнес-плана/Выполнение бизнес-плана Балансы/Фильтр Дата")): Text of object 'Object Repository/Выполнение бизнес-плана/Выполнение бизнес-плана Балансы/Фильтр Дата' is: '1, 2, 3 кв., Октябрь, Ноябрь 2024 года'

13-01-2025T07:16:07 - [MESSAGE][PASSED] - Text of object 'Object Repository/Выполнение бизнес-плана/Выполнение бизнес-плана Балансы/Фильтр Дата' is: '1, 2, 3 кв., Октябрь, Ноябрь 2024 года'

13-01-2025T07:16:07 - [TEST_STEP][PASSED] - m = m.substring(0, m.indexOf("2024")): null

13-01-2025T07:16:07 - [TEST_STEP][PASSED] - m = m.trim(): null

13-01-2025T07:16:07 - [TEST_STEP][PASSED] - dashboardName = "Выполнение бизнес-плана": null

13-01-2025T07:16:07 - [TEST_STEP][PASSED] - workbook01 = getWorkbook(excelFilePath): null

13-01-2025T07:16:07 - [TEST_STEP][PASSED] - sheet01 = getExcelSheet(workbook01, sheetName): null

13-01-2025T07:16:07 - [TEST_STEP][PASSED] - setValueToCellByIndex(sheet01, n, 0, dashboardName): null

13-01-2025T07:16:07 - [TEST_STEP][PASSED] - setValueToCellByIndex(sheet01, n, 1, dZO): null

13-01-2025T07:16:07 - [TEST_STEP][PASSED] - setValueToCellByIndex(sheet01, n, 2, typeOfData): null

13-01-2025T07:16:07 - [TEST_STEP][PASSED] - setValueToCellByIndex(sheet01, n, 3, typeOfData): null

13-01-2025T07:16:07 - [TEST_STEP][PASSED] - if (typeOfData == "План"): null

13-01-2025T07:16:07 - [TEST_STEP][PASSED] - else if (typeOfData == "Факт"): null

13-01-2025T07:16:07 - [TEST_STEP][PASSED] - if (PercFactR == null): null

13-01-2025T07:16:07 - [TEST_STEP][PASSED] - else: null

13-01-2025T07:16:07 - [TEST_STEP][PASSED] - if (PercFactR == "нет данных"): null

13-01-2025T07:16:07 - [TEST_STEP][PASSED] - setValueToCellByIndex(sheet01, n, 4, "нет данных"): null

13-01-2025T07:16:07 - [TEST_STEP][PASSED] - if (PercFactB == null): null

13-01-2025T07:16:07 - [TEST_STEP][PASSED] - else: null

13-01-2025T07:16:07 - [TEST_STEP][PASSED] - if (PercFactB == "нет данных"): null

13-01-2025T07:16:07 - [TEST_STEP][PASSED] - else: null

13-01-2025T07:16:07 - [TEST_STEP][PASSED] - FB = PercFactB.toDouble(): null

13-01-2025T07:16:07 - [TEST_STEP][PASSED] - setValueToCellByIndex(sheet01, n, 5, FB): null

13-01-2025T07:16:07 - [TEST_STEP][PASSED] - setValueToCellByIndex(sheet01, n, 6, m): null

13-01-2025T07:16:07 - [TEST_STEP][PASSED] - setValueToCellByIndex(sheet01, n, 7, y): null

13-01-2025T07:16:07 - [TEST_STEP][PASSED] - setValueToCellByIndex(sheet01, n, 8, todaysDate): null

13-01-2025T07:16:07 - [TEST_STEP][PASSED] - n = n + 1: null

13-01-2025T07:16:07 - [TEST_STEP][PASSED] - saveWorkbook(excelFilePath, workbook01): null

13-01-2025T07:16:08 - [TEST_STEP][PASSED] - vidget = "Показатели баланса электроэнергии по ДЗО – Факт": null

13-01-2025T07:16:08 - [TEST_STEP][PASSED] - typeOfData = "Факт Отпуск в сеть": null

13-01-2025T07:16:08 - [TEST_STEP][PASSED] - tabR = GetOvSFactR(x = a): null

13-01-2025T07:16:08 - [TEST_STEP][PASSED] - i1 = <not implemented yet for class: org.codehaus.groovy.ast.expr.EmptyExpression>: null

13-01-2025T07:16:08 - [TEST_STEP][PASSED] - ii = <not implemented yet for class: org.codehaus.groovy.ast.expr.EmptyExpression>: null

13-01-2025T07:16:08 - [TEST_STEP][PASSED] - for ([ii = 1, ii < 4, (ii++)]): null

13-01-2025T07:16:08 - [TEST_STEP][PASSED] - i1 = x.indexOf("/") + 1: null

13-01-2025T07:16:08 - [TEST_STEP][PASSED] - if (i1 > -1): null

13-01-2025T07:16:08 - [TEST_STEP][PASSED] - x = x.substring(i1, x.length()): null

13-01-2025T07:16:08 - [TEST_STEP][PASSED] - println(x): null

13-01-2025T07:16:08 - [TEST_STEP][PASSED] - i1 = x.indexOf("/") + 1: null

13-01-2025T07:16:08 - [TEST_STEP][PASSED] - if (i1 > -1): null

13-01-2025T07:16:08 - [TEST_STEP][PASSED] - x = x.substring(i1, x.length()): null

13-01-2025T07:16:08 - [TEST_STEP][PASSED] - println(x): null

13-01-2025T07:16:08 - [TEST_STEP][PASSED] - i1 = x.indexOf("/") + 1: null

13-01-2025T07:16:08 - [TEST_STEP][PASSED] - if (i1 > -1): null

13-01-2025T07:16:08 - [TEST_STEP][PASSED] - x = x.substring(i1, x.length()): null

13-01-2025T07:16:08 - [TEST_STEP][PASSED] - println(x): null

13-01-2025T07:16:08 - [TEST_STEP][PASSED] - i1 = x.indexOf("/"): null

13-01-2025T07:16:08 - [TEST_STEP][PASSED] - if (i1 > -1): null

13-01-2025T07:16:08 - [TEST_STEP][PASSED] - x = x.substring(0, i1): null

13-01-2025T07:16:08 - [TEST_STEP][PASSED] - println(x): null

13-01-2025T07:16:08 - [TEST_STEP][PASSED] - return x: null

13-01-2025T07:16:08 - [TEST_STEP][PASSED] - tabB = GetOvSFactB(x = b): null

13-01-2025T07:16:08 - [TEST_STEP][PASSED] - i1 = <not implemented yet for class: org.codehaus.groovy.ast.expr.EmptyExpression>: null

13-01-2025T07:16:08 - [TEST_STEP][PASSED] - ii = <not implemented yet for class: org.codehaus.groovy.ast.expr.EmptyExpression>: null

13-01-2025T07:16:08 - [TEST_STEP][PASSED] - for ([ii = 1, ii < 4, (ii++)]): null

13-01-2025T07:16:08 - [TEST_STEP][PASSED] - i1 = x.indexOf("/") + 1: null

13-01-2025T07:16:08 - [TEST_STEP][PASSED] - if (i1 > -1): null

13-01-2025T07:16:08 - [TEST_STEP][PASSED] - x = x.substring(i1, x.length()): null

13-01-2025T07:16:08 - [TEST_STEP][PASSED] - println(x): null

13-01-2025T07:16:08 - [TEST_STEP][PASSED] - i1 = x.indexOf("/") + 1: null

13-01-2025T07:16:08 - [TEST_STEP][PASSED] - if (i1 > -1): null

13-01-2025T07:16:08 - [TEST_STEP][PASSED] - x = x.substring(i1, x.length()): null

13-01-2025T07:16:08 - [TEST_STEP][PASSED] - println(x): null

13-01-2025T07:16:08 - [TEST_STEP][PASSED] - i1 = x.indexOf("/") + 1: null

13-01-2025T07:16:08 - [TEST_STEP][PASSED] - if (i1 > -1): null

13-01-2025T07:16:08 - [TEST_STEP][PASSED] - x = x.substring(i1, x.length()): null

13-01-2025T07:16:08 - [TEST_STEP][PASSED] - println(x): null

13-01-2025T07:16:08 - [TEST_STEP][PASSED] - i1 = x.indexOf("/"): null

13-01-2025T07:16:08 - [TEST_STEP][PASSED] - if (i1 > -1): null

13-01-2025T07:16:08 - [TEST_STEP][PASSED] - x = x.substring(0, i1): null

13-01-2025T07:16:08 - [TEST_STEP][PASSED] - println(x): null

13-01-2025T07:16:08 - [TEST_STEP][FAILED] - return x: null

13-01-2025T07:16:08 - [TEST_STEP][FAILED] - if (verifyEqual(tabR, tabB) == false): null

13-01-2025T07:16:08 - [MESSAGE][FAILED] - Unable to verify equal between actual object 'нет данных' and expected object '4181934' (Root cause: com.kms.katalon.core.exception.StepFailedException: Actual object 'нет данных' and expected object '4181934' are not equal
	at com.kms.katalon.core.keyword.builtin.VerifyEqualKeyword$_verifyEqual_closure1.doCall(VerifyEqualKeyword.groovy:58)
	at com.kms.katalon.core.keyword.builtin.VerifyEqualKeyword$_verifyEqual_closure1.call(VerifyEqualKeyword.groovy)
	at com.kms.katalon.core.keyword.internal.KeywordMain.runKeyword(KeywordMain.groovy:75)
	at com.kms.katalon.core.keyword.builtin.VerifyEqualKeyword.verifyEqual(VerifyEqualKeyword.groovy:63)
	at com.kms.katalon.core.keyword.builtin.VerifyEqualKeyword.execute(VerifyEqualKeyword.groovy:44)
	at com.kms.katalon.core.keyword.internal.KeywordExecutor.executeKeywordForPlatform(KeywordExecutor.groovy:74)
	at com.kms.katalon.core.keyword.BuiltinKeywords.verifyEqual(BuiltinKeywords.groovy:146)
	at jdk.internal.reflect.GeneratedMethodAccessor25.invoke(Unknown Source)
	at java.base/jdk.internal.reflect.DelegatingMethodAccessorImpl.invoke(DelegatingMethodAccessorImpl.java:43)
	at Выполнение бизнес-плана сверка дашбордов - Copy.CompareDZOData(Выполнение бизнес-плана сверка дашбордов - Copy:706)
	at Выполнение бизнес-плана сверка дашбордов - Copy.run(Выполнение бизнес-плана сверка дашбордов - Copy:663)
	at com.kms.katalon.core.main.ScriptEngine.run(ScriptEngine.java:194)
	at com.kms.katalon.core.main.ScriptEngine.runScriptAsRawText(ScriptEngine.java:119)
	at com.kms.katalon.core.main.TestCaseExecutor.runScript(TestCaseExecutor.java:448)
	at com.kms.katalon.core.main.TestCaseExecutor.doExecute(TestCaseExecutor.java:439)
	at com.kms.katalon.core.main.TestCaseExecutor.processExecutionPhase(TestCaseExecutor.java:418)
	at com.kms.katalon.core.main.TestCaseExecutor.accessMainPhase(TestCaseExecutor.java:410)
	at com.kms.katalon.core.main.TestCaseExecutor.execute(TestCaseExecutor.java:285)
	at com.kms.katalon.core.common.CommonExecutor.accessTestCaseMainPhase(CommonExecutor.java:65)
	at com.kms.katalon.core.main.TestSuiteExecutor.accessTestSuiteMainPhase(TestSuiteExecutor.java:150)
	at com.kms.katalon.core.main.TestSuiteExecutor.execute(TestSuiteExecutor.java:106)
	at com.kms.katalon.core.main.TestCaseMain.startTestSuite(TestCaseMain.java:180)
	at TempTestSuite1736740835951.run(TempTestSuite1736740835951.groovy:35)
	at java.base/jdk.internal.reflect.NativeMethodAccessorImpl.invoke0(Native Method)
	at java.base/jdk.internal.reflect.NativeMethodAccessorImpl.invoke(NativeMethodAccessorImpl.java:77)
	at java.base/jdk.internal.reflect.DelegatingMethodAccessorImpl.invoke(DelegatingMethodAccessorImpl.java:43)
)

13-01-2025T07:16:08 - [TEST_STEP][PASSED] - result = WriteToExcel(typeOfData, todaysDate, PercPlanR, PercPlanB, PercFactR, PercFactB, x, tabR, tabB, o1R, o1B, vidget): null

13-01-2025T07:16:08 - [TEST_STEP][PASSED] - iii = dZO.indexOf("/"): null

13-01-2025T07:16:08 - [TEST_STEP][PASSED] - println(iii): null

13-01-2025T07:16:08 - [TEST_STEP][PASSED] - dZO = dZO.substring(0, iii): null

13-01-2025T07:16:08 - [TEST_STEP][PASSED] - println(dZO): null

13-01-2025T07:16:08 - [TEST_STEP][PASSED] - println(PercPlanR): null

13-01-2025T07:16:08 - [TEST_STEP][PASSED] - println(PercPlanB): null

13-01-2025T07:16:08 - [TEST_STEP][PASSED] - println(PercFactR): null

13-01-2025T07:16:08 - [TEST_STEP][PASSED] - println(PercFactB): null

13-01-2025T07:16:08 - [TEST_STEP][PASSED] - println(tabR): null

13-01-2025T07:16:08 - [TEST_STEP][PASSED] - println(tabB): null

13-01-2025T07:16:08 - [TEST_STEP][PASSED] - println(o1R): null

13-01-2025T07:16:08 - [TEST_STEP][PASSED] - println(o1B): null

13-01-2025T07:16:08 - [TEST_STEP][PASSED] - PR = <not implemented yet for class: org.codehaus.groovy.ast.expr.EmptyExpression>: null

13-01-2025T07:16:08 - [TEST_STEP][PASSED] - FR = <not implemented yet for class: org.codehaus.groovy.ast.expr.EmptyExpression>: null

13-01-2025T07:16:08 - [TEST_STEP][PASSED] - PB = <not implemented yet for class: org.codehaus.groovy.ast.expr.EmptyExpression>: null

13-01-2025T07:16:08 - [TEST_STEP][PASSED] - FB = <not implemented yet for class: org.codehaus.groovy.ast.expr.EmptyExpression>: null

13-01-2025T07:16:08 - [TEST_STEP][PASSED] - TR = <not implemented yet for class: org.codehaus.groovy.ast.expr.EmptyExpression>: null

13-01-2025T07:16:08 - [TEST_STEP][PASSED] - TB = <not implemented yet for class: org.codehaus.groovy.ast.expr.EmptyExpression>: null

13-01-2025T07:16:08 - [TEST_STEP][PASSED] - sheetName = "Sheet1": null

13-01-2025T07:16:08 - [TEST_STEP][PASSED] - data = findTestData("PlanFact"): null

13-01-2025T07:16:08 - [TEST_STEP][PASSED] - n = data.getRowNumbers() + 1: null

13-01-2025T07:16:08 - [TEST_STEP][PASSED] - year = todaysDate.substring(todaysDate.length() - 4, todaysDate.length()): null

13-01-2025T07:16:08 - [TEST_STEP][PASSED] - y = year.toInteger(): null

13-01-2025T07:16:08 - [TEST_STEP][PASSED] - m = getText(findTestObject("Выполнение бизнес-плана/Выполнение бизнес-плана Балансы/Фильтр Дата")): Text of object 'Object Repository/Выполнение бизнес-плана/Выполнение бизнес-плана Балансы/Фильтр Дата' is: '1, 2, 3 кв., Октябрь, Ноябрь 2024 года'

13-01-2025T07:16:08 - [MESSAGE][PASSED] - Text of object 'Object Repository/Выполнение бизнес-плана/Выполнение бизнес-плана Балансы/Фильтр Дата' is: '1, 2, 3 кв., Октябрь, Ноябрь 2024 года'

13-01-2025T07:16:08 - [TEST_STEP][PASSED] - m = m.substring(0, m.indexOf("2024")): null

13-01-2025T07:16:08 - [TEST_STEP][PASSED] - m = m.trim(): null

13-01-2025T07:16:08 - [TEST_STEP][PASSED] - dashboardName = "Выполнение бизнес-плана": null

13-01-2025T07:16:08 - [TEST_STEP][PASSED] - workbook01 = getWorkbook(excelFilePath): null

13-01-2025T07:16:08 - [TEST_STEP][PASSED] - sheet01 = getExcelSheet(workbook01, sheetName): null

13-01-2025T07:16:08 - [TEST_STEP][PASSED] - setValueToCellByIndex(sheet01, n, 0, dashboardName): null

13-01-2025T07:16:08 - [TEST_STEP][PASSED] - setValueToCellByIndex(sheet01, n, 1, dZO): null

13-01-2025T07:16:08 - [TEST_STEP][PASSED] - setValueToCellByIndex(sheet01, n, 2, typeOfData): null

13-01-2025T07:16:08 - [TEST_STEP][PASSED] - setValueToCellByIndex(sheet01, n, 3, typeOfData): null

13-01-2025T07:16:08 - [TEST_STEP][PASSED] - if (typeOfData == "План"): null

13-01-2025T07:16:08 - [TEST_STEP][PASSED] - else if (typeOfData == "Факт"): null

13-01-2025T07:16:08 - [TEST_STEP][PASSED] - else if (vidget.contains("электроэнергии") == true): null

13-01-2025T07:16:08 - [TEST_STEP][PASSED] - if (tabR == null): null

13-01-2025T07:16:08 - [TEST_STEP][PASSED] - else: null

13-01-2025T07:16:08 - [TEST_STEP][PASSED] - if (tabR == "нет данных"): null

13-01-2025T07:16:08 - [TEST_STEP][PASSED] - setValueToCellByIndex(sheet01, n, 4, "нет данных"): null

13-01-2025T07:16:08 - [TEST_STEP][PASSED] - if (tabB == null): null

13-01-2025T07:16:08 - [TEST_STEP][PASSED] - else: null

13-01-2025T07:16:08 - [TEST_STEP][PASSED] - if (tabB == "нет данных"): null

13-01-2025T07:16:08 - [TEST_STEP][PASSED] - else: null

13-01-2025T07:16:08 - [TEST_STEP][PASSED] - TB = tabB.toInteger(): null

13-01-2025T07:16:08 - [TEST_STEP][PASSED] - setValueToCellByIndex(sheet01, n, 5, TB): null

13-01-2025T07:16:08 - [TEST_STEP][PASSED] - setValueToCellByIndex(sheet01, n, 6, m): null

13-01-2025T07:16:08 - [TEST_STEP][PASSED] - setValueToCellByIndex(sheet01, n, 7, y): null

13-01-2025T07:16:08 - [TEST_STEP][PASSED] - setValueToCellByIndex(sheet01, n, 8, todaysDate): null

13-01-2025T07:16:08 - [TEST_STEP][PASSED] - n = n + 1: null

13-01-2025T07:16:08 - [TEST_STEP][PASSED] - saveWorkbook(excelFilePath, workbook01): null

13-01-2025T07:16:08 - [TEST_STEP][PASSED] - typeOfData = "Факт Отпуск из сети": null

13-01-2025T07:16:08 - [TEST_STEP][PASSED] - tabR = GetOiSFactR(x = a): null

13-01-2025T07:16:08 - [TEST_STEP][PASSED] - i1 = <not implemented yet for class: org.codehaus.groovy.ast.expr.EmptyExpression>: null

13-01-2025T07:16:08 - [TEST_STEP][PASSED] - ii = <not implemented yet for class: org.codehaus.groovy.ast.expr.EmptyExpression>: null

13-01-2025T07:16:08 - [TEST_STEP][PASSED] - for ([ii = 1, ii < 5, (ii++)]): null

13-01-2025T07:16:08 - [TEST_STEP][PASSED] - i1 = x.indexOf("/") + 1: null

13-01-2025T07:16:08 - [TEST_STEP][PASSED] - if (i1 > -1): null

13-01-2025T07:16:08 - [TEST_STEP][PASSED] - x = x.substring(i1, x.length()): null

13-01-2025T07:16:08 - [TEST_STEP][PASSED] - println(x): null

13-01-2025T07:16:08 - [TEST_STEP][PASSED] - i1 = x.indexOf("/") + 1: null

13-01-2025T07:16:08 - [TEST_STEP][PASSED] - if (i1 > -1): null

13-01-2025T07:16:08 - [TEST_STEP][PASSED] - x = x.substring(i1, x.length()): null

13-01-2025T07:16:08 - [TEST_STEP][PASSED] - println(x): null

13-01-2025T07:16:08 - [TEST_STEP][PASSED] - i1 = x.indexOf("/") + 1: null

13-01-2025T07:16:08 - [TEST_STEP][PASSED] - if (i1 > -1): null

13-01-2025T07:16:08 - [TEST_STEP][PASSED] - x = x.substring(i1, x.length()): null

13-01-2025T07:16:08 - [TEST_STEP][PASSED] - println(x): null

13-01-2025T07:16:08 - [TEST_STEP][PASSED] - i1 = x.indexOf("/") + 1: null

13-01-2025T07:16:08 - [TEST_STEP][PASSED] - if (i1 > -1): null

13-01-2025T07:16:08 - [TEST_STEP][PASSED] - x = x.substring(i1, x.length()): null

13-01-2025T07:16:08 - [TEST_STEP][PASSED] - println(x): null

13-01-2025T07:16:08 - [TEST_STEP][PASSED] - i1 = x.indexOf("/"): null

13-01-2025T07:16:08 - [TEST_STEP][PASSED] - if (i1 > -1): null

13-01-2025T07:16:08 - [TEST_STEP][PASSED] - x = x.substring(0, i1): null

13-01-2025T07:16:08 - [TEST_STEP][PASSED] - println(x): null

13-01-2025T07:16:08 - [TEST_STEP][PASSED] - return x: null

13-01-2025T07:16:08 - [TEST_STEP][PASSED] - tabB = GetOiSFactB(x = b): null

13-01-2025T07:16:08 - [TEST_STEP][PASSED] - i1 = <not implemented yet for class: org.codehaus.groovy.ast.expr.EmptyExpression>: null

13-01-2025T07:16:08 - [TEST_STEP][PASSED] - ii = <not implemented yet for class: org.codehaus.groovy.ast.expr.EmptyExpression>: null

13-01-2025T07:16:08 - [TEST_STEP][PASSED] - for ([ii = 1, ii < 5, (ii++)]): null

13-01-2025T07:16:08 - [TEST_STEP][PASSED] - i1 = x.indexOf("/") + 1: null

13-01-2025T07:16:08 - [TEST_STEP][PASSED] - if (i1 > -1): null

13-01-2025T07:16:08 - [TEST_STEP][PASSED] - x = x.substring(i1, x.length()): null

13-01-2025T07:16:08 - [TEST_STEP][PASSED] - println(x): null

13-01-2025T07:16:08 - [TEST_STEP][PASSED] - i1 = x.indexOf("/") + 1: null

13-01-2025T07:16:08 - [TEST_STEP][PASSED] - if (i1 > -1): null

13-01-2025T07:16:08 - [TEST_STEP][PASSED] - x = x.substring(i1, x.length()): null

13-01-2025T07:16:08 - [TEST_STEP][PASSED] - println(x): null

13-01-2025T07:16:08 - [TEST_STEP][PASSED] - i1 = x.indexOf("/") + 1: null

13-01-2025T07:16:08 - [TEST_STEP][PASSED] - if (i1 > -1): null

13-01-2025T07:16:08 - [TEST_STEP][PASSED] - x = x.substring(i1, x.length()): null

13-01-2025T07:16:08 - [TEST_STEP][PASSED] - println(x): null

13-01-2025T07:16:08 - [TEST_STEP][PASSED] - i1 = x.indexOf("/") + 1: null

13-01-2025T07:16:08 - [TEST_STEP][PASSED] - if (i1 > -1): null

13-01-2025T07:16:08 - [TEST_STEP][PASSED] - x = x.substring(i1, x.length()): null

13-01-2025T07:16:08 - [TEST_STEP][PASSED] - println(x): null

13-01-2025T07:16:08 - [TEST_STEP][PASSED] - i1 = x.indexOf("/"): null

13-01-2025T07:16:08 - [TEST_STEP][PASSED] - if (i1 > -1): null

13-01-2025T07:16:08 - [TEST_STEP][PASSED] - x = x.substring(0, i1): null

13-01-2025T07:16:08 - [TEST_STEP][PASSED] - println(x): null

13-01-2025T07:16:08 - [TEST_STEP][FAILED] - return x: null

13-01-2025T07:16:08 - [TEST_STEP][FAILED] - if (verifyEqual(tabR, tabB) == false): null

13-01-2025T07:16:08 - [MESSAGE][FAILED] - Unable to verify equal between actual object 'нет данных' and expected object '3807771' (Root cause: com.kms.katalon.core.exception.StepFailedException: Actual object 'нет данных' and expected object '3807771' are not equal
	at com.kms.katalon.core.keyword.builtin.VerifyEqualKeyword$_verifyEqual_closure1.doCall(VerifyEqualKeyword.groovy:58)
	at com.kms.katalon.core.keyword.builtin.VerifyEqualKeyword$_verifyEqual_closure1.call(VerifyEqualKeyword.groovy)
	at com.kms.katalon.core.keyword.internal.KeywordMain.runKeyword(KeywordMain.groovy:75)
	at com.kms.katalon.core.keyword.builtin.VerifyEqualKeyword.verifyEqual(VerifyEqualKeyword.groovy:63)
	at com.kms.katalon.core.keyword.builtin.VerifyEqualKeyword.execute(VerifyEqualKeyword.groovy:44)
	at com.kms.katalon.core.keyword.internal.KeywordExecutor.executeKeywordForPlatform(KeywordExecutor.groovy:74)
	at com.kms.katalon.core.keyword.BuiltinKeywords.verifyEqual(BuiltinKeywords.groovy:146)
	at jdk.internal.reflect.GeneratedMethodAccessor25.invoke(Unknown Source)
	at java.base/jdk.internal.reflect.DelegatingMethodAccessorImpl.invoke(DelegatingMethodAccessorImpl.java:43)
	at Выполнение бизнес-плана сверка дашбордов - Copy.CompareDZOData(Выполнение бизнес-плана сверка дашбордов - Copy:717)
	at Выполнение бизнес-плана сверка дашбордов - Copy.run(Выполнение бизнес-плана сверка дашбордов - Copy:663)
	at com.kms.katalon.core.main.ScriptEngine.run(ScriptEngine.java:194)
	at com.kms.katalon.core.main.ScriptEngine.runScriptAsRawText(ScriptEngine.java:119)
	at com.kms.katalon.core.main.TestCaseExecutor.runScript(TestCaseExecutor.java:448)
	at com.kms.katalon.core.main.TestCaseExecutor.doExecute(TestCaseExecutor.java:439)
	at com.kms.katalon.core.main.TestCaseExecutor.processExecutionPhase(TestCaseExecutor.java:418)
	at com.kms.katalon.core.main.TestCaseExecutor.accessMainPhase(TestCaseExecutor.java:410)
	at com.kms.katalon.core.main.TestCaseExecutor.execute(TestCaseExecutor.java:285)
	at com.kms.katalon.core.common.CommonExecutor.accessTestCaseMainPhase(CommonExecutor.java:65)
	at com.kms.katalon.core.main.TestSuiteExecutor.accessTestSuiteMainPhase(TestSuiteExecutor.java:150)
	at com.kms.katalon.core.main.TestSuiteExecutor.execute(TestSuiteExecutor.java:106)
	at com.kms.katalon.core.main.TestCaseMain.startTestSuite(TestCaseMain.java:180)
	at TempTestSuite1736740835951.run(TempTestSuite1736740835951.groovy:35)
	at java.base/jdk.internal.reflect.NativeMethodAccessorImpl.invoke0(Native Method)
	at java.base/jdk.internal.reflect.NativeMethodAccessorImpl.invoke(NativeMethodAccessorImpl.java:77)
	at java.base/jdk.internal.reflect.DelegatingMethodAccessorImpl.invoke(DelegatingMethodAccessorImpl.java:43)
)

13-01-2025T07:16:08 - [TEST_STEP][PASSED] - result = WriteToExcel(typeOfData, todaysDate, PercPlanR, PercPlanB, PercFactR, PercFactB, x, tabR, tabB, o1R, o1B, vidget): null

13-01-2025T07:16:08 - [TEST_STEP][PASSED] - iii = dZO.indexOf("/"): null

13-01-2025T07:16:08 - [TEST_STEP][PASSED] - println(iii): null

13-01-2025T07:16:08 - [TEST_STEP][PASSED] - dZO = dZO.substring(0, iii): null

13-01-2025T07:16:08 - [TEST_STEP][PASSED] - println(dZO): null

13-01-2025T07:16:08 - [TEST_STEP][PASSED] - println(PercPlanR): null

13-01-2025T07:16:08 - [TEST_STEP][PASSED] - println(PercPlanB): null

13-01-2025T07:16:08 - [TEST_STEP][PASSED] - println(PercFactR): null

13-01-2025T07:16:08 - [TEST_STEP][PASSED] - println(PercFactB): null

13-01-2025T07:16:08 - [TEST_STEP][PASSED] - println(tabR): null

13-01-2025T07:16:08 - [TEST_STEP][PASSED] - println(tabB): null

13-01-2025T07:16:08 - [TEST_STEP][PASSED] - println(o1R): null

13-01-2025T07:16:08 - [TEST_STEP][PASSED] - println(o1B): null

13-01-2025T07:16:08 - [TEST_STEP][PASSED] - PR = <not implemented yet for class: org.codehaus.groovy.ast.expr.EmptyExpression>: null

13-01-2025T07:16:08 - [TEST_STEP][PASSED] - FR = <not implemented yet for class: org.codehaus.groovy.ast.expr.EmptyExpression>: null

13-01-2025T07:16:08 - [TEST_STEP][PASSED] - PB = <not implemented yet for class: org.codehaus.groovy.ast.expr.EmptyExpression>: null

13-01-2025T07:16:08 - [TEST_STEP][PASSED] - FB = <not implemented yet for class: org.codehaus.groovy.ast.expr.EmptyExpression>: null

13-01-2025T07:16:08 - [TEST_STEP][PASSED] - TR = <not implemented yet for class: org.codehaus.groovy.ast.expr.EmptyExpression>: null

13-01-2025T07:16:08 - [TEST_STEP][PASSED] - TB = <not implemented yet for class: org.codehaus.groovy.ast.expr.EmptyExpression>: null

13-01-2025T07:16:08 - [TEST_STEP][PASSED] - sheetName = "Sheet1": null

13-01-2025T07:16:08 - [TEST_STEP][PASSED] - data = findTestData("PlanFact"): null

13-01-2025T07:16:08 - [TEST_STEP][PASSED] - n = data.getRowNumbers() + 1: null

13-01-2025T07:16:08 - [TEST_STEP][PASSED] - year = todaysDate.substring(todaysDate.length() - 4, todaysDate.length()): null

13-01-2025T07:16:08 - [TEST_STEP][PASSED] - y = year.toInteger(): null

13-01-2025T07:16:08 - [TEST_STEP][PASSED] - m = getText(findTestObject("Выполнение бизнес-плана/Выполнение бизнес-плана Балансы/Фильтр Дата")): Text of object 'Object Repository/Выполнение бизнес-плана/Выполнение бизнес-плана Балансы/Фильтр Дата' is: '1, 2, 3 кв., Октябрь, Ноябрь 2024 года'

13-01-2025T07:16:08 - [MESSAGE][PASSED] - Text of object 'Object Repository/Выполнение бизнес-плана/Выполнение бизнес-плана Балансы/Фильтр Дата' is: '1, 2, 3 кв., Октябрь, Ноябрь 2024 года'

13-01-2025T07:16:08 - [TEST_STEP][PASSED] - m = m.substring(0, m.indexOf("2024")): null

13-01-2025T07:16:08 - [TEST_STEP][PASSED] - m = m.trim(): null

13-01-2025T07:16:08 - [TEST_STEP][PASSED] - dashboardName = "Выполнение бизнес-плана": null

13-01-2025T07:16:08 - [TEST_STEP][PASSED] - workbook01 = getWorkbook(excelFilePath): null

13-01-2025T07:16:09 - [TEST_STEP][PASSED] - sheet01 = getExcelSheet(workbook01, sheetName): null

13-01-2025T07:16:09 - [TEST_STEP][PASSED] - setValueToCellByIndex(sheet01, n, 0, dashboardName): null

13-01-2025T07:16:09 - [TEST_STEP][PASSED] - setValueToCellByIndex(sheet01, n, 1, dZO): null

13-01-2025T07:16:09 - [TEST_STEP][PASSED] - setValueToCellByIndex(sheet01, n, 2, typeOfData): null

13-01-2025T07:16:09 - [TEST_STEP][PASSED] - setValueToCellByIndex(sheet01, n, 3, typeOfData): null

13-01-2025T07:16:09 - [TEST_STEP][PASSED] - if (typeOfData == "План"): null

13-01-2025T07:16:09 - [TEST_STEP][PASSED] - else if (typeOfData == "Факт"): null

13-01-2025T07:16:09 - [TEST_STEP][PASSED] - else if (vidget.contains("электроэнергии") == true): null

13-01-2025T07:16:09 - [TEST_STEP][PASSED] - if (tabR == null): null

13-01-2025T07:16:09 - [TEST_STEP][PASSED] - else: null

13-01-2025T07:16:09 - [TEST_STEP][PASSED] - if (tabR == "нет данных"): null

13-01-2025T07:16:09 - [TEST_STEP][PASSED] - setValueToCellByIndex(sheet01, n, 4, "нет данных"): null

13-01-2025T07:16:09 - [TEST_STEP][PASSED] - if (tabB == null): null

13-01-2025T07:16:09 - [TEST_STEP][PASSED] - else: null

13-01-2025T07:16:09 - [TEST_STEP][PASSED] - if (tabB == "нет данных"): null

13-01-2025T07:16:09 - [TEST_STEP][PASSED] - else: null

13-01-2025T07:16:09 - [TEST_STEP][PASSED] - TB = tabB.toInteger(): null

13-01-2025T07:16:09 - [TEST_STEP][PASSED] - setValueToCellByIndex(sheet01, n, 5, TB): null

13-01-2025T07:16:09 - [TEST_STEP][PASSED] - setValueToCellByIndex(sheet01, n, 6, m): null

13-01-2025T07:16:09 - [TEST_STEP][PASSED] - setValueToCellByIndex(sheet01, n, 7, y): null

13-01-2025T07:16:09 - [TEST_STEP][PASSED] - setValueToCellByIndex(sheet01, n, 8, todaysDate): null

13-01-2025T07:16:09 - [TEST_STEP][PASSED] - n = n + 1: null

13-01-2025T07:16:09 - [TEST_STEP][PASSED] - saveWorkbook(excelFilePath, workbook01): null

13-01-2025T07:16:09 - [TEST_STEP][PASSED] - typeOfData = "Факт Потери": null

13-01-2025T07:16:09 - [TEST_STEP][PASSED] - tabR = GetPFactR(x = a): null

13-01-2025T07:16:09 - [TEST_STEP][PASSED] - i1 = <not implemented yet for class: org.codehaus.groovy.ast.expr.EmptyExpression>: null

13-01-2025T07:16:09 - [TEST_STEP][PASSED] - ii = <not implemented yet for class: org.codehaus.groovy.ast.expr.EmptyExpression>: null

13-01-2025T07:16:09 - [TEST_STEP][PASSED] - for ([ii = 1, ii < 6, (ii++)]): null

13-01-2025T07:16:09 - [TEST_STEP][PASSED] - i1 = x.indexOf("/") + 1: null

13-01-2025T07:16:09 - [TEST_STEP][PASSED] - if (i1 > -1): null

13-01-2025T07:16:09 - [TEST_STEP][PASSED] - x = x.substring(i1, x.length()): null

13-01-2025T07:16:09 - [TEST_STEP][PASSED] - println(x): null

13-01-2025T07:16:09 - [TEST_STEP][PASSED] - i1 = x.indexOf("/") + 1: null

13-01-2025T07:16:09 - [TEST_STEP][PASSED] - if (i1 > -1): null

13-01-2025T07:16:09 - [TEST_STEP][PASSED] - x = x.substring(i1, x.length()): null

13-01-2025T07:16:09 - [TEST_STEP][PASSED] - println(x): null

13-01-2025T07:16:09 - [TEST_STEP][PASSED] - i1 = x.indexOf("/") + 1: null

13-01-2025T07:16:09 - [TEST_STEP][PASSED] - if (i1 > -1): null

13-01-2025T07:16:09 - [TEST_STEP][PASSED] - x = x.substring(i1, x.length()): null

13-01-2025T07:16:09 - [TEST_STEP][PASSED] - println(x): null

13-01-2025T07:16:09 - [TEST_STEP][PASSED] - i1 = x.indexOf("/") + 1: null

13-01-2025T07:16:09 - [TEST_STEP][PASSED] - if (i1 > -1): null

13-01-2025T07:16:09 - [TEST_STEP][PASSED] - x = x.substring(i1, x.length()): null

13-01-2025T07:16:09 - [TEST_STEP][PASSED] - println(x): null

13-01-2025T07:16:09 - [TEST_STEP][PASSED] - i1 = x.indexOf("/") + 1: null

13-01-2025T07:16:09 - [TEST_STEP][PASSED] - if (i1 > -1): null

13-01-2025T07:16:09 - [TEST_STEP][PASSED] - x = x.substring(i1, x.length()): null

13-01-2025T07:16:09 - [TEST_STEP][PASSED] - println(x): null

13-01-2025T07:16:09 - [TEST_STEP][PASSED] - i1 = x.indexOf("/"): null

13-01-2025T07:16:09 - [TEST_STEP][PASSED] - if (i1 > -1): null

13-01-2025T07:16:09 - [TEST_STEP][PASSED] - x = x.substring(0, i1): null

13-01-2025T07:16:09 - [TEST_STEP][PASSED] - println(x): null

13-01-2025T07:16:09 - [TEST_STEP][PASSED] - return x: null

13-01-2025T07:16:09 - [TEST_STEP][PASSED] - tabB = GetPFactB(x = b): null

13-01-2025T07:16:09 - [TEST_STEP][PASSED] - i1 = <not implemented yet for class: org.codehaus.groovy.ast.expr.EmptyExpression>: null

13-01-2025T07:16:09 - [TEST_STEP][PASSED] - ii = <not implemented yet for class: org.codehaus.groovy.ast.expr.EmptyExpression>: null

13-01-2025T07:16:09 - [TEST_STEP][PASSED] - for ([ii = 1, ii < 6, (ii++)]): null

13-01-2025T07:16:09 - [TEST_STEP][PASSED] - i1 = x.indexOf("/") + 1: null

13-01-2025T07:16:09 - [TEST_STEP][PASSED] - if (i1 > -1): null

13-01-2025T07:16:09 - [TEST_STEP][PASSED] - x = x.substring(i1, x.length()): null

13-01-2025T07:16:09 - [TEST_STEP][PASSED] - println(x): null

13-01-2025T07:16:09 - [TEST_STEP][PASSED] - i1 = x.indexOf("/") + 1: null

13-01-2025T07:16:09 - [TEST_STEP][PASSED] - if (i1 > -1): null

13-01-2025T07:16:09 - [TEST_STEP][PASSED] - x = x.substring(i1, x.length()): null

13-01-2025T07:16:09 - [TEST_STEP][PASSED] - println(x): null

13-01-2025T07:16:09 - [TEST_STEP][PASSED] - i1 = x.indexOf("/") + 1: null

13-01-2025T07:16:09 - [TEST_STEP][PASSED] - if (i1 > -1): null

13-01-2025T07:16:09 - [TEST_STEP][PASSED] - x = x.substring(i1, x.length()): null

13-01-2025T07:16:09 - [TEST_STEP][PASSED] - println(x): null

13-01-2025T07:16:09 - [TEST_STEP][PASSED] - i1 = x.indexOf("/") + 1: null

13-01-2025T07:16:09 - [TEST_STEP][PASSED] - if (i1 > -1): null

13-01-2025T07:16:09 - [TEST_STEP][PASSED] - x = x.substring(i1, x.length()): null

13-01-2025T07:16:09 - [TEST_STEP][PASSED] - println(x): null

13-01-2025T07:16:09 - [TEST_STEP][PASSED] - i1 = x.indexOf("/") + 1: null

13-01-2025T07:16:09 - [TEST_STEP][PASSED] - if (i1 > -1): null

13-01-2025T07:16:09 - [TEST_STEP][PASSED] - x = x.substring(i1, x.length()): null

13-01-2025T07:16:09 - [TEST_STEP][PASSED] - println(x): null

13-01-2025T07:16:09 - [TEST_STEP][PASSED] - i1 = x.indexOf("/"): null

13-01-2025T07:16:09 - [TEST_STEP][PASSED] - if (i1 > -1): null

13-01-2025T07:16:09 - [TEST_STEP][PASSED] - x = x.substring(0, i1): null

13-01-2025T07:16:09 - [TEST_STEP][PASSED] - println(x): null

13-01-2025T07:16:09 - [TEST_STEP][FAILED] - return x: null

13-01-2025T07:16:09 - [TEST_STEP][PASSED] - println(tabR + "/" + tabB): null

13-01-2025T07:16:09 - [TEST_STEP][FAILED] - if (verifyEqual(tabR, tabB) == false): null

13-01-2025T07:16:09 - [MESSAGE][FAILED] - Unable to verify equal between actual object 'нет данных' and expected object '376375' (Root cause: com.kms.katalon.core.exception.StepFailedException: Actual object 'нет данных' and expected object '376375' are not equal
	at com.kms.katalon.core.keyword.builtin.VerifyEqualKeyword$_verifyEqual_closure1.doCall(VerifyEqualKeyword.groovy:58)
	at com.kms.katalon.core.keyword.builtin.VerifyEqualKeyword$_verifyEqual_closure1.call(VerifyEqualKeyword.groovy)
	at com.kms.katalon.core.keyword.internal.KeywordMain.runKeyword(KeywordMain.groovy:75)
	at com.kms.katalon.core.keyword.builtin.VerifyEqualKeyword.verifyEqual(VerifyEqualKeyword.groovy:63)
	at com.kms.katalon.core.keyword.builtin.VerifyEqualKeyword.execute(VerifyEqualKeyword.groovy:44)
	at com.kms.katalon.core.keyword.internal.KeywordExecutor.executeKeywordForPlatform(KeywordExecutor.groovy:74)
	at com.kms.katalon.core.keyword.BuiltinKeywords.verifyEqual(BuiltinKeywords.groovy:146)
	at jdk.internal.reflect.GeneratedMethodAccessor25.invoke(Unknown Source)
	at java.base/jdk.internal.reflect.DelegatingMethodAccessorImpl.invoke(DelegatingMethodAccessorImpl.java:43)
	at Выполнение бизнес-плана сверка дашбордов - Copy.CompareDZOData(Выполнение бизнес-плана сверка дашбордов - Copy:730)
	at Выполнение бизнес-плана сверка дашбордов - Copy.run(Выполнение бизнес-плана сверка дашбордов - Copy:663)
	at com.kms.katalon.core.main.ScriptEngine.run(ScriptEngine.java:194)
	at com.kms.katalon.core.main.ScriptEngine.runScriptAsRawText(ScriptEngine.java:119)
	at com.kms.katalon.core.main.TestCaseExecutor.runScript(TestCaseExecutor.java:448)
	at com.kms.katalon.core.main.TestCaseExecutor.doExecute(TestCaseExecutor.java:439)
	at com.kms.katalon.core.main.TestCaseExecutor.processExecutionPhase(TestCaseExecutor.java:418)
	at com.kms.katalon.core.main.TestCaseExecutor.accessMainPhase(TestCaseExecutor.java:410)
	at com.kms.katalon.core.main.TestCaseExecutor.execute(TestCaseExecutor.java:285)
	at com.kms.katalon.core.common.CommonExecutor.accessTestCaseMainPhase(CommonExecutor.java:65)
	at com.kms.katalon.core.main.TestSuiteExecutor.accessTestSuiteMainPhase(TestSuiteExecutor.java:150)
	at com.kms.katalon.core.main.TestSuiteExecutor.execute(TestSuiteExecutor.java:106)
	at com.kms.katalon.core.main.TestCaseMain.startTestSuite(TestCaseMain.java:180)
	at TempTestSuite1736740835951.run(TempTestSuite1736740835951.groovy:35)
	at java.base/jdk.internal.reflect.NativeMethodAccessorImpl.invoke0(Native Method)
	at java.base/jdk.internal.reflect.NativeMethodAccessorImpl.invoke(NativeMethodAccessorImpl.java:77)
	at java.base/jdk.internal.reflect.DelegatingMethodAccessorImpl.invoke(DelegatingMethodAccessorImpl.java:43)
)

13-01-2025T07:16:09 - [TEST_STEP][PASSED] - result = WriteToExcel(typeOfData, todaysDate, PercPlanR, PercPlanB, PercFactR, PercFactB, x, tabR, tabB, o1R, o1B, vidget): null

13-01-2025T07:16:09 - [TEST_STEP][PASSED] - iii = dZO.indexOf("/"): null

13-01-2025T07:16:09 - [TEST_STEP][PASSED] - println(iii): null

13-01-2025T07:16:09 - [TEST_STEP][PASSED] - dZO = dZO.substring(0, iii): null

13-01-2025T07:16:09 - [TEST_STEP][PASSED] - println(dZO): null

13-01-2025T07:16:09 - [TEST_STEP][PASSED] - println(PercPlanR): null

13-01-2025T07:16:09 - [TEST_STEP][PASSED] - println(PercPlanB): null

13-01-2025T07:16:09 - [TEST_STEP][PASSED] - println(PercFactR): null

13-01-2025T07:16:09 - [TEST_STEP][PASSED] - println(PercFactB): null

13-01-2025T07:16:09 - [TEST_STEP][PASSED] - println(tabR): null

13-01-2025T07:16:09 - [TEST_STEP][PASSED] - println(tabB): null

13-01-2025T07:16:09 - [TEST_STEP][PASSED] - println(o1R): null

13-01-2025T07:16:09 - [TEST_STEP][PASSED] - println(o1B): null

13-01-2025T07:16:09 - [TEST_STEP][PASSED] - PR = <not implemented yet for class: org.codehaus.groovy.ast.expr.EmptyExpression>: null

13-01-2025T07:16:09 - [TEST_STEP][PASSED] - FR = <not implemented yet for class: org.codehaus.groovy.ast.expr.EmptyExpression>: null

13-01-2025T07:16:09 - [TEST_STEP][PASSED] - PB = <not implemented yet for class: org.codehaus.groovy.ast.expr.EmptyExpression>: null

13-01-2025T07:16:09 - [TEST_STEP][PASSED] - FB = <not implemented yet for class: org.codehaus.groovy.ast.expr.EmptyExpression>: null

13-01-2025T07:16:09 - [TEST_STEP][PASSED] - TR = <not implemented yet for class: org.codehaus.groovy.ast.expr.EmptyExpression>: null

13-01-2025T07:16:09 - [TEST_STEP][PASSED] - TB = <not implemented yet for class: org.codehaus.groovy.ast.expr.EmptyExpression>: null

13-01-2025T07:16:09 - [TEST_STEP][PASSED] - sheetName = "Sheet1": null

13-01-2025T07:16:09 - [TEST_STEP][PASSED] - data = findTestData("PlanFact"): null

13-01-2025T07:16:09 - [TEST_STEP][PASSED] - n = data.getRowNumbers() + 1: null

13-01-2025T07:16:09 - [TEST_STEP][PASSED] - year = todaysDate.substring(todaysDate.length() - 4, todaysDate.length()): null

13-01-2025T07:16:09 - [TEST_STEP][PASSED] - y = year.toInteger(): null

13-01-2025T07:16:09 - [TEST_STEP][PASSED] - m = getText(findTestObject("Выполнение бизнес-плана/Выполнение бизнес-плана Балансы/Фильтр Дата")): Text of object 'Object Repository/Выполнение бизнес-плана/Выполнение бизнес-плана Балансы/Фильтр Дата' is: '1, 2, 3 кв., Октябрь, Ноябрь 2024 года'

13-01-2025T07:16:09 - [MESSAGE][PASSED] - Text of object 'Object Repository/Выполнение бизнес-плана/Выполнение бизнес-плана Балансы/Фильтр Дата' is: '1, 2, 3 кв., Октябрь, Ноябрь 2024 года'

13-01-2025T07:16:09 - [TEST_STEP][PASSED] - m = m.substring(0, m.indexOf("2024")): null

13-01-2025T07:16:09 - [TEST_STEP][PASSED] - m = m.trim(): null

13-01-2025T07:16:09 - [TEST_STEP][PASSED] - dashboardName = "Выполнение бизнес-плана": null

13-01-2025T07:16:09 - [TEST_STEP][PASSED] - workbook01 = getWorkbook(excelFilePath): null

13-01-2025T07:16:09 - [TEST_STEP][PASSED] - sheet01 = getExcelSheet(workbook01, sheetName): null

13-01-2025T07:16:09 - [TEST_STEP][PASSED] - setValueToCellByIndex(sheet01, n, 0, dashboardName): null

13-01-2025T07:16:09 - [TEST_STEP][PASSED] - setValueToCellByIndex(sheet01, n, 1, dZO): null

13-01-2025T07:16:09 - [TEST_STEP][PASSED] - setValueToCellByIndex(sheet01, n, 2, typeOfData): null

13-01-2025T07:16:09 - [TEST_STEP][PASSED] - setValueToCellByIndex(sheet01, n, 3, typeOfData): null

13-01-2025T07:16:09 - [TEST_STEP][PASSED] - if (typeOfData == "План"): null

13-01-2025T07:16:09 - [TEST_STEP][PASSED] - else if (typeOfData == "Факт"): null

13-01-2025T07:16:09 - [TEST_STEP][PASSED] - else if (vidget.contains("электроэнергии") == true): null

13-01-2025T07:16:09 - [TEST_STEP][PASSED] - if (tabR == null): null

13-01-2025T07:16:09 - [TEST_STEP][PASSED] - else: null

13-01-2025T07:16:09 - [TEST_STEP][PASSED] - if (tabR == "нет данных"): null

13-01-2025T07:16:09 - [TEST_STEP][PASSED] - setValueToCellByIndex(sheet01, n, 4, "нет данных"): null

13-01-2025T07:16:09 - [TEST_STEP][PASSED] - if (tabB == null): null

13-01-2025T07:16:09 - [TEST_STEP][PASSED] - else: null

13-01-2025T07:16:09 - [TEST_STEP][PASSED] - if (tabB == "нет данных"): null

13-01-2025T07:16:09 - [TEST_STEP][PASSED] - else: null

13-01-2025T07:16:09 - [TEST_STEP][PASSED] - TB = tabB.toInteger(): null

13-01-2025T07:16:09 - [TEST_STEP][PASSED] - setValueToCellByIndex(sheet01, n, 5, TB): null

13-01-2025T07:16:09 - [TEST_STEP][PASSED] - setValueToCellByIndex(sheet01, n, 6, m): null

13-01-2025T07:16:09 - [TEST_STEP][PASSED] - setValueToCellByIndex(sheet01, n, 7, y): null

13-01-2025T07:16:09 - [TEST_STEP][PASSED] - setValueToCellByIndex(sheet01, n, 8, todaysDate): null

13-01-2025T07:16:09 - [TEST_STEP][PASSED] - n = n + 1: null

13-01-2025T07:16:09 - [TEST_STEP][PASSED] - saveWorkbook(excelFilePath, workbook01): null

13-01-2025T07:16:09 - [TEST_STEP][PASSED] - vidget = "Показатели баланса электроэнергии по ДЗО – План": null

13-01-2025T07:16:09 - [TEST_STEP][PASSED] - typeOfData = "План Отпуск в сеть": null

13-01-2025T07:16:09 - [TEST_STEP][PASSED] - tabR = GetOvSPlanR(x = a): null

13-01-2025T07:16:09 - [TEST_STEP][PASSED] - i1 = <not implemented yet for class: org.codehaus.groovy.ast.expr.EmptyExpression>: null

13-01-2025T07:16:09 - [TEST_STEP][PASSED] - ii = <not implemented yet for class: org.codehaus.groovy.ast.expr.EmptyExpression>: null

13-01-2025T07:16:09 - [TEST_STEP][PASSED] - for ([ii = 1, ii < 7, (ii++)]): null

13-01-2025T07:16:09 - [TEST_STEP][PASSED] - i1 = x.indexOf("/") + 1: null

13-01-2025T07:16:09 - [TEST_STEP][PASSED] - if (i1 > -1): null

13-01-2025T07:16:09 - [TEST_STEP][PASSED] - x = x.substring(i1, x.length()): null

13-01-2025T07:16:09 - [TEST_STEP][PASSED] - println(x): null

13-01-2025T07:16:09 - [TEST_STEP][PASSED] - i1 = x.indexOf("/") + 1: null

13-01-2025T07:16:09 - [TEST_STEP][PASSED] - if (i1 > -1): null

13-01-2025T07:16:09 - [TEST_STEP][PASSED] - x = x.substring(i1, x.length()): null

13-01-2025T07:16:09 - [TEST_STEP][PASSED] - println(x): null

13-01-2025T07:16:09 - [TEST_STEP][PASSED] - i1 = x.indexOf("/") + 1: null

13-01-2025T07:16:09 - [TEST_STEP][PASSED] - if (i1 > -1): null

13-01-2025T07:16:09 - [TEST_STEP][PASSED] - x = x.substring(i1, x.length()): null

13-01-2025T07:16:09 - [TEST_STEP][PASSED] - println(x): null

13-01-2025T07:16:09 - [TEST_STEP][PASSED] - i1 = x.indexOf("/") + 1: null

13-01-2025T07:16:09 - [TEST_STEP][PASSED] - if (i1 > -1): null

13-01-2025T07:16:09 - [TEST_STEP][PASSED] - x = x.substring(i1, x.length()): null

13-01-2025T07:16:09 - [TEST_STEP][PASSED] - println(x): null

13-01-2025T07:16:09 - [TEST_STEP][PASSED] - i1 = x.indexOf("/") + 1: null

13-01-2025T07:16:09 - [TEST_STEP][PASSED] - if (i1 > -1): null

13-01-2025T07:16:09 - [TEST_STEP][PASSED] - x = x.substring(i1, x.length()): null

13-01-2025T07:16:09 - [TEST_STEP][PASSED] - println(x): null

13-01-2025T07:16:09 - [TEST_STEP][PASSED] - i1 = x.indexOf("/") + 1: null

13-01-2025T07:16:09 - [TEST_STEP][PASSED] - if (i1 > -1): null

13-01-2025T07:16:09 - [TEST_STEP][PASSED] - x = x.substring(i1, x.length()): null

13-01-2025T07:16:09 - [TEST_STEP][PASSED] - println(x): null

13-01-2025T07:16:09 - [TEST_STEP][PASSED] - i1 = x.indexOf("/"): null

13-01-2025T07:16:09 - [TEST_STEP][PASSED] - if (i1 > -1): null

13-01-2025T07:16:09 - [TEST_STEP][PASSED] - x = x.substring(0, i1): null

13-01-2025T07:16:09 - [TEST_STEP][PASSED] - println(x): null

13-01-2025T07:16:09 - [TEST_STEP][PASSED] - return x: null

13-01-2025T07:16:09 - [TEST_STEP][PASSED] - tabB = GetOvSPlanB(x = b): null

13-01-2025T07:16:09 - [TEST_STEP][PASSED] - i1 = <not implemented yet for class: org.codehaus.groovy.ast.expr.EmptyExpression>: null

13-01-2025T07:16:09 - [TEST_STEP][PASSED] - ii = <not implemented yet for class: org.codehaus.groovy.ast.expr.EmptyExpression>: null

13-01-2025T07:16:09 - [TEST_STEP][PASSED] - for ([ii = 1, ii < 7, (ii++)]): null

13-01-2025T07:16:09 - [TEST_STEP][PASSED] - i1 = x.indexOf("/") + 1: null

13-01-2025T07:16:09 - [TEST_STEP][PASSED] - if (i1 > -1): null

13-01-2025T07:16:09 - [TEST_STEP][PASSED] - x = x.substring(i1, x.length()): null

13-01-2025T07:16:09 - [TEST_STEP][PASSED] - println(x): null

13-01-2025T07:16:09 - [TEST_STEP][PASSED] - i1 = x.indexOf("/") + 1: null

13-01-2025T07:16:09 - [TEST_STEP][PASSED] - if (i1 > -1): null

13-01-2025T07:16:09 - [TEST_STEP][PASSED] - x = x.substring(i1, x.length()): null

13-01-2025T07:16:09 - [TEST_STEP][PASSED] - println(x): null

13-01-2025T07:16:09 - [TEST_STEP][PASSED] - i1 = x.indexOf("/") + 1: null

13-01-2025T07:16:09 - [TEST_STEP][PASSED] - if (i1 > -1): null

13-01-2025T07:16:09 - [TEST_STEP][PASSED] - x = x.substring(i1, x.length()): null

13-01-2025T07:16:09 - [TEST_STEP][PASSED] - println(x): null

13-01-2025T07:16:09 - [TEST_STEP][PASSED] - i1 = x.indexOf("/") + 1: null

13-01-2025T07:16:09 - [TEST_STEP][PASSED] - if (i1 > -1): null

13-01-2025T07:16:09 - [TEST_STEP][PASSED] - x = x.substring(i1, x.length()): null

13-01-2025T07:16:09 - [TEST_STEP][PASSED] - println(x): null

13-01-2025T07:16:09 - [TEST_STEP][PASSED] - i1 = x.indexOf("/") + 1: null

13-01-2025T07:16:09 - [TEST_STEP][PASSED] - if (i1 > -1): null

13-01-2025T07:16:09 - [TEST_STEP][PASSED] - x = x.substring(i1, x.length()): null

13-01-2025T07:16:09 - [TEST_STEP][PASSED] - println(x): null

13-01-2025T07:16:09 - [TEST_STEP][PASSED] - i1 = x.indexOf("/") + 1: null

13-01-2025T07:16:09 - [TEST_STEP][PASSED] - if (i1 > -1): null

13-01-2025T07:16:09 - [TEST_STEP][PASSED] - x = x.substring(i1, x.length()): null

13-01-2025T07:16:09 - [TEST_STEP][PASSED] - println(x): null

13-01-2025T07:16:09 - [TEST_STEP][PASSED] - i1 = x.indexOf("/"): null

13-01-2025T07:16:09 - [TEST_STEP][PASSED] - if (i1 > -1): null

13-01-2025T07:16:09 - [TEST_STEP][PASSED] - x = x.substring(0, i1): null

13-01-2025T07:16:09 - [TEST_STEP][PASSED] - println(x): null

13-01-2025T07:16:09 - [TEST_STEP][FAILED] - return x: null

13-01-2025T07:16:09 - [TEST_STEP][PASSED] - println(tabR + "/" + tabB): null

13-01-2025T07:16:09 - [TEST_STEP][FAILED] - if (verifyEqual(PercFactR, PercFactB) == false): null

13-01-2025T07:16:09 - [MESSAGE][FAILED] - Unable to verify equal between actual object 'нет данных' and expected object '9.00' (Root cause: com.kms.katalon.core.exception.StepFailedException: Actual object 'нет данных' and expected object '9.00' are not equal
	at com.kms.katalon.core.keyword.builtin.VerifyEqualKeyword$_verifyEqual_closure1.doCall(VerifyEqualKeyword.groovy:58)
	at com.kms.katalon.core.keyword.builtin.VerifyEqualKeyword$_verifyEqual_closure1.call(VerifyEqualKeyword.groovy)
	at com.kms.katalon.core.keyword.internal.KeywordMain.runKeyword(KeywordMain.groovy:75)
	at com.kms.katalon.core.keyword.builtin.VerifyEqualKeyword.verifyEqual(VerifyEqualKeyword.groovy:63)
	at com.kms.katalon.core.keyword.builtin.VerifyEqualKeyword.execute(VerifyEqualKeyword.groovy:44)
	at com.kms.katalon.core.keyword.internal.KeywordExecutor.executeKeywordForPlatform(KeywordExecutor.groovy:74)
	at com.kms.katalon.core.keyword.BuiltinKeywords.verifyEqual(BuiltinKeywords.groovy:146)
	at jdk.internal.reflect.GeneratedMethodAccessor25.invoke(Unknown Source)
	at java.base/jdk.internal.reflect.DelegatingMethodAccessorImpl.invoke(DelegatingMethodAccessorImpl.java:43)
	at Выполнение бизнес-плана сверка дашбордов - Copy.CompareDZOData(Выполнение бизнес-плана сверка дашбордов - Copy:745)
	at Выполнение бизнес-плана сверка дашбордов - Copy.run(Выполнение бизнес-плана сверка дашбордов - Copy:663)
	at com.kms.katalon.core.main.ScriptEngine.run(ScriptEngine.java:194)
	at com.kms.katalon.core.main.ScriptEngine.runScriptAsRawText(ScriptEngine.java:119)
	at com.kms.katalon.core.main.TestCaseExecutor.runScript(TestCaseExecutor.java:448)
	at com.kms.katalon.core.main.TestCaseExecutor.doExecute(TestCaseExecutor.java:439)
	at com.kms.katalon.core.main.TestCaseExecutor.processExecutionPhase(TestCaseExecutor.java:418)
	at com.kms.katalon.core.main.TestCaseExecutor.accessMainPhase(TestCaseExecutor.java:410)
	at com.kms.katalon.core.main.TestCaseExecutor.execute(TestCaseExecutor.java:285)
	at com.kms.katalon.core.common.CommonExecutor.accessTestCaseMainPhase(CommonExecutor.java:65)
	at com.kms.katalon.core.main.TestSuiteExecutor.accessTestSuiteMainPhase(TestSuiteExecutor.java:150)
	at com.kms.katalon.core.main.TestSuiteExecutor.execute(TestSuiteExecutor.java:106)
	at com.kms.katalon.core.main.TestCaseMain.startTestSuite(TestCaseMain.java:180)
	at TempTestSuite1736740835951.run(TempTestSuite1736740835951.groovy:35)
	at java.base/jdk.internal.reflect.NativeMethodAccessorImpl.invoke0(Native Method)
	at java.base/jdk.internal.reflect.NativeMethodAccessorImpl.invoke(NativeMethodAccessorImpl.java:77)
	at java.base/jdk.internal.reflect.DelegatingMethodAccessorImpl.invoke(DelegatingMethodAccessorImpl.java:43)
)

13-01-2025T07:16:09 - [TEST_STEP][PASSED] - result = WriteToExcel(typeOfData, todaysDate, PercPlanR, PercPlanB, PercFactR, PercFactB, x, tabR, tabB, o1R, o1B, vidget): null

13-01-2025T07:16:09 - [TEST_STEP][PASSED] - iii = dZO.indexOf("/"): null

13-01-2025T07:16:09 - [TEST_STEP][PASSED] - println(iii): null

13-01-2025T07:16:09 - [TEST_STEP][PASSED] - dZO = dZO.substring(0, iii): null

13-01-2025T07:16:09 - [TEST_STEP][PASSED] - println(dZO): null

13-01-2025T07:16:09 - [TEST_STEP][PASSED] - println(PercPlanR): null

13-01-2025T07:16:09 - [TEST_STEP][PASSED] - println(PercPlanB): null

13-01-2025T07:16:09 - [TEST_STEP][PASSED] - println(PercFactR): null

13-01-2025T07:16:09 - [TEST_STEP][PASSED] - println(PercFactB): null

13-01-2025T07:16:09 - [TEST_STEP][PASSED] - println(tabR): null

13-01-2025T07:16:09 - [TEST_STEP][PASSED] - println(tabB): null

13-01-2025T07:16:09 - [TEST_STEP][PASSED] - println(o1R): null

13-01-2025T07:16:09 - [TEST_STEP][PASSED] - println(o1B): null

13-01-2025T07:16:09 - [TEST_STEP][PASSED] - PR = <not implemented yet for class: org.codehaus.groovy.ast.expr.EmptyExpression>: null

13-01-2025T07:16:09 - [TEST_STEP][PASSED] - FR = <not implemented yet for class: org.codehaus.groovy.ast.expr.EmptyExpression>: null

13-01-2025T07:16:09 - [TEST_STEP][PASSED] - PB = <not implemented yet for class: org.codehaus.groovy.ast.expr.EmptyExpression>: null

13-01-2025T07:16:09 - [TEST_STEP][PASSED] - FB = <not implemented yet for class: org.codehaus.groovy.ast.expr.EmptyExpression>: null

13-01-2025T07:16:09 - [TEST_STEP][PASSED] - TR = <not implemented yet for class: org.codehaus.groovy.ast.expr.EmptyExpression>: null

13-01-2025T07:16:09 - [TEST_STEP][PASSED] - TB = <not implemented yet for class: org.codehaus.groovy.ast.expr.EmptyExpression>: null

13-01-2025T07:16:09 - [TEST_STEP][PASSED] - sheetName = "Sheet1": null

13-01-2025T07:16:09 - [TEST_STEP][PASSED] - data = findTestData("PlanFact"): null

13-01-2025T07:16:09 - [TEST_STEP][PASSED] - n = data.getRowNumbers() + 1: null

13-01-2025T07:16:09 - [TEST_STEP][PASSED] - year = todaysDate.substring(todaysDate.length() - 4, todaysDate.length()): null

13-01-2025T07:16:09 - [TEST_STEP][PASSED] - y = year.toInteger(): null

13-01-2025T07:16:09 - [TEST_STEP][PASSED] - m = getText(findTestObject("Выполнение бизнес-плана/Выполнение бизнес-плана Балансы/Фильтр Дата")): Text of object 'Object Repository/Выполнение бизнес-плана/Выполнение бизнес-плана Балансы/Фильтр Дата' is: '1, 2, 3 кв., Октябрь, Ноябрь 2024 года'

13-01-2025T07:16:10 - [MESSAGE][PASSED] - Text of object 'Object Repository/Выполнение бизнес-плана/Выполнение бизнес-плана Балансы/Фильтр Дата' is: '1, 2, 3 кв., Октябрь, Ноябрь 2024 года'

13-01-2025T07:16:10 - [TEST_STEP][PASSED] - m = m.substring(0, m.indexOf("2024")): null

13-01-2025T07:16:10 - [TEST_STEP][PASSED] - m = m.trim(): null

13-01-2025T07:16:10 - [TEST_STEP][PASSED] - dashboardName = "Выполнение бизнес-плана": null

13-01-2025T07:16:10 - [TEST_STEP][PASSED] - workbook01 = getWorkbook(excelFilePath): null

13-01-2025T07:16:10 - [TEST_STEP][PASSED] - sheet01 = getExcelSheet(workbook01, sheetName): null

13-01-2025T07:16:10 - [TEST_STEP][PASSED] - setValueToCellByIndex(sheet01, n, 0, dashboardName): null

13-01-2025T07:16:10 - [TEST_STEP][PASSED] - setValueToCellByIndex(sheet01, n, 1, dZO): null

13-01-2025T07:16:10 - [TEST_STEP][PASSED] - setValueToCellByIndex(sheet01, n, 2, typeOfData): null

13-01-2025T07:16:10 - [TEST_STEP][PASSED] - setValueToCellByIndex(sheet01, n, 3, typeOfData): null

13-01-2025T07:16:10 - [TEST_STEP][PASSED] - if (typeOfData == "План"): null

13-01-2025T07:16:10 - [TEST_STEP][PASSED] - else if (typeOfData == "Факт"): null

13-01-2025T07:16:10 - [TEST_STEP][PASSED] - else if (vidget.contains("электроэнергии") == true): null

13-01-2025T07:16:10 - [TEST_STEP][PASSED] - if (tabR == null): null

13-01-2025T07:16:10 - [TEST_STEP][PASSED] - else: null

13-01-2025T07:16:10 - [TEST_STEP][PASSED] - if (tabR == "нет данных"): null

13-01-2025T07:16:10 - [TEST_STEP][PASSED] - setValueToCellByIndex(sheet01, n, 4, "нет данных"): null

13-01-2025T07:16:10 - [TEST_STEP][PASSED] - if (tabB == null): null

13-01-2025T07:16:10 - [TEST_STEP][PASSED] - else: null

13-01-2025T07:16:10 - [TEST_STEP][PASSED] - if (tabB == "нет данных"): null

13-01-2025T07:16:10 - [TEST_STEP][PASSED] - setValueToCellByIndex(sheet01, n, 5, "нет данных"): null

13-01-2025T07:16:10 - [TEST_STEP][PASSED] - setValueToCellByIndex(sheet01, n, 6, m): null

13-01-2025T07:16:10 - [TEST_STEP][PASSED] - setValueToCellByIndex(sheet01, n, 7, y): null

13-01-2025T07:16:10 - [TEST_STEP][PASSED] - setValueToCellByIndex(sheet01, n, 8, todaysDate): null

13-01-2025T07:16:10 - [TEST_STEP][PASSED] - n = n + 1: null

13-01-2025T07:16:10 - [TEST_STEP][PASSED] - saveWorkbook(excelFilePath, workbook01): null

13-01-2025T07:16:10 - [TEST_STEP][PASSED] - typeOfData = "План Отпуск из сети": null

13-01-2025T07:16:10 - [TEST_STEP][PASSED] - tabR = GetOiSPlanR(x = a): null

13-01-2025T07:16:10 - [TEST_STEP][PASSED] - i1 = <not implemented yet for class: org.codehaus.groovy.ast.expr.EmptyExpression>: null

13-01-2025T07:16:10 - [TEST_STEP][PASSED] - ii = <not implemented yet for class: org.codehaus.groovy.ast.expr.EmptyExpression>: null

13-01-2025T07:16:10 - [TEST_STEP][PASSED] - for ([ii = 1, ii < 8, (ii++)]): null

13-01-2025T07:16:10 - [TEST_STEP][PASSED] - i1 = x.indexOf("/") + 1: null

13-01-2025T07:16:10 - [TEST_STEP][PASSED] - if (i1 > -1): null

13-01-2025T07:16:10 - [TEST_STEP][PASSED] - x = x.substring(i1, x.length()): null

13-01-2025T07:16:10 - [TEST_STEP][PASSED] - println(x): null

13-01-2025T07:16:10 - [TEST_STEP][PASSED] - i1 = x.indexOf("/") + 1: null

13-01-2025T07:16:10 - [TEST_STEP][PASSED] - if (i1 > -1): null

13-01-2025T07:16:10 - [TEST_STEP][PASSED] - x = x.substring(i1, x.length()): null

13-01-2025T07:16:10 - [TEST_STEP][PASSED] - println(x): null

13-01-2025T07:16:10 - [TEST_STEP][PASSED] - i1 = x.indexOf("/") + 1: null

13-01-2025T07:16:10 - [TEST_STEP][PASSED] - if (i1 > -1): null

13-01-2025T07:16:10 - [TEST_STEP][PASSED] - x = x.substring(i1, x.length()): null

13-01-2025T07:16:10 - [TEST_STEP][PASSED] - println(x): null

13-01-2025T07:16:10 - [TEST_STEP][PASSED] - i1 = x.indexOf("/") + 1: null

13-01-2025T07:16:10 - [TEST_STEP][PASSED] - if (i1 > -1): null

13-01-2025T07:16:10 - [TEST_STEP][PASSED] - x = x.substring(i1, x.length()): null

13-01-2025T07:16:10 - [TEST_STEP][PASSED] - println(x): null

13-01-2025T07:16:10 - [TEST_STEP][PASSED] - i1 = x.indexOf("/") + 1: null

13-01-2025T07:16:10 - [TEST_STEP][PASSED] - if (i1 > -1): null

13-01-2025T07:16:10 - [TEST_STEP][PASSED] - x = x.substring(i1, x.length()): null

13-01-2025T07:16:10 - [TEST_STEP][PASSED] - println(x): null

13-01-2025T07:16:10 - [TEST_STEP][PASSED] - i1 = x.indexOf("/") + 1: null

13-01-2025T07:16:10 - [TEST_STEP][PASSED] - if (i1 > -1): null

13-01-2025T07:16:10 - [TEST_STEP][PASSED] - x = x.substring(i1, x.length()): null

13-01-2025T07:16:10 - [TEST_STEP][PASSED] - println(x): null

13-01-2025T07:16:10 - [TEST_STEP][PASSED] - i1 = x.indexOf("/") + 1: null

13-01-2025T07:16:10 - [TEST_STEP][PASSED] - if (i1 > -1): null

13-01-2025T07:16:10 - [TEST_STEP][PASSED] - x = x.substring(i1, x.length()): null

13-01-2025T07:16:10 - [TEST_STEP][PASSED] - println(x): null

13-01-2025T07:16:10 - [TEST_STEP][PASSED] - i1 = x.indexOf("/"): null

13-01-2025T07:16:10 - [TEST_STEP][PASSED] - if (i1 > -1): null

13-01-2025T07:16:10 - [TEST_STEP][PASSED] - x = x.substring(0, i1): null

13-01-2025T07:16:10 - [TEST_STEP][PASSED] - println(x): null

13-01-2025T07:16:10 - [TEST_STEP][PASSED] - return x: null

13-01-2025T07:16:10 - [TEST_STEP][PASSED] - tabB = GetOiSPlanB(x = b): null

13-01-2025T07:16:10 - [TEST_STEP][PASSED] - i1 = <not implemented yet for class: org.codehaus.groovy.ast.expr.EmptyExpression>: null

13-01-2025T07:16:10 - [TEST_STEP][PASSED] - ii = <not implemented yet for class: org.codehaus.groovy.ast.expr.EmptyExpression>: null

13-01-2025T07:16:10 - [TEST_STEP][PASSED] - for ([ii = 1, ii < 8, (ii++)]): null

13-01-2025T07:16:10 - [TEST_STEP][PASSED] - i1 = x.indexOf("/") + 1: null

13-01-2025T07:16:10 - [TEST_STEP][PASSED] - if (i1 > -1): null

13-01-2025T07:16:10 - [TEST_STEP][PASSED] - x = x.substring(i1, x.length()): null

13-01-2025T07:16:10 - [TEST_STEP][PASSED] - println(x): null

13-01-2025T07:16:10 - [TEST_STEP][PASSED] - i1 = x.indexOf("/") + 1: null

13-01-2025T07:16:10 - [TEST_STEP][PASSED] - if (i1 > -1): null

13-01-2025T07:16:10 - [TEST_STEP][PASSED] - x = x.substring(i1, x.length()): null

13-01-2025T07:16:10 - [TEST_STEP][PASSED] - println(x): null

13-01-2025T07:16:10 - [TEST_STEP][PASSED] - i1 = x.indexOf("/") + 1: null

13-01-2025T07:16:10 - [TEST_STEP][PASSED] - if (i1 > -1): null

13-01-2025T07:16:10 - [TEST_STEP][PASSED] - x = x.substring(i1, x.length()): null

13-01-2025T07:16:10 - [TEST_STEP][PASSED] - println(x): null

13-01-2025T07:16:10 - [TEST_STEP][PASSED] - i1 = x.indexOf("/") + 1: null

13-01-2025T07:16:10 - [TEST_STEP][PASSED] - if (i1 > -1): null

13-01-2025T07:16:10 - [TEST_STEP][PASSED] - x = x.substring(i1, x.length()): null

13-01-2025T07:16:10 - [TEST_STEP][PASSED] - println(x): null

13-01-2025T07:16:10 - [TEST_STEP][PASSED] - i1 = x.indexOf("/") + 1: null

13-01-2025T07:16:10 - [TEST_STEP][PASSED] - if (i1 > -1): null

13-01-2025T07:16:10 - [TEST_STEP][PASSED] - x = x.substring(i1, x.length()): null

13-01-2025T07:16:10 - [TEST_STEP][PASSED] - println(x): null

13-01-2025T07:16:10 - [TEST_STEP][PASSED] - i1 = x.indexOf("/") + 1: null

13-01-2025T07:16:10 - [TEST_STEP][PASSED] - if (i1 > -1): null

13-01-2025T07:16:10 - [TEST_STEP][PASSED] - x = x.substring(i1, x.length()): null

13-01-2025T07:16:10 - [TEST_STEP][PASSED] - println(x): null

13-01-2025T07:16:10 - [TEST_STEP][PASSED] - i1 = x.indexOf("/") + 1: null

13-01-2025T07:16:10 - [TEST_STEP][PASSED] - if (i1 > -1): null

13-01-2025T07:16:10 - [TEST_STEP][PASSED] - x = x.substring(i1, x.length()): null

13-01-2025T07:16:10 - [TEST_STEP][PASSED] - println(x): null

13-01-2025T07:16:10 - [TEST_STEP][PASSED] - i1 = x.indexOf("/"): null

13-01-2025T07:16:10 - [TEST_STEP][PASSED] - if (i1 > -1): null

13-01-2025T07:16:10 - [TEST_STEP][PASSED] - x = x.substring(0, i1): null

13-01-2025T07:16:10 - [TEST_STEP][PASSED] - println(x): null

13-01-2025T07:16:10 - [TEST_STEP][FAILED] - return x: null

13-01-2025T07:16:10 - [TEST_STEP][PASSED] - println(tabR + "/" + tabB): null

13-01-2025T07:16:10 - [TEST_STEP][FAILED] - if (verifyEqual(PercFactR, PercFactB) == false): null

13-01-2025T07:16:10 - [MESSAGE][FAILED] - Unable to verify equal between actual object 'нет данных' and expected object '9.00' (Root cause: com.kms.katalon.core.exception.StepFailedException: Actual object 'нет данных' and expected object '9.00' are not equal
	at com.kms.katalon.core.keyword.builtin.VerifyEqualKeyword$_verifyEqual_closure1.doCall(VerifyEqualKeyword.groovy:58)
	at com.kms.katalon.core.keyword.builtin.VerifyEqualKeyword$_verifyEqual_closure1.call(VerifyEqualKeyword.groovy)
	at com.kms.katalon.core.keyword.internal.KeywordMain.runKeyword(KeywordMain.groovy:75)
	at com.kms.katalon.core.keyword.builtin.VerifyEqualKeyword.verifyEqual(VerifyEqualKeyword.groovy:63)
	at com.kms.katalon.core.keyword.builtin.VerifyEqualKeyword.execute(VerifyEqualKeyword.groovy:44)
	at com.kms.katalon.core.keyword.internal.KeywordExecutor.executeKeywordForPlatform(KeywordExecutor.groovy:74)
	at com.kms.katalon.core.keyword.BuiltinKeywords.verifyEqual(BuiltinKeywords.groovy:146)
	at jdk.internal.reflect.GeneratedMethodAccessor25.invoke(Unknown Source)
	at java.base/jdk.internal.reflect.DelegatingMethodAccessorImpl.invoke(DelegatingMethodAccessorImpl.java:43)
	at Выполнение бизнес-плана сверка дашбордов - Copy.CompareDZOData(Выполнение бизнес-плана сверка дашбордов - Copy:758)
	at Выполнение бизнес-плана сверка дашбордов - Copy.run(Выполнение бизнес-плана сверка дашбордов - Copy:663)
	at com.kms.katalon.core.main.ScriptEngine.run(ScriptEngine.java:194)
	at com.kms.katalon.core.main.ScriptEngine.runScriptAsRawText(ScriptEngine.java:119)
	at com.kms.katalon.core.main.TestCaseExecutor.runScript(TestCaseExecutor.java:448)
	at com.kms.katalon.core.main.TestCaseExecutor.doExecute(TestCaseExecutor.java:439)
	at com.kms.katalon.core.main.TestCaseExecutor.processExecutionPhase(TestCaseExecutor.java:418)
	at com.kms.katalon.core.main.TestCaseExecutor.accessMainPhase(TestCaseExecutor.java:410)
	at com.kms.katalon.core.main.TestCaseExecutor.execute(TestCaseExecutor.java:285)
	at com.kms.katalon.core.common.CommonExecutor.accessTestCaseMainPhase(CommonExecutor.java:65)
	at com.kms.katalon.core.main.TestSuiteExecutor.accessTestSuiteMainPhase(TestSuiteExecutor.java:150)
	at com.kms.katalon.core.main.TestSuiteExecutor.execute(TestSuiteExecutor.java:106)
	at com.kms.katalon.core.main.TestCaseMain.startTestSuite(TestCaseMain.java:180)
	at TempTestSuite1736740835951.run(TempTestSuite1736740835951.groovy:35)
	at java.base/jdk.internal.reflect.NativeMethodAccessorImpl.invoke0(Native Method)
	at java.base/jdk.internal.reflect.NativeMethodAccessorImpl.invoke(NativeMethodAccessorImpl.java:77)
	at java.base/jdk.internal.reflect.DelegatingMethodAccessorImpl.invoke(DelegatingMethodAccessorImpl.java:43)
)

13-01-2025T07:16:10 - [TEST_STEP][PASSED] - result = WriteToExcel(typeOfData, todaysDate, PercPlanR, PercPlanB, PercFactR, PercFactB, x, tabR, tabB, o1R, o1B, vidget): null

13-01-2025T07:16:10 - [TEST_STEP][PASSED] - iii = dZO.indexOf("/"): null

13-01-2025T07:16:10 - [TEST_STEP][PASSED] - println(iii): null

13-01-2025T07:16:10 - [TEST_STEP][PASSED] - dZO = dZO.substring(0, iii): null

13-01-2025T07:16:10 - [TEST_STEP][PASSED] - println(dZO): null

13-01-2025T07:16:10 - [TEST_STEP][PASSED] - println(PercPlanR): null

13-01-2025T07:16:10 - [TEST_STEP][PASSED] - println(PercPlanB): null

13-01-2025T07:16:10 - [TEST_STEP][PASSED] - println(PercFactR): null

13-01-2025T07:16:10 - [TEST_STEP][PASSED] - println(PercFactB): null

13-01-2025T07:16:10 - [TEST_STEP][PASSED] - println(tabR): null

13-01-2025T07:16:10 - [TEST_STEP][PASSED] - println(tabB): null

13-01-2025T07:16:10 - [TEST_STEP][PASSED] - println(o1R): null

13-01-2025T07:16:10 - [TEST_STEP][PASSED] - println(o1B): null

13-01-2025T07:16:10 - [TEST_STEP][PASSED] - PR = <not implemented yet for class: org.codehaus.groovy.ast.expr.EmptyExpression>: null

13-01-2025T07:16:10 - [TEST_STEP][PASSED] - FR = <not implemented yet for class: org.codehaus.groovy.ast.expr.EmptyExpression>: null

13-01-2025T07:16:10 - [TEST_STEP][PASSED] - PB = <not implemented yet for class: org.codehaus.groovy.ast.expr.EmptyExpression>: null

13-01-2025T07:16:10 - [TEST_STEP][PASSED] - FB = <not implemented yet for class: org.codehaus.groovy.ast.expr.EmptyExpression>: null

13-01-2025T07:16:10 - [TEST_STEP][PASSED] - TR = <not implemented yet for class: org.codehaus.groovy.ast.expr.EmptyExpression>: null

13-01-2025T07:16:10 - [TEST_STEP][PASSED] - TB = <not implemented yet for class: org.codehaus.groovy.ast.expr.EmptyExpression>: null

13-01-2025T07:16:10 - [TEST_STEP][PASSED] - sheetName = "Sheet1": null

13-01-2025T07:16:10 - [TEST_STEP][PASSED] - data = findTestData("PlanFact"): null

13-01-2025T07:16:10 - [TEST_STEP][PASSED] - n = data.getRowNumbers() + 1: null

13-01-2025T07:16:10 - [TEST_STEP][PASSED] - year = todaysDate.substring(todaysDate.length() - 4, todaysDate.length()): null

13-01-2025T07:16:10 - [TEST_STEP][PASSED] - y = year.toInteger(): null

13-01-2025T07:16:10 - [TEST_STEP][PASSED] - m = getText(findTestObject("Выполнение бизнес-плана/Выполнение бизнес-плана Балансы/Фильтр Дата")): Text of object 'Object Repository/Выполнение бизнес-плана/Выполнение бизнес-плана Балансы/Фильтр Дата' is: '1, 2, 3 кв., Октябрь, Ноябрь 2024 года'

13-01-2025T07:16:10 - [MESSAGE][PASSED] - Text of object 'Object Repository/Выполнение бизнес-плана/Выполнение бизнес-плана Балансы/Фильтр Дата' is: '1, 2, 3 кв., Октябрь, Ноябрь 2024 года'

13-01-2025T07:16:10 - [TEST_STEP][PASSED] - m = m.substring(0, m.indexOf("2024")): null

13-01-2025T07:16:10 - [TEST_STEP][PASSED] - m = m.trim(): null

13-01-2025T07:16:10 - [TEST_STEP][PASSED] - dashboardName = "Выполнение бизнес-плана": null

13-01-2025T07:16:10 - [TEST_STEP][PASSED] - workbook01 = getWorkbook(excelFilePath): null

13-01-2025T07:16:10 - [TEST_STEP][PASSED] - sheet01 = getExcelSheet(workbook01, sheetName): null

13-01-2025T07:16:10 - [TEST_STEP][PASSED] - setValueToCellByIndex(sheet01, n, 0, dashboardName): null

13-01-2025T07:16:10 - [TEST_STEP][PASSED] - setValueToCellByIndex(sheet01, n, 1, dZO): null

13-01-2025T07:16:10 - [TEST_STEP][PASSED] - setValueToCellByIndex(sheet01, n, 2, typeOfData): null

13-01-2025T07:16:10 - [TEST_STEP][PASSED] - setValueToCellByIndex(sheet01, n, 3, typeOfData): null

13-01-2025T07:16:10 - [TEST_STEP][PASSED] - if (typeOfData == "План"): null

13-01-2025T07:16:10 - [TEST_STEP][PASSED] - else if (typeOfData == "Факт"): null

13-01-2025T07:16:10 - [TEST_STEP][PASSED] - else if (vidget.contains("электроэнергии") == true): null

13-01-2025T07:16:10 - [TEST_STEP][PASSED] - if (tabR == null): null

13-01-2025T07:16:10 - [TEST_STEP][PASSED] - else: null

13-01-2025T07:16:10 - [TEST_STEP][PASSED] - if (tabR == "нет данных"): null

13-01-2025T07:16:10 - [TEST_STEP][PASSED] - setValueToCellByIndex(sheet01, n, 4, "нет данных"): null

13-01-2025T07:16:10 - [TEST_STEP][PASSED] - if (tabB == null): null

13-01-2025T07:16:10 - [TEST_STEP][PASSED] - else: null

13-01-2025T07:16:10 - [TEST_STEP][PASSED] - if (tabB == "нет данных"): null

13-01-2025T07:16:10 - [TEST_STEP][PASSED] - setValueToCellByIndex(sheet01, n, 5, "нет данных"): null

13-01-2025T07:16:10 - [TEST_STEP][PASSED] - setValueToCellByIndex(sheet01, n, 6, m): null

13-01-2025T07:16:10 - [TEST_STEP][PASSED] - setValueToCellByIndex(sheet01, n, 7, y): null

13-01-2025T07:16:10 - [TEST_STEP][PASSED] - setValueToCellByIndex(sheet01, n, 8, todaysDate): null

13-01-2025T07:16:10 - [TEST_STEP][PASSED] - n = n + 1: null

13-01-2025T07:16:10 - [TEST_STEP][PASSED] - saveWorkbook(excelFilePath, workbook01): null

13-01-2025T07:16:11 - [TEST_STEP][PASSED] - typeOfData = "План Потери": null

13-01-2025T07:16:11 - [TEST_STEP][PASSED] - tabR = GetPPlanR(x = a): null

13-01-2025T07:16:11 - [TEST_STEP][PASSED] - i1 = <not implemented yet for class: org.codehaus.groovy.ast.expr.EmptyExpression>: null

13-01-2025T07:16:11 - [TEST_STEP][PASSED] - ii = <not implemented yet for class: org.codehaus.groovy.ast.expr.EmptyExpression>: null

13-01-2025T07:16:11 - [TEST_STEP][PASSED] - for ([ii = 1, ii < 9, (ii++)]): null

13-01-2025T07:16:11 - [TEST_STEP][PASSED] - i1 = x.indexOf("/") + 1: null

13-01-2025T07:16:11 - [TEST_STEP][PASSED] - if (i1 > -1): null

13-01-2025T07:16:11 - [TEST_STEP][PASSED] - x = x.substring(i1, x.length()): null

13-01-2025T07:16:11 - [TEST_STEP][PASSED] - println(x): null

13-01-2025T07:16:11 - [TEST_STEP][PASSED] - i1 = x.indexOf("/") + 1: null

13-01-2025T07:16:11 - [TEST_STEP][PASSED] - if (i1 > -1): null

13-01-2025T07:16:11 - [TEST_STEP][PASSED] - x = x.substring(i1, x.length()): null

13-01-2025T07:16:11 - [TEST_STEP][PASSED] - println(x): null

13-01-2025T07:16:11 - [TEST_STEP][PASSED] - i1 = x.indexOf("/") + 1: null

13-01-2025T07:16:11 - [TEST_STEP][PASSED] - if (i1 > -1): null

13-01-2025T07:16:11 - [TEST_STEP][PASSED] - x = x.substring(i1, x.length()): null

13-01-2025T07:16:11 - [TEST_STEP][PASSED] - println(x): null

13-01-2025T07:16:11 - [TEST_STEP][PASSED] - i1 = x.indexOf("/") + 1: null

13-01-2025T07:16:11 - [TEST_STEP][PASSED] - if (i1 > -1): null

13-01-2025T07:16:11 - [TEST_STEP][PASSED] - x = x.substring(i1, x.length()): null

13-01-2025T07:16:11 - [TEST_STEP][PASSED] - println(x): null

13-01-2025T07:16:11 - [TEST_STEP][PASSED] - i1 = x.indexOf("/") + 1: null

13-01-2025T07:16:11 - [TEST_STEP][PASSED] - if (i1 > -1): null

13-01-2025T07:16:11 - [TEST_STEP][PASSED] - x = x.substring(i1, x.length()): null

13-01-2025T07:16:11 - [TEST_STEP][PASSED] - println(x): null

13-01-2025T07:16:11 - [TEST_STEP][PASSED] - i1 = x.indexOf("/") + 1: null

13-01-2025T07:18:07 - [TEST_STEP][PASSED] - if (i1 > -1): null

13-01-2025T07:18:07 - [TEST_STEP][PASSED] - x = x.substring(i1, x.length()): null

13-01-2025T07:18:07 - [TEST_STEP][PASSED] - println(x): null

13-01-2025T07:18:07 - [TEST_STEP][PASSED] - i1 = x.indexOf("/") + 1: null

13-01-2025T07:18:07 - [TEST_STEP][PASSED] - if (i1 > -1): null

13-01-2025T07:18:07 - [TEST_STEP][PASSED] - x = x.substring(i1, x.length()): null

13-01-2025T07:18:07 - [TEST_STEP][PASSED] - println(x): null

13-01-2025T07:18:07 - [TEST_STEP][PASSED] - i1 = x.indexOf("/") + 1: null

13-01-2025T07:18:07 - [TEST_STEP][PASSED] - if (i1 > -1): null

13-01-2025T07:18:07 - [TEST_STEP][PASSED] - x = x.substring(i1, x.length()): null

13-01-2025T07:18:07 - [TEST_STEP][PASSED] - println(x): null

13-01-2025T07:18:07 - [TEST_STEP][PASSED] - i1 = x.indexOf("/"): null

13-01-2025T07:18:07 - [TEST_STEP][PASSED] - if (i1 > -1): null

13-01-2025T07:18:07 - [TEST_STEP][PASSED] - x = x.substring(0, i1): null

13-01-2025T07:18:07 - [TEST_STEP][PASSED] - println(x): null

13-01-2025T07:18:07 - [TEST_STEP][PASSED] - return x: null

13-01-2025T07:18:07 - [TEST_STEP][PASSED] - tabB = GetPPlanB(x = b): null

13-01-2025T07:18:07 - [TEST_STEP][PASSED] - i1 = <not implemented yet for class: org.codehaus.groovy.ast.expr.EmptyExpression>: null

13-01-2025T07:18:07 - [TEST_STEP][PASSED] - ii = <not implemented yet for class: org.codehaus.groovy.ast.expr.EmptyExpression>: null

13-01-2025T07:18:07 - [TEST_STEP][PASSED] - for ([ii = 1, ii < 9, (ii++)]): null

13-01-2025T07:18:07 - [TEST_STEP][PASSED] - i1 = x.indexOf("/") + 1: null

13-01-2025T07:18:07 - [TEST_STEP][PASSED] - if (i1 > -1): null

13-01-2025T07:18:07 - [TEST_STEP][PASSED] - x = x.substring(i1, x.length()): null

13-01-2025T07:18:07 - [TEST_STEP][PASSED] - println(x): null

13-01-2025T07:18:07 - [TEST_STEP][PASSED] - i1 = x.indexOf("/") + 1: null

13-01-2025T07:18:07 - [TEST_STEP][PASSED] - if (i1 > -1): null

13-01-2025T07:18:07 - [TEST_STEP][PASSED] - x = x.substring(i1, x.length()): null

13-01-2025T07:18:07 - [TEST_STEP][PASSED] - println(x): null

13-01-2025T07:18:07 - [TEST_STEP][PASSED] - i1 = x.indexOf("/") + 1: null

13-01-2025T07:18:07 - [TEST_STEP][PASSED] - if (i1 > -1): null

13-01-2025T07:18:07 - [TEST_STEP][PASSED] - x = x.substring(i1, x.length()): null

13-01-2025T07:18:07 - [TEST_STEP][PASSED] - println(x): null

13-01-2025T07:18:07 - [TEST_STEP][PASSED] - i1 = x.indexOf("/") + 1: null

13-01-2025T07:18:07 - [TEST_STEP][PASSED] - if (i1 > -1): null

13-01-2025T07:18:07 - [TEST_STEP][PASSED] - x = x.substring(i1, x.length()): null

13-01-2025T07:18:07 - [TEST_STEP][PASSED] - println(x): null

13-01-2025T07:18:07 - [TEST_STEP][PASSED] - i1 = x.indexOf("/") + 1: null

13-01-2025T07:18:07 - [TEST_STEP][PASSED] - if (i1 > -1): null

13-01-2025T07:18:07 - [TEST_STEP][PASSED] - x = x.substring(i1, x.length()): null

13-01-2025T07:18:07 - [TEST_STEP][PASSED] - println(x): null

13-01-2025T07:18:07 - [TEST_STEP][PASSED] - i1 = x.indexOf("/") + 1: null

13-01-2025T07:18:07 - [TEST_STEP][PASSED] - if (i1 > -1): null

13-01-2025T07:18:07 - [TEST_STEP][PASSED] - x = x.substring(i1, x.length()): null

13-01-2025T07:18:07 - [TEST_STEP][PASSED] - println(x): null

13-01-2025T07:18:07 - [TEST_STEP][PASSED] - i1 = x.indexOf("/") + 1: null

13-01-2025T07:18:07 - [TEST_STEP][PASSED] - if (i1 > -1): null

13-01-2025T07:18:07 - [TEST_STEP][PASSED] - x = x.substring(i1, x.length()): null

13-01-2025T07:18:07 - [TEST_STEP][PASSED] - println(x): null

13-01-2025T07:18:07 - [TEST_STEP][PASSED] - i1 = x.indexOf("/") + 1: null

13-01-2025T07:18:07 - [TEST_STEP][PASSED] - if (i1 > -1): null

13-01-2025T07:18:07 - [TEST_STEP][PASSED] - x = x.substring(i1, x.length()): null

13-01-2025T07:18:07 - [TEST_STEP][PASSED] - println(x): null

13-01-2025T07:18:07 - [TEST_STEP][PASSED] - i1 = x.indexOf("/"): null

13-01-2025T07:18:07 - [TEST_STEP][PASSED] - if (i1 > -1): null

13-01-2025T07:18:07 - [TEST_STEP][PASSED] - x = x.substring(0, i1): null

13-01-2025T07:18:07 - [TEST_STEP][PASSED] - println(x): null

13-01-2025T07:18:07 - [TEST_STEP][FAILED] - return x: null

13-01-2025T07:18:07 - [TEST_STEP][PASSED] - println(tabR + "/" + tabB): null

13-01-2025T07:18:07 - [TEST_STEP][FAILED] - if (verifyEqual(PercFactR, PercFactB) == false): null

13-01-2025T07:18:07 - [MESSAGE][FAILED] - Unable to verify equal between actual object 'нет данных' and expected object '9.00' (Root cause: com.kms.katalon.core.exception.StepFailedException: Actual object 'нет данных' and expected object '9.00' are not equal
	at com.kms.katalon.core.keyword.builtin.VerifyEqualKeyword$_verifyEqual_closure1.doCall(VerifyEqualKeyword.groovy:58)
	at com.kms.katalon.core.keyword.builtin.VerifyEqualKeyword$_verifyEqual_closure1.call(VerifyEqualKeyword.groovy)
	at com.kms.katalon.core.keyword.internal.KeywordMain.runKeyword(KeywordMain.groovy:75)
	at com.kms.katalon.core.keyword.builtin.VerifyEqualKeyword.verifyEqual(VerifyEqualKeyword.groovy:63)
	at com.kms.katalon.core.keyword.builtin.VerifyEqualKeyword.execute(VerifyEqualKeyword.groovy:44)
	at com.kms.katalon.core.keyword.internal.KeywordExecutor.executeKeywordForPlatform(KeywordExecutor.groovy:74)
	at com.kms.katalon.core.keyword.BuiltinKeywords.verifyEqual(BuiltinKeywords.groovy:146)
	at jdk.internal.reflect.GeneratedMethodAccessor25.invoke(Unknown Source)
	at java.base/jdk.internal.reflect.DelegatingMethodAccessorImpl.invoke(DelegatingMethodAccessorImpl.java:43)
	at Выполнение бизнес-плана сверка дашбордов - Copy.CompareDZOData(Выполнение бизнес-плана сверка дашбордов - Copy:771)
	at Выполнение бизнес-плана сверка дашбордов - Copy.run(Выполнение бизнес-плана сверка дашбордов - Copy:663)
	at com.kms.katalon.core.main.ScriptEngine.run(ScriptEngine.java:194)
	at com.kms.katalon.core.main.ScriptEngine.runScriptAsRawText(ScriptEngine.java:119)
	at com.kms.katalon.core.main.TestCaseExecutor.runScript(TestCaseExecutor.java:448)
	at com.kms.katalon.core.main.TestCaseExecutor.doExecute(TestCaseExecutor.java:439)
	at com.kms.katalon.core.main.TestCaseExecutor.processExecutionPhase(TestCaseExecutor.java:418)
	at com.kms.katalon.core.main.TestCaseExecutor.accessMainPhase(TestCaseExecutor.java:410)
	at com.kms.katalon.core.main.TestCaseExecutor.execute(TestCaseExecutor.java:285)
	at com.kms.katalon.core.common.CommonExecutor.accessTestCaseMainPhase(CommonExecutor.java:65)
	at com.kms.katalon.core.main.TestSuiteExecutor.accessTestSuiteMainPhase(TestSuiteExecutor.java:150)
	at com.kms.katalon.core.main.TestSuiteExecutor.execute(TestSuiteExecutor.java:106)
	at com.kms.katalon.core.main.TestCaseMain.startTestSuite(TestCaseMain.java:180)
	at TempTestSuite1736740835951.run(TempTestSuite1736740835951.groovy:35)
	at java.base/jdk.internal.reflect.NativeMethodAccessorImpl.invoke0(Native Method)
	at java.base/jdk.internal.reflect.NativeMethodAccessorImpl.invoke(NativeMethodAccessorImpl.java:77)
	at java.base/jdk.internal.reflect.DelegatingMethodAccessorImpl.invoke(DelegatingMethodAccessorImpl.java:43)
)

13-01-2025T07:18:07 - [TEST_STEP][PASSED] - result = WriteToExcel(typeOfData, todaysDate, PercPlanR, PercPlanB, PercFactR, PercFactB, x, tabR, tabB, o1R, o1B, vidget): null

13-01-2025T07:18:07 - [TEST_STEP][PASSED] - iii = dZO.indexOf("/"): null

13-01-2025T07:18:07 - [TEST_STEP][PASSED] - println(iii): null

13-01-2025T07:18:07 - [TEST_STEP][PASSED] - dZO = dZO.substring(0, iii): null

13-01-2025T07:18:07 - [TEST_STEP][PASSED] - println(dZO): null

13-01-2025T07:18:07 - [TEST_STEP][PASSED] - println(PercPlanR): null

13-01-2025T07:18:07 - [TEST_STEP][PASSED] - println(PercPlanB): null

13-01-2025T07:18:07 - [TEST_STEP][PASSED] - println(PercFactR): null

13-01-2025T07:18:07 - [TEST_STEP][PASSED] - println(PercFactB): null

13-01-2025T07:18:07 - [TEST_STEP][PASSED] - println(tabR): null

13-01-2025T07:18:07 - [TEST_STEP][PASSED] - println(tabB): null

13-01-2025T07:18:07 - [TEST_STEP][PASSED] - println(o1R): null

13-01-2025T07:18:07 - [TEST_STEP][PASSED] - println(o1B): null

13-01-2025T07:18:07 - [TEST_STEP][PASSED] - PR = <not implemented yet for class: org.codehaus.groovy.ast.expr.EmptyExpression>: null

13-01-2025T07:18:07 - [TEST_STEP][PASSED] - FR = <not implemented yet for class: org.codehaus.groovy.ast.expr.EmptyExpression>: null

13-01-2025T07:18:07 - [TEST_STEP][PASSED] - PB = <not implemented yet for class: org.codehaus.groovy.ast.expr.EmptyExpression>: null

13-01-2025T07:18:07 - [TEST_STEP][PASSED] - FB = <not implemented yet for class: org.codehaus.groovy.ast.expr.EmptyExpression>: null

13-01-2025T07:18:07 - [TEST_STEP][PASSED] - TR = <not implemented yet for class: org.codehaus.groovy.ast.expr.EmptyExpression>: null

13-01-2025T07:18:07 - [TEST_STEP][PASSED] - TB = <not implemented yet for class: org.codehaus.groovy.ast.expr.EmptyExpression>: null

13-01-2025T07:18:07 - [TEST_STEP][PASSED] - sheetName = "Sheet1": null

13-01-2025T07:18:07 - [TEST_STEP][PASSED] - data = findTestData("PlanFact"): null

13-01-2025T07:18:07 - [TEST_STEP][PASSED] - n = data.getRowNumbers() + 1: null

13-01-2025T07:18:07 - [TEST_STEP][PASSED] - year = todaysDate.substring(todaysDate.length() - 4, todaysDate.length()): null

13-01-2025T07:18:07 - [TEST_STEP][PASSED] - y = year.toInteger(): null

13-01-2025T07:18:07 - [TEST_STEP][PASSED] - m = getText(findTestObject("Выполнение бизнес-плана/Выполнение бизнес-плана Балансы/Фильтр Дата")): Text of object 'Object Repository/Выполнение бизнес-плана/Выполнение бизнес-плана Балансы/Фильтр Дата' is: '1, 2, 3 кв., Октябрь, Ноябрь 2024 года'

13-01-2025T07:18:07 - [MESSAGE][PASSED] - Text of object 'Object Repository/Выполнение бизнес-плана/Выполнение бизнес-плана Балансы/Фильтр Дата' is: '1, 2, 3 кв., Октябрь, Ноябрь 2024 года'

13-01-2025T07:18:07 - [TEST_STEP][PASSED] - m = m.substring(0, m.indexOf("2024")): null

13-01-2025T07:18:07 - [TEST_STEP][PASSED] - m = m.trim(): null

13-01-2025T07:18:07 - [TEST_STEP][PASSED] - dashboardName = "Выполнение бизнес-плана": null

13-01-2025T07:18:07 - [TEST_STEP][PASSED] - workbook01 = getWorkbook(excelFilePath): null

13-01-2025T07:18:07 - [TEST_STEP][PASSED] - sheet01 = getExcelSheet(workbook01, sheetName): null

13-01-2025T07:18:07 - [TEST_STEP][PASSED] - setValueToCellByIndex(sheet01, n, 0, dashboardName): null

13-01-2025T07:18:07 - [TEST_STEP][PASSED] - setValueToCellByIndex(sheet01, n, 1, dZO): null

13-01-2025T07:18:07 - [TEST_STEP][PASSED] - setValueToCellByIndex(sheet01, n, 2, typeOfData): null

13-01-2025T07:18:07 - [TEST_STEP][PASSED] - setValueToCellByIndex(sheet01, n, 3, typeOfData): null

13-01-2025T07:18:07 - [TEST_STEP][PASSED] - if (typeOfData == "План"): null

13-01-2025T07:18:07 - [TEST_STEP][PASSED] - else if (typeOfData == "Факт"): null

13-01-2025T07:18:07 - [TEST_STEP][PASSED] - else if (vidget.contains("электроэнергии") == true): null

13-01-2025T07:18:07 - [TEST_STEP][PASSED] - if (tabR == null): null

13-01-2025T07:18:07 - [TEST_STEP][PASSED] - else: null

13-01-2025T07:18:07 - [TEST_STEP][PASSED] - if (tabR == "нет данных"): null

13-01-2025T07:18:07 - [TEST_STEP][PASSED] - setValueToCellByIndex(sheet01, n, 4, "нет данных"): null

13-01-2025T07:18:07 - [TEST_STEP][PASSED] - if (tabB == null): null

13-01-2025T07:18:07 - [TEST_STEP][PASSED] - else: null

13-01-2025T07:18:07 - [TEST_STEP][PASSED] - if (tabB == "нет данных"): null

13-01-2025T07:18:07 - [TEST_STEP][PASSED] - setValueToCellByIndex(sheet01, n, 5, "нет данных"): null

13-01-2025T07:18:07 - [TEST_STEP][PASSED] - setValueToCellByIndex(sheet01, n, 6, m): null

13-01-2025T07:18:07 - [TEST_STEP][PASSED] - setValueToCellByIndex(sheet01, n, 7, y): null

13-01-2025T07:18:07 - [TEST_STEP][PASSED] - setValueToCellByIndex(sheet01, n, 8, todaysDate): null

13-01-2025T07:18:07 - [TEST_STEP][PASSED] - n = n + 1: null

13-01-2025T07:18:07 - [TEST_STEP][PASSED] - saveWorkbook(excelFilePath, workbook01): null

13-01-2025T07:18:07 - [TEST_STEP][PASSED] - ii2 = a.indexOf("ПАО"): null

13-01-2025T07:18:07 - [TEST_STEP][PASSED] - if (ii2 == -1): null

13-01-2025T07:18:07 - [TEST_STEP][PASSED] - vidget = "Отклонения фактического уровня потерь от бизнес-плана": null

13-01-2025T07:18:07 - [TEST_STEP][PASSED] - typeOfData = "Коэффициент": null

13-01-2025T07:18:07 - [TEST_STEP][PASSED] - o1R = Geto1R(x = a): null

13-01-2025T07:18:07 - [TEST_STEP][PASSED] - i1 = <not implemented yet for class: org.codehaus.groovy.ast.expr.EmptyExpression>: null

13-01-2025T07:18:07 - [TEST_STEP][PASSED] - ii = <not implemented yet for class: org.codehaus.groovy.ast.expr.EmptyExpression>: null

13-01-2025T07:18:07 - [TEST_STEP][PASSED] - for ([ii = 1, ii < 10, (ii++)]): null

13-01-2025T07:18:07 - [TEST_STEP][PASSED] - i1 = x.indexOf("/") + 1: null

13-01-2025T07:18:07 - [TEST_STEP][PASSED] - if (i1 > -1): null

13-01-2025T07:18:07 - [TEST_STEP][PASSED] - x = x.substring(i1, x.length()): null

13-01-2025T07:18:07 - [TEST_STEP][PASSED] - i1 = x.indexOf("/") + 1: null

13-01-2025T07:18:07 - [TEST_STEP][PASSED] - if (i1 > -1): null

13-01-2025T07:18:07 - [TEST_STEP][PASSED] - x = x.substring(i1, x.length()): null

13-01-2025T07:18:07 - [TEST_STEP][PASSED] - i1 = x.indexOf("/") + 1: null

13-01-2025T07:18:07 - [TEST_STEP][PASSED] - if (i1 > -1): null

13-01-2025T07:18:07 - [TEST_STEP][PASSED] - x = x.substring(i1, x.length()): null

13-01-2025T07:18:07 - [TEST_STEP][PASSED] - i1 = x.indexOf("/") + 1: null

13-01-2025T07:18:07 - [TEST_STEP][PASSED] - if (i1 > -1): null

13-01-2025T07:18:07 - [TEST_STEP][PASSED] - x = x.substring(i1, x.length()): null

13-01-2025T07:18:07 - [TEST_STEP][PASSED] - i1 = x.indexOf("/") + 1: null

13-01-2025T07:18:07 - [TEST_STEP][PASSED] - if (i1 > -1): null

13-01-2025T07:18:07 - [TEST_STEP][PASSED] - x = x.substring(i1, x.length()): null

13-01-2025T07:18:07 - [TEST_STEP][PASSED] - i1 = x.indexOf("/") + 1: null

13-01-2025T07:18:07 - [TEST_STEP][PASSED] - if (i1 > -1): null

13-01-2025T07:18:07 - [TEST_STEP][PASSED] - x = x.substring(i1, x.length()): null

13-01-2025T07:18:07 - [TEST_STEP][PASSED] - i1 = x.indexOf("/") + 1: null

13-01-2025T07:18:07 - [TEST_STEP][PASSED] - if (i1 > -1): null

13-01-2025T07:18:07 - [TEST_STEP][PASSED] - x = x.substring(i1, x.length()): null

13-01-2025T07:18:07 - [TEST_STEP][PASSED] - i1 = x.indexOf("/") + 1: null

13-01-2025T07:18:07 - [TEST_STEP][PASSED] - if (i1 > -1): null

13-01-2025T07:18:07 - [TEST_STEP][PASSED] - x = x.substring(i1, x.length()): null

13-01-2025T07:18:07 - [TEST_STEP][PASSED] - i1 = x.indexOf("/") + 1: null

13-01-2025T07:18:07 - [TEST_STEP][PASSED] - if (i1 > -1): null

13-01-2025T07:18:07 - [TEST_STEP][PASSED] - x = x.substring(i1, x.length()): null

13-01-2025T07:18:07 - [TEST_STEP][PASSED] - i1 = x.indexOf("/"): null

13-01-2025T07:18:07 - [TEST_STEP][PASSED] - if (i1 > -1): null

13-01-2025T07:18:07 - [TEST_STEP][PASSED] - println(x): null

13-01-2025T07:18:07 - [TEST_STEP][PASSED] - return x: null

13-01-2025T07:18:07 - [TEST_STEP][PASSED] - o1B = Geto1B(x = b): null

13-01-2025T07:18:07 - [TEST_STEP][PASSED] - i1 = <not implemented yet for class: org.codehaus.groovy.ast.expr.EmptyExpression>: null

13-01-2025T07:18:07 - [TEST_STEP][PASSED] - ii = <not implemented yet for class: org.codehaus.groovy.ast.expr.EmptyExpression>: null

13-01-2025T07:18:07 - [TEST_STEP][PASSED] - for ([ii = 1, ii < 10, (ii++)]): null

13-01-2025T07:18:07 - [TEST_STEP][PASSED] - i1 = x.indexOf("/") + 1: null

13-01-2025T07:18:07 - [TEST_STEP][PASSED] - if (i1 > -1): null

13-01-2025T07:18:07 - [TEST_STEP][PASSED] - x = x.substring(i1, x.length()): null

13-01-2025T07:18:07 - [TEST_STEP][PASSED] - i1 = x.indexOf("/") + 1: null

13-01-2025T07:18:07 - [TEST_STEP][PASSED] - if (i1 > -1): null

13-01-2025T07:18:07 - [TEST_STEP][PASSED] - x = x.substring(i1, x.length()): null

13-01-2025T07:18:07 - [TEST_STEP][PASSED] - i1 = x.indexOf("/") + 1: null

13-01-2025T07:18:07 - [TEST_STEP][PASSED] - if (i1 > -1): null

13-01-2025T07:18:07 - [TEST_STEP][PASSED] - x = x.substring(i1, x.length()): null

13-01-2025T07:18:07 - [TEST_STEP][PASSED] - i1 = x.indexOf("/") + 1: null

13-01-2025T07:18:07 - [TEST_STEP][PASSED] - if (i1 > -1): null

13-01-2025T07:18:07 - [TEST_STEP][PASSED] - x = x.substring(i1, x.length()): null

13-01-2025T07:18:07 - [TEST_STEP][PASSED] - i1 = x.indexOf("/") + 1: null

13-01-2025T07:18:07 - [TEST_STEP][PASSED] - if (i1 > -1): null

13-01-2025T07:18:07 - [TEST_STEP][PASSED] - x = x.substring(i1, x.length()): null

13-01-2025T07:18:07 - [TEST_STEP][PASSED] - i1 = x.indexOf("/") + 1: null

13-01-2025T07:18:07 - [TEST_STEP][PASSED] - if (i1 > -1): null

13-01-2025T07:18:07 - [TEST_STEP][PASSED] - x = x.substring(i1, x.length()): null

13-01-2025T07:18:07 - [TEST_STEP][PASSED] - i1 = x.indexOf("/") + 1: null

13-01-2025T07:18:07 - [TEST_STEP][PASSED] - if (i1 > -1): null

13-01-2025T07:18:07 - [TEST_STEP][PASSED] - x = x.substring(i1, x.length()): null

13-01-2025T07:18:07 - [TEST_STEP][PASSED] - i1 = x.indexOf("/") + 1: null

13-01-2025T07:18:07 - [TEST_STEP][PASSED] - if (i1 > -1): null

13-01-2025T07:18:07 - [TEST_STEP][PASSED] - x = x.substring(i1, x.length()): null

13-01-2025T07:18:07 - [TEST_STEP][PASSED] - i1 = x.indexOf("/") + 1: null

13-01-2025T07:18:07 - [TEST_STEP][PASSED] - if (i1 > -1): null

13-01-2025T07:18:07 - [TEST_STEP][PASSED] - x = x.substring(i1, x.length()): null

13-01-2025T07:18:07 - [TEST_STEP][PASSED] - i1 = x.indexOf("/"): null

13-01-2025T07:18:07 - [TEST_STEP][PASSED] - if (i1 > -1): null

13-01-2025T07:18:07 - [TEST_STEP][PASSED] - println(x): null

13-01-2025T07:18:07 - [TEST_STEP][FAILED] - return x: null

13-01-2025T07:18:07 - [TEST_STEP][PASSED] - println(o1R + "/" + o1B): null

13-01-2025T07:18:07 - [TEST_STEP][FAILED] - if (verifyEqual(PercFactR, PercFactB) == false): null

13-01-2025T07:18:07 - [MESSAGE][FAILED] - Unable to verify equal between actual object 'нет данных' and expected object '9.00' (Root cause: com.kms.katalon.core.exception.StepFailedException: Actual object 'нет данных' and expected object '9.00' are not equal
	at com.kms.katalon.core.keyword.builtin.VerifyEqualKeyword$_verifyEqual_closure1.doCall(VerifyEqualKeyword.groovy:58)
	at com.kms.katalon.core.keyword.builtin.VerifyEqualKeyword$_verifyEqual_closure1.call(VerifyEqualKeyword.groovy)
	at com.kms.katalon.core.keyword.internal.KeywordMain.runKeyword(KeywordMain.groovy:75)
	at com.kms.katalon.core.keyword.builtin.VerifyEqualKeyword.verifyEqual(VerifyEqualKeyword.groovy:63)
	at com.kms.katalon.core.keyword.builtin.VerifyEqualKeyword.execute(VerifyEqualKeyword.groovy:44)
	at com.kms.katalon.core.keyword.internal.KeywordExecutor.executeKeywordForPlatform(KeywordExecutor.groovy:74)
	at com.kms.katalon.core.keyword.BuiltinKeywords.verifyEqual(BuiltinKeywords.groovy:146)
	at jdk.internal.reflect.GeneratedMethodAccessor25.invoke(Unknown Source)
	at java.base/jdk.internal.reflect.DelegatingMethodAccessorImpl.invoke(DelegatingMethodAccessorImpl.java:43)
	at Выполнение бизнес-плана сверка дашбордов - Copy.CompareDZOData(Выполнение бизнес-плана сверка дашбордов - Copy:789)
	at Выполнение бизнес-плана сверка дашбордов - Copy.run(Выполнение бизнес-плана сверка дашбордов - Copy:663)
	at com.kms.katalon.core.main.ScriptEngine.run(ScriptEngine.java:194)
	at com.kms.katalon.core.main.ScriptEngine.runScriptAsRawText(ScriptEngine.java:119)
	at com.kms.katalon.core.main.TestCaseExecutor.runScript(TestCaseExecutor.java:448)
	at com.kms.katalon.core.main.TestCaseExecutor.doExecute(TestCaseExecutor.java:439)
	at com.kms.katalon.core.main.TestCaseExecutor.processExecutionPhase(TestCaseExecutor.java:418)
	at com.kms.katalon.core.main.TestCaseExecutor.accessMainPhase(TestCaseExecutor.java:410)
	at com.kms.katalon.core.main.TestCaseExecutor.execute(TestCaseExecutor.java:285)
	at com.kms.katalon.core.common.CommonExecutor.accessTestCaseMainPhase(CommonExecutor.java:65)
	at com.kms.katalon.core.main.TestSuiteExecutor.accessTestSuiteMainPhase(TestSuiteExecutor.java:150)
	at com.kms.katalon.core.main.TestSuiteExecutor.execute(TestSuiteExecutor.java:106)
	at com.kms.katalon.core.main.TestCaseMain.startTestSuite(TestCaseMain.java:180)
	at TempTestSuite1736740835951.run(TempTestSuite1736740835951.groovy:35)
	at java.base/jdk.internal.reflect.NativeMethodAccessorImpl.invoke0(Native Method)
	at java.base/jdk.internal.reflect.NativeMethodAccessorImpl.invoke(NativeMethodAccessorImpl.java:77)
	at java.base/jdk.internal.reflect.DelegatingMethodAccessorImpl.invoke(DelegatingMethodAccessorImpl.java:43)
)

13-01-2025T07:18:07 - [TEST_STEP][PASSED] - result = WriteToExcel(typeOfData, todaysDate, PercPlanR, PercPlanB, PercFactR, PercFactB, x, tabR, tabB, o1R, o1B, vidget): null

13-01-2025T07:18:07 - [TEST_STEP][PASSED] - iii = dZO.indexOf("/"): null

13-01-2025T07:18:07 - [TEST_STEP][PASSED] - println(iii): null

13-01-2025T07:18:07 - [TEST_STEP][PASSED] - dZO = dZO.substring(0, iii): null

13-01-2025T07:18:07 - [TEST_STEP][PASSED] - println(dZO): null

13-01-2025T07:18:07 - [TEST_STEP][PASSED] - println(PercPlanR): null

13-01-2025T07:18:07 - [TEST_STEP][PASSED] - println(PercPlanB): null

13-01-2025T07:18:07 - [TEST_STEP][PASSED] - println(PercFactR): null

13-01-2025T07:18:07 - [TEST_STEP][PASSED] - println(PercFactB): null

13-01-2025T07:18:07 - [TEST_STEP][PASSED] - println(tabR): null

13-01-2025T07:18:07 - [TEST_STEP][PASSED] - println(tabB): null

13-01-2025T07:18:07 - [TEST_STEP][PASSED] - println(o1R): null

13-01-2025T07:18:07 - [TEST_STEP][PASSED] - println(o1B): null

13-01-2025T07:18:07 - [TEST_STEP][PASSED] - PR = <not implemented yet for class: org.codehaus.groovy.ast.expr.EmptyExpression>: null

13-01-2025T07:18:07 - [TEST_STEP][PASSED] - FR = <not implemented yet for class: org.codehaus.groovy.ast.expr.EmptyExpression>: null

13-01-2025T07:18:07 - [TEST_STEP][PASSED] - PB = <not implemented yet for class: org.codehaus.groovy.ast.expr.EmptyExpression>: null

13-01-2025T07:18:07 - [TEST_STEP][PASSED] - FB = <not implemented yet for class: org.codehaus.groovy.ast.expr.EmptyExpression>: null

13-01-2025T07:18:07 - [TEST_STEP][PASSED] - TR = <not implemented yet for class: org.codehaus.groovy.ast.expr.EmptyExpression>: null

13-01-2025T07:18:07 - [TEST_STEP][PASSED] - TB = <not implemented yet for class: org.codehaus.groovy.ast.expr.EmptyExpression>: null

13-01-2025T07:18:07 - [TEST_STEP][PASSED] - sheetName = "Sheet1": null

13-01-2025T07:18:07 - [TEST_STEP][PASSED] - data = findTestData("PlanFact"): null

13-01-2025T07:18:07 - [TEST_STEP][PASSED] - n = data.getRowNumbers() + 1: null

13-01-2025T07:18:07 - [TEST_STEP][PASSED] - year = todaysDate.substring(todaysDate.length() - 4, todaysDate.length()): null

13-01-2025T07:18:07 - [TEST_STEP][PASSED] - y = year.toInteger(): null

13-01-2025T07:18:07 - [TEST_STEP][PASSED] - m = getText(findTestObject("Выполнение бизнес-плана/Выполнение бизнес-плана Балансы/Фильтр Дата")): Text of object 'Object Repository/Выполнение бизнес-плана/Выполнение бизнес-плана Балансы/Фильтр Дата' is: '1, 2, 3 кв., Октябрь, Ноябрь 2024 года'

13-01-2025T07:18:08 - [MESSAGE][PASSED] - Text of object 'Object Repository/Выполнение бизнес-плана/Выполнение бизнес-плана Балансы/Фильтр Дата' is: '1, 2, 3 кв., Октябрь, Ноябрь 2024 года'

13-01-2025T07:18:08 - [TEST_STEP][PASSED] - m = m.substring(0, m.indexOf("2024")): null

13-01-2025T07:18:08 - [TEST_STEP][PASSED] - m = m.trim(): null

13-01-2025T07:18:08 - [TEST_STEP][PASSED] - dashboardName = "Выполнение бизнес-плана": null

13-01-2025T07:18:08 - [TEST_STEP][PASSED] - workbook01 = getWorkbook(excelFilePath): null

13-01-2025T07:18:08 - [TEST_STEP][PASSED] - sheet01 = getExcelSheet(workbook01, sheetName): null

13-01-2025T07:18:08 - [TEST_STEP][PASSED] - setValueToCellByIndex(sheet01, n, 0, dashboardName): null

13-01-2025T07:18:08 - [TEST_STEP][PASSED] - setValueToCellByIndex(sheet01, n, 1, dZO): null

13-01-2025T07:18:08 - [TEST_STEP][PASSED] - setValueToCellByIndex(sheet01, n, 2, typeOfData): null

13-01-2025T07:18:08 - [TEST_STEP][PASSED] - setValueToCellByIndex(sheet01, n, 3, typeOfData): null

13-01-2025T07:18:08 - [TEST_STEP][PASSED] - if (typeOfData == "План"): null

13-01-2025T07:18:08 - [TEST_STEP][PASSED] - else if (typeOfData == "Факт"): null

13-01-2025T07:18:08 - [TEST_STEP][PASSED] - else if (vidget.contains("электроэнергии") == true): null

13-01-2025T07:18:08 - [TEST_STEP][PASSED] - else: null

13-01-2025T07:18:08 - [TEST_STEP][PASSED] - if (o1R == null): null

13-01-2025T07:18:08 - [TEST_STEP][PASSED] - else: null

13-01-2025T07:18:08 - [TEST_STEP][PASSED] - if (o1R == "нет данных"): null

13-01-2025T07:18:08 - [TEST_STEP][PASSED] - setValueToCellByIndex(sheet01, n, 4, "нет данных"): null

13-01-2025T07:18:08 - [TEST_STEP][PASSED] - if (o1B == null): null

13-01-2025T07:18:08 - [TEST_STEP][PASSED] - else: null

13-01-2025T07:18:08 - [TEST_STEP][PASSED] - if (o1B == "нет данных"): null

13-01-2025T07:18:08 - [TEST_STEP][PASSED] - else: null

13-01-2025T07:18:08 - [TEST_STEP][PASSED] - FB = o1B.toDouble(): null

13-01-2025T07:18:08 - [TEST_STEP][PASSED] - setValueToCellByIndex(sheet01, n, 5, FB): null

13-01-2025T07:18:08 - [TEST_STEP][PASSED] - setValueToCellByIndex(sheet01, n, 6, m): null

13-01-2025T07:18:08 - [TEST_STEP][PASSED] - setValueToCellByIndex(sheet01, n, 7, y): null

13-01-2025T07:18:08 - [TEST_STEP][PASSED] - setValueToCellByIndex(sheet01, n, 8, todaysDate): null

13-01-2025T07:18:08 - [TEST_STEP][PASSED] - n = n + 1: null

13-01-2025T07:18:08 - [TEST_STEP][PASSED] - saveWorkbook(excelFilePath, workbook01): null

13-01-2025T07:18:08 - [TEST_STEP][PASSED] - closeBrowser(): Browser is closed

13-01-2025T07:18:08 - [MESSAGE][PASSED] - Browser is closed]]></system-out>
         <system-err><![CDATA[13-01-2025T07:00:40 - [TEST_CASE][FAILED] - Test Cases/Сверки дашбордов/Выполнение бизнес-плана сверка дашбордов - Copy: Test Cases/Сверки дашбордов/Выполнение бизнес-плана сверка дашбордов - Copy FAILED.
Reason:
com.kms.katalon.core.exception.StepFailedException: Unable to verify object is present (Root cause: com.kms.katalon.core.exception.StepFailedException: Unable to verify object is present
	at com.kms.katalon.core.webui.keyword.internal.WebUIKeywordMain.stepFailed(WebUIKeywordMain.groovy:64)
	at com.kms.katalon.core.webui.keyword.internal.WebUIKeywordMain.runKeyword(WebUIKeywordMain.groovy:26)
	at com.kms.katalon.core.webui.keyword.builtin.VerifyElementPresentKeyword.verifyElementPresent(VerifyElementPresentKeyword.groovy:92)
	at com.kms.katalon.core.webui.keyword.builtin.VerifyElementPresentKeyword.execute(VerifyElementPresentKeyword.groovy:68)
	at com.kms.katalon.core.keyword.internal.KeywordExecutor.executeKeywordForPlatform(KeywordExecutor.groovy:74)
	at com.kms.katalon.core.webui.keyword.WebUiBuiltInKeywords.verifyElementPresent(WebUiBuiltInKeywords.groovy:1503)
	at Выполнение бизнес-плана сверка дашбордов - Copy.GetAllPAOData(Выполнение бизнес-плана сверка дашбордов - Copy:862)
	at Выполнение бизнес-плана сверка дашбордов - Copy.run(Выполнение бизнес-плана сверка дашбордов - Copy:362)
	at com.kms.katalon.core.main.ScriptEngine.run(ScriptEngine.java:194)
	at com.kms.katalon.core.main.ScriptEngine.runScriptAsRawText(ScriptEngine.java:119)
	at com.kms.katalon.core.main.TestCaseExecutor.runScript(TestCaseExecutor.java:448)
	at com.kms.katalon.core.main.TestCaseExecutor.doExecute(TestCaseExecutor.java:439)
	at com.kms.katalon.core.main.TestCaseExecutor.processExecutionPhase(TestCaseExecutor.java:418)
	at com.kms.katalon.core.main.TestCaseExecutor.accessMainPhase(TestCaseExecutor.java:410)
	at com.kms.katalon.core.main.TestCaseExecutor.execute(TestCaseExecutor.java:285)
	at com.kms.katalon.core.common.CommonExecutor.accessTestCaseMainPhase(CommonExecutor.java:65)
	at com.kms.katalon.core.main.TestSuiteExecutor.accessTestSuiteMainPhase(TestSuiteExecutor.java:150)
	at com.kms.katalon.core.main.TestSuiteExecutor.execute(TestSuiteExecutor.java:106)
	at com.kms.katalon.core.main.TestCaseMain.startTestSuite(TestCaseMain.java:180)
	at TempTestSuite1736740835951.run(TempTestSuite1736740835951.groovy:35)
	at java.base/jdk.internal.reflect.NativeMethodAccessorImpl.invoke0(Native Method)
	at java.base/jdk.internal.reflect.NativeMethodAccessorImpl.invoke(NativeMethodAccessorImpl.java:77)
	at java.base/jdk.internal.reflect.DelegatingMethodAccessorImpl.invoke(DelegatingMethodAccessorImpl.java:43)
Caused by: java.lang.IllegalArgumentException: Object is null
	at com.kms.katalon.core.helper.KeywordHelper.checkTestObjectParameter(KeywordHelper.java:33)
	at com.kms.katalon.core.webui.keyword.builtin.VerifyElementPresentKeyword$_verifyElementPresent_closure1.doCall(VerifyElementPresentKeyword.groovy:76)
	at com.kms.katalon.core.webui.keyword.builtin.VerifyElementPresentKeyword$_verifyElementPresent_closure1.call(VerifyElementPresentKeyword.groovy)
	at com.kms.katalon.core.webui.keyword.internal.WebUIKeywordMain.runKeyword(WebUIKeywordMain.groovy:20)
	at com.kms.katalon.core.webui.keyword.builtin.VerifyElementPresentKeyword.verifyElementPresent(VerifyElementPresentKeyword.groovy:92)
	at com.kms.katalon.core.webui.keyword.builtin.VerifyElementPresentKeyword.execute(VerifyElementPresentKeyword.groovy:68)
	at com.kms.katalon.core.keyword.internal.KeywordExecutor.executeKeywordForPlatform(KeywordExecutor.groovy:74)
	at com.kms.katalon.core.webui.keyword.WebUiBuiltInKeywords.verifyElementPresent(WebUiBuiltInKeywords.groovy:1503)
	at Script1736739304585.GetAllPAOData(Script1736739304585.groovy:862)
	at Script1736739304585.run(Script1736739304585.groovy:362)
	... 15 more
)
	at com.kms.katalon.core.keyword.internal.KeywordMain.stepFailed(KeywordMain.groovy:39)
	at com.kms.katalon.core.webui.keyword.internal.WebUIKeywordMain.stepFailed(WebUIKeywordMain.groovy:64)
	at com.kms.katalon.core.webui.keyword.internal.WebUIKeywordMain.runKeyword(WebUIKeywordMain.groovy:26)
	at com.kms.katalon.core.webui.keyword.builtin.VerifyElementPresentKeyword.verifyElementPresent(VerifyElementPresentKeyword.groovy:92)
	at com.kms.katalon.core.webui.keyword.builtin.VerifyElementPresentKeyword.execute(VerifyElementPresentKeyword.groovy:68)
	at com.kms.katalon.core.keyword.internal.KeywordExecutor.executeKeywordForPlatform(KeywordExecutor.groovy:74)
	at com.kms.katalon.core.webui.keyword.WebUiBuiltInKeywords.verifyElementPresent(WebUiBuiltInKeywords.groovy:1503)
	at Выполнение бизнес-плана сверка дашбордов - Copy.GetAllPAOData(Выполнение бизнес-плана сверка дашбордов - Copy:862)
	at Выполнение бизнес-плана сверка дашбордов - Copy.run(Выполнение бизнес-плана сверка дашбордов - Copy:362)
	at com.kms.katalon.core.main.ScriptEngine.run(ScriptEngine.java:194)
	at com.kms.katalon.core.main.ScriptEngine.runScriptAsRawText(ScriptEngine.java:119)
	at com.kms.katalon.core.main.TestCaseExecutor.runScript(TestCaseExecutor.java:448)
	at com.kms.katalon.core.main.TestCaseExecutor.doExecute(TestCaseExecutor.java:439)
	at com.kms.katalon.core.main.TestCaseExecutor.processExecutionPhase(TestCaseExecutor.java:418)
	at com.kms.katalon.core.main.TestCaseExecutor.accessMainPhase(TestCaseExecutor.java:410)
	at com.kms.katalon.core.main.TestCaseExecutor.execute(TestCaseExecutor.java:285)
	at com.kms.katalon.core.common.CommonExecutor.accessTestCaseMainPhase(CommonExecutor.java:65)
	at com.kms.katalon.core.main.TestSuiteExecutor.accessTestSuiteMainPhase(TestSuiteExecutor.java:150)
	at com.kms.katalon.core.main.TestSuiteExecutor.execute(TestSuiteExecutor.java:106)
	at com.kms.katalon.core.main.TestCaseMain.startTestSuite(TestCaseMain.java:180)
	at TempTestSuite1736740835951.run(TempTestSuite1736740835951.groovy:35)
	at java.base/jdk.internal.reflect.NativeMethodAccessorImpl.invoke0(Native Method)
	at java.base/jdk.internal.reflect.NativeMethodAccessorImpl.invoke(NativeMethodAccessorImpl.java:77)
	at java.base/jdk.internal.reflect.DelegatingMethodAccessorImpl.invoke(DelegatingMethodAccessorImpl.java:43)
Caused by: com.kms.katalon.core.exception.StepFailedException: Unable to verify object is present
	... 23 more
Caused by: java.lang.IllegalArgumentException: Object is null
	at com.kms.katalon.core.helper.KeywordHelper.checkTestObjectParameter(KeywordHelper.java:33)
	at com.kms.katalon.core.webui.keyword.builtin.VerifyElementPresentKeyword$_verifyElementPresent_closure1.doCall(VerifyElementPresentKeyword.groovy:76)
	at com.kms.katalon.core.webui.keyword.builtin.VerifyElementPresentKeyword$_verifyElementPresent_closure1.call(VerifyElementPresentKeyword.groovy)
	at com.kms.katalon.core.webui.keyword.internal.WebUIKeywordMain.runKeyword(WebUIKeywordMain.groovy:20)
	... 21 more]]></system-err>
      </testcase>
      <testcase name="Test Cases/Сверки дашбордов/Блок руководителя сверка дашбордов под разными учётками" time="8566.029" classname="Test Cases/Сверки дашбордов/Блок руководителя сверка дашбордов под разными учётками" status="PASSED">
         <system-out><![CDATA[13-01-2025T07:18:08 - [TEST_CASE][PASSED] - Test Cases/Сверки дашбордов/Блок руководителя сверка дашбордов под разными учётками: Test Cases/Сверки дашбордов/Блок руководителя сверка дашбордов под разными учётками

13-01-2025T07:18:09 - [TEST_STEP][PASSED] - run = 1: null

13-01-2025T07:18:09 - [TEST_STEP][PASSED] - data = findTestData("PlanFact"): null

13-01-2025T07:18:09 - [TEST_STEP][PASSED] - n = <not implemented yet for class: org.codehaus.groovy.ast.expr.EmptyExpression>: null

13-01-2025T07:18:09 - [TEST_STEP][PASSED] - urlData = <not implemented yet for class: org.codehaus.groovy.ast.expr.EmptyExpression>: null

13-01-2025T07:18:09 - [TEST_STEP][PASSED] - dashboardName = <not implemented yet for class: org.codehaus.groovy.ast.expr.EmptyExpression>: null

13-01-2025T07:18:09 - [TEST_STEP][PASSED] - a1 = <not implemented yet for class: org.codehaus.groovy.ast.expr.EmptyExpression>: null

13-01-2025T07:18:09 - [TEST_STEP][PASSED] - a2 = <not implemented yet for class: org.codehaus.groovy.ast.expr.EmptyExpression>: null

13-01-2025T07:18:09 - [TEST_STEP][PASSED] - a3 = <not implemented yet for class: org.codehaus.groovy.ast.expr.EmptyExpression>: null

13-01-2025T07:18:09 - [TEST_STEP][PASSED] - a4 = <not implemented yet for class: org.codehaus.groovy.ast.expr.EmptyExpression>: null

13-01-2025T07:18:09 - [TEST_STEP][PASSED] - a5 = <not implemented yet for class: org.codehaus.groovy.ast.expr.EmptyExpression>: null

13-01-2025T07:18:09 - [TEST_STEP][PASSED] - a6 = <not implemented yet for class: org.codehaus.groovy.ast.expr.EmptyExpression>: null

13-01-2025T07:18:09 - [TEST_STEP][PASSED] - a7 = <not implemented yet for class: org.codehaus.groovy.ast.expr.EmptyExpression>: null

13-01-2025T07:18:09 - [TEST_STEP][PASSED] - a8 = <not implemented yet for class: org.codehaus.groovy.ast.expr.EmptyExpression>: null

13-01-2025T07:18:09 - [TEST_STEP][PASSED] - a9 = <not implemented yet for class: org.codehaus.groovy.ast.expr.EmptyExpression>: null

13-01-2025T07:18:09 - [TEST_STEP][PASSED] - user = <not implemented yet for class: org.codehaus.groovy.ast.expr.EmptyExpression>: null

13-01-2025T07:18:09 - [TEST_STEP][PASSED] - for ([run = 1, run < 4, (run++)]): null

13-01-2025T07:18:09 - [TEST_STEP][PASSED] - VipolnenieBiznesPlana(user, dashboardName, n, data, run, a1, a2, a3, a4, a5, a6, a7, a8, a9, urlData): null

13-01-2025T07:18:09 - [TEST_STEP][PASSED] - n = data.getRowNumbers() + 1: null

13-01-2025T07:18:09 - [TEST_STEP][PASSED] - println(n): null

13-01-2025T07:18:09 - [TEST_STEP][PASSED] - dashboardName = "Выполнение бизнес-плана": null

13-01-2025T07:18:09 - [TEST_STEP][PASSED] - openBrowser(""): Browser is opened with url: ''

13-01-2025T07:18:09 - [MESSAGE][INFO] - Starting 'Chrome' driver

13-01-2025T07:18:09 - [MESSAGE][INFO] - Action delay is set to 0 milliseconds

13-01-2025T07:18:10 - [MESSAGE][PASSED] - Browser is opened with url: ''

13-01-2025T07:18:10 - [TEST_STEP][PASSED] - urlData = 1: null

13-01-2025T07:18:10 - [TEST_STEP][PASSED] - Script1686231490255.CheckPageDownload(urlData, run): null

13-01-2025T07:18:10 - [TEST_STEP][PASSED] - i = 1: null

13-01-2025T07:18:10 - [TEST_STEP][PASSED] - ii = 0: null

13-01-2025T07:18:10 - [TEST_STEP][PASSED] - urlText = <not implemented yet for class: org.codehaus.groovy.ast.expr.EmptyExpression>: null

13-01-2025T07:18:10 - [TEST_STEP][PASSED] - searchWord = <not implemented yet for class: org.codehaus.groovy.ast.expr.EmptyExpression>: null

13-01-2025T07:18:10 - [TEST_STEP][PASSED] - deleteAllCookies(): Delete all cookies successfully

13-01-2025T07:18:10 - [MESSAGE][PASSED] - Delete all cookies successfully

13-01-2025T07:18:10 - [TEST_STEP][PASSED] - refresh(): Refresh successfully

13-01-2025T07:18:10 - [MESSAGE][PASSED] - Refresh successfully

13-01-2025T07:18:10 - [TEST_STEP][PASSED] - delay(70): Delayed 70 second(s)

13-01-2025T07:19:20 - [MESSAGE][PASSED] - Delayed 70 second(s)

13-01-2025T07:19:20 - [TEST_STEP][PASSED] - navigateToUrl(findTestData("PlanFact").getValue(10, urlData)): Navigate to 'https://bi.rosseti.digital/viewer?dashboardGuid=d154a8eaf6824e2b9de1bb04dd061c18&sheetGuid=1305e8ce744049e1abdacea1ea397a26&fit=true' successfully

13-01-2025T07:19:30 - [MESSAGE][PASSED] - Navigate to 'https://bi.rosseti.digital/viewer?dashboardGuid=d154a8eaf6824e2b9de1bb04dd061c18&sheetGuid=1305e8ce744049e1abdacea1ea397a26&fit=true' successfully

13-01-2025T07:19:30 - [TEST_STEP][PASSED] - pageLoaded1 = verifyElementPresent(findTestObject("Страница авторизации/Text"), 30): Object 'Object Repository/Страница авторизации/Text' is present

13-01-2025T07:19:32 - [MESSAGE][PASSED] - Object 'Object Repository/Страница авторизации/Text' is present

13-01-2025T07:19:32 - [TEST_STEP][PASSED] - if (pageLoaded1 == false): null

13-01-2025T07:19:32 - [TEST_STEP][PASSED] - urlText = getText(findTestObject("Страница авторизации/Text")): Text of object 'Object Repository/Страница авторизации/Text' is: 'Вход'

13-01-2025T07:19:32 - [MESSAGE][PASSED] - Text of object 'Object Repository/Страница авторизации/Text' is: 'Вход'

13-01-2025T07:19:32 - [TEST_STEP][PASSED] - delay(70): Delayed 70 second(s)

13-01-2025T07:20:42 - [MESSAGE][PASSED] - Delayed 70 second(s)

13-01-2025T07:20:42 - [TEST_STEP][PASSED] - searchWord = "Вход": null

13-01-2025T07:20:42 - [TEST_STEP][PASSED] - if (urlText.contains(searchWord) == false): null

13-01-2025T07:20:42 - [TEST_STEP][PASSED] - setText(findTestObject("Страница авторизации/input__username"), findTestData("PlanFact").getValue(8, run)): Text 'liazgina-di' is set on object 'Object Repository/Страница авторизации/input__username'

13-01-2025T07:20:43 - [MESSAGE][PASSED] - Text 'liazgina-di' is set on object 'Object Repository/Страница авторизации/input__username'

13-01-2025T07:20:43 - [TEST_STEP][PASSED] - setText(findTestObject("Страница авторизации/input__password"), findTestData("PlanFact").getValue(9, run)): Text ')$%5srZ8o688Dm#q' is set on object 'Object Repository/Страница авторизации/input__password'

13-01-2025T07:20:43 - [MESSAGE][PASSED] - Text ')$%5srZ8o688Dm#q' is set on object 'Object Repository/Страница авторизации/input__password'

13-01-2025T07:20:43 - [TEST_STEP][PASSED] - click(findTestObject("Страница авторизации/button_")): Object: 'Object Repository/Страница авторизации/button_' is clicked on

13-01-2025T07:20:45 - [MESSAGE][PASSED] - Object: 'Object Repository/Страница авторизации/button_' is clicked on

13-01-2025T07:20:45 - [TEST_STEP][PASSED] - delay(70): Delayed 70 second(s)

13-01-2025T07:21:55 - [MESSAGE][PASSED] - Delayed 70 second(s)

13-01-2025T07:21:55 - [TEST_STEP][PASSED] - searchWord = "а": null

13-01-2025T07:21:55 - [TEST_STEP][PASSED] - pageLoaded2 = verifyElementPresent(findTestObject("Страница авторизации/Text"), 50): Object 'Object Repository/Страница авторизации/Text' is present

13-01-2025T07:22:04 - [MESSAGE][PASSED] - Object 'Object Repository/Страница авторизации/Text' is present

13-01-2025T07:22:04 - [TEST_STEP][PASSED] - if (pageLoaded2 == false): null

13-01-2025T07:22:04 - [TEST_STEP][PASSED] - urlText = getText(findTestObject("Страница авторизации/Text")): Text of object 'Object Repository/Страница авторизации/Text' is: 'ДЗО 
Все
Период
1, 2, 3 кв., Октябрь, Ноябрь 2024 года
Отклонения фактического уровня потерь от бизнес-плана, п.п.
-0.07
3.10
3.73
-0.05
0.16
-0.52
-0.27
АО «Тываэнерго»
АО «Чеченэнерго»
Россети Северный Кавказ
Россети Сибирь
Россети Тюмень
Россети Центр (ГК)
Россети Центр и Приволжье (ГК)
-1
0
1
2
3
4
5
6
7

Уровень потерь электроэнергии
АО «Тываэнерго»
АО «Чеченэнерго»
Россети Северный Кавказ
Россети Сибирь
Россети Тюмень
Россети Центр (ГК)
Россети Центр и Приволжье (ГК)
0
10
20
30
40
50
60
70
21.24
|
33.23
23.32
7.14
|
2.54
10.32
|
7.17
|
21.17
36.33
|
27.05
|
7.09
2.70
|
9.80
6.90
п.п.
0.04
Итого
0
0.02
0.04
0.06
%
5.56 5.56
5.52 5.52
План
Факт
1
100

● Бизнес-план выполнен● ●● Превышение бизнес-плана
Отклонения фактического уровня потерь от бизнес-плана за 3 месяца (нарастающим итогом), п.п.
-0.1-0.1
3.73.7
3.83.8
-0.0-0.0
0.10.1
-0.5-0.5
-0.2-0.2
-0.1-0.1
3.23.2
3.93.9
-0.0-0.0
0.10.1
-0.5-0.5
-0.3-0.3
-0.1-0.1
3.13.1
3.73.7
-0.0-0.0
0.20.2
-0.5-0.5
-0.3-0.3
Россети ФСКЕЭС
АО«Тываэнерго»
АО«Чеченэнерго»
Россети Волга
РоссетиКубань
РоссетиЛенэнерго (ГК)
РоссетиМосковскийрегион
РоссетиСеверныйКавказ (ГК)
Россети Северо-Запад
Россети Сибирь(ГК)
Россети Томск
Россети Тюмень
Россети Урал(ГК)
Россети Центр
Россети Центр иПриволжье (ГК)
Россети Юг (Г…
РоссетиЯнтарь
0
-5
5
п.п.
Отклонения фактического уровня потерь от бизнес-плана за 3 месяца (нарастающим итогом)
-0.2-0.2
-0.1-0.1
-0.5-0.5
-0.3-0.3
3.83.8
-1.8-1.8
-0.1-0.1
-0.3-0.3
-0.2-0.2
0.40.4
-0.7-0.7
-0.4-0.4
8.08.0
0.30.3
13.213.2
-0.2-0.2
-0.1-0.1
-0.2-0.2
-0.3-0.3
4.14.1
-1.8-1.8
-0.1-0.1
-0.3-0.3
-0.2-0.2
0.40.4
-0.7-0.7
-0.5-0.5
8.18.1
0.40.4
12.412.4
-0.2-0.2
-0.2-0.2
-0.3-0.3
4.74.7
-1.4-1.4
-0.3-0.3
-0.2-0.2
-0.5-0.5
-0.4-0.4
0.50.5
12.812.8
Итого по ФСК ЕЭС
Каббалкэнерго
Калмэнерго
АО "Кинешемская электросеть"
АО "Тываэнерго"
АО «ВМЭС»
АО «Воронежская горэлектросеть»
АО «Тульские городские электрические сети»
АО «Чеченэнерго»
АО «Ярославская электросетевая компания»
АО ЕЭСК
Алтайэнерго
Архангельский филиал
Астраханьэнерго
Белгородэнерго
Брянскэнерго
Бурятэнерго
Владимирэнерго
Волгоградэнерго
Вологодский филиал
Воронежэнерго
Дагэнерго
Ивэнерго
Ингушэнерго
-5
15

Статус данных
Просьба обратить внимание
— все данные не занесены
Факт
План
Итого – Факт
Отпуск в сеть 230 146 370
Отпуск из сети 209 300 970
Потери 20 845 400
Итого – План
Отпуск в сеть 225 220 588
Отпуск из сети 205 622 267
Потери 19 598 321
Выполнение бизнес-плана в части показателя «Уровень потерь электроэнергии»
Показатели баланса электроэнергии по ДЗО – Факт 
642 168 3 631 955 20 651 499 52 412 668 47 865 721 55 088 893 50 521 486
506 218 2 312 442 15 078 002 48 697 705 46 573 769 49 682 043 47 031 337
135 950 1 319 513 5 573 496 3 714 964 1 291 953 5 406 850 3 490 149
Показатели баланса электроэнергии по ДЗО – План
608 287 3 403 997 19 485 633 50 003 068 49 871 651 53 713 338 48 819 116
479 095 2 272 993 14 949 980 46 434 624 48 605 475 48 149 456 45 313 619
129 192 1 131 004 4 535 653 3 568 444 1 266 176 5 563 882 3 505 497'

13-01-2025T07:22:06 - [MESSAGE][PASSED] - Text of object 'Object Repository/Страница авторизации/Text' is: 'ДЗО 
Все
Период
1, 2, 3 кв., Октябрь, Ноябрь 2024 года
Отклонения фактического уровня потерь от бизнес-плана, п.п.
-0.07
3.10
3.73
-0.05
0.16
-0.52
-0.27
АО «Тываэнерго»
АО «Чеченэнерго»
Россети Северный Кавказ
Россети Сибирь
Россети Тюмень
Россети Центр (ГК)
Россети Центр и Приволжье (ГК)
-1
0
1
2
3
4
5
6
7

Уровень потерь электроэнергии
АО «Тываэнерго»
АО «Чеченэнерго»
Россети Северный Кавказ
Россети Сибирь
Россети Тюмень
Россети Центр (ГК)
Россети Центр и Приволжье (ГК)
0
10
20
30
40
50
60
70
21.24
|
33.23
23.32
7.14
|
2.54
10.32
|
7.17
|
21.17
36.33
|
27.05
|
7.09
2.70
|
9.80
6.90
п.п.
0.04
Итого
0
0.02
0.04
0.06
%
5.56 5.56
5.52 5.52
План
Факт
1
100

● Бизнес-план выполнен● ●● Превышение бизнес-плана
Отклонения фактического уровня потерь от бизнес-плана за 3 месяца (нарастающим итогом), п.п.
-0.1-0.1
3.73.7
3.83.8
-0.0-0.0
0.10.1
-0.5-0.5
-0.2-0.2
-0.1-0.1
3.23.2
3.93.9
-0.0-0.0
0.10.1
-0.5-0.5
-0.3-0.3
-0.1-0.1
3.13.1
3.73.7
-0.0-0.0
0.20.2
-0.5-0.5
-0.3-0.3
Россети ФСКЕЭС
АО«Тываэнерго»
АО«Чеченэнерго»
Россети Волга
РоссетиКубань
РоссетиЛенэнерго (ГК)
РоссетиМосковскийрегион
РоссетиСеверныйКавказ (ГК)
Россети Северо-Запад
Россети Сибирь(ГК)
Россети Томск
Россети Тюмень
Россети Урал(ГК)
Россети Центр
Россети Центр иПриволжье (ГК)
Россети Юг (Г…
РоссетиЯнтарь
0
-5
5
п.п.
Отклонения фактического уровня потерь от бизнес-плана за 3 месяца (нарастающим итогом)
-0.2-0.2
-0.1-0.1
-0.5-0.5
-0.3-0.3
3.83.8
-1.8-1.8
-0.1-0.1
-0.3-0.3
-0.2-0.2
0.40.4
-0.7-0.7
-0.4-0.4
8.08.0
0.30.3
13.213.2
-0.2-0.2
-0.1-0.1
-0.2-0.2
-0.3-0.3
4.14.1
-1.8-1.8
-0.1-0.1
-0.3-0.3
-0.2-0.2
0.40.4
-0.7-0.7
-0.5-0.5
8.18.1
0.40.4
12.412.4
-0.2-0.2
-0.2-0.2
-0.3-0.3
4.74.7
-1.4-1.4
-0.3-0.3
-0.2-0.2
-0.5-0.5
-0.4-0.4
0.50.5
12.812.8
Итого по ФСК ЕЭС
Каббалкэнерго
Калмэнерго
АО "Кинешемская электросеть"
АО "Тываэнерго"
АО «ВМЭС»
АО «Воронежская горэлектросеть»
АО «Тульские городские электрические сети»
АО «Чеченэнерго»
АО «Ярославская электросетевая компания»
АО ЕЭСК
Алтайэнерго
Архангельский филиал
Астраханьэнерго
Белгородэнерго
Брянскэнерго
Бурятэнерго
Владимирэнерго
Волгоградэнерго
Вологодский филиал
Воронежэнерго
Дагэнерго
Ивэнерго
Ингушэнерго
-5
15

Статус данных
Просьба обратить внимание
— все данные не занесены
Факт
План
Итого – Факт
Отпуск в сеть 230 146 370
Отпуск из сети 209 300 970
Потери 20 845 400
Итого – План
Отпуск в сеть 225 220 588
Отпуск из сети 205 622 267
Потери 19 598 321
Выполнение бизнес-плана в части показателя «Уровень потерь электроэнергии»
Показатели баланса электроэнергии по ДЗО – Факт 
642 168 3 631 955 20 651 499 52 412 668 47 865 721 55 088 893 50 521 486
506 218 2 312 442 15 078 002 48 697 705 46 573 769 49 682 043 47 031 337
135 950 1 319 513 5 573 496 3 714 964 1 291 953 5 406 850 3 490 149
Показатели баланса электроэнергии по ДЗО – План
608 287 3 403 997 19 485 633 50 003 068 49 871 651 53 713 338 48 819 116
479 095 2 272 993 14 949 980 46 434 624 48 605 475 48 149 456 45 313 619
129 192 1 131 004 4 535 653 3 568 444 1 266 176 5 563 882 3 505 497'

13-01-2025T07:22:06 - [TEST_STEP][PASSED] - if (urlText.contains("ошибка") || urlText.contains(searchWord) == false): null

13-01-2025T07:22:06 - [TEST_STEP][PASSED] - Script1686231490255.ZakrytOpoveshenie(): null

13-01-2025T07:22:06 - [TEST_STEP][PASSED] - opoveshenie = getText(findTestObject("Выполнение бизнес-плана/Просьба обратить внимание")): Text of object 'Object Repository/Выполнение бизнес-плана/Просьба обратить внимание' is: 'Просьба обратить внимание'

13-01-2025T07:22:06 - [MESSAGE][PASSED] - Text of object 'Object Repository/Выполнение бизнес-плана/Просьба обратить внимание' is: 'Просьба обратить внимание'

13-01-2025T07:22:06 - [TEST_STEP][PASSED] - println(opoveshenie): null

13-01-2025T07:22:06 - [TEST_STEP][PASSED] - if (opoveshenie == "Просьба обратить внимание"): Object: 'Object Repository/Выполнение бизнес-плана/Закрыть оповещение' is clicked on

13-01-2025T07:22:06 - [TEST_STEP][PASSED] - click(findTestObject("Выполнение бизнес-плана/Закрыть оповещение")): Object: 'Object Repository/Выполнение бизнес-плана/Закрыть оповещение' is clicked on

13-01-2025T07:22:06 - [MESSAGE][PASSED] - Object: 'Object Repository/Выполнение бизнес-плана/Закрыть оповещение' is clicked on

13-01-2025T07:22:06 - [TEST_STEP][PASSED] - click(findTestObject("Object Repository/Выполнение бизнес-плана/Фильтр Дата")): Object: 'Object Repository/Выполнение бизнес-плана/Фильтр Дата' is clicked on

13-01-2025T07:22:07 - [MESSAGE][PASSED] - Object: 'Object Repository/Выполнение бизнес-плана/Фильтр Дата' is clicked on

13-01-2025T07:22:07 - [TEST_STEP][PASSED] - click(findTestObject("Выполнение бизнес-плана/Снять выделение в фильтре Дата")): Object: 'Object Repository/Выполнение бизнес-плана/Снять выделение в фильтре Дата' is clicked on

13-01-2025T07:22:07 - [MESSAGE][PASSED] - Object: 'Object Repository/Выполнение бизнес-плана/Снять выделение в фильтре Дата' is clicked on

13-01-2025T07:22:07 - [TEST_STEP][PASSED] - click(findTestObject("Object Repository/Выполнение бизнес-плана/Применить в фильтре Дата")): Object: 'Object Repository/Выполнение бизнес-плана/Применить в фильтре Дата' is clicked on

13-01-2025T07:22:08 - [MESSAGE][PASSED] - Object: 'Object Repository/Выполнение бизнес-плана/Применить в фильтре Дата' is clicked on

13-01-2025T07:22:08 - [TEST_STEP][PASSED] - delay(70): Delayed 70 second(s)

13-01-2025T07:23:18 - [MESSAGE][PASSED] - Delayed 70 second(s)

13-01-2025T07:23:18 - [TEST_STEP][PASSED] - Script1686231490255.ZakrytOpoveshenie(): null

13-01-2025T07:23:18 - [TEST_STEP][PASSED] - opoveshenie = getText(findTestObject("Выполнение бизнес-плана/Просьба обратить внимание")): Text of object 'Object Repository/Выполнение бизнес-плана/Просьба обратить внимание' is: 'Просьба обратить внимание'

13-01-2025T07:23:18 - [MESSAGE][PASSED] - Text of object 'Object Repository/Выполнение бизнес-плана/Просьба обратить внимание' is: 'Просьба обратить внимание'

13-01-2025T07:23:18 - [TEST_STEP][PASSED] - println(opoveshenie): null

13-01-2025T07:23:18 - [TEST_STEP][PASSED] - if (opoveshenie == "Просьба обратить внимание"): Object: 'Object Repository/Выполнение бизнес-плана/Закрыть оповещение' is clicked on

13-01-2025T07:23:18 - [TEST_STEP][PASSED] - click(findTestObject("Выполнение бизнес-плана/Закрыть оповещение")): Object: 'Object Repository/Выполнение бизнес-плана/Закрыть оповещение' is clicked on

13-01-2025T07:23:19 - [MESSAGE][PASSED] - Object: 'Object Repository/Выполнение бизнес-плана/Закрыть оповещение' is clicked on

13-01-2025T07:23:19 - [TEST_STEP][PASSED] - click(findTestObject("Object Repository/Выполнение бизнес-плана/Фильтр Дата")): Object: 'Object Repository/Выполнение бизнес-плана/Фильтр Дата' is clicked on

13-01-2025T07:23:19 - [MESSAGE][PASSED] - Object: 'Object Repository/Выполнение бизнес-плана/Фильтр Дата' is clicked on

13-01-2025T07:23:19 - [TEST_STEP][PASSED] - scrollToElement(findTestObject("Выполнение бизнес-плана/2024 список"), 30): Scroll to object 'Object Repository/Выполнение бизнес-плана/2024 список' successfully

13-01-2025T07:23:20 - [MESSAGE][PASSED] - Scroll to object 'Object Repository/Выполнение бизнес-плана/2024 список' successfully

13-01-2025T07:23:20 - [TEST_STEP][PASSED] - click(findTestObject("Выполнение бизнес-плана/2024 список")): Object: 'Object Repository/Выполнение бизнес-плана/2024 список' is clicked on

13-01-2025T07:23:20 - [MESSAGE][PASSED] - Object: 'Object Repository/Выполнение бизнес-плана/2024 список' is clicked on

13-01-2025T07:23:20 - [TEST_STEP][PASSED] - scrollToElement(findTestObject("Выполнение бизнес-плана/4 квартал 2024 список"), 30): Scroll to object 'Object Repository/Выполнение бизнес-плана/4 квартал 2024 список' successfully

13-01-2025T07:23:20 - [MESSAGE][PASSED] - Scroll to object 'Object Repository/Выполнение бизнес-плана/4 квартал 2024 список' successfully

13-01-2025T07:23:20 - [TEST_STEP][PASSED] - scrollToElement(findTestObject("Выполнение бизнес-плана/Заголовок дашборда"), 30): Scroll to object 'Object Repository/Выполнение бизнес-плана/Заголовок дашборда' successfully

13-01-2025T07:23:21 - [MESSAGE][PASSED] - Scroll to object 'Object Repository/Выполнение бизнес-плана/Заголовок дашборда' successfully

13-01-2025T07:23:21 - [TEST_STEP][PASSED] - click(findTestObject("Выполнение бизнес-плана/1 квартал 2024 список")): Object: 'Object Repository/Выполнение бизнес-плана/1 квартал 2024 список' is clicked on

13-01-2025T07:23:21 - [MESSAGE][PASSED] - Object: 'Object Repository/Выполнение бизнес-плана/1 квартал 2024 список' is clicked on

13-01-2025T07:23:21 - [TEST_STEP][PASSED] - click(findTestObject("Выполнение бизнес-плана/Январь 2024")): Object: 'Object Repository/Выполнение бизнес-плана/Январь 2024' is clicked on

13-01-2025T07:23:21 - [MESSAGE][PASSED] - Object: 'Object Repository/Выполнение бизнес-плана/Январь 2024' is clicked on

13-01-2025T07:23:21 - [TEST_STEP][PASSED] - click(findTestObject("Выполнение бизнес-плана/Февраль 2024")): Object: 'Object Repository/Выполнение бизнес-плана/Февраль 2024' is clicked on

13-01-2025T07:23:22 - [MESSAGE][PASSED] - Object: 'Object Repository/Выполнение бизнес-плана/Февраль 2024' is clicked on

13-01-2025T07:23:22 - [TEST_STEP][PASSED] - click(findTestObject("Выполнение бизнес-плана/Март 2024")): Object: 'Object Repository/Выполнение бизнес-плана/Март 2024' is clicked on

13-01-2025T07:23:23 - [MESSAGE][PASSED] - Object: 'Object Repository/Выполнение бизнес-плана/Март 2024' is clicked on

13-01-2025T07:23:23 - [TEST_STEP][PASSED] - scrollToElement(findTestObject("Выполнение бизнес-плана/2 квартал 2024"), 30): Scroll to object 'Object Repository/Выполнение бизнес-плана/2 квартал 2024' successfully

13-01-2025T07:23:23 - [MESSAGE][PASSED] - Scroll to object 'Object Repository/Выполнение бизнес-плана/2 квартал 2024' successfully

13-01-2025T07:23:23 - [TEST_STEP][PASSED] - click(findTestObject("Выполнение бизнес-плана/2 квартал 2024")): Object: 'Object Repository/Выполнение бизнес-плана/2 квартал 2024' is clicked on

13-01-2025T07:23:23 - [MESSAGE][PASSED] - Object: 'Object Repository/Выполнение бизнес-плана/2 квартал 2024' is clicked on

13-01-2025T07:23:23 - [TEST_STEP][PASSED] - scrollToElement(findTestObject("Выполнение бизнес-плана/3 квартал 2024 список"), 30): Scroll to object 'Object Repository/Выполнение бизнес-плана/3 квартал 2024 список' successfully

13-01-2025T07:23:24 - [MESSAGE][PASSED] - Scroll to object 'Object Repository/Выполнение бизнес-плана/3 квартал 2024 список' successfully

13-01-2025T07:23:24 - [TEST_STEP][PASSED] - click(findTestObject("Выполнение бизнес-плана/3 квартал 2024"), CONTINUE_ON_FAILURE): Object: 'Object Repository/Выполнение бизнес-плана/3 квартал 2024' is clicked on

13-01-2025T07:23:24 - [MESSAGE][PASSED] - Object: 'Object Repository/Выполнение бизнес-плана/3 квартал 2024' is clicked on

13-01-2025T07:23:24 - [TEST_STEP][PASSED] - scrollToElement(findTestObject("Выполнение бизнес-плана/4 квартал 2024 список"), 30): Scroll to object 'Object Repository/Выполнение бизнес-плана/4 квартал 2024 список' successfully

13-01-2025T07:23:25 - [MESSAGE][PASSED] - Scroll to object 'Object Repository/Выполнение бизнес-плана/4 квартал 2024 список' successfully

13-01-2025T07:23:25 - [TEST_STEP][PASSED] - click(findTestObject("Выполнение бизнес-плана/4 квартал 2024 список"), CONTINUE_ON_FAILURE): Object: 'Object Repository/Выполнение бизнес-плана/4 квартал 2024 список' is clicked on

13-01-2025T07:23:25 - [MESSAGE][PASSED] - Object: 'Object Repository/Выполнение бизнес-плана/4 квартал 2024 список' is clicked on

13-01-2025T07:23:25 - [TEST_STEP][PASSED] - scrollToElement(findTestObject("Выполнение бизнес-плана/Октябрь 2024"), 30): Scroll to object 'Object Repository/Выполнение бизнес-плана/Октябрь 2024' successfully

13-01-2025T07:23:25 - [MESSAGE][PASSED] - Scroll to object 'Object Repository/Выполнение бизнес-плана/Октябрь 2024' successfully

13-01-2025T07:23:25 - [TEST_STEP][PASSED] - click(findTestObject("Выполнение бизнес-плана/Октябрь 2024"), CONTINUE_ON_FAILURE): Object: 'Object Repository/Выполнение бизнес-плана/Октябрь 2024' is clicked on

13-01-2025T07:23:26 - [MESSAGE][PASSED] - Object: 'Object Repository/Выполнение бизнес-плана/Октябрь 2024' is clicked on

13-01-2025T07:23:26 - [TEST_STEP][PASSED] - scrollToElement(findTestObject("Выполнение бизнес-плана/Ноябрь 2024"), 30): Scroll to object 'Object Repository/Выполнение бизнес-плана/Ноябрь 2024' successfully

13-01-2025T07:23:26 - [MESSAGE][PASSED] - Scroll to object 'Object Repository/Выполнение бизнес-плана/Ноябрь 2024' successfully

13-01-2025T07:23:26 - [TEST_STEP][PASSED] - click(findTestObject("Выполнение бизнес-плана/Ноябрь 2024"), CONTINUE_ON_FAILURE): Object: 'Object Repository/Выполнение бизнес-плана/Ноябрь 2024' is clicked on

13-01-2025T07:23:27 - [MESSAGE][PASSED] - Object: 'Object Repository/Выполнение бизнес-плана/Ноябрь 2024' is clicked on

13-01-2025T07:23:27 - [TEST_STEP][PASSED] - click(findTestObject("Object Repository/Выполнение бизнес-плана/Применить в фильтре Дата")): Object: 'Object Repository/Выполнение бизнес-плана/Применить в фильтре Дата' is clicked on

13-01-2025T07:23:28 - [MESSAGE][PASSED] - Object: 'Object Repository/Выполнение бизнес-плана/Применить в фильтре Дата' is clicked on

13-01-2025T07:23:28 - [TEST_STEP][PASSED] - scrollToElement(findTestObject("Выполнение бизнес-плана/Заголовок дашборда"), 30): Scroll to object 'Object Repository/Выполнение бизнес-плана/Заголовок дашборда' successfully

13-01-2025T07:23:58 - [MESSAGE][PASSED] - Scroll to object 'Object Repository/Выполнение бизнес-плана/Заголовок дашборда' successfully

13-01-2025T07:23:58 - [TEST_STEP][PASSED] - delay(70): Delayed 70 second(s)

13-01-2025T07:25:08 - [MESSAGE][PASSED] - Delayed 70 second(s)

13-01-2025T07:25:08 - [TEST_STEP][PASSED] - Script1686231490255.ZakrytOpoveshenie(): null

13-01-2025T07:25:08 - [TEST_STEP][PASSED] - opoveshenie = getText(findTestObject("Выполнение бизнес-плана/Просьба обратить внимание")): Text of object 'Object Repository/Выполнение бизнес-плана/Просьба обратить внимание' is: 'Просьба обратить внимание'

13-01-2025T07:25:08 - [MESSAGE][PASSED] - Text of object 'Object Repository/Выполнение бизнес-плана/Просьба обратить внимание' is: 'Просьба обратить внимание'

13-01-2025T07:25:08 - [TEST_STEP][PASSED] - println(opoveshenie): null

13-01-2025T07:25:08 - [TEST_STEP][PASSED] - if (opoveshenie == "Просьба обратить внимание"): Object: 'Object Repository/Выполнение бизнес-плана/Закрыть оповещение' is clicked on

13-01-2025T07:25:08 - [TEST_STEP][PASSED] - click(findTestObject("Выполнение бизнес-плана/Закрыть оповещение")): Object: 'Object Repository/Выполнение бизнес-плана/Закрыть оповещение' is clicked on

13-01-2025T07:25:08 - [MESSAGE][PASSED] - Object: 'Object Repository/Выполнение бизнес-плана/Закрыть оповещение' is clicked on

13-01-2025T07:25:08 - [TEST_STEP][PASSED] - click(findTestObject("Object Repository/Выполнение бизнес-плана/Фильтр ДЗО")): Object: 'Object Repository/Выполнение бизнес-плана/Фильтр ДЗО' is clicked on

13-01-2025T07:25:09 - [MESSAGE][PASSED] - Object: 'Object Repository/Выполнение бизнес-плана/Фильтр ДЗО' is clicked on

13-01-2025T07:25:09 - [TEST_STEP][PASSED] - click(findTestObject("Выполнение бизнес-плана/Снять выделение в фильтре ДЗО")): Object: 'Object Repository/Выполнение бизнес-плана/Снять выделение в фильтре ДЗО' is clicked on

13-01-2025T07:25:09 - [MESSAGE][PASSED] - Object: 'Object Repository/Выполнение бизнес-плана/Снять выделение в фильтре ДЗО' is clicked on

13-01-2025T07:25:09 - [TEST_STEP][PASSED] - click(findTestObject("Выполнение бизнес-плана/ПАО Россети")): Object: 'Object Repository/Выполнение бизнес-плана/ПАО Россети' is clicked on

13-01-2025T07:25:10 - [MESSAGE][PASSED] - Object: 'Object Repository/Выполнение бизнес-плана/ПАО Россети' is clicked on

13-01-2025T07:25:10 - [TEST_STEP][PASSED] - click(findTestObject("Object Repository/Выполнение бизнес-плана/Применить в фильтре ДЗО")): Object: 'Object Repository/Выполнение бизнес-плана/Применить в фильтре ДЗО' is clicked on

13-01-2025T07:25:11 - [MESSAGE][PASSED] - Object: 'Object Repository/Выполнение бизнес-плана/Применить в фильтре ДЗО' is clicked on

13-01-2025T07:25:11 - [TEST_STEP][PASSED] - delay(70): Delayed 70 second(s)

13-01-2025T07:26:21 - [MESSAGE][PASSED] - Delayed 70 second(s)

13-01-2025T07:26:21 - [TEST_STEP][PASSED] - if (run == 1): null

13-01-2025T07:26:21 - [TEST_STEP][PASSED] - user = "админ": null

13-01-2025T07:26:21 - [TEST_STEP][PASSED] - a1 = getText(findTestObject("Выполнение бизнес-плана/Проценты")): Text of object 'Object Repository/Выполнение бизнес-плана/Проценты' is: '%
5.56 5.56
5.52 5.52
План
Факт
1
100'

13-01-2025T07:26:21 - [MESSAGE][PASSED] - Text of object 'Object Repository/Выполнение бизнес-плана/Проценты' is: '%
5.56 5.56
5.52 5.52
План
Факт
1
100'

13-01-2025T07:26:21 - [TEST_STEP][PASSED] - a2 = getText(findTestObject("Выполнение бизнес-плана/vidget 2")): Text of object 'Object Repository/Выполнение бизнес-плана/vidget 2' is: 'АО «Тываэнерго»
АО «Чеченэнерго»
Россети Северный Кавказ
Россети Сибирь
Россети Тюмень
Россети Центр (ГК)
Россети Центр и Приволжье (ГК)
0
10
20
30
40
50
60
70'

13-01-2025T07:26:21 - [MESSAGE][PASSED] - Text of object 'Object Repository/Выполнение бизнес-плана/vidget 2' is: 'АО «Тываэнерго»
АО «Чеченэнерго»
Россети Северный Кавказ
Россети Сибирь
Россети Тюмень
Россети Центр (ГК)
Россети Центр и Приволжье (ГК)
0
10
20
30
40
50
60
70'

13-01-2025T07:26:21 - [TEST_STEP][PASSED] - a3 = getText(findTestObject("Выполнение бизнес-плана/table")): Text of object 'Object Repository/Выполнение бизнес-плана/table' is: ''

13-01-2025T07:26:22 - [MESSAGE][PASSED] - Text of object 'Object Repository/Выполнение бизнес-плана/table' is: ''

13-01-2025T07:26:22 - [TEST_STEP][PASSED] - a4 = getText(findTestObject("Выполнение бизнес-плана/Список ДЗО")): Text of object 'Object Repository/Выполнение бизнес-плана/Список ДЗО' is: '-0.07
3.10
3.73
-0.05
0.16
-0.52
-0.27
АО «Тываэнерго»
АО «Чеченэнерго»
Россети Северный Кавказ
Россети Сибирь
Россети Тюмень
Россети Центр (ГК)
Россети Центр и Приволжье (ГК)
-1
0
1
2
3
4
5
6
7'

13-01-2025T07:26:22 - [MESSAGE][PASSED] - Text of object 'Object Repository/Выполнение бизнес-плана/Список ДЗО' is: '-0.07
3.10
3.73
-0.05
0.16
-0.52
-0.27
АО «Тываэнерго»
АО «Чеченэнерго»
Россети Северный Кавказ
Россети Сибирь
Россети Тюмень
Россети Центр (ГК)
Россети Центр и Приволжье (ГК)
-1
0
1
2
3
4
5
6
7'

13-01-2025T07:26:22 - [TEST_STEP][PASSED] - a5 = getText(findTestObject("Выполнение бизнес-плана/svg1")): Text of object 'Object Repository/Выполнение бизнес-плана/svg1' is: '%
5.56 5.56
5.52 5.52
План
Факт
1
100'

13-01-2025T07:26:22 - [MESSAGE][PASSED] - Text of object 'Object Repository/Выполнение бизнес-плана/svg1' is: '%
5.56 5.56
5.52 5.52
План
Факт
1
100'

13-01-2025T07:26:22 - [TEST_STEP][PASSED] - a6 = getText(findTestObject("Выполнение бизнес-плана/svg2")): Text of object 'Object Repository/Выполнение бизнес-плана/svg2' is: 'п.п.
0.04
Итого
0
0.02
0.04
0.06'

13-01-2025T07:26:23 - [MESSAGE][PASSED] - Text of object 'Object Repository/Выполнение бизнес-плана/svg2' is: 'п.п.
0.04
Итого
0
0.02
0.04
0.06'

13-01-2025T07:26:23 - [TEST_STEP][PASSED] - a7 = getText(findTestObject("Выполнение бизнес-плана/Значения со страницы Выполнение бизнес-плана/Факт Отпуск в сеть за отчётный период ПАО Россети")): Text of object 'Object Repository/Выполнение бизнес-плана/Значения со страницы Выполнение бизнес-плана/Факт Отпуск в сеть за отчётный период ПАО Россети' is: '230 146 370'

13-01-2025T07:26:23 - [MESSAGE][PASSED] - Text of object 'Object Repository/Выполнение бизнес-плана/Значения со страницы Выполнение бизнес-плана/Факт Отпуск в сеть за отчётный период ПАО Россети' is: '230 146 370'

13-01-2025T07:26:23 - [TEST_STEP][PASSED] - a8 = getText(findTestObject("Выполнение бизнес-плана/Значения со страницы Выполнение бизнес-плана/Факт Отпуск из сети за отчётный период ПАО Россети")): Text of object 'Object Repository/Выполнение бизнес-плана/Значения со страницы Выполнение бизнес-плана/Факт Отпуск из сети за отчётный период ПАО Россети' is: '209 300 970'

13-01-2025T07:26:23 - [MESSAGE][PASSED] - Text of object 'Object Repository/Выполнение бизнес-плана/Значения со страницы Выполнение бизнес-плана/Факт Отпуск из сети за отчётный период ПАО Россети' is: '209 300 970'

13-01-2025T07:26:23 - [TEST_STEP][PASSED] - a9 = getText(findTestObject("Выполнение бизнес-плана/Значения со страницы Выполнение бизнес-плана/Факт Потери за отчётный период ПАО Россети")): Text of object 'Object Repository/Выполнение бизнес-плана/Значения со страницы Выполнение бизнес-плана/Факт Потери за отчётный период ПАО Россети' is: '20 845 400'

13-01-2025T07:26:23 - [MESSAGE][PASSED] - Text of object 'Object Repository/Выполнение бизнес-плана/Значения со страницы Выполнение бизнес-плана/Факт Потери за отчётный период ПАО Россети' is: '20 845 400'

13-01-2025T07:26:23 - [TEST_STEP][PASSED] - Script1686231490255.WriteToExcel(user, dashboardName, n, data, run, a1, a2, a3, a4, a5, a6, a7, a8, a9): null

13-01-2025T07:26:23 - [TEST_STEP][PASSED] - sheetName = "Sheet1": null

13-01-2025T07:26:23 - [TEST_STEP][PASSED] - workbook01 = getWorkbook(excelFilePath): null

13-01-2025T07:26:24 - [TEST_STEP][PASSED] - sheet01 = getExcelSheet(workbook01, sheetName): null

13-01-2025T07:26:24 - [TEST_STEP][PASSED] - setValueToCellByIndex(sheet01, n, 0, dashboardName): null

13-01-2025T07:26:24 - [TEST_STEP][PASSED] - setValueToCellByIndex(sheet01, n, 10, user): null

13-01-2025T07:26:24 - [TEST_STEP][PASSED] - setValueToCellByIndex(sheet01, n, 1, a1): null

13-01-2025T07:26:24 - [TEST_STEP][PASSED] - setValueToCellByIndex(sheet01, n, 2, a2): null

13-01-2025T07:26:24 - [TEST_STEP][PASSED] - setValueToCellByIndex(sheet01, n, 3, a3): null

13-01-2025T07:26:24 - [TEST_STEP][PASSED] - setValueToCellByIndex(sheet01, n, 4, a4): null

13-01-2025T07:26:24 - [TEST_STEP][PASSED] - setValueToCellByIndex(sheet01, n, 5, a5): null

13-01-2025T07:26:24 - [TEST_STEP][PASSED] - setValueToCellByIndex(sheet01, n, 6, a6): null

13-01-2025T07:26:24 - [TEST_STEP][PASSED] - setValueToCellByIndex(sheet01, n, 7, a7): null

13-01-2025T07:26:24 - [TEST_STEP][PASSED] - setValueToCellByIndex(sheet01, n, 8, a8): null

13-01-2025T07:26:24 - [TEST_STEP][PASSED] - setValueToCellByIndex(sheet01, n, 9, a9): null

13-01-2025T07:26:24 - [TEST_STEP][PASSED] - n = n + 1: null

13-01-2025T07:26:24 - [TEST_STEP][PASSED] - saveWorkbook(excelFilePath, workbook01): null

13-01-2025T07:26:24 - [TEST_STEP][PASSED] - if (run == 2): null

13-01-2025T07:26:24 - [TEST_STEP][PASSED] - if (run == 3): null

13-01-2025T07:26:24 - [TEST_STEP][PASSED] - closeBrowser(): null

13-01-2025T07:26:24 - [MESSAGE][PASSED] - Browser is closed

13-01-2025T07:26:24 - [TEST_STEP][PASSED] - VipolnenieBiznesPlana(user, dashboardName, n, data, run, a1, a2, a3, a4, a5, a6, a7, a8, a9, urlData): null

13-01-2025T07:26:24 - [TEST_STEP][PASSED] - n = data.getRowNumbers() + 1: null

13-01-2025T07:26:24 - [TEST_STEP][PASSED] - println(n): null

13-01-2025T07:26:24 - [TEST_STEP][PASSED] - dashboardName = "Выполнение бизнес-плана": null

13-01-2025T07:26:24 - [TEST_STEP][PASSED] - openBrowser(""): Browser is opened with url: ''

13-01-2025T07:26:24 - [MESSAGE][INFO] - Starting 'Chrome' driver

13-01-2025T07:26:24 - [MESSAGE][INFO] - Action delay is set to 0 milliseconds

13-01-2025T07:26:25 - [MESSAGE][PASSED] - Browser is opened with url: ''

13-01-2025T07:26:25 - [TEST_STEP][PASSED] - urlData = 1: null

13-01-2025T07:26:25 - [TEST_STEP][PASSED] - Script1686231490255.CheckPageDownload(urlData, run): null

13-01-2025T07:26:25 - [TEST_STEP][PASSED] - i = 1: null

13-01-2025T07:26:25 - [TEST_STEP][PASSED] - ii = 0: null

13-01-2025T07:26:25 - [TEST_STEP][PASSED] - urlText = <not implemented yet for class: org.codehaus.groovy.ast.expr.EmptyExpression>: null

13-01-2025T07:26:25 - [TEST_STEP][PASSED] - searchWord = <not implemented yet for class: org.codehaus.groovy.ast.expr.EmptyExpression>: null

13-01-2025T07:26:25 - [TEST_STEP][PASSED] - deleteAllCookies(): Delete all cookies successfully

13-01-2025T07:26:25 - [MESSAGE][PASSED] - Delete all cookies successfully

13-01-2025T07:26:25 - [TEST_STEP][PASSED] - refresh(): Refresh successfully

13-01-2025T07:26:25 - [MESSAGE][PASSED] - Refresh successfully

13-01-2025T07:26:25 - [TEST_STEP][PASSED] - delay(70): Delayed 70 second(s)

13-01-2025T07:27:35 - [MESSAGE][PASSED] - Delayed 70 second(s)

13-01-2025T07:27:35 - [TEST_STEP][PASSED] - navigateToUrl(findTestData("PlanFact").getValue(10, urlData)): Navigate to 'https://bi.rosseti.digital/viewer?dashboardGuid=d154a8eaf6824e2b9de1bb04dd061c18&sheetGuid=1305e8ce744049e1abdacea1ea397a26&fit=true' successfully

13-01-2025T07:27:43 - [MESSAGE][PASSED] - Navigate to 'https://bi.rosseti.digital/viewer?dashboardGuid=d154a8eaf6824e2b9de1bb04dd061c18&sheetGuid=1305e8ce744049e1abdacea1ea397a26&fit=true' successfully

13-01-2025T07:27:43 - [TEST_STEP][PASSED] - pageLoaded1 = verifyElementPresent(findTestObject("Страница авторизации/Text"), 30): Object 'Object Repository/Страница авторизации/Text' is present

13-01-2025T07:27:44 - [MESSAGE][PASSED] - Object 'Object Repository/Страница авторизации/Text' is present

13-01-2025T07:27:44 - [TEST_STEP][PASSED] - if (pageLoaded1 == false): null

13-01-2025T07:27:44 - [TEST_STEP][PASSED] - urlText = getText(findTestObject("Страница авторизации/Text")): Text of object 'Object Repository/Страница авторизации/Text' is: 'Вход'

13-01-2025T07:27:44 - [MESSAGE][PASSED] - Text of object 'Object Repository/Страница авторизации/Text' is: 'Вход'

13-01-2025T07:27:44 - [TEST_STEP][PASSED] - delay(70): Delayed 70 second(s)

13-01-2025T07:28:54 - [MESSAGE][PASSED] - Delayed 70 second(s)

13-01-2025T07:28:54 - [TEST_STEP][PASSED] - searchWord = "Вход": null

13-01-2025T07:28:54 - [TEST_STEP][PASSED] - if (urlText.contains(searchWord) == false): null

13-01-2025T07:28:54 - [TEST_STEP][PASSED] - setText(findTestObject("Страница авторизации/input__username"), findTestData("PlanFact").getValue(8, run)): Text 'Andreeva-EV' is set on object 'Object Repository/Страница авторизации/input__username'

13-01-2025T07:28:54 - [MESSAGE][PASSED] - Text 'Andreeva-EV' is set on object 'Object Repository/Страница авторизации/input__username'

13-01-2025T07:28:54 - [TEST_STEP][PASSED] - setText(findTestObject("Страница авторизации/input__password"), findTestData("PlanFact").getValue(9, run)): Text '2nPePKDwCPH3ul7xMZ' is set on object 'Object Repository/Страница авторизации/input__password'

13-01-2025T07:28:55 - [MESSAGE][PASSED] - Text '2nPePKDwCPH3ul7xMZ' is set on object 'Object Repository/Страница авторизации/input__password'

13-01-2025T07:28:55 - [TEST_STEP][PASSED] - click(findTestObject("Страница авторизации/button_")): Object: 'Object Repository/Страница авторизации/button_' is clicked on

13-01-2025T07:28:57 - [MESSAGE][PASSED] - Object: 'Object Repository/Страница авторизации/button_' is clicked on

13-01-2025T07:28:57 - [TEST_STEP][PASSED] - delay(70): Delayed 70 second(s)

13-01-2025T07:30:07 - [MESSAGE][PASSED] - Delayed 70 second(s)

13-01-2025T07:30:07 - [TEST_STEP][PASSED] - searchWord = "а": null

13-01-2025T07:30:07 - [TEST_STEP][PASSED] - pageLoaded2 = verifyElementPresent(findTestObject("Страница авторизации/Text"), 50): Object 'Object Repository/Страница авторизации/Text' is present

13-01-2025T07:30:09 - [MESSAGE][PASSED] - Object 'Object Repository/Страница авторизации/Text' is present

13-01-2025T07:30:09 - [TEST_STEP][PASSED] - if (pageLoaded2 == false): null

13-01-2025T07:30:09 - [TEST_STEP][PASSED] - urlText = getText(findTestObject("Страница авторизации/Text")): Text of object 'Object Repository/Страница авторизации/Text' is: 'ДЗО 
Все
Период
1, 2, 3 кв., Октябрь, Ноябрь 2024 года
Отклонения фактического уровня потерь от бизнес-плана, п.п.
-0.07
3.10
3.73
-0.05
0.16
-0.52
-0.27
АО «Тываэнерго»
АО «Чеченэнерго»
Россети Северный Кавказ
Россети Сибирь
Россети Тюмень
Россети Центр (ГК)
Россети Центр и Приволжье (ГК)
-1
0
1
2
3
4
5
6
7

Уровень потерь электроэнергии
АО «Тываэнерго»
АО «Чеченэнерго»
Россети Северный Кавказ
Россети Сибирь
Россети Тюмень
Россети Центр (ГК)
Россети Центр и Приволжье (ГК)
0
10
20
30
40
50
60
70
21.24
|
33.23
23.32
7.14
|
2.54
10.32
|
7.17
|
21.17
36.33
|
27.05
|
7.09
2.70
|
9.80
6.90
п.п.
0.04
Итого
0
0.02
0.04
0.06
%
5.56 5.56
5.52 5.52
План
Факт
1
100

● Бизнес-план выполнен● ●● Превышение бизнес-плана
Отклонения фактического уровня потерь от бизнес-плана за 3 месяца (нарастающим итогом), п.п.
-0.1-0.1
3.73.7
3.83.8
-0.0-0.0
0.10.1
-0.5-0.5
-0.2-0.2
-0.1-0.1
3.23.2
3.93.9
-0.0-0.0
0.10.1
-0.5-0.5
-0.3-0.3
-0.1-0.1
3.13.1
3.73.7
-0.0-0.0
0.20.2
-0.5-0.5
-0.3-0.3
Россети ФСКЕЭС
АО«Тываэнерго»
АО«Чеченэнерго»
Россети Волга
РоссетиКубань
РоссетиЛенэнерго (ГК)
РоссетиМосковскийрегион
РоссетиСеверныйКавказ (ГК)
Россети Северо-Запад
Россети Сибирь(ГК)
Россети Томск
Россети Тюмень
Россети Урал(ГК)
Россети Центр
Россети Центр иПриволжье (ГК)
Россети Юг (Г…
РоссетиЯнтарь
0
-5
5
п.п.
Отклонения фактического уровня потерь от бизнес-плана за 3 месяца (нарастающим итогом)
-0.2-0.2
-0.1-0.1
-0.5-0.5
-0.3-0.3
3.83.8
-1.8-1.8
-0.1-0.1
-0.3-0.3
-0.2-0.2
0.40.4
-0.7-0.7
-0.4-0.4
8.08.0
0.30.3
13.213.2
-0.2-0.2
-0.1-0.1
-0.2-0.2
-0.3-0.3
4.14.1
-1.8-1.8
-0.1-0.1
-0.3-0.3
-0.2-0.2
0.40.4
-0.7-0.7
-0.5-0.5
8.18.1
0.40.4
12.412.4
-0.2-0.2
-0.2-0.2
-0.3-0.3
4.74.7
-1.4-1.4
-0.3-0.3
-0.2-0.2
-0.5-0.5
-0.4-0.4
0.50.5
12.812.8
Итого по ФСК ЕЭС
Каббалкэнерго
Калмэнерго
АО "Кинешемская электросеть"
АО "Тываэнерго"
АО «ВМЭС»
АО «Воронежская горэлектросеть»
АО «Тульские городские электрические сети»
АО «Чеченэнерго»
АО «Ярославская электросетевая компания»
АО ЕЭСК
Алтайэнерго
Архангельский филиал
Астраханьэнерго
Белгородэнерго
Брянскэнерго
Бурятэнерго
Владимирэнерго
Волгоградэнерго
Вологодский филиал
Воронежэнерго
Дагэнерго
Ивэнерго
Ингушэнерго
-5
15

Статус данных
Просьба обратить внимание
— все данные не занесены
Факт
План
Итого – Факт
Отпуск в сеть 230 146 370
Отпуск из сети 209 300 970
Потери 20 845 400
Итого – План
Отпуск в сеть 225 220 588
Отпуск из сети 205 622 267
Потери 19 598 321
Выполнение бизнес-плана в части показателя «Уровень потерь электроэнергии»
Показатели баланса электроэнергии по ДЗО – Факт 
642 168 3 631 955 20 651 499 52 412 668 47 865 721 55 088 893 50 521 486
506 218 2 312 442 15 078 002 48 697 705 46 573 769 49 682 043 47 031 337
135 950 1 319 513 5 573 496 3 714 964 1 291 953 5 406 850 3 490 149
Показатели баланса электроэнергии по ДЗО – План
608 287 3 403 997 19 485 633 50 003 068 49 871 651 53 713 338 48 819 116
479 095 2 272 993 14 949 980 46 434 624 48 605 475 48 149 456 45 313 619
129 192 1 131 004 4 535 653 3 568 444 1 266 176 5 563 882 3 505 497'

13-01-2025T07:30:11 - [MESSAGE][PASSED] - Text of object 'Object Repository/Страница авторизации/Text' is: 'ДЗО 
Все
Период
1, 2, 3 кв., Октябрь, Ноябрь 2024 года
Отклонения фактического уровня потерь от бизнес-плана, п.п.
-0.07
3.10
3.73
-0.05
0.16
-0.52
-0.27
АО «Тываэнерго»
АО «Чеченэнерго»
Россети Северный Кавказ
Россети Сибирь
Россети Тюмень
Россети Центр (ГК)
Россети Центр и Приволжье (ГК)
-1
0
1
2
3
4
5
6
7

Уровень потерь электроэнергии
АО «Тываэнерго»
АО «Чеченэнерго»
Россети Северный Кавказ
Россети Сибирь
Россети Тюмень
Россети Центр (ГК)
Россети Центр и Приволжье (ГК)
0
10
20
30
40
50
60
70
21.24
|
33.23
23.32
7.14
|
2.54
10.32
|
7.17
|
21.17
36.33
|
27.05
|
7.09
2.70
|
9.80
6.90
п.п.
0.04
Итого
0
0.02
0.04
0.06
%
5.56 5.56
5.52 5.52
План
Факт
1
100

● Бизнес-план выполнен● ●● Превышение бизнес-плана
Отклонения фактического уровня потерь от бизнес-плана за 3 месяца (нарастающим итогом), п.п.
-0.1-0.1
3.73.7
3.83.8
-0.0-0.0
0.10.1
-0.5-0.5
-0.2-0.2
-0.1-0.1
3.23.2
3.93.9
-0.0-0.0
0.10.1
-0.5-0.5
-0.3-0.3
-0.1-0.1
3.13.1
3.73.7
-0.0-0.0
0.20.2
-0.5-0.5
-0.3-0.3
Россети ФСКЕЭС
АО«Тываэнерго»
АО«Чеченэнерго»
Россети Волга
РоссетиКубань
РоссетиЛенэнерго (ГК)
РоссетиМосковскийрегион
РоссетиСеверныйКавказ (ГК)
Россети Северо-Запад
Россети Сибирь(ГК)
Россети Томск
Россети Тюмень
Россети Урал(ГК)
Россети Центр
Россети Центр иПриволжье (ГК)
Россети Юг (Г…
РоссетиЯнтарь
0
-5
5
п.п.
Отклонения фактического уровня потерь от бизнес-плана за 3 месяца (нарастающим итогом)
-0.2-0.2
-0.1-0.1
-0.5-0.5
-0.3-0.3
3.83.8
-1.8-1.8
-0.1-0.1
-0.3-0.3
-0.2-0.2
0.40.4
-0.7-0.7
-0.4-0.4
8.08.0
0.30.3
13.213.2
-0.2-0.2
-0.1-0.1
-0.2-0.2
-0.3-0.3
4.14.1
-1.8-1.8
-0.1-0.1
-0.3-0.3
-0.2-0.2
0.40.4
-0.7-0.7
-0.5-0.5
8.18.1
0.40.4
12.412.4
-0.2-0.2
-0.2-0.2
-0.3-0.3
4.74.7
-1.4-1.4
-0.3-0.3
-0.2-0.2
-0.5-0.5
-0.4-0.4
0.50.5
12.812.8
Итого по ФСК ЕЭС
Каббалкэнерго
Калмэнерго
АО "Кинешемская электросеть"
АО "Тываэнерго"
АО «ВМЭС»
АО «Воронежская горэлектросеть»
АО «Тульские городские электрические сети»
АО «Чеченэнерго»
АО «Ярославская электросетевая компания»
АО ЕЭСК
Алтайэнерго
Архангельский филиал
Астраханьэнерго
Белгородэнерго
Брянскэнерго
Бурятэнерго
Владимирэнерго
Волгоградэнерго
Вологодский филиал
Воронежэнерго
Дагэнерго
Ивэнерго
Ингушэнерго
-5
15

Статус данных
Просьба обратить внимание
— все данные не занесены
Факт
План
Итого – Факт
Отпуск в сеть 230 146 370
Отпуск из сети 209 300 970
Потери 20 845 400
Итого – План
Отпуск в сеть 225 220 588
Отпуск из сети 205 622 267
Потери 19 598 321
Выполнение бизнес-плана в части показателя «Уровень потерь электроэнергии»
Показатели баланса электроэнергии по ДЗО – Факт 
642 168 3 631 955 20 651 499 52 412 668 47 865 721 55 088 893 50 521 486
506 218 2 312 442 15 078 002 48 697 705 46 573 769 49 682 043 47 031 337
135 950 1 319 513 5 573 496 3 714 964 1 291 953 5 406 850 3 490 149
Показатели баланса электроэнергии по ДЗО – План
608 287 3 403 997 19 485 633 50 003 068 49 871 651 53 713 338 48 819 116
479 095 2 272 993 14 949 980 46 434 624 48 605 475 48 149 456 45 313 619
129 192 1 131 004 4 535 653 3 568 444 1 266 176 5 563 882 3 505 497'

13-01-2025T07:30:11 - [TEST_STEP][PASSED] - if (urlText.contains("ошибка") || urlText.contains(searchWord) == false): null

13-01-2025T07:30:11 - [TEST_STEP][PASSED] - Script1686231490255.ZakrytOpoveshenie(): null

13-01-2025T07:30:11 - [TEST_STEP][PASSED] - opoveshenie = getText(findTestObject("Выполнение бизнес-плана/Просьба обратить внимание")): Text of object 'Object Repository/Выполнение бизнес-плана/Просьба обратить внимание' is: 'Просьба обратить внимание'

13-01-2025T07:30:11 - [MESSAGE][PASSED] - Text of object 'Object Repository/Выполнение бизнес-плана/Просьба обратить внимание' is: 'Просьба обратить внимание'

13-01-2025T07:30:11 - [TEST_STEP][PASSED] - println(opoveshenie): null

13-01-2025T07:30:11 - [TEST_STEP][PASSED] - if (opoveshenie == "Просьба обратить внимание"): Object: 'Object Repository/Выполнение бизнес-плана/Закрыть оповещение' is clicked on

13-01-2025T07:30:11 - [TEST_STEP][PASSED] - click(findTestObject("Выполнение бизнес-плана/Закрыть оповещение")): Object: 'Object Repository/Выполнение бизнес-плана/Закрыть оповещение' is clicked on

13-01-2025T07:30:11 - [MESSAGE][PASSED] - Object: 'Object Repository/Выполнение бизнес-плана/Закрыть оповещение' is clicked on

13-01-2025T07:30:11 - [TEST_STEP][PASSED] - click(findTestObject("Object Repository/Выполнение бизнес-плана/Фильтр Дата")): Object: 'Object Repository/Выполнение бизнес-плана/Фильтр Дата' is clicked on

13-01-2025T07:30:12 - [MESSAGE][PASSED] - Object: 'Object Repository/Выполнение бизнес-плана/Фильтр Дата' is clicked on

13-01-2025T07:30:12 - [TEST_STEP][PASSED] - click(findTestObject("Выполнение бизнес-плана/Снять выделение в фильтре Дата")): Object: 'Object Repository/Выполнение бизнес-плана/Снять выделение в фильтре Дата' is clicked on

13-01-2025T07:30:12 - [MESSAGE][PASSED] - Object: 'Object Repository/Выполнение бизнес-плана/Снять выделение в фильтре Дата' is clicked on

13-01-2025T07:30:12 - [TEST_STEP][PASSED] - click(findTestObject("Object Repository/Выполнение бизнес-плана/Применить в фильтре Дата")): Object: 'Object Repository/Выполнение бизнес-плана/Применить в фильтре Дата' is clicked on

13-01-2025T07:30:13 - [MESSAGE][PASSED] - Object: 'Object Repository/Выполнение бизнес-плана/Применить в фильтре Дата' is clicked on

13-01-2025T07:30:13 - [TEST_STEP][PASSED] - delay(70): Delayed 70 second(s)

13-01-2025T07:31:23 - [MESSAGE][PASSED] - Delayed 70 second(s)

13-01-2025T07:31:23 - [TEST_STEP][PASSED] - Script1686231490255.ZakrytOpoveshenie(): null

13-01-2025T07:31:23 - [TEST_STEP][PASSED] - opoveshenie = getText(findTestObject("Выполнение бизнес-плана/Просьба обратить внимание")): Text of object 'Object Repository/Выполнение бизнес-плана/Просьба обратить внимание' is: 'Просьба обратить внимание'

13-01-2025T07:31:23 - [MESSAGE][PASSED] - Text of object 'Object Repository/Выполнение бизнес-плана/Просьба обратить внимание' is: 'Просьба обратить внимание'

13-01-2025T07:31:23 - [TEST_STEP][PASSED] - println(opoveshenie): null

13-01-2025T07:31:23 - [TEST_STEP][PASSED] - if (opoveshenie == "Просьба обратить внимание"): Object: 'Object Repository/Выполнение бизнес-плана/Закрыть оповещение' is clicked on

13-01-2025T07:31:23 - [TEST_STEP][PASSED] - click(findTestObject("Выполнение бизнес-плана/Закрыть оповещение")): Object: 'Object Repository/Выполнение бизнес-плана/Закрыть оповещение' is clicked on

13-01-2025T07:31:24 - [MESSAGE][PASSED] - Object: 'Object Repository/Выполнение бизнес-плана/Закрыть оповещение' is clicked on

13-01-2025T07:31:24 - [TEST_STEP][PASSED] - click(findTestObject("Object Repository/Выполнение бизнес-плана/Фильтр Дата")): Object: 'Object Repository/Выполнение бизнес-плана/Фильтр Дата' is clicked on

13-01-2025T07:31:24 - [MESSAGE][PASSED] - Object: 'Object Repository/Выполнение бизнес-плана/Фильтр Дата' is clicked on

13-01-2025T07:31:24 - [TEST_STEP][PASSED] - scrollToElement(findTestObject("Выполнение бизнес-плана/2024 список"), 30): Scroll to object 'Object Repository/Выполнение бизнес-плана/2024 список' successfully

13-01-2025T07:31:25 - [MESSAGE][PASSED] - Scroll to object 'Object Repository/Выполнение бизнес-плана/2024 список' successfully

13-01-2025T07:31:25 - [TEST_STEP][PASSED] - click(findTestObject("Выполнение бизнес-плана/2024 список")): Object: 'Object Repository/Выполнение бизнес-плана/2024 список' is clicked on

13-01-2025T07:31:25 - [MESSAGE][PASSED] - Object: 'Object Repository/Выполнение бизнес-плана/2024 список' is clicked on

13-01-2025T07:31:25 - [TEST_STEP][PASSED] - scrollToElement(findTestObject("Выполнение бизнес-плана/4 квартал 2024 список"), 30): Scroll to object 'Object Repository/Выполнение бизнес-плана/4 квартал 2024 список' successfully

13-01-2025T07:31:25 - [MESSAGE][PASSED] - Scroll to object 'Object Repository/Выполнение бизнес-плана/4 квартал 2024 список' successfully

13-01-2025T07:31:25 - [TEST_STEP][PASSED] - scrollToElement(findTestObject("Выполнение бизнес-плана/Заголовок дашборда"), 30): Scroll to object 'Object Repository/Выполнение бизнес-плана/Заголовок дашборда' successfully

13-01-2025T07:31:26 - [MESSAGE][PASSED] - Scroll to object 'Object Repository/Выполнение бизнес-плана/Заголовок дашборда' successfully

13-01-2025T07:31:26 - [TEST_STEP][PASSED] - click(findTestObject("Выполнение бизнес-плана/1 квартал 2024 список")): Object: 'Object Repository/Выполнение бизнес-плана/1 квартал 2024 список' is clicked on

13-01-2025T07:31:26 - [MESSAGE][PASSED] - Object: 'Object Repository/Выполнение бизнес-плана/1 квартал 2024 список' is clicked on

13-01-2025T07:31:26 - [TEST_STEP][PASSED] - click(findTestObject("Выполнение бизнес-плана/Январь 2024")): Object: 'Object Repository/Выполнение бизнес-плана/Январь 2024' is clicked on

13-01-2025T07:31:26 - [MESSAGE][PASSED] - Object: 'Object Repository/Выполнение бизнес-плана/Январь 2024' is clicked on

13-01-2025T07:31:26 - [TEST_STEP][PASSED] - click(findTestObject("Выполнение бизнес-плана/Февраль 2024")): Object: 'Object Repository/Выполнение бизнес-плана/Февраль 2024' is clicked on

13-01-2025T07:31:27 - [MESSAGE][PASSED] - Object: 'Object Repository/Выполнение бизнес-плана/Февраль 2024' is clicked on

13-01-2025T07:31:27 - [TEST_STEP][PASSED] - click(findTestObject("Выполнение бизнес-плана/Март 2024")): Object: 'Object Repository/Выполнение бизнес-плана/Март 2024' is clicked on

13-01-2025T07:31:28 - [MESSAGE][PASSED] - Object: 'Object Repository/Выполнение бизнес-плана/Март 2024' is clicked on

13-01-2025T07:31:28 - [TEST_STEP][PASSED] - scrollToElement(findTestObject("Выполнение бизнес-плана/2 квартал 2024"), 30): Scroll to object 'Object Repository/Выполнение бизнес-плана/2 квартал 2024' successfully

13-01-2025T07:31:28 - [MESSAGE][PASSED] - Scroll to object 'Object Repository/Выполнение бизнес-плана/2 квартал 2024' successfully

13-01-2025T07:31:28 - [TEST_STEP][PASSED] - click(findTestObject("Выполнение бизнес-плана/2 квартал 2024")): Object: 'Object Repository/Выполнение бизнес-плана/2 квартал 2024' is clicked on

13-01-2025T07:31:28 - [MESSAGE][PASSED] - Object: 'Object Repository/Выполнение бизнес-плана/2 квартал 2024' is clicked on

13-01-2025T07:31:28 - [TEST_STEP][PASSED] - scrollToElement(findTestObject("Выполнение бизнес-плана/3 квартал 2024 список"), 30): Scroll to object 'Object Repository/Выполнение бизнес-плана/3 квартал 2024 список' successfully

13-01-2025T07:31:29 - [MESSAGE][PASSED] - Scroll to object 'Object Repository/Выполнение бизнес-плана/3 квартал 2024 список' successfully

13-01-2025T07:31:29 - [TEST_STEP][PASSED] - click(findTestObject("Выполнение бизнес-плана/3 квартал 2024"), CONTINUE_ON_FAILURE): Object: 'Object Repository/Выполнение бизнес-плана/3 квартал 2024' is clicked on

13-01-2025T07:31:29 - [MESSAGE][PASSED] - Object: 'Object Repository/Выполнение бизнес-плана/3 квартал 2024' is clicked on

13-01-2025T07:31:29 - [TEST_STEP][PASSED] - scrollToElement(findTestObject("Выполнение бизнес-плана/4 квартал 2024 список"), 30): Scroll to object 'Object Repository/Выполнение бизнес-плана/4 квартал 2024 список' successfully

13-01-2025T07:31:30 - [MESSAGE][PASSED] - Scroll to object 'Object Repository/Выполнение бизнес-плана/4 квартал 2024 список' successfully

13-01-2025T07:31:30 - [TEST_STEP][PASSED] - click(findTestObject("Выполнение бизнес-плана/4 квартал 2024 список"), CONTINUE_ON_FAILURE): Object: 'Object Repository/Выполнение бизнес-плана/4 квартал 2024 список' is clicked on

13-01-2025T07:31:30 - [MESSAGE][PASSED] - Object: 'Object Repository/Выполнение бизнес-плана/4 квартал 2024 список' is clicked on

13-01-2025T07:31:30 - [TEST_STEP][PASSED] - scrollToElement(findTestObject("Выполнение бизнес-плана/Октябрь 2024"), 30): Scroll to object 'Object Repository/Выполнение бизнес-плана/Октябрь 2024' successfully

13-01-2025T07:31:30 - [MESSAGE][PASSED] - Scroll to object 'Object Repository/Выполнение бизнес-плана/Октябрь 2024' successfully

13-01-2025T07:31:30 - [TEST_STEP][PASSED] - click(findTestObject("Выполнение бизнес-плана/Октябрь 2024"), CONTINUE_ON_FAILURE): Object: 'Object Repository/Выполнение бизнес-плана/Октябрь 2024' is clicked on

13-01-2025T07:31:31 - [MESSAGE][PASSED] - Object: 'Object Repository/Выполнение бизнес-плана/Октябрь 2024' is clicked on

13-01-2025T07:31:31 - [TEST_STEP][PASSED] - scrollToElement(findTestObject("Выполнение бизнес-плана/Ноябрь 2024"), 30): Scroll to object 'Object Repository/Выполнение бизнес-плана/Ноябрь 2024' successfully

13-01-2025T07:31:31 - [MESSAGE][PASSED] - Scroll to object 'Object Repository/Выполнение бизнес-плана/Ноябрь 2024' successfully

13-01-2025T07:31:31 - [TEST_STEP][PASSED] - click(findTestObject("Выполнение бизнес-плана/Ноябрь 2024"), CONTINUE_ON_FAILURE): Object: 'Object Repository/Выполнение бизнес-плана/Ноябрь 2024' is clicked on

13-01-2025T07:31:32 - [MESSAGE][PASSED] - Object: 'Object Repository/Выполнение бизнес-плана/Ноябрь 2024' is clicked on

13-01-2025T07:31:32 - [TEST_STEP][PASSED] - click(findTestObject("Object Repository/Выполнение бизнес-плана/Применить в фильтре Дата")): Object: 'Object Repository/Выполнение бизнес-плана/Применить в фильтре Дата' is clicked on

13-01-2025T07:31:33 - [MESSAGE][PASSED] - Object: 'Object Repository/Выполнение бизнес-плана/Применить в фильтре Дата' is clicked on

13-01-2025T07:31:33 - [TEST_STEP][PASSED] - scrollToElement(findTestObject("Выполнение бизнес-плана/Заголовок дашборда"), 30): Scroll to object 'Object Repository/Выполнение бизнес-плана/Заголовок дашборда' successfully

13-01-2025T07:32:03 - [MESSAGE][PASSED] - Scroll to object 'Object Repository/Выполнение бизнес-плана/Заголовок дашборда' successfully

13-01-2025T07:32:03 - [TEST_STEP][PASSED] - delay(70): Delayed 70 second(s)

13-01-2025T07:33:13 - [MESSAGE][PASSED] - Delayed 70 second(s)

13-01-2025T07:33:13 - [TEST_STEP][PASSED] - Script1686231490255.ZakrytOpoveshenie(): null

13-01-2025T07:33:13 - [TEST_STEP][PASSED] - opoveshenie = getText(findTestObject("Выполнение бизнес-плана/Просьба обратить внимание")): Text of object 'Object Repository/Выполнение бизнес-плана/Просьба обратить внимание' is: 'Просьба обратить внимание'

13-01-2025T07:33:13 - [MESSAGE][PASSED] - Text of object 'Object Repository/Выполнение бизнес-плана/Просьба обратить внимание' is: 'Просьба обратить внимание'

13-01-2025T07:33:13 - [TEST_STEP][PASSED] - println(opoveshenie): null

13-01-2025T07:33:13 - [TEST_STEP][PASSED] - if (opoveshenie == "Просьба обратить внимание"): Object: 'Object Repository/Выполнение бизнес-плана/Закрыть оповещение' is clicked on

13-01-2025T07:33:13 - [TEST_STEP][PASSED] - click(findTestObject("Выполнение бизнес-плана/Закрыть оповещение")): Object: 'Object Repository/Выполнение бизнес-плана/Закрыть оповещение' is clicked on

13-01-2025T07:33:13 - [MESSAGE][PASSED] - Object: 'Object Repository/Выполнение бизнес-плана/Закрыть оповещение' is clicked on

13-01-2025T07:33:13 - [TEST_STEP][PASSED] - click(findTestObject("Object Repository/Выполнение бизнес-плана/Фильтр ДЗО")): Object: 'Object Repository/Выполнение бизнес-плана/Фильтр ДЗО' is clicked on

13-01-2025T07:33:14 - [MESSAGE][PASSED] - Object: 'Object Repository/Выполнение бизнес-плана/Фильтр ДЗО' is clicked on

13-01-2025T07:33:14 - [TEST_STEP][PASSED] - click(findTestObject("Выполнение бизнес-плана/Снять выделение в фильтре ДЗО")): Object: 'Object Repository/Выполнение бизнес-плана/Снять выделение в фильтре ДЗО' is clicked on

13-01-2025T07:33:14 - [MESSAGE][PASSED] - Object: 'Object Repository/Выполнение бизнес-плана/Снять выделение в фильтре ДЗО' is clicked on

13-01-2025T07:33:14 - [TEST_STEP][PASSED] - click(findTestObject("Выполнение бизнес-плана/ПАО Россети")): Object: 'Object Repository/Выполнение бизнес-плана/ПАО Россети' is clicked on

13-01-2025T07:33:15 - [MESSAGE][PASSED] - Object: 'Object Repository/Выполнение бизнес-плана/ПАО Россети' is clicked on

13-01-2025T07:33:15 - [TEST_STEP][PASSED] - click(findTestObject("Object Repository/Выполнение бизнес-плана/Применить в фильтре ДЗО")): Object: 'Object Repository/Выполнение бизнес-плана/Применить в фильтре ДЗО' is clicked on

13-01-2025T07:33:16 - [MESSAGE][PASSED] - Object: 'Object Repository/Выполнение бизнес-плана/Применить в фильтре ДЗО' is clicked on

13-01-2025T07:33:16 - [TEST_STEP][PASSED] - delay(70): Delayed 70 second(s)

13-01-2025T07:34:26 - [MESSAGE][PASSED] - Delayed 70 second(s)

13-01-2025T07:34:26 - [TEST_STEP][PASSED] - if (run == 1): null

13-01-2025T07:34:26 - [TEST_STEP][PASSED] - if (run == 2): null

13-01-2025T07:34:26 - [TEST_STEP][PASSED] - user = "Андреева": null

13-01-2025T07:34:26 - [TEST_STEP][PASSED] - a1 = getText(findTestObject("Выполнение бизнес-плана/Проценты")): Text of object 'Object Repository/Выполнение бизнес-плана/Проценты' is: '%
5.56 5.56
5.52 5.52
План
Факт
1
100'

13-01-2025T07:34:26 - [MESSAGE][PASSED] - Text of object 'Object Repository/Выполнение бизнес-плана/Проценты' is: '%
5.56 5.56
5.52 5.52
План
Факт
1
100'

13-01-2025T07:34:26 - [TEST_STEP][PASSED] - a2 = getText(findTestObject("Выполнение бизнес-плана/vidget 2")): Text of object 'Object Repository/Выполнение бизнес-плана/vidget 2' is: 'АО «Тываэнерго»
АО «Чеченэнерго»
Россети Северный Кавказ
Россети Сибирь
Россети Тюмень
Россети Центр (ГК)
Россети Центр и Приволжье (ГК)
0
10
20
30
40
50
60
70'

13-01-2025T07:34:26 - [MESSAGE][PASSED] - Text of object 'Object Repository/Выполнение бизнес-плана/vidget 2' is: 'АО «Тываэнерго»
АО «Чеченэнерго»
Россети Северный Кавказ
Россети Сибирь
Россети Тюмень
Россети Центр (ГК)
Россети Центр и Приволжье (ГК)
0
10
20
30
40
50
60
70'

13-01-2025T07:34:26 - [TEST_STEP][PASSED] - a3 = getText(findTestObject("Выполнение бизнес-плана/table")): Text of object 'Object Repository/Выполнение бизнес-плана/table' is: ''

13-01-2025T07:34:27 - [MESSAGE][PASSED] - Text of object 'Object Repository/Выполнение бизнес-плана/table' is: ''

13-01-2025T07:34:27 - [TEST_STEP][PASSED] - a4 = getText(findTestObject("Выполнение бизнес-плана/Список ДЗО")): Text of object 'Object Repository/Выполнение бизнес-плана/Список ДЗО' is: '-0.07
3.10
3.73
-0.05
0.16
-0.52
-0.27
АО «Тываэнерго»
АО «Чеченэнерго»
Россети Северный Кавказ
Россети Сибирь
Россети Тюмень
Россети Центр (ГК)
Россети Центр и Приволжье (ГК)
-1
0
1
2
3
4
5
6
7'

13-01-2025T07:34:27 - [MESSAGE][PASSED] - Text of object 'Object Repository/Выполнение бизнес-плана/Список ДЗО' is: '-0.07
3.10
3.73
-0.05
0.16
-0.52
-0.27
АО «Тываэнерго»
АО «Чеченэнерго»
Россети Северный Кавказ
Россети Сибирь
Россети Тюмень
Россети Центр (ГК)
Россети Центр и Приволжье (ГК)
-1
0
1
2
3
4
5
6
7'

13-01-2025T07:34:27 - [TEST_STEP][PASSED] - a5 = getText(findTestObject("Выполнение бизнес-плана/svg1")): Text of object 'Object Repository/Выполнение бизнес-плана/svg1' is: '%
5.56 5.56
5.52 5.52
План
Факт
1
100'

13-01-2025T07:34:27 - [MESSAGE][PASSED] - Text of object 'Object Repository/Выполнение бизнес-плана/svg1' is: '%
5.56 5.56
5.52 5.52
План
Факт
1
100'

13-01-2025T07:34:27 - [TEST_STEP][PASSED] - a6 = getText(findTestObject("Выполнение бизнес-плана/svg2")): Text of object 'Object Repository/Выполнение бизнес-плана/svg2' is: 'п.п.
0.04
Итого
0
0.02
0.04
0.06'

13-01-2025T07:34:27 - [MESSAGE][PASSED] - Text of object 'Object Repository/Выполнение бизнес-плана/svg2' is: 'п.п.
0.04
Итого
0
0.02
0.04
0.06'

13-01-2025T07:34:27 - [TEST_STEP][PASSED] - a7 = getText(findTestObject("Выполнение бизнес-плана/Значения со страницы Выполнение бизнес-плана/Факт Отпуск в сеть за отчётный период ПАО Россети")): Text of object 'Object Repository/Выполнение бизнес-плана/Значения со страницы Выполнение бизнес-плана/Факт Отпуск в сеть за отчётный период ПАО Россети' is: '230 146 370'

13-01-2025T07:34:28 - [MESSAGE][PASSED] - Text of object 'Object Repository/Выполнение бизнес-плана/Значения со страницы Выполнение бизнес-плана/Факт Отпуск в сеть за отчётный период ПАО Россети' is: '230 146 370'

13-01-2025T07:34:28 - [TEST_STEP][PASSED] - a8 = getText(findTestObject("Выполнение бизнес-плана/Значения со страницы Выполнение бизнес-плана/Факт Отпуск из сети за отчётный период ПАО Россети")): Text of object 'Object Repository/Выполнение бизнес-плана/Значения со страницы Выполнение бизнес-плана/Факт Отпуск из сети за отчётный период ПАО Россети' is: '209 300 970'

13-01-2025T07:34:28 - [MESSAGE][PASSED] - Text of object 'Object Repository/Выполнение бизнес-плана/Значения со страницы Выполнение бизнес-плана/Факт Отпуск из сети за отчётный период ПАО Россети' is: '209 300 970'

13-01-2025T07:34:28 - [TEST_STEP][PASSED] - a9 = getText(findTestObject("Выполнение бизнес-плана/Значения со страницы Выполнение бизнес-плана/Факт Потери за отчётный период ПАО Россети")): Text of object 'Object Repository/Выполнение бизнес-плана/Значения со страницы Выполнение бизнес-плана/Факт Потери за отчётный период ПАО Россети' is: '20 845 400'

13-01-2025T07:34:28 - [MESSAGE][PASSED] - Text of object 'Object Repository/Выполнение бизнес-плана/Значения со страницы Выполнение бизнес-плана/Факт Потери за отчётный период ПАО Россети' is: '20 845 400'

13-01-2025T07:34:28 - [TEST_STEP][PASSED] - n = n + 1: null

13-01-2025T07:34:28 - [TEST_STEP][PASSED] - b = data.getRowNumbers() + 1: null

13-01-2025T07:34:28 - [TEST_STEP][PASSED] - verifyEqual(findTestData("PlanFact").getValue(2, b), a1): Actual object '%
5.56 5.56
5.52 5.52
План
Факт
1
100' and expected object '%
5.56 5.56
5.52 5.52
План
Факт
1
100' are equal

13-01-2025T07:34:28 - [MESSAGE][PASSED] - Actual object '%
5.56 5.56
5.52 5.52
План
Факт
1
100' and expected object '%
5.56 5.56
5.52 5.52
План
Факт
1
100' are equal

13-01-2025T07:34:28 - [TEST_STEP][PASSED] - verifyEqual(findTestData("PlanFact").getValue(3, b), a2): Actual object 'АО «Тываэнерго»
АО «Чеченэнерго»
Россети Северный Кавказ
Россети Сибирь
Россети Тюмень
Россети Центр (ГК)
Россети Центр и Приволжье (ГК)
0
10
20
30
40
50
60
70' and expected object 'АО «Тываэнерго»
АО «Чеченэнерго»
Россети Северный Кавказ
Россети Сибирь
Россети Тюмень
Россети Центр (ГК)
Россети Центр и Приволжье (ГК)
0
10
20
30
40
50
60
70' are equal

13-01-2025T07:34:29 - [MESSAGE][PASSED] - Actual object 'АО «Тываэнерго»
АО «Чеченэнерго»
Россети Северный Кавказ
Россети Сибирь
Россети Тюмень
Россети Центр (ГК)
Россети Центр и Приволжье (ГК)
0
10
20
30
40
50
60
70' and expected object 'АО «Тываэнерго»
АО «Чеченэнерго»
Россети Северный Кавказ
Россети Сибирь
Россети Тюмень
Россети Центр (ГК)
Россети Центр и Приволжье (ГК)
0
10
20
30
40
50
60
70' are equal

13-01-2025T07:34:29 - [TEST_STEP][PASSED] - verifyEqual(findTestData("PlanFact").getValue(4, b), a3): Actual object '' and expected object '' are equal

13-01-2025T07:34:29 - [MESSAGE][PASSED] - Actual object '' and expected object '' are equal

13-01-2025T07:34:29 - [TEST_STEP][PASSED] - verifyEqual(findTestData("PlanFact").getValue(5, b), a4): Actual object '-0.07
3.10
3.73
-0.05
0.16
-0.52
-0.27
АО «Тываэнерго»
АО «Чеченэнерго»
Россети Северный Кавказ
Россети Сибирь
Россети Тюмень
Россети Центр (ГК)
Россети Центр и Приволжье (ГК)
-1
0
1
2
3
4
5
6
7' and expected object '-0.07
3.10
3.73
-0.05
0.16
-0.52
-0.27
АО «Тываэнерго»
АО «Чеченэнерго»
Россети Северный Кавказ
Россети Сибирь
Россети Тюмень
Россети Центр (ГК)
Россети Центр и Приволжье (ГК)
-1
0
1
2
3
4
5
6
7' are equal

13-01-2025T07:34:29 - [MESSAGE][PASSED] - Actual object '-0.07
3.10
3.73
-0.05
0.16
-0.52
-0.27
АО «Тываэнерго»
АО «Чеченэнерго»
Россети Северный Кавказ
Россети Сибирь
Россети Тюмень
Россети Центр (ГК)
Россети Центр и Приволжье (ГК)
-1
0
1
2
3
4
5
6
7' and expected object '-0.07
3.10
3.73
-0.05
0.16
-0.52
-0.27
АО «Тываэнерго»
АО «Чеченэнерго»
Россети Северный Кавказ
Россети Сибирь
Россети Тюмень
Россети Центр (ГК)
Россети Центр и Приволжье (ГК)
-1
0
1
2
3
4
5
6
7' are equal

13-01-2025T07:34:29 - [TEST_STEP][PASSED] - verifyEqual(findTestData("PlanFact").getValue(6, b), a5): Actual object '%
5.56 5.56
5.52 5.52
План
Факт
1
100' and expected object '%
5.56 5.56
5.52 5.52
План
Факт
1
100' are equal

13-01-2025T07:34:29 - [MESSAGE][PASSED] - Actual object '%
5.56 5.56
5.52 5.52
План
Факт
1
100' and expected object '%
5.56 5.56
5.52 5.52
План
Факт
1
100' are equal

13-01-2025T07:34:29 - [TEST_STEP][PASSED] - verifyEqual(findTestData("PlanFact").getValue(7, b), a6): Actual object 'п.п.
0.04
Итого
0
0.02
0.04
0.06' and expected object 'п.п.
0.04
Итого
0
0.02
0.04
0.06' are equal

13-01-2025T07:34:29 - [MESSAGE][PASSED] - Actual object 'п.п.
0.04
Итого
0
0.02
0.04
0.06' and expected object 'п.п.
0.04
Итого
0
0.02
0.04
0.06' are equal

13-01-2025T07:34:29 - [TEST_STEP][PASSED] - verifyEqual(findTestData("PlanFact").getValue(8, b), a7): Actual object '230 146 370' and expected object '230 146 370' are equal

13-01-2025T07:34:29 - [MESSAGE][PASSED] - Actual object '230 146 370' and expected object '230 146 370' are equal

13-01-2025T07:34:29 - [TEST_STEP][PASSED] - verifyEqual(findTestData("PlanFact").getValue(9, b), a8): Actual object '209 300 970' and expected object '209 300 970' are equal

13-01-2025T07:34:29 - [MESSAGE][PASSED] - Actual object '209 300 970' and expected object '209 300 970' are equal

13-01-2025T07:34:29 - [TEST_STEP][PASSED] - verifyEqual(findTestData("PlanFact").getValue(10, b), a9): Actual object '20 845 400' and expected object '20 845 400' are equal

13-01-2025T07:34:29 - [MESSAGE][PASSED] - Actual object '20 845 400' and expected object '20 845 400' are equal

13-01-2025T07:34:29 - [TEST_STEP][PASSED] - Script1686231490255.WriteToExcel(user, dashboardName, n, data, run, a1, a2, a3, a4, a5, a6, a7, a8, a9): null

13-01-2025T07:34:29 - [TEST_STEP][PASSED] - sheetName = "Sheet1": null

13-01-2025T07:34:29 - [TEST_STEP][PASSED] - workbook01 = getWorkbook(excelFilePath): null

13-01-2025T07:34:29 - [TEST_STEP][PASSED] - sheet01 = getExcelSheet(workbook01, sheetName): null

13-01-2025T07:34:29 - [TEST_STEP][PASSED] - setValueToCellByIndex(sheet01, n, 0, dashboardName): null

13-01-2025T07:34:29 - [TEST_STEP][PASSED] - setValueToCellByIndex(sheet01, n, 10, user): null

13-01-2025T07:34:29 - [TEST_STEP][PASSED] - setValueToCellByIndex(sheet01, n, 1, a1): null

13-01-2025T07:34:29 - [TEST_STEP][PASSED] - setValueToCellByIndex(sheet01, n, 2, a2): null

13-01-2025T07:34:29 - [TEST_STEP][PASSED] - setValueToCellByIndex(sheet01, n, 3, a3): null

13-01-2025T07:34:29 - [TEST_STEP][PASSED] - setValueToCellByIndex(sheet01, n, 4, a4): null

13-01-2025T07:34:29 - [TEST_STEP][PASSED] - setValueToCellByIndex(sheet01, n, 5, a5): null

13-01-2025T07:34:29 - [TEST_STEP][PASSED] - setValueToCellByIndex(sheet01, n, 6, a6): null

13-01-2025T07:34:29 - [TEST_STEP][PASSED] - setValueToCellByIndex(sheet01, n, 7, a7): null

13-01-2025T07:34:29 - [TEST_STEP][PASSED] - setValueToCellByIndex(sheet01, n, 8, a8): null

13-01-2025T07:34:29 - [TEST_STEP][PASSED] - setValueToCellByIndex(sheet01, n, 9, a9): null

13-01-2025T07:34:29 - [TEST_STEP][PASSED] - n = n + 1: null

13-01-2025T07:34:29 - [TEST_STEP][PASSED] - saveWorkbook(excelFilePath, workbook01): null

13-01-2025T07:34:29 - [TEST_STEP][PASSED] - if (run == 3): null

13-01-2025T07:34:29 - [TEST_STEP][PASSED] - closeBrowser(): null

13-01-2025T07:34:30 - [MESSAGE][PASSED] - Browser is closed

13-01-2025T07:34:30 - [TEST_STEP][PASSED] - VipolnenieBiznesPlana(user, dashboardName, n, data, run, a1, a2, a3, a4, a5, a6, a7, a8, a9, urlData): null

13-01-2025T07:34:30 - [TEST_STEP][PASSED] - n = data.getRowNumbers() + 1: null

13-01-2025T07:34:30 - [TEST_STEP][PASSED] - println(n): null

13-01-2025T07:34:30 - [TEST_STEP][PASSED] - dashboardName = "Выполнение бизнес-плана": null

13-01-2025T07:34:30 - [TEST_STEP][PASSED] - openBrowser(""): Browser is opened with url: ''

13-01-2025T07:34:30 - [MESSAGE][INFO] - Starting 'Chrome' driver

13-01-2025T07:34:30 - [MESSAGE][INFO] - Action delay is set to 0 milliseconds

13-01-2025T07:34:31 - [MESSAGE][PASSED] - Browser is opened with url: ''

13-01-2025T07:34:31 - [TEST_STEP][PASSED] - urlData = 1: null

13-01-2025T07:34:31 - [TEST_STEP][PASSED] - Script1686231490255.CheckPageDownload(urlData, run): null

13-01-2025T07:34:31 - [TEST_STEP][PASSED] - i = 1: null

13-01-2025T07:34:31 - [TEST_STEP][PASSED] - ii = 0: null

13-01-2025T07:34:31 - [TEST_STEP][PASSED] - urlText = <not implemented yet for class: org.codehaus.groovy.ast.expr.EmptyExpression>: null

13-01-2025T07:34:31 - [TEST_STEP][PASSED] - searchWord = <not implemented yet for class: org.codehaus.groovy.ast.expr.EmptyExpression>: null

13-01-2025T07:34:31 - [TEST_STEP][PASSED] - deleteAllCookies(): Delete all cookies successfully

13-01-2025T07:34:31 - [MESSAGE][PASSED] - Delete all cookies successfully

13-01-2025T07:34:31 - [TEST_STEP][PASSED] - refresh(): Refresh successfully

13-01-2025T07:34:31 - [MESSAGE][PASSED] - Refresh successfully

13-01-2025T07:34:31 - [TEST_STEP][PASSED] - delay(70): Delayed 70 second(s)

13-01-2025T07:35:41 - [MESSAGE][PASSED] - Delayed 70 second(s)

13-01-2025T07:35:41 - [TEST_STEP][PASSED] - navigateToUrl(findTestData("PlanFact").getValue(10, urlData)): Navigate to 'https://bi.rosseti.digital/viewer?dashboardGuid=d154a8eaf6824e2b9de1bb04dd061c18&sheetGuid=1305e8ce744049e1abdacea1ea397a26&fit=true' successfully

13-01-2025T07:35:49 - [MESSAGE][PASSED] - Navigate to 'https://bi.rosseti.digital/viewer?dashboardGuid=d154a8eaf6824e2b9de1bb04dd061c18&sheetGuid=1305e8ce744049e1abdacea1ea397a26&fit=true' successfully

13-01-2025T07:35:49 - [TEST_STEP][PASSED] - pageLoaded1 = verifyElementPresent(findTestObject("Страница авторизации/Text"), 30): Object 'Object Repository/Страница авторизации/Text' is present

13-01-2025T07:35:49 - [MESSAGE][PASSED] - Object 'Object Repository/Страница авторизации/Text' is present

13-01-2025T07:35:49 - [TEST_STEP][PASSED] - if (pageLoaded1 == false): null

13-01-2025T07:35:49 - [TEST_STEP][PASSED] - urlText = getText(findTestObject("Страница авторизации/Text")): Text of object 'Object Repository/Страница авторизации/Text' is: 'Вход'

13-01-2025T07:35:50 - [MESSAGE][PASSED] - Text of object 'Object Repository/Страница авторизации/Text' is: 'Вход'

13-01-2025T07:35:50 - [TEST_STEP][PASSED] - delay(70): Delayed 70 second(s)

13-01-2025T07:37:00 - [MESSAGE][PASSED] - Delayed 70 second(s)

13-01-2025T07:37:00 - [TEST_STEP][PASSED] - searchWord = "Вход": null

13-01-2025T07:37:00 - [TEST_STEP][PASSED] - if (urlText.contains(searchWord) == false): null

13-01-2025T07:37:00 - [TEST_STEP][PASSED] - setText(findTestObject("Страница авторизации/input__username"), findTestData("PlanFact").getValue(8, run)): Text 'Petrova-OV' is set on object 'Object Repository/Страница авторизации/input__username'

13-01-2025T07:37:00 - [MESSAGE][PASSED] - Text 'Petrova-OV' is set on object 'Object Repository/Страница авторизации/input__username'

13-01-2025T07:37:00 - [TEST_STEP][PASSED] - setText(findTestObject("Страница авторизации/input__password"), findTestData("PlanFact").getValue(9, run)): Text '4Ex@~R53r&3x&BVe7' is set on object 'Object Repository/Страница авторизации/input__password'

13-01-2025T07:37:01 - [MESSAGE][PASSED] - Text '4Ex@~R53r&3x&BVe7' is set on object 'Object Repository/Страница авторизации/input__password'

13-01-2025T07:37:01 - [TEST_STEP][PASSED] - click(findTestObject("Страница авторизации/button_")): Object: 'Object Repository/Страница авторизации/button_' is clicked on

13-01-2025T07:37:02 - [MESSAGE][PASSED] - Object: 'Object Repository/Страница авторизации/button_' is clicked on

13-01-2025T07:37:02 - [TEST_STEP][PASSED] - delay(70): Delayed 70 second(s)

13-01-2025T07:38:12 - [MESSAGE][PASSED] - Delayed 70 second(s)

13-01-2025T07:38:12 - [TEST_STEP][PASSED] - searchWord = "а": null

13-01-2025T07:38:12 - [TEST_STEP][PASSED] - pageLoaded2 = verifyElementPresent(findTestObject("Страница авторизации/Text"), 50): Object 'Object Repository/Страница авторизации/Text' is present

13-01-2025T07:38:13 - [MESSAGE][PASSED] - Object 'Object Repository/Страница авторизации/Text' is present

13-01-2025T07:38:13 - [TEST_STEP][PASSED] - if (pageLoaded2 == false): null

13-01-2025T07:38:13 - [TEST_STEP][PASSED] - urlText = getText(findTestObject("Страница авторизации/Text")): Text of object 'Object Repository/Страница авторизации/Text' is: 'ДЗО 
Все
Период
1, 2, 3 кв., Октябрь, Ноябрь 2024 года
Отклонения фактического уровня потерь от бизнес-плана, п.п.
-0.07
3.10
3.73
-0.05
0.16
-0.52
-0.27
АО «Тываэнерго»
АО «Чеченэнерго»
Россети Северный Кавказ
Россети Сибирь
Россети Тюмень
Россети Центр (ГК)
Россети Центр и Приволжье (ГК)
-1
0
1
2
3
4
5
6
7

Уровень потерь электроэнергии
АО «Тываэнерго»
АО «Чеченэнерго»
Россети Северный Кавказ
Россети Сибирь
Россети Тюмень
Россети Центр (ГК)
Россети Центр и Приволжье (ГК)
0
10
20
30
40
50
60
70
21.24
|
33.23
23.32
7.14
|
2.54
10.32
|
7.17
|
21.17
36.33
|
27.05
|
7.09
2.70
|
9.80
6.90
п.п.
0.04
Итого
0
0.02
0.04
0.06
%
5.56 5.56
5.52 5.52
План
Факт
1
100

● Бизнес-план выполнен● ●● Превышение бизнес-плана
Отклонения фактического уровня потерь от бизнес-плана за 3 месяца (нарастающим итогом), п.п.
-0.1-0.1
3.73.7
3.83.8
-0.0-0.0
0.10.1
-0.5-0.5
-0.2-0.2
-0.1-0.1
3.23.2
3.93.9
-0.0-0.0
0.10.1
-0.5-0.5
-0.3-0.3
-0.1-0.1
3.13.1
3.73.7
-0.0-0.0
0.20.2
-0.5-0.5
-0.3-0.3
Россети ФСКЕЭС
АО«Тываэнерго»
АО«Чеченэнерго»
Россети Волга
РоссетиКубань
РоссетиЛенэнерго (ГК)
РоссетиМосковскийрегион
РоссетиСеверныйКавказ (ГК)
Россети Северо-Запад
Россети Сибирь(ГК)
Россети Томск
Россети Тюмень
Россети Урал(ГК)
Россети Центр
Россети Центр иПриволжье (ГК)
Россети Юг (Г…
РоссетиЯнтарь
0
-5
5
п.п.
Отклонения фактического уровня потерь от бизнес-плана за 3 месяца (нарастающим итогом)
-0.2-0.2
-0.1-0.1
-0.5-0.5
-0.3-0.3
3.83.8
-1.8-1.8
-0.1-0.1
-0.3-0.3
-0.2-0.2
0.40.4
-0.7-0.7
-0.4-0.4
8.08.0
0.30.3
13.213.2
-0.2-0.2
-0.1-0.1
-0.2-0.2
-0.3-0.3
4.14.1
-1.8-1.8
-0.1-0.1
-0.3-0.3
-0.2-0.2
0.40.4
-0.7-0.7
-0.5-0.5
8.18.1
0.40.4
12.412.4
-0.2-0.2
-0.2-0.2
-0.3-0.3
4.74.7
-1.4-1.4
-0.3-0.3
-0.2-0.2
-0.5-0.5
-0.4-0.4
0.50.5
12.812.8
Итого по ФСК ЕЭС
Каббалкэнерго
Калмэнерго
АО "Кинешемская электросеть"
АО "Тываэнерго"
АО «ВМЭС»
АО «Воронежская горэлектросеть»
АО «Тульские городские электрические сети»
АО «Чеченэнерго»
АО «Ярославская электросетевая компания»
АО ЕЭСК
Алтайэнерго
Архангельский филиал
Астраханьэнерго
Белгородэнерго
Брянскэнерго
Бурятэнерго
Владимирэнерго
Волгоградэнерго
Вологодский филиал
Воронежэнерго
Дагэнерго
Ивэнерго
Ингушэнерго
-5
15

Статус данных
Просьба обратить внимание
— все данные не занесены
Факт
План
Итого – Факт
Отпуск в сеть 230 146 370
Отпуск из сети 209 300 970
Потери 20 845 400
Итого – План
Отпуск в сеть 225 220 588
Отпуск из сети 205 622 267
Потери 19 598 321
Выполнение бизнес-плана в части показателя «Уровень потерь электроэнергии»
Показатели баланса электроэнергии по ДЗО – Факт 
642 168 3 631 955 20 651 499 52 412 668 47 865 721 55 088 893 50 521 486
506 218 2 312 442 15 078 002 48 697 705 46 573 769 49 682 043 47 031 337
135 950 1 319 513 5 573 496 3 714 964 1 291 953 5 406 850 3 490 149
Показатели баланса электроэнергии по ДЗО – План
608 287 3 403 997 19 485 633 50 003 068 49 871 651 53 713 338 48 819 116
479 095 2 272 993 14 949 980 46 434 624 48 605 475 48 149 456 45 313 619
129 192 1 131 004 4 535 653 3 568 444 1 266 176 5 563 882 3 505 497'

13-01-2025T07:38:14 - [MESSAGE][PASSED] - Text of object 'Object Repository/Страница авторизации/Text' is: 'ДЗО 
Все
Период
1, 2, 3 кв., Октябрь, Ноябрь 2024 года
Отклонения фактического уровня потерь от бизнес-плана, п.п.
-0.07
3.10
3.73
-0.05
0.16
-0.52
-0.27
АО «Тываэнерго»
АО «Чеченэнерго»
Россети Северный Кавказ
Россети Сибирь
Россети Тюмень
Россети Центр (ГК)
Россети Центр и Приволжье (ГК)
-1
0
1
2
3
4
5
6
7

Уровень потерь электроэнергии
АО «Тываэнерго»
АО «Чеченэнерго»
Россети Северный Кавказ
Россети Сибирь
Россети Тюмень
Россети Центр (ГК)
Россети Центр и Приволжье (ГК)
0
10
20
30
40
50
60
70
21.24
|
33.23
23.32
7.14
|
2.54
10.32
|
7.17
|
21.17
36.33
|
27.05
|
7.09
2.70
|
9.80
6.90
п.п.
0.04
Итого
0
0.02
0.04
0.06
%
5.56 5.56
5.52 5.52
План
Факт
1
100

● Бизнес-план выполнен● ●● Превышение бизнес-плана
Отклонения фактического уровня потерь от бизнес-плана за 3 месяца (нарастающим итогом), п.п.
-0.1-0.1
3.73.7
3.83.8
-0.0-0.0
0.10.1
-0.5-0.5
-0.2-0.2
-0.1-0.1
3.23.2
3.93.9
-0.0-0.0
0.10.1
-0.5-0.5
-0.3-0.3
-0.1-0.1
3.13.1
3.73.7
-0.0-0.0
0.20.2
-0.5-0.5
-0.3-0.3
Россети ФСКЕЭС
АО«Тываэнерго»
АО«Чеченэнерго»
Россети Волга
РоссетиКубань
РоссетиЛенэнерго (ГК)
РоссетиМосковскийрегион
РоссетиСеверныйКавказ (ГК)
Россети Северо-Запад
Россети Сибирь(ГК)
Россети Томск
Россети Тюмень
Россети Урал(ГК)
Россети Центр
Россети Центр иПриволжье (ГК)
Россети Юг (Г…
РоссетиЯнтарь
0
-5
5
п.п.
Отклонения фактического уровня потерь от бизнес-плана за 3 месяца (нарастающим итогом)
-0.2-0.2
-0.1-0.1
-0.5-0.5
-0.3-0.3
3.83.8
-1.8-1.8
-0.1-0.1
-0.3-0.3
-0.2-0.2
0.40.4
-0.7-0.7
-0.4-0.4
8.08.0
0.30.3
13.213.2
-0.2-0.2
-0.1-0.1
-0.2-0.2
-0.3-0.3
4.14.1
-1.8-1.8
-0.1-0.1
-0.3-0.3
-0.2-0.2
0.40.4
-0.7-0.7
-0.5-0.5
8.18.1
0.40.4
12.412.4
-0.2-0.2
-0.2-0.2
-0.3-0.3
4.74.7
-1.4-1.4
-0.3-0.3
-0.2-0.2
-0.5-0.5
-0.4-0.4
0.50.5
12.812.8
Итого по ФСК ЕЭС
Каббалкэнерго
Калмэнерго
АО "Кинешемская электросеть"
АО "Тываэнерго"
АО «ВМЭС»
АО «Воронежская горэлектросеть»
АО «Тульские городские электрические сети»
АО «Чеченэнерго»
АО «Ярославская электросетевая компания»
АО ЕЭСК
Алтайэнерго
Архангельский филиал
Астраханьэнерго
Белгородэнерго
Брянскэнерго
Бурятэнерго
Владимирэнерго
Волгоградэнерго
Вологодский филиал
Воронежэнерго
Дагэнерго
Ивэнерго
Ингушэнерго
-5
15

Статус данных
Просьба обратить внимание
— все данные не занесены
Факт
План
Итого – Факт
Отпуск в сеть 230 146 370
Отпуск из сети 209 300 970
Потери 20 845 400
Итого – План
Отпуск в сеть 225 220 588
Отпуск из сети 205 622 267
Потери 19 598 321
Выполнение бизнес-плана в части показателя «Уровень потерь электроэнергии»
Показатели баланса электроэнергии по ДЗО – Факт 
642 168 3 631 955 20 651 499 52 412 668 47 865 721 55 088 893 50 521 486
506 218 2 312 442 15 078 002 48 697 705 46 573 769 49 682 043 47 031 337
135 950 1 319 513 5 573 496 3 714 964 1 291 953 5 406 850 3 490 149
Показатели баланса электроэнергии по ДЗО – План
608 287 3 403 997 19 485 633 50 003 068 49 871 651 53 713 338 48 819 116
479 095 2 272 993 14 949 980 46 434 624 48 605 475 48 149 456 45 313 619
129 192 1 131 004 4 535 653 3 568 444 1 266 176 5 563 882 3 505 497'

13-01-2025T07:38:14 - [TEST_STEP][PASSED] - if (urlText.contains("ошибка") || urlText.contains(searchWord) == false): null

13-01-2025T07:38:14 - [TEST_STEP][PASSED] - Script1686231490255.ZakrytOpoveshenie(): null

13-01-2025T07:38:14 - [TEST_STEP][PASSED] - opoveshenie = getText(findTestObject("Выполнение бизнес-плана/Просьба обратить внимание")): Text of object 'Object Repository/Выполнение бизнес-плана/Просьба обратить внимание' is: 'Просьба обратить внимание'

13-01-2025T07:38:14 - [MESSAGE][PASSED] - Text of object 'Object Repository/Выполнение бизнес-плана/Просьба обратить внимание' is: 'Просьба обратить внимание'

13-01-2025T07:38:14 - [TEST_STEP][PASSED] - println(opoveshenie): null

13-01-2025T07:38:14 - [TEST_STEP][PASSED] - if (opoveshenie == "Просьба обратить внимание"): Object: 'Object Repository/Выполнение бизнес-плана/Закрыть оповещение' is clicked on

13-01-2025T07:38:14 - [TEST_STEP][PASSED] - click(findTestObject("Выполнение бизнес-плана/Закрыть оповещение")): Object: 'Object Repository/Выполнение бизнес-плана/Закрыть оповещение' is clicked on

13-01-2025T07:38:15 - [MESSAGE][PASSED] - Object: 'Object Repository/Выполнение бизнес-плана/Закрыть оповещение' is clicked on

13-01-2025T07:38:15 - [TEST_STEP][PASSED] - click(findTestObject("Object Repository/Выполнение бизнес-плана/Фильтр Дата")): Object: 'Object Repository/Выполнение бизнес-плана/Фильтр Дата' is clicked on

13-01-2025T07:38:15 - [MESSAGE][PASSED] - Object: 'Object Repository/Выполнение бизнес-плана/Фильтр Дата' is clicked on

13-01-2025T07:38:15 - [TEST_STEP][PASSED] - click(findTestObject("Выполнение бизнес-плана/Снять выделение в фильтре Дата")): Object: 'Object Repository/Выполнение бизнес-плана/Снять выделение в фильтре Дата' is clicked on

13-01-2025T07:38:16 - [MESSAGE][PASSED] - Object: 'Object Repository/Выполнение бизнес-плана/Снять выделение в фильтре Дата' is clicked on

13-01-2025T07:38:16 - [TEST_STEP][PASSED] - click(findTestObject("Object Repository/Выполнение бизнес-плана/Применить в фильтре Дата")): Object: 'Object Repository/Выполнение бизнес-плана/Применить в фильтре Дата' is clicked on

13-01-2025T07:38:16 - [MESSAGE][PASSED] - Object: 'Object Repository/Выполнение бизнес-плана/Применить в фильтре Дата' is clicked on

13-01-2025T07:38:16 - [TEST_STEP][PASSED] - delay(70): Delayed 70 second(s)

13-01-2025T07:39:26 - [MESSAGE][PASSED] - Delayed 70 second(s)

13-01-2025T07:39:26 - [TEST_STEP][PASSED] - Script1686231490255.ZakrytOpoveshenie(): null

13-01-2025T07:39:26 - [TEST_STEP][PASSED] - opoveshenie = getText(findTestObject("Выполнение бизнес-плана/Просьба обратить внимание")): Text of object 'Object Repository/Выполнение бизнес-плана/Просьба обратить внимание' is: 'Просьба обратить внимание'

13-01-2025T07:39:27 - [MESSAGE][PASSED] - Text of object 'Object Repository/Выполнение бизнес-плана/Просьба обратить внимание' is: 'Просьба обратить внимание'

13-01-2025T07:39:27 - [TEST_STEP][PASSED] - println(opoveshenie): null

13-01-2025T07:39:27 - [TEST_STEP][PASSED] - if (opoveshenie == "Просьба обратить внимание"): Object: 'Object Repository/Выполнение бизнес-плана/Закрыть оповещение' is clicked on

13-01-2025T07:39:27 - [TEST_STEP][PASSED] - click(findTestObject("Выполнение бизнес-плана/Закрыть оповещение")): Object: 'Object Repository/Выполнение бизнес-плана/Закрыть оповещение' is clicked on

13-01-2025T07:39:27 - [MESSAGE][PASSED] - Object: 'Object Repository/Выполнение бизнес-плана/Закрыть оповещение' is clicked on

13-01-2025T07:39:27 - [TEST_STEP][PASSED] - click(findTestObject("Object Repository/Выполнение бизнес-плана/Фильтр Дата")): Object: 'Object Repository/Выполнение бизнес-плана/Фильтр Дата' is clicked on

13-01-2025T07:39:27 - [MESSAGE][PASSED] - Object: 'Object Repository/Выполнение бизнес-плана/Фильтр Дата' is clicked on

13-01-2025T07:39:27 - [TEST_STEP][PASSED] - scrollToElement(findTestObject("Выполнение бизнес-плана/2024 список"), 30): Scroll to object 'Object Repository/Выполнение бизнес-плана/2024 список' successfully

13-01-2025T07:39:28 - [MESSAGE][PASSED] - Scroll to object 'Object Repository/Выполнение бизнес-плана/2024 список' successfully

13-01-2025T07:39:28 - [TEST_STEP][PASSED] - click(findTestObject("Выполнение бизнес-плана/2024 список")): Object: 'Object Repository/Выполнение бизнес-плана/2024 список' is clicked on

13-01-2025T07:39:28 - [MESSAGE][PASSED] - Object: 'Object Repository/Выполнение бизнес-плана/2024 список' is clicked on

13-01-2025T07:39:28 - [TEST_STEP][PASSED] - scrollToElement(findTestObject("Выполнение бизнес-плана/4 квартал 2024 список"), 30): Scroll to object 'Object Repository/Выполнение бизнес-плана/4 квартал 2024 список' successfully

13-01-2025T07:39:29 - [MESSAGE][PASSED] - Scroll to object 'Object Repository/Выполнение бизнес-плана/4 квартал 2024 список' successfully

13-01-2025T07:39:29 - [TEST_STEP][PASSED] - scrollToElement(findTestObject("Выполнение бизнес-плана/Заголовок дашборда"), 30): Scroll to object 'Object Repository/Выполнение бизнес-плана/Заголовок дашборда' successfully

13-01-2025T07:39:29 - [MESSAGE][PASSED] - Scroll to object 'Object Repository/Выполнение бизнес-плана/Заголовок дашборда' successfully

13-01-2025T07:39:29 - [TEST_STEP][PASSED] - click(findTestObject("Выполнение бизнес-плана/1 квартал 2024 список")): Object: 'Object Repository/Выполнение бизнес-плана/1 квартал 2024 список' is clicked on

13-01-2025T07:39:30 - [MESSAGE][PASSED] - Object: 'Object Repository/Выполнение бизнес-плана/1 квартал 2024 список' is clicked on

13-01-2025T07:39:30 - [TEST_STEP][PASSED] - click(findTestObject("Выполнение бизнес-плана/Январь 2024")): Object: 'Object Repository/Выполнение бизнес-плана/Январь 2024' is clicked on

13-01-2025T07:39:30 - [MESSAGE][PASSED] - Object: 'Object Repository/Выполнение бизнес-плана/Январь 2024' is clicked on

13-01-2025T07:39:30 - [TEST_STEP][PASSED] - click(findTestObject("Выполнение бизнес-плана/Февраль 2024")): Object: 'Object Repository/Выполнение бизнес-плана/Февраль 2024' is clicked on

13-01-2025T07:39:30 - [MESSAGE][PASSED] - Object: 'Object Repository/Выполнение бизнес-плана/Февраль 2024' is clicked on

13-01-2025T07:39:30 - [TEST_STEP][PASSED] - click(findTestObject("Выполнение бизнес-плана/Март 2024")): Object: 'Object Repository/Выполнение бизнес-плана/Март 2024' is clicked on

13-01-2025T07:39:31 - [MESSAGE][PASSED] - Object: 'Object Repository/Выполнение бизнес-плана/Март 2024' is clicked on

13-01-2025T07:39:31 - [TEST_STEP][PASSED] - scrollToElement(findTestObject("Выполнение бизнес-плана/2 квартал 2024"), 30): Scroll to object 'Object Repository/Выполнение бизнес-плана/2 квартал 2024' successfully

13-01-2025T07:39:31 - [MESSAGE][PASSED] - Scroll to object 'Object Repository/Выполнение бизнес-плана/2 квартал 2024' successfully

13-01-2025T07:39:31 - [TEST_STEP][PASSED] - click(findTestObject("Выполнение бизнес-плана/2 квартал 2024")): Object: 'Object Repository/Выполнение бизнес-плана/2 квартал 2024' is clicked on

13-01-2025T07:39:32 - [MESSAGE][PASSED] - Object: 'Object Repository/Выполнение бизнес-плана/2 квартал 2024' is clicked on

13-01-2025T07:39:32 - [TEST_STEP][PASSED] - scrollToElement(findTestObject("Выполнение бизнес-плана/3 квартал 2024 список"), 30): Scroll to object 'Object Repository/Выполнение бизнес-плана/3 квартал 2024 список' successfully

13-01-2025T07:39:32 - [MESSAGE][PASSED] - Scroll to object 'Object Repository/Выполнение бизнес-плана/3 квартал 2024 список' successfully

13-01-2025T07:39:32 - [TEST_STEP][PASSED] - click(findTestObject("Выполнение бизнес-плана/3 квартал 2024"), CONTINUE_ON_FAILURE): Object: 'Object Repository/Выполнение бизнес-плана/3 квартал 2024' is clicked on

13-01-2025T07:39:33 - [MESSAGE][PASSED] - Object: 'Object Repository/Выполнение бизнес-плана/3 квартал 2024' is clicked on

13-01-2025T07:39:33 - [TEST_STEP][PASSED] - scrollToElement(findTestObject("Выполнение бизнес-плана/4 квартал 2024 список"), 30): Scroll to object 'Object Repository/Выполнение бизнес-плана/4 квартал 2024 список' successfully

13-01-2025T07:39:33 - [MESSAGE][PASSED] - Scroll to object 'Object Repository/Выполнение бизнес-плана/4 квартал 2024 список' successfully

13-01-2025T07:39:33 - [TEST_STEP][PASSED] - click(findTestObject("Выполнение бизнес-плана/4 квартал 2024 список"), CONTINUE_ON_FAILURE): Object: 'Object Repository/Выполнение бизнес-плана/4 квартал 2024 список' is clicked on

13-01-2025T07:39:33 - [MESSAGE][PASSED] - Object: 'Object Repository/Выполнение бизнес-плана/4 квартал 2024 список' is clicked on

13-01-2025T07:39:33 - [TEST_STEP][PASSED] - scrollToElement(findTestObject("Выполнение бизнес-плана/Октябрь 2024"), 30): Scroll to object 'Object Repository/Выполнение бизнес-плана/Октябрь 2024' successfully

13-01-2025T07:39:34 - [MESSAGE][PASSED] - Scroll to object 'Object Repository/Выполнение бизнес-плана/Октябрь 2024' successfully

13-01-2025T07:39:34 - [TEST_STEP][PASSED] - click(findTestObject("Выполнение бизнес-плана/Октябрь 2024"), CONTINUE_ON_FAILURE): Object: 'Object Repository/Выполнение бизнес-плана/Октябрь 2024' is clicked on

13-01-2025T07:39:34 - [MESSAGE][PASSED] - Object: 'Object Repository/Выполнение бизнес-плана/Октябрь 2024' is clicked on

13-01-2025T07:39:34 - [TEST_STEP][PASSED] - scrollToElement(findTestObject("Выполнение бизнес-плана/Ноябрь 2024"), 30): Scroll to object 'Object Repository/Выполнение бизнес-плана/Ноябрь 2024' successfully

13-01-2025T07:39:35 - [MESSAGE][PASSED] - Scroll to object 'Object Repository/Выполнение бизнес-плана/Ноябрь 2024' successfully

13-01-2025T07:39:35 - [TEST_STEP][PASSED] - click(findTestObject("Выполнение бизнес-плана/Ноябрь 2024"), CONTINUE_ON_FAILURE): Object: 'Object Repository/Выполнение бизнес-плана/Ноябрь 2024' is clicked on

13-01-2025T07:39:35 - [MESSAGE][PASSED] - Object: 'Object Repository/Выполнение бизнес-плана/Ноябрь 2024' is clicked on

13-01-2025T07:39:35 - [TEST_STEP][PASSED] - click(findTestObject("Object Repository/Выполнение бизнес-плана/Применить в фильтре Дата")): Object: 'Object Repository/Выполнение бизнес-плана/Применить в фильтре Дата' is clicked on

13-01-2025T07:39:36 - [MESSAGE][PASSED] - Object: 'Object Repository/Выполнение бизнес-плана/Применить в фильтре Дата' is clicked on

13-01-2025T07:39:36 - [TEST_STEP][PASSED] - scrollToElement(findTestObject("Выполнение бизнес-плана/Заголовок дашборда"), 30): Scroll to object 'Object Repository/Выполнение бизнес-плана/Заголовок дашборда' successfully

13-01-2025T07:40:06 - [MESSAGE][PASSED] - Scroll to object 'Object Repository/Выполнение бизнес-плана/Заголовок дашборда' successfully

13-01-2025T07:40:06 - [TEST_STEP][PASSED] - delay(70): Delayed 70 second(s)

13-01-2025T07:41:16 - [MESSAGE][PASSED] - Delayed 70 second(s)

13-01-2025T07:41:16 - [TEST_STEP][PASSED] - Script1686231490255.ZakrytOpoveshenie(): null

13-01-2025T07:41:16 - [TEST_STEP][PASSED] - opoveshenie = getText(findTestObject("Выполнение бизнес-плана/Просьба обратить внимание")): Text of object 'Object Repository/Выполнение бизнес-плана/Просьба обратить внимание' is: 'Просьба обратить внимание'

13-01-2025T07:41:16 - [MESSAGE][PASSED] - Text of object 'Object Repository/Выполнение бизнес-плана/Просьба обратить внимание' is: 'Просьба обратить внимание'

13-01-2025T07:41:16 - [TEST_STEP][PASSED] - println(opoveshenie): null

13-01-2025T07:41:16 - [TEST_STEP][PASSED] - if (opoveshenie == "Просьба обратить внимание"): Object: 'Object Repository/Выполнение бизнес-плана/Закрыть оповещение' is clicked on

13-01-2025T07:41:16 - [TEST_STEP][PASSED] - click(findTestObject("Выполнение бизнес-плана/Закрыть оповещение")): Object: 'Object Repository/Выполнение бизнес-плана/Закрыть оповещение' is clicked on

13-01-2025T07:41:17 - [MESSAGE][PASSED] - Object: 'Object Repository/Выполнение бизнес-плана/Закрыть оповещение' is clicked on

13-01-2025T07:41:17 - [TEST_STEP][PASSED] - click(findTestObject("Object Repository/Выполнение бизнес-плана/Фильтр ДЗО")): Object: 'Object Repository/Выполнение бизнес-плана/Фильтр ДЗО' is clicked on

13-01-2025T07:41:17 - [MESSAGE][PASSED] - Object: 'Object Repository/Выполнение бизнес-плана/Фильтр ДЗО' is clicked on

13-01-2025T07:41:17 - [TEST_STEP][PASSED] - click(findTestObject("Выполнение бизнес-плана/Снять выделение в фильтре ДЗО")): Object: 'Object Repository/Выполнение бизнес-плана/Снять выделение в фильтре ДЗО' is clicked on

13-01-2025T07:41:18 - [MESSAGE][PASSED] - Object: 'Object Repository/Выполнение бизнес-плана/Снять выделение в фильтре ДЗО' is clicked on

13-01-2025T07:41:18 - [TEST_STEP][PASSED] - click(findTestObject("Выполнение бизнес-плана/ПАО Россети")): Object: 'Object Repository/Выполнение бизнес-плана/ПАО Россети' is clicked on

13-01-2025T07:41:18 - [MESSAGE][PASSED] - Object: 'Object Repository/Выполнение бизнес-плана/ПАО Россети' is clicked on

13-01-2025T07:41:18 - [TEST_STEP][PASSED] - click(findTestObject("Object Repository/Выполнение бизнес-плана/Применить в фильтре ДЗО")): Object: 'Object Repository/Выполнение бизнес-плана/Применить в фильтре ДЗО' is clicked on

13-01-2025T07:41:19 - [MESSAGE][PASSED] - Object: 'Object Repository/Выполнение бизнес-плана/Применить в фильтре ДЗО' is clicked on

13-01-2025T07:41:19 - [TEST_STEP][PASSED] - delay(70): Delayed 70 second(s)

13-01-2025T07:42:29 - [MESSAGE][PASSED] - Delayed 70 second(s)

13-01-2025T07:42:29 - [TEST_STEP][PASSED] - if (run == 1): null

13-01-2025T07:42:29 - [TEST_STEP][PASSED] - if (run == 2): null

13-01-2025T07:42:29 - [TEST_STEP][PASSED] - if (run == 3): null

13-01-2025T07:42:29 - [TEST_STEP][PASSED] - user = "Попова": null

13-01-2025T07:42:29 - [TEST_STEP][PASSED] - a1 = getText(findTestObject("Выполнение бизнес-плана/Проценты")): Text of object 'Object Repository/Выполнение бизнес-плана/Проценты' is: '%
5.56 5.56
5.52 5.52
План
Факт
1
100'

13-01-2025T07:42:29 - [MESSAGE][PASSED] - Text of object 'Object Repository/Выполнение бизнес-плана/Проценты' is: '%
5.56 5.56
5.52 5.52
План
Факт
1
100'

13-01-2025T07:42:29 - [TEST_STEP][PASSED] - a2 = getText(findTestObject("Выполнение бизнес-плана/vidget 2")): Text of object 'Object Repository/Выполнение бизнес-плана/vidget 2' is: 'АО «Тываэнерго»
АО «Чеченэнерго»
Россети Северный Кавказ
Россети Сибирь
Россети Тюмень
Россети Центр (ГК)
Россети Центр и Приволжье (ГК)
0
10
20
30
40
50
60
70'

13-01-2025T07:42:30 - [MESSAGE][PASSED] - Text of object 'Object Repository/Выполнение бизнес-плана/vidget 2' is: 'АО «Тываэнерго»
АО «Чеченэнерго»
Россети Северный Кавказ
Россети Сибирь
Россети Тюмень
Россети Центр (ГК)
Россети Центр и Приволжье (ГК)
0
10
20
30
40
50
60
70'

13-01-2025T07:42:30 - [TEST_STEP][PASSED] - a3 = getText(findTestObject("Выполнение бизнес-плана/table")): Text of object 'Object Repository/Выполнение бизнес-плана/table' is: ''

13-01-2025T07:42:30 - [MESSAGE][PASSED] - Text of object 'Object Repository/Выполнение бизнес-плана/table' is: ''

13-01-2025T07:42:30 - [TEST_STEP][PASSED] - a4 = getText(findTestObject("Выполнение бизнес-плана/Список ДЗО")): Text of object 'Object Repository/Выполнение бизнес-плана/Список ДЗО' is: '-0.07
3.10
3.73
-0.05
0.16
-0.52
-0.27
АО «Тываэнерго»
АО «Чеченэнерго»
Россети Северный Кавказ
Россети Сибирь
Россети Тюмень
Россети Центр (ГК)
Россети Центр и Приволжье (ГК)
-1
0
1
2
3
4
5
6
7'

13-01-2025T07:42:30 - [MESSAGE][PASSED] - Text of object 'Object Repository/Выполнение бизнес-плана/Список ДЗО' is: '-0.07
3.10
3.73
-0.05
0.16
-0.52
-0.27
АО «Тываэнерго»
АО «Чеченэнерго»
Россети Северный Кавказ
Россети Сибирь
Россети Тюмень
Россети Центр (ГК)
Россети Центр и Приволжье (ГК)
-1
0
1
2
3
4
5
6
7'

13-01-2025T07:42:30 - [TEST_STEP][PASSED] - a5 = getText(findTestObject("Выполнение бизнес-плана/svg1")): Text of object 'Object Repository/Выполнение бизнес-плана/svg1' is: '%
5.56 5.56
5.52 5.52
План
Факт
1
100'

13-01-2025T07:42:31 - [MESSAGE][PASSED] - Text of object 'Object Repository/Выполнение бизнес-плана/svg1' is: '%
5.56 5.56
5.52 5.52
План
Факт
1
100'

13-01-2025T07:42:31 - [TEST_STEP][PASSED] - a6 = getText(findTestObject("Выполнение бизнес-плана/svg2")): Text of object 'Object Repository/Выполнение бизнес-плана/svg2' is: 'п.п.
0.04
Итого
0
0.02
0.04
0.06'

13-01-2025T07:42:31 - [MESSAGE][PASSED] - Text of object 'Object Repository/Выполнение бизнес-плана/svg2' is: 'п.п.
0.04
Итого
0
0.02
0.04
0.06'

13-01-2025T07:42:31 - [TEST_STEP][PASSED] - a7 = getText(findTestObject("Выполнение бизнес-плана/Значения со страницы Выполнение бизнес-плана/Факт Отпуск в сеть за отчётный период ПАО Россети")): Text of object 'Object Repository/Выполнение бизнес-плана/Значения со страницы Выполнение бизнес-плана/Факт Отпуск в сеть за отчётный период ПАО Россети' is: '230 146 370'

13-01-2025T07:42:31 - [MESSAGE][PASSED] - Text of object 'Object Repository/Выполнение бизнес-плана/Значения со страницы Выполнение бизнес-плана/Факт Отпуск в сеть за отчётный период ПАО Россети' is: '230 146 370'

13-01-2025T07:42:31 - [TEST_STEP][PASSED] - a8 = getText(findTestObject("Выполнение бизнес-плана/Значения со страницы Выполнение бизнес-плана/Факт Отпуск из сети за отчётный период ПАО Россети")): Text of object 'Object Repository/Выполнение бизнес-плана/Значения со страницы Выполнение бизнес-плана/Факт Отпуск из сети за отчётный период ПАО Россети' is: '209 300 970'

13-01-2025T07:42:31 - [MESSAGE][PASSED] - Text of object 'Object Repository/Выполнение бизнес-плана/Значения со страницы Выполнение бизнес-плана/Факт Отпуск из сети за отчётный период ПАО Россети' is: '209 300 970'

13-01-2025T07:42:31 - [TEST_STEP][PASSED] - a9 = getText(findTestObject("Выполнение бизнес-плана/Значения со страницы Выполнение бизнес-плана/Факт Потери за отчётный период ПАО Россети")): Text of object 'Object Repository/Выполнение бизнес-плана/Значения со страницы Выполнение бизнес-плана/Факт Потери за отчётный период ПАО Россети' is: '20 845 400'

13-01-2025T07:42:32 - [MESSAGE][PASSED] - Text of object 'Object Repository/Выполнение бизнес-плана/Значения со страницы Выполнение бизнес-плана/Факт Потери за отчётный период ПАО Россети' is: '20 845 400'

13-01-2025T07:42:32 - [TEST_STEP][PASSED] - n = n + 2: null

13-01-2025T07:42:32 - [TEST_STEP][PASSED] - b = data.getRowNumbers() + 1: null

13-01-2025T07:42:32 - [TEST_STEP][PASSED] - verifyEqual(findTestData("PlanFact").getValue(2, b), a1): Actual object '%
5.56 5.56
5.52 5.52
План
Факт
1
100' and expected object '%
5.56 5.56
5.52 5.52
План
Факт
1
100' are equal

13-01-2025T07:42:32 - [MESSAGE][PASSED] - Actual object '%
5.56 5.56
5.52 5.52
План
Факт
1
100' and expected object '%
5.56 5.56
5.52 5.52
План
Факт
1
100' are equal

13-01-2025T07:42:32 - [TEST_STEP][PASSED] - verifyEqual(findTestData("PlanFact").getValue(3, b), a2): Actual object 'АО «Тываэнерго»
АО «Чеченэнерго»
Россети Северный Кавказ
Россети Сибирь
Россети Тюмень
Россети Центр (ГК)
Россети Центр и Приволжье (ГК)
0
10
20
30
40
50
60
70' and expected object 'АО «Тываэнерго»
АО «Чеченэнерго»
Россети Северный Кавказ
Россети Сибирь
Россети Тюмень
Россети Центр (ГК)
Россети Центр и Приволжье (ГК)
0
10
20
30
40
50
60
70' are equal

13-01-2025T07:42:32 - [MESSAGE][PASSED] - Actual object 'АО «Тываэнерго»
АО «Чеченэнерго»
Россети Северный Кавказ
Россети Сибирь
Россети Тюмень
Россети Центр (ГК)
Россети Центр и Приволжье (ГК)
0
10
20
30
40
50
60
70' and expected object 'АО «Тываэнерго»
АО «Чеченэнерго»
Россети Северный Кавказ
Россети Сибирь
Россети Тюмень
Россети Центр (ГК)
Россети Центр и Приволжье (ГК)
0
10
20
30
40
50
60
70' are equal

13-01-2025T07:42:32 - [TEST_STEP][PASSED] - verifyEqual(findTestData("PlanFact").getValue(4, b), a3): Actual object '' and expected object '' are equal

13-01-2025T07:42:32 - [MESSAGE][PASSED] - Actual object '' and expected object '' are equal

13-01-2025T07:42:32 - [TEST_STEP][PASSED] - verifyEqual(findTestData("PlanFact").getValue(5, b), a4): Actual object '-0.07
3.10
3.73
-0.05
0.16
-0.52
-0.27
АО «Тываэнерго»
АО «Чеченэнерго»
Россети Северный Кавказ
Россети Сибирь
Россети Тюмень
Россети Центр (ГК)
Россети Центр и Приволжье (ГК)
-1
0
1
2
3
4
5
6
7' and expected object '-0.07
3.10
3.73
-0.05
0.16
-0.52
-0.27
АО «Тываэнерго»
АО «Чеченэнерго»
Россети Северный Кавказ
Россети Сибирь
Россети Тюмень
Россети Центр (ГК)
Россети Центр и Приволжье (ГК)
-1
0
1
2
3
4
5
6
7' are equal

13-01-2025T07:42:32 - [MESSAGE][PASSED] - Actual object '-0.07
3.10
3.73
-0.05
0.16
-0.52
-0.27
АО «Тываэнерго»
АО «Чеченэнерго»
Россети Северный Кавказ
Россети Сибирь
Россети Тюмень
Россети Центр (ГК)
Россети Центр и Приволжье (ГК)
-1
0
1
2
3
4
5
6
7' and expected object '-0.07
3.10
3.73
-0.05
0.16
-0.52
-0.27
АО «Тываэнерго»
АО «Чеченэнерго»
Россети Северный Кавказ
Россети Сибирь
Россети Тюмень
Россети Центр (ГК)
Россети Центр и Приволжье (ГК)
-1
0
1
2
3
4
5
6
7' are equal

13-01-2025T07:42:32 - [TEST_STEP][PASSED] - verifyEqual(findTestData("PlanFact").getValue(6, b), a5): Actual object '%
5.56 5.56
5.52 5.52
План
Факт
1
100' and expected object '%
5.56 5.56
5.52 5.52
План
Факт
1
100' are equal

13-01-2025T07:42:32 - [MESSAGE][PASSED] - Actual object '%
5.56 5.56
5.52 5.52
План
Факт
1
100' and expected object '%
5.56 5.56
5.52 5.52
План
Факт
1
100' are equal

13-01-2025T07:42:32 - [TEST_STEP][PASSED] - verifyEqual(findTestData("PlanFact").getValue(7, b), a6): Actual object 'п.п.
0.04
Итого
0
0.02
0.04
0.06' and expected object 'п.п.
0.04
Итого
0
0.02
0.04
0.06' are equal

13-01-2025T07:42:32 - [MESSAGE][PASSED] - Actual object 'п.п.
0.04
Итого
0
0.02
0.04
0.06' and expected object 'п.п.
0.04
Итого
0
0.02
0.04
0.06' are equal

13-01-2025T07:42:32 - [TEST_STEP][PASSED] - verifyEqual(findTestData("PlanFact").getValue(8, b), a7): Actual object '230 146 370' and expected object '230 146 370' are equal

13-01-2025T07:42:32 - [MESSAGE][PASSED] - Actual object '230 146 370' and expected object '230 146 370' are equal

13-01-2025T07:42:32 - [TEST_STEP][PASSED] - verifyEqual(findTestData("PlanFact").getValue(9, b), a8): Actual object '209 300 970' and expected object '209 300 970' are equal

13-01-2025T07:42:32 - [MESSAGE][PASSED] - Actual object '209 300 970' and expected object '209 300 970' are equal

13-01-2025T07:42:32 - [TEST_STEP][PASSED] - verifyEqual(findTestData("PlanFact").getValue(10, b), a9): Actual object '20 845 400' and expected object '20 845 400' are equal

13-01-2025T07:42:32 - [MESSAGE][PASSED] - Actual object '20 845 400' and expected object '20 845 400' are equal

13-01-2025T07:42:32 - [TEST_STEP][PASSED] - Script1686231490255.WriteToExcel(user, dashboardName, n, data, run, a1, a2, a3, a4, a5, a6, a7, a8, a9): null

13-01-2025T07:42:32 - [TEST_STEP][PASSED] - sheetName = "Sheet1": null

13-01-2025T07:42:32 - [TEST_STEP][PASSED] - workbook01 = getWorkbook(excelFilePath): null

13-01-2025T07:42:32 - [TEST_STEP][PASSED] - sheet01 = getExcelSheet(workbook01, sheetName): null

13-01-2025T07:42:32 - [TEST_STEP][PASSED] - setValueToCellByIndex(sheet01, n, 0, dashboardName): null

13-01-2025T07:42:32 - [TEST_STEP][PASSED] - setValueToCellByIndex(sheet01, n, 10, user): null

13-01-2025T07:42:32 - [TEST_STEP][PASSED] - setValueToCellByIndex(sheet01, n, 1, a1): null

13-01-2025T07:42:32 - [TEST_STEP][PASSED] - setValueToCellByIndex(sheet01, n, 2, a2): null

13-01-2025T07:42:32 - [TEST_STEP][PASSED] - setValueToCellByIndex(sheet01, n, 3, a3): null

13-01-2025T07:42:32 - [TEST_STEP][PASSED] - setValueToCellByIndex(sheet01, n, 4, a4): null

13-01-2025T07:42:32 - [TEST_STEP][PASSED] - setValueToCellByIndex(sheet01, n, 5, a5): null

13-01-2025T07:42:32 - [TEST_STEP][PASSED] - setValueToCellByIndex(sheet01, n, 6, a6): null

13-01-2025T07:42:32 - [TEST_STEP][PASSED] - setValueToCellByIndex(sheet01, n, 7, a7): null

13-01-2025T07:42:32 - [TEST_STEP][PASSED] - setValueToCellByIndex(sheet01, n, 8, a8): null

13-01-2025T07:42:32 - [TEST_STEP][PASSED] - setValueToCellByIndex(sheet01, n, 9, a9): null

13-01-2025T07:42:32 - [TEST_STEP][PASSED] - n = n + 1: null

13-01-2025T07:42:32 - [TEST_STEP][PASSED] - saveWorkbook(excelFilePath, workbook01): null

13-01-2025T07:42:33 - [TEST_STEP][PASSED] - closeBrowser(): Browser is closed

13-01-2025T07:42:33 - [MESSAGE][PASSED] - Browser is closed

13-01-2025T07:42:33 - [TEST_STEP][PASSED] - delay(70): Delayed 70 second(s)

13-01-2025T07:43:43 - [MESSAGE][PASSED] - Delayed 70 second(s)

13-01-2025T07:43:43 - [TEST_STEP][PASSED] - for ([run = 1, run < 4, (run++)]): null

13-01-2025T07:43:43 - [TEST_STEP][PASSED] - ViruchkaVRublyah(user, dashboardName, n, data, run, a1, a2, a3, a4, a5, a6, a7, a8, a9, urlData): null

13-01-2025T07:43:43 - [TEST_STEP][PASSED] - n = data.getRowNumbers() + 1: null

13-01-2025T07:43:43 - [TEST_STEP][PASSED] - println(n): null

13-01-2025T07:43:43 - [TEST_STEP][PASSED] - dashboardName = "Вырука в рублях": null

13-01-2025T07:43:43 - [TEST_STEP][PASSED] - openBrowser(""): Browser is opened with url: ''

13-01-2025T07:43:43 - [MESSAGE][INFO] - Starting 'Chrome' driver

13-01-2025T07:43:43 - [MESSAGE][INFO] - Action delay is set to 0 milliseconds

13-01-2025T07:43:44 - [MESSAGE][PASSED] - Browser is opened with url: ''

13-01-2025T07:43:44 - [TEST_STEP][PASSED] - urlData = 2: null

13-01-2025T07:43:44 - [TEST_STEP][PASSED] - Script1686231490255.CheckPageDownload(urlData, run): null

13-01-2025T07:43:44 - [TEST_STEP][PASSED] - i = 1: null

13-01-2025T07:43:44 - [TEST_STEP][PASSED] - ii = 0: null

13-01-2025T07:43:44 - [TEST_STEP][PASSED] - urlText = <not implemented yet for class: org.codehaus.groovy.ast.expr.EmptyExpression>: null

13-01-2025T07:43:44 - [TEST_STEP][PASSED] - searchWord = <not implemented yet for class: org.codehaus.groovy.ast.expr.EmptyExpression>: null

13-01-2025T07:43:44 - [TEST_STEP][PASSED] - deleteAllCookies(): Delete all cookies successfully

13-01-2025T07:43:44 - [MESSAGE][PASSED] - Delete all cookies successfully

13-01-2025T07:43:44 - [TEST_STEP][PASSED] - refresh(): Refresh successfully

13-01-2025T07:43:44 - [MESSAGE][PASSED] - Refresh successfully

13-01-2025T07:43:44 - [TEST_STEP][PASSED] - delay(70): Delayed 70 second(s)

13-01-2025T07:44:54 - [MESSAGE][PASSED] - Delayed 70 second(s)

13-01-2025T07:44:54 - [TEST_STEP][PASSED] - navigateToUrl(findTestData("PlanFact").getValue(10, urlData)): Navigate to 'https://bi.rosseti.digital/viewer?dashboardGuid=2301950b23be4ed89c1df75f2020051e&sheetGuid=b723206f698544fb87299f3095c00435&fit=true' successfully

13-01-2025T07:45:01 - [MESSAGE][PASSED] - Navigate to 'https://bi.rosseti.digital/viewer?dashboardGuid=2301950b23be4ed89c1df75f2020051e&sheetGuid=b723206f698544fb87299f3095c00435&fit=true' successfully

13-01-2025T07:45:01 - [TEST_STEP][PASSED] - pageLoaded1 = verifyElementPresent(findTestObject("Страница авторизации/Text"), 30): Object 'Object Repository/Страница авторизации/Text' is present

13-01-2025T07:45:02 - [MESSAGE][PASSED] - Object 'Object Repository/Страница авторизации/Text' is present

13-01-2025T07:45:02 - [TEST_STEP][PASSED] - if (pageLoaded1 == false): null

13-01-2025T07:45:02 - [TEST_STEP][PASSED] - urlText = getText(findTestObject("Страница авторизации/Text")): Text of object 'Object Repository/Страница авторизации/Text' is: 'Вход'

13-01-2025T07:45:02 - [MESSAGE][PASSED] - Text of object 'Object Repository/Страница авторизации/Text' is: 'Вход'

13-01-2025T07:45:02 - [TEST_STEP][PASSED] - delay(70): Delayed 70 second(s)

13-01-2025T07:46:12 - [MESSAGE][PASSED] - Delayed 70 second(s)

13-01-2025T07:46:12 - [TEST_STEP][PASSED] - searchWord = "Вход": null

13-01-2025T07:46:12 - [TEST_STEP][PASSED] - if (urlText.contains(searchWord) == false): null

13-01-2025T07:46:12 - [TEST_STEP][PASSED] - setText(findTestObject("Страница авторизации/input__username"), findTestData("PlanFact").getValue(8, run)): Text 'liazgina-di' is set on object 'Object Repository/Страница авторизации/input__username'

13-01-2025T07:46:13 - [MESSAGE][PASSED] - Text 'liazgina-di' is set on object 'Object Repository/Страница авторизации/input__username'

13-01-2025T07:46:13 - [TEST_STEP][PASSED] - setText(findTestObject("Страница авторизации/input__password"), findTestData("PlanFact").getValue(9, run)): Text ')$%5srZ8o688Dm#q' is set on object 'Object Repository/Страница авторизации/input__password'

13-01-2025T07:46:14 - [MESSAGE][PASSED] - Text ')$%5srZ8o688Dm#q' is set on object 'Object Repository/Страница авторизации/input__password'

13-01-2025T07:46:14 - [TEST_STEP][PASSED] - click(findTestObject("Страница авторизации/button_")): Object: 'Object Repository/Страница авторизации/button_' is clicked on

13-01-2025T07:46:15 - [MESSAGE][PASSED] - Object: 'Object Repository/Страница авторизации/button_' is clicked on

13-01-2025T07:46:15 - [TEST_STEP][PASSED] - delay(70): Delayed 70 second(s)

13-01-2025T07:47:25 - [MESSAGE][PASSED] - Delayed 70 second(s)

13-01-2025T07:47:25 - [TEST_STEP][PASSED] - searchWord = "а": null

13-01-2025T07:47:25 - [TEST_STEP][PASSED] - pageLoaded2 = verifyElementPresent(findTestObject("Страница авторизации/Text"), 50): Object 'Object Repository/Страница авторизации/Text' is present

13-01-2025T07:47:26 - [MESSAGE][PASSED] - Object 'Object Repository/Страница авторизации/Text' is present

13-01-2025T07:47:26 - [TEST_STEP][PASSED] - if (pageLoaded2 == false): null

13-01-2025T07:47:26 - [TEST_STEP][PASSED] - urlText = getText(findTestObject("Страница авторизации/Text")): Text of object 'Object Repository/Страница авторизации/Text' is: 'Период
1, 2, 3 кв., Октябрь, Ноябрь 2024 года
Выручка
Все
Выполнение плановых показателей по ПАО Россети за 1, 2, 3 кв., Октябрь, Ноябрь 2024 года
План
Факт
Динамика
2024 год
0 млн.руб.
100 000 млн.руб.
200 000 млн.руб.
300 000 млн.руб.
400 000 млн.руб.
500 000 млн.руб.
600 000 млн.руб.
700 000 млн.руб.
800 000 млн.руб.
900 000 млн.руб.
1 000 000 млн.руб.
1 100 000 млн.руб.
1 200 000 млн.руб.
1 300 000 млн.руб.
1 400 000 млн.руб.
1 500 000 млн.руб.
1 600 000 млн.руб.
1 311 033
1 316 817
↑
ДЗО 
ПАО Россети
Внутренний оборот - выручка за услуги по передаче электрической энергии, учтенная в выручке за электроэнергию для конечных потребителей, при выполнении ДЗО функций гарантирующего поставщика
Подписи данных
⬤Отклонение
АО «Тываэнерго»
АО «Чеченэнерго»
Россети Волга
Россети Кубань
Россети Ленэнерго (ГК)
Россети Московский регион
Россети Северный Кавказ (ГК)
Россети Северо-Запад
Россети Сибирь (ГК)
Россети Томск
Россети Тюмень
Россети Урал (ГК)
Россети ФСК ЕЭС
Россети Центр
Россети Центр и Приволжье (ГК)
Россети Юг (ГК)
Россети Янтарь
-25 000 млн.руб.
-20 000 млн.руб.
-15 000 млн.руб.
-10 000 млн.руб.
-5 000 млн.руб.
0 млн.руб.
5 000 млн.руб.
10 000 млн.руб.
-30 000 млн.руб.
15 000 млн.руб.
358
121
239
4 507
5 172
8 574
945
784
2 396
241
-6 052
2 027
-23 772
3 732
4 813
1 329
372
млн.
%
Выручка
Отклонение выручки по ПАО Россети за 1, 2, 3 кв., Октябрь, Ноябрь 2024 года (факт/план, млн. руб)
ПАО Россети
5 783.7 млн.руб.
 '

13-01-2025T07:47:26 - [MESSAGE][PASSED] - Text of object 'Object Repository/Страница авторизации/Text' is: 'Период
1, 2, 3 кв., Октябрь, Ноябрь 2024 года
Выручка
Все
Выполнение плановых показателей по ПАО Россети за 1, 2, 3 кв., Октябрь, Ноябрь 2024 года
План
Факт
Динамика
2024 год
0 млн.руб.
100 000 млн.руб.
200 000 млн.руб.
300 000 млн.руб.
400 000 млн.руб.
500 000 млн.руб.
600 000 млн.руб.
700 000 млн.руб.
800 000 млн.руб.
900 000 млн.руб.
1 000 000 млн.руб.
1 100 000 млн.руб.
1 200 000 млн.руб.
1 300 000 млн.руб.
1 400 000 млн.руб.
1 500 000 млн.руб.
1 600 000 млн.руб.
1 311 033
1 316 817
↑
ДЗО 
ПАО Россети
Внутренний оборот - выручка за услуги по передаче электрической энергии, учтенная в выручке за электроэнергию для конечных потребителей, при выполнении ДЗО функций гарантирующего поставщика
Подписи данных
⬤Отклонение
АО «Тываэнерго»
АО «Чеченэнерго»
Россети Волга
Россети Кубань
Россети Ленэнерго (ГК)
Россети Московский регион
Россети Северный Кавказ (ГК)
Россети Северо-Запад
Россети Сибирь (ГК)
Россети Томск
Россети Тюмень
Россети Урал (ГК)
Россети ФСК ЕЭС
Россети Центр
Россети Центр и Приволжье (ГК)
Россети Юг (ГК)
Россети Янтарь
-25 000 млн.руб.
-20 000 млн.руб.
-15 000 млн.руб.
-10 000 млн.руб.
-5 000 млн.руб.
0 млн.руб.
5 000 млн.руб.
10 000 млн.руб.
-30 000 млн.руб.
15 000 млн.руб.
358
121
239
4 507
5 172
8 574
945
784
2 396
241
-6 052
2 027
-23 772
3 732
4 813
1 329
372
млн.
%
Выручка
Отклонение выручки по ПАО Россети за 1, 2, 3 кв., Октябрь, Ноябрь 2024 года (факт/план, млн. руб)
ПАО Россети
5 783.7 млн.руб.
 '

13-01-2025T07:47:26 - [TEST_STEP][PASSED] - if (urlText.contains("ошибка") || urlText.contains(searchWord) == false): null

13-01-2025T07:47:26 - [TEST_STEP][PASSED] - click(findTestObject("Выручка в рублях/Фильтр Период")): Object: 'Object Repository/Выручка в рублях/Фильтр Период' is clicked on

13-01-2025T07:47:27 - [MESSAGE][PASSED] - Object: 'Object Repository/Выручка в рублях/Фильтр Период' is clicked on

13-01-2025T07:47:27 - [TEST_STEP][PASSED] - click(findTestObject("Выручка в рублях/Снять выделение в фильтре Дата")): Object: 'Object Repository/Выручка в рублях/Снять выделение в фильтре Дата' is clicked on

13-01-2025T07:47:27 - [MESSAGE][PASSED] - Object: 'Object Repository/Выручка в рублях/Снять выделение в фильтре Дата' is clicked on

13-01-2025T07:47:27 - [TEST_STEP][PASSED] - click(findTestObject("Выручка в рублях/Применить в фильтре Дата")): Object: 'Object Repository/Выручка в рублях/Применить в фильтре Дата' is clicked on

13-01-2025T07:47:28 - [MESSAGE][PASSED] - Object: 'Object Repository/Выручка в рублях/Применить в фильтре Дата' is clicked on

13-01-2025T07:47:28 - [TEST_STEP][PASSED] - click(findTestObject("Выручка в рублях/Фильтр Период")): Object: 'Object Repository/Выручка в рублях/Фильтр Период' is clicked on

13-01-2025T07:47:30 - [MESSAGE][PASSED] - Object: 'Object Repository/Выручка в рублях/Фильтр Период' is clicked on

13-01-2025T07:47:30 - [TEST_STEP][PASSED] - click(findTestObject("Выручка в рублях/Снять выделение в фильтре Дата")): Object: 'Object Repository/Выручка в рублях/Снять выделение в фильтре Дата' is clicked on

13-01-2025T07:47:30 - [MESSAGE][PASSED] - Object: 'Object Repository/Выручка в рублях/Снять выделение в фильтре Дата' is clicked on

13-01-2025T07:47:30 - [TEST_STEP][PASSED] - scrollToElement(findTestObject("Выручка в рублях/2024 список"), 30): Scroll to object 'Object Repository/Выручка в рублях/2024 список' successfully

13-01-2025T07:47:30 - [MESSAGE][PASSED] - Scroll to object 'Object Repository/Выручка в рублях/2024 список' successfully

13-01-2025T07:47:30 - [TEST_STEP][PASSED] - click(findTestObject("Выручка в рублях/2024 список")): Object: 'Object Repository/Выручка в рублях/2024 список' is clicked on

13-01-2025T07:47:31 - [MESSAGE][PASSED] - Object: 'Object Repository/Выручка в рублях/2024 список' is clicked on

13-01-2025T07:47:31 - [TEST_STEP][PASSED] - scrollToElement(findTestObject("Выручка в рублях/1 квартал 2024 выбрать"), 30): Scroll to object 'Object Repository/Выручка в рублях/1 квартал 2024 выбрать' successfully

13-01-2025T07:47:31 - [MESSAGE][PASSED] - Scroll to object 'Object Repository/Выручка в рублях/1 квартал 2024 выбрать' successfully

13-01-2025T07:47:31 - [TEST_STEP][PASSED] - click(findTestObject("Выручка в рублях/1 квартал 2024 выбрать"), CONTINUE_ON_FAILURE): Object: 'Object Repository/Выручка в рублях/1 квартал 2024 выбрать' is clicked on

13-01-2025T07:47:32 - [MESSAGE][PASSED] - Object: 'Object Repository/Выручка в рублях/1 квартал 2024 выбрать' is clicked on

13-01-2025T07:47:32 - [TEST_STEP][PASSED] - scrollToElement(findTestObject("Выручка в рублях/2 квартал 2024 выбрать"), 30): Scroll to object 'Object Repository/Выручка в рублях/2 квартал 2024 выбрать' successfully

13-01-2025T07:47:32 - [MESSAGE][PASSED] - Scroll to object 'Object Repository/Выручка в рублях/2 квартал 2024 выбрать' successfully

13-01-2025T07:47:32 - [TEST_STEP][PASSED] - click(findTestObject("Выручка в рублях/2 квартал 2024 выбрать")): Object: 'Object Repository/Выручка в рублях/2 квартал 2024 выбрать' is clicked on

13-01-2025T07:47:32 - [MESSAGE][PASSED] - Object: 'Object Repository/Выручка в рублях/2 квартал 2024 выбрать' is clicked on

13-01-2025T07:47:32 - [TEST_STEP][PASSED] - scrollToElement(findTestObject("Выручка в рублях/3 квартал 2024 список"), 30): Scroll to object 'Object Repository/Выручка в рублях/3 квартал 2024 список' successfully

13-01-2025T07:47:33 - [MESSAGE][PASSED] - Scroll to object 'Object Repository/Выручка в рублях/3 квартал 2024 список' successfully

13-01-2025T07:47:33 - [TEST_STEP][PASSED] - click(findTestObject("Выручка в рублях/3 квартал 2024"), CONTINUE_ON_FAILURE): Object: 'Object Repository/Выручка в рублях/3 квартал 2024' is clicked on

13-01-2025T07:47:33 - [MESSAGE][PASSED] - Object: 'Object Repository/Выручка в рублях/3 квартал 2024' is clicked on

13-01-2025T07:47:33 - [TEST_STEP][PASSED] - scrollToElement(findTestObject("Выручка в рублях/4 квартал 2024 список"), 30): Scroll to object 'Object Repository/Выручка в рублях/4 квартал 2024 список' successfully

13-01-2025T07:47:34 - [MESSAGE][PASSED] - Scroll to object 'Object Repository/Выручка в рублях/4 квартал 2024 список' successfully

13-01-2025T07:47:34 - [TEST_STEP][PASSED] - click(findTestObject("Выручка в рублях/4 квартал 2024 список"), CONTINUE_ON_FAILURE): Object: 'Object Repository/Выручка в рублях/4 квартал 2024 список' is clicked on

13-01-2025T07:47:34 - [MESSAGE][PASSED] - Object: 'Object Repository/Выручка в рублях/4 квартал 2024 список' is clicked on

13-01-2025T07:47:34 - [TEST_STEP][PASSED] - scrollToElement(findTestObject("Выручка в рублях/Октябрь 2024"), 30): Scroll to object 'Object Repository/Выручка в рублях/Октябрь 2024' successfully

13-01-2025T07:47:34 - [MESSAGE][PASSED] - Scroll to object 'Object Repository/Выручка в рублях/Октябрь 2024' successfully

13-01-2025T07:47:34 - [TEST_STEP][PASSED] - click(findTestObject("Выручка в рублях/Октябрь 2024"), CONTINUE_ON_FAILURE): Object: 'Object Repository/Выручка в рублях/Октябрь 2024' is clicked on

13-01-2025T07:47:35 - [MESSAGE][PASSED] - Object: 'Object Repository/Выручка в рублях/Октябрь 2024' is clicked on

13-01-2025T07:47:35 - [TEST_STEP][PASSED] - scrollToElement(findTestObject("Выручка в рублях/Ноябрь 2024"), 30): Scroll to object 'Object Repository/Выручка в рублях/Ноябрь 2024' successfully

13-01-2025T07:47:35 - [MESSAGE][PASSED] - Scroll to object 'Object Repository/Выручка в рублях/Ноябрь 2024' successfully

13-01-2025T07:47:35 - [TEST_STEP][PASSED] - click(findTestObject("Выручка в рублях/Ноябрь 2024"), CONTINUE_ON_FAILURE): Object: 'Object Repository/Выручка в рублях/Ноябрь 2024' is clicked on

13-01-2025T07:47:36 - [MESSAGE][PASSED] - Object: 'Object Repository/Выручка в рублях/Ноябрь 2024' is clicked on

13-01-2025T07:47:36 - [TEST_STEP][PASSED] - click(findTestObject("Выручка в рублях/Применить в фильтре Дата")): Object: 'Object Repository/Выручка в рублях/Применить в фильтре Дата' is clicked on

13-01-2025T07:47:36 - [MESSAGE][PASSED] - Object: 'Object Repository/Выручка в рублях/Применить в фильтре Дата' is clicked on

13-01-2025T07:47:36 - [TEST_STEP][PASSED] - scrollToElement(findTestObject("Выручка в рублях/Заголовок дашборда"), 30): Scroll to object 'Object Repository/Выручка в рублях/Заголовок дашборда' successfully

13-01-2025T07:47:38 - [MESSAGE][PASSED] - Scroll to object 'Object Repository/Выручка в рублях/Заголовок дашборда' successfully

13-01-2025T07:47:38 - [TEST_STEP][PASSED] - delay(70): Delayed 70 second(s)

13-01-2025T07:48:48 - [MESSAGE][PASSED] - Delayed 70 second(s)

13-01-2025T07:48:48 - [TEST_STEP][PASSED] - a5 = "": null

13-01-2025T07:48:48 - [TEST_STEP][PASSED] - a6 = "": null

13-01-2025T07:48:48 - [TEST_STEP][PASSED] - a7 = "": null

13-01-2025T07:48:48 - [TEST_STEP][PASSED] - a8 = "": null

13-01-2025T07:48:48 - [TEST_STEP][PASSED] - a9 = "": null

13-01-2025T07:48:48 - [TEST_STEP][PASSED] - if (run == 1): null

13-01-2025T07:48:48 - [TEST_STEP][PASSED] - user = "админ": null

13-01-2025T07:48:48 - [TEST_STEP][PASSED] - a1 = getText(findTestObject("Выручка в рублях/График План")): Text of object 'Object Repository/Выручка в рублях/График План' is: '1 311 033'

13-01-2025T07:48:48 - [MESSAGE][PASSED] - Text of object 'Object Repository/Выручка в рублях/График План' is: '1 311 033'

13-01-2025T07:48:48 - [TEST_STEP][PASSED] - a2 = getText(findTestObject("Выручка в рублях/График Факт")): Text of object 'Object Repository/Выручка в рублях/График Факт' is: '1 316 817'

13-01-2025T07:48:48 - [MESSAGE][PASSED] - Text of object 'Object Repository/Выручка в рублях/График Факт' is: '1 316 817'

13-01-2025T07:48:48 - [TEST_STEP][PASSED] - a3 = getText(findTestObject("Выручка в рублях/График Отклонение выручки")): Text of object 'Object Repository/Выручка в рублях/График Отклонение выручки' is: 'Период
1, 2, 3 кв., Октябрь, Ноябрь 2024 года
Выручка
Все
Выполнение плановых показателей по ПАО Россети за 1, 2, 3 кв., Октябрь, Ноябрь 2024 года
План
Факт
Динамика
2024 год
0 млн.руб.
100 000 млн.руб.
200 000 млн.руб.
300 000 млн.руб.
400 000 млн.руб.
500 000 млн.руб.
600 000 млн.руб.
700 000 млн.руб.
800 000 млн.руб.
900 000 млн.руб.
1 000 000 млн.руб.
1 100 000 млн.руб.
1 200 000 млн.руб.
1 300 000 млн.руб.
1 400 000 млн.руб.
1 500 000 млн.руб.
1 600 000 млн.руб.
1 311 033
1 316 817
↑
ДЗО 
ПАО Россети
Внутренний оборот - выручка за услуги по передаче электрической энергии, учтенная в выручке за электроэнергию для конечных потребителей, при выполнении ДЗО функций гарантирующего поставщика
Подписи данных
⬤Отклонение
АО «Тываэнерго»
АО «Чеченэнерго»
Россети Волга
Россети Кубань
Россети Ленэнерго (ГК)
Россети Московский регион
Россети Северный Кавказ (ГК)
Россети Северо-Запад
Россети Сибирь (ГК)
Россети Томск
Россети Тюмень
Россети Урал (ГК)
Россети ФСК ЕЭС
Россети Центр
Россети Центр и Приволжье (ГК)
Россети Юг (ГК)
Россети Янтарь
-25 000 млн.руб.
-20 000 млн.руб.
-15 000 млн.руб.
-10 000 млн.руб.
-5 000 млн.руб.
0 млн.руб.
5 000 млн.руб.
10 000 млн.руб.
-30 000 млн.руб.
15 000 млн.руб.
358
121
239
4 507
5 172
8 574
945
784
2 396
241
-6 052
2 027
-23 772
3 732
4 813
1 329
372
млн.
%
Выручка
Отклонение выручки по ПАО Россети за 1, 2, 3 кв., Октябрь, Ноябрь 2024 года (факт/план, млн. руб)
ПАО Россети
5 783.7 млн.руб.
 '

13-01-2025T07:48:49 - [MESSAGE][PASSED] - Text of object 'Object Repository/Выручка в рублях/График Отклонение выручки' is: 'Период
1, 2, 3 кв., Октябрь, Ноябрь 2024 года
Выручка
Все
Выполнение плановых показателей по ПАО Россети за 1, 2, 3 кв., Октябрь, Ноябрь 2024 года
План
Факт
Динамика
2024 год
0 млн.руб.
100 000 млн.руб.
200 000 млн.руб.
300 000 млн.руб.
400 000 млн.руб.
500 000 млн.руб.
600 000 млн.руб.
700 000 млн.руб.
800 000 млн.руб.
900 000 млн.руб.
1 000 000 млн.руб.
1 100 000 млн.руб.
1 200 000 млн.руб.
1 300 000 млн.руб.
1 400 000 млн.руб.
1 500 000 млн.руб.
1 600 000 млн.руб.
1 311 033
1 316 817
↑
ДЗО 
ПАО Россети
Внутренний оборот - выручка за услуги по передаче электрической энергии, учтенная в выручке за электроэнергию для конечных потребителей, при выполнении ДЗО функций гарантирующего поставщика
Подписи данных
⬤Отклонение
АО «Тываэнерго»
АО «Чеченэнерго»
Россети Волга
Россети Кубань
Россети Ленэнерго (ГК)
Россети Московский регион
Россети Северный Кавказ (ГК)
Россети Северо-Запад
Россети Сибирь (ГК)
Россети Томск
Россети Тюмень
Россети Урал (ГК)
Россети ФСК ЕЭС
Россети Центр
Россети Центр и Приволжье (ГК)
Россети Юг (ГК)
Россети Янтарь
-25 000 млн.руб.
-20 000 млн.руб.
-15 000 млн.руб.
-10 000 млн.руб.
-5 000 млн.руб.
0 млн.руб.
5 000 млн.руб.
10 000 млн.руб.
-30 000 млн.руб.
15 000 млн.руб.
358
121
239
4 507
5 172
8 574
945
784
2 396
241
-6 052
2 027
-23 772
3 732
4 813
1 329
372
млн.
%
Выручка
Отклонение выручки по ПАО Россети за 1, 2, 3 кв., Октябрь, Ноябрь 2024 года (факт/план, млн. руб)
ПАО Россети
5 783.7 млн.руб.
 '

13-01-2025T07:48:49 - [TEST_STEP][PASSED] - a3 = a3.substring(a3.lastIndexOf("Отклонение")): null

13-01-2025T07:48:49 - [TEST_STEP][PASSED] - click(findTestObject("Выручка в рублях/Переключить отображение с млн на проценты Выручка в рублях")): Object: 'Object Repository/Выручка в рублях/Переключить отображение с млн на проценты Выручка в рублях' is clicked on

13-01-2025T07:48:49 - [MESSAGE][PASSED] - Object: 'Object Repository/Выручка в рублях/Переключить отображение с млн на проценты Выручка в рублях' is clicked on

13-01-2025T07:48:49 - [TEST_STEP][PASSED] - a4 = getText(findTestObject("Выручка в рублях/График Отклонение выручки")): Text of object 'Object Repository/Выручка в рублях/График Отклонение выручки' is: 'Период
1, 2, 3 кв., Октябрь, Ноябрь 2024 года
Выручка
Все
Выполнение плановых показателей по ПАО Россети за 1, 2, 3 кв., Октябрь, Ноябрь 2024 года
План
Факт
Динамика
2024 год
0 млн.руб.
100 000 млн.руб.
200 000 млн.руб.
300 000 млн.руб.
400 000 млн.руб.
500 000 млн.руб.
600 000 млн.руб.
700 000 млн.руб.
800 000 млн.руб.
900 000 млн.руб.
1 000 000 млн.руб.
1 100 000 млн.руб.
1 200 000 млн.руб.
1 300 000 млн.руб.
1 400 000 млн.руб.
1 500 000 млн.руб.
1 600 000 млн.руб.
1 311 033
1 316 817
↑
ДЗО 
ПАО Россети
Отклонение выручки по ПАО Россети за 1, 2, 3 кв., Октябрь, Ноябрь 2024 года (факт/план, %)
ПАО Россети
-95.38 %
Внутренний оборот - выручка за услуги по передаче электрической энергии, учтенная в выручке за электроэнергию для конечных потребителей, при выполнении ДЗО функций гарантирующего поставщика
⬤Отклонение
АО «Тываэнерго»
АО «Чеченэнерго»
Россети Волга
Россети Кубань
Россети Ленэнерго (ГК)
Россети Московский регион
Россети Северный Кавказ (ГК)
Россети Северо-Запад
Россети Сибирь (ГК)
Россети Томск
Россети Тюмень
Россети Урал (ГК)
Россети ФСК ЕЭС
Россети Центр
Россети Центр и Приволжье (ГК)
Россети Юг (ГК)
Россети Янтарь
- 110 %
- 100 %
-90 %
-80 %
-70 %
-60 %
-50 %
-40 %
-30 %
-20 %
-10 %
0 %
-100 %
-90.99 %
-90.7 %
-91.02 %
-90.02 %
-100 %
-90.67 %
-89.48 %
-100 %
-90.63 %
-92.22 %
-89.69 %
-100 %
-100 %
-93.32 %
-91.1 %
-100 %
Подписи данных
млн.
%
Выручка
 '

13-01-2025T07:48:50 - [MESSAGE][PASSED] - Text of object 'Object Repository/Выручка в рублях/График Отклонение выручки' is: 'Период
1, 2, 3 кв., Октябрь, Ноябрь 2024 года
Выручка
Все
Выполнение плановых показателей по ПАО Россети за 1, 2, 3 кв., Октябрь, Ноябрь 2024 года
План
Факт
Динамика
2024 год
0 млн.руб.
100 000 млн.руб.
200 000 млн.руб.
300 000 млн.руб.
400 000 млн.руб.
500 000 млн.руб.
600 000 млн.руб.
700 000 млн.руб.
800 000 млн.руб.
900 000 млн.руб.
1 000 000 млн.руб.
1 100 000 млн.руб.
1 200 000 млн.руб.
1 300 000 млн.руб.
1 400 000 млн.руб.
1 500 000 млн.руб.
1 600 000 млн.руб.
1 311 033
1 316 817
↑
ДЗО 
ПАО Россети
Отклонение выручки по ПАО Россети за 1, 2, 3 кв., Октябрь, Ноябрь 2024 года (факт/план, %)
ПАО Россети
-95.38 %
Внутренний оборот - выручка за услуги по передаче электрической энергии, учтенная в выручке за электроэнергию для конечных потребителей, при выполнении ДЗО функций гарантирующего поставщика
⬤Отклонение
АО «Тываэнерго»
АО «Чеченэнерго»
Россети Волга
Россети Кубань
Россети Ленэнерго (ГК)
Россети Московский регион
Россети Северный Кавказ (ГК)
Россети Северо-Запад
Россети Сибирь (ГК)
Россети Томск
Россети Тюмень
Россети Урал (ГК)
Россети ФСК ЕЭС
Россети Центр
Россети Центр и Приволжье (ГК)
Россети Юг (ГК)
Россети Янтарь
- 110 %
- 100 %
-90 %
-80 %
-70 %
-60 %
-50 %
-40 %
-30 %
-20 %
-10 %
0 %
-100 %
-90.99 %
-90.7 %
-91.02 %
-90.02 %
-100 %
-90.67 %
-89.48 %
-100 %
-90.63 %
-92.22 %
-89.69 %
-100 %
-100 %
-93.32 %
-91.1 %
-100 %
Подписи данных
млн.
%
Выручка
 '

13-01-2025T07:48:50 - [TEST_STEP][PASSED] - a4 = a4.substring(a4.lastIndexOf("Отклонение")): null

13-01-2025T07:48:50 - [TEST_STEP][PASSED] - click(findTestObject("Выручка в рублях/Переключить отображение с процентов на млн Выручка в рублях")): Object: 'Object Repository/Выручка в рублях/Переключить отображение с процентов на млн Выручка в рублях' is clicked on

13-01-2025T07:48:50 - [MESSAGE][PASSED] - Object: 'Object Repository/Выручка в рублях/Переключить отображение с процентов на млн Выручка в рублях' is clicked on

13-01-2025T07:48:50 - [TEST_STEP][PASSED] - n = n + 3: null

13-01-2025T07:48:50 - [TEST_STEP][PASSED] - Script1686231490255.WriteToExcel(user, dashboardName, n, data, run, a1, a2, a3, a4, a5, a6, a7, a8, a9): null

13-01-2025T07:48:50 - [TEST_STEP][PASSED] - sheetName = "Sheet1": null

13-01-2025T07:48:50 - [TEST_STEP][PASSED] - workbook01 = getWorkbook(excelFilePath): null

13-01-2025T07:48:50 - [TEST_STEP][PASSED] - sheet01 = getExcelSheet(workbook01, sheetName): null

13-01-2025T07:48:50 - [TEST_STEP][PASSED] - setValueToCellByIndex(sheet01, n, 0, dashboardName): null

13-01-2025T07:48:50 - [TEST_STEP][PASSED] - setValueToCellByIndex(sheet01, n, 10, user): null

13-01-2025T07:48:50 - [TEST_STEP][PASSED] - setValueToCellByIndex(sheet01, n, 1, a1): null

13-01-2025T07:48:50 - [TEST_STEP][PASSED] - setValueToCellByIndex(sheet01, n, 2, a2): null

13-01-2025T07:48:50 - [TEST_STEP][PASSED] - setValueToCellByIndex(sheet01, n, 3, a3): null

13-01-2025T07:48:50 - [TEST_STEP][PASSED] - setValueToCellByIndex(sheet01, n, 4, a4): null

13-01-2025T07:48:50 - [TEST_STEP][PASSED] - setValueToCellByIndex(sheet01, n, 5, a5): null

13-01-2025T07:48:50 - [TEST_STEP][PASSED] - setValueToCellByIndex(sheet01, n, 6, a6): null

13-01-2025T07:48:50 - [TEST_STEP][PASSED] - setValueToCellByIndex(sheet01, n, 7, a7): null

13-01-2025T07:48:50 - [TEST_STEP][PASSED] - setValueToCellByIndex(sheet01, n, 8, a8): null

13-01-2025T07:48:50 - [TEST_STEP][PASSED] - setValueToCellByIndex(sheet01, n, 9, a9): null

13-01-2025T07:48:50 - [TEST_STEP][PASSED] - n = n + 1: null

13-01-2025T07:48:50 - [TEST_STEP][PASSED] - saveWorkbook(excelFilePath, workbook01): null

13-01-2025T07:48:51 - [TEST_STEP][PASSED] - if (run == 2): null

13-01-2025T07:48:51 - [TEST_STEP][PASSED] - if (run == 3): null

13-01-2025T07:48:51 - [TEST_STEP][PASSED] - closeBrowser(): null

13-01-2025T07:48:51 - [MESSAGE][PASSED] - Browser is closed

13-01-2025T07:48:51 - [TEST_STEP][PASSED] - ViruchkaVRublyah(user, dashboardName, n, data, run, a1, a2, a3, a4, a5, a6, a7, a8, a9, urlData): null

13-01-2025T07:48:51 - [TEST_STEP][PASSED] - n = data.getRowNumbers() + 1: null

13-01-2025T07:48:51 - [TEST_STEP][PASSED] - println(n): null

13-01-2025T07:48:51 - [TEST_STEP][PASSED] - dashboardName = "Вырука в рублях": null

13-01-2025T07:48:51 - [TEST_STEP][PASSED] - openBrowser(""): Browser is opened with url: ''

13-01-2025T07:48:51 - [MESSAGE][INFO] - Starting 'Chrome' driver

13-01-2025T07:48:51 - [MESSAGE][INFO] - Action delay is set to 0 milliseconds

13-01-2025T07:48:52 - [MESSAGE][PASSED] - Browser is opened with url: ''

13-01-2025T07:48:52 - [TEST_STEP][PASSED] - urlData = 2: null

13-01-2025T07:48:52 - [TEST_STEP][PASSED] - Script1686231490255.CheckPageDownload(urlData, run): null

13-01-2025T07:48:52 - [TEST_STEP][PASSED] - i = 1: null

13-01-2025T07:48:52 - [TEST_STEP][PASSED] - ii = 0: null

13-01-2025T07:48:52 - [TEST_STEP][PASSED] - urlText = <not implemented yet for class: org.codehaus.groovy.ast.expr.EmptyExpression>: null

13-01-2025T07:48:52 - [TEST_STEP][PASSED] - searchWord = <not implemented yet for class: org.codehaus.groovy.ast.expr.EmptyExpression>: null

13-01-2025T07:48:52 - [TEST_STEP][PASSED] - deleteAllCookies(): Delete all cookies successfully

13-01-2025T07:48:52 - [MESSAGE][PASSED] - Delete all cookies successfully

13-01-2025T07:48:52 - [TEST_STEP][PASSED] - refresh(): Refresh successfully

13-01-2025T07:48:52 - [MESSAGE][PASSED] - Refresh successfully

13-01-2025T07:48:52 - [TEST_STEP][PASSED] - delay(70): Delayed 70 second(s)

13-01-2025T07:50:02 - [MESSAGE][PASSED] - Delayed 70 second(s)

13-01-2025T07:50:02 - [TEST_STEP][PASSED] - navigateToUrl(findTestData("PlanFact").getValue(10, urlData)): Navigate to 'https://bi.rosseti.digital/viewer?dashboardGuid=2301950b23be4ed89c1df75f2020051e&sheetGuid=b723206f698544fb87299f3095c00435&fit=true' successfully

13-01-2025T07:50:11 - [MESSAGE][PASSED] - Navigate to 'https://bi.rosseti.digital/viewer?dashboardGuid=2301950b23be4ed89c1df75f2020051e&sheetGuid=b723206f698544fb87299f3095c00435&fit=true' successfully

13-01-2025T07:50:11 - [TEST_STEP][PASSED] - pageLoaded1 = verifyElementPresent(findTestObject("Страница авторизации/Text"), 30): Object 'Object Repository/Страница авторизации/Text' is present

13-01-2025T07:50:12 - [MESSAGE][PASSED] - Object 'Object Repository/Страница авторизации/Text' is present

13-01-2025T07:50:12 - [TEST_STEP][PASSED] - if (pageLoaded1 == false): null

13-01-2025T07:50:12 - [TEST_STEP][PASSED] - urlText = getText(findTestObject("Страница авторизации/Text")): Text of object 'Object Repository/Страница авторизации/Text' is: 'Вход'

13-01-2025T07:50:13 - [MESSAGE][PASSED] - Text of object 'Object Repository/Страница авторизации/Text' is: 'Вход'

13-01-2025T07:50:13 - [TEST_STEP][PASSED] - delay(70): Delayed 70 second(s)

13-01-2025T07:51:23 - [MESSAGE][PASSED] - Delayed 70 second(s)

13-01-2025T07:51:23 - [TEST_STEP][PASSED] - searchWord = "Вход": null

13-01-2025T07:51:23 - [TEST_STEP][PASSED] - if (urlText.contains(searchWord) == false): null

13-01-2025T07:51:23 - [TEST_STEP][PASSED] - setText(findTestObject("Страница авторизации/input__username"), findTestData("PlanFact").getValue(8, run)): Text 'Andreeva-EV' is set on object 'Object Repository/Страница авторизации/input__username'

13-01-2025T07:51:23 - [MESSAGE][PASSED] - Text 'Andreeva-EV' is set on object 'Object Repository/Страница авторизации/input__username'

13-01-2025T07:51:23 - [TEST_STEP][PASSED] - setText(findTestObject("Страница авторизации/input__password"), findTestData("PlanFact").getValue(9, run)): Text '2nPePKDwCPH3ul7xMZ' is set on object 'Object Repository/Страница авторизации/input__password'

13-01-2025T07:51:24 - [MESSAGE][PASSED] - Text '2nPePKDwCPH3ul7xMZ' is set on object 'Object Repository/Страница авторизации/input__password'

13-01-2025T07:51:24 - [TEST_STEP][PASSED] - click(findTestObject("Страница авторизации/button_")): Object: 'Object Repository/Страница авторизации/button_' is clicked on

13-01-2025T07:51:26 - [MESSAGE][PASSED] - Object: 'Object Repository/Страница авторизации/button_' is clicked on

13-01-2025T07:51:26 - [TEST_STEP][PASSED] - delay(70): Delayed 70 second(s)

13-01-2025T07:52:36 - [MESSAGE][PASSED] - Delayed 70 second(s)

13-01-2025T07:52:36 - [TEST_STEP][PASSED] - searchWord = "а": null

13-01-2025T07:52:36 - [TEST_STEP][PASSED] - pageLoaded2 = verifyElementPresent(findTestObject("Страница авторизации/Text"), 50): Object 'Object Repository/Страница авторизации/Text' is present

13-01-2025T07:52:36 - [MESSAGE][PASSED] - Object 'Object Repository/Страница авторизации/Text' is present

13-01-2025T07:52:36 - [TEST_STEP][PASSED] - if (pageLoaded2 == false): null

13-01-2025T07:52:36 - [TEST_STEP][PASSED] - urlText = getText(findTestObject("Страница авторизации/Text")): Text of object 'Object Repository/Страница авторизации/Text' is: 'Период
1, 2, 3 кв., Октябрь, Ноябрь 2024 года
Выручка
Все
Выполнение плановых показателей по ПАО Россети за 1, 2, 3 кв., Октябрь, Ноябрь 2024 года
План
Факт
Динамика
2024 год
0 млн.руб.
100 000 млн.руб.
200 000 млн.руб.
300 000 млн.руб.
400 000 млн.руб.
500 000 млн.руб.
600 000 млн.руб.
700 000 млн.руб.
800 000 млн.руб.
900 000 млн.руб.
1 000 000 млн.руб.
1 100 000 млн.руб.
1 200 000 млн.руб.
1 300 000 млн.руб.
1 400 000 млн.руб.
1 500 000 млн.руб.
1 600 000 млн.руб.
1 311 033
1 316 817
↑
ДЗО 
ПАО Россети
Внутренний оборот - выручка за услуги по передаче электрической энергии, учтенная в выручке за электроэнергию для конечных потребителей, при выполнении ДЗО функций гарантирующего поставщика
Подписи данных
⬤Отклонение
АО «Тываэнерго»
АО «Чеченэнерго»
Россети Волга
Россети Кубань
Россети Ленэнерго (ГК)
Россети Московский регион
Россети Северный Кавказ (ГК)
Россети Северо-Запад
Россети Сибирь (ГК)
Россети Томск
Россети Тюмень
Россети Урал (ГК)
Россети ФСК ЕЭС
Россети Центр
Россети Центр и Приволжье (ГК)
Россети Юг (ГК)
Россети Янтарь
-25 000 млн.руб.
-20 000 млн.руб.
-15 000 млн.руб.
-10 000 млн.руб.
-5 000 млн.руб.
0 млн.руб.
5 000 млн.руб.
10 000 млн.руб.
-30 000 млн.руб.
15 000 млн.руб.
358
121
239
4 507
5 172
8 574
945
784
2 396
241
-6 052
2 027
-23 772
3 732
4 813
1 329
372
млн.
%
Выручка
Отклонение выручки по ПАО Россети за 1, 2, 3 кв., Октябрь, Ноябрь 2024 года (факт/план, млн. руб)
ПАО Россети
5 783.7 млн.руб.
 '

13-01-2025T07:52:37 - [MESSAGE][PASSED] - Text of object 'Object Repository/Страница авторизации/Text' is: 'Период
1, 2, 3 кв., Октябрь, Ноябрь 2024 года
Выручка
Все
Выполнение плановых показателей по ПАО Россети за 1, 2, 3 кв., Октябрь, Ноябрь 2024 года
План
Факт
Динамика
2024 год
0 млн.руб.
100 000 млн.руб.
200 000 млн.руб.
300 000 млн.руб.
400 000 млн.руб.
500 000 млн.руб.
600 000 млн.руб.
700 000 млн.руб.
800 000 млн.руб.
900 000 млн.руб.
1 000 000 млн.руб.
1 100 000 млн.руб.
1 200 000 млн.руб.
1 300 000 млн.руб.
1 400 000 млн.руб.
1 500 000 млн.руб.
1 600 000 млн.руб.
1 311 033
1 316 817
↑
ДЗО 
ПАО Россети
Внутренний оборот - выручка за услуги по передаче электрической энергии, учтенная в выручке за электроэнергию для конечных потребителей, при выполнении ДЗО функций гарантирующего поставщика
Подписи данных
⬤Отклонение
АО «Тываэнерго»
АО «Чеченэнерго»
Россети Волга
Россети Кубань
Россети Ленэнерго (ГК)
Россети Московский регион
Россети Северный Кавказ (ГК)
Россети Северо-Запад
Россети Сибирь (ГК)
Россети Томск
Россети Тюмень
Россети Урал (ГК)
Россети ФСК ЕЭС
Россети Центр
Россети Центр и Приволжье (ГК)
Россети Юг (ГК)
Россети Янтарь
-25 000 млн.руб.
-20 000 млн.руб.
-15 000 млн.руб.
-10 000 млн.руб.
-5 000 млн.руб.
0 млн.руб.
5 000 млн.руб.
10 000 млн.руб.
-30 000 млн.руб.
15 000 млн.руб.
358
121
239
4 507
5 172
8 574
945
784
2 396
241
-6 052
2 027
-23 772
3 732
4 813
1 329
372
млн.
%
Выручка
Отклонение выручки по ПАО Россети за 1, 2, 3 кв., Октябрь, Ноябрь 2024 года (факт/план, млн. руб)
ПАО Россети
5 783.7 млн.руб.
 '

13-01-2025T07:52:37 - [TEST_STEP][PASSED] - if (urlText.contains("ошибка") || urlText.contains(searchWord) == false): null

13-01-2025T07:52:37 - [TEST_STEP][PASSED] - click(findTestObject("Выручка в рублях/Фильтр Период")): Object: 'Object Repository/Выручка в рублях/Фильтр Период' is clicked on

13-01-2025T07:52:37 - [MESSAGE][PASSED] - Object: 'Object Repository/Выручка в рублях/Фильтр Период' is clicked on

13-01-2025T07:52:37 - [TEST_STEP][PASSED] - click(findTestObject("Выручка в рублях/Снять выделение в фильтре Дата")): Object: 'Object Repository/Выручка в рублях/Снять выделение в фильтре Дата' is clicked on

13-01-2025T07:52:38 - [MESSAGE][PASSED] - Object: 'Object Repository/Выручка в рублях/Снять выделение в фильтре Дата' is clicked on

13-01-2025T07:52:38 - [TEST_STEP][PASSED] - click(findTestObject("Выручка в рублях/Применить в фильтре Дата")): Object: 'Object Repository/Выручка в рублях/Применить в фильтре Дата' is clicked on

13-01-2025T07:52:38 - [MESSAGE][PASSED] - Object: 'Object Repository/Выручка в рублях/Применить в фильтре Дата' is clicked on

13-01-2025T07:52:38 - [TEST_STEP][PASSED] - click(findTestObject("Выручка в рублях/Фильтр Период")): Object: 'Object Repository/Выручка в рублях/Фильтр Период' is clicked on

13-01-2025T07:52:40 - [MESSAGE][PASSED] - Object: 'Object Repository/Выручка в рублях/Фильтр Период' is clicked on

13-01-2025T07:52:40 - [TEST_STEP][PASSED] - click(findTestObject("Выручка в рублях/Снять выделение в фильтре Дата")): Object: 'Object Repository/Выручка в рублях/Снять выделение в фильтре Дата' is clicked on

13-01-2025T07:52:41 - [MESSAGE][PASSED] - Object: 'Object Repository/Выручка в рублях/Снять выделение в фильтре Дата' is clicked on

13-01-2025T07:52:41 - [TEST_STEP][PASSED] - scrollToElement(findTestObject("Выручка в рублях/2024 список"), 30): Scroll to object 'Object Repository/Выручка в рублях/2024 список' successfully

13-01-2025T07:52:41 - [MESSAGE][PASSED] - Scroll to object 'Object Repository/Выручка в рублях/2024 список' successfully

13-01-2025T07:52:41 - [TEST_STEP][PASSED] - click(findTestObject("Выручка в рублях/2024 список")): Object: 'Object Repository/Выручка в рублях/2024 список' is clicked on

13-01-2025T07:52:41 - [MESSAGE][PASSED] - Object: 'Object Repository/Выручка в рублях/2024 список' is clicked on

13-01-2025T07:52:41 - [TEST_STEP][PASSED] - scrollToElement(findTestObject("Выручка в рублях/1 квартал 2024 выбрать"), 30): Scroll to object 'Object Repository/Выручка в рублях/1 квартал 2024 выбрать' successfully

13-01-2025T07:52:42 - [MESSAGE][PASSED] - Scroll to object 'Object Repository/Выручка в рублях/1 квартал 2024 выбрать' successfully

13-01-2025T07:52:42 - [TEST_STEP][PASSED] - click(findTestObject("Выручка в рублях/1 квартал 2024 выбрать"), CONTINUE_ON_FAILURE): Object: 'Object Repository/Выручка в рублях/1 квартал 2024 выбрать' is clicked on

13-01-2025T07:52:42 - [MESSAGE][PASSED] - Object: 'Object Repository/Выручка в рублях/1 квартал 2024 выбрать' is clicked on

13-01-2025T07:52:42 - [TEST_STEP][PASSED] - scrollToElement(findTestObject("Выручка в рублях/2 квартал 2024 выбрать"), 30): Scroll to object 'Object Repository/Выручка в рублях/2 квартал 2024 выбрать' successfully

13-01-2025T07:52:43 - [MESSAGE][PASSED] - Scroll to object 'Object Repository/Выручка в рублях/2 квартал 2024 выбрать' successfully

13-01-2025T07:52:43 - [TEST_STEP][PASSED] - click(findTestObject("Выручка в рублях/2 квартал 2024 выбрать")): Object: 'Object Repository/Выручка в рублях/2 квартал 2024 выбрать' is clicked on

13-01-2025T07:52:43 - [MESSAGE][PASSED] - Object: 'Object Repository/Выручка в рублях/2 квартал 2024 выбрать' is clicked on

13-01-2025T07:52:43 - [TEST_STEP][PASSED] - scrollToElement(findTestObject("Выручка в рублях/3 квартал 2024 список"), 30): Scroll to object 'Object Repository/Выручка в рублях/3 квартал 2024 список' successfully

13-01-2025T07:52:44 - [MESSAGE][PASSED] - Scroll to object 'Object Repository/Выручка в рублях/3 квартал 2024 список' successfully

13-01-2025T07:52:44 - [TEST_STEP][PASSED] - click(findTestObject("Выручка в рублях/3 квартал 2024"), CONTINUE_ON_FAILURE): Object: 'Object Repository/Выручка в рублях/3 квартал 2024' is clicked on

13-01-2025T07:52:44 - [MESSAGE][PASSED] - Object: 'Object Repository/Выручка в рублях/3 квартал 2024' is clicked on

13-01-2025T07:52:44 - [TEST_STEP][PASSED] - scrollToElement(findTestObject("Выручка в рублях/4 квартал 2024 список"), 30): Scroll to object 'Object Repository/Выручка в рублях/4 квартал 2024 список' successfully

13-01-2025T07:52:44 - [MESSAGE][PASSED] - Scroll to object 'Object Repository/Выручка в рублях/4 квартал 2024 список' successfully

13-01-2025T07:52:44 - [TEST_STEP][PASSED] - click(findTestObject("Выручка в рублях/4 квартал 2024 список"), CONTINUE_ON_FAILURE): Object: 'Object Repository/Выручка в рублях/4 квартал 2024 список' is clicked on

13-01-2025T07:52:45 - [MESSAGE][PASSED] - Object: 'Object Repository/Выручка в рублях/4 квартал 2024 список' is clicked on

13-01-2025T07:52:45 - [TEST_STEP][PASSED] - scrollToElement(findTestObject("Выручка в рублях/Октябрь 2024"), 30): Scroll to object 'Object Repository/Выручка в рублях/Октябрь 2024' successfully

13-01-2025T07:52:45 - [MESSAGE][PASSED] - Scroll to object 'Object Repository/Выручка в рублях/Октябрь 2024' successfully

13-01-2025T07:52:45 - [TEST_STEP][PASSED] - click(findTestObject("Выручка в рублях/Октябрь 2024"), CONTINUE_ON_FAILURE): Object: 'Object Repository/Выручка в рублях/Октябрь 2024' is clicked on

13-01-2025T07:52:45 - [MESSAGE][PASSED] - Object: 'Object Repository/Выручка в рублях/Октябрь 2024' is clicked on

13-01-2025T07:52:45 - [TEST_STEP][PASSED] - scrollToElement(findTestObject("Выручка в рублях/Ноябрь 2024"), 30): Scroll to object 'Object Repository/Выручка в рублях/Ноябрь 2024' successfully

13-01-2025T07:52:46 - [MESSAGE][PASSED] - Scroll to object 'Object Repository/Выручка в рублях/Ноябрь 2024' successfully

13-01-2025T07:52:46 - [TEST_STEP][PASSED] - click(findTestObject("Выручка в рублях/Ноябрь 2024"), CONTINUE_ON_FAILURE): Object: 'Object Repository/Выручка в рублях/Ноябрь 2024' is clicked on

13-01-2025T07:52:46 - [MESSAGE][PASSED] - Object: 'Object Repository/Выручка в рублях/Ноябрь 2024' is clicked on

13-01-2025T07:52:46 - [TEST_STEP][PASSED] - click(findTestObject("Выручка в рублях/Применить в фильтре Дата")): Object: 'Object Repository/Выручка в рублях/Применить в фильтре Дата' is clicked on

13-01-2025T07:52:47 - [MESSAGE][PASSED] - Object: 'Object Repository/Выручка в рублях/Применить в фильтре Дата' is clicked on

13-01-2025T07:52:47 - [TEST_STEP][PASSED] - scrollToElement(findTestObject("Выручка в рублях/Заголовок дашборда"), 30): Scroll to object 'Object Repository/Выручка в рублях/Заголовок дашборда' successfully

13-01-2025T07:52:48 - [MESSAGE][PASSED] - Scroll to object 'Object Repository/Выручка в рублях/Заголовок дашборда' successfully

13-01-2025T07:52:48 - [TEST_STEP][PASSED] - delay(70): Delayed 70 second(s)

13-01-2025T07:53:58 - [MESSAGE][PASSED] - Delayed 70 second(s)

13-01-2025T07:53:58 - [TEST_STEP][PASSED] - a5 = "": null

13-01-2025T07:53:58 - [TEST_STEP][PASSED] - a6 = "": null

13-01-2025T07:53:58 - [TEST_STEP][PASSED] - a7 = "": null

13-01-2025T07:53:58 - [TEST_STEP][PASSED] - a8 = "": null

13-01-2025T07:53:58 - [TEST_STEP][PASSED] - a9 = "": null

13-01-2025T07:53:58 - [TEST_STEP][PASSED] - if (run == 1): null

13-01-2025T07:53:58 - [TEST_STEP][PASSED] - if (run == 2): null

13-01-2025T07:53:58 - [TEST_STEP][PASSED] - user = "Андреева": null

13-01-2025T07:53:58 - [TEST_STEP][PASSED] - a1 = getText(findTestObject("Выручка в рублях/График План")): Text of object 'Object Repository/Выручка в рублях/График План' is: '1 311 033'

13-01-2025T07:53:58 - [MESSAGE][PASSED] - Text of object 'Object Repository/Выручка в рублях/График План' is: '1 311 033'

13-01-2025T07:53:58 - [TEST_STEP][PASSED] - a2 = getText(findTestObject("Выручка в рублях/График Факт")): Text of object 'Object Repository/Выручка в рублях/График Факт' is: '1 316 817'

13-01-2025T07:53:59 - [MESSAGE][PASSED] - Text of object 'Object Repository/Выручка в рублях/График Факт' is: '1 316 817'

13-01-2025T07:53:59 - [TEST_STEP][PASSED] - a3 = getText(findTestObject("Выручка в рублях/График Отклонение выручки")): Text of object 'Object Repository/Выручка в рублях/График Отклонение выручки' is: 'Период
1, 2, 3 кв., Октябрь, Ноябрь 2024 года
Выручка
Все
Выполнение плановых показателей по ПАО Россети за 1, 2, 3 кв., Октябрь, Ноябрь 2024 года
План
Факт
Динамика
2024 год
0 млн.руб.
100 000 млн.руб.
200 000 млн.руб.
300 000 млн.руб.
400 000 млн.руб.
500 000 млн.руб.
600 000 млн.руб.
700 000 млн.руб.
800 000 млн.руб.
900 000 млн.руб.
1 000 000 млн.руб.
1 100 000 млн.руб.
1 200 000 млн.руб.
1 300 000 млн.руб.
1 400 000 млн.руб.
1 500 000 млн.руб.
1 600 000 млн.руб.
1 311 033
1 316 817
↑
ДЗО 
ПАО Россети
Внутренний оборот - выручка за услуги по передаче электрической энергии, учтенная в выручке за электроэнергию для конечных потребителей, при выполнении ДЗО функций гарантирующего поставщика
Подписи данных
⬤Отклонение
АО «Тываэнерго»
АО «Чеченэнерго»
Россети Волга
Россети Кубань
Россети Ленэнерго (ГК)
Россети Московский регион
Россети Северный Кавказ (ГК)
Россети Северо-Запад
Россети Сибирь (ГК)
Россети Томск
Россети Тюмень
Россети Урал (ГК)
Россети ФСК ЕЭС
Россети Центр
Россети Центр и Приволжье (ГК)
Россети Юг (ГК)
Россети Янтарь
-25 000 млн.руб.
-20 000 млн.руб.
-15 000 млн.руб.
-10 000 млн.руб.
-5 000 млн.руб.
0 млн.руб.
5 000 млн.руб.
10 000 млн.руб.
-30 000 млн.руб.
15 000 млн.руб.
358
121
239
4 507
5 172
8 574
945
784
2 396
241
-6 052
2 027
-23 772
3 732
4 813
1 329
372
млн.
%
Выручка
Отклонение выручки по ПАО Россети за 1, 2, 3 кв., Октябрь, Ноябрь 2024 года (факт/план, млн. руб)
ПАО Россети
5 783.7 млн.руб.
 '

13-01-2025T07:53:59 - [MESSAGE][PASSED] - Text of object 'Object Repository/Выручка в рублях/График Отклонение выручки' is: 'Период
1, 2, 3 кв., Октябрь, Ноябрь 2024 года
Выручка
Все
Выполнение плановых показателей по ПАО Россети за 1, 2, 3 кв., Октябрь, Ноябрь 2024 года
План
Факт
Динамика
2024 год
0 млн.руб.
100 000 млн.руб.
200 000 млн.руб.
300 000 млн.руб.
400 000 млн.руб.
500 000 млн.руб.
600 000 млн.руб.
700 000 млн.руб.
800 000 млн.руб.
900 000 млн.руб.
1 000 000 млн.руб.
1 100 000 млн.руб.
1 200 000 млн.руб.
1 300 000 млн.руб.
1 400 000 млн.руб.
1 500 000 млн.руб.
1 600 000 млн.руб.
1 311 033
1 316 817
↑
ДЗО 
ПАО Россети
Внутренний оборот - выручка за услуги по передаче электрической энергии, учтенная в выручке за электроэнергию для конечных потребителей, при выполнении ДЗО функций гарантирующего поставщика
Подписи данных
⬤Отклонение
АО «Тываэнерго»
АО «Чеченэнерго»
Россети Волга
Россети Кубань
Россети Ленэнерго (ГК)
Россети Московский регион
Россети Северный Кавказ (ГК)
Россети Северо-Запад
Россети Сибирь (ГК)
Россети Томск
Россети Тюмень
Россети Урал (ГК)
Россети ФСК ЕЭС
Россети Центр
Россети Центр и Приволжье (ГК)
Россети Юг (ГК)
Россети Янтарь
-25 000 млн.руб.
-20 000 млн.руб.
-15 000 млн.руб.
-10 000 млн.руб.
-5 000 млн.руб.
0 млн.руб.
5 000 млн.руб.
10 000 млн.руб.
-30 000 млн.руб.
15 000 млн.руб.
358
121
239
4 507
5 172
8 574
945
784
2 396
241
-6 052
2 027
-23 772
3 732
4 813
1 329
372
млн.
%
Выручка
Отклонение выручки по ПАО Россети за 1, 2, 3 кв., Октябрь, Ноябрь 2024 года (факт/план, млн. руб)
ПАО Россети
5 783.7 млн.руб.
 '

13-01-2025T07:53:59 - [TEST_STEP][PASSED] - a3 = a3.substring(a3.lastIndexOf("Отклонение")): null

13-01-2025T07:53:59 - [TEST_STEP][PASSED] - click(findTestObject("Выручка в рублях/Переключить отображение с млн на проценты Выручка в рублях")): Object: 'Object Repository/Выручка в рублях/Переключить отображение с млн на проценты Выручка в рублях' is clicked on

13-01-2025T07:54:00 - [MESSAGE][PASSED] - Object: 'Object Repository/Выручка в рублях/Переключить отображение с млн на проценты Выручка в рублях' is clicked on

13-01-2025T07:54:00 - [TEST_STEP][PASSED] - a4 = getText(findTestObject("Выручка в рублях/График Отклонение выручки")): Text of object 'Object Repository/Выручка в рублях/График Отклонение выручки' is: 'Период
1, 2, 3 кв., Октябрь, Ноябрь 2024 года
Выручка
Все
Выполнение плановых показателей по ПАО Россети за 1, 2, 3 кв., Октябрь, Ноябрь 2024 года
План
Факт
Динамика
2024 год
0 млн.руб.
100 000 млн.руб.
200 000 млн.руб.
300 000 млн.руб.
400 000 млн.руб.
500 000 млн.руб.
600 000 млн.руб.
700 000 млн.руб.
800 000 млн.руб.
900 000 млн.руб.
1 000 000 млн.руб.
1 100 000 млн.руб.
1 200 000 млн.руб.
1 300 000 млн.руб.
1 400 000 млн.руб.
1 500 000 млн.руб.
1 600 000 млн.руб.
1 311 033
1 316 817
↑
ДЗО 
ПАО Россети
Отклонение выручки по ПАО Россети за 1, 2, 3 кв., Октябрь, Ноябрь 2024 года (факт/план, %)
ПАО Россети
-95.38 %
Внутренний оборот - выручка за услуги по передаче электрической энергии, учтенная в выручке за электроэнергию для конечных потребителей, при выполнении ДЗО функций гарантирующего поставщика
⬤Отклонение
АО «Тываэнерго»
АО «Чеченэнерго»
Россети Волга
Россети Кубань
Россети Ленэнерго (ГК)
Россети Московский регион
Россети Северный Кавказ (ГК)
Россети Северо-Запад
Россети Сибирь (ГК)
Россети Томск
Россети Тюмень
Россети Урал (ГК)
Россети ФСК ЕЭС
Россети Центр
Россети Центр и Приволжье (ГК)
Россети Юг (ГК)
Россети Янтарь
- 110 %
- 100 %
-90 %
-80 %
-70 %
-60 %
-50 %
-40 %
-30 %
-20 %
-10 %
0 %
-100 %
-90.99 %
-90.7 %
-91.02 %
-90.02 %
-100 %
-90.67 %
-89.48 %
-100 %
-90.63 %
-92.22 %
-89.69 %
-100 %
-100 %
-93.32 %
-91.1 %
-100 %
Подписи данных
млн.
%
Выручка
 '

13-01-2025T07:54:00 - [MESSAGE][PASSED] - Text of object 'Object Repository/Выручка в рублях/График Отклонение выручки' is: 'Период
1, 2, 3 кв., Октябрь, Ноябрь 2024 года
Выручка
Все
Выполнение плановых показателей по ПАО Россети за 1, 2, 3 кв., Октябрь, Ноябрь 2024 года
План
Факт
Динамика
2024 год
0 млн.руб.
100 000 млн.руб.
200 000 млн.руб.
300 000 млн.руб.
400 000 млн.руб.
500 000 млн.руб.
600 000 млн.руб.
700 000 млн.руб.
800 000 млн.руб.
900 000 млн.руб.
1 000 000 млн.руб.
1 100 000 млн.руб.
1 200 000 млн.руб.
1 300 000 млн.руб.
1 400 000 млн.руб.
1 500 000 млн.руб.
1 600 000 млн.руб.
1 311 033
1 316 817
↑
ДЗО 
ПАО Россети
Отклонение выручки по ПАО Россети за 1, 2, 3 кв., Октябрь, Ноябрь 2024 года (факт/план, %)
ПАО Россети
-95.38 %
Внутренний оборот - выручка за услуги по передаче электрической энергии, учтенная в выручке за электроэнергию для конечных потребителей, при выполнении ДЗО функций гарантирующего поставщика
⬤Отклонение
АО «Тываэнерго»
АО «Чеченэнерго»
Россети Волга
Россети Кубань
Россети Ленэнерго (ГК)
Россети Московский регион
Россети Северный Кавказ (ГК)
Россети Северо-Запад
Россети Сибирь (ГК)
Россети Томск
Россети Тюмень
Россети Урал (ГК)
Россети ФСК ЕЭС
Россети Центр
Россети Центр и Приволжье (ГК)
Россети Юг (ГК)
Россети Янтарь
- 110 %
- 100 %
-90 %
-80 %
-70 %
-60 %
-50 %
-40 %
-30 %
-20 %
-10 %
0 %
-100 %
-90.99 %
-90.7 %
-91.02 %
-90.02 %
-100 %
-90.67 %
-89.48 %
-100 %
-90.63 %
-92.22 %
-89.69 %
-100 %
-100 %
-93.32 %
-91.1 %
-100 %
Подписи данных
млн.
%
Выручка
 '

13-01-2025T07:54:00 - [TEST_STEP][PASSED] - a4 = a4.substring(a4.lastIndexOf("Отклонение")): null

13-01-2025T07:54:00 - [TEST_STEP][PASSED] - click(findTestObject("Выручка в рублях/Переключить отображение с процентов на млн Выручка в рублях")): Object: 'Object Repository/Выручка в рублях/Переключить отображение с процентов на млн Выручка в рублях' is clicked on

13-01-2025T07:54:01 - [MESSAGE][PASSED] - Object: 'Object Repository/Выручка в рублях/Переключить отображение с процентов на млн Выручка в рублях' is clicked on

13-01-2025T07:54:01 - [TEST_STEP][PASSED] - n = n + 4: null

13-01-2025T07:54:01 - [TEST_STEP][PASSED] - b = n - run + 1: null

13-01-2025T07:54:01 - [TEST_STEP][PASSED] - verifyEqual(findTestData("PlanFact").getValue(2, b), a1): Actual object '1 311 033' and expected object '1 311 033' are equal

13-01-2025T07:54:01 - [MESSAGE][PASSED] - Actual object '1 311 033' and expected object '1 311 033' are equal

13-01-2025T07:54:01 - [TEST_STEP][PASSED] - verifyEqual(findTestData("PlanFact").getValue(3, b), a2): Actual object '1 316 817' and expected object '1 316 817' are equal

13-01-2025T07:54:01 - [MESSAGE][PASSED] - Actual object '1 316 817' and expected object '1 316 817' are equal

13-01-2025T07:54:01 - [TEST_STEP][PASSED] - verifyEqual(findTestData("PlanFact").getValue(4, b), a3): Actual object 'Отклонение выручки по ПАО Россети за 1, 2, 3 кв., Октябрь, Ноябрь 2024 года (факт/план, млн. руб)
ПАО Россети
5 783.7 млн.руб.
 ' and expected object 'Отклонение выручки по ПАО Россети за 1, 2, 3 кв., Октябрь, Ноябрь 2024 года (факт/план, млн. руб)
ПАО Россети
5 783.7 млн.руб.
 ' are equal

13-01-2025T07:54:01 - [MESSAGE][PASSED] - Actual object 'Отклонение выручки по ПАО Россети за 1, 2, 3 кв., Октябрь, Ноябрь 2024 года (факт/план, млн. руб)
ПАО Россети
5 783.7 млн.руб.
 ' and expected object 'Отклонение выручки по ПАО Россети за 1, 2, 3 кв., Октябрь, Ноябрь 2024 года (факт/план, млн. руб)
ПАО Россети
5 783.7 млн.руб.
 ' are equal

13-01-2025T07:54:01 - [TEST_STEP][PASSED] - verifyEqual(findTestData("PlanFact").getValue(5, b), a4): Actual object 'Отклонение
АО «Тываэнерго»
АО «Чеченэнерго»
Россети Волга
Россети Кубань
Россети Ленэнерго (ГК)
Россети Московский регион
Россети Северный Кавказ (ГК)
Россети Северо-Запад
Россети Сибирь (ГК)
Россети Томск
Россети Тюмень
Россети Урал (ГК)
Россети ФСК ЕЭС
Россети Центр
Россети Центр и Приволжье (ГК)
Россети Юг (ГК)
Россети Янтарь
- 110 %
- 100 %
-90 %
-80 %
-70 %
-60 %
-50 %
-40 %
-30 %
-20 %
-10 %
0 %
-100 %
-90.99 %
-90.7 %
-91.02 %
-90.02 %
-100 %
-90.67 %
-89.48 %
-100 %
-90.63 %
-92.22 %
-89.69 %
-100 %
-100 %
-93.32 %
-91.1 %
-100 %
Подписи данных
млн.
%
Выручка
 ' and expected object 'Отклонение
АО «Тываэнерго»
АО «Чеченэнерго»
Россети Волга
Россети Кубань
Россети Ленэнерго (ГК)
Россети Московский регион
Россети Северный Кавказ (ГК)
Россети Северо-Запад
Россети Сибирь (ГК)
Россети Томск
Россети Тюмень
Россети Урал (ГК)
Россети ФСК ЕЭС
Россети Центр
Россети Центр и Приволжье (ГК)
Россети Юг (ГК)
Россети Янтарь
- 110 %
- 100 %
-90 %
-80 %
-70 %
-60 %
-50 %
-40 %
-30 %
-20 %
-10 %
0 %
-100 %
-90.99 %
-90.7 %
-91.02 %
-90.02 %
-100 %
-90.67 %
-89.48 %
-100 %
-90.63 %
-92.22 %
-89.69 %
-100 %
-100 %
-93.32 %
-91.1 %
-100 %
Подписи данных
млн.
%
Выручка
 ' are equal

13-01-2025T07:54:01 - [MESSAGE][PASSED] - Actual object 'Отклонение
АО «Тываэнерго»
АО «Чеченэнерго»
Россети Волга
Россети Кубань
Россети Ленэнерго (ГК)
Россети Московский регион
Россети Северный Кавказ (ГК)
Россети Северо-Запад
Россети Сибирь (ГК)
Россети Томск
Россети Тюмень
Россети Урал (ГК)
Россети ФСК ЕЭС
Россети Центр
Россети Центр и Приволжье (ГК)
Россети Юг (ГК)
Россети Янтарь
- 110 %
- 100 %
-90 %
-80 %
-70 %
-60 %
-50 %
-40 %
-30 %
-20 %
-10 %
0 %
-100 %
-90.99 %
-90.7 %
-91.02 %
-90.02 %
-100 %
-90.67 %
-89.48 %
-100 %
-90.63 %
-92.22 %
-89.69 %
-100 %
-100 %
-93.32 %
-91.1 %
-100 %
Подписи данных
млн.
%
Выручка
 ' and expected object 'Отклонение
АО «Тываэнерго»
АО «Чеченэнерго»
Россети Волга
Россети Кубань
Россети Ленэнерго (ГК)
Россети Московский регион
Россети Северный Кавказ (ГК)
Россети Северо-Запад
Россети Сибирь (ГК)
Россети Томск
Россети Тюмень
Россети Урал (ГК)
Россети ФСК ЕЭС
Россети Центр
Россети Центр и Приволжье (ГК)
Россети Юг (ГК)
Россети Янтарь
- 110 %
- 100 %
-90 %
-80 %
-70 %
-60 %
-50 %
-40 %
-30 %
-20 %
-10 %
0 %
-100 %
-90.99 %
-90.7 %
-91.02 %
-90.02 %
-100 %
-90.67 %
-89.48 %
-100 %
-90.63 %
-92.22 %
-89.69 %
-100 %
-100 %
-93.32 %
-91.1 %
-100 %
Подписи данных
млн.
%
Выручка
 ' are equal

13-01-2025T07:54:01 - [TEST_STEP][PASSED] - Script1686231490255.WriteToExcel(user, dashboardName, n, data, run, a1, a2, a3, a4, a5, a6, a7, a8, a9): null

13-01-2025T07:54:01 - [TEST_STEP][PASSED] - sheetName = "Sheet1": null

13-01-2025T07:54:01 - [TEST_STEP][PASSED] - workbook01 = getWorkbook(excelFilePath): null

13-01-2025T07:54:01 - [TEST_STEP][PASSED] - sheet01 = getExcelSheet(workbook01, sheetName): null

13-01-2025T07:54:01 - [TEST_STEP][PASSED] - setValueToCellByIndex(sheet01, n, 0, dashboardName): null

13-01-2025T07:54:01 - [TEST_STEP][PASSED] - setValueToCellByIndex(sheet01, n, 10, user): null

13-01-2025T07:54:01 - [TEST_STEP][PASSED] - setValueToCellByIndex(sheet01, n, 1, a1): null

13-01-2025T07:54:01 - [TEST_STEP][PASSED] - setValueToCellByIndex(sheet01, n, 2, a2): null

13-01-2025T07:54:01 - [TEST_STEP][PASSED] - setValueToCellByIndex(sheet01, n, 3, a3): null

13-01-2025T07:54:01 - [TEST_STEP][PASSED] - setValueToCellByIndex(sheet01, n, 4, a4): null

13-01-2025T07:54:01 - [TEST_STEP][PASSED] - setValueToCellByIndex(sheet01, n, 5, a5): null

13-01-2025T07:54:01 - [TEST_STEP][PASSED] - setValueToCellByIndex(sheet01, n, 6, a6): null

13-01-2025T07:54:01 - [TEST_STEP][PASSED] - setValueToCellByIndex(sheet01, n, 7, a7): null

13-01-2025T07:54:01 - [TEST_STEP][PASSED] - setValueToCellByIndex(sheet01, n, 8, a8): null

13-01-2025T07:54:01 - [TEST_STEP][PASSED] - setValueToCellByIndex(sheet01, n, 9, a9): null

13-01-2025T07:54:01 - [TEST_STEP][PASSED] - n = n + 1: null

13-01-2025T07:54:01 - [TEST_STEP][PASSED] - saveWorkbook(excelFilePath, workbook01): null

13-01-2025T07:54:01 - [TEST_STEP][PASSED] - if (run == 3): null

13-01-2025T07:54:01 - [TEST_STEP][PASSED] - closeBrowser(): null

13-01-2025T07:54:01 - [MESSAGE][PASSED] - Browser is closed

13-01-2025T07:54:01 - [TEST_STEP][PASSED] - ViruchkaVRublyah(user, dashboardName, n, data, run, a1, a2, a3, a4, a5, a6, a7, a8, a9, urlData): null

13-01-2025T07:54:01 - [TEST_STEP][PASSED] - n = data.getRowNumbers() + 1: null

13-01-2025T07:54:01 - [TEST_STEP][PASSED] - println(n): null

13-01-2025T07:54:01 - [TEST_STEP][PASSED] - dashboardName = "Вырука в рублях": null

13-01-2025T07:54:01 - [TEST_STEP][PASSED] - openBrowser(""): Browser is opened with url: ''

13-01-2025T07:54:01 - [MESSAGE][INFO] - Starting 'Chrome' driver

13-01-2025T07:54:01 - [MESSAGE][INFO] - Action delay is set to 0 milliseconds

13-01-2025T07:54:02 - [MESSAGE][PASSED] - Browser is opened with url: ''

13-01-2025T07:54:02 - [TEST_STEP][PASSED] - urlData = 2: null

13-01-2025T07:54:02 - [TEST_STEP][PASSED] - Script1686231490255.CheckPageDownload(urlData, run): null

13-01-2025T07:54:02 - [TEST_STEP][PASSED] - i = 1: null

13-01-2025T07:54:02 - [TEST_STEP][PASSED] - ii = 0: null

13-01-2025T07:54:02 - [TEST_STEP][PASSED] - urlText = <not implemented yet for class: org.codehaus.groovy.ast.expr.EmptyExpression>: null

13-01-2025T07:54:02 - [TEST_STEP][PASSED] - searchWord = <not implemented yet for class: org.codehaus.groovy.ast.expr.EmptyExpression>: null

13-01-2025T07:54:02 - [TEST_STEP][PASSED] - deleteAllCookies(): Delete all cookies successfully

13-01-2025T07:54:02 - [MESSAGE][PASSED] - Delete all cookies successfully

13-01-2025T07:54:02 - [TEST_STEP][PASSED] - refresh(): Refresh successfully

13-01-2025T07:54:02 - [MESSAGE][PASSED] - Refresh successfully

13-01-2025T07:54:02 - [TEST_STEP][PASSED] - delay(70): Delayed 70 second(s)

13-01-2025T07:55:12 - [MESSAGE][PASSED] - Delayed 70 second(s)

13-01-2025T07:55:12 - [TEST_STEP][PASSED] - navigateToUrl(findTestData("PlanFact").getValue(10, urlData)): Navigate to 'https://bi.rosseti.digital/viewer?dashboardGuid=2301950b23be4ed89c1df75f2020051e&sheetGuid=b723206f698544fb87299f3095c00435&fit=true' successfully

13-01-2025T07:55:20 - [MESSAGE][PASSED] - Navigate to 'https://bi.rosseti.digital/viewer?dashboardGuid=2301950b23be4ed89c1df75f2020051e&sheetGuid=b723206f698544fb87299f3095c00435&fit=true' successfully

13-01-2025T07:55:20 - [TEST_STEP][PASSED] - pageLoaded1 = verifyElementPresent(findTestObject("Страница авторизации/Text"), 30): Object 'Object Repository/Страница авторизации/Text' is present

13-01-2025T07:55:22 - [MESSAGE][PASSED] - Object 'Object Repository/Страница авторизации/Text' is present

13-01-2025T07:55:22 - [TEST_STEP][PASSED] - if (pageLoaded1 == false): null

13-01-2025T07:55:22 - [TEST_STEP][PASSED] - urlText = getText(findTestObject("Страница авторизации/Text")): Text of object 'Object Repository/Страница авторизации/Text' is: 'Вход'

13-01-2025T07:55:22 - [MESSAGE][PASSED] - Text of object 'Object Repository/Страница авторизации/Text' is: 'Вход'

13-01-2025T07:55:22 - [TEST_STEP][PASSED] - delay(70): Delayed 70 second(s)

13-01-2025T07:56:32 - [MESSAGE][PASSED] - Delayed 70 second(s)

13-01-2025T07:56:32 - [TEST_STEP][PASSED] - searchWord = "Вход": null

13-01-2025T07:56:32 - [TEST_STEP][PASSED] - if (urlText.contains(searchWord) == false): null

13-01-2025T07:56:32 - [TEST_STEP][PASSED] - setText(findTestObject("Страница авторизации/input__username"), findTestData("PlanFact").getValue(8, run)): Text 'Petrova-OV' is set on object 'Object Repository/Страница авторизации/input__username'

13-01-2025T07:56:33 - [MESSAGE][PASSED] - Text 'Petrova-OV' is set on object 'Object Repository/Страница авторизации/input__username'

13-01-2025T07:56:33 - [TEST_STEP][PASSED] - setText(findTestObject("Страница авторизации/input__password"), findTestData("PlanFact").getValue(9, run)): Text '4Ex@~R53r&3x&BVe7' is set on object 'Object Repository/Страница авторизации/input__password'

13-01-2025T07:56:33 - [MESSAGE][PASSED] - Text '4Ex@~R53r&3x&BVe7' is set on object 'Object Repository/Страница авторизации/input__password'

13-01-2025T07:56:33 - [TEST_STEP][PASSED] - click(findTestObject("Страница авторизации/button_")): Object: 'Object Repository/Страница авторизации/button_' is clicked on

13-01-2025T07:56:38 - [MESSAGE][PASSED] - Object: 'Object Repository/Страница авторизации/button_' is clicked on

13-01-2025T07:56:38 - [TEST_STEP][PASSED] - delay(70): Delayed 70 second(s)

13-01-2025T07:57:48 - [MESSAGE][PASSED] - Delayed 70 second(s)

13-01-2025T07:57:48 - [TEST_STEP][PASSED] - searchWord = "а": null

13-01-2025T07:57:48 - [TEST_STEP][PASSED] - pageLoaded2 = verifyElementPresent(findTestObject("Страница авторизации/Text"), 50): Object 'Object Repository/Страница авторизации/Text' is present

13-01-2025T07:57:49 - [MESSAGE][PASSED] - Object 'Object Repository/Страница авторизации/Text' is present

13-01-2025T07:57:49 - [TEST_STEP][PASSED] - if (pageLoaded2 == false): null

13-01-2025T07:57:49 - [TEST_STEP][PASSED] - urlText = getText(findTestObject("Страница авторизации/Text")): Text of object 'Object Repository/Страница авторизации/Text' is: 'Период
1, 2, 3 кв., Октябрь, Ноябрь 2024 года
Выручка
Все
Выполнение плановых показателей по ПАО Россети за 1, 2, 3 кв., Октябрь, Ноябрь 2024 года
План
Факт
Динамика
2024 год
0 млн.руб.
100 000 млн.руб.
200 000 млн.руб.
300 000 млн.руб.
400 000 млн.руб.
500 000 млн.руб.
600 000 млн.руб.
700 000 млн.руб.
800 000 млн.руб.
900 000 млн.руб.
1 000 000 млн.руб.
1 100 000 млн.руб.
1 200 000 млн.руб.
1 300 000 млн.руб.
1 400 000 млн.руб.
1 500 000 млн.руб.
1 600 000 млн.руб.
1 311 033
1 316 817
↑
ДЗО 
ПАО Россети
Внутренний оборот - выручка за услуги по передаче электрической энергии, учтенная в выручке за электроэнергию для конечных потребителей, при выполнении ДЗО функций гарантирующего поставщика
Подписи данных
⬤Отклонение
АО «Тываэнерго»
АО «Чеченэнерго»
Россети Волга
Россети Кубань
Россети Ленэнерго (ГК)
Россети Московский регион
Россети Северный Кавказ (ГК)
Россети Северо-Запад
Россети Сибирь (ГК)
Россети Томск
Россети Тюмень
Россети Урал (ГК)
Россети ФСК ЕЭС
Россети Центр
Россети Центр и Приволжье (ГК)
Россети Юг (ГК)
Россети Янтарь
-25 000 млн.руб.
-20 000 млн.руб.
-15 000 млн.руб.
-10 000 млн.руб.
-5 000 млн.руб.
0 млн.руб.
5 000 млн.руб.
10 000 млн.руб.
-30 000 млн.руб.
15 000 млн.руб.
358
121
239
4 507
5 172
8 574
945
784
2 396
241
-6 052
2 027
-23 772
3 732
4 813
1 329
372
млн.
%
Выручка
Отклонение выручки по ПАО Россети за 1, 2, 3 кв., Октябрь, Ноябрь 2024 года (факт/план, млн. руб)
ПАО Россети
5 783.7 млн.руб.
 '

13-01-2025T07:57:50 - [MESSAGE][PASSED] - Text of object 'Object Repository/Страница авторизации/Text' is: 'Период
1, 2, 3 кв., Октябрь, Ноябрь 2024 года
Выручка
Все
Выполнение плановых показателей по ПАО Россети за 1, 2, 3 кв., Октябрь, Ноябрь 2024 года
План
Факт
Динамика
2024 год
0 млн.руб.
100 000 млн.руб.
200 000 млн.руб.
300 000 млн.руб.
400 000 млн.руб.
500 000 млн.руб.
600 000 млн.руб.
700 000 млн.руб.
800 000 млн.руб.
900 000 млн.руб.
1 000 000 млн.руб.
1 100 000 млн.руб.
1 200 000 млн.руб.
1 300 000 млн.руб.
1 400 000 млн.руб.
1 500 000 млн.руб.
1 600 000 млн.руб.
1 311 033
1 316 817
↑
ДЗО 
ПАО Россети
Внутренний оборот - выручка за услуги по передаче электрической энергии, учтенная в выручке за электроэнергию для конечных потребителей, при выполнении ДЗО функций гарантирующего поставщика
Подписи данных
⬤Отклонение
АО «Тываэнерго»
АО «Чеченэнерго»
Россети Волга
Россети Кубань
Россети Ленэнерго (ГК)
Россети Московский регион
Россети Северный Кавказ (ГК)
Россети Северо-Запад
Россети Сибирь (ГК)
Россети Томск
Россети Тюмень
Россети Урал (ГК)
Россети ФСК ЕЭС
Россети Центр
Россети Центр и Приволжье (ГК)
Россети Юг (ГК)
Россети Янтарь
-25 000 млн.руб.
-20 000 млн.руб.
-15 000 млн.руб.
-10 000 млн.руб.
-5 000 млн.руб.
0 млн.руб.
5 000 млн.руб.
10 000 млн.руб.
-30 000 млн.руб.
15 000 млн.руб.
358
121
239
4 507
5 172
8 574
945
784
2 396
241
-6 052
2 027
-23 772
3 732
4 813
1 329
372
млн.
%
Выручка
Отклонение выручки по ПАО Россети за 1, 2, 3 кв., Октябрь, Ноябрь 2024 года (факт/план, млн. руб)
ПАО Россети
5 783.7 млн.руб.
 '

13-01-2025T07:57:50 - [TEST_STEP][PASSED] - if (urlText.contains("ошибка") || urlText.contains(searchWord) == false): null

13-01-2025T07:57:50 - [TEST_STEP][PASSED] - click(findTestObject("Выручка в рублях/Фильтр Период")): Object: 'Object Repository/Выручка в рублях/Фильтр Период' is clicked on

13-01-2025T07:57:50 - [MESSAGE][PASSED] - Object: 'Object Repository/Выручка в рублях/Фильтр Период' is clicked on

13-01-2025T07:57:50 - [TEST_STEP][PASSED] - click(findTestObject("Выручка в рублях/Снять выделение в фильтре Дата")): Object: 'Object Repository/Выручка в рублях/Снять выделение в фильтре Дата' is clicked on

13-01-2025T07:57:50 - [MESSAGE][PASSED] - Object: 'Object Repository/Выручка в рублях/Снять выделение в фильтре Дата' is clicked on

13-01-2025T07:57:50 - [TEST_STEP][PASSED] - click(findTestObject("Выручка в рублях/Применить в фильтре Дата")): Object: 'Object Repository/Выручка в рублях/Применить в фильтре Дата' is clicked on

13-01-2025T07:57:51 - [MESSAGE][PASSED] - Object: 'Object Repository/Выручка в рублях/Применить в фильтре Дата' is clicked on

13-01-2025T07:57:51 - [TEST_STEP][PASSED] - click(findTestObject("Выручка в рублях/Фильтр Период")): Object: 'Object Repository/Выручка в рублях/Фильтр Период' is clicked on

13-01-2025T07:57:54 - [MESSAGE][PASSED] - Object: 'Object Repository/Выручка в рублях/Фильтр Период' is clicked on

13-01-2025T07:57:54 - [TEST_STEP][PASSED] - click(findTestObject("Выручка в рублях/Снять выделение в фильтре Дата")): Object: 'Object Repository/Выручка в рублях/Снять выделение в фильтре Дата' is clicked on

13-01-2025T07:57:54 - [MESSAGE][PASSED] - Object: 'Object Repository/Выручка в рублях/Снять выделение в фильтре Дата' is clicked on

13-01-2025T07:57:54 - [TEST_STEP][PASSED] - scrollToElement(findTestObject("Выручка в рублях/2024 список"), 30): Scroll to object 'Object Repository/Выручка в рублях/2024 список' successfully

13-01-2025T07:57:55 - [MESSAGE][PASSED] - Scroll to object 'Object Repository/Выручка в рублях/2024 список' successfully

13-01-2025T07:57:55 - [TEST_STEP][PASSED] - click(findTestObject("Выручка в рублях/2024 список")): Object: 'Object Repository/Выручка в рублях/2024 список' is clicked on

13-01-2025T07:57:55 - [MESSAGE][PASSED] - Object: 'Object Repository/Выручка в рублях/2024 список' is clicked on

13-01-2025T07:57:55 - [TEST_STEP][PASSED] - scrollToElement(findTestObject("Выручка в рублях/1 квартал 2024 выбрать"), 30): Scroll to object 'Object Repository/Выручка в рублях/1 квартал 2024 выбрать' successfully

13-01-2025T07:57:56 - [MESSAGE][PASSED] - Scroll to object 'Object Repository/Выручка в рублях/1 квартал 2024 выбрать' successfully

13-01-2025T07:57:56 - [TEST_STEP][PASSED] - click(findTestObject("Выручка в рублях/1 квартал 2024 выбрать"), CONTINUE_ON_FAILURE): Object: 'Object Repository/Выручка в рублях/1 квартал 2024 выбрать' is clicked on

13-01-2025T07:57:56 - [MESSAGE][PASSED] - Object: 'Object Repository/Выручка в рублях/1 квартал 2024 выбрать' is clicked on

13-01-2025T07:57:56 - [TEST_STEP][PASSED] - scrollToElement(findTestObject("Выручка в рублях/2 квартал 2024 выбрать"), 30): Scroll to object 'Object Repository/Выручка в рублях/2 квартал 2024 выбрать' successfully

13-01-2025T07:57:56 - [MESSAGE][PASSED] - Scroll to object 'Object Repository/Выручка в рублях/2 квартал 2024 выбрать' successfully

13-01-2025T07:57:56 - [TEST_STEP][PASSED] - click(findTestObject("Выручка в рублях/2 квартал 2024 выбрать")): Object: 'Object Repository/Выручка в рублях/2 квартал 2024 выбрать' is clicked on

13-01-2025T07:57:57 - [MESSAGE][PASSED] - Object: 'Object Repository/Выручка в рублях/2 квартал 2024 выбрать' is clicked on

13-01-2025T07:57:57 - [TEST_STEP][PASSED] - scrollToElement(findTestObject("Выручка в рублях/3 квартал 2024 список"), 30): Scroll to object 'Object Repository/Выручка в рублях/3 квартал 2024 список' successfully

13-01-2025T07:57:57 - [MESSAGE][PASSED] - Scroll to object 'Object Repository/Выручка в рублях/3 квартал 2024 список' successfully

13-01-2025T07:57:57 - [TEST_STEP][PASSED] - click(findTestObject("Выручка в рублях/3 квартал 2024"), CONTINUE_ON_FAILURE): Object: 'Object Repository/Выручка в рублях/3 квартал 2024' is clicked on

13-01-2025T07:57:58 - [MESSAGE][PASSED] - Object: 'Object Repository/Выручка в рублях/3 квартал 2024' is clicked on

13-01-2025T07:57:58 - [TEST_STEP][PASSED] - scrollToElement(findTestObject("Выручка в рублях/4 квартал 2024 список"), 30): Scroll to object 'Object Repository/Выручка в рублях/4 квартал 2024 список' successfully

13-01-2025T07:57:58 - [MESSAGE][PASSED] - Scroll to object 'Object Repository/Выручка в рублях/4 квартал 2024 список' successfully

13-01-2025T07:57:58 - [TEST_STEP][PASSED] - click(findTestObject("Выручка в рублях/4 квартал 2024 список"), CONTINUE_ON_FAILURE): Object: 'Object Repository/Выручка в рублях/4 квартал 2024 список' is clicked on

13-01-2025T07:57:58 - [MESSAGE][PASSED] - Object: 'Object Repository/Выручка в рублях/4 квартал 2024 список' is clicked on

13-01-2025T07:57:58 - [TEST_STEP][PASSED] - scrollToElement(findTestObject("Выручка в рублях/Октябрь 2024"), 30): Scroll to object 'Object Repository/Выручка в рублях/Октябрь 2024' successfully

13-01-2025T07:57:59 - [MESSAGE][PASSED] - Scroll to object 'Object Repository/Выручка в рублях/Октябрь 2024' successfully

13-01-2025T07:57:59 - [TEST_STEP][PASSED] - click(findTestObject("Выручка в рублях/Октябрь 2024"), CONTINUE_ON_FAILURE): Object: 'Object Repository/Выручка в рублях/Октябрь 2024' is clicked on

13-01-2025T07:57:59 - [MESSAGE][PASSED] - Object: 'Object Repository/Выручка в рублях/Октябрь 2024' is clicked on

13-01-2025T07:57:59 - [TEST_STEP][PASSED] - scrollToElement(findTestObject("Выручка в рублях/Ноябрь 2024"), 30): Scroll to object 'Object Repository/Выручка в рублях/Ноябрь 2024' successfully

13-01-2025T07:58:00 - [MESSAGE][PASSED] - Scroll to object 'Object Repository/Выручка в рублях/Ноябрь 2024' successfully

13-01-2025T07:58:00 - [TEST_STEP][PASSED] - click(findTestObject("Выручка в рублях/Ноябрь 2024"), CONTINUE_ON_FAILURE): Object: 'Object Repository/Выручка в рублях/Ноябрь 2024' is clicked on

13-01-2025T07:58:00 - [MESSAGE][PASSED] - Object: 'Object Repository/Выручка в рублях/Ноябрь 2024' is clicked on

13-01-2025T07:58:00 - [TEST_STEP][PASSED] - click(findTestObject("Выручка в рублях/Применить в фильтре Дата")): Object: 'Object Repository/Выручка в рублях/Применить в фильтре Дата' is clicked on

13-01-2025T07:58:01 - [MESSAGE][PASSED] - Object: 'Object Repository/Выручка в рублях/Применить в фильтре Дата' is clicked on

13-01-2025T07:58:01 - [TEST_STEP][PASSED] - scrollToElement(findTestObject("Выручка в рублях/Заголовок дашборда"), 30): Scroll to object 'Object Repository/Выручка в рублях/Заголовок дашборда' successfully

13-01-2025T07:58:03 - [MESSAGE][PASSED] - Scroll to object 'Object Repository/Выручка в рублях/Заголовок дашборда' successfully

13-01-2025T07:58:03 - [TEST_STEP][PASSED] - delay(70): Delayed 70 second(s)

13-01-2025T07:59:13 - [MESSAGE][PASSED] - Delayed 70 second(s)

13-01-2025T07:59:13 - [TEST_STEP][PASSED] - a5 = "": null

13-01-2025T07:59:13 - [TEST_STEP][PASSED] - a6 = "": null

13-01-2025T07:59:13 - [TEST_STEP][PASSED] - a7 = "": null

13-01-2025T07:59:13 - [TEST_STEP][PASSED] - a8 = "": null

13-01-2025T07:59:13 - [TEST_STEP][PASSED] - a9 = "": null

13-01-2025T07:59:13 - [TEST_STEP][PASSED] - if (run == 1): null

13-01-2025T07:59:13 - [TEST_STEP][PASSED] - if (run == 2): null

13-01-2025T07:59:13 - [TEST_STEP][PASSED] - if (run == 3): null

13-01-2025T07:59:13 - [TEST_STEP][PASSED] - user = "Попова": null

13-01-2025T07:59:13 - [TEST_STEP][PASSED] - a1 = getText(findTestObject("Выручка в рублях/График План")): Text of object 'Object Repository/Выручка в рублях/График План' is: '1 311 033'

13-01-2025T07:59:13 - [MESSAGE][PASSED] - Text of object 'Object Repository/Выручка в рублях/График План' is: '1 311 033'

13-01-2025T07:59:13 - [TEST_STEP][PASSED] - a2 = getText(findTestObject("Выручка в рублях/График Факт")): Text of object 'Object Repository/Выручка в рублях/График Факт' is: '1 316 817'

13-01-2025T07:59:14 - [MESSAGE][PASSED] - Text of object 'Object Repository/Выручка в рублях/График Факт' is: '1 316 817'

13-01-2025T07:59:14 - [TEST_STEP][PASSED] - a3 = getText(findTestObject("Выручка в рублях/График Отклонение выручки")): Text of object 'Object Repository/Выручка в рублях/График Отклонение выручки' is: 'Период
1, 2, 3 кв., Октябрь, Ноябрь 2024 года
Выручка
Все
Выполнение плановых показателей по ПАО Россети за 1, 2, 3 кв., Октябрь, Ноябрь 2024 года
План
Факт
Динамика
2024 год
0 млн.руб.
100 000 млн.руб.
200 000 млн.руб.
300 000 млн.руб.
400 000 млн.руб.
500 000 млн.руб.
600 000 млн.руб.
700 000 млн.руб.
800 000 млн.руб.
900 000 млн.руб.
1 000 000 млн.руб.
1 100 000 млн.руб.
1 200 000 млн.руб.
1 300 000 млн.руб.
1 400 000 млн.руб.
1 500 000 млн.руб.
1 600 000 млн.руб.
1 311 033
1 316 817
↑
ДЗО 
ПАО Россети
Внутренний оборот - выручка за услуги по передаче электрической энергии, учтенная в выручке за электроэнергию для конечных потребителей, при выполнении ДЗО функций гарантирующего поставщика
Подписи данных
⬤Отклонение
АО «Тываэнерго»
АО «Чеченэнерго»
Россети Волга
Россети Кубань
Россети Ленэнерго (ГК)
Россети Московский регион
Россети Северный Кавказ (ГК)
Россети Северо-Запад
Россети Сибирь (ГК)
Россети Томск
Россети Тюмень
Россети Урал (ГК)
Россети ФСК ЕЭС
Россети Центр
Россети Центр и Приволжье (ГК)
Россети Юг (ГК)
Россети Янтарь
-25 000 млн.руб.
-20 000 млн.руб.
-15 000 млн.руб.
-10 000 млн.руб.
-5 000 млн.руб.
0 млн.руб.
5 000 млн.руб.
10 000 млн.руб.
-30 000 млн.руб.
15 000 млн.руб.
358
121
239
4 507
5 172
8 574
945
784
2 396
241
-6 052
2 027
-23 772
3 732
4 813
1 329
372
млн.
%
Выручка
Отклонение выручки по ПАО Россети за 1, 2, 3 кв., Октябрь, Ноябрь 2024 года (факт/план, млн. руб)
ПАО Россети
5 783.7 млн.руб.
 '

13-01-2025T07:59:14 - [MESSAGE][PASSED] - Text of object 'Object Repository/Выручка в рублях/График Отклонение выручки' is: 'Период
1, 2, 3 кв., Октябрь, Ноябрь 2024 года
Выручка
Все
Выполнение плановых показателей по ПАО Россети за 1, 2, 3 кв., Октябрь, Ноябрь 2024 года
План
Факт
Динамика
2024 год
0 млн.руб.
100 000 млн.руб.
200 000 млн.руб.
300 000 млн.руб.
400 000 млн.руб.
500 000 млн.руб.
600 000 млн.руб.
700 000 млн.руб.
800 000 млн.руб.
900 000 млн.руб.
1 000 000 млн.руб.
1 100 000 млн.руб.
1 200 000 млн.руб.
1 300 000 млн.руб.
1 400 000 млн.руб.
1 500 000 млн.руб.
1 600 000 млн.руб.
1 311 033
1 316 817
↑
ДЗО 
ПАО Россети
Внутренний оборот - выручка за услуги по передаче электрической энергии, учтенная в выручке за электроэнергию для конечных потребителей, при выполнении ДЗО функций гарантирующего поставщика
Подписи данных
⬤Отклонение
АО «Тываэнерго»
АО «Чеченэнерго»
Россети Волга
Россети Кубань
Россети Ленэнерго (ГК)
Россети Московский регион
Россети Северный Кавказ (ГК)
Россети Северо-Запад
Россети Сибирь (ГК)
Россети Томск
Россети Тюмень
Россети Урал (ГК)
Россети ФСК ЕЭС
Россети Центр
Россети Центр и Приволжье (ГК)
Россети Юг (ГК)
Россети Янтарь
-25 000 млн.руб.
-20 000 млн.руб.
-15 000 млн.руб.
-10 000 млн.руб.
-5 000 млн.руб.
0 млн.руб.
5 000 млн.руб.
10 000 млн.руб.
-30 000 млн.руб.
15 000 млн.руб.
358
121
239
4 507
5 172
8 574
945
784
2 396
241
-6 052
2 027
-23 772
3 732
4 813
1 329
372
млн.
%
Выручка
Отклонение выручки по ПАО Россети за 1, 2, 3 кв., Октябрь, Ноябрь 2024 года (факт/план, млн. руб)
ПАО Россети
5 783.7 млн.руб.
 '

13-01-2025T07:59:14 - [TEST_STEP][PASSED] - a3 = a3.substring(a3.lastIndexOf("Отклонение")): null

13-01-2025T07:59:14 - [TEST_STEP][PASSED] - click(findTestObject("Выручка в рублях/Переключить отображение с млн на проценты Выручка в рублях")): Object: 'Object Repository/Выручка в рублях/Переключить отображение с млн на проценты Выручка в рублях' is clicked on

13-01-2025T07:59:15 - [MESSAGE][PASSED] - Object: 'Object Repository/Выручка в рублях/Переключить отображение с млн на проценты Выручка в рублях' is clicked on

13-01-2025T07:59:15 - [TEST_STEP][PASSED] - a4 = getText(findTestObject("Выручка в рублях/График Отклонение выручки")): Text of object 'Object Repository/Выручка в рублях/График Отклонение выручки' is: 'Период
1, 2, 3 кв., Октябрь, Ноябрь 2024 года
Выручка
Все
Выполнение плановых показателей по ПАО Россети за 1, 2, 3 кв., Октябрь, Ноябрь 2024 года
План
Факт
Динамика
2024 год
0 млн.руб.
100 000 млн.руб.
200 000 млн.руб.
300 000 млн.руб.
400 000 млн.руб.
500 000 млн.руб.
600 000 млн.руб.
700 000 млн.руб.
800 000 млн.руб.
900 000 млн.руб.
1 000 000 млн.руб.
1 100 000 млн.руб.
1 200 000 млн.руб.
1 300 000 млн.руб.
1 400 000 млн.руб.
1 500 000 млн.руб.
1 600 000 млн.руб.
1 311 033
1 316 817
↑
ДЗО 
ПАО Россети
Отклонение выручки по ПАО Россети за 1, 2, 3 кв., Октябрь, Ноябрь 2024 года (факт/план, %)
ПАО Россети
-95.38 %
Внутренний оборот - выручка за услуги по передаче электрической энергии, учтенная в выручке за электроэнергию для конечных потребителей, при выполнении ДЗО функций гарантирующего поставщика
⬤Отклонение
АО «Тываэнерго»
АО «Чеченэнерго»
Россети Волга
Россети Кубань
Россети Ленэнерго (ГК)
Россети Московский регион
Россети Северный Кавказ (ГК)
Россети Северо-Запад
Россети Сибирь (ГК)
Россети Томск
Россети Тюмень
Россети Урал (ГК)
Россети ФСК ЕЭС
Россети Центр
Россети Центр и Приволжье (ГК)
Россети Юг (ГК)
Россети Янтарь
- 110 %
- 100 %
-90 %
-80 %
-70 %
-60 %
-50 %
-40 %
-30 %
-20 %
-10 %
0 %
-100 %
-90.99 %
-90.7 %
-91.02 %
-90.02 %
-100 %
-90.67 %
-89.48 %
-100 %
-90.63 %
-92.22 %
-89.69 %
-100 %
-100 %
-93.32 %
-91.1 %
-100 %
Подписи данных
млн.
%
Выручка
 '

13-01-2025T07:59:15 - [MESSAGE][PASSED] - Text of object 'Object Repository/Выручка в рублях/График Отклонение выручки' is: 'Период
1, 2, 3 кв., Октябрь, Ноябрь 2024 года
Выручка
Все
Выполнение плановых показателей по ПАО Россети за 1, 2, 3 кв., Октябрь, Ноябрь 2024 года
План
Факт
Динамика
2024 год
0 млн.руб.
100 000 млн.руб.
200 000 млн.руб.
300 000 млн.руб.
400 000 млн.руб.
500 000 млн.руб.
600 000 млн.руб.
700 000 млн.руб.
800 000 млн.руб.
900 000 млн.руб.
1 000 000 млн.руб.
1 100 000 млн.руб.
1 200 000 млн.руб.
1 300 000 млн.руб.
1 400 000 млн.руб.
1 500 000 млн.руб.
1 600 000 млн.руб.
1 311 033
1 316 817
↑
ДЗО 
ПАО Россети
Отклонение выручки по ПАО Россети за 1, 2, 3 кв., Октябрь, Ноябрь 2024 года (факт/план, %)
ПАО Россети
-95.38 %
Внутренний оборот - выручка за услуги по передаче электрической энергии, учтенная в выручке за электроэнергию для конечных потребителей, при выполнении ДЗО функций гарантирующего поставщика
⬤Отклонение
АО «Тываэнерго»
АО «Чеченэнерго»
Россети Волга
Россети Кубань
Россети Ленэнерго (ГК)
Россети Московский регион
Россети Северный Кавказ (ГК)
Россети Северо-Запад
Россети Сибирь (ГК)
Россети Томск
Россети Тюмень
Россети Урал (ГК)
Россети ФСК ЕЭС
Россети Центр
Россети Центр и Приволжье (ГК)
Россети Юг (ГК)
Россети Янтарь
- 110 %
- 100 %
-90 %
-80 %
-70 %
-60 %
-50 %
-40 %
-30 %
-20 %
-10 %
0 %
-100 %
-90.99 %
-90.7 %
-91.02 %
-90.02 %
-100 %
-90.67 %
-89.48 %
-100 %
-90.63 %
-92.22 %
-89.69 %
-100 %
-100 %
-93.32 %
-91.1 %
-100 %
Подписи данных
млн.
%
Выручка
 '

13-01-2025T07:59:15 - [TEST_STEP][PASSED] - a4 = a4.substring(a4.lastIndexOf("Отклонение")): null

13-01-2025T07:59:15 - [TEST_STEP][PASSED] - click(findTestObject("Выручка в рублях/Переключить отображение с процентов на млн Выручка в рублях")): Object: 'Object Repository/Выручка в рублях/Переключить отображение с процентов на млн Выручка в рублях' is clicked on

13-01-2025T07:59:16 - [MESSAGE][PASSED] - Object: 'Object Repository/Выручка в рублях/Переключить отображение с процентов на млн Выручка в рублях' is clicked on

13-01-2025T07:59:16 - [TEST_STEP][PASSED] - n = n + 5: null

13-01-2025T07:59:16 - [TEST_STEP][PASSED] - b = n - run + 1: null

13-01-2025T07:59:16 - [TEST_STEP][PASSED] - verifyEqual(findTestData("PlanFact").getValue(2, b), a1): Actual object '1 311 033' and expected object '1 311 033' are equal

13-01-2025T07:59:16 - [MESSAGE][PASSED] - Actual object '1 311 033' and expected object '1 311 033' are equal

13-01-2025T07:59:16 - [TEST_STEP][PASSED] - verifyEqual(findTestData("PlanFact").getValue(3, b), a2): Actual object '1 316 817' and expected object '1 316 817' are equal

13-01-2025T07:59:16 - [MESSAGE][PASSED] - Actual object '1 316 817' and expected object '1 316 817' are equal

13-01-2025T07:59:16 - [TEST_STEP][PASSED] - verifyEqual(findTestData("PlanFact").getValue(4, b), a3): Actual object 'Отклонение выручки по ПАО Россети за 1, 2, 3 кв., Октябрь, Ноябрь 2024 года (факт/план, млн. руб)
ПАО Россети
5 783.7 млн.руб.
 ' and expected object 'Отклонение выручки по ПАО Россети за 1, 2, 3 кв., Октябрь, Ноябрь 2024 года (факт/план, млн. руб)
ПАО Россети
5 783.7 млн.руб.
 ' are equal

13-01-2025T07:59:16 - [MESSAGE][PASSED] - Actual object 'Отклонение выручки по ПАО Россети за 1, 2, 3 кв., Октябрь, Ноябрь 2024 года (факт/план, млн. руб)
ПАО Россети
5 783.7 млн.руб.
 ' and expected object 'Отклонение выручки по ПАО Россети за 1, 2, 3 кв., Октябрь, Ноябрь 2024 года (факт/план, млн. руб)
ПАО Россети
5 783.7 млн.руб.
 ' are equal

13-01-2025T07:59:16 - [TEST_STEP][PASSED] - verifyEqual(findTestData("PlanFact").getValue(5, b), a4): Actual object 'Отклонение
АО «Тываэнерго»
АО «Чеченэнерго»
Россети Волга
Россети Кубань
Россети Ленэнерго (ГК)
Россети Московский регион
Россети Северный Кавказ (ГК)
Россети Северо-Запад
Россети Сибирь (ГК)
Россети Томск
Россети Тюмень
Россети Урал (ГК)
Россети ФСК ЕЭС
Россети Центр
Россети Центр и Приволжье (ГК)
Россети Юг (ГК)
Россети Янтарь
- 110 %
- 100 %
-90 %
-80 %
-70 %
-60 %
-50 %
-40 %
-30 %
-20 %
-10 %
0 %
-100 %
-90.99 %
-90.7 %
-91.02 %
-90.02 %
-100 %
-90.67 %
-89.48 %
-100 %
-90.63 %
-92.22 %
-89.69 %
-100 %
-100 %
-93.32 %
-91.1 %
-100 %
Подписи данных
млн.
%
Выручка
 ' and expected object 'Отклонение
АО «Тываэнерго»
АО «Чеченэнерго»
Россети Волга
Россети Кубань
Россети Ленэнерго (ГК)
Россети Московский регион
Россети Северный Кавказ (ГК)
Россети Северо-Запад
Россети Сибирь (ГК)
Россети Томск
Россети Тюмень
Россети Урал (ГК)
Россети ФСК ЕЭС
Россети Центр
Россети Центр и Приволжье (ГК)
Россети Юг (ГК)
Россети Янтарь
- 110 %
- 100 %
-90 %
-80 %
-70 %
-60 %
-50 %
-40 %
-30 %
-20 %
-10 %
0 %
-100 %
-90.99 %
-90.7 %
-91.02 %
-90.02 %
-100 %
-90.67 %
-89.48 %
-100 %
-90.63 %
-92.22 %
-89.69 %
-100 %
-100 %
-93.32 %
-91.1 %
-100 %
Подписи данных
млн.
%
Выручка
 ' are equal

13-01-2025T07:59:16 - [MESSAGE][PASSED] - Actual object 'Отклонение
АО «Тываэнерго»
АО «Чеченэнерго»
Россети Волга
Россети Кубань
Россети Ленэнерго (ГК)
Россети Московский регион
Россети Северный Кавказ (ГК)
Россети Северо-Запад
Россети Сибирь (ГК)
Россети Томск
Россети Тюмень
Россети Урал (ГК)
Россети ФСК ЕЭС
Россети Центр
Россети Центр и Приволжье (ГК)
Россети Юг (ГК)
Россети Янтарь
- 110 %
- 100 %
-90 %
-80 %
-70 %
-60 %
-50 %
-40 %
-30 %
-20 %
-10 %
0 %
-100 %
-90.99 %
-90.7 %
-91.02 %
-90.02 %
-100 %
-90.67 %
-89.48 %
-100 %
-90.63 %
-92.22 %
-89.69 %
-100 %
-100 %
-93.32 %
-91.1 %
-100 %
Подписи данных
млн.
%
Выручка
 ' and expected object 'Отклонение
АО «Тываэнерго»
АО «Чеченэнерго»
Россети Волга
Россети Кубань
Россети Ленэнерго (ГК)
Россети Московский регион
Россети Северный Кавказ (ГК)
Россети Северо-Запад
Россети Сибирь (ГК)
Россети Томск
Россети Тюмень
Россети Урал (ГК)
Россети ФСК ЕЭС
Россети Центр
Россети Центр и Приволжье (ГК)
Россети Юг (ГК)
Россети Янтарь
- 110 %
- 100 %
-90 %
-80 %
-70 %
-60 %
-50 %
-40 %
-30 %
-20 %
-10 %
0 %
-100 %
-90.99 %
-90.7 %
-91.02 %
-90.02 %
-100 %
-90.67 %
-89.48 %
-100 %
-90.63 %
-92.22 %
-89.69 %
-100 %
-100 %
-93.32 %
-91.1 %
-100 %
Подписи данных
млн.
%
Выручка
 ' are equal

13-01-2025T07:59:16 - [TEST_STEP][PASSED] - Script1686231490255.WriteToExcel(user, dashboardName, n, data, run, a1, a2, a3, a4, a5, a6, a7, a8, a9): null

13-01-2025T07:59:16 - [TEST_STEP][PASSED] - sheetName = "Sheet1": null

13-01-2025T07:59:16 - [TEST_STEP][PASSED] - workbook01 = getWorkbook(excelFilePath): null

13-01-2025T07:59:16 - [TEST_STEP][PASSED] - sheet01 = getExcelSheet(workbook01, sheetName): null

13-01-2025T07:59:16 - [TEST_STEP][PASSED] - setValueToCellByIndex(sheet01, n, 0, dashboardName): null

13-01-2025T07:59:16 - [TEST_STEP][PASSED] - setValueToCellByIndex(sheet01, n, 10, user): null

13-01-2025T07:59:16 - [TEST_STEP][PASSED] - setValueToCellByIndex(sheet01, n, 1, a1): null

13-01-2025T07:59:16 - [TEST_STEP][PASSED] - setValueToCellByIndex(sheet01, n, 2, a2): null

13-01-2025T07:59:16 - [TEST_STEP][PASSED] - setValueToCellByIndex(sheet01, n, 3, a3): null

13-01-2025T07:59:16 - [TEST_STEP][PASSED] - setValueToCellByIndex(sheet01, n, 4, a4): null

13-01-2025T07:59:16 - [TEST_STEP][PASSED] - setValueToCellByIndex(sheet01, n, 5, a5): null

13-01-2025T07:59:16 - [TEST_STEP][PASSED] - setValueToCellByIndex(sheet01, n, 6, a6): null

13-01-2025T07:59:16 - [TEST_STEP][PASSED] - setValueToCellByIndex(sheet01, n, 7, a7): null

13-01-2025T07:59:16 - [TEST_STEP][PASSED] - setValueToCellByIndex(sheet01, n, 8, a8): null

13-01-2025T07:59:16 - [TEST_STEP][PASSED] - setValueToCellByIndex(sheet01, n, 9, a9): null

13-01-2025T07:59:16 - [TEST_STEP][PASSED] - n = n + 1: null

13-01-2025T07:59:16 - [TEST_STEP][PASSED] - saveWorkbook(excelFilePath, workbook01): null

13-01-2025T07:59:16 - [TEST_STEP][PASSED] - closeBrowser(): Browser is closed

13-01-2025T07:59:16 - [MESSAGE][PASSED] - Browser is closed

13-01-2025T07:59:16 - [TEST_STEP][PASSED] - delay(70): Delayed 70 second(s)

13-01-2025T08:00:26 - [MESSAGE][PASSED] - Delayed 70 second(s)

13-01-2025T08:00:26 - [TEST_STEP][PASSED] - for ([run = 1, run < 4, (run++)]): null

13-01-2025T08:00:26 - [TEST_STEP][PASSED] - ObyemPoter(user, dashboardName, n, data, run, a1, a2, a3, a4, a5, a6, a7, a8, a9, urlData): null

13-01-2025T08:00:26 - [TEST_STEP][PASSED] - n = data.getRowNumbers() + 1: null

13-01-2025T08:00:26 - [TEST_STEP][PASSED] - println(n): null

13-01-2025T08:00:26 - [TEST_STEP][PASSED] - dashboardName = "Объём потерь": null

13-01-2025T08:00:26 - [TEST_STEP][PASSED] - openBrowser(""): Browser is opened with url: ''

13-01-2025T08:00:26 - [MESSAGE][INFO] - Starting 'Chrome' driver

13-01-2025T08:00:26 - [MESSAGE][INFO] - Action delay is set to 0 milliseconds

13-01-2025T08:00:27 - [MESSAGE][PASSED] - Browser is opened with url: ''

13-01-2025T08:00:27 - [TEST_STEP][PASSED] - urlData = 14: null

13-01-2025T08:00:27 - [TEST_STEP][PASSED] - Script1686231490255.CheckPageDownload(urlData, run): null

13-01-2025T08:00:27 - [TEST_STEP][PASSED] - i = 1: null

13-01-2025T08:00:27 - [TEST_STEP][PASSED] - ii = 0: null

13-01-2025T08:00:27 - [TEST_STEP][PASSED] - urlText = <not implemented yet for class: org.codehaus.groovy.ast.expr.EmptyExpression>: null

13-01-2025T08:00:27 - [TEST_STEP][PASSED] - searchWord = <not implemented yet for class: org.codehaus.groovy.ast.expr.EmptyExpression>: null

13-01-2025T08:00:27 - [TEST_STEP][PASSED] - deleteAllCookies(): Delete all cookies successfully

13-01-2025T08:00:27 - [MESSAGE][PASSED] - Delete all cookies successfully

13-01-2025T08:00:27 - [TEST_STEP][PASSED] - refresh(): Refresh successfully

13-01-2025T08:00:27 - [MESSAGE][PASSED] - Refresh successfully

13-01-2025T08:00:27 - [TEST_STEP][PASSED] - delay(70): Delayed 70 second(s)

13-01-2025T08:01:37 - [MESSAGE][PASSED] - Delayed 70 second(s)

13-01-2025T08:01:37 - [TEST_STEP][PASSED] - navigateToUrl(findTestData("PlanFact").getValue(10, urlData)): Navigate to 'https://bi.rosseti.digital/viewer?dashboardGuid=d154a8eaf6824e2b9de1bb04dd061c18&sheetGuid=aa9766f159804cfeb6006ba98edf3a23&fit=true' successfully

13-01-2025T08:01:44 - [MESSAGE][PASSED] - Navigate to 'https://bi.rosseti.digital/viewer?dashboardGuid=d154a8eaf6824e2b9de1bb04dd061c18&sheetGuid=aa9766f159804cfeb6006ba98edf3a23&fit=true' successfully

13-01-2025T08:01:44 - [TEST_STEP][PASSED] - pageLoaded1 = verifyElementPresent(findTestObject("Страница авторизации/Text"), 30): Object 'Object Repository/Страница авторизации/Text' is present

13-01-2025T08:01:46 - [MESSAGE][PASSED] - Object 'Object Repository/Страница авторизации/Text' is present

13-01-2025T08:01:46 - [TEST_STEP][PASSED] - if (pageLoaded1 == false): null

13-01-2025T08:01:46 - [TEST_STEP][PASSED] - urlText = getText(findTestObject("Страница авторизации/Text")): Text of object 'Object Repository/Страница авторизации/Text' is: 'Вход'

13-01-2025T08:01:47 - [MESSAGE][PASSED] - Text of object 'Object Repository/Страница авторизации/Text' is: 'Вход'

13-01-2025T08:01:47 - [TEST_STEP][PASSED] - delay(70): Delayed 70 second(s)

13-01-2025T08:02:57 - [MESSAGE][PASSED] - Delayed 70 second(s)

13-01-2025T08:02:57 - [TEST_STEP][PASSED] - searchWord = "Вход": null

13-01-2025T08:02:57 - [TEST_STEP][PASSED] - if (urlText.contains(searchWord) == false): null

13-01-2025T08:02:57 - [TEST_STEP][PASSED] - setText(findTestObject("Страница авторизации/input__username"), findTestData("PlanFact").getValue(8, run)): Text 'liazgina-di' is set on object 'Object Repository/Страница авторизации/input__username'

13-01-2025T08:02:57 - [MESSAGE][PASSED] - Text 'liazgina-di' is set on object 'Object Repository/Страница авторизации/input__username'

13-01-2025T08:02:57 - [TEST_STEP][PASSED] - setText(findTestObject("Страница авторизации/input__password"), findTestData("PlanFact").getValue(9, run)): Text ')$%5srZ8o688Dm#q' is set on object 'Object Repository/Страница авторизации/input__password'

13-01-2025T08:02:58 - [MESSAGE][PASSED] - Text ')$%5srZ8o688Dm#q' is set on object 'Object Repository/Страница авторизации/input__password'

13-01-2025T08:02:58 - [TEST_STEP][PASSED] - click(findTestObject("Страница авторизации/button_")): Object: 'Object Repository/Страница авторизации/button_' is clicked on

13-01-2025T08:02:59 - [MESSAGE][PASSED] - Object: 'Object Repository/Страница авторизации/button_' is clicked on

13-01-2025T08:02:59 - [TEST_STEP][PASSED] - delay(70): Delayed 70 second(s)

13-01-2025T08:04:09 - [MESSAGE][PASSED] - Delayed 70 second(s)

13-01-2025T08:04:09 - [TEST_STEP][PASSED] - searchWord = "а": null

13-01-2025T08:04:09 - [TEST_STEP][PASSED] - pageLoaded2 = verifyElementPresent(findTestObject("Страница авторизации/Text"), 50): Object 'Object Repository/Страница авторизации/Text' is present

13-01-2025T08:04:10 - [MESSAGE][PASSED] - Object 'Object Repository/Страница авторизации/Text' is present

13-01-2025T08:04:10 - [TEST_STEP][PASSED] - if (pageLoaded2 == false): null

13-01-2025T08:04:10 - [TEST_STEP][PASSED] - urlText = getText(findTestObject("Страница авторизации/Text")): Text of object 'Object Repository/Страница авторизации/Text' is: 'ДЗО 
Все
Период
Выбрано: 15
тыс. кВт⋅ч
п.п.
Объем потерь
65 425 77865 425 778
66 581 56866 581 568
66 772 44166 772 441
2022 год
2023 год
2024 год
0
10 000
20 000
30 000
40 000
50 000
60 000
70 000
80 000
Уровень потерь
8.438.43
8.458.45
8.088.08
Факт
2022 год
2023 год
2024 год
0
2
4
6
8
10
●● Отклонения, тыс. кВт⋅ч
тыс. кВт⋅ч
Отклонения объема потерь
1 155 7901 155 790
190 873190 873
2022/2023
2023/2024
0
250 000
500 000
750 000
1 000 000
1 250 000
●● Отклонения, п.п.
п.п.
Отклонения уровня потерь
0.020.02
-0.37-0.37
2022/2023
2023/2024
-0.4
-0.3
-0.2
-0.1
0
0.1
Фактические данные по объему и уровню потерь электроэнергии'

13-01-2025T08:04:10 - [MESSAGE][PASSED] - Text of object 'Object Repository/Страница авторизации/Text' is: 'ДЗО 
Все
Период
Выбрано: 15
тыс. кВт⋅ч
п.п.
Объем потерь
65 425 77865 425 778
66 581 56866 581 568
66 772 44166 772 441
2022 год
2023 год
2024 год
0
10 000
20 000
30 000
40 000
50 000
60 000
70 000
80 000
Уровень потерь
8.438.43
8.458.45
8.088.08
Факт
2022 год
2023 год
2024 год
0
2
4
6
8
10
●● Отклонения, тыс. кВт⋅ч
тыс. кВт⋅ч
Отклонения объема потерь
1 155 7901 155 790
190 873190 873
2022/2023
2023/2024
0
250 000
500 000
750 000
1 000 000
1 250 000
●● Отклонения, п.п.
п.п.
Отклонения уровня потерь
0.020.02
-0.37-0.37
2022/2023
2023/2024
-0.4
-0.3
-0.2
-0.1
0
0.1
Фактические данные по объему и уровню потерь электроэнергии'

13-01-2025T08:04:10 - [TEST_STEP][PASSED] - if (urlText.contains("ошибка") || urlText.contains(searchWord) == false): null

13-01-2025T08:04:10 - [TEST_STEP][PASSED] - a9 = "": null

13-01-2025T08:04:10 - [TEST_STEP][PASSED] - a3 = "": null

13-01-2025T08:04:10 - [TEST_STEP][PASSED] - a6 = "": null

13-01-2025T08:04:10 - [TEST_STEP][PASSED] - if (run == 1): null

13-01-2025T08:04:10 - [TEST_STEP][PASSED] - user = "админ": null

13-01-2025T08:04:10 - [TEST_STEP][PASSED] - a1 = getText(findTestObject("Объем потерь/divObemPoter")): Text of object 'Object Repository/Объем потерь/divObemPoter' is: 'Объем потерь
65 425 77865 425 778
66 581 56866 581 568
66 772 44166 772 441
2022 год
2023 год
2024 год
0
10 000
20 000
30 000
40 000
50 000
60 000
70 000
80 000'

13-01-2025T08:04:10 - [MESSAGE][PASSED] - Text of object 'Object Repository/Объем потерь/divObemPoter' is: 'Объем потерь
65 425 77865 425 778
66 581 56866 581 568
66 772 44166 772 441
2022 год
2023 год
2024 год
0
10 000
20 000
30 000
40 000
50 000
60 000
70 000
80 000'

13-01-2025T08:04:10 - [TEST_STEP][PASSED] - a2 = getText(findTestObject("Объем потерь/divUrovenPoter")): Text of object 'Object Repository/Объем потерь/divUrovenPoter' is: 'Уровень потерь
8.438.43
8.458.45
8.088.08
Факт
2022 год
2023 год
2024 год
0
2
4
6
8
10'

13-01-2025T08:04:11 - [MESSAGE][PASSED] - Text of object 'Object Repository/Объем потерь/divUrovenPoter' is: 'Уровень потерь
8.438.43
8.458.45
8.088.08
Факт
2022 год
2023 год
2024 год
0
2
4
6
8
10'

13-01-2025T08:04:11 - [TEST_STEP][PASSED] - a3 = getText(findTestObject("Объем потерь/divOtkloneniyaObemaPoter")): Text of object 'Object Repository/Объем потерь/divOtkloneniyaObemaPoter' is: '●● Отклонения, тыс. кВт⋅ч
тыс. кВт⋅ч
Отклонения объема потерь
1 155 7901 155 790
190 873190 873
2022/2023
2023/2024
0
250 000
500 000
750 000
1 000 000
1 250 000'

13-01-2025T08:04:11 - [MESSAGE][PASSED] - Text of object 'Object Repository/Объем потерь/divOtkloneniyaObemaPoter' is: '●● Отклонения, тыс. кВт⋅ч
тыс. кВт⋅ч
Отклонения объема потерь
1 155 7901 155 790
190 873190 873
2022/2023
2023/2024
0
250 000
500 000
750 000
1 000 000
1 250 000'

13-01-2025T08:04:11 - [TEST_STEP][PASSED] - a4 = getText(findTestObject("Объем потерь/divOtkloneniyaUrovnyaPoter")): Text of object 'Object Repository/Объем потерь/divOtkloneniyaUrovnyaPoter' is: '●● Отклонения, п.п.
п.п.
Отклонения уровня потерь
0.020.02
-0.37-0.37
2022/2023
2023/2024
-0.4
-0.3
-0.2
-0.1
0
0.1'

13-01-2025T08:04:11 - [MESSAGE][PASSED] - Text of object 'Object Repository/Объем потерь/divOtkloneniyaUrovnyaPoter' is: '●● Отклонения, п.п.
п.п.
Отклонения уровня потерь
0.020.02
-0.37-0.37
2022/2023
2023/2024
-0.4
-0.3
-0.2
-0.1
0
0.1'

13-01-2025T08:04:11 - [TEST_STEP][PASSED] - n = n + 6: null

13-01-2025T08:04:11 - [TEST_STEP][PASSED] - Script1686231490255.WriteToExcel(user, dashboardName, n, data, run, a1, a2, a3, a4, a5, a6, a7, a8, a9): null

13-01-2025T08:04:11 - [TEST_STEP][PASSED] - sheetName = "Sheet1": null

13-01-2025T08:04:11 - [TEST_STEP][PASSED] - workbook01 = getWorkbook(excelFilePath): null

13-01-2025T08:04:11 - [TEST_STEP][PASSED] - sheet01 = getExcelSheet(workbook01, sheetName): null

13-01-2025T08:04:11 - [TEST_STEP][PASSED] - setValueToCellByIndex(sheet01, n, 0, dashboardName): null

13-01-2025T08:04:11 - [TEST_STEP][PASSED] - setValueToCellByIndex(sheet01, n, 10, user): null

13-01-2025T08:04:11 - [TEST_STEP][PASSED] - setValueToCellByIndex(sheet01, n, 1, a1): null

13-01-2025T08:04:11 - [TEST_STEP][PASSED] - setValueToCellByIndex(sheet01, n, 2, a2): null

13-01-2025T08:04:11 - [TEST_STEP][PASSED] - setValueToCellByIndex(sheet01, n, 3, a3): null

13-01-2025T08:04:11 - [TEST_STEP][PASSED] - setValueToCellByIndex(sheet01, n, 4, a4): null

13-01-2025T08:04:11 - [TEST_STEP][PASSED] - setValueToCellByIndex(sheet01, n, 5, a5): null

13-01-2025T08:04:11 - [TEST_STEP][PASSED] - setValueToCellByIndex(sheet01, n, 6, a6): null

13-01-2025T08:04:11 - [TEST_STEP][PASSED] - setValueToCellByIndex(sheet01, n, 7, a7): null

13-01-2025T08:04:11 - [TEST_STEP][PASSED] - setValueToCellByIndex(sheet01, n, 8, a8): null

13-01-2025T08:04:11 - [TEST_STEP][PASSED] - setValueToCellByIndex(sheet01, n, 9, a9): null

13-01-2025T08:04:11 - [TEST_STEP][PASSED] - n = n + 1: null

13-01-2025T08:04:11 - [TEST_STEP][PASSED] - saveWorkbook(excelFilePath, workbook01): null

13-01-2025T08:04:12 - [TEST_STEP][PASSED] - if (run == 2): null

13-01-2025T08:04:12 - [TEST_STEP][PASSED] - if (run == 3): null

13-01-2025T08:04:12 - [TEST_STEP][PASSED] - closeBrowser(): null

13-01-2025T08:04:12 - [MESSAGE][PASSED] - Browser is closed

13-01-2025T08:04:12 - [TEST_STEP][PASSED] - ObyemPoter(user, dashboardName, n, data, run, a1, a2, a3, a4, a5, a6, a7, a8, a9, urlData): null

13-01-2025T08:04:12 - [TEST_STEP][PASSED] - n = data.getRowNumbers() + 1: null

13-01-2025T08:04:12 - [TEST_STEP][PASSED] - println(n): null

13-01-2025T08:04:12 - [TEST_STEP][PASSED] - dashboardName = "Объём потерь": null

13-01-2025T08:04:12 - [TEST_STEP][PASSED] - openBrowser(""): Browser is opened with url: ''

13-01-2025T08:04:12 - [MESSAGE][INFO] - Starting 'Chrome' driver

13-01-2025T08:04:12 - [MESSAGE][INFO] - Action delay is set to 0 milliseconds

13-01-2025T08:04:13 - [MESSAGE][PASSED] - Browser is opened with url: ''

13-01-2025T08:04:13 - [TEST_STEP][PASSED] - urlData = 14: null

13-01-2025T08:04:13 - [TEST_STEP][PASSED] - Script1686231490255.CheckPageDownload(urlData, run): null

13-01-2025T08:04:13 - [TEST_STEP][PASSED] - i = 1: null

13-01-2025T08:04:13 - [TEST_STEP][PASSED] - ii = 0: null

13-01-2025T08:04:13 - [TEST_STEP][PASSED] - urlText = <not implemented yet for class: org.codehaus.groovy.ast.expr.EmptyExpression>: null

13-01-2025T08:04:13 - [TEST_STEP][PASSED] - searchWord = <not implemented yet for class: org.codehaus.groovy.ast.expr.EmptyExpression>: null

13-01-2025T08:04:13 - [TEST_STEP][PASSED] - deleteAllCookies(): Delete all cookies successfully

13-01-2025T08:04:13 - [MESSAGE][PASSED] - Delete all cookies successfully

13-01-2025T08:04:13 - [TEST_STEP][PASSED] - refresh(): Refresh successfully

13-01-2025T08:04:13 - [MESSAGE][PASSED] - Refresh successfully

13-01-2025T08:04:13 - [TEST_STEP][PASSED] - delay(70): Delayed 70 second(s)

13-01-2025T08:05:23 - [MESSAGE][PASSED] - Delayed 70 second(s)

13-01-2025T08:05:23 - [TEST_STEP][PASSED] - navigateToUrl(findTestData("PlanFact").getValue(10, urlData)): Navigate to 'https://bi.rosseti.digital/viewer?dashboardGuid=d154a8eaf6824e2b9de1bb04dd061c18&sheetGuid=aa9766f159804cfeb6006ba98edf3a23&fit=true' successfully

13-01-2025T08:05:57 - [MESSAGE][PASSED] - Navigate to 'https://bi.rosseti.digital/viewer?dashboardGuid=d154a8eaf6824e2b9de1bb04dd061c18&sheetGuid=aa9766f159804cfeb6006ba98edf3a23&fit=true' successfully

13-01-2025T08:05:57 - [TEST_STEP][PASSED] - pageLoaded1 = verifyElementPresent(findTestObject("Страница авторизации/Text"), 30): Object 'Object Repository/Страница авторизации/Text' is present

13-01-2025T08:05:57 - [MESSAGE][PASSED] - Object 'Object Repository/Страница авторизации/Text' is present

13-01-2025T08:05:57 - [TEST_STEP][PASSED] - if (pageLoaded1 == false): null

13-01-2025T08:05:57 - [TEST_STEP][PASSED] - urlText = getText(findTestObject("Страница авторизации/Text")): Text of object 'Object Repository/Страница авторизации/Text' is: 'Вход'

13-01-2025T08:05:58 - [MESSAGE][PASSED] - Text of object 'Object Repository/Страница авторизации/Text' is: 'Вход'

13-01-2025T08:05:58 - [TEST_STEP][PASSED] - delay(70): Delayed 70 second(s)

13-01-2025T08:07:08 - [MESSAGE][PASSED] - Delayed 70 second(s)

13-01-2025T08:07:08 - [TEST_STEP][PASSED] - searchWord = "Вход": null

13-01-2025T08:07:08 - [TEST_STEP][PASSED] - if (urlText.contains(searchWord) == false): null

13-01-2025T08:07:08 - [TEST_STEP][PASSED] - setText(findTestObject("Страница авторизации/input__username"), findTestData("PlanFact").getValue(8, run)): Text 'Andreeva-EV' is set on object 'Object Repository/Страница авторизации/input__username'

13-01-2025T08:07:08 - [MESSAGE][PASSED] - Text 'Andreeva-EV' is set on object 'Object Repository/Страница авторизации/input__username'

13-01-2025T08:07:08 - [TEST_STEP][PASSED] - setText(findTestObject("Страница авторизации/input__password"), findTestData("PlanFact").getValue(9, run)): Text '2nPePKDwCPH3ul7xMZ' is set on object 'Object Repository/Страница авторизации/input__password'

13-01-2025T08:07:09 - [MESSAGE][PASSED] - Text '2nPePKDwCPH3ul7xMZ' is set on object 'Object Repository/Страница авторизации/input__password'

13-01-2025T08:07:09 - [TEST_STEP][PASSED] - click(findTestObject("Страница авторизации/button_")): Object: 'Object Repository/Страница авторизации/button_' is clicked on

13-01-2025T08:07:13 - [MESSAGE][PASSED] - Object: 'Object Repository/Страница авторизации/button_' is clicked on

13-01-2025T08:07:13 - [TEST_STEP][PASSED] - delay(70): Delayed 70 second(s)

13-01-2025T08:08:23 - [MESSAGE][PASSED] - Delayed 70 second(s)

13-01-2025T08:08:23 - [TEST_STEP][PASSED] - searchWord = "а": null

13-01-2025T08:08:23 - [TEST_STEP][PASSED] - pageLoaded2 = verifyElementPresent(findTestObject("Страница авторизации/Text"), 50): Object 'Object Repository/Страница авторизации/Text' is present

13-01-2025T08:08:23 - [MESSAGE][PASSED] - Object 'Object Repository/Страница авторизации/Text' is present

13-01-2025T08:08:23 - [TEST_STEP][PASSED] - if (pageLoaded2 == false): null

13-01-2025T08:08:23 - [TEST_STEP][PASSED] - urlText = getText(findTestObject("Страница авторизации/Text")): Text of object 'Object Repository/Страница авторизации/Text' is: 'ДЗО 
Все
Период
Выбрано: 15
тыс. кВт⋅ч
п.п.
Объем потерь
65 425 77865 425 778
66 581 56866 581 568
66 772 44166 772 441
2022 год
2023 год
2024 год
0
10 000
20 000
30 000
40 000
50 000
60 000
70 000
80 000
Уровень потерь
8.438.43
8.458.45
8.088.08
Факт
2022 год
2023 год
2024 год
0
2
4
6
8
10
●● Отклонения, тыс. кВт⋅ч
тыс. кВт⋅ч
Отклонения объема потерь
1 155 7901 155 790
190 873190 873
2022/2023
2023/2024
0
250 000
500 000
750 000
1 000 000
1 250 000
●● Отклонения, п.п.
п.п.
Отклонения уровня потерь
0.020.02
-0.37-0.37
2022/2023
2023/2024
-0.4
-0.3
-0.2
-0.1
0
0.1
Фактические данные по объему и уровню потерь электроэнергии'

13-01-2025T08:08:23 - [MESSAGE][PASSED] - Text of object 'Object Repository/Страница авторизации/Text' is: 'ДЗО 
Все
Период
Выбрано: 15
тыс. кВт⋅ч
п.п.
Объем потерь
65 425 77865 425 778
66 581 56866 581 568
66 772 44166 772 441
2022 год
2023 год
2024 год
0
10 000
20 000
30 000
40 000
50 000
60 000
70 000
80 000
Уровень потерь
8.438.43
8.458.45
8.088.08
Факт
2022 год
2023 год
2024 год
0
2
4
6
8
10
●● Отклонения, тыс. кВт⋅ч
тыс. кВт⋅ч
Отклонения объема потерь
1 155 7901 155 790
190 873190 873
2022/2023
2023/2024
0
250 000
500 000
750 000
1 000 000
1 250 000
●● Отклонения, п.п.
п.п.
Отклонения уровня потерь
0.020.02
-0.37-0.37
2022/2023
2023/2024
-0.4
-0.3
-0.2
-0.1
0
0.1
Фактические данные по объему и уровню потерь электроэнергии'

13-01-2025T08:08:23 - [TEST_STEP][PASSED] - if (urlText.contains("ошибка") || urlText.contains(searchWord) == false): null

13-01-2025T08:08:23 - [TEST_STEP][PASSED] - a9 = "": null

13-01-2025T08:08:23 - [TEST_STEP][PASSED] - a3 = "": null

13-01-2025T08:08:23 - [TEST_STEP][PASSED] - a6 = "": null

13-01-2025T08:08:23 - [TEST_STEP][PASSED] - if (run == 1): null

13-01-2025T08:08:23 - [TEST_STEP][PASSED] - if (run == 2): null

13-01-2025T08:08:23 - [TEST_STEP][PASSED] - user = "Андреева": null

13-01-2025T08:08:23 - [TEST_STEP][PASSED] - a1 = getText(findTestObject("Объем потерь/divObemPoter")): Text of object 'Object Repository/Объем потерь/divObemPoter' is: 'Объем потерь
65 425 77865 425 778
66 581 56866 581 568
66 772 44166 772 441
2022 год
2023 год
2024 год
0
10 000
20 000
30 000
40 000
50 000
60 000
70 000
80 000'

13-01-2025T08:08:24 - [MESSAGE][PASSED] - Text of object 'Object Repository/Объем потерь/divObemPoter' is: 'Объем потерь
65 425 77865 425 778
66 581 56866 581 568
66 772 44166 772 441
2022 год
2023 год
2024 год
0
10 000
20 000
30 000
40 000
50 000
60 000
70 000
80 000'

13-01-2025T08:08:24 - [TEST_STEP][PASSED] - a2 = getText(findTestObject("Объем потерь/divUrovenPoter")): Text of object 'Object Repository/Объем потерь/divUrovenPoter' is: 'Уровень потерь
8.438.43
8.458.45
8.088.08
Факт
2022 год
2023 год
2024 год
0
2
4
6
8
10'

13-01-2025T08:08:24 - [MESSAGE][PASSED] - Text of object 'Object Repository/Объем потерь/divUrovenPoter' is: 'Уровень потерь
8.438.43
8.458.45
8.088.08
Факт
2022 год
2023 год
2024 год
0
2
4
6
8
10'

13-01-2025T08:08:24 - [TEST_STEP][PASSED] - a3 = getText(findTestObject("Объем потерь/divOtkloneniyaObemaPoter")): Text of object 'Object Repository/Объем потерь/divOtkloneniyaObemaPoter' is: '●● Отклонения, тыс. кВт⋅ч
тыс. кВт⋅ч
Отклонения объема потерь
1 155 7901 155 790
190 873190 873
2022/2023
2023/2024
0
250 000
500 000
750 000
1 000 000
1 250 000'

13-01-2025T08:08:24 - [MESSAGE][PASSED] - Text of object 'Object Repository/Объем потерь/divOtkloneniyaObemaPoter' is: '●● Отклонения, тыс. кВт⋅ч
тыс. кВт⋅ч
Отклонения объема потерь
1 155 7901 155 790
190 873190 873
2022/2023
2023/2024
0
250 000
500 000
750 000
1 000 000
1 250 000'

13-01-2025T08:08:24 - [TEST_STEP][PASSED] - a4 = getText(findTestObject("Объем потерь/divOtkloneniyaUrovnyaPoter")): Text of object 'Object Repository/Объем потерь/divOtkloneniyaUrovnyaPoter' is: '●● Отклонения, п.п.
п.п.
Отклонения уровня потерь
0.020.02
-0.37-0.37
2022/2023
2023/2024
-0.4
-0.3
-0.2
-0.1
0
0.1'

13-01-2025T08:08:25 - [MESSAGE][PASSED] - Text of object 'Object Repository/Объем потерь/divOtkloneniyaUrovnyaPoter' is: '●● Отклонения, п.п.
п.п.
Отклонения уровня потерь
0.020.02
-0.37-0.37
2022/2023
2023/2024
-0.4
-0.3
-0.2
-0.1
0
0.1'

13-01-2025T08:08:25 - [TEST_STEP][PASSED] - n = n + 7: null

13-01-2025T08:08:25 - [TEST_STEP][PASSED] - b = n - run + 1: null

13-01-2025T08:08:25 - [TEST_STEP][PASSED] - verifyEqual(findTestData("PlanFact").getValue(2, b), a1): Actual object 'Объем потерь
65 425 77865 425 778
66 581 56866 581 568
66 772 44166 772 441
2022 год
2023 год
2024 год
0
10 000
20 000
30 000
40 000
50 000
60 000
70 000
80 000' and expected object 'Объем потерь
65 425 77865 425 778
66 581 56866 581 568
66 772 44166 772 441
2022 год
2023 год
2024 год
0
10 000
20 000
30 000
40 000
50 000
60 000
70 000
80 000' are equal

13-01-2025T08:08:25 - [MESSAGE][PASSED] - Actual object 'Объем потерь
65 425 77865 425 778
66 581 56866 581 568
66 772 44166 772 441
2022 год
2023 год
2024 год
0
10 000
20 000
30 000
40 000
50 000
60 000
70 000
80 000' and expected object 'Объем потерь
65 425 77865 425 778
66 581 56866 581 568
66 772 44166 772 441
2022 год
2023 год
2024 год
0
10 000
20 000
30 000
40 000
50 000
60 000
70 000
80 000' are equal

13-01-2025T08:08:25 - [TEST_STEP][PASSED] - verifyEqual(findTestData("PlanFact").getValue(3, b), a2): Actual object 'Уровень потерь
8.438.43
8.458.45
8.088.08
Факт
2022 год
2023 год
2024 год
0
2
4
6
8
10' and expected object 'Уровень потерь
8.438.43
8.458.45
8.088.08
Факт
2022 год
2023 год
2024 год
0
2
4
6
8
10' are equal

13-01-2025T08:08:25 - [MESSAGE][PASSED] - Actual object 'Уровень потерь
8.438.43
8.458.45
8.088.08
Факт
2022 год
2023 год
2024 год
0
2
4
6
8
10' and expected object 'Уровень потерь
8.438.43
8.458.45
8.088.08
Факт
2022 год
2023 год
2024 год
0
2
4
6
8
10' are equal

13-01-2025T08:08:25 - [TEST_STEP][PASSED] - verifyEqual(findTestData("PlanFact").getValue(4, b), a3): Actual object '●● Отклонения, тыс. кВт⋅ч
тыс. кВт⋅ч
Отклонения объема потерь
1 155 7901 155 790
190 873190 873
2022/2023
2023/2024
0
250 000
500 000
750 000
1 000 000
1 250 000' and expected object '●● Отклонения, тыс. кВт⋅ч
тыс. кВт⋅ч
Отклонения объема потерь
1 155 7901 155 790
190 873190 873
2022/2023
2023/2024
0
250 000
500 000
750 000
1 000 000
1 250 000' are equal

13-01-2025T08:08:25 - [MESSAGE][PASSED] - Actual object '●● Отклонения, тыс. кВт⋅ч
тыс. кВт⋅ч
Отклонения объема потерь
1 155 7901 155 790
190 873190 873
2022/2023
2023/2024
0
250 000
500 000
750 000
1 000 000
1 250 000' and expected object '●● Отклонения, тыс. кВт⋅ч
тыс. кВт⋅ч
Отклонения объема потерь
1 155 7901 155 790
190 873190 873
2022/2023
2023/2024
0
250 000
500 000
750 000
1 000 000
1 250 000' are equal

13-01-2025T08:08:25 - [TEST_STEP][PASSED] - verifyEqual(findTestData("PlanFact").getValue(5, b), a4): Actual object '●● Отклонения, п.п.
п.п.
Отклонения уровня потерь
0.020.02
-0.37-0.37
2022/2023
2023/2024
-0.4
-0.3
-0.2
-0.1
0
0.1' and expected object '●● Отклонения, п.п.
п.п.
Отклонения уровня потерь
0.020.02
-0.37-0.37
2022/2023
2023/2024
-0.4
-0.3
-0.2
-0.1
0
0.1' are equal

13-01-2025T08:08:25 - [MESSAGE][PASSED] - Actual object '●● Отклонения, п.п.
п.п.
Отклонения уровня потерь
0.020.02
-0.37-0.37
2022/2023
2023/2024
-0.4
-0.3
-0.2
-0.1
0
0.1' and expected object '●● Отклонения, п.п.
п.п.
Отклонения уровня потерь
0.020.02
-0.37-0.37
2022/2023
2023/2024
-0.4
-0.3
-0.2
-0.1
0
0.1' are equal

13-01-2025T08:08:25 - [TEST_STEP][PASSED] - Script1686231490255.WriteToExcel(user, dashboardName, n, data, run, a1, a2, a3, a4, a5, a6, a7, a8, a9): null

13-01-2025T08:08:25 - [TEST_STEP][PASSED] - sheetName = "Sheet1": null

13-01-2025T08:08:25 - [TEST_STEP][PASSED] - workbook01 = getWorkbook(excelFilePath): null

13-01-2025T08:08:25 - [TEST_STEP][PASSED] - sheet01 = getExcelSheet(workbook01, sheetName): null

13-01-2025T08:08:25 - [TEST_STEP][PASSED] - setValueToCellByIndex(sheet01, n, 0, dashboardName): null

13-01-2025T08:08:25 - [TEST_STEP][PASSED] - setValueToCellByIndex(sheet01, n, 10, user): null

13-01-2025T08:08:25 - [TEST_STEP][PASSED] - setValueToCellByIndex(sheet01, n, 1, a1): null

13-01-2025T08:08:25 - [TEST_STEP][PASSED] - setValueToCellByIndex(sheet01, n, 2, a2): null

13-01-2025T08:08:25 - [TEST_STEP][PASSED] - setValueToCellByIndex(sheet01, n, 3, a3): null

13-01-2025T08:08:25 - [TEST_STEP][PASSED] - setValueToCellByIndex(sheet01, n, 4, a4): null

13-01-2025T08:08:25 - [TEST_STEP][PASSED] - setValueToCellByIndex(sheet01, n, 5, a5): null

13-01-2025T08:08:25 - [TEST_STEP][PASSED] - setValueToCellByIndex(sheet01, n, 6, a6): null

13-01-2025T08:08:25 - [TEST_STEP][PASSED] - setValueToCellByIndex(sheet01, n, 7, a7): null

13-01-2025T08:08:25 - [TEST_STEP][PASSED] - setValueToCellByIndex(sheet01, n, 8, a8): null

13-01-2025T08:08:25 - [TEST_STEP][PASSED] - setValueToCellByIndex(sheet01, n, 9, a9): null

13-01-2025T08:08:25 - [TEST_STEP][PASSED] - n = n + 1: null

13-01-2025T08:08:25 - [TEST_STEP][PASSED] - saveWorkbook(excelFilePath, workbook01): null

13-01-2025T08:08:25 - [TEST_STEP][PASSED] - if (run == 3): null

13-01-2025T08:08:25 - [TEST_STEP][PASSED] - closeBrowser(): null

13-01-2025T08:08:25 - [MESSAGE][PASSED] - Browser is closed

13-01-2025T08:08:25 - [TEST_STEP][PASSED] - ObyemPoter(user, dashboardName, n, data, run, a1, a2, a3, a4, a5, a6, a7, a8, a9, urlData): null

13-01-2025T08:08:25 - [TEST_STEP][PASSED] - n = data.getRowNumbers() + 1: null

13-01-2025T08:08:25 - [TEST_STEP][PASSED] - println(n): null

13-01-2025T08:08:25 - [TEST_STEP][PASSED] - dashboardName = "Объём потерь": null

13-01-2025T08:08:25 - [TEST_STEP][PASSED] - openBrowser(""): Browser is opened with url: ''

13-01-2025T08:08:25 - [MESSAGE][INFO] - Starting 'Chrome' driver

13-01-2025T08:08:25 - [MESSAGE][INFO] - Action delay is set to 0 milliseconds

13-01-2025T08:08:26 - [MESSAGE][PASSED] - Browser is opened with url: ''

13-01-2025T08:08:26 - [TEST_STEP][PASSED] - urlData = 14: null

13-01-2025T08:08:26 - [TEST_STEP][PASSED] - Script1686231490255.CheckPageDownload(urlData, run): null

13-01-2025T08:08:26 - [TEST_STEP][PASSED] - i = 1: null

13-01-2025T08:08:26 - [TEST_STEP][PASSED] - ii = 0: null

13-01-2025T08:08:26 - [TEST_STEP][PASSED] - urlText = <not implemented yet for class: org.codehaus.groovy.ast.expr.EmptyExpression>: null

13-01-2025T08:08:26 - [TEST_STEP][PASSED] - searchWord = <not implemented yet for class: org.codehaus.groovy.ast.expr.EmptyExpression>: null

13-01-2025T08:08:26 - [TEST_STEP][PASSED] - deleteAllCookies(): Delete all cookies successfully

13-01-2025T08:08:26 - [MESSAGE][PASSED] - Delete all cookies successfully

13-01-2025T08:08:26 - [TEST_STEP][PASSED] - refresh(): Refresh successfully

13-01-2025T08:08:26 - [MESSAGE][PASSED] - Refresh successfully

13-01-2025T08:08:26 - [TEST_STEP][PASSED] - delay(70): Delayed 70 second(s)

13-01-2025T08:09:36 - [MESSAGE][PASSED] - Delayed 70 second(s)

13-01-2025T08:09:36 - [TEST_STEP][PASSED] - navigateToUrl(findTestData("PlanFact").getValue(10, urlData)): Navigate to 'https://bi.rosseti.digital/viewer?dashboardGuid=d154a8eaf6824e2b9de1bb04dd061c18&sheetGuid=aa9766f159804cfeb6006ba98edf3a23&fit=true' successfully

13-01-2025T08:09:46 - [MESSAGE][PASSED] - Navigate to 'https://bi.rosseti.digital/viewer?dashboardGuid=d154a8eaf6824e2b9de1bb04dd061c18&sheetGuid=aa9766f159804cfeb6006ba98edf3a23&fit=true' successfully

13-01-2025T08:09:46 - [TEST_STEP][PASSED] - pageLoaded1 = verifyElementPresent(findTestObject("Страница авторизации/Text"), 30): Object 'Object Repository/Страница авторизации/Text' is present

13-01-2025T08:09:46 - [MESSAGE][PASSED] - Object 'Object Repository/Страница авторизации/Text' is present

13-01-2025T08:09:46 - [TEST_STEP][PASSED] - if (pageLoaded1 == false): null

13-01-2025T08:09:46 - [TEST_STEP][PASSED] - urlText = getText(findTestObject("Страница авторизации/Text")): Text of object 'Object Repository/Страница авторизации/Text' is: 'Вход'

13-01-2025T08:09:47 - [MESSAGE][PASSED] - Text of object 'Object Repository/Страница авторизации/Text' is: 'Вход'

13-01-2025T08:09:47 - [TEST_STEP][PASSED] - delay(70): Delayed 70 second(s)

13-01-2025T08:10:57 - [MESSAGE][PASSED] - Delayed 70 second(s)

13-01-2025T08:10:57 - [TEST_STEP][PASSED] - searchWord = "Вход": null

13-01-2025T08:10:57 - [TEST_STEP][PASSED] - if (urlText.contains(searchWord) == false): null

13-01-2025T08:10:57 - [TEST_STEP][PASSED] - setText(findTestObject("Страница авторизации/input__username"), findTestData("PlanFact").getValue(8, run)): Text 'Petrova-OV' is set on object 'Object Repository/Страница авторизации/input__username'

13-01-2025T08:10:57 - [MESSAGE][PASSED] - Text 'Petrova-OV' is set on object 'Object Repository/Страница авторизации/input__username'

13-01-2025T08:10:57 - [TEST_STEP][PASSED] - setText(findTestObject("Страница авторизации/input__password"), findTestData("PlanFact").getValue(9, run)): Text '4Ex@~R53r&3x&BVe7' is set on object 'Object Repository/Страница авторизации/input__password'

13-01-2025T08:10:58 - [MESSAGE][PASSED] - Text '4Ex@~R53r&3x&BVe7' is set on object 'Object Repository/Страница авторизации/input__password'

13-01-2025T08:10:58 - [TEST_STEP][PASSED] - click(findTestObject("Страница авторизации/button_")): Object: 'Object Repository/Страница авторизации/button_' is clicked on

13-01-2025T08:10:59 - [MESSAGE][PASSED] - Object: 'Object Repository/Страница авторизации/button_' is clicked on

13-01-2025T08:10:59 - [TEST_STEP][PASSED] - delay(70): Delayed 70 second(s)

13-01-2025T08:12:09 - [MESSAGE][PASSED] - Delayed 70 second(s)

13-01-2025T08:12:09 - [TEST_STEP][PASSED] - searchWord = "а": null

13-01-2025T08:12:09 - [TEST_STEP][PASSED] - pageLoaded2 = verifyElementPresent(findTestObject("Страница авторизации/Text"), 50): Object 'Object Repository/Страница авторизации/Text' is present

13-01-2025T08:12:10 - [MESSAGE][PASSED] - Object 'Object Repository/Страница авторизации/Text' is present

13-01-2025T08:12:10 - [TEST_STEP][PASSED] - if (pageLoaded2 == false): null

13-01-2025T08:12:10 - [TEST_STEP][PASSED] - urlText = getText(findTestObject("Страница авторизации/Text")): Text of object 'Object Repository/Страница авторизации/Text' is: 'ДЗО 
Все
Период
Выбрано: 15
тыс. кВт⋅ч
п.п.
Объем потерь
65 425 77865 425 778
66 581 56866 581 568
66 772 44166 772 441
2022 год
2023 год
2024 год
0
10 000
20 000
30 000
40 000
50 000
60 000
70 000
80 000
Уровень потерь
8.438.43
8.458.45
8.088.08
Факт
2022 год
2023 год
2024 год
0
2
4
6
8
10
●● Отклонения, тыс. кВт⋅ч
тыс. кВт⋅ч
Отклонения объема потерь
1 155 7901 155 790
190 873190 873
2022/2023
2023/2024
0
250 000
500 000
750 000
1 000 000
1 250 000
●● Отклонения, п.п.
п.п.
Отклонения уровня потерь
0.020.02
-0.37-0.37
2022/2023
2023/2024
-0.4
-0.3
-0.2
-0.1
0
0.1
Фактические данные по объему и уровню потерь электроэнергии'

13-01-2025T08:12:10 - [MESSAGE][PASSED] - Text of object 'Object Repository/Страница авторизации/Text' is: 'ДЗО 
Все
Период
Выбрано: 15
тыс. кВт⋅ч
п.п.
Объем потерь
65 425 77865 425 778
66 581 56866 581 568
66 772 44166 772 441
2022 год
2023 год
2024 год
0
10 000
20 000
30 000
40 000
50 000
60 000
70 000
80 000
Уровень потерь
8.438.43
8.458.45
8.088.08
Факт
2022 год
2023 год
2024 год
0
2
4
6
8
10
●● Отклонения, тыс. кВт⋅ч
тыс. кВт⋅ч
Отклонения объема потерь
1 155 7901 155 790
190 873190 873
2022/2023
2023/2024
0
250 000
500 000
750 000
1 000 000
1 250 000
●● Отклонения, п.п.
п.п.
Отклонения уровня потерь
0.020.02
-0.37-0.37
2022/2023
2023/2024
-0.4
-0.3
-0.2
-0.1
0
0.1
Фактические данные по объему и уровню потерь электроэнергии'

13-01-2025T08:12:10 - [TEST_STEP][PASSED] - if (urlText.contains("ошибка") || urlText.contains(searchWord) == false): null

13-01-2025T08:12:10 - [TEST_STEP][PASSED] - a9 = "": null

13-01-2025T08:12:10 - [TEST_STEP][PASSED] - a3 = "": null

13-01-2025T08:12:10 - [TEST_STEP][PASSED] - a6 = "": null

13-01-2025T08:12:10 - [TEST_STEP][PASSED] - if (run == 1): null

13-01-2025T08:12:10 - [TEST_STEP][PASSED] - if (run == 2): null

13-01-2025T08:12:10 - [TEST_STEP][PASSED] - if (run == 3): null

13-01-2025T08:12:10 - [TEST_STEP][PASSED] - user = "Попова": null

13-01-2025T08:12:10 - [TEST_STEP][PASSED] - a1 = getText(findTestObject("Объем потерь/divObemPoter")): Text of object 'Object Repository/Объем потерь/divObemPoter' is: 'Объем потерь
65 425 77865 425 778
66 581 56866 581 568
66 772 44166 772 441
2022 год
2023 год
2024 год
0
10 000
20 000
30 000
40 000
50 000
60 000
70 000
80 000'

13-01-2025T08:12:11 - [MESSAGE][PASSED] - Text of object 'Object Repository/Объем потерь/divObemPoter' is: 'Объем потерь
65 425 77865 425 778
66 581 56866 581 568
66 772 44166 772 441
2022 год
2023 год
2024 год
0
10 000
20 000
30 000
40 000
50 000
60 000
70 000
80 000'

13-01-2025T08:12:11 - [TEST_STEP][PASSED] - a2 = getText(findTestObject("Объем потерь/divUrovenPoter")): Text of object 'Object Repository/Объем потерь/divUrovenPoter' is: 'Уровень потерь
8.438.43
8.458.45
8.088.08
Факт
2022 год
2023 год
2024 год
0
2
4
6
8
10'

13-01-2025T08:12:11 - [MESSAGE][PASSED] - Text of object 'Object Repository/Объем потерь/divUrovenPoter' is: 'Уровень потерь
8.438.43
8.458.45
8.088.08
Факт
2022 год
2023 год
2024 год
0
2
4
6
8
10'

13-01-2025T08:12:11 - [TEST_STEP][PASSED] - a3 = getText(findTestObject("Объем потерь/divOtkloneniyaObemaPoter")): Text of object 'Object Repository/Объем потерь/divOtkloneniyaObemaPoter' is: '●● Отклонения, тыс. кВт⋅ч
тыс. кВт⋅ч
Отклонения объема потерь
1 155 7901 155 790
190 873190 873
2022/2023
2023/2024
0
250 000
500 000
750 000
1 000 000
1 250 000'

13-01-2025T08:12:11 - [MESSAGE][PASSED] - Text of object 'Object Repository/Объем потерь/divOtkloneniyaObemaPoter' is: '●● Отклонения, тыс. кВт⋅ч
тыс. кВт⋅ч
Отклонения объема потерь
1 155 7901 155 790
190 873190 873
2022/2023
2023/2024
0
250 000
500 000
750 000
1 000 000
1 250 000'

13-01-2025T08:12:11 - [TEST_STEP][PASSED] - a4 = getText(findTestObject("Объем потерь/divOtkloneniyaUrovnyaPoter")): Text of object 'Object Repository/Объем потерь/divOtkloneniyaUrovnyaPoter' is: '●● Отклонения, п.п.
п.п.
Отклонения уровня потерь
0.020.02
-0.37-0.37
2022/2023
2023/2024
-0.4
-0.3
-0.2
-0.1
0
0.1'

13-01-2025T08:12:12 - [MESSAGE][PASSED] - Text of object 'Object Repository/Объем потерь/divOtkloneniyaUrovnyaPoter' is: '●● Отклонения, п.п.
п.п.
Отклонения уровня потерь
0.020.02
-0.37-0.37
2022/2023
2023/2024
-0.4
-0.3
-0.2
-0.1
0
0.1'

13-01-2025T08:12:12 - [TEST_STEP][PASSED] - n = n + 8: null

13-01-2025T08:12:12 - [TEST_STEP][PASSED] - b = n - run + 1: null

13-01-2025T08:12:12 - [TEST_STEP][PASSED] - verifyEqual(findTestData("PlanFact").getValue(2, b), a1): Actual object 'Объем потерь
65 425 77865 425 778
66 581 56866 581 568
66 772 44166 772 441
2022 год
2023 год
2024 год
0
10 000
20 000
30 000
40 000
50 000
60 000
70 000
80 000' and expected object 'Объем потерь
65 425 77865 425 778
66 581 56866 581 568
66 772 44166 772 441
2022 год
2023 год
2024 год
0
10 000
20 000
30 000
40 000
50 000
60 000
70 000
80 000' are equal

13-01-2025T08:12:12 - [MESSAGE][PASSED] - Actual object 'Объем потерь
65 425 77865 425 778
66 581 56866 581 568
66 772 44166 772 441
2022 год
2023 год
2024 год
0
10 000
20 000
30 000
40 000
50 000
60 000
70 000
80 000' and expected object 'Объем потерь
65 425 77865 425 778
66 581 56866 581 568
66 772 44166 772 441
2022 год
2023 год
2024 год
0
10 000
20 000
30 000
40 000
50 000
60 000
70 000
80 000' are equal

13-01-2025T08:12:12 - [TEST_STEP][PASSED] - verifyEqual(findTestData("PlanFact").getValue(3, b), a2): Actual object 'Уровень потерь
8.438.43
8.458.45
8.088.08
Факт
2022 год
2023 год
2024 год
0
2
4
6
8
10' and expected object 'Уровень потерь
8.438.43
8.458.45
8.088.08
Факт
2022 год
2023 год
2024 год
0
2
4
6
8
10' are equal

13-01-2025T08:12:12 - [MESSAGE][PASSED] - Actual object 'Уровень потерь
8.438.43
8.458.45
8.088.08
Факт
2022 год
2023 год
2024 год
0
2
4
6
8
10' and expected object 'Уровень потерь
8.438.43
8.458.45
8.088.08
Факт
2022 год
2023 год
2024 год
0
2
4
6
8
10' are equal

13-01-2025T08:12:12 - [TEST_STEP][PASSED] - verifyEqual(findTestData("PlanFact").getValue(4, b), a3): Actual object '●● Отклонения, тыс. кВт⋅ч
тыс. кВт⋅ч
Отклонения объема потерь
1 155 7901 155 790
190 873190 873
2022/2023
2023/2024
0
250 000
500 000
750 000
1 000 000
1 250 000' and expected object '●● Отклонения, тыс. кВт⋅ч
тыс. кВт⋅ч
Отклонения объема потерь
1 155 7901 155 790
190 873190 873
2022/2023
2023/2024
0
250 000
500 000
750 000
1 000 000
1 250 000' are equal

13-01-2025T08:12:12 - [MESSAGE][PASSED] - Actual object '●● Отклонения, тыс. кВт⋅ч
тыс. кВт⋅ч
Отклонения объема потерь
1 155 7901 155 790
190 873190 873
2022/2023
2023/2024
0
250 000
500 000
750 000
1 000 000
1 250 000' and expected object '●● Отклонения, тыс. кВт⋅ч
тыс. кВт⋅ч
Отклонения объема потерь
1 155 7901 155 790
190 873190 873
2022/2023
2023/2024
0
250 000
500 000
750 000
1 000 000
1 250 000' are equal

13-01-2025T08:12:12 - [TEST_STEP][PASSED] - verifyEqual(findTestData("PlanFact").getValue(5, b), a4): Actual object '●● Отклонения, п.п.
п.п.
Отклонения уровня потерь
0.020.02
-0.37-0.37
2022/2023
2023/2024
-0.4
-0.3
-0.2
-0.1
0
0.1' and expected object '●● Отклонения, п.п.
п.п.
Отклонения уровня потерь
0.020.02
-0.37-0.37
2022/2023
2023/2024
-0.4
-0.3
-0.2
-0.1
0
0.1' are equal

13-01-2025T08:12:12 - [MESSAGE][PASSED] - Actual object '●● Отклонения, п.п.
п.п.
Отклонения уровня потерь
0.020.02
-0.37-0.37
2022/2023
2023/2024
-0.4
-0.3
-0.2
-0.1
0
0.1' and expected object '●● Отклонения, п.п.
п.п.
Отклонения уровня потерь
0.020.02
-0.37-0.37
2022/2023
2023/2024
-0.4
-0.3
-0.2
-0.1
0
0.1' are equal

13-01-2025T08:12:12 - [TEST_STEP][PASSED] - Script1686231490255.WriteToExcel(user, dashboardName, n, data, run, a1, a2, a3, a4, a5, a6, a7, a8, a9): null

13-01-2025T08:12:12 - [TEST_STEP][PASSED] - sheetName = "Sheet1": null

13-01-2025T08:12:12 - [TEST_STEP][PASSED] - workbook01 = getWorkbook(excelFilePath): null

13-01-2025T08:12:12 - [TEST_STEP][PASSED] - sheet01 = getExcelSheet(workbook01, sheetName): null

13-01-2025T08:12:12 - [TEST_STEP][PASSED] - setValueToCellByIndex(sheet01, n, 0, dashboardName): null

13-01-2025T08:12:12 - [TEST_STEP][PASSED] - setValueToCellByIndex(sheet01, n, 10, user): null

13-01-2025T08:12:12 - [TEST_STEP][PASSED] - setValueToCellByIndex(sheet01, n, 1, a1): null

13-01-2025T08:12:12 - [TEST_STEP][PASSED] - setValueToCellByIndex(sheet01, n, 2, a2): null

13-01-2025T08:12:12 - [TEST_STEP][PASSED] - setValueToCellByIndex(sheet01, n, 3, a3): null

13-01-2025T08:12:12 - [TEST_STEP][PASSED] - setValueToCellByIndex(sheet01, n, 4, a4): null

13-01-2025T08:12:12 - [TEST_STEP][PASSED] - setValueToCellByIndex(sheet01, n, 5, a5): null

13-01-2025T08:12:12 - [TEST_STEP][PASSED] - setValueToCellByIndex(sheet01, n, 6, a6): null

13-01-2025T08:12:12 - [TEST_STEP][PASSED] - setValueToCellByIndex(sheet01, n, 7, a7): null

13-01-2025T08:12:12 - [TEST_STEP][PASSED] - setValueToCellByIndex(sheet01, n, 8, a8): null

13-01-2025T08:12:12 - [TEST_STEP][PASSED] - setValueToCellByIndex(sheet01, n, 9, a9): null

13-01-2025T08:12:12 - [TEST_STEP][PASSED] - n = n + 1: null

13-01-2025T08:12:12 - [TEST_STEP][PASSED] - saveWorkbook(excelFilePath, workbook01): null

13-01-2025T08:12:12 - [TEST_STEP][PASSED] - closeBrowser(): Browser is closed

13-01-2025T08:12:12 - [MESSAGE][PASSED] - Browser is closed

13-01-2025T08:12:12 - [TEST_STEP][PASSED] - delay(70): Delayed 70 second(s)

13-01-2025T08:13:22 - [MESSAGE][PASSED] - Delayed 70 second(s)

13-01-2025T08:13:22 - [TEST_STEP][PASSED] - for ([run = 1, run < 4, (run++)]): null

13-01-2025T08:13:22 - [TEST_STEP][PASSED] - OtpuskIzSeti(user, dashboardName, n, data, run, a1, a2, a3, a4, a5, a6, a7, a8, a9, urlData): null

13-01-2025T08:13:22 - [TEST_STEP][PASSED] - n = data.getRowNumbers() + 1: null

13-01-2025T08:13:22 - [TEST_STEP][PASSED] - println(n): null

13-01-2025T08:13:22 - [TEST_STEP][PASSED] - dashboardName = "Отпуск из сети": null

13-01-2025T08:13:22 - [TEST_STEP][PASSED] - openBrowser(""): Browser is opened with url: ''

13-01-2025T08:13:22 - [MESSAGE][INFO] - Starting 'Chrome' driver

13-01-2025T08:13:22 - [MESSAGE][INFO] - Action delay is set to 0 milliseconds

13-01-2025T08:13:23 - [MESSAGE][PASSED] - Browser is opened with url: ''

13-01-2025T08:13:23 - [TEST_STEP][PASSED] - urlData = 15: null

13-01-2025T08:13:23 - [TEST_STEP][PASSED] - Script1686231490255.CheckPageDownload(urlData, run): null

13-01-2025T08:13:23 - [TEST_STEP][PASSED] - i = 1: null

13-01-2025T08:13:23 - [TEST_STEP][PASSED] - ii = 0: null

13-01-2025T08:13:23 - [TEST_STEP][PASSED] - urlText = <not implemented yet for class: org.codehaus.groovy.ast.expr.EmptyExpression>: null

13-01-2025T08:13:23 - [TEST_STEP][PASSED] - searchWord = <not implemented yet for class: org.codehaus.groovy.ast.expr.EmptyExpression>: null

13-01-2025T08:13:23 - [TEST_STEP][PASSED] - deleteAllCookies(): Delete all cookies successfully

13-01-2025T08:13:23 - [MESSAGE][PASSED] - Delete all cookies successfully

13-01-2025T08:13:23 - [TEST_STEP][PASSED] - refresh(): Refresh successfully

13-01-2025T08:13:23 - [MESSAGE][PASSED] - Refresh successfully

13-01-2025T08:13:23 - [TEST_STEP][PASSED] - delay(70): Delayed 70 second(s)

13-01-2025T08:14:33 - [MESSAGE][PASSED] - Delayed 70 second(s)

13-01-2025T08:14:33 - [TEST_STEP][PASSED] - navigateToUrl(findTestData("PlanFact").getValue(10, urlData)): Navigate to 'https://bi.rosseti.digital/viewer?dashboardGuid=d154a8eaf6824e2b9de1bb04dd061c18&sheetGuid=f217cc6775674247871931fed0993c14&fit=true' successfully

13-01-2025T08:14:43 - [MESSAGE][PASSED] - Navigate to 'https://bi.rosseti.digital/viewer?dashboardGuid=d154a8eaf6824e2b9de1bb04dd061c18&sheetGuid=f217cc6775674247871931fed0993c14&fit=true' successfully

13-01-2025T08:14:43 - [TEST_STEP][PASSED] - pageLoaded1 = verifyElementPresent(findTestObject("Страница авторизации/Text"), 30): Object 'Object Repository/Страница авторизации/Text' is present

13-01-2025T08:14:43 - [MESSAGE][PASSED] - Object 'Object Repository/Страница авторизации/Text' is present

13-01-2025T08:14:43 - [TEST_STEP][PASSED] - if (pageLoaded1 == false): null

13-01-2025T08:14:43 - [TEST_STEP][PASSED] - urlText = getText(findTestObject("Страница авторизации/Text")): Text of object 'Object Repository/Страница авторизации/Text' is: 'Вход'

13-01-2025T08:14:44 - [MESSAGE][PASSED] - Text of object 'Object Repository/Страница авторизации/Text' is: 'Вход'

13-01-2025T08:14:44 - [TEST_STEP][PASSED] - delay(70): Delayed 70 second(s)

13-01-2025T08:15:54 - [MESSAGE][PASSED] - Delayed 70 second(s)

13-01-2025T08:15:54 - [TEST_STEP][PASSED] - searchWord = "Вход": null

13-01-2025T08:15:54 - [TEST_STEP][PASSED] - if (urlText.contains(searchWord) == false): null

13-01-2025T08:15:54 - [TEST_STEP][PASSED] - setText(findTestObject("Страница авторизации/input__username"), findTestData("PlanFact").getValue(8, run)): Text 'liazgina-di' is set on object 'Object Repository/Страница авторизации/input__username'

13-01-2025T08:15:54 - [MESSAGE][PASSED] - Text 'liazgina-di' is set on object 'Object Repository/Страница авторизации/input__username'

13-01-2025T08:15:54 - [TEST_STEP][PASSED] - setText(findTestObject("Страница авторизации/input__password"), findTestData("PlanFact").getValue(9, run)): Text ')$%5srZ8o688Dm#q' is set on object 'Object Repository/Страница авторизации/input__password'

13-01-2025T08:15:55 - [MESSAGE][PASSED] - Text ')$%5srZ8o688Dm#q' is set on object 'Object Repository/Страница авторизации/input__password'

13-01-2025T08:15:55 - [TEST_STEP][PASSED] - click(findTestObject("Страница авторизации/button_")): Object: 'Object Repository/Страница авторизации/button_' is clicked on

13-01-2025T08:15:57 - [MESSAGE][PASSED] - Object: 'Object Repository/Страница авторизации/button_' is clicked on

13-01-2025T08:15:57 - [TEST_STEP][PASSED] - delay(70): Delayed 70 second(s)

13-01-2025T08:17:07 - [MESSAGE][PASSED] - Delayed 70 second(s)

13-01-2025T08:17:07 - [TEST_STEP][PASSED] - searchWord = "а": null

13-01-2025T08:17:07 - [TEST_STEP][PASSED] - pageLoaded2 = verifyElementPresent(findTestObject("Страница авторизации/Text"), 50): Object 'Object Repository/Страница авторизации/Text' is present

13-01-2025T08:17:07 - [MESSAGE][PASSED] - Object 'Object Repository/Страница авторизации/Text' is present

13-01-2025T08:17:07 - [TEST_STEP][PASSED] - if (pageLoaded2 == false): null

13-01-2025T08:17:07 - [TEST_STEP][PASSED] - urlText = getText(findTestObject("Страница авторизации/Text")): Text of object 'Object Repository/Страница авторизации/Text' is: 'ДЗО 
Все
Период
Выбрано: 15
Отпуск из сети
Факт
2022 год
2023 год
2024 год
0
50 000
100 000
150 000
200 000
250 000
300 000
350 000
400 000
450 000
500 000
550 000
600 000
650 000
700 000
750 000
800 000
710 306 711
720 906 268
209 300 970
●● Отклонения, тыс. кВт⋅ч
тыс. кВт⋅ч
Отклонения по отпуску из сети
10 599 55710 599 557
-511 605 299-511 605 299
2022/2023
2023/2024
-600 000 000
-500 000 000
-400 000 000
-300 000 000
-200 000 000
-100 000 000
0
100 000 000
●● Отклонения, %
%
Отклонения по отпуску из сети
1.491.49
-70.97-70.97
2022/2023
2023/2024
-80
-60
-40
-20
0
20
тыс. кВт⋅ч
Фактические данные по отпуску из сети'

13-01-2025T08:17:08 - [MESSAGE][PASSED] - Text of object 'Object Repository/Страница авторизации/Text' is: 'ДЗО 
Все
Период
Выбрано: 15
Отпуск из сети
Факт
2022 год
2023 год
2024 год
0
50 000
100 000
150 000
200 000
250 000
300 000
350 000
400 000
450 000
500 000
550 000
600 000
650 000
700 000
750 000
800 000
710 306 711
720 906 268
209 300 970
●● Отклонения, тыс. кВт⋅ч
тыс. кВт⋅ч
Отклонения по отпуску из сети
10 599 55710 599 557
-511 605 299-511 605 299
2022/2023
2023/2024
-600 000 000
-500 000 000
-400 000 000
-300 000 000
-200 000 000
-100 000 000
0
100 000 000
●● Отклонения, %
%
Отклонения по отпуску из сети
1.491.49
-70.97-70.97
2022/2023
2023/2024
-80
-60
-40
-20
0
20
тыс. кВт⋅ч
Фактические данные по отпуску из сети'

13-01-2025T08:17:08 - [TEST_STEP][PASSED] - if (urlText.contains("ошибка") || urlText.contains(searchWord) == false): null

13-01-2025T08:17:08 - [TEST_STEP][PASSED] - a6 = "": null

13-01-2025T08:17:08 - [TEST_STEP][PASSED] - a7 = "": null

13-01-2025T08:17:08 - [TEST_STEP][PASSED] - a8 = "": null

13-01-2025T08:17:08 - [TEST_STEP][PASSED] - a9 = "": null

13-01-2025T08:17:08 - [TEST_STEP][PASSED] - if (run == 1): null

13-01-2025T08:17:08 - [TEST_STEP][PASSED] - user = "админ": null

13-01-2025T08:17:08 - [TEST_STEP][PASSED] - a1 = getText(findTestObject("Отпуск из сети/span1")): Text of object 'Object Repository/Отпуск из сети/span1' is: '710 306 711'

13-01-2025T08:17:08 - [MESSAGE][PASSED] - Text of object 'Object Repository/Отпуск из сети/span1' is: '710 306 711'

13-01-2025T08:17:08 - [TEST_STEP][PASSED] - a2 = getText(findTestObject("Отпуск из сети/span2")): Text of object 'Object Repository/Отпуск из сети/span2' is: '720 906 268'

13-01-2025T08:17:08 - [MESSAGE][PASSED] - Text of object 'Object Repository/Отпуск из сети/span2' is: '720 906 268'

13-01-2025T08:17:08 - [TEST_STEP][PASSED] - a3 = getText(findTestObject("Отпуск из сети/span3")): Text of object 'Object Repository/Отпуск из сети/span3' is: '209 300 970'

13-01-2025T08:17:09 - [MESSAGE][PASSED] - Text of object 'Object Repository/Отпуск из сети/span3' is: '209 300 970'

13-01-2025T08:17:09 - [TEST_STEP][PASSED] - a4 = getText(findTestObject("Отпуск из сети/График1")): Text of object 'Object Repository/Отпуск из сети/График1' is: '●● Отклонения, тыс. кВт⋅ч
тыс. кВт⋅ч
Отклонения по отпуску из сети
10 599 55710 599 557
-511 605 299-511 605 299
2022/2023
2023/2024
-600 000 000
-500 000 000
-400 000 000
-300 000 000
-200 000 000
-100 000 000
0
100 000 000'

13-01-2025T08:17:09 - [MESSAGE][PASSED] - Text of object 'Object Repository/Отпуск из сети/График1' is: '●● Отклонения, тыс. кВт⋅ч
тыс. кВт⋅ч
Отклонения по отпуску из сети
10 599 55710 599 557
-511 605 299-511 605 299
2022/2023
2023/2024
-600 000 000
-500 000 000
-400 000 000
-300 000 000
-200 000 000
-100 000 000
0
100 000 000'

13-01-2025T08:17:09 - [TEST_STEP][PASSED] - a5 = getText(findTestObject("Отпуск из сети/График2")): Text of object 'Object Repository/Отпуск из сети/График2' is: '●● Отклонения, %
%
Отклонения по отпуску из сети
1.491.49
-70.97-70.97
2022/2023
2023/2024
-80
-60
-40
-20
0
20'

13-01-2025T08:17:09 - [MESSAGE][PASSED] - Text of object 'Object Repository/Отпуск из сети/График2' is: '●● Отклонения, %
%
Отклонения по отпуску из сети
1.491.49
-70.97-70.97
2022/2023
2023/2024
-80
-60
-40
-20
0
20'

13-01-2025T08:17:09 - [TEST_STEP][PASSED] - n = n + 9: null

13-01-2025T08:17:09 - [TEST_STEP][PASSED] - Script1686231490255.WriteToExcel(user, dashboardName, n, data, run, a1, a2, a3, a4, a5, a6, a7, a8, a9): null

13-01-2025T08:17:09 - [TEST_STEP][PASSED] - sheetName = "Sheet1": null

13-01-2025T08:17:09 - [TEST_STEP][PASSED] - workbook01 = getWorkbook(excelFilePath): null

13-01-2025T08:17:09 - [TEST_STEP][PASSED] - sheet01 = getExcelSheet(workbook01, sheetName): null

13-01-2025T08:17:09 - [TEST_STEP][PASSED] - setValueToCellByIndex(sheet01, n, 0, dashboardName): null

13-01-2025T08:17:09 - [TEST_STEP][PASSED] - setValueToCellByIndex(sheet01, n, 10, user): null

13-01-2025T08:17:09 - [TEST_STEP][PASSED] - setValueToCellByIndex(sheet01, n, 1, a1): null

13-01-2025T08:17:09 - [TEST_STEP][PASSED] - setValueToCellByIndex(sheet01, n, 2, a2): null

13-01-2025T08:17:09 - [TEST_STEP][PASSED] - setValueToCellByIndex(sheet01, n, 3, a3): null

13-01-2025T08:17:09 - [TEST_STEP][PASSED] - setValueToCellByIndex(sheet01, n, 4, a4): null

13-01-2025T08:17:09 - [TEST_STEP][PASSED] - setValueToCellByIndex(sheet01, n, 5, a5): null

13-01-2025T08:17:09 - [TEST_STEP][PASSED] - setValueToCellByIndex(sheet01, n, 6, a6): null

13-01-2025T08:17:09 - [TEST_STEP][PASSED] - setValueToCellByIndex(sheet01, n, 7, a7): null

13-01-2025T08:17:09 - [TEST_STEP][PASSED] - setValueToCellByIndex(sheet01, n, 8, a8): null

13-01-2025T08:17:09 - [TEST_STEP][PASSED] - setValueToCellByIndex(sheet01, n, 9, a9): null

13-01-2025T08:17:09 - [TEST_STEP][PASSED] - n = n + 1: null

13-01-2025T08:17:09 - [TEST_STEP][PASSED] - saveWorkbook(excelFilePath, workbook01): null

13-01-2025T08:17:10 - [TEST_STEP][PASSED] - if (run == 2): null

13-01-2025T08:17:10 - [TEST_STEP][PASSED] - if (run == 3): null

13-01-2025T08:17:10 - [TEST_STEP][PASSED] - closeBrowser(): null

13-01-2025T08:17:10 - [MESSAGE][PASSED] - Browser is closed

13-01-2025T08:17:10 - [TEST_STEP][PASSED] - OtpuskIzSeti(user, dashboardName, n, data, run, a1, a2, a3, a4, a5, a6, a7, a8, a9, urlData): null

13-01-2025T08:17:10 - [TEST_STEP][PASSED] - n = data.getRowNumbers() + 1: null

13-01-2025T08:17:10 - [TEST_STEP][PASSED] - println(n): null

13-01-2025T08:17:10 - [TEST_STEP][PASSED] - dashboardName = "Отпуск из сети": null

13-01-2025T08:17:10 - [TEST_STEP][PASSED] - openBrowser(""): Browser is opened with url: ''

13-01-2025T08:17:10 - [MESSAGE][INFO] - Starting 'Chrome' driver

13-01-2025T08:17:10 - [MESSAGE][INFO] - Action delay is set to 0 milliseconds

13-01-2025T08:17:11 - [MESSAGE][PASSED] - Browser is opened with url: ''

13-01-2025T08:17:11 - [TEST_STEP][PASSED] - urlData = 15: null

13-01-2025T08:17:11 - [TEST_STEP][PASSED] - Script1686231490255.CheckPageDownload(urlData, run): null

13-01-2025T08:17:11 - [TEST_STEP][PASSED] - i = 1: null

13-01-2025T08:17:11 - [TEST_STEP][PASSED] - ii = 0: null

13-01-2025T08:17:11 - [TEST_STEP][PASSED] - urlText = <not implemented yet for class: org.codehaus.groovy.ast.expr.EmptyExpression>: null

13-01-2025T08:17:11 - [TEST_STEP][PASSED] - searchWord = <not implemented yet for class: org.codehaus.groovy.ast.expr.EmptyExpression>: null

13-01-2025T08:17:11 - [TEST_STEP][PASSED] - deleteAllCookies(): Delete all cookies successfully

13-01-2025T08:17:11 - [MESSAGE][PASSED] - Delete all cookies successfully

13-01-2025T08:17:11 - [TEST_STEP][PASSED] - refresh(): Refresh successfully

13-01-2025T08:17:11 - [MESSAGE][PASSED] - Refresh successfully

13-01-2025T08:17:11 - [TEST_STEP][PASSED] - delay(70): Delayed 70 second(s)

13-01-2025T08:18:21 - [MESSAGE][PASSED] - Delayed 70 second(s)

13-01-2025T08:18:21 - [TEST_STEP][PASSED] - navigateToUrl(findTestData("PlanFact").getValue(10, urlData)): Navigate to 'https://bi.rosseti.digital/viewer?dashboardGuid=d154a8eaf6824e2b9de1bb04dd061c18&sheetGuid=f217cc6775674247871931fed0993c14&fit=true' successfully

13-01-2025T08:18:30 - [MESSAGE][PASSED] - Navigate to 'https://bi.rosseti.digital/viewer?dashboardGuid=d154a8eaf6824e2b9de1bb04dd061c18&sheetGuid=f217cc6775674247871931fed0993c14&fit=true' successfully

13-01-2025T08:18:30 - [TEST_STEP][PASSED] - pageLoaded1 = verifyElementPresent(findTestObject("Страница авторизации/Text"), 30): Object 'Object Repository/Страница авторизации/Text' is present

13-01-2025T08:18:30 - [MESSAGE][PASSED] - Object 'Object Repository/Страница авторизации/Text' is present

13-01-2025T08:18:30 - [TEST_STEP][PASSED] - if (pageLoaded1 == false): null

13-01-2025T08:18:30 - [TEST_STEP][PASSED] - urlText = getText(findTestObject("Страница авторизации/Text")): Text of object 'Object Repository/Страница авторизации/Text' is: 'Вход'

13-01-2025T08:18:31 - [MESSAGE][PASSED] - Text of object 'Object Repository/Страница авторизации/Text' is: 'Вход'

13-01-2025T08:18:31 - [TEST_STEP][PASSED] - delay(70): Delayed 70 second(s)

13-01-2025T08:19:41 - [MESSAGE][PASSED] - Delayed 70 second(s)

13-01-2025T08:19:41 - [TEST_STEP][PASSED] - searchWord = "Вход": null

13-01-2025T08:19:41 - [TEST_STEP][PASSED] - if (urlText.contains(searchWord) == false): null

13-01-2025T08:19:41 - [TEST_STEP][PASSED] - setText(findTestObject("Страница авторизации/input__username"), findTestData("PlanFact").getValue(8, run)): Text 'Andreeva-EV' is set on object 'Object Repository/Страница авторизации/input__username'

13-01-2025T08:19:41 - [MESSAGE][PASSED] - Text 'Andreeva-EV' is set on object 'Object Repository/Страница авторизации/input__username'

13-01-2025T08:19:41 - [TEST_STEP][PASSED] - setText(findTestObject("Страница авторизации/input__password"), findTestData("PlanFact").getValue(9, run)): Text '2nPePKDwCPH3ul7xMZ' is set on object 'Object Repository/Страница авторизации/input__password'

13-01-2025T08:19:42 - [MESSAGE][PASSED] - Text '2nPePKDwCPH3ul7xMZ' is set on object 'Object Repository/Страница авторизации/input__password'

13-01-2025T08:19:42 - [TEST_STEP][PASSED] - click(findTestObject("Страница авторизации/button_")): Object: 'Object Repository/Страница авторизации/button_' is clicked on

13-01-2025T08:19:43 - [MESSAGE][PASSED] - Object: 'Object Repository/Страница авторизации/button_' is clicked on

13-01-2025T08:19:43 - [TEST_STEP][PASSED] - delay(70): Delayed 70 second(s)

13-01-2025T08:20:53 - [MESSAGE][PASSED] - Delayed 70 second(s)

13-01-2025T08:20:53 - [TEST_STEP][PASSED] - searchWord = "а": null

13-01-2025T08:20:53 - [TEST_STEP][PASSED] - pageLoaded2 = verifyElementPresent(findTestObject("Страница авторизации/Text"), 50): Object 'Object Repository/Страница авторизации/Text' is present

13-01-2025T08:20:54 - [MESSAGE][PASSED] - Object 'Object Repository/Страница авторизации/Text' is present

13-01-2025T08:20:54 - [TEST_STEP][PASSED] - if (pageLoaded2 == false): null

13-01-2025T08:20:54 - [TEST_STEP][PASSED] - urlText = getText(findTestObject("Страница авторизации/Text")): Text of object 'Object Repository/Страница авторизации/Text' is: 'ДЗО 
Все
Период
Выбрано: 15
Отпуск из сети
Факт
2022 год
2023 год
2024 год
0
50 000
100 000
150 000
200 000
250 000
300 000
350 000
400 000
450 000
500 000
550 000
600 000
650 000
700 000
750 000
800 000
710 306 711
720 906 268
209 300 970
●● Отклонения, тыс. кВт⋅ч
тыс. кВт⋅ч
Отклонения по отпуску из сети
10 599 55710 599 557
-511 605 299-511 605 299
2022/2023
2023/2024
-600 000 000
-500 000 000
-400 000 000
-300 000 000
-200 000 000
-100 000 000
0
100 000 000
●● Отклонения, %
%
Отклонения по отпуску из сети
1.491.49
-70.97-70.97
2022/2023
2023/2024
-80
-60
-40
-20
0
20
тыс. кВт⋅ч
Фактические данные по отпуску из сети'

13-01-2025T08:20:54 - [MESSAGE][PASSED] - Text of object 'Object Repository/Страница авторизации/Text' is: 'ДЗО 
Все
Период
Выбрано: 15
Отпуск из сети
Факт
2022 год
2023 год
2024 год
0
50 000
100 000
150 000
200 000
250 000
300 000
350 000
400 000
450 000
500 000
550 000
600 000
650 000
700 000
750 000
800 000
710 306 711
720 906 268
209 300 970
●● Отклонения, тыс. кВт⋅ч
тыс. кВт⋅ч
Отклонения по отпуску из сети
10 599 55710 599 557
-511 605 299-511 605 299
2022/2023
2023/2024
-600 000 000
-500 000 000
-400 000 000
-300 000 000
-200 000 000
-100 000 000
0
100 000 000
●● Отклонения, %
%
Отклонения по отпуску из сети
1.491.49
-70.97-70.97
2022/2023
2023/2024
-80
-60
-40
-20
0
20
тыс. кВт⋅ч
Фактические данные по отпуску из сети'

13-01-2025T08:20:54 - [TEST_STEP][PASSED] - if (urlText.contains("ошибка") || urlText.contains(searchWord) == false): null

13-01-2025T08:20:54 - [TEST_STEP][PASSED] - a6 = "": null

13-01-2025T08:20:54 - [TEST_STEP][PASSED] - a7 = "": null

13-01-2025T08:20:54 - [TEST_STEP][PASSED] - a8 = "": null

13-01-2025T08:20:54 - [TEST_STEP][PASSED] - a9 = "": null

13-01-2025T08:20:54 - [TEST_STEP][PASSED] - if (run == 1): null

13-01-2025T08:20:54 - [TEST_STEP][PASSED] - if (run == 2): null

13-01-2025T08:20:54 - [TEST_STEP][PASSED] - user = "Андреева": null

13-01-2025T08:20:54 - [TEST_STEP][PASSED] - a1 = getText(findTestObject("Отпуск из сети/span1")): Text of object 'Object Repository/Отпуск из сети/span1' is: '710 306 711'

13-01-2025T08:20:55 - [MESSAGE][PASSED] - Text of object 'Object Repository/Отпуск из сети/span1' is: '710 306 711'

13-01-2025T08:20:55 - [TEST_STEP][PASSED] - a2 = getText(findTestObject("Отпуск из сети/span2")): Text of object 'Object Repository/Отпуск из сети/span2' is: '720 906 268'

13-01-2025T08:20:55 - [MESSAGE][PASSED] - Text of object 'Object Repository/Отпуск из сети/span2' is: '720 906 268'

13-01-2025T08:20:55 - [TEST_STEP][PASSED] - a3 = getText(findTestObject("Отпуск из сети/span3")): Text of object 'Object Repository/Отпуск из сети/span3' is: '209 300 970'

13-01-2025T08:20:55 - [MESSAGE][PASSED] - Text of object 'Object Repository/Отпуск из сети/span3' is: '209 300 970'

13-01-2025T08:20:55 - [TEST_STEP][PASSED] - a4 = getText(findTestObject("Отпуск из сети/График1")): Text of object 'Object Repository/Отпуск из сети/График1' is: '●● Отклонения, тыс. кВт⋅ч
тыс. кВт⋅ч
Отклонения по отпуску из сети
10 599 55710 599 557
-511 605 299-511 605 299
2022/2023
2023/2024
-600 000 000
-500 000 000
-400 000 000
-300 000 000
-200 000 000
-100 000 000
0
100 000 000'

13-01-2025T08:20:56 - [MESSAGE][PASSED] - Text of object 'Object Repository/Отпуск из сети/График1' is: '●● Отклонения, тыс. кВт⋅ч
тыс. кВт⋅ч
Отклонения по отпуску из сети
10 599 55710 599 557
-511 605 299-511 605 299
2022/2023
2023/2024
-600 000 000
-500 000 000
-400 000 000
-300 000 000
-200 000 000
-100 000 000
0
100 000 000'

13-01-2025T08:20:56 - [TEST_STEP][PASSED] - a5 = getText(findTestObject("Отпуск из сети/График2")): Text of object 'Object Repository/Отпуск из сети/График2' is: '●● Отклонения, %
%
Отклонения по отпуску из сети
1.491.49
-70.97-70.97
2022/2023
2023/2024
-80
-60
-40
-20
0
20'

13-01-2025T08:20:56 - [MESSAGE][PASSED] - Text of object 'Object Repository/Отпуск из сети/График2' is: '●● Отклонения, %
%
Отклонения по отпуску из сети
1.491.49
-70.97-70.97
2022/2023
2023/2024
-80
-60
-40
-20
0
20'

13-01-2025T08:20:56 - [TEST_STEP][PASSED] - n = n + 10: null

13-01-2025T08:20:56 - [TEST_STEP][PASSED] - b = n - run + 1: null

13-01-2025T08:20:56 - [TEST_STEP][PASSED] - verifyEqual(findTestData("PlanFact").getValue(2, b), a1): Actual object '710 306 711' and expected object '710 306 711' are equal

13-01-2025T08:20:56 - [MESSAGE][PASSED] - Actual object '710 306 711' and expected object '710 306 711' are equal

13-01-2025T08:20:56 - [TEST_STEP][PASSED] - verifyEqual(findTestData("PlanFact").getValue(3, b), a2): Actual object '720 906 268' and expected object '720 906 268' are equal

13-01-2025T08:20:56 - [MESSAGE][PASSED] - Actual object '720 906 268' and expected object '720 906 268' are equal

13-01-2025T08:20:56 - [TEST_STEP][PASSED] - verifyEqual(findTestData("PlanFact").getValue(4, b), a3): Actual object '209 300 970' and expected object '209 300 970' are equal

13-01-2025T08:20:56 - [MESSAGE][PASSED] - Actual object '209 300 970' and expected object '209 300 970' are equal

13-01-2025T08:20:56 - [TEST_STEP][PASSED] - verifyEqual(findTestData("PlanFact").getValue(5, b), a4): Actual object '●● Отклонения, тыс. кВт⋅ч
тыс. кВт⋅ч
Отклонения по отпуску из сети
10 599 55710 599 557
-511 605 299-511 605 299
2022/2023
2023/2024
-600 000 000
-500 000 000
-400 000 000
-300 000 000
-200 000 000
-100 000 000
0
100 000 000' and expected object '●● Отклонения, тыс. кВт⋅ч
тыс. кВт⋅ч
Отклонения по отпуску из сети
10 599 55710 599 557
-511 605 299-511 605 299
2022/2023
2023/2024
-600 000 000
-500 000 000
-400 000 000
-300 000 000
-200 000 000
-100 000 000
0
100 000 000' are equal

13-01-2025T08:20:56 - [MESSAGE][PASSED] - Actual object '●● Отклонения, тыс. кВт⋅ч
тыс. кВт⋅ч
Отклонения по отпуску из сети
10 599 55710 599 557
-511 605 299-511 605 299
2022/2023
2023/2024
-600 000 000
-500 000 000
-400 000 000
-300 000 000
-200 000 000
-100 000 000
0
100 000 000' and expected object '●● Отклонения, тыс. кВт⋅ч
тыс. кВт⋅ч
Отклонения по отпуску из сети
10 599 55710 599 557
-511 605 299-511 605 299
2022/2023
2023/2024
-600 000 000
-500 000 000
-400 000 000
-300 000 000
-200 000 000
-100 000 000
0
100 000 000' are equal

13-01-2025T08:20:56 - [TEST_STEP][PASSED] - verifyEqual(findTestData("PlanFact").getValue(6, b), a5): Actual object '●● Отклонения, %
%
Отклонения по отпуску из сети
1.491.49
-70.97-70.97
2022/2023
2023/2024
-80
-60
-40
-20
0
20' and expected object '●● Отклонения, %
%
Отклонения по отпуску из сети
1.491.49
-70.97-70.97
2022/2023
2023/2024
-80
-60
-40
-20
0
20' are equal

13-01-2025T08:20:56 - [MESSAGE][PASSED] - Actual object '●● Отклонения, %
%
Отклонения по отпуску из сети
1.491.49
-70.97-70.97
2022/2023
2023/2024
-80
-60
-40
-20
0
20' and expected object '●● Отклонения, %
%
Отклонения по отпуску из сети
1.491.49
-70.97-70.97
2022/2023
2023/2024
-80
-60
-40
-20
0
20' are equal

13-01-2025T08:20:56 - [TEST_STEP][PASSED] - Script1686231490255.WriteToExcel(user, dashboardName, n, data, run, a1, a2, a3, a4, a5, a6, a7, a8, a9): null

13-01-2025T08:20:56 - [TEST_STEP][PASSED] - sheetName = "Sheet1": null

13-01-2025T08:20:56 - [TEST_STEP][PASSED] - workbook01 = getWorkbook(excelFilePath): null

13-01-2025T08:20:56 - [TEST_STEP][PASSED] - sheet01 = getExcelSheet(workbook01, sheetName): null

13-01-2025T08:20:56 - [TEST_STEP][PASSED] - setValueToCellByIndex(sheet01, n, 0, dashboardName): null

13-01-2025T08:20:56 - [TEST_STEP][PASSED] - setValueToCellByIndex(sheet01, n, 10, user): null

13-01-2025T08:20:56 - [TEST_STEP][PASSED] - setValueToCellByIndex(sheet01, n, 1, a1): null

13-01-2025T08:20:56 - [TEST_STEP][PASSED] - setValueToCellByIndex(sheet01, n, 2, a2): null

13-01-2025T08:20:56 - [TEST_STEP][PASSED] - setValueToCellByIndex(sheet01, n, 3, a3): null

13-01-2025T08:20:56 - [TEST_STEP][PASSED] - setValueToCellByIndex(sheet01, n, 4, a4): null

13-01-2025T08:20:56 - [TEST_STEP][PASSED] - setValueToCellByIndex(sheet01, n, 5, a5): null

13-01-2025T08:20:56 - [TEST_STEP][PASSED] - setValueToCellByIndex(sheet01, n, 6, a6): null

13-01-2025T08:20:56 - [TEST_STEP][PASSED] - setValueToCellByIndex(sheet01, n, 7, a7): null

13-01-2025T08:20:56 - [TEST_STEP][PASSED] - setValueToCellByIndex(sheet01, n, 8, a8): null

13-01-2025T08:20:56 - [TEST_STEP][PASSED] - setValueToCellByIndex(sheet01, n, 9, a9): null

13-01-2025T08:20:56 - [TEST_STEP][PASSED] - n = n + 1: null

13-01-2025T08:20:56 - [TEST_STEP][PASSED] - saveWorkbook(excelFilePath, workbook01): null

13-01-2025T08:20:56 - [TEST_STEP][PASSED] - if (run == 3): null

13-01-2025T08:20:56 - [TEST_STEP][PASSED] - closeBrowser(): null

13-01-2025T08:20:57 - [MESSAGE][PASSED] - Browser is closed

13-01-2025T08:20:57 - [TEST_STEP][PASSED] - OtpuskIzSeti(user, dashboardName, n, data, run, a1, a2, a3, a4, a5, a6, a7, a8, a9, urlData): null

13-01-2025T08:20:57 - [TEST_STEP][PASSED] - n = data.getRowNumbers() + 1: null

13-01-2025T08:20:57 - [TEST_STEP][PASSED] - println(n): null

13-01-2025T08:20:57 - [TEST_STEP][PASSED] - dashboardName = "Отпуск из сети": null

13-01-2025T08:20:57 - [TEST_STEP][PASSED] - openBrowser(""): Browser is opened with url: ''

13-01-2025T08:20:57 - [MESSAGE][INFO] - Starting 'Chrome' driver

13-01-2025T08:20:57 - [MESSAGE][INFO] - Action delay is set to 0 milliseconds

13-01-2025T08:20:58 - [MESSAGE][PASSED] - Browser is opened with url: ''

13-01-2025T08:20:58 - [TEST_STEP][PASSED] - urlData = 15: null

13-01-2025T08:20:58 - [TEST_STEP][PASSED] - Script1686231490255.CheckPageDownload(urlData, run): null

13-01-2025T08:20:58 - [TEST_STEP][PASSED] - i = 1: null

13-01-2025T08:20:58 - [TEST_STEP][PASSED] - ii = 0: null

13-01-2025T08:20:58 - [TEST_STEP][PASSED] - urlText = <not implemented yet for class: org.codehaus.groovy.ast.expr.EmptyExpression>: null

13-01-2025T08:20:58 - [TEST_STEP][PASSED] - searchWord = <not implemented yet for class: org.codehaus.groovy.ast.expr.EmptyExpression>: null

13-01-2025T08:20:58 - [TEST_STEP][PASSED] - deleteAllCookies(): Delete all cookies successfully

13-01-2025T08:20:58 - [MESSAGE][PASSED] - Delete all cookies successfully

13-01-2025T08:20:58 - [TEST_STEP][PASSED] - refresh(): Refresh successfully

13-01-2025T08:20:58 - [MESSAGE][PASSED] - Refresh successfully

13-01-2025T08:20:58 - [TEST_STEP][PASSED] - delay(70): Delayed 70 second(s)

13-01-2025T08:22:08 - [MESSAGE][PASSED] - Delayed 70 second(s)

13-01-2025T08:22:08 - [TEST_STEP][PASSED] - navigateToUrl(findTestData("PlanFact").getValue(10, urlData)): Navigate to 'https://bi.rosseti.digital/viewer?dashboardGuid=d154a8eaf6824e2b9de1bb04dd061c18&sheetGuid=f217cc6775674247871931fed0993c14&fit=true' successfully

13-01-2025T08:22:15 - [MESSAGE][PASSED] - Navigate to 'https://bi.rosseti.digital/viewer?dashboardGuid=d154a8eaf6824e2b9de1bb04dd061c18&sheetGuid=f217cc6775674247871931fed0993c14&fit=true' successfully

13-01-2025T08:22:15 - [TEST_STEP][PASSED] - pageLoaded1 = verifyElementPresent(findTestObject("Страница авторизации/Text"), 30): Object 'Object Repository/Страница авторизации/Text' is present

13-01-2025T08:22:16 - [MESSAGE][PASSED] - Object 'Object Repository/Страница авторизации/Text' is present

13-01-2025T08:22:16 - [TEST_STEP][PASSED] - if (pageLoaded1 == false): null

13-01-2025T08:22:16 - [TEST_STEP][PASSED] - urlText = getText(findTestObject("Страница авторизации/Text")): Text of object 'Object Repository/Страница авторизации/Text' is: 'Вход'

13-01-2025T08:22:17 - [MESSAGE][PASSED] - Text of object 'Object Repository/Страница авторизации/Text' is: 'Вход'

13-01-2025T08:22:17 - [TEST_STEP][PASSED] - delay(70): Delayed 70 second(s)

13-01-2025T08:23:27 - [MESSAGE][PASSED] - Delayed 70 second(s)

13-01-2025T08:23:27 - [TEST_STEP][PASSED] - searchWord = "Вход": null

13-01-2025T08:23:27 - [TEST_STEP][PASSED] - if (urlText.contains(searchWord) == false): null

13-01-2025T08:23:27 - [TEST_STEP][PASSED] - setText(findTestObject("Страница авторизации/input__username"), findTestData("PlanFact").getValue(8, run)): Text 'Petrova-OV' is set on object 'Object Repository/Страница авторизации/input__username'

13-01-2025T08:23:27 - [MESSAGE][PASSED] - Text 'Petrova-OV' is set on object 'Object Repository/Страница авторизации/input__username'

13-01-2025T08:23:27 - [TEST_STEP][PASSED] - setText(findTestObject("Страница авторизации/input__password"), findTestData("PlanFact").getValue(9, run)): Text '4Ex@~R53r&3x&BVe7' is set on object 'Object Repository/Страница авторизации/input__password'

13-01-2025T08:23:28 - [MESSAGE][PASSED] - Text '4Ex@~R53r&3x&BVe7' is set on object 'Object Repository/Страница авторизации/input__password'

13-01-2025T08:23:28 - [TEST_STEP][PASSED] - click(findTestObject("Страница авторизации/button_")): Object: 'Object Repository/Страница авторизации/button_' is clicked on

13-01-2025T08:23:30 - [MESSAGE][PASSED] - Object: 'Object Repository/Страница авторизации/button_' is clicked on

13-01-2025T08:23:30 - [TEST_STEP][PASSED] - delay(70): Delayed 70 second(s)

13-01-2025T08:24:40 - [MESSAGE][PASSED] - Delayed 70 second(s)

13-01-2025T08:24:40 - [TEST_STEP][PASSED] - searchWord = "а": null

13-01-2025T08:24:40 - [TEST_STEP][PASSED] - pageLoaded2 = verifyElementPresent(findTestObject("Страница авторизации/Text"), 50): Object 'Object Repository/Страница авторизации/Text' is present

13-01-2025T08:24:40 - [MESSAGE][PASSED] - Object 'Object Repository/Страница авторизации/Text' is present

13-01-2025T08:24:40 - [TEST_STEP][PASSED] - if (pageLoaded2 == false): null

13-01-2025T08:24:40 - [TEST_STEP][PASSED] - urlText = getText(findTestObject("Страница авторизации/Text")): Text of object 'Object Repository/Страница авторизации/Text' is: 'ДЗО 
Все
Период
Выбрано: 15
Отпуск из сети
Факт
2022 год
2023 год
2024 год
0
50 000
100 000
150 000
200 000
250 000
300 000
350 000
400 000
450 000
500 000
550 000
600 000
650 000
700 000
750 000
800 000
710 306 711
720 906 268
209 300 970
●● Отклонения, тыс. кВт⋅ч
тыс. кВт⋅ч
Отклонения по отпуску из сети
10 599 55710 599 557
-511 605 299-511 605 299
2022/2023
2023/2024
-600 000 000
-500 000 000
-400 000 000
-300 000 000
-200 000 000
-100 000 000
0
100 000 000
●● Отклонения, %
%
Отклонения по отпуску из сети
1.491.49
-70.97-70.97
2022/2023
2023/2024
-80
-60
-40
-20
0
20
тыс. кВт⋅ч
Фактические данные по отпуску из сети'

13-01-2025T08:24:41 - [MESSAGE][PASSED] - Text of object 'Object Repository/Страница авторизации/Text' is: 'ДЗО 
Все
Период
Выбрано: 15
Отпуск из сети
Факт
2022 год
2023 год
2024 год
0
50 000
100 000
150 000
200 000
250 000
300 000
350 000
400 000
450 000
500 000
550 000
600 000
650 000
700 000
750 000
800 000
710 306 711
720 906 268
209 300 970
●● Отклонения, тыс. кВт⋅ч
тыс. кВт⋅ч
Отклонения по отпуску из сети
10 599 55710 599 557
-511 605 299-511 605 299
2022/2023
2023/2024
-600 000 000
-500 000 000
-400 000 000
-300 000 000
-200 000 000
-100 000 000
0
100 000 000
●● Отклонения, %
%
Отклонения по отпуску из сети
1.491.49
-70.97-70.97
2022/2023
2023/2024
-80
-60
-40
-20
0
20
тыс. кВт⋅ч
Фактические данные по отпуску из сети'

13-01-2025T08:24:41 - [TEST_STEP][PASSED] - if (urlText.contains("ошибка") || urlText.contains(searchWord) == false): null

13-01-2025T08:24:41 - [TEST_STEP][PASSED] - a6 = "": null

13-01-2025T08:24:41 - [TEST_STEP][PASSED] - a7 = "": null

13-01-2025T08:24:41 - [TEST_STEP][PASSED] - a8 = "": null

13-01-2025T08:24:41 - [TEST_STEP][PASSED] - a9 = "": null

13-01-2025T08:24:41 - [TEST_STEP][PASSED] - if (run == 1): null

13-01-2025T08:24:41 - [TEST_STEP][PASSED] - if (run == 2): null

13-01-2025T08:24:41 - [TEST_STEP][PASSED] - if (run == 3): null

13-01-2025T08:24:41 - [TEST_STEP][PASSED] - user = "Попова": null

13-01-2025T08:24:41 - [TEST_STEP][PASSED] - a1 = getText(findTestObject("Отпуск из сети/span1")): Text of object 'Object Repository/Отпуск из сети/span1' is: '710 306 711'

13-01-2025T08:24:41 - [MESSAGE][PASSED] - Text of object 'Object Repository/Отпуск из сети/span1' is: '710 306 711'

13-01-2025T08:24:41 - [TEST_STEP][PASSED] - a2 = getText(findTestObject("Отпуск из сети/span2")): Text of object 'Object Repository/Отпуск из сети/span2' is: '720 906 268'

13-01-2025T08:24:42 - [MESSAGE][PASSED] - Text of object 'Object Repository/Отпуск из сети/span2' is: '720 906 268'

13-01-2025T08:24:42 - [TEST_STEP][PASSED] - a3 = getText(findTestObject("Отпуск из сети/span3")): Text of object 'Object Repository/Отпуск из сети/span3' is: '209 300 970'

13-01-2025T08:24:42 - [MESSAGE][PASSED] - Text of object 'Object Repository/Отпуск из сети/span3' is: '209 300 970'

13-01-2025T08:24:42 - [TEST_STEP][PASSED] - a4 = getText(findTestObject("Отпуск из сети/График1")): Text of object 'Object Repository/Отпуск из сети/График1' is: '●● Отклонения, тыс. кВт⋅ч
тыс. кВт⋅ч
Отклонения по отпуску из сети
10 599 55710 599 557
-511 605 299-511 605 299
2022/2023
2023/2024
-600 000 000
-500 000 000
-400 000 000
-300 000 000
-200 000 000
-100 000 000
0
100 000 000'

13-01-2025T08:24:42 - [MESSAGE][PASSED] - Text of object 'Object Repository/Отпуск из сети/График1' is: '●● Отклонения, тыс. кВт⋅ч
тыс. кВт⋅ч
Отклонения по отпуску из сети
10 599 55710 599 557
-511 605 299-511 605 299
2022/2023
2023/2024
-600 000 000
-500 000 000
-400 000 000
-300 000 000
-200 000 000
-100 000 000
0
100 000 000'

13-01-2025T08:24:42 - [TEST_STEP][PASSED] - a5 = getText(findTestObject("Отпуск из сети/График2")): Text of object 'Object Repository/Отпуск из сети/График2' is: '●● Отклонения, %
%
Отклонения по отпуску из сети
1.491.49
-70.97-70.97
2022/2023
2023/2024
-80
-60
-40
-20
0
20'

13-01-2025T08:24:42 - [MESSAGE][PASSED] - Text of object 'Object Repository/Отпуск из сети/График2' is: '●● Отклонения, %
%
Отклонения по отпуску из сети
1.491.49
-70.97-70.97
2022/2023
2023/2024
-80
-60
-40
-20
0
20'

13-01-2025T08:24:42 - [TEST_STEP][PASSED] - n = n + 11: null

13-01-2025T08:24:42 - [TEST_STEP][PASSED] - b = n - run + 1: null

13-01-2025T08:24:42 - [TEST_STEP][PASSED] - verifyEqual(findTestData("PlanFact").getValue(2, b), a1): Actual object '710 306 711' and expected object '710 306 711' are equal

13-01-2025T08:24:42 - [MESSAGE][PASSED] - Actual object '710 306 711' and expected object '710 306 711' are equal

13-01-2025T08:24:42 - [TEST_STEP][PASSED] - verifyEqual(findTestData("PlanFact").getValue(3, b), a2): Actual object '720 906 268' and expected object '720 906 268' are equal

13-01-2025T08:24:43 - [MESSAGE][PASSED] - Actual object '720 906 268' and expected object '720 906 268' are equal

13-01-2025T08:24:43 - [TEST_STEP][PASSED] - verifyEqual(findTestData("PlanFact").getValue(4, b), a3): Actual object '209 300 970' and expected object '209 300 970' are equal

13-01-2025T08:24:43 - [MESSAGE][PASSED] - Actual object '209 300 970' and expected object '209 300 970' are equal

13-01-2025T08:24:43 - [TEST_STEP][PASSED] - verifyEqual(findTestData("PlanFact").getValue(5, b), a4): Actual object '●● Отклонения, тыс. кВт⋅ч
тыс. кВт⋅ч
Отклонения по отпуску из сети
10 599 55710 599 557
-511 605 299-511 605 299
2022/2023
2023/2024
-600 000 000
-500 000 000
-400 000 000
-300 000 000
-200 000 000
-100 000 000
0
100 000 000' and expected object '●● Отклонения, тыс. кВт⋅ч
тыс. кВт⋅ч
Отклонения по отпуску из сети
10 599 55710 599 557
-511 605 299-511 605 299
2022/2023
2023/2024
-600 000 000
-500 000 000
-400 000 000
-300 000 000
-200 000 000
-100 000 000
0
100 000 000' are equal

13-01-2025T08:24:43 - [MESSAGE][PASSED] - Actual object '●● Отклонения, тыс. кВт⋅ч
тыс. кВт⋅ч
Отклонения по отпуску из сети
10 599 55710 599 557
-511 605 299-511 605 299
2022/2023
2023/2024
-600 000 000
-500 000 000
-400 000 000
-300 000 000
-200 000 000
-100 000 000
0
100 000 000' and expected object '●● Отклонения, тыс. кВт⋅ч
тыс. кВт⋅ч
Отклонения по отпуску из сети
10 599 55710 599 557
-511 605 299-511 605 299
2022/2023
2023/2024
-600 000 000
-500 000 000
-400 000 000
-300 000 000
-200 000 000
-100 000 000
0
100 000 000' are equal

13-01-2025T08:24:43 - [TEST_STEP][PASSED] - verifyEqual(findTestData("PlanFact").getValue(6, b), a5): Actual object '●● Отклонения, %
%
Отклонения по отпуску из сети
1.491.49
-70.97-70.97
2022/2023
2023/2024
-80
-60
-40
-20
0
20' and expected object '●● Отклонения, %
%
Отклонения по отпуску из сети
1.491.49
-70.97-70.97
2022/2023
2023/2024
-80
-60
-40
-20
0
20' are equal

13-01-2025T08:24:43 - [MESSAGE][PASSED] - Actual object '●● Отклонения, %
%
Отклонения по отпуску из сети
1.491.49
-70.97-70.97
2022/2023
2023/2024
-80
-60
-40
-20
0
20' and expected object '●● Отклонения, %
%
Отклонения по отпуску из сети
1.491.49
-70.97-70.97
2022/2023
2023/2024
-80
-60
-40
-20
0
20' are equal

13-01-2025T08:24:43 - [TEST_STEP][PASSED] - Script1686231490255.WriteToExcel(user, dashboardName, n, data, run, a1, a2, a3, a4, a5, a6, a7, a8, a9): null

13-01-2025T08:24:43 - [TEST_STEP][PASSED] - sheetName = "Sheet1": null

13-01-2025T08:24:43 - [TEST_STEP][PASSED] - workbook01 = getWorkbook(excelFilePath): null

13-01-2025T08:24:43 - [TEST_STEP][PASSED] - sheet01 = getExcelSheet(workbook01, sheetName): null

13-01-2025T08:24:43 - [TEST_STEP][PASSED] - setValueToCellByIndex(sheet01, n, 0, dashboardName): null

13-01-2025T08:24:43 - [TEST_STEP][PASSED] - setValueToCellByIndex(sheet01, n, 10, user): null

13-01-2025T08:24:43 - [TEST_STEP][PASSED] - setValueToCellByIndex(sheet01, n, 1, a1): null

13-01-2025T08:24:43 - [TEST_STEP][PASSED] - setValueToCellByIndex(sheet01, n, 2, a2): null

13-01-2025T08:24:43 - [TEST_STEP][PASSED] - setValueToCellByIndex(sheet01, n, 3, a3): null

13-01-2025T08:24:43 - [TEST_STEP][PASSED] - setValueToCellByIndex(sheet01, n, 4, a4): null

13-01-2025T08:24:43 - [TEST_STEP][PASSED] - setValueToCellByIndex(sheet01, n, 5, a5): null

13-01-2025T08:24:43 - [TEST_STEP][PASSED] - setValueToCellByIndex(sheet01, n, 6, a6): null

13-01-2025T08:24:43 - [TEST_STEP][PASSED] - setValueToCellByIndex(sheet01, n, 7, a7): null

13-01-2025T08:24:43 - [TEST_STEP][PASSED] - setValueToCellByIndex(sheet01, n, 8, a8): null

13-01-2025T08:24:43 - [TEST_STEP][PASSED] - setValueToCellByIndex(sheet01, n, 9, a9): null

13-01-2025T08:24:43 - [TEST_STEP][PASSED] - n = n + 1: null

13-01-2025T08:24:43 - [TEST_STEP][PASSED] - saveWorkbook(excelFilePath, workbook01): null

13-01-2025T08:24:43 - [TEST_STEP][PASSED] - closeBrowser(): Browser is closed

13-01-2025T08:24:43 - [MESSAGE][PASSED] - Browser is closed

13-01-2025T08:24:43 - [TEST_STEP][PASSED] - delay(70): Delayed 70 second(s)

13-01-2025T08:25:53 - [MESSAGE][PASSED] - Delayed 70 second(s)

13-01-2025T08:25:53 - [TEST_STEP][PASSED] - for ([run = 1, run < 4, (run++)]): null

13-01-2025T08:25:53 - [TEST_STEP][PASSED] - OtpuskVSet(user, dashboardName, n, data, run, a1, a2, a3, a4, a5, a6, a7, a8, a9, urlData): null

13-01-2025T08:25:53 - [TEST_STEP][PASSED] - n = data.getRowNumbers() + 1: null

13-01-2025T08:25:53 - [TEST_STEP][PASSED] - println(n): null

13-01-2025T08:25:53 - [TEST_STEP][PASSED] - dashboardName = "Отпуск в сеть": null

13-01-2025T08:25:53 - [TEST_STEP][PASSED] - openBrowser(""): Browser is opened with url: ''

13-01-2025T08:25:53 - [MESSAGE][INFO] - Starting 'Chrome' driver

13-01-2025T08:25:53 - [MESSAGE][INFO] - Action delay is set to 0 milliseconds

13-01-2025T08:25:54 - [MESSAGE][PASSED] - Browser is opened with url: ''

13-01-2025T08:25:54 - [TEST_STEP][PASSED] - urlData = 16: null

13-01-2025T08:25:54 - [TEST_STEP][PASSED] - Script1686231490255.CheckPageDownload(urlData, run): null

13-01-2025T08:25:54 - [TEST_STEP][PASSED] - i = 1: null

13-01-2025T08:25:54 - [TEST_STEP][PASSED] - ii = 0: null

13-01-2025T08:25:54 - [TEST_STEP][PASSED] - urlText = <not implemented yet for class: org.codehaus.groovy.ast.expr.EmptyExpression>: null

13-01-2025T08:25:54 - [TEST_STEP][PASSED] - searchWord = <not implemented yet for class: org.codehaus.groovy.ast.expr.EmptyExpression>: null

13-01-2025T08:25:54 - [TEST_STEP][PASSED] - deleteAllCookies(): Delete all cookies successfully

13-01-2025T08:25:54 - [MESSAGE][PASSED] - Delete all cookies successfully

13-01-2025T08:25:54 - [TEST_STEP][PASSED] - refresh(): Refresh successfully

13-01-2025T08:25:54 - [MESSAGE][PASSED] - Refresh successfully

13-01-2025T08:25:54 - [TEST_STEP][PASSED] - delay(70): Delayed 70 second(s)

13-01-2025T08:27:04 - [MESSAGE][PASSED] - Delayed 70 second(s)

13-01-2025T08:27:04 - [TEST_STEP][PASSED] - navigateToUrl(findTestData("PlanFact").getValue(10, urlData)): Navigate to 'https://bi.rosseti.digital/viewer?dashboardGuid=d154a8eaf6824e2b9de1bb04dd061c18&sheetGuid=33f591ea3cbf498897e314a4cd5a9f29&fit=true' successfully

13-01-2025T08:27:13 - [MESSAGE][PASSED] - Navigate to 'https://bi.rosseti.digital/viewer?dashboardGuid=d154a8eaf6824e2b9de1bb04dd061c18&sheetGuid=33f591ea3cbf498897e314a4cd5a9f29&fit=true' successfully

13-01-2025T08:27:13 - [TEST_STEP][PASSED] - pageLoaded1 = verifyElementPresent(findTestObject("Страница авторизации/Text"), 30): Object 'Object Repository/Страница авторизации/Text' is present

13-01-2025T08:27:13 - [MESSAGE][PASSED] - Object 'Object Repository/Страница авторизации/Text' is present

13-01-2025T08:27:13 - [TEST_STEP][PASSED] - if (pageLoaded1 == false): null

13-01-2025T08:27:13 - [TEST_STEP][PASSED] - urlText = getText(findTestObject("Страница авторизации/Text")): Text of object 'Object Repository/Страница авторизации/Text' is: 'Вход'

13-01-2025T08:27:13 - [MESSAGE][PASSED] - Text of object 'Object Repository/Страница авторизации/Text' is: 'Вход'

13-01-2025T08:27:13 - [TEST_STEP][PASSED] - delay(70): Delayed 70 second(s)

13-01-2025T08:28:23 - [MESSAGE][PASSED] - Delayed 70 second(s)

13-01-2025T08:28:23 - [TEST_STEP][PASSED] - searchWord = "Вход": null

13-01-2025T08:28:23 - [TEST_STEP][PASSED] - if (urlText.contains(searchWord) == false): null

13-01-2025T08:28:23 - [TEST_STEP][PASSED] - setText(findTestObject("Страница авторизации/input__username"), findTestData("PlanFact").getValue(8, run)): Text 'liazgina-di' is set on object 'Object Repository/Страница авторизации/input__username'

13-01-2025T08:28:24 - [MESSAGE][PASSED] - Text 'liazgina-di' is set on object 'Object Repository/Страница авторизации/input__username'

13-01-2025T08:28:24 - [TEST_STEP][PASSED] - setText(findTestObject("Страница авторизации/input__password"), findTestData("PlanFact").getValue(9, run)): Text ')$%5srZ8o688Dm#q' is set on object 'Object Repository/Страница авторизации/input__password'

13-01-2025T08:28:25 - [MESSAGE][PASSED] - Text ')$%5srZ8o688Dm#q' is set on object 'Object Repository/Страница авторизации/input__password'

13-01-2025T08:28:25 - [TEST_STEP][PASSED] - click(findTestObject("Страница авторизации/button_")): Object: 'Object Repository/Страница авторизации/button_' is clicked on

13-01-2025T08:28:26 - [MESSAGE][PASSED] - Object: 'Object Repository/Страница авторизации/button_' is clicked on

13-01-2025T08:28:26 - [TEST_STEP][PASSED] - delay(70): Delayed 70 second(s)

13-01-2025T08:29:36 - [MESSAGE][PASSED] - Delayed 70 second(s)

13-01-2025T08:29:36 - [TEST_STEP][PASSED] - searchWord = "а": null

13-01-2025T08:29:36 - [TEST_STEP][PASSED] - pageLoaded2 = verifyElementPresent(findTestObject("Страница авторизации/Text"), 50): Object 'Object Repository/Страница авторизации/Text' is present

13-01-2025T08:29:36 - [MESSAGE][PASSED] - Object 'Object Repository/Страница авторизации/Text' is present

13-01-2025T08:29:36 - [TEST_STEP][PASSED] - if (pageLoaded2 == false): null

13-01-2025T08:29:36 - [TEST_STEP][PASSED] - urlText = getText(findTestObject("Страница авторизации/Text")): Text of object 'Object Repository/Страница авторизации/Text' is: 'ДЗО 
Все
Период
Выбрано: 15
тыс. кВт⋅ч
Отпуск в сеть
Факт
2022 год
2023 год
2024 год
0
100 000
200 000
300 000
400 000
500 000
600 000
700 000
800 000
900 000
775 732 489
787 487 836
230 146 370
●● Отклонения, %
%
Отклонения по отпуску в сеть
1.521.52
-70.77-70.77
2022/2023
2023/2024
-80
-60
-40
-20
0
20
●● Отклонения, тыс. кВт⋅ч
тыс. кВт⋅ч
Отклонения по отпуску в сеть
11 755 34811 755 348
-557 341 466-557 341 466
2022/2023
2023/2024
-600 000 000
-500 000 000
-400 000 000
-300 000 000
-200 000 000
-100 000 000
0
100 000 000
Фактические данные по отпуску в сеть'

13-01-2025T08:29:37 - [MESSAGE][PASSED] - Text of object 'Object Repository/Страница авторизации/Text' is: 'ДЗО 
Все
Период
Выбрано: 15
тыс. кВт⋅ч
Отпуск в сеть
Факт
2022 год
2023 год
2024 год
0
100 000
200 000
300 000
400 000
500 000
600 000
700 000
800 000
900 000
775 732 489
787 487 836
230 146 370
●● Отклонения, %
%
Отклонения по отпуску в сеть
1.521.52
-70.77-70.77
2022/2023
2023/2024
-80
-60
-40
-20
0
20
●● Отклонения, тыс. кВт⋅ч
тыс. кВт⋅ч
Отклонения по отпуску в сеть
11 755 34811 755 348
-557 341 466-557 341 466
2022/2023
2023/2024
-600 000 000
-500 000 000
-400 000 000
-300 000 000
-200 000 000
-100 000 000
0
100 000 000
Фактические данные по отпуску в сеть'

13-01-2025T08:29:37 - [TEST_STEP][PASSED] - if (urlText.contains("ошибка") || urlText.contains(searchWord) == false): null

13-01-2025T08:29:37 - [TEST_STEP][PASSED] - a5 = "": null

13-01-2025T08:29:37 - [TEST_STEP][PASSED] - a6 = "": null

13-01-2025T08:29:37 - [TEST_STEP][PASSED] - a7 = "": null

13-01-2025T08:29:37 - [TEST_STEP][PASSED] - a8 = "": null

13-01-2025T08:29:37 - [TEST_STEP][PASSED] - a9 = "": null

13-01-2025T08:29:37 - [TEST_STEP][PASSED] - if (run == 1): null

13-01-2025T08:29:37 - [TEST_STEP][PASSED] - user = "админ": null

13-01-2025T08:29:37 - [TEST_STEP][PASSED] - a1 = getText(findTestObject("Отпуск в сеть/span1")): Text of object 'Object Repository/Отпуск в сеть/span1' is: '775 732 489'

13-01-2025T08:29:37 - [MESSAGE][PASSED] - Text of object 'Object Repository/Отпуск в сеть/span1' is: '775 732 489'

13-01-2025T08:29:37 - [TEST_STEP][PASSED] - a2 = getText(findTestObject("Отпуск в сеть/span2")): Text of object 'Object Repository/Отпуск в сеть/span2' is: '787 487 836'

13-01-2025T08:29:38 - [MESSAGE][PASSED] - Text of object 'Object Repository/Отпуск в сеть/span2' is: '787 487 836'

13-01-2025T08:29:38 - [TEST_STEP][PASSED] - a3 = getText(findTestObject("Отпуск в сеть/График1")): Text of object 'Object Repository/Отпуск в сеть/График1' is: '●● Отклонения, тыс. кВт⋅ч
тыс. кВт⋅ч
Отклонения по отпуску в сеть
11 755 34811 755 348
-557 341 466-557 341 466
2022/2023
2023/2024
-600 000 000
-500 000 000
-400 000 000
-300 000 000
-200 000 000
-100 000 000
0
100 000 000'

13-01-2025T08:29:38 - [MESSAGE][PASSED] - Text of object 'Object Repository/Отпуск в сеть/График1' is: '●● Отклонения, тыс. кВт⋅ч
тыс. кВт⋅ч
Отклонения по отпуску в сеть
11 755 34811 755 348
-557 341 466-557 341 466
2022/2023
2023/2024
-600 000 000
-500 000 000
-400 000 000
-300 000 000
-200 000 000
-100 000 000
0
100 000 000'

13-01-2025T08:29:38 - [TEST_STEP][PASSED] - a4 = getText(findTestObject("Отпуск в сеть/График2")): Text of object 'Object Repository/Отпуск в сеть/График2' is: '●● Отклонения, %
%
Отклонения по отпуску в сеть
1.521.52
-70.77-70.77
2022/2023
2023/2024
-80
-60
-40
-20
0
20'

13-01-2025T08:29:38 - [MESSAGE][PASSED] - Text of object 'Object Repository/Отпуск в сеть/График2' is: '●● Отклонения, %
%
Отклонения по отпуску в сеть
1.521.52
-70.77-70.77
2022/2023
2023/2024
-80
-60
-40
-20
0
20'

13-01-2025T08:29:38 - [TEST_STEP][PASSED] - n = n + 12: null

13-01-2025T08:29:38 - [TEST_STEP][PASSED] - Script1686231490255.WriteToExcel(user, dashboardName, n, data, run, a1, a2, a3, a4, a5, a6, a7, a8, a9): null

13-01-2025T08:29:38 - [TEST_STEP][PASSED] - sheetName = "Sheet1": null

13-01-2025T08:29:38 - [TEST_STEP][PASSED] - workbook01 = getWorkbook(excelFilePath): null

13-01-2025T08:29:38 - [TEST_STEP][PASSED] - sheet01 = getExcelSheet(workbook01, sheetName): null

13-01-2025T08:29:38 - [TEST_STEP][PASSED] - setValueToCellByIndex(sheet01, n, 0, dashboardName): null

13-01-2025T08:29:38 - [TEST_STEP][PASSED] - setValueToCellByIndex(sheet01, n, 10, user): null

13-01-2025T08:29:38 - [TEST_STEP][PASSED] - setValueToCellByIndex(sheet01, n, 1, a1): null

13-01-2025T08:29:38 - [TEST_STEP][PASSED] - setValueToCellByIndex(sheet01, n, 2, a2): null

13-01-2025T08:29:38 - [TEST_STEP][PASSED] - setValueToCellByIndex(sheet01, n, 3, a3): null

13-01-2025T08:29:38 - [TEST_STEP][PASSED] - setValueToCellByIndex(sheet01, n, 4, a4): null

13-01-2025T08:29:38 - [TEST_STEP][PASSED] - setValueToCellByIndex(sheet01, n, 5, a5): null

13-01-2025T08:29:38 - [TEST_STEP][PASSED] - setValueToCellByIndex(sheet01, n, 6, a6): null

13-01-2025T08:29:38 - [TEST_STEP][PASSED] - setValueToCellByIndex(sheet01, n, 7, a7): null

13-01-2025T08:29:38 - [TEST_STEP][PASSED] - setValueToCellByIndex(sheet01, n, 8, a8): null

13-01-2025T08:29:38 - [TEST_STEP][PASSED] - setValueToCellByIndex(sheet01, n, 9, a9): null

13-01-2025T08:29:38 - [TEST_STEP][PASSED] - n = n + 1: null

13-01-2025T08:29:38 - [TEST_STEP][PASSED] - saveWorkbook(excelFilePath, workbook01): null

13-01-2025T08:29:38 - [TEST_STEP][PASSED] - if (run == 2): null

13-01-2025T08:29:38 - [TEST_STEP][PASSED] - if (run == 3): null

13-01-2025T08:29:38 - [TEST_STEP][PASSED] - closeBrowser(): null

13-01-2025T08:29:39 - [MESSAGE][PASSED] - Browser is closed

13-01-2025T08:29:39 - [TEST_STEP][PASSED] - OtpuskVSet(user, dashboardName, n, data, run, a1, a2, a3, a4, a5, a6, a7, a8, a9, urlData): null

13-01-2025T08:29:39 - [TEST_STEP][PASSED] - n = data.getRowNumbers() + 1: null

13-01-2025T08:29:39 - [TEST_STEP][PASSED] - println(n): null

13-01-2025T08:29:39 - [TEST_STEP][PASSED] - dashboardName = "Отпуск в сеть": null

13-01-2025T08:29:39 - [TEST_STEP][PASSED] - openBrowser(""): Browser is opened with url: ''

13-01-2025T08:29:39 - [MESSAGE][INFO] - Starting 'Chrome' driver

13-01-2025T08:29:39 - [MESSAGE][INFO] - Action delay is set to 0 milliseconds

13-01-2025T08:29:40 - [MESSAGE][PASSED] - Browser is opened with url: ''

13-01-2025T08:29:40 - [TEST_STEP][PASSED] - urlData = 16: null

13-01-2025T08:29:40 - [TEST_STEP][PASSED] - Script1686231490255.CheckPageDownload(urlData, run): null

13-01-2025T08:29:40 - [TEST_STEP][PASSED] - i = 1: null

13-01-2025T08:29:40 - [TEST_STEP][PASSED] - ii = 0: null

13-01-2025T08:29:40 - [TEST_STEP][PASSED] - urlText = <not implemented yet for class: org.codehaus.groovy.ast.expr.EmptyExpression>: null

13-01-2025T08:29:40 - [TEST_STEP][PASSED] - searchWord = <not implemented yet for class: org.codehaus.groovy.ast.expr.EmptyExpression>: null

13-01-2025T08:29:40 - [TEST_STEP][PASSED] - deleteAllCookies(): Delete all cookies successfully

13-01-2025T08:29:40 - [MESSAGE][PASSED] - Delete all cookies successfully

13-01-2025T08:29:40 - [TEST_STEP][PASSED] - refresh(): Refresh successfully

13-01-2025T08:29:40 - [MESSAGE][PASSED] - Refresh successfully

13-01-2025T08:29:40 - [TEST_STEP][PASSED] - delay(70): Delayed 70 second(s)

13-01-2025T08:30:50 - [MESSAGE][PASSED] - Delayed 70 second(s)

13-01-2025T08:30:50 - [TEST_STEP][PASSED] - navigateToUrl(findTestData("PlanFact").getValue(10, urlData)): Navigate to 'https://bi.rosseti.digital/viewer?dashboardGuid=d154a8eaf6824e2b9de1bb04dd061c18&sheetGuid=33f591ea3cbf498897e314a4cd5a9f29&fit=true' successfully

13-01-2025T08:30:58 - [MESSAGE][PASSED] - Navigate to 'https://bi.rosseti.digital/viewer?dashboardGuid=d154a8eaf6824e2b9de1bb04dd061c18&sheetGuid=33f591ea3cbf498897e314a4cd5a9f29&fit=true' successfully

13-01-2025T08:30:58 - [TEST_STEP][PASSED] - pageLoaded1 = verifyElementPresent(findTestObject("Страница авторизации/Text"), 30): Object 'Object Repository/Страница авторизации/Text' is present

13-01-2025T08:30:59 - [MESSAGE][PASSED] - Object 'Object Repository/Страница авторизации/Text' is present

13-01-2025T08:30:59 - [TEST_STEP][PASSED] - if (pageLoaded1 == false): null

13-01-2025T08:30:59 - [TEST_STEP][PASSED] - urlText = getText(findTestObject("Страница авторизации/Text")): Text of object 'Object Repository/Страница авторизации/Text' is: 'Вход'

13-01-2025T08:30:59 - [MESSAGE][PASSED] - Text of object 'Object Repository/Страница авторизации/Text' is: 'Вход'

13-01-2025T08:30:59 - [TEST_STEP][PASSED] - delay(70): Delayed 70 second(s)

13-01-2025T08:32:09 - [MESSAGE][PASSED] - Delayed 70 second(s)

13-01-2025T08:32:09 - [TEST_STEP][PASSED] - searchWord = "Вход": null

13-01-2025T08:32:09 - [TEST_STEP][PASSED] - if (urlText.contains(searchWord) == false): null

13-01-2025T08:32:09 - [TEST_STEP][PASSED] - setText(findTestObject("Страница авторизации/input__username"), findTestData("PlanFact").getValue(8, run)): Text 'Andreeva-EV' is set on object 'Object Repository/Страница авторизации/input__username'

13-01-2025T08:32:10 - [MESSAGE][PASSED] - Text 'Andreeva-EV' is set on object 'Object Repository/Страница авторизации/input__username'

13-01-2025T08:32:10 - [TEST_STEP][PASSED] - setText(findTestObject("Страница авторизации/input__password"), findTestData("PlanFact").getValue(9, run)): Text '2nPePKDwCPH3ul7xMZ' is set on object 'Object Repository/Страница авторизации/input__password'

13-01-2025T08:32:11 - [MESSAGE][PASSED] - Text '2nPePKDwCPH3ul7xMZ' is set on object 'Object Repository/Страница авторизации/input__password'

13-01-2025T08:32:11 - [TEST_STEP][PASSED] - click(findTestObject("Страница авторизации/button_")): Object: 'Object Repository/Страница авторизации/button_' is clicked on

13-01-2025T08:32:11 - [MESSAGE][PASSED] - Object: 'Object Repository/Страница авторизации/button_' is clicked on

13-01-2025T08:32:11 - [TEST_STEP][PASSED] - delay(70): Delayed 70 second(s)

13-01-2025T08:33:21 - [MESSAGE][PASSED] - Delayed 70 second(s)

13-01-2025T08:33:21 - [TEST_STEP][PASSED] - searchWord = "а": null

13-01-2025T08:33:21 - [TEST_STEP][PASSED] - pageLoaded2 = verifyElementPresent(findTestObject("Страница авторизации/Text"), 50): Object 'Object Repository/Страница авторизации/Text' is present

13-01-2025T08:33:34 - [MESSAGE][PASSED] - Object 'Object Repository/Страница авторизации/Text' is present

13-01-2025T08:33:34 - [TEST_STEP][PASSED] - if (pageLoaded2 == false): null

13-01-2025T08:33:34 - [TEST_STEP][PASSED] - urlText = getText(findTestObject("Страница авторизации/Text")): Text of object 'Object Repository/Страница авторизации/Text' is: 'ДЗО 
Все
Период
Выбрано: 15
тыс. кВт⋅ч
Отпуск в сеть
Факт
2022 год
2023 год
2024 год
0
100 000
200 000
300 000
400 000
500 000
600 000
700 000
800 000
900 000
775 732 489
787 487 836
230 146 370
●● Отклонения, %
%
Отклонения по отпуску в сеть
1.521.52
-70.77-70.77
2022/2023
2023/2024
-80
-60
-40
-20
0
20
●● Отклонения, тыс. кВт⋅ч
тыс. кВт⋅ч
Отклонения по отпуску в сеть
11 755 34811 755 348
-557 341 466-557 341 466
2022/2023
2023/2024
-600 000 000
-500 000 000
-400 000 000
-300 000 000
-200 000 000
-100 000 000
0
100 000 000
Фактические данные по отпуску в сеть'

13-01-2025T08:33:34 - [MESSAGE][PASSED] - Text of object 'Object Repository/Страница авторизации/Text' is: 'ДЗО 
Все
Период
Выбрано: 15
тыс. кВт⋅ч
Отпуск в сеть
Факт
2022 год
2023 год
2024 год
0
100 000
200 000
300 000
400 000
500 000
600 000
700 000
800 000
900 000
775 732 489
787 487 836
230 146 370
●● Отклонения, %
%
Отклонения по отпуску в сеть
1.521.52
-70.77-70.77
2022/2023
2023/2024
-80
-60
-40
-20
0
20
●● Отклонения, тыс. кВт⋅ч
тыс. кВт⋅ч
Отклонения по отпуску в сеть
11 755 34811 755 348
-557 341 466-557 341 466
2022/2023
2023/2024
-600 000 000
-500 000 000
-400 000 000
-300 000 000
-200 000 000
-100 000 000
0
100 000 000
Фактические данные по отпуску в сеть'

13-01-2025T08:33:34 - [TEST_STEP][PASSED] - if (urlText.contains("ошибка") || urlText.contains(searchWord) == false): null

13-01-2025T08:33:34 - [TEST_STEP][PASSED] - a5 = "": null

13-01-2025T08:33:34 - [TEST_STEP][PASSED] - a6 = "": null

13-01-2025T08:33:34 - [TEST_STEP][PASSED] - a7 = "": null

13-01-2025T08:33:34 - [TEST_STEP][PASSED] - a8 = "": null

13-01-2025T08:33:34 - [TEST_STEP][PASSED] - a9 = "": null

13-01-2025T08:33:34 - [TEST_STEP][PASSED] - if (run == 1): null

13-01-2025T08:33:34 - [TEST_STEP][PASSED] - if (run == 2): null

13-01-2025T08:33:34 - [TEST_STEP][PASSED] - user = "Андреева": null

13-01-2025T08:33:34 - [TEST_STEP][PASSED] - a1 = getText(findTestObject("Отпуск в сеть/span1")): Text of object 'Object Repository/Отпуск в сеть/span1' is: '775 732 489'

13-01-2025T08:33:34 - [MESSAGE][PASSED] - Text of object 'Object Repository/Отпуск в сеть/span1' is: '775 732 489'

13-01-2025T08:33:34 - [TEST_STEP][PASSED] - a2 = getText(findTestObject("Отпуск в сеть/span2")): Text of object 'Object Repository/Отпуск в сеть/span2' is: '787 487 836'

13-01-2025T08:33:35 - [MESSAGE][PASSED] - Text of object 'Object Repository/Отпуск в сеть/span2' is: '787 487 836'

13-01-2025T08:33:35 - [TEST_STEP][PASSED] - a3 = getText(findTestObject("Отпуск в сеть/График1")): Text of object 'Object Repository/Отпуск в сеть/График1' is: '●● Отклонения, тыс. кВт⋅ч
тыс. кВт⋅ч
Отклонения по отпуску в сеть
11 755 34811 755 348
-557 341 466-557 341 466
2022/2023
2023/2024
-600 000 000
-500 000 000
-400 000 000
-300 000 000
-200 000 000
-100 000 000
0
100 000 000'

13-01-2025T08:33:35 - [MESSAGE][PASSED] - Text of object 'Object Repository/Отпуск в сеть/График1' is: '●● Отклонения, тыс. кВт⋅ч
тыс. кВт⋅ч
Отклонения по отпуску в сеть
11 755 34811 755 348
-557 341 466-557 341 466
2022/2023
2023/2024
-600 000 000
-500 000 000
-400 000 000
-300 000 000
-200 000 000
-100 000 000
0
100 000 000'

13-01-2025T08:33:35 - [TEST_STEP][PASSED] - a4 = getText(findTestObject("Отпуск в сеть/График2")): Text of object 'Object Repository/Отпуск в сеть/График2' is: '●● Отклонения, %
%
Отклонения по отпуску в сеть
1.521.52
-70.77-70.77
2022/2023
2023/2024
-80
-60
-40
-20
0
20'

13-01-2025T08:33:35 - [MESSAGE][PASSED] - Text of object 'Object Repository/Отпуск в сеть/График2' is: '●● Отклонения, %
%
Отклонения по отпуску в сеть
1.521.52
-70.77-70.77
2022/2023
2023/2024
-80
-60
-40
-20
0
20'

13-01-2025T08:33:35 - [TEST_STEP][PASSED] - n = n + 13: null

13-01-2025T08:33:35 - [TEST_STEP][PASSED] - b = n - run + 1: null

13-01-2025T08:33:35 - [TEST_STEP][PASSED] - verifyEqual(findTestData("PlanFact").getValue(2, b), a1): Actual object '775 732 489' and expected object '775 732 489' are equal

13-01-2025T08:33:35 - [MESSAGE][PASSED] - Actual object '775 732 489' and expected object '775 732 489' are equal

13-01-2025T08:33:35 - [TEST_STEP][PASSED] - verifyEqual(findTestData("PlanFact").getValue(3, b), a2): Actual object '787 487 836' and expected object '787 487 836' are equal

13-01-2025T08:33:35 - [MESSAGE][PASSED] - Actual object '787 487 836' and expected object '787 487 836' are equal

13-01-2025T08:33:35 - [TEST_STEP][PASSED] - verifyEqual(findTestData("PlanFact").getValue(4, b), a3): Actual object '●● Отклонения, тыс. кВт⋅ч
тыс. кВт⋅ч
Отклонения по отпуску в сеть
11 755 34811 755 348
-557 341 466-557 341 466
2022/2023
2023/2024
-600 000 000
-500 000 000
-400 000 000
-300 000 000
-200 000 000
-100 000 000
0
100 000 000' and expected object '●● Отклонения, тыс. кВт⋅ч
тыс. кВт⋅ч
Отклонения по отпуску в сеть
11 755 34811 755 348
-557 341 466-557 341 466
2022/2023
2023/2024
-600 000 000
-500 000 000
-400 000 000
-300 000 000
-200 000 000
-100 000 000
0
100 000 000' are equal

13-01-2025T08:33:35 - [MESSAGE][PASSED] - Actual object '●● Отклонения, тыс. кВт⋅ч
тыс. кВт⋅ч
Отклонения по отпуску в сеть
11 755 34811 755 348
-557 341 466-557 341 466
2022/2023
2023/2024
-600 000 000
-500 000 000
-400 000 000
-300 000 000
-200 000 000
-100 000 000
0
100 000 000' and expected object '●● Отклонения, тыс. кВт⋅ч
тыс. кВт⋅ч
Отклонения по отпуску в сеть
11 755 34811 755 348
-557 341 466-557 341 466
2022/2023
2023/2024
-600 000 000
-500 000 000
-400 000 000
-300 000 000
-200 000 000
-100 000 000
0
100 000 000' are equal

13-01-2025T08:33:35 - [TEST_STEP][PASSED] - verifyEqual(findTestData("PlanFact").getValue(5, b), a4): Actual object '●● Отклонения, %
%
Отклонения по отпуску в сеть
1.521.52
-70.77-70.77
2022/2023
2023/2024
-80
-60
-40
-20
0
20' and expected object '●● Отклонения, %
%
Отклонения по отпуску в сеть
1.521.52
-70.77-70.77
2022/2023
2023/2024
-80
-60
-40
-20
0
20' are equal

13-01-2025T08:33:36 - [MESSAGE][PASSED] - Actual object '●● Отклонения, %
%
Отклонения по отпуску в сеть
1.521.52
-70.77-70.77
2022/2023
2023/2024
-80
-60
-40
-20
0
20' and expected object '●● Отклонения, %
%
Отклонения по отпуску в сеть
1.521.52
-70.77-70.77
2022/2023
2023/2024
-80
-60
-40
-20
0
20' are equal

13-01-2025T08:33:36 - [TEST_STEP][PASSED] - Script1686231490255.WriteToExcel(user, dashboardName, n, data, run, a1, a2, a3, a4, a5, a6, a7, a8, a9): null

13-01-2025T08:33:36 - [TEST_STEP][PASSED] - sheetName = "Sheet1": null

13-01-2025T08:33:36 - [TEST_STEP][PASSED] - workbook01 = getWorkbook(excelFilePath): null

13-01-2025T08:33:36 - [TEST_STEP][PASSED] - sheet01 = getExcelSheet(workbook01, sheetName): null

13-01-2025T08:33:36 - [TEST_STEP][PASSED] - setValueToCellByIndex(sheet01, n, 0, dashboardName): null

13-01-2025T08:33:36 - [TEST_STEP][PASSED] - setValueToCellByIndex(sheet01, n, 10, user): null

13-01-2025T08:33:36 - [TEST_STEP][PASSED] - setValueToCellByIndex(sheet01, n, 1, a1): null

13-01-2025T08:33:36 - [TEST_STEP][PASSED] - setValueToCellByIndex(sheet01, n, 2, a2): null

13-01-2025T08:33:36 - [TEST_STEP][PASSED] - setValueToCellByIndex(sheet01, n, 3, a3): null

13-01-2025T08:33:36 - [TEST_STEP][PASSED] - setValueToCellByIndex(sheet01, n, 4, a4): null

13-01-2025T08:33:36 - [TEST_STEP][PASSED] - setValueToCellByIndex(sheet01, n, 5, a5): null

13-01-2025T08:33:36 - [TEST_STEP][PASSED] - setValueToCellByIndex(sheet01, n, 6, a6): null

13-01-2025T08:33:36 - [TEST_STEP][PASSED] - setValueToCellByIndex(sheet01, n, 7, a7): null

13-01-2025T08:33:36 - [TEST_STEP][PASSED] - setValueToCellByIndex(sheet01, n, 8, a8): null

13-01-2025T08:33:36 - [TEST_STEP][PASSED] - setValueToCellByIndex(sheet01, n, 9, a9): null

13-01-2025T08:33:36 - [TEST_STEP][PASSED] - n = n + 1: null

13-01-2025T08:33:36 - [TEST_STEP][PASSED] - saveWorkbook(excelFilePath, workbook01): null

13-01-2025T08:33:36 - [TEST_STEP][PASSED] - if (run == 3): null

13-01-2025T08:33:36 - [TEST_STEP][PASSED] - closeBrowser(): null

13-01-2025T08:33:36 - [MESSAGE][PASSED] - Browser is closed

13-01-2025T08:33:36 - [TEST_STEP][PASSED] - OtpuskVSet(user, dashboardName, n, data, run, a1, a2, a3, a4, a5, a6, a7, a8, a9, urlData): null

13-01-2025T08:33:36 - [TEST_STEP][PASSED] - n = data.getRowNumbers() + 1: null

13-01-2025T08:33:36 - [TEST_STEP][PASSED] - println(n): null

13-01-2025T08:33:36 - [TEST_STEP][PASSED] - dashboardName = "Отпуск в сеть": null

13-01-2025T08:33:36 - [TEST_STEP][PASSED] - openBrowser(""): Browser is opened with url: ''

13-01-2025T08:33:36 - [MESSAGE][INFO] - Starting 'Chrome' driver

13-01-2025T08:33:36 - [MESSAGE][INFO] - Action delay is set to 0 milliseconds

13-01-2025T08:33:37 - [MESSAGE][PASSED] - Browser is opened with url: ''

13-01-2025T08:33:37 - [TEST_STEP][PASSED] - urlData = 16: null

13-01-2025T08:33:37 - [TEST_STEP][PASSED] - Script1686231490255.CheckPageDownload(urlData, run): null

13-01-2025T08:33:37 - [TEST_STEP][PASSED] - i = 1: null

13-01-2025T08:33:37 - [TEST_STEP][PASSED] - ii = 0: null

13-01-2025T08:33:37 - [TEST_STEP][PASSED] - urlText = <not implemented yet for class: org.codehaus.groovy.ast.expr.EmptyExpression>: null

13-01-2025T08:33:37 - [TEST_STEP][PASSED] - searchWord = <not implemented yet for class: org.codehaus.groovy.ast.expr.EmptyExpression>: null

13-01-2025T08:33:37 - [TEST_STEP][PASSED] - deleteAllCookies(): Delete all cookies successfully

13-01-2025T08:33:37 - [MESSAGE][PASSED] - Delete all cookies successfully

13-01-2025T08:33:37 - [TEST_STEP][PASSED] - refresh(): Refresh successfully

13-01-2025T08:33:37 - [MESSAGE][PASSED] - Refresh successfully

13-01-2025T08:33:37 - [TEST_STEP][PASSED] - delay(70): Delayed 70 second(s)

13-01-2025T08:34:47 - [MESSAGE][PASSED] - Delayed 70 second(s)

13-01-2025T08:34:47 - [TEST_STEP][PASSED] - navigateToUrl(findTestData("PlanFact").getValue(10, urlData)): Navigate to 'https://bi.rosseti.digital/viewer?dashboardGuid=d154a8eaf6824e2b9de1bb04dd061c18&sheetGuid=33f591ea3cbf498897e314a4cd5a9f29&fit=true' successfully

13-01-2025T08:34:52 - [MESSAGE][PASSED] - Navigate to 'https://bi.rosseti.digital/viewer?dashboardGuid=d154a8eaf6824e2b9de1bb04dd061c18&sheetGuid=33f591ea3cbf498897e314a4cd5a9f29&fit=true' successfully

13-01-2025T08:34:52 - [TEST_STEP][PASSED] - pageLoaded1 = verifyElementPresent(findTestObject("Страница авторизации/Text"), 30): Object 'Object Repository/Страница авторизации/Text' is present

13-01-2025T08:34:54 - [MESSAGE][PASSED] - Object 'Object Repository/Страница авторизации/Text' is present

13-01-2025T08:34:54 - [TEST_STEP][PASSED] - if (pageLoaded1 == false): null

13-01-2025T08:34:54 - [TEST_STEP][PASSED] - urlText = getText(findTestObject("Страница авторизации/Text")): Text of object 'Object Repository/Страница авторизации/Text' is: 'Вход'

13-01-2025T08:34:54 - [MESSAGE][PASSED] - Text of object 'Object Repository/Страница авторизации/Text' is: 'Вход'

13-01-2025T08:34:54 - [TEST_STEP][PASSED] - delay(70): Delayed 70 second(s)

13-01-2025T08:36:04 - [MESSAGE][PASSED] - Delayed 70 second(s)

13-01-2025T08:36:04 - [TEST_STEP][PASSED] - searchWord = "Вход": null

13-01-2025T08:36:04 - [TEST_STEP][PASSED] - if (urlText.contains(searchWord) == false): null

13-01-2025T08:36:04 - [TEST_STEP][PASSED] - setText(findTestObject("Страница авторизации/input__username"), findTestData("PlanFact").getValue(8, run)): Text 'Petrova-OV' is set on object 'Object Repository/Страница авторизации/input__username'

13-01-2025T08:36:05 - [MESSAGE][PASSED] - Text 'Petrova-OV' is set on object 'Object Repository/Страница авторизации/input__username'

13-01-2025T08:36:05 - [TEST_STEP][PASSED] - setText(findTestObject("Страница авторизации/input__password"), findTestData("PlanFact").getValue(9, run)): Text '4Ex@~R53r&3x&BVe7' is set on object 'Object Repository/Страница авторизации/input__password'

13-01-2025T08:36:05 - [MESSAGE][PASSED] - Text '4Ex@~R53r&3x&BVe7' is set on object 'Object Repository/Страница авторизации/input__password'

13-01-2025T08:36:05 - [TEST_STEP][PASSED] - click(findTestObject("Страница авторизации/button_")): Object: 'Object Repository/Страница авторизации/button_' is clicked on

13-01-2025T08:36:07 - [MESSAGE][PASSED] - Object: 'Object Repository/Страница авторизации/button_' is clicked on

13-01-2025T08:36:07 - [TEST_STEP][PASSED] - delay(70): Delayed 70 second(s)

13-01-2025T08:37:17 - [MESSAGE][PASSED] - Delayed 70 second(s)

13-01-2025T08:37:17 - [TEST_STEP][PASSED] - searchWord = "а": null

13-01-2025T08:37:17 - [TEST_STEP][PASSED] - pageLoaded2 = verifyElementPresent(findTestObject("Страница авторизации/Text"), 50): Object 'Object Repository/Страница авторизации/Text' is present

13-01-2025T08:37:17 - [MESSAGE][PASSED] - Object 'Object Repository/Страница авторизации/Text' is present

13-01-2025T08:37:17 - [TEST_STEP][PASSED] - if (pageLoaded2 == false): null

13-01-2025T08:37:17 - [TEST_STEP][PASSED] - urlText = getText(findTestObject("Страница авторизации/Text")): Text of object 'Object Repository/Страница авторизации/Text' is: 'ДЗО 
Все
Период
Выбрано: 15
тыс. кВт⋅ч
Отпуск в сеть
Факт
2022 год
2023 год
2024 год
0
100 000
200 000
300 000
400 000
500 000
600 000
700 000
800 000
900 000
775 732 489
787 487 836
230 146 370
●● Отклонения, %
%
Отклонения по отпуску в сеть
1.521.52
-70.77-70.77
2022/2023
2023/2024
-80
-60
-40
-20
0
20
●● Отклонения, тыс. кВт⋅ч
тыс. кВт⋅ч
Отклонения по отпуску в сеть
11 755 34811 755 348
-557 341 466-557 341 466
2022/2023
2023/2024
-600 000 000
-500 000 000
-400 000 000
-300 000 000
-200 000 000
-100 000 000
0
100 000 000
Фактические данные по отпуску в сеть'

13-01-2025T08:37:18 - [MESSAGE][PASSED] - Text of object 'Object Repository/Страница авторизации/Text' is: 'ДЗО 
Все
Период
Выбрано: 15
тыс. кВт⋅ч
Отпуск в сеть
Факт
2022 год
2023 год
2024 год
0
100 000
200 000
300 000
400 000
500 000
600 000
700 000
800 000
900 000
775 732 489
787 487 836
230 146 370
●● Отклонения, %
%
Отклонения по отпуску в сеть
1.521.52
-70.77-70.77
2022/2023
2023/2024
-80
-60
-40
-20
0
20
●● Отклонения, тыс. кВт⋅ч
тыс. кВт⋅ч
Отклонения по отпуску в сеть
11 755 34811 755 348
-557 341 466-557 341 466
2022/2023
2023/2024
-600 000 000
-500 000 000
-400 000 000
-300 000 000
-200 000 000
-100 000 000
0
100 000 000
Фактические данные по отпуску в сеть'

13-01-2025T08:37:18 - [TEST_STEP][PASSED] - if (urlText.contains("ошибка") || urlText.contains(searchWord) == false): null

13-01-2025T08:37:18 - [TEST_STEP][PASSED] - a5 = "": null

13-01-2025T08:37:18 - [TEST_STEP][PASSED] - a6 = "": null

13-01-2025T08:37:18 - [TEST_STEP][PASSED] - a7 = "": null

13-01-2025T08:37:18 - [TEST_STEP][PASSED] - a8 = "": null

13-01-2025T08:37:18 - [TEST_STEP][PASSED] - a9 = "": null

13-01-2025T08:37:18 - [TEST_STEP][PASSED] - if (run == 1): null

13-01-2025T08:37:18 - [TEST_STEP][PASSED] - if (run == 2): null

13-01-2025T08:37:18 - [TEST_STEP][PASSED] - if (run == 3): null

13-01-2025T08:37:18 - [TEST_STEP][PASSED] - user = "Попова": null

13-01-2025T08:37:18 - [TEST_STEP][PASSED] - a1 = getText(findTestObject("Отпуск в сеть/span1")): Text of object 'Object Repository/Отпуск в сеть/span1' is: '775 732 489'

13-01-2025T08:37:18 - [MESSAGE][PASSED] - Text of object 'Object Repository/Отпуск в сеть/span1' is: '775 732 489'

13-01-2025T08:37:18 - [TEST_STEP][PASSED] - a2 = getText(findTestObject("Отпуск в сеть/span2")): Text of object 'Object Repository/Отпуск в сеть/span2' is: '787 487 836'

13-01-2025T08:37:18 - [MESSAGE][PASSED] - Text of object 'Object Repository/Отпуск в сеть/span2' is: '787 487 836'

13-01-2025T08:37:18 - [TEST_STEP][PASSED] - a3 = getText(findTestObject("Отпуск в сеть/График1")): Text of object 'Object Repository/Отпуск в сеть/График1' is: '●● Отклонения, тыс. кВт⋅ч
тыс. кВт⋅ч
Отклонения по отпуску в сеть
11 755 34811 755 348
-557 341 466-557 341 466
2022/2023
2023/2024
-600 000 000
-500 000 000
-400 000 000
-300 000 000
-200 000 000
-100 000 000
0
100 000 000'

13-01-2025T08:37:18 - [MESSAGE][PASSED] - Text of object 'Object Repository/Отпуск в сеть/График1' is: '●● Отклонения, тыс. кВт⋅ч
тыс. кВт⋅ч
Отклонения по отпуску в сеть
11 755 34811 755 348
-557 341 466-557 341 466
2022/2023
2023/2024
-600 000 000
-500 000 000
-400 000 000
-300 000 000
-200 000 000
-100 000 000
0
100 000 000'

13-01-2025T08:37:18 - [TEST_STEP][PASSED] - a4 = getText(findTestObject("Отпуск в сеть/График2")): Text of object 'Object Repository/Отпуск в сеть/График2' is: '●● Отклонения, %
%
Отклонения по отпуску в сеть
1.521.52
-70.77-70.77
2022/2023
2023/2024
-80
-60
-40
-20
0
20'

13-01-2025T08:37:19 - [MESSAGE][PASSED] - Text of object 'Object Repository/Отпуск в сеть/График2' is: '●● Отклонения, %
%
Отклонения по отпуску в сеть
1.521.52
-70.77-70.77
2022/2023
2023/2024
-80
-60
-40
-20
0
20'

13-01-2025T08:37:19 - [TEST_STEP][PASSED] - n = n + 14: null

13-01-2025T08:37:19 - [TEST_STEP][PASSED] - b = n - run + 1: null

13-01-2025T08:37:19 - [TEST_STEP][PASSED] - verifyEqual(findTestData("PlanFact").getValue(2, b), a1): Actual object '775 732 489' and expected object '775 732 489' are equal

13-01-2025T08:37:19 - [MESSAGE][PASSED] - Actual object '775 732 489' and expected object '775 732 489' are equal

13-01-2025T08:37:19 - [TEST_STEP][PASSED] - verifyEqual(findTestData("PlanFact").getValue(3, b), a2): Actual object '787 487 836' and expected object '787 487 836' are equal

13-01-2025T08:37:19 - [MESSAGE][PASSED] - Actual object '787 487 836' and expected object '787 487 836' are equal

13-01-2025T08:37:19 - [TEST_STEP][PASSED] - verifyEqual(findTestData("PlanFact").getValue(4, b), a3): Actual object '●● Отклонения, тыс. кВт⋅ч
тыс. кВт⋅ч
Отклонения по отпуску в сеть
11 755 34811 755 348
-557 341 466-557 341 466
2022/2023
2023/2024
-600 000 000
-500 000 000
-400 000 000
-300 000 000
-200 000 000
-100 000 000
0
100 000 000' and expected object '●● Отклонения, тыс. кВт⋅ч
тыс. кВт⋅ч
Отклонения по отпуску в сеть
11 755 34811 755 348
-557 341 466-557 341 466
2022/2023
2023/2024
-600 000 000
-500 000 000
-400 000 000
-300 000 000
-200 000 000
-100 000 000
0
100 000 000' are equal

13-01-2025T08:37:19 - [MESSAGE][PASSED] - Actual object '●● Отклонения, тыс. кВт⋅ч
тыс. кВт⋅ч
Отклонения по отпуску в сеть
11 755 34811 755 348
-557 341 466-557 341 466
2022/2023
2023/2024
-600 000 000
-500 000 000
-400 000 000
-300 000 000
-200 000 000
-100 000 000
0
100 000 000' and expected object '●● Отклонения, тыс. кВт⋅ч
тыс. кВт⋅ч
Отклонения по отпуску в сеть
11 755 34811 755 348
-557 341 466-557 341 466
2022/2023
2023/2024
-600 000 000
-500 000 000
-400 000 000
-300 000 000
-200 000 000
-100 000 000
0
100 000 000' are equal

13-01-2025T08:37:19 - [TEST_STEP][PASSED] - verifyEqual(findTestData("PlanFact").getValue(5, b), a4): Actual object '●● Отклонения, %
%
Отклонения по отпуску в сеть
1.521.52
-70.77-70.77
2022/2023
2023/2024
-80
-60
-40
-20
0
20' and expected object '●● Отклонения, %
%
Отклонения по отпуску в сеть
1.521.52
-70.77-70.77
2022/2023
2023/2024
-80
-60
-40
-20
0
20' are equal

13-01-2025T08:37:19 - [MESSAGE][PASSED] - Actual object '●● Отклонения, %
%
Отклонения по отпуску в сеть
1.521.52
-70.77-70.77
2022/2023
2023/2024
-80
-60
-40
-20
0
20' and expected object '●● Отклонения, %
%
Отклонения по отпуску в сеть
1.521.52
-70.77-70.77
2022/2023
2023/2024
-80
-60
-40
-20
0
20' are equal

13-01-2025T08:37:19 - [TEST_STEP][PASSED] - Script1686231490255.WriteToExcel(user, dashboardName, n, data, run, a1, a2, a3, a4, a5, a6, a7, a8, a9): null

13-01-2025T08:37:19 - [TEST_STEP][PASSED] - sheetName = "Sheet1": null

13-01-2025T08:37:19 - [TEST_STEP][PASSED] - workbook01 = getWorkbook(excelFilePath): null

13-01-2025T08:37:19 - [TEST_STEP][PASSED] - sheet01 = getExcelSheet(workbook01, sheetName): null

13-01-2025T08:37:19 - [TEST_STEP][PASSED] - setValueToCellByIndex(sheet01, n, 0, dashboardName): null

13-01-2025T08:37:19 - [TEST_STEP][PASSED] - setValueToCellByIndex(sheet01, n, 10, user): null

13-01-2025T08:37:19 - [TEST_STEP][PASSED] - setValueToCellByIndex(sheet01, n, 1, a1): null

13-01-2025T08:37:19 - [TEST_STEP][PASSED] - setValueToCellByIndex(sheet01, n, 2, a2): null

13-01-2025T08:37:19 - [TEST_STEP][PASSED] - setValueToCellByIndex(sheet01, n, 3, a3): null

13-01-2025T08:37:19 - [TEST_STEP][PASSED] - setValueToCellByIndex(sheet01, n, 4, a4): null

13-01-2025T08:37:19 - [TEST_STEP][PASSED] - setValueToCellByIndex(sheet01, n, 5, a5): null

13-01-2025T08:37:19 - [TEST_STEP][PASSED] - setValueToCellByIndex(sheet01, n, 6, a6): null

13-01-2025T08:37:19 - [TEST_STEP][PASSED] - setValueToCellByIndex(sheet01, n, 7, a7): null

13-01-2025T08:37:19 - [TEST_STEP][PASSED] - setValueToCellByIndex(sheet01, n, 8, a8): null

13-01-2025T08:37:19 - [TEST_STEP][PASSED] - setValueToCellByIndex(sheet01, n, 9, a9): null

13-01-2025T08:37:19 - [TEST_STEP][PASSED] - n = n + 1: null

13-01-2025T08:37:19 - [TEST_STEP][PASSED] - saveWorkbook(excelFilePath, workbook01): null

13-01-2025T08:37:19 - [TEST_STEP][PASSED] - closeBrowser(): Browser is closed

13-01-2025T08:37:20 - [MESSAGE][PASSED] - Browser is closed

13-01-2025T08:37:20 - [TEST_STEP][PASSED] - delay(70): Delayed 70 second(s)

13-01-2025T08:38:30 - [MESSAGE][PASSED] - Delayed 70 second(s)

13-01-2025T08:38:30 - [TEST_STEP][PASSED] - for ([run = 1, run < 4, (run++)]): null

13-01-2025T08:38:30 - [TEST_STEP][PASSED] - KotlovoyPolezniyOtpusk(user, dashboardName, n, data, run, a1, a2, a3, a4, a5, a6, a7, a8, a9, urlData): null

13-01-2025T08:38:30 - [TEST_STEP][PASSED] - n = data.getRowNumbers() + 1: null

13-01-2025T08:38:30 - [TEST_STEP][PASSED] - println(n): null

13-01-2025T08:38:30 - [TEST_STEP][PASSED] - dashboardName = "Котловой полезный отпуск": null

13-01-2025T08:38:30 - [TEST_STEP][PASSED] - openBrowser(""): Browser is opened with url: ''

13-01-2025T08:38:30 - [MESSAGE][INFO] - Starting 'Chrome' driver

13-01-2025T08:38:30 - [MESSAGE][INFO] - Action delay is set to 0 milliseconds

13-01-2025T08:38:30 - [MESSAGE][PASSED] - Browser is opened with url: ''

13-01-2025T08:38:30 - [TEST_STEP][PASSED] - urlData = 18: null

13-01-2025T08:38:30 - [TEST_STEP][PASSED] - Script1686231490255.CheckPageDownload(urlData, run): null

13-01-2025T08:38:30 - [TEST_STEP][PASSED] - i = 1: null

13-01-2025T08:38:30 - [TEST_STEP][PASSED] - ii = 0: null

13-01-2025T08:38:30 - [TEST_STEP][PASSED] - urlText = <not implemented yet for class: org.codehaus.groovy.ast.expr.EmptyExpression>: null

13-01-2025T08:38:30 - [TEST_STEP][PASSED] - searchWord = <not implemented yet for class: org.codehaus.groovy.ast.expr.EmptyExpression>: null

13-01-2025T08:38:30 - [TEST_STEP][PASSED] - deleteAllCookies(): Delete all cookies successfully

13-01-2025T08:38:30 - [MESSAGE][PASSED] - Delete all cookies successfully

13-01-2025T08:38:30 - [TEST_STEP][PASSED] - refresh(): Refresh successfully

13-01-2025T08:38:31 - [MESSAGE][PASSED] - Refresh successfully

13-01-2025T08:38:31 - [TEST_STEP][PASSED] - delay(70): Delayed 70 second(s)

13-01-2025T08:39:41 - [MESSAGE][PASSED] - Delayed 70 second(s)

13-01-2025T08:39:41 - [TEST_STEP][PASSED] - navigateToUrl(findTestData("PlanFact").getValue(10, urlData)): Navigate to 'https://bi.rosseti.digital/viewer?dashboardGuid=2301950b23be4ed89c1df75f2020051e&sheetGuid=9de09c51f7e14f6a9e9103985ef32ea6&fit=true' successfully

13-01-2025T08:39:49 - [MESSAGE][PASSED] - Navigate to 'https://bi.rosseti.digital/viewer?dashboardGuid=2301950b23be4ed89c1df75f2020051e&sheetGuid=9de09c51f7e14f6a9e9103985ef32ea6&fit=true' successfully

13-01-2025T08:39:49 - [TEST_STEP][PASSED] - pageLoaded1 = verifyElementPresent(findTestObject("Страница авторизации/Text"), 30): Object 'Object Repository/Страница авторизации/Text' is present

13-01-2025T08:39:49 - [MESSAGE][PASSED] - Object 'Object Repository/Страница авторизации/Text' is present

13-01-2025T08:39:49 - [TEST_STEP][PASSED] - if (pageLoaded1 == false): null

13-01-2025T08:39:49 - [TEST_STEP][PASSED] - urlText = getText(findTestObject("Страница авторизации/Text")): Text of object 'Object Repository/Страница авторизации/Text' is: 'Вход'

13-01-2025T08:39:49 - [MESSAGE][PASSED] - Text of object 'Object Repository/Страница авторизации/Text' is: 'Вход'

13-01-2025T08:39:49 - [TEST_STEP][PASSED] - delay(70): Delayed 70 second(s)

13-01-2025T08:40:59 - [MESSAGE][PASSED] - Delayed 70 second(s)

13-01-2025T08:40:59 - [TEST_STEP][PASSED] - searchWord = "Вход": null

13-01-2025T08:40:59 - [TEST_STEP][PASSED] - if (urlText.contains(searchWord) == false): null

13-01-2025T08:40:59 - [TEST_STEP][PASSED] - setText(findTestObject("Страница авторизации/input__username"), findTestData("PlanFact").getValue(8, run)): Text 'liazgina-di' is set on object 'Object Repository/Страница авторизации/input__username'

13-01-2025T08:41:00 - [MESSAGE][PASSED] - Text 'liazgina-di' is set on object 'Object Repository/Страница авторизации/input__username'

13-01-2025T08:41:00 - [TEST_STEP][PASSED] - setText(findTestObject("Страница авторизации/input__password"), findTestData("PlanFact").getValue(9, run)): Text ')$%5srZ8o688Dm#q' is set on object 'Object Repository/Страница авторизации/input__password'

13-01-2025T08:41:01 - [MESSAGE][PASSED] - Text ')$%5srZ8o688Dm#q' is set on object 'Object Repository/Страница авторизации/input__password'

13-01-2025T08:41:01 - [TEST_STEP][PASSED] - click(findTestObject("Страница авторизации/button_")): Object: 'Object Repository/Страница авторизации/button_' is clicked on

13-01-2025T08:41:02 - [MESSAGE][PASSED] - Object: 'Object Repository/Страница авторизации/button_' is clicked on

13-01-2025T08:41:02 - [TEST_STEP][PASSED] - delay(70): Delayed 70 second(s)

13-01-2025T08:42:12 - [MESSAGE][PASSED] - Delayed 70 second(s)

13-01-2025T08:42:12 - [TEST_STEP][PASSED] - searchWord = "а": null

13-01-2025T08:42:12 - [TEST_STEP][PASSED] - pageLoaded2 = verifyElementPresent(findTestObject("Страница авторизации/Text"), 50): Object 'Object Repository/Страница авторизации/Text' is present

13-01-2025T08:42:12 - [MESSAGE][PASSED] - Object 'Object Repository/Страница авторизации/Text' is present

13-01-2025T08:42:12 - [TEST_STEP][PASSED] - if (pageLoaded2 == false): null

13-01-2025T08:42:12 - [TEST_STEP][PASSED] - urlText = getText(findTestObject("Страница авторизации/Text")): Text of object 'Object Repository/Страница авторизации/Text' is: 'Период
1, 2, 3 кв., Октябрь, Ноябрь 2024 года
Выручка
Все
ДЗО 
ПАО Россети
Внутренний оборот – выручка за услуги по передаче электрической энергии, входящая в стоимость электроэнергии (продажа) при выполнении ДЗО функций гарантирующего поставщика
Подписи данных
Отклонение котлового полезного отпуска ПАО Россети за 1, 2, 3 кв., Октябрь, Ноябрь 2024 года (факт/план, млн. кВтч)
ПАО Россети
11 015 млн.кВтч.
млн.
%
Котловой полезный отпуск
Выполнение плановых показателей по ПАО Россети за 1, 2, 3 кв., Октябрь, Ноябрь 2024 года
План
Факт
Динамика
2024 год
0 млн.кВтч.
50 000 млн.кВтч.
100 000 млн.кВтч.
150 000 млн.кВтч.
200 000 млн.кВтч.
250 000 млн.кВтч.
300 000 млн.кВтч.
350 000 млн.кВтч.
400 000 млн.кВтч.
450 000 млн.кВтч.
500 000 млн.кВтч.
550 000 млн.кВтч.
600 000 млн.кВтч.
478 830
491 154
↑
⬤Отклонение
АО «Тываэнерго»
АО «Чеченэнерго»
Россети Волга
Россети Кубань
Россети Ленэнерго (ГК)
Россети Московский регион
Россети Северный Кавказ (ГК)
Россети Северо-Запад
Россети Сибирь (ГК)
Россети Томск
Россети Тюмень
Россети Урал (ГК)
Россети ФСК ЕЭС
Россети Центр
Россети Центр и Приволжье (ГК)
Россети Юг (ГК)
Россети Янтарь
-3 000 млн.кВтч.
-2 000 млн.кВтч.
-1 000 млн.кВтч.
0 млн.кВтч.
1 000 млн.кВтч.
2 000 млн.кВтч.
3 000 млн.кВтч.
4 000 млн.кВтч.
-4 000 млн.кВтч.
5 000 млн.кВтч.
150
37
1 305
1 194
1 316
3 773
144
395
970
179
-2 845
1 488
-1 308
1 468
1 785
793
171'

13-01-2025T08:42:13 - [MESSAGE][PASSED] - Text of object 'Object Repository/Страница авторизации/Text' is: 'Период
1, 2, 3 кв., Октябрь, Ноябрь 2024 года
Выручка
Все
ДЗО 
ПАО Россети
Внутренний оборот – выручка за услуги по передаче электрической энергии, входящая в стоимость электроэнергии (продажа) при выполнении ДЗО функций гарантирующего поставщика
Подписи данных
Отклонение котлового полезного отпуска ПАО Россети за 1, 2, 3 кв., Октябрь, Ноябрь 2024 года (факт/план, млн. кВтч)
ПАО Россети
11 015 млн.кВтч.
млн.
%
Котловой полезный отпуск
Выполнение плановых показателей по ПАО Россети за 1, 2, 3 кв., Октябрь, Ноябрь 2024 года
План
Факт
Динамика
2024 год
0 млн.кВтч.
50 000 млн.кВтч.
100 000 млн.кВтч.
150 000 млн.кВтч.
200 000 млн.кВтч.
250 000 млн.кВтч.
300 000 млн.кВтч.
350 000 млн.кВтч.
400 000 млн.кВтч.
450 000 млн.кВтч.
500 000 млн.кВтч.
550 000 млн.кВтч.
600 000 млн.кВтч.
478 830
491 154
↑
⬤Отклонение
АО «Тываэнерго»
АО «Чеченэнерго»
Россети Волга
Россети Кубань
Россети Ленэнерго (ГК)
Россети Московский регион
Россети Северный Кавказ (ГК)
Россети Северо-Запад
Россети Сибирь (ГК)
Россети Томск
Россети Тюмень
Россети Урал (ГК)
Россети ФСК ЕЭС
Россети Центр
Россети Центр и Приволжье (ГК)
Россети Юг (ГК)
Россети Янтарь
-3 000 млн.кВтч.
-2 000 млн.кВтч.
-1 000 млн.кВтч.
0 млн.кВтч.
1 000 млн.кВтч.
2 000 млн.кВтч.
3 000 млн.кВтч.
4 000 млн.кВтч.
-4 000 млн.кВтч.
5 000 млн.кВтч.
150
37
1 305
1 194
1 316
3 773
144
395
970
179
-2 845
1 488
-1 308
1 468
1 785
793
171'

13-01-2025T08:42:13 - [TEST_STEP][PASSED] - if (urlText.contains("ошибка") || urlText.contains(searchWord) == false): null

13-01-2025T08:42:13 - [TEST_STEP][PASSED] - a2 = "": null

13-01-2025T08:42:13 - [TEST_STEP][PASSED] - a3 = "": null

13-01-2025T08:42:13 - [TEST_STEP][PASSED] - a4 = "": null

13-01-2025T08:42:13 - [TEST_STEP][PASSED] - a5 = "": null

13-01-2025T08:42:13 - [TEST_STEP][PASSED] - a6 = "": null

13-01-2025T08:42:13 - [TEST_STEP][PASSED] - a7 = "": null

13-01-2025T08:42:13 - [TEST_STEP][PASSED] - a8 = "": null

13-01-2025T08:42:13 - [TEST_STEP][PASSED] - a9 = "": null

13-01-2025T08:42:13 - [TEST_STEP][PASSED] - if (run == 1): null

13-01-2025T08:42:13 - [TEST_STEP][PASSED] - user = "админ": null

13-01-2025T08:42:13 - [TEST_STEP][PASSED] - a1 = getText(findTestObject("Котловой полезный отпуск/График 1")): Text of object 'Object Repository/Котловой полезный отпуск/График 1' is: 'Период
1, 2, 3 кв., Октябрь, Ноябрь 2024 года
Выручка
Все
ДЗО 
ПАО Россети
Внутренний оборот – выручка за услуги по передаче электрической энергии, входящая в стоимость электроэнергии (продажа) при выполнении ДЗО функций гарантирующего поставщика
Подписи данных
Отклонение котлового полезного отпуска ПАО Россети за 1, 2, 3 кв., Октябрь, Ноябрь 2024 года (факт/план, млн. кВтч)
ПАО Россети
11 015 млн.кВтч.
млн.
%
Котловой полезный отпуск
Выполнение плановых показателей по ПАО Россети за 1, 2, 3 кв., Октябрь, Ноябрь 2024 года
План
Факт
Динамика
2024 год
0 млн.кВтч.
50 000 млн.кВтч.
100 000 млн.кВтч.
150 000 млн.кВтч.
200 000 млн.кВтч.
250 000 млн.кВтч.
300 000 млн.кВтч.
350 000 млн.кВтч.
400 000 млн.кВтч.
450 000 млн.кВтч.
500 000 млн.кВтч.
550 000 млн.кВтч.
600 000 млн.кВтч.
478 830
491 154
↑
⬤Отклонение
АО «Тываэнерго»
АО «Чеченэнерго»
Россети Волга
Россети Кубань
Россети Ленэнерго (ГК)
Россети Московский регион
Россети Северный Кавказ (ГК)
Россети Северо-Запад
Россети Сибирь (ГК)
Россети Томск
Россети Тюмень
Россети Урал (ГК)
Россети ФСК ЕЭС
Россети Центр
Россети Центр и Приволжье (ГК)
Россети Юг (ГК)
Россети Янтарь
-3 000 млн.кВтч.
-2 000 млн.кВтч.
-1 000 млн.кВтч.
0 млн.кВтч.
1 000 млн.кВтч.
2 000 млн.кВтч.
3 000 млн.кВтч.
4 000 млн.кВтч.
-4 000 млн.кВтч.
5 000 млн.кВтч.
150
37
1 305
1 194
1 316
3 773
144
395
970
179
-2 845
1 488
-1 308
1 468
1 785
793
171'

13-01-2025T08:42:14 - [MESSAGE][PASSED] - Text of object 'Object Repository/Котловой полезный отпуск/График 1' is: 'Период
1, 2, 3 кв., Октябрь, Ноябрь 2024 года
Выручка
Все
ДЗО 
ПАО Россети
Внутренний оборот – выручка за услуги по передаче электрической энергии, входящая в стоимость электроэнергии (продажа) при выполнении ДЗО функций гарантирующего поставщика
Подписи данных
Отклонение котлового полезного отпуска ПАО Россети за 1, 2, 3 кв., Октябрь, Ноябрь 2024 года (факт/план, млн. кВтч)
ПАО Россети
11 015 млн.кВтч.
млн.
%
Котловой полезный отпуск
Выполнение плановых показателей по ПАО Россети за 1, 2, 3 кв., Октябрь, Ноябрь 2024 года
План
Факт
Динамика
2024 год
0 млн.кВтч.
50 000 млн.кВтч.
100 000 млн.кВтч.
150 000 млн.кВтч.
200 000 млн.кВтч.
250 000 млн.кВтч.
300 000 млн.кВтч.
350 000 млн.кВтч.
400 000 млн.кВтч.
450 000 млн.кВтч.
500 000 млн.кВтч.
550 000 млн.кВтч.
600 000 млн.кВтч.
478 830
491 154
↑
⬤Отклонение
АО «Тываэнерго»
АО «Чеченэнерго»
Россети Волга
Россети Кубань
Россети Ленэнерго (ГК)
Россети Московский регион
Россети Северный Кавказ (ГК)
Россети Северо-Запад
Россети Сибирь (ГК)
Россети Томск
Россети Тюмень
Россети Урал (ГК)
Россети ФСК ЕЭС
Россети Центр
Россети Центр и Приволжье (ГК)
Россети Юг (ГК)
Россети Янтарь
-3 000 млн.кВтч.
-2 000 млн.кВтч.
-1 000 млн.кВтч.
0 млн.кВтч.
1 000 млн.кВтч.
2 000 млн.кВтч.
3 000 млн.кВтч.
4 000 млн.кВтч.
-4 000 млн.кВтч.
5 000 млн.кВтч.
150
37
1 305
1 194
1 316
3 773
144
395
970
179
-2 845
1 488
-1 308
1 468
1 785
793
171'

13-01-2025T08:42:14 - [TEST_STEP][PASSED] - a1 = replaceAll("[\r?
|
]", "").replaceAll("\s+", ""): null

13-01-2025T08:42:14 - [TEST_STEP][PASSED] - if (a1 == ""): null

13-01-2025T08:42:14 - [TEST_STEP][PASSED] - n = n + 21: null

13-01-2025T08:42:14 - [TEST_STEP][PASSED] - Script1686231490255.WriteToExcel(user, dashboardName, n, data, run, a1, a2, a3, a4, a5, a6, a7, a8, a9): null

13-01-2025T08:42:14 - [TEST_STEP][PASSED] - sheetName = "Sheet1": null

13-01-2025T08:42:14 - [TEST_STEP][PASSED] - workbook01 = getWorkbook(excelFilePath): null

13-01-2025T08:42:14 - [TEST_STEP][PASSED] - sheet01 = getExcelSheet(workbook01, sheetName): null

13-01-2025T08:42:14 - [TEST_STEP][PASSED] - setValueToCellByIndex(sheet01, n, 0, dashboardName): null

13-01-2025T08:42:14 - [TEST_STEP][PASSED] - setValueToCellByIndex(sheet01, n, 10, user): null

13-01-2025T08:42:14 - [TEST_STEP][PASSED] - setValueToCellByIndex(sheet01, n, 1, a1): null

13-01-2025T08:42:14 - [TEST_STEP][PASSED] - setValueToCellByIndex(sheet01, n, 2, a2): null

13-01-2025T08:42:14 - [TEST_STEP][PASSED] - setValueToCellByIndex(sheet01, n, 3, a3): null

13-01-2025T08:42:14 - [TEST_STEP][PASSED] - setValueToCellByIndex(sheet01, n, 4, a4): null

13-01-2025T08:42:14 - [TEST_STEP][PASSED] - setValueToCellByIndex(sheet01, n, 5, a5): null

13-01-2025T08:42:14 - [TEST_STEP][PASSED] - setValueToCellByIndex(sheet01, n, 6, a6): null

13-01-2025T08:42:14 - [TEST_STEP][PASSED] - setValueToCellByIndex(sheet01, n, 7, a7): null

13-01-2025T08:42:14 - [TEST_STEP][PASSED] - setValueToCellByIndex(sheet01, n, 8, a8): null

13-01-2025T08:42:14 - [TEST_STEP][PASSED] - setValueToCellByIndex(sheet01, n, 9, a9): null

13-01-2025T08:42:14 - [TEST_STEP][PASSED] - n = n + 1: null

13-01-2025T08:42:14 - [TEST_STEP][PASSED] - saveWorkbook(excelFilePath, workbook01): null

13-01-2025T08:42:14 - [TEST_STEP][PASSED] - if (run == 2): null

13-01-2025T08:42:14 - [TEST_STEP][PASSED] - if (run == 3): null

13-01-2025T08:42:14 - [TEST_STEP][PASSED] - closeBrowser(): null

13-01-2025T08:42:14 - [MESSAGE][PASSED] - Browser is closed

13-01-2025T08:42:14 - [TEST_STEP][PASSED] - KotlovoyPolezniyOtpusk(user, dashboardName, n, data, run, a1, a2, a3, a4, a5, a6, a7, a8, a9, urlData): null

13-01-2025T08:42:14 - [TEST_STEP][PASSED] - n = data.getRowNumbers() + 1: null

13-01-2025T08:42:14 - [TEST_STEP][PASSED] - println(n): null

13-01-2025T08:42:14 - [TEST_STEP][PASSED] - dashboardName = "Котловой полезный отпуск": null

13-01-2025T08:42:14 - [TEST_STEP][PASSED] - openBrowser(""): Browser is opened with url: ''

13-01-2025T08:42:14 - [MESSAGE][INFO] - Starting 'Chrome' driver

13-01-2025T08:42:14 - [MESSAGE][INFO] - Action delay is set to 0 milliseconds

13-01-2025T08:42:15 - [MESSAGE][PASSED] - Browser is opened with url: ''

13-01-2025T08:42:15 - [TEST_STEP][PASSED] - urlData = 18: null

13-01-2025T08:42:15 - [TEST_STEP][PASSED] - Script1686231490255.CheckPageDownload(urlData, run): null

13-01-2025T08:42:15 - [TEST_STEP][PASSED] - i = 1: null

13-01-2025T08:42:15 - [TEST_STEP][PASSED] - ii = 0: null

13-01-2025T08:42:15 - [TEST_STEP][PASSED] - urlText = <not implemented yet for class: org.codehaus.groovy.ast.expr.EmptyExpression>: null

13-01-2025T08:42:15 - [TEST_STEP][PASSED] - searchWord = <not implemented yet for class: org.codehaus.groovy.ast.expr.EmptyExpression>: null

13-01-2025T08:42:15 - [TEST_STEP][PASSED] - deleteAllCookies(): Delete all cookies successfully

13-01-2025T08:42:15 - [MESSAGE][PASSED] - Delete all cookies successfully

13-01-2025T08:42:15 - [TEST_STEP][PASSED] - refresh(): Refresh successfully

13-01-2025T08:42:15 - [MESSAGE][PASSED] - Refresh successfully

13-01-2025T08:42:15 - [TEST_STEP][PASSED] - delay(70): Delayed 70 second(s)

13-01-2025T08:43:25 - [MESSAGE][PASSED] - Delayed 70 second(s)

13-01-2025T08:43:25 - [TEST_STEP][PASSED] - navigateToUrl(findTestData("PlanFact").getValue(10, urlData)): Navigate to 'https://bi.rosseti.digital/viewer?dashboardGuid=2301950b23be4ed89c1df75f2020051e&sheetGuid=9de09c51f7e14f6a9e9103985ef32ea6&fit=true' successfully

13-01-2025T08:43:32 - [MESSAGE][PASSED] - Navigate to 'https://bi.rosseti.digital/viewer?dashboardGuid=2301950b23be4ed89c1df75f2020051e&sheetGuid=9de09c51f7e14f6a9e9103985ef32ea6&fit=true' successfully

13-01-2025T08:43:32 - [TEST_STEP][PASSED] - pageLoaded1 = verifyElementPresent(findTestObject("Страница авторизации/Text"), 30): Object 'Object Repository/Страница авторизации/Text' is present

13-01-2025T08:43:34 - [MESSAGE][PASSED] - Object 'Object Repository/Страница авторизации/Text' is present

13-01-2025T08:43:34 - [TEST_STEP][PASSED] - if (pageLoaded1 == false): null

13-01-2025T08:43:34 - [TEST_STEP][PASSED] - urlText = getText(findTestObject("Страница авторизации/Text")): Text of object 'Object Repository/Страница авторизации/Text' is: 'Вход'

13-01-2025T08:43:34 - [MESSAGE][PASSED] - Text of object 'Object Repository/Страница авторизации/Text' is: 'Вход'

13-01-2025T08:43:34 - [TEST_STEP][PASSED] - delay(70): Delayed 70 second(s)

13-01-2025T08:44:44 - [MESSAGE][PASSED] - Delayed 70 second(s)

13-01-2025T08:44:44 - [TEST_STEP][PASSED] - searchWord = "Вход": null

13-01-2025T08:44:44 - [TEST_STEP][PASSED] - if (urlText.contains(searchWord) == false): null

13-01-2025T08:44:44 - [TEST_STEP][PASSED] - setText(findTestObject("Страница авторизации/input__username"), findTestData("PlanFact").getValue(8, run)): Text 'Andreeva-EV' is set on object 'Object Repository/Страница авторизации/input__username'

13-01-2025T08:44:45 - [MESSAGE][PASSED] - Text 'Andreeva-EV' is set on object 'Object Repository/Страница авторизации/input__username'

13-01-2025T08:44:45 - [TEST_STEP][PASSED] - setText(findTestObject("Страница авторизации/input__password"), findTestData("PlanFact").getValue(9, run)): Text '2nPePKDwCPH3ul7xMZ' is set on object 'Object Repository/Страница авторизации/input__password'

13-01-2025T08:44:45 - [MESSAGE][PASSED] - Text '2nPePKDwCPH3ul7xMZ' is set on object 'Object Repository/Страница авторизации/input__password'

13-01-2025T08:44:45 - [TEST_STEP][PASSED] - click(findTestObject("Страница авторизации/button_")): Object: 'Object Repository/Страница авторизации/button_' is clicked on

13-01-2025T08:44:47 - [MESSAGE][PASSED] - Object: 'Object Repository/Страница авторизации/button_' is clicked on

13-01-2025T08:44:47 - [TEST_STEP][PASSED] - delay(70): Delayed 70 second(s)

13-01-2025T08:45:57 - [MESSAGE][PASSED] - Delayed 70 second(s)

13-01-2025T08:45:57 - [TEST_STEP][PASSED] - searchWord = "а": null

13-01-2025T08:45:57 - [TEST_STEP][PASSED] - pageLoaded2 = verifyElementPresent(findTestObject("Страница авторизации/Text"), 50): Object 'Object Repository/Страница авторизации/Text' is present

13-01-2025T08:45:57 - [MESSAGE][PASSED] - Object 'Object Repository/Страница авторизации/Text' is present

13-01-2025T08:45:57 - [TEST_STEP][PASSED] - if (pageLoaded2 == false): null

13-01-2025T08:45:57 - [TEST_STEP][PASSED] - urlText = getText(findTestObject("Страница авторизации/Text")): Text of object 'Object Repository/Страница авторизации/Text' is: 'Период
1, 2, 3 кв., Октябрь, Ноябрь 2024 года
Выручка
Все
ДЗО 
ПАО Россети
Внутренний оборот – выручка за услуги по передаче электрической энергии, входящая в стоимость электроэнергии (продажа) при выполнении ДЗО функций гарантирующего поставщика
Подписи данных
Отклонение котлового полезного отпуска ПАО Россети за 1, 2, 3 кв., Октябрь, Ноябрь 2024 года (факт/план, млн. кВтч)
ПАО Россети
11 015 млн.кВтч.
млн.
%
Котловой полезный отпуск
Выполнение плановых показателей по ПАО Россети за 1, 2, 3 кв., Октябрь, Ноябрь 2024 года
План
Факт
Динамика
2024 год
0 млн.кВтч.
50 000 млн.кВтч.
100 000 млн.кВтч.
150 000 млн.кВтч.
200 000 млн.кВтч.
250 000 млн.кВтч.
300 000 млн.кВтч.
350 000 млн.кВтч.
400 000 млн.кВтч.
450 000 млн.кВтч.
500 000 млн.кВтч.
550 000 млн.кВтч.
600 000 млн.кВтч.
478 830
491 154
↑
⬤Отклонение
АО «Тываэнерго»
АО «Чеченэнерго»
Россети Волга
Россети Кубань
Россети Ленэнерго (ГК)
Россети Московский регион
Россети Северный Кавказ (ГК)
Россети Северо-Запад
Россети Сибирь (ГК)
Россети Томск
Россети Тюмень
Россети Урал (ГК)
Россети ФСК ЕЭС
Россети Центр
Россети Центр и Приволжье (ГК)
Россети Юг (ГК)
Россети Янтарь
-3 000 млн.кВтч.
-2 000 млн.кВтч.
-1 000 млн.кВтч.
0 млн.кВтч.
1 000 млн.кВтч.
2 000 млн.кВтч.
3 000 млн.кВтч.
4 000 млн.кВтч.
-4 000 млн.кВтч.
5 000 млн.кВтч.
150
37
1 305
1 194
1 316
3 773
144
395
970
179
-2 845
1 488
-1 308
1 468
1 785
793
171'

13-01-2025T08:45:58 - [MESSAGE][PASSED] - Text of object 'Object Repository/Страница авторизации/Text' is: 'Период
1, 2, 3 кв., Октябрь, Ноябрь 2024 года
Выручка
Все
ДЗО 
ПАО Россети
Внутренний оборот – выручка за услуги по передаче электрической энергии, входящая в стоимость электроэнергии (продажа) при выполнении ДЗО функций гарантирующего поставщика
Подписи данных
Отклонение котлового полезного отпуска ПАО Россети за 1, 2, 3 кв., Октябрь, Ноябрь 2024 года (факт/план, млн. кВтч)
ПАО Россети
11 015 млн.кВтч.
млн.
%
Котловой полезный отпуск
Выполнение плановых показателей по ПАО Россети за 1, 2, 3 кв., Октябрь, Ноябрь 2024 года
План
Факт
Динамика
2024 год
0 млн.кВтч.
50 000 млн.кВтч.
100 000 млн.кВтч.
150 000 млн.кВтч.
200 000 млн.кВтч.
250 000 млн.кВтч.
300 000 млн.кВтч.
350 000 млн.кВтч.
400 000 млн.кВтч.
450 000 млн.кВтч.
500 000 млн.кВтч.
550 000 млн.кВтч.
600 000 млн.кВтч.
478 830
491 154
↑
⬤Отклонение
АО «Тываэнерго»
АО «Чеченэнерго»
Россети Волга
Россети Кубань
Россети Ленэнерго (ГК)
Россети Московский регион
Россети Северный Кавказ (ГК)
Россети Северо-Запад
Россети Сибирь (ГК)
Россети Томск
Россети Тюмень
Россети Урал (ГК)
Россети ФСК ЕЭС
Россети Центр
Россети Центр и Приволжье (ГК)
Россети Юг (ГК)
Россети Янтарь
-3 000 млн.кВтч.
-2 000 млн.кВтч.
-1 000 млн.кВтч.
0 млн.кВтч.
1 000 млн.кВтч.
2 000 млн.кВтч.
3 000 млн.кВтч.
4 000 млн.кВтч.
-4 000 млн.кВтч.
5 000 млн.кВтч.
150
37
1 305
1 194
1 316
3 773
144
395
970
179
-2 845
1 488
-1 308
1 468
1 785
793
171'

13-01-2025T08:45:58 - [TEST_STEP][PASSED] - if (urlText.contains("ошибка") || urlText.contains(searchWord) == false): null

13-01-2025T08:45:58 - [TEST_STEP][PASSED] - a2 = "": null

13-01-2025T08:45:58 - [TEST_STEP][PASSED] - a3 = "": null

13-01-2025T08:45:58 - [TEST_STEP][PASSED] - a4 = "": null

13-01-2025T08:45:58 - [TEST_STEP][PASSED] - a5 = "": null

13-01-2025T08:45:58 - [TEST_STEP][PASSED] - a6 = "": null

13-01-2025T08:45:58 - [TEST_STEP][PASSED] - a7 = "": null

13-01-2025T08:45:58 - [TEST_STEP][PASSED] - a8 = "": null

13-01-2025T08:45:58 - [TEST_STEP][PASSED] - a9 = "": null

13-01-2025T08:45:58 - [TEST_STEP][PASSED] - if (run == 1): null

13-01-2025T08:45:58 - [TEST_STEP][PASSED] - if (run == 2): null

13-01-2025T08:45:58 - [TEST_STEP][PASSED] - user = "Андреева": null

13-01-2025T08:45:58 - [TEST_STEP][PASSED] - a1 = getText(findTestObject("Котловой полезный отпуск/График 1")): Text of object 'Object Repository/Котловой полезный отпуск/График 1' is: 'Период
1, 2, 3 кв., Октябрь, Ноябрь 2024 года
Выручка
Все
ДЗО 
ПАО Россети
Внутренний оборот – выручка за услуги по передаче электрической энергии, входящая в стоимость электроэнергии (продажа) при выполнении ДЗО функций гарантирующего поставщика
Подписи данных
Отклонение котлового полезного отпуска ПАО Россети за 1, 2, 3 кв., Октябрь, Ноябрь 2024 года (факт/план, млн. кВтч)
ПАО Россети
11 015 млн.кВтч.
млн.
%
Котловой полезный отпуск
Выполнение плановых показателей по ПАО Россети за 1, 2, 3 кв., Октябрь, Ноябрь 2024 года
План
Факт
Динамика
2024 год
0 млн.кВтч.
50 000 млн.кВтч.
100 000 млн.кВтч.
150 000 млн.кВтч.
200 000 млн.кВтч.
250 000 млн.кВтч.
300 000 млн.кВтч.
350 000 млн.кВтч.
400 000 млн.кВтч.
450 000 млн.кВтч.
500 000 млн.кВтч.
550 000 млн.кВтч.
600 000 млн.кВтч.
478 830
491 154
↑
⬤Отклонение
АО «Тываэнерго»
АО «Чеченэнерго»
Россети Волга
Россети Кубань
Россети Ленэнерго (ГК)
Россети Московский регион
Россети Северный Кавказ (ГК)
Россети Северо-Запад
Россети Сибирь (ГК)
Россети Томск
Россети Тюмень
Россети Урал (ГК)
Россети ФСК ЕЭС
Россети Центр
Россети Центр и Приволжье (ГК)
Россети Юг (ГК)
Россети Янтарь
-3 000 млн.кВтч.
-2 000 млн.кВтч.
-1 000 млн.кВтч.
0 млн.кВтч.
1 000 млн.кВтч.
2 000 млн.кВтч.
3 000 млн.кВтч.
4 000 млн.кВтч.
-4 000 млн.кВтч.
5 000 млн.кВтч.
150
37
1 305
1 194
1 316
3 773
144
395
970
179
-2 845
1 488
-1 308
1 468
1 785
793
171'

13-01-2025T08:45:59 - [MESSAGE][PASSED] - Text of object 'Object Repository/Котловой полезный отпуск/График 1' is: 'Период
1, 2, 3 кв., Октябрь, Ноябрь 2024 года
Выручка
Все
ДЗО 
ПАО Россети
Внутренний оборот – выручка за услуги по передаче электрической энергии, входящая в стоимость электроэнергии (продажа) при выполнении ДЗО функций гарантирующего поставщика
Подписи данных
Отклонение котлового полезного отпуска ПАО Россети за 1, 2, 3 кв., Октябрь, Ноябрь 2024 года (факт/план, млн. кВтч)
ПАО Россети
11 015 млн.кВтч.
млн.
%
Котловой полезный отпуск
Выполнение плановых показателей по ПАО Россети за 1, 2, 3 кв., Октябрь, Ноябрь 2024 года
План
Факт
Динамика
2024 год
0 млн.кВтч.
50 000 млн.кВтч.
100 000 млн.кВтч.
150 000 млн.кВтч.
200 000 млн.кВтч.
250 000 млн.кВтч.
300 000 млн.кВтч.
350 000 млн.кВтч.
400 000 млн.кВтч.
450 000 млн.кВтч.
500 000 млн.кВтч.
550 000 млн.кВтч.
600 000 млн.кВтч.
478 830
491 154
↑
⬤Отклонение
АО «Тываэнерго»
АО «Чеченэнерго»
Россети Волга
Россети Кубань
Россети Ленэнерго (ГК)
Россети Московский регион
Россети Северный Кавказ (ГК)
Россети Северо-Запад
Россети Сибирь (ГК)
Россети Томск
Россети Тюмень
Россети Урал (ГК)
Россети ФСК ЕЭС
Россети Центр
Россети Центр и Приволжье (ГК)
Россети Юг (ГК)
Россети Янтарь
-3 000 млн.кВтч.
-2 000 млн.кВтч.
-1 000 млн.кВтч.
0 млн.кВтч.
1 000 млн.кВтч.
2 000 млн.кВтч.
3 000 млн.кВтч.
4 000 млн.кВтч.
-4 000 млн.кВтч.
5 000 млн.кВтч.
150
37
1 305
1 194
1 316
3 773
144
395
970
179
-2 845
1 488
-1 308
1 468
1 785
793
171'

13-01-2025T08:45:59 - [TEST_STEP][PASSED] - a1 = replaceAll("[\r?
|
]", "").replaceAll("\s+", ""): null

13-01-2025T08:45:59 - [TEST_STEP][PASSED] - if (a1 == ""): null

13-01-2025T08:45:59 - [TEST_STEP][PASSED] - n = n + 22: null

13-01-2025T08:45:59 - [TEST_STEP][PASSED] - b = n - run + 1: null

13-01-2025T08:45:59 - [TEST_STEP][PASSED] - verifyEqual(findTestData("PlanFact").getValue(2, b), a1): Actual object '123202412320241101512320242024050000100000150000200000250000300000350000400000450000500000550000600000478830491154↑⬤300020001000010002000300040004000500015037130511941316377314439597017928451488130814681785793171' and expected object '123202412320241101512320242024050000100000150000200000250000300000350000400000450000500000550000600000478830491154↑⬤300020001000010002000300040004000500015037130511941316377314439597017928451488130814681785793171' are equal

13-01-2025T08:45:59 - [MESSAGE][PASSED] - Actual object '123202412320241101512320242024050000100000150000200000250000300000350000400000450000500000550000600000478830491154↑⬤300020001000010002000300040004000500015037130511941316377314439597017928451488130814681785793171' and expected object '123202412320241101512320242024050000100000150000200000250000300000350000400000450000500000550000600000478830491154↑⬤300020001000010002000300040004000500015037130511941316377314439597017928451488130814681785793171' are equal

13-01-2025T08:45:59 - [TEST_STEP][PASSED] - Script1686231490255.WriteToExcel(user, dashboardName, n, data, run, a1, a2, a3, a4, a5, a6, a7, a8, a9): null

13-01-2025T08:45:59 - [TEST_STEP][PASSED] - sheetName = "Sheet1": null

13-01-2025T08:45:59 - [TEST_STEP][PASSED] - workbook01 = getWorkbook(excelFilePath): null

13-01-2025T08:45:59 - [TEST_STEP][PASSED] - sheet01 = getExcelSheet(workbook01, sheetName): null

13-01-2025T08:45:59 - [TEST_STEP][PASSED] - setValueToCellByIndex(sheet01, n, 0, dashboardName): null

13-01-2025T08:45:59 - [TEST_STEP][PASSED] - setValueToCellByIndex(sheet01, n, 10, user): null

13-01-2025T08:45:59 - [TEST_STEP][PASSED] - setValueToCellByIndex(sheet01, n, 1, a1): null

13-01-2025T08:45:59 - [TEST_STEP][PASSED] - setValueToCellByIndex(sheet01, n, 2, a2): null

13-01-2025T08:45:59 - [TEST_STEP][PASSED] - setValueToCellByIndex(sheet01, n, 3, a3): null

13-01-2025T08:45:59 - [TEST_STEP][PASSED] - setValueToCellByIndex(sheet01, n, 4, a4): null

13-01-2025T08:45:59 - [TEST_STEP][PASSED] - setValueToCellByIndex(sheet01, n, 5, a5): null

13-01-2025T08:45:59 - [TEST_STEP][PASSED] - setValueToCellByIndex(sheet01, n, 6, a6): null

13-01-2025T08:45:59 - [TEST_STEP][PASSED] - setValueToCellByIndex(sheet01, n, 7, a7): null

13-01-2025T08:45:59 - [TEST_STEP][PASSED] - setValueToCellByIndex(sheet01, n, 8, a8): null

13-01-2025T08:45:59 - [TEST_STEP][PASSED] - setValueToCellByIndex(sheet01, n, 9, a9): null

13-01-2025T08:45:59 - [TEST_STEP][PASSED] - n = n + 1: null

13-01-2025T08:45:59 - [TEST_STEP][PASSED] - saveWorkbook(excelFilePath, workbook01): null

13-01-2025T08:45:59 - [TEST_STEP][PASSED] - if (run == 3): null

13-01-2025T08:45:59 - [TEST_STEP][PASSED] - closeBrowser(): null

13-01-2025T08:45:59 - [MESSAGE][PASSED] - Browser is closed

13-01-2025T08:45:59 - [TEST_STEP][PASSED] - KotlovoyPolezniyOtpusk(user, dashboardName, n, data, run, a1, a2, a3, a4, a5, a6, a7, a8, a9, urlData): null

13-01-2025T08:45:59 - [TEST_STEP][PASSED] - n = data.getRowNumbers() + 1: null

13-01-2025T08:45:59 - [TEST_STEP][PASSED] - println(n): null

13-01-2025T08:45:59 - [TEST_STEP][PASSED] - dashboardName = "Котловой полезный отпуск": null

13-01-2025T08:45:59 - [TEST_STEP][PASSED] - openBrowser(""): Browser is opened with url: ''

13-01-2025T08:45:59 - [MESSAGE][INFO] - Starting 'Chrome' driver

13-01-2025T08:45:59 - [MESSAGE][INFO] - Action delay is set to 0 milliseconds

13-01-2025T08:46:00 - [MESSAGE][PASSED] - Browser is opened with url: ''

13-01-2025T08:46:00 - [TEST_STEP][PASSED] - urlData = 18: null

13-01-2025T08:46:00 - [TEST_STEP][PASSED] - Script1686231490255.CheckPageDownload(urlData, run): null

13-01-2025T08:46:00 - [TEST_STEP][PASSED] - i = 1: null

13-01-2025T08:46:00 - [TEST_STEP][PASSED] - ii = 0: null

13-01-2025T08:46:00 - [TEST_STEP][PASSED] - urlText = <not implemented yet for class: org.codehaus.groovy.ast.expr.EmptyExpression>: null

13-01-2025T08:46:00 - [TEST_STEP][PASSED] - searchWord = <not implemented yet for class: org.codehaus.groovy.ast.expr.EmptyExpression>: null

13-01-2025T08:46:00 - [TEST_STEP][PASSED] - deleteAllCookies(): Delete all cookies successfully

13-01-2025T08:46:00 - [MESSAGE][PASSED] - Delete all cookies successfully

13-01-2025T08:46:00 - [TEST_STEP][PASSED] - refresh(): Refresh successfully

13-01-2025T08:46:00 - [MESSAGE][PASSED] - Refresh successfully

13-01-2025T08:46:00 - [TEST_STEP][PASSED] - delay(70): Delayed 70 second(s)

13-01-2025T08:47:10 - [MESSAGE][PASSED] - Delayed 70 second(s)

13-01-2025T08:47:10 - [TEST_STEP][PASSED] - navigateToUrl(findTestData("PlanFact").getValue(10, urlData)): Navigate to 'https://bi.rosseti.digital/viewer?dashboardGuid=2301950b23be4ed89c1df75f2020051e&sheetGuid=9de09c51f7e14f6a9e9103985ef32ea6&fit=true' successfully

13-01-2025T08:47:15 - [MESSAGE][PASSED] - Navigate to 'https://bi.rosseti.digital/viewer?dashboardGuid=2301950b23be4ed89c1df75f2020051e&sheetGuid=9de09c51f7e14f6a9e9103985ef32ea6&fit=true' successfully

13-01-2025T08:47:15 - [TEST_STEP][PASSED] - pageLoaded1 = verifyElementPresent(findTestObject("Страница авторизации/Text"), 30): Object 'Object Repository/Страница авторизации/Text' is present

13-01-2025T08:47:18 - [MESSAGE][PASSED] - Object 'Object Repository/Страница авторизации/Text' is present

13-01-2025T08:47:18 - [TEST_STEP][PASSED] - if (pageLoaded1 == false): null

13-01-2025T08:47:18 - [TEST_STEP][PASSED] - urlText = getText(findTestObject("Страница авторизации/Text")): Text of object 'Object Repository/Страница авторизации/Text' is: 'Вход'

13-01-2025T08:47:18 - [MESSAGE][PASSED] - Text of object 'Object Repository/Страница авторизации/Text' is: 'Вход'

13-01-2025T08:47:18 - [TEST_STEP][PASSED] - delay(70): Delayed 70 second(s)

13-01-2025T08:48:28 - [MESSAGE][PASSED] - Delayed 70 second(s)

13-01-2025T08:48:28 - [TEST_STEP][PASSED] - searchWord = "Вход": null

13-01-2025T08:48:28 - [TEST_STEP][PASSED] - if (urlText.contains(searchWord) == false): null

13-01-2025T08:48:28 - [TEST_STEP][PASSED] - setText(findTestObject("Страница авторизации/input__username"), findTestData("PlanFact").getValue(8, run)): Text 'Petrova-OV' is set on object 'Object Repository/Страница авторизации/input__username'

13-01-2025T08:48:29 - [MESSAGE][PASSED] - Text 'Petrova-OV' is set on object 'Object Repository/Страница авторизации/input__username'

13-01-2025T08:48:29 - [TEST_STEP][PASSED] - setText(findTestObject("Страница авторизации/input__password"), findTestData("PlanFact").getValue(9, run)): Text '4Ex@~R53r&3x&BVe7' is set on object 'Object Repository/Страница авторизации/input__password'

13-01-2025T08:48:29 - [MESSAGE][PASSED] - Text '4Ex@~R53r&3x&BVe7' is set on object 'Object Repository/Страница авторизации/input__password'

13-01-2025T08:48:29 - [TEST_STEP][PASSED] - click(findTestObject("Страница авторизации/button_")): Object: 'Object Repository/Страница авторизации/button_' is clicked on

13-01-2025T08:48:31 - [MESSAGE][PASSED] - Object: 'Object Repository/Страница авторизации/button_' is clicked on

13-01-2025T08:48:31 - [TEST_STEP][PASSED] - delay(70): Delayed 70 second(s)

13-01-2025T08:49:41 - [MESSAGE][PASSED] - Delayed 70 second(s)

13-01-2025T08:49:41 - [TEST_STEP][PASSED] - searchWord = "а": null

13-01-2025T08:49:41 - [TEST_STEP][PASSED] - pageLoaded2 = verifyElementPresent(findTestObject("Страница авторизации/Text"), 50): Object 'Object Repository/Страница авторизации/Text' is present

13-01-2025T08:49:41 - [MESSAGE][PASSED] - Object 'Object Repository/Страница авторизации/Text' is present

13-01-2025T08:49:41 - [TEST_STEP][PASSED] - if (pageLoaded2 == false): null

13-01-2025T08:49:41 - [TEST_STEP][PASSED] - urlText = getText(findTestObject("Страница авторизации/Text")): Text of object 'Object Repository/Страница авторизации/Text' is: 'Период
1, 2, 3 кв., Октябрь, Ноябрь 2024 года
Выручка
Все
ДЗО 
ПАО Россети
Внутренний оборот – выручка за услуги по передаче электрической энергии, входящая в стоимость электроэнергии (продажа) при выполнении ДЗО функций гарантирующего поставщика
Подписи данных
Отклонение котлового полезного отпуска ПАО Россети за 1, 2, 3 кв., Октябрь, Ноябрь 2024 года (факт/план, млн. кВтч)
ПАО Россети
11 015 млн.кВтч.
млн.
%
Котловой полезный отпуск
Выполнение плановых показателей по ПАО Россети за 1, 2, 3 кв., Октябрь, Ноябрь 2024 года
План
Факт
Динамика
2024 год
0 млн.кВтч.
50 000 млн.кВтч.
100 000 млн.кВтч.
150 000 млн.кВтч.
200 000 млн.кВтч.
250 000 млн.кВтч.
300 000 млн.кВтч.
350 000 млн.кВтч.
400 000 млн.кВтч.
450 000 млн.кВтч.
500 000 млн.кВтч.
550 000 млн.кВтч.
600 000 млн.кВтч.
478 830
491 154
↑
⬤Отклонение
АО «Тываэнерго»
АО «Чеченэнерго»
Россети Волга
Россети Кубань
Россети Ленэнерго (ГК)
Россети Московский регион
Россети Северный Кавказ (ГК)
Россети Северо-Запад
Россети Сибирь (ГК)
Россети Томск
Россети Тюмень
Россети Урал (ГК)
Россети ФСК ЕЭС
Россети Центр
Россети Центр и Приволжье (ГК)
Россети Юг (ГК)
Россети Янтарь
-3 000 млн.кВтч.
-2 000 млн.кВтч.
-1 000 млн.кВтч.
0 млн.кВтч.
1 000 млн.кВтч.
2 000 млн.кВтч.
3 000 млн.кВтч.
4 000 млн.кВтч.
-4 000 млн.кВтч.
5 000 млн.кВтч.
150
37
1 305
1 194
1 316
3 773
144
395
970
179
-2 845
1 488
-1 308
1 468
1 785
793
171'

13-01-2025T08:49:42 - [MESSAGE][PASSED] - Text of object 'Object Repository/Страница авторизации/Text' is: 'Период
1, 2, 3 кв., Октябрь, Ноябрь 2024 года
Выручка
Все
ДЗО 
ПАО Россети
Внутренний оборот – выручка за услуги по передаче электрической энергии, входящая в стоимость электроэнергии (продажа) при выполнении ДЗО функций гарантирующего поставщика
Подписи данных
Отклонение котлового полезного отпуска ПАО Россети за 1, 2, 3 кв., Октябрь, Ноябрь 2024 года (факт/план, млн. кВтч)
ПАО Россети
11 015 млн.кВтч.
млн.
%
Котловой полезный отпуск
Выполнение плановых показателей по ПАО Россети за 1, 2, 3 кв., Октябрь, Ноябрь 2024 года
План
Факт
Динамика
2024 год
0 млн.кВтч.
50 000 млн.кВтч.
100 000 млн.кВтч.
150 000 млн.кВтч.
200 000 млн.кВтч.
250 000 млн.кВтч.
300 000 млн.кВтч.
350 000 млн.кВтч.
400 000 млн.кВтч.
450 000 млн.кВтч.
500 000 млн.кВтч.
550 000 млн.кВтч.
600 000 млн.кВтч.
478 830
491 154
↑
⬤Отклонение
АО «Тываэнерго»
АО «Чеченэнерго»
Россети Волга
Россети Кубань
Россети Ленэнерго (ГК)
Россети Московский регион
Россети Северный Кавказ (ГК)
Россети Северо-Запад
Россети Сибирь (ГК)
Россети Томск
Россети Тюмень
Россети Урал (ГК)
Россети ФСК ЕЭС
Россети Центр
Россети Центр и Приволжье (ГК)
Россети Юг (ГК)
Россети Янтарь
-3 000 млн.кВтч.
-2 000 млн.кВтч.
-1 000 млн.кВтч.
0 млн.кВтч.
1 000 млн.кВтч.
2 000 млн.кВтч.
3 000 млн.кВтч.
4 000 млн.кВтч.
-4 000 млн.кВтч.
5 000 млн.кВтч.
150
37
1 305
1 194
1 316
3 773
144
395
970
179
-2 845
1 488
-1 308
1 468
1 785
793
171'

13-01-2025T08:49:42 - [TEST_STEP][PASSED] - if (urlText.contains("ошибка") || urlText.contains(searchWord) == false): null

13-01-2025T08:49:42 - [TEST_STEP][PASSED] - a2 = "": null

13-01-2025T08:49:42 - [TEST_STEP][PASSED] - a3 = "": null

13-01-2025T08:49:42 - [TEST_STEP][PASSED] - a4 = "": null

13-01-2025T08:49:42 - [TEST_STEP][PASSED] - a5 = "": null

13-01-2025T08:49:42 - [TEST_STEP][PASSED] - a6 = "": null

13-01-2025T08:49:42 - [TEST_STEP][PASSED] - a7 = "": null

13-01-2025T08:49:42 - [TEST_STEP][PASSED] - a8 = "": null

13-01-2025T08:49:42 - [TEST_STEP][PASSED] - a9 = "": null

13-01-2025T08:49:42 - [TEST_STEP][PASSED] - if (run == 1): null

13-01-2025T08:49:42 - [TEST_STEP][PASSED] - if (run == 2): null

13-01-2025T08:49:42 - [TEST_STEP][PASSED] - if (run == 3): null

13-01-2025T08:49:42 - [TEST_STEP][PASSED] - user = "Попова": null

13-01-2025T08:49:42 - [TEST_STEP][PASSED] - a1 = getText(findTestObject("Котловой полезный отпуск/График 1")): Text of object 'Object Repository/Котловой полезный отпуск/График 1' is: 'Период
1, 2, 3 кв., Октябрь, Ноябрь 2024 года
Выручка
Все
ДЗО 
ПАО Россети
Внутренний оборот – выручка за услуги по передаче электрической энергии, входящая в стоимость электроэнергии (продажа) при выполнении ДЗО функций гарантирующего поставщика
Подписи данных
Отклонение котлового полезного отпуска ПАО Россети за 1, 2, 3 кв., Октябрь, Ноябрь 2024 года (факт/план, млн. кВтч)
ПАО Россети
11 015 млн.кВтч.
млн.
%
Котловой полезный отпуск
Выполнение плановых показателей по ПАО Россети за 1, 2, 3 кв., Октябрь, Ноябрь 2024 года
План
Факт
Динамика
2024 год
0 млн.кВтч.
50 000 млн.кВтч.
100 000 млн.кВтч.
150 000 млн.кВтч.
200 000 млн.кВтч.
250 000 млн.кВтч.
300 000 млн.кВтч.
350 000 млн.кВтч.
400 000 млн.кВтч.
450 000 млн.кВтч.
500 000 млн.кВтч.
550 000 млн.кВтч.
600 000 млн.кВтч.
478 830
491 154
↑
⬤Отклонение
АО «Тываэнерго»
АО «Чеченэнерго»
Россети Волга
Россети Кубань
Россети Ленэнерго (ГК)
Россети Московский регион
Россети Северный Кавказ (ГК)
Россети Северо-Запад
Россети Сибирь (ГК)
Россети Томск
Россети Тюмень
Россети Урал (ГК)
Россети ФСК ЕЭС
Россети Центр
Россети Центр и Приволжье (ГК)
Россети Юг (ГК)
Россети Янтарь
-3 000 млн.кВтч.
-2 000 млн.кВтч.
-1 000 млн.кВтч.
0 млн.кВтч.
1 000 млн.кВтч.
2 000 млн.кВтч.
3 000 млн.кВтч.
4 000 млн.кВтч.
-4 000 млн.кВтч.
5 000 млн.кВтч.
150
37
1 305
1 194
1 316
3 773
144
395
970
179
-2 845
1 488
-1 308
1 468
1 785
793
171'

13-01-2025T08:49:43 - [MESSAGE][PASSED] - Text of object 'Object Repository/Котловой полезный отпуск/График 1' is: 'Период
1, 2, 3 кв., Октябрь, Ноябрь 2024 года
Выручка
Все
ДЗО 
ПАО Россети
Внутренний оборот – выручка за услуги по передаче электрической энергии, входящая в стоимость электроэнергии (продажа) при выполнении ДЗО функций гарантирующего поставщика
Подписи данных
Отклонение котлового полезного отпуска ПАО Россети за 1, 2, 3 кв., Октябрь, Ноябрь 2024 года (факт/план, млн. кВтч)
ПАО Россети
11 015 млн.кВтч.
млн.
%
Котловой полезный отпуск
Выполнение плановых показателей по ПАО Россети за 1, 2, 3 кв., Октябрь, Ноябрь 2024 года
План
Факт
Динамика
2024 год
0 млн.кВтч.
50 000 млн.кВтч.
100 000 млн.кВтч.
150 000 млн.кВтч.
200 000 млн.кВтч.
250 000 млн.кВтч.
300 000 млн.кВтч.
350 000 млн.кВтч.
400 000 млн.кВтч.
450 000 млн.кВтч.
500 000 млн.кВтч.
550 000 млн.кВтч.
600 000 млн.кВтч.
478 830
491 154
↑
⬤Отклонение
АО «Тываэнерго»
АО «Чеченэнерго»
Россети Волга
Россети Кубань
Россети Ленэнерго (ГК)
Россети Московский регион
Россети Северный Кавказ (ГК)
Россети Северо-Запад
Россети Сибирь (ГК)
Россети Томск
Россети Тюмень
Россети Урал (ГК)
Россети ФСК ЕЭС
Россети Центр
Россети Центр и Приволжье (ГК)
Россети Юг (ГК)
Россети Янтарь
-3 000 млн.кВтч.
-2 000 млн.кВтч.
-1 000 млн.кВтч.
0 млн.кВтч.
1 000 млн.кВтч.
2 000 млн.кВтч.
3 000 млн.кВтч.
4 000 млн.кВтч.
-4 000 млн.кВтч.
5 000 млн.кВтч.
150
37
1 305
1 194
1 316
3 773
144
395
970
179
-2 845
1 488
-1 308
1 468
1 785
793
171'

13-01-2025T08:49:43 - [TEST_STEP][PASSED] - a1 = replaceAll("[\r?
|
]", "").replaceAll("\s+", ""): null

13-01-2025T08:49:43 - [TEST_STEP][PASSED] - if (a1 == ""): null

13-01-2025T08:49:43 - [TEST_STEP][PASSED] - n = n + 23: null

13-01-2025T08:49:43 - [TEST_STEP][PASSED] - b = n - run + 1: null

13-01-2025T08:49:43 - [TEST_STEP][PASSED] - verifyEqual(findTestData("PlanFact").getValue(2, b), a1): Actual object '123202412320241101512320242024050000100000150000200000250000300000350000400000450000500000550000600000478830491154↑⬤300020001000010002000300040004000500015037130511941316377314439597017928451488130814681785793171' and expected object '123202412320241101512320242024050000100000150000200000250000300000350000400000450000500000550000600000478830491154↑⬤300020001000010002000300040004000500015037130511941316377314439597017928451488130814681785793171' are equal

13-01-2025T08:49:43 - [MESSAGE][PASSED] - Actual object '123202412320241101512320242024050000100000150000200000250000300000350000400000450000500000550000600000478830491154↑⬤300020001000010002000300040004000500015037130511941316377314439597017928451488130814681785793171' and expected object '123202412320241101512320242024050000100000150000200000250000300000350000400000450000500000550000600000478830491154↑⬤300020001000010002000300040004000500015037130511941316377314439597017928451488130814681785793171' are equal

13-01-2025T08:49:43 - [TEST_STEP][PASSED] - Script1686231490255.WriteToExcel(user, dashboardName, n, data, run, a1, a2, a3, a4, a5, a6, a7, a8, a9): null

13-01-2025T08:49:43 - [TEST_STEP][PASSED] - sheetName = "Sheet1": null

13-01-2025T08:49:43 - [TEST_STEP][PASSED] - workbook01 = getWorkbook(excelFilePath): null

13-01-2025T08:49:43 - [TEST_STEP][PASSED] - sheet01 = getExcelSheet(workbook01, sheetName): null

13-01-2025T08:49:43 - [TEST_STEP][PASSED] - setValueToCellByIndex(sheet01, n, 0, dashboardName): null

13-01-2025T08:49:43 - [TEST_STEP][PASSED] - setValueToCellByIndex(sheet01, n, 10, user): null

13-01-2025T08:49:43 - [TEST_STEP][PASSED] - setValueToCellByIndex(sheet01, n, 1, a1): null

13-01-2025T08:49:43 - [TEST_STEP][PASSED] - setValueToCellByIndex(sheet01, n, 2, a2): null

13-01-2025T08:49:43 - [TEST_STEP][PASSED] - setValueToCellByIndex(sheet01, n, 3, a3): null

13-01-2025T08:49:43 - [TEST_STEP][PASSED] - setValueToCellByIndex(sheet01, n, 4, a4): null

13-01-2025T08:49:43 - [TEST_STEP][PASSED] - setValueToCellByIndex(sheet01, n, 5, a5): null

13-01-2025T08:49:43 - [TEST_STEP][PASSED] - setValueToCellByIndex(sheet01, n, 6, a6): null

13-01-2025T08:49:43 - [TEST_STEP][PASSED] - setValueToCellByIndex(sheet01, n, 7, a7): null

13-01-2025T08:49:43 - [TEST_STEP][PASSED] - setValueToCellByIndex(sheet01, n, 8, a8): null

13-01-2025T08:49:43 - [TEST_STEP][PASSED] - setValueToCellByIndex(sheet01, n, 9, a9): null

13-01-2025T08:49:43 - [TEST_STEP][PASSED] - n = n + 1: null

13-01-2025T08:49:43 - [TEST_STEP][PASSED] - saveWorkbook(excelFilePath, workbook01): null

13-01-2025T08:49:43 - [TEST_STEP][PASSED] - closeBrowser(): Browser is closed

13-01-2025T08:49:43 - [MESSAGE][PASSED] - Browser is closed

13-01-2025T08:49:43 - [TEST_STEP][PASSED] - delay(70): Delayed 70 second(s)

13-01-2025T08:50:53 - [MESSAGE][PASSED] - Delayed 70 second(s)

13-01-2025T08:50:53 - [TEST_STEP][PASSED] - for ([run = 1, run < 4, (run++)]): null

13-01-2025T08:50:53 - [TEST_STEP][PASSED] - FaktorniyAnaliz(user, dashboardName, n, data, run, a1, a2, a3, a4, a5, a6, a7, a8, a9, urlData): null

13-01-2025T08:50:53 - [TEST_STEP][PASSED] - n = data.getRowNumbers() + 1: null

13-01-2025T08:50:53 - [TEST_STEP][PASSED] - println(n): null

13-01-2025T08:50:53 - [TEST_STEP][PASSED] - dashboardName = "Факторный анализ": null

13-01-2025T08:50:53 - [TEST_STEP][PASSED] - openBrowser(""): Browser is opened with url: ''

13-01-2025T08:50:53 - [MESSAGE][INFO] - Starting 'Chrome' driver

13-01-2025T08:50:53 - [MESSAGE][INFO] - Action delay is set to 0 milliseconds

13-01-2025T08:50:54 - [MESSAGE][PASSED] - Browser is opened with url: ''

13-01-2025T08:50:54 - [TEST_STEP][PASSED] - urlData = 3: null

13-01-2025T08:50:54 - [TEST_STEP][PASSED] - Script1686231490255.CheckPageDownload(urlData, run): null

13-01-2025T08:50:54 - [TEST_STEP][PASSED] - i = 1: null

13-01-2025T08:50:54 - [TEST_STEP][PASSED] - ii = 0: null

13-01-2025T08:50:54 - [TEST_STEP][PASSED] - urlText = <not implemented yet for class: org.codehaus.groovy.ast.expr.EmptyExpression>: null

13-01-2025T08:50:54 - [TEST_STEP][PASSED] - searchWord = <not implemented yet for class: org.codehaus.groovy.ast.expr.EmptyExpression>: null

13-01-2025T08:50:54 - [TEST_STEP][PASSED] - deleteAllCookies(): Delete all cookies successfully

13-01-2025T08:50:54 - [MESSAGE][PASSED] - Delete all cookies successfully

13-01-2025T08:50:54 - [TEST_STEP][PASSED] - refresh(): Refresh successfully

13-01-2025T08:50:54 - [MESSAGE][PASSED] - Refresh successfully

13-01-2025T08:50:54 - [TEST_STEP][PASSED] - delay(70): Delayed 70 second(s)

13-01-2025T08:52:04 - [MESSAGE][PASSED] - Delayed 70 second(s)

13-01-2025T08:52:04 - [TEST_STEP][PASSED] - navigateToUrl(findTestData("PlanFact").getValue(10, urlData)): Navigate to 'https://bi.rosseti.digital/viewer?dashboardGuid=2301950b23be4ed89c1df75f2020051e&sheetGuid=ccd7d7486b3d4e6fa0ee9b1eaebed46c&fit=true' successfully

13-01-2025T08:52:11 - [MESSAGE][PASSED] - Navigate to 'https://bi.rosseti.digital/viewer?dashboardGuid=2301950b23be4ed89c1df75f2020051e&sheetGuid=ccd7d7486b3d4e6fa0ee9b1eaebed46c&fit=true' successfully

13-01-2025T08:52:11 - [TEST_STEP][PASSED] - pageLoaded1 = verifyElementPresent(findTestObject("Страница авторизации/Text"), 30): Object 'Object Repository/Страница авторизации/Text' is present

13-01-2025T08:52:11 - [MESSAGE][PASSED] - Object 'Object Repository/Страница авторизации/Text' is present

13-01-2025T08:52:11 - [TEST_STEP][PASSED] - if (pageLoaded1 == false): null

13-01-2025T08:52:11 - [TEST_STEP][PASSED] - urlText = getText(findTestObject("Страница авторизации/Text")): Text of object 'Object Repository/Страница авторизации/Text' is: 'Вход'

13-01-2025T08:52:12 - [MESSAGE][PASSED] - Text of object 'Object Repository/Страница авторизации/Text' is: 'Вход'

13-01-2025T08:52:12 - [TEST_STEP][PASSED] - delay(70): Delayed 70 second(s)

13-01-2025T08:53:22 - [MESSAGE][PASSED] - Delayed 70 second(s)

13-01-2025T08:53:22 - [TEST_STEP][PASSED] - searchWord = "Вход": null

13-01-2025T08:53:22 - [TEST_STEP][PASSED] - if (urlText.contains(searchWord) == false): null

13-01-2025T08:53:22 - [TEST_STEP][PASSED] - setText(findTestObject("Страница авторизации/input__username"), findTestData("PlanFact").getValue(8, run)): Text 'liazgina-di' is set on object 'Object Repository/Страница авторизации/input__username'

13-01-2025T08:53:22 - [MESSAGE][PASSED] - Text 'liazgina-di' is set on object 'Object Repository/Страница авторизации/input__username'

13-01-2025T08:53:22 - [TEST_STEP][PASSED] - setText(findTestObject("Страница авторизации/input__password"), findTestData("PlanFact").getValue(9, run)): Text ')$%5srZ8o688Dm#q' is set on object 'Object Repository/Страница авторизации/input__password'

13-01-2025T08:53:23 - [MESSAGE][PASSED] - Text ')$%5srZ8o688Dm#q' is set on object 'Object Repository/Страница авторизации/input__password'

13-01-2025T08:53:23 - [TEST_STEP][PASSED] - click(findTestObject("Страница авторизации/button_")): Object: 'Object Repository/Страница авторизации/button_' is clicked on

13-01-2025T08:53:27 - [MESSAGE][PASSED] - Object: 'Object Repository/Страница авторизации/button_' is clicked on

13-01-2025T08:53:27 - [TEST_STEP][PASSED] - delay(70): Delayed 70 second(s)

13-01-2025T08:54:37 - [MESSAGE][PASSED] - Delayed 70 second(s)

13-01-2025T08:54:37 - [TEST_STEP][PASSED] - searchWord = "а": null

13-01-2025T08:54:37 - [TEST_STEP][PASSED] - pageLoaded2 = verifyElementPresent(findTestObject("Страница авторизации/Text"), 50): Object 'Object Repository/Страница авторизации/Text' is present

13-01-2025T08:54:37 - [MESSAGE][PASSED] - Object 'Object Repository/Страница авторизации/Text' is present

13-01-2025T08:54:37 - [TEST_STEP][PASSED] - if (pageLoaded2 == false): null

13-01-2025T08:54:37 - [TEST_STEP][PASSED] - urlText = getText(findTestObject("Страница авторизации/Text")): Text of object 'Object Repository/Страница авторизации/Text' is: 'Период
1, 2, 3 кв., Октябрь, Ноябрь 2024 года
ДЗО 
ПАО Россети
Подписи данных
Итого отклонения по группе компаний: - 445 988 млн.руб.
Филиал
Месяц
Факторный анализ
Всего отклонения по факторам по ПАО Россети за 1, 2, 3 кв., Октябрь, Ноябрь 2024 года
ДЗО
Филиал
Отклонение (объём услуг)
Отклонение (средний тариф)
АО «Тываэнерго» АО "Тываэнерго" 486 - 128
АО «Чеченэнерго» АО «Чеченэнерго» -4 079 47
Россети Волга Мордовэнерго -3 530 -93
Оренбургэнерго -13 669 - 135
Пензаэнерго -8 434 -67
Самарские РС -16 427 -1 202
Саратовские РС -16 583 - 569
Ульяновские РС -6 101 - 216
Чувашэнерго -5 275 152
Россети Кубань Кубаньэнерго -64 770 599
Россети Ленэнерго (ГК) Ленинградская область -36 803 1 111
г. Санкт-Петербург -51 373 - 108
Россети Московский регион Московская область 5 429 - 877
г. Москва 4 012 10
Россети Северный Кавказ (ГК) Дагестанская энергосбытовая компания - 111 69
Дагэнерго -8 053 589
Ингушэнерго -1 797 137
Каббалкэнерго -3 286 70
Карачаево-Черкесскэнерго -2 129 13
Севкавказэнерго -3 775 172
Ставропольэнерго -10 373 - 198
Россети Северо-Запад Архангельский филиал 74 - 112
Вологодский филиал 277 8
Карельский филиал -91 186
Мурманский филиал 102 46
Новгородский филиал 227 -48
Псковский филиал 151 -15
филиал в Республике Коми -63 41
Россети Сибирь (ГК) Алтайэнерго 332 333
Бурятэнерго - 119 329
ГАЭС 153 -21
Красноярскэнерго 1 368 - 676
Кузбассэнерго-РЭС - 461 932
Омскэнерго 188 -70
Хакасэнерго 422 - 442
Читаэнерго -77 206
Россети Томск Томская распределительная компания -8 299 - 146
Россети Тюмень Россети Тюмень -82 026 - 638
Россети Урал (ГК) Пермэнерго 669 - 246
Свердловэнерго 964 315
Челябэнерго 1 045 - 720
Россети ФСК ЕЭС Итого по ФСК ЕЭС -17 684 -6 088
Россети Центр Белгородэнерго 347 138
Брянскэнерго -5 765 17
Воронежэнерго -15 652 167
Костромаэнерго 127 -11
Курскэнерго -2 510 157
Липецкэнерго 853 - 381
Орелэнерго -4 613 -57
Смоленскэнерго -8 540 48
Тамбовэнерго -6 716 -12
Тверьэнерго 376 192
Ярэнерго -6 276 95
Россети Центр и Приволжье (ГК) Владимирэнерго 574 64
Ивэнерго 201 62
Калугаэнерго 706 -61
Кировэнерго 511 30
Мариэнерго 189 23
Нижновэнерго 849 359
Рязаньэнерго 229 70
Тулэнерго 877 - 292
Удмуртэнерго 401 20
Россети Юг (ГК) АО «ВМЭС» -4 225 59
Астраханьэнерго -6 426 68
Волгоградэнерго -11 043 - 400
Калмэнерго -1 859 -2
Ростовэнерго -22 464 75
Россети Янтарь Россети Янтарь 419 -47
Отклонения выручки по факторам по выбранным ДЗО, руб
-1 291 521-1 291 521
31 69431 694
Отклонение (объём услуг)
Отклонение (средний тариф)
ПАО Россети'

13-01-2025T08:54:38 - [MESSAGE][PASSED] - Text of object 'Object Repository/Страница авторизации/Text' is: 'Период
1, 2, 3 кв., Октябрь, Ноябрь 2024 года
ДЗО 
ПАО Россети
Подписи данных
Итого отклонения по группе компаний: - 445 988 млн.руб.
Филиал
Месяц
Факторный анализ
Всего отклонения по факторам по ПАО Россети за 1, 2, 3 кв., Октябрь, Ноябрь 2024 года
ДЗО
Филиал
Отклонение (объём услуг)
Отклонение (средний тариф)
АО «Тываэнерго» АО "Тываэнерго" 486 - 128
АО «Чеченэнерго» АО «Чеченэнерго» -4 079 47
Россети Волга Мордовэнерго -3 530 -93
Оренбургэнерго -13 669 - 135
Пензаэнерго -8 434 -67
Самарские РС -16 427 -1 202
Саратовские РС -16 583 - 569
Ульяновские РС -6 101 - 216
Чувашэнерго -5 275 152
Россети Кубань Кубаньэнерго -64 770 599
Россети Ленэнерго (ГК) Ленинградская область -36 803 1 111
г. Санкт-Петербург -51 373 - 108
Россети Московский регион Московская область 5 429 - 877
г. Москва 4 012 10
Россети Северный Кавказ (ГК) Дагестанская энергосбытовая компания - 111 69
Дагэнерго -8 053 589
Ингушэнерго -1 797 137
Каббалкэнерго -3 286 70
Карачаево-Черкесскэнерго -2 129 13
Севкавказэнерго -3 775 172
Ставропольэнерго -10 373 - 198
Россети Северо-Запад Архангельский филиал 74 - 112
Вологодский филиал 277 8
Карельский филиал -91 186
Мурманский филиал 102 46
Новгородский филиал 227 -48
Псковский филиал 151 -15
филиал в Республике Коми -63 41
Россети Сибирь (ГК) Алтайэнерго 332 333
Бурятэнерго - 119 329
ГАЭС 153 -21
Красноярскэнерго 1 368 - 676
Кузбассэнерго-РЭС - 461 932
Омскэнерго 188 -70
Хакасэнерго 422 - 442
Читаэнерго -77 206
Россети Томск Томская распределительная компания -8 299 - 146
Россети Тюмень Россети Тюмень -82 026 - 638
Россети Урал (ГК) Пермэнерго 669 - 246
Свердловэнерго 964 315
Челябэнерго 1 045 - 720
Россети ФСК ЕЭС Итого по ФСК ЕЭС -17 684 -6 088
Россети Центр Белгородэнерго 347 138
Брянскэнерго -5 765 17
Воронежэнерго -15 652 167
Костромаэнерго 127 -11
Курскэнерго -2 510 157
Липецкэнерго 853 - 381
Орелэнерго -4 613 -57
Смоленскэнерго -8 540 48
Тамбовэнерго -6 716 -12
Тверьэнерго 376 192
Ярэнерго -6 276 95
Россети Центр и Приволжье (ГК) Владимирэнерго 574 64
Ивэнерго 201 62
Калугаэнерго 706 -61
Кировэнерго 511 30
Мариэнерго 189 23
Нижновэнерго 849 359
Рязаньэнерго 229 70
Тулэнерго 877 - 292
Удмуртэнерго 401 20
Россети Юг (ГК) АО «ВМЭС» -4 225 59
Астраханьэнерго -6 426 68
Волгоградэнерго -11 043 - 400
Калмэнерго -1 859 -2
Ростовэнерго -22 464 75
Россети Янтарь Россети Янтарь 419 -47
Отклонения выручки по факторам по выбранным ДЗО, руб
-1 291 521-1 291 521
31 69431 694
Отклонение (объём услуг)
Отклонение (средний тариф)
ПАО Россети'

13-01-2025T08:54:38 - [TEST_STEP][PASSED] - if (urlText.contains("ошибка") || urlText.contains(searchWord) == false): null

13-01-2025T08:54:38 - [TEST_STEP][PASSED] - click(findTestObject("Факторный анализ/Фильтр Период")): Object: 'Object Repository/Факторный анализ/Фильтр Период' is clicked on

13-01-2025T08:54:39 - [MESSAGE][PASSED] - Object: 'Object Repository/Факторный анализ/Фильтр Период' is clicked on

13-01-2025T08:54:39 - [TEST_STEP][PASSED] - click(findTestObject("Факторный анализ/Снять выделение в фильтре Дата")): Object: 'Object Repository/Факторный анализ/Снять выделение в фильтре Дата' is clicked on

13-01-2025T08:54:39 - [MESSAGE][PASSED] - Object: 'Object Repository/Факторный анализ/Снять выделение в фильтре Дата' is clicked on

13-01-2025T08:54:39 - [TEST_STEP][PASSED] - click(findTestObject("Факторный анализ/Применить в фильтре Дата")): Object: 'Object Repository/Факторный анализ/Применить в фильтре Дата' is clicked on

13-01-2025T08:54:40 - [MESSAGE][PASSED] - Object: 'Object Repository/Факторный анализ/Применить в фильтре Дата' is clicked on

13-01-2025T08:54:40 - [TEST_STEP][PASSED] - click(findTestObject("Факторный анализ/Фильтр Период")): Object: 'Object Repository/Факторный анализ/Фильтр Период' is clicked on

13-01-2025T08:54:43 - [MESSAGE][PASSED] - Object: 'Object Repository/Факторный анализ/Фильтр Период' is clicked on

13-01-2025T08:54:43 - [TEST_STEP][PASSED] - click(findTestObject("Факторный анализ/Снять выделение в фильтре Дата")): Object: 'Object Repository/Факторный анализ/Снять выделение в фильтре Дата' is clicked on

13-01-2025T08:54:43 - [MESSAGE][PASSED] - Object: 'Object Repository/Факторный анализ/Снять выделение в фильтре Дата' is clicked on

13-01-2025T08:54:43 - [TEST_STEP][PASSED] - scrollToElement(findTestObject("Факторный анализ/2024 список"), 30): Scroll to object 'Object Repository/Факторный анализ/2024 список' successfully

13-01-2025T08:54:43 - [MESSAGE][PASSED] - Scroll to object 'Object Repository/Факторный анализ/2024 список' successfully

13-01-2025T08:54:43 - [TEST_STEP][PASSED] - click(findTestObject("Факторный анализ/2024 список")): Object: 'Object Repository/Факторный анализ/2024 список' is clicked on

13-01-2025T08:54:44 - [MESSAGE][PASSED] - Object: 'Object Repository/Факторный анализ/2024 список' is clicked on

13-01-2025T08:54:44 - [TEST_STEP][PASSED] - scrollToElement(findTestObject("Факторный анализ/1 квартал 2024 выбрать"), 30): Scroll to object 'Object Repository/Факторный анализ/1 квартал 2024 выбрать' successfully

13-01-2025T08:54:44 - [MESSAGE][PASSED] - Scroll to object 'Object Repository/Факторный анализ/1 квартал 2024 выбрать' successfully

13-01-2025T08:54:44 - [TEST_STEP][PASSED] - click(findTestObject("Факторный анализ/1 квартал 2024 выбрать")): Object: 'Object Repository/Факторный анализ/1 квартал 2024 выбрать' is clicked on

13-01-2025T08:54:45 - [MESSAGE][PASSED] - Object: 'Object Repository/Факторный анализ/1 квартал 2024 выбрать' is clicked on

13-01-2025T08:54:45 - [TEST_STEP][PASSED] - scrollToElement(findTestObject("Факторный анализ/1 квартал 2024 выбрать"), 30): Scroll to object 'Object Repository/Факторный анализ/1 квартал 2024 выбрать' successfully

13-01-2025T08:54:45 - [MESSAGE][PASSED] - Scroll to object 'Object Repository/Факторный анализ/1 квартал 2024 выбрать' successfully

13-01-2025T08:54:45 - [TEST_STEP][PASSED] - click(findTestObject("Факторный анализ/2 квартал 2024 выбрать"), CONTINUE_ON_FAILURE): Object: 'Object Repository/Факторный анализ/2 квартал 2024 выбрать' is clicked on

13-01-2025T08:54:45 - [MESSAGE][PASSED] - Object: 'Object Repository/Факторный анализ/2 квартал 2024 выбрать' is clicked on

13-01-2025T08:54:45 - [TEST_STEP][PASSED] - scrollToElement(findTestObject("Факторный анализ/3 квартал 2024 список"), 30): Scroll to object 'Object Repository/Факторный анализ/3 квартал 2024 список' successfully

13-01-2025T08:54:46 - [MESSAGE][PASSED] - Scroll to object 'Object Repository/Факторный анализ/3 квартал 2024 список' successfully

13-01-2025T08:54:46 - [TEST_STEP][PASSED] - click(findTestObject("Факторный анализ/3 квартал 2024 выбрать"), CONTINUE_ON_FAILURE): Object: 'Object Repository/Факторный анализ/3 квартал 2024 выбрать' is clicked on

13-01-2025T08:54:46 - [MESSAGE][PASSED] - Object: 'Object Repository/Факторный анализ/3 квартал 2024 выбрать' is clicked on

13-01-2025T08:54:46 - [TEST_STEP][PASSED] - scrollToElement(findTestObject("Факторный анализ/4 квартал 2024 список"), 30): Scroll to object 'Object Repository/Факторный анализ/4 квартал 2024 список' successfully

13-01-2025T08:54:47 - [MESSAGE][PASSED] - Scroll to object 'Object Repository/Факторный анализ/4 квартал 2024 список' successfully

13-01-2025T08:54:47 - [TEST_STEP][PASSED] - click(findTestObject("Факторный анализ/4 квартал 2024 список"), CONTINUE_ON_FAILURE): Object: 'Object Repository/Факторный анализ/4 квартал 2024 список' is clicked on

13-01-2025T08:54:47 - [MESSAGE][PASSED] - Object: 'Object Repository/Факторный анализ/4 квартал 2024 список' is clicked on

13-01-2025T08:54:47 - [TEST_STEP][PASSED] - scrollToElement(findTestObject("Факторный анализ/Октябрь 2024"), 30): Scroll to object 'Object Repository/Факторный анализ/Октябрь 2024' successfully

13-01-2025T08:54:47 - [MESSAGE][PASSED] - Scroll to object 'Object Repository/Факторный анализ/Октябрь 2024' successfully

13-01-2025T08:54:47 - [TEST_STEP][PASSED] - click(findTestObject("Факторный анализ/Октябрь 2024"), CONTINUE_ON_FAILURE): Object: 'Object Repository/Факторный анализ/Октябрь 2024' is clicked on

13-01-2025T08:54:48 - [MESSAGE][PASSED] - Object: 'Object Repository/Факторный анализ/Октябрь 2024' is clicked on

13-01-2025T08:54:48 - [TEST_STEP][PASSED] - scrollToElement(findTestObject("Факторный анализ/Ноябрь 2024"), 30): Scroll to object 'Object Repository/Факторный анализ/Ноябрь 2024' successfully

13-01-2025T08:54:48 - [MESSAGE][PASSED] - Scroll to object 'Object Repository/Факторный анализ/Ноябрь 2024' successfully

13-01-2025T08:54:48 - [TEST_STEP][PASSED] - click(findTestObject("Факторный анализ/Ноябрь 2024"), CONTINUE_ON_FAILURE): Object: 'Object Repository/Факторный анализ/Ноябрь 2024' is clicked on

13-01-2025T08:54:49 - [MESSAGE][PASSED] - Object: 'Object Repository/Факторный анализ/Ноябрь 2024' is clicked on

13-01-2025T08:54:49 - [TEST_STEP][PASSED] - scrollToElement(findTestObject("Факторный анализ/Заголовок дашборда"), 30): Scroll to object 'Object Repository/Факторный анализ/Заголовок дашборда' successfully

13-01-2025T08:54:49 - [MESSAGE][PASSED] - Scroll to object 'Object Repository/Факторный анализ/Заголовок дашборда' successfully

13-01-2025T08:54:49 - [TEST_STEP][PASSED] - click(findTestObject("Факторный анализ/Применить в фильтре Дата")): Object: 'Object Repository/Факторный анализ/Применить в фильтре Дата' is clicked on

13-01-2025T08:54:50 - [MESSAGE][PASSED] - Object: 'Object Repository/Факторный анализ/Применить в фильтре Дата' is clicked on

13-01-2025T08:54:50 - [TEST_STEP][PASSED] - a5 = "": null

13-01-2025T08:54:50 - [TEST_STEP][PASSED] - a6 = "": null

13-01-2025T08:54:50 - [TEST_STEP][PASSED] - a7 = "": null

13-01-2025T08:54:50 - [TEST_STEP][PASSED] - a8 = "": null

13-01-2025T08:54:50 - [TEST_STEP][PASSED] - a9 = "": null

13-01-2025T08:54:50 - [TEST_STEP][PASSED] - if (run == 1): null

13-01-2025T08:54:50 - [TEST_STEP][PASSED] - user = "админ": null

13-01-2025T08:54:50 - [TEST_STEP][PASSED] - a1 = getText(findTestObject("Факторный анализ/span1 Блок руководителя")): Text of object 'Object Repository/Факторный анализ/span1 Блок руководителя' is: ''

13-01-2025T08:54:51 - [MESSAGE][PASSED] - Text of object 'Object Repository/Факторный анализ/span1 Блок руководителя' is: ''

13-01-2025T08:54:51 - [TEST_STEP][PASSED] - a2 = getText(findTestObject("Факторный анализ/span2 Блок руководителя")): Text of object 'Object Repository/Факторный анализ/span2 Блок руководителя' is: ''

13-01-2025T08:54:51 - [MESSAGE][PASSED] - Text of object 'Object Repository/Факторный анализ/span2 Блок руководителя' is: ''

13-01-2025T08:54:51 - [TEST_STEP][PASSED] - a3 = getText(findTestObject("Факторный анализ/График Всего отклонения по факторам Блок руководителя")): Text of object 'Object Repository/Факторный анализ/График Всего отклонения по факторам Блок руководителя' is: 'ДЗО
Филиал
Отклонение (объём услуг)
Отклонение (средний тариф)
АО «Тываэнерго» АО "Тываэнерго" 486 - 128
АО «Чеченэнерго» АО «Чеченэнерго» -4 079 47
Россети Волга Мордовэнерго -3 530 -93
Оренбургэнерго -13 669 - 135
Пензаэнерго -8 434 -67
Самарские РС -16 427 -1 202
Саратовские РС -16 583 - 569
Ульяновские РС -6 101 - 216
Чувашэнерго -5 275 152
Россети Кубань Кубаньэнерго -64 770 599
Россети Ленэнерго (ГК) Ленинградская область -36 803 1 111
г. Санкт-Петербург -51 373 - 108
Россети Московский регион Московская область 5 429 - 877
г. Москва 4 012 10
Россети Северный Кавказ (ГК) Дагестанская энергосбытовая компания - 111 69
Дагэнерго -8 053 589
Ингушэнерго -1 797 137
Каббалкэнерго -3 286 70
Карачаево-Черкесскэнерго -2 129 13
Севкавказэнерго -3 775 172
Ставропольэнерго -10 373 - 198
Россети Северо-Запад Архангельский филиал 74 - 112
Вологодский филиал 277 8
Карельский филиал -91 186
Мурманский филиал 102 46
Новгородский филиал 227 -48
Псковский филиал 151 -15
филиал в Республике Коми -63 41
Россети Сибирь (ГК) Алтайэнерго 332 333
Бурятэнерго - 119 329
ГАЭС 153 -21
Красноярскэнерго 1 368 - 676
Кузбассэнерго-РЭС - 461 932
Омскэнерго 188 -70
Хакасэнерго 422 - 442
Читаэнерго -77 206
Россети Томск Томская распределительная компания -8 299 - 146
Россети Тюмень Россети Тюмень -82 026 - 638
Россети Урал (ГК) Пермэнерго 669 - 246
Свердловэнерго 964 315
Челябэнерго 1 045 - 720
Россети ФСК ЕЭС Итого по ФСК ЕЭС -17 684 -6 088
Россети Центр Белгородэнерго 347 138
Брянскэнерго -5 765 17
Воронежэнерго -15 652 167
Костромаэнерго 127 -11
Курскэнерго -2 510 157
Липецкэнерго 853 - 381
Орелэнерго -4 613 -57
Смоленскэнерго -8 540 48
Тамбовэнерго -6 716 -12
Тверьэнерго 376 192
Ярэнерго -6 276 95
Россети Центр и Приволжье (ГК) Владимирэнерго 574 64
Ивэнерго 201 62
Калугаэнерго 706 -61
Кировэнерго 511 30
Мариэнерго 189 23
Нижновэнерго 849 359
Рязаньэнерго 229 70
Тулэнерго 877 - 292
Удмуртэнерго 401 20
Россети Юг (ГК) АО «ВМЭС» -4 225 59
Астраханьэнерго -6 426 68
Волгоградэнерго -11 043 - 400
Калмэнерго -1 859 -2
Ростовэнерго -22 464 75
Россети Янтарь Россети Янтарь 419 -47'

13-01-2025T08:54:52 - [MESSAGE][PASSED] - Text of object 'Object Repository/Факторный анализ/График Всего отклонения по факторам Блок руководителя' is: 'ДЗО
Филиал
Отклонение (объём услуг)
Отклонение (средний тариф)
АО «Тываэнерго» АО "Тываэнерго" 486 - 128
АО «Чеченэнерго» АО «Чеченэнерго» -4 079 47
Россети Волга Мордовэнерго -3 530 -93
Оренбургэнерго -13 669 - 135
Пензаэнерго -8 434 -67
Самарские РС -16 427 -1 202
Саратовские РС -16 583 - 569
Ульяновские РС -6 101 - 216
Чувашэнерго -5 275 152
Россети Кубань Кубаньэнерго -64 770 599
Россети Ленэнерго (ГК) Ленинградская область -36 803 1 111
г. Санкт-Петербург -51 373 - 108
Россети Московский регион Московская область 5 429 - 877
г. Москва 4 012 10
Россети Северный Кавказ (ГК) Дагестанская энергосбытовая компания - 111 69
Дагэнерго -8 053 589
Ингушэнерго -1 797 137
Каббалкэнерго -3 286 70
Карачаево-Черкесскэнерго -2 129 13
Севкавказэнерго -3 775 172
Ставропольэнерго -10 373 - 198
Россети Северо-Запад Архангельский филиал 74 - 112
Вологодский филиал 277 8
Карельский филиал -91 186
Мурманский филиал 102 46
Новгородский филиал 227 -48
Псковский филиал 151 -15
филиал в Республике Коми -63 41
Россети Сибирь (ГК) Алтайэнерго 332 333
Бурятэнерго - 119 329
ГАЭС 153 -21
Красноярскэнерго 1 368 - 676
Кузбассэнерго-РЭС - 461 932
Омскэнерго 188 -70
Хакасэнерго 422 - 442
Читаэнерго -77 206
Россети Томск Томская распределительная компания -8 299 - 146
Россети Тюмень Россети Тюмень -82 026 - 638
Россети Урал (ГК) Пермэнерго 669 - 246
Свердловэнерго 964 315
Челябэнерго 1 045 - 720
Россети ФСК ЕЭС Итого по ФСК ЕЭС -17 684 -6 088
Россети Центр Белгородэнерго 347 138
Брянскэнерго -5 765 17
Воронежэнерго -15 652 167
Костромаэнерго 127 -11
Курскэнерго -2 510 157
Липецкэнерго 853 - 381
Орелэнерго -4 613 -57
Смоленскэнерго -8 540 48
Тамбовэнерго -6 716 -12
Тверьэнерго 376 192
Ярэнерго -6 276 95
Россети Центр и Приволжье (ГК) Владимирэнерго 574 64
Ивэнерго 201 62
Калугаэнерго 706 -61
Кировэнерго 511 30
Мариэнерго 189 23
Нижновэнерго 849 359
Рязаньэнерго 229 70
Тулэнерго 877 - 292
Удмуртэнерго 401 20
Россети Юг (ГК) АО «ВМЭС» -4 225 59
Астраханьэнерго -6 426 68
Волгоградэнерго -11 043 - 400
Калмэнерго -1 859 -2
Ростовэнерго -22 464 75
Россети Янтарь Россети Янтарь 419 -47'

13-01-2025T08:54:52 - [TEST_STEP][PASSED] - click(findTestObject("Факторный анализ/Переключить отображение с филиала на месяц")): Object: 'Object Repository/Факторный анализ/Переключить отображение с филиала на месяц' is clicked on

13-01-2025T08:54:52 - [MESSAGE][PASSED] - Object: 'Object Repository/Факторный анализ/Переключить отображение с филиала на месяц' is clicked on

13-01-2025T08:54:52 - [TEST_STEP][PASSED] - a4 = getText(findTestObject("Факторный анализ/График Всего отклонения по факторам Блок руководителя")): Text of object 'Object Repository/Факторный анализ/График Всего отклонения по факторам Блок руководителя' is: 'ДЗО
Филиал
Отклонение (объём услуг)
Отклонение (средний тариф)
АО «Тываэнерго» АО "Тываэнерго" 486 - 128
АО «Чеченэнерго» АО «Чеченэнерго» -4 079 47
Россети Волга Мордовэнерго -3 530 -93
Оренбургэнерго -13 669 - 135
Пензаэнерго -8 434 -67
Самарские РС -16 427 -1 202
Саратовские РС -16 583 - 569
Ульяновские РС -6 101 - 216
Чувашэнерго -5 275 152
Россети Кубань Кубаньэнерго -64 770 599
Россети Ленэнерго (ГК) Ленинградская область -36 803 1 111
г. Санкт-Петербург -51 373 - 108
Россети Московский регион Московская область 5 429 - 877
г. Москва 4 012 10
Россети Северный Кавказ (ГК) Дагестанская энергосбытовая компания - 111 69
Дагэнерго -8 053 589
Ингушэнерго -1 797 137
Каббалкэнерго -3 286 70
Карачаево-Черкесскэнерго -2 129 13
Севкавказэнерго -3 775 172
Ставропольэнерго -10 373 - 198
Россети Северо-Запад Архангельский филиал 74 - 112
Вологодский филиал 277 8
Карельский филиал -91 186
Мурманский филиал 102 46
Новгородский филиал 227 -48
Псковский филиал 151 -15
филиал в Республике Коми -63 41
Россети Сибирь (ГК) Алтайэнерго 332 333
Бурятэнерго - 119 329
ГАЭС 153 -21
Красноярскэнерго 1 368 - 676
Кузбассэнерго-РЭС - 461 932
Омскэнерго 188 -70
Хакасэнерго 422 - 442
Читаэнерго -77 206
Россети Томск Томская распределительная компания -8 299 - 146
Россети Тюмень Россети Тюмень -82 026 - 638
Россети Урал (ГК) Пермэнерго 669 - 246
Свердловэнерго 964 315
Челябэнерго 1 045 - 720
Россети ФСК ЕЭС Итого по ФСК ЕЭС -17 684 -6 088
Россети Центр Белгородэнерго 347 138
Брянскэнерго -5 765 17
Воронежэнерго -15 652 167
Костромаэнерго 127 -11
Курскэнерго -2 510 157
Липецкэнерго 853 - 381
Орелэнерго -4 613 -57
Смоленскэнерго -8 540 48
Тамбовэнерго -6 716 -12
Тверьэнерго 376 192
Ярэнерго -6 276 95
Россети Центр и Приволжье (ГК) Владимирэнерго 574 64
Ивэнерго 201 62
Калугаэнерго 706 -61
Кировэнерго 511 30
Мариэнерго 189 23
Нижновэнерго 849 359
Рязаньэнерго 229 70
Тулэнерго 877 - 292
Удмуртэнерго 401 20
Россети Юг (ГК) АО «ВМЭС» -4 225 59
Астраханьэнерго -6 426 68
Волгоградэнерго -11 043 - 400
Калмэнерго -1 859 -2
Ростовэнерго -22 464 75
Россети Янтарь Россети Янтарь 419 -47'

13-01-2025T08:54:52 - [MESSAGE][PASSED] - Text of object 'Object Repository/Факторный анализ/График Всего отклонения по факторам Блок руководителя' is: 'ДЗО
Филиал
Отклонение (объём услуг)
Отклонение (средний тариф)
АО «Тываэнерго» АО "Тываэнерго" 486 - 128
АО «Чеченэнерго» АО «Чеченэнерго» -4 079 47
Россети Волга Мордовэнерго -3 530 -93
Оренбургэнерго -13 669 - 135
Пензаэнерго -8 434 -67
Самарские РС -16 427 -1 202
Саратовские РС -16 583 - 569
Ульяновские РС -6 101 - 216
Чувашэнерго -5 275 152
Россети Кубань Кубаньэнерго -64 770 599
Россети Ленэнерго (ГК) Ленинградская область -36 803 1 111
г. Санкт-Петербург -51 373 - 108
Россети Московский регион Московская область 5 429 - 877
г. Москва 4 012 10
Россети Северный Кавказ (ГК) Дагестанская энергосбытовая компания - 111 69
Дагэнерго -8 053 589
Ингушэнерго -1 797 137
Каббалкэнерго -3 286 70
Карачаево-Черкесскэнерго -2 129 13
Севкавказэнерго -3 775 172
Ставропольэнерго -10 373 - 198
Россети Северо-Запад Архангельский филиал 74 - 112
Вологодский филиал 277 8
Карельский филиал -91 186
Мурманский филиал 102 46
Новгородский филиал 227 -48
Псковский филиал 151 -15
филиал в Республике Коми -63 41
Россети Сибирь (ГК) Алтайэнерго 332 333
Бурятэнерго - 119 329
ГАЭС 153 -21
Красноярскэнерго 1 368 - 676
Кузбассэнерго-РЭС - 461 932
Омскэнерго 188 -70
Хакасэнерго 422 - 442
Читаэнерго -77 206
Россети Томск Томская распределительная компания -8 299 - 146
Россети Тюмень Россети Тюмень -82 026 - 638
Россети Урал (ГК) Пермэнерго 669 - 246
Свердловэнерго 964 315
Челябэнерго 1 045 - 720
Россети ФСК ЕЭС Итого по ФСК ЕЭС -17 684 -6 088
Россети Центр Белгородэнерго 347 138
Брянскэнерго -5 765 17
Воронежэнерго -15 652 167
Костромаэнерго 127 -11
Курскэнерго -2 510 157
Липецкэнерго 853 - 381
Орелэнерго -4 613 -57
Смоленскэнерго -8 540 48
Тамбовэнерго -6 716 -12
Тверьэнерго 376 192
Ярэнерго -6 276 95
Россети Центр и Приволжье (ГК) Владимирэнерго 574 64
Ивэнерго 201 62
Калугаэнерго 706 -61
Кировэнерго 511 30
Мариэнерго 189 23
Нижновэнерго 849 359
Рязаньэнерго 229 70
Тулэнерго 877 - 292
Удмуртэнерго 401 20
Россети Юг (ГК) АО «ВМЭС» -4 225 59
Астраханьэнерго -6 426 68
Волгоградэнерго -11 043 - 400
Калмэнерго -1 859 -2
Ростовэнерго -22 464 75
Россети Янтарь Россети Янтарь 419 -47'

13-01-2025T08:54:52 - [TEST_STEP][PASSED] - n = n + 24: null

13-01-2025T08:54:52 - [TEST_STEP][PASSED] - Script1686231490255.WriteToExcel(user, dashboardName, n, data, run, a1, a2, a3, a4, a5, a6, a7, a8, a9): null

13-01-2025T08:54:52 - [TEST_STEP][PASSED] - sheetName = "Sheet1": null

13-01-2025T08:54:52 - [TEST_STEP][PASSED] - workbook01 = getWorkbook(excelFilePath): null

13-01-2025T08:54:52 - [TEST_STEP][PASSED] - sheet01 = getExcelSheet(workbook01, sheetName): null

13-01-2025T08:54:52 - [TEST_STEP][PASSED] - setValueToCellByIndex(sheet01, n, 0, dashboardName): null

13-01-2025T08:54:52 - [TEST_STEP][PASSED] - setValueToCellByIndex(sheet01, n, 10, user): null

13-01-2025T08:54:52 - [TEST_STEP][PASSED] - setValueToCellByIndex(sheet01, n, 1, a1): null

13-01-2025T08:54:52 - [TEST_STEP][PASSED] - setValueToCellByIndex(sheet01, n, 2, a2): null

13-01-2025T08:54:52 - [TEST_STEP][PASSED] - setValueToCellByIndex(sheet01, n, 3, a3): null

13-01-2025T08:54:52 - [TEST_STEP][PASSED] - setValueToCellByIndex(sheet01, n, 4, a4): null

13-01-2025T08:54:52 - [TEST_STEP][PASSED] - setValueToCellByIndex(sheet01, n, 5, a5): null

13-01-2025T08:54:52 - [TEST_STEP][PASSED] - setValueToCellByIndex(sheet01, n, 6, a6): null

13-01-2025T08:54:52 - [TEST_STEP][PASSED] - setValueToCellByIndex(sheet01, n, 7, a7): null

13-01-2025T08:54:52 - [TEST_STEP][PASSED] - setValueToCellByIndex(sheet01, n, 8, a8): null

13-01-2025T08:54:52 - [TEST_STEP][PASSED] - setValueToCellByIndex(sheet01, n, 9, a9): null

13-01-2025T08:54:52 - [TEST_STEP][PASSED] - n = n + 1: null

13-01-2025T08:54:52 - [TEST_STEP][PASSED] - saveWorkbook(excelFilePath, workbook01): null

13-01-2025T08:54:53 - [TEST_STEP][PASSED] - if (run == 2): null

13-01-2025T08:54:53 - [TEST_STEP][PASSED] - if (run == 3): null

13-01-2025T08:54:53 - [TEST_STEP][PASSED] - closeBrowser(): null

13-01-2025T08:54:53 - [MESSAGE][PASSED] - Browser is closed

13-01-2025T08:54:53 - [TEST_STEP][PASSED] - FaktorniyAnaliz(user, dashboardName, n, data, run, a1, a2, a3, a4, a5, a6, a7, a8, a9, urlData): null

13-01-2025T08:54:53 - [TEST_STEP][PASSED] - n = data.getRowNumbers() + 1: null

13-01-2025T08:54:53 - [TEST_STEP][PASSED] - println(n): null

13-01-2025T08:54:53 - [TEST_STEP][PASSED] - dashboardName = "Факторный анализ": null

13-01-2025T08:54:53 - [TEST_STEP][PASSED] - openBrowser(""): Browser is opened with url: ''

13-01-2025T08:54:53 - [MESSAGE][INFO] - Starting 'Chrome' driver

13-01-2025T08:54:53 - [MESSAGE][INFO] - Action delay is set to 0 milliseconds

13-01-2025T08:54:54 - [MESSAGE][PASSED] - Browser is opened with url: ''

13-01-2025T08:54:54 - [TEST_STEP][PASSED] - urlData = 3: null

13-01-2025T08:54:54 - [TEST_STEP][PASSED] - Script1686231490255.CheckPageDownload(urlData, run): null

13-01-2025T08:54:54 - [TEST_STEP][PASSED] - i = 1: null

13-01-2025T08:54:54 - [TEST_STEP][PASSED] - ii = 0: null

13-01-2025T08:54:54 - [TEST_STEP][PASSED] - urlText = <not implemented yet for class: org.codehaus.groovy.ast.expr.EmptyExpression>: null

13-01-2025T08:54:54 - [TEST_STEP][PASSED] - searchWord = <not implemented yet for class: org.codehaus.groovy.ast.expr.EmptyExpression>: null

13-01-2025T08:54:54 - [TEST_STEP][PASSED] - deleteAllCookies(): Delete all cookies successfully

13-01-2025T08:54:54 - [MESSAGE][PASSED] - Delete all cookies successfully

13-01-2025T08:54:54 - [TEST_STEP][PASSED] - refresh(): Refresh successfully

13-01-2025T08:54:54 - [MESSAGE][PASSED] - Refresh successfully

13-01-2025T08:54:54 - [TEST_STEP][PASSED] - delay(70): Delayed 70 second(s)

13-01-2025T08:56:04 - [MESSAGE][PASSED] - Delayed 70 second(s)

13-01-2025T08:56:04 - [TEST_STEP][PASSED] - navigateToUrl(findTestData("PlanFact").getValue(10, urlData)): Navigate to 'https://bi.rosseti.digital/viewer?dashboardGuid=2301950b23be4ed89c1df75f2020051e&sheetGuid=ccd7d7486b3d4e6fa0ee9b1eaebed46c&fit=true' successfully

13-01-2025T08:56:12 - [MESSAGE][PASSED] - Navigate to 'https://bi.rosseti.digital/viewer?dashboardGuid=2301950b23be4ed89c1df75f2020051e&sheetGuid=ccd7d7486b3d4e6fa0ee9b1eaebed46c&fit=true' successfully

13-01-2025T08:56:12 - [TEST_STEP][PASSED] - pageLoaded1 = verifyElementPresent(findTestObject("Страница авторизации/Text"), 30): Object 'Object Repository/Страница авторизации/Text' is present

13-01-2025T08:56:13 - [MESSAGE][PASSED] - Object 'Object Repository/Страница авторизации/Text' is present

13-01-2025T08:56:13 - [TEST_STEP][PASSED] - if (pageLoaded1 == false): null

13-01-2025T08:56:13 - [TEST_STEP][PASSED] - urlText = getText(findTestObject("Страница авторизации/Text")): Text of object 'Object Repository/Страница авторизации/Text' is: 'Вход'

13-01-2025T08:56:14 - [MESSAGE][PASSED] - Text of object 'Object Repository/Страница авторизации/Text' is: 'Вход'

13-01-2025T08:56:14 - [TEST_STEP][PASSED] - delay(70): Delayed 70 second(s)

13-01-2025T08:57:24 - [MESSAGE][PASSED] - Delayed 70 second(s)

13-01-2025T08:57:24 - [TEST_STEP][PASSED] - searchWord = "Вход": null

13-01-2025T08:57:24 - [TEST_STEP][PASSED] - if (urlText.contains(searchWord) == false): null

13-01-2025T08:57:24 - [TEST_STEP][PASSED] - setText(findTestObject("Страница авторизации/input__username"), findTestData("PlanFact").getValue(8, run)): Text 'Andreeva-EV' is set on object 'Object Repository/Страница авторизации/input__username'

13-01-2025T08:57:24 - [MESSAGE][PASSED] - Text 'Andreeva-EV' is set on object 'Object Repository/Страница авторизации/input__username'

13-01-2025T08:57:24 - [TEST_STEP][PASSED] - setText(findTestObject("Страница авторизации/input__password"), findTestData("PlanFact").getValue(9, run)): Text '2nPePKDwCPH3ul7xMZ' is set on object 'Object Repository/Страница авторизации/input__password'

13-01-2025T08:57:25 - [MESSAGE][PASSED] - Text '2nPePKDwCPH3ul7xMZ' is set on object 'Object Repository/Страница авторизации/input__password'

13-01-2025T08:57:25 - [TEST_STEP][PASSED] - click(findTestObject("Страница авторизации/button_")): Object: 'Object Repository/Страница авторизации/button_' is clicked on

13-01-2025T08:57:27 - [MESSAGE][PASSED] - Object: 'Object Repository/Страница авторизации/button_' is clicked on

13-01-2025T08:57:27 - [TEST_STEP][PASSED] - delay(70): Delayed 70 second(s)

13-01-2025T08:58:37 - [MESSAGE][PASSED] - Delayed 70 second(s)

13-01-2025T08:58:37 - [TEST_STEP][PASSED] - searchWord = "а": null

13-01-2025T08:58:37 - [TEST_STEP][PASSED] - pageLoaded2 = verifyElementPresent(findTestObject("Страница авторизации/Text"), 50): Object 'Object Repository/Страница авторизации/Text' is present

13-01-2025T08:58:37 - [MESSAGE][PASSED] - Object 'Object Repository/Страница авторизации/Text' is present

13-01-2025T08:58:37 - [TEST_STEP][PASSED] - if (pageLoaded2 == false): null

13-01-2025T08:58:37 - [TEST_STEP][PASSED] - urlText = getText(findTestObject("Страница авторизации/Text")): Text of object 'Object Repository/Страница авторизации/Text' is: 'Период
1, 2, 3 кв., Октябрь, Ноябрь 2024 года
ДЗО 
ПАО Россети
Подписи данных
Итого отклонения по группе компаний: - 445 988 млн.руб.
Филиал
Месяц
Факторный анализ
Всего отклонения по факторам по ПАО Россети за 1, 2, 3 кв., Октябрь, Ноябрь 2024 года
ДЗО
Филиал
Отклонение (объём услуг)
Отклонение (средний тариф)
АО «Тываэнерго» АО "Тываэнерго" 486 - 128
АО «Чеченэнерго» АО «Чеченэнерго» -4 079 47
Россети Волга Мордовэнерго -3 530 -93
Оренбургэнерго -13 669 - 135
Пензаэнерго -8 434 -67
Самарские РС -16 427 -1 202
Саратовские РС -16 583 - 569
Ульяновские РС -6 101 - 216
Чувашэнерго -5 275 152
Россети Кубань Кубаньэнерго -64 770 599
Россети Ленэнерго (ГК) Ленинградская область -36 803 1 111
г. Санкт-Петербург -51 373 - 108
Россети Московский регион Московская область 5 429 - 877
г. Москва 4 012 10
Россети Северный Кавказ (ГК) Дагестанская энергосбытовая компания - 111 69
Дагэнерго -8 053 589
Ингушэнерго -1 797 137
Каббалкэнерго -3 286 70
Карачаево-Черкесскэнерго -2 129 13
Севкавказэнерго -3 775 172
Ставропольэнерго -10 373 - 198
Россети Северо-Запад Архангельский филиал 74 - 112
Вологодский филиал 277 8
Карельский филиал -91 186
Мурманский филиал 102 46
Новгородский филиал 227 -48
Псковский филиал 151 -15
филиал в Республике Коми -63 41
Россети Сибирь (ГК) Алтайэнерго 332 333
Бурятэнерго - 119 329
ГАЭС 153 -21
Красноярскэнерго 1 368 - 676
Кузбассэнерго-РЭС - 461 932
Омскэнерго 188 -70
Хакасэнерго 422 - 442
Читаэнерго -77 206
Россети Томск Томская распределительная компания -8 299 - 146
Россети Тюмень Россети Тюмень -82 026 - 638
Россети Урал (ГК) Пермэнерго 669 - 246
Свердловэнерго 964 315
Челябэнерго 1 045 - 720
Россети ФСК ЕЭС Итого по ФСК ЕЭС -17 684 -6 088
Россети Центр Белгородэнерго 347 138
Брянскэнерго -5 765 17
Воронежэнерго -15 652 167
Костромаэнерго 127 -11
Курскэнерго -2 510 157
Липецкэнерго 853 - 381
Орелэнерго -4 613 -57
Смоленскэнерго -8 540 48
Тамбовэнерго -6 716 -12
Тверьэнерго 376 192
Ярэнерго -6 276 95
Россети Центр и Приволжье (ГК) Владимирэнерго 574 64
Ивэнерго 201 62
Калугаэнерго 706 -61
Кировэнерго 511 30
Мариэнерго 189 23
Нижновэнерго 849 359
Рязаньэнерго 229 70
Тулэнерго 877 - 292
Удмуртэнерго 401 20
Россети Юг (ГК) АО «ВМЭС» -4 225 59
Астраханьэнерго -6 426 68
Волгоградэнерго -11 043 - 400
Калмэнерго -1 859 -2
Ростовэнерго -22 464 75
Россети Янтарь Россети Янтарь 419 -47
Отклонения выручки по факторам по выбранным ДЗО, руб
-1 291 521-1 291 521
31 69431 694
Отклонение (объём услуг)
Отклонение (средний тариф)
ПАО Россети'

13-01-2025T08:58:38 - [MESSAGE][PASSED] - Text of object 'Object Repository/Страница авторизации/Text' is: 'Период
1, 2, 3 кв., Октябрь, Ноябрь 2024 года
ДЗО 
ПАО Россети
Подписи данных
Итого отклонения по группе компаний: - 445 988 млн.руб.
Филиал
Месяц
Факторный анализ
Всего отклонения по факторам по ПАО Россети за 1, 2, 3 кв., Октябрь, Ноябрь 2024 года
ДЗО
Филиал
Отклонение (объём услуг)
Отклонение (средний тариф)
АО «Тываэнерго» АО "Тываэнерго" 486 - 128
АО «Чеченэнерго» АО «Чеченэнерго» -4 079 47
Россети Волга Мордовэнерго -3 530 -93
Оренбургэнерго -13 669 - 135
Пензаэнерго -8 434 -67
Самарские РС -16 427 -1 202
Саратовские РС -16 583 - 569
Ульяновские РС -6 101 - 216
Чувашэнерго -5 275 152
Россети Кубань Кубаньэнерго -64 770 599
Россети Ленэнерго (ГК) Ленинградская область -36 803 1 111
г. Санкт-Петербург -51 373 - 108
Россети Московский регион Московская область 5 429 - 877
г. Москва 4 012 10
Россети Северный Кавказ (ГК) Дагестанская энергосбытовая компания - 111 69
Дагэнерго -8 053 589
Ингушэнерго -1 797 137
Каббалкэнерго -3 286 70
Карачаево-Черкесскэнерго -2 129 13
Севкавказэнерго -3 775 172
Ставропольэнерго -10 373 - 198
Россети Северо-Запад Архангельский филиал 74 - 112
Вологодский филиал 277 8
Карельский филиал -91 186
Мурманский филиал 102 46
Новгородский филиал 227 -48
Псковский филиал 151 -15
филиал в Республике Коми -63 41
Россети Сибирь (ГК) Алтайэнерго 332 333
Бурятэнерго - 119 329
ГАЭС 153 -21
Красноярскэнерго 1 368 - 676
Кузбассэнерго-РЭС - 461 932
Омскэнерго 188 -70
Хакасэнерго 422 - 442
Читаэнерго -77 206
Россети Томск Томская распределительная компания -8 299 - 146
Россети Тюмень Россети Тюмень -82 026 - 638
Россети Урал (ГК) Пермэнерго 669 - 246
Свердловэнерго 964 315
Челябэнерго 1 045 - 720
Россети ФСК ЕЭС Итого по ФСК ЕЭС -17 684 -6 088
Россети Центр Белгородэнерго 347 138
Брянскэнерго -5 765 17
Воронежэнерго -15 652 167
Костромаэнерго 127 -11
Курскэнерго -2 510 157
Липецкэнерго 853 - 381
Орелэнерго -4 613 -57
Смоленскэнерго -8 540 48
Тамбовэнерго -6 716 -12
Тверьэнерго 376 192
Ярэнерго -6 276 95
Россети Центр и Приволжье (ГК) Владимирэнерго 574 64
Ивэнерго 201 62
Калугаэнерго 706 -61
Кировэнерго 511 30
Мариэнерго 189 23
Нижновэнерго 849 359
Рязаньэнерго 229 70
Тулэнерго 877 - 292
Удмуртэнерго 401 20
Россети Юг (ГК) АО «ВМЭС» -4 225 59
Астраханьэнерго -6 426 68
Волгоградэнерго -11 043 - 400
Калмэнерго -1 859 -2
Ростовэнерго -22 464 75
Россети Янтарь Россети Янтарь 419 -47
Отклонения выручки по факторам по выбранным ДЗО, руб
-1 291 521-1 291 521
31 69431 694
Отклонение (объём услуг)
Отклонение (средний тариф)
ПАО Россети'

13-01-2025T08:58:38 - [TEST_STEP][PASSED] - if (urlText.contains("ошибка") || urlText.contains(searchWord) == false): null

13-01-2025T08:58:38 - [TEST_STEP][PASSED] - click(findTestObject("Факторный анализ/Фильтр Период")): Object: 'Object Repository/Факторный анализ/Фильтр Период' is clicked on

13-01-2025T08:58:38 - [MESSAGE][PASSED] - Object: 'Object Repository/Факторный анализ/Фильтр Период' is clicked on

13-01-2025T08:58:38 - [TEST_STEP][PASSED] - click(findTestObject("Факторный анализ/Снять выделение в фильтре Дата")): Object: 'Object Repository/Факторный анализ/Снять выделение в фильтре Дата' is clicked on

13-01-2025T08:58:39 - [MESSAGE][PASSED] - Object: 'Object Repository/Факторный анализ/Снять выделение в фильтре Дата' is clicked on

13-01-2025T08:58:39 - [TEST_STEP][PASSED] - click(findTestObject("Факторный анализ/Применить в фильтре Дата")): Object: 'Object Repository/Факторный анализ/Применить в фильтре Дата' is clicked on

13-01-2025T08:58:39 - [MESSAGE][PASSED] - Object: 'Object Repository/Факторный анализ/Применить в фильтре Дата' is clicked on

13-01-2025T08:58:39 - [TEST_STEP][PASSED] - click(findTestObject("Факторный анализ/Фильтр Период")): Object: 'Object Repository/Факторный анализ/Фильтр Период' is clicked on

13-01-2025T08:58:42 - [MESSAGE][PASSED] - Object: 'Object Repository/Факторный анализ/Фильтр Период' is clicked on

13-01-2025T08:58:42 - [TEST_STEP][PASSED] - click(findTestObject("Факторный анализ/Снять выделение в фильтре Дата")): Object: 'Object Repository/Факторный анализ/Снять выделение в фильтре Дата' is clicked on

13-01-2025T08:58:42 - [MESSAGE][PASSED] - Object: 'Object Repository/Факторный анализ/Снять выделение в фильтре Дата' is clicked on

13-01-2025T08:58:42 - [TEST_STEP][PASSED] - scrollToElement(findTestObject("Факторный анализ/2024 список"), 30): Scroll to object 'Object Repository/Факторный анализ/2024 список' successfully

13-01-2025T08:58:42 - [MESSAGE][PASSED] - Scroll to object 'Object Repository/Факторный анализ/2024 список' successfully

13-01-2025T08:58:42 - [TEST_STEP][PASSED] - click(findTestObject("Факторный анализ/2024 список")): Object: 'Object Repository/Факторный анализ/2024 список' is clicked on

13-01-2025T08:58:43 - [MESSAGE][PASSED] - Object: 'Object Repository/Факторный анализ/2024 список' is clicked on

13-01-2025T08:58:43 - [TEST_STEP][PASSED] - scrollToElement(findTestObject("Факторный анализ/1 квартал 2024 выбрать"), 30): Scroll to object 'Object Repository/Факторный анализ/1 квартал 2024 выбрать' successfully

13-01-2025T08:58:43 - [MESSAGE][PASSED] - Scroll to object 'Object Repository/Факторный анализ/1 квартал 2024 выбрать' successfully

13-01-2025T08:58:43 - [TEST_STEP][PASSED] - click(findTestObject("Факторный анализ/1 квартал 2024 выбрать")): Object: 'Object Repository/Факторный анализ/1 квартал 2024 выбрать' is clicked on

13-01-2025T08:58:44 - [MESSAGE][PASSED] - Object: 'Object Repository/Факторный анализ/1 квартал 2024 выбрать' is clicked on

13-01-2025T08:58:44 - [TEST_STEP][PASSED] - scrollToElement(findTestObject("Факторный анализ/1 квартал 2024 выбрать"), 30): Scroll to object 'Object Repository/Факторный анализ/1 квартал 2024 выбрать' successfully

13-01-2025T08:58:44 - [MESSAGE][PASSED] - Scroll to object 'Object Repository/Факторный анализ/1 квартал 2024 выбрать' successfully

13-01-2025T08:58:44 - [TEST_STEP][PASSED] - click(findTestObject("Факторный анализ/2 квартал 2024 выбрать"), CONTINUE_ON_FAILURE): Object: 'Object Repository/Факторный анализ/2 квартал 2024 выбрать' is clicked on

13-01-2025T08:58:44 - [MESSAGE][PASSED] - Object: 'Object Repository/Факторный анализ/2 квартал 2024 выбрать' is clicked on

13-01-2025T08:58:44 - [TEST_STEP][PASSED] - scrollToElement(findTestObject("Факторный анализ/3 квартал 2024 список"), 30): Scroll to object 'Object Repository/Факторный анализ/3 квартал 2024 список' successfully

13-01-2025T08:58:45 - [MESSAGE][PASSED] - Scroll to object 'Object Repository/Факторный анализ/3 квартал 2024 список' successfully

13-01-2025T08:58:45 - [TEST_STEP][PASSED] - click(findTestObject("Факторный анализ/3 квартал 2024 выбрать"), CONTINUE_ON_FAILURE): Object: 'Object Repository/Факторный анализ/3 квартал 2024 выбрать' is clicked on

13-01-2025T08:58:45 - [MESSAGE][PASSED] - Object: 'Object Repository/Факторный анализ/3 квартал 2024 выбрать' is clicked on

13-01-2025T08:58:45 - [TEST_STEP][PASSED] - scrollToElement(findTestObject("Факторный анализ/4 квартал 2024 список"), 30): Scroll to object 'Object Repository/Факторный анализ/4 квартал 2024 список' successfully

13-01-2025T08:58:46 - [MESSAGE][PASSED] - Scroll to object 'Object Repository/Факторный анализ/4 квартал 2024 список' successfully

13-01-2025T08:58:46 - [TEST_STEP][PASSED] - click(findTestObject("Факторный анализ/4 квартал 2024 список"), CONTINUE_ON_FAILURE): Object: 'Object Repository/Факторный анализ/4 квартал 2024 список' is clicked on

13-01-2025T08:58:46 - [MESSAGE][PASSED] - Object: 'Object Repository/Факторный анализ/4 квартал 2024 список' is clicked on

13-01-2025T08:58:46 - [TEST_STEP][PASSED] - scrollToElement(findTestObject("Факторный анализ/Октябрь 2024"), 30): Scroll to object 'Object Repository/Факторный анализ/Октябрь 2024' successfully

13-01-2025T08:58:46 - [MESSAGE][PASSED] - Scroll to object 'Object Repository/Факторный анализ/Октябрь 2024' successfully

13-01-2025T08:58:46 - [TEST_STEP][PASSED] - click(findTestObject("Факторный анализ/Октябрь 2024"), CONTINUE_ON_FAILURE): Object: 'Object Repository/Факторный анализ/Октябрь 2024' is clicked on

13-01-2025T08:58:47 - [MESSAGE][PASSED] - Object: 'Object Repository/Факторный анализ/Октябрь 2024' is clicked on

13-01-2025T08:58:47 - [TEST_STEP][PASSED] - scrollToElement(findTestObject("Факторный анализ/Ноябрь 2024"), 30): Scroll to object 'Object Repository/Факторный анализ/Ноябрь 2024' successfully

13-01-2025T08:58:47 - [MESSAGE][PASSED] - Scroll to object 'Object Repository/Факторный анализ/Ноябрь 2024' successfully

13-01-2025T08:58:47 - [TEST_STEP][PASSED] - click(findTestObject("Факторный анализ/Ноябрь 2024"), CONTINUE_ON_FAILURE): Object: 'Object Repository/Факторный анализ/Ноябрь 2024' is clicked on

13-01-2025T08:58:48 - [MESSAGE][PASSED] - Object: 'Object Repository/Факторный анализ/Ноябрь 2024' is clicked on

13-01-2025T08:58:48 - [TEST_STEP][PASSED] - scrollToElement(findTestObject("Факторный анализ/Заголовок дашборда"), 30): Scroll to object 'Object Repository/Факторный анализ/Заголовок дашборда' successfully

13-01-2025T08:58:48 - [MESSAGE][PASSED] - Scroll to object 'Object Repository/Факторный анализ/Заголовок дашборда' successfully

13-01-2025T08:58:48 - [TEST_STEP][PASSED] - click(findTestObject("Факторный анализ/Применить в фильтре Дата")): Object: 'Object Repository/Факторный анализ/Применить в фильтре Дата' is clicked on

13-01-2025T08:58:49 - [MESSAGE][PASSED] - Object: 'Object Repository/Факторный анализ/Применить в фильтре Дата' is clicked on

13-01-2025T08:58:49 - [TEST_STEP][PASSED] - a5 = "": null

13-01-2025T08:58:49 - [TEST_STEP][PASSED] - a6 = "": null

13-01-2025T08:58:49 - [TEST_STEP][PASSED] - a7 = "": null

13-01-2025T08:58:49 - [TEST_STEP][PASSED] - a8 = "": null

13-01-2025T08:58:49 - [TEST_STEP][PASSED] - a9 = "": null

13-01-2025T08:58:49 - [TEST_STEP][PASSED] - if (run == 1): null

13-01-2025T08:58:49 - [TEST_STEP][PASSED] - if (run == 2): null

13-01-2025T08:58:49 - [TEST_STEP][PASSED] - user = "Андреева": null

13-01-2025T08:58:49 - [TEST_STEP][PASSED] - a1 = getText(findTestObject("Факторный анализ/span1 Блок руководителя")): Text of object 'Object Repository/Факторный анализ/span1 Блок руководителя' is: ''

13-01-2025T08:58:51 - [MESSAGE][PASSED] - Text of object 'Object Repository/Факторный анализ/span1 Блок руководителя' is: ''

13-01-2025T08:58:51 - [TEST_STEP][PASSED] - a2 = getText(findTestObject("Факторный анализ/span2 Блок руководителя")): Text of object 'Object Repository/Факторный анализ/span2 Блок руководителя' is: ''

13-01-2025T08:58:51 - [MESSAGE][PASSED] - Text of object 'Object Repository/Факторный анализ/span2 Блок руководителя' is: ''

13-01-2025T08:58:51 - [TEST_STEP][PASSED] - a3 = getText(findTestObject("Факторный анализ/График Всего отклонения по факторам Блок руководителя")): Text of object 'Object Repository/Факторный анализ/График Всего отклонения по факторам Блок руководителя' is: 'ДЗО
Филиал
Отклонение (объём услуг)
Отклонение (средний тариф)
АО «Тываэнерго» АО "Тываэнерго" 486 - 128
АО «Чеченэнерго» АО «Чеченэнерго» -4 079 47
Россети Волга Мордовэнерго -3 530 -93
Оренбургэнерго -13 669 - 135
Пензаэнерго -8 434 -67
Самарские РС -16 427 -1 202
Саратовские РС -16 583 - 569
Ульяновские РС -6 101 - 216
Чувашэнерго -5 275 152
Россети Кубань Кубаньэнерго -64 770 599
Россети Ленэнерго (ГК) Ленинградская область -36 803 1 111
г. Санкт-Петербург -51 373 - 108
Россети Московский регион Московская область 5 429 - 877
г. Москва 4 012 10
Россети Северный Кавказ (ГК) Дагестанская энергосбытовая компания - 111 69
Дагэнерго -8 053 589
Ингушэнерго -1 797 137
Каббалкэнерго -3 286 70
Карачаево-Черкесскэнерго -2 129 13
Севкавказэнерго -3 775 172
Ставропольэнерго -10 373 - 198
Россети Северо-Запад Архангельский филиал 74 - 112
Вологодский филиал 277 8
Карельский филиал -91 186
Мурманский филиал 102 46
Новгородский филиал 227 -48
Псковский филиал 151 -15
филиал в Республике Коми -63 41
Россети Сибирь (ГК) Алтайэнерго 332 333
Бурятэнерго - 119 329
ГАЭС 153 -21
Красноярскэнерго 1 368 - 676
Кузбассэнерго-РЭС - 461 932
Омскэнерго 188 -70
Хакасэнерго 422 - 442
Читаэнерго -77 206
Россети Томск Томская распределительная компания -8 299 - 146
Россети Тюмень Россети Тюмень -82 026 - 638
Россети Урал (ГК) Пермэнерго 669 - 246
Свердловэнерго 964 315
Челябэнерго 1 045 - 720
Россети ФСК ЕЭС Итого по ФСК ЕЭС -17 684 -6 088
Россети Центр Белгородэнерго 347 138
Брянскэнерго -5 765 17
Воронежэнерго -15 652 167
Костромаэнерго 127 -11
Курскэнерго -2 510 157
Липецкэнерго 853 - 381
Орелэнерго -4 613 -57
Смоленскэнерго -8 540 48
Тамбовэнерго -6 716 -12
Тверьэнерго 376 192
Ярэнерго -6 276 95
Россети Центр и Приволжье (ГК) Владимирэнерго 574 64
Ивэнерго 201 62
Калугаэнерго 706 -61
Кировэнерго 511 30
Мариэнерго 189 23
Нижновэнерго 849 359
Рязаньэнерго 229 70
Тулэнерго 877 - 292
Удмуртэнерго 401 20
Россети Юг (ГК) АО «ВМЭС» -4 225 59
Астраханьэнерго -6 426 68
Волгоградэнерго -11 043 - 400
Калмэнерго -1 859 -2
Ростовэнерго -22 464 75
Россети Янтарь Россети Янтарь 419 -47'

13-01-2025T08:58:51 - [MESSAGE][PASSED] - Text of object 'Object Repository/Факторный анализ/График Всего отклонения по факторам Блок руководителя' is: 'ДЗО
Филиал
Отклонение (объём услуг)
Отклонение (средний тариф)
АО «Тываэнерго» АО "Тываэнерго" 486 - 128
АО «Чеченэнерго» АО «Чеченэнерго» -4 079 47
Россети Волга Мордовэнерго -3 530 -93
Оренбургэнерго -13 669 - 135
Пензаэнерго -8 434 -67
Самарские РС -16 427 -1 202
Саратовские РС -16 583 - 569
Ульяновские РС -6 101 - 216
Чувашэнерго -5 275 152
Россети Кубань Кубаньэнерго -64 770 599
Россети Ленэнерго (ГК) Ленинградская область -36 803 1 111
г. Санкт-Петербург -51 373 - 108
Россети Московский регион Московская область 5 429 - 877
г. Москва 4 012 10
Россети Северный Кавказ (ГК) Дагестанская энергосбытовая компания - 111 69
Дагэнерго -8 053 589
Ингушэнерго -1 797 137
Каббалкэнерго -3 286 70
Карачаево-Черкесскэнерго -2 129 13
Севкавказэнерго -3 775 172
Ставропольэнерго -10 373 - 198
Россети Северо-Запад Архангельский филиал 74 - 112
Вологодский филиал 277 8
Карельский филиал -91 186
Мурманский филиал 102 46
Новгородский филиал 227 -48
Псковский филиал 151 -15
филиал в Республике Коми -63 41
Россети Сибирь (ГК) Алтайэнерго 332 333
Бурятэнерго - 119 329
ГАЭС 153 -21
Красноярскэнерго 1 368 - 676
Кузбассэнерго-РЭС - 461 932
Омскэнерго 188 -70
Хакасэнерго 422 - 442
Читаэнерго -77 206
Россети Томск Томская распределительная компания -8 299 - 146
Россети Тюмень Россети Тюмень -82 026 - 638
Россети Урал (ГК) Пермэнерго 669 - 246
Свердловэнерго 964 315
Челябэнерго 1 045 - 720
Россети ФСК ЕЭС Итого по ФСК ЕЭС -17 684 -6 088
Россети Центр Белгородэнерго 347 138
Брянскэнерго -5 765 17
Воронежэнерго -15 652 167
Костромаэнерго 127 -11
Курскэнерго -2 510 157
Липецкэнерго 853 - 381
Орелэнерго -4 613 -57
Смоленскэнерго -8 540 48
Тамбовэнерго -6 716 -12
Тверьэнерго 376 192
Ярэнерго -6 276 95
Россети Центр и Приволжье (ГК) Владимирэнерго 574 64
Ивэнерго 201 62
Калугаэнерго 706 -61
Кировэнерго 511 30
Мариэнерго 189 23
Нижновэнерго 849 359
Рязаньэнерго 229 70
Тулэнерго 877 - 292
Удмуртэнерго 401 20
Россети Юг (ГК) АО «ВМЭС» -4 225 59
Астраханьэнерго -6 426 68
Волгоградэнерго -11 043 - 400
Калмэнерго -1 859 -2
Ростовэнерго -22 464 75
Россети Янтарь Россети Янтарь 419 -47'

13-01-2025T08:58:51 - [TEST_STEP][PASSED] - click(findTestObject("Факторный анализ/Переключить отображение с филиала на месяц")): Object: 'Object Repository/Факторный анализ/Переключить отображение с филиала на месяц' is clicked on

13-01-2025T08:58:52 - [MESSAGE][PASSED] - Object: 'Object Repository/Факторный анализ/Переключить отображение с филиала на месяц' is clicked on

13-01-2025T08:58:52 - [TEST_STEP][PASSED] - a4 = getText(findTestObject("Факторный анализ/График Всего отклонения по факторам Блок руководителя")): Text of object 'Object Repository/Факторный анализ/График Всего отклонения по факторам Блок руководителя' is: 'ДЗО
Филиал
Отклонение (объём услуг)
Отклонение (средний тариф)
АО «Тываэнерго» АО "Тываэнерго" 486 - 128
АО «Чеченэнерго» АО «Чеченэнерго» -4 079 47
Россети Волга Мордовэнерго -3 530 -93
Оренбургэнерго -13 669 - 135
Пензаэнерго -8 434 -67
Самарские РС -16 427 -1 202
Саратовские РС -16 583 - 569
Ульяновские РС -6 101 - 216
Чувашэнерго -5 275 152
Россети Кубань Кубаньэнерго -64 770 599
Россети Ленэнерго (ГК) Ленинградская область -36 803 1 111
г. Санкт-Петербург -51 373 - 108
Россети Московский регион Московская область 5 429 - 877
г. Москва 4 012 10
Россети Северный Кавказ (ГК) Дагестанская энергосбытовая компания - 111 69
Дагэнерго -8 053 589
Ингушэнерго -1 797 137
Каббалкэнерго -3 286 70
Карачаево-Черкесскэнерго -2 129 13
Севкавказэнерго -3 775 172
Ставропольэнерго -10 373 - 198
Россети Северо-Запад Архангельский филиал 74 - 112
Вологодский филиал 277 8
Карельский филиал -91 186
Мурманский филиал 102 46
Новгородский филиал 227 -48
Псковский филиал 151 -15
филиал в Республике Коми -63 41
Россети Сибирь (ГК) Алтайэнерго 332 333
Бурятэнерго - 119 329
ГАЭС 153 -21
Красноярскэнерго 1 368 - 676
Кузбассэнерго-РЭС - 461 932
Омскэнерго 188 -70
Хакасэнерго 422 - 442
Читаэнерго -77 206
Россети Томск Томская распределительная компания -8 299 - 146
Россети Тюмень Россети Тюмень -82 026 - 638
Россети Урал (ГК) Пермэнерго 669 - 246
Свердловэнерго 964 315
Челябэнерго 1 045 - 720
Россети ФСК ЕЭС Итого по ФСК ЕЭС -17 684 -6 088
Россети Центр Белгородэнерго 347 138
Брянскэнерго -5 765 17
Воронежэнерго -15 652 167
Костромаэнерго 127 -11
Курскэнерго -2 510 157
Липецкэнерго 853 - 381
Орелэнерго -4 613 -57
Смоленскэнерго -8 540 48
Тамбовэнерго -6 716 -12
Тверьэнерго 376 192
Ярэнерго -6 276 95
Россети Центр и Приволжье (ГК) Владимирэнерго 574 64
Ивэнерго 201 62
Калугаэнерго 706 -61
Кировэнерго 511 30
Мариэнерго 189 23
Нижновэнерго 849 359
Рязаньэнерго 229 70
Тулэнерго 877 - 292
Удмуртэнерго 401 20
Россети Юг (ГК) АО «ВМЭС» -4 225 59
Астраханьэнерго -6 426 68
Волгоградэнерго -11 043 - 400
Калмэнерго -1 859 -2
Ростовэнерго -22 464 75
Россети Янтарь Россети Янтарь 419 -47'

13-01-2025T08:58:52 - [MESSAGE][PASSED] - Text of object 'Object Repository/Факторный анализ/График Всего отклонения по факторам Блок руководителя' is: 'ДЗО
Филиал
Отклонение (объём услуг)
Отклонение (средний тариф)
АО «Тываэнерго» АО "Тываэнерго" 486 - 128
АО «Чеченэнерго» АО «Чеченэнерго» -4 079 47
Россети Волга Мордовэнерго -3 530 -93
Оренбургэнерго -13 669 - 135
Пензаэнерго -8 434 -67
Самарские РС -16 427 -1 202
Саратовские РС -16 583 - 569
Ульяновские РС -6 101 - 216
Чувашэнерго -5 275 152
Россети Кубань Кубаньэнерго -64 770 599
Россети Ленэнерго (ГК) Ленинградская область -36 803 1 111
г. Санкт-Петербург -51 373 - 108
Россети Московский регион Московская область 5 429 - 877
г. Москва 4 012 10
Россети Северный Кавказ (ГК) Дагестанская энергосбытовая компания - 111 69
Дагэнерго -8 053 589
Ингушэнерго -1 797 137
Каббалкэнерго -3 286 70
Карачаево-Черкесскэнерго -2 129 13
Севкавказэнерго -3 775 172
Ставропольэнерго -10 373 - 198
Россети Северо-Запад Архангельский филиал 74 - 112
Вологодский филиал 277 8
Карельский филиал -91 186
Мурманский филиал 102 46
Новгородский филиал 227 -48
Псковский филиал 151 -15
филиал в Республике Коми -63 41
Россети Сибирь (ГК) Алтайэнерго 332 333
Бурятэнерго - 119 329
ГАЭС 153 -21
Красноярскэнерго 1 368 - 676
Кузбассэнерго-РЭС - 461 932
Омскэнерго 188 -70
Хакасэнерго 422 - 442
Читаэнерго -77 206
Россети Томск Томская распределительная компания -8 299 - 146
Россети Тюмень Россети Тюмень -82 026 - 638
Россети Урал (ГК) Пермэнерго 669 - 246
Свердловэнерго 964 315
Челябэнерго 1 045 - 720
Россети ФСК ЕЭС Итого по ФСК ЕЭС -17 684 -6 088
Россети Центр Белгородэнерго 347 138
Брянскэнерго -5 765 17
Воронежэнерго -15 652 167
Костромаэнерго 127 -11
Курскэнерго -2 510 157
Липецкэнерго 853 - 381
Орелэнерго -4 613 -57
Смоленскэнерго -8 540 48
Тамбовэнерго -6 716 -12
Тверьэнерго 376 192
Ярэнерго -6 276 95
Россети Центр и Приволжье (ГК) Владимирэнерго 574 64
Ивэнерго 201 62
Калугаэнерго 706 -61
Кировэнерго 511 30
Мариэнерго 189 23
Нижновэнерго 849 359
Рязаньэнерго 229 70
Тулэнерго 877 - 292
Удмуртэнерго 401 20
Россети Юг (ГК) АО «ВМЭС» -4 225 59
Астраханьэнерго -6 426 68
Волгоградэнерго -11 043 - 400
Калмэнерго -1 859 -2
Ростовэнерго -22 464 75
Россети Янтарь Россети Янтарь 419 -47'

13-01-2025T08:58:52 - [TEST_STEP][PASSED] - n = n + 25: null

13-01-2025T08:58:52 - [TEST_STEP][PASSED] - b = n - run + 1: null

13-01-2025T08:58:52 - [TEST_STEP][PASSED] - verifyEqual(findTestData("PlanFact").getValue(2, b), a1): Actual object '' and expected object '' are equal

13-01-2025T08:58:52 - [MESSAGE][PASSED] - Actual object '' and expected object '' are equal

13-01-2025T08:58:52 - [TEST_STEP][PASSED] - verifyEqual(findTestData("PlanFact").getValue(3, b), a2): Actual object '' and expected object '' are equal

13-01-2025T08:58:52 - [MESSAGE][PASSED] - Actual object '' and expected object '' are equal

13-01-2025T08:58:52 - [TEST_STEP][PASSED] - verifyEqual(findTestData("PlanFact").getValue(4, b), a3): Actual object 'ДЗО
Филиал
Отклонение (объём услуг)
Отклонение (средний тариф)
АО «Тываэнерго» АО "Тываэнерго" 486 - 128
АО «Чеченэнерго» АО «Чеченэнерго» -4 079 47
Россети Волга Мордовэнерго -3 530 -93
Оренбургэнерго -13 669 - 135
Пензаэнерго -8 434 -67
Самарские РС -16 427 -1 202
Саратовские РС -16 583 - 569
Ульяновские РС -6 101 - 216
Чувашэнерго -5 275 152
Россети Кубань Кубаньэнерго -64 770 599
Россети Ленэнерго (ГК) Ленинградская область -36 803 1 111
г. Санкт-Петербург -51 373 - 108
Россети Московский регион Московская область 5 429 - 877
г. Москва 4 012 10
Россети Северный Кавказ (ГК) Дагестанская энергосбытовая компания - 111 69
Дагэнерго -8 053 589
Ингушэнерго -1 797 137
Каббалкэнерго -3 286 70
Карачаево-Черкесскэнерго -2 129 13
Севкавказэнерго -3 775 172
Ставропольэнерго -10 373 - 198
Россети Северо-Запад Архангельский филиал 74 - 112
Вологодский филиал 277 8
Карельский филиал -91 186
Мурманский филиал 102 46
Новгородский филиал 227 -48
Псковский филиал 151 -15
филиал в Республике Коми -63 41
Россети Сибирь (ГК) Алтайэнерго 332 333
Бурятэнерго - 119 329
ГАЭС 153 -21
Красноярскэнерго 1 368 - 676
Кузбассэнерго-РЭС - 461 932
Омскэнерго 188 -70
Хакасэнерго 422 - 442
Читаэнерго -77 206
Россети Томск Томская распределительная компания -8 299 - 146
Россети Тюмень Россети Тюмень -82 026 - 638
Россети Урал (ГК) Пермэнерго 669 - 246
Свердловэнерго 964 315
Челябэнерго 1 045 - 720
Россети ФСК ЕЭС Итого по ФСК ЕЭС -17 684 -6 088
Россети Центр Белгородэнерго 347 138
Брянскэнерго -5 765 17
Воронежэнерго -15 652 167
Костромаэнерго 127 -11
Курскэнерго -2 510 157
Липецкэнерго 853 - 381
Орелэнерго -4 613 -57
Смоленскэнерго -8 540 48
Тамбовэнерго -6 716 -12
Тверьэнерго 376 192
Ярэнерго -6 276 95
Россети Центр и Приволжье (ГК) Владимирэнерго 574 64
Ивэнерго 201 62
Калугаэнерго 706 -61
Кировэнерго 511 30
Мариэнерго 189 23
Нижновэнерго 849 359
Рязаньэнерго 229 70
Тулэнерго 877 - 292
Удмуртэнерго 401 20
Россети Юг (ГК) АО «ВМЭС» -4 225 59
Астраханьэнерго -6 426 68
Волгоградэнерго -11 043 - 400
Калмэнерго -1 859 -2
Ростовэнерго -22 464 75
Россети Янтарь Россети Янтарь 419 -47' and expected object 'ДЗО
Филиал
Отклонение (объём услуг)
Отклонение (средний тариф)
АО «Тываэнерго» АО "Тываэнерго" 486 - 128
АО «Чеченэнерго» АО «Чеченэнерго» -4 079 47
Россети Волга Мордовэнерго -3 530 -93
Оренбургэнерго -13 669 - 135
Пензаэнерго -8 434 -67
Самарские РС -16 427 -1 202
Саратовские РС -16 583 - 569
Ульяновские РС -6 101 - 216
Чувашэнерго -5 275 152
Россети Кубань Кубаньэнерго -64 770 599
Россети Ленэнерго (ГК) Ленинградская область -36 803 1 111
г. Санкт-Петербург -51 373 - 108
Россети Московский регион Московская область 5 429 - 877
г. Москва 4 012 10
Россети Северный Кавказ (ГК) Дагестанская энергосбытовая компания - 111 69
Дагэнерго -8 053 589
Ингушэнерго -1 797 137
Каббалкэнерго -3 286 70
Карачаево-Черкесскэнерго -2 129 13
Севкавказэнерго -3 775 172
Ставропольэнерго -10 373 - 198
Россети Северо-Запад Архангельский филиал 74 - 112
Вологодский филиал 277 8
Карельский филиал -91 186
Мурманский филиал 102 46
Новгородский филиал 227 -48
Псковский филиал 151 -15
филиал в Республике Коми -63 41
Россети Сибирь (ГК) Алтайэнерго 332 333
Бурятэнерго - 119 329
ГАЭС 153 -21
Красноярскэнерго 1 368 - 676
Кузбассэнерго-РЭС - 461 932
Омскэнерго 188 -70
Хакасэнерго 422 - 442
Читаэнерго -77 206
Россети Томск Томская распределительная компания -8 299 - 146
Россети Тюмень Россети Тюмень -82 026 - 638
Россети Урал (ГК) Пермэнерго 669 - 246
Свердловэнерго 964 315
Челябэнерго 1 045 - 720
Россети ФСК ЕЭС Итого по ФСК ЕЭС -17 684 -6 088
Россети Центр Белгородэнерго 347 138
Брянскэнерго -5 765 17
Воронежэнерго -15 652 167
Костромаэнерго 127 -11
Курскэнерго -2 510 157
Липецкэнерго 853 - 381
Орелэнерго -4 613 -57
Смоленскэнерго -8 540 48
Тамбовэнерго -6 716 -12
Тверьэнерго 376 192
Ярэнерго -6 276 95
Россети Центр и Приволжье (ГК) Владимирэнерго 574 64
Ивэнерго 201 62
Калугаэнерго 706 -61
Кировэнерго 511 30
Мариэнерго 189 23
Нижновэнерго 849 359
Рязаньэнерго 229 70
Тулэнерго 877 - 292
Удмуртэнерго 401 20
Россети Юг (ГК) АО «ВМЭС» -4 225 59
Астраханьэнерго -6 426 68
Волгоградэнерго -11 043 - 400
Калмэнерго -1 859 -2
Ростовэнерго -22 464 75
Россети Янтарь Россети Янтарь 419 -47' are equal

13-01-2025T08:58:52 - [MESSAGE][PASSED] - Actual object 'ДЗО
Филиал
Отклонение (объём услуг)
Отклонение (средний тариф)
АО «Тываэнерго» АО "Тываэнерго" 486 - 128
АО «Чеченэнерго» АО «Чеченэнерго» -4 079 47
Россети Волга Мордовэнерго -3 530 -93
Оренбургэнерго -13 669 - 135
Пензаэнерго -8 434 -67
Самарские РС -16 427 -1 202
Саратовские РС -16 583 - 569
Ульяновские РС -6 101 - 216
Чувашэнерго -5 275 152
Россети Кубань Кубаньэнерго -64 770 599
Россети Ленэнерго (ГК) Ленинградская область -36 803 1 111
г. Санкт-Петербург -51 373 - 108
Россети Московский регион Московская область 5 429 - 877
г. Москва 4 012 10
Россети Северный Кавказ (ГК) Дагестанская энергосбытовая компания - 111 69
Дагэнерго -8 053 589
Ингушэнерго -1 797 137
Каббалкэнерго -3 286 70
Карачаево-Черкесскэнерго -2 129 13
Севкавказэнерго -3 775 172
Ставропольэнерго -10 373 - 198
Россети Северо-Запад Архангельский филиал 74 - 112
Вологодский филиал 277 8
Карельский филиал -91 186
Мурманский филиал 102 46
Новгородский филиал 227 -48
Псковский филиал 151 -15
филиал в Республике Коми -63 41
Россети Сибирь (ГК) Алтайэнерго 332 333
Бурятэнерго - 119 329
ГАЭС 153 -21
Красноярскэнерго 1 368 - 676
Кузбассэнерго-РЭС - 461 932
Омскэнерго 188 -70
Хакасэнерго 422 - 442
Читаэнерго -77 206
Россети Томск Томская распределительная компания -8 299 - 146
Россети Тюмень Россети Тюмень -82 026 - 638
Россети Урал (ГК) Пермэнерго 669 - 246
Свердловэнерго 964 315
Челябэнерго 1 045 - 720
Россети ФСК ЕЭС Итого по ФСК ЕЭС -17 684 -6 088
Россети Центр Белгородэнерго 347 138
Брянскэнерго -5 765 17
Воронежэнерго -15 652 167
Костромаэнерго 127 -11
Курскэнерго -2 510 157
Липецкэнерго 853 - 381
Орелэнерго -4 613 -57
Смоленскэнерго -8 540 48
Тамбовэнерго -6 716 -12
Тверьэнерго 376 192
Ярэнерго -6 276 95
Россети Центр и Приволжье (ГК) Владимирэнерго 574 64
Ивэнерго 201 62
Калугаэнерго 706 -61
Кировэнерго 511 30
Мариэнерго 189 23
Нижновэнерго 849 359
Рязаньэнерго 229 70
Тулэнерго 877 - 292
Удмуртэнерго 401 20
Россети Юг (ГК) АО «ВМЭС» -4 225 59
Астраханьэнерго -6 426 68
Волгоградэнерго -11 043 - 400
Калмэнерго -1 859 -2
Ростовэнерго -22 464 75
Россети Янтарь Россети Янтарь 419 -47' and expected object 'ДЗО
Филиал
Отклонение (объём услуг)
Отклонение (средний тариф)
АО «Тываэнерго» АО "Тываэнерго" 486 - 128
АО «Чеченэнерго» АО «Чеченэнерго» -4 079 47
Россети Волга Мордовэнерго -3 530 -93
Оренбургэнерго -13 669 - 135
Пензаэнерго -8 434 -67
Самарские РС -16 427 -1 202
Саратовские РС -16 583 - 569
Ульяновские РС -6 101 - 216
Чувашэнерго -5 275 152
Россети Кубань Кубаньэнерго -64 770 599
Россети Ленэнерго (ГК) Ленинградская область -36 803 1 111
г. Санкт-Петербург -51 373 - 108
Россети Московский регион Московская область 5 429 - 877
г. Москва 4 012 10
Россети Северный Кавказ (ГК) Дагестанская энергосбытовая компания - 111 69
Дагэнерго -8 053 589
Ингушэнерго -1 797 137
Каббалкэнерго -3 286 70
Карачаево-Черкесскэнерго -2 129 13
Севкавказэнерго -3 775 172
Ставропольэнерго -10 373 - 198
Россети Северо-Запад Архангельский филиал 74 - 112
Вологодский филиал 277 8
Карельский филиал -91 186
Мурманский филиал 102 46
Новгородский филиал 227 -48
Псковский филиал 151 -15
филиал в Республике Коми -63 41
Россети Сибирь (ГК) Алтайэнерго 332 333
Бурятэнерго - 119 329
ГАЭС 153 -21
Красноярскэнерго 1 368 - 676
Кузбассэнерго-РЭС - 461 932
Омскэнерго 188 -70
Хакасэнерго 422 - 442
Читаэнерго -77 206
Россети Томск Томская распределительная компания -8 299 - 146
Россети Тюмень Россети Тюмень -82 026 - 638
Россети Урал (ГК) Пермэнерго 669 - 246
Свердловэнерго 964 315
Челябэнерго 1 045 - 720
Россети ФСК ЕЭС Итого по ФСК ЕЭС -17 684 -6 088
Россети Центр Белгородэнерго 347 138
Брянскэнерго -5 765 17
Воронежэнерго -15 652 167
Костромаэнерго 127 -11
Курскэнерго -2 510 157
Липецкэнерго 853 - 381
Орелэнерго -4 613 -57
Смоленскэнерго -8 540 48
Тамбовэнерго -6 716 -12
Тверьэнерго 376 192
Ярэнерго -6 276 95
Россети Центр и Приволжье (ГК) Владимирэнерго 574 64
Ивэнерго 201 62
Калугаэнерго 706 -61
Кировэнерго 511 30
Мариэнерго 189 23
Нижновэнерго 849 359
Рязаньэнерго 229 70
Тулэнерго 877 - 292
Удмуртэнерго 401 20
Россети Юг (ГК) АО «ВМЭС» -4 225 59
Астраханьэнерго -6 426 68
Волгоградэнерго -11 043 - 400
Калмэнерго -1 859 -2
Ростовэнерго -22 464 75
Россети Янтарь Россети Янтарь 419 -47' are equal

13-01-2025T08:58:52 - [TEST_STEP][PASSED] - verifyEqual(findTestData("PlanFact").getValue(5, b), a4): Actual object 'ДЗО
Филиал
Отклонение (объём услуг)
Отклонение (средний тариф)
АО «Тываэнерго» АО "Тываэнерго" 486 - 128
АО «Чеченэнерго» АО «Чеченэнерго» -4 079 47
Россети Волга Мордовэнерго -3 530 -93
Оренбургэнерго -13 669 - 135
Пензаэнерго -8 434 -67
Самарские РС -16 427 -1 202
Саратовские РС -16 583 - 569
Ульяновские РС -6 101 - 216
Чувашэнерго -5 275 152
Россети Кубань Кубаньэнерго -64 770 599
Россети Ленэнерго (ГК) Ленинградская область -36 803 1 111
г. Санкт-Петербург -51 373 - 108
Россети Московский регион Московская область 5 429 - 877
г. Москва 4 012 10
Россети Северный Кавказ (ГК) Дагестанская энергосбытовая компания - 111 69
Дагэнерго -8 053 589
Ингушэнерго -1 797 137
Каббалкэнерго -3 286 70
Карачаево-Черкесскэнерго -2 129 13
Севкавказэнерго -3 775 172
Ставропольэнерго -10 373 - 198
Россети Северо-Запад Архангельский филиал 74 - 112
Вологодский филиал 277 8
Карельский филиал -91 186
Мурманский филиал 102 46
Новгородский филиал 227 -48
Псковский филиал 151 -15
филиал в Республике Коми -63 41
Россети Сибирь (ГК) Алтайэнерго 332 333
Бурятэнерго - 119 329
ГАЭС 153 -21
Красноярскэнерго 1 368 - 676
Кузбассэнерго-РЭС - 461 932
Омскэнерго 188 -70
Хакасэнерго 422 - 442
Читаэнерго -77 206
Россети Томск Томская распределительная компания -8 299 - 146
Россети Тюмень Россети Тюмень -82 026 - 638
Россети Урал (ГК) Пермэнерго 669 - 246
Свердловэнерго 964 315
Челябэнерго 1 045 - 720
Россети ФСК ЕЭС Итого по ФСК ЕЭС -17 684 -6 088
Россети Центр Белгородэнерго 347 138
Брянскэнерго -5 765 17
Воронежэнерго -15 652 167
Костромаэнерго 127 -11
Курскэнерго -2 510 157
Липецкэнерго 853 - 381
Орелэнерго -4 613 -57
Смоленскэнерго -8 540 48
Тамбовэнерго -6 716 -12
Тверьэнерго 376 192
Ярэнерго -6 276 95
Россети Центр и Приволжье (ГК) Владимирэнерго 574 64
Ивэнерго 201 62
Калугаэнерго 706 -61
Кировэнерго 511 30
Мариэнерго 189 23
Нижновэнерго 849 359
Рязаньэнерго 229 70
Тулэнерго 877 - 292
Удмуртэнерго 401 20
Россети Юг (ГК) АО «ВМЭС» -4 225 59
Астраханьэнерго -6 426 68
Волгоградэнерго -11 043 - 400
Калмэнерго -1 859 -2
Ростовэнерго -22 464 75
Россети Янтарь Россети Янтарь 419 -47' and expected object 'ДЗО
Филиал
Отклонение (объём услуг)
Отклонение (средний тариф)
АО «Тываэнерго» АО "Тываэнерго" 486 - 128
АО «Чеченэнерго» АО «Чеченэнерго» -4 079 47
Россети Волга Мордовэнерго -3 530 -93
Оренбургэнерго -13 669 - 135
Пензаэнерго -8 434 -67
Самарские РС -16 427 -1 202
Саратовские РС -16 583 - 569
Ульяновские РС -6 101 - 216
Чувашэнерго -5 275 152
Россети Кубань Кубаньэнерго -64 770 599
Россети Ленэнерго (ГК) Ленинградская область -36 803 1 111
г. Санкт-Петербург -51 373 - 108
Россети Московский регион Московская область 5 429 - 877
г. Москва 4 012 10
Россети Северный Кавказ (ГК) Дагестанская энергосбытовая компания - 111 69
Дагэнерго -8 053 589
Ингушэнерго -1 797 137
Каббалкэнерго -3 286 70
Карачаево-Черкесскэнерго -2 129 13
Севкавказэнерго -3 775 172
Ставропольэнерго -10 373 - 198
Россети Северо-Запад Архангельский филиал 74 - 112
Вологодский филиал 277 8
Карельский филиал -91 186
Мурманский филиал 102 46
Новгородский филиал 227 -48
Псковский филиал 151 -15
филиал в Республике Коми -63 41
Россети Сибирь (ГК) Алтайэнерго 332 333
Бурятэнерго - 119 329
ГАЭС 153 -21
Красноярскэнерго 1 368 - 676
Кузбассэнерго-РЭС - 461 932
Омскэнерго 188 -70
Хакасэнерго 422 - 442
Читаэнерго -77 206
Россети Томск Томская распределительная компания -8 299 - 146
Россети Тюмень Россети Тюмень -82 026 - 638
Россети Урал (ГК) Пермэнерго 669 - 246
Свердловэнерго 964 315
Челябэнерго 1 045 - 720
Россети ФСК ЕЭС Итого по ФСК ЕЭС -17 684 -6 088
Россети Центр Белгородэнерго 347 138
Брянскэнерго -5 765 17
Воронежэнерго -15 652 167
Костромаэнерго 127 -11
Курскэнерго -2 510 157
Липецкэнерго 853 - 381
Орелэнерго -4 613 -57
Смоленскэнерго -8 540 48
Тамбовэнерго -6 716 -12
Тверьэнерго 376 192
Ярэнерго -6 276 95
Россети Центр и Приволжье (ГК) Владимирэнерго 574 64
Ивэнерго 201 62
Калугаэнерго 706 -61
Кировэнерго 511 30
Мариэнерго 189 23
Нижновэнерго 849 359
Рязаньэнерго 229 70
Тулэнерго 877 - 292
Удмуртэнерго 401 20
Россети Юг (ГК) АО «ВМЭС» -4 225 59
Астраханьэнерго -6 426 68
Волгоградэнерго -11 043 - 400
Калмэнерго -1 859 -2
Ростовэнерго -22 464 75
Россети Янтарь Россети Янтарь 419 -47' are equal

13-01-2025T08:58:52 - [MESSAGE][PASSED] - Actual object 'ДЗО
Филиал
Отклонение (объём услуг)
Отклонение (средний тариф)
АО «Тываэнерго» АО "Тываэнерго" 486 - 128
АО «Чеченэнерго» АО «Чеченэнерго» -4 079 47
Россети Волга Мордовэнерго -3 530 -93
Оренбургэнерго -13 669 - 135
Пензаэнерго -8 434 -67
Самарские РС -16 427 -1 202
Саратовские РС -16 583 - 569
Ульяновские РС -6 101 - 216
Чувашэнерго -5 275 152
Россети Кубань Кубаньэнерго -64 770 599
Россети Ленэнерго (ГК) Ленинградская область -36 803 1 111
г. Санкт-Петербург -51 373 - 108
Россети Московский регион Московская область 5 429 - 877
г. Москва 4 012 10
Россети Северный Кавказ (ГК) Дагестанская энергосбытовая компания - 111 69
Дагэнерго -8 053 589
Ингушэнерго -1 797 137
Каббалкэнерго -3 286 70
Карачаево-Черкесскэнерго -2 129 13
Севкавказэнерго -3 775 172
Ставропольэнерго -10 373 - 198
Россети Северо-Запад Архангельский филиал 74 - 112
Вологодский филиал 277 8
Карельский филиал -91 186
Мурманский филиал 102 46
Новгородский филиал 227 -48
Псковский филиал 151 -15
филиал в Республике Коми -63 41
Россети Сибирь (ГК) Алтайэнерго 332 333
Бурятэнерго - 119 329
ГАЭС 153 -21
Красноярскэнерго 1 368 - 676
Кузбассэнерго-РЭС - 461 932
Омскэнерго 188 -70
Хакасэнерго 422 - 442
Читаэнерго -77 206
Россети Томск Томская распределительная компания -8 299 - 146
Россети Тюмень Россети Тюмень -82 026 - 638
Россети Урал (ГК) Пермэнерго 669 - 246
Свердловэнерго 964 315
Челябэнерго 1 045 - 720
Россети ФСК ЕЭС Итого по ФСК ЕЭС -17 684 -6 088
Россети Центр Белгородэнерго 347 138
Брянскэнерго -5 765 17
Воронежэнерго -15 652 167
Костромаэнерго 127 -11
Курскэнерго -2 510 157
Липецкэнерго 853 - 381
Орелэнерго -4 613 -57
Смоленскэнерго -8 540 48
Тамбовэнерго -6 716 -12
Тверьэнерго 376 192
Ярэнерго -6 276 95
Россети Центр и Приволжье (ГК) Владимирэнерго 574 64
Ивэнерго 201 62
Калугаэнерго 706 -61
Кировэнерго 511 30
Мариэнерго 189 23
Нижновэнерго 849 359
Рязаньэнерго 229 70
Тулэнерго 877 - 292
Удмуртэнерго 401 20
Россети Юг (ГК) АО «ВМЭС» -4 225 59
Астраханьэнерго -6 426 68
Волгоградэнерго -11 043 - 400
Калмэнерго -1 859 -2
Ростовэнерго -22 464 75
Россети Янтарь Россети Янтарь 419 -47' and expected object 'ДЗО
Филиал
Отклонение (объём услуг)
Отклонение (средний тариф)
АО «Тываэнерго» АО "Тываэнерго" 486 - 128
АО «Чеченэнерго» АО «Чеченэнерго» -4 079 47
Россети Волга Мордовэнерго -3 530 -93
Оренбургэнерго -13 669 - 135
Пензаэнерго -8 434 -67
Самарские РС -16 427 -1 202
Саратовские РС -16 583 - 569
Ульяновские РС -6 101 - 216
Чувашэнерго -5 275 152
Россети Кубань Кубаньэнерго -64 770 599
Россети Ленэнерго (ГК) Ленинградская область -36 803 1 111
г. Санкт-Петербург -51 373 - 108
Россети Московский регион Московская область 5 429 - 877
г. Москва 4 012 10
Россети Северный Кавказ (ГК) Дагестанская энергосбытовая компания - 111 69
Дагэнерго -8 053 589
Ингушэнерго -1 797 137
Каббалкэнерго -3 286 70
Карачаево-Черкесскэнерго -2 129 13
Севкавказэнерго -3 775 172
Ставропольэнерго -10 373 - 198
Россети Северо-Запад Архангельский филиал 74 - 112
Вологодский филиал 277 8
Карельский филиал -91 186
Мурманский филиал 102 46
Новгородский филиал 227 -48
Псковский филиал 151 -15
филиал в Республике Коми -63 41
Россети Сибирь (ГК) Алтайэнерго 332 333
Бурятэнерго - 119 329
ГАЭС 153 -21
Красноярскэнерго 1 368 - 676
Кузбассэнерго-РЭС - 461 932
Омскэнерго 188 -70
Хакасэнерго 422 - 442
Читаэнерго -77 206
Россети Томск Томская распределительная компания -8 299 - 146
Россети Тюмень Россети Тюмень -82 026 - 638
Россети Урал (ГК) Пермэнерго 669 - 246
Свердловэнерго 964 315
Челябэнерго 1 045 - 720
Россети ФСК ЕЭС Итого по ФСК ЕЭС -17 684 -6 088
Россети Центр Белгородэнерго 347 138
Брянскэнерго -5 765 17
Воронежэнерго -15 652 167
Костромаэнерго 127 -11
Курскэнерго -2 510 157
Липецкэнерго 853 - 381
Орелэнерго -4 613 -57
Смоленскэнерго -8 540 48
Тамбовэнерго -6 716 -12
Тверьэнерго 376 192
Ярэнерго -6 276 95
Россети Центр и Приволжье (ГК) Владимирэнерго 574 64
Ивэнерго 201 62
Калугаэнерго 706 -61
Кировэнерго 511 30
Мариэнерго 189 23
Нижновэнерго 849 359
Рязаньэнерго 229 70
Тулэнерго 877 - 292
Удмуртэнерго 401 20
Россети Юг (ГК) АО «ВМЭС» -4 225 59
Астраханьэнерго -6 426 68
Волгоградэнерго -11 043 - 400
Калмэнерго -1 859 -2
Ростовэнерго -22 464 75
Россети Янтарь Россети Янтарь 419 -47' are equal

13-01-2025T08:58:52 - [TEST_STEP][PASSED] - Script1686231490255.WriteToExcel(user, dashboardName, n, data, run, a1, a2, a3, a4, a5, a6, a7, a8, a9): null

13-01-2025T08:58:52 - [TEST_STEP][PASSED] - sheetName = "Sheet1": null

13-01-2025T08:58:52 - [TEST_STEP][PASSED] - workbook01 = getWorkbook(excelFilePath): null

13-01-2025T08:58:52 - [TEST_STEP][PASSED] - sheet01 = getExcelSheet(workbook01, sheetName): null

13-01-2025T08:58:52 - [TEST_STEP][PASSED] - setValueToCellByIndex(sheet01, n, 0, dashboardName): null

13-01-2025T08:58:52 - [TEST_STEP][PASSED] - setValueToCellByIndex(sheet01, n, 10, user): null

13-01-2025T08:58:52 - [TEST_STEP][PASSED] - setValueToCellByIndex(sheet01, n, 1, a1): null

13-01-2025T08:58:52 - [TEST_STEP][PASSED] - setValueToCellByIndex(sheet01, n, 2, a2): null

13-01-2025T08:58:52 - [TEST_STEP][PASSED] - setValueToCellByIndex(sheet01, n, 3, a3): null

13-01-2025T08:58:52 - [TEST_STEP][PASSED] - setValueToCellByIndex(sheet01, n, 4, a4): null

13-01-2025T08:58:52 - [TEST_STEP][PASSED] - setValueToCellByIndex(sheet01, n, 5, a5): null

13-01-2025T08:58:52 - [TEST_STEP][PASSED] - setValueToCellByIndex(sheet01, n, 6, a6): null

13-01-2025T08:58:52 - [TEST_STEP][PASSED] - setValueToCellByIndex(sheet01, n, 7, a7): null

13-01-2025T08:58:52 - [TEST_STEP][PASSED] - setValueToCellByIndex(sheet01, n, 8, a8): null

13-01-2025T08:58:52 - [TEST_STEP][PASSED] - setValueToCellByIndex(sheet01, n, 9, a9): null

13-01-2025T08:58:52 - [TEST_STEP][PASSED] - n = n + 1: null

13-01-2025T08:58:52 - [TEST_STEP][PASSED] - saveWorkbook(excelFilePath, workbook01): null

13-01-2025T08:58:52 - [TEST_STEP][PASSED] - if (run == 3): null

13-01-2025T08:58:52 - [TEST_STEP][PASSED] - closeBrowser(): null

13-01-2025T08:58:53 - [MESSAGE][PASSED] - Browser is closed

13-01-2025T08:58:53 - [TEST_STEP][PASSED] - FaktorniyAnaliz(user, dashboardName, n, data, run, a1, a2, a3, a4, a5, a6, a7, a8, a9, urlData): null

13-01-2025T08:58:53 - [TEST_STEP][PASSED] - n = data.getRowNumbers() + 1: null

13-01-2025T08:58:53 - [TEST_STEP][PASSED] - println(n): null

13-01-2025T08:58:53 - [TEST_STEP][PASSED] - dashboardName = "Факторный анализ": null

13-01-2025T08:58:53 - [TEST_STEP][PASSED] - openBrowser(""): Browser is opened with url: ''

13-01-2025T08:58:53 - [MESSAGE][INFO] - Starting 'Chrome' driver

13-01-2025T08:58:53 - [MESSAGE][INFO] - Action delay is set to 0 milliseconds

13-01-2025T08:58:54 - [MESSAGE][PASSED] - Browser is opened with url: ''

13-01-2025T08:58:54 - [TEST_STEP][PASSED] - urlData = 3: null

13-01-2025T08:58:54 - [TEST_STEP][PASSED] - Script1686231490255.CheckPageDownload(urlData, run): null

13-01-2025T08:58:54 - [TEST_STEP][PASSED] - i = 1: null

13-01-2025T08:58:54 - [TEST_STEP][PASSED] - ii = 0: null

13-01-2025T08:58:54 - [TEST_STEP][PASSED] - urlText = <not implemented yet for class: org.codehaus.groovy.ast.expr.EmptyExpression>: null

13-01-2025T08:58:54 - [TEST_STEP][PASSED] - searchWord = <not implemented yet for class: org.codehaus.groovy.ast.expr.EmptyExpression>: null

13-01-2025T08:58:54 - [TEST_STEP][PASSED] - deleteAllCookies(): Delete all cookies successfully

13-01-2025T08:58:54 - [MESSAGE][PASSED] - Delete all cookies successfully

13-01-2025T08:58:54 - [TEST_STEP][PASSED] - refresh(): Refresh successfully

13-01-2025T08:58:54 - [MESSAGE][PASSED] - Refresh successfully

13-01-2025T08:58:54 - [TEST_STEP][PASSED] - delay(70): Delayed 70 second(s)

13-01-2025T09:00:04 - [MESSAGE][PASSED] - Delayed 70 second(s)

13-01-2025T09:00:04 - [TEST_STEP][PASSED] - navigateToUrl(findTestData("PlanFact").getValue(10, urlData)): Navigate to 'https://bi.rosseti.digital/viewer?dashboardGuid=2301950b23be4ed89c1df75f2020051e&sheetGuid=ccd7d7486b3d4e6fa0ee9b1eaebed46c&fit=true' successfully

13-01-2025T09:00:13 - [MESSAGE][PASSED] - Navigate to 'https://bi.rosseti.digital/viewer?dashboardGuid=2301950b23be4ed89c1df75f2020051e&sheetGuid=ccd7d7486b3d4e6fa0ee9b1eaebed46c&fit=true' successfully

13-01-2025T09:00:13 - [TEST_STEP][PASSED] - pageLoaded1 = verifyElementPresent(findTestObject("Страница авторизации/Text"), 30): Object 'Object Repository/Страница авторизации/Text' is present

13-01-2025T09:00:14 - [MESSAGE][PASSED] - Object 'Object Repository/Страница авторизации/Text' is present

13-01-2025T09:00:14 - [TEST_STEP][PASSED] - if (pageLoaded1 == false): null

13-01-2025T09:00:14 - [TEST_STEP][PASSED] - urlText = getText(findTestObject("Страница авторизации/Text")): Text of object 'Object Repository/Страница авторизации/Text' is: 'Вход'

13-01-2025T09:00:14 - [MESSAGE][PASSED] - Text of object 'Object Repository/Страница авторизации/Text' is: 'Вход'

13-01-2025T09:00:14 - [TEST_STEP][PASSED] - delay(70): Delayed 70 second(s)

13-01-2025T09:01:24 - [MESSAGE][PASSED] - Delayed 70 second(s)

13-01-2025T09:01:24 - [TEST_STEP][PASSED] - searchWord = "Вход": null

13-01-2025T09:01:24 - [TEST_STEP][PASSED] - if (urlText.contains(searchWord) == false): null

13-01-2025T09:01:24 - [TEST_STEP][PASSED] - setText(findTestObject("Страница авторизации/input__username"), findTestData("PlanFact").getValue(8, run)): Text 'Petrova-OV' is set on object 'Object Repository/Страница авторизации/input__username'

13-01-2025T09:01:25 - [MESSAGE][PASSED] - Text 'Petrova-OV' is set on object 'Object Repository/Страница авторизации/input__username'

13-01-2025T09:01:25 - [TEST_STEP][PASSED] - setText(findTestObject("Страница авторизации/input__password"), findTestData("PlanFact").getValue(9, run)): Text '4Ex@~R53r&3x&BVe7' is set on object 'Object Repository/Страница авторизации/input__password'

13-01-2025T09:01:25 - [MESSAGE][PASSED] - Text '4Ex@~R53r&3x&BVe7' is set on object 'Object Repository/Страница авторизации/input__password'

13-01-2025T09:01:25 - [TEST_STEP][PASSED] - click(findTestObject("Страница авторизации/button_")): Object: 'Object Repository/Страница авторизации/button_' is clicked on

13-01-2025T09:01:27 - [MESSAGE][PASSED] - Object: 'Object Repository/Страница авторизации/button_' is clicked on

13-01-2025T09:01:27 - [TEST_STEP][PASSED] - delay(70): Delayed 70 second(s)

13-01-2025T09:02:37 - [MESSAGE][PASSED] - Delayed 70 second(s)

13-01-2025T09:02:37 - [TEST_STEP][PASSED] - searchWord = "а": null

13-01-2025T09:02:37 - [TEST_STEP][PASSED] - pageLoaded2 = verifyElementPresent(findTestObject("Страница авторизации/Text"), 50): Object 'Object Repository/Страница авторизации/Text' is present

13-01-2025T09:02:37 - [MESSAGE][PASSED] - Object 'Object Repository/Страница авторизации/Text' is present

13-01-2025T09:02:37 - [TEST_STEP][PASSED] - if (pageLoaded2 == false): null

13-01-2025T09:02:37 - [TEST_STEP][PASSED] - urlText = getText(findTestObject("Страница авторизации/Text")): Text of object 'Object Repository/Страница авторизации/Text' is: 'Период
1, 2, 3 кв., Октябрь, Ноябрь 2024 года
ДЗО 
ПАО Россети
Подписи данных
Итого отклонения по группе компаний: - 445 988 млн.руб.
Филиал
Месяц
Факторный анализ
Всего отклонения по факторам по ПАО Россети за 1, 2, 3 кв., Октябрь, Ноябрь 2024 года
ДЗО
Филиал
Отклонение (объём услуг)
Отклонение (средний тариф)
АО «Тываэнерго» АО "Тываэнерго" 486 - 128
АО «Чеченэнерго» АО «Чеченэнерго» -4 079 47
Россети Волга Мордовэнерго -3 530 -93
Оренбургэнерго -13 669 - 135
Пензаэнерго -8 434 -67
Самарские РС -16 427 -1 202
Саратовские РС -16 583 - 569
Ульяновские РС -6 101 - 216
Чувашэнерго -5 275 152
Россети Кубань Кубаньэнерго -64 770 599
Россети Ленэнерго (ГК) Ленинградская область -36 803 1 111
г. Санкт-Петербург -51 373 - 108
Россети Московский регион Московская область 5 429 - 877
г. Москва 4 012 10
Россети Северный Кавказ (ГК) Дагестанская энергосбытовая компания - 111 69
Дагэнерго -8 053 589
Ингушэнерго -1 797 137
Каббалкэнерго -3 286 70
Карачаево-Черкесскэнерго -2 129 13
Севкавказэнерго -3 775 172
Ставропольэнерго -10 373 - 198
Россети Северо-Запад Архангельский филиал 74 - 112
Вологодский филиал 277 8
Карельский филиал -91 186
Мурманский филиал 102 46
Новгородский филиал 227 -48
Псковский филиал 151 -15
филиал в Республике Коми -63 41
Россети Сибирь (ГК) Алтайэнерго 332 333
Бурятэнерго - 119 329
ГАЭС 153 -21
Красноярскэнерго 1 368 - 676
Кузбассэнерго-РЭС - 461 932
Омскэнерго 188 -70
Хакасэнерго 422 - 442
Читаэнерго -77 206
Россети Томск Томская распределительная компания -8 299 - 146
Россети Тюмень Россети Тюмень -82 026 - 638
Россети Урал (ГК) Пермэнерго 669 - 246
Свердловэнерго 964 315
Челябэнерго 1 045 - 720
Россети ФСК ЕЭС Итого по ФСК ЕЭС -17 684 -6 088
Россети Центр Белгородэнерго 347 138
Брянскэнерго -5 765 17
Воронежэнерго -15 652 167
Костромаэнерго 127 -11
Курскэнерго -2 510 157
Липецкэнерго 853 - 381
Орелэнерго -4 613 -57
Смоленскэнерго -8 540 48
Тамбовэнерго -6 716 -12
Тверьэнерго 376 192
Ярэнерго -6 276 95
Россети Центр и Приволжье (ГК) Владимирэнерго 574 64
Ивэнерго 201 62
Калугаэнерго 706 -61
Кировэнерго 511 30
Мариэнерго 189 23
Нижновэнерго 849 359
Рязаньэнерго 229 70
Тулэнерго 877 - 292
Удмуртэнерго 401 20
Россети Юг (ГК) АО «ВМЭС» -4 225 59
Астраханьэнерго -6 426 68
Волгоградэнерго -11 043 - 400
Калмэнерго -1 859 -2
Ростовэнерго -22 464 75
Россети Янтарь Россети Янтарь 419 -47
Отклонения выручки по факторам по выбранным ДЗО, руб
-1 291 521-1 291 521
31 69431 694
Отклонение (объём услуг)
Отклонение (средний тариф)
ПАО Россети'

13-01-2025T09:02:38 - [MESSAGE][PASSED] - Text of object 'Object Repository/Страница авторизации/Text' is: 'Период
1, 2, 3 кв., Октябрь, Ноябрь 2024 года
ДЗО 
ПАО Россети
Подписи данных
Итого отклонения по группе компаний: - 445 988 млн.руб.
Филиал
Месяц
Факторный анализ
Всего отклонения по факторам по ПАО Россети за 1, 2, 3 кв., Октябрь, Ноябрь 2024 года
ДЗО
Филиал
Отклонение (объём услуг)
Отклонение (средний тариф)
АО «Тываэнерго» АО "Тываэнерго" 486 - 128
АО «Чеченэнерго» АО «Чеченэнерго» -4 079 47
Россети Волга Мордовэнерго -3 530 -93
Оренбургэнерго -13 669 - 135
Пензаэнерго -8 434 -67
Самарские РС -16 427 -1 202
Саратовские РС -16 583 - 569
Ульяновские РС -6 101 - 216
Чувашэнерго -5 275 152
Россети Кубань Кубаньэнерго -64 770 599
Россети Ленэнерго (ГК) Ленинградская область -36 803 1 111
г. Санкт-Петербург -51 373 - 108
Россети Московский регион Московская область 5 429 - 877
г. Москва 4 012 10
Россети Северный Кавказ (ГК) Дагестанская энергосбытовая компания - 111 69
Дагэнерго -8 053 589
Ингушэнерго -1 797 137
Каббалкэнерго -3 286 70
Карачаево-Черкесскэнерго -2 129 13
Севкавказэнерго -3 775 172
Ставропольэнерго -10 373 - 198
Россети Северо-Запад Архангельский филиал 74 - 112
Вологодский филиал 277 8
Карельский филиал -91 186
Мурманский филиал 102 46
Новгородский филиал 227 -48
Псковский филиал 151 -15
филиал в Республике Коми -63 41
Россети Сибирь (ГК) Алтайэнерго 332 333
Бурятэнерго - 119 329
ГАЭС 153 -21
Красноярскэнерго 1 368 - 676
Кузбассэнерго-РЭС - 461 932
Омскэнерго 188 -70
Хакасэнерго 422 - 442
Читаэнерго -77 206
Россети Томск Томская распределительная компания -8 299 - 146
Россети Тюмень Россети Тюмень -82 026 - 638
Россети Урал (ГК) Пермэнерго 669 - 246
Свердловэнерго 964 315
Челябэнерго 1 045 - 720
Россети ФСК ЕЭС Итого по ФСК ЕЭС -17 684 -6 088
Россети Центр Белгородэнерго 347 138
Брянскэнерго -5 765 17
Воронежэнерго -15 652 167
Костромаэнерго 127 -11
Курскэнерго -2 510 157
Липецкэнерго 853 - 381
Орелэнерго -4 613 -57
Смоленскэнерго -8 540 48
Тамбовэнерго -6 716 -12
Тверьэнерго 376 192
Ярэнерго -6 276 95
Россети Центр и Приволжье (ГК) Владимирэнерго 574 64
Ивэнерго 201 62
Калугаэнерго 706 -61
Кировэнерго 511 30
Мариэнерго 189 23
Нижновэнерго 849 359
Рязаньэнерго 229 70
Тулэнерго 877 - 292
Удмуртэнерго 401 20
Россети Юг (ГК) АО «ВМЭС» -4 225 59
Астраханьэнерго -6 426 68
Волгоградэнерго -11 043 - 400
Калмэнерго -1 859 -2
Ростовэнерго -22 464 75
Россети Янтарь Россети Янтарь 419 -47
Отклонения выручки по факторам по выбранным ДЗО, руб
-1 291 521-1 291 521
31 69431 694
Отклонение (объём услуг)
Отклонение (средний тариф)
ПАО Россети'

13-01-2025T09:02:38 - [TEST_STEP][PASSED] - if (urlText.contains("ошибка") || urlText.contains(searchWord) == false): null

13-01-2025T09:02:38 - [TEST_STEP][PASSED] - click(findTestObject("Факторный анализ/Фильтр Период")): Object: 'Object Repository/Факторный анализ/Фильтр Период' is clicked on

13-01-2025T09:02:38 - [MESSAGE][PASSED] - Object: 'Object Repository/Факторный анализ/Фильтр Период' is clicked on

13-01-2025T09:02:38 - [TEST_STEP][PASSED] - click(findTestObject("Факторный анализ/Снять выделение в фильтре Дата")): Object: 'Object Repository/Факторный анализ/Снять выделение в фильтре Дата' is clicked on

13-01-2025T09:02:39 - [MESSAGE][PASSED] - Object: 'Object Repository/Факторный анализ/Снять выделение в фильтре Дата' is clicked on

13-01-2025T09:02:39 - [TEST_STEP][PASSED] - click(findTestObject("Факторный анализ/Применить в фильтре Дата")): Object: 'Object Repository/Факторный анализ/Применить в фильтре Дата' is clicked on

13-01-2025T09:02:39 - [MESSAGE][PASSED] - Object: 'Object Repository/Факторный анализ/Применить в фильтре Дата' is clicked on

13-01-2025T09:02:39 - [TEST_STEP][PASSED] - click(findTestObject("Факторный анализ/Фильтр Период")): Object: 'Object Repository/Факторный анализ/Фильтр Период' is clicked on

13-01-2025T09:02:41 - [MESSAGE][PASSED] - Object: 'Object Repository/Факторный анализ/Фильтр Период' is clicked on

13-01-2025T09:02:41 - [TEST_STEP][PASSED] - click(findTestObject("Факторный анализ/Снять выделение в фильтре Дата")): Object: 'Object Repository/Факторный анализ/Снять выделение в фильтре Дата' is clicked on

13-01-2025T09:02:42 - [MESSAGE][PASSED] - Object: 'Object Repository/Факторный анализ/Снять выделение в фильтре Дата' is clicked on

13-01-2025T09:02:42 - [TEST_STEP][PASSED] - scrollToElement(findTestObject("Факторный анализ/2024 список"), 30): Scroll to object 'Object Repository/Факторный анализ/2024 список' successfully

13-01-2025T09:02:42 - [MESSAGE][PASSED] - Scroll to object 'Object Repository/Факторный анализ/2024 список' successfully

13-01-2025T09:02:42 - [TEST_STEP][PASSED] - click(findTestObject("Факторный анализ/2024 список")): Object: 'Object Repository/Факторный анализ/2024 список' is clicked on

13-01-2025T09:02:42 - [MESSAGE][PASSED] - Object: 'Object Repository/Факторный анализ/2024 список' is clicked on

13-01-2025T09:02:42 - [TEST_STEP][PASSED] - scrollToElement(findTestObject("Факторный анализ/1 квартал 2024 выбрать"), 30): Scroll to object 'Object Repository/Факторный анализ/1 квартал 2024 выбрать' successfully

13-01-2025T09:02:43 - [MESSAGE][PASSED] - Scroll to object 'Object Repository/Факторный анализ/1 квартал 2024 выбрать' successfully

13-01-2025T09:02:43 - [TEST_STEP][PASSED] - click(findTestObject("Факторный анализ/1 квартал 2024 выбрать")): Object: 'Object Repository/Факторный анализ/1 квартал 2024 выбрать' is clicked on

13-01-2025T09:02:43 - [MESSAGE][PASSED] - Object: 'Object Repository/Факторный анализ/1 квартал 2024 выбрать' is clicked on

13-01-2025T09:02:43 - [TEST_STEP][PASSED] - scrollToElement(findTestObject("Факторный анализ/1 квартал 2024 выбрать"), 30): Scroll to object 'Object Repository/Факторный анализ/1 квартал 2024 выбрать' successfully

13-01-2025T09:02:44 - [MESSAGE][PASSED] - Scroll to object 'Object Repository/Факторный анализ/1 квартал 2024 выбрать' successfully

13-01-2025T09:02:44 - [TEST_STEP][PASSED] - click(findTestObject("Факторный анализ/2 квартал 2024 выбрать"), CONTINUE_ON_FAILURE): Object: 'Object Repository/Факторный анализ/2 квартал 2024 выбрать' is clicked on

13-01-2025T09:02:44 - [MESSAGE][PASSED] - Object: 'Object Repository/Факторный анализ/2 квартал 2024 выбрать' is clicked on

13-01-2025T09:02:44 - [TEST_STEP][PASSED] - scrollToElement(findTestObject("Факторный анализ/3 квартал 2024 список"), 30): Scroll to object 'Object Repository/Факторный анализ/3 квартал 2024 список' successfully

13-01-2025T09:02:44 - [MESSAGE][PASSED] - Scroll to object 'Object Repository/Факторный анализ/3 квартал 2024 список' successfully

13-01-2025T09:02:44 - [TEST_STEP][PASSED] - click(findTestObject("Факторный анализ/3 квартал 2024 выбрать"), CONTINUE_ON_FAILURE): Object: 'Object Repository/Факторный анализ/3 квартал 2024 выбрать' is clicked on

13-01-2025T09:02:45 - [MESSAGE][PASSED] - Object: 'Object Repository/Факторный анализ/3 квартал 2024 выбрать' is clicked on

13-01-2025T09:02:45 - [TEST_STEP][PASSED] - scrollToElement(findTestObject("Факторный анализ/4 квартал 2024 список"), 30): Scroll to object 'Object Repository/Факторный анализ/4 квартал 2024 список' successfully

13-01-2025T09:02:45 - [MESSAGE][PASSED] - Scroll to object 'Object Repository/Факторный анализ/4 квартал 2024 список' successfully

13-01-2025T09:02:45 - [TEST_STEP][PASSED] - click(findTestObject("Факторный анализ/4 квартал 2024 список"), CONTINUE_ON_FAILURE): Object: 'Object Repository/Факторный анализ/4 квартал 2024 список' is clicked on

13-01-2025T09:02:46 - [MESSAGE][PASSED] - Object: 'Object Repository/Факторный анализ/4 квартал 2024 список' is clicked on

13-01-2025T09:02:46 - [TEST_STEP][PASSED] - scrollToElement(findTestObject("Факторный анализ/Октябрь 2024"), 30): Scroll to object 'Object Repository/Факторный анализ/Октябрь 2024' successfully

13-01-2025T09:02:46 - [MESSAGE][PASSED] - Scroll to object 'Object Repository/Факторный анализ/Октябрь 2024' successfully

13-01-2025T09:02:46 - [TEST_STEP][PASSED] - click(findTestObject("Факторный анализ/Октябрь 2024"), CONTINUE_ON_FAILURE): Object: 'Object Repository/Факторный анализ/Октябрь 2024' is clicked on

13-01-2025T09:02:46 - [MESSAGE][PASSED] - Object: 'Object Repository/Факторный анализ/Октябрь 2024' is clicked on

13-01-2025T09:02:46 - [TEST_STEP][PASSED] - scrollToElement(findTestObject("Факторный анализ/Ноябрь 2024"), 30): Scroll to object 'Object Repository/Факторный анализ/Ноябрь 2024' successfully

13-01-2025T09:02:47 - [MESSAGE][PASSED] - Scroll to object 'Object Repository/Факторный анализ/Ноябрь 2024' successfully

13-01-2025T09:02:47 - [TEST_STEP][PASSED] - click(findTestObject("Факторный анализ/Ноябрь 2024"), CONTINUE_ON_FAILURE): Object: 'Object Repository/Факторный анализ/Ноябрь 2024' is clicked on

13-01-2025T09:02:47 - [MESSAGE][PASSED] - Object: 'Object Repository/Факторный анализ/Ноябрь 2024' is clicked on

13-01-2025T09:02:47 - [TEST_STEP][PASSED] - scrollToElement(findTestObject("Факторный анализ/Заголовок дашборда"), 30): Scroll to object 'Object Repository/Факторный анализ/Заголовок дашборда' successfully

13-01-2025T09:02:48 - [MESSAGE][PASSED] - Scroll to object 'Object Repository/Факторный анализ/Заголовок дашборда' successfully

13-01-2025T09:02:48 - [TEST_STEP][PASSED] - click(findTestObject("Факторный анализ/Применить в фильтре Дата")): Object: 'Object Repository/Факторный анализ/Применить в фильтре Дата' is clicked on

13-01-2025T09:02:48 - [MESSAGE][PASSED] - Object: 'Object Repository/Факторный анализ/Применить в фильтре Дата' is clicked on

13-01-2025T09:02:48 - [TEST_STEP][PASSED] - a5 = "": null

13-01-2025T09:02:48 - [TEST_STEP][PASSED] - a6 = "": null

13-01-2025T09:02:48 - [TEST_STEP][PASSED] - a7 = "": null

13-01-2025T09:02:48 - [TEST_STEP][PASSED] - a8 = "": null

13-01-2025T09:02:48 - [TEST_STEP][PASSED] - a9 = "": null

13-01-2025T09:02:48 - [TEST_STEP][PASSED] - if (run == 1): null

13-01-2025T09:02:48 - [TEST_STEP][PASSED] - if (run == 2): null

13-01-2025T09:02:48 - [TEST_STEP][PASSED] - if (run == 3): null

13-01-2025T09:02:48 - [TEST_STEP][PASSED] - user = "Попова": null

13-01-2025T09:02:48 - [TEST_STEP][PASSED] - a1 = getText(findTestObject("Факторный анализ/span1 Блок руководителя")): Text of object 'Object Repository/Факторный анализ/span1 Блок руководителя' is: ''

13-01-2025T09:02:50 - [MESSAGE][PASSED] - Text of object 'Object Repository/Факторный анализ/span1 Блок руководителя' is: ''

13-01-2025T09:02:50 - [TEST_STEP][PASSED] - a2 = getText(findTestObject("Факторный анализ/span2 Блок руководителя")): Text of object 'Object Repository/Факторный анализ/span2 Блок руководителя' is: ''

13-01-2025T09:02:50 - [MESSAGE][PASSED] - Text of object 'Object Repository/Факторный анализ/span2 Блок руководителя' is: ''

13-01-2025T09:02:50 - [TEST_STEP][PASSED] - a3 = getText(findTestObject("Факторный анализ/График Всего отклонения по факторам Блок руководителя")): Text of object 'Object Repository/Факторный анализ/График Всего отклонения по факторам Блок руководителя' is: 'ДЗО
Филиал
Отклонение (объём услуг)
Отклонение (средний тариф)
АО «Тываэнерго» АО "Тываэнерго" 486 - 128
АО «Чеченэнерго» АО «Чеченэнерго» -4 079 47
Россети Волга Мордовэнерго -3 530 -93
Оренбургэнерго -13 669 - 135
Пензаэнерго -8 434 -67
Самарские РС -16 427 -1 202
Саратовские РС -16 583 - 569
Ульяновские РС -6 101 - 216
Чувашэнерго -5 275 152
Россети Кубань Кубаньэнерго -64 770 599
Россети Ленэнерго (ГК) Ленинградская область -36 803 1 111
г. Санкт-Петербург -51 373 - 108
Россети Московский регион Московская область 5 429 - 877
г. Москва 4 012 10
Россети Северный Кавказ (ГК) Дагестанская энергосбытовая компания - 111 69
Дагэнерго -8 053 589
Ингушэнерго -1 797 137
Каббалкэнерго -3 286 70
Карачаево-Черкесскэнерго -2 129 13
Севкавказэнерго -3 775 172
Ставропольэнерго -10 373 - 198
Россети Северо-Запад Архангельский филиал 74 - 112
Вологодский филиал 277 8
Карельский филиал -91 186
Мурманский филиал 102 46
Новгородский филиал 227 -48
Псковский филиал 151 -15
филиал в Республике Коми -63 41
Россети Сибирь (ГК) Алтайэнерго 332 333
Бурятэнерго - 119 329
ГАЭС 153 -21
Красноярскэнерго 1 368 - 676
Кузбассэнерго-РЭС - 461 932
Омскэнерго 188 -70
Хакасэнерго 422 - 442
Читаэнерго -77 206
Россети Томск Томская распределительная компания -8 299 - 146
Россети Тюмень Россети Тюмень -82 026 - 638
Россети Урал (ГК) Пермэнерго 669 - 246
Свердловэнерго 964 315
Челябэнерго 1 045 - 720
Россети ФСК ЕЭС Итого по ФСК ЕЭС -17 684 -6 088
Россети Центр Белгородэнерго 347 138
Брянскэнерго -5 765 17
Воронежэнерго -15 652 167
Костромаэнерго 127 -11
Курскэнерго -2 510 157
Липецкэнерго 853 - 381
Орелэнерго -4 613 -57
Смоленскэнерго -8 540 48
Тамбовэнерго -6 716 -12
Тверьэнерго 376 192
Ярэнерго -6 276 95
Россети Центр и Приволжье (ГК) Владимирэнерго 574 64
Ивэнерго 201 62
Калугаэнерго 706 -61
Кировэнерго 511 30
Мариэнерго 189 23
Нижновэнерго 849 359
Рязаньэнерго 229 70
Тулэнерго 877 - 292
Удмуртэнерго 401 20
Россети Юг (ГК) АО «ВМЭС» -4 225 59
Астраханьэнерго -6 426 68
Волгоградэнерго -11 043 - 400
Калмэнерго -1 859 -2
Ростовэнерго -22 464 75
Россети Янтарь Россети Янтарь 419 -47'

13-01-2025T09:02:50 - [MESSAGE][PASSED] - Text of object 'Object Repository/Факторный анализ/График Всего отклонения по факторам Блок руководителя' is: 'ДЗО
Филиал
Отклонение (объём услуг)
Отклонение (средний тариф)
АО «Тываэнерго» АО "Тываэнерго" 486 - 128
АО «Чеченэнерго» АО «Чеченэнерго» -4 079 47
Россети Волга Мордовэнерго -3 530 -93
Оренбургэнерго -13 669 - 135
Пензаэнерго -8 434 -67
Самарские РС -16 427 -1 202
Саратовские РС -16 583 - 569
Ульяновские РС -6 101 - 216
Чувашэнерго -5 275 152
Россети Кубань Кубаньэнерго -64 770 599
Россети Ленэнерго (ГК) Ленинградская область -36 803 1 111
г. Санкт-Петербург -51 373 - 108
Россети Московский регион Московская область 5 429 - 877
г. Москва 4 012 10
Россети Северный Кавказ (ГК) Дагестанская энергосбытовая компания - 111 69
Дагэнерго -8 053 589
Ингушэнерго -1 797 137
Каббалкэнерго -3 286 70
Карачаево-Черкесскэнерго -2 129 13
Севкавказэнерго -3 775 172
Ставропольэнерго -10 373 - 198
Россети Северо-Запад Архангельский филиал 74 - 112
Вологодский филиал 277 8
Карельский филиал -91 186
Мурманский филиал 102 46
Новгородский филиал 227 -48
Псковский филиал 151 -15
филиал в Республике Коми -63 41
Россети Сибирь (ГК) Алтайэнерго 332 333
Бурятэнерго - 119 329
ГАЭС 153 -21
Красноярскэнерго 1 368 - 676
Кузбассэнерго-РЭС - 461 932
Омскэнерго 188 -70
Хакасэнерго 422 - 442
Читаэнерго -77 206
Россети Томск Томская распределительная компания -8 299 - 146
Россети Тюмень Россети Тюмень -82 026 - 638
Россети Урал (ГК) Пермэнерго 669 - 246
Свердловэнерго 964 315
Челябэнерго 1 045 - 720
Россети ФСК ЕЭС Итого по ФСК ЕЭС -17 684 -6 088
Россети Центр Белгородэнерго 347 138
Брянскэнерго -5 765 17
Воронежэнерго -15 652 167
Костромаэнерго 127 -11
Курскэнерго -2 510 157
Липецкэнерго 853 - 381
Орелэнерго -4 613 -57
Смоленскэнерго -8 540 48
Тамбовэнерго -6 716 -12
Тверьэнерго 376 192
Ярэнерго -6 276 95
Россети Центр и Приволжье (ГК) Владимирэнерго 574 64
Ивэнерго 201 62
Калугаэнерго 706 -61
Кировэнерго 511 30
Мариэнерго 189 23
Нижновэнерго 849 359
Рязаньэнерго 229 70
Тулэнерго 877 - 292
Удмуртэнерго 401 20
Россети Юг (ГК) АО «ВМЭС» -4 225 59
Астраханьэнерго -6 426 68
Волгоградэнерго -11 043 - 400
Калмэнерго -1 859 -2
Ростовэнерго -22 464 75
Россети Янтарь Россети Янтарь 419 -47'

13-01-2025T09:02:50 - [TEST_STEP][PASSED] - click(findTestObject("Факторный анализ/Переключить отображение с филиала на месяц")): Object: 'Object Repository/Факторный анализ/Переключить отображение с филиала на месяц' is clicked on

13-01-2025T09:02:51 - [MESSAGE][PASSED] - Object: 'Object Repository/Факторный анализ/Переключить отображение с филиала на месяц' is clicked on

13-01-2025T09:02:51 - [TEST_STEP][PASSED] - a4 = getText(findTestObject("Факторный анализ/График Всего отклонения по факторам Блок руководителя")): Text of object 'Object Repository/Факторный анализ/График Всего отклонения по факторам Блок руководителя' is: 'ДЗО
Филиал
Отклонение (объём услуг)
Отклонение (средний тариф)
АО «Тываэнерго» АО "Тываэнерго" 486 - 128
АО «Чеченэнерго» АО «Чеченэнерго» -4 079 47
Россети Волга Мордовэнерго -3 530 -93
Оренбургэнерго -13 669 - 135
Пензаэнерго -8 434 -67
Самарские РС -16 427 -1 202
Саратовские РС -16 583 - 569
Ульяновские РС -6 101 - 216
Чувашэнерго -5 275 152
Россети Кубань Кубаньэнерго -64 770 599
Россети Ленэнерго (ГК) Ленинградская область -36 803 1 111
г. Санкт-Петербург -51 373 - 108
Россети Московский регион Московская область 5 429 - 877
г. Москва 4 012 10
Россети Северный Кавказ (ГК) Дагестанская энергосбытовая компания - 111 69
Дагэнерго -8 053 589
Ингушэнерго -1 797 137
Каббалкэнерго -3 286 70
Карачаево-Черкесскэнерго -2 129 13
Севкавказэнерго -3 775 172
Ставропольэнерго -10 373 - 198
Россети Северо-Запад Архангельский филиал 74 - 112
Вологодский филиал 277 8
Карельский филиал -91 186
Мурманский филиал 102 46
Новгородский филиал 227 -48
Псковский филиал 151 -15
филиал в Республике Коми -63 41
Россети Сибирь (ГК) Алтайэнерго 332 333
Бурятэнерго - 119 329
ГАЭС 153 -21
Красноярскэнерго 1 368 - 676
Кузбассэнерго-РЭС - 461 932
Омскэнерго 188 -70
Хакасэнерго 422 - 442
Читаэнерго -77 206
Россети Томск Томская распределительная компания -8 299 - 146
Россети Тюмень Россети Тюмень -82 026 - 638
Россети Урал (ГК) Пермэнерго 669 - 246
Свердловэнерго 964 315
Челябэнерго 1 045 - 720
Россети ФСК ЕЭС Итого по ФСК ЕЭС -17 684 -6 088
Россети Центр Белгородэнерго 347 138
Брянскэнерго -5 765 17
Воронежэнерго -15 652 167
Костромаэнерго 127 -11
Курскэнерго -2 510 157
Липецкэнерго 853 - 381
Орелэнерго -4 613 -57
Смоленскэнерго -8 540 48
Тамбовэнерго -6 716 -12
Тверьэнерго 376 192
Ярэнерго -6 276 95
Россети Центр и Приволжье (ГК) Владимирэнерго 574 64
Ивэнерго 201 62
Калугаэнерго 706 -61
Кировэнерго 511 30
Мариэнерго 189 23
Нижновэнерго 849 359
Рязаньэнерго 229 70
Тулэнерго 877 - 292
Удмуртэнерго 401 20
Россети Юг (ГК) АО «ВМЭС» -4 225 59
Астраханьэнерго -6 426 68
Волгоградэнерго -11 043 - 400
Калмэнерго -1 859 -2
Ростовэнерго -22 464 75
Россети Янтарь Россети Янтарь 419 -47'

13-01-2025T09:02:51 - [MESSAGE][PASSED] - Text of object 'Object Repository/Факторный анализ/График Всего отклонения по факторам Блок руководителя' is: 'ДЗО
Филиал
Отклонение (объём услуг)
Отклонение (средний тариф)
АО «Тываэнерго» АО "Тываэнерго" 486 - 128
АО «Чеченэнерго» АО «Чеченэнерго» -4 079 47
Россети Волга Мордовэнерго -3 530 -93
Оренбургэнерго -13 669 - 135
Пензаэнерго -8 434 -67
Самарские РС -16 427 -1 202
Саратовские РС -16 583 - 569
Ульяновские РС -6 101 - 216
Чувашэнерго -5 275 152
Россети Кубань Кубаньэнерго -64 770 599
Россети Ленэнерго (ГК) Ленинградская область -36 803 1 111
г. Санкт-Петербург -51 373 - 108
Россети Московский регион Московская область 5 429 - 877
г. Москва 4 012 10
Россети Северный Кавказ (ГК) Дагестанская энергосбытовая компания - 111 69
Дагэнерго -8 053 589
Ингушэнерго -1 797 137
Каббалкэнерго -3 286 70
Карачаево-Черкесскэнерго -2 129 13
Севкавказэнерго -3 775 172
Ставропольэнерго -10 373 - 198
Россети Северо-Запад Архангельский филиал 74 - 112
Вологодский филиал 277 8
Карельский филиал -91 186
Мурманский филиал 102 46
Новгородский филиал 227 -48
Псковский филиал 151 -15
филиал в Республике Коми -63 41
Россети Сибирь (ГК) Алтайэнерго 332 333
Бурятэнерго - 119 329
ГАЭС 153 -21
Красноярскэнерго 1 368 - 676
Кузбассэнерго-РЭС - 461 932
Омскэнерго 188 -70
Хакасэнерго 422 - 442
Читаэнерго -77 206
Россети Томск Томская распределительная компания -8 299 - 146
Россети Тюмень Россети Тюмень -82 026 - 638
Россети Урал (ГК) Пермэнерго 669 - 246
Свердловэнерго 964 315
Челябэнерго 1 045 - 720
Россети ФСК ЕЭС Итого по ФСК ЕЭС -17 684 -6 088
Россети Центр Белгородэнерго 347 138
Брянскэнерго -5 765 17
Воронежэнерго -15 652 167
Костромаэнерго 127 -11
Курскэнерго -2 510 157
Липецкэнерго 853 - 381
Орелэнерго -4 613 -57
Смоленскэнерго -8 540 48
Тамбовэнерго -6 716 -12
Тверьэнерго 376 192
Ярэнерго -6 276 95
Россети Центр и Приволжье (ГК) Владимирэнерго 574 64
Ивэнерго 201 62
Калугаэнерго 706 -61
Кировэнерго 511 30
Мариэнерго 189 23
Нижновэнерго 849 359
Рязаньэнерго 229 70
Тулэнерго 877 - 292
Удмуртэнерго 401 20
Россети Юг (ГК) АО «ВМЭС» -4 225 59
Астраханьэнерго -6 426 68
Волгоградэнерго -11 043 - 400
Калмэнерго -1 859 -2
Ростовэнерго -22 464 75
Россети Янтарь Россети Янтарь 419 -47'

13-01-2025T09:02:51 - [TEST_STEP][PASSED] - n = n + 26: null

13-01-2025T09:02:51 - [TEST_STEP][PASSED] - b = n - run + 1: null

13-01-2025T09:02:51 - [TEST_STEP][PASSED] - verifyEqual(findTestData("PlanFact").getValue(2, b), a1): Actual object '' and expected object '' are equal

13-01-2025T09:02:51 - [MESSAGE][PASSED] - Actual object '' and expected object '' are equal

13-01-2025T09:02:51 - [TEST_STEP][PASSED] - verifyEqual(findTestData("PlanFact").getValue(3, b), a2): Actual object '' and expected object '' are equal

13-01-2025T09:02:51 - [MESSAGE][PASSED] - Actual object '' and expected object '' are equal

13-01-2025T09:02:51 - [TEST_STEP][PASSED] - verifyEqual(findTestData("PlanFact").getValue(4, b), a3): Actual object 'ДЗО
Филиал
Отклонение (объём услуг)
Отклонение (средний тариф)
АО «Тываэнерго» АО "Тываэнерго" 486 - 128
АО «Чеченэнерго» АО «Чеченэнерго» -4 079 47
Россети Волга Мордовэнерго -3 530 -93
Оренбургэнерго -13 669 - 135
Пензаэнерго -8 434 -67
Самарские РС -16 427 -1 202
Саратовские РС -16 583 - 569
Ульяновские РС -6 101 - 216
Чувашэнерго -5 275 152
Россети Кубань Кубаньэнерго -64 770 599
Россети Ленэнерго (ГК) Ленинградская область -36 803 1 111
г. Санкт-Петербург -51 373 - 108
Россети Московский регион Московская область 5 429 - 877
г. Москва 4 012 10
Россети Северный Кавказ (ГК) Дагестанская энергосбытовая компания - 111 69
Дагэнерго -8 053 589
Ингушэнерго -1 797 137
Каббалкэнерго -3 286 70
Карачаево-Черкесскэнерго -2 129 13
Севкавказэнерго -3 775 172
Ставропольэнерго -10 373 - 198
Россети Северо-Запад Архангельский филиал 74 - 112
Вологодский филиал 277 8
Карельский филиал -91 186
Мурманский филиал 102 46
Новгородский филиал 227 -48
Псковский филиал 151 -15
филиал в Республике Коми -63 41
Россети Сибирь (ГК) Алтайэнерго 332 333
Бурятэнерго - 119 329
ГАЭС 153 -21
Красноярскэнерго 1 368 - 676
Кузбассэнерго-РЭС - 461 932
Омскэнерго 188 -70
Хакасэнерго 422 - 442
Читаэнерго -77 206
Россети Томск Томская распределительная компания -8 299 - 146
Россети Тюмень Россети Тюмень -82 026 - 638
Россети Урал (ГК) Пермэнерго 669 - 246
Свердловэнерго 964 315
Челябэнерго 1 045 - 720
Россети ФСК ЕЭС Итого по ФСК ЕЭС -17 684 -6 088
Россети Центр Белгородэнерго 347 138
Брянскэнерго -5 765 17
Воронежэнерго -15 652 167
Костромаэнерго 127 -11
Курскэнерго -2 510 157
Липецкэнерго 853 - 381
Орелэнерго -4 613 -57
Смоленскэнерго -8 540 48
Тамбовэнерго -6 716 -12
Тверьэнерго 376 192
Ярэнерго -6 276 95
Россети Центр и Приволжье (ГК) Владимирэнерго 574 64
Ивэнерго 201 62
Калугаэнерго 706 -61
Кировэнерго 511 30
Мариэнерго 189 23
Нижновэнерго 849 359
Рязаньэнерго 229 70
Тулэнерго 877 - 292
Удмуртэнерго 401 20
Россети Юг (ГК) АО «ВМЭС» -4 225 59
Астраханьэнерго -6 426 68
Волгоградэнерго -11 043 - 400
Калмэнерго -1 859 -2
Ростовэнерго -22 464 75
Россети Янтарь Россети Янтарь 419 -47' and expected object 'ДЗО
Филиал
Отклонение (объём услуг)
Отклонение (средний тариф)
АО «Тываэнерго» АО "Тываэнерго" 486 - 128
АО «Чеченэнерго» АО «Чеченэнерго» -4 079 47
Россети Волга Мордовэнерго -3 530 -93
Оренбургэнерго -13 669 - 135
Пензаэнерго -8 434 -67
Самарские РС -16 427 -1 202
Саратовские РС -16 583 - 569
Ульяновские РС -6 101 - 216
Чувашэнерго -5 275 152
Россети Кубань Кубаньэнерго -64 770 599
Россети Ленэнерго (ГК) Ленинградская область -36 803 1 111
г. Санкт-Петербург -51 373 - 108
Россети Московский регион Московская область 5 429 - 877
г. Москва 4 012 10
Россети Северный Кавказ (ГК) Дагестанская энергосбытовая компания - 111 69
Дагэнерго -8 053 589
Ингушэнерго -1 797 137
Каббалкэнерго -3 286 70
Карачаево-Черкесскэнерго -2 129 13
Севкавказэнерго -3 775 172
Ставропольэнерго -10 373 - 198
Россети Северо-Запад Архангельский филиал 74 - 112
Вологодский филиал 277 8
Карельский филиал -91 186
Мурманский филиал 102 46
Новгородский филиал 227 -48
Псковский филиал 151 -15
филиал в Республике Коми -63 41
Россети Сибирь (ГК) Алтайэнерго 332 333
Бурятэнерго - 119 329
ГАЭС 153 -21
Красноярскэнерго 1 368 - 676
Кузбассэнерго-РЭС - 461 932
Омскэнерго 188 -70
Хакасэнерго 422 - 442
Читаэнерго -77 206
Россети Томск Томская распределительная компания -8 299 - 146
Россети Тюмень Россети Тюмень -82 026 - 638
Россети Урал (ГК) Пермэнерго 669 - 246
Свердловэнерго 964 315
Челябэнерго 1 045 - 720
Россети ФСК ЕЭС Итого по ФСК ЕЭС -17 684 -6 088
Россети Центр Белгородэнерго 347 138
Брянскэнерго -5 765 17
Воронежэнерго -15 652 167
Костромаэнерго 127 -11
Курскэнерго -2 510 157
Липецкэнерго 853 - 381
Орелэнерго -4 613 -57
Смоленскэнерго -8 540 48
Тамбовэнерго -6 716 -12
Тверьэнерго 376 192
Ярэнерго -6 276 95
Россети Центр и Приволжье (ГК) Владимирэнерго 574 64
Ивэнерго 201 62
Калугаэнерго 706 -61
Кировэнерго 511 30
Мариэнерго 189 23
Нижновэнерго 849 359
Рязаньэнерго 229 70
Тулэнерго 877 - 292
Удмуртэнерго 401 20
Россети Юг (ГК) АО «ВМЭС» -4 225 59
Астраханьэнерго -6 426 68
Волгоградэнерго -11 043 - 400
Калмэнерго -1 859 -2
Ростовэнерго -22 464 75
Россети Янтарь Россети Янтарь 419 -47' are equal

13-01-2025T09:02:51 - [MESSAGE][PASSED] - Actual object 'ДЗО
Филиал
Отклонение (объём услуг)
Отклонение (средний тариф)
АО «Тываэнерго» АО "Тываэнерго" 486 - 128
АО «Чеченэнерго» АО «Чеченэнерго» -4 079 47
Россети Волга Мордовэнерго -3 530 -93
Оренбургэнерго -13 669 - 135
Пензаэнерго -8 434 -67
Самарские РС -16 427 -1 202
Саратовские РС -16 583 - 569
Ульяновские РС -6 101 - 216
Чувашэнерго -5 275 152
Россети Кубань Кубаньэнерго -64 770 599
Россети Ленэнерго (ГК) Ленинградская область -36 803 1 111
г. Санкт-Петербург -51 373 - 108
Россети Московский регион Московская область 5 429 - 877
г. Москва 4 012 10
Россети Северный Кавказ (ГК) Дагестанская энергосбытовая компания - 111 69
Дагэнерго -8 053 589
Ингушэнерго -1 797 137
Каббалкэнерго -3 286 70
Карачаево-Черкесскэнерго -2 129 13
Севкавказэнерго -3 775 172
Ставропольэнерго -10 373 - 198
Россети Северо-Запад Архангельский филиал 74 - 112
Вологодский филиал 277 8
Карельский филиал -91 186
Мурманский филиал 102 46
Новгородский филиал 227 -48
Псковский филиал 151 -15
филиал в Республике Коми -63 41
Россети Сибирь (ГК) Алтайэнерго 332 333
Бурятэнерго - 119 329
ГАЭС 153 -21
Красноярскэнерго 1 368 - 676
Кузбассэнерго-РЭС - 461 932
Омскэнерго 188 -70
Хакасэнерго 422 - 442
Читаэнерго -77 206
Россети Томск Томская распределительная компания -8 299 - 146
Россети Тюмень Россети Тюмень -82 026 - 638
Россети Урал (ГК) Пермэнерго 669 - 246
Свердловэнерго 964 315
Челябэнерго 1 045 - 720
Россети ФСК ЕЭС Итого по ФСК ЕЭС -17 684 -6 088
Россети Центр Белгородэнерго 347 138
Брянскэнерго -5 765 17
Воронежэнерго -15 652 167
Костромаэнерго 127 -11
Курскэнерго -2 510 157
Липецкэнерго 853 - 381
Орелэнерго -4 613 -57
Смоленскэнерго -8 540 48
Тамбовэнерго -6 716 -12
Тверьэнерго 376 192
Ярэнерго -6 276 95
Россети Центр и Приволжье (ГК) Владимирэнерго 574 64
Ивэнерго 201 62
Калугаэнерго 706 -61
Кировэнерго 511 30
Мариэнерго 189 23
Нижновэнерго 849 359
Рязаньэнерго 229 70
Тулэнерго 877 - 292
Удмуртэнерго 401 20
Россети Юг (ГК) АО «ВМЭС» -4 225 59
Астраханьэнерго -6 426 68
Волгоградэнерго -11 043 - 400
Калмэнерго -1 859 -2
Ростовэнерго -22 464 75
Россети Янтарь Россети Янтарь 419 -47' and expected object 'ДЗО
Филиал
Отклонение (объём услуг)
Отклонение (средний тариф)
АО «Тываэнерго» АО "Тываэнерго" 486 - 128
АО «Чеченэнерго» АО «Чеченэнерго» -4 079 47
Россети Волга Мордовэнерго -3 530 -93
Оренбургэнерго -13 669 - 135
Пензаэнерго -8 434 -67
Самарские РС -16 427 -1 202
Саратовские РС -16 583 - 569
Ульяновские РС -6 101 - 216
Чувашэнерго -5 275 152
Россети Кубань Кубаньэнерго -64 770 599
Россети Ленэнерго (ГК) Ленинградская область -36 803 1 111
г. Санкт-Петербург -51 373 - 108
Россети Московский регион Московская область 5 429 - 877
г. Москва 4 012 10
Россети Северный Кавказ (ГК) Дагестанская энергосбытовая компания - 111 69
Дагэнерго -8 053 589
Ингушэнерго -1 797 137
Каббалкэнерго -3 286 70
Карачаево-Черкесскэнерго -2 129 13
Севкавказэнерго -3 775 172
Ставропольэнерго -10 373 - 198
Россети Северо-Запад Архангельский филиал 74 - 112
Вологодский филиал 277 8
Карельский филиал -91 186
Мурманский филиал 102 46
Новгородский филиал 227 -48
Псковский филиал 151 -15
филиал в Республике Коми -63 41
Россети Сибирь (ГК) Алтайэнерго 332 333
Бурятэнерго - 119 329
ГАЭС 153 -21
Красноярскэнерго 1 368 - 676
Кузбассэнерго-РЭС - 461 932
Омскэнерго 188 -70
Хакасэнерго 422 - 442
Читаэнерго -77 206
Россети Томск Томская распределительная компания -8 299 - 146
Россети Тюмень Россети Тюмень -82 026 - 638
Россети Урал (ГК) Пермэнерго 669 - 246
Свердловэнерго 964 315
Челябэнерго 1 045 - 720
Россети ФСК ЕЭС Итого по ФСК ЕЭС -17 684 -6 088
Россети Центр Белгородэнерго 347 138
Брянскэнерго -5 765 17
Воронежэнерго -15 652 167
Костромаэнерго 127 -11
Курскэнерго -2 510 157
Липецкэнерго 853 - 381
Орелэнерго -4 613 -57
Смоленскэнерго -8 540 48
Тамбовэнерго -6 716 -12
Тверьэнерго 376 192
Ярэнерго -6 276 95
Россети Центр и Приволжье (ГК) Владимирэнерго 574 64
Ивэнерго 201 62
Калугаэнерго 706 -61
Кировэнерго 511 30
Мариэнерго 189 23
Нижновэнерго 849 359
Рязаньэнерго 229 70
Тулэнерго 877 - 292
Удмуртэнерго 401 20
Россети Юг (ГК) АО «ВМЭС» -4 225 59
Астраханьэнерго -6 426 68
Волгоградэнерго -11 043 - 400
Калмэнерго -1 859 -2
Ростовэнерго -22 464 75
Россети Янтарь Россети Янтарь 419 -47' are equal

13-01-2025T09:02:51 - [TEST_STEP][PASSED] - verifyEqual(findTestData("PlanFact").getValue(5, b), a4): Actual object 'ДЗО
Филиал
Отклонение (объём услуг)
Отклонение (средний тариф)
АО «Тываэнерго» АО "Тываэнерго" 486 - 128
АО «Чеченэнерго» АО «Чеченэнерго» -4 079 47
Россети Волга Мордовэнерго -3 530 -93
Оренбургэнерго -13 669 - 135
Пензаэнерго -8 434 -67
Самарские РС -16 427 -1 202
Саратовские РС -16 583 - 569
Ульяновские РС -6 101 - 216
Чувашэнерго -5 275 152
Россети Кубань Кубаньэнерго -64 770 599
Россети Ленэнерго (ГК) Ленинградская область -36 803 1 111
г. Санкт-Петербург -51 373 - 108
Россети Московский регион Московская область 5 429 - 877
г. Москва 4 012 10
Россети Северный Кавказ (ГК) Дагестанская энергосбытовая компания - 111 69
Дагэнерго -8 053 589
Ингушэнерго -1 797 137
Каббалкэнерго -3 286 70
Карачаево-Черкесскэнерго -2 129 13
Севкавказэнерго -3 775 172
Ставропольэнерго -10 373 - 198
Россети Северо-Запад Архангельский филиал 74 - 112
Вологодский филиал 277 8
Карельский филиал -91 186
Мурманский филиал 102 46
Новгородский филиал 227 -48
Псковский филиал 151 -15
филиал в Республике Коми -63 41
Россети Сибирь (ГК) Алтайэнерго 332 333
Бурятэнерго - 119 329
ГАЭС 153 -21
Красноярскэнерго 1 368 - 676
Кузбассэнерго-РЭС - 461 932
Омскэнерго 188 -70
Хакасэнерго 422 - 442
Читаэнерго -77 206
Россети Томск Томская распределительная компания -8 299 - 146
Россети Тюмень Россети Тюмень -82 026 - 638
Россети Урал (ГК) Пермэнерго 669 - 246
Свердловэнерго 964 315
Челябэнерго 1 045 - 720
Россети ФСК ЕЭС Итого по ФСК ЕЭС -17 684 -6 088
Россети Центр Белгородэнерго 347 138
Брянскэнерго -5 765 17
Воронежэнерго -15 652 167
Костромаэнерго 127 -11
Курскэнерго -2 510 157
Липецкэнерго 853 - 381
Орелэнерго -4 613 -57
Смоленскэнерго -8 540 48
Тамбовэнерго -6 716 -12
Тверьэнерго 376 192
Ярэнерго -6 276 95
Россети Центр и Приволжье (ГК) Владимирэнерго 574 64
Ивэнерго 201 62
Калугаэнерго 706 -61
Кировэнерго 511 30
Мариэнерго 189 23
Нижновэнерго 849 359
Рязаньэнерго 229 70
Тулэнерго 877 - 292
Удмуртэнерго 401 20
Россети Юг (ГК) АО «ВМЭС» -4 225 59
Астраханьэнерго -6 426 68
Волгоградэнерго -11 043 - 400
Калмэнерго -1 859 -2
Ростовэнерго -22 464 75
Россети Янтарь Россети Янтарь 419 -47' and expected object 'ДЗО
Филиал
Отклонение (объём услуг)
Отклонение (средний тариф)
АО «Тываэнерго» АО "Тываэнерго" 486 - 128
АО «Чеченэнерго» АО «Чеченэнерго» -4 079 47
Россети Волга Мордовэнерго -3 530 -93
Оренбургэнерго -13 669 - 135
Пензаэнерго -8 434 -67
Самарские РС -16 427 -1 202
Саратовские РС -16 583 - 569
Ульяновские РС -6 101 - 216
Чувашэнерго -5 275 152
Россети Кубань Кубаньэнерго -64 770 599
Россети Ленэнерго (ГК) Ленинградская область -36 803 1 111
г. Санкт-Петербург -51 373 - 108
Россети Московский регион Московская область 5 429 - 877
г. Москва 4 012 10
Россети Северный Кавказ (ГК) Дагестанская энергосбытовая компания - 111 69
Дагэнерго -8 053 589
Ингушэнерго -1 797 137
Каббалкэнерго -3 286 70
Карачаево-Черкесскэнерго -2 129 13
Севкавказэнерго -3 775 172
Ставропольэнерго -10 373 - 198
Россети Северо-Запад Архангельский филиал 74 - 112
Вологодский филиал 277 8
Карельский филиал -91 186
Мурманский филиал 102 46
Новгородский филиал 227 -48
Псковский филиал 151 -15
филиал в Республике Коми -63 41
Россети Сибирь (ГК) Алтайэнерго 332 333
Бурятэнерго - 119 329
ГАЭС 153 -21
Красноярскэнерго 1 368 - 676
Кузбассэнерго-РЭС - 461 932
Омскэнерго 188 -70
Хакасэнерго 422 - 442
Читаэнерго -77 206
Россети Томск Томская распределительная компания -8 299 - 146
Россети Тюмень Россети Тюмень -82 026 - 638
Россети Урал (ГК) Пермэнерго 669 - 246
Свердловэнерго 964 315
Челябэнерго 1 045 - 720
Россети ФСК ЕЭС Итого по ФСК ЕЭС -17 684 -6 088
Россети Центр Белгородэнерго 347 138
Брянскэнерго -5 765 17
Воронежэнерго -15 652 167
Костромаэнерго 127 -11
Курскэнерго -2 510 157
Липецкэнерго 853 - 381
Орелэнерго -4 613 -57
Смоленскэнерго -8 540 48
Тамбовэнерго -6 716 -12
Тверьэнерго 376 192
Ярэнерго -6 276 95
Россети Центр и Приволжье (ГК) Владимирэнерго 574 64
Ивэнерго 201 62
Калугаэнерго 706 -61
Кировэнерго 511 30
Мариэнерго 189 23
Нижновэнерго 849 359
Рязаньэнерго 229 70
Тулэнерго 877 - 292
Удмуртэнерго 401 20
Россети Юг (ГК) АО «ВМЭС» -4 225 59
Астраханьэнерго -6 426 68
Волгоградэнерго -11 043 - 400
Калмэнерго -1 859 -2
Ростовэнерго -22 464 75
Россети Янтарь Россети Янтарь 419 -47' are equal

13-01-2025T09:02:51 - [MESSAGE][PASSED] - Actual object 'ДЗО
Филиал
Отклонение (объём услуг)
Отклонение (средний тариф)
АО «Тываэнерго» АО "Тываэнерго" 486 - 128
АО «Чеченэнерго» АО «Чеченэнерго» -4 079 47
Россети Волга Мордовэнерго -3 530 -93
Оренбургэнерго -13 669 - 135
Пензаэнерго -8 434 -67
Самарские РС -16 427 -1 202
Саратовские РС -16 583 - 569
Ульяновские РС -6 101 - 216
Чувашэнерго -5 275 152
Россети Кубань Кубаньэнерго -64 770 599
Россети Ленэнерго (ГК) Ленинградская область -36 803 1 111
г. Санкт-Петербург -51 373 - 108
Россети Московский регион Московская область 5 429 - 877
г. Москва 4 012 10
Россети Северный Кавказ (ГК) Дагестанская энергосбытовая компания - 111 69
Дагэнерго -8 053 589
Ингушэнерго -1 797 137
Каббалкэнерго -3 286 70
Карачаево-Черкесскэнерго -2 129 13
Севкавказэнерго -3 775 172
Ставропольэнерго -10 373 - 198
Россети Северо-Запад Архангельский филиал 74 - 112
Вологодский филиал 277 8
Карельский филиал -91 186
Мурманский филиал 102 46
Новгородский филиал 227 -48
Псковский филиал 151 -15
филиал в Республике Коми -63 41
Россети Сибирь (ГК) Алтайэнерго 332 333
Бурятэнерго - 119 329
ГАЭС 153 -21
Красноярскэнерго 1 368 - 676
Кузбассэнерго-РЭС - 461 932
Омскэнерго 188 -70
Хакасэнерго 422 - 442
Читаэнерго -77 206
Россети Томск Томская распределительная компания -8 299 - 146
Россети Тюмень Россети Тюмень -82 026 - 638
Россети Урал (ГК) Пермэнерго 669 - 246
Свердловэнерго 964 315
Челябэнерго 1 045 - 720
Россети ФСК ЕЭС Итого по ФСК ЕЭС -17 684 -6 088
Россети Центр Белгородэнерго 347 138
Брянскэнерго -5 765 17
Воронежэнерго -15 652 167
Костромаэнерго 127 -11
Курскэнерго -2 510 157
Липецкэнерго 853 - 381
Орелэнерго -4 613 -57
Смоленскэнерго -8 540 48
Тамбовэнерго -6 716 -12
Тверьэнерго 376 192
Ярэнерго -6 276 95
Россети Центр и Приволжье (ГК) Владимирэнерго 574 64
Ивэнерго 201 62
Калугаэнерго 706 -61
Кировэнерго 511 30
Мариэнерго 189 23
Нижновэнерго 849 359
Рязаньэнерго 229 70
Тулэнерго 877 - 292
Удмуртэнерго 401 20
Россети Юг (ГК) АО «ВМЭС» -4 225 59
Астраханьэнерго -6 426 68
Волгоградэнерго -11 043 - 400
Калмэнерго -1 859 -2
Ростовэнерго -22 464 75
Россети Янтарь Россети Янтарь 419 -47' and expected object 'ДЗО
Филиал
Отклонение (объём услуг)
Отклонение (средний тариф)
АО «Тываэнерго» АО "Тываэнерго" 486 - 128
АО «Чеченэнерго» АО «Чеченэнерго» -4 079 47
Россети Волга Мордовэнерго -3 530 -93
Оренбургэнерго -13 669 - 135
Пензаэнерго -8 434 -67
Самарские РС -16 427 -1 202
Саратовские РС -16 583 - 569
Ульяновские РС -6 101 - 216
Чувашэнерго -5 275 152
Россети Кубань Кубаньэнерго -64 770 599
Россети Ленэнерго (ГК) Ленинградская область -36 803 1 111
г. Санкт-Петербург -51 373 - 108
Россети Московский регион Московская область 5 429 - 877
г. Москва 4 012 10
Россети Северный Кавказ (ГК) Дагестанская энергосбытовая компания - 111 69
Дагэнерго -8 053 589
Ингушэнерго -1 797 137
Каббалкэнерго -3 286 70
Карачаево-Черкесскэнерго -2 129 13
Севкавказэнерго -3 775 172
Ставропольэнерго -10 373 - 198
Россети Северо-Запад Архангельский филиал 74 - 112
Вологодский филиал 277 8
Карельский филиал -91 186
Мурманский филиал 102 46
Новгородский филиал 227 -48
Псковский филиал 151 -15
филиал в Республике Коми -63 41
Россети Сибирь (ГК) Алтайэнерго 332 333
Бурятэнерго - 119 329
ГАЭС 153 -21
Красноярскэнерго 1 368 - 676
Кузбассэнерго-РЭС - 461 932
Омскэнерго 188 -70
Хакасэнерго 422 - 442
Читаэнерго -77 206
Россети Томск Томская распределительная компания -8 299 - 146
Россети Тюмень Россети Тюмень -82 026 - 638
Россети Урал (ГК) Пермэнерго 669 - 246
Свердловэнерго 964 315
Челябэнерго 1 045 - 720
Россети ФСК ЕЭС Итого по ФСК ЕЭС -17 684 -6 088
Россети Центр Белгородэнерго 347 138
Брянскэнерго -5 765 17
Воронежэнерго -15 652 167
Костромаэнерго 127 -11
Курскэнерго -2 510 157
Липецкэнерго 853 - 381
Орелэнерго -4 613 -57
Смоленскэнерго -8 540 48
Тамбовэнерго -6 716 -12
Тверьэнерго 376 192
Ярэнерго -6 276 95
Россети Центр и Приволжье (ГК) Владимирэнерго 574 64
Ивэнерго 201 62
Калугаэнерго 706 -61
Кировэнерго 511 30
Мариэнерго 189 23
Нижновэнерго 849 359
Рязаньэнерго 229 70
Тулэнерго 877 - 292
Удмуртэнерго 401 20
Россети Юг (ГК) АО «ВМЭС» -4 225 59
Астраханьэнерго -6 426 68
Волгоградэнерго -11 043 - 400
Калмэнерго -1 859 -2
Ростовэнерго -22 464 75
Россети Янтарь Россети Янтарь 419 -47' are equal

13-01-2025T09:02:51 - [TEST_STEP][PASSED] - Script1686231490255.WriteToExcel(user, dashboardName, n, data, run, a1, a2, a3, a4, a5, a6, a7, a8, a9): null

13-01-2025T09:02:51 - [TEST_STEP][PASSED] - sheetName = "Sheet1": null

13-01-2025T09:02:51 - [TEST_STEP][PASSED] - workbook01 = getWorkbook(excelFilePath): null

13-01-2025T09:02:51 - [TEST_STEP][PASSED] - sheet01 = getExcelSheet(workbook01, sheetName): null

13-01-2025T09:02:51 - [TEST_STEP][PASSED] - setValueToCellByIndex(sheet01, n, 0, dashboardName): null

13-01-2025T09:02:51 - [TEST_STEP][PASSED] - setValueToCellByIndex(sheet01, n, 10, user): null

13-01-2025T09:02:51 - [TEST_STEP][PASSED] - setValueToCellByIndex(sheet01, n, 1, a1): null

13-01-2025T09:02:51 - [TEST_STEP][PASSED] - setValueToCellByIndex(sheet01, n, 2, a2): null

13-01-2025T09:02:51 - [TEST_STEP][PASSED] - setValueToCellByIndex(sheet01, n, 3, a3): null

13-01-2025T09:02:51 - [TEST_STEP][PASSED] - setValueToCellByIndex(sheet01, n, 4, a4): null

13-01-2025T09:02:51 - [TEST_STEP][PASSED] - setValueToCellByIndex(sheet01, n, 5, a5): null

13-01-2025T09:02:51 - [TEST_STEP][PASSED] - setValueToCellByIndex(sheet01, n, 6, a6): null

13-01-2025T09:02:51 - [TEST_STEP][PASSED] - setValueToCellByIndex(sheet01, n, 7, a7): null

13-01-2025T09:02:51 - [TEST_STEP][PASSED] - setValueToCellByIndex(sheet01, n, 8, a8): null

13-01-2025T09:02:51 - [TEST_STEP][PASSED] - setValueToCellByIndex(sheet01, n, 9, a9): null

13-01-2025T09:02:51 - [TEST_STEP][PASSED] - n = n + 1: null

13-01-2025T09:02:51 - [TEST_STEP][PASSED] - saveWorkbook(excelFilePath, workbook01): null

13-01-2025T09:02:52 - [TEST_STEP][PASSED] - closeBrowser(): Browser is closed

13-01-2025T09:02:52 - [MESSAGE][PASSED] - Browser is closed

13-01-2025T09:02:52 - [TEST_STEP][PASSED] - delay(70): Delayed 70 second(s)

13-01-2025T09:04:02 - [MESSAGE][PASSED] - Delayed 70 second(s)

13-01-2025T09:04:02 - [TEST_STEP][PASSED] - for ([run = 1, run < 4, (run++)]): null

13-01-2025T09:04:02 - [TEST_STEP][PASSED] - ViruchkaPoDZO(user, dashboardName, n, data, run, a1, a2, a3, a4, a5, a6, a7, a8, a9, urlData): null

13-01-2025T09:04:02 - [TEST_STEP][PASSED] - n = data.getRowNumbers() + 1: null

13-01-2025T09:04:02 - [TEST_STEP][PASSED] - println(n): null

13-01-2025T09:04:02 - [TEST_STEP][PASSED] - dashboardName = "Выручка по ДЗО": null

13-01-2025T09:04:02 - [TEST_STEP][PASSED] - openBrowser(""): Browser is opened with url: ''

13-01-2025T09:04:02 - [MESSAGE][INFO] - Starting 'Chrome' driver

13-01-2025T09:04:02 - [MESSAGE][INFO] - Action delay is set to 0 milliseconds

13-01-2025T09:04:03 - [MESSAGE][PASSED] - Browser is opened with url: ''

13-01-2025T09:04:03 - [TEST_STEP][PASSED] - urlData = 5: null

13-01-2025T09:04:03 - [TEST_STEP][PASSED] - Script1686231490255.CheckPageDownload(urlData, run): null

13-01-2025T09:04:03 - [TEST_STEP][PASSED] - i = 1: null

13-01-2025T09:04:03 - [TEST_STEP][PASSED] - ii = 0: null

13-01-2025T09:04:03 - [TEST_STEP][PASSED] - urlText = <not implemented yet for class: org.codehaus.groovy.ast.expr.EmptyExpression>: null

13-01-2025T09:04:03 - [TEST_STEP][PASSED] - searchWord = <not implemented yet for class: org.codehaus.groovy.ast.expr.EmptyExpression>: null

13-01-2025T09:04:03 - [TEST_STEP][PASSED] - deleteAllCookies(): Delete all cookies successfully

13-01-2025T09:04:03 - [MESSAGE][PASSED] - Delete all cookies successfully

13-01-2025T09:04:03 - [TEST_STEP][PASSED] - refresh(): Refresh successfully

13-01-2025T09:04:03 - [MESSAGE][PASSED] - Refresh successfully

13-01-2025T09:04:03 - [TEST_STEP][PASSED] - delay(70): Delayed 70 second(s)

13-01-2025T09:05:13 - [MESSAGE][PASSED] - Delayed 70 second(s)

13-01-2025T09:05:13 - [TEST_STEP][PASSED] - navigateToUrl(findTestData("PlanFact").getValue(10, urlData)): Navigate to 'https://bi.rosseti.digital/viewer?dashboardGuid=2301950b23be4ed89c1df75f2020051e&sheetGuid=31530aa0b6664c09b016b7f2ab9d853e&fit=true' successfully

13-01-2025T09:05:19 - [MESSAGE][PASSED] - Navigate to 'https://bi.rosseti.digital/viewer?dashboardGuid=2301950b23be4ed89c1df75f2020051e&sheetGuid=31530aa0b6664c09b016b7f2ab9d853e&fit=true' successfully

13-01-2025T09:05:19 - [TEST_STEP][PASSED] - pageLoaded1 = verifyElementPresent(findTestObject("Страница авторизации/Text"), 30): Object 'Object Repository/Страница авторизации/Text' is present

13-01-2025T09:05:21 - [MESSAGE][PASSED] - Object 'Object Repository/Страница авторизации/Text' is present

13-01-2025T09:05:21 - [TEST_STEP][PASSED] - if (pageLoaded1 == false): null

13-01-2025T09:05:21 - [TEST_STEP][PASSED] - urlText = getText(findTestObject("Страница авторизации/Text")): Text of object 'Object Repository/Страница авторизации/Text' is: 'Вход'

13-01-2025T09:05:21 - [MESSAGE][PASSED] - Text of object 'Object Repository/Страница авторизации/Text' is: 'Вход'

13-01-2025T09:05:21 - [TEST_STEP][PASSED] - delay(70): Delayed 70 second(s)

13-01-2025T09:06:31 - [MESSAGE][PASSED] - Delayed 70 second(s)

13-01-2025T09:06:31 - [TEST_STEP][PASSED] - searchWord = "Вход": null

13-01-2025T09:06:31 - [TEST_STEP][PASSED] - if (urlText.contains(searchWord) == false): null

13-01-2025T09:06:31 - [TEST_STEP][PASSED] - setText(findTestObject("Страница авторизации/input__username"), findTestData("PlanFact").getValue(8, run)): Text 'liazgina-di' is set on object 'Object Repository/Страница авторизации/input__username'

13-01-2025T09:06:31 - [MESSAGE][PASSED] - Text 'liazgina-di' is set on object 'Object Repository/Страница авторизации/input__username'

13-01-2025T09:06:31 - [TEST_STEP][PASSED] - setText(findTestObject("Страница авторизации/input__password"), findTestData("PlanFact").getValue(9, run)): Text ')$%5srZ8o688Dm#q' is set on object 'Object Repository/Страница авторизации/input__password'

13-01-2025T09:06:32 - [MESSAGE][PASSED] - Text ')$%5srZ8o688Dm#q' is set on object 'Object Repository/Страница авторизации/input__password'

13-01-2025T09:06:32 - [TEST_STEP][PASSED] - click(findTestObject("Страница авторизации/button_")): Object: 'Object Repository/Страница авторизации/button_' is clicked on

13-01-2025T09:06:34 - [MESSAGE][PASSED] - Object: 'Object Repository/Страница авторизации/button_' is clicked on

13-01-2025T09:06:34 - [TEST_STEP][PASSED] - delay(70): Delayed 70 second(s)

13-01-2025T09:07:44 - [MESSAGE][PASSED] - Delayed 70 second(s)

13-01-2025T09:07:44 - [TEST_STEP][PASSED] - searchWord = "а": null

13-01-2025T09:07:44 - [TEST_STEP][PASSED] - pageLoaded2 = verifyElementPresent(findTestObject("Страница авторизации/Text"), 50): Object 'Object Repository/Страница авторизации/Text' is present

13-01-2025T09:07:44 - [MESSAGE][PASSED] - Object 'Object Repository/Страница авторизации/Text' is present

13-01-2025T09:07:44 - [TEST_STEP][PASSED] - if (pageLoaded2 == false): null

13-01-2025T09:07:44 - [TEST_STEP][PASSED] - urlText = getText(findTestObject("Страница авторизации/Text")): Text of object 'Object Repository/Страница авторизации/Text' is: 'Период
1, 2, 3 кв., Октябрь, Ноябрь 2024 года
Выручка
Все
ДЗО 
ПАО Россети
Выручка по ДЗО
Выполнение плановых показателей по ПАО Россети за 1, 2, 3 кв., Октябрь, Ноябрь 2024 года
1 730 1 730
4 153 4 153
72 388 72 388
68 677 68 677
92 345 92 345
189 943 189 943
28 867 28 867
48 866 48 866
63 904 63 904
8 686 8 686
76 612 76 612
95 829 95 829
282 813 282 813
106 151 106 151
113 750 113 750
47 546 47 546
8 773 8 773
2 089 2 089
4 274 4 274
72 627 72 627
73 184 73 184
97 517 97 517
198 517 198 517
29 812 29 812
49 650 49 650
66 300 66 300
8 926 8 926
70 559 70 559
97 856 97 856
259 041 259 041
109 883 109 883
118 563 118 563
48 875 48 875
9 145 9 145
План
Факт
АО «Тываэнерго»
АО «Чеченэнерго»
Россети Волга
Россети Кубань
Россети Ленэнерго (ГК)
Россети Московский регион
Россети Северный Кавказ (ГК)
Россети Северо-Запад
Россети Сибирь (ГК)
Россети Томск
Россети Тюмень
Россети Урал (ГК)
Россети ФСК ЕЭС
Россети Центр
Россети Центр и Приволжье (ГК)
Россети Юг (ГК)
Россети Янтарь
0 млн. руб.
25 000 млн. руб.
50 000 млн. руб.
75 000 млн. руб.
100 000 млн. руб.
125 000 млн. руб.
150 000 млн. руб.
175 000 млн. руб.
200 000 млн. руб.
225 000 млн. руб.
250 000 млн. руб.
275 000 млн. руб.
300 000 млн. руб.
Выполнение плановых показателей по ПАО Россети за 1, 2, 3 кв., Октябрь, Ноябрь 2024 года
0,16%0,16%
0,32%0,32%
5,52%5,52%
5,56%5,56%
7,41%7,41%
15,08%15,08%
2,26%2,26%
3,77%3,77%
5,03%5,03%
0,68%0,68%
5,36%5,36%
7,43%7,43%
19,67%19,67%
8,34%8,34%
9%9%
3,71%3,71%
0,69%0,69%
АО «Тываэнерго»
АО «Чеченэнерго»
Россети Волга
Россети Кубань
Россети Ленэнерго (ГК)
Россети Московский регион
Россети Северный Кавказ (ГК)
Россети Северо-Запад
Россети Сибирь (ГК)
Россети Томск
Россети Тюмень
Россети Урал (ГК)
Россети ФСК ЕЭС
Россети Центр
Россети Центр и Приволжье (ГК)
Россети Юг (ГК)
Россети Янтарь'

13-01-2025T09:07:45 - [MESSAGE][PASSED] - Text of object 'Object Repository/Страница авторизации/Text' is: 'Период
1, 2, 3 кв., Октябрь, Ноябрь 2024 года
Выручка
Все
ДЗО 
ПАО Россети
Выручка по ДЗО
Выполнение плановых показателей по ПАО Россети за 1, 2, 3 кв., Октябрь, Ноябрь 2024 года
1 730 1 730
4 153 4 153
72 388 72 388
68 677 68 677
92 345 92 345
189 943 189 943
28 867 28 867
48 866 48 866
63 904 63 904
8 686 8 686
76 612 76 612
95 829 95 829
282 813 282 813
106 151 106 151
113 750 113 750
47 546 47 546
8 773 8 773
2 089 2 089
4 274 4 274
72 627 72 627
73 184 73 184
97 517 97 517
198 517 198 517
29 812 29 812
49 650 49 650
66 300 66 300
8 926 8 926
70 559 70 559
97 856 97 856
259 041 259 041
109 883 109 883
118 563 118 563
48 875 48 875
9 145 9 145
План
Факт
АО «Тываэнерго»
АО «Чеченэнерго»
Россети Волга
Россети Кубань
Россети Ленэнерго (ГК)
Россети Московский регион
Россети Северный Кавказ (ГК)
Россети Северо-Запад
Россети Сибирь (ГК)
Россети Томск
Россети Тюмень
Россети Урал (ГК)
Россети ФСК ЕЭС
Россети Центр
Россети Центр и Приволжье (ГК)
Россети Юг (ГК)
Россети Янтарь
0 млн. руб.
25 000 млн. руб.
50 000 млн. руб.
75 000 млн. руб.
100 000 млн. руб.
125 000 млн. руб.
150 000 млн. руб.
175 000 млн. руб.
200 000 млн. руб.
225 000 млн. руб.
250 000 млн. руб.
275 000 млн. руб.
300 000 млн. руб.
Выполнение плановых показателей по ПАО Россети за 1, 2, 3 кв., Октябрь, Ноябрь 2024 года
0,16%0,16%
0,32%0,32%
5,52%5,52%
5,56%5,56%
7,41%7,41%
15,08%15,08%
2,26%2,26%
3,77%3,77%
5,03%5,03%
0,68%0,68%
5,36%5,36%
7,43%7,43%
19,67%19,67%
8,34%8,34%
9%9%
3,71%3,71%
0,69%0,69%
АО «Тываэнерго»
АО «Чеченэнерго»
Россети Волга
Россети Кубань
Россети Ленэнерго (ГК)
Россети Московский регион
Россети Северный Кавказ (ГК)
Россети Северо-Запад
Россети Сибирь (ГК)
Россети Томск
Россети Тюмень
Россети Урал (ГК)
Россети ФСК ЕЭС
Россети Центр
Россети Центр и Приволжье (ГК)
Россети Юг (ГК)
Россети Янтарь'

13-01-2025T09:07:45 - [TEST_STEP][PASSED] - if (urlText.contains("ошибка") || urlText.contains(searchWord) == false): null

13-01-2025T09:07:45 - [TEST_STEP][PASSED] - click(findTestObject("Выручка по ДЗО/Фильтр Дата")): Object: 'Object Repository/Выручка по ДЗО/Фильтр Дата' is clicked on

13-01-2025T09:07:45 - [MESSAGE][PASSED] - Object: 'Object Repository/Выручка по ДЗО/Фильтр Дата' is clicked on

13-01-2025T09:07:45 - [TEST_STEP][PASSED] - click(findTestObject("Выручка по ДЗО/Снять выделение в фильтре Дата")): Object: 'Object Repository/Выручка по ДЗО/Снять выделение в фильтре Дата' is clicked on

13-01-2025T09:07:46 - [MESSAGE][PASSED] - Object: 'Object Repository/Выручка по ДЗО/Снять выделение в фильтре Дата' is clicked on

13-01-2025T09:07:46 - [TEST_STEP][PASSED] - click(findTestObject("Выручка по ДЗО/Применить в фильтре Дата")): Object: 'Object Repository/Выручка по ДЗО/Применить в фильтре Дата' is clicked on

13-01-2025T09:07:46 - [MESSAGE][PASSED] - Object: 'Object Repository/Выручка по ДЗО/Применить в фильтре Дата' is clicked on

13-01-2025T09:07:46 - [TEST_STEP][PASSED] - click(findTestObject("Выручка по ДЗО/Фильтр Дата")): Object: 'Object Repository/Выручка по ДЗО/Фильтр Дата' is clicked on

13-01-2025T09:07:49 - [MESSAGE][PASSED] - Object: 'Object Repository/Выручка по ДЗО/Фильтр Дата' is clicked on

13-01-2025T09:07:49 - [TEST_STEP][PASSED] - click(findTestObject("Выручка по ДЗО/Снять выделение в фильтре Дата")): Object: 'Object Repository/Выручка по ДЗО/Снять выделение в фильтре Дата' is clicked on

13-01-2025T09:07:50 - [MESSAGE][PASSED] - Object: 'Object Repository/Выручка по ДЗО/Снять выделение в фильтре Дата' is clicked on

13-01-2025T09:07:50 - [TEST_STEP][PASSED] - scrollToElement(findTestObject("Выручка по ДЗО/2024 список"), 30): Scroll to object 'Object Repository/Выручка по ДЗО/2024 список' successfully

13-01-2025T09:07:50 - [MESSAGE][PASSED] - Scroll to object 'Object Repository/Выручка по ДЗО/2024 список' successfully

13-01-2025T09:07:50 - [TEST_STEP][PASSED] - click(findTestObject("Выручка по ДЗО/2024 список")): Object: 'Object Repository/Выручка по ДЗО/2024 список' is clicked on

13-01-2025T09:07:50 - [MESSAGE][PASSED] - Object: 'Object Repository/Выручка по ДЗО/2024 список' is clicked on

13-01-2025T09:07:50 - [TEST_STEP][PASSED] - scrollToElement(findTestObject("Выручка по ДЗО/1 квартал 2024 выбрать"), 30): Scroll to object 'Object Repository/Выручка по ДЗО/1 квартал 2024 выбрать' successfully

13-01-2025T09:07:51 - [MESSAGE][PASSED] - Scroll to object 'Object Repository/Выручка по ДЗО/1 квартал 2024 выбрать' successfully

13-01-2025T09:07:51 - [TEST_STEP][PASSED] - click(findTestObject("Выручка по ДЗО/1 квартал 2024 выбрать")): Object: 'Object Repository/Выручка по ДЗО/1 квартал 2024 выбрать' is clicked on

13-01-2025T09:07:51 - [MESSAGE][PASSED] - Object: 'Object Repository/Выручка по ДЗО/1 квартал 2024 выбрать' is clicked on

13-01-2025T09:07:51 - [TEST_STEP][PASSED] - scrollToElement(findTestObject("Выручка по ДЗО/2 квартал 2024 выбрать"), 30): Scroll to object 'Object Repository/Выручка по ДЗО/2 квартал 2024 выбрать' successfully

13-01-2025T09:07:52 - [MESSAGE][PASSED] - Scroll to object 'Object Repository/Выручка по ДЗО/2 квартал 2024 выбрать' successfully

13-01-2025T09:07:52 - [TEST_STEP][PASSED] - click(findTestObject("Выручка по ДЗО/2 квартал 2024 выбрать"), CONTINUE_ON_FAILURE): Object: 'Object Repository/Выручка по ДЗО/2 квартал 2024 выбрать' is clicked on

13-01-2025T09:07:52 - [MESSAGE][PASSED] - Object: 'Object Repository/Выручка по ДЗО/2 квартал 2024 выбрать' is clicked on

13-01-2025T09:07:52 - [TEST_STEP][PASSED] - scrollToElement(findTestObject("Выручка по ДЗО/3 квартал 2024 список"), 30): Scroll to object 'Object Repository/Выручка по ДЗО/3 квартал 2024 список' successfully

13-01-2025T09:07:53 - [MESSAGE][PASSED] - Scroll to object 'Object Repository/Выручка по ДЗО/3 квартал 2024 список' successfully

13-01-2025T09:07:53 - [TEST_STEP][PASSED] - click(findTestObject("Выручка по ДЗО/3 квартал 2024 выбрать"), CONTINUE_ON_FAILURE): Object: 'Object Repository/Выручка по ДЗО/3 квартал 2024 выбрать' is clicked on

13-01-2025T09:07:53 - [MESSAGE][PASSED] - Object: 'Object Repository/Выручка по ДЗО/3 квартал 2024 выбрать' is clicked on

13-01-2025T09:07:53 - [TEST_STEP][PASSED] - scrollToElement(findTestObject("Выручка по ДЗО/4 квартал 2024 список"), 30): Scroll to object 'Object Repository/Выручка по ДЗО/4 квартал 2024 список' successfully

13-01-2025T09:07:53 - [MESSAGE][PASSED] - Scroll to object 'Object Repository/Выручка по ДЗО/4 квартал 2024 список' successfully

13-01-2025T09:07:53 - [TEST_STEP][PASSED] - click(findTestObject("Выручка по ДЗО/4 квартал 2024 список"), CONTINUE_ON_FAILURE): Object: 'Object Repository/Выручка по ДЗО/4 квартал 2024 список' is clicked on

13-01-2025T09:07:54 - [MESSAGE][PASSED] - Object: 'Object Repository/Выручка по ДЗО/4 квартал 2024 список' is clicked on

13-01-2025T09:07:54 - [TEST_STEP][PASSED] - scrollToElement(findTestObject("Выручка по ДЗО/Октябрь 2024"), 30): Scroll to object 'Object Repository/Выручка по ДЗО/Октябрь 2024' successfully

13-01-2025T09:07:54 - [MESSAGE][PASSED] - Scroll to object 'Object Repository/Выручка по ДЗО/Октябрь 2024' successfully

13-01-2025T09:07:54 - [TEST_STEP][PASSED] - click(findTestObject("Выручка по ДЗО/Октябрь 2024"), CONTINUE_ON_FAILURE): Object: 'Object Repository/Выручка по ДЗО/Октябрь 2024' is clicked on

13-01-2025T09:07:54 - [MESSAGE][PASSED] - Object: 'Object Repository/Выручка по ДЗО/Октябрь 2024' is clicked on

13-01-2025T09:07:54 - [TEST_STEP][PASSED] - scrollToElement(findTestObject("Выручка по ДЗО/Ноябрь 2024"), 30): Scroll to object 'Object Repository/Выручка по ДЗО/Ноябрь 2024' successfully

13-01-2025T09:07:55 - [MESSAGE][PASSED] - Scroll to object 'Object Repository/Выручка по ДЗО/Ноябрь 2024' successfully

13-01-2025T09:07:55 - [TEST_STEP][PASSED] - click(findTestObject("Выручка по ДЗО/Ноябрь 2024"), CONTINUE_ON_FAILURE): Object: 'Object Repository/Выручка по ДЗО/Ноябрь 2024' is clicked on

13-01-2025T09:07:55 - [MESSAGE][PASSED] - Object: 'Object Repository/Выручка по ДЗО/Ноябрь 2024' is clicked on

13-01-2025T09:07:55 - [TEST_STEP][PASSED] - scrollToElement(findTestObject("Выручка по ДЗО/Заголовок дашборда"), 30): Scroll to object 'Object Repository/Выручка по ДЗО/Заголовок дашборда' successfully

13-01-2025T09:07:56 - [MESSAGE][PASSED] - Scroll to object 'Object Repository/Выручка по ДЗО/Заголовок дашборда' successfully

13-01-2025T09:07:56 - [TEST_STEP][PASSED] - click(findTestObject("Выручка по ДЗО/Применить в фильтре Дата")): Object: 'Object Repository/Выручка по ДЗО/Применить в фильтре Дата' is clicked on

13-01-2025T09:07:56 - [MESSAGE][PASSED] - Object: 'Object Repository/Выручка по ДЗО/Применить в фильтре Дата' is clicked on

13-01-2025T09:07:56 - [TEST_STEP][PASSED] - a3 = "": null

13-01-2025T09:07:56 - [TEST_STEP][PASSED] - a4 = "": null

13-01-2025T09:07:56 - [TEST_STEP][PASSED] - a5 = "": null

13-01-2025T09:07:56 - [TEST_STEP][PASSED] - a6 = "": null

13-01-2025T09:07:56 - [TEST_STEP][PASSED] - a7 = "": null

13-01-2025T09:07:56 - [TEST_STEP][PASSED] - a8 = "": null

13-01-2025T09:07:56 - [TEST_STEP][PASSED] - a9 = "": null

13-01-2025T09:07:56 - [TEST_STEP][PASSED] - if (run == 1): null

13-01-2025T09:07:56 - [TEST_STEP][PASSED] - user = "админ": null

13-01-2025T09:07:56 - [TEST_STEP][PASSED] - a1 = getText(findTestObject("Выручка по ДЗО/График1 Выполнение плановых показателей Блок руководителя")): Text of object 'Object Repository/Выручка по ДЗО/График1 Выполнение плановых показателей Блок руководителя' is: '1 730 1 730
4 153 4 153
72 388 72 388
68 677 68 677
92 345 92 345
189 943 189 943
28 867 28 867
48 866 48 866
63 904 63 904
8 686 8 686
76 612 76 612
95 829 95 829
282 813 282 813
106 151 106 151
113 750 113 750
47 546 47 546
8 773 8 773
2 089 2 089
4 274 4 274
72 627 72 627
73 184 73 184
97 517 97 517
198 517 198 517
29 812 29 812
49 650 49 650
66 300 66 300
8 926 8 926
70 559 70 559
97 856 97 856
259 041 259 041
109 883 109 883
118 563 118 563
48 875 48 875
9 145 9 145
План
Факт
АО «Тываэнерго»
АО «Чеченэнерго»
Россети Волга
Россети Кубань
Россети Ленэнерго (ГК)
Россети Московский регион
Россети Северный Кавказ (ГК)
Россети Северо-Запад
Россети Сибирь (ГК)
Россети Томск
Россети Тюмень
Россети Урал (ГК)
Россети ФСК ЕЭС
Россети Центр
Россети Центр и Приволжье (ГК)
Россети Юг (ГК)
Россети Янтарь
0 млн. руб.
25 000 млн. руб.
50 000 млн. руб.
75 000 млн. руб.
100 000 млн. руб.
125 000 млн. руб.
150 000 млн. руб.
175 000 млн. руб.
200 000 млн. руб.
225 000 млн. руб.
250 000 млн. руб.
275 000 млн. руб.
300 000 млн. руб.'

13-01-2025T09:07:58 - [MESSAGE][PASSED] - Text of object 'Object Repository/Выручка по ДЗО/График1 Выполнение плановых показателей Блок руководителя' is: '1 730 1 730
4 153 4 153
72 388 72 388
68 677 68 677
92 345 92 345
189 943 189 943
28 867 28 867
48 866 48 866
63 904 63 904
8 686 8 686
76 612 76 612
95 829 95 829
282 813 282 813
106 151 106 151
113 750 113 750
47 546 47 546
8 773 8 773
2 089 2 089
4 274 4 274
72 627 72 627
73 184 73 184
97 517 97 517
198 517 198 517
29 812 29 812
49 650 49 650
66 300 66 300
8 926 8 926
70 559 70 559
97 856 97 856
259 041 259 041
109 883 109 883
118 563 118 563
48 875 48 875
9 145 9 145
План
Факт
АО «Тываэнерго»
АО «Чеченэнерго»
Россети Волга
Россети Кубань
Россети Ленэнерго (ГК)
Россети Московский регион
Россети Северный Кавказ (ГК)
Россети Северо-Запад
Россети Сибирь (ГК)
Россети Томск
Россети Тюмень
Россети Урал (ГК)
Россети ФСК ЕЭС
Россети Центр
Россети Центр и Приволжье (ГК)
Россети Юг (ГК)
Россети Янтарь
0 млн. руб.
25 000 млн. руб.
50 000 млн. руб.
75 000 млн. руб.
100 000 млн. руб.
125 000 млн. руб.
150 000 млн. руб.
175 000 млн. руб.
200 000 млн. руб.
225 000 млн. руб.
250 000 млн. руб.
275 000 млн. руб.
300 000 млн. руб.'

13-01-2025T09:07:58 - [TEST_STEP][PASSED] - a2 = getText(findTestObject("Выручка по ДЗО/График2 Выполнение плановых показателей Блок руководителя")): Text of object 'Object Repository/Выручка по ДЗО/График2 Выполнение плановых показателей Блок руководителя' is: '0,16%0,16%
0,32%0,32%
5,52%5,52%
5,56%5,56%
7,41%7,41%
15,08%15,08%
2,26%2,26%
3,77%3,77%
5,03%5,03%
0,68%0,68%
5,36%5,36%
7,43%7,43%
19,67%19,67%
8,34%8,34%
9%9%
3,71%3,71%
0,69%0,69%
АО «Тываэнерго»
АО «Чеченэнерго»
Россети Волга
Россети Кубань
Россети Ленэнерго (ГК)
Россети Московский регион
Россети Северный Кавказ (ГК)
Россети Северо-Запад
Россети Сибирь (ГК)
Россети Томск
Россети Тюмень
Россети Урал (ГК)
Россети ФСК ЕЭС
Россети Центр
Россети Центр и Приволжье (ГК)
Россети Юг (ГК)
Россети Янтарь
Россети Центр и Приволжье (ГК): 118 562 512,23'

13-01-2025T09:07:58 - [MESSAGE][PASSED] - Text of object 'Object Repository/Выручка по ДЗО/График2 Выполнение плановых показателей Блок руководителя' is: '0,16%0,16%
0,32%0,32%
5,52%5,52%
5,56%5,56%
7,41%7,41%
15,08%15,08%
2,26%2,26%
3,77%3,77%
5,03%5,03%
0,68%0,68%
5,36%5,36%
7,43%7,43%
19,67%19,67%
8,34%8,34%
9%9%
3,71%3,71%
0,69%0,69%
АО «Тываэнерго»
АО «Чеченэнерго»
Россети Волга
Россети Кубань
Россети Ленэнерго (ГК)
Россети Московский регион
Россети Северный Кавказ (ГК)
Россети Северо-Запад
Россети Сибирь (ГК)
Россети Томск
Россети Тюмень
Россети Урал (ГК)
Россети ФСК ЕЭС
Россети Центр
Россети Центр и Приволжье (ГК)
Россети Юг (ГК)
Россети Янтарь
Россети Центр и Приволжье (ГК): 118 562 512,23'

13-01-2025T09:07:58 - [TEST_STEP][PASSED] - a2 = indexOf("АО «Тываэнерго»")).replaceAll("[а-яА-Я]", ""): null

13-01-2025T09:07:58 - [TEST_STEP][PASSED] - n = n + 27: null

13-01-2025T09:07:58 - [TEST_STEP][PASSED] - Script1686231490255.WriteToExcel(user, dashboardName, n, data, run, a1, a2, a3, a4, a5, a6, a7, a8, a9): null

13-01-2025T09:07:58 - [TEST_STEP][PASSED] - sheetName = "Sheet1": null

13-01-2025T09:07:58 - [TEST_STEP][PASSED] - workbook01 = getWorkbook(excelFilePath): null

13-01-2025T09:07:58 - [TEST_STEP][PASSED] - sheet01 = getExcelSheet(workbook01, sheetName): null

13-01-2025T09:07:58 - [TEST_STEP][PASSED] - setValueToCellByIndex(sheet01, n, 0, dashboardName): null

13-01-2025T09:07:58 - [TEST_STEP][PASSED] - setValueToCellByIndex(sheet01, n, 10, user): null

13-01-2025T09:07:58 - [TEST_STEP][PASSED] - setValueToCellByIndex(sheet01, n, 1, a1): null

13-01-2025T09:07:58 - [TEST_STEP][PASSED] - setValueToCellByIndex(sheet01, n, 2, a2): null

13-01-2025T09:07:58 - [TEST_STEP][PASSED] - setValueToCellByIndex(sheet01, n, 3, a3): null

13-01-2025T09:07:58 - [TEST_STEP][PASSED] - setValueToCellByIndex(sheet01, n, 4, a4): null

13-01-2025T09:07:58 - [TEST_STEP][PASSED] - setValueToCellByIndex(sheet01, n, 5, a5): null

13-01-2025T09:07:58 - [TEST_STEP][PASSED] - setValueToCellByIndex(sheet01, n, 6, a6): null

13-01-2025T09:07:58 - [TEST_STEP][PASSED] - setValueToCellByIndex(sheet01, n, 7, a7): null

13-01-2025T09:07:58 - [TEST_STEP][PASSED] - setValueToCellByIndex(sheet01, n, 8, a8): null

13-01-2025T09:07:58 - [TEST_STEP][PASSED] - setValueToCellByIndex(sheet01, n, 9, a9): null

13-01-2025T09:07:58 - [TEST_STEP][PASSED] - n = n + 1: null

13-01-2025T09:07:58 - [TEST_STEP][PASSED] - saveWorkbook(excelFilePath, workbook01): null

13-01-2025T09:07:59 - [TEST_STEP][PASSED] - if (run == 2): null

13-01-2025T09:07:59 - [TEST_STEP][PASSED] - if (run == 3): null

13-01-2025T09:07:59 - [TEST_STEP][PASSED] - closeBrowser(): null

13-01-2025T09:07:59 - [MESSAGE][PASSED] - Browser is closed

13-01-2025T09:07:59 - [TEST_STEP][PASSED] - ViruchkaPoDZO(user, dashboardName, n, data, run, a1, a2, a3, a4, a5, a6, a7, a8, a9, urlData): null

13-01-2025T09:07:59 - [TEST_STEP][PASSED] - n = data.getRowNumbers() + 1: null

13-01-2025T09:07:59 - [TEST_STEP][PASSED] - println(n): null

13-01-2025T09:07:59 - [TEST_STEP][PASSED] - dashboardName = "Выручка по ДЗО": null

13-01-2025T09:07:59 - [TEST_STEP][PASSED] - openBrowser(""): Browser is opened with url: ''

13-01-2025T09:07:59 - [MESSAGE][INFO] - Starting 'Chrome' driver

13-01-2025T09:07:59 - [MESSAGE][INFO] - Action delay is set to 0 milliseconds

13-01-2025T09:08:00 - [MESSAGE][PASSED] - Browser is opened with url: ''

13-01-2025T09:08:00 - [TEST_STEP][PASSED] - urlData = 5: null

13-01-2025T09:08:00 - [TEST_STEP][PASSED] - Script1686231490255.CheckPageDownload(urlData, run): null

13-01-2025T09:08:00 - [TEST_STEP][PASSED] - i = 1: null

13-01-2025T09:08:00 - [TEST_STEP][PASSED] - ii = 0: null

13-01-2025T09:08:00 - [TEST_STEP][PASSED] - urlText = <not implemented yet for class: org.codehaus.groovy.ast.expr.EmptyExpression>: null

13-01-2025T09:08:00 - [TEST_STEP][PASSED] - searchWord = <not implemented yet for class: org.codehaus.groovy.ast.expr.EmptyExpression>: null

13-01-2025T09:08:00 - [TEST_STEP][PASSED] - deleteAllCookies(): Delete all cookies successfully

13-01-2025T09:08:00 - [MESSAGE][PASSED] - Delete all cookies successfully

13-01-2025T09:08:00 - [TEST_STEP][PASSED] - refresh(): Refresh successfully

13-01-2025T09:08:00 - [MESSAGE][PASSED] - Refresh successfully

13-01-2025T09:08:00 - [TEST_STEP][PASSED] - delay(70): Delayed 70 second(s)

13-01-2025T09:09:10 - [MESSAGE][PASSED] - Delayed 70 second(s)

13-01-2025T09:09:10 - [TEST_STEP][PASSED] - navigateToUrl(findTestData("PlanFact").getValue(10, urlData)): Navigate to 'https://bi.rosseti.digital/viewer?dashboardGuid=2301950b23be4ed89c1df75f2020051e&sheetGuid=31530aa0b6664c09b016b7f2ab9d853e&fit=true' successfully

13-01-2025T09:09:17 - [MESSAGE][PASSED] - Navigate to 'https://bi.rosseti.digital/viewer?dashboardGuid=2301950b23be4ed89c1df75f2020051e&sheetGuid=31530aa0b6664c09b016b7f2ab9d853e&fit=true' successfully

13-01-2025T09:09:17 - [TEST_STEP][PASSED] - pageLoaded1 = verifyElementPresent(findTestObject("Страница авторизации/Text"), 30): Object 'Object Repository/Страница авторизации/Text' is present

13-01-2025T09:09:19 - [MESSAGE][PASSED] - Object 'Object Repository/Страница авторизации/Text' is present

13-01-2025T09:09:19 - [TEST_STEP][PASSED] - if (pageLoaded1 == false): null

13-01-2025T09:09:19 - [TEST_STEP][PASSED] - urlText = getText(findTestObject("Страница авторизации/Text")): Text of object 'Object Repository/Страница авторизации/Text' is: 'Вход'

13-01-2025T09:09:19 - [MESSAGE][PASSED] - Text of object 'Object Repository/Страница авторизации/Text' is: 'Вход'

13-01-2025T09:09:19 - [TEST_STEP][PASSED] - delay(70): Delayed 70 second(s)

13-01-2025T09:10:29 - [MESSAGE][PASSED] - Delayed 70 second(s)

13-01-2025T09:10:29 - [TEST_STEP][PASSED] - searchWord = "Вход": null

13-01-2025T09:10:29 - [TEST_STEP][PASSED] - if (urlText.contains(searchWord) == false): null

13-01-2025T09:10:29 - [TEST_STEP][PASSED] - setText(findTestObject("Страница авторизации/input__username"), findTestData("PlanFact").getValue(8, run)): Text 'Andreeva-EV' is set on object 'Object Repository/Страница авторизации/input__username'

13-01-2025T09:10:29 - [MESSAGE][PASSED] - Text 'Andreeva-EV' is set on object 'Object Repository/Страница авторизации/input__username'

13-01-2025T09:10:29 - [TEST_STEP][PASSED] - setText(findTestObject("Страница авторизации/input__password"), findTestData("PlanFact").getValue(9, run)): Text '2nPePKDwCPH3ul7xMZ' is set on object 'Object Repository/Страница авторизации/input__password'

13-01-2025T09:10:30 - [MESSAGE][PASSED] - Text '2nPePKDwCPH3ul7xMZ' is set on object 'Object Repository/Страница авторизации/input__password'

13-01-2025T09:10:30 - [TEST_STEP][PASSED] - click(findTestObject("Страница авторизации/button_")): Object: 'Object Repository/Страница авторизации/button_' is clicked on

13-01-2025T09:10:32 - [MESSAGE][PASSED] - Object: 'Object Repository/Страница авторизации/button_' is clicked on

13-01-2025T09:10:32 - [TEST_STEP][PASSED] - delay(70): Delayed 70 second(s)

13-01-2025T09:11:42 - [MESSAGE][PASSED] - Delayed 70 second(s)

13-01-2025T09:11:42 - [TEST_STEP][PASSED] - searchWord = "а": null

13-01-2025T09:11:42 - [TEST_STEP][PASSED] - pageLoaded2 = verifyElementPresent(findTestObject("Страница авторизации/Text"), 50): Object 'Object Repository/Страница авторизации/Text' is present

13-01-2025T09:11:42 - [MESSAGE][PASSED] - Object 'Object Repository/Страница авторизации/Text' is present

13-01-2025T09:11:42 - [TEST_STEP][PASSED] - if (pageLoaded2 == false): null

13-01-2025T09:11:42 - [TEST_STEP][PASSED] - urlText = getText(findTestObject("Страница авторизации/Text")): Text of object 'Object Repository/Страница авторизации/Text' is: 'Период
1, 2, 3 кв., Октябрь, Ноябрь 2024 года
Выручка
Все
ДЗО 
ПАО Россети
Выручка по ДЗО
Выполнение плановых показателей по ПАО Россети за 1, 2, 3 кв., Октябрь, Ноябрь 2024 года
1 730 1 730
4 153 4 153
72 388 72 388
68 677 68 677
92 345 92 345
189 943 189 943
28 867 28 867
48 866 48 866
63 904 63 904
8 686 8 686
76 612 76 612
95 829 95 829
282 813 282 813
106 151 106 151
113 750 113 750
47 546 47 546
8 773 8 773
2 089 2 089
4 274 4 274
72 627 72 627
73 184 73 184
97 517 97 517
198 517 198 517
29 812 29 812
49 650 49 650
66 300 66 300
8 926 8 926
70 559 70 559
97 856 97 856
259 041 259 041
109 883 109 883
118 563 118 563
48 875 48 875
9 145 9 145
План
Факт
АО «Тываэнерго»
АО «Чеченэнерго»
Россети Волга
Россети Кубань
Россети Ленэнерго (ГК)
Россети Московский регион
Россети Северный Кавказ (ГК)
Россети Северо-Запад
Россети Сибирь (ГК)
Россети Томск
Россети Тюмень
Россети Урал (ГК)
Россети ФСК ЕЭС
Россети Центр
Россети Центр и Приволжье (ГК)
Россети Юг (ГК)
Россети Янтарь
0 млн. руб.
25 000 млн. руб.
50 000 млн. руб.
75 000 млн. руб.
100 000 млн. руб.
125 000 млн. руб.
150 000 млн. руб.
175 000 млн. руб.
200 000 млн. руб.
225 000 млн. руб.
250 000 млн. руб.
275 000 млн. руб.
300 000 млн. руб.
Выполнение плановых показателей по ПАО Россети за 1, 2, 3 кв., Октябрь, Ноябрь 2024 года
0,16%0,16%
0,32%0,32%
5,52%5,52%
5,56%5,56%
7,41%7,41%
15,08%15,08%
2,26%2,26%
3,77%3,77%
5,03%5,03%
0,68%0,68%
5,36%5,36%
7,43%7,43%
19,67%19,67%
8,34%8,34%
9%9%
3,71%3,71%
0,69%0,69%
АО «Тываэнерго»
АО «Чеченэнерго»
Россети Волга
Россети Кубань
Россети Ленэнерго (ГК)
Россети Московский регион
Россети Северный Кавказ (ГК)
Россети Северо-Запад
Россети Сибирь (ГК)
Россети Томск
Россети Тюмень
Россети Урал (ГК)
Россети ФСК ЕЭС
Россети Центр
Россети Центр и Приволжье (ГК)
Россети Юг (ГК)
Россети Янтарь'

13-01-2025T09:11:43 - [MESSAGE][PASSED] - Text of object 'Object Repository/Страница авторизации/Text' is: 'Период
1, 2, 3 кв., Октябрь, Ноябрь 2024 года
Выручка
Все
ДЗО 
ПАО Россети
Выручка по ДЗО
Выполнение плановых показателей по ПАО Россети за 1, 2, 3 кв., Октябрь, Ноябрь 2024 года
1 730 1 730
4 153 4 153
72 388 72 388
68 677 68 677
92 345 92 345
189 943 189 943
28 867 28 867
48 866 48 866
63 904 63 904
8 686 8 686
76 612 76 612
95 829 95 829
282 813 282 813
106 151 106 151
113 750 113 750
47 546 47 546
8 773 8 773
2 089 2 089
4 274 4 274
72 627 72 627
73 184 73 184
97 517 97 517
198 517 198 517
29 812 29 812
49 650 49 650
66 300 66 300
8 926 8 926
70 559 70 559
97 856 97 856
259 041 259 041
109 883 109 883
118 563 118 563
48 875 48 875
9 145 9 145
План
Факт
АО «Тываэнерго»
АО «Чеченэнерго»
Россети Волга
Россети Кубань
Россети Ленэнерго (ГК)
Россети Московский регион
Россети Северный Кавказ (ГК)
Россети Северо-Запад
Россети Сибирь (ГК)
Россети Томск
Россети Тюмень
Россети Урал (ГК)
Россети ФСК ЕЭС
Россети Центр
Россети Центр и Приволжье (ГК)
Россети Юг (ГК)
Россети Янтарь
0 млн. руб.
25 000 млн. руб.
50 000 млн. руб.
75 000 млн. руб.
100 000 млн. руб.
125 000 млн. руб.
150 000 млн. руб.
175 000 млн. руб.
200 000 млн. руб.
225 000 млн. руб.
250 000 млн. руб.
275 000 млн. руб.
300 000 млн. руб.
Выполнение плановых показателей по ПАО Россети за 1, 2, 3 кв., Октябрь, Ноябрь 2024 года
0,16%0,16%
0,32%0,32%
5,52%5,52%
5,56%5,56%
7,41%7,41%
15,08%15,08%
2,26%2,26%
3,77%3,77%
5,03%5,03%
0,68%0,68%
5,36%5,36%
7,43%7,43%
19,67%19,67%
8,34%8,34%
9%9%
3,71%3,71%
0,69%0,69%
АО «Тываэнерго»
АО «Чеченэнерго»
Россети Волга
Россети Кубань
Россети Ленэнерго (ГК)
Россети Московский регион
Россети Северный Кавказ (ГК)
Россети Северо-Запад
Россети Сибирь (ГК)
Россети Томск
Россети Тюмень
Россети Урал (ГК)
Россети ФСК ЕЭС
Россети Центр
Россети Центр и Приволжье (ГК)
Россети Юг (ГК)
Россети Янтарь'

13-01-2025T09:11:43 - [TEST_STEP][PASSED] - if (urlText.contains("ошибка") || urlText.contains(searchWord) == false): null

13-01-2025T09:11:43 - [TEST_STEP][PASSED] - click(findTestObject("Выручка по ДЗО/Фильтр Дата")): Object: 'Object Repository/Выручка по ДЗО/Фильтр Дата' is clicked on

13-01-2025T09:11:44 - [MESSAGE][PASSED] - Object: 'Object Repository/Выручка по ДЗО/Фильтр Дата' is clicked on

13-01-2025T09:11:44 - [TEST_STEP][PASSED] - click(findTestObject("Выручка по ДЗО/Снять выделение в фильтре Дата")): Object: 'Object Repository/Выручка по ДЗО/Снять выделение в фильтре Дата' is clicked on

13-01-2025T09:11:44 - [MESSAGE][PASSED] - Object: 'Object Repository/Выручка по ДЗО/Снять выделение в фильтре Дата' is clicked on

13-01-2025T09:11:44 - [TEST_STEP][PASSED] - click(findTestObject("Выручка по ДЗО/Применить в фильтре Дата")): Object: 'Object Repository/Выручка по ДЗО/Применить в фильтре Дата' is clicked on

13-01-2025T09:11:45 - [MESSAGE][PASSED] - Object: 'Object Repository/Выручка по ДЗО/Применить в фильтре Дата' is clicked on

13-01-2025T09:11:45 - [TEST_STEP][PASSED] - click(findTestObject("Выручка по ДЗО/Фильтр Дата")): Object: 'Object Repository/Выручка по ДЗО/Фильтр Дата' is clicked on

13-01-2025T09:11:47 - [MESSAGE][PASSED] - Object: 'Object Repository/Выручка по ДЗО/Фильтр Дата' is clicked on

13-01-2025T09:11:47 - [TEST_STEP][PASSED] - click(findTestObject("Выручка по ДЗО/Снять выделение в фильтре Дата")): Object: 'Object Repository/Выручка по ДЗО/Снять выделение в фильтре Дата' is clicked on

13-01-2025T09:11:48 - [MESSAGE][PASSED] - Object: 'Object Repository/Выручка по ДЗО/Снять выделение в фильтре Дата' is clicked on

13-01-2025T09:11:48 - [TEST_STEP][PASSED] - scrollToElement(findTestObject("Выручка по ДЗО/2024 список"), 30): Scroll to object 'Object Repository/Выручка по ДЗО/2024 список' successfully

13-01-2025T09:11:48 - [MESSAGE][PASSED] - Scroll to object 'Object Repository/Выручка по ДЗО/2024 список' successfully

13-01-2025T09:11:48 - [TEST_STEP][PASSED] - click(findTestObject("Выручка по ДЗО/2024 список")): Object: 'Object Repository/Выручка по ДЗО/2024 список' is clicked on

13-01-2025T09:11:48 - [MESSAGE][PASSED] - Object: 'Object Repository/Выручка по ДЗО/2024 список' is clicked on

13-01-2025T09:11:48 - [TEST_STEP][PASSED] - scrollToElement(findTestObject("Выручка по ДЗО/1 квартал 2024 выбрать"), 30): Scroll to object 'Object Repository/Выручка по ДЗО/1 квартал 2024 выбрать' successfully

13-01-2025T09:11:49 - [MESSAGE][PASSED] - Scroll to object 'Object Repository/Выручка по ДЗО/1 квартал 2024 выбрать' successfully

13-01-2025T09:11:49 - [TEST_STEP][PASSED] - click(findTestObject("Выручка по ДЗО/1 квартал 2024 выбрать")): Object: 'Object Repository/Выручка по ДЗО/1 квартал 2024 выбрать' is clicked on

13-01-2025T09:11:49 - [MESSAGE][PASSED] - Object: 'Object Repository/Выручка по ДЗО/1 квартал 2024 выбрать' is clicked on

13-01-2025T09:11:49 - [TEST_STEP][PASSED] - scrollToElement(findTestObject("Выручка по ДЗО/2 квартал 2024 выбрать"), 30): Scroll to object 'Object Repository/Выручка по ДЗО/2 квартал 2024 выбрать' successfully

13-01-2025T09:11:49 - [MESSAGE][PASSED] - Scroll to object 'Object Repository/Выручка по ДЗО/2 квартал 2024 выбрать' successfully

13-01-2025T09:11:49 - [TEST_STEP][PASSED] - click(findTestObject("Выручка по ДЗО/2 квартал 2024 выбрать"), CONTINUE_ON_FAILURE): Object: 'Object Repository/Выручка по ДЗО/2 квартал 2024 выбрать' is clicked on

13-01-2025T09:11:50 - [MESSAGE][PASSED] - Object: 'Object Repository/Выручка по ДЗО/2 квартал 2024 выбрать' is clicked on

13-01-2025T09:11:50 - [TEST_STEP][PASSED] - scrollToElement(findTestObject("Выручка по ДЗО/3 квартал 2024 список"), 30): Scroll to object 'Object Repository/Выручка по ДЗО/3 квартал 2024 список' successfully

13-01-2025T09:11:50 - [MESSAGE][PASSED] - Scroll to object 'Object Repository/Выручка по ДЗО/3 квартал 2024 список' successfully

13-01-2025T09:11:50 - [TEST_STEP][PASSED] - click(findTestObject("Выручка по ДЗО/3 квартал 2024 выбрать"), CONTINUE_ON_FAILURE): Object: 'Object Repository/Выручка по ДЗО/3 квартал 2024 выбрать' is clicked on

13-01-2025T09:11:51 - [MESSAGE][PASSED] - Object: 'Object Repository/Выручка по ДЗО/3 квартал 2024 выбрать' is clicked on

13-01-2025T09:11:51 - [TEST_STEP][PASSED] - scrollToElement(findTestObject("Выручка по ДЗО/4 квартал 2024 список"), 30): Scroll to object 'Object Repository/Выручка по ДЗО/4 квартал 2024 список' successfully

13-01-2025T09:11:51 - [MESSAGE][PASSED] - Scroll to object 'Object Repository/Выручка по ДЗО/4 квартал 2024 список' successfully

13-01-2025T09:11:51 - [TEST_STEP][PASSED] - click(findTestObject("Выручка по ДЗО/4 квартал 2024 список"), CONTINUE_ON_FAILURE): Object: 'Object Repository/Выручка по ДЗО/4 квартал 2024 список' is clicked on

13-01-2025T09:11:51 - [MESSAGE][PASSED] - Object: 'Object Repository/Выручка по ДЗО/4 квартал 2024 список' is clicked on

13-01-2025T09:11:51 - [TEST_STEP][PASSED] - scrollToElement(findTestObject("Выручка по ДЗО/Октябрь 2024"), 30): Scroll to object 'Object Repository/Выручка по ДЗО/Октябрь 2024' successfully

13-01-2025T09:11:52 - [MESSAGE][PASSED] - Scroll to object 'Object Repository/Выручка по ДЗО/Октябрь 2024' successfully

13-01-2025T09:11:52 - [TEST_STEP][PASSED] - click(findTestObject("Выручка по ДЗО/Октябрь 2024"), CONTINUE_ON_FAILURE): Object: 'Object Repository/Выручка по ДЗО/Октябрь 2024' is clicked on

13-01-2025T09:11:52 - [MESSAGE][PASSED] - Object: 'Object Repository/Выручка по ДЗО/Октябрь 2024' is clicked on

13-01-2025T09:11:52 - [TEST_STEP][PASSED] - scrollToElement(findTestObject("Выручка по ДЗО/Ноябрь 2024"), 30): Scroll to object 'Object Repository/Выручка по ДЗО/Ноябрь 2024' successfully

13-01-2025T09:11:53 - [MESSAGE][PASSED] - Scroll to object 'Object Repository/Выручка по ДЗО/Ноябрь 2024' successfully

13-01-2025T09:11:53 - [TEST_STEP][PASSED] - click(findTestObject("Выручка по ДЗО/Ноябрь 2024"), CONTINUE_ON_FAILURE): Object: 'Object Repository/Выручка по ДЗО/Ноябрь 2024' is clicked on

13-01-2025T09:11:53 - [MESSAGE][PASSED] - Object: 'Object Repository/Выручка по ДЗО/Ноябрь 2024' is clicked on

13-01-2025T09:11:53 - [TEST_STEP][PASSED] - scrollToElement(findTestObject("Выручка по ДЗО/Заголовок дашборда"), 30): Scroll to object 'Object Repository/Выручка по ДЗО/Заголовок дашборда' successfully

13-01-2025T09:11:53 - [MESSAGE][PASSED] - Scroll to object 'Object Repository/Выручка по ДЗО/Заголовок дашборда' successfully

13-01-2025T09:11:53 - [TEST_STEP][PASSED] - click(findTestObject("Выручка по ДЗО/Применить в фильтре Дата")): Object: 'Object Repository/Выручка по ДЗО/Применить в фильтре Дата' is clicked on

13-01-2025T09:11:54 - [MESSAGE][PASSED] - Object: 'Object Repository/Выручка по ДЗО/Применить в фильтре Дата' is clicked on

13-01-2025T09:11:54 - [TEST_STEP][PASSED] - a3 = "": null

13-01-2025T09:11:54 - [TEST_STEP][PASSED] - a4 = "": null

13-01-2025T09:11:54 - [TEST_STEP][PASSED] - a5 = "": null

13-01-2025T09:11:54 - [TEST_STEP][PASSED] - a6 = "": null

13-01-2025T09:11:54 - [TEST_STEP][PASSED] - a7 = "": null

13-01-2025T09:11:54 - [TEST_STEP][PASSED] - a8 = "": null

13-01-2025T09:11:54 - [TEST_STEP][PASSED] - a9 = "": null

13-01-2025T09:11:54 - [TEST_STEP][PASSED] - if (run == 1): null

13-01-2025T09:11:54 - [TEST_STEP][PASSED] - if (run == 2): null

13-01-2025T09:11:54 - [TEST_STEP][PASSED] - user = "Андреева": null

13-01-2025T09:11:54 - [TEST_STEP][PASSED] - a1 = getText(findTestObject("Выручка по ДЗО/График1 Выполнение плановых показателей Блок руководителя")): Text of object 'Object Repository/Выручка по ДЗО/График1 Выполнение плановых показателей Блок руководителя' is: '1 730 1 730
4 153 4 153
72 388 72 388
68 677 68 677
92 345 92 345
189 943 189 943
28 867 28 867
48 866 48 866
63 904 63 904
8 686 8 686
76 612 76 612
95 829 95 829
282 813 282 813
106 151 106 151
113 750 113 750
47 546 47 546
8 773 8 773
2 089 2 089
4 274 4 274
72 627 72 627
73 184 73 184
97 517 97 517
198 517 198 517
29 812 29 812
49 650 49 650
66 300 66 300
8 926 8 926
70 559 70 559
97 856 97 856
259 041 259 041
109 883 109 883
118 563 118 563
48 875 48 875
9 145 9 145
План
Факт
АО «Тываэнерго»
АО «Чеченэнерго»
Россети Волга
Россети Кубань
Россети Ленэнерго (ГК)
Россети Московский регион
Россети Северный Кавказ (ГК)
Россети Северо-Запад
Россети Сибирь (ГК)
Россети Томск
Россети Тюмень
Россети Урал (ГК)
Россети ФСК ЕЭС
Россети Центр
Россети Центр и Приволжье (ГК)
Россети Юг (ГК)
Россети Янтарь
0 млн. руб.
25 000 млн. руб.
50 000 млн. руб.
75 000 млн. руб.
100 000 млн. руб.
125 000 млн. руб.
150 000 млн. руб.
175 000 млн. руб.
200 000 млн. руб.
225 000 млн. руб.
250 000 млн. руб.
275 000 млн. руб.
300 000 млн. руб.'

13-01-2025T09:11:55 - [MESSAGE][PASSED] - Text of object 'Object Repository/Выручка по ДЗО/График1 Выполнение плановых показателей Блок руководителя' is: '1 730 1 730
4 153 4 153
72 388 72 388
68 677 68 677
92 345 92 345
189 943 189 943
28 867 28 867
48 866 48 866
63 904 63 904
8 686 8 686
76 612 76 612
95 829 95 829
282 813 282 813
106 151 106 151
113 750 113 750
47 546 47 546
8 773 8 773
2 089 2 089
4 274 4 274
72 627 72 627
73 184 73 184
97 517 97 517
198 517 198 517
29 812 29 812
49 650 49 650
66 300 66 300
8 926 8 926
70 559 70 559
97 856 97 856
259 041 259 041
109 883 109 883
118 563 118 563
48 875 48 875
9 145 9 145
План
Факт
АО «Тываэнерго»
АО «Чеченэнерго»
Россети Волга
Россети Кубань
Россети Ленэнерго (ГК)
Россети Московский регион
Россети Северный Кавказ (ГК)
Россети Северо-Запад
Россети Сибирь (ГК)
Россети Томск
Россети Тюмень
Россети Урал (ГК)
Россети ФСК ЕЭС
Россети Центр
Россети Центр и Приволжье (ГК)
Россети Юг (ГК)
Россети Янтарь
0 млн. руб.
25 000 млн. руб.
50 000 млн. руб.
75 000 млн. руб.
100 000 млн. руб.
125 000 млн. руб.
150 000 млн. руб.
175 000 млн. руб.
200 000 млн. руб.
225 000 млн. руб.
250 000 млн. руб.
275 000 млн. руб.
300 000 млн. руб.'

13-01-2025T09:11:55 - [TEST_STEP][PASSED] - a2 = getText(findTestObject("Выручка по ДЗО/График2 Выполнение плановых показателей Блок руководителя")): Text of object 'Object Repository/Выручка по ДЗО/График2 Выполнение плановых показателей Блок руководителя' is: '0,16%0,16%
0,32%0,32%
5,52%5,52%
5,56%5,56%
7,41%7,41%
15,08%15,08%
2,26%2,26%
3,77%3,77%
5,03%5,03%
0,68%0,68%
5,36%5,36%
7,43%7,43%
19,67%19,67%
8,34%8,34%
9%9%
3,71%3,71%
0,69%0,69%
АО «Тываэнерго»
АО «Чеченэнерго»
Россети Волга
Россети Кубань
Россети Ленэнерго (ГК)
Россети Московский регион
Россети Северный Кавказ (ГК)
Россети Северо-Запад
Россети Сибирь (ГК)
Россети Томск
Россети Тюмень
Россети Урал (ГК)
Россети ФСК ЕЭС
Россети Центр
Россети Центр и Приволжье (ГК)
Россети Юг (ГК)
Россети Янтарь
Россети Центр и Приволжье (ГК): 118 562 512,23'

13-01-2025T09:11:56 - [MESSAGE][PASSED] - Text of object 'Object Repository/Выручка по ДЗО/График2 Выполнение плановых показателей Блок руководителя' is: '0,16%0,16%
0,32%0,32%
5,52%5,52%
5,56%5,56%
7,41%7,41%
15,08%15,08%
2,26%2,26%
3,77%3,77%
5,03%5,03%
0,68%0,68%
5,36%5,36%
7,43%7,43%
19,67%19,67%
8,34%8,34%
9%9%
3,71%3,71%
0,69%0,69%
АО «Тываэнерго»
АО «Чеченэнерго»
Россети Волга
Россети Кубань
Россети Ленэнерго (ГК)
Россети Московский регион
Россети Северный Кавказ (ГК)
Россети Северо-Запад
Россети Сибирь (ГК)
Россети Томск
Россети Тюмень
Россети Урал (ГК)
Россети ФСК ЕЭС
Россети Центр
Россети Центр и Приволжье (ГК)
Россети Юг (ГК)
Россети Янтарь
Россети Центр и Приволжье (ГК): 118 562 512,23'

13-01-2025T09:11:56 - [TEST_STEP][PASSED] - a2 = indexOf("АО «Тываэнерго»")).replaceAll("[а-яА-Я]", ""): null

13-01-2025T09:11:56 - [TEST_STEP][PASSED] - n = n + 28: null

13-01-2025T09:11:56 - [TEST_STEP][PASSED] - b = n - run + 1: null

13-01-2025T09:11:56 - [TEST_STEP][PASSED] - verifyEqual(findTestData("PlanFact").getValue(2, b), a1): Actual object '1 730 1 730
4 153 4 153
72 388 72 388
68 677 68 677
92 345 92 345
189 943 189 943
28 867 28 867
48 866 48 866
63 904 63 904
8 686 8 686
76 612 76 612
95 829 95 829
282 813 282 813
106 151 106 151
113 750 113 750
47 546 47 546
8 773 8 773
2 089 2 089
4 274 4 274
72 627 72 627
73 184 73 184
97 517 97 517
198 517 198 517
29 812 29 812
49 650 49 650
66 300 66 300
8 926 8 926
70 559 70 559
97 856 97 856
259 041 259 041
109 883 109 883
118 563 118 563
48 875 48 875
9 145 9 145
План
Факт
АО «Тываэнерго»
АО «Чеченэнерго»
Россети Волга
Россети Кубань
Россети Ленэнерго (ГК)
Россети Московский регион
Россети Северный Кавказ (ГК)
Россети Северо-Запад
Россети Сибирь (ГК)
Россети Томск
Россети Тюмень
Россети Урал (ГК)
Россети ФСК ЕЭС
Россети Центр
Россети Центр и Приволжье (ГК)
Россети Юг (ГК)
Россети Янтарь
0 млн. руб.
25 000 млн. руб.
50 000 млн. руб.
75 000 млн. руб.
100 000 млн. руб.
125 000 млн. руб.
150 000 млн. руб.
175 000 млн. руб.
200 000 млн. руб.
225 000 млн. руб.
250 000 млн. руб.
275 000 млн. руб.
300 000 млн. руб.' and expected object '1 730 1 730
4 153 4 153
72 388 72 388
68 677 68 677
92 345 92 345
189 943 189 943
28 867 28 867
48 866 48 866
63 904 63 904
8 686 8 686
76 612 76 612
95 829 95 829
282 813 282 813
106 151 106 151
113 750 113 750
47 546 47 546
8 773 8 773
2 089 2 089
4 274 4 274
72 627 72 627
73 184 73 184
97 517 97 517
198 517 198 517
29 812 29 812
49 650 49 650
66 300 66 300
8 926 8 926
70 559 70 559
97 856 97 856
259 041 259 041
109 883 109 883
118 563 118 563
48 875 48 875
9 145 9 145
План
Факт
АО «Тываэнерго»
АО «Чеченэнерго»
Россети Волга
Россети Кубань
Россети Ленэнерго (ГК)
Россети Московский регион
Россети Северный Кавказ (ГК)
Россети Северо-Запад
Россети Сибирь (ГК)
Россети Томск
Россети Тюмень
Россети Урал (ГК)
Россети ФСК ЕЭС
Россети Центр
Россети Центр и Приволжье (ГК)
Россети Юг (ГК)
Россети Янтарь
0 млн. руб.
25 000 млн. руб.
50 000 млн. руб.
75 000 млн. руб.
100 000 млн. руб.
125 000 млн. руб.
150 000 млн. руб.
175 000 млн. руб.
200 000 млн. руб.
225 000 млн. руб.
250 000 млн. руб.
275 000 млн. руб.
300 000 млн. руб.' are equal

13-01-2025T09:11:56 - [MESSAGE][PASSED] - Actual object '1 730 1 730
4 153 4 153
72 388 72 388
68 677 68 677
92 345 92 345
189 943 189 943
28 867 28 867
48 866 48 866
63 904 63 904
8 686 8 686
76 612 76 612
95 829 95 829
282 813 282 813
106 151 106 151
113 750 113 750
47 546 47 546
8 773 8 773
2 089 2 089
4 274 4 274
72 627 72 627
73 184 73 184
97 517 97 517
198 517 198 517
29 812 29 812
49 650 49 650
66 300 66 300
8 926 8 926
70 559 70 559
97 856 97 856
259 041 259 041
109 883 109 883
118 563 118 563
48 875 48 875
9 145 9 145
План
Факт
АО «Тываэнерго»
АО «Чеченэнерго»
Россети Волга
Россети Кубань
Россети Ленэнерго (ГК)
Россети Московский регион
Россети Северный Кавказ (ГК)
Россети Северо-Запад
Россети Сибирь (ГК)
Россети Томск
Россети Тюмень
Россети Урал (ГК)
Россети ФСК ЕЭС
Россети Центр
Россети Центр и Приволжье (ГК)
Россети Юг (ГК)
Россети Янтарь
0 млн. руб.
25 000 млн. руб.
50 000 млн. руб.
75 000 млн. руб.
100 000 млн. руб.
125 000 млн. руб.
150 000 млн. руб.
175 000 млн. руб.
200 000 млн. руб.
225 000 млн. руб.
250 000 млн. руб.
275 000 млн. руб.
300 000 млн. руб.' and expected object '1 730 1 730
4 153 4 153
72 388 72 388
68 677 68 677
92 345 92 345
189 943 189 943
28 867 28 867
48 866 48 866
63 904 63 904
8 686 8 686
76 612 76 612
95 829 95 829
282 813 282 813
106 151 106 151
113 750 113 750
47 546 47 546
8 773 8 773
2 089 2 089
4 274 4 274
72 627 72 627
73 184 73 184
97 517 97 517
198 517 198 517
29 812 29 812
49 650 49 650
66 300 66 300
8 926 8 926
70 559 70 559
97 856 97 856
259 041 259 041
109 883 109 883
118 563 118 563
48 875 48 875
9 145 9 145
План
Факт
АО «Тываэнерго»
АО «Чеченэнерго»
Россети Волга
Россети Кубань
Россети Ленэнерго (ГК)
Россети Московский регион
Россети Северный Кавказ (ГК)
Россети Северо-Запад
Россети Сибирь (ГК)
Россети Томск
Россети Тюмень
Россети Урал (ГК)
Россети ФСК ЕЭС
Россети Центр
Россети Центр и Приволжье (ГК)
Россети Юг (ГК)
Россети Янтарь
0 млн. руб.
25 000 млн. руб.
50 000 млн. руб.
75 000 млн. руб.
100 000 млн. руб.
125 000 млн. руб.
150 000 млн. руб.
175 000 млн. руб.
200 000 млн. руб.
225 000 млн. руб.
250 000 млн. руб.
275 000 млн. руб.
300 000 млн. руб.' are equal

13-01-2025T09:11:56 - [TEST_STEP][PASSED] - verifyEqual(findTestData("PlanFact").getValue(3, b), a2): Actual object '0,16%0,16%
0,32%0,32%
5,52%5,52%
5,56%5,56%
7,41%7,41%
15,08%15,08%
2,26%2,26%
3,77%3,77%
5,03%5,03%
0,68%0,68%
5,36%5,36%
7,43%7,43%
19,67%19,67%
8,34%8,34%
9%9%
3,71%3,71%
0,69%0,69%
' and expected object '0,16%0,16%
0,32%0,32%
5,52%5,52%
5,56%5,56%
7,41%7,41%
15,08%15,08%
2,26%2,26%
3,77%3,77%
5,03%5,03%
0,68%0,68%
5,36%5,36%
7,43%7,43%
19,67%19,67%
8,34%8,34%
9%9%
3,71%3,71%
0,69%0,69%
' are equal

13-01-2025T09:11:56 - [MESSAGE][PASSED] - Actual object '0,16%0,16%
0,32%0,32%
5,52%5,52%
5,56%5,56%
7,41%7,41%
15,08%15,08%
2,26%2,26%
3,77%3,77%
5,03%5,03%
0,68%0,68%
5,36%5,36%
7,43%7,43%
19,67%19,67%
8,34%8,34%
9%9%
3,71%3,71%
0,69%0,69%
' and expected object '0,16%0,16%
0,32%0,32%
5,52%5,52%
5,56%5,56%
7,41%7,41%
15,08%15,08%
2,26%2,26%
3,77%3,77%
5,03%5,03%
0,68%0,68%
5,36%5,36%
7,43%7,43%
19,67%19,67%
8,34%8,34%
9%9%
3,71%3,71%
0,69%0,69%
' are equal

13-01-2025T09:11:56 - [TEST_STEP][PASSED] - Script1686231490255.WriteToExcel(user, dashboardName, n, data, run, a1, a2, a3, a4, a5, a6, a7, a8, a9): null

13-01-2025T09:11:56 - [TEST_STEP][PASSED] - sheetName = "Sheet1": null

13-01-2025T09:11:56 - [TEST_STEP][PASSED] - workbook01 = getWorkbook(excelFilePath): null

13-01-2025T09:11:56 - [TEST_STEP][PASSED] - sheet01 = getExcelSheet(workbook01, sheetName): null

13-01-2025T09:11:56 - [TEST_STEP][PASSED] - setValueToCellByIndex(sheet01, n, 0, dashboardName): null

13-01-2025T09:11:56 - [TEST_STEP][PASSED] - setValueToCellByIndex(sheet01, n, 10, user): null

13-01-2025T09:11:56 - [TEST_STEP][PASSED] - setValueToCellByIndex(sheet01, n, 1, a1): null

13-01-2025T09:11:56 - [TEST_STEP][PASSED] - setValueToCellByIndex(sheet01, n, 2, a2): null

13-01-2025T09:11:56 - [TEST_STEP][PASSED] - setValueToCellByIndex(sheet01, n, 3, a3): null

13-01-2025T09:11:56 - [TEST_STEP][PASSED] - setValueToCellByIndex(sheet01, n, 4, a4): null

13-01-2025T09:11:56 - [TEST_STEP][PASSED] - setValueToCellByIndex(sheet01, n, 5, a5): null

13-01-2025T09:11:56 - [TEST_STEP][PASSED] - setValueToCellByIndex(sheet01, n, 6, a6): null

13-01-2025T09:11:56 - [TEST_STEP][PASSED] - setValueToCellByIndex(sheet01, n, 7, a7): null

13-01-2025T09:11:56 - [TEST_STEP][PASSED] - setValueToCellByIndex(sheet01, n, 8, a8): null

13-01-2025T09:11:56 - [TEST_STEP][PASSED] - setValueToCellByIndex(sheet01, n, 9, a9): null

13-01-2025T09:11:56 - [TEST_STEP][PASSED] - n = n + 1: null

13-01-2025T09:11:56 - [TEST_STEP][PASSED] - saveWorkbook(excelFilePath, workbook01): null

13-01-2025T09:11:56 - [TEST_STEP][PASSED] - if (run == 3): null

13-01-2025T09:11:56 - [TEST_STEP][PASSED] - closeBrowser(): null

13-01-2025T09:11:56 - [MESSAGE][PASSED] - Browser is closed

13-01-2025T09:11:56 - [TEST_STEP][PASSED] - ViruchkaPoDZO(user, dashboardName, n, data, run, a1, a2, a3, a4, a5, a6, a7, a8, a9, urlData): null

13-01-2025T09:11:56 - [TEST_STEP][PASSED] - n = data.getRowNumbers() + 1: null

13-01-2025T09:11:56 - [TEST_STEP][PASSED] - println(n): null

13-01-2025T09:11:56 - [TEST_STEP][PASSED] - dashboardName = "Выручка по ДЗО": null

13-01-2025T09:11:56 - [TEST_STEP][PASSED] - openBrowser(""): Browser is opened with url: ''

13-01-2025T09:11:56 - [MESSAGE][INFO] - Starting 'Chrome' driver

13-01-2025T09:11:56 - [MESSAGE][INFO] - Action delay is set to 0 milliseconds

13-01-2025T09:11:57 - [MESSAGE][PASSED] - Browser is opened with url: ''

13-01-2025T09:11:57 - [TEST_STEP][PASSED] - urlData = 5: null

13-01-2025T09:11:57 - [TEST_STEP][PASSED] - Script1686231490255.CheckPageDownload(urlData, run): null

13-01-2025T09:11:57 - [TEST_STEP][PASSED] - i = 1: null

13-01-2025T09:11:57 - [TEST_STEP][PASSED] - ii = 0: null

13-01-2025T09:11:57 - [TEST_STEP][PASSED] - urlText = <not implemented yet for class: org.codehaus.groovy.ast.expr.EmptyExpression>: null

13-01-2025T09:11:57 - [TEST_STEP][PASSED] - searchWord = <not implemented yet for class: org.codehaus.groovy.ast.expr.EmptyExpression>: null

13-01-2025T09:11:57 - [TEST_STEP][PASSED] - deleteAllCookies(): Delete all cookies successfully

13-01-2025T09:11:57 - [MESSAGE][PASSED] - Delete all cookies successfully

13-01-2025T09:11:57 - [TEST_STEP][PASSED] - refresh(): Refresh successfully

13-01-2025T09:11:57 - [MESSAGE][PASSED] - Refresh successfully

13-01-2025T09:11:57 - [TEST_STEP][PASSED] - delay(70): Delayed 70 second(s)

13-01-2025T09:13:07 - [MESSAGE][PASSED] - Delayed 70 second(s)

13-01-2025T09:13:07 - [TEST_STEP][PASSED] - navigateToUrl(findTestData("PlanFact").getValue(10, urlData)): Navigate to 'https://bi.rosseti.digital/viewer?dashboardGuid=2301950b23be4ed89c1df75f2020051e&sheetGuid=31530aa0b6664c09b016b7f2ab9d853e&fit=true' successfully

13-01-2025T09:13:15 - [MESSAGE][PASSED] - Navigate to 'https://bi.rosseti.digital/viewer?dashboardGuid=2301950b23be4ed89c1df75f2020051e&sheetGuid=31530aa0b6664c09b016b7f2ab9d853e&fit=true' successfully

13-01-2025T09:13:15 - [TEST_STEP][PASSED] - pageLoaded1 = verifyElementPresent(findTestObject("Страница авторизации/Text"), 30): Object 'Object Repository/Страница авторизации/Text' is present

13-01-2025T09:13:17 - [MESSAGE][PASSED] - Object 'Object Repository/Страница авторизации/Text' is present

13-01-2025T09:13:17 - [TEST_STEP][PASSED] - if (pageLoaded1 == false): null

13-01-2025T09:13:17 - [TEST_STEP][PASSED] - urlText = getText(findTestObject("Страница авторизации/Text")): Text of object 'Object Repository/Страница авторизации/Text' is: 'Вход'

13-01-2025T09:13:17 - [MESSAGE][PASSED] - Text of object 'Object Repository/Страница авторизации/Text' is: 'Вход'

13-01-2025T09:13:17 - [TEST_STEP][PASSED] - delay(70): Delayed 70 second(s)

13-01-2025T09:14:27 - [MESSAGE][PASSED] - Delayed 70 second(s)

13-01-2025T09:14:27 - [TEST_STEP][PASSED] - searchWord = "Вход": null

13-01-2025T09:14:27 - [TEST_STEP][PASSED] - if (urlText.contains(searchWord) == false): null

13-01-2025T09:14:27 - [TEST_STEP][PASSED] - setText(findTestObject("Страница авторизации/input__username"), findTestData("PlanFact").getValue(8, run)): Text 'Petrova-OV' is set on object 'Object Repository/Страница авторизации/input__username'

13-01-2025T09:14:28 - [MESSAGE][PASSED] - Text 'Petrova-OV' is set on object 'Object Repository/Страница авторизации/input__username'

13-01-2025T09:14:28 - [TEST_STEP][PASSED] - setText(findTestObject("Страница авторизации/input__password"), findTestData("PlanFact").getValue(9, run)): Text '4Ex@~R53r&3x&BVe7' is set on object 'Object Repository/Страница авторизации/input__password'

13-01-2025T09:14:29 - [MESSAGE][PASSED] - Text '4Ex@~R53r&3x&BVe7' is set on object 'Object Repository/Страница авторизации/input__password'

13-01-2025T09:14:29 - [TEST_STEP][PASSED] - click(findTestObject("Страница авторизации/button_")): Object: 'Object Repository/Страница авторизации/button_' is clicked on

13-01-2025T09:14:30 - [MESSAGE][PASSED] - Object: 'Object Repository/Страница авторизации/button_' is clicked on

13-01-2025T09:14:30 - [TEST_STEP][PASSED] - delay(70): Delayed 70 second(s)

13-01-2025T09:15:40 - [MESSAGE][PASSED] - Delayed 70 second(s)

13-01-2025T09:15:40 - [TEST_STEP][PASSED] - searchWord = "а": null

13-01-2025T09:15:40 - [TEST_STEP][PASSED] - pageLoaded2 = verifyElementPresent(findTestObject("Страница авторизации/Text"), 50): Object 'Object Repository/Страница авторизации/Text' is present

13-01-2025T09:15:40 - [MESSAGE][PASSED] - Object 'Object Repository/Страница авторизации/Text' is present

13-01-2025T09:15:40 - [TEST_STEP][PASSED] - if (pageLoaded2 == false): null

13-01-2025T09:15:40 - [TEST_STEP][PASSED] - urlText = getText(findTestObject("Страница авторизации/Text")): Text of object 'Object Repository/Страница авторизации/Text' is: 'Период
1, 2, 3 кв., Октябрь, Ноябрь 2024 года
Выручка
Все
ДЗО 
ПАО Россети
Выручка по ДЗО
Выполнение плановых показателей по ПАО Россети за 1, 2, 3 кв., Октябрь, Ноябрь 2024 года
1 730 1 730
4 153 4 153
72 388 72 388
68 677 68 677
92 345 92 345
189 943 189 943
28 867 28 867
48 866 48 866
63 904 63 904
8 686 8 686
76 612 76 612
95 829 95 829
282 813 282 813
106 151 106 151
113 750 113 750
47 546 47 546
8 773 8 773
2 089 2 089
4 274 4 274
72 627 72 627
73 184 73 184
97 517 97 517
198 517 198 517
29 812 29 812
49 650 49 650
66 300 66 300
8 926 8 926
70 559 70 559
97 856 97 856
259 041 259 041
109 883 109 883
118 563 118 563
48 875 48 875
9 145 9 145
План
Факт
АО «Тываэнерго»
АО «Чеченэнерго»
Россети Волга
Россети Кубань
Россети Ленэнерго (ГК)
Россети Московский регион
Россети Северный Кавказ (ГК)
Россети Северо-Запад
Россети Сибирь (ГК)
Россети Томск
Россети Тюмень
Россети Урал (ГК)
Россети ФСК ЕЭС
Россети Центр
Россети Центр и Приволжье (ГК)
Россети Юг (ГК)
Россети Янтарь
0 млн. руб.
25 000 млн. руб.
50 000 млн. руб.
75 000 млн. руб.
100 000 млн. руб.
125 000 млн. руб.
150 000 млн. руб.
175 000 млн. руб.
200 000 млн. руб.
225 000 млн. руб.
250 000 млн. руб.
275 000 млн. руб.
300 000 млн. руб.
Выполнение плановых показателей по ПАО Россети за 1, 2, 3 кв., Октябрь, Ноябрь 2024 года
0,16%0,16%
0,32%0,32%
5,52%5,52%
5,56%5,56%
7,41%7,41%
15,08%15,08%
2,26%2,26%
3,77%3,77%
5,03%5,03%
0,68%0,68%
5,36%5,36%
7,43%7,43%
19,67%19,67%
8,34%8,34%
9%9%
3,71%3,71%
0,69%0,69%
АО «Тываэнерго»
АО «Чеченэнерго»
Россети Волга
Россети Кубань
Россети Ленэнерго (ГК)
Россети Московский регион
Россети Северный Кавказ (ГК)
Россети Северо-Запад
Россети Сибирь (ГК)
Россети Томск
Россети Тюмень
Россети Урал (ГК)
Россети ФСК ЕЭС
Россети Центр
Россети Центр и Приволжье (ГК)
Россети Юг (ГК)
Россети Янтарь'

13-01-2025T09:15:41 - [MESSAGE][PASSED] - Text of object 'Object Repository/Страница авторизации/Text' is: 'Период
1, 2, 3 кв., Октябрь, Ноябрь 2024 года
Выручка
Все
ДЗО 
ПАО Россети
Выручка по ДЗО
Выполнение плановых показателей по ПАО Россети за 1, 2, 3 кв., Октябрь, Ноябрь 2024 года
1 730 1 730
4 153 4 153
72 388 72 388
68 677 68 677
92 345 92 345
189 943 189 943
28 867 28 867
48 866 48 866
63 904 63 904
8 686 8 686
76 612 76 612
95 829 95 829
282 813 282 813
106 151 106 151
113 750 113 750
47 546 47 546
8 773 8 773
2 089 2 089
4 274 4 274
72 627 72 627
73 184 73 184
97 517 97 517
198 517 198 517
29 812 29 812
49 650 49 650
66 300 66 300
8 926 8 926
70 559 70 559
97 856 97 856
259 041 259 041
109 883 109 883
118 563 118 563
48 875 48 875
9 145 9 145
План
Факт
АО «Тываэнерго»
АО «Чеченэнерго»
Россети Волга
Россети Кубань
Россети Ленэнерго (ГК)
Россети Московский регион
Россети Северный Кавказ (ГК)
Россети Северо-Запад
Россети Сибирь (ГК)
Россети Томск
Россети Тюмень
Россети Урал (ГК)
Россети ФСК ЕЭС
Россети Центр
Россети Центр и Приволжье (ГК)
Россети Юг (ГК)
Россети Янтарь
0 млн. руб.
25 000 млн. руб.
50 000 млн. руб.
75 000 млн. руб.
100 000 млн. руб.
125 000 млн. руб.
150 000 млн. руб.
175 000 млн. руб.
200 000 млн. руб.
225 000 млн. руб.
250 000 млн. руб.
275 000 млн. руб.
300 000 млн. руб.
Выполнение плановых показателей по ПАО Россети за 1, 2, 3 кв., Октябрь, Ноябрь 2024 года
0,16%0,16%
0,32%0,32%
5,52%5,52%
5,56%5,56%
7,41%7,41%
15,08%15,08%
2,26%2,26%
3,77%3,77%
5,03%5,03%
0,68%0,68%
5,36%5,36%
7,43%7,43%
19,67%19,67%
8,34%8,34%
9%9%
3,71%3,71%
0,69%0,69%
АО «Тываэнерго»
АО «Чеченэнерго»
Россети Волга
Россети Кубань
Россети Ленэнерго (ГК)
Россети Московский регион
Россети Северный Кавказ (ГК)
Россети Северо-Запад
Россети Сибирь (ГК)
Россети Томск
Россети Тюмень
Россети Урал (ГК)
Россети ФСК ЕЭС
Россети Центр
Россети Центр и Приволжье (ГК)
Россети Юг (ГК)
Россети Янтарь'

13-01-2025T09:15:41 - [TEST_STEP][PASSED] - if (urlText.contains("ошибка") || urlText.contains(searchWord) == false): null

13-01-2025T09:15:41 - [TEST_STEP][PASSED] - click(findTestObject("Выручка по ДЗО/Фильтр Дата")): Object: 'Object Repository/Выручка по ДЗО/Фильтр Дата' is clicked on

13-01-2025T09:15:41 - [MESSAGE][PASSED] - Object: 'Object Repository/Выручка по ДЗО/Фильтр Дата' is clicked on

13-01-2025T09:15:41 - [TEST_STEP][PASSED] - click(findTestObject("Выручка по ДЗО/Снять выделение в фильтре Дата")): Object: 'Object Repository/Выручка по ДЗО/Снять выделение в фильтре Дата' is clicked on

13-01-2025T09:15:42 - [MESSAGE][PASSED] - Object: 'Object Repository/Выручка по ДЗО/Снять выделение в фильтре Дата' is clicked on

13-01-2025T09:15:42 - [TEST_STEP][PASSED] - click(findTestObject("Выручка по ДЗО/Применить в фильтре Дата")): Object: 'Object Repository/Выручка по ДЗО/Применить в фильтре Дата' is clicked on

13-01-2025T09:15:43 - [MESSAGE][PASSED] - Object: 'Object Repository/Выручка по ДЗО/Применить в фильтре Дата' is clicked on

13-01-2025T09:15:43 - [TEST_STEP][PASSED] - click(findTestObject("Выручка по ДЗО/Фильтр Дата")): Object: 'Object Repository/Выручка по ДЗО/Фильтр Дата' is clicked on

13-01-2025T09:15:44 - [MESSAGE][PASSED] - Object: 'Object Repository/Выручка по ДЗО/Фильтр Дата' is clicked on

13-01-2025T09:15:44 - [TEST_STEP][PASSED] - click(findTestObject("Выручка по ДЗО/Снять выделение в фильтре Дата")): Object: 'Object Repository/Выручка по ДЗО/Снять выделение в фильтре Дата' is clicked on

13-01-2025T09:15:45 - [MESSAGE][PASSED] - Object: 'Object Repository/Выручка по ДЗО/Снять выделение в фильтре Дата' is clicked on

13-01-2025T09:15:45 - [TEST_STEP][PASSED] - scrollToElement(findTestObject("Выручка по ДЗО/2024 список"), 30): Scroll to object 'Object Repository/Выручка по ДЗО/2024 список' successfully

13-01-2025T09:15:45 - [MESSAGE][PASSED] - Scroll to object 'Object Repository/Выручка по ДЗО/2024 список' successfully

13-01-2025T09:15:45 - [TEST_STEP][PASSED] - click(findTestObject("Выручка по ДЗО/2024 список")): Object: 'Object Repository/Выручка по ДЗО/2024 список' is clicked on

13-01-2025T09:15:45 - [MESSAGE][PASSED] - Object: 'Object Repository/Выручка по ДЗО/2024 список' is clicked on

13-01-2025T09:15:45 - [TEST_STEP][PASSED] - scrollToElement(findTestObject("Выручка по ДЗО/1 квартал 2024 выбрать"), 30): Scroll to object 'Object Repository/Выручка по ДЗО/1 квартал 2024 выбрать' successfully

13-01-2025T09:15:46 - [MESSAGE][PASSED] - Scroll to object 'Object Repository/Выручка по ДЗО/1 квартал 2024 выбрать' successfully

13-01-2025T09:15:46 - [TEST_STEP][PASSED] - click(findTestObject("Выручка по ДЗО/1 квартал 2024 выбрать")): Object: 'Object Repository/Выручка по ДЗО/1 квартал 2024 выбрать' is clicked on

13-01-2025T09:15:46 - [MESSAGE][PASSED] - Object: 'Object Repository/Выручка по ДЗО/1 квартал 2024 выбрать' is clicked on

13-01-2025T09:15:46 - [TEST_STEP][PASSED] - scrollToElement(findTestObject("Выручка по ДЗО/2 квартал 2024 выбрать"), 30): Scroll to object 'Object Repository/Выручка по ДЗО/2 квартал 2024 выбрать' successfully

13-01-2025T09:15:47 - [MESSAGE][PASSED] - Scroll to object 'Object Repository/Выручка по ДЗО/2 квартал 2024 выбрать' successfully

13-01-2025T09:15:47 - [TEST_STEP][PASSED] - click(findTestObject("Выручка по ДЗО/2 квартал 2024 выбрать"), CONTINUE_ON_FAILURE): Object: 'Object Repository/Выручка по ДЗО/2 квартал 2024 выбрать' is clicked on

13-01-2025T09:15:47 - [MESSAGE][PASSED] - Object: 'Object Repository/Выручка по ДЗО/2 квартал 2024 выбрать' is clicked on

13-01-2025T09:15:47 - [TEST_STEP][PASSED] - scrollToElement(findTestObject("Выручка по ДЗО/3 квартал 2024 список"), 30): Scroll to object 'Object Repository/Выручка по ДЗО/3 квартал 2024 список' successfully

13-01-2025T09:15:47 - [MESSAGE][PASSED] - Scroll to object 'Object Repository/Выручка по ДЗО/3 квартал 2024 список' successfully

13-01-2025T09:15:47 - [TEST_STEP][PASSED] - click(findTestObject("Выручка по ДЗО/3 квартал 2024 выбрать"), CONTINUE_ON_FAILURE): Object: 'Object Repository/Выручка по ДЗО/3 квартал 2024 выбрать' is clicked on

13-01-2025T09:15:48 - [MESSAGE][PASSED] - Object: 'Object Repository/Выручка по ДЗО/3 квартал 2024 выбрать' is clicked on

13-01-2025T09:15:48 - [TEST_STEP][PASSED] - scrollToElement(findTestObject("Выручка по ДЗО/4 квартал 2024 список"), 30): Scroll to object 'Object Repository/Выручка по ДЗО/4 квартал 2024 список' successfully

13-01-2025T09:15:48 - [MESSAGE][PASSED] - Scroll to object 'Object Repository/Выручка по ДЗО/4 квартал 2024 список' successfully

13-01-2025T09:15:48 - [TEST_STEP][PASSED] - click(findTestObject("Выручка по ДЗО/4 квартал 2024 список"), CONTINUE_ON_FAILURE): Object: 'Object Repository/Выручка по ДЗО/4 квартал 2024 список' is clicked on

13-01-2025T09:15:49 - [MESSAGE][PASSED] - Object: 'Object Repository/Выручка по ДЗО/4 квартал 2024 список' is clicked on

13-01-2025T09:15:49 - [TEST_STEP][PASSED] - scrollToElement(findTestObject("Выручка по ДЗО/Октябрь 2024"), 30): Scroll to object 'Object Repository/Выручка по ДЗО/Октябрь 2024' successfully

13-01-2025T09:15:49 - [MESSAGE][PASSED] - Scroll to object 'Object Repository/Выручка по ДЗО/Октябрь 2024' successfully

13-01-2025T09:15:49 - [TEST_STEP][PASSED] - click(findTestObject("Выручка по ДЗО/Октябрь 2024"), CONTINUE_ON_FAILURE): Object: 'Object Repository/Выручка по ДЗО/Октябрь 2024' is clicked on

13-01-2025T09:15:49 - [MESSAGE][PASSED] - Object: 'Object Repository/Выручка по ДЗО/Октябрь 2024' is clicked on

13-01-2025T09:15:49 - [TEST_STEP][PASSED] - scrollToElement(findTestObject("Выручка по ДЗО/Ноябрь 2024"), 30): Scroll to object 'Object Repository/Выручка по ДЗО/Ноябрь 2024' successfully

13-01-2025T09:15:50 - [MESSAGE][PASSED] - Scroll to object 'Object Repository/Выручка по ДЗО/Ноябрь 2024' successfully

13-01-2025T09:15:50 - [TEST_STEP][PASSED] - click(findTestObject("Выручка по ДЗО/Ноябрь 2024"), CONTINUE_ON_FAILURE): Object: 'Object Repository/Выручка по ДЗО/Ноябрь 2024' is clicked on

13-01-2025T09:15:50 - [MESSAGE][PASSED] - Object: 'Object Repository/Выручка по ДЗО/Ноябрь 2024' is clicked on

13-01-2025T09:15:50 - [TEST_STEP][PASSED] - scrollToElement(findTestObject("Выручка по ДЗО/Заголовок дашборда"), 30): Scroll to object 'Object Repository/Выручка по ДЗО/Заголовок дашборда' successfully

13-01-2025T09:15:51 - [MESSAGE][PASSED] - Scroll to object 'Object Repository/Выручка по ДЗО/Заголовок дашборда' successfully

13-01-2025T09:15:51 - [TEST_STEP][PASSED] - click(findTestObject("Выручка по ДЗО/Применить в фильтре Дата")): Object: 'Object Repository/Выручка по ДЗО/Применить в фильтре Дата' is clicked on

13-01-2025T09:15:51 - [MESSAGE][PASSED] - Object: 'Object Repository/Выручка по ДЗО/Применить в фильтре Дата' is clicked on

13-01-2025T09:15:51 - [TEST_STEP][PASSED] - a3 = "": null

13-01-2025T09:15:51 - [TEST_STEP][PASSED] - a4 = "": null

13-01-2025T09:15:51 - [TEST_STEP][PASSED] - a5 = "": null

13-01-2025T09:15:51 - [TEST_STEP][PASSED] - a6 = "": null

13-01-2025T09:15:51 - [TEST_STEP][PASSED] - a7 = "": null

13-01-2025T09:15:51 - [TEST_STEP][PASSED] - a8 = "": null

13-01-2025T09:15:51 - [TEST_STEP][PASSED] - a9 = "": null

13-01-2025T09:15:51 - [TEST_STEP][PASSED] - if (run == 1): null

13-01-2025T09:15:51 - [TEST_STEP][PASSED] - if (run == 2): null

13-01-2025T09:15:51 - [TEST_STEP][PASSED] - if (run == 3): null

13-01-2025T09:15:51 - [TEST_STEP][PASSED] - user = "Попова": null

13-01-2025T09:15:51 - [TEST_STEP][PASSED] - a1 = getText(findTestObject("Выручка по ДЗО/График1 Выполнение плановых показателей Блок руководителя")): Text of object 'Object Repository/Выручка по ДЗО/График1 Выполнение плановых показателей Блок руководителя' is: '1 730 1 730
4 153 4 153
72 388 72 388
68 677 68 677
92 345 92 345
189 943 189 943
28 867 28 867
48 866 48 866
63 904 63 904
8 686 8 686
76 612 76 612
95 829 95 829
282 813 282 813
106 151 106 151
113 750 113 750
47 546 47 546
8 773 8 773
2 089 2 089
4 274 4 274
72 627 72 627
73 184 73 184
97 517 97 517
198 517 198 517
29 812 29 812
49 650 49 650
66 300 66 300
8 926 8 926
70 559 70 559
97 856 97 856
259 041 259 041
109 883 109 883
118 563 118 563
48 875 48 875
9 145 9 145
План
Факт
АО «Тываэнерго»
АО «Чеченэнерго»
Россети Волга
Россети Кубань
Россети Ленэнерго (ГК)
Россети Московский регион
Россети Северный Кавказ (ГК)
Россети Северо-Запад
Россети Сибирь (ГК)
Россети Томск
Россети Тюмень
Россети Урал (ГК)
Россети ФСК ЕЭС
Россети Центр
Россети Центр и Приволжье (ГК)
Россети Юг (ГК)
Россети Янтарь
0 млн. руб.
25 000 млн. руб.
50 000 млн. руб.
75 000 млн. руб.
100 000 млн. руб.
125 000 млн. руб.
150 000 млн. руб.
175 000 млн. руб.
200 000 млн. руб.
225 000 млн. руб.
250 000 млн. руб.
275 000 млн. руб.
300 000 млн. руб.'

13-01-2025T09:15:53 - [MESSAGE][PASSED] - Text of object 'Object Repository/Выручка по ДЗО/График1 Выполнение плановых показателей Блок руководителя' is: '1 730 1 730
4 153 4 153
72 388 72 388
68 677 68 677
92 345 92 345
189 943 189 943
28 867 28 867
48 866 48 866
63 904 63 904
8 686 8 686
76 612 76 612
95 829 95 829
282 813 282 813
106 151 106 151
113 750 113 750
47 546 47 546
8 773 8 773
2 089 2 089
4 274 4 274
72 627 72 627
73 184 73 184
97 517 97 517
198 517 198 517
29 812 29 812
49 650 49 650
66 300 66 300
8 926 8 926
70 559 70 559
97 856 97 856
259 041 259 041
109 883 109 883
118 563 118 563
48 875 48 875
9 145 9 145
План
Факт
АО «Тываэнерго»
АО «Чеченэнерго»
Россети Волга
Россети Кубань
Россети Ленэнерго (ГК)
Россети Московский регион
Россети Северный Кавказ (ГК)
Россети Северо-Запад
Россети Сибирь (ГК)
Россети Томск
Россети Тюмень
Россети Урал (ГК)
Россети ФСК ЕЭС
Россети Центр
Россети Центр и Приволжье (ГК)
Россети Юг (ГК)
Россети Янтарь
0 млн. руб.
25 000 млн. руб.
50 000 млн. руб.
75 000 млн. руб.
100 000 млн. руб.
125 000 млн. руб.
150 000 млн. руб.
175 000 млн. руб.
200 000 млн. руб.
225 000 млн. руб.
250 000 млн. руб.
275 000 млн. руб.
300 000 млн. руб.'

13-01-2025T09:15:53 - [TEST_STEP][PASSED] - a2 = getText(findTestObject("Выручка по ДЗО/График2 Выполнение плановых показателей Блок руководителя")): Text of object 'Object Repository/Выручка по ДЗО/График2 Выполнение плановых показателей Блок руководителя' is: '0,16%0,16%
0,32%0,32%
5,52%5,52%
5,56%5,56%
7,41%7,41%
15,08%15,08%
2,26%2,26%
3,77%3,77%
5,03%5,03%
0,68%0,68%
5,36%5,36%
7,43%7,43%
19,67%19,67%
8,34%8,34%
9%9%
3,71%3,71%
0,69%0,69%
АО «Тываэнерго»
АО «Чеченэнерго»
Россети Волга
Россети Кубань
Россети Ленэнерго (ГК)
Россети Московский регион
Россети Северный Кавказ (ГК)
Россети Северо-Запад
Россети Сибирь (ГК)
Россети Томск
Россети Тюмень
Россети Урал (ГК)
Россети ФСК ЕЭС
Россети Центр
Россети Центр и Приволжье (ГК)
Россети Юг (ГК)
Россети Янтарь
Россети Центр и Приволжье (ГК): 118 562 512,23'

13-01-2025T09:15:54 - [MESSAGE][PASSED] - Text of object 'Object Repository/Выручка по ДЗО/График2 Выполнение плановых показателей Блок руководителя' is: '0,16%0,16%
0,32%0,32%
5,52%5,52%
5,56%5,56%
7,41%7,41%
15,08%15,08%
2,26%2,26%
3,77%3,77%
5,03%5,03%
0,68%0,68%
5,36%5,36%
7,43%7,43%
19,67%19,67%
8,34%8,34%
9%9%
3,71%3,71%
0,69%0,69%
АО «Тываэнерго»
АО «Чеченэнерго»
Россети Волга
Россети Кубань
Россети Ленэнерго (ГК)
Россети Московский регион
Россети Северный Кавказ (ГК)
Россети Северо-Запад
Россети Сибирь (ГК)
Россети Томск
Россети Тюмень
Россети Урал (ГК)
Россети ФСК ЕЭС
Россети Центр
Россети Центр и Приволжье (ГК)
Россети Юг (ГК)
Россети Янтарь
Россети Центр и Приволжье (ГК): 118 562 512,23'

13-01-2025T09:15:54 - [TEST_STEP][PASSED] - a2 = indexOf("АО «Тываэнерго»")).replaceAll("[а-яА-Я]", ""): null

13-01-2025T09:15:54 - [TEST_STEP][PASSED] - n = n + 29: null

13-01-2025T09:15:54 - [TEST_STEP][PASSED] - b = n - run + 1: null

13-01-2025T09:15:54 - [TEST_STEP][PASSED] - verifyEqual(findTestData("PlanFact").getValue(2, b), a1): Actual object '1 730 1 730
4 153 4 153
72 388 72 388
68 677 68 677
92 345 92 345
189 943 189 943
28 867 28 867
48 866 48 866
63 904 63 904
8 686 8 686
76 612 76 612
95 829 95 829
282 813 282 813
106 151 106 151
113 750 113 750
47 546 47 546
8 773 8 773
2 089 2 089
4 274 4 274
72 627 72 627
73 184 73 184
97 517 97 517
198 517 198 517
29 812 29 812
49 650 49 650
66 300 66 300
8 926 8 926
70 559 70 559
97 856 97 856
259 041 259 041
109 883 109 883
118 563 118 563
48 875 48 875
9 145 9 145
План
Факт
АО «Тываэнерго»
АО «Чеченэнерго»
Россети Волга
Россети Кубань
Россети Ленэнерго (ГК)
Россети Московский регион
Россети Северный Кавказ (ГК)
Россети Северо-Запад
Россети Сибирь (ГК)
Россети Томск
Россети Тюмень
Россети Урал (ГК)
Россети ФСК ЕЭС
Россети Центр
Россети Центр и Приволжье (ГК)
Россети Юг (ГК)
Россети Янтарь
0 млн. руб.
25 000 млн. руб.
50 000 млн. руб.
75 000 млн. руб.
100 000 млн. руб.
125 000 млн. руб.
150 000 млн. руб.
175 000 млн. руб.
200 000 млн. руб.
225 000 млн. руб.
250 000 млн. руб.
275 000 млн. руб.
300 000 млн. руб.' and expected object '1 730 1 730
4 153 4 153
72 388 72 388
68 677 68 677
92 345 92 345
189 943 189 943
28 867 28 867
48 866 48 866
63 904 63 904
8 686 8 686
76 612 76 612
95 829 95 829
282 813 282 813
106 151 106 151
113 750 113 750
47 546 47 546
8 773 8 773
2 089 2 089
4 274 4 274
72 627 72 627
73 184 73 184
97 517 97 517
198 517 198 517
29 812 29 812
49 650 49 650
66 300 66 300
8 926 8 926
70 559 70 559
97 856 97 856
259 041 259 041
109 883 109 883
118 563 118 563
48 875 48 875
9 145 9 145
План
Факт
АО «Тываэнерго»
АО «Чеченэнерго»
Россети Волга
Россети Кубань
Россети Ленэнерго (ГК)
Россети Московский регион
Россети Северный Кавказ (ГК)
Россети Северо-Запад
Россети Сибирь (ГК)
Россети Томск
Россети Тюмень
Россети Урал (ГК)
Россети ФСК ЕЭС
Россети Центр
Россети Центр и Приволжье (ГК)
Россети Юг (ГК)
Россети Янтарь
0 млн. руб.
25 000 млн. руб.
50 000 млн. руб.
75 000 млн. руб.
100 000 млн. руб.
125 000 млн. руб.
150 000 млн. руб.
175 000 млн. руб.
200 000 млн. руб.
225 000 млн. руб.
250 000 млн. руб.
275 000 млн. руб.
300 000 млн. руб.' are equal

13-01-2025T09:15:54 - [MESSAGE][PASSED] - Actual object '1 730 1 730
4 153 4 153
72 388 72 388
68 677 68 677
92 345 92 345
189 943 189 943
28 867 28 867
48 866 48 866
63 904 63 904
8 686 8 686
76 612 76 612
95 829 95 829
282 813 282 813
106 151 106 151
113 750 113 750
47 546 47 546
8 773 8 773
2 089 2 089
4 274 4 274
72 627 72 627
73 184 73 184
97 517 97 517
198 517 198 517
29 812 29 812
49 650 49 650
66 300 66 300
8 926 8 926
70 559 70 559
97 856 97 856
259 041 259 041
109 883 109 883
118 563 118 563
48 875 48 875
9 145 9 145
План
Факт
АО «Тываэнерго»
АО «Чеченэнерго»
Россети Волга
Россети Кубань
Россети Ленэнерго (ГК)
Россети Московский регион
Россети Северный Кавказ (ГК)
Россети Северо-Запад
Россети Сибирь (ГК)
Россети Томск
Россети Тюмень
Россети Урал (ГК)
Россети ФСК ЕЭС
Россети Центр
Россети Центр и Приволжье (ГК)
Россети Юг (ГК)
Россети Янтарь
0 млн. руб.
25 000 млн. руб.
50 000 млн. руб.
75 000 млн. руб.
100 000 млн. руб.
125 000 млн. руб.
150 000 млн. руб.
175 000 млн. руб.
200 000 млн. руб.
225 000 млн. руб.
250 000 млн. руб.
275 000 млн. руб.
300 000 млн. руб.' and expected object '1 730 1 730
4 153 4 153
72 388 72 388
68 677 68 677
92 345 92 345
189 943 189 943
28 867 28 867
48 866 48 866
63 904 63 904
8 686 8 686
76 612 76 612
95 829 95 829
282 813 282 813
106 151 106 151
113 750 113 750
47 546 47 546
8 773 8 773
2 089 2 089
4 274 4 274
72 627 72 627
73 184 73 184
97 517 97 517
198 517 198 517
29 812 29 812
49 650 49 650
66 300 66 300
8 926 8 926
70 559 70 559
97 856 97 856
259 041 259 041
109 883 109 883
118 563 118 563
48 875 48 875
9 145 9 145
План
Факт
АО «Тываэнерго»
АО «Чеченэнерго»
Россети Волга
Россети Кубань
Россети Ленэнерго (ГК)
Россети Московский регион
Россети Северный Кавказ (ГК)
Россети Северо-Запад
Россети Сибирь (ГК)
Россети Томск
Россети Тюмень
Россети Урал (ГК)
Россети ФСК ЕЭС
Россети Центр
Россети Центр и Приволжье (ГК)
Россети Юг (ГК)
Россети Янтарь
0 млн. руб.
25 000 млн. руб.
50 000 млн. руб.
75 000 млн. руб.
100 000 млн. руб.
125 000 млн. руб.
150 000 млн. руб.
175 000 млн. руб.
200 000 млн. руб.
225 000 млн. руб.
250 000 млн. руб.
275 000 млн. руб.
300 000 млн. руб.' are equal

13-01-2025T09:15:54 - [TEST_STEP][PASSED] - verifyEqual(findTestData("PlanFact").getValue(3, b), a2): Actual object '0,16%0,16%
0,32%0,32%
5,52%5,52%
5,56%5,56%
7,41%7,41%
15,08%15,08%
2,26%2,26%
3,77%3,77%
5,03%5,03%
0,68%0,68%
5,36%5,36%
7,43%7,43%
19,67%19,67%
8,34%8,34%
9%9%
3,71%3,71%
0,69%0,69%
' and expected object '0,16%0,16%
0,32%0,32%
5,52%5,52%
5,56%5,56%
7,41%7,41%
15,08%15,08%
2,26%2,26%
3,77%3,77%
5,03%5,03%
0,68%0,68%
5,36%5,36%
7,43%7,43%
19,67%19,67%
8,34%8,34%
9%9%
3,71%3,71%
0,69%0,69%
' are equal

13-01-2025T09:15:54 - [MESSAGE][PASSED] - Actual object '0,16%0,16%
0,32%0,32%
5,52%5,52%
5,56%5,56%
7,41%7,41%
15,08%15,08%
2,26%2,26%
3,77%3,77%
5,03%5,03%
0,68%0,68%
5,36%5,36%
7,43%7,43%
19,67%19,67%
8,34%8,34%
9%9%
3,71%3,71%
0,69%0,69%
' and expected object '0,16%0,16%
0,32%0,32%
5,52%5,52%
5,56%5,56%
7,41%7,41%
15,08%15,08%
2,26%2,26%
3,77%3,77%
5,03%5,03%
0,68%0,68%
5,36%5,36%
7,43%7,43%
19,67%19,67%
8,34%8,34%
9%9%
3,71%3,71%
0,69%0,69%
' are equal

13-01-2025T09:15:54 - [TEST_STEP][PASSED] - Script1686231490255.WriteToExcel(user, dashboardName, n, data, run, a1, a2, a3, a4, a5, a6, a7, a8, a9): null

13-01-2025T09:15:54 - [TEST_STEP][PASSED] - sheetName = "Sheet1": null

13-01-2025T09:15:54 - [TEST_STEP][PASSED] - workbook01 = getWorkbook(excelFilePath): null

13-01-2025T09:15:54 - [TEST_STEP][PASSED] - sheet01 = getExcelSheet(workbook01, sheetName): null

13-01-2025T09:15:54 - [TEST_STEP][PASSED] - setValueToCellByIndex(sheet01, n, 0, dashboardName): null

13-01-2025T09:15:54 - [TEST_STEP][PASSED] - setValueToCellByIndex(sheet01, n, 10, user): null

13-01-2025T09:15:54 - [TEST_STEP][PASSED] - setValueToCellByIndex(sheet01, n, 1, a1): null

13-01-2025T09:15:54 - [TEST_STEP][PASSED] - setValueToCellByIndex(sheet01, n, 2, a2): null

13-01-2025T09:15:54 - [TEST_STEP][PASSED] - setValueToCellByIndex(sheet01, n, 3, a3): null

13-01-2025T09:15:54 - [TEST_STEP][PASSED] - setValueToCellByIndex(sheet01, n, 4, a4): null

13-01-2025T09:15:54 - [TEST_STEP][PASSED] - setValueToCellByIndex(sheet01, n, 5, a5): null

13-01-2025T09:15:54 - [TEST_STEP][PASSED] - setValueToCellByIndex(sheet01, n, 6, a6): null

13-01-2025T09:15:54 - [TEST_STEP][PASSED] - setValueToCellByIndex(sheet01, n, 7, a7): null

13-01-2025T09:15:54 - [TEST_STEP][PASSED] - setValueToCellByIndex(sheet01, n, 8, a8): null

13-01-2025T09:15:54 - [TEST_STEP][PASSED] - setValueToCellByIndex(sheet01, n, 9, a9): null

13-01-2025T09:15:54 - [TEST_STEP][PASSED] - n = n + 1: null

13-01-2025T09:15:54 - [TEST_STEP][PASSED] - saveWorkbook(excelFilePath, workbook01): null

13-01-2025T09:15:54 - [TEST_STEP][PASSED] - closeBrowser(): Browser is closed

13-01-2025T09:15:54 - [MESSAGE][PASSED] - Browser is closed

13-01-2025T09:15:54 - [TEST_STEP][PASSED] - delay(70): Delayed 70 second(s)

13-01-2025T09:17:04 - [MESSAGE][PASSED] - Delayed 70 second(s)

13-01-2025T09:17:04 - [TEST_STEP][PASSED] - for ([run = 1, run < 4, (run++)]): null

13-01-2025T09:17:04 - [TEST_STEP][PASSED] - PrognozPoDZO(user, dashboardName, n, data, run, a1, a2, a3, a4, a5, a6, a7, a8, a9, urlData): null

13-01-2025T09:17:04 - [TEST_STEP][PASSED] - n = data.getRowNumbers() + 1: null

13-01-2025T09:17:04 - [TEST_STEP][PASSED] - println(n): null

13-01-2025T09:17:04 - [TEST_STEP][PASSED] - dashboardName = "Прогноз по ДЗО": null

13-01-2025T09:17:04 - [TEST_STEP][PASSED] - openBrowser(""): Browser is opened with url: ''

13-01-2025T09:17:04 - [MESSAGE][INFO] - Starting 'Chrome' driver

13-01-2025T09:17:04 - [MESSAGE][INFO] - Action delay is set to 0 milliseconds

13-01-2025T09:17:05 - [MESSAGE][PASSED] - Browser is opened with url: ''

13-01-2025T09:17:05 - [TEST_STEP][PASSED] - urlData = 19: null

13-01-2025T09:17:05 - [TEST_STEP][PASSED] - Script1686231490255.CheckPageDownload(urlData, run): null

13-01-2025T09:17:05 - [TEST_STEP][PASSED] - i = 1: null

13-01-2025T09:17:05 - [TEST_STEP][PASSED] - ii = 0: null

13-01-2025T09:17:05 - [TEST_STEP][PASSED] - urlText = <not implemented yet for class: org.codehaus.groovy.ast.expr.EmptyExpression>: null

13-01-2025T09:17:05 - [TEST_STEP][PASSED] - searchWord = <not implemented yet for class: org.codehaus.groovy.ast.expr.EmptyExpression>: null

13-01-2025T09:17:05 - [TEST_STEP][PASSED] - deleteAllCookies(): Delete all cookies successfully

13-01-2025T09:17:05 - [MESSAGE][PASSED] - Delete all cookies successfully

13-01-2025T09:17:05 - [TEST_STEP][PASSED] - refresh(): Refresh successfully

13-01-2025T09:17:06 - [MESSAGE][PASSED] - Refresh successfully

13-01-2025T09:17:06 - [TEST_STEP][PASSED] - delay(70): Delayed 70 second(s)

13-01-2025T09:18:16 - [MESSAGE][PASSED] - Delayed 70 second(s)

13-01-2025T09:18:16 - [TEST_STEP][PASSED] - navigateToUrl(findTestData("PlanFact").getValue(10, urlData)): Navigate to 'https://bi.rosseti.digital/viewer?dashboardGuid=d6acb5b1a7114a9791b34de39263106e&sheetGuid=752a4d1009e74632abe0071aea7fa3c6&fit=true' successfully

13-01-2025T09:18:26 - [MESSAGE][PASSED] - Navigate to 'https://bi.rosseti.digital/viewer?dashboardGuid=d6acb5b1a7114a9791b34de39263106e&sheetGuid=752a4d1009e74632abe0071aea7fa3c6&fit=true' successfully

13-01-2025T09:18:26 - [TEST_STEP][PASSED] - pageLoaded1 = verifyElementPresent(findTestObject("Страница авторизации/Text"), 30): Object 'Object Repository/Страница авторизации/Text' is present

13-01-2025T09:18:26 - [MESSAGE][PASSED] - Object 'Object Repository/Страница авторизации/Text' is present

13-01-2025T09:18:26 - [TEST_STEP][PASSED] - if (pageLoaded1 == false): null

13-01-2025T09:18:26 - [TEST_STEP][PASSED] - urlText = getText(findTestObject("Страница авторизации/Text")): Text of object 'Object Repository/Страница авторизации/Text' is: 'Вход'

13-01-2025T09:18:26 - [MESSAGE][PASSED] - Text of object 'Object Repository/Страница авторизации/Text' is: 'Вход'

13-01-2025T09:18:26 - [TEST_STEP][PASSED] - delay(70): Delayed 70 second(s)

13-01-2025T09:19:36 - [MESSAGE][PASSED] - Delayed 70 second(s)

13-01-2025T09:19:36 - [TEST_STEP][PASSED] - searchWord = "Вход": null

13-01-2025T09:19:36 - [TEST_STEP][PASSED] - if (urlText.contains(searchWord) == false): null

13-01-2025T09:19:36 - [TEST_STEP][PASSED] - setText(findTestObject("Страница авторизации/input__username"), findTestData("PlanFact").getValue(8, run)): Text 'liazgina-di' is set on object 'Object Repository/Страница авторизации/input__username'

13-01-2025T09:19:37 - [MESSAGE][PASSED] - Text 'liazgina-di' is set on object 'Object Repository/Страница авторизации/input__username'

13-01-2025T09:19:37 - [TEST_STEP][PASSED] - setText(findTestObject("Страница авторизации/input__password"), findTestData("PlanFact").getValue(9, run)): Text ')$%5srZ8o688Dm#q' is set on object 'Object Repository/Страница авторизации/input__password'

13-01-2025T09:19:38 - [MESSAGE][PASSED] - Text ')$%5srZ8o688Dm#q' is set on object 'Object Repository/Страница авторизации/input__password'

13-01-2025T09:19:38 - [TEST_STEP][PASSED] - click(findTestObject("Страница авторизации/button_")): Object: 'Object Repository/Страница авторизации/button_' is clicked on

13-01-2025T09:19:40 - [MESSAGE][PASSED] - Object: 'Object Repository/Страница авторизации/button_' is clicked on

13-01-2025T09:19:40 - [TEST_STEP][PASSED] - delay(70): Delayed 70 second(s)

13-01-2025T09:20:50 - [MESSAGE][PASSED] - Delayed 70 second(s)

13-01-2025T09:20:50 - [TEST_STEP][PASSED] - searchWord = "а": null

13-01-2025T09:20:50 - [TEST_STEP][PASSED] - pageLoaded2 = verifyElementPresent(findTestObject("Страница авторизации/Text"), 50): Object 'Object Repository/Страница авторизации/Text' is present

13-01-2025T09:20:50 - [MESSAGE][PASSED] - Object 'Object Repository/Страница авторизации/Text' is present

13-01-2025T09:20:50 - [TEST_STEP][PASSED] - if (pageLoaded2 == false): null

13-01-2025T09:20:50 - [TEST_STEP][PASSED] - urlText = getText(findTestObject("Страница авторизации/Text")): Text of object 'Object Repository/Страница авторизации/Text' is: 'Сравнение с 
План
абс.
%
Отклонения по ПАО Россети на 2024 год
⬤ Отклонение, %
Выручка отклонения по ПАО Россети на 2024 год
⬤ Отклонение, %
Год 
2024 год
Динамика электропотребления, млрд. кВт.ч.
У виджета нет данных
Выручка, млрд. руб.
У виджета нет данных
Прогноз на месяц 
Ноябрь
КПО/Отпуск из сети 
Отпуск из сети, млн. кВт.ч
Организация 
Все

Прогноз электропотребления и выручки за услуги по передаче в разрезе ДЗО'

13-01-2025T09:20:50 - [MESSAGE][PASSED] - Text of object 'Object Repository/Страница авторизации/Text' is: 'Сравнение с 
План
абс.
%
Отклонения по ПАО Россети на 2024 год
⬤ Отклонение, %
Выручка отклонения по ПАО Россети на 2024 год
⬤ Отклонение, %
Год 
2024 год
Динамика электропотребления, млрд. кВт.ч.
У виджета нет данных
Выручка, млрд. руб.
У виджета нет данных
Прогноз на месяц 
Ноябрь
КПО/Отпуск из сети 
Отпуск из сети, млн. кВт.ч
Организация 
Все

Прогноз электропотребления и выручки за услуги по передаче в разрезе ДЗО'

13-01-2025T09:20:50 - [TEST_STEP][PASSED] - if (urlText.contains("ошибка") || urlText.contains(searchWord) == false): null

13-01-2025T09:20:50 - [TEST_STEP][PASSED] - a3 = "": null

13-01-2025T09:20:50 - [TEST_STEP][PASSED] - a4 = "": null

13-01-2025T09:20:50 - [TEST_STEP][PASSED] - a5 = "": null

13-01-2025T09:20:50 - [TEST_STEP][PASSED] - a6 = "": null

13-01-2025T09:20:50 - [TEST_STEP][PASSED] - a7 = "": null

13-01-2025T09:20:50 - [TEST_STEP][PASSED] - a8 = "": null

13-01-2025T09:20:50 - [TEST_STEP][PASSED] - a9 = "": null

13-01-2025T09:20:50 - [TEST_STEP][PASSED] - if (run == 1): null

13-01-2025T09:20:50 - [TEST_STEP][PASSED] - user = "админ": null

13-01-2025T09:20:50 - [TEST_STEP][PASSED] - a1 = getText(findTestObject("Прогноз по ДЗО/График1")): Text of object 'Object Repository/Прогноз по ДЗО/График1' is: 'Динамика электропотребления, млрд. кВт.ч.
У виджета нет данных'

13-01-2025T09:20:51 - [MESSAGE][PASSED] - Text of object 'Object Repository/Прогноз по ДЗО/График1' is: 'Динамика электропотребления, млрд. кВт.ч.
У виджета нет данных'

13-01-2025T09:20:51 - [TEST_STEP][PASSED] - i = a1.indexOf("по ПАО Россети на 2023 год"): null

13-01-2025T09:20:51 - [TEST_STEP][PASSED] - if (i > -1): null

13-01-2025T09:20:51 - [TEST_STEP][PASSED] - i = a1.indexOf("Динамика электропотребления, млн. кВт.ч."): null

13-01-2025T09:20:51 - [TEST_STEP][PASSED] - if (i > -1): null

13-01-2025T09:20:51 - [TEST_STEP][PASSED] - a1 = a1.trim(): null

13-01-2025T09:20:51 - [TEST_STEP][PASSED] - a2 = getText(findTestObject("Прогноз по ДЗО/График2")): Text of object 'Object Repository/Прогноз по ДЗО/График2' is: 'Выручка, млрд. руб.
У виджета нет данных'

13-01-2025T09:20:51 - [MESSAGE][PASSED] - Text of object 'Object Repository/Прогноз по ДЗО/График2' is: 'Выручка, млрд. руб.
У виджета нет данных'

13-01-2025T09:20:51 - [TEST_STEP][PASSED] - a3 = getText(findTestObject("Прогноз по ДЗО/График3")): Text of object 'Object Repository/Прогноз по ДЗО/График3' is: 'Отклонения по ПАО Россети на 2024 год
⬤ Отклонение, %'

13-01-2025T09:20:51 - [MESSAGE][PASSED] - Text of object 'Object Repository/Прогноз по ДЗО/График3' is: 'Отклонения по ПАО Россети на 2024 год
⬤ Отклонение, %'

13-01-2025T09:20:51 - [TEST_STEP][PASSED] - a4 = getText(findTestObject("Прогноз по ДЗО/График4")): Text of object 'Object Repository/Прогноз по ДЗО/График4' is: 'Выручка отклонения по ПАО Россети на 2024 год
⬤ Отклонение, %'

13-01-2025T09:20:51 - [MESSAGE][PASSED] - Text of object 'Object Repository/Прогноз по ДЗО/График4' is: 'Выручка отклонения по ПАО Россети на 2024 год
⬤ Отклонение, %'

13-01-2025T09:20:51 - [TEST_STEP][PASSED] - click(findTestObject("Прогноз по ДЗО/Переключить отображение с процентов на абс Блок руководителя")): Object: 'Object Repository/Прогноз по ДЗО/Переключить отображение с процентов на абс Блок руководителя' is clicked on

13-01-2025T09:20:52 - [MESSAGE][PASSED] - Object: 'Object Repository/Прогноз по ДЗО/Переключить отображение с процентов на абс Блок руководителя' is clicked on

13-01-2025T09:20:52 - [TEST_STEP][PASSED] - a5 = getText(findTestObject("Прогноз по ДЗО/График5")): Text of object 'Object Repository/Прогноз по ДЗО/График5' is: 'Отклонения по ПАО Россети на 2024 год
⬤ Отклонение, млн. кВт.ч'

13-01-2025T09:20:52 - [MESSAGE][PASSED] - Text of object 'Object Repository/Прогноз по ДЗО/График5' is: 'Отклонения по ПАО Россети на 2024 год
⬤ Отклонение, млн. кВт.ч'

13-01-2025T09:20:52 - [TEST_STEP][PASSED] - a6 = getText(findTestObject("Прогноз по ДЗО/График6")): Text of object 'Object Repository/Прогноз по ДЗО/График6' is: 'Выручка отклонения по ПАО Россети на 2024 год
⬤ Отклонение, млн. руб'

13-01-2025T09:20:52 - [MESSAGE][PASSED] - Text of object 'Object Repository/Прогноз по ДЗО/График6' is: 'Выручка отклонения по ПАО Россети на 2024 год
⬤ Отклонение, млн. руб'

13-01-2025T09:20:52 - [TEST_STEP][PASSED] - click(findTestObject("Прогноз по ДЗО/Переключить отображение с абс на проценты")): Object: 'Object Repository/Прогноз по ДЗО/Переключить отображение с абс на проценты' is clicked on

13-01-2025T09:20:53 - [MESSAGE][PASSED] - Object: 'Object Repository/Прогноз по ДЗО/Переключить отображение с абс на проценты' is clicked on

13-01-2025T09:20:53 - [TEST_STEP][PASSED] - n = n + 30: null

13-01-2025T09:20:53 - [TEST_STEP][PASSED] - Script1686231490255.WriteToExcel(user, dashboardName, n, data, run, a1, a2, a3, a4, a5, a6, a7, a8, a9): null

13-01-2025T09:20:53 - [TEST_STEP][PASSED] - sheetName = "Sheet1": null

13-01-2025T09:20:53 - [TEST_STEP][PASSED] - workbook01 = getWorkbook(excelFilePath): null

13-01-2025T09:20:53 - [TEST_STEP][PASSED] - sheet01 = getExcelSheet(workbook01, sheetName): null

13-01-2025T09:20:53 - [TEST_STEP][PASSED] - setValueToCellByIndex(sheet01, n, 0, dashboardName): null

13-01-2025T09:20:53 - [TEST_STEP][PASSED] - setValueToCellByIndex(sheet01, n, 10, user): null

13-01-2025T09:20:53 - [TEST_STEP][PASSED] - setValueToCellByIndex(sheet01, n, 1, a1): null

13-01-2025T09:20:53 - [TEST_STEP][PASSED] - setValueToCellByIndex(sheet01, n, 2, a2): null

13-01-2025T09:20:53 - [TEST_STEP][PASSED] - setValueToCellByIndex(sheet01, n, 3, a3): null

13-01-2025T09:20:53 - [TEST_STEP][PASSED] - setValueToCellByIndex(sheet01, n, 4, a4): null

13-01-2025T09:20:53 - [TEST_STEP][PASSED] - setValueToCellByIndex(sheet01, n, 5, a5): null

13-01-2025T09:20:53 - [TEST_STEP][PASSED] - setValueToCellByIndex(sheet01, n, 6, a6): null

13-01-2025T09:20:53 - [TEST_STEP][PASSED] - setValueToCellByIndex(sheet01, n, 7, a7): null

13-01-2025T09:20:53 - [TEST_STEP][PASSED] - setValueToCellByIndex(sheet01, n, 8, a8): null

13-01-2025T09:20:53 - [TEST_STEP][PASSED] - setValueToCellByIndex(sheet01, n, 9, a9): null

13-01-2025T09:20:53 - [TEST_STEP][PASSED] - n = n + 1: null

13-01-2025T09:20:53 - [TEST_STEP][PASSED] - saveWorkbook(excelFilePath, workbook01): null

13-01-2025T09:20:53 - [TEST_STEP][PASSED] - if (run == 2): null

13-01-2025T09:20:53 - [TEST_STEP][PASSED] - if (run == 3): null

13-01-2025T09:20:53 - [TEST_STEP][PASSED] - closeBrowser(): null

13-01-2025T09:20:53 - [MESSAGE][PASSED] - Browser is closed

13-01-2025T09:20:53 - [TEST_STEP][PASSED] - PrognozPoDZO(user, dashboardName, n, data, run, a1, a2, a3, a4, a5, a6, a7, a8, a9, urlData): null

13-01-2025T09:20:53 - [TEST_STEP][PASSED] - n = data.getRowNumbers() + 1: null

13-01-2025T09:20:53 - [TEST_STEP][PASSED] - println(n): null

13-01-2025T09:20:53 - [TEST_STEP][PASSED] - dashboardName = "Прогноз по ДЗО": null

13-01-2025T09:20:53 - [TEST_STEP][PASSED] - openBrowser(""): Browser is opened with url: ''

13-01-2025T09:20:53 - [MESSAGE][INFO] - Starting 'Chrome' driver

13-01-2025T09:20:53 - [MESSAGE][INFO] - Action delay is set to 0 milliseconds

13-01-2025T09:20:54 - [MESSAGE][PASSED] - Browser is opened with url: ''

13-01-2025T09:20:54 - [TEST_STEP][PASSED] - urlData = 19: null

13-01-2025T09:20:54 - [TEST_STEP][PASSED] - Script1686231490255.CheckPageDownload(urlData, run): null

13-01-2025T09:20:54 - [TEST_STEP][PASSED] - i = 1: null

13-01-2025T09:20:54 - [TEST_STEP][PASSED] - ii = 0: null

13-01-2025T09:20:54 - [TEST_STEP][PASSED] - urlText = <not implemented yet for class: org.codehaus.groovy.ast.expr.EmptyExpression>: null

13-01-2025T09:20:54 - [TEST_STEP][PASSED] - searchWord = <not implemented yet for class: org.codehaus.groovy.ast.expr.EmptyExpression>: null

13-01-2025T09:20:54 - [TEST_STEP][PASSED] - deleteAllCookies(): Delete all cookies successfully

13-01-2025T09:20:54 - [MESSAGE][PASSED] - Delete all cookies successfully

13-01-2025T09:20:54 - [TEST_STEP][PASSED] - refresh(): Refresh successfully

13-01-2025T09:20:54 - [MESSAGE][PASSED] - Refresh successfully

13-01-2025T09:20:54 - [TEST_STEP][PASSED] - delay(70): Delayed 70 second(s)

13-01-2025T09:22:04 - [MESSAGE][PASSED] - Delayed 70 second(s)

13-01-2025T09:22:04 - [TEST_STEP][PASSED] - navigateToUrl(findTestData("PlanFact").getValue(10, urlData)): Navigate to 'https://bi.rosseti.digital/viewer?dashboardGuid=d6acb5b1a7114a9791b34de39263106e&sheetGuid=752a4d1009e74632abe0071aea7fa3c6&fit=true' successfully

13-01-2025T09:22:11 - [MESSAGE][PASSED] - Navigate to 'https://bi.rosseti.digital/viewer?dashboardGuid=d6acb5b1a7114a9791b34de39263106e&sheetGuid=752a4d1009e74632abe0071aea7fa3c6&fit=true' successfully

13-01-2025T09:22:11 - [TEST_STEP][PASSED] - pageLoaded1 = verifyElementPresent(findTestObject("Страница авторизации/Text"), 30): Object 'Object Repository/Страница авторизации/Text' is present

13-01-2025T09:22:13 - [MESSAGE][PASSED] - Object 'Object Repository/Страница авторизации/Text' is present

13-01-2025T09:22:13 - [TEST_STEP][PASSED] - if (pageLoaded1 == false): null

13-01-2025T09:22:13 - [TEST_STEP][PASSED] - urlText = getText(findTestObject("Страница авторизации/Text")): Text of object 'Object Repository/Страница авторизации/Text' is: 'Вход'

13-01-2025T09:22:13 - [MESSAGE][PASSED] - Text of object 'Object Repository/Страница авторизации/Text' is: 'Вход'

13-01-2025T09:22:13 - [TEST_STEP][PASSED] - delay(70): Delayed 70 second(s)

13-01-2025T09:23:23 - [MESSAGE][PASSED] - Delayed 70 second(s)

13-01-2025T09:23:23 - [TEST_STEP][PASSED] - searchWord = "Вход": null

13-01-2025T09:23:23 - [TEST_STEP][PASSED] - if (urlText.contains(searchWord) == false): null

13-01-2025T09:23:23 - [TEST_STEP][PASSED] - setText(findTestObject("Страница авторизации/input__username"), findTestData("PlanFact").getValue(8, run)): Text 'Andreeva-EV' is set on object 'Object Repository/Страница авторизации/input__username'

13-01-2025T09:23:24 - [MESSAGE][PASSED] - Text 'Andreeva-EV' is set on object 'Object Repository/Страница авторизации/input__username'

13-01-2025T09:23:24 - [TEST_STEP][PASSED] - setText(findTestObject("Страница авторизации/input__password"), findTestData("PlanFact").getValue(9, run)): Text '2nPePKDwCPH3ul7xMZ' is set on object 'Object Repository/Страница авторизации/input__password'

13-01-2025T09:23:24 - [MESSAGE][PASSED] - Text '2nPePKDwCPH3ul7xMZ' is set on object 'Object Repository/Страница авторизации/input__password'

13-01-2025T09:23:24 - [TEST_STEP][PASSED] - click(findTestObject("Страница авторизации/button_")): Object: 'Object Repository/Страница авторизации/button_' is clicked on

13-01-2025T09:23:27 - [MESSAGE][PASSED] - Object: 'Object Repository/Страница авторизации/button_' is clicked on

13-01-2025T09:23:27 - [TEST_STEP][PASSED] - delay(70): Delayed 70 second(s)

13-01-2025T09:24:37 - [MESSAGE][PASSED] - Delayed 70 second(s)

13-01-2025T09:24:37 - [TEST_STEP][PASSED] - searchWord = "а": null

13-01-2025T09:24:37 - [TEST_STEP][PASSED] - pageLoaded2 = verifyElementPresent(findTestObject("Страница авторизации/Text"), 50): Object 'Object Repository/Страница авторизации/Text' is present

13-01-2025T09:24:37 - [MESSAGE][PASSED] - Object 'Object Repository/Страница авторизации/Text' is present

13-01-2025T09:24:37 - [TEST_STEP][PASSED] - if (pageLoaded2 == false): null

13-01-2025T09:24:37 - [TEST_STEP][PASSED] - urlText = getText(findTestObject("Страница авторизации/Text")): Text of object 'Object Repository/Страница авторизации/Text' is: 'Сравнение с 
План
абс.
%
Отклонения по ПАО Россети на 2024 год
⬤ Отклонение, %
Выручка отклонения по ПАО Россети на 2024 год
⬤ Отклонение, %
Год 
2024 год
Динамика электропотребления, млрд. кВт.ч.
У виджета нет данных
Выручка, млрд. руб.
У виджета нет данных
Прогноз на месяц 
Ноябрь
КПО/Отпуск из сети 
Отпуск из сети, млн. кВт.ч
Организация 
Все

Прогноз электропотребления и выручки за услуги по передаче в разрезе ДЗО'

13-01-2025T09:24:38 - [MESSAGE][PASSED] - Text of object 'Object Repository/Страница авторизации/Text' is: 'Сравнение с 
План
абс.
%
Отклонения по ПАО Россети на 2024 год
⬤ Отклонение, %
Выручка отклонения по ПАО Россети на 2024 год
⬤ Отклонение, %
Год 
2024 год
Динамика электропотребления, млрд. кВт.ч.
У виджета нет данных
Выручка, млрд. руб.
У виджета нет данных
Прогноз на месяц 
Ноябрь
КПО/Отпуск из сети 
Отпуск из сети, млн. кВт.ч
Организация 
Все

Прогноз электропотребления и выручки за услуги по передаче в разрезе ДЗО'

13-01-2025T09:24:38 - [TEST_STEP][PASSED] - if (urlText.contains("ошибка") || urlText.contains(searchWord) == false): null

13-01-2025T09:24:38 - [TEST_STEP][PASSED] - a3 = "": null

13-01-2025T09:24:38 - [TEST_STEP][PASSED] - a4 = "": null

13-01-2025T09:24:38 - [TEST_STEP][PASSED] - a5 = "": null

13-01-2025T09:24:38 - [TEST_STEP][PASSED] - a6 = "": null

13-01-2025T09:24:38 - [TEST_STEP][PASSED] - a7 = "": null

13-01-2025T09:24:38 - [TEST_STEP][PASSED] - a8 = "": null

13-01-2025T09:24:38 - [TEST_STEP][PASSED] - a9 = "": null

13-01-2025T09:24:38 - [TEST_STEP][PASSED] - if (run == 1): null

13-01-2025T09:24:38 - [TEST_STEP][PASSED] - if (run == 2): null

13-01-2025T09:24:38 - [TEST_STEP][PASSED] - user = "Андреева": null

13-01-2025T09:24:38 - [TEST_STEP][PASSED] - a1 = getText(findTestObject("Прогноз по ДЗО/График1")): Text of object 'Object Repository/Прогноз по ДЗО/График1' is: 'Динамика электропотребления, млрд. кВт.ч.
У виджета нет данных'

13-01-2025T09:24:38 - [MESSAGE][PASSED] - Text of object 'Object Repository/Прогноз по ДЗО/График1' is: 'Динамика электропотребления, млрд. кВт.ч.
У виджета нет данных'

13-01-2025T09:24:38 - [TEST_STEP][PASSED] - i = a1.indexOf("по ПАО Россети на 2023 год"): null

13-01-2025T09:24:38 - [TEST_STEP][PASSED] - if (i > -1): null

13-01-2025T09:24:38 - [TEST_STEP][PASSED] - i = a1.indexOf("Динамика электропотребления, млн. кВт.ч."): null

13-01-2025T09:24:38 - [TEST_STEP][PASSED] - if (i > -1): null

13-01-2025T09:24:38 - [TEST_STEP][PASSED] - a1 = a1.trim(): null

13-01-2025T09:24:38 - [TEST_STEP][PASSED] - a2 = getText(findTestObject("Прогноз по ДЗО/График2")): Text of object 'Object Repository/Прогноз по ДЗО/График2' is: 'Выручка, млрд. руб.
У виджета нет данных'

13-01-2025T09:24:38 - [MESSAGE][PASSED] - Text of object 'Object Repository/Прогноз по ДЗО/График2' is: 'Выручка, млрд. руб.
У виджета нет данных'

13-01-2025T09:24:38 - [TEST_STEP][PASSED] - a3 = getText(findTestObject("Прогноз по ДЗО/График3")): Text of object 'Object Repository/Прогноз по ДЗО/График3' is: 'Отклонения по ПАО Россети на 2024 год
⬤ Отклонение, %'

13-01-2025T09:24:39 - [MESSAGE][PASSED] - Text of object 'Object Repository/Прогноз по ДЗО/График3' is: 'Отклонения по ПАО Россети на 2024 год
⬤ Отклонение, %'

13-01-2025T09:24:39 - [TEST_STEP][PASSED] - a4 = getText(findTestObject("Прогноз по ДЗО/График4")): Text of object 'Object Repository/Прогноз по ДЗО/График4' is: 'Выручка отклонения по ПАО Россети на 2024 год
⬤ Отклонение, %'

13-01-2025T09:24:39 - [MESSAGE][PASSED] - Text of object 'Object Repository/Прогноз по ДЗО/График4' is: 'Выручка отклонения по ПАО Россети на 2024 год
⬤ Отклонение, %'

13-01-2025T09:24:39 - [TEST_STEP][PASSED] - click(findTestObject("Прогноз по ДЗО/Переключить отображение с процентов на абс Блок руководителя")): Object: 'Object Repository/Прогноз по ДЗО/Переключить отображение с процентов на абс Блок руководителя' is clicked on

13-01-2025T09:24:39 - [MESSAGE][PASSED] - Object: 'Object Repository/Прогноз по ДЗО/Переключить отображение с процентов на абс Блок руководителя' is clicked on

13-01-2025T09:24:39 - [TEST_STEP][PASSED] - a5 = getText(findTestObject("Прогноз по ДЗО/График5")): Text of object 'Object Repository/Прогноз по ДЗО/График5' is: 'Отклонения по ПАО Россети на 2024 год
⬤ Отклонение, млн. кВт.ч'

13-01-2025T09:24:40 - [MESSAGE][PASSED] - Text of object 'Object Repository/Прогноз по ДЗО/График5' is: 'Отклонения по ПАО Россети на 2024 год
⬤ Отклонение, млн. кВт.ч'

13-01-2025T09:24:40 - [TEST_STEP][PASSED] - a6 = getText(findTestObject("Прогноз по ДЗО/График6")): Text of object 'Object Repository/Прогноз по ДЗО/График6' is: 'Выручка отклонения по ПАО Россети на 2024 год
⬤ Отклонение, млн. руб'

13-01-2025T09:24:40 - [MESSAGE][PASSED] - Text of object 'Object Repository/Прогноз по ДЗО/График6' is: 'Выручка отклонения по ПАО Россети на 2024 год
⬤ Отклонение, млн. руб'

13-01-2025T09:24:40 - [TEST_STEP][PASSED] - click(findTestObject("Прогноз по ДЗО/Переключить отображение с абс на проценты")): Object: 'Object Repository/Прогноз по ДЗО/Переключить отображение с абс на проценты' is clicked on

13-01-2025T09:24:40 - [MESSAGE][PASSED] - Object: 'Object Repository/Прогноз по ДЗО/Переключить отображение с абс на проценты' is clicked on

13-01-2025T09:24:40 - [TEST_STEP][PASSED] - n = n + 31: null

13-01-2025T09:24:40 - [TEST_STEP][PASSED] - b = n - run + 1: null

13-01-2025T09:24:40 - [TEST_STEP][PASSED] - verifyEqual(findTestData("PlanFact").getValue(2, b), a1): Actual object 'Динамика электропотребления, млрд. кВт.ч.
У виджета нет данных' and expected object 'Динамика электропотребления, млрд. кВт.ч.
У виджета нет данных' are equal

13-01-2025T09:24:40 - [MESSAGE][PASSED] - Actual object 'Динамика электропотребления, млрд. кВт.ч.
У виджета нет данных' and expected object 'Динамика электропотребления, млрд. кВт.ч.
У виджета нет данных' are equal

13-01-2025T09:24:40 - [TEST_STEP][PASSED] - verifyEqual(findTestData("PlanFact").getValue(3, b), a2): Actual object 'Выручка, млрд. руб.
У виджета нет данных' and expected object 'Выручка, млрд. руб.
У виджета нет данных' are equal

13-01-2025T09:24:40 - [MESSAGE][PASSED] - Actual object 'Выручка, млрд. руб.
У виджета нет данных' and expected object 'Выручка, млрд. руб.
У виджета нет данных' are equal

13-01-2025T09:24:40 - [TEST_STEP][PASSED] - verifyEqual(findTestData("PlanFact").getValue(4, b), a3): Actual object 'Отклонения по ПАО Россети на 2024 год
⬤ Отклонение, %' and expected object 'Отклонения по ПАО Россети на 2024 год
⬤ Отклонение, %' are equal

13-01-2025T09:24:40 - [MESSAGE][PASSED] - Actual object 'Отклонения по ПАО Россети на 2024 год
⬤ Отклонение, %' and expected object 'Отклонения по ПАО Россети на 2024 год
⬤ Отклонение, %' are equal

13-01-2025T09:24:40 - [TEST_STEP][PASSED] - verifyEqual(findTestData("PlanFact").getValue(5, b), a4): Actual object 'Выручка отклонения по ПАО Россети на 2024 год
⬤ Отклонение, %' and expected object 'Выручка отклонения по ПАО Россети на 2024 год
⬤ Отклонение, %' are equal

13-01-2025T09:24:41 - [MESSAGE][PASSED] - Actual object 'Выручка отклонения по ПАО Россети на 2024 год
⬤ Отклонение, %' and expected object 'Выручка отклонения по ПАО Россети на 2024 год
⬤ Отклонение, %' are equal

13-01-2025T09:24:41 - [TEST_STEP][PASSED] - verifyEqual(findTestData("PlanFact").getValue(6, b), a5): Actual object 'Отклонения по ПАО Россети на 2024 год
⬤ Отклонение, млн. кВт.ч' and expected object 'Отклонения по ПАО Россети на 2024 год
⬤ Отклонение, млн. кВт.ч' are equal

13-01-2025T09:24:41 - [MESSAGE][PASSED] - Actual object 'Отклонения по ПАО Россети на 2024 год
⬤ Отклонение, млн. кВт.ч' and expected object 'Отклонения по ПАО Россети на 2024 год
⬤ Отклонение, млн. кВт.ч' are equal

13-01-2025T09:24:41 - [TEST_STEP][PASSED] - verifyEqual(findTestData("PlanFact").getValue(7, b), a6): Actual object 'Выручка отклонения по ПАО Россети на 2024 год
⬤ Отклонение, млн. руб' and expected object 'Выручка отклонения по ПАО Россети на 2024 год
⬤ Отклонение, млн. руб' are equal

13-01-2025T09:24:41 - [MESSAGE][PASSED] - Actual object 'Выручка отклонения по ПАО Россети на 2024 год
⬤ Отклонение, млн. руб' and expected object 'Выручка отклонения по ПАО Россети на 2024 год
⬤ Отклонение, млн. руб' are equal

13-01-2025T09:24:41 - [TEST_STEP][PASSED] - Script1686231490255.WriteToExcel(user, dashboardName, n, data, run, a1, a2, a3, a4, a5, a6, a7, a8, a9): null

13-01-2025T09:24:41 - [TEST_STEP][PASSED] - sheetName = "Sheet1": null

13-01-2025T09:24:41 - [TEST_STEP][PASSED] - workbook01 = getWorkbook(excelFilePath): null

13-01-2025T09:24:41 - [TEST_STEP][PASSED] - sheet01 = getExcelSheet(workbook01, sheetName): null

13-01-2025T09:24:41 - [TEST_STEP][PASSED] - setValueToCellByIndex(sheet01, n, 0, dashboardName): null

13-01-2025T09:24:41 - [TEST_STEP][PASSED] - setValueToCellByIndex(sheet01, n, 10, user): null

13-01-2025T09:24:41 - [TEST_STEP][PASSED] - setValueToCellByIndex(sheet01, n, 1, a1): null

13-01-2025T09:24:41 - [TEST_STEP][PASSED] - setValueToCellByIndex(sheet01, n, 2, a2): null

13-01-2025T09:24:41 - [TEST_STEP][PASSED] - setValueToCellByIndex(sheet01, n, 3, a3): null

13-01-2025T09:24:41 - [TEST_STEP][PASSED] - setValueToCellByIndex(sheet01, n, 4, a4): null

13-01-2025T09:24:41 - [TEST_STEP][PASSED] - setValueToCellByIndex(sheet01, n, 5, a5): null

13-01-2025T09:24:41 - [TEST_STEP][PASSED] - setValueToCellByIndex(sheet01, n, 6, a6): null

13-01-2025T09:24:41 - [TEST_STEP][PASSED] - setValueToCellByIndex(sheet01, n, 7, a7): null

13-01-2025T09:24:41 - [TEST_STEP][PASSED] - setValueToCellByIndex(sheet01, n, 8, a8): null

13-01-2025T09:24:41 - [TEST_STEP][PASSED] - setValueToCellByIndex(sheet01, n, 9, a9): null

13-01-2025T09:24:41 - [TEST_STEP][PASSED] - n = n + 1: null

13-01-2025T09:24:41 - [TEST_STEP][PASSED] - saveWorkbook(excelFilePath, workbook01): null

13-01-2025T09:24:41 - [TEST_STEP][PASSED] - if (run == 3): null

13-01-2025T09:24:41 - [TEST_STEP][PASSED] - closeBrowser(): null

13-01-2025T09:24:41 - [MESSAGE][PASSED] - Browser is closed

13-01-2025T09:24:41 - [TEST_STEP][PASSED] - PrognozPoDZO(user, dashboardName, n, data, run, a1, a2, a3, a4, a5, a6, a7, a8, a9, urlData): null

13-01-2025T09:24:41 - [TEST_STEP][PASSED] - n = data.getRowNumbers() + 1: null

13-01-2025T09:24:41 - [TEST_STEP][PASSED] - println(n): null

13-01-2025T09:24:41 - [TEST_STEP][PASSED] - dashboardName = "Прогноз по ДЗО": null

13-01-2025T09:24:41 - [TEST_STEP][PASSED] - openBrowser(""): Browser is opened with url: ''

13-01-2025T09:24:41 - [MESSAGE][INFO] - Starting 'Chrome' driver

13-01-2025T09:24:41 - [MESSAGE][INFO] - Action delay is set to 0 milliseconds

13-01-2025T09:24:42 - [MESSAGE][PASSED] - Browser is opened with url: ''

13-01-2025T09:24:42 - [TEST_STEP][PASSED] - urlData = 19: null

13-01-2025T09:24:42 - [TEST_STEP][PASSED] - Script1686231490255.CheckPageDownload(urlData, run): null

13-01-2025T09:24:42 - [TEST_STEP][PASSED] - i = 1: null

13-01-2025T09:24:42 - [TEST_STEP][PASSED] - ii = 0: null

13-01-2025T09:24:42 - [TEST_STEP][PASSED] - urlText = <not implemented yet for class: org.codehaus.groovy.ast.expr.EmptyExpression>: null

13-01-2025T09:24:42 - [TEST_STEP][PASSED] - searchWord = <not implemented yet for class: org.codehaus.groovy.ast.expr.EmptyExpression>: null

13-01-2025T09:24:42 - [TEST_STEP][PASSED] - deleteAllCookies(): Delete all cookies successfully

13-01-2025T09:24:42 - [MESSAGE][PASSED] - Delete all cookies successfully

13-01-2025T09:24:42 - [TEST_STEP][PASSED] - refresh(): Refresh successfully

13-01-2025T09:24:42 - [MESSAGE][PASSED] - Refresh successfully

13-01-2025T09:24:42 - [TEST_STEP][PASSED] - delay(70): Delayed 70 second(s)

13-01-2025T09:25:52 - [MESSAGE][PASSED] - Delayed 70 second(s)

13-01-2025T09:25:52 - [TEST_STEP][PASSED] - navigateToUrl(findTestData("PlanFact").getValue(10, urlData)): Navigate to 'https://bi.rosseti.digital/viewer?dashboardGuid=d6acb5b1a7114a9791b34de39263106e&sheetGuid=752a4d1009e74632abe0071aea7fa3c6&fit=true' successfully

13-01-2025T09:26:00 - [MESSAGE][PASSED] - Navigate to 'https://bi.rosseti.digital/viewer?dashboardGuid=d6acb5b1a7114a9791b34de39263106e&sheetGuid=752a4d1009e74632abe0071aea7fa3c6&fit=true' successfully

13-01-2025T09:26:00 - [TEST_STEP][PASSED] - pageLoaded1 = verifyElementPresent(findTestObject("Страница авторизации/Text"), 30): Object 'Object Repository/Страница авторизации/Text' is present

13-01-2025T09:26:00 - [MESSAGE][PASSED] - Object 'Object Repository/Страница авторизации/Text' is present

13-01-2025T09:26:00 - [TEST_STEP][PASSED] - if (pageLoaded1 == false): null

13-01-2025T09:26:00 - [TEST_STEP][PASSED] - urlText = getText(findTestObject("Страница авторизации/Text")): Text of object 'Object Repository/Страница авторизации/Text' is: 'Вход'

13-01-2025T09:26:00 - [MESSAGE][PASSED] - Text of object 'Object Repository/Страница авторизации/Text' is: 'Вход'

13-01-2025T09:26:00 - [TEST_STEP][PASSED] - delay(70): Delayed 70 second(s)

13-01-2025T09:27:10 - [MESSAGE][PASSED] - Delayed 70 second(s)

13-01-2025T09:27:10 - [TEST_STEP][PASSED] - searchWord = "Вход": null

13-01-2025T09:27:10 - [TEST_STEP][PASSED] - if (urlText.contains(searchWord) == false): null

13-01-2025T09:27:10 - [TEST_STEP][PASSED] - setText(findTestObject("Страница авторизации/input__username"), findTestData("PlanFact").getValue(8, run)): Text 'Petrova-OV' is set on object 'Object Repository/Страница авторизации/input__username'

13-01-2025T09:27:11 - [MESSAGE][PASSED] - Text 'Petrova-OV' is set on object 'Object Repository/Страница авторизации/input__username'

13-01-2025T09:27:11 - [TEST_STEP][PASSED] - setText(findTestObject("Страница авторизации/input__password"), findTestData("PlanFact").getValue(9, run)): Text '4Ex@~R53r&3x&BVe7' is set on object 'Object Repository/Страница авторизации/input__password'

13-01-2025T09:27:12 - [MESSAGE][PASSED] - Text '4Ex@~R53r&3x&BVe7' is set on object 'Object Repository/Страница авторизации/input__password'

13-01-2025T09:27:12 - [TEST_STEP][PASSED] - click(findTestObject("Страница авторизации/button_")): Object: 'Object Repository/Страница авторизации/button_' is clicked on

13-01-2025T09:27:13 - [MESSAGE][PASSED] - Object: 'Object Repository/Страница авторизации/button_' is clicked on

13-01-2025T09:27:13 - [TEST_STEP][PASSED] - delay(70): Delayed 70 second(s)

13-01-2025T09:28:23 - [MESSAGE][PASSED] - Delayed 70 second(s)

13-01-2025T09:28:23 - [TEST_STEP][PASSED] - searchWord = "а": null

13-01-2025T09:28:23 - [TEST_STEP][PASSED] - pageLoaded2 = verifyElementPresent(findTestObject("Страница авторизации/Text"), 50): Object 'Object Repository/Страница авторизации/Text' is present

13-01-2025T09:28:24 - [MESSAGE][PASSED] - Object 'Object Repository/Страница авторизации/Text' is present

13-01-2025T09:28:24 - [TEST_STEP][PASSED] - if (pageLoaded2 == false): null

13-01-2025T09:28:24 - [TEST_STEP][PASSED] - urlText = getText(findTestObject("Страница авторизации/Text")): Text of object 'Object Repository/Страница авторизации/Text' is: 'Сравнение с 
План
абс.
%
Отклонения по ПАО Россети на 2024 год
⬤ Отклонение, %
Выручка отклонения по ПАО Россети на 2024 год
⬤ Отклонение, %
Год 
2024 год
Динамика электропотребления, млрд. кВт.ч.
У виджета нет данных
Выручка, млрд. руб.
У виджета нет данных
Прогноз на месяц 
Ноябрь
КПО/Отпуск из сети 
Отпуск из сети, млн. кВт.ч
Организация 
Все

Прогноз электропотребления и выручки за услуги по передаче в разрезе ДЗО'

13-01-2025T09:28:24 - [MESSAGE][PASSED] - Text of object 'Object Repository/Страница авторизации/Text' is: 'Сравнение с 
План
абс.
%
Отклонения по ПАО Россети на 2024 год
⬤ Отклонение, %
Выручка отклонения по ПАО Россети на 2024 год
⬤ Отклонение, %
Год 
2024 год
Динамика электропотребления, млрд. кВт.ч.
У виджета нет данных
Выручка, млрд. руб.
У виджета нет данных
Прогноз на месяц 
Ноябрь
КПО/Отпуск из сети 
Отпуск из сети, млн. кВт.ч
Организация 
Все

Прогноз электропотребления и выручки за услуги по передаче в разрезе ДЗО'

13-01-2025T09:28:24 - [TEST_STEP][PASSED] - if (urlText.contains("ошибка") || urlText.contains(searchWord) == false): null

13-01-2025T09:28:24 - [TEST_STEP][PASSED] - a3 = "": null

13-01-2025T09:28:24 - [TEST_STEP][PASSED] - a4 = "": null

13-01-2025T09:28:24 - [TEST_STEP][PASSED] - a5 = "": null

13-01-2025T09:28:24 - [TEST_STEP][PASSED] - a6 = "": null

13-01-2025T09:28:24 - [TEST_STEP][PASSED] - a7 = "": null

13-01-2025T09:28:24 - [TEST_STEP][PASSED] - a8 = "": null

13-01-2025T09:28:24 - [TEST_STEP][PASSED] - a9 = "": null

13-01-2025T09:28:24 - [TEST_STEP][PASSED] - if (run == 1): null

13-01-2025T09:28:24 - [TEST_STEP][PASSED] - if (run == 2): null

13-01-2025T09:28:24 - [TEST_STEP][PASSED] - if (run == 3): null

13-01-2025T09:28:24 - [TEST_STEP][PASSED] - user = "Попова": null

13-01-2025T09:28:24 - [TEST_STEP][PASSED] - a1 = getText(findTestObject("Прогноз по ДЗО/График1")): Text of object 'Object Repository/Прогноз по ДЗО/График1' is: 'Динамика электропотребления, млрд. кВт.ч.
У виджета нет данных'

13-01-2025T09:28:25 - [MESSAGE][PASSED] - Text of object 'Object Repository/Прогноз по ДЗО/График1' is: 'Динамика электропотребления, млрд. кВт.ч.
У виджета нет данных'

13-01-2025T09:28:25 - [TEST_STEP][PASSED] - i = a1.indexOf("по ПАО Россети на 2023 год"): null

13-01-2025T09:28:25 - [TEST_STEP][PASSED] - if (i > -1): null

13-01-2025T09:28:25 - [TEST_STEP][PASSED] - i = a1.indexOf("Динамика электропотребления, млн. кВт.ч."): null

13-01-2025T09:28:25 - [TEST_STEP][PASSED] - if (i > -1): null

13-01-2025T09:28:25 - [TEST_STEP][PASSED] - a1 = a1.trim(): null

13-01-2025T09:28:25 - [TEST_STEP][PASSED] - a2 = getText(findTestObject("Прогноз по ДЗО/График2")): Text of object 'Object Repository/Прогноз по ДЗО/График2' is: 'Выручка, млрд. руб.
У виджета нет данных'

13-01-2025T09:28:25 - [MESSAGE][PASSED] - Text of object 'Object Repository/Прогноз по ДЗО/График2' is: 'Выручка, млрд. руб.
У виджета нет данных'

13-01-2025T09:28:25 - [TEST_STEP][PASSED] - a3 = getText(findTestObject("Прогноз по ДЗО/График3")): Text of object 'Object Repository/Прогноз по ДЗО/График3' is: 'Отклонения по ПАО Россети на 2024 год
⬤ Отклонение, %'

13-01-2025T09:28:25 - [MESSAGE][PASSED] - Text of object 'Object Repository/Прогноз по ДЗО/График3' is: 'Отклонения по ПАО Россети на 2024 год
⬤ Отклонение, %'

13-01-2025T09:28:25 - [TEST_STEP][PASSED] - a4 = getText(findTestObject("Прогноз по ДЗО/График4")): Text of object 'Object Repository/Прогноз по ДЗО/График4' is: 'Выручка отклонения по ПАО Россети на 2024 год
⬤ Отклонение, %'

13-01-2025T09:28:25 - [MESSAGE][PASSED] - Text of object 'Object Repository/Прогноз по ДЗО/График4' is: 'Выручка отклонения по ПАО Россети на 2024 год
⬤ Отклонение, %'

13-01-2025T09:28:25 - [TEST_STEP][PASSED] - click(findTestObject("Прогноз по ДЗО/Переключить отображение с процентов на абс Блок руководителя")): Object: 'Object Repository/Прогноз по ДЗО/Переключить отображение с процентов на абс Блок руководителя' is clicked on

13-01-2025T09:28:26 - [MESSAGE][PASSED] - Object: 'Object Repository/Прогноз по ДЗО/Переключить отображение с процентов на абс Блок руководителя' is clicked on

13-01-2025T09:28:26 - [TEST_STEP][PASSED] - a5 = getText(findTestObject("Прогноз по ДЗО/График5")): Text of object 'Object Repository/Прогноз по ДЗО/График5' is: 'Отклонения по ПАО Россети на 2024 год
⬤ Отклонение, млн. кВт.ч'

13-01-2025T09:28:26 - [MESSAGE][PASSED] - Text of object 'Object Repository/Прогноз по ДЗО/График5' is: 'Отклонения по ПАО Россети на 2024 год
⬤ Отклонение, млн. кВт.ч'

13-01-2025T09:28:26 - [TEST_STEP][PASSED] - a6 = getText(findTestObject("Прогноз по ДЗО/График6")): Text of object 'Object Repository/Прогноз по ДЗО/График6' is: 'Выручка отклонения по ПАО Россети на 2024 год
⬤ Отклонение, млн. руб'

13-01-2025T09:28:26 - [MESSAGE][PASSED] - Text of object 'Object Repository/Прогноз по ДЗО/График6' is: 'Выручка отклонения по ПАО Россети на 2024 год
⬤ Отклонение, млн. руб'

13-01-2025T09:28:26 - [TEST_STEP][PASSED] - click(findTestObject("Прогноз по ДЗО/Переключить отображение с абс на проценты")): Object: 'Object Repository/Прогноз по ДЗО/Переключить отображение с абс на проценты' is clicked on

13-01-2025T09:28:27 - [MESSAGE][PASSED] - Object: 'Object Repository/Прогноз по ДЗО/Переключить отображение с абс на проценты' is clicked on

13-01-2025T09:28:27 - [TEST_STEP][PASSED] - n = n + 32: null

13-01-2025T09:28:27 - [TEST_STEP][PASSED] - b = n - run + 1: null

13-01-2025T09:28:27 - [TEST_STEP][PASSED] - verifyEqual(findTestData("PlanFact").getValue(2, b), a1): Actual object 'Динамика электропотребления, млрд. кВт.ч.
У виджета нет данных' and expected object 'Динамика электропотребления, млрд. кВт.ч.
У виджета нет данных' are equal

13-01-2025T09:28:27 - [MESSAGE][PASSED] - Actual object 'Динамика электропотребления, млрд. кВт.ч.
У виджета нет данных' and expected object 'Динамика электропотребления, млрд. кВт.ч.
У виджета нет данных' are equal

13-01-2025T09:28:27 - [TEST_STEP][PASSED] - verifyEqual(findTestData("PlanFact").getValue(3, b), a2): Actual object 'Выручка, млрд. руб.
У виджета нет данных' and expected object 'Выручка, млрд. руб.
У виджета нет данных' are equal

13-01-2025T09:28:27 - [MESSAGE][PASSED] - Actual object 'Выручка, млрд. руб.
У виджета нет данных' and expected object 'Выручка, млрд. руб.
У виджета нет данных' are equal

13-01-2025T09:28:27 - [TEST_STEP][PASSED] - verifyEqual(findTestData("PlanFact").getValue(4, b), a3): Actual object 'Отклонения по ПАО Россети на 2024 год
⬤ Отклонение, %' and expected object 'Отклонения по ПАО Россети на 2024 год
⬤ Отклонение, %' are equal

13-01-2025T09:28:27 - [MESSAGE][PASSED] - Actual object 'Отклонения по ПАО Россети на 2024 год
⬤ Отклонение, %' and expected object 'Отклонения по ПАО Россети на 2024 год
⬤ Отклонение, %' are equal

13-01-2025T09:28:27 - [TEST_STEP][PASSED] - verifyEqual(findTestData("PlanFact").getValue(5, b), a4): Actual object 'Выручка отклонения по ПАО Россети на 2024 год
⬤ Отклонение, %' and expected object 'Выручка отклонения по ПАО Россети на 2024 год
⬤ Отклонение, %' are equal

13-01-2025T09:28:27 - [MESSAGE][PASSED] - Actual object 'Выручка отклонения по ПАО Россети на 2024 год
⬤ Отклонение, %' and expected object 'Выручка отклонения по ПАО Россети на 2024 год
⬤ Отклонение, %' are equal

13-01-2025T09:28:27 - [TEST_STEP][PASSED] - verifyEqual(findTestData("PlanFact").getValue(6, b), a5): Actual object 'Отклонения по ПАО Россети на 2024 год
⬤ Отклонение, млн. кВт.ч' and expected object 'Отклонения по ПАО Россети на 2024 год
⬤ Отклонение, млн. кВт.ч' are equal

13-01-2025T09:28:27 - [MESSAGE][PASSED] - Actual object 'Отклонения по ПАО Россети на 2024 год
⬤ Отклонение, млн. кВт.ч' and expected object 'Отклонения по ПАО Россети на 2024 год
⬤ Отклонение, млн. кВт.ч' are equal

13-01-2025T09:28:27 - [TEST_STEP][PASSED] - verifyEqual(findTestData("PlanFact").getValue(7, b), a6): Actual object 'Выручка отклонения по ПАО Россети на 2024 год
⬤ Отклонение, млн. руб' and expected object 'Выручка отклонения по ПАО Россети на 2024 год
⬤ Отклонение, млн. руб' are equal

13-01-2025T09:28:27 - [MESSAGE][PASSED] - Actual object 'Выручка отклонения по ПАО Россети на 2024 год
⬤ Отклонение, млн. руб' and expected object 'Выручка отклонения по ПАО Россети на 2024 год
⬤ Отклонение, млн. руб' are equal

13-01-2025T09:28:27 - [TEST_STEP][PASSED] - Script1686231490255.WriteToExcel(user, dashboardName, n, data, run, a1, a2, a3, a4, a5, a6, a7, a8, a9): null

13-01-2025T09:28:27 - [TEST_STEP][PASSED] - sheetName = "Sheet1": null

13-01-2025T09:28:27 - [TEST_STEP][PASSED] - workbook01 = getWorkbook(excelFilePath): null

13-01-2025T09:28:27 - [TEST_STEP][PASSED] - sheet01 = getExcelSheet(workbook01, sheetName): null

13-01-2025T09:28:27 - [TEST_STEP][PASSED] - setValueToCellByIndex(sheet01, n, 0, dashboardName): null

13-01-2025T09:28:27 - [TEST_STEP][PASSED] - setValueToCellByIndex(sheet01, n, 10, user): null

13-01-2025T09:28:27 - [TEST_STEP][PASSED] - setValueToCellByIndex(sheet01, n, 1, a1): null

13-01-2025T09:28:27 - [TEST_STEP][PASSED] - setValueToCellByIndex(sheet01, n, 2, a2): null

13-01-2025T09:28:27 - [TEST_STEP][PASSED] - setValueToCellByIndex(sheet01, n, 3, a3): null

13-01-2025T09:28:27 - [TEST_STEP][PASSED] - setValueToCellByIndex(sheet01, n, 4, a4): null

13-01-2025T09:28:27 - [TEST_STEP][PASSED] - setValueToCellByIndex(sheet01, n, 5, a5): null

13-01-2025T09:28:27 - [TEST_STEP][PASSED] - setValueToCellByIndex(sheet01, n, 6, a6): null

13-01-2025T09:28:27 - [TEST_STEP][PASSED] - setValueToCellByIndex(sheet01, n, 7, a7): null

13-01-2025T09:28:27 - [TEST_STEP][PASSED] - setValueToCellByIndex(sheet01, n, 8, a8): null

13-01-2025T09:28:27 - [TEST_STEP][PASSED] - setValueToCellByIndex(sheet01, n, 9, a9): null

13-01-2025T09:28:27 - [TEST_STEP][PASSED] - n = n + 1: null

13-01-2025T09:28:27 - [TEST_STEP][PASSED] - saveWorkbook(excelFilePath, workbook01): null

13-01-2025T09:28:27 - [TEST_STEP][PASSED] - closeBrowser(): Browser is closed

13-01-2025T09:28:28 - [MESSAGE][PASSED] - Browser is closed

13-01-2025T09:28:28 - [TEST_STEP][PASSED] - delay(70): Delayed 70 second(s)

13-01-2025T09:29:38 - [MESSAGE][PASSED] - Delayed 70 second(s)

13-01-2025T09:29:38 - [TEST_STEP][PASSED] - for ([run = 1, run < 4, (run++)]): null

13-01-2025T09:29:38 - [TEST_STEP][PASSED] - PrognozPoOtraslyam(user, dashboardName, n, data, run, a1, a2, a3, a4, a5, a6, a7, a8, a9, urlData): null

13-01-2025T09:29:38 - [TEST_STEP][PASSED] - n = data.getRowNumbers() + 1: null

13-01-2025T09:29:38 - [TEST_STEP][PASSED] - println(n): null

13-01-2025T09:29:38 - [TEST_STEP][PASSED] - dashboardName = "Прогноз по отраслям": null

13-01-2025T09:29:38 - [TEST_STEP][PASSED] - openBrowser(""): Browser is opened with url: ''

13-01-2025T09:29:38 - [MESSAGE][INFO] - Starting 'Chrome' driver

13-01-2025T09:29:38 - [MESSAGE][INFO] - Action delay is set to 0 milliseconds

13-01-2025T09:29:38 - [MESSAGE][PASSED] - Browser is opened with url: ''

13-01-2025T09:29:38 - [TEST_STEP][PASSED] - urlData = 6: null

13-01-2025T09:29:38 - [TEST_STEP][PASSED] - Script1686231490255.CheckPageDownload(urlData, run): null

13-01-2025T09:29:38 - [TEST_STEP][PASSED] - i = 1: null

13-01-2025T09:29:38 - [TEST_STEP][PASSED] - ii = 0: null

13-01-2025T09:29:38 - [TEST_STEP][PASSED] - urlText = <not implemented yet for class: org.codehaus.groovy.ast.expr.EmptyExpression>: null

13-01-2025T09:29:38 - [TEST_STEP][PASSED] - searchWord = <not implemented yet for class: org.codehaus.groovy.ast.expr.EmptyExpression>: null

13-01-2025T09:29:38 - [TEST_STEP][PASSED] - deleteAllCookies(): Delete all cookies successfully

13-01-2025T09:29:38 - [MESSAGE][PASSED] - Delete all cookies successfully

13-01-2025T09:29:38 - [TEST_STEP][PASSED] - refresh(): Refresh successfully

13-01-2025T09:29:39 - [MESSAGE][PASSED] - Refresh successfully

13-01-2025T09:29:39 - [TEST_STEP][PASSED] - delay(70): Delayed 70 second(s)

13-01-2025T09:30:49 - [MESSAGE][PASSED] - Delayed 70 second(s)

13-01-2025T09:30:49 - [TEST_STEP][PASSED] - navigateToUrl(findTestData("PlanFact").getValue(10, urlData)): Navigate to 'https://bi.rosseti.digital/viewer?dashboardGuid=d6acb5b1a7114a9791b34de39263106e&sheetGuid=0b6d261d7f7b4424a967aa8f3a724189&fit=true' successfully

13-01-2025T09:30:55 - [MESSAGE][PASSED] - Navigate to 'https://bi.rosseti.digital/viewer?dashboardGuid=d6acb5b1a7114a9791b34de39263106e&sheetGuid=0b6d261d7f7b4424a967aa8f3a724189&fit=true' successfully

13-01-2025T09:30:55 - [TEST_STEP][PASSED] - pageLoaded1 = verifyElementPresent(findTestObject("Страница авторизации/Text"), 30): Object 'Object Repository/Страница авторизации/Text' is present

13-01-2025T09:30:57 - [MESSAGE][PASSED] - Object 'Object Repository/Страница авторизации/Text' is present

13-01-2025T09:30:57 - [TEST_STEP][PASSED] - if (pageLoaded1 == false): null

13-01-2025T09:30:57 - [TEST_STEP][PASSED] - urlText = getText(findTestObject("Страница авторизации/Text")): Text of object 'Object Repository/Страница авторизации/Text' is: 'Вход'

13-01-2025T09:30:57 - [MESSAGE][PASSED] - Text of object 'Object Repository/Страница авторизации/Text' is: 'Вход'

13-01-2025T09:30:57 - [TEST_STEP][PASSED] - delay(70): Delayed 70 second(s)

13-01-2025T09:32:07 - [MESSAGE][PASSED] - Delayed 70 second(s)

13-01-2025T09:32:07 - [TEST_STEP][PASSED] - searchWord = "Вход": null

13-01-2025T09:32:07 - [TEST_STEP][PASSED] - if (urlText.contains(searchWord) == false): null

13-01-2025T09:32:07 - [TEST_STEP][PASSED] - setText(findTestObject("Страница авторизации/input__username"), findTestData("PlanFact").getValue(8, run)): Text 'liazgina-di' is set on object 'Object Repository/Страница авторизации/input__username'

13-01-2025T09:32:08 - [MESSAGE][PASSED] - Text 'liazgina-di' is set on object 'Object Repository/Страница авторизации/input__username'

13-01-2025T09:32:08 - [TEST_STEP][PASSED] - setText(findTestObject("Страница авторизации/input__password"), findTestData("PlanFact").getValue(9, run)): Text ')$%5srZ8o688Dm#q' is set on object 'Object Repository/Страница авторизации/input__password'

13-01-2025T09:32:09 - [MESSAGE][PASSED] - Text ')$%5srZ8o688Dm#q' is set on object 'Object Repository/Страница авторизации/input__password'

13-01-2025T09:32:09 - [TEST_STEP][PASSED] - click(findTestObject("Страница авторизации/button_")): Object: 'Object Repository/Страница авторизации/button_' is clicked on

13-01-2025T09:32:10 - [MESSAGE][PASSED] - Object: 'Object Repository/Страница авторизации/button_' is clicked on

13-01-2025T09:32:10 - [TEST_STEP][PASSED] - delay(70): Delayed 70 second(s)

13-01-2025T09:33:20 - [MESSAGE][PASSED] - Delayed 70 second(s)

13-01-2025T09:33:20 - [TEST_STEP][PASSED] - searchWord = "а": null

13-01-2025T09:33:20 - [TEST_STEP][PASSED] - pageLoaded2 = verifyElementPresent(findTestObject("Страница авторизации/Text"), 50): Object 'Object Repository/Страница авторизации/Text' is present

13-01-2025T09:33:20 - [MESSAGE][PASSED] - Object 'Object Repository/Страница авторизации/Text' is present

13-01-2025T09:33:20 - [TEST_STEP][PASSED] - if (pageLoaded2 == false): null

13-01-2025T09:33:20 - [TEST_STEP][PASSED] - urlText = getText(findTestObject("Страница авторизации/Text")): Text of object 'Object Repository/Страница авторизации/Text' is: 'Год 
2023 год
Сравнение с 
План
Динамика электропотребления, млрд. кВт.ч. по ПАО Россети на 2023 год
10 10
190 190
36 36
14 14
9 9
14 14
4 4
17 17
80 80
19 19
82 82
588 588
10 10
197 197
37 37
48 48
10 10
15 15
4 4
18 18
80 80
19 19
82 82
608 608
План
Ожидаемое (прогноз по конца года)
Интер РАО (дляФСК)
Промышленныепотребители
Транспорт
Нефтедобыча
Нефтепереработка
Нефтепроводы
Газопроводы
Сельскоехозяйство ипищеваяпромышленность
Непромышленныепотребители
Государственные(муниципальные)организации ипрочиебюджетныепотребители
Население иприравненныегруппыпотребителей
Территориальныесетевыеорганизации
Выручка по ПАО Россети на 2023 год
5 5
319 319
81 81
16 16
16 16
20 20
2 2
56 56
215 215
67 67
218 218
239 239
6 6
331 331
82 82
77 77
20 20
20 20
3 3
57 57
220 220
68 68
214 214
258 258
План
Ожидаемое (прогноз по конца года)
Интер РАО (дляФСК)
Промышленныепотребители
Транспорт
Нефтедобыча
Нефтепереработка
Нефтепроводы
Газопроводы
Сельскоехозяйство ипищеваяпромышленность
Непромышленныепотребители
Государственные(муниципальные)организации ипрочиебюджетныепотребители
Население иприравненныегруппыпотребителей
Территориальныесетевыеорганизации
Отклонения по ПАО Россети на 2023 год
-4.7% -4.7%
3.8% 3.8%
1.9% 1.9%
230.3% 230.3%
10.9% 10.9%
4.2% 4.2%
21.7% 21.7%
3.9% 3.9%
-0.6% -0.6%
1.6% 1.6%
-1.0% -1.0%
3.3% 3.3%
⬤ Отклонение, %
Интер РАО (для ФСК)
Промышленные потребители
Транспорт
Нефтедобыча
Нефтепереработка
Нефтепроводы
Газопроводы
Сельское хозяйство и пищевая пр…
Непромышленные потребители
Государственные (муниципальные…
Население и приравненные групп…
Территориальные сетевые органи…
Выручка отклонения по ПАО Россети на 2023 год
15.6% 15.6%
3.8% 3.8%
1.2% 1.2%
398.2% 398.2%
26.9% 26.9%
-0.6% -0.6%
26.9% 26.9%
1.5% 1.5%
2.7% 2.7%
2.0% 2.0%
-2.0% -2.0%
7.9% 7.9%
⬤ Отклонение, %
Интер РАО (для ФСК)
Промышленные потребители
Транспорт
Нефтедобыча
Нефтепереработка
Нефтепроводы
Газопроводы
Сельское хозяйство и пищевая пр…
Непромышленные потребители
Государственные (муниципальные…
Население и приравненные групп…
Территориальные сетевые органи…
абс.
%
Прогноз на месяц 
Ноябрь
КПО/Отпуск из сети 
Отпуск из сети, млн. кВт.ч
Организация 
Все
Прогноз электропотребления и выручки за услуги по передаче в разрезе отраслей'

13-01-2025T09:33:21 - [MESSAGE][PASSED] - Text of object 'Object Repository/Страница авторизации/Text' is: 'Год 
2023 год
Сравнение с 
План
Динамика электропотребления, млрд. кВт.ч. по ПАО Россети на 2023 год
10 10
190 190
36 36
14 14
9 9
14 14
4 4
17 17
80 80
19 19
82 82
588 588
10 10
197 197
37 37
48 48
10 10
15 15
4 4
18 18
80 80
19 19
82 82
608 608
План
Ожидаемое (прогноз по конца года)
Интер РАО (дляФСК)
Промышленныепотребители
Транспорт
Нефтедобыча
Нефтепереработка
Нефтепроводы
Газопроводы
Сельскоехозяйство ипищеваяпромышленность
Непромышленныепотребители
Государственные(муниципальные)организации ипрочиебюджетныепотребители
Население иприравненныегруппыпотребителей
Территориальныесетевыеорганизации
Выручка по ПАО Россети на 2023 год
5 5
319 319
81 81
16 16
16 16
20 20
2 2
56 56
215 215
67 67
218 218
239 239
6 6
331 331
82 82
77 77
20 20
20 20
3 3
57 57
220 220
68 68
214 214
258 258
План
Ожидаемое (прогноз по конца года)
Интер РАО (дляФСК)
Промышленныепотребители
Транспорт
Нефтедобыча
Нефтепереработка
Нефтепроводы
Газопроводы
Сельскоехозяйство ипищеваяпромышленность
Непромышленныепотребители
Государственные(муниципальные)организации ипрочиебюджетныепотребители
Население иприравненныегруппыпотребителей
Территориальныесетевыеорганизации
Отклонения по ПАО Россети на 2023 год
-4.7% -4.7%
3.8% 3.8%
1.9% 1.9%
230.3% 230.3%
10.9% 10.9%
4.2% 4.2%
21.7% 21.7%
3.9% 3.9%
-0.6% -0.6%
1.6% 1.6%
-1.0% -1.0%
3.3% 3.3%
⬤ Отклонение, %
Интер РАО (для ФСК)
Промышленные потребители
Транспорт
Нефтедобыча
Нефтепереработка
Нефтепроводы
Газопроводы
Сельское хозяйство и пищевая пр…
Непромышленные потребители
Государственные (муниципальные…
Население и приравненные групп…
Территориальные сетевые органи…
Выручка отклонения по ПАО Россети на 2023 год
15.6% 15.6%
3.8% 3.8%
1.2% 1.2%
398.2% 398.2%
26.9% 26.9%
-0.6% -0.6%
26.9% 26.9%
1.5% 1.5%
2.7% 2.7%
2.0% 2.0%
-2.0% -2.0%
7.9% 7.9%
⬤ Отклонение, %
Интер РАО (для ФСК)
Промышленные потребители
Транспорт
Нефтедобыча
Нефтепереработка
Нефтепроводы
Газопроводы
Сельское хозяйство и пищевая пр…
Непромышленные потребители
Государственные (муниципальные…
Население и приравненные групп…
Территориальные сетевые органи…
абс.
%
Прогноз на месяц 
Ноябрь
КПО/Отпуск из сети 
Отпуск из сети, млн. кВт.ч
Организация 
Все
Прогноз электропотребления и выручки за услуги по передаче в разрезе отраслей'

13-01-2025T09:33:21 - [TEST_STEP][PASSED] - if (urlText.contains("ошибка") || urlText.contains(searchWord) == false): null

13-01-2025T09:33:21 - [TEST_STEP][PASSED] - a3 = "": null

13-01-2025T09:33:21 - [TEST_STEP][PASSED] - a4 = "": null

13-01-2025T09:33:21 - [TEST_STEP][PASSED] - a5 = "": null

13-01-2025T09:33:21 - [TEST_STEP][PASSED] - a6 = "": null

13-01-2025T09:33:21 - [TEST_STEP][PASSED] - a7 = "": null

13-01-2025T09:33:21 - [TEST_STEP][PASSED] - a8 = "": null

13-01-2025T09:33:21 - [TEST_STEP][PASSED] - a9 = "": null

13-01-2025T09:33:21 - [TEST_STEP][PASSED] - if (run == 1): null

13-01-2025T09:33:21 - [TEST_STEP][PASSED] - user = "админ": null

13-01-2025T09:33:21 - [TEST_STEP][PASSED] - a1 = getText(findTestObject("Прогноз по отраслям/Виджеты дашборда")): Text of object 'Object Repository/Прогноз по отраслям/Виджеты дашборда' is: 'Год 
2023 год
Сравнение с 
План
Динамика электропотребления, млрд. кВт.ч. по ПАО Россети на 2023 год
10 10
190 190
36 36
14 14
9 9
14 14
4 4
17 17
80 80
19 19
82 82
588 588
10 10
197 197
37 37
48 48
10 10
15 15
4 4
18 18
80 80
19 19
82 82
608 608
План
Ожидаемое (прогноз по конца года)
Интер РАО (дляФСК)
Промышленныепотребители
Транспорт
Нефтедобыча
Нефтепереработка
Нефтепроводы
Газопроводы
Сельскоехозяйство ипищеваяпромышленность
Непромышленныепотребители
Государственные(муниципальные)организации ипрочиебюджетныепотребители
Население иприравненныегруппыпотребителей
Территориальныесетевыеорганизации
Выручка по ПАО Россети на 2023 год
5 5
319 319
81 81
16 16
16 16
20 20
2 2
56 56
215 215
67 67
218 218
239 239
6 6
331 331
82 82
77 77
20 20
20 20
3 3
57 57
220 220
68 68
214 214
258 258
План
Ожидаемое (прогноз по конца года)
Интер РАО (дляФСК)
Промышленныепотребители
Транспорт
Нефтедобыча
Нефтепереработка
Нефтепроводы
Газопроводы
Сельскоехозяйство ипищеваяпромышленность
Непромышленныепотребители
Государственные(муниципальные)организации ипрочиебюджетныепотребители
Население иприравненныегруппыпотребителей
Территориальныесетевыеорганизации
Отклонения по ПАО Россети на 2023 год
-4.7% -4.7%
3.8% 3.8%
1.9% 1.9%
230.3% 230.3%
10.9% 10.9%
4.2% 4.2%
21.7% 21.7%
3.9% 3.9%
-0.6% -0.6%
1.6% 1.6%
-1.0% -1.0%
3.3% 3.3%
⬤ Отклонение, %
Интер РАО (для ФСК)
Промышленные потребители
Транспорт
Нефтедобыча
Нефтепереработка
Нефтепроводы
Газопроводы
Сельское хозяйство и пищевая пр…
Непромышленные потребители
Государственные (муниципальные…
Население и приравненные групп…
Территориальные сетевые органи…
Выручка отклонения по ПАО Россети на 2023 год
15.6% 15.6%
3.8% 3.8%
1.2% 1.2%
398.2% 398.2%
26.9% 26.9%
-0.6% -0.6%
26.9% 26.9%
1.5% 1.5%
2.7% 2.7%
2.0% 2.0%
-2.0% -2.0%
7.9% 7.9%
⬤ Отклонение, %
Интер РАО (для ФСК)
Промышленные потребители
Транспорт
Нефтедобыча
Нефтепереработка
Нефтепроводы
Газопроводы
Сельское хозяйство и пищевая пр…
Непромышленные потребители
Государственные (муниципальные…
Население и приравненные групп…
Территориальные сетевые органи…
абс.
%
Прогноз на месяц 
Ноябрь
КПО/Отпуск из сети 
Отпуск из сети, млн. кВт.ч
Организация 
Все
Прогноз электропотребления и выручки за услуги по передаче в разрезе отраслей'

13-01-2025T09:33:22 - [MESSAGE][PASSED] - Text of object 'Object Repository/Прогноз по отраслям/Виджеты дашборда' is: 'Год 
2023 год
Сравнение с 
План
Динамика электропотребления, млрд. кВт.ч. по ПАО Россети на 2023 год
10 10
190 190
36 36
14 14
9 9
14 14
4 4
17 17
80 80
19 19
82 82
588 588
10 10
197 197
37 37
48 48
10 10
15 15
4 4
18 18
80 80
19 19
82 82
608 608
План
Ожидаемое (прогноз по конца года)
Интер РАО (дляФСК)
Промышленныепотребители
Транспорт
Нефтедобыча
Нефтепереработка
Нефтепроводы
Газопроводы
Сельскоехозяйство ипищеваяпромышленность
Непромышленныепотребители
Государственные(муниципальные)организации ипрочиебюджетныепотребители
Население иприравненныегруппыпотребителей
Территориальныесетевыеорганизации
Выручка по ПАО Россети на 2023 год
5 5
319 319
81 81
16 16
16 16
20 20
2 2
56 56
215 215
67 67
218 218
239 239
6 6
331 331
82 82
77 77
20 20
20 20
3 3
57 57
220 220
68 68
214 214
258 258
План
Ожидаемое (прогноз по конца года)
Интер РАО (дляФСК)
Промышленныепотребители
Транспорт
Нефтедобыча
Нефтепереработка
Нефтепроводы
Газопроводы
Сельскоехозяйство ипищеваяпромышленность
Непромышленныепотребители
Государственные(муниципальные)организации ипрочиебюджетныепотребители
Население иприравненныегруппыпотребителей
Территориальныесетевыеорганизации
Отклонения по ПАО Россети на 2023 год
-4.7% -4.7%
3.8% 3.8%
1.9% 1.9%
230.3% 230.3%
10.9% 10.9%
4.2% 4.2%
21.7% 21.7%
3.9% 3.9%
-0.6% -0.6%
1.6% 1.6%
-1.0% -1.0%
3.3% 3.3%
⬤ Отклонение, %
Интер РАО (для ФСК)
Промышленные потребители
Транспорт
Нефтедобыча
Нефтепереработка
Нефтепроводы
Газопроводы
Сельское хозяйство и пищевая пр…
Непромышленные потребители
Государственные (муниципальные…
Население и приравненные групп…
Территориальные сетевые органи…
Выручка отклонения по ПАО Россети на 2023 год
15.6% 15.6%
3.8% 3.8%
1.2% 1.2%
398.2% 398.2%
26.9% 26.9%
-0.6% -0.6%
26.9% 26.9%
1.5% 1.5%
2.7% 2.7%
2.0% 2.0%
-2.0% -2.0%
7.9% 7.9%
⬤ Отклонение, %
Интер РАО (для ФСК)
Промышленные потребители
Транспорт
Нефтедобыча
Нефтепереработка
Нефтепроводы
Газопроводы
Сельское хозяйство и пищевая пр…
Непромышленные потребители
Государственные (муниципальные…
Население и приравненные групп…
Территориальные сетевые органи…
абс.
%
Прогноз на месяц 
Ноябрь
КПО/Отпуск из сети 
Отпуск из сети, млн. кВт.ч
Организация 
Все
Прогноз электропотребления и выручки за услуги по передаче в разрезе отраслей'

13-01-2025T09:33:22 - [TEST_STEP][PASSED] - click(findTestObject("Прогноз по отраслям/Переключить отображение с процентов на абс Блок руководителя")): Object: 'Object Repository/Прогноз по отраслям/Переключить отображение с процентов на абс Блок руководителя' is clicked on

13-01-2025T09:33:22 - [MESSAGE][PASSED] - Object: 'Object Repository/Прогноз по отраслям/Переключить отображение с процентов на абс Блок руководителя' is clicked on

13-01-2025T09:33:22 - [TEST_STEP][PASSED] - a2 = getText(findTestObject("Прогноз по отраслям/Виджеты дашборда")): Text of object 'Object Repository/Прогноз по отраслям/Виджеты дашборда' is: 'Год 
2023 год
Сравнение с 
План
Отклонения по ПАО Россети на 2023 год
-492.2 -492.2
7 165.1 7 165.1
689.3 689.3
33 271.7 33 271.7
986.4 986.4
593.8 593.8
764.0 764.0
670.4 670.4
-592.4 -592.4
308.8 308.8
-940.9 -940.9
19 604.1 19 604.1
⬤ Отклонение, млн. кВт.ч
Интер РАО (для ФСК)
Промышленные потребители
Транспорт
Нефтедобыча
Нефтепереработка
Нефтепроводы
Газопроводы
Сельское хозяйство и пищевая пр…
Непромышленные потребители
Государственные (муниципальные…
Население и приравненные групп…
Территориальные сетевые органи…
Выручка отклонения по ПАО Россети на 2023 год
794.9 794.9
12 195.0 12 195.0
972.7 972.7
61 803.9 61 803.9
4 222.3 4 222.3
-121.8 -121.8
666.2 666.2
873.2 873.2
5 809.6 5 809.6
1 342.6 1 342.6
-4 463.2 -4 463.2
18 375.5 18 375.5
⬤ Отклонение, млн. руб.
Интер РАО (для ФСК)
Промышленные потребители
Транспорт
Нефтедобыча
Нефтепереработка
Нефтепроводы
Газопроводы
Сельское хозяйство и пищевая пр…
Непромышленные потребители
Государственные (муниципальные…
Население и приравненные групп…
Территориальные сетевые органи…
Динамика электропотребления, млрд. кВт.ч. по ПАО Россети на 2023 год
10 10
190 190
36 36
14 14
9 9
14 14
4 4
17 17
80 80
19 19
82 82
588 588
10 10
197 197
37 37
48 48
10 10
15 15
4 4
18 18
80 80
19 19
82 82
608 608
План
Ожидаемое (прогноз по конца года)
Интер РАО (дляФСК)
Промышленныепотребители
Транспорт
Нефтедобыча
Нефтепереработка
Нефтепроводы
Газопроводы
Сельскоехозяйство ипищеваяпромышленность
Непромышленныепотребители
Государственные(муниципальные)организации ипрочиебюджетныепотребители
Население иприравненныегруппыпотребителей
Территориальныесетевыеорганизации
Выручка по ПАО Россети на 2023 год
5 5
319 319
81 81
16 16
16 16
20 20
2 2
56 56
215 215
67 67
218 218
239 239
6 6
331 331
82 82
77 77
20 20
20 20
3 3
57 57
220 220
68 68
214 214
258 258
План
Ожидаемое (прогноз по конца года)
Интер РАО (дляФСК)
Промышленныепотребители
Транспорт
Нефтедобыча
Нефтепереработка
Нефтепроводы
Газопроводы
Сельскоехозяйство ипищеваяпромышленность
Непромышленныепотребители
Государственные(муниципальные)организации ипрочиебюджетныепотребители
Население иприравненныегруппыпотребителей
Территориальныесетевыеорганизации
абс.
%
Прогноз на месяц 
Ноябрь
КПО/Отпуск из сети 
Отпуск из сети, млн. кВт.ч
Организация 
Все
Прогноз электропотребления и выручки за услуги по передаче в разрезе отраслей'

13-01-2025T09:33:22 - [MESSAGE][PASSED] - Text of object 'Object Repository/Прогноз по отраслям/Виджеты дашборда' is: 'Год 
2023 год
Сравнение с 
План
Отклонения по ПАО Россети на 2023 год
-492.2 -492.2
7 165.1 7 165.1
689.3 689.3
33 271.7 33 271.7
986.4 986.4
593.8 593.8
764.0 764.0
670.4 670.4
-592.4 -592.4
308.8 308.8
-940.9 -940.9
19 604.1 19 604.1
⬤ Отклонение, млн. кВт.ч
Интер РАО (для ФСК)
Промышленные потребители
Транспорт
Нефтедобыча
Нефтепереработка
Нефтепроводы
Газопроводы
Сельское хозяйство и пищевая пр…
Непромышленные потребители
Государственные (муниципальные…
Население и приравненные групп…
Территориальные сетевые органи…
Выручка отклонения по ПАО Россети на 2023 год
794.9 794.9
12 195.0 12 195.0
972.7 972.7
61 803.9 61 803.9
4 222.3 4 222.3
-121.8 -121.8
666.2 666.2
873.2 873.2
5 809.6 5 809.6
1 342.6 1 342.6
-4 463.2 -4 463.2
18 375.5 18 375.5
⬤ Отклонение, млн. руб.
Интер РАО (для ФСК)
Промышленные потребители
Транспорт
Нефтедобыча
Нефтепереработка
Нефтепроводы
Газопроводы
Сельское хозяйство и пищевая пр…
Непромышленные потребители
Государственные (муниципальные…
Население и приравненные групп…
Территориальные сетевые органи…
Динамика электропотребления, млрд. кВт.ч. по ПАО Россети на 2023 год
10 10
190 190
36 36
14 14
9 9
14 14
4 4
17 17
80 80
19 19
82 82
588 588
10 10
197 197
37 37
48 48
10 10
15 15
4 4
18 18
80 80
19 19
82 82
608 608
План
Ожидаемое (прогноз по конца года)
Интер РАО (дляФСК)
Промышленныепотребители
Транспорт
Нефтедобыча
Нефтепереработка
Нефтепроводы
Газопроводы
Сельскоехозяйство ипищеваяпромышленность
Непромышленныепотребители
Государственные(муниципальные)организации ипрочиебюджетныепотребители
Население иприравненныегруппыпотребителей
Территориальныесетевыеорганизации
Выручка по ПАО Россети на 2023 год
5 5
319 319
81 81
16 16
16 16
20 20
2 2
56 56
215 215
67 67
218 218
239 239
6 6
331 331
82 82
77 77
20 20
20 20
3 3
57 57
220 220
68 68
214 214
258 258
План
Ожидаемое (прогноз по конца года)
Интер РАО (дляФСК)
Промышленныепотребители
Транспорт
Нефтедобыча
Нефтепереработка
Нефтепроводы
Газопроводы
Сельскоехозяйство ипищеваяпромышленность
Непромышленныепотребители
Государственные(муниципальные)организации ипрочиебюджетныепотребители
Население иприравненныегруппыпотребителей
Территориальныесетевыеорганизации
абс.
%
Прогноз на месяц 
Ноябрь
КПО/Отпуск из сети 
Отпуск из сети, млн. кВт.ч
Организация 
Все
Прогноз электропотребления и выручки за услуги по передаче в разрезе отраслей'

13-01-2025T09:33:22 - [TEST_STEP][PASSED] - click(findTestObject("Прогноз по отраслям/Переключить отображение с абс на проценты")): Object: 'Object Repository/Прогноз по отраслям/Переключить отображение с абс на проценты' is clicked on

13-01-2025T09:33:23 - [MESSAGE][PASSED] - Object: 'Object Repository/Прогноз по отраслям/Переключить отображение с абс на проценты' is clicked on

13-01-2025T09:33:23 - [TEST_STEP][PASSED] - i = a1.indexOf("млрд. кВт.ч."): null

13-01-2025T09:33:23 - [TEST_STEP][PASSED] - if (i > -1): null

13-01-2025T09:33:23 - [TEST_STEP][PASSED] - a1 = a1.substring(0, i) + a1.substring(i + 12, a1.length()): null

13-01-2025T09:33:23 - [TEST_STEP][PASSED] - i = a1.indexOf("Выручка"): null

13-01-2025T09:33:23 - [TEST_STEP][PASSED] - if (i > -1): null

13-01-2025T09:33:23 - [TEST_STEP][PASSED] - a1 = a1.substring(0, i) + a1.substring(i + 8, a1.length()): null

13-01-2025T09:33:23 - [TEST_STEP][PASSED] - i = a1.indexOf("по ПАО Россети на 2023 год"): null

13-01-2025T09:33:23 - [TEST_STEP][PASSED] - if (i > -1): null

13-01-2025T09:33:23 - [TEST_STEP][PASSED] - a1 = a1.substring(0, i) + a1.substring(i + 27, a1.length()): null

13-01-2025T09:33:23 - [TEST_STEP][PASSED] - i = a1.indexOf("по ПАО Россети на 2023 год"): null

13-01-2025T09:33:23 - [TEST_STEP][PASSED] - if (i > -1): null

13-01-2025T09:33:23 - [TEST_STEP][PASSED] - a1 = a1.substring(0, i) + a1.substring(i + 27, a1.length()): null

13-01-2025T09:33:23 - [TEST_STEP][PASSED] - i = a1.indexOf("по ПАО Россети на 2023 год"): null

13-01-2025T09:33:23 - [TEST_STEP][PASSED] - if (i > -1): null

13-01-2025T09:33:23 - [TEST_STEP][PASSED] - a1 = a1.substring(0, i) + a1.substring(i + 27, a1.length()): null

13-01-2025T09:33:23 - [TEST_STEP][PASSED] - i = a1.indexOf("Отклонения"): null

13-01-2025T09:33:23 - [TEST_STEP][PASSED] - if (i > -1): null

13-01-2025T09:33:23 - [TEST_STEP][PASSED] - a1 = a1.substring(0, i) + a1.substring(i + 11, a1.length()): null

13-01-2025T09:33:23 - [TEST_STEP][PASSED] - n = n + 33: null

13-01-2025T09:33:23 - [TEST_STEP][PASSED] - Script1686231490255.WriteToExcel(user, dashboardName, n, data, run, a1, a2, a3, a4, a5, a6, a7, a8, a9): null

13-01-2025T09:33:23 - [TEST_STEP][PASSED] - sheetName = "Sheet1": null

13-01-2025T09:33:23 - [TEST_STEP][PASSED] - workbook01 = getWorkbook(excelFilePath): null

13-01-2025T09:33:23 - [TEST_STEP][PASSED] - sheet01 = getExcelSheet(workbook01, sheetName): null

13-01-2025T09:33:23 - [TEST_STEP][PASSED] - setValueToCellByIndex(sheet01, n, 0, dashboardName): null

13-01-2025T09:33:23 - [TEST_STEP][PASSED] - setValueToCellByIndex(sheet01, n, 10, user): null

13-01-2025T09:33:23 - [TEST_STEP][PASSED] - setValueToCellByIndex(sheet01, n, 1, a1): null

13-01-2025T09:33:23 - [TEST_STEP][PASSED] - setValueToCellByIndex(sheet01, n, 2, a2): null

13-01-2025T09:33:23 - [TEST_STEP][PASSED] - setValueToCellByIndex(sheet01, n, 3, a3): null

13-01-2025T09:33:23 - [TEST_STEP][PASSED] - setValueToCellByIndex(sheet01, n, 4, a4): null

13-01-2025T09:33:23 - [TEST_STEP][PASSED] - setValueToCellByIndex(sheet01, n, 5, a5): null

13-01-2025T09:33:23 - [TEST_STEP][PASSED] - setValueToCellByIndex(sheet01, n, 6, a6): null

13-01-2025T09:33:23 - [TEST_STEP][PASSED] - setValueToCellByIndex(sheet01, n, 7, a7): null

13-01-2025T09:33:23 - [TEST_STEP][PASSED] - setValueToCellByIndex(sheet01, n, 8, a8): null

13-01-2025T09:33:23 - [TEST_STEP][PASSED] - setValueToCellByIndex(sheet01, n, 9, a9): null

13-01-2025T09:33:23 - [TEST_STEP][PASSED] - n = n + 1: null

13-01-2025T09:33:23 - [TEST_STEP][PASSED] - saveWorkbook(excelFilePath, workbook01): null

13-01-2025T09:33:23 - [TEST_STEP][PASSED] - if (run == 2): null

13-01-2025T09:33:23 - [TEST_STEP][PASSED] - if (run == 3): null

13-01-2025T09:33:23 - [TEST_STEP][PASSED] - closeBrowser(): null

13-01-2025T09:33:23 - [MESSAGE][PASSED] - Browser is closed

13-01-2025T09:33:23 - [TEST_STEP][PASSED] - PrognozPoOtraslyam(user, dashboardName, n, data, run, a1, a2, a3, a4, a5, a6, a7, a8, a9, urlData): null

13-01-2025T09:33:23 - [TEST_STEP][PASSED] - n = data.getRowNumbers() + 1: null

13-01-2025T09:33:23 - [TEST_STEP][PASSED] - println(n): null

13-01-2025T09:33:23 - [TEST_STEP][PASSED] - dashboardName = "Прогноз по отраслям": null

13-01-2025T09:33:23 - [TEST_STEP][PASSED] - openBrowser(""): Browser is opened with url: ''

13-01-2025T09:33:23 - [MESSAGE][INFO] - Starting 'Chrome' driver

13-01-2025T09:33:23 - [MESSAGE][INFO] - Action delay is set to 0 milliseconds

13-01-2025T09:33:24 - [MESSAGE][PASSED] - Browser is opened with url: ''

13-01-2025T09:33:24 - [TEST_STEP][PASSED] - urlData = 6: null

13-01-2025T09:33:24 - [TEST_STEP][PASSED] - Script1686231490255.CheckPageDownload(urlData, run): null

13-01-2025T09:33:24 - [TEST_STEP][PASSED] - i = 1: null

13-01-2025T09:33:24 - [TEST_STEP][PASSED] - ii = 0: null

13-01-2025T09:33:24 - [TEST_STEP][PASSED] - urlText = <not implemented yet for class: org.codehaus.groovy.ast.expr.EmptyExpression>: null

13-01-2025T09:33:24 - [TEST_STEP][PASSED] - searchWord = <not implemented yet for class: org.codehaus.groovy.ast.expr.EmptyExpression>: null

13-01-2025T09:33:24 - [TEST_STEP][PASSED] - deleteAllCookies(): Delete all cookies successfully

13-01-2025T09:33:24 - [MESSAGE][PASSED] - Delete all cookies successfully

13-01-2025T09:33:24 - [TEST_STEP][PASSED] - refresh(): Refresh successfully

13-01-2025T09:33:24 - [MESSAGE][PASSED] - Refresh successfully

13-01-2025T09:33:24 - [TEST_STEP][PASSED] - delay(70): Delayed 70 second(s)

13-01-2025T09:34:34 - [MESSAGE][PASSED] - Delayed 70 second(s)

13-01-2025T09:34:34 - [TEST_STEP][PASSED] - navigateToUrl(findTestData("PlanFact").getValue(10, urlData)): Navigate to 'https://bi.rosseti.digital/viewer?dashboardGuid=d6acb5b1a7114a9791b34de39263106e&sheetGuid=0b6d261d7f7b4424a967aa8f3a724189&fit=true' successfully

13-01-2025T09:34:41 - [MESSAGE][PASSED] - Navigate to 'https://bi.rosseti.digital/viewer?dashboardGuid=d6acb5b1a7114a9791b34de39263106e&sheetGuid=0b6d261d7f7b4424a967aa8f3a724189&fit=true' successfully

13-01-2025T09:34:41 - [TEST_STEP][PASSED] - pageLoaded1 = verifyElementPresent(findTestObject("Страница авторизации/Text"), 30): Object 'Object Repository/Страница авторизации/Text' is present

13-01-2025T09:34:43 - [MESSAGE][PASSED] - Object 'Object Repository/Страница авторизации/Text' is present

13-01-2025T09:34:43 - [TEST_STEP][PASSED] - if (pageLoaded1 == false): null

13-01-2025T09:34:43 - [TEST_STEP][PASSED] - urlText = getText(findTestObject("Страница авторизации/Text")): Text of object 'Object Repository/Страница авторизации/Text' is: 'Вход'

13-01-2025T09:34:43 - [MESSAGE][PASSED] - Text of object 'Object Repository/Страница авторизации/Text' is: 'Вход'

13-01-2025T09:34:43 - [TEST_STEP][PASSED] - delay(70): Delayed 70 second(s)

13-01-2025T09:35:53 - [MESSAGE][PASSED] - Delayed 70 second(s)

13-01-2025T09:35:53 - [TEST_STEP][PASSED] - searchWord = "Вход": null

13-01-2025T09:35:53 - [TEST_STEP][PASSED] - if (urlText.contains(searchWord) == false): null

13-01-2025T09:35:53 - [TEST_STEP][PASSED] - setText(findTestObject("Страница авторизации/input__username"), findTestData("PlanFact").getValue(8, run)): Text 'Andreeva-EV' is set on object 'Object Repository/Страница авторизации/input__username'

13-01-2025T09:35:54 - [MESSAGE][PASSED] - Text 'Andreeva-EV' is set on object 'Object Repository/Страница авторизации/input__username'

13-01-2025T09:35:54 - [TEST_STEP][PASSED] - setText(findTestObject("Страница авторизации/input__password"), findTestData("PlanFact").getValue(9, run)): Text '2nPePKDwCPH3ul7xMZ' is set on object 'Object Repository/Страница авторизации/input__password'

13-01-2025T09:35:54 - [MESSAGE][PASSED] - Text '2nPePKDwCPH3ul7xMZ' is set on object 'Object Repository/Страница авторизации/input__password'

13-01-2025T09:35:54 - [TEST_STEP][PASSED] - click(findTestObject("Страница авторизации/button_")): Object: 'Object Repository/Страница авторизации/button_' is clicked on

13-01-2025T09:35:57 - [MESSAGE][PASSED] - Object: 'Object Repository/Страница авторизации/button_' is clicked on

13-01-2025T09:35:57 - [TEST_STEP][PASSED] - delay(70): Delayed 70 second(s)

13-01-2025T09:37:07 - [MESSAGE][PASSED] - Delayed 70 second(s)

13-01-2025T09:37:07 - [TEST_STEP][PASSED] - searchWord = "а": null

13-01-2025T09:37:07 - [TEST_STEP][PASSED] - pageLoaded2 = verifyElementPresent(findTestObject("Страница авторизации/Text"), 50): Object 'Object Repository/Страница авторизации/Text' is present

13-01-2025T09:37:08 - [MESSAGE][PASSED] - Object 'Object Repository/Страница авторизации/Text' is present

13-01-2025T09:37:08 - [TEST_STEP][PASSED] - if (pageLoaded2 == false): null

13-01-2025T09:37:08 - [TEST_STEP][PASSED] - urlText = getText(findTestObject("Страница авторизации/Text")): Text of object 'Object Repository/Страница авторизации/Text' is: 'Год 
2023 год
Сравнение с 
План
Динамика электропотребления, млрд. кВт.ч. по ПАО Россети на 2023 год
10 10
190 190
36 36
14 14
9 9
14 14
4 4
17 17
80 80
19 19
82 82
588 588
10 10
197 197
37 37
48 48
10 10
15 15
4 4
18 18
80 80
19 19
82 82
608 608
План
Ожидаемое (прогноз по конца года)
Интер РАО (дляФСК)
Промышленныепотребители
Транспорт
Нефтедобыча
Нефтепереработка
Нефтепроводы
Газопроводы
Сельскоехозяйство ипищеваяпромышленность
Непромышленныепотребители
Государственные(муниципальные)организации ипрочиебюджетныепотребители
Население иприравненныегруппыпотребителей
Территориальныесетевыеорганизации
Выручка по ПАО Россети на 2023 год
5 5
319 319
81 81
16 16
16 16
20 20
2 2
56 56
215 215
67 67
218 218
239 239
6 6
331 331
82 82
77 77
20 20
20 20
3 3
57 57
220 220
68 68
214 214
258 258
План
Ожидаемое (прогноз по конца года)
Интер РАО (дляФСК)
Промышленныепотребители
Транспорт
Нефтедобыча
Нефтепереработка
Нефтепроводы
Газопроводы
Сельскоехозяйство ипищеваяпромышленность
Непромышленныепотребители
Государственные(муниципальные)организации ипрочиебюджетныепотребители
Население иприравненныегруппыпотребителей
Территориальныесетевыеорганизации
Отклонения по ПАО Россети на 2023 год
-4.7% -4.7%
3.8% 3.8%
1.9% 1.9%
230.3% 230.3%
10.9% 10.9%
4.2% 4.2%
21.7% 21.7%
3.9% 3.9%
-0.6% -0.6%
1.6% 1.6%
-1.0% -1.0%
3.3% 3.3%
⬤ Отклонение, %
Интер РАО (для ФСК)
Промышленные потребители
Транспорт
Нефтедобыча
Нефтепереработка
Нефтепроводы
Газопроводы
Сельское хозяйство и пищевая пр…
Непромышленные потребители
Государственные (муниципальные…
Население и приравненные групп…
Территориальные сетевые органи…
Выручка отклонения по ПАО Россети на 2023 год
15.6% 15.6%
3.8% 3.8%
1.2% 1.2%
398.2% 398.2%
26.9% 26.9%
-0.6% -0.6%
26.9% 26.9%
1.5% 1.5%
2.7% 2.7%
2.0% 2.0%
-2.0% -2.0%
7.9% 7.9%
⬤ Отклонение, %
Интер РАО (для ФСК)
Промышленные потребители
Транспорт
Нефтедобыча
Нефтепереработка
Нефтепроводы
Газопроводы
Сельское хозяйство и пищевая пр…
Непромышленные потребители
Государственные (муниципальные…
Население и приравненные групп…
Территориальные сетевые органи…
абс.
%
Прогноз на месяц 
Ноябрь
КПО/Отпуск из сети 
Отпуск из сети, млн. кВт.ч
Организация 
Все
Прогноз электропотребления и выручки за услуги по передаче в разрезе отраслей'

13-01-2025T09:37:08 - [MESSAGE][PASSED] - Text of object 'Object Repository/Страница авторизации/Text' is: 'Год 
2023 год
Сравнение с 
План
Динамика электропотребления, млрд. кВт.ч. по ПАО Россети на 2023 год
10 10
190 190
36 36
14 14
9 9
14 14
4 4
17 17
80 80
19 19
82 82
588 588
10 10
197 197
37 37
48 48
10 10
15 15
4 4
18 18
80 80
19 19
82 82
608 608
План
Ожидаемое (прогноз по конца года)
Интер РАО (дляФСК)
Промышленныепотребители
Транспорт
Нефтедобыча
Нефтепереработка
Нефтепроводы
Газопроводы
Сельскоехозяйство ипищеваяпромышленность
Непромышленныепотребители
Государственные(муниципальные)организации ипрочиебюджетныепотребители
Население иприравненныегруппыпотребителей
Территориальныесетевыеорганизации
Выручка по ПАО Россети на 2023 год
5 5
319 319
81 81
16 16
16 16
20 20
2 2
56 56
215 215
67 67
218 218
239 239
6 6
331 331
82 82
77 77
20 20
20 20
3 3
57 57
220 220
68 68
214 214
258 258
План
Ожидаемое (прогноз по конца года)
Интер РАО (дляФСК)
Промышленныепотребители
Транспорт
Нефтедобыча
Нефтепереработка
Нефтепроводы
Газопроводы
Сельскоехозяйство ипищеваяпромышленность
Непромышленныепотребители
Государственные(муниципальные)организации ипрочиебюджетныепотребители
Население иприравненныегруппыпотребителей
Территориальныесетевыеорганизации
Отклонения по ПАО Россети на 2023 год
-4.7% -4.7%
3.8% 3.8%
1.9% 1.9%
230.3% 230.3%
10.9% 10.9%
4.2% 4.2%
21.7% 21.7%
3.9% 3.9%
-0.6% -0.6%
1.6% 1.6%
-1.0% -1.0%
3.3% 3.3%
⬤ Отклонение, %
Интер РАО (для ФСК)
Промышленные потребители
Транспорт
Нефтедобыча
Нефтепереработка
Нефтепроводы
Газопроводы
Сельское хозяйство и пищевая пр…
Непромышленные потребители
Государственные (муниципальные…
Население и приравненные групп…
Территориальные сетевые органи…
Выручка отклонения по ПАО Россети на 2023 год
15.6% 15.6%
3.8% 3.8%
1.2% 1.2%
398.2% 398.2%
26.9% 26.9%
-0.6% -0.6%
26.9% 26.9%
1.5% 1.5%
2.7% 2.7%
2.0% 2.0%
-2.0% -2.0%
7.9% 7.9%
⬤ Отклонение, %
Интер РАО (для ФСК)
Промышленные потребители
Транспорт
Нефтедобыча
Нефтепереработка
Нефтепроводы
Газопроводы
Сельское хозяйство и пищевая пр…
Непромышленные потребители
Государственные (муниципальные…
Население и приравненные групп…
Территориальные сетевые органи…
абс.
%
Прогноз на месяц 
Ноябрь
КПО/Отпуск из сети 
Отпуск из сети, млн. кВт.ч
Организация 
Все
Прогноз электропотребления и выручки за услуги по передаче в разрезе отраслей'

13-01-2025T09:37:08 - [TEST_STEP][PASSED] - if (urlText.contains("ошибка") || urlText.contains(searchWord) == false): null

13-01-2025T09:37:08 - [TEST_STEP][PASSED] - a3 = "": null

13-01-2025T09:37:08 - [TEST_STEP][PASSED] - a4 = "": null

13-01-2025T09:37:08 - [TEST_STEP][PASSED] - a5 = "": null

13-01-2025T09:37:08 - [TEST_STEP][PASSED] - a6 = "": null

13-01-2025T09:37:08 - [TEST_STEP][PASSED] - a7 = "": null

13-01-2025T09:37:08 - [TEST_STEP][PASSED] - a8 = "": null

13-01-2025T09:37:08 - [TEST_STEP][PASSED] - a9 = "": null

13-01-2025T09:37:08 - [TEST_STEP][PASSED] - if (run == 1): null

13-01-2025T09:37:08 - [TEST_STEP][PASSED] - if (run == 2): null

13-01-2025T09:37:08 - [TEST_STEP][PASSED] - user = "Андреева": null

13-01-2025T09:37:08 - [TEST_STEP][PASSED] - a1 = getText(findTestObject("Прогноз по отраслям/Виджеты дашборда")): Text of object 'Object Repository/Прогноз по отраслям/Виджеты дашборда' is: 'Год 
2023 год
Сравнение с 
План
Динамика электропотребления, млрд. кВт.ч. по ПАО Россети на 2023 год
10 10
190 190
36 36
14 14
9 9
14 14
4 4
17 17
80 80
19 19
82 82
588 588
10 10
197 197
37 37
48 48
10 10
15 15
4 4
18 18
80 80
19 19
82 82
608 608
План
Ожидаемое (прогноз по конца года)
Интер РАО (дляФСК)
Промышленныепотребители
Транспорт
Нефтедобыча
Нефтепереработка
Нефтепроводы
Газопроводы
Сельскоехозяйство ипищеваяпромышленность
Непромышленныепотребители
Государственные(муниципальные)организации ипрочиебюджетныепотребители
Население иприравненныегруппыпотребителей
Территориальныесетевыеорганизации
Выручка по ПАО Россети на 2023 год
5 5
319 319
81 81
16 16
16 16
20 20
2 2
56 56
215 215
67 67
218 218
239 239
6 6
331 331
82 82
77 77
20 20
20 20
3 3
57 57
220 220
68 68
214 214
258 258
План
Ожидаемое (прогноз по конца года)
Интер РАО (дляФСК)
Промышленныепотребители
Транспорт
Нефтедобыча
Нефтепереработка
Нефтепроводы
Газопроводы
Сельскоехозяйство ипищеваяпромышленность
Непромышленныепотребители
Государственные(муниципальные)организации ипрочиебюджетныепотребители
Население иприравненныегруппыпотребителей
Территориальныесетевыеорганизации
Отклонения по ПАО Россети на 2023 год
-4.7% -4.7%
3.8% 3.8%
1.9% 1.9%
230.3% 230.3%
10.9% 10.9%
4.2% 4.2%
21.7% 21.7%
3.9% 3.9%
-0.6% -0.6%
1.6% 1.6%
-1.0% -1.0%
3.3% 3.3%
⬤ Отклонение, %
Интер РАО (для ФСК)
Промышленные потребители
Транспорт
Нефтедобыча
Нефтепереработка
Нефтепроводы
Газопроводы
Сельское хозяйство и пищевая пр…
Непромышленные потребители
Государственные (муниципальные…
Население и приравненные групп…
Территориальные сетевые органи…
Выручка отклонения по ПАО Россети на 2023 год
15.6% 15.6%
3.8% 3.8%
1.2% 1.2%
398.2% 398.2%
26.9% 26.9%
-0.6% -0.6%
26.9% 26.9%
1.5% 1.5%
2.7% 2.7%
2.0% 2.0%
-2.0% -2.0%
7.9% 7.9%
⬤ Отклонение, %
Интер РАО (для ФСК)
Промышленные потребители
Транспорт
Нефтедобыча
Нефтепереработка
Нефтепроводы
Газопроводы
Сельское хозяйство и пищевая пр…
Непромышленные потребители
Государственные (муниципальные…
Население и приравненные групп…
Территориальные сетевые органи…
абс.
%
Прогноз на месяц 
Ноябрь
КПО/Отпуск из сети 
Отпуск из сети, млн. кВт.ч
Организация 
Все
Прогноз электропотребления и выручки за услуги по передаче в разрезе отраслей'

13-01-2025T09:37:09 - [MESSAGE][PASSED] - Text of object 'Object Repository/Прогноз по отраслям/Виджеты дашборда' is: 'Год 
2023 год
Сравнение с 
План
Динамика электропотребления, млрд. кВт.ч. по ПАО Россети на 2023 год
10 10
190 190
36 36
14 14
9 9
14 14
4 4
17 17
80 80
19 19
82 82
588 588
10 10
197 197
37 37
48 48
10 10
15 15
4 4
18 18
80 80
19 19
82 82
608 608
План
Ожидаемое (прогноз по конца года)
Интер РАО (дляФСК)
Промышленныепотребители
Транспорт
Нефтедобыча
Нефтепереработка
Нефтепроводы
Газопроводы
Сельскоехозяйство ипищеваяпромышленность
Непромышленныепотребители
Государственные(муниципальные)организации ипрочиебюджетныепотребители
Население иприравненныегруппыпотребителей
Территориальныесетевыеорганизации
Выручка по ПАО Россети на 2023 год
5 5
319 319
81 81
16 16
16 16
20 20
2 2
56 56
215 215
67 67
218 218
239 239
6 6
331 331
82 82
77 77
20 20
20 20
3 3
57 57
220 220
68 68
214 214
258 258
План
Ожидаемое (прогноз по конца года)
Интер РАО (дляФСК)
Промышленныепотребители
Транспорт
Нефтедобыча
Нефтепереработка
Нефтепроводы
Газопроводы
Сельскоехозяйство ипищеваяпромышленность
Непромышленныепотребители
Государственные(муниципальные)организации ипрочиебюджетныепотребители
Население иприравненныегруппыпотребителей
Территориальныесетевыеорганизации
Отклонения по ПАО Россети на 2023 год
-4.7% -4.7%
3.8% 3.8%
1.9% 1.9%
230.3% 230.3%
10.9% 10.9%
4.2% 4.2%
21.7% 21.7%
3.9% 3.9%
-0.6% -0.6%
1.6% 1.6%
-1.0% -1.0%
3.3% 3.3%
⬤ Отклонение, %
Интер РАО (для ФСК)
Промышленные потребители
Транспорт
Нефтедобыча
Нефтепереработка
Нефтепроводы
Газопроводы
Сельское хозяйство и пищевая пр…
Непромышленные потребители
Государственные (муниципальные…
Население и приравненные групп…
Территориальные сетевые органи…
Выручка отклонения по ПАО Россети на 2023 год
15.6% 15.6%
3.8% 3.8%
1.2% 1.2%
398.2% 398.2%
26.9% 26.9%
-0.6% -0.6%
26.9% 26.9%
1.5% 1.5%
2.7% 2.7%
2.0% 2.0%
-2.0% -2.0%
7.9% 7.9%
⬤ Отклонение, %
Интер РАО (для ФСК)
Промышленные потребители
Транспорт
Нефтедобыча
Нефтепереработка
Нефтепроводы
Газопроводы
Сельское хозяйство и пищевая пр…
Непромышленные потребители
Государственные (муниципальные…
Население и приравненные групп…
Территориальные сетевые органи…
абс.
%
Прогноз на месяц 
Ноябрь
КПО/Отпуск из сети 
Отпуск из сети, млн. кВт.ч
Организация 
Все
Прогноз электропотребления и выручки за услуги по передаче в разрезе отраслей'

13-01-2025T09:37:09 - [TEST_STEP][PASSED] - click(findTestObject("Прогноз по отраслям/Переключить отображение с процентов на абс Блок руководителя")): Object: 'Object Repository/Прогноз по отраслям/Переключить отображение с процентов на абс Блок руководителя' is clicked on

13-01-2025T09:37:09 - [MESSAGE][PASSED] - Object: 'Object Repository/Прогноз по отраслям/Переключить отображение с процентов на абс Блок руководителя' is clicked on

13-01-2025T09:37:09 - [TEST_STEP][PASSED] - a2 = getText(findTestObject("Прогноз по отраслям/Виджеты дашборда")): Text of object 'Object Repository/Прогноз по отраслям/Виджеты дашборда' is: 'Год 
2023 год
Сравнение с 
План
Отклонения по ПАО Россети на 2023 год
-492.2 -492.2
7 165.1 7 165.1
689.3 689.3
33 271.7 33 271.7
986.4 986.4
593.8 593.8
764.0 764.0
670.4 670.4
-592.4 -592.4
308.8 308.8
-940.9 -940.9
19 604.1 19 604.1
⬤ Отклонение, млн. кВт.ч
Интер РАО (для ФСК)
Промышленные потребители
Транспорт
Нефтедобыча
Нефтепереработка
Нефтепроводы
Газопроводы
Сельское хозяйство и пищевая пр…
Непромышленные потребители
Государственные (муниципальные…
Население и приравненные групп…
Территориальные сетевые органи…
Выручка отклонения по ПАО Россети на 2023 год
794.9 794.9
12 195.0 12 195.0
972.7 972.7
61 803.9 61 803.9
4 222.3 4 222.3
-121.8 -121.8
666.2 666.2
873.2 873.2
5 809.6 5 809.6
1 342.6 1 342.6
-4 463.2 -4 463.2
18 375.5 18 375.5
⬤ Отклонение, млн. руб.
Интер РАО (для ФСК)
Промышленные потребители
Транспорт
Нефтедобыча
Нефтепереработка
Нефтепроводы
Газопроводы
Сельское хозяйство и пищевая пр…
Непромышленные потребители
Государственные (муниципальные…
Население и приравненные групп…
Территориальные сетевые органи…
Динамика электропотребления, млрд. кВт.ч. по ПАО Россети на 2023 год
10 10
190 190
36 36
14 14
9 9
14 14
4 4
17 17
80 80
19 19
82 82
588 588
10 10
197 197
37 37
48 48
10 10
15 15
4 4
18 18
80 80
19 19
82 82
608 608
План
Ожидаемое (прогноз по конца года)
Интер РАО (дляФСК)
Промышленныепотребители
Транспорт
Нефтедобыча
Нефтепереработка
Нефтепроводы
Газопроводы
Сельскоехозяйство ипищеваяпромышленность
Непромышленныепотребители
Государственные(муниципальные)организации ипрочиебюджетныепотребители
Население иприравненныегруппыпотребителей
Территориальныесетевыеорганизации
Выручка по ПАО Россети на 2023 год
5 5
319 319
81 81
16 16
16 16
20 20
2 2
56 56
215 215
67 67
218 218
239 239
6 6
331 331
82 82
77 77
20 20
20 20
3 3
57 57
220 220
68 68
214 214
258 258
План
Ожидаемое (прогноз по конца года)
Интер РАО (дляФСК)
Промышленныепотребители
Транспорт
Нефтедобыча
Нефтепереработка
Нефтепроводы
Газопроводы
Сельскоехозяйство ипищеваяпромышленность
Непромышленныепотребители
Государственные(муниципальные)организации ипрочиебюджетныепотребители
Население иприравненныегруппыпотребителей
Территориальныесетевыеорганизации
абс.
%
Прогноз на месяц 
Ноябрь
КПО/Отпуск из сети 
Отпуск из сети, млн. кВт.ч
Организация 
Все
Прогноз электропотребления и выручки за услуги по передаче в разрезе отраслей'

13-01-2025T09:37:09 - [MESSAGE][PASSED] - Text of object 'Object Repository/Прогноз по отраслям/Виджеты дашборда' is: 'Год 
2023 год
Сравнение с 
План
Отклонения по ПАО Россети на 2023 год
-492.2 -492.2
7 165.1 7 165.1
689.3 689.3
33 271.7 33 271.7
986.4 986.4
593.8 593.8
764.0 764.0
670.4 670.4
-592.4 -592.4
308.8 308.8
-940.9 -940.9
19 604.1 19 604.1
⬤ Отклонение, млн. кВт.ч
Интер РАО (для ФСК)
Промышленные потребители
Транспорт
Нефтедобыча
Нефтепереработка
Нефтепроводы
Газопроводы
Сельское хозяйство и пищевая пр…
Непромышленные потребители
Государственные (муниципальные…
Население и приравненные групп…
Территориальные сетевые органи…
Выручка отклонения по ПАО Россети на 2023 год
794.9 794.9
12 195.0 12 195.0
972.7 972.7
61 803.9 61 803.9
4 222.3 4 222.3
-121.8 -121.8
666.2 666.2
873.2 873.2
5 809.6 5 809.6
1 342.6 1 342.6
-4 463.2 -4 463.2
18 375.5 18 375.5
⬤ Отклонение, млн. руб.
Интер РАО (для ФСК)
Промышленные потребители
Транспорт
Нефтедобыча
Нефтепереработка
Нефтепроводы
Газопроводы
Сельское хозяйство и пищевая пр…
Непромышленные потребители
Государственные (муниципальные…
Население и приравненные групп…
Территориальные сетевые органи…
Динамика электропотребления, млрд. кВт.ч. по ПАО Россети на 2023 год
10 10
190 190
36 36
14 14
9 9
14 14
4 4
17 17
80 80
19 19
82 82
588 588
10 10
197 197
37 37
48 48
10 10
15 15
4 4
18 18
80 80
19 19
82 82
608 608
План
Ожидаемое (прогноз по конца года)
Интер РАО (дляФСК)
Промышленныепотребители
Транспорт
Нефтедобыча
Нефтепереработка
Нефтепроводы
Газопроводы
Сельскоехозяйство ипищеваяпромышленность
Непромышленныепотребители
Государственные(муниципальные)организации ипрочиебюджетныепотребители
Население иприравненныегруппыпотребителей
Территориальныесетевыеорганизации
Выручка по ПАО Россети на 2023 год
5 5
319 319
81 81
16 16
16 16
20 20
2 2
56 56
215 215
67 67
218 218
239 239
6 6
331 331
82 82
77 77
20 20
20 20
3 3
57 57
220 220
68 68
214 214
258 258
План
Ожидаемое (прогноз по конца года)
Интер РАО (дляФСК)
Промышленныепотребители
Транспорт
Нефтедобыча
Нефтепереработка
Нефтепроводы
Газопроводы
Сельскоехозяйство ипищеваяпромышленность
Непромышленныепотребители
Государственные(муниципальные)организации ипрочиебюджетныепотребители
Население иприравненныегруппыпотребителей
Территориальныесетевыеорганизации
абс.
%
Прогноз на месяц 
Ноябрь
КПО/Отпуск из сети 
Отпуск из сети, млн. кВт.ч
Организация 
Все
Прогноз электропотребления и выручки за услуги по передаче в разрезе отраслей'

13-01-2025T09:37:09 - [TEST_STEP][PASSED] - click(findTestObject("Прогноз по отраслям/Переключить отображение с абс на проценты")): Object: 'Object Repository/Прогноз по отраслям/Переключить отображение с абс на проценты' is clicked on

13-01-2025T09:37:10 - [MESSAGE][PASSED] - Object: 'Object Repository/Прогноз по отраслям/Переключить отображение с абс на проценты' is clicked on

13-01-2025T09:37:10 - [TEST_STEP][PASSED] - i = a1.indexOf("млрд. кВт.ч."): null

13-01-2025T09:37:10 - [TEST_STEP][PASSED] - if (i > -1): null

13-01-2025T09:37:10 - [TEST_STEP][PASSED] - a1 = a1.substring(0, i) + a1.substring(i + 12, a1.length()): null

13-01-2025T09:37:10 - [TEST_STEP][PASSED] - i = a1.indexOf("по ПАО Россети на 2023 год"): null

13-01-2025T09:37:10 - [TEST_STEP][PASSED] - if (i > -1): null

13-01-2025T09:37:10 - [TEST_STEP][PASSED] - a1 = a1.substring(0, i) + a1.substring(i + 27, a1.length()): null

13-01-2025T09:37:10 - [TEST_STEP][PASSED] - i = a1.indexOf("Выручка"): null

13-01-2025T09:37:10 - [TEST_STEP][PASSED] - if (i > -1): null

13-01-2025T09:37:10 - [TEST_STEP][PASSED] - a1 = a1.substring(0, i) + a1.substring(i + 8, a1.length()): null

13-01-2025T09:37:10 - [TEST_STEP][PASSED] - i = a1.indexOf("по ПАО Россети на 2023 год"): null

13-01-2025T09:37:10 - [TEST_STEP][PASSED] - if (i > -1): null

13-01-2025T09:37:10 - [TEST_STEP][PASSED] - a1 = a1.substring(0, i) + a1.substring(i + 27, a1.length()): null

13-01-2025T09:37:10 - [TEST_STEP][PASSED] - i = a1.indexOf("по ПАО Россети на 2023 год"): null

13-01-2025T09:37:10 - [TEST_STEP][PASSED] - if (i > -1): null

13-01-2025T09:37:10 - [TEST_STEP][PASSED] - a1 = a1.substring(0, i) + a1.substring(i + 27, a1.length()): null

13-01-2025T09:37:10 - [TEST_STEP][PASSED] - i = a1.indexOf("Отклонения по ПАО Россети на 2023 год"): null

13-01-2025T09:37:10 - [TEST_STEP][PASSED] - if (i > -1): null

13-01-2025T09:37:10 - [TEST_STEP][PASSED] - i = a1.indexOf("Отклонения"): null

13-01-2025T09:37:10 - [TEST_STEP][PASSED] - if (i > -1): null

13-01-2025T09:37:10 - [TEST_STEP][PASSED] - a1 = a1.substring(0, i) + a1.substring(i + 11, a1.length()): null

13-01-2025T09:37:10 - [TEST_STEP][PASSED] - n = n + 34: null

13-01-2025T09:37:10 - [TEST_STEP][PASSED] - b = n - run + 1: null

13-01-2025T09:37:10 - [TEST_STEP][PASSED] - verifyEqual(findTestData("PlanFact").getValue(2, b), a1): Actual object 'Год 
2023 год
Сравнение с 
План
Динамика электропотребления,  10 10
190 190
36 36
14 14
9 9
14 14
4 4
17 17
80 80
19 19
82 82
588 588
10 10
197 197
37 37
48 48
10 10
15 15
4 4
18 18
80 80
19 19
82 82
608 608
План
Ожидаемое (прогноз по конца года)
Интер РАО (дляФСК)
Промышленныепотребители
Транспорт
Нефтедобыча
Нефтепереработка
Нефтепроводы
Газопроводы
Сельскоехозяйство ипищеваяпромышленность
Непромышленныепотребители
Государственные(муниципальные)организации ипрочиебюджетныепотребители
Население иприравненныегруппыпотребителей
Территориальныесетевыеорганизации
5 5
319 319
81 81
16 16
16 16
20 20
2 2
56 56
215 215
67 67
218 218
239 239
6 6
331 331
82 82
77 77
20 20
20 20
3 3
57 57
220 220
68 68
214 214
258 258
План
Ожидаемое (прогноз по конца года)
Интер РАО (дляФСК)
Промышленныепотребители
Транспорт
Нефтедобыча
Нефтепереработка
Нефтепроводы
Газопроводы
Сельскоехозяйство ипищеваяпромышленность
Непромышленныепотребители
Государственные(муниципальные)организации ипрочиебюджетныепотребители
Население иприравненныегруппыпотребителей
Территориальныесетевыеорганизации
-4.7% -4.7%
3.8% 3.8%
1.9% 1.9%
230.3% 230.3%
10.9% 10.9%
4.2% 4.2%
21.7% 21.7%
3.9% 3.9%
-0.6% -0.6%
1.6% 1.6%
-1.0% -1.0%
3.3% 3.3%
⬤ Отклонение, %
Интер РАО (для ФСК)
Промышленные потребители
Транспорт
Нефтедобыча
Нефтепереработка
Нефтепроводы
Газопроводы
Сельское хозяйство и пищевая пр…
Непромышленные потребители
Государственные (муниципальные…
Население и приравненные групп…
Территориальные сетевые органи…
Выручка отклонения по ПАО Россети на 2023 год
15.6% 15.6%
3.8% 3.8%
1.2% 1.2%
398.2% 398.2%
26.9% 26.9%
-0.6% -0.6%
26.9% 26.9%
1.5% 1.5%
2.7% 2.7%
2.0% 2.0%
-2.0% -2.0%
7.9% 7.9%
⬤ Отклонение, %
Интер РАО (для ФСК)
Промышленные потребители
Транспорт
Нефтедобыча
Нефтепереработка
Нефтепроводы
Газопроводы
Сельское хозяйство и пищевая пр…
Непромышленные потребители
Государственные (муниципальные…
Население и приравненные групп…
Территориальные сетевые органи…
абс.
%
Прогноз на месяц 
Ноябрь
КПО/Отпуск из сети 
Отпуск из сети, млн. кВт.ч
Организация 
Все
Прогноз электропотребления и выручки за услуги по передаче в разрезе отраслей' and expected object 'Год 
2023 год
Сравнение с 
План
Динамика электропотребления,  10 10
190 190
36 36
14 14
9 9
14 14
4 4
17 17
80 80
19 19
82 82
588 588
10 10
197 197
37 37
48 48
10 10
15 15
4 4
18 18
80 80
19 19
82 82
608 608
План
Ожидаемое (прогноз по конца года)
Интер РАО (дляФСК)
Промышленныепотребители
Транспорт
Нефтедобыча
Нефтепереработка
Нефтепроводы
Газопроводы
Сельскоехозяйство ипищеваяпромышленность
Непромышленныепотребители
Государственные(муниципальные)организации ипрочиебюджетныепотребители
Население иприравненныегруппыпотребителей
Территориальныесетевыеорганизации
5 5
319 319
81 81
16 16
16 16
20 20
2 2
56 56
215 215
67 67
218 218
239 239
6 6
331 331
82 82
77 77
20 20
20 20
3 3
57 57
220 220
68 68
214 214
258 258
План
Ожидаемое (прогноз по конца года)
Интер РАО (дляФСК)
Промышленныепотребители
Транспорт
Нефтедобыча
Нефтепереработка
Нефтепроводы
Газопроводы
Сельскоехозяйство ипищеваяпромышленность
Непромышленныепотребители
Государственные(муниципальные)организации ипрочиебюджетныепотребители
Население иприравненныегруппыпотребителей
Территориальныесетевыеорганизации
-4.7% -4.7%
3.8% 3.8%
1.9% 1.9%
230.3% 230.3%
10.9% 10.9%
4.2% 4.2%
21.7% 21.7%
3.9% 3.9%
-0.6% -0.6%
1.6% 1.6%
-1.0% -1.0%
3.3% 3.3%
⬤ Отклонение, %
Интер РАО (для ФСК)
Промышленные потребители
Транспорт
Нефтедобыча
Нефтепереработка
Нефтепроводы
Газопроводы
Сельское хозяйство и пищевая пр…
Непромышленные потребители
Государственные (муниципальные…
Население и приравненные групп…
Территориальные сетевые органи…
Выручка отклонения по ПАО Россети на 2023 год
15.6% 15.6%
3.8% 3.8%
1.2% 1.2%
398.2% 398.2%
26.9% 26.9%
-0.6% -0.6%
26.9% 26.9%
1.5% 1.5%
2.7% 2.7%
2.0% 2.0%
-2.0% -2.0%
7.9% 7.9%
⬤ Отклонение, %
Интер РАО (для ФСК)
Промышленные потребители
Транспорт
Нефтедобыча
Нефтепереработка
Нефтепроводы
Газопроводы
Сельское хозяйство и пищевая пр…
Непромышленные потребители
Государственные (муниципальные…
Население и приравненные групп…
Территориальные сетевые органи…
абс.
%
Прогноз на месяц 
Ноябрь
КПО/Отпуск из сети 
Отпуск из сети, млн. кВт.ч
Организация 
Все
Прогноз электропотребления и выручки за услуги по передаче в разрезе отраслей' are equal

13-01-2025T09:37:10 - [MESSAGE][PASSED] - Actual object 'Год 
2023 год
Сравнение с 
План
Динамика электропотребления,  10 10
190 190
36 36
14 14
9 9
14 14
4 4
17 17
80 80
19 19
82 82
588 588
10 10
197 197
37 37
48 48
10 10
15 15
4 4
18 18
80 80
19 19
82 82
608 608
План
Ожидаемое (прогноз по конца года)
Интер РАО (дляФСК)
Промышленныепотребители
Транспорт
Нефтедобыча
Нефтепереработка
Нефтепроводы
Газопроводы
Сельскоехозяйство ипищеваяпромышленность
Непромышленныепотребители
Государственные(муниципальные)организации ипрочиебюджетныепотребители
Население иприравненныегруппыпотребителей
Территориальныесетевыеорганизации
5 5
319 319
81 81
16 16
16 16
20 20
2 2
56 56
215 215
67 67
218 218
239 239
6 6
331 331
82 82
77 77
20 20
20 20
3 3
57 57
220 220
68 68
214 214
258 258
План
Ожидаемое (прогноз по конца года)
Интер РАО (дляФСК)
Промышленныепотребители
Транспорт
Нефтедобыча
Нефтепереработка
Нефтепроводы
Газопроводы
Сельскоехозяйство ипищеваяпромышленность
Непромышленныепотребители
Государственные(муниципальные)организации ипрочиебюджетныепотребители
Население иприравненныегруппыпотребителей
Территориальныесетевыеорганизации
-4.7% -4.7%
3.8% 3.8%
1.9% 1.9%
230.3% 230.3%
10.9% 10.9%
4.2% 4.2%
21.7% 21.7%
3.9% 3.9%
-0.6% -0.6%
1.6% 1.6%
-1.0% -1.0%
3.3% 3.3%
⬤ Отклонение, %
Интер РАО (для ФСК)
Промышленные потребители
Транспорт
Нефтедобыча
Нефтепереработка
Нефтепроводы
Газопроводы
Сельское хозяйство и пищевая пр…
Непромышленные потребители
Государственные (муниципальные…
Население и приравненные групп…
Территориальные сетевые органи…
Выручка отклонения по ПАО Россети на 2023 год
15.6% 15.6%
3.8% 3.8%
1.2% 1.2%
398.2% 398.2%
26.9% 26.9%
-0.6% -0.6%
26.9% 26.9%
1.5% 1.5%
2.7% 2.7%
2.0% 2.0%
-2.0% -2.0%
7.9% 7.9%
⬤ Отклонение, %
Интер РАО (для ФСК)
Промышленные потребители
Транспорт
Нефтедобыча
Нефтепереработка
Нефтепроводы
Газопроводы
Сельское хозяйство и пищевая пр…
Непромышленные потребители
Государственные (муниципальные…
Население и приравненные групп…
Территориальные сетевые органи…
абс.
%
Прогноз на месяц 
Ноябрь
КПО/Отпуск из сети 
Отпуск из сети, млн. кВт.ч
Организация 
Все
Прогноз электропотребления и выручки за услуги по передаче в разрезе отраслей' and expected object 'Год 
2023 год
Сравнение с 
План
Динамика электропотребления,  10 10
190 190
36 36
14 14
9 9
14 14
4 4
17 17
80 80
19 19
82 82
588 588
10 10
197 197
37 37
48 48
10 10
15 15
4 4
18 18
80 80
19 19
82 82
608 608
План
Ожидаемое (прогноз по конца года)
Интер РАО (дляФСК)
Промышленныепотребители
Транспорт
Нефтедобыча
Нефтепереработка
Нефтепроводы
Газопроводы
Сельскоехозяйство ипищеваяпромышленность
Непромышленныепотребители
Государственные(муниципальные)организации ипрочиебюджетныепотребители
Население иприравненныегруппыпотребителей
Территориальныесетевыеорганизации
5 5
319 319
81 81
16 16
16 16
20 20
2 2
56 56
215 215
67 67
218 218
239 239
6 6
331 331
82 82
77 77
20 20
20 20
3 3
57 57
220 220
68 68
214 214
258 258
План
Ожидаемое (прогноз по конца года)
Интер РАО (дляФСК)
Промышленныепотребители
Транспорт
Нефтедобыча
Нефтепереработка
Нефтепроводы
Газопроводы
Сельскоехозяйство ипищеваяпромышленность
Непромышленныепотребители
Государственные(муниципальные)организации ипрочиебюджетныепотребители
Население иприравненныегруппыпотребителей
Территориальныесетевыеорганизации
-4.7% -4.7%
3.8% 3.8%
1.9% 1.9%
230.3% 230.3%
10.9% 10.9%
4.2% 4.2%
21.7% 21.7%
3.9% 3.9%
-0.6% -0.6%
1.6% 1.6%
-1.0% -1.0%
3.3% 3.3%
⬤ Отклонение, %
Интер РАО (для ФСК)
Промышленные потребители
Транспорт
Нефтедобыча
Нефтепереработка
Нефтепроводы
Газопроводы
Сельское хозяйство и пищевая пр…
Непромышленные потребители
Государственные (муниципальные…
Население и приравненные групп…
Территориальные сетевые органи…
Выручка отклонения по ПАО Россети на 2023 год
15.6% 15.6%
3.8% 3.8%
1.2% 1.2%
398.2% 398.2%
26.9% 26.9%
-0.6% -0.6%
26.9% 26.9%
1.5% 1.5%
2.7% 2.7%
2.0% 2.0%
-2.0% -2.0%
7.9% 7.9%
⬤ Отклонение, %
Интер РАО (для ФСК)
Промышленные потребители
Транспорт
Нефтедобыча
Нефтепереработка
Нефтепроводы
Газопроводы
Сельское хозяйство и пищевая пр…
Непромышленные потребители
Государственные (муниципальные…
Население и приравненные групп…
Территориальные сетевые органи…
абс.
%
Прогноз на месяц 
Ноябрь
КПО/Отпуск из сети 
Отпуск из сети, млн. кВт.ч
Организация 
Все
Прогноз электропотребления и выручки за услуги по передаче в разрезе отраслей' are equal

13-01-2025T09:37:10 - [TEST_STEP][PASSED] - verifyEqual(findTestData("PlanFact").getValue(3, b), a2): Actual object 'Год 
2023 год
Сравнение с 
План
Отклонения по ПАО Россети на 2023 год
-492.2 -492.2
7 165.1 7 165.1
689.3 689.3
33 271.7 33 271.7
986.4 986.4
593.8 593.8
764.0 764.0
670.4 670.4
-592.4 -592.4
308.8 308.8
-940.9 -940.9
19 604.1 19 604.1
⬤ Отклонение, млн. кВт.ч
Интер РАО (для ФСК)
Промышленные потребители
Транспорт
Нефтедобыча
Нефтепереработка
Нефтепроводы
Газопроводы
Сельское хозяйство и пищевая пр…
Непромышленные потребители
Государственные (муниципальные…
Население и приравненные групп…
Территориальные сетевые органи…
Выручка отклонения по ПАО Россети на 2023 год
794.9 794.9
12 195.0 12 195.0
972.7 972.7
61 803.9 61 803.9
4 222.3 4 222.3
-121.8 -121.8
666.2 666.2
873.2 873.2
5 809.6 5 809.6
1 342.6 1 342.6
-4 463.2 -4 463.2
18 375.5 18 375.5
⬤ Отклонение, млн. руб.
Интер РАО (для ФСК)
Промышленные потребители
Транспорт
Нефтедобыча
Нефтепереработка
Нефтепроводы
Газопроводы
Сельское хозяйство и пищевая пр…
Непромышленные потребители
Государственные (муниципальные…
Население и приравненные групп…
Территориальные сетевые органи…
Динамика электропотребления, млрд. кВт.ч. по ПАО Россети на 2023 год
10 10
190 190
36 36
14 14
9 9
14 14
4 4
17 17
80 80
19 19
82 82
588 588
10 10
197 197
37 37
48 48
10 10
15 15
4 4
18 18
80 80
19 19
82 82
608 608
План
Ожидаемое (прогноз по конца года)
Интер РАО (дляФСК)
Промышленныепотребители
Транспорт
Нефтедобыча
Нефтепереработка
Нефтепроводы
Газопроводы
Сельскоехозяйство ипищеваяпромышленность
Непромышленныепотребители
Государственные(муниципальные)организации ипрочиебюджетныепотребители
Население иприравненныегруппыпотребителей
Территориальныесетевыеорганизации
Выручка по ПАО Россети на 2023 год
5 5
319 319
81 81
16 16
16 16
20 20
2 2
56 56
215 215
67 67
218 218
239 239
6 6
331 331
82 82
77 77
20 20
20 20
3 3
57 57
220 220
68 68
214 214
258 258
План
Ожидаемое (прогноз по конца года)
Интер РАО (дляФСК)
Промышленныепотребители
Транспорт
Нефтедобыча
Нефтепереработка
Нефтепроводы
Газопроводы
Сельскоехозяйство ипищеваяпромышленность
Непромышленныепотребители
Государственные(муниципальные)организации ипрочиебюджетныепотребители
Население иприравненныегруппыпотребителей
Территориальныесетевыеорганизации
абс.
%
Прогноз на месяц 
Ноябрь
КПО/Отпуск из сети 
Отпуск из сети, млн. кВт.ч
Организация 
Все
Прогноз электропотребления и выручки за услуги по передаче в разрезе отраслей' and expected object 'Год 
2023 год
Сравнение с 
План
Отклонения по ПАО Россети на 2023 год
-492.2 -492.2
7 165.1 7 165.1
689.3 689.3
33 271.7 33 271.7
986.4 986.4
593.8 593.8
764.0 764.0
670.4 670.4
-592.4 -592.4
308.8 308.8
-940.9 -940.9
19 604.1 19 604.1
⬤ Отклонение, млн. кВт.ч
Интер РАО (для ФСК)
Промышленные потребители
Транспорт
Нефтедобыча
Нефтепереработка
Нефтепроводы
Газопроводы
Сельское хозяйство и пищевая пр…
Непромышленные потребители
Государственные (муниципальные…
Население и приравненные групп…
Территориальные сетевые органи…
Выручка отклонения по ПАО Россети на 2023 год
794.9 794.9
12 195.0 12 195.0
972.7 972.7
61 803.9 61 803.9
4 222.3 4 222.3
-121.8 -121.8
666.2 666.2
873.2 873.2
5 809.6 5 809.6
1 342.6 1 342.6
-4 463.2 -4 463.2
18 375.5 18 375.5
⬤ Отклонение, млн. руб.
Интер РАО (для ФСК)
Промышленные потребители
Транспорт
Нефтедобыча
Нефтепереработка
Нефтепроводы
Газопроводы
Сельское хозяйство и пищевая пр…
Непромышленные потребители
Государственные (муниципальные…
Население и приравненные групп…
Территориальные сетевые органи…
Динамика электропотребления, млрд. кВт.ч. по ПАО Россети на 2023 год
10 10
190 190
36 36
14 14
9 9
14 14
4 4
17 17
80 80
19 19
82 82
588 588
10 10
197 197
37 37
48 48
10 10
15 15
4 4
18 18
80 80
19 19
82 82
608 608
План
Ожидаемое (прогноз по конца года)
Интер РАО (дляФСК)
Промышленныепотребители
Транспорт
Нефтедобыча
Нефтепереработка
Нефтепроводы
Газопроводы
Сельскоехозяйство ипищеваяпромышленность
Непромышленныепотребители
Государственные(муниципальные)организации ипрочиебюджетныепотребители
Население иприравненныегруппыпотребителей
Территориальныесетевыеорганизации
Выручка по ПАО Россети на 2023 год
5 5
319 319
81 81
16 16
16 16
20 20
2 2
56 56
215 215
67 67
218 218
239 239
6 6
331 331
82 82
77 77
20 20
20 20
3 3
57 57
220 220
68 68
214 214
258 258
План
Ожидаемое (прогноз по конца года)
Интер РАО (дляФСК)
Промышленныепотребители
Транспорт
Нефтедобыча
Нефтепереработка
Нефтепроводы
Газопроводы
Сельскоехозяйство ипищеваяпромышленность
Непромышленныепотребители
Государственные(муниципальные)организации ипрочиебюджетныепотребители
Население иприравненныегруппыпотребителей
Территориальныесетевыеорганизации
абс.
%
Прогноз на месяц 
Ноябрь
КПО/Отпуск из сети 
Отпуск из сети, млн. кВт.ч
Организация 
Все
Прогноз электропотребления и выручки за услуги по передаче в разрезе отраслей' are equal

13-01-2025T09:37:10 - [MESSAGE][PASSED] - Actual object 'Год 
2023 год
Сравнение с 
План
Отклонения по ПАО Россети на 2023 год
-492.2 -492.2
7 165.1 7 165.1
689.3 689.3
33 271.7 33 271.7
986.4 986.4
593.8 593.8
764.0 764.0
670.4 670.4
-592.4 -592.4
308.8 308.8
-940.9 -940.9
19 604.1 19 604.1
⬤ Отклонение, млн. кВт.ч
Интер РАО (для ФСК)
Промышленные потребители
Транспорт
Нефтедобыча
Нефтепереработка
Нефтепроводы
Газопроводы
Сельское хозяйство и пищевая пр…
Непромышленные потребители
Государственные (муниципальные…
Население и приравненные групп…
Территориальные сетевые органи…
Выручка отклонения по ПАО Россети на 2023 год
794.9 794.9
12 195.0 12 195.0
972.7 972.7
61 803.9 61 803.9
4 222.3 4 222.3
-121.8 -121.8
666.2 666.2
873.2 873.2
5 809.6 5 809.6
1 342.6 1 342.6
-4 463.2 -4 463.2
18 375.5 18 375.5
⬤ Отклонение, млн. руб.
Интер РАО (для ФСК)
Промышленные потребители
Транспорт
Нефтедобыча
Нефтепереработка
Нефтепроводы
Газопроводы
Сельское хозяйство и пищевая пр…
Непромышленные потребители
Государственные (муниципальные…
Население и приравненные групп…
Территориальные сетевые органи…
Динамика электропотребления, млрд. кВт.ч. по ПАО Россети на 2023 год
10 10
190 190
36 36
14 14
9 9
14 14
4 4
17 17
80 80
19 19
82 82
588 588
10 10
197 197
37 37
48 48
10 10
15 15
4 4
18 18
80 80
19 19
82 82
608 608
План
Ожидаемое (прогноз по конца года)
Интер РАО (дляФСК)
Промышленныепотребители
Транспорт
Нефтедобыча
Нефтепереработка
Нефтепроводы
Газопроводы
Сельскоехозяйство ипищеваяпромышленность
Непромышленныепотребители
Государственные(муниципальные)организации ипрочиебюджетныепотребители
Население иприравненныегруппыпотребителей
Территориальныесетевыеорганизации
Выручка по ПАО Россети на 2023 год
5 5
319 319
81 81
16 16
16 16
20 20
2 2
56 56
215 215
67 67
218 218
239 239
6 6
331 331
82 82
77 77
20 20
20 20
3 3
57 57
220 220
68 68
214 214
258 258
План
Ожидаемое (прогноз по конца года)
Интер РАО (дляФСК)
Промышленныепотребители
Транспорт
Нефтедобыча
Нефтепереработка
Нефтепроводы
Газопроводы
Сельскоехозяйство ипищеваяпромышленность
Непромышленныепотребители
Государственные(муниципальные)организации ипрочиебюджетныепотребители
Население иприравненныегруппыпотребителей
Территориальныесетевыеорганизации
абс.
%
Прогноз на месяц 
Ноябрь
КПО/Отпуск из сети 
Отпуск из сети, млн. кВт.ч
Организация 
Все
Прогноз электропотребления и выручки за услуги по передаче в разрезе отраслей' and expected object 'Год 
2023 год
Сравнение с 
План
Отклонения по ПАО Россети на 2023 год
-492.2 -492.2
7 165.1 7 165.1
689.3 689.3
33 271.7 33 271.7
986.4 986.4
593.8 593.8
764.0 764.0
670.4 670.4
-592.4 -592.4
308.8 308.8
-940.9 -940.9
19 604.1 19 604.1
⬤ Отклонение, млн. кВт.ч
Интер РАО (для ФСК)
Промышленные потребители
Транспорт
Нефтедобыча
Нефтепереработка
Нефтепроводы
Газопроводы
Сельское хозяйство и пищевая пр…
Непромышленные потребители
Государственные (муниципальные…
Население и приравненные групп…
Территориальные сетевые органи…
Выручка отклонения по ПАО Россети на 2023 год
794.9 794.9
12 195.0 12 195.0
972.7 972.7
61 803.9 61 803.9
4 222.3 4 222.3
-121.8 -121.8
666.2 666.2
873.2 873.2
5 809.6 5 809.6
1 342.6 1 342.6
-4 463.2 -4 463.2
18 375.5 18 375.5
⬤ Отклонение, млн. руб.
Интер РАО (для ФСК)
Промышленные потребители
Транспорт
Нефтедобыча
Нефтепереработка
Нефтепроводы
Газопроводы
Сельское хозяйство и пищевая пр…
Непромышленные потребители
Государственные (муниципальные…
Население и приравненные групп…
Территориальные сетевые органи…
Динамика электропотребления, млрд. кВт.ч. по ПАО Россети на 2023 год
10 10
190 190
36 36
14 14
9 9
14 14
4 4
17 17
80 80
19 19
82 82
588 588
10 10
197 197
37 37
48 48
10 10
15 15
4 4
18 18
80 80
19 19
82 82
608 608
План
Ожидаемое (прогноз по конца года)
Интер РАО (дляФСК)
Промышленныепотребители
Транспорт
Нефтедобыча
Нефтепереработка
Нефтепроводы
Газопроводы
Сельскоехозяйство ипищеваяпромышленность
Непромышленныепотребители
Государственные(муниципальные)организации ипрочиебюджетныепотребители
Население иприравненныегруппыпотребителей
Территориальныесетевыеорганизации
Выручка по ПАО Россети на 2023 год
5 5
319 319
81 81
16 16
16 16
20 20
2 2
56 56
215 215
67 67
218 218
239 239
6 6
331 331
82 82
77 77
20 20
20 20
3 3
57 57
220 220
68 68
214 214
258 258
План
Ожидаемое (прогноз по конца года)
Интер РАО (дляФСК)
Промышленныепотребители
Транспорт
Нефтедобыча
Нефтепереработка
Нефтепроводы
Газопроводы
Сельскоехозяйство ипищеваяпромышленность
Непромышленныепотребители
Государственные(муниципальные)организации ипрочиебюджетныепотребители
Население иприравненныегруппыпотребителей
Территориальныесетевыеорганизации
абс.
%
Прогноз на месяц 
Ноябрь
КПО/Отпуск из сети 
Отпуск из сети, млн. кВт.ч
Организация 
Все
Прогноз электропотребления и выручки за услуги по передаче в разрезе отраслей' are equal

13-01-2025T09:37:10 - [TEST_STEP][PASSED] - Script1686231490255.WriteToExcel(user, dashboardName, n, data, run, a1, a2, a3, a4, a5, a6, a7, a8, a9): null

13-01-2025T09:37:10 - [TEST_STEP][PASSED] - sheetName = "Sheet1": null

13-01-2025T09:37:10 - [TEST_STEP][PASSED] - workbook01 = getWorkbook(excelFilePath): null

13-01-2025T09:37:10 - [TEST_STEP][PASSED] - sheet01 = getExcelSheet(workbook01, sheetName): null

13-01-2025T09:37:10 - [TEST_STEP][PASSED] - setValueToCellByIndex(sheet01, n, 0, dashboardName): null

13-01-2025T09:37:10 - [TEST_STEP][PASSED] - setValueToCellByIndex(sheet01, n, 10, user): null

13-01-2025T09:37:10 - [TEST_STEP][PASSED] - setValueToCellByIndex(sheet01, n, 1, a1): null

13-01-2025T09:37:10 - [TEST_STEP][PASSED] - setValueToCellByIndex(sheet01, n, 2, a2): null

13-01-2025T09:37:10 - [TEST_STEP][PASSED] - setValueToCellByIndex(sheet01, n, 3, a3): null

13-01-2025T09:37:10 - [TEST_STEP][PASSED] - setValueToCellByIndex(sheet01, n, 4, a4): null

13-01-2025T09:37:10 - [TEST_STEP][PASSED] - setValueToCellByIndex(sheet01, n, 5, a5): null

13-01-2025T09:37:10 - [TEST_STEP][PASSED] - setValueToCellByIndex(sheet01, n, 6, a6): null

13-01-2025T09:37:10 - [TEST_STEP][PASSED] - setValueToCellByIndex(sheet01, n, 7, a7): null

13-01-2025T09:37:10 - [TEST_STEP][PASSED] - setValueToCellByIndex(sheet01, n, 8, a8): null

13-01-2025T09:37:10 - [TEST_STEP][PASSED] - setValueToCellByIndex(sheet01, n, 9, a9): null

13-01-2025T09:37:10 - [TEST_STEP][PASSED] - n = n + 1: null

13-01-2025T09:37:10 - [TEST_STEP][PASSED] - saveWorkbook(excelFilePath, workbook01): null

13-01-2025T09:37:10 - [TEST_STEP][PASSED] - if (run == 3): null

13-01-2025T09:37:10 - [TEST_STEP][PASSED] - closeBrowser(): null

13-01-2025T09:37:11 - [MESSAGE][PASSED] - Browser is closed

13-01-2025T09:37:11 - [TEST_STEP][PASSED] - PrognozPoOtraslyam(user, dashboardName, n, data, run, a1, a2, a3, a4, a5, a6, a7, a8, a9, urlData): null

13-01-2025T09:37:11 - [TEST_STEP][PASSED] - n = data.getRowNumbers() + 1: null

13-01-2025T09:37:11 - [TEST_STEP][PASSED] - println(n): null

13-01-2025T09:37:11 - [TEST_STEP][PASSED] - dashboardName = "Прогноз по отраслям": null

13-01-2025T09:37:11 - [TEST_STEP][PASSED] - openBrowser(""): Browser is opened with url: ''

13-01-2025T09:37:11 - [MESSAGE][INFO] - Starting 'Chrome' driver

13-01-2025T09:37:11 - [MESSAGE][INFO] - Action delay is set to 0 milliseconds

13-01-2025T09:37:12 - [MESSAGE][PASSED] - Browser is opened with url: ''

13-01-2025T09:37:12 - [TEST_STEP][PASSED] - urlData = 6: null

13-01-2025T09:37:12 - [TEST_STEP][PASSED] - Script1686231490255.CheckPageDownload(urlData, run): null

13-01-2025T09:37:12 - [TEST_STEP][PASSED] - i = 1: null

13-01-2025T09:37:12 - [TEST_STEP][PASSED] - ii = 0: null

13-01-2025T09:37:12 - [TEST_STEP][PASSED] - urlText = <not implemented yet for class: org.codehaus.groovy.ast.expr.EmptyExpression>: null

13-01-2025T09:37:12 - [TEST_STEP][PASSED] - searchWord = <not implemented yet for class: org.codehaus.groovy.ast.expr.EmptyExpression>: null

13-01-2025T09:37:12 - [TEST_STEP][PASSED] - deleteAllCookies(): Delete all cookies successfully

13-01-2025T09:37:12 - [MESSAGE][PASSED] - Delete all cookies successfully

13-01-2025T09:37:12 - [TEST_STEP][PASSED] - refresh(): Refresh successfully

13-01-2025T09:37:12 - [MESSAGE][PASSED] - Refresh successfully

13-01-2025T09:37:12 - [TEST_STEP][PASSED] - delay(70): Delayed 70 second(s)

13-01-2025T09:38:22 - [MESSAGE][PASSED] - Delayed 70 second(s)

13-01-2025T09:38:22 - [TEST_STEP][PASSED] - navigateToUrl(findTestData("PlanFact").getValue(10, urlData)): Navigate to 'https://bi.rosseti.digital/viewer?dashboardGuid=d6acb5b1a7114a9791b34de39263106e&sheetGuid=0b6d261d7f7b4424a967aa8f3a724189&fit=true' successfully

13-01-2025T09:38:28 - [MESSAGE][PASSED] - Navigate to 'https://bi.rosseti.digital/viewer?dashboardGuid=d6acb5b1a7114a9791b34de39263106e&sheetGuid=0b6d261d7f7b4424a967aa8f3a724189&fit=true' successfully

13-01-2025T09:38:28 - [TEST_STEP][PASSED] - pageLoaded1 = verifyElementPresent(findTestObject("Страница авторизации/Text"), 30): Object 'Object Repository/Страница авторизации/Text' is present

13-01-2025T09:38:28 - [MESSAGE][PASSED] - Object 'Object Repository/Страница авторизации/Text' is present

13-01-2025T09:38:28 - [TEST_STEP][PASSED] - if (pageLoaded1 == false): null

13-01-2025T09:38:28 - [TEST_STEP][PASSED] - urlText = getText(findTestObject("Страница авторизации/Text")): Text of object 'Object Repository/Страница авторизации/Text' is: 'Вход'

13-01-2025T09:38:28 - [MESSAGE][PASSED] - Text of object 'Object Repository/Страница авторизации/Text' is: 'Вход'

13-01-2025T09:38:28 - [TEST_STEP][PASSED] - delay(70): Delayed 70 second(s)

13-01-2025T09:39:38 - [MESSAGE][PASSED] - Delayed 70 second(s)

13-01-2025T09:39:38 - [TEST_STEP][PASSED] - searchWord = "Вход": null

13-01-2025T09:39:38 - [TEST_STEP][PASSED] - if (urlText.contains(searchWord) == false): null

13-01-2025T09:39:38 - [TEST_STEP][PASSED] - setText(findTestObject("Страница авторизации/input__username"), findTestData("PlanFact").getValue(8, run)): Text 'Petrova-OV' is set on object 'Object Repository/Страница авторизации/input__username'

13-01-2025T09:39:39 - [MESSAGE][PASSED] - Text 'Petrova-OV' is set on object 'Object Repository/Страница авторизации/input__username'

13-01-2025T09:39:39 - [TEST_STEP][PASSED] - setText(findTestObject("Страница авторизации/input__password"), findTestData("PlanFact").getValue(9, run)): Text '4Ex@~R53r&3x&BVe7' is set on object 'Object Repository/Страница авторизации/input__password'

13-01-2025T09:39:40 - [MESSAGE][PASSED] - Text '4Ex@~R53r&3x&BVe7' is set on object 'Object Repository/Страница авторизации/input__password'

13-01-2025T09:39:40 - [TEST_STEP][PASSED] - click(findTestObject("Страница авторизации/button_")): Object: 'Object Repository/Страница авторизации/button_' is clicked on

13-01-2025T09:39:41 - [MESSAGE][PASSED] - Object: 'Object Repository/Страница авторизации/button_' is clicked on

13-01-2025T09:39:41 - [TEST_STEP][PASSED] - delay(70): Delayed 70 second(s)

13-01-2025T09:40:51 - [MESSAGE][PASSED] - Delayed 70 second(s)

13-01-2025T09:40:51 - [TEST_STEP][PASSED] - searchWord = "а": null

13-01-2025T09:40:51 - [TEST_STEP][PASSED] - pageLoaded2 = verifyElementPresent(findTestObject("Страница авторизации/Text"), 50): Object 'Object Repository/Страница авторизации/Text' is present

13-01-2025T09:40:51 - [MESSAGE][PASSED] - Object 'Object Repository/Страница авторизации/Text' is present

13-01-2025T09:40:51 - [TEST_STEP][PASSED] - if (pageLoaded2 == false): null

13-01-2025T09:40:51 - [TEST_STEP][PASSED] - urlText = getText(findTestObject("Страница авторизации/Text")): Text of object 'Object Repository/Страница авторизации/Text' is: 'Год 
2023 год
Сравнение с 
План
Динамика электропотребления, млрд. кВт.ч. по ПАО Россети на 2023 год
10 10
190 190
36 36
14 14
9 9
14 14
4 4
17 17
80 80
19 19
82 82
588 588
10 10
197 197
37 37
48 48
10 10
15 15
4 4
18 18
80 80
19 19
82 82
608 608
План
Ожидаемое (прогноз по конца года)
Интер РАО (дляФСК)
Промышленныепотребители
Транспорт
Нефтедобыча
Нефтепереработка
Нефтепроводы
Газопроводы
Сельскоехозяйство ипищеваяпромышленность
Непромышленныепотребители
Государственные(муниципальные)организации ипрочиебюджетныепотребители
Население иприравненныегруппыпотребителей
Территориальныесетевыеорганизации
Выручка по ПАО Россети на 2023 год
5 5
319 319
81 81
16 16
16 16
20 20
2 2
56 56
215 215
67 67
218 218
239 239
6 6
331 331
82 82
77 77
20 20
20 20
3 3
57 57
220 220
68 68
214 214
258 258
План
Ожидаемое (прогноз по конца года)
Интер РАО (дляФСК)
Промышленныепотребители
Транспорт
Нефтедобыча
Нефтепереработка
Нефтепроводы
Газопроводы
Сельскоехозяйство ипищеваяпромышленность
Непромышленныепотребители
Государственные(муниципальные)организации ипрочиебюджетныепотребители
Население иприравненныегруппыпотребителей
Территориальныесетевыеорганизации
Отклонения по ПАО Россети на 2023 год
-4.7% -4.7%
3.8% 3.8%
1.9% 1.9%
230.3% 230.3%
10.9% 10.9%
4.2% 4.2%
21.7% 21.7%
3.9% 3.9%
-0.6% -0.6%
1.6% 1.6%
-1.0% -1.0%
3.3% 3.3%
⬤ Отклонение, %
Интер РАО (для ФСК)
Промышленные потребители
Транспорт
Нефтедобыча
Нефтепереработка
Нефтепроводы
Газопроводы
Сельское хозяйство и пищевая пр…
Непромышленные потребители
Государственные (муниципальные…
Население и приравненные групп…
Территориальные сетевые органи…
Выручка отклонения по ПАО Россети на 2023 год
15.6% 15.6%
3.8% 3.8%
1.2% 1.2%
398.2% 398.2%
26.9% 26.9%
-0.6% -0.6%
26.9% 26.9%
1.5% 1.5%
2.7% 2.7%
2.0% 2.0%
-2.0% -2.0%
7.9% 7.9%
⬤ Отклонение, %
Интер РАО (для ФСК)
Промышленные потребители
Транспорт
Нефтедобыча
Нефтепереработка
Нефтепроводы
Газопроводы
Сельское хозяйство и пищевая пр…
Непромышленные потребители
Государственные (муниципальные…
Население и приравненные групп…
Территориальные сетевые органи…
абс.
%
Прогноз на месяц 
Ноябрь
КПО/Отпуск из сети 
Отпуск из сети, млн. кВт.ч
Организация 
Все
Прогноз электропотребления и выручки за услуги по передаче в разрезе отраслей'

13-01-2025T09:40:52 - [MESSAGE][PASSED] - Text of object 'Object Repository/Страница авторизации/Text' is: 'Год 
2023 год
Сравнение с 
План
Динамика электропотребления, млрд. кВт.ч. по ПАО Россети на 2023 год
10 10
190 190
36 36
14 14
9 9
14 14
4 4
17 17
80 80
19 19
82 82
588 588
10 10
197 197
37 37
48 48
10 10
15 15
4 4
18 18
80 80
19 19
82 82
608 608
План
Ожидаемое (прогноз по конца года)
Интер РАО (дляФСК)
Промышленныепотребители
Транспорт
Нефтедобыча
Нефтепереработка
Нефтепроводы
Газопроводы
Сельскоехозяйство ипищеваяпромышленность
Непромышленныепотребители
Государственные(муниципальные)организации ипрочиебюджетныепотребители
Население иприравненныегруппыпотребителей
Территориальныесетевыеорганизации
Выручка по ПАО Россети на 2023 год
5 5
319 319
81 81
16 16
16 16
20 20
2 2
56 56
215 215
67 67
218 218
239 239
6 6
331 331
82 82
77 77
20 20
20 20
3 3
57 57
220 220
68 68
214 214
258 258
План
Ожидаемое (прогноз по конца года)
Интер РАО (дляФСК)
Промышленныепотребители
Транспорт
Нефтедобыча
Нефтепереработка
Нефтепроводы
Газопроводы
Сельскоехозяйство ипищеваяпромышленность
Непромышленныепотребители
Государственные(муниципальные)организации ипрочиебюджетныепотребители
Население иприравненныегруппыпотребителей
Территориальныесетевыеорганизации
Отклонения по ПАО Россети на 2023 год
-4.7% -4.7%
3.8% 3.8%
1.9% 1.9%
230.3% 230.3%
10.9% 10.9%
4.2% 4.2%
21.7% 21.7%
3.9% 3.9%
-0.6% -0.6%
1.6% 1.6%
-1.0% -1.0%
3.3% 3.3%
⬤ Отклонение, %
Интер РАО (для ФСК)
Промышленные потребители
Транспорт
Нефтедобыча
Нефтепереработка
Нефтепроводы
Газопроводы
Сельское хозяйство и пищевая пр…
Непромышленные потребители
Государственные (муниципальные…
Население и приравненные групп…
Территориальные сетевые органи…
Выручка отклонения по ПАО Россети на 2023 год
15.6% 15.6%
3.8% 3.8%
1.2% 1.2%
398.2% 398.2%
26.9% 26.9%
-0.6% -0.6%
26.9% 26.9%
1.5% 1.5%
2.7% 2.7%
2.0% 2.0%
-2.0% -2.0%
7.9% 7.9%
⬤ Отклонение, %
Интер РАО (для ФСК)
Промышленные потребители
Транспорт
Нефтедобыча
Нефтепереработка
Нефтепроводы
Газопроводы
Сельское хозяйство и пищевая пр…
Непромышленные потребители
Государственные (муниципальные…
Население и приравненные групп…
Территориальные сетевые органи…
абс.
%
Прогноз на месяц 
Ноябрь
КПО/Отпуск из сети 
Отпуск из сети, млн. кВт.ч
Организация 
Все
Прогноз электропотребления и выручки за услуги по передаче в разрезе отраслей'

13-01-2025T09:40:52 - [TEST_STEP][PASSED] - if (urlText.contains("ошибка") || urlText.contains(searchWord) == false): null

13-01-2025T09:40:52 - [TEST_STEP][PASSED] - a3 = "": null

13-01-2025T09:40:52 - [TEST_STEP][PASSED] - a4 = "": null

13-01-2025T09:40:52 - [TEST_STEP][PASSED] - a5 = "": null

13-01-2025T09:40:52 - [TEST_STEP][PASSED] - a6 = "": null

13-01-2025T09:40:52 - [TEST_STEP][PASSED] - a7 = "": null

13-01-2025T09:40:52 - [TEST_STEP][PASSED] - a8 = "": null

13-01-2025T09:40:52 - [TEST_STEP][PASSED] - a9 = "": null

13-01-2025T09:40:52 - [TEST_STEP][PASSED] - if (run == 1): null

13-01-2025T09:40:52 - [TEST_STEP][PASSED] - if (run == 2): null

13-01-2025T09:40:52 - [TEST_STEP][PASSED] - if (run == 3): null

13-01-2025T09:40:52 - [TEST_STEP][PASSED] - user = "Попова": null

13-01-2025T09:40:52 - [TEST_STEP][PASSED] - a1 = getText(findTestObject("Прогноз по отраслям/Виджеты дашборда")): Text of object 'Object Repository/Прогноз по отраслям/Виджеты дашборда' is: 'Год 
2023 год
Сравнение с 
План
Динамика электропотребления, млрд. кВт.ч. по ПАО Россети на 2023 год
10 10
190 190
36 36
14 14
9 9
14 14
4 4
17 17
80 80
19 19
82 82
588 588
10 10
197 197
37 37
48 48
10 10
15 15
4 4
18 18
80 80
19 19
82 82
608 608
План
Ожидаемое (прогноз по конца года)
Интер РАО (дляФСК)
Промышленныепотребители
Транспорт
Нефтедобыча
Нефтепереработка
Нефтепроводы
Газопроводы
Сельскоехозяйство ипищеваяпромышленность
Непромышленныепотребители
Государственные(муниципальные)организации ипрочиебюджетныепотребители
Население иприравненныегруппыпотребителей
Территориальныесетевыеорганизации
Выручка по ПАО Россети на 2023 год
5 5
319 319
81 81
16 16
16 16
20 20
2 2
56 56
215 215
67 67
218 218
239 239
6 6
331 331
82 82
77 77
20 20
20 20
3 3
57 57
220 220
68 68
214 214
258 258
План
Ожидаемое (прогноз по конца года)
Интер РАО (дляФСК)
Промышленныепотребители
Транспорт
Нефтедобыча
Нефтепереработка
Нефтепроводы
Газопроводы
Сельскоехозяйство ипищеваяпромышленность
Непромышленныепотребители
Государственные(муниципальные)организации ипрочиебюджетныепотребители
Население иприравненныегруппыпотребителей
Территориальныесетевыеорганизации
Отклонения по ПАО Россети на 2023 год
-4.7% -4.7%
3.8% 3.8%
1.9% 1.9%
230.3% 230.3%
10.9% 10.9%
4.2% 4.2%
21.7% 21.7%
3.9% 3.9%
-0.6% -0.6%
1.6% 1.6%
-1.0% -1.0%
3.3% 3.3%
⬤ Отклонение, %
Интер РАО (для ФСК)
Промышленные потребители
Транспорт
Нефтедобыча
Нефтепереработка
Нефтепроводы
Газопроводы
Сельское хозяйство и пищевая пр…
Непромышленные потребители
Государственные (муниципальные…
Население и приравненные групп…
Территориальные сетевые органи…
Выручка отклонения по ПАО Россети на 2023 год
15.6% 15.6%
3.8% 3.8%
1.2% 1.2%
398.2% 398.2%
26.9% 26.9%
-0.6% -0.6%
26.9% 26.9%
1.5% 1.5%
2.7% 2.7%
2.0% 2.0%
-2.0% -2.0%
7.9% 7.9%
⬤ Отклонение, %
Интер РАО (для ФСК)
Промышленные потребители
Транспорт
Нефтедобыча
Нефтепереработка
Нефтепроводы
Газопроводы
Сельское хозяйство и пищевая пр…
Непромышленные потребители
Государственные (муниципальные…
Население и приравненные групп…
Территориальные сетевые органи…
абс.
%
Прогноз на месяц 
Ноябрь
КПО/Отпуск из сети 
Отпуск из сети, млн. кВт.ч
Организация 
Все
Прогноз электропотребления и выручки за услуги по передаче в разрезе отраслей'

13-01-2025T09:40:53 - [MESSAGE][PASSED] - Text of object 'Object Repository/Прогноз по отраслям/Виджеты дашборда' is: 'Год 
2023 год
Сравнение с 
План
Динамика электропотребления, млрд. кВт.ч. по ПАО Россети на 2023 год
10 10
190 190
36 36
14 14
9 9
14 14
4 4
17 17
80 80
19 19
82 82
588 588
10 10
197 197
37 37
48 48
10 10
15 15
4 4
18 18
80 80
19 19
82 82
608 608
План
Ожидаемое (прогноз по конца года)
Интер РАО (дляФСК)
Промышленныепотребители
Транспорт
Нефтедобыча
Нефтепереработка
Нефтепроводы
Газопроводы
Сельскоехозяйство ипищеваяпромышленность
Непромышленныепотребители
Государственные(муниципальные)организации ипрочиебюджетныепотребители
Население иприравненныегруппыпотребителей
Территориальныесетевыеорганизации
Выручка по ПАО Россети на 2023 год
5 5
319 319
81 81
16 16
16 16
20 20
2 2
56 56
215 215
67 67
218 218
239 239
6 6
331 331
82 82
77 77
20 20
20 20
3 3
57 57
220 220
68 68
214 214
258 258
План
Ожидаемое (прогноз по конца года)
Интер РАО (дляФСК)
Промышленныепотребители
Транспорт
Нефтедобыча
Нефтепереработка
Нефтепроводы
Газопроводы
Сельскоехозяйство ипищеваяпромышленность
Непромышленныепотребители
Государственные(муниципальные)организации ипрочиебюджетныепотребители
Население иприравненныегруппыпотребителей
Территориальныесетевыеорганизации
Отклонения по ПАО Россети на 2023 год
-4.7% -4.7%
3.8% 3.8%
1.9% 1.9%
230.3% 230.3%
10.9% 10.9%
4.2% 4.2%
21.7% 21.7%
3.9% 3.9%
-0.6% -0.6%
1.6% 1.6%
-1.0% -1.0%
3.3% 3.3%
⬤ Отклонение, %
Интер РАО (для ФСК)
Промышленные потребители
Транспорт
Нефтедобыча
Нефтепереработка
Нефтепроводы
Газопроводы
Сельское хозяйство и пищевая пр…
Непромышленные потребители
Государственные (муниципальные…
Население и приравненные групп…
Территориальные сетевые органи…
Выручка отклонения по ПАО Россети на 2023 год
15.6% 15.6%
3.8% 3.8%
1.2% 1.2%
398.2% 398.2%
26.9% 26.9%
-0.6% -0.6%
26.9% 26.9%
1.5% 1.5%
2.7% 2.7%
2.0% 2.0%
-2.0% -2.0%
7.9% 7.9%
⬤ Отклонение, %
Интер РАО (для ФСК)
Промышленные потребители
Транспорт
Нефтедобыча
Нефтепереработка
Нефтепроводы
Газопроводы
Сельское хозяйство и пищевая пр…
Непромышленные потребители
Государственные (муниципальные…
Население и приравненные групп…
Территориальные сетевые органи…
абс.
%
Прогноз на месяц 
Ноябрь
КПО/Отпуск из сети 
Отпуск из сети, млн. кВт.ч
Организация 
Все
Прогноз электропотребления и выручки за услуги по передаче в разрезе отраслей'

13-01-2025T09:40:53 - [TEST_STEP][PASSED] - click(findTestObject("Прогноз по отраслям/Переключить отображение с процентов на абс Блок руководителя")): Object: 'Object Repository/Прогноз по отраслям/Переключить отображение с процентов на абс Блок руководителя' is clicked on

13-01-2025T09:40:53 - [MESSAGE][PASSED] - Object: 'Object Repository/Прогноз по отраслям/Переключить отображение с процентов на абс Блок руководителя' is clicked on

13-01-2025T09:40:53 - [TEST_STEP][PASSED] - a2 = getText(findTestObject("Прогноз по отраслям/Виджеты дашборда")): Text of object 'Object Repository/Прогноз по отраслям/Виджеты дашборда' is: 'Год 
2023 год
Сравнение с 
План
Отклонения по ПАО Россети на 2023 год
-492.2 -492.2
7 165.1 7 165.1
689.3 689.3
33 271.7 33 271.7
986.4 986.4
593.8 593.8
764.0 764.0
670.4 670.4
-592.4 -592.4
308.8 308.8
-940.9 -940.9
19 604.1 19 604.1
⬤ Отклонение, млн. кВт.ч
Интер РАО (для ФСК)
Промышленные потребители
Транспорт
Нефтедобыча
Нефтепереработка
Нефтепроводы
Газопроводы
Сельское хозяйство и пищевая пр…
Непромышленные потребители
Государственные (муниципальные…
Население и приравненные групп…
Территориальные сетевые органи…
Выручка отклонения по ПАО Россети на 2023 год
794.9 794.9
12 195.0 12 195.0
972.7 972.7
61 803.9 61 803.9
4 222.3 4 222.3
-121.8 -121.8
666.2 666.2
873.2 873.2
5 809.6 5 809.6
1 342.6 1 342.6
-4 463.2 -4 463.2
18 375.5 18 375.5
⬤ Отклонение, млн. руб.
Интер РАО (для ФСК)
Промышленные потребители
Транспорт
Нефтедобыча
Нефтепереработка
Нефтепроводы
Газопроводы
Сельское хозяйство и пищевая пр…
Непромышленные потребители
Государственные (муниципальные…
Население и приравненные групп…
Территориальные сетевые органи…
Динамика электропотребления, млрд. кВт.ч. по ПАО Россети на 2023 год
10 10
190 190
36 36
14 14
9 9
14 14
4 4
17 17
80 80
19 19
82 82
588 588
10 10
197 197
37 37
48 48
10 10
15 15
4 4
18 18
80 80
19 19
82 82
608 608
План
Ожидаемое (прогноз по конца года)
Интер РАО (дляФСК)
Промышленныепотребители
Транспорт
Нефтедобыча
Нефтепереработка
Нефтепроводы
Газопроводы
Сельскоехозяйство ипищеваяпромышленность
Непромышленныепотребители
Государственные(муниципальные)организации ипрочиебюджетныепотребители
Население иприравненныегруппыпотребителей
Территориальныесетевыеорганизации
Выручка по ПАО Россети на 2023 год
5 5
319 319
81 81
16 16
16 16
20 20
2 2
56 56
215 215
67 67
218 218
239 239
6 6
331 331
82 82
77 77
20 20
20 20
3 3
57 57
220 220
68 68
214 214
258 258
План
Ожидаемое (прогноз по конца года)
Интер РАО (дляФСК)
Промышленныепотребители
Транспорт
Нефтедобыча
Нефтепереработка
Нефтепроводы
Газопроводы
Сельскоехозяйство ипищеваяпромышленность
Непромышленныепотребители
Государственные(муниципальные)организации ипрочиебюджетныепотребители
Население иприравненныегруппыпотребителей
Территориальныесетевыеорганизации
абс.
%
Прогноз на месяц 
Ноябрь
КПО/Отпуск из сети 
Отпуск из сети, млн. кВт.ч
Организация 
Все
Прогноз электропотребления и выручки за услуги по передаче в разрезе отраслей'

13-01-2025T09:40:53 - [MESSAGE][PASSED] - Text of object 'Object Repository/Прогноз по отраслям/Виджеты дашборда' is: 'Год 
2023 год
Сравнение с 
План
Отклонения по ПАО Россети на 2023 год
-492.2 -492.2
7 165.1 7 165.1
689.3 689.3
33 271.7 33 271.7
986.4 986.4
593.8 593.8
764.0 764.0
670.4 670.4
-592.4 -592.4
308.8 308.8
-940.9 -940.9
19 604.1 19 604.1
⬤ Отклонение, млн. кВт.ч
Интер РАО (для ФСК)
Промышленные потребители
Транспорт
Нефтедобыча
Нефтепереработка
Нефтепроводы
Газопроводы
Сельское хозяйство и пищевая пр…
Непромышленные потребители
Государственные (муниципальные…
Население и приравненные групп…
Территориальные сетевые органи…
Выручка отклонения по ПАО Россети на 2023 год
794.9 794.9
12 195.0 12 195.0
972.7 972.7
61 803.9 61 803.9
4 222.3 4 222.3
-121.8 -121.8
666.2 666.2
873.2 873.2
5 809.6 5 809.6
1 342.6 1 342.6
-4 463.2 -4 463.2
18 375.5 18 375.5
⬤ Отклонение, млн. руб.
Интер РАО (для ФСК)
Промышленные потребители
Транспорт
Нефтедобыча
Нефтепереработка
Нефтепроводы
Газопроводы
Сельское хозяйство и пищевая пр…
Непромышленные потребители
Государственные (муниципальные…
Население и приравненные групп…
Территориальные сетевые органи…
Динамика электропотребления, млрд. кВт.ч. по ПАО Россети на 2023 год
10 10
190 190
36 36
14 14
9 9
14 14
4 4
17 17
80 80
19 19
82 82
588 588
10 10
197 197
37 37
48 48
10 10
15 15
4 4
18 18
80 80
19 19
82 82
608 608
План
Ожидаемое (прогноз по конца года)
Интер РАО (дляФСК)
Промышленныепотребители
Транспорт
Нефтедобыча
Нефтепереработка
Нефтепроводы
Газопроводы
Сельскоехозяйство ипищеваяпромышленность
Непромышленныепотребители
Государственные(муниципальные)организации ипрочиебюджетныепотребители
Население иприравненныегруппыпотребителей
Территориальныесетевыеорганизации
Выручка по ПАО Россети на 2023 год
5 5
319 319
81 81
16 16
16 16
20 20
2 2
56 56
215 215
67 67
218 218
239 239
6 6
331 331
82 82
77 77
20 20
20 20
3 3
57 57
220 220
68 68
214 214
258 258
План
Ожидаемое (прогноз по конца года)
Интер РАО (дляФСК)
Промышленныепотребители
Транспорт
Нефтедобыча
Нефтепереработка
Нефтепроводы
Газопроводы
Сельскоехозяйство ипищеваяпромышленность
Непромышленныепотребители
Государственные(муниципальные)организации ипрочиебюджетныепотребители
Население иприравненныегруппыпотребителей
Территориальныесетевыеорганизации
абс.
%
Прогноз на месяц 
Ноябрь
КПО/Отпуск из сети 
Отпуск из сети, млн. кВт.ч
Организация 
Все
Прогноз электропотребления и выручки за услуги по передаче в разрезе отраслей'

13-01-2025T09:40:53 - [TEST_STEP][PASSED] - click(findTestObject("Прогноз по отраслям/Переключить отображение с абс на проценты")): Object: 'Object Repository/Прогноз по отраслям/Переключить отображение с абс на проценты' is clicked on

13-01-2025T09:40:54 - [MESSAGE][PASSED] - Object: 'Object Repository/Прогноз по отраслям/Переключить отображение с абс на проценты' is clicked on

13-01-2025T09:40:54 - [TEST_STEP][PASSED] - i = a1.indexOf("млрд. кВт.ч."): null

13-01-2025T09:40:54 - [TEST_STEP][PASSED] - if (i > -1): null

13-01-2025T09:40:54 - [TEST_STEP][PASSED] - a1 = a1.substring(0, i) + a1.substring(i + 12, a1.length()): null

13-01-2025T09:40:54 - [TEST_STEP][PASSED] - i = a1.indexOf("Выручка, млрд. руб."): null

13-01-2025T09:40:54 - [TEST_STEP][PASSED] - if (i > -1): null

13-01-2025T09:40:54 - [TEST_STEP][PASSED] - i = a1.indexOf("Выручка"): null

13-01-2025T09:40:54 - [TEST_STEP][PASSED] - if (i > -1): null

13-01-2025T09:40:54 - [TEST_STEP][PASSED] - a1 = a1.substring(0, i) + a1.substring(i + 8, a1.length()): null

13-01-2025T09:40:54 - [TEST_STEP][PASSED] - i = a1.indexOf("по ПАО Россети на 2023 год"): null

13-01-2025T09:40:54 - [TEST_STEP][PASSED] - if (i > -1): null

13-01-2025T09:40:54 - [TEST_STEP][PASSED] - a1 = a1.substring(0, i) + a1.substring(i + 27, a1.length()): null

13-01-2025T09:40:54 - [TEST_STEP][PASSED] - i = a1.indexOf("Отклонения"): null

13-01-2025T09:40:54 - [TEST_STEP][PASSED] - if (i > -1): null

13-01-2025T09:40:54 - [TEST_STEP][PASSED] - a1 = a1.substring(0, i) + a1.substring(i + 11, a1.length()): null

13-01-2025T09:40:54 - [TEST_STEP][PASSED] - i = a1.indexOf("по ПАО Россети на 2023 год"): null

13-01-2025T09:40:54 - [TEST_STEP][PASSED] - if (i > -1): null

13-01-2025T09:40:54 - [TEST_STEP][PASSED] - a1 = a1.substring(0, i) + a1.substring(i + 27, a1.length()): null

13-01-2025T09:40:54 - [TEST_STEP][PASSED] - i = a1.indexOf("по ПАО Россети на 2023 год"): null

13-01-2025T09:40:54 - [TEST_STEP][PASSED] - if (i > -1): null

13-01-2025T09:40:54 - [TEST_STEP][PASSED] - a1 = a1.substring(0, i) + a1.substring(i + 27, a1.length()): null

13-01-2025T09:40:54 - [TEST_STEP][PASSED] - println(a1): null

13-01-2025T09:40:54 - [TEST_STEP][PASSED] - n = n + 35: null

13-01-2025T09:40:54 - [TEST_STEP][PASSED] - b = n - run + 1: null

13-01-2025T09:40:54 - [TEST_STEP][PASSED] - verifyEqual(findTestData("PlanFact").getValue(2, b), a1): Actual object 'Год 
2023 год
Сравнение с 
План
Динамика электропотребления,  10 10
190 190
36 36
14 14
9 9
14 14
4 4
17 17
80 80
19 19
82 82
588 588
10 10
197 197
37 37
48 48
10 10
15 15
4 4
18 18
80 80
19 19
82 82
608 608
План
Ожидаемое (прогноз по конца года)
Интер РАО (дляФСК)
Промышленныепотребители
Транспорт
Нефтедобыча
Нефтепереработка
Нефтепроводы
Газопроводы
Сельскоехозяйство ипищеваяпромышленность
Непромышленныепотребители
Государственные(муниципальные)организации ипрочиебюджетныепотребители
Население иприравненныегруппыпотребителей
Территориальныесетевыеорганизации
5 5
319 319
81 81
16 16
16 16
20 20
2 2
56 56
215 215
67 67
218 218
239 239
6 6
331 331
82 82
77 77
20 20
20 20
3 3
57 57
220 220
68 68
214 214
258 258
План
Ожидаемое (прогноз по конца года)
Интер РАО (дляФСК)
Промышленныепотребители
Транспорт
Нефтедобыча
Нефтепереработка
Нефтепроводы
Газопроводы
Сельскоехозяйство ипищеваяпромышленность
Непромышленныепотребители
Государственные(муниципальные)организации ипрочиебюджетныепотребители
Население иприравненныегруппыпотребителей
Территориальныесетевыеорганизации
-4.7% -4.7%
3.8% 3.8%
1.9% 1.9%
230.3% 230.3%
10.9% 10.9%
4.2% 4.2%
21.7% 21.7%
3.9% 3.9%
-0.6% -0.6%
1.6% 1.6%
-1.0% -1.0%
3.3% 3.3%
⬤ Отклонение, %
Интер РАО (для ФСК)
Промышленные потребители
Транспорт
Нефтедобыча
Нефтепереработка
Нефтепроводы
Газопроводы
Сельское хозяйство и пищевая пр…
Непромышленные потребители
Государственные (муниципальные…
Население и приравненные групп…
Территориальные сетевые органи…
Выручка отклонения по ПАО Россети на 2023 год
15.6% 15.6%
3.8% 3.8%
1.2% 1.2%
398.2% 398.2%
26.9% 26.9%
-0.6% -0.6%
26.9% 26.9%
1.5% 1.5%
2.7% 2.7%
2.0% 2.0%
-2.0% -2.0%
7.9% 7.9%
⬤ Отклонение, %
Интер РАО (для ФСК)
Промышленные потребители
Транспорт
Нефтедобыча
Нефтепереработка
Нефтепроводы
Газопроводы
Сельское хозяйство и пищевая пр…
Непромышленные потребители
Государственные (муниципальные…
Население и приравненные групп…
Территориальные сетевые органи…
абс.
%
Прогноз на месяц 
Ноябрь
КПО/Отпуск из сети 
Отпуск из сети, млн. кВт.ч
Организация 
Все
Прогноз электропотребления и выручки за услуги по передаче в разрезе отраслей' and expected object 'Год 
2023 год
Сравнение с 
План
Динамика электропотребления,  10 10
190 190
36 36
14 14
9 9
14 14
4 4
17 17
80 80
19 19
82 82
588 588
10 10
197 197
37 37
48 48
10 10
15 15
4 4
18 18
80 80
19 19
82 82
608 608
План
Ожидаемое (прогноз по конца года)
Интер РАО (дляФСК)
Промышленныепотребители
Транспорт
Нефтедобыча
Нефтепереработка
Нефтепроводы
Газопроводы
Сельскоехозяйство ипищеваяпромышленность
Непромышленныепотребители
Государственные(муниципальные)организации ипрочиебюджетныепотребители
Население иприравненныегруппыпотребителей
Территориальныесетевыеорганизации
5 5
319 319
81 81
16 16
16 16
20 20
2 2
56 56
215 215
67 67
218 218
239 239
6 6
331 331
82 82
77 77
20 20
20 20
3 3
57 57
220 220
68 68
214 214
258 258
План
Ожидаемое (прогноз по конца года)
Интер РАО (дляФСК)
Промышленныепотребители
Транспорт
Нефтедобыча
Нефтепереработка
Нефтепроводы
Газопроводы
Сельскоехозяйство ипищеваяпромышленность
Непромышленныепотребители
Государственные(муниципальные)организации ипрочиебюджетныепотребители
Население иприравненныегруппыпотребителей
Территориальныесетевыеорганизации
-4.7% -4.7%
3.8% 3.8%
1.9% 1.9%
230.3% 230.3%
10.9% 10.9%
4.2% 4.2%
21.7% 21.7%
3.9% 3.9%
-0.6% -0.6%
1.6% 1.6%
-1.0% -1.0%
3.3% 3.3%
⬤ Отклонение, %
Интер РАО (для ФСК)
Промышленные потребители
Транспорт
Нефтедобыча
Нефтепереработка
Нефтепроводы
Газопроводы
Сельское хозяйство и пищевая пр…
Непромышленные потребители
Государственные (муниципальные…
Население и приравненные групп…
Территориальные сетевые органи…
Выручка отклонения по ПАО Россети на 2023 год
15.6% 15.6%
3.8% 3.8%
1.2% 1.2%
398.2% 398.2%
26.9% 26.9%
-0.6% -0.6%
26.9% 26.9%
1.5% 1.5%
2.7% 2.7%
2.0% 2.0%
-2.0% -2.0%
7.9% 7.9%
⬤ Отклонение, %
Интер РАО (для ФСК)
Промышленные потребители
Транспорт
Нефтедобыча
Нефтепереработка
Нефтепроводы
Газопроводы
Сельское хозяйство и пищевая пр…
Непромышленные потребители
Государственные (муниципальные…
Население и приравненные групп…
Территориальные сетевые органи…
абс.
%
Прогноз на месяц 
Ноябрь
КПО/Отпуск из сети 
Отпуск из сети, млн. кВт.ч
Организация 
Все
Прогноз электропотребления и выручки за услуги по передаче в разрезе отраслей' are equal

13-01-2025T09:40:54 - [MESSAGE][PASSED] - Actual object 'Год 
2023 год
Сравнение с 
План
Динамика электропотребления,  10 10
190 190
36 36
14 14
9 9
14 14
4 4
17 17
80 80
19 19
82 82
588 588
10 10
197 197
37 37
48 48
10 10
15 15
4 4
18 18
80 80
19 19
82 82
608 608
План
Ожидаемое (прогноз по конца года)
Интер РАО (дляФСК)
Промышленныепотребители
Транспорт
Нефтедобыча
Нефтепереработка
Нефтепроводы
Газопроводы
Сельскоехозяйство ипищеваяпромышленность
Непромышленныепотребители
Государственные(муниципальные)организации ипрочиебюджетныепотребители
Население иприравненныегруппыпотребителей
Территориальныесетевыеорганизации
5 5
319 319
81 81
16 16
16 16
20 20
2 2
56 56
215 215
67 67
218 218
239 239
6 6
331 331
82 82
77 77
20 20
20 20
3 3
57 57
220 220
68 68
214 214
258 258
План
Ожидаемое (прогноз по конца года)
Интер РАО (дляФСК)
Промышленныепотребители
Транспорт
Нефтедобыча
Нефтепереработка
Нефтепроводы
Газопроводы
Сельскоехозяйство ипищеваяпромышленность
Непромышленныепотребители
Государственные(муниципальные)организации ипрочиебюджетныепотребители
Население иприравненныегруппыпотребителей
Территориальныесетевыеорганизации
-4.7% -4.7%
3.8% 3.8%
1.9% 1.9%
230.3% 230.3%
10.9% 10.9%
4.2% 4.2%
21.7% 21.7%
3.9% 3.9%
-0.6% -0.6%
1.6% 1.6%
-1.0% -1.0%
3.3% 3.3%
⬤ Отклонение, %
Интер РАО (для ФСК)
Промышленные потребители
Транспорт
Нефтедобыча
Нефтепереработка
Нефтепроводы
Газопроводы
Сельское хозяйство и пищевая пр…
Непромышленные потребители
Государственные (муниципальные…
Население и приравненные групп…
Территориальные сетевые органи…
Выручка отклонения по ПАО Россети на 2023 год
15.6% 15.6%
3.8% 3.8%
1.2% 1.2%
398.2% 398.2%
26.9% 26.9%
-0.6% -0.6%
26.9% 26.9%
1.5% 1.5%
2.7% 2.7%
2.0% 2.0%
-2.0% -2.0%
7.9% 7.9%
⬤ Отклонение, %
Интер РАО (для ФСК)
Промышленные потребители
Транспорт
Нефтедобыча
Нефтепереработка
Нефтепроводы
Газопроводы
Сельское хозяйство и пищевая пр…
Непромышленные потребители
Государственные (муниципальные…
Население и приравненные групп…
Территориальные сетевые органи…
абс.
%
Прогноз на месяц 
Ноябрь
КПО/Отпуск из сети 
Отпуск из сети, млн. кВт.ч
Организация 
Все
Прогноз электропотребления и выручки за услуги по передаче в разрезе отраслей' and expected object 'Год 
2023 год
Сравнение с 
План
Динамика электропотребления,  10 10
190 190
36 36
14 14
9 9
14 14
4 4
17 17
80 80
19 19
82 82
588 588
10 10
197 197
37 37
48 48
10 10
15 15
4 4
18 18
80 80
19 19
82 82
608 608
План
Ожидаемое (прогноз по конца года)
Интер РАО (дляФСК)
Промышленныепотребители
Транспорт
Нефтедобыча
Нефтепереработка
Нефтепроводы
Газопроводы
Сельскоехозяйство ипищеваяпромышленность
Непромышленныепотребители
Государственные(муниципальные)организации ипрочиебюджетныепотребители
Население иприравненныегруппыпотребителей
Территориальныесетевыеорганизации
5 5
319 319
81 81
16 16
16 16
20 20
2 2
56 56
215 215
67 67
218 218
239 239
6 6
331 331
82 82
77 77
20 20
20 20
3 3
57 57
220 220
68 68
214 214
258 258
План
Ожидаемое (прогноз по конца года)
Интер РАО (дляФСК)
Промышленныепотребители
Транспорт
Нефтедобыча
Нефтепереработка
Нефтепроводы
Газопроводы
Сельскоехозяйство ипищеваяпромышленность
Непромышленныепотребители
Государственные(муниципальные)организации ипрочиебюджетныепотребители
Население иприравненныегруппыпотребителей
Территориальныесетевыеорганизации
-4.7% -4.7%
3.8% 3.8%
1.9% 1.9%
230.3% 230.3%
10.9% 10.9%
4.2% 4.2%
21.7% 21.7%
3.9% 3.9%
-0.6% -0.6%
1.6% 1.6%
-1.0% -1.0%
3.3% 3.3%
⬤ Отклонение, %
Интер РАО (для ФСК)
Промышленные потребители
Транспорт
Нефтедобыча
Нефтепереработка
Нефтепроводы
Газопроводы
Сельское хозяйство и пищевая пр…
Непромышленные потребители
Государственные (муниципальные…
Население и приравненные групп…
Территориальные сетевые органи…
Выручка отклонения по ПАО Россети на 2023 год
15.6% 15.6%
3.8% 3.8%
1.2% 1.2%
398.2% 398.2%
26.9% 26.9%
-0.6% -0.6%
26.9% 26.9%
1.5% 1.5%
2.7% 2.7%
2.0% 2.0%
-2.0% -2.0%
7.9% 7.9%
⬤ Отклонение, %
Интер РАО (для ФСК)
Промышленные потребители
Транспорт
Нефтедобыча
Нефтепереработка
Нефтепроводы
Газопроводы
Сельское хозяйство и пищевая пр…
Непромышленные потребители
Государственные (муниципальные…
Население и приравненные групп…
Территориальные сетевые органи…
абс.
%
Прогноз на месяц 
Ноябрь
КПО/Отпуск из сети 
Отпуск из сети, млн. кВт.ч
Организация 
Все
Прогноз электропотребления и выручки за услуги по передаче в разрезе отраслей' are equal

13-01-2025T09:40:54 - [TEST_STEP][PASSED] - verifyEqual(findTestData("PlanFact").getValue(3, b), a2): Actual object 'Год 
2023 год
Сравнение с 
План
Отклонения по ПАО Россети на 2023 год
-492.2 -492.2
7 165.1 7 165.1
689.3 689.3
33 271.7 33 271.7
986.4 986.4
593.8 593.8
764.0 764.0
670.4 670.4
-592.4 -592.4
308.8 308.8
-940.9 -940.9
19 604.1 19 604.1
⬤ Отклонение, млн. кВт.ч
Интер РАО (для ФСК)
Промышленные потребители
Транспорт
Нефтедобыча
Нефтепереработка
Нефтепроводы
Газопроводы
Сельское хозяйство и пищевая пр…
Непромышленные потребители
Государственные (муниципальные…
Население и приравненные групп…
Территориальные сетевые органи…
Выручка отклонения по ПАО Россети на 2023 год
794.9 794.9
12 195.0 12 195.0
972.7 972.7
61 803.9 61 803.9
4 222.3 4 222.3
-121.8 -121.8
666.2 666.2
873.2 873.2
5 809.6 5 809.6
1 342.6 1 342.6
-4 463.2 -4 463.2
18 375.5 18 375.5
⬤ Отклонение, млн. руб.
Интер РАО (для ФСК)
Промышленные потребители
Транспорт
Нефтедобыча
Нефтепереработка
Нефтепроводы
Газопроводы
Сельское хозяйство и пищевая пр…
Непромышленные потребители
Государственные (муниципальные…
Население и приравненные групп…
Территориальные сетевые органи…
Динамика электропотребления, млрд. кВт.ч. по ПАО Россети на 2023 год
10 10
190 190
36 36
14 14
9 9
14 14
4 4
17 17
80 80
19 19
82 82
588 588
10 10
197 197
37 37
48 48
10 10
15 15
4 4
18 18
80 80
19 19
82 82
608 608
План
Ожидаемое (прогноз по конца года)
Интер РАО (дляФСК)
Промышленныепотребители
Транспорт
Нефтедобыча
Нефтепереработка
Нефтепроводы
Газопроводы
Сельскоехозяйство ипищеваяпромышленность
Непромышленныепотребители
Государственные(муниципальные)организации ипрочиебюджетныепотребители
Население иприравненныегруппыпотребителей
Территориальныесетевыеорганизации
Выручка по ПАО Россети на 2023 год
5 5
319 319
81 81
16 16
16 16
20 20
2 2
56 56
215 215
67 67
218 218
239 239
6 6
331 331
82 82
77 77
20 20
20 20
3 3
57 57
220 220
68 68
214 214
258 258
План
Ожидаемое (прогноз по конца года)
Интер РАО (дляФСК)
Промышленныепотребители
Транспорт
Нефтедобыча
Нефтепереработка
Нефтепроводы
Газопроводы
Сельскоехозяйство ипищеваяпромышленность
Непромышленныепотребители
Государственные(муниципальные)организации ипрочиебюджетныепотребители
Население иприравненныегруппыпотребителей
Территориальныесетевыеорганизации
абс.
%
Прогноз на месяц 
Ноябрь
КПО/Отпуск из сети 
Отпуск из сети, млн. кВт.ч
Организация 
Все
Прогноз электропотребления и выручки за услуги по передаче в разрезе отраслей' and expected object 'Год 
2023 год
Сравнение с 
План
Отклонения по ПАО Россети на 2023 год
-492.2 -492.2
7 165.1 7 165.1
689.3 689.3
33 271.7 33 271.7
986.4 986.4
593.8 593.8
764.0 764.0
670.4 670.4
-592.4 -592.4
308.8 308.8
-940.9 -940.9
19 604.1 19 604.1
⬤ Отклонение, млн. кВт.ч
Интер РАО (для ФСК)
Промышленные потребители
Транспорт
Нефтедобыча
Нефтепереработка
Нефтепроводы
Газопроводы
Сельское хозяйство и пищевая пр…
Непромышленные потребители
Государственные (муниципальные…
Население и приравненные групп…
Территориальные сетевые органи…
Выручка отклонения по ПАО Россети на 2023 год
794.9 794.9
12 195.0 12 195.0
972.7 972.7
61 803.9 61 803.9
4 222.3 4 222.3
-121.8 -121.8
666.2 666.2
873.2 873.2
5 809.6 5 809.6
1 342.6 1 342.6
-4 463.2 -4 463.2
18 375.5 18 375.5
⬤ Отклонение, млн. руб.
Интер РАО (для ФСК)
Промышленные потребители
Транспорт
Нефтедобыча
Нефтепереработка
Нефтепроводы
Газопроводы
Сельское хозяйство и пищевая пр…
Непромышленные потребители
Государственные (муниципальные…
Население и приравненные групп…
Территориальные сетевые органи…
Динамика электропотребления, млрд. кВт.ч. по ПАО Россети на 2023 год
10 10
190 190
36 36
14 14
9 9
14 14
4 4
17 17
80 80
19 19
82 82
588 588
10 10
197 197
37 37
48 48
10 10
15 15
4 4
18 18
80 80
19 19
82 82
608 608
План
Ожидаемое (прогноз по конца года)
Интер РАО (дляФСК)
Промышленныепотребители
Транспорт
Нефтедобыча
Нефтепереработка
Нефтепроводы
Газопроводы
Сельскоехозяйство ипищеваяпромышленность
Непромышленныепотребители
Государственные(муниципальные)организации ипрочиебюджетныепотребители
Население иприравненныегруппыпотребителей
Территориальныесетевыеорганизации
Выручка по ПАО Россети на 2023 год
5 5
319 319
81 81
16 16
16 16
20 20
2 2
56 56
215 215
67 67
218 218
239 239
6 6
331 331
82 82
77 77
20 20
20 20
3 3
57 57
220 220
68 68
214 214
258 258
План
Ожидаемое (прогноз по конца года)
Интер РАО (дляФСК)
Промышленныепотребители
Транспорт
Нефтедобыча
Нефтепереработка
Нефтепроводы
Газопроводы
Сельскоехозяйство ипищеваяпромышленность
Непромышленныепотребители
Государственные(муниципальные)организации ипрочиебюджетныепотребители
Население иприравненныегруппыпотребителей
Территориальныесетевыеорганизации
абс.
%
Прогноз на месяц 
Ноябрь
КПО/Отпуск из сети 
Отпуск из сети, млн. кВт.ч
Организация 
Все
Прогноз электропотребления и выручки за услуги по передаче в разрезе отраслей' are equal

13-01-2025T09:40:54 - [MESSAGE][PASSED] - Actual object 'Год 
2023 год
Сравнение с 
План
Отклонения по ПАО Россети на 2023 год
-492.2 -492.2
7 165.1 7 165.1
689.3 689.3
33 271.7 33 271.7
986.4 986.4
593.8 593.8
764.0 764.0
670.4 670.4
-592.4 -592.4
308.8 308.8
-940.9 -940.9
19 604.1 19 604.1
⬤ Отклонение, млн. кВт.ч
Интер РАО (для ФСК)
Промышленные потребители
Транспорт
Нефтедобыча
Нефтепереработка
Нефтепроводы
Газопроводы
Сельское хозяйство и пищевая пр…
Непромышленные потребители
Государственные (муниципальные…
Население и приравненные групп…
Территориальные сетевые органи…
Выручка отклонения по ПАО Россети на 2023 год
794.9 794.9
12 195.0 12 195.0
972.7 972.7
61 803.9 61 803.9
4 222.3 4 222.3
-121.8 -121.8
666.2 666.2
873.2 873.2
5 809.6 5 809.6
1 342.6 1 342.6
-4 463.2 -4 463.2
18 375.5 18 375.5
⬤ Отклонение, млн. руб.
Интер РАО (для ФСК)
Промышленные потребители
Транспорт
Нефтедобыча
Нефтепереработка
Нефтепроводы
Газопроводы
Сельское хозяйство и пищевая пр…
Непромышленные потребители
Государственные (муниципальные…
Население и приравненные групп…
Территориальные сетевые органи…
Динамика электропотребления, млрд. кВт.ч. по ПАО Россети на 2023 год
10 10
190 190
36 36
14 14
9 9
14 14
4 4
17 17
80 80
19 19
82 82
588 588
10 10
197 197
37 37
48 48
10 10
15 15
4 4
18 18
80 80
19 19
82 82
608 608
План
Ожидаемое (прогноз по конца года)
Интер РАО (дляФСК)
Промышленныепотребители
Транспорт
Нефтедобыча
Нефтепереработка
Нефтепроводы
Газопроводы
Сельскоехозяйство ипищеваяпромышленность
Непромышленныепотребители
Государственные(муниципальные)организации ипрочиебюджетныепотребители
Население иприравненныегруппыпотребителей
Территориальныесетевыеорганизации
Выручка по ПАО Россети на 2023 год
5 5
319 319
81 81
16 16
16 16
20 20
2 2
56 56
215 215
67 67
218 218
239 239
6 6
331 331
82 82
77 77
20 20
20 20
3 3
57 57
220 220
68 68
214 214
258 258
План
Ожидаемое (прогноз по конца года)
Интер РАО (дляФСК)
Промышленныепотребители
Транспорт
Нефтедобыча
Нефтепереработка
Нефтепроводы
Газопроводы
Сельскоехозяйство ипищеваяпромышленность
Непромышленныепотребители
Государственные(муниципальные)организации ипрочиебюджетныепотребители
Население иприравненныегруппыпотребителей
Территориальныесетевыеорганизации
абс.
%
Прогноз на месяц 
Ноябрь
КПО/Отпуск из сети 
Отпуск из сети, млн. кВт.ч
Организация 
Все
Прогноз электропотребления и выручки за услуги по передаче в разрезе отраслей' and expected object 'Год 
2023 год
Сравнение с 
План
Отклонения по ПАО Россети на 2023 год
-492.2 -492.2
7 165.1 7 165.1
689.3 689.3
33 271.7 33 271.7
986.4 986.4
593.8 593.8
764.0 764.0
670.4 670.4
-592.4 -592.4
308.8 308.8
-940.9 -940.9
19 604.1 19 604.1
⬤ Отклонение, млн. кВт.ч
Интер РАО (для ФСК)
Промышленные потребители
Транспорт
Нефтедобыча
Нефтепереработка
Нефтепроводы
Газопроводы
Сельское хозяйство и пищевая пр…
Непромышленные потребители
Государственные (муниципальные…
Население и приравненные групп…
Территориальные сетевые органи…
Выручка отклонения по ПАО Россети на 2023 год
794.9 794.9
12 195.0 12 195.0
972.7 972.7
61 803.9 61 803.9
4 222.3 4 222.3
-121.8 -121.8
666.2 666.2
873.2 873.2
5 809.6 5 809.6
1 342.6 1 342.6
-4 463.2 -4 463.2
18 375.5 18 375.5
⬤ Отклонение, млн. руб.
Интер РАО (для ФСК)
Промышленные потребители
Транспорт
Нефтедобыча
Нефтепереработка
Нефтепроводы
Газопроводы
Сельское хозяйство и пищевая пр…
Непромышленные потребители
Государственные (муниципальные…
Население и приравненные групп…
Территориальные сетевые органи…
Динамика электропотребления, млрд. кВт.ч. по ПАО Россети на 2023 год
10 10
190 190
36 36
14 14
9 9
14 14
4 4
17 17
80 80
19 19
82 82
588 588
10 10
197 197
37 37
48 48
10 10
15 15
4 4
18 18
80 80
19 19
82 82
608 608
План
Ожидаемое (прогноз по конца года)
Интер РАО (дляФСК)
Промышленныепотребители
Транспорт
Нефтедобыча
Нефтепереработка
Нефтепроводы
Газопроводы
Сельскоехозяйство ипищеваяпромышленность
Непромышленныепотребители
Государственные(муниципальные)организации ипрочиебюджетныепотребители
Население иприравненныегруппыпотребителей
Территориальныесетевыеорганизации
Выручка по ПАО Россети на 2023 год
5 5
319 319
81 81
16 16
16 16
20 20
2 2
56 56
215 215
67 67
218 218
239 239
6 6
331 331
82 82
77 77
20 20
20 20
3 3
57 57
220 220
68 68
214 214
258 258
План
Ожидаемое (прогноз по конца года)
Интер РАО (дляФСК)
Промышленныепотребители
Транспорт
Нефтедобыча
Нефтепереработка
Нефтепроводы
Газопроводы
Сельскоехозяйство ипищеваяпромышленность
Непромышленныепотребители
Государственные(муниципальные)организации ипрочиебюджетныепотребители
Население иприравненныегруппыпотребителей
Территориальныесетевыеорганизации
абс.
%
Прогноз на месяц 
Ноябрь
КПО/Отпуск из сети 
Отпуск из сети, млн. кВт.ч
Организация 
Все
Прогноз электропотребления и выручки за услуги по передаче в разрезе отраслей' are equal

13-01-2025T09:40:54 - [TEST_STEP][PASSED] - Script1686231490255.WriteToExcel(user, dashboardName, n, data, run, a1, a2, a3, a4, a5, a6, a7, a8, a9): null

13-01-2025T09:40:54 - [TEST_STEP][PASSED] - sheetName = "Sheet1": null

13-01-2025T09:40:54 - [TEST_STEP][PASSED] - workbook01 = getWorkbook(excelFilePath): null

13-01-2025T09:40:54 - [TEST_STEP][PASSED] - sheet01 = getExcelSheet(workbook01, sheetName): null

13-01-2025T09:40:54 - [TEST_STEP][PASSED] - setValueToCellByIndex(sheet01, n, 0, dashboardName): null

13-01-2025T09:40:54 - [TEST_STEP][PASSED] - setValueToCellByIndex(sheet01, n, 10, user): null

13-01-2025T09:40:54 - [TEST_STEP][PASSED] - setValueToCellByIndex(sheet01, n, 1, a1): null

13-01-2025T09:40:54 - [TEST_STEP][PASSED] - setValueToCellByIndex(sheet01, n, 2, a2): null

13-01-2025T09:40:54 - [TEST_STEP][PASSED] - setValueToCellByIndex(sheet01, n, 3, a3): null

13-01-2025T09:40:54 - [TEST_STEP][PASSED] - setValueToCellByIndex(sheet01, n, 4, a4): null

13-01-2025T09:40:54 - [TEST_STEP][PASSED] - setValueToCellByIndex(sheet01, n, 5, a5): null

13-01-2025T09:40:54 - [TEST_STEP][PASSED] - setValueToCellByIndex(sheet01, n, 6, a6): null

13-01-2025T09:40:54 - [TEST_STEP][PASSED] - setValueToCellByIndex(sheet01, n, 7, a7): null

13-01-2025T09:40:54 - [TEST_STEP][PASSED] - setValueToCellByIndex(sheet01, n, 8, a8): null

13-01-2025T09:40:54 - [TEST_STEP][PASSED] - setValueToCellByIndex(sheet01, n, 9, a9): null

13-01-2025T09:40:54 - [TEST_STEP][PASSED] - n = n + 1: null

13-01-2025T09:40:54 - [TEST_STEP][PASSED] - saveWorkbook(excelFilePath, workbook01): null

13-01-2025T09:40:54 - [TEST_STEP][PASSED] - closeBrowser(): Browser is closed

13-01-2025T09:40:54 - [MESSAGE][PASSED] - Browser is closed]]></system-out>
         <system-err><![CDATA[]]></system-err>
      </testcase>
      <system-out><![CDATA[13-01-2025T07:00:40 - [TEST_SUITE][FAILED] - New Test Suite: Test Cases/Сверки дашбордов/Выполнение бизнес-плана сверка дашбордов - Copy FAILED.
Reason:
com.kms.katalon.core.exception.StepFailedException: Unable to verify object is present (Root cause: com.kms.katalon.core.exception.StepFailedException: Unable to verify object is present
	at com.kms.katalon.core.webui.keyword.internal.WebUIKeywordMain.stepFailed(WebUIKeywordMain.groovy:64)
	at com.kms.katalon.core.webui.keyword.internal.WebUIKeywordMain.runKeyword(WebUIKeywordMain.groovy:26)
	at com.kms.katalon.core.webui.keyword.builtin.VerifyElementPresentKeyword.verifyElementPresent(VerifyElementPresentKeyword.groovy:92)
	at com.kms.katalon.core.webui.keyword.builtin.VerifyElementPresentKeyword.execute(VerifyElementPresentKeyword.groovy:68)
	at com.kms.katalon.core.keyword.internal.KeywordExecutor.executeKeywordForPlatform(KeywordExecutor.groovy:74)
	at com.kms.katalon.core.webui.keyword.WebUiBuiltInKeywords.verifyElementPresent(WebUiBuiltInKeywords.groovy:1503)
	at Выполнение бизнес-плана сверка дашбордов - Copy.GetAllPAOData(Выполнение бизнес-плана сверка дашбордов - Copy:862)
	at Выполнение бизнес-плана сверка дашбордов - Copy.run(Выполнение бизнес-плана сверка дашбордов - Copy:362)
	at com.kms.katalon.core.main.ScriptEngine.run(ScriptEngine.java:194)
	at com.kms.katalon.core.main.ScriptEngine.runScriptAsRawText(ScriptEngine.java:119)
	at com.kms.katalon.core.main.TestCaseExecutor.runScript(TestCaseExecutor.java:448)
	at com.kms.katalon.core.main.TestCaseExecutor.doExecute(TestCaseExecutor.java:439)
	at com.kms.katalon.core.main.TestCaseExecutor.processExecutionPhase(TestCaseExecutor.java:418)
	at com.kms.katalon.core.main.TestCaseExecutor.accessMainPhase(TestCaseExecutor.java:410)
	at com.kms.katalon.core.main.TestCaseExecutor.execute(TestCaseExecutor.java:285)
	at com.kms.katalon.core.common.CommonExecutor.accessTestCaseMainPhase(CommonExecutor.java:65)
	at com.kms.katalon.core.main.TestSuiteExecutor.accessTestSuiteMainPhase(TestSuiteExecutor.java:150)
	at com.kms.katalon.core.main.TestSuiteExecutor.execute(TestSuiteExecutor.java:106)
	at com.kms.katalon.core.main.TestCaseMain.startTestSuite(TestCaseMain.java:180)
	at TempTestSuite1736740835951.run(TempTestSuite1736740835951.groovy:35)
	at java.base/jdk.internal.reflect.NativeMethodAccessorImpl.invoke0(Native Method)
	at java.base/jdk.internal.reflect.NativeMethodAccessorImpl.invoke(NativeMethodAccessorImpl.java:77)
	at java.base/jdk.internal.reflect.DelegatingMethodAccessorImpl.invoke(DelegatingMethodAccessorImpl.java:43)
Caused by: java.lang.IllegalArgumentException: Object is null
	at com.kms.katalon.core.helper.KeywordHelper.checkTestObjectParameter(KeywordHelper.java:33)
	at com.kms.katalon.core.webui.keyword.builtin.VerifyElementPresentKeyword$_verifyElementPresent_closure1.doCall(VerifyElementPresentKeyword.groovy:76)
	at com.kms.katalon.core.webui.keyword.builtin.VerifyElementPresentKeyword$_verifyElementPresent_closure1.call(VerifyElementPresentKeyword.groovy)
	at com.kms.katalon.core.webui.keyword.internal.WebUIKeywordMain.runKeyword(WebUIKeywordMain.groovy:20)
	at com.kms.katalon.core.webui.keyword.builtin.VerifyElementPresentKeyword.verifyElementPresent(VerifyElementPresentKeyword.groovy:92)
	at com.kms.katalon.core.webui.keyword.builtin.VerifyElementPresentKeyword.execute(VerifyElementPresentKeyword.groovy:68)
	at com.kms.katalon.core.keyword.internal.KeywordExecutor.executeKeywordForPlatform(KeywordExecutor.groovy:74)
	at com.kms.katalon.core.webui.keyword.WebUiBuiltInKeywords.verifyElementPresent(WebUiBuiltInKeywords.groovy:1503)
	at Script1736739304585.GetAllPAOData(Script1736739304585.groovy:862)
	at Script1736739304585.run(Script1736739304585.groovy:362)
	... 15 more
)
	at com.kms.katalon.core.keyword.internal.KeywordMain.stepFailed(KeywordMain.groovy:39)
	at com.kms.katalon.core.webui.keyword.internal.WebUIKeywordMain.stepFailed(WebUIKeywordMain.groovy:64)
	at com.kms.katalon.core.webui.keyword.internal.WebUIKeywordMain.runKeyword(WebUIKeywordMain.groovy:26)
	at com.kms.katalon.core.webui.keyword.builtin.VerifyElementPresentKeyword.verifyElementPresent(VerifyElementPresentKeyword.groovy:92)
	at com.kms.katalon.core.webui.keyword.builtin.VerifyElementPresentKeyword.execute(VerifyElementPresentKeyword.groovy:68)
	at com.kms.katalon.core.keyword.internal.KeywordExecutor.executeKeywordForPlatform(KeywordExecutor.groovy:74)
	at com.kms.katalon.core.webui.keyword.WebUiBuiltInKeywords.verifyElementPresent(WebUiBuiltInKeywords.groovy:1503)
	at Выполнение бизнес-плана сверка дашбордов - Copy.GetAllPAOData(Выполнение бизнес-плана сверка дашбордов - Copy:862)
	at Выполнение бизнес-плана сверка дашбордов - Copy.run(Выполнение бизнес-плана сверка дашбордов - Copy:362)
	at com.kms.katalon.core.main.ScriptEngine.run(ScriptEngine.java:194)
	at com.kms.katalon.core.main.ScriptEngine.runScriptAsRawText(ScriptEngine.java:119)
	at com.kms.katalon.core.main.TestCaseExecutor.runScript(TestCaseExecutor.java:448)
	at com.kms.katalon.core.main.TestCaseExecutor.doExecute(TestCaseExecutor.java:439)
	at com.kms.katalon.core.main.TestCaseExecutor.processExecutionPhase(TestCaseExecutor.java:418)
	at com.kms.katalon.core.main.TestCaseExecutor.accessMainPhase(TestCaseExecutor.java:410)
	at com.kms.katalon.core.main.TestCaseExecutor.execute(TestCaseExecutor.java:285)
	at com.kms.katalon.core.common.CommonExecutor.accessTestCaseMainPhase(CommonExecutor.java:65)
	at com.kms.katalon.core.main.TestSuiteExecutor.accessTestSuiteMainPhase(TestSuiteExecutor.java:150)
	at com.kms.katalon.core.main.TestSuiteExecutor.execute(TestSuiteExecutor.java:106)
	at com.kms.katalon.core.main.TestCaseMain.startTestSuite(TestCaseMain.java:180)
	at TempTestSuite1736740835951.run(TempTestSuite1736740835951.groovy:35)
	at java.base/jdk.internal.reflect.NativeMethodAccessorImpl.invoke0(Native Method)
	at java.base/jdk.internal.reflect.NativeMethodAccessorImpl.invoke(NativeMethodAccessorImpl.java:77)
	at java.base/jdk.internal.reflect.DelegatingMethodAccessorImpl.invoke(DelegatingMethodAccessorImpl.java:43)
Caused by: com.kms.katalon.core.exception.StepFailedException: Unable to verify object is present
	... 23 more
Caused by: java.lang.IllegalArgumentException: Object is null
	at com.kms.katalon.core.helper.KeywordHelper.checkTestObjectParameter(KeywordHelper.java:33)
	at com.kms.katalon.core.webui.keyword.builtin.VerifyElementPresentKeyword$_verifyElementPresent_closure1.doCall(VerifyElementPresentKeyword.groovy:76)
	at com.kms.katalon.core.webui.keyword.builtin.VerifyElementPresentKeyword$_verifyElementPresent_closure1.call(VerifyElementPresentKeyword.groovy)
	at com.kms.katalon.core.webui.keyword.internal.WebUIKeywordMain.runKeyword(WebUIKeywordMain.groovy:20)
	... 21 more]]></system-out>
      <system-err><![CDATA[13-01-2025T07:00:40 - [TEST_SUITE][FAILED] - New Test Suite: Test Cases/Сверки дашбордов/Выполнение бизнес-плана сверка дашбордов - Copy FAILED.
Reason:
com.kms.katalon.core.exception.StepFailedException: Unable to verify object is present (Root cause: com.kms.katalon.core.exception.StepFailedException: Unable to verify object is present
	at com.kms.katalon.core.webui.keyword.internal.WebUIKeywordMain.stepFailed(WebUIKeywordMain.groovy:64)
	at com.kms.katalon.core.webui.keyword.internal.WebUIKeywordMain.runKeyword(WebUIKeywordMain.groovy:26)
	at com.kms.katalon.core.webui.keyword.builtin.VerifyElementPresentKeyword.verifyElementPresent(VerifyElementPresentKeyword.groovy:92)
	at com.kms.katalon.core.webui.keyword.builtin.VerifyElementPresentKeyword.execute(VerifyElementPresentKeyword.groovy:68)
	at com.kms.katalon.core.keyword.internal.KeywordExecutor.executeKeywordForPlatform(KeywordExecutor.groovy:74)
	at com.kms.katalon.core.webui.keyword.WebUiBuiltInKeywords.verifyElementPresent(WebUiBuiltInKeywords.groovy:1503)
	at Выполнение бизнес-плана сверка дашбордов - Copy.GetAllPAOData(Выполнение бизнес-плана сверка дашбордов - Copy:862)
	at Выполнение бизнес-плана сверка дашбордов - Copy.run(Выполнение бизнес-плана сверка дашбордов - Copy:362)
	at com.kms.katalon.core.main.ScriptEngine.run(ScriptEngine.java:194)
	at com.kms.katalon.core.main.ScriptEngine.runScriptAsRawText(ScriptEngine.java:119)
	at com.kms.katalon.core.main.TestCaseExecutor.runScript(TestCaseExecutor.java:448)
	at com.kms.katalon.core.main.TestCaseExecutor.doExecute(TestCaseExecutor.java:439)
	at com.kms.katalon.core.main.TestCaseExecutor.processExecutionPhase(TestCaseExecutor.java:418)
	at com.kms.katalon.core.main.TestCaseExecutor.accessMainPhase(TestCaseExecutor.java:410)
	at com.kms.katalon.core.main.TestCaseExecutor.execute(TestCaseExecutor.java:285)
	at com.kms.katalon.core.common.CommonExecutor.accessTestCaseMainPhase(CommonExecutor.java:65)
	at com.kms.katalon.core.main.TestSuiteExecutor.accessTestSuiteMainPhase(TestSuiteExecutor.java:150)
	at com.kms.katalon.core.main.TestSuiteExecutor.execute(TestSuiteExecutor.java:106)
	at com.kms.katalon.core.main.TestCaseMain.startTestSuite(TestCaseMain.java:180)
	at TempTestSuite1736740835951.run(TempTestSuite1736740835951.groovy:35)
	at java.base/jdk.internal.reflect.NativeMethodAccessorImpl.invoke0(Native Method)
	at java.base/jdk.internal.reflect.NativeMethodAccessorImpl.invoke(NativeMethodAccessorImpl.java:77)
	at java.base/jdk.internal.reflect.DelegatingMethodAccessorImpl.invoke(DelegatingMethodAccessorImpl.java:43)
Caused by: java.lang.IllegalArgumentException: Object is null
	at com.kms.katalon.core.helper.KeywordHelper.checkTestObjectParameter(KeywordHelper.java:33)
	at com.kms.katalon.core.webui.keyword.builtin.VerifyElementPresentKeyword$_verifyElementPresent_closure1.doCall(VerifyElementPresentKeyword.groovy:76)
	at com.kms.katalon.core.webui.keyword.builtin.VerifyElementPresentKeyword$_verifyElementPresent_closure1.call(VerifyElementPresentKeyword.groovy)
	at com.kms.katalon.core.webui.keyword.internal.WebUIKeywordMain.runKeyword(WebUIKeywordMain.groovy:20)
	at com.kms.katalon.core.webui.keyword.builtin.VerifyElementPresentKeyword.verifyElementPresent(VerifyElementPresentKeyword.groovy:92)
	at com.kms.katalon.core.webui.keyword.builtin.VerifyElementPresentKeyword.execute(VerifyElementPresentKeyword.groovy:68)
	at com.kms.katalon.core.keyword.internal.KeywordExecutor.executeKeywordForPlatform(KeywordExecutor.groovy:74)
	at com.kms.katalon.core.webui.keyword.WebUiBuiltInKeywords.verifyElementPresent(WebUiBuiltInKeywords.groovy:1503)
	at Script1736739304585.GetAllPAOData(Script1736739304585.groovy:862)
	at Script1736739304585.run(Script1736739304585.groovy:362)
	... 15 more
)
	at com.kms.katalon.core.keyword.internal.KeywordMain.stepFailed(KeywordMain.groovy:39)
	at com.kms.katalon.core.webui.keyword.internal.WebUIKeywordMain.stepFailed(WebUIKeywordMain.groovy:64)
	at com.kms.katalon.core.webui.keyword.internal.WebUIKeywordMain.runKeyword(WebUIKeywordMain.groovy:26)
	at com.kms.katalon.core.webui.keyword.builtin.VerifyElementPresentKeyword.verifyElementPresent(VerifyElementPresentKeyword.groovy:92)
	at com.kms.katalon.core.webui.keyword.builtin.VerifyElementPresentKeyword.execute(VerifyElementPresentKeyword.groovy:68)
	at com.kms.katalon.core.keyword.internal.KeywordExecutor.executeKeywordForPlatform(KeywordExecutor.groovy:74)
	at com.kms.katalon.core.webui.keyword.WebUiBuiltInKeywords.verifyElementPresent(WebUiBuiltInKeywords.groovy:1503)
	at Выполнение бизнес-плана сверка дашбордов - Copy.GetAllPAOData(Выполнение бизнес-плана сверка дашбордов - Copy:862)
	at Выполнение бизнес-плана сверка дашбордов - Copy.run(Выполнение бизнес-плана сверка дашбордов - Copy:362)
	at com.kms.katalon.core.main.ScriptEngine.run(ScriptEngine.java:194)
	at com.kms.katalon.core.main.ScriptEngine.runScriptAsRawText(ScriptEngine.java:119)
	at com.kms.katalon.core.main.TestCaseExecutor.runScript(TestCaseExecutor.java:448)
	at com.kms.katalon.core.main.TestCaseExecutor.doExecute(TestCaseExecutor.java:439)
	at com.kms.katalon.core.main.TestCaseExecutor.processExecutionPhase(TestCaseExecutor.java:418)
	at com.kms.katalon.core.main.TestCaseExecutor.accessMainPhase(TestCaseExecutor.java:410)
	at com.kms.katalon.core.main.TestCaseExecutor.execute(TestCaseExecutor.java:285)
	at com.kms.katalon.core.common.CommonExecutor.accessTestCaseMainPhase(CommonExecutor.java:65)
	at com.kms.katalon.core.main.TestSuiteExecutor.accessTestSuiteMainPhase(TestSuiteExecutor.java:150)
	at com.kms.katalon.core.main.TestSuiteExecutor.execute(TestSuiteExecutor.java:106)
	at com.kms.katalon.core.main.TestCaseMain.startTestSuite(TestCaseMain.java:180)
	at TempTestSuite1736740835951.run(TempTestSuite1736740835951.groovy:35)
	at java.base/jdk.internal.reflect.NativeMethodAccessorImpl.invoke0(Native Method)
	at java.base/jdk.internal.reflect.NativeMethodAccessorImpl.invoke(NativeMethodAccessorImpl.java:77)
	at java.base/jdk.internal.reflect.DelegatingMethodAccessorImpl.invoke(DelegatingMethodAccessorImpl.java:43)
Caused by: com.kms.katalon.core.exception.StepFailedException: Unable to verify object is present
	... 23 more
Caused by: java.lang.IllegalArgumentException: Object is null
	at com.kms.katalon.core.helper.KeywordHelper.checkTestObjectParameter(KeywordHelper.java:33)
	at com.kms.katalon.core.webui.keyword.builtin.VerifyElementPresentKeyword$_verifyElementPresent_closure1.doCall(VerifyElementPresentKeyword.groovy:76)
	at com.kms.katalon.core.webui.keyword.builtin.VerifyElementPresentKeyword$_verifyElementPresent_closure1.call(VerifyElementPresentKeyword.groovy)
	at com.kms.katalon.core.webui.keyword.internal.WebUIKeywordMain.runKeyword(WebUIKeywordMain.groovy:20)
	... 21 more]]></system-err>
   </testsuite>
</testsuites>
